[INFO] Error stacktraces are turned on.
[INFO] Scanning for projects...
[INFO] 
[INFO] ----------------------< commons-net:commons-net >-----------------------
[INFO] Building Commons Net 3.1
[INFO] --------------------------------[ jar ]---------------------------------
[INFO] 
[INFO] --- maven-antrun-plugin:1.6:run (javadoc.resources) @ commons-net ---
[INFO] Executing tasks

main:
     [copy] Copying 2 files to /tmp/tmpzh_zv6g4/commons-net/target/apidocs/META-INF
[INFO] Executed tasks
[INFO] 
[INFO] --- maven-remote-resources-plugin:1.1:process (default) @ commons-net ---
[INFO] Setting property: classpath.resource.loader.class => 'org.codehaus.plexus.velocity.ContextClassLoaderResourceLoader'.
[INFO] Setting property: velocimacro.messages.on => 'false'.
[INFO] Setting property: resource.loader => 'classpath'.
[INFO] Setting property: resource.manager.logwhenfound => 'false'.
[INFO] 
[INFO] --- buildnumber-maven-plugin:1.0:create (default) @ commons-net ---
[INFO] Checking for local modifications: skipped.
[INFO] Updating project files from SCM: skipped.
[INFO] Executing: /bin/sh -c cd /tmp/tmpzh_zv6g4/commons-net && svn --non-interactive info
[INFO] Working directory: /tmp/tmpzh_zv6g4/commons-net
[INFO] Storing buildNumber: ?????? at timestamp: 1596121916632
[INFO] Executing: /bin/sh -c cd /tmp/tmpzh_zv6g4/commons-net && svn --non-interactive info
[INFO] Working directory: /tmp/tmpzh_zv6g4/commons-net
[INFO] Storing buildScmBranch: UNKNOWN_BRANCH
[INFO] 
[INFO] --- maven-resources-plugin:2.5:resources (default-resources) @ commons-net ---
[debug] execute contextualize
[INFO] Using 'iso-8859-1' encoding to copy filtered resources.
[INFO] skip non existing resourceDirectory /tmp/tmpzh_zv6g4/commons-net/src/main/resources
[INFO] Copying 2 resources to META-INF
[INFO] 
[INFO] --- maven-compiler-plugin:2.3.2:compile (default-compile) @ commons-net ---
[INFO] Compiling 199 source files to /tmp/tmpzh_zv6g4/commons-net/target/classes
[INFO] 
[INFO] --- maven-bundle-plugin:2.3.5:manifest (bundle-manifest) @ commons-net ---
[INFO] 
[INFO] --- maven-resources-plugin:2.5:testResources (default-testResources) @ commons-net ---
[debug] execute contextualize
[INFO] Using 'iso-8859-1' encoding to copy filtered resources.
[INFO] skip non existing resourceDirectory /tmp/tmpzh_zv6g4/commons-net/src/test/resources
[INFO] Copying 2 resources to META-INF
[INFO] 
[INFO] --- maven-compiler-plugin:2.3.2:testCompile (default-testCompile) @ commons-net ---
[INFO] Compiling 46 source files to /tmp/tmpzh_zv6g4/commons-net/target/test-classes
[INFO] 
[INFO] --- maven-surefire-plugin:2.9:test (default-test) @ commons-net ---
[INFO] Surefire report directory: /tmp/tmpzh_zv6g4/commons-net/target/surefire-reports

-------------------------------------------------------
 T E S T S
-------------------------------------------------------
Running org.apache.commons.net.SubnetUtilsTest
Tests run: 9, Failures: 0, Errors: 0, Skipped: 0, Time elapsed: 0.099 sec
Running org.apache.commons.net.time.TimeTCPClientTest
Tests run: 2, Failures: 0, Errors: 0, Skipped: 0, Time elapsed: 1.022 sec
Running org.apache.commons.net.ftp.FTPCommandTest
Tests run: 1, Failures: 0, Errors: 0, Skipped: 0, Time elapsed: 0 sec
Running org.apache.commons.net.ftp.TestConnectTimeout
Tests run: 1, Failures: 0, Errors: 0, Skipped: 0, Time elapsed: 1.051 sec
Running org.apache.commons.net.ftp.FTPClientConfigTest
Tests run: 6, Failures: 0, Errors: 0, Skipped: 0, Time elapsed: 0.014 sec
Running org.apache.commons.net.ftp.parser.MVSFTPEntryParserTest
Tests run: 7, Failures: 0, Errors: 0, Skipped: 0, Time elapsed: 0.014 sec
Running org.apache.commons.net.ftp.parser.FTPConfigEntryParserTest
Tests run: 2, Failures: 0, Errors: 0, Skipped: 0, Time elapsed: 0.003 sec
Running org.apache.commons.net.ftp.parser.NTFTPEntryParserTest
Tests run: 11, Failures: 0, Errors: 0, Skipped: 0, Time elapsed: 0.079 sec
Running org.apache.commons.net.ftp.parser.MacOsPeterFTPEntryParserTest
Tests run: 4, Failures: 0, Errors: 0, Skipped: 0, Time elapsed: 0.001 sec
Running org.apache.commons.net.ftp.parser.DefaultFTPFileEntryParserFactoryTest
Tests run: 2, Failures: 0, Errors: 0, Skipped: 0, Time elapsed: 0.019 sec
Running org.apache.commons.net.ftp.parser.NetwareFTPEntryParserTest
Tests run: 4, Failures: 0, Errors: 0, Skipped: 0, Time elapsed: 0.003 sec
Running org.apache.commons.net.ftp.parser.OS2FTPEntryParserTest
Tests run: 4, Failures: 0, Errors: 0, Skipped: 0, Time elapsed: 0.016 sec
Running org.apache.commons.net.ftp.parser.EnterpriseUnixFTPEntryParserTest
Tests run: 4, Failures: 0, Errors: 0, Skipped: 0, Time elapsed: 0.021 sec
Running org.apache.commons.net.ftp.parser.UnixFTPEntryParserTest
Tests run: 14, Failures: 0, Errors: 0, Skipped: 0, Time elapsed: 0.027 sec
Running org.apache.commons.net.ftp.parser.VMSFTPEntryParserTest
Tests run: 6, Failures: 0, Errors: 0, Skipped: 0, Time elapsed: 0.044 sec
Running org.apache.commons.net.ftp.parser.OS400FTPEntryParserTest
Tests run: 6, Failures: 0, Errors: 0, Skipped: 0, Time elapsed: 0.008 sec
Running org.apache.commons.net.ftp.parser.FTPTimestampParserImplTest
Tests run: 14, Failures: 0, Errors: 0, Skipped: 0, Time elapsed: 0.048 sec
Running org.apache.commons.net.imap.IMAPTest
Tests run: 1, Failures: 0, Errors: 0, Skipped: 0, Time elapsed: 0.109 sec
Running org.apache.commons.net.tftp.TFTPTest
Tests run: 6, Failures: 0, Errors: 0, Skipped: 0, Time elapsed: 9.826 sec
Running org.apache.commons.net.tftp.TFTPServerPathTest
Tests run: 3, Failures: 0, Errors: 0, Skipped: 0, Time elapsed: 0.041 sec
Running org.apache.commons.net.ntp.TimeStampTest
Tests run: 3, Failures: 0, Errors: 0, Skipped: 0, Time elapsed: 0.008 sec
Running org.apache.commons.net.io.DotTerminatedMessageReaderTest
Tests run: 12, Failures: 0, Errors: 0, Skipped: 0, Time elapsed: 0.006 sec
Running org.apache.commons.net.telnet.TerminalTypeOptionHandlerTest
Tests run: 5, Failures: 0, Errors: 0, Skipped: 0, Time elapsed: 0.003 sec
Running org.apache.commons.net.telnet.SuppressGAOptionHandlerTest
Tests run: 5, Failures: 0, Errors: 0, Skipped: 0, Time elapsed: 0.005 sec
Running org.apache.commons.net.telnet.EchoOptionHandlerTest
Tests run: 5, Failures: 0, Errors: 0, Skipped: 0, Time elapsed: 0.001 sec
Running org.apache.commons.net.telnet.TelnetClientTest
Tests run: 8, Failures: 0, Errors: 0, Skipped: 0, Time elapsed: 43.746 sec
Running org.apache.commons.net.telnet.InvalidTelnetOptionExceptionTest
Tests run: 1, Failures: 0, Errors: 0, Skipped: 0, Time elapsed: 0 sec
Running org.apache.commons.net.telnet.SimpleOptionHandlerTest
Tests run: 5, Failures: 0, Errors: 0, Skipped: 0, Time elapsed: 0 sec
Running org.apache.commons.net.telnet.TelnetOptionTest
Tests run: 2, Failures: 0, Errors: 0, Skipped: 0, Time elapsed: 0.001 sec
Running org.apache.commons.net.telnet.WindowSizeOptionHandlerTest
Tests run: 6, Failures: 0, Errors: 0, Skipped: 0, Time elapsed: 0 sec

Results :

Tests run: 159, Failures: 0, Errors: 0, Skipped: 0

[INFO] 
[INFO] --- maven-jar-plugin:2.3.2:jar (default-jar) @ commons-net ---
[INFO] Building jar: /tmp/tmpzh_zv6g4/commons-net/target/commons-net-3.1.jar
[INFO] 
[INFO] --- maven-antrun-plugin:1.6:run (default) @ commons-net ---
[INFO] Executing tasks

main:
      [jar] Building jar: /tmp/tmpzh_zv6g4/commons-net/target/commons-net-ftp-3.1.jar
      [jar] Building jar: /tmp/tmpzh_zv6g4/commons-net/target/commons-net-examples-3.1.jar
[INFO] Executed tasks
[INFO] 
[INFO] --- maven-site-plugin:3.0:attach-descriptor (attach-descriptor) @ commons-net ---
[INFO] 
[INFO] --- build-helper-maven-plugin:1.5:attach-artifact (attach-artifacts) @ commons-net ---
[INFO] 
[INFO] --- maven-assembly-plugin:3.2.0:single (default) @ commons-net ---
[INFO] Building jar: /tmp/tmpzh_zv6g4/commons-net/target/commons-net-3.1-jar-with-dependencies.jar
[INFO] ------------------------------------------------------------------------
[INFO] BUILD SUCCESS
[INFO] ------------------------------------------------------------------------
[INFO] Total time:  01:19 min
[INFO] Finished at: 2020-07-30T15:13:08Z
[INFO] ------------------------------------------------------------------------
