[INFO] Error stacktraces are turned on.
[INFO] Scanning for projects...
[INFO] Inspecting build with total of 1 modules...
[INFO] Installing Nexus Staging features:
[INFO]   ... total of 1 executions of maven-deploy-plugin replaced with nexus-staging-maven-plugin
[INFO] 
[INFO] -------------------< org.codehaus.jettison:jettison >-------------------
[INFO] Building Jettison 1.4.2-SNAPSHOT
[INFO] -------------------------------[ bundle ]-------------------------------
[INFO] 
[INFO] --- jacoco-maven-plugin:0.8.5:prepare-agent (default) @ jettison ---
[INFO] argLine set to -javaagent:/home/jdbl/.m2/repository/org/jacoco/org.jacoco.agent/0.8.5/org.jacoco.agent-0.8.5-runtime.jar=destfile=/tmp/tmp4oasvq7m/jettison/target/jacoco.exec
[INFO] 
[INFO] --- maven-resources-plugin:3.1.0:resources (default-resources) @ jettison ---
[WARNING] Using platform encoding (UTF-8 actually) to copy filtered resources, i.e. build is platform dependent!
[INFO] Copying 1 resource
[INFO] 
[INFO] --- maven-compiler-plugin:3.7.0:compile (default-compile) @ jettison ---
[INFO] Changes detected - recompiling the module!
[WARNING] File encoding has not been set, using platform encoding UTF-8, i.e. build is platform dependent!
[INFO] Compiling 38 source files to /tmp/tmp4oasvq7m/jettison/target/classes
[INFO] /tmp/tmp4oasvq7m/jettison/src/main/java/org/codehaus/jettison/json/JSONObject.java: Some input files use unchecked or unsafe operations.
[INFO] /tmp/tmp4oasvq7m/jettison/src/main/java/org/codehaus/jettison/json/JSONObject.java: Recompile with -Xlint:unchecked for details.
[INFO] 
[INFO] --- maven-resources-plugin:3.1.0:testResources (default-testResources) @ jettison ---
[WARNING] Using platform encoding (UTF-8 actually) to copy filtered resources, i.e. build is platform dependent!
[INFO] skip non existing resourceDirectory /tmp/tmp4oasvq7m/jettison/src/test/resources
[INFO] 
[INFO] --- maven-compiler-plugin:3.7.0:testCompile (default-testCompile) @ jettison ---
[INFO] Changes detected - recompiling the module!
[WARNING] File encoding has not been set, using platform encoding UTF-8, i.e. build is platform dependent!
[INFO] Compiling 14 source files to /tmp/tmp4oasvq7m/jettison/target/test-classes
[INFO] /tmp/tmp4oasvq7m/jettison/src/test/java/org/codehaus/jettison/mapped/MappedXMLStreamWriterTest.java: Some input files use unchecked or unsafe operations.
[INFO] /tmp/tmp4oasvq7m/jettison/src/test/java/org/codehaus/jettison/mapped/MappedXMLStreamWriterTest.java: Recompile with -Xlint:unchecked for details.
[INFO] 
[INFO] --- maven-surefire-plugin:2.19.1:test (default-test) @ jettison ---
[INFO] Surefire report directory: /tmp/tmp4oasvq7m/jettison/target/surefire-reports

-------------------------------------------------------
 T E S T S
-------------------------------------------------------
Running org.codehaus.jettison.mapped.DefaultTypeConverterUnenforcedIntegerTest
Tests run: 1, Failures: 0, Errors: 0, Skipped: 0, Time elapsed: 0.353 sec - in org.codehaus.jettison.mapped.DefaultTypeConverterUnenforcedIntegerTest
Running org.codehaus.jettison.mapped.DefaultTypeConverterEnforcedIntegerTest
Tests run: 1, Failures: 0, Errors: 0, Skipped: 0, Time elapsed: 0.001 sec - in org.codehaus.jettison.mapped.DefaultTypeConverterEnforcedIntegerTest
Running org.codehaus.jettison.mapped.MappedDOMTest
Tests run: 4, Failures: 0, Errors: 0, Skipped: 0, Time elapsed: 1.134 sec - in org.codehaus.jettison.mapped.MappedDOMTest
Running org.codehaus.jettison.mapped.MappedXMLStreamReaderTest
Tests run: 28, Failures: 0, Errors: 0, Skipped: 0, Time elapsed: 0.253 sec - in org.codehaus.jettison.mapped.MappedXMLStreamReaderTest
Running org.codehaus.jettison.mapped.BootstrapTypeConverterTest
Tests run: 1, Failures: 0, Errors: 0, Skipped: 0, Time elapsed: 0 sec - in org.codehaus.jettison.mapped.BootstrapTypeConverterTest
Running org.codehaus.jettison.mapped.MappedXMLStreamWriterTest
Tests run: 43, Failures: 0, Errors: 0, Skipped: 0, Time elapsed: 0.046 sec - in org.codehaus.jettison.mapped.MappedXMLStreamWriterTest
Running org.codehaus.jettison.json.JSONObjectTest
Tests run: 13, Failures: 0, Errors: 0, Skipped: 0, Time elapsed: 0 sec - in org.codehaus.jettison.json.JSONObjectTest
Running org.codehaus.jettison.json.JSONArrayTest
["a string with / character",{"key":"http://example.com/foo"}]
Tests run: 4, Failures: 0, Errors: 0, Skipped: 0, Time elapsed: 0.005 sec - in org.codehaus.jettison.json.JSONArrayTest
Running org.codehaus.jettison.badgerfish.BadgerFishDOMTest
Tests run: 7, Failures: 0, Errors: 0, Skipped: 0, Time elapsed: 0.137 sec - in org.codehaus.jettison.badgerfish.BadgerFishDOMTest
Running org.codehaus.jettison.badgerfish.BadgerFishXMLInputFactoryTest
Tests run: 1, Failures: 0, Errors: 0, Skipped: 0, Time elapsed: 0.002 sec - in org.codehaus.jettison.badgerfish.BadgerFishXMLInputFactoryTest
Running org.codehaus.jettison.badgerfish.RoundTripTest
Tests run: 2, Failures: 0, Errors: 0, Skipped: 0, Time elapsed: 0.041 sec - in org.codehaus.jettison.badgerfish.RoundTripTest
Running org.codehaus.jettison.badgerfish.BadgerFishXMLStreamWriterTest
{"Ratings":{"Rating":[{"@id":"100","@value":"3"},{"@id":"200","@value":"4"},{"@id":"300","@value":"5"}]}}
Tests run: 8, Failures: 0, Errors: 0, Skipped: 0, Time elapsed: 0.004 sec - in org.codehaus.jettison.badgerfish.BadgerFishXMLStreamWriterTest
Running org.codehaus.jettison.badgerfish.BadgerFishXMLStreamReaderTest
Tests run: 8, Failures: 0, Errors: 0, Skipped: 0, Time elapsed: 0.019 sec - in org.codehaus.jettison.badgerfish.BadgerFishXMLStreamReaderTest

Results :

Tests run: 121, Failures: 0, Errors: 0, Skipped: 0

[INFO] 
[INFO] --- jacoco-maven-plugin:0.8.5:report (report) @ jettison ---
[INFO] Loading execution data file /tmp/tmp4oasvq7m/jettison/target/jacoco.exec
[INFO] Analyzed bundle 'Jettison' with 337 classes
[INFO] ------------------------------------------------------------------------
[INFO] BUILD SUCCESS
[INFO] ------------------------------------------------------------------------
[INFO] Total time:  25.659 s
[INFO] Finished at: 2020-07-30T21:08:01Z
[INFO] ------------------------------------------------------------------------
