[INFO] Error stacktraces are turned on.
[INFO] Scanning for projects...
[INFO] 
[INFO] ----------------< commons-validator:commons-validator >-----------------
[INFO] Building Commons Validator 1.4.0
[INFO] --------------------------------[ jar ]---------------------------------
[INFO] 
[INFO] --- maven-antrun-plugin:1.6:run (javadoc.resources) @ commons-validator ---
[INFO] Executing tasks

main:
     [copy] Copying 2 files to /tmp/tmp7zo2cy7y/commons-validator/target/apidocs/META-INF
[INFO] Executed tasks
[INFO] 
[INFO] --- maven-remote-resources-plugin:1.1:process (default) @ commons-validator ---
[INFO] Setting property: classpath.resource.loader.class => 'org.codehaus.plexus.velocity.ContextClassLoaderResourceLoader'.
[INFO] Setting property: velocimacro.messages.on => 'false'.
[INFO] Setting property: resource.loader => 'classpath'.
[INFO] Setting property: resource.manager.logwhenfound => 'false'.
[INFO] 
[INFO] --- buildnumber-maven-plugin:1.0:create (default) @ commons-validator ---
[INFO] Checking for local modifications: skipped.
[INFO] Updating project files from SCM: skipped.
[INFO] Executing: /bin/sh -c cd /tmp/tmp7zo2cy7y/commons-validator && svn --non-interactive info
[INFO] Working directory: /tmp/tmp7zo2cy7y/commons-validator
[INFO] Storing buildNumber: ?????? at timestamp: 1596124373578
[INFO] Executing: /bin/sh -c cd /tmp/tmp7zo2cy7y/commons-validator && svn --non-interactive info
[INFO] Working directory: /tmp/tmp7zo2cy7y/commons-validator
[INFO] Storing buildScmBranch: UNKNOWN_BRANCH
[INFO] 
[INFO] --- maven-resources-plugin:2.5:resources (default-resources) @ commons-validator ---
[debug] execute contextualize
[INFO] Using 'iso-8859-1' encoding to copy filtered resources.
[INFO] Copying 2 resources to META-INF
[INFO] Copying 8 resources
[INFO] Copying 14 resources
[INFO] 
[INFO] --- maven-compiler-plugin:2.3.2:compile (default-compile) @ commons-validator ---
[INFO] Compiling 59 source files to /tmp/tmp7zo2cy7y/commons-validator/target/classes
[INFO] 
[INFO] --- maven-bundle-plugin:2.3.5:manifest (bundle-manifest) @ commons-validator ---
[INFO] 
[INFO] --- maven-resources-plugin:2.5:testResources (default-testResources) @ commons-validator ---
[debug] execute contextualize
[INFO] Using 'iso-8859-1' encoding to copy filtered resources.
[INFO] Copying 18 resources
[INFO] Copying 2 resources to META-INF
[INFO] 
[INFO] --- maven-compiler-plugin:2.3.2:testCompile (default-testCompile) @ commons-validator ---
[INFO] Compiling 74 source files to /tmp/tmp7zo2cy7y/commons-validator/target/test-classes
[INFO] 
[INFO] --- maven-surefire-plugin:2.9:test (default-test) @ commons-validator ---
[INFO] Surefire report directory: /tmp/tmp7zo2cy7y/commons-validator/target/surefire-reports

-------------------------------------------------------
 T E S T S
-------------------------------------------------------
Running org.apache.commons.validator.FloatTest
Tests run: 6, Failures: 0, Errors: 0, Skipped: 0, Time elapsed: 0.193 sec
Running org.apache.commons.validator.ExtensionTest
Tests run: 8, Failures: 0, Errors: 0, Skipped: 0, Time elapsed: 0.066 sec
Running org.apache.commons.validator.DoubleTest
Tests run: 6, Failures: 0, Errors: 0, Skipped: 0, Time elapsed: 0.034 sec
Running org.apache.commons.validator.UrlTest
Tests run: 5, Failures: 0, Errors: 0, Skipped: 0, Time elapsed: 0.313 sec
Running org.apache.commons.validator.MultipleTest
Tests run: 8, Failures: 0, Errors: 0, Skipped: 0, Time elapsed: 0.052 sec
Running org.apache.commons.validator.FieldTest
Tests run: 9, Failures: 0, Errors: 0, Skipped: 0, Time elapsed: 0.001 sec
Running org.apache.commons.validator.LocaleTest
Tests run: 5, Failures: 0, Errors: 0, Skipped: 0, Time elapsed: 0.029 sec
Running org.apache.commons.validator.IntegerTest
Tests run: 8, Failures: 0, Errors: 0, Skipped: 0, Time elapsed: 0.043 sec
Running org.apache.commons.validator.EmailTest
Tests run: 10, Failures: 0, Errors: 0, Skipped: 0, Time elapsed: 0.052 sec
Running org.apache.commons.validator.ValidatorResourcesTest
Tests run: 1, Failures: 0, Errors: 0, Skipped: 0, Time elapsed: 0.003 sec
Running org.apache.commons.validator.ExceptionTest
Tests run: 1, Failures: 0, Errors: 0, Skipped: 0, Time elapsed: 0.017 sec
Running org.apache.commons.validator.DateTest
Tests run: 2, Failures: 0, Errors: 0, Skipped: 0, Time elapsed: 0.057 sec
Running org.apache.commons.validator.RetrieveFormTest
Jul 30, 2020 3:52:59 PM org.apache.commons.validator.ValidatorResources getForm
WARNING: Form 'INVALID_NAME' not found for locale 'en_US'
Jul 30, 2020 3:52:59 PM org.apache.commons.validator.ValidatorResources getForm
WARNING: Form 'INVALID_NAME' not found for locale 'fr'
Jul 30, 2020 3:52:59 PM org.apache.commons.validator.ValidatorResources getForm
WARNING: Form 'INVALID_NAME' not found for locale 'fr_FR'
Jul 30, 2020 3:52:59 PM org.apache.commons.validator.ValidatorResources getForm
WARNING: Form 'INVALID_NAME' not found for locale 'en_CA'
Jul 30, 2020 3:52:59 PM org.apache.commons.validator.ValidatorResources getForm
WARNING: Form 'INVALID_NAME' not found for locale 'fr_CA'
Jul 30, 2020 3:52:59 PM org.apache.commons.validator.ValidatorResources getForm
WARNING: Form 'INVALID_NAME' not found for locale 'fr_CA_XXX'
Tests run: 5, Failures: 0, Errors: 0, Skipped: 0, Time elapsed: 0.048 sec
Running org.apache.commons.validator.GenericValidatorTest
Tests run: 2, Failures: 0, Errors: 0, Skipped: 0, Time elapsed: 0 sec
Running org.apache.commons.validator.util.FlagsTest
Tests run: 11, Failures: 0, Errors: 0, Skipped: 0, Time elapsed: 0 sec
Running org.apache.commons.validator.ByteTest
Tests run: 8, Failures: 0, Errors: 0, Skipped: 0, Time elapsed: 0.05 sec
Running org.apache.commons.validator.MultipleConfigFilesTest
Tests run: 5, Failures: 0, Errors: 0, Skipped: 0, Time elapsed: 0.041 sec
Running org.apache.commons.validator.CustomValidatorResourcesTest
Tests run: 1, Failures: 0, Errors: 0, Skipped: 0, Time elapsed: 0.001 sec
Running org.apache.commons.validator.GenericTypeValidatorTest
Tests run: 3, Failures: 0, Errors: 0, Skipped: 0, Time elapsed: 0.033 sec
Running org.apache.commons.validator.EntityImportTest
Tests run: 2, Failures: 0, Errors: 0, Skipped: 0, Time elapsed: 0.014 sec
Running org.apache.commons.validator.VarTest
Tests run: 1, Failures: 0, Errors: 0, Skipped: 0, Time elapsed: 0.006 sec
Running org.apache.commons.validator.ValidatorResultsTest
Tests run: 2, Failures: 0, Errors: 0, Skipped: 0, Time elapsed: 0.013 sec
Running org.apache.commons.validator.routines.EmailValidatorTest
Tests run: 13, Failures: 0, Errors: 0, Skipped: 0, Time elapsed: 0.004 sec
Running org.apache.commons.validator.routines.LongValidatorTest
Tests run: 12, Failures: 0, Errors: 0, Skipped: 0, Time elapsed: 0.092 sec
Running org.apache.commons.validator.routines.DoubleValidatorTest
Tests run: 12, Failures: 0, Errors: 0, Skipped: 0, Time elapsed: 0.009 sec
Running org.apache.commons.validator.routines.FloatValidatorTest
Tests run: 13, Failures: 0, Errors: 0, Skipped: 0, Time elapsed: 0.008 sec
Running org.apache.commons.validator.routines.ShortValidatorTest
Tests run: 12, Failures: 0, Errors: 0, Skipped: 0, Time elapsed: 0.008 sec
Running org.apache.commons.validator.routines.IntegerValidatorTest
Tests run: 12, Failures: 0, Errors: 0, Skipped: 0, Time elapsed: 0.005 sec
Running org.apache.commons.validator.routines.CodeValidatorTest
Tests run: 7, Failures: 0, Errors: 0, Skipped: 0, Time elapsed: 0.005 sec
Running org.apache.commons.validator.routines.CalendarValidatorTest
Tests run: 10, Failures: 0, Errors: 0, Skipped: 0, Time elapsed: 0.037 sec
Running org.apache.commons.validator.routines.CurrencyValidatorTest
Tests run: 6, Failures: 0, Errors: 0, Skipped: 0, Time elapsed: 0.004 sec
Running org.apache.commons.validator.routines.DateValidatorTest
Tests run: 8, Failures: 0, Errors: 0, Skipped: 0, Time elapsed: 0.017 sec
Running org.apache.commons.validator.routines.UrlValidatorTest
Tests run: 9, Failures: 0, Errors: 0, Skipped: 0, Time elapsed: 0.348 sec
Running org.apache.commons.validator.routines.InetAddressValidatorTest
Tests run: 4, Failures: 0, Errors: 0, Skipped: 0, Time elapsed: 0 sec
Running org.apache.commons.validator.routines.RegexValidatorTest
Tests run: 7, Failures: 0, Errors: 0, Skipped: 0, Time elapsed: 0 sec
Running org.apache.commons.validator.routines.BigDecimalValidatorTest
Tests run: 12, Failures: 0, Errors: 0, Skipped: 0, Time elapsed: 0 sec
Running org.apache.commons.validator.routines.CreditCardValidatorTest
Tests run: 14, Failures: 0, Errors: 0, Skipped: 0, Time elapsed: 0 sec
Running org.apache.commons.validator.routines.ISBNValidatorTest
Tests run: 12, Failures: 0, Errors: 0, Skipped: 0, Time elapsed: 0 sec
Running org.apache.commons.validator.routines.TimeValidatorTest
Tests run: 7, Failures: 0, Errors: 0, Skipped: 0, Time elapsed: 0 sec
Running org.apache.commons.validator.routines.PercentValidatorTest
Tests run: 3, Failures: 0, Errors: 0, Skipped: 0, Time elapsed: 0 sec
Running org.apache.commons.validator.routines.BigIntegerValidatorTest
Tests run: 12, Failures: 0, Errors: 0, Skipped: 0, Time elapsed: 0 sec
Running org.apache.commons.validator.routines.ByteValidatorTest
Tests run: 12, Failures: 0, Errors: 0, Skipped: 0, Time elapsed: 0 sec
Running org.apache.commons.validator.routines.DomainValidatorTest
Tests run: 5, Failures: 0, Errors: 0, Skipped: 0, Time elapsed: 0 sec
Running org.apache.commons.validator.routines.checkdigit.CUSIPCheckDigitTest
Tests run: 7, Failures: 0, Errors: 0, Skipped: 0, Time elapsed: 0 sec
Running org.apache.commons.validator.routines.checkdigit.VerhoeffCheckDigitTest
Tests run: 7, Failures: 0, Errors: 0, Skipped: 0, Time elapsed: 0 sec
Running org.apache.commons.validator.routines.checkdigit.IBANCheckDigitTest
Tests run: 7, Failures: 0, Errors: 0, Skipped: 0, Time elapsed: 0 sec
Running org.apache.commons.validator.routines.checkdigit.ABANumberCheckDigitTest
Tests run: 7, Failures: 0, Errors: 0, Skipped: 0, Time elapsed: 0 sec
Running org.apache.commons.validator.routines.checkdigit.SedolCheckDigitTest
Tests run: 7, Failures: 0, Errors: 0, Skipped: 0, Time elapsed: 0 sec
Running org.apache.commons.validator.routines.checkdigit.ISBNCheckDigitTest
Tests run: 8, Failures: 0, Errors: 0, Skipped: 0, Time elapsed: 0 sec
Running org.apache.commons.validator.routines.checkdigit.EAN13CheckDigitTest
Tests run: 7, Failures: 0, Errors: 0, Skipped: 0, Time elapsed: 0 sec
Running org.apache.commons.validator.routines.checkdigit.LuhnCheckDigitTest
Tests run: 7, Failures: 0, Errors: 0, Skipped: 0, Time elapsed: 0 sec
Running org.apache.commons.validator.routines.checkdigit.ISBN10CheckDigitTest
Tests run: 7, Failures: 0, Errors: 0, Skipped: 0, Time elapsed: 0 sec
Running org.apache.commons.validator.routines.checkdigit.ISINCheckDigitTest
Tests run: 7, Failures: 0, Errors: 0, Skipped: 0, Time elapsed: 0 sec
Running org.apache.commons.validator.ParameterTest
Tests run: 1, Failures: 0, Errors: 0, Skipped: 0, Time elapsed: 0 sec
Running org.apache.commons.validator.CreditCardValidatorTest
Tests run: 2, Failures: 0, Errors: 0, Skipped: 0, Time elapsed: 0 sec
Running org.apache.commons.validator.RequiredNameTest
Tests run: 6, Failures: 0, Errors: 0, Skipped: 0, Time elapsed: 0.001 sec
Running org.apache.commons.validator.ISBNValidatorTest
Tests run: 1, Failures: 0, Errors: 0, Skipped: 0, Time elapsed: 0 sec
Running org.apache.commons.validator.LongTest
Tests run: 8, Failures: 0, Errors: 0, Skipped: 0, Time elapsed: 0.021 sec
Running org.apache.commons.validator.ValidatorTest
ValidatorTest.formatDate() - Unparseable date: "2/30/1999"
Tests run: 4, Failures: 0, Errors: 0, Skipped: 0, Time elapsed: 0.003 sec
Running org.apache.commons.validator.RequiredIfTest
Tests run: 5, Failures: 0, Errors: 0, Skipped: 0, Time elapsed: 0.018 sec
Running org.apache.commons.validator.ShortTest
Tests run: 6, Failures: 0, Errors: 0, Skipped: 0, Time elapsed: 0.02 sec

Results :

Tests run: 415, Failures: 0, Errors: 0, Skipped: 0

[INFO] 
[INFO] --- maven-antrun-plugin:1.6:run (javascript.compress) @ commons-validator ---
[WARNING] Parameter tasks is deprecated, use target instead
[INFO] Executing tasks

main:

compress:

compressor-specified:

download-compressor-check:
    [mkdir] Created dir: /tmp/tmp7zo2cy7y/commons-validator/lib

download-compressor:
     [echo] Downloading JavaScript Compressor....
      [get] Getting: http://repo1.maven.org/maven2/org/dojotoolkit/custom_rhino/0.4.3/custom_rhino-0.4.3.jar
      [get] To: /tmp/tmp7zo2cy7y/commons-validator/lib/custom_rhino-0.4.3.jar
      [get] Error opening connection java.io.IOException: Server returned HTTP response code: 501 for URL: http://repo1.maven.org/maven2/org/dojotoolkit/custom_rhino/0.4.3/custom_rhino-0.4.3.jar
      [get] Error opening connection java.io.IOException: Server returned HTTP response code: 501 for URL: http://repo1.maven.org/maven2/org/dojotoolkit/custom_rhino/0.4.3/custom_rhino-0.4.3.jar
      [get] Error opening connection java.io.IOException: Server returned HTTP response code: 501 for URL: http://repo1.maven.org/maven2/org/dojotoolkit/custom_rhino/0.4.3/custom_rhino-0.4.3.jar
      [get] Can't get http://repo1.maven.org/maven2/org/dojotoolkit/custom_rhino/0.4.3/custom_rhino-0.4.3.jar to /tmp/tmp7zo2cy7y/commons-validator/lib/custom_rhino-0.4.3.jar

compress-files:
     [echo] Compressing JavaScript files using lib/custom_rhino-0.4.3.jar
     [echo] Compressing commons-validator-1.4.0.js
     [java] Java Result: 1

compress-file:
     [echo] Compressing validateByte.js
     [java] Java Result: 1

compress-file:
     [echo] Compressing validateCreditCard.js
     [java] Java Result: 1

compress-file:
     [echo] Compressing validateDate.js
     [java] Java Result: 1

compress-file:
     [echo] Compressing validateEmail.js
     [java] Java Result: 1

compress-file:
     [echo] Compressing validateFloat.js
     [java] Java Result: 1

compress-file:
     [echo] Compressing validateFloatRange.js
     [java] Java Result: 1

compress-file:
     [echo] Compressing validateInteger.js
     [java] Java Result: 1

compress-file:
     [echo] Compressing validateIntRange.js
     [java] Java Result: 1

compress-file:
     [echo] Compressing validateMask.js
     [java] Java Result: 1

compress-file:
     [echo] Compressing validateMaxLength.js
     [java] Java Result: 1

compress-file:
     [echo] Compressing validateMinLength.js
     [java] Java Result: 1

compress-file:
     [echo] Compressing validateRequired.js
     [java] Java Result: 1

compress-file:
     [echo] Compressing validateShort.js
     [java] Java Result: 1

compress-file:
     [echo] Compressing validateUtilities.js
     [java] Java Result: 1
[INFO] Executed tasks
[INFO] 
[INFO] --- maven-jar-plugin:2.3.2:jar (default-jar) @ commons-validator ---
[INFO] Building jar: /tmp/tmp7zo2cy7y/commons-validator/target/commons-validator-1.4.0.jar
[INFO] 
[INFO] --- maven-site-plugin:3.0:attach-descriptor (attach-descriptor) @ commons-validator ---
[INFO] 
[INFO] --- maven-assembly-plugin:3.2.0:single (default) @ commons-validator ---
[INFO] Building jar: /tmp/tmp7zo2cy7y/commons-validator/target/commons-validator-1.4.0-jar-with-dependencies.jar
[INFO] ------------------------------------------------------------------------
[INFO] BUILD SUCCESS
[INFO] ------------------------------------------------------------------------
[INFO] Total time:  22.694 s
[INFO] Finished at: 2020-07-30T15:53:10Z
[INFO] ------------------------------------------------------------------------
