[INFO] Error stacktraces are turned on.
[INFO] Scanning for projects...
[INFO] 
[INFO] ----------------------< digicom.pot:digicom-nls >-----------------------
[INFO] Building OpenNLP Example 1.0
[INFO] --------------------------------[ jar ]---------------------------------
[INFO] 
[INFO] --- jacoco-maven-plugin:0.8.5:prepare-agent (default) @ digicom-nls ---
[INFO] argLine set to -javaagent:/home/jdbl/.m2/repository/org/jacoco/org.jacoco.agent/0.8.5/org.jacoco.agent-0.8.5-runtime.jar=destfile=/tmp/tmp12v9wcxp/NLS/target/jacoco.exec
[INFO] 
[INFO] --- maven-resources-plugin:2.6:resources (default-resources) @ digicom-nls ---
[INFO] Using 'UTF-8' encoding to copy filtered resources.
[INFO] Copying 222 resources
[INFO] 
[INFO] --- maven-compiler-plugin:3.2:compile (default-compile) @ digicom-nls ---
[INFO] Changes detected - recompiling the module!
[INFO] Compiling 27 source files to /tmp/tmp12v9wcxp/NLS/target/classes
[INFO] /tmp/tmp12v9wcxp/NLS/src/main/java/opennlp/addons/modelbuilder/DefaultModelBuilderUtil.java: /tmp/tmp12v9wcxp/NLS/src/main/java/opennlp/addons/modelbuilder/DefaultModelBuilderUtil.java uses unchecked or unsafe operations.
[INFO] /tmp/tmp12v9wcxp/NLS/src/main/java/opennlp/addons/modelbuilder/DefaultModelBuilderUtil.java: Recompile with -Xlint:unchecked for details.
[INFO] 
[INFO] --- maven-resources-plugin:2.6:testResources (default-testResources) @ digicom-nls ---
[INFO] Using 'UTF-8' encoding to copy filtered resources.
[INFO] skip non existing resourceDirectory /tmp/tmp12v9wcxp/NLS/src/test/resources
[INFO] 
[INFO] --- maven-compiler-plugin:3.2:testCompile (default-testCompile) @ digicom-nls ---
[INFO] Changes detected - recompiling the module!
[INFO] Compiling 8 source files to /tmp/tmp12v9wcxp/NLS/target/test-classes
[ERROR] /tmp/tmp12v9wcxp/NLS/src/test/java/digicom/pot/nlp/OpenNLPUtilTest.java:[138,90] unmappable character for encoding UTF-8
[INFO] 
[INFO] --- maven-surefire-plugin:2.19.1:test (default-test) @ digicom-nls ---
[INFO] Surefire report directory: /tmp/tmp12v9wcxp/NLS/target/surefire-reports

-------------------------------------------------------
 T E S T S
-------------------------------------------------------
Running digicom.pot.nlp.OpenNLPUtilTest
[main] ERROR digicom.pot.nlp.util.OpenNLPUtil - Inside the Exception =/models/en-sent.bin
[main] INFO digicom.pot.nlp.util.OpenNLPUtil - Loaded files -- java.io.BufferedInputStream@4d5b6aac - resource models/en-sent.bin
[main] ERROR digicom.pot.nlp.util.OpenNLPUtil - Inside the Exception =/models/en-token.bin
[main] INFO digicom.pot.nlp.util.OpenNLPUtil - Loaded files -- java.io.BufferedInputStream@3e84448c - resource models/en-token.bin
[main] ERROR digicom.pot.nlp.util.OpenNLPUtil - Inside the Exception =/models/en-ner-money.bin
[main] INFO digicom.pot.nlp.util.OpenNLPUtil - Loaded files -- java.io.BufferedInputStream@4a7f959b - resource models/en-ner-money.bin
[main] ERROR digicom.pot.nlp.util.OpenNLPUtil - Inside the Exception =/cmodel/colorModel.bin
[main] INFO digicom.pot.nlp.util.OpenNLPUtil - Loaded files -- java.io.BufferedInputStream@429bffaa - resource cmodel/colorModel.bin
[main] ERROR digicom.pot.nlp.util.OpenNLPUtil - Inside the Exception =/brandmodel/brandModel.bin
[main] INFO digicom.pot.nlp.util.OpenNLPUtil - Loaded files -- java.io.BufferedInputStream@5403f35f - resource brandmodel/brandModel.bin
sentence: The whole package.
Tokens:[The, whole, package, .]
sentence: In a smaller package.iPad
Tokens:[In, a, smaller, package, .iPad]
sentence: mini features a beautiful 7.9-inch display, iSight and FaceTime cameras, the A5 chip, ultrafast wireless, and up to 10 hours of battery life.
Tokens:[mini, features, a, beautiful, 7.9-inch, display, ,, iSight, and, FaceTime, cameras, ,, the, A5, chip, ,, ultrafast, wireless, ,, and, up, to, 10, hours, of, battery, life, .]
sentence: And over 275,000 apps on the App Store made for iPad also work with iPad mini.
Tokens:[And, over, 275,000, apps, on, the, App, Store, made, for, iPad, also, work, with, iPad, mini, .]
sentence: So it’s an iPad in every way, shape, and slightly smaller form.
Tokens:[So, it, ’s, an, iPad, in, every, way, ,, shape, ,, and, slightly, smaller, form, .]
sentence: It is available in black & slate or white & silver.
Tokens:[It, is, available, in, black, &, slate, or, white, &, silver, .]
[main] INFO digicom.pot.solr.util.BrandHelper - Brand span:Tops 
[main] INFO digicom.pot.solr.util.BrandHelper - Probability is: 0.9097975557046745
BH : [Tops]
sentence: Tops
Brand: Tops 
=================================================
[main] INFO digicom.pot.solr.util.ColorHelper - color span: chefs 
[main] INFO digicom.pot.solr.util.ColorHelper - Probability is: 0.4438497898654033
[main] INFO digicom.pot.solr.SearchQueryProcessor - Colors:[]
[main] INFO digicom.pot.solr.util.BrandHelper - Brand span:CHEFS 
[main] INFO digicom.pot.solr.util.BrandHelper - Probability is: 0.9897092463890198
[main] INFO digicom.pot.solr.SearchQueryProcessor - Brand:[CHEFS]
[main] INFO digicom.pot.solr.SearchQueryProcessor - Price Filter:{query=CHEFS knife set}
bq=P_Brand%3ACHEFS%5E50&q=CHEFS+knife+set
=================================================
[main] INFO digicom.pot.solr.util.ColorHelper - color span: chefs 
[main] INFO digicom.pot.solr.util.ColorHelper - Probability is: 0.4230063472653262
[main] INFO digicom.pot.solr.SearchQueryProcessor - Colors:[]
[main] INFO digicom.pot.solr.util.BrandHelper - Brand span:CHEFS 
[main] INFO digicom.pot.solr.util.BrandHelper - Probability is: 0.9897092463890198
[main] INFO digicom.pot.solr.SearchQueryProcessor - Brand:[CHEFS]
[main] INFO digicom.pot.solr.SearchQueryProcessor - Price Filter:{query=CHEFS kitchen towels}
bq=P_Brand%3ACHEFS%5E50&q=CHEFS+kitchen+towels
=================================================
[main] INFO digicom.pot.solr.util.ColorHelper - color span: red 
[main] INFO digicom.pot.solr.util.ColorHelper - Probability is: 0.9339784710537666
[main] INFO digicom.pot.solr.SearchQueryProcessor - Colors:[red]
[main] INFO digicom.pot.solr.util.BrandHelper - Brand span:CHEFS 
[main] INFO digicom.pot.solr.util.BrandHelper - Probability is: 0.9897092463890198
[main] INFO digicom.pot.solr.SearchQueryProcessor - Brand:[CHEFS]
[main] INFO digicom.pot.solr.SearchQueryProcessor - Price Filter:{query=CHEFS red bath towels}
bq=P_Brand%3ACHEFS%5E50&q=CHEFS+red+bath+towels&fq=P_Color%3Ared
=================================================
[main] INFO digicom.pot.solr.SearchQueryProcessor - Colors:[]
[main] INFO digicom.pot.solr.util.BrandHelper - Brand span:CHEFS 
[main] INFO digicom.pot.solr.util.BrandHelper - Probability is: 0.7793836888321761
[main] INFO digicom.pot.solr.SearchQueryProcessor - Brand:[CHEFS]
[main] INFO digicom.pot.solr.SearchQueryProcessor - Price Filter:{query=bowl set CHEFS 6 pcs}
bq=P_Brand%3ACHEFS%5E50&q=bowl+set+CHEFS+6+pcs&fq=P_Color%3Ared
=================================================
[main] INFO digicom.pot.solr.util.ColorHelper - color span: u tops 
[main] INFO digicom.pot.solr.util.ColorHelper - Probability is: 0.6643561120072716
[main] INFO digicom.pot.solr.SearchQueryProcessor - Colors:[]
[main] INFO digicom.pot.solr.util.BrandHelper - Brand span:U 
[main] INFO digicom.pot.solr.util.BrandHelper - Probability is: 0.980598713795468
[main] INFO digicom.pot.solr.util.BrandHelper - Brand span:Tops 
[main] INFO digicom.pot.solr.util.BrandHelper - Probability is: 0.5497371621719571
[main] INFO digicom.pot.solr.SearchQueryProcessor - Brand:[U, Tops]
[main] INFO digicom.pot.solr.SearchQueryProcessor - Price Filter:{query=U Tops}
bq=P_Brand%3AU%5E50&q=U+Tops&fq=P_Color%3Ared
=================================================
[main] INFO digicom.pot.solr.util.ColorHelper - color span: white 
[main] INFO digicom.pot.solr.util.ColorHelper - Probability is: 0.9863694607520869
[main] INFO digicom.pot.solr.SearchQueryProcessor - Colors:[white]
[main] INFO digicom.pot.solr.util.BrandHelper - Brand span:U white Tops 
[main] INFO digicom.pot.solr.util.BrandHelper - Probability is: 0.7840634566102948
[main] INFO digicom.pot.solr.SearchQueryProcessor - Brand:[U white Tops]
[main] INFO digicom.pot.solr.SearchQueryProcessor - Price Filter:{query=U white Tops}
bq=P_Brand%3AU+white+Tops%5E50&q=U+white+Tops&fq=P_Color%3Ared&fq=P_Color%3Awhite
=================================================
[main] INFO digicom.pot.solr.util.ColorHelper - color span: red 
[main] INFO digicom.pot.solr.util.ColorHelper - Probability is: 0.9149875799291605
[main] INFO digicom.pot.solr.SearchQueryProcessor - Colors:[red]
[main] INFO digicom.pot.solr.util.BrandHelper - Brand span:U 
[main] INFO digicom.pot.solr.util.BrandHelper - Probability is: 0.976249460971346
[main] INFO digicom.pot.solr.SearchQueryProcessor - Brand:[U]
[main] INFO digicom.pot.solr.SearchQueryProcessor - Price Filter:{filter=[* TO 10], query=U red Tops }
bq=P_Brand%3AU%5E50&q=U+red+Tops+&fq=P_Color%3Ared&fq=P_Color%3Awhite&fq=P_Color%3Ared&fq=P_OfferPrice%3A%5B*+TO+10%5D
=================================================
[main] INFO digicom.pot.solr.util.ColorHelper - color span: pink 
[main] INFO digicom.pot.solr.util.ColorHelper - Probability is: 0.9791963907388515
[main] INFO digicom.pot.solr.SearchQueryProcessor - Colors:[pink]
[main] INFO digicom.pot.solr.util.BrandHelper - Brand span:U 
[main] INFO digicom.pot.solr.util.BrandHelper - Probability is: 0.976249460971346
[main] INFO digicom.pot.solr.SearchQueryProcessor - Brand:[U]
[main] INFO digicom.pot.solr.SearchQueryProcessor - Price Filter:{filter=[* TO 10], query=U pink Tops }
bq=P_Brand%3AU%5E50&q=U+pink+Tops+&fq=P_Color%3Ared&fq=P_Color%3Awhite&fq=P_Color%3Ared&fq=P_OfferPrice%3A%5B*+TO+10%5D&fq=P_Color%3Apink&fq=P_OfferPrice%3A%5B*+TO+10%5D
=================================================
[main] INFO digicom.pot.solr.util.ColorHelper - color span: pink 
[main] INFO digicom.pot.solr.util.ColorHelper - Probability is: 0.9791963907388515
[main] INFO digicom.pot.solr.SearchQueryProcessor - Colors:[pink]
[main] INFO digicom.pot.solr.util.BrandHelper - Brand span:U 
[main] INFO digicom.pot.solr.util.BrandHelper - Probability is: 0.976249460971346
[main] INFO digicom.pot.solr.SearchQueryProcessor - Brand:[U]
[main] INFO digicom.pot.solr.SearchQueryProcessor - Price Filter:{filter=[* TO 10], query=U pink Tops }
bq=P_Brand%3AU%5E50&q=U+pink+Tops+&fq=P_Color%3Ared&fq=P_Color%3Awhite&fq=P_Color%3Ared&fq=P_OfferPrice%3A%5B*+TO+10%5D&fq=P_Color%3Apink&fq=P_OfferPrice%3A%5B*+TO+10%5D&fq=P_Color%3Apink&fq=P_OfferPrice%3A%5B*+TO+10%5D
=================================================
[main] INFO digicom.pot.solr.util.ColorHelper - color span: red 
[main] INFO digicom.pot.solr.util.ColorHelper - Probability is: 0.9762276080553441
[main] INFO digicom.pot.solr.SearchQueryProcessor - Colors:[red]
[main] INFO digicom.pot.solr.util.BrandHelper - Brand span:red Kitchen Towels 
[main] INFO digicom.pot.solr.util.BrandHelper - Probability is: 0.5598170431314339
[main] INFO digicom.pot.solr.SearchQueryProcessor - Brand:[red Kitchen Towels]
[main] INFO digicom.pot.solr.SearchQueryProcessor - Price Filter:{query=red Kitchen Towels}
bq=P_Brand%3Ared+Kitchen+Towels%5E50&q=red+Kitchen+Towels&fq=P_Color%3Ared&fq=P_Color%3Awhite&fq=P_Color%3Ared&fq=P_OfferPrice%3A%5B*+TO+10%5D&fq=P_Color%3Apink&fq=P_OfferPrice%3A%5B*+TO+10%5D&fq=P_Color%3Apink&fq=P_OfferPrice%3A%5B*+TO+10%5D&fq=P_Color%3Ared
=================================================
[main] INFO digicom.pot.solr.util.ColorHelper - color span: red 
[main] INFO digicom.pot.solr.util.ColorHelper - Probability is: 0.9762276080553441
[main] INFO digicom.pot.solr.SearchQueryProcessor - Colors:[red]
[main] INFO digicom.pot.solr.SearchQueryProcessor - Brand:[]
[main] INFO digicom.pot.solr.SearchQueryProcessor - Price Filter:{filter=[* TO 15], query=red Kitchen Towels }
bq=P_Brand%3Ared+Kitchen+Towels%5E50&q=red+Kitchen+Towels+&fq=P_Color%3Ared&fq=P_Color%3Awhite&fq=P_Color%3Ared&fq=P_OfferPrice%3A%5B*+TO+10%5D&fq=P_Color%3Apink&fq=P_OfferPrice%3A%5B*+TO+10%5D&fq=P_Color%3Apink&fq=P_OfferPrice%3A%5B*+TO+10%5D&fq=P_Color%3Ared&fq=P_Color%3Ared&fq=P_OfferPrice%3A%5B*+TO+15%5D
=================================================
[main] INFO digicom.pot.solr.util.ColorHelper - color span: silver 
[main] INFO digicom.pot.solr.util.ColorHelper - Probability is: 0.7284848628233719
[main] INFO digicom.pot.solr.SearchQueryProcessor - Colors:[]
[main] INFO digicom.pot.solr.util.BrandHelper - Brand span:Platinum 
[main] INFO digicom.pot.solr.util.BrandHelper - Probability is: 0.6867563817730372
[main] INFO digicom.pot.solr.SearchQueryProcessor - Brand:[Platinum]
[main] INFO digicom.pot.solr.SearchQueryProcessor - Price Filter:{query=silver Platinum Pets toys}
bq=P_Brand%3APlatinum%5E50&q=silver+Platinum+Pets+toys&fq=P_Color%3Ared&fq=P_Color%3Awhite&fq=P_Color%3Ared&fq=P_OfferPrice%3A%5B*+TO+10%5D&fq=P_Color%3Apink&fq=P_OfferPrice%3A%5B*+TO+10%5D&fq=P_Color%3Apink&fq=P_OfferPrice%3A%5B*+TO+10%5D&fq=P_Color%3Ared&fq=P_Color%3Ared&fq=P_OfferPrice%3A%5B*+TO+15%5D
=================================================
[main] INFO digicom.pot.solr.util.ColorHelper - color span: red 
[main] INFO digicom.pot.solr.util.ColorHelper - Probability is: 0.9715299553118678
[main] INFO digicom.pot.solr.SearchQueryProcessor - Colors:[red]
[main] INFO digicom.pot.solr.SearchQueryProcessor - Brand:[]
[main] INFO digicom.pot.solr.SearchQueryProcessor - Price Filter:{query=red Progear towel}
bq=P_Brand%3APlatinum%5E50&q=red+Progear+towel&fq=P_Color%3Ared&fq=P_Color%3Awhite&fq=P_Color%3Ared&fq=P_OfferPrice%3A%5B*+TO+10%5D&fq=P_Color%3Apink&fq=P_OfferPrice%3A%5B*+TO+10%5D&fq=P_Color%3Apink&fq=P_OfferPrice%3A%5B*+TO+10%5D&fq=P_Color%3Ared&fq=P_Color%3Ared&fq=P_OfferPrice%3A%5B*+TO+15%5D&fq=P_Color%3Ared
=================================================
[main] INFO digicom.pot.solr.util.ColorHelper - color span: red 
[main] INFO digicom.pot.solr.util.ColorHelper - Probability is: 0.9715299553118678
[main] INFO digicom.pot.solr.SearchQueryProcessor - Colors:[red]
[main] INFO digicom.pot.solr.SearchQueryProcessor - Brand:[]
[main] INFO digicom.pot.solr.SearchQueryProcessor - Price Filter:{filter=[* TO 18], query=red Progear towel }
bq=P_Brand%3APlatinum%5E50&q=red+Progear+towel+&fq=P_Color%3Ared&fq=P_Color%3Awhite&fq=P_Color%3Ared&fq=P_OfferPrice%3A%5B*+TO+10%5D&fq=P_Color%3Apink&fq=P_OfferPrice%3A%5B*+TO+10%5D&fq=P_Color%3Apink&fq=P_OfferPrice%3A%5B*+TO+10%5D&fq=P_Color%3Ared&fq=P_Color%3Ared&fq=P_OfferPrice%3A%5B*+TO+15%5D&fq=P_Color%3Ared&fq=P_Color%3Ared&fq=P_OfferPrice%3A%5B*+TO+18%5D
=================================================
[main] INFO digicom.pot.solr.util.ColorHelper - color span: blue 
[main] INFO digicom.pot.solr.util.ColorHelper - Probability is: 0.9770350003500571
[main] INFO digicom.pot.solr.SearchQueryProcessor - Colors:[blue]
[main] INFO digicom.pot.solr.util.BrandHelper - Brand span:Dickies 
[main] INFO digicom.pot.solr.util.BrandHelper - Probability is: 0.7875126056042712
[main] INFO digicom.pot.solr.SearchQueryProcessor - Brand:[Dickies]
[main] INFO digicom.pot.solr.SearchQueryProcessor - Price Filter:{query=Dickies blue pant}
bq=P_Brand%3ADickies%5E50&q=Dickies+blue+pant&fq=P_Color%3Ared&fq=P_Color%3Awhite&fq=P_Color%3Ared&fq=P_OfferPrice%3A%5B*+TO+10%5D&fq=P_Color%3Apink&fq=P_OfferPrice%3A%5B*+TO+10%5D&fq=P_Color%3Apink&fq=P_OfferPrice%3A%5B*+TO+10%5D&fq=P_Color%3Ared&fq=P_Color%3Ared&fq=P_OfferPrice%3A%5B*+TO+15%5D&fq=P_Color%3Ared&fq=P_Color%3Ared&fq=P_OfferPrice%3A%5B*+TO+18%5D&fq=P_Color%3Ablue
=================================================
[main] INFO digicom.pot.solr.util.ColorHelper - color span: dickies 
[main] INFO digicom.pot.solr.util.ColorHelper - Probability is: 0.4230063472653262
[main] INFO digicom.pot.solr.SearchQueryProcessor - Colors:[]
[main] INFO digicom.pot.solr.util.BrandHelper - Brand span:Dickies 
[main] INFO digicom.pot.solr.util.BrandHelper - Probability is: 0.7875126056042712
[main] INFO digicom.pot.solr.SearchQueryProcessor - Brand:[Dickies]
[main] INFO digicom.pot.solr.SearchQueryProcessor - Price Filter:{query=Dickies kids clothes}
bq=P_Brand%3ADickies%5E50&q=Dickies+kids+clothes&fq=P_Color%3Ared&fq=P_Color%3Awhite&fq=P_Color%3Ared&fq=P_OfferPrice%3A%5B*+TO+10%5D&fq=P_Color%3Apink&fq=P_OfferPrice%3A%5B*+TO+10%5D&fq=P_Color%3Apink&fq=P_OfferPrice%3A%5B*+TO+10%5D&fq=P_Color%3Ared&fq=P_Color%3Ared&fq=P_OfferPrice%3A%5B*+TO+15%5D&fq=P_Color%3Ared&fq=P_Color%3Ared&fq=P_OfferPrice%3A%5B*+TO+18%5D&fq=P_Color%3Ablue
=================================================
[main] INFO digicom.pot.solr.util.ColorHelper - color span: black 
[main] INFO digicom.pot.solr.util.ColorHelper - Probability is: 0.9951414495637154
[main] INFO digicom.pot.solr.SearchQueryProcessor - Colors:[black]
[main] INFO digicom.pot.solr.SearchQueryProcessor - Brand:[]
[main] INFO digicom.pot.solr.SearchQueryProcessor - Price Filter:{query=black Dickies thermal inner}
bq=P_Brand%3ADickies%5E50&q=black+Dickies+thermal+inner&fq=P_Color%3Ared&fq=P_Color%3Awhite&fq=P_Color%3Ared&fq=P_OfferPrice%3A%5B*+TO+10%5D&fq=P_Color%3Apink&fq=P_OfferPrice%3A%5B*+TO+10%5D&fq=P_Color%3Apink&fq=P_OfferPrice%3A%5B*+TO+10%5D&fq=P_Color%3Ared&fq=P_Color%3Ared&fq=P_OfferPrice%3A%5B*+TO+15%5D&fq=P_Color%3Ared&fq=P_Color%3Ared&fq=P_OfferPrice%3A%5B*+TO+18%5D&fq=P_Color%3Ablue&fq=P_Color%3Ablack
=================================================
[main] INFO digicom.pot.solr.util.ColorHelper - color span: onyx 
[main] INFO digicom.pot.solr.util.ColorHelper - Probability is: 0.4230063472653262
[main] INFO digicom.pot.solr.SearchQueryProcessor - Colors:[]
[main] INFO digicom.pot.solr.util.BrandHelper - Brand span:Onyx 
[main] INFO digicom.pot.solr.util.BrandHelper - Probability is: 0.9285339788535112
[main] INFO digicom.pot.solr.SearchQueryProcessor - Brand:[Onyx]
[main] INFO digicom.pot.solr.SearchQueryProcessor - Price Filter:{query=Onyx U sweater}
bq=P_Brand%3AOnyx%5E50&q=Onyx+U+sweater&fq=P_Color%3Ared&fq=P_Color%3Awhite&fq=P_Color%3Ared&fq=P_OfferPrice%3A%5B*+TO+10%5D&fq=P_Color%3Apink&fq=P_OfferPrice%3A%5B*+TO+10%5D&fq=P_Color%3Apink&fq=P_OfferPrice%3A%5B*+TO+10%5D&fq=P_Color%3Ared&fq=P_Color%3Ared&fq=P_OfferPrice%3A%5B*+TO+15%5D&fq=P_Color%3Ared&fq=P_Color%3Ared&fq=P_OfferPrice%3A%5B*+TO+18%5D&fq=P_Color%3Ablue&fq=P_Color%3Ablack
=================================================
[main] INFO digicom.pot.solr.util.ColorHelper - color span: onyx sweater 
[main] INFO digicom.pot.solr.util.ColorHelper - Probability is: 0.6551180425750409
[main] INFO digicom.pot.solr.SearchQueryProcessor - Colors:[]
[main] INFO digicom.pot.solr.util.BrandHelper - Brand span:Onyx sweater 
[main] INFO digicom.pot.solr.util.BrandHelper - Probability is: 0.7117471264033142
[main] INFO digicom.pot.solr.SearchQueryProcessor - Brand:[Onyx sweater]
[main] INFO digicom.pot.solr.SearchQueryProcessor - Price Filter:{query=Onyx sweater}
bq=P_Brand%3AOnyx+sweater%5E50&q=Onyx+sweater&fq=P_Color%3Ared&fq=P_Color%3Awhite&fq=P_Color%3Ared&fq=P_OfferPrice%3A%5B*+TO+10%5D&fq=P_Color%3Apink&fq=P_OfferPrice%3A%5B*+TO+10%5D&fq=P_Color%3Apink&fq=P_OfferPrice%3A%5B*+TO+10%5D&fq=P_Color%3Ared&fq=P_Color%3Ared&fq=P_OfferPrice%3A%5B*+TO+15%5D&fq=P_Color%3Ared&fq=P_Color%3Ared&fq=P_OfferPrice%3A%5B*+TO+18%5D&fq=P_Color%3Ablue&fq=P_Color%3Ablack
sentence: DSLR cameras are fast-focusing, allow you to take multiple photos quickly, and compose sharp images in nearly any light.
sentence: With a precision viewfinder and image sensors that are more than 8X larger than smartphone sensors, DSLR cameras let you take pictures that are more detailed and stay sharp when resized.
[main] INFO digicom.pot.solr.util.ColorHelper - color span: red 
[main] INFO digicom.pot.solr.util.ColorHelper - Probability is: 0.9715299553118678
BH : [red]
color: red 
color: under 
sentence: Steve Jobs T-shirt for Men by Levis - New For MEN Size Only
sentence: ipod less than hundred dollars
ipod
less
than
hundred
dollars
Tests run: 7, Failures: 0, Errors: 0, Skipped: 0, Time elapsed: 1.125 sec - in digicom.pot.nlp.OpenNLPUtilTest
Running digicom.pot.solr.util.ColorHelperTest
[main] ERROR digicom.pot.nlp.util.OpenNLPUtil - Inside the Exception =/models/en-sent.bin
[main] INFO digicom.pot.nlp.util.OpenNLPUtil - Loaded files -- java.io.BufferedInputStream@27a9f025 - resource models/en-sent.bin
[main] ERROR digicom.pot.nlp.util.OpenNLPUtil - Inside the Exception =/models/en-token.bin
[main] INFO digicom.pot.nlp.util.OpenNLPUtil - Loaded files -- java.io.BufferedInputStream@71936a92 - resource models/en-token.bin
[main] ERROR digicom.pot.nlp.util.OpenNLPUtil - Inside the Exception =/models/en-ner-money.bin
[main] INFO digicom.pot.nlp.util.OpenNLPUtil - Loaded files -- java.io.BufferedInputStream@61359e87 - resource models/en-ner-money.bin
[main] ERROR digicom.pot.nlp.util.OpenNLPUtil - Inside the Exception =/cmodel/colorModel.bin
[main] INFO digicom.pot.nlp.util.OpenNLPUtil - Loaded files -- java.io.BufferedInputStream@2dc39b53 - resource cmodel/colorModel.bin
[main] ERROR digicom.pot.nlp.util.OpenNLPUtil - Inside the Exception =/brandmodel/brandModel.bin
[main] INFO digicom.pot.nlp.util.OpenNLPUtil - Loaded files -- java.io.BufferedInputStream@45037e16 - resource brandmodel/brandModel.bin
[main] INFO digicom.pot.solr.util.ColorHelper - color span: red 
[main] INFO digicom.pot.solr.util.ColorHelper - Probability is: 0.9616090924254898
[main] INFO digicom.pot.solr.util.ColorHelperTest - Result value : [red]
[main] INFO digicom.pot.solr.util.ColorHelper - color span: green 
[main] INFO digicom.pot.solr.util.ColorHelper - Probability is: 0.9966787744751465
[main] INFO digicom.pot.solr.util.ColorHelperTest - Result value : [green]
Tests run: 1, Failures: 0, Errors: 0, Skipped: 0, Time elapsed: 0.142 sec - in digicom.pot.solr.util.ColorHelperTest
Running digicom.pot.solr.util.BrandHelperTest
[main] ERROR digicom.pot.nlp.util.OpenNLPUtil - Inside the Exception =/models/en-sent.bin
[main] INFO digicom.pot.nlp.util.OpenNLPUtil - Loaded files -- java.io.BufferedInputStream@307cf964 - resource models/en-sent.bin
[main] ERROR digicom.pot.nlp.util.OpenNLPUtil - Inside the Exception =/models/en-token.bin
[main] INFO digicom.pot.nlp.util.OpenNLPUtil - Loaded files -- java.io.BufferedInputStream@374ccb9 - resource models/en-token.bin
[main] ERROR digicom.pot.nlp.util.OpenNLPUtil - Inside the Exception =/models/en-ner-money.bin
[main] INFO digicom.pot.nlp.util.OpenNLPUtil - Loaded files -- java.io.BufferedInputStream@66713605 - resource models/en-ner-money.bin
[main] ERROR digicom.pot.nlp.util.OpenNLPUtil - Inside the Exception =/cmodel/colorModel.bin
[main] INFO digicom.pot.nlp.util.OpenNLPUtil - Loaded files -- java.io.BufferedInputStream@2ab09943 - resource cmodel/colorModel.bin
[main] ERROR digicom.pot.nlp.util.OpenNLPUtil - Inside the Exception =/brandmodel/brandModel.bin
[main] INFO digicom.pot.nlp.util.OpenNLPUtil - Loaded files -- java.io.BufferedInputStream@7d50f2a8 - resource brandmodel/brandModel.bin
[main] INFO digicom.pot.solr.util.BrandHelper - Brand span:Nike 
[main] INFO digicom.pot.solr.util.BrandHelper - Probability is: 0.7875126056042712
[main] INFO digicom.pot.solr.util.BrandHelperTest - Result value : [Nike]
[main] INFO digicom.pot.solr.util.BrandHelper - Brand span:ProGear 
[main] INFO digicom.pot.solr.util.BrandHelper - Probability is: 0.8075003205817376
[main] INFO digicom.pot.solr.util.BrandHelperTest - Result value : [ProGear]
Tests run: 1, Failures: 0, Errors: 0, Skipped: 0, Time elapsed: 0.118 sec - in digicom.pot.solr.util.BrandHelperTest
Running digicom.pot.solr.util.PriceHelperTest
[main] ERROR digicom.pot.nlp.util.OpenNLPUtil - Inside the Exception =/models/en-sent.bin
[main] INFO digicom.pot.nlp.util.OpenNLPUtil - Loaded files -- java.io.BufferedInputStream@b8a144e - resource models/en-sent.bin
[main] ERROR digicom.pot.nlp.util.OpenNLPUtil - Inside the Exception =/models/en-token.bin
[main] INFO digicom.pot.nlp.util.OpenNLPUtil - Loaded files -- java.io.BufferedInputStream@5fb8dc01 - resource models/en-token.bin
[main] ERROR digicom.pot.nlp.util.OpenNLPUtil - Inside the Exception =/models/en-ner-money.bin
[main] INFO digicom.pot.nlp.util.OpenNLPUtil - Loaded files -- java.io.BufferedInputStream@3e38c472 - resource models/en-ner-money.bin
[main] ERROR digicom.pot.nlp.util.OpenNLPUtil - Inside the Exception =/cmodel/colorModel.bin
[main] INFO digicom.pot.nlp.util.OpenNLPUtil - Loaded files -- java.io.BufferedInputStream@2ee92e7d - resource cmodel/colorModel.bin
[main] ERROR digicom.pot.nlp.util.OpenNLPUtil - Inside the Exception =/brandmodel/brandModel.bin
[main] INFO digicom.pot.nlp.util.OpenNLPUtil - Loaded files -- java.io.BufferedInputStream@759a678a - resource brandmodel/brandModel.bin
[main] INFO digicom.pot.solr.util.PriceHelperTest - Result value : {filter=[* TO 10], query=Camera }
[main] INFO digicom.pot.solr.util.PriceHelperTest - Result value : {filter=[10 TO *], query=Camera }
[main] INFO digicom.pot.solr.util.PriceHelperTest - Result value : {filter=[* TO 20], query=red tshirt }
[main] INFO digicom.pot.solr.util.PriceHelperTest - Result value : {filter=[20 TO *], query=toys price }
[main] INFO digicom.pot.solr.util.PriceHelperTest - Result value : {query=Camera with good battery life}
Tests run: 1, Failures: 0, Errors: 0, Skipped: 0, Time elapsed: 0.116 sec - in digicom.pot.solr.util.PriceHelperTest
Running digicom.pot.solr.SolrCustomSearcherTest
Tests run: 1, Failures: 0, Errors: 0, Skipped: 0, Time elapsed: 0 sec - in digicom.pot.solr.SolrCustomSearcherTest

Results :

Tests run: 11, Failures: 0, Errors: 0, Skipped: 0

[INFO] 
[INFO] --- jacoco-maven-plugin:0.8.5:report (report) @ digicom-nls ---
[INFO] Loading execution data file /tmp/tmp12v9wcxp/NLS/target/jacoco.exec
[INFO] Analyzed bundle 'OpenNLP Example' with 591 classes
[INFO] ------------------------------------------------------------------------
[INFO] BUILD SUCCESS
[INFO] ------------------------------------------------------------------------
[INFO] Total time:  16.274 s
[INFO] Finished at: 2020-07-30T15:37:16Z
[INFO] ------------------------------------------------------------------------
