[INFO] Error stacktraces are turned on.
[INFO] Scanning for projects...
[INFO] 
[INFO] ------------------------< com.xebia:dev-radar >-------------------------
[INFO] Building Dev Radar 1.0-SNAPSHOT
[INFO] --------------------------------[ war ]---------------------------------
[INFO] 
[INFO] --- jacoco-maven-plugin:0.8.5:prepare-agent (default) @ dev-radar ---
[INFO] argLine set to -javaagent:/home/jdbl/.m2/repository/org/jacoco/org.jacoco.agent/0.8.5/org.jacoco.agent-0.8.5-runtime.jar=destfile=/tmp/tmp5tu1g8ma/dev-radar/target/jacoco.exec
[INFO] 
[INFO] --- maven-resources-plugin:2.4.3:resources (default-resources) @ dev-radar ---
[INFO] Using 'UTF-8' encoding to copy filtered resources.
[INFO] skip non existing resourceDirectory /tmp/tmp5tu1g8ma/dev-radar/src/main/resources
[INFO] 
[INFO] --- maven-compiler-plugin:2.3.2:compile (default-compile) @ dev-radar ---
[INFO] Compiling 9 source files to /tmp/tmp5tu1g8ma/dev-radar/target/classes
[INFO] 
[INFO] --- maven-resources-plugin:2.4.3:testResources (default-testResources) @ dev-radar ---
[INFO] Using 'UTF-8' encoding to copy filtered resources.
[INFO] Copying 21 resources
[INFO] 
[INFO] --- maven-compiler-plugin:2.3.2:testCompile (default-testCompile) @ dev-radar ---
[INFO] Compiling 6 source files to /tmp/tmp5tu1g8ma/dev-radar/target/test-classes
[INFO] 
[INFO] --- maven-surefire-plugin:2.19.1:test (default-test) @ dev-radar ---
[INFO] Surefire report directory: /tmp/tmp5tu1g8ma/dev-radar/target/surefire-reports

-------------------------------------------------------
 T E S T S
-------------------------------------------------------
Running com.xebia.devradar.EventTest
Tests run: 2, Failures: 0, Errors: 0, Skipped: 0, Time elapsed: 0.547 sec - in com.xebia.devradar.EventTest
Running com.xebia.devradar.GitHubFetcherTest
Tests run: 5, Failures: 0, Errors: 0, Skipped: 0, Time elapsed: 3.357 sec - in com.xebia.devradar.GitHubFetcherTest
Running com.xebia.devradar.TimelineTest
Tests run: 4, Failures: 0, Errors: 0, Skipped: 0, Time elapsed: 0.041 sec - in com.xebia.devradar.TimelineTest
Running com.xebia.devradar.WorkspaceTest
Tests run: 2, Failures: 0, Errors: 0, Skipped: 0, Time elapsed: 1.034 sec - in com.xebia.devradar.WorkspaceTest
Running com.xebia.devradar.HudsonFetcherTest
Tests run: 14, Failures: 0, Errors: 0, Skipped: 0, Time elapsed: 1.633 sec - in com.xebia.devradar.HudsonFetcherTest

Results :

Tests run: 27, Failures: 0, Errors: 0, Skipped: 0

[INFO] 
[INFO] --- jacoco-maven-plugin:0.8.5:report (report) @ dev-radar ---
[INFO] Loading execution data file /tmp/tmp5tu1g8ma/dev-radar/target/jacoco.exec
[INFO] Analyzed bundle 'Dev Radar' with 34 classes
[INFO] ------------------------------------------------------------------------
[INFO] BUILD SUCCESS
[INFO] ------------------------------------------------------------------------
[INFO] Total time:  01:50 min
[INFO] Finished at: 2020-07-30T21:28:25Z
[INFO] ------------------------------------------------------------------------
