[INFO] Error stacktraces are turned on.
[INFO] Scanning for projects...
[INFO] 
[INFO] -------------------< me.desair.tus:tus-java-server >--------------------
[INFO] Building me.desair.tus:tus-java-server 1.0.0-2.1-SNAPSHOT
[INFO] --------------------------------[ jar ]---------------------------------
[INFO] 
[INFO] --- jacoco-maven-plugin:0.8.5:prepare-agent (default) @ tus-java-server ---
[INFO] argLine set to -javaagent:/home/jdbl/.m2/repository/org/jacoco/org.jacoco.agent/0.8.5/org.jacoco.agent-0.8.5-runtime.jar=destfile=/tmp/tmpqeybmde6/tus-java-server/target/jacoco.exec
[INFO] 
[INFO] --- maven-resources-plugin:2.6:resources (default-resources) @ tus-java-server ---
[INFO] Using 'UTF-8' encoding to copy filtered resources.
[INFO] skip non existing resourceDirectory /tmp/tmpqeybmde6/tus-java-server/src/main/resources
[INFO] 
[INFO] --- maven-compiler-plugin:3.1:compile (default-compile) @ tus-java-server ---
[INFO] Changes detected - recompiling the module!
[INFO] Compiling 91 source files to /tmp/tmpqeybmde6/tus-java-server/target/classes
[INFO] 
[INFO] --- maven-resources-plugin:2.6:testResources (default-testResources) @ tus-java-server ---
[INFO] Using 'UTF-8' encoding to copy filtered resources.
[INFO] Copying 1 resource
[INFO] 
[INFO] --- maven-compiler-plugin:3.1:testCompile (default-testCompile) @ tus-java-server ---
[INFO] Changes detected - recompiling the module!
[INFO] Compiling 53 source files to /tmp/tmpqeybmde6/tus-java-server/target/test-classes
[WARNING] /tmp/tmpqeybmde6/tus-java-server/src/test/java/me/desair/tus/server/creation/ITCreationExtension.java: /tmp/tmpqeybmde6/tus-java-server/src/test/java/me/desair/tus/server/creation/ITCreationExtension.java uses or overrides a deprecated API.
[WARNING] /tmp/tmpqeybmde6/tus-java-server/src/test/java/me/desair/tus/server/creation/ITCreationExtension.java: Recompile with -Xlint:deprecation for details.
[INFO] 
[INFO] --- maven-surefire-plugin:2.19.1:test (default-test) @ tus-java-server ---
[INFO] Surefire report directory: /tmp/tmpqeybmde6/tus-java-server/target/surefire-reports

-------------------------------------------------------
 T E S T S
-------------------------------------------------------
Running me.desair.tus.server.concatenation.ConcatenationHeadRequestHandlerTest
Tests run: 5, Failures: 0, Errors: 0, Skipped: 0, Time elapsed: 0.597 sec - in me.desair.tus.server.concatenation.ConcatenationHeadRequestHandlerTest
Running me.desair.tus.server.concatenation.validation.NoUploadLengthOnFinalValidatorTest
Tests run: 5, Failures: 0, Errors: 0, Skipped: 0, Time elapsed: 0 sec - in me.desair.tus.server.concatenation.validation.NoUploadLengthOnFinalValidatorTest
Running me.desair.tus.server.concatenation.validation.PartialUploadsExistValidatorTest
Tests run: 6, Failures: 0, Errors: 0, Skipped: 0, Time elapsed: 0 sec - in me.desair.tus.server.concatenation.validation.PartialUploadsExistValidatorTest
Running me.desair.tus.server.concatenation.validation.PatchFinalUploadValidatorTest
Tests run: 4, Failures: 0, Errors: 0, Skipped: 0, Time elapsed: 0.002 sec - in me.desair.tus.server.concatenation.validation.PatchFinalUploadValidatorTest
Running me.desair.tus.server.concatenation.ConcatenationPostRequestHandlerTest
Tests run: 5, Failures: 0, Errors: 0, Skipped: 0, Time elapsed: 0.004 sec - in me.desair.tus.server.concatenation.ConcatenationPostRequestHandlerTest
Running me.desair.tus.server.concatenation.ConcatenationOptionsRequestHandlerTest
Tests run: 2, Failures: 0, Errors: 0, Skipped: 0, Time elapsed: 0.003 sec - in me.desair.tus.server.concatenation.ConcatenationOptionsRequestHandlerTest
Running me.desair.tus.server.checksum.validation.ChecksumAlgorithmValidatorTest
Tests run: 4, Failures: 0, Errors: 0, Skipped: 0, Time elapsed: 0.346 sec - in me.desair.tus.server.checksum.validation.ChecksumAlgorithmValidatorTest
Running me.desair.tus.server.checksum.ChecksumOptionsRequestHandlerTest
Tests run: 2, Failures: 0, Errors: 0, Skipped: 0, Time elapsed: 0 sec - in me.desair.tus.server.checksum.ChecksumOptionsRequestHandlerTest
Running me.desair.tus.server.checksum.ChecksumAlgorithmTest
Tests run: 4, Failures: 0, Errors: 0, Skipped: 0, Time elapsed: 0.001 sec - in me.desair.tus.server.checksum.ChecksumAlgorithmTest
Running me.desair.tus.server.checksum.ChecksumPatchRequestHandlerTest
Tests run: 5, Failures: 0, Errors: 0, Skipped: 0, Time elapsed: 0.135 sec - in me.desair.tus.server.checksum.ChecksumPatchRequestHandlerTest
Running me.desair.tus.server.core.CoreOptionsRequestHandlerTest
Tests run: 3, Failures: 0, Errors: 0, Skipped: 0, Time elapsed: 0.001 sec - in me.desair.tus.server.core.CoreOptionsRequestHandlerTest
Running me.desair.tus.server.core.validation.HttpMethodValidatorTest
Tests run: 3, Failures: 0, Errors: 0, Skipped: 0, Time elapsed: 0.001 sec - in me.desair.tus.server.core.validation.HttpMethodValidatorTest
Running me.desair.tus.server.core.validation.ContentLengthValidatorTest
Tests run: 9, Failures: 0, Errors: 0, Skipped: 0, Time elapsed: 0.004 sec - in me.desair.tus.server.core.validation.ContentLengthValidatorTest
Running me.desair.tus.server.core.validation.UploadOffsetValidatorTest
Tests run: 7, Failures: 0, Errors: 0, Skipped: 0, Time elapsed: 0.004 sec - in me.desair.tus.server.core.validation.UploadOffsetValidatorTest
Running me.desair.tus.server.core.validation.IdExistsValidatorTest
Tests run: 3, Failures: 0, Errors: 0, Skipped: 0, Time elapsed: 0.001 sec - in me.desair.tus.server.core.validation.IdExistsValidatorTest
Running me.desair.tus.server.core.validation.ContentTypeValidatorTest
Tests run: 4, Failures: 0, Errors: 0, Skipped: 0, Time elapsed: 0.028 sec - in me.desair.tus.server.core.validation.ContentTypeValidatorTest
Running me.desair.tus.server.core.validation.TusResumableValidatorTest
Tests run: 5, Failures: 0, Errors: 0, Skipped: 0, Time elapsed: 0.003 sec - in me.desair.tus.server.core.validation.TusResumableValidatorTest
Running me.desair.tus.server.core.CoreHeadRequestHandlerTest
Tests run: 4, Failures: 0, Errors: 0, Skipped: 0, Time elapsed: 0.004 sec - in me.desair.tus.server.core.CoreHeadRequestHandlerTest
Running me.desair.tus.server.core.CoreDefaultResponseHeadersHandlerTest
Tests run: 2, Failures: 0, Errors: 0, Skipped: 0, Time elapsed: 0.002 sec - in me.desair.tus.server.core.CoreDefaultResponseHeadersHandlerTest
Running me.desair.tus.server.core.CorePatchRequestHandlerTest
613 [main] ERROR CorePatchRequestHandler - The patch request handler could not find the upload for URL . This means something is really wrong the request validators!
617 [main] INFO CorePatchRequestHandler - Upload with ID b9e60b9f-8a1f-44ff-a95b-a5e746b5af3d at location  finished successfully
619 [main] ERROR CorePatchRequestHandler - The patch request handler could not find the upload for URL . This means something is really wrong the request validators!
Tests run: 5, Failures: 0, Errors: 0, Skipped: 0, Time elapsed: 0.013 sec - in me.desair.tus.server.core.CorePatchRequestHandlerTest
Running me.desair.tus.server.creation.validation.UploadLengthValidatorTest
Tests run: 6, Failures: 0, Errors: 0, Skipped: 0, Time elapsed: 0.002 sec - in me.desair.tus.server.creation.validation.UploadLengthValidatorTest
Running me.desair.tus.server.creation.validation.PostEmptyRequestValidatorTest
Tests run: 4, Failures: 0, Errors: 0, Skipped: 0, Time elapsed: 0 sec - in me.desair.tus.server.creation.validation.PostEmptyRequestValidatorTest
Running me.desair.tus.server.creation.validation.UploadDeferLengthValidatorTest
Tests run: 8, Failures: 0, Errors: 0, Skipped: 0, Time elapsed: 0.002 sec - in me.desair.tus.server.creation.validation.UploadDeferLengthValidatorTest
Running me.desair.tus.server.creation.validation.PostURIValidatorTest
Tests run: 6, Failures: 0, Errors: 0, Skipped: 0, Time elapsed: 0.003 sec - in me.desair.tus.server.creation.validation.PostURIValidatorTest
Running me.desair.tus.server.creation.CreationHeadRequestHandlerTest
Tests run: 5, Failures: 0, Errors: 0, Skipped: 0, Time elapsed: 0.002 sec - in me.desair.tus.server.creation.CreationHeadRequestHandlerTest
Running me.desair.tus.server.creation.CreationPostRequestHandlerTest
639 [main] INFO CreationPostRequestHandler - Created upload with ID 6aa3c2de-b1a1-40f2-85a9-05cdfa1c540c at 1596452921429 for ip address 127.0.0.1 with location /test/upload/6aa3c2de-b1a1-40f2-85a9-05cdfa1c540c
642 [main] INFO CreationPostRequestHandler - Created upload with ID 8da435af-2b47-4a97-a1e8-ef8a7590a549 at 1596452921431 for ip address 127.0.0.1 with location /test/upload/8da435af-2b47-4a97-a1e8-ef8a7590a549
643 [main] INFO CreationPostRequestHandler - Created upload with ID 51a49a18-09bc-4903-99cd-5bfe61964abf at 1596452921432 for ip address 127.0.0.1 with location /test/upload/51a49a18-09bc-4903-99cd-5bfe61964abf
644 [main] INFO CreationPostRequestHandler - Created upload with ID 7f955fb5-3b52-4139-b0d5-eaebdeb55655 at 1596452921434 for ip address 127.0.0.1 with location /test/upload/7f955fb5-3b52-4139-b0d5-eaebdeb55655
Tests run: 5, Failures: 0, Errors: 0, Skipped: 0, Time elapsed: 0.007 sec - in me.desair.tus.server.creation.CreationPostRequestHandlerTest
Running me.desair.tus.server.creation.CreationPatchRequestHandlerTest
649 [main] ERROR CreationPatchRequestHandler - The patch request handler could not find the upload for URL . This means something is really wrong the request validators!
me.desair.tus.server.exception.UploadNotFoundException: test
	at me.desair.tus.server.creation.CreationPatchRequestHandler.process(CreationPatchRequestHandler.java:44)
	at me.desair.tus.server.creation.CreationPatchRequestHandlerTest.processAppendNotFound(CreationPatchRequestHandlerTest.java:145)
	at sun.reflect.NativeMethodAccessorImpl.invoke0(Native Method)
	at sun.reflect.NativeMethodAccessorImpl.invoke(NativeMethodAccessorImpl.java:62)
	at sun.reflect.DelegatingMethodAccessorImpl.invoke(DelegatingMethodAccessorImpl.java:43)
	at java.lang.reflect.Method.invoke(Method.java:498)
	at org.junit.runners.model.FrameworkMethod$1.runReflectiveCall(FrameworkMethod.java:50)
	at org.junit.internal.runners.model.ReflectiveCallable.run(ReflectiveCallable.java:12)
	at org.junit.runners.model.FrameworkMethod.invokeExplosively(FrameworkMethod.java:47)
	at org.junit.internal.runners.statements.InvokeMethod.evaluate(InvokeMethod.java:17)
	at org.junit.internal.runners.statements.RunBefores.evaluate(RunBefores.java:26)
	at org.junit.runners.ParentRunner.runLeaf(ParentRunner.java:325)
	at org.junit.runners.BlockJUnit4ClassRunner.runChild(BlockJUnit4ClassRunner.java:78)
	at org.junit.runners.BlockJUnit4ClassRunner.runChild(BlockJUnit4ClassRunner.java:57)
	at org.junit.runners.ParentRunner$3.run(ParentRunner.java:290)
	at org.junit.runners.ParentRunner$1.schedule(ParentRunner.java:71)
	at org.junit.runners.ParentRunner.runChildren(ParentRunner.java:288)
	at org.junit.runners.ParentRunner.access$000(ParentRunner.java:58)
	at org.junit.runners.ParentRunner$2.evaluate(ParentRunner.java:268)
	at org.junit.runners.ParentRunner.run(ParentRunner.java:363)
	at org.mockito.internal.runners.DefaultInternalRunner$1.run(DefaultInternalRunner.java:79)
	at org.mockito.internal.runners.DefaultInternalRunner.run(DefaultInternalRunner.java:85)
	at org.mockito.junit.MockitoJUnitRunner.run(MockitoJUnitRunner.java:163)
	at org.apache.maven.surefire.junit4.JUnit4Provider.execute(JUnit4Provider.java:367)
	at org.apache.maven.surefire.junit4.JUnit4Provider.executeWithRerun(JUnit4Provider.java:274)
	at org.apache.maven.surefire.junit4.JUnit4Provider.executeTestSet(JUnit4Provider.java:238)
	at org.apache.maven.surefire.junit4.JUnit4Provider.invoke(JUnit4Provider.java:161)
	at org.apache.maven.surefire.booter.ForkedBooter.invokeProviderInSameClassLoader(ForkedBooter.java:290)
	at org.apache.maven.surefire.booter.ForkedBooter.runSuitesInProcess(ForkedBooter.java:242)
	at org.apache.maven.surefire.booter.ForkedBooter.main(ForkedBooter.java:121)
Tests run: 7, Failures: 0, Errors: 0, Skipped: 0, Time elapsed: 0.061 sec - in me.desair.tus.server.creation.CreationPatchRequestHandlerTest
Running me.desair.tus.server.creation.CreationOptionsRequestHandlerTest
Tests run: 2, Failures: 0, Errors: 0, Skipped: 0, Time elapsed: 0 sec - in me.desair.tus.server.creation.CreationOptionsRequestHandlerTest
Running me.desair.tus.server.HttpMethodTest
Tests run: 7, Failures: 0, Errors: 0, Skipped: 0, Time elapsed: 0 sec - in me.desair.tus.server.HttpMethodTest
Running me.desair.tus.server.util.TusServletResponseTest
Tests run: 7, Failures: 0, Errors: 0, Skipped: 0, Time elapsed: 0.021 sec - in me.desair.tus.server.util.TusServletResponseTest
Running me.desair.tus.server.util.HttpChunkedEncodingInputStreamTest
Tests run: 13, Failures: 0, Errors: 0, Skipped: 0, Time elapsed: 0.009 sec - in me.desair.tus.server.util.HttpChunkedEncodingInputStreamTest
Running me.desair.tus.server.download.DownloadGetRequestHandlerTest
Tests run: 5, Failures: 0, Errors: 0, Skipped: 0, Time elapsed: 0.05 sec - in me.desair.tus.server.download.DownloadGetRequestHandlerTest
Running me.desair.tus.server.download.DownloadOptionsRequestHandlerTest
Tests run: 2, Failures: 0, Errors: 0, Skipped: 0, Time elapsed: 0.001 sec - in me.desair.tus.server.download.DownloadOptionsRequestHandlerTest
Running me.desair.tus.server.expiration.ExpirationRequestHandlerTest
Tests run: 8, Failures: 0, Errors: 0, Skipped: 0, Time elapsed: 0.003 sec - in me.desair.tus.server.expiration.ExpirationRequestHandlerTest
Running me.desair.tus.server.expiration.ExpirationOptionsRequestHandlerTest
Tests run: 2, Failures: 0, Errors: 0, Skipped: 0, Time elapsed: 0.001 sec - in me.desair.tus.server.expiration.ExpirationOptionsRequestHandlerTest
Running me.desair.tus.server.upload.disk.FileBasedLockTest
Tests run: 5, Failures: 0, Errors: 0, Skipped: 0, Time elapsed: 1.036 sec - in me.desair.tus.server.upload.disk.FileBasedLockTest
Running me.desair.tus.server.upload.disk.ExpiredUploadFilterTest
Tests run: 6, Failures: 0, Errors: 0, Skipped: 0, Time elapsed: 0.085 sec - in me.desair.tus.server.upload.disk.ExpiredUploadFilterTest
Running me.desair.tus.server.upload.disk.DiskStorageServiceTest
Tests run: 20, Failures: 0, Errors: 0, Skipped: 0, Time elapsed: 0.772 sec - in me.desair.tus.server.upload.disk.DiskStorageServiceTest
Running me.desair.tus.server.upload.disk.DiskLockingServiceTest
Tests run: 5, Failures: 0, Errors: 0, Skipped: 0, Time elapsed: 0.01 sec - in me.desair.tus.server.upload.disk.DiskLockingServiceTest
Running me.desair.tus.server.upload.concatenation.VirtualConcatenationServiceTest
Tests run: 9, Failures: 0, Errors: 0, Skipped: 0, Time elapsed: 0.012 sec - in me.desair.tus.server.upload.concatenation.VirtualConcatenationServiceTest
Running me.desair.tus.server.upload.concatenation.UploadInputStreamEnumerationTest
2728 [main] ERROR UploadInputStreamEnumeration - Error while retrieving input stream for upload with ID 0fecedc9-b07a-4e9c-9b88-d5701579836d
java.io.IOException: Test
	at me.desair.tus.server.upload.concatenation.UploadInputStreamEnumeration.getNextInputStream(UploadInputStreamEnumeration.java:63)
	at me.desair.tus.server.upload.concatenation.UploadInputStreamEnumeration.hasMoreElements(UploadInputStreamEnumeration.java:38)
	at me.desair.tus.server.upload.concatenation.UploadInputStreamEnumerationTest.hasMoreElementsException(UploadInputStreamEnumerationTest.java:82)
	at sun.reflect.NativeMethodAccessorImpl.invoke0(Native Method)
	at sun.reflect.NativeMethodAccessorImpl.invoke(NativeMethodAccessorImpl.java:62)
	at sun.reflect.DelegatingMethodAccessorImpl.invoke(DelegatingMethodAccessorImpl.java:43)
	at java.lang.reflect.Method.invoke(Method.java:498)
	at org.junit.runners.model.FrameworkMethod$1.runReflectiveCall(FrameworkMethod.java:50)
	at org.junit.internal.runners.model.ReflectiveCallable.run(ReflectiveCallable.java:12)
	at org.junit.runners.model.FrameworkMethod.invokeExplosively(FrameworkMethod.java:47)
	at org.junit.internal.runners.statements.InvokeMethod.evaluate(InvokeMethod.java:17)
	at org.junit.runners.ParentRunner.runLeaf(ParentRunner.java:325)
	at org.junit.runners.BlockJUnit4ClassRunner.runChild(BlockJUnit4ClassRunner.java:78)
	at org.junit.runners.BlockJUnit4ClassRunner.runChild(BlockJUnit4ClassRunner.java:57)
	at org.junit.runners.ParentRunner$3.run(ParentRunner.java:290)
	at org.junit.runners.ParentRunner$1.schedule(ParentRunner.java:71)
	at org.junit.runners.ParentRunner.runChildren(ParentRunner.java:288)
	at org.junit.runners.ParentRunner.access$000(ParentRunner.java:58)
	at org.junit.runners.ParentRunner$2.evaluate(ParentRunner.java:268)
	at org.junit.runners.ParentRunner.run(ParentRunner.java:363)
	at org.mockito.internal.runners.DefaultInternalRunner$1.run(DefaultInternalRunner.java:79)
	at org.mockito.internal.runners.DefaultInternalRunner.run(DefaultInternalRunner.java:85)
	at org.mockito.junit.MockitoJUnitRunner.run(MockitoJUnitRunner.java:163)
	at org.apache.maven.surefire.junit4.JUnit4Provider.execute(JUnit4Provider.java:367)
	at org.apache.maven.surefire.junit4.JUnit4Provider.executeWithRerun(JUnit4Provider.java:274)
	at org.apache.maven.surefire.junit4.JUnit4Provider.executeTestSet(JUnit4Provider.java:238)
	at org.apache.maven.surefire.junit4.JUnit4Provider.invoke(JUnit4Provider.java:161)
	at org.apache.maven.surefire.booter.ForkedBooter.invokeProviderInSameClassLoader(ForkedBooter.java:290)
	at org.apache.maven.surefire.booter.ForkedBooter.runSuitesInProcess(ForkedBooter.java:242)
	at org.apache.maven.surefire.booter.ForkedBooter.main(ForkedBooter.java:121)
Tests run: 5, Failures: 0, Errors: 0, Skipped: 0, Time elapsed: 0.016 sec - in me.desair.tus.server.upload.concatenation.UploadInputStreamEnumerationTest
Running me.desair.tus.server.upload.UUIDUploadIdFactoryTest
Tests run: 13, Failures: 0, Errors: 0, Skipped: 0, Time elapsed: 0 sec - in me.desair.tus.server.upload.UUIDUploadIdFactoryTest
Running me.desair.tus.server.upload.TimeBasedUploadIdFactoryTest
Tests run: 13, Failures: 0, Errors: 0, Skipped: 0, Time elapsed: 0.003 sec - in me.desair.tus.server.upload.TimeBasedUploadIdFactoryTest
Running me.desair.tus.server.upload.UploadIdTest
2751 [main] WARN UploadId - Unable to URL encode upload ID value
org.apache.commons.codec.DecoderException: Invalid URL encoding: not a valid digit (radix 16): 32
	at org.apache.commons.codec.net.Utils.digit16(Utils.java:50)
	at org.apache.commons.codec.net.URLCodec.decodeUrl(URLCodec.java:177)
	at org.apache.commons.codec.net.URLCodec.decode(URLCodec.java:215)
	at org.apache.commons.codec.net.URLCodec.decode(URLCodec.java:278)
	at me.desair.tus.server.upload.UploadId.<init>(UploadId.java:36)
	at me.desair.tus.server.upload.UploadIdTest.toStringWithInternalDecoderException(UploadIdTest.java:59)
	at sun.reflect.NativeMethodAccessorImpl.invoke0(Native Method)
	at sun.reflect.NativeMethodAccessorImpl.invoke(NativeMethodAccessorImpl.java:62)
	at sun.reflect.DelegatingMethodAccessorImpl.invoke(DelegatingMethodAccessorImpl.java:43)
	at java.lang.reflect.Method.invoke(Method.java:498)
	at org.junit.runners.model.FrameworkMethod$1.runReflectiveCall(FrameworkMethod.java:50)
	at org.junit.internal.runners.model.ReflectiveCallable.run(ReflectiveCallable.java:12)
	at org.junit.runners.model.FrameworkMethod.invokeExplosively(FrameworkMethod.java:47)
	at org.junit.internal.runners.statements.InvokeMethod.evaluate(InvokeMethod.java:17)
	at org.junit.runners.ParentRunner.runLeaf(ParentRunner.java:325)
	at org.junit.runners.BlockJUnit4ClassRunner.runChild(BlockJUnit4ClassRunner.java:78)
	at org.junit.runners.BlockJUnit4ClassRunner.runChild(BlockJUnit4ClassRunner.java:57)
	at org.junit.runners.ParentRunner$3.run(ParentRunner.java:290)
	at org.junit.runners.ParentRunner$1.schedule(ParentRunner.java:71)
	at org.junit.runners.ParentRunner.runChildren(ParentRunner.java:288)
	at org.junit.runners.ParentRunner.access$000(ParentRunner.java:58)
	at org.junit.runners.ParentRunner$2.evaluate(ParentRunner.java:268)
	at org.junit.runners.ParentRunner.run(ParentRunner.java:363)
	at org.apache.maven.surefire.junit4.JUnit4Provider.execute(JUnit4Provider.java:367)
	at org.apache.maven.surefire.junit4.JUnit4Provider.executeWithRerun(JUnit4Provider.java:274)
	at org.apache.maven.surefire.junit4.JUnit4Provider.executeTestSet(JUnit4Provider.java:238)
	at org.apache.maven.surefire.junit4.JUnit4Provider.invoke(JUnit4Provider.java:161)
	at org.apache.maven.surefire.booter.ForkedBooter.invokeProviderInSameClassLoader(ForkedBooter.java:290)
	at org.apache.maven.surefire.booter.ForkedBooter.runSuitesInProcess(ForkedBooter.java:242)
	at org.apache.maven.surefire.booter.ForkedBooter.main(ForkedBooter.java:121)
Tests run: 10, Failures: 0, Errors: 0, Skipped: 0, Time elapsed: 0.009 sec - in me.desair.tus.server.upload.UploadIdTest
Running me.desair.tus.server.upload.UploadInfoTest
Tests run: 20, Failures: 0, Errors: 0, Skipped: 0, Time elapsed: 0.048 sec - in me.desair.tus.server.upload.UploadInfoTest
Running me.desair.tus.server.termination.TerminationDeleteRequestHandlerTest
Tests run: 3, Failures: 0, Errors: 0, Skipped: 0, Time elapsed: 0.003 sec - in me.desair.tus.server.termination.TerminationDeleteRequestHandlerTest

Results :

Tests run: 283, Failures: 0, Errors: 0, Skipped: 0

[INFO] 
[INFO] --- jacoco-maven-plugin:0.8.5:report (report) @ tus-java-server ---
[INFO] Loading execution data file /tmp/tmpqeybmde6/tus-java-server/target/jacoco.exec
[INFO] Analyzed bundle 'me.desair.tus:tus-java-server' with 332 classes
[INFO] ------------------------------------------------------------------------
[INFO] BUILD SUCCESS
[INFO] ------------------------------------------------------------------------
[INFO] Total time:  17.737 s
[INFO] Finished at: 2020-08-03T11:08:44Z
[INFO] ------------------------------------------------------------------------
