[INFO] Error stacktraces are turned on.
[INFO] Scanning for projects...
[WARNING] 
[WARNING] Some problems were encountered while building the effective model for com.maxmind.geoip2:geoip2:jar:2.12.0
[WARNING] 'build.plugins.plugin.(groupId:artifactId)' must be unique but found duplicate declaration of plugin org.apache.maven.plugins:maven-assembly-plugin @ line 238, column 15
[WARNING] 
[WARNING] It is highly recommended to fix these problems because they threaten the stability of your build.
[WARNING] 
[WARNING] For this reason, future Maven versions might no longer support building such malformed projects.
[WARNING] 
[INFO] 
[INFO] ---------------------< com.maxmind.geoip2:geoip2 >----------------------
[INFO] Building MaxMind GeoIP2 API 2.12.0
[INFO] --------------------------------[ jar ]---------------------------------
[INFO] 
[INFO] --- maven-enforcer-plugin:1.0:enforce (enforce-maven) @ geoip2 ---
[INFO] 
[INFO] --- exec-maven-plugin:1.4.0:exec (invoke build) @ geoip2 ---
Submodule 'src/test/resources/maxmind-db' (git://github.com/maxmind/MaxMind-DB.git) registered for path 'src/test/resources/maxmind-db'
Cloning into '/tmp/tmpkkhzz410/GeoIP2-java/src/test/resources/maxmind-db'...
Submodule path 'src/test/resources/maxmind-db': checked out 'f6ed981c23b0eb33d7c07568e2177236252afda6'
[INFO] 
[INFO] --- maven-resources-plugin:2.6:resources (default-resources) @ geoip2 ---
[INFO] Using 'UTF-8' encoding to copy filtered resources.
[INFO] skip non existing resourceDirectory /tmp/tmpkkhzz410/GeoIP2-java/src/main/resources
[INFO] 
[INFO] --- maven-compiler-plugin:3.3:compile (default-compile) @ geoip2 ---
[INFO] Changes detected - recompiling the module!
[INFO] Compiling 35 source files to /tmp/tmpkkhzz410/GeoIP2-java/target/classes
[INFO] 
[INFO] --- maven-resources-plugin:2.6:testResources (default-testResources) @ geoip2 ---
[INFO] Using 'UTF-8' encoding to copy filtered resources.
[INFO] Copying 68 resources
[INFO] 
[INFO] --- maven-compiler-plugin:3.3:testCompile (default-testCompile) @ geoip2 ---
[INFO] Changes detected - recompiling the module!
[INFO] Compiling 9 source files to /tmp/tmpkkhzz410/GeoIP2-java/target/test-classes
[INFO] /tmp/tmpkkhzz410/GeoIP2-java/src/test/java/com/maxmind/geoip2/model/InsightsResponseTest.java: Some input files use or override a deprecated API.
[INFO] /tmp/tmpkkhzz410/GeoIP2-java/src/test/java/com/maxmind/geoip2/model/InsightsResponseTest.java: Recompile with -Xlint:deprecation for details.
[INFO] 
[INFO] --- maven-surefire-plugin:2.12.4:test (default-test) @ geoip2 ---
[INFO] Surefire report directory: /tmp/tmpkkhzz410/GeoIP2-java/target/surefire-reports

-------------------------------------------------------
 T E S T S
-------------------------------------------------------
Running com.maxmind.geoip2.model.InsightsResponseTest
[main] INFO org.eclipse.jetty.util.log - Logging initialized @481ms
[main] INFO org.eclipse.jetty.server.Server - jetty-9.2.22.v20170606
[main] INFO org.eclipse.jetty.server.handler.ContextHandler - Started o.e.j.s.ServletContextHandler@69b2283a{/__admin,null,AVAILABLE}
[main] INFO org.eclipse.jetty.server.handler.ContextHandler - Started o.e.j.s.ServletContextHandler@be64738{/,null,AVAILABLE}
[main] INFO org.eclipse.jetty.server.NetworkTrafficServerConnector - Started NetworkTrafficServerConnector@57c758ac{HTTP/1.1}{0.0.0.0:35815}
[main] INFO org.eclipse.jetty.server.Server - Started @566ms
[qtp1800659519-27] INFO /__admin - RequestHandlerClass from context returned com.github.tomakehurst.wiremock.http.AdminRequestHandler. Normalized mapped under returned 'null'
[qtp1800659519-29] INFO / - RequestHandlerClass from context returned com.github.tomakehurst.wiremock.http.StubRequestHandler. Normalized mapped under returned 'null'
[main] INFO org.eclipse.jetty.server.NetworkTrafficServerConnector - Stopped NetworkTrafficServerConnector@57c758ac{HTTP/1.1}{0.0.0.0:0}
[main] INFO org.eclipse.jetty.server.handler.ContextHandler - Stopped o.e.j.s.ServletContextHandler@be64738{/,null,UNAVAILABLE}
[main] INFO org.eclipse.jetty.server.handler.ContextHandler - Stopped o.e.j.s.ServletContextHandler@69b2283a{/__admin,null,UNAVAILABLE}
[main] WARN org.eclipse.jetty.util.thread.QueuedThreadPool - qtp1800659519{STOPPING,8<=8<=10,i=5,q=5} Couldn't stop Thread[qtp1800659519-24,5,]
[main] WARN org.eclipse.jetty.util.thread.QueuedThreadPool - qtp1800659519{STOPPING,8<=8<=10,i=0,q=5} Couldn't stop Thread[qtp1800659519-27,5,]
[main] INFO org.eclipse.jetty.server.Server - jetty-9.2.22.v20170606
[main] INFO org.eclipse.jetty.server.handler.ContextHandler - Started o.e.j.s.ServletContextHandler@4e928fbf{/__admin,null,AVAILABLE}
[main] INFO org.eclipse.jetty.server.handler.ContextHandler - Started o.e.j.s.ServletContextHandler@2e32ccc5{/,null,AVAILABLE}
[main] INFO org.eclipse.jetty.server.NetworkTrafficServerConnector - Started NetworkTrafficServerConnector@748741cb{HTTP/1.1}{0.0.0.0:43307}
[main] INFO org.eclipse.jetty.server.Server - Started @1109ms
[qtp1443055846-37] INFO /__admin - RequestHandlerClass from context returned com.github.tomakehurst.wiremock.http.AdminRequestHandler. Normalized mapped under returned 'null'
[qtp1443055846-39] INFO / - RequestHandlerClass from context returned com.github.tomakehurst.wiremock.http.StubRequestHandler. Normalized mapped under returned 'null'
[main] INFO org.eclipse.jetty.server.NetworkTrafficServerConnector - Stopped NetworkTrafficServerConnector@748741cb{HTTP/1.1}{0.0.0.0:0}
[main] INFO org.eclipse.jetty.server.handler.ContextHandler - Stopped o.e.j.s.ServletContextHandler@2e32ccc5{/,null,UNAVAILABLE}
[main] INFO org.eclipse.jetty.server.handler.ContextHandler - Stopped o.e.j.s.ServletContextHandler@4e928fbf{/__admin,null,UNAVAILABLE}
[main] WARN org.eclipse.jetty.util.thread.QueuedThreadPool - qtp1443055846{STOPPING,8<=8<=10,i=7,q=6} Couldn't stop Thread[qtp1443055846-34,5,]
[main] WARN org.eclipse.jetty.util.thread.QueuedThreadPool - qtp1443055846{STOPPING,8<=8<=10,i=0,q=6} Couldn't stop Thread[qtp1443055846-33,5,]
[main] WARN org.eclipse.jetty.util.thread.QueuedThreadPool - qtp1443055846{STOPPING,8<=8<=10,i=0,q=6} Couldn't stop Thread[qtp1443055846-40,5,]
[main] INFO org.eclipse.jetty.server.Server - jetty-9.2.22.v20170606
[main] INFO org.eclipse.jetty.server.handler.ContextHandler - Started o.e.j.s.ServletContextHandler@16aa8654{/__admin,null,AVAILABLE}
[main] INFO org.eclipse.jetty.server.handler.ContextHandler - Started o.e.j.s.ServletContextHandler@135606db{/,null,AVAILABLE}
[main] INFO org.eclipse.jetty.server.NetworkTrafficServerConnector - Started NetworkTrafficServerConnector@518caac3{HTTP/1.1}{0.0.0.0:45301}
[main] INFO org.eclipse.jetty.server.Server - Started @1177ms
[qtp932582590-49] INFO /__admin - RequestHandlerClass from context returned com.github.tomakehurst.wiremock.http.AdminRequestHandler. Normalized mapped under returned 'null'
[qtp932582590-51] INFO / - RequestHandlerClass from context returned com.github.tomakehurst.wiremock.http.StubRequestHandler. Normalized mapped under returned 'null'
[main] INFO org.eclipse.jetty.server.NetworkTrafficServerConnector - Stopped NetworkTrafficServerConnector@518caac3{HTTP/1.1}{0.0.0.0:0}
[main] INFO org.eclipse.jetty.server.handler.ContextHandler - Stopped o.e.j.s.ServletContextHandler@135606db{/,null,UNAVAILABLE}
[main] INFO org.eclipse.jetty.server.handler.ContextHandler - Stopped o.e.j.s.ServletContextHandler@16aa8654{/__admin,null,UNAVAILABLE}
[main] WARN org.eclipse.jetty.util.thread.QueuedThreadPool - qtp932582590{STOPPING,8<=8<=10,i=5,q=6} Couldn't stop Thread[qtp932582590-45,5,]
[main] WARN org.eclipse.jetty.util.thread.QueuedThreadPool - qtp932582590{STOPPING,8<=8<=10,i=0,q=4} Couldn't stop Thread[qtp932582590-52,5,]
[main] INFO org.eclipse.jetty.server.Server - jetty-9.2.22.v20170606
[main] INFO org.eclipse.jetty.server.handler.ContextHandler - Started o.e.j.s.ServletContextHandler@11f0a5a1{/__admin,null,AVAILABLE}
[main] INFO org.eclipse.jetty.server.handler.ContextHandler - Started o.e.j.s.ServletContextHandler@50dfbc58{/,null,AVAILABLE}
[main] INFO org.eclipse.jetty.server.NetworkTrafficServerConnector - Started NetworkTrafficServerConnector@4416d64f{HTTP/1.1}{0.0.0.0:42083}
[main] INFO org.eclipse.jetty.server.Server - Started @1244ms
[qtp1935122449-61] INFO /__admin - RequestHandlerClass from context returned com.github.tomakehurst.wiremock.http.AdminRequestHandler. Normalized mapped under returned 'null'
[qtp1935122449-62] INFO / - RequestHandlerClass from context returned com.github.tomakehurst.wiremock.http.StubRequestHandler. Normalized mapped under returned 'null'
[main] INFO org.eclipse.jetty.server.NetworkTrafficServerConnector - Stopped NetworkTrafficServerConnector@4416d64f{HTTP/1.1}{0.0.0.0:0}
[main] INFO org.eclipse.jetty.server.handler.ContextHandler - Stopped o.e.j.s.ServletContextHandler@50dfbc58{/,null,UNAVAILABLE}
[main] INFO org.eclipse.jetty.server.handler.ContextHandler - Stopped o.e.j.s.ServletContextHandler@11f0a5a1{/__admin,null,UNAVAILABLE}
[main] WARN org.eclipse.jetty.util.thread.QueuedThreadPool - qtp1935122449{STOPPING,8<=8<=10,i=6,q=6} Couldn't stop Thread[qtp1935122449-62,5,main]
[main] WARN org.eclipse.jetty.util.thread.QueuedThreadPool - qtp1935122449{STOPPING,8<=8<=10,i=3,q=5} Couldn't stop Thread[qtp1935122449-63,5,]
[main] WARN org.eclipse.jetty.util.thread.QueuedThreadPool - qtp1935122449{STOPPING,8<=8<=10,i=0,q=5} Couldn't stop Thread[qtp1935122449-67,5,]
[main] INFO org.eclipse.jetty.server.Server - jetty-9.2.22.v20170606
[main] INFO org.eclipse.jetty.server.handler.ContextHandler - Started o.e.j.s.ServletContextHandler@3688eb5b{/__admin,null,AVAILABLE}
[main] INFO org.eclipse.jetty.server.handler.ContextHandler - Started o.e.j.s.ServletContextHandler@457c9034{/,null,AVAILABLE}
[main] INFO org.eclipse.jetty.server.NetworkTrafficServerConnector - Started NetworkTrafficServerConnector@345f69f3{HTTP/1.1}{0.0.0.0:44035}
[main] INFO org.eclipse.jetty.server.Server - Started @1305ms
[qtp1667305539-73] INFO /__admin - RequestHandlerClass from context returned com.github.tomakehurst.wiremock.http.AdminRequestHandler. Normalized mapped under returned 'null'
[qtp1667305539-75] INFO / - RequestHandlerClass from context returned com.github.tomakehurst.wiremock.http.StubRequestHandler. Normalized mapped under returned 'null'
[main] INFO org.eclipse.jetty.server.NetworkTrafficServerConnector - Stopped NetworkTrafficServerConnector@345f69f3{HTTP/1.1}{0.0.0.0:0}
[main] INFO org.eclipse.jetty.server.handler.ContextHandler - Stopped o.e.j.s.ServletContextHandler@457c9034{/,null,UNAVAILABLE}
[main] INFO org.eclipse.jetty.server.handler.ContextHandler - Stopped o.e.j.s.ServletContextHandler@3688eb5b{/__admin,null,UNAVAILABLE}
[main] WARN org.eclipse.jetty.util.thread.QueuedThreadPool - qtp1667305539{STOPPING,8<=8<=10,i=5,q=5} Couldn't stop Thread[qtp1667305539-70,5,]
[main] WARN org.eclipse.jetty.util.thread.QueuedThreadPool - qtp1667305539{STOPPING,8<=8<=10,i=0,q=4} Couldn't stop Thread[qtp1667305539-76,5,]
[main] INFO org.eclipse.jetty.server.Server - jetty-9.2.22.v20170606
[main] INFO org.eclipse.jetty.server.handler.ContextHandler - Started o.e.j.s.ServletContextHandler@74589991{/__admin,null,AVAILABLE}
[main] INFO org.eclipse.jetty.server.handler.ContextHandler - Started o.e.j.s.ServletContextHandler@1fc32e4f{/,null,AVAILABLE}
[main] INFO org.eclipse.jetty.server.NetworkTrafficServerConnector - Started NetworkTrafficServerConnector@2f67b837{HTTP/1.1}{0.0.0.0:35947}
[main] INFO org.eclipse.jetty.server.Server - Started @1397ms
[qtp1824872646-85] INFO /__admin - RequestHandlerClass from context returned com.github.tomakehurst.wiremock.http.AdminRequestHandler. Normalized mapped under returned 'null'
[qtp1824872646-87] INFO / - RequestHandlerClass from context returned com.github.tomakehurst.wiremock.http.StubRequestHandler. Normalized mapped under returned 'null'
[main] INFO org.eclipse.jetty.server.NetworkTrafficServerConnector - Stopped NetworkTrafficServerConnector@2f67b837{HTTP/1.1}{0.0.0.0:0}
[main] INFO org.eclipse.jetty.server.handler.ContextHandler - Stopped o.e.j.s.ServletContextHandler@1fc32e4f{/,null,UNAVAILABLE}
[main] INFO org.eclipse.jetty.server.handler.ContextHandler - Stopped o.e.j.s.ServletContextHandler@74589991{/__admin,null,UNAVAILABLE}
[main] WARN org.eclipse.jetty.util.thread.QueuedThreadPool - qtp1824872646{STOPPING,8<=8<=10,i=5,q=6} Couldn't stop Thread[qtp1824872646-82,5,]
[main] WARN org.eclipse.jetty.util.thread.QueuedThreadPool - qtp1824872646{STOPPING,8<=8<=10,i=0,q=5} Couldn't stop Thread[qtp1824872646-87,5,]
[main] WARN org.eclipse.jetty.util.thread.QueuedThreadPool - qtp1824872646{STOPPING,8<=8<=10,i=0,q=5} Couldn't stop Thread[qtp1824872646-88,5,]
[main] INFO org.eclipse.jetty.server.Server - jetty-9.2.22.v20170606
[main] INFO org.eclipse.jetty.server.handler.ContextHandler - Started o.e.j.s.ServletContextHandler@2bd08376{/__admin,null,AVAILABLE}
[main] INFO org.eclipse.jetty.server.handler.ContextHandler - Started o.e.j.s.ServletContextHandler@64a40280{/,null,AVAILABLE}
[main] INFO org.eclipse.jetty.server.NetworkTrafficServerConnector - Started NetworkTrafficServerConnector@4b40f651{HTTP/1.1}{0.0.0.0:34521}
[main] INFO org.eclipse.jetty.server.Server - Started @1459ms
[qtp586358252-97] INFO /__admin - RequestHandlerClass from context returned com.github.tomakehurst.wiremock.http.AdminRequestHandler. Normalized mapped under returned 'null'
[qtp586358252-99] INFO / - RequestHandlerClass from context returned com.github.tomakehurst.wiremock.http.StubRequestHandler. Normalized mapped under returned 'null'
[main] INFO org.eclipse.jetty.server.NetworkTrafficServerConnector - Stopped NetworkTrafficServerConnector@4b40f651{HTTP/1.1}{0.0.0.0:0}
[main] INFO org.eclipse.jetty.server.handler.ContextHandler - Stopped o.e.j.s.ServletContextHandler@64a40280{/,null,UNAVAILABLE}
[main] INFO org.eclipse.jetty.server.handler.ContextHandler - Stopped o.e.j.s.ServletContextHandler@2bd08376{/__admin,null,UNAVAILABLE}
[main] WARN org.eclipse.jetty.util.thread.QueuedThreadPool - qtp586358252{STOPPING,8<=8<=10,i=6,q=6} Couldn't stop Thread[qtp586358252-93,5,]
[main] WARN org.eclipse.jetty.util.thread.QueuedThreadPool - qtp586358252{STOPPING,8<=8<=10,i=0,q=5} Couldn't stop Thread[qtp586358252-99,5,]
[main] INFO org.eclipse.jetty.server.Server - jetty-9.2.22.v20170606
[main] INFO org.eclipse.jetty.server.handler.ContextHandler - Started o.e.j.s.ServletContextHandler@53fd0d10{/__admin,null,AVAILABLE}
[main] INFO org.eclipse.jetty.server.handler.ContextHandler - Started o.e.j.s.ServletContextHandler@24111ef1{/,null,AVAILABLE}
[main] INFO org.eclipse.jetty.server.NetworkTrafficServerConnector - Started NetworkTrafficServerConnector@1f3f02ee{HTTP/1.1}{0.0.0.0:36033}
[main] INFO org.eclipse.jetty.server.Server - Started @1518ms
[qtp1335503880-109] INFO /__admin - RequestHandlerClass from context returned com.github.tomakehurst.wiremock.http.AdminRequestHandler. Normalized mapped under returned 'null'
[qtp1335503880-111] INFO / - RequestHandlerClass from context returned com.github.tomakehurst.wiremock.http.StubRequestHandler. Normalized mapped under returned 'null'
[main] INFO org.eclipse.jetty.server.NetworkTrafficServerConnector - Stopped NetworkTrafficServerConnector@1f3f02ee{HTTP/1.1}{0.0.0.0:0}
[main] INFO org.eclipse.jetty.server.handler.ContextHandler - Stopped o.e.j.s.ServletContextHandler@24111ef1{/,null,UNAVAILABLE}
[main] INFO org.eclipse.jetty.server.handler.ContextHandler - Stopped o.e.j.s.ServletContextHandler@53fd0d10{/__admin,null,UNAVAILABLE}
[main] WARN org.eclipse.jetty.util.thread.QueuedThreadPool - qtp1335503880{STOPPING,8<=8<=10,i=6,q=6} Couldn't stop Thread[qtp1335503880-115,5,]
[main] WARN org.eclipse.jetty.util.thread.QueuedThreadPool - qtp1335503880{STOPPING,8<=8<=10,i=1,q=6} Couldn't stop Thread[qtp1335503880-111,5,]
[main] WARN org.eclipse.jetty.util.thread.QueuedThreadPool - qtp1335503880{STOPPING,8<=8<=10,i=0,q=6} Couldn't stop Thread[qtp1335503880-114,5,]
[main] INFO org.eclipse.jetty.server.Server - jetty-9.2.22.v20170606
[main] INFO org.eclipse.jetty.server.handler.ContextHandler - Started o.e.j.s.ServletContextHandler@2b4c1d96{/__admin,null,AVAILABLE}
[main] INFO org.eclipse.jetty.server.handler.ContextHandler - Started o.e.j.s.ServletContextHandler@146587a2{/,null,AVAILABLE}
[main] INFO org.eclipse.jetty.server.NetworkTrafficServerConnector - Started NetworkTrafficServerConnector@5f0e9815{HTTP/1.1}{0.0.0.0:33439}
[main] INFO org.eclipse.jetty.server.Server - Started @1579ms
[qtp1184124073-121] INFO /__admin - RequestHandlerClass from context returned com.github.tomakehurst.wiremock.http.AdminRequestHandler. Normalized mapped under returned 'null'
[qtp1184124073-123] INFO / - RequestHandlerClass from context returned com.github.tomakehurst.wiremock.http.StubRequestHandler. Normalized mapped under returned 'null'
[main] INFO org.eclipse.jetty.server.NetworkTrafficServerConnector - Stopped NetworkTrafficServerConnector@5f0e9815{HTTP/1.1}{0.0.0.0:0}
[main] INFO org.eclipse.jetty.server.handler.ContextHandler - Stopped o.e.j.s.ServletContextHandler@146587a2{/,null,UNAVAILABLE}
[main] INFO org.eclipse.jetty.server.handler.ContextHandler - Stopped o.e.j.s.ServletContextHandler@2b4c1d96{/__admin,null,UNAVAILABLE}
[main] WARN org.eclipse.jetty.util.thread.QueuedThreadPool - qtp1184124073{STOPPING,8<=8<=10,i=5,q=5} Couldn't stop Thread[qtp1184124073-123,5,]
[main] WARN org.eclipse.jetty.util.thread.QueuedThreadPool - qtp1184124073{STOPPING,8<=8<=10,i=0,q=3} Couldn't stop Thread[qtp1184124073-124,5,]
Tests run: 9, Failures: 0, Errors: 0, Skipped: 0, Time elapsed: 1.435 sec
Running com.maxmind.geoip2.model.CityResponseTest
[main] INFO org.eclipse.jetty.server.Server - jetty-9.2.22.v20170606
[main] INFO org.eclipse.jetty.server.handler.ContextHandler - Started o.e.j.s.ServletContextHandler@ff684e1{/__admin,null,AVAILABLE}
[main] INFO org.eclipse.jetty.server.handler.ContextHandler - Started o.e.j.s.ServletContextHandler@55dfebeb{/,null,AVAILABLE}
[main] INFO org.eclipse.jetty.server.NetworkTrafficServerConnector - Started NetworkTrafficServerConnector@6e35bc3d{HTTP/1.1}{0.0.0.0:39753}
[main] INFO org.eclipse.jetty.server.Server - Started @1634ms
[qtp1757317128-131] INFO /__admin - RequestHandlerClass from context returned com.github.tomakehurst.wiremock.http.AdminRequestHandler. Normalized mapped under returned 'null'
[qtp1757317128-134] INFO / - RequestHandlerClass from context returned com.github.tomakehurst.wiremock.http.StubRequestHandler. Normalized mapped under returned 'null'
[main] INFO org.eclipse.jetty.server.NetworkTrafficServerConnector - Stopped NetworkTrafficServerConnector@6e35bc3d{HTTP/1.1}{0.0.0.0:0}
[main] INFO org.eclipse.jetty.server.handler.ContextHandler - Stopped o.e.j.s.ServletContextHandler@55dfebeb{/,null,UNAVAILABLE}
[main] INFO org.eclipse.jetty.server.handler.ContextHandler - Stopped o.e.j.s.ServletContextHandler@ff684e1{/__admin,null,UNAVAILABLE}
[main] WARN org.eclipse.jetty.util.thread.QueuedThreadPool - qtp1757317128{STOPPING,8<=8<=10,i=5,q=6} Couldn't stop Thread[qtp1757317128-134,5,main]
[main] WARN org.eclipse.jetty.util.thread.QueuedThreadPool - qtp1757317128{STOPPING,8<=8<=10,i=3,q=5} Couldn't stop Thread[qtp1757317128-130,5,]
[main] WARN org.eclipse.jetty.util.thread.QueuedThreadPool - qtp1757317128{STOPPING,8<=8<=10,i=1,q=4} Couldn't stop Thread[qtp1757317128-131,5,main]
[main] WARN org.eclipse.jetty.util.thread.QueuedThreadPool - qtp1757317128{STOPPING,8<=8<=10,i=1,q=4} Couldn't stop Thread[qtp1757317128-138,5,main]
[main] INFO org.eclipse.jetty.server.Server - jetty-9.2.22.v20170606
[main] INFO org.eclipse.jetty.server.handler.ContextHandler - Started o.e.j.s.ServletContextHandler@1d470d0{/__admin,null,AVAILABLE}
[main] INFO org.eclipse.jetty.server.handler.ContextHandler - Started o.e.j.s.ServletContextHandler@65045a87{/,null,AVAILABLE}
[main] INFO org.eclipse.jetty.server.NetworkTrafficServerConnector - Started NetworkTrafficServerConnector@47f4e407{HTTP/1.1}{0.0.0.0:44867}
[main] INFO org.eclipse.jetty.server.Server - Started @1689ms
[qtp1740826931-145] INFO /__admin - RequestHandlerClass from context returned com.github.tomakehurst.wiremock.http.AdminRequestHandler. Normalized mapped under returned 'null'
[qtp1740826931-146] INFO / - RequestHandlerClass from context returned com.github.tomakehurst.wiremock.http.StubRequestHandler. Normalized mapped under returned 'null'
[main] INFO org.eclipse.jetty.server.NetworkTrafficServerConnector - Stopped NetworkTrafficServerConnector@47f4e407{HTTP/1.1}{0.0.0.0:0}
[main] INFO org.eclipse.jetty.server.handler.ContextHandler - Stopped o.e.j.s.ServletContextHandler@65045a87{/,null,UNAVAILABLE}
[main] INFO org.eclipse.jetty.server.handler.ContextHandler - Stopped o.e.j.s.ServletContextHandler@1d470d0{/__admin,null,UNAVAILABLE}
[main] WARN org.eclipse.jetty.util.thread.QueuedThreadPool - qtp1740826931{STOPPING,8<=8<=10,i=3,q=5} Couldn't stop Thread[qtp1740826931-146,5,main]
[main] WARN org.eclipse.jetty.util.thread.QueuedThreadPool - qtp1740826931{STOPPING,8<=8<=10,i=0,q=3} Couldn't stop Thread[qtp1740826931-145,5,]
[main] INFO org.eclipse.jetty.server.Server - jetty-9.2.22.v20170606
[main] INFO org.eclipse.jetty.server.handler.ContextHandler - Started o.e.j.s.ServletContextHandler@4cf8b2dc{/__admin,null,AVAILABLE}
[main] INFO org.eclipse.jetty.server.handler.ContextHandler - Started o.e.j.s.ServletContextHandler@4218500f{/,null,AVAILABLE}
[main] INFO org.eclipse.jetty.server.NetworkTrafficServerConnector - Started NetworkTrafficServerConnector@4bff64c2{HTTP/1.1}{0.0.0.0:36811}
[main] INFO org.eclipse.jetty.server.Server - Started @1753ms
[qtp264978436-157] INFO /__admin - RequestHandlerClass from context returned com.github.tomakehurst.wiremock.http.AdminRequestHandler. Normalized mapped under returned 'null'
[qtp264978436-158] INFO / - RequestHandlerClass from context returned com.github.tomakehurst.wiremock.http.StubRequestHandler. Normalized mapped under returned 'null'
[main] INFO org.eclipse.jetty.server.NetworkTrafficServerConnector - Stopped NetworkTrafficServerConnector@4bff64c2{HTTP/1.1}{0.0.0.0:0}
[main] INFO org.eclipse.jetty.server.handler.ContextHandler - Stopped o.e.j.s.ServletContextHandler@4218500f{/,null,UNAVAILABLE}
[main] INFO org.eclipse.jetty.server.handler.ContextHandler - Stopped o.e.j.s.ServletContextHandler@4cf8b2dc{/__admin,null,UNAVAILABLE}
[main] WARN org.eclipse.jetty.util.thread.QueuedThreadPool - qtp264978436{STOPPING,8<=8<=10,i=5,q=6} Couldn't stop Thread[qtp264978436-153,5,]
[main] WARN org.eclipse.jetty.util.thread.QueuedThreadPool - qtp264978436{STOPPING,8<=8<=10,i=2,q=4} Couldn't stop Thread[qtp264978436-163,5,]
[main] WARN org.eclipse.jetty.util.thread.QueuedThreadPool - qtp264978436{STOPPING,8<=8<=10,i=0,q=4} Couldn't stop Thread[qtp264978436-157,5,]
[main] INFO org.eclipse.jetty.server.Server - jetty-9.2.22.v20170606
[main] INFO org.eclipse.jetty.server.handler.ContextHandler - Started o.e.j.s.ServletContextHandler@3f390d63{/__admin,null,AVAILABLE}
[main] INFO org.eclipse.jetty.server.handler.ContextHandler - Started o.e.j.s.ServletContextHandler@2374d36a{/,null,AVAILABLE}
[main] INFO org.eclipse.jetty.server.NetworkTrafficServerConnector - Started NetworkTrafficServerConnector@54d18072{HTTP/1.1}{0.0.0.0:45699}
[main] INFO org.eclipse.jetty.server.Server - Started @1789ms
[qtp2059592603-169] INFO /__admin - RequestHandlerClass from context returned com.github.tomakehurst.wiremock.http.AdminRequestHandler. Normalized mapped under returned 'null'
[qtp2059592603-170] INFO / - RequestHandlerClass from context returned com.github.tomakehurst.wiremock.http.StubRequestHandler. Normalized mapped under returned 'null'
[main] INFO org.eclipse.jetty.server.NetworkTrafficServerConnector - Stopped NetworkTrafficServerConnector@54d18072{HTTP/1.1}{0.0.0.0:0}
[main] INFO org.eclipse.jetty.server.handler.ContextHandler - Stopped o.e.j.s.ServletContextHandler@2374d36a{/,null,UNAVAILABLE}
[main] INFO org.eclipse.jetty.server.handler.ContextHandler - Stopped o.e.j.s.ServletContextHandler@3f390d63{/__admin,null,UNAVAILABLE}
[main] WARN org.eclipse.jetty.util.thread.QueuedThreadPool - qtp2059592603{STOPPING,8<=8<=10,i=5,q=5} Couldn't stop Thread[qtp2059592603-170,5,]
[main] WARN org.eclipse.jetty.util.thread.QueuedThreadPool - qtp2059592603{STOPPING,8<=8<=10,i=0,q=5} Couldn't stop Thread[qtp2059592603-165,5,]
[main] WARN org.eclipse.jetty.util.thread.QueuedThreadPool - qtp2059592603{STOPPING,8<=8<=10,i=0,q=5} Couldn't stop Thread[qtp2059592603-166,5,]
[main] INFO org.eclipse.jetty.server.Server - jetty-9.2.22.v20170606
[main] INFO org.eclipse.jetty.server.handler.ContextHandler - Started o.e.j.s.ServletContextHandler@3b2c0e88{/__admin,null,AVAILABLE}
[main] INFO org.eclipse.jetty.server.handler.ContextHandler - Started o.e.j.s.ServletContextHandler@476b0ae6{/,null,AVAILABLE}
[main] INFO org.eclipse.jetty.server.NetworkTrafficServerConnector - Started NetworkTrafficServerConnector@1c6804cd{HTTP/1.1}{0.0.0.0:46337}
[main] INFO org.eclipse.jetty.server.Server - Started @1825ms
[qtp1547883191-181] INFO /__admin - RequestHandlerClass from context returned com.github.tomakehurst.wiremock.http.AdminRequestHandler. Normalized mapped under returned 'null'
[qtp1547883191-182] INFO / - RequestHandlerClass from context returned com.github.tomakehurst.wiremock.http.StubRequestHandler. Normalized mapped under returned 'null'
[main] INFO org.eclipse.jetty.server.NetworkTrafficServerConnector - Stopped NetworkTrafficServerConnector@1c6804cd{HTTP/1.1}{0.0.0.0:0}
[main] INFO org.eclipse.jetty.server.handler.ContextHandler - Stopped o.e.j.s.ServletContextHandler@476b0ae6{/,null,UNAVAILABLE}
[main] INFO org.eclipse.jetty.server.handler.ContextHandler - Stopped o.e.j.s.ServletContextHandler@3b2c0e88{/__admin,null,UNAVAILABLE}
[main] WARN org.eclipse.jetty.util.thread.QueuedThreadPool - qtp1547883191{STOPPING,8<=8<=10,i=7,q=7} Couldn't stop Thread[qtp1547883191-183,5,main]
[main] WARN org.eclipse.jetty.util.thread.QueuedThreadPool - qtp1547883191{STOPPING,8<=8<=10,i=5,q=6} Couldn't stop Thread[qtp1547883191-177,5,main]
[main] WARN org.eclipse.jetty.util.thread.QueuedThreadPool - qtp1547883191{STOPPING,8<=8<=10,i=2,q=6} Couldn't stop Thread[qtp1547883191-187,5,]
[main] WARN org.eclipse.jetty.util.thread.QueuedThreadPool - qtp1547883191{STOPPING,8<=8<=10,i=0,q=6} Couldn't stop Thread[qtp1547883191-181,5,]
[main] INFO org.eclipse.jetty.server.Server - jetty-9.2.22.v20170606
[main] INFO org.eclipse.jetty.server.handler.ContextHandler - Started o.e.j.s.ServletContextHandler@788fcafb{/__admin,null,AVAILABLE}
[main] INFO org.eclipse.jetty.server.handler.ContextHandler - Started o.e.j.s.ServletContextHandler@1698ee84{/,null,AVAILABLE}
[main] INFO org.eclipse.jetty.server.NetworkTrafficServerConnector - Started NetworkTrafficServerConnector@10c626be{HTTP/1.1}{0.0.0.0:36035}
[main] INFO org.eclipse.jetty.server.Server - Started @1866ms
[qtp1448805967-193] INFO /__admin - RequestHandlerClass from context returned com.github.tomakehurst.wiremock.http.AdminRequestHandler. Normalized mapped under returned 'null'
[qtp1448805967-194] INFO / - RequestHandlerClass from context returned com.github.tomakehurst.wiremock.http.StubRequestHandler. Normalized mapped under returned 'null'
[main] INFO org.eclipse.jetty.server.NetworkTrafficServerConnector - Stopped NetworkTrafficServerConnector@10c626be{HTTP/1.1}{0.0.0.0:0}
[main] INFO org.eclipse.jetty.server.handler.ContextHandler - Stopped o.e.j.s.ServletContextHandler@1698ee84{/,null,UNAVAILABLE}
[main] INFO org.eclipse.jetty.server.handler.ContextHandler - Stopped o.e.j.s.ServletContextHandler@788fcafb{/__admin,null,UNAVAILABLE}
[main] WARN org.eclipse.jetty.util.thread.QueuedThreadPool - qtp1448805967{STOPPING,8<=8<=10,i=6,q=7} Couldn't stop Thread[qtp1448805967-190,5,]
[main] WARN org.eclipse.jetty.util.thread.QueuedThreadPool - qtp1448805967{STOPPING,8<=8<=10,i=4,q=6} Couldn't stop Thread[qtp1448805967-193,5,main]
[main] WARN org.eclipse.jetty.util.thread.QueuedThreadPool - qtp1448805967{STOPPING,8<=8<=10,i=4,q=6} Couldn't stop Thread[qtp1448805967-195,5,main]
[main] WARN org.eclipse.jetty.util.thread.QueuedThreadPool - qtp1448805967{STOPPING,8<=8<=10,i=4,q=6} Couldn't stop Thread[qtp1448805967-199,5,main]
[main] WARN org.eclipse.jetty.util.thread.QueuedThreadPool - qtp1448805967{STOPPING,8<=8<=10,i=4,q=6} Couldn't stop Thread[qtp1448805967-189,5,main]
[main] WARN org.eclipse.jetty.util.thread.QueuedThreadPool - qtp1448805967{STOPPING,8<=8<=10,i=4,q=6} Couldn't stop Thread[qtp1448805967-194,5,main]
Tests run: 6, Failures: 0, Errors: 0, Skipped: 0, Time elapsed: 0.26 sec
Running com.maxmind.geoip2.model.JsonTest
Tests run: 7, Failures: 0, Errors: 0, Skipped: 0, Time elapsed: 0.053 sec
Running com.maxmind.geoip2.model.CountryResponseTest
[main] INFO org.eclipse.jetty.server.Server - jetty-9.2.22.v20170606
[main] INFO org.eclipse.jetty.server.handler.ContextHandler - Started o.e.j.s.ServletContextHandler@2dbe250d{/__admin,null,AVAILABLE}
[main] INFO org.eclipse.jetty.server.handler.ContextHandler - Started o.e.j.s.ServletContextHandler@4de41af9{/,null,AVAILABLE}
[main] INFO org.eclipse.jetty.server.NetworkTrafficServerConnector - Started NetworkTrafficServerConnector@56ace400{HTTP/1.1}{0.0.0.0:36787}
[main] INFO org.eclipse.jetty.server.Server - Started @1954ms
[qtp371397455-205] INFO /__admin - RequestHandlerClass from context returned com.github.tomakehurst.wiremock.http.AdminRequestHandler. Normalized mapped under returned 'null'
[qtp371397455-206] INFO / - RequestHandlerClass from context returned com.github.tomakehurst.wiremock.http.StubRequestHandler. Normalized mapped under returned 'null'
[main] INFO org.eclipse.jetty.server.NetworkTrafficServerConnector - Stopped NetworkTrafficServerConnector@56ace400{HTTP/1.1}{0.0.0.0:0}
[main] INFO org.eclipse.jetty.server.handler.ContextHandler - Stopped o.e.j.s.ServletContextHandler@4de41af9{/,null,UNAVAILABLE}
[main] INFO org.eclipse.jetty.server.handler.ContextHandler - Stopped o.e.j.s.ServletContextHandler@2dbe250d{/__admin,null,UNAVAILABLE}
[main] WARN org.eclipse.jetty.util.thread.QueuedThreadPool - qtp371397455{STOPPING,8<=8<=10,i=7,q=7} Couldn't stop Thread[qtp371397455-208,5,main]
[main] WARN org.eclipse.jetty.util.thread.QueuedThreadPool - qtp371397455{STOPPING,8<=8<=10,i=1,q=4} Couldn't stop Thread[qtp371397455-205,5,]
[main] WARN org.eclipse.jetty.util.thread.QueuedThreadPool - qtp371397455{STOPPING,8<=8<=10,i=1,q=4} Couldn't stop Thread[qtp371397455-202,5,main]
[main] WARN org.eclipse.jetty.util.thread.QueuedThreadPool - qtp371397455{STOPPING,8<=8<=10,i=1,q=4} Couldn't stop Thread[qtp371397455-201,5,main]
[main] INFO org.eclipse.jetty.server.Server - jetty-9.2.22.v20170606
[main] INFO org.eclipse.jetty.server.handler.ContextHandler - Started o.e.j.s.ServletContextHandler@7c56e013{/__admin,null,AVAILABLE}
[main] INFO org.eclipse.jetty.server.handler.ContextHandler - Started o.e.j.s.ServletContextHandler@2cac4385{/,null,AVAILABLE}
[main] INFO org.eclipse.jetty.server.NetworkTrafficServerConnector - Started NetworkTrafficServerConnector@6731787b{HTTP/1.1}{0.0.0.0:40329}
[main] INFO org.eclipse.jetty.server.Server - Started @1994ms
[qtp726212590-217] INFO /__admin - RequestHandlerClass from context returned com.github.tomakehurst.wiremock.http.AdminRequestHandler. Normalized mapped under returned 'null'
[qtp726212590-218] INFO / - RequestHandlerClass from context returned com.github.tomakehurst.wiremock.http.StubRequestHandler. Normalized mapped under returned 'null'
[main] INFO org.eclipse.jetty.server.NetworkTrafficServerConnector - Stopped NetworkTrafficServerConnector@6731787b{HTTP/1.1}{0.0.0.0:0}
[main] INFO org.eclipse.jetty.server.handler.ContextHandler - Stopped o.e.j.s.ServletContextHandler@2cac4385{/,null,UNAVAILABLE}
[main] INFO org.eclipse.jetty.server.handler.ContextHandler - Stopped o.e.j.s.ServletContextHandler@7c56e013{/__admin,null,UNAVAILABLE}
[main] WARN org.eclipse.jetty.util.thread.QueuedThreadPool - qtp726212590{STOPPING,8<=8<=10,i=6,q=7} Couldn't stop Thread[qtp726212590-222,5,]
[main] WARN org.eclipse.jetty.util.thread.QueuedThreadPool - qtp726212590{STOPPING,8<=8<=10,i=1,q=5} Couldn't stop Thread[qtp726212590-219,5,]
[main] WARN org.eclipse.jetty.util.thread.QueuedThreadPool - qtp726212590{STOPPING,8<=8<=10,i=0,q=5} Couldn't stop Thread[qtp726212590-214,5,]
[main] INFO org.eclipse.jetty.server.Server - jetty-9.2.22.v20170606
[main] INFO org.eclipse.jetty.server.handler.ContextHandler - Started o.e.j.s.ServletContextHandler@545de5a4{/__admin,null,AVAILABLE}
[main] INFO org.eclipse.jetty.server.handler.ContextHandler - Started o.e.j.s.ServletContextHandler@3faf2e7d{/,null,AVAILABLE}
[main] INFO org.eclipse.jetty.server.NetworkTrafficServerConnector - Started NetworkTrafficServerConnector@4648ce9{HTTP/1.1}{0.0.0.0:41837}
[main] INFO org.eclipse.jetty.server.Server - Started @2023ms
[qtp645875534-230] INFO /__admin - RequestHandlerClass from context returned com.github.tomakehurst.wiremock.http.AdminRequestHandler. Normalized mapped under returned 'null'
[qtp645875534-231] INFO / - RequestHandlerClass from context returned com.github.tomakehurst.wiremock.http.StubRequestHandler. Normalized mapped under returned 'null'
[main] INFO org.eclipse.jetty.server.NetworkTrafficServerConnector - Stopped NetworkTrafficServerConnector@4648ce9{HTTP/1.1}{0.0.0.0:0}
[main] INFO org.eclipse.jetty.server.handler.ContextHandler - Stopped o.e.j.s.ServletContextHandler@3faf2e7d{/,null,UNAVAILABLE}
[main] INFO org.eclipse.jetty.server.handler.ContextHandler - Stopped o.e.j.s.ServletContextHandler@545de5a4{/__admin,null,UNAVAILABLE}
[main] WARN org.eclipse.jetty.util.thread.QueuedThreadPool - qtp645875534{STOPPING,8<=8<=10,i=5,q=5} Couldn't stop Thread[qtp645875534-235,5,]
[main] WARN org.eclipse.jetty.util.thread.QueuedThreadPool - qtp645875534{STOPPING,8<=8<=10,i=1,q=4} Couldn't stop Thread[qtp645875534-229,5,main]
[main] WARN org.eclipse.jetty.util.thread.QueuedThreadPool - qtp645875534{STOPPING,8<=8<=10,i=0,q=4} Couldn't stop Thread[qtp645875534-230,5,]
[main] INFO org.eclipse.jetty.server.Server - jetty-9.2.22.v20170606
[main] INFO org.eclipse.jetty.server.handler.ContextHandler - Started o.e.j.s.ServletContextHandler@71e5f61d{/__admin,null,AVAILABLE}
[main] INFO org.eclipse.jetty.server.handler.ContextHandler - Started o.e.j.s.ServletContextHandler@51df223b{/,null,AVAILABLE}
[main] INFO org.eclipse.jetty.server.NetworkTrafficServerConnector - Started NetworkTrafficServerConnector@fd46303{HTTP/1.1}{0.0.0.0:45877}
[main] INFO org.eclipse.jetty.server.Server - Started @2074ms
[qtp579447973-241] INFO /__admin - RequestHandlerClass from context returned com.github.tomakehurst.wiremock.http.AdminRequestHandler. Normalized mapped under returned 'null'
[qtp579447973-242] INFO / - RequestHandlerClass from context returned com.github.tomakehurst.wiremock.http.StubRequestHandler. Normalized mapped under returned 'null'
[main] INFO org.eclipse.jetty.server.NetworkTrafficServerConnector - Stopped NetworkTrafficServerConnector@fd46303{HTTP/1.1}{0.0.0.0:0}
[main] INFO org.eclipse.jetty.server.handler.ContextHandler - Stopped o.e.j.s.ServletContextHandler@51df223b{/,null,UNAVAILABLE}
[main] INFO org.eclipse.jetty.server.handler.ContextHandler - Stopped o.e.j.s.ServletContextHandler@71e5f61d{/__admin,null,UNAVAILABLE}
[main] WARN org.eclipse.jetty.util.thread.QueuedThreadPool - qtp579447973{STOPPING,8<=8<=10,i=5,q=5} Couldn't stop Thread[qtp579447973-238,5,]
[main] WARN org.eclipse.jetty.util.thread.QueuedThreadPool - qtp579447973{STOPPING,8<=8<=10,i=0,q=4} Couldn't stop Thread[qtp579447973-243,5,]
[main] INFO org.eclipse.jetty.server.Server - jetty-9.2.22.v20170606
[main] INFO org.eclipse.jetty.server.handler.ContextHandler - Started o.e.j.s.ServletContextHandler@361c294e{/__admin,null,AVAILABLE}
[main] INFO org.eclipse.jetty.server.handler.ContextHandler - Started o.e.j.s.ServletContextHandler@314b8f2d{/,null,AVAILABLE}
[main] INFO org.eclipse.jetty.server.NetworkTrafficServerConnector - Started NetworkTrafficServerConnector@664a9613{HTTP/1.1}{0.0.0.0:37267}
[main] INFO org.eclipse.jetty.server.Server - Started @2152ms
[qtp798278875-253] INFO /__admin - RequestHandlerClass from context returned com.github.tomakehurst.wiremock.http.AdminRequestHandler. Normalized mapped under returned 'null'
[qtp798278875-254] INFO / - RequestHandlerClass from context returned com.github.tomakehurst.wiremock.http.StubRequestHandler. Normalized mapped under returned 'null'
[main] INFO org.eclipse.jetty.server.NetworkTrafficServerConnector - Stopped NetworkTrafficServerConnector@664a9613{HTTP/1.1}{0.0.0.0:0}
[main] INFO org.eclipse.jetty.server.handler.ContextHandler - Stopped o.e.j.s.ServletContextHandler@314b8f2d{/,null,UNAVAILABLE}
[main] INFO org.eclipse.jetty.server.handler.ContextHandler - Stopped o.e.j.s.ServletContextHandler@361c294e{/__admin,null,UNAVAILABLE}
[main] WARN org.eclipse.jetty.util.thread.QueuedThreadPool - qtp798278875{STOPPING,8<=8<=10,i=8,q=8} Couldn't stop Thread[qtp798278875-254,5,main]
[main] WARN org.eclipse.jetty.util.thread.QueuedThreadPool - qtp798278875{STOPPING,8<=8<=10,i=8,q=8} Couldn't stop Thread[qtp798278875-255,5,main]
[main] WARN org.eclipse.jetty.util.thread.QueuedThreadPool - qtp798278875{STOPPING,8<=8<=10,i=8,q=8} Couldn't stop Thread[qtp798278875-256,5,main]
[main] WARN org.eclipse.jetty.util.thread.QueuedThreadPool - qtp798278875{STOPPING,8<=8<=10,i=8,q=8} Couldn't stop Thread[qtp798278875-249,5,main]
[main] WARN org.eclipse.jetty.util.thread.QueuedThreadPool - qtp798278875{STOPPING,8<=8<=10,i=8,q=8} Couldn't stop Thread[qtp798278875-259,5,main]
[main] WARN org.eclipse.jetty.util.thread.QueuedThreadPool - qtp798278875{STOPPING,8<=8<=10,i=8,q=8} Couldn't stop Thread[qtp798278875-250,5,main]
[main] WARN org.eclipse.jetty.util.thread.QueuedThreadPool - qtp798278875{STOPPING,8<=8<=10,i=8,q=8} Couldn't stop Thread[qtp798278875-258,5,main]
[main] WARN org.eclipse.jetty.util.thread.QueuedThreadPool - qtp798278875{STOPPING,8<=8<=10,i=8,q=8} Couldn't stop Thread[qtp798278875-253,5,main]
Tests run: 5, Failures: 0, Errors: 0, Skipped: 0, Time elapsed: 0.241 sec
Running com.maxmind.geoip2.DatabaseReaderTest
Tests run: 20, Failures: 0, Errors: 0, Skipped: 0, Time elapsed: 0.061 sec
Running com.maxmind.geoip2.WebServiceClientTest
[main] INFO org.eclipse.jetty.server.Server - jetty-9.2.22.v20170606
[main] INFO org.eclipse.jetty.server.handler.ContextHandler - Started o.e.j.s.ServletContextHandler@24a1c17f{/__admin,null,AVAILABLE}
[main] INFO org.eclipse.jetty.server.handler.ContextHandler - Started o.e.j.s.ServletContextHandler@7927bd9f{/,null,AVAILABLE}
[main] INFO org.eclipse.jetty.server.NetworkTrafficServerConnector - Started NetworkTrafficServerConnector@532721fd{HTTP/1.1}{0.0.0.0:42739}
[main] INFO org.eclipse.jetty.server.Server - Started @2273ms
[qtp1925785585-265] INFO /__admin - RequestHandlerClass from context returned com.github.tomakehurst.wiremock.http.AdminRequestHandler. Normalized mapped under returned 'null'
[qtp1925785585-266] INFO / - RequestHandlerClass from context returned com.github.tomakehurst.wiremock.http.StubRequestHandler. Normalized mapped under returned 'null'
[main] INFO org.eclipse.jetty.server.NetworkTrafficServerConnector - Stopped NetworkTrafficServerConnector@532721fd{HTTP/1.1}{0.0.0.0:0}
[main] INFO org.eclipse.jetty.server.handler.ContextHandler - Stopped o.e.j.s.ServletContextHandler@7927bd9f{/,null,UNAVAILABLE}
[main] INFO org.eclipse.jetty.server.handler.ContextHandler - Stopped o.e.j.s.ServletContextHandler@24a1c17f{/__admin,null,UNAVAILABLE}
[main] WARN org.eclipse.jetty.util.thread.QueuedThreadPool - qtp1925785585{STOPPING,8<=8<=10,i=6,q=6} Couldn't stop Thread[qtp1925785585-261,5,main]
[main] WARN org.eclipse.jetty.util.thread.QueuedThreadPool - qtp1925785585{STOPPING,8<=8<=10,i=6,q=6} Couldn't stop Thread[qtp1925785585-266,5,main]
[main] WARN org.eclipse.jetty.util.thread.QueuedThreadPool - qtp1925785585{STOPPING,8<=8<=10,i=6,q=6} Couldn't stop Thread[qtp1925785585-265,5,main]
[main] WARN org.eclipse.jetty.util.thread.QueuedThreadPool - qtp1925785585{STOPPING,8<=8<=10,i=6,q=6} Couldn't stop Thread[qtp1925785585-268,5,main]
[main] WARN org.eclipse.jetty.util.thread.QueuedThreadPool - qtp1925785585{STOPPING,8<=8<=10,i=6,q=6} Couldn't stop Thread[qtp1925785585-262,5,main]
[main] WARN org.eclipse.jetty.util.thread.QueuedThreadPool - qtp1925785585{STOPPING,8<=8<=10,i=6,q=6} Couldn't stop Thread[qtp1925785585-267,5,main]
[main] INFO org.eclipse.jetty.server.Server - jetty-9.2.22.v20170606
[main] INFO org.eclipse.jetty.server.handler.ContextHandler - Started o.e.j.s.ServletContextHandler@352c308{/__admin,null,AVAILABLE}
[main] INFO org.eclipse.jetty.server.handler.ContextHandler - Started o.e.j.s.ServletContextHandler@5dda6f9{/,null,AVAILABLE}
[main] INFO org.eclipse.jetty.server.NetworkTrafficServerConnector - Started NetworkTrafficServerConnector@10027fc9{HTTP/1.1}{0.0.0.0:39785}
[main] INFO org.eclipse.jetty.server.Server - Started @2313ms
[qtp1280128554-277] INFO /__admin - RequestHandlerClass from context returned com.github.tomakehurst.wiremock.http.AdminRequestHandler. Normalized mapped under returned 'null'
[qtp1280128554-278] INFO / - RequestHandlerClass from context returned com.github.tomakehurst.wiremock.http.StubRequestHandler. Normalized mapped under returned 'null'
[main] INFO org.eclipse.jetty.server.NetworkTrafficServerConnector - Stopped NetworkTrafficServerConnector@10027fc9{HTTP/1.1}{0.0.0.0:0}
[main] INFO org.eclipse.jetty.server.handler.ContextHandler - Stopped o.e.j.s.ServletContextHandler@5dda6f9{/,null,UNAVAILABLE}
[main] INFO org.eclipse.jetty.server.handler.ContextHandler - Stopped o.e.j.s.ServletContextHandler@352c308{/__admin,null,UNAVAILABLE}
[main] WARN org.eclipse.jetty.util.thread.QueuedThreadPool - qtp1280128554{STOPPING,8<=8<=10,i=6,q=6} Couldn't stop Thread[qtp1280128554-273,5,main]
[main] WARN org.eclipse.jetty.util.thread.QueuedThreadPool - qtp1280128554{STOPPING,8<=8<=10,i=5,q=6} Couldn't stop Thread[qtp1280128554-274,5,main]
[main] WARN org.eclipse.jetty.util.thread.QueuedThreadPool - qtp1280128554{STOPPING,8<=8<=10,i=5,q=6} Couldn't stop Thread[qtp1280128554-277,5,main]
[main] WARN org.eclipse.jetty.util.thread.QueuedThreadPool - qtp1280128554{STOPPING,8<=8<=10,i=5,q=6} Couldn't stop Thread[qtp1280128554-280,5,main]
[main] WARN org.eclipse.jetty.util.thread.QueuedThreadPool - qtp1280128554{STOPPING,8<=8<=10,i=5,q=6} Couldn't stop Thread[qtp1280128554-283,5,main]
[main] INFO org.eclipse.jetty.server.Server - jetty-9.2.22.v20170606
[main] INFO org.eclipse.jetty.server.handler.ContextHandler - Started o.e.j.s.ServletContextHandler@3e587920{/__admin,null,AVAILABLE}
[main] INFO org.eclipse.jetty.server.handler.ContextHandler - Started o.e.j.s.ServletContextHandler@63fd4873{/,null,AVAILABLE}
[main] INFO org.eclipse.jetty.server.NetworkTrafficServerConnector - Started NetworkTrafficServerConnector@1e11bc55{HTTP/1.1}{0.0.0.0:36497}
[main] INFO org.eclipse.jetty.server.Server - Started @2354ms
[qtp1540476618-289] INFO /__admin - RequestHandlerClass from context returned com.github.tomakehurst.wiremock.http.AdminRequestHandler. Normalized mapped under returned 'null'
[qtp1540476618-290] INFO / - RequestHandlerClass from context returned com.github.tomakehurst.wiremock.http.StubRequestHandler. Normalized mapped under returned 'null'
[main] INFO org.eclipse.jetty.server.NetworkTrafficServerConnector - Stopped NetworkTrafficServerConnector@1e11bc55{HTTP/1.1}{0.0.0.0:0}
[main] INFO org.eclipse.jetty.server.handler.ContextHandler - Stopped o.e.j.s.ServletContextHandler@63fd4873{/,null,UNAVAILABLE}
[main] INFO org.eclipse.jetty.server.handler.ContextHandler - Stopped o.e.j.s.ServletContextHandler@3e587920{/__admin,null,UNAVAILABLE}
[main] WARN org.eclipse.jetty.util.thread.QueuedThreadPool - qtp1540476618{STOPPING,8<=8<=10,i=5,q=6} Couldn't stop Thread[qtp1540476618-286-selector-ServerConnectorManager@12761be7/1,5,main]
[main] WARN org.eclipse.jetty.util.thread.QueuedThreadPool - qtp1540476618{STOPPING,8<=8<=10,i=2,q=5} Couldn't stop Thread[qtp1540476618-291,5,]
[main] WARN org.eclipse.jetty.util.thread.QueuedThreadPool - qtp1540476618{STOPPING,8<=8<=10,i=1,q=5} Couldn't stop Thread[qtp1540476618-294,5,]
[main] WARN org.eclipse.jetty.util.thread.QueuedThreadPool - qtp1540476618{STOPPING,8<=8<=10,i=0,q=5} Couldn't stop Thread[qtp1540476618-295,5,]
[main] INFO org.eclipse.jetty.server.Server - jetty-9.2.22.v20170606
[main] INFO org.eclipse.jetty.server.handler.ContextHandler - Started o.e.j.s.ServletContextHandler@2d8f2f3a{/__admin,null,AVAILABLE}
[main] INFO org.eclipse.jetty.server.handler.ContextHandler - Started o.e.j.s.ServletContextHandler@c074c0c{/,null,AVAILABLE}
[main] INFO org.eclipse.jetty.server.NetworkTrafficServerConnector - Started NetworkTrafficServerConnector@58a55449{HTTP/1.1}{0.0.0.0:43427}
[main] INFO org.eclipse.jetty.server.Server - Started @2405ms
[qtp1478334108-301] INFO /__admin - RequestHandlerClass from context returned com.github.tomakehurst.wiremock.http.AdminRequestHandler. Normalized mapped under returned 'null'
[qtp1478334108-302] INFO / - RequestHandlerClass from context returned com.github.tomakehurst.wiremock.http.StubRequestHandler. Normalized mapped under returned 'null'
[main] INFO org.eclipse.jetty.server.NetworkTrafficServerConnector - Stopped NetworkTrafficServerConnector@58a55449{HTTP/1.1}{0.0.0.0:0}
[main] INFO org.eclipse.jetty.server.handler.ContextHandler - Stopped o.e.j.s.ServletContextHandler@c074c0c{/,null,UNAVAILABLE}
[main] INFO org.eclipse.jetty.server.handler.ContextHandler - Stopped o.e.j.s.ServletContextHandler@2d8f2f3a{/__admin,null,UNAVAILABLE}
[main] WARN org.eclipse.jetty.util.thread.QueuedThreadPool - qtp1478334108{STOPPING,8<=8<=10,i=5,q=5} Couldn't stop Thread[qtp1478334108-301,5,]
[main] WARN org.eclipse.jetty.util.thread.QueuedThreadPool - qtp1478334108{STOPPING,8<=8<=10,i=3,q=5} Couldn't stop Thread[qtp1478334108-303,5,]
[main] WARN org.eclipse.jetty.util.thread.QueuedThreadPool - qtp1478334108{STOPPING,8<=8<=10,i=2,q=5} Couldn't stop Thread[qtp1478334108-297,5,main]
[main] WARN org.eclipse.jetty.util.thread.QueuedThreadPool - qtp1478334108{STOPPING,8<=8<=10,i=2,q=5} Couldn't stop Thread[qtp1478334108-304,5,main]
[main] INFO org.eclipse.jetty.server.Server - jetty-9.2.22.v20170606
[main] INFO org.eclipse.jetty.server.handler.ContextHandler - Started o.e.j.s.ServletContextHandler@106faf11{/__admin,null,AVAILABLE}
[main] INFO org.eclipse.jetty.server.handler.ContextHandler - Started o.e.j.s.ServletContextHandler@10ad20cb{/,null,AVAILABLE}
[main] INFO org.eclipse.jetty.server.NetworkTrafficServerConnector - Started NetworkTrafficServerConnector@7dd712e8{HTTP/1.1}{0.0.0.0:33227}
[main] INFO org.eclipse.jetty.server.Server - Started @2456ms
[qtp1987354705-313] INFO /__admin - RequestHandlerClass from context returned com.github.tomakehurst.wiremock.http.AdminRequestHandler. Normalized mapped under returned 'null'
[qtp1987354705-314] INFO / - RequestHandlerClass from context returned com.github.tomakehurst.wiremock.http.StubRequestHandler. Normalized mapped under returned 'null'
[main] INFO org.eclipse.jetty.server.NetworkTrafficServerConnector - Stopped NetworkTrafficServerConnector@7dd712e8{HTTP/1.1}{0.0.0.0:0}
[main] INFO org.eclipse.jetty.server.handler.ContextHandler - Stopped o.e.j.s.ServletContextHandler@10ad20cb{/,null,UNAVAILABLE}
[main] INFO org.eclipse.jetty.server.handler.ContextHandler - Stopped o.e.j.s.ServletContextHandler@106faf11{/__admin,null,UNAVAILABLE}
[main] WARN org.eclipse.jetty.util.thread.QueuedThreadPool - qtp1987354705{STOPPING,8<=8<=10,i=6,q=6} Couldn't stop Thread[qtp1987354705-313,5,main]
[main] WARN org.eclipse.jetty.util.thread.QueuedThreadPool - qtp1987354705{STOPPING,8<=8<=10,i=6,q=6} Couldn't stop Thread[qtp1987354705-309,5,main]
[main] WARN org.eclipse.jetty.util.thread.QueuedThreadPool - qtp1987354705{STOPPING,8<=8<=10,i=6,q=6} Couldn't stop Thread[qtp1987354705-316,5,main]
[main] WARN org.eclipse.jetty.util.thread.QueuedThreadPool - qtp1987354705{STOPPING,8<=8<=10,i=6,q=6} Couldn't stop Thread[qtp1987354705-315,5,main]
[main] WARN org.eclipse.jetty.util.thread.QueuedThreadPool - qtp1987354705{STOPPING,8<=8<=10,i=5,q=6} Couldn't stop Thread[qtp1987354705-310,5,main]
[main] WARN org.eclipse.jetty.util.thread.QueuedThreadPool - qtp1987354705{STOPPING,8<=8<=10,i=4,q=6} Couldn't stop Thread[qtp1987354705-314,5,main]
[main] INFO org.eclipse.jetty.server.Server - jetty-9.2.22.v20170606
[main] INFO org.eclipse.jetty.server.handler.ContextHandler - Started o.e.j.s.ServletContextHandler@2e27d72f{/__admin,null,AVAILABLE}
[main] INFO org.eclipse.jetty.server.handler.ContextHandler - Started o.e.j.s.ServletContextHandler@2bffa76d{/,null,AVAILABLE}
[main] INFO org.eclipse.jetty.server.NetworkTrafficServerConnector - Started NetworkTrafficServerConnector@3b718392{HTTP/1.1}{0.0.0.0:35639}
[main] INFO org.eclipse.jetty.server.Server - Started @2525ms
[qtp1902455960-325] INFO /__admin - RequestHandlerClass from context returned com.github.tomakehurst.wiremock.http.AdminRequestHandler. Normalized mapped under returned 'null'
[qtp1902455960-327] INFO / - RequestHandlerClass from context returned com.github.tomakehurst.wiremock.http.StubRequestHandler. Normalized mapped under returned 'null'
[main] INFO org.eclipse.jetty.server.NetworkTrafficServerConnector - Stopped NetworkTrafficServerConnector@3b718392{HTTP/1.1}{0.0.0.0:0}
[main] INFO org.eclipse.jetty.server.handler.ContextHandler - Stopped o.e.j.s.ServletContextHandler@2bffa76d{/,null,UNAVAILABLE}
[main] INFO org.eclipse.jetty.server.handler.ContextHandler - Stopped o.e.j.s.ServletContextHandler@2e27d72f{/__admin,null,UNAVAILABLE}
[main] WARN org.eclipse.jetty.util.thread.QueuedThreadPool - qtp1902455960{STOPPING,8<=8<=10,i=4,q=6} Couldn't stop Thread[qtp1902455960-327,5,]
[main] WARN org.eclipse.jetty.util.thread.QueuedThreadPool - qtp1902455960{STOPPING,8<=8<=10,i=4,q=6} Couldn't stop Thread[qtp1902455960-330,5,main]
[main] WARN org.eclipse.jetty.util.thread.QueuedThreadPool - qtp1902455960{STOPPING,8<=8<=10,i=4,q=5} Couldn't stop Thread[qtp1902455960-324,5,main]
[main] WARN org.eclipse.jetty.util.thread.QueuedThreadPool - qtp1902455960{STOPPING,8<=8<=10,i=2,q=4} Couldn't stop Thread[qtp1902455960-331,5,main]
[main] WARN org.eclipse.jetty.util.thread.QueuedThreadPool - qtp1902455960{STOPPING,8<=8<=10,i=1,q=4} Couldn't stop Thread[qtp1902455960-323-selector-ServerConnectorManager@5bbfdc50/1,5,main]
[main] INFO org.eclipse.jetty.server.Server - jetty-9.2.22.v20170606
[main] INFO org.eclipse.jetty.server.handler.ContextHandler - Started o.e.j.s.ServletContextHandler@62b3df3a{/__admin,null,AVAILABLE}
[main] INFO org.eclipse.jetty.server.handler.ContextHandler - Started o.e.j.s.ServletContextHandler@5fa47fea{/,null,AVAILABLE}
[main] INFO org.eclipse.jetty.server.NetworkTrafficServerConnector - Started NetworkTrafficServerConnector@2392212b{HTTP/1.1}{0.0.0.0:36251}
[main] INFO org.eclipse.jetty.server.Server - Started @2585ms
[qtp348148678-337] INFO /__admin - RequestHandlerClass from context returned com.github.tomakehurst.wiremock.http.AdminRequestHandler. Normalized mapped under returned 'null'
[qtp348148678-338] INFO / - RequestHandlerClass from context returned com.github.tomakehurst.wiremock.http.StubRequestHandler. Normalized mapped under returned 'null'
[main] INFO org.eclipse.jetty.server.NetworkTrafficServerConnector - Stopped NetworkTrafficServerConnector@2392212b{HTTP/1.1}{0.0.0.0:0}
[main] INFO org.eclipse.jetty.server.handler.ContextHandler - Stopped o.e.j.s.ServletContextHandler@5fa47fea{/,null,UNAVAILABLE}
[main] INFO org.eclipse.jetty.server.handler.ContextHandler - Stopped o.e.j.s.ServletContextHandler@62b3df3a{/__admin,null,UNAVAILABLE}
[main] WARN org.eclipse.jetty.util.thread.QueuedThreadPool - qtp348148678{STOPPING,8<=8<=10,i=6,q=6} Couldn't stop Thread[qtp348148678-343,5,main]
[main] WARN org.eclipse.jetty.util.thread.QueuedThreadPool - qtp348148678{STOPPING,8<=8<=10,i=3,q=5} Couldn't stop Thread[qtp348148678-340,5,]
[main] WARN org.eclipse.jetty.util.thread.QueuedThreadPool - qtp348148678{STOPPING,8<=8<=10,i=2,q=5} Couldn't stop Thread[qtp348148678-337,5,]
[main] WARN org.eclipse.jetty.util.thread.QueuedThreadPool - qtp348148678{STOPPING,8<=8<=10,i=0,q=5} Couldn't stop Thread[qtp348148678-336,5,main]
[main] INFO org.eclipse.jetty.server.Server - jetty-9.2.22.v20170606
[main] INFO org.eclipse.jetty.server.handler.ContextHandler - Started o.e.j.s.ServletContextHandler@535b8c24{/__admin,null,AVAILABLE}
[main] INFO org.eclipse.jetty.server.handler.ContextHandler - Started o.e.j.s.ServletContextHandler@a53bb6f{/,null,AVAILABLE}
[main] INFO org.eclipse.jetty.server.NetworkTrafficServerConnector - Started NetworkTrafficServerConnector@5e63cad{HTTP/1.1}{0.0.0.0:38453}
[main] INFO org.eclipse.jetty.server.Server - Started @2614ms
[qtp1844579038-349] INFO /__admin - RequestHandlerClass from context returned com.github.tomakehurst.wiremock.http.AdminRequestHandler. Normalized mapped under returned 'null'
[qtp1844579038-350] INFO / - RequestHandlerClass from context returned com.github.tomakehurst.wiremock.http.StubRequestHandler. Normalized mapped under returned 'null'
[main] INFO org.eclipse.jetty.server.NetworkTrafficServerConnector - Stopped NetworkTrafficServerConnector@5e63cad{HTTP/1.1}{0.0.0.0:0}
[main] INFO org.eclipse.jetty.server.handler.ContextHandler - Stopped o.e.j.s.ServletContextHandler@a53bb6f{/,null,UNAVAILABLE}
[main] INFO org.eclipse.jetty.server.handler.ContextHandler - Stopped o.e.j.s.ServletContextHandler@535b8c24{/__admin,null,UNAVAILABLE}
[main] WARN org.eclipse.jetty.util.thread.QueuedThreadPool - qtp1844579038{STOPPING,8<=8<=10,i=6,q=6} Couldn't stop Thread[qtp1844579038-355,5,main]
[main] WARN org.eclipse.jetty.util.thread.QueuedThreadPool - qtp1844579038{STOPPING,8<=8<=10,i=5,q=6} Couldn't stop Thread[qtp1844579038-345,5,]
[main] WARN org.eclipse.jetty.util.thread.QueuedThreadPool - qtp1844579038{STOPPING,8<=8<=10,i=4,q=6} Couldn't stop Thread[qtp1844579038-352,5,main]
[main] WARN org.eclipse.jetty.util.thread.QueuedThreadPool - qtp1844579038{STOPPING,8<=8<=10,i=4,q=6} Couldn't stop Thread[qtp1844579038-349,5,main]
[main] WARN org.eclipse.jetty.util.thread.QueuedThreadPool - qtp1844579038{STOPPING,8<=8<=10,i=3,q=6} Couldn't stop Thread[qtp1844579038-346,5,main]
[main] WARN org.eclipse.jetty.util.thread.QueuedThreadPool - qtp1844579038{STOPPING,8<=8<=10,i=0,q=6} Couldn't stop Thread[qtp1844579038-354,5,]
[main] INFO org.eclipse.jetty.server.Server - jetty-9.2.22.v20170606
[main] INFO org.eclipse.jetty.server.handler.ContextHandler - Started o.e.j.s.ServletContextHandler@64a896b0{/__admin,null,AVAILABLE}
[main] INFO org.eclipse.jetty.server.handler.ContextHandler - Started o.e.j.s.ServletContextHandler@1adb7478{/,null,AVAILABLE}
[main] INFO org.eclipse.jetty.server.NetworkTrafficServerConnector - Started NetworkTrafficServerConnector@3ae66c85{HTTP/1.1}{0.0.0.0:41975}
[main] INFO org.eclipse.jetty.server.Server - Started @2664ms
[qtp1285463992-361] INFO /__admin - RequestHandlerClass from context returned com.github.tomakehurst.wiremock.http.AdminRequestHandler. Normalized mapped under returned 'null'
[qtp1285463992-362] INFO / - RequestHandlerClass from context returned com.github.tomakehurst.wiremock.http.StubRequestHandler. Normalized mapped under returned 'null'
[main] INFO org.eclipse.jetty.server.NetworkTrafficServerConnector - Stopped NetworkTrafficServerConnector@3ae66c85{HTTP/1.1}{0.0.0.0:0}
[main] INFO org.eclipse.jetty.server.handler.ContextHandler - Stopped o.e.j.s.ServletContextHandler@1adb7478{/,null,UNAVAILABLE}
[main] INFO org.eclipse.jetty.server.handler.ContextHandler - Stopped o.e.j.s.ServletContextHandler@64a896b0{/__admin,null,UNAVAILABLE}
[main] WARN org.eclipse.jetty.util.thread.QueuedThreadPool - qtp1285463992{STOPPING,8<=8<=10,i=6,q=7} Couldn't stop Thread[qtp1285463992-359,5,main]
[main] WARN org.eclipse.jetty.util.thread.QueuedThreadPool - qtp1285463992{STOPPING,8<=8<=10,i=6,q=6} Couldn't stop Thread[qtp1285463992-358,5,main]
[main] WARN org.eclipse.jetty.util.thread.QueuedThreadPool - qtp1285463992{STOPPING,8<=8<=10,i=4,q=6} Couldn't stop Thread[qtp1285463992-357,5,]
[main] WARN org.eclipse.jetty.util.thread.QueuedThreadPool - qtp1285463992{STOPPING,8<=8<=10,i=3,q=6} Couldn't stop Thread[qtp1285463992-361,5,main]
[main] WARN org.eclipse.jetty.util.thread.QueuedThreadPool - qtp1285463992{STOPPING,8<=8<=10,i=3,q=6} Couldn't stop Thread[qtp1285463992-366,5,main]
[main] INFO org.eclipse.jetty.server.Server - jetty-9.2.22.v20170606
[main] INFO org.eclipse.jetty.server.handler.ContextHandler - Started o.e.j.s.ServletContextHandler@6c8a68c1{/__admin,null,AVAILABLE}
[main] INFO org.eclipse.jetty.server.handler.ContextHandler - Started o.e.j.s.ServletContextHandler@5f8890c2{/,null,AVAILABLE}
[main] INFO org.eclipse.jetty.server.NetworkTrafficServerConnector - Started NetworkTrafficServerConnector@607b2792{HTTP/1.1}{0.0.0.0:46317}
[main] INFO org.eclipse.jetty.server.Server - Started @2703ms
[qtp959834536-372] INFO /__admin - RequestHandlerClass from context returned com.github.tomakehurst.wiremock.http.AdminRequestHandler. Normalized mapped under returned 'null'
[qtp959834536-373] INFO / - RequestHandlerClass from context returned com.github.tomakehurst.wiremock.http.StubRequestHandler. Normalized mapped under returned 'null'
[main] INFO org.eclipse.jetty.server.NetworkTrafficServerConnector - Stopped NetworkTrafficServerConnector@607b2792{HTTP/1.1}{0.0.0.0:0}
[main] INFO org.eclipse.jetty.server.handler.ContextHandler - Stopped o.e.j.s.ServletContextHandler@5f8890c2{/,null,UNAVAILABLE}
[main] INFO org.eclipse.jetty.server.handler.ContextHandler - Stopped o.e.j.s.ServletContextHandler@6c8a68c1{/__admin,null,UNAVAILABLE}
[main] WARN org.eclipse.jetty.util.thread.QueuedThreadPool - qtp959834536{STOPPING,8<=8<=10,i=2,q=5} Couldn't stop Thread[qtp959834536-376-acceptor-0@51710bf1-NetworkTrafficServerConnector@607b2792{HTTP/1.1}{0.0.0.0:46317},5,main]
[main] WARN org.eclipse.jetty.util.thread.QueuedThreadPool - qtp959834536{STOPPING,8<=8<=10,i=0,q=4} Couldn't stop Thread[qtp959834536-369-acceptor-1@6e6095f4-NetworkTrafficServerConnector@607b2792{HTTP/1.1}{0.0.0.0:46317},5,main]
[main] INFO org.eclipse.jetty.server.Server - jetty-9.2.22.v20170606
[main] INFO org.eclipse.jetty.server.handler.ContextHandler - Started o.e.j.s.ServletContextHandler@49b07ee3{/__admin,null,AVAILABLE}
[main] INFO org.eclipse.jetty.server.handler.ContextHandler - Started o.e.j.s.ServletContextHandler@2424686b{/,null,AVAILABLE}
[main] INFO org.eclipse.jetty.server.NetworkTrafficServerConnector - Started NetworkTrafficServerConnector@6ea94d6a{HTTP/1.1}{0.0.0.0:44925}
[main] INFO org.eclipse.jetty.server.Server - Started @2733ms
[qtp1232433403-383] INFO /__admin - RequestHandlerClass from context returned com.github.tomakehurst.wiremock.http.AdminRequestHandler. Normalized mapped under returned 'null'
[qtp1232433403-384] INFO / - RequestHandlerClass from context returned com.github.tomakehurst.wiremock.http.StubRequestHandler. Normalized mapped under returned 'null'
[main] INFO org.eclipse.jetty.server.NetworkTrafficServerConnector - Stopped NetworkTrafficServerConnector@6ea94d6a{HTTP/1.1}{0.0.0.0:0}
[main] INFO org.eclipse.jetty.server.handler.ContextHandler - Stopped o.e.j.s.ServletContextHandler@2424686b{/,null,UNAVAILABLE}
[main] INFO org.eclipse.jetty.server.handler.ContextHandler - Stopped o.e.j.s.ServletContextHandler@49b07ee3{/__admin,null,UNAVAILABLE}
[main] WARN org.eclipse.jetty.util.thread.QueuedThreadPool - qtp1232433403{STOPPING,8<=8<=10,i=8,q=8} Couldn't stop Thread[qtp1232433403-389,5,main]
[main] WARN org.eclipse.jetty.util.thread.QueuedThreadPool - qtp1232433403{STOPPING,8<=8<=10,i=8,q=8} Couldn't stop Thread[qtp1232433403-379,5,main]
[main] WARN org.eclipse.jetty.util.thread.QueuedThreadPool - qtp1232433403{STOPPING,8<=8<=10,i=8,q=8} Couldn't stop Thread[qtp1232433403-380,5,main]
[main] WARN org.eclipse.jetty.util.thread.QueuedThreadPool - qtp1232433403{STOPPING,8<=8<=10,i=8,q=8} Couldn't stop Thread[qtp1232433403-388,5,main]
[main] WARN org.eclipse.jetty.util.thread.QueuedThreadPool - qtp1232433403{STOPPING,8<=8<=10,i=8,q=8} Couldn't stop Thread[qtp1232433403-385,5,main]
[main] WARN org.eclipse.jetty.util.thread.QueuedThreadPool - qtp1232433403{STOPPING,8<=8<=10,i=8,q=8} Couldn't stop Thread[qtp1232433403-386,5,main]
[main] WARN org.eclipse.jetty.util.thread.QueuedThreadPool - qtp1232433403{STOPPING,8<=8<=10,i=8,q=8} Couldn't stop Thread[qtp1232433403-383,5,main]
[main] WARN org.eclipse.jetty.util.thread.QueuedThreadPool - qtp1232433403{STOPPING,8<=8<=10,i=7,q=7} Couldn't stop Thread[qtp1232433403-384,5,main]
[main] INFO org.eclipse.jetty.server.Server - jetty-9.2.22.v20170606
[main] INFO org.eclipse.jetty.server.handler.ContextHandler - Started o.e.j.s.ServletContextHandler@4a31c2ee{/__admin,null,AVAILABLE}
[main] INFO org.eclipse.jetty.server.handler.ContextHandler - Started o.e.j.s.ServletContextHandler@31ff1390{/,null,AVAILABLE}
[main] INFO org.eclipse.jetty.server.NetworkTrafficServerConnector - Started NetworkTrafficServerConnector@759d81f3{HTTP/1.1}{0.0.0.0:42557}
[main] INFO org.eclipse.jetty.server.Server - Started @2774ms
[qtp1243102466-395] INFO /__admin - RequestHandlerClass from context returned com.github.tomakehurst.wiremock.http.AdminRequestHandler. Normalized mapped under returned 'null'
[qtp1243102466-396] INFO / - RequestHandlerClass from context returned com.github.tomakehurst.wiremock.http.StubRequestHandler. Normalized mapped under returned 'null'
[main] INFO org.eclipse.jetty.server.NetworkTrafficServerConnector - Stopped NetworkTrafficServerConnector@759d81f3{HTTP/1.1}{0.0.0.0:0}
[main] INFO org.eclipse.jetty.server.handler.ContextHandler - Stopped o.e.j.s.ServletContextHandler@31ff1390{/,null,UNAVAILABLE}
[main] INFO org.eclipse.jetty.server.handler.ContextHandler - Stopped o.e.j.s.ServletContextHandler@4a31c2ee{/__admin,null,UNAVAILABLE}
[main] WARN org.eclipse.jetty.util.thread.QueuedThreadPool - qtp1243102466{STOPPING,8<=8<=10,i=5,q=5} Couldn't stop Thread[qtp1243102466-396,5,main]
[main] WARN org.eclipse.jetty.util.thread.QueuedThreadPool - qtp1243102466{STOPPING,8<=8<=10,i=3,q=5} Couldn't stop Thread[qtp1243102466-391,5,main]
[main] WARN org.eclipse.jetty.util.thread.QueuedThreadPool - qtp1243102466{STOPPING,8<=8<=10,i=1,q=5} Couldn't stop Thread[qtp1243102466-395,5,]
[main] WARN org.eclipse.jetty.util.thread.QueuedThreadPool - qtp1243102466{STOPPING,8<=8<=10,i=0,q=4} Couldn't stop Thread[qtp1243102466-397,5,]
[main] INFO org.eclipse.jetty.server.Server - jetty-9.2.22.v20170606
[main] INFO org.eclipse.jetty.server.handler.ContextHandler - Started o.e.j.s.ServletContextHandler@3605c4d3{/__admin,null,AVAILABLE}
[main] INFO org.eclipse.jetty.server.handler.ContextHandler - Started o.e.j.s.ServletContextHandler@726a6b94{/,null,AVAILABLE}
[main] INFO org.eclipse.jetty.server.NetworkTrafficServerConnector - Started NetworkTrafficServerConnector@6ad11a56{HTTP/1.1}{0.0.0.0:40863}
[main] INFO org.eclipse.jetty.server.Server - Started @2797ms
[qtp10885570-406] INFO /__admin - RequestHandlerClass from context returned com.github.tomakehurst.wiremock.http.AdminRequestHandler. Normalized mapped under returned 'null'
[qtp10885570-407] INFO / - RequestHandlerClass from context returned com.github.tomakehurst.wiremock.http.StubRequestHandler. Normalized mapped under returned 'null'
[main] INFO org.eclipse.jetty.server.NetworkTrafficServerConnector - Stopped NetworkTrafficServerConnector@6ad11a56{HTTP/1.1}{0.0.0.0:0}
[main] INFO org.eclipse.jetty.server.handler.ContextHandler - Stopped o.e.j.s.ServletContextHandler@726a6b94{/,null,UNAVAILABLE}
[main] INFO org.eclipse.jetty.server.handler.ContextHandler - Stopped o.e.j.s.ServletContextHandler@3605c4d3{/__admin,null,UNAVAILABLE}
[main] WARN org.eclipse.jetty.util.thread.QueuedThreadPool - qtp10885570{STOPPING,8<=8<=10,i=4,q=5} Couldn't stop Thread[qtp10885570-407,5,]
[main] WARN org.eclipse.jetty.util.thread.QueuedThreadPool - qtp10885570{STOPPING,8<=8<=10,i=0,q=3} Couldn't stop Thread[qtp10885570-402,5,]
[main] INFO org.eclipse.jetty.server.Server - jetty-9.2.22.v20170606
[main] INFO org.eclipse.jetty.server.handler.ContextHandler - Started o.e.j.s.ServletContextHandler@7004e3d{/__admin,null,AVAILABLE}
[main] INFO org.eclipse.jetty.server.handler.ContextHandler - Started o.e.j.s.ServletContextHandler@588ffeb{/,null,AVAILABLE}
[main] INFO org.eclipse.jetty.server.NetworkTrafficServerConnector - Started NetworkTrafficServerConnector@7c28c1{HTTP/1.1}{0.0.0.0:40957}
[main] INFO org.eclipse.jetty.server.Server - Started @2816ms
[qtp1160106451-418] INFO /__admin - RequestHandlerClass from context returned com.github.tomakehurst.wiremock.http.AdminRequestHandler. Normalized mapped under returned 'null'
[qtp1160106451-419] INFO / - RequestHandlerClass from context returned com.github.tomakehurst.wiremock.http.StubRequestHandler. Normalized mapped under returned 'null'
[main] INFO org.eclipse.jetty.server.NetworkTrafficServerConnector - Stopped NetworkTrafficServerConnector@7c28c1{HTTP/1.1}{0.0.0.0:0}
[main] INFO org.eclipse.jetty.server.handler.ContextHandler - Stopped o.e.j.s.ServletContextHandler@588ffeb{/,null,UNAVAILABLE}
[main] INFO org.eclipse.jetty.server.handler.ContextHandler - Stopped o.e.j.s.ServletContextHandler@7004e3d{/__admin,null,UNAVAILABLE}
[main] WARN org.eclipse.jetty.util.thread.QueuedThreadPool - qtp1160106451{STOPPING,8<=8<=10,i=0,q=1} Couldn't stop Thread[qtp1160106451-415,5,]
[main] INFO org.eclipse.jetty.server.Server - jetty-9.2.22.v20170606
[main] INFO org.eclipse.jetty.server.handler.ContextHandler - Started o.e.j.s.ServletContextHandler@18324f97{/__admin,null,AVAILABLE}
[main] INFO org.eclipse.jetty.server.handler.ContextHandler - Started o.e.j.s.ServletContextHandler@ff6077{/,null,AVAILABLE}
[main] INFO org.eclipse.jetty.server.NetworkTrafficServerConnector - Started NetworkTrafficServerConnector@abbc908{HTTP/1.1}{0.0.0.0:41085}
[main] INFO org.eclipse.jetty.server.Server - Started @2840ms
[qtp1378280450-430] INFO /__admin - RequestHandlerClass from context returned com.github.tomakehurst.wiremock.http.AdminRequestHandler. Normalized mapped under returned 'null'
[qtp1378280450-431] INFO / - RequestHandlerClass from context returned com.github.tomakehurst.wiremock.http.StubRequestHandler. Normalized mapped under returned 'null'
[main] INFO org.eclipse.jetty.server.NetworkTrafficServerConnector - Stopped NetworkTrafficServerConnector@abbc908{HTTP/1.1}{0.0.0.0:0}
[main] INFO org.eclipse.jetty.server.handler.ContextHandler - Stopped o.e.j.s.ServletContextHandler@ff6077{/,null,UNAVAILABLE}
[main] INFO org.eclipse.jetty.server.handler.ContextHandler - Stopped o.e.j.s.ServletContextHandler@18324f97{/__admin,null,UNAVAILABLE}
[main] WARN org.eclipse.jetty.util.thread.QueuedThreadPool - qtp1378280450{STOPPING,8<=8<=10,i=5,q=8} Couldn't stop Thread[qtp1378280450-432,5,main]
[main] WARN org.eclipse.jetty.util.thread.QueuedThreadPool - qtp1378280450{STOPPING,8<=8<=10,i=5,q=8} Couldn't stop Thread[qtp1378280450-427-selector-ServerConnectorManager@4cc26ef0/1,5,main]
[main] WARN org.eclipse.jetty.util.thread.QueuedThreadPool - qtp1378280450{STOPPING,8<=8<=10,i=5,q=8} Couldn't stop Thread[qtp1378280450-426,5,main]
[main] WARN org.eclipse.jetty.util.thread.QueuedThreadPool - qtp1378280450{STOPPING,8<=8<=10,i=5,q=8} Couldn't stop Thread[qtp1378280450-433,5,main]
[main] WARN org.eclipse.jetty.util.thread.QueuedThreadPool - qtp1378280450{STOPPING,8<=8<=10,i=5,q=8} Couldn't stop Thread[qtp1378280450-428-acceptor-0@3c78b495-NetworkTrafficServerConnector@abbc908{HTTP/1.1}{0.0.0.0:41085},5,main]
[main] WARN org.eclipse.jetty.util.thread.QueuedThreadPool - qtp1378280450{STOPPING,8<=8<=10,i=5,q=8} Couldn't stop Thread[qtp1378280450-430,5,main]
[main] WARN org.eclipse.jetty.util.thread.QueuedThreadPool - qtp1378280450{STOPPING,8<=8<=10,i=5,q=8} Couldn't stop Thread[qtp1378280450-431,5,main]
[main] WARN org.eclipse.jetty.util.thread.QueuedThreadPool - qtp1378280450{STOPPING,8<=8<=10,i=5,q=8} Couldn't stop Thread[qtp1378280450-429-acceptor-1@1e91ad59-NetworkTrafficServerConnector@abbc908{HTTP/1.1}{0.0.0.0:41085},5,main]
[main] INFO org.eclipse.jetty.server.Server - jetty-9.2.22.v20170606
[main] INFO org.eclipse.jetty.server.handler.ContextHandler - Started o.e.j.s.ServletContextHandler@51751e5f{/__admin,null,AVAILABLE}
[main] INFO org.eclipse.jetty.server.handler.ContextHandler - Started o.e.j.s.ServletContextHandler@38548b19{/,null,AVAILABLE}
[main] INFO org.eclipse.jetty.server.NetworkTrafficServerConnector - Started NetworkTrafficServerConnector@41aaedaa{HTTP/1.1}{0.0.0.0:34547}
[main] INFO org.eclipse.jetty.server.Server - Started @2873ms
[qtp1457148583-440] INFO /__admin - RequestHandlerClass from context returned com.github.tomakehurst.wiremock.http.AdminRequestHandler. Normalized mapped under returned 'null'
[qtp1457148583-442] INFO / - RequestHandlerClass from context returned com.github.tomakehurst.wiremock.http.StubRequestHandler. Normalized mapped under returned 'null'
[main] INFO org.eclipse.jetty.server.NetworkTrafficServerConnector - Stopped NetworkTrafficServerConnector@41aaedaa{HTTP/1.1}{0.0.0.0:0}
[main] INFO org.eclipse.jetty.server.handler.ContextHandler - Stopped o.e.j.s.ServletContextHandler@38548b19{/,null,UNAVAILABLE}
[main] INFO org.eclipse.jetty.server.handler.ContextHandler - Stopped o.e.j.s.ServletContextHandler@51751e5f{/__admin,null,UNAVAILABLE}
[main] WARN org.eclipse.jetty.util.thread.QueuedThreadPool - qtp1457148583{STOPPING,8<=8<=10,i=6,q=6} Couldn't stop Thread[qtp1457148583-443,5,main]
[main] WARN org.eclipse.jetty.util.thread.QueuedThreadPool - qtp1457148583{STOPPING,8<=8<=10,i=6,q=6} Couldn't stop Thread[qtp1457148583-437,5,main]
[main] WARN org.eclipse.jetty.util.thread.QueuedThreadPool - qtp1457148583{STOPPING,8<=8<=10,i=5,q=6} Couldn't stop Thread[qtp1457148583-440,5,main]
[main] WARN org.eclipse.jetty.util.thread.QueuedThreadPool - qtp1457148583{STOPPING,8<=8<=10,i=5,q=6} Couldn't stop Thread[qtp1457148583-441,5,main]
[main] WARN org.eclipse.jetty.util.thread.QueuedThreadPool - qtp1457148583{STOPPING,8<=8<=10,i=5,q=6} Couldn't stop Thread[qtp1457148583-442,5,main]
[main] WARN org.eclipse.jetty.util.thread.QueuedThreadPool - qtp1457148583{STOPPING,8<=8<=10,i=5,q=6} Couldn't stop Thread[qtp1457148583-446,5,main]
[main] INFO org.eclipse.jetty.server.Server - jetty-9.2.22.v20170606
[main] INFO org.eclipse.jetty.server.handler.ContextHandler - Started o.e.j.s.ServletContextHandler@58cec85b{/__admin,null,AVAILABLE}
[main] INFO org.eclipse.jetty.server.handler.ContextHandler - Started o.e.j.s.ServletContextHandler@ecfbe91{/,null,AVAILABLE}
[main] INFO org.eclipse.jetty.server.NetworkTrafficServerConnector - Started NetworkTrafficServerConnector@20ed3303{HTTP/1.1}{0.0.0.0:33547}
[main] INFO org.eclipse.jetty.server.Server - Started @2921ms
[qtp320850799-452] INFO /__admin - RequestHandlerClass from context returned com.github.tomakehurst.wiremock.http.AdminRequestHandler. Normalized mapped under returned 'null'
[qtp320850799-453] INFO / - RequestHandlerClass from context returned com.github.tomakehurst.wiremock.http.StubRequestHandler. Normalized mapped under returned 'null'
[main] INFO org.eclipse.jetty.server.NetworkTrafficServerConnector - Stopped NetworkTrafficServerConnector@20ed3303{HTTP/1.1}{0.0.0.0:0}
[main] INFO org.eclipse.jetty.server.handler.ContextHandler - Stopped o.e.j.s.ServletContextHandler@ecfbe91{/,null,UNAVAILABLE}
[main] INFO org.eclipse.jetty.server.handler.ContextHandler - Stopped o.e.j.s.ServletContextHandler@58cec85b{/__admin,null,UNAVAILABLE}
[main] WARN org.eclipse.jetty.util.thread.QueuedThreadPool - qtp320850799{STOPPING,8<=8<=10,i=3,q=4} Couldn't stop Thread[qtp320850799-449,5,]
[main] WARN org.eclipse.jetty.util.thread.QueuedThreadPool - qtp320850799{STOPPING,8<=8<=10,i=0,q=3} Couldn't stop Thread[qtp320850799-448,5,]
[main] INFO org.eclipse.jetty.server.Server - jetty-9.2.22.v20170606
[main] INFO org.eclipse.jetty.server.handler.ContextHandler - Started o.e.j.s.ServletContextHandler@736f3e9e{/__admin,null,AVAILABLE}
[main] INFO org.eclipse.jetty.server.handler.ContextHandler - Started o.e.j.s.ServletContextHandler@73ba6fe6{/,null,AVAILABLE}
[main] INFO org.eclipse.jetty.server.NetworkTrafficServerConnector - Started NetworkTrafficServerConnector@79ab34c1{HTTP/1.1}{0.0.0.0:37439}
[main] INFO org.eclipse.jetty.server.Server - Started @2961ms
[qtp1198442960-464] INFO /__admin - RequestHandlerClass from context returned com.github.tomakehurst.wiremock.http.AdminRequestHandler. Normalized mapped under returned 'null'
[qtp1198442960-465] INFO / - RequestHandlerClass from context returned com.github.tomakehurst.wiremock.http.StubRequestHandler. Normalized mapped under returned 'null'
[main] INFO org.eclipse.jetty.server.NetworkTrafficServerConnector - Stopped NetworkTrafficServerConnector@79ab34c1{HTTP/1.1}{0.0.0.0:0}
[main] INFO org.eclipse.jetty.server.handler.ContextHandler - Stopped o.e.j.s.ServletContextHandler@73ba6fe6{/,null,UNAVAILABLE}
[main] INFO org.eclipse.jetty.server.handler.ContextHandler - Stopped o.e.j.s.ServletContextHandler@736f3e9e{/__admin,null,UNAVAILABLE}
[main] WARN org.eclipse.jetty.util.thread.QueuedThreadPool - qtp1198442960{STOPPING,8<=8<=10,i=6,q=6} Couldn't stop Thread[qtp1198442960-465,5,]
[main] WARN org.eclipse.jetty.util.thread.QueuedThreadPool - qtp1198442960{STOPPING,8<=8<=10,i=3,q=5} Couldn't stop Thread[qtp1198442960-461,5,]
[main] WARN org.eclipse.jetty.util.thread.QueuedThreadPool - qtp1198442960{STOPPING,8<=8<=10,i=3,q=5} Couldn't stop Thread[qtp1198442960-470,5,main]
[main] WARN org.eclipse.jetty.util.thread.QueuedThreadPool - qtp1198442960{STOPPING,8<=8<=10,i=3,q=5} Couldn't stop Thread[qtp1198442960-464,5,main]
[main] WARN org.eclipse.jetty.util.thread.QueuedThreadPool - qtp1198442960{STOPPING,8<=8<=10,i=2,q=5} Couldn't stop Thread[qtp1198442960-460,5,main]
[main] INFO org.eclipse.jetty.server.Server - jetty-9.2.22.v20170606
[main] INFO org.eclipse.jetty.server.handler.ContextHandler - Started o.e.j.s.ServletContextHandler@54f66455{/__admin,null,AVAILABLE}
[main] INFO org.eclipse.jetty.server.handler.ContextHandler - Started o.e.j.s.ServletContextHandler@2e140e59{/,null,AVAILABLE}
[main] INFO org.eclipse.jetty.server.NetworkTrafficServerConnector - Started NetworkTrafficServerConnector@49a71302{HTTP/1.1}{0.0.0.0:33999}
[main] INFO org.eclipse.jetty.server.Server - Started @3009ms
[qtp399699227-476] INFO /__admin - RequestHandlerClass from context returned com.github.tomakehurst.wiremock.http.AdminRequestHandler. Normalized mapped under returned 'null'
[qtp399699227-477] INFO / - RequestHandlerClass from context returned com.github.tomakehurst.wiremock.http.StubRequestHandler. Normalized mapped under returned 'null'
[main] INFO org.eclipse.jetty.server.NetworkTrafficServerConnector - Stopped NetworkTrafficServerConnector@49a71302{HTTP/1.1}{0.0.0.0:0}
[main] INFO org.eclipse.jetty.server.handler.ContextHandler - Stopped o.e.j.s.ServletContextHandler@2e140e59{/,null,UNAVAILABLE}
[main] INFO org.eclipse.jetty.server.handler.ContextHandler - Stopped o.e.j.s.ServletContextHandler@54f66455{/__admin,null,UNAVAILABLE}
[main] WARN org.eclipse.jetty.util.thread.QueuedThreadPool - qtp399699227{STOPPING,8<=8<=10,i=8,q=8} Couldn't stop Thread[qtp399699227-472,5,main]
[main] WARN org.eclipse.jetty.util.thread.QueuedThreadPool - qtp399699227{STOPPING,8<=8<=10,i=5,q=7} Couldn't stop Thread[qtp399699227-477,5,]
[main] WARN org.eclipse.jetty.util.thread.QueuedThreadPool - qtp399699227{STOPPING,8<=8<=10,i=4,q=7} Couldn't stop Thread[qtp399699227-478,5,]
[main] WARN org.eclipse.jetty.util.thread.QueuedThreadPool - qtp399699227{STOPPING,8<=8<=10,i=2,q=7} Couldn't stop Thread[qtp399699227-473,5,]
[main] WARN org.eclipse.jetty.util.thread.QueuedThreadPool - qtp399699227{STOPPING,8<=8<=10,i=1,q=7} Couldn't stop Thread[qtp399699227-479,5,]
[main] WARN org.eclipse.jetty.util.thread.QueuedThreadPool - qtp399699227{STOPPING,8<=8<=10,i=1,q=7} Couldn't stop Thread[qtp399699227-482,5,main]
[main] INFO org.eclipse.jetty.server.Server - jetty-9.2.22.v20170606
[main] INFO org.eclipse.jetty.server.handler.ContextHandler - Started o.e.j.s.ServletContextHandler@5b12012e{/__admin,null,AVAILABLE}
[main] INFO org.eclipse.jetty.server.handler.ContextHandler - Started o.e.j.s.ServletContextHandler@7cf162bc{/,null,AVAILABLE}
[main] INFO org.eclipse.jetty.server.NetworkTrafficServerConnector - Started NetworkTrafficServerConnector@3721177d{HTTP/1.1}{0.0.0.0:45725}
[main] INFO org.eclipse.jetty.server.Server - Started @3040ms
[qtp227100877-488] INFO /__admin - RequestHandlerClass from context returned com.github.tomakehurst.wiremock.http.AdminRequestHandler. Normalized mapped under returned 'null'
[qtp227100877-489] INFO / - RequestHandlerClass from context returned com.github.tomakehurst.wiremock.http.StubRequestHandler. Normalized mapped under returned 'null'
[main] INFO org.eclipse.jetty.server.NetworkTrafficServerConnector - Stopped NetworkTrafficServerConnector@3721177d{HTTP/1.1}{0.0.0.0:0}
[main] INFO org.eclipse.jetty.server.handler.ContextHandler - Stopped o.e.j.s.ServletContextHandler@7cf162bc{/,null,UNAVAILABLE}
[main] INFO org.eclipse.jetty.server.handler.ContextHandler - Stopped o.e.j.s.ServletContextHandler@5b12012e{/__admin,null,UNAVAILABLE}
[main] WARN org.eclipse.jetty.util.thread.QueuedThreadPool - qtp227100877{STOPPING,8<=8<=10,i=8,q=8} Couldn't stop Thread[qtp227100877-488,5,main]
[main] WARN org.eclipse.jetty.util.thread.QueuedThreadPool - qtp227100877{STOPPING,8<=8<=10,i=8,q=8} Couldn't stop Thread[qtp227100877-494,5,main]
[main] WARN org.eclipse.jetty.util.thread.QueuedThreadPool - qtp227100877{STOPPING,8<=8<=10,i=8,q=8} Couldn't stop Thread[qtp227100877-493,5,main]
[main] WARN org.eclipse.jetty.util.thread.QueuedThreadPool - qtp227100877{STOPPING,8<=8<=10,i=8,q=8} Couldn't stop Thread[qtp227100877-485,5,main]
[main] WARN org.eclipse.jetty.util.thread.QueuedThreadPool - qtp227100877{STOPPING,8<=8<=10,i=8,q=8} Couldn't stop Thread[qtp227100877-491,5,main]
[main] WARN org.eclipse.jetty.util.thread.QueuedThreadPool - qtp227100877{STOPPING,8<=8<=10,i=8,q=8} Couldn't stop Thread[qtp227100877-484,5,main]
[main] WARN org.eclipse.jetty.util.thread.QueuedThreadPool - qtp227100877{STOPPING,8<=8<=10,i=8,q=8} Couldn't stop Thread[qtp227100877-490,5,main]
[main] WARN org.eclipse.jetty.util.thread.QueuedThreadPool - qtp227100877{STOPPING,8<=8<=10,i=8,q=8} Couldn't stop Thread[qtp227100877-489,5,main]
[main] INFO org.eclipse.jetty.server.Server - jetty-9.2.22.v20170606
[main] INFO org.eclipse.jetty.server.handler.ContextHandler - Started o.e.j.s.ServletContextHandler@1e6dad8{/__admin,null,AVAILABLE}
[main] INFO org.eclipse.jetty.server.handler.ContextHandler - Started o.e.j.s.ServletContextHandler@f72203{/,null,AVAILABLE}
[main] INFO org.eclipse.jetty.server.NetworkTrafficServerConnector - Started NetworkTrafficServerConnector@377008df{HTTP/1.1}{0.0.0.0:39931}
[main] INFO org.eclipse.jetty.server.Server - Started @3077ms
[qtp1471633238-500] INFO /__admin - RequestHandlerClass from context returned com.github.tomakehurst.wiremock.http.AdminRequestHandler. Normalized mapped under returned 'null'
[qtp1471633238-501] INFO / - RequestHandlerClass from context returned com.github.tomakehurst.wiremock.http.StubRequestHandler. Normalized mapped under returned 'null'
[main] INFO org.eclipse.jetty.server.NetworkTrafficServerConnector - Stopped NetworkTrafficServerConnector@377008df{HTTP/1.1}{0.0.0.0:0}
[main] INFO org.eclipse.jetty.server.handler.ContextHandler - Stopped o.e.j.s.ServletContextHandler@f72203{/,null,UNAVAILABLE}
[main] INFO org.eclipse.jetty.server.handler.ContextHandler - Stopped o.e.j.s.ServletContextHandler@1e6dad8{/__admin,null,UNAVAILABLE}
[main] WARN org.eclipse.jetty.util.thread.QueuedThreadPool - qtp1471633238{STOPPING,8<=8<=10,i=8,q=8} Couldn't stop Thread[qtp1471633238-505,5,main]
[main] WARN org.eclipse.jetty.util.thread.QueuedThreadPool - qtp1471633238{STOPPING,8<=8<=10,i=8,q=8} Couldn't stop Thread[qtp1471633238-506,5,main]
[main] WARN org.eclipse.jetty.util.thread.QueuedThreadPool - qtp1471633238{STOPPING,8<=8<=10,i=8,q=8} Couldn't stop Thread[qtp1471633238-501,5,main]
[main] WARN org.eclipse.jetty.util.thread.QueuedThreadPool - qtp1471633238{STOPPING,8<=8<=10,i=8,q=8} Couldn't stop Thread[qtp1471633238-500,5,main]
[main] WARN org.eclipse.jetty.util.thread.QueuedThreadPool - qtp1471633238{STOPPING,8<=8<=10,i=8,q=8} Couldn't stop Thread[qtp1471633238-497,5,main]
[main] WARN org.eclipse.jetty.util.thread.QueuedThreadPool - qtp1471633238{STOPPING,8<=8<=10,i=8,q=8} Couldn't stop Thread[qtp1471633238-503,5,main]
[main] WARN org.eclipse.jetty.util.thread.QueuedThreadPool - qtp1471633238{STOPPING,8<=8<=10,i=8,q=8} Couldn't stop Thread[qtp1471633238-496,5,main]
[main] WARN org.eclipse.jetty.util.thread.QueuedThreadPool - qtp1471633238{STOPPING,8<=8<=10,i=8,q=8} Couldn't stop Thread[qtp1471633238-502,5,main]
[main] INFO org.eclipse.jetty.server.Server - jetty-9.2.22.v20170606
[main] INFO org.eclipse.jetty.server.handler.ContextHandler - Started o.e.j.s.ServletContextHandler@37b72ea{/__admin,null,AVAILABLE}
[main] INFO org.eclipse.jetty.server.handler.ContextHandler - Started o.e.j.s.ServletContextHandler@69d6a7cd{/,null,AVAILABLE}
[main] INFO org.eclipse.jetty.server.NetworkTrafficServerConnector - Started NetworkTrafficServerConnector@3162743f{HTTP/1.1}{0.0.0.0:45235}
[main] INFO org.eclipse.jetty.server.Server - Started @3129ms
[qtp496425074-512] INFO /__admin - RequestHandlerClass from context returned com.github.tomakehurst.wiremock.http.AdminRequestHandler. Normalized mapped under returned 'null'
[qtp496425074-513] INFO / - RequestHandlerClass from context returned com.github.tomakehurst.wiremock.http.StubRequestHandler. Normalized mapped under returned 'null'
[main] INFO org.eclipse.jetty.server.NetworkTrafficServerConnector - Stopped NetworkTrafficServerConnector@3162743f{HTTP/1.1}{0.0.0.0:0}
[main] INFO org.eclipse.jetty.server.handler.ContextHandler - Stopped o.e.j.s.ServletContextHandler@69d6a7cd{/,null,UNAVAILABLE}
[main] INFO org.eclipse.jetty.server.handler.ContextHandler - Stopped o.e.j.s.ServletContextHandler@37b72ea{/__admin,null,UNAVAILABLE}
[main] WARN org.eclipse.jetty.util.thread.QueuedThreadPool - qtp496425074{STOPPING,8<=8<=10,i=6,q=6} Couldn't stop Thread[qtp496425074-512,5,]
[main] WARN org.eclipse.jetty.util.thread.QueuedThreadPool - qtp496425074{STOPPING,8<=8<=10,i=3,q=6} Couldn't stop Thread[qtp496425074-513,5,]
[main] WARN org.eclipse.jetty.util.thread.QueuedThreadPool - qtp496425074{STOPPING,8<=8<=10,i=2,q=5} Couldn't stop Thread[qtp496425074-509,5,]
[main] WARN org.eclipse.jetty.util.thread.QueuedThreadPool - qtp496425074{STOPPING,8<=8<=10,i=2,q=5} Couldn't stop Thread[qtp496425074-517,5,main]
[main] WARN org.eclipse.jetty.util.thread.QueuedThreadPool - qtp496425074{STOPPING,8<=8<=10,i=2,q=5} Couldn't stop Thread[qtp496425074-508,5,main]
[main] INFO org.eclipse.jetty.server.Server - jetty-9.2.22.v20170606
[main] INFO org.eclipse.jetty.server.handler.ContextHandler - Started o.e.j.s.ServletContextHandler@49cf9028{/__admin,null,AVAILABLE}
[main] INFO org.eclipse.jetty.server.handler.ContextHandler - Started o.e.j.s.ServletContextHandler@7ce9e05a{/,null,AVAILABLE}
[main] INFO org.eclipse.jetty.server.NetworkTrafficServerConnector - Started NetworkTrafficServerConnector@4992613f{HTTP/1.1}{0.0.0.0:44993}
[main] INFO org.eclipse.jetty.server.Server - Started @3169ms
[qtp867205829-524] INFO /__admin - RequestHandlerClass from context returned com.github.tomakehurst.wiremock.http.AdminRequestHandler. Normalized mapped under returned 'null'
[qtp867205829-525] INFO / - RequestHandlerClass from context returned com.github.tomakehurst.wiremock.http.StubRequestHandler. Normalized mapped under returned 'null'
[main] INFO org.eclipse.jetty.server.NetworkTrafficServerConnector - Stopped NetworkTrafficServerConnector@4992613f{HTTP/1.1}{0.0.0.0:0}
[main] INFO org.eclipse.jetty.server.handler.ContextHandler - Stopped o.e.j.s.ServletContextHandler@7ce9e05a{/,null,UNAVAILABLE}
[main] INFO org.eclipse.jetty.server.handler.ContextHandler - Stopped o.e.j.s.ServletContextHandler@49cf9028{/__admin,null,UNAVAILABLE}
[main] WARN org.eclipse.jetty.util.thread.QueuedThreadPool - qtp867205829{STOPPING,8<=8<=10,i=7,q=6} Couldn't stop Thread[qtp867205829-521,5,main]
[main] WARN org.eclipse.jetty.util.thread.QueuedThreadPool - qtp867205829{STOPPING,8<=8<=10,i=5,q=6} Couldn't stop Thread[qtp867205829-526,5,main]
[main] WARN org.eclipse.jetty.util.thread.QueuedThreadPool - qtp867205829{STOPPING,8<=8<=10,i=3,q=6} Couldn't stop Thread[qtp867205829-527,5,]
[main] WARN org.eclipse.jetty.util.thread.QueuedThreadPool - qtp867205829{STOPPING,8<=8<=10,i=2,q=6} Couldn't stop Thread[qtp867205829-520,5,]
[main] WARN org.eclipse.jetty.util.thread.QueuedThreadPool - qtp867205829{STOPPING,8<=8<=10,i=1,q=6} Couldn't stop Thread[qtp867205829-525,5,]
[main] WARN org.eclipse.jetty.util.thread.QueuedThreadPool - qtp867205829{STOPPING,8<=8<=10,i=0,q=6} Couldn't stop Thread[qtp867205829-524,5,]
[main] INFO org.eclipse.jetty.server.Server - jetty-9.2.22.v20170606
[main] INFO org.eclipse.jetty.server.handler.ContextHandler - Started o.e.j.s.ServletContextHandler@26a2f7f9{/__admin,null,AVAILABLE}
[main] INFO org.eclipse.jetty.server.handler.ContextHandler - Started o.e.j.s.ServletContextHandler@21422231{/,null,AVAILABLE}
[main] INFO org.eclipse.jetty.server.NetworkTrafficServerConnector - Started NetworkTrafficServerConnector@10ee04df{HTTP/1.1}{0.0.0.0:43559}
[main] INFO org.eclipse.jetty.server.Server - Started @3198ms
[qtp1409978427-536] INFO /__admin - RequestHandlerClass from context returned com.github.tomakehurst.wiremock.http.AdminRequestHandler. Normalized mapped under returned 'null'
[qtp1409978427-537] INFO / - RequestHandlerClass from context returned com.github.tomakehurst.wiremock.http.StubRequestHandler. Normalized mapped under returned 'null'
[main] INFO org.eclipse.jetty.server.NetworkTrafficServerConnector - Stopped NetworkTrafficServerConnector@10ee04df{HTTP/1.1}{0.0.0.0:0}
[main] INFO org.eclipse.jetty.server.handler.ContextHandler - Stopped o.e.j.s.ServletContextHandler@21422231{/,null,UNAVAILABLE}
[main] INFO org.eclipse.jetty.server.handler.ContextHandler - Stopped o.e.j.s.ServletContextHandler@26a2f7f9{/__admin,null,UNAVAILABLE}
[main] WARN org.eclipse.jetty.util.thread.QueuedThreadPool - qtp1409978427{STOPPING,8<=8<=10,i=5,q=6} Couldn't stop Thread[qtp1409978427-533,5,]
[main] WARN org.eclipse.jetty.util.thread.QueuedThreadPool - qtp1409978427{STOPPING,8<=8<=10,i=4,q=6} Couldn't stop Thread[qtp1409978427-538,5,]
[main] WARN org.eclipse.jetty.util.thread.QueuedThreadPool - qtp1409978427{STOPPING,8<=8<=10,i=4,q=6} Couldn't stop Thread[qtp1409978427-536,5,main]
[main] WARN org.eclipse.jetty.util.thread.QueuedThreadPool - qtp1409978427{STOPPING,8<=8<=10,i=4,q=6} Couldn't stop Thread[qtp1409978427-537,5,main]
[main] WARN org.eclipse.jetty.util.thread.QueuedThreadPool - qtp1409978427{STOPPING,8<=8<=10,i=4,q=6} Couldn't stop Thread[qtp1409978427-532,5,main]
[main] WARN org.eclipse.jetty.util.thread.QueuedThreadPool - qtp1409978427{STOPPING,8<=8<=10,i=4,q=6} Couldn't stop Thread[qtp1409978427-539,5,main]
[main] INFO org.eclipse.jetty.server.Server - jetty-9.2.22.v20170606
[main] INFO org.eclipse.jetty.server.handler.ContextHandler - Started o.e.j.s.ServletContextHandler@3fd2322d{/__admin,null,AVAILABLE}
[main] INFO org.eclipse.jetty.server.handler.ContextHandler - Started o.e.j.s.ServletContextHandler@1023150a{/,null,AVAILABLE}
[main] INFO org.eclipse.jetty.server.NetworkTrafficServerConnector - Started NetworkTrafficServerConnector@3ece1e79{HTTP/1.1}{0.0.0.0:36775}
[main] INFO org.eclipse.jetty.server.Server - Started @3232ms
[qtp1609754699-548] INFO /__admin - RequestHandlerClass from context returned com.github.tomakehurst.wiremock.http.AdminRequestHandler. Normalized mapped under returned 'null'
[qtp1609754699-549] INFO / - RequestHandlerClass from context returned com.github.tomakehurst.wiremock.http.StubRequestHandler. Normalized mapped under returned 'null'
[main] INFO org.eclipse.jetty.server.NetworkTrafficServerConnector - Stopped NetworkTrafficServerConnector@3ece1e79{HTTP/1.1}{0.0.0.0:0}
[main] INFO org.eclipse.jetty.server.handler.ContextHandler - Stopped o.e.j.s.ServletContextHandler@1023150a{/,null,UNAVAILABLE}
[main] INFO org.eclipse.jetty.server.handler.ContextHandler - Stopped o.e.j.s.ServletContextHandler@3fd2322d{/__admin,null,UNAVAILABLE}
Tests run: 25, Failures: 0, Errors: 0, Skipped: 0, Time elapsed: 0.994 sec

Results :

Tests run: 72, Failures: 0, Errors: 0, Skipped: 0

[INFO] 
[INFO] --- maven-jar-plugin:2.6:jar (default-jar) @ geoip2 ---
[INFO] Building jar: /tmp/tmpkkhzz410/GeoIP2-java/target/geoip2-2.12.0.jar
[INFO] 
[INFO] --- maven-javadoc-plugin:3.0.0-M1:jar (javadoc-jar) @ geoip2 ---
[INFO] Skipping javadoc generation
[INFO] 
[INFO] --- maven-assembly-plugin:3.2.0:single (default) @ geoip2 ---
[INFO] Reading assembly descriptor: src/assembly/bin.xml
[WARNING] The assembly descriptor contains a *nix-specific root-relative reference (starting with slash). This is not portable and might fail on Windows: /
[INFO] Building zip: /tmp/tmpkkhzz410/GeoIP2-java/target/geoip2-2.12.0-with-dependencies.zip
[INFO] Building jar: /tmp/tmpkkhzz410/GeoIP2-java/target/geoip2-2.12.0-jar-with-dependencies.jar
[INFO] 
[INFO] >>> maven-source-plugin:2.4:jar (attach-sources) > generate-sources @ geoip2 >>>
[INFO] 
[INFO] --- maven-enforcer-plugin:1.0:enforce (enforce-maven) @ geoip2 ---
[INFO] 
[INFO] --- exec-maven-plugin:1.4.0:exec (invoke build) @ geoip2 ---
[INFO] 
[INFO] <<< maven-source-plugin:2.4:jar (attach-sources) < generate-sources @ geoip2 <<<
[INFO] 
[INFO] 
[INFO] --- maven-source-plugin:2.4:jar (attach-sources) @ geoip2 ---
[INFO] Skipping source per configuration.
[INFO] ------------------------------------------------------------------------
[INFO] BUILD SUCCESS
[INFO] ------------------------------------------------------------------------
[INFO] Total time:  16.972 s
[INFO] Finished at: 2020-07-30T17:15:28Z
[INFO] ------------------------------------------------------------------------
