[INFO] Error stacktraces are turned on.
[INFO] Scanning for projects...
[INFO] 
[INFO] ---------------< org.apache.sling:org.apache.sling.api >----------------
[INFO] Building Apache Sling API 2.16.0
[INFO] -------------------------------[ bundle ]-------------------------------
[INFO] 
[INFO] --- maven-enforcer-plugin:1.4.1:enforce (enforce-java) @ org.apache.sling.api ---
[INFO] 
[INFO] --- maven-antrun-plugin:1.8:run (set-bundle-required-execution-environment) @ org.apache.sling.api ---
[INFO] Executing tasks

main:
Setting Bundle-RequiredExecutionEnvironment=JavaSE-1.7 from sling.java.version=7
[INFO] Executed tasks
[INFO] 
[INFO] --- maven-remote-resources-plugin:1.5:process (process-resource-bundles) @ org.apache.sling.api ---
[INFO] 
[INFO] --- maven-remote-resources-plugin:1.5:process (default) @ org.apache.sling.api ---
[INFO] 
[INFO] --- maven-resources-plugin:2.7:resources (default-resources) @ org.apache.sling.api ---
[INFO] Using 'UTF-8' encoding to copy filtered resources.
[INFO] Copying 1 resource
[INFO] Copying 3 resources
[INFO] Copying 3 resources
[INFO] 
[INFO] --- maven-compiler-plugin:3.5.1:compile (default-compile) @ org.apache.sling.api ---
[INFO] Changes detected - recompiling the module!
[INFO] Compiling 109 source files to /tmp/tmpj_cqnjhl/sling-org-apache-sling-api/target/classes
[INFO] /tmp/tmpj_cqnjhl/sling-org-apache-sling-api/src/main/java/org/apache/sling/api/wrappers/ResourceResolverWrapper.java: /tmp/tmpj_cqnjhl/sling-org-apache-sling-api/src/main/java/org/apache/sling/api/wrappers/ResourceResolverWrapper.java uses or overrides a deprecated API.
[INFO] /tmp/tmpj_cqnjhl/sling-org-apache-sling-api/src/main/java/org/apache/sling/api/wrappers/ResourceResolverWrapper.java: Recompile with -Xlint:deprecation for details.
[INFO] /tmp/tmpj_cqnjhl/sling-org-apache-sling-api/src/main/java/org/apache/sling/api/wrappers/ValueMapDecorator.java: /tmp/tmpj_cqnjhl/sling-org-apache-sling-api/src/main/java/org/apache/sling/api/wrappers/ValueMapDecorator.java uses unchecked or unsafe operations.
[INFO] /tmp/tmpj_cqnjhl/sling-org-apache-sling-api/src/main/java/org/apache/sling/api/wrappers/ValueMapDecorator.java: Recompile with -Xlint:unchecked for details.
[INFO] 
[INFO] --- maven-resources-plugin:2.7:testResources (default-testResources) @ org.apache.sling.api ---
[INFO] Using 'UTF-8' encoding to copy filtered resources.
[INFO] skip non existing resourceDirectory /tmp/tmpj_cqnjhl/sling-org-apache-sling-api/src/test/resources
[INFO] Copying 3 resources
[INFO] Copying 3 resources
[INFO] 
[INFO] --- maven-compiler-plugin:3.5.1:testCompile (default-testCompile) @ org.apache.sling.api ---
[INFO] Changes detected - recompiling the module!
[INFO] Compiling 13 source files to /tmp/tmpj_cqnjhl/sling-org-apache-sling-api/target/test-classes
[INFO] /tmp/tmpj_cqnjhl/sling-org-apache-sling-api/src/test/java/org/apache/sling/api/resource/NonExistingResourceTest.java: Some input files use or override a deprecated API.
[INFO] /tmp/tmpj_cqnjhl/sling-org-apache-sling-api/src/test/java/org/apache/sling/api/resource/NonExistingResourceTest.java: Recompile with -Xlint:deprecation for details.
[INFO] /tmp/tmpj_cqnjhl/sling-org-apache-sling-api/src/test/java/org/apache/sling/api/wrappers/ResourceResolverWrapperTest.java: /tmp/tmpj_cqnjhl/sling-org-apache-sling-api/src/test/java/org/apache/sling/api/wrappers/ResourceResolverWrapperTest.java uses unchecked or unsafe operations.
[INFO] /tmp/tmpj_cqnjhl/sling-org-apache-sling-api/src/test/java/org/apache/sling/api/wrappers/ResourceResolverWrapperTest.java: Recompile with -Xlint:unchecked for details.
[INFO] 
[INFO] --- maven-surefire-plugin:2.18.1:test (default-test) @ org.apache.sling.api ---
[INFO] Surefire report directory: /tmp/tmpj_cqnjhl/sling-org-apache-sling-api/target/surefire-reports

-------------------------------------------------------
 T E S T S
-------------------------------------------------------
Running org.apache.sling.api.resource.path.PathTest
Tests run: 7, Failures: 0, Errors: 0, Skipped: 0, Time elapsed: 0.002 sec - in org.apache.sling.api.resource.path.PathTest
Running org.apache.sling.api.resource.path.PathSetTest
Tests run: 8, Failures: 0, Errors: 0, Skipped: 0, Time elapsed: 0.008 sec - in org.apache.sling.api.resource.path.PathSetTest
Running org.apache.sling.api.resource.path.PathBuilderTest
Tests run: 10, Failures: 0, Errors: 0, Skipped: 0, Time elapsed: 0 sec - in org.apache.sling.api.resource.path.PathBuilderTest
Running org.apache.sling.api.resource.ResourceMetadataTest
Tests run: 11, Failures: 0, Errors: 0, Skipped: 0, Time elapsed: 0.014 sec - in org.apache.sling.api.resource.ResourceMetadataTest
Running org.apache.sling.api.resource.ResourceUtilTest
Tests run: 15, Failures: 0, Errors: 0, Skipped: 0, Time elapsed: 0.051 sec - in org.apache.sling.api.resource.ResourceUtilTest
Running org.apache.sling.api.resource.NonExistingResourceTest
Tests run: 2, Failures: 0, Errors: 0, Skipped: 0, Time elapsed: 0.014 sec - in org.apache.sling.api.resource.NonExistingResourceTest
Running org.apache.sling.api.wrappers.CompositeValueMapTest
Tests run: 4, Failures: 0, Errors: 0, Skipped: 0, Time elapsed: 0.021 sec - in org.apache.sling.api.wrappers.CompositeValueMapTest
Running org.apache.sling.api.wrappers.ResourceResolverWrapperTest
Tests run: 32, Failures: 0, Errors: 0, Skipped: 0, Time elapsed: 0.492 sec - in org.apache.sling.api.wrappers.ResourceResolverWrapperTest
Running org.apache.sling.api.wrappers.ValueMapDecoratorTest
Tests run: 10, Failures: 0, Errors: 0, Skipped: 1, Time elapsed: 0.025 sec - in org.apache.sling.api.wrappers.ValueMapDecoratorTest
Running org.apache.sling.api.SlingExceptionTest
Tests run: 4, Failures: 0, Errors: 0, Skipped: 0, Time elapsed: 0.002 sec - in org.apache.sling.api.SlingExceptionTest
Running org.apache.sling.api.request.RequestDispatcherOptionsTest
Tests run: 6, Failures: 0, Errors: 0, Skipped: 0, Time elapsed: 0.005 sec - in org.apache.sling.api.request.RequestDispatcherOptionsTest
Running org.apache.sling.api.request.RequestUtilTest
Tests run: 2, Failures: 0, Errors: 0, Skipped: 0, Time elapsed: 0.002 sec - in org.apache.sling.api.request.RequestUtilTest
Running org.apache.sling.api.request.ResponseUtilTest
Tests run: 8, Failures: 0, Errors: 0, Skipped: 0, Time elapsed: 0.003 sec - in org.apache.sling.api.request.ResponseUtilTest

Results :

Tests run: 119, Failures: 0, Errors: 0, Skipped: 1

[INFO] 
[INFO] --- animal-sniffer-maven-plugin:1.15:check (default) @ org.apache.sling.api ---
[INFO] Signature checking is skipped.
[INFO] 
[INFO] --- maven-bundle-plugin:3.2.0:bundle (default-bundle) @ org.apache.sling.api ---
[INFO] 
[INFO] >>> maven-source-plugin:3.0.1:jar (attach-sources) > generate-sources @ org.apache.sling.api >>>
[INFO] 
[INFO] --- maven-enforcer-plugin:1.4.1:enforce (enforce-java) @ org.apache.sling.api ---
[INFO] 
[INFO] --- maven-antrun-plugin:1.8:run (set-bundle-required-execution-environment) @ org.apache.sling.api ---
[INFO] Executing tasks

main:
Setting Bundle-RequiredExecutionEnvironment=JavaSE-1.7 from sling.java.version=7
[INFO] Executed tasks
[INFO] 
[INFO] <<< maven-source-plugin:3.0.1:jar (attach-sources) < generate-sources @ org.apache.sling.api <<<
[INFO] 
[INFO] 
[INFO] --- maven-source-plugin:3.0.1:jar (attach-sources) @ org.apache.sling.api ---
[INFO] Building jar: /tmp/tmpj_cqnjhl/sling-org-apache-sling-api/target/org.apache.sling.api-2.16.0-sources.jar
[INFO] 
[INFO] --- maven-site-plugin:3.5.1:attach-descriptor (attach-descriptor) @ org.apache.sling.api ---
[INFO] 
[INFO] --- maven-assembly-plugin:3.2.0:single (default) @ org.apache.sling.api ---
[INFO] Building jar: /tmp/tmpj_cqnjhl/sling-org-apache-sling-api/target/org.apache.sling.api-2.16.0-jar-with-dependencies.jar
[INFO] ------------------------------------------------------------------------
[INFO] BUILD SUCCESS
[INFO] ------------------------------------------------------------------------
[INFO] Total time:  22.327 s
[INFO] Finished at: 2020-07-30T15:33:25Z
[INFO] ------------------------------------------------------------------------
