[INFO] Error stacktraces are turned on.
[INFO] Scanning for projects...
[INFO] 
[INFO] ----------------< uk.co.cameronhunter.aws:glacier-cli >-----------------
[INFO] Building glacier-cli 4.0.0
[INFO] --------------------------------[ jar ]---------------------------------
[INFO] 
[INFO] --- jacoco-maven-plugin:0.8.5:prepare-agent (default) @ glacier-cli ---
[INFO] argLine set to -javaagent:/home/jdbl/.m2/repository/org/jacoco/org.jacoco.agent/0.8.5/org.jacoco.agent-0.8.5-runtime.jar=destfile=/tmp/tmp_g2vzadx/glacier-cli/target/jacoco.exec
[INFO] 
[INFO] --- maven-resources-plugin:2.6:resources (default-resources) @ glacier-cli ---
[INFO] Using 'UTF-8' encoding to copy filtered resources.
[INFO] Copying 2 resources
[INFO] 
[INFO] --- maven-compiler-plugin:3.1:compile (default-compile) @ glacier-cli ---
[INFO] Changes detected - recompiling the module!
[INFO] Compiling 21 source files to /tmp/tmp_g2vzadx/glacier-cli/target/classes
[INFO] 
[INFO] --- maven-resources-plugin:2.6:testResources (default-testResources) @ glacier-cli ---
[INFO] Using 'UTF-8' encoding to copy filtered resources.
[INFO] Copying 1 resource
[INFO] 
[INFO] --- maven-compiler-plugin:3.1:testCompile (default-testCompile) @ glacier-cli ---
[INFO] Changes detected - recompiling the module!
[INFO] Compiling 8 source files to /tmp/tmp_g2vzadx/glacier-cli/target/test-classes
[INFO] 
[INFO] --- maven-surefire-plugin:2.19.1:test (default-test) @ glacier-cli ---
[INFO] Surefire report directory: /tmp/tmp_g2vzadx/glacier-cli/target/surefire-reports

-------------------------------------------------------
 T E S T S
-------------------------------------------------------
Running uk.co.cameronhunter.aws.glacier.actions.DeleteTest
2020-07-30T22:48:45+0000 [INFO] Deleting archiveId "archive-id" from vault "vault"
2020-07-30T22:48:45+0000 [ERROR] Failed to delete archiveId "archive-id" from vault "vault" <com.amazonaws.AmazonServiceException: Service exception (Service: null; Status Code: 0; Error Code: null; Request ID: null)>com.amazonaws.AmazonServiceException: Service exception (Service: null; Status Code: 0; Error Code: null; Request ID: null)
	at org.jmock.lib.action.ThrowAction.invoke(ThrowAction.java:27)
	at org.jmock.internal.InvocationExpectation.invoke(InvocationExpectation.java:114)
	at org.jmock.internal.InvocationDispatcher.dispatch(InvocationDispatcher.java:52)
	at org.jmock.Mockery.dispatch(Mockery.java:218)
	at org.jmock.Mockery.access$000(Mockery.java:43)
	at org.jmock.Mockery$MockObject.invoke(Mockery.java:258)
	at org.jmock.internal.InvocationDiverter.invoke(InvocationDiverter.java:27)
	at org.jmock.internal.FakeObjectMethods.invoke(FakeObjectMethods.java:38)
	at org.jmock.lib.legacy.ClassImposteriser$4.invoke(ClassImposteriser.java:137)
	at com.amazonaws.services.glacier.AmazonGlacier$$EnhancerByCGLIB$$35fe451e.deleteArchive(<generated>)
	at uk.co.cameronhunter.aws.glacier.actions.Delete.call(Delete.java:31)
	at uk.co.cameronhunter.aws.glacier.actions.DeleteTest.delete_returnsFalseWhenNotSuccessful(DeleteTest.java:36)
	at sun.reflect.NativeMethodAccessorImpl.invoke0(Native Method)
	at sun.reflect.NativeMethodAccessorImpl.invoke(NativeMethodAccessorImpl.java:62)
	at sun.reflect.DelegatingMethodAccessorImpl.invoke(DelegatingMethodAccessorImpl.java:43)
	at java.lang.reflect.Method.invoke(Method.java:498)
	at org.junit.runners.model.FrameworkMethod$1.runReflectiveCall(FrameworkMethod.java:45)
	at org.junit.internal.runners.model.ReflectiveCallable.run(ReflectiveCallable.java:15)
	at org.junit.runners.model.FrameworkMethod.invokeExplosively(FrameworkMethod.java:42)
	at org.junit.internal.runners.statements.InvokeMethod.evaluate(InvokeMethod.java:20)
	at org.junit.internal.runners.statements.RunBefores.evaluate(RunBefores.java:28)
	at org.junit.internal.runners.statements.RunAfters.evaluate(RunAfters.java:30)
	at org.junit.runners.ParentRunner.runLeaf(ParentRunner.java:263)
	at org.junit.runners.BlockJUnit4ClassRunner.runChild(BlockJUnit4ClassRunner.java:68)
	at org.junit.runners.BlockJUnit4ClassRunner.runChild(BlockJUnit4ClassRunner.java:47)
	at org.junit.runners.ParentRunner$3.run(ParentRunner.java:231)
	at org.junit.runners.ParentRunner$1.schedule(ParentRunner.java:60)
	at org.junit.runners.ParentRunner.runChildren(ParentRunner.java:229)
	at org.junit.runners.ParentRunner.access$000(ParentRunner.java:50)
	at org.junit.runners.ParentRunner$2.evaluate(ParentRunner.java:222)
	at org.junit.runners.ParentRunner.run(ParentRunner.java:300)
	at org.apache.maven.surefire.junit4.JUnit4Provider.execute(JUnit4Provider.java:367)
	at org.apache.maven.surefire.junit4.JUnit4Provider.executeWithRerun(JUnit4Provider.java:274)
	at org.apache.maven.surefire.junit4.JUnit4Provider.executeTestSet(JUnit4Provider.java:238)
	at org.apache.maven.surefire.junit4.JUnit4Provider.invoke(JUnit4Provider.java:161)
	at org.apache.maven.surefire.booter.ForkedBooter.invokeProviderInSameClassLoader(ForkedBooter.java:290)
	at org.apache.maven.surefire.booter.ForkedBooter.runSuitesInProcess(ForkedBooter.java:242)
	at org.apache.maven.surefire.booter.ForkedBooter.main(ForkedBooter.java:121)

2020-07-30T22:48:45+0000 [INFO] Deleting archiveId "archive-id" from vault "vault"
2020-07-30T22:48:45+0000 [INFO] Successfully deleted archiveId "archive-id" from vault "vault"
Tests run: 2, Failures: 0, Errors: 0, Skipped: 0, Time elapsed: 0.689 sec - in uk.co.cameronhunter.aws.glacier.actions.DeleteTest
Running uk.co.cameronhunter.aws.glacier.actions.VaultsTest
Tests run: 2, Failures: 0, Errors: 0, Skipped: 0, Time elapsed: 0.06 sec - in uk.co.cameronhunter.aws.glacier.actions.VaultsTest
Running uk.co.cameronhunter.aws.glacier.actions.DownloadTest
2020-07-30T22:48:45+0000 [INFO] Downloading archiveId "archive-id" from vault "vault"
2020-07-30T22:48:45+0000 [INFO] Successfully downloaded archiveId "archive-id" from vault "vault"
2020-07-30T22:48:45+0000 [INFO] Downloading archiveId "archive-id" from vault "vault"
2020-07-30T22:48:45+0000 [ERROR] Failed to download archiveId "archive-id" from vault "vault" <com.amazonaws.AmazonServiceException: Some AWS exception (Service: null; Status Code: 0; Error Code: null; Request ID: null)>com.amazonaws.AmazonServiceException: Some AWS exception (Service: null; Status Code: 0; Error Code: null; Request ID: null)
	at org.jmock.lib.action.ThrowAction.invoke(ThrowAction.java:27)
	at org.jmock.internal.InvocationExpectation.invoke(InvocationExpectation.java:114)
	at org.jmock.internal.InvocationDispatcher.dispatch(InvocationDispatcher.java:52)
	at org.jmock.Mockery.dispatch(Mockery.java:218)
	at org.jmock.Mockery.access$000(Mockery.java:43)
	at org.jmock.Mockery$MockObject.invoke(Mockery.java:258)
	at org.jmock.internal.InvocationDiverter.invoke(InvocationDiverter.java:27)
	at org.jmock.internal.FakeObjectMethods.invoke(FakeObjectMethods.java:38)
	at org.jmock.lib.legacy.ClassImposteriser$4.invoke(ClassImposteriser.java:137)
	at com.amazonaws.services.glacier.transfer.ArchiveTransferManager$$EnhancerByCGLIB$$bf6a70ac.download(<generated>)
	at uk.co.cameronhunter.aws.glacier.actions.Download.downloadTo(Download.java:56)
	at uk.co.cameronhunter.aws.glacier.actions.DownloadTest.download_shouldCleanUpAfterAnException(DownloadTest.java:32)
	at sun.reflect.NativeMethodAccessorImpl.invoke0(Native Method)
	at sun.reflect.NativeMethodAccessorImpl.invoke(NativeMethodAccessorImpl.java:62)
	at sun.reflect.DelegatingMethodAccessorImpl.invoke(DelegatingMethodAccessorImpl.java:43)
	at java.lang.reflect.Method.invoke(Method.java:498)
	at org.junit.runners.model.FrameworkMethod$1.runReflectiveCall(FrameworkMethod.java:45)
	at org.junit.internal.runners.model.ReflectiveCallable.run(ReflectiveCallable.java:15)
	at org.junit.runners.model.FrameworkMethod.invokeExplosively(FrameworkMethod.java:42)
	at org.junit.internal.runners.statements.InvokeMethod.evaluate(InvokeMethod.java:20)
	at org.junit.internal.runners.statements.ExpectException.evaluate(ExpectException.java:22)
	at org.junit.internal.runners.statements.RunBefores.evaluate(RunBefores.java:28)
	at org.junit.internal.runners.statements.RunAfters.evaluate(RunAfters.java:30)
	at org.junit.runners.ParentRunner.runLeaf(ParentRunner.java:263)
	at org.junit.runners.BlockJUnit4ClassRunner.runChild(BlockJUnit4ClassRunner.java:68)
	at org.junit.runners.BlockJUnit4ClassRunner.runChild(BlockJUnit4ClassRunner.java:47)
	at org.junit.runners.ParentRunner$3.run(ParentRunner.java:231)
	at org.junit.runners.ParentRunner$1.schedule(ParentRunner.java:60)
	at org.junit.runners.ParentRunner.runChildren(ParentRunner.java:229)
	at org.junit.runners.ParentRunner.access$000(ParentRunner.java:50)
	at org.junit.runners.ParentRunner$2.evaluate(ParentRunner.java:222)
	at org.junit.runners.ParentRunner.run(ParentRunner.java:300)
	at org.apache.maven.surefire.junit4.JUnit4Provider.execute(JUnit4Provider.java:367)
	at org.apache.maven.surefire.junit4.JUnit4Provider.executeWithRerun(JUnit4Provider.java:274)
	at org.apache.maven.surefire.junit4.JUnit4Provider.executeTestSet(JUnit4Provider.java:238)
	at org.apache.maven.surefire.junit4.JUnit4Provider.invoke(JUnit4Provider.java:161)
	at org.apache.maven.surefire.booter.ForkedBooter.invokeProviderInSameClassLoader(ForkedBooter.java:290)
	at org.apache.maven.surefire.booter.ForkedBooter.runSuitesInProcess(ForkedBooter.java:242)
	at org.apache.maven.surefire.booter.ForkedBooter.main(ForkedBooter.java:121)

Tests run: 2, Failures: 0, Errors: 0, Skipped: 0, Time elapsed: 0.108 sec - in uk.co.cameronhunter.aws.glacier.actions.DownloadTest
Running uk.co.cameronhunter.aws.glacier.actions.InventoryTest
Tests run: 1, Failures: 0, Errors: 0, Skipped: 0, Time elapsed: 0.484 sec - in uk.co.cameronhunter.aws.glacier.actions.InventoryTest
Running uk.co.cameronhunter.aws.glacier.actions.UploadTest
2020-07-30T22:48:46+0000 [INFO] Uploading "archive.zip" (0 bytes) to vault "vault"
2020-07-30T22:48:46+0000 [INFO] Archive "archive.zip" successfully uploaded to vault "vault"
Tests run: 3, Failures: 0, Errors: 0, Skipped: 0, Time elapsed: 0.022 sec - in uk.co.cameronhunter.aws.glacier.actions.UploadTest
Running uk.co.cameronhunter.aws.glacier.utils.CheckTest
Tests run: 7, Failures: 0, Errors: 0, Skipped: 0, Time elapsed: 0.001 sec - in uk.co.cameronhunter.aws.glacier.utils.CheckTest
Running uk.co.cameronhunter.aws.glacier.utils.CharDelimitedStringTest
Tests run: 4, Failures: 0, Errors: 0, Skipped: 0, Time elapsed: 0.027 sec - in uk.co.cameronhunter.aws.glacier.utils.CharDelimitedStringTest

Results :

Tests run: 21, Failures: 0, Errors: 0, Skipped: 0

[INFO] 
[INFO] --- jacoco-maven-plugin:0.8.5:report (report) @ glacier-cli ---
[INFO] Loading execution data file /tmp/tmp_g2vzadx/glacier-cli/target/jacoco.exec
[INFO] Analyzed bundle 'glacier-cli' with 329 classes
[INFO] ------------------------------------------------------------------------
[INFO] BUILD SUCCESS
[INFO] ------------------------------------------------------------------------
[INFO] Total time:  35.053 s
[INFO] Finished at: 2020-07-30T22:48:48Z
[INFO] ------------------------------------------------------------------------
