[INFO] Error stacktraces are turned on.
[INFO] Scanning for projects...
[INFO] 
[INFO] ------------------< com.googlecode.ez-vcard:ez-vcard >------------------
[INFO] Building ez-vcard 0.10.7-SNAPSHOT
[INFO] -------------------------------[ bundle ]-------------------------------
[INFO] 
[INFO] --- maven-enforcer-plugin:1.0:enforce (enforce-maven) @ ez-vcard ---
[INFO] 
[INFO] --- jacoco-maven-plugin:0.8.5:prepare-agent (default) @ ez-vcard ---
[INFO] argLine set to -javaagent:/home/jdbl/.m2/repository/org/jacoco/org.jacoco.agent/0.8.5/org.jacoco.agent-0.8.5-runtime.jar=destfile=/tmp/tmp83z_gw04/ez-vcard/target/jacoco.exec
[INFO] 
[INFO] --- maven-resources-plugin:2.4.3:resources (default-resources) @ ez-vcard ---
[INFO] Using 'UTF-8' encoding to copy filtered resources.
[INFO] Copying 7 resources
[INFO] Copying 1 resource
[INFO] 
[INFO] --- maven-compiler-plugin:2.3.2:compile (default-compile) @ ez-vcard ---
[INFO] Compiling 228 source files to /tmp/tmp83z_gw04/ez-vcard/target/classes
[INFO] 
[INFO] --- maven-resources-plugin:2.4.3:testResources (default-testResources) @ ez-vcard ---
[INFO] Using 'UTF-8' encoding to copy filtered resources.
[INFO] Copying 23 resources
[INFO] 
[INFO] --- maven-compiler-plugin:2.3.2:testCompile (default-testCompile) @ ez-vcard ---
[INFO] Compiling 131 source files to /tmp/tmp83z_gw04/ez-vcard/target/test-classes
[INFO] 
[INFO] --- maven-surefire-plugin:2.19.1:test (default-test) @ ez-vcard ---
[INFO] Surefire report directory: /tmp/tmp83z_gw04/ez-vcard/target/surefire-reports

-------------------------------------------------------
 T E S T S
-------------------------------------------------------
Running ezvcard.parameter.VCardParametersTest
Tests run: 39, Failures: 0, Errors: 0, Skipped: 0, Time elapsed: 0.239 sec - in ezvcard.parameter.VCardParametersTest
Running ezvcard.parameter.PidTest
Tests run: 7, Failures: 0, Errors: 0, Skipped: 0, Time elapsed: 0 sec - in ezvcard.parameter.PidTest
Running ezvcard.parameter.EnumParameterListTest
Tests run: 1, Failures: 0, Errors: 0, Skipped: 0, Time elapsed: 0.001 sec - in ezvcard.parameter.EnumParameterListTest
Running ezvcard.parameter.VCardParameterTest
Tests run: 5, Failures: 0, Errors: 0, Skipped: 0, Time elapsed: 0.529 sec - in ezvcard.parameter.VCardParameterTest
Running ezvcard.parameter.MediaTypeCaseClassesTest
Tests run: 2, Failures: 0, Errors: 0, Skipped: 0, Time elapsed: 0.001 sec - in ezvcard.parameter.MediaTypeCaseClassesTest
Running ezvcard.parameter.VCardParameterCaseClassesTest
Tests run: 2, Failures: 0, Errors: 0, Skipped: 0, Time elapsed: 0.019 sec - in ezvcard.parameter.VCardParameterCaseClassesTest
Running ezvcard.parameter.VCardParameterListTest
Tests run: 2, Failures: 0, Errors: 0, Skipped: 0, Time elapsed: 0.003 sec - in ezvcard.parameter.VCardParameterListTest
Running ezvcard.EzvcardTest
Tests run: 38, Failures: 0, Errors: 0, Skipped: 0, Time elapsed: 1.498 sec - in ezvcard.EzvcardTest
Running ezvcard.VCardVersionTest
Tests run: 3, Failures: 0, Errors: 0, Skipped: 0, Time elapsed: 0.001 sec - in ezvcard.VCardVersionTest
Running ezvcard.property.ImppTest
Tests run: 17, Failures: 0, Errors: 0, Skipped: 0, Time elapsed: 0.006 sec - in ezvcard.property.ImppTest
Running ezvcard.property.CategoriesTest
Tests run: 1, Failures: 0, Errors: 0, Skipped: 0, Time elapsed: 0 sec - in ezvcard.property.CategoriesTest
Running ezvcard.property.RelatedTest
Tests run: 9, Failures: 0, Errors: 0, Skipped: 0, Time elapsed: 0.01 sec - in ezvcard.property.RelatedTest
Running ezvcard.property.BinaryPropertyTest
Tests run: 6, Failures: 0, Errors: 0, Skipped: 0, Time elapsed: 0.018 sec - in ezvcard.property.BinaryPropertyTest
Running ezvcard.property.EmailTest
Tests run: 1, Failures: 0, Errors: 0, Skipped: 0, Time elapsed: 0.008 sec - in ezvcard.property.EmailTest
Running ezvcard.property.KeyTest
Tests run: 6, Failures: 0, Errors: 0, Skipped: 0, Time elapsed: 0.011 sec - in ezvcard.property.KeyTest
Running ezvcard.property.ClientPidMapTest
Tests run: 7, Failures: 0, Errors: 0, Skipped: 0, Time elapsed: 0.015 sec - in ezvcard.property.ClientPidMapTest
Running ezvcard.property.PlacePropertyTest
Tests run: 6, Failures: 0, Errors: 0, Skipped: 0, Time elapsed: 0.008 sec - in ezvcard.property.PlacePropertyTest
Running ezvcard.property.AddressTest
Tests run: 14, Failures: 0, Errors: 0, Skipped: 0, Time elapsed: 0.012 sec - in ezvcard.property.AddressTest
Running ezvcard.property.TimezoneTest
Tests run: 10, Failures: 0, Errors: 0, Skipped: 0, Time elapsed: 0.013 sec - in ezvcard.property.TimezoneTest
Running ezvcard.property.VCardPropertyTest
Tests run: 17, Failures: 0, Errors: 0, Skipped: 0, Time elapsed: 0.193 sec - in ezvcard.property.VCardPropertyTest
Running ezvcard.property.PidParameterListTest
Tests run: 2, Failures: 0, Errors: 0, Skipped: 0, Time elapsed: 0 sec - in ezvcard.property.PidParameterListTest
Running ezvcard.property.ListPropertyTest
Tests run: 4, Failures: 0, Errors: 0, Skipped: 0, Time elapsed: 0.001 sec - in ezvcard.property.ListPropertyTest
Running ezvcard.property.GeoTest
Tests run: 6, Failures: 0, Errors: 0, Skipped: 0, Time elapsed: 0.002 sec - in ezvcard.property.GeoTest
Running ezvcard.property.GenderTest
Tests run: 16, Failures: 0, Errors: 0, Skipped: 0, Time elapsed: 0.003 sec - in ezvcard.property.GenderTest
Running ezvcard.property.StructuredNameTest
Tests run: 2, Failures: 0, Errors: 0, Skipped: 0, Time elapsed: 0.001 sec - in ezvcard.property.StructuredNameTest
Running ezvcard.property.XmlTest
[Fatal Error] :1:1: Content is not allowed in prolog.
Tests run: 7, Failures: 0, Errors: 0, Skipped: 0, Time elapsed: 0.063 sec - in ezvcard.property.XmlTest
Running ezvcard.property.SimplePropertyTest
Tests run: 6, Failures: 0, Errors: 0, Skipped: 0, Time elapsed: 0.003 sec - in ezvcard.property.SimplePropertyTest
Running ezvcard.property.UidTest
Tests run: 1, Failures: 0, Errors: 0, Skipped: 0, Time elapsed: 0.002 sec - in ezvcard.property.UidTest
Running ezvcard.property.DateOrTimePropertyTest
Tests run: 6, Failures: 0, Errors: 0, Skipped: 0, Time elapsed: 0.013 sec - in ezvcard.property.DateOrTimePropertyTest
Running ezvcard.property.RawPropertyTest
Tests run: 6, Failures: 0, Errors: 0, Skipped: 0, Time elapsed: 0.002 sec - in ezvcard.property.RawPropertyTest
Running ezvcard.property.KindTest
Tests run: 12, Failures: 0, Errors: 0, Skipped: 0, Time elapsed: 0.002 sec - in ezvcard.property.KindTest
Running ezvcard.property.TelephoneTest
Tests run: 6, Failures: 0, Errors: 0, Skipped: 0, Time elapsed: 0.011 sec - in ezvcard.property.TelephoneTest
Running ezvcard.property.MemberTest
Tests run: 1, Failures: 0, Errors: 0, Skipped: 0, Time elapsed: 0.006 sec - in ezvcard.property.MemberTest
Running ezvcard.property.AgentTest
Tests run: 6, Failures: 0, Errors: 0, Skipped: 0, Time elapsed: 0.004 sec - in ezvcard.property.AgentTest
Running ezvcard.util.XmlUtilsTest
[Fatal Error] :1:1: Content is not allowed in prolog.
Tests run: 10, Failures: 0, Errors: 0, Skipped: 0, Time elapsed: 0.023 sec - in ezvcard.util.XmlUtilsTest
Running ezvcard.util.HtmlUtilsTest
Tests run: 3, Failures: 0, Errors: 0, Skipped: 0, Time elapsed: 0.001 sec - in ezvcard.util.HtmlUtilsTest
Running ezvcard.util.CharacterBitSetTest
Tests run: 7, Failures: 0, Errors: 0, Skipped: 0, Time elapsed: 0.001 sec - in ezvcard.util.CharacterBitSetTest
Running ezvcard.util.TelUriTest
Tests run: 25, Failures: 0, Errors: 0, Skipped: 0, Time elapsed: 0.114 sec - in ezvcard.util.TelUriTest
Running ezvcard.util.VCardDateFormatTest
Tests run: 8, Failures: 0, Errors: 0, Skipped: 0, Time elapsed: 0.021 sec - in ezvcard.util.VCardDateFormatTest
Running ezvcard.util.StringUtilsTest
Tests run: 2, Failures: 0, Errors: 0, Skipped: 0, Time elapsed: 0 sec - in ezvcard.util.StringUtilsTest
Running ezvcard.util.Utf8ReaderTest
Tests run: 2, Failures: 0, Errors: 0, Skipped: 0, Time elapsed: 0.002 sec - in ezvcard.util.Utf8ReaderTest
Running ezvcard.util.ClearableStringBuilderTest
Tests run: 5, Failures: 0, Errors: 0, Skipped: 0, Time elapsed: 0 sec - in ezvcard.util.ClearableStringBuilderTest
Running ezvcard.util.Utf8WriterTest
Tests run: 3, Failures: 0, Errors: 0, Skipped: 0, Time elapsed: 0.012 sec - in ezvcard.util.Utf8WriterTest
Running ezvcard.util.PartialDateTest
Tests run: 14, Failures: 0, Errors: 0, Skipped: 0, Time elapsed: 0.195 sec - in ezvcard.util.PartialDateTest
Running ezvcard.util.GobbleTest
Tests run: 3, Failures: 0, Errors: 0, Skipped: 0, Time elapsed: 0.006 sec - in ezvcard.util.GobbleTest
Running ezvcard.util.ListMultimapTest
Tests run: 43, Failures: 0, Errors: 0, Skipped: 0, Time elapsed: 0.019 sec - in ezvcard.util.ListMultimapTest
Running ezvcard.util.DataUriTest
Tests run: 12, Failures: 0, Errors: 0, Skipped: 0, Time elapsed: 0.004 sec - in ezvcard.util.DataUriTest
Running ezvcard.util.IOUtilsTest
Tests run: 1, Failures: 0, Errors: 0, Skipped: 0, Time elapsed: 0.008 sec - in ezvcard.util.IOUtilsTest
Running ezvcard.util.CaseClassesTest
Tests run: 4, Failures: 0, Errors: 0, Skipped: 0, Time elapsed: 0.003 sec - in ezvcard.util.CaseClassesTest
Running ezvcard.util.GeoUriTest
Tests run: 27, Failures: 0, Errors: 0, Skipped: 0, Time elapsed: 0.152 sec - in ezvcard.util.GeoUriTest
Running ezvcard.util.UtcOffsetTest
Tests run: 6, Failures: 0, Errors: 0, Skipped: 0, Time elapsed: 0.008 sec - in ezvcard.util.UtcOffsetTest
Running ezvcard.util.VCardFloatFormatterTest
Tests run: 5, Failures: 0, Errors: 0, Skipped: 0, Time elapsed: 0.004 sec - in ezvcard.util.VCardFloatFormatterTest
Running ezvcard.VCardDataTypeTest
Tests run: 5, Failures: 0, Errors: 0, Skipped: 0, Time elapsed: 0 sec - in ezvcard.VCardDataTypeTest
Running ezvcard.ValidationWarningsTest
Tests run: 3, Failures: 0, Errors: 0, Skipped: 0, Time elapsed: 0 sec - in ezvcard.ValidationWarningsTest
Running ezvcard.MessagesTest
Tests run: 11, Failures: 0, Errors: 0, Skipped: 0, Time elapsed: 0.002 sec - in ezvcard.MessagesTest
Running ezvcard.io.json.JCardReaderTest
Tests run: 13, Failures: 0, Errors: 0, Skipped: 0, Time elapsed: 0.04 sec - in ezvcard.io.json.JCardReaderTest
Running ezvcard.io.json.JCardDeserializerTest
Tests run: 4, Failures: 0, Errors: 0, Skipped: 0, Time elapsed: 0.4 sec - in ezvcard.io.json.JCardDeserializerTest
Running ezvcard.io.json.JCardRawReaderTest
Tests run: 15, Failures: 0, Errors: 0, Skipped: 0, Time elapsed: 0.032 sec - in ezvcard.io.json.JCardRawReaderTest
Running ezvcard.io.json.JCardWriterTest
Tests run: 10, Failures: 0, Errors: 0, Skipped: 0, Time elapsed: 0.009 sec - in ezvcard.io.json.JCardWriterTest
Running ezvcard.io.json.JCardSerializerTest
Tests run: 7, Failures: 0, Errors: 0, Skipped: 0, Time elapsed: 0.034 sec - in ezvcard.io.json.JCardSerializerTest
Running ezvcard.io.json.JCardValueTest
Tests run: 15, Failures: 0, Errors: 0, Skipped: 0, Time elapsed: 0 sec - in ezvcard.io.json.JCardValueTest
Running ezvcard.io.json.JCardRawWriterTest
Tests run: 15, Failures: 0, Errors: 0, Skipped: 0, Time elapsed: 0.004 sec - in ezvcard.io.json.JCardRawWriterTest
Running ezvcard.io.ParseWarningTest
Tests run: 7, Failures: 0, Errors: 0, Skipped: 0, Time elapsed: 0 sec - in ezvcard.io.ParseWarningTest
Running ezvcard.io.html.HCardParserTest
Tests run: 25, Failures: 0, Errors: 0, Skipped: 0, Time elapsed: 0.026 sec - in ezvcard.io.html.HCardParserTest
Running ezvcard.io.html.HCardPageTest
Tests run: 9, Failures: 0, Errors: 0, Skipped: 0, Time elapsed: 0.531 sec - in ezvcard.io.html.HCardPageTest
Running ezvcard.io.html.HCardElementTest
Tests run: 22, Failures: 0, Errors: 0, Skipped: 0, Time elapsed: 0.013 sec - in ezvcard.io.html.HCardElementTest
Running ezvcard.io.xml.XCardDocumentTest
Tests run: 24, Failures: 0, Errors: 0, Skipped: 0, Time elapsed: 0.647 sec - in ezvcard.io.xml.XCardDocumentTest
Running ezvcard.io.xml.XCardElementTest
Tests run: 18, Failures: 0, Errors: 0, Skipped: 0, Time elapsed: 0.015 sec - in ezvcard.io.xml.XCardElementTest
Running ezvcard.io.xml.XCardWriterTest
Tests run: 22, Failures: 0, Errors: 0, Skipped: 0, Time elapsed: 0.2 sec - in ezvcard.io.xml.XCardWriterTest
Running ezvcard.io.xml.XCardOutputPropertiesTest
Tests run: 11, Failures: 0, Errors: 0, Skipped: 0, Time elapsed: 0 sec - in ezvcard.io.xml.XCardOutputPropertiesTest
Running ezvcard.io.xml.XCardReaderTest
[Fatal Error] :1:77: The element type "text" must be terminated by the matching end-tag "</text>".
Tests run: 20, Failures: 0, Errors: 0, Skipped: 0, Time elapsed: 0.194 sec - in ezvcard.io.xml.XCardReaderTest
Running ezvcard.io.scribe.StructuredNameScribeTest
Tests run: 7, Failures: 0, Errors: 0, Skipped: 0, Time elapsed: 0.032 sec - in ezvcard.io.scribe.StructuredNameScribeTest
Running ezvcard.io.scribe.SimplePropertyScribeTest
Tests run: 7, Failures: 0, Errors: 0, Skipped: 0, Time elapsed: 0.014 sec - in ezvcard.io.scribe.SimplePropertyScribeTest
Running ezvcard.io.scribe.BinaryPropertyScribeTest
Tests run: 15, Failures: 0, Errors: 0, Skipped: 0, Time elapsed: 0.115 sec - in ezvcard.io.scribe.BinaryPropertyScribeTest
Running ezvcard.io.scribe.PlacePropertyScribeTest
Tests run: 7, Failures: 0, Errors: 0, Skipped: 0, Time elapsed: 0.027 sec - in ezvcard.io.scribe.PlacePropertyScribeTest
Running ezvcard.io.scribe.RawPropertyScribeTest
Tests run: 5, Failures: 0, Errors: 0, Skipped: 0, Time elapsed: 0.001 sec - in ezvcard.io.scribe.RawPropertyScribeTest
Running ezvcard.io.scribe.GenderScribeTest
Tests run: 6, Failures: 0, Errors: 0, Skipped: 0, Time elapsed: 0.037 sec - in ezvcard.io.scribe.GenderScribeTest
Running ezvcard.io.scribe.OrganizationScribeTest
Tests run: 7, Failures: 0, Errors: 0, Skipped: 0, Time elapsed: 0.028 sec - in ezvcard.io.scribe.OrganizationScribeTest
Running ezvcard.io.scribe.DateOrTimePropertyScribeTest
Tests run: 8, Failures: 0, Errors: 0, Skipped: 0, Time elapsed: 0.073 sec - in ezvcard.io.scribe.DateOrTimePropertyScribeTest
Running ezvcard.io.scribe.SoundScribeTest
Tests run: 1, Failures: 0, Errors: 0, Skipped: 0, Time elapsed: 0.002 sec - in ezvcard.io.scribe.SoundScribeTest
Running ezvcard.io.scribe.RelatedScribeTest
Tests run: 7, Failures: 0, Errors: 0, Skipped: 0, Time elapsed: 0.023 sec - in ezvcard.io.scribe.RelatedScribeTest
Running ezvcard.io.scribe.EmailScribeTest
Tests run: 5, Failures: 0, Errors: 0, Skipped: 0, Time elapsed: 0.002 sec - in ezvcard.io.scribe.EmailScribeTest
Running ezvcard.io.scribe.ImppScribeTest
Tests run: 11, Failures: 0, Errors: 0, Skipped: 0, Time elapsed: 0.022 sec - in ezvcard.io.scribe.ImppScribeTest
Running ezvcard.io.scribe.TimezoneScribeTest
Tests run: 8, Failures: 0, Errors: 0, Skipped: 0, Time elapsed: 0.022 sec - in ezvcard.io.scribe.TimezoneScribeTest
Running ezvcard.io.scribe.ClientPidMapScribeTest
Tests run: 6, Failures: 0, Errors: 0, Skipped: 0, Time elapsed: 0.015 sec - in ezvcard.io.scribe.ClientPidMapScribeTest
Running ezvcard.io.scribe.AddressScribeTest
Tests run: 11, Failures: 0, Errors: 0, Skipped: 0, Time elapsed: 0.051 sec - in ezvcard.io.scribe.AddressScribeTest
Running ezvcard.io.scribe.ImagePropertyScribeTest
Tests run: 1, Failures: 0, Errors: 0, Skipped: 0, Time elapsed: 0.012 sec - in ezvcard.io.scribe.ImagePropertyScribeTest
Running ezvcard.io.scribe.KeyScribeTest
Tests run: 8, Failures: 0, Errors: 0, Skipped: 0, Time elapsed: 0.041 sec - in ezvcard.io.scribe.KeyScribeTest
Running ezvcard.io.scribe.RevisionScribeTest
Tests run: 7, Failures: 0, Errors: 0, Skipped: 0, Time elapsed: 0.014 sec - in ezvcard.io.scribe.RevisionScribeTest
Running ezvcard.io.scribe.AgentScribeTest
Tests run: 6, Failures: 0, Errors: 0, Skipped: 0, Time elapsed: 0.001 sec - in ezvcard.io.scribe.AgentScribeTest
Running ezvcard.io.scribe.VCardPropertyScribeTest
Tests run: 23, Failures: 0, Errors: 0, Skipped: 0, Time elapsed: 0.016 sec - in ezvcard.io.scribe.VCardPropertyScribeTest
Running ezvcard.io.scribe.TelephoneScribeTest
Tests run: 10, Failures: 0, Errors: 0, Skipped: 0, Time elapsed: 0.016 sec - in ezvcard.io.scribe.TelephoneScribeTest
Running ezvcard.io.scribe.GeoScribeTest
Tests run: 7, Failures: 0, Errors: 0, Skipped: 0, Time elapsed: 0.072 sec - in ezvcard.io.scribe.GeoScribeTest
Running ezvcard.io.text.VCardWriterTest
Tests run: 12, Failures: 0, Errors: 0, Skipped: 0, Time elapsed: 0.035 sec - in ezvcard.io.text.VCardWriterTest
Running ezvcard.io.text.VCardReaderTest
Tests run: 23, Failures: 0, Errors: 0, Skipped: 0, Time elapsed: 0.042 sec - in ezvcard.io.text.VCardReaderTest
Running ezvcard.io.text.SampleVCardsTest
Tests run: 17, Failures: 0, Errors: 0, Skipped: 0, Time elapsed: 0.102 sec - in ezvcard.io.text.SampleVCardsTest
Running ezvcard.io.StreamWriterTest
Tests run: 5, Failures: 0, Errors: 0, Skipped: 0, Time elapsed: 0.003 sec - in ezvcard.io.StreamWriterTest
Running ezvcard.VCardTest
Tests run: 24, Failures: 0, Errors: 0, Skipped: 0, Time elapsed: 0.006 sec - in ezvcard.VCardTest

Results :

Tests run: 964, Failures: 0, Errors: 0, Skipped: 0

[INFO] 
[INFO] --- jacoco-maven-plugin:0.8.5:report (report) @ ez-vcard ---
[INFO] Loading execution data file /tmp/tmp83z_gw04/ez-vcard/target/jacoco.exec
[INFO] Analyzed bundle 'ez-vcard' with 489 classes
[INFO] ------------------------------------------------------------------------
[INFO] BUILD SUCCESS
[INFO] ------------------------------------------------------------------------
[INFO] Total time:  21.634 s
[INFO] Finished at: 2020-07-30T22:07:34Z
[INFO] ------------------------------------------------------------------------
