[INFO] Error stacktraces are turned on.
[INFO] Scanning for projects...
[WARNING] 
[WARNING] Some problems were encountered while building the effective model for org.skyscreamer:jsonassert:jar:1.2.3
[WARNING] Reporting configuration should be done in <reporting> section, not in maven-site-plugin <configuration> as reportPlugins parameter. @ line 72, column 24
[WARNING] 
[WARNING] It is highly recommended to fix these problems because they threaten the stability of your build.
[WARNING] 
[WARNING] For this reason, future Maven versions might no longer support building such malformed projects.
[WARNING] 
[INFO] 
[INFO] ---------------------< org.skyscreamer:jsonassert >---------------------
[INFO] Building JSONassert 1.2.3
[INFO] --------------------------------[ jar ]---------------------------------
[INFO] 
[INFO] --- maven-enforcer-plugin:1.0:enforce (enforce-maven) @ jsonassert ---
[INFO] 
[INFO] --- maven-resources-plugin:2.6:resources (default-resources) @ jsonassert ---
[INFO] Using 'UTF-8' encoding to copy filtered resources.
[INFO] skip non existing resourceDirectory /tmp/tmpvl2f17fv/JSONassert/src/main/resources
[INFO] 
[INFO] --- maven-compiler-plugin:2.3.1:compile (default-compile) @ jsonassert ---
[INFO] Compiling 18 source files to /tmp/tmpvl2f17fv/JSONassert/target/classes
[INFO] 
[INFO] --- maven-resources-plugin:2.6:testResources (default-testResources) @ jsonassert ---
[INFO] Using 'UTF-8' encoding to copy filtered resources.
[INFO] skip non existing resourceDirectory /tmp/tmpvl2f17fv/JSONassert/src/test/resources
[INFO] 
[INFO] --- maven-compiler-plugin:2.3.1:testCompile (default-testCompile) @ jsonassert ---
[INFO] Compiling 10 source files to /tmp/tmpvl2f17fv/JSONassert/target/test-classes
[INFO] 
[INFO] --- maven-surefire-plugin:2.12.4:test (default-test) @ jsonassert ---
[INFO] Surefire report directory: /tmp/tmpvl2f17fv/JSONassert/target/surefire-reports

-------------------------------------------------------
 T E S T S
-------------------------------------------------------
Running org.skyscreamer.jsonassert.JSONCompareModeTest
Tests run: 4, Failures: 0, Errors: 0, Skipped: 0, Time elapsed: 0.032 sec
Running org.skyscreamer.jsonassert.comparator.ArraySizeComparatorTest
Tests run: 17, Failures: 0, Errors: 0, Skipped: 0, Time elapsed: 0.013 sec
Running org.skyscreamer.jsonassert.comparator.CustomComparatorTest
Tests run: 1, Failures: 0, Errors: 0, Skipped: 0, Time elapsed: 0 sec
Running org.skyscreamer.jsonassert.comparator.JSONCompareUtilTest
Tests run: 1, Failures: 0, Errors: 0, Skipped: 0, Time elapsed: 0 sec
Running org.skyscreamer.jsonassert.JSONCustomComparatorTest
Tests run: 2, Failures: 0, Errors: 0, Skipped: 0, Time elapsed: 0.001 sec
Running org.skyscreamer.jsonassert.RegularExpressionValueMatcherTest
Tests run: 11, Failures: 0, Errors: 0, Skipped: 0, Time elapsed: 0.005 sec
Running org.skyscreamer.jsonassert.JSONAssertTest
Tests run: 37, Failures: 0, Errors: 0, Skipped: 0, Time elapsed: 0.02 sec
Running org.skyscreamer.jsonassert.ArrayValueMatcherTest
Tests run: 27, Failures: 0, Errors: 0, Skipped: 0, Time elapsed: 0.01 sec
Running org.skyscreamer.jsonassert.JSONCompareTest
Tests run: 20, Failures: 0, Errors: 0, Skipped: 0, Time elapsed: 0.008 sec
Running org.skyscreamer.jsonassert.DependencyTest
Tests run: 1, Failures: 0, Errors: 0, Skipped: 0, Time elapsed: 0 sec

Results :

Tests run: 121, Failures: 0, Errors: 0, Skipped: 0

[INFO] 
[INFO] --- maven-jar-plugin:2.4:jar (default-jar) @ jsonassert ---
[INFO] Building jar: /tmp/tmpvl2f17fv/JSONassert/target/jsonassert-1.2.3.jar
[INFO] 
[INFO] --- maven-assembly-plugin:3.2.0:single (default) @ jsonassert ---
[INFO] Building jar: /tmp/tmpvl2f17fv/JSONassert/target/jsonassert-1.2.3-jar-with-dependencies.jar
[INFO] ------------------------------------------------------------------------
[INFO] BUILD SUCCESS
[INFO] ------------------------------------------------------------------------
[INFO] Total time:  4.804 s
[INFO] Finished at: 2020-07-30T16:34:24Z
[INFO] ------------------------------------------------------------------------
