[INFO] Error stacktraces are turned on.
[INFO] Scanning for projects...
[WARNING] 
[WARNING] Some problems were encountered while building the effective model for org.ng12306.tpms:org.ng12306.tpms:jar:0.1
[WARNING] 'build.plugins.plugin.version' for org.apache.maven.plugins:maven-compiler-plugin is missing. @ line 34, column 15
[WARNING] 
[WARNING] It is highly recommended to fix these problems because they threaten the stability of your build.
[WARNING] 
[WARNING] For this reason, future Maven versions might no longer support building such malformed projects.
[WARNING] 
[INFO] 
[INFO] -----------------< org.ng12306.tpms:org.ng12306.tpms >------------------
[INFO] Building org.ng12306.tpms 0.1
[INFO] --------------------------------[ jar ]---------------------------------
[INFO] 
[INFO] --- jacoco-maven-plugin:0.8.5:prepare-agent (default) @ org.ng12306.tpms ---
[INFO] argLine set to -javaagent:/home/jdbl/.m2/repository/org/jacoco/org.jacoco.agent/0.8.5/org.jacoco.agent-0.8.5-runtime.jar=destfile=/tmp/tmpk0mxbshx/12306ngpm/trunk/tpms/target/jacoco.exec
[INFO] 
[INFO] --- maven-resources-plugin:2.6:resources (default-resources) @ org.ng12306.tpms ---
[INFO] Using 'UTF-8' encoding to copy filtered resources.
[INFO] skip non existing resourceDirectory /tmp/tmpk0mxbshx/12306ngpm/trunk/tpms/src/main/resources
[INFO] 
[INFO] --- maven-compiler-plugin:3.1:compile (default-compile) @ org.ng12306.tpms ---
[INFO] Changes detected - recompiling the module!
[INFO] Compiling 60 source files to /tmp/tmpk0mxbshx/12306ngpm/trunk/tpms/target/classes
[WARNING] /tmp/tmpk0mxbshx/12306ngpm/trunk/tpms/src/main/java/org/ng12306/tpms/EventBus.java: /tmp/tmpk0mxbshx/12306ngpm/trunk/tpms/src/main/java/org/ng12306/tpms/EventBus.java uses unchecked or unsafe operations.
[WARNING] /tmp/tmpk0mxbshx/12306ngpm/trunk/tpms/src/main/java/org/ng12306/tpms/EventBus.java: Recompile with -Xlint:unchecked for details.
[INFO] 
[INFO] --- maven-resources-plugin:2.6:testResources (default-testResources) @ org.ng12306.tpms ---
[INFO] Using 'UTF-8' encoding to copy filtered resources.
[INFO] skip non existing resourceDirectory /tmp/tmpk0mxbshx/12306ngpm/trunk/tpms/src/test/resources
[INFO] 
[INFO] --- maven-compiler-plugin:3.1:testCompile (default-testCompile) @ org.ng12306.tpms ---
[INFO] Changes detected - recompiling the module!
[INFO] Compiling 8 source files to /tmp/tmpk0mxbshx/12306ngpm/trunk/tpms/target/test-classes
[INFO] 
[INFO] --- maven-surefire-plugin:2.19.1:test (default-test) @ org.ng12306.tpms ---
[INFO] Surefire report directory: /tmp/tmpk0mxbshx/12306ngpm/trunk/tpms/target/surefire-reports

-------------------------------------------------------
 T E S T S
-------------------------------------------------------
Running org.ng12306.tpms.TestRailwayRepositoryTest
Tests run: 1, Failures: 0, Errors: 0, Skipped: 0, Time elapsed: 0.932 sec - in org.ng12306.tpms.TestRailwayRepositoryTest
Running org.ng12306.tpms.TestTicketPoolManagerTest
Tests run: 1, Failures: 0, Errors: 0, Skipped: 0, Time elapsed: 0.137 sec - in org.ng12306.tpms.TestTicketPoolManagerTest
Running org.ng12306.tpms.NettyIntegrationTest
Tests run: 1, Failures: 0, Errors: 0, Skipped: 0, Time elapsed: 2.581 sec - in org.ng12306.tpms.NettyIntegrationTest
Running org.ng12306.tpms.TestTicketPoolTest
Tests run: 2, Failures: 0, Errors: 0, Skipped: 0, Time elapsed: 0.395 sec - in org.ng12306.tpms.TestTicketPoolTest

Results :

Tests run: 5, Failures: 0, Errors: 0, Skipped: 0

[INFO] 
[INFO] --- jacoco-maven-plugin:0.8.5:report (report) @ org.ng12306.tpms ---
[INFO] Loading execution data file /tmp/tmpk0mxbshx/12306ngpm/trunk/tpms/target/jacoco.exec
[INFO] Analyzed bundle 'org.ng12306.tpms' with 417 classes
[INFO] ------------------------------------------------------------------------
[INFO] BUILD SUCCESS
[INFO] ------------------------------------------------------------------------
[INFO] Total time:  28.864 s
[INFO] Finished at: 2020-07-30T15:33:27Z
[INFO] ------------------------------------------------------------------------
