[INFO] Error stacktraces are turned on.
[INFO] Scanning for projects...
[INFO] 
[INFO] ----------------------< com.sparkjava:spark-core >----------------------
[INFO] Building Spark 2.5.5
[INFO] -------------------------------[ bundle ]-------------------------------
[INFO] 
[INFO] --- maven-enforcer-plugin:1.4:enforce (enforce-maven) @ spark-core ---
[INFO] 
[INFO] --- maven-enforcer-plugin:1.4:enforce (enforce-java) @ spark-core ---
[INFO] 
[INFO] --- maven-resources-plugin:3.1.0:resources (default-resources) @ spark-core ---
[INFO] Using 'UTF-8' encoding to copy filtered resources.
[INFO] skip non existing resourceDirectory /tmp/tmp6wbxkx31/spark/src/main/resources
[INFO] Copying 0 resource
[INFO] 
[INFO] --- maven-compiler-plugin:3.3:compile (default-compile) @ spark-core ---
[INFO] Changes detected - recompiling the module!
[INFO] Compiling 95 source files to /tmp/tmp6wbxkx31/spark/target/classes
[WARNING] /tmp/tmp6wbxkx31/spark/src/main/java/spark/route/RouteOverview.java:[29,19] sun.reflect.ConstantPool is internal proprietary API and may be removed in a future release
[WARNING] /tmp/tmp6wbxkx31/spark/src/main/java/spark/route/RouteOverview.java:[146,13] sun.reflect.ConstantPool is internal proprietary API and may be removed in a future release
[WARNING] /tmp/tmp6wbxkx31/spark/src/main/java/spark/route/RouteOverview.java:[146,42] sun.reflect.ConstantPool is internal proprietary API and may be removed in a future release
[INFO] 
[INFO] --- maven-resources-plugin:3.1.0:testResources (default-testResources) @ spark-core ---
[INFO] Using 'UTF-8' encoding to copy filtered resources.
[INFO] Copying 11 resources
[INFO] 
[INFO] --- maven-compiler-plugin:3.3:testCompile (default-testCompile) @ spark-core ---
[INFO] Changes detected - recompiling the module!
[INFO] Compiling 75 source files to /tmp/tmp6wbxkx31/spark/target/test-classes
[INFO] /tmp/tmp6wbxkx31/spark/src/test/java/spark/staticfiles/StaticFilesTest.java: Some input files use or override a deprecated API.
[INFO] /tmp/tmp6wbxkx31/spark/src/test/java/spark/staticfiles/StaticFilesTest.java: Recompile with -Xlint:deprecation for details.
[INFO] 
[INFO] --- maven-surefire-plugin:2.18.1:test (default-test) @ spark-core ---
[INFO] Surefire report directory: /tmp/tmp6wbxkx31/spark/target/surefire-reports

-------------------------------------------------------
 T E S T S
-------------------------------------------------------
Running spark.RequestTest
Tests run: 33, Failures: 0, Errors: 0, Skipped: 0, Time elapsed: 0.284 sec - in spark.RequestTest
Running spark.QueryParamsMapTest
Tests run: 8, Failures: 0, Errors: 0, Skipped: 0, Time elapsed: 0.009 sec - in spark.QueryParamsMapTest
Running spark.staticfiles.StaticFilesTest
[main] INFO spark.staticfiles.StaticFilesConfiguration - StaticResourceHandler configured with folder = /public
[main] INFO spark.staticfiles.StaticFilesConfiguration - External StaticResourceHandler configured with folder = /tmp
[main] WARN spark.staticfiles.StaticFilesFolder - Registering external static files folder [/tmp] as [/tmp].
[Thread-1] INFO org.eclipse.jetty.util.log - Logging initialized @609ms
[Thread-1] INFO spark.embeddedserver.jetty.EmbeddedJettyServer - == Spark has ignited ...
[Thread-1] INFO spark.embeddedserver.jetty.EmbeddedJettyServer - >> Listening on 0.0.0.0:4567
[Thread-1] INFO org.eclipse.jetty.server.Server - jetty-9.3.6.v20151106
[Thread-1] INFO org.eclipse.jetty.server.ServerConnector - Started ServerConnector@168c0cba{HTTP/1.1,[http/1.1]}{0.0.0.0:4567}
[Thread-1] INFO org.eclipse.jetty.server.Server - Started @746ms
[qtp646657356-34] WARN spark.staticfiles.StaticFilesConfiguration - classpath directory traversal detection for path: /..\spark\Spark.class
Tests run: 8, Failures: 0, Errors: 0, Skipped: 0, Time elapsed: 0.631 sec - in spark.staticfiles.StaticFilesTest
Running spark.staticfiles.DisableMimeGuessingTest
[main] INFO spark.staticfiles.StaticFilesConfiguration - StaticResourceHandler configured with folder = /public
[main] INFO spark.staticfiles.StaticFilesConfiguration - External StaticResourceHandler configured with folder = /tmp
[main] WARN spark.staticfiles.StaticFilesFolder - Registering external static files folder [/tmp] as [/tmp].
[Thread-1] INFO org.eclipse.jetty.util.log - Logging initialized @669ms
[Thread-1] INFO spark.embeddedserver.jetty.EmbeddedJettyServer - == Spark has ignited ...
[Thread-1] INFO spark.embeddedserver.jetty.EmbeddedJettyServer - >> Listening on 0.0.0.0:4567
[Thread-1] INFO org.eclipse.jetty.server.Server - jetty-9.3.6.v20151106
[Thread-1] INFO org.eclipse.jetty.server.ServerConnector - Started ServerConnector@46d8fbea{HTTP/1.1,[http/1.1]}{0.0.0.0:4567}
[Thread-1] INFO org.eclipse.jetty.server.Server - Started @794ms
Tests run: 2, Failures: 0, Errors: 0, Skipped: 0, Time elapsed: 0.591 sec - in spark.staticfiles.DisableMimeGuessingTest
Running spark.FilterTest
[Thread-1] INFO org.eclipse.jetty.util.log - Logging initialized @640ms
[Thread-1] INFO spark.embeddedserver.jetty.EmbeddedJettyServer - == Spark has ignited ...
[Thread-1] INFO spark.embeddedserver.jetty.EmbeddedJettyServer - >> Listening on 0.0.0.0:4567
[Thread-1] INFO org.eclipse.jetty.server.Server - jetty-9.3.6.v20151106
[Thread-1] INFO org.eclipse.jetty.server.ServerConnector - Started ServerConnector@53e2f288{HTTP/1.1,[http/1.1]}{0.0.0.0:4567}
[Thread-1] INFO org.eclipse.jetty.server.Server - Started @741ms
Filter matched
[qtp1811214908-34] INFO spark.http.matching.MatcherFilter - The requested route [/justfilter] has not been mapped in Spark for Accept: [text/html]
response.status = 404
[Thread-14] INFO spark.embeddedserver.jetty.EmbeddedJettyServer - >>> Spark shutting down ...
Tests run: 1, Failures: 0, Errors: 0, Skipped: 0, Time elapsed: 0.477 sec - in spark.FilterTest
Running spark.ExceptionMapperTest
Tests run: 2, Failures: 0, Errors: 0, Skipped: 0, Time elapsed: 0.012 sec - in spark.ExceptionMapperTest
Running spark.ResponseTest
Tests run: 18, Failures: 0, Errors: 0, Skipped: 0, Time elapsed: 0.182 sec - in spark.ResponseTest
Running spark.FilterImplTest
Tests run: 4, Failures: 0, Errors: 0, Skipped: 0, Time elapsed: 0.007 sec - in spark.FilterImplTest
Running spark.GenericSecureIntegrationTest
[Thread-1] INFO org.eclipse.jetty.util.log - Logging initialized @516ms
[Thread-1] INFO spark.embeddedserver.jetty.EmbeddedJettyServer - == Spark has ignited ...
[Thread-1] INFO spark.embeddedserver.jetty.EmbeddedJettyServer - >> Listening on 0.0.0.0:4567
[Thread-1] INFO org.eclipse.jetty.server.Server - jetty-9.3.6.v20151106
[Thread-1] INFO org.eclipse.jetty.util.ssl.SslContextFactory - x509=X509@80b9670(selfsigned,h=[],w=[]) for SslContextFactory@3df8cf32(file:///tmp/tmp6wbxkx31/spark/src/test/resources/keystore.jks,null)
[Thread-1] INFO org.eclipse.jetty.server.ServerConnector - Started ServerConnector@160ef359{SSL,[ssl, http/1.1]}{0.0.0.0:4567}
[Thread-1] INFO org.eclipse.jetty.server.Server - Started @638ms
[qtp519510449-35] INFO spark.http.matching.MatcherFilter - The requested route [/no/resource] has not been mapped in Spark for Accept: [text/html]
[main] INFO spark.GenericSecureIntegrationTest - Body was: Fo shizzy
[main] INFO spark.GenericSecureIntegrationTest - Body was: Fo shizzy
[Thread-14] INFO spark.embeddedserver.jetty.EmbeddedJettyServer - >>> Spark shutting down ...
Tests run: 12, Failures: 0, Errors: 0, Skipped: 0, Time elapsed: 0.758 sec - in spark.GenericSecureIntegrationTest
Running spark.GzipTest
[main] INFO spark.staticfiles.StaticFilesConfiguration - StaticResourceHandler configured with folder = /public
[Thread-0] INFO org.eclipse.jetty.util.log - Logging initialized @279ms
[Thread-0] INFO spark.embeddedserver.jetty.EmbeddedJettyServer - == Spark has ignited ...
[Thread-0] INFO spark.embeddedserver.jetty.EmbeddedJettyServer - >> Listening on 0.0.0.0:4567
[Thread-0] INFO org.eclipse.jetty.server.Server - jetty-9.3.6.v20151106
[Thread-0] INFO org.eclipse.jetty.server.ServerConnector - Started ServerConnector@47fb806e{HTTP/1.1,[http/1.1]}{0.0.0.0:4567}
[Thread-0] INFO org.eclipse.jetty.server.Server - Started @375ms
[Thread-14] INFO spark.embeddedserver.jetty.EmbeddedJettyServer - >>> Spark shutting down ...
Tests run: 2, Failures: 0, Errors: 0, Skipped: 0, Time elapsed: 0.512 sec - in spark.GzipTest
Running spark.utils.ObjectUtilsTest
Tests run: 2, Failures: 0, Errors: 0, Skipped: 0, Time elapsed: 0.005 sec - in spark.utils.ObjectUtilsTest
Running spark.utils.SparkUtilsTest
Tests run: 5, Failures: 0, Errors: 0, Skipped: 0, Time elapsed: 0.006 sec - in spark.utils.SparkUtilsTest
Running spark.utils.MimeParseTest
Tests run: 2, Failures: 0, Errors: 0, Skipped: 0, Time elapsed: 0.009 sec - in spark.utils.MimeParseTest
Running spark.utils.CollectionUtilsTest
Tests run: 2, Failures: 0, Errors: 0, Skipped: 0, Time elapsed: 0.006 sec - in spark.utils.CollectionUtilsTest
Running spark.embeddedserver.jetty.websocket.WebSocketCreatorFactoryTest
Tests run: 3, Failures: 0, Errors: 0, Skipped: 0, Time elapsed: 0.019 sec - in spark.embeddedserver.jetty.websocket.WebSocketCreatorFactoryTest
Running spark.embeddedserver.jetty.websocket.WebSocketServletContextHandlerFactoryTest
[main] INFO org.eclipse.jetty.util.log - Logging initialized @1028ms
[main] INFO org.eclipse.jetty.util.log - Logging initialized @1290ms
[main] ERROR spark.embeddedserver.jetty.websocket.WebSocketServletContextHandlerFactory - creation of websocket context handler failed.
java.lang.Exception: 
	at org.powermock.core.MockGateway.newInstanceCall(MockGateway.java:209)
	at spark.embeddedserver.jetty.websocket.WebSocketServletContextHandlerFactory.create(WebSocketServletContextHandlerFactory.java:48)
	at spark.embeddedserver.jetty.websocket.WebSocketServletContextHandlerFactoryTest.testCreate_whenWebSocketContextHandlerCreationFails_thenThrowException(WebSocketServletContextHandlerFactoryTest.java:103)
	at sun.reflect.NativeMethodAccessorImpl.invoke0(Native Method)
	at sun.reflect.NativeMethodAccessorImpl.invoke(NativeMethodAccessorImpl.java:62)
	at sun.reflect.DelegatingMethodAccessorImpl.invoke(DelegatingMethodAccessorImpl.java:43)
	at java.lang.reflect.Method.invoke(Method.java:498)
	at org.junit.internal.runners.TestMethod.invoke(TestMethod.java:68)
	at org.powermock.modules.junit4.internal.impl.PowerMockJUnit44RunnerDelegateImpl$PowerMockJUnit44MethodRunner.runTestMethod(PowerMockJUnit44RunnerDelegateImpl.java:310)
	at org.junit.internal.runners.MethodRoadie$2.run(MethodRoadie.java:89)
	at org.junit.internal.runners.MethodRoadie.runBeforesThenTestThenAfters(MethodRoadie.java:97)
	at org.powermock.modules.junit4.internal.impl.PowerMockJUnit44RunnerDelegateImpl$PowerMockJUnit44MethodRunner.executeTest(PowerMockJUnit44RunnerDelegateImpl.java:294)
	at org.powermock.modules.junit4.internal.impl.PowerMockJUnit47RunnerDelegateImpl$PowerMockJUnit47MethodRunner.executeTestInSuper(PowerMockJUnit47RunnerDelegateImpl.java:127)
	at org.powermock.modules.junit4.internal.impl.PowerMockJUnit47RunnerDelegateImpl$PowerMockJUnit47MethodRunner.executeTest(PowerMockJUnit47RunnerDelegateImpl.java:82)
	at org.powermock.modules.junit4.internal.impl.PowerMockJUnit44RunnerDelegateImpl$PowerMockJUnit44MethodRunner.runBeforesThenTestThenAfters(PowerMockJUnit44RunnerDelegateImpl.java:282)
	at org.junit.internal.runners.MethodRoadie.runTest(MethodRoadie.java:87)
	at org.junit.internal.runners.MethodRoadie.run(MethodRoadie.java:50)
	at org.powermock.modules.junit4.internal.impl.PowerMockJUnit44RunnerDelegateImpl.invokeTestMethod(PowerMockJUnit44RunnerDelegateImpl.java:207)
	at org.powermock.modules.junit4.internal.impl.PowerMockJUnit44RunnerDelegateImpl.runMethods(PowerMockJUnit44RunnerDelegateImpl.java:146)
	at org.powermock.modules.junit4.internal.impl.PowerMockJUnit44RunnerDelegateImpl$1.run(PowerMockJUnit44RunnerDelegateImpl.java:120)
	at org.junit.internal.runners.ClassRoadie.runUnprotected(ClassRoadie.java:34)
	at org.junit.internal.runners.ClassRoadie.runProtected(ClassRoadie.java:44)
	at org.powermock.modules.junit4.internal.impl.PowerMockJUnit44RunnerDelegateImpl.run(PowerMockJUnit44RunnerDelegateImpl.java:122)
	at org.powermock.modules.junit4.common.internal.impl.JUnit4TestSuiteChunkerImpl.run(JUnit4TestSuiteChunkerImpl.java:106)
	at org.powermock.modules.junit4.common.internal.impl.AbstractCommonPowerMockRunner.run(AbstractCommonPowerMockRunner.java:53)
	at org.powermock.modules.junit4.PowerMockRunner.run(PowerMockRunner.java:59)
	at org.apache.maven.surefire.junit4.JUnit4Provider.execute(JUnit4Provider.java:283)
	at org.apache.maven.surefire.junit4.JUnit4Provider.executeWithRerun(JUnit4Provider.java:173)
	at org.apache.maven.surefire.junit4.JUnit4Provider.executeTestSet(JUnit4Provider.java:153)
	at org.apache.maven.surefire.junit4.JUnit4Provider.invoke(JUnit4Provider.java:128)
	at org.apache.maven.surefire.booter.ForkedBooter.invokeProviderInSameClassLoader(ForkedBooter.java:203)
	at org.apache.maven.surefire.booter.ForkedBooter.runSuitesInProcess(ForkedBooter.java:155)
	at org.apache.maven.surefire.booter.ForkedBooter.main(ForkedBooter.java:103)
Tests run: 4, Failures: 0, Errors: 0, Skipped: 0, Time elapsed: 0.623 sec - in spark.embeddedserver.jetty.websocket.WebSocketServletContextHandlerFactoryTest
Running spark.embeddedserver.jetty.JettyServerTest
[main] INFO org.eclipse.jetty.util.log - Logging initialized @231ms
Tests run: 2, Failures: 0, Errors: 0, Skipped: 0, Time elapsed: 0.04 sec - in spark.embeddedserver.jetty.JettyServerTest
Running spark.embeddedserver.jetty.SocketConnectorFactoryTest
[main] INFO org.eclipse.jetty.util.log - Logging initialized @252ms
Tests run: 7, Failures: 0, Errors: 0, Skipped: 0, Time elapsed: 0.096 sec - in spark.embeddedserver.jetty.SocketConnectorFactoryTest
Running spark.ResponseWrapperDelegationTest
[Thread-1] INFO org.eclipse.jetty.util.log - Logging initialized @402ms
[Thread-1] INFO spark.embeddedserver.jetty.EmbeddedJettyServer - == Spark has ignited ...
[Thread-1] INFO spark.embeddedserver.jetty.EmbeddedJettyServer - >> Listening on 0.0.0.0:4567
[Thread-1] INFO org.eclipse.jetty.server.Server - jetty-9.3.6.v20151106
[Thread-1] INFO org.eclipse.jetty.server.ServerConnector - Started ServerConnector@181ff536{HTTP/1.1,[http/1.1]}{0.0.0.0:4567}
[Thread-1] INFO org.eclipse.jetty.server.Server - Started @483ms
[Thread-14] INFO spark.embeddedserver.jetty.EmbeddedJettyServer - >>> Spark shutting down ...
Tests run: 2, Failures: 0, Errors: 0, Skipped: 0, Time elapsed: 0.414 sec - in spark.ResponseWrapperDelegationTest
Running spark.CookiesIntegrationTest
[Thread-0] INFO org.eclipse.jetty.util.log - Logging initialized @269ms
[Thread-0] INFO spark.embeddedserver.jetty.EmbeddedJettyServer - == Spark has ignited ...
[Thread-0] INFO spark.embeddedserver.jetty.EmbeddedJettyServer - >> Listening on 0.0.0.0:4567
[Thread-0] INFO org.eclipse.jetty.server.Server - jetty-9.3.6.v20151106
[Thread-0] INFO org.eclipse.jetty.server.ServerConnector - Started ServerConnector@766811c9{HTTP/1.1,[http/1.1]}{0.0.0.0:4567}
[Thread-0] INFO org.eclipse.jetty.server.Server - Started @444ms
[Thread-14] INFO spark.embeddedserver.jetty.EmbeddedJettyServer - >>> Spark shutting down ...
Tests run: 3, Failures: 0, Errors: 0, Skipped: 0, Time elapsed: 0.506 sec - in spark.CookiesIntegrationTest
Running spark.util.ResourceUtilsTest
Tests run: 2, Failures: 0, Errors: 0, Skipped: 0, Time elapsed: 0.015 sec - in spark.util.ResourceUtilsTest
Running spark.SessionTest
Tests run: 15, Failures: 0, Errors: 0, Skipped: 0, Time elapsed: 0.217 sec - in spark.SessionTest
Running spark.customerrorpages.CustomErrorPagesTest
[Thread-1] INFO org.eclipse.jetty.util.log - Logging initialized @630ms
[Thread-1] INFO spark.embeddedserver.jetty.EmbeddedJettyServer - == Spark has ignited ...
[Thread-1] INFO spark.embeddedserver.jetty.EmbeddedJettyServer - >> Listening on 0.0.0.0:4567
[Thread-1] INFO org.eclipse.jetty.server.Server - jetty-9.3.6.v20151106
[Thread-1] INFO org.eclipse.jetty.server.ServerConnector - Started ServerConnector@30e1b4fa{HTTP/1.1,[http/1.1]}{0.0.0.0:4567}
[Thread-1] INFO org.eclipse.jetty.server.Server - Started @791ms
[qtp1744991946-35] ERROR spark.http.matching.GeneralError - 
java.lang.Exception: 
	at spark.customerrorpages.CustomErrorPagesTest.lambda$setup$1(CustomErrorPagesTest.java:40)
	at spark.RouteImpl$1.handle(RouteImpl.java:61)
	at spark.http.matching.Routes.execute(Routes.java:61)
	at spark.http.matching.MatcherFilter.doFilter(MatcherFilter.java:130)
	at spark.embeddedserver.jetty.JettyHandler.doHandle(JettyHandler.java:50)
	at org.eclipse.jetty.server.session.SessionHandler.doScope(SessionHandler.java:189)
	at org.eclipse.jetty.server.handler.ScopedHandler.handle(ScopedHandler.java:141)
	at org.eclipse.jetty.server.handler.HandlerWrapper.handle(HandlerWrapper.java:119)
	at org.eclipse.jetty.server.Server.handle(Server.java:517)
	at org.eclipse.jetty.server.HttpChannel.handle(HttpChannel.java:308)
	at org.eclipse.jetty.server.HttpConnection.onFillable(HttpConnection.java:242)
	at org.eclipse.jetty.io.AbstractConnection$ReadCallback.succeeded(AbstractConnection.java:261)
	at org.eclipse.jetty.io.FillInterest.fillable(FillInterest.java:95)
	at org.eclipse.jetty.io.SelectChannelEndPoint$2.run(SelectChannelEndPoint.java:75)
	at org.eclipse.jetty.util.thread.strategy.ExecuteProduceConsume.produceAndRun(ExecuteProduceConsume.java:213)
	at org.eclipse.jetty.util.thread.strategy.ExecuteProduceConsume.run(ExecuteProduceConsume.java:147)
	at org.eclipse.jetty.util.thread.QueuedThreadPool.runJob(QueuedThreadPool.java:654)
	at org.eclipse.jetty.util.thread.QueuedThreadPool$3.run(QueuedThreadPool.java:572)
	at java.lang.Thread.run(Thread.java:748)
[qtp1744991946-24] ERROR spark.http.matching.GeneralError - 
java.lang.Exception: 
	at spark.customerrorpages.CustomErrorPagesTest.lambda$setup$1(CustomErrorPagesTest.java:40)
	at spark.RouteImpl$1.handle(RouteImpl.java:61)
	at spark.http.matching.Routes.execute(Routes.java:61)
	at spark.http.matching.MatcherFilter.doFilter(MatcherFilter.java:130)
	at spark.embeddedserver.jetty.JettyHandler.doHandle(JettyHandler.java:50)
	at org.eclipse.jetty.server.session.SessionHandler.doScope(SessionHandler.java:189)
	at org.eclipse.jetty.server.handler.ScopedHandler.handle(ScopedHandler.java:141)
	at org.eclipse.jetty.server.handler.HandlerWrapper.handle(HandlerWrapper.java:119)
	at org.eclipse.jetty.server.Server.handle(Server.java:517)
	at org.eclipse.jetty.server.HttpChannel.handle(HttpChannel.java:308)
	at org.eclipse.jetty.server.HttpConnection.onFillable(HttpConnection.java:242)
	at org.eclipse.jetty.io.AbstractConnection$ReadCallback.succeeded(AbstractConnection.java:261)
	at org.eclipse.jetty.io.FillInterest.fillable(FillInterest.java:95)
	at org.eclipse.jetty.io.SelectChannelEndPoint$2.run(SelectChannelEndPoint.java:75)
	at org.eclipse.jetty.util.thread.strategy.ExecuteProduceConsume.produceAndRun(ExecuteProduceConsume.java:213)
	at org.eclipse.jetty.util.thread.strategy.ExecuteProduceConsume.run(ExecuteProduceConsume.java:147)
	at org.eclipse.jetty.util.thread.QueuedThreadPool.runJob(QueuedThreadPool.java:654)
	at org.eclipse.jetty.util.thread.QueuedThreadPool$3.run(QueuedThreadPool.java:572)
	at java.lang.Thread.run(Thread.java:748)
[qtp1744991946-34] INFO spark.http.matching.MatcherFilter - The requested route [/othernotmapped] has not been mapped in Spark for Accept: [text/html]
[Thread-14] INFO spark.embeddedserver.jetty.EmbeddedJettyServer - >>> Spark shutting down ...
Tests run: 4, Failures: 0, Errors: 0, Skipped: 0, Time elapsed: 0.63 sec - in spark.customerrorpages.CustomErrorPagesTest
Running spark.ResponseBodyTest
[Thread-1] INFO org.eclipse.jetty.util.log - Logging initialized @695ms
[Thread-1] INFO spark.embeddedserver.jetty.EmbeddedJettyServer - == Spark has ignited ...
[Thread-1] INFO spark.embeddedserver.jetty.EmbeddedJettyServer - >> Listening on 0.0.0.0:4567
[Thread-1] INFO org.eclipse.jetty.server.Server - jetty-9.3.6.v20151106
[Thread-1] INFO org.eclipse.jetty.server.ServerConnector - Started ServerConnector@1f5ae376{HTTP/1.1,[http/1.1]}{0.0.0.0:4567}
[Thread-1] INFO org.eclipse.jetty.server.Server - Started @817ms
[Thread-14] INFO spark.embeddedserver.jetty.EmbeddedJettyServer - >>> Spark shutting down ...
Tests run: 4, Failures: 0, Errors: 0, Skipped: 0, Time elapsed: 0.725 sec - in spark.ResponseBodyTest
Running spark.BooksIntegrationTest
[Thread-0] INFO org.eclipse.jetty.util.log - Logging initialized @418ms
[Thread-0] INFO spark.embeddedserver.jetty.EmbeddedJettyServer - == Spark has ignited ...
[Thread-0] INFO spark.embeddedserver.jetty.EmbeddedJettyServer - >> Listening on 0.0.0.0:4567
[Thread-0] INFO org.eclipse.jetty.server.Server - jetty-9.3.6.v20151106
[Thread-0] INFO org.eclipse.jetty.server.ServerConnector - Started ServerConnector@4ce9f18b{HTTP/1.1,[http/1.1]}{0.0.0.0:4567}
[Thread-0] INFO org.eclipse.jetty.server.Server - Started @613ms
Tests run: 7, Failures: 0, Errors: 0, Skipped: 0, Time elapsed: 0.435 sec - in spark.BooksIntegrationTest
[Thread-13] INFO spark.embeddedserver.jetty.EmbeddedJettyServer - >>> Spark shutting down ...
Running spark.MultipleServicesTest
[main] INFO spark.staticfiles.StaticFilesConfiguration - StaticResourceHandler configured with folder = /public
[Thread-1] INFO org.eclipse.jetty.util.log - Logging initialized @634ms
[Thread-2] INFO spark.embeddedserver.jetty.EmbeddedJettyServer - == Spark has ignited ...
[Thread-1] INFO spark.embeddedserver.jetty.EmbeddedJettyServer - == Spark has ignited ...
[Thread-2] INFO spark.embeddedserver.jetty.EmbeddedJettyServer - >> Listening on 0.0.0.0:1234
[Thread-1] INFO spark.embeddedserver.jetty.EmbeddedJettyServer - >> Listening on 0.0.0.0:4567
[Thread-2] INFO org.eclipse.jetty.server.Server - jetty-9.3.6.v20151106
[Thread-1] INFO org.eclipse.jetty.server.Server - jetty-9.3.6.v20151106
[Thread-2] INFO org.eclipse.jetty.server.ServerConnector - Started ServerConnector@671c046f{HTTP/1.1,[http/1.1]}{0.0.0.0:1234}
[Thread-1] INFO org.eclipse.jetty.server.ServerConnector - Started ServerConnector@16afbf02{HTTP/1.1,[http/1.1]}{0.0.0.0:4567}
[Thread-2] INFO org.eclipse.jetty.server.Server - Started @764ms
[Thread-1] INFO org.eclipse.jetty.server.Server - Started @764ms
[qtp41113983-50] INFO spark.http.matching.MatcherFilter - The requested route [/css/style.css] has not been mapped in Spark for Accept: [text/html]
[qtp41113983-27] INFO spark.http.matching.MatcherFilter - The requested route [/uniqueforsecond] has not been mapped in Spark for Accept: [text/html]
[Thread-27] INFO spark.embeddedserver.jetty.EmbeddedJettyServer - >>> Spark shutting down ...
Tests run: 6, Failures: 0, Errors: 0, Skipped: 0, Time elapsed: 0.673 sec - in spark.MultipleServicesTest
[Thread-28] INFO spark.embeddedserver.jetty.EmbeddedJettyServer - >>> Spark shutting down ...
[Thread-28] INFO org.eclipse.jetty.server.ServerConnector - Stopped ServerConnector@671c046f{HTTP/1.1,[http/1.1]}{0.0.0.0:1234}
[Thread-27] INFO org.eclipse.jetty.server.ServerConnector - Stopped ServerConnector@16afbf02{HTTP/1.1,[http/1.1]}{0.0.0.0:4567}
Running spark.StaticFilesMemberTest
[main] INFO spark.staticfiles.StaticFilesConfiguration - StaticResourceHandler configured with folder = /public
[main] INFO spark.staticfiles.StaticFilesConfiguration - External StaticResourceHandler configured with folder = /tmp
[main] WARN spark.staticfiles.StaticFilesFolder - Registering external static files folder [/tmp] as [/tmp].
[Thread-1] INFO org.eclipse.jetty.util.log - Logging initialized @446ms
[Thread-1] INFO spark.embeddedserver.jetty.EmbeddedJettyServer - == Spark has ignited ...
[Thread-1] INFO spark.embeddedserver.jetty.EmbeddedJettyServer - >> Listening on 0.0.0.0:4567
[Thread-1] INFO org.eclipse.jetty.server.Server - jetty-9.3.6.v20151106
[Thread-1] INFO org.eclipse.jetty.server.ServerConnector - Started ServerConnector@35eeb8d6{HTTP/1.1,[http/1.1]}{0.0.0.0:4567}
[Thread-1] INFO org.eclipse.jetty.server.Server - Started @534ms
[Thread-14] INFO spark.embeddedserver.jetty.EmbeddedJettyServer - >>> Spark shutting down ...
Tests run: 7, Failures: 0, Errors: 0, Skipped: 0, Time elapsed: 0.485 sec - in spark.StaticFilesMemberTest
Running spark.RouteImplTest
Tests run: 6, Failures: 0, Errors: 0, Skipped: 0, Time elapsed: 0.005 sec - in spark.RouteImplTest
Running spark.BodyAvailabilityTest
[Thread-1] INFO org.eclipse.jetty.util.log - Logging initialized @463ms
[Thread-1] INFO spark.embeddedserver.jetty.EmbeddedJettyServer - == Spark has ignited ...
[Thread-1] INFO spark.embeddedserver.jetty.EmbeddedJettyServer - >> Listening on 0.0.0.0:4567
[Thread-1] INFO org.eclipse.jetty.server.Server - jetty-9.3.6.v20151106
[Thread-1] INFO org.eclipse.jetty.server.ServerConnector - Started ServerConnector@66fefa80{HTTP/1.1,[http/1.1]}{0.0.0.0:4567}
[Thread-1] INFO org.eclipse.jetty.server.Server - Started @584ms
[main] INFO spark.BodyAvailabilityTest - the body content
Tests run: 1, Failures: 0, Errors: 0, Skipped: 0, Time elapsed: 0.512 sec - in spark.BodyAvailabilityTest
[Thread-14] INFO spark.embeddedserver.jetty.EmbeddedJettyServer - >>> Spark shutting down ...
Running spark.RedirectTest
[Thread-1] INFO org.eclipse.jetty.util.log - Logging initialized @755ms
[Thread-1] INFO spark.embeddedserver.jetty.EmbeddedJettyServer - == Spark has ignited ...
[Thread-1] INFO spark.embeddedserver.jetty.EmbeddedJettyServer - >> Listening on 0.0.0.0:4567
[Thread-1] INFO org.eclipse.jetty.server.Server - jetty-9.3.6.v20151106
[Thread-1] INFO org.eclipse.jetty.server.ServerConnector - Started ServerConnector@76d2f34e{HTTP/1.1,[http/1.1]}{0.0.0.0:4567}
[Thread-1] INFO org.eclipse.jetty.server.Server - Started @917ms
Tests run: 16, Failures: 0, Errors: 0, Skipped: 0, Time elapsed: 0.713 sec - in spark.RedirectTest
Running spark.servlet.ServletTest
[main] INFO org.eclipse.jetty.util.log - Logging initialized @429ms
[Thread-1] INFO spark.servlet.ServletTest - >>> STARTING EMBEDDED JETTY SERVER for jUnit testing of SparkFilter
[Thread-1] INFO org.eclipse.jetty.server.Server - jetty-9.3.6.v20151106
[Thread-1] INFO org.eclipse.jetty.webapp.StandardDescriptorProcessor - NO JSP Support for /somepath, did not find org.eclipse.jetty.jsp.JettyJspServlet
[Thread-1] INFO spark.staticfiles.StaticFilesConfiguration - External StaticResourceHandler configured with folder = /tmp
[Thread-1] WARN spark.staticfiles.StaticFilesFolder - Registering external static files folder [/tmp] as [/tmp].
[Thread-1] INFO spark.staticfiles.StaticFilesConfiguration - StaticResourceHandler configured with folder = /public
[Thread-1] INFO org.eclipse.jetty.server.handler.ContextHandler - Started o.e.j.w.WebAppContext@50e5fff6{/somepath,file:///tmp/tmp6wbxkx31/spark/src/test/webapp/,AVAILABLE}{src/test/webapp}
[Thread-1] INFO org.eclipse.jetty.server.ServerConnector - Started ServerConnector@5a7b02b6{HTTP/1.1,[http/1.1]}{0.0.0.0:9393}
[Thread-1] INFO org.eclipse.jetty.server.Server - Started @1191ms
Tests run: 12, Failures: 0, Errors: 0, Skipped: 0, Time elapsed: 1.189 sec - in spark.servlet.ServletTest
Running spark.MultipleFiltersTest
[Thread-1] INFO org.eclipse.jetty.util.log - Logging initialized @486ms
[Thread-1] INFO spark.embeddedserver.jetty.EmbeddedJettyServer - == Spark has ignited ...
[Thread-1] INFO spark.embeddedserver.jetty.EmbeddedJettyServer - >> Listening on 0.0.0.0:4567
[Thread-1] INFO org.eclipse.jetty.server.Server - jetty-9.3.6.v20151106
[Thread-1] INFO org.eclipse.jetty.server.ServerConnector - Started ServerConnector@340026ce{HTTP/1.1,[http/1.1]}{0.0.0.0:4567}
[Thread-1] INFO org.eclipse.jetty.server.Server - Started @586ms
[Thread-14] INFO spark.embeddedserver.jetty.EmbeddedJettyServer - >>> Spark shutting down ...
Tests run: 1, Failures: 0, Errors: 0, Skipped: 0, Time elapsed: 0.474 sec - in spark.MultipleFiltersTest
Running spark.route.RouteEntryTest
Tests run: 9, Failures: 0, Errors: 0, Skipped: 0, Time elapsed: 0.01 sec - in spark.route.RouteEntryTest
Running spark.route.HttpMethodTest
Tests run: 2, Failures: 0, Errors: 0, Skipped: 0, Time elapsed: 0.008 sec - in spark.route.HttpMethodTest
Running spark.route.RoutesTest
[main] ERROR spark.route.Routes - The @Route value: test'/hello' has an invalid HTTP method part: test.
Tests run: 2, Failures: 0, Errors: 0, Skipped: 0, Time elapsed: 0.042 sec - in spark.route.RoutesTest
Running spark.GenericIntegrationTest
[main] INFO spark.staticfiles.StaticFilesConfiguration - StaticResourceHandler configured with folder = /public
[main] INFO spark.staticfiles.StaticFilesConfiguration - External StaticResourceHandler configured with folder = /tmp
[main] WARN spark.staticfiles.StaticFilesFolder - Registering external static files folder [/tmp] as [/tmp].
[Thread-1] INFO org.eclipse.jetty.util.log - Logging initialized @600ms
[Thread-1] INFO spark.embeddedserver.jetty.EmbeddedJettyServer - == Spark has ignited ...
[Thread-1] INFO spark.embeddedserver.jetty.EmbeddedJettyServer - >> Listening on 0.0.0.0:4567
[Thread-1] INFO org.eclipse.jetty.server.Server - jetty-9.3.6.v20151106
[Thread-1] INFO org.eclipse.jetty.server.handler.ContextHandler - Started o.e.j.s.ServletContextHandler@1fdee6f9{/,null,AVAILABLE}
[Thread-1] INFO org.eclipse.jetty.server.ServerConnector - Started ServerConnector@1e046db2{HTTP/1.1,[http/1.1]}{0.0.0.0:4567}
[Thread-1] INFO org.eclipse.jetty.server.Server - Started @801ms
[main] INFO spark.GenericIntegrationTest - Body was: Fo shizzy
[main] INFO spark.GenericIntegrationTest - Body was: Fo shizzy
Method Override Worked
[qtp1544753304-24] ERROR spark.http.matching.GeneralError - 
java.lang.RuntimeException
	at spark.GenericIntegrationTest.lambda$setup$33(GenericIntegrationTest.java:188)
	at spark.RouteImpl$1.handle(RouteImpl.java:61)
	at spark.http.matching.Routes.execute(Routes.java:61)
	at spark.http.matching.MatcherFilter.doFilter(MatcherFilter.java:130)
	at spark.embeddedserver.jetty.JettyHandler.doHandle(JettyHandler.java:50)
	at org.eclipse.jetty.server.session.SessionHandler.doScope(SessionHandler.java:189)
	at org.eclipse.jetty.server.handler.ScopedHandler.handle(ScopedHandler.java:141)
	at org.eclipse.jetty.server.handler.HandlerList.handle(HandlerList.java:52)
	at org.eclipse.jetty.server.handler.HandlerWrapper.handle(HandlerWrapper.java:119)
	at org.eclipse.jetty.server.Server.handle(Server.java:517)
	at org.eclipse.jetty.server.HttpChannel.handle(HttpChannel.java:308)
	at org.eclipse.jetty.server.HttpConnection.onFillable(HttpConnection.java:242)
	at org.eclipse.jetty.io.AbstractConnection$ReadCallback.succeeded(AbstractConnection.java:261)
	at org.eclipse.jetty.io.FillInterest.fillable(FillInterest.java:95)
	at org.eclipse.jetty.io.SelectChannelEndPoint$2.run(SelectChannelEndPoint.java:75)
	at org.eclipse.jetty.util.thread.strategy.ExecuteProduceConsume.produceAndRun(ExecuteProduceConsume.java:213)
	at org.eclipse.jetty.util.thread.strategy.ExecuteProduceConsume.run(ExecuteProduceConsume.java:147)
	at org.eclipse.jetty.util.thread.QueuedThreadPool.runJob(QueuedThreadPool.java:654)
	at org.eclipse.jetty.util.thread.QueuedThreadPool$3.run(QueuedThreadPool.java:572)
	at java.lang.Thread.run(Thread.java:748)
[Thread-38] INFO spark.embeddedserver.jetty.EmbeddedJettyServer - >>> Spark shutting down ...
Tests run: 38, Failures: 0, Errors: 0, Skipped: 0, Time elapsed: 0.909 sec - in spark.GenericIntegrationTest
[Thread-38] INFO org.eclipse.jetty.server.ServerConnector - Stopped ServerConnector@1e046db2{HTTP/1.1,[http/1.1]}{0.0.0.0:4567}
Running spark.globalstate.ServletFlagTest
Tests run: 4, Failures: 0, Errors: 0, Skipped: 0, Time elapsed: 0.173 sec - in spark.globalstate.ServletFlagTest
Running spark.ServiceTest
Tests run: 25, Failures: 0, Errors: 0, Skipped: 0, Time elapsed: 0.051 sec - in spark.ServiceTest

Results :

Tests run: 283, Failures: 0, Errors: 0, Skipped: 0

[INFO] 
[INFO] --- maven-bundle-plugin:2.5.3:bundle (default-bundle) @ spark-core ---
[INFO] 
[INFO] --- maven-assembly-plugin:3.2.0:single (default) @ spark-core ---
[INFO] Building jar: /tmp/tmp6wbxkx31/spark/target/spark-core-2.5.5-jar-with-dependencies.jar
[INFO] ------------------------------------------------------------------------
[INFO] BUILD SUCCESS
[INFO] ------------------------------------------------------------------------
[INFO] Total time:  39.258 s
[INFO] Finished at: 2020-07-30T16:06:01Z
[INFO] ------------------------------------------------------------------------
