[INFO] Error stacktraces are turned on.
[INFO] Scanning for projects...
[INFO] Inspecting build with total of 1 modules...
[INFO] Installing Nexus Staging features:
[INFO]   ... total of 1 executions of maven-deploy-plugin replaced with nexus-staging-maven-plugin
[INFO] 
[INFO] -----------------< com.github.sgoeschl:freemarker-cli >-----------------
[INFO] Building Apache FreeMarker CLI 2.0.0-BETA-6-SNAPSHOT
[INFO] --------------------------------[ jar ]---------------------------------
[INFO] 
[INFO] --- git-commit-id-plugin:2.2.6:revision (get-the-git-infos) @ freemarker-cli ---
[INFO] 
[INFO] --- jacoco-maven-plugin:0.8.5:prepare-agent (default) @ freemarker-cli ---
[INFO] argLine set to -javaagent:/home/jdbl/.m2/repository/org/jacoco/org.jacoco.agent/0.8.5/org.jacoco.agent-0.8.5-runtime.jar=destfile=/tmp/tmp476et44v/freemarker-cli/target/jacoco.exec
[INFO] 
[INFO] --- maven-resources-plugin:3.1.0:resources (default-resources) @ freemarker-cli ---
[INFO] Using 'UTF-8' encoding to copy filtered resources.
[INFO] Copying 9 resources
[INFO] 
[INFO] --- maven-compiler-plugin:3.8.1:compile (default-compile) @ freemarker-cli ---
[INFO] Changes detected - recompiling the module!
[INFO] Compiling 34 source files to /tmp/tmp476et44v/freemarker-cli/target/classes
[INFO] 
[INFO] --- maven-resources-plugin:3.1.0:testResources (default-testResources) @ freemarker-cli ---
[INFO] Using 'UTF-8' encoding to copy filtered resources.
[INFO] skip non existing resourceDirectory /tmp/tmp476et44v/freemarker-cli/src/test/resources
[INFO] 
[INFO] --- maven-compiler-plugin:3.8.1:testCompile (default-testCompile) @ freemarker-cli ---
[INFO] Changes detected - recompiling the module!
[INFO] Compiling 23 source files to /tmp/tmp476et44v/freemarker-cli/target/test-classes
[INFO] 
[INFO] --- maven-surefire-plugin:2.19.1:test (default-test) @ freemarker-cli ---
[INFO] Surefire report directory: /tmp/tmp476et44v/freemarker-cli/target/surefire-reports

-------------------------------------------------------
 T E S T S
-------------------------------------------------------
Running com.github.sgoeschl.freemarker.cli.model.DocumentsTest
Tests run: 6, Failures: 0, Errors: 0, Skipped: 0, Time elapsed: 0.132 sec - in com.github.sgoeschl.freemarker.cli.model.DocumentsTest
Running com.github.sgoeschl.freemarker.cli.model.DocumentTest
Tests run: 5, Failures: 0, Errors: 0, Skipped: 0, Time elapsed: 0.002 sec - in com.github.sgoeschl.freemarker.cli.model.DocumentTest
Running com.github.sgoeschl.freemarker.cli.TemplateLoadingTest
Tests run: 2, Failures: 0, Errors: 0, Skipped: 0, Time elapsed: 0.901 sec - in com.github.sgoeschl.freemarker.cli.TemplateLoadingTest
Running com.github.sgoeschl.freemarker.cli.tools.commonscsv.CommonsCSVToolTest
Tests run: 8, Failures: 0, Errors: 0, Skipped: 0, Time elapsed: 0.027 sec - in com.github.sgoeschl.freemarker.cli.tools.commonscsv.CommonsCSVToolTest
Running com.github.sgoeschl.freemarker.cli.tools.jsonpath.JsonPathToolTest
Tests run: 3, Failures: 0, Errors: 0, Skipped: 0, Time elapsed: 0.103 sec - in com.github.sgoeschl.freemarker.cli.tools.jsonpath.JsonPathToolTest
Running com.github.sgoeschl.freemarker.cli.tools.snakeyaml.SnakeYamlToolTest
Tests run: 2, Failures: 0, Errors: 0, Skipped: 0, Time elapsed: 0.093 sec - in com.github.sgoeschl.freemarker.cli.tools.snakeyaml.SnakeYamlToolTest
Running com.github.sgoeschl.freemarker.cli.tools.properties.PropertiesToolTest
Tests run: 2, Failures: 0, Errors: 0, Skipped: 0, Time elapsed: 0 sec - in com.github.sgoeschl.freemarker.cli.tools.properties.PropertiesToolTest
Running com.github.sgoeschl.freemarker.cli.tools.grok.GrokToolTest
Tests run: 1, Failures: 0, Errors: 0, Skipped: 0, Time elapsed: 0.046 sec - in com.github.sgoeschl.freemarker.cli.tools.grok.GrokToolTest
Running com.github.sgoeschl.freemarker.cli.tools.excel.ExcelToolTest
Tests run: 5, Failures: 0, Errors: 0, Skipped: 0, Time elapsed: 1.483 sec - in com.github.sgoeschl.freemarker.cli.tools.excel.ExcelToolTest
Running com.github.sgoeschl.freemarker.cli.tools.system.SystemToolTest
Tests run: 3, Failures: 0, Errors: 0, Skipped: 0, Time elapsed: 0.001 sec - in com.github.sgoeschl.freemarker.cli.tools.system.SystemToolTest
Running com.github.sgoeschl.freemarker.cli.tools.commonsexec.CommonsExecToolTest
Tests run: 3, Failures: 0, Errors: 0, Skipped: 0, Time elapsed: 0.043 sec - in com.github.sgoeschl.freemarker.cli.tools.commonsexec.CommonsExecToolTest
Running com.github.sgoeschl.freemarker.cli.tools.freemarker.FreeMarkerToolTest
Tests run: 4, Failures: 0, Errors: 0, Skipped: 0, Time elapsed: 0.003 sec - in com.github.sgoeschl.freemarker.cli.tools.freemarker.FreeMarkerToolTest
Running com.github.sgoeschl.freemarker.cli.tools.xml.XmlToolTest
Tests run: 2, Failures: 0, Errors: 0, Skipped: 0, Time elapsed: 0.009 sec - in com.github.sgoeschl.freemarker.cli.tools.xml.XmlToolTest
Running com.github.sgoeschl.freemarker.cli.tools.jsoup.JsoupToolTest
Tests run: 2, Failures: 0, Errors: 0, Skipped: 0, Time elapsed: 0.132 sec - in com.github.sgoeschl.freemarker.cli.tools.jsoup.JsoupToolTest
Running com.github.sgoeschl.freemarker.cli.tools.uuid.UUIDToolTest
Tests run: 2, Failures: 0, Errors: 0, Skipped: 0, Time elapsed: 0.001 sec - in com.github.sgoeschl.freemarker.cli.tools.uuid.UUIDToolTest
Running com.github.sgoeschl.freemarker.cli.impl.RecursiveFileResolverTest
Tests run: 3, Failures: 0, Errors: 0, Skipped: 0, Time elapsed: 0.04 sec - in com.github.sgoeschl.freemarker.cli.impl.RecursiveFileResolverTest
Running com.github.sgoeschl.freemarker.cli.impl.DocumentsResolverTest
Tests run: 2, Failures: 0, Errors: 0, Skipped: 0, Time elapsed: 0 sec - in com.github.sgoeschl.freemarker.cli.impl.DocumentsResolverTest
Running com.github.sgoeschl.freemarker.cli.UserSuppliedLocaleTest
Tests run: 2, Failures: 0, Errors: 0, Skipped: 0, Time elapsed: 0 sec - in com.github.sgoeschl.freemarker.cli.UserSuppliedLocaleTest
Running com.github.sgoeschl.freemarker.cli.SourceEncodingTest
Tests run: 2, Failures: 0, Errors: 0, Skipped: 0, Time elapsed: 0 sec - in com.github.sgoeschl.freemarker.cli.SourceEncodingTest
Running com.github.sgoeschl.freemarker.cli.ExamplesTest
Tests run: 14, Failures: 0, Errors: 0, Skipped: 1, Time elapsed: 0.76 sec - in com.github.sgoeschl.freemarker.cli.ExamplesTest
Running com.github.sgoeschl.freemarker.cli.SecurityRelatedTest
Jul 30, 2020 8:59:36 PM freemarker.log._JULLoggerFactory$JULLogger error
SEVERE: Error executing FreeMarker template
FreeMarker template error:
Can't use ?api, because the "api_builtin_enabled" configuration setting is false. Think twice before you set it to true though. Especially, it shouldn't abused for modifying Map-s and Collection-s.
The blamed expression:
==> SystemTool?api  [in template "templates/security/api.ftl" at line 17, column 14]

----
FTL stack trace ("~" means nesting-related):
	- Failed at: #assign uri = SystemTool?api.class.ge...  [in template "templates/security/api.ftl" at line 17, column 1]
----

Java stack trace (for programmers):
----
freemarker.core._MiscTemplateException: [... Exception message was already printed; see it above ...]
	at freemarker.core.BuiltInsForMultipleTypes$apiBI._eval(BuiltInsForMultipleTypes.java:256)
	at freemarker.core.Expression.eval(Expression.java:101)
	at freemarker.core.Dot._eval(Dot.java:41)
	at freemarker.core.Expression.eval(Expression.java:101)
	at freemarker.core.Dot._eval(Dot.java:41)
	at freemarker.core.Expression.eval(Expression.java:101)
	at freemarker.core.MethodCall._eval(MethodCall.java:55)
	at freemarker.core.Expression.eval(Expression.java:101)
	at freemarker.core.Dot._eval(Dot.java:41)
	at freemarker.core.Expression.eval(Expression.java:101)
	at freemarker.core.MethodCall._eval(MethodCall.java:55)
	at freemarker.core.Expression.eval(Expression.java:101)
	at freemarker.core.Assignment.accept(Assignment.java:134)
	at freemarker.core.Environment.visit(Environment.java:331)
	at freemarker.core.Environment.visit(Environment.java:337)
	at freemarker.core.Environment.process(Environment.java:310)
	at freemarker.template.Template.process(Template.java:383)
	at com.github.sgoeschl.freemarker.cli.FreeMarkerTask.call(FreeMarkerTask.java:74)
	at com.github.sgoeschl.freemarker.cli.FreeMarkerTask.call(FreeMarkerTask.java:61)
	at com.github.sgoeschl.freemarker.cli.Main.callOnce(Main.java:151)
	at com.github.sgoeschl.freemarker.cli.Main.lambda$call$0(Main.java:141)
	at java.util.stream.IntPipeline$3$1.accept(IntPipeline.java:233)
	at java.util.stream.Streams$RangeIntSpliterator.forEachRemaining(Streams.java:110)
	at java.util.Spliterator$OfInt.forEachRemaining(Spliterator.java:693)
	at java.util.stream.AbstractPipeline.copyInto(AbstractPipeline.java:482)
	at java.util.stream.AbstractPipeline.wrapAndCopyInto(AbstractPipeline.java:472)
	at java.util.stream.ReduceOps$ReduceOp.evaluateSequential(ReduceOps.java:708)
	at java.util.stream.AbstractPipeline.evaluate(AbstractPipeline.java:234)
	at java.util.stream.IntPipeline.reduce(IntPipeline.java:484)
	at java.util.stream.IntPipeline.max(IntPipeline.java:447)
	at com.github.sgoeschl.freemarker.cli.Main.call(Main.java:141)
	at com.github.sgoeschl.freemarker.cli.Main.call(Main.java:47)
	at picocli.CommandLine.executeUserObject(CommandLine.java:1783)
	at picocli.CommandLine.access$900(CommandLine.java:145)
	at picocli.CommandLine$RunLast.handle(CommandLine.java:2141)
	at picocli.CommandLine$RunLast.handle(CommandLine.java:2108)
	at picocli.CommandLine$AbstractParseResultHandler.execute(CommandLine.java:1975)
	at picocli.CommandLine.execute(CommandLine.java:1904)
	at com.github.sgoeschl.freemarker.cli.Main.execute(Main.java:135)
	at com.github.sgoeschl.freemarker.cli.AbstractMainTest.execute(AbstractMainTest.java:31)
	at com.github.sgoeschl.freemarker.cli.SecurityRelatedTest.shouldDisallowFreeMarkerApiBuiltIn(SecurityRelatedTest.java:32)
	at sun.reflect.NativeMethodAccessorImpl.invoke0(Native Method)
	at sun.reflect.NativeMethodAccessorImpl.invoke(NativeMethodAccessorImpl.java:62)
	at sun.reflect.DelegatingMethodAccessorImpl.invoke(DelegatingMethodAccessorImpl.java:43)
	at java.lang.reflect.Method.invoke(Method.java:498)
	at org.junit.runners.model.FrameworkMethod$1.runReflectiveCall(FrameworkMethod.java:50)
	at org.junit.internal.runners.model.ReflectiveCallable.run(ReflectiveCallable.java:12)
	at org.junit.runners.model.FrameworkMethod.invokeExplosively(FrameworkMethod.java:47)
	at org.junit.internal.runners.statements.InvokeMethod.evaluate(InvokeMethod.java:17)
	at org.junit.internal.runners.statements.ExpectException.evaluate(ExpectException.java:19)
	at org.junit.runners.ParentRunner.runLeaf(ParentRunner.java:325)
	at org.junit.runners.BlockJUnit4ClassRunner.runChild(BlockJUnit4ClassRunner.java:78)
	at org.junit.runners.BlockJUnit4ClassRunner.runChild(BlockJUnit4ClassRunner.java:57)
	at org.junit.runners.ParentRunner$3.run(ParentRunner.java:290)
	at org.junit.runners.ParentRunner$1.schedule(ParentRunner.java:71)
	at org.junit.runners.ParentRunner.runChildren(ParentRunner.java:288)
	at org.junit.runners.ParentRunner.access$000(ParentRunner.java:58)
	at org.junit.runners.ParentRunner$2.evaluate(ParentRunner.java:268)
	at org.junit.runners.ParentRunner.run(ParentRunner.java:363)
	at org.apache.maven.surefire.junit4.JUnit4Provider.execute(JUnit4Provider.java:367)
	at org.apache.maven.surefire.junit4.JUnit4Provider.executeWithRerun(JUnit4Provider.java:274)
	at org.apache.maven.surefire.junit4.JUnit4Provider.executeTestSet(JUnit4Provider.java:238)
	at org.apache.maven.surefire.junit4.JUnit4Provider.invoke(JUnit4Provider.java:161)
	at org.apache.maven.surefire.booter.ForkedBooter.invokeProviderInSameClassLoader(ForkedBooter.java:290)
	at org.apache.maven.surefire.booter.ForkedBooter.runSuitesInProcess(ForkedBooter.java:242)
	at org.apache.maven.surefire.booter.ForkedBooter.main(ForkedBooter.java:121)

java.lang.RuntimeException: Failed to render FreeMarker Template: templates/security/api.ftl
	at com.github.sgoeschl.freemarker.cli.FreeMarkerTask.call(FreeMarkerTask.java:79)
	at com.github.sgoeschl.freemarker.cli.FreeMarkerTask.call(FreeMarkerTask.java:61)
	at com.github.sgoeschl.freemarker.cli.Main.callOnce(Main.java:151)
	at com.github.sgoeschl.freemarker.cli.Main.lambda$call$0(Main.java:141)
	at java.util.stream.IntPipeline$3$1.accept(IntPipeline.java:233)
	at java.util.stream.Streams$RangeIntSpliterator.forEachRemaining(Streams.java:110)
	at java.util.Spliterator$OfInt.forEachRemaining(Spliterator.java:693)
	at java.util.stream.AbstractPipeline.copyInto(AbstractPipeline.java:482)
	at java.util.stream.AbstractPipeline.wrapAndCopyInto(AbstractPipeline.java:472)
	at java.util.stream.ReduceOps$ReduceOp.evaluateSequential(ReduceOps.java:708)
	at java.util.stream.AbstractPipeline.evaluate(AbstractPipeline.java:234)
	at java.util.stream.IntPipeline.reduce(IntPipeline.java:484)
	at java.util.stream.IntPipeline.max(IntPipeline.java:447)
	at com.github.sgoeschl.freemarker.cli.Main.call(Main.java:141)
	at com.github.sgoeschl.freemarker.cli.Main.call(Main.java:47)
	at picocli.CommandLine.executeUserObject(CommandLine.java:1783)
	at picocli.CommandLine.access$900(CommandLine.java:145)
	at picocli.CommandLine$RunLast.handle(CommandLine.java:2141)
	at picocli.CommandLine$RunLast.handle(CommandLine.java:2108)
	at picocli.CommandLine$AbstractParseResultHandler.execute(CommandLine.java:1975)
	at picocli.CommandLine.execute(CommandLine.java:1904)
	at com.github.sgoeschl.freemarker.cli.Main.execute(Main.java:135)
	at com.github.sgoeschl.freemarker.cli.AbstractMainTest.execute(AbstractMainTest.java:31)
	at com.github.sgoeschl.freemarker.cli.SecurityRelatedTest.shouldDisallowFreeMarkerApiBuiltIn(SecurityRelatedTest.java:32)
	at sun.reflect.NativeMethodAccessorImpl.invoke0(Native Method)
	at sun.reflect.NativeMethodAccessorImpl.invoke(NativeMethodAccessorImpl.java:62)
	at sun.reflect.DelegatingMethodAccessorImpl.invoke(DelegatingMethodAccessorImpl.java:43)
	at java.lang.reflect.Method.invoke(Method.java:498)
	at org.junit.runners.model.FrameworkMethod$1.runReflectiveCall(FrameworkMethod.java:50)
	at org.junit.internal.runners.model.ReflectiveCallable.run(ReflectiveCallable.java:12)
	at org.junit.runners.model.FrameworkMethod.invokeExplosively(FrameworkMethod.java:47)
	at org.junit.internal.runners.statements.InvokeMethod.evaluate(InvokeMethod.java:17)
	at org.junit.internal.runners.statements.ExpectException.evaluate(ExpectException.java:19)
	at org.junit.runners.ParentRunner.runLeaf(ParentRunner.java:325)
	at org.junit.runners.BlockJUnit4ClassRunner.runChild(BlockJUnit4ClassRunner.java:78)
	at org.junit.runners.BlockJUnit4ClassRunner.runChild(BlockJUnit4ClassRunner.java:57)
	at org.junit.runners.ParentRunner$3.run(ParentRunner.java:290)
	at org.junit.runners.ParentRunner$1.schedule(ParentRunner.java:71)
	at org.junit.runners.ParentRunner.runChildren(ParentRunner.java:288)
	at org.junit.runners.ParentRunner.access$000(ParentRunner.java:58)
	at org.junit.runners.ParentRunner$2.evaluate(ParentRunner.java:268)
	at org.junit.runners.ParentRunner.run(ParentRunner.java:363)
	at org.apache.maven.surefire.junit4.JUnit4Provider.execute(JUnit4Provider.java:367)
	at org.apache.maven.surefire.junit4.JUnit4Provider.executeWithRerun(JUnit4Provider.java:274)
	at org.apache.maven.surefire.junit4.JUnit4Provider.executeTestSet(JUnit4Provider.java:238)
	at org.apache.maven.surefire.junit4.JUnit4Provider.invoke(JUnit4Provider.java:161)
	at org.apache.maven.surefire.booter.ForkedBooter.invokeProviderInSameClassLoader(ForkedBooter.java:290)
	at org.apache.maven.surefire.booter.ForkedBooter.runSuitesInProcess(ForkedBooter.java:242)
	at org.apache.maven.surefire.booter.ForkedBooter.main(ForkedBooter.java:121)
Caused by: freemarker.core._MiscTemplateException: Can't use ?api, because the "api_builtin_enabled" configuration setting is false. Think twice before you set it to true though. Especially, it shouldn't abused for modifying Map-s and Collection-s.
The blamed expression:
==> SystemTool?api  [in template "templates/security/api.ftl" at line 17, column 14]

----
FTL stack trace ("~" means nesting-related):
	- Failed at: #assign uri = SystemTool?api.class.ge...  [in template "templates/security/api.ftl" at line 17, column 1]
----
	at freemarker.core.BuiltInsForMultipleTypes$apiBI._eval(BuiltInsForMultipleTypes.java:256)
	at freemarker.core.Expression.eval(Expression.java:101)
	at freemarker.core.Dot._eval(Dot.java:41)
	at freemarker.core.Expression.eval(Expression.java:101)
	at freemarker.core.Dot._eval(Dot.java:41)
	at freemarker.core.Expression.eval(Expression.java:101)
	at freemarker.core.MethodCall._eval(MethodCall.java:55)
	at freemarker.core.Expression.eval(Expression.java:101)
	at freemarker.core.Dot._eval(Dot.java:41)
	at freemarker.core.Expression.eval(Expression.java:101)
	at freemarker.core.MethodCall._eval(MethodCall.java:55)
	at freemarker.core.Expression.eval(Expression.java:101)
	at freemarker.core.Assignment.accept(Assignment.java:134)
	at freemarker.core.Environment.visit(Environment.java:331)
	at freemarker.core.Environment.visit(Environment.java:337)
	at freemarker.core.Environment.process(Environment.java:310)
	at freemarker.template.Template.process(Template.java:383)
	at com.github.sgoeschl.freemarker.cli.FreeMarkerTask.call(FreeMarkerTask.java:74)
	... 48 more
Jul 30, 2020 8:59:36 PM freemarker.log._JULLoggerFactory$JULLogger error
SEVERE: Error executing FreeMarker template
FreeMarker template error:
Instantiating freemarker.template.utility.Execute is not allowed in the template for security reasons.

----
FTL stack trace ("~" means nesting-related):
	- Failed at: #assign ex = "freemarker.template.uti...  [in template "templates/security/new.ftl" at line 17, column 1]
----

Java stack trace (for programmers):
----
freemarker.core._MiscTemplateException: [... Exception message was already printed; see it above ...]
	at freemarker.core._MessageUtil.newInstantiatingClassNotAllowedException(_MessageUtil.java:297)
	at freemarker.core.TemplateClassResolver$3.resolve(TemplateClassResolver.java:87)
	at freemarker.core.NewBI$ConstructorFunction.<init>(NewBI.java:61)
	at freemarker.core.NewBI._eval(NewBI.java:51)
	at freemarker.core.Expression.eval(Expression.java:101)
	at freemarker.core.MethodCall._eval(MethodCall.java:55)
	at freemarker.core.Expression.eval(Expression.java:101)
	at freemarker.core.Assignment.accept(Assignment.java:134)
	at freemarker.core.Environment.visit(Environment.java:331)
	at freemarker.core.Environment.visit(Environment.java:337)
	at freemarker.core.Environment.process(Environment.java:310)
	at freemarker.template.Template.process(Template.java:383)
	at com.github.sgoeschl.freemarker.cli.FreeMarkerTask.call(FreeMarkerTask.java:74)
	at com.github.sgoeschl.freemarker.cli.FreeMarkerTask.call(FreeMarkerTask.java:61)
	at com.github.sgoeschl.freemarker.cli.Main.callOnce(Main.java:151)
	at com.github.sgoeschl.freemarker.cli.Main.lambda$call$0(Main.java:141)
	at java.util.stream.IntPipeline$3$1.accept(IntPipeline.java:233)
	at java.util.stream.Streams$RangeIntSpliterator.forEachRemaining(Streams.java:110)
	at java.util.Spliterator$OfInt.forEachRemaining(Spliterator.java:693)
	at java.util.stream.AbstractPipeline.copyInto(AbstractPipeline.java:482)
	at java.util.stream.AbstractPipeline.wrapAndCopyInto(AbstractPipeline.java:472)
	at java.util.stream.ReduceOps$ReduceOp.evaluateSequential(ReduceOps.java:708)
	at java.util.stream.AbstractPipeline.evaluate(AbstractPipeline.java:234)
	at java.util.stream.IntPipeline.reduce(IntPipeline.java:484)
	at java.util.stream.IntPipeline.max(IntPipeline.java:447)
	at com.github.sgoeschl.freemarker.cli.Main.call(Main.java:141)
	at com.github.sgoeschl.freemarker.cli.Main.call(Main.java:47)
	at picocli.CommandLine.executeUserObject(CommandLine.java:1783)
	at picocli.CommandLine.access$900(CommandLine.java:145)
	at picocli.CommandLine$RunLast.handle(CommandLine.java:2141)
	at picocli.CommandLine$RunLast.handle(CommandLine.java:2108)
	at picocli.CommandLine$AbstractParseResultHandler.execute(CommandLine.java:1975)
	at picocli.CommandLine.execute(CommandLine.java:1904)
	at com.github.sgoeschl.freemarker.cli.Main.execute(Main.java:135)
	at com.github.sgoeschl.freemarker.cli.AbstractMainTest.execute(AbstractMainTest.java:31)
	at com.github.sgoeschl.freemarker.cli.SecurityRelatedTest.shouldDisallowFreeMarkerNewBuiltIn(SecurityRelatedTest.java:27)
	at sun.reflect.NativeMethodAccessorImpl.invoke0(Native Method)
	at sun.reflect.NativeMethodAccessorImpl.invoke(NativeMethodAccessorImpl.java:62)
	at sun.reflect.DelegatingMethodAccessorImpl.invoke(DelegatingMethodAccessorImpl.java:43)
	at java.lang.reflect.Method.invoke(Method.java:498)
	at org.junit.runners.model.FrameworkMethod$1.runReflectiveCall(FrameworkMethod.java:50)
	at org.junit.internal.runners.model.ReflectiveCallable.run(ReflectiveCallable.java:12)
	at org.junit.runners.model.FrameworkMethod.invokeExplosively(FrameworkMethod.java:47)
	at org.junit.internal.runners.statements.InvokeMethod.evaluate(InvokeMethod.java:17)
	at org.junit.internal.runners.statements.ExpectException.evaluate(ExpectException.java:19)
	at org.junit.runners.ParentRunner.runLeaf(ParentRunner.java:325)
	at org.junit.runners.BlockJUnit4ClassRunner.runChild(BlockJUnit4ClassRunner.java:78)
	at org.junit.runners.BlockJUnit4ClassRunner.runChild(BlockJUnit4ClassRunner.java:57)
	at org.junit.runners.ParentRunner$3.run(ParentRunner.java:290)
	at org.junit.runners.ParentRunner$1.schedule(ParentRunner.java:71)
	at org.junit.runners.ParentRunner.runChildren(ParentRunner.java:288)
	at org.junit.runners.ParentRunner.access$000(ParentRunner.java:58)
	at org.junit.runners.ParentRunner$2.evaluate(ParentRunner.java:268)
	at org.junit.runners.ParentRunner.run(ParentRunner.java:363)
	at org.apache.maven.surefire.junit4.JUnit4Provider.execute(JUnit4Provider.java:367)
	at org.apache.maven.surefire.junit4.JUnit4Provider.executeWithRerun(JUnit4Provider.java:274)
	at org.apache.maven.surefire.junit4.JUnit4Provider.executeTestSet(JUnit4Provider.java:238)
	at org.apache.maven.surefire.junit4.JUnit4Provider.invoke(JUnit4Provider.java:161)
	at org.apache.maven.surefire.booter.ForkedBooter.invokeProviderInSameClassLoader(ForkedBooter.java:290)
	at org.apache.maven.surefire.booter.ForkedBooter.runSuitesInProcess(ForkedBooter.java:242)
	at org.apache.maven.surefire.booter.ForkedBooter.main(ForkedBooter.java:121)

java.lang.RuntimeException: Failed to render FreeMarker Template: templates/security/new.ftl
	at com.github.sgoeschl.freemarker.cli.FreeMarkerTask.call(FreeMarkerTask.java:79)
	at com.github.sgoeschl.freemarker.cli.FreeMarkerTask.call(FreeMarkerTask.java:61)
	at com.github.sgoeschl.freemarker.cli.Main.callOnce(Main.java:151)
	at com.github.sgoeschl.freemarker.cli.Main.lambda$call$0(Main.java:141)
	at java.util.stream.IntPipeline$3$1.accept(IntPipeline.java:233)
	at java.util.stream.Streams$RangeIntSpliterator.forEachRemaining(Streams.java:110)
	at java.util.Spliterator$OfInt.forEachRemaining(Spliterator.java:693)
	at java.util.stream.AbstractPipeline.copyInto(AbstractPipeline.java:482)
	at java.util.stream.AbstractPipeline.wrapAndCopyInto(AbstractPipeline.java:472)
	at java.util.stream.ReduceOps$ReduceOp.evaluateSequential(ReduceOps.java:708)
	at java.util.stream.AbstractPipeline.evaluate(AbstractPipeline.java:234)
	at java.util.stream.IntPipeline.reduce(IntPipeline.java:484)
	at java.util.stream.IntPipeline.max(IntPipeline.java:447)
	at com.github.sgoeschl.freemarker.cli.Main.call(Main.java:141)
	at com.github.sgoeschl.freemarker.cli.Main.call(Main.java:47)
	at picocli.CommandLine.executeUserObject(CommandLine.java:1783)
	at picocli.CommandLine.access$900(CommandLine.java:145)
	at picocli.CommandLine$RunLast.handle(CommandLine.java:2141)
	at picocli.CommandLine$RunLast.handle(CommandLine.java:2108)
	at picocli.CommandLine$AbstractParseResultHandler.execute(CommandLine.java:1975)
	at picocli.CommandLine.execute(CommandLine.java:1904)
	at com.github.sgoeschl.freemarker.cli.Main.execute(Main.java:135)
	at com.github.sgoeschl.freemarker.cli.AbstractMainTest.execute(AbstractMainTest.java:31)
	at com.github.sgoeschl.freemarker.cli.SecurityRelatedTest.shouldDisallowFreeMarkerNewBuiltIn(SecurityRelatedTest.java:27)
	at sun.reflect.NativeMethodAccessorImpl.invoke0(Native Method)
	at sun.reflect.NativeMethodAccessorImpl.invoke(NativeMethodAccessorImpl.java:62)
	at sun.reflect.DelegatingMethodAccessorImpl.invoke(DelegatingMethodAccessorImpl.java:43)
	at java.lang.reflect.Method.invoke(Method.java:498)
	at org.junit.runners.model.FrameworkMethod$1.runReflectiveCall(FrameworkMethod.java:50)
	at org.junit.internal.runners.model.ReflectiveCallable.run(ReflectiveCallable.java:12)
	at org.junit.runners.model.FrameworkMethod.invokeExplosively(FrameworkMethod.java:47)
	at org.junit.internal.runners.statements.InvokeMethod.evaluate(InvokeMethod.java:17)
	at org.junit.internal.runners.statements.ExpectException.evaluate(ExpectException.java:19)
	at org.junit.runners.ParentRunner.runLeaf(ParentRunner.java:325)
	at org.junit.runners.BlockJUnit4ClassRunner.runChild(BlockJUnit4ClassRunner.java:78)
	at org.junit.runners.BlockJUnit4ClassRunner.runChild(BlockJUnit4ClassRunner.java:57)
	at org.junit.runners.ParentRunner$3.run(ParentRunner.java:290)
	at org.junit.runners.ParentRunner$1.schedule(ParentRunner.java:71)
	at org.junit.runners.ParentRunner.runChildren(ParentRunner.java:288)
	at org.junit.runners.ParentRunner.access$000(ParentRunner.java:58)
	at org.junit.runners.ParentRunner$2.evaluate(ParentRunner.java:268)
	at org.junit.runners.ParentRunner.run(ParentRunner.java:363)
	at org.apache.maven.surefire.junit4.JUnit4Provider.execute(JUnit4Provider.java:367)
	at org.apache.maven.surefire.junit4.JUnit4Provider.executeWithRerun(JUnit4Provider.java:274)
	at org.apache.maven.surefire.junit4.JUnit4Provider.executeTestSet(JUnit4Provider.java:238)
	at org.apache.maven.surefire.junit4.JUnit4Provider.invoke(JUnit4Provider.java:161)
	at org.apache.maven.surefire.booter.ForkedBooter.invokeProviderInSameClassLoader(ForkedBooter.java:290)
	at org.apache.maven.surefire.booter.ForkedBooter.runSuitesInProcess(ForkedBooter.java:242)
	at org.apache.maven.surefire.booter.ForkedBooter.main(ForkedBooter.java:121)
Caused by: freemarker.core._MiscTemplateException: Instantiating freemarker.template.utility.Execute is not allowed in the template for security reasons.

----
FTL stack trace ("~" means nesting-related):
	- Failed at: #assign ex = "freemarker.template.uti...  [in template "templates/security/new.ftl" at line 17, column 1]
----
	at freemarker.core._MessageUtil.newInstantiatingClassNotAllowedException(_MessageUtil.java:297)
	at freemarker.core.TemplateClassResolver$3.resolve(TemplateClassResolver.java:87)
	at freemarker.core.NewBI$ConstructorFunction.<init>(NewBI.java:61)
	at freemarker.core.NewBI._eval(NewBI.java:51)
	at freemarker.core.Expression.eval(Expression.java:101)
	at freemarker.core.MethodCall._eval(MethodCall.java:55)
	at freemarker.core.Expression.eval(Expression.java:101)
	at freemarker.core.Assignment.accept(Assignment.java:134)
	at freemarker.core.Environment.visit(Environment.java:331)
	at freemarker.core.Environment.visit(Environment.java:337)
	at freemarker.core.Environment.process(Environment.java:310)
	at freemarker.template.Template.process(Template.java:383)
	at com.github.sgoeschl.freemarker.cli.FreeMarkerTask.call(FreeMarkerTask.java:74)
	... 48 more
Tests run: 2, Failures: 0, Errors: 0, Skipped: 0, Time elapsed: 0.071 sec - in com.github.sgoeschl.freemarker.cli.SecurityRelatedTest

Results :

Tests run: 75, Failures: 0, Errors: 0, Skipped: 1

[INFO] 
[INFO] --- jacoco-maven-plugin:0.8.5:report (report) @ freemarker-cli ---
[INFO] Loading execution data file /tmp/tmp476et44v/freemarker-cli/target/jacoco.exec
[INFO] Analyzed bundle 'Apache FreeMarker CLI' with 269 classes
[INFO] ------------------------------------------------------------------------
[INFO] BUILD SUCCESS
[INFO] ------------------------------------------------------------------------
[INFO] Total time:  24.033 s
[INFO] Finished at: 2020-07-30T20:59:38Z
[INFO] ------------------------------------------------------------------------
