[INFO] Error stacktraces are turned on.
[INFO] Scanning for projects...
[INFO] 
[INFO] ---------------< nl.jqno.equalsverifier:equalsverifier >----------------
[INFO] Building EqualsVerifier 3.3
[INFO] --------------------------------[ jar ]---------------------------------
[INFO] 
[INFO] --- maven-enforcer-plugin:3.0.0-M3:enforce (enforce-maven) @ equalsverifier ---
[INFO] 
[INFO] --- jacoco-maven-plugin:0.8.5:prepare-agent (default-prepare-agent) @ equalsverifier ---
[INFO] argLine set to -javaagent:/home/jdbl/.m2/repository/org/jacoco/org.jacoco.agent/0.8.5/org.jacoco.agent-0.8.5-runtime.jar=destfile=/tmp/tmph4ey_o6s/equalsverifier/target/jacoco.exec
[INFO] 
[INFO] --- maven-resources-plugin:2.6:resources (default-resources) @ equalsverifier ---
[INFO] Using 'UTF-8' encoding to copy filtered resources.
[INFO] skip non existing resourceDirectory /tmp/tmph4ey_o6s/equalsverifier/src/main/resources
[INFO] 
[INFO] --- maven-compiler-plugin:3.8.1:compile (default-compile) @ equalsverifier ---
[INFO] Changes detected - recompiling the module!
[INFO] Compiling 81 source files to /tmp/tmph4ey_o6s/equalsverifier/target/classes
[INFO] 
[INFO] --- maven-resources-plugin:2.6:testResources (default-testResources) @ equalsverifier ---
[INFO] Using 'UTF-8' encoding to copy filtered resources.
[INFO] Copying 1 resource
[INFO] 
[INFO] --- maven-compiler-plugin:3.8.1:testCompile (default-testCompile) @ equalsverifier ---
[INFO] Changes detected - recompiling the module!
[INFO] Compiling 195 source files to /tmp/tmph4ey_o6s/equalsverifier/target/test-classes
[INFO] 
[INFO] --- maven-surefire-plugin:2.22.2:test (default-test) @ equalsverifier ---
[INFO] Surefire report directory: /tmp/tmph4ey_o6s/equalsverifier/target/surefire-reports
[INFO] 
[INFO] -------------------------------------------------------
[INFO]  T E S T S
[INFO] -------------------------------------------------------
[INFO] Running nl.jqno.equalsverifier.coverage.CoverageNonnullTest
[INFO] Tests run: 1, Failures: 0, Errors: 0, Skipped: 0, Time elapsed: 0.21 s - in nl.jqno.equalsverifier.coverage.CoverageNonnullTest
[INFO] Running nl.jqno.equalsverifier.coverage.CoverageWithInheritanceTest
[INFO] Tests run: 6, Failures: 0, Errors: 0, Skipped: 0, Time elapsed: 0.21 s - in nl.jqno.equalsverifier.coverage.CoverageWithInheritanceTest
[INFO] Running nl.jqno.equalsverifier.coverage.CoverageNoInheritanceTest
[INFO] Tests run: 16, Failures: 0, Errors: 0, Skipped: 0, Time elapsed: 0.072 s - in nl.jqno.equalsverifier.coverage.CoverageNoInheritanceTest
[INFO] Running nl.jqno.equalsverifier.integration.operational.WithGenericPrefabValuesTest
[INFO] Tests run: 13, Failures: 0, Errors: 0, Skipped: 0, Time elapsed: 0.119 s - in nl.jqno.equalsverifier.integration.operational.WithGenericPrefabValuesTest
[INFO] Running nl.jqno.equalsverifier.integration.operational.WithPrefabValuesTest
[INFO] Tests run: 7, Failures: 0, Errors: 0, Skipped: 0, Time elapsed: 0.008 s - in nl.jqno.equalsverifier.integration.operational.WithPrefabValuesTest
[INFO] Running nl.jqno.equalsverifier.integration.operational.ReportTest
[INFO] Tests run: 3, Failures: 0, Errors: 0, Skipped: 0, Time elapsed: 0.014 s - in nl.jqno.equalsverifier.integration.operational.ReportTest
[INFO] Running nl.jqno.equalsverifier.integration.operational.RecursionTest
[INFO] Tests run: 12, Failures: 0, Errors: 0, Skipped: 0, Time elapsed: 0.166 s - in nl.jqno.equalsverifier.integration.operational.RecursionTest
[INFO] Running nl.jqno.equalsverifier.integration.operational.ConfiguredEqualsVerifierMultipleTest
[INFO] Tests run: 14, Failures: 0, Errors: 0, Skipped: 0, Time elapsed: 0.192 s - in nl.jqno.equalsverifier.integration.operational.ConfiguredEqualsVerifierMultipleTest
[INFO] Running nl.jqno.equalsverifier.integration.operational.OutputTest
[INFO] Tests run: 7, Failures: 0, Errors: 0, Skipped: 0, Time elapsed: 0.022 s - in nl.jqno.equalsverifier.integration.operational.OutputTest
[INFO] Running nl.jqno.equalsverifier.integration.operational.SignedJarTest
[INFO] Tests run: 2, Failures: 0, Errors: 0, Skipped: 0, Time elapsed: 0.074 s - in nl.jqno.equalsverifier.integration.operational.SignedJarTest
[INFO] Running nl.jqno.equalsverifier.integration.operational.MultipleTypeEqualsVerifierTest
[INFO] Tests run: 16, Failures: 0, Errors: 0, Skipped: 0, Time elapsed: 0.233 s - in nl.jqno.equalsverifier.integration.operational.MultipleTypeEqualsVerifierTest
[INFO] Running nl.jqno.equalsverifier.integration.operational.OriginalStateTest
[INFO] Tests run: 5, Failures: 0, Errors: 0, Skipped: 0, Time elapsed: 0.037 s - in nl.jqno.equalsverifier.integration.operational.OriginalStateTest
[INFO] Running nl.jqno.equalsverifier.integration.operational.ConfiguredEqualsVerifierSingleTest
[INFO] Tests run: 12, Failures: 0, Errors: 0, Skipped: 0, Time elapsed: 0.055 s - in nl.jqno.equalsverifier.integration.operational.ConfiguredEqualsVerifierSingleTest
[INFO] Running nl.jqno.equalsverifier.integration.inheritance.FinalityTest
[INFO] Tests run: 8, Failures: 0, Errors: 0, Skipped: 0, Time elapsed: 0.027 s - in nl.jqno.equalsverifier.integration.inheritance.FinalityTest
[INFO] Running nl.jqno.equalsverifier.integration.inheritance.SuperclassTest
[INFO] Tests run: 10, Failures: 0, Errors: 0, Skipped: 0, Time elapsed: 0.061 s - in nl.jqno.equalsverifier.integration.inheritance.SuperclassTest
[INFO] Running nl.jqno.equalsverifier.integration.inheritance.SubclassTest
[INFO] Tests run: 12, Failures: 0, Errors: 0, Skipped: 0, Time elapsed: 0.05 s - in nl.jqno.equalsverifier.integration.inheritance.SubclassTest
[INFO] Running nl.jqno.equalsverifier.integration.inheritance.AbstractHierarchyTest
[INFO] Tests run: 6, Failures: 0, Errors: 0, Skipped: 0, Time elapsed: 0.034 s - in nl.jqno.equalsverifier.integration.inheritance.AbstractHierarchyTest
[INFO] Running nl.jqno.equalsverifier.integration.basic_contract.HashCodeTest
[INFO] Tests run: 3, Failures: 0, Errors: 0, Skipped: 0, Time elapsed: 0.005 s - in nl.jqno.equalsverifier.integration.basic_contract.HashCodeTest
[INFO] Running nl.jqno.equalsverifier.integration.basic_contract.NonNullityTest
[INFO] Tests run: 2, Failures: 0, Errors: 0, Skipped: 0, Time elapsed: 0.002 s - in nl.jqno.equalsverifier.integration.basic_contract.NonNullityTest
[INFO] Running nl.jqno.equalsverifier.integration.basic_contract.SymmetryTest
[INFO] Tests run: 1, Failures: 0, Errors: 0, Skipped: 0, Time elapsed: 0.002 s - in nl.jqno.equalsverifier.integration.basic_contract.SymmetryTest
[INFO] Running nl.jqno.equalsverifier.integration.basic_contract.ReflexivityTest
[INFO] Tests run: 8, Failures: 0, Errors: 0, Skipped: 0, Time elapsed: 0.011 s - in nl.jqno.equalsverifier.integration.basic_contract.ReflexivityTest
[INFO] Running nl.jqno.equalsverifier.integration.basic_contract.TransitivityTest
[WARNING] Tests run: 10, Failures: 0, Errors: 0, Skipped: 1, Time elapsed: 0.081 s - in nl.jqno.equalsverifier.integration.basic_contract.TransitivityTest
[INFO] Running nl.jqno.equalsverifier.integration.extra_features.AnnotationImmutableTest
[INFO] Tests run: 3, Failures: 0, Errors: 0, Skipped: 0, Time elapsed: 0.023 s - in nl.jqno.equalsverifier.integration.extra_features.AnnotationImmutableTest
[INFO] Running nl.jqno.equalsverifier.integration.extra_features.WarningsMixTest
[INFO] Tests run: 11, Failures: 0, Errors: 0, Skipped: 0, Time elapsed: 0.02 s - in nl.jqno.equalsverifier.integration.extra_features.WarningsMixTest
[INFO] Running nl.jqno.equalsverifier.integration.extra_features.VersionedEntityTest
[INFO] Tests run: 12, Failures: 0, Errors: 0, Skipped: 0, Time elapsed: 0.047 s - in nl.jqno.equalsverifier.integration.extra_features.VersionedEntityTest
[INFO] Running nl.jqno.equalsverifier.integration.extra_features.JpaEntityTest
[INFO] Tests run: 9, Failures: 0, Errors: 0, Skipped: 0, Time elapsed: 0.058 s - in nl.jqno.equalsverifier.integration.extra_features.JpaEntityTest
[INFO] Running nl.jqno.equalsverifier.integration.extra_features.GetClassTest
[INFO] Tests run: 5, Failures: 0, Errors: 0, Skipped: 0, Time elapsed: 0.017 s - in nl.jqno.equalsverifier.integration.extra_features.GetClassTest
[INFO] Running nl.jqno.equalsverifier.integration.extra_features.AnnotationsIgnoreTest
[INFO] Tests run: 5, Failures: 0, Errors: 0, Skipped: 0, Time elapsed: 0.013 s - in nl.jqno.equalsverifier.integration.extra_features.AnnotationsIgnoreTest
[INFO] Running nl.jqno.equalsverifier.integration.extra_features.GetClassInEqualityComparisonTest
[INFO] Tests run: 3, Failures: 0, Errors: 0, Skipped: 0, Time elapsed: 0.019 s - in nl.jqno.equalsverifier.integration.extra_features.GetClassInEqualityComparisonTest
[INFO] Running nl.jqno.equalsverifier.integration.extra_features.AnnotationNonnullEclipseTest
[INFO] Tests run: 12, Failures: 0, Errors: 0, Skipped: 0, Time elapsed: 0.099 s - in nl.jqno.equalsverifier.integration.extra_features.AnnotationNonnullEclipseTest
[INFO] Running nl.jqno.equalsverifier.integration.extra_features.JpaIdTest
[INFO] Tests run: 32, Failures: 0, Errors: 0, Skipped: 0, Time elapsed: 0.293 s - in nl.jqno.equalsverifier.integration.extra_features.JpaIdTest
[INFO] Running nl.jqno.equalsverifier.integration.extra_features.AnnotationNonnullTest
[INFO] Tests run: 33, Failures: 0, Errors: 0, Skipped: 0, Time elapsed: 0.136 s - in nl.jqno.equalsverifier.integration.extra_features.AnnotationNonnullTest
[INFO] Running nl.jqno.equalsverifier.integration.extra_features.CachedHashCodeTest
[INFO] Tests run: 22, Failures: 0, Errors: 0, Skipped: 0, Time elapsed: 0.061 s - in nl.jqno.equalsverifier.integration.extra_features.CachedHashCodeTest
[INFO] Running nl.jqno.equalsverifier.integration.extra_features.RelaxedEqualsTest
[INFO] Tests run: 4, Failures: 0, Errors: 0, Skipped: 0, Time elapsed: 0.011 s - in nl.jqno.equalsverifier.integration.extra_features.RelaxedEqualsTest
[INFO] Running nl.jqno.equalsverifier.integration.extra_features.RelaxedEqualsPreconditionTest
[INFO] Tests run: 14, Failures: 0, Errors: 0, Skipped: 0, Time elapsed: 0.009 s - in nl.jqno.equalsverifier.integration.extra_features.RelaxedEqualsPreconditionTest
[INFO] Running nl.jqno.equalsverifier.integration.extended_contract.BalancedAbstractnessTest
[INFO] Tests run: 7, Failures: 0, Errors: 0, Skipped: 0, Time elapsed: 0.025 s - in nl.jqno.equalsverifier.integration.extended_contract.BalancedAbstractnessTest
[INFO] Running nl.jqno.equalsverifier.integration.extended_contract.EnumTest
[INFO] Tests run: 8, Failures: 0, Errors: 0, Skipped: 0, Time elapsed: 0.011 s - in nl.jqno.equalsverifier.integration.extended_contract.EnumTest
[INFO] Running nl.jqno.equalsverifier.integration.extended_contract.TypeCheckTest
[INFO] Tests run: 3, Failures: 0, Errors: 0, Skipped: 0, Time elapsed: 0.003 s - in nl.jqno.equalsverifier.integration.extended_contract.TypeCheckTest
[INFO] Running nl.jqno.equalsverifier.integration.extended_contract.TransientFieldsTest
[INFO] Tests run: 9, Failures: 0, Errors: 0, Skipped: 0, Time elapsed: 0.055 s - in nl.jqno.equalsverifier.integration.extended_contract.TransientFieldsTest
[INFO] Running nl.jqno.equalsverifier.integration.extended_contract.JavaApiClassesTest
[INFO] Tests run: 14, Failures: 0, Errors: 0, Skipped: 0, Time elapsed: 0.25 s - in nl.jqno.equalsverifier.integration.extended_contract.JavaApiClassesTest
[INFO] Running nl.jqno.equalsverifier.integration.extended_contract.MutableStateTest
[INFO] Tests run: 9, Failures: 0, Errors: 0, Skipped: 0, Time elapsed: 0.03 s - in nl.jqno.equalsverifier.integration.extended_contract.MutableStateTest
[INFO] Running nl.jqno.equalsverifier.integration.extended_contract.NullFieldsTest
[INFO] Tests run: 15, Failures: 0, Errors: 0, Skipped: 0, Time elapsed: 0.063 s - in nl.jqno.equalsverifier.integration.extended_contract.NullFieldsTest
[INFO] Running nl.jqno.equalsverifier.integration.extended_contract.JavaFxClassesTest
[INFO] Tests run: 7, Failures: 0, Errors: 0, Skipped: 0, Time elapsed: 0.004 s - in nl.jqno.equalsverifier.integration.extended_contract.JavaFxClassesTest
[INFO] Running nl.jqno.equalsverifier.integration.extended_contract.SignatureTest
[INFO] Tests run: 6, Failures: 0, Errors: 0, Skipped: 0, Time elapsed: 0.008 s - in nl.jqno.equalsverifier.integration.extended_contract.SignatureTest
[INFO] Running nl.jqno.equalsverifier.integration.extended_contract.ArrayTest
[INFO] Tests run: 18, Failures: 0, Errors: 0, Skipped: 0, Time elapsed: 0.053 s - in nl.jqno.equalsverifier.integration.extended_contract.ArrayTest
[INFO] Running nl.jqno.equalsverifier.integration.extended_contract.NullFieldsWithExceptionsTest
[INFO] Tests run: 4, Failures: 0, Errors: 0, Skipped: 0, Time elapsed: 0.005 s - in nl.jqno.equalsverifier.integration.extended_contract.NullFieldsWithExceptionsTest
[INFO] Running nl.jqno.equalsverifier.integration.extended_contract.FloatAndDoubleTest
[INFO] Tests run: 6, Failures: 0, Errors: 0, Skipped: 0, Time elapsed: 0.013 s - in nl.jqno.equalsverifier.integration.extended_contract.FloatAndDoubleTest
[INFO] Running nl.jqno.equalsverifier.integration.extended_contract.GenericTypesTest
[INFO] Tests run: 16, Failures: 0, Errors: 0, Skipped: 0, Time elapsed: 0.106 s - in nl.jqno.equalsverifier.integration.extended_contract.GenericTypesTest
[INFO] Running nl.jqno.equalsverifier.integration.extended_contract.DontOverrideEqualsTest
[INFO] Tests run: 4, Failures: 0, Errors: 0, Skipped: 0, Time elapsed: 0.006 s - in nl.jqno.equalsverifier.integration.extended_contract.DontOverrideEqualsTest
[INFO] Running nl.jqno.equalsverifier.integration.extended_contract.ExtendedReflexivityTest
[INFO] Tests run: 8, Failures: 0, Errors: 0, Skipped: 0, Time elapsed: 0.021 s - in nl.jqno.equalsverifier.integration.extended_contract.ExtendedReflexivityTest
[INFO] Running nl.jqno.equalsverifier.integration.extended_contract.SyntheticFieldsTest
[INFO] Tests run: 5, Failures: 0, Errors: 0, Skipped: 0, Time elapsed: 0.016 s - in nl.jqno.equalsverifier.integration.extended_contract.SyntheticFieldsTest
[INFO] Running nl.jqno.equalsverifier.integration.extended_contract.AbstractDelegationTest
[INFO] Tests run: 19, Failures: 0, Errors: 0, Skipped: 0, Time elapsed: 0.062 s - in nl.jqno.equalsverifier.integration.extended_contract.AbstractDelegationTest
[INFO] Running nl.jqno.equalsverifier.integration.extended_contract.ExternalApiClassesTest
[INFO] Tests run: 9, Failures: 0, Errors: 0, Skipped: 0, Time elapsed: 0.392 s - in nl.jqno.equalsverifier.integration.extended_contract.ExternalApiClassesTest
[INFO] Running nl.jqno.equalsverifier.integration.extended_contract.SignificantFieldsTest
[INFO] Tests run: 43, Failures: 0, Errors: 0, Skipped: 0, Time elapsed: 0.172 s - in nl.jqno.equalsverifier.integration.extended_contract.SignificantFieldsTest
[INFO] Running nl.jqno.equalsverifier.integration.extended_contract.InterfaceTest
[INFO] Tests run: 2, Failures: 0, Errors: 0, Skipped: 0, Time elapsed: 0 s - in nl.jqno.equalsverifier.integration.extended_contract.InterfaceTest
[INFO] Running nl.jqno.equalsverifier.internal.architecture.ArchitectureTest
[INFO] Tests run: 5, Failures: 0, Errors: 0, Skipped: 0, Time elapsed: 1.348 s - in nl.jqno.equalsverifier.internal.architecture.ArchitectureTest
[INFO] Running nl.jqno.equalsverifier.internal.exceptions.EqualsVerifierInternalBugExceptionTest
[INFO] Tests run: 4, Failures: 0, Errors: 0, Skipped: 0, Time elapsed: 0 s - in nl.jqno.equalsverifier.internal.exceptions.EqualsVerifierInternalBugExceptionTest
[INFO] Running nl.jqno.equalsverifier.internal.exceptions.RecursionExceptionTest
[INFO] Tests run: 1, Failures: 0, Errors: 0, Skipped: 0, Time elapsed: 0 s - in nl.jqno.equalsverifier.internal.exceptions.RecursionExceptionTest
[INFO] Running nl.jqno.equalsverifier.internal.checkers.FieldInspectorTest
[INFO] Tests run: 2, Failures: 0, Errors: 0, Skipped: 0, Time elapsed: 0 s - in nl.jqno.equalsverifier.internal.checkers.FieldInspectorTest
[INFO] Running nl.jqno.equalsverifier.internal.util.FormatterTest
[INFO] Tests run: 18, Failures: 0, Errors: 0, Skipped: 0, Time elapsed: 0.001 s - in nl.jqno.equalsverifier.internal.util.FormatterTest
[INFO] Running nl.jqno.equalsverifier.internal.util.FieldNameExtractorTest
[INFO] Tests run: 3, Failures: 0, Errors: 0, Skipped: 0, Time elapsed: 0.001 s - in nl.jqno.equalsverifier.internal.util.FieldNameExtractorTest
[INFO] Running nl.jqno.equalsverifier.internal.util.AssertTest
[INFO] Tests run: 8, Failures: 0, Errors: 0, Skipped: 0, Time elapsed: 0 s - in nl.jqno.equalsverifier.internal.util.AssertTest
[INFO] Running nl.jqno.equalsverifier.internal.prefabvalues.TypeTagTest
[INFO] Tests run: 12, Failures: 0, Errors: 0, Skipped: 0, Time elapsed: 0.001 s - in nl.jqno.equalsverifier.internal.prefabvalues.TypeTagTest
[INFO] Running nl.jqno.equalsverifier.internal.prefabvalues.factories.SimpleGenericFactoryTest
[INFO] Tests run: 4, Failures: 0, Errors: 0, Skipped: 0, Time elapsed: 0.001 s - in nl.jqno.equalsverifier.internal.prefabvalues.factories.SimpleGenericFactoryTest
[INFO] Running nl.jqno.equalsverifier.internal.prefabvalues.factories.AbstractGenericFactoryTest
[INFO] Tests run: 1, Failures: 0, Errors: 0, Skipped: 0, Time elapsed: 0 s - in nl.jqno.equalsverifier.internal.prefabvalues.factories.AbstractGenericFactoryTest
[INFO] Running nl.jqno.equalsverifier.internal.prefabvalues.factories.MapFactoryTest
[INFO] Tests run: 4, Failures: 0, Errors: 0, Skipped: 0, Time elapsed: 0.001 s - in nl.jqno.equalsverifier.internal.prefabvalues.factories.MapFactoryTest
[INFO] Running nl.jqno.equalsverifier.internal.prefabvalues.factories.SimpleFactoryTest
[INFO] Tests run: 3, Failures: 0, Errors: 0, Skipped: 0, Time elapsed: 0.001 s - in nl.jqno.equalsverifier.internal.prefabvalues.factories.SimpleFactoryTest
[INFO] Running nl.jqno.equalsverifier.internal.prefabvalues.factories.FallbackFactoryTest
[INFO] Tests run: 8, Failures: 0, Errors: 0, Skipped: 0, Time elapsed: 0.001 s - in nl.jqno.equalsverifier.internal.prefabvalues.factories.FallbackFactoryTest
[INFO] Running nl.jqno.equalsverifier.internal.prefabvalues.PrefabValuesCreatorTest
[INFO] Tests run: 17, Failures: 0, Errors: 0, Skipped: 0, Time elapsed: 0.001 s - in nl.jqno.equalsverifier.internal.prefabvalues.PrefabValuesCreatorTest
[INFO] Running nl.jqno.equalsverifier.internal.prefabvalues.TypeTagParameterizedTest
[INFO] Tests run: 14, Failures: 0, Errors: 0, Skipped: 0, Time elapsed: 0.001 s - in nl.jqno.equalsverifier.internal.prefabvalues.TypeTagParameterizedTest
[INFO] Running nl.jqno.equalsverifier.internal.prefabvalues.PrefabValuesTest
[INFO] Tests run: 26, Failures: 0, Errors: 0, Skipped: 0, Time elapsed: 0.001 s - in nl.jqno.equalsverifier.internal.prefabvalues.PrefabValuesTest
[INFO] Running nl.jqno.equalsverifier.internal.prefabvalues.factoryproviders.JavaFxFactoryProviderTest
[INFO] Tests run: 3, Failures: 0, Errors: 0, Skipped: 0, Time elapsed: 0 s - in nl.jqno.equalsverifier.internal.prefabvalues.factoryproviders.JavaFxFactoryProviderTest
[INFO] Running nl.jqno.equalsverifier.internal.prefabvalues.TupleTest
[INFO] Tests run: 5, Failures: 0, Errors: 0, Skipped: 0, Time elapsed: 0 s - in nl.jqno.equalsverifier.internal.prefabvalues.TupleTest
[INFO] Running nl.jqno.equalsverifier.internal.prefabvalues.CacheTest
[INFO] Tests run: 4, Failures: 0, Errors: 0, Skipped: 0, Time elapsed: 0 s - in nl.jqno.equalsverifier.internal.prefabvalues.CacheTest
[INFO] Running nl.jqno.equalsverifier.internal.prefabvalues.FactoryCacheTest
[INFO] Tests run: 5, Failures: 0, Errors: 0, Skipped: 0, Time elapsed: 0 s - in nl.jqno.equalsverifier.internal.prefabvalues.FactoryCacheTest
[INFO] Running nl.jqno.equalsverifier.internal.reflection.UtilTest
[INFO] Tests run: 6, Failures: 0, Errors: 0, Skipped: 0, Time elapsed: 0 s - in nl.jqno.equalsverifier.internal.reflection.UtilTest
[INFO] Running nl.jqno.equalsverifier.internal.reflection.ConditionalInstantiatorTest
[INFO] Tests run: 24, Failures: 0, Errors: 0, Skipped: 0, Time elapsed: 0.001 s - in nl.jqno.equalsverifier.internal.reflection.ConditionalInstantiatorTest
[INFO] Running nl.jqno.equalsverifier.internal.reflection.ClassAccessorTest
[INFO] Tests run: 31, Failures: 0, Errors: 0, Skipped: 0, Time elapsed: 0.167 s - in nl.jqno.equalsverifier.internal.reflection.ClassAccessorTest
[INFO] Running nl.jqno.equalsverifier.internal.reflection.PackageScannerTest
[INFO] Tests run: 3, Failures: 0, Errors: 0, Skipped: 0, Time elapsed: 0.002 s - in nl.jqno.equalsverifier.internal.reflection.PackageScannerTest
[INFO] Running nl.jqno.equalsverifier.internal.reflection.FieldAccessorTest
[INFO] Tests run: 50, Failures: 0, Errors: 0, Skipped: 0, Time elapsed: 0.012 s - in nl.jqno.equalsverifier.internal.reflection.FieldAccessorTest
[INFO] Running nl.jqno.equalsverifier.internal.reflection.ObjectAccessorScramblingTest
[INFO] Tests run: 8, Failures: 0, Errors: 0, Skipped: 0, Time elapsed: 0.002 s - in nl.jqno.equalsverifier.internal.reflection.ObjectAccessorScramblingTest
[INFO] Running nl.jqno.equalsverifier.internal.reflection.FieldIterableTest
[INFO] Tests run: 12, Failures: 0, Errors: 0, Skipped: 0, Time elapsed: 0 s - in nl.jqno.equalsverifier.internal.reflection.FieldIterableTest
[INFO] Running nl.jqno.equalsverifier.internal.reflection.SuperclassIterableTest
[INFO] Tests run: 8, Failures: 0, Errors: 0, Skipped: 0, Time elapsed: 0.001 s - in nl.jqno.equalsverifier.internal.reflection.SuperclassIterableTest
[INFO] Running nl.jqno.equalsverifier.internal.reflection.ObjectAccessorCopyingTest
[INFO] Tests run: 9, Failures: 0, Errors: 0, Skipped: 0, Time elapsed: 0 s - in nl.jqno.equalsverifier.internal.reflection.ObjectAccessorCopyingTest
[INFO] Running nl.jqno.equalsverifier.internal.reflection.annotations.NonnullAnnotationVerifierTest
[INFO] Tests run: 1, Failures: 0, Errors: 0, Skipped: 0, Time elapsed: 0 s - in nl.jqno.equalsverifier.internal.reflection.annotations.NonnullAnnotationVerifierTest
[INFO] Running nl.jqno.equalsverifier.internal.reflection.annotations.SupportedAnnotationsTest
[INFO] Tests run: 5, Failures: 0, Errors: 0, Skipped: 0, Time elapsed: 0.001 s - in nl.jqno.equalsverifier.internal.reflection.annotations.SupportedAnnotationsTest
[INFO] Running nl.jqno.equalsverifier.internal.reflection.annotations.AnnotationCacheBuilderTest
[INFO] Tests run: 26, Failures: 0, Errors: 0, Skipped: 0, Time elapsed: 0.027 s - in nl.jqno.equalsverifier.internal.reflection.annotations.AnnotationCacheBuilderTest
[INFO] Running nl.jqno.equalsverifier.internal.reflection.ObjectAccessorTest
[INFO] Tests run: 2, Failures: 0, Errors: 0, Skipped: 0, Time elapsed: 0 s - in nl.jqno.equalsverifier.internal.reflection.ObjectAccessorTest
[INFO] Running nl.jqno.equalsverifier.internal.reflection.InstantiatorTest
[INFO] Tests run: 11, Failures: 0, Errors: 0, Skipped: 0, Time elapsed: 0.013 s - in nl.jqno.equalsverifier.internal.reflection.InstantiatorTest
[INFO] 
[INFO] Results:
[INFO] 
[WARNING] Tests run: 894, Failures: 0, Errors: 0, Skipped: 1
[INFO] 
[INFO] 
[INFO] --- maven-jar-plugin:3.2.0:jar (default-jar) @ equalsverifier ---
[INFO] Building jar: /tmp/tmph4ey_o6s/equalsverifier/target/equalsverifier-3.3.jar
[INFO] 
[INFO] --- maven-shade-plugin:3.2.3:shade (default) @ equalsverifier ---
[INFO] Including org.objenesis:objenesis:jar:3.1 in the shaded jar.
[INFO] Including net.bytebuddy:byte-buddy:jar:1.10.10 in the shaded jar.
[INFO] Minimizing jar nl.jqno.equalsverifier:equalsverifier:jar:3.3
[WARNING] /tmp/tmph4ey_o6s/equalsverifier/target/classes (Is a directory)
[INFO] Minimized 2592 -> 2005 (77%)
[INFO] Replacing original artifact with shaded artifact.
[INFO] Replacing /tmp/tmph4ey_o6s/equalsverifier/target/equalsverifier-3.3.jar with /tmp/tmph4ey_o6s/equalsverifier/target/equalsverifier-3.3-shaded.jar
[INFO] Dependency-reduced POM written at: /tmp/tmph4ey_o6s/equalsverifier/dependency-reduced-pom.xml
[INFO] 
[INFO] --- maven-assembly-plugin:3.2.0:single (default) @ equalsverifier ---
[INFO] Building jar: /tmp/tmph4ey_o6s/equalsverifier/target/equalsverifier-3.3-jar-with-dependencies.jar
[INFO] ------------------------------------------------------------------------
[INFO] BUILD SUCCESS
[INFO] ------------------------------------------------------------------------
[INFO] Total time:  18.835 s
[INFO] Finished at: 2020-07-30T17:33:12Z
[INFO] ------------------------------------------------------------------------
