[INFO] Error stacktraces are turned on.
[INFO] Scanning for projects...
[INFO] Inspecting build with total of 1 modules...
[INFO] Installing Nexus Staging features:
[INFO]   ... total of 1 executions of maven-deploy-plugin replaced with nexus-staging-maven-plugin
[INFO] 
[INFO] -----------------< com.github.davidmoten:rtree-multi >------------------
[INFO] Building rtree-multi 0.1-RC2-SNAPSHOT
[INFO] --------------------------------[ jar ]---------------------------------
[INFO] 
[INFO] --- jacoco-maven-plugin:0.8.5:prepare-agent (default) @ rtree-multi ---
[INFO] argLine set to -javaagent:/home/jdbl/.m2/repository/org/jacoco/org.jacoco.agent/0.8.5/org.jacoco.agent-0.8.5-runtime.jar=destfile=/tmp/tmp9kmscg88/rtree-multi/target/jacoco.exec
[INFO] 
[INFO] --- maven-resources-plugin:2.6:resources (default-resources) @ rtree-multi ---
[INFO] Using 'UTF-8' encoding to copy filtered resources.
[INFO] skip non existing resourceDirectory /tmp/tmp9kmscg88/rtree-multi/src/main/resources
[INFO] 
[INFO] --- maven-compiler-plugin:3.8.1:compile (default-compile) @ rtree-multi ---
[INFO] Changes detected - recompiling the module!
[INFO] Compiling 47 source files to /tmp/tmp9kmscg88/rtree-multi/target/classes
[INFO] /tmp/tmp9kmscg88/rtree-multi/src/main/java/com/github/davidmoten/rtreemulti/internal/SerializerKryo.java: /tmp/tmp9kmscg88/rtree-multi/src/main/java/com/github/davidmoten/rtreemulti/internal/SerializerKryo.java uses unchecked or unsafe operations.
[INFO] /tmp/tmp9kmscg88/rtree-multi/src/main/java/com/github/davidmoten/rtreemulti/internal/SerializerKryo.java: Recompile with -Xlint:unchecked for details.
[INFO] 
[INFO] --- maven-resources-plugin:2.6:testResources (default-testResources) @ rtree-multi ---
[INFO] Using 'UTF-8' encoding to copy filtered resources.
[INFO] Copying 2 resources
[INFO] 
[INFO] --- maven-compiler-plugin:3.8.1:testCompile (default-testCompile) @ rtree-multi ---
[INFO] Changes detected - recompiling the module!
[INFO] Compiling 27 source files to /tmp/tmp9kmscg88/rtree-multi/target/test-classes
[INFO] 
[INFO] --- maven-surefire-plugin:2.19.1:test (default-test) @ rtree-multi ---
[INFO] Surefire report directory: /tmp/tmp9kmscg88/rtree-multi/target/surefire-reports

-------------------------------------------------------
 T E S T S
-------------------------------------------------------
Running com.github.davidmoten.rtreemulti.LeafTest
Tests run: 2, Failures: 0, Errors: 0, Skipped: 0, Time elapsed: 0.073 sec - in com.github.davidmoten.rtreemulti.LeafTest
Running com.github.davidmoten.rtreemulti.NodePositionTest
Tests run: 1, Failures: 0, Errors: 0, Skipped: 0, Time elapsed: 0.579 sec - in com.github.davidmoten.rtreemulti.NodePositionTest
Running com.github.davidmoten.rtreemulti.UtilTest
Rectangle [mins=[-2.0, -2.0], maxes=[-1.0, -1.0]]
Tests run: 3, Failures: 0, Errors: 0, Skipped: 0, Time elapsed: 0.005 sec - in com.github.davidmoten.rtreemulti.UtilTest
Running com.github.davidmoten.rtreemulti.NonLeafTest
Tests run: 1, Failures: 0, Errors: 0, Skipped: 0, Time elapsed: 0 sec - in com.github.davidmoten.rtreemulti.NonLeafTest
Running com.github.davidmoten.rtreemulti.IterablesTest
Tests run: 2, Failures: 0, Errors: 0, Skipped: 0, Time elapsed: 0.037 sec - in com.github.davidmoten.rtreemulti.IterablesTest
Running com.github.davidmoten.rtreemulti.EntryTest
Tests run: 5, Failures: 0, Errors: 0, Skipped: 0, Time elapsed: 0.001 sec - in com.github.davidmoten.rtreemulti.EntryTest
Running com.github.davidmoten.rtreemulti.ComparatorsTest
Tests run: 1, Failures: 0, Errors: 0, Skipped: 0, Time elapsed: 0 sec - in com.github.davidmoten.rtreemulti.ComparatorsTest
Running com.github.davidmoten.rtreemulti.ContextTest
Tests run: 7, Failures: 0, Errors: 0, Skipped: 0, Time elapsed: 0.005 sec - in com.github.davidmoten.rtreemulti.ContextTest
Running com.github.davidmoten.rtreemulti.SplitterRStarTest
Tests run: 1, Failures: 0, Errors: 0, Skipped: 0, Time elapsed: 0 sec - in com.github.davidmoten.rtreemulti.SplitterRStarTest
Running com.github.davidmoten.rtreemulti.geometry.PointTest
Tests run: 14, Failures: 0, Errors: 0, Skipped: 0, Time elapsed: 0.001 sec - in com.github.davidmoten.rtreemulti.geometry.PointTest
Running com.github.davidmoten.rtreemulti.geometry.RectangleTest
Tests run: 29, Failures: 0, Errors: 0, Skipped: 0, Time elapsed: 0.014 sec - in com.github.davidmoten.rtreemulti.geometry.RectangleTest
Running com.github.davidmoten.rtreemulti.geometry.internal.GeometryUtilTest
Tests run: 1, Failures: 0, Errors: 0, Skipped: 0, Time elapsed: 0 sec - in com.github.davidmoten.rtreemulti.geometry.internal.GeometryUtilTest
Running com.github.davidmoten.rtreemulti.QuadraticSplitterTest
Tests run: 10, Failures: 0, Errors: 0, Skipped: 0, Time elapsed: 0.004 sec - in com.github.davidmoten.rtreemulti.QuadraticSplitterTest
Running com.github.davidmoten.rtreemulti.ImageSaverTest
Tests run: 4, Failures: 0, Errors: 0, Skipped: 0, Time elapsed: 0.08 sec - in com.github.davidmoten.rtreemulti.ImageSaverTest
Running com.github.davidmoten.rtreemulti.HighPrecisionTest
1.23456792E8
1.23456704E8
1.234568E8
2.0
Tests run: 2, Failures: 0, Errors: 0, Skipped: 0, Time elapsed: 0.005 sec - in com.github.davidmoten.rtreemulti.HighPrecisionTest
Running com.github.davidmoten.rtreemulti.RTreeTest
checked 20000 searches in 3D in 1259ms
checked 20000 searches in 4D in 980ms
inserts/second = 60606.06060606061
found Entry [value=java.lang.Object@6dcc7696, geometry=Rectangle [mins=[131.12176513671875, 24.5991153717041], maxes=[132.12176513671875, 25.5991153717041]]]
time to get nearest with 10000 entries=0
mbr=Rectangle [mins=[10.0, 4.0], maxes=[62.0, 85.0]]
  mbr=Rectangle [mins=[28.0, 4.0], maxes=[34.0, 85.0]]
    entry=Entry [value=2, geometry=Point [29.0, 4.0]]
    entry=Entry [value=1, geometry=Point [28.0, 19.0]]
    entry=Entry [value=4, geometry=Point [34.0, 85.0]]
  mbr=Rectangle [mins=[10.0, 45.0], maxes=[62.0, 63.0]]
    entry=Entry [value=5, geometry=Point [62.0, 45.0]]
    entry=Entry [value=3, geometry=Point [10.0, 63.0]]

NonLeafDefault [mbr=Rectangle [mins=[38.0, 21.8], maxes=[39.75, 25.25]], children=[LeafDefault [mbr=Rectangle [mins=[38.0, 21.8], maxes=[38.5, 22.25]], entries=[Entry [value=java.lang.Object@5e1e60d7, geometry=Point [38.0, 21.8]], Entry [value=java.lang.Object@5f4e6738, geometry=Point [38.5, 22.25]]]], LeafDefault [mbr=Rectangle [mins=[39.25, 23.75], maxes=[39.75, 25.25]], entries=[Entry [value=java.lang.Object@6f1bb144, geometry=Point [39.75, 25.25]], Entry [value=java.lang.Object@136e9a68, geometry=Point [39.25, 23.75]]]], LeafDefault [mbr=Rectangle [mins=[38.9, 23.75], maxes=[39.25, 23.9]], entries=[Entry [value=java.lang.Object@4f260159, geometry=Point [38.9, 23.9]], Entry [value=java.lang.Object@21cd9e84, geometry=Point [39.25, 23.75]]]]]]
LeafDefault [mbr=Rectangle [mins=[38.0, 21.8], maxes=[38.5, 22.25]], entries=[Entry [value=java.lang.Object@5e1e60d7, geometry=Point [38.0, 21.8]], Entry [value=java.lang.Object@5f4e6738, geometry=Point [38.5, 22.25]]]]
LeafDefault [mbr=Rectangle [mins=[39.25, 23.75], maxes=[39.75, 25.25]], entries=[Entry [value=java.lang.Object@6f1bb144, geometry=Point [39.75, 25.25]], Entry [value=java.lang.Object@136e9a68, geometry=Point [39.25, 23.75]]]]
LeafDefault [mbr=Rectangle [mins=[38.9, 23.75], maxes=[39.25, 23.9]], entries=[Entry [value=java.lang.Object@4f260159, geometry=Point [38.9, 23.9]], Entry [value=java.lang.Object@21cd9e84, geometry=Point [39.25, 23.75]]]]
loaded greek earthquakes into list
Tests run: 69, Failures: 0, Errors: 0, Skipped: 1, Time elapsed: 12.984 sec - in com.github.davidmoten.rtreemulti.RTreeTest
Running com.github.davidmoten.rtreemulti.internal.LeafHelperTest
Tests run: 1, Failures: 0, Errors: 0, Skipped: 0, Time elapsed: 0 sec - in com.github.davidmoten.rtreemulti.internal.LeafHelperTest
Running com.github.davidmoten.rtreemulti.internal.util.ObjectsHelperTest
Tests run: 4, Failures: 0, Errors: 0, Skipped: 0, Time elapsed: 0 sec - in com.github.davidmoten.rtreemulti.internal.util.ObjectsHelperTest
Running com.github.davidmoten.rtreemulti.internal.util.BoundedPriorityQueueTest
Tests run: 15, Failures: 0, Errors: 0, Skipped: 0, Time elapsed: 0.003 sec - in com.github.davidmoten.rtreemulti.internal.util.BoundedPriorityQueueTest
Running com.github.davidmoten.rtreemulti.internal.NonLeafHelperTest
Tests run: 1, Failures: 0, Errors: 0, Skipped: 0, Time elapsed: 0.001 sec - in com.github.davidmoten.rtreemulti.internal.NonLeafHelperTest
Running com.github.davidmoten.rtreemulti.SearchTest
Tests run: 1, Failures: 0, Errors: 0, Skipped: 0, Time elapsed: 0 sec - in com.github.davidmoten.rtreemulti.SearchTest

Results :

Tests run: 174, Failures: 0, Errors: 0, Skipped: 1

[INFO] 
[INFO] --- jacoco-maven-plugin:0.8.5:report (report) @ rtree-multi ---
[INFO] Loading execution data file /tmp/tmp9kmscg88/rtree-multi/target/jacoco.exec
[INFO] Analyzed bundle 'rtree-multi' with 63 classes
[INFO] ------------------------------------------------------------------------
[INFO] BUILD SUCCESS
[INFO] ------------------------------------------------------------------------
[INFO] Total time:  46.938 s
[INFO] Finished at: 2020-08-03T11:11:47Z
[INFO] ------------------------------------------------------------------------
