[INFO] Error stacktraces are turned on.
[INFO] Scanning for projects...
[INFO] 
[INFO] ---------< io.github.azige.whitespace:whitespace-interpreter >----------
[INFO] Building whitespace-interpreter 0.4
[INFO] --------------------------------[ jar ]---------------------------------
[INFO] 
[INFO] --- jacoco-maven-plugin:0.8.5:prepare-agent (default) @ whitespace-interpreter ---
[INFO] argLine set to -javaagent:/home/jdbl/.m2/repository/org/jacoco/org.jacoco.agent/0.8.5/org.jacoco.agent-0.8.5-runtime.jar=destfile=/tmp/tmpzhjsw7_8/whitespace-interpreter/target/jacoco.exec
[INFO] 
[INFO] --- jflex-maven-plugin:1.6.0:generate (default) @ whitespace-interpreter ---

Warning: Emitting deprecated InputStream constructor. The inputstreamctor option will cause this constructor to be emitted in JFlex 1.6; the version after 1.6 will never emit this constructor.
[INFO]   generated /tmp/tmpzhjsw7_8/whitespace-interpreter/target/generated-sources/jflex/io/github/azige/whitespace/szm/SzmTokenizerImpl.java

Warning: Emitting deprecated InputStream constructor. The inputstreamctor option will cause this constructor to be emitted in JFlex 1.6; the version after 1.6 will never emit this constructor.
[INFO]   generated /tmp/tmpzhjsw7_8/whitespace-interpreter/target/generated-sources/jflex/io/github/azige/whitespace/text/TokenizerImpl.java
[INFO] 
[INFO] --- maven-resources-plugin:2.6:resources (default-resources) @ whitespace-interpreter ---
[INFO] Using 'UTF-8' encoding to copy filtered resources.
[INFO] skip non existing resourceDirectory /tmp/tmpzhjsw7_8/whitespace-interpreter/src/main/resources
[INFO] 
[INFO] --- maven-compiler-plugin:3.1:compile (default-compile) @ whitespace-interpreter ---
[INFO] Changes detected - recompiling the module!
[INFO] Compiling 49 source files to /tmp/tmpzhjsw7_8/whitespace-interpreter/target/classes
[WARNING] /tmp/tmpzhjsw7_8/whitespace-interpreter/src/main/java/io/github/azige/whitespace/command/Program.java: Some input files use or override a deprecated API.
[WARNING] /tmp/tmpzhjsw7_8/whitespace-interpreter/src/main/java/io/github/azige/whitespace/command/Program.java: Recompile with -Xlint:deprecation for details.
[INFO] 
[INFO] --- maven-resources-plugin:2.6:testResources (default-testResources) @ whitespace-interpreter ---
[INFO] Using 'UTF-8' encoding to copy filtered resources.
[INFO] Copying 9 resources
[INFO] 
[INFO] --- maven-compiler-plugin:3.1:testCompile (default-testCompile) @ whitespace-interpreter ---
[INFO] Changes detected - recompiling the module!
[INFO] Compiling 5 source files to /tmp/tmpzhjsw7_8/whitespace-interpreter/target/test-classes
[INFO] 
[INFO] --- maven-surefire-plugin:2.19.1:test (default-test) @ whitespace-interpreter ---
[INFO] Surefire report directory: /tmp/tmpzhjsw7_8/whitespace-interpreter/target/surefire-reports

-------------------------------------------------------
 T E S T S
-------------------------------------------------------
Running io.github.azige.whitespace.InterpreterTest
Tests run: 1, Failures: 0, Errors: 0, Skipped: 0, Time elapsed: 0.263 sec - in io.github.azige.whitespace.InterpreterTest
Running io.github.azige.whitespace.text.TokenizerTest
Tests run: 1, Failures: 0, Errors: 0, Skipped: 0, Time elapsed: 0.001 sec - in io.github.azige.whitespace.text.TokenizerTest
Running io.github.azige.whitespace.text.ParserTest
Tests run: 1, Failures: 0, Errors: 0, Skipped: 0, Time elapsed: 0 sec - in io.github.azige.whitespace.text.ParserTest
Running io.github.azige.whitespace.szm.SzmTest
Tests run: 1, Failures: 0, Errors: 0, Skipped: 0, Time elapsed: 0.049 sec - in io.github.azige.whitespace.szm.SzmTest
Running io.github.azige.whitespace.szm.SzmTokenizerTest
Tests run: 1, Failures: 0, Errors: 0, Skipped: 0, Time elapsed: 0 sec - in io.github.azige.whitespace.szm.SzmTokenizerTest

Results :

Tests run: 5, Failures: 0, Errors: 0, Skipped: 0

[INFO] 
[INFO] --- jacoco-maven-plugin:0.8.5:report (report) @ whitespace-interpreter ---
[INFO] Loading execution data file /tmp/tmpzhjsw7_8/whitespace-interpreter/target/jacoco.exec
[INFO] Analyzed bundle 'whitespace-interpreter' with 55 classes
[INFO] ------------------------------------------------------------------------
[INFO] BUILD SUCCESS
[INFO] ------------------------------------------------------------------------
[INFO] Total time:  8.587 s
[INFO] Finished at: 2020-07-30T22:39:42Z
[INFO] ------------------------------------------------------------------------
