[INFO] Error stacktraces are turned on.
[INFO] Scanning for projects...
[INFO] 
[INFO] ----------------------< com.github.houbb:pinyin >-----------------------
[INFO] Building pinyin 0.1.3-SNAPSHOT
[INFO] --------------------------------[ jar ]---------------------------------
[INFO] 
[INFO] --- maven-enforcer-plugin:1.0:enforce (enforce-maven) @ pinyin ---
[INFO] 
[INFO] --- jacoco-maven-plugin:0.8.5:prepare-agent (default) @ pinyin ---
[INFO] argLine set to -javaagent:/home/jdbl/.m2/repository/org/jacoco/org.jacoco.agent/0.8.5/org.jacoco.agent-0.8.5-runtime.jar=destfile=/tmp/tmpjpnu_thi/pinyin/target/jacoco.exec
[INFO] 
[INFO] --- maven-resources-plugin:2.6:resources (default-resources) @ pinyin ---
[INFO] Using 'UTF-8' encoding to copy filtered resources.
[INFO] Copying 5 resources
[INFO] 
[INFO] --- maven-compiler-plugin:3.2:compile (default-compile) @ pinyin ---
[INFO] Changes detected - recompiling the module!
[INFO] Compiling 41 source files to /tmp/tmpjpnu_thi/pinyin/target/classes
[INFO] /tmp/tmpjpnu_thi/pinyin/src/main/java/com/github/houbb/pinyin/support/appender/StringBuilderPinyinAppender.java: /tmp/tmpjpnu_thi/pinyin/src/main/java/com/github/houbb/pinyin/support/appender/StringBuilderPinyinAppender.java uses or overrides a deprecated API.
[INFO] /tmp/tmpjpnu_thi/pinyin/src/main/java/com/github/houbb/pinyin/support/appender/StringBuilderPinyinAppender.java: Recompile with -Xlint:deprecation for details.
[INFO] 
[INFO] --- maven-resources-plugin:2.6:testResources (default-testResources) @ pinyin ---
[INFO] Using 'UTF-8' encoding to copy filtered resources.
[INFO] Copying 10 resources
[INFO] 
[INFO] --- maven-compiler-plugin:3.2:testCompile (default-testCompile) @ pinyin ---
[INFO] Changes detected - recompiling the module!
[INFO] Compiling 12 source files to /tmp/tmpjpnu_thi/pinyin/target/test-classes
[INFO] /tmp/tmpjpnu_thi/pinyin/src/test/java/com/github/houbb/pinyin/test/benchmark/BenchmarkTest.java: /tmp/tmpjpnu_thi/pinyin/src/test/java/com/github/houbb/pinyin/test/benchmark/BenchmarkTest.java uses or overrides a deprecated API.
[INFO] /tmp/tmpjpnu_thi/pinyin/src/test/java/com/github/houbb/pinyin/test/benchmark/BenchmarkTest.java: Recompile with -Xlint:deprecation for details.
[INFO] 
[INFO] --- maven-surefire-plugin:2.19.1:test (default-test) @ pinyin ---
[INFO] Surefire report directory: /tmp/tmpjpnu_thi/pinyin/target/surefire-reports

-------------------------------------------------------
 T E S T S
-------------------------------------------------------
Running com.github.houbb.pinyin.test.benchmark.BenchmarkTest
Tests run: 1, Failures: 0, Errors: 0, Skipped: 1, Time elapsed: 0.028 sec - in com.github.houbb.pinyin.test.benchmark.BenchmarkTest
Running com.github.houbb.pinyin.test.util.PinyinHelperTest
[NLP Format] chinese traditional-simple dict load finished, cost 60 ms
[Pinyin] phrase dict loaded, cost time 428 ms!
[NLP] trie map loaded cost time 662 ms!
[Pinyin] char dict loaded, cost time 299 ms!
Tests run: 7, Failures: 0, Errors: 0, Skipped: 0, Time elapsed: 1.529 sec - in com.github.houbb.pinyin.test.util.PinyinHelperTest
Running com.github.houbb.pinyin.test.util.PinyinHelperStyleTest
Tests run: 9, Failures: 0, Errors: 0, Skipped: 0, Time elapsed: 0.014 sec - in com.github.houbb.pinyin.test.util.PinyinHelperStyleTest
Running com.github.houbb.pinyin.test.util.PinyinHelperSegmentTest
Tests run: 1, Failures: 0, Errors: 0, Skipped: 0, Time elapsed: 0 sec - in com.github.houbb.pinyin.test.util.PinyinHelperSegmentTest
Running com.github.houbb.pinyin.test.util.PinyinHelperDefineDictTest
Tests run: 4, Failures: 0, Errors: 0, Skipped: 0, Time elapsed: 0.004 sec - in com.github.houbb.pinyin.test.util.PinyinHelperDefineDictTest
Running com.github.houbb.pinyin.test.util.PinyinHelperShengMuTest
Tests run: 2, Failures: 0, Errors: 0, Skipped: 0, Time elapsed: 0.007 sec - in com.github.houbb.pinyin.test.util.PinyinHelperShengMuTest
Running com.github.houbb.pinyin.test.util.PinyinHelperConnectorTest
Tests run: 1, Failures: 0, Errors: 0, Skipped: 0, Time elapsed: 0 sec - in com.github.houbb.pinyin.test.util.PinyinHelperConnectorTest
Running com.github.houbb.pinyin.test.util.PinyinHelperSameTest
Tests run: 1, Failures: 0, Errors: 0, Skipped: 0, Time elapsed: 0 sec - in com.github.houbb.pinyin.test.util.PinyinHelperSameTest
Running com.github.houbb.pinyin.test.util.PinyinHelperToneNumTest
赵
[zhào, diào]
Tests run: 4, Failures: 0, Errors: 0, Skipped: 0, Time elapsed: 0.008 sec - in com.github.houbb.pinyin.test.util.PinyinHelperToneNumTest
Running com.github.houbb.pinyin.test.data.DictTest
Tests run: 1, Failures: 0, Errors: 0, Skipped: 1, Time elapsed: 0 sec - in com.github.houbb.pinyin.test.data.DictTest
Running com.github.houbb.pinyin.test.bs.PinyinBsTest
Tests run: 4, Failures: 0, Errors: 0, Skipped: 0, Time elapsed: 0 sec - in com.github.houbb.pinyin.test.bs.PinyinBsTest

Results :

Tests run: 35, Failures: 0, Errors: 0, Skipped: 2

[INFO] 
[INFO] --- jacoco-maven-plugin:0.8.5:report (report) @ pinyin ---
[INFO] Loading execution data file /tmp/tmpjpnu_thi/pinyin/target/jacoco.exec
[INFO] Analyzed bundle 'pinyin' with 104 classes
[INFO] ------------------------------------------------------------------------
[INFO] BUILD SUCCESS
[INFO] ------------------------------------------------------------------------
[INFO] Total time:  16.120 s
[INFO] Finished at: 2020-07-30T23:08:02Z
[INFO] ------------------------------------------------------------------------
