[INFO] Error stacktraces are turned on.
[INFO] Scanning for projects...
[INFO] 
[INFO] --------------------------< com.feedzai:pdb >---------------------------
[INFO] Building pdb 2.6.0-SNAPSHOT
[INFO] --------------------------------[ jar ]---------------------------------
[INFO] 
[INFO] --- maven-enforcer-plugin:1.0:enforce (enforce-maven) @ pdb ---
[INFO] 
[INFO] --- jacoco-maven-plugin:0.8.5:prepare-agent (default) @ pdb ---
[INFO] argLine set to -javaagent:/home/jdbl/.m2/repository/org/jacoco/org.jacoco.agent/0.8.5/org.jacoco.agent-0.8.5-runtime.jar=destfile=/tmp/tmpf9xtb9st/pdb/target/jacoco.exec
[INFO] 
[INFO] --- maven-resources-plugin:2.6:resources (default-resources) @ pdb ---
[INFO] Using 'UTF-8' encoding to copy filtered resources.
[INFO] Copying 1 resource
[INFO] 
[INFO] --- maven-compiler-plugin:3.7.0:compile (default-compile) @ pdb ---
[INFO] Changes detected - recompiling the module!
[INFO] Compiling 115 source files to /tmp/tmpf9xtb9st/pdb/target/classes
[INFO] /tmp/tmpf9xtb9st/pdb/src/main/java/com/feedzai/commons/sql/abstraction/dml/With.java: Some input files use unchecked or unsafe operations.
[INFO] /tmp/tmpf9xtb9st/pdb/src/main/java/com/feedzai/commons/sql/abstraction/dml/With.java: Recompile with -Xlint:unchecked for details.
[INFO] 
[INFO] --- maven-resources-plugin:2.6:testResources (default-testResources) @ pdb ---
[INFO] Using 'UTF-8' encoding to copy filtered resources.
[INFO] Copying 7 resources
[INFO] 
[INFO] --- maven-compiler-plugin:3.7.0:testCompile (default-testCompile) @ pdb ---
[INFO] Changes detected - recompiling the module!
[INFO] Compiling 30 source files to /tmp/tmpf9xtb9st/pdb/target/test-classes
[INFO] /tmp/tmpf9xtb9st/pdb/src/test/java/com/feedzai/commons/sql/abstraction/engine/impl/abs/AbstractEngineSchemaTest.java: Some input files use unchecked or unsafe operations.
[INFO] /tmp/tmpf9xtb9st/pdb/src/test/java/com/feedzai/commons/sql/abstraction/engine/impl/abs/AbstractEngineSchemaTest.java: Recompile with -Xlint:unchecked for details.
[INFO] 
[INFO] --- maven-surefire-plugin:2.19.1:test (default-test) @ pdb ---
[INFO] Surefire report directory: /tmp/tmpf9xtb9st/pdb/target/surefire-reports

-------------------------------------------------------
 T E S T S
-------------------------------------------------------
Running com.feedzai.commons.sql.abstraction.engine.impl.db2.DB2EngineSchemaTest
08:26:34,148 |-INFO in ch.qos.logback.classic.LoggerContext[default] - Found resource [logback-test.xml] at [file:/tmp/tmpf9xtb9st/pdb/target/test-classes/logback-test.xml]
08:26:34,255 |-INFO in ch.qos.logback.classic.joran.action.ConfigurationAction - debug attribute not set
08:26:34,256 |-INFO in ch.qos.logback.core.joran.action.AppenderAction - About to instantiate appender of type [ch.qos.logback.core.ConsoleAppender]
08:26:34,268 |-INFO in ch.qos.logback.core.joran.action.AppenderAction - Naming appender as [STDOUT]
08:26:34,276 |-ERROR in ch.qos.logback.core.joran.spi.Interpreter@4:12 - no applicable action for [level], current ElementPath  is [[configuration][appender][level]]
08:26:34,324 |-WARN in ch.qos.logback.core.ConsoleAppender[STDOUT] - This appender no longer admits a layout as a sub-component, set an encoder instead.
08:26:34,324 |-WARN in ch.qos.logback.core.ConsoleAppender[STDOUT] - To ensure compatibility, wrapping your layout in LayoutWrappingEncoder.
08:26:34,324 |-WARN in ch.qos.logback.core.ConsoleAppender[STDOUT] - See also http://logback.qos.ch/codes.html#layoutInsteadOfEncoder for details
08:26:34,325 |-INFO in ch.qos.logback.classic.joran.action.LoggerAction - Setting level of logger [com.feedzai.commons.sql.abstraction] to TRACE
08:26:34,325 |-INFO in ch.qos.logback.classic.joran.action.LoggerAction - Setting level of logger [com.feedzai.commons.sql.abstraction.engine.impl] to TRACE
08:26:34,325 |-INFO in ch.qos.logback.classic.joran.action.RootLoggerAction - Setting level of ROOT logger to DEBUG
08:26:34,325 |-INFO in ch.qos.logback.core.joran.action.AppenderRefAction - Attaching appender named [STDOUT] to Logger[ROOT]
08:26:34,326 |-INFO in ch.qos.logback.classic.joran.action.ConfigurationAction - End of configuration.
08:26:34,327 |-INFO in ch.qos.logback.classic.joran.JoranConfigurator@1c7350b0 - Registering current configuration as safe fallback point

Tests run: 0, Failures: 0, Errors: 0, Skipped: 0, Time elapsed: 0.866 sec - in com.feedzai.commons.sql.abstraction.engine.impl.db2.DB2EngineSchemaTest
Running com.feedzai.commons.sql.abstraction.engine.impl.h2.BatchConnectionRetryTest
Tests run: 0, Failures: 0, Errors: 0, Skipped: 0, Time elapsed: 0 sec - in com.feedzai.commons.sql.abstraction.engine.impl.h2.BatchConnectionRetryTest
Running com.feedzai.commons.sql.abstraction.engine.impl.h2.H2EngineSchemaTest
Tests run: 0, Failures: 0, Errors: 0, Skipped: 0, Time elapsed: 0 sec - in com.feedzai.commons.sql.abstraction.engine.impl.h2.H2EngineSchemaTest
Running com.feedzai.commons.sql.abstraction.engine.impl.h2.NotifyOnFailureTest
Tests run: 0, Failures: 0, Errors: 0, Skipped: 0, Time elapsed: 0 sec - in com.feedzai.commons.sql.abstraction.engine.impl.h2.NotifyOnFailureTest
Running com.feedzai.commons.sql.abstraction.engine.impl.sqlserver.SqlServerEngineIsolationTest
Tests run: 0, Failures: 0, Errors: 0, Skipped: 0, Time elapsed: 0 sec - in com.feedzai.commons.sql.abstraction.engine.impl.sqlserver.SqlServerEngineIsolationTest
Running com.feedzai.commons.sql.abstraction.engine.impl.sqlserver.SqlServerEngineGeneralTest
Tests run: 0, Failures: 0, Errors: 0, Skipped: 0, Time elapsed: 0 sec - in com.feedzai.commons.sql.abstraction.engine.impl.sqlserver.SqlServerEngineGeneralTest
Running com.feedzai.commons.sql.abstraction.engine.impl.sqlserver.SqlServerEngineSchemaTest
Tests run: 0, Failures: 0, Errors: 0, Skipped: 0, Time elapsed: 0 sec - in com.feedzai.commons.sql.abstraction.engine.impl.sqlserver.SqlServerEngineSchemaTest
Running com.feedzai.commons.sql.abstraction.engine.impl.oracle.OracleEngineSchemaTest
Tests run: 0, Failures: 0, Errors: 0, Skipped: 0, Time elapsed: 0 sec - in com.feedzai.commons.sql.abstraction.engine.impl.oracle.OracleEngineSchemaTest
Running com.feedzai.commons.sql.abstraction.engine.impl.postgresql.PostgreSqlEngineSchemaTest
Tests run: 0, Failures: 0, Errors: 0, Skipped: 0, Time elapsed: 0 sec - in com.feedzai.commons.sql.abstraction.engine.impl.postgresql.PostgreSqlEngineSchemaTest
Running com.feedzai.commons.sql.abstraction.engine.impl.mysql.MySqlEngineSchemaTest
Tests run: 0, Failures: 0, Errors: 0, Skipped: 0, Time elapsed: 0 sec - in com.feedzai.commons.sql.abstraction.engine.impl.mysql.MySqlEngineSchemaTest
Running com.feedzai.commons.sql.abstraction.engine.impl.abs.EngineCloseTest
Tests run: 0, Failures: 0, Errors: 0, Skipped: 0, Time elapsed: 0 sec - in com.feedzai.commons.sql.abstraction.engine.impl.abs.EngineCloseTest
Running com.feedzai.commons.sql.abstraction.engine.impl.abs.LongOverflowTest
Tests run: 0, Failures: 0, Errors: 0, Skipped: 0, Time elapsed: 0 sec - in com.feedzai.commons.sql.abstraction.engine.impl.abs.LongOverflowTest
Running com.feedzai.commons.sql.abstraction.engine.impl.abs.BatchUpdateTest
Tests run: 0, Failures: 0, Errors: 0, Skipped: 0, Time elapsed: 0.001 sec - in com.feedzai.commons.sql.abstraction.engine.impl.abs.BatchUpdateTest
Running com.feedzai.commons.sql.abstraction.engine.impl.abs.EngineIsolationTest
Tests run: 0, Failures: 0, Errors: 0, Skipped: 0, Time elapsed: 0.004 sec - in com.feedzai.commons.sql.abstraction.engine.impl.abs.EngineIsolationTest
Running com.feedzai.commons.sql.abstraction.engine.impl.abs.JSonTest
Tests run: 0, Failures: 0, Errors: 0, Skipped: 0, Time elapsed: 0 sec - in com.feedzai.commons.sql.abstraction.engine.impl.abs.JSonTest
Running com.feedzai.commons.sql.abstraction.engine.impl.abs.TimeoutsTest
Tests run: 0, Failures: 0, Errors: 0, Skipped: 0, Time elapsed: 0.006 sec - in com.feedzai.commons.sql.abstraction.engine.impl.abs.TimeoutsTest
Running com.feedzai.commons.sql.abstraction.engine.impl.abs.QueryTimeoutsTest
Tests run: 0, Failures: 0, Errors: 0, Skipped: 0, Time elapsed: 0.001 sec - in com.feedzai.commons.sql.abstraction.engine.impl.abs.QueryTimeoutsTest
Running com.feedzai.commons.sql.abstraction.engine.impl.abs.EngineCreateTest
Tests run: 0, Failures: 0, Errors: 0, Skipped: 0, Time elapsed: 0.001 sec - in com.feedzai.commons.sql.abstraction.engine.impl.abs.EngineCreateTest
Running com.feedzai.commons.sql.abstraction.engine.impl.abs.UnderflowTest
Tests run: 0, Failures: 0, Errors: 0, Skipped: 0, Time elapsed: 0.001 sec - in com.feedzai.commons.sql.abstraction.engine.impl.abs.UnderflowTest
Running com.feedzai.commons.sql.abstraction.engine.impl.abs.EngineGeneralTest
Tests run: 0, Failures: 0, Errors: 0, Skipped: 0, Time elapsed: 0.009 sec - in com.feedzai.commons.sql.abstraction.engine.impl.abs.EngineGeneralTest
Running com.feedzai.commons.sql.abstraction.engine.DatabaseFactoryTest
Tests run: 0, Failures: 0, Errors: 0, Skipped: 0, Time elapsed: 0 sec - in com.feedzai.commons.sql.abstraction.engine.DatabaseFactoryTest
Running com.feedzai.commons.sql.abstraction.util.StringUtilsTest
Tests run: 6, Failures: 0, Errors: 0, Skipped: 0, Time elapsed: 0.088 sec - in com.feedzai.commons.sql.abstraction.util.StringUtilsTest

Results :

Tests run: 6, Failures: 0, Errors: 0, Skipped: 0

[INFO] 
[INFO] --- jacoco-maven-plugin:0.8.5:report (report) @ pdb ---
[INFO] Loading execution data file /tmp/tmpf9xtb9st/pdb/target/jacoco.exec
[INFO] Analyzed bundle 'pdb' with 4108 classes
[INFO] ------------------------------------------------------------------------
[INFO] BUILD SUCCESS
[INFO] ------------------------------------------------------------------------
[INFO] Total time:  18.845 s
[INFO] Finished at: 2020-07-31T08:26:39Z
[INFO] ------------------------------------------------------------------------
