[INFO] Error stacktraces are turned on.
[INFO] Scanning for projects...
[INFO] 
[INFO] ---------------------------< com.tek271:rp >----------------------------
[INFO] Building rp 1.0-SNAPSHOT
[INFO] --------------------------------[ war ]---------------------------------
[INFO] 
[INFO] --- jacoco-maven-plugin:0.8.5:prepare-agent (default) @ rp ---
[INFO] argLine set to -javaagent:/home/jdbl/.m2/repository/org/jacoco/org.jacoco.agent/0.8.5/org.jacoco.agent-0.8.5-runtime.jar=destfile=/tmp/tmp02l21j40/reverse-proxy/project/target/jacoco.exec
[INFO] 
[INFO] --- maven-resources-plugin:2.6:resources (default-resources) @ rp ---
[WARNING] File encoding has not been set, using platform encoding UTF-8, i.e. build is platform dependent!
[WARNING] Using platform encoding (UTF-8 actually) to copy filtered resources, i.e. build is platform dependent!
[INFO] Copying 2 resources
[INFO] 
[INFO] --- maven-compiler-plugin:2.3.2:compile (default-compile) @ rp ---
[WARNING] File encoding has not been set, using platform encoding UTF-8, i.e. build is platform dependent!
[INFO] Compiling 19 source files to /tmp/tmp02l21j40/reverse-proxy/project/target/classes
[INFO] 
[INFO] --- maven-resources-plugin:2.6:testResources (default-testResources) @ rp ---
[WARNING] Using platform encoding (UTF-8 actually) to copy filtered resources, i.e. build is platform dependent!
[INFO] Copying 2 resources
[INFO] 
[INFO] --- maven-compiler-plugin:2.3.2:testCompile (default-testCompile) @ rp ---
[WARNING] File encoding has not been set, using platform encoding UTF-8, i.e. build is platform dependent!
[INFO] Compiling 10 source files to /tmp/tmp02l21j40/reverse-proxy/project/target/test-classes
[INFO] 
[INFO] --- maven-surefire-plugin:2.19.1:test (default-test) @ rp ---
[INFO] Surefire report directory: /tmp/tmp02l21j40/reverse-proxy/project/target/surefire-reports

-------------------------------------------------------
 T E S T S
-------------------------------------------------------
Running com.tek271.reverseProxy.model.MappingTest
Tests run: 5, Failures: 0, Errors: 0, Skipped: 0, Time elapsed: 0.273 sec - in com.tek271.reverseProxy.model.MappingTest
Running com.tek271.reverseProxy.model.MappingsTest
Tests run: 2, Failures: 0, Errors: 0, Skipped: 0, Time elapsed: 0 sec - in com.tek271.reverseProxy.model.MappingsTest
Running com.tek271.reverseProxy.config.PropertiesTest
Tests run: 1, Failures: 0, Errors: 0, Skipped: 0, Time elapsed: 0.173 sec - in com.tek271.reverseProxy.config.PropertiesTest
Running com.tek271.reverseProxy.utils.TextToolsTest
Tests run: 1, Failures: 0, Errors: 0, Skipped: 0, Time elapsed: 0 sec - in com.tek271.reverseProxy.utils.TextToolsTest
Running com.tek271.reverseProxy.utils.RegexToolsTest
Tests run: 2, Failures: 0, Errors: 0, Skipped: 0, Time elapsed: 0.016 sec - in com.tek271.reverseProxy.utils.RegexToolsTest
Running com.tek271.reverseProxy.utils.PropertiesFileTest
Tests run: 1, Failures: 0, Errors: 0, Skipped: 0, Time elapsed: 0 sec - in com.tek271.reverseProxy.utils.PropertiesFileTest
Running com.tek271.reverseProxy.text.UrlMapperTest
Tests run: 1, Failures: 0, Errors: 0, Skipped: 0, Time elapsed: 0.001 sec - in com.tek271.reverseProxy.text.UrlMapperTest
Running com.tek271.reverseProxy.text.TagTranslatorTest
Tests run: 2, Failures: 0, Errors: 0, Skipped: 0, Time elapsed: 0.004 sec - in com.tek271.reverseProxy.text.TagTranslatorTest
Running com.tek271.reverseProxy.text.TextTranslatorTest
Tests run: 2, Failures: 0, Errors: 0, Skipped: 0, Time elapsed: 0.013 sec - in com.tek271.reverseProxy.text.TextTranslatorTest

Results :

Tests run: 17, Failures: 0, Errors: 0, Skipped: 0

[INFO] 
[INFO] --- jacoco-maven-plugin:0.8.5:report (report) @ rp ---
[INFO] Loading execution data file /tmp/tmp02l21j40/reverse-proxy/project/target/jacoco.exec
[INFO] Analyzed bundle 'rp' with 119 classes
[INFO] ------------------------------------------------------------------------
[INFO] BUILD SUCCESS
[INFO] ------------------------------------------------------------------------
[INFO] Total time:  11.324 s
[INFO] Finished at: 2020-07-30T21:58:32Z
[INFO] ------------------------------------------------------------------------
