[INFO] Error stacktraces are turned on.
[INFO] Scanning for projects...
[INFO] 
[INFO] ----------------------< org.sysmo-db:rightfield >-----------------------
[INFO] Building RightField 0.25.1-beta2
[INFO] --------------------------------[ jar ]---------------------------------
[INFO] 
[INFO] --- jacoco-maven-plugin:0.8.5:prepare-agent (default) @ rightfield ---
[INFO] argLine set to -javaagent:/home/jdbl/.m2/repository/org/jacoco/org.jacoco.agent/0.8.5/org.jacoco.agent-0.8.5-runtime.jar=destfile=/tmp/tmpxo_uru4v/RightField/target/jacoco.exec
[INFO] 
[INFO] --- maven-resources-plugin:2.6:resources (default-resources) @ rightfield ---
[INFO] Using 'UTF-8' encoding to copy filtered resources.
[INFO] Copying 10 resources
[INFO] 
[INFO] --- maven-compiler-plugin:3.8.0:compile (default-compile) @ rightfield ---
[INFO] Changes detected - recompiling the module!
[INFO] Compiling 163 source files to /tmp/tmpxo_uru4v/RightField/target/classes
[INFO] 
[INFO] --- maven-resources-plugin:2.6:testResources (default-testResources) @ rightfield ---
[INFO] Using 'UTF-8' encoding to copy filtered resources.
[INFO] Copying 37 resources
[INFO] 
[INFO] --- maven-compiler-plugin:3.8.0:testCompile (default-testCompile) @ rightfield ---
[INFO] Changes detected - recompiling the module!
[INFO] Compiling 47 source files to /tmp/tmpxo_uru4v/RightField/target/test-classes
[INFO] 
[INFO] --- maven-surefire-plugin:2.19.1:test (default-test) @ rightfield ---
[INFO] Surefire report directory: /tmp/tmpxo_uru4v/RightField/target/surefire-reports

-------------------------------------------------------
 T E S T S
-------------------------------------------------------
Running uk.org.rightfield.RightFieldOptionsTest
Tests run: 4, Failures: 0, Errors: 0, Skipped: 0, Time elapsed: 0.142 sec - in uk.org.rightfield.RightFieldOptionsTest
Running uk.ac.manchester.cs.owl.semspreadsheets.model.PropertyValidationFormulaDefinitionTest
Tests run: 4, Failures: 0, Errors: 0, Skipped: 0, Time elapsed: 0 sec - in uk.ac.manchester.cs.owl.semspreadsheets.model.PropertyValidationFormulaDefinitionTest
Running uk.ac.manchester.cs.owl.semspreadsheets.model.OntologyTermValidationDescriptorTest
0    [main] INFO  uk.ac.manchester.cs.owl.semspreadsheets.model.OntologyManager  - Loading ontology: file:/tmp/tmpxo_uru4v/RightField/target/test-classes/ontologies/JERM.owl
4    [pool-1-thread-1] INFO  uk.ac.manchester.cs.owl.semspreadsheets.model.OntologyManager  - Calling OWLOntologyManager to load source: file:/tmp/tmpxo_uru4v/RightField/target/test-classes/ontologies/JERM.owl
496  [main] INFO  uk.ac.manchester.cs.owl.semspreadsheets.model.OntologyManager  - Loading ontology: file:/tmp/tmpxo_uru4v/RightField/target/test-classes/ontologies/amino-acid.owl
503  [pool-2-thread-1] INFO  uk.ac.manchester.cs.owl.semspreadsheets.model.OntologyManager  - Calling OWLOntologyManager to load source: file:/tmp/tmpxo_uru4v/RightField/target/test-classes/ontologies/amino-acid.owl
1309 [main] INFO  uk.ac.manchester.cs.owl.semspreadsheets.model.OntologyManager  - Loading ontology: file:/tmp/tmpxo_uru4v/RightField/target/test-classes/ontologies/JERM.owl
1309 [pool-3-thread-1] INFO  uk.ac.manchester.cs.owl.semspreadsheets.model.OntologyManager  - Calling OWLOntologyManager to load source: file:/tmp/tmpxo_uru4v/RightField/target/test-classes/ontologies/JERM.owl
1363 [main] INFO  uk.ac.manchester.cs.owl.semspreadsheets.model.OntologyManager  - Loading ontology: file:/tmp/tmpxo_uru4v/RightField/target/test-classes/ontologies/amino-acid.owl
1364 [pool-4-thread-1] INFO  uk.ac.manchester.cs.owl.semspreadsheets.model.OntologyManager  - Calling OWLOntologyManager to load source: file:/tmp/tmpxo_uru4v/RightField/target/test-classes/ontologies/amino-acid.owl
1517 [main] INFO  uk.ac.manchester.cs.owl.semspreadsheets.model.OntologyManager  - Loading ontology: file:/tmp/tmpxo_uru4v/RightField/target/test-classes/ontologies/JERM.owl
1518 [pool-5-thread-1] INFO  uk.ac.manchester.cs.owl.semspreadsheets.model.OntologyManager  - Calling OWLOntologyManager to load source: file:/tmp/tmpxo_uru4v/RightField/target/test-classes/ontologies/JERM.owl
1570 [main] INFO  uk.ac.manchester.cs.owl.semspreadsheets.model.OntologyManager  - Loading ontology: file:/tmp/tmpxo_uru4v/RightField/target/test-classes/ontologies/amino-acid.owl
1570 [pool-6-thread-1] INFO  uk.ac.manchester.cs.owl.semspreadsheets.model.OntologyManager  - Calling OWLOntologyManager to load source: file:/tmp/tmpxo_uru4v/RightField/target/test-classes/ontologies/amino-acid.owl
1708 [main] INFO  uk.ac.manchester.cs.owl.semspreadsheets.model.OntologyManager  - Loading ontology: file:/tmp/tmpxo_uru4v/RightField/target/test-classes/ontologies/dwcterms_v2011-10-26.rdf
1709 [pool-7-thread-1] INFO  uk.ac.manchester.cs.owl.semspreadsheets.model.OntologyManager  - Calling OWLOntologyManager to load source: file:/tmp/tmpxo_uru4v/RightField/target/test-classes/ontologies/dwcterms_v2011-10-26.rdf
1811 [main] INFO  uk.ac.manchester.cs.owl.semspreadsheets.model.OntologyManager  - Loading ontology: file:/tmp/tmpxo_uru4v/RightField/target/test-classes/ontologies/JERM.owl
1812 [pool-8-thread-1] INFO  uk.ac.manchester.cs.owl.semspreadsheets.model.OntologyManager  - Calling OWLOntologyManager to load source: file:/tmp/tmpxo_uru4v/RightField/target/test-classes/ontologies/JERM.owl
1843 [main] INFO  uk.ac.manchester.cs.owl.semspreadsheets.model.OntologyManager  - Loading ontology: file:/tmp/tmpxo_uru4v/RightField/target/test-classes/ontologies/amino-acid.owl
1843 [pool-9-thread-1] INFO  uk.ac.manchester.cs.owl.semspreadsheets.model.OntologyManager  - Calling OWLOntologyManager to load source: file:/tmp/tmpxo_uru4v/RightField/target/test-classes/ontologies/amino-acid.owl
Tests run: 5, Failures: 0, Errors: 0, Skipped: 1, Time elapsed: 2.384 sec - in uk.ac.manchester.cs.owl.semspreadsheets.model.OntologyTermValidationDescriptorTest
Running uk.ac.manchester.cs.owl.semspreadsheets.model.TermTest
Tests run: 1, Failures: 0, Errors: 0, Skipped: 0, Time elapsed: 0 sec - in uk.ac.manchester.cs.owl.semspreadsheets.model.TermTest
Running uk.ac.manchester.cs.owl.semspreadsheets.model.RangeTest
Tests run: 2, Failures: 0, Errors: 0, Skipped: 0, Time elapsed: 0.13 sec - in uk.ac.manchester.cs.owl.semspreadsheets.model.RangeTest
Running uk.ac.manchester.cs.owl.semspreadsheets.model.impl.ValidationImplTest
Tests run: 2, Failures: 0, Errors: 0, Skipped: 0, Time elapsed: 0 sec - in uk.ac.manchester.cs.owl.semspreadsheets.model.impl.ValidationImplTest
Running uk.ac.manchester.cs.owl.semspreadsheets.model.hssf.impl.SheetHSSFImplTest
Tests run: 20, Failures: 0, Errors: 0, Skipped: 0, Time elapsed: 0.121 sec - in uk.ac.manchester.cs.owl.semspreadsheets.model.hssf.impl.SheetHSSFImplTest
Running uk.ac.manchester.cs.owl.semspreadsheets.model.hssf.impl.WorkbookHSSFImplTest
Tests run: 16, Failures: 0, Errors: 0, Skipped: 0, Time elapsed: 0.166 sec - in uk.ac.manchester.cs.owl.semspreadsheets.model.hssf.impl.WorkbookHSSFImplTest
Running uk.ac.manchester.cs.owl.semspreadsheets.model.hssf.impl.CellHSSFImplTest
Tests run: 11, Failures: 0, Errors: 0, Skipped: 0, Time elapsed: 0.028 sec - in uk.ac.manchester.cs.owl.semspreadsheets.model.hssf.impl.CellHSSFImplTest
Running uk.ac.manchester.cs.owl.semspreadsheets.model.ValidationTypeTest
Tests run: 3, Failures: 0, Errors: 0, Skipped: 0, Time elapsed: 0 sec - in uk.ac.manchester.cs.owl.semspreadsheets.model.ValidationTypeTest
Running uk.ac.manchester.cs.owl.semspreadsheets.model.OWLPropertyItemTest
Tests run: 2, Failures: 0, Errors: 0, Skipped: 0, Time elapsed: 0 sec - in uk.ac.manchester.cs.owl.semspreadsheets.model.OWLPropertyItemTest
Running uk.ac.manchester.cs.owl.semspreadsheets.model.EntitySelectionModelTest
Tests run: 3, Failures: 0, Errors: 0, Skipped: 0, Time elapsed: 0.002 sec - in uk.ac.manchester.cs.owl.semspreadsheets.model.EntitySelectionModelTest
Running uk.ac.manchester.cs.owl.semspreadsheets.model.WorkbookFactoryTest
Tests run: 4, Failures: 0, Errors: 0, Skipped: 0, Time elapsed: 1.219 sec - in uk.ac.manchester.cs.owl.semspreadsheets.model.WorkbookFactoryTest
Running uk.ac.manchester.cs.owl.semspreadsheets.model.OntologyManagerTest
3723 [main] INFO  uk.ac.manchester.cs.owl.semspreadsheets.model.OntologyManager  - Loading ontology: file:/tmp/tmpxo_uru4v/RightField/target/test-classes/ontologies/JERM.owl
3724 [pool-10-thread-1] INFO  uk.ac.manchester.cs.owl.semspreadsheets.model.OntologyManager  - Calling OWLOntologyManager to load source: file:/tmp/tmpxo_uru4v/RightField/target/test-classes/ontologies/JERM.owl
3770 [main] INFO  uk.ac.manchester.cs.owl.semspreadsheets.model.OntologyManager  - Loading ontology: file:/tmp/tmpxo_uru4v/RightField/target/test-classes/ontologies/JERM.owl
3770 [pool-11-thread-1] INFO  uk.ac.manchester.cs.owl.semspreadsheets.model.OntologyManager  - Calling OWLOntologyManager to load source: file:/tmp/tmpxo_uru4v/RightField/target/test-classes/ontologies/JERM.owl
3795 [main] INFO  uk.ac.manchester.cs.owl.semspreadsheets.model.OntologyManager  - Loading ontology: file:/tmp/tmpxo_uru4v/RightField/target/test-classes/ontologies/amino-acid.owl
3796 [pool-12-thread-1] INFO  uk.ac.manchester.cs.owl.semspreadsheets.model.OntologyManager  - Calling OWLOntologyManager to load source: file:/tmp/tmpxo_uru4v/RightField/target/test-classes/ontologies/amino-acid.owl
3927 [main] INFO  uk.ac.manchester.cs.owl.semspreadsheets.model.OntologyManager  - Loading ontology: file:/tmp/tmpxo_uru4v/RightField/target/test-classes/ontologies/JERM.owl
3927 [pool-13-thread-1] INFO  uk.ac.manchester.cs.owl.semspreadsheets.model.OntologyManager  - Calling OWLOntologyManager to load source: file:/tmp/tmpxo_uru4v/RightField/target/test-classes/ontologies/JERM.owl
3947 [main] INFO  uk.ac.manchester.cs.owl.semspreadsheets.model.OntologyManager  - Loading ontology: file:/tmp/tmpxo_uru4v/RightField/target/test-classes/skos/skos-example.rdf
3948 [pool-14-thread-1] INFO  uk.ac.manchester.cs.owl.semspreadsheets.model.OntologyManager  - Calling OWLOntologyManager to load source: file:/tmp/tmpxo_uru4v/RightField/target/test-classes/skos/skos-example.rdf
3997 [main] INFO  uk.ac.manchester.cs.owl.semspreadsheets.model.OntologyManager  - Loading ontology: file:/tmp/tmpxo_uru4v/RightField/target/test-classes/ontologies/JERM.owl
3999 [pool-15-thread-1] INFO  uk.ac.manchester.cs.owl.semspreadsheets.model.OntologyManager  - Calling OWLOntologyManager to load source: file:/tmp/tmpxo_uru4v/RightField/target/test-classes/ontologies/JERM.owl
4027 [main] INFO  uk.ac.manchester.cs.owl.semspreadsheets.model.OntologyManager  - Loading ontology: file:/tmp/tmpxo_uru4v/RightField/target/test-classes/ontologies/JERM.owl
4027 [pool-16-thread-1] INFO  uk.ac.manchester.cs.owl.semspreadsheets.model.OntologyManager  - Calling OWLOntologyManager to load source: file:/tmp/tmpxo_uru4v/RightField/target/test-classes/ontologies/JERM.owl
4052 [main] INFO  uk.ac.manchester.cs.owl.semspreadsheets.model.OntologyManager  - Loading ontology: file:/tmp/tmpxo_uru4v/RightField/target/test-classes/skos/CAST.rdf
4053 [pool-17-thread-1] INFO  uk.ac.manchester.cs.owl.semspreadsheets.model.OntologyManager  - Calling OWLOntologyManager to load source: file:/tmp/tmpxo_uru4v/RightField/target/test-classes/skos/CAST.rdf
4474 [main] INFO  uk.ac.manchester.cs.owl.semspreadsheets.model.OntologyManager  - Loading ontology: file:/tmp/tmpxo_uru4v/RightField/target/test-classes/ontologies/JERM.owl
4475 [pool-18-thread-1] INFO  uk.ac.manchester.cs.owl.semspreadsheets.model.OntologyManager  - Calling OWLOntologyManager to load source: file:/tmp/tmpxo_uru4v/RightField/target/test-classes/ontologies/JERM.owl
4512 [main] INFO  uk.ac.manchester.cs.owl.semspreadsheets.model.OntologyManager  - Loading ontology: file:/tmp/tmpxo_uru4v/RightField/target/test-classes/ontologies/JERM.owl
4513 [pool-19-thread-1] INFO  uk.ac.manchester.cs.owl.semspreadsheets.model.OntologyManager  - Calling OWLOntologyManager to load source: file:/tmp/tmpxo_uru4v/RightField/target/test-classes/ontologies/JERM.owl
4553 [main] INFO  uk.ac.manchester.cs.owl.semspreadsheets.model.OntologyManager  - Loading ontology: file:/tmp/tmpxo_uru4v/RightField/target/test-classes/ontologies/amino-acid.owl
4555 [pool-20-thread-1] INFO  uk.ac.manchester.cs.owl.semspreadsheets.model.OntologyManager  - Calling OWLOntologyManager to load source: file:/tmp/tmpxo_uru4v/RightField/target/test-classes/ontologies/amino-acid.owl
4982 [main] INFO  uk.ac.manchester.cs.owl.semspreadsheets.model.OntologyManager  - Loading ontology: file:/tmp/tmpxo_uru4v/RightField/target/test-classes/ontologies/JERM.owl
4983 [pool-21-thread-1] INFO  uk.ac.manchester.cs.owl.semspreadsheets.model.OntologyManager  - Calling OWLOntologyManager to load source: file:/tmp/tmpxo_uru4v/RightField/target/test-classes/ontologies/JERM.owl
5002 [main] INFO  uk.ac.manchester.cs.owl.semspreadsheets.model.OntologyManager  - Loading ontology: file:/tmp/tmpxo_uru4v/RightField/target/test-classes/ontologies/amino-acid.owl
5002 [pool-22-thread-1] INFO  uk.ac.manchester.cs.owl.semspreadsheets.model.OntologyManager  - Calling OWLOntologyManager to load source: file:/tmp/tmpxo_uru4v/RightField/target/test-classes/ontologies/amino-acid.owl
5134 [main] INFO  uk.ac.manchester.cs.owl.semspreadsheets.model.OntologyManager  - Loading ontology: file:/tmp/tmpxo_uru4v/RightField/target/test-classes/ontologies/JERM.owl
5134 [pool-23-thread-1] INFO  uk.ac.manchester.cs.owl.semspreadsheets.model.OntologyManager  - Calling OWLOntologyManager to load source: file:/tmp/tmpxo_uru4v/RightField/target/test-classes/ontologies/JERM.owl
5156 [main] INFO  uk.ac.manchester.cs.owl.semspreadsheets.model.OntologyManager  - Loading ontology: file:/tmp/tmpxo_uru4v/RightField/target/test-classes/ontologies/MGEDOntology.owl
5156 [pool-24-thread-1] INFO  uk.ac.manchester.cs.owl.semspreadsheets.model.OntologyManager  - Calling OWLOntologyManager to load source: file:/tmp/tmpxo_uru4v/RightField/target/test-classes/ontologies/MGEDOntology.owl
14250 [main] INFO  uk.ac.manchester.cs.owl.semspreadsheets.model.OntologyManager  - Loading ontology: file:/tmp/tmpxo_uru4v/RightField/target/test-classes/ontologies/JERM.owl
14251 [pool-25-thread-1] INFO  uk.ac.manchester.cs.owl.semspreadsheets.model.OntologyManager  - Calling OWLOntologyManager to load source: file:/tmp/tmpxo_uru4v/RightField/target/test-classes/ontologies/JERM.owl
14340 [main] INFO  uk.ac.manchester.cs.owl.semspreadsheets.model.OntologyManager  - Loading ontology: file:/tmp/tmpxo_uru4v/RightField/target/test-classes/ontologies/amino-acid.owl
14345 [pool-26-thread-1] INFO  uk.ac.manchester.cs.owl.semspreadsheets.model.OntologyManager  - Calling OWLOntologyManager to load source: file:/tmp/tmpxo_uru4v/RightField/target/test-classes/ontologies/amino-acid.owl
14476 [main] INFO  uk.ac.manchester.cs.owl.semspreadsheets.model.OntologyManager  - Loading ontology: file:/tmp/tmpxo_uru4v/RightField/target/test-classes/ontologies/dwcterms_v2011-10-26.rdf
14483 [pool-27-thread-1] INFO  uk.ac.manchester.cs.owl.semspreadsheets.model.OntologyManager  - Calling OWLOntologyManager to load source: file:/tmp/tmpxo_uru4v/RightField/target/test-classes/ontologies/dwcterms_v2011-10-26.rdf
14517 [main] INFO  uk.ac.manchester.cs.owl.semspreadsheets.model.OntologyManager  - Loading ontology: file:/tmp/tmpxo_uru4v/RightField/target/test-classes/ontologies/JERM.owl
14518 [pool-28-thread-1] INFO  uk.ac.manchester.cs.owl.semspreadsheets.model.OntologyManager  - Calling OWLOntologyManager to load source: file:/tmp/tmpxo_uru4v/RightField/target/test-classes/ontologies/JERM.owl
14549 [main] INFO  uk.ac.manchester.cs.owl.semspreadsheets.model.OntologyManager  - Loading ontology: file:/tmp/tmpxo_uru4v/RightField/target/test-classes/ontologies/JERM.owl
14555 [pool-29-thread-1] INFO  uk.ac.manchester.cs.owl.semspreadsheets.model.OntologyManager  - Calling OWLOntologyManager to load source: file:/tmp/tmpxo_uru4v/RightField/target/test-classes/ontologies/JERM.owl
14585 [main] INFO  uk.ac.manchester.cs.owl.semspreadsheets.model.OntologyManager  - Loading ontology: file:/tmp/tmpxo_uru4v/RightField/target/test-classes/skos/skos-example.rdf
14586 [pool-30-thread-1] INFO  uk.ac.manchester.cs.owl.semspreadsheets.model.OntologyManager  - Calling OWLOntologyManager to load source: file:/tmp/tmpxo_uru4v/RightField/target/test-classes/skos/skos-example.rdf
14637 [main] INFO  uk.ac.manchester.cs.owl.semspreadsheets.model.OntologyManager  - Loading ontology: file:/tmp/tmpxo_uru4v/RightField/target/test-classes/skos/CAST.rdf
14637 [pool-31-thread-1] INFO  uk.ac.manchester.cs.owl.semspreadsheets.model.OntologyManager  - Calling OWLOntologyManager to load source: file:/tmp/tmpxo_uru4v/RightField/target/test-classes/skos/CAST.rdf
14779 [main] INFO  uk.ac.manchester.cs.owl.semspreadsheets.model.OntologyManager  - Loading ontology: file:/tmp/tmpxo_uru4v/RightField/target/test-classes/ontologies/JERM.owl
14781 [pool-32-thread-1] INFO  uk.ac.manchester.cs.owl.semspreadsheets.model.OntologyManager  - Calling OWLOntologyManager to load source: file:/tmp/tmpxo_uru4v/RightField/target/test-classes/ontologies/JERM.owl
14806 [main] INFO  uk.ac.manchester.cs.owl.semspreadsheets.model.OntologyManager  - Loading ontology: file:/tmp/tmpxo_uru4v/RightField/target/test-classes/ontologies/amino-acid.owl
14831 [pool-33-thread-1] INFO  uk.ac.manchester.cs.owl.semspreadsheets.model.OntologyManager  - Calling OWLOntologyManager to load source: file:/tmp/tmpxo_uru4v/RightField/target/test-classes/ontologies/amino-acid.owl
14938 [main] INFO  uk.ac.manchester.cs.owl.semspreadsheets.model.OntologyManager  - Loading ontology: file:/tmp/tmpxo_uru4v/RightField/target/test-classes/ontologies/amino-acid.owl
14939 [pool-34-thread-1] INFO  uk.ac.manchester.cs.owl.semspreadsheets.model.OntologyManager  - Calling OWLOntologyManager to load source: file:/tmp/tmpxo_uru4v/RightField/target/test-classes/ontologies/amino-acid.owl
15019 [main] INFO  uk.ac.manchester.cs.owl.semspreadsheets.model.OntologyManager  - Loading ontology: file:/tmp/tmpxo_uru4v/RightField/target/test-classes/ontologies/JERM.owl
15019 [pool-35-thread-1] INFO  uk.ac.manchester.cs.owl.semspreadsheets.model.OntologyManager  - Calling OWLOntologyManager to load source: file:/tmp/tmpxo_uru4v/RightField/target/test-classes/ontologies/JERM.owl
15062 [main] INFO  uk.ac.manchester.cs.owl.semspreadsheets.model.OntologyManager  - Loading ontology: file:/tmp/tmpxo_uru4v/RightField/target/test-classes/ontologies/JERM.owl
15062 [pool-36-thread-1] INFO  uk.ac.manchester.cs.owl.semspreadsheets.model.OntologyManager  - Calling OWLOntologyManager to load source: file:/tmp/tmpxo_uru4v/RightField/target/test-classes/ontologies/JERM.owl
15090 [main] INFO  uk.ac.manchester.cs.owl.semspreadsheets.model.OntologyManager  - Loading ontology: file:/tmp/tmpxo_uru4v/RightField/target/test-classes/ontologies/amino-acid.owl
15090 [pool-37-thread-1] INFO  uk.ac.manchester.cs.owl.semspreadsheets.model.OntologyManager  - Calling OWLOntologyManager to load source: file:/tmp/tmpxo_uru4v/RightField/target/test-classes/ontologies/amino-acid.owl
Tests run: 23, Failures: 0, Errors: 0, Skipped: 6, Time elapsed: 11.48 sec - in uk.ac.manchester.cs.owl.semspreadsheets.model.OntologyManagerTest
Running uk.ac.manchester.cs.owl.semspreadsheets.model.OntologyTermValidationWorkbookParserTest
15208 [main] INFO  uk.ac.manchester.cs.owl.semspreadsheets.model.OntologyManager  - Loading ontology: file:/tmp/tmpxo_uru4v/RightField/target/test-classes/ontologies/JERM.owl
15209 [pool-38-thread-1] INFO  uk.ac.manchester.cs.owl.semspreadsheets.model.OntologyManager  - Calling OWLOntologyManager to load source: file:/tmp/tmpxo_uru4v/RightField/target/test-classes/ontologies/JERM.owl
15239 [main] INFO  uk.ac.manchester.cs.owl.semspreadsheets.model.OntologyManager  - Loading ontology: file:/tmp/tmpxo_uru4v/RightField/target/test-classes/ontologies/JERM.owl
15239 [pool-39-thread-1] INFO  uk.ac.manchester.cs.owl.semspreadsheets.model.OntologyManager  - Calling OWLOntologyManager to load source: file:/tmp/tmpxo_uru4v/RightField/target/test-classes/ontologies/JERM.owl
15266 [main] INFO  uk.ac.manchester.cs.owl.semspreadsheets.model.OntologyManager  - Loading ontology: file:/tmp/tmpxo_uru4v/RightField/target/test-classes/ontologies/JERM.owl
15267 [pool-40-thread-1] INFO  uk.ac.manchester.cs.owl.semspreadsheets.model.OntologyManager  - Calling OWLOntologyManager to load source: file:/tmp/tmpxo_uru4v/RightField/target/test-classes/ontologies/JERM.owl
15662 [main] INFO  uk.ac.manchester.cs.owl.semspreadsheets.model.OntologyManager  - Loading ontology: file:/tmp/tmpxo_uru4v/RightField/target/test-classes/ontologies/JERM.owl
15662 [pool-41-thread-1] INFO  uk.ac.manchester.cs.owl.semspreadsheets.model.OntologyManager  - Calling OWLOntologyManager to load source: file:/tmp/tmpxo_uru4v/RightField/target/test-classes/ontologies/JERM.owl
17777 [main] INFO  uk.ac.manchester.cs.owl.semspreadsheets.model.OntologyManager  - Loading ontology: file:/tmp/tmpxo_uru4v/RightField/target/test-classes/ontologies/JERM.owl
17777 [pool-42-thread-1] INFO  uk.ac.manchester.cs.owl.semspreadsheets.model.OntologyManager  - Calling OWLOntologyManager to load source: file:/tmp/tmpxo_uru4v/RightField/target/test-classes/ontologies/JERM.owl
17801 [main] INFO  uk.ac.manchester.cs.owl.semspreadsheets.model.OntologyManager  - Loading ontology: file:/tmp/tmpxo_uru4v/RightField/target/test-classes/ontologies/JERM.owl
17803 [pool-43-thread-1] INFO  uk.ac.manchester.cs.owl.semspreadsheets.model.OntologyManager  - Calling OWLOntologyManager to load source: file:/tmp/tmpxo_uru4v/RightField/target/test-classes/ontologies/JERM.owl
17829 [main] INFO  uk.ac.manchester.cs.owl.semspreadsheets.model.OntologyManager  - Loading ontology: file:/tmp/tmpxo_uru4v/RightField/target/test-classes/ontologies/JERM.owl
17831 [pool-44-thread-1] INFO  uk.ac.manchester.cs.owl.semspreadsheets.model.OntologyManager  - Calling OWLOntologyManager to load source: file:/tmp/tmpxo_uru4v/RightField/target/test-classes/ontologies/JERM.owl
17853 [main] INFO  uk.ac.manchester.cs.owl.semspreadsheets.model.OntologyManager  - Loading ontology: file:/tmp/tmpxo_uru4v/RightField/target/test-classes/ontologies/JERM.owl
17854 [pool-45-thread-1] INFO  uk.ac.manchester.cs.owl.semspreadsheets.model.OntologyManager  - Calling OWLOntologyManager to load source: file:/tmp/tmpxo_uru4v/RightField/target/test-classes/ontologies/JERM.owl
Tests run: 8, Failures: 0, Errors: 0, Skipped: 0, Time elapsed: 2.671 sec - in uk.ac.manchester.cs.owl.semspreadsheets.model.OntologyTermValidationWorkbookParserTest
Running uk.ac.manchester.cs.owl.semspreadsheets.model.WorkbookManagerTest
Tests run: 15, Failures: 0, Errors: 0, Skipped: 0, Time elapsed: 0.422 sec - in uk.ac.manchester.cs.owl.semspreadsheets.model.WorkbookManagerTest
Running uk.ac.manchester.cs.owl.semspreadsheets.model.skos.SKOSHierarchyReaderTest
18300 [main] INFO  uk.ac.manchester.cs.owl.semspreadsheets.model.OntologyManager  - Loading ontology: file:/tmp/tmpxo_uru4v/RightField/target/test-classes/skos/skos-example.rdf
18307 [pool-46-thread-1] INFO  uk.ac.manchester.cs.owl.semspreadsheets.model.OntologyManager  - Calling OWLOntologyManager to load source: file:/tmp/tmpxo_uru4v/RightField/target/test-classes/skos/skos-example.rdf
18316 [main] INFO  uk.ac.manchester.cs.owl.semspreadsheets.model.OntologyManager  - Loading ontology: file:/tmp/tmpxo_uru4v/RightField/target/test-classes/skos/skos-example.rdf
18317 [pool-47-thread-1] INFO  uk.ac.manchester.cs.owl.semspreadsheets.model.OntologyManager  - Calling OWLOntologyManager to load source: file:/tmp/tmpxo_uru4v/RightField/target/test-classes/skos/skos-example.rdf
18323 [main] INFO  uk.ac.manchester.cs.owl.semspreadsheets.model.OntologyManager  - Loading ontology: file:/tmp/tmpxo_uru4v/RightField/target/test-classes/skos/CAST.rdf
18330 [pool-48-thread-1] INFO  uk.ac.manchester.cs.owl.semspreadsheets.model.OntologyManager  - Calling OWLOntologyManager to load source: file:/tmp/tmpxo_uru4v/RightField/target/test-classes/skos/CAST.rdf
18581 [main] INFO  uk.ac.manchester.cs.owl.semspreadsheets.model.OntologyManager  - Loading ontology: file:/tmp/tmpxo_uru4v/RightField/target/test-classes/skos/skos-example.rdf
18599 [pool-49-thread-1] INFO  uk.ac.manchester.cs.owl.semspreadsheets.model.OntologyManager  - Calling OWLOntologyManager to load source: file:/tmp/tmpxo_uru4v/RightField/target/test-classes/skos/skos-example.rdf
18604 [main] INFO  uk.ac.manchester.cs.owl.semspreadsheets.model.OntologyManager  - Loading ontology: file:/tmp/tmpxo_uru4v/RightField/target/test-classes/skos/CAST.rdf
18604 [pool-50-thread-1] INFO  uk.ac.manchester.cs.owl.semspreadsheets.model.OntologyManager  - Calling OWLOntologyManager to load source: file:/tmp/tmpxo_uru4v/RightField/target/test-classes/skos/CAST.rdf
19055 [main] INFO  uk.ac.manchester.cs.owl.semspreadsheets.model.OntologyManager  - Loading ontology: file:/tmp/tmpxo_uru4v/RightField/target/test-classes/skos/skos-example.rdf
19059 [pool-51-thread-1] INFO  uk.ac.manchester.cs.owl.semspreadsheets.model.OntologyManager  - Calling OWLOntologyManager to load source: file:/tmp/tmpxo_uru4v/RightField/target/test-classes/skos/skos-example.rdf
19063 [main] INFO  uk.ac.manchester.cs.owl.semspreadsheets.model.OntologyManager  - Loading ontology: file:/tmp/tmpxo_uru4v/RightField/target/test-classes/skos/CAST.rdf
19065 [pool-52-thread-1] INFO  uk.ac.manchester.cs.owl.semspreadsheets.model.OntologyManager  - Calling OWLOntologyManager to load source: file:/tmp/tmpxo_uru4v/RightField/target/test-classes/skos/CAST.rdf
19242 [main] INFO  uk.ac.manchester.cs.owl.semspreadsheets.model.OntologyManager  - Loading ontology: file:/tmp/tmpxo_uru4v/RightField/target/test-classes/skos/skos-example.rdf
19243 [pool-53-thread-1] INFO  uk.ac.manchester.cs.owl.semspreadsheets.model.OntologyManager  - Calling OWLOntologyManager to load source: file:/tmp/tmpxo_uru4v/RightField/target/test-classes/skos/skos-example.rdf
19246 [main] INFO  uk.ac.manchester.cs.owl.semspreadsheets.model.OntologyManager  - Loading ontology: file:/tmp/tmpxo_uru4v/RightField/target/test-classes/skos/CAST.rdf
19247 [pool-54-thread-1] INFO  uk.ac.manchester.cs.owl.semspreadsheets.model.OntologyManager  - Calling OWLOntologyManager to load source: file:/tmp/tmpxo_uru4v/RightField/target/test-classes/skos/CAST.rdf
Tests run: 9, Failures: 0, Errors: 0, Skipped: 0, Time elapsed: 1.225 sec - in uk.ac.manchester.cs.owl.semspreadsheets.model.skos.SKOSHierarchyReaderTest
Running uk.ac.manchester.cs.owl.semspreadsheets.model.skos.SKOSDetectorTest
19526 [main] INFO  uk.ac.manchester.cs.owl.semspreadsheets.model.OntologyManager  - Loading ontology: file:/tmp/tmpxo_uru4v/RightField/target/test-classes/ontologies/JERM.owl
19527 [pool-55-thread-1] INFO  uk.ac.manchester.cs.owl.semspreadsheets.model.OntologyManager  - Calling OWLOntologyManager to load source: file:/tmp/tmpxo_uru4v/RightField/target/test-classes/ontologies/JERM.owl
19560 [main] INFO  uk.ac.manchester.cs.owl.semspreadsheets.model.OntologyManager  - Loading ontology: file:/tmp/tmpxo_uru4v/RightField/target/test-classes/skos/skos-example.rdf
19563 [pool-56-thread-1] INFO  uk.ac.manchester.cs.owl.semspreadsheets.model.OntologyManager  - Calling OWLOntologyManager to load source: file:/tmp/tmpxo_uru4v/RightField/target/test-classes/skos/skos-example.rdf
19602 [main] INFO  uk.ac.manchester.cs.owl.semspreadsheets.model.OntologyManager  - Loading ontology: file:/tmp/tmpxo_uru4v/RightField/target/test-classes/ontologies/JERM.owl
19603 [pool-57-thread-1] INFO  uk.ac.manchester.cs.owl.semspreadsheets.model.OntologyManager  - Calling OWLOntologyManager to load source: file:/tmp/tmpxo_uru4v/RightField/target/test-classes/ontologies/JERM.owl
19636 [main] INFO  uk.ac.manchester.cs.owl.semspreadsheets.model.OntologyManager  - Loading ontology: file:/tmp/tmpxo_uru4v/RightField/target/test-classes/skos/skos-example.rdf
19641 [pool-58-thread-1] INFO  uk.ac.manchester.cs.owl.semspreadsheets.model.OntologyManager  - Calling OWLOntologyManager to load source: file:/tmp/tmpxo_uru4v/RightField/target/test-classes/skos/skos-example.rdf
19671 [main] INFO  uk.ac.manchester.cs.owl.semspreadsheets.model.OntologyManager  - Loading ontology: file:/tmp/tmpxo_uru4v/RightField/target/test-classes/skos/CAST.rdf
19675 [pool-59-thread-1] INFO  uk.ac.manchester.cs.owl.semspreadsheets.model.OntologyManager  - Calling OWLOntologyManager to load source: file:/tmp/tmpxo_uru4v/RightField/target/test-classes/skos/CAST.rdf
Tests run: 2, Failures: 0, Errors: 0, Skipped: 0, Time elapsed: 0.291 sec - in uk.ac.manchester.cs.owl.semspreadsheets.model.skos.SKOSDetectorTest
Running uk.ac.manchester.cs.owl.semspreadsheets.model.OntologyTermValidationSheetParserTest
Tests run: 3, Failures: 0, Errors: 0, Skipped: 0, Time elapsed: 0.012 sec - in uk.ac.manchester.cs.owl.semspreadsheets.model.OntologyTermValidationSheetParserTest
Running uk.ac.manchester.cs.owl.semspreadsheets.model.xssf.impl.WorkbookXSSFImplTest
Tests run: 16, Failures: 0, Errors: 0, Skipped: 1, Time elapsed: 0.318 sec - in uk.ac.manchester.cs.owl.semspreadsheets.model.xssf.impl.WorkbookXSSFImplTest
Running uk.ac.manchester.cs.owl.semspreadsheets.model.xssf.impl.CellXSSFImplTest
Tests run: 11, Failures: 0, Errors: 0, Skipped: 0, Time elapsed: 0.115 sec - in uk.ac.manchester.cs.owl.semspreadsheets.model.xssf.impl.CellXSSFImplTest
Running uk.ac.manchester.cs.owl.semspreadsheets.model.xssf.impl.SheetXSSFImplTest
Tests run: 21, Failures: 0, Errors: 0, Skipped: 0, Time elapsed: 0.295 sec - in uk.ac.manchester.cs.owl.semspreadsheets.model.xssf.impl.SheetXSSFImplTest
Running uk.ac.manchester.cs.owl.semspreadsheets.repository.bioportal.LegacyBioportalSourceResolverTest
20563 [main] INFO  uk.ac.manchester.cs.owl.semspreadsheets.repository.bioportal.LegacyBioportalSourceResolver  - Old bioportal download uri detected and about to be resolved:http://rest.bioontology.org/bioportal/virtual/download/1488
20563 [main] INFO  uk.ac.manchester.cs.owl.semspreadsheets.repository.bioportal.LegacyBioportalSourceResolver  - BioPortal download URI resolved to:http://data.bioontology.org/ontologies/JERM/download
20563 [main] INFO  uk.ac.manchester.cs.owl.semspreadsheets.repository.bioportal.LegacyBioportalSourceResolver  - Old bioportal download uri detected and about to be resolved:http://rest.bioontology.org/bioportal/virtual/download/1132
20563 [main] INFO  uk.ac.manchester.cs.owl.semspreadsheets.repository.bioportal.LegacyBioportalSourceResolver  - BioPortal download URI resolved to:http://data.bioontology.org/ontologies/NCBITAXON/download
20563 [main] INFO  uk.ac.manchester.cs.owl.semspreadsheets.repository.bioportal.LegacyBioportalSourceResolver  - Old bioportal download uri detected and about to be resolved:https://rest.bioontology.org/bioportal/virtual/download/1488
20563 [main] INFO  uk.ac.manchester.cs.owl.semspreadsheets.repository.bioportal.LegacyBioportalSourceResolver  - BioPortal download URI resolved to:http://data.bioontology.org/ontologies/JERM/download
Tests run: 1, Failures: 0, Errors: 0, Skipped: 0, Time elapsed: 0.002 sec - in uk.ac.manchester.cs.owl.semspreadsheets.repository.bioportal.LegacyBioportalSourceResolverTest
Running uk.ac.manchester.cs.owl.semspreadsheets.ui.ValidationEntityTypeTest
Tests run: 1, Failures: 0, Errors: 0, Skipped: 0, Time elapsed: 0 sec - in uk.ac.manchester.cs.owl.semspreadsheets.ui.ValidationEntityTypeTest
Running uk.ac.manchester.cs.owl.semspreadsheets.ui.ClassHierarchyTreeTest
20565 [main] INFO  uk.ac.manchester.cs.owl.semspreadsheets.model.OntologyManager  - Loading ontology: file:/tmp/tmpxo_uru4v/RightField/target/test-classes/ontologies/JERM.owl
20565 [pool-60-thread-1] INFO  uk.ac.manchester.cs.owl.semspreadsheets.model.OntologyManager  - Calling OWLOntologyManager to load source: file:/tmp/tmpxo_uru4v/RightField/target/test-classes/ontologies/JERM.owl
20789 [main] INFO  uk.ac.manchester.cs.owl.semspreadsheets.model.OntologyManager  - Loading ontology: file:/tmp/tmpxo_uru4v/RightField/target/test-classes/ontologies/JERM.owl
20795 [pool-61-thread-1] INFO  uk.ac.manchester.cs.owl.semspreadsheets.model.OntologyManager  - Calling OWLOntologyManager to load source: file:/tmp/tmpxo_uru4v/RightField/target/test-classes/ontologies/JERM.owl
Tests run: 2, Failures: 0, Errors: 0, Skipped: 0, Time elapsed: 0.263 sec - in uk.ac.manchester.cs.owl.semspreadsheets.ui.ClassHierarchyTreeTest
Running uk.ac.manchester.cs.owl.semspreadsheets.ui.LoadEmbeddedOntologiesTest
Tests run: 1, Failures: 0, Errors: 0, Skipped: 1, Time elapsed: 0 sec - in uk.ac.manchester.cs.owl.semspreadsheets.ui.LoadEmbeddedOntologiesTest
Running uk.ac.manchester.cs.owl.semspreadsheets.ui.ClassHierarchyTreeModelTest
20833 [main] INFO  uk.ac.manchester.cs.owl.semspreadsheets.model.OntologyManager  - Loading ontology: file:/tmp/tmpxo_uru4v/RightField/target/test-classes/ontologies/JERM.owl
20839 [pool-62-thread-1] INFO  uk.ac.manchester.cs.owl.semspreadsheets.model.OntologyManager  - Calling OWLOntologyManager to load source: file:/tmp/tmpxo_uru4v/RightField/target/test-classes/ontologies/JERM.owl
20867 [main] INFO  uk.ac.manchester.cs.owl.semspreadsheets.model.OntologyManager  - Loading ontology: file:/tmp/tmpxo_uru4v/RightField/target/test-classes/ontologies/JERM.owl
20883 [pool-63-thread-1] INFO  uk.ac.manchester.cs.owl.semspreadsheets.model.OntologyManager  - Calling OWLOntologyManager to load source: file:/tmp/tmpxo_uru4v/RightField/target/test-classes/ontologies/JERM.owl
Tests run: 2, Failures: 0, Errors: 0, Skipped: 0, Time elapsed: 0.077 sec - in uk.ac.manchester.cs.owl.semspreadsheets.ui.ClassHierarchyTreeModelTest
Running uk.ac.manchester.cs.owl.semspreadsheets.ui.SKOSHierarchyTreeTest
20913 [main] INFO  uk.ac.manchester.cs.owl.semspreadsheets.model.OntologyManager  - Loading ontology: file:/tmp/tmpxo_uru4v/RightField/target/test-classes/skos/skos-example.rdf
20914 [pool-64-thread-1] INFO  uk.ac.manchester.cs.owl.semspreadsheets.model.OntologyManager  - Calling OWLOntologyManager to load source: file:/tmp/tmpxo_uru4v/RightField/target/test-classes/skos/skos-example.rdf
20940 [main] INFO  uk.ac.manchester.cs.owl.semspreadsheets.model.OntologyManager  - Loading ontology: file:/tmp/tmpxo_uru4v/RightField/target/test-classes/skos/skos-example.rdf
20942 [pool-65-thread-1] INFO  uk.ac.manchester.cs.owl.semspreadsheets.model.OntologyManager  - Calling OWLOntologyManager to load source: file:/tmp/tmpxo_uru4v/RightField/target/test-classes/skos/skos-example.rdf
Tests run: 2, Failures: 0, Errors: 0, Skipped: 0, Time elapsed: 0.037 sec - in uk.ac.manchester.cs.owl.semspreadsheets.ui.SKOSHierarchyTreeTest
Running uk.ac.manchester.cs.owl.semspreadsheets.ui.WorkbookFormatTest
Tests run: 2, Failures: 0, Errors: 0, Skipped: 0, Time elapsed: 0.001 sec - in uk.ac.manchester.cs.owl.semspreadsheets.ui.WorkbookFormatTest
Running uk.ac.manchester.cs.owl.semspreadsheets.ui.SKOSHierarchyTreeModelTest
20950 [main] INFO  uk.ac.manchester.cs.owl.semspreadsheets.model.OntologyManager  - Loading ontology: file:/tmp/tmpxo_uru4v/RightField/target/test-classes/skos/skos-example.rdf
20950 [pool-66-thread-1] INFO  uk.ac.manchester.cs.owl.semspreadsheets.model.OntologyManager  - Calling OWLOntologyManager to load source: file:/tmp/tmpxo_uru4v/RightField/target/test-classes/skos/skos-example.rdf
20954 [main] INFO  uk.ac.manchester.cs.owl.semspreadsheets.model.OntologyManager  - Loading ontology: file:/tmp/tmpxo_uru4v/RightField/target/test-classes/skos/skos-example.rdf
20961 [pool-67-thread-1] INFO  uk.ac.manchester.cs.owl.semspreadsheets.model.OntologyManager  - Calling OWLOntologyManager to load source: file:/tmp/tmpxo_uru4v/RightField/target/test-classes/skos/skos-example.rdf
Tests run: 2, Failures: 0, Errors: 0, Skipped: 0, Time elapsed: 0.022 sec - in uk.ac.manchester.cs.owl.semspreadsheets.ui.SKOSHierarchyTreeModelTest
Running uk.ac.manchester.cs.owl.semspreadsheets.export.CSVExporterXLSTest
Tests run: 7, Failures: 0, Errors: 0, Skipped: 0, Time elapsed: 0.09 sec - in uk.ac.manchester.cs.owl.semspreadsheets.export.CSVExporterXLSTest
Running uk.ac.manchester.cs.owl.semspreadsheets.export.CSVExporterXLSXTest
Tests run: 6, Failures: 0, Errors: 0, Skipped: 0, Time elapsed: 0.151 sec - in uk.ac.manchester.cs.owl.semspreadsheets.export.CSVExporterXLSXTest
Running uk.ac.manchester.cs.owl.semspreadsheets.export.RDFExportXLSTest
Tests run: 8, Failures: 0, Errors: 0, Skipped: 0, Time elapsed: 1 sec - in uk.ac.manchester.cs.owl.semspreadsheets.export.RDFExportXLSTest
Running uk.ac.manchester.cs.owl.semspreadsheets.export.RDFExportXLSXTest
Tests run: 8, Failures: 0, Errors: 0, Skipped: 0, Time elapsed: 0.896 sec - in uk.ac.manchester.cs.owl.semspreadsheets.export.RDFExportXLSXTest
Running uk.ac.manchester.cs.owl.semspreadsheets.export.AbstractExporterTest
Tests run: 9, Failures: 0, Errors: 0, Skipped: 0, Time elapsed: 0.076 sec - in uk.ac.manchester.cs.owl.semspreadsheets.export.AbstractExporterTest
Running uk.ac.manchester.cs.owl.semspreadsheets.skos.SkosApiIntegratedTest
Tests run: 3, Failures: 0, Errors: 0, Skipped: 1, Time elapsed: 0.042 sec - in uk.ac.manchester.cs.owl.semspreadsheets.skos.SkosApiIntegratedTest

Results :

Tests run: 239, Failures: 0, Errors: 0, Skipped: 10

[INFO] 
[INFO] --- jacoco-maven-plugin:0.8.5:report (report) @ rightfield ---
[INFO] Loading execution data file /tmp/tmpxo_uru4v/RightField/target/jacoco.exec
[INFO] Analyzed bundle 'RightField' with 695 classes
[INFO] ------------------------------------------------------------------------
[INFO] BUILD SUCCESS
[INFO] ------------------------------------------------------------------------
[INFO] Total time:  53.116 s
[INFO] Finished at: 2020-07-30T22:38:24Z
[INFO] ------------------------------------------------------------------------
