[INFO] Error stacktraces are turned on.
[INFO] Scanning for projects...
[INFO] 
[INFO] --------------------< de.ids_mannheim.korap:Krill >---------------------
[INFO] Building Krill 0.59.2
[INFO] --------------------------------[ jar ]---------------------------------
[INFO] 
[INFO] --- jacoco-maven-plugin:0.8.5:prepare-agent (default) @ Krill ---
[INFO] argLine set to -javaagent:/home/jdbl/.m2/repository/org/jacoco/org.jacoco.agent/0.8.5/org.jacoco.agent-0.8.5-runtime.jar=destfile=/tmp/tmprifh7gk7/Krill/target/jacoco.exec
[INFO] 
[INFO] --- maven-resources-plugin:2.6:resources (default-resources) @ Krill ---
[INFO] Using 'UTF-8' encoding to copy filtered resources.
[INFO] Copying 1 resource
[INFO] Copying 3 resources
[INFO] 
[INFO] --- maven-compiler-plugin:3.8.1:compile (default-compile) @ Krill ---
[INFO] Changes detected - recompiling the module!
[INFO] Compiling 129 source files to /tmp/tmprifh7gk7/Krill/bin
[INFO] /tmp/tmprifh7gk7/Krill/src/main/java/de/ids_mannheim/korap/KrillIndex.java: Some input files use or override a deprecated API.
[INFO] /tmp/tmprifh7gk7/Krill/src/main/java/de/ids_mannheim/korap/KrillIndex.java: Recompile with -Xlint:deprecation for details.
[INFO] /tmp/tmprifh7gk7/Krill/src/main/java/de/ids_mannheim/korap/KrillIndex.java: Some input files use unchecked or unsafe operations.
[INFO] /tmp/tmprifh7gk7/Krill/src/main/java/de/ids_mannheim/korap/KrillIndex.java: Recompile with -Xlint:unchecked for details.
[INFO] 
[INFO] --- maven-resources-plugin:2.6:testResources (default-testResources) @ Krill ---
[INFO] Using 'UTF-8' encoding to copy filtered resources.
[INFO] Copying 1 resource
[INFO] Copying 297 resources
[INFO] 
[INFO] --- maven-compiler-plugin:3.8.1:testCompile (default-testCompile) @ Krill ---
[INFO] Changes detected - recompiling the module!
[INFO] Compiling 84 source files to /tmp/tmprifh7gk7/Krill/target/test-classes
[INFO] /tmp/tmprifh7gk7/Krill/src/test/java/de/ids_mannheim/korap/index/TestClassIndex.java: Some input files use or override a deprecated API.
[INFO] /tmp/tmprifh7gk7/Krill/src/test/java/de/ids_mannheim/korap/index/TestClassIndex.java: Recompile with -Xlint:deprecation for details.
[INFO] /tmp/tmprifh7gk7/Krill/src/test/java/de/ids_mannheim/korap/index/TestFieldDocument.java: Some input files use unchecked or unsafe operations.
[INFO] /tmp/tmprifh7gk7/Krill/src/test/java/de/ids_mannheim/korap/index/TestFieldDocument.java: Recompile with -Xlint:unchecked for details.
[INFO] 
[INFO] --- maven-surefire-plugin:2.19.1:test (default-test) @ Krill ---
[INFO] Surefire report directory: /tmp/tmprifh7gk7/Krill/target/surefire-reports

-------------------------------------------------------
 T E S T S
-------------------------------------------------------
Running de.ids_mannheim.korap.TestIndexer
Tests run: 8, Failures: 0, Errors: 0, Skipped: 0, Time elapsed: 21.036 sec - in de.ids_mannheim.korap.TestIndexer
Running de.ids_mannheim.korap.response.TestResponse
Tests run: 3, Failures: 0, Errors: 0, Skipped: 0, Time elapsed: 0.016 sec - in de.ids_mannheim.korap.response.TestResponse
Running de.ids_mannheim.korap.response.TestNotifications
Tests run: 4, Failures: 0, Errors: 0, Skipped: 0, Time elapsed: 0 sec - in de.ids_mannheim.korap.response.TestNotifications
Running de.ids_mannheim.korap.response.TestMessage
Tests run: 4, Failures: 0, Errors: 0, Skipped: 0, Time elapsed: 0 sec - in de.ids_mannheim.korap.response.TestMessage
Running de.ids_mannheim.korap.response.TestMatch
Tests run: 5, Failures: 0, Errors: 0, Skipped: 0, Time elapsed: 0.001 sec - in de.ids_mannheim.korap.response.TestMatch
Running de.ids_mannheim.korap.highlight.TestHighlight
Tests run: 8, Failures: 0, Errors: 0, Skipped: 0, Time elapsed: 1.949 sec - in de.ids_mannheim.korap.highlight.TestHighlight
Running de.ids_mannheim.korap.highlight.TestClass
Tests run: 2, Failures: 0, Errors: 0, Skipped: 0, Time elapsed: 0.405 sec - in de.ids_mannheim.korap.highlight.TestClass
Running de.ids_mannheim.korap.index.TestMultipleDistanceIndex
Tests run: 10, Failures: 0, Errors: 0, Skipped: 0, Time elapsed: 0.131 sec - in de.ids_mannheim.korap.index.TestMultipleDistanceIndex
Running de.ids_mannheim.korap.index.TestPosToOffset
Tests run: 1, Failures: 0, Errors: 0, Skipped: 0, Time elapsed: 0.003 sec - in de.ids_mannheim.korap.index.TestPosToOffset
Running de.ids_mannheim.korap.index.TestNextIndex
Tests run: 16, Failures: 0, Errors: 0, Skipped: 0, Time elapsed: 0.191 sec - in de.ids_mannheim.korap.index.TestNextIndex
Running de.ids_mannheim.korap.index.TestMatchCollector
Tests run: 1, Failures: 0, Errors: 0, Skipped: 0, Time elapsed: 0.002 sec - in de.ids_mannheim.korap.index.TestMatchCollector
Running de.ids_mannheim.korap.index.TestMatchIdentifier
Tests run: 27, Failures: 0, Errors: 0, Skipped: 0, Time elapsed: 3.726 sec - in de.ids_mannheim.korap.index.TestMatchIdentifier
Running de.ids_mannheim.korap.index.TestSegmentNegationIndex
Tests run: 2, Failures: 0, Errors: 0, Skipped: 0, Time elapsed: 0.01 sec - in de.ids_mannheim.korap.index.TestSegmentNegationIndex
Running de.ids_mannheim.korap.index.TestClassIndex
Tests run: 2, Failures: 0, Errors: 0, Skipped: 0, Time elapsed: 0.011 sec - in de.ids_mannheim.korap.index.TestClassIndex
Running de.ids_mannheim.korap.index.TestPagebreakIndex
Tests run: 1, Failures: 0, Errors: 0, Skipped: 0, Time elapsed: 0.002 sec - in de.ids_mannheim.korap.index.TestPagebreakIndex
Running de.ids_mannheim.korap.index.TestElementDistanceExclusionIndex
Tests run: 5, Failures: 0, Errors: 0, Skipped: 0, Time elapsed: 0.016 sec - in de.ids_mannheim.korap.index.TestElementDistanceExclusionIndex
Running de.ids_mannheim.korap.index.TestSubSpanIndex
Tests run: 4, Failures: 0, Errors: 0, Skipped: 0, Time elapsed: 0.342 sec - in de.ids_mannheim.korap.index.TestSubSpanIndex
Running de.ids_mannheim.korap.index.TestTimeout
Tests run: 2, Failures: 0, Errors: 0, Skipped: 0, Time elapsed: 0.192 sec - in de.ids_mannheim.korap.index.TestTimeout
Running de.ids_mannheim.korap.index.TestKrillIndex
Tests run: 6, Failures: 0, Errors: 0, Skipped: 0, Time elapsed: 2.236 sec - in de.ids_mannheim.korap.index.TestKrillIndex
Running de.ids_mannheim.korap.index.TestWildcardIndex
Tests run: 4, Failures: 0, Errors: 0, Skipped: 0, Time elapsed: 0 sec - in de.ids_mannheim.korap.index.TestWildcardIndex
Running de.ids_mannheim.korap.index.TestRegexIndex
Tests run: 4, Failures: 0, Errors: 0, Skipped: 0, Time elapsed: 0 sec - in de.ids_mannheim.korap.index.TestRegexIndex
Running de.ids_mannheim.korap.index.TestSegmentIndex
Tests run: 6, Failures: 0, Errors: 0, Skipped: 0, Time elapsed: 0.002 sec - in de.ids_mannheim.korap.index.TestSegmentIndex
Running de.ids_mannheim.korap.index.TestIndex
Tests run: 3, Failures: 0, Errors: 0, Skipped: 0, Time elapsed: 0.038 sec - in de.ids_mannheim.korap.index.TestIndex
Running de.ids_mannheim.korap.index.TestReferenceIndex
Tests run: 4, Failures: 0, Errors: 0, Skipped: 0, Time elapsed: 0.029 sec - in de.ids_mannheim.korap.index.TestReferenceIndex
Running de.ids_mannheim.korap.index.TestDistanceIndex
Tests run: 7, Failures: 0, Errors: 0, Skipped: 0, Time elapsed: 0.035 sec - in de.ids_mannheim.korap.index.TestDistanceIndex
Running de.ids_mannheim.korap.index.TestRegexWildcardIndex
Tests run: 5, Failures: 0, Errors: 0, Skipped: 0, Time elapsed: 0.043 sec - in de.ids_mannheim.korap.index.TestRegexWildcardIndex
Running de.ids_mannheim.korap.index.TestFieldDocument
Tests run: 11, Failures: 0, Errors: 0, Skipped: 0, Time elapsed: 1.558 sec - in de.ids_mannheim.korap.index.TestFieldDocument
Running de.ids_mannheim.korap.index.TestTermInfo
Tests run: 1, Failures: 0, Errors: 0, Skipped: 0, Time elapsed: 0 sec - in de.ids_mannheim.korap.index.TestTermInfo
Running de.ids_mannheim.korap.index.TestKeywordAnalyzer
Tests run: 1, Failures: 0, Errors: 0, Skipped: 0, Time elapsed: 0 sec - in de.ids_mannheim.korap.index.TestKeywordAnalyzer
Running de.ids_mannheim.korap.index.TestAttributeIndex
Tests run: 9, Failures: 0, Errors: 0, Skipped: 0, Time elapsed: 0.047 sec - in de.ids_mannheim.korap.index.TestAttributeIndex
Running de.ids_mannheim.korap.index.TestFocusIndex
Tests run: 3, Failures: 0, Errors: 0, Skipped: 0, Time elapsed: 0.019 sec - in de.ids_mannheim.korap.index.TestFocusIndex
Running de.ids_mannheim.korap.index.TestRelationIndex
Tests run: 16, Failures: 0, Errors: 0, Skipped: 0, Time elapsed: 0.097 sec - in de.ids_mannheim.korap.index.TestRelationIndex
Running de.ids_mannheim.korap.index.TestWithinIndex
Tests run: 18, Failures: 0, Errors: 0, Skipped: 0, Time elapsed: 0.303 sec - in de.ids_mannheim.korap.index.TestWithinIndex
Running de.ids_mannheim.korap.index.TestRepetitionIndex
Tests run: 10, Failures: 0, Errors: 0, Skipped: 0, Time elapsed: 0.126 sec - in de.ids_mannheim.korap.index.TestRepetitionIndex
Running de.ids_mannheim.korap.index.TestElementDistanceIndex
Tests run: 8, Failures: 0, Errors: 0, Skipped: 0, Time elapsed: 0.191 sec - in de.ids_mannheim.korap.index.TestElementDistanceIndex
Running de.ids_mannheim.korap.index.TestUnorderedElementDistanceIndex
Tests run: 7, Failures: 0, Errors: 0, Skipped: 0, Time elapsed: 0.02 sec - in de.ids_mannheim.korap.index.TestUnorderedElementDistanceIndex
Running de.ids_mannheim.korap.index.TestUnorderedDistanceIndex
Tests run: 8, Failures: 0, Errors: 0, Skipped: 0, Time elapsed: 0.031 sec - in de.ids_mannheim.korap.index.TestUnorderedDistanceIndex
Running de.ids_mannheim.korap.index.TestDistanceExclusionIndex
Tests run: 6, Failures: 0, Errors: 0, Skipped: 0, Time elapsed: 0.016 sec - in de.ids_mannheim.korap.index.TestDistanceExclusionIndex
Running de.ids_mannheim.korap.index.TestKrillDocument
Tests run: 1, Failures: 0, Errors: 0, Skipped: 0, Time elapsed: 0 sec - in de.ids_mannheim.korap.index.TestKrillDocument
Running de.ids_mannheim.korap.index.TestMatchIndex
Tests run: 6, Failures: 0, Errors: 0, Skipped: 0, Time elapsed: 0.025 sec - in de.ids_mannheim.korap.index.TestMatchIndex
Running de.ids_mannheim.korap.index.TestElementIndex
Tests run: 6, Failures: 0, Errors: 0, Skipped: 0, Time elapsed: 0.021 sec - in de.ids_mannheim.korap.index.TestElementIndex
Running de.ids_mannheim.korap.index.TestSpanExpansionIndex
Tests run: 20, Failures: 0, Errors: 0, Skipped: 0, Time elapsed: 2.291 sec - in de.ids_mannheim.korap.index.TestSpanExpansionIndex
Running de.ids_mannheim.korap.index.TestIndexRevision
Tests run: 2, Failures: 0, Errors: 0, Skipped: 0, Time elapsed: 0.723 sec - in de.ids_mannheim.korap.index.TestIndexRevision
Running de.ids_mannheim.korap.index.TestClassFilterIndex
Tests run: 6, Failures: 0, Errors: 0, Skipped: 0, Time elapsed: 0.042 sec - in de.ids_mannheim.korap.index.TestClassFilterIndex
Running de.ids_mannheim.korap.server.TestResource
Tests run: 4, Failures: 0, Errors: 0, Skipped: 0, Time elapsed: 2.481 sec - in de.ids_mannheim.korap.server.TestResource
Running de.ids_mannheim.korap.server.TestDatabase
Tests run: 4, Failures: 0, Errors: 0, Skipped: 0, Time elapsed: 0.225 sec - in de.ids_mannheim.korap.server.TestDatabase
Running de.ids_mannheim.korap.query.TestSpanReferenceQueryJSON
Tests run: 4, Failures: 0, Errors: 0, Skipped: 0, Time elapsed: 0.003 sec - in de.ids_mannheim.korap.query.TestSpanReferenceQueryJSON
Running de.ids_mannheim.korap.query.TestFrameConstraint
Tests run: 5, Failures: 0, Errors: 0, Skipped: 0, Time elapsed: 0 sec - in de.ids_mannheim.korap.query.TestFrameConstraint
Running de.ids_mannheim.korap.query.TestSpanSequenceQuery
Tests run: 2, Failures: 0, Errors: 0, Skipped: 0, Time elapsed: 0 sec - in de.ids_mannheim.korap.query.TestSpanSequenceQuery
Running de.ids_mannheim.korap.query.TestSpanAlterQuery
Tests run: 5, Failures: 0, Errors: 0, Skipped: 0, Time elapsed: 0 sec - in de.ids_mannheim.korap.query.TestSpanAlterQuery
Running de.ids_mannheim.korap.query.TestSpanWithinQueryJSON
Tests run: 1, Failures: 0, Errors: 0, Skipped: 0, Time elapsed: 0.005 sec - in de.ids_mannheim.korap.query.TestSpanWithinQueryJSON
Running de.ids_mannheim.korap.query.TestSpanRelationQueryJSON
Tests run: 20, Failures: 0, Errors: 0, Skipped: 0, Time elapsed: 0.01 sec - in de.ids_mannheim.korap.query.TestSpanRelationQueryJSON
Running de.ids_mannheim.korap.query.TestSpanElementQuery
Tests run: 3, Failures: 0, Errors: 0, Skipped: 0, Time elapsed: 0 sec - in de.ids_mannheim.korap.query.TestSpanElementQuery
Running de.ids_mannheim.korap.query.TestKrillQuery
Tests run: 32, Failures: 0, Errors: 0, Skipped: 0, Time elapsed: 0.006 sec - in de.ids_mannheim.korap.query.TestKrillQuery
Running de.ids_mannheim.korap.query.TestSpanSegmentQuery
Tests run: 5, Failures: 0, Errors: 0, Skipped: 0, Time elapsed: 0.002 sec - in de.ids_mannheim.korap.query.TestSpanSegmentQuery
Running de.ids_mannheim.korap.query.TestSpanSequenceQueryJSON
Tests run: 39, Failures: 0, Errors: 0, Skipped: 0, Time elapsed: 0.017 sec - in de.ids_mannheim.korap.query.TestSpanSequenceQueryJSON
Running de.ids_mannheim.korap.query.TestKrillQueryJSON
Tests run: 59, Failures: 0, Errors: 0, Skipped: 0, Time elapsed: 0.029 sec - in de.ids_mannheim.korap.query.TestKrillQueryJSON
Running de.ids_mannheim.korap.query.TestSpanSegmentAlterQuery
Tests run: 5, Failures: 0, Errors: 0, Skipped: 0, Time elapsed: 0 sec - in de.ids_mannheim.korap.query.TestSpanSegmentAlterQuery
Running de.ids_mannheim.korap.query.TestTemporaryQueryLimitations
Tests run: 1, Failures: 0, Errors: 0, Skipped: 0, Time elapsed: 0.006 sec - in de.ids_mannheim.korap.query.TestTemporaryQueryLimitations
Running de.ids_mannheim.korap.query.TestSpanSubspanQueryJSON
Tests run: 19, Failures: 0, Errors: 0, Skipped: 0, Time elapsed: 0.009 sec - in de.ids_mannheim.korap.query.TestSpanSubspanQueryJSON
Running de.ids_mannheim.korap.query.TestSpanSegmentSequenceQuery
Tests run: 6, Failures: 0, Errors: 0, Skipped: 0, Time elapsed: 0.001 sec - in de.ids_mannheim.korap.query.TestSpanSegmentSequenceQuery
Running de.ids_mannheim.korap.query.TestSpanWithAttributeJSON
Tests run: 8, Failures: 0, Errors: 0, Skipped: 0, Time elapsed: 0.003 sec - in de.ids_mannheim.korap.query.TestSpanWithAttributeJSON
Running de.ids_mannheim.korap.query.TestSpanWithinQuery
Tests run: 3, Failures: 0, Errors: 0, Skipped: 0, Time elapsed: 0.001 sec - in de.ids_mannheim.korap.query.TestSpanWithinQuery
Running de.ids_mannheim.korap.cache.TestCache
Tests run: 1, Failures: 0, Errors: 0, Skipped: 0, Time elapsed: 0.002 sec - in de.ids_mannheim.korap.cache.TestCache
Running de.ids_mannheim.korap.util.TestKrillString
Tests run: 2, Failures: 0, Errors: 0, Skipped: 0, Time elapsed: 0.001 sec - in de.ids_mannheim.korap.util.TestKrillString
Running de.ids_mannheim.korap.util.TestKrillArray
Tests run: 4, Failures: 0, Errors: 0, Skipped: 0, Time elapsed: 0.001 sec - in de.ids_mannheim.korap.util.TestKrillArray
Running de.ids_mannheim.korap.util.TestKrillDate
Tests run: 8, Failures: 0, Errors: 0, Skipped: 0, Time elapsed: 0.001 sec - in de.ids_mannheim.korap.util.TestKrillDate
Running de.ids_mannheim.korap.util.TestKrillByte
Tests run: 1, Failures: 0, Errors: 0, Skipped: 0, Time elapsed: 0 sec - in de.ids_mannheim.korap.util.TestKrillByte
Running de.ids_mannheim.korap.collection.TestDocBits
Tests run: 1, Failures: 0, Errors: 0, Skipped: 0, Time elapsed: 0.008 sec - in de.ids_mannheim.korap.collection.TestDocBits
Running de.ids_mannheim.korap.collection.TestKrillCollectionJSON
Tests run: 22, Failures: 0, Errors: 0, Skipped: 0, Time elapsed: 0.347 sec - in de.ids_mannheim.korap.collection.TestKrillCollectionJSON
Running de.ids_mannheim.korap.collection.TestCollectionBuilder
Tests run: 24, Failures: 0, Errors: 0, Skipped: 0, Time elapsed: 0.007 sec - in de.ids_mannheim.korap.collection.TestCollectionBuilder
Running de.ids_mannheim.korap.collection.TestKrillCollectionIndex
Tests run: 24, Failures: 0, Errors: 0, Skipped: 3, Time elapsed: 2.48 sec - in de.ids_mannheim.korap.collection.TestKrillCollectionIndex
Running de.ids_mannheim.korap.collection.TestCollectionCache
Tests run: 1, Failures: 0, Errors: 0, Skipped: 0, Time elapsed: 0 sec - in de.ids_mannheim.korap.collection.TestCollectionCache
Running de.ids_mannheim.korap.search.TestResult
Tests run: 4, Failures: 0, Errors: 0, Skipped: 0, Time elapsed: 0.019 sec - in de.ids_mannheim.korap.search.TestResult
Running de.ids_mannheim.korap.search.TestMetaFields
Tests run: 6, Failures: 0, Errors: 0, Skipped: 0, Time elapsed: 0.853 sec - in de.ids_mannheim.korap.search.TestMetaFields
Running de.ids_mannheim.korap.search.TestKrill
Tests run: 33, Failures: 0, Errors: 0, Skipped: 0, Time elapsed: 8.89 sec - in de.ids_mannheim.korap.search.TestKrill

Results :

Tests run: 639, Failures: 0, Errors: 0, Skipped: 3

[INFO] 
[INFO] --- jacoco-maven-plugin:0.8.5:report (report) @ Krill ---
[INFO] Loading execution data file /tmp/tmprifh7gk7/Krill/target/jacoco.exec
[INFO] Analyzed bundle 'Krill' with 154 classes
[INFO] ------------------------------------------------------------------------
[INFO] BUILD SUCCESS
[INFO] ------------------------------------------------------------------------
[INFO] Total time:  01:20 min
[INFO] Finished at: 2020-07-30T20:58:04Z
[INFO] ------------------------------------------------------------------------
