[INFO] Error stacktraces are turned on.
[INFO] Scanning for projects...
[INFO] ------------------------------------------------------------------------
[INFO] Detecting the operating system and CPU architecture
[INFO] ------------------------------------------------------------------------
[INFO] os.detected.name: linux
[INFO] os.detected.arch: x86_64
[INFO] os.detected.version: 4.15
[INFO] os.detected.version.major: 4
[INFO] os.detected.version.minor: 15
[INFO] os.detected.release: debian
[INFO] os.detected.release.version: 10
[INFO] os.detected.release.like.debian: true
[INFO] os.detected.classifier: linux-x86_64
[INFO] 
[INFO] --------------< systems.composable:dropwizard-cassandra >---------------
[INFO] Building dropwizard-cassandra 4.1.1-SNAPSHOT
[INFO] --------------------------------[ jar ]---------------------------------
[INFO] 
[INFO] --- maven-enforcer-plugin:1.4.1:enforce (enforce) @ dropwizard-cassandra ---
[INFO] 
[INFO] --- jacoco-maven-plugin:0.8.5:prepare-agent (default) @ dropwizard-cassandra ---
[INFO] argLine set to -javaagent:/home/jdbl/.m2/repository/org/jacoco/org.jacoco.agent/0.8.5/org.jacoco.agent-0.8.5-runtime.jar=destfile=/tmp/tmpgp_pvcb_/dropwizard-cassandra/target/jacoco.exec
[INFO] 
[INFO] --- maven-resources-plugin:2.6:resources (default-resources) @ dropwizard-cassandra ---
[INFO] Using 'UTF-8' encoding to copy filtered resources.
[INFO] Copying 8 resources
[INFO] 
[INFO] --- maven-compiler-plugin:3.5.1:compile (default-compile) @ dropwizard-cassandra ---
[INFO] Changes detected - recompiling the module!
[INFO] Compiling 34 source files to /tmp/tmpgp_pvcb_/dropwizard-cassandra/target/classes
[INFO] 
[INFO] --- maven-resources-plugin:2.6:testResources (default-testResources) @ dropwizard-cassandra ---
[INFO] Using 'UTF-8' encoding to copy filtered resources.
[INFO] Copying 25 resources
[INFO] 
[INFO] --- maven-compiler-plugin:3.5.1:testCompile (default-testCompile) @ dropwizard-cassandra ---
[INFO] Changes detected - recompiling the module!
[INFO] Compiling 35 source files to /tmp/tmpgp_pvcb_/dropwizard-cassandra/target/test-classes
[INFO] /tmp/tmpgp_pvcb_/dropwizard-cassandra/src/test/java/systems/composable/dropwizard/cassandra/CassandraHealthCheckIntegrationTest.java: /tmp/tmpgp_pvcb_/dropwizard-cassandra/src/test/java/systems/composable/dropwizard/cassandra/CassandraHealthCheckIntegrationTest.java uses unchecked or unsafe operations.
[INFO] /tmp/tmpgp_pvcb_/dropwizard-cassandra/src/test/java/systems/composable/dropwizard/cassandra/CassandraHealthCheckIntegrationTest.java: Recompile with -Xlint:unchecked for details.
[INFO] 
[INFO] --- maven-surefire-plugin:2.19.1:test (default-test) @ dropwizard-cassandra ---
[INFO] Surefire report directory: /tmp/tmpgp_pvcb_/dropwizard-cassandra/target/surefire-reports

-------------------------------------------------------
 T E S T S
-------------------------------------------------------
Running systems.composable.dropwizard.cassandra.CassandraFactoryTest
Tests run: 5, Failures: 0, Errors: 0, Skipped: 0, Time elapsed: 2.227 sec - in systems.composable.dropwizard.cassandra.CassandraFactoryTest
Running systems.composable.dropwizard.cassandra.retry.DefaultRetryPolicyFactoryTest
Tests run: 1, Failures: 0, Errors: 0, Skipped: 0, Time elapsed: 0.021 sec - in systems.composable.dropwizard.cassandra.retry.DefaultRetryPolicyFactoryTest
Running systems.composable.dropwizard.cassandra.retry.FallthroughRetryPolicyFactoryTest
Tests run: 1, Failures: 0, Errors: 0, Skipped: 0, Time elapsed: 0 sec - in systems.composable.dropwizard.cassandra.retry.FallthroughRetryPolicyFactoryTest
Running systems.composable.dropwizard.cassandra.retry.DowngradingConsistencyRetryPolicyFactoryTest
Tests run: 1, Failures: 0, Errors: 0, Skipped: 0, Time elapsed: 0.001 sec - in systems.composable.dropwizard.cassandra.retry.DowngradingConsistencyRetryPolicyFactoryTest
Running systems.composable.dropwizard.cassandra.retry.LoggingRetryPolicyFactoryTest
Tests run: 1, Failures: 0, Errors: 0, Skipped: 0, Time elapsed: 0.077 sec - in systems.composable.dropwizard.cassandra.retry.LoggingRetryPolicyFactoryTest
Running systems.composable.dropwizard.cassandra.CassandraMetricSetTest
Tests run: 1, Failures: 0, Errors: 0, Skipped: 0, Time elapsed: 0.038 sec - in systems.composable.dropwizard.cassandra.CassandraMetricSetTest
Running systems.composable.dropwizard.cassandra.loadbalancing.ErrorAwarePolicyFactoryTest
Tests run: 1, Failures: 0, Errors: 0, Skipped: 0, Time elapsed: 0.015 sec - in systems.composable.dropwizard.cassandra.loadbalancing.ErrorAwarePolicyFactoryTest
Running systems.composable.dropwizard.cassandra.loadbalancing.DCAwareRoundRobinPolicyFactoryTest
Tests run: 2, Failures: 0, Errors: 0, Skipped: 0, Time elapsed: 0.009 sec - in systems.composable.dropwizard.cassandra.loadbalancing.DCAwareRoundRobinPolicyFactoryTest
Running systems.composable.dropwizard.cassandra.loadbalancing.WhiteListPolicyFactoryTest
Tests run: 1, Failures: 0, Errors: 0, Skipped: 0, Time elapsed: 0.007 sec - in systems.composable.dropwizard.cassandra.loadbalancing.WhiteListPolicyFactoryTest
Running systems.composable.dropwizard.cassandra.loadbalancing.TokenAwarePolicyFactoryTest
Tests run: 1, Failures: 0, Errors: 0, Skipped: 0, Time elapsed: 0.003 sec - in systems.composable.dropwizard.cassandra.loadbalancing.TokenAwarePolicyFactoryTest
Running systems.composable.dropwizard.cassandra.loadbalancing.LatencyAwarePolicyFactoryTest
Tests run: 2, Failures: 0, Errors: 0, Skipped: 0, Time elapsed: 0.667 sec - in systems.composable.dropwizard.cassandra.loadbalancing.LatencyAwarePolicyFactoryTest
Running systems.composable.dropwizard.cassandra.loadbalancing.RoundRobinPolicyFactoryTest
Tests run: 1, Failures: 0, Errors: 0, Skipped: 0, Time elapsed: 0 sec - in systems.composable.dropwizard.cassandra.loadbalancing.RoundRobinPolicyFactoryTest
Running systems.composable.dropwizard.cassandra.CassandraManagerTest
08:59:49.587 [main] WARN  s.c.d.cassandra.CassandraManager - Cassandra cluster did not close in 5 seconds. Forcing it now.
Tests run: 2, Failures: 0, Errors: 0, Skipped: 0, Time elapsed: 0.018 sec - in systems.composable.dropwizard.cassandra.CassandraManagerTest
Running systems.composable.dropwizard.cassandra.pooling.PoolingOptionsFactoryTest
Tests run: 2, Failures: 0, Errors: 0, Skipped: 0, Time elapsed: 0.004 sec - in systems.composable.dropwizard.cassandra.pooling.PoolingOptionsFactoryTest
Running systems.composable.dropwizard.cassandra.reconnection.ConstantReconnectionPolicyFactoryTest
Tests run: 1, Failures: 0, Errors: 0, Skipped: 0, Time elapsed: 0.001 sec - in systems.composable.dropwizard.cassandra.reconnection.ConstantReconnectionPolicyFactoryTest
Running systems.composable.dropwizard.cassandra.reconnection.ExponentialReconnectionPolicyFactoryTest
Tests run: 1, Failures: 0, Errors: 0, Skipped: 0, Time elapsed: 0 sec - in systems.composable.dropwizard.cassandra.reconnection.ExponentialReconnectionPolicyFactoryTest
Running systems.composable.dropwizard.cassandra.ssl.NettySSLOptionsFactoryTest
Tests run: 1, Failures: 0, Errors: 0, Skipped: 0, Time elapsed: 0.148 sec - in systems.composable.dropwizard.cassandra.ssl.NettySSLOptionsFactoryTest
Running systems.composable.dropwizard.cassandra.ssl.JDKSSLOptionsFactoryTest
Tests run: 1, Failures: 0, Errors: 0, Skipped: 0, Time elapsed: 0.001 sec - in systems.composable.dropwizard.cassandra.ssl.JDKSSLOptionsFactoryTest
Running systems.composable.dropwizard.cassandra.speculativeexecution.NoSpeculativeExecutionPolicyFactoryTest
Tests run: 1, Failures: 0, Errors: 0, Skipped: 0, Time elapsed: 0 sec - in systems.composable.dropwizard.cassandra.speculativeexecution.NoSpeculativeExecutionPolicyFactoryTest
Running systems.composable.dropwizard.cassandra.speculativeexecution.ConstantSpeculativeExecutionPolicyFactoryTest
Tests run: 1, Failures: 0, Errors: 0, Skipped: 0, Time elapsed: 0 sec - in systems.composable.dropwizard.cassandra.speculativeexecution.ConstantSpeculativeExecutionPolicyFactoryTest
Running systems.composable.dropwizard.cassandra.network.EC2MultiRegionAddressTranslatorFactoryTest
Tests run: 1, Failures: 0, Errors: 0, Skipped: 0, Time elapsed: 0.048 sec - in systems.composable.dropwizard.cassandra.network.EC2MultiRegionAddressTranslatorFactoryTest
Running systems.composable.dropwizard.cassandra.CassandraHealthCheckTest
Tests run: 2, Failures: 0, Errors: 0, Skipped: 0, Time elapsed: 0.019 sec - in systems.composable.dropwizard.cassandra.CassandraHealthCheckTest

Results :

Tests run: 31, Failures: 0, Errors: 0, Skipped: 0

[INFO] 
[INFO] --- jacoco-maven-plugin:0.8.5:report (report) @ dropwizard-cassandra ---
[INFO] Loading execution data file /tmp/tmpgp_pvcb_/dropwizard-cassandra/target/jacoco.exec
[INFO] Analyzed bundle 'dropwizard-cassandra' with 985 classes
[INFO] ------------------------------------------------------------------------
[INFO] BUILD SUCCESS
[INFO] ------------------------------------------------------------------------
[INFO] Total time:  37.517 s
[INFO] Finished at: 2020-07-31T08:59:51Z
[INFO] ------------------------------------------------------------------------
