[INFO] Error stacktraces are turned on.
[INFO] Scanning for projects...
[INFO] 
[INFO] --------------------< com.ebay.bsonpatch:bsonpatch >--------------------
[INFO] Building com.ebay.bsonpatch:bsonpatch 0.4.9
[INFO] --------------------------------[ jar ]---------------------------------
[INFO] 
[INFO] --- jacoco-maven-plugin:0.8.5:prepare-agent (default) @ bsonpatch ---
[INFO] argLine set to -javaagent:/home/jdbl/.m2/repository/org/jacoco/org.jacoco.agent/0.8.5/org.jacoco.agent-0.8.5-runtime.jar=destfile=/tmp/tmpt35gcybx/bsonpatch/target/jacoco.exec
[INFO] 
[INFO] --- maven-resources-plugin:2.6:resources (default-resources) @ bsonpatch ---
[INFO] Using 'UTF-8' encoding to copy filtered resources.
[INFO] skip non existing resourceDirectory /tmp/tmpt35gcybx/bsonpatch/src/main/resources
[INFO] 
[INFO] --- maven-compiler-plugin:3.8.1:compile (default-compile) @ bsonpatch ---
[INFO] Changes detected - recompiling the module!
[INFO] Compiling 16 source files to /tmp/tmpt35gcybx/bsonpatch/target/classes
[INFO] 
[INFO] --- maven-resources-plugin:2.6:testResources (default-testResources) @ bsonpatch ---
[INFO] Using 'UTF-8' encoding to copy filtered resources.
[INFO] Copying 19 resources
[INFO] 
[INFO] --- maven-compiler-plugin:3.8.1:testCompile (default-testCompile) @ bsonpatch ---
[INFO] Changes detected - recompiling the module!
[INFO] Compiling 19 source files to /tmp/tmpt35gcybx/bsonpatch/target/test-classes
[INFO] 
[INFO] --- maven-surefire-plugin:2.19.1:test (default-test) @ bsonpatch ---
[INFO] Surefire report directory: /tmp/tmpt35gcybx/bsonpatch/target/surefire-reports

-------------------------------------------------------
 T E S T S
-------------------------------------------------------
Running com.ebay.bsonpatch.ApiTest
Tests run: 10, Failures: 0, Errors: 0, Skipped: 0, Time elapsed: 0.168 sec - in com.ebay.bsonpatch.ApiTest
Running com.ebay.bsonpatch.ReplaceOperationTest
Tests run: 7, Failures: 0, Errors: 0, Skipped: 0, Time elapsed: 0.065 sec - in com.ebay.bsonpatch.ReplaceOperationTest
Running com.ebay.bsonpatch.JsonDiffTest
Tests run: 6, Failures: 0, Errors: 0, Skipped: 0, Time elapsed: 0.651 sec - in com.ebay.bsonpatch.JsonDiffTest
Running com.ebay.bsonpatch.TestNodesEmissionTest
Tests run: 6, Failures: 0, Errors: 0, Skipped: 0, Time elapsed: 0.006 sec - in com.ebay.bsonpatch.TestNodesEmissionTest
Running com.ebay.bsonpatch.Rfc6902SamplesTest
Tests run: 11, Failures: 0, Errors: 0, Skipped: 0, Time elapsed: 0.016 sec - in com.ebay.bsonpatch.Rfc6902SamplesTest
Running com.ebay.bsonpatch.JsonPointerTest
Tests run: 18, Failures: 0, Errors: 0, Skipped: 0, Time elapsed: 0.018 sec - in com.ebay.bsonpatch.JsonPointerTest
Running com.ebay.bsonpatch.AddOperationTest
Tests run: 8, Failures: 0, Errors: 0, Skipped: 0, Time elapsed: 0.006 sec - in com.ebay.bsonpatch.AddOperationTest
Running com.ebay.bsonpatch.RemoveOperationTest
Tests run: 5, Failures: 0, Errors: 0, Skipped: 0, Time elapsed: 0.007 sec - in com.ebay.bsonpatch.RemoveOperationTest
Running com.ebay.bsonpatch.CompatibilityTest
Tests run: 6, Failures: 0, Errors: 0, Skipped: 0, Time elapsed: 0.007 sec - in com.ebay.bsonpatch.CompatibilityTest
Running com.ebay.bsonpatch.JsLibSamplesTest
Tests run: 61, Failures: 0, Errors: 0, Skipped: 0, Time elapsed: 0.037 sec - in com.ebay.bsonpatch.JsLibSamplesTest
Running com.ebay.bsonpatch.CopyOperationTest
Tests run: 5, Failures: 0, Errors: 0, Skipped: 0, Time elapsed: 0 sec - in com.ebay.bsonpatch.CopyOperationTest
Running com.ebay.bsonpatch.MoveOperationTest
Tests run: 27, Failures: 0, Errors: 0, Skipped: 0, Time elapsed: 0.016 sec - in com.ebay.bsonpatch.MoveOperationTest
Running com.ebay.bsonpatch.TestOperationTest
Tests run: 8, Failures: 0, Errors: 0, Skipped: 0, Time elapsed: 0.014 sec - in com.ebay.bsonpatch.TestOperationTest

Results :

Tests run: 178, Failures: 0, Errors: 0, Skipped: 0

[INFO] 
[INFO] --- jacoco-maven-plugin:0.8.5:report (report) @ bsonpatch ---
[INFO] Loading execution data file /tmp/tmpt35gcybx/bsonpatch/target/jacoco.exec
[INFO] Analyzed bundle 'com.ebay.bsonpatch:bsonpatch' with 136 classes
[INFO] ------------------------------------------------------------------------
[INFO] BUILD SUCCESS
[INFO] ------------------------------------------------------------------------
[INFO] Total time:  11.050 s
[INFO] Finished at: 2020-07-30T20:28:54Z
[INFO] ------------------------------------------------------------------------
