[INFO] Error stacktraces are turned on.
[INFO] Scanning for projects...
[INFO] 
[INFO] ------------------------< org.joda:joda-beans >-------------------------
[INFO] Building Joda-Beans 2.8.1-SNAPSHOT
[INFO] --------------------------------[ jar ]---------------------------------
[INFO] 
[INFO] --- maven-enforcer-plugin:3.0.0-M1:enforce (enforce-maven) @ joda-beans ---
[INFO] 
[INFO] --- jacoco-maven-plugin:0.8.5:prepare-agent (jacoco-initialize) @ joda-beans ---
[INFO] argLine set to -javaagent:/home/jdbl/.m2/repository/org/jacoco/org.jacoco.agent/0.8.5/org.jacoco.agent-0.8.5-runtime.jar=destfile=/tmp/tmp0hjbmbcv/joda-beans/target/jacoco.exec
[INFO] 
[INFO] --- jacoco-maven-plugin:0.8.5:prepare-agent (default) @ joda-beans ---
[INFO] argLine set to -javaagent:/home/jdbl/.m2/repository/org/jacoco/org.jacoco.agent/0.8.5/org.jacoco.agent-0.8.5-runtime.jar=destfile=/tmp/tmp0hjbmbcv/joda-beans/target/jacoco.exec
[INFO] 
[INFO] --- maven-checkstyle-plugin:2.17:checkstyle (run-checkstyle) @ joda-beans ---
[INFO] There is 1 error reported by Checkstyle 8.14 with src/main/checkstyle/checkstyle.xml ruleset.
[INFO] 
[INFO] --- maven-resources-plugin:3.1.0:resources (default-resources) @ joda-beans ---
[INFO] Using 'UTF-8' encoding to copy filtered resources.
[INFO] Copying 2 resources
[INFO] Copying 2 resources to META-INF
[INFO] 
[INFO] --- maven-compiler-plugin:3.8.1:compile (default-compile) @ joda-beans ---
[INFO] Changes detected - recompiling the module!
[INFO] Compiling 131 source files to /tmp/tmp0hjbmbcv/joda-beans/target/classes
[INFO] 
[INFO] --- maven-bundle-plugin:4.2.0:manifest (bundle-manifest) @ joda-beans ---
[WARNING] Manifest org.joda:joda-beans:jar:2.8.1-SNAPSHOT : Export org.joda.beans,  has 1,  private references [org.joda.convert]
[WARNING] Manifest org.joda:joda-beans:jar:2.8.1-SNAPSHOT : Export org.joda.beans.ser,  has 1,  private references [org.joda.convert]
[INFO] 
[INFO] --- maven-resources-plugin:3.1.0:testResources (default-testResources) @ joda-beans ---
[INFO] Using 'UTF-8' encoding to copy filtered resources.
[INFO] Copying 9 resources
[INFO] 
[INFO] --- maven-compiler-plugin:3.8.1:testCompile (default-testCompile) @ joda-beans ---
[INFO] Changes detected - recompiling the module!
[INFO] Compiling 191 source files to /tmp/tmp0hjbmbcv/joda-beans/target/test-classes
[INFO] 
[INFO] --- maven-surefire-plugin:2.19.1:test (default-test) @ joda-beans ---
[INFO] Surefire report directory: /tmp/tmp0hjbmbcv/joda-beans/target/surefire-reports

-------------------------------------------------------
 T E S T S
-------------------------------------------------------
Running org.joda.beans.TestRWOnlyBean
Tests run: 5, Failures: 0, Errors: 0, Skipped: 0, Time elapsed: 0.091 sec - in org.joda.beans.TestRWOnlyBean
Running org.joda.beans.TestJodaBeanUtils
Tests run: 63, Failures: 0, Errors: 0, Skipped: 0, Time elapsed: 0.539 sec - in org.joda.beans.TestJodaBeanUtils
Running org.joda.beans.TestPerson
Unknown property: Rubbish
Unknown property: Rubbish
Tests run: 15, Failures: 0, Errors: 0, Skipped: 0, Time elapsed: 0.019 sec - in org.joda.beans.TestPerson
Running org.joda.beans.TestAddress
Unknown property: Rubbish
Unknown property: Rubbish
Unknown property: Rubbish
Unknown property: Rubbish
Tests run: 14, Failures: 0, Errors: 0, Skipped: 0, Time elapsed: 0.008 sec - in org.joda.beans.TestAddress
Running org.joda.beans.TestCompanyAddress
Unknown property: Rubbish
Unknown property: Rubbish
Tests run: 14, Failures: 0, Errors: 0, Skipped: 0, Time elapsed: 0.03 sec - in org.joda.beans.TestCompanyAddress
Running org.joda.beans.TestMutableDerived
Tests run: 2, Failures: 0, Errors: 0, Skipped: 0, Time elapsed: 0.005 sec - in org.joda.beans.TestMutableDerived
Running org.joda.beans.TestArray
Tests run: 1, Failures: 0, Errors: 0, Skipped: 0, Time elapsed: 0.004 sec - in org.joda.beans.TestArray
Running org.joda.beans.TestMutableListBeans
Tests run: 4, Failures: 0, Errors: 0, Skipped: 0, Time elapsed: 0.019 sec - in org.joda.beans.TestMutableListBeans
Running org.joda.beans.ser.TestSerTypeMapper
Tests run: 9, Failures: 0, Errors: 0, Skipped: 0, Time elapsed: 0.102 sec - in org.joda.beans.ser.TestSerTypeMapper
Running org.joda.beans.ser.json.TestJsonOutput
Tests run: 78, Failures: 0, Errors: 0, Skipped: 0, Time elapsed: 0.135 sec - in org.joda.beans.ser.json.TestJsonOutput
Running org.joda.beans.ser.json.TestJsonInput
Tests run: 321, Failures: 0, Errors: 0, Skipped: 0, Time elapsed: 0.303 sec - in org.joda.beans.ser.json.TestJsonInput
Running org.joda.beans.ser.json.TestSerializeJson
Tests run: 65, Failures: 0, Errors: 0, Skipped: 0, Time elapsed: 0.734 sec - in org.joda.beans.ser.json.TestSerializeJson
Running org.joda.beans.ser.json.TestSerializeJsonSimple
Tests run: 27, Failures: 0, Errors: 0, Skipped: 0, Time elapsed: 0.092 sec - in org.joda.beans.ser.json.TestSerializeJsonSimple
Running org.joda.beans.ser.map.TestSerializeSimpleMap
Tests run: 14, Failures: 0, Errors: 0, Skipped: 0, Time elapsed: 0.027 sec - in org.joda.beans.ser.map.TestSerializeSimpleMap
Running org.joda.beans.ser.TestSerializeSmartReader
Tests run: 33, Failures: 0, Errors: 0, Skipped: 0, Time elapsed: 0.465 sec - in org.joda.beans.ser.TestSerializeSmartReader
Running org.joda.beans.ser.bin.TestSerializeReferencingBin
Tests run: 20, Failures: 0, Errors: 0, Skipped: 0, Time elapsed: 0.068 sec - in org.joda.beans.ser.bin.TestSerializeReferencingBin
Running org.joda.beans.ser.bin.TestSerializeStandardBin
Tests run: 23, Failures: 0, Errors: 0, Skipped: 0, Time elapsed: 0.057 sec - in org.joda.beans.ser.bin.TestSerializeStandardBin
Running org.joda.beans.ser.TestSerDeserializerProvider
Tests run: 3, Failures: 0, Errors: 0, Skipped: 0, Time elapsed: 0.01 sec - in org.joda.beans.ser.TestSerDeserializerProvider
Running org.joda.beans.ser.xml.TestDeserializer
Tests run: 6, Failures: 0, Errors: 0, Skipped: 0, Time elapsed: 0.025 sec - in org.joda.beans.ser.xml.TestDeserializer
Running org.joda.beans.ser.xml.TestSerializeXml
Tests run: 26, Failures: 0, Errors: 0, Skipped: 0, Time elapsed: 0.079 sec - in org.joda.beans.ser.xml.TestSerializeXml
Running org.joda.beans.TestLight
Tests run: 4, Failures: 0, Errors: 0, Skipped: 0, Time elapsed: 0.155 sec - in org.joda.beans.TestLight
Running org.joda.beans.TestMetaInvoke
Tests run: 1, Failures: 0, Errors: 0, Skipped: 0, Time elapsed: 0.039 sec - in org.joda.beans.TestMetaInvoke
Running org.joda.beans.impl.flexi.TestFlexiBean
Tests run: 14, Failures: 0, Errors: 0, Skipped: 0, Time elapsed: 0.016 sec - in org.joda.beans.impl.flexi.TestFlexiBean
Running org.joda.beans.TestMinimal
Tests run: 4, Failures: 0, Errors: 0, Skipped: 0, Time elapsed: 0.019 sec - in org.joda.beans.TestMinimal
Running org.joda.beans.TestBeanIterator
Tests run: 7, Failures: 0, Errors: 0, Skipped: 0, Time elapsed: 0 sec - in org.joda.beans.TestBeanIterator
Running org.joda.beans.TestMapBean
Tests run: 4, Failures: 0, Errors: 0, Skipped: 0, Time elapsed: 0.002 sec - in org.joda.beans.TestMapBean
Running org.joda.beans.TestResult
Unknown property: Rubbish
Unknown property: Rubbish
Tests run: 8, Failures: 0, Errors: 0, Skipped: 0, Time elapsed: 0 sec - in org.joda.beans.TestResult
Running org.joda.beans.TestFinalFieldBean
Tests run: 5, Failures: 0, Errors: 0, Skipped: 0, Time elapsed: 0.004 sec - in org.joda.beans.TestFinalFieldBean
Running org.joda.beans.TestReflective
Tests run: 1, Failures: 0, Errors: 0, Skipped: 0, Time elapsed: 0 sec - in org.joda.beans.TestReflective
Running org.joda.beans.TestPropertyStyle
Tests run: 5, Failures: 0, Errors: 0, Skipped: 0, Time elapsed: 0.001 sec - in org.joda.beans.TestPropertyStyle
Running org.joda.beans.TestMetaBeans
Tests run: 1, Failures: 0, Errors: 0, Skipped: 0, Time elapsed: 0.005 sec - in org.joda.beans.TestMetaBeans
Running org.joda.beans.test.TestCoverage
Tests run: 3, Failures: 0, Errors: 0, Skipped: 0, Time elapsed: 0.089 sec - in org.joda.beans.test.TestCoverage
Running org.joda.beans.test.TestBeanAssert
Bean did not equal expected. Differences:
.forename: Content differs, expected String <Vince> but was <Bug1>
.surname: Content differs, expected String <Cable> but was <Bug2>
Bean did not equal expected. Differences:
.array: Double arrays differ by more than allowed tolerance, expected double[] <[0.015, 0.015]> but was <[0.015, 0.0153]>
Bean did not equal expected. Differences:
.value: Double values differ by more than allowed tolerance, expected Double <0.015> but was <0.0153>
Bean did not equal expected. Differences:
.forename: Content differs, expected String <Vince> but was <Bug1>
Bean did not equal expected. Differences:
.otherAddressMap[Home].city: Content differs, expected String <Skyton> but was <Bug>
.otherAddressMap[Home].owner: Expected null, but was Person <Person{forename=null, surname=null, numberOfCars=0, addre...>
Bean did not equal expected. Differences:
.value: Content differs, expected Double <0.015> but was <0.016>
Bean did not equal expected. Differences:
.addressList[0].number: Content differs, expected Integer <12> but was <234>
.mainAddress.city: Content differs, expected String <Gamesville> but was <Bug3>
Bean did not equal expected. Differences:
.array: Content differs, expected double[] <[0.015, 0.015]> but was <[0.015, 0.016]>
Bean did not equal expected. Differences:
.forename: Content differs, expected String <Vince> but was <Bug1>
.surname: Content differs, expected String <Cable> but was <Bug2>
Bean did not equal expected. Differences:
.addressList: List size differs, expected 1 but was 0
.otherAddressMap: Map size differs, expected 1 but was 2
Tests run: 16, Failures: 0, Errors: 0, Skipped: 0, Time elapsed: 0.016 sec - in org.joda.beans.test.TestBeanAssert
Running org.joda.beans.TestSubBean
Tests run: 1, Failures: 0, Errors: 0, Skipped: 0, Time elapsed: 0 sec - in org.joda.beans.TestSubBean
Running org.joda.beans.TestMetaBean
Tests run: 5, Failures: 0, Errors: 0, Skipped: 0, Time elapsed: 0.005 sec - in org.joda.beans.TestMetaBean
Running org.joda.beans.TestValidateBean
Tests run: 24, Failures: 0, Errors: 0, Skipped: 0, Time elapsed: 0.006 sec - in org.joda.beans.TestValidateBean
Running org.joda.beans.TestBasicBean
Tests run: 9, Failures: 0, Errors: 0, Skipped: 0, Time elapsed: 0.002 sec - in org.joda.beans.TestBasicBean
Running org.joda.beans.TestClone
Tests run: 2, Failures: 0, Errors: 0, Skipped: 0, Time elapsed: 0.006 sec - in org.joda.beans.TestClone
Running org.joda.beans.TestImmutable
Unknown property: Rubbish
Unknown property: Rubbish
Unknown property: Rubbish
Unknown property: Rubbish
Tests run: 10, Failures: 0, Errors: 0, Skipped: 0, Time elapsed: 0.01 sec - in org.joda.beans.TestImmutable
Running org.joda.beans.TestBeanCodeGenException
Tests run: 1, Failures: 0, Errors: 0, Skipped: 0, Time elapsed: 0.001 sec - in org.joda.beans.TestBeanCodeGenException
Running org.joda.beans.TestFlexiBean
Tests run: 8, Failures: 0, Errors: 0, Skipped: 0, Time elapsed: 0.01 sec - in org.joda.beans.TestFlexiBean
Running org.joda.beans.TestPair
Tests run: 2, Failures: 0, Errors: 0, Skipped: 0, Time elapsed: 0.001 sec - in org.joda.beans.TestPair
Running org.joda.beans.TestOptionalBean
Tests run: 3, Failures: 0, Errors: 0, Skipped: 0, Time elapsed: 0.002 sec - in org.joda.beans.TestOptionalBean

Results :

Tests run: 881, Failures: 0, Errors: 0, Skipped: 0

[INFO] 
[INFO] --- jacoco-maven-plugin:0.8.5:report (report) @ joda-beans ---
[INFO] Loading execution data file /tmp/tmp0hjbmbcv/joda-beans/target/jacoco.exec
[INFO] Analyzed bundle 'Joda-Beans' with 278 classes
[INFO] ------------------------------------------------------------------------
[INFO] BUILD SUCCESS
[INFO] ------------------------------------------------------------------------
[INFO] Total time:  47.626 s
[INFO] Finished at: 2020-07-30T15:23:14Z
[INFO] ------------------------------------------------------------------------
