[INFO] Error stacktraces are turned on.
[INFO] Scanning for projects...
[WARNING] The POM for org.jenkins-ci.tools:maven-hpi-plugin:jar:1.117 is missing, no dependency information available
[WARNING] Failed to build parent project for org.jenkins-ci.plugins:gogs-webhook:hpi:1.0.16-SNAPSHOT
[INFO] 
[INFO] ----------------< org.jenkins-ci.plugins:gogs-webhook >-----------------
[INFO] Building Jenkins Gogs plugin 1.0.16-SNAPSHOT
[INFO] --------------------------------[ hpi ]---------------------------------
[INFO] 
[INFO] --- maven-hpi-plugin:1.117:validate (default-validate) @ gogs-webhook ---
[INFO] 
[INFO] --- maven-enforcer-plugin:1.3.1:display-info (display-info) @ gogs-webhook ---
[INFO] Maven Version: 3.6.3
[INFO] JDK Version: 1.8.0_262 normalized as: 1.8.0-262
[INFO] OS Info: Arch: amd64 Family: unix Name: linux Version: 4.15.0-109-generic
[INFO] 
[INFO] --- maven-enforcer-plugin:1.3.1:enforce (display-info) @ gogs-webhook ---
[INFO] 
[INFO] --- jacoco-maven-plugin:0.8.5:prepare-agent (default) @ gogs-webhook ---
[INFO] argLine set to -javaagent:/home/jdbl/.m2/repository/org/jacoco/org.jacoco.agent/0.8.5/org.jacoco.agent-0.8.5-runtime.jar=destfile=/tmp/tmp4cqd09nr/gogs-webhook-plugin/target/jacoco.exec
[INFO] 
[INFO] --- maven-localizer-plugin:1.23:generate (default) @ gogs-webhook ---
[INFO] 
[INFO] >>> maven-javadoc-plugin:2.10.1:javadoc (default) > generate-sources @ gogs-webhook >>>
[INFO] 
[INFO] --- maven-hpi-plugin:1.117:validate (default-validate) @ gogs-webhook ---
[INFO] 
[INFO] --- maven-enforcer-plugin:1.3.1:display-info (display-info) @ gogs-webhook ---
[INFO] Maven Version: 3.6.3
[INFO] JDK Version: 1.8.0_262 normalized as: 1.8.0-262
[INFO] OS Info: Arch: amd64 Family: unix Name: linux Version: 4.15.0-109-generic
[INFO] 
[INFO] --- maven-enforcer-plugin:1.3.1:enforce (display-info) @ gogs-webhook ---
[INFO] 
[INFO] --- jacoco-maven-plugin:0.8.5:prepare-agent (default) @ gogs-webhook ---
[INFO] argLine set to -javaagent:/home/jdbl/.m2/repository/org/jacoco/org.jacoco.agent/0.8.5/org.jacoco.agent-0.8.5-runtime.jar=destfile=/tmp/tmp4cqd09nr/gogs-webhook-plugin/target/jacoco.exec
[INFO] 
[INFO] --- maven-localizer-plugin:1.23:generate (default) @ gogs-webhook ---
[INFO] 
[INFO] <<< maven-javadoc-plugin:2.10.1:javadoc (default) < generate-sources @ gogs-webhook <<<
[INFO] 
[INFO] 
[INFO] --- maven-javadoc-plugin:2.10.1:javadoc (default) @ gogs-webhook ---
[INFO] Skipping javadoc generation
[INFO] 
[INFO] --- maven-resources-plugin:2.7:resources (default-resources) @ gogs-webhook ---
[INFO] Using 'UTF-8' encoding to copy filtered resources.
[INFO] Copying 2 resources
[INFO] 
[INFO] --- maven-compiler-plugin:3.3:compile (default-compile) @ gogs-webhook ---
[INFO] Changes detected - recompiling the module!
[INFO] Compiling 9 source files to /tmp/tmp4cqd09nr/gogs-webhook-plugin/target/classes
[INFO] /tmp/tmp4cqd09nr/gogs-webhook-plugin/src/main/java/org/jenkinsci/plugins/gogs/GogsWebHook.java: /tmp/tmp4cqd09nr/gogs-webhook-plugin/src/main/java/org/jenkinsci/plugins/gogs/GogsWebHook.java uses unchecked or unsafe operations.
[INFO] /tmp/tmp4cqd09nr/gogs-webhook-plugin/src/main/java/org/jenkinsci/plugins/gogs/GogsWebHook.java: Recompile with -Xlint:unchecked for details.
[INFO] 
[INFO] --- access-modifier-checker:1.7:enforce (default-enforce) @ gogs-webhook ---
[INFO] 
[INFO] --- animal-sniffer-maven-plugin:1.14:check (check) @ gogs-webhook ---
[INFO] Signature checking is skipped.
[INFO] 
[INFO] --- maven-hpi-plugin:1.117:insert-test (default-insert-test) @ gogs-webhook ---
[INFO] 
[INFO] --- gmaven-plugin:1.5-jenkins-3:generateTestStubs (test-in-groovy) @ gogs-webhook ---
[INFO] No sources found for Java stub generation
[INFO] 
[INFO] --- maven-resources-plugin:2.7:testResources (default-testResources) @ gogs-webhook ---
[INFO] Using 'UTF-8' encoding to copy filtered resources.
[INFO] Copying 4 resources
[INFO] 
[INFO] --- maven-compiler-plugin:3.3:testCompile (default-testCompile) @ gogs-webhook ---
[INFO] Changes detected - recompiling the module!
[INFO] Compiling 7 source files to /tmp/tmp4cqd09nr/gogs-webhook-plugin/target/test-classes
[INFO] /tmp/tmp4cqd09nr/gogs-webhook-plugin/target/generated-test-sources/injected/InjectedTest.java: /tmp/tmp4cqd09nr/gogs-webhook-plugin/target/generated-test-sources/injected/InjectedTest.java uses unchecked or unsafe operations.
[INFO] /tmp/tmp4cqd09nr/gogs-webhook-plugin/target/generated-test-sources/injected/InjectedTest.java: Recompile with -Xlint:unchecked for details.
[INFO] 
[INFO] --- maven-hpi-plugin:1.117:test-hpl (default-test-hpl) @ gogs-webhook ---
[INFO] Generating /tmp/tmp4cqd09nr/gogs-webhook-plugin/target/test-classes/the.hpl
[INFO] 
[INFO] --- maven-hpi-plugin:1.117:resolve-test-dependencies (default-resolve-test-dependencies) @ gogs-webhook ---
[INFO] 
[INFO] --- gmaven-plugin:1.5-jenkins-3:testCompile (test-in-groovy) @ gogs-webhook ---
[INFO] No sources found to compile
[INFO] 
[INFO] --- maven-surefire-plugin:2.19.1:test (default-test) @ gogs-webhook ---
[INFO] Surefire report directory: /tmp/tmp4cqd09nr/gogs-webhook-plugin/target/surefire-reports

-------------------------------------------------------
 T E S T S
-------------------------------------------------------
Running InjectedTest
Running org.jenkinsci.plugins.gogs.GogsWebHookTest
Running org.jenkinsci.plugins.gogs.GogsWebHookJenkinsTest
Tests run: 9, Failures: 0, Errors: 0, Skipped: 0, Time elapsed: 1.403 sec - in org.jenkinsci.plugins.gogs.GogsWebHookTest
Running org.jenkinsci.plugins.gogs.GogsWebHookPluginsTest
Tests run: 1, Failures: 0, Errors: 0, Skipped: 0, Time elapsed: 36.099 sec - in org.jenkinsci.plugins.gogs.GogsWebHookPluginsTest
Tests run: 6, Failures: 0, Errors: 0, Skipped: 0, Time elapsed: 41.62 sec - in InjectedTest
Tests run: 3, Failures: 0, Errors: 0, Skipped: 0, Time elapsed: 52.515 sec - in org.jenkinsci.plugins.gogs.GogsWebHookJenkinsTest

Results :

Tests run: 19, Failures: 0, Errors: 0, Skipped: 0

[INFO] 
[INFO] --- jacoco-maven-plugin:0.8.5:report (report) @ gogs-webhook ---
[INFO] Skipping JaCoCo execution due to missing execution data file.
[INFO] ------------------------------------------------------------------------
[INFO] BUILD SUCCESS
[INFO] ------------------------------------------------------------------------
[INFO] Total time:  05:51 min
[INFO] Finished at: 2020-08-03T11:12:13Z
[INFO] ------------------------------------------------------------------------
