[INFO] Error stacktraces are turned on.
[INFO] Scanning for projects...
[INFO] 
[INFO] --------------------< thymeleafexamples:petclinic >---------------------
[INFO] Building petclinic 20140513
[INFO] --------------------------------[ war ]---------------------------------
[INFO] 
[INFO] --- jacoco-maven-plugin:0.8.5:prepare-agent (default) @ petclinic ---
[INFO] argLine set to -javaagent:/home/jdbl/.m2/repository/org/jacoco/org.jacoco.agent/0.8.5/org.jacoco.agent-0.8.5-runtime.jar=destfile=/tmp/tmpdzgbzd_e/thymeleafexamples-petclinic/target/jacoco.exec
[INFO] 
[INFO] --- maven-resources-plugin:2.6:resources (default-resources) @ petclinic ---
[INFO] Using 'UTF-8' encoding to copy filtered resources.
[INFO] Copying 18 resources
[INFO] 
[INFO] --- maven-compiler-plugin:3.0:compile (default-compile) @ petclinic ---
[INFO] Changes detected - recompiling the module!
[INFO] Compiling 44 source files to /tmp/tmpdzgbzd_e/thymeleafexamples-petclinic/target/classes
[parsing started RegularFileObject[/tmp/tmpdzgbzd_e/thymeleafexamples-petclinic/src/main/java/org/springframework/samples/petclinic/web/VetController.java]]
[parsing completed 28ms]
[parsing started RegularFileObject[/tmp/tmpdzgbzd_e/thymeleafexamples-petclinic/src/main/java/org/springframework/samples/petclinic/repository/VisitRepository.java]]
[parsing completed 0ms]
[parsing started RegularFileObject[/tmp/tmpdzgbzd_e/thymeleafexamples-petclinic/src/main/java/org/springframework/samples/petclinic/repository/jdbc/JdbcPetRepositoryImpl.java]]
[parsing completed 5ms]
[parsing started RegularFileObject[/tmp/tmpdzgbzd_e/thymeleafexamples-petclinic/src/main/java/org/springframework/samples/petclinic/web/CrashController.java]]
[parsing completed 3ms]
[parsing started RegularFileObject[/tmp/tmpdzgbzd_e/thymeleafexamples-petclinic/src/main/java/org/springframework/samples/petclinic/model/package-info.java]]
[parsing completed 0ms]
[parsing started RegularFileObject[/tmp/tmpdzgbzd_e/thymeleafexamples-petclinic/src/main/java/org/springframework/samples/petclinic/service/ClinicService.java]]
[parsing completed 1ms]
[parsing started RegularFileObject[/tmp/tmpdzgbzd_e/thymeleafexamples-petclinic/src/main/java/org/springframework/samples/petclinic/repository/jdbc/JdbcVisitRepositoryImpl.java]]
[parsing completed 3ms]
[parsing started RegularFileObject[/tmp/tmpdzgbzd_e/thymeleafexamples-petclinic/src/main/java/org/springframework/samples/petclinic/repository/jdbc/JdbcPetRowMapper.java]]
[parsing completed 1ms]
[parsing started RegularFileObject[/tmp/tmpdzgbzd_e/thymeleafexamples-petclinic/src/main/java/org/springframework/samples/petclinic/model/Vets.java]]
[parsing completed 0ms]
[parsing started RegularFileObject[/tmp/tmpdzgbzd_e/thymeleafexamples-petclinic/src/main/java/org/springframework/samples/petclinic/web/OwnerController.java]]
[parsing completed 3ms]
[parsing started RegularFileObject[/tmp/tmpdzgbzd_e/thymeleafexamples-petclinic/src/main/java/org/springframework/samples/petclinic/repository/jpa/JpaOwnerRepositoryImpl.java]]
[parsing completed 1ms]
[parsing started RegularFileObject[/tmp/tmpdzgbzd_e/thymeleafexamples-petclinic/src/main/java/org/springframework/samples/petclinic/repository/jpa/JpaVetRepositoryImpl.java]]
[parsing completed 13ms]
[parsing started RegularFileObject[/tmp/tmpdzgbzd_e/thymeleafexamples-petclinic/src/main/java/org/springframework/samples/petclinic/model/Visit.java]]
[parsing completed 2ms]
[parsing started RegularFileObject[/tmp/tmpdzgbzd_e/thymeleafexamples-petclinic/src/main/java/org/springframework/samples/petclinic/repository/springdatajpa/SpringDataVetRepository.java]]
[parsing completed 0ms]
[parsing started RegularFileObject[/tmp/tmpdzgbzd_e/thymeleafexamples-petclinic/src/main/java/org/springframework/samples/petclinic/web/VetsAtomView.java]]
[parsing completed 13ms]
[parsing started RegularFileObject[/tmp/tmpdzgbzd_e/thymeleafexamples-petclinic/src/main/java/org/springframework/samples/petclinic/util/CallMonitoringAspect.java]]
[parsing completed 2ms]
[parsing started RegularFileObject[/tmp/tmpdzgbzd_e/thymeleafexamples-petclinic/src/main/java/org/springframework/samples/petclinic/repository/jdbc/JdbcOwnerRepositoryImpl.java]]
[parsing completed 2ms]
[parsing started RegularFileObject[/tmp/tmpdzgbzd_e/thymeleafexamples-petclinic/src/main/java/org/springframework/samples/petclinic/model/Person.java]]
[parsing completed 0ms]
[parsing started RegularFileObject[/tmp/tmpdzgbzd_e/thymeleafexamples-petclinic/src/main/java/org/springframework/samples/petclinic/web/PetValidator.java]]
[parsing completed 1ms]
[parsing started RegularFileObject[/tmp/tmpdzgbzd_e/thymeleafexamples-petclinic/src/main/java/org/springframework/samples/petclinic/repository/jpa/package-info.java]]
[parsing completed 0ms]
[parsing started RegularFileObject[/tmp/tmpdzgbzd_e/thymeleafexamples-petclinic/src/main/java/org/springframework/samples/petclinic/repository/springdatajpa/SpringDataVisitRepository.java]]
[parsing completed 0ms]
[parsing started RegularFileObject[/tmp/tmpdzgbzd_e/thymeleafexamples-petclinic/src/main/java/org/springframework/samples/petclinic/web/VisitController.java]]
[parsing completed 1ms]
[parsing started RegularFileObject[/tmp/tmpdzgbzd_e/thymeleafexamples-petclinic/src/main/java/org/springframework/samples/petclinic/repository/springdatajpa/JpaOwnerRepositoryImpl.java]]
[parsing completed 0ms]
[parsing started RegularFileObject[/tmp/tmpdzgbzd_e/thymeleafexamples-petclinic/src/main/java/org/springframework/samples/petclinic/repository/jpa/JpaPetRepositoryImpl.java]]
[parsing completed 1ms]
[parsing started RegularFileObject[/tmp/tmpdzgbzd_e/thymeleafexamples-petclinic/src/main/java/org/springframework/samples/petclinic/repository/PetRepository.java]]
[parsing completed 0ms]
[parsing started RegularFileObject[/tmp/tmpdzgbzd_e/thymeleafexamples-petclinic/src/main/java/org/springframework/samples/petclinic/repository/OwnerRepository.java]]
[parsing completed 1ms]
[parsing started RegularFileObject[/tmp/tmpdzgbzd_e/thymeleafexamples-petclinic/src/main/java/org/springframework/samples/petclinic/service/ClinicServiceImpl.java]]
[parsing completed 1ms]
[parsing started RegularFileObject[/tmp/tmpdzgbzd_e/thymeleafexamples-petclinic/src/main/java/org/springframework/samples/petclinic/repository/jpa/JpaVisitRepositoryImpl.java]]
[parsing completed 1ms]
[parsing started RegularFileObject[/tmp/tmpdzgbzd_e/thymeleafexamples-petclinic/src/main/java/org/springframework/samples/petclinic/repository/jdbc/JdbcVetRepositoryImpl.java]]
[parsing completed 22ms]
[parsing started RegularFileObject[/tmp/tmpdzgbzd_e/thymeleafexamples-petclinic/src/main/java/org/springframework/samples/petclinic/repository/jdbc/JdbcPet.java]]
[parsing completed 0ms]
[parsing started RegularFileObject[/tmp/tmpdzgbzd_e/thymeleafexamples-petclinic/src/main/java/org/springframework/samples/petclinic/model/NamedEntity.java]]
[parsing completed 1ms]
[parsing started RegularFileObject[/tmp/tmpdzgbzd_e/thymeleafexamples-petclinic/src/main/java/org/springframework/samples/petclinic/repository/jdbc/package-info.java]]
[parsing completed 0ms]
[parsing started RegularFileObject[/tmp/tmpdzgbzd_e/thymeleafexamples-petclinic/src/main/java/org/springframework/samples/petclinic/repository/springdatajpa/SpringDataPetRepository.java]]
[parsing completed 0ms]
[parsing started RegularFileObject[/tmp/tmpdzgbzd_e/thymeleafexamples-petclinic/src/main/java/org/springframework/samples/petclinic/model/Owner.java]]
[parsing completed 17ms]
[parsing started RegularFileObject[/tmp/tmpdzgbzd_e/thymeleafexamples-petclinic/src/main/java/org/springframework/samples/petclinic/repository/VetRepository.java]]
[parsing completed 0ms]
[parsing started RegularFileObject[/tmp/tmpdzgbzd_e/thymeleafexamples-petclinic/src/main/java/org/springframework/samples/petclinic/util/EntityUtils.java]]
[parsing completed 1ms]
[parsing started RegularFileObject[/tmp/tmpdzgbzd_e/thymeleafexamples-petclinic/src/main/java/org/springframework/samples/petclinic/model/PetType.java]]
[parsing completed 0ms]
[parsing started RegularFileObject[/tmp/tmpdzgbzd_e/thymeleafexamples-petclinic/src/main/java/org/springframework/samples/petclinic/model/Vet.java]]
[parsing completed 1ms]
[parsing started RegularFileObject[/tmp/tmpdzgbzd_e/thymeleafexamples-petclinic/src/main/java/org/springframework/samples/petclinic/web/PetTypeFormatter.java]]
[parsing completed 0ms]
[parsing started RegularFileObject[/tmp/tmpdzgbzd_e/thymeleafexamples-petclinic/src/main/java/org/springframework/samples/petclinic/web/package-info.java]]
[parsing completed 0ms]
[parsing started RegularFileObject[/tmp/tmpdzgbzd_e/thymeleafexamples-petclinic/src/main/java/org/springframework/samples/petclinic/model/Pet.java]]
[parsing completed 1ms]
[parsing started RegularFileObject[/tmp/tmpdzgbzd_e/thymeleafexamples-petclinic/src/main/java/org/springframework/samples/petclinic/model/BaseEntity.java]]
[parsing completed 1ms]
[parsing started RegularFileObject[/tmp/tmpdzgbzd_e/thymeleafexamples-petclinic/src/main/java/org/springframework/samples/petclinic/model/Specialty.java]]
[parsing completed 0ms]
[parsing started RegularFileObject[/tmp/tmpdzgbzd_e/thymeleafexamples-petclinic/src/main/java/org/springframework/samples/petclinic/web/PetController.java]]
[parsing completed 1ms]
[search path for source files: /tmp/tmpdzgbzd_e/thymeleafexamples-petclinic/src/main/java]
[search path for class files: /usr/local/openjdk-8/jre/lib/resources.jar,/usr/local/openjdk-8/jre/lib/rt.jar,/usr/local/openjdk-8/jre/lib/sunrsasign.jar,/usr/local/openjdk-8/jre/lib/jsse.jar,/usr/local/openjdk-8/jre/lib/jce.jar,/usr/local/openjdk-8/jre/lib/charsets.jar,/usr/local/openjdk-8/jre/lib/jfr.jar,/usr/local/openjdk-8/jre/classes,/usr/local/openjdk-8/jre/lib/ext/sunec.jar,/usr/local/openjdk-8/jre/lib/ext/dnsns.jar,/usr/local/openjdk-8/jre/lib/ext/zipfs.jar,/usr/local/openjdk-8/jre/lib/ext/localedata.jar,/usr/local/openjdk-8/jre/lib/ext/jaccess.jar,/usr/local/openjdk-8/jre/lib/ext/sunpkcs11.jar,/usr/local/openjdk-8/jre/lib/ext/cldrdata.jar,/usr/local/openjdk-8/jre/lib/ext/nashorn.jar,/usr/local/openjdk-8/jre/lib/ext/sunjce_provider.jar,/tmp/tmpdzgbzd_e/thymeleafexamples-petclinic/target/classes,/home/jdbl/.m2/repository/org/jadira/usertype/usertype.core/3.1.0.CR1/usertype.core-3.1.0.CR1.jar,/home/jdbl/.m2/repository/org/jadira/usertype/usertype.spi/3.1.0.CR1/usertype.spi-3.1.0.CR1.jar,/home/jdbl/.m2/repository/javax/validation/validation-api/1.0.0.GA/validation-api-1.0.0.GA.jar,/home/jdbl/.m2/repository/javax/servlet/servlet-api/2.5/servlet-api-2.5.jar,/home/jdbl/.m2/repository/javax/xml/bind/jaxb-api/2.2.7/jaxb-api-2.2.7.jar,/home/jdbl/.m2/repository/com/sun/xml/bind/jaxb-impl/2.2.7-b53/jaxb-impl-2.2.7-b53.jar,/home/jdbl/.m2/repository/com/sun/xml/bind/jaxb-impl/2.2.7-b53/jaxb-api.jar,/home/jdbl/.m2/repository/org/thymeleaf/thymeleaf/2.1.3.RELEASE/thymeleaf-2.1.3.RELEASE.jar,/home/jdbl/.m2/repository/ognl/ognl/3.0.6/ognl-3.0.6.jar,/home/jdbl/.m2/repository/org/javassist/javassist/3.16.1-GA/javassist-3.16.1-GA.jar,/home/jdbl/.m2/repository/org/unbescape/unbescape/1.0/unbescape-1.0.jar,/home/jdbl/.m2/repository/org/thymeleaf/thymeleaf-spring3/2.1.3.RELEASE/thymeleaf-spring3-2.1.3.RELEASE.jar,/home/jdbl/.m2/repository/org/springframework/data/spring-data-jpa/1.3.0.RELEASE/spring-data-jpa-1.3.0.RELEASE.jar,/home/jdbl/.m2/repository/org/springframework/data/spring-data-commons/1.5.0.RELEASE/spring-data-commons-1.5.0.RELEASE.jar,/home/jdbl/.m2/repository/org/springframework/spring-core/3.2.2.RELEASE/spring-core-3.2.2.RELEASE.jar,/home/jdbl/.m2/repository/commons-logging/commons-logging/1.1.1/commons-logging-1.1.1.jar,/home/jdbl/.m2/repository/org/springframework/spring-beans/3.2.2.RELEASE/spring-beans-3.2.2.RELEASE.jar,/home/jdbl/.m2/repository/org/springframework/spring-context/3.2.2.RELEASE/spring-context-3.2.2.RELEASE.jar,/home/jdbl/.m2/repository/org/springframework/spring-expression/3.2.2.RELEASE/spring-expression-3.2.2.RELEASE.jar,/home/jdbl/.m2/repository/org/springframework/spring-jdbc/3.2.2.RELEASE/spring-jdbc-3.2.2.RELEASE.jar,/home/jdbl/.m2/repository/org/springframework/spring-aop/3.2.2.RELEASE/spring-aop-3.2.2.RELEASE.jar,/home/jdbl/.m2/repository/aopalliance/aopalliance/1.0/aopalliance-1.0.jar,/home/jdbl/.m2/repository/org/springframework/spring-webmvc/3.2.2.RELEASE/spring-webmvc-3.2.2.RELEASE.jar,/home/jdbl/.m2/repository/org/springframework/spring-web/3.2.2.RELEASE/spring-web-3.2.2.RELEASE.jar,/home/jdbl/.m2/repository/org/springframework/spring-tx/3.2.2.RELEASE/spring-tx-3.2.2.RELEASE.jar,/home/jdbl/.m2/repository/org/springframework/spring-context-support/3.2.2.RELEASE/spring-context-support-3.2.2.RELEASE.jar,/home/jdbl/.m2/repository/org/springframework/spring-orm/3.2.2.RELEASE/spring-orm-3.2.2.RELEASE.jar,/home/jdbl/.m2/repository/org/springframework/spring-oxm/3.2.2.RELEASE/spring-oxm-3.2.2.RELEASE.jar,/home/jdbl/.m2/repository/org/springframework/spring-jms/3.2.2.RELEASE/spring-jms-3.2.2.RELEASE.jar,/home/jdbl/.m2/repository/rome/rome/1.0/rome-1.0.jar,/home/jdbl/.m2/repository/jdom/jdom/1.0/jdom-1.0.jar,/home/jdbl/.m2/repository/joda-time/joda-time/2.2/joda-time-2.2.jar,/home/jdbl/.m2/repository/joda-time/joda-time-hibernate/1.3/joda-time-hibernate-1.3.jar,/home/jdbl/.m2/repository/org/hibernate/hibernate-core/4.1.9.Final/hibernate-core-4.1.9.Final.jar,/home/jdbl/.m2/repository/antlr/antlr/2.7.7/antlr-2.7.7.jar,/home/jdbl/.m2/repository/org/jboss/logging/jboss-logging/3.1.0.GA/jboss-logging-3.1.0.GA.jar,/home/jdbl/.m2/repository/org/jboss/spec/javax/transaction/jboss-transaction-api_1.1_spec/1.0.0.Final/jboss-transaction-api_1.1_spec-1.0.0.Final.jar,/home/jdbl/.m2/repository/dom4j/dom4j/1.6.1/dom4j-1.6.1.jar,/home/jdbl/.m2/repository/org/hibernate/common/hibernate-commons-annotations/4.0.1.Final/hibernate-commons-annotations-4.0.1.Final.jar,/home/jdbl/.m2/repository/org/hibernate/hibernate-entitymanager/4.1.9.Final/hibernate-entitymanager-4.1.9.Final.jar,/home/jdbl/.m2/repository/org/hibernate/javax/persistence/hibernate-jpa-2.0-api/1.0.1.Final/hibernate-jpa-2.0-api-1.0.1.Final.jar,/home/jdbl/.m2/repository/org/hibernate/hibernate-validator/4.3.0.Final/hibernate-validator-4.3.0.Final.jar,/home/jdbl/.m2/repository/org/hibernate/hibernate-ehcache/4.1.9.Final/hibernate-ehcache-4.1.9.Final.jar,/home/jdbl/.m2/repository/net/sf/ehcache/ehcache-core/2.6.5/ehcache-core-2.6.5.jar,/home/jdbl/.m2/repository/org/webjars/bootstrap/2.3.0/bootstrap-2.3.0.jar,/home/jdbl/.m2/repository/org/webjars/jquery-ui/1.9.2/jquery-ui-1.9.2.jar,/home/jdbl/.m2/repository/org/webjars/jquery/1.9.0/jquery-1.9.0.jar,/home/jdbl/.m2/repository/org/aspectj/aspectjrt/1.7.2/aspectjrt-1.7.2.jar,.]
[loading ZipFileIndexFileObject[/home/jdbl/.m2/repository/org/springframework/spring-beans/3.2.2.RELEASE/spring-beans-3.2.2.RELEASE.jar(org/springframework/beans/factory/annotation/Autowired.class)]]
[loading ZipFileIndexFileObject[/home/jdbl/.m2/repository/org/springframework/spring-context/3.2.2.RELEASE/spring-context-3.2.2.RELEASE.jar(org/springframework/stereotype/Controller.class)]]
[loading ZipFileIndexFileObject[/home/jdbl/.m2/repository/org/springframework/spring-context/3.2.2.RELEASE/spring-context-3.2.2.RELEASE.jar(org/springframework/ui/Model.class)]]
[loading ZipFileIndexFileObject[/home/jdbl/.m2/repository/org/springframework/spring-web/3.2.2.RELEASE/spring-web-3.2.2.RELEASE.jar(org/springframework/web/bind/annotation/RequestMapping.class)]]
[loading ZipFileIndexFileObject[/usr/local/openjdk-8/lib/ct.sym(META-INF/sym/rt.jar/java/lang/Object.class)]]
[loading ZipFileIndexFileObject[/usr/local/openjdk-8/lib/ct.sym(META-INF/sym/rt.jar/java/util/Collection.class)]]
[loading ZipFileIndexFileObject[/home/jdbl/.m2/repository/org/springframework/spring-tx/3.2.2.RELEASE/spring-tx-3.2.2.RELEASE.jar(org/springframework/dao/DataAccessException.class)]]
[loading ZipFileIndexFileObject[/usr/local/openjdk-8/lib/ct.sym(META-INF/sym/rt.jar/java/lang/String.class)]]
[loading ZipFileIndexFileObject[/home/jdbl/.m2/repository/org/hibernate/javax/persistence/hibernate-jpa-2.0-api/1.0.1.Final/hibernate-jpa-2.0-api-1.0.1.Final.jar(javax/persistence/Entity.class)]]
[loading ZipFileIndexFileObject[/home/jdbl/.m2/repository/org/hibernate/javax/persistence/hibernate-jpa-2.0-api/1.0.1.Final/hibernate-jpa-2.0-api-1.0.1.Final.jar(javax/persistence/Table.class)]]
[loading ZipFileIndexFileObject[/home/jdbl/.m2/repository/org/hibernate/javax/persistence/hibernate-jpa-2.0-api/1.0.1.Final/hibernate-jpa-2.0-api-1.0.1.Final.jar(javax/persistence/Column.class)]]
[loading ZipFileIndexFileObject[/home/jdbl/.m2/repository/org/hibernate/javax/persistence/hibernate-jpa-2.0-api/1.0.1.Final/hibernate-jpa-2.0-api-1.0.1.Final.jar(javax/persistence/MappedSuperclass.class)]]
[loading ZipFileIndexFileObject[/home/jdbl/.m2/repository/org/hibernate/javax/persistence/hibernate-jpa-2.0-api/1.0.1.Final/hibernate-jpa-2.0-api-1.0.1.Final.jar(javax/persistence/GeneratedValue.class)]]
[loading ZipFileIndexFileObject[/home/jdbl/.m2/repository/org/hibernate/javax/persistence/hibernate-jpa-2.0-api/1.0.1.Final/hibernate-jpa-2.0-api-1.0.1.Final.jar(javax/persistence/GenerationType.class)]]
[loading ZipFileIndexFileObject[/home/jdbl/.m2/repository/org/hibernate/javax/persistence/hibernate-jpa-2.0-api/1.0.1.Final/hibernate-jpa-2.0-api-1.0.1.Final.jar(javax/persistence/Id.class)]]
[loading ZipFileIndexFileObject[/usr/local/openjdk-8/lib/ct.sym(META-INF/sym/rt.jar/java/util/ArrayList.class)]]
[loading ZipFileIndexFileObject[/usr/local/openjdk-8/lib/ct.sym(META-INF/sym/rt.jar/java/util/Collections.class)]]
[loading ZipFileIndexFileObject[/usr/local/openjdk-8/lib/ct.sym(META-INF/sym/rt.jar/java/util/HashSet.class)]]
[loading ZipFileIndexFileObject[/usr/local/openjdk-8/lib/ct.sym(META-INF/sym/rt.jar/java/util/List.class)]]
[loading ZipFileIndexFileObject[/usr/local/openjdk-8/lib/ct.sym(META-INF/sym/rt.jar/java/util/Set.class)]]
[loading ZipFileIndexFileObject[/home/jdbl/.m2/repository/org/hibernate/javax/persistence/hibernate-jpa-2.0-api/1.0.1.Final/hibernate-jpa-2.0-api-1.0.1.Final.jar(javax/persistence/CascadeType.class)]]
[loading ZipFileIndexFileObject[/home/jdbl/.m2/repository/org/hibernate/javax/persistence/hibernate-jpa-2.0-api/1.0.1.Final/hibernate-jpa-2.0-api-1.0.1.Final.jar(javax/persistence/OneToMany.class)]]
[loading ZipFileIndexFileObject[/home/jdbl/.m2/repository/javax/validation/validation-api/1.0.0.GA/validation-api-1.0.0.GA.jar(javax/validation/constraints/Digits.class)]]
[loading ZipFileIndexFileObject[/home/jdbl/.m2/repository/org/hibernate/hibernate-validator/4.3.0.Final/hibernate-validator-4.3.0.Final.jar(org/hibernate/validator/constraints/NotEmpty.class)]]
[loading ZipFileIndexFileObject[/home/jdbl/.m2/repository/org/springframework/spring-beans/3.2.2.RELEASE/spring-beans-3.2.2.RELEASE.jar(org/springframework/beans/support/MutableSortDefinition.class)]]
[loading ZipFileIndexFileObject[/home/jdbl/.m2/repository/org/springframework/spring-beans/3.2.2.RELEASE/spring-beans-3.2.2.RELEASE.jar(org/springframework/beans/support/PropertyComparator.class)]]
[loading ZipFileIndexFileObject[/home/jdbl/.m2/repository/org/springframework/spring-core/3.2.2.RELEASE/spring-core-3.2.2.RELEASE.jar(org/springframework/core/style/ToStringCreator.class)]]
[loading ZipFileIndexFileObject[/home/jdbl/.m2/repository/org/hibernate/javax/persistence/hibernate-jpa-2.0-api/1.0.1.Final/hibernate-jpa-2.0-api-1.0.1.Final.jar(javax/persistence/FetchType.class)]]
[loading ZipFileIndexFileObject[/home/jdbl/.m2/repository/org/hibernate/javax/persistence/hibernate-jpa-2.0-api/1.0.1.Final/hibernate-jpa-2.0-api-1.0.1.Final.jar(javax/persistence/JoinColumn.class)]]
[loading ZipFileIndexFileObject[/home/jdbl/.m2/repository/org/hibernate/javax/persistence/hibernate-jpa-2.0-api/1.0.1.Final/hibernate-jpa-2.0-api-1.0.1.Final.jar(javax/persistence/ManyToOne.class)]]
[loading ZipFileIndexFileObject[/home/jdbl/.m2/repository/org/hibernate/hibernate-core/4.1.9.Final/hibernate-core-4.1.9.Final.jar(org/hibernate/annotations/Type.class)]]
[loading ZipFileIndexFileObject[/home/jdbl/.m2/repository/joda-time/joda-time/2.2/joda-time-2.2.jar(org/joda/time/DateTime.class)]]
[loading ZipFileIndexFileObject[/home/jdbl/.m2/repository/org/springframework/spring-context/3.2.2.RELEASE/spring-context-3.2.2.RELEASE.jar(org/springframework/format/annotation/DateTimeFormat.class)]]
[loading ZipFileIndexFileObject[/home/jdbl/.m2/repository/org/hibernate/javax/persistence/hibernate-jpa-2.0-api/1.0.1.Final/hibernate-jpa-2.0-api-1.0.1.Final.jar(javax/persistence/JoinTable.class)]]
[loading ZipFileIndexFileObject[/home/jdbl/.m2/repository/org/hibernate/javax/persistence/hibernate-jpa-2.0-api/1.0.1.Final/hibernate-jpa-2.0-api-1.0.1.Final.jar(javax/persistence/ManyToMany.class)]]
[loading ZipFileIndexFileObject[/usr/local/openjdk-8/lib/ct.sym(META-INF/sym/rt.jar/javax/xml/bind/annotation/XmlElement.class)]]
[loading ZipFileIndexFileObject[/usr/local/openjdk-8/lib/ct.sym(META-INF/sym/rt.jar/java/lang/Integer.class)]]
[loading ZipFileIndexFileObject[/usr/local/openjdk-8/lib/ct.sym(META-INF/sym/rt.jar/java/util/HashMap.class)]]
[loading ZipFileIndexFileObject[/usr/local/openjdk-8/lib/ct.sym(META-INF/sym/rt.jar/java/util/Map.class)]]
[loading ZipFileIndexFileObject[/usr/local/openjdk-8/lib/ct.sym(META-INF/sym/rt.jar/javax/sql/DataSource.class)]]
[loading ZipFileIndexFileObject[/home/jdbl/.m2/repository/org/springframework/spring-tx/3.2.2.RELEASE/spring-tx-3.2.2.RELEASE.jar(org/springframework/dao/EmptyResultDataAccessException.class)]]
[loading ZipFileIndexFileObject[/home/jdbl/.m2/repository/org/springframework/spring-jdbc/3.2.2.RELEASE/spring-jdbc-3.2.2.RELEASE.jar(org/springframework/jdbc/core/namedparam/MapSqlParameterSource.class)]]
[loading ZipFileIndexFileObject[/home/jdbl/.m2/repository/org/springframework/spring-jdbc/3.2.2.RELEASE/spring-jdbc-3.2.2.RELEASE.jar(org/springframework/jdbc/core/namedparam/NamedParameterJdbcTemplate.class)]]
[loading ZipFileIndexFileObject[/home/jdbl/.m2/repository/org/springframework/spring-jdbc/3.2.2.RELEASE/spring-jdbc-3.2.2.RELEASE.jar(org/springframework/jdbc/core/simple/ParameterizedBeanPropertyRowMapper.class)]]
[loading ZipFileIndexFileObject[/home/jdbl/.m2/repository/org/springframework/spring-jdbc/3.2.2.RELEASE/spring-jdbc-3.2.2.RELEASE.jar(org/springframework/jdbc/core/simple/SimpleJdbcInsert.class)]]
[loading ZipFileIndexFileObject[/home/jdbl/.m2/repository/org/springframework/spring-orm/3.2.2.RELEASE/spring-orm-3.2.2.RELEASE.jar(org/springframework/orm/ObjectRetrievalFailureException.class)]]
[loading ZipFileIndexFileObject[/home/jdbl/.m2/repository/org/springframework/spring-context/3.2.2.RELEASE/spring-context-3.2.2.RELEASE.jar(org/springframework/stereotype/Repository.class)]]
[loading ZipFileIndexFileObject[/home/jdbl/.m2/repository/org/springframework/spring-web/3.2.2.RELEASE/spring-web-3.2.2.RELEASE.jar(org/springframework/web/bind/annotation/RequestMethod.class)]]
[loading ZipFileIndexFileObject[/usr/local/openjdk-8/lib/ct.sym(META-INF/sym/rt.jar/java/sql/ResultSet.class)]]
[loading ZipFileIndexFileObject[/usr/local/openjdk-8/lib/ct.sym(META-INF/sym/rt.jar/java/sql/SQLException.class)]]
[loading ZipFileIndexFileObject[/usr/local/openjdk-8/lib/ct.sym(META-INF/sym/rt.jar/java/util/Date.class)]]
[loading ZipFileIndexFileObject[/home/jdbl/.m2/repository/org/springframework/spring-jdbc/3.2.2.RELEASE/spring-jdbc-3.2.2.RELEASE.jar(org/springframework/jdbc/core/JdbcTemplate.class)]]
[loading ZipFileIndexFileObject[/home/jdbl/.m2/repository/org/springframework/spring-jdbc/3.2.2.RELEASE/spring-jdbc-3.2.2.RELEASE.jar(org/springframework/jdbc/core/simple/ParameterizedRowMapper.class)]]
[loading ZipFileIndexFileObject[/home/jdbl/.m2/repository/org/springframework/spring-jdbc/3.2.2.RELEASE/spring-jdbc-3.2.2.RELEASE.jar(org/springframework/jdbc/core/RowMapper.class)]]
[loading ZipFileIndexFileObject[/usr/local/openjdk-8/lib/ct.sym(META-INF/sym/rt.jar/javax/xml/bind/annotation/XmlRootElement.class)]]
[loading ZipFileIndexFileObject[/home/jdbl/.m2/repository/javax/validation/validation-api/1.0.0.GA/validation-api-1.0.0.GA.jar(javax/validation/Valid.class)]]
[loading ZipFileIndexFileObject[/home/jdbl/.m2/repository/org/springframework/spring-context/3.2.2.RELEASE/spring-context-3.2.2.RELEASE.jar(org/springframework/validation/BindingResult.class)]]
[loading ZipFileIndexFileObject[/home/jdbl/.m2/repository/org/springframework/spring-web/3.2.2.RELEASE/spring-web-3.2.2.RELEASE.jar(org/springframework/web/bind/WebDataBinder.class)]]
[loading ZipFileIndexFileObject[/home/jdbl/.m2/repository/org/springframework/spring-web/3.2.2.RELEASE/spring-web-3.2.2.RELEASE.jar(org/springframework/web/bind/annotation/InitBinder.class)]]
[loading ZipFileIndexFileObject[/home/jdbl/.m2/repository/org/springframework/spring-web/3.2.2.RELEASE/spring-web-3.2.2.RELEASE.jar(org/springframework/web/bind/annotation/PathVariable.class)]]
[loading ZipFileIndexFileObject[/home/jdbl/.m2/repository/org/springframework/spring-web/3.2.2.RELEASE/spring-web-3.2.2.RELEASE.jar(org/springframework/web/bind/annotation/SessionAttributes.class)]]
[loading ZipFileIndexFileObject[/home/jdbl/.m2/repository/org/springframework/spring-web/3.2.2.RELEASE/spring-web-3.2.2.RELEASE.jar(org/springframework/web/bind/support/SessionStatus.class)]]
[loading ZipFileIndexFileObject[/home/jdbl/.m2/repository/org/springframework/spring-webmvc/3.2.2.RELEASE/spring-webmvc-3.2.2.RELEASE.jar(org/springframework/web/servlet/ModelAndView.class)]]
[loading ZipFileIndexFileObject[/home/jdbl/.m2/repository/org/hibernate/javax/persistence/hibernate-jpa-2.0-api/1.0.1.Final/hibernate-jpa-2.0-api-1.0.1.Final.jar(javax/persistence/EntityManager.class)]]
[loading ZipFileIndexFileObject[/home/jdbl/.m2/repository/org/hibernate/javax/persistence/hibernate-jpa-2.0-api/1.0.1.Final/hibernate-jpa-2.0-api-1.0.1.Final.jar(javax/persistence/PersistenceContext.class)]]
[loading ZipFileIndexFileObject[/home/jdbl/.m2/repository/org/hibernate/javax/persistence/hibernate-jpa-2.0-api/1.0.1.Final/hibernate-jpa-2.0-api-1.0.1.Final.jar(javax/persistence/Query.class)]]
[loading ZipFileIndexFileObject[/home/jdbl/.m2/repository/org/springframework/spring-orm/3.2.2.RELEASE/spring-orm-3.2.2.RELEASE.jar(org/springframework/orm/hibernate3/support/OpenSessionInViewFilter.class)]]
[loading ZipFileIndexFileObject[/home/jdbl/.m2/repository/org/springframework/spring-context/3.2.2.RELEASE/spring-context-3.2.2.RELEASE.jar(org/springframework/cache/annotation/Cacheable.class)]]
[loading ZipFileIndexFileObject[/home/jdbl/.m2/repository/org/springframework/data/spring-data-commons/1.5.0.RELEASE/spring-data-commons-1.5.0.RELEASE.jar(org/springframework/data/repository/Repository.class)]]
[loading ZipFileIndexFileObject[/home/jdbl/.m2/repository/javax/servlet/servlet-api/2.5/servlet-api-2.5.jar(javax/servlet/http/HttpServletRequest.class)]]
[loading ZipFileIndexFileObject[/home/jdbl/.m2/repository/javax/servlet/servlet-api/2.5/servlet-api-2.5.jar(javax/servlet/http/HttpServletResponse.class)]]
[loading ZipFileIndexFileObject[/home/jdbl/.m2/repository/org/springframework/spring-webmvc/3.2.2.RELEASE/spring-webmvc-3.2.2.RELEASE.jar(org/springframework/web/servlet/view/feed/AbstractAtomFeedView.class)]]
[loading ZipFileIndexFileObject[/home/jdbl/.m2/repository/rome/rome/1.0/rome-1.0.jar(com/sun/syndication/feed/atom/Content.class)]]
[loading ZipFileIndexFileObject[/home/jdbl/.m2/repository/rome/rome/1.0/rome-1.0.jar(com/sun/syndication/feed/atom/Entry.class)]]
[loading ZipFileIndexFileObject[/home/jdbl/.m2/repository/rome/rome/1.0/rome-1.0.jar(com/sun/syndication/feed/atom/Feed.class)]]
[loading ZipFileIndexFileObject[/home/jdbl/.m2/repository/org/springframework/spring-webmvc/3.2.2.RELEASE/spring-webmvc-3.2.2.RELEASE.jar(org/springframework/web/servlet/view/feed/AbstractFeedView.class)]]
[loading ZipFileIndexFileObject[/home/jdbl/.m2/repository/org/springframework/spring-webmvc/3.2.2.RELEASE/spring-webmvc-3.2.2.RELEASE.jar(org/springframework/web/servlet/view/AbstractView.class)]]
[loading ZipFileIndexFileObject[/home/jdbl/.m2/repository/org/springframework/spring-webmvc/3.2.2.RELEASE/spring-webmvc-3.2.2.RELEASE.jar(org/springframework/web/servlet/View.class)]]
[loading ZipFileIndexFileObject[/home/jdbl/.m2/repository/org/springframework/spring-beans/3.2.2.RELEASE/spring-beans-3.2.2.RELEASE.jar(org/springframework/beans/factory/BeanNameAware.class)]]
[loading ZipFileIndexFileObject[/home/jdbl/.m2/repository/org/springframework/spring-beans/3.2.2.RELEASE/spring-beans-3.2.2.RELEASE.jar(org/springframework/beans/factory/Aware.class)]]
[loading ZipFileIndexFileObject[/home/jdbl/.m2/repository/org/springframework/spring-web/3.2.2.RELEASE/spring-web-3.2.2.RELEASE.jar(org/springframework/web/context/support/WebApplicationObjectSupport.class)]]
[loading ZipFileIndexFileObject[/home/jdbl/.m2/repository/org/springframework/spring-web/3.2.2.RELEASE/spring-web-3.2.2.RELEASE.jar(org/springframework/web/context/ServletContextAware.class)]]
[loading ZipFileIndexFileObject[/home/jdbl/.m2/repository/org/springframework/spring-context/3.2.2.RELEASE/spring-context-3.2.2.RELEASE.jar(org/springframework/context/support/ApplicationObjectSupport.class)]]
[loading ZipFileIndexFileObject[/home/jdbl/.m2/repository/org/springframework/spring-context/3.2.2.RELEASE/spring-context-3.2.2.RELEASE.jar(org/springframework/context/ApplicationContextAware.class)]]
[loading ZipFileIndexFileObject[/usr/local/openjdk-8/lib/ct.sym(META-INF/sym/rt.jar/java/lang/Exception.class)]]
[loading ZipFileIndexFileObject[/home/jdbl/.m2/repository/org/aspectj/aspectjrt/1.7.2/aspectjrt-1.7.2.jar(org/aspectj/lang/ProceedingJoinPoint.class)]]
[loading ZipFileIndexFileObject[/home/jdbl/.m2/repository/org/aspectj/aspectjrt/1.7.2/aspectjrt-1.7.2.jar(org/aspectj/lang/annotation/Around.class)]]
[loading ZipFileIndexFileObject[/home/jdbl/.m2/repository/org/aspectj/aspectjrt/1.7.2/aspectjrt-1.7.2.jar(org/aspectj/lang/annotation/Aspect.class)]]
[loading ZipFileIndexFileObject[/home/jdbl/.m2/repository/org/springframework/spring-context/3.2.2.RELEASE/spring-context-3.2.2.RELEASE.jar(org/springframework/jmx/export/annotation/ManagedAttribute.class)]]
[loading ZipFileIndexFileObject[/home/jdbl/.m2/repository/org/springframework/spring-context/3.2.2.RELEASE/spring-context-3.2.2.RELEASE.jar(org/springframework/jmx/export/annotation/ManagedOperation.class)]]
[loading ZipFileIndexFileObject[/home/jdbl/.m2/repository/org/springframework/spring-context/3.2.2.RELEASE/spring-context-3.2.2.RELEASE.jar(org/springframework/jmx/export/annotation/ManagedResource.class)]]
[loading ZipFileIndexFileObject[/home/jdbl/.m2/repository/org/springframework/spring-core/3.2.2.RELEASE/spring-core-3.2.2.RELEASE.jar(org/springframework/util/StopWatch.class)]]
[loading ZipFileIndexFileObject[/usr/local/openjdk-8/lib/ct.sym(META-INF/sym/rt.jar/java/lang/Throwable.class)]]
[loading ZipFileIndexFileObject[/home/jdbl/.m2/repository/org/springframework/spring-jdbc/3.2.2.RELEASE/spring-jdbc-3.2.2.RELEASE.jar(org/springframework/jdbc/core/namedparam/BeanPropertySqlParameterSource.class)]]
[loading ZipFileIndexFileObject[/home/jdbl/.m2/repository/org/springframework/spring-core/3.2.2.RELEASE/spring-core-3.2.2.RELEASE.jar(org/springframework/util/StringUtils.class)]]
[loading ZipFileIndexFileObject[/home/jdbl/.m2/repository/org/springframework/spring-context/3.2.2.RELEASE/spring-context-3.2.2.RELEASE.jar(org/springframework/validation/Errors.class)]]
[loading ZipFileIndexFileObject[/home/jdbl/.m2/repository/org/springframework/spring-context/3.2.2.RELEASE/spring-context-3.2.2.RELEASE.jar(org/springframework/stereotype/Service.class)]]
[loading ZipFileIndexFileObject[/home/jdbl/.m2/repository/org/springframework/spring-tx/3.2.2.RELEASE/spring-tx-3.2.2.RELEASE.jar(org/springframework/transaction/annotation/Transactional.class)]]
[loading ZipFileIndexFileObject[/home/jdbl/.m2/repository/org/springframework/data/spring-data-jpa/1.3.0.RELEASE/spring-data-jpa-1.3.0.RELEASE.jar(org/springframework/data/jpa/repository/Query.class)]]
[loading ZipFileIndexFileObject[/usr/local/openjdk-8/lib/ct.sym(META-INF/sym/rt.jar/java/lang/Class.class)]]
[loading ZipFileIndexFileObject[/usr/local/openjdk-8/lib/ct.sym(META-INF/sym/rt.jar/java/text/ParseException.class)]]
[loading ZipFileIndexFileObject[/usr/local/openjdk-8/lib/ct.sym(META-INF/sym/rt.jar/java/util/Locale.class)]]
[loading ZipFileIndexFileObject[/home/jdbl/.m2/repository/org/springframework/spring-context/3.2.2.RELEASE/spring-context-3.2.2.RELEASE.jar(org/springframework/format/Formatter.class)]]
[loading ZipFileIndexFileObject[/home/jdbl/.m2/repository/org/springframework/spring-context/3.2.2.RELEASE/spring-context-3.2.2.RELEASE.jar(org/springframework/format/Printer.class)]]
[loading ZipFileIndexFileObject[/home/jdbl/.m2/repository/org/springframework/spring-context/3.2.2.RELEASE/spring-context-3.2.2.RELEASE.jar(org/springframework/format/Parser.class)]]
[loading ZipFileIndexFileObject[/home/jdbl/.m2/repository/org/springframework/spring-web/3.2.2.RELEASE/spring-web-3.2.2.RELEASE.jar(org/springframework/web/bind/annotation/ModelAttribute.class)]]
[loading ZipFileIndexFileObject[/usr/local/openjdk-8/lib/ct.sym(META-INF/sym/rt.jar/java/lang/annotation/Target.class)]]
[loading ZipFileIndexFileObject[/usr/local/openjdk-8/lib/ct.sym(META-INF/sym/rt.jar/java/lang/annotation/ElementType.class)]]
[loading ZipFileIndexFileObject[/usr/local/openjdk-8/lib/ct.sym(META-INF/sym/rt.jar/java/lang/annotation/Retention.class)]]
[loading ZipFileIndexFileObject[/usr/local/openjdk-8/lib/ct.sym(META-INF/sym/rt.jar/java/lang/annotation/RetentionPolicy.class)]]
[loading ZipFileIndexFileObject[/usr/local/openjdk-8/lib/ct.sym(META-INF/sym/rt.jar/java/lang/annotation/Annotation.class)]]
[loading ZipFileIndexFileObject[/home/jdbl/.m2/repository/javax/validation/validation-api/1.0.0.GA/validation-api-1.0.0.GA.jar(javax/validation/Constraint.class)]]
[loading ZipFileIndexFileObject[/home/jdbl/.m2/repository/javax/validation/validation-api/1.0.0.GA/validation-api-1.0.0.GA.jar(javax/validation/constraints/Size.class)]]
[loading ZipFileIndexFileObject[/home/jdbl/.m2/repository/org/springframework/spring-context/3.2.2.RELEASE/spring-context-3.2.2.RELEASE.jar(org/springframework/format/annotation/DateTimeFormat$ISO.class)]]
[loading ZipFileIndexFileObject[/usr/local/openjdk-8/lib/ct.sym(META-INF/sym/rt.jar/java/lang/Override.class)]]
[loading ZipFileIndexFileObject[/home/jdbl/.m2/repository/org/hibernate/javax/persistence/hibernate-jpa-2.0-api/1.0.1.Final/hibernate-jpa-2.0-api-1.0.1.Final.jar(javax/persistence/PersistenceContextType.class)]]
[loading ZipFileIndexFileObject[/usr/local/openjdk-8/lib/ct.sym(META-INF/sym/rt.jar/java/lang/SuppressWarnings.class)]]
[loading ZipFileIndexFileObject[/home/jdbl/.m2/repository/org/springframework/spring-tx/3.2.2.RELEASE/spring-tx-3.2.2.RELEASE.jar(org/springframework/transaction/annotation/Propagation.class)]]
[loading ZipFileIndexFileObject[/home/jdbl/.m2/repository/org/springframework/spring-tx/3.2.2.RELEASE/spring-tx-3.2.2.RELEASE.jar(org/springframework/transaction/annotation/Isolation.class)]]
[checking org.springframework.samples.petclinic.web.VetController]
[loading ZipFileIndexFileObject[/usr/local/openjdk-8/lib/ct.sym(META-INF/sym/rt.jar/java/io/Serializable.class)]]
[loading ZipFileIndexFileObject[/usr/local/openjdk-8/lib/ct.sym(META-INF/sym/rt.jar/java/lang/AutoCloseable.class)]]
[loading ZipFileIndexFileObject[/usr/local/openjdk-8/lib/ct.sym(META-INF/sym/rt.jar/java/lang/Iterable.class)]]
[loading ZipFileIndexFileObject[/usr/local/openjdk-8/lib/ct.sym(META-INF/sym/rt.jar/java/lang/Error.class)]]
[loading ZipFileIndexFileObject[/home/jdbl/.m2/repository/org/springframework/spring-core/3.2.2.RELEASE/spring-core-3.2.2.RELEASE.jar(org/springframework/core/NestedRuntimeException.class)]]
[loading ZipFileIndexFileObject[/usr/local/openjdk-8/lib/ct.sym(META-INF/sym/rt.jar/java/lang/RuntimeException.class)]]
[wrote RegularFileObject[/tmp/tmpdzgbzd_e/thymeleafexamples-petclinic/target/classes/org/springframework/samples/petclinic/web/VetController.class]]
[checking org.springframework.samples.petclinic.service.ClinicService]
[wrote RegularFileObject[/tmp/tmpdzgbzd_e/thymeleafexamples-petclinic/target/classes/org/springframework/samples/petclinic/service/ClinicService.class]]
[checking org.springframework.samples.petclinic.model.PetType]
[loading ZipFileIndexFileObject[/usr/local/openjdk-8/lib/ct.sym(META-INF/sym/rt.jar/java/lang/Number.class)]]
[checking org.springframework.samples.petclinic.model.NamedEntity]
[checking org.springframework.samples.petclinic.model.BaseEntity]
[wrote RegularFileObject[/tmp/tmpdzgbzd_e/thymeleafexamples-petclinic/target/classes/org/springframework/samples/petclinic/model/PetType.class]]
[wrote RegularFileObject[/tmp/tmpdzgbzd_e/thymeleafexamples-petclinic/target/classes/org/springframework/samples/petclinic/model/NamedEntity.class]]
[wrote RegularFileObject[/tmp/tmpdzgbzd_e/thymeleafexamples-petclinic/target/classes/org/springframework/samples/petclinic/model/BaseEntity.class]]
[checking org.springframework.samples.petclinic.model.Owner]
[loading ZipFileIndexFileObject[/usr/local/openjdk-8/lib/ct.sym(META-INF/sym/rt.jar/java/util/AbstractSet.class)]]
[loading ZipFileIndexFileObject[/usr/local/openjdk-8/lib/ct.sym(META-INF/sym/rt.jar/java/util/AbstractCollection.class)]]
[loading ZipFileIndexFileObject[/usr/local/openjdk-8/lib/ct.sym(META-INF/sym/rt.jar/java/util/AbstractList.class)]]
[loading ZipFileIndexFileObject[/home/jdbl/.m2/repository/org/springframework/spring-beans/3.2.2.RELEASE/spring-beans-3.2.2.RELEASE.jar(org/springframework/beans/support/SortDefinition.class)]]
[loading ZipFileIndexFileObject[/usr/local/openjdk-8/lib/ct.sym(META-INF/sym/rt.jar/java/util/Comparator.class)]]
[loading ZipFileIndexFileObject[/usr/local/openjdk-8/lib/ct.sym(META-INF/sym/rt.jar/java/lang/Comparable.class)]]
[loading ZipFileIndexFileObject[/usr/local/openjdk-8/lib/ct.sym(META-INF/sym/rt.jar/java/lang/CharSequence.class)]]
[loading ZipFileIndexFileObject[/home/jdbl/.m2/repository/org/springframework/spring-beans/3.2.2.RELEASE/spring-beans-3.2.2.RELEASE.jar(org/springframework/beans/BeansException.class)]]
[checking org.springframework.samples.petclinic.model.Person]
[loading ZipFileIndexFileObject[/usr/local/openjdk-8/lib/ct.sym(META-INF/sym/rt.jar/java/util/Iterator.class)]]
[wrote RegularFileObject[/tmp/tmpdzgbzd_e/thymeleafexamples-petclinic/target/classes/org/springframework/samples/petclinic/model/Owner.class]]
[wrote RegularFileObject[/tmp/tmpdzgbzd_e/thymeleafexamples-petclinic/target/classes/org/springframework/samples/petclinic/model/Person.class]]
[checking org.springframework.samples.petclinic.model.Pet]
[wrote RegularFileObject[/tmp/tmpdzgbzd_e/thymeleafexamples-petclinic/target/classes/org/springframework/samples/petclinic/model/Pet.class]]
[checking org.springframework.samples.petclinic.model.Visit]
[wrote RegularFileObject[/tmp/tmpdzgbzd_e/thymeleafexamples-petclinic/target/classes/org/springframework/samples/petclinic/model/Visit.class]]
[checking org.springframework.samples.petclinic.model.Vet]
[wrote RegularFileObject[/tmp/tmpdzgbzd_e/thymeleafexamples-petclinic/target/classes/org/springframework/samples/petclinic/model/Vet.class]]
[checking org.springframework.samples.petclinic.model.Specialty]
[wrote RegularFileObject[/tmp/tmpdzgbzd_e/thymeleafexamples-petclinic/target/classes/org/springframework/samples/petclinic/model/Specialty.class]]
[checking org.springframework.samples.petclinic.repository.VisitRepository]
[wrote RegularFileObject[/tmp/tmpdzgbzd_e/thymeleafexamples-petclinic/target/classes/org/springframework/samples/petclinic/repository/VisitRepository.class]]
[checking org.springframework.samples.petclinic.repository.jdbc.JdbcPetRepositoryImpl]
[loading ZipFileIndexFileObject[/home/jdbl/.m2/repository/org/springframework/spring-jdbc/3.2.2.RELEASE/spring-jdbc-3.2.2.RELEASE.jar(org/springframework/jdbc/core/JdbcOperations.class)]]
[loading ZipFileIndexFileObject[/usr/local/openjdk-8/lib/ct.sym(META-INF/sym/rt.jar/javax/sql/CommonDataSource.class)]]
[loading ZipFileIndexFileObject[/usr/local/openjdk-8/lib/ct.sym(META-INF/sym/rt.jar/java/sql/Wrapper.class)]]
[loading ZipFileIndexFileObject[/home/jdbl/.m2/repository/org/springframework/spring-jdbc/3.2.2.RELEASE/spring-jdbc-3.2.2.RELEASE.jar(org/springframework/jdbc/core/simple/SimpleJdbcInsertOperations.class)]]
[loading ZipFileIndexFileObject[/home/jdbl/.m2/repository/org/springframework/spring-jdbc/3.2.2.RELEASE/spring-jdbc-3.2.2.RELEASE.jar(org/springframework/jdbc/core/simple/AbstractJdbcInsert.class)]]
[loading ZipFileIndexFileObject[/usr/local/openjdk-8/lib/ct.sym(META-INF/sym/rt.jar/java/util/AbstractMap.class)]]
[loading ZipFileIndexFileObject[/home/jdbl/.m2/repository/org/springframework/spring-jdbc/3.2.2.RELEASE/spring-jdbc-3.2.2.RELEASE.jar(org/springframework/jdbc/core/BeanPropertyRowMapper.class)]]
[loading ZipFileIndexFileObject[/home/jdbl/.m2/repository/org/springframework/spring-jdbc/3.2.2.RELEASE/spring-jdbc-3.2.2.RELEASE.jar(org/springframework/jdbc/core/namedparam/NamedParameterJdbcOperations.class)]]
[loading ZipFileIndexFileObject[/home/jdbl/.m2/repository/org/springframework/spring-jdbc/3.2.2.RELEASE/spring-jdbc-3.2.2.RELEASE.jar(org/springframework/jdbc/core/namedparam/SqlParameterSource.class)]]
[loading ZipFileIndexFileObject[/home/jdbl/.m2/repository/org/springframework/spring-jdbc/3.2.2.RELEASE/spring-jdbc-3.2.2.RELEASE.jar(org/springframework/jdbc/core/RowCallbackHandler.class)]]
[loading ZipFileIndexFileObject[/home/jdbl/.m2/repository/org/springframework/spring-jdbc/3.2.2.RELEASE/spring-jdbc-3.2.2.RELEASE.jar(org/springframework/jdbc/core/ResultSetExtractor.class)]]
[loading ZipFileIndexFileObject[/home/jdbl/.m2/repository/org/springframework/spring-tx/3.2.2.RELEASE/spring-tx-3.2.2.RELEASE.jar(org/springframework/dao/IncorrectResultSizeDataAccessException.class)]]
[loading ZipFileIndexFileObject[/home/jdbl/.m2/repository/org/springframework/spring-tx/3.2.2.RELEASE/spring-tx-3.2.2.RELEASE.jar(org/springframework/dao/DataRetrievalFailureException.class)]]
[loading ZipFileIndexFileObject[/home/jdbl/.m2/repository/org/springframework/spring-tx/3.2.2.RELEASE/spring-tx-3.2.2.RELEASE.jar(org/springframework/dao/NonTransientDataAccessException.class)]]
[loading ZipFileIndexFileObject[/home/jdbl/.m2/repository/org/springframework/spring-jdbc/3.2.2.RELEASE/spring-jdbc-3.2.2.RELEASE.jar(org/springframework/jdbc/core/namedparam/AbstractSqlParameterSource.class)]]
[loading ZipFileIndexFileObject[/home/jdbl/.m2/repository/joda-time/joda-time/2.2/joda-time-2.2.jar(org/joda/time/ReadableDateTime.class)]]
[loading ZipFileIndexFileObject[/home/jdbl/.m2/repository/joda-time/joda-time/2.2/joda-time-2.2.jar(org/joda/time/ReadableInstant.class)]]
[loading ZipFileIndexFileObject[/home/jdbl/.m2/repository/joda-time/joda-time/2.2/joda-time-2.2.jar(org/joda/time/base/BaseDateTime.class)]]
[loading ZipFileIndexFileObject[/home/jdbl/.m2/repository/joda-time/joda-time/2.2/joda-time-2.2.jar(org/joda/time/base/AbstractDateTime.class)]]
[loading ZipFileIndexFileObject[/home/jdbl/.m2/repository/joda-time/joda-time/2.2/joda-time-2.2.jar(org/joda/time/base/AbstractInstant.class)]]
[loading ZipFileIndexFileObject[/usr/local/openjdk-8/lib/ct.sym(META-INF/sym/rt.jar/java/lang/Byte.class)]]
[loading ZipFileIndexFileObject[/usr/local/openjdk-8/lib/ct.sym(META-INF/sym/rt.jar/java/lang/Character.class)]]
[loading ZipFileIndexFileObject[/usr/local/openjdk-8/lib/ct.sym(META-INF/sym/rt.jar/java/lang/Short.class)]]
[loading ZipFileIndexFileObject[/usr/local/openjdk-8/lib/ct.sym(META-INF/sym/rt.jar/java/lang/Long.class)]]
[loading ZipFileIndexFileObject[/usr/local/openjdk-8/lib/ct.sym(META-INF/sym/rt.jar/java/lang/Float.class)]]
[loading ZipFileIndexFileObject[/usr/local/openjdk-8/lib/ct.sym(META-INF/sym/rt.jar/java/lang/Double.class)]]
[loading ZipFileIndexFileObject[/usr/local/openjdk-8/lib/ct.sym(META-INF/sym/rt.jar/java/lang/Boolean.class)]]
[loading ZipFileIndexFileObject[/usr/local/openjdk-8/lib/ct.sym(META-INF/sym/rt.jar/java/lang/Void.class)]]
[wrote RegularFileObject[/tmp/tmpdzgbzd_e/thymeleafexamples-petclinic/target/classes/org/springframework/samples/petclinic/repository/jdbc/JdbcPetRepositoryImpl.class]]
[checking org.springframework.samples.petclinic.repository.PetRepository]
[wrote RegularFileObject[/tmp/tmpdzgbzd_e/thymeleafexamples-petclinic/target/classes/org/springframework/samples/petclinic/repository/PetRepository.class]]
[checking org.springframework.samples.petclinic.repository.OwnerRepository]
[wrote RegularFileObject[/tmp/tmpdzgbzd_e/thymeleafexamples-petclinic/target/classes/org/springframework/samples/petclinic/repository/OwnerRepository.class]]
[checking org.springframework.samples.petclinic.web.CrashController]
[wrote RegularFileObject[/tmp/tmpdzgbzd_e/thymeleafexamples-petclinic/target/classes/org/springframework/samples/petclinic/web/CrashController.class]]
[checking org.springframework.samples.petclinic.repository.jdbc.JdbcVisitRepositoryImpl]
[loading ZipFileIndexFileObject[/usr/local/openjdk-8/lib/ct.sym(META-INF/sym/rt.jar/java/lang/UnsupportedOperationException.class)]]
[loading ZipFileIndexFileObject[/home/jdbl/.m2/repository/org/springframework/spring-jdbc/3.2.2.RELEASE/spring-jdbc-3.2.2.RELEASE.jar(org/springframework/jdbc/core/PreparedStatementSetter.class)]]
[loading ZipFileIndexFileObject[/home/jdbl/.m2/repository/org/springframework/spring-jdbc/3.2.2.RELEASE/spring-jdbc-3.2.2.RELEASE.jar(org/springframework/jdbc/core/PreparedStatementCreator.class)]]
[loading ZipFileIndexFileObject[/home/jdbl/.m2/repository/org/springframework/spring-jdbc/3.2.2.RELEASE/spring-jdbc-3.2.2.RELEASE.jar(org/springframework/jdbc/support/JdbcAccessor.class)]]
[loading ZipFileIndexFileObject[/home/jdbl/.m2/repository/org/springframework/spring-beans/3.2.2.RELEASE/spring-beans-3.2.2.RELEASE.jar(org/springframework/beans/factory/InitializingBean.class)]]
[loading ZipFileIndexFileObject[/usr/local/openjdk-8/lib/ct.sym(META-INF/sym/rt.jar/java/sql/Date.class)]]
[loading ZipFileIndexFileObject[/home/jdbl/.m2/repository/joda-time/joda-time/2.2/joda-time-2.2.jar(org/joda/time/Chronology.class)]]
[loading ZipFileIndexFileObject[/home/jdbl/.m2/repository/joda-time/joda-time/2.2/joda-time-2.2.jar(org/joda/time/DateTimeZone.class)]]
[wrote RegularFileObject[/tmp/tmpdzgbzd_e/thymeleafexamples-petclinic/target/classes/org/springframework/samples/petclinic/repository/jdbc/JdbcVisitRepositoryImpl$1.class]]
[wrote RegularFileObject[/tmp/tmpdzgbzd_e/thymeleafexamples-petclinic/target/classes/org/springframework/samples/petclinic/repository/jdbc/JdbcVisitRepositoryImpl.class]]
[checking org.springframework.samples.petclinic.repository.jdbc.JdbcPetRowMapper]
[wrote RegularFileObject[/tmp/tmpdzgbzd_e/thymeleafexamples-petclinic/target/classes/org/springframework/samples/petclinic/repository/jdbc/JdbcPetRowMapper.class]]
[checking org.springframework.samples.petclinic.repository.jdbc.JdbcPet]
[wrote RegularFileObject[/tmp/tmpdzgbzd_e/thymeleafexamples-petclinic/target/classes/org/springframework/samples/petclinic/repository/jdbc/JdbcPet.class]]
[checking org.springframework.samples.petclinic.model.Vets]
[wrote RegularFileObject[/tmp/tmpdzgbzd_e/thymeleafexamples-petclinic/target/classes/org/springframework/samples/petclinic/model/Vets.class]]
[checking org.springframework.samples.petclinic.web.OwnerController]
[loading ZipFileIndexFileObject[/home/jdbl/.m2/repository/org/springframework/spring-context/3.2.2.RELEASE/spring-context-3.2.2.RELEASE.jar(org/springframework/validation/DataBinder.class)]]
[loading ZipFileIndexFileObject[/home/jdbl/.m2/repository/org/springframework/spring-beans/3.2.2.RELEASE/spring-beans-3.2.2.RELEASE.jar(org/springframework/beans/PropertyEditorRegistry.class)]]
[loading ZipFileIndexFileObject[/home/jdbl/.m2/repository/org/springframework/spring-beans/3.2.2.RELEASE/spring-beans-3.2.2.RELEASE.jar(org/springframework/beans/TypeConverter.class)]]
[loading ZipFileIndexFileObject[/usr/local/openjdk-8/lib/ct.sym(META-INF/sym/rt.jar/java/lang/StringBuilder.class)]]
[loading ZipFileIndexFileObject[/usr/local/openjdk-8/lib/ct.sym(META-INF/sym/rt.jar/java/lang/AbstractStringBuilder.class)]]
[loading ZipFileIndexFileObject[/usr/local/openjdk-8/lib/ct.sym(META-INF/sym/rt.jar/java/lang/Appendable.class)]]
[loading ZipFileIndexFileObject[/usr/local/openjdk-8/lib/ct.sym(META-INF/sym/rt.jar/java/lang/StringBuffer.class)]]
[wrote RegularFileObject[/tmp/tmpdzgbzd_e/thymeleafexamples-petclinic/target/classes/org/springframework/samples/petclinic/web/OwnerController.class]]
[checking org.springframework.samples.petclinic.repository.jpa.JpaOwnerRepositoryImpl]
[loading ZipFileIndexFileObject[/home/jdbl/.m2/repository/org/hibernate/javax/persistence/hibernate-jpa-2.0-api/1.0.1.Final/hibernate-jpa-2.0-api-1.0.1.Final.jar(javax/persistence/TypedQuery.class)]]
[loading ZipFileIndexFileObject[/home/jdbl/.m2/repository/org/hibernate/javax/persistence/hibernate-jpa-2.0-api/1.0.1.Final/hibernate-jpa-2.0-api-1.0.1.Final.jar(javax/persistence/criteria/CriteriaQuery.class)]]
[loading ZipFileIndexFileObject[/home/jdbl/.m2/repository/org/hibernate/javax/persistence/hibernate-jpa-2.0-api/1.0.1.Final/hibernate-jpa-2.0-api-1.0.1.Final.jar(javax/persistence/Parameter.class)]]
[wrote RegularFileObject[/tmp/tmpdzgbzd_e/thymeleafexamples-petclinic/target/classes/org/springframework/samples/petclinic/repository/jpa/JpaOwnerRepositoryImpl.class]]
[checking org.springframework.samples.petclinic.repository.jpa.JpaVetRepositoryImpl]
[wrote RegularFileObject[/tmp/tmpdzgbzd_e/thymeleafexamples-petclinic/target/classes/org/springframework/samples/petclinic/repository/jpa/JpaVetRepositoryImpl.class]]
[checking org.springframework.samples.petclinic.repository.VetRepository]
[wrote RegularFileObject[/tmp/tmpdzgbzd_e/thymeleafexamples-petclinic/target/classes/org/springframework/samples/petclinic/repository/VetRepository.class]]
[checking org.springframework.samples.petclinic.repository.springdatajpa.SpringDataVetRepository]
[wrote RegularFileObject[/tmp/tmpdzgbzd_e/thymeleafexamples-petclinic/target/classes/org/springframework/samples/petclinic/repository/springdatajpa/SpringDataVetRepository.class]]
[checking org.springframework.samples.petclinic.web.VetsAtomView]
[loading ZipFileIndexFileObject[/home/jdbl/.m2/repository/rome/rome/1.0/rome-1.0.jar(com/sun/syndication/feed/WireFeed.class)]]
[loading ZipFileIndexFileObject[/usr/local/openjdk-8/lib/ct.sym(META-INF/sym/rt.jar/java/lang/Cloneable.class)]]
[loading ZipFileIndexFileObject[/home/jdbl/.m2/repository/rome/rome/1.0/rome-1.0.jar(com/sun/syndication/feed/module/Extendable.class)]]
[loading ZipFileIndexFileObject[/home/jdbl/.m2/repository/javax/servlet/servlet-api/2.5/servlet-api-2.5.jar(javax/servlet/ServletResponse.class)]]
[wrote RegularFileObject[/tmp/tmpdzgbzd_e/thymeleafexamples-petclinic/target/classes/org/springframework/samples/petclinic/web/VetsAtomView.class]]
[checking org.springframework.samples.petclinic.util.CallMonitoringAspect]
[loading ZipFileIndexFileObject[/home/jdbl/.m2/repository/org/aspectj/aspectjrt/1.7.2/aspectjrt-1.7.2.jar(org/aspectj/lang/JoinPoint.class)]]
[loading ZipFileIndexFileObject[/usr/local/openjdk-8/lib/ct.sym(META-INF/sym/rt.jar/java/lang/IllegalStateException.class)]]
[wrote RegularFileObject[/tmp/tmpdzgbzd_e/thymeleafexamples-petclinic/target/classes/org/springframework/samples/petclinic/util/CallMonitoringAspect.class]]
[checking org.springframework.samples.petclinic.repository.jdbc.JdbcOwnerRepositoryImpl]
[wrote RegularFileObject[/tmp/tmpdzgbzd_e/thymeleafexamples-petclinic/target/classes/org/springframework/samples/petclinic/repository/jdbc/JdbcOwnerRepositoryImpl.class]]
[checking org.springframework.samples.petclinic.web.PetValidator]
[wrote RegularFileObject[/tmp/tmpdzgbzd_e/thymeleafexamples-petclinic/target/classes/org/springframework/samples/petclinic/web/PetValidator.class]]
[checking org.springframework.samples.petclinic.repository.springdatajpa.SpringDataVisitRepository]
[wrote RegularFileObject[/tmp/tmpdzgbzd_e/thymeleafexamples-petclinic/target/classes/org/springframework/samples/petclinic/repository/springdatajpa/SpringDataVisitRepository.class]]
[checking org.springframework.samples.petclinic.web.VisitController]
[wrote RegularFileObject[/tmp/tmpdzgbzd_e/thymeleafexamples-petclinic/target/classes/org/springframework/samples/petclinic/web/VisitController.class]]
[checking org.springframework.samples.petclinic.repository.springdatajpa.JpaOwnerRepositoryImpl]
[wrote RegularFileObject[/tmp/tmpdzgbzd_e/thymeleafexamples-petclinic/target/classes/org/springframework/samples/petclinic/repository/springdatajpa/JpaOwnerRepositoryImpl.class]]
[checking org.springframework.samples.petclinic.repository.jpa.JpaPetRepositoryImpl]
[wrote RegularFileObject[/tmp/tmpdzgbzd_e/thymeleafexamples-petclinic/target/classes/org/springframework/samples/petclinic/repository/jpa/JpaPetRepositoryImpl.class]]
[checking org.springframework.samples.petclinic.service.ClinicServiceImpl]
[wrote RegularFileObject[/tmp/tmpdzgbzd_e/thymeleafexamples-petclinic/target/classes/org/springframework/samples/petclinic/service/ClinicServiceImpl.class]]
[checking org.springframework.samples.petclinic.repository.jpa.JpaVisitRepositoryImpl]
[wrote RegularFileObject[/tmp/tmpdzgbzd_e/thymeleafexamples-petclinic/target/classes/org/springframework/samples/petclinic/repository/jpa/JpaVisitRepositoryImpl.class]]
[checking org.springframework.samples.petclinic.repository.jdbc.JdbcVetRepositoryImpl]
[wrote RegularFileObject[/tmp/tmpdzgbzd_e/thymeleafexamples-petclinic/target/classes/org/springframework/samples/petclinic/repository/jdbc/JdbcVetRepositoryImpl$1.class]]
[wrote RegularFileObject[/tmp/tmpdzgbzd_e/thymeleafexamples-petclinic/target/classes/org/springframework/samples/petclinic/repository/jdbc/JdbcVetRepositoryImpl.class]]
[checking org.springframework.samples.petclinic.repository.springdatajpa.SpringDataPetRepository]
[wrote RegularFileObject[/tmp/tmpdzgbzd_e/thymeleafexamples-petclinic/target/classes/org/springframework/samples/petclinic/repository/springdatajpa/SpringDataPetRepository.class]]
[checking org.springframework.samples.petclinic.util.EntityUtils]
[loading ZipFileIndexFileObject[/usr/local/openjdk-8/lib/ct.sym(META-INF/sym/rt.jar/java/lang/reflect/GenericDeclaration.class)]]
[loading ZipFileIndexFileObject[/usr/local/openjdk-8/lib/ct.sym(META-INF/sym/rt.jar/java/lang/reflect/AnnotatedElement.class)]]
[loading ZipFileIndexFileObject[/usr/local/openjdk-8/lib/ct.sym(META-INF/sym/rt.jar/java/lang/reflect/Type.class)]]
[wrote RegularFileObject[/tmp/tmpdzgbzd_e/thymeleafexamples-petclinic/target/classes/org/springframework/samples/petclinic/util/EntityUtils.class]]
[checking org.springframework.samples.petclinic.web.PetTypeFormatter]
[wrote RegularFileObject[/tmp/tmpdzgbzd_e/thymeleafexamples-petclinic/target/classes/org/springframework/samples/petclinic/web/PetTypeFormatter.class]]
[checking org.springframework.samples.petclinic.web.PetController]
[wrote RegularFileObject[/tmp/tmpdzgbzd_e/thymeleafexamples-petclinic/target/classes/org/springframework/samples/petclinic/web/PetController.class]]
[total 1304ms]
[WARNING] bootstrap class path not set in conjunction with -source 1.6
[INFO] 
[INFO] --- maven-resources-plugin:2.6:testResources (default-testResources) @ petclinic ---
[INFO] Using 'UTF-8' encoding to copy filtered resources.
[INFO] Copying 1 resource
[INFO] 
[INFO] --- maven-compiler-plugin:3.0:testCompile (default-testCompile) @ petclinic ---
[INFO] Changes detected - recompiling the module!
[INFO] Compiling 6 source files to /tmp/tmpdzgbzd_e/thymeleafexamples-petclinic/target/test-classes
[parsing started RegularFileObject[/tmp/tmpdzgbzd_e/thymeleafexamples-petclinic/src/test/java/org/springframework/samples/petclinic/web/VisitsViewTest.java]]
[parsing completed 1ms]
[parsing started RegularFileObject[/tmp/tmpdzgbzd_e/thymeleafexamples-petclinic/src/test/java/org/springframework/samples/petclinic/service/AbstractClinicServiceTests.java]]
[parsing completed 2ms]
[parsing started RegularFileObject[/tmp/tmpdzgbzd_e/thymeleafexamples-petclinic/src/test/java/org/springframework/samples/petclinic/service/ClinicServiceJpaTests.java]]
[parsing completed 1ms]
[parsing started RegularFileObject[/tmp/tmpdzgbzd_e/thymeleafexamples-petclinic/src/test/java/org/springframework/samples/petclinic/model/OwnerTests.java]]
[parsing completed 0ms]
[parsing started RegularFileObject[/tmp/tmpdzgbzd_e/thymeleafexamples-petclinic/src/test/java/org/springframework/samples/petclinic/service/ClinicServiceSpringDataJpaTests.java]]
[parsing completed 0ms]
[parsing started RegularFileObject[/tmp/tmpdzgbzd_e/thymeleafexamples-petclinic/src/test/java/org/springframework/samples/petclinic/service/ClinicServiceJdbcTests.java]]
[parsing completed 1ms]
[search path for source files: /tmp/tmpdzgbzd_e/thymeleafexamples-petclinic/src/test/java]
[search path for class files: /usr/local/openjdk-8/jre/lib/resources.jar,/usr/local/openjdk-8/jre/lib/rt.jar,/usr/local/openjdk-8/jre/lib/sunrsasign.jar,/usr/local/openjdk-8/jre/lib/jsse.jar,/usr/local/openjdk-8/jre/lib/jce.jar,/usr/local/openjdk-8/jre/lib/charsets.jar,/usr/local/openjdk-8/jre/lib/jfr.jar,/usr/local/openjdk-8/jre/classes,/usr/local/openjdk-8/jre/lib/ext/sunec.jar,/usr/local/openjdk-8/jre/lib/ext/dnsns.jar,/usr/local/openjdk-8/jre/lib/ext/zipfs.jar,/usr/local/openjdk-8/jre/lib/ext/localedata.jar,/usr/local/openjdk-8/jre/lib/ext/jaccess.jar,/usr/local/openjdk-8/jre/lib/ext/sunpkcs11.jar,/usr/local/openjdk-8/jre/lib/ext/cldrdata.jar,/usr/local/openjdk-8/jre/lib/ext/nashorn.jar,/usr/local/openjdk-8/jre/lib/ext/sunjce_provider.jar,/tmp/tmpdzgbzd_e/thymeleafexamples-petclinic/target/test-classes,/tmp/tmpdzgbzd_e/thymeleafexamples-petclinic/target/classes,/home/jdbl/.m2/repository/org/jadira/usertype/usertype.core/3.1.0.CR1/usertype.core-3.1.0.CR1.jar,/home/jdbl/.m2/repository/org/jadira/usertype/usertype.spi/3.1.0.CR1/usertype.spi-3.1.0.CR1.jar,/home/jdbl/.m2/repository/javax/validation/validation-api/1.0.0.GA/validation-api-1.0.0.GA.jar,/home/jdbl/.m2/repository/javax/servlet/servlet-api/2.5/servlet-api-2.5.jar,/home/jdbl/.m2/repository/javax/xml/bind/jaxb-api/2.2.7/jaxb-api-2.2.7.jar,/home/jdbl/.m2/repository/com/sun/xml/bind/jaxb-impl/2.2.7-b53/jaxb-impl-2.2.7-b53.jar,/home/jdbl/.m2/repository/com/sun/xml/bind/jaxb-impl/2.2.7-b53/jaxb-api.jar,/home/jdbl/.m2/repository/org/thymeleaf/thymeleaf/2.1.3.RELEASE/thymeleaf-2.1.3.RELEASE.jar,/home/jdbl/.m2/repository/ognl/ognl/3.0.6/ognl-3.0.6.jar,/home/jdbl/.m2/repository/org/javassist/javassist/3.16.1-GA/javassist-3.16.1-GA.jar,/home/jdbl/.m2/repository/org/unbescape/unbescape/1.0/unbescape-1.0.jar,/home/jdbl/.m2/repository/org/thymeleaf/thymeleaf-spring3/2.1.3.RELEASE/thymeleaf-spring3-2.1.3.RELEASE.jar,/home/jdbl/.m2/repository/org/springframework/data/spring-data-jpa/1.3.0.RELEASE/spring-data-jpa-1.3.0.RELEASE.jar,/home/jdbl/.m2/repository/org/springframework/data/spring-data-commons/1.5.0.RELEASE/spring-data-commons-1.5.0.RELEASE.jar,/home/jdbl/.m2/repository/org/springframework/spring-core/3.2.2.RELEASE/spring-core-3.2.2.RELEASE.jar,/home/jdbl/.m2/repository/commons-logging/commons-logging/1.1.1/commons-logging-1.1.1.jar,/home/jdbl/.m2/repository/org/springframework/spring-beans/3.2.2.RELEASE/spring-beans-3.2.2.RELEASE.jar,/home/jdbl/.m2/repository/org/springframework/spring-context/3.2.2.RELEASE/spring-context-3.2.2.RELEASE.jar,/home/jdbl/.m2/repository/org/springframework/spring-expression/3.2.2.RELEASE/spring-expression-3.2.2.RELEASE.jar,/home/jdbl/.m2/repository/org/springframework/spring-jdbc/3.2.2.RELEASE/spring-jdbc-3.2.2.RELEASE.jar,/home/jdbl/.m2/repository/org/springframework/spring-aop/3.2.2.RELEASE/spring-aop-3.2.2.RELEASE.jar,/home/jdbl/.m2/repository/aopalliance/aopalliance/1.0/aopalliance-1.0.jar,/home/jdbl/.m2/repository/org/springframework/spring-webmvc/3.2.2.RELEASE/spring-webmvc-3.2.2.RELEASE.jar,/home/jdbl/.m2/repository/org/springframework/spring-web/3.2.2.RELEASE/spring-web-3.2.2.RELEASE.jar,/home/jdbl/.m2/repository/org/springframework/spring-tx/3.2.2.RELEASE/spring-tx-3.2.2.RELEASE.jar,/home/jdbl/.m2/repository/org/springframework/spring-context-support/3.2.2.RELEASE/spring-context-support-3.2.2.RELEASE.jar,/home/jdbl/.m2/repository/org/springframework/spring-orm/3.2.2.RELEASE/spring-orm-3.2.2.RELEASE.jar,/home/jdbl/.m2/repository/org/springframework/spring-oxm/3.2.2.RELEASE/spring-oxm-3.2.2.RELEASE.jar,/home/jdbl/.m2/repository/org/springframework/spring-jms/3.2.2.RELEASE/spring-jms-3.2.2.RELEASE.jar,/home/jdbl/.m2/repository/commons-dbcp/commons-dbcp/1.4/commons-dbcp-1.4.jar,/home/jdbl/.m2/repository/commons-pool/commons-pool/1.5.4/commons-pool-1.5.4.jar,/home/jdbl/.m2/repository/org/slf4j/jcl-over-slf4j/1.7.2/jcl-over-slf4j-1.7.2.jar,/home/jdbl/.m2/repository/org/slf4j/slf4j-api/1.7.2/slf4j-api-1.7.2.jar,/home/jdbl/.m2/repository/org/slf4j/jul-to-slf4j/1.7.2/jul-to-slf4j-1.7.2.jar,/home/jdbl/.m2/repository/ch/qos/logback/logback-classic/1.0.9/logback-classic-1.0.9.jar,/home/jdbl/.m2/repository/ch/qos/logback/logback-core/1.0.9/logback-core-1.0.9.jar,/home/jdbl/.m2/repository/rome/rome/1.0/rome-1.0.jar,/home/jdbl/.m2/repository/jdom/jdom/1.0/jdom-1.0.jar,/home/jdbl/.m2/repository/joda-time/joda-time/2.2/joda-time-2.2.jar,/home/jdbl/.m2/repository/joda-time/joda-time-hibernate/1.3/joda-time-hibernate-1.3.jar,/home/jdbl/.m2/repository/org/hsqldb/hsqldb/2.2.9/hsqldb-2.2.9.jar,/home/jdbl/.m2/repository/org/hibernate/hibernate-core/4.1.9.Final/hibernate-core-4.1.9.Final.jar,/home/jdbl/.m2/repository/antlr/antlr/2.7.7/antlr-2.7.7.jar,/home/jdbl/.m2/repository/org/jboss/logging/jboss-logging/3.1.0.GA/jboss-logging-3.1.0.GA.jar,/home/jdbl/.m2/repository/org/jboss/spec/javax/transaction/jboss-transaction-api_1.1_spec/1.0.0.Final/jboss-transaction-api_1.1_spec-1.0.0.Final.jar,/home/jdbl/.m2/repository/dom4j/dom4j/1.6.1/dom4j-1.6.1.jar,/home/jdbl/.m2/repository/org/hibernate/common/hibernate-commons-annotations/4.0.1.Final/hibernate-commons-annotations-4.0.1.Final.jar,/home/jdbl/.m2/repository/org/hibernate/hibernate-entitymanager/4.1.9.Final/hibernate-entitymanager-4.1.9.Final.jar,/home/jdbl/.m2/repository/org/hibernate/javax/persistence/hibernate-jpa-2.0-api/1.0.1.Final/hibernate-jpa-2.0-api-1.0.1.Final.jar,/home/jdbl/.m2/repository/org/hibernate/hibernate-validator/4.3.0.Final/hibernate-validator-4.3.0.Final.jar,/home/jdbl/.m2/repository/org/hibernate/hibernate-ehcache/4.1.9.Final/hibernate-ehcache-4.1.9.Final.jar,/home/jdbl/.m2/repository/net/sf/ehcache/ehcache-core/2.6.5/ehcache-core-2.6.5.jar,/home/jdbl/.m2/repository/org/webjars/bootstrap/2.3.0/bootstrap-2.3.0.jar,/home/jdbl/.m2/repository/org/webjars/jquery-ui/1.9.2/jquery-ui-1.9.2.jar,/home/jdbl/.m2/repository/org/webjars/jquery/1.9.0/jquery-1.9.0.jar,/home/jdbl/.m2/repository/org/springframework/spring-test/3.2.2.RELEASE/spring-test-3.2.2.RELEASE.jar,/home/jdbl/.m2/repository/junit/junit/4.11/junit-4.11.jar,/home/jdbl/.m2/repository/org/hamcrest/hamcrest-library/1.3/hamcrest-library-1.3.jar,/home/jdbl/.m2/repository/org/hamcrest/hamcrest-core/1.3/hamcrest-core-1.3.jar,/home/jdbl/.m2/repository/org/aspectj/aspectjrt/1.7.2/aspectjrt-1.7.2.jar,/home/jdbl/.m2/repository/org/aspectj/aspectjweaver/1.7.2/aspectjweaver-1.7.2.jar,.]
[loading ZipFileIndexFileObject[/home/jdbl/.m2/repository/org/hamcrest/hamcrest-library/1.3/hamcrest-library-1.3.jar(org/hamcrest/Matchers.class)]]
[loading ZipFileIndexFileObject[/usr/local/openjdk-8/lib/ct.sym(META-INF/sym/rt.jar/java/lang/Object.class)]]
[loading ZipFileIndexFileObject[/home/jdbl/.m2/repository/org/springframework/spring-test/3.2.2.RELEASE/spring-test-3.2.2.RELEASE.jar(org/springframework/test/web/servlet/request/MockMvcRequestBuilders.class)]]
[loading ZipFileIndexFileObject[/home/jdbl/.m2/repository/org/springframework/spring-test/3.2.2.RELEASE/spring-test-3.2.2.RELEASE.jar(org/springframework/test/web/servlet/result/MockMvcResultHandlers.class)]]
[loading ZipFileIndexFileObject[/home/jdbl/.m2/repository/org/springframework/spring-test/3.2.2.RELEASE/spring-test-3.2.2.RELEASE.jar(org/springframework/test/web/servlet/result/MockMvcResultMatchers.class)]]
[loading ZipFileIndexFileObject[/home/jdbl/.m2/repository/junit/junit/4.11/junit-4.11.jar(org/junit/Before.class)]]
[loading ZipFileIndexFileObject[/home/jdbl/.m2/repository/junit/junit/4.11/junit-4.11.jar(org/junit/Test.class)]]
[loading ZipFileIndexFileObject[/home/jdbl/.m2/repository/junit/junit/4.11/junit-4.11.jar(org/junit/runner/RunWith.class)]]
[loading ZipFileIndexFileObject[/home/jdbl/.m2/repository/org/springframework/spring-beans/3.2.2.RELEASE/spring-beans-3.2.2.RELEASE.jar(org/springframework/beans/factory/annotation/Autowired.class)]]
[loading ZipFileIndexFileObject[/home/jdbl/.m2/repository/org/springframework/spring-web/3.2.2.RELEASE/spring-web-3.2.2.RELEASE.jar(org/springframework/http/MediaType.class)]]
[loading ZipFileIndexFileObject[/home/jdbl/.m2/repository/org/springframework/spring-test/3.2.2.RELEASE/spring-test-3.2.2.RELEASE.jar(org/springframework/test/context/ActiveProfiles.class)]]
[loading ZipFileIndexFileObject[/home/jdbl/.m2/repository/org/springframework/spring-test/3.2.2.RELEASE/spring-test-3.2.2.RELEASE.jar(org/springframework/test/context/ContextConfiguration.class)]]
[loading ZipFileIndexFileObject[/home/jdbl/.m2/repository/org/springframework/spring-test/3.2.2.RELEASE/spring-test-3.2.2.RELEASE.jar(org/springframework/test/context/junit4/SpringJUnit4ClassRunner.class)]]
[loading ZipFileIndexFileObject[/home/jdbl/.m2/repository/org/springframework/spring-test/3.2.2.RELEASE/spring-test-3.2.2.RELEASE.jar(org/springframework/test/context/web/WebAppConfiguration.class)]]
[loading ZipFileIndexFileObject[/home/jdbl/.m2/repository/org/springframework/spring-test/3.2.2.RELEASE/spring-test-3.2.2.RELEASE.jar(org/springframework/test/web/servlet/MockMvc.class)]]
[loading ZipFileIndexFileObject[/home/jdbl/.m2/repository/org/springframework/spring-test/3.2.2.RELEASE/spring-test-3.2.2.RELEASE.jar(org/springframework/test/web/servlet/ResultActions.class)]]
[loading ZipFileIndexFileObject[/home/jdbl/.m2/repository/org/springframework/spring-test/3.2.2.RELEASE/spring-test-3.2.2.RELEASE.jar(org/springframework/test/web/servlet/setup/MockMvcBuilders.class)]]
[loading ZipFileIndexFileObject[/home/jdbl/.m2/repository/org/springframework/spring-web/3.2.2.RELEASE/spring-web-3.2.2.RELEASE.jar(org/springframework/web/context/WebApplicationContext.class)]]
[loading ZipFileIndexFileObject[/usr/local/openjdk-8/lib/ct.sym(META-INF/sym/rt.jar/java/lang/Exception.class)]]
[loading ZipFileIndexFileObject[/home/jdbl/.m2/repository/junit/junit/4.11/junit-4.11.jar(org/junit/Assert.class)]]
[loading ZipFileIndexFileObject[/usr/local/openjdk-8/lib/ct.sym(META-INF/sym/rt.jar/java/util/Collection.class)]]
[loading ZipFileIndexFileObject[/home/jdbl/.m2/repository/joda-time/joda-time/2.2/joda-time-2.2.jar(org/joda/time/DateTime.class)]]
[loading RegularFileObject[/tmp/tmpdzgbzd_e/thymeleafexamples-petclinic/target/classes/org/springframework/samples/petclinic/model/Owner.class]]
[loading RegularFileObject[/tmp/tmpdzgbzd_e/thymeleafexamples-petclinic/target/classes/org/springframework/samples/petclinic/model/Pet.class]]
[loading RegularFileObject[/tmp/tmpdzgbzd_e/thymeleafexamples-petclinic/target/classes/org/springframework/samples/petclinic/model/PetType.class]]
[loading RegularFileObject[/tmp/tmpdzgbzd_e/thymeleafexamples-petclinic/target/classes/org/springframework/samples/petclinic/model/Vet.class]]
[loading RegularFileObject[/tmp/tmpdzgbzd_e/thymeleafexamples-petclinic/target/classes/org/springframework/samples/petclinic/model/Visit.class]]
[loading RegularFileObject[/tmp/tmpdzgbzd_e/thymeleafexamples-petclinic/target/classes/org/springframework/samples/petclinic/util/EntityUtils.class]]
[loading ZipFileIndexFileObject[/home/jdbl/.m2/repository/org/springframework/spring-tx/3.2.2.RELEASE/spring-tx-3.2.2.RELEASE.jar(org/springframework/transaction/annotation/Transactional.class)]]
[loading RegularFileObject[/tmp/tmpdzgbzd_e/thymeleafexamples-petclinic/target/classes/org/springframework/samples/petclinic/service/ClinicService.class]]
[loading ZipFileIndexFileObject[/usr/local/openjdk-8/lib/ct.sym(META-INF/sym/rt.jar/java/lang/annotation/Retention.class)]]
[loading ZipFileIndexFileObject[/usr/local/openjdk-8/lib/ct.sym(META-INF/sym/rt.jar/java/lang/annotation/RetentionPolicy.class)]]
[loading ZipFileIndexFileObject[/usr/local/openjdk-8/lib/ct.sym(META-INF/sym/rt.jar/java/lang/annotation/Target.class)]]
[loading ZipFileIndexFileObject[/usr/local/openjdk-8/lib/ct.sym(META-INF/sym/rt.jar/java/lang/annotation/ElementType.class)]]
[loading ZipFileIndexFileObject[/usr/local/openjdk-8/lib/ct.sym(META-INF/sym/rt.jar/java/lang/annotation/Annotation.class)]]
[loading ZipFileIndexFileObject[/usr/local/openjdk-8/lib/ct.sym(META-INF/sym/rt.jar/java/lang/Class.class)]]
[loading ZipFileIndexFileObject[/home/jdbl/.m2/repository/junit/junit/4.11/junit-4.11.jar(org/junit/runners/BlockJUnit4ClassRunner.class)]]
[loading ZipFileIndexFileObject[/home/jdbl/.m2/repository/junit/junit/4.11/junit-4.11.jar(org/junit/runners/ParentRunner.class)]]
[loading ZipFileIndexFileObject[/usr/local/openjdk-8/lib/ct.sym(META-INF/sym/rt.jar/java/lang/String.class)]]
[loading ZipFileIndexFileObject[/home/jdbl/.m2/repository/org/hibernate/javax/persistence/hibernate-jpa-2.0-api/1.0.1.Final/hibernate-jpa-2.0-api-1.0.1.Final.jar(javax/persistence/Table.class)]]
[loading ZipFileIndexFileObject[/home/jdbl/.m2/repository/org/hibernate/javax/persistence/hibernate-jpa-2.0-api/1.0.1.Final/hibernate-jpa-2.0-api-1.0.1.Final.jar(javax/persistence/Column.class)]]
[loading ZipFileIndexFileObject[/home/jdbl/.m2/repository/javax/validation/validation-api/1.0.0.GA/validation-api-1.0.0.GA.jar(javax/validation/constraints/Digits.class)]]
[loading ZipFileIndexFileObject[/home/jdbl/.m2/repository/org/hibernate/javax/persistence/hibernate-jpa-2.0-api/1.0.1.Final/hibernate-jpa-2.0-api-1.0.1.Final.jar(javax/persistence/OneToMany.class)]]
[loading ZipFileIndexFileObject[/home/jdbl/.m2/repository/org/hibernate/javax/persistence/hibernate-jpa-2.0-api/1.0.1.Final/hibernate-jpa-2.0-api-1.0.1.Final.jar(javax/persistence/CascadeType.class)]]
[loading ZipFileIndexFileObject[/home/jdbl/.m2/repository/org/hibernate/hibernate-core/4.1.9.Final/hibernate-core-4.1.9.Final.jar(org/hibernate/annotations/Type.class)]]
[loading ZipFileIndexFileObject[/home/jdbl/.m2/repository/org/springframework/spring-context/3.2.2.RELEASE/spring-context-3.2.2.RELEASE.jar(org/springframework/format/annotation/DateTimeFormat.class)]]
[loading ZipFileIndexFileObject[/home/jdbl/.m2/repository/org/hibernate/javax/persistence/hibernate-jpa-2.0-api/1.0.1.Final/hibernate-jpa-2.0-api-1.0.1.Final.jar(javax/persistence/JoinColumn.class)]]
[loading ZipFileIndexFileObject[/home/jdbl/.m2/repository/org/hibernate/javax/persistence/hibernate-jpa-2.0-api/1.0.1.Final/hibernate-jpa-2.0-api-1.0.1.Final.jar(javax/persistence/FetchType.class)]]
[loading ZipFileIndexFileObject[/home/jdbl/.m2/repository/org/hibernate/javax/persistence/hibernate-jpa-2.0-api/1.0.1.Final/hibernate-jpa-2.0-api-1.0.1.Final.jar(javax/persistence/ManyToMany.class)]]
[loading ZipFileIndexFileObject[/home/jdbl/.m2/repository/org/hibernate/javax/persistence/hibernate-jpa-2.0-api/1.0.1.Final/hibernate-jpa-2.0-api-1.0.1.Final.jar(javax/persistence/JoinTable.class)]]
[loading ZipFileIndexFileObject[/home/jdbl/.m2/repository/org/springframework/spring-tx/3.2.2.RELEASE/spring-tx-3.2.2.RELEASE.jar(org/springframework/transaction/annotation/Propagation.class)]]
[loading ZipFileIndexFileObject[/home/jdbl/.m2/repository/org/springframework/spring-tx/3.2.2.RELEASE/spring-tx-3.2.2.RELEASE.jar(org/springframework/transaction/annotation/Isolation.class)]]
[loading ZipFileIndexFileObject[/home/jdbl/.m2/repository/javax/validation/validation-api/1.0.0.GA/validation-api-1.0.0.GA.jar(javax/validation/Constraint.class)]]
[loading ZipFileIndexFileObject[/home/jdbl/.m2/repository/org/springframework/spring-context/3.2.2.RELEASE/spring-context-3.2.2.RELEASE.jar(org/springframework/format/annotation/DateTimeFormat$ISO.class)]]
[checking org.springframework.samples.petclinic.web.VisitsViewTest]
[loading ZipFileIndexFileObject[/usr/local/openjdk-8/lib/ct.sym(META-INF/sym/rt.jar/java/io/Serializable.class)]]
[loading ZipFileIndexFileObject[/usr/local/openjdk-8/lib/ct.sym(META-INF/sym/rt.jar/java/lang/AutoCloseable.class)]]
[loading ZipFileIndexFileObject[/home/jdbl/.m2/repository/org/springframework/spring-test/3.2.2.RELEASE/spring-test-3.2.2.RELEASE.jar(org/springframework/test/web/servlet/setup/DefaultMockMvcBuilder.class)]]
[loading ZipFileIndexFileObject[/home/jdbl/.m2/repository/org/springframework/spring-test/3.2.2.RELEASE/spring-test-3.2.2.RELEASE.jar(org/springframework/test/web/servlet/MockMvcBuilder.class)]]
[loading ZipFileIndexFileObject[/home/jdbl/.m2/repository/org/springframework/spring-test/3.2.2.RELEASE/spring-test-3.2.2.RELEASE.jar(org/springframework/test/web/servlet/MockMvcBuilderSupport.class)]]
[loading ZipFileIndexFileObject[/usr/local/openjdk-8/lib/ct.sym(META-INF/sym/rt.jar/java/lang/Throwable.class)]]
[loading ZipFileIndexFileObject[/home/jdbl/.m2/repository/org/springframework/spring-test/3.2.2.RELEASE/spring-test-3.2.2.RELEASE.jar(org/springframework/test/web/servlet/request/MockHttpServletRequestBuilder.class)]]
[loading ZipFileIndexFileObject[/home/jdbl/.m2/repository/org/springframework/spring-test/3.2.2.RELEASE/spring-test-3.2.2.RELEASE.jar(org/springframework/test/web/servlet/RequestBuilder.class)]]
[loading ZipFileIndexFileObject[/home/jdbl/.m2/repository/org/springframework/spring-beans/3.2.2.RELEASE/spring-beans-3.2.2.RELEASE.jar(org/springframework/beans/Mergeable.class)]]
[loading ZipFileIndexFileObject[/home/jdbl/.m2/repository/org/springframework/spring-test/3.2.2.RELEASE/spring-test-3.2.2.RELEASE.jar(org/springframework/test/web/servlet/ResultHandler.class)]]
[loading ZipFileIndexFileObject[/home/jdbl/.m2/repository/org/springframework/spring-test/3.2.2.RELEASE/spring-test-3.2.2.RELEASE.jar(org/springframework/test/web/servlet/result/StatusResultMatchers.class)]]
[loading ZipFileIndexFileObject[/home/jdbl/.m2/repository/org/springframework/spring-test/3.2.2.RELEASE/spring-test-3.2.2.RELEASE.jar(org/springframework/test/web/servlet/ResultMatcher.class)]]
[loading ZipFileIndexFileObject[/home/jdbl/.m2/repository/org/springframework/spring-test/3.2.2.RELEASE/spring-test-3.2.2.RELEASE.jar(org/springframework/test/web/servlet/result/ContentResultMatchers.class)]]
[loading ZipFileIndexFileObject[/home/jdbl/.m2/repository/org/hamcrest/hamcrest-core/1.3/hamcrest-core-1.3.jar(org/hamcrest/Matcher.class)]]
[loading ZipFileIndexFileObject[/home/jdbl/.m2/repository/org/springframework/spring-test/3.2.2.RELEASE/spring-test-3.2.2.RELEASE.jar(org/springframework/test/web/servlet/result/XpathResultMatchers.class)]]
[loading ZipFileIndexFileObject[/usr/local/openjdk-8/lib/ct.sym(META-INF/sym/rt.jar/java/lang/Error.class)]]
[loading ZipFileIndexFileObject[/usr/local/openjdk-8/lib/ct.sym(META-INF/sym/rt.jar/java/lang/RuntimeException.class)]]
[loading ZipFileIndexFileObject[/usr/local/openjdk-8/lib/ct.sym(META-INF/sym/rt.jar/javax/xml/xpath/XPathExpressionException.class)]]
[loading ZipFileIndexFileObject[/usr/local/openjdk-8/lib/ct.sym(META-INF/sym/rt.jar/javax/xml/xpath/XPathException.class)]]
[wrote RegularFileObject[/tmp/tmpdzgbzd_e/thymeleafexamples-petclinic/target/test-classes/org/springframework/samples/petclinic/web/VisitsViewTest.class]]
[checking org.springframework.samples.petclinic.service.AbstractClinicServiceTests]
[loading ZipFileIndexFileObject[/usr/local/openjdk-8/lib/ct.sym(META-INF/sym/rt.jar/java/lang/Iterable.class)]]
[loading RegularFileObject[/tmp/tmpdzgbzd_e/thymeleafexamples-petclinic/target/classes/org/springframework/samples/petclinic/model/Person.class]]
[loading RegularFileObject[/tmp/tmpdzgbzd_e/thymeleafexamples-petclinic/target/classes/org/springframework/samples/petclinic/model/BaseEntity.class]]
[loading ZipFileIndexFileObject[/home/jdbl/.m2/repository/org/hibernate/javax/persistence/hibernate-jpa-2.0-api/1.0.1.Final/hibernate-jpa-2.0-api-1.0.1.Final.jar(javax/persistence/GeneratedValue.class)]]
[loading ZipFileIndexFileObject[/home/jdbl/.m2/repository/org/hibernate/javax/persistence/hibernate-jpa-2.0-api/1.0.1.Final/hibernate-jpa-2.0-api-1.0.1.Final.jar(javax/persistence/GenerationType.class)]]
[loading ZipFileIndexFileObject[/usr/local/openjdk-8/lib/ct.sym(META-INF/sym/rt.jar/java/lang/Comparable.class)]]
[loading ZipFileIndexFileObject[/usr/local/openjdk-8/lib/ct.sym(META-INF/sym/rt.jar/java/lang/CharSequence.class)]]
[loading ZipFileIndexFileObject[/usr/local/openjdk-8/lib/ct.sym(META-INF/sym/rt.jar/java/util/List.class)]]
[loading RegularFileObject[/tmp/tmpdzgbzd_e/thymeleafexamples-petclinic/target/classes/org/springframework/samples/petclinic/model/NamedEntity.class]]
[loading ZipFileIndexFileObject[/home/jdbl/.m2/repository/org/springframework/spring-orm/3.2.2.RELEASE/spring-orm-3.2.2.RELEASE.jar(org/springframework/orm/ObjectRetrievalFailureException.class)]]
[loading ZipFileIndexFileObject[/usr/local/openjdk-8/lib/ct.sym(META-INF/sym/rt.jar/java/lang/Integer.class)]]
[loading ZipFileIndexFileObject[/usr/local/openjdk-8/lib/ct.sym(META-INF/sym/rt.jar/java/lang/Number.class)]]
[loading RegularFileObject[/tmp/tmpdzgbzd_e/thymeleafexamples-petclinic/target/classes/org/springframework/samples/petclinic/model/Specialty.class]]
[loading ZipFileIndexFileObject[/home/jdbl/.m2/repository/org/springframework/spring-tx/3.2.2.RELEASE/spring-tx-3.2.2.RELEASE.jar(org/springframework/dao/DataAccessException.class)]]
[loading ZipFileIndexFileObject[/home/jdbl/.m2/repository/org/springframework/spring-core/3.2.2.RELEASE/spring-core-3.2.2.RELEASE.jar(org/springframework/core/NestedRuntimeException.class)]]
[loading ZipFileIndexFileObject[/home/jdbl/.m2/repository/org/springframework/spring-tx/3.2.2.RELEASE/spring-tx-3.2.2.RELEASE.jar(org/springframework/dao/DataRetrievalFailureException.class)]]
[loading ZipFileIndexFileObject[/home/jdbl/.m2/repository/org/springframework/spring-tx/3.2.2.RELEASE/spring-tx-3.2.2.RELEASE.jar(org/springframework/dao/NonTransientDataAccessException.class)]]
[loading ZipFileIndexFileObject[/usr/local/openjdk-8/lib/ct.sym(META-INF/sym/rt.jar/java/lang/StringBuilder.class)]]
[loading ZipFileIndexFileObject[/usr/local/openjdk-8/lib/ct.sym(META-INF/sym/rt.jar/java/lang/AbstractStringBuilder.class)]]
[loading ZipFileIndexFileObject[/usr/local/openjdk-8/lib/ct.sym(META-INF/sym/rt.jar/java/lang/Appendable.class)]]
[loading ZipFileIndexFileObject[/usr/local/openjdk-8/lib/ct.sym(META-INF/sym/rt.jar/java/lang/StringBuffer.class)]]
[wrote RegularFileObject[/tmp/tmpdzgbzd_e/thymeleafexamples-petclinic/target/test-classes/org/springframework/samples/petclinic/service/AbstractClinicServiceTests.class]]
[checking org.springframework.samples.petclinic.service.ClinicServiceJpaTests]
[wrote RegularFileObject[/tmp/tmpdzgbzd_e/thymeleafexamples-petclinic/target/test-classes/org/springframework/samples/petclinic/service/ClinicServiceJpaTests.class]]
[checking org.springframework.samples.petclinic.model.OwnerTests]
[wrote RegularFileObject[/tmp/tmpdzgbzd_e/thymeleafexamples-petclinic/target/test-classes/org/springframework/samples/petclinic/model/OwnerTests.class]]
[checking org.springframework.samples.petclinic.service.ClinicServiceSpringDataJpaTests]
[wrote RegularFileObject[/tmp/tmpdzgbzd_e/thymeleafexamples-petclinic/target/test-classes/org/springframework/samples/petclinic/service/ClinicServiceSpringDataJpaTests.class]]
[checking org.springframework.samples.petclinic.service.ClinicServiceJdbcTests]
[wrote RegularFileObject[/tmp/tmpdzgbzd_e/thymeleafexamples-petclinic/target/test-classes/org/springframework/samples/petclinic/service/ClinicServiceJdbcTests.class]]
[total 177ms]
[WARNING] bootstrap class path not set in conjunction with -source 1.6
[INFO] 
[INFO] --- maven-surefire-plugin:2.19.1:test (default-test) @ petclinic ---
[INFO] Surefire report directory: /tmp/tmpdzgbzd_e/thymeleafexamples-petclinic/target/surefire-reports

-------------------------------------------------------
 T E S T S
-------------------------------------------------------
Running org.springframework.samples.petclinic.model.OwnerTests
Tests run: 1, Failures: 0, Errors: 0, Skipped: 0, Time elapsed: 0.197 sec - in org.springframework.samples.petclinic.model.OwnerTests
Running org.springframework.samples.petclinic.service.ClinicServiceJdbcTests
19:58:23,986 |-INFO in ch.qos.logback.classic.joran.action.LoggerContextListenerAction - Adding LoggerContextListener of type [ch.qos.logback.classic.jul.LevelChangePropagator] to the object stack
19:58:24,093 |-INFO in ch.qos.logback.classic.jul.LevelChangePropagator@47c4ecdc - Propagating DEBUG level on Logger[ROOT] onto the JUL framework
19:58:24,094 |-INFO in ch.qos.logback.classic.joran.action.LoggerContextListenerAction - Starting LoggerContextListener
19:58:24,094 |-INFO in ch.qos.logback.classic.joran.action.JMXConfiguratorAction - begin
19:58:24,185 |-INFO in ch.qos.logback.core.joran.action.AppenderAction - About to instantiate appender of type [ch.qos.logback.core.ConsoleAppender]
19:58:24,190 |-INFO in ch.qos.logback.core.joran.action.AppenderAction - Naming appender as [console]
19:58:24,198 |-INFO in ch.qos.logback.core.joran.action.NestedComplexPropertyIA - Assuming default type [ch.qos.logback.classic.encoder.PatternLayoutEncoder] for [encoder] property
19:58:24,263 |-INFO in ch.qos.logback.classic.joran.action.LoggerAction - Setting level of logger [org.springframework.samples.petclinic] to DEBUG
19:58:24,263 |-INFO in ch.qos.logback.classic.jul.LevelChangePropagator@47c4ecdc - Propagating DEBUG level on Logger[org.springframework.samples.petclinic] onto the JUL framework
19:58:24,263 |-INFO in ch.qos.logback.classic.joran.action.LoggerAction - Setting level of logger [org.springframework.test.web] to TRACE
19:58:24,263 |-INFO in ch.qos.logback.classic.jul.LevelChangePropagator@47c4ecdc - Propagating TRACE level on Logger[org.springframework.test.web] onto the JUL framework
19:58:24,264 |-INFO in ch.qos.logback.classic.joran.action.RootLoggerAction - Setting level of ROOT logger to WARN
19:58:24,264 |-INFO in ch.qos.logback.classic.jul.LevelChangePropagator@47c4ecdc - Propagating WARN level on Logger[ROOT] onto the JUL framework
19:58:24,264 |-INFO in ch.qos.logback.core.joran.action.AppenderRefAction - Attaching appender named [console] to Logger[ROOT]
19:58:24,265 |-INFO in ch.qos.logback.classic.joran.action.ConfigurationAction - End of configuration.
19:58:24,267 |-INFO in ch.qos.logback.classic.joran.JoranConfigurator@4a8a60bc - Registering current configuration as safe fallback point
Tests run: 10, Failures: 0, Errors: 0, Skipped: 0, Time elapsed: 5.338 sec - in org.springframework.samples.petclinic.service.ClinicServiceJdbcTests
Running org.springframework.samples.petclinic.service.ClinicServiceJpaTests
Hibernate: select pet0_.id as id1_3_, pet0_.name as name1_3_, pet0_.birth_date as birth3_1_3_, pet0_.owner_id as owner4_1_3_, pet0_.type_id as type5_1_3_, owner1_.id as id3_0_, owner1_.first_name as first2_3_0_, owner1_.last_name as last3_3_0_, owner1_.address as address3_0_, owner1_.city as city3_0_, owner1_.telephone as telephone3_0_, pettype2_.id as id2_1_, pettype2_.name as name2_1_, visits3_.pet_id as pet4_1_5_, visits3_.id as id0_5_, visits3_.id as id0_2_, visits3_.visit_date as visit2_0_2_, visits3_.description as descript3_0_2_, visits3_.pet_id as pet4_0_2_ from pets pet0_ left outer join owners owner1_ on pet0_.owner_id=owner1_.id left outer join types pettype2_ on pet0_.type_id=pettype2_.id left outer join visits visits3_ on pet0_.id=visits3_.pet_id where pet0_.id=?
Hibernate: select pettype0_.id as id2_, pettype0_.name as name2_ from types pettype0_ order by pettype0_.name
Hibernate: select pettype0_.id as id2_, pettype0_.name as name2_ from types pettype0_ order by pettype0_.name
Hibernate: select pet0_.id as id1_3_, pet0_.name as name1_3_, pet0_.birth_date as birth3_1_3_, pet0_.owner_id as owner4_1_3_, pet0_.type_id as type5_1_3_, owner1_.id as id3_0_, owner1_.first_name as first2_3_0_, owner1_.last_name as last3_3_0_, owner1_.address as address3_0_, owner1_.city as city3_0_, owner1_.telephone as telephone3_0_, pettype2_.id as id2_1_, pettype2_.name as name2_1_, visits3_.pet_id as pet4_1_5_, visits3_.id as id0_5_, visits3_.id as id0_2_, visits3_.visit_date as visit2_0_2_, visits3_.description as descript3_0_2_, visits3_.pet_id as pet4_0_2_ from pets pet0_ left outer join owners owner1_ on pet0_.owner_id=owner1_.id left outer join types pettype2_ on pet0_.type_id=pettype2_.id left outer join visits visits3_ on pet0_.id=visits3_.pet_id where pet0_.id=?
Hibernate: select pet0_.id as id1_3_, pet0_.name as name1_3_, pet0_.birth_date as birth3_1_3_, pet0_.owner_id as owner4_1_3_, pet0_.type_id as type5_1_3_, owner1_.id as id3_0_, owner1_.first_name as first2_3_0_, owner1_.last_name as last3_3_0_, owner1_.address as address3_0_, owner1_.city as city3_0_, owner1_.telephone as telephone3_0_, pettype2_.id as id2_1_, pettype2_.name as name2_1_, visits3_.pet_id as pet4_1_5_, visits3_.id as id0_5_, visits3_.id as id0_2_, visits3_.visit_date as visit2_0_2_, visits3_.description as descript3_0_2_, visits3_.pet_id as pet4_0_2_ from pets pet0_ left outer join owners owner1_ on pet0_.owner_id=owner1_.id left outer join types pettype2_ on pet0_.type_id=pettype2_.id left outer join visits visits3_ on pet0_.id=visits3_.pet_id where pet0_.id=?
Hibernate: select vet0_.id as id5_0_, specialty2_.id as id4_1_, vet0_.first_name as first2_5_0_, vet0_.last_name as last3_5_0_, specialty2_.name as name4_1_, specialtie1_.vet_id as vet1_5_0__, specialtie1_.specialty_id as specialty2_6_0__ from vets vet0_ inner join vet_specialties specialtie1_ on vet0_.id=specialtie1_.vet_id inner join specialties specialty2_ on specialtie1_.specialty_id=specialty2_.id order by vet0_.last_name, vet0_.first_name
Hibernate: select owner0_.id as id3_0_, pets1_.id as id1_1_, owner0_.first_name as first2_3_0_, owner0_.last_name as last3_3_0_, owner0_.address as address3_0_, owner0_.city as city3_0_, owner0_.telephone as telephone3_0_, pets1_.name as name1_1_, pets1_.birth_date as birth3_1_1_, pets1_.owner_id as owner4_1_1_, pets1_.type_id as type5_1_1_, pets1_.owner_id as owner4_3_0__, pets1_.id as id1_0__ from owners owner0_ left outer join pets pets1_ on owner0_.id=pets1_.owner_id where owner0_.id=?
Hibernate: select pettype0_.id as id2_0_, pettype0_.name as name2_0_ from types pettype0_ where pettype0_.id=?
Hibernate: select visits0_.pet_id as pet4_1_1_, visits0_.id as id0_1_, visits0_.id as id0_0_, visits0_.visit_date as visit2_0_0_, visits0_.description as descript3_0_0_, visits0_.pet_id as pet4_0_0_ from visits visits0_ where visits0_.pet_id=?
Hibernate: update owners set first_name=?, last_name=?, address=?, city=?, telephone=? where id=?
Hibernate: select owner0_.id as id3_0_, pets1_.id as id1_1_, owner0_.first_name as first2_3_0_, owner0_.last_name as last3_3_0_, owner0_.address as address3_0_, owner0_.city as city3_0_, owner0_.telephone as telephone3_0_, pets1_.name as name1_1_, pets1_.birth_date as birth3_1_1_, pets1_.owner_id as owner4_1_1_, pets1_.type_id as type5_1_1_, pets1_.owner_id as owner4_3_0__, pets1_.id as id1_0__ from owners owner0_ left outer join pets pets1_ on owner0_.id=pets1_.owner_id where owner0_.id=?
Hibernate: select owner0_.id as id3_0_, pets1_.id as id1_1_, owner0_.first_name as first2_3_0_, owner0_.last_name as last3_3_0_, owner0_.address as address3_0_, owner0_.city as city3_0_, owner0_.telephone as telephone3_0_, pets1_.name as name1_1_, pets1_.birth_date as birth3_1_1_, pets1_.owner_id as owner4_1_1_, pets1_.type_id as type5_1_1_, pets1_.owner_id as owner4_3_0__, pets1_.id as id1_0__ from owners owner0_ left outer join pets pets1_ on owner0_.id=pets1_.owner_id where owner0_.id=?
Hibernate: select pettype0_.id as id2_0_, pettype0_.name as name2_0_ from types pettype0_ where pettype0_.id=?
Hibernate: select visits0_.pet_id as pet4_1_1_, visits0_.id as id0_1_, visits0_.id as id0_0_, visits0_.visit_date as visit2_0_0_, visits0_.description as descript3_0_0_, visits0_.pet_id as pet4_0_0_ from visits visits0_ where visits0_.pet_id=?
Hibernate: select visits0_.pet_id as pet4_1_1_, visits0_.id as id0_1_, visits0_.id as id0_0_, visits0_.visit_date as visit2_0_0_, visits0_.description as descript3_0_0_, visits0_.pet_id as pet4_0_0_ from visits visits0_ where visits0_.pet_id=?
Hibernate: select pettype0_.id as id2_, pettype0_.name as name2_ from types pettype0_ order by pettype0_.name
Hibernate: insert into pets (id, name, birth_date, owner_id, type_id) values (default, ?, ?, ?, ?)
Hibernate: insert into pets (id, name, birth_date, owner_id, type_id) values (default, ?, ?, ?, ?)
Hibernate: select owner0_.id as id3_0_, pets1_.id as id1_1_, owner0_.first_name as first2_3_0_, owner0_.last_name as last3_3_0_, owner0_.address as address3_0_, owner0_.city as city3_0_, owner0_.telephone as telephone3_0_, pets1_.name as name1_1_, pets1_.birth_date as birth3_1_1_, pets1_.owner_id as owner4_1_1_, pets1_.type_id as type5_1_1_, pets1_.owner_id as owner4_3_0__, pets1_.id as id1_0__ from owners owner0_ left outer join pets pets1_ on owner0_.id=pets1_.owner_id where owner0_.id=?
Hibernate: select owner0_.id as id3_0_, pets1_.id as id1_1_, owner0_.first_name as first2_3_0_, owner0_.last_name as last3_3_0_, owner0_.address as address3_0_, owner0_.city as city3_0_, owner0_.telephone as telephone3_0_, pets1_.name as name1_1_, pets1_.birth_date as birth3_1_1_, pets1_.owner_id as owner4_1_1_, pets1_.type_id as type5_1_1_, pets1_.owner_id as owner4_3_0__, pets1_.id as id1_0__ from owners owner0_ left outer join pets pets1_ on owner0_.id=pets1_.owner_id where owner0_.id=?
Hibernate: select pettype0_.id as id2_0_, pettype0_.name as name2_0_ from types pettype0_ where pettype0_.id=?
Hibernate: select visits0_.pet_id as pet4_1_1_, visits0_.id as id0_1_, visits0_.id as id0_0_, visits0_.visit_date as visit2_0_0_, visits0_.description as descript3_0_0_, visits0_.pet_id as pet4_0_0_ from visits visits0_ where visits0_.pet_id=?
Hibernate: select owner0_.id as id3_0_, pets1_.id as id1_1_, owner0_.first_name as first2_3_0_, owner0_.last_name as last3_3_0_, owner0_.address as address3_0_, owner0_.city as city3_0_, owner0_.telephone as telephone3_0_, pets1_.name as name1_1_, pets1_.birth_date as birth3_1_1_, pets1_.owner_id as owner4_1_1_, pets1_.type_id as type5_1_1_, pets1_.owner_id as owner4_3_0__, pets1_.id as id1_0__ from owners owner0_ left outer join pets pets1_ on owner0_.id=pets1_.owner_id where owner0_.id=?
Hibernate: select pettype0_.id as id2_0_, pettype0_.name as name2_0_ from types pettype0_ where pettype0_.id=?
Hibernate: select pettype0_.id as id2_0_, pettype0_.name as name2_0_ from types pettype0_ where pettype0_.id=?
Hibernate: select visits0_.pet_id as pet4_1_1_, visits0_.id as id0_1_, visits0_.id as id0_0_, visits0_.visit_date as visit2_0_0_, visits0_.description as descript3_0_0_, visits0_.pet_id as pet4_0_0_ from visits visits0_ where visits0_.pet_id=?
Hibernate: select visits0_.pet_id as pet4_1_1_, visits0_.id as id0_1_, visits0_.id as id0_0_, visits0_.visit_date as visit2_0_0_, visits0_.description as descript3_0_0_, visits0_.pet_id as pet4_0_0_ from visits visits0_ where visits0_.pet_id=?
Hibernate: select distinct owner0_.id as id3_0_, pets1_.id as id1_1_, owner0_.first_name as first2_3_0_, owner0_.last_name as last3_3_0_, owner0_.address as address3_0_, owner0_.city as city3_0_, owner0_.telephone as telephone3_0_, pets1_.name as name1_1_, pets1_.birth_date as birth3_1_1_, pets1_.owner_id as owner4_1_1_, pets1_.type_id as type5_1_1_, pets1_.owner_id as owner4_3_0__, pets1_.id as id1_0__ from owners owner0_ left outer join pets pets1_ on owner0_.id=pets1_.owner_id where owner0_.last_name like ?
Hibernate: insert into owners (id, first_name, last_name, address, city, telephone) values (default, ?, ?, ?, ?, ?)
Hibernate: select distinct owner0_.id as id3_0_, pets1_.id as id1_1_, owner0_.first_name as first2_3_0_, owner0_.last_name as last3_3_0_, owner0_.address as address3_0_, owner0_.city as city3_0_, owner0_.telephone as telephone3_0_, pets1_.name as name1_1_, pets1_.birth_date as birth3_1_1_, pets1_.owner_id as owner4_1_1_, pets1_.type_id as type5_1_1_, pets1_.owner_id as owner4_3_0__, pets1_.id as id1_0__ from owners owner0_ left outer join pets pets1_ on owner0_.id=pets1_.owner_id where owner0_.last_name like ?
Hibernate: select pet0_.id as id1_3_, pet0_.name as name1_3_, pet0_.birth_date as birth3_1_3_, pet0_.owner_id as owner4_1_3_, pet0_.type_id as type5_1_3_, owner1_.id as id3_0_, owner1_.first_name as first2_3_0_, owner1_.last_name as last3_3_0_, owner1_.address as address3_0_, owner1_.city as city3_0_, owner1_.telephone as telephone3_0_, pettype2_.id as id2_1_, pettype2_.name as name2_1_, visits3_.pet_id as pet4_1_5_, visits3_.id as id0_5_, visits3_.id as id0_2_, visits3_.visit_date as visit2_0_2_, visits3_.description as descript3_0_2_, visits3_.pet_id as pet4_0_2_ from pets pet0_ left outer join owners owner1_ on pet0_.owner_id=owner1_.id left outer join types pettype2_ on pet0_.type_id=pettype2_.id left outer join visits visits3_ on pet0_.id=visits3_.pet_id where pet0_.id=?
Hibernate: insert into visits (id, visit_date, description, pet_id) values (default, ?, ?, ?)
Hibernate: insert into visits (id, visit_date, description, pet_id) values (default, ?, ?, ?)
Hibernate: select distinct owner0_.id as id3_0_, pets1_.id as id1_1_, owner0_.first_name as first2_3_0_, owner0_.last_name as last3_3_0_, owner0_.address as address3_0_, owner0_.city as city3_0_, owner0_.telephone as telephone3_0_, pets1_.name as name1_1_, pets1_.birth_date as birth3_1_1_, pets1_.owner_id as owner4_1_1_, pets1_.type_id as type5_1_1_, pets1_.owner_id as owner4_3_0__, pets1_.id as id1_0__ from owners owner0_ left outer join pets pets1_ on owner0_.id=pets1_.owner_id where owner0_.last_name like ?
Hibernate: select pettype0_.id as id2_0_, pettype0_.name as name2_0_ from types pettype0_ where pettype0_.id=?
Hibernate: select pettype0_.id as id2_0_, pettype0_.name as name2_0_ from types pettype0_ where pettype0_.id=?
Hibernate: select visits0_.pet_id as pet4_1_1_, visits0_.id as id0_1_, visits0_.id as id0_0_, visits0_.visit_date as visit2_0_0_, visits0_.description as descript3_0_0_, visits0_.pet_id as pet4_0_0_ from visits visits0_ where visits0_.pet_id=?
Hibernate: select visits0_.pet_id as pet4_1_1_, visits0_.id as id0_1_, visits0_.id as id0_0_, visits0_.visit_date as visit2_0_0_, visits0_.description as descript3_0_0_, visits0_.pet_id as pet4_0_0_ from visits visits0_ where visits0_.pet_id=?
Hibernate: select distinct owner0_.id as id3_0_, pets1_.id as id1_1_, owner0_.first_name as first2_3_0_, owner0_.last_name as last3_3_0_, owner0_.address as address3_0_, owner0_.city as city3_0_, owner0_.telephone as telephone3_0_, pets1_.name as name1_1_, pets1_.birth_date as birth3_1_1_, pets1_.owner_id as owner4_1_1_, pets1_.type_id as type5_1_1_, pets1_.owner_id as owner4_3_0__, pets1_.id as id1_0__ from owners owner0_ left outer join pets pets1_ on owner0_.id=pets1_.owner_id where owner0_.last_name like ?
Tests run: 10, Failures: 0, Errors: 0, Skipped: 0, Time elapsed: 2.812 sec - in org.springframework.samples.petclinic.service.ClinicServiceJpaTests
Running org.springframework.samples.petclinic.service.ClinicServiceSpringDataJpaTests
WARN  EntityManagerFactoryRegistry - HHH000436: Entity manager factory name (petclinic) is already registered.  If entity manager will be clustered or passivated, specify a unique value for property 'hibernate.ejb.entitymanager_factory_name'
Hibernate: select pet0_.id as id14_, pet0_.name as name14_, pet0_.birth_date as birth3_14_, pet0_.owner_id as owner4_14_, pet0_.type_id as type5_14_ from pets pet0_ where pet0_.id=?
Hibernate: select owner0_.id as id16_0_, owner0_.first_name as first2_16_0_, owner0_.last_name as last3_16_0_, owner0_.address as address16_0_, owner0_.city as city16_0_, owner0_.telephone as telephone16_0_ from owners owner0_ where owner0_.id=?
Hibernate: select pettype0_.id as id15_0_, pettype0_.name as name15_0_ from types pettype0_ where pettype0_.id=?
Hibernate: select visits0_.pet_id as pet4_14_1_, visits0_.id as id13_1_, visits0_.id as id13_0_, visits0_.visit_date as visit2_13_0_, visits0_.description as descript3_13_0_, visits0_.pet_id as pet4_13_0_ from visits visits0_ where visits0_.pet_id=?
Hibernate: update pets set name=?, birth_date=?, owner_id=?, type_id=? where id=?
Hibernate: select pet0_.id as id14_, pet0_.name as name14_, pet0_.birth_date as birth3_14_, pet0_.owner_id as owner4_14_, pet0_.type_id as type5_14_ from pets pet0_ where pet0_.id=?
Hibernate: select pettype0_.id as id15_, pettype0_.name as name15_ from types pettype0_ order by pettype0_.name
Hibernate: select pettype0_.id as id15_, pettype0_.name as name15_ from types pettype0_ order by pettype0_.name
Hibernate: select pet0_.id as id14_, pet0_.name as name14_, pet0_.birth_date as birth3_14_, pet0_.owner_id as owner4_14_, pet0_.type_id as type5_14_ from pets pet0_ where pet0_.id=?
Hibernate: select owner0_.id as id16_0_, owner0_.first_name as first2_16_0_, owner0_.last_name as last3_16_0_, owner0_.address as address16_0_, owner0_.city as city16_0_, owner0_.telephone as telephone16_0_ from owners owner0_ where owner0_.id=?
Hibernate: select pettype0_.id as id15_0_, pettype0_.name as name15_0_ from types pettype0_ where pettype0_.id=?
Hibernate: select visits0_.pet_id as pet4_14_1_, visits0_.id as id13_1_, visits0_.id as id13_0_, visits0_.visit_date as visit2_13_0_, visits0_.description as descript3_13_0_, visits0_.pet_id as pet4_13_0_ from visits visits0_ where visits0_.pet_id=?
Hibernate: select pet0_.id as id14_, pet0_.name as name14_, pet0_.birth_date as birth3_14_, pet0_.owner_id as owner4_14_, pet0_.type_id as type5_14_ from pets pet0_ where pet0_.id=?
Hibernate: select owner0_.id as id16_0_, owner0_.first_name as first2_16_0_, owner0_.last_name as last3_16_0_, owner0_.address as address16_0_, owner0_.city as city16_0_, owner0_.telephone as telephone16_0_ from owners owner0_ where owner0_.id=?
Hibernate: select pettype0_.id as id15_0_, pettype0_.name as name15_0_ from types pettype0_ where pettype0_.id=?
Hibernate: select visits0_.pet_id as pet4_14_1_, visits0_.id as id13_1_, visits0_.id as id13_0_, visits0_.visit_date as visit2_13_0_, visits0_.description as descript3_13_0_, visits0_.pet_id as pet4_13_0_ from visits visits0_ where visits0_.pet_id=?
Hibernate: select vet0_.id as id18_, vet0_.first_name as first2_18_, vet0_.last_name as last3_18_ from vets vet0_
Hibernate: select specialtie0_.vet_id as vet1_18_1_, specialtie0_.specialty_id as specialty2_19_1_, specialty1_.id as id17_0_, specialty1_.name as name17_0_ from vet_specialties specialtie0_ inner join specialties specialty1_ on specialtie0_.specialty_id=specialty1_.id where specialtie0_.vet_id=?
Hibernate: select specialtie0_.vet_id as vet1_18_1_, specialtie0_.specialty_id as specialty2_19_1_, specialty1_.id as id17_0_, specialty1_.name as name17_0_ from vet_specialties specialtie0_ inner join specialties specialty1_ on specialtie0_.specialty_id=specialty1_.id where specialtie0_.vet_id=?
Hibernate: select specialtie0_.vet_id as vet1_18_1_, specialtie0_.specialty_id as specialty2_19_1_, specialty1_.id as id17_0_, specialty1_.name as name17_0_ from vet_specialties specialtie0_ inner join specialties specialty1_ on specialtie0_.specialty_id=specialty1_.id where specialtie0_.vet_id=?
Hibernate: select specialtie0_.vet_id as vet1_18_1_, specialtie0_.specialty_id as specialty2_19_1_, specialty1_.id as id17_0_, specialty1_.name as name17_0_ from vet_specialties specialtie0_ inner join specialties specialty1_ on specialtie0_.specialty_id=specialty1_.id where specialtie0_.vet_id=?
Hibernate: select specialtie0_.vet_id as vet1_18_1_, specialtie0_.specialty_id as specialty2_19_1_, specialty1_.id as id17_0_, specialty1_.name as name17_0_ from vet_specialties specialtie0_ inner join specialties specialty1_ on specialtie0_.specialty_id=specialty1_.id where specialtie0_.vet_id=?
Hibernate: select specialtie0_.vet_id as vet1_18_1_, specialtie0_.specialty_id as specialty2_19_1_, specialty1_.id as id17_0_, specialty1_.name as name17_0_ from vet_specialties specialtie0_ inner join specialties specialty1_ on specialtie0_.specialty_id=specialty1_.id where specialtie0_.vet_id=?
Hibernate: select owner0_.id as id16_0_, pets1_.id as id14_1_, owner0_.first_name as first2_16_0_, owner0_.last_name as last3_16_0_, owner0_.address as address16_0_, owner0_.city as city16_0_, owner0_.telephone as telephone16_0_, pets1_.name as name14_1_, pets1_.birth_date as birth3_14_1_, pets1_.owner_id as owner4_14_1_, pets1_.type_id as type5_14_1_, pets1_.owner_id as owner4_16_0__, pets1_.id as id14_0__ from owners owner0_ left outer join pets pets1_ on owner0_.id=pets1_.owner_id where owner0_.id=?
Hibernate: select pettype0_.id as id15_0_, pettype0_.name as name15_0_ from types pettype0_ where pettype0_.id=?
Hibernate: select visits0_.pet_id as pet4_14_1_, visits0_.id as id13_1_, visits0_.id as id13_0_, visits0_.visit_date as visit2_13_0_, visits0_.description as descript3_13_0_, visits0_.pet_id as pet4_13_0_ from visits visits0_ where visits0_.pet_id=?
Hibernate: update owners set first_name=?, last_name=?, address=?, city=?, telephone=? where id=?
Hibernate: select owner0_.id as id16_0_, pets1_.id as id14_1_, owner0_.first_name as first2_16_0_, owner0_.last_name as last3_16_0_, owner0_.address as address16_0_, owner0_.city as city16_0_, owner0_.telephone as telephone16_0_, pets1_.name as name14_1_, pets1_.birth_date as birth3_14_1_, pets1_.owner_id as owner4_14_1_, pets1_.type_id as type5_14_1_, pets1_.owner_id as owner4_16_0__, pets1_.id as id14_0__ from owners owner0_ left outer join pets pets1_ on owner0_.id=pets1_.owner_id where owner0_.id=?
Hibernate: select owner0_.id as id16_0_, pets1_.id as id14_1_, owner0_.first_name as first2_16_0_, owner0_.last_name as last3_16_0_, owner0_.address as address16_0_, owner0_.city as city16_0_, owner0_.telephone as telephone16_0_, pets1_.name as name14_1_, pets1_.birth_date as birth3_14_1_, pets1_.owner_id as owner4_14_1_, pets1_.type_id as type5_14_1_, pets1_.owner_id as owner4_16_0__, pets1_.id as id14_0__ from owners owner0_ left outer join pets pets1_ on owner0_.id=pets1_.owner_id where owner0_.id=?
Hibernate: select pettype0_.id as id15_0_, pettype0_.name as name15_0_ from types pettype0_ where pettype0_.id=?
Hibernate: select visits0_.pet_id as pet4_14_1_, visits0_.id as id13_1_, visits0_.id as id13_0_, visits0_.visit_date as visit2_13_0_, visits0_.description as descript3_13_0_, visits0_.pet_id as pet4_13_0_ from visits visits0_ where visits0_.pet_id=?
Hibernate: select visits0_.pet_id as pet4_14_1_, visits0_.id as id13_1_, visits0_.id as id13_0_, visits0_.visit_date as visit2_13_0_, visits0_.description as descript3_13_0_, visits0_.pet_id as pet4_13_0_ from visits visits0_ where visits0_.pet_id=?
Hibernate: select pettype0_.id as id15_, pettype0_.name as name15_ from types pettype0_ order by pettype0_.name
Hibernate: insert into pets (id, name, birth_date, owner_id, type_id) values (default, ?, ?, ?, ?)
Hibernate: select owner0_.id as id16_0_, pets1_.id as id14_1_, owner0_.first_name as first2_16_0_, owner0_.last_name as last3_16_0_, owner0_.address as address16_0_, owner0_.city as city16_0_, owner0_.telephone as telephone16_0_, pets1_.name as name14_1_, pets1_.birth_date as birth3_14_1_, pets1_.owner_id as owner4_14_1_, pets1_.type_id as type5_14_1_, pets1_.owner_id as owner4_16_0__, pets1_.id as id14_0__ from owners owner0_ left outer join pets pets1_ on owner0_.id=pets1_.owner_id where owner0_.id=?
Hibernate: select owner0_.id as id16_0_, pets1_.id as id14_1_, owner0_.first_name as first2_16_0_, owner0_.last_name as last3_16_0_, owner0_.address as address16_0_, owner0_.city as city16_0_, owner0_.telephone as telephone16_0_, pets1_.name as name14_1_, pets1_.birth_date as birth3_14_1_, pets1_.owner_id as owner4_14_1_, pets1_.type_id as type5_14_1_, pets1_.owner_id as owner4_16_0__, pets1_.id as id14_0__ from owners owner0_ left outer join pets pets1_ on owner0_.id=pets1_.owner_id where owner0_.id=?
Hibernate: select pettype0_.id as id15_0_, pettype0_.name as name15_0_ from types pettype0_ where pettype0_.id=?
Hibernate: select visits0_.pet_id as pet4_14_1_, visits0_.id as id13_1_, visits0_.id as id13_0_, visits0_.visit_date as visit2_13_0_, visits0_.description as descript3_13_0_, visits0_.pet_id as pet4_13_0_ from visits visits0_ where visits0_.pet_id=?
Hibernate: select owner0_.id as id16_0_, pets1_.id as id14_1_, owner0_.first_name as first2_16_0_, owner0_.last_name as last3_16_0_, owner0_.address as address16_0_, owner0_.city as city16_0_, owner0_.telephone as telephone16_0_, pets1_.name as name14_1_, pets1_.birth_date as birth3_14_1_, pets1_.owner_id as owner4_14_1_, pets1_.type_id as type5_14_1_, pets1_.owner_id as owner4_16_0__, pets1_.id as id14_0__ from owners owner0_ left outer join pets pets1_ on owner0_.id=pets1_.owner_id where owner0_.id=?
Hibernate: select pettype0_.id as id15_0_, pettype0_.name as name15_0_ from types pettype0_ where pettype0_.id=?
Hibernate: select pettype0_.id as id15_0_, pettype0_.name as name15_0_ from types pettype0_ where pettype0_.id=?
Hibernate: select visits0_.pet_id as pet4_14_1_, visits0_.id as id13_1_, visits0_.id as id13_0_, visits0_.visit_date as visit2_13_0_, visits0_.description as descript3_13_0_, visits0_.pet_id as pet4_13_0_ from visits visits0_ where visits0_.pet_id=?
Hibernate: select visits0_.pet_id as pet4_14_1_, visits0_.id as id13_1_, visits0_.id as id13_0_, visits0_.visit_date as visit2_13_0_, visits0_.description as descript3_13_0_, visits0_.pet_id as pet4_13_0_ from visits visits0_ where visits0_.pet_id=?
Hibernate: select distinct owner0_.id as id16_0_, pets1_.id as id14_1_, owner0_.first_name as first2_16_0_, owner0_.last_name as last3_16_0_, owner0_.address as address16_0_, owner0_.city as city16_0_, owner0_.telephone as telephone16_0_, pets1_.name as name14_1_, pets1_.birth_date as birth3_14_1_, pets1_.owner_id as owner4_14_1_, pets1_.type_id as type5_14_1_, pets1_.owner_id as owner4_16_0__, pets1_.id as id14_0__ from owners owner0_ left outer join pets pets1_ on owner0_.id=pets1_.owner_id where owner0_.last_name like ?
Hibernate: insert into owners (id, first_name, last_name, address, city, telephone) values (default, ?, ?, ?, ?, ?)
Hibernate: select distinct owner0_.id as id16_0_, pets1_.id as id14_1_, owner0_.first_name as first2_16_0_, owner0_.last_name as last3_16_0_, owner0_.address as address16_0_, owner0_.city as city16_0_, owner0_.telephone as telephone16_0_, pets1_.name as name14_1_, pets1_.birth_date as birth3_14_1_, pets1_.owner_id as owner4_14_1_, pets1_.type_id as type5_14_1_, pets1_.owner_id as owner4_16_0__, pets1_.id as id14_0__ from owners owner0_ left outer join pets pets1_ on owner0_.id=pets1_.owner_id where owner0_.last_name like ?
Hibernate: select pet0_.id as id14_, pet0_.name as name14_, pet0_.birth_date as birth3_14_, pet0_.owner_id as owner4_14_, pet0_.type_id as type5_14_ from pets pet0_ where pet0_.id=?
Hibernate: select owner0_.id as id16_0_, owner0_.first_name as first2_16_0_, owner0_.last_name as last3_16_0_, owner0_.address as address16_0_, owner0_.city as city16_0_, owner0_.telephone as telephone16_0_ from owners owner0_ where owner0_.id=?
Hibernate: select pettype0_.id as id15_0_, pettype0_.name as name15_0_ from types pettype0_ where pettype0_.id=?
Hibernate: select visits0_.pet_id as pet4_14_1_, visits0_.id as id13_1_, visits0_.id as id13_0_, visits0_.visit_date as visit2_13_0_, visits0_.description as descript3_13_0_, visits0_.pet_id as pet4_13_0_ from visits visits0_ where visits0_.pet_id=?
Hibernate: insert into visits (id, visit_date, description, pet_id) values (default, ?, ?, ?)
Hibernate: select pet0_.id as id14_, pet0_.name as name14_, pet0_.birth_date as birth3_14_, pet0_.owner_id as owner4_14_, pet0_.type_id as type5_14_ from pets pet0_ where pet0_.id=?
Hibernate: select distinct owner0_.id as id16_0_, pets1_.id as id14_1_, owner0_.first_name as first2_16_0_, owner0_.last_name as last3_16_0_, owner0_.address as address16_0_, owner0_.city as city16_0_, owner0_.telephone as telephone16_0_, pets1_.name as name14_1_, pets1_.birth_date as birth3_14_1_, pets1_.owner_id as owner4_14_1_, pets1_.type_id as type5_14_1_, pets1_.owner_id as owner4_16_0__, pets1_.id as id14_0__ from owners owner0_ left outer join pets pets1_ on owner0_.id=pets1_.owner_id where owner0_.last_name like ?
Hibernate: select pettype0_.id as id15_0_, pettype0_.name as name15_0_ from types pettype0_ where pettype0_.id=?
Hibernate: select pettype0_.id as id15_0_, pettype0_.name as name15_0_ from types pettype0_ where pettype0_.id=?
Hibernate: select visits0_.pet_id as pet4_14_1_, visits0_.id as id13_1_, visits0_.id as id13_0_, visits0_.visit_date as visit2_13_0_, visits0_.description as descript3_13_0_, visits0_.pet_id as pet4_13_0_ from visits visits0_ where visits0_.pet_id=?
Hibernate: select visits0_.pet_id as pet4_14_1_, visits0_.id as id13_1_, visits0_.id as id13_0_, visits0_.visit_date as visit2_13_0_, visits0_.description as descript3_13_0_, visits0_.pet_id as pet4_13_0_ from visits visits0_ where visits0_.pet_id=?
Hibernate: select distinct owner0_.id as id16_0_, pets1_.id as id14_1_, owner0_.first_name as first2_16_0_, owner0_.last_name as last3_16_0_, owner0_.address as address16_0_, owner0_.city as city16_0_, owner0_.telephone as telephone16_0_, pets1_.name as name14_1_, pets1_.birth_date as birth3_14_1_, pets1_.owner_id as owner4_14_1_, pets1_.type_id as type5_14_1_, pets1_.owner_id as owner4_16_0__, pets1_.id as id14_0__ from owners owner0_ left outer join pets pets1_ on owner0_.id=pets1_.owner_id where owner0_.last_name like ?
Tests run: 10, Failures: 0, Errors: 0, Skipped: 0, Time elapsed: 0.883 sec - in org.springframework.samples.petclinic.service.ClinicServiceSpringDataJpaTests

Results :

Tests run: 31, Failures: 0, Errors: 0, Skipped: 0

[INFO] 
[INFO] --- jacoco-maven-plugin:0.8.5:report (report) @ petclinic ---
[INFO] Loading execution data file /tmp/tmpdzgbzd_e/thymeleafexamples-petclinic/target/jacoco.exec
[INFO] Analyzed bundle 'petclinic' with 50 classes
[INFO] ------------------------------------------------------------------------
[INFO] BUILD SUCCESS
[INFO] ------------------------------------------------------------------------
[INFO] Total time:  34.391 s
[INFO] Finished at: 2020-07-30T19:58:33Z
[INFO] ------------------------------------------------------------------------
