[INFO] Error stacktraces are turned on.
[INFO] Scanning for projects...
[WARNING] 
[WARNING] Some problems were encountered while building the effective model for com.orange.wro4j:wro4j-taglib:jar:1.5-SNAPSHOT
[WARNING] 'build.plugins.plugin.version' for org.apache.maven.plugins:maven-compiler-plugin is missing. @ line 21, column 15
[WARNING] 
[WARNING] It is highly recommended to fix these problems because they threaten the stability of your build.
[WARNING] 
[WARNING] For this reason, future Maven versions might no longer support building such malformed projects.
[WARNING] 
[INFO] 
[INFO] -------------------< com.orange.wro4j:wro4j-taglib >--------------------
[INFO] Building taglib for wro4j 1.5-SNAPSHOT
[INFO] --------------------------------[ jar ]---------------------------------
[INFO] 
[INFO] --- maven-enforcer-plugin:1.0:enforce (enforce-maven) @ wro4j-taglib ---
[INFO] 
[INFO] --- jacoco-maven-plugin:0.8.5:prepare-agent (default) @ wro4j-taglib ---
[INFO] argLine set to -javaagent:/home/jdbl/.m2/repository/org/jacoco/org.jacoco.agent/0.8.5/org.jacoco.agent-0.8.5-runtime.jar=destfile=/tmp/tmpjqmqzhjs/wro4j-taglib/target/jacoco.exec
[INFO] 
[INFO] --- maven-resources-plugin:2.6:resources (default-resources) @ wro4j-taglib ---
[INFO] Using 'UTF-8' encoding to copy filtered resources.
[INFO] Copying 1 resource
[INFO] 
[INFO] --- maven-compiler-plugin:3.1:compile (default-compile) @ wro4j-taglib ---
[INFO] Changes detected - recompiling the module!
[INFO] Compiling 15 source files to /tmp/tmpjqmqzhjs/wro4j-taglib/target/classes
[INFO] 
[INFO] --- maven-resources-plugin:2.6:testResources (default-testResources) @ wro4j-taglib ---
[INFO] Using 'UTF-8' encoding to copy filtered resources.
[INFO] Copying 1 resource
[INFO] 
[INFO] --- maven-compiler-plugin:3.1:testCompile (default-testCompile) @ wro4j-taglib ---
[INFO] Changes detected - recompiling the module!
[INFO] Compiling 12 source files to /tmp/tmpjqmqzhjs/wro4j-taglib/target/test-classes
[INFO] 
[INFO] --- maven-surefire-plugin:2.19.1:test (default-test) @ wro4j-taglib ---
[INFO] Surefire report directory: /tmp/tmpjqmqzhjs/wro4j-taglib/target/surefire-reports

-------------------------------------------------------
 T E S T S
-------------------------------------------------------
Running com.orange.wro.taglib.config.WroConfigTest
21:38:11.899 [main] DEBUG ro.isdc.wro.model.WroModel - setGroups: [ro.isdc.wro.model.group.Group@134c38[
  name=testGroup
  resources=[ro.isdc.wro.model.resource.Resource@5dd6a4c8[JS,a,true], ro.isdc.wro.model.resource.Resource@608b35fa[JS,b,true], ro.isdc.wro.model.resource.Resource@13a268cd[CSS,c,true]]
]]
21:38:11.904 [main] DEBUG ro.isdc.wro.model.WroModel - identifyDuplicateGroupNames
Tests run: 3, Failures: 0, Errors: 0, Skipped: 0, Time elapsed: 2.098 sec - in com.orange.wro.taglib.config.WroConfigTest
Running com.orange.wro.taglib.config.WroTagLibPropertiesTest
21:38:11.993 [main] INFO  c.o.w.t.config.WroTagLibProperties - Properties found in /tmp/junit6440745107294263433/wro4jtest.
21:38:12.000 [main] INFO  c.o.w.t.config.WroTagLibProperties - Properties loaded.
21:38:12.002 [main] WARN  c.o.w.t.config.WroTagLibProperties - No properties found in /etc/wro4j-taglib-test.properties
21:38:12.002 [main] INFO  c.o.w.t.config.WroTagLibProperties - Properties (wro4j-taglib-test.properties) found in classpath.
21:38:12.002 [main] INFO  c.o.w.t.config.WroTagLibProperties - Properties loaded.
21:38:12.004 [main] WARN  c.o.w.t.config.WroTagLibProperties - No properties found in /etc/wro4j-taglib.properties
21:38:12.004 [main] WARN  c.o.w.t.config.WroTagLibProperties - No properties (wro4j-taglib.properties) found in classpath.
21:38:12.006 [main] INFO  c.o.w.t.config.WroTagLibProperties - Properties found in /tmp/junit1620643643335198997/junit3300170846461476509.
21:38:12.009 [main] INFO  c.o.w.t.config.WroTagLibProperties - Properties loaded.
Tests run: 4, Failures: 0, Errors: 0, Skipped: 0, Time elapsed: 0.04 sec - in com.orange.wro.taglib.config.WroTagLibPropertiesTest
Running com.orange.wro.taglib.config.WroContextListenerTest
21:38:12.685 [main] WARN  c.o.w.t.config.WroTagLibProperties - No properties found in /etc/wro4j-taglib.properties
21:38:12.689 [main] WARN  c.o.w.t.config.WroTagLibProperties - No properties (wro4j-taglib.properties) found in classpath.
Tests run: 2, Failures: 0, Errors: 0, Skipped: 0, Time elapsed: 0.702 sec - in com.orange.wro.taglib.config.WroContextListenerTest
Running com.orange.wro.taglib.config.IGroupLoaderTest
Tests run: 8, Failures: 0, Errors: 0, Skipped: 0, Time elapsed: 0.39 sec - in com.orange.wro.taglib.config.IGroupLoaderTest
Running com.orange.wro.taglib.config.WroTagLibConfigTest
21:38:13.576 [main] WARN  c.o.w.t.config.WroTagLibProperties - No properties found in /etc/wro4j-taglib.properties
21:38:13.828 [main] WARN  c.o.w.t.config.WroTagLibProperties - No properties (wro4j-taglib.properties) found in classpath.
21:38:13.865 [main] WARN  c.o.w.t.config.WroTagLibProperties - No properties found in /etc/wro4j-taglib.properties
21:38:13.866 [main] WARN  c.o.w.t.config.WroTagLibProperties - No properties (wro4j-taglib.properties) found in classpath.
21:38:13.868 [main] WARN  c.o.w.t.config.WroTagLibProperties - No properties found in /etc/wro4j-taglib-test.properties
21:38:13.868 [main] INFO  c.o.w.t.config.WroTagLibProperties - Properties (wro4j-taglib-test.properties) found in classpath.
21:38:13.868 [main] INFO  c.o.w.t.config.WroTagLibProperties - Properties loaded.
21:38:13.996 [main] WARN  c.o.w.t.config.WroTagLibProperties - No properties found in /etc/wro4j-taglib.properties
21:38:13.999 [main] WARN  c.o.w.t.config.WroTagLibProperties - No properties (wro4j-taglib.properties) found in classpath.
21:38:14.007 [main] WARN  c.o.w.t.config.WroTagLibProperties - No properties found in /etc/wro4j-taglib.properties
21:38:14.008 [main] WARN  c.o.w.t.config.WroTagLibProperties - No properties (wro4j-taglib.properties) found in classpath.
21:38:14.012 [main] WARN  c.o.w.t.config.WroTagLibProperties - No properties found in /etc/wro4j-taglib.properties
21:38:14.012 [main] WARN  c.o.w.t.config.WroTagLibProperties - No properties (wro4j-taglib.properties) found in classpath.
21:38:14.016 [main] WARN  c.o.w.t.config.WroTagLibProperties - No properties found in /etc/wro4j-taglib.properties
21:38:14.016 [main] WARN  c.o.w.t.config.WroTagLibProperties - No properties (wro4j-taglib.properties) found in classpath.
21:38:14.019 [main] WARN  c.o.w.t.config.WroTagLibProperties - No properties found in /etc/wro4j-taglib.properties
21:38:14.020 [main] WARN  c.o.w.t.config.WroTagLibProperties - No properties (wro4j-taglib.properties) found in classpath.
Tests run: 8, Failures: 0, Errors: 0, Skipped: 0, Time elapsed: 0.912 sec - in com.orange.wro.taglib.config.WroTagLibConfigTest
Running com.orange.wro.taglib.tag.IncludeTagTest
Tests run: 6, Failures: 0, Errors: 0, Skipped: 0, Time elapsed: 0.996 sec - in com.orange.wro.taglib.tag.IncludeTagTest
Running com.orange.wro.taglib.tag.OptionalScriptTagTest
Tests run: 4, Failures: 0, Errors: 0, Skipped: 0, Time elapsed: 2.444 sec - in com.orange.wro.taglib.tag.OptionalScriptTagTest
Running com.orange.wro.taglib.tag.AsJsArrayIncludeTagTest
Tests run: 2, Failures: 0, Errors: 0, Skipped: 0, Time elapsed: 1.14 sec - in com.orange.wro.taglib.tag.AsJsArrayIncludeTagTest
Running com.orange.wro.taglib.tag.ScriptHtmlIncludeTagTest
Tests run: 2, Failures: 0, Errors: 0, Skipped: 0, Time elapsed: 0.919 sec - in com.orange.wro.taglib.tag.ScriptHtmlIncludeTagTest
Running com.orange.wro.taglib.tag.StyleHtmlIncludeTagTest
Tests run: 3, Failures: 0, Errors: 0, Skipped: 0, Time elapsed: 0.875 sec - in com.orange.wro.taglib.tag.StyleHtmlIncludeTagTest

Results :

Tests run: 42, Failures: 0, Errors: 0, Skipped: 0

[INFO] 
[INFO] --- jacoco-maven-plugin:0.8.5:report (report) @ wro4j-taglib ---
[INFO] Loading execution data file /tmp/tmpjqmqzhjs/wro4j-taglib/target/jacoco.exec
[INFO] Analyzed bundle 'taglib for wro4j' with 115 classes
[INFO] ------------------------------------------------------------------------
[INFO] BUILD SUCCESS
[INFO] ------------------------------------------------------------------------
[INFO] Total time:  23.946 s
[INFO] Finished at: 2020-07-30T21:38:22Z
[INFO] ------------------------------------------------------------------------
