[INFO] Error stacktraces are turned on.
[INFO] Scanning for projects...
[WARNING] The POM for org.jenkins-ci.tools:maven-hpi-plugin:jar:1.74 is missing, no dependency information available
[WARNING] Failed to build parent project for com.amazonaws:aws-codepipeline:hpi:0.43-SNAPSHOT
[INFO] 
[INFO] -------------------< com.amazonaws:aws-codepipeline >-------------------
[INFO] Building AWS CodePipeline Plugin 0.43-SNAPSHOT
[INFO] --------------------------------[ hpi ]---------------------------------
[INFO] 
[INFO] --- maven-hpi-plugin:1.74:validate (default-validate) @ aws-codepipeline ---
[INFO] 
[INFO] --- maven-enforcer-plugin:1.0.1:display-info (default) @ aws-codepipeline ---
[INFO] Maven Version: 3.6.3
[INFO] JDK Version: 1.8.0_262 normalized as: 1.8.0-262
[INFO] OS Info: Arch: amd64 Family: unix Name: linux Version: 4.15.0-109-generic
[INFO] 
[INFO] --- jacoco-maven-plugin:0.8.5:prepare-agent (default) @ aws-codepipeline ---
[INFO] argLine set to -javaagent:/home/jdbl/.m2/repository/org/jacoco/org.jacoco.agent/0.8.5/org.jacoco.agent-0.8.5-runtime.jar=destfile=/tmp/tmp_c0c8fkj/aws-codepipeline-plugin-for-jenkins/target/jacoco.exec
[INFO] 
[INFO] --- maven-localizer-plugin:1.13:generate (default) @ aws-codepipeline ---
[INFO] 
[INFO] --- maven-resources-plugin:2.5:resources (default-resources) @ aws-codepipeline ---
[debug] execute contextualize
[INFO] Using 'UTF-8' encoding to copy filtered resources.
[INFO] Copying 15 resources
[INFO] 
[INFO] --- maven-compiler-plugin:3.3:compile (default-compile) @ aws-codepipeline ---
[INFO] Changes detected - recompiling the module!
[INFO] Compiling 17 source files to /tmp/tmp_c0c8fkj/aws-codepipeline-plugin-for-jenkins/target/classes
[INFO] /tmp/tmp_c0c8fkj/aws-codepipeline-plugin-for-jenkins/src/main/java/com/amazonaws/codepipeline/jenkinsplugin/AWSClients.java: /tmp/tmp_c0c8fkj/aws-codepipeline-plugin-for-jenkins/src/main/java/com/amazonaws/codepipeline/jenkinsplugin/AWSClients.java uses or overrides a deprecated API.
[INFO] /tmp/tmp_c0c8fkj/aws-codepipeline-plugin-for-jenkins/src/main/java/com/amazonaws/codepipeline/jenkinsplugin/AWSClients.java: Recompile with -Xlint:deprecation for details.
[INFO] 
[INFO] --- access-modifier-checker:1.16:enforce (default-enforce) @ aws-codepipeline ---
[INFO] 
[INFO] --- maven-hpi-plugin:1.74:insert-test (default-insert-test) @ aws-codepipeline ---
[INFO] 
[INFO] --- gmaven-plugin:1.3:generateTestStubs (test-in-groovy) @ aws-codepipeline ---
[INFO] No sources found for Java stub generation
[INFO] 
[INFO] --- maven-resources-plugin:2.5:testResources (default-testResources) @ aws-codepipeline ---
[debug] execute contextualize
[INFO] Using 'UTF-8' encoding to copy filtered resources.
[INFO] Copying 6 resources
[INFO] 
[INFO] --- maven-compiler-plugin:3.3:testCompile (default-testCompile) @ aws-codepipeline ---
[INFO] Changes detected - recompiling the module!
[INFO] Compiling 13 source files to /tmp/tmp_c0c8fkj/aws-codepipeline-plugin-for-jenkins/target/test-classes
[INFO] /tmp/tmp_c0c8fkj/aws-codepipeline-plugin-for-jenkins/src/test/java/com/amazonaws/codepipeline/jenkinsplugin/ValidationTest.java: Some input files use or override a deprecated API.
[INFO] /tmp/tmp_c0c8fkj/aws-codepipeline-plugin-for-jenkins/src/test/java/com/amazonaws/codepipeline/jenkinsplugin/ValidationTest.java: Recompile with -Xlint:deprecation for details.
[INFO] /tmp/tmp_c0c8fkj/aws-codepipeline-plugin-for-jenkins/target/inject-tests/InjectedTest.java: /tmp/tmp_c0c8fkj/aws-codepipeline-plugin-for-jenkins/target/inject-tests/InjectedTest.java uses unchecked or unsafe operations.
[INFO] /tmp/tmp_c0c8fkj/aws-codepipeline-plugin-for-jenkins/target/inject-tests/InjectedTest.java: Recompile with -Xlint:unchecked for details.
[INFO] 
[INFO] --- maven-hpi-plugin:1.74:test-hpl (default-test-hpl) @ aws-codepipeline ---
[INFO] Generating /tmp/tmp_c0c8fkj/aws-codepipeline-plugin-for-jenkins/target/test-classes/the.hpl
[INFO] 
[INFO] --- maven-hpi-plugin:1.74:resolve-test-dependencies (default-resolve-test-dependencies) @ aws-codepipeline ---
[INFO] 
[INFO] --- gmaven-plugin:1.3:testCompile (test-in-groovy) @ aws-codepipeline ---
[INFO] No sources found to compile
[INFO] 
[INFO] --- maven-surefire-plugin:2.19.1:test (default-test) @ aws-codepipeline ---
[INFO] Surefire report directory: /tmp/tmp_c0c8fkj/aws-codepipeline-plugin-for-jenkins/target/surefire-reports

-------------------------------------------------------
 T E S T S
-------------------------------------------------------
Running InjectedTest
Exploding jenkins.war at /home/jdbl/.m2/repository/org/jenkins-ci/main/jenkins-war/1.479/jenkins-war-1.479-war-for-test.jar
Jul 30, 2020 8:25:52 PM org.mortbay.log.Slf4jLog info
INFO: Logging to org.slf4j.impl.JDK14LoggerAdapter(org.mortbay.log) via org.mortbay.log.Slf4jLog
Jul 30, 2020 8:25:52 PM org.mortbay.log.Slf4jLog info
INFO: jetty-6.1.26
Jul 30, 2020 8:25:52 PM org.mortbay.log.Slf4jLog info
INFO: NO JSP Support for , did not find org.apache.jasper.servlet.JspServlet
Jul 30, 2020 8:25:52 PM org.mortbay.log.Slf4jLog info
INFO: Started SocketConnector@0.0.0.0:46631
Jul 30, 2020 8:25:52 PM jenkins.InitReactorRunner$1 onAttained
INFO: Started initialization
Jul 30, 2020 8:25:53 PM jenkins.InitReactorRunner$1 onAttained
INFO: Listed all plugins
Jul 30, 2020 8:25:53 PM jenkins.InitReactorRunner$1 onAttained
INFO: Prepared all plugins
Jul 30, 2020 8:25:53 PM jenkins.InitReactorRunner$1 onAttained
INFO: Started all plugins
Jul 30, 2020 8:25:53 PM jenkins.InitReactorRunner$1 onAttained
INFO: Augmented all extensions
Jul 30, 2020 8:25:53 PM jenkins.InitReactorRunner$1 onAttained
INFO: Loaded all jobs
Jul 30, 2020 8:25:57 PM jenkins.InitReactorRunner$1 onAttained
INFO: Completed initialization
Jul 30, 2020 8:25:57 PM hudson.TcpSlaveAgentListener <init>
INFO: JNLP slave agent listener started on TCP port 45479
Jul 30, 2020 8:25:57 PM org.mortbay.log.Slf4jLog info
INFO: jetty-6.1.26
Jul 30, 2020 8:25:57 PM org.mortbay.log.Slf4jLog info
INFO: Started SocketConnector@0.0.0.0:35935
Jul 30, 2020 8:26:00 PM org.mortbay.log.Slf4jLog info
INFO: Stopped SocketConnector@0.0.0.0:46631
Jul 30, 2020 8:26:00 PM hudson.PluginWrapper stop
INFO: Stopping external-monitor-job
Jul 30, 2020 8:26:00 PM hudson.PluginWrapper stop
INFO: Stopping ldap
Jul 30, 2020 8:26:00 PM hudson.PluginWrapper stop
INFO: Stopping pam-auth
Jul 30, 2020 8:26:00 PM hudson.PluginWrapper stop
INFO: Stopping ant
Jul 30, 2020 8:26:00 PM hudson.PluginWrapper stop
INFO: Stopping javadoc
Jul 30, 2020 8:26:00 PM hudson.PluginWrapper stop
INFO: Stopping translation
Jul 30, 2020 8:26:00 PM hudson.PluginWrapper stop
INFO: Stopping ssh-slaves
Jul 30, 2020 8:26:00 PM hudson.PluginWrapper stop
INFO: Stopping ui-samples-plugin
Jul 30, 2020 8:26:00 PM hudson.PluginWrapper stop
INFO: Stopping subversion
Jul 30, 2020 8:26:00 PM hudson.PluginWrapper stop
INFO: Stopping maven-plugin
Jul 30, 2020 8:26:00 PM hudson.PluginWrapper stop
INFO: Stopping cvs
Jul 30, 2020 8:26:00 PM hudson.PluginWrapper stop
INFO: Stopping aws-codepipeline
Jul 30, 2020 8:26:00 PM org.mortbay.log.Slf4jLog info
INFO: jetty-6.1.26
Jul 30, 2020 8:26:00 PM org.mortbay.log.Slf4jLog info
INFO: NO JSP Support for , did not find org.apache.jasper.servlet.JspServlet
Jul 30, 2020 8:26:00 PM org.mortbay.log.Slf4jLog info
INFO: Started SocketConnector@0.0.0.0:42787
Jul 30, 2020 8:26:00 PM jenkins.InitReactorRunner$1 onAttained
INFO: Started initialization
Jul 30, 2020 8:26:00 PM jenkins.InitReactorRunner$1 onAttained
INFO: Listed all plugins
Jul 30, 2020 8:26:01 PM jenkins.InitReactorRunner$1 onAttained
INFO: Prepared all plugins
Jul 30, 2020 8:26:01 PM jenkins.InitReactorRunner$1 onAttained
INFO: Started all plugins
Jul 30, 2020 8:26:01 PM jenkins.InitReactorRunner$1 onAttained
INFO: Augmented all extensions
Jul 30, 2020 8:26:01 PM jenkins.InitReactorRunner$1 onAttained
INFO: Loaded all jobs
Jul 30, 2020 8:26:02 PM jenkins.InitReactorRunner$1 onAttained
INFO: Completed initialization
Jul 30, 2020 8:26:02 PM hudson.TcpSlaveAgentListener <init>
INFO: JNLP slave agent listener started on TCP port 39251
=== Starting CliSanityTest.testCliSanity
Jul 30, 2020 8:26:02 PM org.mortbay.log.Slf4jLog info
INFO: Stopped SocketConnector@0.0.0.0:42787
Jul 30, 2020 8:26:02 PM hudson.PluginWrapper stop
INFO: Stopping external-monitor-job
Jul 30, 2020 8:26:02 PM hudson.PluginWrapper stop
INFO: Stopping ldap
Jul 30, 2020 8:26:02 PM hudson.PluginWrapper stop
INFO: Stopping pam-auth
Jul 30, 2020 8:26:02 PM hudson.PluginWrapper stop
INFO: Stopping ant
Jul 30, 2020 8:26:02 PM hudson.PluginWrapper stop
INFO: Stopping javadoc
Jul 30, 2020 8:26:02 PM hudson.PluginWrapper stop
INFO: Stopping translation
Jul 30, 2020 8:26:02 PM hudson.PluginWrapper stop
INFO: Stopping ssh-slaves
Jul 30, 2020 8:26:02 PM hudson.PluginWrapper stop
INFO: Stopping ui-samples-plugin
Jul 30, 2020 8:26:02 PM hudson.PluginWrapper stop
INFO: Stopping subversion
Jul 30, 2020 8:26:02 PM hudson.PluginWrapper stop
INFO: Stopping maven-plugin
Jul 30, 2020 8:26:02 PM hudson.PluginWrapper stop
INFO: Stopping cvs
Jul 30, 2020 8:26:02 PM hudson.PluginWrapper stop
INFO: Stopping aws-codepipeline
Tests run: 6, Failures: 0, Errors: 0, Skipped: 0, Time elapsed: 13.23 sec - in InjectedTest
Running com.amazonaws.codepipeline.jenkinsplugin.ValidationTest
[AWS CodePipeline Plugin] ActionType: Category: Build, Provider: Jenkins-Build, Version: .
[AWS CodePipeline Plugin] ActionType: Category: Build, Provider: , Version: 1.
[AWS CodePipeline Plugin] ActionType: Category: Please Choose A Category, Provider: Jenkins-Build, Version: 1.
[AWS CodePipeline Plugin] Invalid project name: No special Characters @. The AWS CodePipeline Jenkins plugin supports project names with alphanumeric characters and the special characters - (minus sign) and _ (underscore).
[AWS CodePipeline Plugin] ActionType: Category: Build, Provider: Jenkins-Build, Version: .
[AWS CodePipeline Plugin] Invalid project name: J3T0AlmeQyHBCGVghnyukMJ9f2pgdKJoDuXgWkPUV90sSURtBlU7UQ4ieCLEiiBMZi31qmfFVYL35AJTFrROGiSrmq7F8DcJ5qfm. The AWS CodePipeline Jenkins plugin supports project names with a maximum of 50 characters.
[AWS CodePipeline Plugin] Invalid project name: @. The AWS CodePipeline Jenkins plugin supports project names with alphanumeric characters and the special characters - (minus sign) and _ (underscore).
Tests run: 20, Failures: 0, Errors: 0, Skipped: 0, Time elapsed: 0.093 sec - in com.amazonaws.codepipeline.jenkinsplugin.ValidationTest
Running com.amazonaws.codepipeline.jenkinsplugin.AWSCodePipelineSCMTest
Jul 30, 2020 8:28:45 PM org.mortbay.log.Slf4jLog info
INFO: jetty-6.1.26
Jul 30, 2020 8:28:45 PM org.mortbay.log.Slf4jLog info
INFO: NO JSP Support for , did not find org.apache.jasper.servlet.JspServlet
Jul 30, 2020 8:28:45 PM org.mortbay.log.Slf4jLog info
INFO: Started SocketConnector@0.0.0.0:34661
Jul 30, 2020 8:28:45 PM jenkins.InitReactorRunner$1 onAttained
INFO: Started initialization
Jul 30, 2020 8:28:45 PM jenkins.InitReactorRunner$1 onAttained
INFO: Listed all plugins
Jul 30, 2020 8:28:45 PM jenkins.InitReactorRunner$1 onAttained
INFO: Prepared all plugins
Jul 30, 2020 8:28:45 PM jenkins.InitReactorRunner$1 onAttained
INFO: Started all plugins
Jul 30, 2020 8:28:45 PM jenkins.InitReactorRunner$1 onAttained
INFO: Augmented all extensions
Jul 30, 2020 8:28:45 PM jenkins.InitReactorRunner$1 onAttained
INFO: Loaded all jobs
Jul 30, 2020 8:28:45 PM jenkins.InitReactorRunner$1 onAttained
INFO: Completed initialization
Jul 30, 2020 8:28:45 PM hudson.TcpSlaveAgentListener <init>
INFO: JNLP slave agent listener started on TCP port 36735
Jul 30, 2020 8:28:50 PM com.gargoylesoftware.htmlunit.javascript.host.Document jsxFunction_createElement
SEVERE: Unexpected exception occurred while parsing HTML snippet
Jul 30, 2020 8:28:50 PM com.gargoylesoftware.htmlunit.javascript.StrictErrorReporter runtimeError
SEVERE: runtimeError: message=[Unexpected exception occurred while parsing HTML snippet: input name="x"] sourceName=[http://localhost:34661/static/932a74f6/scripts/prototype.js] line=[1927] lineSource=[null] lineOffset=[0]
Jul 30, 2020 8:28:51 PM com.gargoylesoftware.htmlunit.DefaultCssErrorHandler error
WARNING: CSS error: http://localhost:34661/static/932a74f6/css/style.css [180:26] Error in expression. Invalid token "=". Was expecting one of: <S>, <COMMA>, "/", <PLUS>, "-", <HASH>, <STRING>, ")", <URI>, "inherit", <EMS>, <EXS>, <LENGTH_PX>, <LENGTH_CM>, <LENGTH_MM>, <LENGTH_IN>, <LENGTH_PT>, <LENGTH_PC>, <ANGLE_DEG>, <ANGLE_RAD>, <ANGLE_GRAD>, <TIME_MS>, <TIME_S>, <FREQ_HZ>, <FREQ_KHZ>, <DIMENSION>, <PERCENTAGE>, <NUMBER>, <FUNCTION>, <IDENT>.
Jul 30, 2020 8:28:51 PM com.gargoylesoftware.htmlunit.DefaultCssErrorHandler error
WARNING: CSS error: http://localhost:34661/static/932a74f6/css/style.css [180:31] Error in style rule. Invalid token " ". Was expecting one of: "}", ";".
Jul 30, 2020 8:28:51 PM com.gargoylesoftware.htmlunit.DefaultCssErrorHandler warning
WARNING: CSS warning: http://localhost:34661/static/932a74f6/css/style.css [180:31] Ignoring the following declarations in this rule.
Jul 30, 2020 8:28:51 PM com.gargoylesoftware.htmlunit.DefaultCssErrorHandler error
WARNING: CSS error: http://localhost:34661/static/932a74f6/css/style.css [446:26] Error in expression. Invalid token "=". Was expecting one of: <S>, <COMMA>, "/", <PLUS>, "-", <HASH>, <STRING>, ")", <URI>, "inherit", <EMS>, <EXS>, <LENGTH_PX>, <LENGTH_CM>, <LENGTH_MM>, <LENGTH_IN>, <LENGTH_PT>, <LENGTH_PC>, <ANGLE_DEG>, <ANGLE_RAD>, <ANGLE_GRAD>, <TIME_MS>, <TIME_S>, <FREQ_HZ>, <FREQ_KHZ>, <DIMENSION>, <PERCENTAGE>, <NUMBER>, <FUNCTION>, <IDENT>.
Jul 30, 2020 8:28:51 PM com.gargoylesoftware.htmlunit.DefaultCssErrorHandler error
WARNING: CSS error: http://localhost:34661/static/932a74f6/css/style.css [446:31] Error in style rule. Invalid token "\n". Was expecting one of: "}", ";".
Jul 30, 2020 8:28:51 PM com.gargoylesoftware.htmlunit.DefaultCssErrorHandler warning
WARNING: CSS warning: http://localhost:34661/static/932a74f6/css/style.css [446:31] Ignoring the following declarations in this rule.
Jul 30, 2020 8:28:52 PM com.gargoylesoftware.htmlunit.html.InputElementFactory createElementNS
INFO: Bad input type: "number", creating a text input
Jul 30, 2020 8:28:52 PM com.gargoylesoftware.htmlunit.html.InputElementFactory createElementNS
INFO: Bad input type: "number", creating a text input
Jul 30, 2020 8:28:52 PM com.gargoylesoftware.htmlunit.html.InputElementFactory createElementNS
INFO: Bad input type: "number", creating a text input
Jul 30, 2020 8:28:52 PM com.gargoylesoftware.htmlunit.html.InputElementFactory createElementNS
INFO: Bad input type: "number", creating a text input
Jul 30, 2020 8:28:52 PM com.gargoylesoftware.htmlunit.html.InputElementFactory createElementNS
INFO: Bad input type: "number", creating a text input
Jul 30, 2020 8:28:52 PM com.gargoylesoftware.htmlunit.html.InputElementFactory createElementNS
INFO: Bad input type: "number", creating a text input
Jul 30, 2020 8:28:57 PM com.gargoylesoftware.htmlunit.javascript.host.Document jsxFunction_createElement
SEVERE: Unexpected exception occurred while parsing HTML snippet
Jul 30, 2020 8:28:57 PM com.gargoylesoftware.htmlunit.javascript.StrictErrorReporter runtimeError
SEVERE: runtimeError: message=[Unexpected exception occurred while parsing HTML snippet: input name="x"] sourceName=[http://localhost:34661/static/932a74f6/scripts/prototype.js] line=[1927] lineSource=[null] lineOffset=[0]
Jul 30, 2020 8:28:58 PM com.gargoylesoftware.htmlunit.DefaultCssErrorHandler error
WARNING: CSS error: http://localhost:34661/static/932a74f6/css/style.css [180:26] Error in expression. Invalid token "=". Was expecting one of: <S>, <COMMA>, "/", <PLUS>, "-", <HASH>, <STRING>, ")", <URI>, "inherit", <EMS>, <EXS>, <LENGTH_PX>, <LENGTH_CM>, <LENGTH_MM>, <LENGTH_IN>, <LENGTH_PT>, <LENGTH_PC>, <ANGLE_DEG>, <ANGLE_RAD>, <ANGLE_GRAD>, <TIME_MS>, <TIME_S>, <FREQ_HZ>, <FREQ_KHZ>, <DIMENSION>, <PERCENTAGE>, <NUMBER>, <FUNCTION>, <IDENT>.
Jul 30, 2020 8:28:58 PM com.gargoylesoftware.htmlunit.DefaultCssErrorHandler error
WARNING: CSS error: http://localhost:34661/static/932a74f6/css/style.css [180:31] Error in style rule. Invalid token " ". Was expecting one of: "}", ";".
Jul 30, 2020 8:28:58 PM com.gargoylesoftware.htmlunit.DefaultCssErrorHandler warning
WARNING: CSS warning: http://localhost:34661/static/932a74f6/css/style.css [180:31] Ignoring the following declarations in this rule.
Jul 30, 2020 8:28:58 PM com.gargoylesoftware.htmlunit.DefaultCssErrorHandler error
WARNING: CSS error: http://localhost:34661/static/932a74f6/css/style.css [446:26] Error in expression. Invalid token "=". Was expecting one of: <S>, <COMMA>, "/", <PLUS>, "-", <HASH>, <STRING>, ")", <URI>, "inherit", <EMS>, <EXS>, <LENGTH_PX>, <LENGTH_CM>, <LENGTH_MM>, <LENGTH_IN>, <LENGTH_PT>, <LENGTH_PC>, <ANGLE_DEG>, <ANGLE_RAD>, <ANGLE_GRAD>, <TIME_MS>, <TIME_S>, <FREQ_HZ>, <FREQ_KHZ>, <DIMENSION>, <PERCENTAGE>, <NUMBER>, <FUNCTION>, <IDENT>.
Jul 30, 2020 8:28:58 PM com.gargoylesoftware.htmlunit.DefaultCssErrorHandler error
WARNING: CSS error: http://localhost:34661/static/932a74f6/css/style.css [446:31] Error in style rule. Invalid token "\n". Was expecting one of: "}", ";".
Jul 30, 2020 8:28:58 PM com.gargoylesoftware.htmlunit.DefaultCssErrorHandler warning
WARNING: CSS warning: http://localhost:34661/static/932a74f6/css/style.css [446:31] Ignoring the following declarations in this rule.
Jul 30, 2020 8:28:59 PM org.mortbay.log.Slf4jLog info
INFO: Stopped SocketConnector@0.0.0.0:34661
Jul 30, 2020 8:28:59 PM hudson.PluginWrapper stop
INFO: Stopping external-monitor-job
Jul 30, 2020 8:28:59 PM hudson.PluginWrapper stop
INFO: Stopping ldap
Jul 30, 2020 8:28:59 PM hudson.PluginWrapper stop
INFO: Stopping pam-auth
Jul 30, 2020 8:28:59 PM hudson.PluginWrapper stop
INFO: Stopping ant
Jul 30, 2020 8:28:59 PM hudson.PluginWrapper stop
INFO: Stopping javadoc
Jul 30, 2020 8:28:59 PM hudson.PluginWrapper stop
INFO: Stopping translation
Jul 30, 2020 8:28:59 PM hudson.PluginWrapper stop
INFO: Stopping ssh-slaves
Jul 30, 2020 8:28:59 PM hudson.PluginWrapper stop
INFO: Stopping ui-samples-plugin
Jul 30, 2020 8:28:59 PM hudson.PluginWrapper stop
INFO: Stopping subversion
Jul 30, 2020 8:28:59 PM hudson.PluginWrapper stop
INFO: Stopping maven-plugin
Jul 30, 2020 8:28:59 PM hudson.PluginWrapper stop
INFO: Stopping cvs
Jul 30, 2020 8:28:59 PM hudson.PluginWrapper stop
INFO: Stopping aws-codepipeline
Jul 30, 2020 8:28:59 PM org.mortbay.log.Slf4jLog info
INFO: jetty-6.1.26
Jul 30, 2020 8:28:59 PM org.mortbay.log.Slf4jLog info
INFO: NO JSP Support for , did not find org.apache.jasper.servlet.JspServlet
Jul 30, 2020 8:28:59 PM org.mortbay.log.Slf4jLog info
INFO: Started SocketConnector@0.0.0.0:41217
Jul 30, 2020 8:28:59 PM jenkins.InitReactorRunner$1 onAttained
INFO: Started initialization
Jul 30, 2020 8:28:59 PM jenkins.InitReactorRunner$1 onAttained
INFO: Listed all plugins
Jul 30, 2020 8:28:59 PM jenkins.InitReactorRunner$1 onAttained
INFO: Prepared all plugins
Jul 30, 2020 8:29:00 PM jenkins.InitReactorRunner$1 onAttained
INFO: Started all plugins
Jul 30, 2020 8:29:00 PM jenkins.InitReactorRunner$1 onAttained
INFO: Augmented all extensions
Jul 30, 2020 8:29:00 PM jenkins.InitReactorRunner$1 onAttained
INFO: Loaded all jobs
Jul 30, 2020 8:29:00 PM jenkins.InitReactorRunner$1 onAttained
INFO: Completed initialization
Jul 30, 2020 8:29:00 PM hudson.TcpSlaveAgentListener <init>
INFO: JNLP slave agent listener started on TCP port 37927
Jul 30, 2020 8:29:03 PM com.gargoylesoftware.htmlunit.javascript.host.Document jsxFunction_createElement
SEVERE: Unexpected exception occurred while parsing HTML snippet
Jul 30, 2020 8:29:03 PM com.gargoylesoftware.htmlunit.javascript.StrictErrorReporter runtimeError
SEVERE: runtimeError: message=[Unexpected exception occurred while parsing HTML snippet: input name="x"] sourceName=[http://localhost:41217/static/9a4dc106/scripts/prototype.js] line=[1927] lineSource=[null] lineOffset=[0]
Jul 30, 2020 8:29:03 PM com.gargoylesoftware.htmlunit.DefaultCssErrorHandler error
WARNING: CSS error: http://localhost:41217/static/9a4dc106/css/style.css [180:26] Error in expression. Invalid token "=". Was expecting one of: <S>, <COMMA>, "/", <PLUS>, "-", <HASH>, <STRING>, ")", <URI>, "inherit", <EMS>, <EXS>, <LENGTH_PX>, <LENGTH_CM>, <LENGTH_MM>, <LENGTH_IN>, <LENGTH_PT>, <LENGTH_PC>, <ANGLE_DEG>, <ANGLE_RAD>, <ANGLE_GRAD>, <TIME_MS>, <TIME_S>, <FREQ_HZ>, <FREQ_KHZ>, <DIMENSION>, <PERCENTAGE>, <NUMBER>, <FUNCTION>, <IDENT>.
Jul 30, 2020 8:29:03 PM com.gargoylesoftware.htmlunit.DefaultCssErrorHandler error
WARNING: CSS error: http://localhost:41217/static/9a4dc106/css/style.css [180:31] Error in style rule. Invalid token " ". Was expecting one of: "}", ";".
Jul 30, 2020 8:29:03 PM com.gargoylesoftware.htmlunit.DefaultCssErrorHandler warning
WARNING: CSS warning: http://localhost:41217/static/9a4dc106/css/style.css [180:31] Ignoring the following declarations in this rule.
Jul 30, 2020 8:29:03 PM com.gargoylesoftware.htmlunit.DefaultCssErrorHandler error
WARNING: CSS error: http://localhost:41217/static/9a4dc106/css/style.css [446:26] Error in expression. Invalid token "=". Was expecting one of: <S>, <COMMA>, "/", <PLUS>, "-", <HASH>, <STRING>, ")", <URI>, "inherit", <EMS>, <EXS>, <LENGTH_PX>, <LENGTH_CM>, <LENGTH_MM>, <LENGTH_IN>, <LENGTH_PT>, <LENGTH_PC>, <ANGLE_DEG>, <ANGLE_RAD>, <ANGLE_GRAD>, <TIME_MS>, <TIME_S>, <FREQ_HZ>, <FREQ_KHZ>, <DIMENSION>, <PERCENTAGE>, <NUMBER>, <FUNCTION>, <IDENT>.
Jul 30, 2020 8:29:03 PM com.gargoylesoftware.htmlunit.DefaultCssErrorHandler error
WARNING: CSS error: http://localhost:41217/static/9a4dc106/css/style.css [446:31] Error in style rule. Invalid token "\n". Was expecting one of: "}", ";".
Jul 30, 2020 8:29:03 PM com.gargoylesoftware.htmlunit.DefaultCssErrorHandler warning
WARNING: CSS warning: http://localhost:41217/static/9a4dc106/css/style.css [446:31] Ignoring the following declarations in this rule.
Jul 30, 2020 8:29:04 PM com.gargoylesoftware.htmlunit.html.InputElementFactory createElementNS
INFO: Bad input type: "number", creating a text input
Jul 30, 2020 8:29:04 PM com.gargoylesoftware.htmlunit.html.InputElementFactory createElementNS
INFO: Bad input type: "number", creating a text input
Jul 30, 2020 8:29:04 PM com.gargoylesoftware.htmlunit.html.InputElementFactory createElementNS
INFO: Bad input type: "number", creating a text input
Jul 30, 2020 8:29:04 PM com.gargoylesoftware.htmlunit.html.InputElementFactory createElementNS
INFO: Bad input type: "number", creating a text input
Jul 30, 2020 8:29:04 PM com.gargoylesoftware.htmlunit.html.InputElementFactory createElementNS
INFO: Bad input type: "number", creating a text input
Jul 30, 2020 8:29:04 PM com.gargoylesoftware.htmlunit.html.InputElementFactory createElementNS
INFO: Bad input type: "number", creating a text input
Jul 30, 2020 8:29:08 PM com.gargoylesoftware.htmlunit.javascript.host.Document jsxFunction_createElement
SEVERE: Unexpected exception occurred while parsing HTML snippet
Jul 30, 2020 8:29:08 PM com.gargoylesoftware.htmlunit.javascript.StrictErrorReporter runtimeError
SEVERE: runtimeError: message=[Unexpected exception occurred while parsing HTML snippet: input name="x"] sourceName=[http://localhost:41217/static/9a4dc106/scripts/prototype.js] line=[1927] lineSource=[null] lineOffset=[0]
Jul 30, 2020 8:29:09 PM com.gargoylesoftware.htmlunit.DefaultCssErrorHandler error
WARNING: CSS error: http://localhost:41217/static/9a4dc106/css/style.css [180:26] Error in expression. Invalid token "=". Was expecting one of: <S>, <COMMA>, "/", <PLUS>, "-", <HASH>, <STRING>, ")", <URI>, "inherit", <EMS>, <EXS>, <LENGTH_PX>, <LENGTH_CM>, <LENGTH_MM>, <LENGTH_IN>, <LENGTH_PT>, <LENGTH_PC>, <ANGLE_DEG>, <ANGLE_RAD>, <ANGLE_GRAD>, <TIME_MS>, <TIME_S>, <FREQ_HZ>, <FREQ_KHZ>, <DIMENSION>, <PERCENTAGE>, <NUMBER>, <FUNCTION>, <IDENT>.
Jul 30, 2020 8:29:09 PM com.gargoylesoftware.htmlunit.DefaultCssErrorHandler error
WARNING: CSS error: http://localhost:41217/static/9a4dc106/css/style.css [180:31] Error in style rule. Invalid token " ". Was expecting one of: "}", ";".
Jul 30, 2020 8:29:09 PM com.gargoylesoftware.htmlunit.DefaultCssErrorHandler warning
WARNING: CSS warning: http://localhost:41217/static/9a4dc106/css/style.css [180:31] Ignoring the following declarations in this rule.
Jul 30, 2020 8:29:09 PM com.gargoylesoftware.htmlunit.DefaultCssErrorHandler error
WARNING: CSS error: http://localhost:41217/static/9a4dc106/css/style.css [446:26] Error in expression. Invalid token "=". Was expecting one of: <S>, <COMMA>, "/", <PLUS>, "-", <HASH>, <STRING>, ")", <URI>, "inherit", <EMS>, <EXS>, <LENGTH_PX>, <LENGTH_CM>, <LENGTH_MM>, <LENGTH_IN>, <LENGTH_PT>, <LENGTH_PC>, <ANGLE_DEG>, <ANGLE_RAD>, <ANGLE_GRAD>, <TIME_MS>, <TIME_S>, <FREQ_HZ>, <FREQ_KHZ>, <DIMENSION>, <PERCENTAGE>, <NUMBER>, <FUNCTION>, <IDENT>.
Jul 30, 2020 8:29:09 PM com.gargoylesoftware.htmlunit.DefaultCssErrorHandler error
WARNING: CSS error: http://localhost:41217/static/9a4dc106/css/style.css [446:31] Error in style rule. Invalid token "\n". Was expecting one of: "}", ";".
Jul 30, 2020 8:29:09 PM com.gargoylesoftware.htmlunit.DefaultCssErrorHandler warning
WARNING: CSS warning: http://localhost:41217/static/9a4dc106/css/style.css [446:31] Ignoring the following declarations in this rule.
Jul 30, 2020 8:29:10 PM org.mortbay.log.Slf4jLog info
INFO: Stopped SocketConnector@0.0.0.0:41217
Jul 30, 2020 8:29:10 PM hudson.PluginWrapper stop
INFO: Stopping external-monitor-job
Jul 30, 2020 8:29:10 PM hudson.PluginWrapper stop
INFO: Stopping ldap
Jul 30, 2020 8:29:10 PM hudson.PluginWrapper stop
INFO: Stopping pam-auth
Jul 30, 2020 8:29:10 PM hudson.PluginWrapper stop
INFO: Stopping ant
Jul 30, 2020 8:29:10 PM hudson.PluginWrapper stop
INFO: Stopping javadoc
Jul 30, 2020 8:29:10 PM hudson.PluginWrapper stop
INFO: Stopping translation
Jul 30, 2020 8:29:10 PM hudson.PluginWrapper stop
INFO: Stopping ssh-slaves
Jul 30, 2020 8:29:10 PM hudson.PluginWrapper stop
INFO: Stopping ui-samples-plugin
Jul 30, 2020 8:29:10 PM hudson.PluginWrapper stop
INFO: Stopping subversion
Jul 30, 2020 8:29:10 PM hudson.PluginWrapper stop
INFO: Stopping maven-plugin
Jul 30, 2020 8:29:10 PM hudson.PluginWrapper stop
INFO: Stopping cvs
Jul 30, 2020 8:29:10 PM hudson.PluginWrapper stop
INFO: Stopping aws-codepipeline
Tests run: 23, Failures: 0, Errors: 0, Skipped: 0, Time elapsed: 189.162 sec - in com.amazonaws.codepipeline.jenkinsplugin.AWSCodePipelineSCMTest
Running com.amazonaws.codepipeline.jenkinsplugin.AWSCodePipelinePublisherTest
Tests run: 12, Failures: 0, Errors: 0, Skipped: 0, Time elapsed: 0.318 sec - in com.amazonaws.codepipeline.jenkinsplugin.AWSCodePipelinePublisherTest
Running com.amazonaws.codepipeline.jenkinsplugin.AWSCodePipelineJobCredentialsProviderTest
Tests run: 6, Failures: 0, Errors: 0, Skipped: 0, Time elapsed: 0.082 sec - in com.amazonaws.codepipeline.jenkinsplugin.AWSCodePipelineJobCredentialsProviderTest
Running com.amazonaws.codepipeline.jenkinsplugin.PublisherToolsTest
Tests run: 9, Failures: 0, Errors: 0, Skipped: 0, Time elapsed: 2.646 sec - in com.amazonaws.codepipeline.jenkinsplugin.PublisherToolsTest
Running com.amazonaws.codepipeline.jenkinsplugin.CompressionToolsTest
Tests run: 9, Failures: 0, Errors: 0, Skipped: 0, Time elapsed: 0.12 sec - in com.amazonaws.codepipeline.jenkinsplugin.CompressionToolsTest
Running com.amazonaws.codepipeline.jenkinsplugin.AWSClientsTest
Tests run: 3, Failures: 0, Errors: 0, Skipped: 0, Time elapsed: 0.827 sec - in com.amazonaws.codepipeline.jenkinsplugin.AWSClientsTest
Running com.amazonaws.codepipeline.jenkinsplugin.DownloadCallableTest
Tests run: 4, Failures: 0, Errors: 0, Skipped: 0, Time elapsed: 0.139 sec - in com.amazonaws.codepipeline.jenkinsplugin.DownloadCallableTest
Running com.amazonaws.codepipeline.jenkinsplugin.PublisherCallableTest
Tests run: 8, Failures: 0, Errors: 0, Skipped: 0, Time elapsed: 0.353 sec - in com.amazonaws.codepipeline.jenkinsplugin.PublisherCallableTest
Running com.amazonaws.codepipeline.jenkinsplugin.ExtractionToolsTest
Tests run: 17, Failures: 0, Errors: 0, Skipped: 0, Time elapsed: 0.159 sec - in com.amazonaws.codepipeline.jenkinsplugin.ExtractionToolsTest

Results :

Tests run: 117, Failures: 0, Errors: 0, Skipped: 0

[INFO] 
[INFO] --- jacoco-maven-plugin:0.8.5:report (report) @ aws-codepipeline ---
[INFO] Loading execution data file /tmp/tmp_c0c8fkj/aws-codepipeline-plugin-for-jenkins/target/jacoco.exec
[INFO] Analyzed bundle 'AWS CodePipeline Plugin' with 281 classes
[INFO] ------------------------------------------------------------------------
[INFO] BUILD SUCCESS
[INFO] ------------------------------------------------------------------------
[INFO] Total time:  08:53 min
[INFO] Finished at: 2020-07-30T20:29:19Z
[INFO] ------------------------------------------------------------------------
