[INFO] Error stacktraces are turned on.
[INFO] Scanning for projects...
[WARNING] 
[WARNING] Some problems were encountered while building the effective model for com.maxmind.geoip2:geoip2:jar:2.14.0
[WARNING] 'build.plugins.plugin.(groupId:artifactId)' must be unique but found duplicate declaration of plugin org.apache.maven.plugins:maven-assembly-plugin @ line 246, column 15
[WARNING] 
[WARNING] It is highly recommended to fix these problems because they threaten the stability of your build.
[WARNING] 
[WARNING] For this reason, future Maven versions might no longer support building such malformed projects.
[WARNING] 
[INFO] 
[INFO] ---------------------< com.maxmind.geoip2:geoip2 >----------------------
[INFO] Building MaxMind GeoIP2 API 2.14.0
[INFO] --------------------------------[ jar ]---------------------------------
[INFO] 
[INFO] --- maven-enforcer-plugin:1.0:enforce (enforce-maven) @ geoip2 ---
[INFO] 
[INFO] --- exec-maven-plugin:3.0.0:exec (invoke build) @ geoip2 ---
Submodule 'src/test/resources/maxmind-db' (git://github.com/maxmind/MaxMind-DB.git) registered for path 'src/test/resources/maxmind-db'
Cloning into '/tmp/tmptbfwflb_/GeoIP2-java/src/test/resources/maxmind-db'...
Submodule path 'src/test/resources/maxmind-db': checked out 'f2b2707f72e52f732a16c516eaec338a1cc6008f'
[INFO] 
[INFO] --- maven-resources-plugin:2.6:resources (default-resources) @ geoip2 ---
[INFO] Using 'UTF-8' encoding to copy filtered resources.
[INFO] skip non existing resourceDirectory /tmp/tmptbfwflb_/GeoIP2-java/src/main/resources
[INFO] 
[INFO] --- maven-compiler-plugin:3.8.1:compile (default-compile) @ geoip2 ---
[INFO] Changes detected - recompiling the module!
[INFO] Compiling 36 source files to /tmp/tmptbfwflb_/GeoIP2-java/target/classes
[INFO] 
[INFO] --- maven-resources-plugin:2.6:testResources (default-testResources) @ geoip2 ---
[INFO] Using 'UTF-8' encoding to copy filtered resources.
[INFO] Copying 70 resources
[INFO] 
[INFO] --- maven-compiler-plugin:3.8.1:testCompile (default-testCompile) @ geoip2 ---
[INFO] Changes detected - recompiling the module!
[INFO] Compiling 9 source files to /tmp/tmptbfwflb_/GeoIP2-java/target/test-classes
[INFO] /tmp/tmptbfwflb_/GeoIP2-java/src/test/java/com/maxmind/geoip2/model/InsightsResponseTest.java: Some input files use or override a deprecated API.
[INFO] /tmp/tmptbfwflb_/GeoIP2-java/src/test/java/com/maxmind/geoip2/model/InsightsResponseTest.java: Recompile with -Xlint:deprecation for details.
[INFO] 
[INFO] --- maven-surefire-plugin:2.12.4:test (default-test) @ geoip2 ---
[INFO] Surefire report directory: /tmp/tmptbfwflb_/GeoIP2-java/target/surefire-reports

-------------------------------------------------------
 T E S T S
-------------------------------------------------------
Running com.maxmind.geoip2.model.InsightsResponseTest
[main] INFO org.eclipse.jetty.util.log - Logging initialized @571ms
[main] INFO org.eclipse.jetty.server.Server - jetty-9.2.28.v20190418
[main] INFO org.eclipse.jetty.server.handler.ContextHandler - Started o.e.j.s.ServletContextHandler@dbf57b3{/__admin,null,AVAILABLE}
[main] INFO org.eclipse.jetty.server.handler.ContextHandler - Started o.e.j.s.ServletContextHandler@441772e{/,null,AVAILABLE}
[main] INFO org.eclipse.jetty.server.NetworkTrafficServerConnector - Started NetworkTrafficServerConnector@6356695f{HTTP/1.1}{0.0.0.0:41967}
[main] INFO org.eclipse.jetty.server.Server - Started @692ms
[qtp765284253-28] INFO /__admin - RequestHandlerClass from context returned com.github.tomakehurst.wiremock.http.AdminRequestHandler. Normalized mapped under returned 'null'
[qtp765284253-30] INFO / - RequestHandlerClass from context returned com.github.tomakehurst.wiremock.http.StubRequestHandler. Normalized mapped under returned 'null'
[main] INFO org.eclipse.jetty.server.NetworkTrafficServerConnector - Stopped NetworkTrafficServerConnector@6356695f{HTTP/1.1}{0.0.0.0:0}
[main] INFO org.eclipse.jetty.server.handler.ContextHandler - Stopped o.e.j.s.ServletContextHandler@441772e{/,null,UNAVAILABLE}
[main] INFO org.eclipse.jetty.server.handler.ContextHandler - Stopped o.e.j.s.ServletContextHandler@dbf57b3{/__admin,null,UNAVAILABLE}
[main] WARN org.eclipse.jetty.util.thread.QueuedThreadPool - qtp765284253{STOPPING,8<=8<=14,i=4,q=5} Couldn't stop Thread[qtp765284253-29,5,]
[main] WARN org.eclipse.jetty.util.thread.QueuedThreadPool - qtp765284253{STOPPING,8<=8<=14,i=0,q=5} Couldn't stop Thread[qtp765284253-30,5,]
[main] INFO org.eclipse.jetty.server.Server - jetty-9.2.28.v20190418
[main] INFO org.eclipse.jetty.server.handler.ContextHandler - Started o.e.j.s.ServletContextHandler@df6620a{/__admin,null,AVAILABLE}
[main] INFO org.eclipse.jetty.server.handler.ContextHandler - Started o.e.j.s.ServletContextHandler@27d5a580{/,null,AVAILABLE}
[main] INFO org.eclipse.jetty.server.NetworkTrafficServerConnector - Started NetworkTrafficServerConnector@198d6542{HTTP/1.1}{0.0.0.0:44577}
[main] INFO org.eclipse.jetty.server.Server - Started @1290ms
[qtp1439632660-38] INFO /__admin - RequestHandlerClass from context returned com.github.tomakehurst.wiremock.http.AdminRequestHandler. Normalized mapped under returned 'null'
[qtp1439632660-40] INFO / - RequestHandlerClass from context returned com.github.tomakehurst.wiremock.http.StubRequestHandler. Normalized mapped under returned 'null'
[main] INFO org.eclipse.jetty.server.NetworkTrafficServerConnector - Stopped NetworkTrafficServerConnector@198d6542{HTTP/1.1}{0.0.0.0:0}
[main] INFO org.eclipse.jetty.server.handler.ContextHandler - Stopped o.e.j.s.ServletContextHandler@27d5a580{/,null,UNAVAILABLE}
[main] INFO org.eclipse.jetty.server.handler.ContextHandler - Stopped o.e.j.s.ServletContextHandler@df6620a{/__admin,null,UNAVAILABLE}
[main] WARN org.eclipse.jetty.util.thread.QueuedThreadPool - qtp1439632660{STOPPING,8<=8<=14,i=4,q=6} Couldn't stop Thread[qtp1439632660-40,5,]
[main] WARN org.eclipse.jetty.util.thread.QueuedThreadPool - qtp1439632660{STOPPING,8<=8<=14,i=2,q=5} Couldn't stop Thread[qtp1439632660-33,5,]
[main] WARN org.eclipse.jetty.util.thread.QueuedThreadPool - qtp1439632660{STOPPING,8<=8<=14,i=0,q=5} Couldn't stop Thread[qtp1439632660-44,5,]
[main] INFO org.eclipse.jetty.server.Server - jetty-9.2.28.v20190418
[main] INFO org.eclipse.jetty.server.handler.ContextHandler - Started o.e.j.s.ServletContextHandler@71329995{/__admin,null,AVAILABLE}
[main] INFO org.eclipse.jetty.server.handler.ContextHandler - Started o.e.j.s.ServletContextHandler@20c0a64d{/,null,AVAILABLE}
[main] INFO org.eclipse.jetty.server.NetworkTrafficServerConnector - Started NetworkTrafficServerConnector@455b6df1{HTTP/1.1}{0.0.0.0:41585}
[main] INFO org.eclipse.jetty.server.Server - Started @1432ms
[qtp636782475-51] INFO /__admin - RequestHandlerClass from context returned com.github.tomakehurst.wiremock.http.AdminRequestHandler. Normalized mapped under returned 'null'
[qtp636782475-53] INFO / - RequestHandlerClass from context returned com.github.tomakehurst.wiremock.http.StubRequestHandler. Normalized mapped under returned 'null'
[main] INFO org.eclipse.jetty.server.NetworkTrafficServerConnector - Stopped NetworkTrafficServerConnector@455b6df1{HTTP/1.1}{0.0.0.0:0}
[main] INFO org.eclipse.jetty.server.handler.ContextHandler - Stopped o.e.j.s.ServletContextHandler@20c0a64d{/,null,UNAVAILABLE}
[main] INFO org.eclipse.jetty.server.handler.ContextHandler - Stopped o.e.j.s.ServletContextHandler@71329995{/__admin,null,UNAVAILABLE}
[main] WARN org.eclipse.jetty.util.thread.QueuedThreadPool - qtp636782475{STOPPING,8<=8<=14,i=5,q=5} Couldn't stop Thread[qtp636782475-57,5,]
[main] WARN org.eclipse.jetty.util.thread.QueuedThreadPool - qtp636782475{STOPPING,8<=8<=14,i=0,q=4} Couldn't stop Thread[qtp636782475-53,5,]
[main] INFO org.eclipse.jetty.server.Server - jetty-9.2.28.v20190418
[main] INFO org.eclipse.jetty.server.handler.ContextHandler - Started o.e.j.s.ServletContextHandler@5c44c582{/__admin,null,AVAILABLE}
[main] INFO org.eclipse.jetty.server.handler.ContextHandler - Started o.e.j.s.ServletContextHandler@132e0cc{/,null,AVAILABLE}
[main] INFO org.eclipse.jetty.server.NetworkTrafficServerConnector - Started NetworkTrafficServerConnector@7b205dbd{HTTP/1.1}{0.0.0.0:36315}
[main] INFO org.eclipse.jetty.server.Server - Started @1495ms
[qtp1200906406-64] INFO /__admin - RequestHandlerClass from context returned com.github.tomakehurst.wiremock.http.AdminRequestHandler. Normalized mapped under returned 'null'
[qtp1200906406-66] INFO / - RequestHandlerClass from context returned com.github.tomakehurst.wiremock.http.StubRequestHandler. Normalized mapped under returned 'null'
[main] INFO org.eclipse.jetty.server.NetworkTrafficServerConnector - Stopped NetworkTrafficServerConnector@7b205dbd{HTTP/1.1}{0.0.0.0:0}
[main] INFO org.eclipse.jetty.server.handler.ContextHandler - Stopped o.e.j.s.ServletContextHandler@132e0cc{/,null,UNAVAILABLE}
[main] INFO org.eclipse.jetty.server.handler.ContextHandler - Stopped o.e.j.s.ServletContextHandler@5c44c582{/__admin,null,UNAVAILABLE}
[main] WARN org.eclipse.jetty.util.thread.QueuedThreadPool - qtp1200906406{STOPPING,8<=8<=14,i=6,q=6} Couldn't stop Thread[qtp1200906406-59,5,]
[main] WARN org.eclipse.jetty.util.thread.QueuedThreadPool - qtp1200906406{STOPPING,8<=8<=14,i=1,q=5} Couldn't stop Thread[qtp1200906406-66,5,]
[main] WARN org.eclipse.jetty.util.thread.QueuedThreadPool - qtp1200906406{STOPPING,8<=8<=14,i=0,q=5} Couldn't stop Thread[qtp1200906406-60,5,]
[main] INFO org.eclipse.jetty.server.Server - jetty-9.2.28.v20190418
[main] INFO org.eclipse.jetty.server.handler.ContextHandler - Started o.e.j.s.ServletContextHandler@49964d75{/__admin,null,AVAILABLE}
[main] INFO org.eclipse.jetty.server.handler.ContextHandler - Started o.e.j.s.ServletContextHandler@5ce8d869{/,null,AVAILABLE}
[main] INFO org.eclipse.jetty.server.NetworkTrafficServerConnector - Started NetworkTrafficServerConnector@27eedb64{HTTP/1.1}{0.0.0.0:42751}
[main] INFO org.eclipse.jetty.server.Server - Started @1568ms
[qtp2131597042-77] INFO /__admin - RequestHandlerClass from context returned com.github.tomakehurst.wiremock.http.AdminRequestHandler. Normalized mapped under returned 'null'
[qtp2131597042-79] INFO / - RequestHandlerClass from context returned com.github.tomakehurst.wiremock.http.StubRequestHandler. Normalized mapped under returned 'null'
[main] INFO org.eclipse.jetty.server.NetworkTrafficServerConnector - Stopped NetworkTrafficServerConnector@27eedb64{HTTP/1.1}{0.0.0.0:0}
[main] INFO org.eclipse.jetty.server.handler.ContextHandler - Stopped o.e.j.s.ServletContextHandler@5ce8d869{/,null,UNAVAILABLE}
[main] INFO org.eclipse.jetty.server.handler.ContextHandler - Stopped o.e.j.s.ServletContextHandler@49964d75{/__admin,null,UNAVAILABLE}
[main] WARN org.eclipse.jetty.util.thread.QueuedThreadPool - qtp2131597042{STOPPING,8<=8<=14,i=6,q=6} Couldn't stop Thread[qtp2131597042-81,5,]
[main] WARN org.eclipse.jetty.util.thread.QueuedThreadPool - qtp2131597042{STOPPING,8<=8<=14,i=0,q=5} Couldn't stop Thread[qtp2131597042-83,5,]
[main] INFO org.eclipse.jetty.server.Server - jetty-9.2.28.v20190418
[main] INFO org.eclipse.jetty.server.handler.ContextHandler - Started o.e.j.s.ServletContextHandler@460ebd80{/__admin,null,AVAILABLE}
[main] INFO org.eclipse.jetty.server.handler.ContextHandler - Started o.e.j.s.ServletContextHandler@25aca718{/,null,AVAILABLE}
[main] INFO org.eclipse.jetty.server.NetworkTrafficServerConnector - Started NetworkTrafficServerConnector@16fdec90{HTTP/1.1}{0.0.0.0:43967}
[main] INFO org.eclipse.jetty.server.Server - Started @1635ms
[qtp1289869008-90] INFO /__admin - RequestHandlerClass from context returned com.github.tomakehurst.wiremock.http.AdminRequestHandler. Normalized mapped under returned 'null'
[qtp1289869008-92] INFO / - RequestHandlerClass from context returned com.github.tomakehurst.wiremock.http.StubRequestHandler. Normalized mapped under returned 'null'
[main] INFO org.eclipse.jetty.server.NetworkTrafficServerConnector - Stopped NetworkTrafficServerConnector@16fdec90{HTTP/1.1}{0.0.0.0:0}
[main] INFO org.eclipse.jetty.server.handler.ContextHandler - Stopped o.e.j.s.ServletContextHandler@25aca718{/,null,UNAVAILABLE}
[main] INFO org.eclipse.jetty.server.handler.ContextHandler - Stopped o.e.j.s.ServletContextHandler@460ebd80{/__admin,null,UNAVAILABLE}
[main] WARN org.eclipse.jetty.util.thread.QueuedThreadPool - qtp1289869008{STOPPING,8<=8<=14,i=5,q=6} Couldn't stop Thread[qtp1289869008-96,5,]
[main] WARN org.eclipse.jetty.util.thread.QueuedThreadPool - qtp1289869008{STOPPING,8<=8<=14,i=2,q=5} Couldn't stop Thread[qtp1289869008-95,5,]
[main] WARN org.eclipse.jetty.util.thread.QueuedThreadPool - qtp1289869008{STOPPING,8<=8<=14,i=2,q=5} Couldn't stop Thread[qtp1289869008-91,5,main]
[main] WARN org.eclipse.jetty.util.thread.QueuedThreadPool - qtp1289869008{STOPPING,8<=8<=14,i=2,q=5} Couldn't stop Thread[qtp1289869008-92,5,main]
[main] INFO org.eclipse.jetty.server.Server - jetty-9.2.28.v20190418
[main] INFO org.eclipse.jetty.server.handler.ContextHandler - Started o.e.j.s.ServletContextHandler@146587a2{/__admin,null,AVAILABLE}
[main] INFO org.eclipse.jetty.server.handler.ContextHandler - Started o.e.j.s.ServletContextHandler@126945f9{/,null,AVAILABLE}
[main] INFO org.eclipse.jetty.server.NetworkTrafficServerConnector - Started NetworkTrafficServerConnector@2a898881{HTTP/1.1}{0.0.0.0:42819}
[main] INFO org.eclipse.jetty.server.Server - Started @1682ms
[qtp1668910247-103] INFO /__admin - RequestHandlerClass from context returned com.github.tomakehurst.wiremock.http.AdminRequestHandler. Normalized mapped under returned 'null'
[qtp1668910247-105] INFO / - RequestHandlerClass from context returned com.github.tomakehurst.wiremock.http.StubRequestHandler. Normalized mapped under returned 'null'
[main] INFO org.eclipse.jetty.server.NetworkTrafficServerConnector - Stopped NetworkTrafficServerConnector@2a898881{HTTP/1.1}{0.0.0.0:0}
[main] INFO org.eclipse.jetty.server.handler.ContextHandler - Stopped o.e.j.s.ServletContextHandler@126945f9{/,null,UNAVAILABLE}
[main] INFO org.eclipse.jetty.server.handler.ContextHandler - Stopped o.e.j.s.ServletContextHandler@146587a2{/__admin,null,UNAVAILABLE}
[main] WARN org.eclipse.jetty.util.thread.QueuedThreadPool - qtp1668910247{STOPPING,8<=8<=14,i=7,q=7} Couldn't stop Thread[qtp1668910247-109,5,main]
[main] WARN org.eclipse.jetty.util.thread.QueuedThreadPool - qtp1668910247{STOPPING,8<=8<=14,i=7,q=7} Couldn't stop Thread[qtp1668910247-105,5,main]
[main] WARN org.eclipse.jetty.util.thread.QueuedThreadPool - qtp1668910247{STOPPING,8<=8<=14,i=2,q=6} Couldn't stop Thread[qtp1668910247-103,5,]
[main] WARN org.eclipse.jetty.util.thread.QueuedThreadPool - qtp1668910247{STOPPING,8<=8<=14,i=0,q=6} Couldn't stop Thread[qtp1668910247-108,5,]
[main] INFO org.eclipse.jetty.server.Server - jetty-9.2.28.v20190418
[main] INFO org.eclipse.jetty.server.handler.ContextHandler - Started o.e.j.s.ServletContextHandler@1477089c{/__admin,null,AVAILABLE}
[main] INFO org.eclipse.jetty.server.handler.ContextHandler - Started o.e.j.s.ServletContextHandler@75cd8043{/,null,AVAILABLE}
[main] INFO org.eclipse.jetty.server.NetworkTrafficServerConnector - Started NetworkTrafficServerConnector@33b1c5c5{HTTP/1.1}{0.0.0.0:46605}
[main] INFO org.eclipse.jetty.server.Server - Started @1733ms
[qtp1466917878-116] INFO /__admin - RequestHandlerClass from context returned com.github.tomakehurst.wiremock.http.AdminRequestHandler. Normalized mapped under returned 'null'
[qtp1466917878-118] INFO / - RequestHandlerClass from context returned com.github.tomakehurst.wiremock.http.StubRequestHandler. Normalized mapped under returned 'null'
[main] INFO org.eclipse.jetty.server.NetworkTrafficServerConnector - Stopped NetworkTrafficServerConnector@33b1c5c5{HTTP/1.1}{0.0.0.0:0}
[main] INFO org.eclipse.jetty.server.handler.ContextHandler - Stopped o.e.j.s.ServletContextHandler@75cd8043{/,null,UNAVAILABLE}
[main] INFO org.eclipse.jetty.server.handler.ContextHandler - Stopped o.e.j.s.ServletContextHandler@1477089c{/__admin,null,UNAVAILABLE}
[main] INFO org.eclipse.jetty.server.Server - jetty-9.2.28.v20190418
[main] INFO org.eclipse.jetty.server.handler.ContextHandler - Started o.e.j.s.ServletContextHandler@53f0a4cb{/__admin,null,AVAILABLE}
[main] INFO org.eclipse.jetty.server.handler.ContextHandler - Started o.e.j.s.ServletContextHandler@616fe72b{/,null,AVAILABLE}
[main] INFO org.eclipse.jetty.server.NetworkTrafficServerConnector - Started NetworkTrafficServerConnector@37efd131{HTTP/1.1}{0.0.0.0:33261}
[main] INFO org.eclipse.jetty.server.Server - Started @1794ms
[qtp1966355106-129] INFO /__admin - RequestHandlerClass from context returned com.github.tomakehurst.wiremock.http.AdminRequestHandler. Normalized mapped under returned 'null'
[qtp1966355106-131] INFO / - RequestHandlerClass from context returned com.github.tomakehurst.wiremock.http.StubRequestHandler. Normalized mapped under returned 'null'
[main] INFO org.eclipse.jetty.server.NetworkTrafficServerConnector - Stopped NetworkTrafficServerConnector@37efd131{HTTP/1.1}{0.0.0.0:0}
[main] INFO org.eclipse.jetty.server.handler.ContextHandler - Stopped o.e.j.s.ServletContextHandler@616fe72b{/,null,UNAVAILABLE}
[main] INFO org.eclipse.jetty.server.handler.ContextHandler - Stopped o.e.j.s.ServletContextHandler@53f0a4cb{/__admin,null,UNAVAILABLE}
[main] WARN org.eclipse.jetty.util.thread.QueuedThreadPool - qtp1966355106{STOPPING,8<=8<=14,i=7,q=6} Couldn't stop Thread[qtp1966355106-131,5,]
[main] WARN org.eclipse.jetty.util.thread.QueuedThreadPool - qtp1966355106{STOPPING,8<=8<=14,i=2,q=6} Couldn't stop Thread[qtp1966355106-125,5,]
[main] WARN org.eclipse.jetty.util.thread.QueuedThreadPool - qtp1966355106{STOPPING,8<=8<=14,i=0,q=6} Couldn't stop Thread[qtp1966355106-124,5,]
Tests run: 9, Failures: 0, Errors: 0, Skipped: 0, Time elapsed: 1.592 sec
Running com.maxmind.geoip2.model.CityResponseTest
[main] INFO org.eclipse.jetty.server.Server - jetty-9.2.28.v20190418
[main] INFO org.eclipse.jetty.server.handler.ContextHandler - Started o.e.j.s.ServletContextHandler@17cdf2d0{/__admin,null,AVAILABLE}
[main] INFO org.eclipse.jetty.server.handler.ContextHandler - Started o.e.j.s.ServletContextHandler@2371aaca{/,null,AVAILABLE}
[main] INFO org.eclipse.jetty.server.NetworkTrafficServerConnector - Started NetworkTrafficServerConnector@5b529706{HTTP/1.1}{0.0.0.0:45161}
[main] INFO org.eclipse.jetty.server.Server - Started @1883ms
[qtp975033189-142] INFO /__admin - RequestHandlerClass from context returned com.github.tomakehurst.wiremock.http.AdminRequestHandler. Normalized mapped under returned 'null'
[qtp975033189-143] INFO / - RequestHandlerClass from context returned com.github.tomakehurst.wiremock.http.StubRequestHandler. Normalized mapped under returned 'null'
[main] INFO org.eclipse.jetty.server.NetworkTrafficServerConnector - Stopped NetworkTrafficServerConnector@5b529706{HTTP/1.1}{0.0.0.0:0}
[main] INFO org.eclipse.jetty.server.handler.ContextHandler - Stopped o.e.j.s.ServletContextHandler@2371aaca{/,null,UNAVAILABLE}
[main] INFO org.eclipse.jetty.server.handler.ContextHandler - Stopped o.e.j.s.ServletContextHandler@17cdf2d0{/__admin,null,UNAVAILABLE}
[main] WARN org.eclipse.jetty.util.thread.QueuedThreadPool - qtp975033189{STOPPING,8<=8<=14,i=8,q=7} Couldn't stop Thread[qtp975033189-142,5,]
[main] WARN org.eclipse.jetty.util.thread.QueuedThreadPool - qtp975033189{STOPPING,8<=8<=14,i=5,q=7} Couldn't stop Thread[qtp975033189-144,5,main]
[main] WARN org.eclipse.jetty.util.thread.QueuedThreadPool - qtp975033189{STOPPING,8<=8<=14,i=0,q=6} Couldn't stop Thread[qtp975033189-146,5,]
[main] INFO org.eclipse.jetty.server.Server - jetty-9.2.28.v20190418
[main] INFO org.eclipse.jetty.server.handler.ContextHandler - Started o.e.j.s.ServletContextHandler@3eeb318f{/__admin,null,AVAILABLE}
[main] INFO org.eclipse.jetty.server.handler.ContextHandler - Started o.e.j.s.ServletContextHandler@6da00fb9{/,null,AVAILABLE}
[main] INFO org.eclipse.jetty.server.NetworkTrafficServerConnector - Started NetworkTrafficServerConnector@a202ccb{HTTP/1.1}{0.0.0.0:41119}
[main] INFO org.eclipse.jetty.server.Server - Started @1914ms
[qtp1927963027-155] INFO /__admin - RequestHandlerClass from context returned com.github.tomakehurst.wiremock.http.AdminRequestHandler. Normalized mapped under returned 'null'
[qtp1927963027-156] INFO / - RequestHandlerClass from context returned com.github.tomakehurst.wiremock.http.StubRequestHandler. Normalized mapped under returned 'null'
[main] INFO org.eclipse.jetty.server.NetworkTrafficServerConnector - Stopped NetworkTrafficServerConnector@a202ccb{HTTP/1.1}{0.0.0.0:0}
[main] INFO org.eclipse.jetty.server.handler.ContextHandler - Stopped o.e.j.s.ServletContextHandler@6da00fb9{/,null,UNAVAILABLE}
[main] INFO org.eclipse.jetty.server.handler.ContextHandler - Stopped o.e.j.s.ServletContextHandler@3eeb318f{/__admin,null,UNAVAILABLE}
[main] WARN org.eclipse.jetty.util.thread.QueuedThreadPool - qtp1927963027{STOPPING,8<=8<=14,i=5,q=6} Couldn't stop Thread[qtp1927963027-156,5,main]
[main] WARN org.eclipse.jetty.util.thread.QueuedThreadPool - qtp1927963027{STOPPING,8<=8<=14,i=5,q=6} Couldn't stop Thread[qtp1927963027-161,5,]
[main] WARN org.eclipse.jetty.util.thread.QueuedThreadPool - qtp1927963027{STOPPING,8<=8<=14,i=0,q=4} Couldn't stop Thread[qtp1927963027-150,5,]
[main] INFO org.eclipse.jetty.server.Server - jetty-9.2.28.v20190418
[main] INFO org.eclipse.jetty.server.handler.ContextHandler - Started o.e.j.s.ServletContextHandler@4c4d27c8{/__admin,null,AVAILABLE}
[main] INFO org.eclipse.jetty.server.handler.ContextHandler - Started o.e.j.s.ServletContextHandler@505a9d7c{/,null,AVAILABLE}
[main] INFO org.eclipse.jetty.server.NetworkTrafficServerConnector - Started NetworkTrafficServerConnector@758c83d8{HTTP/1.1}{0.0.0.0:36451}
[main] INFO org.eclipse.jetty.server.Server - Started @1945ms
[qtp379121284-168] INFO /__admin - RequestHandlerClass from context returned com.github.tomakehurst.wiremock.http.AdminRequestHandler. Normalized mapped under returned 'null'
[qtp379121284-169] INFO / - RequestHandlerClass from context returned com.github.tomakehurst.wiremock.http.StubRequestHandler. Normalized mapped under returned 'null'
[main] INFO org.eclipse.jetty.server.NetworkTrafficServerConnector - Stopped NetworkTrafficServerConnector@758c83d8{HTTP/1.1}{0.0.0.0:0}
[main] INFO org.eclipse.jetty.server.handler.ContextHandler - Stopped o.e.j.s.ServletContextHandler@505a9d7c{/,null,UNAVAILABLE}
[main] INFO org.eclipse.jetty.server.handler.ContextHandler - Stopped o.e.j.s.ServletContextHandler@4c4d27c8{/__admin,null,UNAVAILABLE}
[main] WARN org.eclipse.jetty.util.thread.QueuedThreadPool - qtp379121284{STOPPING,8<=8<=14,i=5,q=6} Couldn't stop Thread[qtp379121284-163,5,]
[main] WARN org.eclipse.jetty.util.thread.QueuedThreadPool - qtp379121284{STOPPING,8<=8<=14,i=2,q=5} Couldn't stop Thread[qtp379121284-169,5,]
[main] WARN org.eclipse.jetty.util.thread.QueuedThreadPool - qtp379121284{STOPPING,8<=8<=14,i=0,q=5} Couldn't stop Thread[qtp379121284-168,5,]
[main] INFO org.eclipse.jetty.server.Server - jetty-9.2.28.v20190418
[main] INFO org.eclipse.jetty.server.handler.ContextHandler - Started o.e.j.s.ServletContextHandler@7be58f16{/__admin,null,AVAILABLE}
[main] INFO org.eclipse.jetty.server.handler.ContextHandler - Started o.e.j.s.ServletContextHandler@37bd68c3{/,null,AVAILABLE}
[main] INFO org.eclipse.jetty.server.NetworkTrafficServerConnector - Started NetworkTrafficServerConnector@60f7cc1d{HTTP/1.1}{0.0.0.0:37957}
[main] INFO org.eclipse.jetty.server.Server - Started @1977ms
[qtp333693383-182] INFO /__admin - RequestHandlerClass from context returned com.github.tomakehurst.wiremock.http.AdminRequestHandler. Normalized mapped under returned 'null'
[qtp333693383-183] INFO / - RequestHandlerClass from context returned com.github.tomakehurst.wiremock.http.StubRequestHandler. Normalized mapped under returned 'null'
[main] INFO org.eclipse.jetty.server.NetworkTrafficServerConnector - Stopped NetworkTrafficServerConnector@60f7cc1d{HTTP/1.1}{0.0.0.0:0}
[main] INFO org.eclipse.jetty.server.handler.ContextHandler - Stopped o.e.j.s.ServletContextHandler@37bd68c3{/,null,UNAVAILABLE}
[main] INFO org.eclipse.jetty.server.handler.ContextHandler - Stopped o.e.j.s.ServletContextHandler@7be58f16{/__admin,null,UNAVAILABLE}
[main] WARN org.eclipse.jetty.util.thread.QueuedThreadPool - qtp333693383{STOPPING,8<=8<=14,i=5,q=6} Couldn't stop Thread[qtp333693383-176,5,]
[main] WARN org.eclipse.jetty.util.thread.QueuedThreadPool - qtp333693383{STOPPING,8<=8<=14,i=0,q=5} Couldn't stop Thread[qtp333693383-183,5,]
[main] INFO org.eclipse.jetty.server.Server - jetty-9.2.28.v20190418
[main] INFO org.eclipse.jetty.server.handler.ContextHandler - Started o.e.j.s.ServletContextHandler@293d0107{/__admin,null,AVAILABLE}
[main] INFO org.eclipse.jetty.server.handler.ContextHandler - Started o.e.j.s.ServletContextHandler@62fad19{/,null,AVAILABLE}
[main] INFO org.eclipse.jetty.server.NetworkTrafficServerConnector - Started NetworkTrafficServerConnector@47dbb1e2{HTTP/1.1}{0.0.0.0:32853}
[main] INFO org.eclipse.jetty.server.Server - Started @2017ms
[qtp338887787-194] INFO /__admin - RequestHandlerClass from context returned com.github.tomakehurst.wiremock.http.AdminRequestHandler. Normalized mapped under returned 'null'
[qtp338887787-195] INFO / - RequestHandlerClass from context returned com.github.tomakehurst.wiremock.http.StubRequestHandler. Normalized mapped under returned 'null'
[main] INFO org.eclipse.jetty.server.NetworkTrafficServerConnector - Stopped NetworkTrafficServerConnector@47dbb1e2{HTTP/1.1}{0.0.0.0:0}
[main] INFO org.eclipse.jetty.server.handler.ContextHandler - Stopped o.e.j.s.ServletContextHandler@62fad19{/,null,UNAVAILABLE}
[main] INFO org.eclipse.jetty.server.handler.ContextHandler - Stopped o.e.j.s.ServletContextHandler@293d0107{/__admin,null,UNAVAILABLE}
[main] WARN org.eclipse.jetty.util.thread.QueuedThreadPool - qtp338887787{STOPPING,8<=8<=14,i=7,q=7} Couldn't stop Thread[qtp338887787-189,5,main]
[main] WARN org.eclipse.jetty.util.thread.QueuedThreadPool - qtp338887787{STOPPING,8<=8<=14,i=7,q=7} Couldn't stop Thread[qtp338887787-195,5,main]
[main] WARN org.eclipse.jetty.util.thread.QueuedThreadPool - qtp338887787{STOPPING,8<=8<=14,i=7,q=7} Couldn't stop Thread[qtp338887787-194,5,main]
[main] WARN org.eclipse.jetty.util.thread.QueuedThreadPool - qtp338887787{STOPPING,8<=8<=14,i=5,q=6} Couldn't stop Thread[qtp338887787-199,5,main]
[main] WARN org.eclipse.jetty.util.thread.QueuedThreadPool - qtp338887787{STOPPING,8<=8<=14,i=1,q=6} Couldn't stop Thread[qtp338887787-198,5,]
[main] WARN org.eclipse.jetty.util.thread.QueuedThreadPool - qtp338887787{STOPPING,8<=8<=14,i=0,q=6} Couldn't stop Thread[qtp338887787-200,5,]
[main] INFO org.eclipse.jetty.server.Server - jetty-9.2.28.v20190418
[main] INFO org.eclipse.jetty.server.handler.ContextHandler - Started o.e.j.s.ServletContextHandler@b40bb6e{/__admin,null,AVAILABLE}
[main] INFO org.eclipse.jetty.server.handler.ContextHandler - Started o.e.j.s.ServletContextHandler@6d0b5baf{/,null,AVAILABLE}
[main] INFO org.eclipse.jetty.server.NetworkTrafficServerConnector - Started NetworkTrafficServerConnector@631e06ab{HTTP/1.1}{0.0.0.0:36635}
[main] INFO org.eclipse.jetty.server.Server - Started @2049ms
[qtp612937843-207] INFO /__admin - RequestHandlerClass from context returned com.github.tomakehurst.wiremock.http.AdminRequestHandler. Normalized mapped under returned 'null'
[qtp612937843-208] INFO / - RequestHandlerClass from context returned com.github.tomakehurst.wiremock.http.StubRequestHandler. Normalized mapped under returned 'null'
[main] INFO org.eclipse.jetty.server.NetworkTrafficServerConnector - Stopped NetworkTrafficServerConnector@631e06ab{HTTP/1.1}{0.0.0.0:0}
[main] INFO org.eclipse.jetty.server.handler.ContextHandler - Stopped o.e.j.s.ServletContextHandler@6d0b5baf{/,null,UNAVAILABLE}
[main] INFO org.eclipse.jetty.server.handler.ContextHandler - Stopped o.e.j.s.ServletContextHandler@b40bb6e{/__admin,null,UNAVAILABLE}
[main] WARN org.eclipse.jetty.util.thread.QueuedThreadPool - qtp612937843{STOPPING,8<=8<=14,i=3,q=4} Couldn't stop Thread[qtp612937843-208,5,]
[main] WARN org.eclipse.jetty.util.thread.QueuedThreadPool - qtp612937843{STOPPING,8<=8<=14,i=0,q=4} Couldn't stop Thread[qtp612937843-205,5,]
Tests run: 6, Failures: 0, Errors: 0, Skipped: 0, Time elapsed: 0.234 sec
Running com.maxmind.geoip2.model.JsonTest
Tests run: 7, Failures: 0, Errors: 0, Skipped: 0, Time elapsed: 0.059 sec
Running com.maxmind.geoip2.model.CountryResponseTest
[main] INFO org.eclipse.jetty.server.Server - jetty-9.2.28.v20190418
[main] INFO org.eclipse.jetty.server.handler.ContextHandler - Started o.e.j.s.ServletContextHandler@2f162cc0{/__admin,null,AVAILABLE}
[main] INFO org.eclipse.jetty.server.handler.ContextHandler - Started o.e.j.s.ServletContextHandler@1cb3ec38{/,null,AVAILABLE}
[main] INFO org.eclipse.jetty.server.NetworkTrafficServerConnector - Started NetworkTrafficServerConnector@403132fc{HTTP/1.1}{0.0.0.0:40587}
[main] INFO org.eclipse.jetty.server.Server - Started @2144ms
[qtp1605988985-219] INFO /__admin - RequestHandlerClass from context returned com.github.tomakehurst.wiremock.http.AdminRequestHandler. Normalized mapped under returned 'null'
[qtp1605988985-220] INFO / - RequestHandlerClass from context returned com.github.tomakehurst.wiremock.http.StubRequestHandler. Normalized mapped under returned 'null'
[main] INFO org.eclipse.jetty.server.NetworkTrafficServerConnector - Stopped NetworkTrafficServerConnector@403132fc{HTTP/1.1}{0.0.0.0:0}
[main] INFO org.eclipse.jetty.server.handler.ContextHandler - Stopped o.e.j.s.ServletContextHandler@1cb3ec38{/,null,UNAVAILABLE}
[main] INFO org.eclipse.jetty.server.handler.ContextHandler - Stopped o.e.j.s.ServletContextHandler@2f162cc0{/__admin,null,UNAVAILABLE}
[main] WARN org.eclipse.jetty.util.thread.QueuedThreadPool - qtp1605988985{STOPPING,8<=8<=14,i=7,q=7} Couldn't stop Thread[qtp1605988985-220,5,main]
[main] WARN org.eclipse.jetty.util.thread.QueuedThreadPool - qtp1605988985{STOPPING,8<=8<=14,i=7,q=7} Couldn't stop Thread[qtp1605988985-225,5,main]
[main] WARN org.eclipse.jetty.util.thread.QueuedThreadPool - qtp1605988985{STOPPING,8<=8<=14,i=6,q=6} Couldn't stop Thread[qtp1605988985-221,5,main]
[main] WARN org.eclipse.jetty.util.thread.QueuedThreadPool - qtp1605988985{STOPPING,8<=8<=14,i=6,q=6} Couldn't stop Thread[qtp1605988985-214,5,main]
[main] WARN org.eclipse.jetty.util.thread.QueuedThreadPool - qtp1605988985{STOPPING,8<=8<=14,i=5,q=6} Couldn't stop Thread[qtp1605988985-223,5,main]
[main] WARN org.eclipse.jetty.util.thread.QueuedThreadPool - qtp1605988985{STOPPING,8<=8<=14,i=3,q=6} Couldn't stop Thread[qtp1605988985-215,5,main]
[main] INFO org.eclipse.jetty.server.Server - jetty-9.2.28.v20190418
[main] INFO org.eclipse.jetty.server.handler.ContextHandler - Started o.e.j.s.ServletContextHandler@c9413d8{/__admin,null,AVAILABLE}
[main] INFO org.eclipse.jetty.server.handler.ContextHandler - Started o.e.j.s.ServletContextHandler@d78795{/,null,AVAILABLE}
[main] INFO org.eclipse.jetty.server.NetworkTrafficServerConnector - Started NetworkTrafficServerConnector@2c715e84{HTTP/1.1}{0.0.0.0:40919}
[main] INFO org.eclipse.jetty.server.Server - Started @2167ms
[qtp1240843015-233] INFO /__admin - RequestHandlerClass from context returned com.github.tomakehurst.wiremock.http.AdminRequestHandler. Normalized mapped under returned 'null'
[qtp1240843015-234] INFO / - RequestHandlerClass from context returned com.github.tomakehurst.wiremock.http.StubRequestHandler. Normalized mapped under returned 'null'
[main] INFO org.eclipse.jetty.server.NetworkTrafficServerConnector - Stopped NetworkTrafficServerConnector@2c715e84{HTTP/1.1}{0.0.0.0:0}
[main] INFO org.eclipse.jetty.server.handler.ContextHandler - Stopped o.e.j.s.ServletContextHandler@d78795{/,null,UNAVAILABLE}
[main] INFO org.eclipse.jetty.server.handler.ContextHandler - Stopped o.e.j.s.ServletContextHandler@c9413d8{/__admin,null,UNAVAILABLE}
[main] WARN org.eclipse.jetty.util.thread.QueuedThreadPool - qtp1240843015{STOPPING,8<=8<=14,i=4,q=5} Couldn't stop Thread[qtp1240843015-238,5,]
[main] WARN org.eclipse.jetty.util.thread.QueuedThreadPool - qtp1240843015{STOPPING,8<=8<=14,i=0,q=4} Couldn't stop Thread[qtp1240843015-236,5,]
[main] INFO org.eclipse.jetty.server.Server - jetty-9.2.28.v20190418
[main] INFO org.eclipse.jetty.server.handler.ContextHandler - Started o.e.j.s.ServletContextHandler@4eeea57d{/__admin,null,AVAILABLE}
[main] INFO org.eclipse.jetty.server.handler.ContextHandler - Started o.e.j.s.ServletContextHandler@6f70f32f{/,null,AVAILABLE}
[main] INFO org.eclipse.jetty.server.NetworkTrafficServerConnector - Started NetworkTrafficServerConnector@548e76f1{HTTP/1.1}{0.0.0.0:42955}
[main] INFO org.eclipse.jetty.server.Server - Started @2197ms
[qtp2114537280-245] INFO /__admin - RequestHandlerClass from context returned com.github.tomakehurst.wiremock.http.AdminRequestHandler. Normalized mapped under returned 'null'
[qtp2114537280-246] INFO / - RequestHandlerClass from context returned com.github.tomakehurst.wiremock.http.StubRequestHandler. Normalized mapped under returned 'null'
[main] INFO org.eclipse.jetty.server.NetworkTrafficServerConnector - Stopped NetworkTrafficServerConnector@548e76f1{HTTP/1.1}{0.0.0.0:0}
[main] INFO org.eclipse.jetty.server.handler.ContextHandler - Stopped o.e.j.s.ServletContextHandler@6f70f32f{/,null,UNAVAILABLE}
[main] INFO org.eclipse.jetty.server.handler.ContextHandler - Stopped o.e.j.s.ServletContextHandler@4eeea57d{/__admin,null,UNAVAILABLE}
[main] WARN org.eclipse.jetty.util.thread.QueuedThreadPool - qtp2114537280{STOPPING,8<=8<=14,i=6,q=6} Couldn't stop Thread[qtp2114537280-246,5,]
[main] WARN org.eclipse.jetty.util.thread.QueuedThreadPool - qtp2114537280{STOPPING,8<=8<=14,i=3,q=5} Couldn't stop Thread[qtp2114537280-251,5,]
[main] WARN org.eclipse.jetty.util.thread.QueuedThreadPool - qtp2114537280{STOPPING,8<=8<=14,i=2,q=5} Couldn't stop Thread[qtp2114537280-240,5,]
[main] WARN org.eclipse.jetty.util.thread.QueuedThreadPool - qtp2114537280{STOPPING,8<=8<=14,i=2,q=5} Couldn't stop Thread[qtp2114537280-241,5,main]
[main] WARN org.eclipse.jetty.util.thread.QueuedThreadPool - qtp2114537280{STOPPING,8<=8<=14,i=2,q=5} Couldn't stop Thread[qtp2114537280-249,5,main]
[main] INFO org.eclipse.jetty.server.Server - jetty-9.2.28.v20190418
[main] INFO org.eclipse.jetty.server.handler.ContextHandler - Started o.e.j.s.ServletContextHandler@f713686{/__admin,null,AVAILABLE}
[main] INFO org.eclipse.jetty.server.handler.ContextHandler - Started o.e.j.s.ServletContextHandler@5ca17ab0{/,null,AVAILABLE}
[main] INFO org.eclipse.jetty.server.NetworkTrafficServerConnector - Started NetworkTrafficServerConnector@5a62b2a4{HTTP/1.1}{0.0.0.0:37627}
[main] INFO org.eclipse.jetty.server.Server - Started @2224ms
[qtp1589466857-258] INFO /__admin - RequestHandlerClass from context returned com.github.tomakehurst.wiremock.http.AdminRequestHandler. Normalized mapped under returned 'null'
[qtp1589466857-259] INFO / - RequestHandlerClass from context returned com.github.tomakehurst.wiremock.http.StubRequestHandler. Normalized mapped under returned 'null'
[main] INFO org.eclipse.jetty.server.NetworkTrafficServerConnector - Stopped NetworkTrafficServerConnector@5a62b2a4{HTTP/1.1}{0.0.0.0:0}
[main] INFO org.eclipse.jetty.server.handler.ContextHandler - Stopped o.e.j.s.ServletContextHandler@5ca17ab0{/,null,UNAVAILABLE}
[main] INFO org.eclipse.jetty.server.handler.ContextHandler - Stopped o.e.j.s.ServletContextHandler@f713686{/__admin,null,UNAVAILABLE}
[main] WARN org.eclipse.jetty.util.thread.QueuedThreadPool - qtp1589466857{STOPPING,8<=8<=14,i=3,q=5} Couldn't stop Thread[qtp1589466857-254,5,]
[main] WARN org.eclipse.jetty.util.thread.QueuedThreadPool - qtp1589466857{STOPPING,8<=8<=14,i=1,q=4} Couldn't stop Thread[qtp1589466857-263,5,]
[main] WARN org.eclipse.jetty.util.thread.QueuedThreadPool - qtp1589466857{STOPPING,8<=8<=14,i=1,q=4} Couldn't stop Thread[qtp1589466857-264,5,main]
[main] INFO org.eclipse.jetty.server.Server - jetty-9.2.28.v20190418
[main] INFO org.eclipse.jetty.server.handler.ContextHandler - Started o.e.j.s.ServletContextHandler@24f43aa3{/__admin,null,AVAILABLE}
[main] INFO org.eclipse.jetty.server.handler.ContextHandler - Started o.e.j.s.ServletContextHandler@7544a1e4{/,null,AVAILABLE}
[main] INFO org.eclipse.jetty.server.NetworkTrafficServerConnector - Started NetworkTrafficServerConnector@70e0accd{HTTP/1.1}{0.0.0.0:44835}
[main] INFO org.eclipse.jetty.server.Server - Started @2272ms
[qtp818093527-272] INFO /__admin - RequestHandlerClass from context returned com.github.tomakehurst.wiremock.http.AdminRequestHandler. Normalized mapped under returned 'null'
[qtp818093527-266] INFO / - RequestHandlerClass from context returned com.github.tomakehurst.wiremock.http.StubRequestHandler. Normalized mapped under returned 'null'
[main] INFO org.eclipse.jetty.server.NetworkTrafficServerConnector - Stopped NetworkTrafficServerConnector@70e0accd{HTTP/1.1}{0.0.0.0:0}
[main] INFO org.eclipse.jetty.server.handler.ContextHandler - Stopped o.e.j.s.ServletContextHandler@7544a1e4{/,null,UNAVAILABLE}
[main] INFO org.eclipse.jetty.server.handler.ContextHandler - Stopped o.e.j.s.ServletContextHandler@24f43aa3{/__admin,null,UNAVAILABLE}
[main] WARN org.eclipse.jetty.util.thread.QueuedThreadPool - qtp818093527{STOPPING,8<=8<=14,i=6,q=6} Couldn't stop Thread[qtp818093527-273,5,]
[main] WARN org.eclipse.jetty.util.thread.QueuedThreadPool - qtp818093527{STOPPING,8<=8<=14,i=0,q=5} Couldn't stop Thread[qtp818093527-267,5,]
[main] WARN org.eclipse.jetty.util.thread.QueuedThreadPool - qtp818093527{STOPPING,8<=8<=14,i=0,q=5} Couldn't stop Thread[qtp818093527-275,5,]
Tests run: 5, Failures: 0, Errors: 0, Skipped: 0, Time elapsed: 0.16 sec
Running com.maxmind.geoip2.DatabaseReaderTest
Tests run: 22, Failures: 0, Errors: 0, Skipped: 0, Time elapsed: 0.093 sec
Running com.maxmind.geoip2.WebServiceClientTest
[main] INFO org.eclipse.jetty.server.Server - jetty-9.2.28.v20190418
[main] INFO org.eclipse.jetty.server.handler.ContextHandler - Started o.e.j.s.ServletContextHandler@aa5455e{/__admin,null,AVAILABLE}
[main] INFO org.eclipse.jetty.server.handler.ContextHandler - Started o.e.j.s.ServletContextHandler@1db0ec27{/,null,AVAILABLE}
[main] INFO org.eclipse.jetty.server.NetworkTrafficServerConnector - Started NetworkTrafficServerConnector@3d9fc57a{HTTP/1.1}{0.0.0.0:45229}
[main] INFO org.eclipse.jetty.server.Server - Started @2412ms
[qtp130850024-284] INFO /__admin - RequestHandlerClass from context returned com.github.tomakehurst.wiremock.http.AdminRequestHandler. Normalized mapped under returned 'null'
[qtp130850024-285] INFO / - RequestHandlerClass from context returned com.github.tomakehurst.wiremock.http.StubRequestHandler. Normalized mapped under returned 'null'
[main] INFO org.eclipse.jetty.server.NetworkTrafficServerConnector - Stopped NetworkTrafficServerConnector@3d9fc57a{HTTP/1.1}{0.0.0.0:0}
[main] INFO org.eclipse.jetty.server.handler.ContextHandler - Stopped o.e.j.s.ServletContextHandler@1db0ec27{/,null,UNAVAILABLE}
[main] INFO org.eclipse.jetty.server.handler.ContextHandler - Stopped o.e.j.s.ServletContextHandler@aa5455e{/__admin,null,UNAVAILABLE}
[main] WARN org.eclipse.jetty.util.thread.QueuedThreadPool - qtp130850024{STOPPING,8<=8<=14,i=6,q=6} Couldn't stop Thread[qtp130850024-290,5,]
[main] WARN org.eclipse.jetty.util.thread.QueuedThreadPool - qtp130850024{STOPPING,8<=8<=14,i=5,q=6} Couldn't stop Thread[qtp130850024-279,5,main]
[main] WARN org.eclipse.jetty.util.thread.QueuedThreadPool - qtp130850024{STOPPING,8<=8<=14,i=4,q=6} Couldn't stop Thread[qtp130850024-289,5,main]
[main] WARN org.eclipse.jetty.util.thread.QueuedThreadPool - qtp130850024{STOPPING,8<=8<=14,i=3,q=6} Couldn't stop Thread[qtp130850024-280,5,main]
[main] WARN org.eclipse.jetty.util.thread.QueuedThreadPool - qtp130850024{STOPPING,8<=8<=14,i=3,q=6} Couldn't stop Thread[qtp130850024-285,5,main]
[main] WARN org.eclipse.jetty.util.thread.QueuedThreadPool - qtp130850024{STOPPING,8<=8<=14,i=3,q=6} Couldn't stop Thread[qtp130850024-288,5,main]
[main] INFO org.eclipse.jetty.server.Server - jetty-9.2.28.v20190418
[main] INFO org.eclipse.jetty.server.handler.ContextHandler - Started o.e.j.s.ServletContextHandler@3af9aa66{/__admin,null,AVAILABLE}
[main] INFO org.eclipse.jetty.server.handler.ContextHandler - Started o.e.j.s.ServletContextHandler@62d0ac62{/,null,AVAILABLE}
[main] INFO org.eclipse.jetty.server.NetworkTrafficServerConnector - Started NetworkTrafficServerConnector@150d80c4{HTTP/1.1}{0.0.0.0:36193}
[main] INFO org.eclipse.jetty.server.Server - Started @2464ms
[qtp98974893-297] INFO /__admin - RequestHandlerClass from context returned com.github.tomakehurst.wiremock.http.AdminRequestHandler. Normalized mapped under returned 'null'
[qtp98974893-298] INFO / - RequestHandlerClass from context returned com.github.tomakehurst.wiremock.http.StubRequestHandler. Normalized mapped under returned 'null'
[main] INFO org.eclipse.jetty.server.NetworkTrafficServerConnector - Stopped NetworkTrafficServerConnector@150d80c4{HTTP/1.1}{0.0.0.0:0}
[main] INFO org.eclipse.jetty.server.handler.ContextHandler - Stopped o.e.j.s.ServletContextHandler@62d0ac62{/,null,UNAVAILABLE}
[main] INFO org.eclipse.jetty.server.handler.ContextHandler - Stopped o.e.j.s.ServletContextHandler@3af9aa66{/__admin,null,UNAVAILABLE}
[main] WARN org.eclipse.jetty.util.thread.QueuedThreadPool - qtp98974893{STOPPING,8<=8<=14,i=4,q=4} Couldn't stop Thread[qtp98974893-303,5,]
[main] WARN org.eclipse.jetty.util.thread.QueuedThreadPool - qtp98974893{STOPPING,8<=8<=14,i=1,q=3} Couldn't stop Thread[qtp98974893-298,5,]
[main] WARN org.eclipse.jetty.util.thread.QueuedThreadPool - qtp98974893{STOPPING,8<=8<=14,i=0,q=3} Couldn't stop Thread[qtp98974893-293,5,]
[main] INFO org.eclipse.jetty.server.Server - jetty-9.2.28.v20190418
[main] INFO org.eclipse.jetty.server.handler.ContextHandler - Started o.e.j.s.ServletContextHandler@778ca8ef{/__admin,null,AVAILABLE}
[main] INFO org.eclipse.jetty.server.handler.ContextHandler - Started o.e.j.s.ServletContextHandler@261d8190{/,null,AVAILABLE}
[main] INFO org.eclipse.jetty.server.NetworkTrafficServerConnector - Started NetworkTrafficServerConnector@34448e6c{HTTP/1.1}{0.0.0.0:44463}
[main] INFO org.eclipse.jetty.server.Server - Started @2512ms
[qtp109065770-310] INFO /__admin - RequestHandlerClass from context returned com.github.tomakehurst.wiremock.http.AdminRequestHandler. Normalized mapped under returned 'null'
[qtp109065770-311] INFO / - RequestHandlerClass from context returned com.github.tomakehurst.wiremock.http.StubRequestHandler. Normalized mapped under returned 'null'
[main] INFO org.eclipse.jetty.server.NetworkTrafficServerConnector - Stopped NetworkTrafficServerConnector@34448e6c{HTTP/1.1}{0.0.0.0:0}
[main] INFO org.eclipse.jetty.server.handler.ContextHandler - Stopped o.e.j.s.ServletContextHandler@261d8190{/,null,UNAVAILABLE}
[main] INFO org.eclipse.jetty.server.handler.ContextHandler - Stopped o.e.j.s.ServletContextHandler@778ca8ef{/__admin,null,UNAVAILABLE}
[main] WARN org.eclipse.jetty.util.thread.QueuedThreadPool - qtp109065770{STOPPING,8<=8<=14,i=6,q=6} Couldn't stop Thread[qtp109065770-315,5,main]
[main] WARN org.eclipse.jetty.util.thread.QueuedThreadPool - qtp109065770{STOPPING,8<=8<=14,i=4,q=5} Couldn't stop Thread[qtp109065770-316,5,]
[main] WARN org.eclipse.jetty.util.thread.QueuedThreadPool - qtp109065770{STOPPING,8<=8<=14,i=0,q=5} Couldn't stop Thread[qtp109065770-305,5,]
[main] INFO org.eclipse.jetty.server.Server - jetty-9.2.28.v20190418
[main] INFO org.eclipse.jetty.server.handler.ContextHandler - Started o.e.j.s.ServletContextHandler@4fa06f52{/__admin,null,AVAILABLE}
[main] INFO org.eclipse.jetty.server.handler.ContextHandler - Started o.e.j.s.ServletContextHandler@705202d1{/,null,AVAILABLE}
[main] INFO org.eclipse.jetty.server.NetworkTrafficServerConnector - Started NetworkTrafficServerConnector@3c443976{HTTP/1.1}{0.0.0.0:38433}
[main] INFO org.eclipse.jetty.server.Server - Started @2552ms
[qtp289711450-323] INFO /__admin - RequestHandlerClass from context returned com.github.tomakehurst.wiremock.http.AdminRequestHandler. Normalized mapped under returned 'null'
[qtp289711450-324] INFO / - RequestHandlerClass from context returned com.github.tomakehurst.wiremock.http.StubRequestHandler. Normalized mapped under returned 'null'
[main] INFO org.eclipse.jetty.server.NetworkTrafficServerConnector - Stopped NetworkTrafficServerConnector@3c443976{HTTP/1.1}{0.0.0.0:0}
[main] INFO org.eclipse.jetty.server.handler.ContextHandler - Stopped o.e.j.s.ServletContextHandler@705202d1{/,null,UNAVAILABLE}
[main] INFO org.eclipse.jetty.server.handler.ContextHandler - Stopped o.e.j.s.ServletContextHandler@4fa06f52{/__admin,null,UNAVAILABLE}
[main] WARN org.eclipse.jetty.util.thread.QueuedThreadPool - qtp289711450{STOPPING,8<=8<=14,i=6,q=6} Couldn't stop Thread[qtp289711450-318,5,main]
[main] WARN org.eclipse.jetty.util.thread.QueuedThreadPool - qtp289711450{STOPPING,8<=8<=14,i=4,q=5} Couldn't stop Thread[qtp289711450-323,5,main]
[main] WARN org.eclipse.jetty.util.thread.QueuedThreadPool - qtp289711450{STOPPING,8<=8<=14,i=3,q=5} Couldn't stop Thread[qtp289711450-324,5,main]
[main] WARN org.eclipse.jetty.util.thread.QueuedThreadPool - qtp289711450{STOPPING,8<=8<=14,i=0,q=4} Couldn't stop Thread[qtp289711450-319,5,]
[main] WARN org.eclipse.jetty.util.thread.QueuedThreadPool - qtp289711450{STOPPING,8<=8<=14,i=0,q=4} Couldn't stop Thread[qtp289711450-329,5,main]
[main] INFO org.eclipse.jetty.server.Server - jetty-9.2.28.v20190418
[main] INFO org.eclipse.jetty.server.handler.ContextHandler - Started o.e.j.s.ServletContextHandler@c3c4c1c{/__admin,null,AVAILABLE}
[main] INFO org.eclipse.jetty.server.handler.ContextHandler - Started o.e.j.s.ServletContextHandler@35e478f{/,null,AVAILABLE}
[main] INFO org.eclipse.jetty.server.NetworkTrafficServerConnector - Started NetworkTrafficServerConnector@6d6cb754{HTTP/1.1}{0.0.0.0:42061}
[main] INFO org.eclipse.jetty.server.Server - Started @2752ms
[qtp1311544814-336] INFO /__admin - RequestHandlerClass from context returned com.github.tomakehurst.wiremock.http.AdminRequestHandler. Normalized mapped under returned 'null'
[qtp1311544814-337] INFO / - RequestHandlerClass from context returned com.github.tomakehurst.wiremock.http.StubRequestHandler. Normalized mapped under returned 'null'
[main] INFO org.eclipse.jetty.server.NetworkTrafficServerConnector - Stopped NetworkTrafficServerConnector@6d6cb754{HTTP/1.1}{0.0.0.0:0}
[main] INFO org.eclipse.jetty.server.handler.ContextHandler - Stopped o.e.j.s.ServletContextHandler@35e478f{/,null,UNAVAILABLE}
[main] INFO org.eclipse.jetty.server.handler.ContextHandler - Stopped o.e.j.s.ServletContextHandler@c3c4c1c{/__admin,null,UNAVAILABLE}
[main] WARN org.eclipse.jetty.util.thread.QueuedThreadPool - qtp1311544814{STOPPING,8<=8<=14,i=7,q=7} Couldn't stop Thread[qtp1311544814-332,5,main]
[main] WARN org.eclipse.jetty.util.thread.QueuedThreadPool - qtp1311544814{STOPPING,8<=8<=14,i=6,q=6} Couldn't stop Thread[qtp1311544814-341,5,main]
[main] WARN org.eclipse.jetty.util.thread.QueuedThreadPool - qtp1311544814{STOPPING,8<=8<=14,i=5,q=6} Couldn't stop Thread[qtp1311544814-331,5,main]
[main] WARN org.eclipse.jetty.util.thread.QueuedThreadPool - qtp1311544814{STOPPING,8<=8<=14,i=3,q=6} Couldn't stop Thread[qtp1311544814-337,5,main]
[main] WARN org.eclipse.jetty.util.thread.QueuedThreadPool - qtp1311544814{STOPPING,8<=8<=14,i=3,q=6} Couldn't stop Thread[qtp1311544814-336,5,main]
[main] WARN org.eclipse.jetty.util.thread.QueuedThreadPool - qtp1311544814{STOPPING,8<=8<=14,i=2,q=5} Couldn't stop Thread[qtp1311544814-342,5,]
[main] INFO org.eclipse.jetty.server.Server - jetty-9.2.28.v20190418
[main] INFO org.eclipse.jetty.server.handler.ContextHandler - Started o.e.j.s.ServletContextHandler@378bd86d{/__admin,null,AVAILABLE}
[main] INFO org.eclipse.jetty.server.handler.ContextHandler - Started o.e.j.s.ServletContextHandler@6331250e{/,null,AVAILABLE}
[main] INFO org.eclipse.jetty.server.NetworkTrafficServerConnector - Started NetworkTrafficServerConnector@a10c1b5{HTTP/1.1}{0.0.0.0:33291}
[main] INFO org.eclipse.jetty.server.Server - Started @2775ms
[qtp1962865655-349] INFO /__admin - RequestHandlerClass from context returned com.github.tomakehurst.wiremock.http.AdminRequestHandler. Normalized mapped under returned 'null'
[qtp1962865655-350] INFO / - RequestHandlerClass from context returned com.github.tomakehurst.wiremock.http.StubRequestHandler. Normalized mapped under returned 'null'
[main] INFO org.eclipse.jetty.server.NetworkTrafficServerConnector - Stopped NetworkTrafficServerConnector@a10c1b5{HTTP/1.1}{0.0.0.0:0}
[main] INFO org.eclipse.jetty.server.handler.ContextHandler - Stopped o.e.j.s.ServletContextHandler@6331250e{/,null,UNAVAILABLE}
[main] INFO org.eclipse.jetty.server.handler.ContextHandler - Stopped o.e.j.s.ServletContextHandler@378bd86d{/__admin,null,UNAVAILABLE}
[main] WARN org.eclipse.jetty.util.thread.QueuedThreadPool - qtp1962865655{STOPPING,8<=8<=14,i=7,q=7} Couldn't stop Thread[qtp1962865655-353,5,main]
[main] WARN org.eclipse.jetty.util.thread.QueuedThreadPool - qtp1962865655{STOPPING,8<=8<=14,i=7,q=7} Couldn't stop Thread[qtp1962865655-354,5,main]
[main] WARN org.eclipse.jetty.util.thread.QueuedThreadPool - qtp1962865655{STOPPING,8<=8<=14,i=6,q=6} Couldn't stop Thread[qtp1962865655-350,5,main]
[main] WARN org.eclipse.jetty.util.thread.QueuedThreadPool - qtp1962865655{STOPPING,8<=8<=14,i=4,q=6} Couldn't stop Thread[qtp1962865655-355,5,main]
[main] WARN org.eclipse.jetty.util.thread.QueuedThreadPool - qtp1962865655{STOPPING,8<=8<=14,i=2,q=6} Couldn't stop Thread[qtp1962865655-344,5,]
[main] INFO org.eclipse.jetty.server.Server - jetty-9.2.28.v20190418
[main] INFO org.eclipse.jetty.server.handler.ContextHandler - Started o.e.j.s.ServletContextHandler@baf1bb3{/__admin,null,AVAILABLE}
[main] INFO org.eclipse.jetty.server.handler.ContextHandler - Started o.e.j.s.ServletContextHandler@4482469c{/,null,AVAILABLE}
[main] INFO org.eclipse.jetty.server.NetworkTrafficServerConnector - Started NetworkTrafficServerConnector@3703bf3c{HTTP/1.1}{0.0.0.0:41747}
[main] INFO org.eclipse.jetty.server.Server - Started @2800ms
[qtp1620187937-362] INFO /__admin - RequestHandlerClass from context returned com.github.tomakehurst.wiremock.http.AdminRequestHandler. Normalized mapped under returned 'null'
[qtp1620187937-363] INFO / - RequestHandlerClass from context returned com.github.tomakehurst.wiremock.http.StubRequestHandler. Normalized mapped under returned 'null'
[main] INFO org.eclipse.jetty.server.NetworkTrafficServerConnector - Stopped NetworkTrafficServerConnector@3703bf3c{HTTP/1.1}{0.0.0.0:0}
[main] INFO org.eclipse.jetty.server.handler.ContextHandler - Stopped o.e.j.s.ServletContextHandler@4482469c{/,null,UNAVAILABLE}
[main] INFO org.eclipse.jetty.server.handler.ContextHandler - Stopped o.e.j.s.ServletContextHandler@baf1bb3{/__admin,null,UNAVAILABLE}
[main] WARN org.eclipse.jetty.util.thread.QueuedThreadPool - qtp1620187937{STOPPING,8<=8<=14,i=2,q=6} Couldn't stop Thread[qtp1620187937-367,5,main]
[main] WARN org.eclipse.jetty.util.thread.QueuedThreadPool - qtp1620187937{STOPPING,8<=8<=14,i=1,q=5} Couldn't stop Thread[qtp1620187937-368,5,main]
[main] WARN org.eclipse.jetty.util.thread.QueuedThreadPool - qtp1620187937{STOPPING,8<=8<=14,i=1,q=5} Couldn't stop Thread[qtp1620187937-358-selector-ServerConnectorManager@54abb8d9/1,5,main]
[main] INFO org.eclipse.jetty.server.Server - jetty-9.2.28.v20190418
[main] INFO org.eclipse.jetty.server.handler.ContextHandler - Started o.e.j.s.ServletContextHandler@62ddd21b{/__admin,null,AVAILABLE}
[main] INFO org.eclipse.jetty.server.handler.ContextHandler - Started o.e.j.s.ServletContextHandler@2d6aca33{/,null,AVAILABLE}
[main] INFO org.eclipse.jetty.server.NetworkTrafficServerConnector - Started NetworkTrafficServerConnector@21ab988f{HTTP/1.1}{0.0.0.0:43873}
[main] INFO org.eclipse.jetty.server.Server - Started @2843ms
[qtp1618099562-375] INFO /__admin - RequestHandlerClass from context returned com.github.tomakehurst.wiremock.http.AdminRequestHandler. Normalized mapped under returned 'null'
[qtp1618099562-376] INFO / - RequestHandlerClass from context returned com.github.tomakehurst.wiremock.http.StubRequestHandler. Normalized mapped under returned 'null'
[main] INFO org.eclipse.jetty.server.NetworkTrafficServerConnector - Stopped NetworkTrafficServerConnector@21ab988f{HTTP/1.1}{0.0.0.0:0}
[main] INFO org.eclipse.jetty.server.handler.ContextHandler - Stopped o.e.j.s.ServletContextHandler@2d6aca33{/,null,UNAVAILABLE}
[main] INFO org.eclipse.jetty.server.handler.ContextHandler - Stopped o.e.j.s.ServletContextHandler@62ddd21b{/__admin,null,UNAVAILABLE}
[main] INFO org.eclipse.jetty.server.Server - jetty-9.2.28.v20190418
[main] INFO org.eclipse.jetty.server.handler.ContextHandler - Started o.e.j.s.ServletContextHandler@21325036{/__admin,null,AVAILABLE}
[main] INFO org.eclipse.jetty.server.handler.ContextHandler - Started o.e.j.s.ServletContextHandler@6de30571{/,null,AVAILABLE}
[main] INFO org.eclipse.jetty.server.NetworkTrafficServerConnector - Started NetworkTrafficServerConnector@5ee34b1b{HTTP/1.1}{0.0.0.0:44593}
[main] INFO org.eclipse.jetty.server.Server - Started @2905ms
[qtp805690186-388] INFO /__admin - RequestHandlerClass from context returned com.github.tomakehurst.wiremock.http.AdminRequestHandler. Normalized mapped under returned 'null'
[qtp805690186-389] INFO / - RequestHandlerClass from context returned com.github.tomakehurst.wiremock.http.StubRequestHandler. Normalized mapped under returned 'null'
[main] INFO org.eclipse.jetty.server.NetworkTrafficServerConnector - Stopped NetworkTrafficServerConnector@5ee34b1b{HTTP/1.1}{0.0.0.0:0}
[main] INFO org.eclipse.jetty.server.handler.ContextHandler - Stopped o.e.j.s.ServletContextHandler@6de30571{/,null,UNAVAILABLE}
[main] INFO org.eclipse.jetty.server.handler.ContextHandler - Stopped o.e.j.s.ServletContextHandler@21325036{/__admin,null,UNAVAILABLE}
[main] WARN org.eclipse.jetty.util.thread.QueuedThreadPool - qtp805690186{STOPPING,8<=8<=14,i=2,q=5} Couldn't stop Thread[qtp805690186-389,5,main]
[main] WARN org.eclipse.jetty.util.thread.QueuedThreadPool - qtp805690186{STOPPING,8<=8<=14,i=2,q=5} Couldn't stop Thread[qtp805690186-384,5,]
[main] WARN org.eclipse.jetty.util.thread.QueuedThreadPool - qtp805690186{STOPPING,8<=8<=14,i=2,q=5} Couldn't stop Thread[qtp805690186-392,5,main]
[main] INFO org.eclipse.jetty.server.Server - jetty-9.2.28.v20190418
[main] INFO org.eclipse.jetty.server.handler.ContextHandler - Started o.e.j.s.ServletContextHandler@660591fb{/__admin,null,AVAILABLE}
[main] INFO org.eclipse.jetty.server.handler.ContextHandler - Started o.e.j.s.ServletContextHandler@226b143b{/,null,AVAILABLE}
[main] INFO org.eclipse.jetty.server.NetworkTrafficServerConnector - Started NetworkTrafficServerConnector@682bd3c4{HTTP/1.1}{0.0.0.0:38909}
[main] INFO org.eclipse.jetty.server.Server - Started @2930ms
[qtp973219190-401] INFO /__admin - RequestHandlerClass from context returned com.github.tomakehurst.wiremock.http.AdminRequestHandler. Normalized mapped under returned 'null'
[qtp973219190-402] INFO / - RequestHandlerClass from context returned com.github.tomakehurst.wiremock.http.StubRequestHandler. Normalized mapped under returned 'null'
[main] INFO org.eclipse.jetty.server.NetworkTrafficServerConnector - Stopped NetworkTrafficServerConnector@682bd3c4{HTTP/1.1}{0.0.0.0:0}
[main] INFO org.eclipse.jetty.server.handler.ContextHandler - Stopped o.e.j.s.ServletContextHandler@226b143b{/,null,UNAVAILABLE}
[main] INFO org.eclipse.jetty.server.handler.ContextHandler - Stopped o.e.j.s.ServletContextHandler@660591fb{/__admin,null,UNAVAILABLE}
[main] WARN org.eclipse.jetty.util.thread.QueuedThreadPool - qtp973219190{STOPPING,8<=8<=14,i=5,q=5} Couldn't stop Thread[qtp973219190-407,5,main]
[main] WARN org.eclipse.jetty.util.thread.QueuedThreadPool - qtp973219190{STOPPING,8<=8<=14,i=3,q=5} Couldn't stop Thread[qtp973219190-406,5,main]
[main] WARN org.eclipse.jetty.util.thread.QueuedThreadPool - qtp973219190{STOPPING,8<=8<=14,i=2,q=5} Couldn't stop Thread[qtp973219190-402,5,]
[main] INFO org.eclipse.jetty.server.Server - jetty-9.2.28.v20190418
[main] INFO org.eclipse.jetty.server.handler.ContextHandler - Started o.e.j.s.ServletContextHandler@652ab8d9{/__admin,null,AVAILABLE}
[main] INFO org.eclipse.jetty.server.handler.ContextHandler - Started o.e.j.s.ServletContextHandler@47d7bfb3{/,null,AVAILABLE}
[main] INFO org.eclipse.jetty.server.NetworkTrafficServerConnector - Started NetworkTrafficServerConnector@770b3be0{HTTP/1.1}{0.0.0.0:44185}
[main] INFO org.eclipse.jetty.server.Server - Started @2948ms
[qtp1904676263-414] INFO /__admin - RequestHandlerClass from context returned com.github.tomakehurst.wiremock.http.AdminRequestHandler. Normalized mapped under returned 'null'
[qtp1904676263-415] INFO / - RequestHandlerClass from context returned com.github.tomakehurst.wiremock.http.StubRequestHandler. Normalized mapped under returned 'null'
[main] INFO org.eclipse.jetty.server.NetworkTrafficServerConnector - Stopped NetworkTrafficServerConnector@770b3be0{HTTP/1.1}{0.0.0.0:0}
[main] INFO org.eclipse.jetty.server.handler.ContextHandler - Stopped o.e.j.s.ServletContextHandler@47d7bfb3{/,null,UNAVAILABLE}
[main] INFO org.eclipse.jetty.server.handler.ContextHandler - Stopped o.e.j.s.ServletContextHandler@652ab8d9{/__admin,null,UNAVAILABLE}
[main] WARN org.eclipse.jetty.util.thread.QueuedThreadPool - qtp1904676263{STOPPING,8<=8<=14,i=7,q=6} Couldn't stop Thread[qtp1904676263-415,5,]
[main] WARN org.eclipse.jetty.util.thread.QueuedThreadPool - qtp1904676263{STOPPING,8<=8<=14,i=4,q=6} Couldn't stop Thread[qtp1904676263-416,5,]
[main] WARN org.eclipse.jetty.util.thread.QueuedThreadPool - qtp1904676263{STOPPING,8<=8<=14,i=2,q=6} Couldn't stop Thread[qtp1904676263-409,5,]
[main] WARN org.eclipse.jetty.util.thread.QueuedThreadPool - qtp1904676263{STOPPING,8<=8<=14,i=0,q=6} Couldn't stop Thread[qtp1904676263-419,5,]
[main] INFO org.eclipse.jetty.server.Server - jetty-9.2.28.v20190418
[main] INFO org.eclipse.jetty.server.handler.ContextHandler - Started o.e.j.s.ServletContextHandler@749ab7b4{/__admin,null,AVAILABLE}
[main] INFO org.eclipse.jetty.server.handler.ContextHandler - Started o.e.j.s.ServletContextHandler@2532b351{/,null,AVAILABLE}
[main] INFO org.eclipse.jetty.server.NetworkTrafficServerConnector - Started NetworkTrafficServerConnector@4349754{HTTP/1.1}{0.0.0.0:42043}
[main] INFO org.eclipse.jetty.server.Server - Started @2971ms
[qtp303846650-427] INFO /__admin - RequestHandlerClass from context returned com.github.tomakehurst.wiremock.http.AdminRequestHandler. Normalized mapped under returned 'null'
[qtp303846650-428] INFO / - RequestHandlerClass from context returned com.github.tomakehurst.wiremock.http.StubRequestHandler. Normalized mapped under returned 'null'
[main] INFO org.eclipse.jetty.server.NetworkTrafficServerConnector - Stopped NetworkTrafficServerConnector@4349754{HTTP/1.1}{0.0.0.0:0}
[main] INFO org.eclipse.jetty.server.handler.ContextHandler - Stopped o.e.j.s.ServletContextHandler@2532b351{/,null,UNAVAILABLE}
[main] INFO org.eclipse.jetty.server.handler.ContextHandler - Stopped o.e.j.s.ServletContextHandler@749ab7b4{/__admin,null,UNAVAILABLE}
[main] WARN org.eclipse.jetty.util.thread.QueuedThreadPool - qtp303846650{STOPPING,8<=8<=14,i=2,q=2} Couldn't stop Thread[qtp303846650-423,5,]
[main] WARN org.eclipse.jetty.util.thread.QueuedThreadPool - qtp303846650{STOPPING,8<=8<=14,i=0,q=1} Couldn't stop Thread[qtp303846650-428,5,]
[main] INFO org.eclipse.jetty.server.Server - jetty-9.2.28.v20190418
[main] INFO org.eclipse.jetty.server.handler.ContextHandler - Started o.e.j.s.ServletContextHandler@5327a06e{/__admin,null,AVAILABLE}
[main] INFO org.eclipse.jetty.server.handler.ContextHandler - Started o.e.j.s.ServletContextHandler@451f87af{/,null,AVAILABLE}
[main] INFO org.eclipse.jetty.server.NetworkTrafficServerConnector - Started NetworkTrafficServerConnector@2b556bb2{HTTP/1.1}{0.0.0.0:37629}
[main] INFO org.eclipse.jetty.server.Server - Started @2988ms
[qtp945747249-438] INFO /__admin - RequestHandlerClass from context returned com.github.tomakehurst.wiremock.http.AdminRequestHandler. Normalized mapped under returned 'null'
[qtp945747249-439] INFO / - RequestHandlerClass from context returned com.github.tomakehurst.wiremock.http.StubRequestHandler. Normalized mapped under returned 'null'
[main] INFO org.eclipse.jetty.server.NetworkTrafficServerConnector - Stopped NetworkTrafficServerConnector@2b556bb2{HTTP/1.1}{0.0.0.0:0}
[main] INFO org.eclipse.jetty.server.handler.ContextHandler - Stopped o.e.j.s.ServletContextHandler@451f87af{/,null,UNAVAILABLE}
[main] INFO org.eclipse.jetty.server.handler.ContextHandler - Stopped o.e.j.s.ServletContextHandler@5327a06e{/__admin,null,UNAVAILABLE}
[main] WARN org.eclipse.jetty.util.thread.QueuedThreadPool - qtp945747249{STOPPING,8<=8<=14,i=4,q=4} Couldn't stop Thread[qtp945747249-434,5,]
[main] WARN org.eclipse.jetty.util.thread.QueuedThreadPool - qtp945747249{STOPPING,8<=8<=14,i=0,q=2} Couldn't stop Thread[qtp945747249-439,5,]
[main] INFO org.eclipse.jetty.server.Server - jetty-9.2.28.v20190418
[main] INFO org.eclipse.jetty.server.handler.ContextHandler - Started o.e.j.s.ServletContextHandler@68dcfd52{/__admin,null,AVAILABLE}
[main] INFO org.eclipse.jetty.server.handler.ContextHandler - Started o.e.j.s.ServletContextHandler@37b72ea{/,null,AVAILABLE}
[main] INFO org.eclipse.jetty.server.NetworkTrafficServerConnector - Started NetworkTrafficServerConnector@cc239ba{HTTP/1.1}{0.0.0.0:39155}
[main] INFO org.eclipse.jetty.server.Server - Started @3004ms
[qtp305651902-451] INFO /__admin - RequestHandlerClass from context returned com.github.tomakehurst.wiremock.http.AdminRequestHandler. Normalized mapped under returned 'null'
[qtp305651902-452] INFO / - RequestHandlerClass from context returned com.github.tomakehurst.wiremock.http.StubRequestHandler. Normalized mapped under returned 'null'
[main] INFO org.eclipse.jetty.server.NetworkTrafficServerConnector - Stopped NetworkTrafficServerConnector@cc239ba{HTTP/1.1}{0.0.0.0:0}
[main] INFO org.eclipse.jetty.server.handler.ContextHandler - Stopped o.e.j.s.ServletContextHandler@37b72ea{/,null,UNAVAILABLE}
[main] INFO org.eclipse.jetty.server.handler.ContextHandler - Stopped o.e.j.s.ServletContextHandler@68dcfd52{/__admin,null,UNAVAILABLE}
[main] WARN org.eclipse.jetty.util.thread.QueuedThreadPool - qtp305651902{STOPPING,8<=8<=14,i=4,q=4} Couldn't stop Thread[qtp305651902-447,5,]
[main] WARN org.eclipse.jetty.util.thread.QueuedThreadPool - qtp305651902{STOPPING,8<=8<=14,i=0,q=4} Couldn't stop Thread[qtp305651902-453,5,]
[main] INFO org.eclipse.jetty.server.Server - jetty-9.2.28.v20190418
[main] INFO org.eclipse.jetty.server.handler.ContextHandler - Started o.e.j.s.ServletContextHandler@50194e8d{/__admin,null,AVAILABLE}
[main] INFO org.eclipse.jetty.server.handler.ContextHandler - Started o.e.j.s.ServletContextHandler@73ad4ecc{/,null,AVAILABLE}
[main] INFO org.eclipse.jetty.server.NetworkTrafficServerConnector - Started NetworkTrafficServerConnector@69da0b12{HTTP/1.1}{0.0.0.0:37219}
[main] INFO org.eclipse.jetty.server.Server - Started @3025ms
[qtp1013620810-464] INFO /__admin - RequestHandlerClass from context returned com.github.tomakehurst.wiremock.http.AdminRequestHandler. Normalized mapped under returned 'null'
[qtp1013620810-465] INFO / - RequestHandlerClass from context returned com.github.tomakehurst.wiremock.http.StubRequestHandler. Normalized mapped under returned 'null'
[main] INFO org.eclipse.jetty.server.NetworkTrafficServerConnector - Stopped NetworkTrafficServerConnector@69da0b12{HTTP/1.1}{0.0.0.0:0}
[main] INFO org.eclipse.jetty.server.handler.ContextHandler - Stopped o.e.j.s.ServletContextHandler@73ad4ecc{/,null,UNAVAILABLE}
[main] INFO org.eclipse.jetty.server.handler.ContextHandler - Stopped o.e.j.s.ServletContextHandler@50194e8d{/__admin,null,UNAVAILABLE}
[main] WARN org.eclipse.jetty.util.thread.QueuedThreadPool - qtp1013620810{STOPPING,8<=8<=14,i=5,q=5} Couldn't stop Thread[qtp1013620810-460,5,main]
[main] WARN org.eclipse.jetty.util.thread.QueuedThreadPool - qtp1013620810{STOPPING,8<=8<=14,i=3,q=5} Couldn't stop Thread[qtp1013620810-465,5,]
[main] WARN org.eclipse.jetty.util.thread.QueuedThreadPool - qtp1013620810{STOPPING,8<=8<=14,i=0,q=3} Couldn't stop Thread[qtp1013620810-459,5,]
[main] WARN org.eclipse.jetty.util.thread.QueuedThreadPool - qtp1013620810{STOPPING,8<=8<=14,i=0,q=3} Couldn't stop Thread[qtp1013620810-468,5,]
[main] INFO org.eclipse.jetty.server.Server - jetty-9.2.28.v20190418
[main] INFO org.eclipse.jetty.server.handler.ContextHandler - Started o.e.j.s.ServletContextHandler@2ca5f1ed{/__admin,null,AVAILABLE}
[main] INFO org.eclipse.jetty.server.handler.ContextHandler - Started o.e.j.s.ServletContextHandler@6de0f580{/,null,AVAILABLE}
[main] INFO org.eclipse.jetty.server.NetworkTrafficServerConnector - Started NetworkTrafficServerConnector@6e495b48{HTTP/1.1}{0.0.0.0:35379}
[main] INFO org.eclipse.jetty.server.Server - Started @3047ms
[qtp124540047-477] INFO /__admin - RequestHandlerClass from context returned com.github.tomakehurst.wiremock.http.AdminRequestHandler. Normalized mapped under returned 'null'
[qtp124540047-478] INFO / - RequestHandlerClass from context returned com.github.tomakehurst.wiremock.http.StubRequestHandler. Normalized mapped under returned 'null'
[main] INFO org.eclipse.jetty.server.NetworkTrafficServerConnector - Stopped NetworkTrafficServerConnector@6e495b48{HTTP/1.1}{0.0.0.0:0}
[main] INFO org.eclipse.jetty.server.handler.ContextHandler - Stopped o.e.j.s.ServletContextHandler@6de0f580{/,null,UNAVAILABLE}
[main] INFO org.eclipse.jetty.server.handler.ContextHandler - Stopped o.e.j.s.ServletContextHandler@2ca5f1ed{/__admin,null,UNAVAILABLE}
[main] WARN org.eclipse.jetty.util.thread.QueuedThreadPool - qtp124540047{STOPPING,8<=8<=14,i=0,q=0} Couldn't stop Thread[qtp124540047-482,5,]
[main] INFO org.eclipse.jetty.server.Server - jetty-9.2.28.v20190418
[main] INFO org.eclipse.jetty.server.handler.ContextHandler - Started o.e.j.s.ServletContextHandler@44841b43{/__admin,null,AVAILABLE}
[main] INFO org.eclipse.jetty.server.handler.ContextHandler - Started o.e.j.s.ServletContextHandler@3cd206b5{/,null,AVAILABLE}
[main] INFO org.eclipse.jetty.server.NetworkTrafficServerConnector - Started NetworkTrafficServerConnector@58e85c6f{HTTP/1.1}{0.0.0.0:44509}
[main] INFO org.eclipse.jetty.server.Server - Started @3080ms
[qtp1492156162-490] INFO /__admin - RequestHandlerClass from context returned com.github.tomakehurst.wiremock.http.AdminRequestHandler. Normalized mapped under returned 'null'
[qtp1492156162-491] INFO / - RequestHandlerClass from context returned com.github.tomakehurst.wiremock.http.StubRequestHandler. Normalized mapped under returned 'null'
[main] INFO org.eclipse.jetty.server.NetworkTrafficServerConnector - Stopped NetworkTrafficServerConnector@58e85c6f{HTTP/1.1}{0.0.0.0:0}
[main] INFO org.eclipse.jetty.server.handler.ContextHandler - Stopped o.e.j.s.ServletContextHandler@3cd206b5{/,null,UNAVAILABLE}
[main] INFO org.eclipse.jetty.server.handler.ContextHandler - Stopped o.e.j.s.ServletContextHandler@44841b43{/__admin,null,UNAVAILABLE}
[main] WARN org.eclipse.jetty.util.thread.QueuedThreadPool - qtp1492156162{STOPPING,8<=8<=14,i=6,q=6} Couldn't stop Thread[qtp1492156162-491,5,]
[main] WARN org.eclipse.jetty.util.thread.QueuedThreadPool - qtp1492156162{STOPPING,8<=8<=14,i=5,q=6} Couldn't stop Thread[qtp1492156162-490,5,main]
[main] WARN org.eclipse.jetty.util.thread.QueuedThreadPool - qtp1492156162{STOPPING,8<=8<=14,i=4,q=6} Couldn't stop Thread[qtp1492156162-495,5,main]
[main] WARN org.eclipse.jetty.util.thread.QueuedThreadPool - qtp1492156162{STOPPING,8<=8<=14,i=2,q=5} Couldn't stop Thread[qtp1492156162-486,5,]
[main] WARN org.eclipse.jetty.util.thread.QueuedThreadPool - qtp1492156162{STOPPING,8<=8<=14,i=2,q=5} Couldn't stop Thread[qtp1492156162-496,5,main]
[main] INFO org.eclipse.jetty.server.Server - jetty-9.2.28.v20190418
[main] INFO org.eclipse.jetty.server.handler.ContextHandler - Started o.e.j.s.ServletContextHandler@1de9d54{/__admin,null,AVAILABLE}
[main] INFO org.eclipse.jetty.server.handler.ContextHandler - Started o.e.j.s.ServletContextHandler@2b917fb0{/,null,AVAILABLE}
[main] INFO org.eclipse.jetty.server.NetworkTrafficServerConnector - Started NetworkTrafficServerConnector@5e5073ab{HTTP/1.1}{0.0.0.0:33711}
[main] INFO org.eclipse.jetty.server.Server - Started @3104ms
[qtp1929969663-503] INFO /__admin - RequestHandlerClass from context returned com.github.tomakehurst.wiremock.http.AdminRequestHandler. Normalized mapped under returned 'null'
[qtp1929969663-504] INFO / - RequestHandlerClass from context returned com.github.tomakehurst.wiremock.http.StubRequestHandler. Normalized mapped under returned 'null'
[main] INFO org.eclipse.jetty.server.NetworkTrafficServerConnector - Stopped NetworkTrafficServerConnector@5e5073ab{HTTP/1.1}{0.0.0.0:0}
[main] INFO org.eclipse.jetty.server.handler.ContextHandler - Stopped o.e.j.s.ServletContextHandler@2b917fb0{/,null,UNAVAILABLE}
[main] INFO org.eclipse.jetty.server.handler.ContextHandler - Stopped o.e.j.s.ServletContextHandler@1de9d54{/__admin,null,UNAVAILABLE}
[main] WARN org.eclipse.jetty.util.thread.QueuedThreadPool - qtp1929969663{STOPPING,8<=8<=14,i=6,q=7} Couldn't stop Thread[qtp1929969663-505,5,main]
[main] WARN org.eclipse.jetty.util.thread.QueuedThreadPool - qtp1929969663{STOPPING,8<=8<=14,i=6,q=6} Couldn't stop Thread[qtp1929969663-507,5,main]
[main] WARN org.eclipse.jetty.util.thread.QueuedThreadPool - qtp1929969663{STOPPING,8<=8<=14,i=4,q=6} Couldn't stop Thread[qtp1929969663-498,5,main]
[main] WARN org.eclipse.jetty.util.thread.QueuedThreadPool - qtp1929969663{STOPPING,8<=8<=14,i=1,q=6} Couldn't stop Thread[qtp1929969663-509,5,]
[main] WARN org.eclipse.jetty.util.thread.QueuedThreadPool - qtp1929969663{STOPPING,8<=8<=14,i=0,q=5} Couldn't stop Thread[qtp1929969663-499,5,]
[main] INFO org.eclipse.jetty.server.Server - jetty-9.2.28.v20190418
[main] INFO org.eclipse.jetty.server.handler.ContextHandler - Started o.e.j.s.ServletContextHandler@11ebb1b6{/__admin,null,AVAILABLE}
[main] INFO org.eclipse.jetty.server.handler.ContextHandler - Started o.e.j.s.ServletContextHandler@4aaae508{/,null,AVAILABLE}
[main] INFO org.eclipse.jetty.server.NetworkTrafficServerConnector - Started NetworkTrafficServerConnector@6009bea{HTTP/1.1}{0.0.0.0:46409}
[main] INFO org.eclipse.jetty.server.Server - Started @3139ms
[qtp1523359711-516] INFO /__admin - RequestHandlerClass from context returned com.github.tomakehurst.wiremock.http.AdminRequestHandler. Normalized mapped under returned 'null'
[qtp1523359711-517] INFO / - RequestHandlerClass from context returned com.github.tomakehurst.wiremock.http.StubRequestHandler. Normalized mapped under returned 'null'
[main] INFO org.eclipse.jetty.server.NetworkTrafficServerConnector - Stopped NetworkTrafficServerConnector@6009bea{HTTP/1.1}{0.0.0.0:0}
[main] INFO org.eclipse.jetty.server.handler.ContextHandler - Stopped o.e.j.s.ServletContextHandler@4aaae508{/,null,UNAVAILABLE}
[main] INFO org.eclipse.jetty.server.handler.ContextHandler - Stopped o.e.j.s.ServletContextHandler@11ebb1b6{/__admin,null,UNAVAILABLE}
[main] WARN org.eclipse.jetty.util.thread.QueuedThreadPool - qtp1523359711{STOPPING,8<=8<=14,i=7,q=8} Couldn't stop Thread[qtp1523359711-517,5,main]
[main] WARN org.eclipse.jetty.util.thread.QueuedThreadPool - qtp1523359711{STOPPING,8<=8<=14,i=7,q=8} Couldn't stop Thread[qtp1523359711-516,5,main]
[main] WARN org.eclipse.jetty.util.thread.QueuedThreadPool - qtp1523359711{STOPPING,8<=8<=14,i=7,q=8} Couldn't stop Thread[qtp1523359711-522,5,main]
[main] WARN org.eclipse.jetty.util.thread.QueuedThreadPool - qtp1523359711{STOPPING,8<=8<=14,i=7,q=8} Couldn't stop Thread[qtp1523359711-520,5,main]
[main] WARN org.eclipse.jetty.util.thread.QueuedThreadPool - qtp1523359711{STOPPING,8<=8<=14,i=7,q=8} Couldn't stop Thread[qtp1523359711-521,5,main]
[main] WARN org.eclipse.jetty.util.thread.QueuedThreadPool - qtp1523359711{STOPPING,8<=8<=14,i=7,q=8} Couldn't stop Thread[qtp1523359711-511,5,main]
[main] WARN org.eclipse.jetty.util.thread.QueuedThreadPool - qtp1523359711{STOPPING,8<=8<=14,i=7,q=8} Couldn't stop Thread[qtp1523359711-512,5,main]
[main] WARN org.eclipse.jetty.util.thread.QueuedThreadPool - qtp1523359711{STOPPING,8<=8<=14,i=7,q=8} Couldn't stop Thread[qtp1523359711-518,5,main]
[main] INFO org.eclipse.jetty.server.Server - jetty-9.2.28.v20190418
[main] INFO org.eclipse.jetty.server.handler.ContextHandler - Started o.e.j.s.ServletContextHandler@327ed9f5{/__admin,null,AVAILABLE}
[main] INFO org.eclipse.jetty.server.handler.ContextHandler - Started o.e.j.s.ServletContextHandler@2cc04358{/,null,AVAILABLE}
[main] INFO org.eclipse.jetty.server.NetworkTrafficServerConnector - Started NetworkTrafficServerConnector@68b58644{HTTP/1.1}{0.0.0.0:33073}
[main] INFO org.eclipse.jetty.server.Server - Started @3180ms
[qtp77738832-529] INFO /__admin - RequestHandlerClass from context returned com.github.tomakehurst.wiremock.http.AdminRequestHandler. Normalized mapped under returned 'null'
[qtp77738832-530] INFO / - RequestHandlerClass from context returned com.github.tomakehurst.wiremock.http.StubRequestHandler. Normalized mapped under returned 'null'
[main] INFO org.eclipse.jetty.server.NetworkTrafficServerConnector - Stopped NetworkTrafficServerConnector@68b58644{HTTP/1.1}{0.0.0.0:0}
[main] INFO org.eclipse.jetty.server.handler.ContextHandler - Stopped o.e.j.s.ServletContextHandler@2cc04358{/,null,UNAVAILABLE}
[main] INFO org.eclipse.jetty.server.handler.ContextHandler - Stopped o.e.j.s.ServletContextHandler@327ed9f5{/__admin,null,UNAVAILABLE}
[main] WARN org.eclipse.jetty.util.thread.QueuedThreadPool - qtp77738832{STOPPING,8<=8<=14,i=4,q=5} Couldn't stop Thread[qtp77738832-529,5,]
[main] WARN org.eclipse.jetty.util.thread.QueuedThreadPool - qtp77738832{STOPPING,8<=8<=14,i=3,q=5} Couldn't stop Thread[qtp77738832-525,5,]
[main] WARN org.eclipse.jetty.util.thread.QueuedThreadPool - qtp77738832{STOPPING,8<=8<=14,i=3,q=5} Couldn't stop Thread[qtp77738832-530,5,main]
[main] WARN org.eclipse.jetty.util.thread.QueuedThreadPool - qtp77738832{STOPPING,8<=8<=14,i=3,q=5} Couldn't stop Thread[qtp77738832-534,5,main]
[main] WARN org.eclipse.jetty.util.thread.QueuedThreadPool - qtp77738832{STOPPING,8<=8<=14,i=3,q=5} Couldn't stop Thread[qtp77738832-533,5,main]
[main] INFO org.eclipse.jetty.server.Server - jetty-9.2.28.v20190418
[main] INFO org.eclipse.jetty.server.handler.ContextHandler - Started o.e.j.s.ServletContextHandler@6a48a7f3{/__admin,null,AVAILABLE}
[main] INFO org.eclipse.jetty.server.handler.ContextHandler - Started o.e.j.s.ServletContextHandler@12ffd1de{/,null,AVAILABLE}
[main] INFO org.eclipse.jetty.server.NetworkTrafficServerConnector - Started NetworkTrafficServerConnector@3d278b4d{HTTP/1.1}{0.0.0.0:35283}
[main] INFO org.eclipse.jetty.server.Server - Started @3228ms
[qtp19578363-542] INFO /__admin - RequestHandlerClass from context returned com.github.tomakehurst.wiremock.http.AdminRequestHandler. Normalized mapped under returned 'null'
[qtp19578363-543] INFO / - RequestHandlerClass from context returned com.github.tomakehurst.wiremock.http.StubRequestHandler. Normalized mapped under returned 'null'
[main] INFO org.eclipse.jetty.server.NetworkTrafficServerConnector - Stopped NetworkTrafficServerConnector@3d278b4d{HTTP/1.1}{0.0.0.0:0}
[main] INFO org.eclipse.jetty.server.handler.ContextHandler - Stopped o.e.j.s.ServletContextHandler@12ffd1de{/,null,UNAVAILABLE}
[main] INFO org.eclipse.jetty.server.handler.ContextHandler - Stopped o.e.j.s.ServletContextHandler@6a48a7f3{/__admin,null,UNAVAILABLE}
[main] WARN org.eclipse.jetty.util.thread.QueuedThreadPool - qtp19578363{STOPPING,8<=8<=14,i=6,q=6} Couldn't stop Thread[qtp19578363-547,5,main]
[main] WARN org.eclipse.jetty.util.thread.QueuedThreadPool - qtp19578363{STOPPING,8<=8<=14,i=6,q=5} Couldn't stop Thread[qtp19578363-543,5,main]
[main] WARN org.eclipse.jetty.util.thread.QueuedThreadPool - qtp19578363{STOPPING,8<=8<=14,i=4,q=5} Couldn't stop Thread[qtp19578363-546,5,]
[main] WARN org.eclipse.jetty.util.thread.QueuedThreadPool - qtp19578363{STOPPING,8<=8<=14,i=3,q=5} Couldn't stop Thread[qtp19578363-537,5,main]
[main] WARN org.eclipse.jetty.util.thread.QueuedThreadPool - qtp19578363{STOPPING,8<=8<=14,i=3,q=5} Couldn't stop Thread[qtp19578363-538,5,]
[main] WARN org.eclipse.jetty.util.thread.QueuedThreadPool - qtp19578363{STOPPING,8<=8<=14,i=2,q=5} Couldn't stop Thread[qtp19578363-548,5,main]
[main] INFO org.eclipse.jetty.server.Server - jetty-9.2.28.v20190418
[main] INFO org.eclipse.jetty.server.handler.ContextHandler - Started o.e.j.s.ServletContextHandler@65753040{/__admin,null,AVAILABLE}
[main] INFO org.eclipse.jetty.server.handler.ContextHandler - Started o.e.j.s.ServletContextHandler@7be3a9ce{/,null,AVAILABLE}
[main] INFO org.eclipse.jetty.server.NetworkTrafficServerConnector - Started NetworkTrafficServerConnector@37d871c2{HTTP/1.1}{0.0.0.0:38713}
[main] INFO org.eclipse.jetty.server.Server - Started @3299ms
[qtp1066561773-555] INFO /__admin - RequestHandlerClass from context returned com.github.tomakehurst.wiremock.http.AdminRequestHandler. Normalized mapped under returned 'null'
[qtp1066561773-556] INFO / - RequestHandlerClass from context returned com.github.tomakehurst.wiremock.http.StubRequestHandler. Normalized mapped under returned 'null'
[main] INFO org.eclipse.jetty.server.NetworkTrafficServerConnector - Stopped NetworkTrafficServerConnector@37d871c2{HTTP/1.1}{0.0.0.0:0}
[main] INFO org.eclipse.jetty.server.handler.ContextHandler - Stopped o.e.j.s.ServletContextHandler@7be3a9ce{/,null,UNAVAILABLE}
[main] INFO org.eclipse.jetty.server.handler.ContextHandler - Stopped o.e.j.s.ServletContextHandler@65753040{/__admin,null,UNAVAILABLE}
[main] WARN org.eclipse.jetty.util.thread.QueuedThreadPool - qtp1066561773{STOPPING,8<=8<=14,i=5,q=8} Couldn't stop Thread[qtp1066561773-555,5,main]
[main] WARN org.eclipse.jetty.util.thread.QueuedThreadPool - qtp1066561773{STOPPING,8<=8<=14,i=5,q=8} Couldn't stop Thread[qtp1066561773-551,5,main]
[main] WARN org.eclipse.jetty.util.thread.QueuedThreadPool - qtp1066561773{STOPPING,8<=8<=14,i=5,q=8} Couldn't stop Thread[qtp1066561773-559,5,main]
[main] WARN org.eclipse.jetty.util.thread.QueuedThreadPool - qtp1066561773{STOPPING,8<=8<=14,i=5,q=8} Couldn't stop Thread[qtp1066561773-552,5,main]
[main] WARN org.eclipse.jetty.util.thread.QueuedThreadPool - qtp1066561773{STOPPING,8<=8<=14,i=5,q=8} Couldn't stop Thread[qtp1066561773-557,5,main]
[main] WARN org.eclipse.jetty.util.thread.QueuedThreadPool - qtp1066561773{STOPPING,8<=8<=14,i=5,q=8} Couldn't stop Thread[qtp1066561773-560,5,main]
[main] WARN org.eclipse.jetty.util.thread.QueuedThreadPool - qtp1066561773{STOPPING,8<=8<=14,i=5,q=8} Couldn't stop Thread[qtp1066561773-550,5,main]
[main] WARN org.eclipse.jetty.util.thread.QueuedThreadPool - qtp1066561773{STOPPING,8<=8<=14,i=5,q=8} Couldn't stop Thread[qtp1066561773-554,5,main]
[main] WARN org.eclipse.jetty.util.thread.QueuedThreadPool - qtp1066561773{STOPPING,8<=8<=14,i=5,q=8} Couldn't stop Thread[qtp1066561773-556,5,main]
[main] INFO org.eclipse.jetty.server.Server - jetty-9.2.28.v20190418
[main] INFO org.eclipse.jetty.server.handler.ContextHandler - Started o.e.j.s.ServletContextHandler@59e43e8c{/__admin,null,AVAILABLE}
[main] INFO org.eclipse.jetty.server.handler.ContextHandler - Started o.e.j.s.ServletContextHandler@3eabe84a{/,null,AVAILABLE}
[main] INFO org.eclipse.jetty.server.NetworkTrafficServerConnector - Started NetworkTrafficServerConnector@46c3a14d{HTTP/1.1}{0.0.0.0:45313}
[main] INFO org.eclipse.jetty.server.Server - Started @3325ms
[qtp1579823168-568] INFO /__admin - RequestHandlerClass from context returned com.github.tomakehurst.wiremock.http.AdminRequestHandler. Normalized mapped under returned 'null'
[qtp1579823168-569] INFO / - RequestHandlerClass from context returned com.github.tomakehurst.wiremock.http.StubRequestHandler. Normalized mapped under returned 'null'
[main] INFO org.eclipse.jetty.server.NetworkTrafficServerConnector - Stopped NetworkTrafficServerConnector@46c3a14d{HTTP/1.1}{0.0.0.0:0}
[main] INFO org.eclipse.jetty.server.handler.ContextHandler - Stopped o.e.j.s.ServletContextHandler@3eabe84a{/,null,UNAVAILABLE}
[main] INFO org.eclipse.jetty.server.handler.ContextHandler - Stopped o.e.j.s.ServletContextHandler@59e43e8c{/__admin,null,UNAVAILABLE}
[main] WARN org.eclipse.jetty.util.thread.QueuedThreadPool - qtp1579823168{STOPPING,8<=8<=14,i=5,q=6} Couldn't stop Thread[qtp1579823168-565,5,main]
[main] WARN org.eclipse.jetty.util.thread.QueuedThreadPool - qtp1579823168{STOPPING,8<=8<=14,i=5,q=6} Couldn't stop Thread[qtp1579823168-574,5,]
[main] WARN org.eclipse.jetty.util.thread.QueuedThreadPool - qtp1579823168{STOPPING,8<=8<=14,i=2,q=5} Couldn't stop Thread[qtp1579823168-563,5,]
[main] WARN org.eclipse.jetty.util.thread.QueuedThreadPool - qtp1579823168{STOPPING,8<=8<=14,i=0,q=4} Couldn't stop Thread[qtp1579823168-572,5,]
[main] INFO org.eclipse.jetty.server.Server - jetty-9.2.28.v20190418
[main] INFO org.eclipse.jetty.server.handler.ContextHandler - Started o.e.j.s.ServletContextHandler@7a389761{/__admin,null,AVAILABLE}
[main] INFO org.eclipse.jetty.server.handler.ContextHandler - Started o.e.j.s.ServletContextHandler@3ce53f6a{/,null,AVAILABLE}
[main] INFO org.eclipse.jetty.server.NetworkTrafficServerConnector - Started NetworkTrafficServerConnector@2d82408{HTTP/1.1}{0.0.0.0:44799}
[main] INFO org.eclipse.jetty.server.Server - Started @3346ms
[qtp462911221-581] INFO /__admin - RequestHandlerClass from context returned com.github.tomakehurst.wiremock.http.AdminRequestHandler. Normalized mapped under returned 'null'
[qtp462911221-582] INFO / - RequestHandlerClass from context returned com.github.tomakehurst.wiremock.http.StubRequestHandler. Normalized mapped under returned 'null'
[main] INFO org.eclipse.jetty.server.NetworkTrafficServerConnector - Stopped NetworkTrafficServerConnector@2d82408{HTTP/1.1}{0.0.0.0:0}
[main] INFO org.eclipse.jetty.server.handler.ContextHandler - Stopped o.e.j.s.ServletContextHandler@3ce53f6a{/,null,UNAVAILABLE}
[main] INFO org.eclipse.jetty.server.handler.ContextHandler - Stopped o.e.j.s.ServletContextHandler@7a389761{/__admin,null,UNAVAILABLE}
[main] WARN org.eclipse.jetty.util.thread.QueuedThreadPool - qtp462911221{STOPPING,8<=8<=14,i=5,q=5} Couldn't stop Thread[qtp462911221-576,5,]
[main] WARN org.eclipse.jetty.util.thread.QueuedThreadPool - qtp462911221{STOPPING,8<=8<=14,i=0,q=5} Couldn't stop Thread[qtp462911221-583,5,]
[main] INFO org.eclipse.jetty.server.Server - jetty-9.2.28.v20190418
[main] INFO org.eclipse.jetty.server.handler.ContextHandler - Started o.e.j.s.ServletContextHandler@bbf9e07{/__admin,null,AVAILABLE}
[main] INFO org.eclipse.jetty.server.handler.ContextHandler - Started o.e.j.s.ServletContextHandler@4eb1c69{/,null,AVAILABLE}
[main] INFO org.eclipse.jetty.server.NetworkTrafficServerConnector - Started NetworkTrafficServerConnector@73d3e555{HTTP/1.1}{0.0.0.0:45627}
[main] INFO org.eclipse.jetty.server.Server - Started @3366ms
[qtp795275472-594] INFO /__admin - RequestHandlerClass from context returned com.github.tomakehurst.wiremock.http.AdminRequestHandler. Normalized mapped under returned 'null'
[qtp795275472-595] INFO / - RequestHandlerClass from context returned com.github.tomakehurst.wiremock.http.StubRequestHandler. Normalized mapped under returned 'null'
[main] INFO org.eclipse.jetty.server.NetworkTrafficServerConnector - Stopped NetworkTrafficServerConnector@73d3e555{HTTP/1.1}{0.0.0.0:0}
[main] INFO org.eclipse.jetty.server.handler.ContextHandler - Stopped o.e.j.s.ServletContextHandler@4eb1c69{/,null,UNAVAILABLE}
[main] INFO org.eclipse.jetty.server.handler.ContextHandler - Stopped o.e.j.s.ServletContextHandler@bbf9e07{/__admin,null,UNAVAILABLE}
[main] WARN org.eclipse.jetty.util.thread.QueuedThreadPool - qtp795275472{STOPPING,8<=8<=14,i=4,q=5} Couldn't stop Thread[qtp795275472-600,5,main]
[main] WARN org.eclipse.jetty.util.thread.QueuedThreadPool - qtp795275472{STOPPING,8<=8<=14,i=4,q=4} Couldn't stop Thread[qtp795275472-596,5,main]
[main] WARN org.eclipse.jetty.util.thread.QueuedThreadPool - qtp795275472{STOPPING,8<=8<=14,i=2,q=4} Couldn't stop Thread[qtp795275472-589,5,]
[main] WARN org.eclipse.jetty.util.thread.QueuedThreadPool - qtp795275472{STOPPING,8<=8<=14,i=0,q=4} Couldn't stop Thread[qtp795275472-590,5,]
Tests run: 25, Failures: 0, Errors: 0, Skipped: 0, Time elapsed: 0.993 sec

Results :

Tests run: 74, Failures: 0, Errors: 0, Skipped: 0

[INFO] 
[INFO] --- maven-jar-plugin:3.2.0:jar (default-jar) @ geoip2 ---
[INFO] Building jar: /tmp/tmptbfwflb_/GeoIP2-java/target/geoip2-2.14.0.jar
[INFO] 
[INFO] --- maven-javadoc-plugin:3.2.0:jar (javadoc-jar) @ geoip2 ---
[INFO] Skipping javadoc generation
[INFO] 
[INFO] --- maven-assembly-plugin:3.2.0:single (default) @ geoip2 ---
[INFO] Reading assembly descriptor: src/assembly/bin.xml
[WARNING] The assembly descriptor contains a *nix-specific root-relative reference (starting with slash). This is not portable and might fail on Windows: /
[INFO] Building zip: /tmp/tmptbfwflb_/GeoIP2-java/target/geoip2-2.14.0-with-dependencies.zip
[INFO] Building jar: /tmp/tmptbfwflb_/GeoIP2-java/target/geoip2-2.14.0-jar-with-dependencies.jar
[INFO] 
[INFO] >>> maven-source-plugin:3.2.1:jar (attach-sources) > generate-sources @ geoip2 >>>
[INFO] 
[INFO] --- maven-enforcer-plugin:1.0:enforce (enforce-maven) @ geoip2 ---
[INFO] 
[INFO] --- exec-maven-plugin:3.0.0:exec (invoke build) @ geoip2 ---
[INFO] 
[INFO] <<< maven-source-plugin:3.2.1:jar (attach-sources) < generate-sources @ geoip2 <<<
[INFO] 
[INFO] 
[INFO] --- maven-source-plugin:3.2.1:jar (attach-sources) @ geoip2 ---
[INFO] Building jar: /tmp/tmptbfwflb_/GeoIP2-java/target/geoip2-2.14.0-sources.jar
[INFO] ------------------------------------------------------------------------
[INFO] BUILD SUCCESS
[INFO] ------------------------------------------------------------------------
[INFO] Total time:  25.024 s
[INFO] Finished at: 2020-07-30T18:28:05Z
[INFO] ------------------------------------------------------------------------
