[INFO] Error stacktraces are turned on.
[INFO] Scanning for projects...
[WARNING] 
[WARNING] Some problems were encountered while building the effective model for org.apache.commons:commons-exec:jar:1.1
[WARNING] 'build.plugins.plugin.version' for org.apache.maven.plugins:maven-idea-plugin is missing. @ org.apache.commons:commons-parent:17, /home/jdbl/.m2/repository/org/apache/commons/commons-parent/17/commons-parent-17.pom, line 317, column 15
[WARNING] 
[WARNING] It is highly recommended to fix these problems because they threaten the stability of your build.
[WARNING] 
[WARNING] For this reason, future Maven versions might no longer support building such malformed projects.
[WARNING] 
[INFO] 
[INFO] ------------------< org.apache.commons:commons-exec >-------------------
[INFO] Building Commons Exec 1.1
[INFO] --------------------------------[ jar ]---------------------------------
[INFO] 
[INFO] --- maven-antrun-plugin:1.3:run (javadoc.resources) @ commons-exec ---
[INFO] Executing tasks
     [copy] Copying 2 files to /tmp/tmpdfxauewt/commons-exec/target/apidocs/META-INF
[INFO] Executed tasks
[INFO] 
[INFO] --- maven-remote-resources-plugin:1.0:process (default) @ commons-exec ---
[INFO] Setting property: classpath.resource.loader.class => 'org.codehaus.plexus.velocity.ContextClassLoaderResourceLoader'.
[INFO] Setting property: velocimacro.messages.on => 'false'.
[INFO] Setting property: resource.loader => 'classpath'.
[INFO] Setting property: resource.manager.logwhenfound => 'false'.
[INFO] 
[INFO] --- maven-resources-plugin:2.4.1:resources (default-resources) @ commons-exec ---
[INFO] Using 'UTF-8' encoding to copy filtered resources.
[INFO] Copying 2 resources to META-INF
[INFO] 
[INFO] --- maven-compiler-plugin:2.1:compile (default-compile) @ commons-exec ---
[INFO] Compiling 31 source files to /tmp/tmpdfxauewt/commons-exec/target/classes
[INFO] 
[INFO] --- maven-bundle-plugin:1.4.3:manifest (bundle-manifest) @ commons-exec ---
[INFO] 
[INFO] --- maven-resources-plugin:2.4.1:testResources (default-testResources) @ commons-exec ---
[INFO] Using 'UTF-8' encoding to copy filtered resources.
[INFO] skip non existing resourceDirectory /tmp/tmpdfxauewt/commons-exec/src/test/resources
[INFO] 
[INFO] --- maven-compiler-plugin:2.1:testCompile (default-testCompile) @ commons-exec ---
[INFO] Compiling 10 source files to /tmp/tmpdfxauewt/commons-exec/target/test-classes
[INFO] 
[INFO] --- maven-surefire-plugin:2.5:test (default-test) @ commons-exec ---
[INFO] Surefire report directory: /tmp/tmpdfxauewt/commons-exec/target/surefire-reports

-------------------------------------------------------
 T E S T S
-------------------------------------------------------
Running org.apache.commons.exec.TutorialTest
[main] Preparing print job ...
[print] Executing blocking print job  ...
[acrord32] Printing the following document : "/Documents and Settings/foo.pdf"
[acrord32] Finished printing
[main] Successfully sent the print job ...
[main] Test is exiting but waiting for the print job to finish...
[main] The print job has finished ...
Tests run: 1, Failures: 0, Errors: 0, Skipped: 0, Time elapsed: 1.131 sec
Running org.apache.commons.exec.environment.EnvironmentUtilTest
PATH=/usr/local/openjdk-8/bin:/usr/local/sbin:/usr/local/bin:/usr/sbin:/usr/bin:/sbin:/bin
JAVA_HOME=/usr/local/openjdk-8
MAVEN_CONFIG=/root/.m2
MAVEN_PROJECTBASEDIR=/tmp/tmpdfxauewt/commons-exec
OLDPWD=/tmp/tmpdfxauewt/commons-exec
LANG=C.UTF-8
MAVEN_HOME=/usr/share/maven
HOSTNAME=15f8ad08e995
M2_HOME=/usr/share/maven
PWD=/tmp/tmpdfxauewt/commons-exec
JAVA_VERSION=8u262
GITHUB_OAUTH=None
MAVEN_CMD_LINE_ARGS=/root/.m2 package -e --fail-never -ntp -Dmaven.test.error.ignore=true -Dmaven.test.failure.ignore=true -B -Dmaven.javadoc.skip=true -Drat.skip=true -Danimal.sniffer.skip=true -Dmaven.javadoc.skip=true -Dlicense.skip=true -Dsource.skip=true
HOME=/home/jdbl
Tests run: 4, Failures: 0, Errors: 0, Skipped: 0, Time elapsed: 0.005 sec
Running org.apache.commons.exec.util.MapUtilTest
Tests run: 3, Failures: 0, Errors: 0, Skipped: 0, Time elapsed: 0.008 sec
Running org.apache.commons.exec.DefaultExecutorTest
>>> Executing testExecute ...
>>> Executing testExecuteWithWorkingDirectory ...
>>> Executing testExecuteWithInvalidWorkingDirectory ...
>>> Executing testExecuteAsync ...
>>> Executing testExecuteWithCustomExitValue1 ...
>>> Executing testExecuteWithCustomExitValue2 ...
>>> Executing testExecuteWithProcessDestroyer ...
>>> Executing testExecuteAsyncWithProcessDestroyer ...
>>> Executing testExecuteWithFancyArg ...
>>> Executing testExecuteWithRedirectedStreams ...
stdout: Apache Commons Exec
stdout: Copyright 2005-2010 The Apache Software Foundation
stdout: 
stdout: This product includes software developed by
stdout: The Apache Software Foundation (http://www.apache.org/).
stderr: Finished reading from stdin
>>> Executing testExecuteWithStdOutErr ...
FOO..
>>> Executing testExecuteWithNullOutErr ...
>>> Executing testExecuteWithRedirectOutErr ...
>>> Executing testExecuteWithComplexArguments ...
gdal_translate
HDF5:"/home/kk/grass/data/4404.he5"://HDFEOS/GRIDS/OMI_Column_Amount_O3/Data_Fields/ColumnAmountO3/home/kk/4.tif
>>> Executing testStdInHandling ...
>>> Executing testEnvironmentVariables ...
GITHUB_OAUTH=None
HOSTNAME=15f8ad08e995
OLDPWD=/tmp/tmpdfxauewt/commons-exec
HOME=/home/jdbl
MAVEN_HOME=/usr/share/maven
MAVEN_CMD_LINE_ARGS=/root/.m2 package -e --fail-never -ntp -Dmaven.test.error.ignore=true -Dmaven.test.failure.ignore=true -B -Dmaven.javadoc.skip=true -Drat.skip=true -Danimal.sniffer.skip=true -Dmaven.javadoc.skip=true -Dlicense.skip=true -Dsource.skip=true
MAVEN_PROJECTBASEDIR=/tmp/tmpdfxauewt/commons-exec
JAVA_VERSION=8u262
PATH=/usr/local/openjdk-8/bin:/usr/local/sbin:/usr/local/bin:/usr/sbin:/usr/bin:/sbin:/bin
LANG=C.UTF-8
JAVA_HOME=/usr/local/openjdk-8
PWD=/tmp/tmpdfxauewt/commons-exec
MAVEN_CONFIG=/root/.m2
M2_HOME=/usr/share/maven
>>> Executing testAddEnvironmentVariables ...
>>> Executing testAddEnvironmentVariableEmbeddedQuote ...
>>> Executing testExec33 ...
FOO..
>>> Executing testExec34 ...
>>> Executing testExec36_1 ...
=== Expected ===
./script/jrake
cruise:publish_installers
INSTALLER_VERSION=unstable_2_1
INSTALLER_PATH="/var/lib/ cruise-agent/installers"
INSTALLER_DOWNLOAD_SERVER='something'
WITHOUT_HELP_DOC=true
=== Result ===
./script/jrake
cruise:publish_installers
INSTALLER_VERSION=unstable_2_1
INSTALLER_PATH="/var/lib/ cruise-agent/installers"
INSTALLER_DOWNLOAD_SERVER='something'
WITHOUT_HELP_DOC=true
>>> Executing testExec36_2 ...
=== Expected ===
dotnetfx.exe
/q:a
/c:"install.exe /l ""/Documents and Settings/myusername/Local Settings/Temp/netfx.log"" /q"
=== Result ===
dotnetfx.exe
/q:a
/c:"install.exe /l ""/Documents and Settings/myusername/Local Settings/Temp/netfx.log"" /q"
>>> Executing testExec41WithStreams ...
PING 127.0.0.1 (127.0.0.1) 56(84) bytes of data.
64 bytes from 127.0.0.1: icmp_seq=1 ttl=64 time=0.023 ms
64 bytes from 127.0.0.1: icmp_seq=2 ttl=64 time=0.028 ms
Process completed in 2008 millis; below is its output
Process timed out and was killed by watchdog.
>>> Executing testExec41WithoutStreams ...
org.apache.commons.exec.ExecuteException: Process exited with an error: 143 (Exit value: 143)
Process completed in 2004 millis; below is its output
Process timed out and was killed.
>>> Executing testExec44 ...
>>> Executing testExecuteWithError ...
>>> Executing testExecuteWithArg ...
>>> Executing testExecuteWithSingleEnvironmentVariable ...
>>> Executing testExecuteAsyncWithError ...
>>> Executing testExecuteAsyncWithTimelyUserTermination ...
>>> Executing testExecuteAsyncWithTooLateUserTermination ...
>>> Executing testExecuteWatchdogSync ...
>>> Executing testExecuteWatchdogAsync ...
>>> Executing testExecuteNonExistingApplication ...
>>> Executing testExecuteAsyncWithNonExistingApplication ...
Tests run: 35, Failures: 0, Errors: 0, Skipped: 0, Time elapsed: 53.619 sec
Running org.apache.commons.exec.LogOutputStreamTest
>>> Executing testStdout ...
GITHUB_OAUTH=None
HOSTNAME=15f8ad08e995
OLDPWD=/tmp/tmpdfxauewt/commons-exec
HOME=/home/jdbl
MAVEN_HOME=/usr/share/maven
MAVEN_CMD_LINE_ARGS=/root/.m2 package -e --fail-never -ntp -Dmaven.test.error.ignore=true -Dmaven.test.failure.ignore=true -B -Dmaven.javadoc.skip=true -Drat.skip=true -Danimal.sniffer.skip=true -Dmaven.javadoc.skip=true -Dlicense.skip=true -Dsource.skip=true
MAVEN_PROJECTBASEDIR=/tmp/tmpdfxauewt/commons-exec
JAVA_VERSION=8u262
PATH=/usr/local/openjdk-8/bin:/usr/local/sbin:/usr/local/bin:/usr/sbin:/usr/bin:/sbin:/bin
LANG=C.UTF-8
JAVA_HOME=/usr/local/openjdk-8
PWD=/tmp/tmpdfxauewt/commons-exec
MAVEN_CONFIG=/root/.m2
M2_HOME=/usr/share/maven
Tests run: 1, Failures: 0, Errors: 0, Skipped: 0, Time elapsed: 0.007 sec
Running org.apache.commons.exec.CommandLineTest
Tests run: 33, Failures: 0, Errors: 0, Skipped: 0, Time elapsed: 0.008 sec
Running org.apache.commons.exec.TestUtilTest
Tests run: 7, Failures: 0, Errors: 0, Skipped: 0, Time elapsed: 0.002 sec
Running org.apache.commons.exec.util.StringUtilTest
Tests run: 4, Failures: 0, Errors: 0, Skipped: 0, Time elapsed: 0.002 sec

Results :

Tests run: 88, Failures: 0, Errors: 0, Skipped: 0

[INFO] 
[INFO] --- maven-jar-plugin:2.3:jar (default-jar) @ commons-exec ---
[INFO] Building jar: /tmp/tmpdfxauewt/commons-exec/target/commons-exec-1.1.jar
[INFO] 
[INFO] --- maven-assembly-plugin:3.2.0:single (default) @ commons-exec ---
[INFO] Building jar: /tmp/tmpdfxauewt/commons-exec/target/commons-exec-1.1-jar-with-dependencies.jar
[INFO] ------------------------------------------------------------------------
[INFO] BUILD SUCCESS
[INFO] ------------------------------------------------------------------------
[INFO] Total time:  01:04 min
[INFO] Finished at: 2020-07-30T15:57:34Z
[INFO] ------------------------------------------------------------------------
