[INFO] Error stacktraces are turned on.
[INFO] Scanning for projects...
[INFO] 
[INFO] --------------< no.jansoren:restapi-codegen-maven-plugin >--------------
[INFO] Building REST API Code Generator Maven Plugin 1.0.3-SNAPSHOT
[INFO] ----------------------------[ maven-plugin ]----------------------------
[INFO] 
[INFO] --- versions-maven-plugin:2.4:display-dependency-updates (default) @ restapi-codegen-maven-plugin ---
[INFO] artifact org.apache.maven:maven-artifact: checking for updates from central
[INFO] artifact junit:junit: checking for updates from central
[INFO] artifact org.apache.maven:maven-plugin-api: checking for updates from central
[INFO] artifact javax.ws.rs:javax.ws.rs-api: checking for updates from central
[INFO] artifact com.squareup:javapoet: checking for updates from central
[INFO] artifact org.apache.maven:maven-project: checking for updates from central
[INFO] artifact org.apache.maven.plugin-tools:maven-plugin-annotations: checking for updates from central
[INFO] artifact org.codehaus.plexus:plexus-utils: checking for updates from central
[INFO] artifact org.glassfish.jersey.core:jersey-client: checking for updates from central
[INFO] artifact org.reflections:reflections: checking for updates from central
[INFO] The following dependencies in Dependencies have newer versions:
[INFO]   com.squareup:javapoet ................................ 1.9.0 -> 1.13.0
[INFO]   javax.ws.rs:javax.ws.rs-api ......................... 2.1-m09 -> 2.1.1
[INFO]   junit:junit ............................................. 4.12 -> 4.13
[INFO]   org.apache.maven:maven-artifact ....................... 3.5.0 -> 3.6.3
[INFO]   org.apache.maven:maven-plugin-api ..................... 3.5.0 -> 3.6.3
[INFO]   org.apache.maven.plugin-tools:maven-plugin-annotations ...
[INFO]                                                             3.5 -> 3.6.0
[INFO]   org.codehaus.plexus:plexus-utils ..................... 3.0.24 -> 3.3.0
[INFO]   org.glassfish.jersey.core:jersey-client ......... 2.26-b07 -> 3.0.0-M6
[INFO]   org.reflections:reflections ......................... 0.9.11 -> 0.9.12
[INFO] 
[INFO] 
[INFO] --- versions-maven-plugin:2.4:display-plugin-updates (default) @ restapi-codegen-maven-plugin ---
[INFO] artifact org.apache.maven.plugins:maven-clean-plugin: checking for updates from central
[INFO] artifact org.apache.maven.plugins:maven-compiler-plugin: checking for updates from central
[INFO] artifact org.apache.maven.plugins:maven-deploy-plugin: checking for updates from central
[INFO] artifact org.apache.maven.plugins:maven-install-plugin: checking for updates from central
[INFO] artifact org.apache.maven.plugins:maven-jar-plugin: checking for updates from central
[INFO] artifact org.apache.maven.plugins:maven-plugin-plugin: checking for updates from central
[INFO] artifact org.apache.maven.plugins:maven-resources-plugin: checking for updates from central
[INFO] artifact org.apache.maven.plugins:maven-site-plugin: checking for updates from central
[INFO] artifact org.apache.maven.plugins:maven-surefire-plugin: checking for updates from central
[INFO] artifact org.codehaus.mojo:versions-maven-plugin: checking for updates from central
[INFO] artifact org.jacoco:jacoco-maven-plugin: checking for updates from central
[INFO] 
[INFO] The following plugin updates are available:
[INFO]   maven-clean-plugin ................................... 3.0.0 -> 3.1.0
[INFO]   maven-compiler-plugin ................................ 3.6.1 -> 3.8.1
[INFO]   maven-deploy-plugin ............................... 2.8.2 -> 3.0.0-M1
[INFO]   maven-install-plugin .............................. 2.5.2 -> 3.0.0-M1
[INFO]   maven-jar-plugin ..................................... 3.0.2 -> 3.2.0
[INFO]   maven-plugin-plugin .................................... 3.5 -> 3.6.0
[INFO]   maven-resources-plugin ............................... 3.0.2 -> 3.1.0
[INFO]   maven-site-plugin ...................................... 3.6 -> 3.9.1
[INFO]   maven-surefire-plugin .............................. 2.20 -> 3.0.0-M5
[INFO]   org.codehaus.mojo:versions-maven-plugin .................. 2.4 -> 2.7
[INFO] 
[INFO] All plugins have a version specified.
[INFO] 
[INFO] Project defines minimum Maven version as: 3.5
[INFO] Plugins require minimum Maven version of: 3.0
[INFO] 
[INFO] No plugins require a newer version of Maven than specified by the pom.
[INFO] 
[INFO] 
[INFO] --- versions-maven-plugin:2.4:display-property-updates (default) @ restapi-codegen-maven-plugin ---
[INFO] 
[INFO] The following version properties are referencing the newest available version:
[INFO]   ${maven-project.version} ................................ 3.0-alpha-2
[INFO] The following version property updates are available:
[INFO]   ${maven-install-plugin.version} ................... 2.5.2 -> 3.0.0-M1
[INFO]   ${maven-jar-plugin.plugin} ........................... 3.0.2 -> 3.2.0
[INFO]   ${maven-artifact.version} ............................ 3.5.0 -> 3.6.3
[INFO]   ${maven-plugin-plugin.version} ......................... 3.5 -> 3.6.0
[INFO]   ${versions-maven-plugin.version} ......................... 2.4 -> 2.7
[INFO]   ${javapoet.version} ................................. 1.9.0 -> 1.13.0
[INFO]   ${maven-compiler-plugin.version} ..................... 3.6.1 -> 3.8.1
[INFO]   ${maven-plugin-annotations.version} .................... 3.5 -> 3.6.0
[INFO]   ${reflections.version} ............................. 0.9.11 -> 0.9.12
[INFO]   ${jersey-client.version} ....................... 2.26-b07 -> 3.0.0-M6
[INFO]   ${maven-clean-plugin.version} ........................ 3.0.0 -> 3.1.0
[INFO]   ${maven-plugin-api.version} .......................... 3.5.0 -> 3.6.3
[INFO]   ${javax.ws.rs-api.version} ......................... 2.1-m09 -> 2.1.1
[INFO]   ${maven-surefire-plugin.version} ................... 2.20 -> 3.0.0-M5
[INFO]   ${junit.version} ....................................... 4.12 -> 4.13
[INFO]   ${plexus-utils.version} ............................. 3.0.24 -> 3.3.0
[INFO]   ${maven-resources-plugin.version} .................... 3.0.2 -> 3.1.0
[INFO]   ${maven-deploy-plugin.version} .................... 2.8.2 -> 3.0.0-M1
[INFO]   ${maven-site-plugin.version} ........................... 3.6 -> 3.9.1
[INFO] 
[INFO] 
[INFO] --- jacoco-maven-plugin:0.8.5:prepare-agent (default) @ restapi-codegen-maven-plugin ---
[INFO] argLine set to -javaagent:/home/jdbl/.m2/repository/org/jacoco/org.jacoco.agent/0.8.5/org.jacoco.agent-0.8.5-runtime.jar=destfile=/tmp/tmpquc9ls19/restapi-codegen-maven-plugin/target/jacoco.exec
[INFO] 
[INFO] --- maven-resources-plugin:3.0.2:resources (default-resources) @ restapi-codegen-maven-plugin ---
[INFO] Using 'UTF-8' encoding to copy filtered resources.
[INFO] skip non existing resourceDirectory /tmp/tmpquc9ls19/restapi-codegen-maven-plugin/src/main/resources
[INFO] 
[INFO] --- maven-compiler-plugin:3.6.1:compile (default-compile) @ restapi-codegen-maven-plugin ---
[INFO] Changes detected - recompiling the module!
[INFO] Compiling 10 source files to /tmp/tmpquc9ls19/restapi-codegen-maven-plugin/target/classes
[INFO] /tmp/tmpquc9ls19/restapi-codegen-maven-plugin/src/main/java/no/jansoren/codegen/scanning/ResourcesScanner.java: /tmp/tmpquc9ls19/restapi-codegen-maven-plugin/src/main/java/no/jansoren/codegen/scanning/ResourcesScanner.java uses unchecked or unsafe operations.
[INFO] /tmp/tmpquc9ls19/restapi-codegen-maven-plugin/src/main/java/no/jansoren/codegen/scanning/ResourcesScanner.java: Recompile with -Xlint:unchecked for details.
[INFO] 
[INFO] --- maven-plugin-plugin:3.5:descriptor (default-descriptor) @ restapi-codegen-maven-plugin ---
[INFO] Using 'UTF-8' encoding to read mojo source files.
[INFO] java-javadoc mojo extractor found 0 mojo descriptor.
[INFO] java-annotations mojo extractor found 1 mojo descriptor.
[INFO] 
[INFO] --- maven-resources-plugin:3.0.2:testResources (default-testResources) @ restapi-codegen-maven-plugin ---
[INFO] Using 'UTF-8' encoding to copy filtered resources.
[INFO] skip non existing resourceDirectory /tmp/tmpquc9ls19/restapi-codegen-maven-plugin/src/test/resources
[INFO] 
[INFO] --- maven-compiler-plugin:3.6.1:testCompile (default-testCompile) @ restapi-codegen-maven-plugin ---
[INFO] Changes detected - recompiling the module!
[INFO] Compiling 8 source files to /tmp/tmpquc9ls19/restapi-codegen-maven-plugin/target/test-classes
[INFO] 
[INFO] --- maven-surefire-plugin:2.19.1:test (default-test) @ restapi-codegen-maven-plugin ---
[INFO] Surefire report directory: /tmp/tmpquc9ls19/restapi-codegen-maven-plugin/target/surefire-reports

-------------------------------------------------------
 T E S T S
-------------------------------------------------------
Running no.jansoren.codegen.scanning.ResourcesScannerTest
[main] INFO org.reflections.Reflections - Reflections took 504 ms to scan 1 urls, producing 750 keys and 3459 values 
[main] WARN org.reflections.Reflections - could not get type for name org.jaxen.NamespaceContext from any class loader
org.reflections.ReflectionsException: could not get type for name org.jaxen.NamespaceContext
	at org.reflections.ReflectionUtils.forName(ReflectionUtils.java:390)
	at org.reflections.Reflections.expandSuperTypes(Reflections.java:381)
	at org.reflections.Reflections.<init>(Reflections.java:126)
	at no.jansoren.codegen.scanning.ResourcesScanner.scan(ResourcesScanner.java:38)
	at no.jansoren.codegen.scanning.ResourcesScannerTest.testScan(ResourcesScannerTest.java:15)
	at sun.reflect.NativeMethodAccessorImpl.invoke0(Native Method)
	at sun.reflect.NativeMethodAccessorImpl.invoke(NativeMethodAccessorImpl.java:62)
	at sun.reflect.DelegatingMethodAccessorImpl.invoke(DelegatingMethodAccessorImpl.java:43)
	at java.lang.reflect.Method.invoke(Method.java:498)
	at org.junit.runners.model.FrameworkMethod$1.runReflectiveCall(FrameworkMethod.java:50)
	at org.junit.internal.runners.model.ReflectiveCallable.run(ReflectiveCallable.java:12)
	at org.junit.runners.model.FrameworkMethod.invokeExplosively(FrameworkMethod.java:47)
	at org.junit.internal.runners.statements.InvokeMethod.evaluate(InvokeMethod.java:17)
	at org.junit.runners.ParentRunner.runLeaf(ParentRunner.java:325)
	at org.junit.runners.BlockJUnit4ClassRunner.runChild(BlockJUnit4ClassRunner.java:78)
	at org.junit.runners.BlockJUnit4ClassRunner.runChild(BlockJUnit4ClassRunner.java:57)
	at org.junit.runners.ParentRunner$3.run(ParentRunner.java:290)
	at org.junit.runners.ParentRunner$1.schedule(ParentRunner.java:71)
	at org.junit.runners.ParentRunner.runChildren(ParentRunner.java:288)
	at org.junit.runners.ParentRunner.access$000(ParentRunner.java:58)
	at org.junit.runners.ParentRunner$2.evaluate(ParentRunner.java:268)
	at org.junit.runners.ParentRunner.run(ParentRunner.java:363)
	at org.apache.maven.surefire.junit4.JUnit4Provider.execute(JUnit4Provider.java:367)
	at org.apache.maven.surefire.junit4.JUnit4Provider.executeWithRerun(JUnit4Provider.java:274)
	at org.apache.maven.surefire.junit4.JUnit4Provider.executeTestSet(JUnit4Provider.java:238)
	at org.apache.maven.surefire.junit4.JUnit4Provider.invoke(JUnit4Provider.java:161)
	at org.apache.maven.surefire.booter.ForkedBooter.invokeProviderInSameClassLoader(ForkedBooter.java:290)
	at org.apache.maven.surefire.booter.ForkedBooter.runSuitesInProcess(ForkedBooter.java:242)
	at org.apache.maven.surefire.booter.ForkedBooter.main(ForkedBooter.java:121)
Caused by: java.lang.ClassNotFoundException: org.jaxen.NamespaceContext
	at java.net.URLClassLoader.findClass(URLClassLoader.java:382)
	at java.lang.ClassLoader.loadClass(ClassLoader.java:418)
	at sun.misc.Launcher$AppClassLoader.loadClass(Launcher.java:352)
	at java.lang.ClassLoader.loadClass(ClassLoader.java:351)
	at org.reflections.ReflectionUtils.forName(ReflectionUtils.java:388)
	... 28 more
[main] WARN org.reflections.Reflections - could not get type for name org.jaxen.VariableContext from any class loader
org.reflections.ReflectionsException: could not get type for name org.jaxen.VariableContext
	at org.reflections.ReflectionUtils.forName(ReflectionUtils.java:390)
	at org.reflections.Reflections.expandSuperTypes(Reflections.java:381)
	at org.reflections.Reflections.<init>(Reflections.java:126)
	at no.jansoren.codegen.scanning.ResourcesScanner.scan(ResourcesScanner.java:38)
	at no.jansoren.codegen.scanning.ResourcesScannerTest.testScan(ResourcesScannerTest.java:15)
	at sun.reflect.NativeMethodAccessorImpl.invoke0(Native Method)
	at sun.reflect.NativeMethodAccessorImpl.invoke(NativeMethodAccessorImpl.java:62)
	at sun.reflect.DelegatingMethodAccessorImpl.invoke(DelegatingMethodAccessorImpl.java:43)
	at java.lang.reflect.Method.invoke(Method.java:498)
	at org.junit.runners.model.FrameworkMethod$1.runReflectiveCall(FrameworkMethod.java:50)
	at org.junit.internal.runners.model.ReflectiveCallable.run(ReflectiveCallable.java:12)
	at org.junit.runners.model.FrameworkMethod.invokeExplosively(FrameworkMethod.java:47)
	at org.junit.internal.runners.statements.InvokeMethod.evaluate(InvokeMethod.java:17)
	at org.junit.runners.ParentRunner.runLeaf(ParentRunner.java:325)
	at org.junit.runners.BlockJUnit4ClassRunner.runChild(BlockJUnit4ClassRunner.java:78)
	at org.junit.runners.BlockJUnit4ClassRunner.runChild(BlockJUnit4ClassRunner.java:57)
	at org.junit.runners.ParentRunner$3.run(ParentRunner.java:290)
	at org.junit.runners.ParentRunner$1.schedule(ParentRunner.java:71)
	at org.junit.runners.ParentRunner.runChildren(ParentRunner.java:288)
	at org.junit.runners.ParentRunner.access$000(ParentRunner.java:58)
	at org.junit.runners.ParentRunner$2.evaluate(ParentRunner.java:268)
	at org.junit.runners.ParentRunner.run(ParentRunner.java:363)
	at org.apache.maven.surefire.junit4.JUnit4Provider.execute(JUnit4Provider.java:367)
	at org.apache.maven.surefire.junit4.JUnit4Provider.executeWithRerun(JUnit4Provider.java:274)
	at org.apache.maven.surefire.junit4.JUnit4Provider.executeTestSet(JUnit4Provider.java:238)
	at org.apache.maven.surefire.junit4.JUnit4Provider.invoke(JUnit4Provider.java:161)
	at org.apache.maven.surefire.booter.ForkedBooter.invokeProviderInSameClassLoader(ForkedBooter.java:290)
	at org.apache.maven.surefire.booter.ForkedBooter.runSuitesInProcess(ForkedBooter.java:242)
	at org.apache.maven.surefire.booter.ForkedBooter.main(ForkedBooter.java:121)
Caused by: java.lang.ClassNotFoundException: org.jaxen.VariableContext
	at java.net.URLClassLoader.findClass(URLClassLoader.java:382)
	at java.lang.ClassLoader.loadClass(ClassLoader.java:418)
	at sun.misc.Launcher$AppClassLoader.loadClass(Launcher.java:352)
	at java.lang.ClassLoader.loadClass(ClassLoader.java:351)
	at org.reflections.ReflectionUtils.forName(ReflectionUtils.java:388)
	... 28 more
[main] WARN org.reflections.Reflections - could not get type for name org.relaxng.datatype.ValidationContext from any class loader
org.reflections.ReflectionsException: could not get type for name org.relaxng.datatype.ValidationContext
	at org.reflections.ReflectionUtils.forName(ReflectionUtils.java:390)
	at org.reflections.Reflections.expandSuperTypes(Reflections.java:381)
	at org.reflections.Reflections.<init>(Reflections.java:126)
	at no.jansoren.codegen.scanning.ResourcesScanner.scan(ResourcesScanner.java:38)
	at no.jansoren.codegen.scanning.ResourcesScannerTest.testScan(ResourcesScannerTest.java:15)
	at sun.reflect.NativeMethodAccessorImpl.invoke0(Native Method)
	at sun.reflect.NativeMethodAccessorImpl.invoke(NativeMethodAccessorImpl.java:62)
	at sun.reflect.DelegatingMethodAccessorImpl.invoke(DelegatingMethodAccessorImpl.java:43)
	at java.lang.reflect.Method.invoke(Method.java:498)
	at org.junit.runners.model.FrameworkMethod$1.runReflectiveCall(FrameworkMethod.java:50)
	at org.junit.internal.runners.model.ReflectiveCallable.run(ReflectiveCallable.java:12)
	at org.junit.runners.model.FrameworkMethod.invokeExplosively(FrameworkMethod.java:47)
	at org.junit.internal.runners.statements.InvokeMethod.evaluate(InvokeMethod.java:17)
	at org.junit.runners.ParentRunner.runLeaf(ParentRunner.java:325)
	at org.junit.runners.BlockJUnit4ClassRunner.runChild(BlockJUnit4ClassRunner.java:78)
	at org.junit.runners.BlockJUnit4ClassRunner.runChild(BlockJUnit4ClassRunner.java:57)
	at org.junit.runners.ParentRunner$3.run(ParentRunner.java:290)
	at org.junit.runners.ParentRunner$1.schedule(ParentRunner.java:71)
	at org.junit.runners.ParentRunner.runChildren(ParentRunner.java:288)
	at org.junit.runners.ParentRunner.access$000(ParentRunner.java:58)
	at org.junit.runners.ParentRunner$2.evaluate(ParentRunner.java:268)
	at org.junit.runners.ParentRunner.run(ParentRunner.java:363)
	at org.apache.maven.surefire.junit4.JUnit4Provider.execute(JUnit4Provider.java:367)
	at org.apache.maven.surefire.junit4.JUnit4Provider.executeWithRerun(JUnit4Provider.java:274)
	at org.apache.maven.surefire.junit4.JUnit4Provider.executeTestSet(JUnit4Provider.java:238)
	at org.apache.maven.surefire.junit4.JUnit4Provider.invoke(JUnit4Provider.java:161)
	at org.apache.maven.surefire.booter.ForkedBooter.invokeProviderInSameClassLoader(ForkedBooter.java:290)
	at org.apache.maven.surefire.booter.ForkedBooter.runSuitesInProcess(ForkedBooter.java:242)
	at org.apache.maven.surefire.booter.ForkedBooter.main(ForkedBooter.java:121)
Caused by: java.lang.ClassNotFoundException: org.relaxng.datatype.ValidationContext
	at java.net.URLClassLoader.findClass(URLClassLoader.java:382)
	at java.lang.ClassLoader.loadClass(ClassLoader.java:418)
	at sun.misc.Launcher$AppClassLoader.loadClass(Launcher.java:352)
	at java.lang.ClassLoader.loadClass(ClassLoader.java:351)
	at org.reflections.ReflectionUtils.forName(ReflectionUtils.java:388)
	... 28 more
[main] WARN org.reflections.Reflections - could not get type for name org.gjt.xpp.XmlStartTag from any class loader
org.reflections.ReflectionsException: could not get type for name org.gjt.xpp.XmlStartTag
	at org.reflections.ReflectionUtils.forName(ReflectionUtils.java:390)
	at org.reflections.Reflections.expandSuperTypes(Reflections.java:381)
	at org.reflections.Reflections.<init>(Reflections.java:126)
	at no.jansoren.codegen.scanning.ResourcesScanner.scan(ResourcesScanner.java:38)
	at no.jansoren.codegen.scanning.ResourcesScannerTest.testScan(ResourcesScannerTest.java:15)
	at sun.reflect.NativeMethodAccessorImpl.invoke0(Native Method)
	at sun.reflect.NativeMethodAccessorImpl.invoke(NativeMethodAccessorImpl.java:62)
	at sun.reflect.DelegatingMethodAccessorImpl.invoke(DelegatingMethodAccessorImpl.java:43)
	at java.lang.reflect.Method.invoke(Method.java:498)
	at org.junit.runners.model.FrameworkMethod$1.runReflectiveCall(FrameworkMethod.java:50)
	at org.junit.internal.runners.model.ReflectiveCallable.run(ReflectiveCallable.java:12)
	at org.junit.runners.model.FrameworkMethod.invokeExplosively(FrameworkMethod.java:47)
	at org.junit.internal.runners.statements.InvokeMethod.evaluate(InvokeMethod.java:17)
	at org.junit.runners.ParentRunner.runLeaf(ParentRunner.java:325)
	at org.junit.runners.BlockJUnit4ClassRunner.runChild(BlockJUnit4ClassRunner.java:78)
	at org.junit.runners.BlockJUnit4ClassRunner.runChild(BlockJUnit4ClassRunner.java:57)
	at org.junit.runners.ParentRunner$3.run(ParentRunner.java:290)
	at org.junit.runners.ParentRunner$1.schedule(ParentRunner.java:71)
	at org.junit.runners.ParentRunner.runChildren(ParentRunner.java:288)
	at org.junit.runners.ParentRunner.access$000(ParentRunner.java:58)
	at org.junit.runners.ParentRunner$2.evaluate(ParentRunner.java:268)
	at org.junit.runners.ParentRunner.run(ParentRunner.java:363)
	at org.apache.maven.surefire.junit4.JUnit4Provider.execute(JUnit4Provider.java:367)
	at org.apache.maven.surefire.junit4.JUnit4Provider.executeWithRerun(JUnit4Provider.java:274)
	at org.apache.maven.surefire.junit4.JUnit4Provider.executeTestSet(JUnit4Provider.java:238)
	at org.apache.maven.surefire.junit4.JUnit4Provider.invoke(JUnit4Provider.java:161)
	at org.apache.maven.surefire.booter.ForkedBooter.invokeProviderInSameClassLoader(ForkedBooter.java:290)
	at org.apache.maven.surefire.booter.ForkedBooter.runSuitesInProcess(ForkedBooter.java:242)
	at org.apache.maven.surefire.booter.ForkedBooter.main(ForkedBooter.java:121)
Caused by: java.lang.ClassNotFoundException: org.gjt.xpp.XmlStartTag
	at java.net.URLClassLoader.findClass(URLClassLoader.java:382)
	at java.lang.ClassLoader.loadClass(ClassLoader.java:418)
	at sun.misc.Launcher$AppClassLoader.loadClass(Launcher.java:352)
	at java.lang.ClassLoader.loadClass(ClassLoader.java:351)
	at org.reflections.ReflectionUtils.forName(ReflectionUtils.java:388)
	... 28 more
[main] WARN org.reflections.Reflections - could not get type for name com.sun.msv.datatype.SerializationContext from any class loader
org.reflections.ReflectionsException: could not get type for name com.sun.msv.datatype.SerializationContext
	at org.reflections.ReflectionUtils.forName(ReflectionUtils.java:390)
	at org.reflections.Reflections.expandSuperTypes(Reflections.java:381)
	at org.reflections.Reflections.<init>(Reflections.java:126)
	at no.jansoren.codegen.scanning.ResourcesScanner.scan(ResourcesScanner.java:38)
	at no.jansoren.codegen.scanning.ResourcesScannerTest.testScan(ResourcesScannerTest.java:15)
	at sun.reflect.NativeMethodAccessorImpl.invoke0(Native Method)
	at sun.reflect.NativeMethodAccessorImpl.invoke(NativeMethodAccessorImpl.java:62)
	at sun.reflect.DelegatingMethodAccessorImpl.invoke(DelegatingMethodAccessorImpl.java:43)
	at java.lang.reflect.Method.invoke(Method.java:498)
	at org.junit.runners.model.FrameworkMethod$1.runReflectiveCall(FrameworkMethod.java:50)
	at org.junit.internal.runners.model.ReflectiveCallable.run(ReflectiveCallable.java:12)
	at org.junit.runners.model.FrameworkMethod.invokeExplosively(FrameworkMethod.java:47)
	at org.junit.internal.runners.statements.InvokeMethod.evaluate(InvokeMethod.java:17)
	at org.junit.runners.ParentRunner.runLeaf(ParentRunner.java:325)
	at org.junit.runners.BlockJUnit4ClassRunner.runChild(BlockJUnit4ClassRunner.java:78)
	at org.junit.runners.BlockJUnit4ClassRunner.runChild(BlockJUnit4ClassRunner.java:57)
	at org.junit.runners.ParentRunner$3.run(ParentRunner.java:290)
	at org.junit.runners.ParentRunner$1.schedule(ParentRunner.java:71)
	at org.junit.runners.ParentRunner.runChildren(ParentRunner.java:288)
	at org.junit.runners.ParentRunner.access$000(ParentRunner.java:58)
	at org.junit.runners.ParentRunner$2.evaluate(ParentRunner.java:268)
	at org.junit.runners.ParentRunner.run(ParentRunner.java:363)
	at org.apache.maven.surefire.junit4.JUnit4Provider.execute(JUnit4Provider.java:367)
	at org.apache.maven.surefire.junit4.JUnit4Provider.executeWithRerun(JUnit4Provider.java:274)
	at org.apache.maven.surefire.junit4.JUnit4Provider.executeTestSet(JUnit4Provider.java:238)
	at org.apache.maven.surefire.junit4.JUnit4Provider.invoke(JUnit4Provider.java:161)
	at org.apache.maven.surefire.booter.ForkedBooter.invokeProviderInSameClassLoader(ForkedBooter.java:290)
	at org.apache.maven.surefire.booter.ForkedBooter.runSuitesInProcess(ForkedBooter.java:242)
	at org.apache.maven.surefire.booter.ForkedBooter.main(ForkedBooter.java:121)
Caused by: java.lang.ClassNotFoundException: com.sun.msv.datatype.SerializationContext
	at java.net.URLClassLoader.findClass(URLClassLoader.java:382)
	at java.lang.ClassLoader.loadClass(ClassLoader.java:418)
	at sun.misc.Launcher$AppClassLoader.loadClass(Launcher.java:352)
	at java.lang.ClassLoader.loadClass(ClassLoader.java:351)
	at org.reflections.ReflectionUtils.forName(ReflectionUtils.java:388)
	... 28 more
ScannedClass{name='TestResource', path='/something', scannedMethods=[ScannedMethod{name='getSomething', httpMethod='GET', path='/get', classToReturn=class no.jansoren.codegen.Something, method=public no.jansoren.codegen.Something no.jansoren.codegen.TestResource.getSomething()}, ScannedMethod{name='putSomething2', httpMethod='PUT', path='/put/{id}', classToReturn=class java.lang.String, method=public java.lang.String no.jansoren.codegen.TestResource.putSomething2(java.lang.String,no.jansoren.codegen.Something)}, ScannedMethod{name='addSomething', httpMethod='POST', path='/add', classToReturn=class no.jansoren.codegen.Something, method=public no.jansoren.codegen.Something no.jansoren.codegen.TestResource.addSomething(no.jansoren.codegen.Something)}, ScannedMethod{name='putSomething', httpMethod='PUT', path='/put', classToReturn=class no.jansoren.codegen.Something, method=public no.jansoren.codegen.Something no.jansoren.codegen.TestResource.putSomething(no.jansoren.codegen.Something)}, ScannedMethod{name='putSomething4', httpMethod='PUT', path='/put/{id}', classToReturn=class java.lang.String, method=public java.lang.String no.jansoren.codegen.TestResource.putSomething4(java.lang.String)}, ScannedMethod{name='deleteSomething', httpMethod='DELETE', path='/delete', classToReturn=void, method=public void no.jansoren.codegen.TestResource.deleteSomething(int)}, ScannedMethod{name='putSomething3', httpMethod='PUT', path='/put/{id}', classToReturn=class java.lang.String, method=public java.lang.String no.jansoren.codegen.TestResource.putSomething3(java.lang.String,int)}]}
Tests run: 1, Failures: 0, Errors: 0, Skipped: 0, Time elapsed: 0.853 sec - in no.jansoren.codegen.scanning.ResourcesScannerTest
Running no.jansoren.codegen.generating.JavaCodeGeneratorTest
Tests run: 1, Failures: 0, Errors: 0, Skipped: 0, Time elapsed: 0.069 sec - in no.jansoren.codegen.generating.JavaCodeGeneratorTest
Running no.jansoren.codegen.generating.ReactCodeGeneratorTest
Tests run: 1, Failures: 0, Errors: 0, Skipped: 0, Time elapsed: 0.004 sec - in no.jansoren.codegen.generating.ReactCodeGeneratorTest
Running no.jansoren.codegen.CodegenMojoTest
[info] Generating code - null
[main] INFO org.reflections.Reflections - Reflections took 240 ms to scan 1 urls, producing 750 keys and 3459 values 
[main] WARN org.reflections.Reflections - could not get type for name org.jaxen.NamespaceContext from any class loader
org.reflections.ReflectionsException: could not get type for name org.jaxen.NamespaceContext
	at org.reflections.ReflectionUtils.forName(ReflectionUtils.java:390)
	at org.reflections.Reflections.expandSuperTypes(Reflections.java:381)
	at org.reflections.Reflections.<init>(Reflections.java:126)
	at no.jansoren.codegen.scanning.ResourcesScanner.scan(ResourcesScanner.java:38)
	at no.jansoren.codegen.CodegenMojo.execute(CodegenMojo.java:41)
	at no.jansoren.codegen.CodegenMojoTest.testCodegenMojo(CodegenMojoTest.java:11)
	at sun.reflect.NativeMethodAccessorImpl.invoke0(Native Method)
	at sun.reflect.NativeMethodAccessorImpl.invoke(NativeMethodAccessorImpl.java:62)
	at sun.reflect.DelegatingMethodAccessorImpl.invoke(DelegatingMethodAccessorImpl.java:43)
	at java.lang.reflect.Method.invoke(Method.java:498)
	at org.junit.runners.model.FrameworkMethod$1.runReflectiveCall(FrameworkMethod.java:50)
	at org.junit.internal.runners.model.ReflectiveCallable.run(ReflectiveCallable.java:12)
	at org.junit.runners.model.FrameworkMethod.invokeExplosively(FrameworkMethod.java:47)
	at org.junit.internal.runners.statements.InvokeMethod.evaluate(InvokeMethod.java:17)
	at org.junit.runners.ParentRunner.runLeaf(ParentRunner.java:325)
	at org.junit.runners.BlockJUnit4ClassRunner.runChild(BlockJUnit4ClassRunner.java:78)
	at org.junit.runners.BlockJUnit4ClassRunner.runChild(BlockJUnit4ClassRunner.java:57)
	at org.junit.runners.ParentRunner$3.run(ParentRunner.java:290)
	at org.junit.runners.ParentRunner$1.schedule(ParentRunner.java:71)
	at org.junit.runners.ParentRunner.runChildren(ParentRunner.java:288)
	at org.junit.runners.ParentRunner.access$000(ParentRunner.java:58)
	at org.junit.runners.ParentRunner$2.evaluate(ParentRunner.java:268)
	at org.junit.runners.ParentRunner.run(ParentRunner.java:363)
	at org.apache.maven.surefire.junit4.JUnit4Provider.execute(JUnit4Provider.java:367)
	at org.apache.maven.surefire.junit4.JUnit4Provider.executeWithRerun(JUnit4Provider.java:274)
	at org.apache.maven.surefire.junit4.JUnit4Provider.executeTestSet(JUnit4Provider.java:238)
	at org.apache.maven.surefire.junit4.JUnit4Provider.invoke(JUnit4Provider.java:161)
	at org.apache.maven.surefire.booter.ForkedBooter.invokeProviderInSameClassLoader(ForkedBooter.java:290)
	at org.apache.maven.surefire.booter.ForkedBooter.runSuitesInProcess(ForkedBooter.java:242)
	at org.apache.maven.surefire.booter.ForkedBooter.main(ForkedBooter.java:121)
Caused by: java.lang.ClassNotFoundException: org.jaxen.NamespaceContext
	at java.net.URLClassLoader.findClass(URLClassLoader.java:382)
	at java.lang.ClassLoader.loadClass(ClassLoader.java:418)
	at sun.misc.Launcher$AppClassLoader.loadClass(Launcher.java:352)
	at java.lang.ClassLoader.loadClass(ClassLoader.java:351)
	at org.reflections.ReflectionUtils.forName(ReflectionUtils.java:388)
	... 29 more
[main] WARN org.reflections.Reflections - could not get type for name org.jaxen.VariableContext from any class loader
org.reflections.ReflectionsException: could not get type for name org.jaxen.VariableContext
	at org.reflections.ReflectionUtils.forName(ReflectionUtils.java:390)
	at org.reflections.Reflections.expandSuperTypes(Reflections.java:381)
	at org.reflections.Reflections.<init>(Reflections.java:126)
	at no.jansoren.codegen.scanning.ResourcesScanner.scan(ResourcesScanner.java:38)
	at no.jansoren.codegen.CodegenMojo.execute(CodegenMojo.java:41)
	at no.jansoren.codegen.CodegenMojoTest.testCodegenMojo(CodegenMojoTest.java:11)
	at sun.reflect.NativeMethodAccessorImpl.invoke0(Native Method)
	at sun.reflect.NativeMethodAccessorImpl.invoke(NativeMethodAccessorImpl.java:62)
	at sun.reflect.DelegatingMethodAccessorImpl.invoke(DelegatingMethodAccessorImpl.java:43)
	at java.lang.reflect.Method.invoke(Method.java:498)
	at org.junit.runners.model.FrameworkMethod$1.runReflectiveCall(FrameworkMethod.java:50)
	at org.junit.internal.runners.model.ReflectiveCallable.run(ReflectiveCallable.java:12)
	at org.junit.runners.model.FrameworkMethod.invokeExplosively(FrameworkMethod.java:47)
	at org.junit.internal.runners.statements.InvokeMethod.evaluate(InvokeMethod.java:17)
	at org.junit.runners.ParentRunner.runLeaf(ParentRunner.java:325)
	at org.junit.runners.BlockJUnit4ClassRunner.runChild(BlockJUnit4ClassRunner.java:78)
	at org.junit.runners.BlockJUnit4ClassRunner.runChild(BlockJUnit4ClassRunner.java:57)
	at org.junit.runners.ParentRunner$3.run(ParentRunner.java:290)
	at org.junit.runners.ParentRunner$1.schedule(ParentRunner.java:71)
	at org.junit.runners.ParentRunner.runChildren(ParentRunner.java:288)
	at org.junit.runners.ParentRunner.access$000(ParentRunner.java:58)
	at org.junit.runners.ParentRunner$2.evaluate(ParentRunner.java:268)
	at org.junit.runners.ParentRunner.run(ParentRunner.java:363)
	at org.apache.maven.surefire.junit4.JUnit4Provider.execute(JUnit4Provider.java:367)
	at org.apache.maven.surefire.junit4.JUnit4Provider.executeWithRerun(JUnit4Provider.java:274)
	at org.apache.maven.surefire.junit4.JUnit4Provider.executeTestSet(JUnit4Provider.java:238)
	at org.apache.maven.surefire.junit4.JUnit4Provider.invoke(JUnit4Provider.java:161)
	at org.apache.maven.surefire.booter.ForkedBooter.invokeProviderInSameClassLoader(ForkedBooter.java:290)
	at org.apache.maven.surefire.booter.ForkedBooter.runSuitesInProcess(ForkedBooter.java:242)
	at org.apache.maven.surefire.booter.ForkedBooter.main(ForkedBooter.java:121)
Caused by: java.lang.ClassNotFoundException: org.jaxen.VariableContext
	at java.net.URLClassLoader.findClass(URLClassLoader.java:382)
	at java.lang.ClassLoader.loadClass(ClassLoader.java:418)
	at sun.misc.Launcher$AppClassLoader.loadClass(Launcher.java:352)
	at java.lang.ClassLoader.loadClass(ClassLoader.java:351)
	at org.reflections.ReflectionUtils.forName(ReflectionUtils.java:388)
	... 29 more
[main] WARN org.reflections.Reflections - could not get type for name org.relaxng.datatype.ValidationContext from any class loader
org.reflections.ReflectionsException: could not get type for name org.relaxng.datatype.ValidationContext
	at org.reflections.ReflectionUtils.forName(ReflectionUtils.java:390)
	at org.reflections.Reflections.expandSuperTypes(Reflections.java:381)
	at org.reflections.Reflections.<init>(Reflections.java:126)
	at no.jansoren.codegen.scanning.ResourcesScanner.scan(ResourcesScanner.java:38)
	at no.jansoren.codegen.CodegenMojo.execute(CodegenMojo.java:41)
	at no.jansoren.codegen.CodegenMojoTest.testCodegenMojo(CodegenMojoTest.java:11)
	at sun.reflect.NativeMethodAccessorImpl.invoke0(Native Method)
	at sun.reflect.NativeMethodAccessorImpl.invoke(NativeMethodAccessorImpl.java:62)
	at sun.reflect.DelegatingMethodAccessorImpl.invoke(DelegatingMethodAccessorImpl.java:43)
	at java.lang.reflect.Method.invoke(Method.java:498)
	at org.junit.runners.model.FrameworkMethod$1.runReflectiveCall(FrameworkMethod.java:50)
	at org.junit.internal.runners.model.ReflectiveCallable.run(ReflectiveCallable.java:12)
	at org.junit.runners.model.FrameworkMethod.invokeExplosively(FrameworkMethod.java:47)
	at org.junit.internal.runners.statements.InvokeMethod.evaluate(InvokeMethod.java:17)
	at org.junit.runners.ParentRunner.runLeaf(ParentRunner.java:325)
	at org.junit.runners.BlockJUnit4ClassRunner.runChild(BlockJUnit4ClassRunner.java:78)
	at org.junit.runners.BlockJUnit4ClassRunner.runChild(BlockJUnit4ClassRunner.java:57)
	at org.junit.runners.ParentRunner$3.run(ParentRunner.java:290)
	at org.junit.runners.ParentRunner$1.schedule(ParentRunner.java:71)
	at org.junit.runners.ParentRunner.runChildren(ParentRunner.java:288)
	at org.junit.runners.ParentRunner.access$000(ParentRunner.java:58)
	at org.junit.runners.ParentRunner$2.evaluate(ParentRunner.java:268)
	at org.junit.runners.ParentRunner.run(ParentRunner.java:363)
	at org.apache.maven.surefire.junit4.JUnit4Provider.execute(JUnit4Provider.java:367)
	at org.apache.maven.surefire.junit4.JUnit4Provider.executeWithRerun(JUnit4Provider.java:274)
	at org.apache.maven.surefire.junit4.JUnit4Provider.executeTestSet(JUnit4Provider.java:238)
	at org.apache.maven.surefire.junit4.JUnit4Provider.invoke(JUnit4Provider.java:161)
	at org.apache.maven.surefire.booter.ForkedBooter.invokeProviderInSameClassLoader(ForkedBooter.java:290)
	at org.apache.maven.surefire.booter.ForkedBooter.runSuitesInProcess(ForkedBooter.java:242)
	at org.apache.maven.surefire.booter.ForkedBooter.main(ForkedBooter.java:121)
Caused by: java.lang.ClassNotFoundException: org.relaxng.datatype.ValidationContext
	at java.net.URLClassLoader.findClass(URLClassLoader.java:382)
	at java.lang.ClassLoader.loadClass(ClassLoader.java:418)
	at sun.misc.Launcher$AppClassLoader.loadClass(Launcher.java:352)
	at java.lang.ClassLoader.loadClass(ClassLoader.java:351)
	at org.reflections.ReflectionUtils.forName(ReflectionUtils.java:388)
	... 29 more
[main] WARN org.reflections.Reflections - could not get type for name org.gjt.xpp.XmlStartTag from any class loader
org.reflections.ReflectionsException: could not get type for name org.gjt.xpp.XmlStartTag
	at org.reflections.ReflectionUtils.forName(ReflectionUtils.java:390)
	at org.reflections.Reflections.expandSuperTypes(Reflections.java:381)
	at org.reflections.Reflections.<init>(Reflections.java:126)
	at no.jansoren.codegen.scanning.ResourcesScanner.scan(ResourcesScanner.java:38)
	at no.jansoren.codegen.CodegenMojo.execute(CodegenMojo.java:41)
	at no.jansoren.codegen.CodegenMojoTest.testCodegenMojo(CodegenMojoTest.java:11)
	at sun.reflect.NativeMethodAccessorImpl.invoke0(Native Method)
	at sun.reflect.NativeMethodAccessorImpl.invoke(NativeMethodAccessorImpl.java:62)
	at sun.reflect.DelegatingMethodAccessorImpl.invoke(DelegatingMethodAccessorImpl.java:43)
	at java.lang.reflect.Method.invoke(Method.java:498)
	at org.junit.runners.model.FrameworkMethod$1.runReflectiveCall(FrameworkMethod.java:50)
	at org.junit.internal.runners.model.ReflectiveCallable.run(ReflectiveCallable.java:12)
	at org.junit.runners.model.FrameworkMethod.invokeExplosively(FrameworkMethod.java:47)
	at org.junit.internal.runners.statements.InvokeMethod.evaluate(InvokeMethod.java:17)
	at org.junit.runners.ParentRunner.runLeaf(ParentRunner.java:325)
	at org.junit.runners.BlockJUnit4ClassRunner.runChild(BlockJUnit4ClassRunner.java:78)
	at org.junit.runners.BlockJUnit4ClassRunner.runChild(BlockJUnit4ClassRunner.java:57)
	at org.junit.runners.ParentRunner$3.run(ParentRunner.java:290)
	at org.junit.runners.ParentRunner$1.schedule(ParentRunner.java:71)
	at org.junit.runners.ParentRunner.runChildren(ParentRunner.java:288)
	at org.junit.runners.ParentRunner.access$000(ParentRunner.java:58)
	at org.junit.runners.ParentRunner$2.evaluate(ParentRunner.java:268)
	at org.junit.runners.ParentRunner.run(ParentRunner.java:363)
	at org.apache.maven.surefire.junit4.JUnit4Provider.execute(JUnit4Provider.java:367)
	at org.apache.maven.surefire.junit4.JUnit4Provider.executeWithRerun(JUnit4Provider.java:274)
	at org.apache.maven.surefire.junit4.JUnit4Provider.executeTestSet(JUnit4Provider.java:238)
	at org.apache.maven.surefire.junit4.JUnit4Provider.invoke(JUnit4Provider.java:161)
	at org.apache.maven.surefire.booter.ForkedBooter.invokeProviderInSameClassLoader(ForkedBooter.java:290)
	at org.apache.maven.surefire.booter.ForkedBooter.runSuitesInProcess(ForkedBooter.java:242)
	at org.apache.maven.surefire.booter.ForkedBooter.main(ForkedBooter.java:121)
Caused by: java.lang.ClassNotFoundException: org.gjt.xpp.XmlStartTag
	at java.net.URLClassLoader.findClass(URLClassLoader.java:382)
	at java.lang.ClassLoader.loadClass(ClassLoader.java:418)
	at sun.misc.Launcher$AppClassLoader.loadClass(Launcher.java:352)
	at java.lang.ClassLoader.loadClass(ClassLoader.java:351)
	at org.reflections.ReflectionUtils.forName(ReflectionUtils.java:388)
	... 29 more
[main] WARN org.reflections.Reflections - could not get type for name com.sun.msv.datatype.SerializationContext from any class loader
org.reflections.ReflectionsException: could not get type for name com.sun.msv.datatype.SerializationContext
	at org.reflections.ReflectionUtils.forName(ReflectionUtils.java:390)
	at org.reflections.Reflections.expandSuperTypes(Reflections.java:381)
	at org.reflections.Reflections.<init>(Reflections.java:126)
	at no.jansoren.codegen.scanning.ResourcesScanner.scan(ResourcesScanner.java:38)
	at no.jansoren.codegen.CodegenMojo.execute(CodegenMojo.java:41)
	at no.jansoren.codegen.CodegenMojoTest.testCodegenMojo(CodegenMojoTest.java:11)
	at sun.reflect.NativeMethodAccessorImpl.invoke0(Native Method)
	at sun.reflect.NativeMethodAccessorImpl.invoke(NativeMethodAccessorImpl.java:62)
	at sun.reflect.DelegatingMethodAccessorImpl.invoke(DelegatingMethodAccessorImpl.java:43)
	at java.lang.reflect.Method.invoke(Method.java:498)
	at org.junit.runners.model.FrameworkMethod$1.runReflectiveCall(FrameworkMethod.java:50)
	at org.junit.internal.runners.model.ReflectiveCallable.run(ReflectiveCallable.java:12)
	at org.junit.runners.model.FrameworkMethod.invokeExplosively(FrameworkMethod.java:47)
	at org.junit.internal.runners.statements.InvokeMethod.evaluate(InvokeMethod.java:17)
	at org.junit.runners.ParentRunner.runLeaf(ParentRunner.java:325)
	at org.junit.runners.BlockJUnit4ClassRunner.runChild(BlockJUnit4ClassRunner.java:78)
	at org.junit.runners.BlockJUnit4ClassRunner.runChild(BlockJUnit4ClassRunner.java:57)
	at org.junit.runners.ParentRunner$3.run(ParentRunner.java:290)
	at org.junit.runners.ParentRunner$1.schedule(ParentRunner.java:71)
	at org.junit.runners.ParentRunner.runChildren(ParentRunner.java:288)
	at org.junit.runners.ParentRunner.access$000(ParentRunner.java:58)
	at org.junit.runners.ParentRunner$2.evaluate(ParentRunner.java:268)
	at org.junit.runners.ParentRunner.run(ParentRunner.java:363)
	at org.apache.maven.surefire.junit4.JUnit4Provider.execute(JUnit4Provider.java:367)
	at org.apache.maven.surefire.junit4.JUnit4Provider.executeWithRerun(JUnit4Provider.java:274)
	at org.apache.maven.surefire.junit4.JUnit4Provider.executeTestSet(JUnit4Provider.java:238)
	at org.apache.maven.surefire.junit4.JUnit4Provider.invoke(JUnit4Provider.java:161)
	at org.apache.maven.surefire.booter.ForkedBooter.invokeProviderInSameClassLoader(ForkedBooter.java:290)
	at org.apache.maven.surefire.booter.ForkedBooter.runSuitesInProcess(ForkedBooter.java:242)
	at org.apache.maven.surefire.booter.ForkedBooter.main(ForkedBooter.java:121)
Caused by: java.lang.ClassNotFoundException: com.sun.msv.datatype.SerializationContext
	at java.net.URLClassLoader.findClass(URLClassLoader.java:382)
	at java.lang.ClassLoader.loadClass(ClassLoader.java:418)
	at sun.misc.Launcher$AppClassLoader.loadClass(Launcher.java:352)
	at java.lang.ClassLoader.loadClass(ClassLoader.java:351)
	at org.reflections.ReflectionUtils.forName(ReflectionUtils.java:388)
	... 29 more
[info] Class that is scanned: ScannedClass{name='TestResource', path='/something', scannedMethods=[ScannedMethod{name='getSomething', httpMethod='GET', path='/get', classToReturn=class no.jansoren.codegen.Something, method=public no.jansoren.codegen.Something no.jansoren.codegen.TestResource.getSomething()}, ScannedMethod{name='putSomething2', httpMethod='PUT', path='/put/{id}', classToReturn=class java.lang.String, method=public java.lang.String no.jansoren.codegen.TestResource.putSomething2(java.lang.String,no.jansoren.codegen.Something)}, ScannedMethod{name='addSomething', httpMethod='POST', path='/add', classToReturn=class no.jansoren.codegen.Something, method=public no.jansoren.codegen.Something no.jansoren.codegen.TestResource.addSomething(no.jansoren.codegen.Something)}, ScannedMethod{name='putSomething', httpMethod='PUT', path='/put', classToReturn=class no.jansoren.codegen.Something, method=public no.jansoren.codegen.Something no.jansoren.codegen.TestResource.putSomething(no.jansoren.codegen.Something)}, ScannedMethod{name='putSomething4', httpMethod='PUT', path='/put/{id}', classToReturn=class java.lang.String, method=public java.lang.String no.jansoren.codegen.TestResource.putSomething4(java.lang.String)}, ScannedMethod{name='deleteSomething', httpMethod='DELETE', path='/delete', classToReturn=void, method=public void no.jansoren.codegen.TestResource.deleteSomething(int)}, ScannedMethod{name='putSomething3', httpMethod='PUT', path='/put/{id}', classToReturn=class java.lang.String, method=public java.lang.String no.jansoren.codegen.TestResource.putSomething3(java.lang.String,int)}]}
Tests run: 1, Failures: 0, Errors: 0, Skipped: 0, Time elapsed: 0.281 sec - in no.jansoren.codegen.CodegenMojoTest

Results :

Tests run: 4, Failures: 0, Errors: 0, Skipped: 0

[INFO] 
[INFO] --- jacoco-maven-plugin:0.8.5:report (report) @ restapi-codegen-maven-plugin ---
[INFO] Loading execution data file /tmp/tmpquc9ls19/restapi-codegen-maven-plugin/target/jacoco.exec
[INFO] Analyzed bundle 'REST API Code Generator Maven Plugin' with 2514 classes
[INFO] ------------------------------------------------------------------------
[INFO] BUILD SUCCESS
[INFO] ------------------------------------------------------------------------
[INFO] Total time:  28.012 s
[INFO] Finished at: 2020-07-30T22:17:49Z
[INFO] ------------------------------------------------------------------------
