[INFO] Error stacktraces are turned on.
[INFO] Scanning for projects...
[WARNING] The project com.smartsheet:smartsheet-sdk-java:jar:2.93.0 uses prerequisites which is only intended for maven-plugin projects but not for non maven-plugin projects. For such purposes you should use the maven-enforcer-plugin. See https://maven.apache.org/enforcer/enforcer-rules/requireMavenVersion.html
[INFO] 
[INFO] -----------------< com.smartsheet:smartsheet-sdk-java >-----------------
[INFO] Building Smartsheet Java SDK 2.93.0
[INFO] --------------------------------[ jar ]---------------------------------
[INFO] 
[INFO] --- jacoco-maven-plugin:0.8.5:prepare-agent (default) @ smartsheet-sdk-java ---
[INFO] argLine set to -javaagent:/home/jdbl/.m2/repository/org/jacoco/org.jacoco.agent/0.8.5/org.jacoco.agent-0.8.5-runtime.jar=destfile=/tmp/tmp4yp_qkz5/smartsheet-java-sdk/target/jacoco.exec
[INFO] 
[INFO] --- license-maven-plugin:1.5:update-file-header (update-file-license) @ smartsheet-sdk-java ---
[INFO] Will search files to update from root /tmp/tmp4yp_qkz5/smartsheet-java-sdk/src
[INFO] Scan 459 files header done in 1.027s.
[INFO] All files are up-to-date.
[INFO] 
[INFO] --- license-maven-plugin:1.5:update-project-license (update-project-license) @ smartsheet-sdk-java ---
[INFO] Will create or update license file [apache_v2] to /tmp/tmp4yp_qkz5/smartsheet-java-sdk/LICENSE.txt
[INFO] 
[INFO] --- maven-resources-plugin:2.7:resources (default-resources) @ smartsheet-sdk-java ---
[INFO] Using 'UTF-8' encoding to copy filtered resources.
[INFO] Copying 1 resource
[INFO] Copying 3 resources
[INFO] Copying 1 resource
[INFO] 
[INFO] --- maven-compiler-plugin:3.3:compile (default-compile) @ smartsheet-sdk-java ---
[INFO] Changes detected - recompiling the module!
[INFO] Compiling 355 source files to /tmp/tmp4yp_qkz5/smartsheet-java-sdk/target/classes
[INFO] /tmp/tmp4yp_qkz5/smartsheet-java-sdk/src/main/java/com/smartsheet/api/internal/CommentResourcesImpl.java: Some input files use or override a deprecated API.
[INFO] /tmp/tmp4yp_qkz5/smartsheet-java-sdk/src/main/java/com/smartsheet/api/internal/CommentResourcesImpl.java: Recompile with -Xlint:deprecation for details.
[INFO] /tmp/tmp4yp_qkz5/smartsheet-java-sdk/src/main/java/com/smartsheet/api/internal/SheetResourcesImpl.java: Some input files use unchecked or unsafe operations.
[INFO] /tmp/tmp4yp_qkz5/smartsheet-java-sdk/src/main/java/com/smartsheet/api/internal/SheetResourcesImpl.java: Recompile with -Xlint:unchecked for details.
[INFO] 
[INFO] --- build-helper-maven-plugin:1.9.1:add-test-source (add-integration-test-sources) @ smartsheet-sdk-java ---
[INFO] Test Source directory: /tmp/tmp4yp_qkz5/smartsheet-java-sdk/src/integration-test/java added.
[INFO] 
[INFO] --- maven-resources-plugin:2.7:testResources (default-testResources) @ smartsheet-sdk-java ---
[INFO] Using 'UTF-8' encoding to copy filtered resources.
[INFO] Copying 101 resources
[INFO] 
[INFO] --- maven-compiler-plugin:3.3:testCompile (default-testCompile) @ smartsheet-sdk-java ---
[INFO] Changes detected - recompiling the module!
[INFO] Compiling 101 source files to /tmp/tmp4yp_qkz5/smartsheet-java-sdk/target/test-classes
[INFO] /tmp/tmp4yp_qkz5/smartsheet-java-sdk/src/test/java/com/smartsheet/api/HttpTestServer.java: Some input files use or override a deprecated API.
[INFO] /tmp/tmp4yp_qkz5/smartsheet-java-sdk/src/test/java/com/smartsheet/api/HttpTestServer.java: Recompile with -Xlint:deprecation for details.
[INFO] /tmp/tmp4yp_qkz5/smartsheet-java-sdk/src/test/java/com/smartsheet/api/internal/json/ObjectValueDeserializerTest.java: Some input files use unchecked or unsafe operations.
[INFO] /tmp/tmp4yp_qkz5/smartsheet-java-sdk/src/test/java/com/smartsheet/api/internal/json/ObjectValueDeserializerTest.java: Recompile with -Xlint:unchecked for details.
[INFO] 
[INFO] --- maven-surefire-plugin:2.19.1:test (default-test) @ smartsheet-sdk-java ---
[INFO] Surefire report directory: /tmp/tmp4yp_qkz5/smartsheet-java-sdk/target/surefire-reports

-------------------------------------------------------
 T E S T S
-------------------------------------------------------
Running com.smartsheet.api.ResourceNotFoundExceptionTest
Tests run: 1, Failures: 0, Errors: 0, Skipped: 0, Time elapsed: 0.11 sec - in com.smartsheet.api.ResourceNotFoundExceptionTest
Running com.smartsheet.api.models.AccessScopeTest
Tests run: 2, Failures: 0, Errors: 0, Skipped: 0, Time elapsed: 0 sec - in com.smartsheet.api.models.AccessScopeTest
Running com.smartsheet.api.models.SheetEmailFormatTest
Tests run: 1, Failures: 0, Errors: 0, Skipped: 0, Time elapsed: 0 sec - in com.smartsheet.api.models.SheetEmailFormatTest
Running com.smartsheet.api.models.RecipientGroupTest
Tests run: 1, Failures: 0, Errors: 0, Skipped: 0, Time elapsed: 0 sec - in com.smartsheet.api.models.RecipientGroupTest
Running com.smartsheet.api.models.SheetTest
Tests run: 1, Failures: 0, Errors: 0, Skipped: 0, Time elapsed: 0 sec - in com.smartsheet.api.models.SheetTest
Running com.smartsheet.api.models.ObjectInclusionTest
Tests run: 1, Failures: 0, Errors: 0, Skipped: 0, Time elapsed: 0 sec - in com.smartsheet.api.models.ObjectInclusionTest
Running com.smartsheet.api.models.ColumnTypeTest
Tests run: 1, Failures: 0, Errors: 0, Skipped: 0, Time elapsed: 0 sec - in com.smartsheet.api.models.ColumnTypeTest
Running com.smartsheet.api.models.PaginationParametersTest
Tests run: 4, Failures: 0, Errors: 0, Skipped: 0, Time elapsed: 0 sec - in com.smartsheet.api.models.PaginationParametersTest
Running com.smartsheet.api.models.AccessLevelTest
Tests run: 1, Failures: 0, Errors: 0, Skipped: 0, Time elapsed: 0 sec - in com.smartsheet.api.models.AccessLevelTest
Running com.smartsheet.api.models.RowTest
Tests run: 3, Failures: 0, Errors: 0, Skipped: 0, Time elapsed: 0.004 sec - in com.smartsheet.api.models.RowTest
Running com.smartsheet.api.models.ObjectExclusionTest
Tests run: 1, Failures: 0, Errors: 0, Skipped: 0, Time elapsed: 0.014 sec - in com.smartsheet.api.models.ObjectExclusionTest
Running com.smartsheet.api.models.PaperSizeTest
Tests run: 1, Failures: 0, Errors: 0, Skipped: 0, Time elapsed: 0 sec - in com.smartsheet.api.models.PaperSizeTest
Running com.smartsheet.api.models.AttachmentTypeTest
Tests run: 1, Failures: 0, Errors: 0, Skipped: 0, Time elapsed: 0 sec - in com.smartsheet.api.models.AttachmentTypeTest
Running com.smartsheet.api.models.UserStatusTest
Tests run: 1, Failures: 0, Errors: 0, Skipped: 0, Time elapsed: 0.004 sec - in com.smartsheet.api.models.UserStatusTest
Running com.smartsheet.api.models.RecipientEmailTest
Tests run: 1, Failures: 0, Errors: 0, Skipped: 0, Time elapsed: 0.003 sec - in com.smartsheet.api.models.RecipientEmailTest
Running com.smartsheet.api.models.SystemColumnTypeTest
Tests run: 1, Failures: 0, Errors: 0, Skipped: 0, Time elapsed: 0 sec - in com.smartsheet.api.models.SystemColumnTypeTest
Running com.smartsheet.api.models.ColumnTagTest
Tests run: 1, Failures: 0, Errors: 0, Skipped: 0, Time elapsed: 0 sec - in com.smartsheet.api.models.ColumnTagTest
Running com.smartsheet.api.models.format.FormatTest
Tests run: 4, Failures: 0, Errors: 0, Skipped: 0, Time elapsed: 0.655 sec - in com.smartsheet.api.models.format.FormatTest
Running com.smartsheet.api.models.AttachmentSubTypeTest
Tests run: 1, Failures: 0, Errors: 0, Skipped: 0, Time elapsed: 0 sec - in com.smartsheet.api.models.AttachmentSubTypeTest
Running com.smartsheet.api.models.IdentifiableModelTest
Tests run: 2, Failures: 0, Errors: 0, Skipped: 0, Time elapsed: 0 sec - in com.smartsheet.api.models.IdentifiableModelTest
Running com.smartsheet.api.models.AttachmentParentTypeTest
Tests run: 1, Failures: 0, Errors: 0, Skipped: 0, Time elapsed: 0 sec - in com.smartsheet.api.models.AttachmentParentTypeTest
Running com.smartsheet.api.models.SymbolTest
Tests run: 1, Failures: 0, Errors: 0, Skipped: 0, Time elapsed: 0.001 sec - in com.smartsheet.api.models.SymbolTest
Running com.smartsheet.api.SmartsheetExceptionTest
Tests run: 3, Failures: 0, Errors: 0, Skipped: 0, Time elapsed: 0 sec - in com.smartsheet.api.SmartsheetExceptionTest
Running com.smartsheet.api.SmartsheetBuilderTest
Tests run: 3, Failures: 0, Errors: 0, Skipped: 0, Time elapsed: 0.591 sec - in com.smartsheet.api.SmartsheetBuilderTest
Running com.smartsheet.api.logging.LoggingTest
[main] INFO com.smartsheet.api.internal.http.DefaultHttpClient - GET https://api.smartsheet.com/2.0/sheets/42?pageSize=1&page=1, Response Code:401, Request completed in 1277 ms
[main] WARN com.smartsheet.api.internal.http.DefaultHttpClient - {request:{command:'GET https://api.smartsheet.com/2.0/sheets/42?pageSize=1&page=1',headers:{'Accept-Encoding':'gzip,deflate','Authorization':'Bearer ****null','Connection':'Keep-Alive','Content-Type':'application/json','Host':'api.smartsheet.com','User-Agent':'Smartsheet Java SDK/2.93.0/surefire-booter-2.19.1.jar!org.apache.maven.surefire.booter.ForkedBooter/Linux OpenJDK 64-Bit Server VM Oracle Corporation 1.8.0_262',},},response:{status:'HTTP/1.1 401 Unauthorized',headers:{'Connection':'keep-alive','Content-Type':'application/json;charset=UTF-8','Date':'Thu, 30 Jul 2020 21:49:13 GMT','Vary':'Accept-Encoding','WWW-Authenticate':'Basic realm="API"',},body:'{
  "errorCode" : 1002,
  "message" : "Your Access Token is invalid.",
  "refId" : "kshquazjbamw"
}'}}
Tests run: 1, Failures: 0, Errors: 0, Skipped: 0, Time elapsed: 1.369 sec - in com.smartsheet.api.logging.LoggingTest
Running com.smartsheet.api.oauth.OAuthTokenExceptionTest
Tests run: 2, Failures: 0, Errors: 0, Skipped: 0, Time elapsed: 0 sec - in com.smartsheet.api.oauth.OAuthTokenExceptionTest
Running com.smartsheet.api.ServiceUnavailableExceptionTest
Tests run: 1, Failures: 0, Errors: 0, Skipped: 0, Time elapsed: 0 sec - in com.smartsheet.api.ServiceUnavailableExceptionTest
Running com.smartsheet.api.internal.FolderResourcesImplTest
[main] INFO org.eclipse.jetty.util.log - Logging initialized @5146ms to org.eclipse.jetty.util.log.Slf4jLog
[main] INFO org.eclipse.jetty.server.Server - jetty-9.4.17.v20190418; built: 2019-04-18T19:45:35.259Z; git: aa1c656c315c011c01e7b21aabb04066635b9f67; jvm 1.8.0_262-b10
[main] INFO org.eclipse.jetty.server.AbstractConnector - Started ServerConnector@5ab45d66{HTTP/1.1,[http/1.1]}{0.0.0.0:9090}
[main] INFO org.eclipse.jetty.server.Server - Started @5404ms
[main] INFO com.smartsheet.api.internal.http.DefaultHttpClient - POST http://localhost:9090/1.1/folders/123/folders, Response Code:200, Request completed in 177 ms
[main] INFO org.eclipse.jetty.server.AbstractConnector - Stopped ServerConnector@5ab45d66{HTTP/1.1,[http/1.1]}{0.0.0.0:9090}
[main] INFO org.eclipse.jetty.server.Server - jetty-9.4.17.v20190418; built: 2019-04-18T19:45:35.259Z; git: aa1c656c315c011c01e7b21aabb04066635b9f67; jvm 1.8.0_262-b10
[main] INFO org.eclipse.jetty.server.AbstractConnector - Started ServerConnector@70b2de98{HTTP/1.1,[http/1.1]}{0.0.0.0:9090}
[main] INFO org.eclipse.jetty.server.Server - Started @5930ms
[main] INFO com.smartsheet.api.internal.http.DefaultHttpClient - POST http://localhost:9090/1.1/folders/123/copy, Response Code:200, Request completed in 7 ms
[main] INFO org.eclipse.jetty.server.AbstractConnector - Stopped ServerConnector@70b2de98{HTTP/1.1,[http/1.1]}{0.0.0.0:9090}
[main] INFO org.eclipse.jetty.server.Server - jetty-9.4.17.v20190418; built: 2019-04-18T19:45:35.259Z; git: aa1c656c315c011c01e7b21aabb04066635b9f67; jvm 1.8.0_262-b10
[main] INFO org.eclipse.jetty.server.AbstractConnector - Started ServerConnector@40def23{HTTP/1.1,[http/1.1]}{0.0.0.0:9090}
[main] INFO org.eclipse.jetty.server.Server - Started @6006ms
[main] INFO com.smartsheet.api.internal.http.DefaultHttpClient - GET http://localhost:9090/1.1/folders/12345/folders?includeAll=true, Response Code:200, Request completed in 18 ms
[main] INFO org.eclipse.jetty.server.AbstractConnector - Stopped ServerConnector@40def23{HTTP/1.1,[http/1.1]}{0.0.0.0:9090}
[main] INFO org.eclipse.jetty.server.Server - jetty-9.4.17.v20190418; built: 2019-04-18T19:45:35.259Z; git: aa1c656c315c011c01e7b21aabb04066635b9f67; jvm 1.8.0_262-b10
[main] INFO org.eclipse.jetty.server.AbstractConnector - Started ServerConnector@2bfe51d5{HTTP/1.1,[http/1.1]}{0.0.0.0:9090}
[main] INFO org.eclipse.jetty.server.Server - Started @6080ms
[main] INFO com.smartsheet.api.internal.http.DefaultHttpClient - PUT http://localhost:9090/1.1/folders/null, Response Code:200, Request completed in 23 ms
[main] INFO org.eclipse.jetty.server.AbstractConnector - Stopped ServerConnector@2bfe51d5{HTTP/1.1,[http/1.1]}{0.0.0.0:9090}
[main] INFO org.eclipse.jetty.server.Server - jetty-9.4.17.v20190418; built: 2019-04-18T19:45:35.259Z; git: aa1c656c315c011c01e7b21aabb04066635b9f67; jvm 1.8.0_262-b10
[main] INFO org.eclipse.jetty.server.AbstractConnector - Started ServerConnector@5b1378cf{HTTP/1.1,[http/1.1]}{0.0.0.0:9090}
[main] INFO org.eclipse.jetty.server.Server - Started @6157ms
[main] INFO com.smartsheet.api.internal.http.DefaultHttpClient - DELETE http://localhost:9090/1.1/folders/7752230582413188, Response Code:200, Request completed in 16 ms
[main] INFO org.eclipse.jetty.server.AbstractConnector - Stopped ServerConnector@5b1378cf{HTTP/1.1,[http/1.1]}{0.0.0.0:9090}
[main] INFO org.eclipse.jetty.server.Server - jetty-9.4.17.v20190418; built: 2019-04-18T19:45:35.259Z; git: aa1c656c315c011c01e7b21aabb04066635b9f67; jvm 1.8.0_262-b10
[main] INFO org.eclipse.jetty.server.AbstractConnector - Started ServerConnector@1be551ec{HTTP/1.1,[http/1.1]}{0.0.0.0:9090}
[main] INFO org.eclipse.jetty.server.Server - Started @6256ms
[main] INFO com.smartsheet.api.internal.http.DefaultHttpClient - GET http://localhost:9090/1.1/folders/123?include=source, Response Code:200, Request completed in 5 ms
[main] INFO org.eclipse.jetty.server.AbstractConnector - Stopped ServerConnector@1be551ec{HTTP/1.1,[http/1.1]}{0.0.0.0:9090}
[main] INFO org.eclipse.jetty.server.Server - jetty-9.4.17.v20190418; built: 2019-04-18T19:45:35.259Z; git: aa1c656c315c011c01e7b21aabb04066635b9f67; jvm 1.8.0_262-b10
[main] INFO org.eclipse.jetty.server.AbstractConnector - Started ServerConnector@5eff875a{HTTP/1.1,[http/1.1]}{0.0.0.0:9090}
[main] INFO org.eclipse.jetty.server.Server - Started @6284ms
[main] INFO org.eclipse.jetty.server.AbstractConnector - Stopped ServerConnector@5eff875a{HTTP/1.1,[http/1.1]}{0.0.0.0:9090}
[main] INFO org.eclipse.jetty.server.Server - jetty-9.4.17.v20190418; built: 2019-04-18T19:45:35.259Z; git: aa1c656c315c011c01e7b21aabb04066635b9f67; jvm 1.8.0_262-b10
[main] INFO org.eclipse.jetty.server.AbstractConnector - Started ServerConnector@3015fc1b{HTTP/1.1,[http/1.1]}{0.0.0.0:9090}
[main] INFO org.eclipse.jetty.server.Server - Started @6305ms
[main] INFO com.smartsheet.api.internal.http.DefaultHttpClient - POST http://localhost:9090/1.1/folders/123/move, Response Code:200, Request completed in 3 ms
[main] INFO org.eclipse.jetty.server.AbstractConnector - Stopped ServerConnector@3015fc1b{HTTP/1.1,[http/1.1]}{0.0.0.0:9090}
Tests run: 8, Failures: 0, Errors: 0, Skipped: 0, Time elapsed: 1.38 sec - in com.smartsheet.api.internal.FolderResourcesImplTest
Running com.smartsheet.api.internal.WorkspaceFolderResourcesImplTest
[main] INFO org.eclipse.jetty.server.Server - jetty-9.4.17.v20190418; built: 2019-04-18T19:45:35.259Z; git: aa1c656c315c011c01e7b21aabb04066635b9f67; jvm 1.8.0_262-b10
[main] INFO org.eclipse.jetty.server.AbstractConnector - Started ServerConnector@5f45b3f8{HTTP/1.1,[http/1.1]}{0.0.0.0:9090}
[main] INFO org.eclipse.jetty.server.Server - Started @6322ms
[main] INFO com.smartsheet.api.internal.http.DefaultHttpClient - POST http://localhost:9090/1.1/workspaces/1234/folders, Response Code:200, Request completed in 6 ms
[main] INFO org.eclipse.jetty.server.AbstractConnector - Stopped ServerConnector@5f45b3f8{HTTP/1.1,[http/1.1]}{0.0.0.0:9090}
[main] INFO org.eclipse.jetty.server.Server - jetty-9.4.17.v20190418; built: 2019-04-18T19:45:35.259Z; git: aa1c656c315c011c01e7b21aabb04066635b9f67; jvm 1.8.0_262-b10
[main] INFO org.eclipse.jetty.server.AbstractConnector - Started ServerConnector@7959d16a{HTTP/1.1,[http/1.1]}{0.0.0.0:9090}
[main] INFO org.eclipse.jetty.server.Server - Started @6338ms
[main] INFO org.eclipse.jetty.server.AbstractConnector - Stopped ServerConnector@7959d16a{HTTP/1.1,[http/1.1]}{0.0.0.0:9090}
[main] INFO org.eclipse.jetty.server.Server - jetty-9.4.17.v20190418; built: 2019-04-18T19:45:35.259Z; git: aa1c656c315c011c01e7b21aabb04066635b9f67; jvm 1.8.0_262-b10
[main] INFO org.eclipse.jetty.server.AbstractConnector - Started ServerConnector@3698f2ed{HTTP/1.1,[http/1.1]}{0.0.0.0:9090}
[main] INFO org.eclipse.jetty.server.Server - Started @6369ms
[main] INFO com.smartsheet.api.internal.http.DefaultHttpClient - GET http://localhost:9090/1.1/workspaces/1234/folders?includeAll=true, Response Code:200, Request completed in 20 ms
[main] INFO org.eclipse.jetty.server.AbstractConnector - Stopped ServerConnector@3698f2ed{HTTP/1.1,[http/1.1]}{0.0.0.0:9090}
Tests run: 3, Failures: 0, Errors: 0, Skipped: 0, Time elapsed: 0.096 sec - in com.smartsheet.api.internal.WorkspaceFolderResourcesImplTest
Running com.smartsheet.api.internal.SightResourcesImplTest
[main] INFO org.eclipse.jetty.server.Server - jetty-9.4.17.v20190418; built: 2019-04-18T19:45:35.259Z; git: aa1c656c315c011c01e7b21aabb04066635b9f67; jvm 1.8.0_262-b10
[main] INFO org.eclipse.jetty.server.AbstractConnector - Started ServerConnector@3d118651{HTTP/1.1,[http/1.1]}{0.0.0.0:9090}
[main] INFO org.eclipse.jetty.server.Server - Started @6440ms
[main] INFO org.eclipse.jetty.server.AbstractConnector - Stopped ServerConnector@3d118651{HTTP/1.1,[http/1.1]}{0.0.0.0:9090}
Tests run: 1, Failures: 0, Errors: 0, Skipped: 0, Time elapsed: 0.04 sec - in com.smartsheet.api.internal.SightResourcesImplTest
Running com.smartsheet.api.internal.DiscussionAttachmentResourcesImplTest
[main] INFO org.eclipse.jetty.server.Server - jetty-9.4.17.v20190418; built: 2019-04-18T19:45:35.259Z; git: aa1c656c315c011c01e7b21aabb04066635b9f67; jvm 1.8.0_262-b10
[main] INFO org.eclipse.jetty.server.AbstractConnector - Started ServerConnector@52cb399d{HTTP/1.1,[http/1.1]}{0.0.0.0:9090}
[main] INFO org.eclipse.jetty.server.Server - Started @6505ms
[main] INFO com.smartsheet.api.internal.http.DefaultHttpClient - GET http://localhost:9090/1.1/sheets/1234/discussions/456/attachments?pageSize=1&includeAll=false&page=1, Response Code:200, Request completed in 3 ms
[main] INFO org.eclipse.jetty.server.AbstractConnector - Stopped ServerConnector@52cb399d{HTTP/1.1,[http/1.1]}{0.0.0.0:9090}
Tests run: 1, Failures: 0, Errors: 0, Skipped: 0, Time elapsed: 0.07 sec - in com.smartsheet.api.internal.DiscussionAttachmentResourcesImplTest
Running com.smartsheet.api.internal.ContactResourcesImplTest
[main] INFO org.eclipse.jetty.server.Server - jetty-9.4.17.v20190418; built: 2019-04-18T19:45:35.259Z; git: aa1c656c315c011c01e7b21aabb04066635b9f67; jvm 1.8.0_262-b10
[main] INFO org.eclipse.jetty.server.AbstractConnector - Started ServerConnector@d015dba{HTTP/1.1,[http/1.1]}{0.0.0.0:9090}
[main] INFO org.eclipse.jetty.server.Server - Started @6568ms
[main] INFO com.smartsheet.api.internal.http.DefaultHttpClient - GET http://localhost:9090/1.1/contacts/xyz, Response Code:200, Request completed in 33 ms
[main] INFO org.eclipse.jetty.server.AbstractConnector - Stopped ServerConnector@d015dba{HTTP/1.1,[http/1.1]}{0.0.0.0:9090}
[main] INFO org.eclipse.jetty.server.Server - jetty-9.4.17.v20190418; built: 2019-04-18T19:45:35.259Z; git: aa1c656c315c011c01e7b21aabb04066635b9f67; jvm 1.8.0_262-b10
[main] INFO org.eclipse.jetty.server.AbstractConnector - Started ServerConnector@45e97963{HTTP/1.1,[http/1.1]}{0.0.0.0:9090}
[main] INFO org.eclipse.jetty.server.Server - Started @6643ms
[main] INFO com.smartsheet.api.internal.http.DefaultHttpClient - GET http://localhost:9090/1.1/contacts?includeAll=true, Response Code:200, Request completed in 4 ms
[main] INFO org.eclipse.jetty.server.AbstractConnector - Stopped ServerConnector@45e97963{HTTP/1.1,[http/1.1]}{0.0.0.0:9090}
Tests run: 2, Failures: 0, Errors: 0, Skipped: 0, Time elapsed: 0.126 sec - in com.smartsheet.api.internal.ContactResourcesImplTest
Running com.smartsheet.api.internal.SheetCommentResourcesImplTest
[main] INFO org.eclipse.jetty.server.Server - jetty-9.4.17.v20190418; built: 2019-04-18T19:45:35.259Z; git: aa1c656c315c011c01e7b21aabb04066635b9f67; jvm 1.8.0_262-b10
[main] INFO org.eclipse.jetty.server.AbstractConnector - Started ServerConnector@5cb9ef8a{HTTP/1.1,[http/1.1]}{0.0.0.0:9090}
[main] INFO org.eclipse.jetty.server.Server - Started @6676ms
[main] INFO com.smartsheet.api.internal.http.DefaultHttpClient - DELETE http://localhost:9090/1.1/sheets/1234/comments/2345, Response Code:200, Request completed in 27 ms
[main] INFO org.eclipse.jetty.server.AbstractConnector - Stopped ServerConnector@5cb9ef8a{HTTP/1.1,[http/1.1]}{0.0.0.0:9090}
[main] INFO org.eclipse.jetty.server.Server - jetty-9.4.17.v20190418; built: 2019-04-18T19:45:35.259Z; git: aa1c656c315c011c01e7b21aabb04066635b9f67; jvm 1.8.0_262-b10
[main] INFO org.eclipse.jetty.server.AbstractConnector - Started ServerConnector@75952723{HTTP/1.1,[http/1.1]}{0.0.0.0:9090}
[main] INFO org.eclipse.jetty.server.Server - Started @6757ms
[main] INFO com.smartsheet.api.internal.http.DefaultHttpClient - GET http://localhost:9090/1.1/sheets/1234/comments/1245, Response Code:200, Request completed in 11 ms
[main] INFO org.eclipse.jetty.server.AbstractConnector - Stopped ServerConnector@75952723{HTTP/1.1,[http/1.1]}{0.0.0.0:9090}
Tests run: 2, Failures: 0, Errors: 0, Skipped: 0, Time elapsed: 0.127 sec - in com.smartsheet.api.internal.SheetCommentResourcesImplTest
Running com.smartsheet.api.internal.SheetRowResourcesImplTest
[main] INFO org.eclipse.jetty.server.Server - jetty-9.4.17.v20190418; built: 2019-04-18T19:45:35.259Z; git: aa1c656c315c011c01e7b21aabb04066635b9f67; jvm 1.8.0_262-b10
[main] INFO org.eclipse.jetty.server.AbstractConnector - Started ServerConnector@251e00a0{HTTP/1.1,[http/1.1]}{0.0.0.0:9090}
[main] INFO org.eclipse.jetty.server.Server - Started @6825ms
[main] INFO org.eclipse.jetty.server.AbstractConnector - Stopped ServerConnector@251e00a0{HTTP/1.1,[http/1.1]}{0.0.0.0:9090}
[main] INFO org.eclipse.jetty.server.Server - jetty-9.4.17.v20190418; built: 2019-04-18T19:45:35.259Z; git: aa1c656c315c011c01e7b21aabb04066635b9f67; jvm 1.8.0_262-b10
[main] INFO org.eclipse.jetty.server.AbstractConnector - Started ServerConnector@12a9889e{HTTP/1.1,[http/1.1]}{0.0.0.0:9090}
[main] INFO org.eclipse.jetty.server.Server - Started @6852ms
[main] INFO com.smartsheet.api.internal.http.DefaultHttpClient - PUT http://localhost:9090/1.1/sheets/1234/rows, Response Code:200, Request completed in 8 ms
[main] INFO org.eclipse.jetty.server.AbstractConnector - Stopped ServerConnector@12a9889e{HTTP/1.1,[http/1.1]}{0.0.0.0:9090}
[main] INFO org.eclipse.jetty.server.Server - jetty-9.4.17.v20190418; built: 2019-04-18T19:45:35.259Z; git: aa1c656c315c011c01e7b21aabb04066635b9f67; jvm 1.8.0_262-b10
[main] INFO org.eclipse.jetty.server.AbstractConnector - Started ServerConnector@37e682da{HTTP/1.1,[http/1.1]}{0.0.0.0:9090}
[main] INFO org.eclipse.jetty.server.Server - Started @6899ms
[main] INFO com.smartsheet.api.internal.http.DefaultHttpClient - POST http://localhost:9090/1.1/sheets/2258256056870788/rows/copy?include=attachments&ignoreRowsNotFound=false, Response Code:200, Request completed in 12 ms
[main] INFO org.eclipse.jetty.server.AbstractConnector - Stopped ServerConnector@37e682da{HTTP/1.1,[http/1.1]}{0.0.0.0:9090}
[main] INFO org.eclipse.jetty.server.Server - jetty-9.4.17.v20190418; built: 2019-04-18T19:45:35.259Z; git: aa1c656c315c011c01e7b21aabb04066635b9f67; jvm 1.8.0_262-b10
[main] INFO org.eclipse.jetty.server.AbstractConnector - Started ServerConnector@76300346{HTTP/1.1,[http/1.1]}{0.0.0.0:9090}
[main] INFO org.eclipse.jetty.server.Server - Started @6980ms
[main] INFO com.smartsheet.api.internal.http.DefaultHttpClient - POST http://localhost:9090/1.1/sheets/1234/rows, Response Code:200, Request completed in 15 ms
[main] INFO org.eclipse.jetty.server.AbstractConnector - Stopped ServerConnector@76300346{HTTP/1.1,[http/1.1]}{0.0.0.0:9090}
[main] INFO org.eclipse.jetty.server.Server - jetty-9.4.17.v20190418; built: 2019-04-18T19:45:35.259Z; git: aa1c656c315c011c01e7b21aabb04066635b9f67; jvm 1.8.0_262-b10
[main] INFO org.eclipse.jetty.server.AbstractConnector - Started ServerConnector@26be5ee{HTTP/1.1,[http/1.1]}{0.0.0.0:9090}
[main] INFO org.eclipse.jetty.server.Server - Started @7051ms
[main] INFO com.smartsheet.api.internal.http.DefaultHttpClient - POST http://localhost:9090/1.1/sheets/2258256056870788/rows/move?include=attachments&ignoreRowsNotFound=false, Response Code:200, Request completed in 8 ms
[main] INFO org.eclipse.jetty.server.AbstractConnector - Stopped ServerConnector@26be5ee{HTTP/1.1,[http/1.1]}{0.0.0.0:9090}
[main] INFO org.eclipse.jetty.server.Server - jetty-9.4.17.v20190418; built: 2019-04-18T19:45:35.259Z; git: aa1c656c315c011c01e7b21aabb04066635b9f67; jvm 1.8.0_262-b10
[main] INFO org.eclipse.jetty.server.AbstractConnector - Started ServerConnector@652a16a8{HTTP/1.1,[http/1.1]}{0.0.0.0:9090}
[main] INFO org.eclipse.jetty.server.Server - Started @7116ms
[main] INFO com.smartsheet.api.internal.http.DefaultHttpClient - DELETE http://localhost:9090/1.1/sheets/123/rows/?ids=123456789%2C987654321&ignoreRowsNotFound=true, Response Code:200, Request completed in 36 ms
[main] INFO org.eclipse.jetty.server.AbstractConnector - Stopped ServerConnector@652a16a8{HTTP/1.1,[http/1.1]}{0.0.0.0:9090}
[main] INFO org.eclipse.jetty.server.Server - jetty-9.4.17.v20190418; built: 2019-04-18T19:45:35.259Z; git: aa1c656c315c011c01e7b21aabb04066635b9f67; jvm 1.8.0_262-b10
[main] INFO org.eclipse.jetty.server.AbstractConnector - Started ServerConnector@72a80415{HTTP/1.1,[http/1.1]}{0.0.0.0:9090}
[main] INFO org.eclipse.jetty.server.Server - Started @7277ms
[main] INFO com.smartsheet.api.internal.http.DefaultHttpClient - GET http://localhost:9090/1.1/sheets/1234/rows/5678?include=format%2Ccolumns&exclude=nonexistentCells, Response Code:200, Request completed in 34 ms
[main] INFO org.eclipse.jetty.server.AbstractConnector - Stopped ServerConnector@72a80415{HTTP/1.1,[http/1.1]}{0.0.0.0:9090}
[main] INFO org.eclipse.jetty.server.Server - jetty-9.4.17.v20190418; built: 2019-04-18T19:45:35.259Z; git: aa1c656c315c011c01e7b21aabb04066635b9f67; jvm 1.8.0_262-b10
[main] INFO org.eclipse.jetty.server.AbstractConnector - Started ServerConnector@140e2d82{HTTP/1.1,[http/1.1]}{0.0.0.0:9090}
[main] INFO org.eclipse.jetty.server.Server - Started @7389ms
[main] INFO com.smartsheet.api.internal.http.DefaultHttpClient - POST http://localhost:9090/1.1/sheets/1234/rows/emails, Response Code:200, Request completed in 18 ms
[main] INFO org.eclipse.jetty.server.AbstractConnector - Stopped ServerConnector@140e2d82{HTTP/1.1,[http/1.1]}{0.0.0.0:9090}
Tests run: 8, Failures: 0, Errors: 0, Skipped: 0, Time elapsed: 0.641 sec - in com.smartsheet.api.internal.SheetRowResourcesImplTest
Running com.smartsheet.api.internal.SheetDiscussionResourcesImplTest
[main] INFO org.eclipse.jetty.server.Server - jetty-9.4.17.v20190418; built: 2019-04-18T19:45:35.259Z; git: aa1c656c315c011c01e7b21aabb04066635b9f67; jvm 1.8.0_262-b10
[main] INFO org.eclipse.jetty.server.AbstractConnector - Started ServerConnector@626e3b18{HTTP/1.1,[http/1.1]}{0.0.0.0:9090}
[main] INFO org.eclipse.jetty.server.Server - Started @7484ms
[main] INFO com.smartsheet.api.internal.http.DefaultHttpClient - GET http://localhost:9090/1.1/sheets/1234/discussions/5678, Response Code:200, Request completed in 25 ms
[main] INFO org.eclipse.jetty.server.AbstractConnector - Stopped ServerConnector@626e3b18{HTTP/1.1,[http/1.1]}{0.0.0.0:9090}
[main] INFO org.eclipse.jetty.server.Server - jetty-9.4.17.v20190418; built: 2019-04-18T19:45:35.259Z; git: aa1c656c315c011c01e7b21aabb04066635b9f67; jvm 1.8.0_262-b10
[main] INFO org.eclipse.jetty.server.AbstractConnector - Started ServerConnector@1b357db2{HTTP/1.1,[http/1.1]}{0.0.0.0:9090}
[main] INFO org.eclipse.jetty.server.Server - Started @7571ms
[main] INFO com.smartsheet.api.internal.http.DefaultHttpClient - DELETE http://localhost:9090/1.1/sheets/1234/discussions/2345, Response Code:200, Request completed in 23 ms
[main] INFO org.eclipse.jetty.server.AbstractConnector - Stopped ServerConnector@1b357db2{HTTP/1.1,[http/1.1]}{0.0.0.0:9090}
[main] INFO org.eclipse.jetty.server.Server - jetty-9.4.17.v20190418; built: 2019-04-18T19:45:35.259Z; git: aa1c656c315c011c01e7b21aabb04066635b9f67; jvm 1.8.0_262-b10
[main] INFO org.eclipse.jetty.server.AbstractConnector - Started ServerConnector@13b6f82d{HTTP/1.1,[http/1.1]}{0.0.0.0:9090}
[main] INFO org.eclipse.jetty.server.Server - Started @7630ms
[main] INFO com.smartsheet.api.internal.http.DefaultHttpClient - POST http://localhost:9090/1.1/sheets/1234/discussions, Response Code:400, Request completed in 30 ms
[main] WARN com.smartsheet.api.internal.http.DefaultHttpClient - {request:{command:'POST http://localhost:9090/1.1/sheets/1234/discussions',headers:{'Accept-Encoding':'gzip,deflate','Authorization':'Bearer ****oken','Connection':'Keep-Alive','Content-Length':'256','Content-Type':'application/json','Host':'localhost:9090','User-Agent':'Smartsheet Java SDK/2.93.0/surefire-booter-2.19.1.jar!org.apache.maven.surefire.booter.ForkedBooter/Linux OpenJDK 64-Bit Server VM Oracle Corporation 1.8.0_262',},body:'{"title":"New Discussion","comments":[{"text":"This is a test.","attachments":[]},{"text":"This is a test.","createdBy":{"email":"email@email.com","name":"John Doe"}}],"commentAttachments":[],"lastCommentedAt":"2020-07-30T21:49:16Z","lastCommentedUser":{}}'},response:{status:'HTTP/1.1 400 Bad Request',headers:{'Content-Length':'112','Content-Type':'application/json','Date':'Thu, 30 Jul 2020 21:49:16 GMT','Server':'Jetty(9.4.17.v20190418)',},body:'{"errorCode":1032,"message":"The attribute(s) discussion.comment.createdBy are not allowed for this operation."}'}}
[main] INFO org.eclipse.jetty.server.AbstractConnector - Stopped ServerConnector@13b6f82d{HTTP/1.1,[http/1.1]}{0.0.0.0:9090}
[main] INFO org.eclipse.jetty.server.Server - jetty-9.4.17.v20190418; built: 2019-04-18T19:45:35.259Z; git: aa1c656c315c011c01e7b21aabb04066635b9f67; jvm 1.8.0_262-b10
[main] INFO org.eclipse.jetty.server.AbstractConnector - Started ServerConnector@7de54be7{HTTP/1.1,[http/1.1]}{0.0.0.0:9090}
[main] INFO org.eclipse.jetty.server.Server - Started @7924ms
[main] INFO com.smartsheet.api.internal.http.DefaultHttpClient - GET http://localhost:9090/1.1/sheets/123/discussions?include=comments&pageSize=1&includeAll=false&page=1, Response Code:200, Request completed in 51 ms
[main] INFO org.eclipse.jetty.server.AbstractConnector - Stopped ServerConnector@7de54be7{HTTP/1.1,[http/1.1]}{0.0.0.0:9090}
[main] INFO org.eclipse.jetty.server.Server - jetty-9.4.17.v20190418; built: 2019-04-18T19:45:35.259Z; git: aa1c656c315c011c01e7b21aabb04066635b9f67; jvm 1.8.0_262-b10
[main] INFO org.eclipse.jetty.server.AbstractConnector - Started ServerConnector@536a0bbe{HTTP/1.1,[http/1.1]}{0.0.0.0:9090}
[main] INFO org.eclipse.jetty.server.Server - Started @8071ms
[main] INFO com.smartsheet.api.internal.http.DefaultHttpClient - POST http://localhost:9090/1.1/sheets/1234/discussions, Response Code:200, Request completed in 52 ms
[main] INFO com.smartsheet.api.internal.http.DefaultHttpClient - POST http://localhost:9090/1.1/sheets/1234/discussions, Response Code:400, Request completed in 2 ms
[main] WARN com.smartsheet.api.internal.http.DefaultHttpClient - {request:{command:'POST http://localhost:9090/1.1/sheets/1234/discussions',headers:{'Accept-Encoding':'gzip,deflate','Authorization':'Bearer ****oken','Connection':'Keep-Alive','Content-Length':'256','Content-Type':'application/json','Host':'localhost:9090','User-Agent':'Smartsheet Java SDK/2.93.0/surefire-booter-2.19.1.jar!org.apache.maven.surefire.booter.ForkedBooter/Linux OpenJDK 64-Bit Server VM Oracle Corporation 1.8.0_262',},body:'{"title":"New Discussion","comments":[{"text":"This is a test.","attachments":[]},{"text":"This is a test.","createdBy":{"email":"email@email.com","name":"John Doe"}}],"commentAttachments":[],"lastCommentedAt":"2020-07-30T21:49:16Z","lastCommentedUser":{}}'},response:{status:'HTTP/1.1 400 Bad Request',headers:{'Content-Length':'112','Content-Type':'application/json','Date':'Thu, 30 Jul 2020 21:49:16 GMT','Server':'Jetty(9.4.17.v20190418)',},body:'{"errorCode":1032,"message":"The attribute(s) discussion.comment.createdBy are not allowed for this operation."}'}}
[main] INFO org.eclipse.jetty.server.AbstractConnector - Stopped ServerConnector@536a0bbe{HTTP/1.1,[http/1.1]}{0.0.0.0:9090}
Tests run: 5, Failures: 0, Errors: 0, Skipped: 0, Time elapsed: 0.77 sec - in com.smartsheet.api.internal.SheetDiscussionResourcesImplTest
Running com.smartsheet.api.internal.DiscussionCommentResourcesImplTest
[main] INFO org.eclipse.jetty.server.Server - jetty-9.4.17.v20190418; built: 2019-04-18T19:45:35.259Z; git: aa1c656c315c011c01e7b21aabb04066635b9f67; jvm 1.8.0_262-b10
[main] INFO org.eclipse.jetty.server.AbstractConnector - Started ServerConnector@6d7a6abf{HTTP/1.1,[http/1.1]}{0.0.0.0:9090}
[main] INFO org.eclipse.jetty.server.Server - Started @8279ms
[main] INFO org.eclipse.jetty.server.AbstractConnector - Stopped ServerConnector@6d7a6abf{HTTP/1.1,[http/1.1]}{0.0.0.0:9090}
[main] INFO org.eclipse.jetty.server.Server - jetty-9.4.17.v20190418; built: 2019-04-18T19:45:35.259Z; git: aa1c656c315c011c01e7b21aabb04066635b9f67; jvm 1.8.0_262-b10
[main] INFO org.eclipse.jetty.server.AbstractConnector - Started ServerConnector@15e8918{HTTP/1.1,[http/1.1]}{0.0.0.0:9090}
[main] INFO org.eclipse.jetty.server.Server - Started @8529ms
[main] INFO com.smartsheet.api.internal.http.DefaultHttpClient - POST http://localhost:9090/1.1/sheets/1234/discussions/456/comments, Response Code:200, Request completed in 7 ms
[main] INFO org.eclipse.jetty.server.AbstractConnector - Stopped ServerConnector@15e8918{HTTP/1.1,[http/1.1]}{0.0.0.0:9090}
Tests run: 2, Failures: 0, Errors: 0, Skipped: 0, Time elapsed: 0.35 sec - in com.smartsheet.api.internal.DiscussionCommentResourcesImplTest
Running com.smartsheet.api.internal.SheetResourcesImplTest
[main] INFO org.eclipse.jetty.server.Server - jetty-9.4.17.v20190418; built: 2019-04-18T19:45:35.259Z; git: aa1c656c315c011c01e7b21aabb04066635b9f67; jvm 1.8.0_262-b10
[main] INFO org.eclipse.jetty.server.AbstractConnector - Started ServerConnector@364bbba9{HTTP/1.1,[http/1.1]}{0.0.0.0:9090}
[main] INFO org.eclipse.jetty.server.Server - Started @8605ms
[main] INFO com.smartsheet.api.internal.http.DefaultHttpClient - POST http://localhost:9090/1.1/sheets/123/copy, Response Code:200, Request completed in 27 ms
[main] INFO org.eclipse.jetty.server.AbstractConnector - Stopped ServerConnector@364bbba9{HTTP/1.1,[http/1.1]}{0.0.0.0:9090}
[main] INFO org.eclipse.jetty.server.Server - jetty-9.4.17.v20190418; built: 2019-04-18T19:45:35.259Z; git: aa1c656c315c011c01e7b21aabb04066635b9f67; jvm 1.8.0_262-b10
[main] INFO org.eclipse.jetty.server.AbstractConnector - Started ServerConnector@6852c3d2{HTTP/1.1,[http/1.1]}{0.0.0.0:9090}
[main] INFO org.eclipse.jetty.server.Server - Started @8704ms
[main] INFO com.smartsheet.api.internal.http.DefaultHttpClient - DELETE http://localhost:9090/1.1/sheets/1234, Response Code:200, Request completed in 12 ms
[main] INFO org.eclipse.jetty.server.AbstractConnector - Stopped ServerConnector@6852c3d2{HTTP/1.1,[http/1.1]}{0.0.0.0:9090}
[main] INFO org.eclipse.jetty.server.Server - jetty-9.4.17.v20190418; built: 2019-04-18T19:45:35.259Z; git: aa1c656c315c011c01e7b21aabb04066635b9f67; jvm 1.8.0_262-b10
[main] INFO org.eclipse.jetty.server.AbstractConnector - Started ServerConnector@3473e1bb{HTTP/1.1,[http/1.1]}{0.0.0.0:9090}
[main] INFO org.eclipse.jetty.server.Server - Started @8758ms
[main] INFO org.eclipse.jetty.server.AbstractConnector - Stopped ServerConnector@3473e1bb{HTTP/1.1,[http/1.1]}{0.0.0.0:9090}
[main] INFO org.eclipse.jetty.server.Server - jetty-9.4.17.v20190418; built: 2019-04-18T19:45:35.259Z; git: aa1c656c315c011c01e7b21aabb04066635b9f67; jvm 1.8.0_262-b10
[main] INFO org.eclipse.jetty.server.AbstractConnector - Started ServerConnector@c083cec{HTTP/1.1,[http/1.1]}{0.0.0.0:9090}
[main] INFO org.eclipse.jetty.server.Server - Started @8824ms
[main] INFO com.smartsheet.api.internal.http.DefaultHttpClient - GET http://localhost:9090/1.1/sheets/123123, Response Code:200, Request completed in 48 ms
[main] INFO com.smartsheet.api.internal.http.DefaultHttpClient - GET http://localhost:9090/1.1/sheets/123123?include=attachments%2CcolumnType%2CcontactReferences%2CcrossSheetReferences%2Cdiscussions%2Cfilters%2CfilterDefinitions%2Cformat%2CobjectValue%2CownerInfo%2CrowPermalink%2CrowWriterInfo%2Csource%2Csummary%2CwriterInfo&rowIds=123456789%2C987654321&pageSize=1&exclude=nonexistentCells&page=1, Response Code:200, Request completed in 1 ms
[main] INFO org.eclipse.jetty.server.AbstractConnector - Stopped ServerConnector@c083cec{HTTP/1.1,[http/1.1]}{0.0.0.0:9090}
[main] INFO org.eclipse.jetty.server.Server - jetty-9.4.17.v20190418; built: 2019-04-18T19:45:35.259Z; git: aa1c656c315c011c01e7b21aabb04066635b9f67; jvm 1.8.0_262-b10
[main] INFO org.eclipse.jetty.server.AbstractConnector - Started ServerConnector@69c70b62{HTTP/1.1,[http/1.1]}{0.0.0.0:9090}
[main] INFO org.eclipse.jetty.server.Server - Started @8992ms
[main] INFO org.eclipse.jetty.server.AbstractConnector - Stopped ServerConnector@69c70b62{HTTP/1.1,[http/1.1]}{0.0.0.0:9090}
[main] INFO org.eclipse.jetty.server.Server - jetty-9.4.17.v20190418; built: 2019-04-18T19:45:35.259Z; git: aa1c656c315c011c01e7b21aabb04066635b9f67; jvm 1.8.0_262-b10
[main] INFO org.eclipse.jetty.server.AbstractConnector - Started ServerConnector@4567dcbc{HTTP/1.1,[http/1.1]}{0.0.0.0:9090}
[main] INFO org.eclipse.jetty.server.Server - Started @9093ms
[main] INFO com.smartsheet.api.internal.http.DefaultHttpClient - POST http://localhost:9090/1.1/sheets?include=data%2Cattachments%2Cdiscussions%2CcellLinks%2Cforms, Response Code:200, Request completed in 23 ms
[main] INFO org.eclipse.jetty.server.AbstractConnector - Stopped ServerConnector@4567dcbc{HTTP/1.1,[http/1.1]}{0.0.0.0:9090}
[main] INFO org.eclipse.jetty.server.Server - jetty-9.4.17.v20190418; built: 2019-04-18T19:45:35.259Z; git: aa1c656c315c011c01e7b21aabb04066635b9f67; jvm 1.8.0_262-b10
[main] INFO org.eclipse.jetty.server.AbstractConnector - Started ServerConnector@4c66b3d9{HTTP/1.1,[http/1.1]}{0.0.0.0:9090}
[main] INFO org.eclipse.jetty.server.Server - Started @9200ms
[main] INFO com.smartsheet.api.internal.http.DefaultHttpClient - GET http://localhost:9090/1.1/sheets/1234/version, Response Code:200, Request completed in 48 ms
[main] INFO org.eclipse.jetty.server.AbstractConnector - Stopped ServerConnector@4c66b3d9{HTTP/1.1,[http/1.1]}{0.0.0.0:9090}
[main] INFO org.eclipse.jetty.server.Server - jetty-9.4.17.v20190418; built: 2019-04-18T19:45:35.259Z; git: aa1c656c315c011c01e7b21aabb04066635b9f67; jvm 1.8.0_262-b10
[main] INFO org.eclipse.jetty.server.AbstractConnector - Started ServerConnector@5c1348c6{HTTP/1.1,[http/1.1]}{0.0.0.0:9090}
[main] INFO org.eclipse.jetty.server.Server - Started @9312ms
[main] INFO com.smartsheet.api.internal.http.DefaultHttpClient - PUT http://localhost:9090/1.1/sheets/null, Response Code:200, Request completed in 14 ms
[main] INFO org.eclipse.jetty.server.AbstractConnector - Stopped ServerConnector@5c1348c6{HTTP/1.1,[http/1.1]}{0.0.0.0:9090}
[main] INFO org.eclipse.jetty.server.Server - jetty-9.4.17.v20190418; built: 2019-04-18T19:45:35.259Z; git: aa1c656c315c011c01e7b21aabb04066635b9f67; jvm 1.8.0_262-b10
[main] INFO org.eclipse.jetty.server.AbstractConnector - Started ServerConnector@136bd1d1{HTTP/1.1,[http/1.1]}{0.0.0.0:9090}
[main] INFO org.eclipse.jetty.server.Server - Started @9380ms
[main] INFO com.smartsheet.api.internal.http.DefaultHttpClient - POST http://localhost:9090/1.1/sheets, Response Code:200, Request completed in 5 ms
[main] INFO org.eclipse.jetty.server.AbstractConnector - Stopped ServerConnector@136bd1d1{HTTP/1.1,[http/1.1]}{0.0.0.0:9090}
[main] INFO org.eclipse.jetty.server.Server - jetty-9.4.17.v20190418; built: 2019-04-18T19:45:35.259Z; git: aa1c656c315c011c01e7b21aabb04066635b9f67; jvm 1.8.0_262-b10
[main] INFO org.eclipse.jetty.server.AbstractConnector - Started ServerConnector@c0d114b{HTTP/1.1,[http/1.1]}{0.0.0.0:9090}
[main] INFO org.eclipse.jetty.server.Server - Started @9433ms
[main] INFO org.eclipse.jetty.server.AbstractConnector - Stopped ServerConnector@c0d114b{HTTP/1.1,[http/1.1]}{0.0.0.0:9090}
[main] INFO org.eclipse.jetty.server.Server - jetty-9.4.17.v20190418; built: 2019-04-18T19:45:35.259Z; git: aa1c656c315c011c01e7b21aabb04066635b9f67; jvm 1.8.0_262-b10
[main] INFO org.eclipse.jetty.server.AbstractConnector - Started ServerConnector@22ef1086{HTTP/1.1,[http/1.1]}{0.0.0.0:9090}
[main] INFO org.eclipse.jetty.server.Server - Started @9446ms
[main] INFO org.eclipse.jetty.server.AbstractConnector - Stopped ServerConnector@22ef1086{HTTP/1.1,[http/1.1]}{0.0.0.0:9090}
[main] INFO org.eclipse.jetty.server.Server - jetty-9.4.17.v20190418; built: 2019-04-18T19:45:35.259Z; git: aa1c656c315c011c01e7b21aabb04066635b9f67; jvm 1.8.0_262-b10
[main] INFO org.eclipse.jetty.server.AbstractConnector - Started ServerConnector@65e503a7{HTTP/1.1,[http/1.1]}{0.0.0.0:9090}
[main] INFO org.eclipse.jetty.server.Server - Started @9484ms
[main] INFO com.smartsheet.api.internal.http.DefaultHttpClient - POST http://localhost:9090/1.1/sheets/123/updaterequests, Response Code:200, Request completed in 10 ms
[main] INFO org.eclipse.jetty.server.AbstractConnector - Stopped ServerConnector@65e503a7{HTTP/1.1,[http/1.1]}{0.0.0.0:9090}
[main] INFO org.eclipse.jetty.server.Server - jetty-9.4.17.v20190418; built: 2019-04-18T19:45:35.259Z; git: aa1c656c315c011c01e7b21aabb04066635b9f67; jvm 1.8.0_262-b10
[main] INFO org.eclipse.jetty.server.AbstractConnector - Started ServerConnector@1bb6b0f3{HTTP/1.1,[http/1.1]}{0.0.0.0:9090}
[main] INFO org.eclipse.jetty.server.Server - Started @9525ms
[main] INFO com.smartsheet.api.internal.http.DefaultHttpClient - GET http://localhost:9090/1.1/sheets?include=source&pageSize=1&includeAll=false&page=1, Response Code:200, Request completed in 10 ms
[main] INFO org.eclipse.jetty.server.AbstractConnector - Stopped ServerConnector@1bb6b0f3{HTTP/1.1,[http/1.1]}{0.0.0.0:9090}
[main] INFO org.eclipse.jetty.server.Server - jetty-9.4.17.v20190418; built: 2019-04-18T19:45:35.259Z; git: aa1c656c315c011c01e7b21aabb04066635b9f67; jvm 1.8.0_262-b10
[main] INFO org.eclipse.jetty.server.AbstractConnector - Started ServerConnector@4968deb9{HTTP/1.1,[http/1.1]}{0.0.0.0:9090}
[main] INFO org.eclipse.jetty.server.Server - Started @9628ms
[main] INFO org.eclipse.jetty.server.AbstractConnector - Stopped ServerConnector@4968deb9{HTTP/1.1,[http/1.1]}{0.0.0.0:9090}
[main] INFO org.eclipse.jetty.server.Server - jetty-9.4.17.v20190418; built: 2019-04-18T19:45:35.259Z; git: aa1c656c315c011c01e7b21aabb04066635b9f67; jvm 1.8.0_262-b10
[main] INFO org.eclipse.jetty.server.AbstractConnector - Started ServerConnector@3ceb8e1f{HTTP/1.1,[http/1.1]}{0.0.0.0:9090}
[main] INFO org.eclipse.jetty.server.Server - Started @9656ms
[main] INFO com.smartsheet.api.internal.http.DefaultHttpClient - GET http://localhost:9090/1.1/sheets/1234/publish, Response Code:200, Request completed in 5 ms
[main] INFO org.eclipse.jetty.server.AbstractConnector - Stopped ServerConnector@3ceb8e1f{HTTP/1.1,[http/1.1]}{0.0.0.0:9090}
[main] INFO org.eclipse.jetty.server.Server - jetty-9.4.17.v20190418; built: 2019-04-18T19:45:35.259Z; git: aa1c656c315c011c01e7b21aabb04066635b9f67; jvm 1.8.0_262-b10
[main] INFO org.eclipse.jetty.server.AbstractConnector - Started ServerConnector@30b0d271{HTTP/1.1,[http/1.1]}{0.0.0.0:9090}
[main] INFO org.eclipse.jetty.server.Server - Started @9700ms
[main] INFO com.smartsheet.api.internal.http.DefaultHttpClient - GET http://localhost:9090/1.1/sheets/1234, Response Code:200, Request completed in 2 ms
[main] INFO org.eclipse.jetty.server.AbstractConnector - Stopped ServerConnector@30b0d271{HTTP/1.1,[http/1.1]}{0.0.0.0:9090}
[main] INFO org.eclipse.jetty.server.Server - jetty-9.4.17.v20190418; built: 2019-04-18T19:45:35.259Z; git: aa1c656c315c011c01e7b21aabb04066635b9f67; jvm 1.8.0_262-b10
[main] INFO org.eclipse.jetty.server.AbstractConnector - Started ServerConnector@50b4e828{HTTP/1.1,[http/1.1]}{0.0.0.0:9090}
[main] INFO org.eclipse.jetty.server.Server - Started @9757ms
[main] INFO com.smartsheet.api.internal.http.DefaultHttpClient - GET http://localhost:9090/1.1/sheets/1234, Response Code:200, Request completed in 14 ms
[main] INFO com.smartsheet.api.internal.http.DefaultHttpClient - GET http://localhost:9090/1.1/sheets/1234?paperSize=LEGAL, Response Code:200, Request completed in 2 ms
[main] INFO org.eclipse.jetty.server.AbstractConnector - Stopped ServerConnector@50b4e828{HTTP/1.1,[http/1.1]}{0.0.0.0:9090}
[main] INFO org.eclipse.jetty.server.Server - jetty-9.4.17.v20190418; built: 2019-04-18T19:45:35.259Z; git: aa1c656c315c011c01e7b21aabb04066635b9f67; jvm 1.8.0_262-b10
[main] INFO org.eclipse.jetty.server.AbstractConnector - Started ServerConnector@5f82dd9a{HTTP/1.1,[http/1.1]}{0.0.0.0:9090}
[main] INFO org.eclipse.jetty.server.Server - Started @9852ms
[main] INFO com.smartsheet.api.internal.http.DefaultHttpClient - PUT http://localhost:9090/1.1/sheets/1234/publish, Response Code:200, Request completed in 7 ms
[main] INFO org.eclipse.jetty.server.AbstractConnector - Stopped ServerConnector@5f82dd9a{HTTP/1.1,[http/1.1]}{0.0.0.0:9090}
[main] INFO org.eclipse.jetty.server.Server - jetty-9.4.17.v20190418; built: 2019-04-18T19:45:35.259Z; git: aa1c656c315c011c01e7b21aabb04066635b9f67; jvm 1.8.0_262-b10
[main] INFO org.eclipse.jetty.server.AbstractConnector - Started ServerConnector@78fb8a66{HTTP/1.1,[http/1.1]}{0.0.0.0:9090}
[main] INFO org.eclipse.jetty.server.Server - Started @9907ms
[main] INFO com.smartsheet.api.internal.http.DefaultHttpClient - GET http://localhost:9090/1.1/sheets/123123, Response Code:200, Request completed in 12 ms
[main] INFO org.eclipse.jetty.server.AbstractConnector - Stopped ServerConnector@78fb8a66{HTTP/1.1,[http/1.1]}{0.0.0.0:9090}
[main] INFO org.eclipse.jetty.server.Server - jetty-9.4.17.v20190418; built: 2019-04-18T19:45:35.259Z; git: aa1c656c315c011c01e7b21aabb04066635b9f67; jvm 1.8.0_262-b10
[main] INFO org.eclipse.jetty.server.AbstractConnector - Started ServerConnector@74faa12{HTTP/1.1,[http/1.1]}{0.0.0.0:9090}
[main] INFO org.eclipse.jetty.server.Server - Started @10008ms
[main] INFO org.eclipse.jetty.server.AbstractConnector - Stopped ServerConnector@74faa12{HTTP/1.1,[http/1.1]}{0.0.0.0:9090}
[main] INFO org.eclipse.jetty.server.Server - jetty-9.4.17.v20190418; built: 2019-04-18T19:45:35.259Z; git: aa1c656c315c011c01e7b21aabb04066635b9f67; jvm 1.8.0_262-b10
[main] INFO org.eclipse.jetty.server.AbstractConnector - Started ServerConnector@148a581e{HTTP/1.1,[http/1.1]}{0.0.0.0:9090}
[main] INFO org.eclipse.jetty.server.Server - Started @10058ms
[main] INFO org.eclipse.jetty.server.AbstractConnector - Stopped ServerConnector@148a581e{HTTP/1.1,[http/1.1]}{0.0.0.0:9090}
[main] INFO org.eclipse.jetty.server.Server - jetty-9.4.17.v20190418; built: 2019-04-18T19:45:35.259Z; git: aa1c656c315c011c01e7b21aabb04066635b9f67; jvm 1.8.0_262-b10
[main] INFO org.eclipse.jetty.server.AbstractConnector - Started ServerConnector@49f8b57d{HTTP/1.1,[http/1.1]}{0.0.0.0:9090}
[main] INFO org.eclipse.jetty.server.Server - Started @10115ms
[main] INFO com.smartsheet.api.internal.http.DefaultHttpClient - POST http://localhost:9090/1.1/sheets/123/sort, Response Code:200, Request completed in 8 ms
[main] INFO org.eclipse.jetty.server.AbstractConnector - Stopped ServerConnector@49f8b57d{HTTP/1.1,[http/1.1]}{0.0.0.0:9090}
[main] INFO org.eclipse.jetty.server.Server - jetty-9.4.17.v20190418; built: 2019-04-18T19:45:35.259Z; git: aa1c656c315c011c01e7b21aabb04066635b9f67; jvm 1.8.0_262-b10
[main] INFO org.eclipse.jetty.server.AbstractConnector - Started ServerConnector@562fa8f2{HTTP/1.1,[http/1.1]}{0.0.0.0:9090}
[main] INFO org.eclipse.jetty.server.Server - Started @10161ms
[main] INFO com.smartsheet.api.internal.http.DefaultHttpClient - POST http://localhost:9090/1.1/sheets/1234/emails, Response Code:200, Request completed in 9 ms
[main] INFO org.eclipse.jetty.server.AbstractConnector - Stopped ServerConnector@562fa8f2{HTTP/1.1,[http/1.1]}{0.0.0.0:9090}
[main] INFO org.eclipse.jetty.server.Server - jetty-9.4.17.v20190418; built: 2019-04-18T19:45:35.259Z; git: aa1c656c315c011c01e7b21aabb04066635b9f67; jvm 1.8.0_262-b10
[main] INFO org.eclipse.jetty.server.AbstractConnector - Started ServerConnector@5f83fdf6{HTTP/1.1,[http/1.1]}{0.0.0.0:9090}
[main] INFO org.eclipse.jetty.server.Server - Started @10200ms
[main] INFO com.smartsheet.api.internal.http.DefaultHttpClient - POST http://localhost:9090/1.1/folders/1234/sheets?include=data%2Cattachments%2Cdiscussions%2CcellLinks%2Cforms, Response Code:200, Request completed in 3 ms
[main] INFO com.smartsheet.api.internal.http.DefaultHttpClient - POST http://localhost:9090/1.1/folders/1234/sheets, Response Code:200, Request completed in 1 ms
[main] INFO org.eclipse.jetty.server.AbstractConnector - Stopped ServerConnector@5f83fdf6{HTTP/1.1,[http/1.1]}{0.0.0.0:9090}
[main] INFO org.eclipse.jetty.server.Server - jetty-9.4.17.v20190418; built: 2019-04-18T19:45:35.259Z; git: aa1c656c315c011c01e7b21aabb04066635b9f67; jvm 1.8.0_262-b10
[main] INFO org.eclipse.jetty.server.AbstractConnector - Started ServerConnector@5d08bc22{HTTP/1.1,[http/1.1]}{0.0.0.0:9090}
[main] INFO org.eclipse.jetty.server.Server - Started @10227ms
[main] INFO com.smartsheet.api.internal.http.DefaultHttpClient - POST http://localhost:9090/1.1/workspaces/1234/sheets, Response Code:200, Request completed in 5 ms
[main] INFO org.eclipse.jetty.server.AbstractConnector - Stopped ServerConnector@5d08bc22{HTTP/1.1,[http/1.1]}{0.0.0.0:9090}
[main] INFO org.eclipse.jetty.server.Server - jetty-9.4.17.v20190418; built: 2019-04-18T19:45:35.259Z; git: aa1c656c315c011c01e7b21aabb04066635b9f67; jvm 1.8.0_262-b10
[main] INFO org.eclipse.jetty.server.AbstractConnector - Started ServerConnector@373efaa2{HTTP/1.1,[http/1.1]}{0.0.0.0:9090}
[main] INFO org.eclipse.jetty.server.Server - Started @10312ms
[main] INFO com.smartsheet.api.internal.http.DefaultHttpClient - GET http://localhost:9090/1.1/users/sheets?includeAll=true, Response Code:200, Request completed in 20 ms
[main] INFO org.eclipse.jetty.server.AbstractConnector - Stopped ServerConnector@373efaa2{HTTP/1.1,[http/1.1]}{0.0.0.0:9090}
[main] INFO org.eclipse.jetty.server.Server - jetty-9.4.17.v20190418; built: 2019-04-18T19:45:35.259Z; git: aa1c656c315c011c01e7b21aabb04066635b9f67; jvm 1.8.0_262-b10
[main] INFO org.eclipse.jetty.server.AbstractConnector - Started ServerConnector@735beda7{HTTP/1.1,[http/1.1]}{0.0.0.0:9090}
[main] INFO org.eclipse.jetty.server.Server - Started @10368ms
[main] INFO org.eclipse.jetty.server.AbstractConnector - Stopped ServerConnector@735beda7{HTTP/1.1,[http/1.1]}{0.0.0.0:9090}
[main] INFO org.eclipse.jetty.server.Server - jetty-9.4.17.v20190418; built: 2019-04-18T19:45:35.259Z; git: aa1c656c315c011c01e7b21aabb04066635b9f67; jvm 1.8.0_262-b10
[main] INFO org.eclipse.jetty.server.AbstractConnector - Started ServerConnector@2ba3b4a6{HTTP/1.1,[http/1.1]}{0.0.0.0:9090}
[main] INFO org.eclipse.jetty.server.Server - Started @10379ms
[main] INFO org.eclipse.jetty.server.AbstractConnector - Stopped ServerConnector@2ba3b4a6{HTTP/1.1,[http/1.1]}{0.0.0.0:9090}
[main] INFO org.eclipse.jetty.server.Server - jetty-9.4.17.v20190418; built: 2019-04-18T19:45:35.259Z; git: aa1c656c315c011c01e7b21aabb04066635b9f67; jvm 1.8.0_262-b10
[main] INFO org.eclipse.jetty.server.AbstractConnector - Started ServerConnector@6e4e7a62{HTTP/1.1,[http/1.1]}{0.0.0.0:9090}
[main] INFO org.eclipse.jetty.server.Server - Started @10404ms
[main] INFO org.eclipse.jetty.server.AbstractConnector - Stopped ServerConnector@6e4e7a62{HTTP/1.1,[http/1.1]}{0.0.0.0:9090}
[main] INFO org.eclipse.jetty.server.Server - jetty-9.4.17.v20190418; built: 2019-04-18T19:45:35.259Z; git: aa1c656c315c011c01e7b21aabb04066635b9f67; jvm 1.8.0_262-b10
[main] INFO org.eclipse.jetty.server.AbstractConnector - Started ServerConnector@3d63becf{HTTP/1.1,[http/1.1]}{0.0.0.0:9090}
[main] INFO org.eclipse.jetty.server.Server - Started @10410ms
[main] INFO com.smartsheet.api.internal.http.DefaultHttpClient - POST http://localhost:9090/1.1/folders/12345/sheets, Response Code:200, Request completed in 3 ms
[main] INFO org.eclipse.jetty.server.AbstractConnector - Stopped ServerConnector@3d63becf{HTTP/1.1,[http/1.1]}{0.0.0.0:9090}
[main] INFO org.eclipse.jetty.server.Server - jetty-9.4.17.v20190418; built: 2019-04-18T19:45:35.259Z; git: aa1c656c315c011c01e7b21aabb04066635b9f67; jvm 1.8.0_262-b10
[main] INFO org.eclipse.jetty.server.AbstractConnector - Started ServerConnector@3316aef6{HTTP/1.1,[http/1.1]}{0.0.0.0:9090}
[main] INFO org.eclipse.jetty.server.Server - Started @10421ms
[main] INFO org.eclipse.jetty.server.AbstractConnector - Stopped ServerConnector@3316aef6{HTTP/1.1,[http/1.1]}{0.0.0.0:9090}
[main] INFO org.eclipse.jetty.server.Server - jetty-9.4.17.v20190418; built: 2019-04-18T19:45:35.259Z; git: aa1c656c315c011c01e7b21aabb04066635b9f67; jvm 1.8.0_262-b10
[main] INFO org.eclipse.jetty.server.AbstractConnector - Started ServerConnector@c8293cb{HTTP/1.1,[http/1.1]}{0.0.0.0:9090}
[main] INFO org.eclipse.jetty.server.Server - Started @10428ms
[main] INFO com.smartsheet.api.internal.http.DefaultHttpClient - POST http://localhost:9090/1.1/sheets/123/move, Response Code:200, Request completed in 3 ms
[main] INFO org.eclipse.jetty.server.AbstractConnector - Stopped ServerConnector@c8293cb{HTTP/1.1,[http/1.1]}{0.0.0.0:9090}
[main] INFO org.eclipse.jetty.server.Server - jetty-9.4.17.v20190418; built: 2019-04-18T19:45:35.259Z; git: aa1c656c315c011c01e7b21aabb04066635b9f67; jvm 1.8.0_262-b10
[main] INFO org.eclipse.jetty.server.AbstractConnector - Started ServerConnector@30386e95{HTTP/1.1,[http/1.1]}{0.0.0.0:9090}
[main] INFO org.eclipse.jetty.server.Server - Started @10454ms
[main] INFO com.smartsheet.api.internal.http.DefaultHttpClient - POST http://localhost:9090/1.1/workspaces/1234/sheets?include=data%2Cattachments%2Cdiscussions%2CcellLinks%2Cforms, Response Code:200, Request completed in 21 ms
[main] INFO com.smartsheet.api.internal.http.DefaultHttpClient - POST http://localhost:9090/1.1/workspaces/1234/sheets, Response Code:200, Request completed in 2 ms
[main] INFO org.eclipse.jetty.server.AbstractConnector - Stopped ServerConnector@30386e95{HTTP/1.1,[http/1.1]}{0.0.0.0:9090}
[main] INFO org.eclipse.jetty.server.Server - jetty-9.4.17.v20190418; built: 2019-04-18T19:45:35.259Z; git: aa1c656c315c011c01e7b21aabb04066635b9f67; jvm 1.8.0_262-b10
[main] INFO org.eclipse.jetty.server.AbstractConnector - Started ServerConnector@330888a{HTTP/1.1,[http/1.1]}{0.0.0.0:9090}
[main] INFO org.eclipse.jetty.server.Server - Started @10501ms
[main] INFO com.smartsheet.api.internal.http.DefaultHttpClient - GET http://localhost:9090/1.1/sheets/1234, Response Code:200, Request completed in 11 ms
[main] INFO org.eclipse.jetty.server.AbstractConnector - Stopped ServerConnector@330888a{HTTP/1.1,[http/1.1]}{0.0.0.0:9090}
Tests run: 34, Failures: 0, Errors: 0, Skipped: 0, Time elapsed: 2.003 sec - in com.smartsheet.api.internal.SheetResourcesImplTest
Running com.smartsheet.api.internal.ServerInfoResourcesImplTest
[main] INFO org.eclipse.jetty.server.Server - jetty-9.4.17.v20190418; built: 2019-04-18T19:45:35.259Z; git: aa1c656c315c011c01e7b21aabb04066635b9f67; jvm 1.8.0_262-b10
[main] INFO org.eclipse.jetty.server.AbstractConnector - Started ServerConnector@1ad176e1{HTTP/1.1,[http/1.1]}{0.0.0.0:9090}
[main] INFO org.eclipse.jetty.server.Server - Started @10527ms
[main] INFO com.smartsheet.api.internal.http.DefaultHttpClient - GET http://localhost:9090/1.1/serverinfo, Response Code:200, Request completed in 11 ms
[main] INFO org.eclipse.jetty.server.AbstractConnector - Stopped ServerConnector@1ad176e1{HTTP/1.1,[http/1.1]}{0.0.0.0:9090}
Tests run: 1, Failures: 0, Errors: 0, Skipped: 0, Time elapsed: 0.004 sec - in com.smartsheet.api.internal.ServerInfoResourcesImplTest
Running com.smartsheet.api.internal.DiscussionResourcesImplTest
[main] INFO org.eclipse.jetty.server.Server - jetty-9.4.17.v20190418; built: 2019-04-18T19:45:35.259Z; git: aa1c656c315c011c01e7b21aabb04066635b9f67; jvm 1.8.0_262-b10
[main] INFO org.eclipse.jetty.server.AbstractConnector - Started ServerConnector@48720dcf{HTTP/1.1,[http/1.1]}{0.0.0.0:9090}
[main] INFO org.eclipse.jetty.server.Server - Started @10612ms
[main] INFO org.eclipse.jetty.server.AbstractConnector - Stopped ServerConnector@48720dcf{HTTP/1.1,[http/1.1]}{0.0.0.0:9090}
[main] INFO org.eclipse.jetty.server.Server - jetty-9.4.17.v20190418; built: 2019-04-18T19:45:35.259Z; git: aa1c656c315c011c01e7b21aabb04066635b9f67; jvm 1.8.0_262-b10
[main] INFO org.eclipse.jetty.server.AbstractConnector - Started ServerConnector@2313c291{HTTP/1.1,[http/1.1]}{0.0.0.0:9090}
[main] INFO org.eclipse.jetty.server.Server - Started @10724ms
[main] INFO org.eclipse.jetty.server.AbstractConnector - Stopped ServerConnector@2313c291{HTTP/1.1,[http/1.1]}{0.0.0.0:9090}
[main] INFO org.eclipse.jetty.server.Server - jetty-9.4.17.v20190418; built: 2019-04-18T19:45:35.259Z; git: aa1c656c315c011c01e7b21aabb04066635b9f67; jvm 1.8.0_262-b10
[main] INFO org.eclipse.jetty.server.AbstractConnector - Started ServerConnector@7effa21e{HTTP/1.1,[http/1.1]}{0.0.0.0:9090}
[main] INFO org.eclipse.jetty.server.Server - Started @10804ms
[main] INFO com.smartsheet.api.internal.http.DefaultHttpClient - POST http://localhost:9090/1.1/discussion/1234/comments, Response Code:200, Request completed in 29 ms
[main] INFO org.eclipse.jetty.server.AbstractConnector - Stopped ServerConnector@7effa21e{HTTP/1.1,[http/1.1]}{0.0.0.0:9090}
Tests run: 3, Failures: 0, Errors: 0, Skipped: 0, Time elapsed: 0.296 sec - in com.smartsheet.api.internal.DiscussionResourcesImplTest
Running com.smartsheet.api.internal.json.ObjectValueDeserializerTest
Tests run: 13, Failures: 0, Errors: 0, Skipped: 0, Time elapsed: 0.129 sec - in com.smartsheet.api.internal.json.ObjectValueDeserializerTest
Running com.smartsheet.api.internal.json.JacksonJsonSerializerTest
Tests run: 8, Failures: 0, Errors: 0, Skipped: 0, Time elapsed: 0.043 sec - in com.smartsheet.api.internal.json.JacksonJsonSerializerTest
Running com.smartsheet.api.internal.json.JSONSerializerExceptionTest
Tests run: 3, Failures: 0, Errors: 0, Skipped: 0, Time elapsed: 0 sec - in com.smartsheet.api.internal.json.JSONSerializerExceptionTest
Running com.smartsheet.api.internal.UserResourcesImplTest
[main] INFO org.eclipse.jetty.server.Server - jetty-9.4.17.v20190418; built: 2019-04-18T19:45:35.259Z; git: aa1c656c315c011c01e7b21aabb04066635b9f67; jvm 1.8.0_262-b10
[main] INFO org.eclipse.jetty.server.AbstractConnector - Started ServerConnector@72e1a349{HTTP/1.1,[http/1.1]}{0.0.0.0:9090}
[main] INFO org.eclipse.jetty.server.Server - Started @11104ms
[main] INFO com.smartsheet.api.internal.http.DefaultHttpClient - POST http://localhost:9090/1.1/users, Response Code:200, Request completed in 78 ms
[main] INFO org.eclipse.jetty.server.AbstractConnector - Stopped ServerConnector@72e1a349{HTTP/1.1,[http/1.1]}{0.0.0.0:9090}
[main] INFO org.eclipse.jetty.server.Server - jetty-9.4.17.v20190418; built: 2019-04-18T19:45:35.259Z; git: aa1c656c315c011c01e7b21aabb04066635b9f67; jvm 1.8.0_262-b10
[main] INFO org.eclipse.jetty.server.AbstractConnector - Started ServerConnector@38f9b6cd{HTTP/1.1,[http/1.1]}{0.0.0.0:9090}
[main] INFO org.eclipse.jetty.server.Server - Started @11304ms
[main] INFO com.smartsheet.api.internal.http.DefaultHttpClient - GET http://localhost:9090/1.1/users/sheets?includeAll=true, Response Code:200, Request completed in 49 ms
[main] INFO org.eclipse.jetty.server.AbstractConnector - Stopped ServerConnector@38f9b6cd{HTTP/1.1,[http/1.1]}{0.0.0.0:9090}
[main] INFO org.eclipse.jetty.server.Server - jetty-9.4.17.v20190418; built: 2019-04-18T19:45:35.259Z; git: aa1c656c315c011c01e7b21aabb04066635b9f67; jvm 1.8.0_262-b10
[main] INFO org.eclipse.jetty.server.AbstractConnector - Started ServerConnector@47fde444{HTTP/1.1,[http/1.1]}{0.0.0.0:9090}
[main] INFO org.eclipse.jetty.server.Server - Started @11435ms
[main] INFO com.smartsheet.api.internal.http.DefaultHttpClient - GET http://localhost:9090/1.1/users/me, Response Code:200, Request completed in 3 ms
[main] INFO org.eclipse.jetty.server.AbstractConnector - Stopped ServerConnector@47fde444{HTTP/1.1,[http/1.1]}{0.0.0.0:9090}
[main] INFO org.eclipse.jetty.server.Server - jetty-9.4.17.v20190418; built: 2019-04-18T19:45:35.259Z; git: aa1c656c315c011c01e7b21aabb04066635b9f67; jvm 1.8.0_262-b10
[main] INFO org.eclipse.jetty.server.AbstractConnector - Started ServerConnector@13553b2e{HTTP/1.1,[http/1.1]}{0.0.0.0:9090}
[main] INFO org.eclipse.jetty.server.Server - Started @11580ms
[main] INFO com.smartsheet.api.internal.http.DefaultHttpClient - PUT http://localhost:9090/1.1/users/1234, Response Code:200, Request completed in 22 ms
[main] INFO org.eclipse.jetty.server.AbstractConnector - Stopped ServerConnector@13553b2e{HTTP/1.1,[http/1.1]}{0.0.0.0:9090}
[main] INFO org.eclipse.jetty.server.Server - jetty-9.4.17.v20190418; built: 2019-04-18T19:45:35.259Z; git: aa1c656c315c011c01e7b21aabb04066635b9f67; jvm 1.8.0_262-b10
[main] INFO org.eclipse.jetty.server.AbstractConnector - Started ServerConnector@1d891373{HTTP/1.1,[http/1.1]}{0.0.0.0:9090}
[main] INFO org.eclipse.jetty.server.Server - Started @11664ms
[main] INFO com.smartsheet.api.internal.http.DefaultHttpClient - POST http://localhost:9090/1.1/users?sendEmail=false, Response Code:200, Request completed in 23 ms
[main] INFO org.eclipse.jetty.server.AbstractConnector - Stopped ServerConnector@1d891373{HTTP/1.1,[http/1.1]}{0.0.0.0:9090}
[main] INFO org.eclipse.jetty.server.Server - jetty-9.4.17.v20190418; built: 2019-04-18T19:45:35.259Z; git: aa1c656c315c011c01e7b21aabb04066635b9f67; jvm 1.8.0_262-b10
[main] INFO org.eclipse.jetty.server.AbstractConnector - Started ServerConnector@6bd8d8a7{HTTP/1.1,[http/1.1]}{0.0.0.0:9090}
[main] INFO org.eclipse.jetty.server.Server - Started @11760ms
[main] INFO com.smartsheet.api.internal.http.DefaultHttpClient - GET http://localhost:9090/1.1/users, Response Code:200, Request completed in 10 ms
[main] INFO com.smartsheet.api.internal.http.DefaultHttpClient - GET http://localhost:9090/1.1/users?includeAll=true&email=test%40example.com, Response Code:200, Request completed in 3 ms
[main] INFO org.eclipse.jetty.server.AbstractConnector - Stopped ServerConnector@6bd8d8a7{HTTP/1.1,[http/1.1]}{0.0.0.0:9090}
[main] INFO org.eclipse.jetty.server.Server - jetty-9.4.17.v20190418; built: 2019-04-18T19:45:35.259Z; git: aa1c656c315c011c01e7b21aabb04066635b9f67; jvm 1.8.0_262-b10
[main] INFO org.eclipse.jetty.server.AbstractConnector - Started ServerConnector@17fe4f0f{HTTP/1.1,[http/1.1]}{0.0.0.0:9090}
[main] INFO org.eclipse.jetty.server.Server - Started @11808ms
[main] INFO com.smartsheet.api.internal.http.DefaultHttpClient - GET http://localhost:9090/1.1/users/12345, Response Code:200, Request completed in 44 ms
[main] INFO org.eclipse.jetty.server.AbstractConnector - Stopped ServerConnector@17fe4f0f{HTTP/1.1,[http/1.1]}{0.0.0.0:9090}
[main] INFO org.eclipse.jetty.server.Server - jetty-9.4.17.v20190418; built: 2019-04-18T19:45:35.259Z; git: aa1c656c315c011c01e7b21aabb04066635b9f67; jvm 1.8.0_262-b10
[main] INFO org.eclipse.jetty.server.AbstractConnector - Started ServerConnector@32f0a9c2{HTTP/1.1,[http/1.1]}{0.0.0.0:9090}
[main] INFO org.eclipse.jetty.server.Server - Started @11957ms
[main] INFO org.eclipse.jetty.server.AbstractConnector - Stopped ServerConnector@32f0a9c2{HTTP/1.1,[http/1.1]}{0.0.0.0:9090}
[main] INFO org.eclipse.jetty.server.Server - jetty-9.4.17.v20190418; built: 2019-04-18T19:45:35.259Z; git: aa1c656c315c011c01e7b21aabb04066635b9f67; jvm 1.8.0_262-b10
[main] INFO org.eclipse.jetty.server.AbstractConnector - Started ServerConnector@56e4f071{HTTP/1.1,[http/1.1]}{0.0.0.0:9090}
[main] INFO org.eclipse.jetty.server.Server - Started @11995ms
[main] INFO com.smartsheet.api.internal.http.DefaultHttpClient - DELETE http://localhost:9090/1.1/users/1234?transferSheets=true&removeFromSharing=true&transferTo=12345, Response Code:200, Request completed in 4 ms
[main] INFO org.eclipse.jetty.server.AbstractConnector - Stopped ServerConnector@56e4f071{HTTP/1.1,[http/1.1]}{0.0.0.0:9090}
Tests run: 9, Failures: 0, Errors: 0, Skipped: 0, Time elapsed: 0.964 sec - in com.smartsheet.api.internal.UserResourcesImplTest
Running com.smartsheet.api.internal.RowColumnResourcesImplTest
[main] INFO org.eclipse.jetty.server.Server - jetty-9.4.17.v20190418; built: 2019-04-18T19:45:35.259Z; git: aa1c656c315c011c01e7b21aabb04066635b9f67; jvm 1.8.0_262-b10
[main] INFO org.eclipse.jetty.server.AbstractConnector - Started ServerConnector@130f8e03{HTTP/1.1,[http/1.1]}{0.0.0.0:9090}
[main] INFO org.eclipse.jetty.server.Server - Started @12044ms
[main] INFO com.smartsheet.api.internal.http.DefaultHttpClient - GET http://localhost:9090/1.1/sheets/123/rows/123/columns/123/history?pageSize=1&includeAll=false&page=1, Response Code:200, Request completed in 11 ms
[main] INFO org.eclipse.jetty.server.AbstractConnector - Stopped ServerConnector@130f8e03{HTTP/1.1,[http/1.1]}{0.0.0.0:9090}
Tests run: 1, Failures: 0, Errors: 0, Skipped: 0, Time elapsed: 0.064 sec - in com.smartsheet.api.internal.RowColumnResourcesImplTest
Running com.smartsheet.api.internal.http.DefaultHttpClientTest
[main] INFO com.smartsheet.api.internal.http.DefaultHttpClient - GET http://google.com, Response Code:200, Request completed in 106 ms
[main] INFO com.smartsheet.api.internal.http.DefaultHttpClient - POST http://google.com, Response Code:405, Request completed in 13 ms
[main] WARN com.smartsheet.api.internal.http.DefaultHttpClient - {request:{command:'POST http://google.com',headers:{'Accept-Encoding':'gzip,deflate','Connection':'Keep-Alive','Content-Length':'0','Cookie':'NID=204=MC5YWuPwEUY3DI0RXqieNNsrRU2-HENGC9POovl4tBaXHg8VZDahLrqYycncYSBuTtowlv8UmJPWWvAJLGuer6aq3O2ZAwqnC-rYS3M3BvoCg4Y_Vp7LTEnAD45FKuKufO3q9c2pNCuFcibBn-f9jIBYUCBjMU8aPJkTvLQujwc','Host':'google.com','User-Agent':'Apache-HttpClient/4.5 (Java/1.8.0_262)',},},response:{status:'HTTP/1.1 405 Method Not Allowed',headers:{'Allow':'GET, HEAD','Content-Length':'1589','Content-Type':'text/html; charset=UTF-8','Date':'Thu, 30 Jul 2020 21:49:20 GMT','Server':'gws','X-Frame-Options':'SAMEORIGIN','X-XSS-Protection':'0',},body:'**contentType 'text/html; charset=UTF-8' not logged**'}}
[main] INFO com.smartsheet.api.internal.http.DefaultHttpClient - PUT http://google.com, Response Code:405, Request completed in 15 ms
[main] WARN com.smartsheet.api.internal.http.DefaultHttpClient - {request:{command:'PUT http://google.com',headers:{'Accept-Encoding':'gzip,deflate','Connection':'Keep-Alive','Content-Length':'0','Cookie':'NID=204=MC5YWuPwEUY3DI0RXqieNNsrRU2-HENGC9POovl4tBaXHg8VZDahLrqYycncYSBuTtowlv8UmJPWWvAJLGuer6aq3O2ZAwqnC-rYS3M3BvoCg4Y_Vp7LTEnAD45FKuKufO3q9c2pNCuFcibBn-f9jIBYUCBjMU8aPJkTvLQujwc','Host':'google.com','User-Agent':'Apache-HttpClient/4.5 (Java/1.8.0_262)',},},response:{status:'HTTP/1.1 405 Method Not Allowed',headers:{'Allow':'GET, HEAD','Content-Length':'1588','Content-Type':'text/html; charset=UTF-8','Date':'Thu, 30 Jul 2020 21:49:20 GMT','Server':'gws','X-Frame-Options':'SAMEORIGIN','X-XSS-Protection':'0',},body:'**contentType 'text/html; charset=UTF-8' not logged**'}}
[main] INFO com.smartsheet.api.internal.http.DefaultHttpClient - DELETE http://google.com, Response Code:405, Request completed in 16 ms
[main] WARN com.smartsheet.api.internal.http.DefaultHttpClient - {request:{command:'DELETE http://google.com',headers:{'Accept-Encoding':'gzip,deflate','Connection':'Keep-Alive','Cookie':'NID=204=MC5YWuPwEUY3DI0RXqieNNsrRU2-HENGC9POovl4tBaXHg8VZDahLrqYycncYSBuTtowlv8UmJPWWvAJLGuer6aq3O2ZAwqnC-rYS3M3BvoCg4Y_Vp7LTEnAD45FKuKufO3q9c2pNCuFcibBn-f9jIBYUCBjMU8aPJkTvLQujwc','Host':'google.com','User-Agent':'Apache-HttpClient/4.5 (Java/1.8.0_262)',},},response:{status:'HTTP/1.1 405 Method Not Allowed',headers:{'Allow':'GET, HEAD','Content-Length':'1591','Content-Type':'text/html; charset=UTF-8','Date':'Thu, 30 Jul 2020 21:49:20 GMT','Server':'gws','X-Frame-Options':'SAMEORIGIN','X-XSS-Protection':'0',},body:'**contentType 'text/html; charset=UTF-8' not logged**'}}
[main] INFO com.smartsheet.api.internal.http.DefaultHttpClient - POST http://google.com, Response Code:405, Request completed in 15 ms
[main] WARN com.smartsheet.api.internal.http.DefaultHttpClient - {request:{command:'POST http://google.com',headers:{'Accept-Encoding':'gzip,deflate','Connection':'Keep-Alive','Content-Length':'0','Cookie':'NID=204=MC5YWuPwEUY3DI0RXqieNNsrRU2-HENGC9POovl4tBaXHg8VZDahLrqYycncYSBuTtowlv8UmJPWWvAJLGuer6aq3O2ZAwqnC-rYS3M3BvoCg4Y_Vp7LTEnAD45FKuKufO3q9c2pNCuFcibBn-f9jIBYUCBjMU8aPJkTvLQujwc','Host':'google.com','User-Agent':'Apache-HttpClient/4.5 (Java/1.8.0_262)','name':'value',},},response:{status:'HTTP/1.1 405 Method Not Allowed',headers:{'Allow':'GET, HEAD','Content-Length':'1589','Content-Type':'text/html; charset=UTF-8','Date':'Thu, 30 Jul 2020 21:49:20 GMT','Server':'gws','X-Frame-Options':'SAMEORIGIN','X-XSS-Protection':'0',},body:'**contentType 'text/html; charset=UTF-8' not logged**'}}
[main] INFO com.smartsheet.api.internal.http.DefaultHttpClient - POST http://google.com, Response Code:405, Request completed in 16 ms
[main] WARN com.smartsheet.api.internal.http.DefaultHttpClient - {request:{command:'POST http://google.com',headers:{'Accept-Encoding':'gzip,deflate','Connection':'Keep-Alive','Content-Length':'0','Cookie':'NID=204=MC5YWuPwEUY3DI0RXqieNNsrRU2-HENGC9POovl4tBaXHg8VZDahLrqYycncYSBuTtowlv8UmJPWWvAJLGuer6aq3O2ZAwqnC-rYS3M3BvoCg4Y_Vp7LTEnAD45FKuKufO3q9c2pNCuFcibBn-f9jIBYUCBjMU8aPJkTvLQujwc','Host':'google.com','User-Agent':'Apache-HttpClient/4.5 (Java/1.8.0_262)','name':'value',},body:'**contentType 'text/html; charset=ISO-8859-4' not logged**'},response:{status:'HTTP/1.1 405 Method Not Allowed',headers:{'Allow':'GET, HEAD','Content-Length':'1589','Content-Type':'text/html; charset=UTF-8','Date':'Thu, 30 Jul 2020 21:49:20 GMT','Server':'gws','X-Frame-Options':'SAMEORIGIN','X-XSS-Protection':'0',},body:'**contentType 'text/html; charset=UTF-8' not logged**'}}
[main] WARN com.smartsheet.api.internal.http.DefaultHttpClient - ClientProtocolException null
[main] WARN com.smartsheet.api.internal.http.DefaultHttpClient - {request:{command:'POST http://google.com',headers:{'Content-Length':'10','name':'value',},body:'**contentType 'text/html; charset=ISO-8859-4' not logged**'},response:{status:'null',}}
[main] WARN com.smartsheet.api.internal.http.DefaultHttpClient - {request:{command:'POST http://bad.domain',headers:{'name':'value',},body:'**contentType 'text/html; charset=ISO-8859-4' not logged**'},response:{status:'null',}}
Tests run: 3, Failures: 0, Errors: 0, Skipped: 0, Time elapsed: 0.197 sec - in com.smartsheet.api.internal.http.DefaultHttpClientTest
Running com.smartsheet.api.internal.HomeResourcesImplTest
[main] INFO org.eclipse.jetty.server.Server - jetty-9.4.17.v20190418; built: 2019-04-18T19:45:35.259Z; git: aa1c656c315c011c01e7b21aabb04066635b9f67; jvm 1.8.0_262-b10
[main] INFO org.eclipse.jetty.server.AbstractConnector - Started ServerConnector@4b4a5691{HTTP/1.1,[http/1.1]}{0.0.0.0:9090}
[main] INFO org.eclipse.jetty.server.Server - Started @12296ms
[main] INFO com.smartsheet.api.internal.http.DefaultHttpClient - GET http://localhost:9090/1.1/home/folders?includeAll=true, Response Code:200, Request completed in 7 ms
[main] INFO com.smartsheet.api.internal.http.DefaultHttpClient - GET http://localhost:9090/1.1/home/folders?includeAll=true, Response Code:200, Request completed in 9 ms
[main] INFO org.eclipse.jetty.server.AbstractConnector - Stopped ServerConnector@4b4a5691{HTTP/1.1,[http/1.1]}{0.0.0.0:9090}
[main] INFO org.eclipse.jetty.server.Server - jetty-9.4.17.v20190418; built: 2019-04-18T19:45:35.259Z; git: aa1c656c315c011c01e7b21aabb04066635b9f67; jvm 1.8.0_262-b10
[main] INFO org.eclipse.jetty.server.AbstractConnector - Started ServerConnector@7dae9ff4{HTTP/1.1,[http/1.1]}{0.0.0.0:9090}
[main] INFO org.eclipse.jetty.server.Server - Started @12351ms
[main] INFO org.eclipse.jetty.server.AbstractConnector - Stopped ServerConnector@7dae9ff4{HTTP/1.1,[http/1.1]}{0.0.0.0:9090}
[main] INFO org.eclipse.jetty.server.Server - jetty-9.4.17.v20190418; built: 2019-04-18T19:45:35.259Z; git: aa1c656c315c011c01e7b21aabb04066635b9f67; jvm 1.8.0_262-b10
[main] INFO org.eclipse.jetty.server.AbstractConnector - Started ServerConnector@7e122a87{HTTP/1.1,[http/1.1]}{0.0.0.0:9090}
[main] INFO org.eclipse.jetty.server.Server - Started @12440ms
[main] INFO com.smartsheet.api.internal.http.DefaultHttpClient - GET http://localhost:9090/1.1/home?include=source, Response Code:200, Request completed in 5 ms
[main] INFO com.smartsheet.api.internal.http.DefaultHttpClient - GET http://localhost:9090/1.1/home, Response Code:200, Request completed in 1 ms
[main] INFO org.eclipse.jetty.server.AbstractConnector - Stopped ServerConnector@7e122a87{HTTP/1.1,[http/1.1]}{0.0.0.0:9090}
Tests run: 3, Failures: 0, Errors: 0, Skipped: 0, Time elapsed: 0.22 sec - in com.smartsheet.api.internal.HomeResourcesImplTest
Running com.smartsheet.api.internal.SheetColumnResourcesImplTest
[main] INFO org.eclipse.jetty.server.Server - jetty-9.4.17.v20190418; built: 2019-04-18T19:45:35.259Z; git: aa1c656c315c011c01e7b21aabb04066635b9f67; jvm 1.8.0_262-b10
[main] INFO org.eclipse.jetty.server.AbstractConnector - Started ServerConnector@2fe8ec31{HTTP/1.1,[http/1.1]}{0.0.0.0:9090}
[main] INFO org.eclipse.jetty.server.Server - Started @12525ms
[main] INFO com.smartsheet.api.internal.http.DefaultHttpClient - PUT http://localhost:9090/1.1/sheets/123456789/columns/5005385858869124, Response Code:200, Request completed in 12 ms
[main] INFO org.eclipse.jetty.server.AbstractConnector - Stopped ServerConnector@2fe8ec31{HTTP/1.1,[http/1.1]}{0.0.0.0:9090}
[main] INFO org.eclipse.jetty.server.Server - jetty-9.4.17.v20190418; built: 2019-04-18T19:45:35.259Z; git: aa1c656c315c011c01e7b21aabb04066635b9f67; jvm 1.8.0_262-b10
[main] INFO org.eclipse.jetty.server.AbstractConnector - Started ServerConnector@770d65c2{HTTP/1.1,[http/1.1]}{0.0.0.0:9090}
[main] INFO org.eclipse.jetty.server.Server - Started @12628ms
[main] INFO com.smartsheet.api.internal.http.DefaultHttpClient - DELETE http://localhost:9090/1.1/sheets/123456789/columns/987654321, Response Code:200, Request completed in 19 ms
[main] INFO org.eclipse.jetty.server.AbstractConnector - Stopped ServerConnector@770d65c2{HTTP/1.1,[http/1.1]}{0.0.0.0:9090}
[main] INFO org.eclipse.jetty.server.Server - jetty-9.4.17.v20190418; built: 2019-04-18T19:45:35.259Z; git: aa1c656c315c011c01e7b21aabb04066635b9f67; jvm 1.8.0_262-b10
[main] INFO org.eclipse.jetty.server.AbstractConnector - Started ServerConnector@22ab40c1{HTTP/1.1,[http/1.1]}{0.0.0.0:9090}
[main] INFO org.eclipse.jetty.server.Server - Started @12709ms
[main] INFO com.smartsheet.api.internal.http.DefaultHttpClient - POST http://localhost:9090/1.1/sheets/12345/columns, Response Code:200, Request completed in 21 ms
[main] INFO org.eclipse.jetty.server.AbstractConnector - Stopped ServerConnector@22ab40c1{HTTP/1.1,[http/1.1]}{0.0.0.0:9090}
[main] INFO org.eclipse.jetty.server.Server - jetty-9.4.17.v20190418; built: 2019-04-18T19:45:35.259Z; git: aa1c656c315c011c01e7b21aabb04066635b9f67; jvm 1.8.0_262-b10
[main] INFO org.eclipse.jetty.server.AbstractConnector - Started ServerConnector@195c5803{HTTP/1.1,[http/1.1]}{0.0.0.0:9090}
[main] INFO org.eclipse.jetty.server.Server - Started @12816ms
[main] INFO com.smartsheet.api.internal.http.DefaultHttpClient - GET http://localhost:9090/1.1/sheets/1234/columns?include=filters%2Cformat&includeAll=true, Response Code:200, Request completed in 41 ms
[main] INFO org.eclipse.jetty.server.AbstractConnector - Stopped ServerConnector@195c5803{HTTP/1.1,[http/1.1]}{0.0.0.0:9090}
[main] INFO org.eclipse.jetty.server.Server - jetty-9.4.17.v20190418; built: 2019-04-18T19:45:35.259Z; git: aa1c656c315c011c01e7b21aabb04066635b9f67; jvm 1.8.0_262-b10
[main] INFO org.eclipse.jetty.server.AbstractConnector - Started ServerConnector@23938bf7{HTTP/1.1,[http/1.1]}{0.0.0.0:9090}
[main] INFO org.eclipse.jetty.server.Server - Started @12955ms
[main] INFO org.eclipse.jetty.server.AbstractConnector - Stopped ServerConnector@23938bf7{HTTP/1.1,[http/1.1]}{0.0.0.0:9090}
[main] INFO org.eclipse.jetty.server.Server - jetty-9.4.17.v20190418; built: 2019-04-18T19:45:35.259Z; git: aa1c656c315c011c01e7b21aabb04066635b9f67; jvm 1.8.0_262-b10
[main] INFO org.eclipse.jetty.server.AbstractConnector - Started ServerConnector@14eae244{HTTP/1.1,[http/1.1]}{0.0.0.0:9090}
[main] INFO org.eclipse.jetty.server.Server - Started @13030ms
[main] INFO com.smartsheet.api.internal.http.DefaultHttpClient - GET http://localhost:9090/1.1/sheets/123/columns/456?include=filters, Response Code:200, Request completed in 16 ms
[main] INFO org.eclipse.jetty.server.AbstractConnector - Stopped ServerConnector@14eae244{HTTP/1.1,[http/1.1]}{0.0.0.0:9090}
Tests run: 6, Failures: 0, Errors: 0, Skipped: 0, Time elapsed: 0.572 sec - in com.smartsheet.api.internal.SheetColumnResourcesImplTest
Running com.smartsheet.api.internal.GroupResourcesImplTest
[main] INFO org.eclipse.jetty.server.Server - jetty-9.4.17.v20190418; built: 2019-04-18T19:45:35.259Z; git: aa1c656c315c011c01e7b21aabb04066635b9f67; jvm 1.8.0_262-b10
[main] INFO org.eclipse.jetty.server.AbstractConnector - Started ServerConnector@55bd9d1{HTTP/1.1,[http/1.1]}{0.0.0.0:9090}
[main] INFO org.eclipse.jetty.server.Server - Started @13091ms
[main] INFO com.smartsheet.api.internal.http.DefaultHttpClient - DELETE http://localhost:9090/1.1/groups/1234, Response Code:200, Request completed in 8 ms
[main] INFO org.eclipse.jetty.server.AbstractConnector - Stopped ServerConnector@55bd9d1{HTTP/1.1,[http/1.1]}{0.0.0.0:9090}
[main] INFO org.eclipse.jetty.server.Server - jetty-9.4.17.v20190418; built: 2019-04-18T19:45:35.259Z; git: aa1c656c315c011c01e7b21aabb04066635b9f67; jvm 1.8.0_262-b10
[main] INFO org.eclipse.jetty.server.AbstractConnector - Started ServerConnector@50564f77{HTTP/1.1,[http/1.1]}{0.0.0.0:9090}
[main] INFO org.eclipse.jetty.server.Server - Started @13145ms
[main] INFO com.smartsheet.api.internal.http.DefaultHttpClient - DELETE http://localhost:9090/1.1/groups/1234/members/1234, Response Code:200, Request completed in 14 ms
[main] INFO org.eclipse.jetty.server.AbstractConnector - Stopped ServerConnector@50564f77{HTTP/1.1,[http/1.1]}{0.0.0.0:9090}
[main] INFO org.eclipse.jetty.server.Server - jetty-9.4.17.v20190418; built: 2019-04-18T19:45:35.259Z; git: aa1c656c315c011c01e7b21aabb04066635b9f67; jvm 1.8.0_262-b10
[main] INFO org.eclipse.jetty.server.AbstractConnector - Started ServerConnector@7cb81ae{HTTP/1.1,[http/1.1]}{0.0.0.0:9090}
[main] INFO org.eclipse.jetty.server.Server - Started @13201ms
[main] INFO com.smartsheet.api.internal.http.DefaultHttpClient - PUT http://localhost:9090/1.1/groups/123, Response Code:200, Request completed in 5 ms
[main] INFO org.eclipse.jetty.server.AbstractConnector - Stopped ServerConnector@7cb81ae{HTTP/1.1,[http/1.1]}{0.0.0.0:9090}
[main] INFO org.eclipse.jetty.server.Server - jetty-9.4.17.v20190418; built: 2019-04-18T19:45:35.259Z; git: aa1c656c315c011c01e7b21aabb04066635b9f67; jvm 1.8.0_262-b10
[main] INFO org.eclipse.jetty.server.AbstractConnector - Started ServerConnector@50853850{HTTP/1.1,[http/1.1]}{0.0.0.0:9090}
[main] INFO org.eclipse.jetty.server.Server - Started @13251ms
[main] INFO com.smartsheet.api.internal.http.DefaultHttpClient - POST http://localhost:9090/1.1/groups, Response Code:200, Request completed in 8 ms
[main] INFO org.eclipse.jetty.server.AbstractConnector - Stopped ServerConnector@50853850{HTTP/1.1,[http/1.1]}{0.0.0.0:9090}
[main] INFO org.eclipse.jetty.server.Server - jetty-9.4.17.v20190418; built: 2019-04-18T19:45:35.259Z; git: aa1c656c315c011c01e7b21aabb04066635b9f67; jvm 1.8.0_262-b10
[main] INFO org.eclipse.jetty.server.AbstractConnector - Started ServerConnector@4bd0d62f{HTTP/1.1,[http/1.1]}{0.0.0.0:9090}
[main] INFO org.eclipse.jetty.server.Server - Started @13328ms
[main] INFO com.smartsheet.api.internal.http.DefaultHttpClient - POST http://localhost:9090/1.1/groups/1234/members, Response Code:200, Request completed in 7 ms
[main] INFO org.eclipse.jetty.server.AbstractConnector - Stopped ServerConnector@4bd0d62f{HTTP/1.1,[http/1.1]}{0.0.0.0:9090}
[main] INFO org.eclipse.jetty.server.Server - jetty-9.4.17.v20190418; built: 2019-04-18T19:45:35.259Z; git: aa1c656c315c011c01e7b21aabb04066635b9f67; jvm 1.8.0_262-b10
[main] INFO org.eclipse.jetty.server.AbstractConnector - Started ServerConnector@1ee47336{HTTP/1.1,[http/1.1]}{0.0.0.0:9090}
[main] INFO org.eclipse.jetty.server.Server - Started @13425ms
[main] INFO org.eclipse.jetty.server.AbstractConnector - Stopped ServerConnector@1ee47336{HTTP/1.1,[http/1.1]}{0.0.0.0:9090}
[main] INFO org.eclipse.jetty.server.Server - jetty-9.4.17.v20190418; built: 2019-04-18T19:45:35.259Z; git: aa1c656c315c011c01e7b21aabb04066635b9f67; jvm 1.8.0_262-b10
[main] INFO org.eclipse.jetty.server.AbstractConnector - Started ServerConnector@164c2914{HTTP/1.1,[http/1.1]}{0.0.0.0:9090}
[main] INFO org.eclipse.jetty.server.Server - Started @13448ms
[main] INFO com.smartsheet.api.internal.http.DefaultHttpClient - GET http://localhost:9090/1.1/groups/123, Response Code:200, Request completed in 7 ms
[main] INFO org.eclipse.jetty.server.AbstractConnector - Stopped ServerConnector@164c2914{HTTP/1.1,[http/1.1]}{0.0.0.0:9090}
[main] INFO org.eclipse.jetty.server.Server - jetty-9.4.17.v20190418; built: 2019-04-18T19:45:35.259Z; git: aa1c656c315c011c01e7b21aabb04066635b9f67; jvm 1.8.0_262-b10
[main] INFO org.eclipse.jetty.server.AbstractConnector - Started ServerConnector@68ae86a2{HTTP/1.1,[http/1.1]}{0.0.0.0:9090}
[main] INFO org.eclipse.jetty.server.Server - Started @13512ms
[main] INFO com.smartsheet.api.internal.http.DefaultHttpClient - GET http://localhost:9090/1.1/groups?pageSize=1&includeAll=false&page=1, Response Code:200, Request completed in 24 ms
[main] INFO org.eclipse.jetty.server.AbstractConnector - Stopped ServerConnector@68ae86a2{HTTP/1.1,[http/1.1]}{0.0.0.0:9090}
Tests run: 8, Failures: 0, Errors: 0, Skipped: 0, Time elapsed: 0.501 sec - in com.smartsheet.api.internal.GroupResourcesImplTest
Running com.smartsheet.api.internal.RowDiscussionResourcesImplTest
[main] INFO org.eclipse.jetty.server.Server - jetty-9.4.17.v20190418; built: 2019-04-18T19:45:35.259Z; git: aa1c656c315c011c01e7b21aabb04066635b9f67; jvm 1.8.0_262-b10
[main] INFO org.eclipse.jetty.server.AbstractConnector - Started ServerConnector@33a8f3e7{HTTP/1.1,[http/1.1]}{0.0.0.0:9090}
[main] INFO org.eclipse.jetty.server.Server - Started @13632ms
[main] INFO org.eclipse.jetty.server.AbstractConnector - Stopped ServerConnector@33a8f3e7{HTTP/1.1,[http/1.1]}{0.0.0.0:9090}
[main] INFO org.eclipse.jetty.server.Server - jetty-9.4.17.v20190418; built: 2019-04-18T19:45:35.259Z; git: aa1c656c315c011c01e7b21aabb04066635b9f67; jvm 1.8.0_262-b10
[main] INFO org.eclipse.jetty.server.AbstractConnector - Started ServerConnector@48b9ee43{HTTP/1.1,[http/1.1]}{0.0.0.0:9090}
[main] INFO org.eclipse.jetty.server.Server - Started @13868ms
[main] INFO com.smartsheet.api.internal.http.DefaultHttpClient - GET http://localhost:9090/1.1/sheets/1234/rows/5678/discussions?include=comments?pageSize=1&includeAll=false&page=1, Response Code:200, Request completed in 27 ms
[main] INFO org.eclipse.jetty.server.AbstractConnector - Stopped ServerConnector@48b9ee43{HTTP/1.1,[http/1.1]}{0.0.0.0:9090}
[main] INFO org.eclipse.jetty.server.Server - jetty-9.4.17.v20190418; built: 2019-04-18T19:45:35.259Z; git: aa1c656c315c011c01e7b21aabb04066635b9f67; jvm 1.8.0_262-b10
[main] INFO org.eclipse.jetty.server.AbstractConnector - Started ServerConnector@348143e1{HTTP/1.1,[http/1.1]}{0.0.0.0:9090}
[main] INFO org.eclipse.jetty.server.Server - Started @13952ms
[main] INFO com.smartsheet.api.internal.http.DefaultHttpClient - POST http://localhost:9090/1.1/sheets/1234/rows/5678/discussions, Response Code:200, Request completed in 31 ms
[main] INFO org.eclipse.jetty.server.AbstractConnector - Stopped ServerConnector@348143e1{HTTP/1.1,[http/1.1]}{0.0.0.0:9090}
Tests run: 3, Failures: 0, Errors: 0, Skipped: 0, Time elapsed: 0.437 sec - in com.smartsheet.api.internal.RowDiscussionResourcesImplTest
Running com.smartsheet.api.internal.util.QueryUtilTest
Tests run: 2, Failures: 0, Errors: 0, Skipped: 0, Time elapsed: 0 sec - in com.smartsheet.api.internal.util.QueryUtilTest
Running com.smartsheet.api.internal.util.DeleteUserParametersTest
Tests run: 2, Failures: 0, Errors: 0, Skipped: 0, Time elapsed: 0 sec - in com.smartsheet.api.internal.util.DeleteUserParametersTest
Running com.smartsheet.api.internal.util.StreamUtilTest
same stream returned (reset)
Tests run: 1, Failures: 0, Errors: 0, Skipped: 0, Time elapsed: 0 sec - in com.smartsheet.api.internal.util.StreamUtilTest
Running com.smartsheet.api.internal.ShareResourcesImplTest
[main] INFO org.eclipse.jetty.server.Server - jetty-9.4.17.v20190418; built: 2019-04-18T19:45:35.259Z; git: aa1c656c315c011c01e7b21aabb04066635b9f67; jvm 1.8.0_262-b10
[main] INFO org.eclipse.jetty.server.AbstractConnector - Started ServerConnector@6a0096a8{HTTP/1.1,[http/1.1]}{0.0.0.0:9090}
[main] INFO org.eclipse.jetty.server.Server - Started @14026ms
[main] INFO com.smartsheet.api.internal.http.DefaultHttpClient - DELETE http://localhost:9090/1.1/sheets/1234/shares/fhqwhgads, Response Code:200, Request completed in 4 ms
[main] INFO org.eclipse.jetty.server.AbstractConnector - Stopped ServerConnector@6a0096a8{HTTP/1.1,[http/1.1]}{0.0.0.0:9090}
[main] INFO org.eclipse.jetty.server.Server - jetty-9.4.17.v20190418; built: 2019-04-18T19:45:35.259Z; git: aa1c656c315c011c01e7b21aabb04066635b9f67; jvm 1.8.0_262-b10
[main] INFO org.eclipse.jetty.server.AbstractConnector - Started ServerConnector@7d364fb5{HTTP/1.1,[http/1.1]}{0.0.0.0:9090}
[main] INFO org.eclipse.jetty.server.Server - Started @14100ms
[main] INFO com.smartsheet.api.internal.http.DefaultHttpClient - GET http://localhost:9090/1.1/sheets/1234/shares/fhqwhgads, Response Code:200, Request completed in 4 ms
[main] INFO org.eclipse.jetty.server.AbstractConnector - Stopped ServerConnector@7d364fb5{HTTP/1.1,[http/1.1]}{0.0.0.0:9090}
[main] INFO org.eclipse.jetty.server.Server - jetty-9.4.17.v20190418; built: 2019-04-18T19:45:35.259Z; git: aa1c656c315c011c01e7b21aabb04066635b9f67; jvm 1.8.0_262-b10
[main] INFO org.eclipse.jetty.server.AbstractConnector - Started ServerConnector@525b416f{HTTP/1.1,[http/1.1]}{0.0.0.0:9090}
[main] INFO org.eclipse.jetty.server.Server - Started @14132ms
[main] INFO org.eclipse.jetty.server.AbstractConnector - Stopped ServerConnector@525b416f{HTTP/1.1,[http/1.1]}{0.0.0.0:9090}
[main] INFO org.eclipse.jetty.server.Server - jetty-9.4.17.v20190418; built: 2019-04-18T19:45:35.259Z; git: aa1c656c315c011c01e7b21aabb04066635b9f67; jvm 1.8.0_262-b10
[main] INFO org.eclipse.jetty.server.AbstractConnector - Started ServerConnector@7101fb1c{HTTP/1.1,[http/1.1]}{0.0.0.0:9090}
[main] INFO org.eclipse.jetty.server.Server - Started @14213ms
[main] INFO com.smartsheet.api.internal.http.DefaultHttpClient - PUT http://localhost:9090/1.1/sheets/123/shares/null, Response Code:200, Request completed in 4 ms
[main] INFO org.eclipse.jetty.server.AbstractConnector - Stopped ServerConnector@7101fb1c{HTTP/1.1,[http/1.1]}{0.0.0.0:9090}
[main] INFO org.eclipse.jetty.server.Server - jetty-9.4.17.v20190418; built: 2019-04-18T19:45:35.259Z; git: aa1c656c315c011c01e7b21aabb04066635b9f67; jvm 1.8.0_262-b10
[main] INFO org.eclipse.jetty.server.AbstractConnector - Started ServerConnector@311a569d{HTTP/1.1,[http/1.1]}{0.0.0.0:9090}
[main] INFO org.eclipse.jetty.server.Server - Started @14247ms
[main] INFO org.eclipse.jetty.server.AbstractConnector - Stopped ServerConnector@311a569d{HTTP/1.1,[http/1.1]}{0.0.0.0:9090}
[main] INFO org.eclipse.jetty.server.Server - jetty-9.4.17.v20190418; built: 2019-04-18T19:45:35.259Z; git: aa1c656c315c011c01e7b21aabb04066635b9f67; jvm 1.8.0_262-b10
[main] INFO org.eclipse.jetty.server.AbstractConnector - Started ServerConnector@4dd94931{HTTP/1.1,[http/1.1]}{0.0.0.0:9090}
[main] INFO org.eclipse.jetty.server.Server - Started @14270ms
[main] INFO com.smartsheet.api.internal.http.DefaultHttpClient - GET http://localhost:9090/1.1/sheets/2906571706525572/shares?pageSize=1&includeAll=false&page=1, Response Code:200, Request completed in 17 ms
[main] INFO org.eclipse.jetty.server.AbstractConnector - Stopped ServerConnector@4dd94931{HTTP/1.1,[http/1.1]}{0.0.0.0:9090}
[main] INFO org.eclipse.jetty.server.Server - jetty-9.4.17.v20190418; built: 2019-04-18T19:45:35.259Z; git: aa1c656c315c011c01e7b21aabb04066635b9f67; jvm 1.8.0_262-b10
[main] INFO org.eclipse.jetty.server.AbstractConnector - Started ServerConnector@2e4084e0{HTTP/1.1,[http/1.1]}{0.0.0.0:9090}
[main] INFO org.eclipse.jetty.server.Server - Started @14306ms
[main] INFO com.smartsheet.api.internal.http.DefaultHttpClient - POST http://localhost:9090/1.1/sheets/1234/shares?sendEmail=true, Response Code:200, Request completed in 2 ms
[main] INFO org.eclipse.jetty.server.AbstractConnector - Stopped ServerConnector@2e4084e0{HTTP/1.1,[http/1.1]}{0.0.0.0:9090}
Tests run: 7, Failures: 0, Errors: 0, Skipped: 0, Time elapsed: 0.024 sec - in com.smartsheet.api.internal.ShareResourcesImplTest
Running com.smartsheet.api.internal.CommentAttachmentResourcesImplTest
[main] INFO org.eclipse.jetty.server.Server - jetty-9.4.17.v20190418; built: 2019-04-18T19:45:35.259Z; git: aa1c656c315c011c01e7b21aabb04066635b9f67; jvm 1.8.0_262-b10
[main] INFO org.eclipse.jetty.server.AbstractConnector - Started ServerConnector@3c744de9{HTTP/1.1,[http/1.1]}{0.0.0.0:9090}
[main] INFO org.eclipse.jetty.server.Server - Started @14324ms
[main] INFO com.smartsheet.api.internal.http.DefaultHttpClient - POST http://localhost:9090/1.1/sheets/1234/comments/345/attachments, Response Code:200, Request completed in 51 ms
[main] INFO org.eclipse.jetty.server.AbstractConnector - Stopped ServerConnector@3c744de9{HTTP/1.1,[http/1.1]}{0.0.0.0:9090}
[main] INFO org.eclipse.jetty.server.Server - jetty-9.4.17.v20190418; built: 2019-04-18T19:45:35.259Z; git: aa1c656c315c011c01e7b21aabb04066635b9f67; jvm 1.8.0_262-b10
[main] INFO org.eclipse.jetty.server.AbstractConnector - Started ServerConnector@62ee252b{HTTP/1.1,[http/1.1]}{0.0.0.0:9090}
[main] INFO org.eclipse.jetty.server.Server - Started @14393ms
[main] INFO com.smartsheet.api.internal.http.DefaultHttpClient - POST http://localhost:9090/1.1/sheets/1234/comments/345/attachments, Response Code:200, Request completed in 63 ms
[main] INFO org.eclipse.jetty.server.AbstractConnector - Stopped ServerConnector@62ee252b{HTTP/1.1,[http/1.1]}{0.0.0.0:9090}
[main] INFO org.eclipse.jetty.server.Server - jetty-9.4.17.v20190418; built: 2019-04-18T19:45:35.259Z; git: aa1c656c315c011c01e7b21aabb04066635b9f67; jvm 1.8.0_262-b10
[main] INFO org.eclipse.jetty.server.AbstractConnector - Started ServerConnector@25325236{HTTP/1.1,[http/1.1]}{0.0.0.0:9090}
[main] INFO org.eclipse.jetty.server.Server - Started @14479ms
[main] INFO com.smartsheet.api.internal.http.DefaultHttpClient - POST http://localhost:9090/1.1/sheets/1234/comments/3456/attachments, Response Code:200, Request completed in 5 ms
[main] INFO org.eclipse.jetty.server.AbstractConnector - Stopped ServerConnector@25325236{HTTP/1.1,[http/1.1]}{0.0.0.0:9090}
Tests run: 3, Failures: 0, Errors: 0, Skipped: 0, Time elapsed: 0.131 sec - in com.smartsheet.api.internal.CommentAttachmentResourcesImplTest
Running com.smartsheet.api.internal.AbstractResourcesTest
Tests run: 2, Failures: 0, Errors: 0, Skipped: 0, Time elapsed: 0.001 sec - in com.smartsheet.api.internal.AbstractResourcesTest
Running com.smartsheet.api.internal.FavoriteResourcesImplTest
[main] INFO org.eclipse.jetty.server.Server - jetty-9.4.17.v20190418; built: 2019-04-18T19:45:35.259Z; git: aa1c656c315c011c01e7b21aabb04066635b9f67; jvm 1.8.0_262-b10
[main] INFO org.eclipse.jetty.server.AbstractConnector - Started ServerConnector@3c6c7782{HTTP/1.1,[http/1.1]}{0.0.0.0:9090}
[main] INFO org.eclipse.jetty.server.Server - Started @14533ms
[main] INFO com.smartsheet.api.internal.http.DefaultHttpClient - POST http://localhost:9090/1.1/favorites/, Response Code:200, Request completed in 36 ms
[main] INFO org.eclipse.jetty.server.AbstractConnector - Stopped ServerConnector@3c6c7782{HTTP/1.1,[http/1.1]}{0.0.0.0:9090}
[main] INFO org.eclipse.jetty.server.Server - jetty-9.4.17.v20190418; built: 2019-04-18T19:45:35.259Z; git: aa1c656c315c011c01e7b21aabb04066635b9f67; jvm 1.8.0_262-b10
[main] INFO org.eclipse.jetty.server.AbstractConnector - Started ServerConnector@613452e1{HTTP/1.1,[http/1.1]}{0.0.0.0:9090}
[main] INFO org.eclipse.jetty.server.Server - Started @14763ms
[main] INFO com.smartsheet.api.internal.http.DefaultHttpClient - GET http://localhost:9090/1.1/favorites?pageSize=1&includeAll=false&page=1, Response Code:200, Request completed in 43 ms
[main] INFO org.eclipse.jetty.server.AbstractConnector - Stopped ServerConnector@613452e1{HTTP/1.1,[http/1.1]}{0.0.0.0:9090}
[main] INFO org.eclipse.jetty.server.Server - jetty-9.4.17.v20190418; built: 2019-04-18T19:45:35.259Z; git: aa1c656c315c011c01e7b21aabb04066635b9f67; jvm 1.8.0_262-b10
[main] INFO org.eclipse.jetty.server.AbstractConnector - Started ServerConnector@4639d92c{HTTP/1.1,[http/1.1]}{0.0.0.0:9090}
[main] INFO org.eclipse.jetty.server.Server - Started @14880ms
[main] INFO com.smartsheet.api.internal.http.DefaultHttpClient - DELETE http://localhost:9090/1.1/favorites/folder?objectIds=345%2C123, Response Code:200, Request completed in 64 ms
[main] INFO org.eclipse.jetty.server.AbstractConnector - Stopped ServerConnector@4639d92c{HTTP/1.1,[http/1.1]}{0.0.0.0:9090}
Tests run: 3, Failures: 0, Errors: 0, Skipped: 0, Time elapsed: 0.489 sec - in com.smartsheet.api.internal.FavoriteResourcesImplTest
Running com.smartsheet.api.internal.TemplateResourcesImplTest
[main] INFO org.eclipse.jetty.server.Server - jetty-9.4.17.v20190418; built: 2019-04-18T19:45:35.259Z; git: aa1c656c315c011c01e7b21aabb04066635b9f67; jvm 1.8.0_262-b10
[main] INFO org.eclipse.jetty.server.AbstractConnector - Started ServerConnector@24287e5e{HTTP/1.1,[http/1.1]}{0.0.0.0:9090}
[main] INFO org.eclipse.jetty.server.Server - Started @15080ms
[main] INFO com.smartsheet.api.internal.http.DefaultHttpClient - GET http://localhost:9090/1.1/templates?pageSize=1&includeAll=false&page=1, Response Code:200, Request completed in 43 ms
[main] INFO org.eclipse.jetty.server.AbstractConnector - Stopped ServerConnector@24287e5e{HTTP/1.1,[http/1.1]}{0.0.0.0:9090}
[main] INFO org.eclipse.jetty.server.Server - jetty-9.4.17.v20190418; built: 2019-04-18T19:45:35.259Z; git: aa1c656c315c011c01e7b21aabb04066635b9f67; jvm 1.8.0_262-b10
[main] INFO org.eclipse.jetty.server.AbstractConnector - Started ServerConnector@3a96b5a1{HTTP/1.1,[http/1.1]}{0.0.0.0:9090}
[main] INFO org.eclipse.jetty.server.Server - Started @15235ms
[main] INFO com.smartsheet.api.internal.http.DefaultHttpClient - GET http://localhost:9090/1.1/templates/public?pageSize=1&includeAll=false&page=1, Response Code:200, Request completed in 24 ms
[main] INFO org.eclipse.jetty.server.AbstractConnector - Stopped ServerConnector@3a96b5a1{HTTP/1.1,[http/1.1]}{0.0.0.0:9090}
[main] INFO org.eclipse.jetty.server.Server - jetty-9.4.17.v20190418; built: 2019-04-18T19:45:35.259Z; git: aa1c656c315c011c01e7b21aabb04066635b9f67; jvm 1.8.0_262-b10
[main] INFO org.eclipse.jetty.server.AbstractConnector - Started ServerConnector@1e4cf0e5{HTTP/1.1,[http/1.1]}{0.0.0.0:9090}
[main] INFO org.eclipse.jetty.server.Server - Started @15344ms
[main] INFO org.eclipse.jetty.server.AbstractConnector - Stopped ServerConnector@1e4cf0e5{HTTP/1.1,[http/1.1]}{0.0.0.0:9090}
Tests run: 3, Failures: 0, Errors: 0, Skipped: 0, Time elapsed: 0.387 sec - in com.smartsheet.api.internal.TemplateResourcesImplTest
Running com.smartsheet.api.internal.DiscussionAttachmentResourcesTest
[main] INFO org.eclipse.jetty.server.Server - jetty-9.4.17.v20190418; built: 2019-04-18T19:45:35.259Z; git: aa1c656c315c011c01e7b21aabb04066635b9f67; jvm 1.8.0_262-b10
[main] INFO org.eclipse.jetty.server.AbstractConnector - Started ServerConnector@17746fcb{HTTP/1.1,[http/1.1]}{0.0.0.0:9090}
[main] INFO org.eclipse.jetty.server.Server - Started @15440ms
[main] INFO org.eclipse.jetty.server.AbstractConnector - Stopped ServerConnector@17746fcb{HTTP/1.1,[http/1.1]}{0.0.0.0:9090}
[main] INFO org.eclipse.jetty.server.Server - jetty-9.4.17.v20190418; built: 2019-04-18T19:45:35.259Z; git: aa1c656c315c011c01e7b21aabb04066635b9f67; jvm 1.8.0_262-b10
[main] INFO org.eclipse.jetty.server.AbstractConnector - Started ServerConnector@1ae2b0d0{HTTP/1.1,[http/1.1]}{0.0.0.0:9090}
[main] INFO org.eclipse.jetty.server.Server - Started @15532ms
[main] INFO org.eclipse.jetty.server.AbstractConnector - Stopped ServerConnector@1ae2b0d0{HTTP/1.1,[http/1.1]}{0.0.0.0:9090}
[main] INFO org.eclipse.jetty.server.Server - jetty-9.4.17.v20190418; built: 2019-04-18T19:45:35.259Z; git: aa1c656c315c011c01e7b21aabb04066635b9f67; jvm 1.8.0_262-b10
[main] INFO org.eclipse.jetty.server.AbstractConnector - Started ServerConnector@4fa650e1{HTTP/1.1,[http/1.1]}{0.0.0.0:9090}
[main] INFO org.eclipse.jetty.server.Server - Started @15632ms
[main] INFO org.eclipse.jetty.server.AbstractConnector - Stopped ServerConnector@4fa650e1{HTTP/1.1,[http/1.1]}{0.0.0.0:9090}
Tests run: 3, Failures: 0, Errors: 0, Skipped: 0, Time elapsed: 0.297 sec - in com.smartsheet.api.internal.DiscussionAttachmentResourcesTest
Running com.smartsheet.api.internal.oauth.OAuthFlowImplTest
[main] INFO org.eclipse.jetty.server.Server - jetty-9.4.17.v20190418; built: 2019-04-18T19:45:35.259Z; git: aa1c656c315c011c01e7b21aabb04066635b9f67; jvm 1.8.0_262-b10
[main] INFO org.eclipse.jetty.server.AbstractConnector - Started ServerConnector@40957c86{HTTP/1.1,[http/1.1]}{0.0.0.0:9090}
[main] INFO org.eclipse.jetty.server.Server - Started @15743ms
[main] INFO com.smartsheet.api.internal.http.DefaultHttpClient - DELETE https://api.smartsheet.com/1.1/token, Response Code:401, Request completed in 492 ms
[main] WARN com.smartsheet.api.internal.http.DefaultHttpClient - {request:{command:'DELETE https://api.smartsheet.com/1.1/token',headers:{'Accept-Encoding':'gzip,deflate','Authorization':'Bearer ****oken','Connection':'Keep-Alive','Host':'api.smartsheet.com','User-Agent':'Apache-HttpClient/4.5 (Java/1.8.0_262)',},},response:{status:'HTTP/1.1 401 Unauthorized',headers:{'Connection':'keep-alive','Content-Type':'application/json;charset=UTF-8','Date':'Thu, 30 Jul 2020 21:49:24 GMT','Vary':'Accept-Encoding','WWW-Authenticate':'Basic realm="API"',},body:'{
  "errorCode" : 1002,
  "message" : "Your Access Token is invalid.",
  "refId" : "10b3pg4ylmsij"
}'}}
[main] INFO org.eclipse.jetty.server.AbstractConnector - Stopped ServerConnector@40957c86{HTTP/1.1,[http/1.1]}{0.0.0.0:9090}
[main] INFO org.eclipse.jetty.server.Server - jetty-9.4.17.v20190418; built: 2019-04-18T19:45:35.259Z; git: aa1c656c315c011c01e7b21aabb04066635b9f67; jvm 1.8.0_262-b10
[main] INFO org.eclipse.jetty.server.AbstractConnector - Started ServerConnector@55aa97df{HTTP/1.1,[http/1.1]}{0.0.0.0:9090}
[main] INFO org.eclipse.jetty.server.Server - Started @16349ms
[main] INFO org.eclipse.jetty.server.AbstractConnector - Stopped ServerConnector@55aa97df{HTTP/1.1,[http/1.1]}{0.0.0.0:9090}
[main] INFO org.eclipse.jetty.server.Server - jetty-9.4.17.v20190418; built: 2019-04-18T19:45:35.259Z; git: aa1c656c315c011c01e7b21aabb04066635b9f67; jvm 1.8.0_262-b10
[main] INFO org.eclipse.jetty.server.AbstractConnector - Started ServerConnector@4fb5adb8{HTTP/1.1,[http/1.1]}{0.0.0.0:9090}
[main] INFO org.eclipse.jetty.server.Server - Started @16552ms
[main] INFO com.smartsheet.api.internal.http.DefaultHttpClient - POST http://localhost:9090/1.1/token?grant_type=authorization_code&redirect_uri=redirectURL&client_id=clientID&hash=cd3abb7b0364e64bca6c1e1d007b685241ad77a378b7762d5e2c53a819a9d483, Response Code:403, Request completed in 67 ms
[main] WARN com.smartsheet.api.internal.http.DefaultHttpClient - {request:{command:'POST http://localhost:9090/1.1/token?grant_type=authorization_code&redirect_uri=redirectURL&client_id=clientID&hash=cd3abb7b0364e64bca6c1e1d007b685241ad77a378b7762d5e2c53a819a9d483',headers:{'Accept-Encoding':'gzip,deflate','Connection':'Keep-Alive','Content-Length':'0','Content-Type':'application/x-www-form-urlencoded','Host':'localhost:9090','User-Agent':'Apache-HttpClient/4.5 (Java/1.8.0_262)',},},response:{status:'HTTP/1.1 403 Forbidden',headers:{'Content-Length':'82','Content-Type':'application/x-www-form-urlencoded','Date':'Thu, 30 Jul 2020 21:49:25 GMT','Server':'Jetty(9.4.17.v20190418)',},body:'**contentType 'application/x-www-form-urlencoded' not logged**'}}
[main] INFO org.eclipse.jetty.server.AbstractConnector - Stopped ServerConnector@4fb5adb8{HTTP/1.1,[http/1.1]}{0.0.0.0:9090}
[main] INFO org.eclipse.jetty.server.Server - jetty-9.4.17.v20190418; built: 2019-04-18T19:45:35.259Z; git: aa1c656c315c011c01e7b21aabb04066635b9f67; jvm 1.8.0_262-b10
[main] INFO org.eclipse.jetty.server.AbstractConnector - Started ServerConnector@44b522ce{HTTP/1.1,[http/1.1]}{0.0.0.0:9090}
[main] INFO org.eclipse.jetty.server.Server - Started @16831ms
[main] INFO org.eclipse.jetty.server.AbstractConnector - Stopped ServerConnector@44b522ce{HTTP/1.1,[http/1.1]}{0.0.0.0:9090}
[main] INFO org.eclipse.jetty.server.Server - jetty-9.4.17.v20190418; built: 2019-04-18T19:45:35.259Z; git: aa1c656c315c011c01e7b21aabb04066635b9f67; jvm 1.8.0_262-b10
[main] INFO org.eclipse.jetty.server.AbstractConnector - Started ServerConnector@49c819c7{HTTP/1.1,[http/1.1]}{0.0.0.0:9090}
[main] INFO org.eclipse.jetty.server.Server - Started @16960ms
[main] INFO com.smartsheet.api.internal.http.DefaultHttpClient - POST https://api.smartsheet.com/1.1/token?refresh_token=refreshToken&grant_type=refresh_token&redirect_uri=redirectURL&client_id=clientID&hash=56dbbb861976ba8efd33ee831bccfd10daacc82715de6404ff1fd78f14f931d7, Response Code:401, Request completed in 474 ms
[main] WARN com.smartsheet.api.internal.http.DefaultHttpClient - {request:{command:'POST https://api.smartsheet.com/1.1/token?refresh_token=refreshToken&grant_type=refresh_token&redirect_uri=redirectURL&client_id=clientID&hash=56dbbb861976ba8efd33ee831bccfd10daacc82715de6404ff1fd78f14f931d7',headers:{'Accept-Encoding':'gzip,deflate','Connection':'Keep-Alive','Content-Length':'0','Content-Type':'application/x-www-form-urlencoded','Host':'api.smartsheet.com','User-Agent':'Apache-HttpClient/4.5 (Java/1.8.0_262)',},},response:{status:'HTTP/1.1 401 Unauthorized',headers:{'Connection':'keep-alive','Content-Type':'application/json;charset=UTF-8','Date':'Thu, 30 Jul 2020 21:49:26 GMT','Vary':'Accept-Encoding','WWW-Authenticate':'Basic realm="API"',},body:'{
  "errorCode" : 1067,
  "message" : "Invalid client_id",
  "error" : "invalid_client",
  "refId" : "c2twobov3h2l"
}'}}
[main] INFO org.eclipse.jetty.server.AbstractConnector - Stopped ServerConnector@49c819c7{HTTP/1.1,[http/1.1]}{0.0.0.0:9090}
[main] INFO org.eclipse.jetty.server.Server - jetty-9.4.17.v20190418; built: 2019-04-18T19:45:35.259Z; git: aa1c656c315c011c01e7b21aabb04066635b9f67; jvm 1.8.0_262-b10
[main] INFO org.eclipse.jetty.server.AbstractConnector - Started ServerConnector@7c556af2{HTTP/1.1,[http/1.1]}{0.0.0.0:9090}
[main] INFO org.eclipse.jetty.server.Server - Started @17532ms
[main] INFO org.eclipse.jetty.server.AbstractConnector - Stopped ServerConnector@7c556af2{HTTP/1.1,[http/1.1]}{0.0.0.0:9090}
Tests run: 6, Failures: 0, Errors: 0, Skipped: 0, Time elapsed: 1.912 sec - in com.smartsheet.api.internal.oauth.OAuthFlowImplTest
Running com.smartsheet.api.internal.HomeFolderResourcesImplTest
[main] INFO org.eclipse.jetty.server.Server - jetty-9.4.17.v20190418; built: 2019-04-18T19:45:35.259Z; git: aa1c656c315c011c01e7b21aabb04066635b9f67; jvm 1.8.0_262-b10
[main] INFO org.eclipse.jetty.server.AbstractConnector - Started ServerConnector@13021796{HTTP/1.1,[http/1.1]}{0.0.0.0:9090}
[main] INFO org.eclipse.jetty.server.Server - Started @17664ms
[main] INFO com.smartsheet.api.internal.http.DefaultHttpClient - POST http://localhost:9090/1.1/home/folders, Response Code:200, Request completed in 31 ms
[main] INFO org.eclipse.jetty.server.AbstractConnector - Stopped ServerConnector@13021796{HTTP/1.1,[http/1.1]}{0.0.0.0:9090}
[main] INFO org.eclipse.jetty.server.Server - jetty-9.4.17.v20190418; built: 2019-04-18T19:45:35.259Z; git: aa1c656c315c011c01e7b21aabb04066635b9f67; jvm 1.8.0_262-b10
[main] INFO org.eclipse.jetty.server.AbstractConnector - Started ServerConnector@4b85a64{HTTP/1.1,[http/1.1]}{0.0.0.0:9090}
[main] INFO org.eclipse.jetty.server.Server - Started @17791ms
[main] INFO com.smartsheet.api.internal.http.DefaultHttpClient - GET http://localhost:9090/1.1/home/folders?includeAll=true, Response Code:200, Request completed in 32 ms
[main] INFO org.eclipse.jetty.server.AbstractConnector - Stopped ServerConnector@4b85a64{HTTP/1.1,[http/1.1]}{0.0.0.0:9090}
[main] INFO org.eclipse.jetty.server.Server - jetty-9.4.17.v20190418; built: 2019-04-18T19:45:35.259Z; git: aa1c656c315c011c01e7b21aabb04066635b9f67; jvm 1.8.0_262-b10
[main] INFO org.eclipse.jetty.server.AbstractConnector - Started ServerConnector@7262f848{HTTP/1.1,[http/1.1]}{0.0.0.0:9090}
[main] INFO org.eclipse.jetty.server.Server - Started @17958ms
[main] INFO org.eclipse.jetty.server.AbstractConnector - Stopped ServerConnector@7262f848{HTTP/1.1,[http/1.1]}{0.0.0.0:9090}
Tests run: 3, Failures: 0, Errors: 0, Skipped: 0, Time elapsed: 0.434 sec - in com.smartsheet.api.internal.HomeFolderResourcesImplTest
Running com.smartsheet.api.internal.SearchResourcesImplTest
[main] INFO org.eclipse.jetty.server.Server - jetty-9.4.17.v20190418; built: 2019-04-18T19:45:35.259Z; git: aa1c656c315c011c01e7b21aabb04066635b9f67; jvm 1.8.0_262-b10
[main] INFO org.eclipse.jetty.server.AbstractConnector - Started ServerConnector@239629ed{HTTP/1.1,[http/1.1]}{0.0.0.0:9090}
[main] INFO org.eclipse.jetty.server.Server - Started @18153ms
[main] INFO com.smartsheet.api.internal.http.DefaultHttpClient - GET http://localhost:9090/1.1/search/sheets/1234?query=java, Response Code:200, Request completed in 73 ms
[main] INFO org.eclipse.jetty.server.AbstractConnector - Stopped ServerConnector@239629ed{HTTP/1.1,[http/1.1]}{0.0.0.0:9090}
[main] INFO org.eclipse.jetty.server.Server - jetty-9.4.17.v20190418; built: 2019-04-18T19:45:35.259Z; git: aa1c656c315c011c01e7b21aabb04066635b9f67; jvm 1.8.0_262-b10
[main] INFO org.eclipse.jetty.server.AbstractConnector - Started ServerConnector@119aabf3{HTTP/1.1,[http/1.1]}{0.0.0.0:9090}
[main] INFO org.eclipse.jetty.server.Server - Started @18388ms
[main] INFO org.eclipse.jetty.server.AbstractConnector - Stopped ServerConnector@119aabf3{HTTP/1.1,[http/1.1]}{0.0.0.0:9090}
[main] INFO org.eclipse.jetty.server.Server - jetty-9.4.17.v20190418; built: 2019-04-18T19:45:35.259Z; git: aa1c656c315c011c01e7b21aabb04066635b9f67; jvm 1.8.0_262-b10
[main] INFO org.eclipse.jetty.server.AbstractConnector - Started ServerConnector@436dded{HTTP/1.1,[http/1.1]}{0.0.0.0:9090}
[main] INFO org.eclipse.jetty.server.Server - Started @18555ms
[main] INFO org.eclipse.jetty.server.AbstractConnector - Stopped ServerConnector@436dded{HTTP/1.1,[http/1.1]}{0.0.0.0:9090}
[main] INFO org.eclipse.jetty.server.Server - jetty-9.4.17.v20190418; built: 2019-04-18T19:45:35.259Z; git: aa1c656c315c011c01e7b21aabb04066635b9f67; jvm 1.8.0_262-b10
[main] INFO org.eclipse.jetty.server.AbstractConnector - Started ServerConnector@780a021b{HTTP/1.1,[http/1.1]}{0.0.0.0:9090}
[main] INFO org.eclipse.jetty.server.Server - Started @18684ms
[main] INFO org.eclipse.jetty.server.AbstractConnector - Stopped ServerConnector@780a021b{HTTP/1.1,[http/1.1]}{0.0.0.0:9090}
[main] INFO org.eclipse.jetty.server.Server - jetty-9.4.17.v20190418; built: 2019-04-18T19:45:35.259Z; git: aa1c656c315c011c01e7b21aabb04066635b9f67; jvm 1.8.0_262-b10
[main] INFO org.eclipse.jetty.server.AbstractConnector - Started ServerConnector@6782feb8{HTTP/1.1,[http/1.1]}{0.0.0.0:9090}
[main] INFO org.eclipse.jetty.server.Server - Started @18816ms
[main] INFO com.smartsheet.api.internal.http.DefaultHttpClient - GET http://localhost:9090/1.1/search?query=brett, Response Code:200, Request completed in 54 ms
[main] INFO org.eclipse.jetty.server.AbstractConnector - Stopped ServerConnector@6782feb8{HTTP/1.1,[http/1.1]}{0.0.0.0:9090}
[main] INFO org.eclipse.jetty.server.Server - jetty-9.4.17.v20190418; built: 2019-04-18T19:45:35.259Z; git: aa1c656c315c011c01e7b21aabb04066635b9f67; jvm 1.8.0_262-b10
[main] INFO org.eclipse.jetty.server.AbstractConnector - Started ServerConnector@5c15d1bc{HTTP/1.1,[http/1.1]}{0.0.0.0:9090}
[main] INFO org.eclipse.jetty.server.Server - Started @18987ms
[main] INFO org.eclipse.jetty.server.AbstractConnector - Stopped ServerConnector@5c15d1bc{HTTP/1.1,[http/1.1]}{0.0.0.0:9090}
[main] INFO org.eclipse.jetty.server.Server - jetty-9.4.17.v20190418; built: 2019-04-18T19:45:35.259Z; git: aa1c656c315c011c01e7b21aabb04066635b9f67; jvm 1.8.0_262-b10
[main] INFO org.eclipse.jetty.server.AbstractConnector - Started ServerConnector@69628b3f{HTTP/1.1,[http/1.1]}{0.0.0.0:9090}
[main] INFO org.eclipse.jetty.server.Server - Started @19104ms
[main] INFO org.eclipse.jetty.server.AbstractConnector - Stopped ServerConnector@69628b3f{HTTP/1.1,[http/1.1]}{0.0.0.0:9090}
Tests run: 7, Failures: 0, Errors: 0, Skipped: 0, Time elapsed: 1.108 sec - in com.smartsheet.api.internal.SearchResourcesImplTest
Running com.smartsheet.api.internal.AttachmentVersioningResourcesImplTest
[main] INFO org.eclipse.jetty.server.Server - jetty-9.4.17.v20190418; built: 2019-04-18T19:45:35.259Z; git: aa1c656c315c011c01e7b21aabb04066635b9f67; jvm 1.8.0_262-b10
[main] INFO org.eclipse.jetty.server.AbstractConnector - Started ServerConnector@418ee41b{HTTP/1.1,[http/1.1]}{0.0.0.0:9090}
[main] INFO org.eclipse.jetty.server.Server - Started @19160ms
[main] INFO com.smartsheet.api.internal.http.DefaultHttpClient - POST http://localhost:9090/1.1/sheets/1234/attachments/345/versions, Response Code:200, Request completed in 81 ms
[main] INFO org.eclipse.jetty.server.AbstractConnector - Stopped ServerConnector@418ee41b{HTTP/1.1,[http/1.1]}{0.0.0.0:9090}
[main] INFO org.eclipse.jetty.server.Server - jetty-9.4.17.v20190418; built: 2019-04-18T19:45:35.259Z; git: aa1c656c315c011c01e7b21aabb04066635b9f67; jvm 1.8.0_262-b10
[main] INFO org.eclipse.jetty.server.AbstractConnector - Started ServerConnector@156b3428{HTTP/1.1,[http/1.1]}{0.0.0.0:9090}
[main] INFO org.eclipse.jetty.server.Server - Started @19332ms
[main] INFO com.smartsheet.api.internal.http.DefaultHttpClient - DELETE http://localhost:9090/1.1/sheets/1234/attachments/5678/versions, Response Code:200, Request completed in 19 ms
[main] INFO org.eclipse.jetty.server.AbstractConnector - Stopped ServerConnector@156b3428{HTTP/1.1,[http/1.1]}{0.0.0.0:9090}
[main] INFO org.eclipse.jetty.server.Server - jetty-9.4.17.v20190418; built: 2019-04-18T19:45:35.259Z; git: aa1c656c315c011c01e7b21aabb04066635b9f67; jvm 1.8.0_262-b10
[main] INFO org.eclipse.jetty.server.AbstractConnector - Started ServerConnector@33bc7565{HTTP/1.1,[http/1.1]}{0.0.0.0:9090}
[main] INFO org.eclipse.jetty.server.Server - Started @19475ms
[main] INFO com.smartsheet.api.internal.http.DefaultHttpClient - GET http://localhost:9090/1.1/sheets/1234/attachments/456/versions?pageSize=1&includeAll=false&page=1, Response Code:200, Request completed in 15 ms
[main] INFO org.eclipse.jetty.server.AbstractConnector - Stopped ServerConnector@33bc7565{HTTP/1.1,[http/1.1]}{0.0.0.0:9090}
Tests run: 3, Failures: 0, Errors: 0, Skipped: 0, Time elapsed: 0.434 sec - in com.smartsheet.api.internal.AttachmentVersioningResourcesImplTest
Running com.smartsheet.api.internal.RowAttachmentResourcesImplTest
[main] INFO org.eclipse.jetty.server.Server - jetty-9.4.17.v20190418; built: 2019-04-18T19:45:35.259Z; git: aa1c656c315c011c01e7b21aabb04066635b9f67; jvm 1.8.0_262-b10
[main] INFO org.eclipse.jetty.server.AbstractConnector - Started ServerConnector@4a9463b2{HTTP/1.1,[http/1.1]}{0.0.0.0:9090}
[main] INFO org.eclipse.jetty.server.Server - Started @19639ms
Jul 30, 2020 9:49:28 PM org.apache.http.impl.execchain.RetryExec execute
INFO: I/O exception (java.io.EOFException) caught when processing request to {}->http://localhost:9090: Incorrect stream length, expected: 937000, actual: 936995
[main] WARN com.smartsheet.api.internal.http.DefaultHttpClient - ClientProtocolException null
[main] WARN com.smartsheet.api.internal.http.DefaultHttpClient - {request:{command:'POST http://localhost:9090/1.1/sheets/1234/rows/345/attachments',headers:{'Authorization':'Bearer ****oken','Content-Disposition':'attachment; filename="large_sheet.pdf"','Content-Type':'application/json','User-Agent':'Smartsheet Java SDK/2.93.0/surefire-booter-2.19.1.jar!org.apache.maven.surefire.booter.ForkedBooter/Linux OpenJDK 64-Bit Server VM Oracle Corporation 1.8.0_262',},body:'**possibly-binary(type:application/pdf, len:937000)**'},response:{status:'null',}}
[main] INFO org.eclipse.jetty.server.AbstractConnector - Stopped ServerConnector@4a9463b2{HTTP/1.1,[http/1.1]}{0.0.0.0:9090}
[main] INFO org.eclipse.jetty.server.Server - jetty-9.4.17.v20190418; built: 2019-04-18T19:45:35.259Z; git: aa1c656c315c011c01e7b21aabb04066635b9f67; jvm 1.8.0_262-b10
[main] INFO org.eclipse.jetty.server.AbstractConnector - Started ServerConnector@7890189{HTTP/1.1,[http/1.1]}{0.0.0.0:9090}
[main] INFO org.eclipse.jetty.server.Server - Started @19736ms
[main] INFO com.smartsheet.api.internal.http.DefaultHttpClient - POST http://localhost:9090/1.1/sheets/1234/rows/345/attachments, Response Code:200, Request completed in 125 ms
[main] INFO org.eclipse.jetty.server.AbstractConnector - Stopped ServerConnector@7890189{HTTP/1.1,[http/1.1]}{0.0.0.0:9090}
[main] INFO org.eclipse.jetty.server.Server - jetty-9.4.17.v20190418; built: 2019-04-18T19:45:35.259Z; git: aa1c656c315c011c01e7b21aabb04066635b9f67; jvm 1.8.0_262-b10
[main] INFO org.eclipse.jetty.server.AbstractConnector - Started ServerConnector@502f9271{HTTP/1.1,[http/1.1]}{0.0.0.0:9090}
[main] INFO org.eclipse.jetty.server.Server - Started @19963ms
[main] INFO com.smartsheet.api.internal.http.DefaultHttpClient - POST http://localhost:9090/1.1/sheets/1234/rows/3456/attachments, Response Code:200, Request completed in 59 ms
[main] INFO org.eclipse.jetty.server.AbstractConnector - Stopped ServerConnector@502f9271{HTTP/1.1,[http/1.1]}{0.0.0.0:9090}
[main] INFO org.eclipse.jetty.server.Server - jetty-9.4.17.v20190418; built: 2019-04-18T19:45:35.259Z; git: aa1c656c315c011c01e7b21aabb04066635b9f67; jvm 1.8.0_262-b10
[main] INFO org.eclipse.jetty.server.AbstractConnector - Started ServerConnector@7546be68{HTTP/1.1,[http/1.1]}{0.0.0.0:9090}
[main] INFO org.eclipse.jetty.server.Server - Started @20144ms
[main] INFO com.smartsheet.api.internal.http.DefaultHttpClient - POST http://localhost:9090/1.1/sheets/1234/rows/345/attachments, Response Code:200, Request completed in 121 ms
[main] INFO org.eclipse.jetty.server.AbstractConnector - Stopped ServerConnector@7546be68{HTTP/1.1,[http/1.1]}{0.0.0.0:9090}
[main] INFO org.eclipse.jetty.server.Server - jetty-9.4.17.v20190418; built: 2019-04-18T19:45:35.259Z; git: aa1c656c315c011c01e7b21aabb04066635b9f67; jvm 1.8.0_262-b10
[main] INFO org.eclipse.jetty.server.AbstractConnector - Started ServerConnector@2895e02b{HTTP/1.1,[http/1.1]}{0.0.0.0:9090}
[main] INFO org.eclipse.jetty.server.Server - Started @20366ms
[main] INFO com.smartsheet.api.internal.http.DefaultHttpClient - GET http://localhost:9090/1.1/sheets/1234/rows/456/attachments?pageSize=1&includeAll=false&page=1, Response Code:200, Request completed in 26 ms
[main] INFO org.eclipse.jetty.server.AbstractConnector - Stopped ServerConnector@2895e02b{HTTP/1.1,[http/1.1]}{0.0.0.0:9090}
Tests run: 5, Failures: 0, Errors: 0, Skipped: 0, Time elapsed: 0.846 sec - in com.smartsheet.api.internal.RowAttachmentResourcesImplTest
Running com.smartsheet.api.internal.WorkspaceResourcesImplTest
[main] INFO org.eclipse.jetty.server.Server - jetty-9.4.17.v20190418; built: 2019-04-18T19:45:35.259Z; git: aa1c656c315c011c01e7b21aabb04066635b9f67; jvm 1.8.0_262-b10
[main] INFO org.eclipse.jetty.server.AbstractConnector - Started ServerConnector@4bc76331{HTTP/1.1,[http/1.1]}{0.0.0.0:9090}
[main] INFO org.eclipse.jetty.server.Server - Started @20467ms
[main] INFO com.smartsheet.api.internal.http.DefaultHttpClient - POST http://localhost:9090/1.1/workspaces, Response Code:200, Request completed in 23 ms
[main] INFO org.eclipse.jetty.server.AbstractConnector - Stopped ServerConnector@4bc76331{HTTP/1.1,[http/1.1]}{0.0.0.0:9090}
[main] INFO org.eclipse.jetty.server.Server - jetty-9.4.17.v20190418; built: 2019-04-18T19:45:35.259Z; git: aa1c656c315c011c01e7b21aabb04066635b9f67; jvm 1.8.0_262-b10
[main] INFO org.eclipse.jetty.server.AbstractConnector - Started ServerConnector@69a0e285{HTTP/1.1,[http/1.1]}{0.0.0.0:9090}
[main] INFO org.eclipse.jetty.server.Server - Started @20587ms
[main] INFO com.smartsheet.api.internal.http.DefaultHttpClient - GET http://localhost:9090/1.1/workspaces?pageSize=1&includeAll=false&page=1, Response Code:200, Request completed in 18 ms
[main] INFO org.eclipse.jetty.server.AbstractConnector - Stopped ServerConnector@69a0e285{HTTP/1.1,[http/1.1]}{0.0.0.0:9090}
[main] INFO org.eclipse.jetty.server.Server - jetty-9.4.17.v20190418; built: 2019-04-18T19:45:35.259Z; git: aa1c656c315c011c01e7b21aabb04066635b9f67; jvm 1.8.0_262-b10
[main] INFO org.eclipse.jetty.server.AbstractConnector - Started ServerConnector@2f829755{HTTP/1.1,[http/1.1]}{0.0.0.0:9090}
[main] INFO org.eclipse.jetty.server.Server - Started @20745ms
[main] INFO com.smartsheet.api.internal.http.DefaultHttpClient - POST http://localhost:9090/1.1/workspaces/123/copy, Response Code:200, Request completed in 50 ms
[main] INFO org.eclipse.jetty.server.AbstractConnector - Stopped ServerConnector@2f829755{HTTP/1.1,[http/1.1]}{0.0.0.0:9090}
[main] INFO org.eclipse.jetty.server.Server - jetty-9.4.17.v20190418; built: 2019-04-18T19:45:35.259Z; git: aa1c656c315c011c01e7b21aabb04066635b9f67; jvm 1.8.0_262-b10
[main] INFO org.eclipse.jetty.server.AbstractConnector - Started ServerConnector@bd99c67{HTTP/1.1,[http/1.1]}{0.0.0.0:9090}
[main] INFO org.eclipse.jetty.server.Server - Started @20893ms
[main] INFO com.smartsheet.api.internal.http.DefaultHttpClient - DELETE http://localhost:9090/1.1/workspaces/1234, Response Code:200, Request completed in 42 ms
[main] INFO org.eclipse.jetty.server.AbstractConnector - Stopped ServerConnector@bd99c67{HTTP/1.1,[http/1.1]}{0.0.0.0:9090}
[main] INFO org.eclipse.jetty.server.Server - jetty-9.4.17.v20190418; built: 2019-04-18T19:45:35.259Z; git: aa1c656c315c011c01e7b21aabb04066635b9f67; jvm 1.8.0_262-b10
[main] INFO org.eclipse.jetty.server.AbstractConnector - Started ServerConnector@613b9bd9{HTTP/1.1,[http/1.1]}{0.0.0.0:9090}
[main] INFO org.eclipse.jetty.server.Server - Started @21071ms
[main] INFO org.eclipse.jetty.server.AbstractConnector - Stopped ServerConnector@613b9bd9{HTTP/1.1,[http/1.1]}{0.0.0.0:9090}
[main] INFO org.eclipse.jetty.server.Server - jetty-9.4.17.v20190418; built: 2019-04-18T19:45:35.259Z; git: aa1c656c315c011c01e7b21aabb04066635b9f67; jvm 1.8.0_262-b10
[main] INFO org.eclipse.jetty.server.AbstractConnector - Started ServerConnector@2091b6b9{HTTP/1.1,[http/1.1]}{0.0.0.0:9090}
[main] INFO org.eclipse.jetty.server.Server - Started @21231ms
[main] INFO com.smartsheet.api.internal.http.DefaultHttpClient - GET http://localhost:9090/1.1/workspaces/1234?include=ownerInfo%2CsheetVersion%2Csource&loadAll=true, Response Code:200, Request completed in 29 ms
[main] INFO org.eclipse.jetty.server.AbstractConnector - Stopped ServerConnector@2091b6b9{HTTP/1.1,[http/1.1]}{0.0.0.0:9090}
[main] INFO org.eclipse.jetty.server.Server - jetty-9.4.17.v20190418; built: 2019-04-18T19:45:35.259Z; git: aa1c656c315c011c01e7b21aabb04066635b9f67; jvm 1.8.0_262-b10
[main] INFO org.eclipse.jetty.server.AbstractConnector - Started ServerConnector@1fc4292a{HTTP/1.1,[http/1.1]}{0.0.0.0:9090}
[main] INFO org.eclipse.jetty.server.Server - Started @21371ms
[main] INFO com.smartsheet.api.internal.http.DefaultHttpClient - PUT http://localhost:9090/1.1/workspaces/null, Response Code:200, Request completed in 7 ms
[main] INFO org.eclipse.jetty.server.AbstractConnector - Stopped ServerConnector@1fc4292a{HTTP/1.1,[http/1.1]}{0.0.0.0:9090}
Tests run: 7, Failures: 0, Errors: 0, Skipped: 0, Time elapsed: 0.99 sec - in com.smartsheet.api.internal.WorkspaceResourcesImplTest
Running com.smartsheet.api.internal.SmartsheetImplTest
[main] INFO org.eclipse.jetty.server.Server - jetty-9.4.17.v20190418; built: 2019-04-18T19:45:35.259Z; git: aa1c656c315c011c01e7b21aabb04066635b9f67; jvm 1.8.0_262-b10
[main] INFO org.eclipse.jetty.server.AbstractConnector - Started ServerConnector@ae8aade{HTTP/1.1,[http/1.1]}{0.0.0.0:9090}
[main] INFO org.eclipse.jetty.server.Server - Started @21478ms
[main] INFO org.eclipse.jetty.server.AbstractConnector - Stopped ServerConnector@ae8aade{HTTP/1.1,[http/1.1]}{0.0.0.0:9090}
[main] INFO org.eclipse.jetty.server.Server - jetty-9.4.17.v20190418; built: 2019-04-18T19:45:35.259Z; git: aa1c656c315c011c01e7b21aabb04066635b9f67; jvm 1.8.0_262-b10
[main] INFO org.eclipse.jetty.server.AbstractConnector - Started ServerConnector@50603313{HTTP/1.1,[http/1.1]}{0.0.0.0:9090}
[main] INFO org.eclipse.jetty.server.Server - Started @21512ms
[main] INFO org.eclipse.jetty.server.AbstractConnector - Stopped ServerConnector@50603313{HTTP/1.1,[http/1.1]}{0.0.0.0:9090}
[main] INFO org.eclipse.jetty.server.Server - jetty-9.4.17.v20190418; built: 2019-04-18T19:45:35.259Z; git: aa1c656c315c011c01e7b21aabb04066635b9f67; jvm 1.8.0_262-b10
[main] INFO org.eclipse.jetty.server.AbstractConnector - Started ServerConnector@79a8b897{HTTP/1.1,[http/1.1]}{0.0.0.0:9090}
[main] INFO org.eclipse.jetty.server.Server - Started @21532ms
[main] INFO org.eclipse.jetty.server.AbstractConnector - Stopped ServerConnector@79a8b897{HTTP/1.1,[http/1.1]}{0.0.0.0:9090}
[main] INFO org.eclipse.jetty.server.Server - jetty-9.4.17.v20190418; built: 2019-04-18T19:45:35.259Z; git: aa1c656c315c011c01e7b21aabb04066635b9f67; jvm 1.8.0_262-b10
[main] INFO org.eclipse.jetty.server.AbstractConnector - Started ServerConnector@7bd6185a{HTTP/1.1,[http/1.1]}{0.0.0.0:9090}
[main] INFO org.eclipse.jetty.server.Server - Started @21608ms
[main] INFO org.eclipse.jetty.server.AbstractConnector - Stopped ServerConnector@7bd6185a{HTTP/1.1,[http/1.1]}{0.0.0.0:9090}
[main] INFO org.eclipse.jetty.server.Server - jetty-9.4.17.v20190418; built: 2019-04-18T19:45:35.259Z; git: aa1c656c315c011c01e7b21aabb04066635b9f67; jvm 1.8.0_262-b10
[main] INFO org.eclipse.jetty.server.AbstractConnector - Started ServerConnector@3d2abb1{HTTP/1.1,[http/1.1]}{0.0.0.0:9090}
[main] INFO org.eclipse.jetty.server.Server - Started @21704ms
[main] INFO org.eclipse.jetty.server.AbstractConnector - Stopped ServerConnector@3d2abb1{HTTP/1.1,[http/1.1]}{0.0.0.0:9090}
[main] INFO org.eclipse.jetty.server.Server - jetty-9.4.17.v20190418; built: 2019-04-18T19:45:35.259Z; git: aa1c656c315c011c01e7b21aabb04066635b9f67; jvm 1.8.0_262-b10
[main] INFO org.eclipse.jetty.server.AbstractConnector - Started ServerConnector@473711df{HTTP/1.1,[http/1.1]}{0.0.0.0:9090}
[main] INFO org.eclipse.jetty.server.Server - Started @21788ms
[main] INFO org.eclipse.jetty.server.AbstractConnector - Stopped ServerConnector@473711df{HTTP/1.1,[http/1.1]}{0.0.0.0:9090}
[main] INFO org.eclipse.jetty.server.Server - jetty-9.4.17.v20190418; built: 2019-04-18T19:45:35.259Z; git: aa1c656c315c011c01e7b21aabb04066635b9f67; jvm 1.8.0_262-b10
[main] INFO org.eclipse.jetty.server.AbstractConnector - Started ServerConnector@5f19dea8{HTTP/1.1,[http/1.1]}{0.0.0.0:9090}
[main] INFO org.eclipse.jetty.server.Server - Started @21828ms
[main] INFO org.eclipse.jetty.server.AbstractConnector - Stopped ServerConnector@5f19dea8{HTTP/1.1,[http/1.1]}{0.0.0.0:9090}
[main] INFO org.eclipse.jetty.server.Server - jetty-9.4.17.v20190418; built: 2019-04-18T19:45:35.259Z; git: aa1c656c315c011c01e7b21aabb04066635b9f67; jvm 1.8.0_262-b10
[main] INFO org.eclipse.jetty.server.AbstractConnector - Started ServerConnector@47f74d8f{HTTP/1.1,[http/1.1]}{0.0.0.0:9090}
[main] INFO org.eclipse.jetty.server.Server - Started @21899ms
[main] INFO org.eclipse.jetty.server.AbstractConnector - Stopped ServerConnector@47f74d8f{HTTP/1.1,[http/1.1]}{0.0.0.0:9090}
[main] INFO org.eclipse.jetty.server.Server - jetty-9.4.17.v20190418; built: 2019-04-18T19:45:35.259Z; git: aa1c656c315c011c01e7b21aabb04066635b9f67; jvm 1.8.0_262-b10
[main] INFO org.eclipse.jetty.server.AbstractConnector - Started ServerConnector@26f6ed79{HTTP/1.1,[http/1.1]}{0.0.0.0:9090}
[main] INFO org.eclipse.jetty.server.Server - Started @22003ms
[main] INFO org.eclipse.jetty.server.AbstractConnector - Stopped ServerConnector@26f6ed79{HTTP/1.1,[http/1.1]}{0.0.0.0:9090}
[main] INFO org.eclipse.jetty.server.Server - jetty-9.4.17.v20190418; built: 2019-04-18T19:45:35.259Z; git: aa1c656c315c011c01e7b21aabb04066635b9f67; jvm 1.8.0_262-b10
[main] INFO org.eclipse.jetty.server.AbstractConnector - Started ServerConnector@a51ee41{HTTP/1.1,[http/1.1]}{0.0.0.0:9090}
[main] INFO org.eclipse.jetty.server.Server - Started @22085ms
[main] INFO org.eclipse.jetty.server.AbstractConnector - Stopped ServerConnector@a51ee41{HTTP/1.1,[http/1.1]}{0.0.0.0:9090}
[main] INFO org.eclipse.jetty.server.Server - jetty-9.4.17.v20190418; built: 2019-04-18T19:45:35.259Z; git: aa1c656c315c011c01e7b21aabb04066635b9f67; jvm 1.8.0_262-b10
[main] INFO org.eclipse.jetty.server.AbstractConnector - Started ServerConnector@25171df2{HTTP/1.1,[http/1.1]}{0.0.0.0:9090}
[main] INFO org.eclipse.jetty.server.Server - Started @22238ms
[main] INFO org.eclipse.jetty.server.AbstractConnector - Stopped ServerConnector@25171df2{HTTP/1.1,[http/1.1]}{0.0.0.0:9090}
[main] INFO org.eclipse.jetty.server.Server - jetty-9.4.17.v20190418; built: 2019-04-18T19:45:35.259Z; git: aa1c656c315c011c01e7b21aabb04066635b9f67; jvm 1.8.0_262-b10
[main] INFO org.eclipse.jetty.server.AbstractConnector - Started ServerConnector@27d7ee42{HTTP/1.1,[http/1.1]}{0.0.0.0:9090}
[main] INFO org.eclipse.jetty.server.Server - Started @22331ms
[main] INFO org.eclipse.jetty.server.AbstractConnector - Stopped ServerConnector@27d7ee42{HTTP/1.1,[http/1.1]}{0.0.0.0:9090}
[main] INFO org.eclipse.jetty.server.Server - jetty-9.4.17.v20190418; built: 2019-04-18T19:45:35.259Z; git: aa1c656c315c011c01e7b21aabb04066635b9f67; jvm 1.8.0_262-b10
[main] INFO org.eclipse.jetty.server.AbstractConnector - Started ServerConnector@403a2ed5{HTTP/1.1,[http/1.1]}{0.0.0.0:9090}
[main] INFO org.eclipse.jetty.server.Server - Started @22468ms
[main] INFO org.eclipse.jetty.server.AbstractConnector - Stopped ServerConnector@403a2ed5{HTTP/1.1,[http/1.1]}{0.0.0.0:9090}
[main] INFO org.eclipse.jetty.server.Server - jetty-9.4.17.v20190418; built: 2019-04-18T19:45:35.259Z; git: aa1c656c315c011c01e7b21aabb04066635b9f67; jvm 1.8.0_262-b10
[main] INFO org.eclipse.jetty.server.AbstractConnector - Started ServerConnector@22f34197{HTTP/1.1,[http/1.1]}{0.0.0.0:9090}
[main] INFO org.eclipse.jetty.server.Server - Started @22550ms
[main] INFO org.eclipse.jetty.server.AbstractConnector - Stopped ServerConnector@22f34197{HTTP/1.1,[http/1.1]}{0.0.0.0:9090}
[main] INFO org.eclipse.jetty.server.Server - jetty-9.4.17.v20190418; built: 2019-04-18T19:45:35.259Z; git: aa1c656c315c011c01e7b21aabb04066635b9f67; jvm 1.8.0_262-b10
[main] INFO org.eclipse.jetty.server.AbstractConnector - Started ServerConnector@396ea7ab{HTTP/1.1,[http/1.1]}{0.0.0.0:9090}
[main] INFO org.eclipse.jetty.server.Server - Started @22584ms
[main] INFO org.eclipse.jetty.server.AbstractConnector - Stopped ServerConnector@396ea7ab{HTTP/1.1,[http/1.1]}{0.0.0.0:9090}
[main] INFO org.eclipse.jetty.server.Server - jetty-9.4.17.v20190418; built: 2019-04-18T19:45:35.259Z; git: aa1c656c315c011c01e7b21aabb04066635b9f67; jvm 1.8.0_262-b10
[main] INFO org.eclipse.jetty.server.AbstractConnector - Started ServerConnector@38eaac79{HTTP/1.1,[http/1.1]}{0.0.0.0:9090}
[main] INFO org.eclipse.jetty.server.Server - Started @22691ms
[main] INFO org.eclipse.jetty.server.AbstractConnector - Stopped ServerConnector@38eaac79{HTTP/1.1,[http/1.1]}{0.0.0.0:9090}
[main] INFO org.eclipse.jetty.server.Server - jetty-9.4.17.v20190418; built: 2019-04-18T19:45:35.259Z; git: aa1c656c315c011c01e7b21aabb04066635b9f67; jvm 1.8.0_262-b10
[main] INFO org.eclipse.jetty.server.AbstractConnector - Started ServerConnector@1a26f595{HTTP/1.1,[http/1.1]}{0.0.0.0:9090}
[main] INFO org.eclipse.jetty.server.Server - Started @22780ms
[main] INFO org.eclipse.jetty.server.AbstractConnector - Stopped ServerConnector@1a26f595{HTTP/1.1,[http/1.1]}{0.0.0.0:9090}
[main] INFO org.eclipse.jetty.server.Server - jetty-9.4.17.v20190418; built: 2019-04-18T19:45:35.259Z; git: aa1c656c315c011c01e7b21aabb04066635b9f67; jvm 1.8.0_262-b10
[main] INFO org.eclipse.jetty.server.AbstractConnector - Started ServerConnector@551f38b1{HTTP/1.1,[http/1.1]}{0.0.0.0:9090}
[main] INFO org.eclipse.jetty.server.Server - Started @22959ms
[main] INFO org.eclipse.jetty.server.AbstractConnector - Stopped ServerConnector@551f38b1{HTTP/1.1,[http/1.1]}{0.0.0.0:9090}
[main] INFO org.eclipse.jetty.server.Server - jetty-9.4.17.v20190418; built: 2019-04-18T19:45:35.259Z; git: aa1c656c315c011c01e7b21aabb04066635b9f67; jvm 1.8.0_262-b10
[main] INFO org.eclipse.jetty.server.AbstractConnector - Started ServerConnector@753aacf{HTTP/1.1,[http/1.1]}{0.0.0.0:9090}
[main] INFO org.eclipse.jetty.server.Server - Started @23112ms
[main] INFO org.eclipse.jetty.server.AbstractConnector - Stopped ServerConnector@753aacf{HTTP/1.1,[http/1.1]}{0.0.0.0:9090}
Tests run: 19, Failures: 0, Errors: 0, Skipped: 0, Time elapsed: 1.797 sec - in com.smartsheet.api.internal.SmartsheetImplTest
Running com.smartsheet.api.internal.SheetAttachmentResourcesImplTest
[main] INFO org.eclipse.jetty.server.Server - jetty-9.4.17.v20190418; built: 2019-04-18T19:45:35.259Z; git: aa1c656c315c011c01e7b21aabb04066635b9f67; jvm 1.8.0_262-b10
[main] INFO org.eclipse.jetty.server.AbstractConnector - Started ServerConnector@69c4bbfe{HTTP/1.1,[http/1.1]}{0.0.0.0:9090}
[main] INFO org.eclipse.jetty.server.Server - Started @23307ms
[main] INFO com.smartsheet.api.internal.http.DefaultHttpClient - POST http://localhost:9090/1.1/sheets/1234/attachments, Response Code:200, Request completed in 126 ms
[main] INFO org.eclipse.jetty.server.AbstractConnector - Stopped ServerConnector@69c4bbfe{HTTP/1.1,[http/1.1]}{0.0.0.0:9090}
[main] INFO org.eclipse.jetty.server.Server - jetty-9.4.17.v20190418; built: 2019-04-18T19:45:35.259Z; git: aa1c656c315c011c01e7b21aabb04066635b9f67; jvm 1.8.0_262-b10
[main] INFO org.eclipse.jetty.server.AbstractConnector - Started ServerConnector@46262fc3{HTTP/1.1,[http/1.1]}{0.0.0.0:9090}
[main] INFO org.eclipse.jetty.server.Server - Started @23548ms
[main] INFO com.smartsheet.api.internal.http.DefaultHttpClient - GET http://localhost:9090/1.1/sheets/1234/attachments/345, Response Code:200, Request completed in 67 ms
[main] INFO org.eclipse.jetty.server.AbstractConnector - Stopped ServerConnector@46262fc3{HTTP/1.1,[http/1.1]}{0.0.0.0:9090}
[main] INFO org.eclipse.jetty.server.Server - jetty-9.4.17.v20190418; built: 2019-04-18T19:45:35.259Z; git: aa1c656c315c011c01e7b21aabb04066635b9f67; jvm 1.8.0_262-b10
[main] INFO org.eclipse.jetty.server.AbstractConnector - Started ServerConnector@8d44ee6{HTTP/1.1,[http/1.1]}{0.0.0.0:9090}
[main] INFO org.eclipse.jetty.server.Server - Started @23721ms
[main] INFO com.smartsheet.api.internal.http.DefaultHttpClient - DELETE http://localhost:9090/1.1/sheets/1234/attachments/4567, Response Code:200, Request completed in 46 ms
[main] INFO org.eclipse.jetty.server.AbstractConnector - Stopped ServerConnector@8d44ee6{HTTP/1.1,[http/1.1]}{0.0.0.0:9090}
[main] INFO org.eclipse.jetty.server.Server - jetty-9.4.17.v20190418; built: 2019-04-18T19:45:35.259Z; git: aa1c656c315c011c01e7b21aabb04066635b9f67; jvm 1.8.0_262-b10
[main] INFO org.eclipse.jetty.server.AbstractConnector - Started ServerConnector@1b256636{HTTP/1.1,[http/1.1]}{0.0.0.0:9090}
[main] INFO org.eclipse.jetty.server.Server - Started @23867ms
[main] INFO com.smartsheet.api.internal.http.DefaultHttpClient - POST http://localhost:9090/1.1/sheets/1234/attachments, Response Code:200, Request completed in 51 ms
[main] INFO org.eclipse.jetty.server.AbstractConnector - Stopped ServerConnector@1b256636{HTTP/1.1,[http/1.1]}{0.0.0.0:9090}
[main] INFO org.eclipse.jetty.server.Server - jetty-9.4.17.v20190418; built: 2019-04-18T19:45:35.259Z; git: aa1c656c315c011c01e7b21aabb04066635b9f67; jvm 1.8.0_262-b10
[main] INFO org.eclipse.jetty.server.AbstractConnector - Started ServerConnector@55cb0354{HTTP/1.1,[http/1.1]}{0.0.0.0:9090}
[main] INFO org.eclipse.jetty.server.Server - Started @23999ms
[main] INFO com.smartsheet.api.internal.http.DefaultHttpClient - GET http://localhost:9090/1.1/sheets/1234/attachments?pageSize=1&includeAll=false&page=1, Response Code:200, Request completed in 37 ms
[main] INFO org.eclipse.jetty.server.AbstractConnector - Stopped ServerConnector@55cb0354{HTTP/1.1,[http/1.1]}{0.0.0.0:9090}
[main] INFO org.eclipse.jetty.server.Server - jetty-9.4.17.v20190418; built: 2019-04-18T19:45:35.259Z; git: aa1c656c315c011c01e7b21aabb04066635b9f67; jvm 1.8.0_262-b10
[main] INFO org.eclipse.jetty.server.AbstractConnector - Started ServerConnector@50e9b5f4{HTTP/1.1,[http/1.1]}{0.0.0.0:9090}
[main] INFO org.eclipse.jetty.server.Server - Started @24140ms
[main] INFO com.smartsheet.api.internal.http.DefaultHttpClient - POST http://localhost:9090/1.1/sheets/1234/attachments, Response Code:200, Request completed in 84 ms
[main] INFO org.eclipse.jetty.server.AbstractConnector - Stopped ServerConnector@50e9b5f4{HTTP/1.1,[http/1.1]}{0.0.0.0:9090}
Tests run: 6, Failures: 0, Errors: 0, Skipped: 0, Time elapsed: 1.032 sec - in com.smartsheet.api.internal.SheetAttachmentResourcesImplTest
Running com.smartsheet.api.internal.ReportResourcesImplTest
[main] INFO org.eclipse.jetty.server.Server - jetty-9.4.17.v20190418; built: 2019-04-18T19:45:35.259Z; git: aa1c656c315c011c01e7b21aabb04066635b9f67; jvm 1.8.0_262-b10
[main] INFO org.eclipse.jetty.server.AbstractConnector - Started ServerConnector@24328fca{HTTP/1.1,[http/1.1]}{0.0.0.0:9090}
[main] INFO org.eclipse.jetty.server.Server - Started @24260ms
[main] INFO com.smartsheet.api.internal.http.DefaultHttpClient - GET http://localhost:9090/2.0/reports/4583173393803140, Response Code:200, Request completed in 12 ms
[main] INFO org.eclipse.jetty.server.AbstractConnector - Stopped ServerConnector@24328fca{HTTP/1.1,[http/1.1]}{0.0.0.0:9090}
[main] INFO org.eclipse.jetty.server.Server - jetty-9.4.17.v20190418; built: 2019-04-18T19:45:35.259Z; git: aa1c656c315c011c01e7b21aabb04066635b9f67; jvm 1.8.0_262-b10
[main] INFO org.eclipse.jetty.server.AbstractConnector - Started ServerConnector@28bbac99{HTTP/1.1,[http/1.1]}{0.0.0.0:9090}
[main] INFO org.eclipse.jetty.server.Server - Started @24328ms
[main] INFO com.smartsheet.api.internal.http.DefaultHttpClient - POST http://localhost:9090/2.0/reports/1234/emails, Response Code:200, Request completed in 32 ms
[main] INFO org.eclipse.jetty.server.AbstractConnector - Stopped ServerConnector@28bbac99{HTTP/1.1,[http/1.1]}{0.0.0.0:9090}
[main] INFO org.eclipse.jetty.server.Server - jetty-9.4.17.v20190418; built: 2019-04-18T19:45:35.259Z; git: aa1c656c315c011c01e7b21aabb04066635b9f67; jvm 1.8.0_262-b10
[main] INFO org.eclipse.jetty.server.AbstractConnector - Started ServerConnector@4d56bd3{HTTP/1.1,[http/1.1]}{0.0.0.0:9090}
[main] INFO org.eclipse.jetty.server.Server - Started @24444ms
[main] INFO com.smartsheet.api.internal.http.DefaultHttpClient - GET http://localhost:9090/2.0/reports?includeAll=true, Response Code:200, Request completed in 28 ms
[main] INFO org.eclipse.jetty.server.AbstractConnector - Stopped ServerConnector@4d56bd3{HTTP/1.1,[http/1.1]}{0.0.0.0:9090}
[main] INFO org.eclipse.jetty.server.Server - jetty-9.4.17.v20190418; built: 2019-04-18T19:45:35.259Z; git: aa1c656c315c011c01e7b21aabb04066635b9f67; jvm 1.8.0_262-b10
[main] INFO org.eclipse.jetty.server.AbstractConnector - Started ServerConnector@ccba99{HTTP/1.1,[http/1.1]}{0.0.0.0:9090}
[main] INFO org.eclipse.jetty.server.Server - Started @24580ms
[main] INFO com.smartsheet.api.internal.http.DefaultHttpClient - GET http://localhost:9090/2.0/reports/4583173393803140?include=attachments%2Cdiscussions&pageSize=1&page=1, Response Code:200, Request completed in 32 ms
[main] INFO org.eclipse.jetty.server.AbstractConnector - Stopped ServerConnector@ccba99{HTTP/1.1,[http/1.1]}{0.0.0.0:9090}
[main] INFO org.eclipse.jetty.server.Server - jetty-9.4.17.v20190418; built: 2019-04-18T19:45:35.259Z; git: aa1c656c315c011c01e7b21aabb04066635b9f67; jvm 1.8.0_262-b10
[main] INFO org.eclipse.jetty.server.AbstractConnector - Started ServerConnector@6203cec{HTTP/1.1,[http/1.1]}{0.0.0.0:9090}
[main] INFO org.eclipse.jetty.server.Server - Started @24718ms
[main] INFO com.smartsheet.api.internal.http.DefaultHttpClient - GET http://localhost:9090/2.0/reports/4583173393803140, Response Code:200, Request completed in 32 ms
[main] INFO org.eclipse.jetty.server.AbstractConnector - Stopped ServerConnector@6203cec{HTTP/1.1,[http/1.1]}{0.0.0.0:9090}
Tests run: 5, Failures: 0, Errors: 0, Skipped: 0, Time elapsed: 0.533 sec - in com.smartsheet.api.internal.ReportResourcesImplTest
Running com.smartsheet.api.AccessTokenExpiredExceptionTest
Tests run: 1, Failures: 0, Errors: 0, Skipped: 0, Time elapsed: 0.001 sec - in com.smartsheet.api.AccessTokenExpiredExceptionTest

Results :

Tests run: 257, Failures: 0, Errors: 0, Skipped: 0

[INFO] 
[INFO] --- jacoco-maven-plugin:0.8.5:report (report) @ smartsheet-sdk-java ---
[INFO] Loading execution data file /tmp/tmp4yp_qkz5/smartsheet-java-sdk/target/jacoco.exec
[INFO] Analyzed bundle 'Smartsheet Java SDK' with 474 classes
[INFO] ------------------------------------------------------------------------
[INFO] BUILD SUCCESS
[INFO] ------------------------------------------------------------------------
[INFO] Total time:  44.352 s
[INFO] Finished at: 2020-07-30T21:49:35Z
[INFO] ------------------------------------------------------------------------
