[INFO] Error stacktraces are turned on.
[INFO] Scanning for projects...
[INFO] 
[INFO] -----------------------< com.jpaquery:jpaquery >------------------------
[INFO] Building JPAQuery 1.1.3
[INFO] --------------------------------[ jar ]---------------------------------
[INFO] 
[INFO] --- jacoco-maven-plugin:0.8.5:prepare-agent (default) @ jpaquery ---
[INFO] argLine set to -javaagent:/home/jdbl/.m2/repository/org/jacoco/org.jacoco.agent/0.8.5/org.jacoco.agent-0.8.5-runtime.jar=destfile=/tmp/tmpqx3lkfx2/jpaquery/target/jacoco.exec
[INFO] 
[INFO] --- maven-resources-plugin:2.6:resources (default-resources) @ jpaquery ---
[WARNING] Using platform encoding (UTF-8 actually) to copy filtered resources, i.e. build is platform dependent!
[INFO] skip non existing resourceDirectory /tmp/tmpqx3lkfx2/jpaquery/src/main/resources
[INFO] 
[INFO] --- maven-compiler-plugin:3.1:compile (default-compile) @ jpaquery ---
[INFO] Changes detected - recompiling the module!
[WARNING] File encoding has not been set, using platform encoding UTF-8, i.e. build is platform dependent!
[INFO] Compiling 66 source files to /tmp/tmpqx3lkfx2/jpaquery/target/classes
[WARNING] /tmp/tmpqx3lkfx2/jpaquery/src/main/java/com/jpaquery/builder/JPQL.java: /tmp/tmpqx3lkfx2/jpaquery/src/main/java/com/jpaquery/builder/JPQL.java uses or overrides a deprecated API.
[WARNING] /tmp/tmpqx3lkfx2/jpaquery/src/main/java/com/jpaquery/builder/JPQL.java: Recompile with -Xlint:deprecation for details.
[WARNING] /tmp/tmpqx3lkfx2/jpaquery/src/main/java/com/jpaquery/core/facade/WherePath.java: Some input files use unchecked or unsafe operations.
[WARNING] /tmp/tmpqx3lkfx2/jpaquery/src/main/java/com/jpaquery/core/facade/WherePath.java: Recompile with -Xlint:unchecked for details.
[INFO] 
[INFO] --- maven-resources-plugin:2.6:testResources (default-testResources) @ jpaquery ---
[WARNING] Using platform encoding (UTF-8 actually) to copy filtered resources, i.e. build is platform dependent!
[INFO] Copying 1 resource
[INFO] 
[INFO] --- maven-compiler-plugin:3.1:testCompile (default-testCompile) @ jpaquery ---
[INFO] Changes detected - recompiling the module!
[WARNING] File encoding has not been set, using platform encoding UTF-8, i.e. build is platform dependent!
[INFO] Compiling 16 source files to /tmp/tmpqx3lkfx2/jpaquery/target/test-classes
[INFO] 
[INFO] --- maven-surefire-plugin:2.19.1:test (default-test) @ jpaquery ---
[INFO] Surefire report directory: /tmp/tmpqx3lkfx2/jpaquery/target/surefire-reports

-------------------------------------------------------
 T E S T S
-------------------------------------------------------
Running com.jpaquery.testcase.querytest.QueryTest
22:58:38.809 INFO  com.jpaquery.testcase.querytest.QueryTest:61 - 
    
from
    com.jpaquery.testcase.schema.Student as student 
left join
    student.teachers.clazzs as clazz 
        on clazz.name = 'aaa' 
left join
    clazz.teachers as teacher 
        on teacher.name = clazz.name 
where
    student.name = '张三'
22:58:38.819 INFO  com.jpaquery.testcase.querytest.QueryTest:77 - 
    select
        student.clazz 
    from
        com.jpaquery.testcase.schema.Student as student 
    left join
        student.teachers.clazzs as clazz 
            on clazz = 'Clazz [name=null]' 
            and clazz.name = 'aaa' 
    where
        student.name like '%张三%' 
        and student.name like concat('%',student.clazz.name,'%')
22:58:38.826 INFO  com.jpaquery.testcase.querytest.QueryTest:90 - 
    
from
    com.jpaquery.testcase.schema.Student as student 
where
    (
        student.name = '111' 
        or student.name = '222'
    )
Tests run: 3, Failures: 0, Errors: 0, Skipped: 0, Time elapsed: 2.074 sec - in com.jpaquery.testcase.querytest.QueryTest
Running com.jpaquery.testcase.querytest.ExampleTest
22:58:38.860 INFO  com.jpaquery.testcase.querytest.ExampleTest:31 - 
    
from
    com.jpaquery.testcase.schema.Student as student 
where
    student.clazz.name like 'A班' 
    and student.gender = 'female' 
    and student.name like '小明'
Tests run: 1, Failures: 0, Errors: 0, Skipped: 0, Time elapsed: 0.001 sec - in com.jpaquery.testcase.querytest.ExampleTest
Running com.jpaquery.testcase.builder.JPQLTest

    select
        name,
        'aaaaa'
    from
        User 
    where
        name='tester'
Tests run: 2, Failures: 0, Errors: 0, Skipped: 0, Time elapsed: 0.037 sec - in com.jpaquery.testcase.builder.JPQLTest

Results :

Tests run: 6, Failures: 0, Errors: 0, Skipped: 0

[INFO] 
[INFO] --- jacoco-maven-plugin:0.8.5:report (report) @ jpaquery ---
[INFO] Loading execution data file /tmp/tmpqx3lkfx2/jpaquery/target/jacoco.exec
[INFO] Analyzed bundle 'JPAQuery' with 284 classes
[INFO] ------------------------------------------------------------------------
[INFO] BUILD SUCCESS
[INFO] ------------------------------------------------------------------------
[INFO] Total time:  27.037 s
[INFO] Finished at: 2020-07-30T22:58:41Z
[INFO] ------------------------------------------------------------------------
