[INFO] Error stacktraces are turned on.
[INFO] Scanning for projects...
[WARNING] 
[WARNING] Some problems were encountered while building the effective model for org.apache.commons:commons-exec:jar:1.0.1
[WARNING] 'build.plugins.plugin.version' for org.apache.maven.plugins:maven-idea-plugin is missing. @ org.apache.commons:commons-parent:11, /home/jdbl/.m2/repository/org/apache/commons/commons-parent/11/commons-parent-11.pom, line 255, column 15
[WARNING] The expression ${pom.version} is deprecated. Please use ${project.version} instead.
[WARNING] 
[WARNING] It is highly recommended to fix these problems because they threaten the stability of your build.
[WARNING] 
[WARNING] For this reason, future Maven versions might no longer support building such malformed projects.
[WARNING] 
[INFO] 
[INFO] ------------------< org.apache.commons:commons-exec >-------------------
[INFO] Building Commons Exec 1.0.1
[INFO] --------------------------------[ jar ]---------------------------------
[INFO] 
[INFO] --- maven-antrun-plugin:1.1:run (javadoc.resources) @ commons-exec ---
[INFO] Executing tasks
     [copy] Copying 2 files to /tmp/tmpl6idedr9/commons-exec/target/apidocs/META-INF
[INFO] Executed tasks
[INFO] 
[INFO] --- maven-resources-plugin:2.6:resources (default-resources) @ commons-exec ---
[INFO] Using 'UTF-8' encoding to copy filtered resources.
[INFO] Copying 2 resources to META-INF
[INFO] 
[INFO] --- maven-compiler-plugin:2.0.2:compile (default-compile) @ commons-exec ---
[INFO] Compiling 30 source files to /tmp/tmpl6idedr9/commons-exec/target/classes
[INFO] 
[INFO] --- maven-bundle-plugin:1.4.0:manifest (bundle-manifest) @ commons-exec ---
[INFO] 
[INFO] --- maven-resources-plugin:2.6:testResources (default-testResources) @ commons-exec ---
[INFO] Using 'UTF-8' encoding to copy filtered resources.
[INFO] skip non existing resourceDirectory /tmp/tmpl6idedr9/commons-exec/src/test/resources
[INFO] 
[INFO] --- maven-compiler-plugin:2.0.2:testCompile (default-testCompile) @ commons-exec ---
[INFO] Compiling 8 source files to /tmp/tmpl6idedr9/commons-exec/target/test-classes
[INFO] 
[INFO] --- maven-surefire-plugin:2.4.3:test (default-test) @ commons-exec ---
[INFO] Surefire report directory: /tmp/tmpl6idedr9/commons-exec/target/surefire-reports

-------------------------------------------------------
 T E S T S
-------------------------------------------------------
Running org.apache.commons.exec.environment.EnvironmentUtilTest
PATH=/usr/local/openjdk-8/bin:/usr/local/sbin:/usr/local/bin:/usr/sbin:/usr/bin:/sbin:/bin
JAVA_HOME=/usr/local/openjdk-8
MAVEN_CONFIG=/root/.m2
MAVEN_PROJECTBASEDIR=/tmp/tmpl6idedr9/commons-exec
OLDPWD=/tmp/tmpl6idedr9/commons-exec
LANG=C.UTF-8
MAVEN_HOME=/usr/share/maven
HOSTNAME=bd9f040d7f95
M2_HOME=/usr/share/maven
PWD=/tmp/tmpl6idedr9/commons-exec
JAVA_VERSION=8u262
GITHUB_OAUTH=None
MAVEN_CMD_LINE_ARGS=/root/.m2 package -e --fail-never -ntp -Dmaven.test.error.ignore=true -Dmaven.test.failure.ignore=true -B -Dmaven.javadoc.skip=true -Drat.skip=true -Danimal.sniffer.skip=true -Dmaven.javadoc.skip=true -Dlicense.skip=true -Dsource.skip=true
HOME=/home/jdbl
Tests run: 4, Failures: 0, Errors: 0, Skipped: 0, Time elapsed: 0.03 sec
Running org.apache.commons.exec.util.MapUtilTest
Tests run: 3, Failures: 0, Errors: 0, Skipped: 0, Time elapsed: 0.009 sec
Running org.apache.commons.exec.DefaultExecutorTest
stdout: Apache Commons Exec
stdout: Copyright 2005-2009 The Apache Software Foundation
stdout: 
stdout: This product includes software developed by
stdout: The Apache Software Foundation (http://www.apache.org/).
stderr: Finished reading from stdin
FOO..
FOO..
PING 127.0.0.1 (127.0.0.1) 56(84) bytes of data.
64 bytes from 127.0.0.1: icmp_seq=1 ttl=64 time=0.023 ms
64 bytes from 127.0.0.1: icmp_seq=2 ttl=64 time=0.030 ms
org.apache.commons.exec.ExecuteException: Process exited with an error: 143(Exit value: 143)
Process completed in 3080 millis; below is its output
Process timed out and was killed.
Tests run: 25, Failures: 0, Errors: 0, Skipped: 0, Time elapsed: 36.735 sec
Running org.apache.commons.exec.CommandLineTest
Tests run: 31, Failures: 0, Errors: 0, Skipped: 0, Time elapsed: 0.009 sec
Running org.apache.commons.exec.TestUtilTest
Tests run: 7, Failures: 0, Errors: 0, Skipped: 0, Time elapsed: 0.002 sec

Results :

Tests run: 70, Failures: 0, Errors: 0, Skipped: 0

[INFO] 
[INFO] --- maven-jar-plugin:2.2:jar (default-jar) @ commons-exec ---
[INFO] Building jar: /tmp/tmpl6idedr9/commons-exec/target/commons-exec-1.0.1.jar
[INFO] 
[INFO] --- maven-assembly-plugin:3.2.0:single (default) @ commons-exec ---
[INFO] Building jar: /tmp/tmpl6idedr9/commons-exec/target/commons-exec-1.0.1-jar-with-dependencies.jar
[INFO] ------------------------------------------------------------------------
[INFO] BUILD SUCCESS
[INFO] ------------------------------------------------------------------------
[INFO] Total time:  45.410 s
[INFO] Finished at: 2020-07-30T18:26:32Z
[INFO] ------------------------------------------------------------------------
