[INFO] Error stacktraces are turned on.
[INFO] Scanning for projects...
[INFO] 
[INFO] -------------------------< org.soot-oss:soot >--------------------------
[INFO] Building Soot - a J*va Optimization Framework 4.2.0
[INFO] --------------------------------[ jar ]---------------------------------
[INFO] 
[INFO] --- maven-resources-plugin:3.0.2:copy-resources (copy options.css to doc directory) @ soot ---
[INFO] Using 'UTF-8' encoding to copy filtered resources.
[INFO] Copying 1 resource
[INFO] 
[INFO] --- jacoco-maven-plugin:0.8.5:prepare-agent (default) @ soot ---
[INFO] argLine set to -javaagent:/home/jdbl/.m2/repository/org/jacoco/org.jacoco.agent/0.8.5/org.jacoco.agent-0.8.5-runtime.jar=destfile=/tmp/tmpnko1gwdb/soot/target/jacoco.exec
[INFO] 
[INFO] --- build-helper-maven-plugin:3.0.0:add-source (add generated sources) @ soot ---
[INFO] Source directory: /tmp/tmpnko1gwdb/soot/src/main/generated/singletons added.
[INFO] Source directory: /tmp/tmpnko1gwdb/soot/src/main/generated/sablecc added.
[INFO] Source directory: /tmp/tmpnko1gwdb/soot/src/main/generated/options added.
[INFO] Source directory: /tmp/tmpnko1gwdb/soot/src/main/generated/jastadd added.
[INFO] 
[INFO] --- xml-maven-plugin:1.0.2:transform (default) @ soot ---
[INFO] Transforming file: /tmp/tmpnko1gwdb/soot/src/main/xml/singletons/singletons.xml
[INFO] Transformed 1 file(s).
[INFO] Transforming file: /tmp/tmpnko1gwdb/soot/src/main/xml/options/soot_options.xml
[INFO] Transformed 1 file(s).
[INFO] Transforming file: /tmp/tmpnko1gwdb/soot/src/main/xml/options/soot_options.xml
[INFO] Transformed 1 file(s).
[INFO] Transforming file: /tmp/tmpnko1gwdb/soot/src/main/xml/options/soot_options.xml
[INFO] Transformed 1 file(s).
[INFO] Transforming file: /tmp/tmpnko1gwdb/soot/src/main/xml/options/soot_options.xml
[INFO] Transformed 1 file(s).
[INFO] 
[INFO] --- maven-resources-plugin:3.0.2:resources (default-resources) @ soot ---
[INFO] Using 'UTF-8' encoding to copy filtered resources.
[INFO] Copying 4 resources
[INFO] 
[INFO] --- maven-compiler-plugin:3.8.0:compile (default-compile) @ soot ---
[INFO] Changes detected - recompiling the module!
[INFO] Compiling 2804 source files to /tmp/tmpnko1gwdb/soot/target/classes
[INFO] /tmp/tmpnko1gwdb/soot/src/main/java/soot/SootMethodRefImpl.java: Some input files use or override a deprecated API.
[INFO] /tmp/tmpnko1gwdb/soot/src/main/java/soot/SootMethodRefImpl.java: Recompile with -Xlint:deprecation for details.
[INFO] /tmp/tmpnko1gwdb/soot/src/main/java/soot/Scene.java: Some input files use unchecked or unsafe operations.
[INFO] /tmp/tmpnko1gwdb/soot/src/main/java/soot/Scene.java: Recompile with -Xlint:unchecked for details.
[INFO] 
[INFO] --- maven-resources-plugin:3.0.2:copy-resources (add system-test target resources) @ soot ---
[INFO] Using 'UTF-8' encoding to copy filtered resources.
[INFO] Copying 3 resources
[INFO] 
[INFO] --- maven-resources-plugin:3.0.2:copy-resources (add system test resources) @ soot ---
[INFO] Using 'UTF-8' encoding to copy filtered resources.
[INFO] Copying 2 resources
[INFO] 
[INFO] --- maven-resources-plugin:3.0.2:testResources (default-testResources) @ soot ---
[INFO] Using 'UTF-8' encoding to copy filtered resources.
[INFO] skip non existing resourceDirectory /tmp/tmpnko1gwdb/soot/src/test/resources
[INFO] 
[INFO] --- maven-compiler-plugin:3.8.0:testCompile (default-testCompile) @ soot ---
[INFO] Changes detected - recompiling the module!
[INFO] Compiling 104 source files to /tmp/tmpnko1gwdb/soot/target/test-classes
[INFO] /tmp/tmpnko1gwdb/soot/src/test/java/soot/baf/ASMBackendMockingTest.java: /tmp/tmpnko1gwdb/soot/src/test/java/soot/baf/ASMBackendMockingTest.java uses or overrides a deprecated API.
[INFO] /tmp/tmpnko1gwdb/soot/src/test/java/soot/baf/ASMBackendMockingTest.java: Recompile with -Xlint:deprecation for details.
[INFO] /tmp/tmpnko1gwdb/soot/src/test/java/soot/toolkits/purity/BinarySearchTree.java: Some input files use unchecked or unsafe operations.
[INFO] /tmp/tmpnko1gwdb/soot/src/test/java/soot/toolkits/purity/BinarySearchTree.java: Recompile with -Xlint:unchecked for details.
[INFO] 
[INFO] --- maven-compiler-plugin:3.8.0:testCompile (compile system test targets) @ soot ---
[INFO] Changes detected - recompiling the module!
[INFO] Compiling 27 source files to /tmp/tmpnko1gwdb/soot/target/systemTest-target-classes
[INFO] /tmp/tmpnko1gwdb/soot/src/systemTest/targets/soot/lambdaMetaFactory/MarkerInterfaces.java: /tmp/tmpnko1gwdb/soot/src/systemTest/targets/soot/lambdaMetaFactory/MarkerInterfaces.java uses unchecked or unsafe operations.
[INFO] /tmp/tmpnko1gwdb/soot/src/systemTest/targets/soot/lambdaMetaFactory/MarkerInterfaces.java: Recompile with -Xlint:unchecked for details.
[INFO] 
[INFO] --- maven-compiler-plugin:3.8.0:testCompile (compile-system-tests) @ soot ---
[INFO] Changes detected - recompiling the module!
[INFO] Compiling 20 source files to /tmp/tmpnko1gwdb/soot/target/systemTest-classes
[INFO] /tmp/tmpnko1gwdb/soot/src/systemTest/java/soot/testing/framework/AbstractTestingFramework.java: /tmp/tmpnko1gwdb/soot/src/systemTest/java/soot/testing/framework/AbstractTestingFramework.java uses unchecked or unsafe operations.
[INFO] /tmp/tmpnko1gwdb/soot/src/systemTest/java/soot/testing/framework/AbstractTestingFramework.java: Recompile with -Xlint:unchecked for details.
[INFO] 
[INFO] --- maven-surefire-plugin:2.19.1:test (default-test) @ soot ---
[INFO] Surefire report directory: /tmp/tmpnko1gwdb/soot/target/surefire-reports

-------------------------------------------------------
 T E S T S
-------------------------------------------------------
Running soot.jbco.jimpleTransformations.ClassRenamerTest
Tests run: 10, Failures: 0, Errors: 0, Skipped: 0, Time elapsed: 0.134 sec - in soot.jbco.jimpleTransformations.ClassRenamerTest
Running soot.toolkits.exceptions.MethodThrowableSetTest
Tests run: 8, Failures: 0, Errors: 0, Skipped: 0, Time elapsed: 3.098 sec - in soot.toolkits.exceptions.MethodThrowableSetTest
Running soot.toolkits.exceptions.ThrowableSetTest
Tests run: 15, Failures: 0, Errors: 0, Skipped: 0, Time elapsed: 0.106 sec - in soot.toolkits.exceptions.ThrowableSetTest
Running soot.toolkits.exceptions.UnitThrowAnalysisTest
Tests run: 45, Failures: 0, Errors: 0, Skipped: 7, Time elapsed: 0.039 sec - in soot.toolkits.exceptions.UnitThrowAnalysisTest
Running soot.toolkits.scalar.ArraySparseSetTest
Tests run: 3, Failures: 0, Errors: 0, Skipped: 0, Time elapsed: 0 sec - in soot.toolkits.scalar.ArraySparseSetTest
Running soot.toolkits.scalar.ArrayPackedSetTest
Tests run: 15, Failures: 0, Errors: 0, Skipped: 0, Time elapsed: 0.001 sec - in soot.toolkits.scalar.ArrayPackedSetTest
Running soot.toolkits.scalar.CombinedDUAnalysisTest
Tests run: 1, Failures: 0, Errors: 0, Skipped: 0, Time elapsed: 0.001 sec - in soot.toolkits.scalar.CombinedDUAnalysisTest
Running soot.toolkits.graph.TestDominance
Tests run: 3, Failures: 0, Errors: 0, Skipped: 0, Time elapsed: 0.002 sec - in soot.toolkits.graph.TestDominance
Running soot.toolkits.graph.SCCFastTest
Tests run: 2, Failures: 0, Errors: 0, Skipped: 0, Time elapsed: 0.001 sec - in soot.toolkits.graph.SCCFastTest
Running soot.toolkits.graph.EnhancedUnitGraphTest
Tests run: 1, Failures: 0, Errors: 0, Skipped: 0, Time elapsed: 1.949 sec - in soot.toolkits.graph.EnhancedUnitGraphTest
Running soot.jimple.toolkits.typing.TypingMinimizeTest
Tests run: 11, Failures: 0, Errors: 0, Skipped: 0, Time elapsed: 7.957 sec - in soot.jimple.toolkits.typing.TypingMinimizeTest
Running soot.jimple.toolkits.scalar.DeadAssignmentEliminatorTest
Tests run: 2, Failures: 0, Errors: 0, Skipped: 0, Time elapsed: 1.173 sec - in soot.jimple.toolkits.scalar.DeadAssignmentEliminatorTest
Running soot.jimple.toolkit.callgraph.TypeBasedReflectionModelTest
Tests run: 3, Failures: 0, Errors: 0, Skipped: 0, Time elapsed: 0.697 sec - in soot.jimple.toolkit.callgraph.TypeBasedReflectionModelTest
Running soot.jimple.MethodHandleTest
Command Line: [-pp, -cp, /tmp/1596454119601-0, -O, HelloMethodHandles]
Soot started on Mon Aug 03 11:28:39 UTC 2020
Soot finished on Mon Aug 03 11:28:39 UTC 2020
Soot has run for 0 min. 0 sec.
Command Line: [-pp, -cp, /tmp/1596454119708-0, -O, UniformDistribution]
Soot started on Mon Aug 03 11:28:39 UTC 2020
Soot finished on Mon Aug 03 11:28:39 UTC 2020
Soot has run for 0 min. 0 sec.
Tests run: 2, Failures: 0, Errors: 0, Skipped: 0, Time elapsed: 0.235 sec - in soot.jimple.MethodHandleTest
Running soot.asm.backend.AnnotatedParameterTest
Class path: /tmp/tmpnko1gwdb/soot/./target/test-classes:/usr/local/openjdk-8/jre/lib/rt.jar
Soot started on Mon Aug 03 11:28:39 UTC 2020
Soot finished on Mon Aug 03 11:28:39 UTC 2020
Soot has run for 0 min. 0 sec.
Comparing files /tmp/tmpnko1gwdb/soot/sootOutput/soot.asm.backend.targets.AnnotatedParameter.asm.compare and /tmp/tmpnko1gwdb/soot/sootOutput/soot.asm.backend.targets.AnnotatedParameter.asm...
File comparison successful.
Tests run: 1, Failures: 0, Errors: 0, Skipped: 0, Time elapsed: 0.101 sec - in soot.asm.backend.AnnotatedParameterTest
Running soot.asm.backend.LineNumbersTest
Soot started on Mon Aug 03 11:28:39 UTC 2020
Soot finished on Mon Aug 03 11:28:39 UTC 2020
Soot has run for 0 min. 0 sec.
Tests run: 1, Failures: 0, Errors: 0, Skipped: 0, Time elapsed: 0.062 sec - in soot.asm.backend.LineNumbersTest
Running soot.asm.backend.EnumTest
Class path: /tmp/tmpnko1gwdb/soot/./target/test-classes:/usr/local/openjdk-8/jre/lib/rt.jar
Soot started on Mon Aug 03 11:28:39 UTC 2020
Soot finished on Mon Aug 03 11:28:40 UTC 2020
Soot has run for 0 min. 0 sec.
Comparing files /tmp/tmpnko1gwdb/soot/sootOutput/soot.asm.backend.targets.MyEnum.asm.compare and /tmp/tmpnko1gwdb/soot/sootOutput/soot.asm.backend.targets.MyEnum.asm...
File comparison successful.
Tests run: 1, Failures: 0, Errors: 0, Skipped: 0, Time elapsed: 0.11 sec - in soot.asm.backend.EnumTest
Running soot.asm.backend.DupsTest
Class path: /tmp/tmpnko1gwdb/soot/./target/test-classes:/usr/local/openjdk-8/jre/lib/rt.jar
Soot started on Mon Aug 03 11:28:40 UTC 2020
Soot finished on Mon Aug 03 11:28:40 UTC 2020
Soot has run for 0 min. 0 sec.
Comparing files /tmp/tmpnko1gwdb/soot/sootOutput/soot.asm.backend.targets.Dups.asm.compare and /tmp/tmpnko1gwdb/soot/sootOutput/soot.asm.backend.targets.Dups.asm...
File comparison successful.
Tests run: 1, Failures: 0, Errors: 0, Skipped: 0, Time elapsed: 0.066 sec - in soot.asm.backend.DupsTest
Running soot.asm.backend.ModifiersTest
Class path: /tmp/tmpnko1gwdb/soot/./target/test-classes:/usr/local/openjdk-8/jre/lib/rt.jar
Soot started on Mon Aug 03 11:28:40 UTC 2020
Soot finished on Mon Aug 03 11:28:40 UTC 2020
Soot has run for 0 min. 0 sec.
Comparing files /tmp/tmpnko1gwdb/soot/sootOutput/soot.asm.backend.targets.Modifiers.asm.compare and /tmp/tmpnko1gwdb/soot/sootOutput/soot.asm.backend.targets.Modifiers.asm...
File comparison successful.
Tests run: 1, Failures: 0, Errors: 0, Skipped: 0, Time elapsed: 0.064 sec - in soot.asm.backend.ModifiersTest
Running soot.asm.backend.TryCatchTest
Class path: /tmp/tmpnko1gwdb/soot/./target/test-classes:/usr/local/openjdk-8/jre/lib/rt.jar
Soot started on Mon Aug 03 11:28:40 UTC 2020
Soot finished on Mon Aug 03 11:28:40 UTC 2020
Soot has run for 0 min. 0 sec.
Comparing files /tmp/tmpnko1gwdb/soot/sootOutput/soot.asm.backend.targets.TryCatch.asm.compare and /tmp/tmpnko1gwdb/soot/sootOutput/soot.asm.backend.targets.TryCatch.asm...
File comparison successful.
Tests run: 1, Failures: 0, Errors: 0, Skipped: 0, Time elapsed: 0.066 sec - in soot.asm.backend.TryCatchTest
Running soot.asm.backend.ConstantPoolTest
Invalid option -asm-backend
Class path: /tmp/tmpnko1gwdb/soot/./target/test-classes:/usr/local/openjdk-8/jre/lib/rt.jar
Soot started on Mon Aug 03 11:28:40 UTC 2020
Soot finished on Mon Aug 03 11:28:40 UTC 2020
Soot has run for 0 min. 0 sec.
Comparing files /tmp/tmpnko1gwdb/soot/sootOutput/soot.asm.backend.targets.ConstantPool.asm.compare and /tmp/tmpnko1gwdb/soot/sootOutput/soot.asm.backend.targets.ConstantPool.asm...
File comparison successful.
Tests run: 2, Failures: 0, Errors: 0, Skipped: 0, Time elapsed: 0.074 sec - in soot.asm.backend.ConstantPoolTest
Running soot.asm.backend.ArraysTest
Class path: /tmp/tmpnko1gwdb/soot/./target/test-classes:/usr/local/openjdk-8/jre/lib/rt.jar
Soot started on Mon Aug 03 11:28:40 UTC 2020
Soot finished on Mon Aug 03 11:28:40 UTC 2020
Soot has run for 0 min. 0 sec.
Comparing files /tmp/tmpnko1gwdb/soot/sootOutput/soot.asm.backend.targets.Arrays.asm.compare and /tmp/tmpnko1gwdb/soot/sootOutput/soot.asm.backend.targets.Arrays.asm...
File comparison successful.
Tests run: 1, Failures: 0, Errors: 0, Skipped: 0, Time elapsed: 0.091 sec - in soot.asm.backend.ArraysTest
Running soot.asm.backend.ExtendedArithmeticLibTest
Class path: /tmp/tmpnko1gwdb/soot/./target/test-classes:/usr/local/openjdk-8/jre/lib/rt.jar
Soot started on Mon Aug 03 11:28:40 UTC 2020
Soot finished on Mon Aug 03 11:28:40 UTC 2020
Soot has run for 0 min. 0 sec.
Comparing files /tmp/tmpnko1gwdb/soot/sootOutput/soot.asm.backend.targets.ExtendedArithmeticLib.asm.compare and /tmp/tmpnko1gwdb/soot/sootOutput/soot.asm.backend.targets.ExtendedArithmeticLib.asm...
File comparison successful.
Tests run: 1, Failures: 0, Errors: 0, Skipped: 0, Time elapsed: 0.098 sec - in soot.asm.backend.ExtendedArithmeticLibTest
Running soot.asm.backend.AnnotationTest
Class path: /tmp/tmpnko1gwdb/soot/./target/test-classes:/usr/local/openjdk-8/jre/lib/rt.jar
Soot started on Mon Aug 03 11:28:40 UTC 2020
Soot finished on Mon Aug 03 11:28:40 UTC 2020
Soot has run for 0 min. 0 sec.
Comparing files /tmp/tmpnko1gwdb/soot/sootOutput/soot.asm.backend.targets.MyTestAnnotation.asm.compare and /tmp/tmpnko1gwdb/soot/sootOutput/soot.asm.backend.targets.MyTestAnnotation.asm...
File comparison successful.
Tests run: 1, Failures: 0, Errors: 0, Skipped: 0, Time elapsed: 0.06 sec - in soot.asm.backend.AnnotationTest
Running soot.asm.backend.ExceptionTest
Class path: /tmp/tmpnko1gwdb/soot/./target/test-classes:/usr/local/openjdk-8/jre/lib/rt.jar
Soot started on Mon Aug 03 11:28:40 UTC 2020
Soot finished on Mon Aug 03 11:28:40 UTC 2020
Soot has run for 0 min. 0 sec.
Comparing files /tmp/tmpnko1gwdb/soot/sootOutput/soot.asm.backend.targets.ExceptionMethods.asm.compare and /tmp/tmpnko1gwdb/soot/sootOutput/soot.asm.backend.targets.ExceptionMethods.asm...
File comparison successful.
Tests run: 1, Failures: 0, Errors: 0, Skipped: 0, Time elapsed: 0.037 sec - in soot.asm.backend.ExceptionTest
Running soot.asm.backend.MethodExampleTest
Class path: /tmp/tmpnko1gwdb/soot/./target/test-classes:/usr/local/openjdk-8/jre/lib/rt.jar
Soot started on Mon Aug 03 11:28:40 UTC 2020
Soot finished on Mon Aug 03 11:28:40 UTC 2020
Soot has run for 0 min. 0 sec.
Comparing files /tmp/tmpnko1gwdb/soot/sootOutput/soot.asm.backend.targets.Bean.asm.compare and /tmp/tmpnko1gwdb/soot/sootOutput/soot.asm.backend.targets.Bean.asm...
File comparison successful.
Tests run: 1, Failures: 0, Errors: 0, Skipped: 0, Time elapsed: 0.05 sec - in soot.asm.backend.MethodExampleTest
Running soot.asm.backend.NullTypesTest
Class path: /tmp/tmpnko1gwdb/soot/./target/test-classes:/usr/local/openjdk-8/jre/lib/rt.jar
Soot started on Mon Aug 03 11:28:40 UTC 2020
Soot finished on Mon Aug 03 11:28:40 UTC 2020
Soot has run for 0 min. 0 sec.
Comparing files /tmp/tmpnko1gwdb/soot/sootOutput/soot.asm.backend.targets.nullTypes.asm.compare and /tmp/tmpnko1gwdb/soot/sootOutput/soot.asm.backend.targets.nullTypes.asm...
File comparison successful.
Tests run: 1, Failures: 0, Errors: 0, Skipped: 0, Time elapsed: 0.04 sec - in soot.asm.backend.NullTypesTest
Running soot.asm.backend.ArithmeticTest
Class path: /tmp/tmpnko1gwdb/soot/./target/test-classes:/usr/local/openjdk-8/jre/lib/rt.jar
Soot started on Mon Aug 03 11:28:40 UTC 2020
Soot finished on Mon Aug 03 11:28:40 UTC 2020
Soot has run for 0 min. 0 sec.
Comparing files /tmp/tmpnko1gwdb/soot/sootOutput/soot.asm.backend.targets.ArithmeticLib.asm.compare and /tmp/tmpnko1gwdb/soot/sootOutput/soot.asm.backend.targets.ArithmeticLib.asm...
File comparison successful.
Tests run: 1, Failures: 0, Errors: 0, Skipped: 0, Time elapsed: 0.075 sec - in soot.asm.backend.ArithmeticTest
Running soot.asm.backend.MonitorTest
Class path: /tmp/tmpnko1gwdb/soot/./target/test-classes:/usr/local/openjdk-8/jre/lib/rt.jar
Soot started on Mon Aug 03 11:28:40 UTC 2020
Soot finished on Mon Aug 03 11:28:40 UTC 2020
Soot has run for 0 min. 0 sec.
Comparing files /tmp/tmpnko1gwdb/soot/sootOutput/soot.asm.backend.targets.Monitor.asm.compare and /tmp/tmpnko1gwdb/soot/sootOutput/soot.asm.backend.targets.Monitor.asm...
File comparison successful.
Tests run: 1, Failures: 0, Errors: 0, Skipped: 0, Time elapsed: 0.063 sec - in soot.asm.backend.MonitorTest
Running soot.asm.backend.CompareArithmeticInstructionsTest
Class path: /tmp/tmpnko1gwdb/soot/./target/test-classes:/usr/local/openjdk-8/jre/lib/rt.jar
Soot started on Mon Aug 03 11:28:40 UTC 2020
Soot finished on Mon Aug 03 11:28:40 UTC 2020
Soot has run for 0 min. 0 sec.
Comparing files /tmp/tmpnko1gwdb/soot/sootOutput/soot.asm.backend.targets.CompareArithmeticInstuctions.asm.compare and /tmp/tmpnko1gwdb/soot/sootOutput/soot.asm.backend.targets.CompareArithmeticInstuctions.asm...
File comparison successful.
Tests run: 1, Failures: 0, Errors: 0, Skipped: 0, Time elapsed: 0.069 sec - in soot.asm.backend.CompareArithmeticInstructionsTest
Running soot.asm.backend.AnnotatedClassTest
Class path: /tmp/tmpnko1gwdb/soot/./target/test-classes:/usr/local/openjdk-8/jre/lib/rt.jar
Soot started on Mon Aug 03 11:28:40 UTC 2020
Soot finished on Mon Aug 03 11:28:41 UTC 2020
Soot has run for 0 min. 0 sec.
Comparing files /tmp/tmpnko1gwdb/soot/sootOutput/soot.asm.backend.targets.AnnotatedClass.asm.compare and /tmp/tmpnko1gwdb/soot/sootOutput/soot.asm.backend.targets.AnnotatedClass.asm...
File comparison successful.
Tests run: 1, Failures: 0, Errors: 0, Skipped: 0, Time elapsed: 0.059 sec - in soot.asm.backend.AnnotatedClassTest
Running soot.asm.backend.AnnotatedAnnotationTest
Class path: /tmp/tmpnko1gwdb/soot/./target/test-classes:/usr/local/openjdk-8/jre/lib/rt.jar
Soot started on Mon Aug 03 11:28:41 UTC 2020
Soot finished on Mon Aug 03 11:28:41 UTC 2020
Soot has run for 0 min. 0 sec.
Comparing files /tmp/tmpnko1gwdb/soot/sootOutput/soot.asm.backend.targets.MyAnnotatedAnnotation.asm.compare and /tmp/tmpnko1gwdb/soot/sootOutput/soot.asm.backend.targets.MyAnnotatedAnnotation.asm...
File comparison successful.
Tests run: 1, Failures: 0, Errors: 0, Skipped: 0, Time elapsed: 0.035 sec - in soot.asm.backend.AnnotatedAnnotationTest
Running soot.asm.backend.CompareInstructionsTest
Class path: /tmp/tmpnko1gwdb/soot/./target/test-classes:/usr/local/openjdk-8/jre/lib/rt.jar
Soot started on Mon Aug 03 11:28:41 UTC 2020
Soot finished on Mon Aug 03 11:28:41 UTC 2020
Soot has run for 0 min. 0 sec.
Comparing files /tmp/tmpnko1gwdb/soot/sootOutput/soot.asm.backend.targets.CompareInstructions.asm.compare and /tmp/tmpnko1gwdb/soot/sootOutput/soot.asm.backend.targets.CompareInstructions.asm...
File comparison successful.
Tests run: 1, Failures: 0, Errors: 0, Skipped: 0, Time elapsed: 0.077 sec - in soot.asm.backend.CompareInstructionsTest
Running soot.asm.backend.InstanceOfCastsTest
Class path: /tmp/tmpnko1gwdb/soot/./target/test-classes:/usr/local/openjdk-8/jre/lib/rt.jar
Soot started on Mon Aug 03 11:28:41 UTC 2020
Soot finished on Mon Aug 03 11:28:41 UTC 2020
Soot has run for 0 min. 0 sec.
Comparing files /tmp/tmpnko1gwdb/soot/sootOutput/soot.asm.backend.targets.InstanceOfCasts.asm.compare and /tmp/tmpnko1gwdb/soot/sootOutput/soot.asm.backend.targets.InstanceOfCasts.asm...
File comparison successful.
Tests run: 1, Failures: 0, Errors: 0, Skipped: 0, Time elapsed: 0.053 sec - in soot.asm.backend.InstanceOfCastsTest
Running soot.asm.backend.OuterClassTest
Class path: /tmp/tmpnko1gwdb/soot/./target/test-classes:/usr/local/openjdk-8/jre/lib/rt.jar
Soot started on Mon Aug 03 11:28:41 UTC 2020
Soot finished on Mon Aug 03 11:28:41 UTC 2020
Soot has run for 0 min. 0 sec.
Comparing files /tmp/tmpnko1gwdb/soot/sootOutput/soot.asm.backend.targets.InnerClass.asm.compare and /tmp/tmpnko1gwdb/soot/sootOutput/soot.asm.backend.targets.InnerClass.asm...
File comparison successful.
Tests run: 1, Failures: 0, Errors: 0, Skipped: 0, Time elapsed: 0.047 sec - in soot.asm.backend.OuterClassTest
Running soot.asm.backend.AnnotatedFieldTest
Class path: /tmp/tmpnko1gwdb/soot/./target/test-classes:/usr/local/openjdk-8/jre/lib/rt.jar
Soot started on Mon Aug 03 11:28:41 UTC 2020
Soot finished on Mon Aug 03 11:28:41 UTC 2020
Soot has run for 0 min. 0 sec.
Comparing files /tmp/tmpnko1gwdb/soot/sootOutput/soot.asm.backend.targets.AnnotatedField.asm.compare and /tmp/tmpnko1gwdb/soot/sootOutput/soot.asm.backend.targets.AnnotatedField.asm...
File comparison successful.
Tests run: 1, Failures: 0, Errors: 0, Skipped: 0, Time elapsed: 0.044 sec - in soot.asm.backend.AnnotatedFieldTest
Running soot.asm.backend.InnerStaticClassTest
Class path: /tmp/tmpnko1gwdb/soot/./target/test-classes:/usr/local/openjdk-8/jre/lib/rt.jar
Soot started on Mon Aug 03 11:28:41 UTC 2020
Soot finished on Mon Aug 03 11:28:41 UTC 2020
Soot has run for 0 min. 0 sec.
Comparing files /tmp/tmpnko1gwdb/soot/sootOutput/soot.asm.backend.targets.InnerStaticClass$Inner.asm.compare and /tmp/tmpnko1gwdb/soot/sootOutput/soot.asm.backend.targets.InnerStaticClass$Inner.asm...
File comparison successful.
Tests run: 1, Failures: 0, Errors: 0, Skipped: 0, Time elapsed: 0.044 sec - in soot.asm.backend.InnerStaticClassTest
Running soot.asm.backend.AnnotatedAnnotatedClassTest
Class path: /tmp/tmpnko1gwdb/soot/./target/test-classes:/usr/local/openjdk-8/jre/lib/rt.jar
Soot started on Mon Aug 03 11:28:41 UTC 2020
Soot finished on Mon Aug 03 11:28:41 UTC 2020
Soot has run for 0 min. 0 sec.
Comparing files /tmp/tmpnko1gwdb/soot/sootOutput/soot.asm.backend.targets.AnnotatedAnnotatedClass.asm.compare and /tmp/tmpnko1gwdb/soot/sootOutput/soot.asm.backend.targets.AnnotatedAnnotatedClass.asm...
File comparison successful.
Tests run: 1, Failures: 0, Errors: 0, Skipped: 0, Time elapsed: 0.031 sec - in soot.asm.backend.AnnotatedAnnotatedClassTest
Running soot.asm.backend.ControlStructuresTest
Class path: /tmp/tmpnko1gwdb/soot/./target/test-classes:/usr/local/openjdk-8/jre/lib/rt.jar
Soot started on Mon Aug 03 11:28:41 UTC 2020
Soot finished on Mon Aug 03 11:28:41 UTC 2020
Soot has run for 0 min. 0 sec.
Comparing files /tmp/tmpnko1gwdb/soot/sootOutput/soot.asm.backend.targets.ControlStructures.asm.compare and /tmp/tmpnko1gwdb/soot/sootOutput/soot.asm.backend.targets.ControlStructures.asm...
File comparison successful.
Tests run: 1, Failures: 0, Errors: 0, Skipped: 0, Time elapsed: 0.021 sec - in soot.asm.backend.ControlStructuresTest
Running soot.asm.backend.CompareArithmeticInstructions2Test
Class path: /tmp/tmpnko1gwdb/soot/./target/test-classes:/usr/local/openjdk-8/jre/lib/rt.jar
Soot started on Mon Aug 03 11:28:41 UTC 2020
Soot finished on Mon Aug 03 11:28:41 UTC 2020
Soot has run for 0 min. 0 sec.
Comparing files /tmp/tmpnko1gwdb/soot/sootOutput/soot.asm.backend.targets.CompareArithmeticInstructions2.asm.compare and /tmp/tmpnko1gwdb/soot/sootOutput/soot.asm.backend.targets.CompareArithmeticInstructions2.asm...
File comparison successful.
Tests run: 1, Failures: 0, Errors: 0, Skipped: 0, Time elapsed: 0.085 sec - in soot.asm.backend.CompareArithmeticInstructions2Test
Running soot.asm.backend.InnerClass2Test
Class path: /tmp/tmpnko1gwdb/soot/./target/test-classes:/usr/local/openjdk-8/jre/lib/rt.jar
Soot started on Mon Aug 03 11:28:41 UTC 2020
Soot finished on Mon Aug 03 11:28:41 UTC 2020
Soot has run for 0 min. 0 sec.
Comparing files /tmp/tmpnko1gwdb/soot/sootOutput/soot.asm.backend.targets.InnerClass$1.asm.compare and /tmp/tmpnko1gwdb/soot/sootOutput/soot.asm.backend.targets.InnerClass$1.asm...
File comparison successful.
Tests run: 1, Failures: 0, Errors: 0, Skipped: 0, Time elapsed: 0.044 sec - in soot.asm.backend.InnerClass2Test
Running soot.asm.backend.LogicalOperationsTest
Class path: /tmp/tmpnko1gwdb/soot/./target/test-classes:/usr/local/openjdk-8/jre/lib/rt.jar
Soot started on Mon Aug 03 11:28:41 UTC 2020
Soot finished on Mon Aug 03 11:28:41 UTC 2020
Soot has run for 0 min. 0 sec.
Comparing files /tmp/tmpnko1gwdb/soot/sootOutput/soot.asm.backend.targets.LogicalOperations.asm.compare and /tmp/tmpnko1gwdb/soot/sootOutput/soot.asm.backend.targets.LogicalOperations.asm...
File comparison successful.
Tests run: 1, Failures: 0, Errors: 0, Skipped: 0, Time elapsed: 0.078 sec - in soot.asm.backend.LogicalOperationsTest
Running soot.asm.backend.InnerClassTest
Class path: /tmp/tmpnko1gwdb/soot/./target/test-classes:/usr/local/openjdk-8/jre/lib/rt.jar
Soot started on Mon Aug 03 11:28:41 UTC 2020
Soot finished on Mon Aug 03 11:28:41 UTC 2020
Soot has run for 0 min. 0 sec.
Comparing files /tmp/tmpnko1gwdb/soot/sootOutput/soot.asm.backend.targets.InnerClass$Inner.asm.compare and /tmp/tmpnko1gwdb/soot/sootOutput/soot.asm.backend.targets.InnerClass$Inner.asm...
File comparison successful.
Tests run: 1, Failures: 0, Errors: 0, Skipped: 0, Time elapsed: 0.055 sec - in soot.asm.backend.InnerClassTest
Running soot.asm.backend.AnnotatedMethodTest
Class path: /tmp/tmpnko1gwdb/soot/./target/test-classes:/usr/local/openjdk-8/jre/lib/rt.jar
Soot started on Mon Aug 03 11:28:41 UTC 2020
Soot finished on Mon Aug 03 11:28:41 UTC 2020
Soot has run for 0 min. 0 sec.
Comparing files /tmp/tmpnko1gwdb/soot/sootOutput/soot.asm.backend.targets.AnnotatedMethod.asm.compare and /tmp/tmpnko1gwdb/soot/sootOutput/soot.asm.backend.targets.AnnotatedMethod.asm...
File comparison successful.
Tests run: 1, Failures: 0, Errors: 0, Skipped: 0, Time elapsed: 0.055 sec - in soot.asm.backend.AnnotatedMethodTest
Running soot.asm.backend.ReturnsTest
Class path: /tmp/tmpnko1gwdb/soot/./target/test-classes:/usr/local/openjdk-8/jre/lib/rt.jar
Soot started on Mon Aug 03 11:28:41 UTC 2020
Soot finished on Mon Aug 03 11:28:41 UTC 2020
Soot has run for 0 min. 0 sec.
Comparing files /tmp/tmpnko1gwdb/soot/sootOutput/soot.asm.backend.targets.Returns.asm.compare and /tmp/tmpnko1gwdb/soot/sootOutput/soot.asm.backend.targets.Returns.asm...
File comparison successful.
Tests run: 1, Failures: 0, Errors: 0, Skipped: 0, Time elapsed: 0.06 sec - in soot.asm.backend.ReturnsTest
Running soot.asm.backend.InterfaceTest
Class path: /tmp/tmpnko1gwdb/soot/./target/test-classes:/usr/local/openjdk-8/jre/lib/rt.jar
Soot started on Mon Aug 03 11:28:41 UTC 2020
Soot finished on Mon Aug 03 11:28:41 UTC 2020
Soot has run for 0 min. 0 sec.
Comparing files /tmp/tmpnko1gwdb/soot/sootOutput/soot.asm.backend.targets.Comparable.asm.compare and /tmp/tmpnko1gwdb/soot/sootOutput/soot.asm.backend.targets.Comparable.asm...
File comparison successful.
Tests run: 1, Failures: 0, Errors: 0, Skipped: 0, Time elapsed: 0.038 sec - in soot.asm.backend.InterfaceTest
Running soot.asm.backend.StoresTest
Class path: /tmp/tmpnko1gwdb/soot/./target/test-classes:/usr/local/openjdk-8/jre/lib/rt.jar
Soot started on Mon Aug 03 11:28:41 UTC 2020
Soot finished on Mon Aug 03 11:28:41 UTC 2020
Soot has run for 0 min. 0 sec.
Comparing files /tmp/tmpnko1gwdb/soot/sootOutput/soot.asm.backend.targets.Stores.asm.compare and /tmp/tmpnko1gwdb/soot/sootOutput/soot.asm.backend.targets.Stores.asm...
File comparison successful.
Tests run: 1, Failures: 0, Errors: 0, Skipped: 0, Time elapsed: 0.071 sec - in soot.asm.backend.StoresTest
Running soot.asm.backend.MinimalJavaVersionTest
Soot started on Mon Aug 03 11:28:41 UTC 2020
[Thread-154] ERROR heros.solver.CountingThreadPoolExecutor - Worker thread execution failed: Enforced Java version 1.3 too low to support required features (1.5 required)
java.lang.IllegalArgumentException: Enforced Java version 1.3 too low to support required features (1.5 required)
	at soot.AbstractASMBackend.<init>(AbstractASMBackend.java:120)
	at soot.baf.BafASMBackend.<init>(BafASMBackend.java:121)
	at soot.PackManager.createASMBackend(PackManager.java:1214)
	at soot.PackManager.writeClass(PackManager.java:1170)
	at soot.PackManager.lambda$writeOutput$1(PackManager.java:699)
	at java.util.concurrent.ThreadPoolExecutor.runWorker(ThreadPoolExecutor.java:1149)
	at java.util.concurrent.ThreadPoolExecutor$Worker.run(ThreadPoolExecutor.java:624)
	at java.lang.Thread.run(Thread.java:748)
Exception in thread "Thread-154" java.lang.IllegalArgumentException: Enforced Java version 1.3 too low to support required features (1.5 required)
	at soot.AbstractASMBackend.<init>(AbstractASMBackend.java:120)
	at soot.baf.BafASMBackend.<init>(BafASMBackend.java:121)
	at soot.PackManager.createASMBackend(PackManager.java:1214)
	at soot.PackManager.writeClass(PackManager.java:1170)
	at soot.PackManager.lambda$writeOutput$1(PackManager.java:699)
	at java.util.concurrent.ThreadPoolExecutor.runWorker(ThreadPoolExecutor.java:1149)
	at java.util.concurrent.ThreadPoolExecutor$Worker.run(ThreadPoolExecutor.java:624)
	at java.lang.Thread.run(Thread.java:748)
Soot started on Mon Aug 03 11:28:41 UTC 2020
Soot finished on Mon Aug 03 11:28:42 UTC 2020
Soot has run for 0 min. 0 sec.
Tests run: 2, Failures: 0, Errors: 0, Skipped: 0, Time elapsed: 0.09 sec - in soot.asm.backend.MinimalJavaVersionTest
Running soot.RefTypeTest
Tests run: 1, Failures: 0, Errors: 0, Skipped: 0, Time elapsed: 0.032 sec - in soot.RefTypeTest
Running soot.java10.LoadingTest
Soot started on Mon Aug 03 11:28:42 UTC 2020
java.nio.file.FileSystemNotFoundException: Provider "jrt" not installed
	at java.nio.file.Paths.get(Paths.java:147)
	at soot.ModulePathSourceLocator.getRootModulesPathOfJDK(ModulePathSourceLocator.java:264)
	at soot.ModulePathSourceLocator.getClassUnderModulePath(ModulePathSourceLocator.java:224)
	at soot.ModulePathSourceLocator.discoverModule(ModulePathSourceLocator.java:579)
	at soot.ModulePathSourceLocator.lookUpInModulePath(ModulePathSourceLocator.java:537)
	at soot.asm.AsmModuleClassProvider.find(AsmModuleClassProvider.java:47)
	at soot.ModulePathSourceLocator.getClassSource(ModulePathSourceLocator.java:108)
	at soot.ModuleScene.tryLoadClass(ModuleScene.java:248)
	at soot.ModuleScene.loadBasicClasses(ModuleScene.java:495)
	at soot.ModuleScene.loadNecessaryClasses(ModuleScene.java:520)
	at soot.Main.run(Main.java:241)
	at soot.Main.main(Main.java:141)
	at soot.java10.LoadingTest.testLoadingJava9ClassFromCI(LoadingTest.java:77)
	at sun.reflect.NativeMethodAccessorImpl.invoke0(Native Method)
	at sun.reflect.NativeMethodAccessorImpl.invoke(NativeMethodAccessorImpl.java:62)
	at sun.reflect.DelegatingMethodAccessorImpl.invoke(DelegatingMethodAccessorImpl.java:43)
	at java.lang.reflect.Method.invoke(Method.java:498)
	at org.junit.runners.model.FrameworkMethod$1.runReflectiveCall(FrameworkMethod.java:50)
	at org.junit.internal.runners.model.ReflectiveCallable.run(ReflectiveCallable.java:12)
	at org.junit.runners.model.FrameworkMethod.invokeExplosively(FrameworkMethod.java:47)
	at org.junit.internal.runners.statements.InvokeMethod.evaluate(InvokeMethod.java:17)
	at org.junit.runners.ParentRunner.runLeaf(ParentRunner.java:325)
	at org.junit.runners.BlockJUnit4ClassRunner.runChild(BlockJUnit4ClassRunner.java:78)
	at org.junit.runners.BlockJUnit4ClassRunner.runChild(BlockJUnit4ClassRunner.java:57)
	at org.junit.runners.ParentRunner$3.run(ParentRunner.java:290)
	at org.junit.runners.ParentRunner$1.schedule(ParentRunner.java:71)
	at org.junit.runners.ParentRunner.runChildren(ParentRunner.java:288)
	at org.junit.runners.ParentRunner.access$000(ParentRunner.java:58)
	at org.junit.runners.ParentRunner$2.evaluate(ParentRunner.java:268)
	at org.junit.runners.ParentRunner.run(ParentRunner.java:363)
	at org.apache.maven.surefire.junit4.JUnit4Provider.execute(JUnit4Provider.java:367)
	at org.apache.maven.surefire.junit4.JUnit4Provider.executeWithRerun(JUnit4Provider.java:274)
	at org.apache.maven.surefire.junit4.JUnit4Provider.executeTestSet(JUnit4Provider.java:238)
	at org.apache.maven.surefire.junit4.JUnit4Provider.invoke(JUnit4Provider.java:161)
	at org.apache.maven.surefire.booter.ForkedBooter.invokeProviderInSameClassLoader(ForkedBooter.java:290)
	at org.apache.maven.surefire.booter.ForkedBooter.runSuitesInProcess(ForkedBooter.java:242)
	at org.apache.maven.surefire.booter.ForkedBooter.main(ForkedBooter.java:121)


Ouuups... something went wrong! Sorry about that.
Follow these steps to fix the problem:
1.) Are you sure you used the right command line?
    Click here to double-check:
    https://github.com/soot-oss/soot/wiki/Options-and-JavaDoc

2.) Not sure whether it's a bug? Feel free to discuss
    the issue on the Soot mailing list:
    https://github.com/soot-oss/soot/wiki/Getting-help

3.) Sure it's a bug? Click this link to report it.
    https://github.com/soot-oss/soot/issues/new?title=java.nio.file.FileSystemNotFoundException+when+...&body=Steps+to+reproduce%3A%0A1.%29+...%0A%0AFiles+used+to+reproduce%3A+%0A...%0A%0ASoot+version%3A+%3Cpre%3Etrunk%3C%2Fpre%3E%0A%0ACommand+line%3A%0A%3Cpre%3E-soot-modulepath+VIRTUAL_FS_FOR_JDK+-pp+-src-prec+only-class+java.lang.invoke.VarHandle%3C%2Fpre%3E%0A%0AMax+Memory%3A%0A%3Cpre%3E1138MB%3C%2Fpre%3E%0A%0AStack+trace%3A%0A%3Cpre%3Ejava.nio.file.FileSystemNotFoundException%3A+Provider+%26%2334%3Bjrt%26%2334%3B+not+installed%0A%09at+java.nio.file.Paths.get%28Paths.java%3A147%29%0A%09at+soot.ModulePathSourceLocator.getRootModulesPathOfJDK%28ModulePathSourceLocator.java%3A264%29%0A%09at+soot.ModulePathSourceLocator.getClassUnderModulePath%28ModulePathSourceLocator.java%3A224%29%0A%09at+soot.ModulePathSourceLocator.discoverModule%28ModulePathSourceLocator.java%3A579%29%0A%09at+soot.ModulePathSourceLocator.lookUpInModulePath%28ModulePathSourceLocator.java%3A537%29%0A%09at+soot.asm.AsmModuleClassProvider.find%28AsmModuleClassProvider.java%3A47%29%0A%09at+soot.ModulePathSourceLocator.getClassSource%28ModulePathSourceLocator.java%3A108%29%0A%09at+soot.ModuleScene.tryLoadClass%28ModuleScene.java%3A248%29%0A%09at+soot.ModuleScene.loadBasicClasses%28ModuleScene.java%3A495%29%0A%09at+soot.ModuleScene.loadNecessaryClasses%28ModuleScene.java%3A520%29%0A%09at+soot.Main.run%28Main.java%3A241%29%0A%09at+soot.Main.main%28Main.java%3A141%29%0A%09at+soot.java10.LoadingTest.testLoadingJava9ClassFromCI%28LoadingTest.java%3A77%29%0A%09at+sun.reflect.NativeMethodAccessorImpl.invoke0%28Native+Method%29%0A%09at+sun.reflect.NativeMethodAccessorImpl.invoke%28NativeMethodAccessorImpl.java%3A62%29%0A%09at+sun.reflect.DelegatingMethodAccessorImpl.invoke%28DelegatingMethodAccessorImpl.java%3A43%29%0A%09at+java.lang.reflect.Method.invoke%28Method.java%3A498%29%0A%09at+org.junit.runners.model.FrameworkMethod%241.runReflectiveCall%28FrameworkMethod.java%3A50%29%0A%09at+org.junit.internal.runners.model.ReflectiveCallable.run%28ReflectiveCallable.java%3A12%29%0A%09at+org.junit.runners.model.FrameworkMethod.invokeExplosively%28FrameworkMethod.java%3A47%29%0A%09at+org.junit.internal.runners.statements.InvokeMethod.evaluate%28InvokeMethod.java%3A17%29%0A%09at+org.junit.runners.ParentRunner.runLeaf%28ParentRunner.java%3A325%29%0A%09at+org.junit.runners.BlockJUnit4ClassRunner.runChild%28BlockJUnit4ClassRunner.java%3A78%29%0A%09at+org.junit.runners.BlockJUnit4ClassRunner.runChild%28BlockJUnit4ClassRunner.java%3A57%29%0A%09at+org.junit.runners.ParentRunner%243.run%28ParentRunner.java%3A290%29%0A%09at+org.junit.runners.ParentRunner%241.schedule%28ParentRunner.java%3A71%29%0A%09at+org.junit.runners.ParentRunner.runChildren%28ParentRunner.java%3A288%29%0A%09at+org.junit.runners.ParentRunner.access%24000%28ParentRunner.java%3A58%29%0A%09at+org.junit.runners.ParentRunner%242.evaluate%28ParentRunner.java%3A268%29%0A%09at+org.junit.runners.ParentRunner.run%28ParentRunner.java%3A363%29%0A%09at+org.apache.maven.surefire.junit4.JUnit4Provider.execute%28JUnit4Provider.java%3A367%29%0A%09at+org.apache.maven.surefire.junit4.JUnit4Provider.executeWithRerun%28JUnit4Provider.java%3A274%29%0A%09at+org.apache.maven.surefire.junit4.JUnit4Provider.executeTestSet%28JUnit4Provider.java%3A238%29%0A%09at+org.apache.maven.surefire.junit4.JUnit4Provider.invoke%28JUnit4Provider.java%3A161%29%0A%09at+org.apache.maven.surefire.booter.ForkedBooter.invokeProviderInSameClassLoader%28ForkedBooter.java%3A290%29%0A%09at+org.apache.maven.surefire.booter.ForkedBooter.runSuitesInProcess%28ForkedBooter.java%3A242%29%0A%09at+org.apache.maven.surefire.booter.ForkedBooter.main%28ForkedBooter.java%3A121%29%0A%3C%2Fpre%3E
    Please be as precise as possible when giving us
    information on how to reproduce the problem. Thanks!

Results :

Tests run: 158, Failures: 0, Errors: 0, Skipped: 7

[INFO] ------------------------------------------------------------------------
[INFO] BUILD FAILURE
[INFO] ------------------------------------------------------------------------
[INFO] Total time:  56.075 s
[INFO] Finished at: 2020-08-03T11:28:42Z
[INFO] ------------------------------------------------------------------------
[ERROR] Failed to execute goal org.apache.maven.plugins:maven-surefire-plugin:2.19.1:test (default-test) on project soot: Execution default-test of goal org.apache.maven.plugins:maven-surefire-plugin:2.19.1:test failed: The forked VM terminated without properly saying goodbye. VM crash or System.exit called?
[ERROR] Command was /bin/sh -c cd /tmp/tmpnko1gwdb/soot && /usr/local/openjdk-8/jre/bin/java -javaagent:/home/jdbl/.m2/repository/org/jacoco/org.jacoco.agent/0.8.5/org.jacoco.agent-0.8.5-runtime.jar=destfile=/tmp/tmpnko1gwdb/soot/target/jacoco.exec -jar /tmp/tmpnko1gwdb/soot/target/surefire/surefirebooter4075307918929919644.jar /tmp/tmpnko1gwdb/soot/target/surefire/surefire3856228461655872201tmp /tmp/tmpnko1gwdb/soot/target/surefire/surefire_023131009694698558tmp
[ERROR] -> [Help 1]
org.apache.maven.lifecycle.LifecycleExecutionException: Failed to execute goal org.apache.maven.plugins:maven-surefire-plugin:2.19.1:test (default-test) on project soot: Execution default-test of goal org.apache.maven.plugins:maven-surefire-plugin:2.19.1:test failed: The forked VM terminated without properly saying goodbye. VM crash or System.exit called?
Command was /bin/sh -c cd /tmp/tmpnko1gwdb/soot && /usr/local/openjdk-8/jre/bin/java -javaagent:/home/jdbl/.m2/repository/org/jacoco/org.jacoco.agent/0.8.5/org.jacoco.agent-0.8.5-runtime.jar=destfile=/tmp/tmpnko1gwdb/soot/target/jacoco.exec -jar /tmp/tmpnko1gwdb/soot/target/surefire/surefirebooter4075307918929919644.jar /tmp/tmpnko1gwdb/soot/target/surefire/surefire3856228461655872201tmp /tmp/tmpnko1gwdb/soot/target/surefire/surefire_023131009694698558tmp
    at org.apache.maven.lifecycle.internal.MojoExecutor.execute (MojoExecutor.java:215)
    at org.apache.maven.lifecycle.internal.MojoExecutor.execute (MojoExecutor.java:156)
    at org.apache.maven.lifecycle.internal.MojoExecutor.execute (MojoExecutor.java:148)
    at org.apache.maven.lifecycle.internal.LifecycleModuleBuilder.buildProject (LifecycleModuleBuilder.java:117)
    at org.apache.maven.lifecycle.internal.LifecycleModuleBuilder.buildProject (LifecycleModuleBuilder.java:81)
    at org.apache.maven.lifecycle.internal.builder.singlethreaded.SingleThreadedBuilder.build (SingleThreadedBuilder.java:56)
    at org.apache.maven.lifecycle.internal.LifecycleStarter.execute (LifecycleStarter.java:128)
    at org.apache.maven.DefaultMaven.doExecute (DefaultMaven.java:305)
    at org.apache.maven.DefaultMaven.doExecute (DefaultMaven.java:192)
    at org.apache.maven.DefaultMaven.execute (DefaultMaven.java:105)
    at org.apache.maven.cli.MavenCli.execute (MavenCli.java:957)
    at org.apache.maven.cli.MavenCli.doMain (MavenCli.java:289)
    at org.apache.maven.cli.MavenCli.main (MavenCli.java:193)
    at sun.reflect.NativeMethodAccessorImpl.invoke0 (Native Method)
    at sun.reflect.NativeMethodAccessorImpl.invoke (NativeMethodAccessorImpl.java:62)
    at sun.reflect.DelegatingMethodAccessorImpl.invoke (DelegatingMethodAccessorImpl.java:43)
    at java.lang.reflect.Method.invoke (Method.java:498)
    at org.codehaus.plexus.classworlds.launcher.Launcher.launchEnhanced (Launcher.java:282)
    at org.codehaus.plexus.classworlds.launcher.Launcher.launch (Launcher.java:225)
    at org.codehaus.plexus.classworlds.launcher.Launcher.mainWithExitCode (Launcher.java:406)
    at org.codehaus.plexus.classworlds.launcher.Launcher.main (Launcher.java:347)
Caused by: org.apache.maven.plugin.PluginExecutionException: Execution default-test of goal org.apache.maven.plugins:maven-surefire-plugin:2.19.1:test failed: The forked VM terminated without properly saying goodbye. VM crash or System.exit called?
Command was /bin/sh -c cd /tmp/tmpnko1gwdb/soot && /usr/local/openjdk-8/jre/bin/java -javaagent:/home/jdbl/.m2/repository/org/jacoco/org.jacoco.agent/0.8.5/org.jacoco.agent-0.8.5-runtime.jar=destfile=/tmp/tmpnko1gwdb/soot/target/jacoco.exec -jar /tmp/tmpnko1gwdb/soot/target/surefire/surefirebooter4075307918929919644.jar /tmp/tmpnko1gwdb/soot/target/surefire/surefire3856228461655872201tmp /tmp/tmpnko1gwdb/soot/target/surefire/surefire_023131009694698558tmp
    at org.apache.maven.plugin.DefaultBuildPluginManager.executeMojo (DefaultBuildPluginManager.java:148)
    at org.apache.maven.lifecycle.internal.MojoExecutor.execute (MojoExecutor.java:210)
    at org.apache.maven.lifecycle.internal.MojoExecutor.execute (MojoExecutor.java:156)
    at org.apache.maven.lifecycle.internal.MojoExecutor.execute (MojoExecutor.java:148)
    at org.apache.maven.lifecycle.internal.LifecycleModuleBuilder.buildProject (LifecycleModuleBuilder.java:117)
    at org.apache.maven.lifecycle.internal.LifecycleModuleBuilder.buildProject (LifecycleModuleBuilder.java:81)
    at org.apache.maven.lifecycle.internal.builder.singlethreaded.SingleThreadedBuilder.build (SingleThreadedBuilder.java:56)
    at org.apache.maven.lifecycle.internal.LifecycleStarter.execute (LifecycleStarter.java:128)
    at org.apache.maven.DefaultMaven.doExecute (DefaultMaven.java:305)
    at org.apache.maven.DefaultMaven.doExecute (DefaultMaven.java:192)
    at org.apache.maven.DefaultMaven.execute (DefaultMaven.java:105)
    at org.apache.maven.cli.MavenCli.execute (MavenCli.java:957)
    at org.apache.maven.cli.MavenCli.doMain (MavenCli.java:289)
    at org.apache.maven.cli.MavenCli.main (MavenCli.java:193)
    at sun.reflect.NativeMethodAccessorImpl.invoke0 (Native Method)
    at sun.reflect.NativeMethodAccessorImpl.invoke (NativeMethodAccessorImpl.java:62)
    at sun.reflect.DelegatingMethodAccessorImpl.invoke (DelegatingMethodAccessorImpl.java:43)
    at java.lang.reflect.Method.invoke (Method.java:498)
    at org.codehaus.plexus.classworlds.launcher.Launcher.launchEnhanced (Launcher.java:282)
    at org.codehaus.plexus.classworlds.launcher.Launcher.launch (Launcher.java:225)
    at org.codehaus.plexus.classworlds.launcher.Launcher.mainWithExitCode (Launcher.java:406)
    at org.codehaus.plexus.classworlds.launcher.Launcher.main (Launcher.java:347)
Caused by: java.lang.RuntimeException: The forked VM terminated without properly saying goodbye. VM crash or System.exit called?
Command was /bin/sh -c cd /tmp/tmpnko1gwdb/soot && /usr/local/openjdk-8/jre/bin/java -javaagent:/home/jdbl/.m2/repository/org/jacoco/org.jacoco.agent/0.8.5/org.jacoco.agent-0.8.5-runtime.jar=destfile=/tmp/tmpnko1gwdb/soot/target/jacoco.exec -jar /tmp/tmpnko1gwdb/soot/target/surefire/surefirebooter4075307918929919644.jar /tmp/tmpnko1gwdb/soot/target/surefire/surefire3856228461655872201tmp /tmp/tmpnko1gwdb/soot/target/surefire/surefire_023131009694698558tmp
    at org.apache.maven.plugin.surefire.booterclient.ForkStarter.fork (ForkStarter.java:590)
    at org.apache.maven.plugin.surefire.booterclient.ForkStarter.fork (ForkStarter.java:460)
    at org.apache.maven.plugin.surefire.booterclient.ForkStarter.run (ForkStarter.java:229)
    at org.apache.maven.plugin.surefire.booterclient.ForkStarter.run (ForkStarter.java:201)
    at org.apache.maven.plugin.surefire.AbstractSurefireMojo.executeProvider (AbstractSurefireMojo.java:1026)
    at org.apache.maven.plugin.surefire.AbstractSurefireMojo.executeAfterPreconditionsChecked (AbstractSurefireMojo.java:862)
    at org.apache.maven.plugin.surefire.AbstractSurefireMojo.execute (AbstractSurefireMojo.java:755)
    at org.apache.maven.plugin.DefaultBuildPluginManager.executeMojo (DefaultBuildPluginManager.java:137)
    at org.apache.maven.lifecycle.internal.MojoExecutor.execute (MojoExecutor.java:210)
    at org.apache.maven.lifecycle.internal.MojoExecutor.execute (MojoExecutor.java:156)
    at org.apache.maven.lifecycle.internal.MojoExecutor.execute (MojoExecutor.java:148)
    at org.apache.maven.lifecycle.internal.LifecycleModuleBuilder.buildProject (LifecycleModuleBuilder.java:117)
    at org.apache.maven.lifecycle.internal.LifecycleModuleBuilder.buildProject (LifecycleModuleBuilder.java:81)
    at org.apache.maven.lifecycle.internal.builder.singlethreaded.SingleThreadedBuilder.build (SingleThreadedBuilder.java:56)
    at org.apache.maven.lifecycle.internal.LifecycleStarter.execute (LifecycleStarter.java:128)
    at org.apache.maven.DefaultMaven.doExecute (DefaultMaven.java:305)
    at org.apache.maven.DefaultMaven.doExecute (DefaultMaven.java:192)
    at org.apache.maven.DefaultMaven.execute (DefaultMaven.java:105)
    at org.apache.maven.cli.MavenCli.execute (MavenCli.java:957)
    at org.apache.maven.cli.MavenCli.doMain (MavenCli.java:289)
    at org.apache.maven.cli.MavenCli.main (MavenCli.java:193)
    at sun.reflect.NativeMethodAccessorImpl.invoke0 (Native Method)
    at sun.reflect.NativeMethodAccessorImpl.invoke (NativeMethodAccessorImpl.java:62)
    at sun.reflect.DelegatingMethodAccessorImpl.invoke (DelegatingMethodAccessorImpl.java:43)
    at java.lang.reflect.Method.invoke (Method.java:498)
    at org.codehaus.plexus.classworlds.launcher.Launcher.launchEnhanced (Launcher.java:282)
    at org.codehaus.plexus.classworlds.launcher.Launcher.launch (Launcher.java:225)
    at org.codehaus.plexus.classworlds.launcher.Launcher.mainWithExitCode (Launcher.java:406)
    at org.codehaus.plexus.classworlds.launcher.Launcher.main (Launcher.java:347)
[ERROR] 
[ERROR] Re-run Maven using the -X switch to enable full debug logging.
[ERROR] 
[ERROR] For more information about the errors and possible solutions, please read the following articles:
[ERROR] [Help 1] http://cwiki.apache.org/confluence/display/MAVEN/PluginExecutionException
[INFO] Build failures were ignored.
