[INFO] Error stacktraces are turned on.
[INFO] Scanning for projects...
[INFO] 
[INFO] ------------------------< io.vertx:vertx-unit >-------------------------
[INFO] Building Vert.x Unit 3.5.0
[INFO] --------------------------------[ jar ]---------------------------------
[INFO] 
[INFO] --- maven-enforcer-plugin:1.0:enforce (enforce-maven) @ vertx-unit ---
[INFO] 
[INFO] --- maven-processor-plugin:3.2.0:process (generate-sources) @ vertx-unit ---
INFO: io.vertx.codegen.CodeGenProcessor - Loaded data_object_converters code generator 
INFO: io.vertx.codegen.CodeGenProcessor - Loaded Groovy code generator 
INFO: io.vertx.codegen.CodeGenProcessor - Loaded Groovy code generator 
INFO: io.vertx.codegen.CodeGenProcessor - Loaded Groovy code generator 
INFO: io.vertx.codegen.CodeGenProcessor - Loaded JavaScript code generator 
INFO: io.vertx.codegen.CodeGenProcessor - Loaded Ruby code generator 
INFO: io.vertx.codegen.CodeGenProcessor - Loaded RxJava code generator 
INFO: io.vertx.codegen.CodeGenProcessor - Loaded RxJava2 code generator 
INFO: io.vertx.codegen.CodeGenProcessor - Loaded Kotlin code generator 
INFO: io.vertx.codegen.CodeGenProcessor - Loaded cheatsheet code generator 
INFO: io.vertx.codegen.CodeGenProcessor - Loaded cheatsheet code generator 
INFO: io.vertx.codegen.CodeGenProcessor - Generated model io.vertx.ext.unit.TestSuite: io.vertx.rxjava.ext.unit.TestSuite 
INFO: io.vertx.codegen.CodeGenProcessor - Generated model io.vertx.ext.unit.collect.EventBusCollector: io.vertx.reactivex.ext.unit.collect.EventBusCollector 
INFO: io.vertx.codegen.CodeGenProcessor - Generated model io.vertx.ext.unit.Completion: io.vertx.groovy.ext.unit.Completion_GroovyExtension 
INFO: io.vertx.codegen.CodeGenProcessor - Generated model io.vertx.ext.unit.collect.EventBusCollector: io.vertx.rxjava.ext.unit.collect.EventBusCollector 
INFO: io.vertx.codegen.CodeGenProcessor - Generated model io.vertx.ext.unit.Async: io.vertx.rxjava.ext.unit.Async 
INFO: io.vertx.codegen.CodeGenProcessor - Generated model io.vertx.ext.unit.TestContext: io.vertx.rxjava.ext.unit.TestContext 
INFO: io.vertx.codegen.CodeGenProcessor - Generated model io.vertx.ext.unit.report.TestResult: io.vertx.reactivex.ext.unit.report.TestResult 
INFO: io.vertx.codegen.CodeGenProcessor - Generated model io.vertx.ext.unit.collect.EventBusCollector: io.vertx.groovy.ext.unit.collect.EventBusCollector_GroovyStaticExtension 
INFO: io.vertx.codegen.CodeGenProcessor - Generated model io.vertx.ext.unit.report.TestSuiteReport: io.vertx.reactivex.ext.unit.report.TestSuiteReport 
INFO: io.vertx.codegen.CodeGenProcessor - Generated model io.vertx.ext.unit.report.Failure: io.vertx.reactivex.ext.unit.report.Failure 
INFO: io.vertx.codegen.CodeGenProcessor - Generated model io.vertx.ext.unit.TestSuite: io.vertx.reactivex.ext.unit.TestSuite 
INFO: io.vertx.codegen.CodeGenProcessor - Generated model io.vertx.ext.unit.TestCompletion: io.vertx.reactivex.ext.unit.TestCompletion 
INFO: io.vertx.codegen.CodeGenProcessor - Generated model io.vertx.ext.unit.TestCase: io.vertx.rxjava.ext.unit.TestCase 
INFO: io.vertx.codegen.CodeGenProcessor - Generated model io.vertx.ext.unit.TestContext: io.vertx.groovy.ext.unit.TestContext_GroovyExtension 
INFO: io.vertx.codegen.CodeGenProcessor - Generated model io.vertx.ext.unit.report.TestSuiteReport: io.vertx.rxjava.ext.unit.report.TestSuiteReport 
INFO: io.vertx.codegen.CodeGenProcessor - Generated model io.vertx.ext.unit.TestCompletion: io.vertx.rxjava.ext.unit.TestCompletion 
INFO: io.vertx.codegen.CodeGenProcessor - Generated model io.vertx.ext.unit.report.TestCaseReport: io.vertx.reactivex.ext.unit.report.TestCaseReport 
INFO: io.vertx.codegen.CodeGenProcessor - Generated model io.vertx.ext.unit.TestSuite: io.vertx.groovy.ext.unit.TestSuite_GroovyExtension 
INFO: io.vertx.codegen.CodeGenProcessor - Generated model io.vertx.ext.unit.TestContext: io.vertx.reactivex.ext.unit.TestContext 
INFO: io.vertx.codegen.CodeGenProcessor - Generated model io.vertx.ext.unit.report.TestCaseReport: io.vertx.rxjava.ext.unit.report.TestCaseReport 
INFO: io.vertx.codegen.CodeGenProcessor - Generated model io.vertx.ext.unit.report.Failure: io.vertx.rxjava.ext.unit.report.Failure 
INFO: io.vertx.codegen.CodeGenProcessor - Generated model io.vertx.ext.unit.Async: io.vertx.groovy.ext.unit.VertxExtensionModule 
INFO: io.vertx.codegen.CodeGenProcessor - Generated model io.vertx.ext.unit.Completion: io.vertx.rxjava.ext.unit.Completion 
INFO: io.vertx.codegen.CodeGenProcessor - Generated model io.vertx.ext.unit.Async: io.vertx.reactivex.ext.unit.Async 
INFO: io.vertx.codegen.CodeGenProcessor - Generated model io.vertx.ext.unit.TestCase: io.vertx.reactivex.ext.unit.TestCase 
INFO: io.vertx.codegen.CodeGenProcessor - Generated model io.vertx.ext.unit.report.TestResult: io.vertx.rxjava.ext.unit.report.TestResult 
INFO: io.vertx.codegen.CodeGenProcessor - Generated model io.vertx.ext.unit.Completion: io.vertx.reactivex.ext.unit.Completion 
INFO: io.vertx.codegen.CodeGenProcessor - Generated model io.vertx.ext.unit.report.Failure: vertx-unit-js/failure.js 
INFO: io.vertx.codegen.CodeGenProcessor - Generated model io.vertx.ext.unit.TestCompletion: vertx-unit/test_completion.rb 
INFO: io.vertx.codegen.CodeGenProcessor - Generated model io.vertx.ext.unit.TestCase: vertx-unit-js/test_case.js 
INFO: io.vertx.codegen.CodeGenProcessor - Generated model io.vertx.ext.unit.report.TestResult: vertx-unit/test_result.rb 
INFO: io.vertx.codegen.CodeGenProcessor - Generated model io.vertx.ext.unit.report.TestResult: vertx-unit-js/test_result.js 
INFO: io.vertx.codegen.CodeGenProcessor - Generated model io.vertx.ext.unit.TestSuite: vertx-unit-js/test_suite.js 
INFO: io.vertx.codegen.CodeGenProcessor - Generated model io.vertx.ext.unit.TestContext: vertx-unit/test_context.rb 
INFO: io.vertx.codegen.CodeGenProcessor - Generated model io.vertx.ext.unit.Async: vertx-unit-js/async.js 
INFO: io.vertx.codegen.CodeGenProcessor - Generated model io.vertx.ext.unit.report.TestSuiteReport: vertx-unit-js/test_suite_report.js 
INFO: io.vertx.codegen.CodeGenProcessor - Generated model io.vertx.ext.unit.report.Failure: vertx-unit/failure.rb 
INFO: io.vertx.codegen.CodeGenProcessor - Generated model io.vertx.ext.unit.collect.EventBusCollector: vertx-unit/event_bus_collector.rb 
INFO: io.vertx.codegen.CodeGenProcessor - Generated model io.vertx.ext.unit.report.TestCaseReport: vertx-unit/test_case_report.rb 
INFO: io.vertx.codegen.CodeGenProcessor - Generated model io.vertx.ext.unit.TestCase: vertx-unit/test_case.rb 
INFO: io.vertx.codegen.CodeGenProcessor - Generated model io.vertx.ext.unit.collect.EventBusCollector: vertx-unit-js/event_bus_collector.js 
INFO: io.vertx.codegen.CodeGenProcessor - Generated model io.vertx.ext.unit.report.TestSuiteReport: vertx-unit/test_suite_report.rb 
INFO: io.vertx.codegen.CodeGenProcessor - Generated model io.vertx.ext.unit.TestContext: vertx-unit-js/test_context.js 
INFO: io.vertx.codegen.CodeGenProcessor - Generated model io.vertx.ext.unit.TestCompletion: vertx-unit-js/test_completion.js 
INFO: io.vertx.codegen.CodeGenProcessor - Generated model io.vertx.ext.unit.Completion: vertx-unit/completion.rb 
INFO: io.vertx.codegen.CodeGenProcessor - Generated model io.vertx.ext.unit.report.TestCaseReport: vertx-unit-js/test_case_report.js 
INFO: io.vertx.codegen.CodeGenProcessor - Generated model io.vertx.ext.unit.Async: vertx-unit/async.rb 
INFO: io.vertx.codegen.CodeGenProcessor - Generated model io.vertx.ext.unit.Completion: vertx-unit-js/completion.js 
INFO: io.vertx.codegen.CodeGenProcessor - Generated model io.vertx.ext.unit.TestSuite: vertx-unit/test_suite.rb 
INFO: io.vertx.codegen.CodeGenProcessor - Generated model io.vertx.ext.unit.report.ReportingOptions: kotlin/io/vertx/kotlin/ext/unit/report/ReportingOptions.kt 
INFO: io.vertx.codegen.CodeGenProcessor - Generated model io.vertx.ext.unit.report.ReportOptions: generated/io/vertx/ext/unit/report/ReportOptionsConverter.java 
INFO: io.vertx.codegen.CodeGenProcessor - Generated model io.vertx.ext.unit.report.ReportOptions: asciidoc/dataobjects.adoc 
INFO: io.vertx.codegen.CodeGenProcessor - Generated model io.vertx.ext.unit.TestOptions: generated/io/vertx/ext/unit/TestOptionsConverter.java 
INFO: io.vertx.codegen.CodeGenProcessor - Generated model io.vertx.ext.unit.TestOptions: kotlin/io/vertx/kotlin/ext/unit/TestOptions.kt 
INFO: io.vertx.codegen.CodeGenProcessor - Generated model io.vertx.ext.unit.report.ReportOptions: kotlin/io/vertx/kotlin/ext/unit/report/ReportOptions.kt 
INFO: io.vertx.codegen.CodeGenProcessor - Generated model io.vertx.ext.unit.report.ReportingOptions: generated/io/vertx/ext/unit/report/ReportingOptionsConverter.java 
[WARNING] diagnostic: warning: The following options were not recognized by any processor: '[maven.artifactId, maven.version, codegen.output.data_object_converters, codegen.rxjava.deprecated, maven.groupId]'
[INFO] 
[INFO] --- build-helper-maven-plugin:1.12:add-source (add-source) @ vertx-unit ---
[INFO] Source directory: /tmp/tmpm8o51v9r/vertx-unit/src/main/generated added.
[INFO] 
[INFO] --- maven-compiler-plugin:3.1:compile (default-compile) @ vertx-unit ---
[INFO] Changes detected - recompiling the module!
[INFO] Compiling 89 source files to /tmp/tmpm8o51v9r/vertx-unit/target/classes
[WARNING] /tmp/tmpm8o51v9r/vertx-unit/src/main/java/io/vertx/ext/unit/report/impl/JunitXmlFormatter.java: Some input files use or override a deprecated API.
[WARNING] /tmp/tmpm8o51v9r/vertx-unit/src/main/java/io/vertx/ext/unit/report/impl/JunitXmlFormatter.java: Recompile with -Xlint:deprecation for details.
[WARNING] /tmp/tmpm8o51v9r/vertx-unit/target/generated-sources/annotations/io/vertx/rxjava/ext/unit/Completion.java: Some input files use unchecked or unsafe operations.
[WARNING] /tmp/tmpm8o51v9r/vertx-unit/target/generated-sources/annotations/io/vertx/rxjava/ext/unit/Completion.java: Recompile with -Xlint:unchecked for details.
[INFO] 
[INFO] --- gmavenplus-plugin:1.5:compile (default) @ vertx-unit ---
[INFO] No sources specified for compilation.  Skipping.
[INFO] 
[INFO] --- kotlin-maven-plugin:1.1.51:compile (default) @ vertx-unit ---
[INFO] Kotlin version 1.1.51 (JRE 1.8.0_262-b10)
[INFO] Compiling Kotlin sources from [/tmp/tmpm8o51v9r/vertx-unit/src/main/kotlin]
[INFO] Module name is vertx-unit
[INFO] 
[INFO] --- maven-resources-plugin:2.7:resources (default-resources) @ vertx-unit ---
[INFO] Using 'UTF-8' encoding to copy filtered resources.
[INFO] Copying 1 resource
[INFO] 
[INFO] --- bnd-maven-plugin:3.2.0:bnd-process (default-bnd-process) @ vertx-unit ---
[WARNING] /tmp/tmpm8o51v9r/vertx-unit/pom.xml [0:0]: Unused Import-Package instructions: [io.vertx.groovy.*, io.vertx.ext.auth.*, io.vertx.lang.groovy.*, io.vertx.rxjava.ext.auth.*] 
[WARNING] /tmp/tmpm8o51v9r/vertx-unit/pom.xml [0:0]: Invalid package name: 'vertx-unit'
[WARNING] /tmp/tmpm8o51v9r/vertx-unit/pom.xml [0:0]: Invalid package name: 'vertx-unit-js'
[INFO] 
[INFO] --- maven-resources-plugin:2.7:testResources (default-testResources) @ vertx-unit ---
[INFO] Using 'UTF-8' encoding to copy filtered resources.
[INFO] Copying 12 resources
[INFO] 
[INFO] --- maven-compiler-plugin:3.1:testCompile (default-testCompile) @ vertx-unit ---
[INFO] Changes detected - recompiling the module!
[INFO] Compiling 20 source files to /tmp/tmpm8o51v9r/vertx-unit/target/test-classes
[WARNING] /tmp/tmpm8o51v9r/vertx-unit/src/test/java/io/vertx/ext/unit/JunitXmlReporterTest.java: /tmp/tmpm8o51v9r/vertx-unit/src/test/java/io/vertx/ext/unit/JunitXmlReporterTest.java uses or overrides a deprecated API.
[WARNING] /tmp/tmpm8o51v9r/vertx-unit/src/test/java/io/vertx/ext/unit/JunitXmlReporterTest.java: Recompile with -Xlint:deprecation for details.
[WARNING] /tmp/tmpm8o51v9r/vertx-unit/src/test/java/io/vertx/ext/unit/JUnitParameterizedTest.java: /tmp/tmpm8o51v9r/vertx-unit/src/test/java/io/vertx/ext/unit/JUnitParameterizedTest.java uses unchecked or unsafe operations.
[WARNING] /tmp/tmpm8o51v9r/vertx-unit/src/test/java/io/vertx/ext/unit/JUnitParameterizedTest.java: Recompile with -Xlint:unchecked for details.
[INFO] 
[INFO] --- gmavenplus-plugin:1.5:testCompile (default) @ vertx-unit ---
[INFO] Using Groovy 2.4.7 to perform testCompile.
[INFO] Compiled 3 files.
[INFO] 
[INFO] --- maven-surefire-plugin:2.18.1:test (default-test) @ vertx-unit ---
[INFO] Surefire report directory: /tmp/tmpm8o51v9r/vertx-unit/target/surefire-reports

-------------------------------------------------------
 T E S T S
-------------------------------------------------------
Running io.vertx.test.unit.GroovyJUnitTest
Tests run: 1, Failures: 0, Errors: 0, Skipped: 0, Time elapsed: 0.014 sec - in io.vertx.test.unit.GroovyJUnitTest
Running io.vertx.test.unit.GroovyJUnitParameterizedTest
Tests run: 2, Failures: 0, Errors: 0, Skipped: 0, Time elapsed: 0.213 sec - in io.vertx.test.unit.GroovyJUnitParameterizedTest
Running io.vertx.ext.unit.ReportingTest
Starting test: ReportingTest#testReportWithDefaultOptions 
Starting test: ReportingTest#testReportToLog 
Begin test suite my_suite
 
Begin test my_test
 
Passed my_test
 
End test suite my_suite , run: 1, Failures: 0, Errors: 0
 
Starting test: ReportingTest#testReportSucceededToCompletionHandler 
Starting test: ReportingTest#testReportToConsole 
Starting test: ReportingTest#testJunitFormatReporter 
Starting test: ReportingTest#testReportToFailureCompletionHandler 
Starting test: ReportingTest#testReportToEventBus 
Starting test: ReportingTest#testSimpleFormatReporter 
Starting test: ReportingTest#testReportToFile 
Unhandled exception 
java.util.concurrent.RejectedExecutionException: Task io.vertx.core.impl.TaskQueue$$Lambda$44/856055143@4023ab95 rejected from java.util.concurrent.ThreadPoolExecutor@5213df5[Shutting down, pool size = 3, active threads = 0, queued tasks = 0, completed tasks = 4]
	at java.util.concurrent.ThreadPoolExecutor$AbortPolicy.rejectedExecution(ThreadPoolExecutor.java:2063)
	at java.util.concurrent.ThreadPoolExecutor.reject(ThreadPoolExecutor.java:830)
	at java.util.concurrent.ThreadPoolExecutor.execute(ThreadPoolExecutor.java:1379)
	at io.vertx.core.impl.TaskQueue.execute(TaskQueue.java:97)
	at io.vertx.core.impl.ContextImpl.executeBlocking(ContextImpl.java:298)
	at io.vertx.core.impl.ContextImpl.executeBlocking(ContextImpl.java:247)
	at io.vertx.core.impl.ContextImpl.executeBlocking(ContextImpl.java:252)
	at io.vertx.core.file.impl.AsyncFileImpl.doClose(AsyncFileImpl.java:474)
	at io.vertx.core.file.impl.AsyncFileImpl.lambda$closeInternal$5(AsyncFileImpl.java:492)
	at io.vertx.core.file.impl.AsyncFileImpl.lambda$doWrite$0(AsyncFileImpl.java:160)
	at io.vertx.core.file.impl.AsyncFileImpl$1.lambda$completed$0(AsyncFileImpl.java:405)
	at io.vertx.core.impl.ContextImpl.lambda$wrapTask$2(ContextImpl.java:344)
	at io.netty.util.concurrent.AbstractEventExecutor.safeExecute(AbstractEventExecutor.java:163)
	at io.netty.util.concurrent.SingleThreadEventExecutor.runAllTasks(SingleThreadEventExecutor.java:403)
	at io.netty.channel.nio.NioEventLoop.run(NioEventLoop.java:463)
	at io.netty.util.concurrent.SingleThreadEventExecutor$5.run(SingleThreadEventExecutor.java:858)
	at java.lang.Thread.run(Thread.java:748)

Tests run: 9, Failures: 0, Errors: 0, Skipped: 0, Time elapsed: 0.856 sec - in io.vertx.ext.unit.ReportingTest
Running io.vertx.ext.unit.EventBusTest
Starting test: EventBusTest#testEndToEnd 
Starting test: EventBusTest#testEndToEndAfterFailure 
Starting test: EventBusTest#testEventBusReporter 
Starting test: EventBusTest#testEventBusReportAfterFailure 
Starting test: EventBusTest#testEventBusReporterTestSuiteFailure 
Starting test: EventBusTest#testEventBusReport 
Tests run: 6, Failures: 0, Errors: 0, Skipped: 0, Time elapsed: 0.324 sec - in io.vertx.ext.unit.EventBusTest
Running io.vertx.ext.unit.OptionsTest
Tests run: 6, Failures: 0, Errors: 0, Skipped: 0, Time elapsed: 0.01 sec - in io.vertx.ext.unit.OptionsTest
Running io.vertx.ext.unit.JunitXmlReporterTest
Starting test: JunitXmlReporterTest#testReportTestCases 
Starting test: JunitXmlReporterTest#testReportBeforeFailure 
Starting test: JunitXmlReporterTest#testReportAfterFailure 
Tests run: 3, Failures: 0, Errors: 0, Skipped: 0, Time elapsed: 0.101 sec - in io.vertx.ext.unit.JunitXmlReporterTest
Running io.vertx.ext.unit.VerticleTest
Starting test: VerticleTest#testCoordinated 
Tests run: 1, Failures: 0, Errors: 0, Skipped: 0, Time elapsed: 2.634 sec - in io.vertx.ext.unit.VerticleTest
Running io.vertx.ext.unit.TestSuiteNoEventLoopAsyncTest
Tests run: 37, Failures: 0, Errors: 0, Skipped: 0, Time elapsed: 0.688 sec - in io.vertx.ext.unit.TestSuiteNoEventLoopAsyncTest
Running io.vertx.ext.unit.TestSuiteNoEventLoopWithVertxTest
Tests run: 37, Failures: 0, Errors: 0, Skipped: 0, Time elapsed: 1.733 sec - in io.vertx.ext.unit.TestSuiteNoEventLoopWithVertxTest
Running io.vertx.ext.unit.TestSuiteNoEventLoopTest
Tests run: 38, Failures: 0, Errors: 0, Skipped: 0, Time elapsed: 0.632 sec - in io.vertx.ext.unit.TestSuiteNoEventLoopTest
Running io.vertx.ext.unit.TestSuiteUseContextualEventLoopTest
Tests run: 37, Failures: 0, Errors: 0, Skipped: 0, Time elapsed: 1.642 sec - in io.vertx.ext.unit.TestSuiteUseContextualEventLoopTest
Running io.vertx.ext.unit.CompletionTest
Tests run: 8, Failures: 0, Errors: 0, Skipped: 0, Time elapsed: 0.204 sec - in io.vertx.ext.unit.CompletionTest
Running io.vertx.ext.unit.ExamplesTest
------ begin example 2
Begin test suite the_test_suite
Begin test my_test_case
Passed my_test_case
End test suite the_test_suite , run: 1, Failures: 0, Errors: 0
------ end example 2
Tests run: 1, Failures: 0, Errors: 0, Skipped: 0, Time elapsed: 0.004 sec - in io.vertx.ext.unit.ExamplesTest
Running io.vertx.ext.unit.TestSuiteObjectTest
Tests run: 7, Failures: 0, Errors: 0, Skipped: 0, Time elapsed: 0.007 sec - in io.vertx.ext.unit.TestSuiteObjectTest
Running io.vertx.ext.unit.TestSuiteUseVertxEventLoopTest
Tests run: 37, Failures: 0, Errors: 0, Skipped: 0, Time elapsed: 1.814 sec - in io.vertx.ext.unit.TestSuiteUseVertxEventLoopTest
Running io.vertx.ext.unit.UseEventLoopTest
Tests run: 2, Failures: 0, Errors: 0, Skipped: 0, Time elapsed: 0.008 sec - in io.vertx.ext.unit.UseEventLoopTest
Running io.vertx.ext.unit.JUnitTestSuiteTest
before
beforeEach
testSomethingElse
afterEach
beforeEach
testSomething
afterEach
after
Tests run: 2, Failures: 0, Errors: 0, Skipped: 0, Time elapsed: 0.004 sec - in io.vertx.ext.unit.JUnitTestSuiteTest
Running io.vertx.ext.unit.JUnitParameterizedTest
Exception in thread "Thread-398" java.lang.AssertionError: Test failed
	at io.vertx.ext.unit.impl.TestContextImpl.reportAssertionError(TestContextImpl.java:432)
	at io.vertx.ext.unit.impl.TestContextImpl.fail(TestContextImpl.java:310)
	at io.vertx.ext.unit.impl.TestContextImpl.fail(TestContextImpl.java:306)
	at io.vertx.ext.unit.JUnitParameterizedTest$SimpleParameterizedTestSuite$1.run(JUnitParameterizedTest.java:52)
Tests run: 1, Failures: 0, Errors: 0, Skipped: 0, Time elapsed: 0.407 sec - in io.vertx.ext.unit.JUnitParameterizedTest
Running io.vertx.ext.unit.LangTest
Starting test: LangTest#testRubyFailure 
Unhandled exception 
org.jruby.exceptions.RaiseException: (Exception) the_failure
	at RUBY.block in to_throwable(uri:classloader:/vertx/util/utils.rb:19)
	at RUBY.to_throwable(uri:classloader:/vertx/util/utils.rb:19)
	at RUBY.fail(uri:classloader:/vertx-unit/test_context.rb:187)
	at RUBY.block in vertx_start_async(failing.rb:8)
	at RUBY.block in set_timer(uri:classloader:/vertx/vertx.rb:224)

Starting test: LangTest#testGroovyFailure 
Unhandled exception 
java.lang.reflect.UndeclaredThrowableException
	at com.sun.proxy.$Proxy49.handle(Unknown Source)
	at io.vertx.core.impl.VertxImpl$InternalTimerHandler.handle(VertxImpl.java:870)
	at io.vertx.core.impl.VertxImpl$InternalTimerHandler.handle(VertxImpl.java:829)
	at io.vertx.core.impl.ContextImpl.lambda$wrapTask$2(ContextImpl.java:344)
	at io.netty.util.concurrent.AbstractEventExecutor.safeExecute(AbstractEventExecutor.java:163)
	at io.netty.util.concurrent.SingleThreadEventExecutor.runAllTasks(SingleThreadEventExecutor.java:403)
	at io.netty.channel.nio.NioEventLoop.run(NioEventLoop.java:463)
	at io.netty.util.concurrent.SingleThreadEventExecutor$5.run(SingleThreadEventExecutor.java:858)
	at java.lang.Thread.run(Thread.java:748)
Caused by: java.lang.Exception: the_failure
	at sun.reflect.NativeConstructorAccessorImpl.newInstance0(Native Method)
	at sun.reflect.NativeConstructorAccessorImpl.newInstance(NativeConstructorAccessorImpl.java:62)
	at sun.reflect.DelegatingConstructorAccessorImpl.newInstance(DelegatingConstructorAccessorImpl.java:45)
	at java.lang.reflect.Constructor.newInstance(Constructor.java:423)
	at org.codehaus.groovy.reflection.CachedConstructor.invoke(CachedConstructor.java:83)
	at org.codehaus.groovy.runtime.callsite.ConstructorSite$ConstructorSiteNoUnwrapNoCoerce.callConstructor(ConstructorSite.java:105)
	at org.codehaus.groovy.runtime.callsite.CallSiteArray.defaultCallConstructor(CallSiteArray.java:60)
	at org.codehaus.groovy.runtime.callsite.AbstractCallSite.callConstructor(AbstractCallSite.java:235)
	at org.codehaus.groovy.runtime.callsite.AbstractCallSite.callConstructor(AbstractCallSite.java:247)
	at verticle.failing$_vertxStart_closure1$_closure2.doCall(failing.groovy:10)
	at sun.reflect.NativeMethodAccessorImpl.invoke0(Native Method)
	at sun.reflect.NativeMethodAccessorImpl.invoke(NativeMethodAccessorImpl.java:62)
	at sun.reflect.DelegatingMethodAccessorImpl.invoke(DelegatingMethodAccessorImpl.java:43)
	at java.lang.reflect.Method.invoke(Method.java:498)
	at org.codehaus.groovy.reflection.CachedMethod.invoke(CachedMethod.java:93)
	at groovy.lang.MetaMethod.doMethodInvoke(MetaMethod.java:325)
	at org.codehaus.groovy.runtime.metaclass.ClosureMetaClass.invokeMethod(ClosureMetaClass.java:294)
	at groovy.lang.MetaClassImpl.invokeMethod(MetaClassImpl.java:1024)
	at groovy.lang.Closure.call(Closure.java:414)
	at org.codehaus.groovy.runtime.ConvertedClosure.invokeCustom(ConvertedClosure.java:54)
	at org.codehaus.groovy.runtime.ConversionHandler.invoke(ConversionHandler.java:124)
	... 9 more

Starting test: LangTest#testAssertionsRuby 
Starting test: LangTest#testJavaScriptTimer 
Starting test: LangTest#testGroovyExceptionHandler 
Unhandled exception 
java.lang.AssertionError: the_failure
	at sun.reflect.NativeConstructorAccessorImpl.newInstance0(Native Method)
	at sun.reflect.NativeConstructorAccessorImpl.newInstance(NativeConstructorAccessorImpl.java:62)
	at sun.reflect.DelegatingConstructorAccessorImpl.newInstance(DelegatingConstructorAccessorImpl.java:45)
	at java.lang.reflect.Constructor.newInstance(Constructor.java:423)
	at org.codehaus.groovy.reflection.CachedConstructor.invoke(CachedConstructor.java:83)
	at org.codehaus.groovy.runtime.callsite.ConstructorSite$ConstructorSiteNoUnwrapNoCoerce.callConstructor(ConstructorSite.java:105)
	at org.codehaus.groovy.runtime.callsite.CallSiteArray.defaultCallConstructor(CallSiteArray.java:60)
	at org.codehaus.groovy.runtime.callsite.AbstractCallSite.callConstructor(AbstractCallSite.java:235)
	at org.codehaus.groovy.runtime.callsite.AbstractCallSite.callConstructor(AbstractCallSite.java:247)
	at verticle.exceptionHandler$_vertxStart_closure2$_closure3.doCall(exceptionHandler.groovy:12)
	at sun.reflect.NativeMethodAccessorImpl.invoke0(Native Method)
	at sun.reflect.NativeMethodAccessorImpl.invoke(NativeMethodAccessorImpl.java:62)
	at sun.reflect.DelegatingMethodAccessorImpl.invoke(DelegatingMethodAccessorImpl.java:43)
	at java.lang.reflect.Method.invoke(Method.java:498)
	at org.codehaus.groovy.reflection.CachedMethod.invoke(CachedMethod.java:93)
	at groovy.lang.MetaMethod.doMethodInvoke(MetaMethod.java:325)
	at org.codehaus.groovy.runtime.metaclass.ClosureMetaClass.invokeMethod(ClosureMetaClass.java:294)
	at groovy.lang.MetaClassImpl.invokeMethod(MetaClassImpl.java:1024)
	at groovy.lang.Closure.call(Closure.java:414)
	at org.codehaus.groovy.runtime.ConvertedClosure.invokeCustom(ConvertedClosure.java:54)
	at org.codehaus.groovy.runtime.ConversionHandler.invoke(ConversionHandler.java:124)
	at com.sun.proxy.$Proxy49.handle(Unknown Source)
	at io.vertx.core.impl.VertxImpl$InternalTimerHandler.handle(VertxImpl.java:870)
	at io.vertx.core.impl.VertxImpl$InternalTimerHandler.handle(VertxImpl.java:829)
	at io.vertx.core.impl.ContextImpl.lambda$wrapTask$2(ContextImpl.java:344)
	at io.netty.util.concurrent.AbstractEventExecutor.safeExecute(AbstractEventExecutor.java:163)
	at io.netty.util.concurrent.SingleThreadEventExecutor.runAllTasks(SingleThreadEventExecutor.java:403)
	at io.netty.channel.nio.NioEventLoop.run(NioEventLoop.java:463)
	at io.netty.util.concurrent.SingleThreadEventExecutor$5.run(SingleThreadEventExecutor.java:858)
	at java.lang.Thread.run(Thread.java:748)

Starting test: LangTest#testGroovyTimer 
Starting test: LangTest#testJavaScriptFailure 
Unhandled exception 
<eval>#88:17<eval>:55:4 Error: the_failure
	at jdk.nashorn.internal.objects.NativeError.initException(NativeError.java:137)
	at jdk.nashorn.internal.objects.NativeError.<init>(NativeError.java:102)
	at jdk.nashorn.internal.objects.NativeError.<init>(NativeError.java:106)
	at jdk.nashorn.internal.objects.NativeError.<init>(NativeError.java:110)
	at jdk.nashorn.internal.objects.NativeError.constructor(NativeError.java:129)
	at jdk.nashorn.internal.scripts.Script$Recompilation$527$334A$\^eval\_#88\!17\^eval\_.L:1#vertxStartAsync#suite#L:5(src/test/resources/verticle/failing.js:6)
	at jdk.nashorn.internal.scripts.Script$Recompilation$525$10474A$\^eval\_#88\!17\^eval\_.L:1#Vertx#setTimer#L:260(.vertx/debug-js/vertx-js/vertx.js:261)
	at io.vertx.core.Handler$$NashornJavaAdapter.handle(Unknown Source)
	at io.vertx.core.impl.VertxImpl$InternalTimerHandler.handle(VertxImpl.java:870)
	at io.vertx.core.impl.VertxImpl$InternalTimerHandler.handle(VertxImpl.java:829)
	at io.vertx.core.impl.ContextImpl.lambda$wrapTask$2(ContextImpl.java:344)
	at io.netty.util.concurrent.AbstractEventExecutor.safeExecute(AbstractEventExecutor.java:163)
	at io.netty.util.concurrent.SingleThreadEventExecutor.runAllTasks(SingleThreadEventExecutor.java:403)
	at io.netty.channel.nio.NioEventLoop.run(NioEventLoop.java:463)
	at io.netty.util.concurrent.SingleThreadEventExecutor$5.run(SingleThreadEventExecutor.java:858)
	at java.lang.Thread.run(Thread.java:748)

Starting test: LangTest#testAssertionsJs 
Starting test: LangTest#testGroovy 
Starting test: LangTest#testAssertionsGroovy 
Tests run: 10, Failures: 0, Errors: 0, Skipped: 0, Time elapsed: 7.61 sec - in io.vertx.ext.unit.LangTest
Running io.vertx.ext.unit.JUnitTest
Unhandled exception 
java.lang.AssertionError
	at org.junit.Assert.fail(Assert.java:86)
	at org.junit.Assert.fail(Assert.java:95)
	at io.vertx.ext.unit.JUnitTest$FailOnContext.lambda$testMethod1$0(JUnitTest.java:956)
	at io.vertx.core.impl.ContextImpl.lambda$wrapTask$2(ContextImpl.java:344)
	at io.netty.util.concurrent.AbstractEventExecutor.safeExecute(AbstractEventExecutor.java:163)
	at io.netty.util.concurrent.SingleThreadEventExecutor.runAllTasks(SingleThreadEventExecutor.java:403)
	at io.netty.channel.nio.NioEventLoop.run(NioEventLoop.java:463)
	at io.netty.util.concurrent.SingleThreadEventExecutor$5.run(SingleThreadEventExecutor.java:858)
	at java.lang.Thread.run(Thread.java:748)

Unhandled exception 
java.lang.AssertionError: Don't freak out
	at org.junit.Assert.fail(Assert.java:88)
	at io.vertx.ext.unit.JUnitTest$HttpRequestFailure.lambda$before$0(JUnitTest.java:1016)
	at io.vertx.core.http.impl.ServerConnection.processMessage(ServerConnection.java:444)
	at io.vertx.core.http.impl.ServerConnection.handleMessage(ServerConnection.java:156)
	at io.vertx.core.http.impl.HttpServerImpl$ServerHandlerWithWebSockets.handleMessage(HttpServerImpl.java:661)
	at io.vertx.core.http.impl.HttpServerImpl$ServerHandlerWithWebSockets.handleMessage(HttpServerImpl.java:614)
	at io.vertx.core.net.impl.VertxHandler.lambda$channelRead$1(VertxHandler.java:150)
	at io.vertx.core.impl.ContextImpl.lambda$wrapTask$2(ContextImpl.java:342)
	at io.vertx.core.impl.ContextImpl.executeFromIO(ContextImpl.java:200)
	at io.vertx.core.net.impl.VertxHandler.channelRead(VertxHandler.java:148)
	at io.netty.channel.AbstractChannelHandlerContext.invokeChannelRead(AbstractChannelHandlerContext.java:362)
	at io.netty.channel.AbstractChannelHandlerContext.invokeChannelRead(AbstractChannelHandlerContext.java:348)
	at io.netty.channel.AbstractChannelHandlerContext.fireChannelRead(AbstractChannelHandlerContext.java:340)
	at io.vertx.core.http.impl.HttpServerImpl$Http2UpgradeHandler.channelRead(HttpServerImpl.java:929)
	at io.netty.channel.AbstractChannelHandlerContext.invokeChannelRead(AbstractChannelHandlerContext.java:362)
	at io.netty.channel.AbstractChannelHandlerContext.invokeChannelRead(AbstractChannelHandlerContext.java:348)
	at io.netty.channel.AbstractChannelHandlerContext.fireChannelRead(AbstractChannelHandlerContext.java:340)
	at io.netty.handler.codec.ByteToMessageDecoder.fireChannelRead(ByteToMessageDecoder.java:310)
	at io.netty.handler.codec.ByteToMessageDecoder.channelRead(ByteToMessageDecoder.java:284)
	at io.netty.channel.AbstractChannelHandlerContext.invokeChannelRead(AbstractChannelHandlerContext.java:362)
	at io.netty.channel.AbstractChannelHandlerContext.invokeChannelRead(AbstractChannelHandlerContext.java:348)
	at io.netty.channel.AbstractChannelHandlerContext.fireChannelRead(AbstractChannelHandlerContext.java:340)
	at io.vertx.core.http.impl.Http1xOrH2CHandler.end(Http1xOrH2CHandler.java:49)
	at io.vertx.core.http.impl.Http1xOrH2CHandler.channelRead(Http1xOrH2CHandler.java:27)
	at io.netty.channel.AbstractChannelHandlerContext.invokeChannelRead(AbstractChannelHandlerContext.java:362)
	at io.netty.channel.AbstractChannelHandlerContext.invokeChannelRead(AbstractChannelHandlerContext.java:348)
	at io.netty.channel.AbstractChannelHandlerContext.fireChannelRead(AbstractChannelHandlerContext.java:340)
	at io.netty.channel.DefaultChannelPipeline$HeadContext.channelRead(DefaultChannelPipeline.java:1359)
	at io.netty.channel.AbstractChannelHandlerContext.invokeChannelRead(AbstractChannelHandlerContext.java:362)
	at io.netty.channel.AbstractChannelHandlerContext.invokeChannelRead(AbstractChannelHandlerContext.java:348)
	at io.netty.channel.DefaultChannelPipeline.fireChannelRead(DefaultChannelPipeline.java:935)
	at io.netty.channel.nio.AbstractNioByteChannel$NioByteUnsafe.read(AbstractNioByteChannel.java:134)
	at io.netty.channel.nio.NioEventLoop.processSelectedKey(NioEventLoop.java:645)
	at io.netty.channel.nio.NioEventLoop.processSelectedKeysOptimized(NioEventLoop.java:580)
	at io.netty.channel.nio.NioEventLoop.processSelectedKeys(NioEventLoop.java:497)
	at io.netty.channel.nio.NioEventLoop.run(NioEventLoop.java:459)
	at io.netty.util.concurrent.SingleThreadEventExecutor$5.run(SingleThreadEventExecutor.java:858)
	at java.lang.Thread.run(Thread.java:748)

io.vertx.core.VertxException: Connection was closed 
*** Iteration 1/3 of test testMethod(io.vertx.ext.unit.JUnitTest$RepeatRuleTestSuite)
*** Iteration 2/3 of test testMethod(io.vertx.ext.unit.JUnitTest$RepeatRuleTestSuite)
*** Iteration 3/3 of test testMethod(io.vertx.ext.unit.JUnitTest$RepeatRuleTestSuite)
Exception in thread "Thread-690" java.lang.AssertionError: expected
	at io.vertx.ext.unit.impl.TestContextImpl.reportAssertionError(TestContextImpl.java:432)
	at io.vertx.ext.unit.impl.TestContextImpl.fail(TestContextImpl.java:310)
	at io.vertx.ext.unit.JUnitTest$AwaitAsyncTestSuite.lambda$testAwaitWithTimeout$2(JUnitTest.java:727)
	at java.lang.Thread.run(Thread.java:748)
Exception in thread "Thread-694" java.lang.AssertionError: expected
	at io.vertx.ext.unit.impl.TestContextImpl.reportAssertionError(TestContextImpl.java:432)
	at io.vertx.ext.unit.impl.TestContextImpl.fail(TestContextImpl.java:310)
	at io.vertx.ext.unit.JUnitTest$AwaitAsyncTestSuite.lambda$testAwaitWithFailure$1(JUnitTest.java:705)
	at java.lang.Thread.run(Thread.java:748)
Failure in calling handler 
java.lang.AssertionError
	at org.junit.Assert.fail(Assert.java:86)
	at org.junit.Assert.assertTrue(Assert.java:41)
	at org.junit.Assert.assertTrue(Assert.java:52)
	at io.vertx.ext.unit.JUnitTest$DeployFailingVerticle.lambda$before$0(JUnitTest.java:987)
	at io.vertx.core.impl.DeploymentManager.lambda$reportResult$6(DeploymentManager.java:446)
	at io.vertx.core.impl.ContextImpl.lambda$wrapTask$2(ContextImpl.java:344)
	at io.netty.util.concurrent.AbstractEventExecutor.safeExecute(AbstractEventExecutor.java:163)
	at io.netty.util.concurrent.SingleThreadEventExecutor.runAllTasks(SingleThreadEventExecutor.java:403)
	at io.netty.channel.nio.NioEventLoop.run(NioEventLoop.java:463)
	at io.netty.util.concurrent.SingleThreadEventExecutor$5.run(SingleThreadEventExecutor.java:858)
	at java.lang.Thread.run(Thread.java:748)

Unhandled exception 
java.lang.AssertionError
	at org.junit.Assert.fail(Assert.java:86)
	at org.junit.Assert.assertTrue(Assert.java:41)
	at org.junit.Assert.assertTrue(Assert.java:52)
	at io.vertx.ext.unit.JUnitTest$DeployFailingVerticle.lambda$before$0(JUnitTest.java:987)
	at io.vertx.core.impl.DeploymentManager.lambda$reportResult$6(DeploymentManager.java:446)
	at io.vertx.core.impl.ContextImpl.lambda$wrapTask$2(ContextImpl.java:344)
	at io.netty.util.concurrent.AbstractEventExecutor.safeExecute(AbstractEventExecutor.java:163)
	at io.netty.util.concurrent.SingleThreadEventExecutor.runAllTasks(SingleThreadEventExecutor.java:403)
	at io.netty.channel.nio.NioEventLoop.run(NioEventLoop.java:463)
	at io.netty.util.concurrent.SingleThreadEventExecutor$5.run(SingleThreadEventExecutor.java:858)
	at java.lang.Thread.run(Thread.java:748)

Tests run: 33, Failures: 0, Errors: 0, Skipped: 0, Time elapsed: 2.897 sec - in io.vertx.ext.unit.JUnitTest

Results :

Tests run: 278, Failures: 0, Errors: 0, Skipped: 0

[INFO] 
[INFO] --- maven-jar-plugin:3.0.2:jar (default-jar) @ vertx-unit ---
[INFO] Building jar: /tmp/tmpm8o51v9r/vertx-unit/target/vertx-unit-3.5.0.jar
[INFO] 
[INFO] --- maven-source-plugin:3.0.1:jar-no-fork (attach-sources) @ vertx-unit ---
[INFO] Building jar: /tmp/tmpm8o51v9r/vertx-unit/target/vertx-unit-3.5.0-sources.jar
[INFO] 
[INFO] --- maven-source-plugin:3.0.1:test-jar-no-fork (attach-sources) @ vertx-unit ---
[INFO] Building jar: /tmp/tmpm8o51v9r/vertx-unit/target/vertx-unit-3.5.0-test-sources.jar
[INFO] 
[INFO] --- maven-jar-plugin:3.0.2:test-jar (attach-test-jar) @ vertx-unit ---
[INFO] Building jar: /tmp/tmpm8o51v9r/vertx-unit/target/vertx-unit-3.5.0-tests.jar
[INFO] 
[INFO] --- maven-assembly-plugin:3.2.0:single (package-sources) @ vertx-unit ---
[INFO] Building jar: /tmp/tmpm8o51v9r/vertx-unit/target/vertx-unit-3.5.0-sources.jar
[INFO] 
[INFO] --- maven-assembly-plugin:3.2.0:single (package-docs) @ vertx-unit ---
[INFO] Building zip: /tmp/tmpm8o51v9r/vertx-unit/target/vertx-unit-3.5.0-docs.zip
[INFO] 
[INFO] --- maven-assembly-plugin:3.2.0:single (default) @ vertx-unit ---
[INFO] Building jar: /tmp/tmpm8o51v9r/vertx-unit/target/vertx-unit-3.5.0-jar-with-dependencies.jar
[INFO] ------------------------------------------------------------------------
[INFO] BUILD SUCCESS
[INFO] ------------------------------------------------------------------------
[INFO] Total time:  11:56 min
[INFO] Finished at: 2020-07-30T19:11:53Z
[INFO] ------------------------------------------------------------------------
