[INFO] Error stacktraces are turned on.
[INFO] Scanning for projects...
[WARNING] 
[WARNING] Some problems were encountered while building the effective model for sk.kuzmisin.closure-compiler:xtb-generator:jar:1.0
[WARNING] 'dependencies.dependency.version' for com.google.javascript:closure-compiler:jar is either LATEST or RELEASE (both of them are being deprecated) @ line 90, column 16
[WARNING] 
[WARNING] It is highly recommended to fix these problems because they threaten the stability of your build.
[WARNING] 
[WARNING] For this reason, future Maven versions might no longer support building such malformed projects.
[WARNING] 
[INFO] 
[INFO] -------------< sk.kuzmisin.closure-compiler:xtb-generator >-------------
[INFO] Building Xtb Generator 1.0
[INFO] --------------------------------[ jar ]---------------------------------
[INFO] 
[INFO] --- jacoco-maven-plugin:0.8.5:prepare-agent (default) @ xtb-generator ---
[INFO] argLine set to -javaagent:/home/jdbl/.m2/repository/org/jacoco/org.jacoco.agent/0.8.5/org.jacoco.agent-0.8.5-runtime.jar=destfile=/tmp/tmpamf57re0/xtbgenerator/target/jacoco.exec
[INFO] 
[INFO] --- maven-resources-plugin:2.6:resources (default-resources) @ xtb-generator ---
[INFO] Using 'UTF-8' encoding to copy filtered resources.
[INFO] skip non existing resourceDirectory /tmp/tmpamf57re0/xtbgenerator/src/main/resources
[INFO] 
[INFO] --- maven-compiler-plugin:3.0:compile (default-compile) @ xtb-generator ---
[INFO] Changes detected - recompiling the module!
[INFO] Compiling 5 source files to /tmp/tmpamf57re0/xtbgenerator/target/classes
[INFO] 
[INFO] --- maven-resources-plugin:2.6:testResources (default-testResources) @ xtb-generator ---
[INFO] Using 'UTF-8' encoding to copy filtered resources.
[INFO] Copying 4 resources
[INFO] 
[INFO] --- maven-compiler-plugin:3.0:testCompile (default-testCompile) @ xtb-generator ---
[INFO] Changes detected - recompiling the module!
[INFO] Compiling 3 source files to /tmp/tmpamf57re0/xtbgenerator/target/test-classes
[WARNING] /tmp/tmpamf57re0/xtbgenerator/src/test/java/sk/kuzmisin/xtbgenerator/XtbGeneratorTest.java: /tmp/tmpamf57re0/xtbgenerator/src/test/java/sk/kuzmisin/xtbgenerator/XtbGeneratorTest.java uses or overrides a deprecated API.
[WARNING] /tmp/tmpamf57re0/xtbgenerator/src/test/java/sk/kuzmisin/xtbgenerator/XtbGeneratorTest.java: Recompile with -Xlint:deprecation for details.
[INFO] 
[INFO] --- maven-surefire-plugin:2.19.1:test (default-test) @ xtb-generator ---
[INFO] Surefire report directory: /tmp/tmpamf57re0/xtbgenerator/target/surefire-reports

-------------------------------------------------------
 T E S T S
-------------------------------------------------------
Running sk.kuzmisin.xtbgenerator.XtbWriterAppendTest
Tests run: 3, Failures: 0, Errors: 0, Skipped: 0, Time elapsed: 0.16 sec - in sk.kuzmisin.xtbgenerator.XtbWriterAppendTest
Running sk.kuzmisin.xtbgenerator.XtbWriterTest
Tests run: 1, Failures: 0, Errors: 0, Skipped: 0, Time elapsed: 0.106 sec - in sk.kuzmisin.xtbgenerator.XtbWriterTest
Running sk.kuzmisin.xtbgenerator.XtbGeneratorTest
Tests run: 5, Failures: 0, Errors: 0, Skipped: 0, Time elapsed: 1.274 sec - in sk.kuzmisin.xtbgenerator.XtbGeneratorTest

Results :

Tests run: 9, Failures: 0, Errors: 0, Skipped: 0

[INFO] 
[INFO] --- jacoco-maven-plugin:0.8.5:report (report) @ xtb-generator ---
[INFO] Loading execution data file /tmp/tmpamf57re0/xtbgenerator/target/jacoco.exec
[INFO] Analyzed bundle 'Xtb Generator' with 25 classes
[INFO] ------------------------------------------------------------------------
[INFO] BUILD SUCCESS
[INFO] ------------------------------------------------------------------------
[INFO] Total time:  17.364 s
[INFO] Finished at: 2020-07-30T20:25:42Z
[INFO] ------------------------------------------------------------------------
