[INFO] Error stacktraces are turned on.
[INFO] Scanning for projects...
[INFO] Inspecting build with total of 1 modules...
[INFO] Installing Nexus Staging features:
[INFO]   ... total of 1 executions of maven-deploy-plugin replaced with nexus-staging-maven-plugin
[INFO] 
[INFO] --------------< com.pengyifan.commons:pengyifan-commons >---------------
[INFO] Building com.pengyifan.commons:pengyifan-commons 0.3.0-SNAPSHOT
[INFO] --------------------------------[ jar ]---------------------------------
[INFO] 
[INFO] --- jacoco-maven-plugin:0.8.5:prepare-agent (default) @ pengyifan-commons ---
[INFO] argLine set to -javaagent:/home/jdbl/.m2/repository/org/jacoco/org.jacoco.agent/0.8.5/org.jacoco.agent-0.8.5-runtime.jar=destfile=/tmp/tmpyrx8802z/pengyifan-commons/target/jacoco.exec
[INFO] 
[INFO] --- maven-resources-plugin:2.6:resources (default-resources) @ pengyifan-commons ---
[INFO] Using 'UTF-8' encoding to copy filtered resources.
[INFO] skip non existing resourceDirectory /tmp/tmpyrx8802z/pengyifan-commons/src/main/resources
[INFO] 
[INFO] --- maven-compiler-plugin:3.1:compile (default-compile) @ pengyifan-commons ---
[INFO] Changes detected - recompiling the module!
[INFO] Compiling 47 source files to /tmp/tmpyrx8802z/pengyifan-commons/target/classes
[WARNING] /tmp/tmpyrx8802z/pengyifan-commons/src/main/java/com/pengyifan/commons/lang/XmlFormatter.java:[19,49] com.sun.org.apache.xml.internal.serialize.OutputFormat is internal proprietary API and may be removed in a future release
[WARNING] /tmp/tmpyrx8802z/pengyifan-commons/src/main/java/com/pengyifan/commons/lang/XmlFormatter.java:[20,49] com.sun.org.apache.xml.internal.serialize.XMLSerializer is internal proprietary API and may be removed in a future release
[WARNING] /tmp/tmpyrx8802z/pengyifan-commons/src/main/java/com/pengyifan/commons/lang/XmlFormatter.java:[46,7] com.sun.org.apache.xml.internal.serialize.OutputFormat is internal proprietary API and may be removed in a future release
[WARNING] /tmp/tmpyrx8802z/pengyifan-commons/src/main/java/com/pengyifan/commons/lang/XmlFormatter.java:[46,33] com.sun.org.apache.xml.internal.serialize.OutputFormat is internal proprietary API and may be removed in a future release
[WARNING] /tmp/tmpyrx8802z/pengyifan-commons/src/main/java/com/pengyifan/commons/lang/XmlFormatter.java:[51,7] com.sun.org.apache.xml.internal.serialize.XMLSerializer is internal proprietary API and may be removed in a future release
[WARNING] /tmp/tmpyrx8802z/pengyifan-commons/src/main/java/com/pengyifan/commons/lang/XmlFormatter.java:[51,38] com.sun.org.apache.xml.internal.serialize.XMLSerializer is internal proprietary API and may be removed in a future release
[WARNING] /tmp/tmpyrx8802z/pengyifan-commons/src/main/java/com/pengyifan/commons/collections/heap/FibonacciHeapPrettyFormatter.java: /tmp/tmpyrx8802z/pengyifan-commons/src/main/java/com/pengyifan/commons/collections/heap/FibonacciHeapPrettyFormatter.java uses unchecked or unsafe operations.
[WARNING] /tmp/tmpyrx8802z/pengyifan-commons/src/main/java/com/pengyifan/commons/collections/heap/FibonacciHeapPrettyFormatter.java: Recompile with -Xlint:unchecked for details.
[INFO] 
[INFO] --- maven-resources-plugin:2.6:testResources (default-testResources) @ pengyifan-commons ---
[INFO] Using 'UTF-8' encoding to copy filtered resources.
[INFO] skip non existing resourceDirectory /tmp/tmpyrx8802z/pengyifan-commons/src/test/resources
[INFO] 
[INFO] --- maven-compiler-plugin:3.1:testCompile (default-testCompile) @ pengyifan-commons ---
[INFO] Changes detected - recompiling the module!
[INFO] Compiling 17 source files to /tmp/tmpyrx8802z/pengyifan-commons/target/test-classes
[WARNING] /tmp/tmpyrx8802z/pengyifan-commons/src/test/java/com/pengyifan/commons/collections/tree/TreeTest.java: /tmp/tmpyrx8802z/pengyifan-commons/src/test/java/com/pengyifan/commons/collections/tree/TreeTest.java uses unchecked or unsafe operations.
[WARNING] /tmp/tmpyrx8802z/pengyifan-commons/src/test/java/com/pengyifan/commons/collections/tree/TreeTest.java: Recompile with -Xlint:unchecked for details.
[INFO] 
[INFO] --- maven-surefire-plugin:2.19.1:test (default-test) @ pengyifan-commons ---
[INFO] Surefire report directory: /tmp/tmpyrx8802z/pengyifan-commons/target/surefire-reports

-------------------------------------------------------
 T E S T S
-------------------------------------------------------
Running com.pengyifan.util.regex.InfixToPostfixTest
Tests run: 1, Failures: 0, Errors: 0, Skipped: 0, Time elapsed: 0.155 sec - in com.pengyifan.util.regex.InfixToPostfixTest
Running com.pengyifan.util.regex.RegExTest
Tests run: 5, Failures: 0, Errors: 0, Skipped: 0, Time elapsed: 0.199 sec - in com.pengyifan.util.regex.RegExTest
Running com.pengyifan.commons.math.MatrixUtilsTest
Tests run: 3, Failures: 0, Errors: 0, Skipped: 0, Time elapsed: 0.072 sec - in com.pengyifan.commons.math.MatrixUtilsTest
Running com.pengyifan.commons.math.SparseRealMatrixTest
Tests run: 4, Failures: 0, Errors: 0, Skipped: 0, Time elapsed: 0.04 sec - in com.pengyifan.commons.math.SparseRealMatrixTest
Running com.pengyifan.commons.math.RangeUtilsTest
Tests run: 4, Failures: 0, Errors: 0, Skipped: 0, Time elapsed: 0.003 sec - in com.pengyifan.commons.math.RangeUtilsTest
Running com.pengyifan.commons.math.SparseRealVectorTest
Tests run: 4, Failures: 0, Errors: 0, Skipped: 0, Time elapsed: 0.005 sec - in com.pengyifan.commons.math.SparseRealVectorTest
Running com.pengyifan.commons.io.FileUtils2Test
Tests run: 1, Failures: 0, Errors: 0, Skipped: 0, Time elapsed: 0.085 sec - in com.pengyifan.commons.io.FileUtils2Test
Running com.pengyifan.commons.lang.IndentStringFormatterTest
Tests run: 8, Failures: 0, Errors: 0, Skipped: 0, Time elapsed: 0.011 sec - in com.pengyifan.commons.lang.IndentStringFormatterTest
Running com.pengyifan.commons.chain.ChainTest
Tests run: 5, Failures: 0, Errors: 0, Skipped: 0, Time elapsed: 0.331 sec - in com.pengyifan.commons.chain.ChainTest
Running com.pengyifan.commons.collections.ListUtilsTest
Tests run: 3, Failures: 0, Errors: 0, Skipped: 0, Time elapsed: 0.004 sec - in com.pengyifan.commons.collections.ListUtilsTest
Running com.pengyifan.commons.collections.heap.FibonacciHeapTest
Tests run: 1, Failures: 0, Errors: 0, Skipped: 0, Time elapsed: 0.002 sec - in com.pengyifan.commons.collections.heap.FibonacciHeapTest
Running com.pengyifan.commons.collections.ImmutableCollectorsTest
Tests run: 2, Failures: 0, Errors: 0, Skipped: 0, Time elapsed: 0.022 sec - in com.pengyifan.commons.collections.ImmutableCollectorsTest
Running com.pengyifan.commons.collections.MultisetsTest
Tests run: 10, Failures: 0, Errors: 0, Skipped: 0, Time elapsed: 0.074 sec - in com.pengyifan.commons.collections.MultisetsTest
Running com.pengyifan.commons.collections.tree.TreeTest
Tests run: 47, Failures: 0, Errors: 0, Skipped: 0, Time elapsed: 0.028 sec - in com.pengyifan.commons.collections.tree.TreeTest
Running com.pengyifan.commons.collections.graph.ExactSubgraphMatchingTest
Tests run: 2, Failures: 0, Errors: 0, Skipped: 0, Time elapsed: 0.016 sec - in com.pengyifan.commons.collections.graph.ExactSubgraphMatchingTest
Running com.pengyifan.commons.collections.graph.IndexGraphTest
Tests run: 5, Failures: 0, Errors: 0, Skipped: 0, Time elapsed: 0.003 sec - in com.pengyifan.commons.collections.graph.IndexGraphTest
Running com.pengyifan.commons.collections.graph.ExactSubgraphMatchingPredicateTest
Tests run: 5, Failures: 0, Errors: 0, Skipped: 0, Time elapsed: 0.02 sec - in com.pengyifan.commons.collections.graph.ExactSubgraphMatchingPredicateTest

Results :

Tests run: 110, Failures: 0, Errors: 0, Skipped: 0

[INFO] 
[INFO] --- jacoco-maven-plugin:0.8.5:report (report) @ pengyifan-commons ---
[INFO] Loading execution data file /tmp/tmpyrx8802z/pengyifan-commons/target/jacoco.exec
[INFO] Analyzed bundle 'com.pengyifan.commons:pengyifan-commons' with 76 classes
[INFO] ------------------------------------------------------------------------
[INFO] BUILD SUCCESS
[INFO] ------------------------------------------------------------------------
[INFO] Total time:  21.554 s
[INFO] Finished at: 2020-07-30T20:32:38Z
[INFO] ------------------------------------------------------------------------
