[INFO] Error stacktraces are turned on.
[INFO] Scanning for projects...
[INFO] 
[INFO] -----------------< com.github.leopard2a5:result-flow >------------------
[INFO] Building com.github.leopard2a5:result-flow 1.0.1-SNAPSHOT
[INFO] --------------------------------[ jar ]---------------------------------
[INFO] 
[INFO] --- jacoco-maven-plugin:0.8.5:prepare-agent (default) @ result-flow ---
[INFO] argLine set to -javaagent:/home/jdbl/.m2/repository/org/jacoco/org.jacoco.agent/0.8.5/org.jacoco.agent-0.8.5-runtime.jar=destfile=/tmp/tmpwtqm1_ft/result-flow/target/jacoco.exec
[INFO] 
[INFO] --- maven-resources-plugin:2.6:resources (default-resources) @ result-flow ---
[INFO] Using 'UTF-8' encoding to copy filtered resources.
[INFO] Copying 1 resource
[INFO] 
[INFO] --- maven-compiler-plugin:3.5.1:compile (default-compile) @ result-flow ---
[INFO] Changes detected - recompiling the module!
[INFO] Compiling 4 source files to /tmp/tmpwtqm1_ft/result-flow/target/classes
[INFO] 
[INFO] --- maven-resources-plugin:2.6:testResources (default-testResources) @ result-flow ---
[INFO] Using 'UTF-8' encoding to copy filtered resources.
[INFO] Copying 1 resource
[INFO] 
[INFO] --- maven-compiler-plugin:3.5.1:testCompile (default-testCompile) @ result-flow ---
[INFO] Changes detected - recompiling the module!
[INFO] Compiling 7 source files to /tmp/tmpwtqm1_ft/result-flow/target/test-classes
[INFO] 
[INFO] --- maven-surefire-plugin:2.19.1:test (default-test) @ result-flow ---
[INFO] Surefire report directory: /tmp/tmpwtqm1_ft/result-flow/target/surefire-reports

-------------------------------------------------------
 T E S T S
-------------------------------------------------------
Running de.perschon.resultflow.MapErrTest
Tests run: 3, Failures: 0, Errors: 0, Skipped: 0, Time elapsed: 0.186 sec - in de.perschon.resultflow.MapErrTest
Running de.perschon.resultflow.BaseFunctionsTest
Tests run: 10, Failures: 0, Errors: 0, Skipped: 0, Time elapsed: 0.001 sec - in de.perschon.resultflow.BaseFunctionsTest
Running de.perschon.resultflow.AndThenTest
Tests run: 3, Failures: 0, Errors: 0, Skipped: 0, Time elapsed: 0.001 sec - in de.perschon.resultflow.AndThenTest
Running de.perschon.resultflow.MapTest
Tests run: 3, Failures: 0, Errors: 0, Skipped: 0, Time elapsed: 0 sec - in de.perschon.resultflow.MapTest
Running de.perschon.resultflow.UnwrapTest
Tests run: 2, Failures: 0, Errors: 0, Skipped: 0, Time elapsed: 0 sec - in de.perschon.resultflow.UnwrapTest
Running de.perschon.resultflow.ExpectTest
Tests run: 2, Failures: 0, Errors: 0, Skipped: 0, Time elapsed: 0 sec - in de.perschon.resultflow.ExpectTest

Results :

Tests run: 23, Failures: 0, Errors: 0, Skipped: 0

[INFO] 
[INFO] --- jacoco-maven-plugin:0.8.5:report (report) @ result-flow ---
[INFO] Loading execution data file /tmp/tmpwtqm1_ft/result-flow/target/jacoco.exec
[INFO] Analyzed bundle 'com.github.leopard2a5:result-flow' with 959 classes
[INFO] ------------------------------------------------------------------------
[INFO] BUILD SUCCESS
[INFO] ------------------------------------------------------------------------
[INFO] Total time:  6.510 s
[INFO] Finished at: 2020-07-31T08:32:39Z
[INFO] ------------------------------------------------------------------------
