[INFO] Error stacktraces are turned on.
[INFO] Scanning for projects...
[INFO] 
[INFO] --------------< org.neo4j.procedures:neo4j-ml-procedures >--------------
[INFO] Building Neo4j ML Procedures 3.2.2.1-SNAPSHOT
[INFO] --------------------------------[ jar ]---------------------------------
[INFO] 
[INFO] --- jacoco-maven-plugin:0.8.5:prepare-agent (default) @ neo4j-ml-procedures ---
[INFO] argLine set to -javaagent:/home/jdbl/.m2/repository/org/jacoco/org.jacoco.agent/0.8.5/org.jacoco.agent-0.8.5-runtime.jar=destfile=/tmp/tmpz9p55anz/neo4j-ml-procedures/target/jacoco.exec
[INFO] 
[INFO] --- maven-resources-plugin:2.6:resources (default-resources) @ neo4j-ml-procedures ---
[INFO] Using 'UTF-8' encoding to copy filtered resources.
[INFO] skip non existing resourceDirectory /tmp/tmpz9p55anz/neo4j-ml-procedures/src/main/resources
[INFO] 
[INFO] --- maven-compiler-plugin:3.1:compile (default-compile) @ neo4j-ml-procedures ---
[INFO] Changes detected - recompiling the module!
[INFO] Compiling 7 source files to /tmp/tmpz9p55anz/neo4j-ml-procedures/target/classes
[WARNING] /tmp/tmpz9p55anz/neo4j-ml-procedures/src/main/java/ml/DL4JMLModel.java: /tmp/tmpz9p55anz/neo4j-ml-procedures/src/main/java/ml/DL4JMLModel.java uses or overrides a deprecated API.
[WARNING] /tmp/tmpz9p55anz/neo4j-ml-procedures/src/main/java/ml/DL4JMLModel.java: Recompile with -Xlint:deprecation for details.
[WARNING] /tmp/tmpz9p55anz/neo4j-ml-procedures/src/main/java/ml/MLModel.java: Some input files use unchecked or unsafe operations.
[WARNING] /tmp/tmpz9p55anz/neo4j-ml-procedures/src/main/java/ml/MLModel.java: Recompile with -Xlint:unchecked for details.
[INFO] 
[INFO] --- maven-resources-plugin:2.6:testResources (default-testResources) @ neo4j-ml-procedures ---
[INFO] Using 'UTF-8' encoding to copy filtered resources.
[INFO] Copying 5 resources
[INFO] 
[INFO] --- maven-compiler-plugin:3.1:testCompile (default-testCompile) @ neo4j-ml-procedures ---
[INFO] Changes detected - recompiling the module!
[INFO] Compiling 8 source files to /tmp/tmpz9p55anz/neo4j-ml-procedures/target/test-classes
[INFO] 
[INFO] --- maven-surefire-plugin:2.19.1:test (default-test) @ neo4j-ml-procedures ---
[INFO] Surefire report directory: /tmp/tmpz9p55anz/neo4j-ml-procedures/target/surefire-reports

-------------------------------------------------------
 T E S T S
-------------------------------------------------------
Running ml.MLProcedureTest
result.resultAsString() = +------------------------------------------+
| model  | state     | info                |
+------------------------------------------+
| "iris" | "created" | {methodName -> ffd} |
+------------------------------------------+
1 row

+------------------------------------------------------------------------------------------------------------------------------------------------------------------------------------------------------------------------------------------------------------------------------------------------------------------------------------------------------------------------------------------------------------------------------------------------------------------------------------------------------------------------------------------------------------------------------------------------------------------------------------------------------------------------------------------------------------------------+
| model  | state   | info                                                                                                                                                                                                                                                                                                                                                                                                                                                                                                                                                                                                                                                                                                |
+------------------------------------------------------------------------------------------------------------------------------------------------------------------------------------------------------------------------------------------------------------------------------------------------------------------------------------------------------------------------------------------------------------------------------------------------------------------------------------------------------------------------------------------------------------------------------------------------------------------------------------------------------------------------------------------------------------------------+
| "iris" | "ready" | {trainingSets -> 150, methodName -> ffd, normalization -> "[NormalizationHelper:
[ColumnDefinition:sepal-width(continuous);low=2.000000,high=4.400000,mean=3.054000,sd=0.432147]
[ColumnDefinition:petal-length(continuous);low=1.000000,high=6.900000,mean=3.758667,sd=1.758529]
[ColumnDefinition:sepal-length(continuous);low=4.300000,high=7.900000,mean=5.843333,sd=0.825301]
[ColumnDefinition:petal-width(continuous);low=0.100000,high=2.500000,mean=1.198667,sd=0.760613]
[ColumnDefinition:iris(nominal);[Iris-setosa, Iris-versicolor, Iris-virginica]]
]", trainingError -> 0.008443593150466645, selectedMethod -> "[BasicNetwork: Layers=3]", validationError -> 0.05891660294394122} |
+------------------------------------------------------------------------------------------------------------------------------------------------------------------------------------------------------------------------------------------------------------------------------------------------------------------------------------------------------------------------------------------------------------------------------------------------------------------------------------------------------------------------------------------------------------------------------------------------------------------------------------------------------------------------------------------------------------------------+
1 row

Predictions correct 149 of 150
+------------------------------------------------------------------------------------------------------------------------------------------------------------------------------------------------------------------------------------------------------------------------------------------------------------------------------------------------------------------------------------------------------------------------------------------------------------------------------------------------------------------------------------------------------------------------------------------------------------------------------------------------------------------------------------------------------------------------+
| model  | state   | info                                                                                                                                                                                                                                                                                                                                                                                                                                                                                                                                                                                                                                                                                                |
+------------------------------------------------------------------------------------------------------------------------------------------------------------------------------------------------------------------------------------------------------------------------------------------------------------------------------------------------------------------------------------------------------------------------------------------------------------------------------------------------------------------------------------------------------------------------------------------------------------------------------------------------------------------------------------------------------------------------+
| "iris" | "ready" | {trainingSets -> 150, methodName -> ffd, normalization -> "[NormalizationHelper:
[ColumnDefinition:sepal-width(continuous);low=2.000000,high=4.400000,mean=3.054000,sd=0.432147]
[ColumnDefinition:petal-length(continuous);low=1.000000,high=6.900000,mean=3.758667,sd=1.758529]
[ColumnDefinition:sepal-length(continuous);low=4.300000,high=7.900000,mean=5.843333,sd=0.825301]
[ColumnDefinition:petal-width(continuous);low=0.100000,high=2.500000,mean=1.198667,sd=0.760613]
[ColumnDefinition:iris(nominal);[Iris-setosa, Iris-versicolor, Iris-virginica]]
]", trainingError -> 0.008443593150466645, selectedMethod -> "[BasicNetwork: Layers=3]", validationError -> 0.05891660294394122} |
+------------------------------------------------------------------------------------------------------------------------------------------------------------------------------------------------------------------------------------------------------------------------------------------------------------------------------------------------------------------------------------------------------------------------------------------------------------------------------------------------------------------------------------------------------------------------------------------------------------------------------------------------------------------------------------------------------------------------+
1 row

+---------------------------+
| model  | state     | info |
+---------------------------+
| "iris" | "removed" | {}   |
+---------------------------+
1 row

Tests run: 1, Failures: 0, Errors: 0, Skipped: 0, Time elapsed: 3.875 sec - in ml.MLProcedureTest
Running ml.DL4JTest
labels = {output=[0, 1]}
SLF4J: Failed to load class "org.slf4j.impl.StaticLoggerBinder".
SLF4J: Defaulting to no-operation (NOP) logger implementation
SLF4J: See http://www.slf4j.org/codes.html#StaticLoggerBinder for further details.
Evaluate model....


+++++ Prediction Errors +++++
Predicted class: 1, Actual class: 0	null
Predicted class: 1, Actual class: 0	null
Predicted class: 1, Actual class: 0	null
Predicted class: 1, Actual class: 0	null
Predicted class: 1, Actual class: 0	null
Predicted class: 1, Actual class: 0	null
Predicted class: 1, Actual class: 0	null

Examples labeled as 0 classified by model as 0: 121 times
Examples labeled as 0 classified by model as 1: 7 times
Examples labeled as 1 classified by model as 1: 122 times


==========================Scores========================================
 # of classes:    2
 Accuracy:        0.9720
 Precision:       0.9729
 Recall:          0.9727
 F1 Score:        0.9721
========================================================================
Tests run: 1, Failures: 0, Errors: 0, Skipped: 0, Time elapsed: 15.089 sec - in ml.DL4JTest
Running ml.MLTest
Tests run: 1, Failures: 0, Errors: 0, Skipped: 0, Time elapsed: 0.032 sec - in ml.MLTest
Running ml.LoadTest
Tests run: 1, Failures: 0, Errors: 0, Skipped: 1, Time elapsed: 0 sec - in ml.LoadTest

Results :

Tests run: 4, Failures: 0, Errors: 0, Skipped: 1

[INFO] 
[INFO] --- jacoco-maven-plugin:0.8.5:report (report) @ neo4j-ml-procedures ---
[INFO] Loading execution data file /tmp/tmpz9p55anz/neo4j-ml-procedures/target/jacoco.exec
[INFO] Analyzed bundle 'Neo4j ML Procedures' with 1021 classes
[INFO] ------------------------------------------------------------------------
[INFO] BUILD SUCCESS
[INFO] ------------------------------------------------------------------------
[INFO] Total time:  01:10 min
[INFO] Finished at: 2020-07-31T05:48:44Z
[INFO] ------------------------------------------------------------------------
