[INFO] Error stacktraces are turned on.
[INFO] Scanning for projects...
[INFO] Inspecting build with total of 1 modules...
[INFO] Installing Nexus Staging features:
[INFO]   ... total of 1 executions of maven-deploy-plugin replaced with nexus-staging-maven-plugin
[INFO] 
[INFO] ------------< com.github.hermannpencole:nifi-deploy-config >------------
[INFO] Building Deploy Nifi Configuration 1.5.6-SNAPSHOT
[INFO] --------------------------------[ jar ]---------------------------------
[INFO] 
[INFO] --- jacoco-maven-plugin:0.8.5:prepare-agent (default) @ nifi-deploy-config ---
[INFO] argLine set to -javaagent:/home/jdbl/.m2/repository/org/jacoco/org.jacoco.agent/0.8.5/org.jacoco.agent-0.8.5-runtime.jar=destfile=/tmp/tmpb08uxrn_/nifi-config/target/jacoco.exec
[INFO] 
[INFO] --- maven-resources-plugin:2.6:resources (default-resources) @ nifi-deploy-config ---
[INFO] Using 'UTF-8' encoding to copy filtered resources.
[INFO] Copying 1 resource
[INFO] 
[INFO] --- maven-compiler-plugin:3.1:compile (default-compile) @ nifi-deploy-config ---
[INFO] Changes detected - recompiling the module!
[INFO] Compiling 20 source files to /tmp/tmpb08uxrn_/nifi-config/target/classes
[INFO] 
[INFO] --- maven-resources-plugin:2.6:testResources (default-testResources) @ nifi-deploy-config ---
[INFO] Using 'UTF-8' encoding to copy filtered resources.
[INFO] Copying 3 resources
[INFO] 
[INFO] --- maven-compiler-plugin:3.1:testCompile (default-testCompile) @ nifi-deploy-config ---
[INFO] Changes detected - recompiling the module!
[INFO] Compiling 15 source files to /tmp/tmpb08uxrn_/nifi-config/target/test-classes
[INFO] 
[INFO] --- maven-surefire-plugin:2.19.1:test (default-test) @ nifi-deploy-config ---
[INFO] Surefire report directory: /tmp/tmpb08uxrn_/nifi-config/target/surefire-reports

-------------------------------------------------------
 T E S T S
-------------------------------------------------------
Running com.github.hermannpencole.nifi.config.service.ExtractProcessorServiceTest
Tests run: 8, Failures: 0, Errors: 0, Skipped: 0, Time elapsed: 2.694 sec - in com.github.hermannpencole.nifi.config.service.ExtractProcessorServiceTest
Running com.github.hermannpencole.nifi.config.service.UpdateProcessorServiceTest
2020-07-30 22:18:32 | INFO  | [main] c.g.h.n.c.s.UpdateProcessorService:69 - Processing : mytestController.json
2020-07-30 22:18:32 | INFO  | [main] c.g.h.n.c.s.UpdateProcessorService:78 - [root, elt1] is stopped
2020-07-30 22:18:32 | INFO  | [main] c.g.h.n.c.s.UpdateProcessorService:100 - [root, elt1] is running
2020-07-30 22:18:32 | INFO  | [main] c.g.h.n.c.s.UpdateProcessorService:69 - Processing : mytest1.json
2020-07-30 22:18:32 | INFO  | [main] c.g.h.n.c.s.UpdateProcessorService:78 - [root, elt1] is stopped
2020-07-30 22:18:32 | INFO  | [main] c.g.h.n.c.s.UpdateProcessorService:300 - Update config processor nameProc (idProc) 
2020-07-30 22:18:32 | INFO  | [main] c.g.h.n.c.s.UpdateProcessorService:69 - Processing : mytest1.json
2020-07-30 22:18:32 | INFO  | [main] c.g.h.n.c.s.UpdateProcessorService:78 - [root, elt1] is stopped
2020-07-30 22:18:32 | INFO  | [main] c.g.h.n.c.s.UpdateProcessorService:300 - Update config processor nameProc (idProc) 
2020-07-30 22:18:32 | INFO  | [main] c.g.h.n.c.s.UpdateProcessorService:334 - Processor nameProc (idProc) have config updated 
2020-07-30 22:18:32 | INFO  | [main] c.g.h.n.c.s.UpdateProcessorService:300 - Update config processor nameProc2 (idProc2) 
2020-07-30 22:18:32 | INFO  | [main] c.g.h.n.c.s.UpdateProcessorService:334 - Processor nameProc2 (idProc2) have config updated 
2020-07-30 22:18:32 | INFO  | [main] c.g.h.n.c.s.UpdateProcessorService:300 - Update config processor nameProc3 (idProc3) 
2020-07-30 22:18:32 | INFO  | [main] c.g.h.n.c.s.UpdateProcessorService:334 - Processor nameProc3 (idProc3) have config updated 
2020-07-30 22:18:32 | INFO  | [main] c.g.h.n.c.s.UpdateProcessorService:100 - [root, elt1] is running
2020-07-30 22:18:32 | INFO  | [main] c.g.h.n.c.s.UpdateProcessorService:69 - Processing : mytestAutoTerminateRelationShip.json
2020-07-30 22:18:32 | INFO  | [main] c.g.h.n.c.s.UpdateProcessorService:78 - [root, elt1] is stopped
2020-07-30 22:18:32 | INFO  | [main] c.g.h.n.c.s.UpdateProcessorService:300 - Update config processor nameProc (idProc) 
2020-07-30 22:18:32 | INFO  | [main] c.g.h.n.c.s.UpdateProcessorService:334 - Processor nameProc (idProc) have config updated 
2020-07-30 22:18:32 | INFO  | [main] c.g.h.n.c.s.UpdateProcessorService:100 - [root, elt1] is running
Tests run: 5, Failures: 0, Errors: 0, Skipped: 0, Time elapsed: 0.213 sec - in com.github.hermannpencole.nifi.config.service.UpdateProcessorServiceTest
Running com.github.hermannpencole.nifi.config.service.PortServiceTest
2020-07-30 22:18:33 | INFO  | [pool-1-thread-1] c.g.h.n.c.s.PortService:91 -  name (null) is STOPPED 
2020-07-30 22:18:33 | INFO  | [main] c.g.h.n.c.s.PortService:69 -  null (null) is already STOPPED
2020-07-30 22:18:33 | INFO  | [pool-2-thread-1] c.g.h.n.c.s.PortService:91 -  name (null) is STOPPED 
Tests run: 5, Failures: 0, Errors: 0, Skipped: 0, Time elapsed: 1.453 sec - in com.github.hermannpencole.nifi.config.service.PortServiceTest
Running com.github.hermannpencole.nifi.config.service.ControllerServicesServiceTest
2020-07-30 22:18:34 | INFO  | [main] c.g.h.n.c.s.ControllerServicesService:85 -  name (id) is UPDATED
Tests run: 2, Failures: 0, Errors: 0, Skipped: 0, Time elapsed: 0.391 sec - in com.github.hermannpencole.nifi.config.service.ControllerServicesServiceTest
Running com.github.hermannpencole.nifi.config.service.AccessServiceTest
Tests run: 3, Failures: 0, Errors: 0, Skipped: 0, Time elapsed: 0.053 sec - in com.github.hermannpencole.nifi.config.service.AccessServiceTest
Running com.github.hermannpencole.nifi.config.service.ConnectionsUpdaterTest
Tests run: 2, Failures: 0, Errors: 0, Skipped: 0, Time elapsed: 0.028 sec - in com.github.hermannpencole.nifi.config.service.ConnectionsUpdaterTest
Running com.github.hermannpencole.nifi.config.service.ConnectableServiceTest
Tests run: 2, Failures: 0, Errors: 0, Skipped: 0, Time elapsed: 0.002 sec - in com.github.hermannpencole.nifi.config.service.ConnectableServiceTest
Running com.github.hermannpencole.nifi.config.service.ProcessGroupServiceTest
2020-07-30 22:18:34 | INFO  | [pool-4-thread-1] c.g.h.n.c.s.ProcessGroupService:347 - Cannot delete Process Group because Input Port 3d3a458f-7365-1c62-aa8f-864fe0bf3085 has at least one incoming connection from a component outside of the Process Group. Delete this connection first.
Tests run: 12, Failures: 0, Errors: 0, Skipped: 0, Time elapsed: 1.361 sec - in com.github.hermannpencole.nifi.config.service.ProcessGroupServiceTest
Running com.github.hermannpencole.nifi.config.service.ConnectionServiceTest
2020-07-30 22:18:35 | INFO  | [pool-6-thread-1] c.g.h.n.c.s.ConnectionService:101 -  id : there is 0 FlowFile (0 bytes) on the queue 
2020-07-30 22:18:35 | INFO  | [pool-7-thread-1] c.g.h.n.c.s.ConnectionService:101 -  id : there is 1 FlowFile (0 bytes) on the queue 
2020-07-30 22:18:36 | ERROR | [main] c.g.h.n.c.s.ConnectionService:115 - java.util.concurrent.TimeoutException
com.github.hermannpencole.nifi.config.model.TimeoutException: java.util.concurrent.TimeoutException
	at com.github.hermannpencole.nifi.config.utils.FunctionUtils.runTimeout(FunctionUtils.java:46)
	at com.github.hermannpencole.nifi.config.utils.FunctionUtils.runWhile(FunctionUtils.java:65)
	at com.github.hermannpencole.nifi.config.service.ConnectionService.waitEmptyQueue(ConnectionService.java:99)
	at com.github.hermannpencole.nifi.config.service.ConnectionServiceTest.waitEmptyQueueTimeOutTest(ConnectionServiceTest.java:120)
	at sun.reflect.NativeMethodAccessorImpl.invoke0(Native Method)
	at sun.reflect.NativeMethodAccessorImpl.invoke(NativeMethodAccessorImpl.java:62)
	at sun.reflect.DelegatingMethodAccessorImpl.invoke(DelegatingMethodAccessorImpl.java:43)
	at java.lang.reflect.Method.invoke(Method.java:498)
	at org.junit.runners.model.FrameworkMethod$1.runReflectiveCall(FrameworkMethod.java:50)
	at org.junit.internal.runners.model.ReflectiveCallable.run(ReflectiveCallable.java:12)
	at org.junit.runners.model.FrameworkMethod.invokeExplosively(FrameworkMethod.java:47)
	at org.junit.internal.runners.statements.InvokeMethod.evaluate(InvokeMethod.java:17)
	at org.junit.internal.runners.statements.ExpectException.evaluate(ExpectException.java:19)
	at org.junit.runners.ParentRunner.runLeaf(ParentRunner.java:325)
	at org.junit.runners.BlockJUnit4ClassRunner.runChild(BlockJUnit4ClassRunner.java:78)
	at org.junit.runners.BlockJUnit4ClassRunner.runChild(BlockJUnit4ClassRunner.java:57)
	at org.junit.runners.ParentRunner$3.run(ParentRunner.java:290)
	at org.junit.runners.ParentRunner$1.schedule(ParentRunner.java:71)
	at org.junit.runners.ParentRunner.runChildren(ParentRunner.java:288)
	at org.junit.runners.ParentRunner.access$000(ParentRunner.java:58)
	at org.junit.runners.ParentRunner$2.evaluate(ParentRunner.java:268)
	at org.junit.runners.ParentRunner.run(ParentRunner.java:363)
	at org.mockito.internal.runners.JUnit45AndHigherRunnerImpl.run(JUnit45AndHigherRunnerImpl.java:37)
	at org.mockito.runners.MockitoJUnitRunner.run(MockitoJUnitRunner.java:62)
	at org.apache.maven.surefire.junit4.JUnit4Provider.execute(JUnit4Provider.java:367)
	at org.apache.maven.surefire.junit4.JUnit4Provider.executeWithRerun(JUnit4Provider.java:274)
	at org.apache.maven.surefire.junit4.JUnit4Provider.executeTestSet(JUnit4Provider.java:238)
	at org.apache.maven.surefire.junit4.JUnit4Provider.invoke(JUnit4Provider.java:161)
	at org.apache.maven.surefire.booter.ForkedBooter.invokeProviderInSameClassLoader(ForkedBooter.java:290)
	at org.apache.maven.surefire.booter.ForkedBooter.runSuitesInProcess(ForkedBooter.java:242)
	at org.apache.maven.surefire.booter.ForkedBooter.main(ForkedBooter.java:121)
Caused by: java.util.concurrent.TimeoutException: null
	at java.util.concurrent.FutureTask.get(FutureTask.java:205)
	at com.github.hermannpencole.nifi.config.utils.FunctionUtils.runTimeout(FunctionUtils.java:32)
	... 30 common frames omitted
2020-07-30 22:18:36 | INFO  | [pool-8-thread-1] c.g.h.n.c.s.ConnectionService:101 -  id : there is 1 FlowFile (0 bytes) on the queue 
2020-07-30 22:18:37 | INFO  | [main] c.g.h.n.c.s.ConnectionService:112 -  id : null FlowFile (null bytes) were removed from the queue
Tests run: 4, Failures: 0, Errors: 0, Skipped: 0, Time elapsed: 2.079 sec - in com.github.hermannpencole.nifi.config.service.ConnectionServiceTest
Running com.github.hermannpencole.nifi.config.service.TemplateServiceTest
2020-07-30 22:18:37 | INFO  | [main] c.g.h.n.c.s.TemplateService:104 - [root, elt1] is stopped
2020-07-30 22:18:37 | WARN  | [main] c.g.h.n.c.s.TemplateService:98 - cannot find [root, elt1]
Tests run: 4, Failures: 0, Errors: 0, Skipped: 0, Time elapsed: 0.053 sec - in com.github.hermannpencole.nifi.config.service.TemplateServiceTest
Running com.github.hermannpencole.nifi.config.service.ProcessorServiceTest
2020-07-30 22:18:37 | INFO  | [main] c.g.h.n.c.s.ProcessorService:57 -  name (id) is already RUNNING
2020-07-30 22:18:37 | INFO  | [main] c.g.h.n.c.s.ProcessorService:71 -  name (id) update for RUNNING
2020-07-30 22:18:37 | INFO  | [pool-10-thread-1] c.g.h.n.c.s.ProcessorService:84 -  name (id) waiting for RUNNING
2020-07-30 22:18:37 | INFO  | [pool-10-thread-1] c.g.h.n.c.s.ProcessorService:87 -  name (id) is RUNNING (have thread active : false) 
2020-07-30 22:18:37 | INFO  | [main] c.g.h.n.c.s.ProcessorService:71 -  name (id) update for RUNNING
Tests run: 3, Failures: 0, Errors: 0, Skipped: 0, Time elapsed: 0.019 sec - in com.github.hermannpencole.nifi.config.service.ProcessorServiceTest
Running com.github.hermannpencole.nifi.config.service.InformationServiceTest
Tests run: 1, Failures: 0, Errors: 0, Skipped: 0, Time elapsed: 0.002 sec - in com.github.hermannpencole.nifi.config.service.InformationServiceTest
Running com.github.hermannpencole.nifi.config.MainTest
2020-07-30 22:18:40 | INFO  | [main] c.g.h.n.c.Main:113 - Starting config_nifi null on mode deployTemplate
2020-07-30 22:18:40 | INFO  | [main] c.g.h.n.c.Main:136 - Communicate with nifi null
2020-07-30 22:18:40 | INFO  | [main] c.g.h.n.c.Main:151 - Template adr is installed on the group root>N2
2020-07-30 22:18:40 | INFO  | [main] c.g.h.n.c.Main:113 - Starting config_nifi null on mode undeploy
2020-07-30 22:18:40 | INFO  | [main] c.g.h.n.c.Main:136 - Communicate with nifi null
2020-07-30 22:18:40 | INFO  | [main] c.g.h.n.c.Main:155 - The group root>N2 is deleted
2020-07-30 22:18:40 | INFO  | [main] c.g.h.n.c.Main:113 - Starting config_nifi null on mode undeploy
2020-07-30 22:18:40 | INFO  | [main] c.g.h.n.c.Main:136 - Communicate with nifi null
2020-07-30 22:18:40 | INFO  | [main] c.g.h.n.c.Main:155 - The group root>N2 is deleted
2020-07-30 22:18:40 | INFO  | [main] c.g.h.n.c.Main:113 - Starting config_nifi null on mode updateConfig
2020-07-30 22:18:40 | INFO  | [main] c.g.h.n.c.Main:136 - Communicate with nifi null
2020-07-30 22:18:40 | INFO  | [main] c.g.h.n.c.Main:142 - The group configuration root>N2 is updated with the file adr.
2020-07-30 22:18:41 | INFO  | [main] c.g.h.n.c.Main:113 - Starting config_nifi null on mode updateConfig
2020-07-30 22:18:41 | INFO  | [main] c.g.h.n.c.Main:136 - Communicate with nifi null
2020-07-30 22:18:41 | INFO  | [main] c.g.h.n.c.Main:142 - The group configuration root>N2 is updated with the file adr.
2020-07-30 22:18:41 | INFO  | [main] c.g.h.n.c.Main:113 - Starting config_nifi null on mode extractConfig
2020-07-30 22:18:41 | INFO  | [main] c.g.h.n.c.Main:136 - Communicate with nifi null
2020-07-30 22:18:41 | INFO  | [main] c.g.h.n.c.Main:147 - The group configuration root is extrated on file adr
usage: java -jar nifi-deploy-config-null.jar [OPTIONS]
 -accessFromTicket          Access via Kerberos ticket exchange / SPNEGO
                            negotiation
 -b,--branch <arg>          Target process group (must begin by root) :
                            root > my processor > my proce2 (default root)
 -c,--conf <arg>            Mandatory if mode in [updateConfig,
                            extractConfig, deployTemplate]  :
                            configuration file
 -connectionTimeout <arg>   Configure api client connection timeout
                            (default 10 seconds)
 -enableDebugMode           Turn on debug mode
 -f,--force                 Turn on force mode : empty queue after timeout
 -failOnDuplicateNames      Fail if template contains duplicate processor
                            names in extractConfig mode
 -h,--help                  Usage description
 -interval <arg>            Allow specifying the polling interval in
                            second (default 2 seconds)
 -keepTemplate              Keep template after installation (default
                            false)
 -m,--mode <arg>            Mandatory, possible values :
                            updateConfig/extractConfig/deployTemplate/unde
                            ploy
 -n,--nifi <arg>            Mandatory : Nifi URL (ex :
                            http://localhost:8080/nifi-api)
 -noStartProcessors         Turn off auto start of the processors after
                            update of the config
 -noVerifySsl               Turn off ssl verification certificat
 -password <arg>            Password for access via username/password. If
                            present, user is mandatory
 -placeWidth <arg>          Width of place for installing group (default
                            1935 : 430 * (4 + 1/2) = 4 pro line)
 -readTimeout <arg>         configure api client read timeout (default 10
                            seconds)
 -startPosition <arg>       Starting position for the place for installing
                            group, format x,y (default : 0,0)
 -timeout <arg>             Allow specifying the polling timeout in second
                            (defaut 120 seconds); negative value indicates
                            no timeout
 -user <arg>                User name for access via username/password.
 -writeTimeout <arg>        Configure api client write timeout (default 10
                            seconds)
2020-07-30 22:18:41 | INFO  | [main] c.g.h.n.c.Main:113 - Starting config_nifi null on mode undeploy
usage: java -jar nifi-deploy-config-null.jar [OPTIONS]
 -accessFromTicket          Access via Kerberos ticket exchange / SPNEGO
                            negotiation
 -b,--branch <arg>          Target process group (must begin by root) :
                            root > my processor > my proce2 (default root)
 -c,--conf <arg>            Mandatory if mode in [updateConfig,
                            extractConfig, deployTemplate]  :
                            configuration file
 -connectionTimeout <arg>   Configure api client connection timeout
                            (default 10 seconds)
 -enableDebugMode           Turn on debug mode
 -f,--force                 Turn on force mode : empty queue after timeout
 -failOnDuplicateNames      Fail if template contains duplicate processor
                            names in extractConfig mode
 -h,--help                  Usage description
 -interval <arg>            Allow specifying the polling interval in
                            second (default 2 seconds)
 -keepTemplate              Keep template after installation (default
                            false)
 -m,--mode <arg>            Mandatory, possible values :
                            updateConfig/extractConfig/deployTemplate/unde
                            ploy
 -n,--nifi <arg>            Mandatory : Nifi URL (ex :
                            http://localhost:8080/nifi-api)
 -noStartProcessors         Turn off auto start of the processors after
                            update of the config
 -noVerifySsl               Turn off ssl verification certificat
 -password <arg>            Password for access via username/password. If
                            present, user is mandatory
 -placeWidth <arg>          Width of place for installing group (default
                            1935 : 430 * (4 + 1/2) = 4 pro line)
 -readTimeout <arg>         configure api client read timeout (default 10
                            seconds)
 -startPosition <arg>       Starting position for the place for installing
                            group, format x,y (default : 0,0)
 -timeout <arg>             Allow specifying the polling timeout in second
                            (defaut 120 seconds); negative value indicates
                            no timeout
 -user <arg>                User name for access via username/password.
 -writeTimeout <arg>        Configure api client write timeout (default 10
                            seconds)
usage: java -jar nifi-deploy-config-null.jar [OPTIONS]
 -accessFromTicket          Access via Kerberos ticket exchange / SPNEGO
                            negotiation
 -b,--branch <arg>          Target process group (must begin by root) :
                            root > my processor > my proce2 (default root)
 -c,--conf <arg>            Mandatory if mode in [updateConfig,
                            extractConfig, deployTemplate]  :
                            configuration file
 -connectionTimeout <arg>   Configure api client connection timeout
                            (default 10 seconds)
 -enableDebugMode           Turn on debug mode
 -f,--force                 Turn on force mode : empty queue after timeout
 -failOnDuplicateNames      Fail if template contains duplicate processor
                            names in extractConfig mode
 -h,--help                  Usage description
 -interval <arg>            Allow specifying the polling interval in
                            second (default 2 seconds)
 -keepTemplate              Keep template after installation (default
                            false)
 -m,--mode <arg>            Mandatory, possible values :
                            updateConfig/extractConfig/deployTemplate/unde
                            ploy
 -n,--nifi <arg>            Mandatory : Nifi URL (ex :
                            http://localhost:8080/nifi-api)
 -noStartProcessors         Turn off auto start of the processors after
                            update of the config
 -noVerifySsl               Turn off ssl verification certificat
 -password <arg>            Password for access via username/password. If
                            present, user is mandatory
 -placeWidth <arg>          Width of place for installing group (default
                            1935 : 430 * (4 + 1/2) = 4 pro line)
 -readTimeout <arg>         configure api client read timeout (default 10
                            seconds)
 -startPosition <arg>       Starting position for the place for installing
                            group, format x,y (default : 0,0)
 -timeout <arg>             Allow specifying the polling timeout in second
                            (defaut 120 seconds); negative value indicates
                            no timeout
 -user <arg>                User name for access via username/password.
 -writeTimeout <arg>        Configure api client write timeout (default 10
                            seconds)
usage: java -jar nifi-deploy-config-null.jar [OPTIONS]
 -accessFromTicket          Access via Kerberos ticket exchange / SPNEGO
                            negotiation
 -b,--branch <arg>          Target process group (must begin by root) :
                            root > my processor > my proce2 (default root)
 -c,--conf <arg>            Mandatory if mode in [updateConfig,
                            extractConfig, deployTemplate]  :
                            configuration file
 -connectionTimeout <arg>   Configure api client connection timeout
                            (default 10 seconds)
 -enableDebugMode           Turn on debug mode
 -f,--force                 Turn on force mode : empty queue after timeout
 -failOnDuplicateNames      Fail if template contains duplicate processor
                            names in extractConfig mode
 -h,--help                  Usage description
 -interval <arg>            Allow specifying the polling interval in
                            second (default 2 seconds)
 -keepTemplate              Keep template after installation (default
                            false)
 -m,--mode <arg>            Mandatory, possible values :
                            updateConfig/extractConfig/deployTemplate/unde
                            ploy
 -n,--nifi <arg>            Mandatory : Nifi URL (ex :
                            http://localhost:8080/nifi-api)
 -noStartProcessors         Turn off auto start of the processors after
                            update of the config
 -noVerifySsl               Turn off ssl verification certificat
 -password <arg>            Password for access via username/password. If
                            present, user is mandatory
 -placeWidth <arg>          Width of place for installing group (default
                            1935 : 430 * (4 + 1/2) = 4 pro line)
 -readTimeout <arg>         configure api client read timeout (default 10
                            seconds)
 -startPosition <arg>       Starting position for the place for installing
                            group, format x,y (default : 0,0)
 -timeout <arg>             Allow specifying the polling timeout in second
                            (defaut 120 seconds); negative value indicates
                            no timeout
 -user <arg>                User name for access via username/password.
 -writeTimeout <arg>        Configure api client write timeout (default 10
                            seconds)
usage: java -jar nifi-deploy-config-null.jar [OPTIONS]
 -accessFromTicket          Access via Kerberos ticket exchange / SPNEGO
                            negotiation
 -b,--branch <arg>          Target process group (must begin by root) :
                            root > my processor > my proce2 (default root)
 -c,--conf <arg>            Mandatory if mode in [updateConfig,
                            extractConfig, deployTemplate]  :
                            configuration file
 -connectionTimeout <arg>   Configure api client connection timeout
                            (default 10 seconds)
 -enableDebugMode           Turn on debug mode
 -f,--force                 Turn on force mode : empty queue after timeout
 -failOnDuplicateNames      Fail if template contains duplicate processor
                            names in extractConfig mode
 -h,--help                  Usage description
 -interval <arg>            Allow specifying the polling interval in
                            second (default 2 seconds)
 -keepTemplate              Keep template after installation (default
                            false)
 -m,--mode <arg>            Mandatory, possible values :
                            updateConfig/extractConfig/deployTemplate/unde
                            ploy
 -n,--nifi <arg>            Mandatory : Nifi URL (ex :
                            http://localhost:8080/nifi-api)
 -noStartProcessors         Turn off auto start of the processors after
                            update of the config
 -noVerifySsl               Turn off ssl verification certificat
 -password <arg>            Password for access via username/password. If
                            present, user is mandatory
 -placeWidth <arg>          Width of place for installing group (default
                            1935 : 430 * (4 + 1/2) = 4 pro line)
 -readTimeout <arg>         configure api client read timeout (default 10
                            seconds)
 -startPosition <arg>       Starting position for the place for installing
                            group, format x,y (default : 0,0)
 -timeout <arg>             Allow specifying the polling timeout in second
                            (defaut 120 seconds); negative value indicates
                            no timeout
 -user <arg>                User name for access via username/password.
 -writeTimeout <arg>        Configure api client write timeout (default 10
                            seconds)
usage: java -jar nifi-deploy-config-null.jar [OPTIONS]
 -accessFromTicket          Access via Kerberos ticket exchange / SPNEGO
                            negotiation
 -b,--branch <arg>          Target process group (must begin by root) :
                            root > my processor > my proce2 (default root)
 -c,--conf <arg>            Mandatory if mode in [updateConfig,
                            extractConfig, deployTemplate]  :
                            configuration file
 -connectionTimeout <arg>   Configure api client connection timeout
                            (default 10 seconds)
 -enableDebugMode           Turn on debug mode
 -f,--force                 Turn on force mode : empty queue after timeout
 -failOnDuplicateNames      Fail if template contains duplicate processor
                            names in extractConfig mode
 -h,--help                  Usage description
 -interval <arg>            Allow specifying the polling interval in
                            second (default 2 seconds)
 -keepTemplate              Keep template after installation (default
                            false)
 -m,--mode <arg>            Mandatory, possible values :
                            updateConfig/extractConfig/deployTemplate/unde
                            ploy
 -n,--nifi <arg>            Mandatory : Nifi URL (ex :
                            http://localhost:8080/nifi-api)
 -noStartProcessors         Turn off auto start of the processors after
                            update of the config
 -noVerifySsl               Turn off ssl verification certificat
 -password <arg>            Password for access via username/password. If
                            present, user is mandatory
 -placeWidth <arg>          Width of place for installing group (default
                            1935 : 430 * (4 + 1/2) = 4 pro line)
 -readTimeout <arg>         configure api client read timeout (default 10
                            seconds)
 -startPosition <arg>       Starting position for the place for installing
                            group, format x,y (default : 0,0)
 -timeout <arg>             Allow specifying the polling timeout in second
                            (defaut 120 seconds); negative value indicates
                            no timeout
 -user <arg>                User name for access via username/password.
 -writeTimeout <arg>        Configure api client write timeout (default 10
                            seconds)
2020-07-30 22:18:41 | INFO  | [main] c.g.h.n.c.Main:113 - Starting config_nifi null on mode undeploy
2020-07-30 22:18:41 | ERROR | [main] c.g.h.n.c.Main:159 - null
com.github.hermannpencole.nifi.swagger.ApiException: null
	at com.github.hermannpencole.nifi.config.Main.main(Main.java:132)
	at com.github.hermannpencole.nifi.config.MainTest.mainExceptionTest(MainTest.java:271)
	at sun.reflect.NativeMethodAccessorImpl.invoke0(Native Method)
	at sun.reflect.NativeMethodAccessorImpl.invoke(NativeMethodAccessorImpl.java:62)
	at sun.reflect.DelegatingMethodAccessorImpl.invoke(DelegatingMethodAccessorImpl.java:43)
	at java.lang.reflect.Method.invoke(Method.java:498)
	at org.junit.internal.runners.TestMethod.invoke(TestMethod.java:68)
	at org.powermock.modules.junit4.internal.impl.PowerMockJUnit44RunnerDelegateImpl$PowerMockJUnit44MethodRunner.runTestMethod(PowerMockJUnit44RunnerDelegateImpl.java:310)
	at org.junit.internal.runners.MethodRoadie$2.run(MethodRoadie.java:89)
	at org.junit.internal.runners.MethodRoadie.runBeforesThenTestThenAfters(MethodRoadie.java:97)
	at org.powermock.modules.junit4.internal.impl.PowerMockJUnit44RunnerDelegateImpl$PowerMockJUnit44MethodRunner.executeTest(PowerMockJUnit44RunnerDelegateImpl.java:294)
	at org.powermock.modules.junit4.internal.impl.PowerMockJUnit47RunnerDelegateImpl$PowerMockJUnit47MethodRunner.executeTestInSuper(PowerMockJUnit47RunnerDelegateImpl.java:131)
	at org.powermock.modules.junit4.internal.impl.PowerMockJUnit47RunnerDelegateImpl$PowerMockJUnit47MethodRunner.access$100(PowerMockJUnit47RunnerDelegateImpl.java:59)
	at org.powermock.modules.junit4.internal.impl.PowerMockJUnit47RunnerDelegateImpl$PowerMockJUnit47MethodRunner$TestExecutorStatement.evaluate(PowerMockJUnit47RunnerDelegateImpl.java:147)
	at org.powermock.modules.junit4.internal.impl.PowerMockJUnit47RunnerDelegateImpl$PowerMockJUnit47MethodRunner.evaluateStatement(PowerMockJUnit47RunnerDelegateImpl.java:107)
	at org.powermock.modules.junit4.internal.impl.PowerMockJUnit47RunnerDelegateImpl$PowerMockJUnit47MethodRunner.executeTest(PowerMockJUnit47RunnerDelegateImpl.java:82)
	at org.powermock.modules.junit4.internal.impl.PowerMockJUnit44RunnerDelegateImpl$PowerMockJUnit44MethodRunner.runBeforesThenTestThenAfters(PowerMockJUnit44RunnerDelegateImpl.java:282)
	at org.junit.internal.runners.MethodRoadie.runTest(MethodRoadie.java:87)
	at org.junit.internal.runners.MethodRoadie.run(MethodRoadie.java:50)
	at org.powermock.modules.junit4.internal.impl.PowerMockJUnit44RunnerDelegateImpl.invokeTestMethod(PowerMockJUnit44RunnerDelegateImpl.java:202)
	at org.powermock.modules.junit4.internal.impl.PowerMockJUnit44RunnerDelegateImpl.runMethods(PowerMockJUnit44RunnerDelegateImpl.java:144)
	at org.powermock.modules.junit4.internal.impl.PowerMockJUnit44RunnerDelegateImpl$1.run(PowerMockJUnit44RunnerDelegateImpl.java:118)
	at org.junit.internal.runners.ClassRoadie.runUnprotected(ClassRoadie.java:34)
	at org.junit.internal.runners.ClassRoadie.runProtected(ClassRoadie.java:44)
	at org.powermock.modules.junit4.internal.impl.PowerMockJUnit44RunnerDelegateImpl.run(PowerMockJUnit44RunnerDelegateImpl.java:120)
	at org.powermock.modules.junit4.common.internal.impl.JUnit4TestSuiteChunkerImpl.run(JUnit4TestSuiteChunkerImpl.java:121)
	at org.powermock.modules.junit4.common.internal.impl.AbstractCommonPowerMockRunner.run(AbstractCommonPowerMockRunner.java:53)
	at org.powermock.modules.junit4.PowerMockRunner.run(PowerMockRunner.java:59)
	at org.apache.maven.surefire.junit4.JUnit4Provider.execute(JUnit4Provider.java:367)
	at org.apache.maven.surefire.junit4.JUnit4Provider.executeWithRerun(JUnit4Provider.java:274)
	at org.apache.maven.surefire.junit4.JUnit4Provider.executeTestSet(JUnit4Provider.java:238)
	at org.apache.maven.surefire.junit4.JUnit4Provider.invoke(JUnit4Provider.java:161)
	at org.apache.maven.surefire.booter.ForkedBooter.invokeProviderInSameClassLoader(ForkedBooter.java:290)
	at org.apache.maven.surefire.booter.ForkedBooter.runSuitesInProcess(ForkedBooter.java:242)
	at org.apache.maven.surefire.booter.ForkedBooter.main(ForkedBooter.java:121)
Tests run: 15, Failures: 0, Errors: 0, Skipped: 0, Time elapsed: 3.953 sec - in com.github.hermannpencole.nifi.config.MainTest
Running com.github.hermannpencole.nifi.utils.FunctionUtilsTest
Tests run: 4, Failures: 0, Errors: 0, Skipped: 0, Time elapsed: 2.016 sec - in com.github.hermannpencole.nifi.utils.FunctionUtilsTest

Results :

Tests run: 70, Failures: 0, Errors: 0, Skipped: 0

[INFO] 
[INFO] --- jacoco-maven-plugin:0.8.5:report (report) @ nifi-deploy-config ---
[INFO] Loading execution data file /tmp/tmpb08uxrn_/nifi-config/target/jacoco.exec
[INFO] Analyzed bundle 'Deploy Nifi Configuration' with 138 classes
[INFO] ------------------------------------------------------------------------
[INFO] BUILD SUCCESS
[INFO] ------------------------------------------------------------------------
[INFO] Total time:  40.506 s
[INFO] Finished at: 2020-07-30T22:18:46Z
[INFO] ------------------------------------------------------------------------
