[INFO] Error stacktraces are turned on.
[INFO] Scanning for projects...
[INFO] 
[INFO] --------------< com.github.daanvdh.javaforger:JavaForger >--------------
[INFO] Building JavaForger 2.0.1
[INFO] --------------------------------[ jar ]---------------------------------
[WARNING] The artifact org.apache.commons:commons-io:jar:1.3.2 has been relocated to commons-io:commons-io:jar:1.3.2
[INFO] 
[INFO] --- jacoco-maven-plugin:0.8.5:prepare-agent (default) @ JavaForger ---
[INFO] argLine set to -javaagent:/home/jdbl/.m2/repository/org/jacoco/org.jacoco.agent/0.8.5/org.jacoco.agent-0.8.5-runtime.jar=destfile=/tmp/tmp09n4bg7d/JavaForger/target/jacoco.exec
[INFO] 
[INFO] --- maven-resources-plugin:2.6:resources (default-resources) @ JavaForger ---
[WARNING] Using platform encoding (UTF-8 actually) to copy filtered resources, i.e. build is platform dependent!
[INFO] Copying 22 resources
[INFO] 
[INFO] --- maven-compiler-plugin:2.3.1:compile (default-compile) @ JavaForger ---
[WARNING] File encoding has not been set, using platform encoding UTF-8, i.e. build is platform dependent!
[INFO] Compiling 41 source files to /tmp/tmp09n4bg7d/JavaForger/target/classes
[INFO] 
[INFO] --- maven-resources-plugin:2.6:testResources (default-testResources) @ JavaForger ---
[WARNING] Using platform encoding (UTF-8 actually) to copy filtered resources, i.e. build is platform dependent!
[INFO] Copying 26 resources
[INFO] 
[INFO] --- maven-compiler-plugin:2.3.1:testCompile (default-testCompile) @ JavaForger ---
[WARNING] File encoding has not been set, using platform encoding UTF-8, i.e. build is platform dependent!
[INFO] Compiling 26 source files to /tmp/tmp09n4bg7d/JavaForger/target/test-classes
[INFO] 
[INFO] --- maven-surefire-plugin:2.19.1:test (default-test) @ JavaForger ---
[INFO] Surefire report directory: /tmp/tmp09n4bg7d/JavaForger/target/surefire-reports

-------------------------------------------------------
 T E S T S
-------------------------------------------------------
Running generator.GeneratorTest
21:55:36.409 [main] WARN dataflow.MethodNodeHandler - In method toString could not handle node [new ToStringBuilder(this, ToStringStyle.SHORT_PREFIX_STYLE)] of type class com.github.javaparser.ast.expr.ObjectCreationExpr
21:55:36.431 [main] WARN dataflow.ParserUtil - Unsolved symbol in new ToStringBuilder(this, ToStringStyle.SHORT_PREFIX_STYLE).append("url", url) : new ToStringBuilder(this, ToStringStyle.SHORT_PREFIX_STYLE)
21:55:36.467 [main] WARN dataflow.NodeCallFactory - In method toString, resolving is not supported for node new ToStringBuilder(this, ToStringStyle.SHORT_PREFIX_STYLE).append("url", url) of type null
21:55:36.469 [main] WARN dataflow.ParserUtil - Unsolved symbol in new ToStringBuilder(this, ToStringStyle.SHORT_PREFIX_STYLE).append("url", url).append("name", name) : new ToStringBuilder(this, ToStringStyle.SHORT_PREFIX_STYLE).append("url", url)
21:55:36.469 [main] WARN dataflow.NodeCallFactory - In method toString, resolving is not supported for node new ToStringBuilder(this, ToStringStyle.SHORT_PREFIX_STYLE).append("url", url).append("name", name) of type null
21:55:36.470 [main] WARN dataflow.ParserUtil - Unsolved symbol in new ToStringBuilder(this, ToStringStyle.SHORT_PREFIX_STYLE).append("url", url).append("name", name).build() : new ToStringBuilder(this, ToStringStyle.SHORT_PREFIX_STYLE).append("url", url).append("name", name)
21:55:36.471 [main] WARN dataflow.NodeCallFactory - In method toString, resolving is not supported for node new ToStringBuilder(this, ToStringStyle.SHORT_PREFIX_STYLE).append("url", url).append("name", name).build() of type null
21:55:36.471 [main] WARN dataflow.MethodNodeHandler - In method toString could not find node for assigning to the return value for node new ToStringBuilder(this, ToStringStyle.SHORT_PREFIX_STYLE).append("url", url).append("name", name).build() of type class com.github.javaparser.ast.expr.MethodCallExpr
21:55:36.472 [main] WARN dataflow.ParserUtil - Unsolved symbol : We are unable to find the value declaration corresponding to Objects
21:55:36.472 [main] WARN dataflow.ParserUtil - In method hashCode, resolving is not supported for node Objects of type null
21:55:36.472 [main] WARN dataflow.MethodNodeHandler - In method hashCode did not resolve the type of node Objects of type class com.github.javaparser.ast.expr.NameExpr
21:55:36.489 [main] WARN dataflow.MethodNodeHandler - In method equals could not handle node [false] of type class com.github.javaparser.ast.expr.BooleanLiteralExpr
21:55:36.489 [main] WARN dataflow.MethodNodeHandler - In method equals was not able to resolve false of type class com.github.javaparser.ast.expr.BooleanLiteralExpr
21:55:36.489 [main] WARN dataflow.MethodNodeHandler - In method equals could not handle node [if (this == obj) {
    equals = true;
} else if (obj != null && getClass() == obj.getClass()) {
    Product other = (Product) obj;
    equals = new EqualsBuilder().append(url, other.url).append(name, other.name).isEquals();
}] of type class com.github.javaparser.ast.stmt.IfStmt
21:55:36.498 [main] WARN dataflow.DataFlowGraphFactory - In method hashCode, Connecting methods of type class com.github.javaparser.symbolsolver.reflectionmodel.ReflectionMethodDeclaration is not supported, the node that was not connected is: Objects.hash(url, name)
Tests run: 8, Failures: 0, Errors: 0, Skipped: 0, Time elapsed: 1.929 sec - in generator.GeneratorTest
Running generator.CodeSnipitTest
Tests run: 1, Failures: 0, Errors: 0, Skipped: 0, Time elapsed: 0 sec - in generator.CodeSnipitTest
Running templateTests.DataFlowGraphTemplateIntegrationTest
21:55:36.661 [main] WARN dataflow.DataFlowNodeFactory - Not supported to add a name to a created DataFlowNode for node of type class com.github.javaparser.ast.expr.AssignExpr, input node is this.s = a
21:55:36.667 [main] WARN reader.VariableDefintionFactory - VariableDeclarator s did not have a valid parent, resulting VariableDefinition will only have a name. Parent was private String s; of type class com.github.javaparser.ast.body.FieldDeclaration
formatting is not yet supported and should be done manually for class src/test/resources/temporaryTestResults/ClassWithEverythingTest.java
21:55:36.846 [main] WARN dataflow.NodeCallFactory - Could not resolve the type of ReferenceType{java.lang.StringBuilder, typeParametersMap=TypeParametersMap{nameToValue={}}}
21:55:36.849 [main] WARN dataflow.DataFlowGraphFactory - In method setS, Connecting methods of type class com.github.javaparser.symbolsolver.reflectionmodel.ReflectionMethodDeclaration is not supported, the node that was not connected is: sb.indexOf(a)
21:55:36.854 [main] WARN dataflow.DataFlowGraphFactory - In method setS, Connecting methods of type class com.github.javaparser.symbolsolver.reflectionmodel.ReflectionMethodDeclaration is not supported, the node that was not connected is: sb1.append(sb.indexOf(a))
formatting is not yet supported and should be done manually for class src/test/resources/temporaryTestResults/ClassWithEverythingTest.java
21:55:37.037 [main] WARN dataflow.DataFlowGraphFactory - In method setS, Connecting methods of type class com.github.javaparser.symbolsolver.reflectionmodel.ReflectionMethodDeclaration is not supported, the node that was not connected is: sb.indexOf(a)
formatting is not yet supported and should be done manually for class src/test/resources/temporaryTestResults/ClassWithEverythingTest.java
Tests run: 3, Failures: 0, Errors: 0, Skipped: 0, Time elapsed: 0.488 sec - in templateTests.DataFlowGraphTemplateIntegrationTest
Running templateTests.TemplateIntegrationTest
21:55:37.124 [main] WARN dataflow.DataFlowNodeFactory - Not supported to add a name to a created DataFlowNode for node of type class com.github.javaparser.ast.expr.AssignExpr, input node is s = t2
21:55:37.124 [main] WARN dataflow.MethodNodeHandler - In method method2 could not handle node [j + 1] of type class com.github.javaparser.ast.expr.BinaryExpr
21:55:37.125 [main] WARN dataflow.MethodNodeHandler - In method method2 could not find node for assigning to the return value for node j + 1 of type class com.github.javaparser.ast.expr.BinaryExpr
21:55:37.134 [main] WARN reader.VariableDefintionFactory - VariableDeclarator s did not have a valid parent, resulting VariableDefinition will only have a name. Parent was private String s; of type class com.github.javaparser.ast.body.FieldDeclaration
formatting is not yet supported and should be done manually for class src/test/resources/temporaryTestResults/ClassWithEverything.java
21:55:37.269 [main] WARN dataflow.MethodNodeHandler - In method builder could not handle node [new Builder()] of type class com.github.javaparser.ast.expr.ObjectCreationExpr
21:55:37.269 [main] WARN dataflow.MethodNodeHandler - In method builder could not find node for assigning to the return value for node new Builder() of type class com.github.javaparser.ast.expr.ObjectCreationExpr
21:55:37.270 [main] WARN dataflow.DataFlowNodeFactory - Not supported to add a name to a created DataFlowNode for node of type class com.github.javaparser.ast.expr.AssignExpr, input node is s = t2
21:55:37.270 [main] WARN dataflow.MethodNodeHandler - In method method2 could not handle node [j + 1] of type class com.github.javaparser.ast.expr.BinaryExpr
21:55:37.270 [main] WARN dataflow.MethodNodeHandler - In method method2 could not find node for assigning to the return value for node j + 1 of type class com.github.javaparser.ast.expr.BinaryExpr
21:55:37.281 [main] WARN reader.VariableDefintionFactory - VariableDeclarator s did not have a valid parent, resulting VariableDefinition will only have a name. Parent was private String s; of type class com.github.javaparser.ast.body.FieldDeclaration
formatting is not yet supported and should be done manually for class src/test/resources/temporaryTestResults/ClassWithEverythingTest.java
21:55:37.412 [main] WARN dataflow.DataFlowNodeFactory - Not supported to add a name to a created DataFlowNode for node of type class com.github.javaparser.ast.expr.AssignExpr, input node is s = t2
21:55:37.412 [main] WARN dataflow.MethodNodeHandler - In method method2 could not handle node [j + 1] of type class com.github.javaparser.ast.expr.BinaryExpr
21:55:37.413 [main] WARN dataflow.MethodNodeHandler - In method method2 could not find node for assigning to the return value for node j + 1 of type class com.github.javaparser.ast.expr.BinaryExpr
21:55:37.422 [main] WARN reader.VariableDefintionFactory - VariableDeclarator s did not have a valid parent, resulting VariableDefinition will only have a name. Parent was private String s; of type class com.github.javaparser.ast.body.FieldDeclaration
formatting is not yet supported and should be done manually for class src/test/resources/temporaryTestResults/ClassWithEverything.java
21:55:37.468 [main] WARN dataflow.MethodNodeHandler - In method builder could not handle node [new Builder()] of type class com.github.javaparser.ast.expr.ObjectCreationExpr
21:55:37.469 [main] WARN dataflow.MethodNodeHandler - In method builder could not find node for assigning to the return value for node new Builder() of type class com.github.javaparser.ast.expr.ObjectCreationExpr
21:55:37.469 [main] WARN dataflow.DataFlowNodeFactory - Not supported to add a name to a created DataFlowNode for node of type class com.github.javaparser.ast.expr.AssignExpr, input node is s = t2
21:55:37.469 [main] WARN dataflow.MethodNodeHandler - In method method2 could not handle node [j + 1] of type class com.github.javaparser.ast.expr.BinaryExpr
21:55:37.469 [main] WARN dataflow.MethodNodeHandler - In method method2 could not find node for assigning to the return value for node j + 1 of type class com.github.javaparser.ast.expr.BinaryExpr
21:55:37.481 [main] WARN reader.VariableDefintionFactory - VariableDeclarator s did not have a valid parent, resulting VariableDefinition will only have a name. Parent was private String s; of type class com.github.javaparser.ast.body.FieldDeclaration
formatting is not yet supported and should be done manually for class src/test/resources/temporaryTestResults/ClassWithEverythingTest.java
21:55:37.552 [main] WARN dataflow.DataFlowNodeFactory - Not supported to add a name to a created DataFlowNode for node of type class com.github.javaparser.ast.expr.AssignExpr, input node is s = t2
21:55:37.552 [main] WARN dataflow.MethodNodeHandler - In method method2 could not handle node [j + 1] of type class com.github.javaparser.ast.expr.BinaryExpr
21:55:37.552 [main] WARN dataflow.MethodNodeHandler - In method method2 could not find node for assigning to the return value for node j + 1 of type class com.github.javaparser.ast.expr.BinaryExpr
21:55:37.558 [main] WARN reader.VariableDefintionFactory - VariableDeclarator s did not have a valid parent, resulting VariableDefinition will only have a name. Parent was private String s; of type class com.github.javaparser.ast.body.FieldDeclaration
formatting is not yet supported and should be done manually for class src/test/resources/temporaryTestResults/ClassWithEverything.java
21:55:37.614 [main] WARN dataflow.DataFlowNodeFactory - Not supported to add a name to a created DataFlowNode for node of type class com.github.javaparser.ast.expr.AssignExpr, input node is s = t2
21:55:37.614 [main] WARN dataflow.MethodNodeHandler - In method method2 could not handle node [j + 1] of type class com.github.javaparser.ast.expr.BinaryExpr
21:55:37.614 [main] WARN dataflow.MethodNodeHandler - In method method2 could not find node for assigning to the return value for node j + 1 of type class com.github.javaparser.ast.expr.BinaryExpr
21:55:37.620 [main] WARN reader.VariableDefintionFactory - VariableDeclarator s did not have a valid parent, resulting VariableDefinition will only have a name. Parent was private String s; of type class com.github.javaparser.ast.body.FieldDeclaration
formatting is not yet supported and should be done manually for class src/test/resources/temporaryTestResults/ClassWithEverything.java
21:55:37.636 [main] WARN dataflow.ParserUtil - Unsolved symbol : We are unable to find the value declaration corresponding to Objects
21:55:37.637 [main] WARN dataflow.ParserUtil - In method hashCode, resolving is not supported for node Objects of type null
21:55:37.637 [main] WARN dataflow.MethodNodeHandler - In method hashCode did not resolve the type of node Objects of type class com.github.javaparser.ast.expr.NameExpr
21:55:37.640 [main] WARN dataflow.DataFlowNodeFactory - Not supported to add a name to a created DataFlowNode for node of type class com.github.javaparser.ast.expr.AssignExpr, input node is s = t2
21:55:37.640 [main] WARN dataflow.MethodNodeHandler - In method method2 could not handle node [j + 1] of type class com.github.javaparser.ast.expr.BinaryExpr
21:55:37.640 [main] WARN dataflow.MethodNodeHandler - In method method2 could not find node for assigning to the return value for node j + 1 of type class com.github.javaparser.ast.expr.BinaryExpr
21:55:37.640 [main] WARN dataflow.DataFlowGraphFactory - In method hashCode, Connecting methods of type class com.github.javaparser.symbolsolver.reflectionmodel.ReflectionMethodDeclaration is not supported, the node that was not connected is: Objects.hash(prod, i, c, s)
21:55:37.646 [main] WARN reader.VariableDefintionFactory - VariableDeclarator s did not have a valid parent, resulting VariableDefinition will only have a name. Parent was private String s; of type class com.github.javaparser.ast.body.FieldDeclaration
formatting is not yet supported and should be done manually for class src/test/resources/temporaryTestResults/ClassWithEverythingTest.java
21:55:37.682 [main] WARN dataflow.DataFlowNodeFactory - Not supported to add a name to a created DataFlowNode for node of type class com.github.javaparser.ast.expr.AssignExpr, input node is s = t2
21:55:37.682 [main] WARN dataflow.MethodNodeHandler - In method method2 could not handle node [j + 1] of type class com.github.javaparser.ast.expr.BinaryExpr
21:55:37.682 [main] WARN dataflow.MethodNodeHandler - In method method2 could not find node for assigning to the return value for node j + 1 of type class com.github.javaparser.ast.expr.BinaryExpr
21:55:37.687 [main] WARN reader.VariableDefintionFactory - VariableDeclarator s did not have a valid parent, resulting VariableDefinition will only have a name. Parent was private String s; of type class com.github.javaparser.ast.body.FieldDeclaration
formatting is not yet supported and should be done manually for class src/test/resources/temporaryTestResults/ClassWithEverything.java
21:55:37.709 [main] WARN dataflow.MethodNodeHandler - In method equals could not handle node [false] of type class com.github.javaparser.ast.expr.BooleanLiteralExpr
21:55:37.709 [main] WARN dataflow.MethodNodeHandler - In method equals was not able to resolve false of type class com.github.javaparser.ast.expr.BooleanLiteralExpr
21:55:37.709 [main] WARN dataflow.MethodNodeHandler - In method equals could not handle node [if (this == obj) {
    equals = true;
} else if (obj != null && getClass() == obj.getClass()) {
    ClassWithEverything other = (ClassWithEverything) obj;
    equals = new EqualsBuilder().append(prod, other.prod).append(i, other.i).append(c, other.c).append(s, other.s).isEquals();
}] of type class com.github.javaparser.ast.stmt.IfStmt
21:55:37.710 [main] WARN dataflow.DataFlowNodeFactory - Not supported to add a name to a created DataFlowNode for node of type class com.github.javaparser.ast.expr.AssignExpr, input node is s = t2
21:55:37.710 [main] WARN dataflow.MethodNodeHandler - In method method2 could not handle node [j + 1] of type class com.github.javaparser.ast.expr.BinaryExpr
21:55:37.710 [main] WARN dataflow.MethodNodeHandler - In method method2 could not find node for assigning to the return value for node j + 1 of type class com.github.javaparser.ast.expr.BinaryExpr
21:55:37.715 [main] WARN reader.VariableDefintionFactory - VariableDeclarator s did not have a valid parent, resulting VariableDefinition will only have a name. Parent was private String s; of type class com.github.javaparser.ast.body.FieldDeclaration
formatting is not yet supported and should be done manually for class src/test/resources/temporaryTestResults/ClassWithEverythingTest.java
Tests run: 5, Failures: 0, Errors: 0, Skipped: 0, Time elapsed: 0.652 sec - in templateTests.TemplateIntegrationTest
Running reader.ClassContainerReaderTest
Tests run: 1, Failures: 0, Errors: 0, Skipped: 0, Time elapsed: 0.022 sec - in reader.ClassContainerReaderTest
Running reader.VariableDefintionFactoryTest
21:55:37.768 [main] WARN dataflow.MethodNodeHandler - In method toString could not handle node [new ToStringBuilder(this, ToStringStyle.SHORT_PREFIX_STYLE)] of type class com.github.javaparser.ast.expr.ObjectCreationExpr
21:55:37.779 [main] WARN dataflow.ParserUtil - Unsolved symbol in new ToStringBuilder(this, ToStringStyle.SHORT_PREFIX_STYLE).append("url", url) : new ToStringBuilder(this, ToStringStyle.SHORT_PREFIX_STYLE)
21:55:37.779 [main] WARN dataflow.NodeCallFactory - In method toString, resolving is not supported for node new ToStringBuilder(this, ToStringStyle.SHORT_PREFIX_STYLE).append("url", url) of type null
21:55:37.780 [main] WARN dataflow.ParserUtil - Unsolved symbol in new ToStringBuilder(this, ToStringStyle.SHORT_PREFIX_STYLE).append("url", url).append("name", name) : new ToStringBuilder(this, ToStringStyle.SHORT_PREFIX_STYLE).append("url", url)
21:55:37.780 [main] WARN dataflow.NodeCallFactory - In method toString, resolving is not supported for node new ToStringBuilder(this, ToStringStyle.SHORT_PREFIX_STYLE).append("url", url).append("name", name) of type null
21:55:37.781 [main] WARN dataflow.ParserUtil - Unsolved symbol in new ToStringBuilder(this, ToStringStyle.SHORT_PREFIX_STYLE).append("url", url).append("name", name).build() : new ToStringBuilder(this, ToStringStyle.SHORT_PREFIX_STYLE).append("url", url).append("name", name)
21:55:37.781 [main] WARN dataflow.NodeCallFactory - In method toString, resolving is not supported for node new ToStringBuilder(this, ToStringStyle.SHORT_PREFIX_STYLE).append("url", url).append("name", name).build() of type null
21:55:37.781 [main] WARN dataflow.MethodNodeHandler - In method toString could not find node for assigning to the return value for node new ToStringBuilder(this, ToStringStyle.SHORT_PREFIX_STYLE).append("url", url).append("name", name).build() of type class com.github.javaparser.ast.expr.MethodCallExpr
21:55:37.781 [main] WARN dataflow.ParserUtil - Unsolved symbol : We are unable to find the value declaration corresponding to Objects
21:55:37.782 [main] WARN dataflow.ParserUtil - In method hashCode, resolving is not supported for node Objects of type null
21:55:37.782 [main] WARN dataflow.MethodNodeHandler - In method hashCode did not resolve the type of node Objects of type class com.github.javaparser.ast.expr.NameExpr
21:55:37.783 [main] WARN dataflow.MethodNodeHandler - In method equals could not handle node [false] of type class com.github.javaparser.ast.expr.BooleanLiteralExpr
21:55:37.783 [main] WARN dataflow.MethodNodeHandler - In method equals was not able to resolve false of type class com.github.javaparser.ast.expr.BooleanLiteralExpr
21:55:37.783 [main] WARN dataflow.MethodNodeHandler - In method equals could not handle node [if (this == obj) {
    equals = true;
} else if (obj != null && getClass() == obj.getClass()) {
    Product other = (Product) obj;
    equals = new EqualsBuilder().append(url, other.url).append(name, other.name).isEquals();
}] of type class com.github.javaparser.ast.stmt.IfStmt
21:55:37.784 [main] WARN dataflow.DataFlowGraphFactory - In method hashCode, Connecting methods of type class com.github.javaparser.symbolsolver.reflectionmodel.ReflectionMethodDeclaration is not supported, the node that was not connected is: Objects.hash(url, name)
Tests run: 1, Failures: 0, Errors: 0, Skipped: 0, Time elapsed: 0.034 sec - in reader.VariableDefintionFactoryTest
Running reader.MethodDefinitionFactoryTest
21:55:37.972 [main] WARN dataflow.MethodNodeHandler - In method toString could not handle node [new ToStringBuilder(this, ToStringStyle.SHORT_PREFIX_STYLE)] of type class com.github.javaparser.ast.expr.ObjectCreationExpr
21:55:37.984 [main] WARN dataflow.ParserUtil - Unsolved symbol in new ToStringBuilder(this, ToStringStyle.SHORT_PREFIX_STYLE).append("url", url) : new ToStringBuilder(this, ToStringStyle.SHORT_PREFIX_STYLE)
21:55:37.985 [main] WARN dataflow.NodeCallFactory - In method toString, resolving is not supported for node new ToStringBuilder(this, ToStringStyle.SHORT_PREFIX_STYLE).append("url", url) of type null
21:55:37.986 [main] WARN dataflow.ParserUtil - Unsolved symbol in new ToStringBuilder(this, ToStringStyle.SHORT_PREFIX_STYLE).append("url", url).append("name", name) : new ToStringBuilder(this, ToStringStyle.SHORT_PREFIX_STYLE).append("url", url)
21:55:37.986 [main] WARN dataflow.NodeCallFactory - In method toString, resolving is not supported for node new ToStringBuilder(this, ToStringStyle.SHORT_PREFIX_STYLE).append("url", url).append("name", name) of type null
21:55:37.987 [main] WARN dataflow.ParserUtil - Unsolved symbol in new ToStringBuilder(this, ToStringStyle.SHORT_PREFIX_STYLE).append("url", url).append("name", name).build() : new ToStringBuilder(this, ToStringStyle.SHORT_PREFIX_STYLE).append("url", url).append("name", name)
21:55:37.987 [main] WARN dataflow.NodeCallFactory - In method toString, resolving is not supported for node new ToStringBuilder(this, ToStringStyle.SHORT_PREFIX_STYLE).append("url", url).append("name", name).build() of type null
21:55:37.988 [main] WARN dataflow.MethodNodeHandler - In method toString could not find node for assigning to the return value for node new ToStringBuilder(this, ToStringStyle.SHORT_PREFIX_STYLE).append("url", url).append("name", name).build() of type class com.github.javaparser.ast.expr.MethodCallExpr
21:55:37.988 [main] WARN dataflow.ParserUtil - Unsolved symbol : We are unable to find the value declaration corresponding to Objects
21:55:37.989 [main] WARN dataflow.ParserUtil - In method hashCode, resolving is not supported for node Objects of type null
21:55:37.989 [main] WARN dataflow.MethodNodeHandler - In method hashCode did not resolve the type of node Objects of type class com.github.javaparser.ast.expr.NameExpr
21:55:37.991 [main] WARN dataflow.MethodNodeHandler - In method equals could not handle node [false] of type class com.github.javaparser.ast.expr.BooleanLiteralExpr
21:55:37.991 [main] WARN dataflow.MethodNodeHandler - In method equals was not able to resolve false of type class com.github.javaparser.ast.expr.BooleanLiteralExpr
21:55:37.991 [main] WARN dataflow.MethodNodeHandler - In method equals could not handle node [if (this == obj) {
    equals = true;
} else if (obj != null && getClass() == obj.getClass()) {
    Product other = (Product) obj;
    equals = new EqualsBuilder().append(url, other.url).append(name, other.name).isEquals();
}] of type class com.github.javaparser.ast.stmt.IfStmt
21:55:37.992 [main] WARN dataflow.DataFlowGraphFactory - In method hashCode, Connecting methods of type class com.github.javaparser.symbolsolver.reflectionmodel.ReflectionMethodDeclaration is not supported, the node that was not connected is: Objects.hash(url, name)
21:55:38.004 [main] WARN dataflow.MethodNodeHandler - In method toString could not handle node [new ToStringBuilder(this, ToStringStyle.SHORT_PREFIX_STYLE)] of type class com.github.javaparser.ast.expr.ObjectCreationExpr
21:55:38.018 [main] WARN dataflow.ParserUtil - Unsolved symbol in new ToStringBuilder(this, ToStringStyle.SHORT_PREFIX_STYLE).append("url", url) : new ToStringBuilder(this, ToStringStyle.SHORT_PREFIX_STYLE)
21:55:38.019 [main] WARN dataflow.NodeCallFactory - In method toString, resolving is not supported for node new ToStringBuilder(this, ToStringStyle.SHORT_PREFIX_STYLE).append("url", url) of type null
21:55:38.019 [main] WARN dataflow.ParserUtil - Unsolved symbol in new ToStringBuilder(this, ToStringStyle.SHORT_PREFIX_STYLE).append("url", url).append("name", name) : new ToStringBuilder(this, ToStringStyle.SHORT_PREFIX_STYLE).append("url", url)
21:55:38.020 [main] WARN dataflow.NodeCallFactory - In method toString, resolving is not supported for node new ToStringBuilder(this, ToStringStyle.SHORT_PREFIX_STYLE).append("url", url).append("name", name) of type null
21:55:38.021 [main] WARN dataflow.ParserUtil - Unsolved symbol in new ToStringBuilder(this, ToStringStyle.SHORT_PREFIX_STYLE).append("url", url).append("name", name).build() : new ToStringBuilder(this, ToStringStyle.SHORT_PREFIX_STYLE).append("url", url).append("name", name)
21:55:38.021 [main] WARN dataflow.NodeCallFactory - In method toString, resolving is not supported for node new ToStringBuilder(this, ToStringStyle.SHORT_PREFIX_STYLE).append("url", url).append("name", name).build() of type null
21:55:38.021 [main] WARN dataflow.MethodNodeHandler - In method toString could not find node for assigning to the return value for node new ToStringBuilder(this, ToStringStyle.SHORT_PREFIX_STYLE).append("url", url).append("name", name).build() of type class com.github.javaparser.ast.expr.MethodCallExpr
21:55:38.022 [main] WARN dataflow.ParserUtil - Unsolved symbol : We are unable to find the value declaration corresponding to Objects
21:55:38.022 [main] WARN dataflow.ParserUtil - In method hashCode, resolving is not supported for node Objects of type null
21:55:38.022 [main] WARN dataflow.MethodNodeHandler - In method hashCode did not resolve the type of node Objects of type class com.github.javaparser.ast.expr.NameExpr
21:55:38.024 [main] WARN dataflow.MethodNodeHandler - In method equals could not handle node [false] of type class com.github.javaparser.ast.expr.BooleanLiteralExpr
21:55:38.024 [main] WARN dataflow.MethodNodeHandler - In method equals was not able to resolve false of type class com.github.javaparser.ast.expr.BooleanLiteralExpr
21:55:38.024 [main] WARN dataflow.MethodNodeHandler - In method equals could not handle node [if (this == obj) {
    equals = true;
} else if (obj != null && getClass() == obj.getClass()) {
    Product other = (Product) obj;
    equals = new EqualsBuilder().append(url, other.url).append(name, other.name).isEquals();
}] of type class com.github.javaparser.ast.stmt.IfStmt
21:55:38.025 [main] WARN dataflow.DataFlowGraphFactory - In method hashCode, Connecting methods of type class com.github.javaparser.symbolsolver.reflectionmodel.ReflectionMethodDeclaration is not supported, the node that was not connected is: Objects.hash(url, name)
21:55:38.048 [main] ERROR reader.ImportResolver - Could not resolve import for empty, check if symbol server is correctly setup using StaticJavaForgerConfiguration::setProjectPaths. Received exception with message: The node is not inserted in a CompilationUnit
Tests run: 4, Failures: 0, Errors: 0, Skipped: 0, Time elapsed: 0.252 sec - in reader.MethodDefinitionFactoryTest
Running initialization.InitializationServiceTest
Tests run: 3, Failures: 0, Errors: 0, Skipped: 0, Time elapsed: 0.003 sec - in initialization.InitializationServiceTest
Running initialization.InitConverterTest
Tests run: 4, Failures: 0, Errors: 0, Skipped: 0, Time elapsed: 0.006 sec - in initialization.InitConverterTest
Running templateInput.definition.MethodDefinitionTest
Tests run: 2, Failures: 0, Errors: 0, Skipped: 0, Time elapsed: 0 sec - in templateInput.definition.MethodDefinitionTest
Running merger.NodeComparatorTest
Tests run: 6, Failures: 0, Errors: 0, Skipped: 0, Time elapsed: 0.003 sec - in merger.NodeComparatorTest
Running merger.CodeSnipitReaderTest
Tests run: 3, Failures: 0, Errors: 0, Skipped: 0, Time elapsed: 0.003 sec - in merger.CodeSnipitReaderTest
Running merger.JavaParserMergerTest
formatting is not yet supported and should be done manually for class src/test/resources/temporaryTestResults/ClassWithEverything.java
Tests run: 1, Failures: 0, Errors: 0, Skipped: 0, Time elapsed: 0.053 sec - in merger.JavaParserMergerTest
Running merger.CodeSnipitLocationTest
Tests run: 6, Failures: 0, Errors: 0, Skipped: 0, Time elapsed: 0 sec - in merger.CodeSnipitLocationTest
Running merger.CodeSnipitInserterTest
Tests run: 4, Failures: 0, Errors: 0, Skipped: 0, Time elapsed: 0.119 sec - in merger.CodeSnipitInserterTest
Running merger.CodeSnipitLocaterTest
Tests run: 3, Failures: 0, Errors: 0, Skipped: 0, Time elapsed: 0.003 sec - in merger.CodeSnipitLocaterTest
Running merger.LineMergerTest
formatting is not yet supported and should be done manually for class src/test/resources/temporaryTestResults/ClassWithEverything.java
formatting is not yet supported and should be done manually for class src/test/resources/temporaryTestResults/ClassWithEverything.java
formatting is not yet supported and should be done manually for class src/test/resources/temporaryTestResults/ClassWithEverything.java
formatting is not yet supported and should be done manually for class src/test/resources/temporaryTestResults/ClassWithEverything.java
formatting is not yet supported and should be done manually for class src/test/resources/temporaryTestResults/ClassWithEverything.java
formatting is not yet supported and should be done manually for class src/test/resources/temporaryTestResults/ClassWithEverything.java
Tests run: 6, Failures: 0, Errors: 0, Skipped: 0, Time elapsed: 0.096 sec - in merger.LineMergerTest

Results :

Tests run: 61, Failures: 0, Errors: 0, Skipped: 0

[INFO] 
[INFO] --- jacoco-maven-plugin:0.8.5:report (report) @ JavaForger ---
[INFO] Loading execution data file /tmp/tmp09n4bg7d/JavaForger/target/jacoco.exec
[INFO] Analyzed bundle 'JavaForger' with 291 classes
[INFO] ------------------------------------------------------------------------
[INFO] BUILD SUCCESS
[INFO] ------------------------------------------------------------------------
[INFO] Total time:  17.419 s
[INFO] Finished at: 2020-07-30T21:55:39Z
[INFO] ------------------------------------------------------------------------
