[INFO] Error stacktraces are turned on.
[INFO] Scanning for projects...
[INFO] 
[INFO] ----------< nl.tudelft.blockchain:scaleoutdistributedledger >-----------
[INFO] Building ScaleOutDistributedLedger 1.0.0
[INFO] --------------------------------[ jar ]---------------------------------
[WARNING] The artifact org.apache.commons:commons-io:jar:1.3.2 has been relocated to commons-io:commons-io:jar:1.3.2
[INFO] 
[INFO] --- jacoco-maven-plugin:0.8.5:prepare-agent (default) @ scaleoutdistributedledger ---
[INFO] argLine set to -javaagent:/home/jdbl/.m2/repository/org/jacoco/org.jacoco.agent/0.8.5/org.jacoco.agent-0.8.5-runtime.jar=destfile=/tmp/tmp45ilizo0/ScaleOutDistributedLedger/target/jacoco.exec
[INFO] 
[INFO] --- maven-resources-plugin:2.6:resources (default-resources) @ scaleoutdistributedledger ---
[INFO] Using 'UTF-8' encoding to copy filtered resources.
[INFO] Copying 1 resource to .
[INFO] 
[INFO] --- maven-compiler-plugin:3.3:compile (default-compile) @ scaleoutdistributedledger ---
[INFO] Changes detected - recompiling the module!
[INFO] Compiling 61 source files to /tmp/tmp45ilizo0/ScaleOutDistributedLedger/target/classes
[INFO] /tmp/tmp45ilizo0/ScaleOutDistributedLedger/src/main/java/nl/tudelft/blockchain/scaleoutdistributedledger/ProofConstructor.java: /tmp/tmp45ilizo0/ScaleOutDistributedLedger/src/main/java/nl/tudelft/blockchain/scaleoutdistributedledger/ProofConstructor.java uses unchecked or unsafe operations.
[INFO] /tmp/tmp45ilizo0/ScaleOutDistributedLedger/src/main/java/nl/tudelft/blockchain/scaleoutdistributedledger/ProofConstructor.java: Recompile with -Xlint:unchecked for details.
[INFO] 
[INFO] --- maven-checkstyle-plugin:2.17:check (verify-style) @ scaleoutdistributedledger ---
[INFO] 
[INFO] >>> maven-pmd-plugin:3.8:check (verify-pmd) > :pmd @ scaleoutdistributedledger >>>
[INFO] 
[INFO] --- maven-pmd-plugin:3.8:pmd (pmd) @ scaleoutdistributedledger ---
[INFO] 
[INFO] <<< maven-pmd-plugin:3.8:check (verify-pmd) < :pmd @ scaleoutdistributedledger <<<
[INFO] 
[INFO] 
[INFO] --- maven-pmd-plugin:3.8:check (verify-pmd) @ scaleoutdistributedledger ---
[INFO] You have 13 PMD violations. For more details see: /tmp/tmp45ilizo0/ScaleOutDistributedLedger/target/pmd.xml
[INFO] 
[INFO] >>> findbugs-maven-plugin:3.0.4:check (verify-findbugs) > :findbugs @ scaleoutdistributedledger >>>
[INFO] 
[INFO] --- findbugs-maven-plugin:3.0.4:findbugs (findbugs) @ scaleoutdistributedledger ---
[INFO] Fork Value is true
     [java] Jul 30, 2020 9:05:26 PM java.util.prefs.FileSystemPreferences$1 run
     [java] INFO: Created user preferences directory.
     [java] Warnings generated: 26
[INFO] Done FindBugs Analysis....
[INFO] 
[INFO] <<< findbugs-maven-plugin:3.0.4:check (verify-findbugs) < :findbugs @ scaleoutdistributedledger <<<
[INFO] 
[INFO] 
[INFO] --- findbugs-maven-plugin:3.0.4:check (verify-findbugs) @ scaleoutdistributedledger ---
[INFO] BugInstance size is 26
[INFO] Error size is 0
[INFO] Total bugs: 26
[INFO] net.i2p.crypto.eddsa.EdDSAPrivateKey.getAbyte() may expose internal representation by returning EdDSAPrivateKey.Abyte [net.i2p.crypto.eddsa.EdDSAPrivateKey] At EdDSAPrivateKey.java:[line 320] EI_EXPOSE_REP
[INFO] net.i2p.crypto.eddsa.EdDSAPrivateKey.getH() may expose internal representation by returning EdDSAPrivateKey.h [net.i2p.crypto.eddsa.EdDSAPrivateKey] At EdDSAPrivateKey.java:[line 299] EI_EXPOSE_REP
[INFO] net.i2p.crypto.eddsa.EdDSAPrivateKey.getSeed() may expose internal representation by returning EdDSAPrivateKey.seed [net.i2p.crypto.eddsa.EdDSAPrivateKey] At EdDSAPrivateKey.java:[line 292] EI_EXPOSE_REP
[INFO] net.i2p.crypto.eddsa.EdDSAPrivateKey.geta() may expose internal representation by returning EdDSAPrivateKey.a [net.i2p.crypto.eddsa.EdDSAPrivateKey] At EdDSAPrivateKey.java:[line 306] EI_EXPOSE_REP
[INFO] net.i2p.crypto.eddsa.EdDSAPublicKey.getAbyte() may expose internal representation by returning EdDSAPublicKey.Abyte [net.i2p.crypto.eddsa.EdDSAPublicKey] At EdDSAPublicKey.java:[line 257] EI_EXPOSE_REP
[INFO] Inconsistent synchronization of net.i2p.crypto.eddsa.math.GroupElement.dblPrecmp; locked 71% of time [net.i2p.crypto.eddsa.math.GroupElement, net.i2p.crypto.eddsa.math.GroupElement, net.i2p.crypto.eddsa.math.GroupElement, net.i2p.crypto.eddsa.math.GroupElement, net.i2p.crypto.eddsa.math.GroupElement, net.i2p.crypto.eddsa.math.GroupElement, net.i2p.crypto.eddsa.math.GroupElement] Unsynchronized access at GroupElement.java:[line 982]Unsynchronized access at GroupElement.java:[line 984]Synchronized access at GroupElement.java:[line 487]Synchronized access at GroupElement.java:[line 489]Synchronized access at GroupElement.java:[line 495]Synchronized access at GroupElement.java:[line 988]Synchronized access at GroupElement.java:[line 990] IS2_INCONSISTENT_SYNC
[INFO] net.i2p.crypto.eddsa.spec.EdDSANamedCurveSpec doesn't override EdDSAParameterSpec.equals(Object) [net.i2p.crypto.eddsa.spec.EdDSANamedCurveSpec] At EdDSANamedCurveSpec.java:[line 1] EQ_DOESNT_OVERRIDE_EQUALS
[INFO] Class net.i2p.crypto.eddsa.spec.EdDSAParameterSpec defines non-transient non-serializable instance field sc [net.i2p.crypto.eddsa.spec.EdDSAParameterSpec] In EdDSAParameterSpec.java SE_BAD_FIELD
[INFO] net.i2p.crypto.eddsa.spec.EdDSAPrivateKeySpec.getH() may expose internal representation by returning EdDSAPrivateKeySpec.h [net.i2p.crypto.eddsa.spec.EdDSAPrivateKeySpec] At EdDSAPrivateKeySpec.java:[line 113] EI_EXPOSE_REP
[INFO] net.i2p.crypto.eddsa.spec.EdDSAPrivateKeySpec.getSeed() may expose internal representation by returning EdDSAPrivateKeySpec.seed [net.i2p.crypto.eddsa.spec.EdDSAPrivateKeySpec] At EdDSAPrivateKeySpec.java:[line 106] EI_EXPOSE_REP
[INFO] net.i2p.crypto.eddsa.spec.EdDSAPrivateKeySpec.geta() may expose internal representation by returning EdDSAPrivateKeySpec.a [net.i2p.crypto.eddsa.spec.EdDSAPrivateKeySpec] At EdDSAPrivateKeySpec.java:[line 120] EI_EXPOSE_REP
[INFO] nl.tudelft.blockchain.scaleoutdistributedledger.SimulationMain.generatePublicKeysMap(Map) makes inefficient use of keySet iterator instead of entrySet iterator [nl.tudelft.blockchain.scaleoutdistributedledger.SimulationMain] At SimulationMain.java:[line 201] WMI_WRONG_MAP_ITERATOR
[INFO] nl.tudelft.blockchain.scaleoutdistributedledger.model.BlockAbstract.getSignature() may expose internal representation by returning BlockAbstract.signature [nl.tudelft.blockchain.scaleoutdistributedledger.model.BlockAbstract] At BlockAbstract.java:[line 36] EI_EXPOSE_REP
[INFO] nl.tudelft.blockchain.scaleoutdistributedledger.model.Chain.getGenesisBlock() is unsynchronized, nl.tudelft.blockchain.scaleoutdistributedledger.model.Chain.setGenesisBlock(Block) is synchronized [nl.tudelft.blockchain.scaleoutdistributedledger.model.Chain] At Chain.java:[lines 106-108] UG_SYNC_SET_UNSYNC_GET
[INFO] nl.tudelft.blockchain.scaleoutdistributedledger.model.Chain.getLastCommittedBlock() is unsynchronized, nl.tudelft.blockchain.scaleoutdistributedledger.model.Chain.setLastCommittedBlock(Block) is synchronized [nl.tudelft.blockchain.scaleoutdistributedledger.model.Chain] At Chain.java:[line 147] UG_SYNC_SET_UNSYNC_GET
[INFO] nl.tudelft.blockchain.scaleoutdistributedledger.model.Ed25519Key.getPrivateKey() may expose internal representation by returning Ed25519Key.privateKey [nl.tudelft.blockchain.scaleoutdistributedledger.model.Ed25519Key] At Ed25519Key.java:[line 30] EI_EXPOSE_REP
[INFO] nl.tudelft.blockchain.scaleoutdistributedledger.model.Ed25519Key.getPublicKey() may expose internal representation by returning Ed25519Key.publicKey [nl.tudelft.blockchain.scaleoutdistributedledger.model.Ed25519Key] At Ed25519Key.java:[line 33] EI_EXPOSE_REP
[INFO] Class nl.tudelft.blockchain.scaleoutdistributedledger.model.MetaKnowledge defines non-transient non-serializable instance field owner [nl.tudelft.blockchain.scaleoutdistributedledger.model.MetaKnowledge] In MetaKnowledge.java SE_BAD_FIELD
[INFO] nl.tudelft.blockchain.scaleoutdistributedledger.model.Node.getPublicKey() may expose internal representation by returning Node.publicKey [nl.tudelft.blockchain.scaleoutdistributedledger.model.Node] At Node.java:[line 22] EI_EXPOSE_REP
[INFO] nl.tudelft.blockchain.scaleoutdistributedledger.model.OwnNode.getPrivateKey() may expose internal representation by returning OwnNode.privateKey [nl.tudelft.blockchain.scaleoutdistributedledger.model.OwnNode] At OwnNode.java:[line 15] EI_EXPOSE_REP
[INFO] nl.tudelft.blockchain.scaleoutdistributedledger.model.Proof.fixTransactionSources(LocalStore) makes inefficient use of keySet iterator instead of entrySet iterator [nl.tudelft.blockchain.scaleoutdistributedledger.model.Proof] At Proof.java:[line 96] WMI_WRONG_MAP_ITERATOR
[INFO] nl.tudelft.blockchain.scaleoutdistributedledger.model.Sha256Hash.getBytes() may expose internal representation by returning Sha256Hash.bytes [nl.tudelft.blockchain.scaleoutdistributedledger.model.Sha256Hash] At Sha256Hash.java:[line 20] EI_EXPOSE_REP
[INFO] Possible null pointer dereference of Transaction.sender on branch that might be infeasible in nl.tudelft.blockchain.scaleoutdistributedledger.model.Transaction.compareTo(Transaction) [nl.tudelft.blockchain.scaleoutdistributedledger.model.Transaction, nl.tudelft.blockchain.scaleoutdistributedledger.model.Transaction] Dereferenced at Transaction.java:[line 204]Known null at Transaction.java:[line 203] NP_NULL_ON_SOME_PATH_MIGHT_BE_INFEASIBLE
[INFO] Found reliance on default encoding in nl.tudelft.blockchain.scaleoutdistributedledger.simulation.tendermint.TendermintHelper.generatePrivValidatorFile(Ed25519Key, int): new java.io.InputStreamReader(InputStream) [nl.tudelft.blockchain.scaleoutdistributedledger.simulation.tendermint.TendermintHelper] At TendermintHelper.java:[line 76] DM_DEFAULT_ENCODING
[INFO] nl.tudelft.blockchain.scaleoutdistributedledger.simulation.tendermint.TendermintHelper.generateGenesisFile(Date, Map, byte[], int) makes inefficient use of keySet iterator instead of entrySet iterator [nl.tudelft.blockchain.scaleoutdistributedledger.simulation.tendermint.TendermintHelper] At TendermintHelper.java:[line 190] WMI_WRONG_MAP_ITERATOR
[INFO] Potentially ambiguous invocation of either an outer or inherited method java.util.AbstractList.listIterator() in nl.tudelft.blockchain.scaleoutdistributedledger.utils.AppendOnlyArrayList$SubList.iterator() [nl.tudelft.blockchain.scaleoutdistributedledger.utils.AppendOnlyArrayList$SubList] At AppendOnlyArrayList.java:[line 251] IA_AMBIGUOUS_INVOCATION_OF_INHERITED_OR_OUTER_METHOD
[INFO] 


To see bug detail using the Findbugs GUI, use the following command "mvn findbugs:gui"



[INFO] 
[INFO] --- maven-resources-plugin:2.6:testResources (default-testResources) @ scaleoutdistributedledger ---
[INFO] Using 'UTF-8' encoding to copy filtered resources.
[INFO] Copying 1 resource to .
[INFO] 
[INFO] --- maven-compiler-plugin:3.3:testCompile (default-testCompile) @ scaleoutdistributedledger ---
[INFO] Changes detected - recompiling the module!
[INFO] Compiling 23 source files to /tmp/tmp45ilizo0/ScaleOutDistributedLedger/target/test-classes
[INFO] /tmp/tmp45ilizo0/ScaleOutDistributedLedger/src/test/java/nl/tudelft/blockchain/scaleoutdistributedledger/ApplicationTest.java: /tmp/tmp45ilizo0/ScaleOutDistributedLedger/src/test/java/nl/tudelft/blockchain/scaleoutdistributedledger/ApplicationTest.java uses unchecked or unsafe operations.
[INFO] /tmp/tmp45ilizo0/ScaleOutDistributedLedger/src/test/java/nl/tudelft/blockchain/scaleoutdistributedledger/ApplicationTest.java: Recompile with -Xlint:unchecked for details.
[INFO] 
[INFO] --- maven-surefire-plugin:2.19.1:test (default-test) @ scaleoutdistributedledger ---
[INFO] Surefire report directory: /tmp/tmp45ilizo0/ScaleOutDistributedLedger/target/surefire-reports

-------------------------------------------------------
 T E S T S
-------------------------------------------------------
Running nl.tudelft.blockchain.scaleoutdistributedledger.model.ChainTest
Tests run: 3, Failures: 0, Errors: 0, Skipped: 0, Time elapsed: 2.686 sec - in nl.tudelft.blockchain.scaleoutdistributedledger.model.ChainTest
Running nl.tudelft.blockchain.scaleoutdistributedledger.model.mainchain.tendermint.ABCIClientTest
Tests run: 12, Failures: 0, Errors: 0, Skipped: 0, Time elapsed: 0.376 sec - in nl.tudelft.blockchain.scaleoutdistributedledger.model.mainchain.tendermint.ABCIClientTest
Running nl.tudelft.blockchain.scaleoutdistributedledger.model.mainchain.tendermint.TendermintChainTest
Tests run: 8, Failures: 0, Errors: 0, Skipped: 0, Time elapsed: 4.695 sec - in nl.tudelft.blockchain.scaleoutdistributedledger.model.mainchain.tendermint.TendermintChainTest
Running nl.tudelft.blockchain.scaleoutdistributedledger.model.BlockAbstractTest
2020-07-30 21:05:53 WARNING BlockAbstract Could not deserialize BlockAbstract from bytes
org.apache.commons.lang3.SerializationException: java.io.EOFException
	at org.apache.commons.lang3.SerializationUtils.deserialize(SerializationUtils.java:197)
	at org.apache.commons.lang3.SerializationUtils.deserialize(SerializationUtils.java:223)
	at nl.tudelft.blockchain.scaleoutdistributedledger.model.BlockAbstract.fromBytes(BlockAbstract.java:84)
	at nl.tudelft.blockchain.scaleoutdistributedledger.model.BlockAbstractTest.testFromBytes_Invalid(BlockAbstractTest.java:45)
	at sun.reflect.NativeMethodAccessorImpl.invoke0(Native Method)
	at sun.reflect.NativeMethodAccessorImpl.invoke(NativeMethodAccessorImpl.java:62)
	at sun.reflect.DelegatingMethodAccessorImpl.invoke(DelegatingMethodAccessorImpl.java:43)
	at java.lang.reflect.Method.invoke(Method.java:498)
	at org.junit.runners.model.FrameworkMethod$1.runReflectiveCall(FrameworkMethod.java:50)
	at org.junit.internal.runners.model.ReflectiveCallable.run(ReflectiveCallable.java:12)
	at org.junit.runners.model.FrameworkMethod.invokeExplosively(FrameworkMethod.java:47)
	at org.junit.internal.runners.statements.InvokeMethod.evaluate(InvokeMethod.java:17)
	at org.junit.internal.runners.statements.RunBefores.evaluate(RunBefores.java:26)
	at org.junit.runners.ParentRunner.runLeaf(ParentRunner.java:325)
	at org.junit.runners.BlockJUnit4ClassRunner.runChild(BlockJUnit4ClassRunner.java:78)
	at org.junit.runners.BlockJUnit4ClassRunner.runChild(BlockJUnit4ClassRunner.java:57)
	at org.junit.runners.ParentRunner$3.run(ParentRunner.java:290)
	at org.junit.runners.ParentRunner$1.schedule(ParentRunner.java:71)
	at org.junit.runners.ParentRunner.runChildren(ParentRunner.java:288)
	at org.junit.runners.ParentRunner.access$000(ParentRunner.java:58)
	at org.junit.runners.ParentRunner$2.evaluate(ParentRunner.java:268)
	at org.junit.runners.ParentRunner.run(ParentRunner.java:363)
	at org.apache.maven.surefire.junit4.JUnit4Provider.execute(JUnit4Provider.java:367)
	at org.apache.maven.surefire.junit4.JUnit4Provider.executeWithRerun(JUnit4Provider.java:274)
	at org.apache.maven.surefire.junit4.JUnit4Provider.executeTestSet(JUnit4Provider.java:238)
	at org.apache.maven.surefire.junit4.JUnit4Provider.invoke(JUnit4Provider.java:161)
	at org.apache.maven.surefire.booter.ForkedBooter.invokeProviderInSameClassLoader(ForkedBooter.java:290)
	at org.apache.maven.surefire.booter.ForkedBooter.runSuitesInProcess(ForkedBooter.java:242)
	at org.apache.maven.surefire.booter.ForkedBooter.main(ForkedBooter.java:121)
Caused by: java.io.EOFException
	at java.io.ObjectInputStream$PeekInputStream.readFully(ObjectInputStream.java:2760)
	at java.io.ObjectInputStream$BlockDataInputStream.readShort(ObjectInputStream.java:3235)
	at java.io.ObjectInputStream.readStreamHeader(ObjectInputStream.java:914)
	at java.io.ObjectInputStream.<init>(ObjectInputStream.java:376)
	at org.apache.commons.lang3.SerializationUtils.deserialize(SerializationUtils.java:192)
	... 28 more

Tests run: 4, Failures: 0, Errors: 0, Skipped: 0, Time elapsed: 0.16 sec - in nl.tudelft.blockchain.scaleoutdistributedledger.model.BlockAbstractTest
Running nl.tudelft.blockchain.scaleoutdistributedledger.model.ChainViewTest
Tests run: 24, Failures: 0, Errors: 0, Skipped: 0, Time elapsed: 0.145 sec - in nl.tudelft.blockchain.scaleoutdistributedledger.model.ChainViewTest
Running nl.tudelft.blockchain.scaleoutdistributedledger.model.ProofTest
Tests run: 4, Failures: 0, Errors: 0, Skipped: 0, Time elapsed: 0.223 sec - in nl.tudelft.blockchain.scaleoutdistributedledger.model.ProofTest
Running nl.tudelft.blockchain.scaleoutdistributedledger.model.SerializationTest
Tests run: 5, Failures: 0, Errors: 0, Skipped: 0, Time elapsed: 0.014 sec - in nl.tudelft.blockchain.scaleoutdistributedledger.model.SerializationTest
Running nl.tudelft.blockchain.scaleoutdistributedledger.model.Sha256HashTest
Tests run: 5, Failures: 0, Errors: 0, Skipped: 0, Time elapsed: 0 sec - in nl.tudelft.blockchain.scaleoutdistributedledger.model.Sha256HashTest
Running nl.tudelft.blockchain.scaleoutdistributedledger.model.Ed25519KeyTest
Tests run: 7, Failures: 0, Errors: 0, Skipped: 0, Time elapsed: 0.027 sec - in nl.tudelft.blockchain.scaleoutdistributedledger.model.Ed25519KeyTest
Running nl.tudelft.blockchain.scaleoutdistributedledger.model.BlockTest
Tests run: 9, Failures: 0, Errors: 0, Skipped: 0, Time elapsed: 0.026 sec - in nl.tudelft.blockchain.scaleoutdistributedledger.model.BlockTest
Running nl.tudelft.blockchain.scaleoutdistributedledger.model.NodeTest
Tests run: 1, Failures: 0, Errors: 0, Skipped: 0, Time elapsed: 0.006 sec - in nl.tudelft.blockchain.scaleoutdistributedledger.model.NodeTest
Running nl.tudelft.blockchain.scaleoutdistributedledger.TransactionCreatorTest
Tests run: 4, Failures: 0, Errors: 0, Skipped: 0, Time elapsed: 0.03 sec - in nl.tudelft.blockchain.scaleoutdistributedledger.TransactionCreatorTest
Running nl.tudelft.blockchain.scaleoutdistributedledger.LocalStoreTest
Tests run: 5, Failures: 0, Errors: 0, Skipped: 0, Time elapsed: 0.013 sec - in nl.tudelft.blockchain.scaleoutdistributedledger.LocalStoreTest
Running nl.tudelft.blockchain.scaleoutdistributedledger.utils.UtilsTest
Tests run: 4, Failures: 0, Errors: 0, Skipped: 0, Time elapsed: 0.002 sec - in nl.tudelft.blockchain.scaleoutdistributedledger.utils.UtilsTest
Running nl.tudelft.blockchain.scaleoutdistributedledger.ApplicationTest
2020-07-30 21:05:53 INFO   Application Node 0: Started transacting with transaction pattern.
2020-07-30 21:05:54 SEVERE Application Cannot update running status to stopped for node 0
Tests run: 4, Failures: 0, Errors: 0, Skipped: 0, Time elapsed: 0.868 sec - in nl.tudelft.blockchain.scaleoutdistributedledger.ApplicationTest
Running nl.tudelft.blockchain.scaleoutdistributedledger.CommunicationHelperTest
2020-07-30 21:05:54 WARNING CommunicationHelper Received a transaction that isn't for us: Transaction(11: 1 -> 2 $100 / $900)
2020-07-30 21:05:54 WARNING CommunicationHelper Received an invalid transaction/proof Transaction(12: 1 -> 0 $9999 / $900): Transaction Transaction(12: 1 -> 0 $9999 / $900) is invalid: money does not add up. Expected: 10899. Actual: 1000
2020-07-30 21:05:54 INFO   CommunicationHelper Received and validated transaction: Transaction(13: 1 -> 0 $100 / $900)
Tests run: 3, Failures: 0, Errors: 0, Skipped: 0, Time elapsed: 0.015 sec - in nl.tudelft.blockchain.scaleoutdistributedledger.CommunicationHelperTest
Running nl.tudelft.blockchain.scaleoutdistributedledger.message.TransactionPatternMessageTest
Tests run: 1, Failures: 0, Errors: 0, Skipped: 0, Time elapsed: 0.007 sec - in nl.tudelft.blockchain.scaleoutdistributedledger.message.TransactionPatternMessageTest
Running nl.tudelft.blockchain.scaleoutdistributedledger.message.StartTransactingMessageTest
Tests run: 1, Failures: 0, Errors: 0, Skipped: 0, Time elapsed: 0.002 sec - in nl.tudelft.blockchain.scaleoutdistributedledger.message.StartTransactingMessageTest
Running nl.tudelft.blockchain.scaleoutdistributedledger.message.StopTransactingMessageTest
Tests run: 1, Failures: 0, Errors: 0, Skipped: 0, Time elapsed: 0.001 sec - in nl.tudelft.blockchain.scaleoutdistributedledger.message.StopTransactingMessageTest
Running nl.tudelft.blockchain.scaleoutdistributedledger.simulation.SimulationTest
Tests run: 14, Failures: 0, Errors: 0, Skipped: 0, Time elapsed: 0.114 sec - in nl.tudelft.blockchain.scaleoutdistributedledger.simulation.SimulationTest

Results :

Tests run: 119, Failures: 0, Errors: 0, Skipped: 0

[INFO] 
[INFO] --- jacoco-maven-plugin:0.8.5:report (report) @ scaleoutdistributedledger ---
[INFO] Loading execution data file /tmp/tmp45ilizo0/ScaleOutDistributedLedger/target/jacoco.exec
[INFO] Analyzed bundle 'ScaleOutDistributedLedger' with 95 classes
[INFO] ------------------------------------------------------------------------
[INFO] BUILD SUCCESS
[INFO] ------------------------------------------------------------------------
[INFO] Total time:  01:06 min
[INFO] Finished at: 2020-07-30T21:05:56Z
[INFO] ------------------------------------------------------------------------
