[INFO] Error stacktraces are turned on.
[INFO] Scanning for projects...
[INFO] 
[INFO] ---------------------------< RankPL:RankPL >----------------------------
[INFO] Building RankPL 0.7.1
[INFO] --------------------------------[ jar ]---------------------------------
[INFO] 
[INFO] --- jacoco-maven-plugin:0.8.5:prepare-agent (default) @ RankPL ---
[INFO] argLine set to -javaagent:/home/jdbl/.m2/repository/org/jacoco/org.jacoco.agent/0.8.5/org.jacoco.agent-0.8.5-runtime.jar=destfile=/tmp/tmpqn5qvmiw/RankPL/target/jacoco.exec
[INFO] 
[INFO] --- antlr4-maven-plugin:4.5:antlr4 (antlr) @ RankPL ---
[INFO] ANTLR 4: Processing source directory /tmp/tmpqn5qvmiw/RankPL/src/main/antlr4
[INFO] Processing grammar: com/tr/rp/parser/RankPL.g4
[WARNING] warning(125): com/tr/rp/parser/RankPL.g4:95:3: implicit definition of token Pop in parser
[WARNING] /tmp/tmpqn5qvmiw/RankPL/com/tr/rp/parser/RankPL.g4 [95:3]: implicit definition of token Pop in parser
[INFO] 
[INFO] --- maven-resources-plugin:2.6:resources (default-resources) @ RankPL ---
[WARNING] File encoding has not been set, using platform encoding UTF-8, i.e. build is platform dependent!
[WARNING] Using platform encoding (UTF-8 actually) to copy filtered resources, i.e. build is platform dependent!
[INFO] Copying 1 resource
[INFO] 
[INFO] --- maven-compiler-plugin:3.5.1:compile (default-compile) @ RankPL ---
[INFO] Changes detected - recompiling the module!
[WARNING] File encoding has not been set, using platform encoding UTF-8, i.e. build is platform dependent!
[INFO] Compiling 157 source files to /tmp/tmpqn5qvmiw/RankPL/target/classes
[WARNING] /tmp/tmpqn5qvmiw/RankPL/src/main/java/com/tr/rp/ast/expressions/FunctionCall.java:[29,46] sun.reflect.generics.reflectiveObjects.NotImplementedException is internal proprietary API and may be removed in a future release
[WARNING] /tmp/tmpqn5qvmiw/RankPL/src/main/java/com/tr/rp/ast/statements/Collect.java:[15,46] sun.reflect.generics.reflectiveObjects.NotImplementedException is internal proprietary API and may be removed in a future release
[WARNING] /tmp/tmpqn5qvmiw/RankPL/src/main/java/com/tr/rp/varstore/ArrayVarStore.java:[17,46] sun.reflect.generics.reflectiveObjects.NotImplementedException is internal proprietary API and may be removed in a future release
[WARNING] /tmp/tmpqn5qvmiw/RankPL/src/main/java/com/tr/rp/ast/statements/Collect.java:[37,27] sun.reflect.generics.reflectiveObjects.NotImplementedException is internal proprietary API and may be removed in a future release
[WARNING] /tmp/tmpqn5qvmiw/RankPL/src/main/java/com/tr/rp/varstore/ArrayVarStore.java:[136,27] sun.reflect.generics.reflectiveObjects.NotImplementedException is internal proprietary API and may be removed in a future release
[WARNING] /tmp/tmpqn5qvmiw/RankPL/src/main/java/com/tr/rp/varstore/ArrayVarStore.java:[141,27] sun.reflect.generics.reflectiveObjects.NotImplementedException is internal proprietary API and may be removed in a future release
[INFO] /tmp/tmpqn5qvmiw/RankPL/src/main/java/com/tr/rp/ast/expressions/ListAppend.java: Some input files use unchecked or unsafe operations.
[INFO] /tmp/tmpqn5qvmiw/RankPL/src/main/java/com/tr/rp/ast/expressions/ListAppend.java: Recompile with -Xlint:unchecked for details.
[INFO] 
[INFO] --- maven-resources-plugin:2.6:testResources (default-testResources) @ RankPL ---
[WARNING] Using platform encoding (UTF-8 actually) to copy filtered resources, i.e. build is platform dependent!
[INFO] skip non existing resourceDirectory /tmp/tmpqn5qvmiw/RankPL/src/test/resources
[INFO] 
[INFO] --- maven-compiler-plugin:3.5.1:testCompile (default-testCompile) @ RankPL ---
[INFO] Changes detected - recompiling the module!
[WARNING] File encoding has not been set, using platform encoding UTF-8, i.e. build is platform dependent!
[INFO] Compiling 8 source files to /tmp/tmpqn5qvmiw/RankPL/target/test-classes
[INFO] 
[INFO] --- maven-surefire-plugin:2.19.1:test (default-test) @ RankPL ---
[INFO] Surefire report directory: /tmp/tmpqn5qvmiw/RankPL/target/surefire-reports

-------------------------------------------------------
 T E S T S
-------------------------------------------------------
Running com.tr.rp.rpl.RunRPLTest
Running test ./src/test/rpl/test_stack_operations.rpl... 
OK
Running test ./src/test/rpl/test_multi_assignment.rpl... 
OK
Running test ./src/test/rpl/test_map_operations.rpl... 
OK
Running test ./src/test/rpl/test_ifelse.rpl... 
OK
Running test ./src/test/rpl/test_observe-l.rpl... 
Ranking over a:
Rank 0: [1]
Rank 1: [2]
Rank 2: [3]
OK
Running test ./src/test/rpl/test_array_copy_behavior.rpl... 
OK
Running test ./src/test/rpl/test_expressions.rpl... 
OK
Running test ./src/test/rpl/test_builtin_functions.rpl... 
OK
Running test ./src/test/rpl/test_range_choice_expression.rpl... 
OK
Running test ./src/test/rpl/test_observe-j.rpl... 
Ranking over a:
Rank 0: [1]
Rank 1: [2]
Rank 2: [3]
OK
Running test ./src/test/rpl/test_functions.rpl... 
Ranking over [a, b]:
Rank 0: [[1, 1]]
Rank 1: [[1, 2], [2, 1]]
Rank 2: [[1, 3], [2, 2], [3, 1]]
Rank 3: [[2, 3], [3, 2]]
Rank 4: [[3, 3]]
OK
Running test ./src/test/rpl/test_while.rpl... 
OK
Running test ./src/test/rpl/test_ranked_choice_expression.rpl... 
Ranking over c:
Rank 0: [0, 1, 2]
Rank 1: [3, 4]
OK
Running test ./src/test/rpl/test_for.rpl... 
OK
Running test ./src/test/rpl/test_return.rpl... 
OK
Running test ./src/test/rpl/test_for_in.rpl... 
OK
Running test ./src/test/rpl/test_observe.rpl... 
OK
Running test ./src/test/rpl/test_list_operations.rpl... 
OK
Running test ./src/test/rpl/test_rankexpression.rpl... 
OK
Running test ./src/test/rpl/test_while_break.rpl... 
OK
Running test ./src/test/rpl/test_set_operations.rpl... 
OK
Running test ./src/test/rpl/test_examples.rpl... 
OK
Running test ./src/test/rpl/test_rankedchoice.rpl... 
OK
Tests run: 1, Failures: 0, Errors: 0, Skipped: 0, Time elapsed: 28.495 sec - in com.tr.rp.rpl.RunRPLTest
Running com.tr.rp.rpl.TestRPLExamples
Running test ./examples/spellingcorrector.rpl... Rank    Outcome
   0    eleven
   0    twelve
   2    seven
   3    nineteen
   3    thirteen
   3    fifteen
   3    sixteen
   3    ten
   3    three
   3    twenty
   4    fourteen
   4    eighteen
   4    seventeen
   4    five
   4    two
   5    one
   5    nine
   5    eight
   6    four
   6    six
Took: 89 ms
Running test ./examples/boolcircuit.rpl... Rank    Outcome
   0    X1 broken: true, X2 broken: false, A1 broken: false, a2 broken: false, O1 broken: false
   1    X1 broken: false, X2 broken: true, A1 broken: false, a2 broken: false, O1 broken: true
   1    X1 broken: true, X2 broken: false, A1 broken: false, a2 broken: false, O1 broken: true
   1    X1 broken: false, X2 broken: true, A1 broken: false, a2 broken: true, O1 broken: false
   1    X1 broken: false, X2 broken: true, A1 broken: true, a2 broken: false, O1 broken: false
   1    X1 broken: true, X2 broken: true, A1 broken: false, a2 broken: false, O1 broken: false
   1    X1 broken: true, X2 broken: false, A1 broken: false, a2 broken: true, O1 broken: false
   1    X1 broken: true, X2 broken: false, A1 broken: true, a2 broken: false, O1 broken: false
   2    X1 broken: false, X2 broken: true, A1 broken: false, a2 broken: true, O1 broken: true
   2    X1 broken: false, X2 broken: true, A1 broken: true, a2 broken: false, O1 broken: true
   2    X1 broken: true, X2 broken: true, A1 broken: false, a2 broken: false, O1 broken: true
   2    X1 broken: true, X2 broken: false, A1 broken: false, a2 broken: true, O1 broken: true
   2    X1 broken: true, X2 broken: false, A1 broken: true, a2 broken: false, O1 broken: true
   2    X1 broken: false, X2 broken: true, A1 broken: true, a2 broken: true, O1 broken: false
   2    X1 broken: true, X2 broken: true, A1 broken: false, a2 broken: true, O1 broken: false
   2    X1 broken: true, X2 broken: true, A1 broken: true, a2 broken: false, O1 broken: false
   2    X1 broken: true, X2 broken: false, A1 broken: true, a2 broken: true, O1 broken: false
   3    X1 broken: false, X2 broken: true, A1 broken: true, a2 broken: true, O1 broken: true
   3    X1 broken: true, X2 broken: true, A1 broken: false, a2 broken: true, O1 broken: true
   3    X1 broken: true, X2 broken: true, A1 broken: true, a2 broken: false, O1 broken: true
   3    X1 broken: true, X2 broken: false, A1 broken: true, a2 broken: true, O1 broken: true
   3    X1 broken: true, X2 broken: true, A1 broken: true, a2 broken: true, O1 broken: false
   4    X1 broken: true, X2 broken: true, A1 broken: true, a2 broken: true, O1 broken: true
Took: 7 ms
Running test ./examples/rankingnetwork.rpl... Rank    Outcome
   0    rain: false	sprinkler: true	grass_wet: true
   2    rain: true	sprinkler: true	grass_wet: true
   2    rain: false	sprinkler: true	grass_wet: false
   7    rain: true	sprinkler: true	grass_wet: false
Took: 1 ms
Running test ./examples/localizer.rpl... Rank    Outcome
   0    Inferred location (1, 5)
   0    Inferred location (2, 5)
   0    Inferred location (3, 5)
   0    Inferred location (5, 4)
   1    Inferred location (4, 5)
   1    Inferred location (6, 4)
   1    Inferred location (7, 4)
   1    Inferred location (8, 4)
   1    Inferred location (9, 4)
   1    Inferred location (10, 4)
   1    Inferred location (4, 4)
   1    Inferred location (6, 5)
   1    Inferred location (7, 5)
   1    Inferred location (8, 5)
   1    Inferred location (9, 5)
   1    Inferred location (10, 5)
Took: 73 ms
Rank    Outcome
   0    Inferred location (6, 4)
   1    Inferred location (7, 4)
   1    Inferred location (2, 5)
   1    Inferred location (3, 5)
   1    Inferred location (4, 5)
   1    Inferred location (8, 4)
   1    Inferred location (9, 4)
   1    Inferred location (10, 4)
Took: 47 ms
Rank    Outcome
   0    Inferred location (7, 4)
   0    Inferred location (3, 5)
   1    Inferred location (8, 4)
   1    Inferred location (4, 5)
   1    Inferred location (9, 4)
   1    Inferred location (10, 4)
Took: 89 ms
Rank    Outcome
   0    Inferred location (4, 5)
   1    Inferred location (8, 4)
Took: 22 ms
Running test ./examples/spellingcorrector-10K-words.rpl with input inkorrect
Rank    Outcome
   0    incorrect
Took: 514 ms
Running test ./examples/spellingcorrector-10K-words.rpl with input switzerland
Rank    Outcome
   0    switzerland
Took: 16 ms
Running test ./examples/spellingcorrector-10K-words.rpl with input swizerland
Rank    Outcome
   0    switzerland
Took: 74 ms
Running test ./examples/spellingcorrector-10K-words.rpl with input switxzerland
Rank    Outcome
   0    switzerland
Took: 224 ms
Running test ./examples/spellingcorrector-10K-words.rpl with input svitzerland
Rank    Outcome
   0    switzerland
Took: 242 ms
Running test ./examples/spellingcorrector-10K-words.rpl with input svvitzerland
Rank    Outcome
   0    switzerland
Took: 1010 ms
Running test ./examples/spellingcorrector-10K-words.rpl with input serbia
Rank    Outcome
   0    serbia
Took: 41 ms
Running test ./examples/spellingcorrector-10K-words.rpl with input srbia
Rank    Outcome
   0    serbia
Took: 502 ms
Running test ./examples/spellingcorrector-10K-words.rpl with input serrbia
Rank    Outcome
   0    serbia
Took: 84 ms
Running test ./examples/spellingcorrector-10K-words.rpl with input serbja
Rank    Outcome
   0    serbia
Took: 80 ms
Tests run: 5, Failures: 0, Errors: 0, Skipped: 0, Time elapsed: 3.168 sec - in com.tr.rp.rpl.TestRPLExamples
Running com.tr.rp.core.ParseTest
Tests run: 15, Failures: 0, Errors: 0, Skipped: 0, Time elapsed: 0.08 sec - in com.tr.rp.core.ParseTest
Running com.tr.rp.exec.LShifterTest
Tests run: 13, Failures: 0, Errors: 0, Skipped: 0, Time elapsed: 0.009 sec - in com.tr.rp.exec.LShifterTest
Running com.tr.rp.exec.MergerTest
Tests run: 1, Failures: 0, Errors: 0, Skipped: 0, Time elapsed: 0.002 sec - in com.tr.rp.exec.MergerTest
Running com.tr.rp.exec.JShifterTest
Tests run: 12, Failures: 0, Errors: 0, Skipped: 0, Time elapsed: 0.011 sec - in com.tr.rp.exec.JShifterTest

Results :

Tests run: 47, Failures: 0, Errors: 0, Skipped: 0

[INFO] 
[INFO] --- jacoco-maven-plugin:0.8.5:report (report) @ RankPL ---
[INFO] Loading execution data file /tmp/tmpqn5qvmiw/RankPL/target/jacoco.exec
[INFO] Analyzed bundle 'RankPL' with 322 classes
[INFO] ------------------------------------------------------------------------
[INFO] BUILD SUCCESS
[INFO] ------------------------------------------------------------------------
[INFO] Total time:  01:24 min
[INFO] Finished at: 2020-07-30T23:19:24Z
[INFO] ------------------------------------------------------------------------
