[INFO] Error stacktraces are turned on.
[INFO] Scanning for projects...
[INFO] 
[INFO] ------------------------< com.cosyan.db:cosyan >------------------------
[INFO] Building cosyan 0.0.1-SNAPSHOT
[INFO] --------------------------------[ jar ]---------------------------------
[INFO] 
[INFO] --- jacoco-maven-plugin:0.8.5:prepare-agent (default) @ cosyan ---
[INFO] argLine set to -javaagent:/home/jdbl/.m2/repository/org/jacoco/org.jacoco.agent/0.8.5/org.jacoco.agent-0.8.5-runtime.jar=destfile=/tmp/tmpld3_6xfb/cosyan/target/jacoco.exec
[INFO] 
[INFO] --- maven-resources-plugin:2.6:resources (default-resources) @ cosyan ---
[WARNING] Using platform encoding (UTF-8 actually) to copy filtered resources, i.e. build is platform dependent!
[INFO] Copying 12 resources
[INFO] 
[INFO] --- maven-compiler-plugin:3.1:compile (default-compile) @ cosyan ---
[INFO] Changes detected - recompiling the module!
[WARNING] File encoding has not been set, using platform encoding UTF-8, i.e. build is platform dependent!
[INFO] Compiling 127 source files to /tmp/tmpld3_6xfb/cosyan/target/classes
[INFO] 
[INFO] --- maven-resources-plugin:2.6:testResources (default-testResources) @ cosyan ---
[WARNING] Using platform encoding (UTF-8 actually) to copy filtered resources, i.e. build is platform dependent!
[INFO] Copying 7 resources
[INFO] 
[INFO] --- maven-compiler-plugin:3.1:testCompile (default-testCompile) @ cosyan ---
[INFO] Changes detected - recompiling the module!
[WARNING] File encoding has not been set, using platform encoding UTF-8, i.e. build is platform dependent!
[INFO] Compiling 44 source files to /tmp/tmpld3_6xfb/cosyan/target/test-classes
[INFO] 
[INFO] --- maven-surefire-plugin:2.19.1:test (default-test) @ cosyan ---
[INFO] Surefire report directory: /tmp/tmpld3_6xfb/cosyan/target/surefire-reports

-------------------------------------------------------
 T E S T S
-------------------------------------------------------
Running com.cosyan.db.model.BuiltinFunctionsTest
Tests run: 3, Failures: 0, Errors: 0, Skipped: 0, Time elapsed: 1.755 sec - in com.cosyan.db.model.BuiltinFunctionsTest
Running com.cosyan.db.model.stat.ColumnStatsTest
Tests run: 6, Failures: 0, Errors: 0, Skipped: 0, Time elapsed: 0.233 sec - in com.cosyan.db.model.stat.ColumnStatsTest
Running com.cosyan.db.transaction.TransactionTest
Tests run: 7, Failures: 0, Errors: 0, Skipped: 0, Time elapsed: 0.466 sec - in com.cosyan.db.transaction.TransactionTest
Running com.cosyan.db.transaction.MetaResourcesTest
Tests run: 6, Failures: 0, Errors: 0, Skipped: 0, Time elapsed: 0.24 sec - in com.cosyan.db.transaction.MetaResourcesTest
Running com.cosyan.db.tools.StatsTest
Tests run: 1, Failures: 0, Errors: 0, Skipped: 1, Time elapsed: 0.003 sec - in com.cosyan.db.tools.StatsTest
Running com.cosyan.db.tools.BackupManagerTest
Tests run: 1, Failures: 0, Errors: 0, Skipped: 0, Time elapsed: 0.027 sec - in com.cosyan.db.tools.BackupManagerTest
Running com.cosyan.db.tools.BackupManagerPerformanceTest
Directories backed up in 12156, (size: 26564719).
Directories restored in 1674, (size: 26564719).
Tests run: 1, Failures: 0, Errors: 0, Skipped: 0, Time elapsed: 38.45 sec - in com.cosyan.db.tools.BackupManagerPerformanceTest
Running com.cosyan.db.index.MultiKeyByteTrieTest
Tests run: 3, Failures: 0, Errors: 0, Skipped: 0, Time elapsed: 0 sec - in com.cosyan.db.index.MultiKeyByteTrieTest
Running com.cosyan.db.index.ByteTrieLargeTest
Tests run: 1, Failures: 0, Errors: 0, Skipped: 1, Time elapsed: 0 sec - in com.cosyan.db.index.ByteTrieLargeTest
Running com.cosyan.db.index.ByteTrieTest
Tests run: 9, Failures: 0, Errors: 0, Skipped: 0, Time elapsed: 0.009 sec - in com.cosyan.db.index.ByteTrieTest
Running com.cosyan.db.index.IDIndexTest
Tests run: 4, Failures: 0, Errors: 0, Skipped: 0, Time elapsed: 0.206 sec - in com.cosyan.db.index.IDIndexTest
Running com.cosyan.db.index.ByteMultiTrieTest
Tests run: 6, Failures: 0, Errors: 0, Skipped: 0, Time elapsed: 0.026 sec - in com.cosyan.db.index.ByteMultiTrieTest
Running com.cosyan.db.index.MultiColumnMultiTrieTest
Tests run: 2, Failures: 0, Errors: 0, Skipped: 0, Time elapsed: 0.042 sec - in com.cosyan.db.index.MultiColumnMultiTrieTest
Running com.cosyan.db.logic.PredicateHelperTest
Tests run: 1, Failures: 0, Errors: 0, Skipped: 0, Time elapsed: 0.001 sec - in com.cosyan.db.logic.PredicateHelperTest
Running com.cosyan.db.auth.AuthenticatorTest
Tests run: 3, Failures: 0, Errors: 0, Skipped: 0, Time elapsed: 0.021 sec - in com.cosyan.db.auth.AuthenticatorTest
Running com.cosyan.db.meta.RestartDBTest
Tests run: 14, Failures: 0, Errors: 0, Skipped: 0, Time elapsed: 0.666 sec - in com.cosyan.db.meta.RestartDBTest
Running com.cosyan.db.meta.GrantsTest
Tests run: 11, Failures: 0, Errors: 0, Skipped: 0, Time elapsed: 1 sec - in com.cosyan.db.meta.GrantsTest
Running com.cosyan.db.doc.FunctionDocumentationTest
Tests run: 1, Failures: 0, Errors: 0, Skipped: 0, Time elapsed: 0 sec - in com.cosyan.db.doc.FunctionDocumentationTest
Running com.cosyan.db.io.SeekableInputStreamTest
Tests run: 6, Failures: 0, Errors: 0, Skipped: 0, Time elapsed: 0.001 sec - in com.cosyan.db.io.SeekableInputStreamTest
Running com.cosyan.db.io.MetaSerializerTest
Tests run: 7, Failures: 0, Errors: 0, Skipped: 0, Time elapsed: 0.969 sec - in com.cosyan.db.io.MetaSerializerTest
Running com.cosyan.db.io.MultipleRAFTest
Tests run: 1, Failures: 0, Errors: 0, Skipped: 1, Time elapsed: 0 sec - in com.cosyan.db.io.MultipleRAFTest
Running com.cosyan.db.lang.sql.TableReaderTest
Tests run: 75, Failures: 0, Errors: 0, Skipped: 0, Time elapsed: 0.216 sec - in com.cosyan.db.lang.sql.TableReaderTest
Running com.cosyan.db.lang.sql.LexerTest
Tests run: 4, Failures: 0, Errors: 0, Skipped: 0, Time elapsed: 0 sec - in com.cosyan.db.lang.sql.LexerTest
Running com.cosyan.db.lang.sql.InsertStatementWithRulesPerformanceTest
Records with ref rules to lookup table (3 col) inserted in 1179 (16963.53 records per sec)
Records with ref rules to log table (3 col) inserted in 458 (43668.12 records per sec)
Records with aggregating rules (400N) inserted in 4653 (4298.30 records per sec)
Records with aggregating rules (4N) inserted in 785 (25477.71 records per sec)
Records with ref rules to ID indexed table (3 col) inserted in 448 (44642.86 records per sec)
Records with ref rules to log table (1 col) inserted in 456 (43859.65 records per sec)
Tests run: 6, Failures: 0, Errors: 0, Skipped: 0, Time elapsed: 10.54 sec - in com.cosyan.db.lang.sql.InsertStatementWithRulesPerformanceTest
Running com.cosyan.db.lang.sql.CreateViewTest
Tests run: 6, Failures: 0, Errors: 0, Skipped: 0, Time elapsed: 0.198 sec - in com.cosyan.db.lang.sql.CreateViewTest
Running com.cosyan.db.lang.sql.InsertIntoLargeTest
Tests run: 2, Failures: 0, Errors: 0, Skipped: 2, Time elapsed: 0 sec - in com.cosyan.db.lang.sql.InsertIntoLargeTest
Running com.cosyan.db.lang.sql.UpdateStatementPerformanceTest
Records with index inserted in 201 (24875.62 records per sec)
Records with index updated in 1160 (4310.34 records per sec)
Records without index inserted in 115 (43478.26 records per sec)
Records without index updated in 27278 (183.30 records per sec)
Tests run: 2, Failures: 0, Errors: 0, Skipped: 0, Time elapsed: 28.729 sec - in com.cosyan.db.lang.sql.UpdateStatementPerformanceTest
Running com.cosyan.db.lang.sql.ParserTest
Tests run: 22, Failures: 0, Errors: 0, Skipped: 0, Time elapsed: 0.005 sec - in com.cosyan.db.lang.sql.ParserTest
Running com.cosyan.db.lang.sql.SelectStatementPerformanceTest
Records without index inserted in 112 (44642.86 records per sec)
Records without index queried in 17717 (282.21 records per sec)
Records with index inserted in 163 (30674.85 records per sec)
Records with index queried in 470 (10638.30 records per sec)
Records aggregated in 311 (321543.41 records per sec)
Tests run: 3, Failures: 0, Errors: 0, Skipped: 0, Time elapsed: 22.016 sec - in com.cosyan.db.lang.sql.SelectStatementPerformanceTest
Running com.cosyan.db.lang.sql.InsertStatementPerformanceTest
Records without index many per transaction inserted in 62 (322580.65 records per sec)
Records without index one per transaction inserted in 464 (43103.45 records per sec)
Records with index one per transaction inserted in 627 (31897.93 records per sec)
Records with ID index one per transaction inserted in 1765 (11331.44 records per sec)
Records with ID index many per transaction inserted in 72 (277777.78 records per sec)
Records with index many per transaction inserted in 345 (57971.01 records per sec)
Tests run: 6, Failures: 0, Errors: 0, Skipped: 0, Time elapsed: 3.608 sec - in com.cosyan.db.lang.sql.InsertStatementPerformanceTest
Running com.cosyan.db.lang.sql.CSVStatementTest
Tests run: 6, Failures: 0, Errors: 0, Skipped: 0, Time elapsed: 0.265 sec - in com.cosyan.db.lang.sql.CSVStatementTest
Running com.cosyan.db.lang.sql.DeleteTest
Tests run: 7, Failures: 0, Errors: 0, Skipped: 0, Time elapsed: 0.146 sec - in com.cosyan.db.lang.sql.DeleteTest
Running com.cosyan.db.lang.sql.AlterStatementTest
Tests run: 40, Failures: 0, Errors: 0, Skipped: 0, Time elapsed: 1.217 sec - in com.cosyan.db.lang.sql.AlterStatementTest
Running com.cosyan.db.lang.sql.DeleteStatementPerformanceTest
Records without index inserted in 203 (24630.54 records per sec)
Records without index deleted in 13695 (365.10 records per sec)
Records with index inserted in 189 (26455.03 records per sec)
Records with index deleted in 253 (19762.85 records per sec)
Tests run: 2, Failures: 0, Errors: 0, Skipped: 0, Time elapsed: 14.347 sec - in com.cosyan.db.lang.sql.DeleteStatementPerformanceTest
Running com.cosyan.db.lang.sql.InsertStatementMultithreadPerformanceTest
Records with index one per transaction inserted in 1120 (17857.14 records per sec)
Tests run: 1, Failures: 0, Errors: 0, Skipped: 0, Time elapsed: 1.122 sec - in com.cosyan.db.lang.sql.InsertStatementMultithreadPerformanceTest
Running com.cosyan.db.lang.sql.DropStatementTest
Tests run: 6, Failures: 0, Errors: 0, Skipped: 0, Time elapsed: 1.112 sec - in com.cosyan.db.lang.sql.DropStatementTest
Running com.cosyan.db.lang.sql.UpdateTest
Tests run: 21, Failures: 0, Errors: 0, Skipped: 0, Time elapsed: 0.272 sec - in com.cosyan.db.lang.sql.UpdateTest
Running com.cosyan.db.lang.sql.CreateStatementTest
Tests run: 19, Failures: 0, Errors: 0, Skipped: 0, Time elapsed: 0.277 sec - in com.cosyan.db.lang.sql.CreateStatementTest
Running com.cosyan.db.lang.sql.DocTest
Testing doc doc/rules/31_foreign_keys.md: .....
Doc test doc/rules/31_foreign_keys.md passed.
Testing doc doc/rules/33_date_time.md: .....
Doc test doc/rules/33_date_time.md passed.
Testing doc doc/rules/32_reverse_foreign_keys.md: ....
Doc test doc/rules/32_reverse_foreign_keys.md passed.
Testing doc doc/rules/34_networks.md: .
Doc test doc/rules/34_networks.md passed.
Tests run: 4, Failures: 0, Errors: 0, Skipped: 0, Time elapsed: 0.115 sec - in com.cosyan.db.lang.sql.DocTest
Running com.cosyan.db.lang.sql.InsertIntoTest
Tests run: 26, Failures: 0, Errors: 0, Skipped: 0, Time elapsed: 0.33 sec - in com.cosyan.db.lang.sql.InsertIntoTest
Running com.cosyan.db.lang.sql.SelectStatementTest
Tests run: 12, Failures: 0, Errors: 0, Skipped: 0, Time elapsed: 0.217 sec - in com.cosyan.db.lang.sql.SelectStatementTest
Running com.cosyan.db.lang.meta.DependenciesTest
Tests run: 4, Failures: 0, Errors: 0, Skipped: 0, Time elapsed: 0.106 sec - in com.cosyan.db.lang.meta.DependenciesTest
Running com.cosyan.db.lock.LockManagerTest
  min, max: [4, 124]
Tests run: 5, Failures: 0, Errors: 0, Skipped: 0, Time elapsed: 5.57 sec - in com.cosyan.db.lock.LockManagerTest

Results :

Tests run: 373, Failures: 0, Errors: 0, Skipped: 5

[INFO] 
[INFO] --- jacoco-maven-plugin:0.8.5:report (report) @ cosyan ---
[INFO] Loading execution data file /tmp/tmpld3_6xfb/cosyan/target/jacoco.exec
[INFO] Analyzed bundle 'cosyan' with 790 classes
[INFO] ------------------------------------------------------------------------
[INFO] BUILD SUCCESS
[INFO] ------------------------------------------------------------------------
[INFO] Total time:  02:43 min
[INFO] Finished at: 2020-07-30T22:33:14Z
[INFO] ------------------------------------------------------------------------
