[INFO] Error stacktraces are turned on.
[INFO] Scanning for projects...
[INFO] 
[INFO] ---------------------------< com.db:logger >----------------------------
[INFO] Building FastLogger 0.0.1-SNAPSHOT
[INFO] --------------------------------[ jar ]---------------------------------
[WARNING] Could not validate integrity of download from file:/tmp/tmpq_c9lrm0/fastlogger/libs/org/gflogger/gflogger/0.9/gflogger-0.9.pom: Checksum validation failed, no checksums available
[WARNING] Could not validate integrity of download from file:/tmp/tmpq_c9lrm0/fastlogger/libs/org/gflogger/gflogger/0.9/gflogger-0.9.jar: Checksum validation failed, no checksums available
[INFO] 
[INFO] --- jacoco-maven-plugin:0.8.5:prepare-agent (default) @ logger ---
[INFO] argLine set to -javaagent:/home/jdbl/.m2/repository/org/jacoco/org.jacoco.agent/0.8.5/org.jacoco.agent-0.8.5-runtime.jar=destfile=/tmp/tmpq_c9lrm0/fastlogger/target/jacoco.exec
[INFO] 
[INFO] --- maven-resources-plugin:2.6:resources (default-resources) @ logger ---
[INFO] Using 'UTF-8' encoding to copy filtered resources.
[INFO] skip non existing resourceDirectory /tmp/tmpq_c9lrm0/fastlogger/src/main/resources
[INFO] 
[INFO] --- maven-compiler-plugin:3.1:compile (default-compile) @ logger ---
[INFO] Changes detected - recompiling the module!
[INFO] Compiling 51 source files to /tmp/tmpq_c9lrm0/fastlogger/target/classes
[WARNING] /tmp/tmpq_c9lrm0/fastlogger/src/main/java/com/db/logger/api/impl/logger/Sequencer.java:[5,16] sun.misc.Unsafe is internal proprietary API and may be removed in a future release
[WARNING] /tmp/tmpq_c9lrm0/fastlogger/src/main/java/com/db/logger/api/impl/logger/buffer/PlainCircularLongsBuffer.java:[4,16] sun.misc.Unsafe is internal proprietary API and may be removed in a future release
[WARNING] /tmp/tmpq_c9lrm0/fastlogger/src/main/java/com/db/logger/api/impl/logger/UnsafeHelper.java:[8,16] sun.misc.Unsafe is internal proprietary API and may be removed in a future release
[WARNING] /tmp/tmpq_c9lrm0/fastlogger/src/main/java/com/db/logger/api/impl/logger/buffer/UnsafeCircularLongsBuffer.java:[6,16] sun.misc.Unsafe is internal proprietary API and may be removed in a future release
[WARNING] /tmp/tmpq_c9lrm0/fastlogger/src/main/java/com/db/logger/api/impl/logger/buffer/UnsafeLongsArray.java:[6,16] sun.misc.Unsafe is internal proprietary API and may be removed in a future release
[WARNING] /tmp/tmpq_c9lrm0/fastlogger/src/main/java/com/db/logger/benchmarks/helpers/UnsafeAtomicBenchmark.java:[12,16] sun.misc.Unsafe is internal proprietary API and may be removed in a future release
[WARNING] /tmp/tmpq_c9lrm0/fastlogger/src/main/java/com/db/logger/api/impl/logger/buffer/DirectMemoryLongsBuffer.java:[6,16] sun.misc.Unsafe is internal proprietary API and may be removed in a future release
[WARNING] /tmp/tmpq_c9lrm0/fastlogger/src/main/java/com/db/logger/api/impl/logger/buffer/DirectMemoryLongsBuffer.java:[7,18] sun.nio.ch.DirectBuffer is internal proprietary API and may be removed in a future release
[WARNING] /tmp/tmpq_c9lrm0/fastlogger/src/main/java/com/db/logger/api/impl/logger/Sequencer.java:[5,16] sun.misc.Unsafe is internal proprietary API and may be removed in a future release
[WARNING] /tmp/tmpq_c9lrm0/fastlogger/src/main/java/com/db/logger/api/impl/logger/buffer/PlainCircularLongsBuffer.java:[4,16] sun.misc.Unsafe is internal proprietary API and may be removed in a future release
[WARNING] /tmp/tmpq_c9lrm0/fastlogger/src/main/java/com/db/logger/api/impl/logger/UnsafeHelper.java:[8,16] sun.misc.Unsafe is internal proprietary API and may be removed in a future release
[WARNING] /tmp/tmpq_c9lrm0/fastlogger/src/main/java/com/db/logger/api/impl/logger/buffer/UnsafeCircularLongsBuffer.java:[6,16] sun.misc.Unsafe is internal proprietary API and may be removed in a future release
[WARNING] /tmp/tmpq_c9lrm0/fastlogger/src/main/java/com/db/logger/api/impl/logger/buffer/UnsafeLongsArray.java:[6,16] sun.misc.Unsafe is internal proprietary API and may be removed in a future release
[WARNING] /tmp/tmpq_c9lrm0/fastlogger/src/main/java/com/db/logger/benchmarks/helpers/UnsafeAtomicBenchmark.java:[12,16] sun.misc.Unsafe is internal proprietary API and may be removed in a future release
[WARNING] /tmp/tmpq_c9lrm0/fastlogger/src/main/java/com/db/logger/api/impl/logger/buffer/DirectMemoryLongsBuffer.java:[6,16] sun.misc.Unsafe is internal proprietary API and may be removed in a future release
[WARNING] /tmp/tmpq_c9lrm0/fastlogger/src/main/java/com/db/logger/api/impl/logger/buffer/DirectMemoryLongsBuffer.java:[7,18] sun.nio.ch.DirectBuffer is internal proprietary API and may be removed in a future release
[WARNING] /tmp/tmpq_c9lrm0/fastlogger/src/main/java/com/db/logger/api/impl/logger/Sequencer.java:[5,16] sun.misc.Unsafe is internal proprietary API and may be removed in a future release
[WARNING] /tmp/tmpq_c9lrm0/fastlogger/src/main/java/com/db/logger/api/impl/logger/buffer/PlainCircularLongsBuffer.java:[4,16] sun.misc.Unsafe is internal proprietary API and may be removed in a future release
[WARNING] /tmp/tmpq_c9lrm0/fastlogger/src/main/java/com/db/logger/api/impl/logger/UnsafeHelper.java:[8,16] sun.misc.Unsafe is internal proprietary API and may be removed in a future release
[WARNING] /tmp/tmpq_c9lrm0/fastlogger/src/main/java/com/db/logger/api/impl/logger/buffer/UnsafeCircularLongsBuffer.java:[6,16] sun.misc.Unsafe is internal proprietary API and may be removed in a future release
[WARNING] /tmp/tmpq_c9lrm0/fastlogger/src/main/java/com/db/logger/api/impl/logger/buffer/UnsafeLongsArray.java:[6,16] sun.misc.Unsafe is internal proprietary API and may be removed in a future release
[WARNING] /tmp/tmpq_c9lrm0/fastlogger/src/main/java/com/db/logger/benchmarks/helpers/UnsafeAtomicBenchmark.java:[12,16] sun.misc.Unsafe is internal proprietary API and may be removed in a future release
[WARNING] /tmp/tmpq_c9lrm0/fastlogger/src/main/java/com/db/logger/api/impl/logger/buffer/DirectMemoryLongsBuffer.java:[6,16] sun.misc.Unsafe is internal proprietary API and may be removed in a future release
[WARNING] /tmp/tmpq_c9lrm0/fastlogger/src/main/java/com/db/logger/api/impl/logger/buffer/DirectMemoryLongsBuffer.java:[7,18] sun.nio.ch.DirectBuffer is internal proprietary API and may be removed in a future release
[WARNING] /tmp/tmpq_c9lrm0/fastlogger/src/main/java/com/db/logger/api/impl/logger/Sequencer.java:[5,16] sun.misc.Unsafe is internal proprietary API and may be removed in a future release
[WARNING] /tmp/tmpq_c9lrm0/fastlogger/src/main/java/com/db/logger/api/impl/logger/buffer/PlainCircularLongsBuffer.java:[4,16] sun.misc.Unsafe is internal proprietary API and may be removed in a future release
[WARNING] /tmp/tmpq_c9lrm0/fastlogger/src/main/java/com/db/logger/api/impl/logger/UnsafeHelper.java:[8,16] sun.misc.Unsafe is internal proprietary API and may be removed in a future release
[WARNING] /tmp/tmpq_c9lrm0/fastlogger/src/main/java/com/db/logger/api/impl/logger/buffer/UnsafeCircularLongsBuffer.java:[6,16] sun.misc.Unsafe is internal proprietary API and may be removed in a future release
[WARNING] /tmp/tmpq_c9lrm0/fastlogger/src/main/java/com/db/logger/api/impl/logger/buffer/UnsafeLongsArray.java:[6,16] sun.misc.Unsafe is internal proprietary API and may be removed in a future release
[WARNING] /tmp/tmpq_c9lrm0/fastlogger/src/main/java/com/db/logger/benchmarks/helpers/UnsafeAtomicBenchmark.java:[12,16] sun.misc.Unsafe is internal proprietary API and may be removed in a future release
[WARNING] /tmp/tmpq_c9lrm0/fastlogger/src/main/java/com/db/logger/api/impl/logger/buffer/DirectMemoryLongsBuffer.java:[6,16] sun.misc.Unsafe is internal proprietary API and may be removed in a future release
[WARNING] /tmp/tmpq_c9lrm0/fastlogger/src/main/java/com/db/logger/api/impl/logger/buffer/DirectMemoryLongsBuffer.java:[7,18] sun.nio.ch.DirectBuffer is internal proprietary API and may be removed in a future release
[WARNING] /tmp/tmpq_c9lrm0/fastlogger/src/main/java/com/db/logger/api/impl/logger/Sequencer.java:[17,32] sun.misc.Unsafe is internal proprietary API and may be removed in a future release
[WARNING] /tmp/tmpq_c9lrm0/fastlogger/src/main/java/com/db/logger/api/impl/logger/buffer/PlainCircularLongsBuffer.java:[72,30] sun.misc.Unsafe is internal proprietary API and may be removed in a future release
[WARNING] /tmp/tmpq_c9lrm0/fastlogger/src/main/java/com/db/logger/api/impl/logger/UnsafeHelper.java:[15,30] sun.misc.Unsafe is internal proprietary API and may be removed in a future release
[WARNING] /tmp/tmpq_c9lrm0/fastlogger/src/main/java/com/db/logger/api/impl/logger/UnsafeHelper.java:[20,54] sun.misc.Unsafe is internal proprietary API and may be removed in a future release
[WARNING] /tmp/tmpq_c9lrm0/fastlogger/src/main/java/com/db/logger/api/impl/logger/UnsafeHelper.java:[22,48] sun.misc.Unsafe is internal proprietary API and may be removed in a future release
[WARNING] /tmp/tmpq_c9lrm0/fastlogger/src/main/java/com/db/logger/api/impl/logger/UnsafeHelper.java:[24,73] sun.misc.Unsafe is internal proprietary API and may be removed in a future release
[WARNING] /tmp/tmpq_c9lrm0/fastlogger/src/main/java/com/db/logger/api/impl/logger/UnsafeHelper.java:[26,66] sun.misc.Unsafe is internal proprietary API and may be removed in a future release
[WARNING] /tmp/tmpq_c9lrm0/fastlogger/src/main/java/com/db/logger/api/impl/logger/UnsafeHelper.java:[34,23] sun.misc.Unsafe is internal proprietary API and may be removed in a future release
[WARNING] /tmp/tmpq_c9lrm0/fastlogger/src/main/java/com/db/logger/api/impl/logger/buffer/UnsafeCircularLongsBuffer.java:[77,30] sun.misc.Unsafe is internal proprietary API and may be removed in a future release
[WARNING] /tmp/tmpq_c9lrm0/fastlogger/src/main/java/com/db/logger/api/impl/logger/buffer/UnsafeLongsArray.java:[70,30] sun.misc.Unsafe is internal proprietary API and may be removed in a future release
[WARNING] /tmp/tmpq_c9lrm0/fastlogger/src/main/java/com/db/logger/benchmarks/helpers/UnsafeAtomicBenchmark.java:[28,29] sun.misc.Unsafe is internal proprietary API and may be removed in a future release
[WARNING] /tmp/tmpq_c9lrm0/fastlogger/src/main/java/com/db/logger/api/impl/logger/buffer/DirectMemoryLongsBuffer.java:[38,36] sun.nio.ch.DirectBuffer is internal proprietary API and may be removed in a future release
[WARNING] /tmp/tmpq_c9lrm0/fastlogger/src/main/java/com/db/logger/api/impl/logger/buffer/DirectMemoryLongsBuffer.java:[81,30] sun.misc.Unsafe is internal proprietary API and may be removed in a future release
[WARNING] /tmp/tmpq_c9lrm0/fastlogger/target/generated-sources/annotations/com/db/logger/benchmarks/helpers/generated/MCSDSequencerBenchmark.java: Some input files use unchecked or unsafe operations.
[WARNING] /tmp/tmpq_c9lrm0/fastlogger/target/generated-sources/annotations/com/db/logger/benchmarks/helpers/generated/MCSDSequencerBenchmark.java: Recompile with -Xlint:unchecked for details.
[INFO] 
[INFO] --- maven-resources-plugin:2.6:testResources (default-testResources) @ logger ---
[INFO] Using 'UTF-8' encoding to copy filtered resources.
[INFO] skip non existing resourceDirectory /tmp/tmpq_c9lrm0/fastlogger/src/test/resources
[INFO] 
[INFO] --- maven-compiler-plugin:3.1:testCompile (default-testCompile) @ logger ---
[INFO] Changes detected - recompiling the module!
[INFO] Compiling 8 source files to /tmp/tmpq_c9lrm0/fastlogger/target/test-classes
[INFO] 
[INFO] --- maven-surefire-plugin:2.19.1:test (default-test) @ logger ---
[INFO] Surefire report directory: /tmp/tmpq_c9lrm0/fastlogger/target/surefire-reports

-------------------------------------------------------
 T E S T S
-------------------------------------------------------
Running com.db.logger.api.impl.logger.DirectMemoryLongBufferTest
Tests run: 48, Failures: 0, Errors: 0, Skipped: 0, Time elapsed: 0.505 sec - in com.db.logger.api.impl.logger.DirectMemoryLongBufferTest
Running com.db.logger.api.impl.logger.MessagesCatalogTest
Tests run: 2, Failures: 0, Errors: 0, Skipped: 0, Time elapsed: 0.003 sec - in com.db.logger.api.impl.logger.MessagesCatalogTest
Running com.db.logger.api.impl.logger.MCSDSequencerTest
Tests run: 10, Failures: 0, Errors: 0, Skipped: 0, Time elapsed: 0.015 sec - in com.db.logger.api.impl.logger.MCSDSequencerTest
Running com.db.logger.api.impl.logger.UnsafeLongBufferTest
Tests run: 48, Failures: 0, Errors: 0, Skipped: 0, Time elapsed: 0.15 sec - in com.db.logger.api.impl.logger.UnsafeLongBufferTest
Running com.db.logger.api.impl.logger.PlainLongBufferTest
Tests run: 48, Failures: 0, Errors: 0, Skipped: 0, Time elapsed: 0.136 sec - in com.db.logger.api.impl.logger.PlainLongBufferTest
Running com.db.logger.api.impl.logger.SCSDSequencerTest
Tests run: 10, Failures: 0, Errors: 0, Skipped: 0, Time elapsed: 0.003 sec - in com.db.logger.api.impl.logger.SCSDSequencerTest

Results :

Tests run: 166, Failures: 0, Errors: 0, Skipped: 0

[INFO] 
[INFO] --- jacoco-maven-plugin:0.8.5:report (report) @ logger ---
[INFO] Loading execution data file /tmp/tmpq_c9lrm0/fastlogger/target/jacoco.exec
[INFO] Analyzed bundle 'FastLogger' with 341 classes
[INFO] ------------------------------------------------------------------------
[INFO] BUILD SUCCESS
[INFO] ------------------------------------------------------------------------
[INFO] Total time:  01:17 min
[INFO] Finished at: 2020-07-30T20:42:54Z
[INFO] ------------------------------------------------------------------------
