[INFO] Error stacktraces are turned on.
[INFO] Scanning for projects...
[INFO] 
[INFO] ---------------< com.github.orogvany:bip32-ed25519-java >---------------
[INFO] Building bip32-ed25519-java 1.0.0-SNAPSHOT
[INFO] --------------------------------[ jar ]---------------------------------
[INFO] 
[INFO] --- jacoco-maven-plugin:0.8.5:prepare-agent (default) @ bip32-ed25519-java ---
[INFO] argLine set to -javaagent:/home/jdbl/.m2/repository/org/jacoco/org.jacoco.agent/0.8.5/org.jacoco.agent-0.8.5-runtime.jar=destfile=/tmp/tmp3b7s9g72/BIP32-Ed25519-java/target/jacoco.exec
[INFO] 
[INFO] --- maven-resources-plugin:2.6:resources (default-resources) @ bip32-ed25519-java ---
[WARNING] Using platform encoding (UTF-8 actually) to copy filtered resources, i.e. build is platform dependent!
[INFO] Copying 6 resources
[INFO] 
[INFO] --- maven-compiler-plugin:3.7.0:compile (default-compile) @ bip32-ed25519-java ---
[INFO] Changes detected - recompiling the module!
[WARNING] File encoding has not been set, using platform encoding UTF-8, i.e. build is platform dependent!
[INFO] Compiling 19 source files to /tmp/tmp3b7s9g72/BIP32-Ed25519-java/target/classes
[INFO] 
[INFO] --- maven-resources-plugin:2.6:testResources (default-testResources) @ bip32-ed25519-java ---
[WARNING] Using platform encoding (UTF-8 actually) to copy filtered resources, i.e. build is platform dependent!
[INFO] Copying 1 resource
[INFO] 
[INFO] --- maven-compiler-plugin:3.7.0:testCompile (default-testCompile) @ bip32-ed25519-java ---
[INFO] Changes detected - recompiling the module!
[WARNING] File encoding has not been set, using platform encoding UTF-8, i.e. build is platform dependent!
[INFO] Compiling 13 source files to /tmp/tmp3b7s9g72/BIP32-Ed25519-java/target/test-classes
[INFO] 
[INFO] --- maven-surefire-plugin:2.19.1:test (default-test) @ bip32-ed25519-java ---
[INFO] Surefire report directory: /tmp/tmp3b7s9g72/BIP32-Ed25519-java/target/surefire-reports

-------------------------------------------------------
 T E S T S
-------------------------------------------------------
Running com.github.orogvany.bip32.PublicKeyChainTest
Tests run: 1, Failures: 0, Errors: 0, Skipped: 0, Time elapsed: 0.379 sec - in com.github.orogvany.bip32.PublicKeyChainTest
Running com.github.orogvany.bip32.VectorOneTest
Tests run: 8, Failures: 0, Errors: 0, Skipped: 0, Time elapsed: 0.034 sec - in com.github.orogvany.bip32.VectorOneTest
Running com.github.orogvany.bip32.SlipVectorOneTest
Tests run: 5, Failures: 0, Errors: 0, Skipped: 0, Time elapsed: 0.035 sec - in com.github.orogvany.bip32.SlipVectorOneTest
Running com.github.orogvany.bip32.VectorTwoTest
Tests run: 5, Failures: 0, Errors: 0, Skipped: 0, Time elapsed: 0.009 sec - in com.github.orogvany.bip32.VectorTwoTest
Running com.github.orogvany.bip32.BitUtilTest
Tests run: 3, Failures: 0, Errors: 0, Skipped: 0, Time elapsed: 0.001 sec - in com.github.orogvany.bip32.BitUtilTest
Running com.github.orogvany.bip32.VectorThreeTest
Tests run: 3, Failures: 0, Errors: 0, Skipped: 0, Time elapsed: 0.004 sec - in com.github.orogvany.bip32.VectorThreeTest
Running com.github.orogvany.bip32.Bip44Test
Tests run: 2, Failures: 0, Errors: 0, Skipped: 0, Time elapsed: 0.016 sec - in com.github.orogvany.bip32.Bip44Test
Running com.github.orogvany.bip39.VectorTest
Tests run: 1, Failures: 0, Errors: 0, Skipped: 0, Time elapsed: 0.672 sec - in com.github.orogvany.bip39.VectorTest
Running com.github.orogvany.bip39.MnemonicGeneratorTest
Tests run: 1, Failures: 0, Errors: 0, Skipped: 0, Time elapsed: 0.019 sec - in com.github.orogvany.bip39.MnemonicGeneratorTest

Results :

Tests run: 29, Failures: 0, Errors: 0, Skipped: 0

[INFO] 
[INFO] --- jacoco-maven-plugin:0.8.5:report (report) @ bip32-ed25519-java ---
[INFO] Loading execution data file /tmp/tmp3b7s9g72/BIP32-Ed25519-java/target/jacoco.exec
[INFO] Analyzed bundle 'bip32-ed25519-java' with 46 classes
[INFO] ------------------------------------------------------------------------
[INFO] BUILD SUCCESS
[INFO] ------------------------------------------------------------------------
[INFO] Total time:  7.110 s
[INFO] Finished at: 2020-07-30T19:07:32Z
[INFO] ------------------------------------------------------------------------
