[INFO] Error stacktraces are turned on.
[INFO] Scanning for projects...
[INFO] 
[INFO] -------------------< com.google.api-ads:aw-alerting >-------------------
[INFO] Building aw-alerting 0.7.0
[INFO] --------------------------------[ jar ]---------------------------------
[INFO] 
[INFO] --- jacoco-maven-plugin:0.8.5:prepare-agent (default) @ aw-alerting ---
[INFO] argLine set to -javaagent:/home/jdbl/.m2/repository/org/jacoco/org.jacoco.agent/0.8.5/org.jacoco.agent-0.8.5-runtime.jar=destfile=/tmp/tmpvm59vh67/adwords-alerting/target/jacoco.exec
[INFO] 
[INFO] --- maven-resources-plugin:2.6:resources (default-resources) @ aw-alerting ---
[INFO] Using 'UTF-8' encoding to copy filtered resources.
[INFO] Copying 41 resources
[INFO] Copying 4 resources
[INFO] 
[INFO] --- maven-compiler-plugin:3.7.0:compile (default-compile) @ aw-alerting ---
[INFO] Changes detected - recompiling the module!
[INFO] Compiling 41 source files to /tmp/tmpvm59vh67/adwords-alerting/target/classes
[INFO] /tmp/tmpvm59vh67/adwords-alerting/src/main/java/com/google/api/ads/adwords/awalerting/report/ReportDataLoader.java: /tmp/tmpvm59vh67/adwords-alerting/src/main/java/com/google/api/ads/adwords/awalerting/report/ReportDataLoader.java uses unchecked or unsafe operations.
[INFO] /tmp/tmpvm59vh67/adwords-alerting/src/main/java/com/google/api/ads/adwords/awalerting/report/ReportDataLoader.java: Recompile with -Xlint:unchecked for details.
[INFO] 
[INFO] --- maven-resources-plugin:2.6:testResources (default-testResources) @ aw-alerting ---
[INFO] Using 'UTF-8' encoding to copy filtered resources.
[INFO] Copying 3 resources to com/google/api/ads/adwords/awalerting/util/resources
[INFO] 
[INFO] --- maven-compiler-plugin:3.7.0:testCompile (default-testCompile) @ aw-alerting ---
[INFO] Changes detected - recompiling the module!
[INFO] Compiling 17 source files to /tmp/tmpvm59vh67/adwords-alerting/target/test-classes
[INFO] 
[INFO] --- maven-surefire-plugin:2.19.1:test (default-test) @ aw-alerting ---
[INFO] Surefire report directory: /tmp/tmpvm59vh67/adwords-alerting/target/surefire-reports

-------------------------------------------------------
 T E S T S
-------------------------------------------------------
Running com.google.api.ads.adwords.awalerting.AwAlertingTest
Tests run: 1, Failures: 0, Errors: 0, Skipped: 0, Time elapsed: 0.383 sec - in com.google.api.ads.adwords.awalerting.AwAlertingTest
Running com.google.api.ads.adwords.awalerting.report.ReportDataTest
Tests run: 1, Failures: 0, Errors: 0, Skipped: 0, Time elapsed: 0 sec - in com.google.api.ads.adwords.awalerting.report.ReportDataTest
Running com.google.api.ads.adwords.awalerting.report.AwqlReportQueryTest
Tests run: 1, Failures: 0, Errors: 0, Skipped: 0, Time elapsed: 0.045 sec - in com.google.api.ads.adwords.awalerting.report.AwqlReportQueryTest
Running com.google.api.ads.adwords.awalerting.util.MoneyUtilTest
Tests run: 1, Failures: 0, Errors: 0, Skipped: 0, Time elapsed: 0.007 sec - in com.google.api.ads.adwords.awalerting.util.MoneyUtilTest
Running com.google.api.ads.adwords.awalerting.sampleimpl.downloader.AwReportDefinitionDownloaderTest
Tests run: 1, Failures: 0, Errors: 0, Skipped: 0, Time elapsed: 0.541 sec - in com.google.api.ads.adwords.awalerting.sampleimpl.downloader.AwReportDefinitionDownloaderTest
Running com.google.api.ads.adwords.awalerting.sampleimpl.downloader.AwqlReportDownloaderTest
[30 Jul 2020 22:51:07,006-AwqlReportDownloader:INFO:main] Downloading ACCOUNT_PERFORMANCE_REPORT reports...
Running CallableAwqlReportDownloader on tid 25
Running CallableAwqlReportDownloader on tid 26
Running CallableAwqlReportDownloader on tid 27
Running CallableAwqlReportDownloader on tid 28
Running CallableAwqlReportDownloader on tid 29
Running CallableAwqlReportDownloader on tid 30
Running CallableAwqlReportDownloader on tid 31
Running CallableAwqlReportDownloader on tid 33
Running CallableAwqlReportDownloader on tid 32
Running CallableAwqlReportDownloader on tid 34
Running CallableAwqlReportDownloader on tid 35
Running CallableAwqlReportDownloader on tid 36
Running CallableAwqlReportDownloader on tid 38
Running CallableAwqlReportDownloader on tid 37
Running CallableAwqlReportDownloader on tid 39
Running CallableAwqlReportDownloader on tid 40
Running CallableAwqlReportDownloader on tid 42
Running CallableAwqlReportDownloader on tid 41
Running CallableAwqlReportDownloader on tid 43
Running CallableAwqlReportDownloader on tid 25
Running CallableAwqlReportDownloader on tid 25
Running CallableAwqlReportDownloader on tid 26
Running CallableAwqlReportDownloader on tid 25
Running CallableAwqlReportDownloader on tid 26
Running CallableAwqlReportDownloader on tid 25
Running CallableAwqlReportDownloader on tid 26
Running CallableAwqlReportDownloader on tid 25
Running CallableAwqlReportDownloader on tid 27
Running CallableAwqlReportDownloader on tid 28
Running CallableAwqlReportDownloader on tid 26
Running CallableAwqlReportDownloader on tid 27
Running CallableAwqlReportDownloader on tid 28
Running CallableAwqlReportDownloader on tid 26
Running CallableAwqlReportDownloader on tid 27
Running CallableAwqlReportDownloader on tid 28
Running CallableAwqlReportDownloader on tid 26
Running CallableAwqlReportDownloader on tid 28
Running CallableAwqlReportDownloader on tid 26
Running CallableAwqlReportDownloader on tid 28
Running CallableAwqlReportDownloader on tid 26
Running CallableAwqlReportDownloader on tid 28
Running CallableAwqlReportDownloader on tid 26
Running CallableAwqlReportDownloader on tid 28
Running CallableAwqlReportDownloader on tid 26
Running CallableAwqlReportDownloader on tid 28
Running CallableAwqlReportDownloader on tid 26
Running CallableAwqlReportDownloader on tid 28
Running CallableAwqlReportDownloader on tid 26
Running CallableAwqlReportDownloader on tid 28
Running CallableAwqlReportDownloader on tid 26
Running CallableAwqlReportDownloader on tid 28
Running CallableAwqlReportDownloader on tid 28
Running CallableAwqlReportDownloader on tid 28
Running CallableAwqlReportDownloader on tid 27
Running CallableAwqlReportDownloader on tid 28
Running CallableAwqlReportDownloader on tid 30
Running CallableAwqlReportDownloader on tid 30
Running CallableAwqlReportDownloader on tid 30
Running CallableAwqlReportDownloader on tid 30
Running CallableAwqlReportDownloader on tid 30
Running CallableAwqlReportDownloader on tid 30
Running CallableAwqlReportDownloader on tid 30
Running CallableAwqlReportDownloader on tid 30
Running CallableAwqlReportDownloader on tid 30
Running CallableAwqlReportDownloader on tid 30
Running CallableAwqlReportDownloader on tid 30
Running CallableAwqlReportDownloader on tid 44
Running CallableAwqlReportDownloader on tid 44
Running CallableAwqlReportDownloader on tid 44
Running CallableAwqlReportDownloader on tid 44
Running CallableAwqlReportDownloader on tid 44
Running CallableAwqlReportDownloader on tid 44
Running CallableAwqlReportDownloader on tid 44
Running CallableAwqlReportDownloader on tid 44
Running CallableAwqlReportDownloader on tid 44
Running CallableAwqlReportDownloader on tid 44
Running CallableAwqlReportDownloader on tid 44
Running CallableAwqlReportDownloader on tid 44
Running CallableAwqlReportDownloader on tid 44
Running CallableAwqlReportDownloader on tid 44
Running CallableAwqlReportDownloader on tid 44
Running CallableAwqlReportDownloader on tid 44
Running CallableAwqlReportDownloader on tid 44
Running CallableAwqlReportDownloader on tid 44
Running CallableAwqlReportDownloader on tid 44
Running CallableAwqlReportDownloader on tid 44
Running CallableAwqlReportDownloader on tid 44
Running CallableAwqlReportDownloader on tid 44
Running CallableAwqlReportDownloader on tid 44
Running CallableAwqlReportDownloader on tid 44
Running CallableAwqlReportDownloader on tid 44
Running CallableAwqlReportDownloader on tid 44
Running CallableAwqlReportDownloader on tid 44
Running CallableAwqlReportDownloader on tid 44
Running CallableAwqlReportDownloader on tid 44
Running CallableAwqlReportDownloader on tid 44
Running CallableAwqlReportDownloader on tid 29
Running CallableAwqlReportDownloader on tid 30
Running CallableAwqlReportDownloader on tid 27
Running CallableAwqlReportDownloader on tid 28
[30 Jul 2020 22:51:07,071-AwqlReportDownloader:INFO:main] Downloaded reports for 100 accounts in 0 seconds.
[30 Jul 2020 22:51:07,072-AwqlReportDownloader:INFO:main] Result: 100 successes, 0 failures.
Tests run: 1, Failures: 0, Errors: 0, Skipped: 0, Time elapsed: 0.077 sec - in com.google.api.ads.adwords.awalerting.sampleimpl.downloader.AwqlReportDownloaderTest
Running com.google.api.ads.adwords.awalerting.sampleimpl.downloader.AlertReportDownloaderTest
Tests run: 1, Failures: 0, Errors: 0, Skipped: 0, Time elapsed: 0 sec - in com.google.api.ads.adwords.awalerting.sampleimpl.downloader.AlertReportDownloaderTest
Running com.google.api.ads.adwords.awalerting.sampleimpl.downloader.CallableAwqlReportDownloaderTest
Tests run: 1, Failures: 0, Errors: 0, Skipped: 0, Time elapsed: 0.017 sec - in com.google.api.ads.adwords.awalerting.sampleimpl.downloader.CallableAwqlReportDownloaderTest
Running com.google.api.ads.adwords.awalerting.sampleimpl.rule.AlertRulesTest
Tests run: 1, Failures: 0, Errors: 0, Skipped: 0, Time elapsed: 0.003 sec - in com.google.api.ads.adwords.awalerting.sampleimpl.rule.AlertRulesTest
Running com.google.api.ads.adwords.awalerting.sampleimpl.action.AlertActionsTest
Tests run: 1, Failures: 0, Errors: 0, Skipped: 0, Time elapsed: 0.006 sec - in com.google.api.ads.adwords.awalerting.sampleimpl.action.AlertActionsTest
Running com.google.api.ads.adwords.awalerting.processor.RunnableAlertRulesProcessorTest
Tests run: 3, Failures: 0, Errors: 0, Skipped: 0, Time elapsed: 0.146 sec - in com.google.api.ads.adwords.awalerting.processor.RunnableAlertRulesProcessorTest
Running com.google.api.ads.adwords.awalerting.processor.AlertProcessorTest
[30 Jul 2020 22:51:07,302-AlertProcessor:INFO:main] *** Generating alert #1 (name: "Alert #1") for 0 accounts ***
[30 Jul 2020 22:51:07,314-AlertProcessor:INFO:main] No reports to process!
[30 Jul 2020 22:51:07,314-AlertProcessor:INFO:main] *** Generating alert #2 (name: "Alert #2") for 0 accounts ***
[30 Jul 2020 22:51:07,315-AlertProcessor:INFO:main] No reports to process!
[30 Jul 2020 22:51:07,315-AlertProcessor:INFO:main] *** Finished all processing in 0 seconds ***
Tests run: 1, Failures: 0, Errors: 0, Skipped: 0, Time elapsed: 0.049 sec - in com.google.api.ads.adwords.awalerting.processor.AlertProcessorTest
Running com.google.api.ads.adwords.awalerting.processor.AlertRulesProcessorTest
[30 Jul 2020 22:51:07,352-AlertRulesProcessor:INFO:main] *** Processed 3 rules and add alert messages on 10 reports in 0 seconds.
Tests run: 2, Failures: 0, Errors: 0, Skipped: 0, Time elapsed: 0.034 sec - in com.google.api.ads.adwords.awalerting.processor.AlertRulesProcessorTest
Running com.google.api.ads.adwords.awalerting.processor.RunnableAlertActionProcessorTest
Tests run: 1, Failures: 0, Errors: 0, Skipped: 0, Time elapsed: 0.071 sec - in com.google.api.ads.adwords.awalerting.processor.RunnableAlertActionProcessorTest
Running com.google.api.ads.adwords.awalerting.processor.AlertActionsProcessorTest
[30 Jul 2020 22:51:07,445-AlertActionsProcessor:INFO:main] *** Processed 3 actions on 0 reports in 0 seconds.
Tests run: 2, Failures: 0, Errors: 0, Skipped: 0, Time elapsed: 0.02 sec - in com.google.api.ads.adwords.awalerting.processor.AlertActionsProcessorTest
Running com.google.api.ads.adwords.awalerting.processor.AlertReportDownloaderProcessorTest
Tests run: 2, Failures: 0, Errors: 0, Skipped: 0, Time elapsed: 0.023 sec - in com.google.api.ads.adwords.awalerting.processor.AlertReportDownloaderProcessorTest

Results :

Tests run: 21, Failures: 0, Errors: 0, Skipped: 0

[INFO] 
[INFO] --- jacoco-maven-plugin:0.8.5:report (report) @ aw-alerting ---
[INFO] Loading execution data file /tmp/tmpvm59vh67/adwords-alerting/target/jacoco.exec
[INFO] Analyzed bundle 'aw-alerting' with 295 classes
[INFO] ------------------------------------------------------------------------
[INFO] BUILD SUCCESS
[INFO] ------------------------------------------------------------------------
[INFO] Total time:  01:51 min
[INFO] Finished at: 2020-07-30T22:51:09Z
[INFO] ------------------------------------------------------------------------
