[INFO] Error stacktraces are turned on.
[INFO] Scanning for projects...
[INFO] Inspecting build with total of 1 modules...
[INFO] Installing Nexus Staging features:
[INFO]   ... total of 1 executions of maven-deploy-plugin replaced with nexus-staging-maven-plugin
[INFO] 
[INFO] -------------------------< org.jfree:jcommon >--------------------------
[INFO] Building JCommon 1.0.23
[INFO] --------------------------------[ jar ]---------------------------------
[INFO] 
[INFO] --- maven-enforcer-plugin:1.2:enforce (enforce-maven) @ jcommon ---
[INFO] 
[INFO] --- maven-resources-plugin:2.6:resources (default-resources) @ jcommon ---
[INFO] Using 'UTF-8' encoding to copy filtered resources.
[INFO] Copying 9 resources
[INFO] 
[INFO] --- maven-compiler-plugin:3.1:compile (default-compile) @ jcommon ---
[INFO] Changes detected - recompiling the module!
[INFO] Compiling 314 source files to /tmp/tmp1p23zm3n/jcommon/target/classes
[WARNING] /tmp/tmp1p23zm3n/jcommon/src/main/java/org/jfree/xml/generator/DescriptionGenerator.java: Some input files use or override a deprecated API.
[WARNING] /tmp/tmp1p23zm3n/jcommon/src/main/java/org/jfree/xml/generator/DescriptionGenerator.java: Recompile with -Xlint:deprecation for details.
[WARNING] /tmp/tmp1p23zm3n/jcommon/src/main/java/org/jfree/xml/factory/objects/AbstractObjectDescription.java: Some input files use unchecked or unsafe operations.
[WARNING] /tmp/tmp1p23zm3n/jcommon/src/main/java/org/jfree/xml/factory/objects/AbstractObjectDescription.java: Recompile with -Xlint:unchecked for details.
[INFO] 
[INFO] --- maven-resources-plugin:2.6:testResources (default-testResources) @ jcommon ---
[INFO] Using 'UTF-8' encoding to copy filtered resources.
[INFO] skip non existing resourceDirectory /tmp/tmp1p23zm3n/jcommon/src/test/resources
[INFO] 
[INFO] --- maven-compiler-plugin:3.1:testCompile (default-testCompile) @ jcommon ---
[INFO] Changes detected - recompiling the module!
[INFO] Compiling 44 source files to /tmp/tmp1p23zm3n/jcommon/target/test-classes
[WARNING] /tmp/tmp1p23zm3n/jcommon/src/test/java/org/jfree/util/ObjectUtilitiesTest.java: /tmp/tmp1p23zm3n/jcommon/src/test/java/org/jfree/util/ObjectUtilitiesTest.java uses unchecked or unsafe operations.
[WARNING] /tmp/tmp1p23zm3n/jcommon/src/test/java/org/jfree/util/ObjectUtilitiesTest.java: Recompile with -Xlint:unchecked for details.
[INFO] 
[INFO] --- maven-surefire-plugin:2.10:test (default-test) @ jcommon ---
[INFO] Surefire report directory: /tmp/tmp1p23zm3n/jcommon/target/surefire-reports

-------------------------------------------------------
 T E S T S
-------------------------------------------------------
Running org.jfree.util.ObjectListTest
Tests run: 5, Failures: 0, Errors: 0, Skipped: 0, Time elapsed: 0.078 sec
Running org.jfree.util.PaintListTest
Tests run: 5, Failures: 0, Errors: 0, Skipped: 0, Time elapsed: 0.001 sec
Running org.jfree.util.ShapeUtilitiesTest
Tests run: 4, Failures: 0, Errors: 0, Skipped: 0, Time elapsed: 0.002 sec
Running org.jfree.util.ObjectUtilitiesTest
Tests run: 2, Failures: 0, Errors: 0, Skipped: 0, Time elapsed: 0 sec
Running org.jfree.util.ShapeListTest
Tests run: 3, Failures: 0, Errors: 0, Skipped: 0, Time elapsed: 0.002 sec
Running org.jfree.util.RotationTest
Tests run: 2, Failures: 0, Errors: 0, Skipped: 0, Time elapsed: 0.001 sec
Running org.jfree.util.BooleanListTest
Tests run: 3, Failures: 0, Errors: 0, Skipped: 0, Time elapsed: 0.002 sec
Running org.jfree.util.UnitTypeTest
Tests run: 2, Failures: 0, Errors: 0, Skipped: 0, Time elapsed: 0 sec
Running org.jfree.util.ArrayUtilitiesTest
Tests run: 2, Failures: 0, Errors: 0, Skipped: 0, Time elapsed: 0 sec
Running org.jfree.util.SortOrderTest
Tests run: 2, Failures: 0, Errors: 0, Skipped: 0, Time elapsed: 0.001 sec
Running org.jfree.util.AttributedStringUtilitiesTest
Tests run: 1, Failures: 0, Errors: 0, Skipped: 0, Time elapsed: 0.001 sec
Running org.jfree.util.LogTest
Tests run: 3, Failures: 0, Errors: 0, Skipped: 0, Time elapsed: 0 sec
Running org.jfree.util.PaintUtilitiesTest
Tests run: 1, Failures: 0, Errors: 0, Skipped: 0, Time elapsed: 0 sec
Running org.jfree.util.ObjectTableTest
Tests run: 2, Failures: 0, Errors: 0, Skipped: 0, Time elapsed: 0 sec
Running org.jfree.StrokeTest
Tests run: 2, Failures: 0, Errors: 0, Skipped: 0, Time elapsed: 0 sec
Running org.jfree.ui.RectangleInsetsTest
Tests run: 4, Failures: 0, Errors: 0, Skipped: 0, Time elapsed: 0.003 sec
Running org.jfree.ui.StandardGradientPaintTransformerTest
Tests run: 2, Failures: 0, Errors: 0, Skipped: 0, Time elapsed: 0.002 sec
Running org.jfree.ui.VerticalAlignmentTest
Tests run: 2, Failures: 0, Errors: 0, Skipped: 0, Time elapsed: 0.001 sec
Running org.jfree.ui.HorizontalAlignmentTest
Tests run: 2, Failures: 0, Errors: 0, Skipped: 0, Time elapsed: 0.001 sec
Running org.jfree.ui.GradientPaintTransformTypeTest
Tests run: 2, Failures: 0, Errors: 0, Skipped: 0, Time elapsed: 0 sec
Running org.jfree.ui.LayerTest
Tests run: 2, Failures: 0, Errors: 0, Skipped: 0, Time elapsed: 0.001 sec
Running org.jfree.ui.RectangleEdgeTest
Tests run: 2, Failures: 0, Errors: 0, Skipped: 0, Time elapsed: 0.002 sec
Running org.jfree.ui.TextAnchorTest
Tests run: 2, Failures: 0, Errors: 0, Skipped: 0, Time elapsed: 0.001 sec
Running org.jfree.ui.RectangleAnchorTest
Tests run: 2, Failures: 0, Errors: 0, Skipped: 0, Time elapsed: 0.002 sec
Running org.jfree.ui.Size2DTest
Tests run: 3, Failures: 0, Errors: 0, Skipped: 0, Time elapsed: 0 sec
Running org.jfree.ui.FontChooserDialogTest
Tests run: 1, Failures: 0, Errors: 0, Skipped: 0, Time elapsed: 0.009 sec
Running org.jfree.io.IOUtilsTest
Tests run: 1, Failures: 0, Errors: 0, Skipped: 0, Time elapsed: 0.003 sec
Running org.jfree.io.SerialUtilitiesTest
Tests run: 16, Failures: 0, Errors: 0, Skipped: 0, Time elapsed: 0.028 sec
Running org.jfree.PaintTest
Tests run: 2, Failures: 0, Errors: 0, Skipped: 0, Time elapsed: 0 sec
Running org.jfree.date.SpreadsheetDateTest
Tests run: 25, Failures: 0, Errors: 0, Skipped: 0, Time elapsed: 0.018 sec
Running org.jfree.date.SerialDateUtilitiesTest
Tests run: 5, Failures: 0, Errors: 0, Skipped: 0, Time elapsed: 0 sec
Running org.jfree.date.SerialDateTest
Tests run: 21, Failures: 0, Errors: 0, Skipped: 0, Time elapsed: 0.003 sec
Running org.jfree.text.TextFragmentTest
Tests run: 2, Failures: 0, Errors: 0, Skipped: 0, Time elapsed: 0.011 sec
Running org.jfree.text.TextBlockAnchorTest
Tests run: 2, Failures: 0, Errors: 0, Skipped: 0, Time elapsed: 0.001 sec
Running org.jfree.text.TextBlockTest
Tests run: 2, Failures: 0, Errors: 0, Skipped: 0, Time elapsed: 0.004 sec
Running org.jfree.text.TextBoxTest
Tests run: 2, Failures: 0, Errors: 0, Skipped: 0, Time elapsed: 0.002 sec
Running org.jfree.text.TextLineTest
Tests run: 2, Failures: 0, Errors: 0, Skipped: 0, Time elapsed: 0 sec

Results :

Tests run: 143, Failures: 0, Errors: 0, Skipped: 0

[INFO] 
[INFO] --- maven-jar-plugin:2.4:jar (default-jar) @ jcommon ---
[INFO] Building jar: /tmp/tmp1p23zm3n/jcommon/target/jcommon-1.0.23.jar
[INFO] 
[INFO] --- maven-assembly-plugin:3.2.0:single (default) @ jcommon ---
[INFO] Building jar: /tmp/tmp1p23zm3n/jcommon/target/jcommon-1.0.23-jar-with-dependencies.jar
[INFO] ------------------------------------------------------------------------
[INFO] BUILD SUCCESS
[INFO] ------------------------------------------------------------------------
[INFO] Total time:  6.137 s
[INFO] Finished at: 2020-07-30T19:12:10Z
[INFO] ------------------------------------------------------------------------
