[INFO] Error stacktraces are turned on.
[INFO] Scanning for projects...
[INFO] 
[INFO] ----------< br.com.autonomiccs:apache-cloudstack-java-client >----------
[INFO] Building apache-cloudstack-java-client 1.0.10-SNAPSHOT
[INFO] --------------------------------[ jar ]---------------------------------
[INFO] 
[INFO] --- maven-enforcer-plugin:1.2:enforce (enforce-maven) @ apache-cloudstack-java-client ---
[INFO] 
[INFO] --- jacoco-maven-plugin:0.8.5:prepare-agent (default) @ apache-cloudstack-java-client ---
[INFO] argLine set to -javaagent:/home/jdbl/.m2/repository/org/jacoco/org.jacoco.agent/0.8.5/org.jacoco.agent-0.8.5-runtime.jar=destfile=/tmp/tmptbgaqcwj/apache-cloudstack-java-client/target/jacoco.exec
[INFO] 
[INFO] --- maven-resources-plugin:2.6:resources (default-resources) @ apache-cloudstack-java-client ---
[INFO] Using 'UTF-8' encoding to copy filtered resources.
[INFO] Copying 1 resource
[INFO] 
[INFO] --- maven-compiler-plugin:3.5.1:compile (default-compile) @ apache-cloudstack-java-client ---
[INFO] Changes detected - recompiling the module!
[INFO] Compiling 6 source files to /tmp/tmptbgaqcwj/apache-cloudstack-java-client/target/classes
[INFO] 
[INFO] --- maven-resources-plugin:2.6:testResources (default-testResources) @ apache-cloudstack-java-client ---
[INFO] Using 'UTF-8' encoding to copy filtered resources.
[INFO] skip non existing resourceDirectory /tmp/tmptbgaqcwj/apache-cloudstack-java-client/src/test/resources
[INFO] 
[INFO] --- maven-compiler-plugin:3.5.1:testCompile (default-testCompile) @ apache-cloudstack-java-client ---
[INFO] Changes detected - recompiling the module!
[INFO] Compiling 4 source files to /tmp/tmptbgaqcwj/apache-cloudstack-java-client/target/test-classes
[INFO] 
[INFO] --- maven-surefire-plugin:2.19.1:test (default-test) @ apache-cloudstack-java-client ---
[INFO] Surefire report directory: /tmp/tmptbgaqcwj/apache-cloudstack-java-client/target/surefire-reports

-------------------------------------------------------
 T E S T S
-------------------------------------------------------
Running br.com.autonomiccs.apacheCloudStack.client.ApacheCloudStackRequestTest
Tests run: 1, Failures: 0, Errors: 0, Skipped: 0, Time elapsed: 0.456 sec - in br.com.autonomiccs.apacheCloudStack.client.ApacheCloudStackRequestTest
Running br.com.autonomiccs.apacheCloudStack.client.ApacheCloudStackClientTest
SLF4J: Failed to load class "org.slf4j.impl.StaticLoggerBinder".
SLF4J: Defaulting to no-operation (NOP) logger implementation
SLF4J: See http://www.slf4j.org/codes.html#StaticLoggerBinder for further details.
Tests run: 37, Failures: 0, Errors: 0, Skipped: 0, Time elapsed: 2.334 sec - in br.com.autonomiccs.apacheCloudStack.client.ApacheCloudStackClientTest
Running br.com.autonomiccs.apacheCloudStack.client.ApacheCloudStackApiCommandParameterTest
Tests run: 5, Failures: 0, Errors: 0, Skipped: 0, Time elapsed: 0.005 sec - in br.com.autonomiccs.apacheCloudStack.client.ApacheCloudStackApiCommandParameterTest
Running br.com.autonomiccs.apacheCloudStack.client.beans.ApacheCloudStackUserTest
Tests run: 3, Failures: 0, Errors: 0, Skipped: 0, Time elapsed: 0 sec - in br.com.autonomiccs.apacheCloudStack.client.beans.ApacheCloudStackUserTest

Results :

Tests run: 46, Failures: 0, Errors: 0, Skipped: 0

[INFO] 
[INFO] --- jacoco-maven-plugin:0.8.5:report (report) @ apache-cloudstack-java-client ---
[INFO] Loading execution data file /tmp/tmptbgaqcwj/apache-cloudstack-java-client/target/jacoco.exec
[INFO] Analyzed bundle 'apache-cloudstack-java-client' with 125 classes
[INFO] ------------------------------------------------------------------------
[INFO] BUILD SUCCESS
[INFO] ------------------------------------------------------------------------
[INFO] Total time:  17.285 s
[INFO] Finished at: 2020-07-30T20:18:52Z
[INFO] ------------------------------------------------------------------------
