[INFO] Error stacktraces are turned on.
[INFO] Scanning for projects...
[INFO] 
[INFO] ----------< de.flapdoodle.embed:de.flapdoodle.embed.process >-----------
[INFO] Building Flapdoodle Embedded Process Util 3.0.0-SNAPSHOT
[INFO] -------------------------------[ bundle ]-------------------------------
[INFO] 
[INFO] --- maven-enforcer-plugin:1.4.1:enforce (enforce-maven) @ de.flapdoodle.embed.process ---
[INFO] 
[INFO] --- maven-enforcer-plugin:1.4.1:enforce (enforce-ban-duplicate-classes) @ de.flapdoodle.embed.process ---
[INFO] Adding ignore: module-info
[INFO] Adding ignore: META-INF/versions/*/module-info
[INFO] 
[INFO] --- jacoco-maven-plugin:0.8.5:prepare-agent (default) @ de.flapdoodle.embed.process ---
[INFO] argLine set to -javaagent:/home/jdbl/.m2/repository/org/jacoco/org.jacoco.agent/0.8.5/org.jacoco.agent-0.8.5-runtime.jar=destfile=/tmp/tmpa394f33z/de.flapdoodle.embed.process/target/jacoco.exec
[INFO] 
[INFO] --- maven-resources-plugin:3.1.0:resources (default-resources) @ de.flapdoodle.embed.process ---
[INFO] Using 'UTF-8' encoding to copy filtered resources.
[INFO] skip non existing resourceDirectory /tmp/tmpa394f33z/de.flapdoodle.embed.process/src/main/resources
[INFO] 
[INFO] --- maven-compiler-plugin:3.7.0:compile (default-compile) @ de.flapdoodle.embed.process ---
[INFO] Changes detected - recompiling the module!
[INFO] Compiling 104 source files to /tmp/tmpa394f33z/de.flapdoodle.embed.process/target/classes
[WARNING] /tmp/tmpa394f33z/de.flapdoodle.embed.process/src/main/java/de/flapdoodle/embed/process/store/StaticArtifactStoreBuilder.java:[29,43] de.flapdoodle.embed.process.builder.AbstractBuilder in de.flapdoodle.embed.process.builder has been deprecated
[WARNING] /tmp/tmpa394f33z/de.flapdoodle.embed.process/src/main/java/de/flapdoodle/embed/process/store/ArtifactStoreBuilder.java:[29,43] de.flapdoodle.embed.process.builder.AbstractBuilder in de.flapdoodle.embed.process.builder has been deprecated
[WARNING] /tmp/tmpa394f33z/de.flapdoodle.embed.process/src/main/java/de/flapdoodle/embed/process/store/ArtifactStoreBuilder.java:[30,43] de.flapdoodle.embed.process.builder.IProperty in de.flapdoodle.embed.process.builder has been deprecated
[WARNING] /tmp/tmpa394f33z/de.flapdoodle.embed.process/src/main/java/de/flapdoodle/embed/process/store/ArtifactStoreBuilder.java:[31,43] de.flapdoodle.embed.process.builder.TypedProperty in de.flapdoodle.embed.process.builder has been deprecated
[WARNING] /tmp/tmpa394f33z/de.flapdoodle.embed.process/src/main/java/de/flapdoodle/embed/process/store/ExtractedArtifactStoreBuilder.java:[26,43] de.flapdoodle.embed.process.builder.IProperty in de.flapdoodle.embed.process.builder has been deprecated
[WARNING] /tmp/tmpa394f33z/de.flapdoodle.embed.process/src/main/java/de/flapdoodle/embed/process/store/ExtractedArtifactStoreBuilder.java:[27,43] de.flapdoodle.embed.process.builder.TypedProperty in de.flapdoodle.embed.process.builder has been deprecated
[WARNING] /tmp/tmpa394f33z/de.flapdoodle.embed.process/src/main/java/de/flapdoodle/embed/process/config/store/PlatformLibraryStoreBuilder.java:[31,43] de.flapdoodle.embed.process.builder.AbstractBuilder in de.flapdoodle.embed.process.builder has been deprecated
[WARNING] /tmp/tmpa394f33z/de.flapdoodle.embed.process/src/main/java/de/flapdoodle/embed/process/config/store/PlatformLibraryStoreBuilder.java:[32,43] de.flapdoodle.embed.process.builder.ImmutableContainer in de.flapdoodle.embed.process.builder has been deprecated
[WARNING] /tmp/tmpa394f33z/de.flapdoodle.embed.process/src/main/java/de/flapdoodle/embed/process/config/store/PlatformLibraryStoreBuilder.java:[33,43] de.flapdoodle.embed.process.builder.TypedProperty in de.flapdoodle.embed.process.builder has been deprecated
[WARNING] /tmp/tmpa394f33z/de.flapdoodle.embed.process/src/main/java/de/flapdoodle/embed/process/store/StaticArtifactStoreBuilder.java:[29,43] de.flapdoodle.embed.process.builder.AbstractBuilder in de.flapdoodle.embed.process.builder has been deprecated
[WARNING] /tmp/tmpa394f33z/de.flapdoodle.embed.process/src/main/java/de/flapdoodle/embed/process/store/ArtifactStoreBuilder.java:[29,43] de.flapdoodle.embed.process.builder.AbstractBuilder in de.flapdoodle.embed.process.builder has been deprecated
[WARNING] /tmp/tmpa394f33z/de.flapdoodle.embed.process/src/main/java/de/flapdoodle/embed/process/store/ArtifactStoreBuilder.java:[30,43] de.flapdoodle.embed.process.builder.IProperty in de.flapdoodle.embed.process.builder has been deprecated
[WARNING] /tmp/tmpa394f33z/de.flapdoodle.embed.process/src/main/java/de/flapdoodle/embed/process/store/ArtifactStoreBuilder.java:[31,43] de.flapdoodle.embed.process.builder.TypedProperty in de.flapdoodle.embed.process.builder has been deprecated
[WARNING] /tmp/tmpa394f33z/de.flapdoodle.embed.process/src/main/java/de/flapdoodle/embed/process/store/ExtractedArtifactStoreBuilder.java:[26,43] de.flapdoodle.embed.process.builder.IProperty in de.flapdoodle.embed.process.builder has been deprecated
[WARNING] /tmp/tmpa394f33z/de.flapdoodle.embed.process/src/main/java/de/flapdoodle/embed/process/store/ExtractedArtifactStoreBuilder.java:[27,43] de.flapdoodle.embed.process.builder.TypedProperty in de.flapdoodle.embed.process.builder has been deprecated
[WARNING] /tmp/tmpa394f33z/de.flapdoodle.embed.process/src/main/java/de/flapdoodle/embed/process/config/store/PlatformLibraryStoreBuilder.java:[31,43] de.flapdoodle.embed.process.builder.AbstractBuilder in de.flapdoodle.embed.process.builder has been deprecated
[WARNING] /tmp/tmpa394f33z/de.flapdoodle.embed.process/src/main/java/de/flapdoodle/embed/process/config/store/PlatformLibraryStoreBuilder.java:[32,43] de.flapdoodle.embed.process.builder.ImmutableContainer in de.flapdoodle.embed.process.builder has been deprecated
[WARNING] /tmp/tmpa394f33z/de.flapdoodle.embed.process/src/main/java/de/flapdoodle/embed/process/config/store/PlatformLibraryStoreBuilder.java:[33,43] de.flapdoodle.embed.process.builder.TypedProperty in de.flapdoodle.embed.process.builder has been deprecated
[WARNING] /tmp/tmpa394f33z/de.flapdoodle.embed.process/src/main/java/de/flapdoodle/embed/process/store/StaticArtifactStoreBuilder.java:[29,43] de.flapdoodle.embed.process.builder.AbstractBuilder in de.flapdoodle.embed.process.builder has been deprecated
[WARNING] /tmp/tmpa394f33z/de.flapdoodle.embed.process/src/main/java/de/flapdoodle/embed/process/store/ArtifactStoreBuilder.java:[29,43] de.flapdoodle.embed.process.builder.AbstractBuilder in de.flapdoodle.embed.process.builder has been deprecated
[WARNING] /tmp/tmpa394f33z/de.flapdoodle.embed.process/src/main/java/de/flapdoodle/embed/process/store/ArtifactStoreBuilder.java:[30,43] de.flapdoodle.embed.process.builder.IProperty in de.flapdoodle.embed.process.builder has been deprecated
[WARNING] /tmp/tmpa394f33z/de.flapdoodle.embed.process/src/main/java/de/flapdoodle/embed/process/store/ArtifactStoreBuilder.java:[31,43] de.flapdoodle.embed.process.builder.TypedProperty in de.flapdoodle.embed.process.builder has been deprecated
[WARNING] /tmp/tmpa394f33z/de.flapdoodle.embed.process/src/main/java/de/flapdoodle/embed/process/store/ExtractedArtifactStoreBuilder.java:[26,43] de.flapdoodle.embed.process.builder.IProperty in de.flapdoodle.embed.process.builder has been deprecated
[WARNING] /tmp/tmpa394f33z/de.flapdoodle.embed.process/src/main/java/de/flapdoodle/embed/process/store/ExtractedArtifactStoreBuilder.java:[27,43] de.flapdoodle.embed.process.builder.TypedProperty in de.flapdoodle.embed.process.builder has been deprecated
[WARNING] /tmp/tmpa394f33z/de.flapdoodle.embed.process/src/main/java/de/flapdoodle/embed/process/config/store/PlatformLibraryStoreBuilder.java:[31,43] de.flapdoodle.embed.process.builder.AbstractBuilder in de.flapdoodle.embed.process.builder has been deprecated
[WARNING] /tmp/tmpa394f33z/de.flapdoodle.embed.process/src/main/java/de/flapdoodle/embed/process/config/store/PlatformLibraryStoreBuilder.java:[32,43] de.flapdoodle.embed.process.builder.ImmutableContainer in de.flapdoodle.embed.process.builder has been deprecated
[WARNING] /tmp/tmpa394f33z/de.flapdoodle.embed.process/src/main/java/de/flapdoodle/embed/process/config/store/PlatformLibraryStoreBuilder.java:[33,43] de.flapdoodle.embed.process.builder.TypedProperty in de.flapdoodle.embed.process.builder has been deprecated
[WARNING] /tmp/tmpa394f33z/de.flapdoodle.embed.process/src/main/java/de/flapdoodle/embed/process/store/StaticArtifactStoreBuilder.java:[29,43] de.flapdoodle.embed.process.builder.AbstractBuilder in de.flapdoodle.embed.process.builder has been deprecated
[WARNING] /tmp/tmpa394f33z/de.flapdoodle.embed.process/src/main/java/de/flapdoodle/embed/process/store/ArtifactStoreBuilder.java:[29,43] de.flapdoodle.embed.process.builder.AbstractBuilder in de.flapdoodle.embed.process.builder has been deprecated
[WARNING] /tmp/tmpa394f33z/de.flapdoodle.embed.process/src/main/java/de/flapdoodle/embed/process/store/ArtifactStoreBuilder.java:[30,43] de.flapdoodle.embed.process.builder.IProperty in de.flapdoodle.embed.process.builder has been deprecated
[WARNING] /tmp/tmpa394f33z/de.flapdoodle.embed.process/src/main/java/de/flapdoodle/embed/process/store/ArtifactStoreBuilder.java:[31,43] de.flapdoodle.embed.process.builder.TypedProperty in de.flapdoodle.embed.process.builder has been deprecated
[WARNING] /tmp/tmpa394f33z/de.flapdoodle.embed.process/src/main/java/de/flapdoodle/embed/process/store/ExtractedArtifactStoreBuilder.java:[26,43] de.flapdoodle.embed.process.builder.IProperty in de.flapdoodle.embed.process.builder has been deprecated
[WARNING] /tmp/tmpa394f33z/de.flapdoodle.embed.process/src/main/java/de/flapdoodle/embed/process/store/ExtractedArtifactStoreBuilder.java:[27,43] de.flapdoodle.embed.process.builder.TypedProperty in de.flapdoodle.embed.process.builder has been deprecated
[WARNING] /tmp/tmpa394f33z/de.flapdoodle.embed.process/src/main/java/de/flapdoodle/embed/process/config/store/PlatformLibraryStoreBuilder.java:[31,43] de.flapdoodle.embed.process.builder.AbstractBuilder in de.flapdoodle.embed.process.builder has been deprecated
[WARNING] /tmp/tmpa394f33z/de.flapdoodle.embed.process/src/main/java/de/flapdoodle/embed/process/config/store/PlatformLibraryStoreBuilder.java:[32,43] de.flapdoodle.embed.process.builder.ImmutableContainer in de.flapdoodle.embed.process.builder has been deprecated
[WARNING] /tmp/tmpa394f33z/de.flapdoodle.embed.process/src/main/java/de/flapdoodle/embed/process/config/store/PlatformLibraryStoreBuilder.java:[33,43] de.flapdoodle.embed.process.builder.TypedProperty in de.flapdoodle.embed.process.builder has been deprecated
[WARNING] /tmp/tmpa394f33z/de.flapdoodle.embed.process/src/main/java/de/flapdoodle/embed/process/config/store/DownloadConfigBuilder.java:[36,44] de.flapdoodle.embed.process.builder.AbstractBuilder in de.flapdoodle.embed.process.builder has been deprecated
[WARNING] /tmp/tmpa394f33z/de.flapdoodle.embed.process/src/main/java/de/flapdoodle/embed/process/config/store/DownloadConfigBuilder.java:[38,30] de.flapdoodle.embed.process.builder.TypedProperty in de.flapdoodle.embed.process.builder has been deprecated
[WARNING] /tmp/tmpa394f33z/de.flapdoodle.embed.process/src/main/java/de/flapdoodle/embed/process/config/store/DownloadConfigBuilder.java:[38,68] de.flapdoodle.embed.process.builder.TypedProperty in de.flapdoodle.embed.process.builder has been deprecated
[WARNING] /tmp/tmpa394f33z/de.flapdoodle.embed.process/src/main/java/de/flapdoodle/embed/process/config/store/DownloadConfigBuilder.java:[39,30] de.flapdoodle.embed.process.builder.TypedProperty in de.flapdoodle.embed.process.builder has been deprecated
[WARNING] /tmp/tmpa394f33z/de.flapdoodle.embed.process/src/main/java/de/flapdoodle/embed/process/config/store/DownloadConfigBuilder.java:[39,82] de.flapdoodle.embed.process.builder.TypedProperty in de.flapdoodle.embed.process.builder has been deprecated
[WARNING] /tmp/tmpa394f33z/de.flapdoodle.embed.process/src/main/java/de/flapdoodle/embed/process/config/store/DownloadConfigBuilder.java:[40,30] de.flapdoodle.embed.process.builder.TypedProperty in de.flapdoodle.embed.process.builder has been deprecated
[WARNING] /tmp/tmpa394f33z/de.flapdoodle.embed.process/src/main/java/de/flapdoodle/embed/process/config/store/DownloadConfigBuilder.java:[40,71] de.flapdoodle.embed.process.builder.TypedProperty in de.flapdoodle.embed.process.builder has been deprecated
[WARNING] /tmp/tmpa394f33z/de.flapdoodle.embed.process/src/main/java/de/flapdoodle/embed/process/config/store/DownloadConfigBuilder.java:[41,30] de.flapdoodle.embed.process.builder.TypedProperty in de.flapdoodle.embed.process.builder has been deprecated
[WARNING] /tmp/tmpa394f33z/de.flapdoodle.embed.process/src/main/java/de/flapdoodle/embed/process/config/store/DownloadConfigBuilder.java:[41,77] de.flapdoodle.embed.process.builder.TypedProperty in de.flapdoodle.embed.process.builder has been deprecated
[WARNING] /tmp/tmpa394f33z/de.flapdoodle.embed.process/src/main/java/de/flapdoodle/embed/process/config/store/DownloadConfigBuilder.java:[42,30] de.flapdoodle.embed.process.builder.TypedProperty in de.flapdoodle.embed.process.builder has been deprecated
[WARNING] /tmp/tmpa394f33z/de.flapdoodle.embed.process/src/main/java/de/flapdoodle/embed/process/config/store/DownloadConfigBuilder.java:[42,80] de.flapdoodle.embed.process.builder.TypedProperty in de.flapdoodle.embed.process.builder has been deprecated
[WARNING] /tmp/tmpa394f33z/de.flapdoodle.embed.process/src/main/java/de/flapdoodle/embed/process/config/store/DownloadConfigBuilder.java:[43,30] de.flapdoodle.embed.process.builder.TypedProperty in de.flapdoodle.embed.process.builder has been deprecated
[WARNING] /tmp/tmpa394f33z/de.flapdoodle.embed.process/src/main/java/de/flapdoodle/embed/process/config/store/DownloadConfigBuilder.java:[43,78] de.flapdoodle.embed.process.builder.TypedProperty in de.flapdoodle.embed.process.builder has been deprecated
[WARNING] /tmp/tmpa394f33z/de.flapdoodle.embed.process/src/main/java/de/flapdoodle/embed/process/config/store/DownloadConfigBuilder.java:[44,30] de.flapdoodle.embed.process.builder.TypedProperty in de.flapdoodle.embed.process.builder has been deprecated
[WARNING] /tmp/tmpa394f33z/de.flapdoodle.embed.process/src/main/java/de/flapdoodle/embed/process/config/store/DownloadConfigBuilder.java:[44,86] de.flapdoodle.embed.process.builder.TypedProperty in de.flapdoodle.embed.process.builder has been deprecated
[WARNING] /tmp/tmpa394f33z/de.flapdoodle.embed.process/src/main/java/de/flapdoodle/embed/process/config/store/DownloadConfigBuilder.java:[46,30] de.flapdoodle.embed.process.builder.TypedProperty in de.flapdoodle.embed.process.builder has been deprecated
[WARNING] /tmp/tmpa394f33z/de.flapdoodle.embed.process/src/main/java/de/flapdoodle/embed/process/config/store/DownloadConfigBuilder.java:[46,76] de.flapdoodle.embed.process.builder.TypedProperty in de.flapdoodle.embed.process.builder has been deprecated
[WARNING] /tmp/tmpa394f33z/de.flapdoodle.embed.process/src/main/java/de/flapdoodle/embed/process/config/store/DownloadConfigBuilder.java:[47,30] de.flapdoodle.embed.process.builder.TypedProperty in de.flapdoodle.embed.process.builder has been deprecated
[WARNING] /tmp/tmpa394f33z/de.flapdoodle.embed.process/src/main/java/de/flapdoodle/embed/process/config/store/DownloadConfigBuilder.java:[47,74] de.flapdoodle.embed.process.builder.TypedProperty in de.flapdoodle.embed.process.builder has been deprecated
[WARNING] /tmp/tmpa394f33z/de.flapdoodle.embed.process/src/main/java/de/flapdoodle/embed/process/config/store/DownloadConfigBuilder.java:[58,19] de.flapdoodle.embed.process.builder.IProperty in de.flapdoodle.embed.process.builder has been deprecated
[WARNING] /tmp/tmpa394f33z/de.flapdoodle.embed.process/src/main/java/de/flapdoodle/embed/process/config/store/DownloadConfigBuilder.java:[67,19] de.flapdoodle.embed.process.builder.IProperty in de.flapdoodle.embed.process.builder has been deprecated
[WARNING] /tmp/tmpa394f33z/de.flapdoodle.embed.process/src/main/java/de/flapdoodle/embed/process/config/store/DownloadConfigBuilder.java:[76,19] de.flapdoodle.embed.process.builder.IProperty in de.flapdoodle.embed.process.builder has been deprecated
[WARNING] /tmp/tmpa394f33z/de.flapdoodle.embed.process/src/main/java/de/flapdoodle/embed/process/config/store/DownloadConfigBuilder.java:[85,19] de.flapdoodle.embed.process.builder.IProperty in de.flapdoodle.embed.process.builder has been deprecated
[WARNING] /tmp/tmpa394f33z/de.flapdoodle.embed.process/src/main/java/de/flapdoodle/embed/process/config/store/DownloadConfigBuilder.java:[94,19] de.flapdoodle.embed.process.builder.IProperty in de.flapdoodle.embed.process.builder has been deprecated
[WARNING] /tmp/tmpa394f33z/de.flapdoodle.embed.process/src/main/java/de/flapdoodle/embed/process/config/store/DownloadConfigBuilder.java:[103,19] de.flapdoodle.embed.process.builder.IProperty in de.flapdoodle.embed.process.builder has been deprecated
[WARNING] /tmp/tmpa394f33z/de.flapdoodle.embed.process/src/main/java/de/flapdoodle/embed/process/config/store/DownloadConfigBuilder.java:[112,19] de.flapdoodle.embed.process.builder.IProperty in de.flapdoodle.embed.process.builder has been deprecated
[WARNING] /tmp/tmpa394f33z/de.flapdoodle.embed.process/src/main/java/de/flapdoodle/embed/process/config/store/DownloadConfigBuilder.java:[121,19] de.flapdoodle.embed.process.builder.IProperty in de.flapdoodle.embed.process.builder has been deprecated
[WARNING] /tmp/tmpa394f33z/de.flapdoodle.embed.process/src/main/java/de/flapdoodle/embed/process/config/store/DownloadConfigBuilder.java:[130,19] de.flapdoodle.embed.process.builder.IProperty in de.flapdoodle.embed.process.builder has been deprecated
[WARNING] /tmp/tmpa394f33z/de.flapdoodle.embed.process/src/main/java/de/flapdoodle/embed/process/config/store/DownloadConfigBuilder.java:[150,55] de.flapdoodle.embed.process.builder.ImmutableContainer in de.flapdoodle.embed.process.builder has been deprecated
[WARNING] /tmp/tmpa394f33z/de.flapdoodle.embed.process/src/main/java/de/flapdoodle/embed/process/config/store/DownloadConfigBuilder.java:[158,50] de.flapdoodle.embed.process.builder.ImmutableContainer in de.flapdoodle.embed.process.builder has been deprecated
[WARNING] /tmp/tmpa394f33z/de.flapdoodle.embed.process/src/main/java/de/flapdoodle/embed/process/store/StaticArtifactStoreBuilder.java:[33,49] de.flapdoodle.embed.process.builder.AbstractBuilder in de.flapdoodle.embed.process.builder has been deprecated
[WARNING] /tmp/tmpa394f33z/de.flapdoodle.embed.process/src/main/java/de/flapdoodle/embed/process/store/ArtifactStoreBuilder.java:[36,43] de.flapdoodle.embed.process.builder.AbstractBuilder in de.flapdoodle.embed.process.builder has been deprecated
[WARNING] /tmp/tmpa394f33z/de.flapdoodle.embed.process/src/main/java/de/flapdoodle/embed/process/store/ArtifactStoreBuilder.java:[39,32] de.flapdoodle.embed.process.builder.TypedProperty in de.flapdoodle.embed.process.builder has been deprecated
[WARNING] /tmp/tmpa394f33z/de.flapdoodle.embed.process/src/main/java/de/flapdoodle/embed/process/store/ArtifactStoreBuilder.java:[39,79] de.flapdoodle.embed.process.builder.TypedProperty in de.flapdoodle.embed.process.builder has been deprecated
[WARNING] /tmp/tmpa394f33z/de.flapdoodle.embed.process/src/main/java/de/flapdoodle/embed/process/store/ArtifactStoreBuilder.java:[40,32] de.flapdoodle.embed.process.builder.TypedProperty in de.flapdoodle.embed.process.builder has been deprecated
[WARNING] /tmp/tmpa394f33z/de.flapdoodle.embed.process/src/main/java/de/flapdoodle/embed/process/store/ArtifactStoreBuilder.java:[40,76] de.flapdoodle.embed.process.builder.TypedProperty in de.flapdoodle.embed.process.builder has been deprecated
[WARNING] /tmp/tmpa394f33z/de.flapdoodle.embed.process/src/main/java/de/flapdoodle/embed/process/store/ArtifactStoreBuilder.java:[41,32] de.flapdoodle.embed.process.builder.TypedProperty in de.flapdoodle.embed.process.builder has been deprecated
[WARNING] /tmp/tmpa394f33z/de.flapdoodle.embed.process/src/main/java/de/flapdoodle/embed/process/store/ArtifactStoreBuilder.java:[41,80] de.flapdoodle.embed.process.builder.TypedProperty in de.flapdoodle.embed.process.builder has been deprecated
[WARNING] /tmp/tmpa394f33z/de.flapdoodle.embed.process/src/main/java/de/flapdoodle/embed/process/store/ArtifactStoreBuilder.java:[42,32] de.flapdoodle.embed.process.builder.TypedProperty in de.flapdoodle.embed.process.builder has been deprecated
[WARNING] /tmp/tmpa394f33z/de.flapdoodle.embed.process/src/main/java/de/flapdoodle/embed/process/store/ArtifactStoreBuilder.java:[42,67] de.flapdoodle.embed.process.builder.TypedProperty in de.flapdoodle.embed.process.builder has been deprecated
[WARNING] /tmp/tmpa394f33z/de.flapdoodle.embed.process/src/main/java/de/flapdoodle/embed/process/store/ArtifactStoreBuilder.java:[43,32] de.flapdoodle.embed.process.builder.TypedProperty in de.flapdoodle.embed.process.builder has been deprecated
[WARNING] /tmp/tmpa394f33z/de.flapdoodle.embed.process/src/main/java/de/flapdoodle/embed/process/store/ArtifactStoreBuilder.java:[43,72] de.flapdoodle.embed.process.builder.TypedProperty in de.flapdoodle.embed.process.builder has been deprecated
[WARNING] /tmp/tmpa394f33z/de.flapdoodle.embed.process/src/main/java/de/flapdoodle/embed/process/store/ArtifactStoreBuilder.java:[55,19] de.flapdoodle.embed.process.builder.IProperty in de.flapdoodle.embed.process.builder has been deprecated
[WARNING] /tmp/tmpa394f33z/de.flapdoodle.embed.process/src/main/java/de/flapdoodle/embed/process/store/ArtifactStoreBuilder.java:[64,19] de.flapdoodle.embed.process.builder.IProperty in de.flapdoodle.embed.process.builder has been deprecated
[WARNING] /tmp/tmpa394f33z/de.flapdoodle.embed.process/src/main/java/de/flapdoodle/embed/process/store/ArtifactStoreBuilder.java:[73,19] de.flapdoodle.embed.process.builder.IProperty in de.flapdoodle.embed.process.builder has been deprecated
[WARNING] /tmp/tmpa394f33z/de.flapdoodle.embed.process/src/main/java/de/flapdoodle/embed/process/store/ArtifactStoreBuilder.java:[82,19] de.flapdoodle.embed.process.builder.IProperty in de.flapdoodle.embed.process.builder has been deprecated
[WARNING] /tmp/tmpa394f33z/de.flapdoodle.embed.process/src/main/java/de/flapdoodle/embed/process/store/ArtifactStoreBuilder.java:[99,19] de.flapdoodle.embed.process.builder.IProperty in de.flapdoodle.embed.process.builder has been deprecated
[WARNING] /tmp/tmpa394f33z/de.flapdoodle.embed.process/src/main/java/de/flapdoodle/embed/process/store/ExtractedArtifactStoreBuilder.java:[36,32] de.flapdoodle.embed.process.builder.TypedProperty in de.flapdoodle.embed.process.builder has been deprecated
[WARNING] /tmp/tmpa394f33z/de.flapdoodle.embed.process/src/main/java/de/flapdoodle/embed/process/store/ExtractedArtifactStoreBuilder.java:[36,79] de.flapdoodle.embed.process.builder.TypedProperty in de.flapdoodle.embed.process.builder has been deprecated
[WARNING] /tmp/tmpa394f33z/de.flapdoodle.embed.process/src/main/java/de/flapdoodle/embed/process/store/ExtractedArtifactStoreBuilder.java:[37,32] de.flapdoodle.embed.process.builder.TypedProperty in de.flapdoodle.embed.process.builder has been deprecated
[WARNING] /tmp/tmpa394f33z/de.flapdoodle.embed.process/src/main/java/de/flapdoodle/embed/process/store/ExtractedArtifactStoreBuilder.java:[37,87] de.flapdoodle.embed.process.builder.TypedProperty in de.flapdoodle.embed.process.builder has been deprecated
[WARNING] /tmp/tmpa394f33z/de.flapdoodle.embed.process/src/main/java/de/flapdoodle/embed/process/store/ExtractedArtifactStoreBuilder.java:[79,19] de.flapdoodle.embed.process.builder.IProperty in de.flapdoodle.embed.process.builder has been deprecated
[WARNING] /tmp/tmpa394f33z/de.flapdoodle.embed.process/src/main/java/de/flapdoodle/embed/process/store/ExtractedArtifactStoreBuilder.java:[83,19] de.flapdoodle.embed.process.builder.IProperty in de.flapdoodle.embed.process.builder has been deprecated
[INFO] /tmp/tmpa394f33z/de.flapdoodle.embed.process/src/main/java/de/flapdoodle/embed/process/builder/AbstractEmbeddedBuilder.java: /tmp/tmpa394f33z/de.flapdoodle.embed.process/src/main/java/de/flapdoodle/embed/process/builder/AbstractEmbeddedBuilder.java uses unchecked or unsafe operations.
[INFO] /tmp/tmpa394f33z/de.flapdoodle.embed.process/src/main/java/de/flapdoodle/embed/process/builder/AbstractEmbeddedBuilder.java: Recompile with -Xlint:unchecked for details.
[INFO] 
[INFO] --- maven-resources-plugin:3.1.0:testResources (default-testResources) @ de.flapdoodle.embed.process ---
[INFO] Using 'UTF-8' encoding to copy filtered resources.
[INFO] Copying 10 resources
[INFO] 
[INFO] --- maven-compiler-plugin:3.7.0:testCompile (default-testCompile) @ de.flapdoodle.embed.process ---
[INFO] Changes detected - recompiling the module!
[INFO] Compiling 17 source files to /tmp/tmpa394f33z/de.flapdoodle.embed.process/target/test-classes
[WARNING] /tmp/tmpa394f33z/de.flapdoodle.embed.process/src/test/java/de/flapdoodle/embed/process/example/GenericRuntimeConfigBuilder.java:[32,43] de.flapdoodle.embed.process.builder.AbstractBuilder in de.flapdoodle.embed.process.builder has been deprecated
[WARNING] /tmp/tmpa394f33z/de.flapdoodle.embed.process/src/test/java/de/flapdoodle/embed/process/example/GenericRuntimeConfigBuilder.java:[33,43] de.flapdoodle.embed.process.builder.AbstractEmbeddedBuilder in de.flapdoodle.embed.process.builder has been deprecated
[WARNING] /tmp/tmpa394f33z/de.flapdoodle.embed.process/src/test/java/de/flapdoodle/embed/process/example/GenericRuntimeConfigBuilder.java:[34,43] de.flapdoodle.embed.process.builder.ImmutableContainer in de.flapdoodle.embed.process.builder has been deprecated
[WARNING] /tmp/tmpa394f33z/de.flapdoodle.embed.process/src/test/java/de/flapdoodle/embed/process/example/GenericRuntimeConfigBuilder.java:[35,43] de.flapdoodle.embed.process.builder.TypedProperty in de.flapdoodle.embed.process.builder has been deprecated
[WARNING] /tmp/tmpa394f33z/de.flapdoodle.embed.process/src/test/java/de/flapdoodle/embed/process/example/GenericRuntimeConfigBuilder.java:[32,43] de.flapdoodle.embed.process.builder.AbstractBuilder in de.flapdoodle.embed.process.builder has been deprecated
[WARNING] /tmp/tmpa394f33z/de.flapdoodle.embed.process/src/test/java/de/flapdoodle/embed/process/example/GenericRuntimeConfigBuilder.java:[33,43] de.flapdoodle.embed.process.builder.AbstractEmbeddedBuilder in de.flapdoodle.embed.process.builder has been deprecated
[WARNING] /tmp/tmpa394f33z/de.flapdoodle.embed.process/src/test/java/de/flapdoodle/embed/process/example/GenericRuntimeConfigBuilder.java:[34,43] de.flapdoodle.embed.process.builder.ImmutableContainer in de.flapdoodle.embed.process.builder has been deprecated
[WARNING] /tmp/tmpa394f33z/de.flapdoodle.embed.process/src/test/java/de/flapdoodle/embed/process/example/GenericRuntimeConfigBuilder.java:[35,43] de.flapdoodle.embed.process.builder.TypedProperty in de.flapdoodle.embed.process.builder has been deprecated
[WARNING] /tmp/tmpa394f33z/de.flapdoodle.embed.process/src/test/java/de/flapdoodle/embed/process/example/GenericRuntimeConfigBuilder.java:[32,43] de.flapdoodle.embed.process.builder.AbstractBuilder in de.flapdoodle.embed.process.builder has been deprecated
[WARNING] /tmp/tmpa394f33z/de.flapdoodle.embed.process/src/test/java/de/flapdoodle/embed/process/example/GenericRuntimeConfigBuilder.java:[33,43] de.flapdoodle.embed.process.builder.AbstractEmbeddedBuilder in de.flapdoodle.embed.process.builder has been deprecated
[WARNING] /tmp/tmpa394f33z/de.flapdoodle.embed.process/src/test/java/de/flapdoodle/embed/process/example/GenericRuntimeConfigBuilder.java:[34,43] de.flapdoodle.embed.process.builder.ImmutableContainer in de.flapdoodle.embed.process.builder has been deprecated
[WARNING] /tmp/tmpa394f33z/de.flapdoodle.embed.process/src/test/java/de/flapdoodle/embed/process/example/GenericRuntimeConfigBuilder.java:[35,43] de.flapdoodle.embed.process.builder.TypedProperty in de.flapdoodle.embed.process.builder has been deprecated
[WARNING] /tmp/tmpa394f33z/de.flapdoodle.embed.process/src/test/java/de/flapdoodle/embed/process/example/TestExampleReadMeCode.java:[49,44] de.flapdoodle.embed.process.example.GenericRuntimeConfigBuilder in de.flapdoodle.embed.process.example has been deprecated
[WARNING] /tmp/tmpa394f33z/de.flapdoodle.embed.process/src/test/java/de/flapdoodle/embed/process/builder/AbstractEmbeddedBuilderTest.java:[42,17] de.flapdoodle.embed.process.builder.AbstractEmbeddedBuilder in de.flapdoodle.embed.process.builder has been deprecated
[WARNING] /tmp/tmpa394f33z/de.flapdoodle.embed.process/src/test/java/de/flapdoodle/embed/process/builder/AbstractEmbeddedBuilderTest.java:[46,31] de.flapdoodle.embed.process.builder.AbstractEmbeddedBuilder in de.flapdoodle.embed.process.builder has been deprecated
[WARNING] /tmp/tmpa394f33z/de.flapdoodle.embed.process/src/test/java/de/flapdoodle/embed/process/builder/AbstractEmbeddedBuilderTest.java:[54,29] de.flapdoodle.embed.process.builder.TypedProperty in de.flapdoodle.embed.process.builder has been deprecated
[WARNING] /tmp/tmpa394f33z/de.flapdoodle.embed.process/src/test/java/de/flapdoodle/embed/process/builder/AbstractEmbeddedBuilderTest.java:[55,29] de.flapdoodle.embed.process.builder.TypedProperty in de.flapdoodle.embed.process.builder has been deprecated
[WARNING] /tmp/tmpa394f33z/de.flapdoodle.embed.process/src/test/java/de/flapdoodle/embed/process/builder/AbstractEmbeddedBuilderTest.java:[56,29] de.flapdoodle.embed.process.builder.TypedProperty in de.flapdoodle.embed.process.builder has been deprecated
[WARNING] /tmp/tmpa394f33z/de.flapdoodle.embed.process/src/test/java/de/flapdoodle/embed/process/builder/AbstractEmbeddedBuilderTest.java:[58,54] de.flapdoodle.embed.process.builder.TypedProperty in de.flapdoodle.embed.process.builder has been deprecated
[WARNING] /tmp/tmpa394f33z/de.flapdoodle.embed.process/src/test/java/de/flapdoodle/embed/process/builder/AbstractEmbeddedBuilderTest.java:[67,36] de.flapdoodle.embed.process.builder.TypedProperty in de.flapdoodle.embed.process.builder has been deprecated
[WARNING] /tmp/tmpa394f33z/de.flapdoodle.embed.process/src/test/java/de/flapdoodle/embed/process/builder/AbstractEmbeddedBuilderTest.java:[68,29] de.flapdoodle.embed.process.builder.TypedProperty in de.flapdoodle.embed.process.builder has been deprecated
[WARNING] /tmp/tmpa394f33z/de.flapdoodle.embed.process/src/test/java/de/flapdoodle/embed/process/builder/AbstractEmbeddedBuilderTest.java:[71,54] de.flapdoodle.embed.process.builder.TypedProperty in de.flapdoodle.embed.process.builder has been deprecated
[WARNING] /tmp/tmpa394f33z/de.flapdoodle.embed.process/src/test/java/de/flapdoodle/embed/process/builder/AbstractEmbeddedBuilderTest.java:[80,29] de.flapdoodle.embed.process.builder.TypedProperty in de.flapdoodle.embed.process.builder has been deprecated
[WARNING] /tmp/tmpa394f33z/de.flapdoodle.embed.process/src/test/java/de/flapdoodle/embed/process/builder/AbstractEmbeddedBuilderTest.java:[81,29] de.flapdoodle.embed.process.builder.TypedProperty in de.flapdoodle.embed.process.builder has been deprecated
[WARNING] /tmp/tmpa394f33z/de.flapdoodle.embed.process/src/test/java/de/flapdoodle/embed/process/builder/AbstractEmbeddedBuilderTest.java:[89,36] de.flapdoodle.embed.process.builder.TypedProperty in de.flapdoodle.embed.process.builder has been deprecated
[WARNING] /tmp/tmpa394f33z/de.flapdoodle.embed.process/src/test/java/de/flapdoodle/embed/process/builder/AbstractEmbeddedBuilderTest.java:[91,54] de.flapdoodle.embed.process.builder.TypedProperty in de.flapdoodle.embed.process.builder has been deprecated
[WARNING] /tmp/tmpa394f33z/de.flapdoodle.embed.process/src/test/java/de/flapdoodle/embed/process/builder/AbstractEmbeddedBuilderTest.java:[100,54] de.flapdoodle.embed.process.builder.TypedProperty in de.flapdoodle.embed.process.builder has been deprecated
[WARNING] /tmp/tmpa394f33z/de.flapdoodle.embed.process/src/test/java/de/flapdoodle/embed/process/builder/AbstractEmbeddedBuilderTest.java:[110,54] de.flapdoodle.embed.process.builder.TypedProperty in de.flapdoodle.embed.process.builder has been deprecated
[WARNING] /tmp/tmpa394f33z/de.flapdoodle.embed.process/src/test/java/de/flapdoodle/embed/process/extract/ExtractorImplTest.java:[59,45] de.flapdoodle.embed.process.example.GenericPackageResolver in de.flapdoodle.embed.process.example has been deprecated
[WARNING] /tmp/tmpa394f33z/de.flapdoodle.embed.process/src/test/java/de/flapdoodle/embed/process/extract/AbstractExtractorTest.java:[58,53] de.flapdoodle.embed.process.example.GenericPackageResolver in de.flapdoodle.embed.process.example has been deprecated
[INFO] 
[INFO] --- maven-surefire-plugin:2.19.1:test (default-test) @ de.flapdoodle.embed.process ---
[INFO] Surefire report directory: /tmp/tmpa394f33z/de.flapdoodle.embed.process/target/surefire-reports

-------------------------------------------------------
 T E S T S
-------------------------------------------------------
Running de.flapdoodle.embed.process.example.TestExampleReadMeCode
[main] DEBUG de.flapdoodle.embed.process.store.ArtifactStoreBuilder - Build ArtifactStore(useCache: true)
Download GenericVersion{asInDownloadPath=2.1.1}:Linux:B64 START
Download GenericVersion{asInDownloadPath=2.1.1}:Linux:B64 DownloadSize: 23415665
Download GenericVersion{asInDownloadPath=2.1.1}:Linux:B64 0% 1% 2% 3% 4% 5% 6% 7% 8% 9% 10% 11% 12% 13% 14% 15% 16% 17% 18% 19% 20% 21% 22% 23% 24% 25% 26% 27% 28% 29% 30% 31% 32% 33% 34% 35% 36% 37% 38% 39% 40% 41% 42% 43% 44% 45% 46% 47% 48% 49% 50% 51% 52% 53% 54% 55% 56% 57% 58% 59% 60% 61% 62% 63% 64% 65% 66% 67% 68% 69% 70% 71% 72% 73% 74% 75% 76% 77% 78% 79% 80% 81% 82% 83% 84% 85% 86% 87% 88% 89% 90% 91% 92% 93% 94% 95% 96% 97% 98% 99% 100% Download GenericVersion{asInDownloadPath=2.1.1}:Linux:B64 downloaded with 150kb/s
Download GenericVersion{asInDownloadPath=2.1.1}:Linux:B64 DONE
[main] DEBUG de.flapdoodle.embed.process.store.CachingArtifactStore - cache NOT found for GenericVersion{asInDownloadPath=2.1.1}:Linux:B64
Extract /home/jdbl/.name/phantomjs-2.1.1-linux-x86_64.tar.bz2 START
Extract /home/jdbl/.name/phantomjs-2.1.1-linux-x86_64.tar.bz2 extract phantomjs-2.1.1-linux-x86_64/bin/phantomjs
Extract /home/jdbl/.name/phantomjs-2.1.1-linux-x86_64.tar.bz2 nothing left
Extract /home/jdbl/.name/phantomjs-2.1.1-linux-x86_64.tar.bz2 DONE
[main] DEBUG de.flapdoodle.embed.process.store.CachingArtifactStore - Not Cached 1 ExtractedFileSet{baseDir=/tmp, executable=/tmp/extract-8f36257e-886e-4799-8803-8745486fed10phantomjs, libraryFiles=[], baseDirIsGenerated=false}
[main] DEBUG de.flapdoodle.embed.process.runtime.ProcessControl - Detected pid: 163
[main] INFO de.flapdoodle.embed.process.example.GenericExecuteable - start de.flapdoodle.embed.process.example.GenericProcessConfig@3c4bc9fc
[main] INFO de.flapdoodle.embed.process.runtime.ProcessControl - stopOrDestroyProcess: process hasn't exited 
[name error]Auto configuration failed
[name error] 139984404225664:error:25066067:DSO support routines:DLFCN_LOAD:could not load the shared library:dso_dlfcn.c:185:filename(libssl_conf.so): libssl_conf.so: cannot open shared object file: No such file or directory
[name error] 139984404225664:error:25070067:DSO support routines:DSO_load:could not load the shared library:dso_lib.c:244:
[name error] 139984404225664:error:0E07506E:configuration file routines:MODULE_LOAD_DSO:error loading dso:conf_mod.c:285:module=ssl_conf, path=ssl_conf
[name error] 139984404225664:error:0E076071:configuration file routines:MODULE_RUN:unknown module name:conf_mod.c:222:module=ssl_conf
[name error] 

[main] DEBUG de.flapdoodle.embed.process.io.file.Files - could delete /tmp/extract-8f36257e-886e-4799-8803-8745486fed10phantomjs.pid
[main] DEBUG de.flapdoodle.embed.process.store.CachingArtifactStore - Free 1 ExtractedFileSet{baseDir=/tmp, executable=/tmp/extract-8f36257e-886e-4799-8803-8745486fed10phantomjs, libraryFiles=[], baseDirIsGenerated=false}
Tests run: 1, Failures: 0, Errors: 0, Skipped: 0, Time elapsed: 162.012 sec - in de.flapdoodle.embed.process.example.TestExampleReadMeCode
Running de.flapdoodle.embed.process.config.store.FileSetTest
Tests run: 1, Failures: 0, Errors: 0, Skipped: 0, Time elapsed: 0.001 sec - in de.flapdoodle.embed.process.config.store.FileSetTest
Running de.flapdoodle.embed.process.extract.AbstractExtractorTest
Extract bar START
[main] WARN de.flapdoodle.embed.process.extract.AbstractExtractor - 
--------------------------
If you get this exception more than once, you should check if the file is corrupt.
If you remove the file (/tmp/tmpa394f33z/de.flapdoodle.embed.process/bar), it will be downloaded again.
--------------------------
java.io.IOException: foo
	at de.flapdoodle.embed.process.extract.AbstractExtractorTest$1.archiveStream(AbstractExtractorTest.java:83)
	at de.flapdoodle.embed.process.extract.AbstractExtractor.archiveStreamWithExceptionHint(AbstractExtractor.java:47)
	at de.flapdoodle.embed.process.extract.AbstractExtractor.extract(AbstractExtractor.java:66)
	at de.flapdoodle.embed.process.extract.AbstractExtractorTest.testForExceptionHint(AbstractExtractorTest.java:85)
	at sun.reflect.NativeMethodAccessorImpl.invoke0(Native Method)
	at sun.reflect.NativeMethodAccessorImpl.invoke(NativeMethodAccessorImpl.java:62)
	at sun.reflect.DelegatingMethodAccessorImpl.invoke(DelegatingMethodAccessorImpl.java:43)
	at java.lang.reflect.Method.invoke(Method.java:498)
	at org.junit.runners.model.FrameworkMethod$1.runReflectiveCall(FrameworkMethod.java:50)
	at org.junit.internal.runners.model.ReflectiveCallable.run(ReflectiveCallable.java:12)
	at org.junit.runners.model.FrameworkMethod.invokeExplosively(FrameworkMethod.java:47)
	at org.junit.internal.runners.statements.InvokeMethod.evaluate(InvokeMethod.java:17)
	at org.junit.internal.runners.statements.ExpectException.evaluate(ExpectException.java:19)
	at org.junit.runners.ParentRunner.runLeaf(ParentRunner.java:325)
	at org.junit.runners.BlockJUnit4ClassRunner.runChild(BlockJUnit4ClassRunner.java:78)
	at org.junit.runners.BlockJUnit4ClassRunner.runChild(BlockJUnit4ClassRunner.java:57)
	at org.junit.runners.ParentRunner$3.run(ParentRunner.java:290)
	at org.junit.runners.ParentRunner$1.schedule(ParentRunner.java:71)
	at org.junit.runners.ParentRunner.runChildren(ParentRunner.java:288)
	at org.junit.runners.ParentRunner.access$000(ParentRunner.java:58)
	at org.junit.runners.ParentRunner$2.evaluate(ParentRunner.java:268)
	at org.junit.runners.ParentRunner.run(ParentRunner.java:363)
	at org.apache.maven.surefire.junit4.JUnit4Provider.execute(JUnit4Provider.java:367)
	at org.apache.maven.surefire.junit4.JUnit4Provider.executeWithRerun(JUnit4Provider.java:274)
	at org.apache.maven.surefire.junit4.JUnit4Provider.executeTestSet(JUnit4Provider.java:238)
	at org.apache.maven.surefire.junit4.JUnit4Provider.invoke(JUnit4Provider.java:161)
	at org.apache.maven.surefire.booter.ForkedBooter.invokeProviderInSameClassLoader(ForkedBooter.java:290)
	at org.apache.maven.surefire.booter.ForkedBooter.runSuitesInProcess(ForkedBooter.java:242)
	at org.apache.maven.surefire.booter.ForkedBooter.main(ForkedBooter.java:121)
Tests run: 1, Failures: 0, Errors: 0, Skipped: 0, Time elapsed: 0.007 sec - in de.flapdoodle.embed.process.extract.AbstractExtractorTest
Running de.flapdoodle.embed.process.extract.ExtractorImplTest
Extract /tmp/tmpa394f33z/de.flapdoodle.embed.process/target/test-classes/archives/sample.tbz2 START
Extract /tmp/tmpa394f33z/de.flapdoodle.embed.process/target/test-classes/archives/sample.tbz2 extract sample/readme.txt
Extract /tmp/tmpa394f33z/de.flapdoodle.embed.process/target/test-classes/archives/sample.tbz2 nothing left
Extract /tmp/tmpa394f33z/de.flapdoodle.embed.process/target/test-classes/archives/sample.tbz2 DONE
Extract /tmp/tmpa394f33z/de.flapdoodle.embed.process/target/test-classes/archives/sample.tgz START
Extract /tmp/tmpa394f33z/de.flapdoodle.embed.process/target/test-classes/archives/sample.tgz extract sample/readme.txt
Extract /tmp/tmpa394f33z/de.flapdoodle.embed.process/target/test-classes/archives/sample.tgz nothing left
Extract /tmp/tmpa394f33z/de.flapdoodle.embed.process/target/test-classes/archives/sample.tgz DONE
Extract /tmp/tmpa394f33z/de.flapdoodle.embed.process/target/test-classes/archives/sample.zip START
Extract /tmp/tmpa394f33z/de.flapdoodle.embed.process/target/test-classes/archives/sample.zip extract sample/readme.txt
Extract /tmp/tmpa394f33z/de.flapdoodle.embed.process/target/test-classes/archives/sample.zip nothing left
Extract /tmp/tmpa394f33z/de.flapdoodle.embed.process/target/test-classes/archives/sample.zip DONE
Tests run: 3, Failures: 0, Errors: 0, Skipped: 0, Time elapsed: 0.047 sec - in de.flapdoodle.embed.process.extract.ExtractorImplTest
Running de.flapdoodle.embed.process.runtime.NetworkTest
[pool-1-thread-1] DEBUG de.flapdoodle.embed.process.store.CachingArtifactStore - cleanup for GenericVersion{asInDownloadPath=2.1.1}:Linux:B64 and ExtractedFileSet{baseDir=/tmp, executable=/tmp/extract-8f36257e-886e-4799-8803-8745486fed10phantomjs, libraryFiles=[], baseDirIsGenerated=false}
[pool-1-thread-1] DEBUG de.flapdoodle.embed.process.io.file.Files - could delete /tmp/extract-8f36257e-886e-4799-8803-8745486fed10phantomjs
Tests run: 3, Failures: 0, Errors: 0, Skipped: 0, Time elapsed: 24.282 sec - in de.flapdoodle.embed.process.runtime.NetworkTest
Running de.flapdoodle.embed.process.builder.AbstractEmbeddedBuilderTest
Tests run: 6, Failures: 0, Errors: 0, Skipped: 0, Time elapsed: 0 sec - in de.flapdoodle.embed.process.builder.AbstractEmbeddedBuilderTest
Running de.flapdoodle.embed.process.io.file.TestFileCleaner
[main] INFO de.flapdoodle.embed.process.io.file.TestFileCleaner - create temp files
[main] INFO de.flapdoodle.embed.process.io.file.TestFileCleaner - lock temp files
[main] INFO de.flapdoodle.embed.process.io.file.TestFileCleaner - try to delete temp files
[Thread-5] INFO de.flapdoodle.embed.process.io.file.FileCleaner - Could delete /tmp/fileCleanerTest-a0ad32c7-0da8-4424-85e1-925d63f9d033-some-0
[Thread-5] INFO de.flapdoodle.embed.process.io.file.FileCleaner - Could delete /tmp/fileCleanerTest-a0ad32c7-0da8-4424-85e1-925d63f9d033-some-1
[Thread-5] INFO de.flapdoodle.embed.process.io.file.FileCleaner - Could delete /tmp/fileCleanerTest-a0ad32c7-0da8-4424-85e1-925d63f9d033-some-2
[Thread-5] INFO de.flapdoodle.embed.process.io.file.FileCleaner - Could delete /tmp/fileCleanerTest-a0ad32c7-0da8-4424-85e1-925d63f9d033-some-3
[Thread-5] INFO de.flapdoodle.embed.process.io.file.FileCleaner - Could delete /tmp/fileCleanerTest-a0ad32c7-0da8-4424-85e1-925d63f9d033-some-4
[Thread-5] INFO de.flapdoodle.embed.process.io.file.FileCleaner - Could delete /tmp/fileCleanerTest-a0ad32c7-0da8-4424-85e1-925d63f9d033-some-5
[Thread-5] INFO de.flapdoodle.embed.process.io.file.FileCleaner - Could delete /tmp/fileCleanerTest-a0ad32c7-0da8-4424-85e1-925d63f9d033-some-6
[Thread-5] INFO de.flapdoodle.embed.process.io.file.FileCleaner - Could delete /tmp/fileCleanerTest-a0ad32c7-0da8-4424-85e1-925d63f9d033-some-7
[Thread-5] INFO de.flapdoodle.embed.process.io.file.FileCleaner - Could delete /tmp/fileCleanerTest-a0ad32c7-0da8-4424-85e1-925d63f9d033-some-8
[main] INFO de.flapdoodle.embed.process.io.file.TestFileCleaner - after try to delete temp files (wait a little)
[main] INFO de.flapdoodle.embed.process.io.file.TestFileCleaner - release lock 
[Thread-5] INFO de.flapdoodle.embed.process.io.file.FileCleaner - Could delete /tmp/fileCleanerTest-a0ad32c7-0da8-4424-85e1-925d63f9d033-some-9
[main] INFO de.flapdoodle.embed.process.io.file.TestFileCleaner - after release lock (wait a little)
[main] INFO de.flapdoodle.embed.process.io.file.TestFileCleaner - check if temp files there (should NOT be)
[main] ERROR de.flapdoodle.embed.process.io.file.FileCleaner - forceDelete /tmp/fileCleanerTest-bfc36b66-6628-46ba-be82-31d29de371b5-some-final, but already in list with 0 tries.
[Thread-5] INFO de.flapdoodle.embed.process.io.file.FileCleaner - Could delete /tmp/fileCleanerTest-bfc36b66-6628-46ba-be82-31d29de371b5-some-final
[Thread-5] INFO de.flapdoodle.embed.process.io.file.FileCleaner - Could delete /tmp/fileCleanerTest-bfc36b66-6628-46ba-be82-31d29de371b5-some-12
[Thread-5] INFO de.flapdoodle.embed.process.io.file.FileCleaner - Could delete /tmp/fileCleanerTest-bfc36b66-6628-46ba-be82-31d29de371b5-some-11
[Thread-5] INFO de.flapdoodle.embed.process.io.file.FileCleaner - Could delete /tmp/fileCleanerTest-bfc36b66-6628-46ba-be82-31d29de371b5-some-14
[Thread-5] INFO de.flapdoodle.embed.process.io.file.FileCleaner - Could delete /tmp/fileCleanerTest-bfc36b66-6628-46ba-be82-31d29de371b5-some-13
[Thread-5] INFO de.flapdoodle.embed.process.io.file.FileCleaner - Could delete /tmp/fileCleanerTest-bfc36b66-6628-46ba-be82-31d29de371b5-some-3
[Thread-5] INFO de.flapdoodle.embed.process.io.file.FileCleaner - Could delete /tmp/fileCleanerTest-bfc36b66-6628-46ba-be82-31d29de371b5-some-2
[Thread-5] INFO de.flapdoodle.embed.process.io.file.FileCleaner - Could delete /tmp/fileCleanerTest-bfc36b66-6628-46ba-be82-31d29de371b5-some-1
[Thread-5] INFO de.flapdoodle.embed.process.io.file.FileCleaner - Could delete /tmp/fileCleanerTest-bfc36b66-6628-46ba-be82-31d29de371b5-some-10
[Thread-5] INFO de.flapdoodle.embed.process.io.file.FileCleaner - Could delete /tmp/fileCleanerTest-bfc36b66-6628-46ba-be82-31d29de371b5-some-0
[Thread-5] INFO de.flapdoodle.embed.process.io.file.FileCleaner - Could delete /tmp/fileCleanerTest-bfc36b66-6628-46ba-be82-31d29de371b5-some-19
[Thread-5] INFO de.flapdoodle.embed.process.io.file.FileCleaner - Could delete /tmp/fileCleanerTest-bfc36b66-6628-46ba-be82-31d29de371b5-some-16
[Thread-5] INFO de.flapdoodle.embed.process.io.file.FileCleaner - Could delete /tmp/fileCleanerTest-bfc36b66-6628-46ba-be82-31d29de371b5-some-15
[Thread-5] INFO de.flapdoodle.embed.process.io.file.FileCleaner - Could delete /tmp/fileCleanerTest-bfc36b66-6628-46ba-be82-31d29de371b5-some-18
[Thread-5] INFO de.flapdoodle.embed.process.io.file.FileCleaner - Could delete /tmp/fileCleanerTest-bfc36b66-6628-46ba-be82-31d29de371b5-some-17
[Thread-5] INFO de.flapdoodle.embed.process.io.file.FileCleaner - Could delete /tmp/fileCleanerTest-bfc36b66-6628-46ba-be82-31d29de371b5-some-7
[Thread-5] INFO de.flapdoodle.embed.process.io.file.FileCleaner - Could delete /tmp/fileCleanerTest-bfc36b66-6628-46ba-be82-31d29de371b5-some-6
[Thread-5] INFO de.flapdoodle.embed.process.io.file.FileCleaner - Could delete /tmp/fileCleanerTest-bfc36b66-6628-46ba-be82-31d29de371b5-some-5
[Thread-5] INFO de.flapdoodle.embed.process.io.file.FileCleaner - Could delete /tmp/fileCleanerTest-bfc36b66-6628-46ba-be82-31d29de371b5-some-4
[Thread-5] INFO de.flapdoodle.embed.process.io.file.FileCleaner - Could delete /tmp/fileCleanerTest-bfc36b66-6628-46ba-be82-31d29de371b5-some-9
[Thread-5] INFO de.flapdoodle.embed.process.io.file.FileCleaner - Could delete /tmp/fileCleanerTest-bfc36b66-6628-46ba-be82-31d29de371b5-some-8
[Thread-5] INFO de.flapdoodle.embed.process.io.file.FileCleaner - Could delete /tmp/fileCleanerTest-bfc36b66-6628-46ba-be82-31d29de371b5-some-23
[Thread-5] INFO de.flapdoodle.embed.process.io.file.FileCleaner - Could delete /tmp/fileCleanerTest-bfc36b66-6628-46ba-be82-31d29de371b5-some-22
[Thread-5] INFO de.flapdoodle.embed.process.io.file.FileCleaner - Could delete /tmp/fileCleanerTest-bfc36b66-6628-46ba-be82-31d29de371b5-some-24
[Thread-5] INFO de.flapdoodle.embed.process.io.file.FileCleaner - Could delete /tmp/fileCleanerTest-bfc36b66-6628-46ba-be82-31d29de371b5-some-21
[Thread-5] INFO de.flapdoodle.embed.process.io.file.FileCleaner - Could delete /tmp/fileCleanerTest-bfc36b66-6628-46ba-be82-31d29de371b5-some-20
[Thread-5] INFO de.flapdoodle.embed.process.io.file.FileCleaner - Could delete /tmp/fileCleanerTest-bfc36b66-6628-46ba-be82-31d29de371b5-some-25
[Thread-5] INFO de.flapdoodle.embed.process.io.file.FileCleaner - Could delete /tmp/fileCleanerTest-bfc36b66-6628-46ba-be82-31d29de371b5-some-27
[Thread-5] INFO de.flapdoodle.embed.process.io.file.FileCleaner - Could delete /tmp/fileCleanerTest-bfc36b66-6628-46ba-be82-31d29de371b5-some-26
[Thread-5] INFO de.flapdoodle.embed.process.io.file.FileCleaner - Could delete /tmp/fileCleanerTest-bfc36b66-6628-46ba-be82-31d29de371b5-some-29
[Thread-5] INFO de.flapdoodle.embed.process.io.file.FileCleaner - Could delete /tmp/fileCleanerTest-bfc36b66-6628-46ba-be82-31d29de371b5-some-28
[Thread-5] INFO de.flapdoodle.embed.process.io.file.FileCleaner - Could delete /tmp/fileCleanerTest-bfc36b66-6628-46ba-be82-31d29de371b5-some-30
[Thread-5] INFO de.flapdoodle.embed.process.io.file.FileCleaner - Could delete /tmp/fileCleanerTest-bfc36b66-6628-46ba-be82-31d29de371b5-some-31
[Thread-5] INFO de.flapdoodle.embed.process.io.file.FileCleaner - Could delete /tmp/fileCleanerTest-bfc36b66-6628-46ba-be82-31d29de371b5-some-33
[Thread-5] INFO de.flapdoodle.embed.process.io.file.FileCleaner - Could delete /tmp/fileCleanerTest-bfc36b66-6628-46ba-be82-31d29de371b5-some-32
[Thread-5] INFO de.flapdoodle.embed.process.io.file.FileCleaner - Could delete /tmp/fileCleanerTest-bfc36b66-6628-46ba-be82-31d29de371b5-some-34
[Thread-5] INFO de.flapdoodle.embed.process.io.file.FileCleaner - Could delete /tmp/fileCleanerTest-bfc36b66-6628-46ba-be82-31d29de371b5-some-35
[Thread-5] INFO de.flapdoodle.embed.process.io.file.FileCleaner - Could delete /tmp/fileCleanerTest-bfc36b66-6628-46ba-be82-31d29de371b5-some-36
[Thread-5] INFO de.flapdoodle.embed.process.io.file.FileCleaner - Could delete /tmp/fileCleanerTest-bfc36b66-6628-46ba-be82-31d29de371b5-some-37
[Thread-5] INFO de.flapdoodle.embed.process.io.file.FileCleaner - Could delete /tmp/fileCleanerTest-bfc36b66-6628-46ba-be82-31d29de371b5-some-38
[Thread-5] INFO de.flapdoodle.embed.process.io.file.FileCleaner - Could delete /tmp/fileCleanerTest-bfc36b66-6628-46ba-be82-31d29de371b5-some-39
[Thread-5] INFO de.flapdoodle.embed.process.io.file.FileCleaner - Could delete /tmp/fileCleanerTest-bfc36b66-6628-46ba-be82-31d29de371b5-some-41
[Thread-5] INFO de.flapdoodle.embed.process.io.file.FileCleaner - Could delete /tmp/fileCleanerTest-bfc36b66-6628-46ba-be82-31d29de371b5-some-40
[Thread-5] INFO de.flapdoodle.embed.process.io.file.FileCleaner - Could delete /tmp/fileCleanerTest-bfc36b66-6628-46ba-be82-31d29de371b5-some-42
[Thread-5] INFO de.flapdoodle.embed.process.io.file.FileCleaner - Could delete /tmp/fileCleanerTest-bfc36b66-6628-46ba-be82-31d29de371b5-some-44
[Thread-5] INFO de.flapdoodle.embed.process.io.file.FileCleaner - Could delete /tmp/fileCleanerTest-bfc36b66-6628-46ba-be82-31d29de371b5-some-43
[Thread-5] INFO de.flapdoodle.embed.process.io.file.FileCleaner - Could delete /tmp/fileCleanerTest-bfc36b66-6628-46ba-be82-31d29de371b5-some-45
[Thread-5] INFO de.flapdoodle.embed.process.io.file.FileCleaner - Could delete /tmp/fileCleanerTest-bfc36b66-6628-46ba-be82-31d29de371b5-some-46
[Thread-5] INFO de.flapdoodle.embed.process.io.file.FileCleaner - Could delete /tmp/fileCleanerTest-bfc36b66-6628-46ba-be82-31d29de371b5-some-47
[Thread-5] INFO de.flapdoodle.embed.process.io.file.FileCleaner - Could delete /tmp/fileCleanerTest-bfc36b66-6628-46ba-be82-31d29de371b5-some-48
[Thread-5] INFO de.flapdoodle.embed.process.io.file.FileCleaner - Could delete /tmp/fileCleanerTest-bfc36b66-6628-46ba-be82-31d29de371b5-some-50
[Thread-5] INFO de.flapdoodle.embed.process.io.file.FileCleaner - Could delete /tmp/fileCleanerTest-bfc36b66-6628-46ba-be82-31d29de371b5-some-49
[Thread-5] INFO de.flapdoodle.embed.process.io.file.FileCleaner - Could delete /tmp/fileCleanerTest-bfc36b66-6628-46ba-be82-31d29de371b5-some-52
[Thread-5] INFO de.flapdoodle.embed.process.io.file.FileCleaner - Could delete /tmp/fileCleanerTest-bfc36b66-6628-46ba-be82-31d29de371b5-some-51
[Thread-5] INFO de.flapdoodle.embed.process.io.file.FileCleaner - Could delete /tmp/fileCleanerTest-bfc36b66-6628-46ba-be82-31d29de371b5-some-53
[Thread-5] INFO de.flapdoodle.embed.process.io.file.FileCleaner - Could delete /tmp/fileCleanerTest-bfc36b66-6628-46ba-be82-31d29de371b5-some-55
[Thread-5] INFO de.flapdoodle.embed.process.io.file.FileCleaner - Could delete /tmp/fileCleanerTest-bfc36b66-6628-46ba-be82-31d29de371b5-some-54
[Thread-5] INFO de.flapdoodle.embed.process.io.file.FileCleaner - Could delete /tmp/fileCleanerTest-bfc36b66-6628-46ba-be82-31d29de371b5-some-56
[Thread-5] INFO de.flapdoodle.embed.process.io.file.FileCleaner - Could delete /tmp/fileCleanerTest-bfc36b66-6628-46ba-be82-31d29de371b5-some-57
[Thread-5] INFO de.flapdoodle.embed.process.io.file.FileCleaner - Could delete /tmp/fileCleanerTest-bfc36b66-6628-46ba-be82-31d29de371b5-some-58
[Thread-5] INFO de.flapdoodle.embed.process.io.file.FileCleaner - Could delete /tmp/fileCleanerTest-bfc36b66-6628-46ba-be82-31d29de371b5-some-60
[Thread-5] INFO de.flapdoodle.embed.process.io.file.FileCleaner - Could delete /tmp/fileCleanerTest-bfc36b66-6628-46ba-be82-31d29de371b5-some-59
[Thread-5] INFO de.flapdoodle.embed.process.io.file.FileCleaner - Could delete /tmp/fileCleanerTest-bfc36b66-6628-46ba-be82-31d29de371b5-some-61
[Thread-5] INFO de.flapdoodle.embed.process.io.file.FileCleaner - Could delete /tmp/fileCleanerTest-bfc36b66-6628-46ba-be82-31d29de371b5-some-62
[Thread-5] INFO de.flapdoodle.embed.process.io.file.FileCleaner - Could delete /tmp/fileCleanerTest-bfc36b66-6628-46ba-be82-31d29de371b5-some-63
[Thread-5] INFO de.flapdoodle.embed.process.io.file.FileCleaner - Could delete /tmp/fileCleanerTest-bfc36b66-6628-46ba-be82-31d29de371b5-some-65
[Thread-5] INFO de.flapdoodle.embed.process.io.file.FileCleaner - Could delete /tmp/fileCleanerTest-bfc36b66-6628-46ba-be82-31d29de371b5-some-64
[Thread-5] INFO de.flapdoodle.embed.process.io.file.FileCleaner - Could delete /tmp/fileCleanerTest-bfc36b66-6628-46ba-be82-31d29de371b5-some-67
[Thread-5] INFO de.flapdoodle.embed.process.io.file.FileCleaner - Could delete /tmp/fileCleanerTest-bfc36b66-6628-46ba-be82-31d29de371b5-some-66
[Thread-5] INFO de.flapdoodle.embed.process.io.file.FileCleaner - Could delete /tmp/fileCleanerTest-bfc36b66-6628-46ba-be82-31d29de371b5-some-69
[Thread-5] INFO de.flapdoodle.embed.process.io.file.FileCleaner - Could delete /tmp/fileCleanerTest-bfc36b66-6628-46ba-be82-31d29de371b5-some-68
[Thread-5] INFO de.flapdoodle.embed.process.io.file.FileCleaner - Could delete /tmp/fileCleanerTest-bfc36b66-6628-46ba-be82-31d29de371b5-some-70
[Thread-5] INFO de.flapdoodle.embed.process.io.file.FileCleaner - Could delete /tmp/fileCleanerTest-bfc36b66-6628-46ba-be82-31d29de371b5-some-72
[Thread-5] INFO de.flapdoodle.embed.process.io.file.FileCleaner - Could delete /tmp/fileCleanerTest-bfc36b66-6628-46ba-be82-31d29de371b5-some-71
[Thread-5] INFO de.flapdoodle.embed.process.io.file.FileCleaner - Could delete /tmp/fileCleanerTest-bfc36b66-6628-46ba-be82-31d29de371b5-some-74
[Thread-5] INFO de.flapdoodle.embed.process.io.file.FileCleaner - Could delete /tmp/fileCleanerTest-bfc36b66-6628-46ba-be82-31d29de371b5-some-73
[Thread-5] INFO de.flapdoodle.embed.process.io.file.FileCleaner - Could delete /tmp/fileCleanerTest-bfc36b66-6628-46ba-be82-31d29de371b5-some-76
[Thread-5] INFO de.flapdoodle.embed.process.io.file.FileCleaner - Could delete /tmp/fileCleanerTest-bfc36b66-6628-46ba-be82-31d29de371b5-some-75
[Thread-5] INFO de.flapdoodle.embed.process.io.file.FileCleaner - Could delete /tmp/fileCleanerTest-bfc36b66-6628-46ba-be82-31d29de371b5-some-78
[Thread-5] INFO de.flapdoodle.embed.process.io.file.FileCleaner - Could delete /tmp/fileCleanerTest-bfc36b66-6628-46ba-be82-31d29de371b5-some-77
[Thread-5] INFO de.flapdoodle.embed.process.io.file.FileCleaner - Could delete /tmp/fileCleanerTest-bfc36b66-6628-46ba-be82-31d29de371b5-some-80
[Thread-5] INFO de.flapdoodle.embed.process.io.file.FileCleaner - Could delete /tmp/fileCleanerTest-bfc36b66-6628-46ba-be82-31d29de371b5-some-79
[Thread-5] INFO de.flapdoodle.embed.process.io.file.FileCleaner - Could delete /tmp/fileCleanerTest-bfc36b66-6628-46ba-be82-31d29de371b5-some-81
[Thread-5] INFO de.flapdoodle.embed.process.io.file.FileCleaner - Could delete /tmp/fileCleanerTest-bfc36b66-6628-46ba-be82-31d29de371b5-some-82
[Thread-5] INFO de.flapdoodle.embed.process.io.file.FileCleaner - Could delete /tmp/fileCleanerTest-bfc36b66-6628-46ba-be82-31d29de371b5-some-83
[Thread-5] INFO de.flapdoodle.embed.process.io.file.FileCleaner - Could delete /tmp/fileCleanerTest-bfc36b66-6628-46ba-be82-31d29de371b5-some-84
[Thread-5] INFO de.flapdoodle.embed.process.io.file.FileCleaner - Could delete /tmp/fileCleanerTest-bfc36b66-6628-46ba-be82-31d29de371b5-some-85
[Thread-5] INFO de.flapdoodle.embed.process.io.file.FileCleaner - Could delete /tmp/fileCleanerTest-bfc36b66-6628-46ba-be82-31d29de371b5-some-86
[Thread-5] INFO de.flapdoodle.embed.process.io.file.FileCleaner - Could delete /tmp/fileCleanerTest-bfc36b66-6628-46ba-be82-31d29de371b5-some-87
[Thread-5] INFO de.flapdoodle.embed.process.io.file.FileCleaner - Could delete /tmp/fileCleanerTest-bfc36b66-6628-46ba-be82-31d29de371b5-some-88
[Thread-5] INFO de.flapdoodle.embed.process.io.file.FileCleaner - Could delete /tmp/fileCleanerTest-bfc36b66-6628-46ba-be82-31d29de371b5-some-89
[Thread-5] INFO de.flapdoodle.embed.process.io.file.FileCleaner - Could delete /tmp/fileCleanerTest-bfc36b66-6628-46ba-be82-31d29de371b5-some-90
[Thread-5] INFO de.flapdoodle.embed.process.io.file.FileCleaner - Could delete /tmp/fileCleanerTest-bfc36b66-6628-46ba-be82-31d29de371b5-some-92
[Thread-5] INFO de.flapdoodle.embed.process.io.file.FileCleaner - Could delete /tmp/fileCleanerTest-bfc36b66-6628-46ba-be82-31d29de371b5-some-91
[Thread-5] INFO de.flapdoodle.embed.process.io.file.FileCleaner - Could delete /tmp/fileCleanerTest-bfc36b66-6628-46ba-be82-31d29de371b5-some-94
[Thread-5] INFO de.flapdoodle.embed.process.io.file.FileCleaner - Could delete /tmp/fileCleanerTest-bfc36b66-6628-46ba-be82-31d29de371b5-some-93
[Thread-5] INFO de.flapdoodle.embed.process.io.file.FileCleaner - Could delete /tmp/fileCleanerTest-bfc36b66-6628-46ba-be82-31d29de371b5-some-96
[Thread-5] INFO de.flapdoodle.embed.process.io.file.FileCleaner - Could delete /tmp/fileCleanerTest-bfc36b66-6628-46ba-be82-31d29de371b5-some-95
[Thread-5] INFO de.flapdoodle.embed.process.io.file.FileCleaner - Could delete /tmp/fileCleanerTest-bfc36b66-6628-46ba-be82-31d29de371b5-some-98
[Thread-5] INFO de.flapdoodle.embed.process.io.file.FileCleaner - Could delete /tmp/fileCleanerTest-bfc36b66-6628-46ba-be82-31d29de371b5-some-97
[Thread-5] INFO de.flapdoodle.embed.process.io.file.FileCleaner - Could delete /tmp/fileCleanerTest-bfc36b66-6628-46ba-be82-31d29de371b5-some-99
Tests run: 2, Failures: 0, Errors: 0, Skipped: 0, Time elapsed: 2.095 sec - in de.flapdoodle.embed.process.io.file.TestFileCleaner
Running de.flapdoodle.embed.process.store.LocalArtifactStoreTest
Tests run: 1, Failures: 0, Errors: 0, Skipped: 0, Time elapsed: 0 sec - in de.flapdoodle.embed.process.store.LocalArtifactStoreTest
Running de.flapdoodle.embed.process.store.ExtractedArtifactStoreTest
Extract /tmp/junit8806463139913094230/junit7042257381413752429/Linux-B64--1.0.37.zip START
Extract /tmp/junit8806463139913094230/junit7042257381413752429/Linux-B64--1.0.37.zip extract libs/my-lib.txt
Extract /tmp/junit8806463139913094230/junit7042257381413752429/Linux-B64--1.0.37.zip extract my-prog.bat
Extract /tmp/junit8806463139913094230/junit7042257381413752429/Linux-B64--1.0.37.zip nothing left
Extract /tmp/junit8806463139913094230/junit7042257381413752429/Linux-B64--1.0.37.zip DONE
Extract /tmp/junit8806463139913094230/junit7042257381413752429/Linux-B64--1.0.37.zip START
Extract /tmp/junit8806463139913094230/junit7042257381413752429/Linux-B64--1.0.37.zip extract libs/my-lib.txt
Extract /tmp/junit8806463139913094230/junit7042257381413752429/Linux-B64--1.0.37.zip extract my-prog.bat
Extract /tmp/junit8806463139913094230/junit7042257381413752429/Linux-B64--1.0.37.zip nothing left
Extract /tmp/junit8806463139913094230/junit7042257381413752429/Linux-B64--1.0.37.zip DONE
Tests run: 1, Failures: 0, Errors: 0, Skipped: 0, Time elapsed: 0.005 sec - in de.flapdoodle.embed.process.store.ExtractedArtifactStoreTest
Running de.flapdoodle.embed.process.store.StaticArtifactStoreBuilderTest
[main] DEBUG de.flapdoodle.embed.process.io.file.Files - could delete /tmp/static-899466d6-4c9a-4323-a3d9-3030ceb2c41d
Tests run: 1, Failures: 0, Errors: 0, Skipped: 0, Time elapsed: 0.005 sec - in de.flapdoodle.embed.process.store.StaticArtifactStoreBuilderTest

Results :

Tests run: 20, Failures: 0, Errors: 0, Skipped: 0

[INFO] 
[INFO] --- jacoco-maven-plugin:0.8.5:report (report) @ de.flapdoodle.embed.process ---
[INFO] Loading execution data file /tmp/tmpa394f33z/de.flapdoodle.embed.process/target/jacoco.exec
[INFO] Analyzed bundle 'Flapdoodle Embedded Process Util' with 4129 classes
[INFO] ------------------------------------------------------------------------
[INFO] BUILD SUCCESS
[INFO] ------------------------------------------------------------------------
[INFO] Total time:  03:32 min
[INFO] Finished at: 2020-08-03T11:29:04Z
[INFO] ------------------------------------------------------------------------
