[INFO] Error stacktraces are turned on.
[INFO] Scanning for projects...
[WARNING] 
[WARNING] Some problems were encountered while building the effective model for org.GreenButtonAlliance:open-espi-third-party:war:1.3.0.1-SNAPSHOT
[WARNING] 'build.plugins.plugin.(groupId:artifactId)' must be unique but found duplicate declaration of plugin org.apache.maven.plugins:maven-surefire-plugin @ line 529, column 15
[WARNING] 
[WARNING] It is highly recommended to fix these problems because they threaten the stability of your build.
[WARNING] 
[WARNING] For this reason, future Maven versions might no longer support building such malformed projects.
[WARNING] 
[WARNING] The project org.GreenButtonAlliance:open-espi-third-party:war:1.3.0.1-SNAPSHOT uses prerequisites which is only intended for maven-plugin projects but not for non maven-plugin projects. For such purposes you should use the maven-enforcer-plugin. See https://maven.apache.org/enforcer/enforcer-rules/requireMavenVersion.html
[INFO] 
[INFO] -----------< org.GreenButtonAlliance:open-espi-third-party >------------
[INFO] Building open-espi-third-party 1.3.0.1-SNAPSHOT
[INFO] --------------------------------[ war ]---------------------------------
[WARNING] Could not transfer metadata org.greenbuttonalliance:Common:1.3-SNAPSHOT/maven-metadata.xml from/to spring-maven-release (http://maven.springframework.org/release): Authorization failed for http://maven.springframework.org/release/org/greenbuttonalliance/Common/1.3-SNAPSHOT/maven-metadata.xml 403 Forbidden
[WARNING] Could not transfer metadata org.greenbuttonalliance:Common:1.3-SNAPSHOT/maven-metadata.xml from/to spring-maven-milestone (http://maven.springframework.org/milestone): Authorization failed for http://maven.springframework.org/milestone/org/greenbuttonalliance/Common/1.3-SNAPSHOT/maven-metadata.xml 403 Forbidden
[WARNING] Could not transfer metadata org.greenbuttonalliance:Common:1.3-SNAPSHOT/maven-metadata.xml from/to spring-maven-snapshot (http://maven.springframework.org/snapshot): Authorization failed for http://maven.springframework.org/snapshot/org/greenbuttonalliance/Common/1.3-SNAPSHOT/maven-metadata.xml 403 Forbidden
[WARNING] Failure to transfer org.greenbuttonalliance:Common:1.3-SNAPSHOT/maven-metadata.xml from http://maven.springframework.org/release was cached in the local repository, resolution will not be reattempted until the update interval of spring-maven-release has elapsed or updates are forced. Original error: Could not transfer metadata org.greenbuttonalliance:Common:1.3-SNAPSHOT/maven-metadata.xml from/to spring-maven-release (http://maven.springframework.org/release): Authorization failed for http://maven.springframework.org/release/org/greenbuttonalliance/Common/1.3-SNAPSHOT/maven-metadata.xml 403 Forbidden
[WARNING] Failure to transfer org.greenbuttonalliance:Common:1.3-SNAPSHOT/maven-metadata.xml from http://maven.springframework.org/milestone was cached in the local repository, resolution will not be reattempted until the update interval of spring-maven-milestone has elapsed or updates are forced. Original error: Could not transfer metadata org.greenbuttonalliance:Common:1.3-SNAPSHOT/maven-metadata.xml from/to spring-maven-milestone (http://maven.springframework.org/milestone): Authorization failed for http://maven.springframework.org/milestone/org/greenbuttonalliance/Common/1.3-SNAPSHOT/maven-metadata.xml 403 Forbidden
[WARNING] Failure to transfer org.greenbuttonalliance:Common:1.3-SNAPSHOT/maven-metadata.xml from http://maven.springframework.org/snapshot was cached in the local repository, resolution will not be reattempted until the update interval of spring-maven-snapshot has elapsed or updates are forced. Original error: Could not transfer metadata org.greenbuttonalliance:Common:1.3-SNAPSHOT/maven-metadata.xml from/to spring-maven-snapshot (http://maven.springframework.org/snapshot): Authorization failed for http://maven.springframework.org/snapshot/org/greenbuttonalliance/Common/1.3-SNAPSHOT/maven-metadata.xml 403 Forbidden
[INFO] 
[INFO] --- buildnumber-maven-plugin:1.1:create (default) @ open-espi-third-party ---
[INFO] Checking for local modifications: skipped.
[INFO] Updating project files from SCM: skipped.
[INFO] ShortRevision tag detected. The value is '7'.
[INFO] Executing: /bin/sh -c cd /tmp/tmp81k1h9t7/OpenESPI-ThirdParty-java && git rev-parse --verify --short=7 HEAD
[INFO] Working directory: /tmp/tmp81k1h9t7/OpenESPI-ThirdParty-java
[INFO] Storing buildNumber: 3725a2f at timestamp: 1596140013606
[INFO] ShortRevision tag detected. The value is '7'.
[INFO] Executing: /bin/sh -c cd /tmp/tmp81k1h9t7/OpenESPI-ThirdParty-java && git rev-parse --verify --short=7 HEAD
[INFO] Working directory: /tmp/tmp81k1h9t7/OpenESPI-ThirdParty-java
[INFO] Storing buildScmBranch: UNKNOWN
[INFO] 
[INFO] --- maven-clean-plugin:3.1.0:clean (auto-clean) @ open-espi-third-party ---
[INFO] Deleting /tmp/tmp81k1h9t7/OpenESPI-ThirdParty-java/target
[INFO] 
[INFO] --- jacoco-maven-plugin:0.8.5:prepare-agent (default) @ open-espi-third-party ---
[INFO] argLine set to -javaagent:/home/jdbl/.m2/repository/org/jacoco/org.jacoco.agent/0.8.5/org.jacoco.agent-0.8.5-runtime.jar=destfile=/tmp/tmp81k1h9t7/OpenESPI-ThirdParty-java/target/jacoco.exec
[INFO] 
[INFO] --- maven-resources-plugin:2.6:resources (default-resources) @ open-espi-third-party ---
[INFO] Using 'UTF-8' encoding to copy filtered resources.
[INFO] Copying 12 resources
[INFO] 
[INFO] --- maven-compiler-plugin:3.7.0:compile (default-compile) @ open-espi-third-party ---
[INFO] Changes detected - recompiling the module!
[INFO] Compiling 34 source files to /tmp/tmp81k1h9t7/OpenESPI-ThirdParty-java/target/classes
[INFO] /tmp/tmp81k1h9t7/OpenESPI-ThirdParty-java/src/main/java/org/greenbuttonalliance/espi/thirdparty/web/ClientRestTemplate.java: /tmp/tmp81k1h9t7/OpenESPI-ThirdParty-java/src/main/java/org/greenbuttonalliance/espi/thirdparty/web/ClientRestTemplate.java uses or overrides a deprecated API.
[INFO] /tmp/tmp81k1h9t7/OpenESPI-ThirdParty-java/src/main/java/org/greenbuttonalliance/espi/thirdparty/web/ClientRestTemplate.java: Recompile with -Xlint:deprecation for details.
[INFO] 
[INFO] --- maven-resources-plugin:2.6:testResources (default-testResources) @ open-espi-third-party ---
[INFO] Using 'UTF-8' encoding to copy filtered resources.
[INFO] Copying 7 resources
[INFO] 
[INFO] --- maven-compiler-plugin:3.7.0:testCompile (default-testCompile) @ open-espi-third-party ---
[INFO] Changes detected - recompiling the module!
[INFO] Compiling 37 source files to /tmp/tmp81k1h9t7/OpenESPI-ThirdParty-java/target/test-classes
[INFO] /tmp/tmp81k1h9t7/OpenESPI-ThirdParty-java/src/test/java/org/greenbuttonalliance/espi/thirdparty/domain/AccessTokenTests.java: /tmp/tmp81k1h9t7/OpenESPI-ThirdParty-java/src/test/java/org/greenbuttonalliance/espi/thirdparty/domain/AccessTokenTests.java uses or overrides a deprecated API.
[INFO] /tmp/tmp81k1h9t7/OpenESPI-ThirdParty-java/src/test/java/org/greenbuttonalliance/espi/thirdparty/domain/AccessTokenTests.java: Recompile with -Xlint:deprecation for details.
[INFO] 
[INFO] --- maven-surefire-plugin:2.19.1:test (default-test) @ open-espi-third-party ---
[INFO] Surefire report directory: /tmp/tmp81k1h9t7/OpenESPI-ThirdParty-java/target/surefire-reports

-------------------------------------------------------
 T E S T S
-------------------------------------------------------
Running org.greenbuttonalliance.espi.thirdparty.domain.AccessTokenTests
Tests run: 1, Failures: 0, Errors: 0, Skipped: 0, Time elapsed: 1.624 sec - in org.greenbuttonalliance.espi.thirdparty.domain.AccessTokenTests
Running org.greenbuttonalliance.espi.thirdparty.web.CustomerHomeControllerTests
Tests run: 1, Failures: 0, Errors: 0, Skipped: 0, Time elapsed: 10.773 sec - in org.greenbuttonalliance.espi.thirdparty.web.CustomerHomeControllerTests
Running org.greenbuttonalliance.espi.thirdparty.web.custodian.CustodianHomeControllerTests
Tests run: 1, Failures: 0, Errors: 0, Skipped: 0, Time elapsed: 0.001 sec - in org.greenbuttonalliance.espi.thirdparty.web.custodian.CustodianHomeControllerTests
Running org.greenbuttonalliance.espi.thirdparty.web.NotificationControllerTests
Tests run: 1, Failures: 0, Errors: 0, Skipped: 1, Time elapsed: 0 sec - in org.greenbuttonalliance.espi.thirdparty.web.NotificationControllerTests
Running org.greenbuttonalliance.espi.thirdparty.web.HomeControllerTests
Tests run: 7, Failures: 0, Errors: 0, Skipped: 0, Time elapsed: 0.053 sec - in org.greenbuttonalliance.espi.thirdparty.web.HomeControllerTests
Running org.greenbuttonalliance.espi.thirdparty.web.UsagePointControllerTests
Tests run: 4, Failures: 0, Errors: 0, Skipped: 4, Time elapsed: 0.002 sec - in org.greenbuttonalliance.espi.thirdparty.web.UsagePointControllerTests
Running org.greenbuttonalliance.espi.thirdparty.web.LoginControllerTests
Tests run: 1, Failures: 0, Errors: 0, Skipped: 0, Time elapsed: 0.007 sec - in org.greenbuttonalliance.espi.thirdparty.web.LoginControllerTests
Running org.greenbuttonalliance.espi.thirdparty.web.AuthorizationControllerTests
Tests run: 5, Failures: 0, Errors: 0, Skipped: 3, Time elapsed: 0.177 sec - in org.greenbuttonalliance.espi.thirdparty.web.AuthorizationControllerTests
Running org.greenbuttonalliance.espi.thirdparty.web.ScopeSelectionControllerTests
ScopeSelectionController: HttpRequest Method: POST, dataCustodianID: DataCustodianId4b6f3110-780a-4734-b142-eb24ec6a7aae dataCustodianURL: null
ScopeSelectionController: HttpRequest Method: GET, scopes: [scope1, scope2]
ScopeSelectionController: HttpRequest Method: GET, scopes: []
Tests run: 5, Failures: 0, Errors: 0, Skipped: 2, Time elapsed: 0.035 sec - in org.greenbuttonalliance.espi.thirdparty.web.ScopeSelectionControllerTests
Running org.greenbuttonalliance.espi.thirdparty.web.filter.CORSFilterTests
Tests run: 1, Failures: 0, Errors: 0, Skipped: 1, Time elapsed: 0 sec - in org.greenbuttonalliance.espi.thirdparty.web.filter.CORSFilterTests
Running org.greenbuttonalliance.espi.thirdparty.web.BaseControllerTests
Tests run: 6, Failures: 0, Errors: 0, Skipped: 0, Time elapsed: 0.018 sec - in org.greenbuttonalliance.espi.thirdparty.web.BaseControllerTests
Running org.greenbuttonalliance.espi.thirdparty.service.impl.AuthorizationServiceImplTests
Tests run: 5, Failures: 0, Errors: 0, Skipped: 0, Time elapsed: 0.018 sec - in org.greenbuttonalliance.espi.thirdparty.service.impl.AuthorizationServiceImplTests
Running org.greenbuttonalliance.espi.thirdparty.service.impl.StateServiceImplTests
Tests run: 1, Failures: 0, Errors: 0, Skipped: 0, Time elapsed: 0.001 sec - in org.greenbuttonalliance.espi.thirdparty.service.impl.StateServiceImplTests
Running org.greenbuttonalliance.espi.thirdparty.service.impl.ResourceServiceImplTests
Tests run: 2, Failures: 0, Errors: 0, Skipped: 0, Time elapsed: 0.012 sec - in org.greenbuttonalliance.espi.thirdparty.service.impl.ResourceServiceImplTests
Running org.greenbuttonalliance.espi.thirdparty.service.impl.UpdateServiceImplTests
Tests run: 3, Failures: 0, Errors: 0, Skipped: 0, Time elapsed: 0.007 sec - in org.greenbuttonalliance.espi.thirdparty.service.impl.UpdateServiceImplTests
Running org.greenbuttonalliance.espi.thirdparty.service.impl.RetailCustomerServiceImplTests
Tests run: 4, Failures: 0, Errors: 0, Skipped: 0, Time elapsed: 0.007 sec - in org.greenbuttonalliance.espi.thirdparty.service.impl.RetailCustomerServiceImplTests
Running org.greenbuttonalliance.espi.thirdparty.service.impl.UsagePointServiceImplTests
Tests run: 3, Failures: 0, Errors: 0, Skipped: 0, Time elapsed: 0.004 sec - in org.greenbuttonalliance.espi.thirdparty.service.impl.UsagePointServiceImplTests
Running org.greenbuttonalliance.espi.thirdparty.service.impl.MeterReadingServiceImplTests
Tests run: 1, Failures: 0, Errors: 0, Skipped: 0, Time elapsed: 0.004 sec - in org.greenbuttonalliance.espi.thirdparty.service.impl.MeterReadingServiceImplTests
Running org.greenbuttonalliance.espi.thirdparty.repository.impl.MeterReadingRESTRepositoryImplTests
Tests run: 1, Failures: 0, Errors: 0, Skipped: 0, Time elapsed: 0.014 sec - in org.greenbuttonalliance.espi.thirdparty.repository.impl.MeterReadingRESTRepositoryImplTests
Running org.greenbuttonalliance.espi.thirdparty.repository.impl.ResourceRESTRepositoryImplTests
Tests run: 3, Failures: 0, Errors: 0, Skipped: 0, Time elapsed: 0.076 sec - in org.greenbuttonalliance.espi.thirdparty.repository.impl.ResourceRESTRepositoryImplTests
Running org.greenbuttonalliance.espi.thirdparty.integration.web.filters.CORSFilterTests
Tests run: 1, Failures: 0, Errors: 0, Skipped: 0, Time elapsed: 0.235 sec - in org.greenbuttonalliance.espi.thirdparty.integration.web.filters.CORSFilterTests

Results :

Tests run: 57, Failures: 0, Errors: 0, Skipped: 11

[INFO] 
[INFO] --- jacoco-maven-plugin:0.8.5:report (report) @ open-espi-third-party ---
[INFO] Loading execution data file /tmp/tmp81k1h9t7/OpenESPI-ThirdParty-java/target/jacoco.exec
[INFO] Analyzed bundle 'open-espi-third-party' with 30 classes
[INFO] ------------------------------------------------------------------------
[INFO] BUILD SUCCESS
[INFO] ------------------------------------------------------------------------
[INFO] Total time:  03:49 min
[INFO] Finished at: 2020-07-30T20:13:55Z
[INFO] ------------------------------------------------------------------------
