[INFO] Error stacktraces are turned on.
[INFO] Scanning for projects...
[INFO] 
[INFO] ---------------------< com.scaleset:scaleset-geo >----------------------
[INFO] Building scaleset-geo 0.19.0
[INFO] --------------------------------[ jar ]---------------------------------
[INFO] 
[INFO] --- jacoco-maven-plugin:0.8.5:prepare-agent (default) @ scaleset-geo ---
[INFO] argLine set to -javaagent:/home/jdbl/.m2/repository/org/jacoco/org.jacoco.agent/0.8.5/org.jacoco.agent-0.8.5-runtime.jar=destfile=/tmp/tmp49vtgwqw/scaleset-geo/target/jacoco.exec
[INFO] 
[INFO] --- maven-resources-plugin:2.6:resources (default-resources) @ scaleset-geo ---
[INFO] Using 'UTF-8' encoding to copy filtered resources.
[INFO] skip non existing resourceDirectory /tmp/tmp49vtgwqw/scaleset-geo/src/main/resources
[INFO] 
[INFO] --- maven-compiler-plugin:3.1:compile (default-compile) @ scaleset-geo ---
[INFO] Changes detected - recompiling the module!
[INFO] Compiling 23 source files to /tmp/tmp49vtgwqw/scaleset-geo/target/classes
[WARNING] /tmp/tmp49vtgwqw/scaleset-geo/src/main/java/com/scaleset/geo/geojson/GeometryDeserializer.java: /tmp/tmp49vtgwqw/scaleset-geo/src/main/java/com/scaleset/geo/geojson/GeometryDeserializer.java uses unchecked or unsafe operations.
[WARNING] /tmp/tmp49vtgwqw/scaleset-geo/src/main/java/com/scaleset/geo/geojson/GeometryDeserializer.java: Recompile with -Xlint:unchecked for details.
[INFO] 
[INFO] --- maven-resources-plugin:2.6:testResources (default-testResources) @ scaleset-geo ---
[INFO] Using 'UTF-8' encoding to copy filtered resources.
[INFO] Copying 2 resources
[INFO] 
[INFO] --- maven-compiler-plugin:3.1:testCompile (default-testCompile) @ scaleset-geo ---
[INFO] Changes detected - recompiling the module!
[INFO] Compiling 6 source files to /tmp/tmp49vtgwqw/scaleset-geo/target/test-classes
[INFO] 
[INFO] --- maven-surefire-plugin:2.19.1:test (default-test) @ scaleset-geo ---
[INFO] Surefire report directory: /tmp/tmp49vtgwqw/scaleset-geo/target/surefire-reports

-------------------------------------------------------
 T E S T S
-------------------------------------------------------
Running com.scaleset.geo.math.GoogleMapsTileMathTest
Tests run: 8, Failures: 0, Errors: 0, Skipped: 0, Time elapsed: 0.36 sec - in com.scaleset.geo.math.GoogleMapsTileMathTest
Running com.scaleset.geo.geojson.GeoJsonWriterTest
Tests run: 1, Failures: 0, Errors: 0, Skipped: 0, Time elapsed: 1.489 sec - in com.scaleset.geo.geojson.GeoJsonWriterTest
Running com.scaleset.geo.geojson.GeoJsonParserTest
Tests run: 1, Failures: 0, Errors: 0, Skipped: 0, Time elapsed: 0.128 sec - in com.scaleset.geo.geojson.GeoJsonParserTest
Running com.scaleset.geo.geojson.GeoJsonModuleTest
Tests run: 11, Failures: 0, Errors: 0, Skipped: 0, Time elapsed: 0.142 sec - in com.scaleset.geo.geojson.GeoJsonModuleTest
Running com.scaleset.geo.geojson.GeoCsvTest
Tests run: 2, Failures: 0, Errors: 0, Skipped: 1, Time elapsed: 0.008 sec - in com.scaleset.geo.geojson.GeoCsvTest

Results :

Tests run: 23, Failures: 0, Errors: 0, Skipped: 1

[INFO] 
[INFO] --- jacoco-maven-plugin:0.8.5:report (report) @ scaleset-geo ---
[INFO] Loading execution data file /tmp/tmp49vtgwqw/scaleset-geo/target/jacoco.exec
[INFO] Analyzed bundle 'scaleset-geo' with 55 classes
[INFO] ------------------------------------------------------------------------
[INFO] BUILD SUCCESS
[INFO] ------------------------------------------------------------------------
[INFO] Total time:  12.164 s
[INFO] Finished at: 2020-07-30T21:16:35Z
[INFO] ------------------------------------------------------------------------
