[INFO] Error stacktraces are turned on.
[INFO] Scanning for projects...
[INFO] 
[INFO] -----------------------< cn.edu.tsinghua:tsfile >-----------------------
[INFO] Building TsFile 0.7.1-SNAPSHOT
[INFO] --------------------------------[ jar ]---------------------------------
[INFO] 
[INFO] --- jacoco-maven-plugin:0.8.5:prepare-agent (default) @ tsfile ---
[INFO] argLine set to -javaagent:/home/jdbl/.m2/repository/org/jacoco/org.jacoco.agent/0.8.5/org.jacoco.agent-0.8.5-runtime.jar=destfile=/tmp/tmpg7hrxklw/tsfile/target/jacoco.exec
[INFO] 
[INFO] --- maven-resources-plugin:2.6:resources (default-resources) @ tsfile ---
[INFO] Using 'UTF-8' encoding to copy filtered resources.
[INFO] Copying 2 resources
[INFO] 
[INFO] --- maven-compiler-plugin:3.3:compile (default-compile) @ tsfile ---
[INFO] Changes detected - recompiling the module!
[INFO] Compiling 187 source files to /tmp/tmpg7hrxklw/tsfile/target/classes
[WARNING] /tmp/tmpg7hrxklw/tsfile/src/main/java/cn/edu/tsinghua/tsfile/timeseries/write/series/ChunkBuffer.java:[13,18] sun.nio.ch.DirectBuffer is internal proprietary API and may be removed in a future release
[WARNING] /tmp/tmpg7hrxklw/tsfile/src/main/java/cn/edu/tsinghua/tsfile/timeseries/write/series/ChunkBuffer.java:[91,27] sun.nio.ch.DirectBuffer is internal proprietary API and may be removed in a future release
[INFO] /tmp/tmpg7hrxklw/tsfile/src/main/java/cn/edu/tsinghua/tsfile/timeseries/filter/visitor/impl/DigestFilterVisitor.java: Some input files use unchecked or unsafe operations.
[INFO] /tmp/tmpg7hrxklw/tsfile/src/main/java/cn/edu/tsinghua/tsfile/timeseries/filter/visitor/impl/DigestFilterVisitor.java: Recompile with -Xlint:unchecked for details.
[INFO] 
[INFO] --- maven-resources-plugin:2.6:testResources (default-testResources) @ tsfile ---
[INFO] Using 'UTF-8' encoding to copy filtered resources.
[INFO] Copying 3 resources
[INFO] 
[INFO] --- maven-compiler-plugin:3.3:testCompile (default-testCompile) @ tsfile ---
[INFO] Changes detected - recompiling the module!
[INFO] Compiling 63 source files to /tmp/tmpg7hrxklw/tsfile/target/test-classes
[INFO] /tmp/tmpg7hrxklw/tsfile/src/test/java/cn/edu/tsinghua/tsfile/timeseries/write/WriteTest.java: Some input files use or override a deprecated API.
[INFO] /tmp/tmpg7hrxklw/tsfile/src/test/java/cn/edu/tsinghua/tsfile/timeseries/write/WriteTest.java: Recompile with -Xlint:deprecation for details.
[INFO] /tmp/tmpg7hrxklw/tsfile/src/test/java/cn/edu/tsinghua/tsfile/timeseries/write/schema/converter/JsonConverterTest.java: Some input files use unchecked or unsafe operations.
[INFO] /tmp/tmpg7hrxklw/tsfile/src/test/java/cn/edu/tsinghua/tsfile/timeseries/write/schema/converter/JsonConverterTest.java: Recompile with -Xlint:unchecked for details.
[INFO] 
[INFO] --- maven-surefire-plugin:2.19.1:test (default-test) @ tsfile ---
[INFO] Surefire report directory: /tmp/tmpg7hrxklw/tsfile/target/surefire-reports

-------------------------------------------------------
 T E S T S
-------------------------------------------------------
Running cn.edu.tsinghua.tsfile.file.metadata.TsDeviceMetadataTest
20:04:21,654 |-INFO in ch.qos.logback.classic.LoggerContext[default] - Could NOT find resource [logback.groovy]
20:04:21,654 |-INFO in ch.qos.logback.classic.LoggerContext[default] - Could NOT find resource [logback-test.xml]
20:04:21,654 |-INFO in ch.qos.logback.classic.LoggerContext[default] - Found resource [logback.xml] at [file:/tmp/tmpg7hrxklw/tsfile/target/test-classes/logback.xml]
20:04:21,655 |-WARN in ch.qos.logback.classic.LoggerContext[default] - Resource [logback.xml] occurs multiple times on the classpath.
20:04:21,655 |-WARN in ch.qos.logback.classic.LoggerContext[default] - Resource [logback.xml] occurs at [file:/tmp/tmpg7hrxklw/tsfile/target/test-classes/logback.xml]
20:04:21,655 |-WARN in ch.qos.logback.classic.LoggerContext[default] - Resource [logback.xml] occurs at [file:/tmp/tmpg7hrxklw/tsfile/target/classes/logback.xml]
20:04:21,733 |-INFO in ch.qos.logback.classic.joran.action.ConfigurationAction - debug attribute not set
20:04:21,744 |-INFO in ch.qos.logback.core.joran.action.AppenderAction - About to instantiate appender of type [ch.qos.logback.core.rolling.RollingFileAppender]
20:04:21,748 |-INFO in ch.qos.logback.core.joran.action.AppenderAction - Naming appender as [FILEERROR]
20:04:21,814 |-INFO in c.q.l.core.rolling.TimeBasedRollingPolicy - No compression will be used
20:04:21,817 |-INFO in c.q.l.core.rolling.TimeBasedRollingPolicy - Will use the pattern logs/log-error-%d{yyyy-MM-dd}.%i.log for the active file
20:04:21,820 |-INFO in ch.qos.logback.core.rolling.SizeAndTimeBasedFNATP@70e94ecb - The date pattern is 'yyyy-MM-dd' from file name pattern 'logs/log-error-%d{yyyy-MM-dd}.%i.log'.
20:04:21,820 |-INFO in ch.qos.logback.core.rolling.SizeAndTimeBasedFNATP@70e94ecb - Roll-over at midnight.
20:04:21,822 |-INFO in ch.qos.logback.core.rolling.SizeAndTimeBasedFNATP@70e94ecb - Setting initial period to Thu Jul 30 20:04:21 UTC 2020
20:04:21,853 |-INFO in ch.qos.logback.core.rolling.RollingFileAppender[FILEERROR] - Active log file name: logs/log_error.log
20:04:21,854 |-INFO in ch.qos.logback.core.rolling.RollingFileAppender[FILEERROR] - File property is set to [logs/log_error.log]
20:04:21,855 |-INFO in ch.qos.logback.core.joran.action.AppenderAction - About to instantiate appender of type [ch.qos.logback.core.rolling.RollingFileAppender]
20:04:21,855 |-INFO in ch.qos.logback.core.joran.action.AppenderAction - Naming appender as [FILEWARN]
20:04:21,856 |-INFO in c.q.l.core.rolling.TimeBasedRollingPolicy - No compression will be used
20:04:21,856 |-INFO in c.q.l.core.rolling.TimeBasedRollingPolicy - Will use the pattern logs/log-warn-%d{yyyy-MM-dd}.%i.log for the active file
20:04:21,857 |-INFO in ch.qos.logback.core.rolling.SizeAndTimeBasedFNATP@56cfe111 - The date pattern is 'yyyy-MM-dd' from file name pattern 'logs/log-warn-%d{yyyy-MM-dd}.%i.log'.
20:04:21,857 |-INFO in ch.qos.logback.core.rolling.SizeAndTimeBasedFNATP@56cfe111 - Roll-over at midnight.
20:04:21,857 |-INFO in ch.qos.logback.core.rolling.SizeAndTimeBasedFNATP@56cfe111 - Setting initial period to Thu Jul 30 20:04:21 UTC 2020
20:04:21,859 |-INFO in ch.qos.logback.core.rolling.RollingFileAppender[FILEWARN] - Active log file name: logs/log_warn.log
20:04:21,859 |-INFO in ch.qos.logback.core.rolling.RollingFileAppender[FILEWARN] - File property is set to [logs/log_warn.log]
20:04:21,859 |-INFO in ch.qos.logback.core.joran.action.AppenderAction - About to instantiate appender of type [ch.qos.logback.core.rolling.RollingFileAppender]
20:04:21,859 |-INFO in ch.qos.logback.core.joran.action.AppenderAction - Naming appender as [FILEINFO]
20:04:21,860 |-INFO in c.q.l.core.rolling.TimeBasedRollingPolicy - No compression will be used
20:04:21,860 |-INFO in c.q.l.core.rolling.TimeBasedRollingPolicy - Will use the pattern logs/log-info-%d{yyyy-MM-dd}.%i.log for the active file
20:04:21,861 |-INFO in ch.qos.logback.core.rolling.SizeAndTimeBasedFNATP@7e446d92 - The date pattern is 'yyyy-MM-dd' from file name pattern 'logs/log-info-%d{yyyy-MM-dd}.%i.log'.
20:04:21,861 |-INFO in ch.qos.logback.core.rolling.SizeAndTimeBasedFNATP@7e446d92 - Roll-over at midnight.
20:04:21,861 |-INFO in ch.qos.logback.core.rolling.SizeAndTimeBasedFNATP@7e446d92 - Setting initial period to Thu Jul 30 20:04:21 UTC 2020
20:04:21,863 |-INFO in ch.qos.logback.core.rolling.RollingFileAppender[FILEINFO] - Active log file name: logs/log_info.log
20:04:21,863 |-INFO in ch.qos.logback.core.rolling.RollingFileAppender[FILEINFO] - File property is set to [logs/log_info.log]
20:04:21,863 |-INFO in ch.qos.logback.core.joran.action.AppenderAction - About to instantiate appender of type [ch.qos.logback.core.rolling.RollingFileAppender]
20:04:21,863 |-INFO in ch.qos.logback.core.joran.action.AppenderAction - Naming appender as [FILEDEBUG]
20:04:21,864 |-INFO in c.q.l.core.rolling.TimeBasedRollingPolicy - No compression will be used
20:04:21,864 |-INFO in c.q.l.core.rolling.TimeBasedRollingPolicy - Will use the pattern logs/log-debug-%d{yyyy-MM-dd}.%i.log for the active file
20:04:21,864 |-INFO in ch.qos.logback.core.rolling.SizeAndTimeBasedFNATP@57f9b467 - The date pattern is 'yyyy-MM-dd' from file name pattern 'logs/log-debug-%d{yyyy-MM-dd}.%i.log'.
20:04:21,864 |-INFO in ch.qos.logback.core.rolling.SizeAndTimeBasedFNATP@57f9b467 - Roll-over at midnight.
20:04:21,864 |-INFO in ch.qos.logback.core.rolling.SizeAndTimeBasedFNATP@57f9b467 - Setting initial period to Thu Jul 30 20:04:21 UTC 2020
20:04:21,866 |-INFO in ch.qos.logback.core.rolling.RollingFileAppender[FILEDEBUG] - Active log file name: logs/log_debug.log
20:04:21,866 |-INFO in ch.qos.logback.core.rolling.RollingFileAppender[FILEDEBUG] - File property is set to [logs/log_debug.log]
20:04:21,866 |-INFO in ch.qos.logback.core.joran.action.AppenderAction - About to instantiate appender of type [ch.qos.logback.core.ConsoleAppender]
20:04:21,868 |-INFO in ch.qos.logback.core.joran.action.AppenderAction - Naming appender as [stdout]
20:04:21,870 |-INFO in ch.qos.logback.core.joran.action.NestedComplexPropertyIA - Assuming default type [ch.qos.logback.classic.encoder.PatternLayoutEncoder] for [encoder] property
20:04:21,872 |-INFO in ch.qos.logback.classic.joran.action.RootLoggerAction - Setting level of ROOT logger to ERROR
20:04:21,872 |-INFO in ch.qos.logback.core.joran.action.AppenderRefAction - Attaching appender named [FILEDEBUG] to Logger[ROOT]
20:04:21,873 |-INFO in ch.qos.logback.core.joran.action.AppenderRefAction - Attaching appender named [FILEINFO] to Logger[ROOT]
20:04:21,873 |-INFO in ch.qos.logback.core.joran.action.AppenderRefAction - Attaching appender named [FILEWARN] to Logger[ROOT]
20:04:21,873 |-INFO in ch.qos.logback.core.joran.action.AppenderRefAction - Attaching appender named [FILEERROR] to Logger[ROOT]
20:04:21,873 |-INFO in ch.qos.logback.core.joran.action.AppenderRefAction - Attaching appender named [stdout] to Logger[ROOT]
20:04:21,873 |-INFO in ch.qos.logback.classic.joran.action.ConfigurationAction - End of configuration.
20:04:21,874 |-INFO in ch.qos.logback.classic.joran.JoranConfigurator@6d5c2745 - Registering current configuration as safe fallback point

Tests run: 1, Failures: 0, Errors: 0, Skipped: 0, Time elapsed: 0.353 sec - in cn.edu.tsinghua.tsfile.file.metadata.TsDeviceMetadataTest
Running cn.edu.tsinghua.tsfile.file.metadata.TsFileMetaDataTest
Tests run: 1, Failures: 0, Errors: 0, Skipped: 0, Time elapsed: 0.001 sec - in cn.edu.tsinghua.tsfile.file.metadata.TsFileMetaDataTest
Running cn.edu.tsinghua.tsfile.file.metadata.TimeSeriesMetadataTest
Tests run: 1, Failures: 0, Errors: 0, Skipped: 0, Time elapsed: 0 sec - in cn.edu.tsinghua.tsfile.file.metadata.TimeSeriesMetadataTest
Running cn.edu.tsinghua.tsfile.file.metadata.ChunkMetaDataTest
Tests run: 1, Failures: 0, Errors: 0, Skipped: 0, Time elapsed: 0 sec - in cn.edu.tsinghua.tsfile.file.metadata.ChunkMetaDataTest
Running cn.edu.tsinghua.tsfile.file.metadata.statistics.DoubleStatisticsTest
Tests run: 2, Failures: 0, Errors: 0, Skipped: 0, Time elapsed: 0 sec - in cn.edu.tsinghua.tsfile.file.metadata.statistics.DoubleStatisticsTest
Running cn.edu.tsinghua.tsfile.file.metadata.statistics.StringStatisticsTest
Tests run: 2, Failures: 0, Errors: 0, Skipped: 0, Time elapsed: 0 sec - in cn.edu.tsinghua.tsfile.file.metadata.statistics.StringStatisticsTest
Running cn.edu.tsinghua.tsfile.file.metadata.statistics.BooleanStatisticsTest
Tests run: 2, Failures: 0, Errors: 0, Skipped: 0, Time elapsed: 0 sec - in cn.edu.tsinghua.tsfile.file.metadata.statistics.BooleanStatisticsTest
Running cn.edu.tsinghua.tsfile.file.metadata.statistics.FloatStatisticsTest
Tests run: 2, Failures: 0, Errors: 0, Skipped: 0, Time elapsed: 0 sec - in cn.edu.tsinghua.tsfile.file.metadata.statistics.FloatStatisticsTest
Running cn.edu.tsinghua.tsfile.file.metadata.statistics.IntegerStatisticsTest
Tests run: 2, Failures: 0, Errors: 0, Skipped: 0, Time elapsed: 0 sec - in cn.edu.tsinghua.tsfile.file.metadata.statistics.IntegerStatisticsTest
Running cn.edu.tsinghua.tsfile.file.metadata.statistics.LongStatisticsTest
Tests run: 2, Failures: 0, Errors: 0, Skipped: 0, Time elapsed: 0 sec - in cn.edu.tsinghua.tsfile.file.metadata.statistics.LongStatisticsTest
Running cn.edu.tsinghua.tsfile.file.metadata.ChunkGroupMetaDataTest
Tests run: 1, Failures: 0, Errors: 0, Skipped: 0, Time elapsed: 0 sec - in cn.edu.tsinghua.tsfile.file.metadata.ChunkGroupMetaDataTest
Running cn.edu.tsinghua.tsfile.timeseries.utils.StringContainerTest
Tests run: 8, Failures: 0, Errors: 0, Skipped: 0, Time elapsed: 0.004 sec - in cn.edu.tsinghua.tsfile.timeseries.utils.StringContainerTest
Running cn.edu.tsinghua.tsfile.timeseries.utils.FileUtilsTest
Tests run: 2, Failures: 0, Errors: 0, Skipped: 0, Time elapsed: 0.004 sec - in cn.edu.tsinghua.tsfile.timeseries.utils.FileUtilsTest
Running cn.edu.tsinghua.tsfile.timeseries.utils.cache.LRUCacheTest
Tests run: 1, Failures: 0, Errors: 0, Skipped: 0, Time elapsed: 0.008 sec - in cn.edu.tsinghua.tsfile.timeseries.utils.cache.LRUCacheTest
Running cn.edu.tsinghua.tsfile.timeseries.utils.RecordUtilsTest
Tests run: 5, Failures: 0, Errors: 0, Skipped: 0, Time elapsed: 0.063 sec - in cn.edu.tsinghua.tsfile.timeseries.utils.RecordUtilsTest
Running cn.edu.tsinghua.tsfile.timeseries.write.WriteTest
d1,0,s0,0,s1,1596139462016000,s2,0.0,s3,2.2801992314514284E14,s4,true,s5,MAN
d2,0,s0,1,s1,1596139462016001,s2,0.3333333333333333,s3,2.28019923145143E14,s4,false,s5,WOMAN
d3,0,s0,2,s1,1596139462016002,s2,0.6666666666666666,s3,2.2801992314514316E14,s4,true,s5,MAN
d1,1,s0,10,s1,1596139462016020,s2,10.0,s3,2.2801992314514856E14,s4,false,s5,WOMAN
d2,1,s0,11,s1,1596139462016021,s2,10.333333333333334,s3,2.2801992314514872E14,s4,true,s5,MAN
d3,1,s0,12,s1,1596139462016022,s2,10.666666666666666,s3,2.2801992314514884E14,s4,false,s5,WOMAN
d1,2,s0,20,s1,1596139462016040,s2,20.0,s3,2.2801992314515428E14,s4,true,s5,MAN
d2,2,s0,21,s1,1596139462016041,s2,20.333333333333332,s3,2.2801992314515444E14,s4,false,s5,WOMAN
d3,2,s0,22,s1,1596139462016042,s2,20.666666666666668,s3,2.2801992314515456E14,s4,true,s5,MAN
d1,3,s0,30,s1,1596139462016060,s2,30.0,s3,2.2801992314516E14,s4,false,s5,WOMAN
d2,3,s0,31,s1,1596139462016061,s2,30.333333333333332,s3,2.2801992314516016E14,s4,true,s5,MAN
d3,3,s0,32,s1,1596139462016062,s2,30.666666666666668,s3,2.2801992314516028E14,s4,false,s5,WOMAN
d1,4,s0,40,s1,1596139462016080,s2,40.0,s3,2.2801992314516572E14,s4,true,s5,MAN
d1,5,s0,50,s1,1596139462016100,s2,50.0,s3,2.2801992314517144E14,s4,false,s5,WOMAN
d1,6,s0,60,s1,1596139462016120,s2,60.0,s3,2.2801992314517716E14,s4,true,s5,MAN
d1,7,s0,70,s1,1596139462016140,s2,70.0,s3,2.2801992314518284E14,s4,false,s5,WOMAN
d2,8,s0,80,s1,1596139462016160,s2,80.0,s3,2.2801992314518856E14,s4,true,s5,MAN
d3,8,s0,81,s1,1596139462016161,s2,80.33333333333333,s3,2.2801992314518872E14,s4,false,s5,WOMAN
d2,9,s0,90,s1,1596139462016180,s2,90.0,s3,2.2801992314519428E14,s4,false,s5,WOMAN
d3,9,s0,91,s1,1596139462016181,s2,90.33333333333333,s3,2.2801992314519444E14,s4,true,s5,MAN
d2,10,s0,100,s1,1596139462016200,s2,100.0,s3,2.280199231452E14,s4,true,s5,MAN
d3,10,s0,101,s1,1596139462016201,s2,100.33333333333333,s3,2.2801992314520016E14,s4,false,s5,WOMAN
d2,11,s0,110,s1,1596139462016220,s2,110.0,s3,2.2801992314520572E14,s4,false,s5,WOMAN
d3,11,s0,111,s1,1596139462016221,s2,110.33333333333333,s3,2.2801992314520584E14,s4,true,s5,MAN
Tests run: 1, Failures: 0, Errors: 0, Skipped: 0, Time elapsed: 0.043 sec - in cn.edu.tsinghua.tsfile.timeseries.write.WriteTest
Running cn.edu.tsinghua.tsfile.timeseries.write.PerfTest
INFO  [2020-07-30 20:04:22,074] [main] cn.edu.tsinghua.tsfile.timeseries.write.PerfTest:170 - write line:0,use time:0s 
WARN  [2020-07-30 20:04:22,136] [main] cn.edu.tsinghua.tsfile.timeseries.utils.RecordUtils:51 - measurementId:1596139463000,type not found, pass 
WARN  [2020-07-30 20:04:22,136] [main] cn.edu.tsinghua.tsfile.timeseries.utils.RecordUtils:51 - measurementId:10002,type not found, pass 
WARN  [2020-07-30 20:04:22,137] [main] cn.edu.tsinghua.tsfile.timeseries.utils.RecordUtils:51 - measurementId:2,type not found, pass 
INFO  [2020-07-30 20:04:22,137] [main] cn.edu.tsinghua.tsfile.timeseries.write.PerfTest:178 - write line:2002,use time:0s 
INFO  [2020-07-30 20:04:22,137] [main] cn.edu.tsinghua.tsfile.timeseries.write.TsFileWriter:289 - start close file 
INFO  [2020-07-30 20:04:22,139] [main] cn.edu.tsinghua.tsfile.timeseries.write.TsFileWriter:269 - total row group size:45846 
INFO  [2020-07-30 20:04:22,140] [main] cn.edu.tsinghua.tsfile.timeseries.write.TsFileWriter:270 - write row group end 
INFO  [2020-07-30 20:04:22,141] [main] cn.edu.tsinghua.tsfile.timeseries.write.io.TsFileIOWriter:208 - output stream is closed 
INFO  [2020-07-30 20:04:22,141] [main] cn.edu.tsinghua.tsfile.timeseries.write.PerfTest:181 - write total:2002,use time:0s 
INFO  [2020-07-30 20:04:22,141] [main] cn.edu.tsinghua.tsfile.timeseries.write.PerfTest:182 - write total:2002,use time:70ms 
INFO  [2020-07-30 20:04:22,141] [main] cn.edu.tsinghua.tsfile.timeseries.write.PerfTest:183 - src file size:0.0 GB 
INFO  [2020-07-30 20:04:22,142] [main] cn.edu.tsinghua.tsfile.timeseries.write.PerfTest:184 - tsfile size:0.04 MB 
INFO  [2020-07-30 20:04:22,144] [main] cn.edu.tsinghua.tsfile.timeseries.write.PerfTest:185 - tsfile size:47223.0 B 
INFO  [2020-07-30 20:04:22,145] [main] cn.edu.tsinghua.tsfile.timeseries.write.PerfTest:145 - write to file successfully!! 
Tests run: 1, Failures: 0, Errors: 0, Skipped: 0, Time elapsed: 0.087 sec - in cn.edu.tsinghua.tsfile.timeseries.write.PerfTest
Running cn.edu.tsinghua.tsfile.timeseries.write.schema.converter.SchemaBuilderTest
Tests run: 1, Failures: 0, Errors: 0, Skipped: 0, Time elapsed: 0.001 sec - in cn.edu.tsinghua.tsfile.timeseries.write.schema.converter.SchemaBuilderTest
Running cn.edu.tsinghua.tsfile.timeseries.write.schema.converter.JsonConverterTest
Tests run: 2, Failures: 0, Errors: 0, Skipped: 0, Time elapsed: 0.003 sec - in cn.edu.tsinghua.tsfile.timeseries.write.schema.converter.JsonConverterTest
Running cn.edu.tsinghua.tsfile.timeseries.write.ReadPageInMemTest
INFO  [2020-07-30 20:04:22,152] [main] cn.edu.tsinghua.tsfile.timeseries.write.TsFileWriter:289 - start close file 
INFO  [2020-07-30 20:04:22,153] [main] cn.edu.tsinghua.tsfile.timeseries.write.TsFileWriter:269 - total row group size:2860 
INFO  [2020-07-30 20:04:22,154] [main] cn.edu.tsinghua.tsfile.timeseries.write.TsFileWriter:270 - write row group end 
INFO  [2020-07-30 20:04:22,155] [main] cn.edu.tsinghua.tsfile.timeseries.write.io.TsFileIOWriter:208 - output stream is closed 
INFO  [2020-07-30 20:04:22,158] [main] cn.edu.tsinghua.tsfile.timeseries.write.TsFileWriter:289 - start close file 
INFO  [2020-07-30 20:04:22,160] [main] cn.edu.tsinghua.tsfile.timeseries.write.TsFileWriter:269 - total row group size:5720 
INFO  [2020-07-30 20:04:22,160] [main] cn.edu.tsinghua.tsfile.timeseries.write.TsFileWriter:270 - write row group end 
INFO  [2020-07-30 20:04:22,161] [main] cn.edu.tsinghua.tsfile.timeseries.write.io.TsFileIOWriter:208 - output stream is closed 
Tests run: 2, Failures: 0, Errors: 0, Skipped: 0, Time elapsed: 0.011 sec - in cn.edu.tsinghua.tsfile.timeseries.write.ReadPageInMemTest
Running cn.edu.tsinghua.tsfile.timeseries.write.series.PageWriterTest
Tests run: 1, Failures: 0, Errors: 0, Skipped: 0, Time elapsed: 0 sec - in cn.edu.tsinghua.tsfile.timeseries.write.series.PageWriterTest
Running cn.edu.tsinghua.tsfile.timeseries.read.ReadTest
INFO  [2020-07-30 20:04:22,170] [main] cn.edu.tsinghua.tsfile.timeseries.read.ReadPerf:198 - write line:0,use time:0s 
WARN  [2020-07-30 20:04:22,189] [main] cn.edu.tsinghua.tsfile.timeseries.utils.RecordUtils:51 - measurementId:1480562619000,type not found, pass 
WARN  [2020-07-30 20:04:22,189] [main] cn.edu.tsinghua.tsfile.timeseries.utils.RecordUtils:51 - measurementId:10002,type not found, pass 
WARN  [2020-07-30 20:04:22,189] [main] cn.edu.tsinghua.tsfile.timeseries.utils.RecordUtils:51 - measurementId:2,type not found, pass 
INFO  [2020-07-30 20:04:22,190] [main] cn.edu.tsinghua.tsfile.timeseries.read.ReadPerf:206 - write line:2002,use time:0s 
INFO  [2020-07-30 20:04:22,191] [main] cn.edu.tsinghua.tsfile.timeseries.write.TsFileWriter:289 - start close file 
INFO  [2020-07-30 20:04:22,195] [main] cn.edu.tsinghua.tsfile.timeseries.write.TsFileWriter:269 - total row group size:31524 
INFO  [2020-07-30 20:04:22,195] [main] cn.edu.tsinghua.tsfile.timeseries.write.TsFileWriter:270 - write row group end 
INFO  [2020-07-30 20:04:22,197] [main] cn.edu.tsinghua.tsfile.timeseries.write.io.TsFileIOWriter:208 - output stream is closed 
INFO  [2020-07-30 20:04:22,197] [main] cn.edu.tsinghua.tsfile.timeseries.read.ReadPerf:210 - write total:2002,use time:0s 
INFO  [2020-07-30 20:04:22,197] [main] cn.edu.tsinghua.tsfile.timeseries.read.ReadPerf:211 - src file size:0.0GB 
INFO  [2020-07-30 20:04:22,198] [main] cn.edu.tsinghua.tsfile.timeseries.read.ReadPerf:212 - src file size:0.03MB 
INFO  [2020-07-30 20:04:22,198] [main] cn.edu.tsinghua.tsfile.timeseries.read.ReadPerf:130 - write to file successfully!! 
INFO  [2020-07-30 20:04:22,243] [main] cn.edu.tsinghua.tsfile.timeseries.read.ReadPerf:198 - write line:0,use time:0s 
WARN  [2020-07-30 20:04:22,261] [main] cn.edu.tsinghua.tsfile.timeseries.utils.RecordUtils:51 - measurementId:1480562619000,type not found, pass 
WARN  [2020-07-30 20:04:22,262] [main] cn.edu.tsinghua.tsfile.timeseries.utils.RecordUtils:51 - measurementId:10002,type not found, pass 
WARN  [2020-07-30 20:04:22,262] [main] cn.edu.tsinghua.tsfile.timeseries.utils.RecordUtils:51 - measurementId:2,type not found, pass 
INFO  [2020-07-30 20:04:22,262] [main] cn.edu.tsinghua.tsfile.timeseries.read.ReadPerf:206 - write line:2002,use time:0s 
INFO  [2020-07-30 20:04:22,262] [main] cn.edu.tsinghua.tsfile.timeseries.write.TsFileWriter:289 - start close file 
INFO  [2020-07-30 20:04:22,264] [main] cn.edu.tsinghua.tsfile.timeseries.write.TsFileWriter:269 - total row group size:31524 
INFO  [2020-07-30 20:04:22,265] [main] cn.edu.tsinghua.tsfile.timeseries.write.TsFileWriter:270 - write row group end 
INFO  [2020-07-30 20:04:22,266] [main] cn.edu.tsinghua.tsfile.timeseries.write.io.TsFileIOWriter:208 - output stream is closed 
INFO  [2020-07-30 20:04:22,266] [main] cn.edu.tsinghua.tsfile.timeseries.read.ReadPerf:210 - write total:2002,use time:0s 
INFO  [2020-07-30 20:04:22,267] [main] cn.edu.tsinghua.tsfile.timeseries.read.ReadPerf:211 - src file size:0.0GB 
INFO  [2020-07-30 20:04:22,267] [main] cn.edu.tsinghua.tsfile.timeseries.read.ReadPerf:212 - src file size:0.03MB 
INFO  [2020-07-30 20:04:22,267] [main] cn.edu.tsinghua.tsfile.timeseries.read.ReadPerf:130 - write to file successfully!! 
INFO  [2020-07-30 20:04:22,279] [main] cn.edu.tsinghua.tsfile.timeseries.read.ReadPerf:198 - write line:0,use time:0s 
WARN  [2020-07-30 20:04:22,290] [main] cn.edu.tsinghua.tsfile.timeseries.utils.RecordUtils:51 - measurementId:1480562619000,type not found, pass 
WARN  [2020-07-30 20:04:22,291] [main] cn.edu.tsinghua.tsfile.timeseries.utils.RecordUtils:51 - measurementId:10002,type not found, pass 
WARN  [2020-07-30 20:04:22,291] [main] cn.edu.tsinghua.tsfile.timeseries.utils.RecordUtils:51 - measurementId:2,type not found, pass 
INFO  [2020-07-30 20:04:22,291] [main] cn.edu.tsinghua.tsfile.timeseries.read.ReadPerf:206 - write line:2002,use time:0s 
INFO  [2020-07-30 20:04:22,291] [main] cn.edu.tsinghua.tsfile.timeseries.write.TsFileWriter:289 - start close file 
INFO  [2020-07-30 20:04:22,293] [main] cn.edu.tsinghua.tsfile.timeseries.write.TsFileWriter:269 - total row group size:31524 
INFO  [2020-07-30 20:04:22,294] [main] cn.edu.tsinghua.tsfile.timeseries.write.TsFileWriter:270 - write row group end 
INFO  [2020-07-30 20:04:22,295] [main] cn.edu.tsinghua.tsfile.timeseries.write.io.TsFileIOWriter:208 - output stream is closed 
INFO  [2020-07-30 20:04:22,295] [main] cn.edu.tsinghua.tsfile.timeseries.read.ReadPerf:210 - write total:2002,use time:0s 
INFO  [2020-07-30 20:04:22,295] [main] cn.edu.tsinghua.tsfile.timeseries.read.ReadPerf:211 - src file size:0.0GB 
INFO  [2020-07-30 20:04:22,295] [main] cn.edu.tsinghua.tsfile.timeseries.read.ReadPerf:212 - src file size:0.03MB 
INFO  [2020-07-30 20:04:22,296] [main] cn.edu.tsinghua.tsfile.timeseries.read.ReadPerf:130 - write to file successfully!! 
INFO  [2020-07-30 20:04:22,320] [main] cn.edu.tsinghua.tsfile.timeseries.read.ReadPerf:198 - write line:0,use time:0s 
WARN  [2020-07-30 20:04:22,327] [main] cn.edu.tsinghua.tsfile.timeseries.utils.RecordUtils:51 - measurementId:1480562619000,type not found, pass 
WARN  [2020-07-30 20:04:22,327] [main] cn.edu.tsinghua.tsfile.timeseries.utils.RecordUtils:51 - measurementId:10002,type not found, pass 
WARN  [2020-07-30 20:04:22,328] [main] cn.edu.tsinghua.tsfile.timeseries.utils.RecordUtils:51 - measurementId:2,type not found, pass 
INFO  [2020-07-30 20:04:22,328] [main] cn.edu.tsinghua.tsfile.timeseries.read.ReadPerf:206 - write line:2002,use time:0s 
INFO  [2020-07-30 20:04:22,328] [main] cn.edu.tsinghua.tsfile.timeseries.write.TsFileWriter:289 - start close file 
INFO  [2020-07-30 20:04:22,330] [main] cn.edu.tsinghua.tsfile.timeseries.write.TsFileWriter:269 - total row group size:31524 
INFO  [2020-07-30 20:04:22,330] [main] cn.edu.tsinghua.tsfile.timeseries.write.TsFileWriter:270 - write row group end 
INFO  [2020-07-30 20:04:22,332] [main] cn.edu.tsinghua.tsfile.timeseries.write.io.TsFileIOWriter:208 - output stream is closed 
INFO  [2020-07-30 20:04:22,332] [main] cn.edu.tsinghua.tsfile.timeseries.read.ReadPerf:210 - write total:2002,use time:0s 
INFO  [2020-07-30 20:04:22,333] [main] cn.edu.tsinghua.tsfile.timeseries.read.ReadPerf:211 - src file size:0.0GB 
INFO  [2020-07-30 20:04:22,334] [main] cn.edu.tsinghua.tsfile.timeseries.read.ReadPerf:212 - src file size:0.03MB 
INFO  [2020-07-30 20:04:22,334] [main] cn.edu.tsinghua.tsfile.timeseries.read.ReadPerf:130 - write to file successfully!! 
INFO  [2020-07-30 20:04:22,355] [main] cn.edu.tsinghua.tsfile.timeseries.read.ReadPerf:198 - write line:0,use time:0s 
WARN  [2020-07-30 20:04:22,362] [main] cn.edu.tsinghua.tsfile.timeseries.utils.RecordUtils:51 - measurementId:1480562619000,type not found, pass 
WARN  [2020-07-30 20:04:22,363] [main] cn.edu.tsinghua.tsfile.timeseries.utils.RecordUtils:51 - measurementId:10002,type not found, pass 
WARN  [2020-07-30 20:04:22,363] [main] cn.edu.tsinghua.tsfile.timeseries.utils.RecordUtils:51 - measurementId:2,type not found, pass 
INFO  [2020-07-30 20:04:22,363] [main] cn.edu.tsinghua.tsfile.timeseries.read.ReadPerf:206 - write line:2002,use time:0s 
INFO  [2020-07-30 20:04:22,363] [main] cn.edu.tsinghua.tsfile.timeseries.write.TsFileWriter:289 - start close file 
INFO  [2020-07-30 20:04:22,364] [main] cn.edu.tsinghua.tsfile.timeseries.write.TsFileWriter:269 - total row group size:31524 
INFO  [2020-07-30 20:04:22,364] [main] cn.edu.tsinghua.tsfile.timeseries.write.TsFileWriter:270 - write row group end 
INFO  [2020-07-30 20:04:22,365] [main] cn.edu.tsinghua.tsfile.timeseries.write.io.TsFileIOWriter:208 - output stream is closed 
INFO  [2020-07-30 20:04:22,366] [main] cn.edu.tsinghua.tsfile.timeseries.read.ReadPerf:210 - write total:2002,use time:0s 
INFO  [2020-07-30 20:04:22,366] [main] cn.edu.tsinghua.tsfile.timeseries.read.ReadPerf:211 - src file size:0.0GB 
INFO  [2020-07-30 20:04:22,366] [main] cn.edu.tsinghua.tsfile.timeseries.read.ReadPerf:212 - src file size:0.03MB 
INFO  [2020-07-30 20:04:22,366] [main] cn.edu.tsinghua.tsfile.timeseries.read.ReadPerf:130 - write to file successfully!! 
INFO  [2020-07-30 20:04:22,371] [main] cn.edu.tsinghua.tsfile.timeseries.read.ReadPerf:198 - write line:0,use time:0s 
WARN  [2020-07-30 20:04:22,379] [main] cn.edu.tsinghua.tsfile.timeseries.utils.RecordUtils:51 - measurementId:1480562619000,type not found, pass 
WARN  [2020-07-30 20:04:22,380] [main] cn.edu.tsinghua.tsfile.timeseries.utils.RecordUtils:51 - measurementId:10002,type not found, pass 
WARN  [2020-07-30 20:04:22,381] [main] cn.edu.tsinghua.tsfile.timeseries.utils.RecordUtils:51 - measurementId:2,type not found, pass 
INFO  [2020-07-30 20:04:22,381] [main] cn.edu.tsinghua.tsfile.timeseries.read.ReadPerf:206 - write line:2002,use time:0s 
INFO  [2020-07-30 20:04:22,381] [main] cn.edu.tsinghua.tsfile.timeseries.write.TsFileWriter:289 - start close file 
INFO  [2020-07-30 20:04:22,382] [main] cn.edu.tsinghua.tsfile.timeseries.write.TsFileWriter:269 - total row group size:31524 
INFO  [2020-07-30 20:04:22,383] [main] cn.edu.tsinghua.tsfile.timeseries.write.TsFileWriter:270 - write row group end 
INFO  [2020-07-30 20:04:22,384] [main] cn.edu.tsinghua.tsfile.timeseries.write.io.TsFileIOWriter:208 - output stream is closed 
INFO  [2020-07-30 20:04:22,385] [main] cn.edu.tsinghua.tsfile.timeseries.read.ReadPerf:210 - write total:2002,use time:0s 
INFO  [2020-07-30 20:04:22,385] [main] cn.edu.tsinghua.tsfile.timeseries.read.ReadPerf:211 - src file size:0.0GB 
INFO  [2020-07-30 20:04:22,386] [main] cn.edu.tsinghua.tsfile.timeseries.read.ReadPerf:212 - src file size:0.03MB 
INFO  [2020-07-30 20:04:22,386] [main] cn.edu.tsinghua.tsfile.timeseries.read.ReadPerf:130 - write to file successfully!! 
INFO  [2020-07-30 20:04:22,398] [main] cn.edu.tsinghua.tsfile.timeseries.read.ReadPerf:198 - write line:0,use time:0s 
WARN  [2020-07-30 20:04:22,406] [main] cn.edu.tsinghua.tsfile.timeseries.utils.RecordUtils:51 - measurementId:1480562619000,type not found, pass 
WARN  [2020-07-30 20:04:22,406] [main] cn.edu.tsinghua.tsfile.timeseries.utils.RecordUtils:51 - measurementId:10002,type not found, pass 
WARN  [2020-07-30 20:04:22,406] [main] cn.edu.tsinghua.tsfile.timeseries.utils.RecordUtils:51 - measurementId:2,type not found, pass 
INFO  [2020-07-30 20:04:22,406] [main] cn.edu.tsinghua.tsfile.timeseries.read.ReadPerf:206 - write line:2002,use time:0s 
INFO  [2020-07-30 20:04:22,406] [main] cn.edu.tsinghua.tsfile.timeseries.write.TsFileWriter:289 - start close file 
INFO  [2020-07-30 20:04:22,408] [main] cn.edu.tsinghua.tsfile.timeseries.write.TsFileWriter:269 - total row group size:31524 
INFO  [2020-07-30 20:04:22,408] [main] cn.edu.tsinghua.tsfile.timeseries.write.TsFileWriter:270 - write row group end 
INFO  [2020-07-30 20:04:22,409] [main] cn.edu.tsinghua.tsfile.timeseries.write.io.TsFileIOWriter:208 - output stream is closed 
INFO  [2020-07-30 20:04:22,409] [main] cn.edu.tsinghua.tsfile.timeseries.read.ReadPerf:210 - write total:2002,use time:0s 
INFO  [2020-07-30 20:04:22,409] [main] cn.edu.tsinghua.tsfile.timeseries.read.ReadPerf:211 - src file size:0.0GB 
INFO  [2020-07-30 20:04:22,409] [main] cn.edu.tsinghua.tsfile.timeseries.read.ReadPerf:212 - src file size:0.03MB 
INFO  [2020-07-30 20:04:22,410] [main] cn.edu.tsinghua.tsfile.timeseries.read.ReadPerf:130 - write to file successfully!! 
INFO  [2020-07-30 20:04:22,414] [main] cn.edu.tsinghua.tsfile.timeseries.read.ReadPerf:198 - write line:0,use time:0s 
WARN  [2020-07-30 20:04:22,422] [main] cn.edu.tsinghua.tsfile.timeseries.utils.RecordUtils:51 - measurementId:1480562619000,type not found, pass 
WARN  [2020-07-30 20:04:22,423] [main] cn.edu.tsinghua.tsfile.timeseries.utils.RecordUtils:51 - measurementId:10002,type not found, pass 
WARN  [2020-07-30 20:04:22,423] [main] cn.edu.tsinghua.tsfile.timeseries.utils.RecordUtils:51 - measurementId:2,type not found, pass 
INFO  [2020-07-30 20:04:22,423] [main] cn.edu.tsinghua.tsfile.timeseries.read.ReadPerf:206 - write line:2002,use time:0s 
INFO  [2020-07-30 20:04:22,423] [main] cn.edu.tsinghua.tsfile.timeseries.write.TsFileWriter:289 - start close file 
INFO  [2020-07-30 20:04:22,425] [main] cn.edu.tsinghua.tsfile.timeseries.write.TsFileWriter:269 - total row group size:31524 
INFO  [2020-07-30 20:04:22,425] [main] cn.edu.tsinghua.tsfile.timeseries.write.TsFileWriter:270 - write row group end 
INFO  [2020-07-30 20:04:22,426] [main] cn.edu.tsinghua.tsfile.timeseries.write.io.TsFileIOWriter:208 - output stream is closed 
INFO  [2020-07-30 20:04:22,426] [main] cn.edu.tsinghua.tsfile.timeseries.read.ReadPerf:210 - write total:2002,use time:0s 
INFO  [2020-07-30 20:04:22,426] [main] cn.edu.tsinghua.tsfile.timeseries.read.ReadPerf:211 - src file size:0.0GB 
INFO  [2020-07-30 20:04:22,426] [main] cn.edu.tsinghua.tsfile.timeseries.read.ReadPerf:212 - src file size:0.03MB 
INFO  [2020-07-30 20:04:22,426] [main] cn.edu.tsinghua.tsfile.timeseries.read.ReadPerf:130 - write to file successfully!! 
INFO  [2020-07-30 20:04:22,435] [main] cn.edu.tsinghua.tsfile.timeseries.read.ReadPerf:198 - write line:0,use time:0s 
WARN  [2020-07-30 20:04:22,445] [main] cn.edu.tsinghua.tsfile.timeseries.utils.RecordUtils:51 - measurementId:1480562619000,type not found, pass 
WARN  [2020-07-30 20:04:22,446] [main] cn.edu.tsinghua.tsfile.timeseries.utils.RecordUtils:51 - measurementId:10002,type not found, pass 
WARN  [2020-07-30 20:04:22,446] [main] cn.edu.tsinghua.tsfile.timeseries.utils.RecordUtils:51 - measurementId:2,type not found, pass 
INFO  [2020-07-30 20:04:22,446] [main] cn.edu.tsinghua.tsfile.timeseries.read.ReadPerf:206 - write line:2002,use time:0s 
INFO  [2020-07-30 20:04:22,446] [main] cn.edu.tsinghua.tsfile.timeseries.write.TsFileWriter:289 - start close file 
INFO  [2020-07-30 20:04:22,448] [main] cn.edu.tsinghua.tsfile.timeseries.write.TsFileWriter:269 - total row group size:31524 
INFO  [2020-07-30 20:04:22,448] [main] cn.edu.tsinghua.tsfile.timeseries.write.TsFileWriter:270 - write row group end 
INFO  [2020-07-30 20:04:22,449] [main] cn.edu.tsinghua.tsfile.timeseries.write.io.TsFileIOWriter:208 - output stream is closed 
INFO  [2020-07-30 20:04:22,449] [main] cn.edu.tsinghua.tsfile.timeseries.read.ReadPerf:210 - write total:2002,use time:0s 
INFO  [2020-07-30 20:04:22,449] [main] cn.edu.tsinghua.tsfile.timeseries.read.ReadPerf:211 - src file size:0.0GB 
INFO  [2020-07-30 20:04:22,449] [main] cn.edu.tsinghua.tsfile.timeseries.read.ReadPerf:212 - src file size:0.03MB 
INFO  [2020-07-30 20:04:22,449] [main] cn.edu.tsinghua.tsfile.timeseries.read.ReadPerf:130 - write to file successfully!! 
Tests run: 9, Failures: 0, Errors: 0, Skipped: 0, Time elapsed: 0.288 sec - in cn.edu.tsinghua.tsfile.timeseries.read.ReadTest
Running cn.edu.tsinghua.tsfile.timeseries.read.controller.SeriesChunkLoaderTest
INFO  [2020-07-30 20:04:23,971] [main] cn.edu.tsinghua.tsfile.timeseries.readV1.TsFileGeneratorForTest:220 - write line:0,use time:0s 
INFO  [2020-07-30 20:04:24,452] [main] cn.edu.tsinghua.tsfile.timeseries.write.TsFileWriter:226 - start_flush_row_group, memory space occupy:1050348 
INFO  [2020-07-30 20:04:24,497] [main] cn.edu.tsinghua.tsfile.timeseries.write.TsFileWriter:269 - total row group size:993778 
INFO  [2020-07-30 20:04:24,497] [main] cn.edu.tsinghua.tsfile.timeseries.write.TsFileWriter:270 - write row group end 
INFO  [2020-07-30 20:04:24,823] [main] cn.edu.tsinghua.tsfile.timeseries.write.TsFileWriter:226 - start_flush_row_group, memory space occupy:1058543 
INFO  [2020-07-30 20:04:24,827] [main] cn.edu.tsinghua.tsfile.timeseries.write.TsFileWriter:269 - total row group size:1005563 
INFO  [2020-07-30 20:04:24,827] [main] cn.edu.tsinghua.tsfile.timeseries.write.TsFileWriter:270 - write row group end 
INFO  [2020-07-30 20:04:25,071] [main] cn.edu.tsinghua.tsfile.timeseries.write.TsFileWriter:226 - start_flush_row_group, memory space occupy:1059516 
INFO  [2020-07-30 20:04:25,078] [main] cn.edu.tsinghua.tsfile.timeseries.write.TsFileWriter:269 - total row group size:1007484 
INFO  [2020-07-30 20:04:25,079] [main] cn.edu.tsinghua.tsfile.timeseries.write.TsFileWriter:270 - write row group end 
INFO  [2020-07-30 20:04:25,408] [main] cn.edu.tsinghua.tsfile.timeseries.write.TsFileWriter:226 - start_flush_row_group, memory space occupy:1048871 
INFO  [2020-07-30 20:04:25,422] [main] cn.edu.tsinghua.tsfile.timeseries.write.TsFileWriter:269 - total row group size:999321 
INFO  [2020-07-30 20:04:25,422] [main] cn.edu.tsinghua.tsfile.timeseries.write.TsFileWriter:270 - write row group end 
INFO  [2020-07-30 20:04:25,706] [main] cn.edu.tsinghua.tsfile.timeseries.write.TsFileWriter:226 - start_flush_row_group, memory space occupy:1050661 
INFO  [2020-07-30 20:04:25,711] [main] cn.edu.tsinghua.tsfile.timeseries.write.TsFileWriter:269 - total row group size:1004106 
INFO  [2020-07-30 20:04:25,711] [main] cn.edu.tsinghua.tsfile.timeseries.write.TsFileWriter:270 - write row group end 
INFO  [2020-07-30 20:04:25,980] [main] cn.edu.tsinghua.tsfile.timeseries.write.TsFileWriter:226 - start_flush_row_group, memory space occupy:1051857 
INFO  [2020-07-30 20:04:25,984] [main] cn.edu.tsinghua.tsfile.timeseries.write.TsFileWriter:269 - total row group size:1004612 
INFO  [2020-07-30 20:04:25,984] [main] cn.edu.tsinghua.tsfile.timeseries.write.TsFileWriter:270 - write row group end 
INFO  [2020-07-30 20:04:26,256] [main] cn.edu.tsinghua.tsfile.timeseries.write.TsFileWriter:226 - start_flush_row_group, memory space occupy:1048861 
INFO  [2020-07-30 20:04:26,259] [main] cn.edu.tsinghua.tsfile.timeseries.write.TsFileWriter:269 - total row group size:1003054 
INFO  [2020-07-30 20:04:26,259] [main] cn.edu.tsinghua.tsfile.timeseries.write.TsFileWriter:270 - write row group end 
INFO  [2020-07-30 20:04:26,489] [main] cn.edu.tsinghua.tsfile.timeseries.write.TsFileWriter:226 - start_flush_row_group, memory space occupy:1049184 
INFO  [2020-07-30 20:04:26,509] [main] cn.edu.tsinghua.tsfile.timeseries.write.TsFileWriter:269 - total row group size:1003689 
INFO  [2020-07-30 20:04:26,514] [main] cn.edu.tsinghua.tsfile.timeseries.write.TsFileWriter:270 - write row group end 
INFO  [2020-07-30 20:04:26,800] [main] cn.edu.tsinghua.tsfile.timeseries.write.TsFileWriter:226 - start_flush_row_group, memory space occupy:1049107 
INFO  [2020-07-30 20:04:26,805] [main] cn.edu.tsinghua.tsfile.timeseries.write.TsFileWriter:269 - total row group size:1003320 
INFO  [2020-07-30 20:04:26,806] [main] cn.edu.tsinghua.tsfile.timeseries.write.TsFileWriter:270 - write row group end 
INFO  [2020-07-30 20:04:27,117] [main] cn.edu.tsinghua.tsfile.timeseries.write.TsFileWriter:226 - start_flush_row_group, memory space occupy:1052562 
INFO  [2020-07-30 20:04:27,122] [main] cn.edu.tsinghua.tsfile.timeseries.write.TsFileWriter:269 - total row group size:1008600 
INFO  [2020-07-30 20:04:27,122] [main] cn.edu.tsinghua.tsfile.timeseries.write.TsFileWriter:270 - write row group end 
INFO  [2020-07-30 20:04:27,405] [main] cn.edu.tsinghua.tsfile.timeseries.readV1.TsFileGeneratorForTest:220 - write line:1000000,use time:3s 
INFO  [2020-07-30 20:04:27,431] [main] cn.edu.tsinghua.tsfile.timeseries.write.TsFileWriter:226 - start_flush_row_group, memory space occupy:1050410 
INFO  [2020-07-30 20:04:27,435] [main] cn.edu.tsinghua.tsfile.timeseries.write.TsFileWriter:269 - total row group size:1005220 
INFO  [2020-07-30 20:04:27,435] [main] cn.edu.tsinghua.tsfile.timeseries.write.TsFileWriter:270 - write row group end 
INFO  [2020-07-30 20:04:27,738] [main] cn.edu.tsinghua.tsfile.timeseries.write.TsFileWriter:226 - start_flush_row_group, memory space occupy:1051170 
INFO  [2020-07-30 20:04:27,742] [main] cn.edu.tsinghua.tsfile.timeseries.write.TsFileWriter:269 - total row group size:1007728 
INFO  [2020-07-30 20:04:27,742] [main] cn.edu.tsinghua.tsfile.timeseries.write.TsFileWriter:270 - write row group end 
INFO  [2020-07-30 20:04:28,016] [main] cn.edu.tsinghua.tsfile.timeseries.write.TsFileWriter:226 - start_flush_row_group, memory space occupy:1050268 
INFO  [2020-07-30 20:04:28,020] [main] cn.edu.tsinghua.tsfile.timeseries.write.TsFileWriter:269 - total row group size:1005761 
INFO  [2020-07-30 20:04:28,022] [main] cn.edu.tsinghua.tsfile.timeseries.write.TsFileWriter:270 - write row group end 
INFO  [2020-07-30 20:04:28,277] [main] cn.edu.tsinghua.tsfile.timeseries.write.TsFileWriter:226 - start_flush_row_group, memory space occupy:1050037 
INFO  [2020-07-30 20:04:28,281] [main] cn.edu.tsinghua.tsfile.timeseries.write.TsFileWriter:269 - total row group size:1007634 
INFO  [2020-07-30 20:04:28,282] [main] cn.edu.tsinghua.tsfile.timeseries.write.TsFileWriter:270 - write row group end 
INFO  [2020-07-30 20:04:28,543] [main] cn.edu.tsinghua.tsfile.timeseries.write.TsFileWriter:226 - start_flush_row_group, memory space occupy:1049757 
INFO  [2020-07-30 20:04:28,548] [main] cn.edu.tsinghua.tsfile.timeseries.write.TsFileWriter:269 - total row group size:1006357 
INFO  [2020-07-30 20:04:28,548] [main] cn.edu.tsinghua.tsfile.timeseries.write.TsFileWriter:270 - write row group end 
INFO  [2020-07-30 20:04:28,830] [main] cn.edu.tsinghua.tsfile.timeseries.write.TsFileWriter:226 - start_flush_row_group, memory space occupy:1049337 
INFO  [2020-07-30 20:04:28,834] [main] cn.edu.tsinghua.tsfile.timeseries.write.TsFileWriter:269 - total row group size:1005367 
INFO  [2020-07-30 20:04:28,835] [main] cn.edu.tsinghua.tsfile.timeseries.write.TsFileWriter:270 - write row group end 
INFO  [2020-07-30 20:04:29,122] [main] cn.edu.tsinghua.tsfile.timeseries.write.TsFileWriter:226 - start_flush_row_group, memory space occupy:1050642 
INFO  [2020-07-30 20:04:29,128] [main] cn.edu.tsinghua.tsfile.timeseries.write.TsFileWriter:269 - total row group size:1006052 
INFO  [2020-07-30 20:04:29,133] [main] cn.edu.tsinghua.tsfile.timeseries.write.TsFileWriter:270 - write row group end 
INFO  [2020-07-30 20:04:29,420] [main] cn.edu.tsinghua.tsfile.timeseries.write.TsFileWriter:226 - start_flush_row_group, memory space occupy:1050354 
INFO  [2020-07-30 20:04:29,428] [main] cn.edu.tsinghua.tsfile.timeseries.write.TsFileWriter:269 - total row group size:1006775 
INFO  [2020-07-30 20:04:29,430] [main] cn.edu.tsinghua.tsfile.timeseries.write.TsFileWriter:270 - write row group end 
INFO  [2020-07-30 20:04:29,688] [main] cn.edu.tsinghua.tsfile.timeseries.write.TsFileWriter:226 - start_flush_row_group, memory space occupy:1054719 
INFO  [2020-07-30 20:04:29,692] [main] cn.edu.tsinghua.tsfile.timeseries.write.TsFileWriter:269 - total row group size:1010585 
INFO  [2020-07-30 20:04:29,693] [main] cn.edu.tsinghua.tsfile.timeseries.write.TsFileWriter:270 - write row group end 
INFO  [2020-07-30 20:04:29,919] [main] cn.edu.tsinghua.tsfile.timeseries.write.TsFileWriter:226 - start_flush_row_group, memory space occupy:1051592 
INFO  [2020-07-30 20:04:29,924] [main] cn.edu.tsinghua.tsfile.timeseries.write.TsFileWriter:269 - total row group size:1006524 
INFO  [2020-07-30 20:04:29,924] [main] cn.edu.tsinghua.tsfile.timeseries.write.TsFileWriter:270 - write row group end 
INFO  [2020-07-30 20:04:30,216] [main] cn.edu.tsinghua.tsfile.timeseries.write.TsFileWriter:226 - start_flush_row_group, memory space occupy:1049514 
INFO  [2020-07-30 20:04:30,220] [main] cn.edu.tsinghua.tsfile.timeseries.write.TsFileWriter:269 - total row group size:1005546 
INFO  [2020-07-30 20:04:30,221] [main] cn.edu.tsinghua.tsfile.timeseries.write.TsFileWriter:270 - write row group end 
INFO  [2020-07-30 20:04:30,469] [main] cn.edu.tsinghua.tsfile.timeseries.readV1.TsFileGeneratorForTest:220 - write line:2000000,use time:6s 
WARN  [2020-07-30 20:04:30,470] [main] cn.edu.tsinghua.tsfile.timeseries.utils.RecordUtils:51 - measurementId:1480563618000,type not found, pass 
WARN  [2020-07-30 20:04:30,470] [main] cn.edu.tsinghua.tsfile.timeseries.utils.RecordUtils:51 - measurementId:10000002,type not found, pass 
WARN  [2020-07-30 20:04:30,470] [main] cn.edu.tsinghua.tsfile.timeseries.utils.RecordUtils:51 - measurementId:2,type not found, pass 
INFO  [2020-07-30 20:04:30,470] [main] cn.edu.tsinghua.tsfile.timeseries.readV1.TsFileGeneratorForTest:228 - write line:2000002,use time:6s 
INFO  [2020-07-30 20:04:30,471] [main] cn.edu.tsinghua.tsfile.timeseries.write.TsFileWriter:289 - start close file 
INFO  [2020-07-30 20:04:30,474] [main] cn.edu.tsinghua.tsfile.timeseries.write.TsFileWriter:269 - total row group size:930338 
INFO  [2020-07-30 20:04:30,474] [main] cn.edu.tsinghua.tsfile.timeseries.write.TsFileWriter:270 - write row group end 
INFO  [2020-07-30 20:04:30,489] [main] cn.edu.tsinghua.tsfile.timeseries.write.io.TsFileIOWriter:208 - output stream is closed 
INFO  [2020-07-30 20:04:30,490] [main] cn.edu.tsinghua.tsfile.timeseries.readV1.TsFileGeneratorForTest:232 - write total:2000002,use time:6s 
INFO  [2020-07-30 20:04:30,490] [main] cn.edu.tsinghua.tsfile.timeseries.readV1.TsFileGeneratorForTest:233 - src file size:0.08GB 
INFO  [2020-07-30 20:04:30,490] [main] cn.edu.tsinghua.tsfile.timeseries.readV1.TsFileGeneratorForTest:234 - out file size:21.05MB 
INFO  [2020-07-30 20:04:30,491] [main] cn.edu.tsinghua.tsfile.timeseries.readV1.TsFileGeneratorForTest:139 - write to file successfully!! 
Tests run: 1, Failures: 0, Errors: 0, Skipped: 0, Time elapsed: 8.066 sec - in cn.edu.tsinghua.tsfile.timeseries.read.controller.SeriesChunkLoaderTest
Running cn.edu.tsinghua.tsfile.timeseries.read.controller.MetadataQuerierByFileImplTest
INFO  [2020-07-30 20:04:32,238] [main] cn.edu.tsinghua.tsfile.timeseries.readV1.TsFileGeneratorForTest:220 - write line:0,use time:0s 
INFO  [2020-07-30 20:04:32,487] [main] cn.edu.tsinghua.tsfile.timeseries.write.TsFileWriter:226 - start_flush_row_group, memory space occupy:1050348 
INFO  [2020-07-30 20:04:32,492] [main] cn.edu.tsinghua.tsfile.timeseries.write.TsFileWriter:269 - total row group size:993778 
INFO  [2020-07-30 20:04:32,493] [main] cn.edu.tsinghua.tsfile.timeseries.write.TsFileWriter:270 - write row group end 
INFO  [2020-07-30 20:04:32,762] [main] cn.edu.tsinghua.tsfile.timeseries.write.TsFileWriter:226 - start_flush_row_group, memory space occupy:1058543 
INFO  [2020-07-30 20:04:32,765] [main] cn.edu.tsinghua.tsfile.timeseries.write.TsFileWriter:269 - total row group size:1005563 
INFO  [2020-07-30 20:04:32,766] [main] cn.edu.tsinghua.tsfile.timeseries.write.TsFileWriter:270 - write row group end 
INFO  [2020-07-30 20:04:33,024] [main] cn.edu.tsinghua.tsfile.timeseries.write.TsFileWriter:226 - start_flush_row_group, memory space occupy:1059516 
INFO  [2020-07-30 20:04:33,027] [main] cn.edu.tsinghua.tsfile.timeseries.write.TsFileWriter:269 - total row group size:1007484 
INFO  [2020-07-30 20:04:33,028] [main] cn.edu.tsinghua.tsfile.timeseries.write.TsFileWriter:270 - write row group end 
INFO  [2020-07-30 20:04:33,320] [main] cn.edu.tsinghua.tsfile.timeseries.write.TsFileWriter:226 - start_flush_row_group, memory space occupy:1048871 
INFO  [2020-07-30 20:04:33,324] [main] cn.edu.tsinghua.tsfile.timeseries.write.TsFileWriter:269 - total row group size:999321 
INFO  [2020-07-30 20:04:33,324] [main] cn.edu.tsinghua.tsfile.timeseries.write.TsFileWriter:270 - write row group end 
INFO  [2020-07-30 20:04:33,601] [main] cn.edu.tsinghua.tsfile.timeseries.write.TsFileWriter:226 - start_flush_row_group, memory space occupy:1050661 
INFO  [2020-07-30 20:04:33,606] [main] cn.edu.tsinghua.tsfile.timeseries.write.TsFileWriter:269 - total row group size:1004106 
INFO  [2020-07-30 20:04:33,606] [main] cn.edu.tsinghua.tsfile.timeseries.write.TsFileWriter:270 - write row group end 
INFO  [2020-07-30 20:04:33,916] [main] cn.edu.tsinghua.tsfile.timeseries.write.TsFileWriter:226 - start_flush_row_group, memory space occupy:1051857 
INFO  [2020-07-30 20:04:33,920] [main] cn.edu.tsinghua.tsfile.timeseries.write.TsFileWriter:269 - total row group size:1004612 
INFO  [2020-07-30 20:04:33,920] [main] cn.edu.tsinghua.tsfile.timeseries.write.TsFileWriter:270 - write row group end 
INFO  [2020-07-30 20:04:34,161] [main] cn.edu.tsinghua.tsfile.timeseries.write.TsFileWriter:226 - start_flush_row_group, memory space occupy:1048861 
INFO  [2020-07-30 20:04:34,166] [main] cn.edu.tsinghua.tsfile.timeseries.write.TsFileWriter:269 - total row group size:1003054 
INFO  [2020-07-30 20:04:34,167] [main] cn.edu.tsinghua.tsfile.timeseries.write.TsFileWriter:270 - write row group end 
INFO  [2020-07-30 20:04:34,428] [main] cn.edu.tsinghua.tsfile.timeseries.write.TsFileWriter:226 - start_flush_row_group, memory space occupy:1049184 
INFO  [2020-07-30 20:04:34,431] [main] cn.edu.tsinghua.tsfile.timeseries.write.TsFileWriter:269 - total row group size:1003689 
INFO  [2020-07-30 20:04:34,432] [main] cn.edu.tsinghua.tsfile.timeseries.write.TsFileWriter:270 - write row group end 
INFO  [2020-07-30 20:04:34,717] [main] cn.edu.tsinghua.tsfile.timeseries.write.TsFileWriter:226 - start_flush_row_group, memory space occupy:1049107 
INFO  [2020-07-30 20:04:34,721] [main] cn.edu.tsinghua.tsfile.timeseries.write.TsFileWriter:269 - total row group size:1003320 
INFO  [2020-07-30 20:04:34,721] [main] cn.edu.tsinghua.tsfile.timeseries.write.TsFileWriter:270 - write row group end 
INFO  [2020-07-30 20:04:34,997] [main] cn.edu.tsinghua.tsfile.timeseries.write.TsFileWriter:226 - start_flush_row_group, memory space occupy:1052562 
INFO  [2020-07-30 20:04:35,001] [main] cn.edu.tsinghua.tsfile.timeseries.write.TsFileWriter:269 - total row group size:1008600 
INFO  [2020-07-30 20:04:35,001] [main] cn.edu.tsinghua.tsfile.timeseries.write.TsFileWriter:270 - write row group end 
INFO  [2020-07-30 20:04:35,169] [main] cn.edu.tsinghua.tsfile.timeseries.readV1.TsFileGeneratorForTest:220 - write line:1000000,use time:2s 
INFO  [2020-07-30 20:04:35,193] [main] cn.edu.tsinghua.tsfile.timeseries.write.TsFileWriter:226 - start_flush_row_group, memory space occupy:1050410 
INFO  [2020-07-30 20:04:35,197] [main] cn.edu.tsinghua.tsfile.timeseries.write.TsFileWriter:269 - total row group size:1005220 
INFO  [2020-07-30 20:04:35,197] [main] cn.edu.tsinghua.tsfile.timeseries.write.TsFileWriter:270 - write row group end 
INFO  [2020-07-30 20:04:35,448] [main] cn.edu.tsinghua.tsfile.timeseries.write.TsFileWriter:226 - start_flush_row_group, memory space occupy:1051170 
INFO  [2020-07-30 20:04:35,453] [main] cn.edu.tsinghua.tsfile.timeseries.write.TsFileWriter:269 - total row group size:1007728 
INFO  [2020-07-30 20:04:35,454] [main] cn.edu.tsinghua.tsfile.timeseries.write.TsFileWriter:270 - write row group end 
INFO  [2020-07-30 20:04:35,662] [main] cn.edu.tsinghua.tsfile.timeseries.write.TsFileWriter:226 - start_flush_row_group, memory space occupy:1050268 
INFO  [2020-07-30 20:04:35,666] [main] cn.edu.tsinghua.tsfile.timeseries.write.TsFileWriter:269 - total row group size:1005761 
INFO  [2020-07-30 20:04:35,667] [main] cn.edu.tsinghua.tsfile.timeseries.write.TsFileWriter:270 - write row group end 
INFO  [2020-07-30 20:04:35,894] [main] cn.edu.tsinghua.tsfile.timeseries.write.TsFileWriter:226 - start_flush_row_group, memory space occupy:1050037 
INFO  [2020-07-30 20:04:35,899] [main] cn.edu.tsinghua.tsfile.timeseries.write.TsFileWriter:269 - total row group size:1007634 
INFO  [2020-07-30 20:04:35,899] [main] cn.edu.tsinghua.tsfile.timeseries.write.TsFileWriter:270 - write row group end 
INFO  [2020-07-30 20:04:36,173] [main] cn.edu.tsinghua.tsfile.timeseries.write.TsFileWriter:226 - start_flush_row_group, memory space occupy:1049757 
INFO  [2020-07-30 20:04:36,177] [main] cn.edu.tsinghua.tsfile.timeseries.write.TsFileWriter:269 - total row group size:1006357 
INFO  [2020-07-30 20:04:36,177] [main] cn.edu.tsinghua.tsfile.timeseries.write.TsFileWriter:270 - write row group end 
INFO  [2020-07-30 20:04:36,432] [main] cn.edu.tsinghua.tsfile.timeseries.write.TsFileWriter:226 - start_flush_row_group, memory space occupy:1049337 
INFO  [2020-07-30 20:04:36,435] [main] cn.edu.tsinghua.tsfile.timeseries.write.TsFileWriter:269 - total row group size:1005367 
INFO  [2020-07-30 20:04:36,436] [main] cn.edu.tsinghua.tsfile.timeseries.write.TsFileWriter:270 - write row group end 
INFO  [2020-07-30 20:04:36,659] [main] cn.edu.tsinghua.tsfile.timeseries.write.TsFileWriter:226 - start_flush_row_group, memory space occupy:1050642 
INFO  [2020-07-30 20:04:36,662] [main] cn.edu.tsinghua.tsfile.timeseries.write.TsFileWriter:269 - total row group size:1006052 
INFO  [2020-07-30 20:04:36,662] [main] cn.edu.tsinghua.tsfile.timeseries.write.TsFileWriter:270 - write row group end 
INFO  [2020-07-30 20:04:36,880] [main] cn.edu.tsinghua.tsfile.timeseries.write.TsFileWriter:226 - start_flush_row_group, memory space occupy:1050354 
INFO  [2020-07-30 20:04:36,884] [main] cn.edu.tsinghua.tsfile.timeseries.write.TsFileWriter:269 - total row group size:1006775 
INFO  [2020-07-30 20:04:36,885] [main] cn.edu.tsinghua.tsfile.timeseries.write.TsFileWriter:270 - write row group end 
INFO  [2020-07-30 20:04:37,073] [main] cn.edu.tsinghua.tsfile.timeseries.write.TsFileWriter:226 - start_flush_row_group, memory space occupy:1054719 
INFO  [2020-07-30 20:04:37,077] [main] cn.edu.tsinghua.tsfile.timeseries.write.TsFileWriter:269 - total row group size:1010585 
INFO  [2020-07-30 20:04:37,077] [main] cn.edu.tsinghua.tsfile.timeseries.write.TsFileWriter:270 - write row group end 
INFO  [2020-07-30 20:04:37,346] [main] cn.edu.tsinghua.tsfile.timeseries.write.TsFileWriter:226 - start_flush_row_group, memory space occupy:1051592 
INFO  [2020-07-30 20:04:37,350] [main] cn.edu.tsinghua.tsfile.timeseries.write.TsFileWriter:269 - total row group size:1006524 
INFO  [2020-07-30 20:04:37,350] [main] cn.edu.tsinghua.tsfile.timeseries.write.TsFileWriter:270 - write row group end 
INFO  [2020-07-30 20:04:37,592] [main] cn.edu.tsinghua.tsfile.timeseries.write.TsFileWriter:226 - start_flush_row_group, memory space occupy:1049514 
INFO  [2020-07-30 20:04:37,596] [main] cn.edu.tsinghua.tsfile.timeseries.write.TsFileWriter:269 - total row group size:1005546 
INFO  [2020-07-30 20:04:37,596] [main] cn.edu.tsinghua.tsfile.timeseries.write.TsFileWriter:270 - write row group end 
INFO  [2020-07-30 20:04:37,836] [main] cn.edu.tsinghua.tsfile.timeseries.readV1.TsFileGeneratorForTest:220 - write line:2000000,use time:5s 
WARN  [2020-07-30 20:04:37,837] [main] cn.edu.tsinghua.tsfile.timeseries.utils.RecordUtils:51 - measurementId:1480563618000,type not found, pass 
WARN  [2020-07-30 20:04:37,837] [main] cn.edu.tsinghua.tsfile.timeseries.utils.RecordUtils:51 - measurementId:10000002,type not found, pass 
WARN  [2020-07-30 20:04:37,837] [main] cn.edu.tsinghua.tsfile.timeseries.utils.RecordUtils:51 - measurementId:2,type not found, pass 
INFO  [2020-07-30 20:04:37,837] [main] cn.edu.tsinghua.tsfile.timeseries.readV1.TsFileGeneratorForTest:228 - write line:2000002,use time:5s 
INFO  [2020-07-30 20:04:37,837] [main] cn.edu.tsinghua.tsfile.timeseries.write.TsFileWriter:289 - start close file 
INFO  [2020-07-30 20:04:37,840] [main] cn.edu.tsinghua.tsfile.timeseries.write.TsFileWriter:269 - total row group size:930338 
INFO  [2020-07-30 20:04:37,840] [main] cn.edu.tsinghua.tsfile.timeseries.write.TsFileWriter:270 - write row group end 
INFO  [2020-07-30 20:04:37,854] [main] cn.edu.tsinghua.tsfile.timeseries.write.io.TsFileIOWriter:208 - output stream is closed 
INFO  [2020-07-30 20:04:37,855] [main] cn.edu.tsinghua.tsfile.timeseries.readV1.TsFileGeneratorForTest:232 - write total:2000002,use time:5s 
INFO  [2020-07-30 20:04:37,855] [main] cn.edu.tsinghua.tsfile.timeseries.readV1.TsFileGeneratorForTest:233 - src file size:0.08GB 
INFO  [2020-07-30 20:04:37,855] [main] cn.edu.tsinghua.tsfile.timeseries.readV1.TsFileGeneratorForTest:234 - out file size:21.05MB 
INFO  [2020-07-30 20:04:37,855] [main] cn.edu.tsinghua.tsfile.timeseries.readV1.TsFileGeneratorForTest:139 - write to file successfully!! 
Tests run: 1, Failures: 0, Errors: 0, Skipped: 0, Time elapsed: 7.358 sec - in cn.edu.tsinghua.tsfile.timeseries.read.controller.MetadataQuerierByFileImplTest
Running cn.edu.tsinghua.tsfile.timeseries.read.query.timegenerator.TimestampGeneratorTest
INFO  [2020-07-30 20:04:37,880] [main] cn.edu.tsinghua.tsfile.timeseries.readV1.TsFileGeneratorForTest:220 - write line:0,use time:0s 
WARN  [2020-07-30 20:04:37,886] [main] cn.edu.tsinghua.tsfile.timeseries.utils.RecordUtils:51 - measurementId:1480562619000,type not found, pass 
WARN  [2020-07-30 20:04:37,887] [main] cn.edu.tsinghua.tsfile.timeseries.utils.RecordUtils:51 - measurementId:10002,type not found, pass 
WARN  [2020-07-30 20:04:37,887] [main] cn.edu.tsinghua.tsfile.timeseries.utils.RecordUtils:51 - measurementId:2,type not found, pass 
INFO  [2020-07-30 20:04:37,888] [main] cn.edu.tsinghua.tsfile.timeseries.readV1.TsFileGeneratorForTest:228 - write line:2002,use time:0s 
INFO  [2020-07-30 20:04:37,888] [main] cn.edu.tsinghua.tsfile.timeseries.write.TsFileWriter:289 - start close file 
INFO  [2020-07-30 20:04:37,889] [main] cn.edu.tsinghua.tsfile.timeseries.write.TsFileWriter:269 - total row group size:21375 
INFO  [2020-07-30 20:04:37,889] [main] cn.edu.tsinghua.tsfile.timeseries.write.TsFileWriter:270 - write row group end 
INFO  [2020-07-30 20:04:37,890] [main] cn.edu.tsinghua.tsfile.timeseries.write.io.TsFileIOWriter:208 - output stream is closed 
INFO  [2020-07-30 20:04:37,890] [main] cn.edu.tsinghua.tsfile.timeseries.readV1.TsFileGeneratorForTest:232 - write total:2002,use time:0s 
INFO  [2020-07-30 20:04:37,890] [main] cn.edu.tsinghua.tsfile.timeseries.readV1.TsFileGeneratorForTest:233 - src file size:0.0GB 
INFO  [2020-07-30 20:04:37,890] [main] cn.edu.tsinghua.tsfile.timeseries.readV1.TsFileGeneratorForTest:234 - out file size:0.02MB 
INFO  [2020-07-30 20:04:37,890] [main] cn.edu.tsinghua.tsfile.timeseries.readV1.TsFileGeneratorForTest:139 - write to file successfully!! 
Tests run: 1, Failures: 0, Errors: 0, Skipped: 0, Time elapsed: 0.018 sec - in cn.edu.tsinghua.tsfile.timeseries.read.query.timegenerator.TimestampGeneratorTest
Running cn.edu.tsinghua.tsfile.timeseries.read.query.timegenerator.NodeTest
Tests run: 3, Failures: 0, Errors: 0, Skipped: 0, Time elapsed: 0 sec - in cn.edu.tsinghua.tsfile.timeseries.read.query.timegenerator.NodeTest
Running cn.edu.tsinghua.tsfile.timeseries.read.query.executor.QueryExecutorTest
INFO  [2020-07-30 20:04:37,908] [main] cn.edu.tsinghua.tsfile.timeseries.readV1.TsFileGeneratorForTest:220 - write line:0,use time:0s 
WARN  [2020-07-30 20:04:37,957] [main] cn.edu.tsinghua.tsfile.timeseries.utils.RecordUtils:51 - measurementId:1480562628000,type not found, pass 
WARN  [2020-07-30 20:04:37,957] [main] cn.edu.tsinghua.tsfile.timeseries.utils.RecordUtils:51 - measurementId:100002,type not found, pass 
WARN  [2020-07-30 20:04:37,957] [main] cn.edu.tsinghua.tsfile.timeseries.utils.RecordUtils:51 - measurementId:2,type not found, pass 
INFO  [2020-07-30 20:04:37,957] [main] cn.edu.tsinghua.tsfile.timeseries.readV1.TsFileGeneratorForTest:228 - write line:20002,use time:0s 
INFO  [2020-07-30 20:04:37,957] [main] cn.edu.tsinghua.tsfile.timeseries.write.TsFileWriter:289 - start close file 
INFO  [2020-07-30 20:04:37,958] [main] cn.edu.tsinghua.tsfile.timeseries.write.TsFileWriter:269 - total row group size:209559 
INFO  [2020-07-30 20:04:37,959] [main] cn.edu.tsinghua.tsfile.timeseries.write.TsFileWriter:270 - write row group end 
INFO  [2020-07-30 20:04:37,960] [main] cn.edu.tsinghua.tsfile.timeseries.write.io.TsFileIOWriter:208 - output stream is closed 
INFO  [2020-07-30 20:04:37,960] [main] cn.edu.tsinghua.tsfile.timeseries.readV1.TsFileGeneratorForTest:232 - write total:20002,use time:0s 
INFO  [2020-07-30 20:04:37,960] [main] cn.edu.tsinghua.tsfile.timeseries.readV1.TsFileGeneratorForTest:233 - src file size:0.0GB 
INFO  [2020-07-30 20:04:37,960] [main] cn.edu.tsinghua.tsfile.timeseries.readV1.TsFileGeneratorForTest:234 - out file size:0.2MB 
INFO  [2020-07-30 20:04:37,960] [main] cn.edu.tsinghua.tsfile.timeseries.readV1.TsFileGeneratorForTest:139 - write to file successfully!! 
[Query]:
	[Selected Series]:[d1.s1, d1.s2, d1.s2, d1.s4, d1.s5]
	[QueryFilter]:null
[Time]: 25ms
INFO  [2020-07-30 20:04:37,996] [main] cn.edu.tsinghua.tsfile.timeseries.readV1.TsFileGeneratorForTest:220 - write line:0,use time:0s 
WARN  [2020-07-30 20:04:38,043] [main] cn.edu.tsinghua.tsfile.timeseries.utils.RecordUtils:51 - measurementId:1480562628000,type not found, pass 
WARN  [2020-07-30 20:04:38,043] [main] cn.edu.tsinghua.tsfile.timeseries.utils.RecordUtils:51 - measurementId:100002,type not found, pass 
WARN  [2020-07-30 20:04:38,043] [main] cn.edu.tsinghua.tsfile.timeseries.utils.RecordUtils:51 - measurementId:2,type not found, pass 
INFO  [2020-07-30 20:04:38,043] [main] cn.edu.tsinghua.tsfile.timeseries.readV1.TsFileGeneratorForTest:228 - write line:20002,use time:0s 
INFO  [2020-07-30 20:04:38,044] [main] cn.edu.tsinghua.tsfile.timeseries.write.TsFileWriter:289 - start close file 
INFO  [2020-07-30 20:04:38,045] [main] cn.edu.tsinghua.tsfile.timeseries.write.TsFileWriter:269 - total row group size:209559 
INFO  [2020-07-30 20:04:38,045] [main] cn.edu.tsinghua.tsfile.timeseries.write.TsFileWriter:270 - write row group end 
INFO  [2020-07-30 20:04:38,046] [main] cn.edu.tsinghua.tsfile.timeseries.write.io.TsFileIOWriter:208 - output stream is closed 
INFO  [2020-07-30 20:04:38,046] [main] cn.edu.tsinghua.tsfile.timeseries.readV1.TsFileGeneratorForTest:232 - write total:20002,use time:0s 
INFO  [2020-07-30 20:04:38,046] [main] cn.edu.tsinghua.tsfile.timeseries.readV1.TsFileGeneratorForTest:233 - src file size:0.0GB 
INFO  [2020-07-30 20:04:38,046] [main] cn.edu.tsinghua.tsfile.timeseries.readV1.TsFileGeneratorForTest:234 - out file size:0.2MB 
INFO  [2020-07-30 20:04:38,046] [main] cn.edu.tsinghua.tsfile.timeseries.readV1.TsFileGeneratorForTest:139 - write to file successfully!! 
[Query]:
	[Selected Series]:[d1.s1, d1.s2, d1.s2, d1.s4, d1.s5]
	[QueryFilter]:[(time >= 1480562618100 && time < 1480562618200)]
[Time]: 8ms
INFO  [2020-07-30 20:04:38,063] [main] cn.edu.tsinghua.tsfile.timeseries.readV1.TsFileGeneratorForTest:220 - write line:0,use time:0s 
WARN  [2020-07-30 20:04:38,097] [main] cn.edu.tsinghua.tsfile.timeseries.utils.RecordUtils:51 - measurementId:1480562628000,type not found, pass 
WARN  [2020-07-30 20:04:38,098] [main] cn.edu.tsinghua.tsfile.timeseries.utils.RecordUtils:51 - measurementId:100002,type not found, pass 
WARN  [2020-07-30 20:04:38,098] [main] cn.edu.tsinghua.tsfile.timeseries.utils.RecordUtils:51 - measurementId:2,type not found, pass 
INFO  [2020-07-30 20:04:38,098] [main] cn.edu.tsinghua.tsfile.timeseries.readV1.TsFileGeneratorForTest:228 - write line:20002,use time:0s 
INFO  [2020-07-30 20:04:38,098] [main] cn.edu.tsinghua.tsfile.timeseries.write.TsFileWriter:289 - start close file 
INFO  [2020-07-30 20:04:38,099] [main] cn.edu.tsinghua.tsfile.timeseries.write.TsFileWriter:269 - total row group size:209559 
INFO  [2020-07-30 20:04:38,099] [main] cn.edu.tsinghua.tsfile.timeseries.write.TsFileWriter:270 - write row group end 
INFO  [2020-07-30 20:04:38,100] [main] cn.edu.tsinghua.tsfile.timeseries.write.io.TsFileIOWriter:208 - output stream is closed 
INFO  [2020-07-30 20:04:38,100] [main] cn.edu.tsinghua.tsfile.timeseries.readV1.TsFileGeneratorForTest:232 - write total:20002,use time:0s 
INFO  [2020-07-30 20:04:38,100] [main] cn.edu.tsinghua.tsfile.timeseries.readV1.TsFileGeneratorForTest:233 - src file size:0.0GB 
INFO  [2020-07-30 20:04:38,100] [main] cn.edu.tsinghua.tsfile.timeseries.readV1.TsFileGeneratorForTest:234 - out file size:0.2MB 
INFO  [2020-07-30 20:04:38,100] [main] cn.edu.tsinghua.tsfile.timeseries.readV1.TsFileGeneratorForTest:139 - write to file successfully!! 
[Timestamp]:1480562618000	[d1.s1]:1	[d1.s2]:2	[d1.s4]:dog0	[d1.s5]:false
[Timestamp]:1480562618008	[d1.s1]:81	[d1.s2]:82	[d1.s4]:dog8	[d1.s5]:null
[Timestamp]:1480562618016	[d1.s1]:161	[d1.s2]:162	[d1.s4]:dog16	[d1.s5]:null
[Timestamp]:1480562618024	[d1.s1]:241	[d1.s2]:242	[d1.s4]:dog24	[d1.s5]:null
[Timestamp]:1480562618032	[d1.s1]:321	[d1.s2]:322	[d1.s4]:dog32	[d1.s5]:null
[Timestamp]:1480562618040	[d1.s1]:401	[d1.s2]:402	[d1.s4]:dog40	[d1.s5]:null
[Timestamp]:1480562618048	[d1.s1]:481	[d1.s2]:482	[d1.s4]:dog48	[d1.s5]:null
[Timestamp]:1480562618056	[d1.s1]:561	[d1.s2]:562	[d1.s4]:dog56	[d1.s5]:null
[Timestamp]:1480562618064	[d1.s1]:641	[d1.s2]:642	[d1.s4]:dog64	[d1.s5]:null
[Timestamp]:1480562618072	[d1.s1]:721	[d1.s2]:722	[d1.s4]:dog72	[d1.s5]:false
[Timestamp]:1480562618080	[d1.s1]:801	[d1.s2]:802	[d1.s4]:dog80	[d1.s5]:null
[Timestamp]:1480562618088	[d1.s1]:881	[d1.s2]:882	[d1.s4]:dog88	[d1.s5]:null
[Timestamp]:1480562618096	[d1.s1]:961	[d1.s2]:962	[d1.s4]:dog96	[d1.s5]:null
[Query]:
	[Selected Series]:[d1.s1, d1.s2, d1.s4, d1.s5]
	[QueryFilter]:[[d1.s1:time < 1480562618100] && [d1.s4:value > dog]]
[Time]: 3ms
Tests run: 3, Failures: 0, Errors: 0, Skipped: 0, Time elapsed: 0.205 sec - in cn.edu.tsinghua.tsfile.timeseries.read.query.executor.QueryExecutorTest
Running cn.edu.tsinghua.tsfile.timeseries.read.qp.PathTest
Tests run: 5, Failures: 0, Errors: 0, Skipped: 0, Time elapsed: 0.002 sec - in cn.edu.tsinghua.tsfile.timeseries.read.qp.PathTest
Running cn.edu.tsinghua.tsfile.timeseries.read.TimePlainEncodeReadTest
INFO  [2020-07-30 20:04:38,112] [main] cn.edu.tsinghua.tsfile.timeseries.read.ReadPerf:198 - write line:0,use time:0s 
WARN  [2020-07-30 20:04:38,119] [main] cn.edu.tsinghua.tsfile.timeseries.utils.RecordUtils:51 - measurementId:1480562619000,type not found, pass 
WARN  [2020-07-30 20:04:38,137] [main] cn.edu.tsinghua.tsfile.timeseries.utils.RecordUtils:51 - measurementId:10002,type not found, pass 
WARN  [2020-07-30 20:04:38,138] [main] cn.edu.tsinghua.tsfile.timeseries.utils.RecordUtils:51 - measurementId:2,type not found, pass 
INFO  [2020-07-30 20:04:38,138] [main] cn.edu.tsinghua.tsfile.timeseries.read.ReadPerf:206 - write line:2002,use time:0s 
INFO  [2020-07-30 20:04:38,138] [main] cn.edu.tsinghua.tsfile.timeseries.write.TsFileWriter:289 - start close file 
INFO  [2020-07-30 20:04:38,140] [main] cn.edu.tsinghua.tsfile.timeseries.write.TsFileWriter:269 - total row group size:63788 
INFO  [2020-07-30 20:04:38,140] [main] cn.edu.tsinghua.tsfile.timeseries.write.TsFileWriter:270 - write row group end 
INFO  [2020-07-30 20:04:38,141] [main] cn.edu.tsinghua.tsfile.timeseries.write.io.TsFileIOWriter:208 - output stream is closed 
INFO  [2020-07-30 20:04:38,141] [main] cn.edu.tsinghua.tsfile.timeseries.read.ReadPerf:210 - write total:2002,use time:0s 
INFO  [2020-07-30 20:04:38,141] [main] cn.edu.tsinghua.tsfile.timeseries.read.ReadPerf:211 - src file size:0.0GB 
INFO  [2020-07-30 20:04:38,141] [main] cn.edu.tsinghua.tsfile.timeseries.read.ReadPerf:212 - src file size:0.06MB 
INFO  [2020-07-30 20:04:38,141] [main] cn.edu.tsinghua.tsfile.timeseries.read.ReadPerf:130 - write to file successfully!! 
[Timestamp]:1480562618972	[d1.s5]:false
INFO  [2020-07-30 20:04:38,145] [main] cn.edu.tsinghua.tsfile.timeseries.read.ReadPerf:198 - write line:0,use time:0s 
WARN  [2020-07-30 20:04:38,154] [main] cn.edu.tsinghua.tsfile.timeseries.utils.RecordUtils:51 - measurementId:1480562619000,type not found, pass 
WARN  [2020-07-30 20:04:38,169] [main] cn.edu.tsinghua.tsfile.timeseries.utils.RecordUtils:51 - measurementId:10002,type not found, pass 
WARN  [2020-07-30 20:04:38,169] [main] cn.edu.tsinghua.tsfile.timeseries.utils.RecordUtils:51 - measurementId:2,type not found, pass 
INFO  [2020-07-30 20:04:38,173] [main] cn.edu.tsinghua.tsfile.timeseries.read.ReadPerf:206 - write line:2002,use time:0s 
INFO  [2020-07-30 20:04:38,174] [main] cn.edu.tsinghua.tsfile.timeseries.write.TsFileWriter:289 - start close file 
INFO  [2020-07-30 20:04:38,174] [main] cn.edu.tsinghua.tsfile.timeseries.write.TsFileWriter:269 - total row group size:63788 
INFO  [2020-07-30 20:04:38,175] [main] cn.edu.tsinghua.tsfile.timeseries.write.TsFileWriter:270 - write row group end 
INFO  [2020-07-30 20:04:38,175] [main] cn.edu.tsinghua.tsfile.timeseries.write.io.TsFileIOWriter:208 - output stream is closed 
INFO  [2020-07-30 20:04:38,175] [main] cn.edu.tsinghua.tsfile.timeseries.read.ReadPerf:210 - write total:2002,use time:0s 
INFO  [2020-07-30 20:04:38,176] [main] cn.edu.tsinghua.tsfile.timeseries.read.ReadPerf:211 - src file size:0.0GB 
INFO  [2020-07-30 20:04:38,176] [main] cn.edu.tsinghua.tsfile.timeseries.read.ReadPerf:212 - src file size:0.06MB 
INFO  [2020-07-30 20:04:38,176] [main] cn.edu.tsinghua.tsfile.timeseries.read.ReadPerf:130 - write to file successfully!! 
INFO  [2020-07-30 20:04:38,180] [main] cn.edu.tsinghua.tsfile.timeseries.read.ReadPerf:198 - write line:0,use time:0s 
WARN  [2020-07-30 20:04:38,188] [main] cn.edu.tsinghua.tsfile.timeseries.utils.RecordUtils:51 - measurementId:1480562619000,type not found, pass 
WARN  [2020-07-30 20:04:38,192] [main] cn.edu.tsinghua.tsfile.timeseries.utils.RecordUtils:51 - measurementId:10002,type not found, pass 
WARN  [2020-07-30 20:04:38,193] [main] cn.edu.tsinghua.tsfile.timeseries.utils.RecordUtils:51 - measurementId:2,type not found, pass 
INFO  [2020-07-30 20:04:38,193] [main] cn.edu.tsinghua.tsfile.timeseries.read.ReadPerf:206 - write line:2002,use time:0s 
INFO  [2020-07-30 20:04:38,193] [main] cn.edu.tsinghua.tsfile.timeseries.write.TsFileWriter:289 - start close file 
INFO  [2020-07-30 20:04:38,194] [main] cn.edu.tsinghua.tsfile.timeseries.write.TsFileWriter:269 - total row group size:63788 
INFO  [2020-07-30 20:04:38,194] [main] cn.edu.tsinghua.tsfile.timeseries.write.TsFileWriter:270 - write row group end 
INFO  [2020-07-30 20:04:38,195] [main] cn.edu.tsinghua.tsfile.timeseries.write.io.TsFileIOWriter:208 - output stream is closed 
INFO  [2020-07-30 20:04:38,195] [main] cn.edu.tsinghua.tsfile.timeseries.read.ReadPerf:210 - write total:2002,use time:0s 
INFO  [2020-07-30 20:04:38,195] [main] cn.edu.tsinghua.tsfile.timeseries.read.ReadPerf:211 - src file size:0.0GB 
INFO  [2020-07-30 20:04:38,195] [main] cn.edu.tsinghua.tsfile.timeseries.read.ReadPerf:212 - src file size:0.06MB 
INFO  [2020-07-30 20:04:38,195] [main] cn.edu.tsinghua.tsfile.timeseries.read.ReadPerf:130 - write to file successfully!! 
INFO  [2020-07-30 20:04:38,201] [main] cn.edu.tsinghua.tsfile.timeseries.read.ReadPerf:198 - write line:0,use time:0s 
WARN  [2020-07-30 20:04:38,208] [main] cn.edu.tsinghua.tsfile.timeseries.utils.RecordUtils:51 - measurementId:1480562619000,type not found, pass 
WARN  [2020-07-30 20:04:38,208] [main] cn.edu.tsinghua.tsfile.timeseries.utils.RecordUtils:51 - measurementId:10002,type not found, pass 
WARN  [2020-07-30 20:04:38,208] [main] cn.edu.tsinghua.tsfile.timeseries.utils.RecordUtils:51 - measurementId:2,type not found, pass 
INFO  [2020-07-30 20:04:38,208] [main] cn.edu.tsinghua.tsfile.timeseries.read.ReadPerf:206 - write line:2002,use time:0s 
INFO  [2020-07-30 20:04:38,208] [main] cn.edu.tsinghua.tsfile.timeseries.write.TsFileWriter:289 - start close file 
INFO  [2020-07-30 20:04:38,209] [main] cn.edu.tsinghua.tsfile.timeseries.write.TsFileWriter:269 - total row group size:63788 
INFO  [2020-07-30 20:04:38,209] [main] cn.edu.tsinghua.tsfile.timeseries.write.TsFileWriter:270 - write row group end 
INFO  [2020-07-30 20:04:38,211] [main] cn.edu.tsinghua.tsfile.timeseries.write.io.TsFileIOWriter:208 - output stream is closed 
INFO  [2020-07-30 20:04:38,211] [main] cn.edu.tsinghua.tsfile.timeseries.read.ReadPerf:210 - write total:2002,use time:0s 
INFO  [2020-07-30 20:04:38,211] [main] cn.edu.tsinghua.tsfile.timeseries.read.ReadPerf:211 - src file size:0.0GB 
INFO  [2020-07-30 20:04:38,211] [main] cn.edu.tsinghua.tsfile.timeseries.read.ReadPerf:212 - src file size:0.06MB 
INFO  [2020-07-30 20:04:38,211] [main] cn.edu.tsinghua.tsfile.timeseries.read.ReadPerf:130 - write to file successfully!! 
INFO  [2020-07-30 20:04:38,218] [main] cn.edu.tsinghua.tsfile.timeseries.read.ReadPerf:198 - write line:0,use time:0s 
WARN  [2020-07-30 20:04:38,224] [main] cn.edu.tsinghua.tsfile.timeseries.utils.RecordUtils:51 - measurementId:1480562619000,type not found, pass 
WARN  [2020-07-30 20:04:38,224] [main] cn.edu.tsinghua.tsfile.timeseries.utils.RecordUtils:51 - measurementId:10002,type not found, pass 
WARN  [2020-07-30 20:04:38,224] [main] cn.edu.tsinghua.tsfile.timeseries.utils.RecordUtils:51 - measurementId:2,type not found, pass 
INFO  [2020-07-30 20:04:38,225] [main] cn.edu.tsinghua.tsfile.timeseries.read.ReadPerf:206 - write line:2002,use time:0s 
INFO  [2020-07-30 20:04:38,225] [main] cn.edu.tsinghua.tsfile.timeseries.write.TsFileWriter:289 - start close file 
INFO  [2020-07-30 20:04:38,225] [main] cn.edu.tsinghua.tsfile.timeseries.write.TsFileWriter:269 - total row group size:63788 
INFO  [2020-07-30 20:04:38,225] [main] cn.edu.tsinghua.tsfile.timeseries.write.TsFileWriter:270 - write row group end 
INFO  [2020-07-30 20:04:38,226] [main] cn.edu.tsinghua.tsfile.timeseries.write.io.TsFileIOWriter:208 - output stream is closed 
INFO  [2020-07-30 20:04:38,227] [main] cn.edu.tsinghua.tsfile.timeseries.read.ReadPerf:210 - write total:2002,use time:0s 
INFO  [2020-07-30 20:04:38,227] [main] cn.edu.tsinghua.tsfile.timeseries.read.ReadPerf:211 - src file size:0.0GB 
INFO  [2020-07-30 20:04:38,227] [main] cn.edu.tsinghua.tsfile.timeseries.read.ReadPerf:212 - src file size:0.06MB 
INFO  [2020-07-30 20:04:38,227] [main] cn.edu.tsinghua.tsfile.timeseries.read.ReadPerf:130 - write to file successfully!! 
INFO  [2020-07-30 20:04:38,232] [main] cn.edu.tsinghua.tsfile.timeseries.read.ReadPerf:198 - write line:0,use time:0s 
WARN  [2020-07-30 20:04:38,238] [main] cn.edu.tsinghua.tsfile.timeseries.utils.RecordUtils:51 - measurementId:1480562619000,type not found, pass 
WARN  [2020-07-30 20:04:38,238] [main] cn.edu.tsinghua.tsfile.timeseries.utils.RecordUtils:51 - measurementId:10002,type not found, pass 
WARN  [2020-07-30 20:04:38,238] [main] cn.edu.tsinghua.tsfile.timeseries.utils.RecordUtils:51 - measurementId:2,type not found, pass 
INFO  [2020-07-30 20:04:38,238] [main] cn.edu.tsinghua.tsfile.timeseries.read.ReadPerf:206 - write line:2002,use time:0s 
INFO  [2020-07-30 20:04:38,238] [main] cn.edu.tsinghua.tsfile.timeseries.write.TsFileWriter:289 - start close file 
INFO  [2020-07-30 20:04:38,239] [main] cn.edu.tsinghua.tsfile.timeseries.write.TsFileWriter:269 - total row group size:63788 
INFO  [2020-07-30 20:04:38,239] [main] cn.edu.tsinghua.tsfile.timeseries.write.TsFileWriter:270 - write row group end 
INFO  [2020-07-30 20:04:38,240] [main] cn.edu.tsinghua.tsfile.timeseries.write.io.TsFileIOWriter:208 - output stream is closed 
INFO  [2020-07-30 20:04:38,240] [main] cn.edu.tsinghua.tsfile.timeseries.read.ReadPerf:210 - write total:2002,use time:0s 
INFO  [2020-07-30 20:04:38,240] [main] cn.edu.tsinghua.tsfile.timeseries.read.ReadPerf:211 - src file size:0.0GB 
INFO  [2020-07-30 20:04:38,240] [main] cn.edu.tsinghua.tsfile.timeseries.read.ReadPerf:212 - src file size:0.06MB 
INFO  [2020-07-30 20:04:38,240] [main] cn.edu.tsinghua.tsfile.timeseries.read.ReadPerf:130 - write to file successfully!! 
INFO  [2020-07-30 20:04:38,248] [main] cn.edu.tsinghua.tsfile.timeseries.read.ReadPerf:198 - write line:0,use time:0s 
WARN  [2020-07-30 20:04:38,263] [main] cn.edu.tsinghua.tsfile.timeseries.utils.RecordUtils:51 - measurementId:1480562619000,type not found, pass 
WARN  [2020-07-30 20:04:38,264] [main] cn.edu.tsinghua.tsfile.timeseries.utils.RecordUtils:51 - measurementId:10002,type not found, pass 
WARN  [2020-07-30 20:04:38,264] [main] cn.edu.tsinghua.tsfile.timeseries.utils.RecordUtils:51 - measurementId:2,type not found, pass 
INFO  [2020-07-30 20:04:38,264] [main] cn.edu.tsinghua.tsfile.timeseries.read.ReadPerf:206 - write line:2002,use time:0s 
INFO  [2020-07-30 20:04:38,264] [main] cn.edu.tsinghua.tsfile.timeseries.write.TsFileWriter:289 - start close file 
INFO  [2020-07-30 20:04:38,265] [main] cn.edu.tsinghua.tsfile.timeseries.write.TsFileWriter:269 - total row group size:63788 
INFO  [2020-07-30 20:04:38,265] [main] cn.edu.tsinghua.tsfile.timeseries.write.TsFileWriter:270 - write row group end 
INFO  [2020-07-30 20:04:38,265] [main] cn.edu.tsinghua.tsfile.timeseries.write.io.TsFileIOWriter:208 - output stream is closed 
INFO  [2020-07-30 20:04:38,266] [main] cn.edu.tsinghua.tsfile.timeseries.read.ReadPerf:210 - write total:2002,use time:0s 
INFO  [2020-07-30 20:04:38,266] [main] cn.edu.tsinghua.tsfile.timeseries.read.ReadPerf:211 - src file size:0.0GB 
INFO  [2020-07-30 20:04:38,266] [main] cn.edu.tsinghua.tsfile.timeseries.read.ReadPerf:212 - src file size:0.06MB 
INFO  [2020-07-30 20:04:38,266] [main] cn.edu.tsinghua.tsfile.timeseries.read.ReadPerf:130 - write to file successfully!! 
INFO  [2020-07-30 20:04:38,270] [main] cn.edu.tsinghua.tsfile.timeseries.read.ReadPerf:198 - write line:0,use time:0s 
WARN  [2020-07-30 20:04:38,274] [main] cn.edu.tsinghua.tsfile.timeseries.utils.RecordUtils:51 - measurementId:1480562619000,type not found, pass 
WARN  [2020-07-30 20:04:38,274] [main] cn.edu.tsinghua.tsfile.timeseries.utils.RecordUtils:51 - measurementId:10002,type not found, pass 
WARN  [2020-07-30 20:04:38,275] [main] cn.edu.tsinghua.tsfile.timeseries.utils.RecordUtils:51 - measurementId:2,type not found, pass 
INFO  [2020-07-30 20:04:38,275] [main] cn.edu.tsinghua.tsfile.timeseries.read.ReadPerf:206 - write line:2002,use time:0s 
INFO  [2020-07-30 20:04:38,275] [main] cn.edu.tsinghua.tsfile.timeseries.write.TsFileWriter:289 - start close file 
INFO  [2020-07-30 20:04:38,276] [main] cn.edu.tsinghua.tsfile.timeseries.write.TsFileWriter:269 - total row group size:63788 
INFO  [2020-07-30 20:04:38,276] [main] cn.edu.tsinghua.tsfile.timeseries.write.TsFileWriter:270 - write row group end 
INFO  [2020-07-30 20:04:38,277] [main] cn.edu.tsinghua.tsfile.timeseries.write.io.TsFileIOWriter:208 - output stream is closed 
INFO  [2020-07-30 20:04:38,277] [main] cn.edu.tsinghua.tsfile.timeseries.read.ReadPerf:210 - write total:2002,use time:0s 
INFO  [2020-07-30 20:04:38,277] [main] cn.edu.tsinghua.tsfile.timeseries.read.ReadPerf:211 - src file size:0.0GB 
INFO  [2020-07-30 20:04:38,278] [main] cn.edu.tsinghua.tsfile.timeseries.read.ReadPerf:212 - src file size:0.06MB 
INFO  [2020-07-30 20:04:38,278] [main] cn.edu.tsinghua.tsfile.timeseries.read.ReadPerf:130 - write to file successfully!! 
INFO  [2020-07-30 20:04:38,339] [main] cn.edu.tsinghua.tsfile.timeseries.read.ReadPerf:198 - write line:0,use time:0s 
WARN  [2020-07-30 20:04:38,343] [main] cn.edu.tsinghua.tsfile.timeseries.utils.RecordUtils:51 - measurementId:1480562619000,type not found, pass 
WARN  [2020-07-30 20:04:38,343] [main] cn.edu.tsinghua.tsfile.timeseries.utils.RecordUtils:51 - measurementId:10002,type not found, pass 
WARN  [2020-07-30 20:04:38,343] [main] cn.edu.tsinghua.tsfile.timeseries.utils.RecordUtils:51 - measurementId:2,type not found, pass 
INFO  [2020-07-30 20:04:38,343] [main] cn.edu.tsinghua.tsfile.timeseries.read.ReadPerf:206 - write line:2002,use time:0s 
INFO  [2020-07-30 20:04:38,343] [main] cn.edu.tsinghua.tsfile.timeseries.write.TsFileWriter:289 - start close file 
INFO  [2020-07-30 20:04:38,344] [main] cn.edu.tsinghua.tsfile.timeseries.write.TsFileWriter:269 - total row group size:63788 
INFO  [2020-07-30 20:04:38,344] [main] cn.edu.tsinghua.tsfile.timeseries.write.TsFileWriter:270 - write row group end 
INFO  [2020-07-30 20:04:38,345] [main] cn.edu.tsinghua.tsfile.timeseries.write.io.TsFileIOWriter:208 - output stream is closed 
INFO  [2020-07-30 20:04:38,345] [main] cn.edu.tsinghua.tsfile.timeseries.read.ReadPerf:210 - write total:2002,use time:0s 
INFO  [2020-07-30 20:04:38,345] [main] cn.edu.tsinghua.tsfile.timeseries.read.ReadPerf:211 - src file size:0.0GB 
INFO  [2020-07-30 20:04:38,345] [main] cn.edu.tsinghua.tsfile.timeseries.read.ReadPerf:212 - src file size:0.06MB 
INFO  [2020-07-30 20:04:38,345] [main] cn.edu.tsinghua.tsfile.timeseries.read.ReadPerf:130 - write to file successfully!! 
Tests run: 9, Failures: 0, Errors: 0, Skipped: 0, Time elapsed: 0.238 sec - in cn.edu.tsinghua.tsfile.timeseries.read.TimePlainEncodeReadTest
Running cn.edu.tsinghua.tsfile.timeseries.readV1.SeriesReaderByTimestampTest
INFO  [2020-07-30 20:04:39,140] [main] cn.edu.tsinghua.tsfile.timeseries.readV1.TsFileGeneratorForSeriesReaderByTimestamp:216 - write line:0,use time:0s 
INFO  [2020-07-30 20:04:40,830] [main] cn.edu.tsinghua.tsfile.timeseries.write.TsFileWriter:226 - start_flush_row_group, memory space occupy:10490666 
INFO  [2020-07-30 20:04:40,843] [main] cn.edu.tsinghua.tsfile.timeseries.write.TsFileWriter:269 - total row group size:10463014 
INFO  [2020-07-30 20:04:40,843] [main] cn.edu.tsinghua.tsfile.timeseries.write.TsFileWriter:270 - write row group end 
INFO  [2020-07-30 20:04:42,156] [main] cn.edu.tsinghua.tsfile.timeseries.readV1.TsFileGeneratorForSeriesReaderByTimestamp:216 - write line:1000000,use time:3s 
WARN  [2020-07-30 20:04:42,156] [main] cn.edu.tsinghua.tsfile.timeseries.utils.RecordUtils:51 - measurementId:1480563618000,type not found, pass 
WARN  [2020-07-30 20:04:42,157] [main] cn.edu.tsinghua.tsfile.timeseries.utils.RecordUtils:51 - measurementId:10000002,type not found, pass 
WARN  [2020-07-30 20:04:42,157] [main] cn.edu.tsinghua.tsfile.timeseries.utils.RecordUtils:51 - measurementId:2,type not found, pass 
INFO  [2020-07-30 20:04:42,157] [main] cn.edu.tsinghua.tsfile.timeseries.readV1.TsFileGeneratorForSeriesReaderByTimestamp:224 - write line:1000002,use time:3s 
INFO  [2020-07-30 20:04:42,157] [main] cn.edu.tsinghua.tsfile.timeseries.write.TsFileWriter:289 - start close file 
INFO  [2020-07-30 20:04:42,163] [main] cn.edu.tsinghua.tsfile.timeseries.write.TsFileWriter:269 - total row group size:7239591 
INFO  [2020-07-30 20:04:42,164] [main] cn.edu.tsinghua.tsfile.timeseries.write.TsFileWriter:270 - write row group end 
INFO  [2020-07-30 20:04:42,165] [main] cn.edu.tsinghua.tsfile.timeseries.write.io.TsFileIOWriter:208 - output stream is closed 
INFO  [2020-07-30 20:04:42,165] [main] cn.edu.tsinghua.tsfile.timeseries.readV1.TsFileGeneratorForSeriesReaderByTimestamp:228 - write total:1000002,use time:3s 
INFO  [2020-07-30 20:04:42,166] [main] cn.edu.tsinghua.tsfile.timeseries.readV1.TsFileGeneratorForSeriesReaderByTimestamp:229 - src file size:0.04GB 
INFO  [2020-07-30 20:04:42,166] [main] cn.edu.tsinghua.tsfile.timeseries.readV1.TsFileGeneratorForSeriesReaderByTimestamp:230 - src file size:16.88MB 
INFO  [2020-07-30 20:04:42,166] [main] cn.edu.tsinghua.tsfile.timeseries.readV1.TsFileGeneratorForSeriesReaderByTimestamp:142 - write to file successfully!! 
SeriesReadWithFilterTest. [Time used]: 82 ms. [Read Count]: 10000
Tests run: 1, Failures: 0, Errors: 0, Skipped: 0, Time elapsed: 3.921 sec - in cn.edu.tsinghua.tsfile.timeseries.readV1.SeriesReaderByTimestampTest
Running cn.edu.tsinghua.tsfile.timeseries.readV1.SeriesReaderTest
INFO  [2020-07-30 20:04:43,851] [main] cn.edu.tsinghua.tsfile.timeseries.readV1.TsFileGeneratorForTest:220 - write line:0,use time:0s 
INFO  [2020-07-30 20:04:47,145] [main] cn.edu.tsinghua.tsfile.timeseries.write.TsFileWriter:226 - start_flush_row_group, memory space occupy:10547641 
INFO  [2020-07-30 20:04:47,157] [main] cn.edu.tsinghua.tsfile.timeseries.write.TsFileWriter:269 - total row group size:10517142 
INFO  [2020-07-30 20:04:47,158] [main] cn.edu.tsinghua.tsfile.timeseries.write.TsFileWriter:270 - write row group end 
INFO  [2020-07-30 20:04:47,254] [main] cn.edu.tsinghua.tsfile.timeseries.readV1.TsFileGeneratorForTest:220 - write line:1000000,use time:3s 
INFO  [2020-07-30 20:04:50,015] [main] cn.edu.tsinghua.tsfile.timeseries.write.TsFileWriter:226 - start_flush_row_group, memory space occupy:10646501 
INFO  [2020-07-30 20:04:50,026] [main] cn.edu.tsinghua.tsfile.timeseries.write.TsFileWriter:269 - total row group size:10612484 
INFO  [2020-07-30 20:04:50,033] [main] cn.edu.tsinghua.tsfile.timeseries.write.TsFileWriter:270 - write row group end 
INFO  [2020-07-30 20:04:50,226] [main] cn.edu.tsinghua.tsfile.timeseries.readV1.TsFileGeneratorForTest:220 - write line:2000000,use time:6s 
WARN  [2020-07-30 20:04:50,227] [main] cn.edu.tsinghua.tsfile.timeseries.utils.RecordUtils:51 - measurementId:1480563618000,type not found, pass 
WARN  [2020-07-30 20:04:50,227] [main] cn.edu.tsinghua.tsfile.timeseries.utils.RecordUtils:51 - measurementId:10000002,type not found, pass 
WARN  [2020-07-30 20:04:50,227] [main] cn.edu.tsinghua.tsfile.timeseries.utils.RecordUtils:51 - measurementId:2,type not found, pass 
INFO  [2020-07-30 20:04:50,227] [main] cn.edu.tsinghua.tsfile.timeseries.readV1.TsFileGeneratorForTest:228 - write line:2000002,use time:6s 
INFO  [2020-07-30 20:04:50,227] [main] cn.edu.tsinghua.tsfile.timeseries.write.TsFileWriter:289 - start close file 
INFO  [2020-07-30 20:04:50,232] [main] cn.edu.tsinghua.tsfile.timeseries.write.TsFileWriter:269 - total row group size:897792 
INFO  [2020-07-30 20:04:50,232] [main] cn.edu.tsinghua.tsfile.timeseries.write.TsFileWriter:270 - write row group end 
INFO  [2020-07-30 20:04:50,234] [main] cn.edu.tsinghua.tsfile.timeseries.write.io.TsFileIOWriter:208 - output stream is closed 
INFO  [2020-07-30 20:04:50,234] [main] cn.edu.tsinghua.tsfile.timeseries.readV1.TsFileGeneratorForTest:232 - write total:2000002,use time:6s 
INFO  [2020-07-30 20:04:50,234] [main] cn.edu.tsinghua.tsfile.timeseries.readV1.TsFileGeneratorForTest:233 - src file size:0.08GB 
INFO  [2020-07-30 20:04:50,235] [main] cn.edu.tsinghua.tsfile.timeseries.readV1.TsFileGeneratorForTest:234 - out file size:21.01MB 
INFO  [2020-07-30 20:04:50,235] [main] cn.edu.tsinghua.tsfile.timeseries.readV1.TsFileGeneratorForTest:139 - write to file successfully!! 
SeriesReadWithFilterTest. [Time used]: 11 ms. [Read Count]: 7
INFO  [2020-07-30 20:04:51,528] [main] cn.edu.tsinghua.tsfile.timeseries.readV1.TsFileGeneratorForTest:220 - write line:0,use time:0s 
INFO  [2020-07-30 20:04:55,088] [main] cn.edu.tsinghua.tsfile.timeseries.write.TsFileWriter:226 - start_flush_row_group, memory space occupy:10547641 
INFO  [2020-07-30 20:04:55,139] [main] cn.edu.tsinghua.tsfile.timeseries.write.TsFileWriter:269 - total row group size:10517142 
INFO  [2020-07-30 20:04:55,139] [main] cn.edu.tsinghua.tsfile.timeseries.write.TsFileWriter:270 - write row group end 
INFO  [2020-07-30 20:04:55,247] [main] cn.edu.tsinghua.tsfile.timeseries.readV1.TsFileGeneratorForTest:220 - write line:1000000,use time:3s 
INFO  [2020-07-30 20:04:57,629] [main] cn.edu.tsinghua.tsfile.timeseries.write.TsFileWriter:226 - start_flush_row_group, memory space occupy:10646501 
INFO  [2020-07-30 20:04:57,641] [main] cn.edu.tsinghua.tsfile.timeseries.write.TsFileWriter:269 - total row group size:10612484 
INFO  [2020-07-30 20:04:57,642] [main] cn.edu.tsinghua.tsfile.timeseries.write.TsFileWriter:270 - write row group end 
INFO  [2020-07-30 20:04:57,845] [main] cn.edu.tsinghua.tsfile.timeseries.readV1.TsFileGeneratorForTest:220 - write line:2000000,use time:6s 
WARN  [2020-07-30 20:04:57,846] [main] cn.edu.tsinghua.tsfile.timeseries.utils.RecordUtils:51 - measurementId:1480563618000,type not found, pass 
WARN  [2020-07-30 20:04:57,846] [main] cn.edu.tsinghua.tsfile.timeseries.utils.RecordUtils:51 - measurementId:10000002,type not found, pass 
WARN  [2020-07-30 20:04:57,846] [main] cn.edu.tsinghua.tsfile.timeseries.utils.RecordUtils:51 - measurementId:2,type not found, pass 
INFO  [2020-07-30 20:04:57,846] [main] cn.edu.tsinghua.tsfile.timeseries.readV1.TsFileGeneratorForTest:228 - write line:2000002,use time:6s 
INFO  [2020-07-30 20:04:57,846] [main] cn.edu.tsinghua.tsfile.timeseries.write.TsFileWriter:289 - start close file 
INFO  [2020-07-30 20:04:57,849] [main] cn.edu.tsinghua.tsfile.timeseries.write.TsFileWriter:269 - total row group size:897792 
INFO  [2020-07-30 20:04:57,849] [main] cn.edu.tsinghua.tsfile.timeseries.write.TsFileWriter:270 - write row group end 
INFO  [2020-07-30 20:04:57,851] [main] cn.edu.tsinghua.tsfile.timeseries.write.io.TsFileIOWriter:208 - output stream is closed 
INFO  [2020-07-30 20:04:57,851] [main] cn.edu.tsinghua.tsfile.timeseries.readV1.TsFileGeneratorForTest:232 - write total:2000002,use time:6s 
INFO  [2020-07-30 20:04:57,851] [main] cn.edu.tsinghua.tsfile.timeseries.readV1.TsFileGeneratorForTest:233 - src file size:0.08GB 
INFO  [2020-07-30 20:04:57,851] [main] cn.edu.tsinghua.tsfile.timeseries.readV1.TsFileGeneratorForTest:234 - out file size:21.01MB 
INFO  [2020-07-30 20:04:57,851] [main] cn.edu.tsinghua.tsfile.timeseries.readV1.TsFileGeneratorForTest:139 - write to file successfully!! 
SeriesReadTest. [Time used]: 214 ms. [Read Count]: 1000000
SeriesReadTest. [Time used]: 29 ms. [Read Count]: 125000
Tests run: 2, Failures: 0, Errors: 0, Skipped: 0, Time elapsed: 15.768 sec - in cn.edu.tsinghua.tsfile.timeseries.readV1.SeriesReaderTest
Running cn.edu.tsinghua.tsfile.timeseries.readV1.ReadOnlyTsFileTest
INFO  [2020-07-30 20:04:58,117] [main] cn.edu.tsinghua.tsfile.timeseries.readV1.TsFileGeneratorForTest:220 - write line:0,use time:0s 
WARN  [2020-07-30 20:04:58,123] [main] cn.edu.tsinghua.tsfile.timeseries.utils.RecordUtils:51 - measurementId:1480562619000,type not found, pass 
WARN  [2020-07-30 20:04:58,124] [main] cn.edu.tsinghua.tsfile.timeseries.utils.RecordUtils:51 - measurementId:10002,type not found, pass 
WARN  [2020-07-30 20:04:58,124] [main] cn.edu.tsinghua.tsfile.timeseries.utils.RecordUtils:51 - measurementId:2,type not found, pass 
INFO  [2020-07-30 20:04:58,125] [main] cn.edu.tsinghua.tsfile.timeseries.readV1.TsFileGeneratorForTest:228 - write line:2002,use time:0s 
INFO  [2020-07-30 20:04:58,125] [main] cn.edu.tsinghua.tsfile.timeseries.write.TsFileWriter:289 - start close file 
INFO  [2020-07-30 20:04:58,126] [main] cn.edu.tsinghua.tsfile.timeseries.write.TsFileWriter:269 - total row group size:21375 
INFO  [2020-07-30 20:04:58,126] [main] cn.edu.tsinghua.tsfile.timeseries.write.TsFileWriter:270 - write row group end 
INFO  [2020-07-30 20:04:58,127] [main] cn.edu.tsinghua.tsfile.timeseries.write.io.TsFileIOWriter:208 - output stream is closed 
INFO  [2020-07-30 20:04:58,128] [main] cn.edu.tsinghua.tsfile.timeseries.readV1.TsFileGeneratorForTest:232 - write total:2002,use time:0s 
INFO  [2020-07-30 20:04:58,128] [main] cn.edu.tsinghua.tsfile.timeseries.readV1.TsFileGeneratorForTest:233 - src file size:0.0GB 
INFO  [2020-07-30 20:04:58,128] [main] cn.edu.tsinghua.tsfile.timeseries.readV1.TsFileGeneratorForTest:234 - out file size:0.02MB 
INFO  [2020-07-30 20:04:58,128] [main] cn.edu.tsinghua.tsfile.timeseries.readV1.TsFileGeneratorForTest:139 - write to file successfully!! 
Tests run: 1, Failures: 0, Errors: 0, Skipped: 0, Time elapsed: 0.031 sec - in cn.edu.tsinghua.tsfile.timeseries.readV1.ReadOnlyTsFileTest
Running cn.edu.tsinghua.tsfile.timeseries.readV1.PageDataReaderTest
TestName: [Test INT32]
	TSDataType: INT32	Read-Count:1000000	Time-used:209ms
TestName: [Test FLOAT]
	TSDataType: FLOAT	Read-Count:1000000	Time-used:664ms
TestName: [Test FLOAT]
	TSDataType: FLOAT	Read-Count:1000000	Time-used:598ms
TestName: [Test INT64]
	TSDataType: INT64	Read-Count:1000000	Time-used:311ms
TestName: [Test Boolean]
	TSDataType: BOOLEAN	Read-Count:1000000	Time-used:258ms
TestName: [Test Double]
	TSDataType: TEXT	Read-Count:1000000	Time-used:853ms
TestName: [Test Double]
	TSDataType: DOUBLE	Read-Count:1000000	Time-used:1460ms
TestName: [Test Double]
	TSDataType: DOUBLE	Read-Count:1000000	Time-used:1208ms
Tests run: 6, Failures: 0, Errors: 0, Skipped: 0, Time elapsed: 9.066 sec - in cn.edu.tsinghua.tsfile.timeseries.readV1.PageDataReaderTest
Running cn.edu.tsinghua.tsfile.timeseries.filter.QueryFilterOptimizerTest
[time < 100]
[(time > 200 || (time < 50 && time > 10))]
AND:
	OR:
		[d2.s1:(value > 100 || value < 50)]
		[d1.s2:(value > 100.5 || value < 50.6)]
	[time < 14001234]
OR:
	[d2.s1:((value > 100 || value < 50) && time < 14001234)]
	[d1.s2:((value > 100.5 || value < 50.6) && time < 14001234)]
OR:
	AND:
		OR:
			[d2.s1:((value > 100 || value < 50) && (time < 14001234 && time > 14001000))]
			[d1.s2:((value > 100.5 || value < 50.6) && (time < 14001234 && time > 14001000))]
		AND:
			[time < 14001234]
			[time > 14001000]
	OR:
		OR:
			[d2.s1:((value > 100 || value < 50) && (time < 14001234 && time > 14001000))]
			[d1.s2:((value > 100.5 || value < 50.6) && (time < 14001234 && time > 14001000))]
		AND:
			[time < 14001234]
			[time > 14001000]
OR:
	OR:
		[d2.s1:(((value > 100 || value < 50) && (time < 14001234 && time > 14001000)) && (time < 14001234 && time > 14001000))]
		[d1.s2:(((value > 100.5 || value < 50.6) && (time < 14001234 && time > 14001000)) && (time < 14001234 && time > 14001000))]
	OR:
		OR:
			OR:
				OR:
					[d1.s1:(time < 14001234 && time > 14001000)]
					[d2.s1:(time < 14001234 && time > 14001000)]
				[d1.s2:(time < 14001234 && time > 14001000)]
			[d1.s2:(time < 14001234 && time > 14001000)]
		OR:
			[d2.s1:(((value > 100 || value < 50) && (time < 14001234 && time > 14001000)) && (time < 14001234 && time > 14001000))]
			[d1.s2:(((value > 100.5 || value < 50.6) && (time < 14001234 && time > 14001000)) && (time < 14001234 && time > 14001000))]
OR:
	OR:
		[d2.s1:(value > 100 || value < 50)]
		[d1.s2:(value > 100.5 || value < 50.6)]
	[time < 14001234]
OR:
	OR:
		OR:
			OR:
				[d1.s1:time < 14001234]
				[d2.s1:time < 14001234]
			[d1.s2:time < 14001234]
		[d1.s2:time < 14001234]
	OR:
		[d2.s1:(value > 100 || value < 50)]
		[d1.s2:(value > 100.5 || value < 50.6)]
Tests run: 5, Failures: 0, Errors: 0, Skipped: 0, Time elapsed: 0.005 sec - in cn.edu.tsinghua.tsfile.timeseries.filter.QueryFilterOptimizerTest
Running cn.edu.tsinghua.tsfile.timeseries.filter.OperatorTest
EfficiencyTest for Filter: 
	Filter Expression = ((time > 100 && value < 50.9) || time == 1000)
	COUNT = 10000000
	Total Time = 1627ms.
Tests run: 11, Failures: 0, Errors: 0, Skipped: 0, Time elapsed: 1.632 sec - in cn.edu.tsinghua.tsfile.timeseries.filter.OperatorTest
Running cn.edu.tsinghua.tsfile.common.utils.ReadWriteStreamUtilsTest
Tests run: 8, Failures: 0, Errors: 0, Skipped: 0, Time elapsed: 0.001 sec - in cn.edu.tsinghua.tsfile.common.utils.ReadWriteStreamUtilsTest
Running cn.edu.tsinghua.tsfile.common.utils.PairTest
Tests run: 2, Failures: 0, Errors: 0, Skipped: 0, Time elapsed: 0 sec - in cn.edu.tsinghua.tsfile.common.utils.PairTest
Running cn.edu.tsinghua.tsfile.common.utils.BytesUtilsTest
00000000 00111111 11111010 01111011 
000111111 111111010 001111011 000111111 111110001 111111100 000111111 111111010 001100101 000111110 110110010 000011100 
00000000 00111111 11110001 11111100 
000111111 111111010 001111011 000111111 111110001 111111100 000111111 111111010 001100101 000111110 110110010 000011100 

00000000 00000000 00000001 11111111 11110101 11000100 01001111 00111011 
00000000 00000000 00000010 00000000 01011000 01011010 11100001 10100110 
00000000 00000000 00000001 11111111 10001000 10001101 01001111 11100101 
00000000 00000000 00000010 00000000 01111000 10001110 11010101 00110011 
Tests run: 27, Failures: 0, Errors: 0, Skipped: 0, Time elapsed: 0.023 sec - in cn.edu.tsinghua.tsfile.common.utils.BytesUtilsTest
Running cn.edu.tsinghua.tsfile.common.utils.ReadWriteToBytesUtilsTest
Tests run: 3, Failures: 0, Errors: 0, Skipped: 0, Time elapsed: 0 sec - in cn.edu.tsinghua.tsfile.common.utils.ReadWriteToBytesUtilsTest
Running cn.edu.tsinghua.tsfile.compress.SnappyTest
compression time cost:0
decompression time cost:0
compression time cost:0
decompression time cost:0
5000
Tests run: 2, Failures: 0, Errors: 0, Skipped: 0, Time elapsed: 0.011 sec - in cn.edu.tsinghua.tsfile.compress.SnappyTest
Running cn.edu.tsinghua.tsfile.compress.CompressTest
Tests run: 3, Failures: 0, Errors: 0, Skipped: 0, Time elapsed: 0.001 sec - in cn.edu.tsinghua.tsfile.compress.CompressTest
Running cn.edu.tsinghua.tsfile.encoding.decoder.LongRleDecoderTest
Turn 1 use time 163 ms
Turn 2 use time 1839 ms
Turn 3 use time 641 ms
Turn 4 use time 2453 ms
Turn 5 use time 2708 ms
Turn 6 use time 3796 ms
Turn 7 use time 4727 ms
Turn 8 use time 2637 ms
Turn 9 use time 2791 ms
Tests run: 6, Failures: 0, Errors: 0, Skipped: 0, Time elapsed: 28.547 sec - in cn.edu.tsinghua.tsfile.encoding.decoder.LongRleDecoderTest
Running cn.edu.tsinghua.tsfile.encoding.decoder.GorillaDecoderTest
Tests run: 6, Failures: 0, Errors: 0, Skipped: 0, Time elapsed: 0.316 sec - in cn.edu.tsinghua.tsfile.encoding.decoder.GorillaDecoderTest
Running cn.edu.tsinghua.tsfile.encoding.decoder.BitmapDecoderTest
Tests run: 1, Failures: 0, Errors: 0, Skipped: 0, Time elapsed: 1.052 sec - in cn.edu.tsinghua.tsfile.encoding.decoder.BitmapDecoderTest
Running cn.edu.tsinghua.tsfile.encoding.decoder.FloatDecoderTest
Tests run: 5, Failures: 0, Errors: 0, Skipped: 0, Time elapsed: 0.066 sec - in cn.edu.tsinghua.tsfile.encoding.decoder.FloatDecoderTest
Running cn.edu.tsinghua.tsfile.encoding.decoder.delta.DeltaBinaryEncoderIntegerTest
write bounded int
the bound of 2 power:0
source data size:40000 byte
encoding data size:1248 byte
the bound of 2 power:1
source data size:40000 byte
encoding data size:3729 byte
the bound of 2 power:2
source data size:40000 byte
encoding data size:4969 byte
the bound of 2 power:3
source data size:40000 byte
encoding data size:6209 byte
the bound of 2 power:4
source data size:40000 byte
encoding data size:7450 byte
the bound of 2 power:5
source data size:40000 byte
encoding data size:8690 byte
the bound of 2 power:6
source data size:40000 byte
encoding data size:9930 byte
the bound of 2 power:7
source data size:40000 byte
encoding data size:11170 byte
the bound of 2 power:8
source data size:40000 byte
encoding data size:12411 byte
the bound of 2 power:9
source data size:40000 byte
encoding data size:13651 byte
write basic
source data size:40000 byte
encoding data size:11170 byte
write maxmin
source data size:40000 byte
encoding data size:3729 byte
write random
source data size:40000 byte
encoding data size:40936 byte
Tests run: 4, Failures: 0, Errors: 0, Skipped: 0, Time elapsed: 0.118 sec - in cn.edu.tsinghua.tsfile.encoding.decoder.delta.DeltaBinaryEncoderIntegerTest
Running cn.edu.tsinghua.tsfile.encoding.decoder.delta.DeltaBinaryEncoderLongTest
write bounded int
the bound of 2 power:2
source data size:40000 byte
encoding data size:45281 byte
the bound of 2 power:3
source data size:40000 byte
encoding data size:46521 byte
the bound of 2 power:4
source data size:40000 byte
encoding data size:47762 byte
the bound of 2 power:5
source data size:40000 byte
encoding data size:49002 byte
the bound of 2 power:6
source data size:40000 byte
encoding data size:50242 byte
the bound of 2 power:7
source data size:40000 byte
encoding data size:51482 byte
the bound of 2 power:8
source data size:40000 byte
encoding data size:52723 byte
the bound of 2 power:9
source data size:40000 byte
encoding data size:53963 byte
the bound of 2 power:10
source data size:40000 byte
encoding data size:55203 byte
the bound of 2 power:11
source data size:40000 byte
encoding data size:56443 byte
the bound of 2 power:12
source data size:40000 byte
encoding data size:57684 byte
the bound of 2 power:13
source data size:40000 byte
encoding data size:58924 byte
the bound of 2 power:14
source data size:40000 byte
encoding data size:60164 byte
the bound of 2 power:15
source data size:40000 byte
encoding data size:61404 byte
the bound of 2 power:16
source data size:40000 byte
encoding data size:62645 byte
the bound of 2 power:17
source data size:40000 byte
encoding data size:63885 byte
the bound of 2 power:18
source data size:40000 byte
encoding data size:65125 byte
the bound of 2 power:19
source data size:40000 byte
encoding data size:66365 byte
the bound of 2 power:20
source data size:40000 byte
encoding data size:67606 byte
write basic
source data size:40000 byte
encoding data size:51482 byte
write maxmin
source data size:40000 byte
encoding data size:4353 byte
write random
source data size:40000 byte
encoding data size:81248 byte
Tests run: 4, Failures: 0, Errors: 0, Skipped: 0, Time elapsed: 0.261 sec - in cn.edu.tsinghua.tsfile.encoding.decoder.delta.DeltaBinaryEncoderLongTest
Running cn.edu.tsinghua.tsfile.encoding.decoder.IntRleDecoderTest
Tests run: 7, Failures: 0, Errors: 0, Skipped: 0, Time elapsed: 54.852 sec - in cn.edu.tsinghua.tsfile.encoding.decoder.IntRleDecoderTest
Running cn.edu.tsinghua.tsfile.encoding.bitpacking.LongPackerTest
Tests run: 3, Failures: 0, Errors: 0, Skipped: 0, Time elapsed: 0 sec - in cn.edu.tsinghua.tsfile.encoding.bitpacking.LongPackerTest
Running cn.edu.tsinghua.tsfile.encoding.bitpacking.IntPackerTest
Tests run: 2, Failures: 0, Errors: 0, Skipped: 0, Time elapsed: 0.116 sec - in cn.edu.tsinghua.tsfile.encoding.bitpacking.IntPackerTest

Results :

Tests run: 182, Failures: 0, Errors: 0, Skipped: 0

[INFO] 
[INFO] --- jacoco-maven-plugin:0.8.5:report (report) @ tsfile ---
[INFO] Loading execution data file /tmp/tmpg7hrxklw/tsfile/target/jacoco.exec
[INFO] Analyzed bundle 'TsFile' with 328 classes
[INFO] ------------------------------------------------------------------------
[INFO] BUILD SUCCESS
[INFO] ------------------------------------------------------------------------
[INFO] Total time:  02:29 min
[INFO] Finished at: 2020-07-30T20:06:36Z
[INFO] ------------------------------------------------------------------------
