[INFO] Error stacktraces are turned on.
[INFO] Scanning for projects...
[WARNING] The project collabinate:collabinate-server:jar:1.1.0-SNAPSHOT uses prerequisites which is only intended for maven-plugin projects but not for non maven-plugin projects. For such purposes you should use the maven-enforcer-plugin. See https://maven.apache.org/enforcer/enforcer-rules/requireMavenVersion.html
[INFO] 
[INFO] -------------------< collabinate:collabinate-server >-------------------
[INFO] Building collabinate-server 1.1.0-SNAPSHOT
[INFO] --------------------------------[ jar ]---------------------------------
[INFO] 
[INFO] --- jacoco-maven-plugin:0.8.5:prepare-agent (default) @ collabinate-server ---
[INFO] argLine set to -javaagent:/home/jdbl/.m2/repository/org/jacoco/org.jacoco.agent/0.8.5/org.jacoco.agent-0.8.5-runtime.jar=destfile=/tmp/tmp7m348uvb/Collabinate/collabinate-server/target/jacoco.exec
[INFO] 
[INFO] --- maven-resources-plugin:2.6:resources (default-resources) @ collabinate-server ---
[INFO] Using 'UTF-8' encoding to copy filtered resources.
[INFO] skip non existing resourceDirectory /tmp/tmp7m348uvb/Collabinate/collabinate-server/src/main/resources
[INFO] 
[INFO] --- maven-compiler-plugin:3.5.1:compile (default-compile) @ collabinate-server ---
[INFO] Changes detected - recompiling the module!
[INFO] Compiling 33 source files to /tmp/tmp7m348uvb/Collabinate/collabinate-server/target/classes
[INFO] 
[INFO] --- maven-resources-plugin:2.6:testResources (default-testResources) @ collabinate-server ---
[INFO] Using 'UTF-8' encoding to copy filtered resources.
[INFO] Copying 4 resources
[INFO] 
[INFO] --- maven-compiler-plugin:3.5.1:testCompile (default-testCompile) @ collabinate-server ---
[INFO] Changes detected - recompiling the module!
[INFO] Compiling 26 source files to /tmp/tmp7m348uvb/Collabinate/collabinate-server/target/test-classes
[INFO] 
[INFO] --- maven-surefire-plugin:2.19.1:test (default-test) @ collabinate-server ---
[INFO] Surefire report directory: /tmp/tmp7m348uvb/Collabinate/collabinate-server/target/surefire-reports

-------------------------------------------------------
 T E S T S
-------------------------------------------------------
Running com.collabinate.server.engine.GraphServerReaderTest
Tests run: 49, Failures: 0, Errors: 0, Skipped: 0, Time elapsed: 1.638 sec - in com.collabinate.server.engine.GraphServerReaderTest
Running com.collabinate.server.engine.GraphServerWriterTest
Tests run: 39, Failures: 0, Errors: 0, Skipped: 0, Time elapsed: 0.021 sec - in com.collabinate.server.engine.GraphServerWriterTest
Running com.collabinate.server.engine.GraphAdminTest
Tests run: 14, Failures: 0, Errors: 0, Skipped: 0, Time elapsed: 0.232 sec - in com.collabinate.server.engine.GraphAdminTest
Running com.collabinate.server.webserver.CollabinateApplicationTest
Tests run: 1, Failures: 0, Errors: 0, Skipped: 0, Time elapsed: 0.178 sec - in com.collabinate.server.webserver.CollabinateApplicationTest
Running com.collabinate.server.webserver.CollabinateComponentTest
Tests run: 4, Failures: 0, Errors: 0, Skipped: 0, Time elapsed: 0.7 sec - in com.collabinate.server.webserver.CollabinateComponentTest
Running com.collabinate.server.adminresources.TenantKeyResourceTest
Tests run: 8, Failures: 0, Errors: 0, Skipped: 0, Time elapsed: 1.012 sec - in com.collabinate.server.adminresources.TenantKeyResourceTest
Running com.collabinate.server.adminresources.TenantResourceTest
Tests run: 2, Failures: 0, Errors: 0, Skipped: 0, Time elapsed: 0.229 sec - in com.collabinate.server.adminresources.TenantResourceTest
Running com.collabinate.server.adminresources.DatabaseResourceTest
Tests run: 4, Failures: 0, Errors: 0, Skipped: 0, Time elapsed: 1.068 sec - in com.collabinate.server.adminresources.DatabaseResourceTest
Running com.collabinate.server.adminresources.TenantDataResourceTest
Tests run: 8, Failures: 0, Errors: 0, Skipped: 0, Time elapsed: 0.955 sec - in com.collabinate.server.adminresources.TenantDataResourceTest
Running com.collabinate.server.adminresources.TenantsResourceTest
Tests run: 2, Failures: 0, Errors: 0, Skipped: 0, Time elapsed: 0.223 sec - in com.collabinate.server.adminresources.TenantsResourceTest
Running com.collabinate.server.adminresources.TenantKeysResourceTest
Tests run: 2, Failures: 0, Errors: 0, Skipped: 0, Time elapsed: 0.17 sec - in com.collabinate.server.adminresources.TenantKeysResourceTest
Running com.collabinate.server.resources.FollowingEntityResourceTest
Tests run: 9, Failures: 0, Errors: 0, Skipped: 0, Time elapsed: 0.83 sec - in com.collabinate.server.resources.FollowingEntityResourceTest
Running com.collabinate.server.resources.EntityResourceTest
Tests run: 10, Failures: 0, Errors: 0, Skipped: 0, Time elapsed: 0.908 sec - in com.collabinate.server.resources.EntityResourceTest
Running com.collabinate.server.resources.FollowersResourceTest
Tests run: 8, Failures: 0, Errors: 0, Skipped: 0, Time elapsed: 0.834 sec - in com.collabinate.server.resources.FollowersResourceTest
Running com.collabinate.server.resources.CommentResourceTest
Tests run: 14, Failures: 0, Errors: 0, Skipped: 0, Time elapsed: 0.711 sec - in com.collabinate.server.resources.CommentResourceTest
Running com.collabinate.server.resources.LikeResourceTest
Tests run: 12, Failures: 0, Errors: 0, Skipped: 0, Time elapsed: 0.353 sec - in com.collabinate.server.resources.LikeResourceTest
Running com.collabinate.server.resources.StreamResourceTest
Tests run: 31, Failures: 0, Errors: 0, Skipped: 0, Time elapsed: 1.2 sec - in com.collabinate.server.resources.StreamResourceTest
Running com.collabinate.server.resources.FollowingResourceTest
Tests run: 13, Failures: 0, Errors: 0, Skipped: 0, Time elapsed: 0.451 sec - in com.collabinate.server.resources.FollowingResourceTest
Running com.collabinate.server.resources.ActivityResourceTest
Tests run: 14, Failures: 0, Errors: 0, Skipped: 0, Time elapsed: 0.388 sec - in com.collabinate.server.resources.ActivityResourceTest
Running com.collabinate.server.resources.FeedResourceTest
Tests run: 15, Failures: 0, Errors: 0, Skipped: 0, Time elapsed: 0.414 sec - in com.collabinate.server.resources.FeedResourceTest
Running com.collabinate.server.resources.CommentsResourceTest
Tests run: 28, Failures: 0, Errors: 0, Skipped: 0, Time elapsed: 1.508 sec - in com.collabinate.server.resources.CommentsResourceTest
Running com.collabinate.server.resources.LikesResourceTest
Tests run: 10, Failures: 0, Errors: 0, Skipped: 0, Time elapsed: 0.244 sec - in com.collabinate.server.resources.LikesResourceTest

Results :

Tests run: 297, Failures: 0, Errors: 0, Skipped: 0

[INFO] 
[INFO] --- jacoco-maven-plugin:0.8.5:report (report) @ collabinate-server ---
[INFO] Loading execution data file /tmp/tmp7m348uvb/Collabinate/collabinate-server/target/jacoco.exec
[INFO] Analyzed bundle 'collabinate-server' with 291 classes
[INFO] ------------------------------------------------------------------------
[INFO] BUILD SUCCESS
[INFO] ------------------------------------------------------------------------
[INFO] Total time:  01:29 min
[INFO] Finished at: 2020-07-30T18:25:43Z
[INFO] ------------------------------------------------------------------------
