[INFO] Error stacktraces are turned on.
[INFO] Scanning for projects...
[INFO] 
[INFO] ---------------------< com.icantrap:android-dawg >----------------------
[INFO] Building android-dawg 0.1.4
[INFO] --------------------------------[ jar ]---------------------------------
[INFO] 
[INFO] --- jacoco-maven-plugin:0.8.5:prepare-agent (default) @ android-dawg ---
[INFO] argLine set to -javaagent:/home/jdbl/.m2/repository/org/jacoco/org.jacoco.agent/0.8.5/org.jacoco.agent-0.8.5-runtime.jar=destfile=/tmp/tmp9i_oqgxl/android-dawg/target/jacoco.exec
[INFO] 
[INFO] --- maven-resources-plugin:2.6:resources (default-resources) @ android-dawg ---
[INFO] Using 'UTF-8' encoding to copy filtered resources.
[INFO] skip non existing resourceDirectory /tmp/tmp9i_oqgxl/android-dawg/src/main/resources
[INFO] 
[INFO] --- maven-compiler-plugin:3.1:compile (default-compile) @ android-dawg ---
[INFO] Changes detected - recompiling the module!
[INFO] Compiling 5 source files to /tmp/tmp9i_oqgxl/android-dawg/target/classes
[INFO] 
[INFO] --- maven-resources-plugin:2.6:testResources (default-testResources) @ android-dawg ---
[INFO] Using 'UTF-8' encoding to copy filtered resources.
[INFO] Copying 3 resources
[INFO] 
[INFO] --- maven-compiler-plugin:3.1:testCompile (default-testCompile) @ android-dawg ---
[INFO] Changes detected - recompiling the module!
[INFO] Compiling 4 source files to /tmp/tmp9i_oqgxl/android-dawg/target/test-classes
[INFO] 
[INFO] --- maven-surefire-plugin:2.19.1:test (default-test) @ android-dawg ---
[INFO] Surefire report directory: /tmp/tmp9i_oqgxl/android-dawg/target/surefire-reports

-------------------------------------------------------
 T E S T S
-------------------------------------------------------
Running com.icantrap.collections.dawg.DawgValidationTest
Tests run: 1, Failures: 0, Errors: 0, Skipped: 1, Time elapsed: 0.09 sec - in com.icantrap.collections.dawg.DawgValidationTest
Running com.icantrap.collections.dawg.TrieValidationTest
Tests run: 1, Failures: 0, Errors: 0, Skipped: 1, Time elapsed: 0.001 sec - in com.icantrap.collections.dawg.TrieValidationTest
Running com.icantrap.collections.dawg.NodeTest
Tests run: 12, Failures: 0, Errors: 0, Skipped: 0, Time elapsed: 0.003 sec - in com.icantrap.collections.dawg.NodeTest
Running com.icantrap.collections.dawg.DawgBuilderTest
Tests run: 12, Failures: 0, Errors: 0, Skipped: 0, Time elapsed: 0.01 sec - in com.icantrap.collections.dawg.DawgBuilderTest

Results :

Tests run: 26, Failures: 0, Errors: 0, Skipped: 2

[INFO] 
[INFO] --- jacoco-maven-plugin:0.8.5:report (report) @ android-dawg ---
[INFO] Loading execution data file /tmp/tmp9i_oqgxl/android-dawg/target/jacoco.exec
[INFO] Analyzed bundle 'android-dawg' with 109 classes
[INFO] ------------------------------------------------------------------------
[INFO] BUILD SUCCESS
[INFO] ------------------------------------------------------------------------
[INFO] Total time:  7.512 s
[INFO] Finished at: 2020-07-30T22:45:08Z
[INFO] ------------------------------------------------------------------------
