[INFO] Error stacktraces are turned on.
[INFO] Scanning for projects...
[INFO] 
[INFO] ----------------< com.github.horrorho:InflatableDonkey >----------------
[INFO] Building InflatableDonkey 0.0.1-SNAPSHOT
[INFO] --------------------------------[ jar ]---------------------------------
[INFO] 
[INFO] --- jacoco-maven-plugin:0.8.5:prepare-agent (default) @ InflatableDonkey ---
[INFO] argLine set to -javaagent:/home/jdbl/.m2/repository/org/jacoco/org.jacoco.agent/0.8.5/org.jacoco.agent-0.8.5-runtime.jar=destfile=/tmp/tmpr2wdp399/InflatableDonkey/target/jacoco.exec
[INFO] 
[INFO] --- maven-resources-plugin:2.6:resources (default-resources) @ InflatableDonkey ---
[INFO] Using 'UTF-8' encoding to copy filtered resources.
[INFO] Copying 4 resources
[INFO] 
[INFO] --- maven-compiler-plugin:3.1:compile (default-compile) @ InflatableDonkey ---
[INFO] Changes detected - recompiling the module!
[INFO] Compiling 268 source files to /tmp/tmpr2wdp399/InflatableDonkey/target/classes
[WARNING] /tmp/tmpr2wdp399/InflatableDonkey/src/main/java/com/github/horrorho/inflatabledonkey/crypto/RFC3394Wrap.java: Some input files use or override a deprecated API.
[WARNING] /tmp/tmpr2wdp399/InflatableDonkey/src/main/java/com/github/horrorho/inflatabledonkey/crypto/RFC3394Wrap.java: Recompile with -Xlint:deprecation for details.
[WARNING] /tmp/tmpr2wdp399/InflatableDonkey/src/main/java/com/github/horrorho/inflatabledonkey/requests/Headers.java: Some input files use unchecked or unsafe operations.
[WARNING] /tmp/tmpr2wdp399/InflatableDonkey/src/main/java/com/github/horrorho/inflatabledonkey/requests/Headers.java: Recompile with -Xlint:unchecked for details.
[INFO] 
[INFO] --- maven-resources-plugin:2.6:testResources (default-testResources) @ InflatableDonkey ---
[INFO] Using 'UTF-8' encoding to copy filtered resources.
[INFO] Copying 1 resource
[INFO] 
[INFO] --- maven-compiler-plugin:3.1:testCompile (default-testCompile) @ InflatableDonkey ---
[INFO] Changes detected - recompiling the module!
[INFO] Compiling 15 source files to /tmp/tmpr2wdp399/InflatableDonkey/target/test-classes
[WARNING] /tmp/tmpr2wdp399/InflatableDonkey/src/test/java/com/github/horrorho/inflatabledonkey/util/BiMapSetTest.java: /tmp/tmpr2wdp399/InflatableDonkey/src/test/java/com/github/horrorho/inflatabledonkey/util/BiMapSetTest.java uses or overrides a deprecated API.
[WARNING] /tmp/tmpr2wdp399/InflatableDonkey/src/test/java/com/github/horrorho/inflatabledonkey/util/BiMapSetTest.java: Recompile with -Xlint:deprecation for details.
[WARNING] /tmp/tmpr2wdp399/InflatableDonkey/src/test/java/com/github/horrorho/inflatabledonkey/util/BiMapSetTest.java: /tmp/tmpr2wdp399/InflatableDonkey/src/test/java/com/github/horrorho/inflatabledonkey/util/BiMapSetTest.java uses unchecked or unsafe operations.
[WARNING] /tmp/tmpr2wdp399/InflatableDonkey/src/test/java/com/github/horrorho/inflatabledonkey/util/BiMapSetTest.java: Recompile with -Xlint:unchecked for details.
[INFO] 
[INFO] --- maven-surefire-plugin:2.19.1:test (default-test) @ InflatableDonkey ---
[INFO] Surefire report directory: /tmp/tmpr2wdp399/InflatableDonkey/target/surefire-reports

-------------------------------------------------------
 T E S T S
-------------------------------------------------------
Running com.github.horrorho.ragingmoose.LZFSEInputStreamTest
Tests run: 3, Failures: 0, Errors: 0, Skipped: 2, Time elapsed: 0.794 sec - in com.github.horrorho.ragingmoose.LZFSEInputStreamTest
Running com.github.horrorho.inflatabledonkey.file.FileBlockCipherTest
Tests run: 3, Failures: 0, Errors: 0, Skipped: 0, Time elapsed: 0.519 sec - in com.github.horrorho.inflatabledonkey.file.FileBlockCipherTest
Running com.github.horrorho.inflatabledonkey.file.FileBlockIVGeneratorTest
Tests run: 15, Failures: 0, Errors: 0, Skipped: 0, Time elapsed: 0.12 sec - in com.github.horrorho.inflatabledonkey.file.FileBlockIVGeneratorTest
Running com.github.horrorho.inflatabledonkey.util.BiMapSetTest
c [zero, square, even, odd] [0, 1, 2, 3, 4, 5, 6, 9]
Tests run: 29, Failures: 0, Errors: 0, Skipped: 0, Time elapsed: 0.122 sec - in com.github.horrorho.inflatabledonkey.util.BiMapSetTest
Running com.github.horrorho.inflatabledonkey.chunk.engine.ChunkListDecrypterTest
Tests run: 3, Failures: 0, Errors: 0, Skipped: 3, Time elapsed: 0.032 sec - in com.github.horrorho.inflatabledonkey.chunk.engine.ChunkListDecrypterTest
Running com.github.horrorho.inflatabledonkey.chunk.store.disk.DiskChunkStoreTest
Tests run: 1, Failures: 0, Errors: 0, Skipped: 1, Time elapsed: 0.001 sec - in com.github.horrorho.inflatabledonkey.chunk.store.disk.DiskChunkStoreTest
Running com.github.horrorho.inflatabledonkey.crypto.PBKDF2Test
Tests run: 4, Failures: 0, Errors: 0, Skipped: 0, Time elapsed: 0.14 sec - in com.github.horrorho.inflatabledonkey.crypto.PBKDF2Test
Running com.github.horrorho.inflatabledonkey.crypto.RFC3394WrapTest
Tests run: 2, Failures: 0, Errors: 0, Skipped: 0, Time elapsed: 0.033 sec - in com.github.horrorho.inflatabledonkey.crypto.RFC3394WrapTest
Running com.github.horrorho.inflatabledonkey.crypto.Curve25519Test
Tests run: 1, Failures: 0, Errors: 0, Skipped: 0, Time elapsed: 0.032 sec - in com.github.horrorho.inflatabledonkey.crypto.Curve25519Test
Running com.github.horrorho.inflatabledonkey.crypto.xts.XTSAESCipherTest
Tests run: 38, Failures: 0, Errors: 0, Skipped: 0, Time elapsed: 0.069 sec - in com.github.horrorho.inflatabledonkey.crypto.xts.XTSAESCipherTest
Running com.github.horrorho.inflatabledonkey.crypto.xts.XTSTweakTest
Tests run: 19, Failures: 0, Errors: 0, Skipped: 0, Time elapsed: 0.115 sec - in com.github.horrorho.inflatabledonkey.crypto.xts.XTSTweakTest
Running com.github.horrorho.inflatabledonkey.crypto.xts.XTSAESBlockCipherTest
Tests run: 2, Failures: 0, Errors: 0, Skipped: 0, Time elapsed: 0.003 sec - in com.github.horrorho.inflatabledonkey.crypto.xts.XTSAESBlockCipherTest

Results :

Tests run: 120, Failures: 0, Errors: 0, Skipped: 6

[INFO] 
[INFO] --- jacoco-maven-plugin:0.8.5:report (report) @ InflatableDonkey ---
[INFO] Loading execution data file /tmp/tmpr2wdp399/InflatableDonkey/target/jacoco.exec
[INFO] Analyzed bundle 'InflatableDonkey' with 786 classes
[INFO] ------------------------------------------------------------------------
[INFO] BUILD SUCCESS
[INFO] ------------------------------------------------------------------------
[INFO] Total time:  25.263 s
[INFO] Finished at: 2020-07-30T20:53:48Z
[INFO] ------------------------------------------------------------------------
