[INFO] Error stacktraces are turned on.
[INFO] Scanning for projects...
[WARNING] 
[WARNING] Some problems were encountered while building the effective model for com.datastax.oss:native-protocol:bundle:1.4.11-SNAPSHOT
[WARNING] 'build.plugins.plugin.(groupId:artifactId)' must be unique but found duplicate declaration of plugin org.apache.maven.plugins:maven-surefire-plugin @ line 263, column 15
[WARNING] 
[WARNING] It is highly recommended to fix these problems because they threaten the stability of your build.
[WARNING] 
[WARNING] For this reason, future Maven versions might no longer support building such malformed projects.
[WARNING] 
[INFO] Inspecting build with total of 1 modules...
[INFO] Installing Nexus Staging features:
[INFO]   ... total of 1 executions of maven-deploy-plugin replaced with nexus-staging-maven-plugin
[INFO] 
[INFO] ------------------< com.datastax.oss:native-protocol >------------------
[INFO] Building An implementation of the Apache CassandraÂ® native protocol 1.4.11-SNAPSHOT
[INFO] -------------------------------[ bundle ]-------------------------------
[INFO] 
[INFO] --- license-maven-plugin:3.0:check (check-license) @ native-protocol ---
[INFO] 
[INFO] --- jacoco-maven-plugin:0.8.5:prepare-agent (default) @ native-protocol ---
[INFO] argLine set to -javaagent:/home/jdbl/.m2/repository/org/jacoco/org.jacoco.agent/0.8.5/org.jacoco.agent-0.8.5-runtime.jar=destfile=/tmp/tmp51kdt9cv/native-protocol/target/jacoco.exec
[INFO] 
[INFO] --- fmt-maven-plugin:2.9:check (default) @ native-protocol ---
[INFO] Processed 100 files (0 non-complying).
[INFO] Processed 134 files (0 non-complying).
[INFO] 
[INFO] --- maven-resources-plugin:3.1.0:resources (default-resources) @ native-protocol ---
[INFO] Using 'UTF-8' encoding to copy filtered resources.
[INFO] Copying 5 resources
[INFO] 
[INFO] --- maven-compiler-plugin:3.6.1:compile (default-compile) @ native-protocol ---
[INFO] Changes detected - recompiling the module!
[INFO] Compiling 79 source files to /tmp/tmp51kdt9cv/native-protocol/target/classes
[INFO] 
[INFO] --- maven-resources-plugin:3.1.0:testResources (default-testResources) @ native-protocol ---
[INFO] Using 'UTF-8' encoding to copy filtered resources.
[INFO] skip non existing resourceDirectory /tmp/tmp51kdt9cv/native-protocol/src/test/resources
[INFO] 
[INFO] --- maven-compiler-plugin:3.6.1:testCompile (default-testCompile) @ native-protocol ---
[INFO] Changes detected - recompiling the module!
[INFO] Compiling 55 source files to /tmp/tmp51kdt9cv/native-protocol/target/test-classes
[INFO] 
[INFO] --- maven-surefire-plugin:2.19.1:test (default-test) @ native-protocol ---
[INFO] Surefire report directory: /tmp/tmp51kdt9cv/native-protocol/target/surefire-reports

-------------------------------------------------------
 T E S T S
-------------------------------------------------------
Running com.datastax.oss.protocol.internal.response.event.StatusChangeEventTest
Tests run: 3, Failures: 0, Errors: 0, Skipped: 0, Time elapsed: 1.589 sec - in com.datastax.oss.protocol.internal.response.event.StatusChangeEventTest
Running com.datastax.oss.protocol.internal.response.event.SchemaChangeEventTest
Tests run: 16, Failures: 0, Errors: 0, Skipped: 0, Time elapsed: 0.036 sec - in com.datastax.oss.protocol.internal.response.event.SchemaChangeEventTest
Running com.datastax.oss.protocol.internal.response.event.TopologyChangeEventTest
Tests run: 3, Failures: 0, Errors: 0, Skipped: 0, Time elapsed: 0.014 sec - in com.datastax.oss.protocol.internal.response.event.TopologyChangeEventTest
Running com.datastax.oss.protocol.internal.response.SupportedTest
Tests run: 6, Failures: 0, Errors: 0, Skipped: 0, Time elapsed: 0.049 sec - in com.datastax.oss.protocol.internal.response.SupportedTest
Running com.datastax.oss.protocol.internal.response.AuthenticateTest
Tests run: 3, Failures: 0, Errors: 0, Skipped: 0, Time elapsed: 0 sec - in com.datastax.oss.protocol.internal.response.AuthenticateTest
Running com.datastax.oss.protocol.internal.response.ReadyTest
Tests run: 3, Failures: 0, Errors: 0, Skipped: 0, Time elapsed: 0.001 sec - in com.datastax.oss.protocol.internal.response.ReadyTest
Running com.datastax.oss.protocol.internal.response.ErrorTest
Tests run: 27, Failures: 0, Errors: 0, Skipped: 0, Time elapsed: 0.1 sec - in com.datastax.oss.protocol.internal.response.ErrorTest
Running com.datastax.oss.protocol.internal.response.AuthChallengeTest
Tests run: 3, Failures: 0, Errors: 0, Skipped: 0, Time elapsed: 0.007 sec - in com.datastax.oss.protocol.internal.response.AuthChallengeTest
Running com.datastax.oss.protocol.internal.response.AuthSuccessTest
Tests run: 3, Failures: 0, Errors: 0, Skipped: 0, Time elapsed: 0.002 sec - in com.datastax.oss.protocol.internal.response.AuthSuccessTest
Running com.datastax.oss.protocol.internal.response.result.RowsMetadataTest
Tests run: 17, Failures: 0, Errors: 0, Skipped: 0, Time elapsed: 0.052 sec - in com.datastax.oss.protocol.internal.response.result.RowsMetadataTest
Running com.datastax.oss.protocol.internal.response.result.VoidTest
Tests run: 3, Failures: 0, Errors: 0, Skipped: 0, Time elapsed: 0.014 sec - in com.datastax.oss.protocol.internal.response.result.VoidTest
Running com.datastax.oss.protocol.internal.response.result.SchemaChangeTest
Tests run: 15, Failures: 0, Errors: 0, Skipped: 0, Time elapsed: 0.011 sec - in com.datastax.oss.protocol.internal.response.result.SchemaChangeTest
Running com.datastax.oss.protocol.internal.response.result.PreparedTest
Tests run: 6, Failures: 0, Errors: 0, Skipped: 0, Time elapsed: 0.027 sec - in com.datastax.oss.protocol.internal.response.result.PreparedTest
Running com.datastax.oss.protocol.internal.response.result.SetKeyspaceTest
Tests run: 3, Failures: 0, Errors: 0, Skipped: 0, Time elapsed: 0.002 sec - in com.datastax.oss.protocol.internal.response.result.SetKeyspaceTest
Running com.datastax.oss.protocol.internal.response.result.RowsTest
Tests run: 6, Failures: 0, Errors: 0, Skipped: 0, Time elapsed: 0.039 sec - in com.datastax.oss.protocol.internal.response.result.RowsTest
Running com.datastax.oss.protocol.internal.ResponseFrameCodecTest
Tests run: 144, Failures: 0, Errors: 0, Skipped: 0, Time elapsed: 1.942 sec - in com.datastax.oss.protocol.internal.ResponseFrameCodecTest
Running com.datastax.oss.protocol.internal.PrimitiveSizesTest
Tests run: 1, Failures: 0, Errors: 0, Skipped: 0, Time elapsed: 3.707 sec - in com.datastax.oss.protocol.internal.PrimitiveSizesTest
Running com.datastax.oss.protocol.internal.PrimitiveCodecTest
Tests run: 10, Failures: 0, Errors: 0, Skipped: 0, Time elapsed: 0.004 sec - in com.datastax.oss.protocol.internal.PrimitiveCodecTest
Running com.datastax.oss.protocol.internal.util.IntIntMapTest
Tests run: 1, Failures: 0, Errors: 0, Skipped: 0, Time elapsed: 0 sec - in com.datastax.oss.protocol.internal.util.IntIntMapTest
Running com.datastax.oss.protocol.internal.util.IntMapTest
Tests run: 3, Failures: 0, Errors: 0, Skipped: 0, Time elapsed: 0 sec - in com.datastax.oss.protocol.internal.util.IntMapTest
Running com.datastax.oss.protocol.internal.util.collection.NullAllowingImmutableMapTest
Tests run: 6, Failures: 0, Errors: 0, Skipped: 0, Time elapsed: 0.015 sec - in com.datastax.oss.protocol.internal.util.collection.NullAllowingImmutableMapTest
Running com.datastax.oss.protocol.internal.util.collection.NullAllowingImmutableSetTest
Tests run: 8, Failures: 0, Errors: 0, Skipped: 0, Time elapsed: 0.007 sec - in com.datastax.oss.protocol.internal.util.collection.NullAllowingImmutableSetTest
Running com.datastax.oss.protocol.internal.util.collection.NullAllowingImmutableListTest
Tests run: 5, Failures: 0, Errors: 0, Skipped: 0, Time elapsed: 0.003 sec - in com.datastax.oss.protocol.internal.util.collection.NullAllowingImmutableListTest
Running com.datastax.oss.protocol.internal.RequestFrameCodecTest
Tests run: 42, Failures: 0, Errors: 0, Skipped: 0, Time elapsed: 0.084 sec - in com.datastax.oss.protocol.internal.RequestFrameCodecTest
Running com.datastax.oss.protocol.internal.request.OptionsTest
Tests run: 3, Failures: 0, Errors: 0, Skipped: 0, Time elapsed: 0.001 sec - in com.datastax.oss.protocol.internal.request.OptionsTest
Running com.datastax.oss.protocol.internal.request.QueryTest
Tests run: 20, Failures: 0, Errors: 0, Skipped: 0, Time elapsed: 0.011 sec - in com.datastax.oss.protocol.internal.request.QueryTest
Running com.datastax.oss.protocol.internal.request.AuthResponseTest
Tests run: 4, Failures: 0, Errors: 0, Skipped: 0, Time elapsed: 0.007 sec - in com.datastax.oss.protocol.internal.request.AuthResponseTest
Running com.datastax.oss.protocol.internal.request.BatchTest
Tests run: 7, Failures: 0, Errors: 0, Skipped: 0, Time elapsed: 0.02 sec - in com.datastax.oss.protocol.internal.request.BatchTest
Running com.datastax.oss.protocol.internal.request.PrepareTest
Tests run: 4, Failures: 0, Errors: 0, Skipped: 0, Time elapsed: 0.005 sec - in com.datastax.oss.protocol.internal.request.PrepareTest
Running com.datastax.oss.protocol.internal.request.ExecuteTest
Tests run: 4, Failures: 0, Errors: 0, Skipped: 0, Time elapsed: 0.002 sec - in com.datastax.oss.protocol.internal.request.ExecuteTest
Running com.datastax.oss.protocol.internal.request.StartupTest
Tests run: 12, Failures: 0, Errors: 0, Skipped: 0, Time elapsed: 0.005 sec - in com.datastax.oss.protocol.internal.request.StartupTest
Running com.datastax.oss.protocol.internal.request.RegisterTest
Tests run: 3, Failures: 0, Errors: 0, Skipped: 0, Time elapsed: 0.001 sec - in com.datastax.oss.protocol.internal.request.RegisterTest
Running com.datastax.oss.protocol.internal.TestDataProviders
Tests run: 1, Failures: 0, Errors: 0, Skipped: 0, Time elapsed: 0.001 sec - in com.datastax.oss.protocol.internal.TestDataProviders
Running com.datastax.dse.protocol.internal.response.DseErrorTest
Tests run: 2, Failures: 0, Errors: 0, Skipped: 0, Time elapsed: 0.002 sec - in com.datastax.dse.protocol.internal.response.DseErrorTest
Running com.datastax.dse.protocol.internal.response.result.DsePreparedTest
Tests run: 2, Failures: 0, Errors: 0, Skipped: 0, Time elapsed: 0.002 sec - in com.datastax.dse.protocol.internal.response.result.DsePreparedTest
Running com.datastax.dse.protocol.internal.response.result.DseRowsTest
Tests run: 3, Failures: 0, Errors: 0, Skipped: 0, Time elapsed: 0.002 sec - in com.datastax.dse.protocol.internal.response.result.DseRowsTest
Running com.datastax.dse.protocol.internal.request.ReviseTest
Tests run: 3, Failures: 0, Errors: 0, Skipped: 0, Time elapsed: 0.001 sec - in com.datastax.dse.protocol.internal.request.ReviseTest
Running com.datastax.dse.protocol.internal.request.DseBatchTest
Tests run: 3, Failures: 0, Errors: 0, Skipped: 0, Time elapsed: 0.001 sec - in com.datastax.dse.protocol.internal.request.DseBatchTest
Running com.datastax.dse.protocol.internal.request.DsePrepareTest
Tests run: 3, Failures: 0, Errors: 0, Skipped: 0, Time elapsed: 0 sec - in com.datastax.dse.protocol.internal.request.DsePrepareTest
Running com.datastax.dse.protocol.internal.request.DseExecuteTest
Tests run: 2, Failures: 0, Errors: 0, Skipped: 0, Time elapsed: 0 sec - in com.datastax.dse.protocol.internal.request.DseExecuteTest
Running com.datastax.dse.protocol.internal.request.DseQueryTest
Tests run: 4, Failures: 0, Errors: 0, Skipped: 0, Time elapsed: 0 sec - in com.datastax.dse.protocol.internal.request.DseQueryTest
Running com.datastax.dse.protocol.internal.request.RawBytesQueryTest
Tests run: 2, Failures: 0, Errors: 0, Skipped: 0, Time elapsed: 0 sec - in com.datastax.dse.protocol.internal.request.RawBytesQueryTest

Results :

Tests run: 419, Failures: 0, Errors: 0, Skipped: 0

[INFO] 
[INFO] --- jacoco-maven-plugin:0.8.5:report (report) @ native-protocol ---
[INFO] Loading execution data file /tmp/tmp51kdt9cv/native-protocol/target/jacoco.exec
[INFO] Analyzed bundle 'An implementation of the Apache CassandraÂ® native protocol' with 1144 classes
[INFO] ------------------------------------------------------------------------
[INFO] BUILD SUCCESS
[INFO] ------------------------------------------------------------------------
[INFO] Total time:  54.840 s
[INFO] Finished at: 2020-07-31T04:45:59Z
[INFO] ------------------------------------------------------------------------
