[INFO] Error stacktraces are turned on.
[INFO] Scanning for projects...
[INFO] 
[INFO] -----------------------< com.twilio.sdk:twilio >------------------------
[INFO] Building twilio 7.53.0
[INFO] --------------------------------[ jar ]---------------------------------
[INFO] 
[INFO] --- maven-enforcer-plugin:3.0.0-M3:enforce (enforce-maven) @ twilio ---
[INFO] 
[INFO] --- maven-enforcer-plugin:3.0.0-M3:enforce (enforce-versions) @ twilio ---
[INFO] 
[INFO] --- jacoco-maven-plugin:0.8.5:prepare-agent (default) @ twilio ---
[INFO] argLine set to -javaagent:/home/jdbl/.m2/repository/org/jacoco/org.jacoco.agent/0.8.5/org.jacoco.agent-0.8.5-runtime.jar=destfile=/tmp/tmpxi7kqx0a/twilio-java/target/jacoco.exec
[INFO] 
[INFO] --- maven-resources-plugin:2.6:resources (default-resources) @ twilio ---
[INFO] Using 'UTF-8' encoding to copy filtered resources.
[INFO] skip non existing resourceDirectory /tmp/tmpxi7kqx0a/twilio-java/src/main/resources
[INFO] 
[INFO] --- maven-compiler-plugin:3.8.1:compile (default-compile) @ twilio ---
[INFO] Changes detected - recompiling the module!
[INFO] Compiling 1611 source files to /tmp/tmpxi7kqx0a/twilio-java/target/classes
[WARNING] bootstrap class path not set in conjunction with -source 1.7
[WARNING] /tmp/tmpxi7kqx0a/twilio-java/src/main/java/com/twilio/jwt/Jwt.java:[77,17] signWith(io.jsonwebtoken.SignatureAlgorithm,java.security.Key) in io.jsonwebtoken.JwtBuilder has been deprecated
[INFO] /tmp/tmpxi7kqx0a/twilio-java/src/main/java/com/twilio/twiml/TwiML.java: Some input files use unchecked or unsafe operations.
[INFO] /tmp/tmpxi7kqx0a/twilio-java/src/main/java/com/twilio/twiml/TwiML.java: Recompile with -Xlint:unchecked for details.
[INFO] 
[INFO] --- maven-resources-plugin:2.6:testResources (default-testResources) @ twilio ---
[INFO] Using 'UTF-8' encoding to copy filtered resources.
[INFO] skip non existing resourceDirectory /tmp/tmpxi7kqx0a/twilio-java/src/test/resources
[INFO] 
[INFO] --- maven-compiler-plugin:3.8.1:testCompile (default-testCompile) @ twilio ---
[INFO] Changes detected - recompiling the module!
[INFO] Compiling 437 source files to /tmp/tmpxi7kqx0a/twilio-java/target/test-classes
[WARNING] bootstrap class path not set in conjunction with -source 1.7
[WARNING] /tmp/tmpxi7kqx0a/twilio-java/src/test/java/com/twilio/rest/sync/v1/service/synclist/SyncListPermissionTest.java:[21,14] mockit.NonStrictExpectations in mockit has been deprecated
[WARNING] /tmp/tmpxi7kqx0a/twilio-java/src/test/java/com/twilio/TwilioTest.java:[21,14] mockit.NonStrictExpectations in mockit has been deprecated
[WARNING] /tmp/tmpxi7kqx0a/twilio-java/src/test/java/com/twilio/rest/taskrouter/v1/workspace/worker/WorkerChannelTest.java:[21,14] mockit.NonStrictExpectations in mockit has been deprecated
[WARNING] /tmp/tmpxi7kqx0a/twilio-java/src/test/java/com/twilio/rest/pricing/v1/voice/NumberTest.java:[21,14] mockit.NonStrictExpectations in mockit has been deprecated
[WARNING] /tmp/tmpxi7kqx0a/twilio-java/src/test/java/com/twilio/rest/verify/v2/service/VerificationCheckTest.java:[21,14] mockit.NonStrictExpectations in mockit has been deprecated
[WARNING] /tmp/tmpxi7kqx0a/twilio-java/src/test/java/com/twilio/rest/chat/v2/service/channel/MessageTest.java:[21,14] mockit.NonStrictExpectations in mockit has been deprecated
[WARNING] /tmp/tmpxi7kqx0a/twilio-java/src/test/java/com/twilio/rest/proxy/v1/ServiceTest.java:[21,14] mockit.NonStrictExpectations in mockit has been deprecated
[WARNING] /tmp/tmpxi7kqx0a/twilio-java/src/test/java/com/twilio/rest/api/v2010/account/RecordingTest.java:[21,14] mockit.NonStrictExpectations in mockit has been deprecated
[WARNING] /tmp/tmpxi7kqx0a/twilio-java/src/test/java/com/twilio/rest/studio/v2/flow/ExecutionTest.java:[21,14] mockit.NonStrictExpectations in mockit has been deprecated
[WARNING] /tmp/tmpxi7kqx0a/twilio-java/src/test/java/com/twilio/rest/preview/marketplace/InstalledAddOnTest.java:[21,14] mockit.NonStrictExpectations in mockit has been deprecated
[WARNING] /tmp/tmpxi7kqx0a/twilio-java/src/test/java/com/twilio/rest/preview/understand/assistant/FieldTypeTest.java:[21,14] mockit.NonStrictExpectations in mockit has been deprecated
[WARNING] /tmp/tmpxi7kqx0a/twilio-java/src/test/java/com/twilio/rest/autopilot/v1/assistant/task/FieldTest.java:[21,14] mockit.NonStrictExpectations in mockit has been deprecated
[WARNING] /tmp/tmpxi7kqx0a/twilio-java/src/test/java/com/twilio/rest/api/v2010/account/TranscriptionTest.java:[21,14] mockit.NonStrictExpectations in mockit has been deprecated
[WARNING] /tmp/tmpxi7kqx0a/twilio-java/src/test/java/com/twilio/rest/chat/v1/CredentialTest.java:[21,14] mockit.NonStrictExpectations in mockit has been deprecated
[WARNING] /tmp/tmpxi7kqx0a/twilio-java/src/test/java/com/twilio/rest/api/v2010/account/address/DependentPhoneNumberTest.java:[21,14] mockit.NonStrictExpectations in mockit has been deprecated
[WARNING] /tmp/tmpxi7kqx0a/twilio-java/src/test/java/com/twilio/rest/verify/v2/service/RateLimitTest.java:[21,14] mockit.NonStrictExpectations in mockit has been deprecated
[WARNING] /tmp/tmpxi7kqx0a/twilio-java/src/test/java/com/twilio/rest/ipmessaging/v1/service/channel/MemberTest.java:[21,14] mockit.NonStrictExpectations in mockit has been deprecated
[WARNING] /tmp/tmpxi7kqx0a/twilio-java/src/test/java/com/twilio/rest/voice/v1/SourceIpMappingTest.java:[21,14] mockit.NonStrictExpectations in mockit has been deprecated
[WARNING] /tmp/tmpxi7kqx0a/twilio-java/src/test/java/com/twilio/rest/api/v2010/account/availablephonenumbercountry/MobileTest.java:[21,14] mockit.NonStrictExpectations in mockit has been deprecated
[WARNING] /tmp/tmpxi7kqx0a/twilio-java/src/test/java/com/twilio/rest/api/v2010/account/call/NotificationTest.java:[21,14] mockit.NonStrictExpectations in mockit has been deprecated
[WARNING] /tmp/tmpxi7kqx0a/twilio-java/src/test/java/com/twilio/rest/video/v1/CompositionSettingsTest.java:[21,14] mockit.NonStrictExpectations in mockit has been deprecated
[WARNING] /tmp/tmpxi7kqx0a/twilio-java/src/test/java/com/twilio/rest/taskrouter/v1/workspace/workflow/WorkflowCumulativeStatisticsTest.java:[21,14] mockit.NonStrictExpectations in mockit has been deprecated
[WARNING] /tmp/tmpxi7kqx0a/twilio-java/src/test/java/com/twilio/rest/ipmessaging/v1/service/channel/MessageTest.java:[21,14] mockit.NonStrictExpectations in mockit has been deprecated
[WARNING] /tmp/tmpxi7kqx0a/twilio-java/src/test/java/com/twilio/rest/api/v2010/account/TokenTest.java:[21,14] mockit.NonStrictExpectations in mockit has been deprecated
[WARNING] /tmp/tmpxi7kqx0a/twilio-java/src/test/java/com/twilio/rest/verify/v2/FormTest.java:[21,14] mockit.NonStrictExpectations in mockit has been deprecated
[WARNING] /tmp/tmpxi7kqx0a/twilio-java/src/test/java/com/twilio/rest/preview/trustedComms/CpsTest.java:[21,14] mockit.NonStrictExpectations in mockit has been deprecated
[WARNING] /tmp/tmpxi7kqx0a/twilio-java/src/test/java/com/twilio/rest/autopilot/v1/assistant/WebhookTest.java:[21,14] mockit.NonStrictExpectations in mockit has been deprecated
[WARNING] /tmp/tmpxi7kqx0a/twilio-java/src/test/java/com/twilio/rest/api/v2010/account/OutgoingCallerIdTest.java:[21,14] mockit.NonStrictExpectations in mockit has been deprecated
[WARNING] /tmp/tmpxi7kqx0a/twilio-java/src/test/java/com/twilio/rest/api/v2010/account/availablephonenumbercountry/LocalTest.java:[21,14] mockit.NonStrictExpectations in mockit has been deprecated
[WARNING] /tmp/tmpxi7kqx0a/twilio-java/src/test/java/com/twilio/rest/api/v2010/account/usage/record/ThisMonthTest.java:[21,14] mockit.NonStrictExpectations in mockit has been deprecated
[WARNING] /tmp/tmpxi7kqx0a/twilio-java/src/test/java/com/twilio/rest/api/v2010/account/call/PaymentTest.java:[21,14] mockit.NonStrictExpectations in mockit has been deprecated
[WARNING] /tmp/tmpxi7kqx0a/twilio-java/src/test/java/com/twilio/rest/wireless/v1/SimTest.java:[21,14] mockit.NonStrictExpectations in mockit has been deprecated
[WARNING] /tmp/tmpxi7kqx0a/twilio-java/src/test/java/com/twilio/rest/autopilot/v1/assistant/task/SampleTest.java:[21,14] mockit.NonStrictExpectations in mockit has been deprecated
[WARNING] /tmp/tmpxi7kqx0a/twilio-java/src/test/java/com/twilio/rest/preview/understand/assistant/ModelBuildTest.java:[21,14] mockit.NonStrictExpectations in mockit has been deprecated
[WARNING] /tmp/tmpxi7kqx0a/twilio-java/src/test/java/com/twilio/rest/proxy/v1/service/session/participant/MessageInteractionTest.java:[21,14] mockit.NonStrictExpectations in mockit has been deprecated
[WARNING] /tmp/tmpxi7kqx0a/twilio-java/src/test/java/com/twilio/rest/wireless/v1/sim/DataSessionTest.java:[21,14] mockit.NonStrictExpectations in mockit has been deprecated
[WARNING] /tmp/tmpxi7kqx0a/twilio-java/src/test/java/com/twilio/rest/sync/v1/service/SyncMapTest.java:[21,14] mockit.NonStrictExpectations in mockit has been deprecated
[WARNING] /tmp/tmpxi7kqx0a/twilio-java/src/test/java/com/twilio/rest/voice/v1/IpRecordTest.java:[21,14] mockit.NonStrictExpectations in mockit has been deprecated
[WARNING] /tmp/tmpxi7kqx0a/twilio-java/src/test/java/com/twilio/rest/preview/sync/service/document/DocumentPermissionTest.java:[21,14] mockit.NonStrictExpectations in mockit has been deprecated
[WARNING] /tmp/tmpxi7kqx0a/twilio-java/src/test/java/com/twilio/rest/verify/v2/service/entity/AccessTokenTest.java:[21,14] mockit.NonStrictExpectations in mockit has been deprecated
[WARNING] /tmp/tmpxi7kqx0a/twilio-java/src/test/java/com/twilio/rest/verify/v2/service/ratelimit/BucketTest.java:[21,14] mockit.NonStrictExpectations in mockit has been deprecated
[WARNING] /tmp/tmpxi7kqx0a/twilio-java/src/test/java/com/twilio/rest/studio/v1/flow/execution/ExecutionContextTest.java:[21,14] mockit.NonStrictExpectations in mockit has been deprecated
[WARNING] /tmp/tmpxi7kqx0a/twilio-java/src/test/java/com/twilio/rest/taskrouter/v1/workspace/task/ReservationTest.java:[21,14] mockit.NonStrictExpectations in mockit has been deprecated
[WARNING] /tmp/tmpxi7kqx0a/twilio-java/src/test/java/com/twilio/rest/verify/v2/service/VerificationTest.java:[21,14] mockit.NonStrictExpectations in mockit has been deprecated
[WARNING] /tmp/tmpxi7kqx0a/twilio-java/src/test/java/com/twilio/rest/monitor/v1/EventTest.java:[21,14] mockit.NonStrictExpectations in mockit has been deprecated
[WARNING] /tmp/tmpxi7kqx0a/twilio-java/src/test/java/com/twilio/rest/api/v2010/account/usage/record/AllTimeTest.java:[21,14] mockit.NonStrictExpectations in mockit has been deprecated
[WARNING] /tmp/tmpxi7kqx0a/twilio-java/src/test/java/com/twilio/rest/taskrouter/v1/workspace/taskqueue/TaskQueueRealTimeStatisticsTest.java:[21,14] mockit.NonStrictExpectations in mockit has been deprecated
[WARNING] /tmp/tmpxi7kqx0a/twilio-java/src/test/java/com/twilio/rest/preview/deployedDevices/fleet/CertificateTest.java:[21,14] mockit.NonStrictExpectations in mockit has been deprecated
[WARNING] /tmp/tmpxi7kqx0a/twilio-java/src/test/java/com/twilio/rest/preview/deployedDevices/fleet/DeploymentTest.java:[21,14] mockit.NonStrictExpectations in mockit has been deprecated
[WARNING] /tmp/tmpxi7kqx0a/twilio-java/src/test/java/com/twilio/rest/ipmessaging/v1/service/ChannelTest.java:[21,14] mockit.NonStrictExpectations in mockit has been deprecated
[WARNING] /tmp/tmpxi7kqx0a/twilio-java/src/test/java/com/twilio/rest/trunking/v1/trunk/OriginationUrlTest.java:[21,14] mockit.NonStrictExpectations in mockit has been deprecated
[WARNING] /tmp/tmpxi7kqx0a/twilio-java/src/test/java/com/twilio/rest/autopilot/v1/assistant/DefaultsTest.java:[21,14] mockit.NonStrictExpectations in mockit has been deprecated
[WARNING] /tmp/tmpxi7kqx0a/twilio-java/src/test/java/com/twilio/rest/api/v2010/account/queue/MemberTest.java:[21,14] mockit.NonStrictExpectations in mockit has been deprecated
[WARNING] /tmp/tmpxi7kqx0a/twilio-java/src/test/java/com/twilio/rest/api/v2010/account/sip/domain/authtypes/authtyperegistrations/AuthRegistrationsCredentialListMappingTest.java:[21,14] mockit.NonStrictExpectations in mockit has been deprecated
[WARNING] /tmp/tmpxi7kqx0a/twilio-java/src/test/java/com/twilio/rest/verify/v2/service/WebhookTest.java:[21,14] mockit.NonStrictExpectations in mockit has been deprecated
[WARNING] /tmp/tmpxi7kqx0a/twilio-java/src/test/java/com/twilio/rest/taskrouter/v1/workspace/worker/WorkersCumulativeStatisticsTest.java:[21,14] mockit.NonStrictExpectations in mockit has been deprecated
[WARNING] /tmp/tmpxi7kqx0a/twilio-java/src/test/java/com/twilio/rest/api/v2010/account/incomingphonenumber/MobileTest.java:[21,14] mockit.NonStrictExpectations in mockit has been deprecated
[WARNING] /tmp/tmpxi7kqx0a/twilio-java/src/test/java/com/twilio/rest/voice/v1/connectionpolicy/ConnectionPolicyTargetTest.java:[21,14] mockit.NonStrictExpectations in mockit has been deprecated
[WARNING] /tmp/tmpxi7kqx0a/twilio-java/src/test/java/com/twilio/rest/supersim/v1/FleetTest.java:[21,14] mockit.NonStrictExpectations in mockit has been deprecated
[WARNING] /tmp/tmpxi7kqx0a/twilio-java/src/test/java/com/twilio/rest/taskrouter/v1/workspace/TaskQueueTest.java:[21,14] mockit.NonStrictExpectations in mockit has been deprecated
[WARNING] /tmp/tmpxi7kqx0a/twilio-java/src/test/java/com/twilio/rest/preview/sync/service/synclist/SyncListPermissionTest.java:[21,14] mockit.NonStrictExpectations in mockit has been deprecated
[WARNING] /tmp/tmpxi7kqx0a/twilio-java/src/test/java/com/twilio/rest/chat/v2/service/ChannelTest.java:[21,14] mockit.NonStrictExpectations in mockit has been deprecated
[WARNING] /tmp/tmpxi7kqx0a/twilio-java/src/test/java/com/twilio/rest/taskrouter/v1/workspace/TaskTest.java:[21,14] mockit.NonStrictExpectations in mockit has been deprecated
[WARNING] /tmp/tmpxi7kqx0a/twilio-java/src/test/java/com/twilio/rest/taskrouter/v1/WorkspaceTest.java:[21,14] mockit.NonStrictExpectations in mockit has been deprecated
[WARNING] /tmp/tmpxi7kqx0a/twilio-java/src/test/java/com/twilio/rest/preview/wireless/CommandTest.java:[21,14] mockit.NonStrictExpectations in mockit has been deprecated
[WARNING] /tmp/tmpxi7kqx0a/twilio-java/src/test/java/com/twilio/rest/flexapi/v1/ConfigurationTest.java:[21,14] mockit.NonStrictExpectations in mockit has been deprecated
[WARNING] /tmp/tmpxi7kqx0a/twilio-java/src/test/java/com/twilio/rest/preview/sync/service/SyncMapTest.java:[21,14] mockit.NonStrictExpectations in mockit has been deprecated
[WARNING] /tmp/tmpxi7kqx0a/twilio-java/src/test/java/com/twilio/rest/api/v2010/account/availablephonenumbercountry/TollFreeTest.java:[21,14] mockit.NonStrictExpectations in mockit has been deprecated
[WARNING] /tmp/tmpxi7kqx0a/twilio-java/src/test/java/com/twilio/rest/sync/v1/service/SyncListTest.java:[21,14] mockit.NonStrictExpectations in mockit has been deprecated
[WARNING] /tmp/tmpxi7kqx0a/twilio-java/src/test/java/com/twilio/rest/chat/v2/service/channel/InviteTest.java:[21,14] mockit.NonStrictExpectations in mockit has been deprecated
[WARNING] /tmp/tmpxi7kqx0a/twilio-java/src/test/java/com/twilio/rest/autopilot/v1/assistant/ModelBuildTest.java:[21,14] mockit.NonStrictExpectations in mockit has been deprecated
[WARNING] /tmp/tmpxi7kqx0a/twilio-java/src/test/java/com/twilio/rest/api/v2010/account/CallTest.java:[21,14] mockit.NonStrictExpectations in mockit has been deprecated
[WARNING] /tmp/tmpxi7kqx0a/twilio-java/src/test/java/com/twilio/rest/preview/deployedDevices/fleet/KeyTest.java:[21,14] mockit.NonStrictExpectations in mockit has been deprecated
[WARNING] /tmp/tmpxi7kqx0a/twilio-java/src/test/java/com/twilio/rest/chat/v2/service/channel/MemberTest.java:[21,14] mockit.NonStrictExpectations in mockit has been deprecated
[WARNING] /tmp/tmpxi7kqx0a/twilio-java/src/test/java/com/twilio/rest/api/v2010/account/NewKeyTest.java:[21,14] mockit.NonStrictExpectations in mockit has been deprecated
[WARNING] /tmp/tmpxi7kqx0a/twilio-java/src/test/java/com/twilio/rest/ipmessaging/v2/service/user/UserChannelTest.java:[21,14] mockit.NonStrictExpectations in mockit has been deprecated
[WARNING] /tmp/tmpxi7kqx0a/twilio-java/src/test/java/com/twilio/rest/trunking/v1/trunk/CredentialListTest.java:[21,14] mockit.NonStrictExpectations in mockit has been deprecated
[WARNING] /tmp/tmpxi7kqx0a/twilio-java/src/test/java/com/twilio/rest/autopilot/v1/assistant/task/TaskActionsTest.java:[21,14] mockit.NonStrictExpectations in mockit has been deprecated
[WARNING] /tmp/tmpxi7kqx0a/twilio-java/src/test/java/com/twilio/rest/supersim/v1/NetworkTest.java:[21,14] mockit.NonStrictExpectations in mockit has been deprecated
[WARNING] /tmp/tmpxi7kqx0a/twilio-java/src/test/java/com/twilio/rest/conversations/v1/ConversationTest.java:[21,14] mockit.NonStrictExpectations in mockit has been deprecated
[WARNING] /tmp/tmpxi7kqx0a/twilio-java/src/test/java/com/twilio/rest/api/v2010/account/IncomingPhoneNumberTest.java:[21,14] mockit.NonStrictExpectations in mockit has been deprecated
[WARNING] /tmp/tmpxi7kqx0a/twilio-java/src/test/java/com/twilio/rest/serverless/v1/service/AssetTest.java:[21,14] mockit.NonStrictExpectations in mockit has been deprecated
[WARNING] /tmp/tmpxi7kqx0a/twilio-java/src/test/java/com/twilio/rest/autopilot/v1/assistant/TaskTest.java:[21,14] mockit.NonStrictExpectations in mockit has been deprecated
[WARNING] /tmp/tmpxi7kqx0a/twilio-java/src/test/java/com/twilio/rest/api/v2010/account/conference/RecordingTest.java:[21,14] mockit.NonStrictExpectations in mockit has been deprecated
[WARNING] /tmp/tmpxi7kqx0a/twilio-java/src/test/java/com/twilio/rest/chat/v2/service/RoleTest.java:[21,14] mockit.NonStrictExpectations in mockit has been deprecated
[WARNING] /tmp/tmpxi7kqx0a/twilio-java/src/test/java/com/twilio/rest/monitor/v1/AlertTest.java:[21,14] mockit.NonStrictExpectations in mockit has been deprecated
[WARNING] /tmp/tmpxi7kqx0a/twilio-java/src/test/java/com/twilio/rest/notify/v1/CredentialTest.java:[21,14] mockit.NonStrictExpectations in mockit has been deprecated
[WARNING] /tmp/tmpxi7kqx0a/twilio-java/src/test/java/com/twilio/rest/preview/wireless/RatePlanTest.java:[21,14] mockit.NonStrictExpectations in mockit has been deprecated
[WARNING] /tmp/tmpxi7kqx0a/twilio-java/src/test/java/com/twilio/rest/proxy/v1/service/session/ParticipantTest.java:[21,14] mockit.NonStrictExpectations in mockit has been deprecated
[WARNING] /tmp/tmpxi7kqx0a/twilio-java/src/test/java/com/twilio/rest/supersim/v1/NetworkAccessProfileTest.java:[21,14] mockit.NonStrictExpectations in mockit has been deprecated
[WARNING] /tmp/tmpxi7kqx0a/twilio-java/src/test/java/com/twilio/rest/preview/sync/service/synclist/SyncListItemTest.java:[21,14] mockit.NonStrictExpectations in mockit has been deprecated
[WARNING] /tmp/tmpxi7kqx0a/twilio-java/src/test/java/com/twilio/rest/pricing/v2/voice/NumberTest.java:[21,14] mockit.NonStrictExpectations in mockit has been deprecated
[WARNING] /tmp/tmpxi7kqx0a/twilio-java/src/test/java/com/twilio/rest/preview/marketplace/AvailableAddOnTest.java:[21,14] mockit.NonStrictExpectations in mockit has been deprecated
[WARNING] /tmp/tmpxi7kqx0a/twilio-java/src/test/java/com/twilio/rest/flexapi/v1/ChannelTest.java:[21,14] mockit.NonStrictExpectations in mockit has been deprecated
[WARNING] /tmp/tmpxi7kqx0a/twilio-java/src/test/java/com/twilio/rest/sync/v1/service/DocumentTest.java:[21,14] mockit.NonStrictExpectations in mockit has been deprecated
[WARNING] /tmp/tmpxi7kqx0a/twilio-java/src/test/java/com/twilio/rest/preview/sync/ServiceTest.java:[21,14] mockit.NonStrictExpectations in mockit has been deprecated
[WARNING] /tmp/tmpxi7kqx0a/twilio-java/src/test/java/com/twilio/rest/voice/v1/dialingpermissions/country/HighriskSpecialPrefixTest.java:[21,14] mockit.NonStrictExpectations in mockit has been deprecated
[WARNING] /tmp/tmpxi7kqx0a/twilio-java/src/test/java/com/twilio/rest/preview/trustedComms/business/BrandTest.java:[21,14] mockit.NonStrictExpectations in mockit has been deprecated
[WARNING] /tmp/tmpxi7kqx0a/twilio-java/src/test/java/com/twilio/rest/proxy/v1/service/SessionTest.java:[21,14] mockit.NonStrictExpectations in mockit has been deprecated
[INFO] /tmp/tmpxi7kqx0a/twilio-java/src/test/java/com/twilio/rest/video/v1/room/ParticipantTest.java: Some input files additionally use or override a deprecated API.
[INFO] /tmp/tmpxi7kqx0a/twilio-java/src/test/java/com/twilio/compliance/ComplianceTest.java: Some input files use unchecked or unsafe operations.
[INFO] /tmp/tmpxi7kqx0a/twilio-java/src/test/java/com/twilio/compliance/ComplianceTest.java: Recompile with -Xlint:unchecked for details.
[INFO] 
[INFO] --- maven-surefire-plugin:2.19.1:test (default-test) @ twilio ---
[INFO] Surefire report directory: /tmp/tmpxi7kqx0a/twilio-java/target/surefire-reports

-------------------------------------------------------
 T E S T S
-------------------------------------------------------
Running com.twilio.exception.ApiExceptionTest
Tests run: 6, Failures: 0, Errors: 0, Skipped: 0, Time elapsed: 3.143 sec - in com.twilio.exception.ApiExceptionTest
Running com.twilio.compliance.ComplianceTest
SLF4J: Failed to load class "org.slf4j.impl.StaticLoggerBinder".
SLF4J: Defaulting to no-operation (NOP) logger implementation
SLF4J: See http://www.slf4j.org/codes.html#StaticLoggerBinder for further details.
Tests run: 3, Failures: 0, Errors: 0, Skipped: 0, Time elapsed: 51.004 sec - in com.twilio.compliance.ComplianceTest
Running com.twilio.http.RequestTest
Tests run: 23, Failures: 0, Errors: 0, Skipped: 0, Time elapsed: 0.07 sec - in com.twilio.http.RequestTest
Running com.twilio.http.ResponseTest
Tests run: 3, Failures: 0, Errors: 0, Skipped: 0, Time elapsed: 0.564 sec - in com.twilio.http.ResponseTest
Running com.twilio.http.NetworkHttpClientTest
Tests run: 9, Failures: 0, Errors: 0, Skipped: 0, Time elapsed: 6.802 sec - in com.twilio.http.NetworkHttpClientTest
Running com.twilio.rest.numbers.v2.regulatorycompliance.RegulationTest
Tests run: 5, Failures: 0, Errors: 0, Skipped: 0, Time elapsed: 5.243 sec - in com.twilio.rest.numbers.v2.regulatorycompliance.RegulationTest
Running com.twilio.rest.numbers.v2.regulatorycompliance.bundle.ItemAssignmentTest
Tests run: 9, Failures: 0, Errors: 0, Skipped: 0, Time elapsed: 6.115 sec - in com.twilio.rest.numbers.v2.regulatorycompliance.bundle.ItemAssignmentTest
Running com.twilio.rest.numbers.v2.regulatorycompliance.bundle.EvaluationTest
Tests run: 7, Failures: 0, Errors: 0, Skipped: 0, Time elapsed: 4.866 sec - in com.twilio.rest.numbers.v2.regulatorycompliance.bundle.EvaluationTest
Running com.twilio.rest.numbers.v2.regulatorycompliance.EndUserTypeTest
Tests run: 5, Failures: 0, Errors: 0, Skipped: 0, Time elapsed: 3.362 sec - in com.twilio.rest.numbers.v2.regulatorycompliance.EndUserTypeTest
Running com.twilio.rest.numbers.v2.regulatorycompliance.SupportingDocumentTypeTest
Tests run: 5, Failures: 0, Errors: 0, Skipped: 0, Time elapsed: 3.487 sec - in com.twilio.rest.numbers.v2.regulatorycompliance.SupportingDocumentTypeTest
Running com.twilio.rest.numbers.v2.regulatorycompliance.EndUserTest
Tests run: 9, Failures: 0, Errors: 0, Skipped: 0, Time elapsed: 6.445 sec - in com.twilio.rest.numbers.v2.regulatorycompliance.EndUserTest
Running com.twilio.rest.numbers.v2.regulatorycompliance.SupportingDocumentTest
Tests run: 9, Failures: 0, Errors: 0, Skipped: 0, Time elapsed: 6.365 sec - in com.twilio.rest.numbers.v2.regulatorycompliance.SupportingDocumentTest
Running com.twilio.rest.numbers.v2.regulatorycompliance.BundleTest
Tests run: 9, Failures: 0, Errors: 0, Skipped: 0, Time elapsed: 6.453 sec - in com.twilio.rest.numbers.v2.regulatorycompliance.BundleTest
Running com.twilio.rest.studio.v2.FlowTest
Tests run: 10, Failures: 0, Errors: 0, Skipped: 0, Time elapsed: 7.203 sec - in com.twilio.rest.studio.v2.FlowTest
Running com.twilio.rest.studio.v2.flow.execution.ExecutionContextTest
Tests run: 2, Failures: 0, Errors: 0, Skipped: 0, Time elapsed: 1.375 sec - in com.twilio.rest.studio.v2.flow.execution.ExecutionContextTest
Running com.twilio.rest.studio.v2.flow.execution.executionstep.ExecutionStepContextTest
Tests run: 2, Failures: 0, Errors: 0, Skipped: 0, Time elapsed: 1.468 sec - in com.twilio.rest.studio.v2.flow.execution.executionstep.ExecutionStepContextTest
Running com.twilio.rest.studio.v2.flow.execution.ExecutionStepTest
Tests run: 4, Failures: 0, Errors: 0, Skipped: 0, Time elapsed: 2.926 sec - in com.twilio.rest.studio.v2.flow.execution.ExecutionStepTest
Running com.twilio.rest.studio.v2.flow.FlowRevisionTest
Tests run: 4, Failures: 0, Errors: 0, Skipped: 0, Time elapsed: 2.919 sec - in com.twilio.rest.studio.v2.flow.FlowRevisionTest
Running com.twilio.rest.studio.v2.flow.FlowTestUserTest
Tests run: 4, Failures: 0, Errors: 0, Skipped: 0, Time elapsed: 2.917 sec - in com.twilio.rest.studio.v2.flow.FlowTestUserTest
Running com.twilio.rest.studio.v2.flow.ExecutionTest
Tests run: 10, Failures: 0, Errors: 0, Skipped: 0, Time elapsed: 7.088 sec - in com.twilio.rest.studio.v2.flow.ExecutionTest
Running com.twilio.rest.studio.v2.FlowValidateTest
Tests run: 2, Failures: 0, Errors: 0, Skipped: 0, Time elapsed: 1.584 sec - in com.twilio.rest.studio.v2.FlowValidateTest
Running com.twilio.rest.studio.v1.FlowTest
Tests run: 6, Failures: 0, Errors: 0, Skipped: 0, Time elapsed: 4.447 sec - in com.twilio.rest.studio.v1.FlowTest
Running com.twilio.rest.studio.v1.flow.EngagementTest
Tests run: 8, Failures: 0, Errors: 0, Skipped: 0, Time elapsed: 5.851 sec - in com.twilio.rest.studio.v1.flow.EngagementTest
Running com.twilio.rest.studio.v1.flow.execution.ExecutionContextTest
Tests run: 2, Failures: 0, Errors: 0, Skipped: 0, Time elapsed: 1.596 sec - in com.twilio.rest.studio.v1.flow.execution.ExecutionContextTest
Running com.twilio.rest.studio.v1.flow.execution.executionstep.ExecutionStepContextTest
Tests run: 2, Failures: 0, Errors: 0, Skipped: 0, Time elapsed: 1.601 sec - in com.twilio.rest.studio.v1.flow.execution.executionstep.ExecutionStepContextTest
Running com.twilio.rest.studio.v1.flow.execution.ExecutionStepTest
Tests run: 4, Failures: 0, Errors: 0, Skipped: 0, Time elapsed: 2.996 sec - in com.twilio.rest.studio.v1.flow.execution.ExecutionStepTest
Running com.twilio.rest.studio.v1.flow.engagement.StepTest
Tests run: 4, Failures: 0, Errors: 0, Skipped: 0, Time elapsed: 3.031 sec - in com.twilio.rest.studio.v1.flow.engagement.StepTest
Running com.twilio.rest.studio.v1.flow.engagement.step.StepContextTest
Tests run: 2, Failures: 0, Errors: 0, Skipped: 0, Time elapsed: 1.53 sec - in com.twilio.rest.studio.v1.flow.engagement.step.StepContextTest
Running com.twilio.rest.studio.v1.flow.engagement.EngagementContextTest
Tests run: 2, Failures: 0, Errors: 0, Skipped: 0, Time elapsed: 1.677 sec - in com.twilio.rest.studio.v1.flow.engagement.EngagementContextTest
Running com.twilio.rest.studio.v1.flow.ExecutionTest
Tests run: 10, Failures: 0, Errors: 0, Skipped: 0, Time elapsed: 7.403 sec - in com.twilio.rest.studio.v1.flow.ExecutionTest
Running com.twilio.rest.monitor.v1.EventTest
Tests run: 5, Failures: 0, Errors: 0, Skipped: 0, Time elapsed: 3.7 sec - in com.twilio.rest.monitor.v1.EventTest
Running com.twilio.rest.monitor.v1.AlertTest
Tests run: 5, Failures: 0, Errors: 0, Skipped: 0, Time elapsed: 3.755 sec - in com.twilio.rest.monitor.v1.AlertTest
Running com.twilio.rest.notify.v1.service.NotificationTest
Tests run: 3, Failures: 0, Errors: 0, Skipped: 0, Time elapsed: 2.303 sec - in com.twilio.rest.notify.v1.service.NotificationTest
Running com.twilio.rest.notify.v1.service.BindingTest
Tests run: 9, Failures: 0, Errors: 0, Skipped: 0, Time elapsed: 6.336 sec - in com.twilio.rest.notify.v1.service.BindingTest
Running com.twilio.rest.notify.v1.CredentialTest
Tests run: 11, Failures: 0, Errors: 0, Skipped: 0, Time elapsed: 7.849 sec - in com.twilio.rest.notify.v1.CredentialTest
Running com.twilio.rest.notify.v1.ServiceTest
Tests run: 11, Failures: 0, Errors: 0, Skipped: 0, Time elapsed: 6.904 sec - in com.twilio.rest.notify.v1.ServiceTest
Running com.twilio.rest.lookups.v1.PhoneNumberTest
Tests run: 9, Failures: 0, Errors: 0, Skipped: 0, Time elapsed: 5.998 sec - in com.twilio.rest.lookups.v1.PhoneNumberTest
Running com.twilio.rest.bulkexports.v1.ExportTest
Tests run: 2, Failures: 0, Errors: 0, Skipped: 0, Time elapsed: 1.39 sec - in com.twilio.rest.bulkexports.v1.ExportTest
Running com.twilio.rest.bulkexports.v1.ExportConfigurationTest
Tests run: 4, Failures: 0, Errors: 0, Skipped: 0, Time elapsed: 2.733 sec - in com.twilio.rest.bulkexports.v1.ExportConfigurationTest
Running com.twilio.rest.bulkexports.v1.export.DayTest
Tests run: 5, Failures: 0, Errors: 0, Skipped: 0, Time elapsed: 3.459 sec - in com.twilio.rest.bulkexports.v1.export.DayTest
Running com.twilio.rest.bulkexports.v1.export.JobTest
Tests run: 4, Failures: 0, Errors: 0, Skipped: 0, Time elapsed: 2.897 sec - in com.twilio.rest.bulkexports.v1.export.JobTest
Running com.twilio.rest.bulkexports.v1.export.ExportCustomJobTest
Tests run: 5, Failures: 0, Errors: 0, Skipped: 0, Time elapsed: 3.317 sec - in com.twilio.rest.bulkexports.v1.export.ExportCustomJobTest
Running com.twilio.rest.verify.v2.FormTest
Tests run: 2, Failures: 0, Errors: 0, Skipped: 0, Time elapsed: 1.591 sec - in com.twilio.rest.verify.v2.FormTest
Running com.twilio.rest.verify.v2.service.EntityTest
Tests run: 9, Failures: 0, Errors: 0, Skipped: 0, Time elapsed: 5.724 sec - in com.twilio.rest.verify.v2.service.EntityTest
Running com.twilio.rest.verify.v2.service.VerificationCheckTest
Tests run: 3, Failures: 0, Errors: 0, Skipped: 0, Time elapsed: 1.896 sec - in com.twilio.rest.verify.v2.service.VerificationCheckTest
Running com.twilio.rest.verify.v2.service.VerificationTest
Tests run: 9, Failures: 0, Errors: 0, Skipped: 0, Time elapsed: 5.339 sec - in com.twilio.rest.verify.v2.service.VerificationTest
Running com.twilio.rest.verify.v2.service.entity.FactorTest
Tests run: 11, Failures: 0, Errors: 0, Skipped: 0, Time elapsed: 6.492 sec - in com.twilio.rest.verify.v2.service.entity.FactorTest
Running com.twilio.rest.verify.v2.service.entity.factor.ChallengeTest
Tests run: 13, Failures: 0, Errors: 0, Skipped: 0, Time elapsed: 7.964 sec - in com.twilio.rest.verify.v2.service.entity.factor.ChallengeTest
Running com.twilio.rest.verify.v2.service.entity.AccessTokenTest
Tests run: 2, Failures: 0, Errors: 0, Skipped: 0, Time elapsed: 1.422 sec - in com.twilio.rest.verify.v2.service.entity.AccessTokenTest
Running com.twilio.rest.verify.v2.service.WebhookTest
Tests run: 11, Failures: 0, Errors: 0, Skipped: 0, Time elapsed: 6.635 sec - in com.twilio.rest.verify.v2.service.WebhookTest
Running com.twilio.rest.verify.v2.service.ratelimit.BucketTest
Tests run: 11, Failures: 0, Errors: 0, Skipped: 0, Time elapsed: 8.079 sec - in com.twilio.rest.verify.v2.service.ratelimit.BucketTest
Running com.twilio.rest.verify.v2.service.RateLimitTest
Tests run: 10, Failures: 0, Errors: 0, Skipped: 0, Time elapsed: 7.855 sec - in com.twilio.rest.verify.v2.service.RateLimitTest
Running com.twilio.rest.verify.v2.service.MessagingConfigurationTest
Tests run: 11, Failures: 0, Errors: 0, Skipped: 0, Time elapsed: 8.585 sec - in com.twilio.rest.verify.v2.service.MessagingConfigurationTest
Running com.twilio.rest.verify.v2.ServiceTest
Tests run: 10, Failures: 0, Errors: 0, Skipped: 0, Time elapsed: 7.667 sec - in com.twilio.rest.verify.v2.ServiceTest
Running com.twilio.rest.ipmessaging.v2.service.user.UserBindingTest
Tests run: 7, Failures: 0, Errors: 0, Skipped: 0, Time elapsed: 5.177 sec - in com.twilio.rest.ipmessaging.v2.service.user.UserBindingTest
Running com.twilio.rest.ipmessaging.v2.service.user.UserChannelTest
Tests run: 10, Failures: 0, Errors: 0, Skipped: 0, Time elapsed: 7.425 sec - in com.twilio.rest.ipmessaging.v2.service.user.UserChannelTest
Running com.twilio.rest.ipmessaging.v2.service.channel.InviteTest
Tests run: 9, Failures: 0, Errors: 0, Skipped: 0, Time elapsed: 6.511 sec - in com.twilio.rest.ipmessaging.v2.service.channel.InviteTest
Running com.twilio.rest.ipmessaging.v2.service.channel.WebhookTest
Tests run: 11, Failures: 0, Errors: 0, Skipped: 0, Time elapsed: 6.727 sec - in com.twilio.rest.ipmessaging.v2.service.channel.WebhookTest
Running com.twilio.rest.ipmessaging.v2.service.channel.MessageTest
Tests run: 14, Failures: 0, Errors: 0, Skipped: 0, Time elapsed: 8.487 sec - in com.twilio.rest.ipmessaging.v2.service.channel.MessageTest
Running com.twilio.rest.ipmessaging.v2.service.channel.MemberTest
Tests run: 11, Failures: 0, Errors: 0, Skipped: 0, Time elapsed: 6.238 sec - in com.twilio.rest.ipmessaging.v2.service.channel.MemberTest
Running com.twilio.rest.ipmessaging.v2.service.ChannelTest
Tests run: 11, Failures: 0, Errors: 0, Skipped: 0, Time elapsed: 6.401 sec - in com.twilio.rest.ipmessaging.v2.service.ChannelTest
Running com.twilio.rest.ipmessaging.v2.service.RoleTest
Tests run: 11, Failures: 0, Errors: 0, Skipped: 0, Time elapsed: 6.813 sec - in com.twilio.rest.ipmessaging.v2.service.RoleTest
Running com.twilio.rest.ipmessaging.v2.service.UserTest
Tests run: 11, Failures: 0, Errors: 0, Skipped: 0, Time elapsed: 7.016 sec - in com.twilio.rest.ipmessaging.v2.service.UserTest
Running com.twilio.rest.ipmessaging.v2.service.BindingTest
Tests run: 7, Failures: 0, Errors: 0, Skipped: 0, Time elapsed: 4.301 sec - in com.twilio.rest.ipmessaging.v2.service.BindingTest
Running com.twilio.rest.ipmessaging.v2.CredentialTest
Tests run: 11, Failures: 0, Errors: 0, Skipped: 0, Time elapsed: 7.174 sec - in com.twilio.rest.ipmessaging.v2.CredentialTest
Running com.twilio.rest.ipmessaging.v2.ServiceTest
Tests run: 11, Failures: 0, Errors: 0, Skipped: 0, Time elapsed: 7.345 sec - in com.twilio.rest.ipmessaging.v2.ServiceTest
Running com.twilio.rest.ipmessaging.v1.service.user.UserChannelTest
Tests run: 3, Failures: 0, Errors: 0, Skipped: 0, Time elapsed: 1.932 sec - in com.twilio.rest.ipmessaging.v1.service.user.UserChannelTest
Running com.twilio.rest.ipmessaging.v1.service.channel.InviteTest
Tests run: 9, Failures: 0, Errors: 0, Skipped: 0, Time elapsed: 5.82 sec - in com.twilio.rest.ipmessaging.v1.service.channel.InviteTest
Running com.twilio.rest.ipmessaging.v1.service.channel.MessageTest
Tests run: 12, Failures: 0, Errors: 0, Skipped: 0, Time elapsed: 7.918 sec - in com.twilio.rest.ipmessaging.v1.service.channel.MessageTest
Running com.twilio.rest.ipmessaging.v1.service.channel.MemberTest
Tests run: 12, Failures: 0, Errors: 0, Skipped: 0, Time elapsed: 7.572 sec - in com.twilio.rest.ipmessaging.v1.service.channel.MemberTest
Running com.twilio.rest.ipmessaging.v1.service.ChannelTest
Tests run: 11, Failures: 0, Errors: 0, Skipped: 0, Time elapsed: 6.902 sec - in com.twilio.rest.ipmessaging.v1.service.ChannelTest
Running com.twilio.rest.ipmessaging.v1.service.RoleTest
Tests run: 11, Failures: 0, Errors: 0, Skipped: 0, Time elapsed: 7.212 sec - in com.twilio.rest.ipmessaging.v1.service.RoleTest
Running com.twilio.rest.ipmessaging.v1.service.UserTest
Tests run: 11, Failures: 0, Errors: 0, Skipped: 0, Time elapsed: 7.086 sec - in com.twilio.rest.ipmessaging.v1.service.UserTest
Running com.twilio.rest.ipmessaging.v1.CredentialTest
Tests run: 11, Failures: 0, Errors: 0, Skipped: 0, Time elapsed: 7.612 sec - in com.twilio.rest.ipmessaging.v1.CredentialTest
Running com.twilio.rest.ipmessaging.v1.ServiceTest
Tests run: 11, Failures: 0, Errors: 0, Skipped: 0, Time elapsed: 7.667 sec - in com.twilio.rest.ipmessaging.v1.ServiceTest
Running com.twilio.rest.api.v2010.AccountTest
Tests run: 10, Failures: 0, Errors: 0, Skipped: 0, Time elapsed: 6.542 sec - in com.twilio.rest.api.v2010.AccountTest
Running com.twilio.rest.api.v2010.account.SigningKeyTest
Tests run: 9, Failures: 0, Errors: 0, Skipped: 0, Time elapsed: 5.436 sec - in com.twilio.rest.api.v2010.account.SigningKeyTest
Running com.twilio.rest.api.v2010.account.RecordingTest
Tests run: 7, Failures: 0, Errors: 0, Skipped: 0, Time elapsed: 4.592 sec - in com.twilio.rest.api.v2010.account.RecordingTest
Running com.twilio.rest.api.v2010.account.availablephonenumbercountry.SharedCostTest
Tests run: 3, Failures: 0, Errors: 0, Skipped: 0, Time elapsed: 2.207 sec - in com.twilio.rest.api.v2010.account.availablephonenumbercountry.SharedCostTest
Running com.twilio.rest.api.v2010.account.availablephonenumbercountry.TollFreeTest
Tests run: 3, Failures: 0, Errors: 0, Skipped: 0, Time elapsed: 2.13 sec - in com.twilio.rest.api.v2010.account.availablephonenumbercountry.TollFreeTest
Running com.twilio.rest.api.v2010.account.availablephonenumbercountry.NationalTest
Tests run: 3, Failures: 0, Errors: 0, Skipped: 0, Time elapsed: 2.082 sec - in com.twilio.rest.api.v2010.account.availablephonenumbercountry.NationalTest
Running com.twilio.rest.api.v2010.account.availablephonenumbercountry.MachineToMachineTest
Tests run: 3, Failures: 0, Errors: 0, Skipped: 0, Time elapsed: 2.097 sec - in com.twilio.rest.api.v2010.account.availablephonenumbercountry.MachineToMachineTest
Running com.twilio.rest.api.v2010.account.availablephonenumbercountry.VoipTest
Tests run: 3, Failures: 0, Errors: 0, Skipped: 0, Time elapsed: 1.972 sec - in com.twilio.rest.api.v2010.account.availablephonenumbercountry.VoipTest
Running com.twilio.rest.api.v2010.account.availablephonenumbercountry.LocalTest
Tests run: 3, Failures: 0, Errors: 0, Skipped: 0, Time elapsed: 1.984 sec - in com.twilio.rest.api.v2010.account.availablephonenumbercountry.LocalTest
Running com.twilio.rest.api.v2010.account.availablephonenumbercountry.MobileTest
Tests run: 3, Failures: 0, Errors: 0, Skipped: 0, Time elapsed: 2.045 sec - in com.twilio.rest.api.v2010.account.availablephonenumbercountry.MobileTest
Running com.twilio.rest.api.v2010.account.sip.domain.IpAccessControlListMappingTest
Tests run: 9, Failures: 0, Errors: 0, Skipped: 0, Time elapsed: 6.095 sec - in com.twilio.rest.api.v2010.account.sip.domain.IpAccessControlListMappingTest
Running com.twilio.rest.api.v2010.account.sip.domain.CredentialListMappingTest
Tests run: 9, Failures: 0, Errors: 0, Skipped: 0, Time elapsed: 6.408 sec - in com.twilio.rest.api.v2010.account.sip.domain.CredentialListMappingTest
Running com.twilio.rest.api.v2010.account.sip.domain.authtypes.authtypecalls.AuthCallsCredentialListMappingTest
Tests run: 9, Failures: 0, Errors: 0, Skipped: 0, Time elapsed: 6.184 sec - in com.twilio.rest.api.v2010.account.sip.domain.authtypes.authtypecalls.AuthCallsCredentialListMappingTest
Running com.twilio.rest.api.v2010.account.sip.domain.authtypes.authtypecalls.AuthCallsIpAccessControlListMappingTest
Tests run: 9, Failures: 0, Errors: 0, Skipped: 0, Time elapsed: 6.088 sec - in com.twilio.rest.api.v2010.account.sip.domain.authtypes.authtypecalls.AuthCallsIpAccessControlListMappingTest
Running com.twilio.rest.api.v2010.account.sip.domain.authtypes.authtyperegistrations.AuthRegistrationsCredentialListMappingTest
Tests run: 9, Failures: 0, Errors: 0, Skipped: 0, Time elapsed: 5.775 sec - in com.twilio.rest.api.v2010.account.sip.domain.authtypes.authtyperegistrations.AuthRegistrationsCredentialListMappingTest
Running com.twilio.rest.api.v2010.account.sip.DomainTest
Tests run: 11, Failures: 0, Errors: 0, Skipped: 0, Time elapsed: 8.331 sec - in com.twilio.rest.api.v2010.account.sip.DomainTest
Running com.twilio.rest.api.v2010.account.sip.IpAccessControlListTest
Tests run: 11, Failures: 0, Errors: 0, Skipped: 0, Time elapsed: 6.14 sec - in com.twilio.rest.api.v2010.account.sip.IpAccessControlListTest
Running com.twilio.rest.api.v2010.account.sip.CredentialListTest
Tests run: 11, Failures: 0, Errors: 0, Skipped: 0, Time elapsed: 6.02 sec - in com.twilio.rest.api.v2010.account.sip.CredentialListTest
Running com.twilio.rest.api.v2010.account.sip.credentiallist.CredentialTest
Tests run: 11, Failures: 0, Errors: 0, Skipped: 0, Time elapsed: 6.148 sec - in com.twilio.rest.api.v2010.account.sip.credentiallist.CredentialTest
Running com.twilio.rest.api.v2010.account.sip.ipaccesscontrollist.IpAddressTest
Tests run: 11, Failures: 0, Errors: 0, Skipped: 0, Time elapsed: 6.626 sec - in com.twilio.rest.api.v2010.account.sip.ipaccesscontrollist.IpAddressTest
Running com.twilio.rest.api.v2010.account.CallTest
Tests run: 17, Failures: 0, Errors: 0, Skipped: 0, Time elapsed: 10.746 sec - in com.twilio.rest.api.v2010.account.CallTest
Running com.twilio.rest.api.v2010.account.NotificationTest
Tests run: 5, Failures: 0, Errors: 0, Skipped: 0, Time elapsed: 3.539 sec - in com.twilio.rest.api.v2010.account.NotificationTest
Running com.twilio.rest.api.v2010.account.ShortCodeTest
Tests run: 7, Failures: 0, Errors: 0, Skipped: 0, Time elapsed: 4.547 sec - in com.twilio.rest.api.v2010.account.ShortCodeTest
Running com.twilio.rest.api.v2010.account.TokenTest
Tests run: 2, Failures: 0, Errors: 0, Skipped: 0, Time elapsed: 1.403 sec - in com.twilio.rest.api.v2010.account.TokenTest
Running com.twilio.rest.api.v2010.account.TranscriptionTest
Tests run: 7, Failures: 0, Errors: 0, Skipped: 0, Time elapsed: 4.287 sec - in com.twilio.rest.api.v2010.account.TranscriptionTest
Running com.twilio.rest.api.v2010.account.KeyTest
Tests run: 9, Failures: 0, Errors: 0, Skipped: 0, Time elapsed: 6.413 sec - in com.twilio.rest.api.v2010.account.KeyTest
Running com.twilio.rest.api.v2010.account.AvailablePhoneNumberCountryTest
Tests run: 5, Failures: 0, Errors: 0, Skipped: 0, Time elapsed: 3.123 sec - in com.twilio.rest.api.v2010.account.AvailablePhoneNumberCountryTest
Running com.twilio.rest.api.v2010.account.AddressTest
Tests run: 11, Failures: 0, Errors: 0, Skipped: 0, Time elapsed: 7.072 sec - in com.twilio.rest.api.v2010.account.AddressTest
Running com.twilio.rest.api.v2010.account.conference.RecordingTest
Tests run: 9, Failures: 0, Errors: 0, Skipped: 0, Time elapsed: 6.956 sec - in com.twilio.rest.api.v2010.account.conference.RecordingTest
Running com.twilio.rest.api.v2010.account.conference.ParticipantTest
Tests run: 24, Failures: 0, Errors: 0, Skipped: 0, Time elapsed: 16.137 sec - in com.twilio.rest.api.v2010.account.conference.ParticipantTest
Running com.twilio.rest.api.v2010.account.NewSigningKeyTest
Tests run: 2, Failures: 0, Errors: 0, Skipped: 0, Time elapsed: 1.557 sec - in com.twilio.rest.api.v2010.account.NewSigningKeyTest
Running com.twilio.rest.api.v2010.account.incomingphonenumber.TollFreeTest
Tests run: 5, Failures: 0, Errors: 0, Skipped: 0, Time elapsed: 3.739 sec - in com.twilio.rest.api.v2010.account.incomingphonenumber.TollFreeTest
Running com.twilio.rest.api.v2010.account.incomingphonenumber.AssignedAddOnTest
Tests run: 9, Failures: 0, Errors: 0, Skipped: 0, Time elapsed: 6.39 sec - in com.twilio.rest.api.v2010.account.incomingphonenumber.AssignedAddOnTest
Running com.twilio.rest.api.v2010.account.incomingphonenumber.assignedaddon.AssignedAddOnExtensionTest
Tests run: 5, Failures: 0, Errors: 0, Skipped: 0, Time elapsed: 3.524 sec - in com.twilio.rest.api.v2010.account.incomingphonenumber.assignedaddon.AssignedAddOnExtensionTest
Running com.twilio.rest.api.v2010.account.incomingphonenumber.LocalTest
Tests run: 5, Failures: 0, Errors: 0, Skipped: 0, Time elapsed: 3.342 sec - in com.twilio.rest.api.v2010.account.incomingphonenumber.LocalTest
Running com.twilio.rest.api.v2010.account.incomingphonenumber.MobileTest
Tests run: 5, Failures: 0, Errors: 0, Skipped: 0, Time elapsed: 3.443 sec - in com.twilio.rest.api.v2010.account.incomingphonenumber.MobileTest
Running com.twilio.rest.api.v2010.account.OutgoingCallerIdTest
Tests run: 9, Failures: 0, Errors: 0, Skipped: 0, Time elapsed: 5.997 sec - in com.twilio.rest.api.v2010.account.OutgoingCallerIdTest
Running com.twilio.rest.api.v2010.account.recording.addonresult.PayloadTest
Tests run: 7, Failures: 0, Errors: 0, Skipped: 0, Time elapsed: 4.455 sec - in com.twilio.rest.api.v2010.account.recording.addonresult.PayloadTest
Running com.twilio.rest.api.v2010.account.recording.TranscriptionTest
Tests run: 7, Failures: 0, Errors: 0, Skipped: 0, Time elapsed: 4.516 sec - in com.twilio.rest.api.v2010.account.recording.TranscriptionTest
Running com.twilio.rest.api.v2010.account.recording.AddOnResultTest
Tests run: 7, Failures: 0, Errors: 0, Skipped: 0, Time elapsed: 4.225 sec - in com.twilio.rest.api.v2010.account.recording.AddOnResultTest
Running com.twilio.rest.api.v2010.account.IncomingPhoneNumberTest
Tests run: 11, Failures: 0, Errors: 0, Skipped: 0, Time elapsed: 7.845 sec - in com.twilio.rest.api.v2010.account.IncomingPhoneNumberTest
Running com.twilio.rest.api.v2010.account.ConnectAppTest
Tests run: 9, Failures: 0, Errors: 0, Skipped: 0, Time elapsed: 6.388 sec - in com.twilio.rest.api.v2010.account.ConnectAppTest
Running com.twilio.rest.api.v2010.account.address.DependentPhoneNumberTest
Tests run: 3, Failures: 0, Errors: 0, Skipped: 0, Time elapsed: 2.012 sec - in com.twilio.rest.api.v2010.account.address.DependentPhoneNumberTest
Running com.twilio.rest.api.v2010.account.ConferenceTest
Tests run: 12, Failures: 0, Errors: 0, Skipped: 0, Time elapsed: 8.363 sec - in com.twilio.rest.api.v2010.account.ConferenceTest
Running com.twilio.rest.api.v2010.account.queue.MemberTest
Tests run: 9, Failures: 0, Errors: 0, Skipped: 0, Time elapsed: 6.357 sec - in com.twilio.rest.api.v2010.account.queue.MemberTest
Running com.twilio.rest.api.v2010.account.NewKeyTest
Tests run: 2, Failures: 0, Errors: 0, Skipped: 0, Time elapsed: 1.685 sec - in com.twilio.rest.api.v2010.account.NewKeyTest
Running com.twilio.rest.api.v2010.account.ApplicationTest
Tests run: 11, Failures: 0, Errors: 0, Skipped: 0, Time elapsed: 8.232 sec - in com.twilio.rest.api.v2010.account.ApplicationTest
Running com.twilio.rest.api.v2010.account.BalanceTest
Tests run: 2, Failures: 0, Errors: 0, Skipped: 0, Time elapsed: 1.664 sec - in com.twilio.rest.api.v2010.account.BalanceTest
Running com.twilio.rest.api.v2010.account.MessageTest
Tests run: 17, Failures: 0, Errors: 0, Skipped: 0, Time elapsed: 12.514 sec - in com.twilio.rest.api.v2010.account.MessageTest
Running com.twilio.rest.api.v2010.account.call.RecordingTest
Tests run: 11, Failures: 0, Errors: 0, Skipped: 0, Time elapsed: 8.119 sec - in com.twilio.rest.api.v2010.account.call.RecordingTest
Running com.twilio.rest.api.v2010.account.call.NotificationTest
Tests run: 5, Failures: 0, Errors: 0, Skipped: 0, Time elapsed: 3.755 sec - in com.twilio.rest.api.v2010.account.call.NotificationTest
Running com.twilio.rest.api.v2010.account.call.FeedbackSummaryTest
Tests run: 6, Failures: 0, Errors: 0, Skipped: 0, Time elapsed: 4.597 sec - in com.twilio.rest.api.v2010.account.call.FeedbackSummaryTest
Running com.twilio.rest.api.v2010.account.call.PaymentTest
Tests run: 6, Failures: 0, Errors: 0, Skipped: 0, Time elapsed: 3.827 sec - in com.twilio.rest.api.v2010.account.call.PaymentTest
Running com.twilio.rest.api.v2010.account.call.FeedbackTest
Tests run: 6, Failures: 0, Errors: 0, Skipped: 0, Time elapsed: 4 sec - in com.twilio.rest.api.v2010.account.call.FeedbackTest
Running com.twilio.rest.api.v2010.account.usage.record.MonthlyTest
Tests run: 3, Failures: 0, Errors: 0, Skipped: 0, Time elapsed: 2.59 sec - in com.twilio.rest.api.v2010.account.usage.record.MonthlyTest
Running com.twilio.rest.api.v2010.account.usage.record.DailyTest
Tests run: 3, Failures: 0, Errors: 0, Skipped: 0, Time elapsed: 1.794 sec - in com.twilio.rest.api.v2010.account.usage.record.DailyTest
Running com.twilio.rest.api.v2010.account.usage.record.YearlyTest
Tests run: 3, Failures: 0, Errors: 0, Skipped: 0, Time elapsed: 1.865 sec - in com.twilio.rest.api.v2010.account.usage.record.YearlyTest
Running com.twilio.rest.api.v2010.account.usage.record.TodayTest
Tests run: 3, Failures: 0, Errors: 0, Skipped: 0, Time elapsed: 1.931 sec - in com.twilio.rest.api.v2010.account.usage.record.TodayTest
Running com.twilio.rest.api.v2010.account.usage.record.LastMonthTest
Tests run: 3, Failures: 0, Errors: 0, Skipped: 0, Time elapsed: 1.975 sec - in com.twilio.rest.api.v2010.account.usage.record.LastMonthTest
Running com.twilio.rest.api.v2010.account.usage.record.AllTimeTest
Tests run: 3, Failures: 0, Errors: 0, Skipped: 0, Time elapsed: 2.391 sec - in com.twilio.rest.api.v2010.account.usage.record.AllTimeTest
Running com.twilio.rest.api.v2010.account.usage.record.YesterdayTest
Tests run: 3, Failures: 0, Errors: 0, Skipped: 0, Time elapsed: 2.26 sec - in com.twilio.rest.api.v2010.account.usage.record.YesterdayTest
Running com.twilio.rest.api.v2010.account.usage.record.ThisMonthTest
Tests run: 3, Failures: 0, Errors: 0, Skipped: 0, Time elapsed: 2.232 sec - in com.twilio.rest.api.v2010.account.usage.record.ThisMonthTest
Running com.twilio.rest.api.v2010.account.usage.TriggerTest
Tests run: 11, Failures: 0, Errors: 0, Skipped: 0, Time elapsed: 8.044 sec - in com.twilio.rest.api.v2010.account.usage.TriggerTest
Running com.twilio.rest.api.v2010.account.usage.RecordTest
Tests run: 3, Failures: 0, Errors: 0, Skipped: 0, Time elapsed: 2.275 sec - in com.twilio.rest.api.v2010.account.usage.RecordTest
Running com.twilio.rest.api.v2010.account.ValidationRequestTest
Tests run: 2, Failures: 0, Errors: 0, Skipped: 0, Time elapsed: 1.422 sec - in com.twilio.rest.api.v2010.account.ValidationRequestTest
Running com.twilio.rest.api.v2010.account.AuthorizedConnectAppTest
Tests run: 5, Failures: 0, Errors: 0, Skipped: 0, Time elapsed: 3.379 sec - in com.twilio.rest.api.v2010.account.AuthorizedConnectAppTest
Running com.twilio.rest.api.v2010.account.message.MediaTest
Tests run: 7, Failures: 0, Errors: 0, Skipped: 0, Time elapsed: 4.959 sec - in com.twilio.rest.api.v2010.account.message.MediaTest
Running com.twilio.rest.api.v2010.account.message.FeedbackTest
Tests run: 2, Failures: 0, Errors: 0, Skipped: 0, Time elapsed: 1.546 sec - in com.twilio.rest.api.v2010.account.message.FeedbackTest
Running com.twilio.rest.api.v2010.account.QueueTest
Tests run: 11, Failures: 0, Errors: 0, Skipped: 0, Time elapsed: 7.695 sec - in com.twilio.rest.api.v2010.account.QueueTest
Running com.twilio.rest.preview.deployedDevices.FleetTest
Tests run: 11, Failures: 0, Errors: 0, Skipped: 0, Time elapsed: 8.127 sec - in com.twilio.rest.preview.deployedDevices.FleetTest
Running com.twilio.rest.preview.deployedDevices.fleet.CertificateTest
Tests run: 11, Failures: 0, Errors: 0, Skipped: 0, Time elapsed: 8.207 sec - in com.twilio.rest.preview.deployedDevices.fleet.CertificateTest
Running com.twilio.rest.preview.deployedDevices.fleet.KeyTest
Tests run: 11, Failures: 0, Errors: 0, Skipped: 0, Time elapsed: 8.265 sec - in com.twilio.rest.preview.deployedDevices.fleet.KeyTest
Running com.twilio.rest.preview.deployedDevices.fleet.DeploymentTest
Tests run: 11, Failures: 0, Errors: 0, Skipped: 0, Time elapsed: 9.127 sec - in com.twilio.rest.preview.deployedDevices.fleet.DeploymentTest
Running com.twilio.rest.preview.deployedDevices.fleet.DeviceTest
Tests run: 11, Failures: 0, Errors: 0, Skipped: 0, Time elapsed: 8.376 sec - in com.twilio.rest.preview.deployedDevices.fleet.DeviceTest
Running com.twilio.rest.preview.hostedNumbers.authorizationdocument.DependentHostedNumberOrderTest
Tests run: 3, Failures: 0, Errors: 0, Skipped: 0, Time elapsed: 2.396 sec - in com.twilio.rest.preview.hostedNumbers.authorizationdocument.DependentHostedNumberOrderTest
Running com.twilio.rest.preview.hostedNumbers.AuthorizationDocumentTest
Tests run: 9, Failures: 0, Errors: 0, Skipped: 0, Time elapsed: 7.303 sec - in com.twilio.rest.preview.hostedNumbers.AuthorizationDocumentTest
Running com.twilio.rest.preview.hostedNumbers.HostedNumberOrderTest
Tests run: 13, Failures: 0, Errors: 0, Skipped: 0, Time elapsed: 9.771 sec - in com.twilio.rest.preview.hostedNumbers.HostedNumberOrderTest
Running com.twilio.rest.preview.wireless.SimTest
Tests run: 7, Failures: 0, Errors: 0, Skipped: 0, Time elapsed: 5.321 sec - in com.twilio.rest.preview.wireless.SimTest
Running com.twilio.rest.preview.wireless.RatePlanTest
Tests run: 11, Failures: 0, Errors: 0, Skipped: 0, Time elapsed: 9.203 sec - in com.twilio.rest.preview.wireless.RatePlanTest
Running com.twilio.rest.preview.wireless.sim.UsageTest
Tests run: 2, Failures: 0, Errors: 0, Skipped: 0, Time elapsed: 1.817 sec - in com.twilio.rest.preview.wireless.sim.UsageTest
Running com.twilio.rest.preview.wireless.CommandTest
Tests run: 7, Failures: 0, Errors: 0, Skipped: 0, Time elapsed: 5.495 sec - in com.twilio.rest.preview.wireless.CommandTest
Running com.twilio.rest.preview.sync.service.SyncListTest
Tests run: 9, Failures: 0, Errors: 0, Skipped: 0, Time elapsed: 7.04 sec - in com.twilio.rest.preview.sync.service.SyncListTest
Running com.twilio.rest.preview.sync.service.synclist.SyncListPermissionTest
Tests run: 9, Failures: 0, Errors: 0, Skipped: 0, Time elapsed: 6.523 sec - in com.twilio.rest.preview.sync.service.synclist.SyncListPermissionTest
Running com.twilio.rest.preview.sync.service.synclist.SyncListItemTest
Tests run: 11, Failures: 0, Errors: 0, Skipped: 0, Time elapsed: 8.426 sec - in com.twilio.rest.preview.sync.service.synclist.SyncListItemTest
Running com.twilio.rest.preview.sync.service.syncmap.SyncMapItemTest
Tests run: 11, Failures: 0, Errors: 0, Skipped: 0, Time elapsed: 8.745 sec - in com.twilio.rest.preview.sync.service.syncmap.SyncMapItemTest
Running com.twilio.rest.preview.sync.service.syncmap.SyncMapPermissionTest
Tests run: 9, Failures: 0, Errors: 0, Skipped: 0, Time elapsed: 7.208 sec - in com.twilio.rest.preview.sync.service.syncmap.SyncMapPermissionTest
Running com.twilio.rest.preview.sync.service.DocumentTest
Tests run: 11, Failures: 0, Errors: 0, Skipped: 0, Time elapsed: 8.63 sec - in com.twilio.rest.preview.sync.service.DocumentTest
Running com.twilio.rest.preview.sync.service.document.DocumentPermissionTest
Tests run: 9, Failures: 0, Errors: 0, Skipped: 0, Time elapsed: 7.289 sec - in com.twilio.rest.preview.sync.service.document.DocumentPermissionTest
Running com.twilio.rest.preview.sync.service.SyncMapTest
Tests run: 9, Failures: 0, Errors: 0, Skipped: 0, Time elapsed: 6.765 sec - in com.twilio.rest.preview.sync.service.SyncMapTest
Running com.twilio.rest.preview.sync.ServiceTest
Tests run: 11, Failures: 0, Errors: 0, Skipped: 0, Time elapsed: 6.918 sec - in com.twilio.rest.preview.sync.ServiceTest
Running com.twilio.rest.preview.understand.AssistantTest
Tests run: 11, Failures: 0, Errors: 0, Skipped: 0, Time elapsed: 8.351 sec - in com.twilio.rest.preview.understand.AssistantTest
Running com.twilio.rest.preview.understand.assistant.fieldtype.FieldValueTest
Tests run: 9, Failures: 0, Errors: 0, Skipped: 0, Time elapsed: 6.55 sec - in com.twilio.rest.preview.understand.assistant.fieldtype.FieldValueTest
Running com.twilio.rest.preview.understand.assistant.FieldTypeTest
Tests run: 11, Failures: 0, Errors: 0, Skipped: 0, Time elapsed: 8.065 sec - in com.twilio.rest.preview.understand.assistant.FieldTypeTest
Running com.twilio.rest.preview.understand.assistant.AssistantInitiationActionsTest
Tests run: 4, Failures: 0, Errors: 0, Skipped: 0, Time elapsed: 2.626 sec - in com.twilio.rest.preview.understand.assistant.AssistantInitiationActionsTest
Running com.twilio.rest.preview.understand.assistant.QueryTest
Tests run: 11, Failures: 0, Errors: 0, Skipped: 0, Time elapsed: 6.427 sec - in com.twilio.rest.preview.understand.assistant.QueryTest
Running com.twilio.rest.preview.understand.assistant.AssistantFallbackActionsTest
Tests run: 4, Failures: 0, Errors: 0, Skipped: 0, Time elapsed: 2.108 sec - in com.twilio.rest.preview.understand.assistant.AssistantFallbackActionsTest
Running com.twilio.rest.preview.understand.assistant.ModelBuildTest
Tests run: 11, Failures: 0, Errors: 0, Skipped: 0, Time elapsed: 6.131 sec - in com.twilio.rest.preview.understand.assistant.ModelBuildTest
Running com.twilio.rest.preview.understand.assistant.StyleSheetTest
Tests run: 4, Failures: 0, Errors: 0, Skipped: 0, Time elapsed: 2.573 sec - in com.twilio.rest.preview.understand.assistant.StyleSheetTest
Running com.twilio.rest.preview.understand.assistant.task.FieldTest
Tests run: 9, Failures: 0, Errors: 0, Skipped: 0, Time elapsed: 5.542 sec - in com.twilio.rest.preview.understand.assistant.task.FieldTest
Running com.twilio.rest.preview.understand.assistant.task.TaskActionsTest
Tests run: 4, Failures: 0, Errors: 0, Skipped: 0, Time elapsed: 2.819 sec - in com.twilio.rest.preview.understand.assistant.task.TaskActionsTest
Running com.twilio.rest.preview.understand.assistant.task.SampleTest
Tests run: 11, Failures: 0, Errors: 0, Skipped: 0, Time elapsed: 7.462 sec - in com.twilio.rest.preview.understand.assistant.task.SampleTest
Running com.twilio.rest.preview.understand.assistant.task.TaskStatisticsTest
Tests run: 2, Failures: 0, Errors: 0, Skipped: 0, Time elapsed: 1.526 sec - in com.twilio.rest.preview.understand.assistant.task.TaskStatisticsTest
Running com.twilio.rest.preview.understand.assistant.TaskTest
Tests run: 11, Failures: 0, Errors: 0, Skipped: 0, Time elapsed: 7.279 sec - in com.twilio.rest.preview.understand.assistant.TaskTest
Running com.twilio.rest.preview.understand.assistant.DialogueTest
Tests run: 2, Failures: 0, Errors: 0, Skipped: 0, Time elapsed: 1.399 sec - in com.twilio.rest.preview.understand.assistant.DialogueTest
Running com.twilio.rest.preview.bulkExports.ExportTest
Tests run: 2, Failures: 0, Errors: 0, Skipped: 0, Time elapsed: 1.578 sec - in com.twilio.rest.preview.bulkExports.ExportTest
Running com.twilio.rest.preview.bulkExports.ExportConfigurationTest
Tests run: 4, Failures: 0, Errors: 0, Skipped: 0, Time elapsed: 2.825 sec - in com.twilio.rest.preview.bulkExports.ExportConfigurationTest
Running com.twilio.rest.preview.bulkExports.export.DayTest
Tests run: 5, Failures: 0, Errors: 0, Skipped: 0, Time elapsed: 3.519 sec - in com.twilio.rest.preview.bulkExports.export.DayTest
Running com.twilio.rest.preview.bulkExports.export.JobTest
Tests run: 4, Failures: 0, Errors: 0, Skipped: 0, Time elapsed: 3.018 sec - in com.twilio.rest.preview.bulkExports.export.JobTest
Running com.twilio.rest.preview.bulkExports.export.ExportCustomJobTest
Tests run: 5, Failures: 0, Errors: 0, Skipped: 0, Time elapsed: 3.829 sec - in com.twilio.rest.preview.bulkExports.export.ExportCustomJobTest
Running com.twilio.rest.preview.trustedComms.PhoneCallTest
Tests run: 2, Failures: 0, Errors: 0, Skipped: 0, Time elapsed: 1.619 sec - in com.twilio.rest.preview.trustedComms.PhoneCallTest
Running com.twilio.rest.preview.trustedComms.BrandedCallTest
Tests run: 2, Failures: 0, Errors: 0, Skipped: 0, Time elapsed: 1.667 sec - in com.twilio.rest.preview.trustedComms.BrandedCallTest
Running com.twilio.rest.preview.trustedComms.CpsTest
Tests run: 2, Failures: 0, Errors: 0, Skipped: 0, Time elapsed: 1.637 sec - in com.twilio.rest.preview.trustedComms.CpsTest
Running com.twilio.rest.preview.trustedComms.CurrentCallTest
Tests run: 2, Failures: 0, Errors: 0, Skipped: 0, Time elapsed: 1.617 sec - in com.twilio.rest.preview.trustedComms.CurrentCallTest
Running com.twilio.rest.preview.trustedComms.BrandsInformationTest
Tests run: 2, Failures: 0, Errors: 0, Skipped: 0, Time elapsed: 1.644 sec - in com.twilio.rest.preview.trustedComms.BrandsInformationTest
Running com.twilio.rest.preview.trustedComms.business.BrandTest
Tests run: 2, Failures: 0, Errors: 0, Skipped: 0, Time elapsed: 1.582 sec - in com.twilio.rest.preview.trustedComms.business.BrandTest
Running com.twilio.rest.preview.trustedComms.business.insights.ImpressionsRateTest
Tests run: 2, Failures: 0, Errors: 0, Skipped: 0, Time elapsed: 1.591 sec - in com.twilio.rest.preview.trustedComms.business.insights.ImpressionsRateTest
Running com.twilio.rest.preview.trustedComms.business.brand.brandedchannel.ChannelTest
Tests run: 2, Failures: 0, Errors: 0, Skipped: 0, Time elapsed: 1.531 sec - in com.twilio.rest.preview.trustedComms.business.brand.brandedchannel.ChannelTest
Running com.twilio.rest.preview.trustedComms.business.brand.BrandedChannelTest
Tests run: 2, Failures: 0, Errors: 0, Skipped: 0, Time elapsed: 1.503 sec - in com.twilio.rest.preview.trustedComms.business.brand.BrandedChannelTest
Running com.twilio.rest.preview.trustedComms.BusinessTest
Tests run: 2, Failures: 0, Errors: 0, Skipped: 0, Time elapsed: 1.492 sec - in com.twilio.rest.preview.trustedComms.BusinessTest
Running com.twilio.rest.preview.marketplace.InstalledAddOnTest
Tests run: 11, Failures: 0, Errors: 0, Skipped: 0, Time elapsed: 7.768 sec - in com.twilio.rest.preview.marketplace.InstalledAddOnTest
Running com.twilio.rest.preview.marketplace.availableaddon.AvailableAddOnExtensionTest
Tests run: 5, Failures: 0, Errors: 0, Skipped: 0, Time elapsed: 3.675 sec - in com.twilio.rest.preview.marketplace.availableaddon.AvailableAddOnExtensionTest
Running com.twilio.rest.preview.marketplace.AvailableAddOnTest
Tests run: 5, Failures: 0, Errors: 0, Skipped: 0, Time elapsed: 3.674 sec - in com.twilio.rest.preview.marketplace.AvailableAddOnTest
Running com.twilio.rest.preview.marketplace.installedaddon.InstalledAddOnExtensionTest
Tests run: 7, Failures: 0, Errors: 0, Skipped: 0, Time elapsed: 5.126 sec - in com.twilio.rest.preview.marketplace.installedaddon.InstalledAddOnExtensionTest
Running com.twilio.rest.insights.v1.CallTest
Tests run: 2, Failures: 0, Errors: 0, Skipped: 0, Time elapsed: 1.626 sec - in com.twilio.rest.insights.v1.CallTest
Running com.twilio.rest.insights.v1.call.EventTest
Tests run: 3, Failures: 0, Errors: 0, Skipped: 0, Time elapsed: 2.347 sec - in com.twilio.rest.insights.v1.call.EventTest
Running com.twilio.rest.insights.v1.call.MetricTest
Tests run: 3, Failures: 0, Errors: 0, Skipped: 0, Time elapsed: 2.452 sec - in com.twilio.rest.insights.v1.call.MetricTest
Running com.twilio.rest.insights.v1.call.CallSummaryTest
Tests run: 2, Failures: 0, Errors: 0, Skipped: 0, Time elapsed: 1.645 sec - in com.twilio.rest.insights.v1.call.CallSummaryTest
Running com.twilio.rest.wireless.v1.SimTest
Tests run: 11, Failures: 0, Errors: 0, Skipped: 0, Time elapsed: 8.253 sec - in com.twilio.rest.wireless.v1.SimTest
Running com.twilio.rest.wireless.v1.RatePlanTest
Tests run: 11, Failures: 0, Errors: 0, Skipped: 0, Time elapsed: 8.037 sec - in com.twilio.rest.wireless.v1.RatePlanTest
Running com.twilio.rest.wireless.v1.sim.DataSessionTest
Tests run: 2, Failures: 0, Errors: 0, Skipped: 0, Time elapsed: 1.614 sec - in com.twilio.rest.wireless.v1.sim.DataSessionTest
Running com.twilio.rest.wireless.v1.sim.UsageRecordTest
Tests run: 2, Failures: 0, Errors: 0, Skipped: 0, Time elapsed: 1.597 sec - in com.twilio.rest.wireless.v1.sim.UsageRecordTest
Running com.twilio.rest.wireless.v1.UsageRecordTest
Tests run: 2, Failures: 0, Errors: 0, Skipped: 0, Time elapsed: 1.56 sec - in com.twilio.rest.wireless.v1.UsageRecordTest
Running com.twilio.rest.wireless.v1.CommandTest
Tests run: 12, Failures: 0, Errors: 0, Skipped: 0, Time elapsed: 7.569 sec - in com.twilio.rest.wireless.v1.CommandTest
Running com.twilio.rest.flexapi.v1.ConfigurationTest
Tests run: 6, Failures: 0, Errors: 0, Skipped: 0, Time elapsed: 4.267 sec - in com.twilio.rest.flexapi.v1.ConfigurationTest
Running com.twilio.rest.flexapi.v1.FlexFlowTest
Tests run: 11, Failures: 0, Errors: 0, Skipped: 0, Time elapsed: 7.544 sec - in com.twilio.rest.flexapi.v1.FlexFlowTest
Running com.twilio.rest.flexapi.v1.WebChannelTest
Tests run: 11, Failures: 0, Errors: 0, Skipped: 0, Time elapsed: 7.669 sec - in com.twilio.rest.flexapi.v1.WebChannelTest
Running com.twilio.rest.flexapi.v1.ChannelTest
Tests run: 9, Failures: 0, Errors: 0, Skipped: 0, Time elapsed: 6.431 sec - in com.twilio.rest.flexapi.v1.ChannelTest
Running com.twilio.rest.messaging.v1.service.AlphaSenderTest
Tests run: 8, Failures: 0, Errors: 0, Skipped: 0, Time elapsed: 5.938 sec - in com.twilio.rest.messaging.v1.service.AlphaSenderTest
Running com.twilio.rest.messaging.v1.service.ShortCodeTest
Tests run: 8, Failures: 0, Errors: 0, Skipped: 0, Time elapsed: 5.912 sec - in com.twilio.rest.messaging.v1.service.ShortCodeTest
Running com.twilio.rest.messaging.v1.service.PhoneNumberTest
Tests run: 9, Failures: 0, Errors: 0, Skipped: 0, Time elapsed: 6.362 sec - in com.twilio.rest.messaging.v1.service.PhoneNumberTest
Running com.twilio.rest.messaging.v1.ServiceTest
Tests run: 10, Failures: 0, Errors: 0, Skipped: 0, Time elapsed: 7.172 sec - in com.twilio.rest.messaging.v1.ServiceTest
Running com.twilio.rest.proxy.v1.service.ShortCodeTest
Tests run: 10, Failures: 0, Errors: 0, Skipped: 0, Time elapsed: 7.269 sec - in com.twilio.rest.proxy.v1.service.ShortCodeTest
Running com.twilio.rest.proxy.v1.service.SessionTest
Tests run: 10, Failures: 0, Errors: 0, Skipped: 0, Time elapsed: 7.379 sec - in com.twilio.rest.proxy.v1.service.SessionTest
Running com.twilio.rest.proxy.v1.service.session.ParticipantTest
Tests run: 10, Failures: 0, Errors: 0, Skipped: 0, Time elapsed: 7.288 sec - in com.twilio.rest.proxy.v1.service.session.ParticipantTest
Running com.twilio.rest.proxy.v1.service.session.participant.MessageInteractionTest
Tests run: 6, Failures: 0, Errors: 0, Skipped: 0, Time elapsed: 4.345 sec - in com.twilio.rest.proxy.v1.service.session.participant.MessageInteractionTest
Running com.twilio.rest.proxy.v1.service.session.InteractionTest
Tests run: 6, Failures: 0, Errors: 0, Skipped: 0, Time elapsed: 4.433 sec - in com.twilio.rest.proxy.v1.service.session.InteractionTest
Running com.twilio.rest.proxy.v1.service.PhoneNumberTest
Tests run: 10, Failures: 0, Errors: 0, Skipped: 0, Time elapsed: 7.123 sec - in com.twilio.rest.proxy.v1.service.PhoneNumberTest
Running com.twilio.rest.proxy.v1.ServiceTest
Tests run: 10, Failures: 0, Errors: 0, Skipped: 0, Time elapsed: 7.251 sec - in com.twilio.rest.proxy.v1.ServiceTest
Running com.twilio.rest.sync.v1.service.SyncListTest
Tests run: 11, Failures: 0, Errors: 0, Skipped: 0, Time elapsed: 7.897 sec - in com.twilio.rest.sync.v1.service.SyncListTest
Running com.twilio.rest.sync.v1.service.syncstream.StreamMessageTest
Tests run: 2, Failures: 0, Errors: 0, Skipped: 0, Time elapsed: 1.511 sec - in com.twilio.rest.sync.v1.service.syncstream.StreamMessageTest
Running com.twilio.rest.sync.v1.service.SyncStreamTest
Tests run: 11, Failures: 0, Errors: 0, Skipped: 0, Time elapsed: 6.636 sec - in com.twilio.rest.sync.v1.service.SyncStreamTest
Running com.twilio.rest.sync.v1.service.synclist.SyncListPermissionTest
Tests run: 9, Failures: 0, Errors: 0, Skipped: 0, Time elapsed: 5.958 sec - in com.twilio.rest.sync.v1.service.synclist.SyncListPermissionTest
Running com.twilio.rest.sync.v1.service.synclist.SyncListItemTest
Tests run: 11, Failures: 0, Errors: 0, Skipped: 0, Time elapsed: 6.861 sec - in com.twilio.rest.sync.v1.service.synclist.SyncListItemTest
Running com.twilio.rest.sync.v1.service.syncmap.SyncMapItemTest
Tests run: 11, Failures: 0, Errors: 0, Skipped: 0, Time elapsed: 6.314 sec - in com.twilio.rest.sync.v1.service.syncmap.SyncMapItemTest
Running com.twilio.rest.sync.v1.service.syncmap.SyncMapPermissionTest
Tests run: 9, Failures: 0, Errors: 0, Skipped: 0, Time elapsed: 4.916 sec - in com.twilio.rest.sync.v1.service.syncmap.SyncMapPermissionTest
Running com.twilio.rest.sync.v1.service.DocumentTest
Tests run: 11, Failures: 0, Errors: 0, Skipped: 0, Time elapsed: 8.108 sec - in com.twilio.rest.sync.v1.service.DocumentTest
Running com.twilio.rest.sync.v1.service.document.DocumentPermissionTest
Tests run: 9, Failures: 0, Errors: 0, Skipped: 0, Time elapsed: 6.646 sec - in com.twilio.rest.sync.v1.service.document.DocumentPermissionTest
Running com.twilio.rest.sync.v1.service.SyncMapTest
Tests run: 11, Failures: 0, Errors: 0, Skipped: 0, Time elapsed: 7.784 sec - in com.twilio.rest.sync.v1.service.SyncMapTest
Running com.twilio.rest.sync.v1.ServiceTest
Tests run: 11, Failures: 0, Errors: 0, Skipped: 0, Time elapsed: 7.687 sec - in com.twilio.rest.sync.v1.ServiceTest
Running com.twilio.rest.accounts.v1.credential.AwsTest
Tests run: 11, Failures: 0, Errors: 0, Skipped: 0, Time elapsed: 6.793 sec - in com.twilio.rest.accounts.v1.credential.AwsTest
Running com.twilio.rest.accounts.v1.credential.PublicKeyTest
Tests run: 11, Failures: 0, Errors: 0, Skipped: 0, Time elapsed: 7.255 sec - in com.twilio.rest.accounts.v1.credential.PublicKeyTest
Running com.twilio.rest.supersim.v1.SimTest
Tests run: 12, Failures: 0, Errors: 0, Skipped: 0, Time elapsed: 8.105 sec - in com.twilio.rest.supersim.v1.SimTest
Running com.twilio.rest.supersim.v1.NetworkTest
Tests run: 5, Failures: 0, Errors: 0, Skipped: 0, Time elapsed: 3.69 sec - in com.twilio.rest.supersim.v1.NetworkTest
Running com.twilio.rest.supersim.v1.FleetTest
Tests run: 9, Failures: 0, Errors: 0, Skipped: 0, Time elapsed: 6.453 sec - in com.twilio.rest.supersim.v1.FleetTest
Running com.twilio.rest.supersim.v1.NetworkAccessProfileTest
Tests run: 10, Failures: 0, Errors: 0, Skipped: 0, Time elapsed: 6.964 sec - in com.twilio.rest.supersim.v1.NetworkAccessProfileTest
Running com.twilio.rest.supersim.v1.networkaccessprofile.NetworkAccessProfileNetworkTest
Tests run: 8, Failures: 0, Errors: 0, Skipped: 0, Time elapsed: 6.031 sec - in com.twilio.rest.supersim.v1.networkaccessprofile.NetworkAccessProfileNetworkTest
Running com.twilio.rest.supersim.v1.UsageRecordTest
Tests run: 5, Failures: 0, Errors: 0, Skipped: 0, Time elapsed: 2.997 sec - in com.twilio.rest.supersim.v1.UsageRecordTest
Running com.twilio.rest.supersim.v1.CommandTest
Tests run: 8, Failures: 0, Errors: 0, Skipped: 0, Time elapsed: 4.989 sec - in com.twilio.rest.supersim.v1.CommandTest
Running com.twilio.rest.taskrouter.v1.WorkspaceTest
Tests run: 11, Failures: 0, Errors: 0, Skipped: 0, Time elapsed: 6.179 sec - in com.twilio.rest.taskrouter.v1.WorkspaceTest
Running com.twilio.rest.taskrouter.v1.workspace.EventTest
Tests run: 5, Failures: 0, Errors: 0, Skipped: 0, Time elapsed: 3.112 sec - in com.twilio.rest.taskrouter.v1.workspace.EventTest
Running com.twilio.rest.taskrouter.v1.workspace.WorkerTest
Tests run: 11, Failures: 0, Errors: 0, Skipped: 0, Time elapsed: 6.496 sec - in com.twilio.rest.taskrouter.v1.workspace.WorkerTest
Running com.twilio.rest.taskrouter.v1.workspace.WorkspaceRealTimeStatisticsTest
Tests run: 2, Failures: 0, Errors: 0, Skipped: 0, Time elapsed: 1.182 sec - in com.twilio.rest.taskrouter.v1.workspace.WorkspaceRealTimeStatisticsTest
Running com.twilio.rest.taskrouter.v1.workspace.WorkspaceStatisticsTest
Tests run: 2, Failures: 0, Errors: 0, Skipped: 0, Time elapsed: 1.187 sec - in com.twilio.rest.taskrouter.v1.workspace.WorkspaceStatisticsTest
Running com.twilio.rest.taskrouter.v1.workspace.ActivityTest
Tests run: 11, Failures: 0, Errors: 0, Skipped: 0, Time elapsed: 6.812 sec - in com.twilio.rest.taskrouter.v1.workspace.ActivityTest
Running com.twilio.rest.taskrouter.v1.workspace.WorkflowTest
Tests run: 11, Failures: 0, Errors: 0, Skipped: 0, Time elapsed: 8.049 sec - in com.twilio.rest.taskrouter.v1.workspace.WorkflowTest
Running com.twilio.rest.taskrouter.v1.workspace.workflow.WorkflowRealTimeStatisticsTest
Tests run: 2, Failures: 0, Errors: 0, Skipped: 0, Time elapsed: 1.655 sec - in com.twilio.rest.taskrouter.v1.workspace.workflow.WorkflowRealTimeStatisticsTest
Running com.twilio.rest.taskrouter.v1.workspace.workflow.WorkflowStatisticsTest
Tests run: 2, Failures: 0, Errors: 0, Skipped: 0, Time elapsed: 1.571 sec - in com.twilio.rest.taskrouter.v1.workspace.workflow.WorkflowStatisticsTest
Running com.twilio.rest.taskrouter.v1.workspace.workflow.WorkflowCumulativeStatisticsTest
Tests run: 2, Failures: 0, Errors: 0, Skipped: 0, Time elapsed: 1.383 sec - in com.twilio.rest.taskrouter.v1.workspace.workflow.WorkflowCumulativeStatisticsTest
Running com.twilio.rest.taskrouter.v1.workspace.TaskChannelTest
Tests run: 14, Failures: 0, Errors: 0, Skipped: 0, Time elapsed: 9.349 sec - in com.twilio.rest.taskrouter.v1.workspace.TaskChannelTest
Running com.twilio.rest.taskrouter.v1.workspace.task.ReservationTest
Tests run: 8, Failures: 0, Errors: 0, Skipped: 0, Time elapsed: 5.566 sec - in com.twilio.rest.taskrouter.v1.workspace.task.ReservationTest
Running com.twilio.rest.taskrouter.v1.workspace.TaskTest
Tests run: 12, Failures: 0, Errors: 0, Skipped: 0, Time elapsed: 8.434 sec - in com.twilio.rest.taskrouter.v1.workspace.TaskTest
Running com.twilio.rest.taskrouter.v1.workspace.TaskQueueTest
Tests run: 11, Failures: 0, Errors: 0, Skipped: 0, Time elapsed: 7.671 sec - in com.twilio.rest.taskrouter.v1.workspace.TaskQueueTest
Running com.twilio.rest.taskrouter.v1.workspace.WorkspaceCumulativeStatisticsTest
Tests run: 2, Failures: 0, Errors: 0, Skipped: 0, Time elapsed: 1.635 sec - in com.twilio.rest.taskrouter.v1.workspace.WorkspaceCumulativeStatisticsTest
Running com.twilio.rest.taskrouter.v1.workspace.worker.WorkersRealTimeStatisticsTest
Tests run: 2, Failures: 0, Errors: 0, Skipped: 0, Time elapsed: 1.64 sec - in com.twilio.rest.taskrouter.v1.workspace.worker.WorkersRealTimeStatisticsTest
Running com.twilio.rest.taskrouter.v1.workspace.worker.WorkerStatisticsTest
Tests run: 2, Failures: 0, Errors: 0, Skipped: 0, Time elapsed: 1.593 sec - in com.twilio.rest.taskrouter.v1.workspace.worker.WorkerStatisticsTest
Running com.twilio.rest.taskrouter.v1.workspace.worker.ReservationTest
Tests run: 7, Failures: 0, Errors: 0, Skipped: 0, Time elapsed: 5.211 sec - in com.twilio.rest.taskrouter.v1.workspace.worker.ReservationTest
Running com.twilio.rest.taskrouter.v1.workspace.worker.WorkerChannelTest
Tests run: 7, Failures: 0, Errors: 0, Skipped: 0, Time elapsed: 4.597 sec - in com.twilio.rest.taskrouter.v1.workspace.worker.WorkerChannelTest
Running com.twilio.rest.taskrouter.v1.workspace.worker.WorkersStatisticsTest
Tests run: 2, Failures: 0, Errors: 0, Skipped: 0, Time elapsed: 1.186 sec - in com.twilio.rest.taskrouter.v1.workspace.worker.WorkersStatisticsTest
Running com.twilio.rest.taskrouter.v1.workspace.worker.WorkersCumulativeStatisticsTest
Tests run: 2, Failures: 0, Errors: 0, Skipped: 0, Time elapsed: 1.222 sec - in com.twilio.rest.taskrouter.v1.workspace.worker.WorkersCumulativeStatisticsTest
Running com.twilio.rest.taskrouter.v1.workspace.taskqueue.TaskQueuesStatisticsTest
Tests run: 3, Failures: 0, Errors: 0, Skipped: 0, Time elapsed: 2.007 sec - in com.twilio.rest.taskrouter.v1.workspace.taskqueue.TaskQueuesStatisticsTest
Running com.twilio.rest.taskrouter.v1.workspace.taskqueue.TaskQueueStatisticsTest
Tests run: 2, Failures: 0, Errors: 0, Skipped: 0, Time elapsed: 1.364 sec - in com.twilio.rest.taskrouter.v1.workspace.taskqueue.TaskQueueStatisticsTest
Running com.twilio.rest.taskrouter.v1.workspace.taskqueue.TaskQueueCumulativeStatisticsTest
Tests run: 2, Failures: 0, Errors: 0, Skipped: 0, Time elapsed: 1.32 sec - in com.twilio.rest.taskrouter.v1.workspace.taskqueue.TaskQueueCumulativeStatisticsTest
Running com.twilio.rest.taskrouter.v1.workspace.taskqueue.TaskQueueRealTimeStatisticsTest
Tests run: 2, Failures: 0, Errors: 0, Skipped: 0, Time elapsed: 1.404 sec - in com.twilio.rest.taskrouter.v1.workspace.taskqueue.TaskQueueRealTimeStatisticsTest
Running com.twilio.rest.conversations.v1.conversation.ParticipantTest
Tests run: 12, Failures: 0, Errors: 0, Skipped: 0, Time elapsed: 8.736 sec - in com.twilio.rest.conversations.v1.conversation.ParticipantTest
Running com.twilio.rest.conversations.v1.conversation.WebhookTest
Tests run: 11, Failures: 0, Errors: 0, Skipped: 0, Time elapsed: 8.467 sec - in com.twilio.rest.conversations.v1.conversation.WebhookTest
Running com.twilio.rest.conversations.v1.conversation.MessageTest
Tests run: 11, Failures: 0, Errors: 0, Skipped: 0, Time elapsed: 8.47 sec - in com.twilio.rest.conversations.v1.conversation.MessageTest
Running com.twilio.rest.conversations.v1.ConversationTest
Tests run: 10, Failures: 0, Errors: 0, Skipped: 0, Time elapsed: 7.653 sec - in com.twilio.rest.conversations.v1.ConversationTest
Running com.twilio.rest.conversations.v1.WebhookTest
Tests run: 4, Failures: 0, Errors: 0, Skipped: 0, Time elapsed: 3.143 sec - in com.twilio.rest.conversations.v1.WebhookTest
Running com.twilio.rest.video.v1.CompositionTest
Tests run: 10, Failures: 0, Errors: 0, Skipped: 0, Time elapsed: 6.954 sec - in com.twilio.rest.video.v1.CompositionTest
Running com.twilio.rest.video.v1.RecordingTest
Tests run: 7, Failures: 0, Errors: 0, Skipped: 0, Time elapsed: 5.231 sec - in com.twilio.rest.video.v1.RecordingTest
Running com.twilio.rest.video.v1.CompositionHookTest
Tests run: 12, Failures: 0, Errors: 0, Skipped: 0, Time elapsed: 9.14 sec - in com.twilio.rest.video.v1.CompositionHookTest
Running com.twilio.rest.video.v1.RoomTest
Tests run: 9, Failures: 0, Errors: 0, Skipped: 0, Time elapsed: 7.118 sec - in com.twilio.rest.video.v1.RoomTest
Running com.twilio.rest.video.v1.room.RoomRecordingTest
Tests run: 7, Failures: 0, Errors: 0, Skipped: 0, Time elapsed: 5.538 sec - in com.twilio.rest.video.v1.room.RoomRecordingTest
Running com.twilio.rest.video.v1.room.ParticipantTest
Tests run: 7, Failures: 0, Errors: 0, Skipped: 0, Time elapsed: 5.619 sec - in com.twilio.rest.video.v1.room.ParticipantTest
Running com.twilio.rest.video.v1.room.participant.PublishedTrackTest
Tests run: 4, Failures: 0, Errors: 0, Skipped: 0, Time elapsed: 3.237 sec - in com.twilio.rest.video.v1.room.participant.PublishedTrackTest
Running com.twilio.rest.video.v1.room.participant.SubscribedTrackTest
Tests run: 4, Failures: 0, Errors: 0, Skipped: 0, Time elapsed: 3.199 sec - in com.twilio.rest.video.v1.room.participant.SubscribedTrackTest
Running com.twilio.rest.video.v1.room.participant.SubscribeRulesTest
Tests run: 4, Failures: 0, Errors: 0, Skipped: 0, Time elapsed: 3.328 sec - in com.twilio.rest.video.v1.room.participant.SubscribeRulesTest
Running com.twilio.rest.video.v1.RecordingSettingsTest
Tests run: 4, Failures: 0, Errors: 0, Skipped: 0, Time elapsed: 2.838 sec - in com.twilio.rest.video.v1.RecordingSettingsTest
Running com.twilio.rest.video.v1.CompositionSettingsTest
Tests run: 4, Failures: 0, Errors: 0, Skipped: 0, Time elapsed: 2.511 sec - in com.twilio.rest.video.v1.CompositionSettingsTest
Running com.twilio.rest.pricing.v2.voice.CountryTest
Tests run: 5, Failures: 0, Errors: 0, Skipped: 0, Time elapsed: 3.012 sec - in com.twilio.rest.pricing.v2.voice.CountryTest
Running com.twilio.rest.pricing.v2.voice.NumberTest
Tests run: 2, Failures: 0, Errors: 0, Skipped: 0, Time elapsed: 1.313 sec - in com.twilio.rest.pricing.v2.voice.NumberTest
Running com.twilio.rest.pricing.v1.messaging.CountryTest
Tests run: 5, Failures: 0, Errors: 0, Skipped: 0, Time elapsed: 3.161 sec - in com.twilio.rest.pricing.v1.messaging.CountryTest
Running com.twilio.rest.pricing.v1.voice.CountryTest
Tests run: 5, Failures: 0, Errors: 0, Skipped: 0, Time elapsed: 3.412 sec - in com.twilio.rest.pricing.v1.voice.CountryTest
Running com.twilio.rest.pricing.v1.voice.NumberTest
Tests run: 2, Failures: 0, Errors: 0, Skipped: 0, Time elapsed: 1.281 sec - in com.twilio.rest.pricing.v1.voice.NumberTest
Running com.twilio.rest.pricing.v1.phonenumber.CountryTest
Tests run: 5, Failures: 0, Errors: 0, Skipped: 0, Time elapsed: 2.922 sec - in com.twilio.rest.pricing.v1.phonenumber.CountryTest
Running com.twilio.rest.voice.v1.ByocTrunkTest
Tests run: 11, Failures: 0, Errors: 0, Skipped: 0, Time elapsed: 6.679 sec - in com.twilio.rest.voice.v1.ByocTrunkTest
Running com.twilio.rest.voice.v1.connectionpolicy.ConnectionPolicyTargetTest
Tests run: 11, Failures: 0, Errors: 0, Skipped: 0, Time elapsed: 7.797 sec - in com.twilio.rest.voice.v1.connectionpolicy.ConnectionPolicyTargetTest
Running com.twilio.rest.voice.v1.SourceIpMappingTest
Tests run: 11, Failures: 0, Errors: 0, Skipped: 0, Time elapsed: 8.365 sec - in com.twilio.rest.voice.v1.SourceIpMappingTest
Running com.twilio.rest.voice.v1.ConnectionPolicyTest
Tests run: 11, Failures: 0, Errors: 0, Skipped: 0, Time elapsed: 8.832 sec - in com.twilio.rest.voice.v1.ConnectionPolicyTest
Running com.twilio.rest.voice.v1.dialingpermissions.SettingsTest
Tests run: 4, Failures: 0, Errors: 0, Skipped: 0, Time elapsed: 3.305 sec - in com.twilio.rest.voice.v1.dialingpermissions.SettingsTest
Running com.twilio.rest.voice.v1.dialingpermissions.CountryTest
Tests run: 4, Failures: 0, Errors: 0, Skipped: 0, Time elapsed: 3.489 sec - in com.twilio.rest.voice.v1.dialingpermissions.CountryTest
Running com.twilio.rest.voice.v1.dialingpermissions.country.HighriskSpecialPrefixTest
Tests run: 2, Failures: 0, Errors: 0, Skipped: 0, Time elapsed: 1.708 sec - in com.twilio.rest.voice.v1.dialingpermissions.country.HighriskSpecialPrefixTest
Running com.twilio.rest.voice.v1.dialingpermissions.BulkCountryUpdateTest
Tests run: 2, Failures: 0, Errors: 0, Skipped: 0, Time elapsed: 1.758 sec - in com.twilio.rest.voice.v1.dialingpermissions.BulkCountryUpdateTest
Running com.twilio.rest.voice.v1.IpRecordTest
Tests run: 11, Failures: 0, Errors: 0, Skipped: 0, Time elapsed: 9.046 sec - in com.twilio.rest.voice.v1.IpRecordTest
Running com.twilio.rest.chat.v2.service.user.UserBindingTest
Tests run: 7, Failures: 0, Errors: 0, Skipped: 0, Time elapsed: 5.643 sec - in com.twilio.rest.chat.v2.service.user.UserBindingTest
Running com.twilio.rest.chat.v2.service.user.UserChannelTest
Tests run: 10, Failures: 0, Errors: 0, Skipped: 0, Time elapsed: 8.078 sec - in com.twilio.rest.chat.v2.service.user.UserChannelTest
Running com.twilio.rest.chat.v2.service.channel.InviteTest
Tests run: 9, Failures: 0, Errors: 0, Skipped: 0, Time elapsed: 7.235 sec - in com.twilio.rest.chat.v2.service.channel.InviteTest
Running com.twilio.rest.chat.v2.service.channel.WebhookTest
Tests run: 11, Failures: 0, Errors: 0, Skipped: 0, Time elapsed: 8.512 sec - in com.twilio.rest.chat.v2.service.channel.WebhookTest
Running com.twilio.rest.chat.v2.service.channel.MessageTest
Tests run: 14, Failures: 0, Errors: 0, Skipped: 0, Time elapsed: 10.439 sec - in com.twilio.rest.chat.v2.service.channel.MessageTest
Running com.twilio.rest.chat.v2.service.channel.MemberTest
Tests run: 11, Failures: 0, Errors: 0, Skipped: 0, Time elapsed: 8.322 sec - in com.twilio.rest.chat.v2.service.channel.MemberTest
Running com.twilio.rest.chat.v2.service.ChannelTest
Tests run: 11, Failures: 0, Errors: 0, Skipped: 0, Time elapsed: 8.348 sec - in com.twilio.rest.chat.v2.service.ChannelTest
Running com.twilio.rest.chat.v2.service.RoleTest
Tests run: 11, Failures: 0, Errors: 0, Skipped: 0, Time elapsed: 8.669 sec - in com.twilio.rest.chat.v2.service.RoleTest
Running com.twilio.rest.chat.v2.service.UserTest
Tests run: 11, Failures: 0, Errors: 0, Skipped: 0, Time elapsed: 8.86 sec - in com.twilio.rest.chat.v2.service.UserTest
Running com.twilio.rest.chat.v2.service.BindingTest
Tests run: 7, Failures: 0, Errors: 0, Skipped: 0, Time elapsed: 5.624 sec - in com.twilio.rest.chat.v2.service.BindingTest
Running com.twilio.rest.chat.v2.CredentialTest
Tests run: 11, Failures: 0, Errors: 0, Skipped: 0, Time elapsed: 8.226 sec - in com.twilio.rest.chat.v2.CredentialTest
Running com.twilio.rest.chat.v2.ServiceTest
Tests run: 11, Failures: 0, Errors: 0, Skipped: 0, Time elapsed: 8.333 sec - in com.twilio.rest.chat.v2.ServiceTest
Running com.twilio.rest.chat.v1.service.user.UserChannelTest
Tests run: 3, Failures: 0, Errors: 0, Skipped: 0, Time elapsed: 2.354 sec - in com.twilio.rest.chat.v1.service.user.UserChannelTest
Running com.twilio.rest.chat.v1.service.channel.InviteTest
Tests run: 9, Failures: 0, Errors: 0, Skipped: 0, Time elapsed: 7.129 sec - in com.twilio.rest.chat.v1.service.channel.InviteTest
Running com.twilio.rest.chat.v1.service.channel.MessageTest
Tests run: 12, Failures: 0, Errors: 0, Skipped: 0, Time elapsed: 9.701 sec - in com.twilio.rest.chat.v1.service.channel.MessageTest
Running com.twilio.rest.chat.v1.service.channel.MemberTest
Tests run: 12, Failures: 0, Errors: 0, Skipped: 0, Time elapsed: 9.874 sec - in com.twilio.rest.chat.v1.service.channel.MemberTest
Running com.twilio.rest.chat.v1.service.ChannelTest
Tests run: 11, Failures: 0, Errors: 0, Skipped: 0, Time elapsed: 8.975 sec - in com.twilio.rest.chat.v1.service.ChannelTest
Running com.twilio.rest.chat.v1.service.RoleTest
Tests run: 11, Failures: 0, Errors: 0, Skipped: 0, Time elapsed: 8.622 sec - in com.twilio.rest.chat.v1.service.RoleTest
Running com.twilio.rest.chat.v1.service.UserTest
Tests run: 11, Failures: 0, Errors: 0, Skipped: 0, Time elapsed: 8.056 sec - in com.twilio.rest.chat.v1.service.UserTest
Running com.twilio.rest.chat.v1.CredentialTest
Tests run: 11, Failures: 0, Errors: 0, Skipped: 0, Time elapsed: 8.056 sec - in com.twilio.rest.chat.v1.CredentialTest
Running com.twilio.rest.chat.v1.ServiceTest
Tests run: 11, Failures: 0, Errors: 0, Skipped: 0, Time elapsed: 7.966 sec - in com.twilio.rest.chat.v1.ServiceTest
Running com.twilio.rest.serverless.v1.service.function.functionversion.FunctionVersionContentTest
Tests run: 2, Failures: 0, Errors: 0, Skipped: 0, Time elapsed: 1.724 sec - in com.twilio.rest.serverless.v1.service.function.functionversion.FunctionVersionContentTest
Running com.twilio.rest.serverless.v1.service.function.FunctionVersionTest
Tests run: 4, Failures: 0, Errors: 0, Skipped: 0, Time elapsed: 2.731 sec - in com.twilio.rest.serverless.v1.service.function.FunctionVersionTest
Running com.twilio.rest.serverless.v1.service.AssetTest
Tests run: 10, Failures: 0, Errors: 0, Skipped: 0, Time elapsed: 8.084 sec - in com.twilio.rest.serverless.v1.service.AssetTest
Running com.twilio.rest.serverless.v1.service.EnvironmentTest
Tests run: 8, Failures: 0, Errors: 0, Skipped: 0, Time elapsed: 6.814 sec - in com.twilio.rest.serverless.v1.service.EnvironmentTest
Running com.twilio.rest.serverless.v1.service.asset.AssetVersionTest
Tests run: 4, Failures: 0, Errors: 0, Skipped: 0, Time elapsed: 3.386 sec - in com.twilio.rest.serverless.v1.service.asset.AssetVersionTest
Running com.twilio.rest.serverless.v1.service.environment.DeploymentTest
Tests run: 6, Failures: 0, Errors: 0, Skipped: 0, Time elapsed: 5.055 sec - in com.twilio.rest.serverless.v1.service.environment.DeploymentTest
Running com.twilio.rest.serverless.v1.service.environment.VariableTest
Tests run: 10, Failures: 0, Errors: 0, Skipped: 0, Time elapsed: 8.642 sec - in com.twilio.rest.serverless.v1.service.environment.VariableTest
Running com.twilio.rest.serverless.v1.service.environment.LogTest
Tests run: 4, Failures: 0, Errors: 0, Skipped: 0, Time elapsed: 3.482 sec - in com.twilio.rest.serverless.v1.service.environment.LogTest
Running com.twilio.rest.serverless.v1.service.FunctionTest
Tests run: 10, Failures: 0, Errors: 0, Skipped: 0, Time elapsed: 8.42 sec - in com.twilio.rest.serverless.v1.service.FunctionTest
Running com.twilio.rest.serverless.v1.service.BuildTest
Tests run: 8, Failures: 0, Errors: 0, Skipped: 0, Time elapsed: 6.92 sec - in com.twilio.rest.serverless.v1.service.BuildTest
Running com.twilio.rest.serverless.v1.ServiceTest
Tests run: 10, Failures: 0, Errors: 0, Skipped: 0, Time elapsed: 8.053 sec - in com.twilio.rest.serverless.v1.ServiceTest
Running com.twilio.rest.fax.v1.FaxTest
Tests run: 11, Failures: 0, Errors: 0, Skipped: 0, Time elapsed: 9.227 sec - in com.twilio.rest.fax.v1.FaxTest
Running com.twilio.rest.fax.v1.fax.FaxMediaTest
Tests run: 6, Failures: 0, Errors: 0, Skipped: 0, Time elapsed: 4.714 sec - in com.twilio.rest.fax.v1.fax.FaxMediaTest
Running com.twilio.rest.trunking.v1.trunk.OriginationUrlTest
Tests run: 11, Failures: 0, Errors: 0, Skipped: 0, Time elapsed: 7.913 sec - in com.twilio.rest.trunking.v1.trunk.OriginationUrlTest
Running com.twilio.rest.trunking.v1.trunk.IpAccessControlListTest
Tests run: 9, Failures: 0, Errors: 0, Skipped: 0, Time elapsed: 6.791 sec - in com.twilio.rest.trunking.v1.trunk.IpAccessControlListTest
Running com.twilio.rest.trunking.v1.trunk.CredentialListTest
Tests run: 9, Failures: 0, Errors: 0, Skipped: 0, Time elapsed: 6.882 sec - in com.twilio.rest.trunking.v1.trunk.CredentialListTest
Running com.twilio.rest.trunking.v1.trunk.PhoneNumberTest
Tests run: 9, Failures: 0, Errors: 0, Skipped: 0, Time elapsed: 7.45 sec - in com.twilio.rest.trunking.v1.trunk.PhoneNumberTest
Running com.twilio.rest.trunking.v1.TrunkTest
Tests run: 11, Failures: 0, Errors: 0, Skipped: 0, Time elapsed: 9.132 sec - in com.twilio.rest.trunking.v1.TrunkTest
Running com.twilio.rest.autopilot.v1.AssistantTest
Tests run: 11, Failures: 0, Errors: 0, Skipped: 0, Time elapsed: 9.188 sec - in com.twilio.rest.autopilot.v1.AssistantTest
Running com.twilio.rest.autopilot.v1.assistant.fieldtype.FieldValueTest
Tests run: 9, Failures: 0, Errors: 0, Skipped: 0, Time elapsed: 7.503 sec - in com.twilio.rest.autopilot.v1.assistant.fieldtype.FieldValueTest
Running com.twilio.rest.autopilot.v1.assistant.FieldTypeTest
Tests run: 11, Failures: 0, Errors: 0, Skipped: 0, Time elapsed: 9.161 sec - in com.twilio.rest.autopilot.v1.assistant.FieldTypeTest
Running com.twilio.rest.autopilot.v1.assistant.QueryTest
Tests run: 11, Failures: 0, Errors: 0, Skipped: 0, Time elapsed: 9.064 sec - in com.twilio.rest.autopilot.v1.assistant.QueryTest
Running com.twilio.rest.autopilot.v1.assistant.WebhookTest
Tests run: 11, Failures: 0, Errors: 0, Skipped: 0, Time elapsed: 8.427 sec - in com.twilio.rest.autopilot.v1.assistant.WebhookTest
Running com.twilio.rest.autopilot.v1.assistant.ModelBuildTest
Tests run: 11, Failures: 0, Errors: 0, Skipped: 0, Time elapsed: 7.758 sec - in com.twilio.rest.autopilot.v1.assistant.ModelBuildTest
Running com.twilio.rest.autopilot.v1.assistant.DefaultsTest
Tests run: 4, Failures: 0, Errors: 0, Skipped: 0, Time elapsed: 3.293 sec - in com.twilio.rest.autopilot.v1.assistant.DefaultsTest
Running com.twilio.rest.autopilot.v1.assistant.StyleSheetTest
Tests run: 4, Failures: 0, Errors: 0, Skipped: 0, Time elapsed: 3.291 sec - in com.twilio.rest.autopilot.v1.assistant.StyleSheetTest
Running com.twilio.rest.autopilot.v1.assistant.task.FieldTest
Tests run: 9, Failures: 0, Errors: 0, Skipped: 0, Time elapsed: 5.377 sec - in com.twilio.rest.autopilot.v1.assistant.task.FieldTest
Running com.twilio.rest.autopilot.v1.assistant.task.TaskActionsTest
Tests run: 4, Failures: 0, Errors: 0, Skipped: 0, Time elapsed: 3.249 sec - in com.twilio.rest.autopilot.v1.assistant.task.TaskActionsTest
Running com.twilio.rest.autopilot.v1.assistant.task.SampleTest
Tests run: 11, Failures: 0, Errors: 0, Skipped: 0, Time elapsed: 7.837 sec - in com.twilio.rest.autopilot.v1.assistant.task.SampleTest
Running com.twilio.rest.autopilot.v1.assistant.task.TaskStatisticsTest
Tests run: 2, Failures: 0, Errors: 0, Skipped: 0, Time elapsed: 1.607 sec - in com.twilio.rest.autopilot.v1.assistant.task.TaskStatisticsTest
Running com.twilio.rest.autopilot.v1.assistant.TaskTest
Tests run: 11, Failures: 0, Errors: 0, Skipped: 0, Time elapsed: 8.396 sec - in com.twilio.rest.autopilot.v1.assistant.TaskTest
Running com.twilio.rest.autopilot.v1.assistant.DialogueTest
Tests run: 2, Failures: 0, Errors: 0, Skipped: 0, Time elapsed: 1.642 sec - in com.twilio.rest.autopilot.v1.assistant.DialogueTest
Running com.twilio.rest.autopilot.v1.RestoreAssistantTest
Tests run: 2, Failures: 0, Errors: 0, Skipped: 0, Time elapsed: 1.709 sec - in com.twilio.rest.autopilot.v1.RestoreAssistantTest
Running com.twilio.converter.PromoterTest
Tests run: 4, Failures: 0, Errors: 0, Skipped: 0, Time elapsed: 0.097 sec - in com.twilio.converter.PromoterTest
Running com.twilio.converter.PrefixedCollapsibleMapTest
Tests run: 4, Failures: 0, Errors: 0, Skipped: 0, Time elapsed: 0.015 sec - in com.twilio.converter.PrefixedCollapsibleMapTest
Running com.twilio.converter.DateConverterTest
Tests run: 9, Failures: 0, Errors: 0, Skipped: 0, Time elapsed: 0.004 sec - in com.twilio.converter.DateConverterTest
Running com.twilio.converter.CurrencyDeserializerTest
Tests run: 2, Failures: 0, Errors: 0, Skipped: 0, Time elapsed: 0.016 sec - in com.twilio.converter.CurrencyDeserializerTest
Running com.twilio.jwt.client.IncomingClientScopeTest
Tests run: 1, Failures: 0, Errors: 0, Skipped: 0, Time elapsed: 0.002 sec - in com.twilio.jwt.client.IncomingClientScopeTest
Running com.twilio.jwt.client.ClientCapabilityTest
Tests run: 2, Failures: 0, Errors: 0, Skipped: 0, Time elapsed: 0.091 sec - in com.twilio.jwt.client.ClientCapabilityTest
Running com.twilio.jwt.client.OutgoingClientScopeTest
Tests run: 1, Failures: 0, Errors: 0, Skipped: 0, Time elapsed: 0.001 sec - in com.twilio.jwt.client.OutgoingClientScopeTest
Running com.twilio.jwt.client.EventStreamScopeTest
Tests run: 1, Failures: 0, Errors: 0, Skipped: 0, Time elapsed: 0 sec - in com.twilio.jwt.client.EventStreamScopeTest
Running com.twilio.jwt.validation.RequestCanonicalizerTest
Tests run: 20, Failures: 0, Errors: 0, Skipped: 0, Time elapsed: 0.023 sec - in com.twilio.jwt.validation.RequestCanonicalizerTest
Running com.twilio.jwt.validation.ValidationTokenTest
Tests run: 5, Failures: 0, Errors: 0, Skipped: 0, Time elapsed: 2.365 sec - in com.twilio.jwt.validation.ValidationTokenTest
Running com.twilio.jwt.taskrouter.PolicyTest
Tests run: 1, Failures: 0, Errors: 0, Skipped: 0, Time elapsed: 0.031 sec - in com.twilio.jwt.taskrouter.PolicyTest
Running com.twilio.jwt.taskrouter.TaskRouterCapabilityTest
Tests run: 2, Failures: 0, Errors: 0, Skipped: 0, Time elapsed: 0.012 sec - in com.twilio.jwt.taskrouter.TaskRouterCapabilityTest
Running com.twilio.jwt.taskrouter.PolicyUtilsTest
Tests run: 2, Failures: 0, Errors: 0, Skipped: 0, Time elapsed: 0.001 sec - in com.twilio.jwt.taskrouter.PolicyUtilsTest
Running com.twilio.jwt.taskrouter.UrlUtilsTest
Tests run: 18, Failures: 0, Errors: 0, Skipped: 0, Time elapsed: 0.001 sec - in com.twilio.jwt.taskrouter.UrlUtilsTest
Running com.twilio.jwt.accesstoken.AccessTokenTest
Tests run: 12, Failures: 0, Errors: 0, Skipped: 0, Time elapsed: 0.032 sec - in com.twilio.jwt.accesstoken.AccessTokenTest
Running com.twilio.security.RequestValidatorTest
Tests run: 11, Failures: 0, Errors: 0, Skipped: 0, Time elapsed: 0.013 sec - in com.twilio.security.RequestValidatorTest
Running com.twilio.twiml.VoiceResponseTest
Tests run: 8, Failures: 0, Errors: 0, Skipped: 0, Time elapsed: 0.13 sec - in com.twilio.twiml.VoiceResponseTest
Running com.twilio.twiml.FaxResponseTest
Tests run: 8, Failures: 0, Errors: 0, Skipped: 0, Time elapsed: 0.023 sec - in com.twilio.twiml.FaxResponseTest
Running com.twilio.twiml.messaging.BodyTest
Tests run: 1, Failures: 0, Errors: 0, Skipped: 0, Time elapsed: 0 sec - in com.twilio.twiml.messaging.BodyTest
Running com.twilio.twiml.messaging.MessageTest
Tests run: 9, Failures: 0, Errors: 0, Skipped: 0, Time elapsed: 0.012 sec - in com.twilio.twiml.messaging.MessageTest
Running com.twilio.twiml.messaging.MediaTest
Tests run: 1, Failures: 0, Errors: 0, Skipped: 0, Time elapsed: 0.001 sec - in com.twilio.twiml.messaging.MediaTest
Running com.twilio.twiml.messaging.RedirectTest
Tests run: 1, Failures: 0, Errors: 0, Skipped: 0, Time elapsed: 0.002 sec - in com.twilio.twiml.messaging.RedirectTest
Running com.twilio.twiml.MessagingResponseTest
Tests run: 8, Failures: 0, Errors: 0, Skipped: 0, Time elapsed: 0.013 sec - in com.twilio.twiml.MessagingResponseTest
Running com.twilio.twiml.voice.StartTest
Tests run: 9, Failures: 0, Errors: 0, Skipped: 0, Time elapsed: 0.011 sec - in com.twilio.twiml.voice.StartTest
Running com.twilio.twiml.voice.GatherTest
Tests run: 9, Failures: 0, Errors: 0, Skipped: 0, Time elapsed: 0.006 sec - in com.twilio.twiml.voice.GatherTest
Running com.twilio.twiml.voice.RoomTest
Tests run: 1, Failures: 0, Errors: 0, Skipped: 0, Time elapsed: 0.002 sec - in com.twilio.twiml.voice.RoomTest
Running com.twilio.twiml.voice.ClientTest
Tests run: 9, Failures: 0, Errors: 0, Skipped: 0, Time elapsed: 0.013 sec - in com.twilio.twiml.voice.ClientTest
Running com.twilio.twiml.voice.SimTest
Tests run: 1, Failures: 0, Errors: 0, Skipped: 0, Time elapsed: 0.002 sec - in com.twilio.twiml.voice.SimTest
Running com.twilio.twiml.voice.StreamTest
Tests run: 9, Failures: 0, Errors: 0, Skipped: 0, Time elapsed: 0.005 sec - in com.twilio.twiml.voice.StreamTest
Running com.twilio.twiml.voice.PlayTest
Tests run: 1, Failures: 0, Errors: 0, Skipped: 0, Time elapsed: 0 sec - in com.twilio.twiml.voice.PlayTest
Running com.twilio.twiml.voice.EnqueueTest
Tests run: 9, Failures: 0, Errors: 0, Skipped: 0, Time elapsed: 0.007 sec - in com.twilio.twiml.voice.EnqueueTest
Running com.twilio.twiml.voice.SsmlSTest
Tests run: 1, Failures: 0, Errors: 0, Skipped: 0, Time elapsed: 0.002 sec - in com.twilio.twiml.voice.SsmlSTest
Running com.twilio.twiml.voice.LeaveTest
Tests run: 6, Failures: 0, Errors: 0, Skipped: 0, Time elapsed: 0.004 sec - in com.twilio.twiml.voice.LeaveTest
Running com.twilio.twiml.voice.ReferSipTest
Tests run: 1, Failures: 0, Errors: 0, Skipped: 0, Time elapsed: 0.002 sec - in com.twilio.twiml.voice.ReferSipTest
Running com.twilio.twiml.voice.ReferTest
Tests run: 9, Failures: 0, Errors: 0, Skipped: 0, Time elapsed: 0.007 sec - in com.twilio.twiml.voice.ReferTest
Running com.twilio.twiml.voice.RecordTest
Tests run: 7, Failures: 0, Errors: 0, Skipped: 0, Time elapsed: 0.006 sec - in com.twilio.twiml.voice.RecordTest
Running com.twilio.twiml.voice.SsmlEmphasisTest
Tests run: 1, Failures: 0, Errors: 0, Skipped: 0, Time elapsed: 0.003 sec - in com.twilio.twiml.voice.SsmlEmphasisTest
Running com.twilio.twiml.voice.StopTest
Tests run: 8, Failures: 0, Errors: 0, Skipped: 0, Time elapsed: 0.005 sec - in com.twilio.twiml.voice.StopTest
Running com.twilio.twiml.voice.SsmlPhonemeTest
Tests run: 1, Failures: 0, Errors: 0, Skipped: 0, Time elapsed: 0.001 sec - in com.twilio.twiml.voice.SsmlPhonemeTest
Running com.twilio.twiml.voice.ConferenceTest
Tests run: 1, Failures: 0, Errors: 0, Skipped: 0, Time elapsed: 0.005 sec - in com.twilio.twiml.voice.ConferenceTest
Running com.twilio.twiml.voice.SipTest
Tests run: 1, Failures: 0, Errors: 0, Skipped: 0, Time elapsed: 0.005 sec - in com.twilio.twiml.voice.SipTest
Running com.twilio.twiml.voice.SsmlProsodyTest
Tests run: 1, Failures: 0, Errors: 0, Skipped: 0, Time elapsed: 0 sec - in com.twilio.twiml.voice.SsmlProsodyTest
Running com.twilio.twiml.voice.SsmlSayAsTest
Tests run: 1, Failures: 0, Errors: 0, Skipped: 0, Time elapsed: 0.002 sec - in com.twilio.twiml.voice.SsmlSayAsTest
Running com.twilio.twiml.voice.SsmlBreakTest
Tests run: 7, Failures: 0, Errors: 0, Skipped: 0, Time elapsed: 0.011 sec - in com.twilio.twiml.voice.SsmlBreakTest
Running com.twilio.twiml.voice.SsmlWTest
Tests run: 1, Failures: 0, Errors: 0, Skipped: 0, Time elapsed: 0 sec - in com.twilio.twiml.voice.SsmlWTest
Running com.twilio.twiml.voice.SsmlSubTest
Tests run: 1, Failures: 0, Errors: 0, Skipped: 0, Time elapsed: 0 sec - in com.twilio.twiml.voice.SsmlSubTest
Running com.twilio.twiml.voice.AutopilotTest
Tests run: 1, Failures: 0, Errors: 0, Skipped: 0, Time elapsed: 0 sec - in com.twilio.twiml.voice.AutopilotTest
Running com.twilio.twiml.voice.SsmlLangTest
Tests run: 1, Failures: 0, Errors: 0, Skipped: 0, Time elapsed: 0 sec - in com.twilio.twiml.voice.SsmlLangTest
Running com.twilio.twiml.voice.SsmlPTest
Tests run: 1, Failures: 0, Errors: 0, Skipped: 0, Time elapsed: 0 sec - in com.twilio.twiml.voice.SsmlPTest
Running com.twilio.twiml.voice.PauseTest
Tests run: 7, Failures: 0, Errors: 0, Skipped: 0, Time elapsed: 0 sec - in com.twilio.twiml.voice.PauseTest
Running com.twilio.twiml.voice.TaskTest
Tests run: 1, Failures: 0, Errors: 0, Skipped: 0, Time elapsed: 0 sec - in com.twilio.twiml.voice.TaskTest
Running com.twilio.twiml.voice.EchoTest
Tests run: 6, Failures: 0, Errors: 0, Skipped: 0, Time elapsed: 0 sec - in com.twilio.twiml.voice.EchoTest
Running com.twilio.twiml.voice.NumberTest
Tests run: 1, Failures: 0, Errors: 0, Skipped: 0, Time elapsed: 0.002 sec - in com.twilio.twiml.voice.NumberTest
Running com.twilio.twiml.voice.ConnectTest
Tests run: 9, Failures: 0, Errors: 0, Skipped: 0, Time elapsed: 0.015 sec - in com.twilio.twiml.voice.ConnectTest
Running com.twilio.twiml.voice.PayTest
Tests run: 9, Failures: 0, Errors: 0, Skipped: 0, Time elapsed: 0.013 sec - in com.twilio.twiml.voice.PayTest
Running com.twilio.twiml.voice.RejectTest
Tests run: 7, Failures: 0, Errors: 0, Skipped: 0, Time elapsed: 0.004 sec - in com.twilio.twiml.voice.RejectTest
Running com.twilio.twiml.voice.ParameterTest
Tests run: 7, Failures: 0, Errors: 0, Skipped: 0, Time elapsed: 0.008 sec - in com.twilio.twiml.voice.ParameterTest
Running com.twilio.twiml.voice.RedirectTest
Tests run: 1, Failures: 0, Errors: 0, Skipped: 0, Time elapsed: 0 sec - in com.twilio.twiml.voice.RedirectTest
Running com.twilio.twiml.voice.SayTest
Tests run: 9, Failures: 0, Errors: 0, Skipped: 0, Time elapsed: 0.018 sec - in com.twilio.twiml.voice.SayTest
Running com.twilio.twiml.voice.IdentityTest
Tests run: 1, Failures: 0, Errors: 0, Skipped: 0, Time elapsed: 0.001 sec - in com.twilio.twiml.voice.IdentityTest
Running com.twilio.twiml.voice.SmsTest
Tests run: 1, Failures: 0, Errors: 0, Skipped: 0, Time elapsed: 0.001 sec - in com.twilio.twiml.voice.SmsTest
Running com.twilio.twiml.voice.DialTest
Tests run: 9, Failures: 0, Errors: 0, Skipped: 0, Time elapsed: 0.006 sec - in com.twilio.twiml.voice.DialTest
Running com.twilio.twiml.voice.PromptTest
Tests run: 9, Failures: 0, Errors: 0, Skipped: 0, Time elapsed: 0.011 sec - in com.twilio.twiml.voice.PromptTest
Running com.twilio.twiml.voice.QueueTest
Tests run: 1, Failures: 0, Errors: 0, Skipped: 0, Time elapsed: 0 sec - in com.twilio.twiml.voice.QueueTest
Running com.twilio.twiml.voice.SiprecTest
Tests run: 9, Failures: 0, Errors: 0, Skipped: 0, Time elapsed: 0.004 sec - in com.twilio.twiml.voice.SiprecTest
Running com.twilio.twiml.voice.HangupTest
Tests run: 6, Failures: 0, Errors: 0, Skipped: 0, Time elapsed: 0 sec - in com.twilio.twiml.voice.HangupTest
Running com.twilio.twiml.fax.ReceiveTest
Tests run: 7, Failures: 0, Errors: 0, Skipped: 0, Time elapsed: 0 sec - in com.twilio.twiml.fax.ReceiveTest
Running com.twilio.taskrouter.WorkflowRuleTargetTest
Tests run: 2, Failures: 0, Errors: 0, Skipped: 0, Time elapsed: 0.005 sec - in com.twilio.taskrouter.WorkflowRuleTargetTest
Running com.twilio.taskrouter.WorkflowTest
Tests run: 2, Failures: 0, Errors: 0, Skipped: 0, Time elapsed: 0.012 sec - in com.twilio.taskrouter.WorkflowTest
Running com.twilio.type.SubscribeRuleTest
Tests run: 5, Failures: 0, Errors: 0, Skipped: 0, Time elapsed: 0.029 sec - in com.twilio.type.SubscribeRuleTest
Running com.twilio.type.InboundSmsPriceTest
Tests run: 2, Failures: 0, Errors: 0, Skipped: 0, Time elapsed: 0.003 sec - in com.twilio.type.InboundSmsPriceTest
Running com.twilio.type.PhoneNumberPriceTest
Tests run: 2, Failures: 0, Errors: 0, Skipped: 0, Time elapsed: 0.001 sec - in com.twilio.type.PhoneNumberPriceTest
Running com.twilio.type.ClientTest
Tests run: 1, Failures: 0, Errors: 0, Skipped: 0, Time elapsed: 0 sec - in com.twilio.type.ClientTest
Running com.twilio.type.IceServerTest
Tests run: 1, Failures: 0, Errors: 0, Skipped: 0, Time elapsed: 0 sec - in com.twilio.type.IceServerTest
Running com.twilio.type.OutboundCallPriceTest
Tests run: 1, Failures: 0, Errors: 0, Skipped: 0, Time elapsed: 0 sec - in com.twilio.type.OutboundCallPriceTest
Running com.twilio.type.PhoneNumberCapabilitiesTest
Tests run: 2, Failures: 0, Errors: 0, Skipped: 0, Time elapsed: 0.004 sec - in com.twilio.type.PhoneNumberCapabilitiesTest
Running com.twilio.type.OutboundSmsPriceTest
Tests run: 1, Failures: 0, Errors: 0, Skipped: 0, Time elapsed: 0.002 sec - in com.twilio.type.OutboundSmsPriceTest
Running com.twilio.type.InboundCallPriceTest
Tests run: 3, Failures: 0, Errors: 0, Skipped: 0, Time elapsed: 0.001 sec - in com.twilio.type.InboundCallPriceTest
Running com.twilio.type.FeedbackIssueTest
Tests run: 1, Failures: 0, Errors: 0, Skipped: 0, Time elapsed: 0 sec - in com.twilio.type.FeedbackIssueTest
Running com.twilio.type.OutboundPrefixPriceTest
Tests run: 1, Failures: 0, Errors: 0, Skipped: 0, Time elapsed: 0 sec - in com.twilio.type.OutboundPrefixPriceTest
Running com.twilio.base.ReaderTest
Tests run: 9, Failures: 0, Errors: 0, Skipped: 0, Time elapsed: 1.302 sec - in com.twilio.base.ReaderTest
Running com.twilio.TwilioTest
Tests run: 10, Failures: 0, Errors: 0, Skipped: 0, Time elapsed: 0.824 sec - in com.twilio.TwilioTest

Results :

Tests run: 2976, Failures: 0, Errors: 0, Skipped: 0

[INFO] 
[INFO] --- jacoco-maven-plugin:0.8.5:report (report) @ twilio ---
[INFO] Loading execution data file /tmp/tmpxi7kqx0a/twilio-java/target/jacoco.exec
[INFO] Analyzed bundle 'twilio' with 5678 classes
[INFO] ------------------------------------------------------------------------
[INFO] BUILD SUCCESS
[INFO] ------------------------------------------------------------------------
[INFO] Total time:  32:23 min
[INFO] Finished at: 2020-07-30T22:33:51Z
[INFO] ------------------------------------------------------------------------
