[INFO] Error stacktraces are turned on.
[INFO] Scanning for projects...
[INFO] 
[INFO] --------------------------< mudmap2:mudmap2 >---------------------------
[INFO] Building mudmap2 2.5.7
[INFO] --------------------------------[ jar ]---------------------------------
[INFO] 
[INFO] --- jacoco-maven-plugin:0.8.5:prepare-agent (default) @ mudmap2 ---
[INFO] argLine set to -javaagent:/home/jdbl/.m2/repository/org/jacoco/org.jacoco.agent/0.8.5/org.jacoco.agent-0.8.5-runtime.jar=destfile=/tmp/tmpch_eqmvo/mudmap2/target/jacoco.exec
[INFO] 
[INFO] --- maven-resources-plugin:2.6:resources (default-resources) @ mudmap2 ---
[INFO] Using 'UTF-8' encoding to copy filtered resources.
[INFO] Copying 4 resources
[INFO] 
[INFO] --- maven-compiler-plugin:3.1:compile (default-compile) @ mudmap2 ---
[INFO] Changes detected - recompiling the module!
[INFO] Compiling 92 source files to /tmp/tmpch_eqmvo/mudmap2/target/classes
[WARNING] /tmp/tmpch_eqmvo/mudmap2/src/main/java/mudmap2/backend/Layer.java: Some input files use unchecked or unsafe operations.
[WARNING] /tmp/tmpch_eqmvo/mudmap2/src/main/java/mudmap2/backend/Layer.java: Recompile with -Xlint:unchecked for details.
[INFO] 
[INFO] --- maven-resources-plugin:2.6:testResources (default-testResources) @ mudmap2 ---
[INFO] Using 'UTF-8' encoding to copy filtered resources.
[INFO] skip non existing resourceDirectory /tmp/tmpch_eqmvo/mudmap2/src/test/resources
[INFO] 
[INFO] --- maven-compiler-plugin:3.1:testCompile (default-testCompile) @ mudmap2 ---
[INFO] Changes detected - recompiling the module!
[INFO] Compiling 21 source files to /tmp/tmpch_eqmvo/mudmap2/target/test-classes
[WARNING] /tmp/tmpch_eqmvo/mudmap2/src/test/java/mudmap2/backend/prquadtree/QuadtreeTest.java: Some input files use unchecked or unsafe operations.
[WARNING] /tmp/tmpch_eqmvo/mudmap2/src/test/java/mudmap2/backend/prquadtree/QuadtreeTest.java: Recompile with -Xlint:unchecked for details.
[INFO] 
[INFO] --- maven-surefire-plugin:2.19.1:test (default-test) @ mudmap2 ---
[INFO] Surefire report directory: /tmp/tmpch_eqmvo/mudmap2/target/surefire-reports

-------------------------------------------------------
 T E S T S
-------------------------------------------------------
Running mudmap2.frontend.GUIElement.WorldPanel.WorldPanelTest
tileSizeIncrement
getWorld
gotoHome
setTileSize
isCursorEnabled
getMappainter
getSelectedPlace
isPassive
getTileSize
tileSizeDecrement
isCursorForced
pushPosition
popPosition
getPosition
getHistory
resetHistory
getCursorX
getCursorY
moveCursor
setHome
isFocusForced
Tests run: 39, Failures: 0, Errors: 0, Skipped: 20, Time elapsed: 0.671 sec - in mudmap2.frontend.GUIElement.WorldPanel.WorldPanelTest
Running mudmap2.frontend.WorldTabTest
getWorld
save
getWorldPanel
Tests run: 4, Failures: 0, Errors: 0, Skipped: 1, Time elapsed: 0.326 sec - in mudmap2.frontend.WorldTabTest
Running mudmap2.utils.PairTest
Tests run: 1, Failures: 0, Errors: 0, Skipped: 0, Time elapsed: 0 sec - in mudmap2.utils.PairTest
Running mudmap2.utils.AlphanumComparatorTest
compare
Tests run: 1, Failures: 0, Errors: 0, Skipped: 0, Time elapsed: 0 sec - in mudmap2.utils.AlphanumComparatorTest
Running mudmap2.backend.WorldCoordinateTest
getLayer
getX
getY
move
setX
setY
toString
compareTo
setLayer
Tests run: 11, Failures: 0, Errors: 0, Skipped: 0, Time elapsed: 0.004 sec - in mudmap2.backend.WorldCoordinateTest
Running mudmap2.backend.LayerElementTest
getLayer
getX
getY
setPosition
Tests run: 4, Failures: 0, Errors: 0, Skipped: 0, Time elapsed: 0.002 sec - in mudmap2.backend.LayerElementTest
Running mudmap2.backend.PathTest
getExit
hasPlace
getDirNum
getDir
getPlaces
getOtherPlace
getOppositeDir
remove
getExitDirections
Tests run: 9, Failures: 0, Errors: 0, Skipped: 0, Time elapsed: 0.034 sec - in mudmap2.backend.PathTest
Running mudmap2.backend.LayerTest
getName
setName
getExactCenter
getWorld
isPlaceNameUnique
get
exist
getId
getlayer
toString
getXMax
getXMin
getYMax
getYMin
setQuadtree
hasName
put
getCenterX
getCenterY
put
getPlaces
getNeighbors
isEmpty
remove
Tests run: 23, Failures: 0, Errors: 0, Skipped: 0, Time elapsed: 0.045 sec - in mudmap2.backend.LayerTest
Running mudmap2.backend.InformationColorTest
getColor
getId
setDescription
toString
getDescription
InformationColor
InformationColor
setColor
Tests run: 8, Failures: 0, Errors: 0, Skipped: 0, Time elapsed: 0 sec - in mudmap2.backend.InformationColorTest
Running mudmap2.backend.WorldFileListTest
get
getEntries
write
No world history file or not readable
push
read
Tests run: 5, Failures: 0, Errors: 0, Skipped: 0, Time elapsed: 0.009 sec - in mudmap2.backend.WorldFileListTest
Running mudmap2.backend.WorldTest
setPathColor
breadthSearch
getShowPlaceId
setPreferences
getLayer
getNewLayer
getInformationColor
getNewLayer
World
setWorldFile
getNextLayerID
addLayer
getHome
getName
getPathColorStd
removePlaceGroup
World
setPathColorNstd
getPreferences
addInformationColor
setShowPlaceID
setPathColor
getPathColor
getTileCenterColor
putPlaceholder
getLayers
setInformationColor
removeInformationColor
getInformationColors
setHome
setName
addPlaceGroup
getPathColorNstd
setNextLayerID
getPathColors
getPlaceGroups
setTileCenterColor
getWorldFile
Tests run: 38, Failures: 0, Errors: 0, Skipped: 0, Time elapsed: 0.014 sec - in mudmap2.backend.WorldTest
Running mudmap2.backend.WorldManagerTest
getWorld
getNewWorld
close
register
Tests run: 4, Failures: 0, Errors: 0, Skipped: 0, Time elapsed: 0.009 sec - in mudmap2.backend.WorldManagerTest
Running mudmap2.backend.PlaceTest
breadthSearchReset
getFlags
connectChild
setRecLevelMax
setRecLevelMin
getChildren
getId
Place
toString
removeChild
getBreadthSearchData
compareTo
getParents
getExit
getFlag
getName
getPaths
getPaths
removePath
getRecLevelMax
getRecLevelMin
getComments
matchKeywords
connectPath
getPlaceGroup
getPathTo
removeConnections
setInfoRing
setFlag
setName
getInfoRing
getCoordinate
duplicate
setPlaceGroup
Tests run: 34, Failures: 0, Errors: 0, Skipped: 0, Time elapsed: 0.014 sec - in mudmap2.backend.PlaceTest
Running mudmap2.backend.PlaceGroupTest
getColor
toString
PlaceGroup
compareTo
getName
setName
setColor
Tests run: 7, Failures: 0, Errors: 0, Skipped: 0, Time elapsed: 0 sec - in mudmap2.backend.PlaceGroupTest
Running mudmap2.backend.WorldFileReader.current.WorldFileDefaultTest
writeFile
getWorldFileType
setWorldFile
canRead
readWorldName
backup
Tests run: 6, Failures: 0, Errors: 0, Skipped: 0, Time elapsed: 0.058 sec - in mudmap2.backend.WorldFileReader.current.WorldFileDefaultTest
Running mudmap2.backend.WorldFileReader.current.WorldFileJSONTest
readFile / writeFile
getWorldFileType
canRead
readWorldName
backup
Tests run: 6, Failures: 0, Errors: 0, Skipped: 0, Time elapsed: 0.023 sec - in mudmap2.backend.WorldFileReader.current.WorldFileJSONTest
Running mudmap2.backend.prquadtree.QuadtreeTest
get
exist
move
insert
isEmpty
remove
values
Tests run: 7, Failures: 0, Errors: 0, Skipped: 0, Time elapsed: 0.015 sec - in mudmap2.backend.prquadtree.QuadtreeTest
Running mudmap2.backend.legend.LegendTest
isIncludePathColors
generate
isIncludePlaceGroups
setIncludeInformationColors
isIncludeInformationColors
setIncludePlaceGroups
setBackgroundColor
getBackground
setIncludePathColors
Tests run: 9, Failures: 0, Errors: 0, Skipped: 0, Time elapsed: 0.027 sec - in mudmap2.backend.legend.LegendTest
Running mudmap2.backend.legend.LegendEntryTitleTest
getWidth
getHeight
renderGraphic
Tests run: 3, Failures: 0, Errors: 0, Skipped: 0, Time elapsed: 0.011 sec - in mudmap2.backend.legend.LegendEntryTitleTest
Running mudmap2.backend.legend.LegendEntrySeparatorTest
getWidth
getHeight
renderGraphic
Tests run: 3, Failures: 0, Errors: 0, Skipped: 0, Time elapsed: 0.004 sec - in mudmap2.backend.legend.LegendEntrySeparatorTest
Running mudmap2.backend.legend.LegendEntryColorTest
getWidth
getHeight
renderGraphic
Tests run: 3, Failures: 0, Errors: 0, Skipped: 0, Time elapsed: 0.007 sec - in mudmap2.backend.legend.LegendEntryColorTest

Results :

Tests run: 225, Failures: 0, Errors: 0, Skipped: 21

[INFO] 
[INFO] --- jacoco-maven-plugin:0.8.5:report (report) @ mudmap2 ---
[INFO] Loading execution data file /tmp/tmpch_eqmvo/mudmap2/target/jacoco.exec
[INFO] Analyzed bundle 'mudmap2' with 276 classes
[INFO] ------------------------------------------------------------------------
[INFO] BUILD SUCCESS
[INFO] ------------------------------------------------------------------------
[INFO] Total time:  12.915 s
[INFO] Finished at: 2020-07-30T19:58:24Z
[INFO] ------------------------------------------------------------------------
