[INFO] Error stacktraces are turned on.
[INFO] Scanning for projects...
[INFO] Inspecting build with total of 1 modules...
[INFO] Installing Nexus Staging features:
[INFO]   ... total of 1 executions of maven-deploy-plugin replaced with nexus-staging-maven-plugin
[INFO] 
[INFO] -------------------< com.jsunsoft.http:http-request >-------------------
[INFO] Building http-request 2.0.0
[INFO] --------------------------------[ jar ]---------------------------------
[INFO] 
[INFO] --- jacoco-maven-plugin:0.8.5:prepare-agent (default) @ http-request ---
[INFO] argLine set to -javaagent:/home/jdbl/.m2/repository/org/jacoco/org.jacoco.agent/0.8.5/org.jacoco.agent-0.8.5-runtime.jar=destfile=/tmp/tmpyli4x8ia/http-request/target/jacoco.exec
[INFO] 
[INFO] --- maven-resources-plugin:2.6:resources (default-resources) @ http-request ---
[INFO] Using 'UTF-8' encoding to copy filtered resources.
[INFO] skip non existing resourceDirectory /tmp/tmpyli4x8ia/http-request/src/main/resources
[INFO] 
[INFO] --- maven-compiler-plugin:3.5.1:compile (default-compile) @ http-request ---
[INFO] Changes detected - recompiling the module!
[INFO] Compiling 44 source files to /tmp/tmpyli4x8ia/http-request/target/classes
[INFO] /tmp/tmpyli4x8ia/http-request/src/main/java/com/jsunsoft/http/BasicWebTarget.java: /tmp/tmpyli4x8ia/http-request/src/main/java/com/jsunsoft/http/BasicWebTarget.java uses unchecked or unsafe operations.
[INFO] /tmp/tmpyli4x8ia/http-request/src/main/java/com/jsunsoft/http/BasicWebTarget.java: Recompile with -Xlint:unchecked for details.
[INFO] 
[INFO] --- maven-resources-plugin:2.6:testResources (default-testResources) @ http-request ---
[INFO] Using 'UTF-8' encoding to copy filtered resources.
[INFO] skip non existing resourceDirectory /tmp/tmpyli4x8ia/http-request/src/test/resources
[INFO] 
[INFO] --- maven-compiler-plugin:3.5.1:testCompile (default-testCompile) @ http-request ---
[INFO] Changes detected - recompiling the module!
[INFO] Compiling 11 source files to /tmp/tmpyli4x8ia/http-request/target/test-classes
[INFO] 
[INFO] --- maven-surefire-plugin:2.19.1:test (default-test) @ http-request ---
[INFO] Surefire report directory: /tmp/tmpyli4x8ia/http-request/target/surefire-reports

-------------------------------------------------------
 T E S T S
-------------------------------------------------------
Running com.jsunsoft.http.CustomArgsCheckTest
Tests run: 4, Failures: 0, Errors: 0, Skipped: 0, Time elapsed: 0.304 sec - in com.jsunsoft.http.CustomArgsCheckTest
Running com.jsunsoft.http.SimpleHttpRequestToParseJsonResponseTest
[main] INFO org.eclipse.jetty.util.log - Logging initialized @6855ms
[main] INFO org.eclipse.jetty.server.Server - jetty-9.2.22.v20170606
[main] INFO org.eclipse.jetty.server.handler.ContextHandler - Started o.e.j.s.ServletContextHandler@7e7d6175{/__admin,null,AVAILABLE}
[main] INFO org.eclipse.jetty.server.handler.ContextHandler - Started o.e.j.s.ServletContextHandler@463e0b6a{/,null,AVAILABLE}
[main] INFO org.eclipse.jetty.server.NetworkTrafficServerConnector - Started NetworkTrafficServerConnector@45e6f47a{HTTP/1.1}{0.0.0.0:8080}
[main] INFO org.eclipse.jetty.server.Server - Started @7515ms
[qtp303790741-29] INFO / - RequestHandlerClass from context returned com.github.tomakehurst.wiremock.http.StubRequestHandler. Normalized mapped under returned 'null'
[main] INFO com.jsunsoft.http.BasicWebTarget - Response code from uri: [http://localhost:8080/get] is 200
[main] INFO org.eclipse.jetty.server.NetworkTrafficServerConnector - Stopped NetworkTrafficServerConnector@45e6f47a{HTTP/1.1}{0.0.0.0:8080}
[main] INFO org.eclipse.jetty.server.handler.ContextHandler - Stopped o.e.j.s.ServletContextHandler@463e0b6a{/,null,UNAVAILABLE}
[main] INFO org.eclipse.jetty.server.handler.ContextHandler - Stopped o.e.j.s.ServletContextHandler@7e7d6175{/__admin,null,UNAVAILABLE}
[main] WARN org.eclipse.jetty.util.thread.QueuedThreadPool - qtp303790741{STOPPING,8<=8<=10,i=6,q=7} Couldn't stop Thread[qtp303790741-33,5,main]
[main] WARN org.eclipse.jetty.util.thread.QueuedThreadPool - qtp303790741{STOPPING,8<=8<=10,i=6,q=7} Couldn't stop Thread[qtp303790741-29,5,main]
[main] WARN org.eclipse.jetty.util.thread.QueuedThreadPool - qtp303790741{STOPPING,8<=8<=10,i=6,q=7} Couldn't stop Thread[qtp303790741-31,5,main]
[main] WARN org.eclipse.jetty.util.thread.QueuedThreadPool - qtp303790741{STOPPING,8<=8<=10,i=6,q=7} Couldn't stop Thread[qtp303790741-27,5,main]
[main] WARN org.eclipse.jetty.util.thread.QueuedThreadPool - qtp303790741{STOPPING,8<=8<=10,i=4,q=7} Couldn't stop Thread[qtp303790741-28,5,main]
[main] WARN org.eclipse.jetty.util.thread.QueuedThreadPool - qtp303790741{STOPPING,8<=8<=10,i=4,q=7} Couldn't stop Thread[qtp303790741-26,5,main]
Tests run: 1, Failures: 0, Errors: 0, Skipped: 0, Time elapsed: 7.131 sec - in com.jsunsoft.http.SimpleHttpRequestToParseJsonResponseTest
Running com.jsunsoft.http.HttpRequestConnectionManagementLiveTest
[Thread-65] INFO com.jsunsoft.http.BasicWebTarget - Response code from uri: [https://www.google.com/] is 200
[Thread-49] INFO com.jsunsoft.http.BasicWebTarget - Response code from uri: [https://www.google.com/] is 200
[Thread-126] INFO com.jsunsoft.http.BasicWebTarget - Response code from uri: [https://www.google.com/] is 200
[Thread-54] INFO com.jsunsoft.http.BasicWebTarget - Response code from uri: [https://www.google.com/] is 200
[Thread-47] INFO com.jsunsoft.http.BasicWebTarget - Response code from uri: [https://www.google.com/] is 200
[Thread-39] INFO com.jsunsoft.http.BasicWebTarget - Response code from uri: [https://www.google.com/] is 200
[Thread-118] INFO com.jsunsoft.http.BasicWebTarget - Response code from uri: [https://www.google.com/] is 200
[Thread-14] INFO com.jsunsoft.http.BasicWebTarget - Response code from uri: [https://www.google.com/] is 200
[Thread-77] INFO com.jsunsoft.http.BasicWebTarget - Response code from uri: [https://www.google.com/] is 200
[Thread-107] INFO com.jsunsoft.http.BasicWebTarget - Response code from uri: [https://www.google.com/] is 200
[Thread-46] INFO com.jsunsoft.http.BasicWebTarget - Response code from uri: [https://www.google.com/] is 200
[Thread-102] INFO com.jsunsoft.http.BasicWebTarget - Response code from uri: [https://www.google.com/] is 200
[Thread-33] INFO com.jsunsoft.http.BasicWebTarget - Response code from uri: [https://www.google.com/] is 200
[Thread-16] INFO com.jsunsoft.http.BasicWebTarget - Response code from uri: [https://www.google.com/] is 200
[Thread-42] INFO com.jsunsoft.http.BasicWebTarget - Response code from uri: [https://www.google.com/] is 200
[Thread-127] INFO com.jsunsoft.http.BasicWebTarget - Response code from uri: [https://www.google.com/] is 200
[Thread-64] INFO com.jsunsoft.http.BasicWebTarget - Response code from uri: [https://www.google.com/] is 200
[Thread-138] INFO com.jsunsoft.http.BasicWebTarget - Response code from uri: [https://www.google.com/] is 200
[Thread-29] INFO com.jsunsoft.http.BasicWebTarget - Response code from uri: [https://www.google.com/] is 200
[Thread-23] INFO com.jsunsoft.http.BasicWebTarget - Response code from uri: [https://www.google.com/] is 200
[Thread-92] INFO com.jsunsoft.http.BasicWebTarget - Response code from uri: [https://www.google.com/] is 200
[Thread-72] INFO com.jsunsoft.http.BasicWebTarget - Response code from uri: [https://www.google.com/] is 200
[Thread-82] INFO com.jsunsoft.http.BasicWebTarget - Response code from uri: [https://www.google.com/] is 200
[Thread-93] INFO com.jsunsoft.http.BasicWebTarget - Response code from uri: [https://www.google.com/] is 200
[Thread-61] INFO com.jsunsoft.http.BasicWebTarget - Response code from uri: [https://www.google.com/] is 200
[Thread-40] INFO com.jsunsoft.http.BasicWebTarget - Response code from uri: [https://www.google.com/] is 200
[Thread-60] INFO com.jsunsoft.http.BasicWebTarget - Response code from uri: [https://www.google.com/] is 200
[Thread-111] INFO com.jsunsoft.http.BasicWebTarget - Response code from uri: [https://www.google.com/] is 200
[Thread-53] INFO com.jsunsoft.http.BasicWebTarget - Response code from uri: [https://www.google.com/] is 200
[Thread-15] INFO com.jsunsoft.http.BasicWebTarget - Response code from uri: [https://www.google.com/] is 200
[Thread-117] INFO com.jsunsoft.http.BasicWebTarget - Response code from uri: [https://www.google.com/] is 200
[Thread-96] INFO com.jsunsoft.http.BasicWebTarget - Response code from uri: [https://www.google.com/] is 200
[Thread-98] INFO com.jsunsoft.http.BasicWebTarget - Response code from uri: [https://www.google.com/] is 200
[Thread-38] INFO com.jsunsoft.http.BasicWebTarget - Response code from uri: [https://www.google.com/] is 200
[Thread-114] INFO com.jsunsoft.http.BasicWebTarget - Response code from uri: [https://www.google.com/] is 200
[Thread-137] INFO com.jsunsoft.http.BasicWebTarget - Response code from uri: [https://www.google.com/] is 200
[Thread-75] INFO com.jsunsoft.http.BasicWebTarget - Response code from uri: [https://www.google.com/] is 200
[Thread-45] INFO com.jsunsoft.http.BasicWebTarget - Response code from uri: [https://www.google.com/] is 200
[Thread-79] INFO com.jsunsoft.http.BasicWebTarget - Response code from uri: [https://www.google.com/] is 200
[Thread-99] INFO com.jsunsoft.http.BasicWebTarget - Response code from uri: [https://www.google.com/] is 200
[Thread-83] INFO com.jsunsoft.http.BasicWebTarget - Response code from uri: [https://www.google.com/] is 200
[Thread-90] INFO com.jsunsoft.http.BasicWebTarget - Response code from uri: [https://www.google.com/] is 200
[Thread-55] INFO com.jsunsoft.http.BasicWebTarget - Response code from uri: [https://www.google.com/] is 200
[Thread-70] INFO com.jsunsoft.http.BasicWebTarget - Response code from uri: [https://www.google.com/] is 200
[Thread-130] INFO com.jsunsoft.http.BasicWebTarget - Response code from uri: [https://www.google.com/] is 200
[Thread-115] INFO com.jsunsoft.http.BasicWebTarget - Response code from uri: [https://www.google.com/] is 200
[Thread-21] INFO com.jsunsoft.http.BasicWebTarget - Response code from uri: [https://www.google.com/] is 200
[Thread-123] INFO com.jsunsoft.http.BasicWebTarget - Response code from uri: [https://www.google.com/] is 200
[Thread-59] INFO com.jsunsoft.http.BasicWebTarget - Response code from uri: [https://www.google.com/] is 200
[Thread-100] INFO com.jsunsoft.http.BasicWebTarget - Response code from uri: [https://www.google.com/] is 200
[Thread-63] INFO com.jsunsoft.http.BasicWebTarget - Response code from uri: [https://www.google.com/] is 200
[Thread-120] INFO com.jsunsoft.http.BasicWebTarget - Response code from uri: [https://www.google.com/] is 200
[Thread-106] INFO com.jsunsoft.http.BasicWebTarget - Response code from uri: [https://www.google.com/] is 200
[Thread-78] INFO com.jsunsoft.http.BasicWebTarget - Response code from uri: [https://www.google.com/] is 200
[Thread-112] INFO com.jsunsoft.http.BasicWebTarget - Response code from uri: [https://www.google.com/] is 200
[Thread-87] INFO com.jsunsoft.http.BasicWebTarget - Response code from uri: [https://www.google.com/] is 200
[Thread-136] INFO com.jsunsoft.http.BasicWebTarget - Response code from uri: [https://www.google.com/] is 200
[Thread-30] INFO com.jsunsoft.http.BasicWebTarget - Response code from uri: [https://www.google.com/] is 200
[Thread-86] INFO com.jsunsoft.http.BasicWebTarget - Response code from uri: [https://www.google.com/] is 200
[Thread-13] INFO com.jsunsoft.http.BasicWebTarget - Response code from uri: [https://www.google.com/] is 200
[Thread-132] INFO com.jsunsoft.http.BasicWebTarget - Response code from uri: [https://www.google.com/] is 200
[Thread-11] INFO com.jsunsoft.http.BasicWebTarget - Response code from uri: [https://www.google.com/] is 200
[Thread-91] INFO com.jsunsoft.http.BasicWebTarget - Response code from uri: [https://www.google.com/] is 200
[Thread-119] INFO com.jsunsoft.http.BasicWebTarget - Response code from uri: [https://www.google.com/] is 200
[Thread-121] INFO com.jsunsoft.http.BasicWebTarget - Response code from uri: [https://www.google.com/] is 200
[Thread-51] INFO com.jsunsoft.http.BasicWebTarget - Response code from uri: [https://www.google.com/] is 200
[Thread-44] INFO com.jsunsoft.http.BasicWebTarget - Response code from uri: [https://www.google.com/] is 200
[Thread-95] INFO com.jsunsoft.http.BasicWebTarget - Response code from uri: [https://www.google.com/] is 200
[Thread-131] INFO com.jsunsoft.http.BasicWebTarget - Response code from uri: [https://www.google.com/] is 200
[Thread-110] INFO com.jsunsoft.http.BasicWebTarget - Response code from uri: [https://www.google.com/] is 200
[Thread-128] INFO com.jsunsoft.http.BasicWebTarget - Response code from uri: [https://www.google.com/] is 200
[Thread-43] INFO com.jsunsoft.http.BasicWebTarget - Response code from uri: [https://www.google.com/] is 200
[Thread-34] INFO com.jsunsoft.http.BasicWebTarget - Response code from uri: [https://www.google.com/] is 200
[Thread-71] INFO com.jsunsoft.http.BasicWebTarget - Response code from uri: [https://www.google.com/] is 200
[Thread-20] INFO com.jsunsoft.http.BasicWebTarget - Response code from uri: [https://www.google.com/] is 200
[Thread-37] INFO com.jsunsoft.http.BasicWebTarget - Response code from uri: [https://www.google.com/] is 200
[Thread-84] INFO com.jsunsoft.http.BasicWebTarget - Response code from uri: [https://www.google.com/] is 200
[Thread-57] INFO com.jsunsoft.http.BasicWebTarget - Response code from uri: [https://www.google.com/] is 200
[Thread-56] INFO com.jsunsoft.http.BasicWebTarget - Response code from uri: [https://www.google.com/] is 200
[Thread-105] INFO com.jsunsoft.http.BasicWebTarget - Response code from uri: [https://www.google.com/] is 200
[Thread-41] INFO com.jsunsoft.http.BasicWebTarget - Response code from uri: [https://www.google.com/] is 200
[Thread-48] INFO com.jsunsoft.http.BasicWebTarget - Response code from uri: [https://www.google.com/] is 200
[Thread-50] INFO com.jsunsoft.http.BasicWebTarget - Response code from uri: [https://www.google.com/] is 200
[Thread-89] INFO com.jsunsoft.http.BasicWebTarget - Response code from uri: [https://www.google.com/] is 200
[Thread-52] INFO com.jsunsoft.http.BasicWebTarget - Response code from uri: [https://www.google.com/] is 200
[Thread-76] INFO com.jsunsoft.http.BasicWebTarget - Response code from uri: [https://www.google.com/] is 200
[Thread-62] INFO com.jsunsoft.http.BasicWebTarget - Response code from uri: [https://www.google.com/] is 200
[Thread-103] INFO com.jsunsoft.http.BasicWebTarget - Response code from uri: [https://www.google.com/] is 200
[Thread-74] INFO com.jsunsoft.http.BasicWebTarget - Response code from uri: [https://www.google.com/] is 200
[Thread-19] INFO com.jsunsoft.http.BasicWebTarget - Response code from uri: [https://www.google.com/] is 200
[Thread-129] INFO com.jsunsoft.http.BasicWebTarget - Response code from uri: [https://www.google.com/] is 200
[Thread-124] INFO com.jsunsoft.http.BasicWebTarget - Response code from uri: [https://www.google.com/] is 200
[Thread-22] INFO com.jsunsoft.http.BasicWebTarget - Response code from uri: [https://www.google.com/] is 200
[Thread-27] INFO com.jsunsoft.http.BasicWebTarget - Response code from uri: [https://www.google.com/] is 200
[Thread-125] INFO com.jsunsoft.http.BasicWebTarget - Response code from uri: [https://www.google.com/] is 200
[Thread-108] INFO com.jsunsoft.http.BasicWebTarget - Response code from uri: [https://www.google.com/] is 200
[Thread-80] INFO com.jsunsoft.http.BasicWebTarget - Response code from uri: [https://www.google.com/] is 200
[Thread-94] INFO com.jsunsoft.http.BasicWebTarget - Response code from uri: [https://www.google.com/] is 200
[Thread-101] INFO com.jsunsoft.http.BasicWebTarget - Response code from uri: [https://www.google.com/] is 200
[Thread-68] INFO com.jsunsoft.http.BasicWebTarget - Response code from uri: [https://www.google.com/] is 200
[Thread-97] INFO com.jsunsoft.http.BasicWebTarget - Response code from uri: [https://www.google.com/] is 200
[Thread-85] INFO com.jsunsoft.http.BasicWebTarget - Response code from uri: [https://www.google.com/] is 200
[Thread-26] INFO com.jsunsoft.http.BasicWebTarget - Response code from uri: [https://www.google.com/] is 200
[Thread-69] INFO com.jsunsoft.http.BasicWebTarget - Response code from uri: [https://www.google.com/] is 200
[Thread-12] INFO com.jsunsoft.http.BasicWebTarget - Response code from uri: [https://www.google.com/] is 200
[Thread-31] INFO com.jsunsoft.http.BasicWebTarget - Response code from uri: [https://www.google.com/] is 200
[Thread-81] INFO com.jsunsoft.http.BasicWebTarget - Response code from uri: [https://www.google.com/] is 200
[Thread-113] INFO com.jsunsoft.http.BasicWebTarget - Response code from uri: [https://www.google.com/] is 200
[Thread-17] INFO com.jsunsoft.http.BasicWebTarget - Response code from uri: [https://www.google.com/] is 200
[Thread-32] INFO com.jsunsoft.http.BasicWebTarget - Response code from uri: [https://www.google.com/] is 200
[Thread-73] INFO com.jsunsoft.http.BasicWebTarget - Response code from uri: [https://www.google.com/] is 200
[Thread-116] INFO com.jsunsoft.http.BasicWebTarget - Response code from uri: [https://www.google.com/] is 200
[Thread-58] INFO com.jsunsoft.http.BasicWebTarget - Response code from uri: [https://www.google.com/] is 200
[Thread-25] INFO com.jsunsoft.http.BasicWebTarget - Response code from uri: [https://www.google.com/] is 200
[Thread-104] INFO com.jsunsoft.http.BasicWebTarget - Response code from uri: [https://www.google.com/] is 200
[Thread-66] INFO com.jsunsoft.http.BasicWebTarget - Response code from uri: [https://www.google.com/] is 200
[Thread-35] INFO com.jsunsoft.http.BasicWebTarget - Response code from uri: [https://www.google.com/] is 200
[Thread-18] INFO com.jsunsoft.http.BasicWebTarget - Response code from uri: [https://www.google.com/] is 200
[Thread-133] INFO com.jsunsoft.http.BasicWebTarget - Response code from uri: [https://www.google.com/] is 200
[Thread-67] INFO com.jsunsoft.http.BasicWebTarget - Response code from uri: [https://www.google.com/] is 200
[Thread-122] INFO com.jsunsoft.http.BasicWebTarget - Response code from uri: [https://www.google.com/] is 200
[Thread-134] INFO com.jsunsoft.http.BasicWebTarget - Response code from uri: [https://www.google.com/] is 200
[Thread-135] INFO com.jsunsoft.http.BasicWebTarget - Response code from uri: [https://www.google.com/] is 200
[Thread-24] INFO com.jsunsoft.http.BasicWebTarget - Response code from uri: [https://www.google.com/] is 200
[Thread-36] INFO com.jsunsoft.http.BasicWebTarget - Response code from uri: [https://www.google.com/] is 200
[Thread-28] INFO com.jsunsoft.http.BasicWebTarget - Response code from uri: [https://www.google.com/] is 200
[Thread-88] INFO com.jsunsoft.http.BasicWebTarget - Response code from uri: [https://www.google.com/] is 200
[Thread-109] INFO com.jsunsoft.http.BasicWebTarget - Response code from uri: [https://www.google.com/] is 200
[Thread-140] INFO com.jsunsoft.http.BasicWebTarget - Response code from uri: [http://www.youtube.com/] is 301
[Thread-141] INFO com.jsunsoft.http.BasicWebTarget - Response code from uri: [http://www.google.com/] is 200
[Thread-139] INFO com.jsunsoft.http.BasicWebTarget - Response code from uri: [https://www.google.com/] is 200
[Thread-143] INFO com.jsunsoft.http.BasicWebTarget - Response code from uri: [http://www.youtube.com/] is 301
[Thread-142] INFO com.jsunsoft.http.BasicWebTarget - Response code from uri: [https://www.google.com/] is 200
Tests run: 4, Failures: 0, Errors: 0, Skipped: 0, Time elapsed: 3.6 sec - in com.jsunsoft.http.HttpRequestConnectionManagementLiveTest
Running com.jsunsoft.http.HttpRequestProxyTest
[main] INFO org.eclipse.jetty.server.Server - jetty-9.2.22.v20170606
[main] INFO org.eclipse.jetty.server.handler.ContextHandler - Started o.e.j.s.ServletContextHandler@56c278bf{/__admin,null,AVAILABLE}
[main] INFO org.eclipse.jetty.server.handler.ContextHandler - Started o.e.j.s.ServletContextHandler@7a5151d7{/,null,AVAILABLE}
[main] INFO org.eclipse.jetty.server.NetworkTrafficServerConnector - Started NetworkTrafficServerConnector@3f13c9a2{HTTP/1.1}{0.0.0.0:8089}
[main] INFO org.eclipse.jetty.server.Server - Started @12674ms
[main] INFO org.eclipse.jetty.server.Server - jetty-9.2.22.v20170606
[main] INFO org.eclipse.jetty.server.handler.ContextHandler - Started o.e.j.s.ServletContextHandler@50f88cea{/__admin,null,AVAILABLE}
[main] INFO org.eclipse.jetty.server.handler.ContextHandler - Started o.e.j.s.ServletContextHandler@f542e08{/,null,AVAILABLE}
[main] INFO org.eclipse.jetty.server.NetworkTrafficServerConnector - Started NetworkTrafficServerConnector@1bdf7cd4{HTTP/1.1}{0.0.0.0:8090}
[main] INFO org.eclipse.jetty.server.Server - Started @12738ms
[qtp1069609922-182] INFO / - RequestHandlerClass from context returned com.github.tomakehurst.wiremock.http.StubRequestHandler. Normalized mapped under returned 'null'
[qtp822661601-173] INFO / - RequestHandlerClass from context returned com.github.tomakehurst.wiremock.http.StubRequestHandler. Normalized mapped under returned 'null'
[main] INFO com.jsunsoft.http.BasicWebTarget - Response code from uri: [http://localhost:8089/private] is 200
[main] INFO org.eclipse.jetty.server.NetworkTrafficServerConnector - Stopped NetworkTrafficServerConnector@1bdf7cd4{HTTP/1.1}{0.0.0.0:8090}
[main] INFO org.eclipse.jetty.server.handler.ContextHandler - Stopped o.e.j.s.ServletContextHandler@f542e08{/,null,UNAVAILABLE}
[main] INFO org.eclipse.jetty.server.handler.ContextHandler - Stopped o.e.j.s.ServletContextHandler@50f88cea{/__admin,null,UNAVAILABLE}
[main] WARN org.eclipse.jetty.util.thread.QueuedThreadPool - qtp1069609922{STOPPING,8<=8<=10,i=7,q=8} Couldn't stop Thread[qtp1069609922-178,5,main]
[main] WARN org.eclipse.jetty.util.thread.QueuedThreadPool - qtp1069609922{STOPPING,8<=8<=10,i=7,q=8} Couldn't stop Thread[qtp1069609922-184,5,main]
[main] WARN org.eclipse.jetty.util.thread.QueuedThreadPool - qtp1069609922{STOPPING,8<=8<=10,i=7,q=8} Couldn't stop Thread[qtp1069609922-180,5,]
[main] WARN org.eclipse.jetty.util.thread.QueuedThreadPool - qtp1069609922{STOPPING,8<=8<=10,i=7,q=8} Couldn't stop Thread[qtp1069609922-185,5,main]
[main] WARN org.eclipse.jetty.util.thread.QueuedThreadPool - qtp1069609922{STOPPING,8<=8<=10,i=7,q=8} Couldn't stop Thread[qtp1069609922-189,5,main]
[main] WARN org.eclipse.jetty.util.thread.QueuedThreadPool - qtp1069609922{STOPPING,8<=8<=10,i=7,q=8} Couldn't stop Thread[qtp1069609922-182,5,main]
[main] WARN org.eclipse.jetty.util.thread.QueuedThreadPool - qtp1069609922{STOPPING,8<=8<=10,i=7,q=8} Couldn't stop Thread[qtp1069609922-188,5,main]
[main] WARN org.eclipse.jetty.util.thread.QueuedThreadPool - qtp1069609922{STOPPING,8<=8<=10,i=7,q=8} Couldn't stop Thread[qtp1069609922-183,5,main]
[main] INFO org.eclipse.jetty.server.NetworkTrafficServerConnector - Stopped NetworkTrafficServerConnector@3f13c9a2{HTTP/1.1}{0.0.0.0:8089}
[main] INFO org.eclipse.jetty.server.handler.ContextHandler - Stopped o.e.j.s.ServletContextHandler@7a5151d7{/,null,UNAVAILABLE}
[main] INFO org.eclipse.jetty.server.handler.ContextHandler - Stopped o.e.j.s.ServletContextHandler@56c278bf{/__admin,null,UNAVAILABLE}
[main] WARN org.eclipse.jetty.util.thread.QueuedThreadPool - qtp822661601{STOPPING,8<=8<=10,i=8,q=8} Couldn't stop Thread[qtp822661601-176,5,main]
[main] WARN org.eclipse.jetty.util.thread.QueuedThreadPool - qtp822661601{STOPPING,8<=8<=10,i=8,q=8} Couldn't stop Thread[qtp822661601-174,5,main]
[main] WARN org.eclipse.jetty.util.thread.QueuedThreadPool - qtp822661601{STOPPING,8<=8<=10,i=8,q=8} Couldn't stop Thread[qtp822661601-169,5,main]
[main] WARN org.eclipse.jetty.util.thread.QueuedThreadPool - qtp822661601{STOPPING,8<=8<=10,i=8,q=8} Couldn't stop Thread[qtp822661601-171,5,main]
[main] WARN org.eclipse.jetty.util.thread.QueuedThreadPool - qtp822661601{STOPPING,8<=8<=10,i=8,q=8} Couldn't stop Thread[qtp822661601-175,5,main]
[main] WARN org.eclipse.jetty.util.thread.QueuedThreadPool - qtp822661601{STOPPING,8<=8<=10,i=8,q=8} Couldn't stop Thread[qtp822661601-173,5,main]
[main] WARN org.eclipse.jetty.util.thread.QueuedThreadPool - qtp822661601{STOPPING,8<=8<=10,i=8,q=8} Couldn't stop Thread[qtp822661601-191,5,main]
[main] WARN org.eclipse.jetty.util.thread.QueuedThreadPool - qtp822661601{STOPPING,8<=8<=10,i=8,q=8} Couldn't stop Thread[qtp822661601-190,5,main]
[main] INFO org.eclipse.jetty.server.Server - jetty-9.2.22.v20170606
[main] INFO org.eclipse.jetty.server.handler.ContextHandler - Started o.e.j.s.ServletContextHandler@57d9b564{/__admin,null,AVAILABLE}
[main] INFO org.eclipse.jetty.server.handler.ContextHandler - Started o.e.j.s.ServletContextHandler@2149532d{/,null,AVAILABLE}
[main] INFO org.eclipse.jetty.server.NetworkTrafficServerConnector - Started NetworkTrafficServerConnector@3b21b0f5{HTTP/1.1}{0.0.0.0:8089}
[main] INFO org.eclipse.jetty.server.Server - Started @13518ms
[main] INFO org.eclipse.jetty.server.Server - jetty-9.2.22.v20170606
[main] INFO org.eclipse.jetty.server.handler.ContextHandler - Started o.e.j.s.ServletContextHandler@5a0379e2{/__admin,null,AVAILABLE}
[main] INFO org.eclipse.jetty.server.handler.ContextHandler - Started o.e.j.s.ServletContextHandler@3abe3f9a{/,null,AVAILABLE}
[main] INFO org.eclipse.jetty.server.NetworkTrafficServerConnector - Started NetworkTrafficServerConnector@7b338d46{HTTP/1.1}{0.0.0.0:8090}
[main] INFO org.eclipse.jetty.server.Server - Started @13558ms
[qtp23529486-206] INFO / - RequestHandlerClass from context returned com.github.tomakehurst.wiremock.http.StubRequestHandler. Normalized mapped under returned 'null'
[qtp972864322-197] INFO / - RequestHandlerClass from context returned com.github.tomakehurst.wiremock.http.StubRequestHandler. Normalized mapped under returned 'null'
[main] INFO com.jsunsoft.http.BasicWebTarget - Response code from uri: [http://localhost:8089/private] is 200
[main] INFO org.eclipse.jetty.server.NetworkTrafficServerConnector - Stopped NetworkTrafficServerConnector@7b338d46{HTTP/1.1}{0.0.0.0:8090}
[main] INFO org.eclipse.jetty.server.handler.ContextHandler - Stopped o.e.j.s.ServletContextHandler@3abe3f9a{/,null,UNAVAILABLE}
[main] INFO org.eclipse.jetty.server.handler.ContextHandler - Stopped o.e.j.s.ServletContextHandler@5a0379e2{/__admin,null,UNAVAILABLE}
[main] INFO org.eclipse.jetty.server.NetworkTrafficServerConnector - Stopped NetworkTrafficServerConnector@3b21b0f5{HTTP/1.1}{0.0.0.0:8089}
[main] INFO org.eclipse.jetty.server.handler.ContextHandler - Stopped o.e.j.s.ServletContextHandler@2149532d{/,null,UNAVAILABLE}
[main] INFO org.eclipse.jetty.server.handler.ContextHandler - Stopped o.e.j.s.ServletContextHandler@57d9b564{/__admin,null,UNAVAILABLE}
[main] WARN org.eclipse.jetty.util.thread.QueuedThreadPool - qtp972864322{STOPPING,8<=8<=10,i=5,q=8} Couldn't stop Thread[qtp972864322-199,5,main]
[main] WARN org.eclipse.jetty.util.thread.QueuedThreadPool - qtp972864322{STOPPING,8<=8<=10,i=5,q=8} Couldn't stop Thread[qtp972864322-214,5,main]
[main] WARN org.eclipse.jetty.util.thread.QueuedThreadPool - qtp972864322{STOPPING,8<=8<=10,i=5,q=8} Couldn't stop Thread[qtp972864322-196,5,main]
[main] WARN org.eclipse.jetty.util.thread.QueuedThreadPool - qtp972864322{STOPPING,8<=8<=10,i=5,q=8} Couldn't stop Thread[qtp972864322-215,5,main]
[main] WARN org.eclipse.jetty.util.thread.QueuedThreadPool - qtp972864322{STOPPING,8<=8<=10,i=5,q=8} Couldn't stop Thread[qtp972864322-197,5,main]
[main] WARN org.eclipse.jetty.util.thread.QueuedThreadPool - qtp972864322{STOPPING,8<=8<=10,i=5,q=8} Couldn't stop Thread[qtp972864322-200-selector-ServerConnectorManager@64352fc1/1,5,main]
Tests run: 2, Failures: 0, Errors: 0, Skipped: 0, Time elapsed: 1.329 sec - in com.jsunsoft.http.HttpRequestProxyTest
Running com.jsunsoft.http.HttpRetryableRequestTest
[main] INFO org.eclipse.jetty.server.Server - jetty-9.2.22.v20170606
[main] INFO org.eclipse.jetty.server.handler.ContextHandler - Started o.e.j.s.ServletContextHandler@16b35f2f{/__admin,null,AVAILABLE}
[main] INFO org.eclipse.jetty.server.handler.ContextHandler - Started o.e.j.s.ServletContextHandler@a355b{/,null,AVAILABLE}
[main] INFO org.eclipse.jetty.server.NetworkTrafficServerConnector - Started NetworkTrafficServerConnector@c4c4852{HTTP/1.1}{0.0.0.0:8080}
[main] INFO org.eclipse.jetty.server.Server - Started @13999ms
[qtp1523092849-221] INFO / - RequestHandlerClass from context returned com.github.tomakehurst.wiremock.http.StubRequestHandler. Normalized mapped under returned 'null'
[main] INFO com.jsunsoft.http.BasicWebTarget - Response code from uri: [http://localhost:8080/header] is 200
[main] INFO org.eclipse.jetty.server.NetworkTrafficServerConnector - Stopped NetworkTrafficServerConnector@c4c4852{HTTP/1.1}{0.0.0.0:8080}
[main] INFO org.eclipse.jetty.server.handler.ContextHandler - Stopped o.e.j.s.ServletContextHandler@a355b{/,null,UNAVAILABLE}
[main] INFO org.eclipse.jetty.server.handler.ContextHandler - Stopped o.e.j.s.ServletContextHandler@16b35f2f{/__admin,null,UNAVAILABLE}
[main] WARN org.eclipse.jetty.util.thread.QueuedThreadPool - qtp1523092849{STOPPING,8<=8<=10,i=7,q=8} Couldn't stop Thread[qtp1523092849-217,5,main]
[main] WARN org.eclipse.jetty.util.thread.QueuedThreadPool - qtp1523092849{STOPPING,8<=8<=10,i=4,q=7} Couldn't stop Thread[qtp1523092849-223,5,main]
[main] WARN org.eclipse.jetty.util.thread.QueuedThreadPool - qtp1523092849{STOPPING,8<=8<=10,i=4,q=7} Couldn't stop Thread[qtp1523092849-224,5,]
[main] WARN org.eclipse.jetty.util.thread.QueuedThreadPool - qtp1523092849{STOPPING,8<=8<=10,i=4,q=7} Couldn't stop Thread[qtp1523092849-226,5,main]
[main] WARN org.eclipse.jetty.util.thread.QueuedThreadPool - qtp1523092849{STOPPING,8<=8<=10,i=4,q=7} Couldn't stop Thread[qtp1523092849-227,5,main]
[main] INFO org.eclipse.jetty.server.Server - jetty-9.2.22.v20170606
[main] INFO org.eclipse.jetty.server.handler.ContextHandler - Started o.e.j.s.ServletContextHandler@40085ab3{/__admin,null,AVAILABLE}
[main] INFO org.eclipse.jetty.server.handler.ContextHandler - Started o.e.j.s.ServletContextHandler@214faadd{/,null,AVAILABLE}
[main] INFO org.eclipse.jetty.server.NetworkTrafficServerConnector - Started NetworkTrafficServerConnector@2390a185{HTTP/1.1}{0.0.0.0:8080}
[main] INFO org.eclipse.jetty.server.Server - Started @14229ms
[qtp1573560280-233] INFO / - RequestHandlerClass from context returned com.github.tomakehurst.wiremock.http.StubRequestHandler. Normalized mapped under returned 'null'
[main] INFO com.jsunsoft.http.BasicWebTarget - Response code from uri: [http://localhost:8080/header] is 400
[main] WARN com.jsunsoft.http.BasicWebTarget - Unexpected Response. Url: [http://localhost:8080/header] Status code: 400, Error message: 
[main] INFO org.eclipse.jetty.server.NetworkTrafficServerConnector - Stopped NetworkTrafficServerConnector@2390a185{HTTP/1.1}{0.0.0.0:8080}
[main] INFO org.eclipse.jetty.server.handler.ContextHandler - Stopped o.e.j.s.ServletContextHandler@214faadd{/,null,UNAVAILABLE}
[main] INFO org.eclipse.jetty.server.handler.ContextHandler - Stopped o.e.j.s.ServletContextHandler@40085ab3{/__admin,null,UNAVAILABLE}
[main] WARN org.eclipse.jetty.util.thread.QueuedThreadPool - qtp1573560280{STOPPING,8<=8<=10,i=8,q=7} Couldn't stop Thread[qtp1573560280-234,5,]
[main] WARN org.eclipse.jetty.util.thread.QueuedThreadPool - qtp1573560280{STOPPING,8<=8<=10,i=5,q=7} Couldn't stop Thread[qtp1573560280-235,5,]
[main] WARN org.eclipse.jetty.util.thread.QueuedThreadPool - qtp1573560280{STOPPING,8<=8<=10,i=2,q=7} Couldn't stop Thread[qtp1573560280-236,5,]
[main] WARN org.eclipse.jetty.util.thread.QueuedThreadPool - qtp1573560280{STOPPING,8<=8<=10,i=2,q=7} Couldn't stop Thread[qtp1573560280-229,5,main]
[main] WARN org.eclipse.jetty.util.thread.QueuedThreadPool - qtp1573560280{STOPPING,8<=8<=10,i=2,q=7} Couldn't stop Thread[qtp1573560280-239,5,main]
Tests run: 2, Failures: 0, Errors: 0, Skipped: 0, Time elapsed: 0.396 sec - in com.jsunsoft.http.HttpRetryableRequestTest
Running com.jsunsoft.http.HttpRequestSimpleTest
[main] INFO org.eclipse.jetty.server.Server - jetty-9.2.22.v20170606
[main] INFO org.eclipse.jetty.server.handler.ContextHandler - Started o.e.j.s.ServletContextHandler@1353f515{/__admin,null,AVAILABLE}
[main] INFO org.eclipse.jetty.server.handler.ContextHandler - Started o.e.j.s.ServletContextHandler@6ad11552{/,null,AVAILABLE}
[main] INFO org.eclipse.jetty.server.NetworkTrafficServerConnector - Started NetworkTrafficServerConnector@6626ae40{HTTP/1.1}{0.0.0.0:8080}
[main] INFO org.eclipse.jetty.server.Server - Started @14430ms
[qtp2045150891-245] INFO / - RequestHandlerClass from context returned com.github.tomakehurst.wiremock.http.StubRequestHandler. Normalized mapped under returned 'null'
[main] INFO com.jsunsoft.http.BasicWebTarget - Response code from uri: [http://localhost:8080/xml] is 200
[main] INFO com.jsunsoft.http.BasicWebTarget - Response code from uri: [http://localhost:8080/xml] is 200
[main] INFO org.eclipse.jetty.server.NetworkTrafficServerConnector - Stopped NetworkTrafficServerConnector@6626ae40{HTTP/1.1}{0.0.0.0:8080}
[main] INFO org.eclipse.jetty.server.handler.ContextHandler - Stopped o.e.j.s.ServletContextHandler@6ad11552{/,null,UNAVAILABLE}
[main] INFO org.eclipse.jetty.server.handler.ContextHandler - Stopped o.e.j.s.ServletContextHandler@1353f515{/__admin,null,UNAVAILABLE}
[main] WARN org.eclipse.jetty.util.thread.QueuedThreadPool - qtp2045150891{STOPPING,8<=8<=10,i=7,q=6} Couldn't stop Thread[qtp2045150891-250,5,]
[main] WARN org.eclipse.jetty.util.thread.QueuedThreadPool - qtp2045150891{STOPPING,8<=8<=10,i=0,q=3} Couldn't stop Thread[qtp2045150891-241,5,]
[main] INFO org.eclipse.jetty.server.Server - jetty-9.2.22.v20170606
[main] INFO org.eclipse.jetty.server.handler.ContextHandler - Started o.e.j.s.ServletContextHandler@17e99817{/__admin,null,AVAILABLE}
[main] INFO org.eclipse.jetty.server.handler.ContextHandler - Started o.e.j.s.ServletContextHandler@3abc4498{/,null,AVAILABLE}
[main] INFO org.eclipse.jetty.server.NetworkTrafficServerConnector - Started NetworkTrafficServerConnector@61ce4af8{HTTP/1.1}{0.0.0.0:8080}
[main] INFO org.eclipse.jetty.server.Server - Started @14739ms
[qtp960346618-257] INFO / - RequestHandlerClass from context returned com.github.tomakehurst.wiremock.http.StubRequestHandler. Normalized mapped under returned 'null'
[main] INFO com.jsunsoft.http.BasicWebTarget - Response code from uri: [http://localhost:8080/userAgent] is 200
[main] INFO org.eclipse.jetty.server.NetworkTrafficServerConnector - Stopped NetworkTrafficServerConnector@61ce4af8{HTTP/1.1}{0.0.0.0:8080}
[main] INFO org.eclipse.jetty.server.handler.ContextHandler - Stopped o.e.j.s.ServletContextHandler@3abc4498{/,null,UNAVAILABLE}
[main] INFO org.eclipse.jetty.server.handler.ContextHandler - Stopped o.e.j.s.ServletContextHandler@17e99817{/__admin,null,UNAVAILABLE}
[main] WARN org.eclipse.jetty.util.thread.QueuedThreadPool - qtp960346618{STOPPING,8<=8<=10,i=7,q=8} Couldn't stop Thread[qtp960346618-262,5,main]
[main] WARN org.eclipse.jetty.util.thread.QueuedThreadPool - qtp960346618{STOPPING,8<=8<=10,i=7,q=8} Couldn't stop Thread[qtp960346618-260,5,main]
[main] WARN org.eclipse.jetty.util.thread.QueuedThreadPool - qtp960346618{STOPPING,8<=8<=10,i=7,q=8} Couldn't stop Thread[qtp960346618-258,5,main]
[main] WARN org.eclipse.jetty.util.thread.QueuedThreadPool - qtp960346618{STOPPING,8<=8<=10,i=7,q=8} Couldn't stop Thread[qtp960346618-257,5,main]
[main] WARN org.eclipse.jetty.util.thread.QueuedThreadPool - qtp960346618{STOPPING,8<=8<=10,i=7,q=8} Couldn't stop Thread[qtp960346618-259,5,main]
[main] WARN org.eclipse.jetty.util.thread.QueuedThreadPool - qtp960346618{STOPPING,8<=8<=10,i=7,q=8} Couldn't stop Thread[qtp960346618-263,5,main]
[main] WARN org.eclipse.jetty.util.thread.QueuedThreadPool - qtp960346618{STOPPING,8<=8<=10,i=7,q=8} Couldn't stop Thread[qtp960346618-253,5,main]
[main] WARN org.eclipse.jetty.util.thread.QueuedThreadPool - qtp960346618{STOPPING,8<=8<=10,i=7,q=8} Couldn't stop Thread[qtp960346618-254-selector-ServerConnectorManager@69944070/1,5,main]
Tests run: 2, Failures: 0, Errors: 0, Skipped: 0, Time elapsed: 0.457 sec - in com.jsunsoft.http.HttpRequestSimpleTest
Running com.jsunsoft.http.ResponseContextTest
Tests run: 1, Failures: 0, Errors: 0, Skipped: 0, Time elapsed: 0 sec - in com.jsunsoft.http.ResponseContextTest
Running com.jsunsoft.http.ResponseBodyReaderTest
Tests run: 1, Failures: 0, Errors: 0, Skipped: 0, Time elapsed: 0.079 sec - in com.jsunsoft.http.ResponseBodyReaderTest
Running com.jsunsoft.http.HttpRequestBasicTest
[main] INFO com.jsunsoft.http.BasicWebTarget - Response code from uri: [https://en.wikipedia.org/wiki/List_of_least_concern_birds] is 200
Tests run: 2, Failures: 0, Errors: 0, Skipped: 0, Time elapsed: 1.04 sec - in com.jsunsoft.http.HttpRequestBasicTest
Running com.jsunsoft.http.HttpRequestSSLTest
[main] INFO com.jsunsoft.http.BasicWebTarget - Response code from uri: [https://mms.nw.ru/] is 200
Tests run: 1, Failures: 0, Errors: 0, Skipped: 0, Time elapsed: 0.264 sec - in com.jsunsoft.http.HttpRequestSSLTest

Results :

Tests run: 20, Failures: 0, Errors: 0, Skipped: 0

[INFO] 
[INFO] --- jacoco-maven-plugin:0.8.5:report (report) @ http-request ---
[INFO] Loading execution data file /tmp/tmpyli4x8ia/http-request/target/jacoco.exec
[INFO] Analyzed bundle 'http-request' with 346 classes
[INFO] ------------------------------------------------------------------------
[INFO] BUILD SUCCESS
[INFO] ------------------------------------------------------------------------
[INFO] Total time:  43.136 s
[INFO] Finished at: 2020-07-30T21:28:08Z
[INFO] ------------------------------------------------------------------------
