[INFO] Error stacktraces are turned on.
[INFO] Scanning for projects...
[INFO] 
[INFO] -------------------< mx.grupocorasa.cfdi:cfdi-base >--------------------
[INFO] Building cfdi-base 3.3.2
[INFO] --------------------------------[ jar ]---------------------------------
[INFO] 
[INFO] --- maven-enforcer-plugin:1.2:enforce (enforce-maven) @ cfdi-base ---
[INFO] 
[INFO] --- maven-resources-plugin:2.6:copy-resources (copy-resources) @ cfdi-base ---
[INFO] Using 'UTF-8' encoding to copy filtered resources.
[INFO] Copying 6 resources
[INFO] 
[INFO] --- jacoco-maven-plugin:0.8.5:prepare-agent (default) @ cfdi-base ---
[INFO] argLine set to -javaagent:/home/jdbl/.m2/repository/org/jacoco/org.jacoco.agent/0.8.5/org.jacoco.agent-0.8.5-runtime.jar=destfile=/tmp/tmpqji53stn/factura-electronica/target/jacoco.exec
[INFO] 
[INFO] --- jaxb2-maven-plugin:1.3.1:xjc (schema1-xjc) @ cfdi-base ---
[INFO] Generating source...
[INFO] parsing a schema...
[INFO] compiling a schema...
[INFO] mx/bigdata/sat/cfd/schema/Adapter1.java
[INFO] mx/bigdata/sat/cfd/schema/Comprobante.java
[INFO] mx/bigdata/sat/cfd/schema/ObjectFactory.java
[INFO] mx/bigdata/sat/cfd/schema/TInformacionAduanera.java
[INFO] mx/bigdata/sat/cfd/schema/TUbicacion.java
[INFO] mx/bigdata/sat/cfd/schema/TUbicacionFiscal.java
[INFO] mx/bigdata/sat/cfd/schema/package-info.java
[INFO] 
[INFO] --- jaxb2-maven-plugin:1.3.1:xjc (schema2-xjc) @ cfdi-base ---
[INFO] Generating source...
[INFO] parsing a schema...
[INFO] compiling a schema...
[INFO] mx/bigdata/sat/cfdi/schema/Adapter1.java
[INFO] mx/bigdata/sat/cfdi/schema/Comprobante.java
[INFO] mx/bigdata/sat/cfdi/schema/ObjectFactory.java
[INFO] mx/bigdata/sat/cfdi/schema/TInformacionAduanera.java
[INFO] mx/bigdata/sat/cfdi/schema/TUbicacion.java
[INFO] mx/bigdata/sat/cfdi/schema/TUbicacionFiscal.java
[INFO] mx/bigdata/sat/cfdi/schema/TimbreFiscalDigital.java
[INFO] mx/bigdata/sat/cfdi/schema/package-info.java
[INFO] 
[INFO] --- jaxb2-maven-plugin:1.3.1:xjc (schema3-xjc) @ cfdi-base ---
[INFO] Generating source...
[INFO] parsing a schema...
[INFO] compiling a schema...
[INFO] mx/bigdata/sat/cfd/v22/schema/Adapter1.java
[INFO] mx/bigdata/sat/cfd/v22/schema/Comprobante.java
[INFO] mx/bigdata/sat/cfd/v22/schema/ObjectFactory.java
[INFO] mx/bigdata/sat/cfd/v22/schema/TInformacionAduanera.java
[INFO] mx/bigdata/sat/cfd/v22/schema/TUbicacion.java
[INFO] mx/bigdata/sat/cfd/v22/schema/TUbicacionFiscal.java
[INFO] mx/bigdata/sat/cfd/v22/schema/package-info.java
[INFO] 
[INFO] --- jaxb2-maven-plugin:1.3.1:xjc (schema4-xjc) @ cfdi-base ---
[INFO] Generating source...
[INFO] parsing a schema...
[INFO] compiling a schema...
[INFO] mx/bigdata/sat/cfdi/v32/schema/Comprobante.java
[INFO] mx/bigdata/sat/cfdi/v32/schema/ObjectFactory.java
[INFO] mx/bigdata/sat/cfdi/v32/schema/TInformacionAduanera.java
[INFO] mx/bigdata/sat/cfdi/v32/schema/TUbicacion.java
[INFO] mx/bigdata/sat/cfdi/v32/schema/TUbicacionFiscal.java
[INFO] mx/bigdata/sat/cfdi/v32/schema/TimbreFiscalDigital.java
[INFO] mx/bigdata/sat/cfdi/v32/schema/package-info.java
[INFO] 
[INFO] --- jaxb2-maven-plugin:1.3.1:xjc (schema5-xjc) @ cfdi-base ---
[INFO] Generating source...
[INFO] parsing a schema...
[INFO] compiling a schema...
[INFO] mx/bigdata/sat/cfdi/v33/schema/CEstado.java
[INFO] mx/bigdata/sat/cfdi/v33/schema/CMetodoPago.java
[INFO] mx/bigdata/sat/cfdi/v33/schema/CMoneda.java
[INFO] mx/bigdata/sat/cfdi/v33/schema/CPais.java
[INFO] mx/bigdata/sat/cfdi/v33/schema/CTipoDeComprobante.java
[INFO] mx/bigdata/sat/cfdi/v33/schema/CTipoFactor.java
[INFO] mx/bigdata/sat/cfdi/v33/schema/CUsoCFDI.java
[INFO] mx/bigdata/sat/cfdi/v33/schema/Comprobante.java
[INFO] mx/bigdata/sat/cfdi/v33/schema/ObjectFactory.java
[INFO] mx/bigdata/sat/cfdi/v33/schema/TimbreFiscalDigital.java
[INFO] mx/bigdata/sat/cfdi/v33/schema/package-info.java
[INFO] 
[INFO] --- jaxb2-maven-plugin:1.3.1:xjc (schema6-xjc) @ cfdi-base ---
[INFO] Generating source...
[INFO] parsing a schema...
[INFO] compiling a schema...
[INFO] mx/bigdata/sat/common/ecc/schema/EstadoDeCuentaCombustible.java
[INFO] mx/bigdata/sat/common/ecc/schema/ObjectFactory.java
[INFO] mx/bigdata/sat/common/ecc/schema/package-info.java
[INFO] 
[INFO] --- jaxb2-maven-plugin:1.3.1:xjc (schema6-11-xjc) @ cfdi-base ---
[INFO] Generating source...
[INFO] parsing a schema...
[INFO] compiling a schema...
[INFO] mx/bigdata/sat/common/ecc/v11/schema/EstadoDeCuentaCombustible.java
[INFO] mx/bigdata/sat/common/ecc/v11/schema/ObjectFactory.java
[INFO] mx/bigdata/sat/common/ecc/v11/schema/package-info.java
[INFO] 
[INFO] --- jaxb2-maven-plugin:1.3.1:xjc (schema7-xjc) @ cfdi-base ---
[INFO] Generating source...
[INFO] parsing a schema...
[INFO] compiling a schema...
[INFO] mx/bigdata/sat/common/donat/schema/Donatarias.java
[INFO] mx/bigdata/sat/common/donat/schema/ObjectFactory.java
[INFO] mx/bigdata/sat/common/donat/schema/package-info.java
[INFO] 
[INFO] --- jaxb2-maven-plugin:1.3.1:xjc (schema7-11-xjc) @ cfdi-base ---
[INFO] Generating source...
[INFO] parsing a schema...
[INFO] compiling a schema...
[INFO] mx/bigdata/sat/common/donat/v11/schema/Donatarias.java
[INFO] mx/bigdata/sat/common/donat/v11/schema/ObjectFactory.java
[INFO] mx/bigdata/sat/common/donat/v11/schema/package-info.java
[INFO] 
[INFO] --- jaxb2-maven-plugin:1.3.1:xjc (schema8-xjc) @ cfdi-base ---
[INFO] Generating source...
[INFO] parsing a schema...
[INFO] compiling a schema...
[INFO] mx/bigdata/sat/common/divisas/schema/Divisas.java
[INFO] mx/bigdata/sat/common/divisas/schema/ObjectFactory.java
[INFO] mx/bigdata/sat/common/divisas/schema/package-info.java
[INFO] 
[INFO] --- jaxb2-maven-plugin:1.3.1:xjc (schema9-xjc) @ cfdi-base ---
[INFO] Generating source...
[INFO] parsing a schema...
[INFO] compiling a schema...
[INFO] mx/bigdata/sat/common/implocal/schema/ImpuestosLocales.java
[INFO] mx/bigdata/sat/common/implocal/schema/ObjectFactory.java
[INFO] mx/bigdata/sat/common/implocal/schema/package-info.java
[INFO] 
[INFO] --- jaxb2-maven-plugin:1.3.1:xjc (schema10-xjc) @ cfdi-base ---
[INFO] Generating source...
[INFO] parsing a schema...
[INFO] compiling a schema...
[INFO] mx/bigdata/sat/common/leyendasfisc/schema/LeyendasFiscales.java
[INFO] mx/bigdata/sat/common/leyendasfisc/schema/ObjectFactory.java
[INFO] mx/bigdata/sat/common/leyendasfisc/schema/package-info.java
[INFO] 
[INFO] --- jaxb2-maven-plugin:1.3.1:xjc (schema11-xjc) @ cfdi-base ---
[INFO] Generating source...
[INFO] parsing a schema...
[INFO] compiling a schema...
[INFO] mx/bigdata/sat/common/pfic/schema/ObjectFactory.java
[INFO] mx/bigdata/sat/common/pfic/schema/PFintegranteCoordinado.java
[INFO] mx/bigdata/sat/common/pfic/schema/package-info.java
[INFO] 
[INFO] --- jaxb2-maven-plugin:1.3.1:xjc (schema12-xjc) @ cfdi-base ---
[INFO] Generating source...
[INFO] parsing a schema...
[INFO] compiling a schema...
[INFO] mx/bigdata/sat/common/turistapasajeroextranjero/schema/ObjectFactory.java
[INFO] mx/bigdata/sat/common/turistapasajeroextranjero/schema/TuristaPasajeroExtranjero.java
[INFO] mx/bigdata/sat/common/turistapasajeroextranjero/schema/package-info.java
[INFO] 
[INFO] --- jaxb2-maven-plugin:1.3.1:xjc (schema13-xjc) @ cfdi-base ---
[INFO] Generating source...
[INFO] parsing a schema...
[INFO] compiling a schema...
[INFO] mx/bigdata/sat/common/spei/schema/ComplementoSPEI.java
[INFO] mx/bigdata/sat/common/spei/schema/ObjectFactory.java
[INFO] mx/bigdata/sat/common/spei/schema/package-info.java
[INFO] 
[INFO] --- jaxb2-maven-plugin:1.3.1:xjc (schema14-xjc) @ cfdi-base ---
[INFO] Generating source...
[INFO] parsing a schema...
[INFO] compiling a schema...
[INFO] mx/bigdata/sat/common/detallista/schema/Detallista.java
[INFO] mx/bigdata/sat/common/detallista/schema/ObjectFactory.java
[INFO] mx/bigdata/sat/common/detallista/schema/package-info.java
[INFO] 
[INFO] --- jaxb2-maven-plugin:1.3.1:xjc (schema15-xjc) @ cfdi-base ---
[INFO] Generating source...
[INFO] parsing a schema...
[INFO] compiling a schema...
[INFO] mx/bigdata/sat/common/cfdiregistrofiscal/schema/CFDIRegistroFiscal.java
[INFO] mx/bigdata/sat/common/cfdiregistrofiscal/schema/ObjectFactory.java
[INFO] mx/bigdata/sat/common/cfdiregistrofiscal/schema/package-info.java
[INFO] 
[INFO] --- jaxb2-maven-plugin:1.3.1:xjc (schema16-xjc) @ cfdi-base ---
[INFO] Generating source...
[INFO] parsing a schema...
[INFO] compiling a schema...
[INFO] mx/bigdata/sat/common/nomina/schema/Nomina.java
[INFO] mx/bigdata/sat/common/nomina/schema/ObjectFactory.java
[INFO] mx/bigdata/sat/common/nomina/schema/package-info.java
[INFO] 
[INFO] --- jaxb2-maven-plugin:1.3.1:xjc (schema16-12-xjc) @ cfdi-base ---
[INFO] Generating source...
[INFO] parsing a schema...
[INFO] compiling a schema...
[INFO] mx/bigdata/sat/common/nomina/v12/schema/CEstado.java
[INFO] mx/bigdata/sat/common/nomina/v12/schema/CMetodoPago.java
[INFO] mx/bigdata/sat/common/nomina/v12/schema/CMoneda.java
[INFO] mx/bigdata/sat/common/nomina/v12/schema/COrigenRecurso.java
[INFO] mx/bigdata/sat/common/nomina/v12/schema/CPais.java
[INFO] mx/bigdata/sat/common/nomina/v12/schema/CTipoDeComprobante.java
[INFO] mx/bigdata/sat/common/nomina/v12/schema/CTipoFactor.java
[INFO] mx/bigdata/sat/common/nomina/v12/schema/CTipoNomina.java
[INFO] mx/bigdata/sat/common/nomina/v12/schema/CUsoCFDI.java
[INFO] mx/bigdata/sat/common/nomina/v12/schema/Nomina.java
[INFO] mx/bigdata/sat/common/nomina/v12/schema/ObjectFactory.java
[INFO] mx/bigdata/sat/common/nomina/v12/schema/package-info.java
[INFO] 
[INFO] --- jaxb2-maven-plugin:1.3.1:xjc (schema17-xjc) @ cfdi-base ---
[INFO] Generating source...
[INFO] parsing a schema...
[INFO] compiling a schema...
[INFO] mx/bigdata/sat/common/pagoenespecie/schema/ObjectFactory.java
[INFO] mx/bigdata/sat/common/pagoenespecie/schema/PagoEnEspecie.java
[INFO] mx/bigdata/sat/common/pagoenespecie/schema/package-info.java
[INFO] 
[INFO] --- jaxb2-maven-plugin:1.3.1:xjc (schema18-xjc) @ cfdi-base ---
[INFO] Generating source...
[INFO] parsing a schema...
[INFO] compiling a schema...
[INFO] mx/bigdata/sat/common/valesdedespensa/schema/ObjectFactory.java
[INFO] mx/bigdata/sat/common/valesdedespensa/schema/ValesDeDespensa.java
[INFO] mx/bigdata/sat/common/valesdedespensa/schema/package-info.java
[INFO] 
[INFO] --- jaxb2-maven-plugin:1.3.1:xjc (schema19-xjc) @ cfdi-base ---
[INFO] Generating source...
[INFO] parsing a schema...
[INFO] compiling a schema...
[INFO] mx/bigdata/sat/common/consumodecombustibles/schema/ConsumoDeCombustibles.java
[INFO] mx/bigdata/sat/common/consumodecombustibles/schema/ObjectFactory.java
[INFO] mx/bigdata/sat/common/consumodecombustibles/schema/package-info.java
[INFO] 
[INFO] --- jaxb2-maven-plugin:1.3.1:xjc (schema20-xjc) @ cfdi-base ---
[INFO] Generating source...
[INFO] parsing a schema...
[INFO] compiling a schema...
[INFO] mx/bigdata/sat/common/aerolineas/schema/Aerolineas.java
[INFO] mx/bigdata/sat/common/aerolineas/schema/ObjectFactory.java
[INFO] mx/bigdata/sat/common/aerolineas/schema/package-info.java
[INFO] 
[INFO] --- jaxb2-maven-plugin:1.3.1:xjc (schema21-xjc) @ cfdi-base ---
[INFO] Generating source...
[INFO] parsing a schema...
[INFO] compiling a schema...
[INFO] mx/bigdata/sat/common/notariospublicos/schema/NotariosPublicos.java
[INFO] mx/bigdata/sat/common/notariospublicos/schema/ObjectFactory.java
[INFO] mx/bigdata/sat/common/notariospublicos/schema/package-info.java
[INFO] 
[INFO] --- jaxb2-maven-plugin:1.3.1:xjc (schema22-xjc) @ cfdi-base ---
[INFO] Generating source...
[INFO] parsing a schema...
[INFO] compiling a schema...
[INFO] mx/bigdata/sat/common/vehiculousado/schema/ObjectFactory.java
[INFO] mx/bigdata/sat/common/vehiculousado/schema/TInformacionAduanera.java
[INFO] mx/bigdata/sat/common/vehiculousado/schema/VehiculoUsado.java
[INFO] mx/bigdata/sat/common/vehiculousado/schema/package-info.java
[INFO] 
[INFO] --- jaxb2-maven-plugin:1.3.1:xjc (schema23-xjc) @ cfdi-base ---
[INFO] Generating source...
[INFO] parsing a schema...
[INFO] compiling a schema...
[INFO] mx/bigdata/sat/common/servicioparcialconstruccion/schema/ObjectFactory.java
[INFO] mx/bigdata/sat/common/servicioparcialconstruccion/schema/Parcialesconstruccion.java
[INFO] mx/bigdata/sat/common/servicioparcialconstruccion/schema/package-info.java
[INFO] 
[INFO] --- jaxb2-maven-plugin:1.3.1:xjc (schema24-xjc) @ cfdi-base ---
[INFO] Generating source...
[INFO] parsing a schema...
[INFO] compiling a schema...
[INFO] mx/bigdata/sat/common/renovacionysustitucionvehiculos/schema/ObjectFactory.java
[INFO] mx/bigdata/sat/common/renovacionysustitucionvehiculos/schema/Renovacionysustitucionvehiculos.java
[INFO] mx/bigdata/sat/common/renovacionysustitucionvehiculos/schema/package-info.java
[INFO] 
[INFO] --- jaxb2-maven-plugin:1.3.1:xjc (schema25-xjc) @ cfdi-base ---
[INFO] Generating source...
[INFO] parsing a schema...
[INFO] compiling a schema...
[INFO] mx/bigdata/sat/common/certificadodedestruccion/schema/CTipoSerie.java
[INFO] mx/bigdata/sat/common/certificadodedestruccion/schema/Certificadodedestruccion.java
[INFO] mx/bigdata/sat/common/certificadodedestruccion/schema/ObjectFactory.java
[INFO] mx/bigdata/sat/common/certificadodedestruccion/schema/package-info.java
[INFO] 
[INFO] --- jaxb2-maven-plugin:1.3.1:xjc (schema26-xjc) @ cfdi-base ---
[INFO] Generating source...
[INFO] parsing a schema...
[INFO] compiling a schema...
[INFO] mx/bigdata/sat/common/obrasarteantiguedades/schema/ObjectFactory.java
[INFO] mx/bigdata/sat/common/obrasarteantiguedades/schema/Obrasarteantiguedades.java
[INFO] mx/bigdata/sat/common/obrasarteantiguedades/schema/package-info.java
[INFO] 
[INFO] --- jaxb2-maven-plugin:1.3.1:xjc (schema27-xjc) @ cfdi-base ---
[INFO] Generating source...
[INFO] parsing a schema...
[INFO] compiling a schema...
[INFO] mx/bigdata/sat/common/ine/schema/INE.java
[INFO] mx/bigdata/sat/common/ine/schema/ObjectFactory.java
[INFO] mx/bigdata/sat/common/ine/schema/TAmbito.java
[INFO] mx/bigdata/sat/common/ine/schema/TClaveEntidad.java
[INFO] mx/bigdata/sat/common/ine/schema/TTipoComite.java
[INFO] mx/bigdata/sat/common/ine/schema/TTipoProc.java
[INFO] mx/bigdata/sat/common/ine/schema/package-info.java
[INFO] 
[INFO] --- jaxb2-maven-plugin:1.3.1:xjc (schema27-11-xjc) @ cfdi-base ---
[INFO] Generating source...
[INFO] parsing a schema...
[INFO] compiling a schema...
[INFO] mx/bigdata/sat/common/ine/v11/schema/INE.java
[INFO] mx/bigdata/sat/common/ine/v11/schema/ObjectFactory.java
[INFO] mx/bigdata/sat/common/ine/v11/schema/TAmbito.java
[INFO] mx/bigdata/sat/common/ine/v11/schema/TClaveEntidad.java
[INFO] mx/bigdata/sat/common/ine/v11/schema/TTipoComite.java
[INFO] mx/bigdata/sat/common/ine/v11/schema/TTipoProc.java
[INFO] mx/bigdata/sat/common/ine/v11/schema/package-info.java
[INFO] 
[INFO] --- jaxb2-maven-plugin:1.3.1:xjc (schema28-xjc) @ cfdi-base ---
[INFO] Generating source...
[INFO] parsing a schema...
[INFO] compiling a schema...
[INFO] mx/bigdata/sat/common/comercioexterior/schema/CClavePedimento.java
[INFO] mx/bigdata/sat/common/comercioexterior/schema/CINCOTERM.java
[INFO] mx/bigdata/sat/common/comercioexterior/schema/CPais.java
[INFO] mx/bigdata/sat/common/comercioexterior/schema/ComercioExterior.java
[INFO] mx/bigdata/sat/common/comercioexterior/schema/ObjectFactory.java
[INFO] mx/bigdata/sat/common/comercioexterior/schema/package-info.java
[INFO] 
[INFO] --- jaxb2-maven-plugin:1.3.1:xjc (schema28-11-xjc) @ cfdi-base ---
[INFO] Generating source...
[INFO] parsing a schema...
[INFO] compiling a schema...
[INFO] mx/bigdata/sat/common/comercioexterior/v11/schema/CClavePedimento.java
[INFO] mx/bigdata/sat/common/comercioexterior/v11/schema/CEstado.java
[INFO] mx/bigdata/sat/common/comercioexterior/v11/schema/CINCOTERM.java
[INFO] mx/bigdata/sat/common/comercioexterior/v11/schema/CMetodoPago.java
[INFO] mx/bigdata/sat/common/comercioexterior/v11/schema/CMoneda.java
[INFO] mx/bigdata/sat/common/comercioexterior/v11/schema/CPais.java
[INFO] mx/bigdata/sat/common/comercioexterior/v11/schema/CTipoDeComprobante.java
[INFO] mx/bigdata/sat/common/comercioexterior/v11/schema/CTipoFactor.java
[INFO] mx/bigdata/sat/common/comercioexterior/v11/schema/CUsoCFDI.java
[INFO] mx/bigdata/sat/common/comercioexterior/v11/schema/ComercioExterior.java
[INFO] mx/bigdata/sat/common/comercioexterior/v11/schema/ObjectFactory.java
[INFO] mx/bigdata/sat/common/comercioexterior/v11/schema/package-info.java
[INFO] 
[INFO] --- jaxb2-maven-plugin:1.3.1:xjc (schema29-xjc) @ cfdi-base ---
[INFO] Generating source...
[INFO] parsing a schema...
[INFO] compiling a schema...
[INFO] mx/bigdata/sat/common/pagos/schema/CEstado.java
[INFO] mx/bigdata/sat/common/pagos/schema/CMetodoPago.java
[INFO] mx/bigdata/sat/common/pagos/schema/CMoneda.java
[INFO] mx/bigdata/sat/common/pagos/schema/CPais.java
[INFO] mx/bigdata/sat/common/pagos/schema/CTipoDeComprobante.java
[INFO] mx/bigdata/sat/common/pagos/schema/CTipoFactor.java
[INFO] mx/bigdata/sat/common/pagos/schema/CUsoCFDI.java
[INFO] mx/bigdata/sat/common/pagos/schema/ObjectFactory.java
[INFO] mx/bigdata/sat/common/pagos/schema/Pagos.java
[INFO] mx/bigdata/sat/common/pagos/schema/package-info.java
[INFO] 
[INFO] --- jaxb2-maven-plugin:1.3.1:xjc (schema30-xjc) @ cfdi-base ---
[INFO] Generating source...
[INFO] parsing a schema...
[INFO] compiling a schema...
[INFO] mx/bigdata/sat/common/iedu/schema/InstEducativas.java
[INFO] mx/bigdata/sat/common/iedu/schema/ObjectFactory.java
[INFO] mx/bigdata/sat/common/iedu/schema/package-info.java
[INFO] 
[INFO] --- jaxb2-maven-plugin:1.3.1:xjc (schema31-xjc) @ cfdi-base ---
[INFO] Generating source...
[INFO] parsing a schema...
[INFO] compiling a schema...
[INFO] mx/bigdata/sat/common/ventavehiculos/schema/ObjectFactory.java
[INFO] mx/bigdata/sat/common/ventavehiculos/schema/TInformacionAduanera.java
[INFO] mx/bigdata/sat/common/ventavehiculos/schema/VentaVehiculos.java
[INFO] mx/bigdata/sat/common/ventavehiculos/schema/package-info.java
[INFO] 
[INFO] --- jaxb2-maven-plugin:1.3.1:xjc (schema31-11-xjc) @ cfdi-base ---
[INFO] Generating source...
[INFO] parsing a schema...
[INFO] compiling a schema...
[INFO] mx/bigdata/sat/common/ventavehiculos/v11/schema/ObjectFactory.java
[INFO] mx/bigdata/sat/common/ventavehiculos/v11/schema/TInformacionAduanera.java
[INFO] mx/bigdata/sat/common/ventavehiculos/v11/schema/VentaVehiculos.java
[INFO] mx/bigdata/sat/common/ventavehiculos/v11/schema/package-info.java
[INFO] 
[INFO] --- jaxb2-maven-plugin:1.3.1:xjc (schema32-xjc) @ cfdi-base ---
[INFO] Generating source...
[INFO] parsing a schema...
[INFO] compiling a schema...
[INFO] mx/bigdata/sat/common/terceros/schema/ObjectFactory.java
[INFO] mx/bigdata/sat/common/terceros/schema/PorCuentadeTerceros.java
[INFO] mx/bigdata/sat/common/terceros/schema/TInformacionAduanera.java
[INFO] mx/bigdata/sat/common/terceros/schema/TUbicacionFiscal.java
[INFO] mx/bigdata/sat/common/terceros/schema/package-info.java
[INFO] 
[INFO] --- jaxb2-maven-plugin:1.3.1:xjc (schema33-xjc) @ cfdi-base ---
[INFO] No changes detected in schema or binding files, skipping source generation.
[INFO] 
[INFO] --- jaxb2-maven-plugin:1.3.1:xjc (schema34-xjc) @ cfdi-base ---
[INFO] Generating source...
[INFO] parsing a schema...
[INFO] compiling a schema...
[INFO] mx/bigdata/sat/common/ecb/schema/EstadoDeCuentaBancario.java
[INFO] mx/bigdata/sat/common/ecb/schema/ObjectFactory.java
[INFO] mx/bigdata/sat/common/ecb/schema/package-info.java
[INFO] 
[INFO] --- jaxb2-maven-plugin:1.3.1:xjc (schema35-xjc) @ cfdi-base ---
[INFO] Generating source...
[INFO] parsing a schema...
[INFO] compiling a schema...
[INFO] mx/bigdata/sat/common/psgcfdsp/schema/ObjectFactory.java
[INFO] mx/bigdata/sat/common/psgcfdsp/schema/PrestadoresDeServiciosDeCFDSP.java
[INFO] mx/bigdata/sat/common/psgcfdsp/schema/package-info.java
[INFO] 
[INFO] --- jaxb2-maven-plugin:1.3.1:xjc (schema36-xjc) @ cfdi-base ---
[INFO] Generating source...
[INFO] parsing a schema...
[INFO] compiling a schema...
[INFO] mx/bigdata/sat/common/psgecfd/schema/ObjectFactory.java
[INFO] mx/bigdata/sat/common/psgecfd/schema/PrestadoresDeServiciosDeCFD.java
[INFO] mx/bigdata/sat/common/psgecfd/schema/package-info.java
[INFO] 
[INFO] --- jaxb2-maven-plugin:1.3.1:xjc (schema100-xjc) @ cfdi-base ---
[INFO] Generating source...
[INFO] parsing a schema...
[INFO] compiling a schema...
[INFO] mx/bigdata/sat/ce_catalogo_cuentas/schema/CMoneda.java
[INFO] mx/bigdata/sat/ce_catalogo_cuentas/schema/Catalogo.java
[INFO] mx/bigdata/sat/ce_catalogo_cuentas/schema/ObjectFactory.java
[INFO] mx/bigdata/sat/ce_catalogo_cuentas/schema/package-info.java
[INFO] 
[INFO] --- jaxb2-maven-plugin:1.3.1:xjc (schema101-xjc) @ cfdi-base ---
[INFO] Generating source...
[INFO] parsing a schema...
[INFO] compiling a schema...
[INFO] mx/bigdata/sat/ce_balanza_comprobacion/schema/Balanza.java
[INFO] mx/bigdata/sat/ce_balanza_comprobacion/schema/ObjectFactory.java
[INFO] mx/bigdata/sat/ce_balanza_comprobacion/schema/package-info.java
[INFO] 
[INFO] --- jaxb2-maven-plugin:1.3.1:xjc (schema102-xjc) @ cfdi-base ---
[INFO] Generating source...
[INFO] parsing a schema...
[INFO] compiling a schema...
[INFO] mx/bigdata/sat/ce_polizas_periodo/schema/CMoneda.java
[INFO] mx/bigdata/sat/ce_polizas_periodo/schema/ObjectFactory.java
[INFO] mx/bigdata/sat/ce_polizas_periodo/schema/Polizas.java
[INFO] mx/bigdata/sat/ce_polizas_periodo/schema/package-info.java
[INFO] 
[INFO] --- maven-resources-plugin:2.6:resources (default-resources) @ cfdi-base ---
[INFO] Using 'UTF-8' encoding to copy filtered resources.
[INFO] Copying 106 resources
[INFO] 
[INFO] --- maven-compiler-plugin:3.5.1:compile (default-compile) @ cfdi-base ---
[INFO] Changes detected - recompiling the module!
[INFO] Compiling 242 source files to /tmp/tmpqji53stn/factura-electronica/target/classes
[INFO] /tmp/tmpqji53stn/factura-electronica/src/main/java/mx/bigdata/sat/security/PrivateKeyLoader.java: Some input files use unchecked or unsafe operations.
[INFO] /tmp/tmpqji53stn/factura-electronica/src/main/java/mx/bigdata/sat/security/PrivateKeyLoader.java: Recompile with -Xlint:unchecked for details.
[INFO] 
[INFO] --- maven-resources-plugin:2.6:testResources (default-testResources) @ cfdi-base ---
[INFO] Using 'UTF-8' encoding to copy filtered resources.
[INFO] skip non existing resourceDirectory /tmp/tmpqji53stn/factura-electronica/src/test/resources
[INFO] 
[INFO] --- maven-compiler-plugin:3.5.1:testCompile (default-testCompile) @ cfdi-base ---
[INFO] Changes detected - recompiling the module!
[INFO] Compiling 8 source files to /tmp/tmpqji53stn/factura-electronica/target/test-classes
[INFO] 
[INFO] --- maven-surefire-plugin:2.19.1:test (default-test) @ cfdi-base ---
[INFO] Surefire report directory: /tmp/tmpqji53stn/factura-electronica/target/surefire-reports

-------------------------------------------------------
 T E S T S
-------------------------------------------------------
Running mx.bigdata.sat.cfdi.CFDv33Test
Tests run: 5, Failures: 0, Errors: 0, Skipped: 0, Time elapsed: 18.5 sec - in mx.bigdata.sat.cfdi.CFDv33Test
Running mx.bigdata.sat.cfdi.CFDv3Test
Tests run: 7, Failures: 0, Errors: 0, Skipped: 0, Time elapsed: 0.568 sec - in mx.bigdata.sat.cfdi.CFDv3Test
Running mx.bigdata.sat.cfdi.CFDv32Test
Tests run: 5, Failures: 0, Errors: 0, Skipped: 0, Time elapsed: 11.784 sec - in mx.bigdata.sat.cfdi.CFDv32Test
Running mx.bigdata.sat.cfdi.TFDv1Test
Tests run: 4, Failures: 0, Errors: 0, Skipped: 0, Time elapsed: 0.225 sec - in mx.bigdata.sat.cfdi.TFDv1Test
Running mx.bigdata.sat.cfdi.TFDv1c32Test
Tests run: 4, Failures: 0, Errors: 0, Skipped: 0, Time elapsed: 0.396 sec - in mx.bigdata.sat.cfdi.TFDv1c32Test
Running mx.bigdata.sat.cfd.CFDv2Test
Tests run: 8, Failures: 0, Errors: 0, Skipped: 0, Time elapsed: 0.54 sec - in mx.bigdata.sat.cfd.CFDv2Test
Running mx.bigdata.sat.cfd.CFDv22Test
Tests run: 6, Failures: 0, Errors: 0, Skipped: 0, Time elapsed: 0.661 sec - in mx.bigdata.sat.cfd.CFDv22Test

Results :

Tests run: 39, Failures: 0, Errors: 0, Skipped: 0

[INFO] 
[INFO] --- jacoco-maven-plugin:0.8.5:report (report) @ cfdi-base ---
[INFO] Loading execution data file /tmp/tmpqji53stn/factura-electronica/target/jacoco.exec
[INFO] Analyzed bundle 'cfdi-base' with 480 classes
[INFO] ------------------------------------------------------------------------
[INFO] BUILD SUCCESS
[INFO] ------------------------------------------------------------------------
[INFO] Total time:  01:19 min
[INFO] Finished at: 2020-07-30T15:26:51Z
[INFO] ------------------------------------------------------------------------
