[INFO] Error stacktraces are turned on.
[INFO] Scanning for projects...
[WARNING] The project io.github.theangrydev:domain-enforcer:jar:1.1.2-SNAPSHOT uses prerequisites which is only intended for maven-plugin projects but not for non maven-plugin projects. For such purposes you should use the maven-enforcer-plugin. See https://maven.apache.org/enforcer/enforcer-rules/requireMavenVersion.html
[INFO] 
[INFO] ---------------< io.github.theangrydev:domain-enforcer >----------------
[INFO] Building domain-enforcer 1.1.2-SNAPSHOT
[INFO] --------------------------------[ jar ]---------------------------------
[INFO] 
[INFO] --- maven-enforcer-plugin:1.4.1:enforce (enforce-sensible-dependency-resolution) @ domain-enforcer ---
[INFO] 
[INFO] --- jacoco-maven-plugin:0.8.5:prepare-agent (default) @ domain-enforcer ---
[INFO] argLine set to -javaagent:/home/jdbl/.m2/repository/org/jacoco/org.jacoco.agent/0.8.5/org.jacoco.agent-0.8.5-runtime.jar=destfile=/tmp/tmpseu2g5sn/domain-enforcer/target/jacoco.exec
[INFO] 
[INFO] --- license-maven-plugin:3.0:format (add-license-headers) @ domain-enforcer ---
[INFO] 
[INFO] --- license-maven-plugin:3.0:check (add-license-headers) @ domain-enforcer ---
[INFO] 
[INFO] --- license-maven-plugin:3.0:format (add-notice-header) @ domain-enforcer ---
[INFO] 
[INFO] --- license-maven-plugin:3.0:check (add-notice-header) @ domain-enforcer ---
[INFO] 
[INFO] --- maven-resources-plugin:2.7:resources (default-resources) @ domain-enforcer ---
[INFO] Using 'UTF-8' encoding to copy filtered resources.
[INFO] skip non existing resourceDirectory /tmp/tmpseu2g5sn/domain-enforcer/src/main/resources
[INFO] 
[INFO] --- maven-compiler-plugin:3.5:compile (default-compile) @ domain-enforcer ---
[INFO] Changes detected - recompiling the module!
[INFO] Compiling 5 source files to /tmp/tmpseu2g5sn/domain-enforcer/target/classes
[INFO] 
[INFO] --- maven-resources-plugin:2.7:testResources (default-testResources) @ domain-enforcer ---
[INFO] Using 'UTF-8' encoding to copy filtered resources.
[INFO] Copying 1 resource
[INFO] 
[INFO] --- maven-compiler-plugin:3.5:testCompile (default-testCompile) @ domain-enforcer ---
[INFO] Changes detected - recompiling the module!
[INFO] Compiling 33 source files to /tmp/tmpseu2g5sn/domain-enforcer/target/test-classes
[INFO] 
[INFO] --- maven-surefire-plugin:2.19.1:test (default-test) @ domain-enforcer ---
[INFO] Surefire report directory: /tmp/tmpseu2g5sn/domain-enforcer/target/surefire-reports

-------------------------------------------------------
 T E S T S
-------------------------------------------------------
Running acceptance.standardlibraries.DomainTalksToStandardLibrariesTest
Tests run: 1, Failures: 0, Errors: 0, Skipped: 0, Time elapsed: 0.37 sec - in acceptance.standardlibraries.DomainTalksToStandardLibrariesTest
Running acceptance.baddomaintalkstoinfrastructure.DomainTalksToInfrastructureTest
Tests run: 2, Failures: 0, Errors: 0, Skipped: 0, Time elapsed: 0.119 sec - in acceptance.baddomaintalkstoinfrastructure.DomainTalksToInfrastructureTest
Running acceptance.realworld.RealWorldTest
Tests run: 4, Failures: 0, Errors: 0, Skipped: 0, Time elapsed: 0.116 sec - in acceptance.realworld.RealWorldTest
Running io.github.theangrydev.domainenforcer.JavaFileParserTest
Tests run: 3, Failures: 0, Errors: 0, Skipped: 0, Time elapsed: 0.019 sec - in io.github.theangrydev.domainenforcer.JavaFileParserTest
Running io.github.theangrydev.domainenforcer.DomainEnforcerTest
Tests run: 1, Failures: 0, Errors: 0, Skipped: 0, Time elapsed: 0 sec - in io.github.theangrydev.domainenforcer.DomainEnforcerTest

Results :

Tests run: 11, Failures: 0, Errors: 0, Skipped: 0

[INFO] 
[INFO] --- jacoco-maven-plugin:0.8.5:report (report) @ domain-enforcer ---
[INFO] Loading execution data file /tmp/tmpseu2g5sn/domain-enforcer/target/jacoco.exec
[INFO] Analyzed bundle 'domain-enforcer' with 1830 classes
[INFO] ------------------------------------------------------------------------
[INFO] BUILD SUCCESS
[INFO] ------------------------------------------------------------------------
[INFO] Total time:  20.678 s
[INFO] Finished at: 2020-08-03T11:12:04Z
[INFO] ------------------------------------------------------------------------
