[INFO] Error stacktraces are turned on.
[INFO] Scanning for projects...
[INFO] 
[INFO] ------------------< se.liu.ida.rdfstar:RDFstarTools >-------------------
[INFO] Building RDFstarTools 0.0.1-SNAPSHOT
[INFO] --------------------------------[ jar ]---------------------------------
[INFO] 
[INFO] --- jacoco-maven-plugin:0.8.5:prepare-agent (default) @ RDFstarTools ---
[INFO] argLine set to -javaagent:/home/jdbl/.m2/repository/org/jacoco/org.jacoco.agent/0.8.5/org.jacoco.agent-0.8.5-runtime.jar=destfile=/tmp/tmptzr_0rb3/RDFstarTools/target/jacoco.exec
[INFO] 
[INFO] --- maven-resources-plugin:2.6:resources (default-resources) @ RDFstarTools ---
[INFO] Using 'UTF-8' encoding to copy filtered resources.
[INFO] Copying 2 resources
[INFO] 
[INFO] --- maven-compiler-plugin:3.1:compile (default-compile) @ RDFstarTools ---
[INFO] Changes detected - recompiling the module!
[INFO] Compiling 40 source files to /tmp/tmptzr_0rb3/RDFstarTools/target/classes
[INFO] 
[INFO] --- maven-resources-plugin:2.6:testResources (default-testResources) @ RDFstarTools ---
[INFO] Using 'UTF-8' encoding to copy filtered resources.
[INFO] Copying 13 resources
[INFO] 
[INFO] --- maven-compiler-plugin:3.1:testCompile (default-testCompile) @ RDFstarTools ---
[INFO] Changes detected - recompiling the module!
[INFO] Compiling 18 source files to /tmp/tmptzr_0rb3/RDFstarTools/target/test-classes
[INFO] 
[INFO] --- maven-surefire-plugin:2.19.1:test (default-test) @ RDFstarTools ---
[INFO] Surefire report directory: /tmp/tmptzr_0rb3/RDFstarTools/target/surefire-reports

-------------------------------------------------------
 T E S T S
-------------------------------------------------------
Running se.liu.ida.rdfstar.tools.sparqlstar.engine.QueryExecutionTest
SLF4J: Class path contains multiple SLF4J bindings.
SLF4J: Found binding in [jar:file:/home/jdbl/.m2/repository/org/slf4j/slf4j-simple/1.7.25/slf4j-simple-1.7.25.jar!/org/slf4j/impl/StaticLoggerBinder.class]
SLF4J: Found binding in [jar:file:/home/jdbl/.m2/repository/org/slf4j/slf4j-log4j12/1.7.25/slf4j-log4j12-1.7.25.jar!/org/slf4j/impl/StaticLoggerBinder.class]
SLF4J: See http://www.slf4j.org/codes.html#multiple_bindings for an explanation.
SLF4J: Actual binding is of type [org.slf4j.impl.SimpleLoggerFactory]
Tests run: 12, Failures: 0, Errors: 0, Skipped: 0, Time elapsed: 3.217 sec - in se.liu.ida.rdfstar.tools.sparqlstar.engine.QueryExecutionTest
Running se.liu.ida.rdfstar.tools.sparqlstar.engine.iterator.QueryIterTripleStarPatternTest
Tests run: 14, Failures: 0, Errors: 0, Skipped: 0, Time elapsed: 0.074 sec - in se.liu.ida.rdfstar.tools.sparqlstar.engine.iterator.QueryIterTripleStarPatternTest
Running se.liu.ida.rdfstar.tools.sparqlstar.lang.ParserSPARQLStarTest
Tests run: 15, Failures: 0, Errors: 0, Skipped: 0, Time elapsed: 0.109 sec - in se.liu.ida.rdfstar.tools.sparqlstar.lang.ParserSPARQLStarTest
Running se.liu.ida.rdfstar.tools.sparqlstar.resultset.ResultSetWritersSPARQLStarTest
Tests run: 1, Failures: 0, Errors: 0, Skipped: 0, Time elapsed: 0.014 sec - in se.liu.ida.rdfstar.tools.sparqlstar.resultset.ResultSetWritersSPARQLStarTest
Running se.liu.ida.rdfstar.tools.sparqlstar.resultset.TextOutputStarTest
Tests run: 4, Failures: 0, Errors: 0, Skipped: 0, Time elapsed: 0.004 sec - in se.liu.ida.rdfstar.tools.sparqlstar.resultset.TextOutputStarTest
Running se.liu.ida.rdfstar.tools.serializer.SinkTripleStarOutputTest
Tests run: 4, Failures: 0, Errors: 0, Skipped: 0, Time elapsed: 0.017 sec - in se.liu.ida.rdfstar.tools.serializer.SinkTripleStarOutputTest
Running se.liu.ida.rdfstar.tools.serializer.NodeFormatterTurtleStarExtImplTest
Tests run: 4, Failures: 0, Errors: 0, Skipped: 0, Time elapsed: 0.003 sec - in se.liu.ida.rdfstar.tools.serializer.NodeFormatterTurtleStarExtImplTest
Running se.liu.ida.rdfstar.tools.serializer.NodeFormatterTurtleStarWrapperImplTest
Tests run: 4, Failures: 0, Errors: 0, Skipped: 0, Time elapsed: 0.003 sec - in se.liu.ida.rdfstar.tools.serializer.NodeFormatterTurtleStarWrapperImplTest
Running se.liu.ida.rdfstar.tools.parser.system.ParserProfileTurtleStarWrapperImplTest
Tests run: 5, Failures: 0, Errors: 0, Skipped: 0, Time elapsed: 0.016 sec - in se.liu.ida.rdfstar.tools.parser.system.ParserProfileTurtleStarWrapperImplTest
Running se.liu.ida.rdfstar.tools.parser.system.ParserProfileTurtleStarExtImplTest
Tests run: 5, Failures: 0, Errors: 0, Skipped: 0, Time elapsed: 0.019 sec - in se.liu.ida.rdfstar.tools.parser.system.ParserProfileTurtleStarExtImplTest
Running se.liu.ida.rdfstar.tools.parser.lang.LangTurtleStarTest
Tests run: 9, Failures: 0, Errors: 0, Skipped: 0, Time elapsed: 0.026 sec - in se.liu.ida.rdfstar.tools.parser.lang.LangTurtleStarTest
Running se.liu.ida.rdfstar.tools.parser.tokens.TokenizerTextTest
Tests run: 10, Failures: 0, Errors: 0, Skipped: 0, Time elapsed: 0.018 sec - in se.liu.ida.rdfstar.tools.parser.tokens.TokenizerTextTest
Running se.liu.ida.rdfstar.tools.graph.GraphWrapperStarTest
Tests run: 5, Failures: 0, Errors: 0, Skipped: 0, Time elapsed: 0 sec - in se.liu.ida.rdfstar.tools.graph.GraphWrapperStarTest
Running se.liu.ida.rdfstar.tools.conversion.RDF2RDFStarTest
Tests run: 6, Failures: 0, Errors: 0, Skipped: 0, Time elapsed: 0.23 sec - in se.liu.ida.rdfstar.tools.conversion.RDF2RDFStarTest
Running se.liu.ida.rdfstar.tools.conversion.RDFStar2RDFTest
Tests run: 6, Failures: 0, Errors: 0, Skipped: 0, Time elapsed: 0.168 sec - in se.liu.ida.rdfstar.tools.conversion.RDFStar2RDFTest
Running se.liu.ida.rdfstar.tools.conversion.ElementTransformSPARQLStarTest
Tests run: 15, Failures: 0, Errors: 0, Skipped: 0, Time elapsed: 0.131 sec - in se.liu.ida.rdfstar.tools.conversion.ElementTransformSPARQLStarTest

Results :

Tests run: 119, Failures: 0, Errors: 0, Skipped: 0

[INFO] 
[INFO] --- jacoco-maven-plugin:0.8.5:report (report) @ RDFstarTools ---
[INFO] Loading execution data file /tmp/tmptzr_0rb3/RDFstarTools/target/jacoco.exec
[INFO] Analyzed bundle 'RDFstarTools' with 296 classes
[INFO] ------------------------------------------------------------------------
[INFO] BUILD SUCCESS
[INFO] ------------------------------------------------------------------------
[INFO] Total time:  25.830 s
[INFO] Finished at: 2020-07-30T20:00:00Z
[INFO] ------------------------------------------------------------------------
