[INFO] Error stacktraces are turned on.
[INFO] Scanning for projects...
[INFO] 
[INFO] ---------------------< ru.0agr:vkontakte-http-api >---------------------
[INFO] Building vkontakte-http-api 0.2
[INFO] --------------------------------[ jar ]---------------------------------
[INFO] 
[INFO] --- jacoco-maven-plugin:0.8.5:prepare-agent (default) @ vkontakte-http-api ---
[INFO] argLine set to -javaagent:/home/jdbl/.m2/repository/org/jacoco/org.jacoco.agent/0.8.5/org.jacoco.agent-0.8.5-runtime.jar=destfile=/tmp/tmp39f4tof3/java-vk-oauth20/target/jacoco.exec
[INFO] 
[INFO] --- maven-resources-plugin:2.5:resources (default-resources) @ vkontakte-http-api ---
[debug] execute contextualize
[INFO] Using 'UTF-8' encoding to copy filtered resources.
[INFO] skip non existing resourceDirectory /tmp/tmp39f4tof3/java-vk-oauth20/src/main/resources
[INFO] 
[INFO] --- maven-compiler-plugin:2.3.2:compile (default-compile) @ vkontakte-http-api ---
[INFO] Compiling 29 source files to /tmp/tmp39f4tof3/java-vk-oauth20/target/classes
[INFO] 
[INFO] --- maven-resources-plugin:2.5:testResources (default-testResources) @ vkontakte-http-api ---
[debug] execute contextualize
[INFO] Using 'UTF-8' encoding to copy filtered resources.
[INFO] skip non existing resourceDirectory /tmp/tmp39f4tof3/java-vk-oauth20/src/test/resources
[INFO] 
[INFO] --- maven-compiler-plugin:2.3.2:testCompile (default-testCompile) @ vkontakte-http-api ---
[INFO] Compiling 14 source files to /tmp/tmp39f4tof3/java-vk-oauth20/target/test-classes
[INFO] 
[INFO] --- maven-surefire-plugin:2.19.1:test (default-test) @ vkontakte-http-api ---
[INFO] Surefire report directory: /tmp/tmp39f4tof3/java-vk-oauth20/target/surefire-reports

-------------------------------------------------------
 T E S T S
-------------------------------------------------------
Running com.googlecode.vkapi.domain.user.VkUserTest
Tests run: 3, Failures: 0, Errors: 0, Skipped: 0, Time elapsed: 0.241 sec - in com.googlecode.vkapi.domain.user.VkUserTest
Running com.googlecode.vkapi.domain.error.VkMethodParamTest
Tests run: 1, Failures: 0, Errors: 0, Skipped: 0, Time elapsed: 0 sec - in com.googlecode.vkapi.domain.error.VkMethodParamTest
Running com.googlecode.vkapi.domain.error.VkErrorCodesTest
Tests run: 3, Failures: 0, Errors: 0, Skipped: 0, Time elapsed: 0 sec - in com.googlecode.vkapi.domain.error.VkErrorCodesTest
Running com.googlecode.vkapi.domain.group.VkGroupTest
Tests run: 1, Failures: 0, Errors: 0, Skipped: 0, Time elapsed: 0.016 sec - in com.googlecode.vkapi.domain.group.VkGroupTest
Running com.googlecode.vkapi.domain.message.VkWallMessageTest
Tests run: 1, Failures: 0, Errors: 0, Skipped: 0, Time elapsed: 0.001 sec - in com.googlecode.vkapi.domain.message.VkWallMessageTest
Running com.googlecode.vkapi.HttpVkApiTest
SLF4J: Failed to load class "org.slf4j.impl.StaticLoggerBinder".
SLF4J: Defaulting to no-operation (NOP) logger implementation
SLF4J: See http://www.slf4j.org/codes.html#StaticLoggerBinder for further details.
Tests run: 13, Failures: 0, Errors: 0, Skipped: 0, Time elapsed: 1.26 sec - in com.googlecode.vkapi.HttpVkApiTest
Running com.googlecode.vkapi.exceptions.VkExceptionsTest
Tests run: 7, Failures: 0, Errors: 0, Skipped: 0, Time elapsed: 0.008 sec - in com.googlecode.vkapi.exceptions.VkExceptionsTest
Running com.googlecode.vkapi.HttpClientWrapperTest
Tests run: 1, Failures: 0, Errors: 0, Skipped: 0, Time elapsed: 0.083 sec - in com.googlecode.vkapi.HttpClientWrapperTest
Running com.googlecode.vkapi.convert.VkGroupJsonConverterTest
Tests run: 1, Failures: 0, Errors: 0, Skipped: 0, Time elapsed: 0.06 sec - in com.googlecode.vkapi.convert.VkGroupJsonConverterTest
Running com.googlecode.vkapi.convert.VkUserJsonConverterTest
Tests run: 2, Failures: 0, Errors: 0, Skipped: 0, Time elapsed: 0.002 sec - in com.googlecode.vkapi.convert.VkUserJsonConverterTest
Running com.googlecode.vkapi.convert.VkErrorConverterTest
Tests run: 2, Failures: 0, Errors: 0, Skipped: 0, Time elapsed: 0 sec - in com.googlecode.vkapi.convert.VkErrorConverterTest
Running com.googlecode.vkapi.convert.JsonConverterTest
Tests run: 3, Failures: 0, Errors: 0, Skipped: 0, Time elapsed: 0 sec - in com.googlecode.vkapi.convert.JsonConverterTest
Running com.googlecode.vkapi.convert.WallMessageJsonConverterTest
Tests run: 1, Failures: 0, Errors: 0, Skipped: 0, Time elapsed: 0 sec - in com.googlecode.vkapi.convert.WallMessageJsonConverterTest

Results :

Tests run: 39, Failures: 0, Errors: 0, Skipped: 0

[INFO] 
[INFO] --- jacoco-maven-plugin:0.8.5:report (report) @ vkontakte-http-api ---
[INFO] Loading execution data file /tmp/tmp39f4tof3/java-vk-oauth20/target/jacoco.exec
[INFO] Analyzed bundle 'vkontakte-http-api' with 128 classes
[INFO] ------------------------------------------------------------------------
[INFO] BUILD SUCCESS
[INFO] ------------------------------------------------------------------------
[INFO] Total time:  13.452 s
[INFO] Finished at: 2020-07-30T21:38:12Z
[INFO] ------------------------------------------------------------------------
