[INFO] Error stacktraces are turned on.
[INFO] Scanning for projects...
[WARNING] 
[WARNING] Some problems were encountered while building the effective model for org.sonarsource:branch:sonar-plugin:2.0.0
[WARNING] 'build.plugins.plugin.version' for org.sonarsource.sonar-packaging-maven-plugin:sonar-packaging-maven-plugin is missing. @ line 41, column 15
[WARNING] 
[WARNING] It is highly recommended to fix these problems because they threaten the stability of your build.
[WARNING] 
[WARNING] For this reason, future Maven versions might no longer support building such malformed projects.
[WARNING] 
[INFO] 
[INFO] -----------------------< org.sonarsource:branch >-----------------------
[INFO] Building Branch Plugin Community Edition 2.0.0
[INFO] ----------------------------[ sonar-plugin ]----------------------------
[INFO] 
[INFO] --- sonar-packaging-maven-plugin:1.19.0.397:check (default-check) @ branch ---
[INFO] 
[INFO] --- jacoco-maven-plugin:0.8.5:prepare-agent (default) @ branch ---
[INFO] argLine set to -javaagent:/home/jdbl/.m2/repository/org/jacoco/org.jacoco.agent/0.8.5/org.jacoco.agent-0.8.5-runtime.jar=destfile=/tmp/tmpp0sl94h1/sonar-branch-community/target/jacoco.exec
[INFO] 
[INFO] --- maven-resources-plugin:3.1.0:resources (default-resources) @ branch ---
[INFO] Using 'UTF-8' encoding to copy filtered resources.
[INFO] skip non existing resourceDirectory /tmp/tmpp0sl94h1/sonar-branch-community/src/main/resources
[INFO] 
[INFO] --- maven-compiler-plugin:3.8.1:compile (default-compile) @ branch ---
[INFO] Changes detected - recompiling the module!
[INFO] Compiling 14 source files to /tmp/tmpp0sl94h1/sonar-branch-community/target/classes
[INFO] 
[INFO] --- maven-resources-plugin:3.1.0:testResources (default-testResources) @ branch ---
[INFO] Using 'UTF-8' encoding to copy filtered resources.
[INFO] skip non existing resourceDirectory /tmp/tmpp0sl94h1/sonar-branch-community/src/test/resources
[INFO] 
[INFO] --- maven-compiler-plugin:3.8.1:testCompile (default-testCompile) @ branch ---
[INFO] Changes detected - recompiling the module!
[INFO] Compiling 8 source files to /tmp/tmpp0sl94h1/sonar-branch-community/target/test-classes
[INFO] 
[INFO] --- maven-surefire-plugin:2.19.1:test (default-test) @ branch ---
[INFO] Surefire report directory: /tmp/tmpp0sl94h1/sonar-branch-community/target/surefire-reports

-------------------------------------------------------
 T E S T S
-------------------------------------------------------
Running org.sonarsource.branch.server.BranchFeatureExtensionImplTest
Tests run: 1, Failures: 0, Errors: 0, Skipped: 0, Time elapsed: 0.051 sec - in org.sonarsource.branch.server.BranchFeatureExtensionImplTest
Running org.sonarsource.branch.BranchPluginTest
Tests run: 3, Failures: 0, Errors: 0, Skipped: 0, Time elapsed: 0.305 sec - in org.sonarsource.branch.BranchPluginTest
Running org.sonarsource.branch.scanner.BranchParamsValidatorImplTest
Tests run: 5, Failures: 0, Errors: 0, Skipped: 0, Time elapsed: 0.811 sec - in org.sonarsource.branch.scanner.BranchParamsValidatorImplTest
Running org.sonarsource.branch.scanner.BranchConfigurationLoaderImplTest
09:12:15.851 [main] INFO org.sonarsource.branch.scanner.BranchConfigurationLoaderImpl - branch is short lived branch, checking parent master
Tests run: 9, Failures: 0, Errors: 0, Skipped: 0, Time elapsed: 0.03 sec - in org.sonarsource.branch.scanner.BranchConfigurationLoaderImplTest
Running org.sonarsource.branch.scanner.ProjectBranchesLoaderImplTest
Tests run: 4, Failures: 0, Errors: 0, Skipped: 0, Time elapsed: 0.143 sec - in org.sonarsource.branch.scanner.ProjectBranchesLoaderImplTest
Running org.sonarsource.branch.computeengine.BranchLoaderDelegateImplTest
Tests run: 4, Failures: 0, Errors: 0, Skipped: 0, Time elapsed: 0.456 sec - in org.sonarsource.branch.computeengine.BranchLoaderDelegateImplTest
Running org.sonarsource.branch.computeengine.BranchImplTest
Tests run: 3, Failures: 0, Errors: 0, Skipped: 0, Time elapsed: 0.006 sec - in org.sonarsource.branch.computeengine.BranchImplTest
Running org.sonarsource.branch.computeengine.ReportAnalysisComponentProviderImplTest
Tests run: 1, Failures: 0, Errors: 0, Skipped: 0, Time elapsed: 0 sec - in org.sonarsource.branch.computeengine.ReportAnalysisComponentProviderImplTest

Results :

Tests run: 30, Failures: 0, Errors: 0, Skipped: 0

[INFO] 
[INFO] --- jacoco-maven-plugin:0.8.5:report (report) @ branch ---
[INFO] Loading execution data file /tmp/tmpp0sl94h1/sonar-branch-community/target/jacoco.exec
[INFO] Analyzed bundle 'Branch Plugin Community Edition' with 3782 classes
[INFO] ------------------------------------------------------------------------
[INFO] BUILD SUCCESS
[INFO] ------------------------------------------------------------------------
[INFO] Total time:  49.368 s
[INFO] Finished at: 2020-07-31T09:12:20Z
[INFO] ------------------------------------------------------------------------
