[INFO] Error stacktraces are turned on.
[INFO] Scanning for projects...
[INFO] 
[INFO] --------------< com.spotify.hdfs2cass:spotify-hdfs2cass >---------------
[INFO] Building com.spotify.hdfs2cass:spotify-hdfs2cass 2.16-SNAPSHOT
[INFO] --------------------------------[ jar ]---------------------------------
[INFO] 
[INFO] --- jacoco-maven-plugin:0.8.5:prepare-agent (default) @ spotify-hdfs2cass ---
[INFO] argLine set to -javaagent:/home/jdbl/.m2/repository/org/jacoco/org.jacoco.agent/0.8.5/org.jacoco.agent-0.8.5-runtime.jar=destfile=/tmp/tmp6sqoo9j0/hdfs2cass/target/jacoco.exec
[INFO] 
[INFO] --- maven-resources-plugin:2.6:resources (default-resources) @ spotify-hdfs2cass ---
[INFO] Using 'UTF-8' encoding to copy filtered resources.
[INFO] skip non existing resourceDirectory /tmp/tmp6sqoo9j0/hdfs2cass/src/main/resources
[INFO] 
[INFO] --- maven-compiler-plugin:3.1:compile (default-compile) @ spotify-hdfs2cass ---
[INFO] Changes detected - recompiling the module!
[INFO] Compiling 29 source files to /tmp/tmp6sqoo9j0/hdfs2cass/target/classes
[WARNING] /tmp/tmp6sqoo9j0/hdfs2cass/src/main/java/com/spotify/hdfs2cass/crunch/thrift/converters/ThriftByFieldNamesFn.java: Some input files use or override a deprecated API.
[WARNING] /tmp/tmp6sqoo9j0/hdfs2cass/src/main/java/com/spotify/hdfs2cass/crunch/thrift/converters/ThriftByFieldNamesFn.java: Recompile with -Xlint:deprecation for details.
[WARNING] /tmp/tmp6sqoo9j0/hdfs2cass/src/main/java/com/spotify/hdfs2cass/crunch/thrift/ThriftConverter.java: Some input files use unchecked or unsafe operations.
[WARNING] /tmp/tmp6sqoo9j0/hdfs2cass/src/main/java/com/spotify/hdfs2cass/crunch/thrift/ThriftConverter.java: Recompile with -Xlint:unchecked for details.
[INFO] 
[INFO] --- maven-resources-plugin:2.6:testResources (default-testResources) @ spotify-hdfs2cass ---
[INFO] Using 'UTF-8' encoding to copy filtered resources.
[INFO] skip non existing resourceDirectory /tmp/tmp6sqoo9j0/hdfs2cass/src/test/resources
[INFO] 
[INFO] --- maven-compiler-plugin:3.1:testCompile (default-testCompile) @ spotify-hdfs2cass ---
[INFO] Changes detected - recompiling the module!
[INFO] Compiling 3 source files to /tmp/tmp6sqoo9j0/hdfs2cass/target/test-classes
[INFO] 
[INFO] --- maven-surefire-plugin:2.19.1:test (default-test) @ spotify-hdfs2cass ---
[INFO] Surefire report directory: /tmp/tmp6sqoo9j0/hdfs2cass/target/surefire-reports

-------------------------------------------------------
 T E S T S
-------------------------------------------------------
Running com.spotify.hdfs2cass.cassandra.utils.CassandraKeyComparatorTest
Tests run: 2, Failures: 0, Errors: 0, Skipped: 0, Time elapsed: 1.545 sec - in com.spotify.hdfs2cass.cassandra.utils.CassandraKeyComparatorTest
Running com.spotify.hdfs2cass.cassandra.utils.CassandraRecordUtilsTest
Tests run: 6, Failures: 0, Errors: 0, Skipped: 0, Time elapsed: 0.06 sec - in com.spotify.hdfs2cass.cassandra.utils.CassandraRecordUtilsTest
Running com.spotify.hdfs2cass.LegacyInputFormatTest
Tests run: 6, Failures: 0, Errors: 0, Skipped: 0, Time elapsed: 0.06 sec - in com.spotify.hdfs2cass.LegacyInputFormatTest

Results :

Tests run: 14, Failures: 0, Errors: 0, Skipped: 0

[INFO] 
[INFO] --- jacoco-maven-plugin:0.8.5:report (report) @ spotify-hdfs2cass ---
[INFO] Loading execution data file /tmp/tmp6sqoo9j0/hdfs2cass/target/jacoco.exec
[INFO] Analyzed bundle 'com.spotify.hdfs2cass:spotify-hdfs2cass' with 109 classes
[INFO] ------------------------------------------------------------------------
[INFO] BUILD SUCCESS
[INFO] ------------------------------------------------------------------------
[INFO] Total time:  20.184 s
[INFO] Finished at: 2020-07-30T21:23:55Z
[INFO] ------------------------------------------------------------------------
