[INFO] Error stacktraces are turned on.
[INFO] Scanning for projects...
[INFO] 
[INFO] ---------------------< nl.mpi:oai-harvest-manager >---------------------
[INFO] Building OAI Harvest Manager 1.2.0-SNAPSHOT
[INFO] --------------------------------[ jar ]---------------------------------
[INFO] 
[INFO] --- buildnumber-maven-plugin:1.2:create (default) @ oai-harvest-manager ---
[INFO] Checking for local modifications: skipped.
[INFO] Updating project files from SCM: skipped.
[INFO] ShortRevision tag detected. The value is '6'.
[INFO] Executing: /bin/sh -c cd /tmp/tmp320dabsw/oai-harvest-manager && git rev-parse --verify --short=6 HEAD
[INFO] Working directory: /tmp/tmp320dabsw/oai-harvest-manager
[INFO] Storing buildNumber: 1d7270 at timestamp: 1596145052786
[INFO] ShortRevision tag detected. The value is '6'.
[INFO] Executing: /bin/sh -c cd /tmp/tmp320dabsw/oai-harvest-manager && git rev-parse --verify --short=6 HEAD
[INFO] Working directory: /tmp/tmp320dabsw/oai-harvest-manager
[INFO] Storing buildScmBranch: UNKNOWN
[INFO] 
[INFO] --- jacoco-maven-plugin:0.8.5:prepare-agent (default) @ oai-harvest-manager ---
[INFO] argLine set to -javaagent:/home/jdbl/.m2/repository/org/jacoco/org.jacoco.agent/0.8.5/org.jacoco.agent-0.8.5-runtime.jar=destfile=/tmp/tmp320dabsw/oai-harvest-manager/target/jacoco.exec
[INFO] 
[INFO] --- jaxb2-maven-plugin:2.4:xjc (xjc) @ oai-harvest-manager ---
[INFO] Created EpisodePath [/tmp/tmp320dabsw/oai-harvest-manager/target/generated-sources/jaxb/META-INF/JAXB]: true
[INFO] Ignored given or default xjbSources [/tmp/tmp320dabsw/oai-harvest-manager/src/main/xjb], since it is not an existent file or directory.
[INFO] Created EpisodePath [/tmp/tmp320dabsw/oai-harvest-manager/target/generated-sources/jaxb/META-INF/JAXB]: true
[INFO] 
[INFO] --- maven-resources-plugin:2.6:resources (default-resources) @ oai-harvest-manager ---
[INFO] Using 'UTF-8' encoding to copy filtered resources.
[INFO] Copying 5 resources
[INFO] Copying 5 resources
[INFO] Copying 5 resources
[INFO] 
[INFO] --- maven-compiler-plugin:3.1:compile (default-compile) @ oai-harvest-manager ---
[INFO] Changes detected - recompiling the module!
[INFO] Compiling 63 source files to /tmp/tmp320dabsw/oai-harvest-manager/target/classes
[WARNING] /tmp/tmp320dabsw/oai-harvest-manager/src/main/java/ORG/oclc/oai/harvester2/verb/ListRecords.java: Some input files use or override a deprecated API.
[WARNING] /tmp/tmp320dabsw/oai-harvest-manager/src/main/java/ORG/oclc/oai/harvester2/verb/ListRecords.java: Recompile with -Xlint:deprecation for details.
[WARNING] /tmp/tmp320dabsw/oai-harvest-manager/src/main/java/ORG/oclc/oai/harvester2/verb/HarvesterVerb.java: /tmp/tmp320dabsw/oai-harvest-manager/src/main/java/ORG/oclc/oai/harvester2/verb/HarvesterVerb.java uses unchecked or unsafe operations.
[WARNING] /tmp/tmp320dabsw/oai-harvest-manager/src/main/java/ORG/oclc/oai/harvester2/verb/HarvesterVerb.java: Recompile with -Xlint:unchecked for details.
[INFO] 
[INFO] --- maven-resources-plugin:2.6:testResources (default-testResources) @ oai-harvest-manager ---
[INFO] Using 'UTF-8' encoding to copy filtered resources.
[INFO] Copying 27 resources
[INFO] 
[INFO] --- maven-compiler-plugin:3.1:testCompile (default-testCompile) @ oai-harvest-manager ---
[INFO] Changes detected - recompiling the module!
[INFO] Compiling 15 source files to /tmp/tmp320dabsw/oai-harvest-manager/target/test-classes
[INFO] 
[INFO] --- maven-surefire-plugin:2.19.1:test (default-test) @ oai-harvest-manager ---
[INFO] Surefire report directory: /tmp/tmp320dabsw/oai-harvest-manager/target/surefire-reports

-------------------------------------------------------
 T E S T S
-------------------------------------------------------
Running nl.mpi.oai.harvester.metadata.NSContextTest
Tests run: 9, Failures: 0, Errors: 0, Skipped: 0, Time elapsed: 1.803 sec - in nl.mpi.oai.harvester.metadata.NSContextTest
Running nl.mpi.oai.harvester.harvesting.ScenarioTest
21:37:52.044 [main] DEBUG nl.mpi.oai.harvester.harvesting.FormatHarvesting - Requesting formats matching namespace=http://www.clarin.eu/cmd/
21:37:52.450 [main] DEBUG nl.mpi.oai.harvester.harvesting.FormatHarvesting - Found suitable prefix: cmdi0571
21:37:52.453 [main] DEBUG nl.mpi.oai.harvester.harvesting.FormatHarvesting - Found suitable prefix: cmdi2312
21:37:52.478 [main] DEBUG nl.mpi.oai.harvester.harvesting.ListHarvesting - Requesting records with prefix cmdi0571
21:37:52.789 [main] INFO  nl.mpi.oai.harvester.harvesting.ListHarvesting - retrieved cmdi0571 records from endpoint http://metalb.csc.fi/cgi-bin/que
21:37:52.798 [main] DEBUG ORG.oclc.oai.harvester2.verb.HarvesterVerb - requestURL=http://metalb.csc.fi/cgi-bin/que?verb=Identify
21:37:52.909 [main] DEBUG ORG.oclc.oai.harvester2.verb.HarvesterVerb - responseCode=200
21:37:52.910 [main] DEBUG ORG.oclc.oai.harvester2.verb.HarvesterVerb - Content-Encoding=null
21:37:52.918 [main] DEBUG ORG.oclc.oai.harvester2.verb.HarvesterVerb - buffered [1289] bytes for URL[http://metalb.csc.fi/cgi-bin/que?verb=Identify]
21:37:52.920 [main] DEBUG ORG.oclc.oai.harvester2.verb.HarvesterVerb - switched from stream to tree for request[http://metalb.csc.fi/cgi-bin/que?verb=Identify]
java.lang.Throwable: null
	at ORG.oclc.oai.harvester2.verb.HarvesterVerb.getDocument(HarvesterVerb.java:181) [classes/:?]
	at nl.mpi.oai.harvester.Provider.getProviderName(Provider.java:238) [classes/:?]
	at nl.mpi.oai.harvester.Provider.fetchName(Provider.java:178) [classes/:?]
	at nl.mpi.oai.harvester.Provider.getName(Provider.java:218) [classes/:?]
	at nl.mpi.oai.harvester.harvesting.Scenario.listRecords(Scenario.java:227) [classes/:?]
	at nl.mpi.oai.harvester.harvesting.ScenarioTest.listHarvestingTest(ScenarioTest.java:163) [test-classes/:?]
	at nl.mpi.oai.harvester.harvesting.ScenarioTest.listRecordsTest(ScenarioTest.java:77) [test-classes/:?]
	at sun.reflect.NativeMethodAccessorImpl.invoke0(Native Method) ~[?:1.8.0_262]
	at sun.reflect.NativeMethodAccessorImpl.invoke(NativeMethodAccessorImpl.java:62) ~[?:1.8.0_262]
	at sun.reflect.DelegatingMethodAccessorImpl.invoke(DelegatingMethodAccessorImpl.java:43) ~[?:1.8.0_262]
	at java.lang.reflect.Method.invoke(Method.java:498) ~[?:1.8.0_262]
	at org.junit.runners.model.FrameworkMethod$1.runReflectiveCall(FrameworkMethod.java:59) [junit-4.13.jar:4.13]
	at org.junit.internal.runners.model.ReflectiveCallable.run(ReflectiveCallable.java:12) [junit-4.13.jar:4.13]
	at org.junit.runners.model.FrameworkMethod.invokeExplosively(FrameworkMethod.java:56) [junit-4.13.jar:4.13]
	at org.junit.internal.runners.statements.InvokeMethod.evaluate(InvokeMethod.java:17) [junit-4.13.jar:4.13]
	at org.junit.runners.ParentRunner$3.evaluate(ParentRunner.java:306) [junit-4.13.jar:4.13]
	at org.junit.runners.BlockJUnit4ClassRunner$1.evaluate(BlockJUnit4ClassRunner.java:100) [junit-4.13.jar:4.13]
	at org.junit.runners.ParentRunner.runLeaf(ParentRunner.java:366) [junit-4.13.jar:4.13]
	at org.junit.runners.BlockJUnit4ClassRunner.runChild(BlockJUnit4ClassRunner.java:103) [junit-4.13.jar:4.13]
	at org.junit.runners.BlockJUnit4ClassRunner.runChild(BlockJUnit4ClassRunner.java:63) [junit-4.13.jar:4.13]
	at org.junit.runners.ParentRunner$4.run(ParentRunner.java:331) [junit-4.13.jar:4.13]
	at org.junit.runners.ParentRunner$1.schedule(ParentRunner.java:79) [junit-4.13.jar:4.13]
	at org.junit.runners.ParentRunner.runChildren(ParentRunner.java:329) [junit-4.13.jar:4.13]
	at org.junit.runners.ParentRunner.access$100(ParentRunner.java:66) [junit-4.13.jar:4.13]
	at org.junit.runners.ParentRunner$2.evaluate(ParentRunner.java:293) [junit-4.13.jar:4.13]
	at org.junit.runners.ParentRunner$3.evaluate(ParentRunner.java:306) [junit-4.13.jar:4.13]
	at org.junit.runners.ParentRunner.run(ParentRunner.java:413) [junit-4.13.jar:4.13]
	at org.apache.maven.surefire.junit4.JUnit4Provider.execute(JUnit4Provider.java:367) [surefire-junit4-2.19.1.jar:2.19.1]
	at org.apache.maven.surefire.junit4.JUnit4Provider.executeWithRerun(JUnit4Provider.java:274) [surefire-junit4-2.19.1.jar:2.19.1]
	at org.apache.maven.surefire.junit4.JUnit4Provider.executeTestSet(JUnit4Provider.java:238) [surefire-junit4-2.19.1.jar:2.19.1]
	at org.apache.maven.surefire.junit4.JUnit4Provider.invoke(JUnit4Provider.java:161) [surefire-junit4-2.19.1.jar:2.19.1]
	at org.apache.maven.surefire.booter.ForkedBooter.invokeProviderInSameClassLoader(ForkedBooter.java:290) [surefire-booter-2.19.1.jar:2.19.1]
	at org.apache.maven.surefire.booter.ForkedBooter.runSuitesInProcess(ForkedBooter.java:242) [surefire-booter-2.19.1.jar:2.19.1]
	at org.apache.maven.surefire.booter.ForkedBooter.main(ForkedBooter.java:121) [surefire-booter-2.19.1.jar:2.19.1]
21:37:52.944 [main] INFO  nl.mpi.oai.harvester.Provider - Contacted http://metalb.csc.fi/cgi-bin/que to get its name, received: "Language Bank of Finland"
21:37:52.948 [main] DEBUG nl.mpi.oai.harvester.harvesting.ListHarvesting - Requesting more records with prefix cmdi0571
21:37:52.950 [main] INFO  nl.mpi.oai.harvester.harvesting.ListHarvesting - retrieved cmdi0571 records from endpoint http://metalb.csc.fi/cgi-bin/que
21:37:52.952 [main] DEBUG nl.mpi.oai.harvester.harvesting.ListHarvesting - Requesting records with prefix cmdi2312
21:37:52.953 [main] INFO  nl.mpi.oai.harvester.harvesting.ListHarvesting - retrieved cmdi2312 records from endpoint http://metalb.csc.fi/cgi-bin/que
21:37:52.972 [main] DEBUG nl.mpi.oai.harvester.harvesting.FormatHarvesting - Requesting formats matching namespace=http://www.clarin.eu/cmd/
21:37:52.978 [main] DEBUG nl.mpi.oai.harvester.harvesting.FormatHarvesting - Found suitable prefix: cmdi0571
21:37:52.988 [main] DEBUG nl.mpi.oai.harvester.harvesting.ListHarvesting - Requesting identifiers of records with prefix cmdi0571
21:37:52.990 [main] INFO  nl.mpi.oai.harvester.harvesting.ListHarvesting - retrieved cmdi0571 records from endpoint http://metalb.csc.fi/cgi-bin/que
21:37:53.030 [main] INFO  nl.mpi.oai.harvester.harvesting.RecordHarvesting - Fetched cmdi0571 record oai:kielipankki.fi:sh034a70
21:37:53.032 [main] INFO  nl.mpi.oai.harvester.harvesting.RecordHarvesting - Fetched cmdi0571 record oai:kielipankki.fi:sh03de30
21:37:53.037 [main] INFO  nl.mpi.oai.harvester.harvesting.RecordHarvesting - Fetched cmdi0571 record oai:kielipankki.fi:sh136cd0
21:37:53.050 [main] INFO  nl.mpi.oai.harvester.harvesting.RecordHarvesting - Fetched cmdi0571 record oai:kielipankki.fi:sh3123d0
21:37:53.051 [main] INFO  nl.mpi.oai.harvester.harvesting.RecordHarvesting - Fetched cmdi0571 record oai:kielipankki.fi:sh7b8760
21:37:53.053 [main] INFO  nl.mpi.oai.harvester.harvesting.RecordHarvesting - Fetched cmdi0571 record oai:kielipankki.fi:shaccf90
21:37:53.055 [main] INFO  nl.mpi.oai.harvester.harvesting.RecordHarvesting - Fetched cmdi0571 record oai:kielipankki.fi:shd0d800
21:37:53.055 [main] INFO  nl.mpi.oai.harvester.harvesting.RecordHarvesting - Fetched cmdi0571 record oai:kielipankki.fi:shff9200
Tests run: 2, Failures: 0, Errors: 0, Skipped: 0, Time elapsed: 1.432 sec - in nl.mpi.oai.harvester.harvesting.ScenarioTest
Running nl.mpi.oai.harvester.ProviderTest
21:37:53.083 [main] DEBUG nl.mpi.oai.harvester.Provider - Found suitable prefix: oai_dc
21:37:53.107 [main] INFO  nl.mpi.oai.harvester.Provider - Contacted dummy to get its name, received: "CLARIN Centre Vienna / Language Resources Portal"
21:37:53.114 [main] DEBUG nl.mpi.oai.harvester.Provider - Found suitable prefix: cmdi_lexRes
21:37:53.116 [main] DEBUG nl.mpi.oai.harvester.Provider - Found suitable prefix: cmdi_teiHdr
21:37:53.118 [main] DEBUG nl.mpi.oai.harvester.Provider - Found suitable prefix: cmdi_textCorpus
21:37:53.123 [main] DEBUG nl.mpi.oai.harvester.Provider - Found suitable prefix: cmdi_collection
Tests run: 5, Failures: 0, Errors: 0, Skipped: 0, Time elapsed: 0.078 sec - in nl.mpi.oai.harvester.ProviderTest
Running nl.mpi.oai.harvester.StaticProviderTest
21:37:53.178 [main] INFO  nl.mpi.oai.harvester.Provider - Contacted null to get its name, received: "Magoria Books' Carib and Romani Archive"
21:37:53.179 [main] DEBUG ORG.oclc.oai.harvester2.verb.HarvesterVerb - requestURL=
21:37:53.179 [main] ERROR nl.mpi.oai.harvester.Provider - no protocol: 
java.net.MalformedURLException: no protocol: 
	at java.net.URL.<init>(URL.java:611) ~[?:1.8.0_262]
	at java.net.URL.<init>(URL.java:508) ~[?:1.8.0_262]
	at java.net.URL.<init>(URL.java:457) ~[?:1.8.0_262]
	at ORG.oclc.oai.harvester2.verb.HarvesterVerb.harvest(HarvesterVerb.java:292) ~[classes/:?]
	at ORG.oclc.oai.harvester2.verb.HarvesterVerb.<init>(HarvesterVerb.java:269) ~[classes/:?]
	at ORG.oclc.oai.harvester2.verb.Identify.<init>(Identify.java:59) ~[classes/:?]
	at nl.mpi.oai.harvester.Provider.getProviderDeletionMode(Provider.java:248) [classes/:?]
	at nl.mpi.oai.harvester.Provider.fetchDeletionMode(Provider.java:188) [classes/:?]
	at nl.mpi.oai.harvester.Provider.init(Provider.java:162) [classes/:?]
	at nl.mpi.oai.harvester.StaticProvider.init(StaticProvider.java:107) [classes/:?]
	at nl.mpi.oai.harvester.StaticProviderTest.testGetName(StaticProviderTest.java:69) [test-classes/:?]
	at sun.reflect.NativeMethodAccessorImpl.invoke0(Native Method) ~[?:1.8.0_262]
	at sun.reflect.NativeMethodAccessorImpl.invoke(NativeMethodAccessorImpl.java:62) ~[?:1.8.0_262]
	at sun.reflect.DelegatingMethodAccessorImpl.invoke(DelegatingMethodAccessorImpl.java:43) ~[?:1.8.0_262]
	at java.lang.reflect.Method.invoke(Method.java:498) ~[?:1.8.0_262]
	at org.junit.runners.model.FrameworkMethod$1.runReflectiveCall(FrameworkMethod.java:59) [junit-4.13.jar:4.13]
	at org.junit.internal.runners.model.ReflectiveCallable.run(ReflectiveCallable.java:12) [junit-4.13.jar:4.13]
	at org.junit.runners.model.FrameworkMethod.invokeExplosively(FrameworkMethod.java:56) [junit-4.13.jar:4.13]
	at org.junit.internal.runners.statements.InvokeMethod.evaluate(InvokeMethod.java:17) [junit-4.13.jar:4.13]
	at org.junit.runners.ParentRunner$3.evaluate(ParentRunner.java:306) [junit-4.13.jar:4.13]
	at org.junit.runners.BlockJUnit4ClassRunner$1.evaluate(BlockJUnit4ClassRunner.java:100) [junit-4.13.jar:4.13]
	at org.junit.runners.ParentRunner.runLeaf(ParentRunner.java:366) [junit-4.13.jar:4.13]
	at org.junit.runners.BlockJUnit4ClassRunner.runChild(BlockJUnit4ClassRunner.java:103) [junit-4.13.jar:4.13]
	at org.junit.runners.BlockJUnit4ClassRunner.runChild(BlockJUnit4ClassRunner.java:63) [junit-4.13.jar:4.13]
	at org.junit.runners.ParentRunner$4.run(ParentRunner.java:331) [junit-4.13.jar:4.13]
	at org.junit.runners.ParentRunner$1.schedule(ParentRunner.java:79) [junit-4.13.jar:4.13]
	at org.junit.runners.ParentRunner.runChildren(ParentRunner.java:329) [junit-4.13.jar:4.13]
	at org.junit.runners.ParentRunner.access$100(ParentRunner.java:66) [junit-4.13.jar:4.13]
	at org.junit.runners.ParentRunner$2.evaluate(ParentRunner.java:293) [junit-4.13.jar:4.13]
	at org.junit.runners.ParentRunner$3.evaluate(ParentRunner.java:306) [junit-4.13.jar:4.13]
	at org.junit.runners.ParentRunner.run(ParentRunner.java:413) [junit-4.13.jar:4.13]
	at org.apache.maven.surefire.junit4.JUnit4Provider.execute(JUnit4Provider.java:367) [surefire-junit4-2.19.1.jar:2.19.1]
	at org.apache.maven.surefire.junit4.JUnit4Provider.executeWithRerun(JUnit4Provider.java:274) [surefire-junit4-2.19.1.jar:2.19.1]
	at org.apache.maven.surefire.junit4.JUnit4Provider.executeTestSet(JUnit4Provider.java:238) [surefire-junit4-2.19.1.jar:2.19.1]
	at org.apache.maven.surefire.junit4.JUnit4Provider.invoke(JUnit4Provider.java:161) [surefire-junit4-2.19.1.jar:2.19.1]
	at org.apache.maven.surefire.booter.ForkedBooter.invokeProviderInSameClassLoader(ForkedBooter.java:290) [surefire-booter-2.19.1.jar:2.19.1]
	at org.apache.maven.surefire.booter.ForkedBooter.runSuitesInProcess(ForkedBooter.java:242) [surefire-booter-2.19.1.jar:2.19.1]
	at org.apache.maven.surefire.booter.ForkedBooter.main(ForkedBooter.java:121) [surefire-booter-2.19.1.jar:2.19.1]
21:37:53.205 [main] DEBUG nl.mpi.oai.harvester.Provider - Found suitable prefix: olac
21:37:53.217 [main] ERROR nl.mpi.oai.harvester.StaticProvider - No subtree matching '/os:Repository/os:ListRecords[@metadataPrefix = 'olac']/oai:record[./oai:header/oai:identifier/text() = 'garbage']'. Probably an error in provider content.
21:37:53.232 [main] INFO  nl.mpi.oai.harvester.Provider - Contacted null to get its name, received: "Magoria Books' Carib and Romani Archive"
21:37:53.239 [main] ERROR nl.mpi.oai.harvester.StaticProvider - No subtree matching '/os:Repository/os:ListRecords[@metadataPrefix = 'garbage']/oai:record[./oai:header/oai:identifier/text() = 'oai:mbcarrom.linguistlist.org:371']'. Probably an error in provider content.
Tests run: 7, Failures: 0, Errors: 0, Skipped: 0, Time elapsed: 0.103 sec - in nl.mpi.oai.harvester.StaticProviderTest
Running nl.mpi.oai.harvester.cycle.XMLOverviewTest
Tests run: 2, Failures: 0, Errors: 0, Skipped: 0, Time elapsed: 0.289 sec - in nl.mpi.oai.harvester.cycle.XMLOverviewTest
Running nl.mpi.oai.harvester.cycle.AdapterTest
Tests run: 2, Failures: 0, Errors: 0, Skipped: 0, Time elapsed: 0.352 sec - in nl.mpi.oai.harvester.cycle.AdapterTest
Running nl.mpi.oai.harvester.cycle.CycleTest
Tests run: 3, Failures: 0, Errors: 0, Skipped: 0, Time elapsed: 0.032 sec - in nl.mpi.oai.harvester.cycle.CycleTest
Running nl.mpi.oai.harvester.control.ConfigurationTest
21:37:54.463 [main] INFO  org.eclipse.jetty.util.log - Logging initialized @5478ms to org.eclipse.jetty.util.log.Slf4jLog
21:37:54.841 [main] INFO  org.eclipse.jetty.server.Server - jetty-9.4.19.v20190610; built: 2019-06-10T16:30:51.723Z; git: afcf563148970e98786327af5e07c261fda175d3; jvm 1.8.0_262-b10
21:37:54.946 [main] INFO  org.eclipse.jetty.server.handler.ContextHandler - Started o.e.j.s.ServletContextHandler@70ebe93e{/__admin,null,AVAILABLE}
21:37:54.966 [main] INFO  org.eclipse.jetty.server.handler.ContextHandler - Started o.e.j.s.ServletContextHandler@15691302{/,null,AVAILABLE}
21:37:55.007 [main] INFO  org.eclipse.jetty.server.AbstractConnector - Started NetworkTrafficServerConnector@3210c2de{HTTP/1.1,[http/1.1]}{0.0.0.0:8089}
21:37:55.007 [main] INFO  org.eclipse.jetty.server.Server - Started @6026ms
21:37:55.041 [main] DEBUG nl.mpi.oai.harvester.control.ConfigurationTest - Resource /config/test-config-basic.xml -> file on disk /tmp/nl.mpi.oai.harvester.control.ConfigurationTest5733016502174754931.xml
21:37:55.063 [main] DEBUG nl.mpi.oai.harvester.control.Configuration - Reading: settings
21:37:55.069 [main] WARN  nl.mpi.oai.harvester.control.Configuration - Config file has no value for overview-file. This may be an error. Continuing anyway.
21:37:55.070 [main] WARN  nl.mpi.oai.harvester.control.Configuration - Config file has no value for map-file. This may be an error. Continuing anyway.
21:37:55.070 [main] WARN  nl.mpi.oai.harvester.control.Configuration - Config file has no value for save-response. This may be an error. Continuing anyway.
21:37:55.072 [main] DEBUG nl.mpi.oai.harvester.control.Configuration - Reading: outputs
21:37:55.078 [main] DEBUG nl.mpi.oai.harvester.control.Configuration - Reading: actions
21:37:55.112 [main] DEBUG nl.mpi.oai.harvester.control.Configuration - Reading: providers
21:37:55.113 [main] DEBUG nl.mpi.oai.harvester.control.Configuration - No import node in the configuration file
21:37:55.115 [main] INFO  nl.mpi.oai.harvester.control.Configuration - Provider[https://www.meertens.knaw.nl/flat/oai2] scenario[null] timeout[60] retry[2,[I@59527c30]
21:37:55.116 [main] DEBUG nl.mpi.oai.harvester.control.Configuration - Finished reading config
21:37:56.143 [qtp211288447-32] INFO  org.eclipse.jetty.server.handler.ContextHandler.__admin - RequestHandlerClass from context returned com.github.tomakehurst.wiremock.http.AdminRequestHandler. Normalized mapped under returned 'null'
21:37:56.618 [main] DEBUG nl.mpi.oai.harvester.control.ConfigurationTest - Resource /config/test-config-import.xml -> file on disk /tmp/nl.mpi.oai.harvester.control.ConfigurationTest1972889477516085553.xml
21:37:56.622 [main] DEBUG nl.mpi.oai.harvester.control.Configuration - Reading: settings
21:37:56.624 [main] WARN  nl.mpi.oai.harvester.control.Configuration - Config file has no value for overview-file. This may be an error. Continuing anyway.
21:37:56.624 [main] WARN  nl.mpi.oai.harvester.control.Configuration - Config file has no value for map-file. This may be an error. Continuing anyway.
21:37:56.624 [main] WARN  nl.mpi.oai.harvester.control.Configuration - Config file has no value for save-response. This may be an error. Continuing anyway.
21:37:56.625 [main] DEBUG nl.mpi.oai.harvester.control.Configuration - Reading: outputs
21:37:56.648 [main] DEBUG nl.mpi.oai.harvester.control.Configuration - Reading: actions
21:37:56.650 [main] DEBUG nl.mpi.oai.harvester.control.Configuration - Reading: providers
21:37:56.685 [main] DEBUG nl.mpi.oai.harvester.control.Configuration - Included set types: [Tests1, Test2]
21:37:56.686 [main] DEBUG nl.mpi.oai.harvester.control.Configuration - Excluded set types: [Test1]
21:37:56.687 [main] INFO  nl.mpi.oai.harvester.control.Configuration - Importing providers from registry at http://localhost:8089/
21:37:56.702 [qtp211288447-26] INFO  org.eclipse.jetty.server.handler.ContextHandler.ROOT - RequestHandlerClass from context returned com.github.tomakehurst.wiremock.http.StubRequestHandler. Normalized mapped under returned 'null'
21:37:56.749 [main] INFO  nl.mpi.oai.harvester.control.RegistryReader - Fetching information on 24 centres
21:37:56.770 [main] DEBUG nl.mpi.oai.harvester.control.RegistryReader - {http://www.phonetik.uni-muenchen.de/cgi-bin/BASRepository/oaipmh/oai.pl?verb=Identify} SetSpec=test-set1
21:37:56.770 [main] DEBUG nl.mpi.oai.harvester.control.RegistryReader - {http://www.phonetik.uni-muenchen.de/cgi-bin/BASRepository/oaipmh/oai.pl?verb=Identify} SetType=Test1
21:37:56.772 [main] DEBUG nl.mpi.oai.harvester.control.RegistryReader - {http://www.phonetik.uni-muenchen.de/cgi-bin/BASRepository/oaipmh/oai.pl?verb=Identify} SetSpec=test-set2
21:37:56.772 [main] DEBUG nl.mpi.oai.harvester.control.RegistryReader - {http://www.phonetik.uni-muenchen.de/cgi-bin/BASRepository/oaipmh/oai.pl?verb=Identify} SetType=Test2
21:37:56.780 [main] DEBUG nl.mpi.oai.harvester.control.RegistryReader - {http://www.phonetik.uni-muenchen.de/cgi-bin/BASRepository/oaipmh/oai.pl?verb=Identify} SetSpec=test-set1
21:37:56.781 [main] DEBUG nl.mpi.oai.harvester.control.RegistryReader - {http://www.phonetik.uni-muenchen.de/cgi-bin/BASRepository/oaipmh/oai.pl?verb=Identify} SetType=Test1
21:37:56.781 [main] DEBUG nl.mpi.oai.harvester.control.RegistryReader - {http://www.phonetik.uni-muenchen.de/cgi-bin/BASRepository/oaipmh/oai.pl?verb=Identify} SetSpec=test-set2
21:37:56.781 [main] DEBUG nl.mpi.oai.harvester.control.RegistryReader - {http://www.phonetik.uni-muenchen.de/cgi-bin/BASRepository/oaipmh/oai.pl?verb=Identify} SetType=Test2
21:37:56.797 [main] DEBUG nl.mpi.oai.harvester.control.RegistryReader - {http://www.phonetik.uni-muenchen.de/cgi-bin/BASRepository/oaipmh/oai.pl?verb=Identify} SetSpec=test-set1
21:37:56.798 [main] DEBUG nl.mpi.oai.harvester.control.RegistryReader - {http://www.phonetik.uni-muenchen.de/cgi-bin/BASRepository/oaipmh/oai.pl?verb=Identify} SetType=Test1
21:37:56.798 [main] DEBUG nl.mpi.oai.harvester.control.RegistryReader - {http://www.phonetik.uni-muenchen.de/cgi-bin/BASRepository/oaipmh/oai.pl?verb=Identify} SetSpec=test-set2
21:37:56.798 [main] DEBUG nl.mpi.oai.harvester.control.RegistryReader - {http://www.phonetik.uni-muenchen.de/cgi-bin/BASRepository/oaipmh/oai.pl?verb=Identify} SetType=Test2
21:37:56.810 [main] DEBUG nl.mpi.oai.harvester.control.RegistryReader - {http://www.phonetik.uni-muenchen.de/cgi-bin/BASRepository/oaipmh/oai.pl?verb=Identify} SetSpec=test-set1
21:37:56.811 [main] DEBUG nl.mpi.oai.harvester.control.RegistryReader - {http://www.phonetik.uni-muenchen.de/cgi-bin/BASRepository/oaipmh/oai.pl?verb=Identify} SetType=Test1
21:37:56.811 [main] DEBUG nl.mpi.oai.harvester.control.RegistryReader - {http://www.phonetik.uni-muenchen.de/cgi-bin/BASRepository/oaipmh/oai.pl?verb=Identify} SetSpec=test-set2
21:37:56.812 [main] DEBUG nl.mpi.oai.harvester.control.RegistryReader - {http://www.phonetik.uni-muenchen.de/cgi-bin/BASRepository/oaipmh/oai.pl?verb=Identify} SetType=Test2
21:37:56.820 [main] DEBUG nl.mpi.oai.harvester.control.RegistryReader - {http://www.phonetik.uni-muenchen.de/cgi-bin/BASRepository/oaipmh/oai.pl?verb=Identify} SetSpec=test-set1
21:37:56.825 [main] DEBUG nl.mpi.oai.harvester.control.RegistryReader - {http://www.phonetik.uni-muenchen.de/cgi-bin/BASRepository/oaipmh/oai.pl?verb=Identify} SetType=Test1
21:37:56.826 [main] DEBUG nl.mpi.oai.harvester.control.RegistryReader - {http://www.phonetik.uni-muenchen.de/cgi-bin/BASRepository/oaipmh/oai.pl?verb=Identify} SetSpec=test-set2
21:37:56.826 [main] DEBUG nl.mpi.oai.harvester.control.RegistryReader - {http://www.phonetik.uni-muenchen.de/cgi-bin/BASRepository/oaipmh/oai.pl?verb=Identify} SetType=Test2
21:37:56.838 [main] DEBUG nl.mpi.oai.harvester.control.RegistryReader - {http://www.phonetik.uni-muenchen.de/cgi-bin/BASRepository/oaipmh/oai.pl?verb=Identify} SetSpec=test-set1
21:37:56.838 [main] DEBUG nl.mpi.oai.harvester.control.RegistryReader - {http://www.phonetik.uni-muenchen.de/cgi-bin/BASRepository/oaipmh/oai.pl?verb=Identify} SetType=Test1
21:37:56.838 [main] DEBUG nl.mpi.oai.harvester.control.RegistryReader - {http://www.phonetik.uni-muenchen.de/cgi-bin/BASRepository/oaipmh/oai.pl?verb=Identify} SetSpec=test-set2
21:37:56.838 [main] DEBUG nl.mpi.oai.harvester.control.RegistryReader - {http://www.phonetik.uni-muenchen.de/cgi-bin/BASRepository/oaipmh/oai.pl?verb=Identify} SetType=Test2
21:37:56.852 [main] DEBUG nl.mpi.oai.harvester.control.RegistryReader - {http://www.phonetik.uni-muenchen.de/cgi-bin/BASRepository/oaipmh/oai.pl?verb=Identify} SetSpec=test-set1
21:37:56.852 [main] DEBUG nl.mpi.oai.harvester.control.RegistryReader - {http://www.phonetik.uni-muenchen.de/cgi-bin/BASRepository/oaipmh/oai.pl?verb=Identify} SetType=Test1
21:37:56.853 [main] DEBUG nl.mpi.oai.harvester.control.RegistryReader - {http://www.phonetik.uni-muenchen.de/cgi-bin/BASRepository/oaipmh/oai.pl?verb=Identify} SetSpec=test-set2
21:37:56.853 [main] DEBUG nl.mpi.oai.harvester.control.RegistryReader - {http://www.phonetik.uni-muenchen.de/cgi-bin/BASRepository/oaipmh/oai.pl?verb=Identify} SetType=Test2
21:37:56.864 [main] DEBUG nl.mpi.oai.harvester.control.RegistryReader - {http://www.phonetik.uni-muenchen.de/cgi-bin/BASRepository/oaipmh/oai.pl?verb=Identify} SetSpec=test-set1
21:37:56.864 [main] DEBUG nl.mpi.oai.harvester.control.RegistryReader - {http://www.phonetik.uni-muenchen.de/cgi-bin/BASRepository/oaipmh/oai.pl?verb=Identify} SetType=Test1
21:37:56.865 [main] DEBUG nl.mpi.oai.harvester.control.RegistryReader - {http://www.phonetik.uni-muenchen.de/cgi-bin/BASRepository/oaipmh/oai.pl?verb=Identify} SetSpec=test-set2
21:37:56.866 [main] DEBUG nl.mpi.oai.harvester.control.RegistryReader - {http://www.phonetik.uni-muenchen.de/cgi-bin/BASRepository/oaipmh/oai.pl?verb=Identify} SetType=Test2
21:37:56.881 [main] DEBUG nl.mpi.oai.harvester.control.RegistryReader - {http://www.phonetik.uni-muenchen.de/cgi-bin/BASRepository/oaipmh/oai.pl?verb=Identify} SetSpec=test-set1
21:37:56.881 [main] DEBUG nl.mpi.oai.harvester.control.RegistryReader - {http://www.phonetik.uni-muenchen.de/cgi-bin/BASRepository/oaipmh/oai.pl?verb=Identify} SetType=Test1
21:37:56.881 [main] DEBUG nl.mpi.oai.harvester.control.RegistryReader - {http://www.phonetik.uni-muenchen.de/cgi-bin/BASRepository/oaipmh/oai.pl?verb=Identify} SetSpec=test-set2
21:37:56.882 [main] DEBUG nl.mpi.oai.harvester.control.RegistryReader - {http://www.phonetik.uni-muenchen.de/cgi-bin/BASRepository/oaipmh/oai.pl?verb=Identify} SetType=Test2
21:37:56.889 [main] DEBUG nl.mpi.oai.harvester.control.RegistryReader - {http://www.phonetik.uni-muenchen.de/cgi-bin/BASRepository/oaipmh/oai.pl?verb=Identify} SetSpec=test-set1
21:37:56.889 [main] DEBUG nl.mpi.oai.harvester.control.RegistryReader - {http://www.phonetik.uni-muenchen.de/cgi-bin/BASRepository/oaipmh/oai.pl?verb=Identify} SetType=Test1
21:37:56.889 [main] DEBUG nl.mpi.oai.harvester.control.RegistryReader - {http://www.phonetik.uni-muenchen.de/cgi-bin/BASRepository/oaipmh/oai.pl?verb=Identify} SetSpec=test-set2
21:37:56.889 [main] DEBUG nl.mpi.oai.harvester.control.RegistryReader - {http://www.phonetik.uni-muenchen.de/cgi-bin/BASRepository/oaipmh/oai.pl?verb=Identify} SetType=Test2
21:37:56.898 [main] DEBUG nl.mpi.oai.harvester.control.RegistryReader - {http://www.phonetik.uni-muenchen.de/cgi-bin/BASRepository/oaipmh/oai.pl?verb=Identify} SetSpec=test-set1
21:37:56.898 [main] DEBUG nl.mpi.oai.harvester.control.RegistryReader - {http://www.phonetik.uni-muenchen.de/cgi-bin/BASRepository/oaipmh/oai.pl?verb=Identify} SetType=Test1
21:37:56.899 [main] DEBUG nl.mpi.oai.harvester.control.RegistryReader - {http://www.phonetik.uni-muenchen.de/cgi-bin/BASRepository/oaipmh/oai.pl?verb=Identify} SetSpec=test-set2
21:37:56.899 [main] DEBUG nl.mpi.oai.harvester.control.RegistryReader - {http://www.phonetik.uni-muenchen.de/cgi-bin/BASRepository/oaipmh/oai.pl?verb=Identify} SetType=Test2
21:37:56.906 [main] DEBUG nl.mpi.oai.harvester.control.RegistryReader - {http://www.phonetik.uni-muenchen.de/cgi-bin/BASRepository/oaipmh/oai.pl?verb=Identify} SetSpec=test-set1
21:37:56.906 [main] DEBUG nl.mpi.oai.harvester.control.RegistryReader - {http://www.phonetik.uni-muenchen.de/cgi-bin/BASRepository/oaipmh/oai.pl?verb=Identify} SetType=Test1
21:37:56.907 [main] DEBUG nl.mpi.oai.harvester.control.RegistryReader - {http://www.phonetik.uni-muenchen.de/cgi-bin/BASRepository/oaipmh/oai.pl?verb=Identify} SetSpec=test-set2
21:37:56.907 [main] DEBUG nl.mpi.oai.harvester.control.RegistryReader - {http://www.phonetik.uni-muenchen.de/cgi-bin/BASRepository/oaipmh/oai.pl?verb=Identify} SetType=Test2
21:37:56.935 [main] DEBUG nl.mpi.oai.harvester.control.RegistryReader - {http://www.phonetik.uni-muenchen.de/cgi-bin/BASRepository/oaipmh/oai.pl?verb=Identify} SetSpec=test-set1
21:37:56.936 [main] DEBUG nl.mpi.oai.harvester.control.RegistryReader - {http://www.phonetik.uni-muenchen.de/cgi-bin/BASRepository/oaipmh/oai.pl?verb=Identify} SetType=Test1
21:37:56.936 [main] DEBUG nl.mpi.oai.harvester.control.RegistryReader - {http://www.phonetik.uni-muenchen.de/cgi-bin/BASRepository/oaipmh/oai.pl?verb=Identify} SetSpec=test-set2
21:37:56.936 [main] DEBUG nl.mpi.oai.harvester.control.RegistryReader - {http://www.phonetik.uni-muenchen.de/cgi-bin/BASRepository/oaipmh/oai.pl?verb=Identify} SetType=Test2
21:37:56.944 [main] DEBUG nl.mpi.oai.harvester.control.RegistryReader - {http://www.phonetik.uni-muenchen.de/cgi-bin/BASRepository/oaipmh/oai.pl?verb=Identify} SetSpec=test-set1
21:37:56.944 [main] DEBUG nl.mpi.oai.harvester.control.RegistryReader - {http://www.phonetik.uni-muenchen.de/cgi-bin/BASRepository/oaipmh/oai.pl?verb=Identify} SetType=Test1
21:37:56.944 [main] DEBUG nl.mpi.oai.harvester.control.RegistryReader - {http://www.phonetik.uni-muenchen.de/cgi-bin/BASRepository/oaipmh/oai.pl?verb=Identify} SetSpec=test-set2
21:37:56.944 [main] DEBUG nl.mpi.oai.harvester.control.RegistryReader - {http://www.phonetik.uni-muenchen.de/cgi-bin/BASRepository/oaipmh/oai.pl?verb=Identify} SetType=Test2
21:37:56.959 [main] DEBUG nl.mpi.oai.harvester.control.RegistryReader - {http://www.phonetik.uni-muenchen.de/cgi-bin/BASRepository/oaipmh/oai.pl?verb=Identify} SetSpec=test-set1
21:37:56.960 [main] DEBUG nl.mpi.oai.harvester.control.RegistryReader - {http://www.phonetik.uni-muenchen.de/cgi-bin/BASRepository/oaipmh/oai.pl?verb=Identify} SetType=Test1
21:37:56.960 [main] DEBUG nl.mpi.oai.harvester.control.RegistryReader - {http://www.phonetik.uni-muenchen.de/cgi-bin/BASRepository/oaipmh/oai.pl?verb=Identify} SetSpec=test-set2
21:37:56.960 [main] DEBUG nl.mpi.oai.harvester.control.RegistryReader - {http://www.phonetik.uni-muenchen.de/cgi-bin/BASRepository/oaipmh/oai.pl?verb=Identify} SetType=Test2
21:37:56.966 [main] DEBUG nl.mpi.oai.harvester.control.RegistryReader - {http://www.phonetik.uni-muenchen.de/cgi-bin/BASRepository/oaipmh/oai.pl?verb=Identify} SetSpec=test-set1
21:37:56.966 [main] DEBUG nl.mpi.oai.harvester.control.RegistryReader - {http://www.phonetik.uni-muenchen.de/cgi-bin/BASRepository/oaipmh/oai.pl?verb=Identify} SetType=Test1
21:37:56.967 [main] DEBUG nl.mpi.oai.harvester.control.RegistryReader - {http://www.phonetik.uni-muenchen.de/cgi-bin/BASRepository/oaipmh/oai.pl?verb=Identify} SetSpec=test-set2
21:37:56.967 [main] DEBUG nl.mpi.oai.harvester.control.RegistryReader - {http://www.phonetik.uni-muenchen.de/cgi-bin/BASRepository/oaipmh/oai.pl?verb=Identify} SetType=Test2
21:37:56.977 [main] DEBUG nl.mpi.oai.harvester.control.RegistryReader - {http://www.phonetik.uni-muenchen.de/cgi-bin/BASRepository/oaipmh/oai.pl?verb=Identify} SetSpec=test-set1
21:37:56.977 [main] DEBUG nl.mpi.oai.harvester.control.RegistryReader - {http://www.phonetik.uni-muenchen.de/cgi-bin/BASRepository/oaipmh/oai.pl?verb=Identify} SetType=Test1
21:37:56.978 [main] DEBUG nl.mpi.oai.harvester.control.RegistryReader - {http://www.phonetik.uni-muenchen.de/cgi-bin/BASRepository/oaipmh/oai.pl?verb=Identify} SetSpec=test-set2
21:37:56.978 [main] DEBUG nl.mpi.oai.harvester.control.RegistryReader - {http://www.phonetik.uni-muenchen.de/cgi-bin/BASRepository/oaipmh/oai.pl?verb=Identify} SetType=Test2
21:37:56.987 [main] DEBUG nl.mpi.oai.harvester.control.RegistryReader - {http://www.phonetik.uni-muenchen.de/cgi-bin/BASRepository/oaipmh/oai.pl?verb=Identify} SetSpec=test-set1
21:37:56.987 [main] DEBUG nl.mpi.oai.harvester.control.RegistryReader - {http://www.phonetik.uni-muenchen.de/cgi-bin/BASRepository/oaipmh/oai.pl?verb=Identify} SetType=Test1
21:37:56.987 [main] DEBUG nl.mpi.oai.harvester.control.RegistryReader - {http://www.phonetik.uni-muenchen.de/cgi-bin/BASRepository/oaipmh/oai.pl?verb=Identify} SetSpec=test-set2
21:37:56.987 [main] DEBUG nl.mpi.oai.harvester.control.RegistryReader - {http://www.phonetik.uni-muenchen.de/cgi-bin/BASRepository/oaipmh/oai.pl?verb=Identify} SetType=Test2
21:37:56.993 [main] DEBUG nl.mpi.oai.harvester.control.RegistryReader - {http://www.phonetik.uni-muenchen.de/cgi-bin/BASRepository/oaipmh/oai.pl?verb=Identify} SetSpec=test-set1
21:37:56.993 [main] DEBUG nl.mpi.oai.harvester.control.RegistryReader - {http://www.phonetik.uni-muenchen.de/cgi-bin/BASRepository/oaipmh/oai.pl?verb=Identify} SetType=Test1
21:37:56.993 [main] DEBUG nl.mpi.oai.harvester.control.RegistryReader - {http://www.phonetik.uni-muenchen.de/cgi-bin/BASRepository/oaipmh/oai.pl?verb=Identify} SetSpec=test-set2
21:37:56.993 [main] DEBUG nl.mpi.oai.harvester.control.RegistryReader - {http://www.phonetik.uni-muenchen.de/cgi-bin/BASRepository/oaipmh/oai.pl?verb=Identify} SetType=Test2
21:37:57.002 [main] DEBUG nl.mpi.oai.harvester.control.RegistryReader - {http://www.phonetik.uni-muenchen.de/cgi-bin/BASRepository/oaipmh/oai.pl?verb=Identify} SetSpec=test-set1
21:37:57.002 [main] DEBUG nl.mpi.oai.harvester.control.RegistryReader - {http://www.phonetik.uni-muenchen.de/cgi-bin/BASRepository/oaipmh/oai.pl?verb=Identify} SetType=Test1
21:37:57.002 [main] DEBUG nl.mpi.oai.harvester.control.RegistryReader - {http://www.phonetik.uni-muenchen.de/cgi-bin/BASRepository/oaipmh/oai.pl?verb=Identify} SetSpec=test-set2
21:37:57.002 [main] DEBUG nl.mpi.oai.harvester.control.RegistryReader - {http://www.phonetik.uni-muenchen.de/cgi-bin/BASRepository/oaipmh/oai.pl?verb=Identify} SetType=Test2
21:37:57.041 [main] DEBUG nl.mpi.oai.harvester.control.RegistryReader - {http://www.phonetik.uni-muenchen.de/cgi-bin/BASRepository/oaipmh/oai.pl?verb=Identify} SetSpec=test-set1
21:37:57.042 [main] DEBUG nl.mpi.oai.harvester.control.RegistryReader - {http://www.phonetik.uni-muenchen.de/cgi-bin/BASRepository/oaipmh/oai.pl?verb=Identify} SetType=Test1
21:37:57.042 [main] DEBUG nl.mpi.oai.harvester.control.RegistryReader - {http://www.phonetik.uni-muenchen.de/cgi-bin/BASRepository/oaipmh/oai.pl?verb=Identify} SetSpec=test-set2
21:37:57.042 [main] DEBUG nl.mpi.oai.harvester.control.RegistryReader - {http://www.phonetik.uni-muenchen.de/cgi-bin/BASRepository/oaipmh/oai.pl?verb=Identify} SetType=Test2
21:37:57.047 [main] DEBUG nl.mpi.oai.harvester.control.RegistryReader - {http://www.phonetik.uni-muenchen.de/cgi-bin/BASRepository/oaipmh/oai.pl?verb=Identify} SetSpec=test-set1
21:37:57.048 [main] DEBUG nl.mpi.oai.harvester.control.RegistryReader - {http://www.phonetik.uni-muenchen.de/cgi-bin/BASRepository/oaipmh/oai.pl?verb=Identify} SetType=Test1
21:37:57.048 [main] DEBUG nl.mpi.oai.harvester.control.RegistryReader - {http://www.phonetik.uni-muenchen.de/cgi-bin/BASRepository/oaipmh/oai.pl?verb=Identify} SetSpec=test-set2
21:37:57.048 [main] DEBUG nl.mpi.oai.harvester.control.RegistryReader - {http://www.phonetik.uni-muenchen.de/cgi-bin/BASRepository/oaipmh/oai.pl?verb=Identify} SetType=Test2
21:37:57.058 [main] DEBUG nl.mpi.oai.harvester.control.RegistryReader - {http://www.phonetik.uni-muenchen.de/cgi-bin/BASRepository/oaipmh/oai.pl?verb=Identify} SetSpec=test-set1
21:37:57.058 [main] DEBUG nl.mpi.oai.harvester.control.RegistryReader - {http://www.phonetik.uni-muenchen.de/cgi-bin/BASRepository/oaipmh/oai.pl?verb=Identify} SetType=Test1
21:37:57.058 [main] DEBUG nl.mpi.oai.harvester.control.RegistryReader - {http://www.phonetik.uni-muenchen.de/cgi-bin/BASRepository/oaipmh/oai.pl?verb=Identify} SetSpec=test-set2
21:37:57.058 [main] DEBUG nl.mpi.oai.harvester.control.RegistryReader - {http://www.phonetik.uni-muenchen.de/cgi-bin/BASRepository/oaipmh/oai.pl?verb=Identify} SetType=Test2
21:37:57.065 [main] DEBUG nl.mpi.oai.harvester.control.RegistryReader - {http://www.phonetik.uni-muenchen.de/cgi-bin/BASRepository/oaipmh/oai.pl?verb=Identify} SetSpec=test-set1
21:37:57.065 [main] DEBUG nl.mpi.oai.harvester.control.RegistryReader - {http://www.phonetik.uni-muenchen.de/cgi-bin/BASRepository/oaipmh/oai.pl?verb=Identify} SetType=Test1
21:37:57.065 [main] DEBUG nl.mpi.oai.harvester.control.RegistryReader - {http://www.phonetik.uni-muenchen.de/cgi-bin/BASRepository/oaipmh/oai.pl?verb=Identify} SetSpec=test-set2
21:37:57.065 [main] DEBUG nl.mpi.oai.harvester.control.RegistryReader - {http://www.phonetik.uni-muenchen.de/cgi-bin/BASRepository/oaipmh/oai.pl?verb=Identify} SetType=Test2
21:37:57.066 [main] DEBUG nl.mpi.oai.harvester.control.Configuration - Including endpointhttp://www.phonetik.uni-muenchen.de/cgi-bin/BASRepository/oaipmh/oai2.pl?verb=Identify
21:37:57.067 [main] DEBUG nl.mpi.oai.harvester.control.Configuration - Including endpointhttp://www.phonetik.uni-muenchen.de/cgi-bin/BASRepository/oaipmh/oai.pl?verb=Identify
21:37:57.071 [main] DEBUG nl.mpi.oai.harvester.control.Configuration - Sets for http://www.phonetik.uni-muenchen.de/cgi-bin/BASRepository/oaipmh/oai.pl?verb=Identify; before include/exclude filter: [CentreRegistrySetDefinition{setSpec=test-set1, setType=Test1}, CentreRegistrySetDefinition{setSpec=test-set2, setType=Test2}]; after filter: [CentreRegistrySetDefinition{setSpec=test-set2, setType=Test2}]
21:37:57.079 [main] DEBUG nl.mpi.oai.harvester.control.Configuration - Finished reading config
21:37:57.090 [main] INFO  org.eclipse.jetty.server.AbstractConnector - Stopped NetworkTrafficServerConnector@3210c2de{HTTP/1.1,[http/1.1]}{0.0.0.0:8089}
21:37:57.093 [main] INFO  org.eclipse.jetty.server.handler.ContextHandler - Stopped o.e.j.s.ServletContextHandler@15691302{/,null,UNAVAILABLE}
21:37:57.093 [main] INFO  org.eclipse.jetty.server.handler.ContextHandler - Stopped o.e.j.s.ServletContextHandler@70ebe93e{/__admin,null,UNAVAILABLE}
Tests run: 5, Failures: 0, Errors: 0, Skipped: 0, Time elapsed: 3.168 sec - in nl.mpi.oai.harvester.control.ConfigurationTest
Running nl.mpi.oai.harvester.control.UtilTest
Tests run: 5, Failures: 0, Errors: 0, Skipped: 0, Time elapsed: 0.026 sec - in nl.mpi.oai.harvester.control.UtilTest
Running nl.mpi.oai.harvester.control.RegistryReaderTest
21:37:57.128 [main] INFO  org.eclipse.jetty.server.Server - jetty-9.4.19.v20190610; built: 2019-06-10T16:30:51.723Z; git: afcf563148970e98786327af5e07c261fda175d3; jvm 1.8.0_262-b10
21:37:57.163 [main] INFO  org.eclipse.jetty.server.handler.ContextHandler - Started o.e.j.s.ServletContextHandler@4156134d{/__admin,null,AVAILABLE}
21:37:57.164 [main] INFO  org.eclipse.jetty.server.handler.ContextHandler - Started o.e.j.s.ServletContextHandler@3c3f2465{/,null,AVAILABLE}
21:37:57.169 [main] INFO  org.eclipse.jetty.server.AbstractConnector - Started NetworkTrafficServerConnector@36ec390a{HTTP/1.1,[http/1.1]}{0.0.0.0:8089}
21:37:57.169 [main] INFO  org.eclipse.jetty.server.Server - Started @8188ms
21:37:57.182 [qtp1674593021-41] INFO  org.eclipse.jetty.server.handler.ContextHandler.__admin - RequestHandlerClass from context returned com.github.tomakehurst.wiremock.http.AdminRequestHandler. Normalized mapped under returned 'null'
21:37:57.318 [qtp1674593021-35] INFO  org.eclipse.jetty.server.handler.ContextHandler.ROOT - RequestHandlerClass from context returned com.github.tomakehurst.wiremock.http.StubRequestHandler. Normalized mapped under returned 'null'
21:37:57.328 [main] INFO  nl.mpi.oai.harvester.control.RegistryReader - Fetching information on 24 centres
21:37:57.744 [main] INFO  nl.mpi.oai.harvester.control.RegistryReader - Fetching information on 24 centres
21:37:57.749 [main] DEBUG nl.mpi.oai.harvester.control.RegistryReader - {http://www.phonetik.uni-muenchen.de/cgi-bin/BASRepository/oaipmh/oai.pl?verb=Identify} SetSpec=test-set1
21:37:57.750 [main] DEBUG nl.mpi.oai.harvester.control.RegistryReader - {http://www.phonetik.uni-muenchen.de/cgi-bin/BASRepository/oaipmh/oai.pl?verb=Identify} SetType=Test1
21:37:57.751 [main] DEBUG nl.mpi.oai.harvester.control.RegistryReader - {http://www.phonetik.uni-muenchen.de/cgi-bin/BASRepository/oaipmh/oai.pl?verb=Identify} SetSpec=test-set2
21:37:57.751 [main] DEBUG nl.mpi.oai.harvester.control.RegistryReader - {http://www.phonetik.uni-muenchen.de/cgi-bin/BASRepository/oaipmh/oai.pl?verb=Identify} SetType=Test2
21:37:57.758 [main] DEBUG nl.mpi.oai.harvester.control.RegistryReader - {http://www.phonetik.uni-muenchen.de/cgi-bin/BASRepository/oaipmh/oai.pl?verb=Identify} SetSpec=test-set1
21:37:57.759 [main] DEBUG nl.mpi.oai.harvester.control.RegistryReader - {http://www.phonetik.uni-muenchen.de/cgi-bin/BASRepository/oaipmh/oai.pl?verb=Identify} SetType=Test1
21:37:57.759 [main] DEBUG nl.mpi.oai.harvester.control.RegistryReader - {http://www.phonetik.uni-muenchen.de/cgi-bin/BASRepository/oaipmh/oai.pl?verb=Identify} SetSpec=test-set2
21:37:57.759 [main] DEBUG nl.mpi.oai.harvester.control.RegistryReader - {http://www.phonetik.uni-muenchen.de/cgi-bin/BASRepository/oaipmh/oai.pl?verb=Identify} SetType=Test2
21:37:57.774 [main] DEBUG nl.mpi.oai.harvester.control.RegistryReader - {http://www.phonetik.uni-muenchen.de/cgi-bin/BASRepository/oaipmh/oai.pl?verb=Identify} SetSpec=test-set1
21:37:57.775 [main] DEBUG nl.mpi.oai.harvester.control.RegistryReader - {http://www.phonetik.uni-muenchen.de/cgi-bin/BASRepository/oaipmh/oai.pl?verb=Identify} SetType=Test1
21:37:57.775 [main] DEBUG nl.mpi.oai.harvester.control.RegistryReader - {http://www.phonetik.uni-muenchen.de/cgi-bin/BASRepository/oaipmh/oai.pl?verb=Identify} SetSpec=test-set2
21:37:57.775 [main] DEBUG nl.mpi.oai.harvester.control.RegistryReader - {http://www.phonetik.uni-muenchen.de/cgi-bin/BASRepository/oaipmh/oai.pl?verb=Identify} SetType=Test2
21:37:57.783 [main] DEBUG nl.mpi.oai.harvester.control.RegistryReader - {http://www.phonetik.uni-muenchen.de/cgi-bin/BASRepository/oaipmh/oai.pl?verb=Identify} SetSpec=test-set1
21:37:57.783 [main] DEBUG nl.mpi.oai.harvester.control.RegistryReader - {http://www.phonetik.uni-muenchen.de/cgi-bin/BASRepository/oaipmh/oai.pl?verb=Identify} SetType=Test1
21:37:57.784 [main] DEBUG nl.mpi.oai.harvester.control.RegistryReader - {http://www.phonetik.uni-muenchen.de/cgi-bin/BASRepository/oaipmh/oai.pl?verb=Identify} SetSpec=test-set2
21:37:57.784 [main] DEBUG nl.mpi.oai.harvester.control.RegistryReader - {http://www.phonetik.uni-muenchen.de/cgi-bin/BASRepository/oaipmh/oai.pl?verb=Identify} SetType=Test2
21:37:57.789 [main] DEBUG nl.mpi.oai.harvester.control.RegistryReader - {http://www.phonetik.uni-muenchen.de/cgi-bin/BASRepository/oaipmh/oai.pl?verb=Identify} SetSpec=test-set1
21:37:57.790 [main] DEBUG nl.mpi.oai.harvester.control.RegistryReader - {http://www.phonetik.uni-muenchen.de/cgi-bin/BASRepository/oaipmh/oai.pl?verb=Identify} SetType=Test1
21:37:57.791 [main] DEBUG nl.mpi.oai.harvester.control.RegistryReader - {http://www.phonetik.uni-muenchen.de/cgi-bin/BASRepository/oaipmh/oai.pl?verb=Identify} SetSpec=test-set2
21:37:57.791 [main] DEBUG nl.mpi.oai.harvester.control.RegistryReader - {http://www.phonetik.uni-muenchen.de/cgi-bin/BASRepository/oaipmh/oai.pl?verb=Identify} SetType=Test2
21:37:57.803 [main] DEBUG nl.mpi.oai.harvester.control.RegistryReader - {http://www.phonetik.uni-muenchen.de/cgi-bin/BASRepository/oaipmh/oai.pl?verb=Identify} SetSpec=test-set1
21:37:57.803 [main] DEBUG nl.mpi.oai.harvester.control.RegistryReader - {http://www.phonetik.uni-muenchen.de/cgi-bin/BASRepository/oaipmh/oai.pl?verb=Identify} SetType=Test1
21:37:57.803 [main] DEBUG nl.mpi.oai.harvester.control.RegistryReader - {http://www.phonetik.uni-muenchen.de/cgi-bin/BASRepository/oaipmh/oai.pl?verb=Identify} SetSpec=test-set2
21:37:57.803 [main] DEBUG nl.mpi.oai.harvester.control.RegistryReader - {http://www.phonetik.uni-muenchen.de/cgi-bin/BASRepository/oaipmh/oai.pl?verb=Identify} SetType=Test2
21:37:57.810 [main] DEBUG nl.mpi.oai.harvester.control.RegistryReader - {http://www.phonetik.uni-muenchen.de/cgi-bin/BASRepository/oaipmh/oai.pl?verb=Identify} SetSpec=test-set1
21:37:57.810 [main] DEBUG nl.mpi.oai.harvester.control.RegistryReader - {http://www.phonetik.uni-muenchen.de/cgi-bin/BASRepository/oaipmh/oai.pl?verb=Identify} SetType=Test1
21:37:57.810 [main] DEBUG nl.mpi.oai.harvester.control.RegistryReader - {http://www.phonetik.uni-muenchen.de/cgi-bin/BASRepository/oaipmh/oai.pl?verb=Identify} SetSpec=test-set2
21:37:57.810 [main] DEBUG nl.mpi.oai.harvester.control.RegistryReader - {http://www.phonetik.uni-muenchen.de/cgi-bin/BASRepository/oaipmh/oai.pl?verb=Identify} SetType=Test2
21:37:57.816 [main] DEBUG nl.mpi.oai.harvester.control.RegistryReader - {http://www.phonetik.uni-muenchen.de/cgi-bin/BASRepository/oaipmh/oai.pl?verb=Identify} SetSpec=test-set1
21:37:57.816 [main] DEBUG nl.mpi.oai.harvester.control.RegistryReader - {http://www.phonetik.uni-muenchen.de/cgi-bin/BASRepository/oaipmh/oai.pl?verb=Identify} SetType=Test1
21:37:57.817 [main] DEBUG nl.mpi.oai.harvester.control.RegistryReader - {http://www.phonetik.uni-muenchen.de/cgi-bin/BASRepository/oaipmh/oai.pl?verb=Identify} SetSpec=test-set2
21:37:57.817 [main] DEBUG nl.mpi.oai.harvester.control.RegistryReader - {http://www.phonetik.uni-muenchen.de/cgi-bin/BASRepository/oaipmh/oai.pl?verb=Identify} SetType=Test2
21:37:57.822 [main] DEBUG nl.mpi.oai.harvester.control.RegistryReader - {http://www.phonetik.uni-muenchen.de/cgi-bin/BASRepository/oaipmh/oai.pl?verb=Identify} SetSpec=test-set1
21:37:57.823 [main] DEBUG nl.mpi.oai.harvester.control.RegistryReader - {http://www.phonetik.uni-muenchen.de/cgi-bin/BASRepository/oaipmh/oai.pl?verb=Identify} SetType=Test1
21:37:57.823 [main] DEBUG nl.mpi.oai.harvester.control.RegistryReader - {http://www.phonetik.uni-muenchen.de/cgi-bin/BASRepository/oaipmh/oai.pl?verb=Identify} SetSpec=test-set2
21:37:57.823 [main] DEBUG nl.mpi.oai.harvester.control.RegistryReader - {http://www.phonetik.uni-muenchen.de/cgi-bin/BASRepository/oaipmh/oai.pl?verb=Identify} SetType=Test2
21:37:57.828 [main] DEBUG nl.mpi.oai.harvester.control.RegistryReader - {http://www.phonetik.uni-muenchen.de/cgi-bin/BASRepository/oaipmh/oai.pl?verb=Identify} SetSpec=test-set1
21:37:57.828 [main] DEBUG nl.mpi.oai.harvester.control.RegistryReader - {http://www.phonetik.uni-muenchen.de/cgi-bin/BASRepository/oaipmh/oai.pl?verb=Identify} SetType=Test1
21:37:57.828 [main] DEBUG nl.mpi.oai.harvester.control.RegistryReader - {http://www.phonetik.uni-muenchen.de/cgi-bin/BASRepository/oaipmh/oai.pl?verb=Identify} SetSpec=test-set2
21:37:57.829 [main] DEBUG nl.mpi.oai.harvester.control.RegistryReader - {http://www.phonetik.uni-muenchen.de/cgi-bin/BASRepository/oaipmh/oai.pl?verb=Identify} SetType=Test2
21:37:57.834 [main] DEBUG nl.mpi.oai.harvester.control.RegistryReader - {http://www.phonetik.uni-muenchen.de/cgi-bin/BASRepository/oaipmh/oai.pl?verb=Identify} SetSpec=test-set1
21:37:57.834 [main] DEBUG nl.mpi.oai.harvester.control.RegistryReader - {http://www.phonetik.uni-muenchen.de/cgi-bin/BASRepository/oaipmh/oai.pl?verb=Identify} SetType=Test1
21:37:57.834 [main] DEBUG nl.mpi.oai.harvester.control.RegistryReader - {http://www.phonetik.uni-muenchen.de/cgi-bin/BASRepository/oaipmh/oai.pl?verb=Identify} SetSpec=test-set2
21:37:57.834 [main] DEBUG nl.mpi.oai.harvester.control.RegistryReader - {http://www.phonetik.uni-muenchen.de/cgi-bin/BASRepository/oaipmh/oai.pl?verb=Identify} SetType=Test2
21:37:57.844 [main] DEBUG nl.mpi.oai.harvester.control.RegistryReader - {http://www.phonetik.uni-muenchen.de/cgi-bin/BASRepository/oaipmh/oai.pl?verb=Identify} SetSpec=test-set1
21:37:57.845 [main] DEBUG nl.mpi.oai.harvester.control.RegistryReader - {http://www.phonetik.uni-muenchen.de/cgi-bin/BASRepository/oaipmh/oai.pl?verb=Identify} SetType=Test1
21:37:57.845 [main] DEBUG nl.mpi.oai.harvester.control.RegistryReader - {http://www.phonetik.uni-muenchen.de/cgi-bin/BASRepository/oaipmh/oai.pl?verb=Identify} SetSpec=test-set2
21:37:57.846 [main] DEBUG nl.mpi.oai.harvester.control.RegistryReader - {http://www.phonetik.uni-muenchen.de/cgi-bin/BASRepository/oaipmh/oai.pl?verb=Identify} SetType=Test2
21:37:57.852 [main] DEBUG nl.mpi.oai.harvester.control.RegistryReader - {http://www.phonetik.uni-muenchen.de/cgi-bin/BASRepository/oaipmh/oai.pl?verb=Identify} SetSpec=test-set1
21:37:57.852 [main] DEBUG nl.mpi.oai.harvester.control.RegistryReader - {http://www.phonetik.uni-muenchen.de/cgi-bin/BASRepository/oaipmh/oai.pl?verb=Identify} SetType=Test1
21:37:57.852 [main] DEBUG nl.mpi.oai.harvester.control.RegistryReader - {http://www.phonetik.uni-muenchen.de/cgi-bin/BASRepository/oaipmh/oai.pl?verb=Identify} SetSpec=test-set2
21:37:57.853 [main] DEBUG nl.mpi.oai.harvester.control.RegistryReader - {http://www.phonetik.uni-muenchen.de/cgi-bin/BASRepository/oaipmh/oai.pl?verb=Identify} SetType=Test2
21:37:57.870 [main] DEBUG nl.mpi.oai.harvester.control.RegistryReader - {http://www.phonetik.uni-muenchen.de/cgi-bin/BASRepository/oaipmh/oai.pl?verb=Identify} SetSpec=test-set1
21:37:57.871 [main] DEBUG nl.mpi.oai.harvester.control.RegistryReader - {http://www.phonetik.uni-muenchen.de/cgi-bin/BASRepository/oaipmh/oai.pl?verb=Identify} SetType=Test1
21:37:57.871 [main] DEBUG nl.mpi.oai.harvester.control.RegistryReader - {http://www.phonetik.uni-muenchen.de/cgi-bin/BASRepository/oaipmh/oai.pl?verb=Identify} SetSpec=test-set2
21:37:57.871 [main] DEBUG nl.mpi.oai.harvester.control.RegistryReader - {http://www.phonetik.uni-muenchen.de/cgi-bin/BASRepository/oaipmh/oai.pl?verb=Identify} SetType=Test2
21:37:57.880 [main] DEBUG nl.mpi.oai.harvester.control.RegistryReader - {http://www.phonetik.uni-muenchen.de/cgi-bin/BASRepository/oaipmh/oai.pl?verb=Identify} SetSpec=test-set1
21:37:57.880 [main] DEBUG nl.mpi.oai.harvester.control.RegistryReader - {http://www.phonetik.uni-muenchen.de/cgi-bin/BASRepository/oaipmh/oai.pl?verb=Identify} SetType=Test1
21:37:57.880 [main] DEBUG nl.mpi.oai.harvester.control.RegistryReader - {http://www.phonetik.uni-muenchen.de/cgi-bin/BASRepository/oaipmh/oai.pl?verb=Identify} SetSpec=test-set2
21:37:57.880 [main] DEBUG nl.mpi.oai.harvester.control.RegistryReader - {http://www.phonetik.uni-muenchen.de/cgi-bin/BASRepository/oaipmh/oai.pl?verb=Identify} SetType=Test2
21:37:57.887 [main] DEBUG nl.mpi.oai.harvester.control.RegistryReader - {http://www.phonetik.uni-muenchen.de/cgi-bin/BASRepository/oaipmh/oai.pl?verb=Identify} SetSpec=test-set1
21:37:57.894 [main] DEBUG nl.mpi.oai.harvester.control.RegistryReader - {http://www.phonetik.uni-muenchen.de/cgi-bin/BASRepository/oaipmh/oai.pl?verb=Identify} SetType=Test1
21:37:57.894 [main] DEBUG nl.mpi.oai.harvester.control.RegistryReader - {http://www.phonetik.uni-muenchen.de/cgi-bin/BASRepository/oaipmh/oai.pl?verb=Identify} SetSpec=test-set2
21:37:57.894 [main] DEBUG nl.mpi.oai.harvester.control.RegistryReader - {http://www.phonetik.uni-muenchen.de/cgi-bin/BASRepository/oaipmh/oai.pl?verb=Identify} SetType=Test2
21:37:57.905 [main] DEBUG nl.mpi.oai.harvester.control.RegistryReader - {http://www.phonetik.uni-muenchen.de/cgi-bin/BASRepository/oaipmh/oai.pl?verb=Identify} SetSpec=test-set1
21:37:57.906 [main] DEBUG nl.mpi.oai.harvester.control.RegistryReader - {http://www.phonetik.uni-muenchen.de/cgi-bin/BASRepository/oaipmh/oai.pl?verb=Identify} SetType=Test1
21:37:57.906 [main] DEBUG nl.mpi.oai.harvester.control.RegistryReader - {http://www.phonetik.uni-muenchen.de/cgi-bin/BASRepository/oaipmh/oai.pl?verb=Identify} SetSpec=test-set2
21:37:57.906 [main] DEBUG nl.mpi.oai.harvester.control.RegistryReader - {http://www.phonetik.uni-muenchen.de/cgi-bin/BASRepository/oaipmh/oai.pl?verb=Identify} SetType=Test2
21:37:57.911 [main] DEBUG nl.mpi.oai.harvester.control.RegistryReader - {http://www.phonetik.uni-muenchen.de/cgi-bin/BASRepository/oaipmh/oai.pl?verb=Identify} SetSpec=test-set1
21:37:57.911 [main] DEBUG nl.mpi.oai.harvester.control.RegistryReader - {http://www.phonetik.uni-muenchen.de/cgi-bin/BASRepository/oaipmh/oai.pl?verb=Identify} SetType=Test1
21:37:57.911 [main] DEBUG nl.mpi.oai.harvester.control.RegistryReader - {http://www.phonetik.uni-muenchen.de/cgi-bin/BASRepository/oaipmh/oai.pl?verb=Identify} SetSpec=test-set2
21:37:57.911 [main] DEBUG nl.mpi.oai.harvester.control.RegistryReader - {http://www.phonetik.uni-muenchen.de/cgi-bin/BASRepository/oaipmh/oai.pl?verb=Identify} SetType=Test2
21:37:57.930 [main] DEBUG nl.mpi.oai.harvester.control.RegistryReader - {http://www.phonetik.uni-muenchen.de/cgi-bin/BASRepository/oaipmh/oai.pl?verb=Identify} SetSpec=test-set1
21:37:57.930 [main] DEBUG nl.mpi.oai.harvester.control.RegistryReader - {http://www.phonetik.uni-muenchen.de/cgi-bin/BASRepository/oaipmh/oai.pl?verb=Identify} SetType=Test1
21:37:57.930 [main] DEBUG nl.mpi.oai.harvester.control.RegistryReader - {http://www.phonetik.uni-muenchen.de/cgi-bin/BASRepository/oaipmh/oai.pl?verb=Identify} SetSpec=test-set2
21:37:57.930 [main] DEBUG nl.mpi.oai.harvester.control.RegistryReader - {http://www.phonetik.uni-muenchen.de/cgi-bin/BASRepository/oaipmh/oai.pl?verb=Identify} SetType=Test2
21:37:57.946 [main] DEBUG nl.mpi.oai.harvester.control.RegistryReader - {http://www.phonetik.uni-muenchen.de/cgi-bin/BASRepository/oaipmh/oai.pl?verb=Identify} SetSpec=test-set1
21:37:57.946 [main] DEBUG nl.mpi.oai.harvester.control.RegistryReader - {http://www.phonetik.uni-muenchen.de/cgi-bin/BASRepository/oaipmh/oai.pl?verb=Identify} SetType=Test1
21:37:57.946 [main] DEBUG nl.mpi.oai.harvester.control.RegistryReader - {http://www.phonetik.uni-muenchen.de/cgi-bin/BASRepository/oaipmh/oai.pl?verb=Identify} SetSpec=test-set2
21:37:57.946 [main] DEBUG nl.mpi.oai.harvester.control.RegistryReader - {http://www.phonetik.uni-muenchen.de/cgi-bin/BASRepository/oaipmh/oai.pl?verb=Identify} SetType=Test2
21:37:57.950 [main] DEBUG nl.mpi.oai.harvester.control.RegistryReader - {http://www.phonetik.uni-muenchen.de/cgi-bin/BASRepository/oaipmh/oai.pl?verb=Identify} SetSpec=test-set1
21:37:57.950 [main] DEBUG nl.mpi.oai.harvester.control.RegistryReader - {http://www.phonetik.uni-muenchen.de/cgi-bin/BASRepository/oaipmh/oai.pl?verb=Identify} SetType=Test1
21:37:57.950 [main] DEBUG nl.mpi.oai.harvester.control.RegistryReader - {http://www.phonetik.uni-muenchen.de/cgi-bin/BASRepository/oaipmh/oai.pl?verb=Identify} SetSpec=test-set2
21:37:57.950 [main] DEBUG nl.mpi.oai.harvester.control.RegistryReader - {http://www.phonetik.uni-muenchen.de/cgi-bin/BASRepository/oaipmh/oai.pl?verb=Identify} SetType=Test2
21:37:57.959 [main] DEBUG nl.mpi.oai.harvester.control.RegistryReader - {http://www.phonetik.uni-muenchen.de/cgi-bin/BASRepository/oaipmh/oai.pl?verb=Identify} SetSpec=test-set1
21:37:57.960 [main] DEBUG nl.mpi.oai.harvester.control.RegistryReader - {http://www.phonetik.uni-muenchen.de/cgi-bin/BASRepository/oaipmh/oai.pl?verb=Identify} SetType=Test1
21:37:57.960 [main] DEBUG nl.mpi.oai.harvester.control.RegistryReader - {http://www.phonetik.uni-muenchen.de/cgi-bin/BASRepository/oaipmh/oai.pl?verb=Identify} SetSpec=test-set2
21:37:57.960 [main] DEBUG nl.mpi.oai.harvester.control.RegistryReader - {http://www.phonetik.uni-muenchen.de/cgi-bin/BASRepository/oaipmh/oai.pl?verb=Identify} SetType=Test2
21:37:57.964 [main] DEBUG nl.mpi.oai.harvester.control.RegistryReader - {http://www.phonetik.uni-muenchen.de/cgi-bin/BASRepository/oaipmh/oai.pl?verb=Identify} SetSpec=test-set1
21:37:57.965 [main] DEBUG nl.mpi.oai.harvester.control.RegistryReader - {http://www.phonetik.uni-muenchen.de/cgi-bin/BASRepository/oaipmh/oai.pl?verb=Identify} SetType=Test1
21:37:57.965 [main] DEBUG nl.mpi.oai.harvester.control.RegistryReader - {http://www.phonetik.uni-muenchen.de/cgi-bin/BASRepository/oaipmh/oai.pl?verb=Identify} SetSpec=test-set2
21:37:57.966 [main] DEBUG nl.mpi.oai.harvester.control.RegistryReader - {http://www.phonetik.uni-muenchen.de/cgi-bin/BASRepository/oaipmh/oai.pl?verb=Identify} SetType=Test2
21:37:57.970 [main] DEBUG nl.mpi.oai.harvester.control.RegistryReader - {http://www.phonetik.uni-muenchen.de/cgi-bin/BASRepository/oaipmh/oai.pl?verb=Identify} SetSpec=test-set1
21:37:57.970 [main] DEBUG nl.mpi.oai.harvester.control.RegistryReader - {http://www.phonetik.uni-muenchen.de/cgi-bin/BASRepository/oaipmh/oai.pl?verb=Identify} SetType=Test1
21:37:57.970 [main] DEBUG nl.mpi.oai.harvester.control.RegistryReader - {http://www.phonetik.uni-muenchen.de/cgi-bin/BASRepository/oaipmh/oai.pl?verb=Identify} SetSpec=test-set2
21:37:57.970 [main] DEBUG nl.mpi.oai.harvester.control.RegistryReader - {http://www.phonetik.uni-muenchen.de/cgi-bin/BASRepository/oaipmh/oai.pl?verb=Identify} SetType=Test2
21:37:58.071 [main] INFO  org.eclipse.jetty.server.AbstractConnector - Stopped NetworkTrafficServerConnector@36ec390a{HTTP/1.1,[http/1.1]}{0.0.0.0:8089}
21:37:58.072 [main] INFO  org.eclipse.jetty.server.handler.ContextHandler - Stopped o.e.j.s.ServletContextHandler@3c3f2465{/,null,UNAVAILABLE}
21:37:58.072 [main] INFO  org.eclipse.jetty.server.handler.ContextHandler - Stopped o.e.j.s.ServletContextHandler@4156134d{/__admin,null,UNAVAILABLE}
Tests run: 6, Failures: 0, Errors: 0, Skipped: 0, Time elapsed: 0.95 sec - in nl.mpi.oai.harvester.control.RegistryReaderTest
Running nl.mpi.oai.harvester.control.ResourcePoolTest
Tests run: 1, Failures: 0, Errors: 0, Skipped: 0, Time elapsed: 0 sec - in nl.mpi.oai.harvester.control.ResourcePoolTest

Results :

Tests run: 47, Failures: 0, Errors: 0, Skipped: 0

[INFO] 
[INFO] --- jacoco-maven-plugin:0.8.5:report (report) @ oai-harvest-manager ---
[INFO] Loading execution data file /tmp/tmp320dabsw/oai-harvest-manager/target/jacoco.exec
[INFO] Analyzed bundle 'OAI Harvest Manager' with 181 classes
[INFO] ------------------------------------------------------------------------
[INFO] BUILD SUCCESS
[INFO] ------------------------------------------------------------------------
[INFO] Total time:  01:34 min
[INFO] Finished at: 2020-07-30T21:38:00Z
[INFO] ------------------------------------------------------------------------
