[INFO] Error stacktraces are turned on.
[INFO] Scanning for projects...
[INFO] 
[INFO] ----------------------< de.kosit:validationtool >-----------------------
[INFO] Building KoSIT XML Pr√ºftool Implementierung 1.3.1-SNAPSHOT
[INFO] --------------------------------[ jar ]---------------------------------
[WARNING] Could not validate integrity of download from file:/tmp/tmpjoih3hz8/validator/libs/de/kosit/validationtool/packaged-test-scenarios/1.0.0/packaged-test-scenarios-1.0.0.pom: Checksum validation failed, no checksums available
[WARNING] Could not validate integrity of download from file:/tmp/tmpjoih3hz8/validator/libs/de/kosit/validationtool/packaged-test-scenarios/1.0.0/packaged-test-scenarios-1.0.0.jar: Checksum validation failed, no checksums available
[INFO] 
[INFO] --- maven-enforcer-plugin:3.0.0-M2:enforce (enforce-versions) @ validationtool ---
[INFO] 
[INFO] --- jacoco-maven-plugin:0.8.5:prepare-agent (default) @ validationtool ---
[INFO] argLine set to -javaagent:/home/jdbl/.m2/repository/org/jacoco/org.jacoco.agent/0.8.5/org.jacoco.agent-0.8.5-runtime.jar=destfile=/tmp/tmpjoih3hz8/validator/target/jacoco.exec
[INFO] 
[INFO] --- maven-jaxb2-plugin:0.14.0:generate (default) @ validationtool ---
[INFO] Sources are not up-to-date, XJC will be executed.
[INFO] Episode file [/tmp/tmpjoih3hz8/validator/target/generated-sources/xjc/META-INF/sun-jaxb.episode] was augmented with if-exists="true" attributes.
[INFO] 
[INFO] --- maven-resources-plugin:2.6:resources (default-resources) @ validationtool ---
[INFO] Using 'UTF-8' encoding to copy filtered resources.
[INFO] Copying 7 resources
[INFO] Copying 9 resources
[INFO] Copying 1 resource
[INFO] 
[INFO] --- build-helper-maven-plugin:3.1.0:reserve-network-port (reserve-network-port) @ validationtool ---
[INFO] Reserved port 41547 for validator.server.port
[INFO] Reserved port 41481 for jacoco.tcp.port
[INFO] 
[INFO] --- maven-compiler-plugin:3.8.1:compile (default-compile) @ validationtool ---
[INFO] Changes detected - recompiling the module!
[INFO] Compiling 117 source files to /tmp/tmpjoih3hz8/validator/target/classes
[INFO] /tmp/tmpjoih3hz8/validator/src/main/java/de/kosit/validationtool/impl/xml/StrictRelativeResolvingStrategy.java: /tmp/tmpjoih3hz8/validator/src/main/java/de/kosit/validationtool/impl/xml/StrictRelativeResolvingStrategy.java uses or overrides a deprecated API.
[INFO] /tmp/tmpjoih3hz8/validator/src/main/java/de/kosit/validationtool/impl/xml/StrictRelativeResolvingStrategy.java: Recompile with -Xlint:deprecation for details.
[INFO] /tmp/tmpjoih3hz8/validator/src/main/java/de/kosit/validationtool/impl/ConversionService.java: Some input files use unchecked or unsafe operations.
[INFO] /tmp/tmpjoih3hz8/validator/src/main/java/de/kosit/validationtool/impl/ConversionService.java: Recompile with -Xlint:unchecked for details.
[INFO] 
[INFO] --- maven-resources-plugin:2.6:testResources (default-testResources) @ validationtool ---
[INFO] Using 'UTF-8' encoding to copy filtered resources.
[INFO] Copying 33 resources
[INFO] 
[INFO] --- maven-compiler-plugin:3.8.1:testCompile (default-testCompile) @ validationtool ---
[INFO] Changes detected - recompiling the module!
[INFO] Compiling 40 source files to /tmp/tmpjoih3hz8/validator/target/test-classes
[INFO] /tmp/tmpjoih3hz8/validator/src/test/java/de/kosit/validationtool/impl/SimpleScenarioCheckTest.java: Some input files use or override a deprecated API.
[INFO] /tmp/tmpjoih3hz8/validator/src/test/java/de/kosit/validationtool/impl/SimpleScenarioCheckTest.java: Recompile with -Xlint:deprecation for details.
[INFO] 
[INFO] --- maven-surefire-plugin:2.19.1:test (default-test) @ validationtool ---
[INFO] Surefire report directory: /tmp/tmpjoih3hz8/validator/target/surefire-reports

-------------------------------------------------------
 T E S T S
-------------------------------------------------------
Running de.kosit.validationtool.config.SimpleConfigTest
2020-07-30 20:22:49 [INFO] Using resolving strategy STRICT_RELATIVE
2020-07-30 20:22:50 [INFO] Loading XSLT script from  report.xsl
2020-07-30 20:22:51 [INFO] Loading XSLT script from  report.xsl
2020-07-30 20:22:51 [INFO] Loaded scenarios for Simple-API by API from 2020-07-30. The following scenarios are available:

simple

2020-07-30 20:22:51 [INFO] Checking content of /tmp/tmpjoih3hz8/validator/src/test/resources/examples/simple/input/simple.xml
2020-07-30 20:22:51 [INFO] Schenario simple identified for /tmp/tmpjoih3hz8/validator/src/test/resources/examples/simple/input/simple.xml
2020-07-30 20:22:52 [INFO] Finished check of /tmp/tmpjoih3hz8/validator/src/test/resources/examples/simple/input/simple.xml in 576ms

Tests run: 1, Failures: 0, Errors: 0, Skipped: 0, Time elapsed: 2.873 sec - in de.kosit.validationtool.config.SimpleConfigTest
Running de.kosit.validationtool.config.ScenarioBuilderTest
2020-07-30 20:22:52 [INFO] Loading XSLT script from  report.xsl
2020-07-30 20:22:52 [INFO] Loading XSLT script from  report.xsl
2020-07-30 20:22:52 [INFO] Loading XSLT script from  report.xsl
2020-07-30 20:22:52 [ERROR] Error creating accept xpath: Can not compile xpath match expression '/////'
java.lang.IllegalStateException: Can not compile xpath match expression '/////'
	at de.kosit.validationtool.impl.ContentRepository.createXPath(ContentRepository.java:248)
	at de.kosit.validationtool.config.XPathBuilder.build(XPathBuilder.java:75)
	at de.kosit.validationtool.config.ScenarioBuilder.buildAccept(ScenarioBuilder.java:213)
	at de.kosit.validationtool.config.ScenarioBuilder.build(ScenarioBuilder.java:73)
	at de.kosit.validationtool.config.ScenarioBuilderTest.testInvalidAccept(ScenarioBuilderTest.java:80)
	at sun.reflect.NativeMethodAccessorImpl.invoke0(Native Method)
	at sun.reflect.NativeMethodAccessorImpl.invoke(NativeMethodAccessorImpl.java:62)
	at sun.reflect.DelegatingMethodAccessorImpl.invoke(DelegatingMethodAccessorImpl.java:43)
	at java.lang.reflect.Method.invoke(Method.java:498)
	at org.junit.runners.model.FrameworkMethod$1.runReflectiveCall(FrameworkMethod.java:50)
	at org.junit.internal.runners.model.ReflectiveCallable.run(ReflectiveCallable.java:12)
	at org.junit.runners.model.FrameworkMethod.invokeExplosively(FrameworkMethod.java:47)
	at org.junit.internal.runners.statements.InvokeMethod.evaluate(InvokeMethod.java:17)
	at org.junit.rules.ExpectedException$ExpectedExceptionStatement.evaluate(ExpectedException.java:239)
	at org.junit.rules.RunRules.evaluate(RunRules.java:20)
	at org.junit.runners.ParentRunner.runLeaf(ParentRunner.java:325)
	at org.junit.runners.BlockJUnit4ClassRunner.runChild(BlockJUnit4ClassRunner.java:78)
	at org.junit.runners.BlockJUnit4ClassRunner.runChild(BlockJUnit4ClassRunner.java:57)
	at org.junit.runners.ParentRunner$3.run(ParentRunner.java:290)
	at org.junit.runners.ParentRunner$1.schedule(ParentRunner.java:71)
	at org.junit.runners.ParentRunner.runChildren(ParentRunner.java:288)
	at org.junit.runners.ParentRunner.access$000(ParentRunner.java:58)
	at org.junit.runners.ParentRunner$2.evaluate(ParentRunner.java:268)
	at org.junit.runners.ParentRunner.run(ParentRunner.java:363)
	at org.apache.maven.surefire.junit4.JUnit4Provider.execute(JUnit4Provider.java:367)
	at org.apache.maven.surefire.junit4.JUnit4Provider.executeWithRerun(JUnit4Provider.java:274)
	at org.apache.maven.surefire.junit4.JUnit4Provider.executeTestSet(JUnit4Provider.java:238)
	at org.apache.maven.surefire.junit4.JUnit4Provider.invoke(JUnit4Provider.java:161)
	at org.apache.maven.surefire.booter.ForkedBooter.invokeProviderInSameClassLoader(ForkedBooter.java:290)
	at org.apache.maven.surefire.booter.ForkedBooter.runSuitesInProcess(ForkedBooter.java:242)
	at org.apache.maven.surefire.booter.ForkedBooter.main(ForkedBooter.java:121)
Caused by: net.sf.saxon.s9api.SaxonApiException: Unexpected token "//" at start of expression
	at net.sf.saxon.s9api.XPathCompiler.internalCompile(XPathCompiler.java:524)
	at net.sf.saxon.s9api.XPathCompiler.compile(XPathCompiler.java:496)
	at de.kosit.validationtool.impl.ContentRepository.createXPath(ContentRepository.java:246)
	... 30 more
Caused by: net.sf.saxon.trans.XPathException: Unexpected token "//" at start of expression
	at net.sf.saxon.expr.parser.XPathParser.grumble(XPathParser.java:315)
	at net.sf.saxon.expr.parser.XPathParser.grumble(XPathParser.java:272)
	at net.sf.saxon.expr.parser.XPathParser.grumble(XPathParser.java:259)
	at net.sf.saxon.expr.parser.XPathParser.parseBasicStep(XPathParser.java:2328)
	at net.sf.saxon.expr.parser.XPathParser.parseStepExpression(XPathParser.java:2076)
	at net.sf.saxon.expr.parser.XPathParser.parseRemainingPath(XPathParser.java:2035)
	at net.sf.saxon.expr.parser.XPathParser.parsePathExpression(XPathParser.java:1940)
	at net.sf.saxon.expr.parser.XPathParser.parseSimpleMappingExpression(XPathParser.java:1971)
	at net.sf.saxon.expr.parser.XPathParser.parseUnaryExpression(XPathParser.java:1824)
	at net.sf.saxon.expr.parser.XPathParser.parseExprSingle(XPathParser.java:753)
	at net.sf.saxon.expr.parser.XPathParser.parseExpression(XPathParser.java:660)
	at net.sf.saxon.expr.parser.XPathParser.parse(XPathParser.java:522)
	at net.sf.saxon.expr.parser.ExpressionTool.make(ExpressionTool.java:107)
	at net.sf.saxon.sxpath.XPathEvaluator.createExpression(XPathEvaluator.java:134)
	at net.sf.saxon.s9api.XPathCompiler.internalCompile(XPathCompiler.java:521)
	... 32 more
2020-07-30 20:22:52 [INFO] Loading XSLT script from  report.xsl
2020-07-30 20:22:52 [INFO] Loading XSLT script from  report.xsl
2020-07-30 20:22:52 [INFO] Loading XSLT script from  report.xsl
2020-07-30 20:22:52 [INFO] Loading XSLT script from  report.xsl
2020-07-30 20:22:52 [ERROR] Error creating match xpath: Can not compile xpath match expression '/////'
java.lang.IllegalStateException: Can not compile xpath match expression '/////'
	at de.kosit.validationtool.impl.ContentRepository.createXPath(ContentRepository.java:248)
	at de.kosit.validationtool.config.XPathBuilder.build(XPathBuilder.java:75)
	at de.kosit.validationtool.config.ScenarioBuilder.buildMatch(ScenarioBuilder.java:200)
	at de.kosit.validationtool.config.ScenarioBuilder.build(ScenarioBuilder.java:69)
	at de.kosit.validationtool.config.ScenarioBuilderTest.testInvalidMatch(ScenarioBuilderTest.java:63)
	at sun.reflect.NativeMethodAccessorImpl.invoke0(Native Method)
	at sun.reflect.NativeMethodAccessorImpl.invoke(NativeMethodAccessorImpl.java:62)
	at sun.reflect.DelegatingMethodAccessorImpl.invoke(DelegatingMethodAccessorImpl.java:43)
	at java.lang.reflect.Method.invoke(Method.java:498)
	at org.junit.runners.model.FrameworkMethod$1.runReflectiveCall(FrameworkMethod.java:50)
	at org.junit.internal.runners.model.ReflectiveCallable.run(ReflectiveCallable.java:12)
	at org.junit.runners.model.FrameworkMethod.invokeExplosively(FrameworkMethod.java:47)
	at org.junit.internal.runners.statements.InvokeMethod.evaluate(InvokeMethod.java:17)
	at org.junit.rules.ExpectedException$ExpectedExceptionStatement.evaluate(ExpectedException.java:239)
	at org.junit.rules.RunRules.evaluate(RunRules.java:20)
	at org.junit.runners.ParentRunner.runLeaf(ParentRunner.java:325)
	at org.junit.runners.BlockJUnit4ClassRunner.runChild(BlockJUnit4ClassRunner.java:78)
	at org.junit.runners.BlockJUnit4ClassRunner.runChild(BlockJUnit4ClassRunner.java:57)
	at org.junit.runners.ParentRunner$3.run(ParentRunner.java:290)
	at org.junit.runners.ParentRunner$1.schedule(ParentRunner.java:71)
	at org.junit.runners.ParentRunner.runChildren(ParentRunner.java:288)
	at org.junit.runners.ParentRunner.access$000(ParentRunner.java:58)
	at org.junit.runners.ParentRunner$2.evaluate(ParentRunner.java:268)
	at org.junit.runners.ParentRunner.run(ParentRunner.java:363)
	at org.apache.maven.surefire.junit4.JUnit4Provider.execute(JUnit4Provider.java:367)
	at org.apache.maven.surefire.junit4.JUnit4Provider.executeWithRerun(JUnit4Provider.java:274)
	at org.apache.maven.surefire.junit4.JUnit4Provider.executeTestSet(JUnit4Provider.java:238)
	at org.apache.maven.surefire.junit4.JUnit4Provider.invoke(JUnit4Provider.java:161)
	at org.apache.maven.surefire.booter.ForkedBooter.invokeProviderInSameClassLoader(ForkedBooter.java:290)
	at org.apache.maven.surefire.booter.ForkedBooter.runSuitesInProcess(ForkedBooter.java:242)
	at org.apache.maven.surefire.booter.ForkedBooter.main(ForkedBooter.java:121)
Caused by: net.sf.saxon.s9api.SaxonApiException: Unexpected token "//" at start of expression
	at net.sf.saxon.s9api.XPathCompiler.internalCompile(XPathCompiler.java:524)
	at net.sf.saxon.s9api.XPathCompiler.compile(XPathCompiler.java:496)
	at de.kosit.validationtool.impl.ContentRepository.createXPath(ContentRepository.java:246)
	... 30 more
Caused by: net.sf.saxon.trans.XPathException: Unexpected token "//" at start of expression
	at net.sf.saxon.expr.parser.XPathParser.grumble(XPathParser.java:315)
	at net.sf.saxon.expr.parser.XPathParser.grumble(XPathParser.java:272)
	at net.sf.saxon.expr.parser.XPathParser.grumble(XPathParser.java:259)
	at net.sf.saxon.expr.parser.XPathParser.parseBasicStep(XPathParser.java:2328)
	at net.sf.saxon.expr.parser.XPathParser.parseStepExpression(XPathParser.java:2076)
	at net.sf.saxon.expr.parser.XPathParser.parseRemainingPath(XPathParser.java:2035)
	at net.sf.saxon.expr.parser.XPathParser.parsePathExpression(XPathParser.java:1940)
	at net.sf.saxon.expr.parser.XPathParser.parseSimpleMappingExpression(XPathParser.java:1971)
	at net.sf.saxon.expr.parser.XPathParser.parseUnaryExpression(XPathParser.java:1824)
	at net.sf.saxon.expr.parser.XPathParser.parseExprSingle(XPathParser.java:753)
	at net.sf.saxon.expr.parser.XPathParser.parseExpression(XPathParser.java:660)
	at net.sf.saxon.expr.parser.XPathParser.parse(XPathParser.java:522)
	at net.sf.saxon.expr.parser.ExpressionTool.make(ExpressionTool.java:107)
	at net.sf.saxon.sxpath.XPathEvaluator.createExpression(XPathEvaluator.java:134)
	at net.sf.saxon.s9api.XPathCompiler.internalCompile(XPathCompiler.java:521)
	... 32 more
2020-07-30 20:22:52 [INFO] Loading XSLT script from  report.xsl
2020-07-30 20:22:52 [INFO] Loading XSLT script from  report.xsl
2020-07-30 20:22:52 [INFO] Loading XSLT script from  report.xsl
Tests run: 10, Failures: 0, Errors: 0, Skipped: 0, Time elapsed: 0.241 sec - in de.kosit.validationtool.config.ScenarioBuilderTest
Running de.kosit.validationtool.config.XPathBuilderTest
2020-07-30 20:22:52 [ERROR] Error creating bZwyJ xpath: Can not compile xpath match expression '//u:*'
java.lang.IllegalStateException: Can not compile xpath match expression '//u:*'
	at de.kosit.validationtool.impl.ContentRepository.createXPath(ContentRepository.java:248)
	at de.kosit.validationtool.config.XPathBuilder.build(XPathBuilder.java:75)
	at de.kosit.validationtool.config.XPathBuilderTest.testStringWithUnknownNamespace(XPathBuilderTest.java:62)
	at sun.reflect.NativeMethodAccessorImpl.invoke0(Native Method)
	at sun.reflect.NativeMethodAccessorImpl.invoke(NativeMethodAccessorImpl.java:62)
	at sun.reflect.DelegatingMethodAccessorImpl.invoke(DelegatingMethodAccessorImpl.java:43)
	at java.lang.reflect.Method.invoke(Method.java:498)
	at org.junit.runners.model.FrameworkMethod$1.runReflectiveCall(FrameworkMethod.java:50)
	at org.junit.internal.runners.model.ReflectiveCallable.run(ReflectiveCallable.java:12)
	at org.junit.runners.model.FrameworkMethod.invokeExplosively(FrameworkMethod.java:47)
	at org.junit.internal.runners.statements.InvokeMethod.evaluate(InvokeMethod.java:17)
	at org.junit.runners.ParentRunner.runLeaf(ParentRunner.java:325)
	at org.junit.runners.BlockJUnit4ClassRunner.runChild(BlockJUnit4ClassRunner.java:78)
	at org.junit.runners.BlockJUnit4ClassRunner.runChild(BlockJUnit4ClassRunner.java:57)
	at org.junit.runners.ParentRunner$3.run(ParentRunner.java:290)
	at org.junit.runners.ParentRunner$1.schedule(ParentRunner.java:71)
	at org.junit.runners.ParentRunner.runChildren(ParentRunner.java:288)
	at org.junit.runners.ParentRunner.access$000(ParentRunner.java:58)
	at org.junit.runners.ParentRunner$2.evaluate(ParentRunner.java:268)
	at org.junit.runners.ParentRunner.run(ParentRunner.java:363)
	at org.apache.maven.surefire.junit4.JUnit4Provider.execute(JUnit4Provider.java:367)
	at org.apache.maven.surefire.junit4.JUnit4Provider.executeWithRerun(JUnit4Provider.java:274)
	at org.apache.maven.surefire.junit4.JUnit4Provider.executeTestSet(JUnit4Provider.java:238)
	at org.apache.maven.surefire.junit4.JUnit4Provider.invoke(JUnit4Provider.java:161)
	at org.apache.maven.surefire.booter.ForkedBooter.invokeProviderInSameClassLoader(ForkedBooter.java:290)
	at org.apache.maven.surefire.booter.ForkedBooter.runSuitesInProcess(ForkedBooter.java:242)
	at org.apache.maven.surefire.booter.ForkedBooter.main(ForkedBooter.java:121)
Caused by: net.sf.saxon.s9api.SaxonApiException: Namespace prefix 'u' has not been declared
	at net.sf.saxon.s9api.XPathCompiler.internalCompile(XPathCompiler.java:524)
	at net.sf.saxon.s9api.XPathCompiler.compile(XPathCompiler.java:496)
	at de.kosit.validationtool.impl.ContentRepository.createXPath(ContentRepository.java:246)
	... 26 more
Caused by: net.sf.saxon.trans.XPathException: Namespace prefix 'u' has not been declared
	at net.sf.saxon.expr.parser.XPathParser.grumble(XPathParser.java:315)
	at net.sf.saxon.expr.parser.XPathParser.grumble(XPathParser.java:272)
	at net.sf.saxon.expr.parser.XPathParser.makeNamespaceTest(XPathParser.java:3880)
	at net.sf.saxon.expr.parser.XPathParser.parseNodeTest(XPathParser.java:2761)
	at net.sf.saxon.expr.parser.XPathParser.parseBasicStep(XPathParser.java:2253)
	at net.sf.saxon.expr.parser.XPathParser.parseStepExpression(XPathParser.java:2076)
	at net.sf.saxon.expr.parser.XPathParser.parseRemainingPath(XPathParser.java:2035)
	at net.sf.saxon.expr.parser.XPathParser.parsePathExpression(XPathParser.java:1940)
	at net.sf.saxon.expr.parser.XPathParser.parseSimpleMappingExpression(XPathParser.java:1971)
	at net.sf.saxon.expr.parser.XPathParser.parseUnaryExpression(XPathParser.java:1824)
	at net.sf.saxon.expr.parser.XPathParser.parseExprSingle(XPathParser.java:753)
	at net.sf.saxon.expr.parser.XPathParser.parseExpression(XPathParser.java:660)
	at net.sf.saxon.expr.parser.XPathParser.parse(XPathParser.java:522)
	at net.sf.saxon.expr.parser.ExpressionTool.make(ExpressionTool.java:107)
	at net.sf.saxon.sxpath.XPathEvaluator.createExpression(XPathEvaluator.java:134)
	at net.sf.saxon.s9api.XPathCompiler.internalCompile(XPathCompiler.java:521)
	... 28 more
Tests run: 7, Failures: 0, Errors: 0, Skipped: 0, Time elapsed: 0.054 sec - in de.kosit.validationtool.config.XPathBuilderTest
Running de.kosit.validationtool.config.ConfigurationBuilderTest
2020-07-30 20:22:52 [INFO] Using resolving strategy STRICT_RELATIVE
2020-07-30 20:22:52 [INFO] Loading XSLT script from  report.xsl
2020-07-30 20:22:52 [INFO] Loading XSLT script from  report.xsl
2020-07-30 20:22:52 [INFO] Using resolving strategy STRICT_RELATIVE
2020-07-30 20:22:52 [INFO] Loading XSLT script from  report.xsl
2020-07-30 20:22:52 [INFO] Loading XSLT script from  report.xsl
2020-07-30 20:22:52 [INFO] Using resolving strategy STRICT_RELATIVE
2020-07-30 20:22:52 [INFO] Loading XSLT script from  report.xsl
2020-07-30 20:22:52 [INFO] Loading XSLT script from  report.xsl
2020-07-30 20:22:52 [INFO] Using resolving strategy STRICT_RELATIVE
2020-07-30 20:22:52 [INFO] Loading XSLT script from  report.xsl
2020-07-30 20:22:52 [INFO] Loading XSLT script from  report.xsl
2020-07-30 20:22:52 [INFO] Using resolving strategy STRICT_RELATIVE
2020-07-30 20:22:52 [INFO] Loading XSLT script from  DoesNotExist
2020-07-30 20:22:52 [ERROR] Error resolving source DoesNotExist
javax.xml.transform.TransformerException: Can not resolve required  DoesNotExist
	at de.kosit.validationtool.impl.xml.RelativeUriResolver.resolve(RelativeUriResolver.java:57)
	at de.kosit.validationtool.impl.ContentRepository.resolveInRepository(ContentRepository.java:226)
	at de.kosit.validationtool.impl.ContentRepository.loadXsltScript(ContentRepository.java:140)
	at de.kosit.validationtool.impl.ContentRepository.createTransformation(ContentRepository.java:273)
	at de.kosit.validationtool.impl.ContentRepository.createSchematronTransformation(ContentRepository.java:295)
	at de.kosit.validationtool.config.SchematronBuilder.build(SchematronBuilder.java:48)
	at de.kosit.validationtool.config.ScenarioBuilder.lambda$buildSchematron$1(ScenarioBuilder.java:242)
	at java.util.ArrayList.forEach(ArrayList.java:1259)
	at de.kosit.validationtool.config.ScenarioBuilder.buildSchematron(ScenarioBuilder.java:241)
	at de.kosit.validationtool.config.ScenarioBuilder.build(ScenarioBuilder.java:71)
	at de.kosit.validationtool.config.ConfigurationBuilder.lambda$initializeScenarios$0(ConfigurationBuilder.java:309)
	at java.util.stream.ReferencePipeline$3$1.accept(ReferencePipeline.java:193)
	at java.util.ArrayList$ArrayListSpliterator.forEachRemaining(ArrayList.java:1384)
	at java.util.stream.AbstractPipeline.copyInto(AbstractPipeline.java:482)
	at java.util.stream.AbstractPipeline.wrapAndCopyInto(AbstractPipeline.java:472)
	at java.util.stream.ReduceOps$ReduceOp.evaluateSequential(ReduceOps.java:708)
	at java.util.stream.AbstractPipeline.evaluate(AbstractPipeline.java:234)
	at java.util.stream.ReferencePipeline.collect(ReferencePipeline.java:566)
	at de.kosit.validationtool.config.ConfigurationBuilder.initializeScenarios(ConfigurationBuilder.java:315)
	at de.kosit.validationtool.config.ConfigurationBuilder.build(ConfigurationBuilder.java:262)
	at de.kosit.validationtool.config.ConfigurationBuilderTest.testInvalidSchematron(ConfigurationBuilderTest.java:59)
	at sun.reflect.NativeMethodAccessorImpl.invoke0(Native Method)
	at sun.reflect.NativeMethodAccessorImpl.invoke(NativeMethodAccessorImpl.java:62)
	at sun.reflect.DelegatingMethodAccessorImpl.invoke(DelegatingMethodAccessorImpl.java:43)
	at java.lang.reflect.Method.invoke(Method.java:498)
	at org.junit.runners.model.FrameworkMethod$1.runReflectiveCall(FrameworkMethod.java:50)
	at org.junit.internal.runners.model.ReflectiveCallable.run(ReflectiveCallable.java:12)
	at org.junit.runners.model.FrameworkMethod.invokeExplosively(FrameworkMethod.java:47)
	at org.junit.internal.runners.statements.InvokeMethod.evaluate(InvokeMethod.java:17)
	at org.junit.rules.ExpectedException$ExpectedExceptionStatement.evaluate(ExpectedException.java:239)
	at org.junit.rules.RunRules.evaluate(RunRules.java:20)
	at org.junit.runners.ParentRunner.runLeaf(ParentRunner.java:325)
	at org.junit.runners.BlockJUnit4ClassRunner.runChild(BlockJUnit4ClassRunner.java:78)
	at org.junit.runners.BlockJUnit4ClassRunner.runChild(BlockJUnit4ClassRunner.java:57)
	at org.junit.runners.ParentRunner$3.run(ParentRunner.java:290)
	at org.junit.runners.ParentRunner$1.schedule(ParentRunner.java:71)
	at org.junit.runners.ParentRunner.runChildren(ParentRunner.java:288)
	at org.junit.runners.ParentRunner.access$000(ParentRunner.java:58)
	at org.junit.runners.ParentRunner$2.evaluate(ParentRunner.java:268)
	at org.junit.runners.ParentRunner.run(ParentRunner.java:363)
	at org.apache.maven.surefire.junit4.JUnit4Provider.execute(JUnit4Provider.java:367)
	at org.apache.maven.surefire.junit4.JUnit4Provider.executeWithRerun(JUnit4Provider.java:274)
	at org.apache.maven.surefire.junit4.JUnit4Provider.executeTestSet(JUnit4Provider.java:238)
	at org.apache.maven.surefire.junit4.JUnit4Provider.invoke(JUnit4Provider.java:161)
	at org.apache.maven.surefire.booter.ForkedBooter.invokeProviderInSameClassLoader(ForkedBooter.java:290)
	at org.apache.maven.surefire.booter.ForkedBooter.runSuitesInProcess(ForkedBooter.java:242)
	at org.apache.maven.surefire.booter.ForkedBooter.main(ForkedBooter.java:121)
Caused by: java.io.FileNotFoundException: /tmp/tmpjoih3hz8/validator/src/test/resources/examples/simple/repository/DoesNotExist (No such file or directory)
	at java.io.FileInputStream.open0(Native Method)
	at java.io.FileInputStream.open(FileInputStream.java:195)
	at java.io.FileInputStream.<init>(FileInputStream.java:138)
	at java.io.FileInputStream.<init>(FileInputStream.java:93)
	at sun.net.www.protocol.file.FileURLConnection.connect(FileURLConnection.java:90)
	at sun.net.www.protocol.file.FileURLConnection.getInputStream(FileURLConnection.java:188)
	at java.net.URL.openStream(URL.java:1068)
	at de.kosit.validationtool.impl.xml.RelativeUriResolver.resolve(RelativeUriResolver.java:54)
	... 46 more
---------
java.io.FileNotFoundException: /tmp/tmpjoih3hz8/validator/src/test/resources/examples/simple/repository/DoesNotExist (No such file or directory)
	at java.io.FileInputStream.open0(Native Method)
	at java.io.FileInputStream.open(FileInputStream.java:195)
	at java.io.FileInputStream.<init>(FileInputStream.java:138)
	at java.io.FileInputStream.<init>(FileInputStream.java:93)
	at sun.net.www.protocol.file.FileURLConnection.connect(FileURLConnection.java:90)
	at sun.net.www.protocol.file.FileURLConnection.getInputStream(FileURLConnection.java:188)
	at java.net.URL.openStream(URL.java:1068)
	at de.kosit.validationtool.impl.xml.RelativeUriResolver.resolve(RelativeUriResolver.java:54)
	at de.kosit.validationtool.impl.ContentRepository.resolveInRepository(ContentRepository.java:226)
	at de.kosit.validationtool.impl.ContentRepository.loadXsltScript(ContentRepository.java:140)
	at de.kosit.validationtool.impl.ContentRepository.createTransformation(ContentRepository.java:273)
	at de.kosit.validationtool.impl.ContentRepository.createSchematronTransformation(ContentRepository.java:295)
	at de.kosit.validationtool.config.SchematronBuilder.build(SchematronBuilder.java:48)
	at de.kosit.validationtool.config.ScenarioBuilder.lambda$buildSchematron$1(ScenarioBuilder.java:242)
	at java.util.ArrayList.forEach(ArrayList.java:1259)
	at de.kosit.validationtool.config.ScenarioBuilder.buildSchematron(ScenarioBuilder.java:241)
	at de.kosit.validationtool.config.ScenarioBuilder.build(ScenarioBuilder.java:71)
	at de.kosit.validationtool.config.ConfigurationBuilder.lambda$initializeScenarios$0(ConfigurationBuilder.java:309)
	at java.util.stream.ReferencePipeline$3$1.accept(ReferencePipeline.java:193)
	at java.util.ArrayList$ArrayListSpliterator.forEachRemaining(ArrayList.java:1384)
	at java.util.stream.AbstractPipeline.copyInto(AbstractPipeline.java:482)
	at java.util.stream.AbstractPipeline.wrapAndCopyInto(AbstractPipeline.java:472)
	at java.util.stream.ReduceOps$ReduceOp.evaluateSequential(ReduceOps.java:708)
	at java.util.stream.AbstractPipeline.evaluate(AbstractPipeline.java:234)
	at java.util.stream.ReferencePipeline.collect(ReferencePipeline.java:566)
	at de.kosit.validationtool.config.ConfigurationBuilder.initializeScenarios(ConfigurationBuilder.java:315)
	at de.kosit.validationtool.config.ConfigurationBuilder.build(ConfigurationBuilder.java:262)
	at de.kosit.validationtool.config.ConfigurationBuilderTest.testInvalidSchematron(ConfigurationBuilderTest.java:59)
	at sun.reflect.NativeMethodAccessorImpl.invoke0(Native Method)
	at sun.reflect.NativeMethodAccessorImpl.invoke(NativeMethodAccessorImpl.java:62)
	at sun.reflect.DelegatingMethodAccessorImpl.invoke(DelegatingMethodAccessorImpl.java:43)
	at java.lang.reflect.Method.invoke(Method.java:498)
	at org.junit.runners.model.FrameworkMethod$1.runReflectiveCall(FrameworkMethod.java:50)
	at org.junit.internal.runners.model.ReflectiveCallable.run(ReflectiveCallable.java:12)
	at org.junit.runners.model.FrameworkMethod.invokeExplosively(FrameworkMethod.java:47)
	at org.junit.internal.runners.statements.InvokeMethod.evaluate(InvokeMethod.java:17)
	at org.junit.rules.ExpectedException$ExpectedExceptionStatement.evaluate(ExpectedException.java:239)
	at org.junit.rules.RunRules.evaluate(RunRules.java:20)
	at org.junit.runners.ParentRunner.runLeaf(ParentRunner.java:325)
	at org.junit.runners.BlockJUnit4ClassRunner.runChild(BlockJUnit4ClassRunner.java:78)
	at org.junit.runners.BlockJUnit4ClassRunner.runChild(BlockJUnit4ClassRunner.java:57)
	at org.junit.runners.ParentRunner$3.run(ParentRunner.java:290)
	at org.junit.runners.ParentRunner$1.schedule(ParentRunner.java:71)
	at org.junit.runners.ParentRunner.runChildren(ParentRunner.java:288)
	at org.junit.runners.ParentRunner.access$000(ParentRunner.java:58)
	at org.junit.runners.ParentRunner$2.evaluate(ParentRunner.java:268)
	at org.junit.runners.ParentRunner.run(ParentRunner.java:363)
	at org.apache.maven.surefire.junit4.JUnit4Provider.execute(JUnit4Provider.java:367)
	at org.apache.maven.surefire.junit4.JUnit4Provider.executeWithRerun(JUnit4Provider.java:274)
	at org.apache.maven.surefire.junit4.JUnit4Provider.executeTestSet(JUnit4Provider.java:238)
	at org.apache.maven.surefire.junit4.JUnit4Provider.invoke(JUnit4Provider.java:161)
	at org.apache.maven.surefire.booter.ForkedBooter.invokeProviderInSameClassLoader(ForkedBooter.java:290)
	at org.apache.maven.surefire.booter.ForkedBooter.runSuitesInProcess(ForkedBooter.java:242)
	at org.apache.maven.surefire.booter.ForkedBooter.main(ForkedBooter.java:121)
2020-07-30 20:22:52 [ERROR] Can not resolve DoesNotExist in repository file:/tmp/tmpjoih3hz8/validator/src/test/resources/examples/simple/repository/
java.lang.IllegalStateException: Can not resolve DoesNotExist in repository file:/tmp/tmpjoih3hz8/validator/src/test/resources/examples/simple/repository/
	at de.kosit.validationtool.impl.ContentRepository.resolveInRepository(ContentRepository.java:229)
	at de.kosit.validationtool.impl.ContentRepository.loadXsltScript(ContentRepository.java:140)
	at de.kosit.validationtool.impl.ContentRepository.createTransformation(ContentRepository.java:273)
	at de.kosit.validationtool.impl.ContentRepository.createSchematronTransformation(ContentRepository.java:295)
	at de.kosit.validationtool.config.SchematronBuilder.build(SchematronBuilder.java:48)
	at de.kosit.validationtool.config.ScenarioBuilder.lambda$buildSchematron$1(ScenarioBuilder.java:242)
	at java.util.ArrayList.forEach(ArrayList.java:1259)
	at de.kosit.validationtool.config.ScenarioBuilder.buildSchematron(ScenarioBuilder.java:241)
	at de.kosit.validationtool.config.ScenarioBuilder.build(ScenarioBuilder.java:71)
	at de.kosit.validationtool.config.ConfigurationBuilder.lambda$initializeScenarios$0(ConfigurationBuilder.java:309)
	at java.util.stream.ReferencePipeline$3$1.accept(ReferencePipeline.java:193)
	at java.util.ArrayList$ArrayListSpliterator.forEachRemaining(ArrayList.java:1384)
	at java.util.stream.AbstractPipeline.copyInto(AbstractPipeline.java:482)
	at java.util.stream.AbstractPipeline.wrapAndCopyInto(AbstractPipeline.java:472)
	at java.util.stream.ReduceOps$ReduceOp.evaluateSequential(ReduceOps.java:708)
	at java.util.stream.AbstractPipeline.evaluate(AbstractPipeline.java:234)
	at java.util.stream.ReferencePipeline.collect(ReferencePipeline.java:566)
	at de.kosit.validationtool.config.ConfigurationBuilder.initializeScenarios(ConfigurationBuilder.java:315)
	at de.kosit.validationtool.config.ConfigurationBuilder.build(ConfigurationBuilder.java:262)
	at de.kosit.validationtool.config.ConfigurationBuilderTest.testInvalidSchematron(ConfigurationBuilderTest.java:59)
	at sun.reflect.NativeMethodAccessorImpl.invoke0(Native Method)
	at sun.reflect.NativeMethodAccessorImpl.invoke(NativeMethodAccessorImpl.java:62)
	at sun.reflect.DelegatingMethodAccessorImpl.invoke(DelegatingMethodAccessorImpl.java:43)
	at java.lang.reflect.Method.invoke(Method.java:498)
	at org.junit.runners.model.FrameworkMethod$1.runReflectiveCall(FrameworkMethod.java:50)
	at org.junit.internal.runners.model.ReflectiveCallable.run(ReflectiveCallable.java:12)
	at org.junit.runners.model.FrameworkMethod.invokeExplosively(FrameworkMethod.java:47)
	at org.junit.internal.runners.statements.InvokeMethod.evaluate(InvokeMethod.java:17)
	at org.junit.rules.ExpectedException$ExpectedExceptionStatement.evaluate(ExpectedException.java:239)
	at org.junit.rules.RunRules.evaluate(RunRules.java:20)
	at org.junit.runners.ParentRunner.runLeaf(ParentRunner.java:325)
	at org.junit.runners.BlockJUnit4ClassRunner.runChild(BlockJUnit4ClassRunner.java:78)
	at org.junit.runners.BlockJUnit4ClassRunner.runChild(BlockJUnit4ClassRunner.java:57)
	at org.junit.runners.ParentRunner$3.run(ParentRunner.java:290)
	at org.junit.runners.ParentRunner$1.schedule(ParentRunner.java:71)
	at org.junit.runners.ParentRunner.runChildren(ParentRunner.java:288)
	at org.junit.runners.ParentRunner.access$000(ParentRunner.java:58)
	at org.junit.runners.ParentRunner$2.evaluate(ParentRunner.java:268)
	at org.junit.runners.ParentRunner.run(ParentRunner.java:363)
	at org.apache.maven.surefire.junit4.JUnit4Provider.execute(JUnit4Provider.java:367)
	at org.apache.maven.surefire.junit4.JUnit4Provider.executeWithRerun(JUnit4Provider.java:274)
	at org.apache.maven.surefire.junit4.JUnit4Provider.executeTestSet(JUnit4Provider.java:238)
	at org.apache.maven.surefire.junit4.JUnit4Provider.invoke(JUnit4Provider.java:161)
	at org.apache.maven.surefire.booter.ForkedBooter.invokeProviderInSameClassLoader(ForkedBooter.java:290)
	at org.apache.maven.surefire.booter.ForkedBooter.runSuitesInProcess(ForkedBooter.java:242)
	at org.apache.maven.surefire.booter.ForkedBooter.main(ForkedBooter.java:121)
Caused by: javax.xml.transform.TransformerException: Can not resolve required  DoesNotExist
	at de.kosit.validationtool.impl.xml.RelativeUriResolver.resolve(RelativeUriResolver.java:57)
	at de.kosit.validationtool.impl.ContentRepository.resolveInRepository(ContentRepository.java:226)
	... 45 more
Caused by: java.io.FileNotFoundException: /tmp/tmpjoih3hz8/validator/src/test/resources/examples/simple/repository/DoesNotExist (No such file or directory)
	at java.io.FileInputStream.open0(Native Method)
	at java.io.FileInputStream.open(FileInputStream.java:195)
	at java.io.FileInputStream.<init>(FileInputStream.java:138)
	at java.io.FileInputStream.<init>(FileInputStream.java:93)
	at sun.net.www.protocol.file.FileURLConnection.connect(FileURLConnection.java:90)
	at sun.net.www.protocol.file.FileURLConnection.getInputStream(FileURLConnection.java:188)
	at java.net.URL.openStream(URL.java:1068)
	at de.kosit.validationtool.impl.xml.RelativeUriResolver.resolve(RelativeUriResolver.java:54)
	... 46 more
2020-07-30 20:22:52 [INFO] Loading XSLT script from  report.xsl
2020-07-30 20:22:52 [INFO] Using resolving strategy STRICT_RELATIVE
2020-07-30 20:22:52 [INFO] Using resolving strategy STRICT_RELATIVE
2020-07-30 20:22:52 [INFO] Loading XSLT script from  report.xsl
2020-07-30 20:22:52 [WARN] Overriding previously created fallback scenario
2020-07-30 20:22:52 [INFO] Using resolving strategy STRICT_RELATIVE
2020-07-30 20:22:52 [INFO] Loading XSLT script from  report.xsl
2020-07-30 20:22:52 [INFO] Using resolving strategy STRICT_RELATIVE
2020-07-30 20:22:52 [INFO] Using resolving strategy STRICT_RELATIVE
2020-07-30 20:22:52 [INFO] Loading XSLT script from  report.xsl
Tests run: 7, Failures: 0, Errors: 0, Skipped: 0, Time elapsed: 0.194 sec - in de.kosit.validationtool.config.ConfigurationBuilderTest
Running de.kosit.validationtool.config.SchemaBuilderTest
2020-07-30 20:22:52 [ERROR] Error resolving source file:/tmp/tmpjoih3hz8/validator/src/test/resources/examples/simple/repository/doesNotExist.xsd
javax.xml.transform.TransformerException: Can not resolve required  file:/tmp/tmpjoih3hz8/validator/src/test/resources/examples/simple/repository/doesNotExist.xsd
	at de.kosit.validationtool.impl.xml.RelativeUriResolver.resolve(RelativeUriResolver.java:57)
	at de.kosit.validationtool.impl.ContentRepository.resolveInRepository(ContentRepository.java:226)
	at de.kosit.validationtool.impl.ContentRepository.createSchema(ContentRepository.java:163)
	at de.kosit.validationtool.config.SchemaBuilder.build(SchemaBuilder.java:45)
	at de.kosit.validationtool.config.SchemaBuilderTest.testNonExisting(SchemaBuilderTest.java:62)
	at sun.reflect.NativeMethodAccessorImpl.invoke0(Native Method)
	at sun.reflect.NativeMethodAccessorImpl.invoke(NativeMethodAccessorImpl.java:62)
	at sun.reflect.DelegatingMethodAccessorImpl.invoke(DelegatingMethodAccessorImpl.java:43)
	at java.lang.reflect.Method.invoke(Method.java:498)
	at org.junit.runners.model.FrameworkMethod$1.runReflectiveCall(FrameworkMethod.java:50)
	at org.junit.internal.runners.model.ReflectiveCallable.run(ReflectiveCallable.java:12)
	at org.junit.runners.model.FrameworkMethod.invokeExplosively(FrameworkMethod.java:47)
	at org.junit.internal.runners.statements.InvokeMethod.evaluate(InvokeMethod.java:17)
	at org.junit.runners.ParentRunner.runLeaf(ParentRunner.java:325)
	at org.junit.runners.BlockJUnit4ClassRunner.runChild(BlockJUnit4ClassRunner.java:78)
	at org.junit.runners.BlockJUnit4ClassRunner.runChild(BlockJUnit4ClassRunner.java:57)
	at org.junit.runners.ParentRunner$3.run(ParentRunner.java:290)
	at org.junit.runners.ParentRunner$1.schedule(ParentRunner.java:71)
	at org.junit.runners.ParentRunner.runChildren(ParentRunner.java:288)
	at org.junit.runners.ParentRunner.access$000(ParentRunner.java:58)
	at org.junit.runners.ParentRunner$2.evaluate(ParentRunner.java:268)
	at org.junit.runners.ParentRunner.run(ParentRunner.java:363)
	at org.apache.maven.surefire.junit4.JUnit4Provider.execute(JUnit4Provider.java:367)
	at org.apache.maven.surefire.junit4.JUnit4Provider.executeWithRerun(JUnit4Provider.java:274)
	at org.apache.maven.surefire.junit4.JUnit4Provider.executeTestSet(JUnit4Provider.java:238)
	at org.apache.maven.surefire.junit4.JUnit4Provider.invoke(JUnit4Provider.java:161)
	at org.apache.maven.surefire.booter.ForkedBooter.invokeProviderInSameClassLoader(ForkedBooter.java:290)
	at org.apache.maven.surefire.booter.ForkedBooter.runSuitesInProcess(ForkedBooter.java:242)
	at org.apache.maven.surefire.booter.ForkedBooter.main(ForkedBooter.java:121)
Caused by: java.io.FileNotFoundException: /tmp/tmpjoih3hz8/validator/src/test/resources/examples/simple/repository/doesNotExist.xsd (No such file or directory)
	at java.io.FileInputStream.open0(Native Method)
	at java.io.FileInputStream.open(FileInputStream.java:195)
	at java.io.FileInputStream.<init>(FileInputStream.java:138)
	at java.io.FileInputStream.<init>(FileInputStream.java:93)
	at sun.net.www.protocol.file.FileURLConnection.connect(FileURLConnection.java:90)
	at sun.net.www.protocol.file.FileURLConnection.getInputStream(FileURLConnection.java:188)
	at java.net.URL.openStream(URL.java:1068)
	at de.kosit.validationtool.impl.xml.RelativeUriResolver.resolve(RelativeUriResolver.java:54)
	... 28 more
---------
java.io.FileNotFoundException: /tmp/tmpjoih3hz8/validator/src/test/resources/examples/simple/repository/doesNotExist.xsd (No such file or directory)
	at java.io.FileInputStream.open0(Native Method)
	at java.io.FileInputStream.open(FileInputStream.java:195)
	at java.io.FileInputStream.<init>(FileInputStream.java:138)
	at java.io.FileInputStream.<init>(FileInputStream.java:93)
	at sun.net.www.protocol.file.FileURLConnection.connect(FileURLConnection.java:90)
	at sun.net.www.protocol.file.FileURLConnection.getInputStream(FileURLConnection.java:188)
	at java.net.URL.openStream(URL.java:1068)
	at de.kosit.validationtool.impl.xml.RelativeUriResolver.resolve(RelativeUriResolver.java:54)
	at de.kosit.validationtool.impl.ContentRepository.resolveInRepository(ContentRepository.java:226)
	at de.kosit.validationtool.impl.ContentRepository.createSchema(ContentRepository.java:163)
	at de.kosit.validationtool.config.SchemaBuilder.build(SchemaBuilder.java:45)
	at de.kosit.validationtool.config.SchemaBuilderTest.testNonExisting(SchemaBuilderTest.java:62)
	at sun.reflect.NativeMethodAccessorImpl.invoke0(Native Method)
	at sun.reflect.NativeMethodAccessorImpl.invoke(NativeMethodAccessorImpl.java:62)
	at sun.reflect.DelegatingMethodAccessorImpl.invoke(DelegatingMethodAccessorImpl.java:43)
	at java.lang.reflect.Method.invoke(Method.java:498)
	at org.junit.runners.model.FrameworkMethod$1.runReflectiveCall(FrameworkMethod.java:50)
	at org.junit.internal.runners.model.ReflectiveCallable.run(ReflectiveCallable.java:12)
	at org.junit.runners.model.FrameworkMethod.invokeExplosively(FrameworkMethod.java:47)
	at org.junit.internal.runners.statements.InvokeMethod.evaluate(InvokeMethod.java:17)
	at org.junit.runners.ParentRunner.runLeaf(ParentRunner.java:325)
	at org.junit.runners.BlockJUnit4ClassRunner.runChild(BlockJUnit4ClassRunner.java:78)
	at org.junit.runners.BlockJUnit4ClassRunner.runChild(BlockJUnit4ClassRunner.java:57)
	at org.junit.runners.ParentRunner$3.run(ParentRunner.java:290)
	at org.junit.runners.ParentRunner$1.schedule(ParentRunner.java:71)
	at org.junit.runners.ParentRunner.runChildren(ParentRunner.java:288)
	at org.junit.runners.ParentRunner.access$000(ParentRunner.java:58)
	at org.junit.runners.ParentRunner$2.evaluate(ParentRunner.java:268)
	at org.junit.runners.ParentRunner.run(ParentRunner.java:363)
	at org.apache.maven.surefire.junit4.JUnit4Provider.execute(JUnit4Provider.java:367)
	at org.apache.maven.surefire.junit4.JUnit4Provider.executeWithRerun(JUnit4Provider.java:274)
	at org.apache.maven.surefire.junit4.JUnit4Provider.executeTestSet(JUnit4Provider.java:238)
	at org.apache.maven.surefire.junit4.JUnit4Provider.invoke(JUnit4Provider.java:161)
	at org.apache.maven.surefire.booter.ForkedBooter.invokeProviderInSameClassLoader(ForkedBooter.java:290)
	at org.apache.maven.surefire.booter.ForkedBooter.runSuitesInProcess(ForkedBooter.java:242)
	at org.apache.maven.surefire.booter.ForkedBooter.main(ForkedBooter.java:121)
2020-07-30 20:22:52 [ERROR] Can not resolve file:/tmp/tmpjoih3hz8/validator/src/test/resources/examples/simple/repository/doesNotExist.xsd in repository file:/tmp/tmpjoih3hz8/validator/src/test/resources/examples/simple/repository/
java.lang.IllegalStateException: Can not resolve file:/tmp/tmpjoih3hz8/validator/src/test/resources/examples/simple/repository/doesNotExist.xsd in repository file:/tmp/tmpjoih3hz8/validator/src/test/resources/examples/simple/repository/
	at de.kosit.validationtool.impl.ContentRepository.resolveInRepository(ContentRepository.java:229)
	at de.kosit.validationtool.impl.ContentRepository.createSchema(ContentRepository.java:163)
	at de.kosit.validationtool.config.SchemaBuilder.build(SchemaBuilder.java:45)
	at de.kosit.validationtool.config.SchemaBuilderTest.testNonExisting(SchemaBuilderTest.java:62)
	at sun.reflect.NativeMethodAccessorImpl.invoke0(Native Method)
	at sun.reflect.NativeMethodAccessorImpl.invoke(NativeMethodAccessorImpl.java:62)
	at sun.reflect.DelegatingMethodAccessorImpl.invoke(DelegatingMethodAccessorImpl.java:43)
	at java.lang.reflect.Method.invoke(Method.java:498)
	at org.junit.runners.model.FrameworkMethod$1.runReflectiveCall(FrameworkMethod.java:50)
	at org.junit.internal.runners.model.ReflectiveCallable.run(ReflectiveCallable.java:12)
	at org.junit.runners.model.FrameworkMethod.invokeExplosively(FrameworkMethod.java:47)
	at org.junit.internal.runners.statements.InvokeMethod.evaluate(InvokeMethod.java:17)
	at org.junit.runners.ParentRunner.runLeaf(ParentRunner.java:325)
	at org.junit.runners.BlockJUnit4ClassRunner.runChild(BlockJUnit4ClassRunner.java:78)
	at org.junit.runners.BlockJUnit4ClassRunner.runChild(BlockJUnit4ClassRunner.java:57)
	at org.junit.runners.ParentRunner$3.run(ParentRunner.java:290)
	at org.junit.runners.ParentRunner$1.schedule(ParentRunner.java:71)
	at org.junit.runners.ParentRunner.runChildren(ParentRunner.java:288)
	at org.junit.runners.ParentRunner.access$000(ParentRunner.java:58)
	at org.junit.runners.ParentRunner$2.evaluate(ParentRunner.java:268)
	at org.junit.runners.ParentRunner.run(ParentRunner.java:363)
	at org.apache.maven.surefire.junit4.JUnit4Provider.execute(JUnit4Provider.java:367)
	at org.apache.maven.surefire.junit4.JUnit4Provider.executeWithRerun(JUnit4Provider.java:274)
	at org.apache.maven.surefire.junit4.JUnit4Provider.executeTestSet(JUnit4Provider.java:238)
	at org.apache.maven.surefire.junit4.JUnit4Provider.invoke(JUnit4Provider.java:161)
	at org.apache.maven.surefire.booter.ForkedBooter.invokeProviderInSameClassLoader(ForkedBooter.java:290)
	at org.apache.maven.surefire.booter.ForkedBooter.runSuitesInProcess(ForkedBooter.java:242)
	at org.apache.maven.surefire.booter.ForkedBooter.main(ForkedBooter.java:121)
Caused by: javax.xml.transform.TransformerException: Can not resolve required  file:/tmp/tmpjoih3hz8/validator/src/test/resources/examples/simple/repository/doesNotExist.xsd
	at de.kosit.validationtool.impl.xml.RelativeUriResolver.resolve(RelativeUriResolver.java:57)
	at de.kosit.validationtool.impl.ContentRepository.resolveInRepository(ContentRepository.java:226)
	... 27 more
Caused by: java.io.FileNotFoundException: /tmp/tmpjoih3hz8/validator/src/test/resources/examples/simple/repository/doesNotExist.xsd (No such file or directory)
	at java.io.FileInputStream.open0(Native Method)
	at java.io.FileInputStream.open(FileInputStream.java:195)
	at java.io.FileInputStream.<init>(FileInputStream.java:138)
	at java.io.FileInputStream.<init>(FileInputStream.java:93)
	at sun.net.www.protocol.file.FileURLConnection.connect(FileURLConnection.java:90)
	at sun.net.www.protocol.file.FileURLConnection.getInputStream(FileURLConnection.java:188)
	at java.net.URL.openStream(URL.java:1068)
	at de.kosit.validationtool.impl.xml.RelativeUriResolver.resolve(RelativeUriResolver.java:54)
	... 28 more
2020-07-30 20:22:52 [ERROR] Error resolving source file:/tmp/tmpjoih3hz8/validator/src/test/resources/examples/simple/input/simple-invalid.xml
javax.xml.transform.TransformerException: The resolved transformation artifact file:/tmp/tmpjoih3hz8/validator/src/test/resources/examples/simple/input/simple-invalid.xml is not within the configured repository file:/tmp/tmpjoih3hz8/validator/src/test/resources/examples/simple/repository/
	at de.kosit.validationtool.impl.xml.RelativeUriResolver.resolve(RelativeUriResolver.java:61)
	at de.kosit.validationtool.impl.ContentRepository.resolveInRepository(ContentRepository.java:226)
	at de.kosit.validationtool.impl.ContentRepository.createSchema(ContentRepository.java:163)
	at de.kosit.validationtool.config.SchemaBuilder.build(SchemaBuilder.java:45)
	at de.kosit.validationtool.config.SchemaBuilderTest.testInvalidSchema(SchemaBuilderTest.java:54)
	at sun.reflect.NativeMethodAccessorImpl.invoke0(Native Method)
	at sun.reflect.NativeMethodAccessorImpl.invoke(NativeMethodAccessorImpl.java:62)
	at sun.reflect.DelegatingMethodAccessorImpl.invoke(DelegatingMethodAccessorImpl.java:43)
	at java.lang.reflect.Method.invoke(Method.java:498)
	at org.junit.runners.model.FrameworkMethod$1.runReflectiveCall(FrameworkMethod.java:50)
	at org.junit.internal.runners.model.ReflectiveCallable.run(ReflectiveCallable.java:12)
	at org.junit.runners.model.FrameworkMethod.invokeExplosively(FrameworkMethod.java:47)
	at org.junit.internal.runners.statements.InvokeMethod.evaluate(InvokeMethod.java:17)
	at org.junit.runners.ParentRunner.runLeaf(ParentRunner.java:325)
	at org.junit.runners.BlockJUnit4ClassRunner.runChild(BlockJUnit4ClassRunner.java:78)
	at org.junit.runners.BlockJUnit4ClassRunner.runChild(BlockJUnit4ClassRunner.java:57)
	at org.junit.runners.ParentRunner$3.run(ParentRunner.java:290)
	at org.junit.runners.ParentRunner$1.schedule(ParentRunner.java:71)
	at org.junit.runners.ParentRunner.runChildren(ParentRunner.java:288)
	at org.junit.runners.ParentRunner.access$000(ParentRunner.java:58)
	at org.junit.runners.ParentRunner$2.evaluate(ParentRunner.java:268)
	at org.junit.runners.ParentRunner.run(ParentRunner.java:363)
	at org.apache.maven.surefire.junit4.JUnit4Provider.execute(JUnit4Provider.java:367)
	at org.apache.maven.surefire.junit4.JUnit4Provider.executeWithRerun(JUnit4Provider.java:274)
	at org.apache.maven.surefire.junit4.JUnit4Provider.executeTestSet(JUnit4Provider.java:238)
	at org.apache.maven.surefire.junit4.JUnit4Provider.invoke(JUnit4Provider.java:161)
	at org.apache.maven.surefire.booter.ForkedBooter.invokeProviderInSameClassLoader(ForkedBooter.java:290)
	at org.apache.maven.surefire.booter.ForkedBooter.runSuitesInProcess(ForkedBooter.java:242)
	at org.apache.maven.surefire.booter.ForkedBooter.main(ForkedBooter.java:121)
2020-07-30 20:22:52 [ERROR] Can not resolve file:/tmp/tmpjoih3hz8/validator/src/test/resources/examples/simple/input/simple-invalid.xml in repository file:/tmp/tmpjoih3hz8/validator/src/test/resources/examples/simple/repository/
java.lang.IllegalStateException: Can not resolve file:/tmp/tmpjoih3hz8/validator/src/test/resources/examples/simple/input/simple-invalid.xml in repository file:/tmp/tmpjoih3hz8/validator/src/test/resources/examples/simple/repository/
	at de.kosit.validationtool.impl.ContentRepository.resolveInRepository(ContentRepository.java:229)
	at de.kosit.validationtool.impl.ContentRepository.createSchema(ContentRepository.java:163)
	at de.kosit.validationtool.config.SchemaBuilder.build(SchemaBuilder.java:45)
	at de.kosit.validationtool.config.SchemaBuilderTest.testInvalidSchema(SchemaBuilderTest.java:54)
	at sun.reflect.NativeMethodAccessorImpl.invoke0(Native Method)
	at sun.reflect.NativeMethodAccessorImpl.invoke(NativeMethodAccessorImpl.java:62)
	at sun.reflect.DelegatingMethodAccessorImpl.invoke(DelegatingMethodAccessorImpl.java:43)
	at java.lang.reflect.Method.invoke(Method.java:498)
	at org.junit.runners.model.FrameworkMethod$1.runReflectiveCall(FrameworkMethod.java:50)
	at org.junit.internal.runners.model.ReflectiveCallable.run(ReflectiveCallable.java:12)
	at org.junit.runners.model.FrameworkMethod.invokeExplosively(FrameworkMethod.java:47)
	at org.junit.internal.runners.statements.InvokeMethod.evaluate(InvokeMethod.java:17)
	at org.junit.runners.ParentRunner.runLeaf(ParentRunner.java:325)
	at org.junit.runners.BlockJUnit4ClassRunner.runChild(BlockJUnit4ClassRunner.java:78)
	at org.junit.runners.BlockJUnit4ClassRunner.runChild(BlockJUnit4ClassRunner.java:57)
	at org.junit.runners.ParentRunner$3.run(ParentRunner.java:290)
	at org.junit.runners.ParentRunner$1.schedule(ParentRunner.java:71)
	at org.junit.runners.ParentRunner.runChildren(ParentRunner.java:288)
	at org.junit.runners.ParentRunner.access$000(ParentRunner.java:58)
	at org.junit.runners.ParentRunner$2.evaluate(ParentRunner.java:268)
	at org.junit.runners.ParentRunner.run(ParentRunner.java:363)
	at org.apache.maven.surefire.junit4.JUnit4Provider.execute(JUnit4Provider.java:367)
	at org.apache.maven.surefire.junit4.JUnit4Provider.executeWithRerun(JUnit4Provider.java:274)
	at org.apache.maven.surefire.junit4.JUnit4Provider.executeTestSet(JUnit4Provider.java:238)
	at org.apache.maven.surefire.junit4.JUnit4Provider.invoke(JUnit4Provider.java:161)
	at org.apache.maven.surefire.booter.ForkedBooter.invokeProviderInSameClassLoader(ForkedBooter.java:290)
	at org.apache.maven.surefire.booter.ForkedBooter.runSuitesInProcess(ForkedBooter.java:242)
	at org.apache.maven.surefire.booter.ForkedBooter.main(ForkedBooter.java:121)
Caused by: javax.xml.transform.TransformerException: The resolved transformation artifact file:/tmp/tmpjoih3hz8/validator/src/test/resources/examples/simple/input/simple-invalid.xml is not within the configured repository file:/tmp/tmpjoih3hz8/validator/src/test/resources/examples/simple/repository/
	at de.kosit.validationtool.impl.xml.RelativeUriResolver.resolve(RelativeUriResolver.java:61)
	at de.kosit.validationtool.impl.ContentRepository.resolveInRepository(ContentRepository.java:226)
	... 27 more
Tests run: 8, Failures: 0, Errors: 0, Skipped: 0, Time elapsed: 0.058 sec - in de.kosit.validationtool.config.SchemaBuilderTest
Running de.kosit.validationtool.impl.ScenarioRepositoryTest
2020-07-30 20:22:52 [INFO] Loaded scenarios for null by null from null. The following scenarios are available:

null

2020-07-30 20:22:52 [INFO] Loaded scenarios for null by null from null. The following scenarios are available:

null

2020-07-30 20:22:52 [INFO] Loaded scenarios for null by null from null. The following scenarios are available:

null

Tests run: 3, Failures: 0, Errors: 0, Skipped: 0, Time elapsed: 0.042 sec - in de.kosit.validationtool.impl.ScenarioRepositoryTest
Running de.kosit.validationtool.impl.SimpleScenarioCheckTest
2020-07-30 20:22:52 [INFO] Using resolving strategy STRICT_RELATIVE
2020-07-30 20:22:52 [INFO] Load schema from source /tmp/tmpjoih3hz8/validator/target/classes/xsd/scenarios.xsd
2020-07-30 20:22:52 [INFO] Loading scenarios from file:/tmp/tmpjoih3hz8/validator/src/test/resources/examples/simple/scenarios.xml
2020-07-30 20:22:53 [INFO] Loading scenario content from file:/tmp/tmpjoih3hz8/validator/src/test/resources/examples/simple/repository/
2020-07-30 20:22:53 [INFO] Loading XSLT script from  report.xsl
2020-07-30 20:22:53 [INFO] Loading XSLT script from  report.xsl
2020-07-30 20:22:53 [INFO] Loading XSLT script from  report.xsl
2020-07-30 20:22:53 [INFO] Loaded scenarios for HTML-TestSuite by null from 2017-08-08. The following scenarios are available:

Simple
NoAcceptMatch

2020-07-30 20:22:53 [INFO] Checking content of /tmp/tmpjoih3hz8/validator/src/test/resources/examples/simple/input/foo.xml
2020-07-30 20:22:53 [INFO] Schenario NoAcceptMatch identified for /tmp/tmpjoih3hz8/validator/src/test/resources/examples/simple/input/foo.xml
2020-07-30 20:22:53 [INFO] Finished check of /tmp/tmpjoih3hz8/validator/src/test/resources/examples/simple/input/foo.xml in 56ms

2020-07-30 20:22:53 [INFO] Using resolving strategy STRICT_RELATIVE
2020-07-30 20:22:53 [INFO] Load schema from source /tmp/tmpjoih3hz8/validator/target/classes/xsd/scenarios.xsd
2020-07-30 20:22:53 [INFO] Loading scenarios from file:/tmp/tmpjoih3hz8/validator/src/test/resources/examples/simple/scenarios.xml
2020-07-30 20:22:53 [INFO] Loading scenario content from file:/tmp/tmpjoih3hz8/validator/src/test/resources/examples/simple/repository/
2020-07-30 20:22:53 [INFO] Loading XSLT script from  report.xsl
2020-07-30 20:22:53 [INFO] Loading XSLT script from  report.xsl
2020-07-30 20:22:53 [INFO] Loading XSLT script from  report.xsl
2020-07-30 20:22:53 [INFO] Loaded scenarios for HTML-TestSuite by null from 2017-08-08. The following scenarios are available:

Simple
NoAcceptMatch

2020-07-30 20:22:53 [INFO] Checking content of /tmp/tmpjoih3hz8/validator/src/test/resources/examples/simple/input/unknown.xml
2020-07-30 20:22:53 [ERROR] No valid schenario configuration found for /tmp/tmpjoih3hz8/validator/src/test/resources/examples/simple/input/unknown.xml
2020-07-30 20:22:53 [INFO] Finished check of /tmp/tmpjoih3hz8/validator/src/test/resources/examples/simple/input/unknown.xml in 69ms

2020-07-30 20:22:53 [INFO] Using resolving strategy STRICT_RELATIVE
2020-07-30 20:22:53 [INFO] Load schema from source /tmp/tmpjoih3hz8/validator/target/classes/xsd/scenarios.xsd
2020-07-30 20:22:53 [INFO] Loading scenarios from file:/tmp/tmpjoih3hz8/validator/src/test/resources/examples/simple/scenarios.xml
2020-07-30 20:22:53 [INFO] Loading scenario content from file:/tmp/tmpjoih3hz8/validator/src/test/resources/examples/simple/repository/
2020-07-30 20:22:53 [INFO] Loading XSLT script from  report.xsl
2020-07-30 20:22:53 [INFO] Loading XSLT script from  report.xsl
2020-07-30 20:22:53 [INFO] Loading XSLT script from  report.xsl
2020-07-30 20:22:53 [INFO] Loaded scenarios for HTML-TestSuite by null from 2017-08-08. The following scenarios are available:

Simple
NoAcceptMatch

2020-07-30 20:22:53 [INFO] Checking content of /tmp/tmpjoih3hz8/validator/src/test/resources/examples/simple/input/simple-invalid.xml
2020-07-30 20:22:53 [INFO] Schenario Simple identified for /tmp/tmpjoih3hz8/validator/src/test/resources/examples/simple/input/simple-invalid.xml
2020-07-30 20:22:53 [INFO] Finished check of /tmp/tmpjoih3hz8/validator/src/test/resources/examples/simple/input/simple-invalid.xml in 40ms

2020-07-30 20:22:53 [INFO] Using resolving strategy STRICT_RELATIVE
2020-07-30 20:22:53 [INFO] Load schema from source /tmp/tmpjoih3hz8/validator/target/classes/xsd/scenarios.xsd
2020-07-30 20:22:53 [INFO] Loading scenarios from file:/tmp/tmpjoih3hz8/validator/src/test/resources/examples/simple/scenarios.xml
2020-07-30 20:22:53 [INFO] Loading scenario content from file:/tmp/tmpjoih3hz8/validator/src/test/resources/examples/simple/repository/
2020-07-30 20:22:53 [INFO] Loading XSLT script from  report.xsl
2020-07-30 20:22:53 [INFO] Loading XSLT script from  report.xsl
2020-07-30 20:22:53 [INFO] Loading XSLT script from  report.xsl
2020-07-30 20:22:53 [INFO] Loaded scenarios for HTML-TestSuite by null from 2017-08-08. The following scenarios are available:

Simple
NoAcceptMatch

2020-07-30 20:22:53 [INFO] Checking content of /tmp/tmpjoih3hz8/validator/src/test/resources/examples/simple/input/simple.xml
2020-07-30 20:22:53 [INFO] Schenario Simple identified for /tmp/tmpjoih3hz8/validator/src/test/resources/examples/simple/input/simple.xml
2020-07-30 20:22:53 [INFO] Finished check of /tmp/tmpjoih3hz8/validator/src/test/resources/examples/simple/input/simple.xml in 33ms

Tests run: 4, Failures: 0, Errors: 0, Skipped: 0, Time elapsed: 0.75 sec - in de.kosit.validationtool.impl.SimpleScenarioCheckTest
Running de.kosit.validationtool.impl.RelativeUriResolverTest
Tests run: 5, Failures: 0, Errors: 0, Skipped: 0, Time elapsed: 0.003 sec - in de.kosit.validationtool.impl.RelativeUriResolverTest
Running de.kosit.validationtool.impl.ContentRepositoryTest
2020-07-30 20:22:53 [INFO] Load schema from source /tmp/tmpjoih3hz8/validator/src/test/resources/examples/doesnotexist
2020-07-30 20:22:53 [INFO] Load schema from source /tmp/tmpjoih3hz8/validator/src/main/model/xsd/assertions.xsd
2020-07-30 20:22:53 [INFO] Loading XSLT script from  file:/tmp/tmpjoih3hz8/validator/src/test/resources/examples/simple/repository/report.xsl
2020-07-30 20:22:53 [INFO] Loading XSLT script from  file:/tmp/tmpjoih3hz8/validator/src/test/resources/examples/doesnotexist
2020-07-30 20:22:53 [ERROR] Error resolving source file:/tmp/tmpjoih3hz8/validator/src/test/resources/examples/doesnotexist
javax.xml.transform.TransformerException: The resolved transformation artifact file:/tmp/tmpjoih3hz8/validator/src/test/resources/examples/doesnotexist is not within the configured repository file:/tmp/tmpjoih3hz8/validator/src/test/resources/examples/simple/repository/
	at de.kosit.validationtool.impl.xml.RelativeUriResolver.resolve(RelativeUriResolver.java:61)
	at de.kosit.validationtool.impl.ContentRepository.resolveInRepository(ContentRepository.java:226)
	at de.kosit.validationtool.impl.ContentRepository.loadXsltScript(ContentRepository.java:140)
	at de.kosit.validationtool.impl.ContentRepositoryTest.testLoadXSLTNotExisting(ContentRepositoryTest.java:88)
	at sun.reflect.NativeMethodAccessorImpl.invoke0(Native Method)
	at sun.reflect.NativeMethodAccessorImpl.invoke(NativeMethodAccessorImpl.java:62)
	at sun.reflect.DelegatingMethodAccessorImpl.invoke(DelegatingMethodAccessorImpl.java:43)
	at java.lang.reflect.Method.invoke(Method.java:498)
	at org.junit.runners.model.FrameworkMethod$1.runReflectiveCall(FrameworkMethod.java:50)
	at org.junit.internal.runners.model.ReflectiveCallable.run(ReflectiveCallable.java:12)
	at org.junit.runners.model.FrameworkMethod.invokeExplosively(FrameworkMethod.java:47)
	at org.junit.internal.runners.statements.InvokeMethod.evaluate(InvokeMethod.java:17)
	at org.junit.internal.runners.statements.RunBefores.evaluate(RunBefores.java:26)
	at org.junit.rules.ExpectedException$ExpectedExceptionStatement.evaluate(ExpectedException.java:239)
	at org.junit.rules.RunRules.evaluate(RunRules.java:20)
	at org.junit.runners.ParentRunner.runLeaf(ParentRunner.java:325)
	at org.junit.runners.BlockJUnit4ClassRunner.runChild(BlockJUnit4ClassRunner.java:78)
	at org.junit.runners.BlockJUnit4ClassRunner.runChild(BlockJUnit4ClassRunner.java:57)
	at org.junit.runners.ParentRunner$3.run(ParentRunner.java:290)
	at org.junit.runners.ParentRunner$1.schedule(ParentRunner.java:71)
	at org.junit.runners.ParentRunner.runChildren(ParentRunner.java:288)
	at org.junit.runners.ParentRunner.access$000(ParentRunner.java:58)
	at org.junit.runners.ParentRunner$2.evaluate(ParentRunner.java:268)
	at org.junit.runners.ParentRunner.run(ParentRunner.java:363)
	at org.apache.maven.surefire.junit4.JUnit4Provider.execute(JUnit4Provider.java:367)
	at org.apache.maven.surefire.junit4.JUnit4Provider.executeWithRerun(JUnit4Provider.java:274)
	at org.apache.maven.surefire.junit4.JUnit4Provider.executeTestSet(JUnit4Provider.java:238)
	at org.apache.maven.surefire.junit4.JUnit4Provider.invoke(JUnit4Provider.java:161)
	at org.apache.maven.surefire.booter.ForkedBooter.invokeProviderInSameClassLoader(ForkedBooter.java:290)
	at org.apache.maven.surefire.booter.ForkedBooter.runSuitesInProcess(ForkedBooter.java:242)
	at org.apache.maven.surefire.booter.ForkedBooter.main(ForkedBooter.java:121)
2020-07-30 20:22:53 [INFO] Loading XSLT script from  resources/eRechnung/report.xsl
2020-07-30 20:22:54 [INFO] Load schema from source /tmp/tmpjoih3hz8/validator/target/test-classes/loading/main.xsd
2020-07-30 20:22:54 [INFO] Load schema from source file:/home/jdbl/.m2/repository/de/kosit/validationtool/packaged-test-scenarios/1.0.0/packaged-test-scenarios-1.0.0.jar!/packaged/main.xsd
Tests run: 11, Failures: 0, Errors: 0, Skipped: 0, Time elapsed: 0.535 sec - in de.kosit.validationtool.impl.ContentRepositoryTest
Running de.kosit.validationtool.impl.xml.StrictRelativeResolvingTest
Tests run: 2, Failures: 0, Errors: 0, Skipped: 0, Time elapsed: 0.003 sec - in de.kosit.validationtool.impl.xml.StrictRelativeResolvingTest
Running de.kosit.validationtool.impl.xml.StrictLocalResolvingTest
Tests run: 2, Failures: 0, Errors: 0, Skipped: 0, Time elapsed: 0.004 sec - in de.kosit.validationtool.impl.xml.StrictLocalResolvingTest
Running de.kosit.validationtool.impl.xml.BaseResolverConfigurationTest
2020-07-30 20:22:55 [WARN] Can set  external schema  access to schemes (quatsch). Maybe an unsupported JAXP implementation is used.
Tests run: 3, Failures: 0, Errors: 0, Skipped: 0, Time elapsed: 1.119 sec - in de.kosit.validationtool.impl.xml.BaseResolverConfigurationTest
Running de.kosit.validationtool.impl.xml.RemoteResolvingStrategyTest
Tests run: 2, Failures: 0, Errors: 0, Skipped: 0, Time elapsed: 0.469 sec - in de.kosit.validationtool.impl.xml.RemoteResolvingStrategyTest
Running de.kosit.validationtool.impl.xml.SaxonSecurityTest
Error on line 2 column 10 of xxe.xml:
  SXXP0003: Error reported by XML parser: DOCTYPE is disallowed when the feature
  "http://apache.org/xml/features/disallow-doctype-decl" set to true.
Static error at xsl:result-document on line 27 column 45 
  XTSE0010: xsl:result-document is disabled when extension functions are disabled
2020-07-30 20:22:55 [INFO] Expected exception detected Errors were reported during stylesheet compilation
net.sf.saxon.s9api.SaxonApiException: Errors were reported during stylesheet compilation
	at net.sf.saxon.s9api.XsltCompiler.compile(XsltCompiler.java:788)
	at de.kosit.validationtool.impl.xml.SaxonSecurityTest.testEvilStylesheets(SaxonSecurityTest.java:70)
	at sun.reflect.NativeMethodAccessorImpl.invoke0(Native Method)
	at sun.reflect.NativeMethodAccessorImpl.invoke(NativeMethodAccessorImpl.java:62)
	at sun.reflect.DelegatingMethodAccessorImpl.invoke(DelegatingMethodAccessorImpl.java:43)
	at java.lang.reflect.Method.invoke(Method.java:498)
	at org.junit.runners.model.FrameworkMethod$1.runReflectiveCall(FrameworkMethod.java:50)
	at org.junit.internal.runners.model.ReflectiveCallable.run(ReflectiveCallable.java:12)
	at org.junit.runners.model.FrameworkMethod.invokeExplosively(FrameworkMethod.java:47)
	at org.junit.internal.runners.statements.InvokeMethod.evaluate(InvokeMethod.java:17)
	at org.junit.runners.ParentRunner.runLeaf(ParentRunner.java:325)
	at org.junit.runners.BlockJUnit4ClassRunner.runChild(BlockJUnit4ClassRunner.java:78)
	at org.junit.runners.BlockJUnit4ClassRunner.runChild(BlockJUnit4ClassRunner.java:57)
	at org.junit.runners.ParentRunner$3.run(ParentRunner.java:290)
	at org.junit.runners.ParentRunner$1.schedule(ParentRunner.java:71)
	at org.junit.runners.ParentRunner.runChildren(ParentRunner.java:288)
	at org.junit.runners.ParentRunner.access$000(ParentRunner.java:58)
	at org.junit.runners.ParentRunner$2.evaluate(ParentRunner.java:268)
	at org.junit.runners.ParentRunner.run(ParentRunner.java:363)
	at org.apache.maven.surefire.junit4.JUnit4Provider.execute(JUnit4Provider.java:367)
	at org.apache.maven.surefire.junit4.JUnit4Provider.executeWithRerun(JUnit4Provider.java:274)
	at org.apache.maven.surefire.junit4.JUnit4Provider.executeTestSet(JUnit4Provider.java:238)
	at org.apache.maven.surefire.junit4.JUnit4Provider.invoke(JUnit4Provider.java:161)
	at org.apache.maven.surefire.booter.ForkedBooter.invokeProviderInSameClassLoader(ForkedBooter.java:290)
	at org.apache.maven.surefire.booter.ForkedBooter.runSuitesInProcess(ForkedBooter.java:242)
	at org.apache.maven.surefire.booter.ForkedBooter.main(ForkedBooter.java:121)
Caused by: net.sf.saxon.trans.XPathException: Errors were reported during stylesheet compilation
	at net.sf.saxon.style.StylesheetModule.loadStylesheet(StylesheetModule.java:261)
	at net.sf.saxon.style.Compilation.compileSingletonPackage(Compilation.java:107)
	at net.sf.saxon.s9api.XsltCompiler.compile(XsltCompiler.java:785)
	... 25 more
Warning at char 9 in xsl:value-of/@select on line 27 column 76 
  FODC0002: Exception thrown by URIResolver: The resolved transformation artifact
  http://google.de is not within the configured repository
  file:/tmp/tmpjoih3hz8/validator/src/test/resources/examples/simple/repository/
Error on line 7 column 46 
  The resolved transformation artifact www.evil.de/xsl.xsl is not within the configured
  repository file:/tmp/tmpjoih3hz8/validator/src/test/resources/examples/simple/repository/
2020-07-30 20:22:55 [INFO] Expected exception detected The resolved transformation artifact www.evil.de/xsl.xsl is not within the configured repository file:/tmp/tmpjoih3hz8/validator/src/test/resources/examples/simple/repository/
net.sf.saxon.s9api.SaxonApiException: The resolved transformation artifact www.evil.de/xsl.xsl is not within the configured repository file:/tmp/tmpjoih3hz8/validator/src/test/resources/examples/simple/repository/
	at net.sf.saxon.s9api.XsltCompiler.compile(XsltCompiler.java:788)
	at de.kosit.validationtool.impl.xml.SaxonSecurityTest.testEvilStylesheets(SaxonSecurityTest.java:70)
	at sun.reflect.NativeMethodAccessorImpl.invoke0(Native Method)
	at sun.reflect.NativeMethodAccessorImpl.invoke(NativeMethodAccessorImpl.java:62)
	at sun.reflect.DelegatingMethodAccessorImpl.invoke(DelegatingMethodAccessorImpl.java:43)
	at java.lang.reflect.Method.invoke(Method.java:498)
	at org.junit.runners.model.FrameworkMethod$1.runReflectiveCall(FrameworkMethod.java:50)
	at org.junit.internal.runners.model.ReflectiveCallable.run(ReflectiveCallable.java:12)
	at org.junit.runners.model.FrameworkMethod.invokeExplosively(FrameworkMethod.java:47)
	at org.junit.internal.runners.statements.InvokeMethod.evaluate(InvokeMethod.java:17)
	at org.junit.runners.ParentRunner.runLeaf(ParentRunner.java:325)
	at org.junit.runners.BlockJUnit4ClassRunner.runChild(BlockJUnit4ClassRunner.java:78)
	at org.junit.runners.BlockJUnit4ClassRunner.runChild(BlockJUnit4ClassRunner.java:57)
	at org.junit.runners.ParentRunner$3.run(ParentRunner.java:290)
	at org.junit.runners.ParentRunner$1.schedule(ParentRunner.java:71)
	at org.junit.runners.ParentRunner.runChildren(ParentRunner.java:288)
	at org.junit.runners.ParentRunner.access$000(ParentRunner.java:58)
	at org.junit.runners.ParentRunner$2.evaluate(ParentRunner.java:268)
	at org.junit.runners.ParentRunner.run(ParentRunner.java:363)
	at org.apache.maven.surefire.junit4.JUnit4Provider.execute(JUnit4Provider.java:367)
	at org.apache.maven.surefire.junit4.JUnit4Provider.executeWithRerun(JUnit4Provider.java:274)
	at org.apache.maven.surefire.junit4.JUnit4Provider.executeTestSet(JUnit4Provider.java:238)
	at org.apache.maven.surefire.junit4.JUnit4Provider.invoke(JUnit4Provider.java:161)
	at org.apache.maven.surefire.booter.ForkedBooter.invokeProviderInSameClassLoader(ForkedBooter.java:290)
	at org.apache.maven.surefire.booter.ForkedBooter.runSuitesInProcess(ForkedBooter.java:242)
	at org.apache.maven.surefire.booter.ForkedBooter.main(ForkedBooter.java:121)
Caused by: net.sf.saxon.trans.XPathException: The resolved transformation artifact www.evil.de/xsl.xsl is not within the configured repository file:/tmp/tmpjoih3hz8/validator/src/test/resources/examples/simple/repository/
	at net.sf.saxon.trans.XPathException.makeXPathException(XPathException.java:163)
	at net.sf.saxon.style.UseWhenFilter.processIncludeImport(UseWhenFilter.java:272)
	at net.sf.saxon.style.UseWhenFilter.startElement(UseWhenFilter.java:219)
	at net.sf.saxon.event.StartTagBuffer.startContent(StartTagBuffer.java:246)
	at net.sf.saxon.event.ProxyReceiver.startContent(ProxyReceiver.java:177)
	at net.sf.saxon.event.ProxyReceiver.startContent(ProxyReceiver.java:177)
	at net.sf.saxon.event.ProxyReceiver.startContent(ProxyReceiver.java:177)
	at net.sf.saxon.event.ReceivingContentHandler.startElement(ReceivingContentHandler.java:446)
	at com.sun.org.apache.xerces.internal.parsers.AbstractSAXParser.startElement(AbstractSAXParser.java:509)
	at com.sun.org.apache.xerces.internal.parsers.AbstractXMLDocumentParser.emptyElement(AbstractXMLDocumentParser.java:182)
	at com.sun.org.apache.xerces.internal.impl.XMLNSDocumentScannerImpl.scanStartElement(XMLNSDocumentScannerImpl.java:351)
	at com.sun.org.apache.xerces.internal.impl.XMLDocumentFragmentScannerImpl$FragmentContentDriver.next(XMLDocumentFragmentScannerImpl.java:2784)
	at com.sun.org.apache.xerces.internal.impl.XMLDocumentScannerImpl.next(XMLDocumentScannerImpl.java:602)
	at com.sun.org.apache.xerces.internal.impl.XMLNSDocumentScannerImpl.next(XMLNSDocumentScannerImpl.java:112)
	at com.sun.org.apache.xerces.internal.impl.XMLDocumentFragmentScannerImpl.scanDocument(XMLDocumentFragmentScannerImpl.java:505)
	at com.sun.org.apache.xerces.internal.parsers.XML11Configuration.parse(XML11Configuration.java:842)
	at com.sun.org.apache.xerces.internal.parsers.XML11Configuration.parse(XML11Configuration.java:771)
	at com.sun.org.apache.xerces.internal.parsers.XMLParser.parse(XMLParser.java:141)
	at com.sun.org.apache.xerces.internal.parsers.AbstractSAXParser.parse(AbstractSAXParser.java:1213)
	at com.sun.org.apache.xerces.internal.jaxp.SAXParserImpl$JAXPSAXParser.parse(SAXParserImpl.java:643)
	at net.sf.saxon.event.Sender.sendSAXSource(Sender.java:434)
	at net.sf.saxon.event.Sender.send(Sender.java:167)
	at net.sf.saxon.style.StylesheetModule.loadStylesheet(StylesheetModule.java:232)
	at net.sf.saxon.style.Compilation.compileSingletonPackage(Compilation.java:107)
	at net.sf.saxon.s9api.XsltCompiler.compile(XsltCompiler.java:785)
	... 25 more
Caused by: javax.xml.transform.TransformerException: The resolved transformation artifact www.evil.de/xsl.xsl is not within the configured repository file:/tmp/tmpjoih3hz8/validator/src/test/resources/examples/simple/repository/
	at de.kosit.validationtool.impl.xml.RelativeUriResolver.resolve(RelativeUriResolver.java:61)
	at net.sf.saxon.style.UseWhenFilter.processIncludeImport(UseWhenFilter.java:270)
	... 48 more
Error on line 8 column 48 
  The resolved transformation artifact file://c/temp/myfile.txt is not within the configured
  repository file:/tmp/tmpjoih3hz8/validator/src/test/resources/examples/simple/repository/
2020-07-30 20:22:55 [INFO] Expected exception detected The resolved transformation artifact file://c/temp/myfile.txt is not within the configured repository file:/tmp/tmpjoih3hz8/validator/src/test/resources/examples/simple/repository/
net.sf.saxon.s9api.SaxonApiException: The resolved transformation artifact file://c/temp/myfile.txt is not within the configured repository file:/tmp/tmpjoih3hz8/validator/src/test/resources/examples/simple/repository/
	at net.sf.saxon.s9api.XsltCompiler.compile(XsltCompiler.java:788)
	at de.kosit.validationtool.impl.xml.SaxonSecurityTest.testEvilStylesheets(SaxonSecurityTest.java:70)
	at sun.reflect.NativeMethodAccessorImpl.invoke0(Native Method)
	at sun.reflect.NativeMethodAccessorImpl.invoke(NativeMethodAccessorImpl.java:62)
	at sun.reflect.DelegatingMethodAccessorImpl.invoke(DelegatingMethodAccessorImpl.java:43)
	at java.lang.reflect.Method.invoke(Method.java:498)
	at org.junit.runners.model.FrameworkMethod$1.runReflectiveCall(FrameworkMethod.java:50)
	at org.junit.internal.runners.model.ReflectiveCallable.run(ReflectiveCallable.java:12)
	at org.junit.runners.model.FrameworkMethod.invokeExplosively(FrameworkMethod.java:47)
	at org.junit.internal.runners.statements.InvokeMethod.evaluate(InvokeMethod.java:17)
	at org.junit.runners.ParentRunner.runLeaf(ParentRunner.java:325)
	at org.junit.runners.BlockJUnit4ClassRunner.runChild(BlockJUnit4ClassRunner.java:78)
	at org.junit.runners.BlockJUnit4ClassRunner.runChild(BlockJUnit4ClassRunner.java:57)
	at org.junit.runners.ParentRunner$3.run(ParentRunner.java:290)
	at org.junit.runners.ParentRunner$1.schedule(ParentRunner.java:71)
	at org.junit.runners.ParentRunner.runChildren(ParentRunner.java:288)
	at org.junit.runners.ParentRunner.access$000(ParentRunner.java:58)
	at org.junit.runners.ParentRunner$2.evaluate(ParentRunner.java:268)
	at org.junit.runners.ParentRunner.run(ParentRunner.java:363)
	at org.apache.maven.surefire.junit4.JUnit4Provider.execute(JUnit4Provider.java:367)
	at org.apache.maven.surefire.junit4.JUnit4Provider.executeWithRerun(JUnit4Provider.java:274)
	at org.apache.maven.surefire.junit4.JUnit4Provider.executeTestSet(JUnit4Provider.java:238)
	at org.apache.maven.surefire.junit4.JUnit4Provider.invoke(JUnit4Provider.java:161)
	at org.apache.maven.surefire.booter.ForkedBooter.invokeProviderInSameClassLoader(ForkedBooter.java:290)
	at org.apache.maven.surefire.booter.ForkedBooter.runSuitesInProcess(ForkedBooter.java:242)
	at org.apache.maven.surefire.booter.ForkedBooter.main(ForkedBooter.java:121)
Caused by: net.sf.saxon.trans.XPathException: The resolved transformation artifact file://c/temp/myfile.txt is not within the configured repository file:/tmp/tmpjoih3hz8/validator/src/test/resources/examples/simple/repository/
	at net.sf.saxon.trans.XPathException.makeXPathException(XPathException.java:163)
	at net.sf.saxon.style.UseWhenFilter.processIncludeImport(UseWhenFilter.java:272)
	at net.sf.saxon.style.UseWhenFilter.startElement(UseWhenFilter.java:219)
	at net.sf.saxon.event.StartTagBuffer.startContent(StartTagBuffer.java:246)
	at net.sf.saxon.event.ProxyReceiver.startContent(ProxyReceiver.java:177)
	at net.sf.saxon.event.ProxyReceiver.startContent(ProxyReceiver.java:177)
	at net.sf.saxon.event.ProxyReceiver.startContent(ProxyReceiver.java:177)
	at net.sf.saxon.event.ReceivingContentHandler.startElement(ReceivingContentHandler.java:446)
	at com.sun.org.apache.xerces.internal.parsers.AbstractSAXParser.startElement(AbstractSAXParser.java:509)
	at com.sun.org.apache.xerces.internal.parsers.AbstractXMLDocumentParser.emptyElement(AbstractXMLDocumentParser.java:182)
	at com.sun.org.apache.xerces.internal.impl.XMLNSDocumentScannerImpl.scanStartElement(XMLNSDocumentScannerImpl.java:351)
	at com.sun.org.apache.xerces.internal.impl.XMLDocumentFragmentScannerImpl$FragmentContentDriver.next(XMLDocumentFragmentScannerImpl.java:2784)
	at com.sun.org.apache.xerces.internal.impl.XMLDocumentScannerImpl.next(XMLDocumentScannerImpl.java:602)
	at com.sun.org.apache.xerces.internal.impl.XMLNSDocumentScannerImpl.next(XMLNSDocumentScannerImpl.java:112)
	at com.sun.org.apache.xerces.internal.impl.XMLDocumentFragmentScannerImpl.scanDocument(XMLDocumentFragmentScannerImpl.java:505)
	at com.sun.org.apache.xerces.internal.parsers.XML11Configuration.parse(XML11Configuration.java:842)
	at com.sun.org.apache.xerces.internal.parsers.XML11Configuration.parse(XML11Configuration.java:771)
	at com.sun.org.apache.xerces.internal.parsers.XMLParser.parse(XMLParser.java:141)
	at com.sun.org.apache.xerces.internal.parsers.AbstractSAXParser.parse(AbstractSAXParser.java:1213)
	at com.sun.org.apache.xerces.internal.jaxp.SAXParserImpl$JAXPSAXParser.parse(SAXParserImpl.java:643)
	at net.sf.saxon.event.Sender.sendSAXSource(Sender.java:434)
	at net.sf.saxon.event.Sender.send(Sender.java:167)
	at net.sf.saxon.style.StylesheetModule.loadStylesheet(StylesheetModule.java:232)
	at net.sf.saxon.style.Compilation.compileSingletonPackage(Compilation.java:107)
	at net.sf.saxon.s9api.XsltCompiler.compile(XsltCompiler.java:785)
	... 25 more
Caused by: javax.xml.transform.TransformerException: The resolved transformation artifact file://c/temp/myfile.txt is not within the configured repository file:/tmp/tmpjoih3hz8/validator/src/test/resources/examples/simple/repository/
	at de.kosit.validationtool.impl.xml.RelativeUriResolver.resolve(RelativeUriResolver.java:61)
	at net.sf.saxon.style.UseWhenFilter.processIncludeImport(UseWhenFilter.java:270)
	... 48 more
java.lang.IllegalStateException: Configuration error. Resolving ist not allowed
	at de.kosit.validationtool.impl.xml.StrictRelativeResolvingStrategy$SecureUriResolver.resolve(StrictRelativeResolvingStrategy.java:57)
	at net.sf.saxon.functions.UnparsedTextFunction.readFile(UnparsedTextFunction.java:69)
	at net.sf.saxon.functions.UnparsedText.evalUnparsedText(UnparsedText.java:96)
	at net.sf.saxon.functions.UnparsedText.call(UnparsedText.java:44)
	at net.sf.saxon.functions.UnparsedText.call(UnparsedText.java:29)
	at net.sf.saxon.expr.FunctionCall.iterate(FunctionCall.java:532)
	at net.sf.saxon.expr.Expression.evaluateItem(Expression.java:846)
	at net.sf.saxon.expr.Expression.evaluateAsString(Expression.java:911)
	at net.sf.saxon.expr.instruct.SimpleNodeConstructor.processLeavingTail(SimpleNodeConstructor.java:218)
	at net.sf.saxon.expr.instruct.ValueOf.processLeavingTail(ValueOf.java:290)
	at net.sf.saxon.expr.instruct.Instruction.process(Instruction.java:132)
	at net.sf.saxon.expr.instruct.ElementCreator.processLeavingTail(ElementCreator.java:352)
	at net.sf.saxon.expr.instruct.ElementCreator.processLeavingTail(ElementCreator.java:299)
	at net.sf.saxon.expr.instruct.TemplateRule.applyLeavingTail(TemplateRule.java:352)
	at net.sf.saxon.trans.Mode.applyTemplates(Mode.java:532)
	at net.sf.saxon.trans.XsltController.applyTemplates(XsltController.java:747)
	at net.sf.saxon.s9api.AbstractXsltTransformer.applyTemplatesToSource(AbstractXsltTransformer.java:347)
	at net.sf.saxon.s9api.XsltTransformer.transform(XsltTransformer.java:349)
	at de.kosit.validationtool.impl.xml.SaxonSecurityTest.testEvilStylesheets(SaxonSecurityTest.java:78)
	at sun.reflect.NativeMethodAccessorImpl.invoke0(Native Method)
	at sun.reflect.NativeMethodAccessorImpl.invoke(NativeMethodAccessorImpl.java:62)
	at sun.reflect.DelegatingMethodAccessorImpl.invoke(DelegatingMethodAccessorImpl.java:43)
	at java.lang.reflect.Method.invoke(Method.java:498)
	at org.junit.runners.model.FrameworkMethod$1.runReflectiveCall(FrameworkMethod.java:50)
	at org.junit.internal.runners.model.ReflectiveCallable.run(ReflectiveCallable.java:12)
	at org.junit.runners.model.FrameworkMethod.invokeExplosively(FrameworkMethod.java:47)
	at org.junit.internal.runners.statements.InvokeMethod.evaluate(InvokeMethod.java:17)
	at org.junit.runners.ParentRunner.runLeaf(ParentRunner.java:325)
	at org.junit.runners.BlockJUnit4ClassRunner.runChild(BlockJUnit4ClassRunner.java:78)
	at org.junit.runners.BlockJUnit4ClassRunner.runChild(BlockJUnit4ClassRunner.java:57)
	at org.junit.runners.ParentRunner$3.run(ParentRunner.java:290)
	at org.junit.runners.ParentRunner$1.schedule(ParentRunner.java:71)
	at org.junit.runners.ParentRunner.runChildren(ParentRunner.java:288)
	at org.junit.runners.ParentRunner.access$000(ParentRunner.java:58)
	at org.junit.runners.ParentRunner$2.evaluate(ParentRunner.java:268)
	at org.junit.runners.ParentRunner.run(ParentRunner.java:363)
	at org.apache.maven.surefire.junit4.JUnit4Provider.execute(JUnit4Provider.java:367)
	at org.apache.maven.surefire.junit4.JUnit4Provider.executeWithRerun(JUnit4Provider.java:274)
	at org.apache.maven.surefire.junit4.JUnit4Provider.executeTestSet(JUnit4Provider.java:238)
	at org.apache.maven.surefire.junit4.JUnit4Provider.invoke(JUnit4Provider.java:161)
	at org.apache.maven.surefire.booter.ForkedBooter.invokeProviderInSameClassLoader(ForkedBooter.java:290)
	at org.apache.maven.surefire.booter.ForkedBooter.runSuitesInProcess(ForkedBooter.java:242)
	at org.apache.maven.surefire.booter.ForkedBooter.main(ForkedBooter.java:121)
2020-07-30 20:22:55 [INFO] Expected exception detected Internal error evaluating template rule  at line 27 in module 
java.lang.RuntimeException: Internal error evaluating template rule  at line 27 in module 
	at net.sf.saxon.expr.instruct.TemplateRule.applyLeavingTail(TemplateRule.java:371)
	at net.sf.saxon.trans.Mode.applyTemplates(Mode.java:532)
	at net.sf.saxon.trans.XsltController.applyTemplates(XsltController.java:747)
	at net.sf.saxon.s9api.AbstractXsltTransformer.applyTemplatesToSource(AbstractXsltTransformer.java:347)
	at net.sf.saxon.s9api.XsltTransformer.transform(XsltTransformer.java:349)
	at de.kosit.validationtool.impl.xml.SaxonSecurityTest.testEvilStylesheets(SaxonSecurityTest.java:78)
	at sun.reflect.NativeMethodAccessorImpl.invoke0(Native Method)
	at sun.reflect.NativeMethodAccessorImpl.invoke(NativeMethodAccessorImpl.java:62)
	at sun.reflect.DelegatingMethodAccessorImpl.invoke(DelegatingMethodAccessorImpl.java:43)
	at java.lang.reflect.Method.invoke(Method.java:498)
	at org.junit.runners.model.FrameworkMethod$1.runReflectiveCall(FrameworkMethod.java:50)
	at org.junit.internal.runners.model.ReflectiveCallable.run(ReflectiveCallable.java:12)
	at org.junit.runners.model.FrameworkMethod.invokeExplosively(FrameworkMethod.java:47)
	at org.junit.internal.runners.statements.InvokeMethod.evaluate(InvokeMethod.java:17)
	at org.junit.runners.ParentRunner.runLeaf(ParentRunner.java:325)
	at org.junit.runners.BlockJUnit4ClassRunner.runChild(BlockJUnit4ClassRunner.java:78)
	at org.junit.runners.BlockJUnit4ClassRunner.runChild(BlockJUnit4ClassRunner.java:57)
	at org.junit.runners.ParentRunner$3.run(ParentRunner.java:290)
	at org.junit.runners.ParentRunner$1.schedule(ParentRunner.java:71)
	at org.junit.runners.ParentRunner.runChildren(ParentRunner.java:288)
	at org.junit.runners.ParentRunner.access$000(ParentRunner.java:58)
	at org.junit.runners.ParentRunner$2.evaluate(ParentRunner.java:268)
	at org.junit.runners.ParentRunner.run(ParentRunner.java:363)
	at org.apache.maven.surefire.junit4.JUnit4Provider.execute(JUnit4Provider.java:367)
	at org.apache.maven.surefire.junit4.JUnit4Provider.executeWithRerun(JUnit4Provider.java:274)
	at org.apache.maven.surefire.junit4.JUnit4Provider.executeTestSet(JUnit4Provider.java:238)
	at org.apache.maven.surefire.junit4.JUnit4Provider.invoke(JUnit4Provider.java:161)
	at org.apache.maven.surefire.booter.ForkedBooter.invokeProviderInSameClassLoader(ForkedBooter.java:290)
	at org.apache.maven.surefire.booter.ForkedBooter.runSuitesInProcess(ForkedBooter.java:242)
	at org.apache.maven.surefire.booter.ForkedBooter.main(ForkedBooter.java:121)
Caused by: java.lang.IllegalStateException: Configuration error. Resolving ist not allowed
	at de.kosit.validationtool.impl.xml.StrictRelativeResolvingStrategy$SecureUriResolver.resolve(StrictRelativeResolvingStrategy.java:57)
	at net.sf.saxon.functions.UnparsedTextFunction.readFile(UnparsedTextFunction.java:69)
	at net.sf.saxon.functions.UnparsedText.evalUnparsedText(UnparsedText.java:96)
	at net.sf.saxon.functions.UnparsedText.call(UnparsedText.java:44)
	at net.sf.saxon.functions.UnparsedText.call(UnparsedText.java:29)
	at net.sf.saxon.expr.FunctionCall.iterate(FunctionCall.java:532)
	at net.sf.saxon.expr.Expression.evaluateItem(Expression.java:846)
	at net.sf.saxon.expr.Expression.evaluateAsString(Expression.java:911)
	at net.sf.saxon.expr.instruct.SimpleNodeConstructor.processLeavingTail(SimpleNodeConstructor.java:218)
	at net.sf.saxon.expr.instruct.ValueOf.processLeavingTail(ValueOf.java:290)
	at net.sf.saxon.expr.instruct.Instruction.process(Instruction.java:132)
	at net.sf.saxon.expr.instruct.ElementCreator.processLeavingTail(ElementCreator.java:352)
	at net.sf.saxon.expr.instruct.ElementCreator.processLeavingTail(ElementCreator.java:299)
	at net.sf.saxon.expr.instruct.TemplateRule.applyLeavingTail(TemplateRule.java:352)
	... 29 more
Tests run: 2, Failures: 0, Errors: 0, Skipped: 0, Time elapsed: 0.112 sec - in de.kosit.validationtool.impl.xml.SaxonSecurityTest
Running de.kosit.validationtool.impl.VersioningTest
2020-07-30 20:22:55 [INFO] Load schema from source /tmp/tmpjoih3hz8/validator/target/classes/xsd/scenarios.xsd
2020-07-30 20:22:55 [INFO] Load schema from source /tmp/tmpjoih3hz8/validator/target/classes/xsd/scenarios.xsd
2020-07-30 20:22:55 [INFO] Load schema from source /tmp/tmpjoih3hz8/validator/target/classes/xsd/scenarios.xsd
2020-07-30 20:22:55 [INFO] Load schema from source /tmp/tmpjoih3hz8/validator/target/classes/xsd/scenarios.xsd
Tests run: 4, Failures: 0, Errors: 0, Skipped: 0, Time elapsed: 0.08 sec - in de.kosit.validationtool.impl.VersioningTest
Running de.kosit.validationtool.impl.tasks.DocumentParseActionTest
Error on line 4 column 27 of simple-not-wellformed.xml:
  SXXP0003: Error reported by XML parser: XML document structures must start and end within
  the same entity.
Tests run: 3, Failures: 0, Errors: 0, Skipped: 0, Time elapsed: 0.001 sec - in de.kosit.validationtool.impl.tasks.DocumentParseActionTest
Running de.kosit.validationtool.impl.tasks.SchemaValidatorActionTest
2020-07-30 20:22:55 [WARN] No hashcode supplied, will wrap the reader using system default charset
2020-07-30 20:22:55 [INFO] Load schema from source /tmp/tmpjoih3hz8/validator/src/test/resources/examples/simple/repository/simple.xsd
2020-07-30 20:22:55 [WARN] No hashcode supplied, will wrap the reader using system default charset
2020-07-30 20:22:55 [INFO] Load schema from source /tmp/tmpjoih3hz8/validator/src/test/resources/examples/simple/repository/simple.xsd
2020-07-30 20:22:55 [INFO] Load schema from source /tmp/tmpjoih3hz8/validator/src/test/resources/examples/simple/repository/simple.xsd
2020-07-30 20:22:55 [INFO] Load schema from source /tmp/tmpjoih3hz8/validator/src/test/resources/examples/simple/repository/simple.xsd
2020-07-30 20:22:55 [INFO] Load schema from source /tmp/tmpjoih3hz8/validator/src/test/resources/examples/simple/repository/simple.xsd
2020-07-30 20:22:56 [ERROR] Error processing schema validation for scenario null
org.xml.sax.SAXException
2020-07-30 20:22:56 [INFO] Load schema from source /tmp/tmpjoih3hz8/validator/src/test/resources/examples/simple/repository/simple.xsd
2020-07-30 20:22:56 [INFO] Load schema from source /tmp/tmpjoih3hz8/validator/src/test/resources/examples/simple/repository/simple.xsd
Tests run: 8, Failures: 0, Errors: 0, Skipped: 0, Time elapsed: 0.22 sec - in de.kosit.validationtool.impl.tasks.SchemaValidatorActionTest
Running de.kosit.validationtool.impl.tasks.ComputeAcceptanceActionTest
2020-07-30 20:22:56 [INFO] Load schema from source /tmp/tmpjoih3hz8/validator/src/test/resources/examples/simple/repository/simple.xsd
2020-07-30 20:22:56 [INFO] Load schema from source /tmp/tmpjoih3hz8/validator/src/test/resources/examples/simple/repository/simple.xsd
2020-07-30 20:22:56 [INFO] Load schema from source /tmp/tmpjoih3hz8/validator/src/test/resources/examples/simple/repository/simple.xsd
2020-07-30 20:22:56 [INFO] Load schema from source /tmp/tmpjoih3hz8/validator/src/test/resources/examples/simple/repository/simple.xsd
2020-07-30 20:22:56 [INFO] Load schema from source /tmp/tmpjoih3hz8/validator/src/test/resources/examples/simple/repository/simple.xsd
2020-07-30 20:22:56 [INFO] Load schema from source /tmp/tmpjoih3hz8/validator/src/test/resources/examples/simple/repository/simple.xsd
2020-07-30 20:22:56 [INFO] Load schema from source /tmp/tmpjoih3hz8/validator/src/test/resources/examples/simple/repository/simple.xsd
2020-07-30 20:22:56 [INFO] Load schema from source /tmp/tmpjoih3hz8/validator/src/test/resources/examples/simple/repository/simple.xsd
2020-07-30 20:22:56 [INFO] Load schema from source /tmp/tmpjoih3hz8/validator/src/test/resources/examples/simple/repository/simple.xsd
2020-07-30 20:22:56 [INFO] Load schema from source /tmp/tmpjoih3hz8/validator/src/test/resources/examples/simple/repository/simple.xsd
Tests run: 10, Failures: 0, Errors: 0, Skipped: 0, Time elapsed: 0.046 sec - in de.kosit.validationtool.impl.tasks.ComputeAcceptanceActionTest
Running de.kosit.validationtool.impl.tasks.CreateReportActionTest
2020-07-30 20:22:56 [INFO] Load schema from source /tmp/tmpjoih3hz8/validator/src/test/resources/examples/simple/repository/simple.xsd
2020-07-30 20:22:56 [ERROR] Error creating final report
net.sf.saxon.s9api.SaxonApiException: mocked
	at de.kosit.validationtool.impl.tasks.CreateReportAction.check(CreateReportAction.java:195)
	at de.kosit.validationtool.impl.tasks.CreateReportActionTest.testExecutionException(CreateReportActionTest.java:80)
	at sun.reflect.NativeMethodAccessorImpl.invoke0(Native Method)
	at sun.reflect.NativeMethodAccessorImpl.invoke(NativeMethodAccessorImpl.java:62)
	at sun.reflect.DelegatingMethodAccessorImpl.invoke(DelegatingMethodAccessorImpl.java:43)
	at java.lang.reflect.Method.invoke(Method.java:498)
	at org.junit.runners.model.FrameworkMethod$1.runReflectiveCall(FrameworkMethod.java:50)
	at org.junit.internal.runners.model.ReflectiveCallable.run(ReflectiveCallable.java:12)
	at org.junit.runners.model.FrameworkMethod.invokeExplosively(FrameworkMethod.java:47)
	at org.junit.internal.runners.statements.InvokeMethod.evaluate(InvokeMethod.java:17)
	at org.junit.internal.runners.statements.RunBefores.evaluate(RunBefores.java:26)
	at org.junit.runners.ParentRunner.runLeaf(ParentRunner.java:325)
	at org.junit.runners.BlockJUnit4ClassRunner.runChild(BlockJUnit4ClassRunner.java:78)
	at org.junit.runners.BlockJUnit4ClassRunner.runChild(BlockJUnit4ClassRunner.java:57)
	at org.junit.runners.ParentRunner$3.run(ParentRunner.java:290)
	at org.junit.runners.ParentRunner$1.schedule(ParentRunner.java:71)
	at org.junit.runners.ParentRunner.runChildren(ParentRunner.java:288)
	at org.junit.runners.ParentRunner.access$000(ParentRunner.java:58)
	at org.junit.runners.ParentRunner$2.evaluate(ParentRunner.java:268)
	at org.junit.runners.ParentRunner.run(ParentRunner.java:363)
	at org.apache.maven.surefire.junit4.JUnit4Provider.execute(JUnit4Provider.java:367)
	at org.apache.maven.surefire.junit4.JUnit4Provider.executeWithRerun(JUnit4Provider.java:274)
	at org.apache.maven.surefire.junit4.JUnit4Provider.executeTestSet(JUnit4Provider.java:238)
	at org.apache.maven.surefire.junit4.JUnit4Provider.invoke(JUnit4Provider.java:161)
	at org.apache.maven.surefire.booter.ForkedBooter.invokeProviderInSameClassLoader(ForkedBooter.java:290)
	at org.apache.maven.surefire.booter.ForkedBooter.runSuitesInProcess(ForkedBooter.java:242)
	at org.apache.maven.surefire.booter.ForkedBooter.main(ForkedBooter.java:121)
Caused by: net.sf.saxon.trans.XPathException: mocked
	at net.sf.saxon.s9api.SaxonApiException.<init>(SaxonApiException.java:36)
	at de.kosit.validationtool.impl.tasks.CreateReportActionTest.testExecutionException(CreateReportActionTest.java:78)
	... 25 more
2020-07-30 20:22:56 [INFO] Load schema from source /tmp/tmpjoih3hz8/validator/src/test/resources/examples/simple/repository/simple.xsd
2020-07-30 20:22:56 [INFO] Loading XSLT script from  report.xsl
Error on line 1 column 1 of invalid:
  SXXP0003: Error reported by XML parser: Content is not allowed in prolog.
2020-07-30 20:22:56 [INFO] Load schema from source /tmp/tmpjoih3hz8/validator/src/test/resources/examples/simple/repository/simple.xsd
2020-07-30 20:22:56 [INFO] Loading XSLT script from  report.xsl
Tests run: 3, Failures: 0, Errors: 0, Skipped: 0, Time elapsed: 0.423 sec - in de.kosit.validationtool.impl.tasks.CreateReportActionTest
Running de.kosit.validationtool.impl.tasks.SchematronValidationActionTest
2020-07-30 20:22:56 [INFO] Load schema from source /tmp/tmpjoih3hz8/validator/src/test/resources/examples/simple/repository/simple.xsd
2020-07-30 20:22:56 [ERROR] Error processing schematron validation invalid internal
net.sf.saxon.s9api.SaxonApiException: invalid
	at de.kosit.validationtool.impl.tasks.SchematronValidationAction.validate(SchematronValidationAction.java:75)
	at de.kosit.validationtool.impl.tasks.SchematronValidationAction.lambda$validate$0(SchematronValidationAction.java:59)
	at java.util.stream.ReferencePipeline$3$1.accept(ReferencePipeline.java:193)
	at java.util.Collections$2.tryAdvance(Collections.java:4719)
	at java.util.Collections$2.forEachRemaining(Collections.java:4727)
	at java.util.stream.AbstractPipeline.copyInto(AbstractPipeline.java:482)
	at java.util.stream.AbstractPipeline.wrapAndCopyInto(AbstractPipeline.java:472)
	at java.util.stream.ReduceOps$ReduceOp.evaluateSequential(ReduceOps.java:708)
	at java.util.stream.AbstractPipeline.evaluate(AbstractPipeline.java:234)
	at java.util.stream.ReferencePipeline.collect(ReferencePipeline.java:566)
	at de.kosit.validationtool.impl.tasks.SchematronValidationAction.validate(SchematronValidationAction.java:59)
	at de.kosit.validationtool.impl.tasks.SchematronValidationAction.check(SchematronValidationAction.java:94)
	at de.kosit.validationtool.impl.tasks.SchematronValidationActionTest.testProcessingError(SchematronValidationActionTest.java:53)
	at sun.reflect.NativeMethodAccessorImpl.invoke0(Native Method)
	at sun.reflect.NativeMethodAccessorImpl.invoke(NativeMethodAccessorImpl.java:62)
	at sun.reflect.DelegatingMethodAccessorImpl.invoke(DelegatingMethodAccessorImpl.java:43)
	at java.lang.reflect.Method.invoke(Method.java:498)
	at org.junit.runners.model.FrameworkMethod$1.runReflectiveCall(FrameworkMethod.java:50)
	at org.junit.internal.runners.model.ReflectiveCallable.run(ReflectiveCallable.java:12)
	at org.junit.runners.model.FrameworkMethod.invokeExplosively(FrameworkMethod.java:47)
	at org.junit.internal.runners.statements.InvokeMethod.evaluate(InvokeMethod.java:17)
	at org.junit.internal.runners.statements.RunBefores.evaluate(RunBefores.java:26)
	at org.junit.runners.ParentRunner.runLeaf(ParentRunner.java:325)
	at org.junit.runners.BlockJUnit4ClassRunner.runChild(BlockJUnit4ClassRunner.java:78)
	at org.junit.runners.BlockJUnit4ClassRunner.runChild(BlockJUnit4ClassRunner.java:57)
	at org.junit.runners.ParentRunner$3.run(ParentRunner.java:290)
	at org.junit.runners.ParentRunner$1.schedule(ParentRunner.java:71)
	at org.junit.runners.ParentRunner.runChildren(ParentRunner.java:288)
	at org.junit.runners.ParentRunner.access$000(ParentRunner.java:58)
	at org.junit.runners.ParentRunner$2.evaluate(ParentRunner.java:268)
	at org.junit.runners.ParentRunner.run(ParentRunner.java:363)
	at org.apache.maven.surefire.junit4.JUnit4Provider.execute(JUnit4Provider.java:367)
	at org.apache.maven.surefire.junit4.JUnit4Provider.executeWithRerun(JUnit4Provider.java:274)
	at org.apache.maven.surefire.junit4.JUnit4Provider.executeTestSet(JUnit4Provider.java:238)
	at org.apache.maven.surefire.junit4.JUnit4Provider.invoke(JUnit4Provider.java:161)
	at org.apache.maven.surefire.booter.ForkedBooter.invokeProviderInSameClassLoader(ForkedBooter.java:290)
	at org.apache.maven.surefire.booter.ForkedBooter.runSuitesInProcess(ForkedBooter.java:242)
	at org.apache.maven.surefire.booter.ForkedBooter.main(ForkedBooter.java:121)
Caused by: net.sf.saxon.trans.XPathException: invalid
	at net.sf.saxon.s9api.SaxonApiException.<init>(SaxonApiException.java:36)
	at de.kosit.validationtool.impl.tasks.SchematronValidationActionTest.testProcessingError(SchematronValidationActionTest.java:48)
	... 25 more
Tests run: 1, Failures: 0, Errors: 0, Skipped: 0, Time elapsed: 0.142 sec - in de.kosit.validationtool.impl.tasks.SchematronValidationActionTest
Running de.kosit.validationtool.impl.ConversionServiceTest
2020-07-30 20:22:56 [INFO] Load schema from source /tmp/tmpjoih3hz8/validator/target/classes/xsd/scenarios.xsd
2020-07-30 20:22:56 [INFO] Load schema from source /tmp/tmpjoih3hz8/validator/target/classes/xsd/scenarios.xsd
DefaultValidationEventHandler: [ERROR]: de.kosit.validationtool.impl.ConversionServiceTest$1 is not known to this context 
     Location:  obj: javax.xml.bind.JAXBElement@257e54b2
2020-07-30 20:22:56 [INFO] Load schema from source /tmp/tmpjoih3hz8/validator/target/classes/xsd/scenarios.xsd
Tests run: 9, Failures: 0, Errors: 0, Skipped: 0, Time elapsed: 0.094 sec - in de.kosit.validationtool.impl.ConversionServiceTest
Running de.kosit.validationtool.impl.DefaultCheckTest
2020-07-30 20:22:56 [INFO] Using resolving strategy STRICT_RELATIVE
2020-07-30 20:22:56 [INFO] Load schema from source /tmp/tmpjoih3hz8/validator/target/classes/xsd/scenarios.xsd
2020-07-30 20:22:56 [INFO] Loading scenarios from file:/tmp/tmpjoih3hz8/validator/src/test/resources/examples/simple/scenarios.xml
2020-07-30 20:22:56 [INFO] Loading scenario content from file:/tmp/tmpjoih3hz8/validator/src/test/resources/examples/simple/repository/
2020-07-30 20:22:56 [INFO] Loading XSLT script from  report.xsl
2020-07-30 20:22:56 [INFO] Loading XSLT script from  report.xsl
2020-07-30 20:22:56 [INFO] Loading XSLT script from  report.xsl
2020-07-30 20:22:56 [INFO] Loaded scenarios for HTML-TestSuite by null from 2017-08-08. The following scenarios are available:

Simple
NoAcceptMatch

2020-07-30 20:22:56 [INFO] Checking content of /tmp/tmpjoih3hz8/validator/src/test/resources/examples/simple/input/simple.xml
2020-07-30 20:22:56 [INFO] Schenario Simple identified for /tmp/tmpjoih3hz8/validator/src/test/resources/examples/simple/input/simple.xml
2020-07-30 20:22:56 [INFO] Finished check of /tmp/tmpjoih3hz8/validator/src/test/resources/examples/simple/input/simple.xml in 22ms

2020-07-30 20:22:56 [INFO] Using resolving strategy STRICT_RELATIVE
2020-07-30 20:22:56 [INFO] Load schema from source /tmp/tmpjoih3hz8/validator/target/classes/xsd/scenarios.xsd
2020-07-30 20:22:56 [INFO] Loading scenarios from file:/tmp/tmpjoih3hz8/validator/src/test/resources/examples/simple/scenarios.xml
2020-07-30 20:22:56 [INFO] Loading scenario content from file:/tmp/tmpjoih3hz8/validator/src/test/resources/examples/simple/repository/
2020-07-30 20:22:56 [INFO] Loading XSLT script from  report.xsl
2020-07-30 20:22:56 [INFO] Loading XSLT script from  report.xsl
2020-07-30 20:22:56 [INFO] Loading XSLT script from  report.xsl
2020-07-30 20:22:56 [INFO] Loaded scenarios for HTML-TestSuite by null from 2017-08-08. The following scenarios are available:

Simple
NoAcceptMatch

2020-07-30 20:22:56 [INFO] Checking content of /tmp/tmpjoih3hz8/validator/src/test/resources/examples/simple/input/foo.xml
2020-07-30 20:22:56 [INFO] Schenario NoAcceptMatch identified for /tmp/tmpjoih3hz8/validator/src/test/resources/examples/simple/input/foo.xml
2020-07-30 20:22:57 [INFO] Finished check of /tmp/tmpjoih3hz8/validator/src/test/resources/examples/simple/input/foo.xml in 49ms

2020-07-30 20:22:57 [INFO] Using resolving strategy STRICT_RELATIVE
2020-07-30 20:22:57 [INFO] Load schema from source /tmp/tmpjoih3hz8/validator/target/classes/xsd/scenarios.xsd
2020-07-30 20:22:57 [INFO] Loading scenarios from file:/tmp/tmpjoih3hz8/validator/src/test/resources/examples/simple/scenarios.xml
2020-07-30 20:22:57 [INFO] Loading scenario content from file:/tmp/tmpjoih3hz8/validator/src/test/resources/examples/simple/repository/
2020-07-30 20:22:57 [INFO] Loading XSLT script from  report.xsl
2020-07-30 20:22:57 [INFO] Loading XSLT script from  report.xsl
2020-07-30 20:22:57 [INFO] Loading XSLT script from  report.xsl
2020-07-30 20:22:57 [INFO] Loaded scenarios for HTML-TestSuite by null from 2017-08-08. The following scenarios are available:

Simple
NoAcceptMatch

2020-07-30 20:22:57 [INFO] Checking content of /tmp/tmpjoih3hz8/validator/src/test/resources/examples/simple/input/simple.xml
2020-07-30 20:22:57 [INFO] Schenario Simple identified for /tmp/tmpjoih3hz8/validator/src/test/resources/examples/simple/input/simple.xml
2020-07-30 20:22:57 [INFO] Finished check of /tmp/tmpjoih3hz8/validator/src/test/resources/examples/simple/input/simple.xml in 20ms

2020-07-30 20:22:57 [INFO] Checking content of /tmp/tmpjoih3hz8/validator/src/test/resources/examples/simple/input/simple.xml
2020-07-30 20:22:57 [INFO] Schenario Simple identified for /tmp/tmpjoih3hz8/validator/src/test/resources/examples/simple/input/simple.xml
2020-07-30 20:22:57 [INFO] Finished check of /tmp/tmpjoih3hz8/validator/src/test/resources/examples/simple/input/simple.xml in 9ms

2020-07-30 20:22:57 [INFO] Checking content of /tmp/tmpjoih3hz8/validator/src/test/resources/examples/simple/input/simple.xml
2020-07-30 20:22:57 [INFO] Schenario Simple identified for /tmp/tmpjoih3hz8/validator/src/test/resources/examples/simple/input/simple.xml
2020-07-30 20:22:57 [INFO] Finished check of /tmp/tmpjoih3hz8/validator/src/test/resources/examples/simple/input/simple.xml in 8ms

2020-07-30 20:22:57 [INFO] Checking content of /tmp/tmpjoih3hz8/validator/src/test/resources/examples/simple/input/simple.xml
2020-07-30 20:22:57 [INFO] Schenario Simple identified for /tmp/tmpjoih3hz8/validator/src/test/resources/examples/simple/input/simple.xml
2020-07-30 20:22:57 [INFO] Finished check of /tmp/tmpjoih3hz8/validator/src/test/resources/examples/simple/input/simple.xml in 11ms

2020-07-30 20:22:57 [INFO] Checking content of /tmp/tmpjoih3hz8/validator/src/test/resources/examples/simple/input/simple.xml
2020-07-30 20:22:57 [INFO] Schenario Simple identified for /tmp/tmpjoih3hz8/validator/src/test/resources/examples/simple/input/simple.xml
2020-07-30 20:22:57 [INFO] Finished check of /tmp/tmpjoih3hz8/validator/src/test/resources/examples/simple/input/simple.xml in 8ms

2020-07-30 20:22:57 [INFO] Using resolving strategy STRICT_RELATIVE
2020-07-30 20:22:57 [INFO] Load schema from source /tmp/tmpjoih3hz8/validator/target/classes/xsd/scenarios.xsd
2020-07-30 20:22:57 [INFO] Loading scenarios from file:/tmp/tmpjoih3hz8/validator/src/test/resources/examples/simple/scenarios.xml
2020-07-30 20:22:57 [INFO] Loading scenario content from file:/tmp/tmpjoih3hz8/validator/src/test/resources/examples/simple/repository/
2020-07-30 20:22:57 [INFO] Loading XSLT script from  report.xsl
2020-07-30 20:22:57 [INFO] Loading XSLT script from  report.xsl
2020-07-30 20:22:57 [INFO] Loading XSLT script from  report.xsl
2020-07-30 20:22:57 [INFO] Loaded scenarios for HTML-TestSuite by null from 2017-08-08. The following scenarios are available:

Simple
NoAcceptMatch

2020-07-30 20:22:57 [INFO] Checking content of /tmp/tmpjoih3hz8/validator/src/test/resources/examples/simple/input/no-xml.file
Error on line 1 column 1 of no-xml.file:
  SXXP0003: Error reported by XML parser: Content is not allowed in prolog.
2020-07-30 20:22:57 [ERROR] No valid schenario configuration found for /tmp/tmpjoih3hz8/validator/src/test/resources/examples/simple/input/no-xml.file
2020-07-30 20:22:57 [INFO] Finished check of /tmp/tmpjoih3hz8/validator/src/test/resources/examples/simple/input/no-xml.file in 16ms

2020-07-30 20:22:57 [INFO] Using resolving strategy STRICT_RELATIVE
2020-07-30 20:22:57 [INFO] Load schema from source /tmp/tmpjoih3hz8/validator/target/classes/xsd/scenarios.xsd
2020-07-30 20:22:57 [INFO] Loading scenarios from file:/tmp/tmpjoih3hz8/validator/src/test/resources/examples/simple/scenarios.xml
2020-07-30 20:22:57 [INFO] Loading scenario content from file:/tmp/tmpjoih3hz8/validator/src/test/resources/examples/simple/repository/
2020-07-30 20:22:57 [INFO] Loading XSLT script from  report.xsl
2020-07-30 20:22:57 [INFO] Loading XSLT script from  report.xsl
2020-07-30 20:22:57 [INFO] Loading XSLT script from  report.xsl
2020-07-30 20:22:57 [INFO] Loaded scenarios for HTML-TestSuite by null from 2017-08-08. The following scenarios are available:

Simple
NoAcceptMatch

2020-07-30 20:22:57 [INFO] Checking content of /tmp/tmpjoih3hz8/validator/src/test/resources/examples/simple/input/simple-not-wellformed.xml
Error on line 4 column 27 of simple-not-wellformed.xml:
  SXXP0003: Error reported by XML parser: XML document structures must start and end within
  the same entity.
2020-07-30 20:22:57 [ERROR] No valid schenario configuration found for /tmp/tmpjoih3hz8/validator/src/test/resources/examples/simple/input/simple-not-wellformed.xml
2020-07-30 20:22:57 [INFO] Finished check of /tmp/tmpjoih3hz8/validator/src/test/resources/examples/simple/input/simple-not-wellformed.xml in 19ms

2020-07-30 20:22:57 [INFO] Using resolving strategy STRICT_RELATIVE
2020-07-30 20:22:57 [INFO] Load schema from source /tmp/tmpjoih3hz8/validator/target/classes/xsd/scenarios.xsd
2020-07-30 20:22:57 [INFO] Loading scenarios from file:/tmp/tmpjoih3hz8/validator/src/test/resources/examples/simple/scenarios.xml
2020-07-30 20:22:57 [INFO] Loading scenario content from file:/tmp/tmpjoih3hz8/validator/src/test/resources/examples/simple/repository/
2020-07-30 20:22:57 [INFO] Loading XSLT script from  report.xsl
2020-07-30 20:22:57 [INFO] Loading XSLT script from  report.xsl
2020-07-30 20:22:57 [INFO] Loading XSLT script from  report.xsl
2020-07-30 20:22:57 [INFO] Loaded scenarios for HTML-TestSuite by null from 2017-08-08. The following scenarios are available:

Simple
NoAcceptMatch

2020-07-30 20:22:57 [INFO] Checking content of /tmp/tmpjoih3hz8/validator/src/test/resources/examples/simple/input/unknown.xml
2020-07-30 20:22:57 [ERROR] No valid schenario configuration found for /tmp/tmpjoih3hz8/validator/src/test/resources/examples/simple/input/unknown.xml
2020-07-30 20:22:57 [INFO] Finished check of /tmp/tmpjoih3hz8/validator/src/test/resources/examples/simple/input/unknown.xml in 18ms

2020-07-30 20:22:57 [INFO] Using resolving strategy STRICT_RELATIVE
2020-07-30 20:22:57 [INFO] Load schema from source /tmp/tmpjoih3hz8/validator/target/classes/xsd/scenarios.xsd
2020-07-30 20:22:57 [INFO] Loading scenarios from file:/tmp/tmpjoih3hz8/validator/src/test/resources/examples/simple/scenarios.xml
2020-07-30 20:22:57 [INFO] Loading scenario content from file:/tmp/tmpjoih3hz8/validator/src/test/resources/examples/simple/repository/
2020-07-30 20:22:57 [INFO] Loading XSLT script from  report.xsl
2020-07-30 20:22:57 [INFO] Loading XSLT script from  report.xsl
2020-07-30 20:22:57 [INFO] Loading XSLT script from  report.xsl
2020-07-30 20:22:57 [INFO] Loaded scenarios for HTML-TestSuite by null from 2017-08-08. The following scenarios are available:

Simple
NoAcceptMatch

2020-07-30 20:22:57 [INFO] Checking content of /tmp/tmpjoih3hz8/validator/src/test/resources/examples/simple/input/withManualReject.xml
2020-07-30 20:22:57 [INFO] Schenario Simple identified for /tmp/tmpjoih3hz8/validator/src/test/resources/examples/simple/input/withManualReject.xml
2020-07-30 20:22:57 [INFO] Finished check of /tmp/tmpjoih3hz8/validator/src/test/resources/examples/simple/input/withManualReject.xml in 14ms

2020-07-30 20:22:57 [INFO] Using resolving strategy STRICT_RELATIVE
2020-07-30 20:22:57 [INFO] Load schema from source /tmp/tmpjoih3hz8/validator/target/classes/xsd/scenarios.xsd
2020-07-30 20:22:57 [INFO] Loading scenarios from file:/tmp/tmpjoih3hz8/validator/src/test/resources/examples/simple/scenarios.xml
2020-07-30 20:22:57 [INFO] Loading scenario content from file:/tmp/tmpjoih3hz8/validator/src/test/resources/examples/simple/repository/
2020-07-30 20:22:57 [INFO] Loading XSLT script from  report.xsl
2020-07-30 20:22:57 [INFO] Loading XSLT script from  report.xsl
2020-07-30 20:22:57 [INFO] Loading XSLT script from  report.xsl
2020-07-30 20:22:57 [INFO] Loaded scenarios for HTML-TestSuite by null from 2017-08-08. The following scenarios are available:

Simple
NoAcceptMatch

2020-07-30 20:22:57 [INFO] Checking content of /tmp/tmpjoih3hz8/validator/src/test/resources/examples/simple/input/simple.xml
2020-07-30 20:22:57 [INFO] Schenario Simple identified for /tmp/tmpjoih3hz8/validator/src/test/resources/examples/simple/input/simple.xml
2020-07-30 20:22:57 [INFO] Finished check of /tmp/tmpjoih3hz8/validator/src/test/resources/examples/simple/input/simple.xml in 33ms

2020-07-30 20:22:57 [INFO] Using resolving strategy STRICT_RELATIVE
2020-07-30 20:22:57 [INFO] Load schema from source /tmp/tmpjoih3hz8/validator/target/classes/xsd/scenarios.xsd
2020-07-30 20:22:57 [INFO] Loading scenarios from file:/tmp/tmpjoih3hz8/validator/src/test/resources/examples/simple/scenarios.xml
2020-07-30 20:22:57 [INFO] Loading scenario content from file:/tmp/tmpjoih3hz8/validator/src/test/resources/examples/simple/repository/
2020-07-30 20:22:57 [INFO] Loading XSLT script from  report.xsl
2020-07-30 20:22:57 [INFO] Loading XSLT script from  report.xsl
2020-07-30 20:22:57 [INFO] Loading XSLT script from  report.xsl
2020-07-30 20:22:57 [INFO] Loaded scenarios for HTML-TestSuite by null from 2017-08-08. The following scenarios are available:

Simple
NoAcceptMatch

2020-07-30 20:22:57 [INFO] Checking content of /tmp/tmpjoih3hz8/validator/src/test/resources/examples/simple/input/simple.xml
2020-07-30 20:22:57 [INFO] Schenario Simple identified for /tmp/tmpjoih3hz8/validator/src/test/resources/examples/simple/input/simple.xml
2020-07-30 20:22:57 [INFO] Finished check of /tmp/tmpjoih3hz8/validator/src/test/resources/examples/simple/input/simple.xml in 21ms

2020-07-30 20:22:57 [INFO] Checking content of /tmp/tmpjoih3hz8/validator/src/test/resources/examples/simple/input/simple.xml
2020-07-30 20:22:57 [INFO] Schenario Simple identified for /tmp/tmpjoih3hz8/validator/src/test/resources/examples/simple/input/simple.xml
2020-07-30 20:22:57 [INFO] Finished check of /tmp/tmpjoih3hz8/validator/src/test/resources/examples/simple/input/simple.xml in 5ms

2020-07-30 20:22:57 [INFO] Checking content of /tmp/tmpjoih3hz8/validator/src/test/resources/examples/simple/input/simple.xml
2020-07-30 20:22:57 [INFO] Schenario Simple identified for /tmp/tmpjoih3hz8/validator/src/test/resources/examples/simple/input/simple.xml
2020-07-30 20:22:57 [INFO] Finished check of /tmp/tmpjoih3hz8/validator/src/test/resources/examples/simple/input/simple.xml in 5ms

2020-07-30 20:22:57 [INFO] Checking content of /tmp/tmpjoih3hz8/validator/src/test/resources/examples/simple/input/simple.xml
2020-07-30 20:22:57 [INFO] Schenario Simple identified for /tmp/tmpjoih3hz8/validator/src/test/resources/examples/simple/input/simple.xml
2020-07-30 20:22:57 [INFO] Finished check of /tmp/tmpjoih3hz8/validator/src/test/resources/examples/simple/input/simple.xml in 9ms

2020-07-30 20:22:57 [INFO] Checking content of /tmp/tmpjoih3hz8/validator/src/test/resources/examples/simple/input/simple.xml
2020-07-30 20:22:57 [INFO] Schenario Simple identified for /tmp/tmpjoih3hz8/validator/src/test/resources/examples/simple/input/simple.xml
2020-07-30 20:22:57 [INFO] Finished check of /tmp/tmpjoih3hz8/validator/src/test/resources/examples/simple/input/simple.xml in 15ms

2020-07-30 20:22:57 [INFO] Using resolving strategy STRICT_RELATIVE
2020-07-30 20:22:57 [INFO] Load schema from source /tmp/tmpjoih3hz8/validator/target/classes/xsd/scenarios.xsd
2020-07-30 20:22:57 [INFO] Loading scenarios from file:/tmp/tmpjoih3hz8/validator/src/test/resources/examples/simple/scenarios.xml
2020-07-30 20:22:57 [INFO] Loading scenario content from file:/tmp/tmpjoih3hz8/validator/src/test/resources/examples/simple/repository/
2020-07-30 20:22:57 [INFO] Loading XSLT script from  report.xsl
2020-07-30 20:22:57 [INFO] Loading XSLT script from  report.xsl
2020-07-30 20:22:57 [INFO] Loading XSLT script from  report.xsl
2020-07-30 20:22:57 [INFO] Loaded scenarios for HTML-TestSuite by null from 2017-08-08. The following scenarios are available:

Simple
NoAcceptMatch

2020-07-30 20:22:57 [INFO] Checking content of /tmp/tmpjoih3hz8/validator/src/test/resources/examples/simple/input/simple.xml
2020-07-30 20:22:57 [INFO] Schenario Simple identified for /tmp/tmpjoih3hz8/validator/src/test/resources/examples/simple/input/simple.xml
2020-07-30 20:22:57 [INFO] Finished check of /tmp/tmpjoih3hz8/validator/src/test/resources/examples/simple/input/simple.xml in 25ms

Tests run: 10, Failures: 0, Errors: 0, Skipped: 0, Time elapsed: 0.76 sec - in de.kosit.validationtool.impl.DefaultCheckTest
Running de.kosit.validationtool.cmd.SerializeReportActionTest
2020-07-30 20:22:57 [WARN] Can not serialize result report. No document found
2020-07-30 20:22:57 [INFO] Serializing result to /tmp/checktool2416641365252340529/simple-report.xml
Tests run: 2, Failures: 0, Errors: 0, Skipped: 0, Time elapsed: 0.026 sec - in de.kosit.validationtool.cmd.SerializeReportActionTest
Running de.kosit.validationtool.cmd.SerializeReportInputActionTest
2020-07-30 20:22:57 [INFO] Serializing result to /tmp/validator3101237622748284925/someDoc-reportInput.xml
Tests run: 1, Failures: 0, Errors: 0, Skipped: 0, Time elapsed: 0.012 sec - in de.kosit.validationtool.cmd.SerializeReportInputActionTest
Running de.kosit.validationtool.cmd.PrintReportActionTest
<?xml version="1.0" encoding="UTF-8"?><simple xmlns="http://validator.kosit.de/test-sample">
    <inner>asldkfj</inner>
    <content>
        <html xmlns="http://www.w3.org/1999/xhtml">
            <head>
                <!--nothing-->
            </head>
            <body>
                <div>some data</div>
            </body>
        </html>
    </content>
</simple>Tests run: 1, Failures: 0, Errors: 0, Skipped: 0, Time elapsed: 0.007 sec - in de.kosit.validationtool.cmd.PrintReportActionTest
Running de.kosit.validationtool.cmd.CheckAssertionActionTest
2020-07-30 20:22:57 [INFO] Checking assertions for /tmp/tmpjoih3hz8/validator/target/test-classes/examples/assertions/ubl-0001.xml
2020-07-30 20:22:57 [WARN] Can not find assertions for ubl-0001
2020-07-30 20:22:57 [INFO] Checking assertions for /tmp/tmpjoih3hz8/validator/target/test-classes/examples/assertions/ubl-0001.xml
2020-07-30 20:22:57 [ERROR] Assertion mismatch: Schema wurde validiert
2020-07-30 20:22:57 [ERROR] Assertion mismatch: Schematron wurde validiert
2020-07-30 20:22:57 [ERROR] Assertion mismatch: Empfehlung zur Annahme
2020-07-30 20:22:57 [WARN] 3 assertion of 3 failed while checking ubl-0001
Tests run: 2, Failures: 0, Errors: 0, Skipped: 0, Time elapsed: 0.042 sec - in de.kosit.validationtool.cmd.CheckAssertionActionTest
Running de.kosit.validationtool.cmd.ExtractHtmlActionTest
2020-07-30 20:22:57 [WARN] Can not extract html content. No report document found
2020-07-30 20:22:57 [INFO] Writing report html 'simple-null' to /tmp/checktool6511556903493632935/simple-null.html
2020-07-30 20:22:57 [INFO] Writing report html 'simple-null' to /tmp/checktool6511556903493632935/simple-null.html
Tests run: 1, Failures: 0, Errors: 0, Skipped: 0, Time elapsed: 0.017 sec - in de.kosit.validationtool.cmd.ExtractHtmlActionTest
Running de.kosit.validationtool.cmd.CommandlineApplicationTest
2020-07-30 20:22:57 [INFO] Using resolving strategy STRICT_RELATIVE
2020-07-30 20:22:57 [INFO] Load schema from source /tmp/tmpjoih3hz8/validator/target/classes/xsd/scenarios.xsd
2020-07-30 20:22:57 [INFO] Loading scenarios from file:///tmp/tmpjoih3hz8/validator/src/test/resources/examples/simple/scenarios.xml
2020-07-30 20:22:57 [INFO] Loading scenario content from file:///tmp/tmpjoih3hz8/validator/src/test/resources/examples/simple/repository/
2020-07-30 20:22:57 [INFO] Loading XSLT script from  report.xsl
2020-07-30 20:22:57 [INFO] Loading XSLT script from  report.xsl
2020-07-30 20:22:57 [INFO] Loading XSLT script from  report.xsl
2020-07-30 20:22:57 [INFO] Loaded scenarios for HTML-TestSuite by null from 2017-08-08. The following scenarios are available:

Simple
NoAcceptMatch

2020-07-30 20:22:57 [INFO] Setup completed in 66ms

2020-07-30 20:22:57 [INFO] Checking content of /tmp/tmpjoih3hz8/validator/src/test/resources/examples/simple/input/simple.xml
2020-07-30 20:22:57 [INFO] Schenario Simple identified for /tmp/tmpjoih3hz8/validator/src/test/resources/examples/simple/input/simple.xml
2020-07-30 20:22:57 [INFO] Serializing result to /tmp/tmpjoih3hz8/validator/target/test-output/simple-report.xml
2020-07-30 20:22:57 [INFO] Finished check of /tmp/tmpjoih3hz8/validator/src/test/resources/examples/simple/input/simple.xml in 22ms

2020-07-30 20:22:57 [INFO] Checking content of /tmp/tmpjoih3hz8/validator/src/test/resources/examples/simple/input/unknown.xml
2020-07-30 20:22:57 [ERROR] No valid schenario configuration found for /tmp/tmpjoih3hz8/validator/src/test/resources/examples/simple/input/unknown.xml
2020-07-30 20:22:57 [INFO] Serializing result to /tmp/tmpjoih3hz8/validator/target/test-output/unknown-report.xml
2020-07-30 20:22:57 [INFO] Finished check of /tmp/tmpjoih3hz8/validator/src/test/resources/examples/simple/input/unknown.xml in 5ms

2020-07-30 20:22:57 [INFO] Checking content of /tmp/tmpjoih3hz8/validator/src/test/resources/examples/simple/input/foo.xml
2020-07-30 20:22:57 [INFO] Schenario NoAcceptMatch identified for /tmp/tmpjoih3hz8/validator/src/test/resources/examples/simple/input/foo.xml
2020-07-30 20:22:57 [INFO] Serializing result to /tmp/tmpjoih3hz8/validator/target/test-output/foo-report.xml
2020-07-30 20:22:57 [INFO] Finished check of /tmp/tmpjoih3hz8/validator/src/test/resources/examples/simple/input/foo.xml in 6ms

2020-07-30 20:22:57 [INFO] Checking content of /tmp/tmpjoih3hz8/validator/src/test/resources/examples/simple/input/withManualReject.xml
2020-07-30 20:22:57 [INFO] Schenario Simple identified for /tmp/tmpjoih3hz8/validator/src/test/resources/examples/simple/input/withManualReject.xml
2020-07-30 20:22:57 [INFO] Serializing result to /tmp/tmpjoih3hz8/validator/target/test-output/withManualReject-report.xml
2020-07-30 20:22:57 [INFO] Finished check of /tmp/tmpjoih3hz8/validator/src/test/resources/examples/simple/input/withManualReject.xml in 9ms

2020-07-30 20:22:57 [INFO] Checking content of /tmp/tmpjoih3hz8/validator/src/test/resources/examples/simple/input/simple-not-wellformed.xml
Error on line 4 column 27 of simple-not-wellformed.xml:
  SXXP0003: Error reported by XML parser: XML document structures must start and end within
  the same entity.
2020-07-30 20:22:57 [ERROR] No valid schenario configuration found for /tmp/tmpjoih3hz8/validator/src/test/resources/examples/simple/input/simple-not-wellformed.xml
2020-07-30 20:22:57 [INFO] Serializing result to /tmp/tmpjoih3hz8/validator/target/test-output/simple-not-wellformed-report.xml
2020-07-30 20:22:57 [INFO] Finished check of /tmp/tmpjoih3hz8/validator/src/test/resources/examples/simple/input/simple-not-wellformed.xml in 4ms

2020-07-30 20:22:57 [INFO] Checking content of /tmp/tmpjoih3hz8/validator/src/test/resources/examples/simple/input/simple-invalid.xml
2020-07-30 20:22:57 [INFO] Schenario Simple identified for /tmp/tmpjoih3hz8/validator/src/test/resources/examples/simple/input/simple-invalid.xml
2020-07-30 20:22:57 [INFO] Serializing result to /tmp/tmpjoih3hz8/validator/target/test-output/simple-invalid-report.xml
2020-07-30 20:22:57 [INFO] Finished check of /tmp/tmpjoih3hz8/validator/src/test/resources/examples/simple/input/simple-invalid.xml in 5ms

2020-07-30 20:22:57 [INFO] Processing 6 object(s) completed in 53ms
2020-07-30 20:22:57 [INFO] Using resolving strategy STRICT_RELATIVE
2020-07-30 20:22:57 [INFO] Load schema from source /tmp/tmpjoih3hz8/validator/target/classes/xsd/scenarios.xsd
2020-07-30 20:22:57 [INFO] Loading scenarios from file:///tmp/tmpjoih3hz8/validator/src/test/resources/examples/simple/scenarios.xml
2020-07-30 20:22:57 [INFO] Loading scenario content from file:///tmp/tmpjoih3hz8/validator/src/test/resources/examples/simple/repository/
2020-07-30 20:22:57 [INFO] Loading XSLT script from  report.xsl
2020-07-30 20:22:57 [INFO] Loading XSLT script from  report.xsl
2020-07-30 20:22:57 [INFO] Loading XSLT script from  report.xsl
2020-07-30 20:22:57 [INFO] Loaded scenarios for HTML-TestSuite by null from 2017-08-08. The following scenarios are available:

Simple
NoAcceptMatch

2020-07-30 20:22:57 [INFO] Setup completed in 34ms

2020-07-30 20:22:57 [INFO] Checking content of /tmp/tmpjoih3hz8/validator/src/test/resources/examples/simple/input/simple.xml
2020-07-30 20:22:57 [INFO] Schenario Simple identified for /tmp/tmpjoih3hz8/validator/src/test/resources/examples/simple/input/simple.xml
2020-07-30 20:22:57 [INFO] Serializing result to /tmp/tmpjoih3hz8/validator/target/test-output/simple-report.xml
<?xml version="1.0" encoding="UTF-8"?><report xmlns="http://validator.kosit.de/test-report" xmlns:in="http://www.xoev.de/de/validator/framework/1/createreportinput"><input><simple xmlns="http://validator.kosit.de/test-sample">
    <inner>asldkfj</inner>
    <content>
        <html xmlns="http://www.w3.org/1999/xhtml">
            <head>
                <!--nothing-->
            </head>
            <body>
                <div>some data</div>
            </body>
        </html>
    </content>
</simple></input><result><createReportInput xmlns="http://www.xoev.de/de/validator/framework/1/createreportinput" xmlns:ns2="http://purl.oclc.org/dsdl/svrl" xmlns:ns3="http://www.xoev.de/de/validator/framework/1/scenarios" frameworkVersion="1.0.2"><engine><name>KoSIT Validator</name></engine><timestamp>2020-07-30T20:22:57.932Z</timestamp><documentIdentification><documentHash><hashAlgorithm>SHA-256</hashAlgorithm><hashValue>SeSJTjAkYuU8N3/1O1DhXwXm0FtGShlioEl56lLbtrY=</hashValue></documentHash><documentReference>/tmp/tmpjoih3hz8/validator/src/test/resources/examples/simple/input/simple.xml</documentReference></documentIdentification><ns3:scenario><ns3:name>Simple</ns3:name><ns3:description><ns3:p>Nur Schemapr√ºfung.</ns3:p></ns3:description><ns3:namespace prefix="cri">http://www.xoev.de/de/validator/framework/1/createreportinput</ns3:namespace><ns3:namespace prefix="test">http://validator.kosit.de/test-sample</ns3:namespace><ns3:namespace prefix="rpt">http://validator.kosit.de/test-report</ns3:namespace><ns3:match>/test:simple</ns3:match><ns3:validateWithXmlSchema><ns3:resource><ns3:name>Sample Schema</ns3:name><ns3:location>simple.xsd</ns3:location></ns3:resource></ns3:validateWithXmlSchema><ns3:createReport><ns3:resource><ns3:name>Report f√ºr eRechnung</ns3:name><ns3:location>report.xsl</ns3:location></ns3:resource></ns3:createReport><ns3:acceptMatch>count(//test:rejected) = 0</ns3:acceptMatch></ns3:scenario><validationResultsWellformedness/><validationResultsXmlSchema><ns3:resource><ns3:name>Sample Schema</ns3:name><ns3:location>simple.xsd</ns3:location></ns3:resource></validationResultsXmlSchema></createReportInput></result></report>2020-07-30 20:22:58 [INFO] Finished check of /tmp/tmpjoih3hz8/validator/src/test/resources/examples/simple/input/simple.xml in 69ms

2020-07-30 20:22:58 [INFO] Processing 1 object(s) completed in 70ms
usage: check-tool  -s <scenario-config-file> [OPTIONS] [FILE]...
 -?,--help                                 Displays this help
 -c,--check-assertions <assertions-file>   Check the result using defined
                                           assertions
 -D,--daemon                               Starts a daemon listing for
                                           validation requests
 -d,--debug                                Prints some more debug
                                           information
 -G,--disable-gui                          Disables the GUI of the daemon
                                           mode
 -H,--host <arg>                           The hostname / IP address to
                                           bind the daemon. Default is
                                           localhost
 -h,--html                                 Extract and save any html
                                           content within  result as a
                                           separate file
 -m,--memory-stats                         Prints some memory stats
 -o,--output-directory <arg>               Defines the out directory for
                                           results. Defaults to cwd
 -P,--port <arg>                           The port to bind the daemon.
                                           Default is 8080
 -p,--print                                Prints the check result to
                                           stdout
 -r,--repository <arg>                     Directory containing scenario
                                           content
 -s,--scenarios <arg>                      Location of scenarios.xml e.g.
 -T,--threads <arg>                        Number of threads processing
                                           validation requests
2020-07-30 20:22:58 [INFO] Using resolving strategy STRICT_RELATIVE
2020-07-30 20:22:58 [INFO] Load schema from source /tmp/tmpjoih3hz8/validator/target/classes/xsd/scenarios.xsd
2020-07-30 20:22:58 [INFO] Loading scenarios from file:///tmp/tmpjoih3hz8/validator/src/test/resources/examples/simple/scenarios.xml
2020-07-30 20:22:58 [INFO] Loading scenario content from file:///tmp/tmpjoih3hz8/validator/src/test/resources/examples/simple/repository/
2020-07-30 20:22:58 [INFO] Loading XSLT script from  report.xsl
2020-07-30 20:22:58 [INFO] Loading XSLT script from  report.xsl
2020-07-30 20:22:58 [INFO] Loading XSLT script from  report.xsl
2020-07-30 20:22:58 [INFO] Loaded scenarios for HTML-TestSuite by null from 2017-08-08. The following scenarios are available:

Simple
NoAcceptMatch

2020-07-30 20:22:58 [INFO] Setup completed in 31ms

2020-07-30 20:22:58 [INFO] Checking content of /tmp/tmpjoih3hz8/validator/src/test/resources/examples/simple/input/simple.xml
2020-07-30 20:22:58 [INFO] Schenario Simple identified for /tmp/tmpjoih3hz8/validator/src/test/resources/examples/simple/input/simple.xml
2020-07-30 20:22:58 [INFO] Serializing result to /tmp/tmpjoih3hz8/validator/simple-report.xml
2020-07-30 20:22:58 [INFO] free memory: 79,259MB; allocated memory: 318,976MB
2020-07-30 20:22:58 [INFO] max memory: 1,165,312MB; total free memory: 925,595MB
2020-07-30 20:22:58 [INFO] Finished check of /tmp/tmpjoih3hz8/validator/src/test/resources/examples/simple/input/simple.xml in 17ms

2020-07-30 20:22:58 [INFO] Processing 1 object(s) completed in 17ms
2020-07-30 20:22:58 [INFO] Using resolving strategy STRICT_RELATIVE
2020-07-30 20:22:58 [INFO] Load schema from source /tmp/tmpjoih3hz8/validator/target/classes/xsd/scenarios.xsd
2020-07-30 20:22:58 [INFO] Loading scenarios from file:///tmp/tmpjoih3hz8/validator/src/test/resources/examples/simple/scenarios.xml
2020-07-30 20:22:58 [INFO] Loading scenario content from file:///tmp/tmpjoih3hz8/validator/src/test/resources/examples/simple/repository/
2020-07-30 20:22:58 [INFO] Loading XSLT script from  report.xsl
2020-07-30 20:22:58 [INFO] Loading XSLT script from  report.xsl
2020-07-30 20:22:58 [INFO] Loading XSLT script from  report.xsl
2020-07-30 20:22:58 [INFO] Loaded scenarios for HTML-TestSuite by null from 2017-08-08. The following scenarios are available:

Simple
NoAcceptMatch

2020-07-30 20:22:58 [INFO] Setup completed in 53ms

2020-07-30 20:22:58 [INFO] Checking content of /tmp/tmpjoih3hz8/validator/src/test/resources/examples/simple/input/simple.xml
2020-07-30 20:22:58 [INFO] Schenario Simple identified for /tmp/tmpjoih3hz8/validator/src/test/resources/examples/simple/input/simple.xml
2020-07-30 20:22:58 [INFO] Serializing result to /tmp/tmpjoih3hz8/validator/target/test-output/simple-report.xml
2020-07-30 20:22:58 [INFO] Serializing result to /tmp/tmpjoih3hz8/validator/target/test-output/simple-reportInput.xml
2020-07-30 20:22:58 [INFO] Checking assertions for /tmp/tmpjoih3hz8/validator/src/test/resources/examples/simple/input/simple.xml
2020-07-30 20:22:58 [WARN] Can not find assertions for simple
2020-07-30 20:22:58 [INFO] Finished check of /tmp/tmpjoih3hz8/validator/src/test/resources/examples/simple/input/simple.xml in 53ms

2020-07-30 20:22:58 [INFO] Processing 1 object(s) completed in 53ms
2020-07-30 20:22:58 [INFO] Using resolving strategy STRICT_RELATIVE
2020-07-30 20:22:58 [INFO] Load schema from source /tmp/tmpjoih3hz8/validator/target/classes/xsd/scenarios.xsd
2020-07-30 20:22:58 [INFO] Loading scenarios from file:///tmp/tmpjoih3hz8/validator/src/test/resources/examples/simple/scenarios.xml
2020-07-30 20:22:58 [INFO] Loading scenario content from file:///tmp/tmpjoih3hz8/validator/src/test/resources/examples/simple/repository/
2020-07-30 20:22:58 [INFO] Loading XSLT script from  report.xsl
2020-07-30 20:22:58 [INFO] Loading XSLT script from  report.xsl
2020-07-30 20:22:58 [INFO] Loading XSLT script from  report.xsl
2020-07-30 20:22:58 [INFO] Loaded scenarios for HTML-TestSuite by null from 2017-08-08. The following scenarios are available:

Simple
NoAcceptMatch

2020-07-30 20:22:58 [INFO] Setup completed in 45ms

2020-07-30 20:22:58 [WARN] The specified test target /tmp/tmpjoih3hz8/validator/src/test/resources/examples/doesnotexist does not exist. Will be ignored
java.lang.IllegalStateException: No test targets found. Nothing to check. Will quit now!
	at de.kosit.validationtool.cmd.CommandLineApplication.determineTestTargets(CommandLineApplication.java:294)
	at de.kosit.validationtool.cmd.CommandLineApplication.processActions(CommandLineApplication.java:242)
	at de.kosit.validationtool.cmd.CommandLineApplication.mainProgram(CommandLineApplication.java:141)
	at de.kosit.validationtool.cmd.CommandlineApplicationTest.testNotExistingTestTarget(CommandlineApplicationTest.java:117)
	at sun.reflect.NativeMethodAccessorImpl.invoke0(Native Method)
	at sun.reflect.NativeMethodAccessorImpl.invoke(NativeMethodAccessorImpl.java:62)
	at sun.reflect.DelegatingMethodAccessorImpl.invoke(DelegatingMethodAccessorImpl.java:43)
	at java.lang.reflect.Method.invoke(Method.java:498)
	at org.junit.runners.model.FrameworkMethod$1.runReflectiveCall(FrameworkMethod.java:50)
	at org.junit.internal.runners.model.ReflectiveCallable.run(ReflectiveCallable.java:12)
	at org.junit.runners.model.FrameworkMethod.invokeExplosively(FrameworkMethod.java:47)
	at org.junit.internal.runners.statements.InvokeMethod.evaluate(InvokeMethod.java:17)
	at org.junit.internal.runners.statements.RunBefores.evaluate(RunBefores.java:26)
	at org.junit.internal.runners.statements.RunAfters.evaluate(RunAfters.java:27)
	at org.junit.runners.ParentRunner.runLeaf(ParentRunner.java:325)
	at org.junit.runners.BlockJUnit4ClassRunner.runChild(BlockJUnit4ClassRunner.java:78)
	at org.junit.runners.BlockJUnit4ClassRunner.runChild(BlockJUnit4ClassRunner.java:57)
	at org.junit.runners.ParentRunner$3.run(ParentRunner.java:290)
	at org.junit.runners.ParentRunner$1.schedule(ParentRunner.java:71)
	at org.junit.runners.ParentRunner.runChildren(ParentRunner.java:288)
	at org.junit.runners.ParentRunner.access$000(ParentRunner.java:58)
	at org.junit.runners.ParentRunner$2.evaluate(ParentRunner.java:268)
	at org.junit.runners.ParentRunner.run(ParentRunner.java:363)
	at org.apache.maven.surefire.junit4.JUnit4Provider.execute(JUnit4Provider.java:367)
	at org.apache.maven.surefire.junit4.JUnit4Provider.executeWithRerun(JUnit4Provider.java:274)
	at org.apache.maven.surefire.junit4.JUnit4Provider.executeTestSet(JUnit4Provider.java:238)
	at org.apache.maven.surefire.junit4.JUnit4Provider.invoke(JUnit4Provider.java:161)
	at org.apache.maven.surefire.booter.ForkedBooter.invokeProviderInSameClassLoader(ForkedBooter.java:290)
	at org.apache.maven.surefire.booter.ForkedBooter.runSuitesInProcess(ForkedBooter.java:242)
	at org.apache.maven.surefire.booter.ForkedBooter.main(ForkedBooter.java:121)
2020-07-30 20:22:58 [ERROR] No test targets found. Nothing to check. Will quit now!
2020-07-30 20:22:58 [INFO] Using resolving strategy STRICT_RELATIVE
2020-07-30 20:22:58 [INFO] Load schema from source /tmp/tmpjoih3hz8/validator/target/classes/xsd/scenarios.xsd
2020-07-30 20:22:58 [INFO] Loading scenarios from file:///tmp/tmpjoih3hz8/validator/src/test/resources/examples/simple/scenarios.xml
2020-07-30 20:22:58 [INFO] Loading scenario content from file:///tmp/tmpjoih3hz8/validator/src/test/resources/examples/simple/repository/
2020-07-30 20:22:58 [INFO] Loading XSLT script from  report.xsl
2020-07-30 20:22:58 [INFO] Loading XSLT script from  report.xsl
2020-07-30 20:22:58 [INFO] Loading XSLT script from  report.xsl
2020-07-30 20:22:58 [INFO] Loaded scenarios for HTML-TestSuite by null from 2017-08-08. The following scenarios are available:

Simple
NoAcceptMatch

2020-07-30 20:22:58 [INFO] Setup completed in 36ms

2020-07-30 20:22:58 [INFO] Checking content of /tmp/tmpjoih3hz8/validator/src/test/resources/examples/simple/input/simple.xml
2020-07-30 20:22:58 [INFO] Schenario Simple identified for /tmp/tmpjoih3hz8/validator/src/test/resources/examples/simple/input/simple.xml
2020-07-30 20:22:58 [INFO] Serializing result to /tmp/tmpjoih3hz8/validator/target/test-output/simple-report.xml
2020-07-30 20:22:58 [INFO] Finished check of /tmp/tmpjoih3hz8/validator/src/test/resources/examples/simple/input/simple.xml in 29ms

2020-07-30 20:22:58 [INFO] Checking content of /tmp/tmpjoih3hz8/validator/src/test/resources/examples/simple/input/foo.xml
2020-07-30 20:22:58 [INFO] Schenario NoAcceptMatch identified for /tmp/tmpjoih3hz8/validator/src/test/resources/examples/simple/input/foo.xml
2020-07-30 20:22:58 [INFO] Serializing result to /tmp/tmpjoih3hz8/validator/target/test-output/foo-report.xml
2020-07-30 20:22:58 [INFO] Finished check of /tmp/tmpjoih3hz8/validator/src/test/resources/examples/simple/input/foo.xml in 8ms

2020-07-30 20:22:58 [INFO] Processing 2 object(s) completed in 38ms
java.lang.IllegalArgumentException: Not a valid path for repository definition specified: '/tmp/tmpjoih3hz8/validator/unknown'
	at de.kosit.validationtool.cmd.CommandLineApplication.determineRepository(CommandLineApplication.java:327)
	at de.kosit.validationtool.cmd.CommandLineApplication.processActions(CommandLineApplication.java:215)
	at de.kosit.validationtool.cmd.CommandLineApplication.mainProgram(CommandLineApplication.java:141)
	at de.kosit.validationtool.cmd.CommandlineApplicationTest.testDebugFlag(CommandlineApplicationTest.java:203)
	at sun.reflect.NativeMethodAccessorImpl.invoke0(Native Method)
	at sun.reflect.NativeMethodAccessorImpl.invoke(NativeMethodAccessorImpl.java:62)
	at sun.reflect.DelegatingMethodAccessorImpl.invoke(DelegatingMethodAccessorImpl.java:43)
	at java.lang.reflect.Method.invoke(Method.java:498)
	at org.junit.runners.model.FrameworkMethod$1.runReflectiveCall(FrameworkMethod.java:50)
	at org.junit.internal.runners.model.ReflectiveCallable.run(ReflectiveCallable.java:12)
	at org.junit.runners.model.FrameworkMethod.invokeExplosively(FrameworkMethod.java:47)
	at org.junit.internal.runners.statements.InvokeMethod.evaluate(InvokeMethod.java:17)
	at org.junit.internal.runners.statements.RunBefores.evaluate(RunBefores.java:26)
	at org.junit.internal.runners.statements.RunAfters.evaluate(RunAfters.java:27)
	at org.junit.runners.ParentRunner.runLeaf(ParentRunner.java:325)
	at org.junit.runners.BlockJUnit4ClassRunner.runChild(BlockJUnit4ClassRunner.java:78)
	at org.junit.runners.BlockJUnit4ClassRunner.runChild(BlockJUnit4ClassRunner.java:57)
	at org.junit.runners.ParentRunner$3.run(ParentRunner.java:290)
	at org.junit.runners.ParentRunner$1.schedule(ParentRunner.java:71)
	at org.junit.runners.ParentRunner.runChildren(ParentRunner.java:288)
	at org.junit.runners.ParentRunner.access$000(ParentRunner.java:58)
	at org.junit.runners.ParentRunner$2.evaluate(ParentRunner.java:268)
	at org.junit.runners.ParentRunner.run(ParentRunner.java:363)
	at org.apache.maven.surefire.junit4.JUnit4Provider.execute(JUnit4Provider.java:367)
	at org.apache.maven.surefire.junit4.JUnit4Provider.executeWithRerun(JUnit4Provider.java:274)
	at org.apache.maven.surefire.junit4.JUnit4Provider.executeTestSet(JUnit4Provider.java:238)
	at org.apache.maven.surefire.junit4.JUnit4Provider.invoke(JUnit4Provider.java:161)
	at org.apache.maven.surefire.booter.ForkedBooter.invokeProviderInSameClassLoader(ForkedBooter.java:290)
	at org.apache.maven.surefire.booter.ForkedBooter.runSuitesInProcess(ForkedBooter.java:242)
	at org.apache.maven.surefire.booter.ForkedBooter.main(ForkedBooter.java:121)
2020-07-30 20:22:58 [ERROR] Not a valid path for repository definition specified: '/tmp/tmpjoih3hz8/validator/unknown'
java.lang.IllegalArgumentException: Not a valid path for repository definition specified: '/tmp/tmpjoih3hz8/validator/unknown'
	at de.kosit.validationtool.cmd.CommandLineApplication.determineRepository(CommandLineApplication.java:327)
	at de.kosit.validationtool.cmd.CommandLineApplication.processActions(CommandLineApplication.java:215)
	at de.kosit.validationtool.cmd.CommandLineApplication.mainProgram(CommandLineApplication.java:141)
	at de.kosit.validationtool.cmd.CommandlineApplicationTest.testDebugFlag(CommandlineApplicationTest.java:203)
	at sun.reflect.NativeMethodAccessorImpl.invoke0(Native Method)
	at sun.reflect.NativeMethodAccessorImpl.invoke(NativeMethodAccessorImpl.java:62)
	at sun.reflect.DelegatingMethodAccessorImpl.invoke(DelegatingMethodAccessorImpl.java:43)
	at java.lang.reflect.Method.invoke(Method.java:498)
	at org.junit.runners.model.FrameworkMethod$1.runReflectiveCall(FrameworkMethod.java:50)
	at org.junit.internal.runners.model.ReflectiveCallable.run(ReflectiveCallable.java:12)
	at org.junit.runners.model.FrameworkMethod.invokeExplosively(FrameworkMethod.java:47)
	at org.junit.internal.runners.statements.InvokeMethod.evaluate(InvokeMethod.java:17)
	at org.junit.internal.runners.statements.RunBefores.evaluate(RunBefores.java:26)
	at org.junit.internal.runners.statements.RunAfters.evaluate(RunAfters.java:27)
	at org.junit.runners.ParentRunner.runLeaf(ParentRunner.java:325)
	at org.junit.runners.BlockJUnit4ClassRunner.runChild(BlockJUnit4ClassRunner.java:78)
	at org.junit.runners.BlockJUnit4ClassRunner.runChild(BlockJUnit4ClassRunner.java:57)
	at org.junit.runners.ParentRunner$3.run(ParentRunner.java:290)
	at org.junit.runners.ParentRunner$1.schedule(ParentRunner.java:71)
	at org.junit.runners.ParentRunner.runChildren(ParentRunner.java:288)
	at org.junit.runners.ParentRunner.access$000(ParentRunner.java:58)
	at org.junit.runners.ParentRunner$2.evaluate(ParentRunner.java:268)
	at org.junit.runners.ParentRunner.run(ParentRunner.java:363)
	at org.apache.maven.surefire.junit4.JUnit4Provider.execute(JUnit4Provider.java:367)
	at org.apache.maven.surefire.junit4.JUnit4Provider.executeWithRerun(JUnit4Provider.java:274)
	at org.apache.maven.surefire.junit4.JUnit4Provider.executeTestSet(JUnit4Provider.java:238)
	at org.apache.maven.surefire.junit4.JUnit4Provider.invoke(JUnit4Provider.java:161)
	at org.apache.maven.surefire.booter.ForkedBooter.invokeProviderInSameClassLoader(ForkedBooter.java:290)
	at org.apache.maven.surefire.booter.ForkedBooter.runSuitesInProcess(ForkedBooter.java:242)
	at org.apache.maven.surefire.booter.ForkedBooter.main(ForkedBooter.java:121)
2020-07-30 20:22:58 [ERROR] Error processing command line arguments: Missing required option: s
usage: check-tool  -s <scenario-config-file> [OPTIONS] [FILE]...
 -?,--help                                 Displays this help
 -c,--check-assertions <assertions-file>   Check the result using defined
                                           assertions
 -D,--daemon                               Starts a daemon listing for
                                           validation requests
 -d,--debug                                Prints some more debug
                                           information
 -G,--disable-gui                          Disables the GUI of the daemon
                                           mode
 -H,--host <arg>                           The hostname / IP address to
                                           bind the daemon. Default is
                                           localhost
 -h,--html                                 Extract and save any html
                                           content within  result as a
                                           separate file
 -m,--memory-stats                         Prints some memory stats
 -o,--output-directory <arg>               Defines the out directory for
                                           results. Defaults to cwd
 -P,--port <arg>                           The port to bind the daemon.
                                           Default is 8080
 -p,--print                                Prints the check result to
                                           stdout
 -r,--repository <arg>                     Directory containing scenario
                                           content
 -s,--scenarios <arg>                      Location of scenarios.xml e.g.
 -T,--threads <arg>                        Number of threads processing
                                           validation requests
2020-07-30 20:22:58 [INFO] Using resolving strategy STRICT_RELATIVE
2020-07-30 20:22:58 [INFO] Load schema from source /tmp/tmpjoih3hz8/validator/target/classes/xsd/scenarios.xsd
2020-07-30 20:22:58 [INFO] Loading scenarios from file:///tmp/tmpjoih3hz8/validator/src/test/resources/examples/simple/scenarios.xml
2020-07-30 20:22:58 [INFO] Loading scenario content from file:///tmp/tmpjoih3hz8/validator/src/test/resources/examples/simple/repository/
2020-07-30 20:22:58 [INFO] Loading XSLT script from  report.xsl
2020-07-30 20:22:58 [INFO] Loading XSLT script from  report.xsl
2020-07-30 20:22:58 [INFO] Loading XSLT script from  report.xsl
2020-07-30 20:22:58 [INFO] Loaded scenarios for HTML-TestSuite by null from 2017-08-08. The following scenarios are available:

Simple
NoAcceptMatch

2020-07-30 20:22:58 [INFO] Setup completed in 51ms

2020-07-30 20:22:58 [INFO] Checking content of /tmp/tmpjoih3hz8/validator/src/test/resources/examples/simple/input/simple.xml
2020-07-30 20:22:58 [INFO] Schenario Simple identified for /tmp/tmpjoih3hz8/validator/src/test/resources/examples/simple/input/simple.xml
2020-07-30 20:22:58 [INFO] Serializing result to /tmp/tmpjoih3hz8/validator/simple-report.xml
2020-07-30 20:22:58 [INFO] Finished check of /tmp/tmpjoih3hz8/validator/src/test/resources/examples/simple/input/simple.xml in 49ms

2020-07-30 20:22:58 [INFO] Processing 1 object(s) completed in 124ms
2020-07-30 20:22:58 [INFO] Using resolving strategy STRICT_RELATIVE
2020-07-30 20:22:58 [INFO] Load schema from source /tmp/tmpjoih3hz8/validator/target/classes/xsd/scenarios.xsd
2020-07-30 20:22:58 [INFO] Loading scenarios from file:///tmp/tmpjoih3hz8/validator/src/test/resources/examples/simple/scenarios.xml
2020-07-30 20:22:58 [INFO] Loading scenario content from file:///tmp/tmpjoih3hz8/validator/src/test/resources/examples/simple/repository/
2020-07-30 20:22:58 [INFO] Loading XSLT script from  report.xsl
2020-07-30 20:22:58 [INFO] Loading XSLT script from  report.xsl
2020-07-30 20:22:58 [INFO] Loading XSLT script from  report.xsl
2020-07-30 20:22:58 [INFO] Loaded scenarios for HTML-TestSuite by null from 2017-08-08. The following scenarios are available:

Simple
NoAcceptMatch

2020-07-30 20:22:58 [INFO] Setup completed in 70ms

2020-07-30 20:22:58 [INFO] Checking content of /tmp/tmpjoih3hz8/validator/src/test/resources/examples/simple/input/simple.xml
2020-07-30 20:22:58 [INFO] Schenario Simple identified for /tmp/tmpjoih3hz8/validator/src/test/resources/examples/simple/input/simple.xml
2020-07-30 20:22:58 [INFO] Serializing result to /tmp/tmpjoih3hz8/validator/target/test-output/simple-report.xml
2020-07-30 20:22:58 [INFO] Finished check of /tmp/tmpjoih3hz8/validator/src/test/resources/examples/simple/input/simple.xml in 15ms

2020-07-30 20:22:58 [INFO] Processing 1 object(s) completed in 15ms
2020-07-30 20:22:58 [INFO] Using resolving strategy STRICT_RELATIVE
2020-07-30 20:22:58 [INFO] Load schema from source /tmp/tmpjoih3hz8/validator/target/classes/xsd/scenarios.xsd
2020-07-30 20:22:58 [INFO] Loading scenarios from file:///tmp/tmpjoih3hz8/validator/src/test/resources/examples/simple/scenarios.xml
2020-07-30 20:22:58 [INFO] Loading scenario content from file:///tmp/tmpjoih3hz8/validator/src/test/resources/examples/simple/repository/
2020-07-30 20:22:58 [INFO] Loading XSLT script from  report.xsl
2020-07-30 20:22:58 [INFO] Loading XSLT script from  report.xsl
2020-07-30 20:22:58 [INFO] Loading XSLT script from  report.xsl
2020-07-30 20:22:58 [INFO] Loaded scenarios for HTML-TestSuite by null from 2017-08-08. The following scenarios are available:

Simple
NoAcceptMatch

2020-07-30 20:22:58 [INFO] Setup completed in 32ms

2020-07-30 20:22:58 [INFO] Checking content of /tmp/tmpjoih3hz8/validator/src/test/resources/examples/simple/input/simple.xml
2020-07-30 20:22:58 [INFO] Schenario Simple identified for /tmp/tmpjoih3hz8/validator/src/test/resources/examples/simple/input/simple.xml
2020-07-30 20:22:58 [INFO] Writing report html 'simple-null' to /tmp/tmpjoih3hz8/validator/target/test-output/simple-null.html
2020-07-30 20:22:58 [INFO] Serializing result to /tmp/tmpjoih3hz8/validator/target/test-output/simple-report.xml
2020-07-30 20:22:58 [INFO] Finished check of /tmp/tmpjoih3hz8/validator/src/test/resources/examples/simple/input/simple.xml in 18ms

2020-07-30 20:22:58 [INFO] Processing 1 object(s) completed in 20ms
usage: check-tool  -s <scenario-config-file> [OPTIONS] [FILE]...
 -?,--help                                 Displays this help
 -c,--check-assertions <assertions-file>   Check the result using defined
                                           assertions
 -D,--daemon                               Starts a daemon listing for
                                           validation requests
 -d,--debug                                Prints some more debug
                                           information
 -G,--disable-gui                          Disables the GUI of the daemon
                                           mode
 -H,--host <arg>                           The hostname / IP address to
                                           bind the daemon. Default is
                                           localhost
 -h,--html                                 Extract and save any html
                                           content within  result as a
                                           separate file
 -m,--memory-stats                         Prints some memory stats
 -o,--output-directory <arg>               Defines the out directory for
                                           results. Defaults to cwd
 -P,--port <arg>                           The port to bind the daemon.
                                           Default is 8080
 -p,--print                                Prints the check result to
                                           stdout
 -r,--repository <arg>                     Directory containing scenario
                                           content
 -s,--scenarios <arg>                      Location of scenarios.xml e.g.
 -T,--threads <arg>                        Number of threads processing
                                           validation requests
2020-07-30 20:22:58 [INFO] Using resolving strategy STRICT_RELATIVE
2020-07-30 20:22:58 [INFO] Creating default scenario repository (alongside scenario definition)
2020-07-30 20:22:58 [INFO] Load schema from source /tmp/tmpjoih3hz8/validator/target/classes/xsd/scenarios.xsd
2020-07-30 20:22:58 [INFO] Loading scenarios from file:///tmp/tmpjoih3hz8/validator/src/test/resources/examples/simple/scenarios.xml
2020-07-30 20:22:58 [INFO] Creating default scenario repository (alongside scenario definition)
2020-07-30 20:22:58 [INFO] Loading scenario content from file:/tmp/tmpjoih3hz8/validator/src/test/resources/examples/simple/
2020-07-30 20:22:58 [ERROR] Error resolving source simple.xsd
javax.xml.transform.TransformerException: Can not resolve required  simple.xsd
	at de.kosit.validationtool.impl.xml.RelativeUriResolver.resolve(RelativeUriResolver.java:57)
	at de.kosit.validationtool.impl.ContentRepository.resolveInRepository(ContentRepository.java:226)
	at de.kosit.validationtool.impl.ContentRepository.lambda$createSchema$2(ContentRepository.java:200)
	at java.util.stream.ReferencePipeline$3$1.accept(ReferencePipeline.java:193)
	at java.util.ArrayList$ArrayListSpliterator.forEachRemaining(ArrayList.java:1384)
	at java.util.stream.AbstractPipeline.copyInto(AbstractPipeline.java:482)
	at java.util.stream.AbstractPipeline.wrapAndCopyInto(AbstractPipeline.java:472)
	at java.util.stream.AbstractPipeline.evaluate(AbstractPipeline.java:546)
	at java.util.stream.AbstractPipeline.evaluateToArrayNode(AbstractPipeline.java:260)
	at java.util.stream.ReferencePipeline.toArray(ReferencePipeline.java:505)
	at de.kosit.validationtool.impl.ContentRepository.createSchema(ContentRepository.java:200)
	at de.kosit.validationtool.impl.ContentRepository.createSchema(ContentRepository.java:213)
	at de.kosit.validationtool.config.ConfigurationLoader.initialize(ConfigurationLoader.java:169)
	at de.kosit.validationtool.config.ConfigurationLoader.lambda$initializeScenarios$0(ConfigurationLoader.java:138)
	at java.util.stream.ReferencePipeline$3$1.accept(ReferencePipeline.java:193)
	at java.util.ArrayList$ArrayListSpliterator.forEachRemaining(ArrayList.java:1384)
	at java.util.stream.AbstractPipeline.copyInto(AbstractPipeline.java:482)
	at java.util.stream.AbstractPipeline.wrapAndCopyInto(AbstractPipeline.java:472)
	at java.util.stream.ReduceOps$ReduceOp.evaluateSequential(ReduceOps.java:708)
	at java.util.stream.AbstractPipeline.evaluate(AbstractPipeline.java:234)
	at java.util.stream.ReferencePipeline.collect(ReferencePipeline.java:566)
	at de.kosit.validationtool.config.ConfigurationLoader.initializeScenarios(ConfigurationLoader.java:138)
	at de.kosit.validationtool.config.ConfigurationLoader.build(ConfigurationLoader.java:124)
	at de.kosit.validationtool.cmd.CommandLineApplication.processActions(CommandLineApplication.java:215)
	at de.kosit.validationtool.cmd.CommandLineApplication.mainProgram(CommandLineApplication.java:141)
	at de.kosit.validationtool.cmd.CommandlineApplicationTest.testIncorrectRepository(CommandlineApplicationTest.java:107)
	at sun.reflect.NativeMethodAccessorImpl.invoke0(Native Method)
	at sun.reflect.NativeMethodAccessorImpl.invoke(NativeMethodAccessorImpl.java:62)
	at sun.reflect.DelegatingMethodAccessorImpl.invoke(DelegatingMethodAccessorImpl.java:43)
	at java.lang.reflect.Method.invoke(Method.java:498)
	at org.junit.runners.model.FrameworkMethod$1.runReflectiveCall(FrameworkMethod.java:50)
	at org.junit.internal.runners.model.ReflectiveCallable.run(ReflectiveCallable.java:12)
	at org.junit.runners.model.FrameworkMethod.invokeExplosively(FrameworkMethod.java:47)
	at org.junit.internal.runners.statements.InvokeMethod.evaluate(InvokeMethod.java:17)
	at org.junit.internal.runners.statements.RunBefores.evaluate(RunBefores.java:26)
	at org.junit.internal.runners.statements.RunAfters.evaluate(RunAfters.java:27)
	at org.junit.runners.ParentRunner.runLeaf(ParentRunner.java:325)
	at org.junit.runners.BlockJUnit4ClassRunner.runChild(BlockJUnit4ClassRunner.java:78)
	at org.junit.runners.BlockJUnit4ClassRunner.runChild(BlockJUnit4ClassRunner.java:57)
	at org.junit.runners.ParentRunner$3.run(ParentRunner.java:290)
	at org.junit.runners.ParentRunner$1.schedule(ParentRunner.java:71)
	at org.junit.runners.ParentRunner.runChildren(ParentRunner.java:288)
	at org.junit.runners.ParentRunner.access$000(ParentRunner.java:58)
	at org.junit.runners.ParentRunner$2.evaluate(ParentRunner.java:268)
	at org.junit.runners.ParentRunner.run(ParentRunner.java:363)
	at org.apache.maven.surefire.junit4.JUnit4Provider.execute(JUnit4Provider.java:367)
	at org.apache.maven.surefire.junit4.JUnit4Provider.executeWithRerun(JUnit4Provider.java:274)
	at org.apache.maven.surefire.junit4.JUnit4Provider.executeTestSet(JUnit4Provider.java:238)
	at org.apache.maven.surefire.junit4.JUnit4Provider.invoke(JUnit4Provider.java:161)
	at org.apache.maven.surefire.booter.ForkedBooter.invokeProviderInSameClassLoader(ForkedBooter.java:290)
	at org.apache.maven.surefire.booter.ForkedBooter.runSuitesInProcess(ForkedBooter.java:242)
	at org.apache.maven.surefire.booter.ForkedBooter.main(ForkedBooter.java:121)
Caused by: java.io.FileNotFoundException: /tmp/tmpjoih3hz8/validator/src/test/resources/examples/simple/simple.xsd (No such file or directory)
	at java.io.FileInputStream.open0(Native Method)
	at java.io.FileInputStream.open(FileInputStream.java:195)
	at java.io.FileInputStream.<init>(FileInputStream.java:138)
	at java.io.FileInputStream.<init>(FileInputStream.java:93)
	at sun.net.www.protocol.file.FileURLConnection.connect(FileURLConnection.java:90)
	at sun.net.www.protocol.file.FileURLConnection.getInputStream(FileURLConnection.java:188)
	at java.net.URL.openStream(URL.java:1068)
	at de.kosit.validationtool.impl.xml.RelativeUriResolver.resolve(RelativeUriResolver.java:54)
	... 51 more
---------
java.io.FileNotFoundException: /tmp/tmpjoih3hz8/validator/src/test/resources/examples/simple/simple.xsd (No such file or directory)
	at java.io.FileInputStream.open0(Native Method)
	at java.io.FileInputStream.open(FileInputStream.java:195)
	at java.io.FileInputStream.<init>(FileInputStream.java:138)
	at java.io.FileInputStream.<init>(FileInputStream.java:93)
	at sun.net.www.protocol.file.FileURLConnection.connect(FileURLConnection.java:90)
	at sun.net.www.protocol.file.FileURLConnection.getInputStream(FileURLConnection.java:188)
	at java.net.URL.openStream(URL.java:1068)
	at de.kosit.validationtool.impl.xml.RelativeUriResolver.resolve(RelativeUriResolver.java:54)
	at de.kosit.validationtool.impl.ContentRepository.resolveInRepository(ContentRepository.java:226)
	at de.kosit.validationtool.impl.ContentRepository.lambda$createSchema$2(ContentRepository.java:200)
	at java.util.stream.ReferencePipeline$3$1.accept(ReferencePipeline.java:193)
	at java.util.ArrayList$ArrayListSpliterator.forEachRemaining(ArrayList.java:1384)
	at java.util.stream.AbstractPipeline.copyInto(AbstractPipeline.java:482)
	at java.util.stream.AbstractPipeline.wrapAndCopyInto(AbstractPipeline.java:472)
	at java.util.stream.AbstractPipeline.evaluate(AbstractPipeline.java:546)
	at java.util.stream.AbstractPipeline.evaluateToArrayNode(AbstractPipeline.java:260)
	at java.util.stream.ReferencePipeline.toArray(ReferencePipeline.java:505)
	at de.kosit.validationtool.impl.ContentRepository.createSchema(ContentRepository.java:200)
	at de.kosit.validationtool.impl.ContentRepository.createSchema(ContentRepository.java:213)
	at de.kosit.validationtool.config.ConfigurationLoader.initialize(ConfigurationLoader.java:169)
	at de.kosit.validationtool.config.ConfigurationLoader.lambda$initializeScenarios$0(ConfigurationLoader.java:138)
	at java.util.stream.ReferencePipeline$3$1.accept(ReferencePipeline.java:193)
	at java.util.ArrayList$ArrayListSpliterator.forEachRemaining(ArrayList.java:1384)
	at java.util.stream.AbstractPipeline.copyInto(AbstractPipeline.java:482)
	at java.util.stream.AbstractPipeline.wrapAndCopyInto(AbstractPipeline.java:472)
	at java.util.stream.ReduceOps$ReduceOp.evaluateSequential(ReduceOps.java:708)
	at java.util.stream.AbstractPipeline.evaluate(AbstractPipeline.java:234)
	at java.util.stream.ReferencePipeline.collect(ReferencePipeline.java:566)
	at de.kosit.validationtool.config.ConfigurationLoader.initializeScenarios(ConfigurationLoader.java:138)
	at de.kosit.validationtool.config.ConfigurationLoader.build(ConfigurationLoader.java:124)
	at de.kosit.validationtool.cmd.CommandLineApplication.processActions(CommandLineApplication.java:215)
	at de.kosit.validationtool.cmd.CommandLineApplication.mainProgram(CommandLineApplication.java:141)
	at de.kosit.validationtool.cmd.CommandlineApplicationTest.testIncorrectRepository(CommandlineApplicationTest.java:107)
	at sun.reflect.NativeMethodAccessorImpl.invoke0(Native Method)
	at sun.reflect.NativeMethodAccessorImpl.invoke(NativeMethodAccessorImpl.java:62)
	at sun.reflect.DelegatingMethodAccessorImpl.invoke(DelegatingMethodAccessorImpl.java:43)
	at java.lang.reflect.Method.invoke(Method.java:498)
	at org.junit.runners.model.FrameworkMethod$1.runReflectiveCall(FrameworkMethod.java:50)
	at org.junit.internal.runners.model.ReflectiveCallable.run(ReflectiveCallable.java:12)
	at org.junit.runners.model.FrameworkMethod.invokeExplosively(FrameworkMethod.java:47)
	at org.junit.internal.runners.statements.InvokeMethod.evaluate(InvokeMethod.java:17)
	at org.junit.internal.runners.statements.RunBefores.evaluate(RunBefores.java:26)
	at org.junit.internal.runners.statements.RunAfters.evaluate(RunAfters.java:27)
	at org.junit.runners.ParentRunner.runLeaf(ParentRunner.java:325)
	at org.junit.runners.BlockJUnit4ClassRunner.runChild(BlockJUnit4ClassRunner.java:78)
	at org.junit.runners.BlockJUnit4ClassRunner.runChild(BlockJUnit4ClassRunner.java:57)
	at org.junit.runners.ParentRunner$3.run(ParentRunner.java:290)
	at org.junit.runners.ParentRunner$1.schedule(ParentRunner.java:71)
	at org.junit.runners.ParentRunner.runChildren(ParentRunner.java:288)
	at org.junit.runners.ParentRunner.access$000(ParentRunner.java:58)
	at org.junit.runners.ParentRunner$2.evaluate(ParentRunner.java:268)
	at org.junit.runners.ParentRunner.run(ParentRunner.java:363)
	at org.apache.maven.surefire.junit4.JUnit4Provider.execute(JUnit4Provider.java:367)
	at org.apache.maven.surefire.junit4.JUnit4Provider.executeWithRerun(JUnit4Provider.java:274)
	at org.apache.maven.surefire.junit4.JUnit4Provider.executeTestSet(JUnit4Provider.java:238)
	at org.apache.maven.surefire.junit4.JUnit4Provider.invoke(JUnit4Provider.java:161)
	at org.apache.maven.surefire.booter.ForkedBooter.invokeProviderInSameClassLoader(ForkedBooter.java:290)
	at org.apache.maven.surefire.booter.ForkedBooter.runSuitesInProcess(ForkedBooter.java:242)
	at org.apache.maven.surefire.booter.ForkedBooter.main(ForkedBooter.java:121)
java.lang.IllegalStateException: Can not resolve simple.xsd in repository file:/tmp/tmpjoih3hz8/validator/src/test/resources/examples/simple/
	at de.kosit.validationtool.impl.ContentRepository.resolveInRepository(ContentRepository.java:229)
	at de.kosit.validationtool.impl.ContentRepository.lambda$createSchema$2(ContentRepository.java:200)
	at java.util.stream.ReferencePipeline$3$1.accept(ReferencePipeline.java:193)
	at java.util.ArrayList$ArrayListSpliterator.forEachRemaining(ArrayList.java:1384)
	at java.util.stream.AbstractPipeline.copyInto(AbstractPipeline.java:482)
	at java.util.stream.AbstractPipeline.wrapAndCopyInto(AbstractPipeline.java:472)
	at java.util.stream.AbstractPipeline.evaluate(AbstractPipeline.java:546)
	at java.util.stream.AbstractPipeline.evaluateToArrayNode(AbstractPipeline.java:260)
	at java.util.stream.ReferencePipeline.toArray(ReferencePipeline.java:505)
	at de.kosit.validationtool.impl.ContentRepository.createSchema(ContentRepository.java:200)
	at de.kosit.validationtool.impl.ContentRepository.createSchema(ContentRepository.java:213)
	at de.kosit.validationtool.config.ConfigurationLoader.initialize(ConfigurationLoader.java:169)
	at de.kosit.validationtool.config.ConfigurationLoader.lambda$initializeScenarios$0(ConfigurationLoader.java:138)
	at java.util.stream.ReferencePipeline$3$1.accept(ReferencePipeline.java:193)
	at java.util.ArrayList$ArrayListSpliterator.forEachRemaining(ArrayList.java:1384)
	at java.util.stream.AbstractPipeline.copyInto(AbstractPipeline.java:482)
	at java.util.stream.AbstractPipeline.wrapAndCopyInto(AbstractPipeline.java:472)
	at java.util.stream.ReduceOps$ReduceOp.evaluateSequential(ReduceOps.java:708)
	at java.util.stream.AbstractPipeline.evaluate(AbstractPipeline.java:234)
	at java.util.stream.ReferencePipeline.collect(ReferencePipeline.java:566)
	at de.kosit.validationtool.config.ConfigurationLoader.initializeScenarios(ConfigurationLoader.java:138)
	at de.kosit.validationtool.config.ConfigurationLoader.build(ConfigurationLoader.java:124)
	at de.kosit.validationtool.cmd.CommandLineApplication.processActions(CommandLineApplication.java:215)
	at de.kosit.validationtool.cmd.CommandLineApplication.mainProgram(CommandLineApplication.java:141)
	at de.kosit.validationtool.cmd.CommandlineApplicationTest.testIncorrectRepository(CommandlineApplicationTest.java:107)
	at sun.reflect.NativeMethodAccessorImpl.invoke0(Native Method)
	at sun.reflect.NativeMethodAccessorImpl.invoke(NativeMethodAccessorImpl.java:62)
	at sun.reflect.DelegatingMethodAccessorImpl.invoke(DelegatingMethodAccessorImpl.java:43)
	at java.lang.reflect.Method.invoke(Method.java:498)
	at org.junit.runners.model.FrameworkMethod$1.runReflectiveCall(FrameworkMethod.java:50)
	at org.junit.internal.runners.model.ReflectiveCallable.run(ReflectiveCallable.java:12)
	at org.junit.runners.model.FrameworkMethod.invokeExplosively(FrameworkMethod.java:47)
	at org.junit.internal.runners.statements.InvokeMethod.evaluate(InvokeMethod.java:17)
	at org.junit.internal.runners.statements.RunBefores.evaluate(RunBefores.java:26)
	at org.junit.internal.runners.statements.RunAfters.evaluate(RunAfters.java:27)
	at org.junit.runners.ParentRunner.runLeaf(ParentRunner.java:325)
	at org.junit.runners.BlockJUnit4ClassRunner.runChild(BlockJUnit4ClassRunner.java:78)
	at org.junit.runners.BlockJUnit4ClassRunner.runChild(BlockJUnit4ClassRunner.java:57)
	at org.junit.runners.ParentRunner$3.run(ParentRunner.java:290)
	at org.junit.runners.ParentRunner$1.schedule(ParentRunner.java:71)
	at org.junit.runners.ParentRunner.runChildren(ParentRunner.java:288)
	at org.junit.runners.ParentRunner.access$000(ParentRunner.java:58)
	at org.junit.runners.ParentRunner$2.evaluate(ParentRunner.java:268)
	at org.junit.runners.ParentRunner.run(ParentRunner.java:363)
	at org.apache.maven.surefire.junit4.JUnit4Provider.execute(JUnit4Provider.java:367)
	at org.apache.maven.surefire.junit4.JUnit4Provider.executeWithRerun(JUnit4Provider.java:274)
	at org.apache.maven.surefire.junit4.JUnit4Provider.executeTestSet(JUnit4Provider.java:238)
	at org.apache.maven.surefire.junit4.JUnit4Provider.invoke(JUnit4Provider.java:161)
	at org.apache.maven.surefire.booter.ForkedBooter.invokeProviderInSameClassLoader(ForkedBooter.java:290)
	at org.apache.maven.surefire.booter.ForkedBooter.runSuitesInProcess(ForkedBooter.java:242)
	at org.apache.maven.surefire.booter.ForkedBooter.main(ForkedBooter.java:121)
Caused by: javax.xml.transform.TransformerException: Can not resolve required  simple.xsd
	at de.kosit.validationtool.impl.xml.RelativeUriResolver.resolve(RelativeUriResolver.java:57)
	at de.kosit.validationtool.impl.ContentRepository.resolveInRepository(ContentRepository.java:226)
	... 50 more
Caused by: java.io.FileNotFoundException: /tmp/tmpjoih3hz8/validator/src/test/resources/examples/simple/simple.xsd (No such file or directory)
	at java.io.FileInputStream.open0(Native Method)
	at java.io.FileInputStream.open(FileInputStream.java:195)
	at java.io.FileInputStream.<init>(FileInputStream.java:138)
	at java.io.FileInputStream.<init>(FileInputStream.java:93)
	at sun.net.www.protocol.file.FileURLConnection.connect(FileURLConnection.java:90)
	at sun.net.www.protocol.file.FileURLConnection.getInputStream(FileURLConnection.java:188)
	at java.net.URL.openStream(URL.java:1068)
	at de.kosit.validationtool.impl.xml.RelativeUriResolver.resolve(RelativeUriResolver.java:54)
	... 51 more
2020-07-30 20:22:58 [ERROR] Can not resolve simple.xsd in repository file:/tmp/tmpjoih3hz8/validator/src/test/resources/examples/simple/
java.lang.IllegalArgumentException: Not a valid path for scenario definition specified: '/tmp/tmpjoih3hz8/validator/src/test/resources/examples/doesnotexist'
	at de.kosit.validationtool.cmd.CommandLineApplication.determineDefinition(CommandLineApplication.java:340)
	at de.kosit.validationtool.cmd.CommandLineApplication.processActions(CommandLineApplication.java:215)
	at de.kosit.validationtool.cmd.CommandLineApplication.mainProgram(CommandLineApplication.java:141)
	at de.kosit.validationtool.cmd.CommandlineApplicationTest.testNotExistingScenarioFile(CommandlineApplicationTest.java:99)
	at sun.reflect.NativeMethodAccessorImpl.invoke0(Native Method)
	at sun.reflect.NativeMethodAccessorImpl.invoke(NativeMethodAccessorImpl.java:62)
	at sun.reflect.DelegatingMethodAccessorImpl.invoke(DelegatingMethodAccessorImpl.java:43)
	at java.lang.reflect.Method.invoke(Method.java:498)
	at org.junit.runners.model.FrameworkMethod$1.runReflectiveCall(FrameworkMethod.java:50)
	at org.junit.internal.runners.model.ReflectiveCallable.run(ReflectiveCallable.java:12)
	at org.junit.runners.model.FrameworkMethod.invokeExplosively(FrameworkMethod.java:47)
	at org.junit.internal.runners.statements.InvokeMethod.evaluate(InvokeMethod.java:17)
	at org.junit.internal.runners.statements.RunBefores.evaluate(RunBefores.java:26)
	at org.junit.internal.runners.statements.RunAfters.evaluate(RunAfters.java:27)
	at org.junit.runners.ParentRunner.runLeaf(ParentRunner.java:325)
	at org.junit.runners.BlockJUnit4ClassRunner.runChild(BlockJUnit4ClassRunner.java:78)
	at org.junit.runners.BlockJUnit4ClassRunner.runChild(BlockJUnit4ClassRunner.java:57)
	at org.junit.runners.ParentRunner$3.run(ParentRunner.java:290)
	at org.junit.runners.ParentRunner$1.schedule(ParentRunner.java:71)
	at org.junit.runners.ParentRunner.runChildren(ParentRunner.java:288)
	at org.junit.runners.ParentRunner.access$000(ParentRunner.java:58)
	at org.junit.runners.ParentRunner$2.evaluate(ParentRunner.java:268)
	at org.junit.runners.ParentRunner.run(ParentRunner.java:363)
	at org.apache.maven.surefire.junit4.JUnit4Provider.execute(JUnit4Provider.java:367)
	at org.apache.maven.surefire.junit4.JUnit4Provider.executeWithRerun(JUnit4Provider.java:274)
	at org.apache.maven.surefire.junit4.JUnit4Provider.executeTestSet(JUnit4Provider.java:238)
	at org.apache.maven.surefire.junit4.JUnit4Provider.invoke(JUnit4Provider.java:161)
	at org.apache.maven.surefire.booter.ForkedBooter.invokeProviderInSameClassLoader(ForkedBooter.java:290)
	at org.apache.maven.surefire.booter.ForkedBooter.runSuitesInProcess(ForkedBooter.java:242)
	at org.apache.maven.surefire.booter.ForkedBooter.main(ForkedBooter.java:121)
2020-07-30 20:22:58 [ERROR] Not a valid path for scenario definition specified: '/tmp/tmpjoih3hz8/validator/src/test/resources/examples/doesnotexist'
Tests run: 15, Failures: 0, Errors: 0, Skipped: 0, Time elapsed: 1.015 sec - in de.kosit.validationtool.cmd.CommandlineApplicationTest
Running de.kosit.validationtool.api.InputFactoryTest
2020-07-30 20:22:58 [WARN] No hashcode supplied, will wrap the reader using system default charset
2020-07-30 20:22:58 [ERROR] Error checking consumed state
java.io.IOException: Stream closed
	at sun.nio.cs.StreamDecoder.ensureOpen(StreamDecoder.java:46)
	at sun.nio.cs.StreamDecoder.ready(StreamDecoder.java:184)
	at java.io.InputStreamReader.ready(InputStreamReader.java:195)
	at de.kosit.validationtool.impl.input.SourceInput.isConsumed(SourceInput.java:84)
	at de.kosit.validationtool.impl.input.SourceInput.getSource(SourceInput.java:68)
	at de.kosit.validationtool.api.InputFactoryTest.testSourceInputReader(InputFactoryTest.java:171)
	at sun.reflect.NativeMethodAccessorImpl.invoke0(Native Method)
	at sun.reflect.NativeMethodAccessorImpl.invoke(NativeMethodAccessorImpl.java:62)
	at sun.reflect.DelegatingMethodAccessorImpl.invoke(DelegatingMethodAccessorImpl.java:43)
	at java.lang.reflect.Method.invoke(Method.java:498)
	at org.junit.runners.model.FrameworkMethod$1.runReflectiveCall(FrameworkMethod.java:50)
	at org.junit.internal.runners.model.ReflectiveCallable.run(ReflectiveCallable.java:12)
	at org.junit.runners.model.FrameworkMethod.invokeExplosively(FrameworkMethod.java:47)
	at org.junit.internal.runners.statements.InvokeMethod.evaluate(InvokeMethod.java:17)
	at org.junit.rules.ExpectedException$ExpectedExceptionStatement.evaluate(ExpectedException.java:239)
	at org.junit.rules.RunRules.evaluate(RunRules.java:20)
	at org.junit.runners.ParentRunner.runLeaf(ParentRunner.java:325)
	at org.junit.runners.BlockJUnit4ClassRunner.runChild(BlockJUnit4ClassRunner.java:78)
	at org.junit.runners.BlockJUnit4ClassRunner.runChild(BlockJUnit4ClassRunner.java:57)
	at org.junit.runners.ParentRunner$3.run(ParentRunner.java:290)
	at org.junit.runners.ParentRunner$1.schedule(ParentRunner.java:71)
	at org.junit.runners.ParentRunner.runChildren(ParentRunner.java:288)
	at org.junit.runners.ParentRunner.access$000(ParentRunner.java:58)
	at org.junit.runners.ParentRunner$2.evaluate(ParentRunner.java:268)
	at org.junit.runners.ParentRunner.run(ParentRunner.java:363)
	at org.apache.maven.surefire.junit4.JUnit4Provider.execute(JUnit4Provider.java:367)
	at org.apache.maven.surefire.junit4.JUnit4Provider.executeWithRerun(JUnit4Provider.java:274)
	at org.apache.maven.surefire.junit4.JUnit4Provider.executeTestSet(JUnit4Provider.java:238)
	at org.apache.maven.surefire.junit4.JUnit4Provider.invoke(JUnit4Provider.java:161)
	at org.apache.maven.surefire.booter.ForkedBooter.invokeProviderInSameClassLoader(ForkedBooter.java:290)
	at org.apache.maven.surefire.booter.ForkedBooter.runSuitesInProcess(ForkedBooter.java:242)
	at org.apache.maven.surefire.booter.ForkedBooter.main(ForkedBooter.java:121)
2020-07-30 20:22:58 [ERROR] Error checking consumed state
java.io.IOException: Stream closed
	at java.io.BufferedInputStream.getInIfOpen(BufferedInputStream.java:159)
	at java.io.BufferedInputStream.available(BufferedInputStream.java:410)
	at de.kosit.validationtool.impl.input.SourceInput.isConsumed(SourceInput.java:83)
	at de.kosit.validationtool.impl.input.SourceInput.getSource(SourceInput.java:68)
	at de.kosit.validationtool.api.InputFactoryTest.testSourceInput(InputFactoryTest.java:157)
	at sun.reflect.NativeMethodAccessorImpl.invoke0(Native Method)
	at sun.reflect.NativeMethodAccessorImpl.invoke(NativeMethodAccessorImpl.java:62)
	at sun.reflect.DelegatingMethodAccessorImpl.invoke(DelegatingMethodAccessorImpl.java:43)
	at java.lang.reflect.Method.invoke(Method.java:498)
	at org.junit.runners.model.FrameworkMethod$1.runReflectiveCall(FrameworkMethod.java:50)
	at org.junit.internal.runners.model.ReflectiveCallable.run(ReflectiveCallable.java:12)
	at org.junit.runners.model.FrameworkMethod.invokeExplosively(FrameworkMethod.java:47)
	at org.junit.internal.runners.statements.InvokeMethod.evaluate(InvokeMethod.java:17)
	at org.junit.rules.ExpectedException$ExpectedExceptionStatement.evaluate(ExpectedException.java:239)
	at org.junit.rules.RunRules.evaluate(RunRules.java:20)
	at org.junit.runners.ParentRunner.runLeaf(ParentRunner.java:325)
	at org.junit.runners.BlockJUnit4ClassRunner.runChild(BlockJUnit4ClassRunner.java:78)
	at org.junit.runners.BlockJUnit4ClassRunner.runChild(BlockJUnit4ClassRunner.java:57)
	at org.junit.runners.ParentRunner$3.run(ParentRunner.java:290)
	at org.junit.runners.ParentRunner$1.schedule(ParentRunner.java:71)
	at org.junit.runners.ParentRunner.runChildren(ParentRunner.java:288)
	at org.junit.runners.ParentRunner.access$000(ParentRunner.java:58)
	at org.junit.runners.ParentRunner$2.evaluate(ParentRunner.java:268)
	at org.junit.runners.ParentRunner.run(ParentRunner.java:363)
	at org.apache.maven.surefire.junit4.JUnit4Provider.execute(JUnit4Provider.java:367)
	at org.apache.maven.surefire.junit4.JUnit4Provider.executeWithRerun(JUnit4Provider.java:274)
	at org.apache.maven.surefire.junit4.JUnit4Provider.executeTestSet(JUnit4Provider.java:238)
	at org.apache.maven.surefire.junit4.JUnit4Provider.invoke(JUnit4Provider.java:161)
	at org.apache.maven.surefire.booter.ForkedBooter.invokeProviderInSameClassLoader(ForkedBooter.java:290)
	at org.apache.maven.surefire.booter.ForkedBooter.runSuitesInProcess(ForkedBooter.java:242)
	at org.apache.maven.surefire.booter.ForkedBooter.main(ForkedBooter.java:121)
Tests run: 16, Failures: 0, Errors: 0, Skipped: 0, Time elapsed: 0.014 sec - in de.kosit.validationtool.api.InputFactoryTest

Results :

Tests run: 153, Failures: 0, Errors: 0, Skipped: 0

[INFO] 
[INFO] --- jacoco-maven-plugin:0.8.5:report (report) @ validationtool ---
[INFO] Loading execution data file /tmp/tmpjoih3hz8/validator/target/jacoco.exec
[INFO] Analyzed bundle 'KoSIT XML Pr√ºftool Implementierung' with 375 classes
[INFO] ------------------------------------------------------------------------
[INFO] BUILD SUCCESS
[INFO] ------------------------------------------------------------------------
[INFO] Total time:  47.209 s
[INFO] Finished at: 2020-07-30T20:23:00Z
[INFO] ------------------------------------------------------------------------
