[INFO] Error stacktraces are turned on.
[INFO] Scanning for projects...
[INFO] 
[INFO] ---------------< com.github.bingoohuang:excel2javabeans >---------------
[INFO] Building excel to java beans 0.0.35-SNAPSHOT
[INFO] --------------------------------[ jar ]---------------------------------
[INFO] 
[INFO] --- jacoco-maven-plugin:0.8.5:prepare-agent (default) @ excel2javabeans ---
[INFO] argLine set to -javaagent:/home/jdbl/.m2/repository/org/jacoco/org.jacoco.agent/0.8.5/org.jacoco.agent-0.8.5-runtime.jar=destfile=/tmp/tmpppolj1oc/excel2javabeans/target/jacoco.exec
[INFO] 
[INFO] --- maven-resources-plugin:2.6:resources (default-resources) @ excel2javabeans ---
[INFO] Using 'UTF-8' encoding to copy filtered resources.
[INFO] skip non existing resourceDirectory /tmp/tmpppolj1oc/excel2javabeans/src/main/resources
[INFO] 
[INFO] --- maven-compiler-plugin:3.1:compile (default-compile) @ excel2javabeans ---
[INFO] Changes detected - recompiling the module!
[INFO] Compiling 45 source files to /tmp/tmpppolj1oc/excel2javabeans/target/classes
[WARNING] /tmp/tmpppolj1oc/excel2javabeans/src/main/java/com/github/bingoohuang/excel2beans/PoiUtil.java: Some input files use or override a deprecated API.
[WARNING] /tmp/tmpppolj1oc/excel2javabeans/src/main/java/com/github/bingoohuang/excel2beans/PoiUtil.java: Recompile with -Xlint:deprecation for details.
[INFO] 
[INFO] --- maven-resources-plugin:2.6:testResources (default-testResources) @ excel2javabeans ---
[INFO] Using 'UTF-8' encoding to copy filtered resources.
[INFO] Copying 25 resources
[INFO] 
[INFO] --- maven-compiler-plugin:3.1:testCompile (default-testCompile) @ excel2javabeans ---
[INFO] Changes detected - recompiling the module!
[INFO] Compiling 25 source files to /tmp/tmpppolj1oc/excel2javabeans/target/test-classes
[INFO] 
[INFO] --- maven-surefire-plugin:2.19.1:test (default-test) @ excel2javabeans ---
[INFO] Surefire report directory: /tmp/tmpppolj1oc/excel2javabeans/target/surefire-reports

-------------------------------------------------------
 T E S T S
-------------------------------------------------------
Running com.github.bingoohuang.excel2beans.ImportMemberExcelRowTest
21:01:22.606 [main] DEBUG com.github.bingoohuang.excel2beans.ExcelBeanFieldParser bean field private java.lang.StringBuilder com.github.bingoohuang.excel2beans.ImportMemberExcelRowTest$ImportMemberExcelRow.errorMessage was ignored by unsupported type class java.lang.StringBuilder
21:01:22.615 [main] DEBUG com.github.bingoohuang.excel2beans.ExcelBeanFieldParser bean field private java.util.List com.github.bingoohuang.excel2beans.ImportMemberExcelRowTest$ImportMemberExcelRow.sameMembers was ignored by unsupported type class com.github.bingoohuang.excel2beans.ImportMemberExcelRowTest$ImportMemberExcelRow
21:01:22.621 [main] DEBUG com.github.bingoohuang.excel2beans.ExcelBeanFieldParser ignore field private java.lang.String com.github.bingoohuang.excel2beans.ImportMemberExcelRowTest$ImportMemberExcelRow.memberPinyin without @ExcelColTitle
21:01:22.622 [main] DEBUG com.github.bingoohuang.excel2beans.ExcelBeanFieldParser ignore field private java.lang.String com.github.bingoohuang.excel2beans.ImportMemberExcelRowTest$ImportMemberExcelRow.memberInitials without @ExcelColTitle
21:01:22.622 [main] DEBUG com.github.bingoohuang.excel2beans.ExcelBeanFieldParser ignore field private boolean com.github.bingoohuang.excel2beans.ImportMemberExcelRowTest$ImportMemberExcelRow.checkedPass without @ExcelColTitle
21:01:22.624 [main] DEBUG com.github.bingoohuang.excel2beans.ExcelBeanFieldParser ignore field private boolean com.github.bingoohuang.excel2beans.ImportMemberExcelRowTest$ImportMemberExcelRow.sameMember without @ExcelColTitle
21:01:22.625 [main] DEBUG com.github.bingoohuang.excel2beans.ExcelBeanFieldParser ignore field private java.lang.String com.github.bingoohuang.excel2beans.ImportMemberExcelRowTest$ImportMemberExcelRow.userId without @ExcelColTitle
21:01:22.625 [main] DEBUG com.github.bingoohuang.excel2beans.ExcelBeanFieldParser ignore field private long com.github.bingoohuang.excel2beans.ImportMemberExcelRowTest$ImportMemberExcelRow.mbrCardId without @ExcelColTitle
21:01:22.627 [main] DEBUG com.github.bingoohuang.excel2beans.ExcelBeanFieldParser ignore field private java.lang.String com.github.bingoohuang.excel2beans.ImportMemberExcelRowTest$ImportMemberExcelRow.memberId without @ExcelColTitle
21:01:22.628 [main] DEBUG com.github.bingoohuang.excel2beans.ExcelBeanFieldParser ignore field private java.lang.String com.github.bingoohuang.excel2beans.ImportMemberExcelRowTest$ImportMemberExcelRow.cardId without @ExcelColTitle
21:01:22.629 [main] DEBUG com.github.bingoohuang.excel2beans.ExcelBeanFieldParser ignore field private java.lang.String com.github.bingoohuang.excel2beans.ImportMemberExcelRowTest$ImportMemberExcelRow.cardTypeId without @ExcelColTitle
21:01:22.630 [main] DEBUG com.github.bingoohuang.excel2beans.ExcelBeanFieldParser ignore field private int com.github.bingoohuang.excel2beans.ImportMemberExcelRowTest$ImportMemberExcelRow.expiredValue without @ExcelColTitle
21:01:22.630 [main] DEBUG com.github.bingoohuang.excel2beans.ExcelBeanFieldParser ignore field private java.lang.String com.github.bingoohuang.excel2beans.ImportMemberExcelRowTest$ImportMemberExcelRow.expiredUnit without @ExcelColTitle
21:01:22.631 [main] DEBUG com.github.bingoohuang.excel2beans.ExcelBeanFieldParser ignore field private int com.github.bingoohuang.excel2beans.ImportMemberExcelRowTest$ImportMemberExcelRow.cycleValue without @ExcelColTitle
21:01:22.632 [main] DEBUG com.github.bingoohuang.excel2beans.ExcelBeanFieldParser ignore field private java.lang.String com.github.bingoohuang.excel2beans.ImportMemberExcelRowTest$ImportMemberExcelRow.cycleUnit without @ExcelColTitle
21:01:22.633 [main] DEBUG com.github.bingoohuang.excel2beans.ExcelBeanFieldParser ignore field private java.lang.String com.github.bingoohuang.excel2beans.ImportMemberExcelRowTest$ImportMemberExcelRow.state without @ExcelColTitle
java.lang.instrument.IllegalClassFormatException: Error while instrumenting com/github/bingoohuang/excel2beans/ImportMemberExcelRowTest$ImportMemberExcelRowMethodAccess.
	at org.jacoco.agent.rt.internal_43f5073.CoverageTransformer.transform(CoverageTransformer.java:94)
	at sun.instrument.TransformerManager.transform(TransformerManager.java:188)
	at sun.instrument.InstrumentationImpl.transform(InstrumentationImpl.java:428)
	at java.lang.ClassLoader.defineClass1(Native Method)
	at java.lang.ClassLoader.defineClass(ClassLoader.java:756)
	at sun.reflect.NativeMethodAccessorImpl.invoke0(Native Method)
	at sun.reflect.NativeMethodAccessorImpl.invoke(NativeMethodAccessorImpl.java:62)
	at sun.reflect.DelegatingMethodAccessorImpl.invoke(DelegatingMethodAccessorImpl.java:43)
	at java.lang.reflect.Method.invoke(Method.java:498)
	at com.esotericsoftware.reflectasm.AccessClassLoader.defineClass(AccessClassLoader.java:73)
	at com.esotericsoftware.reflectasm.AccessClassLoader.defineAccessClass(AccessClassLoader.java:57)
	at com.esotericsoftware.reflectasm.MethodAccess.get(MethodAccess.java:276)
	at com.github.bingoohuang.excel2beans.ReflectAsmCache$1.load(ReflectAsmCache.java:19)
	at com.github.bingoohuang.excel2beans.ReflectAsmCache$1.load(ReflectAsmCache.java:17)
	at com.google.common.cache.LocalCache$LoadingValueReference.loadFuture(LocalCache.java:3529)
	at com.google.common.cache.LocalCache$Segment.loadSync(LocalCache.java:2278)
	at com.google.common.cache.LocalCache$Segment.lockedGetOrLoad(LocalCache.java:2155)
	at com.google.common.cache.LocalCache$Segment.get(LocalCache.java:2045)
	at com.google.common.cache.LocalCache.get(LocalCache.java:3951)
	at com.google.common.cache.LocalCache.getOrLoad(LocalCache.java:3974)
	at com.google.common.cache.LocalCache$LocalLoadingCache.get(LocalCache.java:4958)
	at com.google.common.cache.LocalCache$LocalLoadingCache.getUnchecked(LocalCache.java:4964)
	at com.github.bingoohuang.excel2beans.ReflectAsmCache.setFieldValue(ReflectAsmCache.java:33)
	at com.github.bingoohuang.excel2beans.ExcelBeanField.setFieldValue(ExcelBeanField.java:56)
	at com.github.bingoohuang.excel2beans.RowObjectCreator.processRow(RowObjectCreator.java:65)
	at com.github.bingoohuang.excel2beans.RowObjectCreator.createObject(RowObjectCreator.java:49)
	at com.github.bingoohuang.excel2beans.ExcelSheetToBeans.convert(ExcelSheetToBeans.java:60)
	at com.github.bingoohuang.excel2beans.ExcelToBeans.convert(ExcelToBeans.java:36)
	at com.github.bingoohuang.excel2beans.ImportMemberExcelRowTest.test(ImportMemberExcelRowTest.java:18)
	at sun.reflect.NativeMethodAccessorImpl.invoke0(Native Method)
	at sun.reflect.NativeMethodAccessorImpl.invoke(NativeMethodAccessorImpl.java:62)
	at sun.reflect.DelegatingMethodAccessorImpl.invoke(DelegatingMethodAccessorImpl.java:43)
	at java.lang.reflect.Method.invoke(Method.java:498)
	at org.junit.runners.model.FrameworkMethod$1.runReflectiveCall(FrameworkMethod.java:50)
	at org.junit.internal.runners.model.ReflectiveCallable.run(ReflectiveCallable.java:12)
	at org.junit.runners.model.FrameworkMethod.invokeExplosively(FrameworkMethod.java:47)
	at org.junit.internal.runners.statements.InvokeMethod.evaluate(InvokeMethod.java:17)
	at org.junit.runners.ParentRunner.runLeaf(ParentRunner.java:325)
	at org.junit.runners.BlockJUnit4ClassRunner.runChild(BlockJUnit4ClassRunner.java:78)
	at org.junit.runners.BlockJUnit4ClassRunner.runChild(BlockJUnit4ClassRunner.java:57)
	at org.junit.runners.ParentRunner$3.run(ParentRunner.java:290)
	at org.junit.runners.ParentRunner$1.schedule(ParentRunner.java:71)
	at org.junit.runners.ParentRunner.runChildren(ParentRunner.java:288)
	at org.junit.runners.ParentRunner.access$000(ParentRunner.java:58)
	at org.junit.runners.ParentRunner$2.evaluate(ParentRunner.java:268)
	at org.junit.runners.ParentRunner.run(ParentRunner.java:363)
	at org.apache.maven.surefire.junit4.JUnit4Provider.execute(JUnit4Provider.java:367)
	at org.apache.maven.surefire.junit4.JUnit4Provider.executeWithRerun(JUnit4Provider.java:274)
	at org.apache.maven.surefire.junit4.JUnit4Provider.executeTestSet(JUnit4Provider.java:238)
	at org.apache.maven.surefire.junit4.JUnit4Provider.invoke(JUnit4Provider.java:161)
	at org.apache.maven.surefire.booter.ForkedBooter.invokeProviderInSameClassLoader(ForkedBooter.java:290)
	at org.apache.maven.surefire.booter.ForkedBooter.runSuitesInProcess(ForkedBooter.java:242)
	at org.apache.maven.surefire.booter.ForkedBooter.main(ForkedBooter.java:121)
Caused by: java.io.IOException: Error while instrumenting com/github/bingoohuang/excel2beans/ImportMemberExcelRowTest$ImportMemberExcelRowMethodAccess.
	at org.jacoco.agent.rt.internal_43f5073.core.instr.Instrumenter.instrumentError(Instrumenter.java:159)
	at org.jacoco.agent.rt.internal_43f5073.core.instr.Instrumenter.instrument(Instrumenter.java:109)
	at org.jacoco.agent.rt.internal_43f5073.CoverageTransformer.transform(CoverageTransformer.java:92)
	... 52 more
Caused by: java.lang.IllegalArgumentException
	at org.jacoco.agent.rt.internal_43f5073.asm.ClassReader.readVerificationTypeInfo(ClassReader.java:3178)
	at org.jacoco.agent.rt.internal_43f5073.asm.ClassReader.readStackMapFrame(ClassReader.java:3105)
	at org.jacoco.agent.rt.internal_43f5073.asm.ClassReader.readCode(ClassReader.java:1855)
	at org.jacoco.agent.rt.internal_43f5073.asm.ClassReader.readMethod(ClassReader.java:1284)
	at org.jacoco.agent.rt.internal_43f5073.asm.ClassReader.accept(ClassReader.java:688)
	at org.jacoco.agent.rt.internal_43f5073.asm.ClassReader.accept(ClassReader.java:400)
	at org.jacoco.agent.rt.internal_43f5073.core.instr.Instrumenter.instrument(Instrumenter.java:89)
	at org.jacoco.agent.rt.internal_43f5073.core.instr.Instrumenter.instrument(Instrumenter.java:107)
	... 53 more
Tests run: 1, Failures: 0, Errors: 0, Skipped: 0, Time elapsed: 4.112 sec - in com.github.bingoohuang.excel2beans.ImportMemberExcelRowTest
Running com.github.bingoohuang.excel2beans.MemberImportBeanTest
21:01:23.415 [main] DEBUG com.github.bingoohuang.excel2beans.ExcelBeanFieldParser ignore field private java.lang.String com.github.bingoohuang.excel2beans.MemberImportBeanTest$MemberImportBean.error without @ExcelColTitle
java.lang.instrument.IllegalClassFormatException: Error while instrumenting com/github/bingoohuang/excel2beans/MemberImportBeanTest$MemberImportBeanMethodAccess.
	at org.jacoco.agent.rt.internal_43f5073.CoverageTransformer.transform(CoverageTransformer.java:94)
	at sun.instrument.TransformerManager.transform(TransformerManager.java:188)
	at sun.instrument.InstrumentationImpl.transform(InstrumentationImpl.java:428)
	at java.lang.ClassLoader.defineClass1(Native Method)
	at java.lang.ClassLoader.defineClass(ClassLoader.java:756)
	at sun.reflect.NativeMethodAccessorImpl.invoke0(Native Method)
	at sun.reflect.NativeMethodAccessorImpl.invoke(NativeMethodAccessorImpl.java:62)
	at sun.reflect.DelegatingMethodAccessorImpl.invoke(DelegatingMethodAccessorImpl.java:43)
	at java.lang.reflect.Method.invoke(Method.java:498)
	at com.esotericsoftware.reflectasm.AccessClassLoader.defineClass(AccessClassLoader.java:73)
	at com.esotericsoftware.reflectasm.AccessClassLoader.defineAccessClass(AccessClassLoader.java:57)
	at com.esotericsoftware.reflectasm.MethodAccess.get(MethodAccess.java:276)
	at com.github.bingoohuang.excel2beans.ReflectAsmCache$1.load(ReflectAsmCache.java:19)
	at com.github.bingoohuang.excel2beans.ReflectAsmCache$1.load(ReflectAsmCache.java:17)
	at com.google.common.cache.LocalCache$LoadingValueReference.loadFuture(LocalCache.java:3529)
	at com.google.common.cache.LocalCache$Segment.loadSync(LocalCache.java:2278)
	at com.google.common.cache.LocalCache$Segment.lockedGetOrLoad(LocalCache.java:2155)
	at com.google.common.cache.LocalCache$Segment.get(LocalCache.java:2045)
	at com.google.common.cache.LocalCache.get(LocalCache.java:3951)
	at com.google.common.cache.LocalCache.getOrLoad(LocalCache.java:3974)
	at com.google.common.cache.LocalCache$LocalLoadingCache.get(LocalCache.java:4958)
	at com.google.common.cache.LocalCache$LocalLoadingCache.getUnchecked(LocalCache.java:4964)
	at com.github.bingoohuang.excel2beans.ReflectAsmCache.setFieldValue(ReflectAsmCache.java:33)
	at com.github.bingoohuang.excel2beans.ExcelBeanField.setFieldValue(ExcelBeanField.java:56)
	at com.github.bingoohuang.excel2beans.RowObjectCreator.processRow(RowObjectCreator.java:65)
	at com.github.bingoohuang.excel2beans.RowObjectCreator.createObject(RowObjectCreator.java:49)
	at com.github.bingoohuang.excel2beans.ExcelSheetToBeans.convert(ExcelSheetToBeans.java:60)
	at com.github.bingoohuang.excel2beans.ExcelToBeans.convert(ExcelToBeans.java:36)
	at com.github.bingoohuang.excel2beans.MemberImportBeanTest.testWithoutBlankHeadRowsAndCols(MemberImportBeanTest.java:16)
	at sun.reflect.NativeMethodAccessorImpl.invoke0(Native Method)
	at sun.reflect.NativeMethodAccessorImpl.invoke(NativeMethodAccessorImpl.java:62)
	at sun.reflect.DelegatingMethodAccessorImpl.invoke(DelegatingMethodAccessorImpl.java:43)
	at java.lang.reflect.Method.invoke(Method.java:498)
	at org.junit.runners.model.FrameworkMethod$1.runReflectiveCall(FrameworkMethod.java:50)
	at org.junit.internal.runners.model.ReflectiveCallable.run(ReflectiveCallable.java:12)
	at org.junit.runners.model.FrameworkMethod.invokeExplosively(FrameworkMethod.java:47)
	at org.junit.internal.runners.statements.InvokeMethod.evaluate(InvokeMethod.java:17)
	at org.junit.runners.ParentRunner.runLeaf(ParentRunner.java:325)
	at org.junit.runners.BlockJUnit4ClassRunner.runChild(BlockJUnit4ClassRunner.java:78)
	at org.junit.runners.BlockJUnit4ClassRunner.runChild(BlockJUnit4ClassRunner.java:57)
	at org.junit.runners.ParentRunner$3.run(ParentRunner.java:290)
	at org.junit.runners.ParentRunner$1.schedule(ParentRunner.java:71)
	at org.junit.runners.ParentRunner.runChildren(ParentRunner.java:288)
	at org.junit.runners.ParentRunner.access$000(ParentRunner.java:58)
	at org.junit.runners.ParentRunner$2.evaluate(ParentRunner.java:268)
	at org.junit.runners.ParentRunner.run(ParentRunner.java:363)
	at org.apache.maven.surefire.junit4.JUnit4Provider.execute(JUnit4Provider.java:367)
	at org.apache.maven.surefire.junit4.JUnit4Provider.executeWithRerun(JUnit4Provider.java:274)
	at org.apache.maven.surefire.junit4.JUnit4Provider.executeTestSet(JUnit4Provider.java:238)
	at org.apache.maven.surefire.junit4.JUnit4Provider.invoke(JUnit4Provider.java:161)
	at org.apache.maven.surefire.booter.ForkedBooter.invokeProviderInSameClassLoader(ForkedBooter.java:290)
	at org.apache.maven.surefire.booter.ForkedBooter.runSuitesInProcess(ForkedBooter.java:242)
	at org.apache.maven.surefire.booter.ForkedBooter.main(ForkedBooter.java:121)
Caused by: java.io.IOException: Error while instrumenting com/github/bingoohuang/excel2beans/MemberImportBeanTest$MemberImportBeanMethodAccess.
	at org.jacoco.agent.rt.internal_43f5073.core.instr.Instrumenter.instrumentError(Instrumenter.java:159)
	at org.jacoco.agent.rt.internal_43f5073.core.instr.Instrumenter.instrument(Instrumenter.java:109)
	at org.jacoco.agent.rt.internal_43f5073.CoverageTransformer.transform(CoverageTransformer.java:92)
	... 52 more
Caused by: java.lang.IllegalArgumentException
	at org.jacoco.agent.rt.internal_43f5073.asm.ClassReader.readVerificationTypeInfo(ClassReader.java:3178)
	at org.jacoco.agent.rt.internal_43f5073.asm.ClassReader.readStackMapFrame(ClassReader.java:3105)
	at org.jacoco.agent.rt.internal_43f5073.asm.ClassReader.readCode(ClassReader.java:1855)
	at org.jacoco.agent.rt.internal_43f5073.asm.ClassReader.readMethod(ClassReader.java:1284)
	at org.jacoco.agent.rt.internal_43f5073.asm.ClassReader.accept(ClassReader.java:688)
	at org.jacoco.agent.rt.internal_43f5073.asm.ClassReader.accept(ClassReader.java:400)
	at org.jacoco.agent.rt.internal_43f5073.core.instr.Instrumenter.instrument(Instrumenter.java:89)
	at org.jacoco.agent.rt.internal_43f5073.core.instr.Instrumenter.instrument(Instrumenter.java:107)
	... 53 more
21:01:23.487 [main] DEBUG com.github.bingoohuang.excel2beans.ExcelBeanFieldParser ignore field private java.lang.String com.github.bingoohuang.excel2beans.MemberImportBeanTest$MemberImportBean.error without @ExcelColTitle
Tests run: 1, Failures: 0, Errors: 0, Skipped: 0, Time elapsed: 0.422 sec - in com.github.bingoohuang.excel2beans.MemberImportBeanTest
Running com.github.bingoohuang.excel2beans.BeanWithTitleTest
java.lang.instrument.IllegalClassFormatException: Error while instrumenting com/github/bingoohuang/excel2beans/BeanWithTitleTest$BeanWithTitleMethodAccess.
	at org.jacoco.agent.rt.internal_43f5073.CoverageTransformer.transform(CoverageTransformer.java:94)
	at sun.instrument.TransformerManager.transform(TransformerManager.java:188)
	at sun.instrument.InstrumentationImpl.transform(InstrumentationImpl.java:428)
	at java.lang.ClassLoader.defineClass1(Native Method)
	at java.lang.ClassLoader.defineClass(ClassLoader.java:756)
	at sun.reflect.NativeMethodAccessorImpl.invoke0(Native Method)
	at sun.reflect.NativeMethodAccessorImpl.invoke(NativeMethodAccessorImpl.java:62)
	at sun.reflect.DelegatingMethodAccessorImpl.invoke(DelegatingMethodAccessorImpl.java:43)
	at java.lang.reflect.Method.invoke(Method.java:498)
	at com.esotericsoftware.reflectasm.AccessClassLoader.defineClass(AccessClassLoader.java:73)
	at com.esotericsoftware.reflectasm.AccessClassLoader.defineAccessClass(AccessClassLoader.java:57)
	at com.esotericsoftware.reflectasm.MethodAccess.get(MethodAccess.java:276)
	at com.github.bingoohuang.excel2beans.ReflectAsmCache$1.load(ReflectAsmCache.java:19)
	at com.github.bingoohuang.excel2beans.ReflectAsmCache$1.load(ReflectAsmCache.java:17)
	at com.google.common.cache.LocalCache$LoadingValueReference.loadFuture(LocalCache.java:3529)
	at com.google.common.cache.LocalCache$Segment.loadSync(LocalCache.java:2278)
	at com.google.common.cache.LocalCache$Segment.lockedGetOrLoad(LocalCache.java:2155)
	at com.google.common.cache.LocalCache$Segment.get(LocalCache.java:2045)
	at com.google.common.cache.LocalCache.get(LocalCache.java:3951)
	at com.google.common.cache.LocalCache.getOrLoad(LocalCache.java:3974)
	at com.google.common.cache.LocalCache$LocalLoadingCache.get(LocalCache.java:4958)
	at com.google.common.cache.LocalCache$LocalLoadingCache.getUnchecked(LocalCache.java:4964)
	at com.github.bingoohuang.excel2beans.ReflectAsmCache.setFieldValue(ReflectAsmCache.java:33)
	at com.github.bingoohuang.excel2beans.ExcelBeanField.setFieldValue(ExcelBeanField.java:56)
	at com.github.bingoohuang.excel2beans.RowObjectCreator.processRow(RowObjectCreator.java:65)
	at com.github.bingoohuang.excel2beans.RowObjectCreator.createObject(RowObjectCreator.java:49)
	at com.github.bingoohuang.excel2beans.ExcelSheetToBeans.convert(ExcelSheetToBeans.java:60)
	at com.github.bingoohuang.excel2beans.ExcelToBeans.convert(ExcelToBeans.java:36)
	at com.github.bingoohuang.excel2beans.BeanWithTitleTest.test(BeanWithTitleTest.java:17)
	at sun.reflect.NativeMethodAccessorImpl.invoke0(Native Method)
	at sun.reflect.NativeMethodAccessorImpl.invoke(NativeMethodAccessorImpl.java:62)
	at sun.reflect.DelegatingMethodAccessorImpl.invoke(DelegatingMethodAccessorImpl.java:43)
	at java.lang.reflect.Method.invoke(Method.java:498)
	at org.junit.runners.model.FrameworkMethod$1.runReflectiveCall(FrameworkMethod.java:50)
	at org.junit.internal.runners.model.ReflectiveCallable.run(ReflectiveCallable.java:12)
	at org.junit.runners.model.FrameworkMethod.invokeExplosively(FrameworkMethod.java:47)
	at org.junit.internal.runners.statements.InvokeMethod.evaluate(InvokeMethod.java:17)
	at org.junit.runners.ParentRunner.runLeaf(ParentRunner.java:325)
	at org.junit.runners.BlockJUnit4ClassRunner.runChild(BlockJUnit4ClassRunner.java:78)
	at org.junit.runners.BlockJUnit4ClassRunner.runChild(BlockJUnit4ClassRunner.java:57)
	at org.junit.runners.ParentRunner$3.run(ParentRunner.java:290)
	at org.junit.runners.ParentRunner$1.schedule(ParentRunner.java:71)
	at org.junit.runners.ParentRunner.runChildren(ParentRunner.java:288)
	at org.junit.runners.ParentRunner.access$000(ParentRunner.java:58)
	at org.junit.runners.ParentRunner$2.evaluate(ParentRunner.java:268)
	at org.junit.runners.ParentRunner.run(ParentRunner.java:363)
	at org.apache.maven.surefire.junit4.JUnit4Provider.execute(JUnit4Provider.java:367)
	at org.apache.maven.surefire.junit4.JUnit4Provider.executeWithRerun(JUnit4Provider.java:274)
	at org.apache.maven.surefire.junit4.JUnit4Provider.executeTestSet(JUnit4Provider.java:238)
	at org.apache.maven.surefire.junit4.JUnit4Provider.invoke(JUnit4Provider.java:161)
	at org.apache.maven.surefire.booter.ForkedBooter.invokeProviderInSameClassLoader(ForkedBooter.java:290)
	at org.apache.maven.surefire.booter.ForkedBooter.runSuitesInProcess(ForkedBooter.java:242)
	at org.apache.maven.surefire.booter.ForkedBooter.main(ForkedBooter.java:121)
Caused by: java.io.IOException: Error while instrumenting com/github/bingoohuang/excel2beans/BeanWithTitleTest$BeanWithTitleMethodAccess.
	at org.jacoco.agent.rt.internal_43f5073.core.instr.Instrumenter.instrumentError(Instrumenter.java:159)
	at org.jacoco.agent.rt.internal_43f5073.core.instr.Instrumenter.instrument(Instrumenter.java:109)
	at org.jacoco.agent.rt.internal_43f5073.CoverageTransformer.transform(CoverageTransformer.java:92)
	... 52 more
Caused by: java.lang.IllegalArgumentException
	at org.jacoco.agent.rt.internal_43f5073.asm.ClassReader.readVerificationTypeInfo(ClassReader.java:3178)
	at org.jacoco.agent.rt.internal_43f5073.asm.ClassReader.readStackMapFrame(ClassReader.java:3105)
	at org.jacoco.agent.rt.internal_43f5073.asm.ClassReader.readCode(ClassReader.java:1855)
	at org.jacoco.agent.rt.internal_43f5073.asm.ClassReader.readMethod(ClassReader.java:1284)
	at org.jacoco.agent.rt.internal_43f5073.asm.ClassReader.accept(ClassReader.java:688)
	at org.jacoco.agent.rt.internal_43f5073.asm.ClassReader.accept(ClassReader.java:400)
	at org.jacoco.agent.rt.internal_43f5073.core.instr.Instrumenter.instrument(Instrumenter.java:89)
	at org.jacoco.agent.rt.internal_43f5073.core.instr.Instrumenter.instrument(Instrumenter.java:107)
	... 53 more
Tests run: 1, Failures: 0, Errors: 0, Skipped: 0, Time elapsed: 0.153 sec - in com.github.bingoohuang.excel2beans.BeanWithTitleTest
Running com.github.bingoohuang.excel2beans.ShlTest
java.lang.instrument.IllegalClassFormatException: Error while instrumenting com/github/bingoohuang/excel2beans/ShlTest$ShlBeanMethodAccess.
	at org.jacoco.agent.rt.internal_43f5073.CoverageTransformer.transform(CoverageTransformer.java:94)
	at sun.instrument.TransformerManager.transform(TransformerManager.java:188)
	at sun.instrument.InstrumentationImpl.transform(InstrumentationImpl.java:428)
	at java.lang.ClassLoader.defineClass1(Native Method)
	at java.lang.ClassLoader.defineClass(ClassLoader.java:756)
	at sun.reflect.NativeMethodAccessorImpl.invoke0(Native Method)
	at sun.reflect.NativeMethodAccessorImpl.invoke(NativeMethodAccessorImpl.java:62)
	at sun.reflect.DelegatingMethodAccessorImpl.invoke(DelegatingMethodAccessorImpl.java:43)
	at java.lang.reflect.Method.invoke(Method.java:498)
	at com.esotericsoftware.reflectasm.AccessClassLoader.defineClass(AccessClassLoader.java:73)
	at com.esotericsoftware.reflectasm.AccessClassLoader.defineAccessClass(AccessClassLoader.java:57)
	at com.esotericsoftware.reflectasm.MethodAccess.get(MethodAccess.java:276)
	at com.github.bingoohuang.excel2beans.ReflectAsmCache$1.load(ReflectAsmCache.java:19)
	at com.github.bingoohuang.excel2beans.ReflectAsmCache$1.load(ReflectAsmCache.java:17)
	at com.google.common.cache.LocalCache$LoadingValueReference.loadFuture(LocalCache.java:3529)
	at com.google.common.cache.LocalCache$Segment.loadSync(LocalCache.java:2278)
	at com.google.common.cache.LocalCache$Segment.lockedGetOrLoad(LocalCache.java:2155)
	at com.google.common.cache.LocalCache$Segment.get(LocalCache.java:2045)
	at com.google.common.cache.LocalCache.get(LocalCache.java:3951)
	at com.google.common.cache.LocalCache.getOrLoad(LocalCache.java:3974)
	at com.google.common.cache.LocalCache$LocalLoadingCache.get(LocalCache.java:4958)
	at com.google.common.cache.LocalCache$LocalLoadingCache.getUnchecked(LocalCache.java:4964)
	at com.github.bingoohuang.excel2beans.ReflectAsmCache.setFieldValue(ReflectAsmCache.java:33)
	at com.github.bingoohuang.excel2beans.ExcelBeanField.setFieldValue(ExcelBeanField.java:56)
	at com.github.bingoohuang.excel2beans.RowObjectCreator.processRow(RowObjectCreator.java:65)
	at com.github.bingoohuang.excel2beans.RowObjectCreator.createObject(RowObjectCreator.java:49)
	at com.github.bingoohuang.excel2beans.ExcelSheetToBeans.convert(ExcelSheetToBeans.java:60)
	at com.github.bingoohuang.excel2beans.ExcelToBeans.convert(ExcelToBeans.java:36)
	at com.github.bingoohuang.excel2beans.ShlTest.member(ShlTest.java:15)
	at sun.reflect.NativeMethodAccessorImpl.invoke0(Native Method)
	at sun.reflect.NativeMethodAccessorImpl.invoke(NativeMethodAccessorImpl.java:62)
	at sun.reflect.DelegatingMethodAccessorImpl.invoke(DelegatingMethodAccessorImpl.java:43)
	at java.lang.reflect.Method.invoke(Method.java:498)
	at org.junit.runners.model.FrameworkMethod$1.runReflectiveCall(FrameworkMethod.java:50)
	at org.junit.internal.runners.model.ReflectiveCallable.run(ReflectiveCallable.java:12)
	at org.junit.runners.model.FrameworkMethod.invokeExplosively(FrameworkMethod.java:47)
	at org.junit.internal.runners.statements.InvokeMethod.evaluate(InvokeMethod.java:17)
	at org.junit.runners.ParentRunner.runLeaf(ParentRunner.java:325)
	at org.junit.runners.BlockJUnit4ClassRunner.runChild(BlockJUnit4ClassRunner.java:78)
	at org.junit.runners.BlockJUnit4ClassRunner.runChild(BlockJUnit4ClassRunner.java:57)
	at org.junit.runners.ParentRunner$3.run(ParentRunner.java:290)
	at org.junit.runners.ParentRunner$1.schedule(ParentRunner.java:71)
	at org.junit.runners.ParentRunner.runChildren(ParentRunner.java:288)
	at org.junit.runners.ParentRunner.access$000(ParentRunner.java:58)
	at org.junit.runners.ParentRunner$2.evaluate(ParentRunner.java:268)
	at org.junit.runners.ParentRunner.run(ParentRunner.java:363)
	at org.apache.maven.surefire.junit4.JUnit4Provider.execute(JUnit4Provider.java:367)
	at org.apache.maven.surefire.junit4.JUnit4Provider.executeWithRerun(JUnit4Provider.java:274)
	at org.apache.maven.surefire.junit4.JUnit4Provider.executeTestSet(JUnit4Provider.java:238)
	at org.apache.maven.surefire.junit4.JUnit4Provider.invoke(JUnit4Provider.java:161)
	at org.apache.maven.surefire.booter.ForkedBooter.invokeProviderInSameClassLoader(ForkedBooter.java:290)
	at org.apache.maven.surefire.booter.ForkedBooter.runSuitesInProcess(ForkedBooter.java:242)
	at org.apache.maven.surefire.booter.ForkedBooter.main(ForkedBooter.java:121)
Caused by: java.io.IOException: Error while instrumenting com/github/bingoohuang/excel2beans/ShlTest$ShlBeanMethodAccess.
	at org.jacoco.agent.rt.internal_43f5073.core.instr.Instrumenter.instrumentError(Instrumenter.java:159)
	at org.jacoco.agent.rt.internal_43f5073.core.instr.Instrumenter.instrument(Instrumenter.java:109)
	at org.jacoco.agent.rt.internal_43f5073.CoverageTransformer.transform(CoverageTransformer.java:92)
	... 52 more
Caused by: java.lang.IllegalArgumentException
	at org.jacoco.agent.rt.internal_43f5073.asm.ClassReader.readVerificationTypeInfo(ClassReader.java:3178)
	at org.jacoco.agent.rt.internal_43f5073.asm.ClassReader.readStackMapFrame(ClassReader.java:3105)
	at org.jacoco.agent.rt.internal_43f5073.asm.ClassReader.readCode(ClassReader.java:1855)
	at org.jacoco.agent.rt.internal_43f5073.asm.ClassReader.readMethod(ClassReader.java:1284)
	at org.jacoco.agent.rt.internal_43f5073.asm.ClassReader.accept(ClassReader.java:688)
	at org.jacoco.agent.rt.internal_43f5073.asm.ClassReader.accept(ClassReader.java:400)
	at org.jacoco.agent.rt.internal_43f5073.core.instr.Instrumenter.instrument(Instrumenter.java:89)
	at org.jacoco.agent.rt.internal_43f5073.core.instr.Instrumenter.instrument(Instrumenter.java:107)
	... 53 more
Tests run: 1, Failures: 0, Errors: 0, Skipped: 0, Time elapsed: 0.499 sec - in com.github.bingoohuang.excel2beans.ShlTest
Running com.github.bingoohuang.excel2beans.SimpleBeanTest
java.lang.instrument.IllegalClassFormatException: Error while instrumenting com/github/bingoohuang/excel2beans/SimpleBeanTest$SimpleBeanMethodAccess.
	at org.jacoco.agent.rt.internal_43f5073.CoverageTransformer.transform(CoverageTransformer.java:94)
	at sun.instrument.TransformerManager.transform(TransformerManager.java:188)
	at sun.instrument.InstrumentationImpl.transform(InstrumentationImpl.java:428)
	at java.lang.ClassLoader.defineClass1(Native Method)
	at java.lang.ClassLoader.defineClass(ClassLoader.java:756)
	at sun.reflect.NativeMethodAccessorImpl.invoke0(Native Method)
	at sun.reflect.NativeMethodAccessorImpl.invoke(NativeMethodAccessorImpl.java:62)
	at sun.reflect.DelegatingMethodAccessorImpl.invoke(DelegatingMethodAccessorImpl.java:43)
	at java.lang.reflect.Method.invoke(Method.java:498)
	at com.esotericsoftware.reflectasm.AccessClassLoader.defineClass(AccessClassLoader.java:73)
	at com.esotericsoftware.reflectasm.AccessClassLoader.defineAccessClass(AccessClassLoader.java:57)
	at com.esotericsoftware.reflectasm.MethodAccess.get(MethodAccess.java:276)
	at com.github.bingoohuang.excel2beans.ReflectAsmCache$1.load(ReflectAsmCache.java:19)
	at com.github.bingoohuang.excel2beans.ReflectAsmCache$1.load(ReflectAsmCache.java:17)
	at com.google.common.cache.LocalCache$LoadingValueReference.loadFuture(LocalCache.java:3529)
	at com.google.common.cache.LocalCache$Segment.loadSync(LocalCache.java:2278)
	at com.google.common.cache.LocalCache$Segment.lockedGetOrLoad(LocalCache.java:2155)
	at com.google.common.cache.LocalCache$Segment.get(LocalCache.java:2045)
	at com.google.common.cache.LocalCache.get(LocalCache.java:3951)
	at com.google.common.cache.LocalCache.getOrLoad(LocalCache.java:3974)
	at com.google.common.cache.LocalCache$LocalLoadingCache.get(LocalCache.java:4958)
	at com.google.common.cache.LocalCache$LocalLoadingCache.getUnchecked(LocalCache.java:4964)
	at com.github.bingoohuang.excel2beans.ReflectAsmCache.setFieldValue(ReflectAsmCache.java:33)
	at com.github.bingoohuang.excel2beans.ExcelBeanField.setFieldValue(ExcelBeanField.java:56)
	at com.github.bingoohuang.excel2beans.RowObjectCreator.processRow(RowObjectCreator.java:65)
	at com.github.bingoohuang.excel2beans.RowObjectCreator.createObject(RowObjectCreator.java:49)
	at com.github.bingoohuang.excel2beans.ExcelSheetToBeans.convert(ExcelSheetToBeans.java:60)
	at com.github.bingoohuang.excel2beans.SimpleBeanTest.testWithBlanklines(SimpleBeanTest.java:30)
	at sun.reflect.NativeMethodAccessorImpl.invoke0(Native Method)
	at sun.reflect.NativeMethodAccessorImpl.invoke(NativeMethodAccessorImpl.java:62)
	at sun.reflect.DelegatingMethodAccessorImpl.invoke(DelegatingMethodAccessorImpl.java:43)
	at java.lang.reflect.Method.invoke(Method.java:498)
	at org.junit.runners.model.FrameworkMethod$1.runReflectiveCall(FrameworkMethod.java:50)
	at org.junit.internal.runners.model.ReflectiveCallable.run(ReflectiveCallable.java:12)
	at org.junit.runners.model.FrameworkMethod.invokeExplosively(FrameworkMethod.java:47)
	at org.junit.internal.runners.statements.InvokeMethod.evaluate(InvokeMethod.java:17)
	at org.junit.runners.ParentRunner.runLeaf(ParentRunner.java:325)
	at org.junit.runners.BlockJUnit4ClassRunner.runChild(BlockJUnit4ClassRunner.java:78)
	at org.junit.runners.BlockJUnit4ClassRunner.runChild(BlockJUnit4ClassRunner.java:57)
	at org.junit.runners.ParentRunner$3.run(ParentRunner.java:290)
	at org.junit.runners.ParentRunner$1.schedule(ParentRunner.java:71)
	at org.junit.runners.ParentRunner.runChildren(ParentRunner.java:288)
	at org.junit.runners.ParentRunner.access$000(ParentRunner.java:58)
	at org.junit.runners.ParentRunner$2.evaluate(ParentRunner.java:268)
	at org.junit.runners.ParentRunner.run(ParentRunner.java:363)
	at org.apache.maven.surefire.junit4.JUnit4Provider.execute(JUnit4Provider.java:367)
	at org.apache.maven.surefire.junit4.JUnit4Provider.executeWithRerun(JUnit4Provider.java:274)
	at org.apache.maven.surefire.junit4.JUnit4Provider.executeTestSet(JUnit4Provider.java:238)
	at org.apache.maven.surefire.junit4.JUnit4Provider.invoke(JUnit4Provider.java:161)
	at org.apache.maven.surefire.booter.ForkedBooter.invokeProviderInSameClassLoader(ForkedBooter.java:290)
	at org.apache.maven.surefire.booter.ForkedBooter.runSuitesInProcess(ForkedBooter.java:242)
	at org.apache.maven.surefire.booter.ForkedBooter.main(ForkedBooter.java:121)
Caused by: java.io.IOException: Error while instrumenting com/github/bingoohuang/excel2beans/SimpleBeanTest$SimpleBeanMethodAccess.
	at org.jacoco.agent.rt.internal_43f5073.core.instr.Instrumenter.instrumentError(Instrumenter.java:159)
	at org.jacoco.agent.rt.internal_43f5073.core.instr.Instrumenter.instrument(Instrumenter.java:109)
	at org.jacoco.agent.rt.internal_43f5073.CoverageTransformer.transform(CoverageTransformer.java:92)
	... 51 more
Caused by: java.lang.IllegalArgumentException
	at org.jacoco.agent.rt.internal_43f5073.asm.ClassReader.readVerificationTypeInfo(ClassReader.java:3178)
	at org.jacoco.agent.rt.internal_43f5073.asm.ClassReader.readStackMapFrame(ClassReader.java:3105)
	at org.jacoco.agent.rt.internal_43f5073.asm.ClassReader.readCode(ClassReader.java:1855)
	at org.jacoco.agent.rt.internal_43f5073.asm.ClassReader.readMethod(ClassReader.java:1284)
	at org.jacoco.agent.rt.internal_43f5073.asm.ClassReader.accept(ClassReader.java:688)
	at org.jacoco.agent.rt.internal_43f5073.asm.ClassReader.accept(ClassReader.java:400)
	at org.jacoco.agent.rt.internal_43f5073.core.instr.Instrumenter.instrument(Instrumenter.java:89)
	at org.jacoco.agent.rt.internal_43f5073.core.instr.Instrumenter.instrument(Instrumenter.java:107)
	... 52 more
Tests run: 2, Failures: 0, Errors: 0, Skipped: 0, Time elapsed: 0.07 sec - in com.github.bingoohuang.excel2beans.SimpleBeanTest
Running com.github.bingoohuang.excel2beans.MemberImportBeanWithBlankHeadRowsAndColsTest
java.lang.instrument.IllegalClassFormatException: Error while instrumenting com/github/bingoohuang/excel2beans/MemberImportBeanWithBlankHeadRowsAndColsTest$MemberImportBeanWithBlankHeadRowsAndColsMethodAccess.
	at org.jacoco.agent.rt.internal_43f5073.CoverageTransformer.transform(CoverageTransformer.java:94)
	at sun.instrument.TransformerManager.transform(TransformerManager.java:188)
	at sun.instrument.InstrumentationImpl.transform(InstrumentationImpl.java:428)
	at java.lang.ClassLoader.defineClass1(Native Method)
	at java.lang.ClassLoader.defineClass(ClassLoader.java:756)
	at sun.reflect.NativeMethodAccessorImpl.invoke0(Native Method)
	at sun.reflect.NativeMethodAccessorImpl.invoke(NativeMethodAccessorImpl.java:62)
	at sun.reflect.DelegatingMethodAccessorImpl.invoke(DelegatingMethodAccessorImpl.java:43)
	at java.lang.reflect.Method.invoke(Method.java:498)
	at com.esotericsoftware.reflectasm.AccessClassLoader.defineClass(AccessClassLoader.java:73)
	at com.esotericsoftware.reflectasm.AccessClassLoader.defineAccessClass(AccessClassLoader.java:57)
	at com.esotericsoftware.reflectasm.MethodAccess.get(MethodAccess.java:276)
	at com.github.bingoohuang.excel2beans.ReflectAsmCache$1.load(ReflectAsmCache.java:19)
	at com.github.bingoohuang.excel2beans.ReflectAsmCache$1.load(ReflectAsmCache.java:17)
	at com.google.common.cache.LocalCache$LoadingValueReference.loadFuture(LocalCache.java:3529)
	at com.google.common.cache.LocalCache$Segment.loadSync(LocalCache.java:2278)
	at com.google.common.cache.LocalCache$Segment.lockedGetOrLoad(LocalCache.java:2155)
	at com.google.common.cache.LocalCache$Segment.get(LocalCache.java:2045)
	at com.google.common.cache.LocalCache.get(LocalCache.java:3951)
	at com.google.common.cache.LocalCache.getOrLoad(LocalCache.java:3974)
	at com.google.common.cache.LocalCache$LocalLoadingCache.get(LocalCache.java:4958)
	at com.google.common.cache.LocalCache$LocalLoadingCache.getUnchecked(LocalCache.java:4964)
	at com.github.bingoohuang.excel2beans.ReflectAsmCache.setFieldValue(ReflectAsmCache.java:33)
	at com.github.bingoohuang.excel2beans.ExcelBeanField.setFieldValue(ExcelBeanField.java:56)
	at com.github.bingoohuang.excel2beans.RowObjectCreator.processRow(RowObjectCreator.java:65)
	at com.github.bingoohuang.excel2beans.RowObjectCreator.createObject(RowObjectCreator.java:49)
	at com.github.bingoohuang.excel2beans.ExcelSheetToBeans.convert(ExcelSheetToBeans.java:60)
	at com.github.bingoohuang.excel2beans.MemberImportBeanWithBlankHeadRowsAndColsTest.testWithBlankHeadRowsAndCols(MemberImportBeanWithBlankHeadRowsAndColsTest.java:18)
	at sun.reflect.NativeMethodAccessorImpl.invoke0(Native Method)
	at sun.reflect.NativeMethodAccessorImpl.invoke(NativeMethodAccessorImpl.java:62)
	at sun.reflect.DelegatingMethodAccessorImpl.invoke(DelegatingMethodAccessorImpl.java:43)
	at java.lang.reflect.Method.invoke(Method.java:498)
	at org.junit.runners.model.FrameworkMethod$1.runReflectiveCall(FrameworkMethod.java:50)
	at org.junit.internal.runners.model.ReflectiveCallable.run(ReflectiveCallable.java:12)
	at org.junit.runners.model.FrameworkMethod.invokeExplosively(FrameworkMethod.java:47)
	at org.junit.internal.runners.statements.InvokeMethod.evaluate(InvokeMethod.java:17)
	at org.junit.runners.ParentRunner.runLeaf(ParentRunner.java:325)
	at org.junit.runners.BlockJUnit4ClassRunner.runChild(BlockJUnit4ClassRunner.java:78)
	at org.junit.runners.BlockJUnit4ClassRunner.runChild(BlockJUnit4ClassRunner.java:57)
	at org.junit.runners.ParentRunner$3.run(ParentRunner.java:290)
	at org.junit.runners.ParentRunner$1.schedule(ParentRunner.java:71)
	at org.junit.runners.ParentRunner.runChildren(ParentRunner.java:288)
	at org.junit.runners.ParentRunner.access$000(ParentRunner.java:58)
	at org.junit.runners.ParentRunner$2.evaluate(ParentRunner.java:268)
	at org.junit.runners.ParentRunner.run(ParentRunner.java:363)
	at org.apache.maven.surefire.junit4.JUnit4Provider.execute(JUnit4Provider.java:367)
	at org.apache.maven.surefire.junit4.JUnit4Provider.executeWithRerun(JUnit4Provider.java:274)
	at org.apache.maven.surefire.junit4.JUnit4Provider.executeTestSet(JUnit4Provider.java:238)
	at org.apache.maven.surefire.junit4.JUnit4Provider.invoke(JUnit4Provider.java:161)
	at org.apache.maven.surefire.booter.ForkedBooter.invokeProviderInSameClassLoader(ForkedBooter.java:290)
	at org.apache.maven.surefire.booter.ForkedBooter.runSuitesInProcess(ForkedBooter.java:242)
	at org.apache.maven.surefire.booter.ForkedBooter.main(ForkedBooter.java:121)
Caused by: java.io.IOException: Error while instrumenting com/github/bingoohuang/excel2beans/MemberImportBeanWithBlankHeadRowsAndColsTest$MemberImportBeanWithBlankHeadRowsAndColsMethodAccess.
	at org.jacoco.agent.rt.internal_43f5073.core.instr.Instrumenter.instrumentError(Instrumenter.java:159)
	at org.jacoco.agent.rt.internal_43f5073.core.instr.Instrumenter.instrument(Instrumenter.java:109)
	at org.jacoco.agent.rt.internal_43f5073.CoverageTransformer.transform(CoverageTransformer.java:92)
	... 51 more
Caused by: java.lang.IllegalArgumentException
	at org.jacoco.agent.rt.internal_43f5073.asm.ClassReader.readVerificationTypeInfo(ClassReader.java:3178)
	at org.jacoco.agent.rt.internal_43f5073.asm.ClassReader.readStackMapFrame(ClassReader.java:3105)
	at org.jacoco.agent.rt.internal_43f5073.asm.ClassReader.readCode(ClassReader.java:1855)
	at org.jacoco.agent.rt.internal_43f5073.asm.ClassReader.readMethod(ClassReader.java:1284)
	at org.jacoco.agent.rt.internal_43f5073.asm.ClassReader.accept(ClassReader.java:688)
	at org.jacoco.agent.rt.internal_43f5073.asm.ClassReader.accept(ClassReader.java:400)
	at org.jacoco.agent.rt.internal_43f5073.core.instr.Instrumenter.instrument(Instrumenter.java:89)
	at org.jacoco.agent.rt.internal_43f5073.core.instr.Instrumenter.instrument(Instrumenter.java:107)
	... 52 more
Tests run: 1, Failures: 0, Errors: 0, Skipped: 0, Time elapsed: 0.074 sec - in com.github.bingoohuang.excel2beans.MemberImportBeanWithBlankHeadRowsAndColsTest
Running com.github.bingoohuang.excel2beans.ImageTest
java.lang.instrument.IllegalClassFormatException: Error while instrumenting com/github/bingoohuang/excel2beans/ImageTest$ImageBeanMethodAccess.
	at org.jacoco.agent.rt.internal_43f5073.CoverageTransformer.transform(CoverageTransformer.java:94)
	at sun.instrument.TransformerManager.transform(TransformerManager.java:188)
	at sun.instrument.InstrumentationImpl.transform(InstrumentationImpl.java:428)
	at java.lang.ClassLoader.defineClass1(Native Method)
	at java.lang.ClassLoader.defineClass(ClassLoader.java:756)
	at sun.reflect.NativeMethodAccessorImpl.invoke0(Native Method)
	at sun.reflect.NativeMethodAccessorImpl.invoke(NativeMethodAccessorImpl.java:62)
	at sun.reflect.DelegatingMethodAccessorImpl.invoke(DelegatingMethodAccessorImpl.java:43)
	at java.lang.reflect.Method.invoke(Method.java:498)
	at com.esotericsoftware.reflectasm.AccessClassLoader.defineClass(AccessClassLoader.java:73)
	at com.esotericsoftware.reflectasm.AccessClassLoader.defineAccessClass(AccessClassLoader.java:57)
	at com.esotericsoftware.reflectasm.MethodAccess.get(MethodAccess.java:276)
	at com.github.bingoohuang.excel2beans.ReflectAsmCache$1.load(ReflectAsmCache.java:19)
	at com.github.bingoohuang.excel2beans.ReflectAsmCache$1.load(ReflectAsmCache.java:17)
	at com.google.common.cache.LocalCache$LoadingValueReference.loadFuture(LocalCache.java:3529)
	at com.google.common.cache.LocalCache$Segment.loadSync(LocalCache.java:2278)
	at com.google.common.cache.LocalCache$Segment.lockedGetOrLoad(LocalCache.java:2155)
	at com.google.common.cache.LocalCache$Segment.get(LocalCache.java:2045)
	at com.google.common.cache.LocalCache.get(LocalCache.java:3951)
	at com.google.common.cache.LocalCache.getOrLoad(LocalCache.java:3974)
	at com.google.common.cache.LocalCache$LocalLoadingCache.get(LocalCache.java:4958)
	at com.google.common.cache.LocalCache$LocalLoadingCache.getUnchecked(LocalCache.java:4964)
	at com.github.bingoohuang.excel2beans.ReflectAsmCache.setFieldValue(ReflectAsmCache.java:33)
	at com.github.bingoohuang.excel2beans.ExcelBeanField.setFieldValue(ExcelBeanField.java:56)
	at com.github.bingoohuang.excel2beans.RowObjectCreator.processRow(RowObjectCreator.java:65)
	at com.github.bingoohuang.excel2beans.RowObjectCreator.createObject(RowObjectCreator.java:49)
	at com.github.bingoohuang.excel2beans.ExcelSheetToBeans.convert(ExcelSheetToBeans.java:60)
	at com.github.bingoohuang.excel2beans.ExcelToBeans.convert(ExcelToBeans.java:36)
	at com.github.bingoohuang.excel2beans.ImageTest.testImage(ImageTest.java:90)
	at com.github.bingoohuang.excel2beans.ImageTest.testXls(ImageTest.java:67)
	at sun.reflect.NativeMethodAccessorImpl.invoke0(Native Method)
	at sun.reflect.NativeMethodAccessorImpl.invoke(NativeMethodAccessorImpl.java:62)
	at sun.reflect.DelegatingMethodAccessorImpl.invoke(DelegatingMethodAccessorImpl.java:43)
	at java.lang.reflect.Method.invoke(Method.java:498)
	at org.junit.runners.model.FrameworkMethod$1.runReflectiveCall(FrameworkMethod.java:50)
	at org.junit.internal.runners.model.ReflectiveCallable.run(ReflectiveCallable.java:12)
	at org.junit.runners.model.FrameworkMethod.invokeExplosively(FrameworkMethod.java:47)
	at org.junit.internal.runners.statements.InvokeMethod.evaluate(InvokeMethod.java:17)
	at org.junit.runners.ParentRunner.runLeaf(ParentRunner.java:325)
	at org.junit.runners.BlockJUnit4ClassRunner.runChild(BlockJUnit4ClassRunner.java:78)
	at org.junit.runners.BlockJUnit4ClassRunner.runChild(BlockJUnit4ClassRunner.java:57)
	at org.junit.runners.ParentRunner$3.run(ParentRunner.java:290)
	at org.junit.runners.ParentRunner$1.schedule(ParentRunner.java:71)
	at org.junit.runners.ParentRunner.runChildren(ParentRunner.java:288)
	at org.junit.runners.ParentRunner.access$000(ParentRunner.java:58)
	at org.junit.runners.ParentRunner$2.evaluate(ParentRunner.java:268)
	at org.junit.runners.ParentRunner.run(ParentRunner.java:363)
	at org.apache.maven.surefire.junit4.JUnit4Provider.execute(JUnit4Provider.java:367)
	at org.apache.maven.surefire.junit4.JUnit4Provider.executeWithRerun(JUnit4Provider.java:274)
	at org.apache.maven.surefire.junit4.JUnit4Provider.executeTestSet(JUnit4Provider.java:238)
	at org.apache.maven.surefire.junit4.JUnit4Provider.invoke(JUnit4Provider.java:161)
	at org.apache.maven.surefire.booter.ForkedBooter.invokeProviderInSameClassLoader(ForkedBooter.java:290)
	at org.apache.maven.surefire.booter.ForkedBooter.runSuitesInProcess(ForkedBooter.java:242)
	at org.apache.maven.surefire.booter.ForkedBooter.main(ForkedBooter.java:121)
Caused by: java.io.IOException: Error while instrumenting com/github/bingoohuang/excel2beans/ImageTest$ImageBeanMethodAccess.
	at org.jacoco.agent.rt.internal_43f5073.core.instr.Instrumenter.instrumentError(Instrumenter.java:159)
	at org.jacoco.agent.rt.internal_43f5073.core.instr.Instrumenter.instrument(Instrumenter.java:109)
	at org.jacoco.agent.rt.internal_43f5073.CoverageTransformer.transform(CoverageTransformer.java:92)
	... 53 more
Caused by: java.lang.IllegalArgumentException
	at org.jacoco.agent.rt.internal_43f5073.asm.ClassReader.readVerificationTypeInfo(ClassReader.java:3178)
	at org.jacoco.agent.rt.internal_43f5073.asm.ClassReader.readStackMapFrame(ClassReader.java:3105)
	at org.jacoco.agent.rt.internal_43f5073.asm.ClassReader.readCode(ClassReader.java:1855)
	at org.jacoco.agent.rt.internal_43f5073.asm.ClassReader.readMethod(ClassReader.java:1284)
	at org.jacoco.agent.rt.internal_43f5073.asm.ClassReader.accept(ClassReader.java:688)
	at org.jacoco.agent.rt.internal_43f5073.asm.ClassReader.accept(ClassReader.java:400)
	at org.jacoco.agent.rt.internal_43f5073.core.instr.Instrumenter.instrument(Instrumenter.java:89)
	at org.jacoco.agent.rt.internal_43f5073.core.instr.Instrumenter.instrument(Instrumenter.java:107)
	... 54 more
java.lang.instrument.IllegalClassFormatException: Error while instrumenting com/github/bingoohuang/excel2beans/ImageTest$ImageListBeanMethodAccess.
	at org.jacoco.agent.rt.internal_43f5073.CoverageTransformer.transform(CoverageTransformer.java:94)
	at sun.instrument.TransformerManager.transform(TransformerManager.java:188)
	at sun.instrument.InstrumentationImpl.transform(InstrumentationImpl.java:428)
	at java.lang.ClassLoader.defineClass1(Native Method)
	at java.lang.ClassLoader.defineClass(ClassLoader.java:756)
	at sun.reflect.NativeMethodAccessorImpl.invoke0(Native Method)
	at sun.reflect.NativeMethodAccessorImpl.invoke(NativeMethodAccessorImpl.java:62)
	at sun.reflect.DelegatingMethodAccessorImpl.invoke(DelegatingMethodAccessorImpl.java:43)
	at java.lang.reflect.Method.invoke(Method.java:498)
	at com.esotericsoftware.reflectasm.AccessClassLoader.defineClass(AccessClassLoader.java:73)
	at com.esotericsoftware.reflectasm.AccessClassLoader.defineAccessClass(AccessClassLoader.java:57)
	at com.esotericsoftware.reflectasm.MethodAccess.get(MethodAccess.java:276)
	at com.github.bingoohuang.excel2beans.ReflectAsmCache$1.load(ReflectAsmCache.java:19)
	at com.github.bingoohuang.excel2beans.ReflectAsmCache$1.load(ReflectAsmCache.java:17)
	at com.google.common.cache.LocalCache$LoadingValueReference.loadFuture(LocalCache.java:3529)
	at com.google.common.cache.LocalCache$Segment.loadSync(LocalCache.java:2278)
	at com.google.common.cache.LocalCache$Segment.lockedGetOrLoad(LocalCache.java:2155)
	at com.google.common.cache.LocalCache$Segment.get(LocalCache.java:2045)
	at com.google.common.cache.LocalCache.get(LocalCache.java:3951)
	at com.google.common.cache.LocalCache.getOrLoad(LocalCache.java:3974)
	at com.google.common.cache.LocalCache$LocalLoadingCache.get(LocalCache.java:4958)
	at com.google.common.cache.LocalCache$LocalLoadingCache.getUnchecked(LocalCache.java:4964)
	at com.github.bingoohuang.excel2beans.ReflectAsmCache.setFieldValue(ReflectAsmCache.java:33)
	at com.github.bingoohuang.excel2beans.ExcelBeanField.setFieldValue(ExcelBeanField.java:56)
	at com.github.bingoohuang.excel2beans.RowObjectCreator.processRow(RowObjectCreator.java:65)
	at com.github.bingoohuang.excel2beans.RowObjectCreator.createObject(RowObjectCreator.java:49)
	at com.github.bingoohuang.excel2beans.ExcelSheetToBeans.convert(ExcelSheetToBeans.java:60)
	at com.github.bingoohuang.excel2beans.ExcelToBeans.convert(ExcelToBeans.java:36)
	at com.github.bingoohuang.excel2beans.ImageTest.testImageList(ImageTest.java:41)
	at sun.reflect.NativeMethodAccessorImpl.invoke0(Native Method)
	at sun.reflect.NativeMethodAccessorImpl.invoke(NativeMethodAccessorImpl.java:62)
	at sun.reflect.DelegatingMethodAccessorImpl.invoke(DelegatingMethodAccessorImpl.java:43)
	at java.lang.reflect.Method.invoke(Method.java:498)
	at org.junit.runners.model.FrameworkMethod$1.runReflectiveCall(FrameworkMethod.java:50)
	at org.junit.internal.runners.model.ReflectiveCallable.run(ReflectiveCallable.java:12)
	at org.junit.runners.model.FrameworkMethod.invokeExplosively(FrameworkMethod.java:47)
	at org.junit.internal.runners.statements.InvokeMethod.evaluate(InvokeMethod.java:17)
	at org.junit.runners.ParentRunner.runLeaf(ParentRunner.java:325)
	at org.junit.runners.BlockJUnit4ClassRunner.runChild(BlockJUnit4ClassRunner.java:78)
	at org.junit.runners.BlockJUnit4ClassRunner.runChild(BlockJUnit4ClassRunner.java:57)
	at org.junit.runners.ParentRunner$3.run(ParentRunner.java:290)
	at org.junit.runners.ParentRunner$1.schedule(ParentRunner.java:71)
	at org.junit.runners.ParentRunner.runChildren(ParentRunner.java:288)
	at org.junit.runners.ParentRunner.access$000(ParentRunner.java:58)
	at org.junit.runners.ParentRunner$2.evaluate(ParentRunner.java:268)
	at org.junit.runners.ParentRunner.run(ParentRunner.java:363)
	at org.apache.maven.surefire.junit4.JUnit4Provider.execute(JUnit4Provider.java:367)
	at org.apache.maven.surefire.junit4.JUnit4Provider.executeWithRerun(JUnit4Provider.java:274)
	at org.apache.maven.surefire.junit4.JUnit4Provider.executeTestSet(JUnit4Provider.java:238)
	at org.apache.maven.surefire.junit4.JUnit4Provider.invoke(JUnit4Provider.java:161)
	at org.apache.maven.surefire.booter.ForkedBooter.invokeProviderInSameClassLoader(ForkedBooter.java:290)
	at org.apache.maven.surefire.booter.ForkedBooter.runSuitesInProcess(ForkedBooter.java:242)
	at org.apache.maven.surefire.booter.ForkedBooter.main(ForkedBooter.java:121)
Caused by: java.io.IOException: Error while instrumenting com/github/bingoohuang/excel2beans/ImageTest$ImageListBeanMethodAccess.
	at org.jacoco.agent.rt.internal_43f5073.core.instr.Instrumenter.instrumentError(Instrumenter.java:159)
	at org.jacoco.agent.rt.internal_43f5073.core.instr.Instrumenter.instrument(Instrumenter.java:109)
	at org.jacoco.agent.rt.internal_43f5073.CoverageTransformer.transform(CoverageTransformer.java:92)
	... 52 more
Caused by: java.lang.IllegalArgumentException
	at org.jacoco.agent.rt.internal_43f5073.asm.ClassReader.readVerificationTypeInfo(ClassReader.java:3178)
	at org.jacoco.agent.rt.internal_43f5073.asm.ClassReader.readStackMapFrame(ClassReader.java:3105)
	at org.jacoco.agent.rt.internal_43f5073.asm.ClassReader.readCode(ClassReader.java:1855)
	at org.jacoco.agent.rt.internal_43f5073.asm.ClassReader.readMethod(ClassReader.java:1284)
	at org.jacoco.agent.rt.internal_43f5073.asm.ClassReader.accept(ClassReader.java:688)
	at org.jacoco.agent.rt.internal_43f5073.asm.ClassReader.accept(ClassReader.java:400)
	at org.jacoco.agent.rt.internal_43f5073.core.instr.Instrumenter.instrument(Instrumenter.java:89)
	at org.jacoco.agent.rt.internal_43f5073.core.instr.Instrumenter.instrument(Instrumenter.java:107)
	... 53 more
21:01:25.101 [main] WARN  com.github.bingoohuang.westid.WestId com.github.bingoohuang.westid.StaticWorkerIdBinder not defined, use class com.github.bingoohuang.westid.workerid.IpWorkerIdAssigner  instead
健身男：443743108681736192.png
健身女：443743108690124800.png
越野赛：443743108698513408.png
Tests run: 5, Failures: 0, Errors: 0, Skipped: 0, Time elapsed: 0.726 sec - in com.github.bingoohuang.excel2beans.ImageTest
Running com.github.bingoohuang.excel2beans.ExcelToBeansUtilsTest
Tests run: 2, Failures: 0, Errors: 0, Skipped: 0, Time elapsed: 0.619 sec - in com.github.bingoohuang.excel2beans.ExcelToBeansUtilsTest
Running com.github.bingoohuang.excel2beans.EtTest
java.lang.instrument.IllegalClassFormatException: Error while instrumenting com/github/bingoohuang/excel2beans/EtTest$EtMemberMethodAccess.
	at org.jacoco.agent.rt.internal_43f5073.CoverageTransformer.transform(CoverageTransformer.java:94)
	at sun.instrument.TransformerManager.transform(TransformerManager.java:188)
	at sun.instrument.InstrumentationImpl.transform(InstrumentationImpl.java:428)
	at java.lang.ClassLoader.defineClass1(Native Method)
	at java.lang.ClassLoader.defineClass(ClassLoader.java:756)
	at sun.reflect.NativeMethodAccessorImpl.invoke0(Native Method)
	at sun.reflect.NativeMethodAccessorImpl.invoke(NativeMethodAccessorImpl.java:62)
	at sun.reflect.DelegatingMethodAccessorImpl.invoke(DelegatingMethodAccessorImpl.java:43)
	at java.lang.reflect.Method.invoke(Method.java:498)
	at com.esotericsoftware.reflectasm.AccessClassLoader.defineClass(AccessClassLoader.java:73)
	at com.esotericsoftware.reflectasm.AccessClassLoader.defineAccessClass(AccessClassLoader.java:57)
	at com.esotericsoftware.reflectasm.MethodAccess.get(MethodAccess.java:276)
	at com.github.bingoohuang.excel2beans.ReflectAsmCache$1.load(ReflectAsmCache.java:19)
	at com.github.bingoohuang.excel2beans.ReflectAsmCache$1.load(ReflectAsmCache.java:17)
	at com.google.common.cache.LocalCache$LoadingValueReference.loadFuture(LocalCache.java:3529)
	at com.google.common.cache.LocalCache$Segment.loadSync(LocalCache.java:2278)
	at com.google.common.cache.LocalCache$Segment.lockedGetOrLoad(LocalCache.java:2155)
	at com.google.common.cache.LocalCache$Segment.get(LocalCache.java:2045)
	at com.google.common.cache.LocalCache.get(LocalCache.java:3951)
	at com.google.common.cache.LocalCache.getOrLoad(LocalCache.java:3974)
	at com.google.common.cache.LocalCache$LocalLoadingCache.get(LocalCache.java:4958)
	at com.google.common.cache.LocalCache$LocalLoadingCache.getUnchecked(LocalCache.java:4964)
	at com.github.bingoohuang.excel2beans.ReflectAsmCache.setFieldValue(ReflectAsmCache.java:33)
	at com.github.bingoohuang.excel2beans.ExcelBeanField.setFieldValue(ExcelBeanField.java:56)
	at com.github.bingoohuang.excel2beans.RowObjectCreator.processRow(RowObjectCreator.java:65)
	at com.github.bingoohuang.excel2beans.RowObjectCreator.createObject(RowObjectCreator.java:49)
	at com.github.bingoohuang.excel2beans.ExcelSheetToBeans.convert(ExcelSheetToBeans.java:60)
	at com.github.bingoohuang.excel2beans.ExcelToBeans.convert(ExcelToBeans.java:36)
	at com.github.bingoohuang.excel2beans.EtTest.member(EtTest.java:18)
	at sun.reflect.NativeMethodAccessorImpl.invoke0(Native Method)
	at sun.reflect.NativeMethodAccessorImpl.invoke(NativeMethodAccessorImpl.java:62)
	at sun.reflect.DelegatingMethodAccessorImpl.invoke(DelegatingMethodAccessorImpl.java:43)
	at java.lang.reflect.Method.invoke(Method.java:498)
	at org.junit.runners.model.FrameworkMethod$1.runReflectiveCall(FrameworkMethod.java:50)
	at org.junit.internal.runners.model.ReflectiveCallable.run(ReflectiveCallable.java:12)
	at org.junit.runners.model.FrameworkMethod.invokeExplosively(FrameworkMethod.java:47)
	at org.junit.internal.runners.statements.InvokeMethod.evaluate(InvokeMethod.java:17)
	at org.junit.runners.ParentRunner.runLeaf(ParentRunner.java:325)
	at org.junit.runners.BlockJUnit4ClassRunner.runChild(BlockJUnit4ClassRunner.java:78)
	at org.junit.runners.BlockJUnit4ClassRunner.runChild(BlockJUnit4ClassRunner.java:57)
	at org.junit.runners.ParentRunner$3.run(ParentRunner.java:290)
	at org.junit.runners.ParentRunner$1.schedule(ParentRunner.java:71)
	at org.junit.runners.ParentRunner.runChildren(ParentRunner.java:288)
	at org.junit.runners.ParentRunner.access$000(ParentRunner.java:58)
	at org.junit.runners.ParentRunner$2.evaluate(ParentRunner.java:268)
	at org.junit.runners.ParentRunner.run(ParentRunner.java:363)
	at org.apache.maven.surefire.junit4.JUnit4Provider.execute(JUnit4Provider.java:367)
	at org.apache.maven.surefire.junit4.JUnit4Provider.executeWithRerun(JUnit4Provider.java:274)
	at org.apache.maven.surefire.junit4.JUnit4Provider.executeTestSet(JUnit4Provider.java:238)
	at org.apache.maven.surefire.junit4.JUnit4Provider.invoke(JUnit4Provider.java:161)
	at org.apache.maven.surefire.booter.ForkedBooter.invokeProviderInSameClassLoader(ForkedBooter.java:290)
	at org.apache.maven.surefire.booter.ForkedBooter.runSuitesInProcess(ForkedBooter.java:242)
	at org.apache.maven.surefire.booter.ForkedBooter.main(ForkedBooter.java:121)
Caused by: java.io.IOException: Error while instrumenting com/github/bingoohuang/excel2beans/EtTest$EtMemberMethodAccess.
	at org.jacoco.agent.rt.internal_43f5073.core.instr.Instrumenter.instrumentError(Instrumenter.java:159)
	at org.jacoco.agent.rt.internal_43f5073.core.instr.Instrumenter.instrument(Instrumenter.java:109)
	at org.jacoco.agent.rt.internal_43f5073.CoverageTransformer.transform(CoverageTransformer.java:92)
	... 52 more
Caused by: java.lang.IllegalArgumentException
	at org.jacoco.agent.rt.internal_43f5073.asm.ClassReader.readVerificationTypeInfo(ClassReader.java:3178)
	at org.jacoco.agent.rt.internal_43f5073.asm.ClassReader.readStackMapFrame(ClassReader.java:3105)
	at org.jacoco.agent.rt.internal_43f5073.asm.ClassReader.readCode(ClassReader.java:1855)
	at org.jacoco.agent.rt.internal_43f5073.asm.ClassReader.readMethod(ClassReader.java:1284)
	at org.jacoco.agent.rt.internal_43f5073.asm.ClassReader.accept(ClassReader.java:688)
	at org.jacoco.agent.rt.internal_43f5073.asm.ClassReader.accept(ClassReader.java:400)
	at org.jacoco.agent.rt.internal_43f5073.core.instr.Instrumenter.instrument(Instrumenter.java:89)
	at org.jacoco.agent.rt.internal_43f5073.core.instr.Instrumenter.instrument(Instrumenter.java:107)
	... 53 more
java.lang.instrument.IllegalClassFormatException: Error while instrumenting com/github/bingoohuang/excel2beans/EtTest$EtCardMethodAccess.
	at org.jacoco.agent.rt.internal_43f5073.CoverageTransformer.transform(CoverageTransformer.java:94)
	at sun.instrument.TransformerManager.transform(TransformerManager.java:188)
	at sun.instrument.InstrumentationImpl.transform(InstrumentationImpl.java:428)
	at java.lang.ClassLoader.defineClass1(Native Method)
	at java.lang.ClassLoader.defineClass(ClassLoader.java:756)
	at sun.reflect.NativeMethodAccessorImpl.invoke0(Native Method)
	at sun.reflect.NativeMethodAccessorImpl.invoke(NativeMethodAccessorImpl.java:62)
	at sun.reflect.DelegatingMethodAccessorImpl.invoke(DelegatingMethodAccessorImpl.java:43)
	at java.lang.reflect.Method.invoke(Method.java:498)
	at com.esotericsoftware.reflectasm.AccessClassLoader.defineClass(AccessClassLoader.java:73)
	at com.esotericsoftware.reflectasm.AccessClassLoader.defineAccessClass(AccessClassLoader.java:57)
	at com.esotericsoftware.reflectasm.MethodAccess.get(MethodAccess.java:276)
	at com.github.bingoohuang.excel2beans.ReflectAsmCache$1.load(ReflectAsmCache.java:19)
	at com.github.bingoohuang.excel2beans.ReflectAsmCache$1.load(ReflectAsmCache.java:17)
	at com.google.common.cache.LocalCache$LoadingValueReference.loadFuture(LocalCache.java:3529)
	at com.google.common.cache.LocalCache$Segment.loadSync(LocalCache.java:2278)
	at com.google.common.cache.LocalCache$Segment.lockedGetOrLoad(LocalCache.java:2155)
	at com.google.common.cache.LocalCache$Segment.get(LocalCache.java:2045)
	at com.google.common.cache.LocalCache.get(LocalCache.java:3951)
	at com.google.common.cache.LocalCache.getOrLoad(LocalCache.java:3974)
	at com.google.common.cache.LocalCache$LocalLoadingCache.get(LocalCache.java:4958)
	at com.google.common.cache.LocalCache$LocalLoadingCache.getUnchecked(LocalCache.java:4964)
	at com.github.bingoohuang.excel2beans.ReflectAsmCache.setFieldValue(ReflectAsmCache.java:33)
	at com.github.bingoohuang.excel2beans.ExcelBeanField.setFieldValue(ExcelBeanField.java:56)
	at com.github.bingoohuang.excel2beans.RowObjectCreator.processRow(RowObjectCreator.java:65)
	at com.github.bingoohuang.excel2beans.RowObjectCreator.createObject(RowObjectCreator.java:49)
	at com.github.bingoohuang.excel2beans.ExcelSheetToBeans.convert(ExcelSheetToBeans.java:60)
	at com.github.bingoohuang.excel2beans.ExcelToBeans.convert(ExcelToBeans.java:36)
	at com.github.bingoohuang.excel2beans.EtTest.member(EtTest.java:49)
	at sun.reflect.NativeMethodAccessorImpl.invoke0(Native Method)
	at sun.reflect.NativeMethodAccessorImpl.invoke(NativeMethodAccessorImpl.java:62)
	at sun.reflect.DelegatingMethodAccessorImpl.invoke(DelegatingMethodAccessorImpl.java:43)
	at java.lang.reflect.Method.invoke(Method.java:498)
	at org.junit.runners.model.FrameworkMethod$1.runReflectiveCall(FrameworkMethod.java:50)
	at org.junit.internal.runners.model.ReflectiveCallable.run(ReflectiveCallable.java:12)
	at org.junit.runners.model.FrameworkMethod.invokeExplosively(FrameworkMethod.java:47)
	at org.junit.internal.runners.statements.InvokeMethod.evaluate(InvokeMethod.java:17)
	at org.junit.runners.ParentRunner.runLeaf(ParentRunner.java:325)
	at org.junit.runners.BlockJUnit4ClassRunner.runChild(BlockJUnit4ClassRunner.java:78)
	at org.junit.runners.BlockJUnit4ClassRunner.runChild(BlockJUnit4ClassRunner.java:57)
	at org.junit.runners.ParentRunner$3.run(ParentRunner.java:290)
	at org.junit.runners.ParentRunner$1.schedule(ParentRunner.java:71)
	at org.junit.runners.ParentRunner.runChildren(ParentRunner.java:288)
	at org.junit.runners.ParentRunner.access$000(ParentRunner.java:58)
	at org.junit.runners.ParentRunner$2.evaluate(ParentRunner.java:268)
	at org.junit.runners.ParentRunner.run(ParentRunner.java:363)
	at org.apache.maven.surefire.junit4.JUnit4Provider.execute(JUnit4Provider.java:367)
	at org.apache.maven.surefire.junit4.JUnit4Provider.executeWithRerun(JUnit4Provider.java:274)
	at org.apache.maven.surefire.junit4.JUnit4Provider.executeTestSet(JUnit4Provider.java:238)
	at org.apache.maven.surefire.junit4.JUnit4Provider.invoke(JUnit4Provider.java:161)
	at org.apache.maven.surefire.booter.ForkedBooter.invokeProviderInSameClassLoader(ForkedBooter.java:290)
	at org.apache.maven.surefire.booter.ForkedBooter.runSuitesInProcess(ForkedBooter.java:242)
	at org.apache.maven.surefire.booter.ForkedBooter.main(ForkedBooter.java:121)
Caused by: java.io.IOException: Error while instrumenting com/github/bingoohuang/excel2beans/EtTest$EtCardMethodAccess.
	at org.jacoco.agent.rt.internal_43f5073.core.instr.Instrumenter.instrumentError(Instrumenter.java:159)
	at org.jacoco.agent.rt.internal_43f5073.core.instr.Instrumenter.instrument(Instrumenter.java:109)
	at org.jacoco.agent.rt.internal_43f5073.CoverageTransformer.transform(CoverageTransformer.java:92)
	... 52 more
Caused by: java.lang.IllegalArgumentException
	at org.jacoco.agent.rt.internal_43f5073.asm.ClassReader.readVerificationTypeInfo(ClassReader.java:3178)
	at org.jacoco.agent.rt.internal_43f5073.asm.ClassReader.readStackMapFrame(ClassReader.java:3105)
	at org.jacoco.agent.rt.internal_43f5073.asm.ClassReader.readCode(ClassReader.java:1855)
	at org.jacoco.agent.rt.internal_43f5073.asm.ClassReader.readMethod(ClassReader.java:1284)
	at org.jacoco.agent.rt.internal_43f5073.asm.ClassReader.accept(ClassReader.java:688)
	at org.jacoco.agent.rt.internal_43f5073.asm.ClassReader.accept(ClassReader.java:400)
	at org.jacoco.agent.rt.internal_43f5073.core.instr.Instrumenter.instrument(Instrumenter.java:89)
	at org.jacoco.agent.rt.internal_43f5073.core.instr.Instrumenter.instrument(Instrumenter.java:107)
	... 53 more
Tests run: 1, Failures: 0, Errors: 0, Skipped: 0, Time elapsed: 0.341 sec - in com.github.bingoohuang.excel2beans.EtTest
Running com.github.bingoohuang.excel2beans.MultipleColumnsTest
java.lang.instrument.IllegalClassFormatException: Error while instrumenting com/github/bingoohuang/excel2beans/MultipleColumnsTest$AfTvPlayBeanMethodAccess.
	at org.jacoco.agent.rt.internal_43f5073.CoverageTransformer.transform(CoverageTransformer.java:94)
	at sun.instrument.TransformerManager.transform(TransformerManager.java:188)
	at sun.instrument.InstrumentationImpl.transform(InstrumentationImpl.java:428)
	at java.lang.ClassLoader.defineClass1(Native Method)
	at java.lang.ClassLoader.defineClass(ClassLoader.java:756)
	at sun.reflect.NativeMethodAccessorImpl.invoke0(Native Method)
	at sun.reflect.NativeMethodAccessorImpl.invoke(NativeMethodAccessorImpl.java:62)
	at sun.reflect.DelegatingMethodAccessorImpl.invoke(DelegatingMethodAccessorImpl.java:43)
	at java.lang.reflect.Method.invoke(Method.java:498)
	at com.esotericsoftware.reflectasm.AccessClassLoader.defineClass(AccessClassLoader.java:73)
	at com.esotericsoftware.reflectasm.AccessClassLoader.defineAccessClass(AccessClassLoader.java:57)
	at com.esotericsoftware.reflectasm.MethodAccess.get(MethodAccess.java:276)
	at com.github.bingoohuang.excel2beans.ReflectAsmCache$1.load(ReflectAsmCache.java:19)
	at com.github.bingoohuang.excel2beans.ReflectAsmCache$1.load(ReflectAsmCache.java:17)
	at com.google.common.cache.LocalCache$LoadingValueReference.loadFuture(LocalCache.java:3529)
	at com.google.common.cache.LocalCache$Segment.loadSync(LocalCache.java:2278)
	at com.google.common.cache.LocalCache$Segment.lockedGetOrLoad(LocalCache.java:2155)
	at com.google.common.cache.LocalCache$Segment.get(LocalCache.java:2045)
	at com.google.common.cache.LocalCache.get(LocalCache.java:3951)
	at com.google.common.cache.LocalCache.getOrLoad(LocalCache.java:3974)
	at com.google.common.cache.LocalCache$LocalLoadingCache.get(LocalCache.java:4958)
	at com.google.common.cache.LocalCache$LocalLoadingCache.getUnchecked(LocalCache.java:4964)
	at com.github.bingoohuang.excel2beans.ReflectAsmCache.setFieldValue(ReflectAsmCache.java:33)
	at com.github.bingoohuang.excel2beans.ExcelBeanField.setFieldValue(ExcelBeanField.java:56)
	at com.github.bingoohuang.excel2beans.RowObjectCreator.processRow(RowObjectCreator.java:65)
	at com.github.bingoohuang.excel2beans.RowObjectCreator.createObject(RowObjectCreator.java:49)
	at com.github.bingoohuang.excel2beans.ExcelSheetToBeans.convert(ExcelSheetToBeans.java:60)
	at com.github.bingoohuang.excel2beans.ExcelToBeans.convert(ExcelToBeans.java:36)
	at com.github.bingoohuang.excel2beans.MultipleColumnsTest.testAf(MultipleColumnsTest.java:32)
	at sun.reflect.NativeMethodAccessorImpl.invoke0(Native Method)
	at sun.reflect.NativeMethodAccessorImpl.invoke(NativeMethodAccessorImpl.java:62)
	at sun.reflect.DelegatingMethodAccessorImpl.invoke(DelegatingMethodAccessorImpl.java:43)
	at java.lang.reflect.Method.invoke(Method.java:498)
	at org.junit.runners.model.FrameworkMethod$1.runReflectiveCall(FrameworkMethod.java:50)
	at org.junit.internal.runners.model.ReflectiveCallable.run(ReflectiveCallable.java:12)
	at org.junit.runners.model.FrameworkMethod.invokeExplosively(FrameworkMethod.java:47)
	at org.junit.internal.runners.statements.InvokeMethod.evaluate(InvokeMethod.java:17)
	at org.junit.runners.ParentRunner.runLeaf(ParentRunner.java:325)
	at org.junit.runners.BlockJUnit4ClassRunner.runChild(BlockJUnit4ClassRunner.java:78)
	at org.junit.runners.BlockJUnit4ClassRunner.runChild(BlockJUnit4ClassRunner.java:57)
	at org.junit.runners.ParentRunner$3.run(ParentRunner.java:290)
	at org.junit.runners.ParentRunner$1.schedule(ParentRunner.java:71)
	at org.junit.runners.ParentRunner.runChildren(ParentRunner.java:288)
	at org.junit.runners.ParentRunner.access$000(ParentRunner.java:58)
	at org.junit.runners.ParentRunner$2.evaluate(ParentRunner.java:268)
	at org.junit.runners.ParentRunner.run(ParentRunner.java:363)
	at org.apache.maven.surefire.junit4.JUnit4Provider.execute(JUnit4Provider.java:367)
	at org.apache.maven.surefire.junit4.JUnit4Provider.executeWithRerun(JUnit4Provider.java:274)
	at org.apache.maven.surefire.junit4.JUnit4Provider.executeTestSet(JUnit4Provider.java:238)
	at org.apache.maven.surefire.junit4.JUnit4Provider.invoke(JUnit4Provider.java:161)
	at org.apache.maven.surefire.booter.ForkedBooter.invokeProviderInSameClassLoader(ForkedBooter.java:290)
	at org.apache.maven.surefire.booter.ForkedBooter.runSuitesInProcess(ForkedBooter.java:242)
	at org.apache.maven.surefire.booter.ForkedBooter.main(ForkedBooter.java:121)
Caused by: java.io.IOException: Error while instrumenting com/github/bingoohuang/excel2beans/MultipleColumnsTest$AfTvPlayBeanMethodAccess.
	at org.jacoco.agent.rt.internal_43f5073.core.instr.Instrumenter.instrumentError(Instrumenter.java:159)
	at org.jacoco.agent.rt.internal_43f5073.core.instr.Instrumenter.instrument(Instrumenter.java:109)
	at org.jacoco.agent.rt.internal_43f5073.CoverageTransformer.transform(CoverageTransformer.java:92)
	... 52 more
Caused by: java.lang.IllegalArgumentException
	at org.jacoco.agent.rt.internal_43f5073.asm.ClassReader.readVerificationTypeInfo(ClassReader.java:3178)
	at org.jacoco.agent.rt.internal_43f5073.asm.ClassReader.readStackMapFrame(ClassReader.java:3105)
	at org.jacoco.agent.rt.internal_43f5073.asm.ClassReader.readCode(ClassReader.java:1855)
	at org.jacoco.agent.rt.internal_43f5073.asm.ClassReader.readMethod(ClassReader.java:1284)
	at org.jacoco.agent.rt.internal_43f5073.asm.ClassReader.accept(ClassReader.java:688)
	at org.jacoco.agent.rt.internal_43f5073.asm.ClassReader.accept(ClassReader.java:400)
	at org.jacoco.agent.rt.internal_43f5073.core.instr.Instrumenter.instrument(Instrumenter.java:89)
	at org.jacoco.agent.rt.internal_43f5073.core.instr.Instrumenter.instrument(Instrumenter.java:107)
	... 53 more
java.lang.instrument.IllegalClassFormatException: Error while instrumenting com/github/bingoohuang/excel2beans/MultipleColumnsTest$MultipleColumnsBeanWithTitleMethodAccess.
	at org.jacoco.agent.rt.internal_43f5073.CoverageTransformer.transform(CoverageTransformer.java:94)
	at sun.instrument.TransformerManager.transform(TransformerManager.java:188)
	at sun.instrument.InstrumentationImpl.transform(InstrumentationImpl.java:428)
	at java.lang.ClassLoader.defineClass1(Native Method)
	at java.lang.ClassLoader.defineClass(ClassLoader.java:756)
	at sun.reflect.NativeMethodAccessorImpl.invoke0(Native Method)
	at sun.reflect.NativeMethodAccessorImpl.invoke(NativeMethodAccessorImpl.java:62)
	at sun.reflect.DelegatingMethodAccessorImpl.invoke(DelegatingMethodAccessorImpl.java:43)
	at java.lang.reflect.Method.invoke(Method.java:498)
	at com.esotericsoftware.reflectasm.AccessClassLoader.defineClass(AccessClassLoader.java:73)
	at com.esotericsoftware.reflectasm.AccessClassLoader.defineAccessClass(AccessClassLoader.java:57)
	at com.esotericsoftware.reflectasm.MethodAccess.get(MethodAccess.java:276)
	at com.github.bingoohuang.excel2beans.ReflectAsmCache$1.load(ReflectAsmCache.java:19)
	at com.github.bingoohuang.excel2beans.ReflectAsmCache$1.load(ReflectAsmCache.java:17)
	at com.google.common.cache.LocalCache$LoadingValueReference.loadFuture(LocalCache.java:3529)
	at com.google.common.cache.LocalCache$Segment.loadSync(LocalCache.java:2278)
	at com.google.common.cache.LocalCache$Segment.lockedGetOrLoad(LocalCache.java:2155)
	at com.google.common.cache.LocalCache$Segment.get(LocalCache.java:2045)
	at com.google.common.cache.LocalCache.get(LocalCache.java:3951)
	at com.google.common.cache.LocalCache.getOrLoad(LocalCache.java:3974)
	at com.google.common.cache.LocalCache$LocalLoadingCache.get(LocalCache.java:4958)
	at com.google.common.cache.LocalCache$LocalLoadingCache.getUnchecked(LocalCache.java:4964)
	at com.github.bingoohuang.excel2beans.ReflectAsmCache.setFieldValue(ReflectAsmCache.java:33)
	at com.github.bingoohuang.excel2beans.ExcelBeanField.setFieldValue(ExcelBeanField.java:56)
	at com.github.bingoohuang.excel2beans.RowObjectCreator.processRow(RowObjectCreator.java:65)
	at com.github.bingoohuang.excel2beans.RowObjectCreator.createObject(RowObjectCreator.java:49)
	at com.github.bingoohuang.excel2beans.ExcelSheetToBeans.convert(ExcelSheetToBeans.java:60)
	at com.github.bingoohuang.excel2beans.ExcelToBeans.convert(ExcelToBeans.java:36)
	at com.github.bingoohuang.excel2beans.MultipleColumnsTest.test(MultipleColumnsTest.java:171)
	at sun.reflect.NativeMethodAccessorImpl.invoke0(Native Method)
	at sun.reflect.NativeMethodAccessorImpl.invoke(NativeMethodAccessorImpl.java:62)
	at sun.reflect.DelegatingMethodAccessorImpl.invoke(DelegatingMethodAccessorImpl.java:43)
	at java.lang.reflect.Method.invoke(Method.java:498)
	at org.junit.runners.model.FrameworkMethod$1.runReflectiveCall(FrameworkMethod.java:50)
	at org.junit.internal.runners.model.ReflectiveCallable.run(ReflectiveCallable.java:12)
	at org.junit.runners.model.FrameworkMethod.invokeExplosively(FrameworkMethod.java:47)
	at org.junit.internal.runners.statements.InvokeMethod.evaluate(InvokeMethod.java:17)
	at org.junit.runners.ParentRunner.runLeaf(ParentRunner.java:325)
	at org.junit.runners.BlockJUnit4ClassRunner.runChild(BlockJUnit4ClassRunner.java:78)
	at org.junit.runners.BlockJUnit4ClassRunner.runChild(BlockJUnit4ClassRunner.java:57)
	at org.junit.runners.ParentRunner$3.run(ParentRunner.java:290)
	at org.junit.runners.ParentRunner$1.schedule(ParentRunner.java:71)
	at org.junit.runners.ParentRunner.runChildren(ParentRunner.java:288)
	at org.junit.runners.ParentRunner.access$000(ParentRunner.java:58)
	at org.junit.runners.ParentRunner$2.evaluate(ParentRunner.java:268)
	at org.junit.runners.ParentRunner.run(ParentRunner.java:363)
	at org.apache.maven.surefire.junit4.JUnit4Provider.execute(JUnit4Provider.java:367)
	at org.apache.maven.surefire.junit4.JUnit4Provider.executeWithRerun(JUnit4Provider.java:274)
	at org.apache.maven.surefire.junit4.JUnit4Provider.executeTestSet(JUnit4Provider.java:238)
	at org.apache.maven.surefire.junit4.JUnit4Provider.invoke(JUnit4Provider.java:161)
	at org.apache.maven.surefire.booter.ForkedBooter.invokeProviderInSameClassLoader(ForkedBooter.java:290)
	at org.apache.maven.surefire.booter.ForkedBooter.runSuitesInProcess(ForkedBooter.java:242)
	at org.apache.maven.surefire.booter.ForkedBooter.main(ForkedBooter.java:121)
Caused by: java.io.IOException: Error while instrumenting com/github/bingoohuang/excel2beans/MultipleColumnsTest$MultipleColumnsBeanWithTitleMethodAccess.
	at org.jacoco.agent.rt.internal_43f5073.core.instr.Instrumenter.instrumentError(Instrumenter.java:159)
	at org.jacoco.agent.rt.internal_43f5073.core.instr.Instrumenter.instrument(Instrumenter.java:109)
	at org.jacoco.agent.rt.internal_43f5073.CoverageTransformer.transform(CoverageTransformer.java:92)
	... 52 more
Caused by: java.lang.IllegalArgumentException
	at org.jacoco.agent.rt.internal_43f5073.asm.ClassReader.readVerificationTypeInfo(ClassReader.java:3178)
	at org.jacoco.agent.rt.internal_43f5073.asm.ClassReader.readStackMapFrame(ClassReader.java:3105)
	at org.jacoco.agent.rt.internal_43f5073.asm.ClassReader.readCode(ClassReader.java:1855)
	at org.jacoco.agent.rt.internal_43f5073.asm.ClassReader.readMethod(ClassReader.java:1284)
	at org.jacoco.agent.rt.internal_43f5073.asm.ClassReader.accept(ClassReader.java:688)
	at org.jacoco.agent.rt.internal_43f5073.asm.ClassReader.accept(ClassReader.java:400)
	at org.jacoco.agent.rt.internal_43f5073.core.instr.Instrumenter.instrument(Instrumenter.java:89)
	at org.jacoco.agent.rt.internal_43f5073.core.instr.Instrumenter.instrument(Instrumenter.java:107)
	... 53 more
21:01:26.364 [main] DEBUG com.github.bingoohuang.excel2beans.ExcelBeanFieldParser bean field private java.util.Map com.github.bingoohuang.excel2beans.MultipleColumnsTest$AfTvPlayBeanAttach.cellDataMap was ignored by unsupported type interface java.util.Map
java.lang.instrument.IllegalClassFormatException: Error while instrumenting com/github/bingoohuang/excel2beans/MultipleColumnsTest$AfTvPlayBeanAttachMethodAccess.
	at org.jacoco.agent.rt.internal_43f5073.CoverageTransformer.transform(CoverageTransformer.java:94)
	at sun.instrument.TransformerManager.transform(TransformerManager.java:188)
	at sun.instrument.InstrumentationImpl.transform(InstrumentationImpl.java:428)
	at java.lang.ClassLoader.defineClass1(Native Method)
	at java.lang.ClassLoader.defineClass(ClassLoader.java:756)
	at sun.reflect.NativeMethodAccessorImpl.invoke0(Native Method)
	at sun.reflect.NativeMethodAccessorImpl.invoke(NativeMethodAccessorImpl.java:62)
	at sun.reflect.DelegatingMethodAccessorImpl.invoke(DelegatingMethodAccessorImpl.java:43)
	at java.lang.reflect.Method.invoke(Method.java:498)
	at com.esotericsoftware.reflectasm.AccessClassLoader.defineClass(AccessClassLoader.java:73)
	at com.esotericsoftware.reflectasm.AccessClassLoader.defineAccessClass(AccessClassLoader.java:57)
	at com.esotericsoftware.reflectasm.MethodAccess.get(MethodAccess.java:276)
	at com.github.bingoohuang.excel2beans.ReflectAsmCache$1.load(ReflectAsmCache.java:19)
	at com.github.bingoohuang.excel2beans.ReflectAsmCache$1.load(ReflectAsmCache.java:17)
	at com.google.common.cache.LocalCache$LoadingValueReference.loadFuture(LocalCache.java:3529)
	at com.google.common.cache.LocalCache$Segment.loadSync(LocalCache.java:2278)
	at com.google.common.cache.LocalCache$Segment.lockedGetOrLoad(LocalCache.java:2155)
	at com.google.common.cache.LocalCache$Segment.get(LocalCache.java:2045)
	at com.google.common.cache.LocalCache.get(LocalCache.java:3951)
	at com.google.common.cache.LocalCache.getOrLoad(LocalCache.java:3974)
	at com.google.common.cache.LocalCache$LocalLoadingCache.get(LocalCache.java:4958)
	at com.google.common.cache.LocalCache$LocalLoadingCache.getUnchecked(LocalCache.java:4964)
	at com.github.bingoohuang.excel2beans.ReflectAsmCache.setFieldValue(ReflectAsmCache.java:33)
	at com.github.bingoohuang.excel2beans.ExcelBeanField.setFieldValue(ExcelBeanField.java:56)
	at com.github.bingoohuang.excel2beans.RowObjectCreator.processRow(RowObjectCreator.java:65)
	at com.github.bingoohuang.excel2beans.RowObjectCreator.createObject(RowObjectCreator.java:49)
	at com.github.bingoohuang.excel2beans.ExcelSheetToBeans.convert(ExcelSheetToBeans.java:60)
	at com.github.bingoohuang.excel2beans.ExcelToBeans.convert(ExcelToBeans.java:36)
	at com.github.bingoohuang.excel2beans.MultipleColumnsTest.testAfAttach(MultipleColumnsTest.java:61)
	at sun.reflect.NativeMethodAccessorImpl.invoke0(Native Method)
	at sun.reflect.NativeMethodAccessorImpl.invoke(NativeMethodAccessorImpl.java:62)
	at sun.reflect.DelegatingMethodAccessorImpl.invoke(DelegatingMethodAccessorImpl.java:43)
	at java.lang.reflect.Method.invoke(Method.java:498)
	at org.junit.runners.model.FrameworkMethod$1.runReflectiveCall(FrameworkMethod.java:50)
	at org.junit.internal.runners.model.ReflectiveCallable.run(ReflectiveCallable.java:12)
	at org.junit.runners.model.FrameworkMethod.invokeExplosively(FrameworkMethod.java:47)
	at org.junit.internal.runners.statements.InvokeMethod.evaluate(InvokeMethod.java:17)
	at org.junit.runners.ParentRunner.runLeaf(ParentRunner.java:325)
	at org.junit.runners.BlockJUnit4ClassRunner.runChild(BlockJUnit4ClassRunner.java:78)
	at org.junit.runners.BlockJUnit4ClassRunner.runChild(BlockJUnit4ClassRunner.java:57)
	at org.junit.runners.ParentRunner$3.run(ParentRunner.java:290)
	at org.junit.runners.ParentRunner$1.schedule(ParentRunner.java:71)
	at org.junit.runners.ParentRunner.runChildren(ParentRunner.java:288)
	at org.junit.runners.ParentRunner.access$000(ParentRunner.java:58)
	at org.junit.runners.ParentRunner$2.evaluate(ParentRunner.java:268)
	at org.junit.runners.ParentRunner.run(ParentRunner.java:363)
	at org.apache.maven.surefire.junit4.JUnit4Provider.execute(JUnit4Provider.java:367)
	at org.apache.maven.surefire.junit4.JUnit4Provider.executeWithRerun(JUnit4Provider.java:274)
	at org.apache.maven.surefire.junit4.JUnit4Provider.executeTestSet(JUnit4Provider.java:238)
	at org.apache.maven.surefire.junit4.JUnit4Provider.invoke(JUnit4Provider.java:161)
	at org.apache.maven.surefire.booter.ForkedBooter.invokeProviderInSameClassLoader(ForkedBooter.java:290)
	at org.apache.maven.surefire.booter.ForkedBooter.runSuitesInProcess(ForkedBooter.java:242)
	at org.apache.maven.surefire.booter.ForkedBooter.main(ForkedBooter.java:121)
Caused by: java.io.IOException: Error while instrumenting com/github/bingoohuang/excel2beans/MultipleColumnsTest$AfTvPlayBeanAttachMethodAccess.
	at org.jacoco.agent.rt.internal_43f5073.core.instr.Instrumenter.instrumentError(Instrumenter.java:159)
	at org.jacoco.agent.rt.internal_43f5073.core.instr.Instrumenter.instrument(Instrumenter.java:109)
	at org.jacoco.agent.rt.internal_43f5073.CoverageTransformer.transform(CoverageTransformer.java:92)
	... 52 more
Caused by: java.lang.IllegalArgumentException
	at org.jacoco.agent.rt.internal_43f5073.asm.ClassReader.readVerificationTypeInfo(ClassReader.java:3178)
	at org.jacoco.agent.rt.internal_43f5073.asm.ClassReader.readStackMapFrame(ClassReader.java:3105)
	at org.jacoco.agent.rt.internal_43f5073.asm.ClassReader.readCode(ClassReader.java:1855)
	at org.jacoco.agent.rt.internal_43f5073.asm.ClassReader.readMethod(ClassReader.java:1284)
	at org.jacoco.agent.rt.internal_43f5073.asm.ClassReader.accept(ClassReader.java:688)
	at org.jacoco.agent.rt.internal_43f5073.asm.ClassReader.accept(ClassReader.java:400)
	at org.jacoco.agent.rt.internal_43f5073.core.instr.Instrumenter.instrument(Instrumenter.java:89)
	at org.jacoco.agent.rt.internal_43f5073.core.instr.Instrumenter.instrument(Instrumenter.java:107)
	... 53 more
Tests run: 3, Failures: 0, Errors: 0, Skipped: 0, Time elapsed: 0.17 sec - in com.github.bingoohuang.excel2beans.MultipleColumnsTest
Running com.github.bingoohuang.beans2excel.CepingTest
Tests run: 1, Failures: 0, Errors: 0, Skipped: 0, Time elapsed: 0.925 sec - in com.github.bingoohuang.beans2excel.CepingTest
Running com.github.bingoohuang.beans2excel.ColumnsExtendTest
Tests run: 1, Failures: 0, Errors: 0, Skipped: 0, Time elapsed: 0.073 sec - in com.github.bingoohuang.beans2excel.ColumnsExtendTest
Running com.github.bingoohuang.beans2excel.AssignmentTest
java.lang.instrument.IllegalClassFormatException: Error while instrumenting com/github/bingoohuang/beans2excel/AssignmentTest$ExportFollowUserExcelRowMethodAccess.
	at org.jacoco.agent.rt.internal_43f5073.CoverageTransformer.transform(CoverageTransformer.java:94)
	at sun.instrument.TransformerManager.transform(TransformerManager.java:188)
	at sun.instrument.InstrumentationImpl.transform(InstrumentationImpl.java:428)
	at java.lang.ClassLoader.defineClass1(Native Method)
	at java.lang.ClassLoader.defineClass(ClassLoader.java:756)
	at sun.reflect.NativeMethodAccessorImpl.invoke0(Native Method)
	at sun.reflect.NativeMethodAccessorImpl.invoke(NativeMethodAccessorImpl.java:62)
	at sun.reflect.DelegatingMethodAccessorImpl.invoke(DelegatingMethodAccessorImpl.java:43)
	at java.lang.reflect.Method.invoke(Method.java:498)
	at com.esotericsoftware.reflectasm.AccessClassLoader.defineClass(AccessClassLoader.java:73)
	at com.esotericsoftware.reflectasm.AccessClassLoader.defineAccessClass(AccessClassLoader.java:57)
	at com.esotericsoftware.reflectasm.MethodAccess.get(MethodAccess.java:276)
	at com.github.bingoohuang.excel2beans.ReflectAsmCache$1.load(ReflectAsmCache.java:19)
	at com.github.bingoohuang.excel2beans.ReflectAsmCache$1.load(ReflectAsmCache.java:17)
	at com.google.common.cache.LocalCache$LoadingValueReference.loadFuture(LocalCache.java:3529)
	at com.google.common.cache.LocalCache$Segment.loadSync(LocalCache.java:2278)
	at com.google.common.cache.LocalCache$Segment.lockedGetOrLoad(LocalCache.java:2155)
	at com.google.common.cache.LocalCache$Segment.get(LocalCache.java:2045)
	at com.google.common.cache.LocalCache.get(LocalCache.java:3951)
	at com.google.common.cache.LocalCache.getOrLoad(LocalCache.java:3974)
	at com.google.common.cache.LocalCache$LocalLoadingCache.get(LocalCache.java:4958)
	at com.google.common.cache.LocalCache$LocalLoadingCache.getUnchecked(LocalCache.java:4964)
	at com.github.bingoohuang.excel2beans.ReflectAsmCache.getFieldValue(ReflectAsmCache.java:51)
	at com.github.bingoohuang.excel2beans.ExcelBeanField.getFieldValue(ExcelBeanField.java:60)
	at com.github.bingoohuang.excel2beans.BeansToExcel.lambda$writeRowCells$3(BeansToExcel.java:91)
	at java.util.stream.Streams$RangeIntSpliterator.forEachRemaining(Streams.java:110)
	at java.util.stream.IntPipeline$Head.forEach(IntPipeline.java:581)
	at com.github.bingoohuang.excel2beans.BeansToExcel.writeRowCells(BeansToExcel.java:87)
	at com.github.bingoohuang.excel2beans.BeansToExcel.writeBeanToExcel(BeansToExcel.java:65)
	at com.github.bingoohuang.excel2beans.BeansToExcel.lambda$null$0(BeansToExcel.java:57)
	at java.util.ArrayList.forEach(ArrayList.java:1259)
	at com.github.bingoohuang.excel2beans.BeansToExcel.lambda$create$1(BeansToExcel.java:57)
	at java.util.Spliterators$ArraySpliterator.forEachRemaining(Spliterators.java:948)
	at java.util.stream.ReferencePipeline$Head.forEach(ReferencePipeline.java:647)
	at com.github.bingoohuang.excel2beans.BeansToExcel.create(BeansToExcel.java:57)
	at com.github.bingoohuang.excel2beans.BeansToExcel.create(BeansToExcel.java:41)
	at com.github.bingoohuang.beans2excel.AssignmentTest.createExcel(AssignmentTest.java:33)
	at com.github.bingoohuang.beans2excel.AssignmentTest.test(AssignmentTest.java:23)
	at sun.reflect.NativeMethodAccessorImpl.invoke0(Native Method)
	at sun.reflect.NativeMethodAccessorImpl.invoke(NativeMethodAccessorImpl.java:62)
	at sun.reflect.DelegatingMethodAccessorImpl.invoke(DelegatingMethodAccessorImpl.java:43)
	at java.lang.reflect.Method.invoke(Method.java:498)
	at org.junit.runners.model.FrameworkMethod$1.runReflectiveCall(FrameworkMethod.java:50)
	at org.junit.internal.runners.model.ReflectiveCallable.run(ReflectiveCallable.java:12)
	at org.junit.runners.model.FrameworkMethod.invokeExplosively(FrameworkMethod.java:47)
	at org.junit.internal.runners.statements.InvokeMethod.evaluate(InvokeMethod.java:17)
	at org.junit.runners.ParentRunner.runLeaf(ParentRunner.java:325)
	at org.junit.runners.BlockJUnit4ClassRunner.runChild(BlockJUnit4ClassRunner.java:78)
	at org.junit.runners.BlockJUnit4ClassRunner.runChild(BlockJUnit4ClassRunner.java:57)
	at org.junit.runners.ParentRunner$3.run(ParentRunner.java:290)
	at org.junit.runners.ParentRunner$1.schedule(ParentRunner.java:71)
	at org.junit.runners.ParentRunner.runChildren(ParentRunner.java:288)
	at org.junit.runners.ParentRunner.access$000(ParentRunner.java:58)
	at org.junit.runners.ParentRunner$2.evaluate(ParentRunner.java:268)
	at org.junit.runners.ParentRunner.run(ParentRunner.java:363)
	at org.apache.maven.surefire.junit4.JUnit4Provider.execute(JUnit4Provider.java:367)
	at org.apache.maven.surefire.junit4.JUnit4Provider.executeWithRerun(JUnit4Provider.java:274)
	at org.apache.maven.surefire.junit4.JUnit4Provider.executeTestSet(JUnit4Provider.java:238)
	at org.apache.maven.surefire.junit4.JUnit4Provider.invoke(JUnit4Provider.java:161)
	at org.apache.maven.surefire.booter.ForkedBooter.invokeProviderInSameClassLoader(ForkedBooter.java:290)
	at org.apache.maven.surefire.booter.ForkedBooter.runSuitesInProcess(ForkedBooter.java:242)
	at org.apache.maven.surefire.booter.ForkedBooter.main(ForkedBooter.java:121)
Caused by: java.io.IOException: Error while instrumenting com/github/bingoohuang/beans2excel/AssignmentTest$ExportFollowUserExcelRowMethodAccess.
	at org.jacoco.agent.rt.internal_43f5073.core.instr.Instrumenter.instrumentError(Instrumenter.java:159)
	at org.jacoco.agent.rt.internal_43f5073.core.instr.Instrumenter.instrument(Instrumenter.java:109)
	at org.jacoco.agent.rt.internal_43f5073.CoverageTransformer.transform(CoverageTransformer.java:92)
	... 61 more
Caused by: java.lang.IllegalArgumentException
	at org.jacoco.agent.rt.internal_43f5073.asm.ClassReader.readVerificationTypeInfo(ClassReader.java:3178)
	at org.jacoco.agent.rt.internal_43f5073.asm.ClassReader.readStackMapFrame(ClassReader.java:3105)
	at org.jacoco.agent.rt.internal_43f5073.asm.ClassReader.readCode(ClassReader.java:1855)
	at org.jacoco.agent.rt.internal_43f5073.asm.ClassReader.readMethod(ClassReader.java:1284)
	at org.jacoco.agent.rt.internal_43f5073.asm.ClassReader.accept(ClassReader.java:688)
	at org.jacoco.agent.rt.internal_43f5073.asm.ClassReader.accept(ClassReader.java:400)
	at org.jacoco.agent.rt.internal_43f5073.core.instr.Instrumenter.instrument(Instrumenter.java:89)
	at org.jacoco.agent.rt.internal_43f5073.core.instr.Instrumenter.instrument(Instrumenter.java:107)
	... 62 more
Tests run: 1, Failures: 0, Errors: 0, Skipped: 0, Time elapsed: 0.752 sec - in com.github.bingoohuang.beans2excel.AssignmentTest
Running com.github.bingoohuang.beans2excel.EmojiTest
java.lang.instrument.IllegalClassFormatException: Error while instrumenting com/github/bingoohuang/beans2excel/EmojiTest$WxNickMethodAccess.
	at org.jacoco.agent.rt.internal_43f5073.CoverageTransformer.transform(CoverageTransformer.java:94)
	at sun.instrument.TransformerManager.transform(TransformerManager.java:188)
	at sun.instrument.InstrumentationImpl.transform(InstrumentationImpl.java:428)
	at java.lang.ClassLoader.defineClass1(Native Method)
	at java.lang.ClassLoader.defineClass(ClassLoader.java:756)
	at sun.reflect.NativeMethodAccessorImpl.invoke0(Native Method)
	at sun.reflect.NativeMethodAccessorImpl.invoke(NativeMethodAccessorImpl.java:62)
	at sun.reflect.DelegatingMethodAccessorImpl.invoke(DelegatingMethodAccessorImpl.java:43)
	at java.lang.reflect.Method.invoke(Method.java:498)
	at com.esotericsoftware.reflectasm.AccessClassLoader.defineClass(AccessClassLoader.java:73)
	at com.esotericsoftware.reflectasm.AccessClassLoader.defineAccessClass(AccessClassLoader.java:57)
	at com.esotericsoftware.reflectasm.MethodAccess.get(MethodAccess.java:276)
	at com.github.bingoohuang.excel2beans.ReflectAsmCache$1.load(ReflectAsmCache.java:19)
	at com.github.bingoohuang.excel2beans.ReflectAsmCache$1.load(ReflectAsmCache.java:17)
	at com.google.common.cache.LocalCache$LoadingValueReference.loadFuture(LocalCache.java:3529)
	at com.google.common.cache.LocalCache$Segment.loadSync(LocalCache.java:2278)
	at com.google.common.cache.LocalCache$Segment.lockedGetOrLoad(LocalCache.java:2155)
	at com.google.common.cache.LocalCache$Segment.get(LocalCache.java:2045)
	at com.google.common.cache.LocalCache.get(LocalCache.java:3951)
	at com.google.common.cache.LocalCache.getOrLoad(LocalCache.java:3974)
	at com.google.common.cache.LocalCache$LocalLoadingCache.get(LocalCache.java:4958)
	at com.google.common.cache.LocalCache$LocalLoadingCache.getUnchecked(LocalCache.java:4964)
	at com.github.bingoohuang.excel2beans.ReflectAsmCache.getFieldValue(ReflectAsmCache.java:51)
	at com.github.bingoohuang.excel2beans.ExcelBeanField.getFieldValue(ExcelBeanField.java:60)
	at com.github.bingoohuang.excel2beans.BeansToExcel.lambda$writeRowCells$3(BeansToExcel.java:91)
	at java.util.stream.Streams$RangeIntSpliterator.forEachRemaining(Streams.java:110)
	at java.util.stream.IntPipeline$Head.forEach(IntPipeline.java:581)
	at com.github.bingoohuang.excel2beans.BeansToExcel.writeRowCells(BeansToExcel.java:87)
	at com.github.bingoohuang.excel2beans.BeansToExcel.writeBeanToExcel(BeansToExcel.java:65)
	at com.github.bingoohuang.excel2beans.BeansToExcel.lambda$null$0(BeansToExcel.java:57)
	at java.util.ArrayList.forEach(ArrayList.java:1259)
	at com.github.bingoohuang.excel2beans.BeansToExcel.lambda$create$1(BeansToExcel.java:57)
	at java.util.Spliterators$ArraySpliterator.forEachRemaining(Spliterators.java:948)
	at java.util.stream.ReferencePipeline$Head.forEach(ReferencePipeline.java:647)
	at com.github.bingoohuang.excel2beans.BeansToExcel.create(BeansToExcel.java:57)
	at com.github.bingoohuang.excel2beans.BeansToExcel.create(BeansToExcel.java:41)
	at com.github.bingoohuang.beans2excel.EmojiTest.testWriteEmoji(EmojiTest.java:21)
	at sun.reflect.NativeMethodAccessorImpl.invoke0(Native Method)
	at sun.reflect.NativeMethodAccessorImpl.invoke(NativeMethodAccessorImpl.java:62)
	at sun.reflect.DelegatingMethodAccessorImpl.invoke(DelegatingMethodAccessorImpl.java:43)
	at java.lang.reflect.Method.invoke(Method.java:498)
	at org.junit.runners.model.FrameworkMethod$1.runReflectiveCall(FrameworkMethod.java:50)
	at org.junit.internal.runners.model.ReflectiveCallable.run(ReflectiveCallable.java:12)
	at org.junit.runners.model.FrameworkMethod.invokeExplosively(FrameworkMethod.java:47)
	at org.junit.internal.runners.statements.InvokeMethod.evaluate(InvokeMethod.java:17)
	at org.junit.runners.ParentRunner.runLeaf(ParentRunner.java:325)
	at org.junit.runners.BlockJUnit4ClassRunner.runChild(BlockJUnit4ClassRunner.java:78)
	at org.junit.runners.BlockJUnit4ClassRunner.runChild(BlockJUnit4ClassRunner.java:57)
	at org.junit.runners.ParentRunner$3.run(ParentRunner.java:290)
	at org.junit.runners.ParentRunner$1.schedule(ParentRunner.java:71)
	at org.junit.runners.ParentRunner.runChildren(ParentRunner.java:288)
	at org.junit.runners.ParentRunner.access$000(ParentRunner.java:58)
	at org.junit.runners.ParentRunner$2.evaluate(ParentRunner.java:268)
	at org.junit.runners.ParentRunner.run(ParentRunner.java:363)
	at org.apache.maven.surefire.junit4.JUnit4Provider.execute(JUnit4Provider.java:367)
	at org.apache.maven.surefire.junit4.JUnit4Provider.executeWithRerun(JUnit4Provider.java:274)
	at org.apache.maven.surefire.junit4.JUnit4Provider.executeTestSet(JUnit4Provider.java:238)
	at org.apache.maven.surefire.junit4.JUnit4Provider.invoke(JUnit4Provider.java:161)
	at org.apache.maven.surefire.booter.ForkedBooter.invokeProviderInSameClassLoader(ForkedBooter.java:290)
	at org.apache.maven.surefire.booter.ForkedBooter.runSuitesInProcess(ForkedBooter.java:242)
	at org.apache.maven.surefire.booter.ForkedBooter.main(ForkedBooter.java:121)
Caused by: java.io.IOException: Error while instrumenting com/github/bingoohuang/beans2excel/EmojiTest$WxNickMethodAccess.
	at org.jacoco.agent.rt.internal_43f5073.core.instr.Instrumenter.instrumentError(Instrumenter.java:159)
	at org.jacoco.agent.rt.internal_43f5073.core.instr.Instrumenter.instrument(Instrumenter.java:109)
	at org.jacoco.agent.rt.internal_43f5073.CoverageTransformer.transform(CoverageTransformer.java:92)
	... 60 more
Caused by: java.lang.IllegalArgumentException
	at org.jacoco.agent.rt.internal_43f5073.asm.ClassReader.readVerificationTypeInfo(ClassReader.java:3178)
	at org.jacoco.agent.rt.internal_43f5073.asm.ClassReader.readStackMapFrame(ClassReader.java:3105)
	at org.jacoco.agent.rt.internal_43f5073.asm.ClassReader.readCode(ClassReader.java:1855)
	at org.jacoco.agent.rt.internal_43f5073.asm.ClassReader.readMethod(ClassReader.java:1284)
	at org.jacoco.agent.rt.internal_43f5073.asm.ClassReader.accept(ClassReader.java:688)
	at org.jacoco.agent.rt.internal_43f5073.asm.ClassReader.accept(ClassReader.java:400)
	at org.jacoco.agent.rt.internal_43f5073.core.instr.Instrumenter.instrument(Instrumenter.java:89)
	at org.jacoco.agent.rt.internal_43f5073.core.instr.Instrumenter.instrument(Instrumenter.java:107)
	... 61 more
Tests run: 2, Failures: 0, Errors: 0, Skipped: 0, Time elapsed: 0.08 sec - in com.github.bingoohuang.beans2excel.EmojiTest
Running com.github.bingoohuang.beans2excel.BeansToExcelOnTitleTest
21:01:28.433 [main] WARN  com.github.bingoohuang.excel2beans.BeansToExcelOnTitle duplicate titles 数学能力 found at 批量导出!GC3, 批量导出!DR3
21:01:28.435 [main] WARN  com.github.bingoohuang.excel2beans.BeansToExcelOnTitle duplicate titles 同理心 found at 批量导出!CY3, 批量导出!EQ3
21:01:28.435 [main] WARN  com.github.bingoohuang.excel2beans.BeansToExcelOnTitle duplicate titles 总分 found at 批量导出!CA3, 批量导出!AN3
21:01:28.435 [main] WARN  com.github.bingoohuang.excel2beans.BeansToExcelOnTitle duplicate titles 逻辑推理 found at 批量导出!DM3, 批量导出!DQ3
21:01:28.435 [main] WARN  com.github.bingoohuang.excel2beans.BeansToExcelOnTitle duplicate titles 有效性 found at 批量导出!BJ3, 批量导出!BZ3
21:01:28.435 [main] WARN  com.github.bingoohuang.excel2beans.BeansToExcelOnTitle duplicate titles 言语能力 found at 批量导出!DL3, 批量导出!DP3
21:01:28.436 [main] WARN  com.github.bingoohuang.excel2beans.BeansToExcelOnTitle duplicate titles 综合得分 found at 批量导出!DK3, 批量导出!DO3
21:01:28.439 [main] WARN  com.github.bingoohuang.excel2beans.BeansToExcelOnTitle @ExcelColTitle(毕业年份) for graduate does not exist in template excel sheet
Tests run: 1, Failures: 0, Errors: 0, Skipped: 0, Time elapsed: 0.282 sec - in com.github.bingoohuang.beans2excel.BeansToExcelOnTitleTest
Running com.github.bingoohuang.beans2excel.BeansToExcelOnTemplateTest
21:01:28.691 [main] WARN  com.github.bingoohuang.excel2beans.BeansToExcelOnTemplate unable to locate template cell for field private java.util.List com.github.bingoohuang.beans2excel.CepingResult.itemComments
21:01:28.959 [main] WARN  com.github.bingoohuang.excel2beans.BeansToExcelOnTemplate unable to locate template cell for field private java.util.List com.github.bingoohuang.beans2excel.CepingResult.itemComments
Tests run: 2, Failures: 0, Errors: 0, Skipped: 0, Time elapsed: 0.823 sec - in com.github.bingoohuang.beans2excel.BeansToExcelOnTemplateTest
Running com.github.bingoohuang.beans2excel.SimpleTest
java.lang.instrument.IllegalClassFormatException: Error while instrumenting com/github/bingoohuang/beans2excel/SimpleTest$MemberMethodAccess.
	at org.jacoco.agent.rt.internal_43f5073.CoverageTransformer.transform(CoverageTransformer.java:94)
	at sun.instrument.TransformerManager.transform(TransformerManager.java:188)
	at sun.instrument.InstrumentationImpl.transform(InstrumentationImpl.java:428)
	at java.lang.ClassLoader.defineClass1(Native Method)
	at java.lang.ClassLoader.defineClass(ClassLoader.java:756)
	at sun.reflect.NativeMethodAccessorImpl.invoke0(Native Method)
	at sun.reflect.NativeMethodAccessorImpl.invoke(NativeMethodAccessorImpl.java:62)
	at sun.reflect.DelegatingMethodAccessorImpl.invoke(DelegatingMethodAccessorImpl.java:43)
	at java.lang.reflect.Method.invoke(Method.java:498)
	at com.esotericsoftware.reflectasm.AccessClassLoader.defineClass(AccessClassLoader.java:73)
	at com.esotericsoftware.reflectasm.AccessClassLoader.defineAccessClass(AccessClassLoader.java:57)
	at com.esotericsoftware.reflectasm.MethodAccess.get(MethodAccess.java:276)
	at com.github.bingoohuang.excel2beans.ReflectAsmCache$1.load(ReflectAsmCache.java:19)
	at com.github.bingoohuang.excel2beans.ReflectAsmCache$1.load(ReflectAsmCache.java:17)
	at com.google.common.cache.LocalCache$LoadingValueReference.loadFuture(LocalCache.java:3529)
	at com.google.common.cache.LocalCache$Segment.loadSync(LocalCache.java:2278)
	at com.google.common.cache.LocalCache$Segment.lockedGetOrLoad(LocalCache.java:2155)
	at com.google.common.cache.LocalCache$Segment.get(LocalCache.java:2045)
	at com.google.common.cache.LocalCache.get(LocalCache.java:3951)
	at com.google.common.cache.LocalCache.getOrLoad(LocalCache.java:3974)
	at com.google.common.cache.LocalCache$LocalLoadingCache.get(LocalCache.java:4958)
	at com.google.common.cache.LocalCache$LocalLoadingCache.getUnchecked(LocalCache.java:4964)
	at com.github.bingoohuang.excel2beans.ReflectAsmCache.getFieldValue(ReflectAsmCache.java:51)
	at com.github.bingoohuang.excel2beans.ExcelBeanField.getFieldValue(ExcelBeanField.java:60)
	at com.github.bingoohuang.excel2beans.BeansToExcel.lambda$writeRowCells$3(BeansToExcel.java:91)
	at java.util.stream.Streams$RangeIntSpliterator.forEachRemaining(Streams.java:110)
	at java.util.stream.IntPipeline$Head.forEach(IntPipeline.java:581)
	at com.github.bingoohuang.excel2beans.BeansToExcel.writeRowCells(BeansToExcel.java:87)
	at com.github.bingoohuang.excel2beans.BeansToExcel.writeBeanToExcel(BeansToExcel.java:65)
	at com.github.bingoohuang.excel2beans.BeansToExcel.lambda$null$0(BeansToExcel.java:57)
	at java.util.ArrayList.forEach(ArrayList.java:1259)
	at com.github.bingoohuang.excel2beans.BeansToExcel.lambda$create$1(BeansToExcel.java:57)
	at java.util.Spliterators$ArraySpliterator.forEachRemaining(Spliterators.java:948)
	at java.util.stream.ReferencePipeline$Head.forEach(ReferencePipeline.java:647)
	at com.github.bingoohuang.excel2beans.BeansToExcel.create(BeansToExcel.java:57)
	at com.github.bingoohuang.excel2beans.BeansToExcel.create(BeansToExcel.java:41)
	at com.github.bingoohuang.beans2excel.SimpleTest.createExcel(SimpleTest.java:111)
	at com.github.bingoohuang.beans2excel.SimpleTest.testTemplateIncludeColumns(SimpleTest.java:93)
	at sun.reflect.NativeMethodAccessorImpl.invoke0(Native Method)
	at sun.reflect.NativeMethodAccessorImpl.invoke(NativeMethodAccessorImpl.java:62)
	at sun.reflect.DelegatingMethodAccessorImpl.invoke(DelegatingMethodAccessorImpl.java:43)
	at java.lang.reflect.Method.invoke(Method.java:498)
	at org.junit.runners.model.FrameworkMethod$1.runReflectiveCall(FrameworkMethod.java:50)
	at org.junit.internal.runners.model.ReflectiveCallable.run(ReflectiveCallable.java:12)
	at org.junit.runners.model.FrameworkMethod.invokeExplosively(FrameworkMethod.java:47)
	at org.junit.internal.runners.statements.InvokeMethod.evaluate(InvokeMethod.java:17)
	at org.junit.runners.ParentRunner.runLeaf(ParentRunner.java:325)
	at org.junit.runners.BlockJUnit4ClassRunner.runChild(BlockJUnit4ClassRunner.java:78)
	at org.junit.runners.BlockJUnit4ClassRunner.runChild(BlockJUnit4ClassRunner.java:57)
	at org.junit.runners.ParentRunner$3.run(ParentRunner.java:290)
	at org.junit.runners.ParentRunner$1.schedule(ParentRunner.java:71)
	at org.junit.runners.ParentRunner.runChildren(ParentRunner.java:288)
	at org.junit.runners.ParentRunner.access$000(ParentRunner.java:58)
	at org.junit.runners.ParentRunner$2.evaluate(ParentRunner.java:268)
	at org.junit.runners.ParentRunner.run(ParentRunner.java:363)
	at org.apache.maven.surefire.junit4.JUnit4Provider.execute(JUnit4Provider.java:367)
	at org.apache.maven.surefire.junit4.JUnit4Provider.executeWithRerun(JUnit4Provider.java:274)
	at org.apache.maven.surefire.junit4.JUnit4Provider.executeTestSet(JUnit4Provider.java:238)
	at org.apache.maven.surefire.junit4.JUnit4Provider.invoke(JUnit4Provider.java:161)
	at org.apache.maven.surefire.booter.ForkedBooter.invokeProviderInSameClassLoader(ForkedBooter.java:290)
	at org.apache.maven.surefire.booter.ForkedBooter.runSuitesInProcess(ForkedBooter.java:242)
	at org.apache.maven.surefire.booter.ForkedBooter.main(ForkedBooter.java:121)
Caused by: java.io.IOException: Error while instrumenting com/github/bingoohuang/beans2excel/SimpleTest$MemberMethodAccess.
	at org.jacoco.agent.rt.internal_43f5073.core.instr.Instrumenter.instrumentError(Instrumenter.java:159)
	at org.jacoco.agent.rt.internal_43f5073.core.instr.Instrumenter.instrument(Instrumenter.java:109)
	at org.jacoco.agent.rt.internal_43f5073.CoverageTransformer.transform(CoverageTransformer.java:92)
	... 61 more
Caused by: java.lang.IllegalArgumentException
	at org.jacoco.agent.rt.internal_43f5073.asm.ClassReader.readVerificationTypeInfo(ClassReader.java:3178)
	at org.jacoco.agent.rt.internal_43f5073.asm.ClassReader.readStackMapFrame(ClassReader.java:3105)
	at org.jacoco.agent.rt.internal_43f5073.asm.ClassReader.readCode(ClassReader.java:1855)
	at org.jacoco.agent.rt.internal_43f5073.asm.ClassReader.readMethod(ClassReader.java:1284)
	at org.jacoco.agent.rt.internal_43f5073.asm.ClassReader.accept(ClassReader.java:688)
	at org.jacoco.agent.rt.internal_43f5073.asm.ClassReader.accept(ClassReader.java:400)
	at org.jacoco.agent.rt.internal_43f5073.core.instr.Instrumenter.instrument(Instrumenter.java:89)
	at org.jacoco.agent.rt.internal_43f5073.core.instr.Instrumenter.instrument(Instrumenter.java:107)
	... 62 more
java.lang.instrument.IllegalClassFormatException: Error while instrumenting com/github/bingoohuang/beans2excel/SimpleTest$ScheduleMethodAccess.
	at org.jacoco.agent.rt.internal_43f5073.CoverageTransformer.transform(CoverageTransformer.java:94)
	at sun.instrument.TransformerManager.transform(TransformerManager.java:188)
	at sun.instrument.InstrumentationImpl.transform(InstrumentationImpl.java:428)
	at java.lang.ClassLoader.defineClass1(Native Method)
	at java.lang.ClassLoader.defineClass(ClassLoader.java:756)
	at sun.reflect.GeneratedMethodAccessor4.invoke(Unknown Source)
	at sun.reflect.DelegatingMethodAccessorImpl.invoke(DelegatingMethodAccessorImpl.java:43)
	at java.lang.reflect.Method.invoke(Method.java:498)
	at com.esotericsoftware.reflectasm.AccessClassLoader.defineClass(AccessClassLoader.java:73)
	at com.esotericsoftware.reflectasm.AccessClassLoader.defineAccessClass(AccessClassLoader.java:57)
	at com.esotericsoftware.reflectasm.MethodAccess.get(MethodAccess.java:276)
	at com.github.bingoohuang.excel2beans.ReflectAsmCache$1.load(ReflectAsmCache.java:19)
	at com.github.bingoohuang.excel2beans.ReflectAsmCache$1.load(ReflectAsmCache.java:17)
	at com.google.common.cache.LocalCache$LoadingValueReference.loadFuture(LocalCache.java:3529)
	at com.google.common.cache.LocalCache$Segment.loadSync(LocalCache.java:2278)
	at com.google.common.cache.LocalCache$Segment.lockedGetOrLoad(LocalCache.java:2155)
	at com.google.common.cache.LocalCache$Segment.get(LocalCache.java:2045)
	at com.google.common.cache.LocalCache.get(LocalCache.java:3951)
	at com.google.common.cache.LocalCache.getOrLoad(LocalCache.java:3974)
	at com.google.common.cache.LocalCache$LocalLoadingCache.get(LocalCache.java:4958)
	at com.google.common.cache.LocalCache$LocalLoadingCache.getUnchecked(LocalCache.java:4964)
	at com.github.bingoohuang.excel2beans.ReflectAsmCache.getFieldValue(ReflectAsmCache.java:51)
	at com.github.bingoohuang.excel2beans.ExcelBeanField.getFieldValue(ExcelBeanField.java:60)
	at com.github.bingoohuang.excel2beans.BeansToExcel.lambda$writeRowCells$3(BeansToExcel.java:91)
	at java.util.stream.Streams$RangeIntSpliterator.forEachRemaining(Streams.java:110)
	at java.util.stream.IntPipeline$Head.forEach(IntPipeline.java:581)
	at com.github.bingoohuang.excel2beans.BeansToExcel.writeRowCells(BeansToExcel.java:87)
	at com.github.bingoohuang.excel2beans.BeansToExcel.writeBeanToExcel(BeansToExcel.java:65)
	at com.github.bingoohuang.excel2beans.BeansToExcel.lambda$null$0(BeansToExcel.java:57)
	at java.util.ArrayList.forEach(ArrayList.java:1259)
	at com.github.bingoohuang.excel2beans.BeansToExcel.lambda$create$1(BeansToExcel.java:57)
	at java.util.Spliterators$ArraySpliterator.forEachRemaining(Spliterators.java:948)
	at java.util.stream.ReferencePipeline$Head.forEach(ReferencePipeline.java:647)
	at com.github.bingoohuang.excel2beans.BeansToExcel.create(BeansToExcel.java:57)
	at com.github.bingoohuang.excel2beans.BeansToExcel.create(BeansToExcel.java:41)
	at com.github.bingoohuang.beans2excel.SimpleTest.createExcel(SimpleTest.java:111)
	at com.github.bingoohuang.beans2excel.SimpleTest.testTemplateIncludeColumns(SimpleTest.java:93)
	at sun.reflect.NativeMethodAccessorImpl.invoke0(Native Method)
	at sun.reflect.NativeMethodAccessorImpl.invoke(NativeMethodAccessorImpl.java:62)
	at sun.reflect.DelegatingMethodAccessorImpl.invoke(DelegatingMethodAccessorImpl.java:43)
	at java.lang.reflect.Method.invoke(Method.java:498)
	at org.junit.runners.model.FrameworkMethod$1.runReflectiveCall(FrameworkMethod.java:50)
	at org.junit.internal.runners.model.ReflectiveCallable.run(ReflectiveCallable.java:12)
	at org.junit.runners.model.FrameworkMethod.invokeExplosively(FrameworkMethod.java:47)
	at org.junit.internal.runners.statements.InvokeMethod.evaluate(InvokeMethod.java:17)
	at org.junit.runners.ParentRunner.runLeaf(ParentRunner.java:325)
	at org.junit.runners.BlockJUnit4ClassRunner.runChild(BlockJUnit4ClassRunner.java:78)
	at org.junit.runners.BlockJUnit4ClassRunner.runChild(BlockJUnit4ClassRunner.java:57)
	at org.junit.runners.ParentRunner$3.run(ParentRunner.java:290)
	at org.junit.runners.ParentRunner$1.schedule(ParentRunner.java:71)
	at org.junit.runners.ParentRunner.runChildren(ParentRunner.java:288)
	at org.junit.runners.ParentRunner.access$000(ParentRunner.java:58)
	at org.junit.runners.ParentRunner$2.evaluate(ParentRunner.java:268)
	at org.junit.runners.ParentRunner.run(ParentRunner.java:363)
	at org.apache.maven.surefire.junit4.JUnit4Provider.execute(JUnit4Provider.java:367)
	at org.apache.maven.surefire.junit4.JUnit4Provider.executeWithRerun(JUnit4Provider.java:274)
	at org.apache.maven.surefire.junit4.JUnit4Provider.executeTestSet(JUnit4Provider.java:238)
	at org.apache.maven.surefire.junit4.JUnit4Provider.invoke(JUnit4Provider.java:161)
	at org.apache.maven.surefire.booter.ForkedBooter.invokeProviderInSameClassLoader(ForkedBooter.java:290)
	at org.apache.maven.surefire.booter.ForkedBooter.runSuitesInProcess(ForkedBooter.java:242)
	at org.apache.maven.surefire.booter.ForkedBooter.main(ForkedBooter.java:121)
Caused by: java.io.IOException: Error while instrumenting com/github/bingoohuang/beans2excel/SimpleTest$ScheduleMethodAccess.
	at org.jacoco.agent.rt.internal_43f5073.core.instr.Instrumenter.instrumentError(Instrumenter.java:159)
	at org.jacoco.agent.rt.internal_43f5073.core.instr.Instrumenter.instrument(Instrumenter.java:109)
	at org.jacoco.agent.rt.internal_43f5073.CoverageTransformer.transform(CoverageTransformer.java:92)
	... 60 more
Caused by: java.lang.IllegalArgumentException
	at org.jacoco.agent.rt.internal_43f5073.asm.ClassReader.readVerificationTypeInfo(ClassReader.java:3178)
	at org.jacoco.agent.rt.internal_43f5073.asm.ClassReader.readStackMapFrame(ClassReader.java:3105)
	at org.jacoco.agent.rt.internal_43f5073.asm.ClassReader.readCode(ClassReader.java:1855)
	at org.jacoco.agent.rt.internal_43f5073.asm.ClassReader.readMethod(ClassReader.java:1284)
	at org.jacoco.agent.rt.internal_43f5073.asm.ClassReader.accept(ClassReader.java:688)
	at org.jacoco.agent.rt.internal_43f5073.asm.ClassReader.accept(ClassReader.java:400)
	at org.jacoco.agent.rt.internal_43f5073.core.instr.Instrumenter.instrument(Instrumenter.java:89)
	at org.jacoco.agent.rt.internal_43f5073.core.instr.Instrumenter.instrument(Instrumenter.java:107)
	... 61 more
java.lang.instrument.IllegalClassFormatException: Error while instrumenting com/github/bingoohuang/beans2excel/SimpleTest$SubscribeMethodAccess.
	at org.jacoco.agent.rt.internal_43f5073.CoverageTransformer.transform(CoverageTransformer.java:94)
	at sun.instrument.TransformerManager.transform(TransformerManager.java:188)
	at sun.instrument.InstrumentationImpl.transform(InstrumentationImpl.java:428)
	at java.lang.ClassLoader.defineClass1(Native Method)
	at java.lang.ClassLoader.defineClass(ClassLoader.java:756)
	at sun.reflect.GeneratedMethodAccessor4.invoke(Unknown Source)
	at sun.reflect.DelegatingMethodAccessorImpl.invoke(DelegatingMethodAccessorImpl.java:43)
	at java.lang.reflect.Method.invoke(Method.java:498)
	at com.esotericsoftware.reflectasm.AccessClassLoader.defineClass(AccessClassLoader.java:73)
	at com.esotericsoftware.reflectasm.AccessClassLoader.defineAccessClass(AccessClassLoader.java:57)
	at com.esotericsoftware.reflectasm.MethodAccess.get(MethodAccess.java:276)
	at com.github.bingoohuang.excel2beans.ReflectAsmCache$1.load(ReflectAsmCache.java:19)
	at com.github.bingoohuang.excel2beans.ReflectAsmCache$1.load(ReflectAsmCache.java:17)
	at com.google.common.cache.LocalCache$LoadingValueReference.loadFuture(LocalCache.java:3529)
	at com.google.common.cache.LocalCache$Segment.loadSync(LocalCache.java:2278)
	at com.google.common.cache.LocalCache$Segment.lockedGetOrLoad(LocalCache.java:2155)
	at com.google.common.cache.LocalCache$Segment.get(LocalCache.java:2045)
	at com.google.common.cache.LocalCache.get(LocalCache.java:3951)
	at com.google.common.cache.LocalCache.getOrLoad(LocalCache.java:3974)
	at com.google.common.cache.LocalCache$LocalLoadingCache.get(LocalCache.java:4958)
	at com.google.common.cache.LocalCache$LocalLoadingCache.getUnchecked(LocalCache.java:4964)
	at com.github.bingoohuang.excel2beans.ReflectAsmCache.getFieldValue(ReflectAsmCache.java:51)
	at com.github.bingoohuang.excel2beans.ExcelBeanField.getFieldValue(ExcelBeanField.java:60)
	at com.github.bingoohuang.excel2beans.BeansToExcel.lambda$writeRowCells$3(BeansToExcel.java:91)
	at java.util.stream.Streams$RangeIntSpliterator.forEachRemaining(Streams.java:110)
	at java.util.stream.IntPipeline$Head.forEach(IntPipeline.java:581)
	at com.github.bingoohuang.excel2beans.BeansToExcel.writeRowCells(BeansToExcel.java:87)
	at com.github.bingoohuang.excel2beans.BeansToExcel.writeBeanToExcel(BeansToExcel.java:65)
	at com.github.bingoohuang.excel2beans.BeansToExcel.lambda$null$0(BeansToExcel.java:57)
	at java.util.ArrayList.forEach(ArrayList.java:1259)
	at com.github.bingoohuang.excel2beans.BeansToExcel.lambda$create$1(BeansToExcel.java:57)
	at java.util.Spliterators$ArraySpliterator.forEachRemaining(Spliterators.java:948)
	at java.util.stream.ReferencePipeline$Head.forEach(ReferencePipeline.java:647)
	at com.github.bingoohuang.excel2beans.BeansToExcel.create(BeansToExcel.java:57)
	at com.github.bingoohuang.excel2beans.BeansToExcel.create(BeansToExcel.java:41)
	at com.github.bingoohuang.beans2excel.SimpleTest.createExcel(SimpleTest.java:111)
	at com.github.bingoohuang.beans2excel.SimpleTest.testTemplateIncludeColumns(SimpleTest.java:93)
	at sun.reflect.NativeMethodAccessorImpl.invoke0(Native Method)
	at sun.reflect.NativeMethodAccessorImpl.invoke(NativeMethodAccessorImpl.java:62)
	at sun.reflect.DelegatingMethodAccessorImpl.invoke(DelegatingMethodAccessorImpl.java:43)
	at java.lang.reflect.Method.invoke(Method.java:498)
	at org.junit.runners.model.FrameworkMethod$1.runReflectiveCall(FrameworkMethod.java:50)
	at org.junit.internal.runners.model.ReflectiveCallable.run(ReflectiveCallable.java:12)
	at org.junit.runners.model.FrameworkMethod.invokeExplosively(FrameworkMethod.java:47)
	at org.junit.internal.runners.statements.InvokeMethod.evaluate(InvokeMethod.java:17)
	at org.junit.runners.ParentRunner.runLeaf(ParentRunner.java:325)
	at org.junit.runners.BlockJUnit4ClassRunner.runChild(BlockJUnit4ClassRunner.java:78)
	at org.junit.runners.BlockJUnit4ClassRunner.runChild(BlockJUnit4ClassRunner.java:57)
	at org.junit.runners.ParentRunner$3.run(ParentRunner.java:290)
	at org.junit.runners.ParentRunner$1.schedule(ParentRunner.java:71)
	at org.junit.runners.ParentRunner.runChildren(ParentRunner.java:288)
	at org.junit.runners.ParentRunner.access$000(ParentRunner.java:58)
	at org.junit.runners.ParentRunner$2.evaluate(ParentRunner.java:268)
	at org.junit.runners.ParentRunner.run(ParentRunner.java:363)
	at org.apache.maven.surefire.junit4.JUnit4Provider.execute(JUnit4Provider.java:367)
	at org.apache.maven.surefire.junit4.JUnit4Provider.executeWithRerun(JUnit4Provider.java:274)
	at org.apache.maven.surefire.junit4.JUnit4Provider.executeTestSet(JUnit4Provider.java:238)
	at org.apache.maven.surefire.junit4.JUnit4Provider.invoke(JUnit4Provider.java:161)
	at org.apache.maven.surefire.booter.ForkedBooter.invokeProviderInSameClassLoader(ForkedBooter.java:290)
	at org.apache.maven.surefire.booter.ForkedBooter.runSuitesInProcess(ForkedBooter.java:242)
	at org.apache.maven.surefire.booter.ForkedBooter.main(ForkedBooter.java:121)
Caused by: java.io.IOException: Error while instrumenting com/github/bingoohuang/beans2excel/SimpleTest$SubscribeMethodAccess.
	at org.jacoco.agent.rt.internal_43f5073.core.instr.Instrumenter.instrumentError(Instrumenter.java:159)
	at org.jacoco.agent.rt.internal_43f5073.core.instr.Instrumenter.instrument(Instrumenter.java:109)
	at org.jacoco.agent.rt.internal_43f5073.CoverageTransformer.transform(CoverageTransformer.java:92)
	... 60 more
Caused by: java.lang.IllegalArgumentException
	at org.jacoco.agent.rt.internal_43f5073.asm.ClassReader.readVerificationTypeInfo(ClassReader.java:3178)
	at org.jacoco.agent.rt.internal_43f5073.asm.ClassReader.readStackMapFrame(ClassReader.java:3105)
	at org.jacoco.agent.rt.internal_43f5073.asm.ClassReader.readCode(ClassReader.java:1855)
	at org.jacoco.agent.rt.internal_43f5073.asm.ClassReader.readMethod(ClassReader.java:1284)
	at org.jacoco.agent.rt.internal_43f5073.asm.ClassReader.accept(ClassReader.java:688)
	at org.jacoco.agent.rt.internal_43f5073.asm.ClassReader.accept(ClassReader.java:400)
	at org.jacoco.agent.rt.internal_43f5073.core.instr.Instrumenter.instrument(Instrumenter.java:89)
	at org.jacoco.agent.rt.internal_43f5073.core.instr.Instrumenter.instrument(Instrumenter.java:107)
	... 61 more
Tests run: 6, Failures: 0, Errors: 0, Skipped: 0, Time elapsed: 0.636 sec - in com.github.bingoohuang.beans2excel.SimpleTest
Running com.github.bingoohuang.instantiator.BeanInstantiatorFactoryTest
Tests run: 2, Failures: 0, Errors: 0, Skipped: 0, Time elapsed: 0.002 sec - in com.github.bingoohuang.instantiator.BeanInstantiatorFactoryTest
Running com.github.bingoohuang.excel2maps.ExcelSheetToMapsTest
Tests run: 1, Failures: 0, Errors: 0, Skipped: 0, Time elapsed: 0.07 sec - in com.github.bingoohuang.excel2maps.ExcelSheetToMapsTest

Results :

Tests run: 35, Failures: 0, Errors: 0, Skipped: 0

[INFO] 
[INFO] --- jacoco-maven-plugin:0.8.5:report (report) @ excel2javabeans ---
[INFO] Loading execution data file /tmp/tmpppolj1oc/excel2javabeans/target/jacoco.exec
[INFO] Analyzed bundle 'excel to java beans' with 292 classes
[INFO] ------------------------------------------------------------------------
[INFO] BUILD SUCCESS
[INFO] ------------------------------------------------------------------------
[INFO] Total time:  01:29 min
[INFO] Finished at: 2020-07-30T21:01:32Z
[INFO] ------------------------------------------------------------------------
