[INFO] Error stacktraces are turned on.
[INFO] Scanning for projects...
[WARNING] 
[WARNING] Some problems were encountered while building the effective model for com.p2p.client:p2p-java-client:jar:1.0-SNAPSHOT
[WARNING] 'build.plugins.plugin.version' for org.apache.maven.plugins:maven-compiler-plugin is missing. @ line 142, column 15
[WARNING] 
[WARNING] It is highly recommended to fix these problems because they threaten the stability of your build.
[WARNING] 
[WARNING] For this reason, future Maven versions might no longer support building such malformed projects.
[WARNING] 
[INFO] 
[INFO] -------------------< com.p2p.client:p2p-java-client >-------------------
[INFO] Building p2p-java-client 1.0-SNAPSHOT
[INFO] --------------------------------[ jar ]---------------------------------
[INFO] 
[INFO] --- jacoco-maven-plugin:0.8.5:prepare-agent (default) @ p2p-java-client ---
[INFO] argLine set to -javaagent:/home/jdbl/.m2/repository/org/jacoco/org.jacoco.agent/0.8.5/org.jacoco.agent-0.8.5-runtime.jar=destfile=/tmp/tmpc2m66510/p2p/lendingClub/target/jacoco.exec
[INFO] 
[INFO] --- maven-resources-plugin:2.6:resources (default-resources) @ p2p-java-client ---
[WARNING] Using platform encoding (UTF-8 actually) to copy filtered resources, i.e. build is platform dependent!
[INFO] Copying 5 resources
[INFO] 
[INFO] --- maven-compiler-plugin:3.1:compile (default-compile) @ p2p-java-client ---
[INFO] Changes detected - recompiling the module!
[WARNING] File encoding has not been set, using platform encoding UTF-8, i.e. build is platform dependent!
[INFO] Compiling 48 source files to /tmp/tmpc2m66510/p2p/lendingClub/target/classes
[WARNING] /tmp/tmpc2m66510/p2p/lendingClub/src/main/java/com/rp/p2p/originator/lending_club/restful/LendingClubApi.java: Some input files use unchecked or unsafe operations.
[WARNING] /tmp/tmpc2m66510/p2p/lendingClub/src/main/java/com/rp/p2p/originator/lending_club/restful/LendingClubApi.java: Recompile with -Xlint:unchecked for details.
[INFO] 
[INFO] --- maven-resources-plugin:2.6:testResources (default-testResources) @ p2p-java-client ---
[WARNING] Using platform encoding (UTF-8 actually) to copy filtered resources, i.e. build is platform dependent!
[INFO] skip non existing resourceDirectory /tmp/tmpc2m66510/p2p/lendingClub/src/test/resources
[INFO] 
[INFO] --- maven-compiler-plugin:3.1:testCompile (default-testCompile) @ p2p-java-client ---
[INFO] Changes detected - recompiling the module!
[WARNING] File encoding has not been set, using platform encoding UTF-8, i.e. build is platform dependent!
[INFO] Compiling 4 source files to /tmp/tmpc2m66510/p2p/lendingClub/target/test-classes
[WARNING] /tmp/tmpc2m66510/p2p/lendingClub/src/test/java/com/rp/p2p/loan_selector/FilterLoansSelectorTest.java: /tmp/tmpc2m66510/p2p/lendingClub/src/test/java/com/rp/p2p/loan_selector/FilterLoansSelectorTest.java uses unchecked or unsafe operations.
[WARNING] /tmp/tmpc2m66510/p2p/lendingClub/src/test/java/com/rp/p2p/loan_selector/FilterLoansSelectorTest.java: Recompile with -Xlint:unchecked for details.
[INFO] 
[INFO] --- maven-surefire-plugin:2.19.1:test (default-test) @ p2p-java-client ---
[INFO] Surefire report directory: /tmp/tmpc2m66510/p2p/lendingClub/target/surefire-reports

-------------------------------------------------------
 T E S T S
-------------------------------------------------------
Running com.rp.p2p.loan_selector.FilterLoansSelectorTest
2020-07-30 22:34:53 INFO  js:? - Failed loan.getEmpTitle() [null] 0
2020-07-30 22:34:53 INFO  js:? - Loan [0] broke [1] rules
Tests run: 4, Failures: 0, Errors: 0, Skipped: 0, Time elapsed: 2.006 sec - in com.rp.p2p.loan_selector.FilterLoansSelectorTest
Running com.rp.p2p.loan.dynamo.BrowseLoansResultDaoTest
Tests run: 1, Failures: 0, Errors: 0, Skipped: 0, Time elapsed: 0 sec - in com.rp.p2p.loan.dynamo.BrowseLoansResultDaoTest
Running com.rp.p2p.loan.db.LoanDaoTest
Tests run: 1, Failures: 0, Errors: 0, Skipped: 0, Time elapsed: 0 sec - in com.rp.p2p.loan.db.LoanDaoTest

Results :

Tests run: 6, Failures: 0, Errors: 0, Skipped: 0

[INFO] 
[INFO] --- jacoco-maven-plugin:0.8.5:report (report) @ p2p-java-client ---
[INFO] Loading execution data file /tmp/tmpc2m66510/p2p/lendingClub/target/jacoco.exec
[INFO] Analyzed bundle 'p2p-java-client' with 415 classes
[INFO] ------------------------------------------------------------------------
[INFO] BUILD SUCCESS
[INFO] ------------------------------------------------------------------------
[INFO] Total time:  21.455 s
[INFO] Finished at: 2020-07-30T22:34:57Z
[INFO] ------------------------------------------------------------------------
