[INFO] Error stacktraces are turned on.
[INFO] Scanning for projects...
[INFO] 
[INFO] ----------------------< nl.tudelft.ewi:gitolite >-----------------------
[INFO] Building Java Gitolite Manager 0.0.11-SNAPSHOT
[INFO] --------------------------------[ jar ]---------------------------------
[WARNING] Could not transfer metadata org.slf4j:slf4j-api/maven-metadata.xml from/to devhub (https://devhub.ewi.tudelft.nl/nexus/content/repositories/releases/): Transfer failed for https://devhub.ewi.tudelft.nl/nexus/content/repositories/releases/org/slf4j/slf4j-api/maven-metadata.xml
[WARNING] Could not transfer metadata org.eclipse.jgit:org.eclipse.jgit/maven-metadata.xml from/to devhub (https://devhub.ewi.tudelft.nl/nexus/content/repositories/releases/): Transfer failed for https://devhub.ewi.tudelft.nl/nexus/content/repositories/releases/org/eclipse/jgit/org.eclipse.jgit/maven-metadata.xml
[INFO] 
[INFO] --- jacoco-maven-plugin:0.8.5:prepare-agent (default) @ gitolite ---
[INFO] argLine set to -javaagent:/home/jdbl/.m2/repository/org/jacoco/org.jacoco.agent/0.8.5/org.jacoco.agent-0.8.5-runtime.jar=destfile=/tmp/tmpou8zi_r3/Java-Gitolite-Manager/target/jacoco.exec
[INFO] 
[INFO] --- maven-resources-plugin:2.6:resources (default-resources) @ gitolite ---
[INFO] Using 'UTF-8' encoding to copy filtered resources.
[INFO] skip non existing resourceDirectory /tmp/tmpou8zi_r3/Java-Gitolite-Manager/src/main/resources
[INFO] 
[INFO] --- maven-compiler-plugin:3.1:compile (default-compile) @ gitolite ---
[INFO] Changes detected - recompiling the module!
[INFO] Compiling 46 source files to /tmp/tmpou8zi_r3/Java-Gitolite-Manager/target/classes
[INFO] 
[INFO] --- maven-resources-plugin:2.6:testResources (default-testResources) @ gitolite ---
[INFO] Using 'UTF-8' encoding to copy filtered resources.
[INFO] Copying 13 resources
[INFO] 
[INFO] --- maven-compiler-plugin:3.1:testCompile (default-testCompile) @ gitolite ---
[INFO] Changes detected - recompiling the module!
[INFO] Compiling 8 source files to /tmp/tmpou8zi_r3/Java-Gitolite-Manager/target/test-classes
[INFO] 
[INFO] --- maven-surefire-plugin:2.19.1:test (default-test) @ gitolite ---
[INFO] Surefire report directory: /tmp/tmpou8zi_r3/Java-Gitolite-Manager/target/surefire-reports

-------------------------------------------------------
 T E S T S
-------------------------------------------------------
Running TestTokenizedBasedParser
@staff              =   dilbert alice
@projects           =   foo bar

repo @projects baz
    RW+             = @staff
    -       master  = ashok
    RW              = ashok
    R               = wally

    option deny-rules = 1
    config hooks.emailprefix = "[%GL_REPO] "

repo yolo
    RW+             = foo
    RW              = bar

repo yolo
    RW+             = foo
    RW              = bar

repo @inhouse
    RW+             = foo bar

    option deny-rules = 1
    config hooks.emailprefix = "[%GL_REPO] "
@test               =   foo
@other              =   @test bar
    RW+             = foo bar

repo @inhouse
    RW+             = foo bar

repo yolo swag
    RW+             = foo
    RW              = bar

repo yolo
    RW+             = foo bar
    RW+     master  = foo bar
Tests run: 18, Failures: 0, Errors: 0, Skipped: 0, Time elapsed: 0.623 sec - in TestTokenizedBasedParser
Running ConfigImplTest
SLF4J: No SLF4J providers were found.
SLF4J: Defaulting to no-operation (NOP) logger implementation
SLF4J: See http://www.slf4j.org/codes.html#noProviders for further details.
SLF4J: Class path contains SLF4J bindings targeting slf4j-api versions prior to 1.8.
SLF4J: Ignoring binding found at [jar:file:/home/jdbl/.m2/repository/ch/qos/logback/logback-classic/1.1.3/logback-classic-1.1.3.jar!/org/slf4j/impl/StaticLoggerBinder.class]
SLF4J: See http://www.slf4j.org/codes.html#ignoredBindings for an explanation.
Tests run: 12, Failures: 0, Errors: 0, Skipped: 0, Time elapsed: 0.107 sec - in ConfigImplTest
Running manager.TestConfigOne
@staff              =   dilbert alice
@projects           =   foo bar

repo @projects baz
    RW+             = @staff
    -       master  = ashok
    RW              = ashok
    R               = wally

    option deny-rules = 1
    config hooks.emailprefix = "[%GL_REPO] "

repo FOSS/..*
    RW+             = @staff git
@staff              =   dilbert alice
@projects           =   foo bar

repo @projects baz
    RW+             = @staff
    -       master  = ashok
    RW              = ashok
    R               = wally

    option deny-rules = 1
    config hooks.emailprefix = "[%GL_REPO] "
Tests run: 2, Failures: 0, Errors: 0, Skipped: 0, Time elapsed: 0.615 sec - in manager.TestConfigOne
Running TestGroupRule
@test               =   foo
@other              =   @test bar
Identifier(pattern=foo)
Identifier(pattern=bar)
Tests run: 1, Failures: 0, Errors: 0, Skipped: 0, Time elapsed: 0.001 sec - in TestGroupRule
Running PathRepositoryManagerTest
Tests run: 4, Failures: 0, Errors: 0, Skipped: 0, Time elapsed: 4.32 sec - in PathRepositoryManagerTest
Running PermissionTest
Tests run: 30, Failures: 0, Errors: 0, Skipped: 0, Time elapsed: 0.016 sec - in PermissionTest
Running nl.tudelft.ewi.gitolite.git.JGitManagerTest
Tests run: 3, Failures: 0, Errors: 0, Skipped: 0, Time elapsed: 2.608 sec - in nl.tudelft.ewi.gitolite.git.JGitManagerTest
Running nl.tudelft.ewi.gitolite.keystore.KeyStoreTest
Tests run: 11, Failures: 0, Errors: 0, Skipped: 0, Time elapsed: 0.126 sec - in nl.tudelft.ewi.gitolite.keystore.KeyStoreTest

Results :

Tests run: 81, Failures: 0, Errors: 0, Skipped: 0

[INFO] 
[INFO] --- jacoco-maven-plugin:0.8.5:report (report) @ gitolite ---
[INFO] Loading execution data file /tmp/tmpou8zi_r3/Java-Gitolite-Manager/target/jacoco.exec
[INFO] Analyzed bundle 'Java Gitolite Manager' with 125 classes
[INFO] ------------------------------------------------------------------------
[INFO] BUILD SUCCESS
[INFO] ------------------------------------------------------------------------
[INFO] Total time:  01:10 min
[INFO] Finished at: 2020-07-30T22:41:32Z
[INFO] ------------------------------------------------------------------------
