[INFO] Error stacktraces are turned on.
[INFO] Scanning for projects...
[INFO] 
[INFO] ----------------------< commons-net:commons-net >-----------------------
[INFO] Building Commons Net 3.3
[INFO] --------------------------------[ jar ]---------------------------------
[INFO] 
[INFO] --- maven-antrun-plugin:1.7:run (javadoc.resources) @ commons-net ---
[INFO] Executing tasks

main:
     [copy] Copying 2 files to /tmp/tmpihkya8uf/commons-net/target/apidocs/META-INF
[INFO] Executed tasks
[INFO] 
[INFO] --- maven-remote-resources-plugin:1.4:process (default) @ commons-net ---
[INFO] 
[INFO] --- buildnumber-maven-plugin:1.2:create (default) @ commons-net ---
[INFO] Checking for local modifications: skipped.
[INFO] Updating project files from SCM: skipped.
[INFO] Executing: /bin/sh -c cd /tmp/tmpihkya8uf/commons-net && svn --non-interactive info
[INFO] Working directory: /tmp/tmpihkya8uf/commons-net
[INFO] Storing buildNumber: ?????? at timestamp: 1596132884098
[INFO] Executing: /bin/sh -c cd /tmp/tmpihkya8uf/commons-net && svn --non-interactive info
[INFO] Working directory: /tmp/tmpihkya8uf/commons-net
[INFO] Storing buildScmBranch: UNKNOWN_BRANCH
[INFO] 
[INFO] --- maven-resources-plugin:2.6:resources (default-resources) @ commons-net ---
[INFO] Using 'iso-8859-1' encoding to copy filtered resources.
[INFO] skip non existing resourceDirectory /tmp/tmpihkya8uf/commons-net/src/main/resources
[INFO] Copying 2 resources to META-INF
[INFO] 
[INFO] --- maven-compiler-plugin:3.1:compile (default-compile) @ commons-net ---
[INFO] Changes detected - recompiling the module!
[INFO] Compiling 203 source files to /tmp/tmpihkya8uf/commons-net/target/classes
[INFO] 
[INFO] --- maven-bundle-plugin:2.3.7:manifest (bundle-manifest) @ commons-net ---
[INFO] 
[INFO] --- maven-resources-plugin:2.6:testResources (default-testResources) @ commons-net ---
[INFO] Using 'iso-8859-1' encoding to copy filtered resources.
[INFO] skip non existing resourceDirectory /tmp/tmpihkya8uf/commons-net/src/test/resources
[INFO] Copying 2 resources to META-INF
[INFO] 
[INFO] --- maven-compiler-plugin:3.1:testCompile (default-testCompile) @ commons-net ---
[INFO] Changes detected - recompiling the module!
[INFO] Compiling 51 source files to /tmp/tmpihkya8uf/commons-net/target/test-classes
[INFO] 
[INFO] --- maven-surefire-plugin:2.14.1:test (default-test) @ commons-net ---
[INFO] Surefire report directory: /tmp/tmpihkya8uf/commons-net/target/surefire-reports

-------------------------------------------------------
 T E S T S
-------------------------------------------------------
Running org.apache.commons.net.SubnetUtilsTest
Tests run: 9, Failures: 0, Errors: 0, Skipped: 0, Time elapsed: 0.024 sec
Running org.apache.commons.net.time.TimeTCPClientTest
Tests run: 2, Failures: 0, Errors: 0, Skipped: 0, Time elapsed: 1.016 sec
Running org.apache.commons.net.ftp.FTPClientTest
Tests run: 1, Failures: 0, Errors: 0, Skipped: 0, Time elapsed: 0.006 sec
Running org.apache.commons.net.ftp.FTPCommandTest
Tests run: 1, Failures: 0, Errors: 0, Skipped: 0, Time elapsed: 0.016 sec
Running org.apache.commons.net.ftp.TestConnectTimeout
Tests run: 1, Failures: 0, Errors: 0, Skipped: 0, Time elapsed: 1.041 sec
Running org.apache.commons.net.ftp.FTPClientConfigTest
Tests run: 6, Failures: 0, Errors: 0, Skipped: 0, Time elapsed: 0.013 sec
Running org.apache.commons.net.ftp.parser.MVSFTPEntryParserTest
Tests run: 7, Failures: 0, Errors: 0, Skipped: 0, Time elapsed: 0.009 sec
Running org.apache.commons.net.ftp.parser.FTPConfigEntryParserTest
Tests run: 2, Failures: 0, Errors: 0, Skipped: 0, Time elapsed: 0.003 sec
Running org.apache.commons.net.ftp.parser.NTFTPEntryParserTest
Tests run: 11, Failures: 0, Errors: 0, Skipped: 0, Time elapsed: 0.027 sec
Running org.apache.commons.net.ftp.parser.MacOsPeterFTPEntryParserTest
Tests run: 4, Failures: 0, Errors: 0, Skipped: 0, Time elapsed: 0.004 sec
Running org.apache.commons.net.ftp.parser.DefaultFTPFileEntryParserFactoryTest
Tests run: 2, Failures: 0, Errors: 0, Skipped: 0, Time elapsed: 0.007 sec
Running org.apache.commons.net.ftp.parser.NetwareFTPEntryParserTest
Tests run: 4, Failures: 0, Errors: 0, Skipped: 0, Time elapsed: 0.002 sec
Running org.apache.commons.net.ftp.parser.OS2FTPEntryParserTest
Tests run: 4, Failures: 0, Errors: 0, Skipped: 0, Time elapsed: 0.002 sec
Running org.apache.commons.net.ftp.parser.EnterpriseUnixFTPEntryParserTest
Tests run: 4, Failures: 0, Errors: 0, Skipped: 0, Time elapsed: 0.001 sec
Running org.apache.commons.net.ftp.parser.UnixFTPEntryParserTest
Tests run: 14, Failures: 0, Errors: 0, Skipped: 0, Time elapsed: 0.014 sec
Running org.apache.commons.net.ftp.parser.VMSFTPEntryParserTest
Tests run: 6, Failures: 0, Errors: 0, Skipped: 0, Time elapsed: 0.008 sec
Running org.apache.commons.net.ftp.parser.OS400FTPEntryParserTest
Tests run: 6, Failures: 0, Errors: 0, Skipped: 0, Time elapsed: 0.005 sec
Running org.apache.commons.net.ftp.parser.FTPTimestampParserImplTest
Tests run: 15, Failures: 0, Errors: 0, Skipped: 0, Time elapsed: 0.013 sec
Running org.apache.commons.net.imap.IMAPTest
Tests run: 1, Failures: 0, Errors: 0, Skipped: 0, Time elapsed: 0.069 sec
Running org.apache.commons.net.util.Base64Test
Tests run: 28, Failures: 0, Errors: 0, Skipped: 19, Time elapsed: 0.016 sec
Running org.apache.commons.net.tftp.TFTPTest
Tests run: 6, Failures: 0, Errors: 0, Skipped: 0, Time elapsed: 10.13 sec
Running org.apache.commons.net.tftp.TFTPServerPathTest
Tests run: 3, Failures: 0, Errors: 0, Skipped: 0, Time elapsed: 0.005 sec
Running org.apache.commons.net.SocketClientTest
Tests run: 1, Failures: 0, Errors: 0, Skipped: 0, Time elapsed: 0 sec
Running org.apache.commons.net.ntp.TimeStampTest
Tests run: 3, Failures: 0, Errors: 0, Skipped: 0, Time elapsed: 0.001 sec
Running org.apache.commons.net.io.ToNetASCIIInputStreamTest
Tests run: 2, Failures: 0, Errors: 0, Skipped: 0, Time elapsed: 0.002 sec
Running org.apache.commons.net.io.DotTerminatedMessageReaderTest
Tests run: 12, Failures: 0, Errors: 0, Skipped: 0, Time elapsed: 0.003 sec
Running org.apache.commons.net.telnet.TerminalTypeOptionHandlerTest
Tests run: 5, Failures: 0, Errors: 0, Skipped: 0, Time elapsed: 0.002 sec
Running org.apache.commons.net.telnet.SuppressGAOptionHandlerTest
Tests run: 5, Failures: 0, Errors: 0, Skipped: 0, Time elapsed: 0.001 sec
Running org.apache.commons.net.telnet.EchoOptionHandlerTest
Tests run: 5, Failures: 0, Errors: 0, Skipped: 0, Time elapsed: 0.001 sec
Running org.apache.commons.net.telnet.TelnetClientTest
Tests run: 8, Failures: 0, Errors: 0, Skipped: 0, Time elapsed: 43.531 sec
Running org.apache.commons.net.telnet.InvalidTelnetOptionExceptionTest
Tests run: 1, Failures: 0, Errors: 0, Skipped: 0, Time elapsed: 0.001 sec
Running org.apache.commons.net.telnet.SimpleOptionHandlerTest
Tests run: 5, Failures: 0, Errors: 0, Skipped: 0, Time elapsed: 0.001 sec
Running org.apache.commons.net.telnet.TelnetOptionTest
Tests run: 2, Failures: 0, Errors: 0, Skipped: 0, Time elapsed: 0.001 sec
Running org.apache.commons.net.telnet.WindowSizeOptionHandlerTest
Tests run: 6, Failures: 0, Errors: 0, Skipped: 0, Time elapsed: 0.003 sec

Results :

Tests run: 192, Failures: 0, Errors: 0, Skipped: 19

[INFO] 
[INFO] --- maven-jar-plugin:2.4:jar (default-jar) @ commons-net ---
[INFO] Building jar: /tmp/tmpihkya8uf/commons-net/target/commons-net-3.3.jar
[INFO] 
[INFO] --- maven-antrun-plugin:1.7:run (default) @ commons-net ---
[INFO] Executing tasks

main:
      [jar] Building jar: /tmp/tmpihkya8uf/commons-net/target/commons-net-ftp-3.3.jar
      [jar] Building jar: /tmp/tmpihkya8uf/commons-net/target/commons-net-examples-3.3.jar
[INFO] Executed tasks
[INFO] 
[INFO] --- build-helper-maven-plugin:1.7:attach-artifact (attach-artifacts) @ commons-net ---
[INFO] 
[INFO] --- maven-site-plugin:3.3:attach-descriptor (attach-descriptor) @ commons-net ---
[INFO] 
[INFO] --- maven-assembly-plugin:3.2.0:single (default) @ commons-net ---
[INFO] Building jar: /tmp/tmpihkya8uf/commons-net/target/commons-net-3.3-jar-with-dependencies.jar
[INFO] ------------------------------------------------------------------------
[INFO] BUILD SUCCESS
[INFO] ------------------------------------------------------------------------
[INFO] Total time:  01:06 min
[INFO] Finished at: 2020-07-30T18:15:46Z
[INFO] ------------------------------------------------------------------------
