[INFO] Error stacktraces are turned on.
[INFO] Scanning for projects...
[INFO] 
[INFO] ----------------------< com.sparkjava:spark-core >----------------------
[INFO] Building Spark 2.5
[INFO] -------------------------------[ bundle ]-------------------------------
[INFO] 
[INFO] --- maven-enforcer-plugin:1.4:enforce (enforce-maven) @ spark-core ---
[INFO] 
[INFO] --- maven-enforcer-plugin:1.4:enforce (enforce-java) @ spark-core ---
[INFO] 
[INFO] --- maven-resources-plugin:3.1.0:resources (default-resources) @ spark-core ---
[INFO] Using 'UTF-8' encoding to copy filtered resources.
[INFO] skip non existing resourceDirectory /tmp/tmpfxv7e3p8/spark/src/main/resources
[INFO] Copying 0 resource
[INFO] 
[INFO] --- maven-compiler-plugin:3.3:compile (default-compile) @ spark-core ---
[INFO] Changes detected - recompiling the module!
[INFO] Compiling 87 source files to /tmp/tmpfxv7e3p8/spark/target/classes
[WARNING] /tmp/tmpfxv7e3p8/spark/src/main/java/spark/route/RouteOverview.java:[29,19] sun.reflect.ConstantPool is internal proprietary API and may be removed in a future release
[WARNING] /tmp/tmpfxv7e3p8/spark/src/main/java/spark/route/RouteOverview.java:[146,13] sun.reflect.ConstantPool is internal proprietary API and may be removed in a future release
[WARNING] /tmp/tmpfxv7e3p8/spark/src/main/java/spark/route/RouteOverview.java:[146,42] sun.reflect.ConstantPool is internal proprietary API and may be removed in a future release
[INFO] /tmp/tmpfxv7e3p8/spark/src/main/java/spark/Request.java: /tmp/tmpfxv7e3p8/spark/src/main/java/spark/Request.java uses unchecked or unsafe operations.
[INFO] /tmp/tmpfxv7e3p8/spark/src/main/java/spark/Request.java: Recompile with -Xlint:unchecked for details.
[INFO] 
[INFO] --- maven-resources-plugin:3.1.0:testResources (default-testResources) @ spark-core ---
[INFO] Using 'UTF-8' encoding to copy filtered resources.
[INFO] Copying 5 resources
[INFO] 
[INFO] --- maven-compiler-plugin:3.3:testCompile (default-testCompile) @ spark-core ---
[INFO] Changes detected - recompiling the module!
[INFO] Compiling 73 source files to /tmp/tmpfxv7e3p8/spark/target/test-classes
[INFO] 
[INFO] --- maven-surefire-plugin:2.18.1:test (default-test) @ spark-core ---
[INFO] Surefire report directory: /tmp/tmpfxv7e3p8/spark/target/surefire-reports

-------------------------------------------------------
 T E S T S
-------------------------------------------------------
Running spark.RequestTest
Tests run: 33, Failures: 0, Errors: 0, Skipped: 0, Time elapsed: 0.463 sec - in spark.RequestTest
Running spark.resource.AbstractResourceTest
Tests run: 5, Failures: 0, Errors: 0, Skipped: 0, Time elapsed: 0.321 sec - in spark.resource.AbstractResourceTest
Running spark.resource.ClassPathResourceHandlerTest
Tests run: 7, Failures: 0, Errors: 0, Skipped: 0, Time elapsed: 2.066 sec - in spark.resource.ClassPathResourceHandlerTest
Running spark.resource.ExternalResourceHandlerTest
Tests run: 6, Failures: 0, Errors: 0, Skipped: 0, Time elapsed: 1.08 sec - in spark.resource.ExternalResourceHandlerTest
Running spark.QueryParamsMapTest
Tests run: 8, Failures: 0, Errors: 0, Skipped: 0, Time elapsed: 0.035 sec - in spark.QueryParamsMapTest
Running spark.ExceptionMapperTest
Tests run: 2, Failures: 0, Errors: 0, Skipped: 0, Time elapsed: 0.015 sec - in spark.ExceptionMapperTest
Running spark.ResponseTest
Tests run: 18, Failures: 0, Errors: 0, Skipped: 0, Time elapsed: 0.199 sec - in spark.ResponseTest
Running spark.FilterImplTest
Tests run: 4, Failures: 0, Errors: 0, Skipped: 0, Time elapsed: 0.007 sec - in spark.FilterImplTest
Running spark.GenericSecureIntegrationTest
[Thread-1] INFO org.eclipse.jetty.util.log - Logging initialized @779ms
[Thread-1] INFO spark.embeddedserver.jetty.EmbeddedJettyServer - == Spark has ignited ...
[Thread-1] INFO spark.embeddedserver.jetty.EmbeddedJettyServer - >> Listening on 0.0.0.0:4567
[Thread-1] INFO org.eclipse.jetty.server.Server - jetty-9.3.6.v20151106
[Thread-1] INFO org.eclipse.jetty.util.ssl.SslContextFactory - x509=X509@62c6b827(selfsigned,h=[],w=[]) for SslContextFactory@5bdf59a9(file:///tmp/tmpfxv7e3p8/spark/src/test/resources/keystore.jks,null)
[Thread-1] INFO org.eclipse.jetty.server.ServerConnector - Started ServerConnector@35a19e80{SSL,[ssl, http/1.1]}{0.0.0.0:4567}
[Thread-1] INFO org.eclipse.jetty.server.Server - Started @1005ms
[qtp1563414583-34] INFO spark.http.matching.MatcherFilter - The requested route [/no/resource] has not been mapped in Spark
[main] INFO spark.GenericSecureIntegrationTest - Body was: Fo shizzy
[main] INFO spark.GenericSecureIntegrationTest - Body was: Fo shizzy
[main] INFO spark.embeddedserver.jetty.EmbeddedJettyServer - >>> Spark shutting down ...
[main] INFO org.eclipse.jetty.server.ServerConnector - Stopped ServerConnector@35a19e80{SSL,[ssl, http/1.1]}{0.0.0.0:4567}
[main] INFO spark.embeddedserver.jetty.EmbeddedJettyServer - done
Tests run: 11, Failures: 0, Errors: 0, Skipped: 0, Time elapsed: 1.064 sec - in spark.GenericSecureIntegrationTest
Running spark.StaticFilesTest
[main] INFO spark.staticfiles.StaticFilesConfiguration - StaticResourceHandler configured with folder = /public
[main] INFO spark.staticfiles.StaticFilesConfiguration - External StaticResourceHandler configured with folder = /tmp
[Thread-1] INFO org.eclipse.jetty.util.log - Logging initialized @744ms
[Thread-1] INFO spark.embeddedserver.jetty.EmbeddedJettyServer - == Spark has ignited ...
[Thread-1] INFO spark.embeddedserver.jetty.EmbeddedJettyServer - >> Listening on 0.0.0.0:4567
[Thread-1] INFO org.eclipse.jetty.server.Server - jetty-9.3.6.v20151106
[Thread-1] INFO org.eclipse.jetty.server.ServerConnector - Started ServerConnector@b49a972{HTTP/1.1,[http/1.1]}{0.0.0.0:4567}
[Thread-1] INFO org.eclipse.jetty.server.Server - Started @891ms
[main] INFO spark.embeddedserver.jetty.EmbeddedJettyServer - >>> Spark shutting down ...
[main] INFO org.eclipse.jetty.server.ServerConnector - Stopped ServerConnector@b49a972{HTTP/1.1,[http/1.1]}{0.0.0.0:4567}
[main] INFO spark.embeddedserver.jetty.EmbeddedJettyServer - done
Tests run: 5, Failures: 0, Errors: 0, Skipped: 0, Time elapsed: 0.691 sec - in spark.StaticFilesTest
Running spark.GzipTest
[main] INFO spark.staticfiles.StaticFilesConfiguration - StaticResourceHandler configured with folder = /public
[Thread-0] INFO org.eclipse.jetty.util.log - Logging initialized @331ms
[Thread-0] INFO spark.embeddedserver.jetty.EmbeddedJettyServer - == Spark has ignited ...
[Thread-0] INFO spark.embeddedserver.jetty.EmbeddedJettyServer - >> Listening on 0.0.0.0:4567
[Thread-0] INFO org.eclipse.jetty.server.Server - jetty-9.3.6.v20151106
[Thread-0] INFO org.eclipse.jetty.server.ServerConnector - Started ServerConnector@3805add2{HTTP/1.1,[http/1.1]}{0.0.0.0:4567}
[Thread-0] INFO org.eclipse.jetty.server.Server - Started @449ms
[main] INFO spark.embeddedserver.jetty.EmbeddedJettyServer - >>> Spark shutting down ...
[main] INFO org.eclipse.jetty.server.ServerConnector - Stopped ServerConnector@3805add2{HTTP/1.1,[http/1.1]}{0.0.0.0:4567}
[main] INFO spark.embeddedserver.jetty.EmbeddedJettyServer - done
Tests run: 2, Failures: 0, Errors: 0, Skipped: 0, Time elapsed: 0.695 sec - in spark.GzipTest
Running spark.utils.ObjectUtilsTest
Tests run: 2, Failures: 0, Errors: 0, Skipped: 0, Time elapsed: 0.005 sec - in spark.utils.ObjectUtilsTest
Running spark.utils.SparkUtilsTest
Tests run: 5, Failures: 0, Errors: 0, Skipped: 0, Time elapsed: 0.02 sec - in spark.utils.SparkUtilsTest
Running spark.utils.MimeParseTest
Tests run: 2, Failures: 0, Errors: 0, Skipped: 0, Time elapsed: 0.012 sec - in spark.utils.MimeParseTest
Running spark.utils.CollectionUtilsTest
Tests run: 2, Failures: 0, Errors: 0, Skipped: 0, Time elapsed: 0.005 sec - in spark.utils.CollectionUtilsTest
Running spark.embeddedserver.jetty.websocket.WebSocketCreatorFactoryTest
Tests run: 3, Failures: 0, Errors: 0, Skipped: 0, Time elapsed: 0.014 sec - in spark.embeddedserver.jetty.websocket.WebSocketCreatorFactoryTest
Running spark.embeddedserver.jetty.websocket.WebSocketServletContextHandlerFactoryTest
[main] INFO org.eclipse.jetty.util.log - Logging initialized @1870ms
[main] INFO org.eclipse.jetty.util.log - Logging initialized @2249ms
[main] ERROR spark.embeddedserver.jetty.websocket.WebSocketServletContextHandlerFactory - creation of websocket context handler failed.
java.lang.Exception: 
	at org.powermock.core.MockGateway.newInstanceCall(MockGateway.java:209)
	at spark.embeddedserver.jetty.websocket.WebSocketServletContextHandlerFactory.create(WebSocketServletContextHandlerFactory.java:48)
	at spark.embeddedserver.jetty.websocket.WebSocketServletContextHandlerFactoryTest.testCreate_whenWebSocketContextHandlerCreationFails_thenThrowException(WebSocketServletContextHandlerFactoryTest.java:103)
	at sun.reflect.NativeMethodAccessorImpl.invoke0(Native Method)
	at sun.reflect.NativeMethodAccessorImpl.invoke(NativeMethodAccessorImpl.java:62)
	at sun.reflect.DelegatingMethodAccessorImpl.invoke(DelegatingMethodAccessorImpl.java:43)
	at java.lang.reflect.Method.invoke(Method.java:498)
	at org.junit.internal.runners.TestMethod.invoke(TestMethod.java:68)
	at org.powermock.modules.junit4.internal.impl.PowerMockJUnit44RunnerDelegateImpl$PowerMockJUnit44MethodRunner.runTestMethod(PowerMockJUnit44RunnerDelegateImpl.java:310)
	at org.junit.internal.runners.MethodRoadie$2.run(MethodRoadie.java:89)
	at org.junit.internal.runners.MethodRoadie.runBeforesThenTestThenAfters(MethodRoadie.java:97)
	at org.powermock.modules.junit4.internal.impl.PowerMockJUnit44RunnerDelegateImpl$PowerMockJUnit44MethodRunner.executeTest(PowerMockJUnit44RunnerDelegateImpl.java:294)
	at org.powermock.modules.junit4.internal.impl.PowerMockJUnit47RunnerDelegateImpl$PowerMockJUnit47MethodRunner.executeTestInSuper(PowerMockJUnit47RunnerDelegateImpl.java:127)
	at org.powermock.modules.junit4.internal.impl.PowerMockJUnit47RunnerDelegateImpl$PowerMockJUnit47MethodRunner.executeTest(PowerMockJUnit47RunnerDelegateImpl.java:82)
	at org.powermock.modules.junit4.internal.impl.PowerMockJUnit44RunnerDelegateImpl$PowerMockJUnit44MethodRunner.runBeforesThenTestThenAfters(PowerMockJUnit44RunnerDelegateImpl.java:282)
	at org.junit.internal.runners.MethodRoadie.runTest(MethodRoadie.java:87)
	at org.junit.internal.runners.MethodRoadie.run(MethodRoadie.java:50)
	at org.powermock.modules.junit4.internal.impl.PowerMockJUnit44RunnerDelegateImpl.invokeTestMethod(PowerMockJUnit44RunnerDelegateImpl.java:207)
	at org.powermock.modules.junit4.internal.impl.PowerMockJUnit44RunnerDelegateImpl.runMethods(PowerMockJUnit44RunnerDelegateImpl.java:146)
	at org.powermock.modules.junit4.internal.impl.PowerMockJUnit44RunnerDelegateImpl$1.run(PowerMockJUnit44RunnerDelegateImpl.java:120)
	at org.junit.internal.runners.ClassRoadie.runUnprotected(ClassRoadie.java:34)
	at org.junit.internal.runners.ClassRoadie.runProtected(ClassRoadie.java:44)
	at org.powermock.modules.junit4.internal.impl.PowerMockJUnit44RunnerDelegateImpl.run(PowerMockJUnit44RunnerDelegateImpl.java:122)
	at org.powermock.modules.junit4.common.internal.impl.JUnit4TestSuiteChunkerImpl.run(JUnit4TestSuiteChunkerImpl.java:106)
	at org.powermock.modules.junit4.common.internal.impl.AbstractCommonPowerMockRunner.run(AbstractCommonPowerMockRunner.java:53)
	at org.powermock.modules.junit4.PowerMockRunner.run(PowerMockRunner.java:59)
	at org.apache.maven.surefire.junit4.JUnit4Provider.execute(JUnit4Provider.java:283)
	at org.apache.maven.surefire.junit4.JUnit4Provider.executeWithRerun(JUnit4Provider.java:173)
	at org.apache.maven.surefire.junit4.JUnit4Provider.executeTestSet(JUnit4Provider.java:153)
	at org.apache.maven.surefire.junit4.JUnit4Provider.invoke(JUnit4Provider.java:128)
	at org.apache.maven.surefire.booter.ForkedBooter.invokeProviderInSameClassLoader(ForkedBooter.java:203)
	at org.apache.maven.surefire.booter.ForkedBooter.runSuitesInProcess(ForkedBooter.java:155)
	at org.apache.maven.surefire.booter.ForkedBooter.main(ForkedBooter.java:103)
Tests run: 4, Failures: 0, Errors: 0, Skipped: 0, Time elapsed: 0.972 sec - in spark.embeddedserver.jetty.websocket.WebSocketServletContextHandlerFactoryTest
Running spark.embeddedserver.jetty.JettyServerTest
[main] INFO org.eclipse.jetty.util.log - Logging initialized @411ms
Tests run: 2, Failures: 0, Errors: 0, Skipped: 0, Time elapsed: 0.059 sec - in spark.embeddedserver.jetty.JettyServerTest
Running spark.embeddedserver.jetty.SocketConnectorFactoryTest
[main] INFO org.eclipse.jetty.util.log - Logging initialized @500ms
Tests run: 7, Failures: 0, Errors: 0, Skipped: 0, Time elapsed: 0.149 sec - in spark.embeddedserver.jetty.SocketConnectorFactoryTest
Running spark.CookiesIntegrationTest
[Thread-0] INFO org.eclipse.jetty.util.log - Logging initialized @445ms
[Thread-0] INFO spark.embeddedserver.jetty.EmbeddedJettyServer - == Spark has ignited ...
[Thread-0] INFO spark.embeddedserver.jetty.EmbeddedJettyServer - >> Listening on 0.0.0.0:4567
[Thread-0] INFO org.eclipse.jetty.server.Server - jetty-9.3.6.v20151106
[Thread-0] INFO org.eclipse.jetty.server.ServerConnector - Started ServerConnector@2a1b2fc3{HTTP/1.1,[http/1.1]}{0.0.0.0:4567}
[Thread-0] INFO org.eclipse.jetty.server.Server - Started @781ms
[main] INFO spark.embeddedserver.jetty.EmbeddedJettyServer - >>> Spark shutting down ...
[main] INFO org.eclipse.jetty.server.ServerConnector - Stopped ServerConnector@2a1b2fc3{HTTP/1.1,[http/1.1]}{0.0.0.0:4567}
[main] INFO spark.embeddedserver.jetty.EmbeddedJettyServer - done
Tests run: 3, Failures: 0, Errors: 0, Skipped: 0, Time elapsed: 0.929 sec - in spark.CookiesIntegrationTest
Running spark.util.ResourceUtilsTest
Tests run: 2, Failures: 0, Errors: 0, Skipped: 0, Time elapsed: 0.015 sec - in spark.util.ResourceUtilsTest
Running spark.SessionTest
Tests run: 15, Failures: 0, Errors: 0, Skipped: 0, Time elapsed: 0.324 sec - in spark.SessionTest
Running spark.ResponseBodyTest
[Thread-1] INFO org.eclipse.jetty.util.log - Logging initialized @959ms
[Thread-1] INFO spark.embeddedserver.jetty.EmbeddedJettyServer - == Spark has ignited ...
[Thread-1] INFO spark.embeddedserver.jetty.EmbeddedJettyServer - >> Listening on 0.0.0.0:4567
[Thread-1] INFO org.eclipse.jetty.server.Server - jetty-9.3.6.v20151106
[Thread-1] INFO org.eclipse.jetty.server.ServerConnector - Started ServerConnector@9ad30a7{HTTP/1.1,[http/1.1]}{0.0.0.0:4567}
[Thread-1] INFO org.eclipse.jetty.server.Server - Started @1161ms
[main] INFO spark.embeddedserver.jetty.EmbeddedJettyServer - >>> Spark shutting down ...
[main] INFO org.eclipse.jetty.server.ServerConnector - Stopped ServerConnector@9ad30a7{HTTP/1.1,[http/1.1]}{0.0.0.0:4567}
[main] INFO spark.embeddedserver.jetty.EmbeddedJettyServer - done
Tests run: 4, Failures: 0, Errors: 0, Skipped: 0, Time elapsed: 0.951 sec - in spark.ResponseBodyTest
Running spark.BooksIntegrationTest
[Thread-0] INFO org.eclipse.jetty.util.log - Logging initialized @701ms
[Thread-0] INFO spark.embeddedserver.jetty.EmbeddedJettyServer - == Spark has ignited ...
[Thread-0] INFO spark.embeddedserver.jetty.EmbeddedJettyServer - >> Listening on 0.0.0.0:4567
[Thread-0] INFO org.eclipse.jetty.server.Server - jetty-9.3.6.v20151106
[Thread-0] INFO org.eclipse.jetty.server.ServerConnector - Started ServerConnector@7bd90316{HTTP/1.1,[http/1.1]}{0.0.0.0:4567}
[Thread-0] INFO org.eclipse.jetty.server.Server - Started @846ms
[main] INFO spark.embeddedserver.jetty.EmbeddedJettyServer - >>> Spark shutting down ...
[main] INFO org.eclipse.jetty.server.ServerConnector - Stopped ServerConnector@7bd90316{HTTP/1.1,[http/1.1]}{0.0.0.0:4567}
[main] INFO spark.embeddedserver.jetty.EmbeddedJettyServer - done
Tests run: 7, Failures: 0, Errors: 0, Skipped: 0, Time elapsed: 0.513 sec - in spark.BooksIntegrationTest
Running spark.MultipleServicesTest
[main] INFO spark.staticfiles.StaticFilesConfiguration - StaticResourceHandler configured with folder = /public
[Thread-1] INFO org.eclipse.jetty.util.log - Logging initialized @824ms
[Thread-1] INFO spark.embeddedserver.jetty.EmbeddedJettyServer - == Spark has ignited ...
[Thread-1] INFO spark.embeddedserver.jetty.EmbeddedJettyServer - >> Listening on 0.0.0.0:4567
[Thread-2] INFO spark.embeddedserver.jetty.EmbeddedJettyServer - == Spark has ignited ...
[Thread-2] INFO spark.embeddedserver.jetty.EmbeddedJettyServer - >> Listening on 0.0.0.0:1234
[Thread-1] INFO org.eclipse.jetty.server.Server - jetty-9.3.6.v20151106
[Thread-2] INFO org.eclipse.jetty.server.Server - jetty-9.3.6.v20151106
[Thread-2] INFO org.eclipse.jetty.server.ServerConnector - Started ServerConnector@279f50e6{HTTP/1.1,[http/1.1]}{0.0.0.0:1234}
[Thread-2] INFO org.eclipse.jetty.server.Server - Started @1021ms
[Thread-1] INFO org.eclipse.jetty.server.ServerConnector - Started ServerConnector@171e443d{HTTP/1.1,[http/1.1]}{0.0.0.0:4567}
[Thread-1] INFO org.eclipse.jetty.server.Server - Started @1021ms
[qtp1740884063-47] INFO spark.http.matching.MatcherFilter - The requested route [/css/style.css] has not been mapped in Spark
[qtp1740884063-50] INFO spark.http.matching.MatcherFilter - The requested route [/uniqueforsecond] has not been mapped in Spark
[main] INFO spark.embeddedserver.jetty.EmbeddedJettyServer - >>> Spark shutting down ...
[main] INFO org.eclipse.jetty.server.ServerConnector - Stopped ServerConnector@171e443d{HTTP/1.1,[http/1.1]}{0.0.0.0:4567}
[main] INFO spark.embeddedserver.jetty.EmbeddedJettyServer - done
[main] INFO spark.embeddedserver.jetty.EmbeddedJettyServer - >>> Spark shutting down ...
[main] INFO org.eclipse.jetty.server.ServerConnector - Stopped ServerConnector@279f50e6{HTTP/1.1,[http/1.1]}{0.0.0.0:1234}
[main] INFO spark.embeddedserver.jetty.EmbeddedJettyServer - done
Tests run: 6, Failures: 0, Errors: 0, Skipped: 0, Time elapsed: 0.923 sec - in spark.MultipleServicesTest
Running spark.StaticFilesMemberTest
[main] INFO spark.staticfiles.StaticFilesConfiguration - StaticResourceHandler configured with folder = /public
[main] INFO spark.staticfiles.StaticFilesConfiguration - External StaticResourceHandler configured with folder = /tmp
[Thread-1] INFO org.eclipse.jetty.util.log - Logging initialized @980ms
[Thread-1] INFO spark.embeddedserver.jetty.EmbeddedJettyServer - == Spark has ignited ...
[Thread-1] INFO spark.embeddedserver.jetty.EmbeddedJettyServer - >> Listening on 0.0.0.0:4567
[Thread-1] INFO org.eclipse.jetty.server.Server - jetty-9.3.6.v20151106
[Thread-1] INFO org.eclipse.jetty.server.ServerConnector - Started ServerConnector@70dea199{HTTP/1.1,[http/1.1]}{0.0.0.0:4567}
[Thread-1] INFO org.eclipse.jetty.server.Server - Started @1173ms
[main] INFO spark.embeddedserver.jetty.EmbeddedJettyServer - >>> Spark shutting down ...
[main] INFO org.eclipse.jetty.server.ServerConnector - Stopped ServerConnector@70dea199{HTTP/1.1,[http/1.1]}{0.0.0.0:4567}
[main] INFO spark.embeddedserver.jetty.EmbeddedJettyServer - done
Tests run: 7, Failures: 0, Errors: 0, Skipped: 0, Time elapsed: 0.99 sec - in spark.StaticFilesMemberTest
Running spark.RouteImplTest
Tests run: 6, Failures: 0, Errors: 0, Skipped: 0, Time elapsed: 0.008 sec - in spark.RouteImplTest
Running spark.BodyAvailabilityTest
[Thread-1] INFO org.eclipse.jetty.util.log - Logging initialized @703ms
[Thread-1] INFO spark.embeddedserver.jetty.EmbeddedJettyServer - == Spark has ignited ...
[Thread-1] INFO spark.embeddedserver.jetty.EmbeddedJettyServer - >> Listening on 0.0.0.0:4567
[Thread-1] INFO org.eclipse.jetty.server.Server - jetty-9.3.6.v20151106
[Thread-1] INFO org.eclipse.jetty.server.ServerConnector - Started ServerConnector@5a748d03{HTTP/1.1,[http/1.1]}{0.0.0.0:4567}
[Thread-1] INFO org.eclipse.jetty.server.Server - Started @849ms
[main] INFO spark.BodyAvailabilityTest - the body content
[main] INFO spark.embeddedserver.jetty.EmbeddedJettyServer - >>> Spark shutting down ...
[main] INFO org.eclipse.jetty.server.ServerConnector - Stopped ServerConnector@5a748d03{HTTP/1.1,[http/1.1]}{0.0.0.0:4567}
[main] INFO spark.embeddedserver.jetty.EmbeddedJettyServer - done
Tests run: 1, Failures: 0, Errors: 0, Skipped: 0, Time elapsed: 0.625 sec - in spark.BodyAvailabilityTest
Running spark.RedirectTest
[Thread-1] INFO org.eclipse.jetty.util.log - Logging initialized @1070ms
[Thread-1] INFO spark.embeddedserver.jetty.EmbeddedJettyServer - == Spark has ignited ...
[Thread-1] INFO spark.embeddedserver.jetty.EmbeddedJettyServer - >> Listening on 0.0.0.0:4567
[Thread-1] INFO org.eclipse.jetty.server.Server - jetty-9.3.6.v20151106
[Thread-1] INFO org.eclipse.jetty.server.ServerConnector - Started ServerConnector@3dd49a4f{HTTP/1.1,[http/1.1]}{0.0.0.0:4567}
[Thread-1] INFO org.eclipse.jetty.server.Server - Started @1261ms
Tests run: 16, Failures: 0, Errors: 0, Skipped: 0, Time elapsed: 0.983 sec - in spark.RedirectTest
Running spark.servlet.ServletTest
[main] INFO org.eclipse.jetty.util.log - Logging initialized @1128ms
[Thread-1] INFO spark.servlet.ServletTest - >>> STARTING EMBEDDED JETTY SERVER for jUnit testing of SparkFilter
[Thread-1] INFO org.eclipse.jetty.server.Server - jetty-9.3.6.v20151106
[Thread-1] INFO org.eclipse.jetty.webapp.StandardDescriptorProcessor - NO JSP Support for /somepath, did not find org.eclipse.jetty.jsp.JettyJspServlet
[Thread-1] INFO spark.staticfiles.StaticFilesConfiguration - External StaticResourceHandler configured with folder = /tmp
[Thread-1] INFO spark.staticfiles.StaticFilesConfiguration - StaticResourceHandler configured with folder = /public
[Thread-1] INFO org.eclipse.jetty.server.handler.ContextHandler - Started o.e.j.w.WebAppContext@1d189050{/somepath,file:///tmp/tmpfxv7e3p8/spark/src/test/webapp/,AVAILABLE}{src/test/webapp}
[Thread-1] INFO org.eclipse.jetty.server.ServerConnector - Started ServerConnector@2430fd04{HTTP/1.1,[http/1.1]}{0.0.0.0:9393}
[Thread-1] INFO org.eclipse.jetty.server.Server - Started @2090ms
Tests run: 12, Failures: 0, Errors: 0, Skipped: 0, Time elapsed: 1.833 sec - in spark.servlet.ServletTest
Running spark.route.RouteEntryTest
Tests run: 9, Failures: 0, Errors: 0, Skipped: 0, Time elapsed: 0.014 sec - in spark.route.RouteEntryTest
Running spark.route.HttpMethodTest
Tests run: 2, Failures: 0, Errors: 0, Skipped: 0, Time elapsed: 0.006 sec - in spark.route.HttpMethodTest
Running spark.route.RoutesTest
[main] ERROR spark.route.Routes - The @Route value: test'/hello' has an invalid HTTP method part: test.
Tests run: 2, Failures: 0, Errors: 0, Skipped: 0, Time elapsed: 0.037 sec - in spark.route.RoutesTest
Running spark.GenericIntegrationTest
[main] INFO spark.staticfiles.StaticFilesConfiguration - StaticResourceHandler configured with folder = /public
[main] INFO spark.staticfiles.StaticFilesConfiguration - External StaticResourceHandler configured with folder = /tmp
[Thread-1] INFO org.eclipse.jetty.util.log - Logging initialized @1224ms
[Thread-1] INFO spark.embeddedserver.jetty.EmbeddedJettyServer - == Spark has ignited ...
[Thread-1] INFO spark.embeddedserver.jetty.EmbeddedJettyServer - >> Listening on 0.0.0.0:4567
[Thread-1] INFO org.eclipse.jetty.server.Server - jetty-9.3.6.v20151106
[Thread-1] INFO org.eclipse.jetty.server.handler.ContextHandler - Started o.e.j.s.ServletContextHandler@4cd8ea36{/,null,AVAILABLE}
[Thread-1] INFO org.eclipse.jetty.server.ServerConnector - Started ServerConnector@436b57e0{HTTP/1.1,[http/1.1]}{0.0.0.0:4567}
[Thread-1] INFO org.eclipse.jetty.server.Server - Started @1470ms
[main] INFO spark.GenericIntegrationTest - Body was: Fo shizzy
[main] INFO spark.GenericIntegrationTest - Body was: Fo shizzy
Method Override Worked
[main] INFO spark.embeddedserver.jetty.EmbeddedJettyServer - >>> Spark shutting down ...
[main] INFO org.eclipse.jetty.server.ServerConnector - Stopped ServerConnector@436b57e0{HTTP/1.1,[http/1.1]}{0.0.0.0:4567}
[main] INFO org.eclipse.jetty.server.handler.ContextHandler - Stopped o.e.j.s.ServletContextHandler@4cd8ea36{/,null,UNAVAILABLE}
[main] INFO spark.embeddedserver.jetty.EmbeddedJettyServer - done
Tests run: 29, Failures: 0, Errors: 0, Skipped: 0, Time elapsed: 1.665 sec - in spark.GenericIntegrationTest
Running spark.globalstate.ServletFlagTest
Tests run: 4, Failures: 0, Errors: 0, Skipped: 0, Time elapsed: 0.272 sec - in spark.globalstate.ServletFlagTest
Running spark.ServiceTest
Tests run: 20, Failures: 0, Errors: 0, Skipped: 0, Time elapsed: 0.053 sec - in spark.ServiceTest

Results :

Tests run: 273, Failures: 0, Errors: 0, Skipped: 0

[INFO] 
[INFO] --- maven-bundle-plugin:2.5.3:bundle (default-bundle) @ spark-core ---
[INFO] 
[INFO] --- maven-assembly-plugin:3.2.0:single (default) @ spark-core ---
[INFO] Building jar: /tmp/tmpfxv7e3p8/spark/target/spark-core-2.5-jar-with-dependencies.jar
[INFO] ------------------------------------------------------------------------
[INFO] BUILD SUCCESS
[INFO] ------------------------------------------------------------------------
[INFO] Total time:  54.742 s
[INFO] Finished at: 2020-07-30T15:34:02Z
[INFO] ------------------------------------------------------------------------
