[INFO] Error stacktraces are turned on.
[INFO] Scanning for projects...
[INFO] 
[INFO] -----------------------< com.soulgalore:crawler >-----------------------
[INFO] Building Crawler 1.5.14
[INFO] --------------------------------[ jar ]---------------------------------
[INFO] 
[INFO] --- maven-enforcer-plugin:1.0:enforce (enforce-maven) @ crawler ---
[INFO] 
[INFO] --- jacoco-maven-plugin:0.8.5:prepare-agent (default) @ crawler ---
[INFO] argLine set to -javaagent:/home/jdbl/.m2/repository/org/jacoco/org.jacoco.agent/0.8.5/org.jacoco.agent-0.8.5-runtime.jar=destfile=/tmp/tmpxvgc0lju/crawler/target/jacoco.exec
[INFO] 
[INFO] --- maven-resources-plugin:2.6:resources (default-resources) @ crawler ---
[INFO] Using 'UTF-8' encoding to copy filtered resources.
[INFO] Copying 1 resource
[INFO] 
[INFO] --- maven-compiler-plugin:2.5.1:compile (default-compile) @ crawler ---
[INFO] Compiling 37 source files to /tmp/tmpxvgc0lju/crawler/target/classes
[INFO] 
[INFO] --- maven-resources-plugin:2.6:testResources (default-testResources) @ crawler ---
[INFO] Using 'UTF-8' encoding to copy filtered resources.
[INFO] Copying 7 resources
[INFO] 
[INFO] --- maven-compiler-plugin:2.5.1:testCompile (default-testCompile) @ crawler ---
[INFO] Compiling 10 source files to /tmp/tmpxvgc0lju/crawler/target/test-classes
[INFO] 
[INFO] --- maven-surefire-plugin:2.19.1:test (default-test) @ crawler ---
[INFO] Surefire report directory: /tmp/tmpxvgc0lju/crawler/target/surefire-reports

-------------------------------------------------------
 T E S T S
-------------------------------------------------------
Running com.soulgalore.crawler.WhenAPageURLIsCreated
Tests run: 7, Failures: 0, Errors: 0, Skipped: 0, Time elapsed: 0.331 sec - in com.soulgalore.crawler.WhenAPageURLIsCreated
Running com.soulgalore.crawler.run.WhenCrawlToPlainTxtRun
Tests run: 3, Failures: 0, Errors: 0, Skipped: 0, Time elapsed: 0.036 sec - in com.soulgalore.crawler.run.WhenCrawlToPlainTxtRun
Running com.soulgalore.crawler.core.impl.WhenAhrefsIsParsedFromResponse
Tests run: 2, Failures: 0, Errors: 0, Skipped: 0, Time elapsed: 0.187 sec - in com.soulgalore.crawler.core.impl.WhenAhrefsIsParsedFromResponse
Running com.soulgalore.crawler.core.impl.WhenACrawlIsDone
[CrawlerURL url:http://soulislove.com/mypath/crawler2.html, CrawlerURL url:http://soulislove.com/crawler4.html, CrawlerURL url:http://soulislove.com/mypath/crawler3.html]
Tests run: 6, Failures: 0, Errors: 0, Skipped: 0, Time elapsed: 0.433 sec - in com.soulgalore.crawler.core.impl.WhenACrawlIsDone
Running com.soulgalore.crawler.util.WhenAnAuthObjectIsCreated
Tests run: 4, Failures: 0, Errors: 0, Skipped: 0, Time elapsed: 0.029 sec - in com.soulgalore.crawler.util.WhenAnAuthObjectIsCreated
Running com.soulgalore.crawler.util.WhenAHeaderIsParsed
Tests run: 3, Failures: 0, Errors: 0, Skipped: 0, Time elapsed: 0.001 sec - in com.soulgalore.crawler.util.WhenAHeaderIsParsed
Running com.soulgalore.crawler.WhenAStatusCodeIsChecked
Tests run: 1, Failures: 0, Errors: 0, Skipped: 0, Time elapsed: 0 sec - in com.soulgalore.crawler.WhenAStatusCodeIsChecked
Running com.soulgalore.crawler.WhenACrawlerResultIsCreated
Tests run: 3, Failures: 0, Errors: 0, Skipped: 0, Time elapsed: 0.001 sec - in com.soulgalore.crawler.WhenACrawlerResultIsCreated

Results :

Tests run: 29, Failures: 0, Errors: 0, Skipped: 0

[INFO] 
[INFO] --- jacoco-maven-plugin:0.8.5:report (report) @ crawler ---
[INFO] Loading execution data file /tmp/tmpxvgc0lju/crawler/target/jacoco.exec
[INFO] Analyzed bundle 'Crawler' with 247 classes
[INFO] ------------------------------------------------------------------------
[INFO] BUILD SUCCESS
[INFO] ------------------------------------------------------------------------
[INFO] Total time:  10.023 s
[INFO] Finished at: 2020-07-30T22:20:40Z
[INFO] ------------------------------------------------------------------------
