[INFO] Error stacktraces are turned on.
[INFO] Scanning for projects...
[WARNING] 
[WARNING] Some problems were encountered while building the effective model for com.liepin:macaw:jar:0.1.3
[WARNING] 'build.plugins.plugin.version' for org.apache.maven.plugins:maven-compiler-plugin is missing. @ line 89, column 15
[WARNING] 
[WARNING] It is highly recommended to fix these problems because they threaten the stability of your build.
[WARNING] 
[WARNING] For this reason, future Maven versions might no longer support building such malformed projects.
[WARNING] 
[INFO] 
[INFO] --------------------------< com.liepin:macaw >--------------------------
[INFO] Building macaw 0.1.3
[INFO] --------------------------------[ jar ]---------------------------------
[INFO] 
[INFO] --- jacoco-maven-plugin:0.8.5:prepare-agent (default) @ macaw ---
[INFO] argLine set to -javaagent:/home/jdbl/.m2/repository/org/jacoco/org.jacoco.agent/0.8.5/org.jacoco.agent-0.8.5-runtime.jar=destfile=/tmp/tmpwxgld75u/macaw/target/jacoco.exec
[INFO] 
[INFO] --- maven-resources-plugin:2.4.3:resources (default-resources) @ macaw ---
[INFO] Using 'UTF-8' encoding to copy filtered resources.
[INFO] skip non existing resourceDirectory /tmp/tmpwxgld75u/macaw/src/main/resources
[INFO] 
[INFO] --- maven-compiler-plugin:3.1:compile (default-compile) @ macaw ---
[INFO] Changes detected - recompiling the module!
[WARNING] File encoding has not been set, using platform encoding UTF-8, i.e. build is platform dependent!
[INFO] Compiling 43 source files to /tmp/tmpwxgld75u/macaw/target/classes
[WARNING] /tmp/tmpwxgld75u/macaw/src/main/java/com/liepin/macaw/enums/DomainTypeEnum.java: Some input files use unchecked or unsafe operations.
[WARNING] /tmp/tmpwxgld75u/macaw/src/main/java/com/liepin/macaw/enums/DomainTypeEnum.java: Recompile with -Xlint:unchecked for details.
[INFO] 
[INFO] --- maven-resources-plugin:2.4.3:testResources (default-testResources) @ macaw ---
[INFO] Using 'UTF-8' encoding to copy filtered resources.
[INFO] Copying 13 resources
[INFO] 
[INFO] --- maven-compiler-plugin:3.1:testCompile (default-testCompile) @ macaw ---
[INFO] Changes detected - recompiling the module!
[WARNING] File encoding has not been set, using platform encoding UTF-8, i.e. build is platform dependent!
[INFO] Compiling 13 source files to /tmp/tmpwxgld75u/macaw/target/test-classes
[INFO] 
[INFO] --- maven-surefire-plugin:2.19.1:test (default-test) @ macaw ---
[INFO] Surefire report directory: /tmp/tmpwxgld75u/macaw/target/surefire-reports

-------------------------------------------------------
 T E S T S
-------------------------------------------------------
Running com.liepin.macaw.ExperimentAppTest
{"L1origin":1990,"L1newPolicy2":3970,"L1newPolicy1":1993,"L1newPolicy3":2047,"L2origin":5024,"L2newPolicy":4976}
{"F1":1000,"E1":1000,"F2":1770,"E2":2734,"F3":4489,"E3":6266,"F4":2741}
{"F1":779,"E1":5035,"F2":4611,"E2":4965,"F3":4610}
{"F1":227,"E1":5030,"F2":188,"E2":4970,"F3":9585}
{"E1":3000,"E2":2107,"E3":3510,"E4":1383}
{"E4_F3":797,"E3_F2":1415,"E4_F2":586,"E1_F1":3000,"E3_F3":2095,"E2_F2":815,"E2_F3":1292}
0.5759717314487632
0.6167064439140811
{"L1origin":1990,"L1newPolicy2":3970,"L1newPolicy1":1993,"L1newPolicy3":2047,"L2origin":5024,"L2newPolicy":4976}
{}
{"domainId":"uniqueDomain","domainType":"MultiLayerHash","layerPolicy":{"L1":{"default":true,"name":"new","param":{"strategy":"new"},"size":1000}}}
{"F1":10000,"E1":10000}
{"F2":10000,"E3":10000}
Tests run: 7, Failures: 0, Errors: 0, Skipped: 0, Time elapsed: 2.276 sec - in com.liepin.macaw.ExperimentAppTest
Running com.liepin.macaw.expression.ExpressionTest
Tests run: 1, Failures: 0, Errors: 0, Skipped: 0, Time elapsed: 0.104 sec - in com.liepin.macaw.expression.ExpressionTest
Running com.liepin.macaw.expression.FeatureTest
100
100
0.3
0
Tests run: 1, Failures: 0, Errors: 0, Skipped: 0, Time elapsed: 0 sec - in com.liepin.macaw.expression.FeatureTest
Running com.liepin.macaw.picker.RuleBasedPickerTest
Tests run: 1, Failures: 0, Errors: 0, Skipped: 0, Time elapsed: 0.006 sec - in com.liepin.macaw.picker.RuleBasedPickerTest
Running com.liepin.macaw.picker.EpsilonPickerTest
{"P1":788,"P2":70,"P3":69,"P4":73}
Tests run: 1, Failures: 0, Errors: 0, Skipped: 0, Time elapsed: 0.092 sec - in com.liepin.macaw.picker.EpsilonPickerTest
Running com.liepin.macaw.picker.UCBPickerTest
{"P1":1000}
{"P1":1000,"P2":1000}
Tests run: 1, Failures: 0, Errors: 0, Skipped: 0, Time elapsed: 0.036 sec - in com.liepin.macaw.picker.UCBPickerTest
Running com.liepin.macaw.picker.HashPickerTest
{"P1":408,"P2":202,"P3":88,"P4":302}
Tests run: 1, Failures: 0, Errors: 0, Skipped: 0, Time elapsed: 0.004 sec - in com.liepin.macaw.picker.HashPickerTest
Running com.liepin.macaw.picker.ThompsonPickerTest
{"P1":532,"P2":382,"P3":73,"P4":13}
Tests run: 1, Failures: 0, Errors: 0, Skipped: 0, Time elapsed: 0.015 sec - in com.liepin.macaw.picker.ThompsonPickerTest
Running com.liepin.macaw.estimator.UCBEstimatorTest
[DEBUG][2020/07/30 20:45:33144][com.liepin.macaw.estimator.UCBEstimatorTest.testLinUCBEstimator(UCBEstimatorTest.java:33)]
0.1588
 [DEBUG][2020/07/30 20:45:33148][com.liepin.macaw.estimator.UCBEstimatorTest.testLinUCBEstimator(UCBEstimatorTest.java:36)]
0.8784000000000001
 [DEBUG][2020/07/30 20:45:33148][com.liepin.macaw.estimator.UCBEstimatorTest.testLinUCBEstimator(UCBEstimatorTest.java:40)]
0.9199859985997199
 [DEBUG][2020/07/30 20:45:33149][com.liepin.macaw.estimator.UCBEstimatorTest.testLinUCBEstimator(UCBEstimatorTest.java:46)]
1.047922568557201
 Tests run: 1, Failures: 0, Errors: 0, Skipped: 0, Time elapsed: 0.009 sec - in com.liepin.macaw.estimator.UCBEstimatorTest
Running com.liepin.macaw.estimator.ThompsonEstimatorTest
[0.4956654646429865,0.49072416214118375,0.518756361108902,0.48602353181916275,0.523700670844451,0.4830520644294838,0.515073952332024,0.5062079176463412,0.5317402075018292,0.505991152048355,0.5067762968911066,0.5199487591247949,0.5067535015299656,0.48816228423107294,0.5359487867695487,0.4958040455843386,0.5102016373812186,0.5428932012550817,0.47597549267441525,0.5226991097622183,0.4716771782094438,0.5182448193884491,0.5130173549236123,0.5140961409484217,0.4830398431408693,0.48309720439233483,0.5175941759391819,0.5056914861866942,0.48137083621693977,0.49945625849298253,0.5091520074807196,0.4734831326171084,0.5196132446437417,0.5188353941387318,0.523331065990625,0.4870811005938235,0.504984621569963,0.4948022813149209,0.5253227307627009,0.4739208196479056,0.49210747686918194,0.507692468801063,0.498660130497233,0.5101236339797467,0.4765948219180444,0.49146669359511574,0.48372430719601117,0.49671782431570505,0.4956849257365998,0.5039018248485028,0.5019005979861962,0.5271439183379112,0.5128844928449267,0.490155265475149,0.4892111662922997,0.48842120899660074,0.5202571826749092,0.5065154230284031,0.518656750966547,0.5029299312732696,0.5156985027819119,0.5172168154411412,0.4619790325062537,0.48822756098880227,0.4935732228303622,0.4799534408841277,0.5000677480128102,0.5089509524221765,0.48963920749984163,0.521114128366154,0.4764995112320605,0.49438336732525684,0.45729481051598453,0.5002939017443472,0.46235021928187503,0.5099832775327273,0.4649103204856706,0.4942563177284365,0.4925403300486418,0.49218673872143925,0.49685529232748843,0.49522678413631305,0.5060287091519051,0.4843318380474661,0.4851964905476324,0.48455763047372863,0.4969483193765098,0.47950506815256755,0.4957102487870403,0.48807611181429467,0.5186268504129011,0.5008690239951871,0.4966120744446526,0.5356656774290273,0.5010672196937614,0.5022865791111853,0.5226915790771492,0.5364835934188922,0.4797179891495321,0.4930782057327411,0.48033723662572647,0.5007699489874542,0.47778349318051844,0.4804490971653088,0.514793869314874,0.48184735383274035,0.4994745991951637,0.4846620710225541,0.46396247100052457,0.5128267225254455,0.4884238249105155,0.48463916940871726,0.5022043320361245,0.5066589524453968,0.4899923958323297,0.506901767645945,0.5014265704155526,0.5016327043107754,0.4920289335059935,0.4980455267807392,0.5033423934857577,0.5096907991542647,0.49739559945213946,0.50162174325121,0.5148154356569024,0.5008667554608909,0.4820671699533601,0.5243429448399374,0.5126683374619431,0.4854699621115471,0.5083941100782452,0.4872610990891004,0.5053845049747846,0.5022940309974627,0.48903718113741274,0.5189576751079974,0.4952323138543033,0.5146585181486852,0.505966243911652,0.49522076235515966,0.4885904491560797,0.4996080881250601,0.4818214795666591,0.5288757482103151,0.5278833397040342,0.5146512489469931,0.5080639047570916,0.5388025603487012,0.49572181546079935,0.5101208900017009,0.5011183248851531,0.5113166184117928,0.5048435943559346,0.4764081607611318,0.5045474995191503,0.5109282479302948,0.5148440693785408,0.5064228026944163,0.4739856061710685,0.5180523670897975,0.49043794441367045,0.5225560809582649,0.518769975090074,0.5029744501900884,0.5153775052735969,0.4883867378098776,0.4930864675502174,0.5255851026826106,0.5132367804316195,0.4995507580372484,0.48105102348114676,0.4975684651706151,0.4870590766930588,0.5087414586914348,0.4875493858116529,0.4989046391154891,0.4886471336239494,0.49005566462370814,0.4744166029031998,0.48589816437876926,0.4993978735349378,0.51266980097519,0.4786944733614731,0.49270843521696994,0.49681664997864483,0.4872814892446201,0.494816885168233,0.484916859834569,0.5132392931733842,0.5149837722809029,0.504613355687534,0.4937056733372217,0.5008181078555638,0.5146451250724017,0.504403610510917,0.5104962308961422,0.498058457033529,0.49889180475772377,0.5008695631814913,0.5020735204581195,0.49953499104077437,0.49210130382330425,0.5162108533492268,0.5138943690188384,0.49783821086134944,0.48978258938773966,0.5281834868492165,0.5083760001240081,0.47981755305262375,0.4927089661454472,0.5184665696809073,0.51155696718303,0.48939353152537607,0.493796602517958,0.48969193837697045,0.4916979181943911,0.4825888920104222,0.5020683891837661,0.49015228832114555,0.479381202636068,0.5032991462410077,0.49151235762120865,0.5160317183105907,0.5084549204093809,0.5365928967858912,0.4924282871860959,0.522068421785105,0.5336759005721112,0.4994126832669518,0.5207528915408581,0.5027728664638488,0.48314096993300376,0.491467571977645,0.5159541646916588,0.49028266792636727,0.5175354571273053,0.49824619836403816,0.5116006531656005,0.4922199717251647,0.5127942635431233,0.5334741011429944,0.49512006785861334,0.4989637965536933,0.5171781753521616,0.5113603855260132,0.48229463048118637,0.5159607839301368,0.5207332445021351,0.4748159289710983,0.4908900063574216,0.5018033180166006,0.5137205837738383,0.5008843094153442,0.5198619545250162,0.4976086487835225,0.5058717305000855,0.512536072435777,0.49034173586451557,0.4923567572396947,0.505599496577208,0.5132073444362132,0.5027025753554972,0.5052340439146286,0.48985444848402615,0.4716607998431901,0.4845750497466386,0.5159391754600804,0.5156555682043713,0.4747357209124822,0.49015355612824135,0.5020541891806053,0.49628602107799014,0.5103564587816473,0.498642868856909,0.5251991931230316,0.45375172273174336,0.4836287754879329,0.4975003392046794,0.4800883283994911,0.48224332424167404,0.5053467028616468,0.5169973217899217,0.49956611304119486,0.5055380098677902,0.47066796316538523,0.508457080899759,0.5039700540042897,0.4694727843258042,0.49249598189119353,0.4940768279126173,0.5071757662294697,0.514773293831898,0.505237891539445,0.5053097801235209,0.5102574484003617,0.508586060507686,0.5033480501706528,0.496104825834686,0.5201734949230928,0.5038090590121984,0.5103121798532582,0.49463612038022453,0.4912860592872131,0.4936932602064869,0.5005185655465477,0.5233307460862067,0.5033059665898921,0.48961076564622835,0.5074448349188078,0.5091232686816315,0.5053707318536225,0.5299301947799175,0.49980292063690707,0.47293063204656827,0.48770695988680784,0.5277607278742058,0.49905206824970544,0.4926826015915137,0.5137294605563505,0.4815879426384339,0.5032566882975151,0.5019278914301171,0.4776052701245385,0.5008889730136227,0.5078318698719876,0.47580685490520663,0.4900691591612433,0.46969497389084935,0.5129548705772684,0.4914761115288258,0.5043704379658988,0.509763087993411,0.49245961072881766,0.4831505577245855,0.5202959195069407,0.4909300877005699,0.487897592798316,0.4914887184131122,0.5087406838482376,0.5078049605285023,0.5261782813612143,0.521980765920032,0.4983405086811097,0.5017359928942295,0.4760815311737447,0.4966536384758272,0.49963295015008125,0.5108972845021464,0.5054366204213335,0.47824102546977026,0.5095680094149777,0.501002299419242,0.4978072053338174,0.4660692412652242,0.4928418458439236,0.47217835579605866,0.49115057667704776,0.49318850952241866,0.48552315440289495,0.48876581985951323,0.48831909062987544,0.48347540429939195,0.49505331913093276,0.5092974487686496,0.4806770639816943,0.500306998058694,0.4990640987393292,0.5012464082799094,0.4914731857926748,0.5015095021436643,0.5093969000281816,0.4798219059128406,0.4878713014223305,0.48506013533912806,0.5114825540817439,0.49673400051466415,0.5050775337280541,0.5104931949056232,0.4706871453784291,0.48947239665202436,0.47064227939790637,0.5072946922143006,0.4904544153464187,0.49076190078322296,0.4968849237678624,0.4880488149968264,0.49788127636983853,0.4829529057979215,0.5180515923286197,0.5108565076268395,0.5264088839014794,0.4997449084687785,0.48276818482597467,0.4983426914906198,0.482553859204921,0.5003821757475232,0.49139456754128924,0.5141733887933579,0.49238118740147774,0.4872221080329567,0.4677529595593657,0.49166192088668015,0.49309087817577957,0.48625833816186015,0.49234108543322275,0.49735971898376574,0.49900514949523006,0.48688014577783034,0.4908103389886579,0.4921456915207248,0.5053620576072763,0.5043054155953137,0.510687885448379,0.491008481680869,0.49546158696690806,0.502121684251711,0.5227493368828078,0.5014324171462329,0.5035895590591343,0.4910585990071208,0.513509521500479,0.5166487767399591,0.4918506820418583,0.49272190768917384,0.4870492021333904,0.4725344022468336,0.4820458613672125,0.5218453676667001,0.48744689980599726,0.4877379337852425,0.5227883341889734,0.5131903605841067,0.48115374207529377,0.5182272583585344,0.5043856057643044,0.5055663281705239,0.5072855250130409,0.49965087463114083,0.49507555118112395,0.5054720645569248,0.5206904695150075,0.5147649275743703,0.5427324668003171,0.4922397557464404,0.5048845287898154,0.49750843375347326,0.5207323071489914,0.5141354770858128,0.48338700947033464,0.4853356414474784,0.5070656402556578,0.4878995215812648,0.47041804231208434,0.5072433822546842,0.49871021548717837,0.5158639911914191,0.5201099355122238,0.5113120415663372,0.4734894861235883,0.47699908919035466,0.5122805852827669,0.49808307660923623,0.4956630218908932,0.5026674585308859,0.5107587440362722,0.49600741147930283,0.5095058849185539,0.4700351343127488,0.5112366359425448,0.5141420271311584,0.4935227387830497,0.5421418576986481,0.52200453562062,0.5246204124569506,0.4968063534974975,0.5178864470618211,0.4760271933353086,0.49179381202422484,0.4874035576510786,0.4957133955685326,0.5310680161759891,0.49484943407036125,0.4837360719782244,0.5019178021449368,0.48562082599890777,0.5230671967635048,0.5001066430442804,0.5135629276758552,0.5007340387267428,0.5080352989595455,0.4695876163290754,0.5102793250430093,0.5178252073106273,0.5058173720029544,0.5013073526573081,0.5170572600597496,0.4709656053905041,0.4914577435798615,0.5141849546040393,0.5008039843433418,0.5039314421379781,0.48772290669866714,0.4954417493424787,0.5104852093770115,0.49595881734542757,0.5203737995547704,0.505406850854993,0.5020164069854096,0.5210905510328339,0.464031034939862,0.48864099953043616,0.496076598088204,0.5000582319353007,0.508904028275095,0.5150514541602492,0.49989289643195023,0.502315176656581,0.5080949247611654,0.514748577855889,0.4945606250698205,0.4912398747709566,0.5140061786543411,0.5043253158557905,0.5230967424293251,0.512574675950404,0.46684328337770764,0.49883788894151887,0.5074785976982973,0.4876908224997081,0.47051361630885424,0.5079245040777598,0.5017201994845898,0.49150148500455065,0.4895449029994704,0.48528692930475165,0.494837885920278,0.5087828632331056,0.48917246941857595,0.4707644184427538,0.5000070625908479,0.46966755112218717,0.49840539793173577,0.4979198437877902,0.5024105475554818,0.49464669434432706,0.5037189587208519,0.48735850285343646,0.4703368487862454,0.4925484001632981,0.5008099900723457,0.4827207351225014,0.48749934648119414,0.5151532100027773,0.48898487095874027,0.4832618375164868,0.4895898855987868,0.4943158996273019,0.5367539426208753,0.5071932152890928,0.5141789444040022,0.4809064676839523,0.48903146945139586,0.5140153880033282,0.4763431853924337,0.4973322369321189,0.5151760493070389,0.49452480107506114,0.4998335860337056,0.47541425376047924,0.48963625406946415,0.5099135157448383,0.4531740054680691,0.5020001821066636,0.5104572358290528,0.49631160564425975,0.49625180676190256,0.522625448543806,0.4973702353411871,0.48225774135204963,0.5129754470322492,0.49715855408217996,0.4917468174765164,0.5094549508207306,0.49645485704828574,0.48283650897416663,0.4914326152611453,0.5172456423366601,0.49091599262647245,0.5096021189232073,0.5340769998010829,0.49376052082771016,0.4953802177774948,0.5175060487032631,0.49749206885958386,0.4980633376948812,0.4811881482612312,0.4741803392503611,0.48368951289836615,0.4835533051916282,0.5037084635922296,0.5178369440240604,0.49184884655226285,0.46081886620778745,0.49650267841578943,0.4980889499368493,0.4860206953809657,0.5007217839389051,0.4914818347560146,0.5089413263452351,0.49868534875868686,0.5171127577563481,0.5096139893484957,0.4928980898317976,0.5076280662743691,0.5008228001019103,0.4997526920992067,0.5268603949620606,0.5097835571241407,0.49625846987549677,0.4883094950901313,0.4824855473097672,0.4838235319781649,0.5099725958557404,0.5113397914796151,0.50553946929236,0.5042100454737279,0.5158583491279201,0.5143998296402965,0.5095801979638456,0.5040693196092016,0.514695535664079,0.5084669798204813,0.4652526788743444,0.507474532475446,0.4828923714730367,0.5203968400709511,0.507928481579425,0.4880713990774616,0.4731866194492525,0.4954836682601646,0.47121979609786835,0.5144222329019026,0.492836822402958,0.5085263055318495,0.4656606239554324,0.4732557623383585,0.4909255664476091,0.5263585893571332,0.5117562914888677,0.5051761412735832,0.49605590514673836,0.49956524231702093,0.49235313355235205,0.5140733683999773,0.4881876773728688,0.48734642587826277,0.4908964751203692,0.4941069165770077,0.5143617499083281,0.4883567557429694,0.47598348414835945,0.5136175815998908,0.48717347704192204,0.518838827629507,0.5020847040064379,0.494016485639678,0.49163120006134764,0.5191374116831315,0.500777689291728,0.5087108627823267,0.491890003192615,0.49681588088062434,0.5076796521505347,0.5090650032435503,0.497069224515436,0.49931772610272906,0.5104910808263106,0.4780759577848512,0.5195414785308036,0.4962503012797962,0.4725779794450674,0.5205111934565286,0.49150796694155086,0.5024765179891699,0.49768202050027754,0.5035906526336278,0.4999594091206405,0.4857838868923242,0.5165097622444748,0.47857517641254993,0.4986144845257893,0.4920891774440948,0.48989439370640736,0.522275718534295,0.48110154350706796,0.513092386519258,0.4968180525503912,0.5345301483570214,0.5051929354297228,0.49791791687188236,0.5032319120484965,0.4809164401287001,0.5110604495557808,0.5141991734065638,0.5010550643894093,0.5179678270722751,0.4917391880740011,0.4738319258828007,0.4928583101273412,0.5207017625369766,0.5385039203517542,0.5123572801186874,0.49229729598012645,0.5104117497770159,0.5114129252924615,0.4851951462123303,0.5094118369010595,0.4907592949784852,0.4830441436180728,0.5269860897891884,0.5086348403606263,0.49713140740799955,0.47835748512922055,0.495063310443323,0.5101073841569473,0.4974036329938271,0.5067050294065827,0.5077146755107832,0.5111760626405066,0.5262755876433752,0.4915953380696604,0.5091411909551163,0.49571526115289405,0.5067095263220603,0.5170040854397965,0.4750143127964874,0.5237856177721636,0.4931038621523866,0.48786500726910226,0.5128636063271028,0.5012773375994731,0.4864391700943435,0.4979655208431683,0.488657812911465,0.484900507395485,0.48917318440875096,0.4775131733890495,0.5113078090547477,0.5179035893084537,0.48321624515136175,0.49229960580291726,0.5107324231294048,0.5083925201891158,0.4750295827086493,0.4843909212365359,0.5242866920197151,0.49600436990454094,0.4872201864790379,0.5037948369814081,0.5341632690107891,0.5227402222022511,0.4776394730357423,0.4894619950727459,0.524840322993175,0.5170315434429649,0.4967678738007034,0.5143726745118172,0.4760724772719473,0.49008467401225847,0.49682018539408934,0.46884593886148196,0.4851978815218381,0.5019855945118457,0.4994756085161155,0.5070321686383514,0.4890520304046354,0.49578054481605416,0.475881158704562,0.5119264723691186,0.5046897926684931,0.5098793992936156,0.5173126260478156,0.45610100445735324,0.5172736183830885,0.511978267296731,0.4992325547122839,0.4959448942024589,0.5024175870677932,0.47371144916238894,0.509310193194002,0.4683876451557756,0.5139926727896426,0.5262393796708211,0.5059935298000705,0.5039048645545878,0.5108599237088762,0.4978385258449577,0.4793873892780494,0.5089887224668234,0.4951133943136569,0.505196185338165,0.47552985356298855,0.5005396732415985,0.4688688129050082,0.518109802771728,0.5220587793603539,0.480452337055463,0.5138677952287456,0.5007452822004156,0.5113517663301653,0.502719256023638,0.511905468383443,0.51057547858617,0.46752945748620794,0.48562263080010465,0.5034081116496165,0.5069049872497929,0.48404121878047945,0.48981969593680036,0.49495721634326484,0.48925453548223613,0.4593350532207884,0.5090848383811241,0.4918708603804677,0.487127380346721,0.5243774354157608,0.5037972371576439,0.5298200861160096,0.4736592932947749,0.4825382239122082,0.4927766404030266,0.49543941173919853,0.49716454511951447,0.5259657282181535,0.48155491207540757,0.4783888089296409,0.5081114165417469,0.5105767216684125,0.4923545093378215,0.4896323753513147,0.49439912554602167,0.5139700699915075,0.5272111937170354,0.5014940402122583,0.5158300340780431,0.5039887543701487,0.5038300855597684,0.5163528115759781,0.49652961194583983,0.5585255946892105,0.4819857875031961,0.49224384160923323,0.5160944104544137,0.5134884887216135,0.5158139970928968,0.47657299779558676,0.49468624296895436,0.49602477757491625,0.5100281142468565,0.5054168477640517,0.5267121746062627,0.4996761290066523,0.4932394129535494,0.5103115029206657,0.5219460931427912,0.4689823066894961,0.5232643832241863,0.5277185002939038,0.521350516736472,0.49866236345911075,0.49511010984688386,0.5041699375380471,0.4946299107211432,0.5124170413752296,0.48529549492804563,0.4818859466176157,0.4855277055359272,0.506108872954369,0.5280915642605845,0.49690531159143697,0.48079947623673513,0.5265993137415623,0.5158870457283212,0.49974592154512504,0.5110600394288093,0.5118601147858921,0.5070470393888536,0.45332411138430373,0.5156102785021184,0.5004758903124035,0.49714814637053734,0.5105373332643569,0.4848214459035065,0.4978834057622578,0.5145384813328653,0.5084013574173243,0.5056601628423364,0.4908994893460666,0.4905016354838612,0.5035534893872067,0.48674673014168507,0.5153908762274939,0.48967995629852856,0.5188574656432222,0.5210853573709859,0.48465491381641573,0.4871069600469233,0.5143041475666311,0.49817509563474893,0.50053394908413,0.5150365113975712,0.49865795914534683,0.49400292839445403,0.5037964858069984,0.506675823130218,0.4993585530077913,0.48354281726581855,0.4993029577384578,0.5149465419055532,0.5248608725593444,0.5135699575242505,0.4758912212435096,0.5105414744880659,0.5006298197282555,0.5188909134707542,0.5234703939463587,0.48041629460082974,0.48501897905634084,0.4902792696292992,0.5425506533240366,0.5088240251441853,0.5020944522934113,0.4950603184177437,0.5024506639928218,0.5222436202784039,0.5226173217329091,0.5009786110097131,0.5005475213098152,0.46797765148011394,0.4896109297574077,0.4868436114414773,0.515322554449656,0.4786449341706665,0.4938465298062241,0.4909681140774871,0.5084774071599809,0.4915431694665095,0.5178518978882661,0.5068493848660459,0.5006037577534902,0.49582088119816775,0.4923691736196064,0.458947166639193,0.48629208824894926,0.4979389556035411,0.5128862967910769,0.4863314382847336,0.489460719763021,0.49153847537610257,0.5068508532452852,0.49117490046651674,0.5106533099459748,0.5092293860078637,0.4966900675792676,0.48504096673422376,0.48182929613932357,0.5140385170284587,0.5044724416972172,0.5179923148352199,0.4820146384538105,0.4977760000302579,0.5007177887967726,0.48999595862481055,0.4979721183513715,0.4830793234749556,0.473905504964636,0.4705554900993189,0.4849664358697062,0.4797739612790934,0.4991135941358022,0.4893534611206339,0.5035882185483384,0.49862431771175597,0.48417121535037644,0.5142016778690455,0.4985068818375311,0.49891707626525916,0.5021839293097005,0.48814352499137137,0.5127951634563135,0.49786817811361067,0.48907754104735335,0.5057407623324798,0.4977045548280126,0.5074275208965274,0.4806233298411289,0.5084219843630708,0.4930040587146196,0.5085405949301277,0.506837647191005]
[0.5962983924086431,0.6043532736685728,0.5944780576429423,0.5966755890918101,0.5915259059036445,0.604797217472884,0.5937215564993965,0.6064552663850699,0.5972113757464051,0.6018429774737499,0.5949037451411612,0.6038426361814673,0.604197904782278,0.599371122858109,0.6086399012923847,0.6062220032035264,0.5876716224881923,0.6027319996308158,0.5986985742020993,0.6016651860491685,0.6031665726110724,0.6054198309030021,0.6009765106800798,0.6028010577538261,0.6043941275140484,0.5963361510025352,0.601590592406002,0.603355422299985,0.6063312977242767,0.5959800646862062,0.5937996318656742,0.5997688963188759,0.6009413439929636,0.5967511564648008,0.6041538672884882,0.5998490506332383,0.6034229669090562,0.5974534909351721,0.6041767744256599,0.598709929476897,0.5971072821769554,0.5930069257940344,0.6060459953427315,0.5890568007183052,0.6069453766720494,0.5988427543835997,0.5962668573597499,0.6007083828488412,0.5871344757515264,0.5912430380453949,0.5994580423903896,0.6058167654120993,0.6057582050493016,0.5999027006981005,0.5964637354110681,0.602824353120669,0.6037748333487749,0.6058450033572464,0.593532950507924,0.6022493628412968,0.5998414212631261,0.5967526340517948,0.6045223965306917,0.5976466298228531,0.6071374720704273,0.5998364808961955,0.6010624664056625,0.600260485477195,0.6023576835487959,0.606665801911622,0.6011079294206078,0.6039060408780123,0.5953441959493961,0.5954091453192799,0.5965533341561113,0.6104513803779539,0.5999428442222123,0.5915401991707336,0.5994904296325907,0.5998374111589851,0.5946714048523194,0.5985821064968235,0.597711575215268,0.5998668477216172,0.6010644731478414,0.5953354099622999,0.5968749002458221,0.5995125772204094,0.6030202705869679,0.5993716104070211,0.604523929217424,0.6034411557590745,0.6062671630473359,0.597338995866169,0.6047980386389583,0.5982704512871343,0.6058300093177774,0.5984049933642721,0.5949819593878165,0.6016574703420688,0.6010297227070055,0.5970818329061689,0.5951855535937493,0.5978201462147684,0.5962513945007406,0.5927746926130234,0.6004761378303936,0.602340713625143,0.5953249955391204,0.6048172550123384,0.6022973650996337,0.5969009382382656,0.6047018659483566,0.6016277322004331,0.605368573868826,0.5995948320077796,0.5878383475896887,0.5914144092699571,0.6020815467596713,0.597449928139568,0.5954908710918987,0.5988785170495575,0.6049063533840967,0.5998994020894949,0.6047132613635335,0.5936563277626811,0.5999312036834872,0.5969333567088725,0.5977832603147464,0.6043154224173135,0.6000267770126517,0.5987188827725096,0.6106913457177979,0.6013309832892225,0.5988521078613716,0.5967141590238721,0.5970790760076858,0.6079223707247627,0.6003856424782431,0.601996207104701,0.5938963209569349,0.6059973573210556,0.6040224554119534,0.6026108272813758,0.5983135027348102,0.6102108928749569,0.5947757146725318,0.5924475039945335,0.6013791567078696,0.6068648061289424,0.5993708606009597,0.6070102835233852,0.5970310737505102,0.5947491935742102,0.6026033243352072,0.6065457474836194,0.6018986066697664,0.6003808235863314,0.5948306658934545,0.595759161747385,0.6066917293843158,0.6015932149699845,0.593674452874627,0.602943250009963,0.599553599384555,0.604289301990761,0.6043841730068287,0.6052417420789652,0.6043603187881391,0.5911072476974824,0.6012299094036502,0.6028814158362131,0.5919902952051014,0.6057860319124231,0.6023644977712901,0.6005597124056863,0.5988764008814198,0.5984395796935423,0.5998275792853166,0.5914438723311537,0.5931116394633099,0.5949395238463552,0.5968157498437539,0.5971171266714024,0.5986138369834353,0.5865431434840503,0.601554355303677,0.6020036783706733,0.6002188717129434,0.6026006507821035,0.5984780891408915,0.5997308860285967,0.5997539606920097,0.6025440821403394,0.5964107159921372,0.599059610502613,0.5959583638537048,0.5986885794925225,0.5999986163264257,0.6041932080214296,0.6053635236805285,0.595596538828849,0.611083080981154,0.6067375012634325,0.5944094626513096,0.6063879253026208,0.5997943940255823,0.5979321231082151,0.5986710001707485,0.5989834079270334,0.6026917905643148,0.5929562824018023,0.6074070332348805,0.602704625633311,0.5986107388429937,0.6008964594544466,0.5948089881065696,0.593724567544328,0.6025682836394564,0.5982913567085447,0.6000600380854885,0.5986381150328766,0.5985469456153433,0.5980619678741453,0.5973005803543713,0.6047565903321255,0.5990002744447381,0.5973366581540664,0.6119902804845023,0.5942113422275139,0.5986446514541155,0.5981268271798783,0.6006848899483264,0.5931651310538422,0.6028718794633878,0.5959551252035663,0.6031928555642475,0.6036292935945002,0.5949246604968323,0.6027194263174371,0.6025408421621659,0.59190439686006,0.588170041953327,0.60223641424076,0.5958749739246251,0.5918017084298566,0.5942450912466989,0.6039433438153649,0.5901550612922283,0.5996115640673879,0.5908550089457955,0.6027996587852891,0.6000112659271277,0.5932811153914158,0.5981042120746537,0.602297079264329,0.6048958777411559,0.6001409347302933,0.5955831554834644,0.5945433274571406,0.6003785227353213,0.5926167537374689,0.594993719753688,0.6061405980465642,0.6015668622950261,0.6012943110238157,0.6018907929807392,0.6040442779369173,0.593956932437844,0.5897072925687353,0.6099789782839264,0.6017504440243395,0.5936643033931237,0.6073875343680686,0.6000445277570876,0.5997184692968637,0.5981199392077939,0.5978448774367249,0.6028297152608852,0.597168142698811,0.5941465023739214,0.5959765145806833,0.5942334112754885,0.6027458240049341,0.5982735656188509,0.6040159011619551,0.6067942702142769,0.5937287661740118,0.6025794006311992,0.6047390550678726,0.5975120729678438,0.6003606741391888,0.5975205484123165,0.5900258321229701,0.5990601413829669,0.5956237706029145,0.5942426916384802,0.6070467132523576,0.6002181251034092,0.5989655518139025,0.6018991659863212,0.5942023160991351,0.5922683476207792,0.6037851830251948,0.60269427606129,0.6061159163729037,0.5875500553250035,0.5999172896717417,0.5957885218424036,0.5979350299427619,0.6006979734813318,0.6078645774445728,0.5986648607980001,0.5936506196141483,0.5974281786285464,0.595826187066382,0.5992431985810482,0.591514320293286,0.5989314139624072,0.5955642216562923,0.5905047173277282,0.591729916284944,0.5973525445626375,0.5999518241273132,0.5953323822535224,0.6003940296727263,0.6037867944814335,0.599239274136638,0.6032895433744276,0.6078177720026985,0.5997111135977601,0.6004583542890568,0.6072442481184812,0.6027623476851505,0.6022301862797302,0.6000892095497423,0.6068039765518236,0.6082952462010937,0.6038648207229786,0.5934903990047953,0.6036970215117483,0.608989654178382,0.5991436770231249,0.5933552499138695,0.595264772271988,0.6009333060899841,0.6002599499844363,0.5949997626537114,0.5942237304317449,0.6034611726161293,0.5986016399922711,0.6074571434326146,0.6017840658942788,0.5977602167821838,0.6031911367441588,0.5924169236678082,0.6034284637849308,0.6003924687114761,0.604919855675357,0.5989693544943727,0.598356318205682,0.5954520839454461,0.6012607095733646,0.6008082518666877,0.6016540879466652,0.6030554137155862,0.5974025144366187,0.6089590173142254,0.6022994778367984,0.6083995671728748,0.6016079679680565,0.5938484810001186,0.6022489390320998,0.6005977370269974,0.6009043291251362,0.6078578930461858,0.6016913056798193,0.5926162269120308,0.6035633021442255,0.606419638796951,0.5920250269190328,0.6054310718058676,0.6061179599325953,0.6058115948361833,0.5949978393837742,0.5900651098907843,0.5993171962663794,0.5986372428182958,0.5955695145890826,0.6004262512156038,0.5993977217862522,0.5976450966521214,0.590568149892152,0.5931120617104417,0.6016282732741053,0.6027181357806123,0.6025899934318952,0.5996118290582182,0.6004067772752522,0.5962696016980351,0.6048722619678435,0.6007359619835118,0.5993977511601496,0.6009821984808741,0.6038236313039704,0.6062274694484636,0.595293070272637,0.6089878407672878,0.5981363039701364,0.5927930964850978,0.5984602213053868,0.5977318701618798,0.5930640743508444,0.5963687060942263,0.6048002733438422,0.5988212369302843,0.6081341306744452,0.5983179211325049,0.5981643936203782,0.5970392087736193,0.6045669245998095,0.6087766544358786,0.5946731038775137,0.6052691924657886,0.6021963851751204,0.6015676928237221,0.5973772326585222,0.6040694713529816,0.5994527823373206,0.5986373065669521,0.6031496885434453,0.6029153783676631,0.5956907528391342,0.606805448755123,0.5941396102973231,0.5966531492314749,0.5998784784070863,0.596945969977385,0.5994275504458363,0.6091160962323273,0.6055382756516486,0.6073623063781106,0.5971236138678963,0.5928679669514463,0.603870910261831,0.6038258756512453,0.6039302401593316,0.6033822211427788,0.5946962569661449,0.6024820825155089,0.5956079186855798,0.5974618379849674,0.5970291922992594,0.5987703143092552,0.597635378517742,0.5990436431674834,0.6042530348892997,0.6009649872029542,0.6107994599291969,0.6014691177403542,0.5971452005089094,0.6037750932543807,0.6051391208703127,0.5929275088854113,0.5980179609123032,0.5977141267393634,0.5960922558396282,0.6012504758034033,0.6018106355971576,0.5967072378786263,0.6068989096267571,0.592948997784976,0.5963608030359121,0.599540465193857,0.6032250004833087,0.6021602680685502,0.5955526075525933,0.599512048508719,0.593018840608066,0.6024505180560392,0.60188253924367,0.6028693049643148,0.5913904343475616,0.5907024802966075,0.6057343904853619,0.6003381796269148,0.5939597034409025,0.605336841664187,0.6009426694917553,0.5938112036573481,0.6090757674458278,0.5949207870606382,0.6010967293132884,0.5971876392500568,0.6010033276428379,0.5970561313307592,0.6002818713187492,0.5944899231746898,0.604798071068787,0.5992148013297335,0.6008492736404419,0.6045595802960037,0.6048040529584793,0.6042381215064138,0.5990503135994428,0.5937893537811589,0.6009394961896171,0.6092555912865891,0.6051117493915832,0.6007304512823527,0.5985784153770454,0.5991529572631157,0.5978412635921666,0.5994524348128578,0.5988309076321653,0.5974959984449347,0.6034000973347684,0.6051508837813295,0.5981788503478417,0.5948128866858435,0.6062444182226514,0.595998545143633,0.5998585963547298,0.5978110348086586,0.5993036177116537,0.598641259166444,0.6032789265311364,0.6019108684819827,0.5982337664456422,0.6003199045090722,0.6045519862836978,0.6042228242898048,0.6075958663363373,0.6041319866776458,0.5978187521049662,0.6068307139785337,0.6047074028561739,0.602360831246125,0.6023270182264828,0.6056064086240762,0.6021729502581381,0.5992919869034056,0.5922127757507578,0.604627653077052,0.5978916835118423,0.6013842846172046,0.6092766041221298,0.6006576849385077,0.5926789132559598,0.6023510872604201,0.5947069544588078,0.6006771266708185,0.6035892055159697,0.596063726586142,0.6042000147149132,0.5996896943880651,0.602420767199873,0.5996064977062708,0.5952955502406456,0.5875102675069698,0.5963650831145414,0.6027647343397289,0.5878506286840485,0.5967709997878763,0.5940115632904432,0.5954051365284166,0.5961588351942331,0.6038092233132769,0.5910226124303487,0.5900707572186773,0.5920194891667506,0.5953370777855894,0.5989929625238849,0.5954878267231505,0.6057245346923846,0.6000331167085996,0.6159930469652894,0.5989178138581559,0.5972589281454953,0.6024553326918762,0.592382659840974,0.6046354508337044,0.5971531408774092,0.5952253873736463,0.6004142237044707,0.5885567151252256,0.5866985298623595,0.6022597646297287,0.6016629513732565,0.5960980908147544,0.5974075445000062,0.6032313026081797,0.6000451091561164,0.6036626603573954,0.5975006445571224,0.6007763547741507,0.6038928300644824,0.5937054883174689,0.6016759727201308,0.6003140138620174,0.6026205655848714,0.6027187583057165,0.591067874134054,0.6014514790227607,0.5973890434873419,0.6026787907980728,0.6004271730302517,0.6099790166504384,0.5936342660535129,0.5971460184851789,0.603090123447917,0.6005777152236668,0.5895171967819296,0.598381971984031,0.5907876656732266,0.608650985440131,0.5979644006401077,0.5962527206815038,0.5957126554910689,0.6020825529012948,0.6017076266826681,0.5937476307363538,0.5977187660567782,0.6019415270016467,0.6047199854623903,0.5974118502907219,0.6038675399543871,0.5985462778007095,0.6018606311286191,0.59252044020547,0.6067812679385918,0.5976066915497492,0.5868871093758242,0.5926762188778986,0.5979433891945811,0.6089457687323683,0.5956271711598238,0.5994325366908785,0.597049112809781,0.5859044498492509,0.5916141884485903,0.5928763748393242,0.5928857060506367,0.5930012357434773,0.5938231648808285,0.5981526724014264,0.5979157030213247,0.6016722765829906,0.5922030881182389,0.6027881397283328,0.5975344973947375,0.6058118562993461,0.5990864738846654,0.599096228174712,0.6040643104164077,0.5961693174706523,0.5980710540997549,0.596067839136142,0.5960433134938163,0.5955436805663626,0.6011977647209458,0.6063217143100105,0.5992921846220047,0.6035428875750284,0.603695723372028,0.6038997093532551,0.601971540170897,0.5986622898098214,0.5940992375126414,0.6015823241461742,0.600009164507976,0.5995020984009629,0.6057637627044465,0.594758473150908,0.5992724516281365,0.5901593185848425,0.5970845919549425,0.5916522832002394,0.5945599409153592,0.5987232232412397,0.5978768284008631,0.5989426376691764,0.604274782503643,0.6032888531785224,0.6072867435643633,0.6067166222036491,0.5989582736590997,0.5921971264113592,0.6123457230545097,0.6041018031048223,0.6012925439389439,0.5955775779041684,0.6061934976286487,0.5980928500648528,0.5941380522887378,0.5969265175357478,0.5966088855962063,0.6072131583847079,0.5944579986850705,0.600447904185134,0.5910764921215651,0.5923963002232687,0.6002625058499145,0.5966767326057403,0.5982951939379774,0.6027858854716235,0.5910617229768613,0.5976580020509507,0.5993365947490131,0.5994551457518885,0.607143449460648,0.5954541803487767,0.596849131068551,0.595498598918376,0.5952164035995429,0.5897589742917075,0.6037374230523959,0.603577720714527,0.6026643075292086,0.5993802061084019,0.5984933313233982,0.605176950357429,0.5899596045491071,0.6008129639561759,0.6058272521387359,0.6015358232168683,0.598114794981781,0.5976189654084433,0.5941824659361349,0.5990787463275757,0.5918909564742851,0.5933683335903038,0.5975023833056907,0.6061201388595224,0.5852266238577308,0.5948008433924533,0.5976341114771184,0.5957032821920863,0.5964906842751053,0.6073492714497825,0.6013648919458031,0.5992984295250132,0.6040902058168585,0.603875219151597,0.6001323357869477,0.5929085444161679,0.5977584215926977,0.598298389624459,0.6025190884023207,0.5989672462161331,0.6009157641336047,0.6055882563345455,0.5919643651886698,0.5990148769278545,0.5963318902397963,0.5979828540659967,0.5970980795610843,0.5968292405478142,0.601626753582171,0.5924892609694199,0.6043301880434622,0.5999283202152927,0.5935854051753132,0.5965871232683948,0.5981063967763559,0.6036082256243439,0.6127458108181705,0.5963814956756205,0.5979615072764302,0.6061921798971985,0.6015093516027664,0.6009076242077575,0.6017087116713979,0.5974626976371529,0.6007902878890858,0.5989992942606852,0.5971625981490626,0.5908995048381658,0.5967846075523913,0.6186855271057947,0.5949037658036123,0.5928634541239934,0.6034459303671699,0.5936371602955334,0.5992045491440161,0.6066570060337169,0.6044236283969144,0.5935306538598549,0.5946122701948366,0.6056507682875698,0.6037269770292448,0.6016604766300964,0.6002991943899411,0.5972830819928118,0.5887947846026546,0.6012648014504692,0.5988646236888434,0.5972336894068817,0.5900271172308909,0.5934714614497222,0.5976218991116179,0.5909835035901346,0.6043082884999613,0.6014800918646648,0.5972748594022949,0.6019404825797345,0.5982218961285718,0.6060811516500465,0.5964841241477559,0.60326279342198,0.5983329017396315,0.6019580476731746,0.5996738211187539,0.6042761125892236,0.5990163753387711,0.5970674108357907,0.5961545354791704,0.6012090910524196,0.5955175894949368,0.5968108179048073,0.591565460471745,0.6006805770562239,0.6067605212760808,0.5990596865665012,0.6015100476233043,0.5915670175172996,0.6001357966651607,0.6024569180683281,0.6012154683001499,0.5958560785573463,0.6045989416353953,0.5987933326973696,0.5992004004159046,0.6061370081957749,0.5812568154882454,0.5983684606025584,0.6076957193423241,0.6024485298138659,0.6033324191079988,0.6002375568460294,0.5882810597224774,0.603489860387117,0.5950443928176353,0.6084174117363975,0.6022740347459993,0.6083891171973648,0.6065352034197857,0.5946439862838914,0.6039420886423327,0.597647600359914,0.5978625353431031,0.5984695115524536,0.5992124547256794,0.6021706260705161,0.6006783351725549,0.6033921675077495,0.5894253037240768,0.6020316830371799,0.6011421077409516,0.6060556779140108,0.6014403312626632,0.5997219645682252,0.5970252405319829,0.5993716878024344,0.603085080429246,0.601150270698843,0.602118404802258,0.5979396414691855,0.5984898856657468,0.5985051207407126,0.5994819029611755,0.6014773488723796,0.6003324428560362,0.5959303247489912,0.6034606154759605,0.5958372433645275,0.5950182377515498,0.6056517145066891,0.6014410769537548,0.600553528531547,0.5988871304027599,0.6068611364173105,0.5961365771141953,0.598583353397154,0.5989007498298333,0.6002664619458699,0.5921338754736201,0.6025072336816409,0.6005702282264342,0.5950286900994336,0.600557404531504,0.595348032947925,0.5957089981452203,0.5937569725284028,0.5975441720830026,0.5987086672356959,0.6022979447649998,0.5927323671127797,0.5966375519575997,0.5937798966807697,0.5992796452387006,0.6003216757714189,0.5994173687657207,0.598082783405428,0.6028347915383283,0.5976588081750305,0.6010032156120643,0.5974337574527013,0.5893270531420746,0.5986086977988192,0.6021210486541545,0.5933941367696485,0.6057218596526246,0.5946705477301821,0.6006339933035584,0.6061260195078596,0.5920735494721023,0.5998490035811295,0.5989956779703478,0.5935257775688273,0.6083808535958516,0.5978283306147796,0.6047300223809398,0.6079572763849337,0.603156067764031,0.5978388575127054,0.600202439104056,0.6005952264407605,0.6080029226036904,0.5994086331688065,0.6080854010696806,0.5985758763526051,0.6044925920933979,0.5960878315059318,0.5937634374555534,0.598009019340657,0.6085862892914579,0.6020400549149594,0.598737180497746,0.5992824870139999,0.5947677199114659,0.5987175242691839,0.602882374180854,0.5985875156529402,0.6054464821171862,0.6023453494831262,0.5963981229485482,0.6008695630686669,0.5990974959850144,0.595713282216559,0.5991117362305972,0.6049632527734192,0.6056152842396053,0.602627449861254,0.6021814626563224,0.595785911789037,0.5912977801194627,0.5984272278367759,0.596775407195451,0.6008442175256772,0.6021096917651287,0.59872186956367,0.610826391485584,0.5979772397262877,0.5991030558087799,0.5975752218903724,0.5960086222803122,0.604111156797994,0.5904022465895078,0.6086510408426351,0.5961462765309457,0.5978064859244779,0.5944055792808498,0.6014375452839168,0.6045815575333464,0.6003400280402389,0.5963484357051826,0.5906084390698204,0.5978708717198419,0.6033799104104068,0.607113306035989,0.5882267655087264,0.597566748634674,0.5940122517186345,0.6015481354840164,0.5932984736971183,0.6010359728494766,0.6043715827503713,0.5924020666155069,0.6022291872961983,0.5964698247160922,0.5930768142573557,0.5965061147018333,0.5922524993061581,0.5971344360778199,0.600930015063655,0.5980977244933077,0.6050758615716945,0.5957742926963945,0.5981097906930162]
[0.612730359490462,0.6116785647831052,0.5959746772542646,0.6010076889251347,0.5899873999886873,0.6126361177233485,0.6037217182830298,0.6124564543910239,0.5984179397937692,0.6162741977147809,0.5843278646649709,0.5972962901346133,0.6280542174991463,0.6270284152513677,0.6120327920163368,0.5931932334349744,0.5884162057464805,0.5995136296029848,0.6121738271403734,0.5715345123804628,0.5805977243730771,0.5973706334429796,0.5795401121917294,0.617314051997166,0.616593686603978,0.5990291559692782,0.5821738275676909,0.6275055786665276,0.5959164319802657,0.6189457189781602,0.5981244518802241,0.6100818136277443,0.614460578181202,0.6240211165259798,0.6018915504917204,0.6114887387086627,0.5976901637931366,0.5777683573419736,0.6507248072153226,0.6122850296420842,0.5978527460079249,0.6056347770321754,0.5892870227049489,0.5935373690013136,0.5981900562295049,0.5790735988230613,0.5854750931297034,0.5844812110867428,0.5748524975327631,0.6331371723127912,0.610814879153947,0.5893448131180942,0.6055318599285024,0.5694104605601273,0.60566332789684,0.6099637025530597,0.6001750776234269,0.6008137604183944,0.6096807873567898,0.6280467365321019,0.6011531688144471,0.6046536868777181,0.5985762077615462,0.6074479241171751,0.5957627552933098,0.5857414999258012,0.6033090057179893,0.588222662478633,0.6027963644152237,0.6051189800699226,0.5711819110835704,0.5964541387073612,0.5907921860963905,0.6383104165817,0.620729198537886,0.6224527190073038,0.6121909497068007,0.6057597742663051,0.6229533075644443,0.5817297725385951,0.6017339064926303,0.576579163090334,0.5921024571652918,0.6069964035511008,0.5782945000032544,0.6100440444071432,0.5808466465948209,0.5902579865196135,0.59780903136509,0.5698435404993923,0.584641305404212,0.5708059707534793,0.6029394864630563,0.60707853357194,0.588567016233408,0.600388443674875,0.6018782271179709,0.5809967762945166,0.6168008561552512,0.585378656468663,0.6164856962716098,0.5629599404609,0.5985107681915471,0.6016531271928992,0.5855333458092696,0.607946438899512,0.5983982037937055,0.6125239162948556,0.6000962549326145,0.6341861762454852,0.6155702121682161,0.6050912791441808,0.580754800822106,0.5886511610049472,0.6155382683550783,0.6011686401193779,0.607235744015327,0.5929182870558254,0.6055890192123168,0.6127491444819347,0.6162724504196218,0.6081143635034935,0.6144336876456327,0.6089592715256017,0.6125250536614398,0.6134709745679119,0.6006107626894553,0.5972110731875878,0.6286985045527335,0.5740620512655411,0.5866226055370249,0.5794553651177645,0.5667864745212438,0.6223400137284731,0.6059644765798614,0.6225231995223718,0.6142679760131355,0.625664777637214,0.6088412930396063,0.604278844613152,0.6204283116238767,0.617981686889563,0.5814985965196274,0.5934472447374926,0.6001244471439048,0.5849030419959469,0.6067449959981075,0.5888064750466084,0.5676203474141436,0.5919503161615636,0.5942432845648198,0.6214643733042324,0.6007134711925421,0.592795690728955,0.5848132393575383,0.6041220627482093,0.6248759431474306,0.6089816127221739,0.6104140744619567,0.6016751254807425,0.598384462433274,0.5769653620372476,0.6053291146468148,0.5902107222561789,0.613719562180616,0.620141162511578,0.614655989304943,0.5954441103117075,0.5922279396836061,0.572452608122495,0.6268352184507399,0.5964182269156831,0.5966129273045278,0.6009213938535747,0.6131237240642812,0.5975040352419149,0.6093931030575973,0.5821775510335118,0.6042689366818508,0.5872205935421911,0.6211141308920383,0.6312288397206116,0.6093154775766424,0.6304046526127143,0.6100022540526319,0.5963548619699814,0.5910498739694515,0.5977056343622464,0.5780430846679453,0.5989636125324074,0.596291509045198,0.6039717944514987,0.5853564715652347,0.5986092964941696,0.595857529922209,0.6351191124910058,0.6041815234432533,0.5889974506500923,0.6297337848920661,0.584930888841369,0.6092319105078098,0.5938833823261681,0.568793096131594,0.589567561095785,0.607502594942101,0.6215837216049839,0.621424243267478,0.6187567257349834,0.6310293904416192,0.5971420245265767,0.6011218612401538,0.5931619713538766,0.6241703765848525,0.6106921780207373,0.6058567342060146,0.5803798840762848,0.6172318590775203,0.5960175454890044,0.6109713058802657,0.5941843678424962,0.5935414882147879,0.5940403313260804,0.5928230818931266,0.6126818619424794,0.5946268550119987,0.6491335353196992,0.6126435210170522,0.6145410604792445,0.6124591821248053,0.6333670939671142,0.5870238030938234,0.574704185312363,0.595771699361589,0.5807716918932642,0.5974438130300646,0.6211067406760982,0.6273127940442488,0.6166349156953755,0.6017273317264911,0.588345841416932,0.6074228716533934,0.596265499837737,0.5855788699335995,0.5838339021602125,0.5828124229648783,0.6161483717596294,0.6150159789323939,0.6065946423255977,0.595462280076248,0.5811436917862955,0.6091640256868116,0.5866504503045087,0.6117061114066471,0.6103550277673823,0.5918507847642129,0.6142179157583783,0.5990595780172779,0.6208161353951405,0.5980732445339924,0.616412224952606,0.6003589329409789,0.6190554179420454,0.6081308556937893,0.6118421572264131,0.5689529009686973,0.5971162531471563,0.619014053196852,0.6200680050500558,0.5859631032096967,0.6098388966087696,0.607970958257608,0.629849225209461,0.5799485580540662,0.577691098197435,0.5961888243305733,0.5876486651507744,0.610438900762008,0.6106602275444168,0.601884880015624,0.6160082183196277,0.5947852190339039,0.5968925426218337,0.5979554797473374,0.6131138337344874,0.5929838023571082,0.5944372720899822,0.5970687634209048,0.6266061589344735,0.6252201789693248,0.6106053358797798,0.5787901788409362,0.6136351298273814,0.6164182169383375,0.6012203221357938,0.6208276865872598,0.588633214246261,0.6062996147390446,0.6031058573112891,0.5979547667414891,0.6124528883230789,0.5989000773400659,0.6212342809636142,0.5853515815849006,0.5834876697471394,0.6227309674953371,0.6152632800600749,0.6122032889631093,0.5989961052383327,0.6093021019047972,0.6018511887643698,0.6176551786704136,0.6045099272938659,0.6087489192071868,0.5945924632828173,0.6170249602589781,0.6211873125469669,0.60054653716214,0.6095305961788684,0.5968808984543469,0.6284983838497931,0.5693279282796798,0.5971883720453309,0.602390762812387,0.5924259016630624,0.6021918715240593,0.5903066253521055,0.6265746091376939,0.5813160637045529,0.6076430984481055,0.6179837630617087,0.6029816256785259,0.6099140926063077,0.5955057227443503,0.6115161036939114,0.6080911551851652,0.5863583347402832,0.6137948723315396,0.6002225178919959,0.6129547859842579,0.6401835637466508,0.5750734666930857,0.603699765839514,0.5971080845897161,0.6277416006096362,0.6074100017851207,0.5893713666365217,0.595051225310135,0.6183543738286784,0.5919838137250792,0.5823167412110414,0.6220192115600112,0.5892336363513775,0.6160317284941652,0.6025054891760293,0.587011926447915,0.5763293965167078,0.583743670627948,0.5861341565646842,0.610355715835689,0.5800410747048119,0.5803454961046677,0.6173259756835973,0.573265417652905,0.6188211975001585,0.5706080503631183,0.6073627511512949,0.5963285144907139,0.5975316505682136,0.5952833979076997,0.6063567397959926,0.6124309568208649,0.5649931747257265,0.6132888477680863,0.5976300076312191,0.6183819744365106,0.6103478706636772,0.6012040332362578,0.6079631341062933,0.6163057073675328,0.5882601470748734,0.6152307673600605,0.5776908306914021,0.6287482696483954,0.5850976405986009,0.6018499431813317,0.6246266021910201,0.6073607387869637,0.5966841033147507,0.5995389452866994,0.6179545884155124,0.5845621123365491,0.607873621904241,0.6094878715354538,0.6038177173352817,0.6002519024188798,0.5956569415776022,0.597720229876656,0.6164305468820084,0.5951727803945651,0.6155383386686608,0.5910052831275966,0.5764432312101855,0.6039951367089624,0.6049266106135185,0.6024597292106554,0.6149149038528056,0.6142312994710137,0.586582098920804,0.606653869153749,0.6190320776671677,0.6017495118971266,0.6014353247623404,0.6040981924054267,0.6100962938588845,0.6151867015992287,0.6118599435682329,0.608286250904829,0.6138700833608499,0.5777119986481125,0.6096824885711604,0.5888060038551411,0.5840625833982787,0.6035332229380472,0.60402306203195,0.6150568282052876,0.6031693271785641,0.6001436579464211,0.6050738291576734,0.6017498160699798,0.5978960335431328,0.5622665703129229,0.6161190187303665,0.6008841411699439,0.5963069944365348,0.615888648537029,0.6050239641773896,0.6175142360802005,0.6055220573683494,0.6042082424864296,0.6065216271941923,0.5954036915300901,0.5834896010875751,0.6178437812319387,0.5988688787492521,0.6161761515498467,0.5910923414010495,0.6055461544738965,0.6126977533447284,0.5872542959418867,0.5898271534978801,0.6255331482415675,0.5937671381244066,0.5946553276373592,0.6062491124610991,0.582126393804977,0.6042176457449465,0.5639313257450066,0.5939134234440931,0.6013881112368058,0.5922390476136855,0.5732454080101811,0.6030029425777806,0.6139041610777739,0.5987589702377637,0.6151336784206047,0.5989508757165798,0.5955985570947289,0.5834940867558793,0.6131707930309998,0.5559550317430626,0.612408170415772,0.5991452885245843,0.6056686979506096,0.5915254801926221,0.5757314686397181,0.5781445094778425,0.588045402177931,0.593321336889852,0.5946671685126184,0.5974326445667609,0.5739757710427084,0.5856896547283504,0.5899445809608296,0.6250952706552702,0.5784464382188076,0.6136144180763617,0.6019589913289581,0.5852984248747033,0.5974377635869051,0.592695674159291,0.6211396171195145,0.5687822851994252,0.569982204286979,0.6390768320345953,0.5774057916348414,0.6008354691073383,0.6159551384126671,0.598743992936182,0.6010761567702045,0.5860648490820185,0.6152915580687472,0.6124204498227596,0.6136616629958006,0.5680762629177295,0.5754378729267317,0.592780946497867,0.5923763757495164,0.6278772335196361,0.5981175673369749,0.5770734247745302,0.6019085720547689,0.5885960826416841,0.567848862249162,0.6016017246199826,0.602598646118412,0.5928907684077029,0.6176902066610935,0.5875278481609478,0.5996141832059418,0.6306508736446451,0.5993270793610777,0.5911736588618581,0.6215149864286226,0.5943602069325101,0.6178334125240167,0.6029769321423888,0.5954681436030752,0.622149889401052,0.5886855487299263,0.6075458689692376,0.5993905180526417,0.6079664858212634,0.59922012189594,0.583460905342082,0.6048895845250297,0.5697462440272001,0.6157724955272722,0.6107755159097102,0.5974857768725589,0.6170046510717145,0.5939695040384099,0.5993763038181059,0.602421619298712,0.6101273707565511,0.5859752276535968,0.5994681373282891,0.6215434509474114,0.6066244187703398,0.5897611418423588,0.6107723399944713,0.6121357675159347,0.6321002506065857,0.5867699071396316,0.6028471904108345,0.5758839535815072,0.6270485849377502,0.6072149971839155,0.6109027497527653,0.6094153632109144,0.6343952672610714,0.5985281903709075,0.6238266518840733,0.613592011533038,0.6057650104399774,0.5968912990511976,0.6093516699172471,0.6057952851454335,0.6194406690566305,0.580571258403197,0.6037416695254217,0.6318001102110046,0.6039328953586991,0.6058362262517246,0.614072211331672,0.623805446900128,0.6007687668553955,0.6015291301640007,0.6164300830361672,0.5951989829310421,0.6174851834764593,0.5664148572555997,0.629051497577318,0.6033839793307676,0.6069817642878306,0.5931097871009409,0.5918336209215999,0.6045181701150479,0.5680377484211705,0.5983483688791402,0.6087152335830696,0.6064857556652165,0.5933799382230659,0.6084140460818785,0.616230328096737,0.5860744105908192,0.5718499044898825,0.5978598142287854,0.6096105055022756,0.6018893506027174,0.5690225304840627,0.5781319446606984,0.6052223017665246,0.6092642457902651,0.5946451443574896,0.6021937518329807,0.6023235663904748,0.6329362431935946,0.6062386067702831,0.5828244026743468,0.5891460039726294,0.6293982804693248,0.5890500624399315,0.6292065612797042,0.5951943552941812,0.6204475730107403,0.5910221907654618,0.6012232496109889,0.6117639316088299,0.6014918168761538,0.620512766412479,0.605334894527684,0.5985974373969809,0.5894977521395299,0.5859638260971859,0.6028173652666757,0.609492179110785,0.6028569867152623,0.5964478522651204,0.5840473464962924,0.5929533660896896,0.60152165872372,0.6082965973886372,0.6134582964255318,0.5996464032469278,0.6128242420698554,0.5838373904243013,0.5921051083828668,0.5899940479235106,0.5834952952172517,0.6037257715140453,0.6149319112132899,0.6058741867698488,0.5981490227725059,0.5844379111649575,0.5911050732323214,0.6024307196988874,0.5794267834467821,0.5989013204015987,0.6001634109749976,0.5803618264201595,0.6060833078706993,0.5956403007516012,0.5765795914116325,0.579730822116631,0.601253855179953,0.6293548818455409,0.5989106004891841,0.5844592321405612,0.6198841756520203,0.6132516073153069,0.6041895961948406,0.6151647442418633,0.6196367870284448,0.5927188111010611,0.5865533521612591,0.5946935923685096,0.6048041020241981,0.6068394037935778,0.6107395472785766,0.6020239442274704,0.6144728711889171,0.6367345962750337,0.6016745438756425,0.6152784191080133,0.6063442479470434,0.5973011851657025,0.5935851553482453,0.5885007977953605,0.6355632046769639,0.639794547727826,0.608533790299502,0.6360715167599115,0.6114775665447132,0.5969785030836798,0.5752989799157274,0.6140179684171527,0.6113168850242897,0.5779533564155535,0.5981738415916443,0.6386352488732635,0.6004027516925384,0.6156480098810623,0.6006106928554983,0.5888427263788553,0.5690068229596318,0.6045235482425823,0.5796022366190735,0.593959526478998,0.6167722521058776,0.5946816184235199,0.6165337887000616,0.6152576628677744,0.5784181636221839,0.6084107143625788,0.5882429441289384,0.6008153017552232,0.620737561779615,0.644780598214922,0.6042832245628256,0.6000787822300307,0.5839295146467938,0.6014238308164965,0.5922243871068265,0.5892441101917613,0.6089404291745187,0.5909195731782496,0.5765660059913773,0.581570723637662,0.606886058746103,0.6071364155913825,0.5988202855555653,0.5957580979593883,0.6126196973002216,0.5906760269645065,0.598506200545704,0.5969062078798646,0.5880023589450817,0.611518687051915,0.6074728418506019,0.577388930873192,0.6266722390703784,0.6059757345602205,0.6070926237421675,0.5616074514818584,0.6093863349897783,0.6101216621991827,0.5893535541399506,0.6346428900045776,0.5993314915686151,0.602779343856096,0.5936489668311322,0.5859844362722388,0.594003975748661,0.5774496025593349,0.6175155840001049,0.5926430350074031,0.6201396771612884,0.5983176172443534,0.6183465081422915,0.5981736927121438,0.5927740931971264,0.6129957599126393,0.6073900121883709,0.5904795972879507,0.5891261588001807,0.5822149019682967,0.5869078524534707,0.600242195994632,0.6048462800741983,0.5995862331613069,0.5907329738948206,0.5984914667454001,0.584700630314975,0.6079051676215895,0.6310949088755733,0.5986615766480906,0.6266851376103876,0.6204545767853707,0.5997435754224167,0.599106976111064,0.5869571540876085,0.5794147865366921,0.5838553945648094,0.5767157767555695,0.5803070655056547,0.6085393026636973,0.6025319151423428,0.5787375512927708,0.5809002458182454,0.5888401517678403,0.5861720793025558,0.5911647264054972,0.6263934834319371,0.6004990766046181,0.6138509865470708,0.5967680474305607,0.5637667918401981,0.6067316024023786,0.6264807940400449,0.5978717460949502,0.6142352487765593,0.5843809807595542,0.6180204169457646,0.6071118464812436,0.60663920126197,0.5918619702034009,0.5608848164274919,0.5808891901699845,0.5990662702753153,0.5981884384559554,0.5890667121252672,0.620403763581006,0.5987179838658554,0.6022195706221207,0.5754996162140957,0.5962743444594988,0.5976216256157254,0.5941456731919201,0.5721718608946742,0.638041349919749,0.591984551908866,0.6050463459256724,0.6011558577650534,0.6155715384208752,0.6030710710702547,0.5794281816435192,0.6037749482213081,0.595925683295231,0.600936045340671,0.5814169934860731,0.6235895045746865,0.5978914087648427,0.5974491565621416,0.6142721567758331,0.6058795429475106,0.6002236074521016,0.5863419372590202,0.5954852931224174,0.5893849068419055,0.6117753981543327,0.6066474898268817,0.592568366597391,0.5986002313746092,0.5998478566312894,0.601026794673475,0.6162976522024495,0.5642191551640637,0.5817116316735991,0.6134633555290328,0.5756999684514781,0.6060824192184332,0.5905790973617703,0.5762287298106257,0.5930658573040019,0.6092439385690671,0.6127349076257944,0.5733791016332422,0.5708713898833048,0.6080251748886064,0.6005061232257837,0.6138854024922132,0.5781875026893485,0.6220324975474214,0.6155892672292873,0.6054115386795992,0.6111112295387663,0.605704986007606,0.5985264708596807,0.6126646614154727,0.6111967886258453,0.5805460080076374,0.614155818553699,0.5993939879223583,0.585471317849638,0.6057561974530495,0.6050398980348687,0.6171221263067077,0.5939699012880805,0.5820686280594238,0.5977202723151329,0.6091607793908074,0.6011533758498923,0.6123067189473139,0.6155482172906903,0.6118037945550032,0.6049690982462781,0.5939261414123315,0.6299201426176979,0.5848786750753013,0.6168562042490814,0.6295601965252123,0.6017516290515612,0.581630783480395,0.557931333087554,0.5777431186188509,0.6050046507549889,0.6395388064408614,0.592410787530044,0.6217615215610667,0.6031776968167873,0.5917470725014005,0.5810316492899437,0.5960620232728152,0.6040816851304094,0.5704939271121228,0.5902259345792852,0.5900008246612101,0.5822388657504154,0.6250925675992465,0.610304184055638,0.588207596394621,0.5981231942573663,0.5961335115325445,0.5962111538251386,0.5940770211033398,0.6172186164032746,0.6066630623081318,0.5858965298056089,0.601348606278252,0.6147723545755434,0.6084383230899267,0.6093976344253286,0.6211841693410637,0.5645379321938837,0.5992414153736099,0.5823857178219363,0.6331996780563777,0.5751518871479663,0.5937508264258904,0.6182171590981149,0.6216370857203973,0.6046595495562677,0.6044308479507456,0.6128310771621825,0.597804710096054,0.6161510443010144,0.6251505552427925,0.5968672775384992,0.5700386387523654,0.6046269286494461,0.6160126087128448,0.5828461553363219,0.5828287509375273,0.6242853453916017,0.5928569817670998,0.5864694924870393,0.605169864048388,0.6122066896039815,0.6087804199101106,0.5994717143417777,0.5907438278007355,0.6110895344199522,0.5925910458119782,0.6370464505920375,0.6038541873046973,0.5605177479840739,0.6103210204713236,0.5713166982307704,0.5865660532633122,0.6228701421191751,0.5973046860973734,0.5797950553760731,0.6070137595495088,0.6174297040402921,0.59257161544922,0.5936387729622656,0.6066956568113977,0.5978131400793659,0.595510501092379,0.6152256848798309,0.57263602927845,0.5759949721722917,0.5864457147301533,0.5930031179311022,0.609224222996018,0.6065428102743027,0.6145543436168707,0.5914636398980986,0.5819182797664065,0.5995739693384818,0.617214356375295,0.5690743249899954,0.5891754739788362,0.5989657394918435,0.5674802327434227,0.612653364379204,0.5985041418504733,0.6094781389373829,0.6049465051361452,0.5722287333786684,0.5837511279964696,0.5924877497686967,0.5862048080895726,0.6331903399994518,0.6083598266205825,0.6214631022015326,0.5963391437972839,0.5741091503794237,0.6054465470836177,0.6023163431648971,0.5914305305146905,0.5923352475870364,0.5752842400612183,0.6002978565167872,0.581829676056313,0.6142907168580857,0.5876071164560832,0.6063488994361758,0.5887463123626948,0.5885927834065344]
Tests run: 1, Failures: 0, Errors: 0, Skipped: 0, Time elapsed: 0.131 sec - in com.liepin.macaw.estimator.ThompsonEstimatorTest
Running com.liepin.macaw.estimator.EpsilonEstimatorTest
[DEBUG][2020/07/30 20:45:33173][com.liepin.macaw.estimator.EpsilonEstimatorTest.testEpsilonEstimator(EpsilonEstimatorTest.java:24)]
0.1
 [DEBUG][2020/07/30 20:45:33174][com.liepin.macaw.estimator.EpsilonEstimatorTest.testEpsilonEstimator(EpsilonEstimatorTest.java:29)]
0.85
 [DEBUG][2020/07/30 20:45:33174][com.liepin.macaw.estimator.EpsilonEstimatorTest.testEpsilonEstimator(EpsilonEstimatorTest.java:35)]
0.8
 Tests run: 1, Failures: 0, Errors: 0, Skipped: 0, Time elapsed: 0.001 sec - in com.liepin.macaw.estimator.EpsilonEstimatorTest

Results :

Tests run: 17, Failures: 0, Errors: 0, Skipped: 0

[INFO] 
[INFO] --- jacoco-maven-plugin:0.8.5:report (report) @ macaw ---
[INFO] Loading execution data file /tmp/tmpwxgld75u/macaw/target/jacoco.exec
[INFO] Analyzed bundle 'macaw' with 285 classes
[INFO] ------------------------------------------------------------------------
[INFO] BUILD SUCCESS
[INFO] ------------------------------------------------------------------------
[INFO] Total time:  9.166 s
[INFO] Finished at: 2020-07-30T20:45:34Z
[INFO] ------------------------------------------------------------------------
