[INFO] Error stacktraces are turned on.
[INFO] Scanning for projects...
[WARNING] The project org.jongo:jongo:jar:1.3.0 uses prerequisites which is only intended for maven-plugin projects but not for non maven-plugin projects. For such purposes you should use the maven-enforcer-plugin. See https://maven.apache.org/enforcer/enforcer-rules/requireMavenVersion.html
[INFO] 
[INFO] --------------------------< org.jongo:jongo >---------------------------
[INFO] Building Jongo 1.3.0
[INFO] --------------------------------[ jar ]---------------------------------
[WARNING] The POM for org.mongodb:mongo-java-driver-core:jar:3.0.0-test-SNAPSHOT is missing, no dependency information available
[INFO] 
[INFO] --- maven-enforcer-plugin:1.0:enforce (enforce-maven) @ jongo ---
[INFO] 
[INFO] --- maven-resources-plugin:2.5:resources (default-resources) @ jongo ---
[debug] execute contextualize
[INFO] Using 'UTF-8' encoding to copy filtered resources.
[INFO] skip non existing resourceDirectory /tmp/tmpq2hga_n8/jongo/src/main/resources
[INFO] 
[INFO] --- maven-compiler-plugin:2.4:compile (default-compile) @ jongo ---
[INFO] Compiling 65 source files to /tmp/tmpq2hga_n8/jongo/target/classes
[INFO] 
[INFO] --- maven-bundle-plugin:2.4.0:manifest (bundle-manifest) @ jongo ---
[INFO] 
[INFO] --- maven-resources-plugin:2.5:testResources (default-testResources) @ jongo ---
[debug] execute contextualize
[INFO] Using 'UTF-8' encoding to copy filtered resources.
[INFO] Copying 1 resource
[INFO] 
[INFO] --- maven-compiler-plugin:2.4:testCompile (default-testCompile) @ jongo ---
[INFO] Compiling 80 source files to /tmp/tmpq2hga_n8/jongo/target/test-classes
[INFO] 
[INFO] --- maven-surefire-plugin:2.12:test (default-test) @ jongo ---
[INFO] Surefire report directory: /tmp/tmpq2hga_n8/jongo/target/surefire-reports

-------------------------------------------------------
 T E S T S
-------------------------------------------------------
Running org.jongo.CountTest
SLF4J: Failed to load class "org.slf4j.impl.StaticLoggerBinder".
SLF4J: Defaulting to no-operation (NOP) logger implementation
SLF4J: See http://www.slf4j.org/codes.html#StaticLoggerBinder for further details.
Download PRODUCTION:Linux:B64 START
Download PRODUCTION:Linux:B64 DownloadSize: 39634787
Download PRODUCTION:Linux:B64 0% 1% 2% 3% 4% 5% 6% 7% 8% 9% 10% 11% 12% 13% 14% 15% 16% 17% 18% 19% 20% 21% 22% 23% 24% 25% 26% 27% 28% 29% 30% 31% 32% 33% 34% 35% 36% 37% 38% 39% 40% 41% 42% 43% 44% 45% 46% 47% 48% 49% 50% 51% 52% 53% 54% 55% 56% 57% 58% 59% 60% 61% 62% 63% 64% 65% 66% 67% 68% 69% 70% 71% 72% 73% 74% 75% 76% 77% 78% 79% 80% 81% 82% 83% 84% 85% 86% 87% 88% 89% 90% 91% 92% 93% 94% 95% 96% 97% 98% 99% 100% Download PRODUCTION:Linux:B64 downloaded with 12901kb/s
Download PRODUCTION:Linux:B64 DONE
Extract /home/jdbl/.embedmongo/linux/mongodb-linux-x86_64-3.0.2.tgz START
Extract /home/jdbl/.embedmongo/linux/mongodb-linux-x86_64-3.0.2.tgz DONE
Jul 30, 2020 3:46:05 PM com.mongodb.diagnostics.logging.JULLogger log
INFO: Cluster created with settings {hosts=[127.0.0.1:58914], mode=SINGLE, requiredClusterType=UNKNOWN, serverSelectionTimeout='30000 ms', maxWaitQueueSize=500}
Jul 30, 2020 3:46:05 PM com.mongodb.diagnostics.logging.JULLogger log
INFO: No server chosen by WritableServerSelector from cluster description ClusterDescription{type=UNKNOWN, connectionMode=SINGLE, all=[ServerDescription{address=127.0.0.1:58914, type=UNKNOWN, state=CONNECTING}]}. Waiting for 30000 ms before timing out
Jul 30, 2020 3:46:05 PM com.mongodb.diagnostics.logging.JULLogger log
INFO: Opened connection [connectionId{localValue:1, serverValue:1}] to 127.0.0.1:58914
Jul 30, 2020 3:46:05 PM com.mongodb.diagnostics.logging.JULLogger log
INFO: Monitor thread successfully connected to server with description ServerDescription{address=127.0.0.1:58914, type=STANDALONE, state=CONNECTED, ok=true, version=ServerVersion{versionList=[3, 0, 2]}, minWireVersion=0, maxWireVersion=3, maxDocumentSize=16777216, roundTripTimeNanos=739704}
Jul 30, 2020 3:46:05 PM com.mongodb.diagnostics.logging.JULLogger log
INFO: Opened connection [connectionId{localValue:2, serverValue:2}] to 127.0.0.1:58914
Tests run: 4, Failures: 0, Errors: 0, Skipped: 0, Time elapsed: 6.458 sec
Running org.jongo.MongoCollectionTest
Tests run: 6, Failures: 0, Errors: 0, Skipped: 0, Time elapsed: 0.191 sec
Running org.jongo.FindWithModifierTest
Tests run: 2, Failures: 0, Errors: 0, Skipped: 0, Time elapsed: 0.067 sec
Running org.jongo.BinaryTest
Tests run: 5, Failures: 0, Errors: 0, Skipped: 0, Time elapsed: 0.089 sec
Running org.jongo.query.QueryTest
Tests run: 1, Failures: 0, Errors: 0, Skipped: 0, Time elapsed: 0.001 sec
Running org.jongo.query.BsonQueryFactoryTest
Tests run: 24, Failures: 0, Errors: 0, Skipped: 0, Time elapsed: 0.043 sec
Running org.jongo.JongoTest
Tests run: 3, Failures: 0, Errors: 0, Skipped: 0, Time elapsed: 0.002 sec
Running org.jongo.NestedPolymorphismTest
Tests run: 2, Failures: 0, Errors: 0, Skipped: 0, Time elapsed: 0.076 sec
Running org.jongo.InsertTest
Tests run: 10, Failures: 0, Errors: 0, Skipped: 0, Time elapsed: 0.18 sec
Running org.jongo.NewAnnotationsCompatibilitySuiteTest
Tests run: 205, Failures: 0, Errors: 0, Skipped: 2, Time elapsed: 5.192 sec
Running org.jongo.AggregateTest
Tests run: 11, Failures: 0, Errors: 0, Skipped: 1, Time elapsed: 0.758 sec
Running org.jongo.WriteConcernTest
Tests run: 5, Failures: 0, Errors: 0, Skipped: 0, Time elapsed: 0.012 sec
Running org.jongo.FindWithResultMapperTest
Tests run: 2, Failures: 0, Errors: 0, Skipped: 0, Time elapsed: 0.031 sec
Running org.jongo.bson.BsonDBEncoderTest
Tests run: 2, Failures: 0, Errors: 0, Skipped: 0, Time elapsed: 0 sec
Running org.jongo.bson.LazyBsonDocumentTest
Tests run: 1, Failures: 0, Errors: 0, Skipped: 0, Time elapsed: 0 sec
Running org.jongo.bson.PrimitivesTest
Tests run: 1, Failures: 0, Errors: 0, Skipped: 0, Time elapsed: 0 sec
Running org.jongo.FindAndModifyTest
Tests run: 11, Failures: 0, Errors: 0, Skipped: 0, Time elapsed: 0.1 sec
Running org.jongo.AlreadyCheckDBObjectTest
Tests run: 2, Failures: 0, Errors: 0, Skipped: 0, Time elapsed: 0.004 sec
Running org.jongo.FindOneTest
Tests run: 9, Failures: 0, Errors: 0, Skipped: 0, Time elapsed: 0.121 sec
Running org.jongo.UpdateTest
Tests run: 9, Failures: 0, Errors: 0, Skipped: 0, Time elapsed: 0.095 sec
Running org.jongo.MongoCursorTest
Tests run: 3, Failures: 0, Errors: 0, Skipped: 0, Time elapsed: 0.012 sec
Running org.jongo.marshall.jackson.JacksonEngineTest
Tests run: 4, Failures: 0, Errors: 0, Skipped: 0, Time elapsed: 0.007 sec
Running org.jongo.marshall.jackson.IdSpecTest
Tests run: 56, Failures: 0, Errors: 0, Skipped: 0, Time elapsed: 0.262 sec
Running org.jongo.marshall.jackson.UnmarshallingWithJsonCreatorTest
Tests run: 5, Failures: 0, Errors: 0, Skipped: 0, Time elapsed: 0.075 sec
Running org.jongo.marshall.jackson.ParameterBindingWithJacksonTest
Tests run: 2, Failures: 0, Errors: 0, Skipped: 0, Time elapsed: 0.018 sec
Running org.jongo.marshall.jackson.JacksonViewTest
Tests run: 4, Failures: 0, Errors: 0, Skipped: 0, Time elapsed: 0.013 sec
Running org.jongo.marshall.jackson.configuration.MappingTest
Tests run: 1, Failures: 0, Errors: 0, Skipped: 0, Time elapsed: 0.019 sec
Running org.jongo.marshall.jackson.JacksonMapperTest
Tests run: 7, Failures: 0, Errors: 0, Skipped: 0, Time elapsed: 0.01 sec
Running org.jongo.marshall.jackson.oid.AnnotationsTest
Tests run: 4, Failures: 0, Errors: 0, Skipped: 0, Time elapsed: 0 sec
Running org.jongo.marshall.jackson.JacksonIdFieldSelectorTest
Tests run: 6, Failures: 0, Errors: 0, Skipped: 0, Time elapsed: 0.009 sec
Running org.jongo.marshall.ParameterQueryBindingTest
Tests run: 25, Failures: 0, Errors: 0, Skipped: 0, Time elapsed: 0.46 sec
Running org.jongo.marshall.DocumentMarshallingTest
Tests run: 15, Failures: 0, Errors: 0, Skipped: 0, Time elapsed: 0.347 sec
Running org.jongo.SaveTest
Tests run: 15, Failures: 0, Errors: 0, Skipped: 1, Time elapsed: 0.175 sec
Running org.jongo.DistinctTest
Tests run: 8, Failures: 0, Errors: 0, Skipped: 0, Time elapsed: 0.137 sec
Running org.jongo.AnnotationsMisusedTest
Tests run: 2, Failures: 0, Errors: 0, Skipped: 0, Time elapsed: 0.005 sec
Running org.jongo.FindSkipSortLimitTest
Tests run: 3, Failures: 0, Errors: 0, Skipped: 0, Time elapsed: 0.062 sec
Running org.jongo.RemoveTest
Tests run: 4, Failures: 0, Errors: 0, Skipped: 0, Time elapsed: 0.071 sec
Running org.jongo.CommandTest
Tests run: 8, Failures: 0, Errors: 0, Skipped: 0, Time elapsed: 0.076 sec
Running org.jongo.JacksonAnnotationsHandlingTest
Tests run: 4, Failures: 0, Errors: 0, Skipped: 0, Time elapsed: 0.071 sec
Running org.jongo.FindPartialFieldTest
Tests run: 8, Failures: 0, Errors: 0, Skipped: 0, Time elapsed: 0.069 sec
Running org.jongo.GridFsTest
Tests run: 1, Failures: 0, Errors: 0, Skipped: 0, Time elapsed: 0.04 sec
Running org.jongo.ReflectiveObjectIdUpdaterTest
Tests run: 18, Failures: 0, Errors: 0, Skipped: 0, Time elapsed: 0.001 sec
Running org.jongo.spike.QuestionsSpikeTest
Tests run: 8, Failures: 0, Errors: 0, Skipped: 0, Time elapsed: 0.124 sec
Running org.jongo.spike.MongoDumpTest
Tests run: 1, Failures: 0, Errors: 0, Skipped: 0, Time elapsed: 0.873 sec
Running org.jongo.spike.projection.JacksonProjectionTest
Tests run: 4, Failures: 0, Errors: 0, Skipped: 0, Time elapsed: 0.033 sec
Running org.jongo.NonPojoTest
Tests run: 5, Failures: 0, Errors: 0, Skipped: 0, Time elapsed: 0.087 sec
Running org.jongo.PolymorphismTest
Tests run: 6, Failures: 0, Errors: 0, Skipped: 0, Time elapsed: 0.082 sec
Running org.jongo.FindTest
Tests run: 9, Failures: 0, Errors: 0, Skipped: 0, Time elapsed: 0.108 sec

Results :

Tests run: 551, Failures: 0, Errors: 0, Skipped: 4

[INFO] 
[INFO] --- maven-jar-plugin:2.4:jar (default-jar) @ jongo ---
[INFO] Building jar: /tmp/tmpq2hga_n8/jongo/target/jongo-1.3.0.jar
[INFO] 
[INFO] --- maven-assembly-plugin:3.2.0:single (default) @ jongo ---
[INFO] Building jar: /tmp/tmpq2hga_n8/jongo/target/jongo-1.3.0-jar-with-dependencies.jar
[INFO] ------------------------------------------------------------------------
[INFO] BUILD SUCCESS
[INFO] ------------------------------------------------------------------------
[INFO] Total time:  49.063 s
[INFO] Finished at: 2020-07-30T15:46:20Z
[INFO] ------------------------------------------------------------------------
