[INFO] Error stacktraces are turned on.
[INFO] Scanning for projects...
[INFO] 
[INFO] ------------------< com.clearspring.analytics:stream >------------------
[INFO] Building stream-lib 2.9.9-SNAPSHOT
[INFO] --------------------------------[ jar ]---------------------------------
[INFO] 
[INFO] --- jacoco-maven-plugin:0.8.5:prepare-agent (default) @ stream ---
[INFO] argLine set to -javaagent:/home/jdbl/.m2/repository/org/jacoco/org.jacoco.agent/0.8.5/org.jacoco.agent-0.8.5-runtime.jar=destfile=/tmp/tmpcq4t73co/stream-lib/target/jacoco.exec
[INFO] 
[INFO] --- maven-resources-plugin:2.6:resources (default-resources) @ stream ---
[INFO] Using 'UTF-8' encoding to copy filtered resources.
[INFO] skip non existing resourceDirectory /tmp/tmpcq4t73co/stream-lib/src/main/resources
[INFO] 
[INFO] --- maven-compiler-plugin:3.5.1:compile (default-compile) @ stream ---
[INFO] Changes detected - recompiling the module!
[INFO] Compiling 48 source files to /tmp/tmpcq4t73co/stream-lib/target/classes
[INFO] 
[INFO] --- maven-resources-plugin:2.6:testResources (default-testResources) @ stream ---
[INFO] Using 'UTF-8' encoding to copy filtered resources.
[INFO] Copying 1 resource
[INFO] 
[INFO] --- maven-compiler-plugin:3.5.1:testCompile (default-testCompile) @ stream ---
[INFO] Changes detected - recompiling the module!
[INFO] Compiling 29 source files to /tmp/tmpcq4t73co/stream-lib/target/test-classes
[WARNING] /tmp/tmpcq4t73co/stream-lib/src/test/java/com/clearspring/analytics/stream/cardinality/TestCountThenEstimate.java:[169,58] Builder(double) in com.clearspring.analytics.stream.cardinality.HyperLogLog.Builder has been deprecated
[WARNING] /tmp/tmpcq4t73co/stream-lib/src/test/java/com/clearspring/analytics/stream/cardinality/TestCountThenEstimate.java:[209,58] Builder(double) in com.clearspring.analytics.stream.cardinality.HyperLogLog.Builder has been deprecated
[WARNING] /tmp/tmpcq4t73co/stream-lib/src/test/java/com/clearspring/analytics/stream/cardinality/TestHyperLogLog.java:[146,29] HyperLogLog(int,com.clearspring.analytics.stream.cardinality.RegisterSet) in com.clearspring.analytics.stream.cardinality.HyperLogLog has been deprecated
[WARNING] /tmp/tmpcq4t73co/stream-lib/src/test/java/com/clearspring/analytics/stream/cardinality/TestHyperLogLog.java:[147,30] HyperLogLog(int,com.clearspring.analytics.stream.cardinality.RegisterSet) in com.clearspring.analytics.stream.cardinality.HyperLogLog has been deprecated
[INFO] 
[INFO] --- maven-surefire-plugin:2.19.1:test (default-test) @ stream ---
[INFO] Surefire report directory: /tmp/tmpcq4t73co/stream-lib/target/surefire-reports

-------------------------------------------------------
 T E S T S
-------------------------------------------------------
Running com.clearspring.experimental.stream.cardinality.TestHyperBitBit
Tests run: 3, Failures: 0, Errors: 0, Skipped: 3, Time elapsed: 0.17 sec - in com.clearspring.experimental.stream.cardinality.TestHyperBitBit
Running com.clearspring.analytics.hash.TestLookup3Hash
Tests run: 2, Failures: 0, Errors: 0, Skipped: 0, Time elapsed: 0.08 sec - in com.clearspring.analytics.hash.TestLookup3Hash
Running com.clearspring.analytics.hash.TestMurmurHash
Tests run: 4, Failures: 0, Errors: 0, Skipped: 0, Time elapsed: 0.002 sec - in com.clearspring.analytics.hash.TestMurmurHash
Running com.clearspring.analytics.util.TestDoublyLinkedList
Tests run: 7, Failures: 0, Errors: 0, Skipped: 0, Time elapsed: 0.031 sec - in com.clearspring.analytics.util.TestDoublyLinkedList
Running com.clearspring.analytics.stream.TestSampleSet
Tests run: 4, Failures: 0, Errors: 0, Skipped: 0, Time elapsed: 0.002 sec - in com.clearspring.analytics.stream.TestSampleSet
Running com.clearspring.analytics.stream.TestStochasticTopper
Gaussian:
1
3
4
-10
10
Geometric:
0
2
3
1
4
Zipfian:
1
2
3
4
8
0: 25114
1: 18674
2: 14045
3: 10651
4: 7792
5: 5982
6: 4550
7: 3375
8: 2471
9: 1797
10: 1374
11: 1060
12: 765
13: 608
14: 428
15: 341
16: 263
17: 168
18: 126
19: 100
2147483638: 0
2147483639: 0
2147483640: 0
2147483641: 0
2147483642: 0
2147483643: 0
2147483644: 0
2147483645: 0
2147483646: 0
2147483647: 0
Tests run: 4, Failures: 0, Errors: 0, Skipped: 0, Time elapsed: 0.379 sec - in com.clearspring.analytics.stream.TestStochasticTopper
Running com.clearspring.analytics.stream.frequency.ConservativeAddSketchTest
Confidence : 1.0   Errors : 0  Error margin : 7501
Total error : 13117189  Average error : 874
Beat base for : 99 percent of values with a total delta of 22878077
Confidence : 1.0   Errors : 0  Error margin : 101
Total error : 15154036  Average error : 16
Beat base for : 100 percent of values with a total delta of 20597577
Tests run: 3, Failures: 0, Errors: 0, Skipped: 0, Time elapsed: 12.598 sec - in com.clearspring.analytics.stream.frequency.ConservativeAddSketchTest
Running com.clearspring.analytics.stream.frequency.CountMinSketchTest
1.0
Tests run: 13, Failures: 0, Errors: 0, Skipped: 0, Time elapsed: 19.744 sec - in com.clearspring.analytics.stream.frequency.CountMinSketchTest
Running com.clearspring.analytics.stream.quantile.TDigestTest
# big 4506 bytes
# small 4506 bytes
# 6.324178us per point
# 852 centroids
quantile	2	0.001000	0.000016	-0.000010	-0.000010	0.009705
quantile	2	0.010000	0.000266	0.000044	-0.000435	0.043495
quantile	2	0.100000	0.001111	0.000777	0.004654	0.046542
quantile	2	0.200000	0.001048	-0.000857	-0.001655	0.008276
quantile	2	0.300000	0.001002	-0.005428	0.000597	0.001990
quantile	2	0.500000	0.002338	0.003358	0.003051	0.006103
cdf	2	0.001000	-0.000030	0.000006	0.000007	0.007173
cdf	2	0.010000	-0.000190	-0.000059	-0.000113	0.011324
cdf	2	0.100000	-0.001070	-0.000102	0.000222	0.002223
cdf	2	0.200000	-0.000950	0.000023	0.000353	0.001763
cdf	2	0.300000	-0.001110	-0.000750	0.000273	0.000909
cdf	2	0.500000	-0.002440	-0.000864	-0.000272	0.000543
quantile	5	0.001000	0.000219	-0.000003	-0.000011	0.010649
quantile	5	0.010000	-0.000117	0.000098	0.000045	0.004465
quantile	5	0.100000	0.000243	0.001113	-0.002944	0.029439
quantile	5	0.200000	-0.000056	0.001307	-0.003135	0.015673
quantile	5	0.300000	0.001073	-0.004081	0.004474	0.014913
quantile	5	0.500000	0.000891	0.001368	0.007740	0.015480
cdf	5	0.001000	-0.000230	0.000003	-0.000000	0.000326
cdf	5	0.010000	0.000100	-0.000003	-0.000015	0.001527
cdf	5	0.100000	-0.000190	-0.000116	-0.000473	0.004729
cdf	5	0.200000	0.000080	0.000001	-0.000456	0.002279
cdf	5	0.300000	-0.001230	-0.000538	0.000510	0.001699
cdf	5	0.500000	-0.001030	-0.000623	0.000738	0.001476
quantile	10	0.001000	-0.000128	-0.000037	-0.000050	0.050407
quantile	10	0.010000	-0.000259	-0.000004	-0.000040	0.003989
quantile	10	0.100000	-0.000484	0.000241	-0.004207	0.042075
quantile	10	0.200000	0.000581	0.000904	0.004575	0.022875
quantile	10	0.300000	0.002187	-0.001809	-0.001842	0.006141
quantile	10	0.500000	0.001205	-0.006186	-0.000823	0.001645
cdf	10	0.001000	0.000200	0.000002	0.000002	0.002264
cdf	10	0.010000	0.000290	-0.000030	-0.000054	0.005396
cdf	10	0.100000	0.000460	-0.000012	-0.000392	0.003918
cdf	10	0.200000	-0.000430	-0.000150	0.000170	0.000852
cdf	10	0.300000	-0.001990	0.000204	0.000320	0.001068
cdf	10	0.500000	-0.001250	-0.000520	0.001075	0.002150
quantile	20	0.001000	0.000025	-0.000027	-0.000002	0.001728
quantile	20	0.010000	0.000322	-0.000206	-0.000173	0.017287
quantile	20	0.100000	0.002969	0.000448	0.002265	0.022655
quantile	20	0.200000	0.001274	0.001016	0.001852	0.009260
quantile	20	0.300000	0.001187	-0.001313	-0.008982	0.029940
quantile	20	0.500000	-0.000285	-0.007642	0.009524	0.019049
cdf	20	0.001000	-0.000010	-0.000006	-0.000009	0.009441
cdf	20	0.010000	-0.000230	-0.000004	0.000018	0.001779
cdf	20	0.100000	-0.002640	-0.000046	0.000029	0.000293
cdf	20	0.200000	-0.001180	-0.000029	0.000119	0.000597
cdf	20	0.300000	-0.001140	-0.000393	-0.000328	0.001094
cdf	20	0.500000	0.000280	-0.000307	0.000501	0.001002
quantile	50	0.001000	-0.000204	-0.000024	-0.000024	0.023554
quantile	50	0.010000	-0.000009	-0.000031	-0.000050	0.004963
quantile	50	0.100000	-0.000574	0.000184	-0.002290	0.022904
quantile	50	0.200000	-0.000751	0.003277	0.004192	0.020962
quantile	50	0.300000	-0.001017	-0.000319	-0.013869	0.046229
quantile	50	0.500000	0.001029	0.000874	-0.001055	0.002110
cdf	50	0.001000	0.000160	0.000004	0.000006	0.006369
cdf	50	0.010000	0.000010	-0.000002	0.000001	0.000121
cdf	50	0.100000	0.000500	0.000019	-0.000006	0.000060
cdf	50	0.200000	0.000670	0.000385	0.000404	0.002021
cdf	50	0.300000	0.001220	-0.000565	-0.000313	0.001045
cdf	50	0.500000	-0.001130	0.000013	-0.000580	0.001159
quantile	100	0.001000	0.000135	-0.000056	-0.000035	0.035088
quantile	100	0.010000	0.000331	-0.000006	0.000042	0.004232
quantile	100	0.100000	0.000658	0.000751	0.001020	0.010201
quantile	100	0.200000	0.001183	0.000756	0.000565	0.002827
quantile	100	0.300000	0.000474	-0.000654	-0.000943	0.003144
quantile	100	0.500000	0.000067	-0.001080	0.008411	0.016823
cdf	100	0.001000	-0.000120	0.000007	-0.000003	0.003304
cdf	100	0.010000	-0.000390	-0.000030	-0.000038	0.003778
cdf	100	0.100000	-0.000540	-0.000041	0.000067	0.000668
cdf	100	0.200000	-0.001170	0.000323	-0.000462	0.002312
cdf	100	0.300000	-0.000430	-0.000095	0.000176	0.000586
cdf	100	0.500000	-0.000110	-0.000300	0.002432	0.004864
# 4.303142us per point
# 847 centroids
# 4.149603us per point
# 835 centroids
# 5.846033us per point
# 863 centroids
gamma	2	0.00100000	0.0008800000000	0.9978500000	188	108
gamma	2	0.01000000	-0.01000000000	0.9888500000	188	108
gamma	2	0.10000000	0.07174000000	0.8988500000	188	108
gamma	2	0.20000000	0.1724300000	0.7999900000	188	108
gamma	2	0.30000000	0.1041400000	0.6999900000	188	108
gamma	2	0.50000000	0.03798000000	0.4999900000	188	108
gamma	2	0.70000000	-0.0005100000000	0.3000000000	188	108
gamma	2	0.80000000	-0.8000000000	0.2000000000	188	108
gamma	2	0.90000000	0.06937000000	0.1000000000	188	108
gamma	2	0.99000000	0.008020000000	0.01000000000	188	108
gamma	2	0.99900000	-0.0009000000000	0.001000000000	188	108
gamma	5	0.00100000	0.0001700000000	0.8297000000	388	268
gamma	5	0.01000000	0.0006500000000	0.8207000000	388	268
gamma	5	0.10000000	-0.1000000000	0.7307000000	388	268
gamma	5	0.20000000	0.01033000000	0.6832200000	388	268
gamma	5	0.30000000	-0.3000000000	0.5832200000	388	268
gamma	5	0.50000000	0.02103000000	0.4676200000	388	268
gamma	5	0.70000000	0.01584000000	0.2988100000	388	268
gamma	5	0.80000000	0.01627000000	0.1988100000	388	268
gamma	5	0.90000000	0.02333000000	0.1000000000	388	268
gamma	5	0.99000000	0.001340000000	0.01000000000	388	268
gamma	5	0.99900000	9.000000000e-05	0.001000000000	388	268
gamma	10	0.00100000	7.000000000e-05	0.4793400000	664	492
gamma	10	0.01000000	-0.01000000000	0.4703400000	664	492
gamma	10	0.10000000	0.0003100000000	0.4151300000	664	492
gamma	10	0.20000000	0.005280000000	0.3521400000	664	492
gamma	10	0.30000000	-0.3000000000	0.3343500000	664	492
gamma	10	0.50000000	-0.5000000000	0.2752200000	664	492
gamma	10	0.70000000	0.009810000000	0.2274100000	664	492
gamma	10	0.80000000	0.001900000000	0.1663400000	664	492
gamma	10	0.90000000	-0.005280000000	0.09881000000	664	492
gamma	10	0.99000000	-0.002390000000	0.01000000000	664	492
gamma	10	0.99900000	-4.000000000e-05	0.001000000000	664	492
gamma	20	0.00100000	-0.001000000000	0.2064700000	1164	812
gamma	20	0.01000000	-0.003830000000	0.1974700000	1164	812
gamma	20	0.10000000	0.001700000000	0.1383700000	1164	812
gamma	20	0.20000000	2.000000000e-05	0.09286000000	1164	812
gamma	20	0.30000000	-0.003600000000	0.06034000000	1164	812
gamma	20	0.50000000	-0.002320000000	0.05039000000	1164	812
gamma	20	0.70000000	0.009350000000	0.02505000000	1164	812
gamma	20	0.80000000	-0.004190000000	0.005890000000	1164	812
gamma	20	0.90000000	0.004210000000	0.06667000000	1164	812
gamma	20	0.99000000	0.0005600000000	0.009990000000	1164	812
gamma	20	0.99900000	0.000000000	0.001000000000	1164	812
gamma	50	0.00100000	-1.000000000e-05	-0.001000000000	2463	2332
gamma	50	0.01000000	0.0001700000000	-0.01000000000	2463	2332
gamma	50	0.10000000	0.0006200000000	0.03656000000	2463	2332
gamma	50	0.20000000	-0.02591000000	0.007310000000	2463	2332
gamma	50	0.30000000	0.002660000000	0.007160000000	2463	2332
gamma	50	0.50000000	-0.02686000000	0.01387000000	2463	2332
gamma	50	0.70000000	0.0009500000000	0.005920000000	2463	2332
gamma	50	0.80000000	0.0004200000000	0.006990000000	2463	2332
gamma	50	0.90000000	-0.0007400000000	0.008450000000	2463	2332
gamma	50	0.99000000	0.0003400000000	0.009980000000	2463	2332
gamma	50	0.99900000	-5.000000000e-05	0.001000000000	2463	2332
gamma	100	0.00100000	0.000000000	-0.001000000000	4533	4268
gamma	100	0.01000000	0.0002200000000	-0.01000000000	4533	4268
gamma	100	0.10000000	-0.0009200000000	0.006220000000	4533	4268
gamma	100	0.20000000	-0.003420000000	0.008160000000	4533	4268
gamma	100	0.30000000	0.0001900000000	0.005820000000	4533	4268
gamma	100	0.50000000	-0.002890000000	0.01392000000	4533	4268
gamma	100	0.70000000	0.001640000000	0.01071000000	4533	4268
gamma	100	0.80000000	0.001210000000	0.005350000000	4533	4268
gamma	100	0.90000000	0.0005600000000	0.007760000000	4533	4268
gamma	100	0.99000000	-1.000000000e-05	0.008670000000	4533	4268
gamma	100	0.99900000	-3.000000000e-05	0.001000000000	4533	4268
gamma	200	0.00100000	-1.500000000e-05	-0.001000000000	8014	8972
gamma	200	0.01000000	-7.000000000e-05	-0.01000000000	8014	8972
gamma	200	0.10000000	-0.0002100000000	0.003170000000	8014	8972
gamma	200	0.20000000	0.000000000	0.001210000000	8014	8972
gamma	200	0.30000000	0.002030000000	0.001060000000	8014	8972
gamma	200	0.50000000	-0.0006200000000	0.002060000000	8014	8972
gamma	200	0.70000000	0.000000000	0.001010000000	8014	8972
gamma	200	0.80000000	-0.0002800000000	0.004860000000	8014	8972
gamma	200	0.90000000	-9.000000000e-05	0.002970000000	8014	8972
gamma	200	0.99000000	-5.000000000e-05	0.006780000000	8014	8972
gamma	200	0.99900000	-1.500000000e-05	0.001000000000	8014	8972
gamma	500	0.00100000	-1.500000000e-05	-0.001000000000	17230	21132
gamma	500	0.01000000	-3.000000000e-05	-0.01000000000	17230	21132
gamma	500	0.10000000	-0.0003100000000	0.001570000000	17230	21132
gamma	500	0.20000000	-7.000000000e-05	0.004610000000	17230	21132
gamma	500	0.30000000	-0.0004200000000	0.002590000000	17230	21132
gamma	500	0.50000000	-0.0002000000000	0.003200000000	17230	21132
gamma	500	0.70000000	0.001160000000	0.003070000000	17230	21132
gamma	500	0.80000000	0.0003100000000	0.002070000000	17230	21132
gamma	500	0.90000000	-0.0001400000000	0.004470000000	17230	21132
gamma	500	0.99000000	-4.000000000e-05	0.002720000000	17230	21132
gamma	500	0.99900000	-1.500000000e-05	0.0009600000000	17230	21132
gamma	1000	0.00100000	-1.500000000e-05	-0.001000000000	30626	46956
gamma	1000	0.01000000	-4.000000000e-05	-0.01000000000	30626	46956
gamma	1000	0.10000000	4.000000000e-05	0.0005500000000	30626	46956
gamma	1000	0.20000000	-0.0001800000000	0.001490000000	30626	46956
gamma	1000	0.30000000	6.000000000e-05	0.0006500000000	30626	46956
gamma	1000	0.50000000	-0.0003300000000	0.001440000000	30626	46956
gamma	1000	0.70000000	-0.0001400000000	0.001480000000	30626	46956
gamma	1000	0.80000000	-2.000000000e-05	0.001270000000	30626	46956
gamma	1000	0.90000000	1.000000000e-05	0.0009300000000	30626	46956
gamma	1000	0.99000000	-5.000000000e-05	0.0003500000000	30626	46956
gamma	1000	0.99900000	-1.500000000e-05	0.001000000000	30626	46956
gamma	2000	0.00100000	-1.500000000e-05	-0.001000000000	54881	88012
gamma	2000	0.01000000	-1.500000000e-05	-0.01000000000	54881	88012
gamma	2000	0.10000000	3.000000000e-05	0.0004400000000	54881	88012
gamma	2000	0.20000000	-0.0001000000000	0.0007700000000	54881	88012
gamma	2000	0.30000000	0.0002500000000	0.0008000000000	54881	88012
gamma	2000	0.50000000	5.000000000e-05	0.001020000000	54881	88012
gamma	2000	0.70000000	-0.0001700000000	0.001030000000	54881	88012
gamma	2000	0.80000000	-3.000000000e-05	0.0009800000000	54881	88012
gamma	2000	0.90000000	-6.000000000e-05	0.0008500000000	54881	88012
gamma	2000	0.99000000	-1.500000000e-05	0.0005300000000	54881	88012
gamma	2000	0.99900000	-1.500000000e-05	0.0004800000000	54881	88012
uniform	2	0.00100000	-0.0003800000000	0.2494600000	179	124
uniform	2	0.01000000	-0.009380000000	0.2404600000	179	124
uniform	2	0.10000000	0.02127000000	0.4002600000	179	124
uniform	2	0.20000000	-0.02844000000	0.3002600000	179	124
uniform	2	0.30000000	-0.04303000000	0.2002600000	179	124
uniform	2	0.50000000	-0.1464900000	0.0002600000000	179	124
uniform	2	0.70000000	-0.04894000000	0.3000000000	179	124
uniform	2	0.80000000	-0.03059000000	0.2000000000	179	124
uniform	2	0.90000000	-0.01745000000	0.1000000000	179	124
uniform	2	0.99000000	0.0004700000000	0.01000000000	179	124
uniform	2	0.99900000	0.0002400000000	0.001000000000	179	124
uniform	5	0.00100000	-0.0002300000000	0.1240900000	385	236
uniform	5	0.01000000	-0.003830000000	0.1150900000	385	236
uniform	5	0.10000000	-0.001980000000	0.02509000000	385	236
uniform	5	0.20000000	-0.03871000000	0.05050000000	385	236
uniform	5	0.30000000	0.04497000000	0.07565000000	385	236
uniform	5	0.50000000	0.1473700000	0.0009300000000	385	236
uniform	5	0.70000000	0.0002100000000	0.1755000000	385	236
uniform	5	0.80000000	-0.007560000000	0.07550000000	385	236
uniform	5	0.90000000	0.06830000000	0.1000000000	385	236
uniform	5	0.99000000	0.002160000000	0.01000000000	385	236
uniform	5	0.99900000	-7.000000000e-05	0.001000000000	385	236
uniform	10	0.00100000	-0.0001300000000	0.06288000000	622	476
uniform	10	0.01000000	0.0007100000000	0.05388000000	622	476
uniform	10	0.10000000	0.003620000000	0.02666000000	622	476
uniform	10	0.20000000	-0.007800000000	0.05005000000	622	476
uniform	10	0.30000000	0.01425000000	0.01329000000	622	476
uniform	10	0.50000000	-0.02350000000	0.0007800000000	622	476
uniform	10	0.70000000	0.04107000000	0.05098000000	622	476
uniform	10	0.80000000	-0.04723000000	0.01500000000	622	476
uniform	10	0.90000000	-0.01329000000	0.03921000000	622	476
uniform	10	0.99000000	-0.001410000000	0.01000000000	622	476
uniform	10	0.99900000	6.000000000e-05	0.001000000000	622	476
uniform	20	0.00100000	-0.0001100000000	0.06097000000	1114	844
uniform	20	0.01000000	-0.0002300000000	0.05197000000	1114	844
uniform	20	0.10000000	-0.004450000000	0.02562000000	1114	844
uniform	20	0.20000000	-0.003820000000	0.05008000000	1114	844
uniform	20	0.30000000	0.006590000000	0.07421000000	1114	844
uniform	20	0.50000000	-0.03528000000	0.03168000000	1114	844
uniform	20	0.70000000	-0.008910000000	0.05160000000	1114	844
uniform	20	0.80000000	-0.009070000000	0.07568000000	1114	844
uniform	20	0.90000000	-0.004470000000	0.1000000000	1114	844
uniform	20	0.99000000	-0.0002300000000	0.01000000000	1114	844
uniform	20	0.99900000	0.0001200000000	0.001000000000	1114	844
uniform	50	0.00100000	-8.000000000e-05	0.01441000000	2460	2380
uniform	50	0.01000000	1.000000000e-05	0.005410000000	2460	2380
uniform	50	0.10000000	0.0007000000000	0.009500000000	2460	2380
uniform	50	0.20000000	0.003660000000	0.004310000000	2460	2380
uniform	50	0.30000000	-0.01139000000	0.01324000000	2460	2380
uniform	50	0.50000000	0.005480000000	0.01406000000	2460	2380
uniform	50	0.70000000	0.009270000000	0.01858000000	2460	2380
uniform	50	0.80000000	-0.003900000000	0.01305000000	2460	2380
uniform	50	0.90000000	0.0008600000000	0.006450000000	2460	2380
uniform	50	0.99000000	7.000000000e-05	0.01000000000	2460	2380
uniform	50	0.99900000	-3.000000000e-05	0.001000000000	2460	2380
uniform	100	0.00100000	-4.000000000e-05	0.006550000000	4398	4620
uniform	100	0.01000000	-9.000000000e-05	0.005800000000	4398	4620
uniform	100	0.10000000	-0.0007000000000	0.001750000000	4398	4620
uniform	100	0.20000000	0.0004000000000	0.002210000000	4398	4620
uniform	100	0.30000000	-0.002120000000	0.002940000000	4398	4620
uniform	100	0.50000000	-0.001510000000	0.006930000000	4398	4620
uniform	100	0.70000000	-0.002000000000	0.002910000000	4398	4620
uniform	100	0.80000000	-0.001500000000	0.004430000000	4398	4620
uniform	100	0.90000000	-0.003180000000	0.006540000000	4398	4620
uniform	100	0.99000000	0.000000000	0.01000000000	4398	4620
uniform	100	0.99900000	-2.000000000e-05	0.001000000000	4398	4620
uniform	200	0.00100000	-1.500000000e-05	0.002880000000	8112	9388
uniform	200	0.01000000	-5.000000000e-05	0.001520000000	8112	9388
uniform	200	0.10000000	-0.001280000000	0.003960000000	8112	9388
uniform	200	0.20000000	-0.0003400000000	0.001110000000	8112	9388
uniform	200	0.30000000	-0.0002400000000	0.002290000000	8112	9388
uniform	200	0.50000000	0.0001100000000	0.003620000000	8112	9388
uniform	200	0.70000000	-0.0002100000000	0.003050000000	8112	9388
uniform	200	0.80000000	-4.000000000e-05	0.004470000000	8112	9388
uniform	200	0.90000000	-0.0005000000000	0.005230000000	8112	9388
uniform	200	0.99000000	2.000000000e-05	0.002170000000	8112	9388
uniform	200	0.99900000	-1.500000000e-05	0.001000000000	8112	9388
uniform	500	0.00100000	-1.500000000e-05	0.0009800000000	17356	23212
uniform	500	0.01000000	-3.000000000e-05	0.001630000000	17356	23212
uniform	500	0.10000000	-2.000000000e-05	0.002400000000	17356	23212
uniform	500	0.20000000	8.000000000e-05	0.002140000000	17356	23212
uniform	500	0.30000000	0.0005900000000	0.003700000000	17356	23212
uniform	500	0.50000000	0.0002800000000	0.0009100000000	17356	23212
uniform	500	0.70000000	-0.0001600000000	0.001520000000	17356	23212
uniform	500	0.80000000	8.000000000e-05	0.002240000000	17356	23212
uniform	500	0.90000000	0.0001400000000	0.001060000000	17356	23212
uniform	500	0.99000000	-7.000000000e-05	0.002440000000	17356	23212
uniform	500	0.99900000	-1.500000000e-05	0.001000000000	17356	23212
uniform	1000	0.00100000	-1.500000000e-05	9.000000000e-05	30666	46860
uniform	1000	0.01000000	-3.000000000e-05	0.001090000000	30666	46860
uniform	1000	0.10000000	-0.0001800000000	0.0005900000000	30666	46860
uniform	1000	0.20000000	0.0001400000000	0.0003500000000	30666	46860
uniform	1000	0.30000000	0.0005200000000	0.0007400000000	30666	46860
uniform	1000	0.50000000	-0.0002900000000	0.001030000000	30666	46860
uniform	1000	0.70000000	0.0001700000000	0.0008900000000	30666	46860
uniform	1000	0.80000000	0.0001300000000	0.001000000000	30666	46860
uniform	1000	0.90000000	0.0001800000000	0.001330000000	30666	46860
uniform	1000	0.99000000	0.000000000	0.002180000000	30666	46860
uniform	1000	0.99900000	-1.500000000e-05	0.001000000000	30666	46860
uniform	2000	0.00100000	-1.500000000e-05	0.0001100000000	54811	88220
uniform	2000	0.01000000	-1.500000000e-05	0.0007600000000	54811	88220
uniform	2000	0.10000000	-1.000000000e-05	0.0006200000000	54811	88220
uniform	2000	0.20000000	-0.0002600000000	0.001480000000	54811	88220
uniform	2000	0.30000000	-6.000000000e-05	0.0009300000000	54811	88220
uniform	2000	0.50000000	-0.0002100000000	0.0004300000000	54811	88220
uniform	2000	0.70000000	6.000000000e-05	0.0007600000000	54811	88220
uniform	2000	0.80000000	0.0002800000000	0.001970000000	54811	88220
uniform	2000	0.90000000	-6.000000000e-05	0.001120000000	54811	88220
uniform	2000	0.99000000	-1.500000000e-05	0.001790000000	54811	88220
uniform	2000	0.99900000	-1.500000000e-05	0.001000000000	54811	88220
# 73.627347us per point
# 4693 centroids
Tests run: 11, Failures: 0, Errors: 0, Skipped: 1, Time elapsed: 40.701 sec - in com.clearspring.analytics.stream.quantile.TDigestTest
Running com.clearspring.analytics.stream.quantile.GroupTreeTest
0:0.0(1)	1:0.0(1)	2:1.0(1)	3:1.0(1)	4:2.0(1)	5:2.5(2)	6:3.0(1)	7:3.0(1)	8:4.0(1)	9:4.0(1)	10:5.0(1)	Tests run: 6, Failures: 0, Errors: 0, Skipped: 0, Time elapsed: 0.219 sec - in com.clearspring.analytics.stream.quantile.GroupTreeTest
Running com.clearspring.analytics.stream.quantile.QDigestTest
a: 0 .. 0: 3, 1 .. 1: 3
b: 0 .. 0: 4, 1 .. 1: 1, 0 .. 3: 1
ab: 0 .. 0: 4, 1 .. 1: 1, 0 .. 1: 6, 0 .. 3: 1
c: 0 .. 0: 7, 1 .. 1: 4, 0 .. 3: 1
Tests run: 3, Failures: 0, Errors: 0, Skipped: 0, Time elapsed: 0.718 sec - in com.clearspring.analytics.stream.quantile.QDigestTest
Running com.clearspring.analytics.stream.membership.FilterTest
Tests run: 1, Failures: 0, Errors: 0, Skipped: 0, Time elapsed: 0.169 sec - in com.clearspring.analytics.stream.membership.FilterTest
Running com.clearspring.analytics.stream.membership.Base64Test
Tests run: 1, Failures: 0, Errors: 0, Skipped: 0, Time elapsed: 0.171 sec - in com.clearspring.analytics.stream.membership.Base64Test
Running com.clearspring.analytics.stream.membership.BloomFilterTest
1/11 - got 0.00778, math says 0.00819
2/11 - got 0.00449, math says 0.00509
3/11 - got 0.00293, math says 0.00314
4/11 - got 0.00239, math says 0.00194
5/11 - got 0.00156, math says 0.0012
6/11 - got 7.0E-4, math says 7.44E-4
7/11 - got 5.4E-4, math says 4.59E-4
8/11 - got 3.3E-4, math says 2.84E-4
9/11 - got 2.3E-4, math says 1.76E-4
10/11 - got 3.6E-4, math says 1.09E-4
11/11 - got 2.7E-4, math says 6.71E-5
expectedFalsePositiveProbability
Tests run: 15, Failures: 0, Errors: 0, Skipped: 4, Time elapsed: 3.548 sec - in com.clearspring.analytics.stream.membership.BloomFilterTest
Running com.clearspring.analytics.stream.cardinality.TestICardinality
size: 65536 bytes
996048
% Error: 0.3952
Tests run: 2, Failures: 0, Errors: 0, Skipped: 0, Time elapsed: 0.273 sec - in com.clearspring.analytics.stream.cardinality.TestICardinality
Running com.clearspring.analytics.stream.cardinality.TestHyperLogLogPlus
Size: 13726
4-16: 0 -> 0
4-17: 0 -> 0
4-18: 0 -> 0
4-19: 0 -> 0
4-20: 0 -> 0
4-21: 0 -> 0
4-22: 0 -> 0
4-23: 0 -> 0
4-24: 0 -> 0
4-25: 0 -> 0
4-26: 0 -> 0
4-27: 0 -> 0
4-28: 0 -> 0
4-29: 0 -> 0
4-30: 0 -> 0
4-31: 0 -> 0
4-32: 0 -> 0
5-16: 0 -> 0
5-17: 0 -> 0
5-18: 0 -> 0
5-19: 0 -> 0
5-20: 0 -> 0
5-21: 0 -> 0
5-22: 0 -> 0
5-23: 0 -> 0
5-24: 0 -> 0
5-25: 0 -> 0
5-26: 0 -> 0
5-27: 0 -> 0
5-28: 0 -> 0
5-29: 0 -> 0
5-30: 0 -> 0
5-31: 0 -> 0
5-32: 0 -> 0
6-16: 0 -> 0
6-17: 0 -> 0
6-18: 0 -> 0
6-19: 0 -> 0
6-20: 0 -> 0
6-21: 0 -> 0
6-22: 0 -> 0
6-23: 0 -> 0
6-24: 0 -> 0
6-25: 0 -> 0
6-26: 0 -> 0
6-27: 0 -> 0
6-28: 0 -> 0
6-29: 0 -> 0
6-30: 0 -> 0
6-31: 0 -> 0
6-32: 0 -> 0
7-16: 0 -> 0
7-17: 0 -> 0
7-18: 0 -> 0
7-19: 0 -> 0
7-20: 0 -> 0
7-21: 0 -> 0
7-22: 0 -> 0
7-23: 0 -> 0
7-24: 0 -> 0
7-25: 0 -> 0
7-26: 0 -> 0
7-27: 0 -> 0
7-28: 0 -> 0
7-29: 0 -> 0
7-30: 0 -> 0
7-31: 0 -> 0
7-32: 0 -> 0
8-16: 0 -> 0
8-17: 0 -> 0
8-18: 0 -> 0
8-19: 0 -> 0
8-20: 0 -> 0
8-21: 0 -> 0
8-22: 0 -> 0
8-23: 0 -> 0
8-24: 0 -> 0
8-25: 0 -> 0
8-26: 0 -> 0
8-27: 0 -> 0
8-28: 0 -> 0
8-29: 0 -> 0
8-30: 0 -> 0
8-31: 0 -> 0
8-32: 0 -> 0
9-16: 0 -> 0
9-17: 0 -> 0
9-18: 0 -> 0
9-19: 0 -> 0
9-20: 0 -> 0
9-21: 0 -> 0
9-22: 0 -> 0
9-23: 0 -> 0
9-24: 0 -> 0
9-25: 0 -> 0
9-26: 0 -> 0
9-27: 0 -> 0
9-28: 0 -> 0
9-29: 0 -> 0
9-30: 0 -> 0
9-31: 0 -> 0
9-32: 0 -> 0
10-16: 0 -> 0
10-17: 0 -> 0
10-18: 0 -> 0
10-19: 0 -> 0
10-20: 0 -> 0
10-21: 0 -> 0
10-22: 0 -> 0
10-23: 0 -> 0
10-24: 0 -> 0
10-25: 0 -> 0
10-26: 0 -> 0
10-27: 0 -> 0
10-28: 0 -> 0
10-29: 0 -> 0
10-30: 0 -> 0
10-31: 0 -> 0
10-32: 0 -> 0
11-16: 0 -> 0
11-17: 0 -> 0
11-18: 0 -> 0
11-19: 0 -> 0
11-20: 0 -> 0
11-21: 0 -> 0
11-22: 0 -> 0
11-23: 0 -> 0
11-24: 0 -> 0
11-25: 0 -> 0
11-26: 0 -> 0
11-27: 0 -> 0
11-28: 0 -> 0
11-29: 0 -> 0
11-30: 0 -> 0
11-31: 0 -> 0
11-32: 0 -> 0
12-16: 0 -> 0
12-17: 0 -> 0
12-18: 0 -> 0
12-19: 0 -> 0
12-20: 0 -> 0
12-21: 0 -> 0
12-22: 0 -> 0
12-23: 0 -> 0
12-24: 0 -> 0
12-25: 0 -> 0
12-26: 0 -> 0
12-27: 0 -> 0
12-28: 0 -> 0
12-29: 0 -> 0
12-30: 0 -> 0
12-31: 0 -> 0
12-32: 0 -> 0
13-16: 0 -> 0
13-17: 0 -> 0
13-18: 0 -> 0
13-19: 0 -> 0
13-20: 0 -> 0
13-21: 0 -> 0
13-22: 0 -> 0
13-23: 0 -> 0
13-24: 0 -> 0
13-25: 0 -> 0
13-26: 0 -> 0
13-27: 0 -> 0
13-28: 0 -> 0
13-29: 0 -> 0
13-30: 0 -> 0
13-31: 0 -> 0
13-32: 0 -> 0
14-16: 0 -> 0
14-17: 0 -> 0
14-18: 0 -> 0
14-19: 0 -> 0
14-20: 0 -> 0
14-21: 0 -> 0
14-22: 0 -> 0
14-23: 0 -> 0
14-24: 0 -> 0
14-25: 0 -> 0
14-26: 0 -> 0
14-27: 0 -> 0
14-28: 0 -> 0
14-29: 0 -> 0
14-30: 0 -> 0
14-31: 0 -> 0
14-32: 0 -> 0
15-16: 0 -> 0
15-17: 0 -> 0
15-18: 0 -> 0
15-19: 0 -> 0
15-20: 0 -> 0
15-21: 0 -> 0
15-22: 0 -> 0
15-23: 0 -> 0
15-24: 0 -> 0
15-25: 0 -> 0
15-26: 0 -> 0
15-27: 0 -> 0
15-28: 0 -> 0
15-29: 0 -> 0
15-30: 0 -> 0
15-31: 0 -> 0
15-32: 0 -> 0
16-16: 0 -> 0
16-17: 0 -> 0
16-18: 0 -> 0
16-19: 0 -> 0
16-20: 0 -> 0
16-21: 0 -> 0
16-22: 0 -> 0
16-23: 0 -> 0
16-24: 0 -> 0
16-25: 0 -> 0
16-26: 0 -> 0
16-27: 0 -> 0
16-28: 0 -> 0
16-29: 0 -> 0
16-30: 0 -> 0
16-31: 0 -> 0
16-32: 0 -> 0
17-17: 0 -> 0
17-18: 0 -> 0
17-19: 0 -> 0
17-20: 0 -> 0
17-21: 0 -> 0
17-22: 0 -> 0
17-23: 0 -> 0
17-24: 0 -> 0
17-25: 0 -> 0
17-26: 0 -> 0
17-27: 0 -> 0
17-28: 0 -> 0
17-29: 0 -> 0
17-30: 0 -> 0
17-31: 0 -> 0
17-32: 0 -> 0
18-18: 0 -> 0
18-19: 0 -> 0
18-20: 0 -> 0
18-21: 0 -> 0
18-22: 0 -> 0
18-23: 0 -> 0
18-24: 0 -> 0
18-25: 0 -> 0
18-26: 0 -> 0
18-27: 0 -> 0
18-28: 0 -> 0
18-29: 0 -> 0
18-30: 0 -> 0
18-31: 0 -> 0
18-32: 0 -> 0
19-19: 0 -> 0
19-20: 0 -> 0
19-21: 0 -> 0
19-22: 0 -> 0
19-23: 0 -> 0
19-24: 0 -> 0
19-25: 0 -> 0
19-26: 0 -> 0
19-27: 0 -> 0
19-28: 0 -> 0
19-29: 0 -> 0
19-30: 0 -> 0
19-31: 0 -> 0
19-32: 0 -> 0
20-20: 0 -> 0
20-21: 0 -> 0
20-22: 0 -> 0
20-23: 0 -> 0
20-24: 0 -> 0
20-25: 0 -> 0
20-26: 0 -> 0
20-27: 0 -> 0
20-28: 0 -> 0
20-29: 0 -> 0
20-30: 0 -> 0
20-31: 0 -> 0
20-32: 0 -> 0
4-16: 1 -> 1
4-17: 1 -> 1
4-18: 1 -> 1
4-19: 1 -> 1
4-20: 1 -> 1
4-21: 1 -> 1
4-22: 1 -> 1
4-23: 1 -> 1
4-24: 1 -> 1
4-25: 1 -> 1
4-26: 1 -> 1
4-27: 1 -> 1
4-28: 1 -> 1
4-29: 1 -> 1
4-30: 1 -> 1
4-31: 1 -> 1
4-32: 1 -> 1
5-16: 1 -> 1
5-17: 1 -> 1
5-18: 1 -> 1
5-19: 1 -> 1
5-20: 1 -> 1
5-21: 1 -> 1
5-22: 1 -> 1
5-23: 1 -> 1
5-24: 1 -> 1
5-25: 1 -> 1
5-26: 1 -> 1
5-27: 1 -> 1
5-28: 1 -> 1
5-29: 1 -> 1
5-30: 1 -> 1
5-31: 1 -> 1
5-32: 1 -> 1
6-16: 1 -> 1
6-17: 1 -> 1
6-18: 1 -> 1
6-19: 1 -> 1
6-20: 1 -> 1
6-21: 1 -> 1
6-22: 1 -> 1
6-23: 1 -> 1
6-24: 1 -> 1
6-25: 1 -> 1
6-26: 1 -> 1
6-27: 1 -> 1
6-28: 1 -> 1
6-29: 1 -> 1
6-30: 1 -> 1
6-31: 1 -> 1
6-32: 1 -> 1
7-16: 1 -> 1
7-17: 1 -> 1
7-18: 1 -> 1
7-19: 1 -> 1
7-20: 1 -> 1
7-21: 1 -> 1
7-22: 1 -> 1
7-23: 1 -> 1
7-24: 1 -> 1
7-25: 1 -> 1
7-26: 1 -> 1
7-27: 1 -> 1
7-28: 1 -> 1
7-29: 1 -> 1
7-30: 1 -> 1
7-31: 1 -> 1
7-32: 1 -> 1
8-16: 1 -> 1
8-17: 1 -> 1
8-18: 1 -> 1
8-19: 1 -> 1
8-20: 1 -> 1
8-21: 1 -> 1
8-22: 1 -> 1
8-23: 1 -> 1
8-24: 1 -> 1
8-25: 1 -> 1
8-26: 1 -> 1
8-27: 1 -> 1
8-28: 1 -> 1
8-29: 1 -> 1
8-30: 1 -> 1
8-31: 1 -> 1
8-32: 1 -> 1
9-16: 1 -> 1
9-17: 1 -> 1
9-18: 1 -> 1
9-19: 1 -> 1
9-20: 1 -> 1
9-21: 1 -> 1
9-22: 1 -> 1
9-23: 1 -> 1
9-24: 1 -> 1
9-25: 1 -> 1
9-26: 1 -> 1
9-27: 1 -> 1
9-28: 1 -> 1
9-29: 1 -> 1
9-30: 1 -> 1
9-31: 1 -> 1
9-32: 1 -> 1
10-16: 1 -> 1
10-17: 1 -> 1
10-18: 1 -> 1
10-19: 1 -> 1
10-20: 1 -> 1
10-21: 1 -> 1
10-22: 1 -> 1
10-23: 1 -> 1
10-24: 1 -> 1
10-25: 1 -> 1
10-26: 1 -> 1
10-27: 1 -> 1
10-28: 1 -> 1
10-29: 1 -> 1
10-30: 1 -> 1
10-31: 1 -> 1
10-32: 1 -> 1
11-16: 1 -> 1
11-17: 1 -> 1
11-18: 1 -> 1
11-19: 1 -> 1
11-20: 1 -> 1
11-21: 1 -> 1
11-22: 1 -> 1
11-23: 1 -> 1
11-24: 1 -> 1
11-25: 1 -> 1
11-26: 1 -> 1
11-27: 1 -> 1
11-28: 1 -> 1
11-29: 1 -> 1
11-30: 1 -> 1
11-31: 1 -> 1
11-32: 1 -> 1
12-16: 1 -> 1
12-17: 1 -> 1
12-18: 1 -> 1
12-19: 1 -> 1
12-20: 1 -> 1
12-21: 1 -> 1
12-22: 1 -> 1
12-23: 1 -> 1
12-24: 1 -> 1
12-25: 1 -> 1
12-26: 1 -> 1
12-27: 1 -> 1
12-28: 1 -> 1
12-29: 1 -> 1
12-30: 1 -> 1
12-31: 1 -> 1
12-32: 1 -> 1
13-16: 1 -> 1
13-17: 1 -> 1
13-18: 1 -> 1
13-19: 1 -> 1
13-20: 1 -> 1
13-21: 1 -> 1
13-22: 1 -> 1
13-23: 1 -> 1
13-24: 1 -> 1
13-25: 1 -> 1
13-26: 1 -> 1
13-27: 1 -> 1
13-28: 1 -> 1
13-29: 1 -> 1
13-30: 1 -> 1
13-31: 1 -> 1
13-32: 1 -> 1
14-16: 1 -> 1
14-17: 1 -> 1
14-18: 1 -> 1
14-19: 1 -> 1
14-20: 1 -> 1
14-21: 1 -> 1
14-22: 1 -> 1
14-23: 1 -> 1
14-24: 1 -> 1
14-25: 1 -> 1
14-26: 1 -> 1
14-27: 1 -> 1
14-28: 1 -> 1
14-29: 1 -> 1
14-30: 1 -> 1
14-31: 1 -> 1
14-32: 1 -> 1
15-16: 1 -> 1
15-17: 1 -> 1
15-18: 1 -> 1
15-19: 1 -> 1
15-20: 1 -> 1
15-21: 1 -> 1
15-22: 1 -> 1
15-23: 1 -> 1
15-24: 1 -> 1
15-25: 1 -> 1
15-26: 1 -> 1
15-27: 1 -> 1
15-28: 1 -> 1
15-29: 1 -> 1
15-30: 1 -> 1
15-31: 1 -> 1
15-32: 1 -> 1
16-16: 1 -> 1
16-17: 1 -> 1
16-18: 1 -> 1
16-19: 1 -> 1
16-20: 1 -> 1
16-21: 1 -> 1
16-22: 1 -> 1
16-23: 1 -> 1
16-24: 1 -> 1
16-25: 1 -> 1
16-26: 1 -> 1
16-27: 1 -> 1
16-28: 1 -> 1
16-29: 1 -> 1
16-30: 1 -> 1
16-31: 1 -> 1
16-32: 1 -> 1
17-17: 1 -> 1
17-18: 1 -> 1
17-19: 1 -> 1
17-20: 1 -> 1
17-21: 1 -> 1
17-22: 1 -> 1
17-23: 1 -> 1
17-24: 1 -> 1
17-25: 1 -> 1
17-26: 1 -> 1
17-27: 1 -> 1
17-28: 1 -> 1
17-29: 1 -> 1
17-30: 1 -> 1
17-31: 1 -> 1
17-32: 1 -> 1
18-18: 1 -> 1
18-19: 1 -> 1
18-20: 1 -> 1
18-21: 1 -> 1
18-22: 1 -> 1
18-23: 1 -> 1
18-24: 1 -> 1
18-25: 1 -> 1
18-26: 1 -> 1
18-27: 1 -> 1
18-28: 1 -> 1
18-29: 1 -> 1
18-30: 1 -> 1
18-31: 1 -> 1
18-32: 1 -> 1
19-19: 1 -> 1
19-20: 1 -> 1
19-21: 1 -> 1
19-22: 1 -> 1
19-23: 1 -> 1
19-24: 1 -> 1
19-25: 1 -> 1
19-26: 1 -> 1
19-27: 1 -> 1
19-28: 1 -> 1
19-29: 1 -> 1
19-30: 1 -> 1
19-31: 1 -> 1
19-32: 1 -> 1
20-20: 1 -> 1
20-21: 1 -> 1
20-22: 1 -> 1
20-23: 1 -> 1
20-24: 1 -> 1
20-25: 1 -> 1
20-26: 1 -> 1
20-27: 1 -> 1
20-28: 1 -> 1
20-29: 1 -> 1
20-30: 1 -> 1
20-31: 1 -> 1
20-32: 1 -> 1
4-16: 10 -> 10
4-17: 10 -> 10
4-18: 10 -> 10
4-19: 10 -> 10
4-20: 10 -> 10
4-21: 10 -> 10
4-22: 10 -> 10
4-23: 10 -> 10
4-24: 10 -> 10
4-25: 10 -> 10
4-26: 10 -> 10
4-27: 10 -> 10
4-28: 10 -> 10
4-29: 10 -> 10
4-30: 10 -> 10
4-31: 10 -> 10
4-32: 10 -> 10
5-16: 10 -> 10
5-17: 10 -> 10
5-18: 10 -> 10
5-19: 10 -> 10
5-20: 10 -> 10
5-21: 10 -> 10
5-22: 10 -> 10
5-23: 10 -> 10
5-24: 10 -> 10
5-25: 10 -> 10
5-26: 10 -> 10
5-27: 10 -> 10
5-28: 10 -> 10
5-29: 10 -> 10
5-30: 10 -> 10
5-31: 10 -> 10
5-32: 10 -> 10
6-16: 10 -> 10
6-17: 10 -> 10
6-18: 10 -> 10
6-19: 10 -> 10
6-20: 10 -> 10
6-21: 10 -> 10
6-22: 10 -> 10
6-23: 10 -> 10
6-24: 10 -> 10
6-25: 10 -> 10
6-26: 10 -> 10
6-27: 10 -> 10
6-28: 10 -> 10
6-29: 10 -> 10
6-30: 10 -> 10
6-31: 10 -> 10
6-32: 10 -> 10
7-16: 10 -> 10
7-17: 10 -> 10
7-18: 10 -> 10
7-19: 10 -> 10
7-20: 10 -> 10
7-21: 10 -> 10
7-22: 10 -> 10
7-23: 10 -> 10
7-24: 10 -> 10
7-25: 10 -> 10
7-26: 10 -> 10
7-27: 10 -> 10
7-28: 10 -> 10
7-29: 10 -> 10
7-30: 10 -> 10
7-31: 10 -> 10
7-32: 10 -> 10
8-16: 10 -> 10
8-17: 10 -> 10
8-18: 10 -> 10
8-19: 10 -> 10
8-20: 10 -> 10
8-21: 10 -> 10
8-22: 10 -> 10
8-23: 10 -> 10
8-24: 10 -> 10
8-25: 10 -> 10
8-26: 10 -> 10
8-27: 10 -> 10
8-28: 10 -> 10
8-29: 10 -> 10
8-30: 10 -> 10
8-31: 10 -> 10
8-32: 10 -> 10
9-16: 10 -> 10
9-17: 10 -> 10
9-18: 10 -> 10
9-19: 10 -> 10
9-20: 10 -> 10
9-21: 10 -> 10
9-22: 10 -> 10
9-23: 10 -> 10
9-24: 10 -> 10
9-25: 10 -> 10
9-26: 10 -> 10
9-27: 10 -> 10
9-28: 10 -> 10
9-29: 10 -> 10
9-30: 10 -> 10
9-31: 10 -> 10
9-32: 10 -> 10
10-16: 10 -> 10
10-17: 10 -> 10
10-18: 10 -> 10
10-19: 10 -> 10
10-20: 10 -> 10
10-21: 10 -> 10
10-22: 10 -> 10
10-23: 10 -> 10
10-24: 10 -> 10
10-25: 10 -> 10
10-26: 10 -> 10
10-27: 10 -> 10
10-28: 10 -> 10
10-29: 10 -> 10
10-30: 10 -> 10
10-31: 10 -> 10
10-32: 10 -> 10
11-16: 10 -> 10
11-17: 10 -> 10
11-18: 10 -> 10
11-19: 10 -> 10
11-20: 10 -> 10
11-21: 10 -> 10
11-22: 10 -> 10
11-23: 10 -> 10
11-24: 10 -> 10
11-25: 10 -> 10
11-26: 10 -> 10
11-27: 10 -> 10
11-28: 10 -> 10
11-29: 10 -> 10
11-30: 10 -> 10
11-31: 10 -> 10
11-32: 10 -> 10
12-16: 10 -> 10
12-17: 10 -> 10
12-18: 10 -> 10
12-19: 10 -> 10
12-20: 10 -> 10
12-21: 10 -> 10
12-22: 10 -> 10
12-23: 10 -> 10
12-24: 10 -> 10
12-25: 10 -> 10
12-26: 10 -> 10
12-27: 10 -> 10
12-28: 10 -> 10
12-29: 10 -> 10
12-30: 10 -> 10
12-31: 10 -> 10
12-32: 10 -> 10
13-16: 10 -> 10
13-17: 10 -> 10
13-18: 10 -> 10
13-19: 10 -> 10
13-20: 10 -> 10
13-21: 10 -> 10
13-22: 10 -> 10
13-23: 10 -> 10
13-24: 10 -> 10
13-25: 10 -> 10
13-26: 10 -> 10
13-27: 10 -> 10
13-28: 10 -> 10
13-29: 10 -> 10
13-30: 10 -> 10
13-31: 10 -> 10
13-32: 10 -> 10
14-16: 10 -> 10
14-17: 10 -> 10
14-18: 10 -> 10
14-19: 10 -> 10
14-20: 10 -> 10
14-21: 10 -> 10
14-22: 10 -> 10
14-23: 10 -> 10
14-24: 10 -> 10
14-25: 10 -> 10
14-26: 10 -> 10
14-27: 10 -> 10
14-28: 10 -> 10
14-29: 10 -> 10
14-30: 10 -> 10
14-31: 10 -> 10
14-32: 10 -> 10
15-16: 10 -> 10
15-17: 10 -> 10
15-18: 10 -> 10
15-19: 10 -> 10
15-20: 10 -> 10
15-21: 10 -> 10
15-22: 10 -> 10
15-23: 10 -> 10
15-24: 10 -> 10
15-25: 10 -> 10
15-26: 10 -> 10
15-27: 10 -> 10
15-28: 10 -> 10
15-29: 10 -> 10
15-30: 10 -> 10
15-31: 10 -> 10
15-32: 10 -> 10
16-16: 10 -> 10
16-17: 10 -> 10
16-18: 10 -> 10
16-19: 10 -> 10
16-20: 10 -> 10
16-21: 10 -> 10
16-22: 10 -> 10
16-23: 10 -> 10
16-24: 10 -> 10
16-25: 10 -> 10
16-26: 10 -> 10
16-27: 10 -> 10
16-28: 10 -> 10
16-29: 10 -> 10
16-30: 10 -> 10
16-31: 10 -> 10
16-32: 10 -> 10
17-17: 10 -> 10
17-18: 10 -> 10
17-19: 10 -> 10
17-20: 10 -> 10
17-21: 10 -> 10
17-22: 10 -> 10
17-23: 10 -> 10
17-24: 10 -> 10
17-25: 10 -> 10
17-26: 10 -> 10
17-27: 10 -> 10
17-28: 10 -> 10
17-29: 10 -> 10
17-30: 10 -> 10
17-31: 10 -> 10
17-32: 10 -> 10
18-18: 10 -> 10
18-19: 10 -> 10
18-20: 10 -> 10
18-21: 10 -> 10
18-22: 10 -> 10
18-23: 10 -> 10
18-24: 10 -> 10
18-25: 10 -> 10
18-26: 10 -> 10
18-27: 10 -> 10
18-28: 10 -> 10
18-29: 10 -> 10
18-30: 10 -> 10
18-31: 10 -> 10
18-32: 10 -> 10
19-19: 10 -> 10
19-20: 10 -> 10
19-21: 10 -> 10
19-22: 10 -> 10
19-23: 10 -> 10
19-24: 10 -> 10
19-25: 10 -> 10
19-26: 10 -> 10
19-27: 10 -> 10
19-28: 10 -> 10
19-29: 10 -> 10
19-30: 10 -> 10
19-31: 10 -> 10
19-32: 10 -> 10
20-20: 10 -> 10
20-21: 10 -> 10
20-22: 10 -> 10
20-23: 10 -> 10
20-24: 10 -> 10
20-25: 10 -> 10
20-26: 10 -> 10
20-27: 10 -> 10
20-28: 10 -> 10
20-29: 10 -> 10
20-30: 10 -> 10
20-31: 10 -> 10
20-32: 10 -> 10
4-16: 100 -> 65
4-17: 100 -> 113
4-18: 100 -> 101
4-19: 100 -> 101
4-20: 100 -> 76
4-21: 100 -> 68
4-22: 100 -> 116
4-23: 100 -> 120
4-24: 100 -> 73
4-25: 100 -> 94
4-26: 100 -> 83
4-27: 100 -> 125
4-28: 100 -> 81
4-29: 100 -> 97
4-30: 100 -> 81
4-31: 100 -> 65
4-32: 100 -> 124
5-16: 100 -> 128
5-17: 100 -> 93
5-18: 100 -> 106
5-19: 100 -> 120
5-20: 100 -> 103
5-21: 100 -> 105
5-22: 100 -> 107
5-23: 100 -> 123
5-24: 100 -> 107
5-25: 100 -> 101
5-26: 100 -> 106
5-27: 100 -> 95
5-28: 100 -> 57
5-29: 100 -> 62
5-30: 100 -> 51
5-31: 100 -> 69
5-32: 100 -> 78
6-16: 100 -> 92
6-17: 100 -> 89
6-18: 100 -> 100
6-19: 100 -> 102
6-20: 100 -> 88
6-21: 100 -> 90
6-22: 100 -> 97
6-23: 100 -> 92
6-24: 100 -> 105
6-25: 100 -> 86
6-26: 100 -> 88
6-27: 100 -> 76
6-28: 100 -> 49
6-29: 100 -> 43
6-30: 100 -> 48
6-31: 100 -> 48
6-32: 100 -> 45
7-16: 100 -> 100
7-17: 100 -> 99
7-18: 100 -> 111
7-19: 100 -> 101
7-20: 100 -> 107
7-21: 100 -> 102
7-22: 100 -> 105
7-23: 100 -> 94
7-24: 100 -> 104
7-25: 100 -> 86
7-26: 100 -> 67
7-27: 100 -> 35
7-28: 100 -> 17
7-29: 100 -> 8
7-30: 100 -> 4
7-31: 100 -> 2
7-32: 100 -> 1
8-16: 100 -> 100
8-17: 100 -> 100
8-18: 100 -> 100
8-19: 100 -> 100
8-20: 100 -> 100
8-21: 100 -> 100
8-22: 100 -> 100
8-23: 100 -> 100
8-24: 100 -> 100
8-25: 100 -> 100
8-26: 100 -> 100
8-27: 100 -> 100
8-28: 100 -> 100
8-29: 100 -> 100
8-30: 100 -> 100
8-31: 100 -> 100
8-32: 100 -> 100
9-16: 100 -> 100
9-17: 100 -> 99
9-18: 100 -> 100
9-19: 100 -> 100
9-20: 100 -> 100
9-21: 100 -> 100
9-22: 100 -> 100
9-23: 100 -> 100
9-24: 100 -> 100
9-25: 100 -> 100
9-26: 100 -> 100
9-27: 100 -> 100
9-28: 100 -> 100
9-29: 100 -> 100
9-30: 100 -> 100
9-31: 100 -> 100
9-32: 100 -> 100
10-16: 100 -> 100
10-17: 100 -> 100
10-18: 100 -> 100
10-19: 100 -> 100
10-20: 100 -> 100
10-21: 100 -> 100
10-22: 100 -> 100
10-23: 100 -> 100
10-24: 100 -> 100
10-25: 100 -> 100
10-26: 100 -> 100
10-27: 100 -> 100
10-28: 100 -> 100
10-29: 100 -> 100
10-30: 100 -> 100
10-31: 100 -> 100
10-32: 100 -> 100
11-16: 100 -> 100
11-17: 100 -> 100
11-18: 100 -> 100
11-19: 100 -> 100
11-20: 100 -> 100
11-21: 100 -> 100
11-22: 100 -> 100
11-23: 100 -> 100
11-24: 100 -> 100
11-25: 100 -> 100
11-26: 100 -> 100
11-27: 100 -> 100
11-28: 100 -> 100
11-29: 100 -> 100
11-30: 100 -> 100
11-31: 100 -> 100
11-32: 100 -> 100
12-16: 100 -> 100
12-17: 100 -> 100
12-18: 100 -> 100
12-19: 100 -> 100
12-20: 100 -> 100
12-21: 100 -> 100
12-22: 100 -> 100
12-23: 100 -> 100
12-24: 100 -> 100
12-25: 100 -> 100
12-26: 100 -> 100
12-27: 100 -> 100
12-28: 100 -> 100
12-29: 100 -> 100
12-30: 100 -> 100
12-31: 100 -> 100
12-32: 100 -> 100
13-16: 100 -> 100
13-17: 100 -> 100
13-18: 100 -> 100
13-19: 100 -> 100
13-20: 100 -> 100
13-21: 100 -> 100
13-22: 100 -> 100
13-23: 100 -> 100
13-24: 100 -> 100
13-25: 100 -> 100
13-26: 100 -> 100
13-27: 100 -> 100
13-28: 100 -> 100
13-29: 100 -> 100
13-30: 100 -> 100
13-31: 100 -> 100
13-32: 100 -> 100
14-16: 100 -> 100
14-17: 100 -> 100
14-18: 100 -> 100
14-19: 100 -> 100
14-20: 100 -> 100
14-21: 100 -> 100
14-22: 100 -> 100
14-23: 100 -> 100
14-24: 100 -> 100
14-25: 100 -> 100
14-26: 100 -> 100
14-27: 100 -> 100
14-28: 100 -> 100
14-29: 100 -> 100
14-30: 100 -> 100
14-31: 100 -> 100
14-32: 100 -> 100
15-16: 100 -> 100
15-17: 100 -> 99
15-18: 100 -> 100
15-19: 100 -> 100
15-20: 100 -> 100
15-21: 100 -> 100
15-22: 100 -> 100
15-23: 100 -> 100
15-24: 100 -> 100
15-25: 100 -> 100
15-26: 100 -> 100
15-27: 100 -> 100
15-28: 100 -> 100
15-29: 100 -> 100
15-30: 100 -> 100
15-31: 100 -> 100
15-32: 100 -> 100
16-16: 100 -> 100
16-17: 100 -> 100
16-18: 100 -> 100
16-19: 100 -> 100
16-20: 100 -> 100
16-21: 100 -> 100
16-22: 100 -> 100
16-23: 100 -> 100
16-24: 100 -> 100
16-25: 100 -> 100
16-26: 100 -> 100
16-27: 100 -> 100
16-28: 100 -> 100
16-29: 100 -> 100
16-30: 100 -> 100
16-31: 100 -> 100
16-32: 100 -> 100
17-17: 100 -> 100
17-18: 100 -> 100
17-19: 100 -> 100
17-20: 100 -> 100
17-21: 100 -> 100
17-22: 100 -> 100
17-23: 100 -> 100
17-24: 100 -> 100
17-25: 100 -> 100
17-26: 100 -> 100
17-27: 100 -> 100
17-28: 100 -> 100
17-29: 100 -> 100
17-30: 100 -> 100
17-31: 100 -> 100
17-32: 100 -> 100
18-18: 100 -> 100
18-19: 100 -> 100
18-20: 100 -> 100
18-21: 100 -> 100
18-22: 100 -> 100
18-23: 100 -> 100
18-24: 100 -> 100
18-25: 100 -> 100
18-26: 100 -> 100
18-27: 100 -> 100
18-28: 100 -> 100
18-29: 100 -> 100
18-30: 100 -> 100
18-31: 100 -> 100
18-32: 100 -> 100
19-19: 100 -> 100
19-20: 100 -> 100
19-21: 100 -> 100
19-22: 100 -> 100
19-23: 100 -> 100
19-24: 100 -> 100
19-25: 100 -> 100
19-26: 100 -> 100
19-27: 100 -> 100
19-28: 100 -> 100
19-29: 100 -> 100
19-30: 100 -> 100
19-31: 100 -> 100
19-32: 100 -> 100
20-20: 100 -> 100
20-21: 100 -> 100
20-22: 100 -> 100
20-23: 100 -> 100
20-24: 100 -> 100
20-25: 100 -> 100
20-26: 100 -> 100
20-27: 100 -> 100
20-28: 100 -> 100
20-29: 100 -> 100
20-30: 100 -> 100
20-31: 100 -> 100
20-32: 100 -> 100
4-16: 1000 -> 583
4-17: 1000 -> 746
4-18: 1000 -> 664
4-19: 1000 -> 1038
4-20: 1000 -> 1050
4-21: 1000 -> 1039
4-22: 1000 -> 593
4-23: 1000 -> 819
4-24: 1000 -> 938
4-25: 1000 -> 1421
4-26: 1000 -> 760
4-27: 1000 -> 1056
4-28: 1000 -> 1050
4-29: 1000 -> 1386
4-30: 1000 -> 1196
4-31: 1000 -> 1686
4-32: 1000 -> 924
5-16: 1000 -> 873
5-17: 1000 -> 1135
5-18: 1000 -> 987
5-19: 1000 -> 939
5-20: 1000 -> 687
5-21: 1000 -> 897
5-22: 1000 -> 1202
5-23: 1000 -> 887
5-24: 1000 -> 897
5-25: 1000 -> 794
5-26: 1000 -> 892
5-27: 1000 -> 1327
5-28: 1000 -> 903
5-29: 1000 -> 1376
5-30: 1000 -> 893
5-31: 1000 -> 960
5-32: 1000 -> 1018
6-16: 1000 -> 948
6-17: 1000 -> 931
6-18: 1000 -> 1014
6-19: 1000 -> 1000
6-20: 1000 -> 1074
6-21: 1000 -> 922
6-22: 1000 -> 999
6-23: 1000 -> 926
6-24: 1000 -> 1079
6-25: 1000 -> 827
6-26: 1000 -> 960
6-27: 1000 -> 904
6-28: 1000 -> 881
6-29: 1000 -> 977
6-30: 1000 -> 1055
6-31: 1000 -> 1001
6-32: 1000 -> 741
7-16: 1000 -> 931
7-17: 1000 -> 1055
7-18: 1000 -> 900
7-19: 1000 -> 1023
7-20: 1000 -> 1114
7-21: 1000 -> 1023
7-22: 1000 -> 1031
7-23: 1000 -> 946
7-24: 1000 -> 981
7-25: 1000 -> 1021
7-26: 1000 -> 925
7-27: 1000 -> 956
7-28: 1000 -> 1135
7-29: 1000 -> 872
7-30: 1000 -> 853
7-31: 1000 -> 911
7-32: 1000 -> 963
8-16: 1000 -> 1030
8-17: 1000 -> 1093
8-18: 1000 -> 923
8-19: 1000 -> 950
8-20: 1000 -> 998
8-21: 1000 -> 1003
8-22: 1000 -> 1019
8-23: 1000 -> 965
8-24: 1000 -> 911
8-25: 1000 -> 972
8-26: 1000 -> 984
8-27: 1000 -> 907
8-28: 1000 -> 828
8-29: 1000 -> 753
8-30: 1000 -> 854
8-31: 1000 -> 736
8-32: 1000 -> 829
9-16: 1000 -> 991
9-17: 1000 -> 1086
9-18: 1000 -> 943
9-19: 1000 -> 977
9-20: 1000 -> 1048
9-21: 1000 -> 1034
9-22: 1000 -> 983
9-23: 1000 -> 1002
9-24: 1000 -> 1020
9-25: 1000 -> 995
9-26: 1000 -> 916
9-27: 1000 -> 777
9-28: 1000 -> 722
9-29: 1000 -> 649
9-30: 1000 -> 604
9-31: 1000 -> 632
9-32: 1000 -> 566
10-16: 1000 -> 991
10-17: 1000 -> 1019
10-18: 1000 -> 1012
10-19: 1000 -> 980
10-20: 1000 -> 979
10-21: 1000 -> 1012
10-22: 1000 -> 1004
10-23: 1000 -> 1015
10-24: 1000 -> 958
10-25: 1000 -> 969
10-26: 1000 -> 694
10-27: 1000 -> 489
10-28: 1000 -> 313
10-29: 1000 -> 258
10-30: 1000 -> 216
10-31: 1000 -> 211
10-32: 1000 -> 196
11-16: 1000 -> 1001
11-17: 1000 -> 1003
11-18: 1000 -> 999
11-19: 1000 -> 1000
11-20: 1000 -> 1000
11-21: 1000 -> 1000
11-22: 1000 -> 1000
11-23: 1000 -> 1000
11-24: 1000 -> 1000
11-25: 1000 -> 1000
11-26: 1000 -> 1000
11-27: 1000 -> 999
11-28: 1000 -> 1000
11-29: 1000 -> 1000
11-30: 1000 -> 1000
11-31: 1000 -> 1000
11-32: 1000 -> 1000
12-16: 1000 -> 999
12-17: 1000 -> 1003
12-18: 1000 -> 1000
12-19: 1000 -> 1000
12-20: 1000 -> 998
12-21: 1000 -> 1000
12-22: 1000 -> 1000
12-23: 1000 -> 1000
12-24: 1000 -> 1000
12-25: 1000 -> 1000
12-26: 1000 -> 1000
12-27: 1000 -> 1000
12-28: 1000 -> 1000
12-29: 1000 -> 1000
12-30: 1000 -> 1000
12-31: 1000 -> 1000
12-32: 1000 -> 1000
13-16: 1000 -> 1003
13-17: 1000 -> 1001
13-18: 1000 -> 997
13-19: 1000 -> 1001
13-20: 1000 -> 1000
13-21: 1000 -> 1000
13-22: 1000 -> 1000
13-23: 1000 -> 999
13-24: 1000 -> 1000
13-25: 1000 -> 1000
13-26: 1000 -> 1000
13-27: 1000 -> 1000
13-28: 1000 -> 1000
13-29: 1000 -> 1000
13-30: 1000 -> 1000
13-31: 1000 -> 1000
13-32: 1000 -> 1000
14-16: 1000 -> 999
14-17: 1000 -> 1000
14-18: 1000 -> 999
14-19: 1000 -> 999
14-20: 1000 -> 1000
14-21: 1000 -> 999
14-22: 1000 -> 1000
14-23: 1000 -> 1000
14-24: 1000 -> 1000
14-25: 1000 -> 1000
14-26: 1000 -> 1000
14-27: 1000 -> 1000
14-28: 1000 -> 1000
14-29: 1000 -> 1000
14-30: 1000 -> 1000
14-31: 1000 -> 1000
14-32: 1000 -> 1000
15-16: 1000 -> 1005
15-17: 1000 -> 1001
15-18: 1000 -> 1000
15-19: 1000 -> 1000
15-20: 1000 -> 999
15-21: 1000 -> 999
15-22: 1000 -> 1000
15-23: 1000 -> 1000
15-24: 1000 -> 1000
15-25: 1000 -> 1000
15-26: 1000 -> 1000
15-27: 1000 -> 1000
15-28: 1000 -> 1000
15-29: 1000 -> 1000
15-30: 1000 -> 1000
15-31: 1000 -> 1000
15-32: 1000 -> 1000
16-16: 1000 -> 1001
16-17: 1000 -> 1001
16-18: 1000 -> 1000
16-19: 1000 -> 999
16-20: 1000 -> 1000
16-21: 1000 -> 1000
16-22: 1000 -> 1000
16-23: 1000 -> 1000
16-24: 1000 -> 1000
16-25: 1000 -> 1000
16-26: 1000 -> 1000
16-27: 1000 -> 1000
16-28: 1000 -> 1000
16-29: 1000 -> 1000
16-30: 1000 -> 1000
16-31: 1000 -> 1000
16-32: 1000 -> 1000
17-17: 1000 -> 999
17-18: 1000 -> 1001
17-19: 1000 -> 1000
17-20: 1000 -> 999
17-21: 1000 -> 1000
17-22: 1000 -> 1000
17-23: 1000 -> 1000
17-24: 1000 -> 1000
17-25: 1000 -> 1000
17-26: 1000 -> 1000
17-27: 1000 -> 1000
17-28: 1000 -> 1000
17-29: 1000 -> 1000
17-30: 1000 -> 1000
17-31: 1000 -> 1000
17-32: 1000 -> 1000
18-18: 1000 -> 1002
18-19: 1000 -> 1001
18-20: 1000 -> 998
18-21: 1000 -> 999
18-22: 1000 -> 1000
18-23: 1000 -> 1000
18-24: 1000 -> 1000
18-25: 1000 -> 1000
18-26: 1000 -> 1000
18-27: 1000 -> 1000
18-28: 1000 -> 1000
18-29: 1000 -> 1000
18-30: 1000 -> 1000
18-31: 1000 -> 1000
18-32: 1000 -> 1000
19-19: 1000 -> 1001
19-20: 1000 -> 998
19-21: 1000 -> 1000
19-22: 1000 -> 1000
19-23: 1000 -> 999
19-24: 1000 -> 1000
19-25: 1000 -> 1000
19-26: 1000 -> 1000
19-27: 1000 -> 1000
19-28: 1000 -> 1000
19-29: 1000 -> 1000
19-30: 1000 -> 1000
19-31: 1000 -> 1000
19-32: 1000 -> 1000
20-20: 1000 -> 999
20-21: 1000 -> 1000
20-22: 1000 -> 999
20-23: 1000 -> 1000
20-24: 1000 -> 1000
20-25: 1000 -> 1000
20-26: 1000 -> 1000
20-27: 1000 -> 1000
20-28: 1000 -> 1000
20-29: 1000 -> 1000
20-30: 1000 -> 1000
20-31: 1000 -> 1000
20-32: 1000 -> 1000
4-16: 10000 -> 14131
4-17: 10000 -> 8821
4-18: 10000 -> 11201
4-19: 10000 -> 13114
4-20: 10000 -> 8254
4-21: 10000 -> 12773
4-22: 10000 -> 13068
4-23: 10000 -> 8206
4-24: 10000 -> 10154
4-25: 10000 -> 11569
4-26: 10000 -> 13007
4-27: 10000 -> 9126
4-28: 10000 -> 8414
4-29: 10000 -> 10045
4-30: 10000 -> 9870
4-31: 10000 -> 10455
4-32: 10000 -> 9135
5-16: 10000 -> 8129
5-17: 10000 -> 10521
5-18: 10000 -> 9093
5-19: 10000 -> 9277
5-20: 10000 -> 9761
5-21: 10000 -> 13701
5-22: 10000 -> 9136
5-23: 10000 -> 10204
5-24: 10000 -> 10768
5-25: 10000 -> 7486
5-26: 10000 -> 12453
5-27: 10000 -> 11694
5-28: 10000 -> 13621
5-29: 10000 -> 8529
5-30: 10000 -> 10478
5-31: 10000 -> 8927
5-32: 10000 -> 9044
6-16: 10000 -> 12091
6-17: 10000 -> 10132
6-18: 10000 -> 8834
6-19: 10000 -> 12712
6-20: 10000 -> 9862
6-21: 10000 -> 10206
6-22: 10000 -> 11126
6-23: 10000 -> 8842
6-24: 10000 -> 9017
6-25: 10000 -> 10803
6-26: 10000 -> 10937
6-27: 10000 -> 9569
6-28: 10000 -> 9291
6-29: 10000 -> 9275
6-30: 10000 -> 11275
6-31: 10000 -> 9843
6-32: 10000 -> 10573
7-16: 10000 -> 12000
7-17: 10000 -> 11000
7-18: 10000 -> 9604
7-19: 10000 -> 10024
7-20: 10000 -> 9686
7-21: 10000 -> 9326
7-22: 10000 -> 8904
7-23: 10000 -> 10594
7-24: 10000 -> 9112
7-25: 10000 -> 8395
7-26: 10000 -> 9406
7-27: 10000 -> 11378
7-28: 10000 -> 10738
7-29: 10000 -> 10767
7-30: 10000 -> 8620
7-31: 10000 -> 8845
7-32: 10000 -> 10334
8-16: 10000 -> 10606
8-17: 10000 -> 10049
8-18: 10000 -> 9317
8-19: 10000 -> 9833
8-20: 10000 -> 9717
8-21: 10000 -> 10333
8-22: 10000 -> 9872
8-23: 10000 -> 10357
8-24: 10000 -> 10162
8-25: 10000 -> 10237
8-26: 10000 -> 10600
8-27: 10000 -> 9517
8-28: 10000 -> 8922
8-29: 10000 -> 10154
8-30: 10000 -> 9921
8-31: 10000 -> 10136
8-32: 10000 -> 10717
9-16: 10000 -> 9872
9-17: 10000 -> 10574
9-18: 10000 -> 9745
9-19: 10000 -> 9174
9-20: 10000 -> 10042
9-21: 10000 -> 10834
9-22: 10000 -> 9845
9-23: 10000 -> 10112
9-24: 10000 -> 9799
9-25: 10000 -> 10335
9-26: 10000 -> 9795
9-27: 10000 -> 10865
9-28: 10000 -> 10024
9-29: 10000 -> 9585
9-30: 10000 -> 10168
9-31: 10000 -> 9594
9-32: 10000 -> 9636
10-16: 10000 -> 9871
10-17: 10000 -> 10395
10-18: 10000 -> 9478
10-19: 10000 -> 10203
10-20: 10000 -> 9983
10-21: 10000 -> 9482
10-22: 10000 -> 10265
10-23: 10000 -> 10457
10-24: 10000 -> 10256
10-25: 10000 -> 9895
10-26: 10000 -> 9694
10-27: 10000 -> 10235
10-28: 10000 -> 9877
10-29: 10000 -> 9419
10-30: 10000 -> 9076
10-31: 10000 -> 9401
10-32: 10000 -> 9063
11-16: 10000 -> 9976
11-17: 10000 -> 10182
11-18: 10000 -> 10238
11-19: 10000 -> 9998
11-20: 10000 -> 9885
11-21: 10000 -> 10168
11-22: 10000 -> 10341
11-23: 10000 -> 10079
11-24: 10000 -> 9852
11-25: 10000 -> 9790
11-26: 10000 -> 10180
11-27: 10000 -> 9834
11-28: 10000 -> 8982
11-29: 10000 -> 8810
11-30: 10000 -> 8742
11-31: 10000 -> 8678
11-32: 10000 -> 8538
12-16: 10000 -> 10019
12-17: 10000 -> 10131
12-18: 10000 -> 10128
12-19: 10000 -> 10026
12-20: 10000 -> 10233
12-21: 10000 -> 9998
12-22: 10000 -> 10110
12-23: 10000 -> 10083
12-24: 10000 -> 9856
12-25: 10000 -> 9848
12-26: 10000 -> 8990
12-27: 10000 -> 8136
12-28: 10000 -> 7490
12-29: 10000 -> 6888
12-30: 10000 -> 6689
12-31: 10000 -> 6488
12-32: 10000 -> 6385
13-16: 10000 -> 9900
13-17: 10000 -> 10121
13-18: 10000 -> 10088
13-19: 10000 -> 9978
13-20: 10000 -> 9977
13-21: 10000 -> 10070
13-22: 10000 -> 9939
13-23: 10000 -> 9995
13-24: 10000 -> 10105
13-25: 10000 -> 9987
13-26: 10000 -> 7924
13-27: 10000 -> 5405
13-28: 10000 -> 4197
13-29: 10000 -> 3606
13-30: 10000 -> 3360
13-31: 10000 -> 3148
13-32: 10000 -> 3213
14-16: 10000 -> 9983
14-17: 10000 -> 9996
14-18: 10000 -> 9987
14-19: 10000 -> 9983
14-20: 10000 -> 10002
14-21: 10000 -> 9996
14-22: 10000 -> 10001
14-23: 10000 -> 9997
14-24: 10000 -> 10000
14-25: 10000 -> 9998
14-26: 10000 -> 9994
14-27: 10000 -> 9998
14-28: 10000 -> 9997
14-29: 10000 -> 9999
14-30: 10000 -> 10000
14-31: 10000 -> 9997
14-32: 10000 -> 9998
15-16: 10000 -> 9973
15-17: 10000 -> 10012
15-18: 10000 -> 10001
15-19: 10000 -> 9990
15-20: 10000 -> 9996
15-21: 10000 -> 9996
15-22: 10000 -> 9999
15-23: 10000 -> 10002
15-24: 10000 -> 10000
15-25: 10000 -> 10001
15-26: 10000 -> 9999
15-27: 10000 -> 9998
15-28: 10000 -> 9999
15-29: 10000 -> 9998
15-30: 10000 -> 9998
15-31: 10000 -> 9998
15-32: 10000 -> 10000
16-16: 10000 -> 10025
16-17: 10000 -> 9974
16-18: 10000 -> 9999
16-19: 10000 -> 10011
16-20: 10000 -> 10007
16-21: 10000 -> 10000
16-22: 10000 -> 10001
16-23: 10000 -> 9997
16-24: 10000 -> 9997
16-25: 10000 -> 9999
16-26: 10000 -> 10001
16-27: 10000 -> 9999
16-28: 10000 -> 9999
16-29: 10000 -> 9999
16-30: 10000 -> 9999
16-31: 10000 -> 10000
16-32: 10000 -> 10000
17-17: 10000 -> 9964
17-18: 10000 -> 10000
17-19: 10000 -> 9995
17-20: 10000 -> 10002
17-21: 10000 -> 10001
17-22: 10000 -> 9999
17-23: 10000 -> 10001
17-24: 10000 -> 10002
17-25: 10000 -> 9999
17-26: 10000 -> 10001
17-27: 10000 -> 9996
17-28: 10000 -> 10000
17-29: 10000 -> 9999
17-30: 10000 -> 9999
17-31: 10000 -> 9999
17-32: 10000 -> 10000
18-18: 10000 -> 9997
18-19: 10000 -> 9994
18-20: 10000 -> 9985
18-21: 10000 -> 9994
18-22: 10000 -> 9997
18-23: 10000 -> 10000
18-24: 10000 -> 10000
18-25: 10000 -> 9999
18-26: 10000 -> 10000
18-27: 10000 -> 9998
18-28: 10000 -> 9999
18-29: 10000 -> 9999
18-30: 10000 -> 9998
18-31: 10000 -> 9999
18-32: 10000 -> 9996
19-19: 10000 -> 10002
19-20: 10000 -> 10002
19-21: 10000 -> 9996
19-22: 10000 -> 9998
19-23: 10000 -> 10000
19-24: 10000 -> 9999
19-25: 10000 -> 10001
19-26: 10000 -> 10000
19-27: 10000 -> 9999
19-28: 10000 -> 9999
19-29: 10000 -> 10000
19-30: 10000 -> 9999
19-31: 10000 -> 9999
19-32: 10000 -> 9998
20-20: 10000 -> 10000
20-21: 10000 -> 10007
20-22: 10000 -> 9997
20-23: 10000 -> 10001
20-24: 10000 -> 10000
20-25: 10000 -> 10000
20-26: 10000 -> 10001
20-27: 10000 -> 10000
20-28: 10000 -> 10000
20-29: 10000 -> 10000
20-30: 10000 -> 9998
20-31: 10000 -> 9998
20-32: 10000 -> 9998
4-16: 100000 -> 167897
4-17: 100000 -> 199401
4-18: 100000 -> 136037
4-19: 100000 -> 110952
4-20: 100000 -> 124591
4-21: 100000 -> 48512
4-22: 100000 -> 79515
4-23: 100000 -> 80078
4-24: 100000 -> 119472
4-25: 100000 -> 107279
4-26: 100000 -> 66418
4-27: 100000 -> 88906
4-28: 100000 -> 120438
4-29: 100000 -> 133820
4-30: 100000 -> 112209
4-31: 100000 -> 105895
4-32: 100000 -> 89412
5-16: 100000 -> 97852
5-17: 100000 -> 117562
5-18: 100000 -> 105349
5-19: 100000 -> 102101
5-20: 100000 -> 105408
5-21: 100000 -> 90671
5-22: 100000 -> 117414
5-23: 100000 -> 120399
5-24: 100000 -> 101962
5-25: 100000 -> 109800
5-26: 100000 -> 87084
5-27: 100000 -> 93526
5-28: 100000 -> 106731
5-29: 100000 -> 114469
5-30: 100000 -> 75995
5-31: 100000 -> 104583
5-32: 100000 -> 100375
6-16: 100000 -> 89468
6-17: 100000 -> 98996
6-18: 100000 -> 107125
6-19: 100000 -> 87949
6-20: 100000 -> 84362
6-21: 100000 -> 101464
6-22: 100000 -> 97226
6-23: 100000 -> 101312
6-24: 100000 -> 98078
6-25: 100000 -> 94941
6-26: 100000 -> 99022
6-27: 100000 -> 113692
6-28: 100000 -> 90737
6-29: 100000 -> 99248
6-30: 100000 -> 81806
6-31: 100000 -> 104658
6-32: 100000 -> 112883
7-16: 100000 -> 102648
7-17: 100000 -> 99474
7-18: 100000 -> 108346
7-19: 100000 -> 85539
7-20: 100000 -> 82948
7-21: 100000 -> 91558
7-22: 100000 -> 101355
7-23: 100000 -> 93727
7-24: 100000 -> 92843
7-25: 100000 -> 107171
7-26: 100000 -> 101522
7-27: 100000 -> 115678
7-28: 100000 -> 98008
7-29: 100000 -> 105835
7-30: 100000 -> 92069
7-31: 100000 -> 87838
7-32: 100000 -> 89074
8-16: 100000 -> 108198
8-17: 100000 -> 91535
8-18: 100000 -> 96418
8-19: 100000 -> 98479
8-20: 100000 -> 93285
8-21: 100000 -> 102230
8-22: 100000 -> 102757
8-23: 100000 -> 105048
8-24: 100000 -> 102361
8-25: 100000 -> 110905
8-26: 100000 -> 94377
8-27: 100000 -> 98272
8-28: 100000 -> 100556
8-29: 100000 -> 104943
8-30: 100000 -> 102148
8-31: 100000 -> 95236
8-32: 100000 -> 94511
9-16: 100000 -> 101158
9-17: 100000 -> 98930
9-18: 100000 -> 104820
9-19: 100000 -> 98468
9-20: 100000 -> 99353
9-21: 100000 -> 104298
9-22: 100000 -> 96257
9-23: 100000 -> 107388
9-24: 100000 -> 101212
9-25: 100000 -> 97541
9-26: 100000 -> 97607
9-27: 100000 -> 110050
9-28: 100000 -> 93986
9-29: 100000 -> 102742
9-30: 100000 -> 102776
9-31: 100000 -> 100850
9-32: 100000 -> 90556
10-16: 100000 -> 99151
10-17: 100000 -> 95402
10-18: 100000 -> 99841
10-19: 100000 -> 96129
10-20: 100000 -> 102798
10-21: 100000 -> 104136
10-22: 100000 -> 97239
10-23: 100000 -> 105470
10-24: 100000 -> 100870
10-25: 100000 -> 101829
10-26: 100000 -> 95566
10-27: 100000 -> 97798
10-28: 100000 -> 98519
10-29: 100000 -> 99957
10-30: 100000 -> 96392
10-31: 100000 -> 106679
10-32: 100000 -> 104075
11-16: 100000 -> 96373
11-17: 100000 -> 99237
11-18: 100000 -> 100943
11-19: 100000 -> 97643
11-20: 100000 -> 99014
11-21: 100000 -> 102605
11-22: 100000 -> 99781
11-23: 100000 -> 101255
11-24: 100000 -> 102889
11-25: 100000 -> 102125
11-26: 100000 -> 102737
11-27: 100000 -> 102141
11-28: 100000 -> 98367
11-29: 100000 -> 100746
11-30: 100000 -> 99034
11-31: 100000 -> 96656
11-32: 100000 -> 102660
12-16: 100000 -> 99024
12-17: 100000 -> 98560
12-18: 100000 -> 100852
12-19: 100000 -> 98348
12-20: 100000 -> 101175
12-21: 100000 -> 101544
12-22: 100000 -> 99906
12-23: 100000 -> 99794
12-24: 100000 -> 99807
12-25: 100000 -> 100777
12-26: 100000 -> 99447
12-27: 100000 -> 100675
12-28: 100000 -> 99456
12-29: 100000 -> 96290
12-30: 100000 -> 99679
12-31: 100000 -> 96195
12-32: 100000 -> 94374
13-16: 100000 -> 100572
13-17: 100000 -> 97794
13-18: 100000 -> 99381
13-19: 100000 -> 99900
13-20: 100000 -> 102274
13-21: 100000 -> 100412
13-22: 100000 -> 101086
13-23: 100000 -> 99118
13-24: 100000 -> 100210
13-25: 100000 -> 101229
13-26: 100000 -> 98787
13-27: 100000 -> 100531
13-28: 100000 -> 96570
13-29: 100000 -> 96697
13-30: 100000 -> 94371
13-31: 100000 -> 93345
13-32: 100000 -> 93322
14-16: 100000 -> 100239
14-17: 100000 -> 101195
14-18: 100000 -> 98962
14-19: 100000 -> 99971
14-20: 100000 -> 101457
14-21: 100000 -> 97881
14-22: 100000 -> 99061
14-23: 100000 -> 98992
14-24: 100000 -> 99842
14-25: 100000 -> 98950
14-26: 100000 -> 98179
14-27: 100000 -> 96159
14-28: 100000 -> 93795
14-29: 100000 -> 91954
14-30: 100000 -> 89588
14-31: 100000 -> 87726
14-32: 100000 -> 87227
15-16: 100000 -> 99663
15-17: 100000 -> 99833
15-18: 100000 -> 99292
15-19: 100000 -> 100723
15-20: 100000 -> 100531
15-21: 100000 -> 100389
15-22: 100000 -> 99764
15-23: 100000 -> 99529
15-24: 100000 -> 99233
15-25: 100000 -> 100561
15-26: 100000 -> 92707
15-27: 100000 -> 85171
15-28: 100000 -> 79813
15-29: 100000 -> 76311
15-30: 100000 -> 72970
15-31: 100000 -> 72560
15-32: 100000 -> 71147
16-16: 100000 -> 99774
16-17: 100000 -> 99627
16-18: 100000 -> 100183
16-19: 100000 -> 100353
16-20: 100000 -> 100203
16-21: 100000 -> 99685
16-22: 100000 -> 100313
16-23: 100000 -> 99678
16-24: 100000 -> 100720
16-25: 100000 -> 100555
16-26: 100000 -> 85519
16-27: 100000 -> 71225
16-28: 100000 -> 60164
16-29: 100000 -> 54620
16-30: 100000 -> 49745
16-31: 100000 -> 48688
16-32: 100000 -> 48075
17-17: 100000 -> 100176
17-18: 100000 -> 100158
17-19: 100000 -> 100034
17-20: 100000 -> 99930
17-21: 100000 -> 100037
17-22: 100000 -> 99863
17-23: 100000 -> 100032
17-24: 100000 -> 100052
17-25: 100000 -> 99457
17-26: 100000 -> 65020
17-27: 100000 -> 35731
17-28: 100000 -> 17473
17-29: 100000 -> 8459
17-30: 100000 -> 4161
17-31: 100000 -> 2064
17-32: 100000 -> 1028
18-18: 100000 -> 99919
18-19: 100000 -> 99920
18-20: 100000 -> 99963
18-21: 100000 -> 99949
18-22: 100000 -> 100005
18-23: 100000 -> 100000
18-24: 100000 -> 100026
18-25: 100000 -> 99997
18-26: 100000 -> 99932
18-27: 100000 -> 99877
18-28: 100000 -> 99863
18-29: 100000 -> 99863
18-30: 100000 -> 99869
18-31: 100000 -> 99836
18-32: 100000 -> 99843
19-19: 100000 -> 99994
19-20: 100000 -> 99965
19-21: 100000 -> 100001
19-22: 100000 -> 99989
19-23: 100000 -> 99994
19-24: 100000 -> 99990
19-25: 100000 -> 99999
19-26: 100000 -> 99934
19-27: 100000 -> 99866
19-28: 100000 -> 99876
19-29: 100000 -> 99862
19-30: 100000 -> 99870
19-31: 100000 -> 99871
19-32: 100000 -> 99875
20-20: 100000 -> 100104
20-21: 100000 -> 99959
20-22: 100000 -> 99936
20-23: 100000 -> 99986
20-24: 100000 -> 100014
20-25: 100000 -> 99996
20-26: 100000 -> 99904
20-27: 100000 -> 99886
20-28: 100000 -> 99875
20-29: 100000 -> 99866
20-30: 100000 -> 99876
20-31: 100000 -> 99854
20-32: 100000 -> 99846
104408
expected: 10000000, estimate: 10027450, time: 2401
Percentage error  0.002745
Expect estimate: 70630 is between 68293.75 and 71706.25
104408
Expect estimate: 20003 is between 19878.125 and 20121.875
Expect estimate: 16003 is between 15902.5 and 16097.5
Percentage error  1.875E-4
p=4
hllcardinality=0 cardinality=0
0 : 0
p=5
hllcardinality=0 cardinality=0
0 : 0
p=6
hllcardinality=0 cardinality=0
0 : 0
p=7
hllcardinality=0 cardinality=0
0 : 0
p=8
hllcardinality=0 cardinality=0
0 : 0
p=9
hllcardinality=0 cardinality=0
0 : 0
p=10
hllcardinality=0 cardinality=0
0 : 0
p=11
hllcardinality=0 cardinality=0
0 : 0
p=12
hllcardinality=0 cardinality=0
0 : 0
p=13
hllcardinality=0 cardinality=0
0 : 0
p=14
hllcardinality=0 cardinality=0
0 : 0
p=15
hllcardinality=0 cardinality=0
0 : 0
p=16
hllcardinality=0 cardinality=0
0 : 0
p=17
hllcardinality=0 cardinality=0
0 : 0
p=18
hllcardinality=0 cardinality=0
0 : 0
p=19
hllcardinality=0 cardinality=0
0 : 0
p=20
hllcardinality=0 cardinality=0
0 : 0
p=21
hllcardinality=0 cardinality=0
0 : 0
p=22
hllcardinality=0 cardinality=0
0 : 0
p=23
hllcardinality=0 cardinality=0
0 : 0
p=4
hllcardinality=1 cardinality=1
1 : 1
p=5
hllcardinality=1 cardinality=1
1 : 1
p=6
hllcardinality=1 cardinality=1
1 : 1
p=7
hllcardinality=1 cardinality=1
1 : 1
p=8
hllcardinality=1 cardinality=1
1 : 1
p=9
hllcardinality=1 cardinality=1
1 : 1
p=10
hllcardinality=1 cardinality=1
1 : 1
p=11
hllcardinality=1 cardinality=1
1 : 1
p=12
hllcardinality=1 cardinality=1
1 : 1
p=13
hllcardinality=1 cardinality=1
1 : 1
p=14
hllcardinality=1 cardinality=1
1 : 1
p=15
hllcardinality=1 cardinality=1
1 : 1
p=16
hllcardinality=1 cardinality=1
1 : 1
p=17
hllcardinality=1 cardinality=1
1 : 1
p=18
hllcardinality=1 cardinality=1
1 : 1
p=19
hllcardinality=1 cardinality=1
1 : 1
p=20
hllcardinality=1 cardinality=1
1 : 1
p=21
hllcardinality=1 cardinality=1
1 : 1
p=22
hllcardinality=1 cardinality=1
1 : 1
p=23
hllcardinality=1 cardinality=1
1 : 1
p=4
hllcardinality=11 cardinality=10
11 : 11
p=5
hllcardinality=11 cardinality=10
11 : 11
p=6
hllcardinality=11 cardinality=10
11 : 11
p=7
hllcardinality=9 cardinality=10
9 : 9
p=8
hllcardinality=10 cardinality=10
10 : 10
p=9
hllcardinality=10 cardinality=10
10 : 10
p=10
hllcardinality=10 cardinality=10
10 : 10
p=11
hllcardinality=10 cardinality=10
10 : 10
p=12
hllcardinality=10 cardinality=10
10 : 10
p=13
hllcardinality=10 cardinality=10
10 : 10
p=14
hllcardinality=10 cardinality=10
10 : 10
p=15
hllcardinality=10 cardinality=10
10 : 10
p=16
hllcardinality=10 cardinality=10
10 : 10
p=17
hllcardinality=10 cardinality=10
10 : 10
p=18
hllcardinality=10 cardinality=10
10 : 10
p=19
hllcardinality=10 cardinality=10
10 : 10
p=20
hllcardinality=10 cardinality=10
10 : 10
p=21
hllcardinality=10 cardinality=10
10 : 10
p=22
hllcardinality=10 cardinality=10
10 : 10
p=23
hllcardinality=10 cardinality=10
10 : 10
p=4
hllcardinality=81 cardinality=100
81 : 81
p=5
hllcardinality=84 cardinality=100
84 : 84
p=6
hllcardinality=125 cardinality=100
125 : 125
p=7
hllcardinality=104 cardinality=100
104 : 104
p=8
hllcardinality=97 cardinality=100
97 : 97
p=9
hllcardinality=100 cardinality=100
100 : 100
p=10
hllcardinality=102 cardinality=100
102 : 102
p=11
hllcardinality=101 cardinality=100
101 : 101
p=12
hllcardinality=100 cardinality=100
100 : 100
p=13
hllcardinality=101 cardinality=100
101 : 101
p=14
hllcardinality=100 cardinality=100
100 : 100
p=15
hllcardinality=99 cardinality=100
99 : 99
p=16
hllcardinality=100 cardinality=100
100 : 100
p=17
hllcardinality=100 cardinality=100
100 : 100
p=18
hllcardinality=100 cardinality=100
100 : 100
p=19
hllcardinality=100 cardinality=100
100 : 100
p=20
hllcardinality=100 cardinality=100
100 : 100
p=21
hllcardinality=100 cardinality=100
100 : 100
p=22
hllcardinality=100 cardinality=100
100 : 100
p=23
hllcardinality=100 cardinality=100
100 : 100
p=4
hllcardinality=1541 cardinality=1000
1541 : 1541
p=5
hllcardinality=1136 cardinality=1000
1136 : 1136
p=6
hllcardinality=862 cardinality=1000
862 : 862
p=7
hllcardinality=1024 cardinality=1000
1024 : 1024
p=8
hllcardinality=1016 cardinality=1000
1016 : 1016
p=9
hllcardinality=1081 cardinality=1000
1081 : 1081
p=10
hllcardinality=955 cardinality=1000
955 : 955
p=11
hllcardinality=1008 cardinality=1000
1008 : 1008
p=12
hllcardinality=992 cardinality=1000
992 : 992
p=13
hllcardinality=996 cardinality=1000
996 : 996
p=14
hllcardinality=1002 cardinality=1000
1002 : 1002
p=15
hllcardinality=1003 cardinality=1000
1003 : 1003
p=16
hllcardinality=992 cardinality=1000
992 : 992
p=17
hllcardinality=1001 cardinality=1000
1001 : 1001
p=18
hllcardinality=1001 cardinality=1000
1001 : 1001
p=19
hllcardinality=1000 cardinality=1000
1000 : 1000
p=20
hllcardinality=1000 cardinality=1000
1000 : 1000
p=21
hllcardinality=1000 cardinality=1000
1000 : 1000
p=22
hllcardinality=1000 cardinality=1000
1000 : 1000
p=23
hllcardinality=1000 cardinality=1000
1000 : 1000
p=4
hllcardinality=5668 cardinality=10000
5668 : 5668
p=5
hllcardinality=9423 cardinality=10000
9423 : 9423
p=6
hllcardinality=10164 cardinality=10000
10164 : 10164
p=7
hllcardinality=10933 cardinality=10000
10933 : 10933
p=8
hllcardinality=10702 cardinality=10000
10702 : 10702
p=9
hllcardinality=10303 cardinality=10000
10303 : 10303
p=10
hllcardinality=10192 cardinality=10000
10192 : 10192
p=11
hllcardinality=9909 cardinality=10000
9909 : 9909
p=12
hllcardinality=9836 cardinality=10000
9836 : 9836
p=13
hllcardinality=9926 cardinality=10000
9926 : 9926
p=14
hllcardinality=10094 cardinality=10000
10094 : 10094
p=15
hllcardinality=10034 cardinality=10000
10034 : 10034
p=16
hllcardinality=9987 cardinality=10000
9987 : 9987
p=17
hllcardinality=9974 cardinality=10000
9974 : 9974
p=18
hllcardinality=10003 cardinality=10000
10003 : 10003
p=19
hllcardinality=10017 cardinality=10000
10017 : 10017
p=20
hllcardinality=10002 cardinality=10000
10002 : 10002
p=21
hllcardinality=10002 cardinality=10000
10002 : 10002
p=22
hllcardinality=10004 cardinality=10000
10004 : 10004
p=23
hllcardinality=9997 cardinality=10000
9997 : 9997
p=4
hllcardinality=87528 cardinality=100000
87528 : 87528
p=5
hllcardinality=94974 cardinality=100000
94974 : 94974
p=6
hllcardinality=90521 cardinality=100000
90521 : 90521
p=7
hllcardinality=92143 cardinality=100000
92143 : 92143
p=8
hllcardinality=92097 cardinality=100000
92097 : 92097
p=9
hllcardinality=98577 cardinality=100000
98577 : 98577
p=10
hllcardinality=98067 cardinality=100000
98067 : 98067
p=11
hllcardinality=99893 cardinality=100000
99893 : 99893
p=12
hllcardinality=97857 cardinality=100000
97857 : 97857
p=13
hllcardinality=101002 cardinality=100000
101002 : 101002
p=14
hllcardinality=100726 cardinality=100000
100726 : 100726
p=15
hllcardinality=100786 cardinality=100000
100786 : 100786
p=16
hllcardinality=99625 cardinality=100000
99625 : 99625
p=17
hllcardinality=99514 cardinality=100000
99514 : 99514
p=18
hllcardinality=100038 cardinality=100000
100038 : 100038
p=19
hllcardinality=99971 cardinality=100000
99971 : 99971
p=20
hllcardinality=99904 cardinality=100000
99904 : 99904
p=21
hllcardinality=99986 cardinality=100000
99986 : 99986
p=22
hllcardinality=99994 cardinality=100000
99994 : 99994
p=23
hllcardinality=100028 cardinality=100000
100028 : 100028
p=4
hllcardinality=1353236 cardinality=1000000
1353236 : 1353236
p=5
hllcardinality=1146092 cardinality=1000000
1146092 : 1146092
p=6
hllcardinality=952199 cardinality=1000000
952199 : 952199
p=7
hllcardinality=978267 cardinality=1000000
978267 : 978267
p=8
hllcardinality=984810 cardinality=1000000
984810 : 984810
p=9
hllcardinality=990927 cardinality=1000000
990927 : 990927
p=10
hllcardinality=958067 cardinality=1000000
958067 : 958067
p=11
hllcardinality=1030519 cardinality=1000000
1030519 : 1030519
p=12
hllcardinality=1017493 cardinality=1000000
1017493 : 1017493
p=13
hllcardinality=1015232 cardinality=1000000
1015232 : 1015232
p=14
hllcardinality=1002740 cardinality=1000000
1002740 : 1002740
p=15
hllcardinality=994790 cardinality=1000000
994790 : 994790
p=16
hllcardinality=1001421 cardinality=1000000
1001421 : 1001421
p=17
hllcardinality=1001083 cardinality=1000000
1001083 : 1001083
p=18
hllcardinality=998638 cardinality=1000000
998638 : 998638
p=19
hllcardinality=1003046 cardinality=1000000
1003046 : 1003046
p=20
hllcardinality=999629 cardinality=1000000
999629 : 999629
p=21
hllcardinality=999811 cardinality=1000000
999811 : 999811
p=22
hllcardinality=1000260 cardinality=1000000
1000260 : 1000260
p=23
hllcardinality=999688 cardinality=1000000
999688 : 999688
Expect estimate: 200116 is between 198781.25 and 201218.75
Expect estimate: 14988 is between 14634.375 and 15365.625
Tests run: 21, Failures: 0, Errors: 0, Skipped: 0, Time elapsed: 50.789 sec - in com.clearspring.analytics.stream.cardinality.TestHyperLogLogPlus
Running com.clearspring.analytics.stream.cardinality.TestCountThenEstimate
Tests run: 7, Failures: 0, Errors: 0, Skipped: 0, Time elapsed: 0.029 sec - in com.clearspring.analytics.stream.cardinality.TestCountThenEstimate
Running com.clearspring.analytics.stream.cardinality.TestAndGraphResults
Tests run: 1, Failures: 0, Errors: 0, Skipped: 1, Time elapsed: 0.001 sec - in com.clearspring.analytics.stream.cardinality.TestAndGraphResults
Running com.clearspring.analytics.stream.cardinality.TestLogLog
Baseline estimate: 4964156
time: 2097
0.0326552
time: 33074
100000000
98548844
0.01451156
Tests run: 5, Failures: 0, Errors: 0, Skipped: 1, Time elapsed: 35.421 sec - in com.clearspring.analytics.stream.cardinality.TestLogLog
Running com.clearspring.analytics.stream.cardinality.TestLinearCounting
Tests run: 8, Failures: 0, Errors: 0, Skipped: 0, Time elapsed: 0.088 sec - in com.clearspring.analytics.stream.cardinality.TestLinearCounting
Running com.clearspring.analytics.stream.cardinality.TestHyperLogLog
Baseline estimate: 4974324
Expect estimate: 4974324 is between 4939062.5 and 5060937.5
time: 2746
0.0515525
time: 25892
0.01155181
Tests run: 8, Failures: 0, Errors: 0, Skipped: 1, Time elapsed: 29.209 sec - in com.clearspring.analytics.stream.cardinality.TestHyperLogLog
Running com.clearspring.analytics.stream.cardinality.RegisterSetTest
Tests run: 5, Failures: 0, Errors: 0, Skipped: 0, Time elapsed: 0.001 sec - in com.clearspring.analytics.stream.cardinality.RegisterSetTest
Running com.clearspring.analytics.stream.cardinality.TestAdaptiveCounting
Tests run: 6, Failures: 0, Errors: 0, Skipped: 1, Time elapsed: 0.364 sec - in com.clearspring.analytics.stream.cardinality.TestAdaptiveCounting
Running com.clearspring.analytics.stream.TestConcurrentStreamSummary
Geometric:
0
1
2
3
4
[(25185: 0, e: 0),(18682: 1, e: 0),(14106: 2, e: 0),(10534: 3, e: 0),(7822: 4, e: 0),(5911: 5, e: 0),(4466: 6, e: 3439),(4433: 7, e: 4425),(4431: 8, e: 4428),(4430: 11, e: 4429)]
[(1: X, e: 0)]
[(2: X, e: 0)]
[(2: X, e: 0),(1: Y, e: 0)]
[(2: X, e: 0),(1: Y, e: 0),(1: Z, e: 0)]
[(2: X, e: 0),(2: A, e: 1),(1: Z, e: 0)]
[(2: X, e: 0),(2: A, e: 1),(2: B, e: 1)]
[(2: A, e: 1),(2: B, e: 1),(3: C, e: 2)]
[(3: X, e: 2),(2: B, e: 1),(3: C, e: 2)]
[(4: X, e: 2),(2: B, e: 1),(3: C, e: 2)]
[(4: X, e: 2),(3: A, e: 2),(3: C, e: 2)]
[(4: X, e: 2),(4: A, e: 2),(3: C, e: 2)]
[(4: X, e: 2),(5: A, e: 2),(3: C, e: 2)]
Tests run: 4, Failures: 0, Errors: 0, Skipped: 0, Time elapsed: 0.149 sec - in com.clearspring.analytics.stream.TestConcurrentStreamSummary
Running com.clearspring.analytics.stream.TestStreamSummary
Geometric:
0
1
2
3
4
[{24952:[{0:0}]},{18936:[{1:0}]},{13921:[{2:0}]},{10520:[{3:0}]},{7927:[{4:7}]},{5927:[{5:6}]},{4465:[{6:4369}]},{4451:[{11:4448},{8:4450}]},{4450:[{10:4448}]}]
[{1:[{X:0}]}]
[{2:[{X:0}]}]
[{2:[{X:0}]},{1:[{Y:0}]}]
[{2:[{X:0}]},{1:[{Y:0},{Z:0}]}]
[{2:[{X:0},{A:1}]},{1:[{Z:0}]}]
[{2:[{X:0},{A:1},{B:1}]}]
[{3:[{C:2}]},{2:[{A:1},{B:1}]}]
[{3:[{C:2},{X:2}]},{2:[{B:1}]}]
[{4:[{X:2}]},{3:[{C:2}]},{2:[{B:1}]}]
[{4:[{X:2}]},{3:[{C:2},{A:2}]}]
[{4:[{X:2},{A:2}]},{3:[{C:2}]}]
[{5:[{A:2}]},{4:[{X:2}]},{3:[{C:2}]}]
Insert with counts vs. single inserts:
[{45:[{D:15}]},{25:[{C:0}]},{21:[{A:20}]}]
[{45:[{D:15}]},{25:[{C:0}]},{21:[{A:20}]}]
Tests run: 8, Failures: 0, Errors: 0, Skipped: 0, Time elapsed: 0.112 sec - in com.clearspring.analytics.stream.TestStreamSummary

Results :

Tests run: 152, Failures: 0, Errors: 0, Skipped: 12

[INFO] 
[INFO] --- jacoco-maven-plugin:0.8.5:report (report) @ stream ---
[INFO] Loading execution data file /tmp/tmpcq4t73co/stream-lib/target/jacoco.exec
[INFO] Analyzed bundle 'stream-lib' with 154 classes
[INFO] ------------------------------------------------------------------------
[INFO] BUILD SUCCESS
[INFO] ------------------------------------------------------------------------
[INFO] Total time:  03:36 min
[INFO] Finished at: 2020-07-30T21:38:48Z
[INFO] ------------------------------------------------------------------------
