[INFO] Error stacktraces are turned on.
[INFO] Scanning for projects...
[WARNING] 
[WARNING] Some problems were encountered while building the effective model for com.maxmind.geoip2:geoip2:jar:2.3.1
[WARNING] 'build.plugins.plugin.(groupId:artifactId)' must be unique but found duplicate declaration of plugin org.apache.maven.plugins:maven-assembly-plugin @ line 173, column 15
[WARNING] 
[WARNING] It is highly recommended to fix these problems because they threaten the stability of your build.
[WARNING] 
[WARNING] For this reason, future Maven versions might no longer support building such malformed projects.
[WARNING] 
[INFO] 
[INFO] ---------------------< com.maxmind.geoip2:geoip2 >----------------------
[INFO] Building MaxMind GeoIP2 API 2.3.1
[INFO] --------------------------------[ jar ]---------------------------------
[INFO] 
[INFO] --- maven-enforcer-plugin:1.0:enforce (enforce-maven) @ geoip2 ---
[INFO] 
[INFO] --- exec-maven-plugin:1.4.0:exec (invoke build) @ geoip2 ---
Submodule 'src/test/resources/maxmind-db' (git://github.com/maxmind/MaxMind-DB.git) registered for path 'src/test/resources/maxmind-db'
Cloning into '/tmp/tmprvqdcf31/GeoIP2-java/src/test/resources/maxmind-db'...
Submodule path 'src/test/resources/maxmind-db': checked out 'a0fbc57bed19b78b1f4039da5e8a4eeab24570e1'
[INFO] 
[INFO] --- maven-resources-plugin:2.6:resources (default-resources) @ geoip2 ---
[INFO] Using 'UTF-8' encoding to copy filtered resources.
[INFO] skip non existing resourceDirectory /tmp/tmprvqdcf31/GeoIP2-java/src/main/resources
[INFO] 
[INFO] --- maven-compiler-plugin:3.3:compile (default-compile) @ geoip2 ---
[INFO] Changes detected - recompiling the module!
[INFO] Compiling 30 source files to /tmp/tmprvqdcf31/GeoIP2-java/target/classes
[INFO] 
[INFO] --- maven-resources-plugin:2.6:testResources (default-testResources) @ geoip2 ---
[INFO] Using 'UTF-8' encoding to copy filtered resources.
[INFO] Copying 39 resources
[INFO] 
[INFO] --- maven-compiler-plugin:3.3:testCompile (default-testCompile) @ geoip2 ---
[INFO] Changes detected - recompiling the module!
[INFO] Compiling 12 source files to /tmp/tmprvqdcf31/GeoIP2-java/target/test-classes
[INFO] /tmp/tmprvqdcf31/GeoIP2-java/src/test/java/com/maxmind/geoip2/InsightsTest.java: Some input files use or override a deprecated API.
[INFO] /tmp/tmprvqdcf31/GeoIP2-java/src/test/java/com/maxmind/geoip2/InsightsTest.java: Recompile with -Xlint:deprecation for details.
[INFO] 
[INFO] --- maven-surefire-plugin:2.12.4:test (default-test) @ geoip2 ---
[INFO] Surefire report directory: /tmp/tmprvqdcf31/GeoIP2-java/target/surefire-reports

-------------------------------------------------------
 T E S T S
-------------------------------------------------------
Running com.maxmind.geoip2.model.JsonTest
Tests run: 1, Failures: 0, Errors: 0, Skipped: 0, Time elapsed: 0.334 sec
Running com.maxmind.geoip2.ExceptionTest
Tests run: 16, Failures: 0, Errors: 0, Skipped: 0, Time elapsed: 0.098 sec
Running com.maxmind.geoip2.InsightsTest
Tests run: 8, Failures: 0, Errors: 0, Skipped: 0, Time elapsed: 0.083 sec
Running com.maxmind.geoip2.DatabaseReaderTest
Tests run: 17, Failures: 0, Errors: 0, Skipped: 0, Time elapsed: 0.106 sec
Running com.maxmind.geoip2.CountryTest
Tests run: 5, Failures: 0, Errors: 0, Skipped: 0, Time elapsed: 0.015 sec
Running com.maxmind.geoip2.NamesTest
Tests run: 6, Failures: 0, Errors: 0, Skipped: 0, Time elapsed: 0.044 sec
Running com.maxmind.geoip2.HostTest
Tests run: 1, Failures: 0, Errors: 0, Skipped: 0, Time elapsed: 0.005 sec
Running com.maxmind.geoip2.NullTest
Tests run: 1, Failures: 0, Errors: 0, Skipped: 0, Time elapsed: 0.005 sec
Running com.maxmind.geoip2.MeTest
Tests run: 3, Failures: 0, Errors: 0, Skipped: 0, Time elapsed: 0.029 sec

Results :

Tests run: 58, Failures: 0, Errors: 0, Skipped: 0

[INFO] 
[INFO] --- maven-jar-plugin:2.6:jar (default-jar) @ geoip2 ---
[INFO] Building jar: /tmp/tmprvqdcf31/GeoIP2-java/target/geoip2-2.3.1.jar
[INFO] 
[INFO] --- maven-assembly-plugin:3.2.0:single (default) @ geoip2 ---
[INFO] Reading assembly descriptor: src/assembly/bin.xml
[WARNING] The assembly descriptor contains a *nix-specific root-relative reference (starting with slash). This is not portable and might fail on Windows: /
[INFO] Building zip: /tmp/tmprvqdcf31/GeoIP2-java/target/geoip2-2.3.1-with-dependencies.zip
[INFO] Building jar: /tmp/tmprvqdcf31/GeoIP2-java/target/geoip2-2.3.1-jar-with-dependencies.jar
[INFO] 
[INFO] >>> maven-source-plugin:2.4:jar (attach-sources) > generate-sources @ geoip2 >>>
[INFO] 
[INFO] --- maven-enforcer-plugin:1.0:enforce (enforce-maven) @ geoip2 ---
[INFO] 
[INFO] --- exec-maven-plugin:1.4.0:exec (invoke build) @ geoip2 ---
[INFO] 
[INFO] <<< maven-source-plugin:2.4:jar (attach-sources) < generate-sources @ geoip2 <<<
[INFO] 
[INFO] 
[INFO] --- maven-source-plugin:2.4:jar (attach-sources) @ geoip2 ---
[INFO] Skipping source per configuration.
[INFO] ------------------------------------------------------------------------
[INFO] BUILD SUCCESS
[INFO] ------------------------------------------------------------------------
[INFO] Total time:  12.366 s
[INFO] Finished at: 2020-07-30T18:28:31Z
[INFO] ------------------------------------------------------------------------
