[INFO] Error stacktraces are turned on.
[INFO] Scanning for projects...
[INFO] 
[INFO] -----------------------< com.github.jnr:jnr-ffi >-----------------------
[INFO] Building jnr-ffi 2.1.15
[INFO] --------------------------------[ jar ]---------------------------------
[INFO] 
[INFO] --- maven-enforcer-plugin:1.0:enforce (enforce-maven) @ jnr-ffi ---
[INFO] 
[INFO] --- maven-resources-plugin:2.6:resources (default-resources) @ jnr-ffi ---
[INFO] Using 'UTF-8' encoding to copy filtered resources.
[INFO] skip non existing resourceDirectory /tmp/tmpyrt1w6_2/jnr-ffi/src/main/resources
[INFO] 
[INFO] --- maven-compiler-plugin:3.1:compile (default-compile) @ jnr-ffi ---
[INFO] Changes detected - recompiling the module!
[INFO] Compiling 282 source files to /tmp/tmpyrt1w6_2/jnr-ffi/target/classes
[WARNING] /tmp/tmpyrt1w6_2/jnr-ffi/src/main/java/jnr/ffi/mapper/FunctionMapper.java: Some input files use or override a deprecated API.
[WARNING] /tmp/tmpyrt1w6_2/jnr-ffi/src/main/java/jnr/ffi/mapper/FunctionMapper.java: Recompile with -Xlint:deprecation for details.
[WARNING] /tmp/tmpyrt1w6_2/jnr-ffi/src/main/java/jnr/ffi/provider/jffi/InvokerUtil.java: Some input files use unchecked or unsafe operations.
[WARNING] /tmp/tmpyrt1w6_2/jnr-ffi/src/main/java/jnr/ffi/provider/jffi/InvokerUtil.java: Recompile with -Xlint:unchecked for details.
[INFO] 
[INFO] --- maven-bundle-plugin:2.3.7:manifest (bundle-manifest) @ jnr-ffi ---
[INFO] 
[INFO] --- maven-resources-plugin:2.6:testResources (default-testResources) @ jnr-ffi ---
[INFO] Using 'UTF-8' encoding to copy filtered resources.
[INFO] skip non existing resourceDirectory /tmp/tmpyrt1w6_2/jnr-ffi/src/test/resources
[INFO] 
[INFO] --- maven-compiler-plugin:3.1:testCompile (default-testCompile) @ jnr-ffi ---
[INFO] Changes detected - recompiling the module!
[INFO] Compiling 36 source files to /tmp/tmpyrt1w6_2/jnr-ffi/target/test-classes
[WARNING] /tmp/tmpyrt1w6_2/jnr-ffi/src/test/java/jnr/ffi/byref/PointerByReferenceTest.java: Some input files use or override a deprecated API.
[WARNING] /tmp/tmpyrt1w6_2/jnr-ffi/src/test/java/jnr/ffi/byref/PointerByReferenceTest.java: Recompile with -Xlint:deprecation for details.
[INFO] 
[INFO] --- maven-antrun-plugin:1.1:run (default) @ jnr-ffi ---
[INFO] Executing tasks
     [exec] cc -O2 -fno-omit-frame-pointer -fno-strict-aliasing -W -Wall -Wno-unused -Wno-parentheses -I"/tmp/tmpyrt1w6_2/jnr-ffi/target" -fPIC -D_REENTRANT -c libtest/ClosureTest.c -o "/tmp/tmpyrt1w6_2/jnr-ffi/target/libtest/ClosureTest.o"
     [exec] cc -O2 -fno-omit-frame-pointer -fno-strict-aliasing -W -Wall -Wno-unused -Wno-parentheses -I"/tmp/tmpyrt1w6_2/jnr-ffi/target" -fPIC -D_REENTRANT -c libtest/Benchmark.c -o "/tmp/tmpyrt1w6_2/jnr-ffi/target/libtest/Benchmark.o"
     [exec] cc -O2 -fno-omit-frame-pointer -fno-strict-aliasing -W -Wall -Wno-unused -Wno-parentheses -I"/tmp/tmpyrt1w6_2/jnr-ffi/target" -fPIC -D_REENTRANT -c libtest/ReferenceTest.c -o "/tmp/tmpyrt1w6_2/jnr-ffi/target/libtest/ReferenceTest.o"
     [exec] cc -O2 -fno-omit-frame-pointer -fno-strict-aliasing -W -Wall -Wno-unused -Wno-parentheses -I"/tmp/tmpyrt1w6_2/jnr-ffi/target" -fPIC -D_REENTRANT -c libtest/GlobalVariable.c -o "/tmp/tmpyrt1w6_2/jnr-ffi/target/libtest/GlobalVariable.o"
     [exec] cc -O2 -fno-omit-frame-pointer -fno-strict-aliasing -W -Wall -Wno-unused -Wno-parentheses -I"/tmp/tmpyrt1w6_2/jnr-ffi/target" -fPIC -D_REENTRANT -c libtest/PointerTest.c -o "/tmp/tmpyrt1w6_2/jnr-ffi/target/libtest/PointerTest.o"
     [exec] cc -O2 -fno-omit-frame-pointer -fno-strict-aliasing -W -Wall -Wno-unused -Wno-parentheses -I"/tmp/tmpyrt1w6_2/jnr-ffi/target" -fPIC -D_REENTRANT -c libtest/BufferTest.c -o "/tmp/tmpyrt1w6_2/jnr-ffi/target/libtest/BufferTest.o"
     [exec] cc -O2 -fno-omit-frame-pointer -fno-strict-aliasing -W -Wall -Wno-unused -Wno-parentheses -I"/tmp/tmpyrt1w6_2/jnr-ffi/target" -fPIC -D_REENTRANT -c libtest/LastErrorTest.c -o "/tmp/tmpyrt1w6_2/jnr-ffi/target/libtest/LastErrorTest.o"
     [exec] cc -O2 -fno-omit-frame-pointer -fno-strict-aliasing -W -Wall -Wno-unused -Wno-parentheses -I"/tmp/tmpyrt1w6_2/jnr-ffi/target" -fPIC -D_REENTRANT -c libtest/StringTest.c -o "/tmp/tmpyrt1w6_2/jnr-ffi/target/libtest/StringTest.o"
     [exec] cc -O2 -fno-omit-frame-pointer -fno-strict-aliasing -W -Wall -Wno-unused -Wno-parentheses -I"/tmp/tmpyrt1w6_2/jnr-ffi/target" -fPIC -D_REENTRANT -c libtest/NumberTest.c -o "/tmp/tmpyrt1w6_2/jnr-ffi/target/libtest/NumberTest.o"
     [exec] cc -O2 -fno-omit-frame-pointer -fno-strict-aliasing -W -Wall -Wno-unused -Wno-parentheses -I"/tmp/tmpyrt1w6_2/jnr-ffi/target" -fPIC -D_REENTRANT -c libtest/StructTest.c -o "/tmp/tmpyrt1w6_2/jnr-ffi/target/libtest/StructTest.o"
     [exec] cc -o /tmp/tmpyrt1w6_2/jnr-ffi/target/libtest.so -shared -Wl,-O1 -Wl,-soname,libtest.so  /tmp/tmpyrt1w6_2/jnr-ffi/target/libtest/ClosureTest.o  /tmp/tmpyrt1w6_2/jnr-ffi/target/libtest/Benchmark.o  /tmp/tmpyrt1w6_2/jnr-ffi/target/libtest/ReferenceTest.o  /tmp/tmpyrt1w6_2/jnr-ffi/target/libtest/GlobalVariable.o  /tmp/tmpyrt1w6_2/jnr-ffi/target/libtest/PointerTest.o  /tmp/tmpyrt1w6_2/jnr-ffi/target/libtest/BufferTest.o  /tmp/tmpyrt1w6_2/jnr-ffi/target/libtest/LastErrorTest.o  /tmp/tmpyrt1w6_2/jnr-ffi/target/libtest/StringTest.o  /tmp/tmpyrt1w6_2/jnr-ffi/target/libtest/NumberTest.o  /tmp/tmpyrt1w6_2/jnr-ffi/target/libtest/StructTest.o -lm
[INFO] Executed tasks
[INFO] 
[INFO] --- maven-surefire-plugin:2.4.2:test (default-test) @ jnr-ffi ---
[INFO] Surefire report directory: /tmp/tmpyrt1w6_2/jnr-ffi/target/surefire-reports

-------------------------------------------------------
 T E S T S
-------------------------------------------------------
Running jnr.ffi.NumberTest
Tests run: 17, Failures: 0, Errors: 0, Skipped: 0, Time elapsed: 0.572 sec
Running jnr.ffi.EnumTest
Tests run: 4, Failures: 0, Errors: 0, Skipped: 0, Time elapsed: 0.139 sec
Running jnr.ffi.ResultConverterTest
Tests run: 2, Failures: 0, Errors: 0, Skipped: 0, Time elapsed: 0.152 sec
Running jnr.ffi.BufferTest
Tests run: 25, Failures: 0, Errors: 0, Skipped: 0, Time elapsed: 0.182 sec
Running jnr.ffi.struct.StructureTest
Tests run: 23, Failures: 0, Errors: 0, Skipped: 0, Time elapsed: 0.195 sec
Running jnr.ffi.byref.PointerByReferenceTest
Tests run: 4, Failures: 0, Errors: 0, Skipped: 0, Time elapsed: 0.18 sec
Running jnr.ffi.PointerTest
Tests run: 27, Failures: 0, Errors: 0, Skipped: 0, Time elapsed: 0.181 sec
Running jnr.ffi.VarargsTest
Tests run: 3, Failures: 0, Errors: 0, Skipped: 0, Time elapsed: 0.134 sec
Running jnr.ffi.LibraryLoaderTest
Tests run: 8, Failures: 0, Errors: 0, Skipped: 0, Time elapsed: 0.149 sec
Running jnr.ffi.ObjectReferenceManagerTest
Tests run: 4, Failures: 0, Errors: 0, Skipped: 0, Time elapsed: 0.131 sec
Running jnr.ffi.LibraryTest
Tests run: 2, Failures: 0, Errors: 0, Skipped: 0, Time elapsed: 0.16 sec
Running jnr.ffi.StringTest
Tests run: 7, Failures: 0, Errors: 0, Skipped: 0, Time elapsed: 0.159 sec
Running jnr.ffi.MemoryIOTest
Tests run: 43, Failures: 0, Errors: 0, Skipped: 0, Time elapsed: 0.169 sec
Running jnr.ffi.StringArrayTest
Tests run: 6, Failures: 0, Errors: 0, Skipped: 0, Time elapsed: 0.146 sec
Running jnr.ffi.mapper.CachingTypeMapperTest
Tests run: 7, Failures: 0, Errors: 0, Skipped: 0, Time elapsed: 0.056 sec
Running jnr.ffi.byref.AddressByReferenceTest
Tests run: 4, Failures: 0, Errors: 0, Skipped: 0, Time elapsed: 0.157 sec
Running jnr.ffi.DelegateTest
Tests run: 20, Failures: 0, Errors: 0, Skipped: 0, Time elapsed: 0.292 sec
Running jnr.ffi.byref.ByteByReferenceTest
Tests run: 4, Failures: 0, Errors: 0, Skipped: 0, Time elapsed: 0.162 sec
Running jnr.ffi.InvocationTest
Tests run: 1, Failures: 0, Errors: 0, Skipped: 0, Time elapsed: 0.166 sec
Running jnr.ffi.byref.IntByReferenceTest
Tests run: 4, Failures: 0, Errors: 0, Skipped: 0, Time elapsed: 0.198 sec
Running jnr.ffi.mapper.AnnotatedMappedTypeTest
Tests run: 2, Failures: 0, Errors: 0, Skipped: 0, Time elapsed: 0.144 sec
Running jnr.ffi.provider.InterfaceScannerTest
Tests run: 1, Failures: 0, Errors: 0, Skipped: 0, Time elapsed: 0.021 sec
Running jnr.ffi.TypeDefinitionTest
Tests run: 3, Failures: 0, Errors: 0, Skipped: 0, Time elapsed: 0.191 sec
Running jnr.ffi.struct.EnumTest
Tests run: 10, Failures: 0, Errors: 0, Skipped: 0, Time elapsed: 0.168 sec
Running jnr.ffi.GlobalVariableTest
Tests run: 3, Failures: 0, Errors: 0, Skipped: 0, Time elapsed: 0.185 sec
Running jnr.ffi.struct.AlignmentTest
Tests run: 11, Failures: 0, Errors: 0, Skipped: 0, Time elapsed: 0.163 sec
Running jnr.ffi.struct.ArrayTest
Tests run: 1, Failures: 0, Errors: 0, Skipped: 0, Time elapsed: 0.14 sec
Running jnr.ffi.struct.AsciiStringFieldTest
Tests run: 1, Failures: 0, Errors: 0, Skipped: 0, Time elapsed: 0.152 sec
Running jnr.ffi.struct.StructLayoutTest
Tests run: 20, Failures: 0, Errors: 0, Skipped: 0, Time elapsed: 0.194 sec
Running jnr.ffi.struct.UnionTest
Tests run: 8, Failures: 0, Errors: 0, Skipped: 0, Time elapsed: 0.115 sec
Running jnr.ffi.struct.UTF8StringFieldTest
Tests run: 2, Failures: 0, Errors: 0, Skipped: 0, Time elapsed: 0.134 sec
Running jnr.ffi.ArrayTest
Tests run: 8, Failures: 0, Errors: 0, Skipped: 0, Time elapsed: 0.192 sec
Running jnr.ffi.LastErrorTest
Tests run: 1, Failures: 0, Errors: 0, Skipped: 0, Time elapsed: 0.175 sec
Running jnr.ffi.PlatformTest
Tests run: 3, Failures: 0, Errors: 0, Skipped: 0, Time elapsed: 0.018 sec
Running jnr.ffi.struct.PaddingTest
Tests run: 1, Failures: 0, Errors: 0, Skipped: 0, Time elapsed: 0.114 sec

Results :

Tests run: 290, Failures: 0, Errors: 0, Skipped: 0

[INFO] 
[INFO] --- maven-surefire-plugin:2.4.2:test (proxy implementation) @ jnr-ffi ---
[INFO] Surefire report directory: /tmp/tmpyrt1w6_2/jnr-ffi/target/surefire-reports

-------------------------------------------------------
 T E S T S
-------------------------------------------------------
Running jnr.ffi.NumberTest
Tests run: 17, Failures: 0, Errors: 0, Skipped: 0, Time elapsed: 0.774 sec
Running jnr.ffi.EnumTest
Tests run: 4, Failures: 0, Errors: 0, Skipped: 0, Time elapsed: 0.088 sec
Running jnr.ffi.ResultConverterTest
Tests run: 2, Failures: 0, Errors: 0, Skipped: 0, Time elapsed: 0.084 sec
Running jnr.ffi.BufferTest
Tests run: 25, Failures: 0, Errors: 0, Skipped: 0, Time elapsed: 0.107 sec
Running jnr.ffi.struct.StructureTest
Tests run: 23, Failures: 0, Errors: 0, Skipped: 0, Time elapsed: 0.125 sec
Running jnr.ffi.byref.PointerByReferenceTest
Tests run: 4, Failures: 0, Errors: 0, Skipped: 0, Time elapsed: 0.094 sec
Running jnr.ffi.PointerTest
Tests run: 27, Failures: 0, Errors: 0, Skipped: 0, Time elapsed: 0.145 sec
Running jnr.ffi.VarargsTest
Tests run: 3, Failures: 0, Errors: 0, Skipped: 0, Time elapsed: 0.107 sec
Running jnr.ffi.LibraryLoaderTest
Tests run: 8, Failures: 0, Errors: 0, Skipped: 0, Time elapsed: 0.079 sec
Running jnr.ffi.ObjectReferenceManagerTest
Tests run: 4, Failures: 0, Errors: 0, Skipped: 0, Time elapsed: 0.041 sec
Running jnr.ffi.LibraryTest
Tests run: 2, Failures: 0, Errors: 0, Skipped: 0, Time elapsed: 0.083 sec
Running jnr.ffi.StringTest
Tests run: 7, Failures: 0, Errors: 0, Skipped: 0, Time elapsed: 0.11 sec
Running jnr.ffi.MemoryIOTest
Tests run: 43, Failures: 0, Errors: 0, Skipped: 0, Time elapsed: 0.125 sec
Running jnr.ffi.StringArrayTest
Tests run: 6, Failures: 0, Errors: 0, Skipped: 0, Time elapsed: 0.101 sec
Running jnr.ffi.mapper.CachingTypeMapperTest
Tests run: 7, Failures: 0, Errors: 0, Skipped: 0, Time elapsed: 0.057 sec
Running jnr.ffi.byref.AddressByReferenceTest
Tests run: 4, Failures: 0, Errors: 0, Skipped: 0, Time elapsed: 0.101 sec
Running jnr.ffi.DelegateTest
Tests run: 20, Failures: 0, Errors: 0, Skipped: 0, Time elapsed: 0.336 sec
Running jnr.ffi.byref.ByteByReferenceTest
Tests run: 4, Failures: 0, Errors: 0, Skipped: 0, Time elapsed: 0.094 sec
Running jnr.ffi.InvocationTest
Tests run: 1, Failures: 0, Errors: 0, Skipped: 0, Time elapsed: 0.31 sec
Running jnr.ffi.byref.IntByReferenceTest
Tests run: 4, Failures: 0, Errors: 0, Skipped: 0, Time elapsed: 0.09 sec
Running jnr.ffi.mapper.AnnotatedMappedTypeTest
Tests run: 2, Failures: 0, Errors: 0, Skipped: 0, Time elapsed: 0.093 sec
Running jnr.ffi.provider.InterfaceScannerTest
Tests run: 1, Failures: 0, Errors: 0, Skipped: 0, Time elapsed: 0.02 sec
Running jnr.ffi.TypeDefinitionTest
Tests run: 3, Failures: 0, Errors: 0, Skipped: 0, Time elapsed: 0.092 sec
Running jnr.ffi.struct.EnumTest
Tests run: 10, Failures: 0, Errors: 0, Skipped: 0, Time elapsed: 0.104 sec
Running jnr.ffi.GlobalVariableTest
Tests run: 3, Failures: 0, Errors: 0, Skipped: 0, Time elapsed: 0.127 sec
Running jnr.ffi.struct.AlignmentTest
Tests run: 11, Failures: 0, Errors: 0, Skipped: 0, Time elapsed: 0.082 sec
Running jnr.ffi.struct.ArrayTest
Tests run: 1, Failures: 0, Errors: 0, Skipped: 0, Time elapsed: 0.086 sec
Running jnr.ffi.struct.AsciiStringFieldTest
Tests run: 1, Failures: 0, Errors: 0, Skipped: 0, Time elapsed: 0.11 sec
Running jnr.ffi.struct.StructLayoutTest
Tests run: 20, Failures: 0, Errors: 0, Skipped: 0, Time elapsed: 0.108 sec
Running jnr.ffi.struct.UnionTest
Tests run: 8, Failures: 0, Errors: 0, Skipped: 0, Time elapsed: 0.066 sec
Running jnr.ffi.struct.UTF8StringFieldTest
Tests run: 2, Failures: 0, Errors: 0, Skipped: 0, Time elapsed: 0.09 sec
Running jnr.ffi.ArrayTest
Tests run: 8, Failures: 0, Errors: 0, Skipped: 0, Time elapsed: 0.111 sec
Running jnr.ffi.LastErrorTest
Tests run: 1, Failures: 0, Errors: 0, Skipped: 0, Time elapsed: 0.111 sec
Running jnr.ffi.PlatformTest
Tests run: 3, Failures: 0, Errors: 0, Skipped: 0, Time elapsed: 0.023 sec
Running jnr.ffi.struct.PaddingTest
Tests run: 1, Failures: 0, Errors: 0, Skipped: 0, Time elapsed: 0.052 sec

Results :

Tests run: 290, Failures: 0, Errors: 0, Skipped: 0

[INFO] 
[INFO] --- maven-jar-plugin:2.3.1:jar (default-jar) @ jnr-ffi ---
[INFO] Building jar: /tmp/tmpyrt1w6_2/jnr-ffi/target/jnr-ffi-2.1.15.jar
[INFO] 
[INFO] --- maven-javadoc-plugin:2.9.1:jar (attach-javadocs) @ jnr-ffi ---
[INFO] Skipping javadoc generation
[INFO] 
[INFO] >>> maven-source-plugin:2.2.1:jar (attach-sources) > generate-sources @ jnr-ffi >>>
[INFO] 
[INFO] --- maven-enforcer-plugin:1.0:enforce (enforce-maven) @ jnr-ffi ---
[INFO] 
[INFO] <<< maven-source-plugin:2.2.1:jar (attach-sources) < generate-sources @ jnr-ffi <<<
[INFO] 
[INFO] 
[INFO] --- maven-source-plugin:2.2.1:jar (attach-sources) @ jnr-ffi ---
[INFO] Skipping source per configuration.
[INFO] 
[INFO] --- maven-assembly-plugin:3.2.0:single (default) @ jnr-ffi ---
[INFO] Building jar: /tmp/tmpyrt1w6_2/jnr-ffi/target/jnr-ffi-2.1.15-jar-with-dependencies.jar
[INFO] ------------------------------------------------------------------------
[INFO] BUILD SUCCESS
[INFO] ------------------------------------------------------------------------
[INFO] Total time:  37.363 s
[INFO] Finished at: 2020-07-30T18:41:44Z
[INFO] ------------------------------------------------------------------------
