[INFO] Error stacktraces are turned on.
[INFO] Scanning for projects...
[WARNING] 
[WARNING] Some problems were encountered while building the effective model for com.siemens.oss.industrialbenchmark:industrialbenchmark:jar:1.1.2-SNAPSHOT
[WARNING] 'build.plugins.plugin.(groupId:artifactId)' must be unique but found duplicate declaration of plugin org.apache.maven.plugins:maven-assembly-plugin @ line 199, column 15
[WARNING] 
[WARNING] It is highly recommended to fix these problems because they threaten the stability of your build.
[WARNING] 
[WARNING] For this reason, future Maven versions might no longer support building such malformed projects.
[WARNING] 
[INFO] Inspecting build with total of 1 modules...
[INFO] Installing Nexus Staging features:
[INFO]   ... total of 1 executions of maven-deploy-plugin replaced with nexus-staging-maven-plugin
[INFO] 
[INFO] ------< com.siemens.oss.industrialbenchmark:industrialbenchmark >-------
[INFO] Building Industrial Benchmark 1.1.2-SNAPSHOT
[INFO] --------------------------------[ jar ]---------------------------------
[INFO] 
[INFO] --- buildnumber-maven-plugin:1.1:create (default) @ industrialbenchmark ---
[INFO] Checking for local modifications: skipped.
[INFO] Updating project files from SCM: skipped.
[INFO] Executing: /bin/sh -c cd /tmp/tmp1v2xti0_/industrialbenchmark/industrial_benchmark_java && git rev-parse --verify HEAD
[INFO] Working directory: /tmp/tmp1v2xti0_/industrialbenchmark/industrial_benchmark_java
[INFO] Storing buildNumber: 0d2533f772bb0f9a374d6157f6798c33fa550c9a at timestamp: 1596143333632
[INFO] Executing: /bin/sh -c cd /tmp/tmp1v2xti0_/industrialbenchmark/industrial_benchmark_java && git rev-parse --verify HEAD
[INFO] Working directory: /tmp/tmp1v2xti0_/industrialbenchmark/industrial_benchmark_java
[INFO] Storing buildScmBranch: UNKNOWN
[INFO] 
[INFO] --- jacoco-maven-plugin:0.8.5:prepare-agent (default) @ industrialbenchmark ---
[INFO] argLine set to -javaagent:/home/jdbl/.m2/repository/org/jacoco/org.jacoco.agent/0.8.5/org.jacoco.agent-0.8.5-runtime.jar=destfile=/tmp/tmp1v2xti0_/industrialbenchmark/industrial_benchmark_java/target/jacoco.exec
[INFO] 
[INFO] --- maven-resources-plugin:2.6:resources (default-resources) @ industrialbenchmark ---
[INFO] Using 'UTF-8' encoding to copy filtered resources.
[INFO] Copying 3 resources
[INFO] 
[INFO] --- maven-compiler-plugin:2.3.2:compile (default-compile) @ industrialbenchmark ---
[INFO] Compiling 27 source files to /tmp/tmp1v2xti0_/industrialbenchmark/industrial_benchmark_java/target/classes
[INFO] 
[INFO] --- maven-resources-plugin:2.6:testResources (default-testResources) @ industrialbenchmark ---
[INFO] Using 'UTF-8' encoding to copy filtered resources.
[INFO] Copying 4 resources
[INFO] 
[INFO] --- maven-compiler-plugin:2.3.2:testCompile (default-testCompile) @ industrialbenchmark ---
[INFO] Compiling 11 source files to /tmp/tmp1v2xti0_/industrialbenchmark/industrial_benchmark_java/target/test-classes
[INFO] 
[INFO] --- maven-surefire-plugin:2.19.1:test (default-test) @ industrialbenchmark ---
[INFO] Surefire report directory: /tmp/tmp1v2xti0_/industrialbenchmark/industrial_benchmark_java/target/surefire-reports

-------------------------------------------------------
 T E S T S
-------------------------------------------------------
Running com.siemens.industrialbenchmark.state.TestStateDescription
Tests run: 3, Failures: 0, Errors: 0, Skipped: 0, Time elapsed: 1.48 sec - in com.siemens.industrialbenchmark.state.TestStateDescription
Running com.siemens.industrialbenchmark.state.TestState
gain: actual=NaN, expected=NaN
Tests run: 3, Failures: 0, Errors: 0, Skipped: 0, Time elapsed: 0 sec - in com.siemens.industrialbenchmark.state.TestState
Running com.siemens.industrialbenchmark.properties.TestProperties
Tests run: 2, Failures: 0, Errors: 0, Skipped: 0, Time elapsed: 0 sec - in com.siemens.industrialbenchmark.properties.TestProperties
Running com.siemens.industrialbenchmark.util.RandomNumberExpectedValueTest
Tests run: 1, Failures: 0, Errors: 0, Skipped: 0, Time elapsed: 1.954 sec - in com.siemens.industrialbenchmark.util.RandomNumberExpectedValueTest
Running com.siemens.industrialbenchmark.setpointgen.TestSetPointRepeat
Tests run: 2, Failures: 0, Errors: 0, Skipped: 0, Time elapsed: 0.033 sec - in com.siemens.industrialbenchmark.setpointgen.TestSetPointRepeat
Running com.siemens.industialbenchmark.dynamics.TestDynamics
init o-state: {SetPoint=100.0, Velocity=87.36619353294373, Gain=88.34930181503296, Shift=43.870399475097656, Fatigue=0.0, RewardTotal=-2232.2205966860906, Consumption=2232.2205966860906}
init m-state: {OPERATIONALCOST_0=1649.8533935546875, OPERATIONALCOST_1=1856.9007568359375, OPERATIONALCOST_2=2112.831298828125, OPERATIONALCOST_3=2610.413818359375, OPERATIONALCOST_4=2737.749267578125, OPERATIONALCOST_5=3112.36083984375, OPERATIONALCOST_6=2926.410400390625, OPERATIONALCOST_7=3063.731201171875, OPERATIONALCOST_8=2409.68359375, OPERATIONALCOST_9=2215.825439453125, CurrentOperationalCost=2215.825439453125, FatigueLatent2=0.0, FatigueLatent1=0.017318189857096794, EffectiveShift=-1.3064799308776855, MisCalibrationDomain=-1.0, MisCalibrationSystemResponse=-1.0, MisCalibrationPhiIdx=6.0, EffectiveActionGainBeta=0.06214549012867018, EffectiveActionVelocityAlpha=0.0056927950341595585, RewardConsumption=-2232.2205966860906, RewardFatigue=-0.0, MisCalibration=-0.8351191282272339, RewardConsumptionWeighted=-2232.2205966860906, RewardFatigueWeighted=-0.0, RandomSeed=1.824063817006092E159, Consumption=2232.2205966860906, SetPoint=100.0, Velocity=87.36619353294373, Gain=88.34930181503296, Shift=43.870399475097656, Fatigue=0.0, FatigueBase=0.0, OperationalCostsConv=2184.503268854114, RewardTotal=-2232.2205966860906, SetPoint=100.0, SetPointLastSequenceSteps=42.0, SetPointCurrentSteps=0.0, SetPointChangeRatePerStep=-0.483648820093187}
last o-state 1st trajectory: {SetPoint=100.0, Velocity=65.71680295467377, Gain=33.30097198486328, Shift=14.956571578979492, Fatigue=32.95569853909651, RewardTotal=-442.35017021202697, Consumption=343.48307459473745}
last o-state 2nd trajectory: {SetPoint=100.0, Velocity=65.71680295467377, Gain=33.30097198486328, Shift=14.956571578979492, Fatigue=32.95569853909651, RewardTotal=-442.35017021202697, Consumption=343.48307459473745}
last m-state 1st trajectory: {OPERATIONALCOST_0=349.86102294921875, OPERATIONALCOST_1=287.056396484375, OPERATIONALCOST_2=299.193359375, OPERATIONALCOST_3=282.29754638671875, OPERATIONALCOST_4=242.17196655273438, OPERATIONALCOST_5=245.0734405517578, OPERATIONALCOST_6=275.5618896484375, OPERATIONALCOST_7=264.3773498535156, OPERATIONALCOST_8=224.1592254638672, OPERATIONALCOST_9=235.3788604736328, CurrentOperationalCost=235.3788604736328, FatigueLatent2=0.014651966481525554, FatigueLatent1=0.021104920513625638, EffectiveShift=-1.5, MisCalibrationDomain=-1.0, MisCalibrationSystemResponse=-1.0, MisCalibrationPhiIdx=6.0, EffectiveActionGainBeta=0.5016048454428218, EffectiveActionVelocityAlpha=0.00506536618842514, RewardConsumption=-343.48307459473745, RewardFatigue=-32.95569853909651, MisCalibration=-1.2303496599197388, RewardConsumptionWeighted=-343.48307459473745, RewardFatigueWeighted=-98.86709561728952, RandomSeed=3.868854744072193E-108, Consumption=343.48307459473745, SetPoint=100.0, Velocity=65.71680295467377, Gain=33.30097198486328, Shift=14.956571578979492, Fatigue=32.95569853909651, FatigueBase=58.90839721055828, OperationalCostsConv=292.03274586624775, RewardTotal=-442.35017021202697, SetPoint=100.0, SetPointLastSequenceSteps=42.0, SetPointCurrentSteps=0.0, SetPointChangeRatePerStep=-0.483648820093187}
last m-state 2nd trajectory: {OPERATIONALCOST_0=349.86102294921875, OPERATIONALCOST_1=287.056396484375, OPERATIONALCOST_2=299.193359375, OPERATIONALCOST_3=282.29754638671875, OPERATIONALCOST_4=242.17196655273438, OPERATIONALCOST_5=245.0734405517578, OPERATIONALCOST_6=275.5618896484375, OPERATIONALCOST_7=264.3773498535156, OPERATIONALCOST_8=224.1592254638672, OPERATIONALCOST_9=235.3788604736328, CurrentOperationalCost=235.3788604736328, FatigueLatent2=0.014651966481525554, FatigueLatent1=0.021104920513625638, EffectiveShift=-1.5, MisCalibrationDomain=-1.0, MisCalibrationSystemResponse=-1.0, MisCalibrationPhiIdx=6.0, EffectiveActionGainBeta=0.5016048454428218, EffectiveActionVelocityAlpha=0.00506536618842514, RewardConsumption=-343.48307459473745, RewardFatigue=-32.95569853909651, MisCalibration=-1.2303496599197388, RewardConsumptionWeighted=-343.48307459473745, RewardFatigueWeighted=-98.86709561728952, RandomSeed=3.868854744072193E-108, Consumption=343.48307459473745, SetPoint=100.0, Velocity=65.71680295467377, Gain=33.30097198486328, Shift=14.956571578979492, Fatigue=32.95569853909651, FatigueBase=58.90839721055828, OperationalCostsConv=292.03274586624775, RewardTotal=-442.35017021202697, SetPoint=100.0, SetPointLastSequenceSteps=42.0, SetPointCurrentSteps=0.0, SetPointChangeRatePerStep=-0.483648820093187}
Tests run: 2, Failures: 0, Errors: 0, Skipped: 0, Time elapsed: 2.066 sec - in com.siemens.industialbenchmark.dynamics.TestDynamics
Running com.siemens.industialbenchmark.dynamics.TestAction
Tests run: 1, Failures: 0, Errors: 0, Skipped: 0, Time elapsed: 0.181 sec - in com.siemens.industialbenchmark.dynamics.TestAction
Running com.siemens.industialbenchmark.dynamics.DynamicsRegressionTest
Tests run: 1, Failures: 0, Errors: 0, Skipped: 0, Time elapsed: 0 sec - in com.siemens.industialbenchmark.dynamics.DynamicsRegressionTest
Running com.siemens.industialbenchmark.dynamics.goldstone.TestGoldstoneEnvironment
Goldstone environment class regression test: read 1989 rows.
Tests run: 1, Failures: 0, Errors: 0, Skipped: 0, Time elapsed: 0.036 sec - in com.siemens.industialbenchmark.dynamics.goldstone.TestGoldstoneEnvironment
Running com.siemens.industialbenchmark.dynamics.goldstone.TestGoldstoneReward
Goldstone reward regression test: read 4001 rows and 16 columns.
Goldstone reward regression test: performed tests: 64016
Tests run: 1, Failures: 0, Errors: 0, Skipped: 0, Time elapsed: 0.21 sec - in com.siemens.industialbenchmark.dynamics.goldstone.TestGoldstoneReward
Running com.siemens.industialbenchmark.dynamics.goldstone.TestGoldstoneDynamics
Goldstone dynamics class regression test: read 1989 rows.
Tests run: 1, Failures: 0, Errors: 0, Skipped: 0, Time elapsed: 0.009 sec - in com.siemens.industialbenchmark.dynamics.goldstone.TestGoldstoneDynamics

Results :

Tests run: 18, Failures: 0, Errors: 0, Skipped: 0

[INFO] 
[INFO] --- jacoco-maven-plugin:0.8.5:report (report) @ industrialbenchmark ---
[INFO] Loading execution data file /tmp/tmp1v2xti0_/industrialbenchmark/industrial_benchmark_java/target/jacoco.exec
[INFO] Analyzed bundle 'Industrial Benchmark' with 41 classes
[INFO] ------------------------------------------------------------------------
[INFO] BUILD SUCCESS
[INFO] ------------------------------------------------------------------------
[INFO] Total time:  30.702 s
[INFO] Finished at: 2020-07-30T21:09:07Z
[INFO] ------------------------------------------------------------------------
