[INFO] Error stacktraces are turned on.
[INFO] Scanning for projects...
[INFO] 
[INFO] ---------------------< cn.devkits.client:devkits >----------------------
[INFO] Building DevKits 1.0.1
[INFO] --------------------------------[ jar ]---------------------------------
[INFO] 
[INFO] --- jacoco-maven-plugin:0.8.5:prepare-agent (default) @ devkits ---
[INFO] argLine set to -javaagent:/home/jdbl/.m2/repository/org/jacoco/org.jacoco.agent/0.8.5/org.jacoco.agent-0.8.5-runtime.jar=destfile=/tmp/tmpfbfw550k/DevKits/target/jacoco.exec
[INFO] 
[INFO] --- maven-resources-plugin:2.6:resources (default-resources) @ devkits ---
[INFO] Using 'UTF-8' encoding to copy filtered resources.
[INFO] Copying 11 resources
[INFO] 
[INFO] --- maven-compiler-plugin:3.1:compile (default-compile) @ devkits ---
[INFO] Changes detected - recompiling the module!
[INFO] Compiling 73 source files to /tmp/tmpfbfw550k/DevKits/target/classes
[WARNING] /tmp/tmpfbfw550k/DevKits/src/main/java/cn/devkits/client/tray/frame/OsInfoDetailFrame.java: /tmp/tmpfbfw550k/DevKits/src/main/java/cn/devkits/client/tray/frame/OsInfoDetailFrame.java uses or overrides a deprecated API.
[WARNING] /tmp/tmpfbfw550k/DevKits/src/main/java/cn/devkits/client/tray/frame/OsInfoDetailFrame.java: Recompile with -Xlint:deprecation for details.
[WARNING] /tmp/tmpfbfw550k/DevKits/src/main/java/cn/devkits/client/asyn/DKAsyncService.java: Some input files use unchecked or unsafe operations.
[WARNING] /tmp/tmpfbfw550k/DevKits/src/main/java/cn/devkits/client/asyn/DKAsyncService.java: Recompile with -Xlint:unchecked for details.
[INFO] 
[INFO] --- maven-resources-plugin:2.6:testResources (default-testResources) @ devkits ---
[INFO] Using 'UTF-8' encoding to copy filtered resources.
[INFO] Copying 1 resource
[INFO] 
[INFO] --- maven-compiler-plugin:3.1:testCompile (default-testCompile) @ devkits ---
[INFO] Changes detected - recompiling the module!
[INFO] Compiling 4 source files to /tmp/tmpfbfw550k/DevKits/target/test-classes
[WARNING] /tmp/tmpfbfw550k/DevKits/src/test/java/cn/devkits/client/util/DKFileUtilTest.java: /tmp/tmpfbfw550k/DevKits/src/test/java/cn/devkits/client/util/DKFileUtilTest.java uses or overrides a deprecated API.
[WARNING] /tmp/tmpfbfw550k/DevKits/src/test/java/cn/devkits/client/util/DKFileUtilTest.java: Recompile with -Xlint:deprecation for details.
[INFO] 
[INFO] --- maven-surefire-plugin:2.19.1:test (default-test) @ devkits ---
[INFO] Surefire report directory: /tmp/tmpfbfw550k/DevKits/target/surefire-reports

-------------------------------------------------------
 T E S T S
-------------------------------------------------------
Running cn.devkits.client.util.DKStringUtilTest
Tests run: 4, Failures: 0, Errors: 0, Skipped: 0, Time elapsed: 0.398 sec - in cn.devkits.client.util.DKStringUtilTest
Running cn.devkits.client.util.DKFileUtilTest
OpenJDK 64-Bit Server VM warning: You have loaded library /tmp/BridJExtractedLibraries7699185643248646150/libbridj.so which might have disabled stack guard. The VM will try to fix the stack guard now.
It's highly recommended that you fix the library with 'execstack -c <libfile>', or link it with '-z noexecstack'.
Tests run: 3, Failures: 0, Errors: 0, Skipped: 0, Time elapsed: 0.104 sec - in cn.devkits.client.util.DKFileUtilTest
Running cn.devkits.client.util.calendar.LunarCalendarTest
Tests run: 1, Failures: 0, Errors: 0, Skipped: 0, Time elapsed: 0.024 sec - in cn.devkits.client.util.calendar.LunarCalendarTest
Running cn.devkits.client.util.calendar.LunarUtilTest
Tests run: 1, Failures: 0, Errors: 0, Skipped: 0, Time elapsed: 0.001 sec - in cn.devkits.client.util.calendar.LunarUtilTest

Results :

Tests run: 9, Failures: 0, Errors: 0, Skipped: 0

[INFO] 
[INFO] --- jacoco-maven-plugin:0.8.5:report (report) @ devkits ---
[INFO] Loading execution data file /tmp/tmpfbfw550k/DevKits/target/jacoco.exec
[INFO] Analyzed bundle 'DevKits' with 199 classes
[INFO] ------------------------------------------------------------------------
[INFO] BUILD SUCCESS
[INFO] ------------------------------------------------------------------------
[INFO] Total time:  15.239 s
[INFO] Finished at: 2020-07-30T18:19:38Z
[INFO] ------------------------------------------------------------------------
