[INFO] Error stacktraces are turned on.
[INFO] Scanning for projects...
[WARNING] 
[WARNING] Some problems were encountered while building the effective model for org.apache.commons:commons-dbcp2:jar:2.0.1
[WARNING] 'build.plugins.plugin.(groupId:artifactId)' must be unique but found duplicate declaration of plugin org.apache.maven.plugins:maven-assembly-plugin @ line 259, column 15
[WARNING] 
[WARNING] It is highly recommended to fix these problems because they threaten the stability of your build.
[WARNING] 
[WARNING] For this reason, future Maven versions might no longer support building such malformed projects.
[WARNING] 
[WARNING] The project org.apache.commons:commons-dbcp2:jar:2.0.1 uses prerequisites which is only intended for maven-plugin projects but not for non maven-plugin projects. For such purposes you should use the maven-enforcer-plugin. See https://maven.apache.org/enforcer/enforcer-rules/requireMavenVersion.html
[INFO] 
[INFO] ------------------< org.apache.commons:commons-dbcp2 >------------------
[INFO] Building Apache Commons DBCP 2.0.1
[INFO] --------------------------------[ jar ]---------------------------------
[INFO] 
[INFO] --- maven-antrun-plugin:1.7:run (javadoc.resources) @ commons-dbcp2 ---
[INFO] Executing tasks

main:
     [copy] Copying 2 files to /tmp/tmpdwhf7lcx/commons-dbcp/target/apidocs/META-INF
[INFO] Executed tasks
[INFO] 
[INFO] --- maven-remote-resources-plugin:1.5:process (default) @ commons-dbcp2 ---
[INFO] 
[INFO] --- buildnumber-maven-plugin:1.2:create (default) @ commons-dbcp2 ---
[INFO] Checking for local modifications: skipped.
[INFO] Updating project files from SCM: skipped.
[INFO] Executing: /bin/sh -c cd /tmp/tmpdwhf7lcx/commons-dbcp && svn --non-interactive info
[INFO] Working directory: /tmp/tmpdwhf7lcx/commons-dbcp
[INFO] Storing buildNumber: ?????? at timestamp: 1596448032886
[INFO] Executing: /bin/sh -c cd /tmp/tmpdwhf7lcx/commons-dbcp && svn --non-interactive info
[INFO] Working directory: /tmp/tmpdwhf7lcx/commons-dbcp
[INFO] Storing buildScmBranch: UNKNOWN_BRANCH
[INFO] 
[INFO] --- maven-resources-plugin:2.6:resources (default-resources) @ commons-dbcp2 ---
[INFO] Using 'UTF-8' encoding to copy filtered resources.
[INFO] Copying 1 resource
[INFO] Copying 2 resources to META-INF
[INFO] 
[INFO] --- maven-compiler-plugin:3.1:compile (default-compile) @ commons-dbcp2 ---
[INFO] Changes detected - recompiling the module!
[INFO] Compiling 57 source files to /tmp/tmpdwhf7lcx/commons-dbcp/target/classes
[INFO] 
[INFO] --- maven-bundle-plugin:2.4.0:manifest (bundle-manifest) @ commons-dbcp2 ---
[INFO] 
[INFO] --- maven-resources-plugin:2.6:testResources (default-testResources) @ commons-dbcp2 ---
[INFO] Using 'UTF-8' encoding to copy filtered resources.
[INFO] skip non existing resourceDirectory /tmp/tmpdwhf7lcx/commons-dbcp/src/test/resources
[INFO] Copying 2 resources to META-INF
[INFO] 
[INFO] --- maven-compiler-plugin:3.1:testCompile (default-testCompile) @ commons-dbcp2 ---
[INFO] Changes detected - recompiling the module!
[INFO] Compiling 40 source files to /tmp/tmpdwhf7lcx/commons-dbcp/target/test-classes
[INFO] 
[INFO] --- maven-surefire-plugin:2.16:test (default-test) @ commons-dbcp2 ---
[INFO] Surefire report directory: /tmp/tmpdwhf7lcx/commons-dbcp/target/surefire-reports

-------------------------------------------------------
 T E S T S
-------------------------------------------------------
Running org.apache.commons.dbcp2.datasources.TestPerUserPoolDataSource
Multithread test time = 308 ms. Threads: 20. Loops: 2703. Hold time: 1. maxWaitMillis: 430. Done: 20. Did not run: 0. Failed: 0. expectError: false
Multithread test time = 1010 ms. Threads: 20. Loops: 20. Hold time: 1000. maxWaitMillis: 500. Done: 10. Did not run: 0. Failed: 10. expectError: true
Tests run: 35, Failures: 0, Errors: 0, Skipped: 0, Time elapsed: 4.455 sec - in org.apache.commons.dbcp2.datasources.TestPerUserPoolDataSource
testPerUserMethods(org.apache.commons.dbcp2.datasources.TestPerUserPoolDataSource)  Time elapsed: 0.112 sec
testOpening(org.apache.commons.dbcp2.datasources.TestPerUserPoolDataSource)  Time elapsed: 0.001 sec
testSerialization(org.apache.commons.dbcp2.datasources.TestPerUserPoolDataSource)  Time elapsed: 0.069 sec
testClosingWithUserName(org.apache.commons.dbcp2.datasources.TestPerUserPoolDataSource)  Time elapsed: 0.003 sec
testChangePassword(org.apache.commons.dbcp2.datasources.TestPerUserPoolDataSource)  Time elapsed: 0.006 sec
testDefaultUser1(org.apache.commons.dbcp2.datasources.TestPerUserPoolDataSource)  Time elapsed: 0.01 sec
testDefaultUser2(org.apache.commons.dbcp2.datasources.TestPerUserPoolDataSource)  Time elapsed: 0.005 sec
testClosing(org.apache.commons.dbcp2.datasources.TestPerUserPoolDataSource)  Time elapsed: 0.003 sec
testTransactionIsolationBehavior(org.apache.commons.dbcp2.datasources.TestPerUserPoolDataSource)  Time elapsed: 0.002 sec
testMaxTotal(org.apache.commons.dbcp2.datasources.TestPerUserPoolDataSource)  Time elapsed: 0.103 sec
testSimpleWithUsername(org.apache.commons.dbcp2.datasources.TestPerUserPoolDataSource)  Time elapsed: 0.004 sec
testMaxWaitMillisZero(org.apache.commons.dbcp2.datasources.TestPerUserPoolDataSource)  Time elapsed: 0.002 sec
testSimple2(org.apache.commons.dbcp2.datasources.TestPerUserPoolDataSource)  Time elapsed: 0.002 sec
testSimple(org.apache.commons.dbcp2.datasources.TestPerUserPoolDataSource)  Time elapsed: 0.002 sec
testMultipleThreads1(org.apache.commons.dbcp2.datasources.TestPerUserPoolDataSource)  Time elapsed: 0.31 sec
testMultipleThreads2(org.apache.commons.dbcp2.datasources.TestPerUserPoolDataSource)  Time elapsed: 1.009 sec
testUnregisteredUser(org.apache.commons.dbcp2.datasources.TestPerUserPoolDataSource)  Time elapsed: 0.004 sec
testIncorrectPassword(org.apache.commons.dbcp2.datasources.TestPerUserPoolDataSource)  Time elapsed: 0.004 sec
testThreaded(org.apache.commons.dbcp2.datasources.TestPerUserPoolDataSource)  Time elapsed: 2.71 sec
testCanCloseStatementTwice(org.apache.commons.dbcp2.datasources.TestPerUserPoolDataSource)  Time elapsed: 0.003 sec
testNoRsetClose(org.apache.commons.dbcp2.datasources.TestPerUserPoolDataSource)  Time elapsed: 0.002 sec
testPooling(org.apache.commons.dbcp2.datasources.TestPerUserPoolDataSource)  Time elapsed: 0.003 sec
testCanCloseConnectionTwice(org.apache.commons.dbcp2.datasources.TestPerUserPoolDataSource)  Time elapsed: 0.002 sec
testIsClosed(org.apache.commons.dbcp2.datasources.TestPerUserPoolDataSource)  Time elapsed: 0.003 sec
testCanCloseCallableStatementTwice(org.apache.commons.dbcp2.datasources.TestPerUserPoolDataSource)  Time elapsed: 0.005 sec
testAutoCommitBehavior(org.apache.commons.dbcp2.datasources.TestPerUserPoolDataSource)  Time elapsed: 0.002 sec
testHashing(org.apache.commons.dbcp2.datasources.TestPerUserPoolDataSource)  Time elapsed: 0.003 sec
testCanClosePreparedStatementTwice(org.apache.commons.dbcp2.datasources.TestPerUserPoolDataSource)  Time elapsed: 0.002 sec
testPrepareStatementOptions(org.apache.commons.dbcp2.datasources.TestPerUserPoolDataSource)  Time elapsed: 0.002 sec
testBackPointers(org.apache.commons.dbcp2.datasources.TestPerUserPoolDataSource)  Time elapsed: 0.003 sec
testHashCode(org.apache.commons.dbcp2.datasources.TestPerUserPoolDataSource)  Time elapsed: 0.003 sec
testConnectionsAreDistinct(org.apache.commons.dbcp2.datasources.TestPerUserPoolDataSource)  Time elapsed: 0.006 sec
testRepeatedBorrowAndReturn(org.apache.commons.dbcp2.datasources.TestPerUserPoolDataSource)  Time elapsed: 0.002 sec
testCanCloseResultSetTwice(org.apache.commons.dbcp2.datasources.TestPerUserPoolDataSource)  Time elapsed: 0.002 sec
testClearWarnings(org.apache.commons.dbcp2.datasources.TestPerUserPoolDataSource)  Time elapsed: 0.003 sec
Running org.apache.commons.dbcp2.datasources.TestKeyedCPDSConnectionFactory
Tests run: 2, Failures: 0, Errors: 0, Skipped: 0, Time elapsed: 0.006 sec - in org.apache.commons.dbcp2.datasources.TestKeyedCPDSConnectionFactory
testConnectionErrorCleanup(org.apache.commons.dbcp2.datasources.TestKeyedCPDSConnectionFactory)  Time elapsed: 0.004 sec
testSharedPoolDSDestroyOnReturn(org.apache.commons.dbcp2.datasources.TestKeyedCPDSConnectionFactory)  Time elapsed: 0.002 sec
Running org.apache.commons.dbcp2.datasources.TestFactory
Tests run: 1, Failures: 0, Errors: 0, Skipped: 0, Time elapsed: 0.002 sec - in org.apache.commons.dbcp2.datasources.TestFactory
testJNDI2Pools(org.apache.commons.dbcp2.datasources.TestFactory)  Time elapsed: 0.001 sec
Running org.apache.commons.dbcp2.datasources.TestCPDSConnectionFactory
Tests run: 2, Failures: 0, Errors: 0, Skipped: 0, Time elapsed: 0.005 sec - in org.apache.commons.dbcp2.datasources.TestCPDSConnectionFactory
testConnectionErrorCleanup(org.apache.commons.dbcp2.datasources.TestCPDSConnectionFactory)  Time elapsed: 0.002 sec
testSharedPoolDSDestroyOnReturn(org.apache.commons.dbcp2.datasources.TestCPDSConnectionFactory)  Time elapsed: 0.003 sec
Running org.apache.commons.dbcp2.datasources.TestInstanceKeyDataSource
Tests run: 1, Failures: 0, Errors: 0, Skipped: 0, Time elapsed: 0 sec - in org.apache.commons.dbcp2.datasources.TestInstanceKeyDataSource
testExceptionOnSetupDefaults(org.apache.commons.dbcp2.datasources.TestInstanceKeyDataSource)  Time elapsed: 0 sec
Running org.apache.commons.dbcp2.datasources.TestSharedPoolDataSource
testMaxWaitMillis took 1007 ms. maxWaitMillis: 1000
Multithread test time = 315 ms. Threads: 20. Loops: 2447. Hold time: 1. maxWaitMillis: 430. Done: 20. Did not run: 0. Failed: 0. expectError: false
Multithread test time = 1029 ms. Threads: 20. Loops: 20. Hold time: 1000. maxWaitMillis: 500. Done: 10. Did not run: 0. Failed: 10. expectError: true
Tests run: 34, Failures: 0, Errors: 0, Skipped: 0, Time elapsed: 7.883 sec - in org.apache.commons.dbcp2.datasources.TestSharedPoolDataSource
testPoolPreparedStatements(org.apache.commons.dbcp2.datasources.TestSharedPoolDataSource)  Time elapsed: 0.028 sec
testOpening(org.apache.commons.dbcp2.datasources.TestSharedPoolDataSource)  Time elapsed: 0.001 sec
testClosingWithUserName(org.apache.commons.dbcp2.datasources.TestSharedPoolDataSource)  Time elapsed: 0.001 sec
testChangePassword(org.apache.commons.dbcp2.datasources.TestSharedPoolDataSource)  Time elapsed: 0.002 sec
testPoolPrepareStatement(org.apache.commons.dbcp2.datasources.TestSharedPoolDataSource)  Time elapsed: 0.002 sec
testMaxWaitMillis(org.apache.commons.dbcp2.datasources.TestSharedPoolDataSource)  Time elapsed: 1.009 sec
testClosePool(org.apache.commons.dbcp2.datasources.TestSharedPoolDataSource)  Time elapsed: 0 sec
testClosing(org.apache.commons.dbcp2.datasources.TestSharedPoolDataSource)  Time elapsed: 0.002 sec
testTransactionIsolationBehavior(org.apache.commons.dbcp2.datasources.TestSharedPoolDataSource)  Time elapsed: 0.002 sec
testDbcp369(org.apache.commons.dbcp2.datasources.TestSharedPoolDataSource)  Time elapsed: 2.424 sec
testMaxTotal(org.apache.commons.dbcp2.datasources.TestSharedPoolDataSource)  Time elapsed: 0.103 sec
testSimpleWithUsername(org.apache.commons.dbcp2.datasources.TestSharedPoolDataSource)  Time elapsed: 0.002 sec
testSimple2(org.apache.commons.dbcp2.datasources.TestSharedPoolDataSource)  Time elapsed: 0.003 sec
testSimple(org.apache.commons.dbcp2.datasources.TestSharedPoolDataSource)  Time elapsed: 0.002 sec
testMultipleThreads1(org.apache.commons.dbcp2.datasources.TestSharedPoolDataSource)  Time elapsed: 0.317 sec
testMultipleThreads2(org.apache.commons.dbcp2.datasources.TestSharedPoolDataSource)  Time elapsed: 1.03 sec
testIncorrectPassword(org.apache.commons.dbcp2.datasources.TestSharedPoolDataSource)  Time elapsed: 0.002 sec
testThreaded(org.apache.commons.dbcp2.datasources.TestSharedPoolDataSource)  Time elapsed: 2.907 sec
testCanCloseStatementTwice(org.apache.commons.dbcp2.datasources.TestSharedPoolDataSource)  Time elapsed: 0.001 sec
testNoRsetClose(org.apache.commons.dbcp2.datasources.TestSharedPoolDataSource)  Time elapsed: 0.003 sec
testPooling(org.apache.commons.dbcp2.datasources.TestSharedPoolDataSource)  Time elapsed: 0.002 sec
testCanCloseConnectionTwice(org.apache.commons.dbcp2.datasources.TestSharedPoolDataSource)  Time elapsed: 0.002 sec
testIsClosed(org.apache.commons.dbcp2.datasources.TestSharedPoolDataSource)  Time elapsed: 0.002 sec
testCanCloseCallableStatementTwice(org.apache.commons.dbcp2.datasources.TestSharedPoolDataSource)  Time elapsed: 0.002 sec
testAutoCommitBehavior(org.apache.commons.dbcp2.datasources.TestSharedPoolDataSource)  Time elapsed: 0.003 sec
testHashing(org.apache.commons.dbcp2.datasources.TestSharedPoolDataSource)  Time elapsed: 0.002 sec
testCanClosePreparedStatementTwice(org.apache.commons.dbcp2.datasources.TestSharedPoolDataSource)  Time elapsed: 0.002 sec
testPrepareStatementOptions(org.apache.commons.dbcp2.datasources.TestSharedPoolDataSource)  Time elapsed: 0.002 sec
testBackPointers(org.apache.commons.dbcp2.datasources.TestSharedPoolDataSource)  Time elapsed: 0.002 sec
testHashCode(org.apache.commons.dbcp2.datasources.TestSharedPoolDataSource)  Time elapsed: 0.003 sec
testConnectionsAreDistinct(org.apache.commons.dbcp2.datasources.TestSharedPoolDataSource)  Time elapsed: 0.002 sec
testRepeatedBorrowAndReturn(org.apache.commons.dbcp2.datasources.TestSharedPoolDataSource)  Time elapsed: 0.003 sec
testCanCloseResultSetTwice(org.apache.commons.dbcp2.datasources.TestSharedPoolDataSource)  Time elapsed: 0.003 sec
testClearWarnings(org.apache.commons.dbcp2.datasources.TestSharedPoolDataSource)  Time elapsed: 0.002 sec
Running org.apache.commons.dbcp2.TestDelegatingConnection
Tests run: 4, Failures: 0, Errors: 0, Skipped: 0, Time elapsed: 0.002 sec - in org.apache.commons.dbcp2.TestDelegatingConnection
testGetDelegate(org.apache.commons.dbcp2.TestDelegatingConnection)  Time elapsed: 0 sec
testCheckOpenNull(org.apache.commons.dbcp2.TestDelegatingConnection)  Time elapsed: 0.002 sec
testCheckOpen(org.apache.commons.dbcp2.TestDelegatingConnection)  Time elapsed: 0 sec
testConnectionToString(org.apache.commons.dbcp2.TestDelegatingConnection)  Time elapsed: 0 sec
Running org.apache.commons.dbcp2.TestBasicDataSource
Tests run: 46, Failures: 0, Errors: 0, Skipped: 0, Time elapsed: 3.966 sec - in org.apache.commons.dbcp2.TestBasicDataSource
testEmptyValidationQuery(org.apache.commons.dbcp2.TestBasicDataSource)  Time elapsed: 0.003 sec
testValidationQueryTimoutFail(org.apache.commons.dbcp2.TestBasicDataSource)  Time elapsed: 0.004 sec
testSetValidationTestProperties(org.apache.commons.dbcp2.TestBasicDataSource)  Time elapsed: 0.001 sec
testRollbackReadOnly(org.apache.commons.dbcp2.TestBasicDataSource)  Time elapsed: 0.001 sec
testClose(org.apache.commons.dbcp2.TestBasicDataSource)  Time elapsed: 0.001 sec
testPropertyTestOnReturn(org.apache.commons.dbcp2.TestBasicDataSource)  Time elapsed: 0.001 sec
testValidationQueryTimeoutSucceed(org.apache.commons.dbcp2.TestBasicDataSource)  Time elapsed: 0.001 sec
testMaxTotalZero(org.apache.commons.dbcp2.TestBasicDataSource)  Time elapsed: 0.101 sec
testPooling(org.apache.commons.dbcp2.TestBasicDataSource)  Time elapsed: 0.001 sec
testValidationQueryTimeoutNegative(org.apache.commons.dbcp2.TestBasicDataSource)  Time elapsed: 0.001 sec
testInvalidConnectionInitSql(org.apache.commons.dbcp2.TestBasicDataSource)  Time elapsed: 0 sec
testSetAutoCommitTrueOnClose(org.apache.commons.dbcp2.TestBasicDataSource)  Time elapsed: 0.001 sec
testValidationQueryTimeoutZero(org.apache.commons.dbcp2.TestBasicDataSource)  Time elapsed: 0.003 sec
testEmptyInitConnectionSql(org.apache.commons.dbcp2.TestBasicDataSource)  Time elapsed: 0 sec
testDriverClassLoader(org.apache.commons.dbcp2.TestBasicDataSource)  Time elapsed: 0 sec
testInitialSize(org.apache.commons.dbcp2.TestBasicDataSource)  Time elapsed: 0 sec
testInvalidValidationQuery(org.apache.commons.dbcp2.TestBasicDataSource)  Time elapsed: 0 sec
testNoAccessToUnderlyingConnectionAllowed(org.apache.commons.dbcp2.TestBasicDataSource)  Time elapsed: 0.001 sec
testCreateDataSourceCleanupEvictor(org.apache.commons.dbcp2.TestBasicDataSource)  Time elapsed: 1.002 sec
testTransactionIsolationBehavior(org.apache.commons.dbcp2.TestBasicDataSource)  Time elapsed: 0.003 sec
testCreateDataSourceCleanupThreads(org.apache.commons.dbcp2.TestBasicDataSource)  Time elapsed: 0.001 sec
testDefaultCatalog(org.apache.commons.dbcp2.TestBasicDataSource)  Time elapsed: 0.003 sec
testAccessToUnderlyingConnectionAllowed(org.apache.commons.dbcp2.TestBasicDataSource)  Time elapsed: 0.001 sec
testSetProperties(org.apache.commons.dbcp2.TestBasicDataSource)  Time elapsed: 0.001 sec
testIsClosedFailure(org.apache.commons.dbcp2.TestBasicDataSource)  Time elapsed: 0.001 sec
testThreaded(org.apache.commons.dbcp2.TestBasicDataSource)  Time elapsed: 2.709 sec
testCanCloseStatementTwice(org.apache.commons.dbcp2.TestBasicDataSource)  Time elapsed: 0.001 sec
testNoRsetClose(org.apache.commons.dbcp2.TestBasicDataSource)  Time elapsed: 0.001 sec
testOpening(org.apache.commons.dbcp2.TestBasicDataSource)  Time elapsed: 0.001 sec
testCanCloseConnectionTwice(org.apache.commons.dbcp2.TestBasicDataSource)  Time elapsed: 0.001 sec
testIsClosed(org.apache.commons.dbcp2.TestBasicDataSource)  Time elapsed: 0 sec
testCanCloseCallableStatementTwice(org.apache.commons.dbcp2.TestBasicDataSource)  Time elapsed: 0.001 sec
testAutoCommitBehavior(org.apache.commons.dbcp2.TestBasicDataSource)  Time elapsed: 0 sec
testHashing(org.apache.commons.dbcp2.TestBasicDataSource)  Time elapsed: 0.001 sec
testCanClosePreparedStatementTwice(org.apache.commons.dbcp2.TestBasicDataSource)  Time elapsed: 0 sec
testClosing(org.apache.commons.dbcp2.TestBasicDataSource)  Time elapsed: 0.001 sec
testPrepareStatementOptions(org.apache.commons.dbcp2.TestBasicDataSource)  Time elapsed: 0.001 sec
testBackPointers(org.apache.commons.dbcp2.TestBasicDataSource)  Time elapsed: 0.001 sec
testHashCode(org.apache.commons.dbcp2.TestBasicDataSource)  Time elapsed: 0 sec
testConnectionsAreDistinct(org.apache.commons.dbcp2.TestBasicDataSource)  Time elapsed: 0.001 sec
testMaxTotal(org.apache.commons.dbcp2.TestBasicDataSource)  Time elapsed: 0.102 sec
testRepeatedBorrowAndReturn(org.apache.commons.dbcp2.TestBasicDataSource)  Time elapsed: 0.002 sec
testCanCloseResultSetTwice(org.apache.commons.dbcp2.TestBasicDataSource)  Time elapsed: 0.001 sec
testClearWarnings(org.apache.commons.dbcp2.TestBasicDataSource)  Time elapsed: 0.003 sec
testSimple2(org.apache.commons.dbcp2.TestBasicDataSource)  Time elapsed: 0.001 sec
testSimple(org.apache.commons.dbcp2.TestBasicDataSource)  Time elapsed: 0.001 sec
Running org.apache.commons.dbcp2.TestPStmtPooling
Tests run: 5, Failures: 0, Errors: 0, Skipped: 0, Time elapsed: 0.018 sec - in org.apache.commons.dbcp2.TestPStmtPooling
testStmtPool(org.apache.commons.dbcp2.TestPStmtPooling)  Time elapsed: 0.005 sec
testBatchUpdate(org.apache.commons.dbcp2.TestPStmtPooling)  Time elapsed: 0.004 sec
testClosePool(org.apache.commons.dbcp2.TestPStmtPooling)  Time elapsed: 0.004 sec
testCallableStatementPooling(org.apache.commons.dbcp2.TestPStmtPooling)  Time elapsed: 0.002 sec
testMultipleClose(org.apache.commons.dbcp2.TestPStmtPooling)  Time elapsed: 0.003 sec
Running org.apache.commons.dbcp2.TestAbandonedBasicDataSource
Tests run: 55, Failures: 0, Errors: 0, Skipped: 0, Time elapsed: 12.137 sec - in org.apache.commons.dbcp2.TestAbandonedBasicDataSource
testAbandonedCloseWithExceptions(org.apache.commons.dbcp2.TestAbandonedBasicDataSource)  Time elapsed: 0.013 sec
testlastUsed(org.apache.commons.dbcp2.TestAbandonedBasicDataSource)  Time elapsed: 2.601 sec
testAbandoned(org.apache.commons.dbcp2.TestAbandonedBasicDataSource)  Time elapsed: 0.001 sec
testGarbageCollectorCleanUp01(org.apache.commons.dbcp2.TestAbandonedBasicDataSource)  Time elapsed: 0.035 sec
testGarbageCollectorCleanUp02(org.apache.commons.dbcp2.TestAbandonedBasicDataSource)  Time elapsed: 0.144 sec
testLastUsedUpdate(org.apache.commons.dbcp2.TestAbandonedBasicDataSource)  Time elapsed: 0.002 sec
testAbandonedClose(org.apache.commons.dbcp2.TestAbandonedBasicDataSource)  Time elapsed: 0.002 sec
testLastUsedPreparedStatementUse(org.apache.commons.dbcp2.TestAbandonedBasicDataSource)  Time elapsed: 2.602 sec
testlastUsedPrepareCall(org.apache.commons.dbcp2.TestAbandonedBasicDataSource)  Time elapsed: 2.601 sec
testEmptyValidationQuery(org.apache.commons.dbcp2.TestAbandonedBasicDataSource)  Time elapsed: 0 sec
testValidationQueryTimoutFail(org.apache.commons.dbcp2.TestAbandonedBasicDataSource)  Time elapsed: 0 sec
testSetValidationTestProperties(org.apache.commons.dbcp2.TestAbandonedBasicDataSource)  Time elapsed: 0 sec
testRollbackReadOnly(org.apache.commons.dbcp2.TestAbandonedBasicDataSource)  Time elapsed: 0.001 sec
testClose(org.apache.commons.dbcp2.TestAbandonedBasicDataSource)  Time elapsed: 0 sec
testPropertyTestOnReturn(org.apache.commons.dbcp2.TestAbandonedBasicDataSource)  Time elapsed: 0.001 sec
testValidationQueryTimeoutSucceed(org.apache.commons.dbcp2.TestAbandonedBasicDataSource)  Time elapsed: 0 sec
testMaxTotalZero(org.apache.commons.dbcp2.TestAbandonedBasicDataSource)  Time elapsed: 0.101 sec
testPooling(org.apache.commons.dbcp2.TestAbandonedBasicDataSource)  Time elapsed: 0.001 sec
testValidationQueryTimeoutNegative(org.apache.commons.dbcp2.TestAbandonedBasicDataSource)  Time elapsed: 0 sec
testInvalidConnectionInitSql(org.apache.commons.dbcp2.TestAbandonedBasicDataSource)  Time elapsed: 0.001 sec
testSetAutoCommitTrueOnClose(org.apache.commons.dbcp2.TestAbandonedBasicDataSource)  Time elapsed: 0 sec
testValidationQueryTimeoutZero(org.apache.commons.dbcp2.TestAbandonedBasicDataSource)  Time elapsed: 0.001 sec
testEmptyInitConnectionSql(org.apache.commons.dbcp2.TestAbandonedBasicDataSource)  Time elapsed: 0 sec
testDriverClassLoader(org.apache.commons.dbcp2.TestAbandonedBasicDataSource)  Time elapsed: 0.001 sec
testInitialSize(org.apache.commons.dbcp2.TestAbandonedBasicDataSource)  Time elapsed: 0.001 sec
testInvalidValidationQuery(org.apache.commons.dbcp2.TestAbandonedBasicDataSource)  Time elapsed: 0 sec
testNoAccessToUnderlyingConnectionAllowed(org.apache.commons.dbcp2.TestAbandonedBasicDataSource)  Time elapsed: 0 sec
testCreateDataSourceCleanupEvictor(org.apache.commons.dbcp2.TestAbandonedBasicDataSource)  Time elapsed: 1 sec
testTransactionIsolationBehavior(org.apache.commons.dbcp2.TestAbandonedBasicDataSource)  Time elapsed: 0.001 sec
testCreateDataSourceCleanupThreads(org.apache.commons.dbcp2.TestAbandonedBasicDataSource)  Time elapsed: 0 sec
testDefaultCatalog(org.apache.commons.dbcp2.TestAbandonedBasicDataSource)  Time elapsed: 0.001 sec
testAccessToUnderlyingConnectionAllowed(org.apache.commons.dbcp2.TestAbandonedBasicDataSource)  Time elapsed: 0.001 sec
testSetProperties(org.apache.commons.dbcp2.TestAbandonedBasicDataSource)  Time elapsed: 0 sec
testIsClosedFailure(org.apache.commons.dbcp2.TestAbandonedBasicDataSource)  Time elapsed: 0.001 sec
testThreaded(org.apache.commons.dbcp2.TestAbandonedBasicDataSource)  Time elapsed: 2.903 sec
testCanCloseStatementTwice(org.apache.commons.dbcp2.TestAbandonedBasicDataSource)  Time elapsed: 0.001 sec
testNoRsetClose(org.apache.commons.dbcp2.TestAbandonedBasicDataSource)  Time elapsed: 0 sec
testOpening(org.apache.commons.dbcp2.TestAbandonedBasicDataSource)  Time elapsed: 0.001 sec
testCanCloseConnectionTwice(org.apache.commons.dbcp2.TestAbandonedBasicDataSource)  Time elapsed: 0.001 sec
testIsClosed(org.apache.commons.dbcp2.TestAbandonedBasicDataSource)  Time elapsed: 0 sec
testCanCloseCallableStatementTwice(org.apache.commons.dbcp2.TestAbandonedBasicDataSource)  Time elapsed: 0.001 sec
testAutoCommitBehavior(org.apache.commons.dbcp2.TestAbandonedBasicDataSource)  Time elapsed: 0.001 sec
testHashing(org.apache.commons.dbcp2.TestAbandonedBasicDataSource)  Time elapsed: 0 sec
testCanClosePreparedStatementTwice(org.apache.commons.dbcp2.TestAbandonedBasicDataSource)  Time elapsed: 0.001 sec
testClosing(org.apache.commons.dbcp2.TestAbandonedBasicDataSource)  Time elapsed: 0 sec
testPrepareStatementOptions(org.apache.commons.dbcp2.TestAbandonedBasicDataSource)  Time elapsed: 0.001 sec
testBackPointers(org.apache.commons.dbcp2.TestAbandonedBasicDataSource)  Time elapsed: 0.002 sec
testHashCode(org.apache.commons.dbcp2.TestAbandonedBasicDataSource)  Time elapsed: 0 sec
testConnectionsAreDistinct(org.apache.commons.dbcp2.TestAbandonedBasicDataSource)  Time elapsed: 0.002 sec
testMaxTotal(org.apache.commons.dbcp2.TestAbandonedBasicDataSource)  Time elapsed: 0.101 sec
testRepeatedBorrowAndReturn(org.apache.commons.dbcp2.TestAbandonedBasicDataSource)  Time elapsed: 0.002 sec
testCanCloseResultSetTwice(org.apache.commons.dbcp2.TestAbandonedBasicDataSource)  Time elapsed: 0.001 sec
testClearWarnings(org.apache.commons.dbcp2.TestAbandonedBasicDataSource)  Time elapsed: 0.001 sec
testSimple2(org.apache.commons.dbcp2.TestAbandonedBasicDataSource)  Time elapsed: 0.001 sec
testSimple(org.apache.commons.dbcp2.TestAbandonedBasicDataSource)  Time elapsed: 0 sec
Running org.apache.commons.dbcp2.TestDelegatingPreparedStatement
Tests run: 3, Failures: 0, Errors: 0, Skipped: 0, Time elapsed: 0 sec - in org.apache.commons.dbcp2.TestDelegatingPreparedStatement
testGetDelegate(org.apache.commons.dbcp2.TestDelegatingPreparedStatement)  Time elapsed: 0 sec
testExecuteQueryReturnsNotNull(org.apache.commons.dbcp2.TestDelegatingPreparedStatement)  Time elapsed: 0 sec
testExecuteQueryReturnsNull(org.apache.commons.dbcp2.TestDelegatingPreparedStatement)  Time elapsed: 0 sec
Running org.apache.commons.dbcp2.TestPoolingDriver
Tests run: 29, Failures: 0, Errors: 0, Skipped: 0, Time elapsed: 2.906 sec - in org.apache.commons.dbcp2.TestPoolingDriver
testLogWriter(org.apache.commons.dbcp2.TestPoolingDriver)  Time elapsed: 0.006 sec
testReportedBug12400(org.apache.commons.dbcp2.TestPoolingDriver)  Time elapsed: 0.003 sec
testReportedBug28912(org.apache.commons.dbcp2.TestPoolingDriver)  Time elapsed: 0.002 sec
test1(org.apache.commons.dbcp2.TestPoolingDriver)  Time elapsed: 0.003 sec
test2(org.apache.commons.dbcp2.TestPoolingDriver)  Time elapsed: 0.002 sec
testClosePool(org.apache.commons.dbcp2.TestPoolingDriver)  Time elapsed: 0.002 sec
testInvalidateConnection(org.apache.commons.dbcp2.TestPoolingDriver)  Time elapsed: 0.003 sec
testThreaded(org.apache.commons.dbcp2.TestPoolingDriver)  Time elapsed: 2.61 sec
testCanCloseStatementTwice(org.apache.commons.dbcp2.TestPoolingDriver)  Time elapsed: 0 sec
testNoRsetClose(org.apache.commons.dbcp2.TestPoolingDriver)  Time elapsed: 0.001 sec
testOpening(org.apache.commons.dbcp2.TestPoolingDriver)  Time elapsed: 0.019 sec
testPooling(org.apache.commons.dbcp2.TestPoolingDriver)  Time elapsed: 0.018 sec
testCanCloseConnectionTwice(org.apache.commons.dbcp2.TestPoolingDriver)  Time elapsed: 0.004 sec
testIsClosed(org.apache.commons.dbcp2.TestPoolingDriver)  Time elapsed: 0.003 sec
testCanCloseCallableStatementTwice(org.apache.commons.dbcp2.TestPoolingDriver)  Time elapsed: 0.002 sec
testAutoCommitBehavior(org.apache.commons.dbcp2.TestPoolingDriver)  Time elapsed: 0.004 sec
testHashing(org.apache.commons.dbcp2.TestPoolingDriver)  Time elapsed: 0.002 sec
testCanClosePreparedStatementTwice(org.apache.commons.dbcp2.TestPoolingDriver)  Time elapsed: 0.003 sec
testClosing(org.apache.commons.dbcp2.TestPoolingDriver)  Time elapsed: 0.024 sec
testPrepareStatementOptions(org.apache.commons.dbcp2.TestPoolingDriver)  Time elapsed: 0.003 sec
testBackPointers(org.apache.commons.dbcp2.TestPoolingDriver)  Time elapsed: 0.006 sec
testHashCode(org.apache.commons.dbcp2.TestPoolingDriver)  Time elapsed: 0.005 sec
testConnectionsAreDistinct(org.apache.commons.dbcp2.TestPoolingDriver)  Time elapsed: 0.033 sec
testMaxTotal(org.apache.commons.dbcp2.TestPoolingDriver)  Time elapsed: 0.116 sec
testRepeatedBorrowAndReturn(org.apache.commons.dbcp2.TestPoolingDriver)  Time elapsed: 0.004 sec
testCanCloseResultSetTwice(org.apache.commons.dbcp2.TestPoolingDriver)  Time elapsed: 0.002 sec
testClearWarnings(org.apache.commons.dbcp2.TestPoolingDriver)  Time elapsed: 0.019 sec
testSimple2(org.apache.commons.dbcp2.TestPoolingDriver)  Time elapsed: 0.003 sec
testSimple(org.apache.commons.dbcp2.TestPoolingDriver)  Time elapsed: 0.002 sec
Running org.apache.commons.dbcp2.TestBasicDataSourceFactory
Tests run: 2, Failures: 0, Errors: 0, Skipped: 0, Time elapsed: 0.012 sec - in org.apache.commons.dbcp2.TestBasicDataSourceFactory
testProperties(org.apache.commons.dbcp2.TestBasicDataSourceFactory)  Time elapsed: 0.012 sec
testNoProperties(org.apache.commons.dbcp2.TestBasicDataSourceFactory)  Time elapsed: 0 sec
Running org.apache.commons.dbcp2.TestPStmtPoolingBasicDataSource
Multithread test time = 10205 ms. Threads: 100. Loops: 9972. Hold time: 5. maxWaitMillis: -1. Done: 100. Did not run: 0. Failed: 0. expectError: false
Tests run: 52, Failures: 0, Errors: 0, Skipped: 0, Time elapsed: 14.372 sec - in org.apache.commons.dbcp2.TestPStmtPoolingBasicDataSource
testLRUBehavior(org.apache.commons.dbcp2.TestPStmtPoolingBasicDataSource)  Time elapsed: 0.201 sec
testPreparedStatementPooling(org.apache.commons.dbcp2.TestPStmtPoolingBasicDataSource)  Time elapsed: 0.001 sec
testPStmtPoolingAccrossClose(org.apache.commons.dbcp2.TestPStmtPoolingBasicDataSource)  Time elapsed: 0.001 sec
testPStmtPoolingWithNoClose(org.apache.commons.dbcp2.TestPStmtPoolingBasicDataSource)  Time elapsed: 0.001 sec
testPStmtCatalog(org.apache.commons.dbcp2.TestPStmtPoolingBasicDataSource)  Time elapsed: 0.001 sec
testMultipleThreads1(org.apache.commons.dbcp2.TestPStmtPoolingBasicDataSource)  Time elapsed: 10.205 sec
testEmptyValidationQuery(org.apache.commons.dbcp2.TestPStmtPoolingBasicDataSource)  Time elapsed: 0.001 sec
testValidationQueryTimoutFail(org.apache.commons.dbcp2.TestPStmtPoolingBasicDataSource)  Time elapsed: 0 sec
testSetValidationTestProperties(org.apache.commons.dbcp2.TestPStmtPoolingBasicDataSource)  Time elapsed: 0 sec
testRollbackReadOnly(org.apache.commons.dbcp2.TestPStmtPoolingBasicDataSource)  Time elapsed: 0.001 sec
testClose(org.apache.commons.dbcp2.TestPStmtPoolingBasicDataSource)  Time elapsed: 0.001 sec
testPropertyTestOnReturn(org.apache.commons.dbcp2.TestPStmtPoolingBasicDataSource)  Time elapsed: 0 sec
testValidationQueryTimeoutSucceed(org.apache.commons.dbcp2.TestPStmtPoolingBasicDataSource)  Time elapsed: 0.001 sec
testMaxTotalZero(org.apache.commons.dbcp2.TestPStmtPoolingBasicDataSource)  Time elapsed: 0.101 sec
testPooling(org.apache.commons.dbcp2.TestPStmtPoolingBasicDataSource)  Time elapsed: 0.002 sec
testValidationQueryTimeoutNegative(org.apache.commons.dbcp2.TestPStmtPoolingBasicDataSource)  Time elapsed: 0.001 sec
testInvalidConnectionInitSql(org.apache.commons.dbcp2.TestPStmtPoolingBasicDataSource)  Time elapsed: 0.001 sec
testSetAutoCommitTrueOnClose(org.apache.commons.dbcp2.TestPStmtPoolingBasicDataSource)  Time elapsed: 0 sec
testValidationQueryTimeoutZero(org.apache.commons.dbcp2.TestPStmtPoolingBasicDataSource)  Time elapsed: 0 sec
testEmptyInitConnectionSql(org.apache.commons.dbcp2.TestPStmtPoolingBasicDataSource)  Time elapsed: 0 sec
testDriverClassLoader(org.apache.commons.dbcp2.TestPStmtPoolingBasicDataSource)  Time elapsed: 0.001 sec
testInitialSize(org.apache.commons.dbcp2.TestPStmtPoolingBasicDataSource)  Time elapsed: 0.021 sec
testInvalidValidationQuery(org.apache.commons.dbcp2.TestPStmtPoolingBasicDataSource)  Time elapsed: 0.001 sec
testNoAccessToUnderlyingConnectionAllowed(org.apache.commons.dbcp2.TestPStmtPoolingBasicDataSource)  Time elapsed: 0.002 sec
testCreateDataSourceCleanupEvictor(org.apache.commons.dbcp2.TestPStmtPoolingBasicDataSource)  Time elapsed: 1.001 sec
testTransactionIsolationBehavior(org.apache.commons.dbcp2.TestPStmtPoolingBasicDataSource)  Time elapsed: 0.001 sec
testCreateDataSourceCleanupThreads(org.apache.commons.dbcp2.TestPStmtPoolingBasicDataSource)  Time elapsed: 0 sec
testDefaultCatalog(org.apache.commons.dbcp2.TestPStmtPoolingBasicDataSource)  Time elapsed: 0.001 sec
testAccessToUnderlyingConnectionAllowed(org.apache.commons.dbcp2.TestPStmtPoolingBasicDataSource)  Time elapsed: 0.001 sec
testSetProperties(org.apache.commons.dbcp2.TestPStmtPoolingBasicDataSource)  Time elapsed: 0 sec
testIsClosedFailure(org.apache.commons.dbcp2.TestPStmtPoolingBasicDataSource)  Time elapsed: 0.001 sec
testThreaded(org.apache.commons.dbcp2.TestPStmtPoolingBasicDataSource)  Time elapsed: 2.703 sec
testCanCloseStatementTwice(org.apache.commons.dbcp2.TestPStmtPoolingBasicDataSource)  Time elapsed: 0.001 sec
testNoRsetClose(org.apache.commons.dbcp2.TestPStmtPoolingBasicDataSource)  Time elapsed: 0 sec
testOpening(org.apache.commons.dbcp2.TestPStmtPoolingBasicDataSource)  Time elapsed: 0.001 sec
testCanCloseConnectionTwice(org.apache.commons.dbcp2.TestPStmtPoolingBasicDataSource)  Time elapsed: 0.001 sec
testIsClosed(org.apache.commons.dbcp2.TestPStmtPoolingBasicDataSource)  Time elapsed: 0.001 sec
testCanCloseCallableStatementTwice(org.apache.commons.dbcp2.TestPStmtPoolingBasicDataSource)  Time elapsed: 0 sec
testAutoCommitBehavior(org.apache.commons.dbcp2.TestPStmtPoolingBasicDataSource)  Time elapsed: 0.001 sec
testHashing(org.apache.commons.dbcp2.TestPStmtPoolingBasicDataSource)  Time elapsed: 0 sec
testCanClosePreparedStatementTwice(org.apache.commons.dbcp2.TestPStmtPoolingBasicDataSource)  Time elapsed: 0.001 sec
testClosing(org.apache.commons.dbcp2.TestPStmtPoolingBasicDataSource)  Time elapsed: 0.001 sec
testPrepareStatementOptions(org.apache.commons.dbcp2.TestPStmtPoolingBasicDataSource)  Time elapsed: 0.001 sec
testBackPointers(org.apache.commons.dbcp2.TestPStmtPoolingBasicDataSource)  Time elapsed: 0.001 sec
testHashCode(org.apache.commons.dbcp2.TestPStmtPoolingBasicDataSource)  Time elapsed: 0 sec
testConnectionsAreDistinct(org.apache.commons.dbcp2.TestPStmtPoolingBasicDataSource)  Time elapsed: 0.002 sec
testMaxTotal(org.apache.commons.dbcp2.TestPStmtPoolingBasicDataSource)  Time elapsed: 0.101 sec
testRepeatedBorrowAndReturn(org.apache.commons.dbcp2.TestPStmtPoolingBasicDataSource)  Time elapsed: 0.001 sec
testCanCloseResultSetTwice(org.apache.commons.dbcp2.TestPStmtPoolingBasicDataSource)  Time elapsed: 0.001 sec
testClearWarnings(org.apache.commons.dbcp2.TestPStmtPoolingBasicDataSource)  Time elapsed: 0.002 sec
testSimple2(org.apache.commons.dbcp2.TestPStmtPoolingBasicDataSource)  Time elapsed: 0 sec
testSimple(org.apache.commons.dbcp2.TestPStmtPoolingBasicDataSource)  Time elapsed: 0.001 sec
Running org.apache.commons.dbcp2.managed.TestManagedDataSourceInTx
Tests run: 36, Failures: 0, Errors: 0, Skipped: 0, Time elapsed: 2.762 sec - in org.apache.commons.dbcp2.managed.TestManagedDataSourceInTx
testSharedConnection(org.apache.commons.dbcp2.managed.TestManagedDataSourceInTx)  Time elapsed: 0.019 sec
testReadOnly(org.apache.commons.dbcp2.managed.TestManagedDataSourceInTx)  Time elapsed: 0.001 sec
testConnectionReturnOnCommit(org.apache.commons.dbcp2.managed.TestManagedDataSourceInTx)  Time elapsed: 0.001 sec
testAutoCommitBehavior(org.apache.commons.dbcp2.managed.TestManagedDataSourceInTx)  Time elapsed: 0.001 sec
testCloseInTransaction(org.apache.commons.dbcp2.managed.TestManagedDataSourceInTx)  Time elapsed: 0.001 sec
testManagedConnectionEqualsFail(org.apache.commons.dbcp2.managed.TestManagedDataSourceInTx)  Time elapsed: 0 sec
testHashCode(org.apache.commons.dbcp2.managed.TestManagedDataSourceInTx)  Time elapsed: 0.001 sec
testConnectionsAreDistinct(org.apache.commons.dbcp2.managed.TestManagedDataSourceInTx)  Time elapsed: 0.001 sec
testMaxTotal(org.apache.commons.dbcp2.managed.TestManagedDataSourceInTx)  Time elapsed: 0.102 sec
testCommit(org.apache.commons.dbcp2.managed.TestManagedDataSourceInTx)  Time elapsed: 0.001 sec
testClearWarnings(org.apache.commons.dbcp2.managed.TestManagedDataSourceInTx)  Time elapsed: 0.001 sec
testSharedTransactionConversion(org.apache.commons.dbcp2.managed.TestManagedDataSourceInTx)  Time elapsed: 0.002 sec
testManagedConnectionEqualsSameDelegateNoUnderlyingAccess(org.apache.commons.dbcp2.managed.TestManagedDataSourceInTx)  Time elapsed: 0.001 sec
testManagedConnectionEqualsSameDelegate(org.apache.commons.dbcp2.managed.TestManagedDataSourceInTx)  Time elapsed: 0.002 sec
testManagedConnectionEqualsNull(org.apache.commons.dbcp2.managed.TestManagedDataSourceInTx)  Time elapsed: 0.001 sec
testManagedConnectionEqualsType(org.apache.commons.dbcp2.managed.TestManagedDataSourceInTx)  Time elapsed: 0.001 sec
testManagedConnectionEqualInnermost(org.apache.commons.dbcp2.managed.TestManagedDataSourceInTx)  Time elapsed: 0.001 sec
testManagedConnectionEqualsReflexive(org.apache.commons.dbcp2.managed.TestManagedDataSourceInTx)  Time elapsed: 0 sec
testAccessToUnderlyingConnectionAllowed(org.apache.commons.dbcp2.managed.TestManagedDataSourceInTx)  Time elapsed: 0 sec
testThreaded(org.apache.commons.dbcp2.managed.TestManagedDataSourceInTx)  Time elapsed: 2.604 sec
testCanCloseStatementTwice(org.apache.commons.dbcp2.managed.TestManagedDataSourceInTx)  Time elapsed: 0.001 sec
testNoRsetClose(org.apache.commons.dbcp2.managed.TestManagedDataSourceInTx)  Time elapsed: 0.002 sec
testOpening(org.apache.commons.dbcp2.managed.TestManagedDataSourceInTx)  Time elapsed: 0.001 sec
testPooling(org.apache.commons.dbcp2.managed.TestManagedDataSourceInTx)  Time elapsed: 0.001 sec
testCanCloseConnectionTwice(org.apache.commons.dbcp2.managed.TestManagedDataSourceInTx)  Time elapsed: 0.001 sec
testIsClosed(org.apache.commons.dbcp2.managed.TestManagedDataSourceInTx)  Time elapsed: 0.002 sec
testCanCloseCallableStatementTwice(org.apache.commons.dbcp2.managed.TestManagedDataSourceInTx)  Time elapsed: 0 sec
testHashing(org.apache.commons.dbcp2.managed.TestManagedDataSourceInTx)  Time elapsed: 0.002 sec
testCanClosePreparedStatementTwice(org.apache.commons.dbcp2.managed.TestManagedDataSourceInTx)  Time elapsed: 0.001 sec
testClosing(org.apache.commons.dbcp2.managed.TestManagedDataSourceInTx)  Time elapsed: 0.001 sec
testPrepareStatementOptions(org.apache.commons.dbcp2.managed.TestManagedDataSourceInTx)  Time elapsed: 0.001 sec
testBackPointers(org.apache.commons.dbcp2.managed.TestManagedDataSourceInTx)  Time elapsed: 0.002 sec
testRepeatedBorrowAndReturn(org.apache.commons.dbcp2.managed.TestManagedDataSourceInTx)  Time elapsed: 0.001 sec
testCanCloseResultSetTwice(org.apache.commons.dbcp2.managed.TestManagedDataSourceInTx)  Time elapsed: 0.001 sec
testSimple2(org.apache.commons.dbcp2.managed.TestManagedDataSourceInTx)  Time elapsed: 0.001 sec
testSimple(org.apache.commons.dbcp2.managed.TestManagedDataSourceInTx)  Time elapsed: 0.001 sec
Running org.apache.commons.dbcp2.managed.TestDataSourceXAConnectionFactory
Tests run: 47, Failures: 0, Errors: 0, Skipped: 0, Time elapsed: 4.044 sec - in org.apache.commons.dbcp2.managed.TestDataSourceXAConnectionFactory
testPhysicalClose(org.apache.commons.dbcp2.managed.TestDataSourceXAConnectionFactory)  Time elapsed: 0.014 sec
testEmptyValidationQuery(org.apache.commons.dbcp2.managed.TestDataSourceXAConnectionFactory)  Time elapsed: 0 sec
testValidationQueryTimoutFail(org.apache.commons.dbcp2.managed.TestDataSourceXAConnectionFactory)  Time elapsed: 0.001 sec
testSetValidationTestProperties(org.apache.commons.dbcp2.managed.TestDataSourceXAConnectionFactory)  Time elapsed: 0 sec
testRollbackReadOnly(org.apache.commons.dbcp2.managed.TestDataSourceXAConnectionFactory)  Time elapsed: 0.005 sec
testClose(org.apache.commons.dbcp2.managed.TestDataSourceXAConnectionFactory)  Time elapsed: 0 sec
testPropertyTestOnReturn(org.apache.commons.dbcp2.managed.TestDataSourceXAConnectionFactory)  Time elapsed: 0.001 sec
testValidationQueryTimeoutSucceed(org.apache.commons.dbcp2.managed.TestDataSourceXAConnectionFactory)  Time elapsed: 0 sec
testMaxTotalZero(org.apache.commons.dbcp2.managed.TestDataSourceXAConnectionFactory)  Time elapsed: 0.101 sec
testPooling(org.apache.commons.dbcp2.managed.TestDataSourceXAConnectionFactory)  Time elapsed: 0.001 sec
testValidationQueryTimeoutNegative(org.apache.commons.dbcp2.managed.TestDataSourceXAConnectionFactory)  Time elapsed: 0 sec
testInvalidConnectionInitSql(org.apache.commons.dbcp2.managed.TestDataSourceXAConnectionFactory)  Time elapsed: 0 sec
testSetAutoCommitTrueOnClose(org.apache.commons.dbcp2.managed.TestDataSourceXAConnectionFactory)  Time elapsed: 0.001 sec
testValidationQueryTimeoutZero(org.apache.commons.dbcp2.managed.TestDataSourceXAConnectionFactory)  Time elapsed: 0 sec
testEmptyInitConnectionSql(org.apache.commons.dbcp2.managed.TestDataSourceXAConnectionFactory)  Time elapsed: 0 sec
testDriverClassLoader(org.apache.commons.dbcp2.managed.TestDataSourceXAConnectionFactory)  Time elapsed: 0.001 sec
testInitialSize(org.apache.commons.dbcp2.managed.TestDataSourceXAConnectionFactory)  Time elapsed: 0 sec
testInvalidValidationQuery(org.apache.commons.dbcp2.managed.TestDataSourceXAConnectionFactory)  Time elapsed: 0.001 sec
testNoAccessToUnderlyingConnectionAllowed(org.apache.commons.dbcp2.managed.TestDataSourceXAConnectionFactory)  Time elapsed: 0 sec
testCreateDataSourceCleanupEvictor(org.apache.commons.dbcp2.managed.TestDataSourceXAConnectionFactory)  Time elapsed: 1.001 sec
testTransactionIsolationBehavior(org.apache.commons.dbcp2.managed.TestDataSourceXAConnectionFactory)  Time elapsed: 0 sec
testCreateDataSourceCleanupThreads(org.apache.commons.dbcp2.managed.TestDataSourceXAConnectionFactory)  Time elapsed: 0.001 sec
testDefaultCatalog(org.apache.commons.dbcp2.managed.TestDataSourceXAConnectionFactory)  Time elapsed: 0 sec
testAccessToUnderlyingConnectionAllowed(org.apache.commons.dbcp2.managed.TestDataSourceXAConnectionFactory)  Time elapsed: 0.001 sec
testSetProperties(org.apache.commons.dbcp2.managed.TestDataSourceXAConnectionFactory)  Time elapsed: 0 sec
testIsClosedFailure(org.apache.commons.dbcp2.managed.TestDataSourceXAConnectionFactory)  Time elapsed: 0 sec
testThreaded(org.apache.commons.dbcp2.managed.TestDataSourceXAConnectionFactory)  Time elapsed: 2.803 sec
testCanCloseStatementTwice(org.apache.commons.dbcp2.managed.TestDataSourceXAConnectionFactory)  Time elapsed: 0.001 sec
testNoRsetClose(org.apache.commons.dbcp2.managed.TestDataSourceXAConnectionFactory)  Time elapsed: 0 sec
testOpening(org.apache.commons.dbcp2.managed.TestDataSourceXAConnectionFactory)  Time elapsed: 0.001 sec
testCanCloseConnectionTwice(org.apache.commons.dbcp2.managed.TestDataSourceXAConnectionFactory)  Time elapsed: 0 sec
testIsClosed(org.apache.commons.dbcp2.managed.TestDataSourceXAConnectionFactory)  Time elapsed: 0.001 sec
testCanCloseCallableStatementTwice(org.apache.commons.dbcp2.managed.TestDataSourceXAConnectionFactory)  Time elapsed: 0 sec
testAutoCommitBehavior(org.apache.commons.dbcp2.managed.TestDataSourceXAConnectionFactory)  Time elapsed: 0.001 sec
testHashing(org.apache.commons.dbcp2.managed.TestDataSourceXAConnectionFactory)  Time elapsed: 0 sec
testCanClosePreparedStatementTwice(org.apache.commons.dbcp2.managed.TestDataSourceXAConnectionFactory)  Time elapsed: 0.001 sec
testClosing(org.apache.commons.dbcp2.managed.TestDataSourceXAConnectionFactory)  Time elapsed: 0.001 sec
testPrepareStatementOptions(org.apache.commons.dbcp2.managed.TestDataSourceXAConnectionFactory)  Time elapsed: 0 sec
testBackPointers(org.apache.commons.dbcp2.managed.TestDataSourceXAConnectionFactory)  Time elapsed: 0.001 sec
testHashCode(org.apache.commons.dbcp2.managed.TestDataSourceXAConnectionFactory)  Time elapsed: 0.001 sec
testConnectionsAreDistinct(org.apache.commons.dbcp2.managed.TestDataSourceXAConnectionFactory)  Time elapsed: 0.001 sec
testMaxTotal(org.apache.commons.dbcp2.managed.TestDataSourceXAConnectionFactory)  Time elapsed: 0.101 sec
testRepeatedBorrowAndReturn(org.apache.commons.dbcp2.managed.TestDataSourceXAConnectionFactory)  Time elapsed: 0 sec
testCanCloseResultSetTwice(org.apache.commons.dbcp2.managed.TestDataSourceXAConnectionFactory)  Time elapsed: 0.001 sec
testClearWarnings(org.apache.commons.dbcp2.managed.TestDataSourceXAConnectionFactory)  Time elapsed: 0 sec
testSimple2(org.apache.commons.dbcp2.managed.TestDataSourceXAConnectionFactory)  Time elapsed: 0 sec
testSimple(org.apache.commons.dbcp2.managed.TestDataSourceXAConnectionFactory)  Time elapsed: 0 sec
Running org.apache.commons.dbcp2.managed.TestManagedDataSource
Tests run: 32, Failures: 0, Errors: 0, Skipped: 0, Time elapsed: 2.83 sec - in org.apache.commons.dbcp2.managed.TestManagedDataSource
testManagedConnectionEqualsSameDelegateNoUnderlyingAccess(org.apache.commons.dbcp2.managed.TestManagedDataSource)  Time elapsed: 0 sec
testSharedConnection(org.apache.commons.dbcp2.managed.TestManagedDataSource)  Time elapsed: 0.001 sec
testManagedConnectionEqualsSameDelegate(org.apache.commons.dbcp2.managed.TestManagedDataSource)  Time elapsed: 0.001 sec
testConnectionReturnOnCommit(org.apache.commons.dbcp2.managed.TestManagedDataSource)  Time elapsed: 0.001 sec
testManagedConnectionEqualsFail(org.apache.commons.dbcp2.managed.TestManagedDataSource)  Time elapsed: 0.001 sec
testManagedConnectionEqualsNull(org.apache.commons.dbcp2.managed.TestManagedDataSource)  Time elapsed: 0.001 sec
testManagedConnectionEqualsType(org.apache.commons.dbcp2.managed.TestManagedDataSource)  Time elapsed: 0 sec
testManagedConnectionEqualInnermost(org.apache.commons.dbcp2.managed.TestManagedDataSource)  Time elapsed: 0.001 sec
testManagedConnectionEqualsReflexive(org.apache.commons.dbcp2.managed.TestManagedDataSource)  Time elapsed: 0.001 sec
testAccessToUnderlyingConnectionAllowed(org.apache.commons.dbcp2.managed.TestManagedDataSource)  Time elapsed: 0.001 sec
testThreaded(org.apache.commons.dbcp2.managed.TestManagedDataSource)  Time elapsed: 2.704 sec
testCanCloseStatementTwice(org.apache.commons.dbcp2.managed.TestManagedDataSource)  Time elapsed: 0.001 sec
testNoRsetClose(org.apache.commons.dbcp2.managed.TestManagedDataSource)  Time elapsed: 0.001 sec
testOpening(org.apache.commons.dbcp2.managed.TestManagedDataSource)  Time elapsed: 0.001 sec
testPooling(org.apache.commons.dbcp2.managed.TestManagedDataSource)  Time elapsed: 0.001 sec
testCanCloseConnectionTwice(org.apache.commons.dbcp2.managed.TestManagedDataSource)  Time elapsed: 0.001 sec
testIsClosed(org.apache.commons.dbcp2.managed.TestManagedDataSource)  Time elapsed: 0.001 sec
testCanCloseCallableStatementTwice(org.apache.commons.dbcp2.managed.TestManagedDataSource)  Time elapsed: 0.001 sec
testAutoCommitBehavior(org.apache.commons.dbcp2.managed.TestManagedDataSource)  Time elapsed: 0.001 sec
testHashing(org.apache.commons.dbcp2.managed.TestManagedDataSource)  Time elapsed: 0 sec
testCanClosePreparedStatementTwice(org.apache.commons.dbcp2.managed.TestManagedDataSource)  Time elapsed: 0.001 sec
testClosing(org.apache.commons.dbcp2.managed.TestManagedDataSource)  Time elapsed: 0 sec
testPrepareStatementOptions(org.apache.commons.dbcp2.managed.TestManagedDataSource)  Time elapsed: 0.001 sec
testBackPointers(org.apache.commons.dbcp2.managed.TestManagedDataSource)  Time elapsed: 0.001 sec
testHashCode(org.apache.commons.dbcp2.managed.TestManagedDataSource)  Time elapsed: 0.001 sec
testConnectionsAreDistinct(org.apache.commons.dbcp2.managed.TestManagedDataSource)  Time elapsed: 0 sec
testMaxTotal(org.apache.commons.dbcp2.managed.TestManagedDataSource)  Time elapsed: 0.101 sec
testRepeatedBorrowAndReturn(org.apache.commons.dbcp2.managed.TestManagedDataSource)  Time elapsed: 0.001 sec
testCanCloseResultSetTwice(org.apache.commons.dbcp2.managed.TestManagedDataSource)  Time elapsed: 0.001 sec
testClearWarnings(org.apache.commons.dbcp2.managed.TestManagedDataSource)  Time elapsed: 0 sec
testSimple2(org.apache.commons.dbcp2.managed.TestManagedDataSource)  Time elapsed: 0.001 sec
testSimple(org.apache.commons.dbcp2.managed.TestManagedDataSource)  Time elapsed: 0.001 sec
Running org.apache.commons.dbcp2.managed.TestBasicManagedDataSource
Tests run: 47, Failures: 0, Errors: 0, Skipped: 0, Time elapsed: 4.029 sec - in org.apache.commons.dbcp2.managed.TestBasicManagedDataSource
testReallyClose(org.apache.commons.dbcp2.managed.TestBasicManagedDataSource)  Time elapsed: 0 sec
testEmptyValidationQuery(org.apache.commons.dbcp2.managed.TestBasicManagedDataSource)  Time elapsed: 0 sec
testValidationQueryTimoutFail(org.apache.commons.dbcp2.managed.TestBasicManagedDataSource)  Time elapsed: 0.001 sec
testSetValidationTestProperties(org.apache.commons.dbcp2.managed.TestBasicManagedDataSource)  Time elapsed: 0 sec
testRollbackReadOnly(org.apache.commons.dbcp2.managed.TestBasicManagedDataSource)  Time elapsed: 0 sec
testClose(org.apache.commons.dbcp2.managed.TestBasicManagedDataSource)  Time elapsed: 0 sec
testPropertyTestOnReturn(org.apache.commons.dbcp2.managed.TestBasicManagedDataSource)  Time elapsed: 0.001 sec
testValidationQueryTimeoutSucceed(org.apache.commons.dbcp2.managed.TestBasicManagedDataSource)  Time elapsed: 0 sec
testMaxTotalZero(org.apache.commons.dbcp2.managed.TestBasicManagedDataSource)  Time elapsed: 0.101 sec
testPooling(org.apache.commons.dbcp2.managed.TestBasicManagedDataSource)  Time elapsed: 0.001 sec
testValidationQueryTimeoutNegative(org.apache.commons.dbcp2.managed.TestBasicManagedDataSource)  Time elapsed: 0 sec
testInvalidConnectionInitSql(org.apache.commons.dbcp2.managed.TestBasicManagedDataSource)  Time elapsed: 0.001 sec
testSetAutoCommitTrueOnClose(org.apache.commons.dbcp2.managed.TestBasicManagedDataSource)  Time elapsed: 0 sec
testValidationQueryTimeoutZero(org.apache.commons.dbcp2.managed.TestBasicManagedDataSource)  Time elapsed: 0.001 sec
testEmptyInitConnectionSql(org.apache.commons.dbcp2.managed.TestBasicManagedDataSource)  Time elapsed: 0 sec
testDriverClassLoader(org.apache.commons.dbcp2.managed.TestBasicManagedDataSource)  Time elapsed: 0.001 sec
testInitialSize(org.apache.commons.dbcp2.managed.TestBasicManagedDataSource)  Time elapsed: 0 sec
testInvalidValidationQuery(org.apache.commons.dbcp2.managed.TestBasicManagedDataSource)  Time elapsed: 0 sec
testNoAccessToUnderlyingConnectionAllowed(org.apache.commons.dbcp2.managed.TestBasicManagedDataSource)  Time elapsed: 0 sec
testCreateDataSourceCleanupEvictor(org.apache.commons.dbcp2.managed.TestBasicManagedDataSource)  Time elapsed: 1.001 sec
testTransactionIsolationBehavior(org.apache.commons.dbcp2.managed.TestBasicManagedDataSource)  Time elapsed: 0.001 sec
testCreateDataSourceCleanupThreads(org.apache.commons.dbcp2.managed.TestBasicManagedDataSource)  Time elapsed: 0 sec
testDefaultCatalog(org.apache.commons.dbcp2.managed.TestBasicManagedDataSource)  Time elapsed: 0 sec
testAccessToUnderlyingConnectionAllowed(org.apache.commons.dbcp2.managed.TestBasicManagedDataSource)  Time elapsed: 0.001 sec
testSetProperties(org.apache.commons.dbcp2.managed.TestBasicManagedDataSource)  Time elapsed: 0 sec
testIsClosedFailure(org.apache.commons.dbcp2.managed.TestBasicManagedDataSource)  Time elapsed: 0 sec
testThreaded(org.apache.commons.dbcp2.managed.TestBasicManagedDataSource)  Time elapsed: 2.804 sec
testCanCloseStatementTwice(org.apache.commons.dbcp2.managed.TestBasicManagedDataSource)  Time elapsed: 0.001 sec
testNoRsetClose(org.apache.commons.dbcp2.managed.TestBasicManagedDataSource)  Time elapsed: 0.001 sec
testOpening(org.apache.commons.dbcp2.managed.TestBasicManagedDataSource)  Time elapsed: 0 sec
testCanCloseConnectionTwice(org.apache.commons.dbcp2.managed.TestBasicManagedDataSource)  Time elapsed: 0 sec
testIsClosed(org.apache.commons.dbcp2.managed.TestBasicManagedDataSource)  Time elapsed: 0.001 sec
testCanCloseCallableStatementTwice(org.apache.commons.dbcp2.managed.TestBasicManagedDataSource)  Time elapsed: 0 sec
testAutoCommitBehavior(org.apache.commons.dbcp2.managed.TestBasicManagedDataSource)  Time elapsed: 0.001 sec
testHashing(org.apache.commons.dbcp2.managed.TestBasicManagedDataSource)  Time elapsed: 0 sec
testCanClosePreparedStatementTwice(org.apache.commons.dbcp2.managed.TestBasicManagedDataSource)  Time elapsed: 0.001 sec
testClosing(org.apache.commons.dbcp2.managed.TestBasicManagedDataSource)  Time elapsed: 0 sec
testPrepareStatementOptions(org.apache.commons.dbcp2.managed.TestBasicManagedDataSource)  Time elapsed: 0.001 sec
testBackPointers(org.apache.commons.dbcp2.managed.TestBasicManagedDataSource)  Time elapsed: 0.001 sec
testHashCode(org.apache.commons.dbcp2.managed.TestBasicManagedDataSource)  Time elapsed: 0 sec
testConnectionsAreDistinct(org.apache.commons.dbcp2.managed.TestBasicManagedDataSource)  Time elapsed: 0.001 sec
testMaxTotal(org.apache.commons.dbcp2.managed.TestBasicManagedDataSource)  Time elapsed: 0.101 sec
testRepeatedBorrowAndReturn(org.apache.commons.dbcp2.managed.TestBasicManagedDataSource)  Time elapsed: 0.001 sec
testCanCloseResultSetTwice(org.apache.commons.dbcp2.managed.TestBasicManagedDataSource)  Time elapsed: 0.001 sec
testClearWarnings(org.apache.commons.dbcp2.managed.TestBasicManagedDataSource)  Time elapsed: 0.001 sec
testSimple2(org.apache.commons.dbcp2.managed.TestBasicManagedDataSource)  Time elapsed: 0.001 sec
testSimple(org.apache.commons.dbcp2.managed.TestBasicManagedDataSource)  Time elapsed: 0 sec
Running org.apache.commons.dbcp2.TestDelegatingCallableStatement
Tests run: 3, Failures: 0, Errors: 0, Skipped: 0, Time elapsed: 0.001 sec - in org.apache.commons.dbcp2.TestDelegatingCallableStatement
testGetDelegate(org.apache.commons.dbcp2.TestDelegatingCallableStatement)  Time elapsed: 0 sec
testExecuteQueryReturnsNotNull(org.apache.commons.dbcp2.TestDelegatingCallableStatement)  Time elapsed: 0 sec
testExecuteQueryReturnsNull(org.apache.commons.dbcp2.TestDelegatingCallableStatement)  Time elapsed: 0 sec
Running org.apache.commons.dbcp2.TestPoolingDataSource
Tests run: 29, Failures: 0, Errors: 0, Skipped: 0, Time elapsed: 2.845 sec - in org.apache.commons.dbcp2.TestPoolingDataSource
testFixFactoryConfig(org.apache.commons.dbcp2.TestPoolingDataSource)  Time elapsed: 0.006 sec
testPoolGuardConnectionWrapperEqualsSameDelegate(org.apache.commons.dbcp2.TestPoolingDataSource)  Time elapsed: 0.001 sec
testestPoolGuardConnectionWrapperEqualInnermost(org.apache.commons.dbcp2.TestPoolingDataSource)  Time elapsed: 0.003 sec
testPoolGuardConnectionWrapperEqualsReflexive(org.apache.commons.dbcp2.TestPoolingDataSource)  Time elapsed: 0.001 sec
testPoolGuardConnectionWrapperEqualsFail(org.apache.commons.dbcp2.TestPoolingDataSource)  Time elapsed: 0.002 sec
testPoolGuardConnectionWrapperEqualsNull(org.apache.commons.dbcp2.TestPoolingDataSource)  Time elapsed: 0 sec
testPoolGuardConnectionWrapperEqualsType(org.apache.commons.dbcp2.TestPoolingDataSource)  Time elapsed: 0.001 sec
testThreaded(org.apache.commons.dbcp2.TestPoolingDataSource)  Time elapsed: 2.706 sec
testCanCloseStatementTwice(org.apache.commons.dbcp2.TestPoolingDataSource)  Time elapsed: 0.001 sec
testNoRsetClose(org.apache.commons.dbcp2.TestPoolingDataSource)  Time elapsed: 0.001 sec
testOpening(org.apache.commons.dbcp2.TestPoolingDataSource)  Time elapsed: 0.001 sec
testPooling(org.apache.commons.dbcp2.TestPoolingDataSource)  Time elapsed: 0.001 sec
testCanCloseConnectionTwice(org.apache.commons.dbcp2.TestPoolingDataSource)  Time elapsed: 0.002 sec
testIsClosed(org.apache.commons.dbcp2.TestPoolingDataSource)  Time elapsed: 0.001 sec
testCanCloseCallableStatementTwice(org.apache.commons.dbcp2.TestPoolingDataSource)  Time elapsed: 0.001 sec
testAutoCommitBehavior(org.apache.commons.dbcp2.TestPoolingDataSource)  Time elapsed: 0.001 sec
testHashing(org.apache.commons.dbcp2.TestPoolingDataSource)  Time elapsed: 0.001 sec
testCanClosePreparedStatementTwice(org.apache.commons.dbcp2.TestPoolingDataSource)  Time elapsed: 0.001 sec
testClosing(org.apache.commons.dbcp2.TestPoolingDataSource)  Time elapsed: 0.001 sec
testPrepareStatementOptions(org.apache.commons.dbcp2.TestPoolingDataSource)  Time elapsed: 0.001 sec
testBackPointers(org.apache.commons.dbcp2.TestPoolingDataSource)  Time elapsed: 0.002 sec
testHashCode(org.apache.commons.dbcp2.TestPoolingDataSource)  Time elapsed: 0.001 sec
testConnectionsAreDistinct(org.apache.commons.dbcp2.TestPoolingDataSource)  Time elapsed: 0.001 sec
testMaxTotal(org.apache.commons.dbcp2.TestPoolingDataSource)  Time elapsed: 0.101 sec
testRepeatedBorrowAndReturn(org.apache.commons.dbcp2.TestPoolingDataSource)  Time elapsed: 0.001 sec
testCanCloseResultSetTwice(org.apache.commons.dbcp2.TestPoolingDataSource)  Time elapsed: 0.001 sec
testClearWarnings(org.apache.commons.dbcp2.TestPoolingDataSource)  Time elapsed: 0.001 sec
testSimple2(org.apache.commons.dbcp2.TestPoolingDataSource)  Time elapsed: 0.001 sec
testSimple(org.apache.commons.dbcp2.TestPoolingDataSource)  Time elapsed: 0.001 sec
Running org.apache.commons.dbcp2.TestDriverManagerConnectionFactory
Tests run: 1, Failures: 0, Errors: 0, Skipped: 0, Time elapsed: 0.1 sec - in org.apache.commons.dbcp2.TestDriverManagerConnectionFactory
testDriverManagerInit(org.apache.commons.dbcp2.TestDriverManagerConnectionFactory)  Time elapsed: 0.1 sec
Running org.apache.commons.dbcp2.TestDelegatingDatabaseMetaData
Tests run: 2, Failures: 0, Errors: 0, Skipped: 0, Time elapsed: 0.004 sec - in org.apache.commons.dbcp2.TestDelegatingDatabaseMetaData
testGetDelegate(org.apache.commons.dbcp2.TestDelegatingDatabaseMetaData)  Time elapsed: 0.004 sec
testCheckOpen(org.apache.commons.dbcp2.TestDelegatingDatabaseMetaData)  Time elapsed: 0 sec
Running org.apache.commons.dbcp2.TestJndi
Tests run: 3, Failures: 0, Errors: 0, Skipped: 0, Time elapsed: 0.012 sec - in org.apache.commons.dbcp2.TestJndi
testBasicDataSourceBind(org.apache.commons.dbcp2.TestJndi)  Time elapsed: 0.012 sec
testPerUserPoolDataSourceBind(org.apache.commons.dbcp2.TestJndi)  Time elapsed: 0 sec
testSharedPoolDataSourceBind(org.apache.commons.dbcp2.TestJndi)  Time elapsed: 0 sec
Running org.apache.commons.dbcp2.cpdsadapter.TestDriverAdapterCPDS
Tests run: 6, Failures: 0, Errors: 0, Skipped: 0, Time elapsed: 9.836 sec - in org.apache.commons.dbcp2.cpdsadapter.TestDriverAdapterCPDS
testClosingWithUserName(org.apache.commons.dbcp2.cpdsadapter.TestDriverAdapterCPDS)  Time elapsed: 0 sec
testDbcp367(org.apache.commons.dbcp2.cpdsadapter.TestDriverAdapterCPDS)  Time elapsed: 9.835 sec
testSimpleWithUsername(org.apache.commons.dbcp2.cpdsadapter.TestDriverAdapterCPDS)  Time elapsed: 0.001 sec
testSetProperties(org.apache.commons.dbcp2.cpdsadapter.TestDriverAdapterCPDS)  Time elapsed: 0 sec
testSimple(org.apache.commons.dbcp2.cpdsadapter.TestDriverAdapterCPDS)  Time elapsed: 0 sec
testIncorrectPassword(org.apache.commons.dbcp2.cpdsadapter.TestDriverAdapterCPDS)  Time elapsed: 0 sec
Running org.apache.commons.dbcp2.TestUtils
Tests run: 1, Failures: 0, Errors: 0, Skipped: 0, Time elapsed: 0 sec - in org.apache.commons.dbcp2.TestUtils
testClassLoads(org.apache.commons.dbcp2.TestUtils)  Time elapsed: 0 sec
Running org.apache.commons.dbcp2.TestPoolableConnection
Tests run: 3, Failures: 0, Errors: 0, Skipped: 0, Time elapsed: 0.001 sec - in org.apache.commons.dbcp2.TestPoolableConnection
testPoolableConnectionLeak(org.apache.commons.dbcp2.TestPoolableConnection)  Time elapsed: 0.001 sec
testConnectionPool(org.apache.commons.dbcp2.TestPoolableConnection)  Time elapsed: 0 sec
testClosingWrappedInDelegate(org.apache.commons.dbcp2.TestPoolableConnection)  Time elapsed: 0 sec
Running org.apache.commons.dbcp2.TestDelegatingStatement
Tests run: 4, Failures: 0, Errors: 0, Skipped: 0, Time elapsed: 0.002 sec - in org.apache.commons.dbcp2.TestDelegatingStatement
testGetDelegate(org.apache.commons.dbcp2.TestDelegatingStatement)  Time elapsed: 0 sec
testIsWrapperFor(org.apache.commons.dbcp2.TestDelegatingStatement)  Time elapsed: 0.001 sec
testExecuteQueryReturnsNull(org.apache.commons.dbcp2.TestDelegatingStatement)  Time elapsed: 0 sec
testCheckOpen(org.apache.commons.dbcp2.TestDelegatingStatement)  Time elapsed: 0 sec

Results :

Tests run: 485, Failures: 0, Errors: 0, Skipped: 0

[INFO] 
[INFO] --- maven-jar-plugin:2.4:jar (default-jar) @ commons-dbcp2 ---
[INFO] Building jar: /tmp/tmpdwhf7lcx/commons-dbcp/target/commons-dbcp2-2.0.1.jar
[INFO] 
[INFO] --- maven-assembly-plugin:3.2.0:single (default) @ commons-dbcp2 ---
[INFO] Reading assembly descriptor: src/main/assembly/src.xml
[INFO] ------------------------------------------------------------------------
[INFO] BUILD FAILURE
[INFO] ------------------------------------------------------------------------
[INFO] Total time:  01:23 min
[INFO] Finished at: 2020-08-03T09:48:30Z
[INFO] ------------------------------------------------------------------------
[ERROR] Failed to execute goal org.apache.maven.plugins:maven-assembly-plugin:3.2.0:single (default) on project commons-dbcp2: Error reading assemblies: Error locating assembly descriptor: src/main/assembly/src.xml
[ERROR] 
[ERROR] [1] [INFO] Searching for file location: /tmp/tmpdwhf7lcx/commons-dbcp/src/main/assembly/src.xml
[ERROR] 
[ERROR] [2] [INFO] File: /tmp/tmpdwhf7lcx/commons-dbcp/src/main/assembly/src.xml does not exist.
[ERROR] 
[ERROR] [3] [INFO] File: /tmp/tmpdwhf7lcx/commons-dbcp/src/main/assembly/src.xml does not exist.
[ERROR] -> [Help 1]
org.apache.maven.lifecycle.LifecycleExecutionException: Failed to execute goal org.apache.maven.plugins:maven-assembly-plugin:3.2.0:single (default) on project commons-dbcp2: Error reading assemblies: Error locating assembly descriptor: src/main/assembly/src.xml

[1] [INFO] Searching for file location: /tmp/tmpdwhf7lcx/commons-dbcp/src/main/assembly/src.xml

[2] [INFO] File: /tmp/tmpdwhf7lcx/commons-dbcp/src/main/assembly/src.xml does not exist.

[3] [INFO] File: /tmp/tmpdwhf7lcx/commons-dbcp/src/main/assembly/src.xml does not exist.
    at org.apache.maven.lifecycle.internal.MojoExecutor.execute (MojoExecutor.java:215)
    at org.apache.maven.lifecycle.internal.MojoExecutor.execute (MojoExecutor.java:156)
    at org.apache.maven.lifecycle.internal.MojoExecutor.execute (MojoExecutor.java:148)
    at org.apache.maven.lifecycle.internal.LifecycleModuleBuilder.buildProject (LifecycleModuleBuilder.java:117)
    at org.apache.maven.lifecycle.internal.LifecycleModuleBuilder.buildProject (LifecycleModuleBuilder.java:81)
    at org.apache.maven.lifecycle.internal.builder.singlethreaded.SingleThreadedBuilder.build (SingleThreadedBuilder.java:56)
    at org.apache.maven.lifecycle.internal.LifecycleStarter.execute (LifecycleStarter.java:128)
    at org.apache.maven.DefaultMaven.doExecute (DefaultMaven.java:305)
    at org.apache.maven.DefaultMaven.doExecute (DefaultMaven.java:192)
    at org.apache.maven.DefaultMaven.execute (DefaultMaven.java:105)
    at org.apache.maven.cli.MavenCli.execute (MavenCli.java:957)
    at org.apache.maven.cli.MavenCli.doMain (MavenCli.java:289)
    at org.apache.maven.cli.MavenCli.main (MavenCli.java:193)
    at sun.reflect.NativeMethodAccessorImpl.invoke0 (Native Method)
    at sun.reflect.NativeMethodAccessorImpl.invoke (NativeMethodAccessorImpl.java:62)
    at sun.reflect.DelegatingMethodAccessorImpl.invoke (DelegatingMethodAccessorImpl.java:43)
    at java.lang.reflect.Method.invoke (Method.java:498)
    at org.codehaus.plexus.classworlds.launcher.Launcher.launchEnhanced (Launcher.java:282)
    at org.codehaus.plexus.classworlds.launcher.Launcher.launch (Launcher.java:225)
    at org.codehaus.plexus.classworlds.launcher.Launcher.mainWithExitCode (Launcher.java:406)
    at org.codehaus.plexus.classworlds.launcher.Launcher.main (Launcher.java:347)
Caused by: org.apache.maven.plugin.MojoExecutionException: Error reading assemblies: Error locating assembly descriptor: src/main/assembly/src.xml

[1] [INFO] Searching for file location: /tmp/tmpdwhf7lcx/commons-dbcp/src/main/assembly/src.xml

[2] [INFO] File: /tmp/tmpdwhf7lcx/commons-dbcp/src/main/assembly/src.xml does not exist.

[3] [INFO] File: /tmp/tmpdwhf7lcx/commons-dbcp/src/main/assembly/src.xml does not exist.
    at org.apache.maven.plugins.assembly.mojos.AbstractAssemblyMojo.execute (AbstractAssemblyMojo.java:454)
    at org.apache.maven.plugins.assembly.mojos.SingleAssemblyMojo.execute (SingleAssemblyMojo.java:61)
    at org.apache.maven.plugin.DefaultBuildPluginManager.executeMojo (DefaultBuildPluginManager.java:137)
    at org.apache.maven.lifecycle.internal.MojoExecutor.execute (MojoExecutor.java:210)
    at org.apache.maven.lifecycle.internal.MojoExecutor.execute (MojoExecutor.java:156)
    at org.apache.maven.lifecycle.internal.MojoExecutor.execute (MojoExecutor.java:148)
    at org.apache.maven.lifecycle.internal.LifecycleModuleBuilder.buildProject (LifecycleModuleBuilder.java:117)
    at org.apache.maven.lifecycle.internal.LifecycleModuleBuilder.buildProject (LifecycleModuleBuilder.java:81)
    at org.apache.maven.lifecycle.internal.builder.singlethreaded.SingleThreadedBuilder.build (SingleThreadedBuilder.java:56)
    at org.apache.maven.lifecycle.internal.LifecycleStarter.execute (LifecycleStarter.java:128)
    at org.apache.maven.DefaultMaven.doExecute (DefaultMaven.java:305)
    at org.apache.maven.DefaultMaven.doExecute (DefaultMaven.java:192)
    at org.apache.maven.DefaultMaven.execute (DefaultMaven.java:105)
    at org.apache.maven.cli.MavenCli.execute (MavenCli.java:957)
    at org.apache.maven.cli.MavenCli.doMain (MavenCli.java:289)
    at org.apache.maven.cli.MavenCli.main (MavenCli.java:193)
    at sun.reflect.NativeMethodAccessorImpl.invoke0 (Native Method)
    at sun.reflect.NativeMethodAccessorImpl.invoke (NativeMethodAccessorImpl.java:62)
    at sun.reflect.DelegatingMethodAccessorImpl.invoke (DelegatingMethodAccessorImpl.java:43)
    at java.lang.reflect.Method.invoke (Method.java:498)
    at org.codehaus.plexus.classworlds.launcher.Launcher.launchEnhanced (Launcher.java:282)
    at org.codehaus.plexus.classworlds.launcher.Launcher.launch (Launcher.java:225)
    at org.codehaus.plexus.classworlds.launcher.Launcher.mainWithExitCode (Launcher.java:406)
    at org.codehaus.plexus.classworlds.launcher.Launcher.main (Launcher.java:347)
Caused by: org.apache.maven.plugins.assembly.io.AssemblyReadException: Error locating assembly descriptor: src/main/assembly/src.xml

[1] [INFO] Searching for file location: /tmp/tmpdwhf7lcx/commons-dbcp/src/main/assembly/src.xml

[2] [INFO] File: /tmp/tmpdwhf7lcx/commons-dbcp/src/main/assembly/src.xml does not exist.

[3] [INFO] File: /tmp/tmpdwhf7lcx/commons-dbcp/src/main/assembly/src.xml does not exist.
    at org.apache.maven.plugins.assembly.io.DefaultAssemblyReader.addAssemblyFromDescriptor (DefaultAssemblyReader.java:294)
    at org.apache.maven.plugins.assembly.io.DefaultAssemblyReader.readAssemblies (DefaultAssemblyReader.java:116)
    at org.apache.maven.plugins.assembly.mojos.AbstractAssemblyMojo.execute (AbstractAssemblyMojo.java:450)
    at org.apache.maven.plugins.assembly.mojos.SingleAssemblyMojo.execute (SingleAssemblyMojo.java:61)
    at org.apache.maven.plugin.DefaultBuildPluginManager.executeMojo (DefaultBuildPluginManager.java:137)
    at org.apache.maven.lifecycle.internal.MojoExecutor.execute (MojoExecutor.java:210)
    at org.apache.maven.lifecycle.internal.MojoExecutor.execute (MojoExecutor.java:156)
    at org.apache.maven.lifecycle.internal.MojoExecutor.execute (MojoExecutor.java:148)
    at org.apache.maven.lifecycle.internal.LifecycleModuleBuilder.buildProject (LifecycleModuleBuilder.java:117)
    at org.apache.maven.lifecycle.internal.LifecycleModuleBuilder.buildProject (LifecycleModuleBuilder.java:81)
    at org.apache.maven.lifecycle.internal.builder.singlethreaded.SingleThreadedBuilder.build (SingleThreadedBuilder.java:56)
    at org.apache.maven.lifecycle.internal.LifecycleStarter.execute (LifecycleStarter.java:128)
    at org.apache.maven.DefaultMaven.doExecute (DefaultMaven.java:305)
    at org.apache.maven.DefaultMaven.doExecute (DefaultMaven.java:192)
    at org.apache.maven.DefaultMaven.execute (DefaultMaven.java:105)
    at org.apache.maven.cli.MavenCli.execute (MavenCli.java:957)
    at org.apache.maven.cli.MavenCli.doMain (MavenCli.java:289)
    at org.apache.maven.cli.MavenCli.main (MavenCli.java:193)
    at sun.reflect.NativeMethodAccessorImpl.invoke0 (Native Method)
    at sun.reflect.NativeMethodAccessorImpl.invoke (NativeMethodAccessorImpl.java:62)
    at sun.reflect.DelegatingMethodAccessorImpl.invoke (DelegatingMethodAccessorImpl.java:43)
    at java.lang.reflect.Method.invoke (Method.java:498)
    at org.codehaus.plexus.classworlds.launcher.Launcher.launchEnhanced (Launcher.java:282)
    at org.codehaus.plexus.classworlds.launcher.Launcher.launch (Launcher.java:225)
    at org.codehaus.plexus.classworlds.launcher.Launcher.mainWithExitCode (Launcher.java:406)
    at org.codehaus.plexus.classworlds.launcher.Launcher.main (Launcher.java:347)
[ERROR] 
[ERROR] Re-run Maven using the -X switch to enable full debug logging.
[ERROR] 
[ERROR] For more information about the errors and possible solutions, please read the following articles:
[ERROR] [Help 1] http://cwiki.apache.org/confluence/display/MAVEN/MojoExecutionException
[INFO] Build failures were ignored.
