[INFO] Error stacktraces are turned on.
[INFO] Scanning for projects...
[WARNING] 
[WARNING] Some problems were encountered while building the effective model for eu.bitwalker:UserAgentUtils:jar:1.20-SNAPSHOT
[WARNING] 'build.plugins.plugin.version' for org.apache.maven.plugins:maven-source-plugin is missing. @ line 121, column 15
[WARNING] 
[WARNING] It is highly recommended to fix these problems because they threaten the stability of your build.
[WARNING] 
[WARNING] For this reason, future Maven versions might no longer support building such malformed projects.
[WARNING] 
[INFO] Inspecting build with total of 1 modules...
[INFO] Installing Nexus Staging features:
[INFO]   ... total of 1 executions of maven-deploy-plugin replaced with nexus-staging-maven-plugin
[INFO] 
[INFO] --------------------< eu.bitwalker:UserAgentUtils >---------------------
[INFO] Building User-Agent-Utils 1.20-SNAPSHOT
[INFO] --------------------------------[ jar ]---------------------------------
[INFO] 
[INFO] --- maven-resources-plugin:2.7:resources (default-resources) @ UserAgentUtils ---
[WARNING] Using platform encoding (UTF-8 actually) to copy filtered resources, i.e. build is platform dependent!
[INFO] skip non existing resourceDirectory /tmp/tmp0f02bt9z/user-agent-utils/src/main/resources
[INFO] 
[INFO] --- maven-compiler-plugin:3.1:compile (default-compile) @ UserAgentUtils ---
[INFO] Changes detected - recompiling the module!
[WARNING] File encoding has not been set, using platform encoding UTF-8, i.e. build is platform dependent!
[INFO] Compiling 16 source files to /tmp/tmp0f02bt9z/user-agent-utils/target/classes
[INFO] 
[INFO] --- maven-resources-plugin:2.7:testResources (default-testResources) @ UserAgentUtils ---
[WARNING] Using platform encoding (UTF-8 actually) to copy filtered resources, i.e. build is platform dependent!
[INFO] skip non existing resourceDirectory /tmp/tmp0f02bt9z/user-agent-utils/src/test/resources
[INFO] 
[INFO] --- maven-compiler-plugin:3.1:testCompile (default-testCompile) @ UserAgentUtils ---
[INFO] Changes detected - recompiling the module!
[WARNING] File encoding has not been set, using platform encoding UTF-8, i.e. build is platform dependent!
[INFO] Compiling 28 source files to /tmp/tmp0f02bt9z/user-agent-utils/target/test-classes
[INFO] 
[INFO] --- maven-surefire-plugin:2.4:test (default-test) @ UserAgentUtils ---
[INFO] Surefire report directory: /tmp/tmp0f02bt9z/user-agent-utils/target/surefire-reports

-------------------------------------------------------
 T E S T S
-------------------------------------------------------
Running eu.bitwalker.useragentutils.browser.CFNetworkParameterizedTest
Tests run: 3, Failures: 0, Errors: 0, Skipped: 0, Time elapsed: 0.016 sec
Running eu.bitwalker.useragentutils.browser.LotusParameterizedTest
Tests run: 2, Failures: 0, Errors: 0, Skipped: 0, Time elapsed: 0.003 sec
Running eu.bitwalker.useragentutils.ApplicationTest
Tests run: 2, Failures: 0, Errors: 0, Skipped: 0, Time elapsed: 0.002 sec
Running eu.bitwalker.useragentutils.browser.OthersParameterizedTest
Tests run: 40, Failures: 0, Errors: 0, Skipped: 0, Time elapsed: 0.015 sec
Running eu.bitwalker.useragentutils.browser.SafariParameterizedTest
Tests run: 25, Failures: 0, Errors: 0, Skipped: 0, Time elapsed: 0.039 sec
Running eu.bitwalker.useragentutils.browser.OutlookParameterizedTest
Tests run: 5, Failures: 0, Errors: 0, Skipped: 0, Time elapsed: 0.002 sec
Running eu.bitwalker.useragentutils.VersionTest
Tests run: 1, Failures: 0, Errors: 0, Skipped: 0, Time elapsed: 0.001 sec
Running eu.bitwalker.useragentutils.UserAgentTest
Tests run: 5, Failures: 0, Errors: 0, Skipped: 0, Time elapsed: 0.002 sec
Running eu.bitwalker.useragentutils.OperatingSystemTest
Tests run: 7, Failures: 0, Errors: 0, Skipped: 0, Time elapsed: 0.005 sec
Running eu.bitwalker.useragentutils.browser.LynxParameterizedTest
Tests run: 2, Failures: 0, Errors: 0, Skipped: 0, Time elapsed: 0.003 sec
Running eu.bitwalker.useragentutils.browser.CaminoParameterizedTest
Tests run: 4, Failures: 0, Errors: 0, Skipped: 0, Time elapsed: 0.009 sec
Running eu.bitwalker.useragentutils.ApplicationParameterizedTest
Tests run: 40, Failures: 0, Errors: 0, Skipped: 0, Time elapsed: 0.018 sec
Running eu.bitwalker.useragentutils.browser.BotParameterizedTest
Tests run: 20, Failures: 0, Errors: 0, Skipped: 0, Time elapsed: 0.004 sec
Running eu.bitwalker.useragentutils.browser.InternetExplorerMobileParameterizedTest
Tests run: 8, Failures: 0, Errors: 0, Skipped: 0, Time elapsed: 0.002 sec
Running eu.bitwalker.useragentutils.browser.ThunderbirdParameterizedTest
Tests run: 4, Failures: 0, Errors: 0, Skipped: 0, Time elapsed: 0.001 sec
Running eu.bitwalker.useragentutils.browser.ChromeMobileParameterizedTest
Tests run: 3, Failures: 0, Errors: 0, Skipped: 0, Time elapsed: 0.002 sec
Running eu.bitwalker.useragentutils.browser.ChromeParameterizedTest
Tests run: 14, Failures: 0, Errors: 0, Skipped: 0, Time elapsed: 0.008 sec
Running eu.bitwalker.useragentutils.BrowserTest
Tests run: 6, Failures: 0, Errors: 0, Skipped: 0, Time elapsed: 0.01 sec
Running eu.bitwalker.useragentutils.browser.InternetExplorerParameterizedTest
Tests run: 21, Failures: 0, Errors: 0, Skipped: 0, Time elapsed: 0.004 sec
Running eu.bitwalker.useragentutils.ManufacturerTest
Tests run: 1, Failures: 0, Errors: 0, Skipped: 0, Time elapsed: 0.002 sec
Running eu.bitwalker.useragentutils.browser.OperaParameterizedTest
Tests run: 15, Failures: 0, Errors: 0, Skipped: 0, Time elapsed: 0.069 sec
Running eu.bitwalker.useragentutils.browser.KonquerorParameterizedTest
Tests run: 3, Failures: 0, Errors: 0, Skipped: 0, Time elapsed: 0.001 sec
Running eu.bitwalker.useragentutils.browser.InternetExplorerXboxParameterizedTest
Tests run: 2, Failures: 0, Errors: 0, Skipped: 0, Time elapsed: 0.001 sec
Running eu.bitwalker.useragentutils.browser.BlackberryParameterizedTest
Tests run: 2, Failures: 0, Errors: 0, Skipped: 0, Time elapsed: 0.001 sec
Running eu.bitwalker.useragentutils.browser.FirefoxParameterizedTest
Tests run: 13, Failures: 0, Errors: 0, Skipped: 0, Time elapsed: 0.002 sec
Running eu.bitwalker.useragentutils.browser.ToolParameterizedTest
Tests run: 2, Failures: 0, Errors: 0, Skipped: 0, Time elapsed: 0.001 sec

Results :

Tests run: 250, Failures: 0, Errors: 0, Skipped: 0

[INFO] 
[INFO] --- maven-jar-plugin:2.4:jar (default-jar) @ UserAgentUtils ---
[INFO] Building jar: /tmp/tmp0f02bt9z/user-agent-utils/target/UserAgentUtils-1.20-SNAPSHOT.jar
[INFO] 
[INFO] --- maven-javadoc-plugin:2.10.3:jar (attach-javadocs) @ UserAgentUtils ---
[INFO] Skipping javadoc generation
[INFO] 
[INFO] --- maven-source-plugin:3.2.1:jar-no-fork (attach-sources) @ UserAgentUtils ---
[INFO] Building jar: /tmp/tmp0f02bt9z/user-agent-utils/target/UserAgentUtils-1.20-SNAPSHOT-sources.jar
[INFO] 
[INFO] --- maven-assembly-plugin:3.2.0:single (default) @ UserAgentUtils ---
[INFO] Building jar: /tmp/tmp0f02bt9z/user-agent-utils/target/UserAgentUtils-1.20-SNAPSHOT-jar-with-dependencies.jar
[INFO] ------------------------------------------------------------------------
[INFO] BUILD SUCCESS
[INFO] ------------------------------------------------------------------------
[INFO] Total time:  6.382 s
[INFO] Finished at: 2020-07-30T19:43:29Z
[INFO] ------------------------------------------------------------------------
