[INFO] Error stacktraces are turned on.
[INFO] Scanning for projects...
[INFO] 
[INFO] ----------------< cz.muni.fi.mir:mathml-canonicalizer >-----------------
[INFO] Building MathMLCanonicalizer 1.4.0
[INFO] --------------------------------[ jar ]---------------------------------
[INFO] 
[INFO] --- jacoco-maven-plugin:0.8.5:prepare-agent (default) @ mathml-canonicalizer ---
[INFO] argLine set to -javaagent:/home/jdbl/.m2/repository/org/jacoco/org.jacoco.agent/0.8.5/org.jacoco.agent-0.8.5-runtime.jar=destfile=/tmp/tmpm15uqhzl/MathMLCan/target/jacoco.exec
[INFO] 
[INFO] --- maven-dependency-plugin:3.1.1:sources (default) @ mathml-canonicalizer ---
[INFO] 
[INFO] The following files have been resolved:
[INFO]    org.jdom:jdom2:jar:sources:2.0.6
[INFO]    jaxen:jaxen:jar:sources:1.1.6
[INFO]    commons-io:commons-io:jar:sources:2.6
[INFO]    commons-cli:commons-cli:jar:sources:1.4
[INFO]    xmlunit:xmlunit:jar:sources:1.6
[INFO]    junit:junit:jar:sources:4.12
[INFO]    org.hamcrest:hamcrest-core:jar:sources:1.3
[INFO] 
[INFO] The following files have NOT been resolved:
[INFO]    org.jdom:jdom2:jar:2.0.6:compile
[INFO]    jaxen:jaxen:jar:1.1.6:compile
[INFO]    commons-io:commons-io:jar:2.6:compile
[INFO]    commons-cli:commons-cli:jar:1.4:compile
[INFO]    xmlunit:xmlunit:jar:1.6:compile
[INFO]    junit:junit:jar:4.12:test
[INFO]    org.hamcrest:hamcrest-core:jar:1.3:test
[INFO] 
[INFO] 
[INFO] --- maven-resources-plugin:3.1.0:resources (default-resources) @ mathml-canonicalizer ---
[INFO] Using 'UTF-8' encoding to copy filtered resources.
[INFO] Copying 6 resources
[INFO] 
[INFO] --- maven-compiler-plugin:3.8.0:compile (default-compile) @ mathml-canonicalizer ---
[INFO] Changes detected - recompiling the module!
[INFO] Compiling 19 source files to /tmp/tmpm15uqhzl/MathMLCan/target/classes
[INFO] /tmp/tmpm15uqhzl/MathMLCan/src/main/java/cz/muni/fi/mir/mathmlcanonicalization/MathMLCanonicalizerCommandLineTool.java: /tmp/tmpm15uqhzl/MathMLCan/src/main/java/cz/muni/fi/mir/mathmlcanonicalization/MathMLCanonicalizerCommandLineTool.java uses or overrides a deprecated API.
[INFO] /tmp/tmpm15uqhzl/MathMLCan/src/main/java/cz/muni/fi/mir/mathmlcanonicalization/MathMLCanonicalizerCommandLineTool.java: Recompile with -Xlint:deprecation for details.
[INFO] 
[INFO] --- maven-resources-plugin:3.1.0:testResources (default-testResources) @ mathml-canonicalizer ---
[INFO] Using 'UTF-8' encoding to copy filtered resources.
[INFO] Copying 100 resources
[INFO] 
[INFO] --- maven-compiler-plugin:3.8.0:testCompile (default-testCompile) @ mathml-canonicalizer ---
[INFO] Changes detected - recompiling the module!
[INFO] Compiling 11 source files to /tmp/tmpm15uqhzl/MathMLCan/target/test-classes
[INFO] 
[INFO] --- maven-surefire-plugin:2.19.1:test (default-test) @ mathml-canonicalizer ---
[INFO] Surefire report directory: /tmp/tmpm15uqhzl/MathMLCan/target/surefire-reports

-------------------------------------------------------
 T E S T S
-------------------------------------------------------
Running cz.muni.fi.mir.mathmlcanonicalization.utils.DTDManipulatorTest
testInjectXHTMLPlusMathMLDTD
removeDTD
Tests run: 2, Failures: 0, Errors: 0, Skipped: 0, Time elapsed: 0.276 sec - in cz.muni.fi.mir.mathmlcanonicalization.utils.DTDManipulatorTest
Running cz.muni.fi.mir.mathmlcanonicalization.modules.OperatorNormalizerTest
Output of cz.muni.fi.mir.mathmlcanonicalization.modules.OperatorNormalizer@4bff1903
--------------------
<?xml version="1.0" encoding="UTF-8"?>
<math xmlns="http://www.w3.org/1998/Math/MathML">
    <mn>2</mn>
    
    <mi>a</mi>
    
    <mi>b</mi>
</math>
--------------------

Output of cz.muni.fi.mir.mathmlcanonicalization.modules.OperatorNormalizer@4bff1903
--------------------
<?xml version="1.0" encoding="UTF-8"?>
<math xmlns="http://www.w3.org/1998/Math/MathML">
    <mi>sin</mi>
    <mi>x</mi>
    <mrow>
        <mn>10</mn>
        <mo>+</mo>
        <mi>log</mi>
        <mi>y</mi>
    </mrow>
</math>
--------------------

Output of cz.muni.fi.mir.mathmlcanonicalization.modules.OperatorNormalizer@4bff1903
--------------------
<?xml version="1.0" encoding="UTF-8"?>
<math xmlns="http://www.w3.org/1998/Math/MathML">
    <mi>a</mi>
    <mo>b</mo>
  bb
    <mrow>
        <mi>A</mi>
    </mrow>
</math>
--------------------

Output of cz.muni.fi.mir.mathmlcanonicalization.modules.OperatorNormalizer@4bff1903
--------------------
<?xml version="1.0" encoding="UTF-8"?>
<math xmlns="http://www.w3.org/1998/Math/MathML">
    <mn>1</mn>
    <mo mathvariant="normal" mathsize="big">±</mo>
    <mrow>
        <mo mathvariant="bold" mathsize="small" mathcolor="AliceBlue">(</mo>
        <mi>x</mi>
        <mo>/</mo>
        <mn>3</mn>
        <mo>-</mo>
        <mi>y</mi>
        <mo>+</mo>
        <mn>5</mn>
        <mo>)</mo>
    </mrow>
    
    <mi>z</mi>
</math>
--------------------

Output of cz.muni.fi.mir.mathmlcanonicalization.modules.OperatorNormalizer@4bff1903
--------------------
<?xml version="1.0" encoding="UTF-8"?>
<math xmlns="http://www.w3.org/1998/Math/MathML">
    <mn>2</mn>
    
    
    <mi>a</mi>
    
    <mi>b</mi>
    
    <mi>c</mi>
</math>
--------------------

Output of cz.muni.fi.mir.mathmlcanonicalization.modules.OperatorNormalizer@4bff1903
--------------------
<?xml version="1.0" encoding="UTF-8"?>
<math xmlns="http://www.w3.org/1998/Math/MathML">
    <mn>1</mn>
    <mo>±</mo>
    <mrow>
        <mn>2</mn>
        <mo>/</mo>
        <mn>3</mn>
        <mo>-</mo>
        <mn>4</mn>
        <mo>+</mo>
        <mn>5</mn>
    </mrow>
</math>
--------------------

Tests run: 6, Failures: 0, Errors: 0, Skipped: 0, Time elapsed: 0.142 sec - in cz.muni.fi.mir.mathmlcanonicalization.modules.OperatorNormalizerTest
Running cz.muni.fi.mir.mathmlcanonicalization.modules.MfencedReplacerTest
Tests run: 6, Failures: 0, Errors: 0, Skipped: 0, Time elapsed: 0.05 sec - in cz.muni.fi.mir.mathmlcanonicalization.modules.MfencedReplacerTest
Running cz.muni.fi.mir.mathmlcanonicalization.modules.ScriptNormalizerTest
Output of cz.muni.fi.mir.mathmlcanonicalization.modules.ScriptNormalizer@71e9a896
--------------------
<?xml version="1.0" encoding="UTF-8"?>
<math xmlns="http://www.w3.org/1998/Math/MathML">
    <msup><msub><mi>x</mi><mn>1</mn></msub><mrow>
                <msup><msub><mi>y</mi><mn>2</mn></msub><mn>3</mn></msup>
            </mrow></msup>
    <msub>
        <msub>
            <mi>x</mi>
            <mn>3</mn>
        </msub>
        <mn>0</mn>
    </msub>
    <mrow>
        <msup><msub><mi>z</mi><mi>x</mi></msub><mn>4</mn></msup>
    </mrow>
</math>
--------------------

Output of cz.muni.fi.mir.mathmlcanonicalization.modules.ScriptNormalizer@71e9a896
--------------------
<?xml version="1.0" encoding="UTF-8"?>
<math xmlns="http://www.w3.org/1998/Math/MathML">
    <msup>
        <msub align="center" accentunder="true" id="1234">
            <mi>x</mi>
            <mn>1</mn>
        </msub>
        <mn>2</mn>
    </msup>
    <mrow>
        <msubsup>
        </msubsup>
    </mrow>
</math>
--------------------

Output of cz.muni.fi.mir.mathmlcanonicalization.modules.ScriptNormalizer@71e9a896
--------------------
<?xml version="1.0" encoding="UTF-8"?>
<math xmlns="http://www.w3.org/1998/Math/MathML">
    <msup><msub><mi>x</mi><mn>1</mn></msub><mn>2</mn></msup>
</math>
--------------------

Output of cz.muni.fi.mir.mathmlcanonicalization.modules.ScriptNormalizer@71e9a896
--------------------
<?xml version="1.0" encoding="UTF-8"?>
<math xmlns="http://www.w3.org/1998/Math/MathML">
    <msubsup>
    </msubsup>
    <mrow>
        <msubsup>
            <mi>x</mi>
        </msubsup>
    </mrow>
    <msub>
        <mn>3</mn>
    </msub>
    <msup />
    <msubsup>
        <mi>x</mi>
        <mn>2</mn>
    </msubsup>
</math>
--------------------

Output of cz.muni.fi.mir.mathmlcanonicalization.modules.ScriptNormalizer@71e9a896
--------------------
<?xml version="1.0" encoding="UTF-8"?>
<math xmlns="http://www.w3.org/1998/Math/MathML">
    <mi>a</mi>
    <mo>*</mo>
    <mrow>
        <mo>(</mo>
        <msup><msub><mi>x</mi><msub>
                <mi>y</mi>
                <mn>0.95</mn>
            </msub></msub><mn>2</mn></msup>
        <mo>-</mo>
        <mi>z</mi>
        <mo>)</mo>
    </mrow>
    <mo>-</mo>
    <msup><msub><mi>b</mi><msup><msub><mi>a</mi><mn>1</mn></msub><mn>2</mn></msup></msub><mn>3</mn></msup>
</math>
--------------------

Output of cz.muni.fi.mir.mathmlcanonicalization.modules.ScriptNormalizer@71e9a896
--------------------
<?xml version="1.0" encoding="UTF-8"?>
<math xmlns="http://www.w3.org/1998/Math/MathML">
    <msup><msub><mi>x</mi><mn>1</mn></msub><mn>2</mn></msup>
    <msubsup>
        <mo>+</mo>
        <mn>1</mn>
        <mn>2</mn>
    </msubsup>
</math>
--------------------

Tests run: 6, Failures: 0, Errors: 0, Skipped: 0, Time elapsed: 0.044 sec - in cz.muni.fi.mir.mathmlcanonicalization.modules.ScriptNormalizerTest
Running cz.muni.fi.mir.mathmlcanonicalization.modules.UnaryOperatorRemoverTest
Output of cz.muni.fi.mir.mathmlcanonicalization.modules.UnaryOperatorRemover@7428de63
--------------------
<?xml version="1.0" encoding="UTF-8"?>
<!-- $+1\frac{-E = mc^2 + 5-3}{\int_a^b \! f(x)\,dx = F(b) - F(a)}$ --><math xmlns="http://www.w3.org/1998/Math/MathML">
    <apply>
            <times />
            <cn type="integer">1</cn>
            <apply>
                <divide />
                <apply>
                    <eq />
                    <ci>E</ci>
                    <apply>
                        <minus />
                        <apply>
                            <plus />
                            <apply>
                                <times />
                                <ci>m</ci>
                                <apply>
                                    <csymbol cd="ambiguous">superscript</csymbol>
                                    <ci>c</ci>
                                    <cn type="integer">2</cn>
                                </apply>
                            </apply>
                            <cn type="integer">5</cn>
                        </apply>
                        <cn type="integer">3</cn>
                    </apply>
                </apply>
                <apply>
                    <eq />
                    <apply>
                        <apply>
                            <csymbol cd="ambiguous">superscript</csymbol>
                            <apply>
                                <csymbol cd="ambiguous">subscript</csymbol>
                                <int />
                                <ci>a</ci>
                            </apply>
                            <ci>b</ci>
                        </apply>
                        <apply>
                            <times />
                            <ci>f</ci>
                            <ci>x</ci>
                            <ci>d</ci>
                            <ci>x</ci>
                        </apply>
                    </apply>
                    <apply>
                        <minus />
                        <apply>
                            <times />
                            <ci>F</ci>
                            <ci>b</ci>
                        </apply>
                        <apply>
                            <times />
                            <ci>F</ci>
                            <ci>a</ci>
                        </apply>
                    </apply>
                </apply>
            </apply>
        </apply>
</math>
--------------------

Output of cz.muni.fi.mir.mathmlcanonicalization.modules.UnaryOperatorRemover@7428de63
--------------------
<?xml version="1.0" encoding="UTF-8"?>
<!-- $B < + \infty$ --><math>
    <mrow>
        <mi>B</mi>
        <mo>&lt;</mo>
        
        <mi>∞</mi>
    </mrow>
</math>
--------------------

Output of cz.muni.fi.mir.mathmlcanonicalization.modules.UnaryOperatorRemover@7428de63
--------------------
<?xml version="1.0" encoding="UTF-8"?>
<!-- $B < + \infty$ --><math>
    <apply>
        <lt />
        <ci>B</ci>
        <infinity />
    </apply>
</math>
--------------------

Output of cz.muni.fi.mir.mathmlcanonicalization.modules.UnaryOperatorRemover@7428de63
--------------------
<?xml version="1.0" encoding="UTF-8"?>
<!-- $+1\frac{-E = mc^2 + 5-3}{\int_a^b \! f(x)\,dx = F(b) - F(a)}$ --><math>
    <mrow>
        
        <mrow>
            <mn>1</mn>
            <mo>⁢</mo>
            <mfrac>
                <mrow>
                    <mrow>
                        
                        <mi>E</mi>
                    </mrow>
                    <mo>=</mo>
                    <mrow>
                        <mrow>
                            <mi>m</mi>
                            <mo>⁢</mo>
                            <msup>
                                <mi>c</mi>
                                <mn>2</mn>
                            </msup>
                        </mrow>
                        <mo>+</mo>
                        <mn>5</mn>
                        <mo>-</mo>
                        <mn>3</mn>
                    </mrow>
                </mrow>
                <mrow>
                    <mrow>
                        <mpadded width="-1.666667pt">
                            <msubsup>
                                <mo>∫</mo>
                                <mi>a</mi>
                                <mi>b</mi>
                            </msubsup>
                        </mpadded>
                        <mrow>
                            <mi>f</mi>
                            <mo>⁢</mo>
                            <mpadded width="+1.666667pt">
                                <mrow>
                                    <mo>(</mo>
                                    <mi>x</mi>
                                    <mo>)</mo>
                                </mrow>
                            </mpadded>
                            <mo>⁢</mo>
                            <mi>d</mi>
                            <mo>⁢</mo>
                            <mi>x</mi>
                        </mrow>
                    </mrow>
                    <mo>=</mo>
                    <mrow>
                        <mrow>
                            <mi>F</mi>
                            <mo>⁢</mo>
                            <mrow>
                                <mo>(</mo>
                                <mi>b</mi>
                                <mo>)</mo>
                            </mrow>
                        </mrow>
                        <mo>-</mo>
                        <mrow>
                            <mi>F</mi>
                            <mo>⁢</mo>
                            <mrow>
                                <mo>(</mo>
                                <mi>a</mi>
                                <mo>)</mo>
                            </mrow>
                        </mrow>
                    </mrow>
                </mrow>
            </mfrac>
        </mrow>
    </mrow>
</math>
--------------------

Output of cz.muni.fi.mir.mathmlcanonicalization.modules.UnaryOperatorRemover@7428de63
--------------------
<?xml version="1.0" encoding="UTF-8"?>
<!-- $+1\frac{-E = mc^2 + 5-3}{\int_a^b \! f(x)\,dx = F(b) - F(a)}$ --><math>
    <apply>
            <times />
            <cn type="integer">1</cn>
            <apply>
                <divide />
                <apply>
                    <eq />
                    <ci>E</ci>
                    <apply>
                        <minus />
                        <apply>
                            <plus />
                            <apply>
                                <times />
                                <ci>m</ci>
                                <apply>
                                    <csymbol cd="ambiguous">superscript</csymbol>
                                    <ci>c</ci>
                                    <cn type="integer">2</cn>
                                </apply>
                            </apply>
                            <cn type="integer">5</cn>
                        </apply>
                        <cn type="integer">3</cn>
                    </apply>
                </apply>
                <apply>
                    <eq />
                    <apply>
                        <apply>
                            <csymbol cd="ambiguous">superscript</csymbol>
                            <apply>
                                <csymbol cd="ambiguous">subscript</csymbol>
                                <int />
                                <ci>a</ci>
                            </apply>
                            <ci>b</ci>
                        </apply>
                        <apply>
                            <times />
                            <ci>f</ci>
                            <ci>x</ci>
                            <ci>d</ci>
                            <ci>x</ci>
                        </apply>
                    </apply>
                    <apply>
                        <minus />
                        <apply>
                            <times />
                            <ci>F</ci>
                            <ci>b</ci>
                        </apply>
                        <apply>
                            <times />
                            <ci>F</ci>
                            <ci>a</ci>
                        </apply>
                    </apply>
                </apply>
            </apply>
        </apply>
</math>
--------------------

Output of cz.muni.fi.mir.mathmlcanonicalization.modules.UnaryOperatorRemover@7428de63
--------------------
<?xml version="1.0" encoding="UTF-8"?>
<!-- $B < + \infty$ --><math xmlns="http://www.w3.org/1998/Math/MathML">
    <mrow>
        <mi>B</mi>
        <mo>&lt;</mo>
        
        <mi>∞</mi>
    </mrow>
</math>
--------------------

Output of cz.muni.fi.mir.mathmlcanonicalization.modules.UnaryOperatorRemover@7428de63
--------------------
<?xml version="1.0" encoding="UTF-8"?>
<!-- $B < + \infty$ --><math xmlns="http://www.w3.org/1998/Math/MathML">
    <apply>
        <lt />
        <ci>B</ci>
        <infinity />
    </apply>
</math>
--------------------

Output of cz.muni.fi.mir.mathmlcanonicalization.modules.UnaryOperatorRemover@7428de63
--------------------
<?xml version="1.0" encoding="UTF-8"?>
<!-- $+1\frac{-E = mc^2 + 5-3}{\int_a^b \! f(x)\,dx = F(b) - F(a)}$ --><math xmlns="http://www.w3.org/1998/Math/MathML">
    <mrow>
        
        <mrow>
            <mn>1</mn>
            <mo>⁢</mo>
            <mfrac>
                <mrow>
                    <mrow>
                        
                        <mi>E</mi>
                    </mrow>
                    <mo>=</mo>
                    <mrow>
                        <mrow>
                            <mi>m</mi>
                            <mo>⁢</mo>
                            <msup>
                                <mi>c</mi>
                                <mn>2</mn>
                            </msup>
                        </mrow>
                        <mo>+</mo>
                        <mn>5</mn>
                        <mo>-</mo>
                        <mn>3</mn>
                    </mrow>
                </mrow>
                <mrow>
                    <mrow>
                        <mpadded width="-1.666667pt">
                            <msubsup>
                                <mo>∫</mo>
                                <mi>a</mi>
                                <mi>b</mi>
                            </msubsup>
                        </mpadded>
                        <mrow>
                            <mi>f</mi>
                            <mo>⁢</mo>
                            <mpadded width="+1.666667pt">
                                <mrow>
                                    <mo>(</mo>
                                    <mi>x</mi>
                                    <mo>)</mo>
                                </mrow>
                            </mpadded>
                            <mo>⁢</mo>
                            <mi>d</mi>
                            <mo>⁢</mo>
                            <mi>x</mi>
                        </mrow>
                    </mrow>
                    <mo>=</mo>
                    <mrow>
                        <mrow>
                            <mi>F</mi>
                            <mo>⁢</mo>
                            <mrow>
                                <mo>(</mo>
                                <mi>b</mi>
                                <mo>)</mo>
                            </mrow>
                        </mrow>
                        <mo>-</mo>
                        <mrow>
                            <mi>F</mi>
                            <mo>⁢</mo>
                            <mrow>
                                <mo>(</mo>
                                <mi>a</mi>
                                <mo>)</mo>
                            </mrow>
                        </mrow>
                    </mrow>
                </mrow>
            </mfrac>
        </mrow>
    </mrow>
</math>
--------------------

Tests run: 8, Failures: 0, Errors: 0, Skipped: 0, Time elapsed: 0.213 sec - in cz.muni.fi.mir.mathmlcanonicalization.modules.UnaryOperatorRemoverTest
Running cz.muni.fi.mir.mathmlcanonicalization.modules.FunctionNormalizerTest
Output of cz.muni.fi.mir.mathmlcanonicalization.modules.FunctionNormalizer@12a470dd
--------------------
<?xml version="1.0" encoding="UTF-8"?>
<math xmlns="http://www.w3.org/1998/Math/MathML">
    <mi>sin</mi>
    <mrow><mo>(</mo><mi>x</mi><mo>)</mo></mrow>
    
</math>
--------------------

Output of cz.muni.fi.mir.mathmlcanonicalization.modules.FunctionNormalizer@12a470dd
--------------------
<?xml version="1.0" encoding="UTF-8"?>
<math xmlns="http://www.w3.org/1998/Math/MathML">
    <mi>f</mi>
    
    <mrow><mo>(</mo>
        <mo>(</mo>
        <mi>a</mi>
        <mo>+</mo>
        <mi>b</mi>
        <mo>)</mo>
        <mo>/</mo>
        <mo>(</mo>
        <mi>c</mi>
        <mo>-</mo>
        <mi>d</mi>
        <mo>)</mo>
    <mo>)</mo></mrow>
</math>
--------------------

Output of cz.muni.fi.mir.mathmlcanonicalization.modules.FunctionNormalizer@12a470dd
--------------------
<?xml version="1.0" encoding="UTF-8"?>
<math xmlns="http://www.w3.org/1998/Math/MathML">
    <mi>f</mi>
    <mrow><mo> ( </mo><mi>a</mi><mo>+</mo><mi>b</mi><mo> ) </mo></mrow>
    
    
    
    
    
    <mo>+</mo>
    <mi>c</mi>
</math>
--------------------

Output of cz.muni.fi.mir.mathmlcanonicalization.modules.FunctionNormalizer@12a470dd
--------------------
<?xml version="1.0" encoding="UTF-8"?>
<math xmlns="http://www.w3.org/1998/Math/MathML">
    <mi>f</mi>
    
    <mrow>
        <mo>(</mo>
        <mi>x</mi>
        <mo>)</mo>
    </mrow>
</math>
--------------------

Tests run: 4, Failures: 0, Errors: 0, Skipped: 0, Time elapsed: 0.016 sec - in cz.muni.fi.mir.mathmlcanonicalization.modules.FunctionNormalizerTest
Running cz.muni.fi.mir.mathmlcanonicalization.modules.MrowNormalizerTest
Output of cz.muni.fi.mir.mathmlcanonicalization.modules.MrowNormalizer@6f3f0ae
--------------------
<?xml version="1.0" encoding="UTF-8"?>
<math xmlns="http://www.w3.org/1998/Math/MathML">
    
        <mrow><mo>[</mo><mrow><mi>a</mi><mo>+</mo><mi>b</mi></mrow><mo>]</mo></mrow>
        
        
        
        
    
</math>
--------------------

Output of cz.muni.fi.mir.mathmlcanonicalization.modules.MrowNormalizer@6f3f0ae
--------------------
<?xml version="1.0" encoding="UTF-8"?>
<math xmlns="http://www.w3.org/1998/Math/MathML">
    
        <mi>x</mi>
        <mo>+</mo>
        <mrow><mo>(</mo><mrow><mi>y</mi><mo>+</mo><mi>z</mi></mrow><mo>)</mo></mrow>
        
        
        
        
    
</math>
--------------------

Output of cz.muni.fi.mir.mathmlcanonicalization.modules.MrowNormalizer@6f3f0ae
--------------------
<?xml version="1.0" encoding="UTF-8"?>
<math xmlns="http://www.w3.org/1998/Math/MathML">
    
        <mi>a</mi>
        <mo>-</mo>
        <mrow><mo>(</mo><mrow><mi>b</mi><mo>+</mo><mi>c</mi></mrow><mo>)</mo></mrow>
        
            
            
            
        
        
    
</math>
--------------------

Output of cz.muni.fi.mir.mathmlcanonicalization.modules.MrowNormalizer@6f3f0ae
--------------------
<?xml version="1.0" encoding="UTF-8"?>
<math xmlns="http://www.w3.org/1998/Math/MathML">
    
        <mi>a</mi>
        <mo>-</mo>
        <mrow><mo>(</mo><mrow><mi>b</mi><mo>+</mo><mrow><mo>(</mo><mrow><mi>c</mi><mo>+</mo><mi>d</mi></mrow><mo>)</mo></mrow></mrow><mo>)</mo></mrow>
        
        
        
        
        
        
        
        
    
</math>
--------------------

Output of cz.muni.fi.mir.mathmlcanonicalization.modules.MrowNormalizer@6f3f0ae
--------------------
<?xml version="1.0" encoding="UTF-8"?>
<math xmlns="http://www.w3.org/1998/Math/MathML">
    <mrow><mo>[</mo><msqrt>
            <mi>5</mi>
        </msqrt><mo>]</mo></mrow>
    
        
    
    
</math>
--------------------

Output of cz.muni.fi.mir.mathmlcanonicalization.modules.MrowNormalizer@6f3f0ae
--------------------
<?xml version="1.0" encoding="UTF-8"?>
<math xmlns="http://www.w3.org/1998/Math/MathML">
    <mrow><mo> ( </mo><mrow><mi> x </mi><mo> , </mo><mi> y </mi></mrow><mo> ) </mo></mrow>
    
        
        
        
    
    
</math>
--------------------

Output of cz.muni.fi.mir.mathmlcanonicalization.modules.MrowNormalizer@6f3f0ae
--------------------
<?xml version="1.0" encoding="UTF-8"?>
<math xmlns="http://www.w3.org/1998/Math/MathML">
    <frac>
        
            <mi>a</mi>
        
        <mi>b</mi>
    </frac>
</math>
--------------------

Output of cz.muni.fi.mir.mathmlcanonicalization.modules.MrowNormalizer@32f1fafe
--------------------
<?xml version="1.0" encoding="UTF-8"?>
<math xmlns="http://www.w3.org/1998/Math/MathML">
    <mrow><mo> left </mo><mrow><mi> x </mi><mo> , </mo><mi> y </mi></mrow><mo> right </mo></mrow>
    
    
    
    
</math>
--------------------

Jul 30, 2020 11:02:17 PM cz.muni.fi.mir.mathmlcanonicalization.modules.MrowNormalizer checkRemoval
WARNING: "" is not an integer for "childCount.mrow", property ignored
Jul 30, 2020 11:02:17 PM cz.muni.fi.mir.mathmlcanonicalization.modules.MrowNormalizer checkRemoval
WARNING: "" is not an integer for "childCount.math", property ignored
Output of cz.muni.fi.mir.mathmlcanonicalization.modules.MrowNormalizer@6f3f0ae
--------------------
<?xml version="1.0" encoding="UTF-8"?>
<math xmlns="http://www.w3.org/1998/Math/MathML">
    
        <mrow><mo>[</mo><mrow><mn>0</mn><mo>,</mo><mn>100</mn></mrow><mo>)</mo></mrow>
        
        
        
        
    
</math>
--------------------

Output of cz.muni.fi.mir.mathmlcanonicalization.modules.MrowNormalizer@6f3f0ae
--------------------
<?xml version="1.0" encoding="UTF-8"?>
<math xmlns="http://www.w3.org/1998/Math/MathML">
    <msqrt>
        
            <mo> - </mo>
            <mn> 1 </mn>
        
    </msqrt>
</math>
--------------------

Output of cz.muni.fi.mir.mathmlcanonicalization.modules.MrowNormalizer@6f3f0ae
--------------------
<?xml version="1.0" encoding="UTF-8"?>
<math xmlns="http://www.w3.org/1998/Math/MathML">
    
        
            <mn>1</mn>
        
    
    <mo>+</mo>
    <msubsup>
        <mi>a</mi>
        <mi>n</mi>
        <mrow>
            <mi>x</mi>
            <mo>+</mo>
            <mn>1</mn>
        </mrow>
    </msubsup>
</math>
--------------------

Output of cz.muni.fi.mir.mathmlcanonicalization.modules.MrowNormalizer@6f3f0ae
--------------------
<?xml version="1.0" encoding="UTF-8"?>
<math xmlns="http://www.w3.org/1998/Math/MathML">
    <msqrt>
        
            <mi>a</mi>
        
    </msqrt>
    <mo>=</mo>
    <mfrac>
        <mrow>
            <mi>x</mi>
            <mo>+</mo>
            <mi>y</mi>
        </mrow>
        <mi>z</mi>
    </mfrac>
</math>
--------------------

Output of cz.muni.fi.mir.mathmlcanonicalization.modules.MrowNormalizer@6f3f0ae
--------------------
<?xml version="1.0" encoding="UTF-8"?>
<math xmlns="http://www.w3.org/1998/Math/MathML">
    <msup>
        
            <mn>2</mn>
        
        <mrow>
            
                <mi>a</mi>
            
            <mo>+</mo>
            <mi>b</mi>
        </mrow>
    </msup>
</math>
--------------------

Output of cz.muni.fi.mir.mathmlcanonicalization.modules.MrowNormalizer@6f3f0ae
--------------------
<?xml version="1.0" encoding="UTF-8"?>
<math xmlns="http://www.w3.org/1998/Math/MathML">
    <msqrt>
        
            <mfrac>
                
                    <mi>a</mi>
                
                <mrow>
                    <mi>b</mi>
                    <mo>+</mo>
                    <mi>c</mi>
                </mrow>
            </mfrac>
        
    </msqrt>
</math>
--------------------

Tests run: 14, Failures: 0, Errors: 0, Skipped: 0, Time elapsed: 0.063 sec - in cz.muni.fi.mir.mathmlcanonicalization.modules.MrowNormalizerTest
Running cz.muni.fi.mir.mathmlcanonicalization.modules.ElementMinimizerTest
Output of cz.muni.fi.mir.mathmlcanonicalization.modules.ElementMinimizer@2b73bd6b
--------------------
<?xml version="1.0" encoding="UTF-8"?><math xmlns="http://www.w3.org/1998/Math/MathML">
    <mfrac>
        <mrow>
            <mi> x </mi>
            <mo> + </mo>
            <mi> y </mi>
            <mo> + </mo>
            <mi> z </mi>
        </mrow>
        <mrow>
            <mi> x </mi>
            
            <mo> + </mo>
            <mi> z </mi>
        </mrow>
    </mfrac>
</math>--------------------

Output of cz.muni.fi.mir.mathmlcanonicalization.modules.ElementMinimizer@2b73bd6b
--------------------
<?xml version="1.0" encoding="UTF-8"?><math xmlns="http://www.w3.org/1998/Math/MathML">
    <mfrac>
        <mi> a </mi>
        <mi> b </mi>
    </mfrac>
</math>--------------------

Output of cz.muni.fi.mir.mathmlcanonicalization.modules.ElementMinimizer@2b73bd6b
--------------------
<?xml version="1.0" encoding="UTF-8"?><math xmlns="http://www.w3.org/1998/Math/MathML">
    <mfrac>
        <mi> a </mi>
        <mi> b </mi>
    </mfrac>
    <mo mathvariant="bold"> = </mo>
    <mfrac linethickness="0">
        <mi> a </mi>
        <mi> b </mi>
    </mfrac>  
</math>--------------------

Output of cz.muni.fi.mir.mathmlcanonicalization.modules.ElementMinimizer@2b73bd6b
--------------------
<?xml version="1.0" encoding="UTF-8"?><math xmlns="http://www.w3.org/1998/Math/MathML">
    <mfrac>
        <mrow>
            <mi> x </mi>
            
            <mo> + </mo>
            <mi> z </mi>
        </mrow>
    </mfrac>
</math>--------------------

Tests run: 4, Failures: 0, Errors: 0, Skipped: 0, Time elapsed: 0.016 sec - in cz.muni.fi.mir.mathmlcanonicalization.modules.ElementMinimizerTest
Running cz.muni.fi.mir.mathmlcanonicalization.MathMLCanonicalizerTest
Tests run: 3, Failures: 0, Errors: 0, Skipped: 1, Time elapsed: 0.087 sec - in cz.muni.fi.mir.mathmlcanonicalization.MathMLCanonicalizerTest

Results :

Tests run: 53, Failures: 0, Errors: 0, Skipped: 1

[INFO] 
[INFO] --- jacoco-maven-plugin:0.8.5:report (report) @ mathml-canonicalizer ---
[INFO] Loading execution data file /tmp/tmpm15uqhzl/MathMLCan/target/jacoco.exec
[INFO] Analyzed bundle 'MathMLCanonicalizer' with 141 classes
[INFO] ------------------------------------------------------------------------
[INFO] BUILD SUCCESS
[INFO] ------------------------------------------------------------------------
[INFO] Total time:  14.228 s
[INFO] Finished at: 2020-07-30T23:02:18Z
[INFO] ------------------------------------------------------------------------
