[INFO] Error stacktraces are turned on.
[INFO] Scanning for projects...
[WARNING] 
[WARNING] Some problems were encountered while building the effective model for com.sonalake:utah-parser:jar:1.0.3-SNAPSHOT
[WARNING] 'build.plugins.plugin.version' for org.eluder.coveralls:coveralls-maven-plugin is missing. @ line 91, column 15
[WARNING] 
[WARNING] It is highly recommended to fix these problems because they threaten the stability of your build.
[WARNING] 
[WARNING] For this reason, future Maven versions might no longer support building such malformed projects.
[WARNING] 
[INFO] Inspecting build with total of 1 modules...
[INFO] Installing Nexus Staging features:
[INFO]   ... total of 1 executions of maven-deploy-plugin replaced with nexus-staging-maven-plugin
[INFO] 
[INFO] ----------------------< com.sonalake:utah-parser >----------------------
[INFO] Building Utah Parser 1.0.3-SNAPSHOT
[INFO] --------------------------------[ jar ]---------------------------------
[INFO] 
[INFO] --- jacoco-maven-plugin:0.8.5:prepare-agent (default) @ utah-parser ---
[INFO] argLine set to -javaagent:/home/jdbl/.m2/repository/org/jacoco/org.jacoco.agent/0.8.5/org.jacoco.agent-0.8.5-runtime.jar=destfile=/tmp/tmpomm36bcn/utah-parser/target/jacoco.exec
[INFO] 
[INFO] --- maven-resources-plugin:2.6:resources (default-resources) @ utah-parser ---
[INFO] Using 'UTF-8' encoding to copy filtered resources.
[INFO] skip non existing resourceDirectory /tmp/tmpomm36bcn/utah-parser/src/main/resources
[INFO] 
[INFO] --- maven-compiler-plugin:3.8.0:compile (default-compile) @ utah-parser ---
[INFO] Changes detected - recompiling the module!
[INFO] Compiling 10 source files to /tmp/tmpomm36bcn/utah-parser/target/classes
[INFO] 
[INFO] --- maven-resources-plugin:2.6:testResources (default-testResources) @ utah-parser ---
[INFO] Using 'UTF-8' encoding to copy filtered resources.
[INFO] Copying 16 resources
[INFO] 
[INFO] --- maven-compiler-plugin:3.8.0:testCompile (default-testCompile) @ utah-parser ---
[INFO] Changes detected - recompiling the module!
[INFO] Compiling 7 source files to /tmp/tmpomm36bcn/utah-parser/target/test-classes
[INFO] /tmp/tmpomm36bcn/utah-parser/src/test/java/com/sonalake/utah/cli/MapHelper.java: Some input files use unchecked or unsafe operations.
[INFO] /tmp/tmpomm36bcn/utah-parser/src/test/java/com/sonalake/utah/cli/MapHelper.java: Recompile with -Xlint:unchecked for details.
[INFO] 
[INFO] --- maven-surefire-plugin:2.19.1:test (default-test) @ utah-parser ---
[INFO] Surefire report directory: /tmp/tmpomm36bcn/utah-parser/target/surefire-reports

-------------------------------------------------------
 T E S T S
-------------------------------------------------------
Running com.sonalake.utah.config.ParserTest
Tests run: 4, Failures: 0, Errors: 0, Skipped: 0, Time elapsed: 1.104 sec - in com.sonalake.utah.config.ParserTest
Running com.sonalake.utah.ExamplesTest
Tests run: 8, Failures: 0, Errors: 0, Skipped: 0, Time elapsed: 1.88 sec - in com.sonalake.utah.ExamplesTest
Running com.sonalake.utah.cli.CommandLineInterfaceTest
usage: utah
 -f <arg>   The config file
 -o <arg>   The output format, must be one of: csv, json
Tests run: 13, Failures: 0, Errors: 0, Skipped: 0, Time elapsed: 0.597 sec - in com.sonalake.utah.cli.CommandLineInterfaceTest
Running com.sonalake.utah.cli.CliConfigTest
Tests run: 3, Failures: 0, Errors: 0, Skipped: 0, Time elapsed: 0.102 sec - in com.sonalake.utah.cli.CliConfigTest

Results :

Tests run: 28, Failures: 0, Errors: 0, Skipped: 0

[INFO] 
[INFO] --- jacoco-maven-plugin:0.8.5:report (report) @ utah-parser ---
[INFO] Loading execution data file /tmp/tmpomm36bcn/utah-parser/target/jacoco.exec
[INFO] Analyzed bundle 'Utah Parser' with 24 classes
[INFO] ------------------------------------------------------------------------
[INFO] BUILD SUCCESS
[INFO] ------------------------------------------------------------------------
[INFO] Total time:  24.568 s
[INFO] Finished at: 2020-07-30T21:09:34Z
[INFO] ------------------------------------------------------------------------
