[INFO] Error stacktraces are turned on.
[INFO] Scanning for projects...
[INFO] 
[INFO] -------------------------< at.favre.lib:hkdf >--------------------------
[INFO] Building HKDF-RFC5869 1.1.0
[INFO] --------------------------------[ jar ]---------------------------------
[INFO] 
[INFO] --- maven-enforcer-plugin:3.0.0-M3:enforce (enforce-maven) @ hkdf ---
[INFO] 
[INFO] --- jacoco-maven-plugin:0.8.5:prepare-agent (prepare-agent) @ hkdf ---
[INFO] argLine set to -javaagent:/home/jdbl/.m2/repository/org/jacoco/org.jacoco.agent/0.8.5/org.jacoco.agent-0.8.5-runtime.jar=destfile=/tmp/tmprb_mrc76/hkdf/target/jacoco.exec
[INFO] 
[INFO] --- jacoco-maven-plugin:0.8.5:prepare-agent (default) @ hkdf ---
[INFO] argLine set to -javaagent:/home/jdbl/.m2/repository/org/jacoco/org.jacoco.agent/0.8.5/org.jacoco.agent-0.8.5-runtime.jar=destfile=/tmp/tmprb_mrc76/hkdf/target/jacoco.exec
[INFO] 
[INFO] --- maven-resources-plugin:2.6:resources (default-resources) @ hkdf ---
[INFO] Using 'UTF-8' encoding to copy filtered resources.
[INFO] skip non existing resourceDirectory /tmp/tmprb_mrc76/hkdf/src/main/resources
[INFO] 
[INFO] --- maven-compiler-plugin:3.8.1:compile (default-compile) @ hkdf ---
[INFO] Changes detected - recompiling the module!
[INFO] Compiling 2 source files to /tmp/tmprb_mrc76/hkdf/target/classes
[INFO] 
[INFO] --- maven-resources-plugin:2.6:testResources (default-testResources) @ hkdf ---
[INFO] Using 'UTF-8' encoding to copy filtered resources.
[INFO] skip non existing resourceDirectory /tmp/tmprb_mrc76/hkdf/src/test/resources
[INFO] 
[INFO] --- maven-compiler-plugin:3.8.1:testCompile (default-testCompile) @ hkdf ---
[INFO] Changes detected - recompiling the module!
[INFO] Compiling 4 source files to /tmp/tmprb_mrc76/hkdf/target/test-classes
[INFO] /tmp/tmprb_mrc76/hkdf/src/test/java/at/favre/lib/crypto/HkdfMacFactoryTest.java:[-1,-1] Some input files use or override a deprecated API.
[INFO] /tmp/tmprb_mrc76/hkdf/src/test/java/at/favre/lib/crypto/HkdfMacFactoryTest.java:[-1,-1] Recompile with -Xlint:deprecation for details.
[INFO] 
[INFO] --- maven-surefire-plugin:2.19.1:test (default-test) @ hkdf ---
[INFO] Surefire report directory: /tmp/tmprb_mrc76/hkdf/target/surefire-reports

-------------------------------------------------------
 T E S T S
-------------------------------------------------------
Running at.favre.lib.crypto.HkdfMacFactoryTest
Tests run: 7, Failures: 0, Errors: 0, Skipped: 0, Time elapsed: 0.512 sec - in at.favre.lib.crypto.HkdfMacFactoryTest
Running at.favre.lib.crypto.HKDFTest
c3fb0a8e810b98af920bdbbbbb34fb39f859a76f367c2c96614d39bdf641ce8b2bb513392be2c25b3ebc732461bdec0629fe5cd8bf81a006cc9759b0962847dc
c3fb0a8e810b98af920bdbbbbb34fb39f859a76f367c2c96614d39bdf641ce8b2bb513392be2c25b3ebc732461bdec0629fe5cd8bf81a006cc9759b0962847dc
80709f4075dbe45ee0d64232f32bd0d0817d5e170fca2d8f790f3c7db6f0ed73005c3ae1a234b1d3bbb5f9ac1666549c28536c9229ce9c172eb39ed99042e588
e9cfbdb367520a030a45f4212615a34a481ac42fd0b7f8d403f1cfd860c0fbb6dabba39647e644e9db49e22500c778991665fc74e1be534a5ea0a24f1057aca0
[1946307528081859|pool-1-thread-1] end thread
[1946307532818131|pool-1-thread-2] end thread
[1946307532947578|pool-1-thread-5] end thread
[1946307535934467|pool-1-thread-6] end thread
[1946307535829652|pool-1-thread-11] end thread
[1946307537055208|pool-1-thread-9] end thread
[1946307540182878|pool-1-thread-3] end thread
[1946307540550702|pool-1-thread-10] end thread
[1946307543888430|pool-1-thread-13] end thread
[1946307544203381|pool-1-thread-4] end thread
[1946307545513069|pool-1-thread-14] end thread
[1946307547347503|pool-1-thread-12] end thread
[1946307548275932|pool-1-thread-8] end thread
[1946307550429670|pool-1-thread-7] end thread
[1946307552188155|pool-1-thread-16] end thread
[1946307553343220|pool-1-thread-17] end thread
[1946307557302671|pool-1-thread-15] end thread
[1946307559054159|pool-1-thread-18] end thread
[1946307573790491|pool-1-thread-19] end thread
[1946307573919814|pool-1-thread-20] end thread
[1946307586467097|pool-1-thread-21] end thread
[1946307587410516|pool-1-thread-22] end thread
[1946307594209211|pool-1-thread-24] end thread
[1946307594682275|pool-1-thread-25] end thread
[1946307600810908|pool-1-thread-23] end thread
[1946307604157853|pool-1-thread-26] end thread
[1946307608237336|pool-1-thread-27] end thread
[1946307612840954|pool-1-thread-28] end thread
[1946307628039147|pool-1-thread-29] end thread
[1946307631084676|pool-1-thread-30] end thread
[1946307631684153|pool-1-thread-5] end thread
[1946307631733510|pool-1-thread-1] end thread
[1946307634513192|pool-1-thread-31] end thread
[1946307634610694|pool-1-thread-2] end thread
[1946307636521932|pool-1-thread-13] end thread
[1946307636740463|pool-1-thread-7] end thread
[1946307637389787|pool-1-thread-12] end thread
[1946307637504525|pool-1-thread-30] end thread
[1946307637710650|pool-1-thread-14] end thread
[1946307637717582|pool-1-thread-11] end thread
[1946307639697998|pool-1-thread-3] end thread
[1946307639877292|pool-1-thread-10] end thread
[1946307639920401|pool-1-thread-8] end thread
[1946307639960271|pool-1-thread-4] end thread
[1946307640421824|pool-1-thread-32] end thread
[1946307640777539|pool-1-thread-6] end thread
[1946307641984039|pool-1-thread-14] end thread
[1946307642145173|pool-1-thread-1] end thread
[1946307642304171|pool-1-thread-7] end thread
[1946307642946137|pool-1-thread-31] end thread
[1946307643219653|pool-1-thread-8] end thread
[1946307643264447|pool-1-thread-9] end thread
[1946307643698046|pool-1-thread-16] end thread
[1946307644172855|pool-1-thread-6] end thread
[1946307646382471|pool-1-thread-10] end thread
[1946307646388353|pool-1-thread-17] end thread
[1946307646510084|pool-1-thread-13] end thread
[1946307646641476|pool-1-thread-6] end thread
[1946307646934637|pool-1-thread-2] end thread
[1946307648227704|pool-1-thread-11] end thread
[1946307648279765|pool-1-thread-12] end thread
[1946307648358187|pool-1-thread-30] end thread
[1946307650481144|pool-1-thread-3] end thread
[1946307650735115|pool-1-thread-25] end thread
[1946307650848850|pool-1-thread-9] end thread
[1946307650776450|pool-1-thread-4] end thread
[1946307651415533|pool-1-thread-32] end thread
[1946307651520688|pool-1-thread-7] end thread
[1946307651660551|pool-1-thread-28] end thread
[1946307651790430|pool-1-thread-23] end thread
[1946307653899665|pool-1-thread-27] end thread
[1946307654574102|pool-1-thread-1] end thread
[1946307654771863|pool-1-thread-30] end thread
[1946307654853092|pool-1-thread-12] end thread
[1946307655001941|pool-1-thread-26] end thread
[1946307655855519|pool-1-thread-14] end thread
[1946307656088199|pool-1-thread-5] end thread
[1946307656177556|pool-1-thread-23] end thread
[1946307656642669|pool-1-thread-31] end thread
[1946307656908970|pool-1-thread-28] end thread
[1946307657525360|pool-1-thread-19] end thread
[1946307657591493|pool-1-thread-8] end thread
[1946307657898790|pool-1-thread-32] end thread
[1946307658089788|pool-1-thread-14] end thread
[1946307659286506|pool-1-thread-11] end thread
[1946307659834280|pool-1-thread-29] end thread
[1946307660180155|pool-1-thread-3] end thread
[1946307660191094|pool-1-thread-15] end thread
[1946307660260089|pool-1-thread-24] end thread
[1946307660654167|pool-1-thread-18] end thread
[1946307660732381|pool-1-thread-20] end thread
[1946307660856270|pool-1-thread-30] end thread
[1946307661796747|pool-1-thread-7] end thread
[1946307662029128|pool-1-thread-19] end thread
[1946307663244790|pool-1-thread-25] end thread
[1946307663316805|pool-1-thread-29] end thread
[1946307664099998|pool-1-thread-22] end thread
[1946307664148168|pool-1-thread-6] end thread
[1946307664220131|pool-1-thread-21] end thread
[1946307664221660|pool-1-thread-2] end thread
[1946307664247160|pool-1-thread-17] end thread
[1946307664315798|pool-1-thread-16] end thread
[1946307664557165|pool-1-thread-15] end thread
[1946307665372225|pool-1-thread-28] end thread
[1946307665463433|pool-1-thread-23] end thread
[1946307665565495|pool-1-thread-11] end thread
[1946307665662805|pool-1-thread-31] end thread
[1946307665725229|pool-1-thread-1] end thread
[1946307665864276|pool-1-thread-12] end thread
[1946307666278376|pool-1-thread-8] end thread
[1946307666900684|pool-1-thread-10] end thread
[1946307667588207|pool-1-thread-27] end thread
[1946307667670130|pool-1-thread-32] end thread
[1946307680208066|pool-1-thread-29] end thread
[1946307680365127|pool-1-thread-10] end thread
[1946307680481232|pool-1-thread-12] end thread
[1946307681048263|pool-1-thread-13] end thread
[1946307682089346|pool-1-thread-17] end thread
[1946307682257316|pool-1-thread-25] end thread
[1946307682480540|pool-1-thread-32] end thread
[1946307683303492|pool-1-thread-13] end thread
[1946307683476492|pool-1-thread-29] end thread
[1946307684236638|pool-1-thread-27] end thread
[1946307684642135|pool-1-thread-5] end thread
[1946307685488815|pool-1-thread-9] end thread
[1946307685651383|pool-1-thread-10] end thread
[1946307686770291|pool-1-thread-12] end thread
[1946307687154661|pool-1-thread-25] end thread
[1946307687707456|pool-1-thread-13] end thread
[1946307688314077|pool-1-thread-32] end thread
[1946307688451132|pool-1-thread-17] end thread
[1946307690266039|pool-1-thread-3] end thread
[1946307691454885|pool-1-thread-25] end thread
[1946307691612095|pool-1-thread-27] end thread
[1946307691901358|pool-1-thread-9] end thread
[1946307692585077|pool-1-thread-5] end thread
[1946307692647816|pool-1-thread-32] end thread
[1946307693599155|pool-1-thread-3] end thread
[1946307694301368|pool-1-thread-29] end thread
[1946307695743618|pool-1-thread-12] end thread
[1946307695744663|pool-1-thread-10] end thread
[1946307695796399|pool-1-thread-25] end thread
[1946307740623095|pool-1-thread-26] end thread
[1946307746380462|pool-1-thread-6] end thread
[1946307746478922|pool-1-thread-1] end thread
[1946307746615818|pool-1-thread-13] end thread
[1946307746909378|pool-1-thread-4] end thread
[1946307746996488|pool-1-thread-20] end thread
[1946307747024654|pool-1-thread-2] end thread
[1946307747113884|pool-1-thread-24] end thread
[1946307747398134|pool-1-thread-17] end thread
[1946307747468888|pool-1-thread-27] end thread
[1946307747515243|pool-1-thread-3] end thread
[1946307747574446|pool-1-thread-25] end thread
[1946307747580815|pool-1-thread-10] end thread
[1946307747625027|pool-1-thread-14] end thread
[1946307747704990|pool-1-thread-19] end thread
[1946307748141890|pool-1-thread-12] end thread
[1946307748321014|pool-1-thread-30] end thread
[1946307748891272|pool-1-thread-32] end thread
[1946307749199858|pool-1-thread-9] end thread
[1946307749353272|pool-1-thread-16] end thread
[1946307749381884|pool-1-thread-8] end thread
[1946307749466289|pool-1-thread-29] end thread
[1946307749566665|pool-1-thread-21] end thread
[1946307749644893|pool-1-thread-26] end thread
[1946307749707876|pool-1-thread-31] end thread
[1946307749792905|pool-1-thread-5] end thread
[1946307750043889|pool-1-thread-23] end thread
[1946307751531692|pool-1-thread-7] end thread
[1946307751617929|pool-1-thread-18] end thread
[1946307752084746|pool-1-thread-28] end thread
[1946307752342201|pool-1-thread-15] end thread
[1946307752448556|pool-1-thread-11] end thread
[1946307752566629|pool-1-thread-22] end thread
[1946307752646345|pool-1-thread-17] end thread
[1946307753225591|pool-1-thread-2] end thread
[1946307753306250|pool-1-thread-13] end thread
[1946307754503644|pool-1-thread-27] end thread
[1946307755227195|pool-1-thread-24] end thread
[1946307755953873|pool-1-thread-1] end thread
[1946307756042003|pool-1-thread-15] end thread
[1946307756135103|pool-1-thread-25] end thread
[1946307757183430|pool-1-thread-6] end thread
[1946307757189315|pool-1-thread-23] end thread
[1946307757274232|pool-1-thread-5] end thread
[1946307757355608|pool-1-thread-11] end thread
[1946307757398611|pool-1-thread-16] end thread
[1946307757423098|pool-1-thread-3] end thread
[1946307757439295|pool-1-thread-26] end thread
[1946307757514167|pool-1-thread-21] end thread
[1946307757571196|pool-1-thread-30] end thread
[1946307757737807|pool-1-thread-8] end thread
[1946307759090027|pool-1-thread-4] end thread
[1946307759219667|pool-1-thread-20] end thread
[1946307760198062|pool-1-thread-31] end thread
[1946307760448948|pool-1-thread-29] end thread
[1946307760501613|pool-1-thread-5] end thread
[1946307761210143|pool-1-thread-1] end thread
[1946307761911363|pool-1-thread-17] end thread
[1946307762009309|pool-1-thread-22] end thread
[1946307762300111|pool-1-thread-23] end thread
[1946307762404861|pool-1-thread-27] end thread
[1946307762458216|pool-1-thread-18] end thread
[1946307763202528|pool-1-thread-28] end thread
[1946307763331662|pool-1-thread-2] end thread
[1946307763436911|pool-1-thread-25] end thread
[1946307763591795|pool-1-thread-26] end thread
[1946307764375920|pool-1-thread-19] end thread
[1946307764381571|pool-1-thread-4] end thread
[1946307764538678|pool-1-thread-21] end thread
[1946307764732691|pool-1-thread-9] end thread
[1946307764926273|pool-1-thread-6] end thread
[1946307765255458|pool-1-thread-8] end thread
[1946307765375576|pool-1-thread-15] end thread
[1946307765570014|pool-1-thread-3] end thread
[1946307765698979|pool-1-thread-31] end thread
[1946307765763187|pool-1-thread-29] end thread
[1946307765832457|pool-1-thread-30] end thread
[1946307766656872|pool-1-thread-2] end thread
[1946307767290378|pool-1-thread-11] end thread
[1946307767448257|pool-1-thread-10] end thread
[1946307767523125|pool-1-thread-28] end thread
[1946307767535771|pool-1-thread-20] end thread
[1946307767679823|pool-1-thread-27] end thread
[1946307768410909|pool-1-thread-12] end thread
[1946307768535786|pool-1-thread-8] end thread
[1946307768629976|pool-1-thread-15] end thread
[1946307768712883|pool-1-thread-1] end thread
[1946307769381189|pool-1-thread-17] end thread
[1946307769832084|pool-1-thread-3] end thread
[1946307769899183|pool-1-thread-18] end thread
[1946307770869938|pool-1-thread-5] end thread
[1946307770939958|pool-1-thread-7] end thread
[1946307771315951|pool-1-thread-22] end thread
[1946307771601771|pool-1-thread-23] end thread
[1946307772017220|pool-1-thread-3] end thread
[1946307772055012|pool-1-thread-4] end thread
[1946307772118025|pool-1-thread-21] end thread
[1946307772803117|pool-1-thread-25] end thread
[1946307772905975|pool-1-thread-26] end thread
[1946307773912488|pool-1-thread-2] end thread
[1946307774217520|pool-1-thread-14] end thread
[1946307774270877|pool-1-thread-10] end thread
[1946307775028066|pool-1-thread-27] end thread
[1946307775243567|pool-1-thread-13] end thread
[1946307775386426|pool-1-thread-15] end thread
[1946307775456150|pool-1-thread-29] end thread
[1946307775608869|pool-1-thread-30] end thread
[1946307775620894|pool-1-thread-20] end thread
[1946307775699866|pool-1-thread-19] end thread
[1946307776081331|pool-1-thread-16] end thread
[1946307776181810|pool-1-thread-24] end thread
[1946307776094395|pool-1-thread-31] end thread
[1946307776290895|pool-1-thread-4] end thread
[1946307777221823|pool-1-thread-23] end thread
[1946307777244776|pool-1-thread-18] end thread
[1946307777691443|pool-1-thread-1] end thread
[1946307777973381|pool-1-thread-17] end thread
[1946307778085276|pool-1-thread-11] end thread
[1946307778138693|pool-1-thread-28] end thread
[1946307778414963|pool-1-thread-31] end thread
[1946307778752908|pool-1-thread-8] end thread
[1946307779115599|pool-1-thread-25] end thread
[1946307779318275|pool-1-thread-3] end thread
[1946307779911789|pool-1-thread-6] end thread
[1946307780046744|pool-1-thread-22] end thread
[1946307780089856|pool-1-thread-32] end thread
[1946307781098310|pool-1-thread-23] end thread
[1946307781180974|pool-1-thread-24] end thread
[1946307781291958|pool-1-thread-15] end thread
[1946307781558711|pool-1-thread-14] end thread
[1946307782465801|pool-1-thread-21] end thread
[1946307782591091|pool-1-thread-3] end thread
[1946307782936215|pool-1-thread-18] end thread
[1946307783333304|pool-1-thread-2] end thread
[1946307783680853|pool-1-thread-16] end thread
[1946307783720924|pool-1-thread-26] end thread
[1946307783753068|pool-1-thread-5] end thread
[1946307783984455|pool-1-thread-13] end thread
[1946307784490774|pool-1-thread-27] end thread
[1946307784582534|pool-1-thread-4] end thread
[1946307785585437|pool-1-thread-17] end thread
[1946307785848395|pool-1-thread-7] end thread
[1946307786239478|pool-1-thread-1] end thread
[1946307786472262|pool-1-thread-28] end thread
[1946307786586601|pool-1-thread-2] end thread
[1946307786666044|pool-1-thread-25] end thread
[1946307786749365|pool-1-thread-8] end thread
[1946307786977873|pool-1-thread-14] end thread
[1946307787233559|pool-1-thread-20] end thread
[1946307787397081|pool-1-thread-30] end thread
[1946307787960901|pool-1-thread-22] end thread
[1946307788253451|pool-1-thread-19] end thread
[1946307788536865|pool-1-thread-15] end thread
[1946307788787998|pool-1-thread-10] end thread
[1946307788866401|pool-1-thread-16] end thread
[1946307790282381|pool-1-thread-9] end thread
[1946307790901425|pool-1-thread-29] end thread
[1946307790939496|pool-1-thread-32] end thread
[1946307790977485|pool-1-thread-4] end thread
[1946307791058297|pool-1-thread-6] end thread
[1946307791080141|pool-1-thread-5] end thread
[1946307791081420|pool-1-thread-10] end thread
[1946307791870592|pool-1-thread-3] end thread
[1946307791984396|pool-1-thread-24] end thread
[1946307792075055|pool-1-thread-12] end thread
[1946307792097998|pool-1-thread-11] end thread
[1946307792134079|pool-1-thread-17] end thread
[1946307792132175|pool-1-thread-31] end thread
[1946307792771868|pool-1-thread-21] end thread
[1946307793047033|pool-1-thread-15] end thread
[1946307793091804|pool-1-thread-13] end thread
[1946307793259405|pool-1-thread-28] end thread
[1946307793266370|pool-1-thread-14] end thread
[1946307793273853|pool-1-thread-19] end thread
[1946307793735736|pool-1-thread-30] end thread
[1946307793946320|pool-1-thread-7] end thread
[1946307794237673|pool-1-thread-12] end thread
[1946307794344748|pool-1-thread-27] end thread
[1946307794425097|pool-1-thread-18] end thread
[1946307795226007|pool-1-thread-16] end thread
[1946307795399470|pool-1-thread-5] end thread
[1946307795540122|pool-1-thread-17] end thread
[1946307796076907|pool-1-thread-8] end thread
[1946307796177971|pool-1-thread-23] end thread
[1946307796229345|pool-1-thread-29] end thread
[1946307796353159|pool-1-thread-22] end thread
[1946307796462687|pool-1-thread-24] end thread
[1946307796517089|pool-1-thread-9] end thread
[1946307796698663|pool-1-thread-31] end thread
[1946307796799731|pool-1-thread-20] end thread
[1946307796837964|pool-1-thread-25] end thread
[1946307797144057|pool-1-thread-4] end thread
[1946307797335162|pool-1-thread-1] end thread
[1946307797403044|pool-1-thread-10] end thread
[1946307797838190|pool-1-thread-6] end thread
[1946307798239585|pool-1-thread-19] end thread
[1946307798333994|pool-1-thread-2] end thread
[1946307798277036|pool-1-thread-32] end thread
[1946307799490873|pool-1-thread-16] end thread
[1946307800135897|pool-1-thread-27] end thread
[1946307800175642|pool-1-thread-26] end thread
[1946307800374652|pool-1-thread-8] end thread
[1946307799948483|pool-1-thread-30] end thread
[1946307800527547|pool-1-thread-3] end thread
[1946307800829301|pool-1-thread-17] end thread
[1946307801295056|pool-1-thread-11] end thread
[1946307801937612|pool-1-thread-29] end thread
[1946307801994686|pool-1-thread-14] end thread
[1946307802167240|pool-1-thread-13] end thread
[1946307802215221|pool-1-thread-20] end thread
[1946307803168741|pool-1-thread-9] end thread
[1946307803299417|pool-1-thread-23] end thread
[1946307803791135|pool-1-thread-28] end thread
[1946307804123835|pool-1-thread-30] end thread
[1946307804593326|pool-1-thread-12] end thread
[1946307805424700|pool-1-thread-20] end thread
[1946307805641845|pool-1-thread-22] end thread
[1946307806336495|pool-1-thread-16] end thread
[1946307806404714|pool-1-thread-1] end thread
[1946307806722462|pool-1-thread-8] end thread
[1946307807063252|pool-1-thread-15] end thread
[1946307807179166|pool-1-thread-24] end thread
[1946307807191171|pool-1-thread-6] end thread
[1946307807237728|pool-1-thread-31] end thread
[1946307807284849|pool-1-thread-18] end thread
[1946307807327180|pool-1-thread-14] end thread
[1946307807365626|pool-1-thread-19] end thread
[1946307807455484|pool-1-thread-26] end thread
[1946307807523893|pool-1-thread-27] end thread
[1946307807641587|pool-1-thread-5] end thread
[1946307807762547|pool-1-thread-7] end thread
[1946307807817063|pool-1-thread-21] end thread
[1946307808272838|pool-1-thread-3] end thread
[1946307808506355|pool-1-thread-9] end thread
[1946307808645071|pool-1-thread-13] end thread
[1946307808916017|pool-1-thread-20] end thread
[1946307809033928|pool-1-thread-22] end thread
[1946307809383239|pool-1-thread-30] end thread
[1946307809615234|pool-1-thread-23] end thread
[1946307810135408|pool-1-thread-25] end thread
[1946307811127671|pool-1-thread-28] end thread
[1946307812062933|pool-1-thread-4] end thread
[1946307812108558|pool-1-thread-8] end thread
[1946307812179633|pool-1-thread-12] end thread
[1946307812804118|pool-1-thread-9] end thread
[1946307812904520|pool-1-thread-24] end thread
[1946307812978549|pool-1-thread-14] end thread
[1946307813130271|pool-1-thread-6] end thread
[1946307813291271|pool-1-thread-11] end thread
[1946307813505299|pool-1-thread-2] end thread
[1946307814795768|pool-1-thread-25] end thread
[1946307815134554|pool-1-thread-21] end thread
[1946307815155527|pool-1-thread-13] end thread
[1946307815344898|pool-1-thread-15] end thread
[1946307815424899|pool-1-thread-31] end thread
[1946307815689108|pool-1-thread-17] end thread
[1946307815735975|pool-1-thread-19] end thread
[1946307815755647|pool-1-thread-27] end thread
[1946307815770865|pool-1-thread-18] end thread
[1946307815767161|pool-1-thread-3] end thread
[1946307816174571|pool-1-thread-29] end thread
[1946307816353354|pool-1-thread-22] end thread
[1946307816697916|pool-1-thread-26] end thread
[1946307816700767|pool-1-thread-20] end thread
[1946307816739996|pool-1-thread-32] end thread
[1946307816823357|pool-1-thread-30] end thread
[1946307816990200|pool-1-thread-5] end thread
[1946307817260064|pool-1-thread-7] end thread
[1946307817711600|pool-1-thread-10] end thread
[1946307818050835|pool-1-thread-8] end thread
[1946307818187270|pool-1-thread-14] end thread
[1946307818303759|pool-1-thread-23] end thread
[1946307819613488|pool-1-thread-11] end thread
[1946307819707476|pool-1-thread-21] end thread
[1946307820249605|pool-1-thread-27] end thread
[1946307821142251|pool-1-thread-13] end thread
[1946307821269057|pool-1-thread-12] end thread
[1946307821276242|pool-1-thread-17] end thread
[1946307821339923|pool-1-thread-28] end thread
[1946307821360565|pool-1-thread-9] end thread
[1946307821869271|pool-1-thread-2] end thread
[1946307822115301|pool-1-thread-25] end thread
[1946307823090952|pool-1-thread-30] end thread
[1946307823725454|pool-1-thread-15] end thread
[1946307823879062|pool-1-thread-24] end thread
[1946307824148579|pool-1-thread-16] end thread
[1946307824217425|pool-1-thread-6] end thread
[1946307824224140|pool-1-thread-1] end thread
[1946307824325431|pool-1-thread-32] end thread
[1946307824361709|pool-1-thread-23] end thread
[1946307824472329|pool-1-thread-29] end thread
[1946307824777942|pool-1-thread-10] end thread
[1946307825329813|pool-1-thread-14] end thread
[1946307825413451|pool-1-thread-26] end thread
[1946307825595915|pool-1-thread-22] end thread
[1946307826640659|pool-1-thread-9] end thread
[1946307827365837|pool-1-thread-8] end thread
[1946307827767934|pool-1-thread-3] end thread
[1946307828062578|pool-1-thread-4] end thread
[1946307828112615|pool-1-thread-21] end thread
[1946307828148608|pool-1-thread-18] end thread
[1946307828296854|pool-1-thread-2] end thread
[1946307828355451|pool-1-thread-11] end thread
[1946307828454261|pool-1-thread-7] end thread
[1946307828504770|pool-1-thread-32] end thread
[1946307829231932|pool-1-thread-31] end thread
[1946307829455810|pool-1-thread-1] end thread
[1946307829466280|pool-1-thread-16] end thread
[1946307829521197|pool-1-thread-8] end thread
[1946307830156168|pool-1-thread-5] end thread
[1946307830450388|pool-1-thread-19] end thread
[1946307830487427|pool-1-thread-27] end thread
[1946307830540906|pool-1-thread-12] end thread
[1946307831316592|pool-1-thread-21] end thread
[1946307831384598|pool-1-thread-25] end thread
[1946307831669508|pool-1-thread-14] end thread
[1946307832120347|pool-1-thread-24] end thread
[1946307832516195|pool-1-thread-29] end thread
[1946307832527050|pool-1-thread-2] end thread
[1946307833820697|pool-1-thread-14] end thread
[1946307833907652|pool-1-thread-26] end thread
[1946307834046156|pool-1-thread-3] end thread
[1946307834649954|pool-1-thread-22] end thread
[1946307834900104|pool-1-thread-6] end thread
[1946307835679539|pool-1-thread-32] end thread
[1946307835721323|pool-1-thread-29] end thread
[1946307836077622|pool-1-thread-20] end thread
[1946307836125996|pool-1-thread-28] end thread
[1946307836237064|pool-1-thread-13] end thread
[1946307836325032|pool-1-thread-24] end thread
[1946307836566162|pool-1-thread-11] end thread
[1946307836828098|pool-1-thread-23] end thread
[1946307836898202|pool-1-thread-9] end thread
[1946307837102644|pool-1-thread-30] end thread
[1946307837871053|pool-1-thread-25] end thread
[1946307839235236|pool-1-thread-18] end thread
[1946307839934747|pool-1-thread-29] end thread
[1946307840091715|pool-1-thread-15] end thread
[1946307840104676|pool-1-thread-12] end thread
[1946307841054567|pool-1-thread-17] end thread
[1946307841511834|pool-1-thread-31] end thread
[1946307841879118|pool-1-thread-28] end thread
[1946307842250677|pool-1-thread-6] end thread
[1946307842849161|pool-1-thread-10] end thread
[1946307842937453|pool-1-thread-23] end thread
[1946307843319107|pool-1-thread-4] end thread
[1946307843848017|pool-1-thread-18] end thread
[1946307844072362|pool-1-thread-21] end thread
[1946307844208943|pool-1-thread-8] end thread
[1946307844325030|pool-1-thread-16] end thread
[1946307844413751|pool-1-thread-1] end thread
[1946307844520213|pool-1-thread-19] end thread
[1946307845827603|pool-1-thread-27] end thread
[1946307846097330|pool-1-thread-2] end thread
[1946307846122882|pool-1-thread-5] end thread
[1946307846243382|pool-1-thread-22] end thread
[1946307846321359|pool-1-thread-32] end thread
[1946307846621507|pool-1-thread-30] end thread
[1946307846633914|pool-1-thread-11] end thread
[1946307847164393|pool-1-thread-9] end thread
[1946307848055986|pool-1-thread-14] end thread
[1946307848170924|pool-1-thread-20] end thread
[1946307848208286|pool-1-thread-3] end thread
[1946307848218954|pool-1-thread-24] end thread
[1946307848353507|pool-1-thread-13] end thread
[1946307851849940|pool-1-thread-15] end thread
[1946307851883245|pool-1-thread-29] end thread
[1946307853176387|pool-1-thread-25] end thread
[1946307868116982|pool-1-thread-7] end thread
[1946307868263437|pool-1-thread-26] end thread
Tests run: 14, Failures: 0, Errors: 0, Skipped: 0, Time elapsed: 0.976 sec - in at.favre.lib.crypto.HKDFTest
Running at.favre.lib.crypto.HKDFBenchmarkTest
Tests run: 1, Failures: 0, Errors: 0, Skipped: 1, Time elapsed: 0.007 sec - in at.favre.lib.crypto.HKDFBenchmarkTest

Results :

Tests run: 22, Failures: 0, Errors: 0, Skipped: 1

[INFO] 
[INFO] --- jacoco-maven-plugin:0.8.5:report (report) @ hkdf ---
[INFO] Loading execution data file /tmp/tmprb_mrc76/hkdf/target/jacoco.exec
[INFO] Analyzed bundle 'HKDF-RFC5869' with 248 classes
[INFO] ------------------------------------------------------------------------
[INFO] BUILD SUCCESS
[INFO] ------------------------------------------------------------------------
[INFO] Total time:  25.967 s
[INFO] Finished at: 2020-07-30T22:16:25Z
[INFO] ------------------------------------------------------------------------
