[INFO] Error stacktraces are turned on.
[INFO] Scanning for projects...
[INFO] 
[INFO] ------------------< com.dqdl.ddd:community-ddd-demo >-------------------
[INFO] Building communit-ddd-demo Maven Webapp 0.0.1-SNAPSHOT
[INFO] --------------------------------[ war ]---------------------------------
[INFO] 
[INFO] --- jacoco-maven-plugin:0.8.5:prepare-agent (default) @ community-ddd-demo ---
[INFO] argLine set to -javaagent:/home/jdbl/.m2/repository/org/jacoco/org.jacoco.agent/0.8.5/org.jacoco.agent-0.8.5-runtime.jar=destfile=/tmp/tmp6a8l4oep/community-ddd-demo/target/jacoco.exec
[INFO] 
[INFO] --- maven-resources-plugin:2.6:resources (default-resources) @ community-ddd-demo ---
[WARNING] Using platform encoding (UTF-8 actually) to copy filtered resources, i.e. build is platform dependent!
[INFO] Copying 5 resources
[INFO] 
[INFO] --- maven-compiler-plugin:2.0.2:compile (default-compile) @ community-ddd-demo ---
[INFO] Compiling 48 source files to /tmp/tmp6a8l4oep/community-ddd-demo/target/classes
[INFO] 
[INFO] --- maven-resources-plugin:2.6:testResources (default-testResources) @ community-ddd-demo ---
[WARNING] Using platform encoding (UTF-8 actually) to copy filtered resources, i.e. build is platform dependent!
[INFO] skip non existing resourceDirectory /tmp/tmp6a8l4oep/community-ddd-demo/src/test/resources
[INFO] 
[INFO] --- maven-compiler-plugin:2.0.2:testCompile (default-testCompile) @ community-ddd-demo ---
[INFO] Compiling 5 source files to /tmp/tmp6a8l4oep/community-ddd-demo/target/test-classes
[INFO] 
[INFO] --- maven-surefire-plugin:2.19.1:test (default-test) @ community-ddd-demo ---
[INFO] Surefire report directory: /tmp/tmp6a8l4oep/community-ddd-demo/target/surefire-reports

-------------------------------------------------------
 T E S T S
-------------------------------------------------------
Running com.dqdl.community.domain.model.user.PostAuthorTest
Tests run: 6, Failures: 0, Errors: 0, Skipped: 0, Time elapsed: 0.324 sec - in com.dqdl.community.domain.model.user.PostAuthorTest
Running com.dqdl.community.domain.model.user.UserTest
Tests run: 3, Failures: 0, Errors: 0, Skipped: 0, Time elapsed: 0.002 sec - in com.dqdl.community.domain.model.user.UserTest
Running com.dqdl.community.domain.model.post.PostTest
Tests run: 7, Failures: 0, Errors: 0, Skipped: 0, Time elapsed: 0.395 sec - in com.dqdl.community.domain.model.post.PostTest
Running com.dqdl.community.domain.service.contentfilter.LocalTextContentFilterTest
Tests run: 2, Failures: 0, Errors: 0, Skipped: 0, Time elapsed: 0.008 sec - in com.dqdl.community.domain.service.contentfilter.LocalTextContentFilterTest

Results :

Tests run: 18, Failures: 0, Errors: 0, Skipped: 0

[INFO] 
[INFO] --- jacoco-maven-plugin:0.8.5:report (report) @ community-ddd-demo ---
[INFO] Loading execution data file /tmp/tmp6a8l4oep/community-ddd-demo/target/jacoco.exec
[INFO] Analyzed bundle 'communit-ddd-demo Maven Webapp' with 118 classes
[INFO] ------------------------------------------------------------------------
[INFO] BUILD SUCCESS
[INFO] ------------------------------------------------------------------------
[INFO] Total time:  13.412 s
[INFO] Finished at: 2020-07-30T21:35:07Z
[INFO] ------------------------------------------------------------------------
