[INFO] Error stacktraces are turned on.
[INFO] Scanning for projects...
[INFO] Inspecting build with total of 1 modules...
[INFO] Installing Nexus Staging features:
[INFO]   ... total of 1 executions of maven-deploy-plugin replaced with nexus-staging-maven-plugin
[INFO] 
[INFO] -----------------< com.github.davidmoten:rxjava2-aws >------------------
[INFO] Building rxjava2-aws 0.1.28-SNAPSHOT
[INFO] --------------------------------[ jar ]---------------------------------
[INFO] 
[INFO] --- jacoco-maven-plugin:0.8.5:prepare-agent (default) @ rxjava2-aws ---
[INFO] argLine set to -javaagent:/home/jdbl/.m2/repository/org/jacoco/org.jacoco.agent/0.8.5/org.jacoco.agent-0.8.5-runtime.jar=destfile=/tmp/tmph6oxa_qh/rxjava2-aws/target/jacoco.exec
[INFO] 
[INFO] --- maven-resources-plugin:2.6:resources (default-resources) @ rxjava2-aws ---
[INFO] Using 'UTF-8' encoding to copy filtered resources.
[INFO] skip non existing resourceDirectory /tmp/tmph6oxa_qh/rxjava2-aws/src/main/resources
[INFO] 
[INFO] --- maven-compiler-plugin:3.8.1:compile (default-compile) @ rxjava2-aws ---
[INFO] Changes detected - recompiling the module!
[INFO] Compiling 5 source files to /tmp/tmph6oxa_qh/rxjava2-aws/target/classes
[INFO] 
[INFO] --- maven-resources-plugin:2.6:testResources (default-testResources) @ rxjava2-aws ---
[INFO] Using 'UTF-8' encoding to copy filtered resources.
[INFO] Copying 1 resource
[INFO] 
[INFO] --- maven-compiler-plugin:3.8.1:testCompile (default-testCompile) @ rxjava2-aws ---
[INFO] Changes detected - recompiling the module!
[INFO] Compiling 4 source files to /tmp/tmph6oxa_qh/rxjava2-aws/target/test-classes
[INFO] 
[INFO] --- maven-surefire-plugin:2.19.1:test (default-test) @ rxjava2-aws ---
[INFO] Surefire report directory: /tmp/tmph6oxa_qh/rxjava2-aws/target/surefire-reports

-------------------------------------------------------
 T E S T S
-------------------------------------------------------
Running com.github.davidmoten.rx2.aws.UtilTest
Tests run: 1, Failures: 0, Errors: 0, Skipped: 0, Time elapsed: 0.147 sec - in com.github.davidmoten.rx2.aws.UtilTest
Running com.github.davidmoten.rx2.aws.SqsMessageTest
Tests run: 7, Failures: 0, Errors: 0, Skipped: 0, Time elapsed: 1.386 sec - in com.github.davidmoten.rx2.aws.SqsMessageTest
Running com.github.davidmoten.rx2.aws.SqsTest
Tests run: 12, Failures: 0, Errors: 0, Skipped: 0, Time elapsed: 0.383 sec - in com.github.davidmoten.rx2.aws.SqsTest
Running com.github.davidmoten.rx2.aws.AwsClientsTest
Tests run: 3, Failures: 0, Errors: 0, Skipped: 0, Time elapsed: 1.296 sec - in com.github.davidmoten.rx2.aws.AwsClientsTest

Results :

Tests run: 23, Failures: 0, Errors: 0, Skipped: 0

[INFO] 
[INFO] --- jacoco-maven-plugin:0.8.5:report (report) @ rxjava2-aws ---
[INFO] Loading execution data file /tmp/tmph6oxa_qh/rxjava2-aws/target/jacoco.exec
[INFO] Analyzed bundle 'rxjava2-aws' with 21 classes
[INFO] ------------------------------------------------------------------------
[INFO] BUILD SUCCESS
[INFO] ------------------------------------------------------------------------
[INFO] Total time:  23.957 s
[INFO] Finished at: 2020-07-30T21:30:48Z
[INFO] ------------------------------------------------------------------------
