[INFO] Error stacktraces are turned on.
[INFO] Scanning for projects...
[INFO] 
[INFO] -----------------------< io.github.acgray:jplow >-----------------------
[INFO] Building jplow 0.2-SNAPSHOT
[INFO] --------------------------------[ jar ]---------------------------------
[INFO] 
[INFO] --- jacoco-maven-plugin:0.8.5:prepare-agent (default) @ jplow ---
[INFO] argLine set to -javaagent:/home/jdbl/.m2/repository/org/jacoco/org.jacoco.agent/0.8.5/org.jacoco.agent-0.8.5-runtime.jar=destfile=/tmp/tmpc1woo4_t/jplow/target/jacoco.exec
[INFO] 
[INFO] --- scrooge-maven-plugin:18.1.0:compile (thrift-sources) @ jplow ---
[INFO] finding thrift files in dependencies
[INFO] finding thrift files in referenced (reactor) projects
[INFO] compiling thrift files [/tmp/tmpc1woo4_t/jplow/src/main/thrift/com/snowplowanalytics/snowplow/CollectorPayload.thrift] with Scrooge
[INFO] 
[INFO] --- maven-resources-plugin:2.6:resources (default-resources) @ jplow ---
[WARNING] Using platform encoding (UTF-8 actually) to copy filtered resources, i.e. build is platform dependent!
[INFO] skip non existing resourceDirectory /tmp/tmpc1woo4_t/jplow/src/main/resources
[INFO] Copying 1 resource
[INFO] skip non existing resourceDirectory /tmp/tmpc1woo4_t/jplow/target/generated-resources
[INFO] 
[INFO] --- maven-compiler-plugin:3.7.0:compile (default-compile) @ jplow ---
[INFO] Changes detected - recompiling the module!
[WARNING] File encoding has not been set, using platform encoding UTF-8, i.e. build is platform dependent!
[INFO] Compiling 8 source files to /tmp/tmpc1woo4_t/jplow/target/classes
[INFO] /tmp/tmpc1woo4_t/jplow/src/main/java/io/github/acgray/jplow/value/SnowplowEvent.java: /tmp/tmpc1woo4_t/jplow/src/main/java/io/github/acgray/jplow/value/SnowplowEvent.java uses unchecked or unsafe operations.
[INFO] /tmp/tmpc1woo4_t/jplow/src/main/java/io/github/acgray/jplow/value/SnowplowEvent.java: Recompile with -Xlint:unchecked for details.
[INFO] 
[INFO] --- scrooge-maven-plugin:18.1.0:testCompile (thrift-test-sources) @ jplow ---
[INFO] finding thrift files in dependencies
[INFO] finding thrift files in referenced (reactor) projects
[INFO] No thrift files to compile.
[INFO] 
[INFO] --- maven-resources-plugin:2.6:testResources (default-testResources) @ jplow ---
[WARNING] Using platform encoding (UTF-8 actually) to copy filtered resources, i.e. build is platform dependent!
[INFO] skip non existing resourceDirectory /tmp/tmpc1woo4_t/jplow/src/test/resources
[INFO] 
[INFO] --- maven-compiler-plugin:3.7.0:testCompile (default-testCompile) @ jplow ---
[INFO] Changes detected - recompiling the module!
[WARNING] File encoding has not been set, using platform encoding UTF-8, i.e. build is platform dependent!
[INFO] Compiling 6 source files to /tmp/tmpc1woo4_t/jplow/target/test-classes
[INFO] 
[INFO] --- maven-surefire-plugin:2.19.1:test (default-test) @ jplow ---
[INFO] Surefire report directory: /tmp/tmpc1woo4_t/jplow/target/surefire-reports

-------------------------------------------------------
 T E S T S
-------------------------------------------------------
Running io.github.acgray.jplow.value.TestBadRequest
Tests run: 2, Failures: 0, Errors: 0, Skipped: 0, Time elapsed: 0.378 sec - in io.github.acgray.jplow.value.TestBadRequest
Running io.github.acgray.jplow.value.TestTrackerProtocol
Jul 30, 2020 9:16:07 PM io.github.acgray.jplow.value.TrackerProtocol$Builder setByName
WARNING: Ignoring unknown Tracker Protocol field "random". This class definition may be out of date with the latest Snowplow release
Tests run: 4, Failures: 0, Errors: 0, Skipped: 0, Time elapsed: 1.282 sec - in io.github.acgray.jplow.value.TestTrackerProtocol
Running io.github.acgray.jplow.selfdesc.TestSchemaVer
Tests run: 4, Failures: 0, Errors: 0, Skipped: 0, Time elapsed: 0.01 sec - in io.github.acgray.jplow.selfdesc.TestSchemaVer
Running io.github.acgray.jplow.selfdesc.TestSelfDescribing
Tests run: 3, Failures: 0, Errors: 0, Skipped: 0, Time elapsed: 0.218 sec - in io.github.acgray.jplow.selfdesc.TestSelfDescribing
Running io.github.acgray.jplow.selfdesc.TestSchemaKey
Tests run: 9, Failures: 0, Errors: 0, Skipped: 0, Time elapsed: 0.009 sec - in io.github.acgray.jplow.selfdesc.TestSchemaKey

Results :

Tests run: 22, Failures: 0, Errors: 0, Skipped: 0

[INFO] 
[INFO] --- jacoco-maven-plugin:0.8.5:report (report) @ jplow ---
[INFO] Loading execution data file /tmp/tmpc1woo4_t/jplow/target/jacoco.exec
[INFO] Analyzed bundle 'jplow' with 299 classes
[INFO] ------------------------------------------------------------------------
[INFO] BUILD SUCCESS
[INFO] ------------------------------------------------------------------------
[INFO] Total time:  34.983 s
[INFO] Finished at: 2020-07-30T21:16:10Z
[INFO] ------------------------------------------------------------------------
