[INFO] Error stacktraces are turned on.
[INFO] Scanning for projects...
[WARNING] The project jline:jline:jar:2.11 uses prerequisites which is only intended for maven-plugin projects but not for non maven-plugin projects. For such purposes you should use the maven-enforcer-plugin. See https://maven.apache.org/enforcer/enforcer-rules/requireMavenVersion.html
[INFO] 
[INFO] ----------------------------< jline:jline >-----------------------------
[INFO] Building JLine 2.11
[INFO] --------------------------------[ jar ]---------------------------------
[INFO] 
[INFO] --- maven-enforcer-plugin:1.0:enforce (enforce-maven) @ jline ---
[INFO] 
[INFO] --- maven-resources-plugin:2.6:resources (default-resources) @ jline ---
[INFO] Using 'UTF-8' encoding to copy filtered resources.
[INFO] Copying 1 resource
[INFO] skip non existing resourceDirectory /tmp/tmpywmtjmg1/jline2/src/main/filtered-resources
[INFO] 
[INFO] --- maven-compiler-plugin:2.5:compile (default-compile) @ jline ---
[INFO] Compiling 44 source files to /tmp/tmpywmtjmg1/jline2/target/classes
[INFO] 
[INFO] --- animal-sniffer-maven-plugin:1.9:check (default) @ jline ---
[INFO] Signature checking is skipped.
[INFO] 
[INFO] --- maven-bundle-plugin:2.1.0:manifest (default) @ jline ---
[INFO] 
[INFO] --- maven-resources-plugin:2.6:testResources (default-testResources) @ jline ---
[INFO] Using 'UTF-8' encoding to copy filtered resources.
[INFO] Copying 6 resources
[INFO] skip non existing resourceDirectory /tmp/tmpywmtjmg1/jline2/src/test/filtered-resources
[INFO] 
[INFO] --- maven-compiler-plugin:2.5:testCompile (default-testCompile) @ jline ---
[INFO] Compiling 17 source files to /tmp/tmpywmtjmg1/jline2/target/test-classes
[INFO] 
[INFO] --- maven-surefire-plugin:2.12:test (default-test) @ jline ---
[INFO] Surefire report directory: /tmp/tmpywmtjmg1/jline2/target/surefire-reports

-------------------------------------------------------
 T E S T S
-------------------------------------------------------
Running jline.console.HistorySearchTest
Tests run: 6, Failures: 0, Errors: 0, Skipped: 0, Time elapsed: 0.175 sec
Running jline.console.ViMoveModeTest
Tests run: 30, Failures: 0, Errors: 0, Skipped: 0, Time elapsed: 0.699 sec
Running jline.console.ConsoleReaderTest
Tests run: 21, Failures: 0, Errors: 0, Skipped: 0, Time elapsed: 0.206 sec
Running jline.console.completer.StringsCompleterTest
Tests run: 1, Failures: 0, Errors: 0, Skipped: 0, Time elapsed: 0.012 sec
Running jline.console.completer.ArgumentCompleterTest
Tests run: 1, Failures: 0, Errors: 0, Skipped: 0, Time elapsed: 0.013 sec
Running jline.console.completer.NullCompleterTest
Tests run: 1, Failures: 0, Errors: 0, Skipped: 0, Time elapsed: 0.002 sec
Running jline.console.history.MemoryHistoryTest
Tests run: 7, Failures: 0, Errors: 0, Skipped: 0, Time elapsed: 0.001 sec
Running jline.console.history.HistoryTest
Tests run: 1, Failures: 0, Errors: 0, Skipped: 0, Time elapsed: 0.263 sec
Running jline.console.EditLineTest
Tests run: 10, Failures: 0, Errors: 0, Skipped: 0, Time elapsed: 0.121 sec
Running jline.TerminalFactoryTest
Tests run: 2, Failures: 0, Errors: 0, Skipped: 0, Time elapsed: 0.002 sec
Running jline.readline.KeyMapTest
Tests run: 1, Failures: 0, Errors: 0, Skipped: 0, Time elapsed: 0 sec
Running jline.internal.ConfigurationTest
Tests run: 5, Failures: 0, Errors: 0, Skipped: 0, Time elapsed: 0.001 sec
Running jline.internal.TerminalLineSettingsTest
Tests run: 7, Failures: 0, Errors: 0, Skipped: 0, Time elapsed: 0.003 sec
Running jline.internal.LogTest
Tests run: 5, Failures: 0, Errors: 0, Skipped: 0, Time elapsed: 0.001 sec

Results :

Tests run: 98, Failures: 0, Errors: 0, Skipped: 0

[INFO] 
[INFO] --- maven-jar-plugin:2.4:jar (default-jar) @ jline ---
[INFO] Building jar: /tmp/tmpywmtjmg1/jline2/target/jline-2.11.jar
[INFO] 
[INFO] --- maven-source-plugin:2.1.2:jar-no-fork (attach-sources) @ jline ---
[INFO] jline already added, skipping
[INFO] jline/console already added, skipping
[INFO] jline/console/completer already added, skipping
[INFO] Building jar: /tmp/tmpywmtjmg1/jline2/target/jline-2.11-sources.jar
[INFO] jline already added, skipping
[INFO] jline/console already added, skipping
[INFO] jline/console/completer already added, skipping
[INFO] 
[INFO] --- maven-jar-plugin:2.4:test-jar (default) @ jline ---
[INFO] Building jar: /tmp/tmpywmtjmg1/jline2/target/jline-2.11-tests.jar
[INFO] 
[INFO] --- maven-shade-plugin:1.6:shade (default) @ jline ---
[INFO] Including org.fusesource.jansi:jansi:jar:1.11 in the shaded jar.
[INFO] Replacing original artifact with shaded artifact.
[INFO] Replacing /tmp/tmpywmtjmg1/jline2/target/jline-2.11.jar with /tmp/tmpywmtjmg1/jline2/target/jline-2.11-shaded.jar
[INFO] 
[INFO] --- maven-site-plugin:3.2:attach-descriptor (attach-descriptor) @ jline ---
[INFO] 
[INFO] --- maven-assembly-plugin:3.2.0:single (default) @ jline ---
[INFO] Building jar: /tmp/tmpywmtjmg1/jline2/target/jline-2.11-jar-with-dependencies.jar
[INFO] ------------------------------------------------------------------------
[INFO] BUILD SUCCESS
[INFO] ------------------------------------------------------------------------
[INFO] Total time:  10.991 s
[INFO] Finished at: 2020-07-30T19:06:40Z
[INFO] ------------------------------------------------------------------------
