[INFO] Error stacktraces are turned on.
[INFO] Scanning for projects...
[INFO] Inspecting build with total of 1 modules...
[INFO] Installing Nexus Staging features:
[INFO]   ... total of 1 executions of maven-deploy-plugin replaced with nexus-staging-maven-plugin
[INFO] 
[INFO] -------------< com.forgerock.openbanking:openbanking-sdk >--------------
[INFO] Building openbanking-sdk 3.1.2.6-SNAPSHOT
[INFO] --------------------------------[ jar ]---------------------------------
[INFO] 
[INFO] --- jacoco-maven-plugin:0.8.5:prepare-agent (default) @ openbanking-sdk ---
[INFO] argLine set to -javaagent:/home/jdbl/.m2/repository/org/jacoco/org.jacoco.agent/0.8.5/org.jacoco.agent-0.8.5-runtime.jar=destfile=/tmp/tmps6u3ober/OpenBanking-UK-Datamodel-Java-SDK/target/jacoco.exec
[INFO] 
[INFO] --- license-maven-plugin:3.0:format (default) @ openbanking-sdk ---
[INFO] 
[INFO] --- license-maven-plugin:3.0:check (default) @ openbanking-sdk ---
[INFO] 
[INFO] --- maven-resources-plugin:2.6:resources (default-resources) @ openbanking-sdk ---
[WARNING] Using platform encoding (UTF-8 actually) to copy filtered resources, i.e. build is platform dependent!
[INFO] skip non existing resourceDirectory /tmp/tmps6u3ober/OpenBanking-UK-Datamodel-Java-SDK/src/main/resources
[INFO] 
[INFO] --- maven-compiler-plugin:3.7.0:compile (default-compile) @ openbanking-sdk ---
[INFO] Changes detected - recompiling the module!
[WARNING] File encoding has not been set, using platform encoding UTF-8, i.e. build is platform dependent!
[INFO] Compiling 734 source files to /tmp/tmps6u3ober/OpenBanking-UK-Datamodel-Java-SDK/target/classes
[INFO] /tmp/tmps6u3ober/OpenBanking-UK-Datamodel-Java-SDK/src/main/java/uk/org/openbanking/datamodel/service/converter/OBProductConverter.java: /tmp/tmps6u3ober/OpenBanking-UK-Datamodel-Java-SDK/src/main/java/uk/org/openbanking/datamodel/service/converter/OBProductConverter.java uses or overrides a deprecated API.
[INFO] /tmp/tmps6u3ober/OpenBanking-UK-Datamodel-Java-SDK/src/main/java/uk/org/openbanking/datamodel/service/converter/OBProductConverter.java: Recompile with -Xlint:deprecation for details.
[INFO] 
[INFO] --- maven-resources-plugin:2.6:testResources (default-testResources) @ openbanking-sdk ---
[WARNING] Using platform encoding (UTF-8 actually) to copy filtered resources, i.e. build is platform dependent!
[INFO] skip non existing resourceDirectory /tmp/tmps6u3ober/OpenBanking-UK-Datamodel-Java-SDK/src/test/resources
[INFO] 
[INFO] --- maven-compiler-plugin:3.7.0:testCompile (default-testCompile) @ openbanking-sdk ---
[INFO] Changes detected - recompiling the module!
[WARNING] File encoding has not been set, using platform encoding UTF-8, i.e. build is platform dependent!
[INFO] Compiling 5 source files to /tmp/tmps6u3ober/OpenBanking-UK-Datamodel-Java-SDK/target/test-classes
[INFO] 
[INFO] --- maven-surefire-plugin:2.19.1:test (default-test) @ openbanking-sdk ---
[INFO] Surefire report directory: /tmp/tmps6u3ober/OpenBanking-UK-Datamodel-Java-SDK/target/surefire-reports

-------------------------------------------------------
 T E S T S
-------------------------------------------------------
Running uk.org.openbanking.validation.CurrencyCodeValidatorTest
Tests run: 1, Failures: 0, Errors: 0, Skipped: 0, Time elapsed: 0.256 sec - in uk.org.openbanking.validation.CurrencyCodeValidatorTest
Running uk.org.openbanking.datamodel.service.converter.OBExternalAccountIdentificationConverterTest
Tests run: 4, Failures: 0, Errors: 0, Skipped: 0, Time elapsed: 0.081 sec - in uk.org.openbanking.datamodel.service.converter.OBExternalAccountIdentificationConverterTest
Running uk.org.openbanking.jackson.account.OBRiskSerializerTest
Tests run: 1, Failures: 0, Errors: 0, Skipped: 0, Time elapsed: 0.912 sec - in uk.org.openbanking.jackson.account.OBRiskSerializerTest
Running uk.org.openbanking.jackson.account.OBSupplementarySerializerTest
Tests run: 1, Failures: 0, Errors: 0, Skipped: 0, Time elapsed: 0.005 sec - in uk.org.openbanking.jackson.account.OBSupplementarySerializerTest
Running uk.org.openbanking.jackson.payment.OBRiskTest
Jul 30, 2020 11:17:15 PM org.hibernate.validator.internal.util.Version <clinit>
INFO: HV000001: Hibernate Validator 5.2.4.Final
Tests run: 3, Failures: 0, Errors: 0, Skipped: 0, Time elapsed: 0.977 sec - in uk.org.openbanking.jackson.payment.OBRiskTest

Results :

Tests run: 10, Failures: 0, Errors: 0, Skipped: 0

[INFO] 
[INFO] --- jacoco-maven-plugin:0.8.5:report (report) @ openbanking-sdk ---
[INFO] Loading execution data file /tmp/tmps6u3ober/OpenBanking-UK-Datamodel-Java-SDK/target/jacoco.exec
[INFO] Analyzed bundle 'openbanking-sdk' with 1127 classes
[INFO] ------------------------------------------------------------------------
[INFO] BUILD SUCCESS
[INFO] ------------------------------------------------------------------------
[INFO] Total time:  38.787 s
[INFO] Finished at: 2020-07-30T23:17:22Z
[INFO] ------------------------------------------------------------------------
