[INFO] Error stacktraces are turned on.
[INFO] Scanning for projects...
[INFO] 
[INFO] ------------------< com.github.bingoohuang:westjson >-------------------
[INFO] Building json minifier 0.0.2-SNAPSHOT
[INFO] --------------------------------[ jar ]---------------------------------
[INFO] 
[INFO] --- jacoco-maven-plugin:0.8.5:prepare-agent (default) @ westjson ---
[INFO] argLine set to -javaagent:/home/jdbl/.m2/repository/org/jacoco/org.jacoco.agent/0.8.5/org.jacoco.agent-0.8.5-runtime.jar=destfile=/tmp/tmpaatgda8k/westjson/target/jacoco.exec
[INFO] 
[INFO] --- maven-resources-plugin:2.6:resources (default-resources) @ westjson ---
[INFO] Using 'UTF-8' encoding to copy filtered resources.
[INFO] skip non existing resourceDirectory /tmp/tmpaatgda8k/westjson/src/main/resources
[INFO] 
[INFO] --- maven-compiler-plugin:3.1:compile (default-compile) @ westjson ---
[INFO] Changes detected - recompiling the module!
[INFO] Compiling 10 source files to /tmp/tmpaatgda8k/westjson/target/classes
[INFO] 
[INFO] --- maven-resources-plugin:2.6:testResources (default-testResources) @ westjson ---
[INFO] Using 'UTF-8' encoding to copy filtered resources.
[INFO] Copying 19 resources
[INFO] 
[INFO] --- maven-compiler-plugin:3.1:testCompile (default-testCompile) @ westjson ---
[INFO] Changes detected - recompiling the module!
[INFO] Compiling 10 source files to /tmp/tmpaatgda8k/westjson/target/test-classes
[WARNING] /tmp/tmpaatgda8k/westjson/src/test/java/com/github/bingoohuang/westjson/MapTest.java: /tmp/tmpaatgda8k/westjson/src/test/java/com/github/bingoohuang/westjson/MapTest.java uses unchecked or unsafe operations.
[WARNING] /tmp/tmpaatgda8k/westjson/src/test/java/com/github/bingoohuang/westjson/MapTest.java: Recompile with -Xlint:unchecked for details.
[INFO] 
[INFO] --- maven-surefire-plugin:2.19.1:test (default-test) @ westjson ---
[INFO] Surefire report directory: /tmp/tmpaatgda8k/westjson/target/surefire-reports

-------------------------------------------------------
 T E S T S
-------------------------------------------------------
Running com.github.bingoohuang.westjson.BigTest
Tests run: 1, Failures: 0, Errors: 0, Skipped: 1, Time elapsed: 0.112 sec - in com.github.bingoohuang.westjson.BigTest
Running com.github.bingoohuang.westjson.impl.WestJsonThinerTest
Tests run: 1, Failures: 0, Errors: 0, Skipped: 0, Time elapsed: 0.33 sec - in com.github.bingoohuang.westjson.impl.WestJsonThinerTest
Running com.github.bingoohuang.westjson.impl.WestJsonQuoterTest
Tests run: 15, Failures: 0, Errors: 0, Skipped: 0, Time elapsed: 0.063 sec - in com.github.bingoohuang.westjson.impl.WestJsonQuoterTest
Running com.github.bingoohuang.westjson.impl.WestJsonUnquoterTest
Tests run: 4, Failures: 0, Errors: 0, Skipped: 0, Time elapsed: 0.001 sec - in com.github.bingoohuang.westjson.impl.WestJsonUnquoterTest
Running com.github.bingoohuang.westjson.WestJsonUtilsTest
Tests run: 1, Failures: 0, Errors: 0, Skipped: 0, Time elapsed: 0 sec - in com.github.bingoohuang.westjson.WestJsonUtilsTest
Running com.github.bingoohuang.westjson.HelloWordTest
Tests run: 12, Failures: 0, Errors: 0, Skipped: 0, Time elapsed: 0.056 sec - in com.github.bingoohuang.westjson.HelloWordTest
Running com.github.bingoohuang.westjson.CdrTest
Tests run: 1, Failures: 0, Errors: 0, Skipped: 0, Time elapsed: 0 sec - in com.github.bingoohuang.westjson.CdrTest
Running com.github.bingoohuang.westjson.MapTest
Tests run: 2, Failures: 0, Errors: 0, Skipped: 0, Time elapsed: 0.02 sec - in com.github.bingoohuang.westjson.MapTest
Running com.github.bingoohuang.westjson.DemoTest
Tests run: 1, Failures: 0, Errors: 0, Skipped: 0, Time elapsed: 0.571 sec - in com.github.bingoohuang.westjson.DemoTest

Results :

Tests run: 38, Failures: 0, Errors: 0, Skipped: 1

[INFO] 
[INFO] --- jacoco-maven-plugin:0.8.5:report (report) @ westjson ---
[INFO] Loading execution data file /tmp/tmpaatgda8k/westjson/target/jacoco.exec
[INFO] Analyzed bundle 'json minifier' with 270 classes
[INFO] ------------------------------------------------------------------------
[INFO] BUILD SUCCESS
[INFO] ------------------------------------------------------------------------
[INFO] Total time:  11.515 s
[INFO] Finished at: 2020-07-30T20:17:36Z
[INFO] ------------------------------------------------------------------------
