[INFO] Error stacktraces are turned on.
[INFO] Scanning for projects...
[INFO] 
[INFO] -----------------< uk.co.lucasweb:aws-v4-signer-java >------------------
[INFO] Building AWS V4 Signer for Java 1.4-SNAPSHOT
[INFO] --------------------------------[ jar ]---------------------------------
[INFO] 
[INFO] --- jacoco-maven-plugin:0.8.5:prepare-agent (agent) @ aws-v4-signer-java ---
[INFO] argLine set to -javaagent:/home/jdbl/.m2/repository/org/jacoco/org.jacoco.agent/0.8.5/org.jacoco.agent-0.8.5-runtime.jar=destfile=/tmp/tmplhss5e7n/aws-v4-signer-java/target/jacoco.exec
[INFO] 
[INFO] --- jacoco-maven-plugin:0.8.5:prepare-agent (default) @ aws-v4-signer-java ---
[INFO] argLine set to -javaagent:/home/jdbl/.m2/repository/org/jacoco/org.jacoco.agent/0.8.5/org.jacoco.agent-0.8.5-runtime.jar=destfile=/tmp/tmplhss5e7n/aws-v4-signer-java/target/jacoco.exec
[INFO] 
[INFO] --- maven-resources-plugin:2.6:resources (default-resources) @ aws-v4-signer-java ---
[INFO] Using 'UTF-8' encoding to copy filtered resources.
[INFO] skip non existing resourceDirectory /tmp/tmplhss5e7n/aws-v4-signer-java/src/main/resources
[INFO] 
[INFO] --- maven-compiler-plugin:3.1:compile (default-compile) @ aws-v4-signer-java ---
[INFO] Changes detected - recompiling the module!
[INFO] Compiling 15 source files to /tmp/tmplhss5e7n/aws-v4-signer-java/target/classes
[INFO] 
[INFO] --- maven-resources-plugin:2.6:testResources (default-testResources) @ aws-v4-signer-java ---
[INFO] Using 'UTF-8' encoding to copy filtered resources.
[INFO] Copying 159 resources
[INFO] 
[INFO] --- maven-compiler-plugin:3.1:testCompile (default-testCompile) @ aws-v4-signer-java ---
[INFO] Changes detected - recompiling the module!
[INFO] Compiling 8 source files to /tmp/tmplhss5e7n/aws-v4-signer-java/target/test-classes
[INFO] 
[INFO] --- maven-surefire-plugin:2.19.1:test (default-test) @ aws-v4-signer-java ---
[INFO] Surefire report directory: /tmp/tmplhss5e7n/aws-v4-signer-java/target/surefire-reports

-------------------------------------------------------
 T E S T S
-------------------------------------------------------
Running uk.co.lucasweb.aws.v4.signer.CanonicalHeadersTest
Tests run: 5, Failures: 0, Errors: 0, Skipped: 0, Time elapsed: 0.225 sec - in uk.co.lucasweb.aws.v4.signer.CanonicalHeadersTest
Running uk.co.lucasweb.aws.v4.signer.HttpRequestTest
Tests run: 2, Failures: 0, Errors: 0, Skipped: 0, Time elapsed: 0 sec - in uk.co.lucasweb.aws.v4.signer.HttpRequestTest
Running uk.co.lucasweb.aws.v4.signer.SignerTest
Tests run: 3, Failures: 0, Errors: 0, Skipped: 0, Time elapsed: 0.07 sec - in uk.co.lucasweb.aws.v4.signer.SignerTest
Running uk.co.lucasweb.aws.v4.signer.AWSTestSuite
Tests run: 93, Failures: 0, Errors: 0, Skipped: 3, Time elapsed: 0.117 sec - in uk.co.lucasweb.aws.v4.signer.AWSTestSuite
Running uk.co.lucasweb.aws.v4.signer.CanonicalRequestTest
Tests run: 2, Failures: 0, Errors: 0, Skipped: 0, Time elapsed: 0 sec - in uk.co.lucasweb.aws.v4.signer.CanonicalRequestTest
Running uk.co.lucasweb.aws.v4.signer.Sha256Test
Tests run: 1, Failures: 0, Errors: 0, Skipped: 0, Time elapsed: 0.001 sec - in uk.co.lucasweb.aws.v4.signer.Sha256Test
Running uk.co.lucasweb.aws.v4.signer.credentials.AwsCredentialsProviderChainTest
Tests run: 3, Failures: 0, Errors: 0, Skipped: 0, Time elapsed: 0.162 sec - in uk.co.lucasweb.aws.v4.signer.credentials.AwsCredentialsProviderChainTest
Running uk.co.lucasweb.aws.v4.signer.Base16Test
Tests run: 2, Failures: 0, Errors: 0, Skipped: 0, Time elapsed: 0 sec - in uk.co.lucasweb.aws.v4.signer.Base16Test

Results :

Tests run: 111, Failures: 0, Errors: 0, Skipped: 3

[INFO] 
[INFO] --- jacoco-maven-plugin:0.8.5:report (report) @ aws-v4-signer-java ---
[INFO] Loading execution data file /tmp/tmplhss5e7n/aws-v4-signer-java/target/jacoco.exec
[INFO] Analyzed bundle 'AWS V4 Signer for Java' with 775 classes
[INFO] ------------------------------------------------------------------------
[INFO] BUILD SUCCESS
[INFO] ------------------------------------------------------------------------
[INFO] Total time:  6.861 s
[INFO] Finished at: 2020-07-31T08:28:42Z
[INFO] ------------------------------------------------------------------------
