[INFO] Error stacktraces are turned on.
[INFO] Scanning for projects...
[INFO] 
[INFO] ----------------------< com.sparkjava:spark-core >----------------------
[INFO] Building Spark 2.9.1
[INFO] -------------------------------[ bundle ]-------------------------------
[INFO] 
[INFO] --- maven-enforcer-plugin:1.4.1:enforce (enforce-maven) @ spark-core ---
[INFO] 
[INFO] --- maven-enforcer-plugin:1.4.1:enforce (enforce-java) @ spark-core ---
[INFO] 
[INFO] --- maven-resources-plugin:3.1.0:resources (default-resources) @ spark-core ---
[INFO] Using 'UTF-8' encoding to copy filtered resources.
[INFO] skip non existing resourceDirectory /tmp/tmp841178x1/spark/src/main/resources
[INFO] Copying 0 resource
[INFO] 
[INFO] --- maven-compiler-plugin:3.8.0:compile (default-compile) @ spark-core ---
[INFO] Changes detected - recompiling the module!
[INFO] Compiling 99 source files to /tmp/tmp841178x1/spark/target/classes
[INFO] /tmp/tmp841178x1/spark/src/main/java/spark/embeddedserver/jetty/SocketConnectorFactory.java: /tmp/tmp841178x1/spark/src/main/java/spark/embeddedserver/jetty/SocketConnectorFactory.java uses or overrides a deprecated API.
[INFO] /tmp/tmp841178x1/spark/src/main/java/spark/embeddedserver/jetty/SocketConnectorFactory.java: Recompile with -Xlint:deprecation for details.
[INFO] /tmp/tmp841178x1/spark/src/main/java/spark/staticfiles/MimeType.java: Some input files use unchecked or unsafe operations.
[INFO] /tmp/tmp841178x1/spark/src/main/java/spark/staticfiles/MimeType.java: Recompile with -Xlint:unchecked for details.
[INFO] 
[INFO] --- maven-resources-plugin:3.1.0:testResources (default-testResources) @ spark-core ---
[INFO] Using 'UTF-8' encoding to copy filtered resources.
[INFO] Copying 13 resources
[INFO] 
[INFO] --- maven-compiler-plugin:3.8.0:testCompile (default-testCompile) @ spark-core ---
[INFO] Changes detected - recompiling the module!
[INFO] Compiling 81 source files to /tmp/tmp841178x1/spark/target/test-classes
[INFO] /tmp/tmp841178x1/spark/src/test/java/spark/embeddedserver/EmbeddedServersTest.java: Some input files use or override a deprecated API.
[INFO] /tmp/tmp841178x1/spark/src/test/java/spark/embeddedserver/EmbeddedServersTest.java: Recompile with -Xlint:deprecation for details.
[INFO] /tmp/tmp841178x1/spark/src/test/java/spark/StaticFilesMemberTest.java: /tmp/tmp841178x1/spark/src/test/java/spark/StaticFilesMemberTest.java uses unchecked or unsafe operations.
[INFO] /tmp/tmp841178x1/spark/src/test/java/spark/StaticFilesMemberTest.java: Recompile with -Xlint:unchecked for details.
[INFO] 
[INFO] --- maven-surefire-plugin:2.22.0:test (default-test) @ spark-core ---
[INFO] Surefire report directory: /tmp/tmp841178x1/spark/target/surefire-reports
[INFO] 
[INFO] -------------------------------------------------------
[INFO]  T E S T S
[INFO] -------------------------------------------------------
[INFO] Running spark.RequestTest
[Thread-1] INFO org.eclipse.jetty.util.log - Logging initialized @1398ms to org.eclipse.jetty.util.log.Slf4jLog
[Thread-1] INFO spark.embeddedserver.jetty.EmbeddedJettyServer - == Spark has ignited ...
[Thread-1] INFO spark.embeddedserver.jetty.EmbeddedJettyServer - >> Listening on 0.0.0.0:4567
[Thread-1] INFO org.eclipse.jetty.server.Server - jetty-9.4.18.v20190429; built: 2019-04-29T20:42:08.989Z; git: e1bc35120a6617ee3df052294e433f3a25ce7097; jvm 1.8.0_262-b10
[Thread-1] INFO org.eclipse.jetty.server.session - DefaultSessionIdManager workerName=node0
[Thread-1] INFO org.eclipse.jetty.server.session - No SessionScavenger set, using defaults
[Thread-1] INFO org.eclipse.jetty.server.session - node0 Scavenging every 660000ms
[Thread-1] INFO org.eclipse.jetty.server.AbstractConnector - Started ServerConnector@573cd3fb{HTTP/1.1,[http/1.1]}{0.0.0.0:4567}
[Thread-1] INFO org.eclipse.jetty.server.Server - Started @1760ms
before filter matched
before filter matched
before filter matched
before filter matched
before filter matched
before filter matched
before filter matched
before filter matched
before filter matched
before filter matched
before filter matched
before filter matched
before filter matched
before filter matched
before filter matched
after filter matched
after filter matched
after filter matched
after filter matched
after filter matched
after filter matched
after filter matched
after filter matched
after filter matched
after filter matched
after filter matched
after filter matched
after filter matched
after filter matched
after filter matched
afterafter filter matched
afterafter filter matched
afterafter filter matched
afterafter filter matched
afterafter filter matched
afterafter filter matched
afterafter filter matched
afterafter filter matched
afterafter filter matched
afterafter filter matched
afterafter filter matched
afterafter filter matched
afterafter filter matched
afterafter filter matched
afterafter filter matched
[INFO] Tests run: 36, Failures: 0, Errors: 0, Skipped: 0, Time elapsed: 1.592 s - in spark.RequestTest
[INFO] Running spark.resource.UriPathTest
[INFO] Tests run: 1, Failures: 0, Errors: 0, Skipped: 0, Time elapsed: 0.084 s - in spark.resource.UriPathTest
[INFO] Running spark.QueryParamsMapTest
[INFO] Tests run: 8, Failures: 0, Errors: 0, Skipped: 0, Time elapsed: 0.146 s - in spark.QueryParamsMapTest
[INFO] Running spark.staticfiles.StaticFilesTest
[main] INFO spark.staticfiles.StaticFilesConfiguration - StaticResourceHandler configured with folder = /public
[main] INFO spark.staticfiles.StaticFilesConfiguration - External StaticResourceHandler configured with folder = /tmp
[Thread-1] INFO org.eclipse.jetty.util.log - Logging initialized @1089ms to org.eclipse.jetty.util.log.Slf4jLog
[Thread-1] INFO spark.embeddedserver.jetty.EmbeddedJettyServer - == Spark has ignited ...
[Thread-1] INFO spark.embeddedserver.jetty.EmbeddedJettyServer - >> Listening on 0.0.0.0:4567
[Thread-1] INFO org.eclipse.jetty.server.Server - jetty-9.4.18.v20190429; built: 2019-04-29T20:42:08.989Z; git: e1bc35120a6617ee3df052294e433f3a25ce7097; jvm 1.8.0_262-b10
[Thread-1] INFO org.eclipse.jetty.server.session - DefaultSessionIdManager workerName=node0
[Thread-1] INFO org.eclipse.jetty.server.session - No SessionScavenger set, using defaults
[Thread-1] INFO org.eclipse.jetty.server.session - node0 Scavenging every 660000ms
[Thread-1] INFO org.eclipse.jetty.server.AbstractConnector - Started ServerConnector@ac39077{HTTP/1.1,[http/1.1]}{0.0.0.0:4567}
[Thread-1] INFO org.eclipse.jetty.server.Server - Started @1331ms
[qtp848397635-43] WARN spark.staticfiles.StaticFilesConfiguration - classpath directory traversal detection for path: /..\spark\Spark.class
[INFO] Tests run: 8, Failures: 0, Errors: 0, Skipped: 0, Time elapsed: 1.094 s - in spark.staticfiles.StaticFilesTest
[Thread-21] INFO spark.embeddedserver.jetty.EmbeddedJettyServer - >>> Spark shutting down ...
[Thread-21] INFO org.eclipse.jetty.server.AbstractConnector - Stopped ServerConnector@ac39077{HTTP/1.1,[http/1.1]}{0.0.0.0:4567}
[Thread-21] INFO org.eclipse.jetty.server.session - node0 Stopped scavenging
[Thread-21] INFO spark.embeddedserver.jetty.EmbeddedJettyServer - done
[INFO] Running spark.staticfiles.DisableMimeGuessingTest
[main] INFO spark.staticfiles.StaticFilesConfiguration - StaticResourceHandler configured with folder = /public
[main] INFO spark.staticfiles.StaticFilesConfiguration - External StaticResourceHandler configured with folder = /tmp
[Thread-1] INFO org.eclipse.jetty.util.log - Logging initialized @1079ms to org.eclipse.jetty.util.log.Slf4jLog
[Thread-1] INFO spark.embeddedserver.jetty.EmbeddedJettyServer - == Spark has ignited ...
[Thread-1] INFO spark.embeddedserver.jetty.EmbeddedJettyServer - >> Listening on 0.0.0.0:4567
[Thread-1] INFO org.eclipse.jetty.server.Server - jetty-9.4.18.v20190429; built: 2019-04-29T20:42:08.989Z; git: e1bc35120a6617ee3df052294e433f3a25ce7097; jvm 1.8.0_262-b10
[Thread-1] INFO org.eclipse.jetty.server.session - DefaultSessionIdManager workerName=node0
[Thread-1] INFO org.eclipse.jetty.server.session - No SessionScavenger set, using defaults
[Thread-1] INFO org.eclipse.jetty.server.session - node0 Scavenging every 600000ms
[Thread-1] INFO org.eclipse.jetty.server.AbstractConnector - Started ServerConnector@177ca413{HTTP/1.1,[http/1.1]}{0.0.0.0:4567}
[Thread-1] INFO org.eclipse.jetty.server.Server - Started @1338ms
[Thread-21] INFO spark.embeddedserver.jetty.EmbeddedJettyServer - >>> Spark shutting down ...
[INFO] Tests run: 2, Failures: 0, Errors: 0, Skipped: 0, Time elapsed: 1.101 s - in spark.staticfiles.DisableMimeGuessingTest
[INFO] Running spark.FilterTest
[Thread-1] INFO org.eclipse.jetty.util.log - Logging initialized @1119ms to org.eclipse.jetty.util.log.Slf4jLog
[Thread-1] INFO spark.embeddedserver.jetty.EmbeddedJettyServer - == Spark has ignited ...
[Thread-1] INFO spark.embeddedserver.jetty.EmbeddedJettyServer - >> Listening on 0.0.0.0:4567
[Thread-1] INFO org.eclipse.jetty.server.Server - jetty-9.4.18.v20190429; built: 2019-04-29T20:42:08.989Z; git: e1bc35120a6617ee3df052294e433f3a25ce7097; jvm 1.8.0_262-b10
[Thread-1] INFO org.eclipse.jetty.server.session - DefaultSessionIdManager workerName=node0
[Thread-1] INFO org.eclipse.jetty.server.session - No SessionScavenger set, using defaults
[Thread-1] INFO org.eclipse.jetty.server.session - node0 Scavenging every 600000ms
[Thread-1] INFO org.eclipse.jetty.server.AbstractConnector - Started ServerConnector@2cdee8a3{HTTP/1.1,[http/1.1]}{0.0.0.0:4567}
[Thread-1] INFO org.eclipse.jetty.server.Server - Started @1421ms
Filter matched
[qtp1167108348-43] INFO spark.http.matching.MatcherFilter - The requested route [/justfilter] has not been mapped in Spark for Accept: [text/html]
response.status = 404
[INFO] Tests run: 1, Failures: 0, Errors: 0, Skipped: 0, Time elapsed: 1.266 s - in spark.FilterTest
[Thread-21] INFO spark.embeddedserver.jetty.EmbeddedJettyServer - >>> Spark shutting down ...
[INFO] Running spark.ExceptionMapperTest
[INFO] Tests run: 2, Failures: 0, Errors: 0, Skipped: 0, Time elapsed: 0.116 s - in spark.ExceptionMapperTest
[INFO] Running spark.ResponseTest
[INFO] Tests run: 19, Failures: 0, Errors: 0, Skipped: 0, Time elapsed: 0.242 s - in spark.ResponseTest
[INFO] Running spark.FilterImplTest
[INFO] Tests run: 4, Failures: 0, Errors: 0, Skipped: 0, Time elapsed: 0.051 s - in spark.FilterImplTest
[INFO] Running spark.GenericSecureIntegrationTest
[Thread-1] INFO org.eclipse.jetty.util.log - Logging initialized @933ms to org.eclipse.jetty.util.log.Slf4jLog
[Thread-1] INFO spark.embeddedserver.jetty.EmbeddedJettyServer - == Spark has ignited ...
[Thread-1] INFO spark.embeddedserver.jetty.EmbeddedJettyServer - >> Listening on 0.0.0.0:4567
[Thread-1] INFO org.eclipse.jetty.server.Server - jetty-9.4.18.v20190429; built: 2019-04-29T20:42:08.989Z; git: e1bc35120a6617ee3df052294e433f3a25ce7097; jvm 1.8.0_262-b10
[Thread-1] INFO org.eclipse.jetty.server.session - DefaultSessionIdManager workerName=node0
[Thread-1] INFO org.eclipse.jetty.server.session - No SessionScavenger set, using defaults
[Thread-1] INFO org.eclipse.jetty.server.session - node0 Scavenging every 600000ms
[Thread-1] INFO org.eclipse.jetty.util.ssl.SslContextFactory - x509=X509@e103c48(selfsigned,h=[],w=[]) for SslContextFactory@6a0fdd8b[provider=null,keyStore=file:///tmp/tmp841178x1/spark/src/test/resources/keystore.jks,trustStore=null]
[Thread-1] INFO org.eclipse.jetty.server.AbstractConnector - Started ServerConnector@2d15120b{SSL,[ssl, http/1.1]}{0.0.0.0:4567}
[Thread-1] INFO org.eclipse.jetty.server.Server - Started @1283ms
[qtp500509223-27] INFO spark.http.matching.MatcherFilter - The requested route [/no/resource] has not been mapped in Spark for Accept: [text/html]
[main] INFO spark.GenericSecureIntegrationTest - Body was: Fo shizzy
[main] INFO spark.GenericSecureIntegrationTest - Body was: Fo shizzy
[Thread-21] INFO spark.embeddedserver.jetty.EmbeddedJettyServer - >>> Spark shutting down ...
[INFO] Tests run: 12, Failures: 0, Errors: 0, Skipped: 0, Time elapsed: 1.516 s - in spark.GenericSecureIntegrationTest
[INFO] Running spark.GzipTest
[main] INFO spark.staticfiles.StaticFilesConfiguration - StaticResourceHandler configured with folder = /public
[Thread-0] INFO org.eclipse.jetty.util.log - Logging initialized @603ms to org.eclipse.jetty.util.log.Slf4jLog
[Thread-0] INFO spark.embeddedserver.jetty.EmbeddedJettyServer - == Spark has ignited ...
[Thread-0] INFO spark.embeddedserver.jetty.EmbeddedJettyServer - >> Listening on 0.0.0.0:4567
[Thread-0] INFO org.eclipse.jetty.server.Server - jetty-9.4.18.v20190429; built: 2019-04-29T20:42:08.989Z; git: e1bc35120a6617ee3df052294e433f3a25ce7097; jvm 1.8.0_262-b10
[Thread-0] INFO org.eclipse.jetty.server.session - DefaultSessionIdManager workerName=node0
[Thread-0] INFO org.eclipse.jetty.server.session - No SessionScavenger set, using defaults
[Thread-0] INFO org.eclipse.jetty.server.session - node0 Scavenging every 600000ms
[Thread-0] INFO org.eclipse.jetty.server.AbstractConnector - Started ServerConnector@36a72a33{HTTP/1.1,[http/1.1]}{0.0.0.0:4567}
[Thread-0] INFO org.eclipse.jetty.server.Server - Started @938ms
[Thread-21] INFO spark.embeddedserver.jetty.EmbeddedJettyServer - >>> Spark shutting down ...
[INFO] Tests run: 2, Failures: 0, Errors: 0, Skipped: 0, Time elapsed: 1.063 s - in spark.GzipTest
[INFO] Running spark.utils.ObjectUtilsTest
[INFO] Tests run: 2, Failures: 0, Errors: 0, Skipped: 0, Time elapsed: 0.087 s - in spark.utils.ObjectUtilsTest
[INFO] Running spark.utils.SparkUtilsTest
[INFO] Tests run: 5, Failures: 0, Errors: 0, Skipped: 0, Time elapsed: 0.082 s - in spark.utils.SparkUtilsTest
[INFO] Running spark.utils.MimeParseTest
[INFO] Tests run: 2, Failures: 0, Errors: 0, Skipped: 0, Time elapsed: 0.05 s - in spark.utils.MimeParseTest
[INFO] Running spark.utils.CollectionUtilsTest
[INFO] Tests run: 6, Failures: 0, Errors: 0, Skipped: 0, Time elapsed: 0.076 s - in spark.utils.CollectionUtilsTest
[INFO] Running spark.embeddedserver.EmbeddedServersTest
[main] INFO org.eclipse.jetty.util.log - Logging initialized @839ms to org.eclipse.jetty.util.log.Slf4jLog
[main] INFO spark.embeddedserver.jetty.EmbeddedJettyServer - == Spark has ignited ...
[main] INFO spark.embeddedserver.jetty.EmbeddedJettyServer - >> Listening on localhost:35657
[main] INFO org.eclipse.jetty.server.Server - jetty-9.4.18.v20190429; built: 2019-04-29T20:42:08.989Z; git: e1bc35120a6617ee3df052294e433f3a25ce7097; jvm 1.8.0_262-b10
[main] INFO org.eclipse.jetty.server.RequestLogWriter - Opened /tmp/junit7165727636672819/junit8223169204007412871/request.log
[main] INFO org.eclipse.jetty.server.session - DefaultSessionIdManager workerName=node0
[main] INFO org.eclipse.jetty.server.session - No SessionScavenger set, using defaults
[main] INFO org.eclipse.jetty.server.session - node0 Scavenging every 660000ms
[main] INFO org.eclipse.jetty.server.AbstractConnector - Started ServerConnector@382db087{HTTP/1.1,[http/1.1]}{localhost:35657}
[main] INFO org.eclipse.jetty.server.Server - Started @1306ms
[main] INFO spark.embeddedserver.jetty.EmbeddedJettyServer - >>> Spark shutting down ...
[main] INFO org.eclipse.jetty.server.AbstractConnector - Stopped ServerConnector@382db087{HTTP/1.1,[http/1.1]}{localhost:35657}
[main] INFO org.eclipse.jetty.server.session - node0 Stopped scavenging
[main] INFO spark.embeddedserver.jetty.EmbeddedJettyServer - done
[Thread-16] INFO spark.embeddedserver.jetty.EmbeddedJettyServer - == Spark has ignited ...
[Thread-16] INFO spark.embeddedserver.jetty.EmbeddedJettyServer - >> Listening on 0.0.0.0:4567
[Thread-16] INFO org.eclipse.jetty.server.Server - jetty-9.4.18.v20190429; built: 2019-04-29T20:42:08.989Z; git: e1bc35120a6617ee3df052294e433f3a25ce7097; jvm 1.8.0_262-b10
[Thread-16] INFO org.eclipse.jetty.server.RequestLogWriter - Opened /tmp/junit592771658464781860/junit3258194178806088790/request.log
[Thread-16] INFO org.eclipse.jetty.server.session - DefaultSessionIdManager workerName=node0
[Thread-16] INFO org.eclipse.jetty.server.session - No SessionScavenger set, using defaults
[Thread-16] INFO org.eclipse.jetty.server.session - node0 Scavenging every 600000ms
[Thread-16] INFO org.eclipse.jetty.server.AbstractConnector - Started ServerConnector@3e87247d{HTTP/1.1,[http/1.1]}{0.0.0.0:4567}
[Thread-16] INFO org.eclipse.jetty.server.Server - Started @1392ms
[Thread-38] INFO spark.embeddedserver.jetty.EmbeddedJettyServer - >>> Spark shutting down ...
[INFO] Tests run: 2, Failures: 0, Errors: 0, Skipped: 0, Time elapsed: 0.709 s - in spark.embeddedserver.EmbeddedServersTest
[INFO] Running spark.embeddedserver.jetty.EmbeddedJettyFactoryTest
[main] INFO org.eclipse.jetty.util.log - Logging initialized @518ms to org.eclipse.jetty.util.log.Slf4jLog
[main] INFO spark.embeddedserver.jetty.EmbeddedJettyServer - == Spark has ignited ...
[main] INFO spark.embeddedserver.jetty.EmbeddedJettyServer - >> Listening on localhost:6758
[main] INFO org.eclipse.jetty.server.Server - jetty-9.4.18.v20190429; built: 2019-04-29T20:42:08.989Z; git: e1bc35120a6617ee3df052294e433f3a25ce7097; jvm 1.8.0_262-b10
[main] INFO org.eclipse.jetty.server.session - DefaultSessionIdManager workerName=node0
[main] INFO org.eclipse.jetty.server.session - No SessionScavenger set, using defaults
[main] INFO org.eclipse.jetty.server.session - node0 Scavenging every 660000ms
[main] INFO org.eclipse.jetty.server.AbstractConnector - Started ServerConnector@fcd6521{HTTP/1.1,[http/1.1]}{localhost:6758}
[main] INFO org.eclipse.jetty.server.Server - Started @905ms
[main] INFO spark.embeddedserver.jetty.EmbeddedJettyServer - >>> Spark shutting down ...
[main] INFO org.eclipse.jetty.server.AbstractConnector - Stopped ServerConnector@fcd6521{HTTP/1.1,[http/1.1]}{localhost:6758}
[main] INFO org.eclipse.jetty.server.session - node0 Stopped scavenging
[main] INFO spark.embeddedserver.jetty.EmbeddedJettyServer - done
[main] INFO spark.embeddedserver.jetty.EmbeddedJettyServer - == Spark has ignited ...
[main] INFO spark.embeddedserver.jetty.EmbeddedJettyServer - >> Listening on localhost:6759
[main] INFO org.eclipse.jetty.server.Server - jetty-9.4.18.v20190429; built: 2019-04-29T20:42:08.989Z; git: e1bc35120a6617ee3df052294e433f3a25ce7097; jvm 1.8.0_262-b10
[main] INFO org.eclipse.jetty.server.session - DefaultSessionIdManager workerName=node0
[main] INFO org.eclipse.jetty.server.session - No SessionScavenger set, using defaults
[main] INFO org.eclipse.jetty.server.session - node0 Scavenging every 660000ms
[main] INFO org.eclipse.jetty.server.AbstractConnector - Started ServerConnector@51931956{HTTP/1.1,[http/1.1]}{localhost:6759}
[main] INFO org.eclipse.jetty.server.Server - Started @993ms
[main] INFO spark.embeddedserver.jetty.EmbeddedJettyServer - >>> Spark shutting down ...
[main] INFO org.eclipse.jetty.server.AbstractConnector - Stopped ServerConnector@51931956{HTTP/1.1,[http/1.1]}{localhost:6759}
[main] INFO org.eclipse.jetty.server.session - node0 Stopped scavenging
[main] INFO spark.embeddedserver.jetty.EmbeddedJettyServer - done
[main] INFO spark.embeddedserver.jetty.EmbeddedJettyServer - == Spark has ignited ...
[main] INFO spark.embeddedserver.jetty.EmbeddedJettyServer - >> Listening on localhost:6757
[main] INFO org.eclipse.jetty.server.Server - jetty-9.4.18.v20190429; built: 2019-04-29T20:42:08.989Z; git: e1bc35120a6617ee3df052294e433f3a25ce7097; jvm 1.8.0_262-b10
[main] INFO org.eclipse.jetty.server.session - DefaultSessionIdManager workerName=node0
[main] INFO org.eclipse.jetty.server.session - No SessionScavenger set, using defaults
[main] INFO org.eclipse.jetty.server.session - node0 Scavenging every 600000ms
[main] INFO org.eclipse.jetty.server.AbstractConnector - Started ServerConnector@77e9807f{HTTP/1.1,[http/1.1]}{localhost:6757}
[main] INFO org.eclipse.jetty.server.Server - Started @1069ms
[main] INFO spark.embeddedserver.jetty.EmbeddedJettyServer - >>> Spark shutting down ...
[main] INFO org.eclipse.jetty.server.AbstractConnector - Stopped ServerConnector@77e9807f{HTTP/1.1,[http/1.1]}{localhost:6757}
[main] INFO org.eclipse.jetty.server.session - node0 Stopped scavenging
[main] INFO spark.embeddedserver.jetty.EmbeddedJettyServer - done
[main] INFO spark.embeddedserver.jetty.EmbeddedJettyServer - == Spark has ignited ...
[main] INFO spark.embeddedserver.jetty.EmbeddedJettyServer - >> Listening on localhost:6759
[main] INFO org.eclipse.jetty.server.Server - jetty-9.4.18.v20190429; built: 2019-04-29T20:42:08.989Z; git: e1bc35120a6617ee3df052294e433f3a25ce7097; jvm 1.8.0_262-b10
[main] INFO org.eclipse.jetty.server.session - DefaultSessionIdManager workerName=node0
[main] INFO org.eclipse.jetty.server.session - No SessionScavenger set, using defaults
[main] INFO org.eclipse.jetty.server.session - node0 Scavenging every 660000ms
[main] INFO org.eclipse.jetty.server.AbstractConnector - Started ServerConnector@36f0f1be{HTTP/1.1,[http/1.1]}{localhost:6759}
[main] INFO org.eclipse.jetty.server.Server - Started @1135ms
[main] INFO spark.embeddedserver.jetty.EmbeddedJettyServer - >>> Spark shutting down ...
[main] INFO org.eclipse.jetty.server.AbstractConnector - Stopped ServerConnector@36f0f1be{HTTP/1.1,[http/1.1]}{localhost:6759}
[main] INFO org.eclipse.jetty.server.session - node0 Stopped scavenging
[main] INFO spark.embeddedserver.jetty.EmbeddedJettyServer - done
[INFO] Tests run: 4, Failures: 0, Errors: 0, Skipped: 0, Time elapsed: 0.764 s - in spark.embeddedserver.jetty.EmbeddedJettyFactoryTest
[INFO] Running spark.embeddedserver.jetty.websocket.WebSocketCreatorFactoryTest
[INFO] Tests run: 3, Failures: 0, Errors: 0, Skipped: 0, Time elapsed: 0.186 s - in spark.embeddedserver.jetty.websocket.WebSocketCreatorFactoryTest
[INFO] Running spark.embeddedserver.jetty.websocket.WebSocketServletContextHandlerFactoryTest
[main] INFO org.eclipse.jetty.util.log - Logging initialized @1643ms to org.eclipse.jetty.util.log.Slf4jLog
[main] INFO org.eclipse.jetty.util.log - Logging initialized @2378ms to org.eclipse.jetty.util.log.Slf4jLog
[main] ERROR spark.embeddedserver.jetty.websocket.WebSocketServletContextHandlerFactory - creation of websocket context handler failed.
java.lang.Exception: 
	at org.powermock.core.MockGateway.newInstanceCall(MockGateway.java:83)
	at spark.embeddedserver.jetty.websocket.WebSocketServletContextHandlerFactory.create(WebSocketServletContextHandlerFactory.java:49)
	at spark.embeddedserver.jetty.websocket.WebSocketServletContextHandlerFactoryTest.testCreate_whenWebSocketContextHandlerCreationFails_thenThrowException(WebSocketServletContextHandlerFactoryTest.java:125)
	at sun.reflect.NativeMethodAccessorImpl.invoke0(Native Method)
	at sun.reflect.NativeMethodAccessorImpl.invoke(NativeMethodAccessorImpl.java:62)
	at sun.reflect.DelegatingMethodAccessorImpl.invoke(DelegatingMethodAccessorImpl.java:43)
	at java.lang.reflect.Method.invoke(Method.java:498)
	at org.junit.internal.runners.TestMethod.invoke(TestMethod.java:68)
	at org.powermock.modules.junit4.internal.impl.PowerMockJUnit44RunnerDelegateImpl$PowerMockJUnit44MethodRunner.runTestMethod(PowerMockJUnit44RunnerDelegateImpl.java:326)
	at org.junit.internal.runners.MethodRoadie$2.run(MethodRoadie.java:89)
	at org.junit.internal.runners.MethodRoadie.runBeforesThenTestThenAfters(MethodRoadie.java:97)
	at org.powermock.modules.junit4.internal.impl.PowerMockJUnit44RunnerDelegateImpl$PowerMockJUnit44MethodRunner.executeTest(PowerMockJUnit44RunnerDelegateImpl.java:310)
	at org.powermock.modules.junit4.internal.impl.PowerMockJUnit47RunnerDelegateImpl$PowerMockJUnit47MethodRunner.executeTestInSuper(PowerMockJUnit47RunnerDelegateImpl.java:131)
	at org.powermock.modules.junit4.internal.impl.PowerMockJUnit47RunnerDelegateImpl$PowerMockJUnit47MethodRunner.access$100(PowerMockJUnit47RunnerDelegateImpl.java:59)
	at org.powermock.modules.junit4.internal.impl.PowerMockJUnit47RunnerDelegateImpl$PowerMockJUnit47MethodRunner$TestExecutorStatement.evaluate(PowerMockJUnit47RunnerDelegateImpl.java:147)
	at org.powermock.modules.junit4.internal.impl.PowerMockJUnit47RunnerDelegateImpl$PowerMockJUnit47MethodRunner.evaluateStatement(PowerMockJUnit47RunnerDelegateImpl.java:107)
	at org.powermock.modules.junit4.internal.impl.PowerMockJUnit47RunnerDelegateImpl$PowerMockJUnit47MethodRunner.executeTest(PowerMockJUnit47RunnerDelegateImpl.java:82)
	at org.powermock.modules.junit4.internal.impl.PowerMockJUnit44RunnerDelegateImpl$PowerMockJUnit44MethodRunner.runBeforesThenTestThenAfters(PowerMockJUnit44RunnerDelegateImpl.java:298)
	at org.junit.internal.runners.MethodRoadie.runTest(MethodRoadie.java:87)
	at org.junit.internal.runners.MethodRoadie.run(MethodRoadie.java:50)
	at org.powermock.modules.junit4.internal.impl.PowerMockJUnit44RunnerDelegateImpl.invokeTestMethod(PowerMockJUnit44RunnerDelegateImpl.java:218)
	at org.powermock.modules.junit4.internal.impl.PowerMockJUnit44RunnerDelegateImpl.runMethods(PowerMockJUnit44RunnerDelegateImpl.java:160)
	at org.powermock.modules.junit4.internal.impl.PowerMockJUnit44RunnerDelegateImpl$1.run(PowerMockJUnit44RunnerDelegateImpl.java:134)
	at org.junit.internal.runners.ClassRoadie.runUnprotected(ClassRoadie.java:34)
	at org.junit.internal.runners.ClassRoadie.runProtected(ClassRoadie.java:44)
	at org.powermock.modules.junit4.internal.impl.PowerMockJUnit44RunnerDelegateImpl.run(PowerMockJUnit44RunnerDelegateImpl.java:136)
	at org.powermock.modules.junit4.common.internal.impl.JUnit4TestSuiteChunkerImpl.run(JUnit4TestSuiteChunkerImpl.java:121)
	at org.powermock.modules.junit4.common.internal.impl.AbstractCommonPowerMockRunner.run(AbstractCommonPowerMockRunner.java:57)
	at org.powermock.modules.junit4.PowerMockRunner.run(PowerMockRunner.java:59)
	at org.apache.maven.surefire.junit4.JUnit4Provider.execute(JUnit4Provider.java:365)
	at org.apache.maven.surefire.junit4.JUnit4Provider.executeWithRerun(JUnit4Provider.java:273)
	at org.apache.maven.surefire.junit4.JUnit4Provider.executeTestSet(JUnit4Provider.java:238)
	at org.apache.maven.surefire.junit4.JUnit4Provider.invoke(JUnit4Provider.java:159)
	at org.apache.maven.surefire.booter.ForkedBooter.invokeProviderInSameClassLoader(ForkedBooter.java:383)
	at org.apache.maven.surefire.booter.ForkedBooter.runSuitesInProcess(ForkedBooter.java:344)
	at org.apache.maven.surefire.booter.ForkedBooter.execute(ForkedBooter.java:125)
	at org.apache.maven.surefire.booter.ForkedBooter.main(ForkedBooter.java:417)
[INFO] Tests run: 4, Failures: 0, Errors: 0, Skipped: 0, Time elapsed: 1.785 s - in spark.embeddedserver.jetty.websocket.WebSocketServletContextHandlerFactoryTest
[INFO] Running spark.embeddedserver.jetty.JettyServerTest
[main] INFO org.eclipse.jetty.util.log - Logging initialized @601ms to org.eclipse.jetty.util.log.Slf4jLog
[INFO] Tests run: 3, Failures: 0, Errors: 0, Skipped: 0, Time elapsed: 0.219 s - in spark.embeddedserver.jetty.JettyServerTest
[INFO] Running spark.embeddedserver.jetty.SocketConnectorFactoryTest
[main] INFO org.eclipse.jetty.util.log - Logging initialized @945ms to org.eclipse.jetty.util.log.Slf4jLog
[INFO] Tests run: 7, Failures: 0, Errors: 0, Skipped: 0, Time elapsed: 0.319 s - in spark.embeddedserver.jetty.SocketConnectorFactoryTest
[INFO] Running spark.ResponseWrapperDelegationTest
[Thread-1] INFO org.eclipse.jetty.util.log - Logging initialized @1178ms to org.eclipse.jetty.util.log.Slf4jLog
[Thread-1] INFO spark.embeddedserver.jetty.EmbeddedJettyServer - == Spark has ignited ...
[Thread-1] INFO spark.embeddedserver.jetty.EmbeddedJettyServer - >> Listening on 0.0.0.0:4567
[Thread-1] INFO org.eclipse.jetty.server.Server - jetty-9.4.18.v20190429; built: 2019-04-29T20:42:08.989Z; git: e1bc35120a6617ee3df052294e433f3a25ce7097; jvm 1.8.0_262-b10
[Thread-1] INFO org.eclipse.jetty.server.session - DefaultSessionIdManager workerName=node0
[Thread-1] INFO org.eclipse.jetty.server.session - No SessionScavenger set, using defaults
[Thread-1] INFO org.eclipse.jetty.server.session - node0 Scavenging every 600000ms
[Thread-1] INFO org.eclipse.jetty.server.AbstractConnector - Started ServerConnector@2f0f7f55{HTTP/1.1,[http/1.1]}{0.0.0.0:4567}
[Thread-1] INFO org.eclipse.jetty.server.Server - Started @1376ms
[Thread-21] INFO spark.embeddedserver.jetty.EmbeddedJettyServer - >>> Spark shutting down ...
[INFO] Tests run: 2, Failures: 0, Errors: 0, Skipped: 0, Time elapsed: 1.008 s - in spark.ResponseWrapperDelegationTest
[INFO] Running spark.InitExceptionHandlerTest
[Thread-0] INFO org.eclipse.jetty.util.log - Logging initialized @383ms to org.eclipse.jetty.util.log.Slf4jLog
[Thread-0] INFO spark.embeddedserver.jetty.EmbeddedJettyServer - == Spark has ignited ...
[Thread-0] INFO spark.embeddedserver.jetty.EmbeddedJettyServer - >> Listening on 0.0.0.0:2147483647
[Thread-0] INFO org.eclipse.jetty.server.Server - jetty-9.4.18.v20190429; built: 2019-04-29T20:42:08.989Z; git: e1bc35120a6617ee3df052294e433f3a25ce7097; jvm 1.8.0_262-b10
[Thread-0] INFO org.eclipse.jetty.server.session - DefaultSessionIdManager workerName=node0
[Thread-0] INFO org.eclipse.jetty.server.session - No SessionScavenger set, using defaults
[Thread-0] INFO org.eclipse.jetty.server.session - node0 Scavenging every 660000ms
[Thread-9] INFO spark.embeddedserver.jetty.EmbeddedJettyServer - >>> Spark shutting down ...
[INFO] Tests run: 1, Failures: 0, Errors: 0, Skipped: 0, Time elapsed: 0.333 s - in spark.InitExceptionHandlerTest
[Thread-9] INFO org.eclipse.jetty.server.AbstractConnector - Stopped ServerConnector@51fbd64c{HTTP/1.1,[http/1.1]}{0.0.0.0:2147483647}
[Thread-9] INFO org.eclipse.jetty.server.session - node0 Stopped scavenging
[Thread-9] INFO spark.embeddedserver.jetty.EmbeddedJettyServer - done
[INFO] Running spark.CookiesIntegrationTest
[Thread-0] INFO org.eclipse.jetty.util.log - Logging initialized @877ms to org.eclipse.jetty.util.log.Slf4jLog
[Thread-0] INFO spark.embeddedserver.jetty.EmbeddedJettyServer - == Spark has ignited ...
[Thread-0] INFO spark.embeddedserver.jetty.EmbeddedJettyServer - >> Listening on 0.0.0.0:4567
[Thread-0] INFO org.eclipse.jetty.server.Server - jetty-9.4.18.v20190429; built: 2019-04-29T20:42:08.989Z; git: e1bc35120a6617ee3df052294e433f3a25ce7097; jvm 1.8.0_262-b10
[Thread-0] INFO org.eclipse.jetty.server.session - DefaultSessionIdManager workerName=node0
[Thread-0] INFO org.eclipse.jetty.server.session - No SessionScavenger set, using defaults
[Thread-0] INFO org.eclipse.jetty.server.session - node0 Scavenging every 660000ms
[Thread-0] INFO org.eclipse.jetty.server.AbstractConnector - Started ServerConnector@3cfcec9d{HTTP/1.1,[http/1.1]}{0.0.0.0:4567}
[Thread-0] INFO org.eclipse.jetty.server.Server - Started @1842ms
[Thread-25] INFO spark.embeddedserver.jetty.EmbeddedJettyServer - >>> Spark shutting down ...
[INFO] Tests run: 4, Failures: 0, Errors: 0, Skipped: 0, Time elapsed: 1.796 s - in spark.CookiesIntegrationTest
[INFO] Running spark.util.ResourceUtilsTest
[INFO] Tests run: 2, Failures: 0, Errors: 0, Skipped: 0, Time elapsed: 0.108 s - in spark.util.ResourceUtilsTest
[INFO] Running spark.SessionTest
[INFO] Tests run: 15, Failures: 0, Errors: 0, Skipped: 0, Time elapsed: 0.78 s - in spark.SessionTest
[INFO] Running spark.customerrorpages.CustomErrorPagesTest
[Thread-1] INFO org.eclipse.jetty.util.log - Logging initialized @1536ms to org.eclipse.jetty.util.log.Slf4jLog
[Thread-1] INFO spark.embeddedserver.jetty.EmbeddedJettyServer - == Spark has ignited ...
[Thread-1] INFO spark.embeddedserver.jetty.EmbeddedJettyServer - >> Listening on 0.0.0.0:4567
[Thread-1] INFO org.eclipse.jetty.server.Server - jetty-9.4.18.v20190429; built: 2019-04-29T20:42:08.989Z; git: e1bc35120a6617ee3df052294e433f3a25ce7097; jvm 1.8.0_262-b10
[Thread-1] INFO org.eclipse.jetty.server.session - DefaultSessionIdManager workerName=node0
[Thread-1] INFO org.eclipse.jetty.server.session - No SessionScavenger set, using defaults
[Thread-1] INFO org.eclipse.jetty.server.session - node0 Scavenging every 600000ms
[Thread-1] INFO org.eclipse.jetty.server.AbstractConnector - Started ServerConnector@3ef21224{HTTP/1.1,[http/1.1]}{0.0.0.0:4567}
[Thread-1] INFO org.eclipse.jetty.server.Server - Started @1832ms
[qtp732096523-28] ERROR spark.http.matching.GeneralError - 
java.lang.Exception: 
	at spark.customerrorpages.CustomErrorPagesTest.lambda$setup$1(CustomErrorPagesTest.java:40)
	at spark.RouteImpl$1.handle(RouteImpl.java:72)
	at spark.http.matching.Routes.execute(Routes.java:61)
	at spark.http.matching.MatcherFilter.doFilter(MatcherFilter.java:134)
	at spark.embeddedserver.jetty.JettyHandler.doHandle(JettyHandler.java:50)
	at org.eclipse.jetty.server.session.SessionHandler.doScope(SessionHandler.java:1671)
	at org.eclipse.jetty.server.handler.ScopedHandler.handle(ScopedHandler.java:144)
	at org.eclipse.jetty.server.handler.HandlerWrapper.handle(HandlerWrapper.java:132)
	at org.eclipse.jetty.server.Server.handle(Server.java:505)
	at org.eclipse.jetty.server.HttpChannel.handle(HttpChannel.java:370)
	at org.eclipse.jetty.server.HttpConnection.onFillable(HttpConnection.java:267)
	at org.eclipse.jetty.io.AbstractConnection$ReadCallback.succeeded(AbstractConnection.java:305)
	at org.eclipse.jetty.io.FillInterest.fillable(FillInterest.java:103)
	at org.eclipse.jetty.io.ChannelEndPoint$2.run(ChannelEndPoint.java:117)
	at org.eclipse.jetty.util.thread.strategy.EatWhatYouKill.runTask(EatWhatYouKill.java:333)
	at org.eclipse.jetty.util.thread.strategy.EatWhatYouKill.doProduce(EatWhatYouKill.java:310)
	at org.eclipse.jetty.util.thread.strategy.EatWhatYouKill.tryProduce(EatWhatYouKill.java:168)
	at org.eclipse.jetty.util.thread.strategy.EatWhatYouKill.produce(EatWhatYouKill.java:132)
	at org.eclipse.jetty.util.thread.QueuedThreadPool.runJob(QueuedThreadPool.java:698)
	at org.eclipse.jetty.util.thread.QueuedThreadPool$Runner.run(QueuedThreadPool.java:804)
	at java.lang.Thread.run(Thread.java:748)
[qtp732096523-28] WARN spark.CustomErrorPages - Custom error page handler for status code 500 has thrown an exception: null. Using default page instead.
[qtp732096523-44] ERROR spark.http.matching.GeneralError - 
java.lang.Exception: 
	at spark.customerrorpages.CustomErrorPagesTest.lambda$setup$1(CustomErrorPagesTest.java:40)
	at spark.RouteImpl$1.handle(RouteImpl.java:72)
	at spark.http.matching.Routes.execute(Routes.java:61)
	at spark.http.matching.MatcherFilter.doFilter(MatcherFilter.java:134)
	at spark.embeddedserver.jetty.JettyHandler.doHandle(JettyHandler.java:50)
	at org.eclipse.jetty.server.session.SessionHandler.doScope(SessionHandler.java:1671)
	at org.eclipse.jetty.server.handler.ScopedHandler.handle(ScopedHandler.java:144)
	at org.eclipse.jetty.server.handler.HandlerWrapper.handle(HandlerWrapper.java:132)
	at org.eclipse.jetty.server.Server.handle(Server.java:505)
	at org.eclipse.jetty.server.HttpChannel.handle(HttpChannel.java:370)
	at org.eclipse.jetty.server.HttpConnection.onFillable(HttpConnection.java:267)
	at org.eclipse.jetty.io.AbstractConnection$ReadCallback.succeeded(AbstractConnection.java:305)
	at org.eclipse.jetty.io.FillInterest.fillable(FillInterest.java:103)
	at org.eclipse.jetty.io.ChannelEndPoint$2.run(ChannelEndPoint.java:117)
	at org.eclipse.jetty.util.thread.strategy.EatWhatYouKill.runTask(EatWhatYouKill.java:333)
	at org.eclipse.jetty.util.thread.strategy.EatWhatYouKill.doProduce(EatWhatYouKill.java:310)
	at org.eclipse.jetty.util.thread.strategy.EatWhatYouKill.tryProduce(EatWhatYouKill.java:168)
	at org.eclipse.jetty.util.thread.strategy.EatWhatYouKill.run(EatWhatYouKill.java:126)
	at org.eclipse.jetty.util.thread.ReservedThreadExecutor$ReservedThread.run(ReservedThreadExecutor.java:366)
	at org.eclipse.jetty.util.thread.QueuedThreadPool.runJob(QueuedThreadPool.java:698)
	at org.eclipse.jetty.util.thread.QueuedThreadPool$Runner.run(QueuedThreadPool.java:804)
	at java.lang.Thread.run(Thread.java:748)
[qtp732096523-46] INFO spark.http.matching.MatcherFilter - The requested route [/othernotmapped] has not been mapped in Spark for Accept: [text/html]
[INFO] Tests run: 4, Failures: 0, Errors: 0, Skipped: 0, Time elapsed: 1.46 s - in spark.customerrorpages.CustomErrorPagesTest
[Thread-21] INFO spark.embeddedserver.jetty.EmbeddedJettyServer - >>> Spark shutting down ...
[INFO] Running spark.ServicePortIntegrationTest
[Thread-0] INFO org.eclipse.jetty.util.log - Logging initialized @478ms to org.eclipse.jetty.util.log.Slf4jLog
[Thread-0] INFO spark.embeddedserver.jetty.EmbeddedJettyServer - == Spark has ignited ...
[Thread-0] INFO spark.embeddedserver.jetty.EmbeddedJettyServer - >> Listening on 0.0.0.0:45653
[Thread-0] INFO org.eclipse.jetty.server.Server - jetty-9.4.18.v20190429; built: 2019-04-29T20:42:08.989Z; git: e1bc35120a6617ee3df052294e433f3a25ce7097; jvm 1.8.0_262-b10
[Thread-0] INFO org.eclipse.jetty.server.session - DefaultSessionIdManager workerName=node0
[Thread-0] INFO org.eclipse.jetty.server.session - No SessionScavenger set, using defaults
[Thread-0] INFO org.eclipse.jetty.server.session - node0 Scavenging every 600000ms
[Thread-0] INFO org.eclipse.jetty.server.AbstractConnector - Started ServerConnector@3eb58a3e{HTTP/1.1,[http/1.1]}{0.0.0.0:45653}
[Thread-0] INFO org.eclipse.jetty.server.Server - Started @1047ms
[main] INFO spark.ServicePortIntegrationTest - got port 
[INFO] Tests run: 1, Failures: 0, Errors: 0, Skipped: 0, Time elapsed: 1.319 s - in spark.ServicePortIntegrationTest
[Thread-21] INFO spark.embeddedserver.jetty.EmbeddedJettyServer - >>> Spark shutting down ...
[INFO] Running spark.ResponseBodyTest
[Thread-1] INFO org.eclipse.jetty.util.log - Logging initialized @1398ms to org.eclipse.jetty.util.log.Slf4jLog
[Thread-1] INFO spark.embeddedserver.jetty.EmbeddedJettyServer - == Spark has ignited ...
[Thread-1] INFO spark.embeddedserver.jetty.EmbeddedJettyServer - >> Listening on 0.0.0.0:4567
[Thread-1] INFO org.eclipse.jetty.server.Server - jetty-9.4.18.v20190429; built: 2019-04-29T20:42:08.989Z; git: e1bc35120a6617ee3df052294e433f3a25ce7097; jvm 1.8.0_262-b10
[Thread-1] INFO org.eclipse.jetty.server.session - DefaultSessionIdManager workerName=node0
[Thread-1] INFO org.eclipse.jetty.server.session - No SessionScavenger set, using defaults
[Thread-1] INFO org.eclipse.jetty.server.session - node0 Scavenging every 600000ms
[Thread-1] INFO org.eclipse.jetty.server.AbstractConnector - Started ServerConnector@4224d6bc{HTTP/1.1,[http/1.1]}{0.0.0.0:4567}
[Thread-1] INFO org.eclipse.jetty.server.Server - Started @1647ms
[INFO] Tests run: 4, Failures: 0, Errors: 0, Skipped: 0, Time elapsed: 1.477 s - in spark.ResponseBodyTest
[Thread-21] INFO spark.embeddedserver.jetty.EmbeddedJettyServer - >>> Spark shutting down ...
[INFO] Running spark.BooksIntegrationTest
[Thread-0] INFO org.eclipse.jetty.util.log - Logging initialized @801ms to org.eclipse.jetty.util.log.Slf4jLog
[Thread-0] INFO spark.embeddedserver.jetty.EmbeddedJettyServer - == Spark has ignited ...
[Thread-0] INFO spark.embeddedserver.jetty.EmbeddedJettyServer - >> Listening on 0.0.0.0:4567
[Thread-0] INFO org.eclipse.jetty.server.Server - jetty-9.4.18.v20190429; built: 2019-04-29T20:42:08.989Z; git: e1bc35120a6617ee3df052294e433f3a25ce7097; jvm 1.8.0_262-b10
[Thread-0] INFO org.eclipse.jetty.server.session - DefaultSessionIdManager workerName=node0
[Thread-0] INFO org.eclipse.jetty.server.session - No SessionScavenger set, using defaults
[Thread-0] INFO org.eclipse.jetty.server.session - node0 Scavenging every 660000ms
[Thread-0] INFO org.eclipse.jetty.server.AbstractConnector - Started ServerConnector@202a019d{HTTP/1.1,[http/1.1]}{0.0.0.0:4567}
[Thread-0] INFO org.eclipse.jetty.server.Server - Started @1171ms
[INFO] Tests run: 7, Failures: 0, Errors: 0, Skipped: 0, Time elapsed: 0.755 s - in spark.BooksIntegrationTest
[Thread-21] INFO spark.embeddedserver.jetty.EmbeddedJettyServer - >>> Spark shutting down ...
[INFO] Running spark.MultipleServicesTest
[main] INFO spark.staticfiles.StaticFilesConfiguration - StaticResourceHandler configured with folder = /public
[Thread-1] INFO org.eclipse.jetty.util.log - Logging initialized @1329ms to org.eclipse.jetty.util.log.Slf4jLog
[Thread-2] INFO spark.embeddedserver.jetty.EmbeddedJettyServer - == Spark has ignited ...
[Thread-2] INFO spark.embeddedserver.jetty.EmbeddedJettyServer - >> Listening on 0.0.0.0:1234
[Thread-1] INFO spark.embeddedserver.jetty.EmbeddedJettyServer - == Spark has ignited ...
[Thread-1] INFO spark.embeddedserver.jetty.EmbeddedJettyServer - >> Listening on 0.0.0.0:4567
[Thread-2] INFO org.eclipse.jetty.server.Server - jetty-9.4.18.v20190429; built: 2019-04-29T20:42:08.989Z; git: e1bc35120a6617ee3df052294e433f3a25ce7097; jvm 1.8.0_262-b10
[Thread-1] INFO org.eclipse.jetty.server.Server - jetty-9.4.18.v20190429; built: 2019-04-29T20:42:08.989Z; git: e1bc35120a6617ee3df052294e433f3a25ce7097; jvm 1.8.0_262-b10
[Thread-2] INFO org.eclipse.jetty.server.session - DefaultSessionIdManager workerName=node0
[Thread-2] INFO org.eclipse.jetty.server.session - No SessionScavenger set, using defaults
[Thread-2] INFO org.eclipse.jetty.server.session - node0 Scavenging every 600000ms
[Thread-1] INFO org.eclipse.jetty.server.session - DefaultSessionIdManager workerName=node0
[Thread-1] INFO org.eclipse.jetty.server.session - No SessionScavenger set, using defaults
[Thread-1] INFO org.eclipse.jetty.server.session - node0 Scavenging every 660000ms
[Thread-2] INFO org.eclipse.jetty.server.AbstractConnector - Started ServerConnector@6f3ea9ed{HTTP/1.1,[http/1.1]}{0.0.0.0:1234}
[Thread-2] INFO org.eclipse.jetty.server.Server - Started @1717ms
[Thread-1] INFO org.eclipse.jetty.server.AbstractConnector - Started ServerConnector@5d859830{HTTP/1.1,[http/1.1]}{0.0.0.0:4567}
[Thread-1] INFO org.eclipse.jetty.server.Server - Started @1761ms
[qtp2117347528-35] INFO spark.http.matching.MatcherFilter - The requested route [/css/style.css] has not been mapped in Spark for Accept: [text/html]
[qtp2117347528-35] INFO spark.http.matching.MatcherFilter - The requested route [/uniqueforsecond] has not been mapped in Spark for Accept: [text/html]
[Thread-31] INFO spark.embeddedserver.jetty.EmbeddedJettyServer - >>> Spark shutting down ...
[INFO] Tests run: 6, Failures: 0, Errors: 0, Skipped: 0, Time elapsed: 1.669 s - in spark.MultipleServicesTest
[Thread-32] INFO spark.embeddedserver.jetty.EmbeddedJettyServer - >>> Spark shutting down ...
[INFO] Running spark.StaticFilesMemberTest
[main] INFO spark.staticfiles.StaticFilesConfiguration - StaticResourceHandler configured with folder = /public
[main] INFO spark.staticfiles.StaticFilesConfiguration - External StaticResourceHandler configured with folder = /tmp
[Thread-1] INFO org.eclipse.jetty.util.log - Logging initialized @1331ms to org.eclipse.jetty.util.log.Slf4jLog
[Thread-1] INFO spark.embeddedserver.jetty.EmbeddedJettyServer - == Spark has ignited ...
[Thread-1] INFO spark.embeddedserver.jetty.EmbeddedJettyServer - >> Listening on 0.0.0.0:4567
[Thread-1] INFO org.eclipse.jetty.server.Server - jetty-9.4.18.v20190429; built: 2019-04-29T20:42:08.989Z; git: e1bc35120a6617ee3df052294e433f3a25ce7097; jvm 1.8.0_262-b10
[Thread-1] INFO org.eclipse.jetty.server.session - DefaultSessionIdManager workerName=node0
[Thread-1] INFO org.eclipse.jetty.server.session - No SessionScavenger set, using defaults
[Thread-1] INFO org.eclipse.jetty.server.session - node0 Scavenging every 660000ms
[Thread-1] INFO org.eclipse.jetty.server.AbstractConnector - Started ServerConnector@2bd39820{HTTP/1.1,[http/1.1]}{0.0.0.0:4567}
[Thread-1] INFO org.eclipse.jetty.server.Server - Started @1655ms
[INFO] Tests run: 8, Failures: 0, Errors: 0, Skipped: 0, Time elapsed: 1.365 s - in spark.StaticFilesMemberTest
[Thread-22] INFO spark.embeddedserver.jetty.EmbeddedJettyServer - >>> Spark shutting down ...
[INFO] Running spark.RouteImplTest
[INFO] Tests run: 6, Failures: 0, Errors: 0, Skipped: 0, Time elapsed: 0.058 s - in spark.RouteImplTest
[INFO] Running spark.BodyAvailabilityTest
[Thread-1] INFO org.eclipse.jetty.util.log - Logging initialized @1035ms to org.eclipse.jetty.util.log.Slf4jLog
[Thread-1] INFO spark.embeddedserver.jetty.EmbeddedJettyServer - == Spark has ignited ...
[Thread-1] INFO spark.embeddedserver.jetty.EmbeddedJettyServer - >> Listening on 0.0.0.0:4567
[Thread-1] INFO org.eclipse.jetty.server.Server - jetty-9.4.18.v20190429; built: 2019-04-29T20:42:08.989Z; git: e1bc35120a6617ee3df052294e433f3a25ce7097; jvm 1.8.0_262-b10
[Thread-1] INFO org.eclipse.jetty.server.session - DefaultSessionIdManager workerName=node0
[Thread-1] INFO org.eclipse.jetty.server.session - No SessionScavenger set, using defaults
[Thread-1] INFO org.eclipse.jetty.server.session - node0 Scavenging every 600000ms
[Thread-1] INFO org.eclipse.jetty.server.AbstractConnector - Started ServerConnector@ffafb62{HTTP/1.1,[http/1.1]}{0.0.0.0:4567}
[Thread-1] INFO org.eclipse.jetty.server.Server - Started @1341ms
[main] INFO spark.BodyAvailabilityTest - the body content
[INFO] Tests run: 1, Failures: 0, Errors: 0, Skipped: 0, Time elapsed: 1.198 s - in spark.BodyAvailabilityTest
[Thread-21] INFO spark.embeddedserver.jetty.EmbeddedJettyServer - >>> Spark shutting down ...
[INFO] Running spark.RedirectTest
[Thread-1] INFO org.eclipse.jetty.util.log - Logging initialized @1010ms to org.eclipse.jetty.util.log.Slf4jLog
[Thread-1] INFO spark.embeddedserver.jetty.EmbeddedJettyServer - == Spark has ignited ...
[Thread-1] INFO spark.embeddedserver.jetty.EmbeddedJettyServer - >> Listening on 0.0.0.0:4567
[Thread-1] INFO org.eclipse.jetty.server.Server - jetty-9.4.18.v20190429; built: 2019-04-29T20:42:08.989Z; git: e1bc35120a6617ee3df052294e433f3a25ce7097; jvm 1.8.0_262-b10
[Thread-1] INFO org.eclipse.jetty.server.session - DefaultSessionIdManager workerName=node0
[Thread-1] INFO org.eclipse.jetty.server.session - No SessionScavenger set, using defaults
[Thread-1] INFO org.eclipse.jetty.server.session - node0 Scavenging every 660000ms
[Thread-1] INFO org.eclipse.jetty.server.AbstractConnector - Started ServerConnector@11abb20d{HTTP/1.1,[http/1.1]}{0.0.0.0:4567}
[Thread-1] INFO org.eclipse.jetty.server.Server - Started @1198ms
[INFO] Tests run: 16, Failures: 0, Errors: 0, Skipped: 0, Time elapsed: 0.915 s - in spark.RedirectTest
[INFO] Running spark.servlet.ServletTest
[main] INFO org.eclipse.jetty.util.log - Logging initialized @1130ms to org.eclipse.jetty.util.log.Slf4jLog
[main] WARN org.eclipse.jetty.server.AbstractConnector - Ignoring deprecated socket close linger time
[Thread-1] INFO spark.servlet.ServletTest - >>> STARTING EMBEDDED JETTY SERVER for jUnit testing of SparkFilter
[Thread-1] INFO org.eclipse.jetty.server.Server - jetty-9.4.18.v20190429; built: 2019-04-29T20:42:08.989Z; git: e1bc35120a6617ee3df052294e433f3a25ce7097; jvm 1.8.0_262-b10
[Thread-1] INFO org.eclipse.jetty.webapp.StandardDescriptorProcessor - NO JSP Support for /somepath, did not find org.eclipse.jetty.jsp.JettyJspServlet
[Thread-1] INFO org.eclipse.jetty.server.session - DefaultSessionIdManager workerName=node0
[Thread-1] INFO org.eclipse.jetty.server.session - No SessionScavenger set, using defaults
[Thread-1] INFO org.eclipse.jetty.server.session - node0 Scavenging every 600000ms
[Thread-1] INFO spark.staticfiles.StaticFilesConfiguration - External StaticResourceHandler configured with folder = /tmp
[Thread-1] INFO spark.staticfiles.StaticFilesConfiguration - StaticResourceHandler configured with folder = /public
[Thread-1] INFO org.eclipse.jetty.server.handler.ContextHandler - Started o.e.j.w.WebAppContext@756fbbd2{Archetype Created Web Application,/somepath,file:///tmp/tmp841178x1/spark/src/test/webapp/,AVAILABLE}{src/test/webapp}
[Thread-1] INFO org.eclipse.jetty.server.AbstractConnector - Started ServerConnector@587d1d39{HTTP/1.1,[http/1.1]}{0.0.0.0:9393}
[Thread-1] INFO org.eclipse.jetty.server.Server - Started @2137ms
[qtp727001376-43] INFO spark.http.matching.MatcherFilter - The requested route [/no/resource] has not been mapped in Spark for Accept: [text/html]
[INFO] Tests run: 12, Failures: 0, Errors: 0, Skipped: 0, Time elapsed: 1.84 s - in spark.servlet.ServletTest
[INFO] Running spark.MultipleFiltersTest
[Thread-1] INFO org.eclipse.jetty.util.log - Logging initialized @896ms to org.eclipse.jetty.util.log.Slf4jLog
[Thread-1] INFO spark.embeddedserver.jetty.EmbeddedJettyServer - == Spark has ignited ...
[Thread-1] INFO spark.embeddedserver.jetty.EmbeddedJettyServer - >> Listening on 0.0.0.0:4567
[Thread-1] INFO org.eclipse.jetty.server.Server - jetty-9.4.18.v20190429; built: 2019-04-29T20:42:08.989Z; git: e1bc35120a6617ee3df052294e433f3a25ce7097; jvm 1.8.0_262-b10
[Thread-1] INFO org.eclipse.jetty.server.session - DefaultSessionIdManager workerName=node0
[Thread-1] INFO org.eclipse.jetty.server.session - No SessionScavenger set, using defaults
[Thread-1] INFO org.eclipse.jetty.server.session - node0 Scavenging every 600000ms
[Thread-1] INFO org.eclipse.jetty.server.AbstractConnector - Started ServerConnector@3ef21224{HTTP/1.1,[http/1.1]}{0.0.0.0:4567}
[Thread-1] INFO org.eclipse.jetty.server.Server - Started @1086ms
[Thread-21] INFO spark.embeddedserver.jetty.EmbeddedJettyServer - >>> Spark shutting down ...
[INFO] Tests run: 1, Failures: 0, Errors: 0, Skipped: 0, Time elapsed: 1.04 s - in spark.MultipleFiltersTest
[INFO] Running spark.route.RouteEntryTest
[INFO] Tests run: 9, Failures: 0, Errors: 0, Skipped: 0, Time elapsed: 0.06 s - in spark.route.RouteEntryTest
[INFO] Running spark.route.HttpMethodTest
[INFO] Tests run: 2, Failures: 0, Errors: 0, Skipped: 0, Time elapsed: 0.068 s - in spark.route.HttpMethodTest
[INFO] Running spark.StaticFilesFromArchiveTest
[main] INFO spark.staticfiles.StaticFilesConfiguration - StaticResourceHandler configured with folder = /public-jar
[Thread-1] INFO org.eclipse.jetty.util.log - Logging initialized @1088ms to org.eclipse.jetty.util.log.Slf4jLog
[Thread-1] INFO spark.embeddedserver.jetty.EmbeddedJettyServer - == Spark has ignited ...
[Thread-1] INFO spark.embeddedserver.jetty.EmbeddedJettyServer - >> Listening on 0.0.0.0:4567
[Thread-1] INFO org.eclipse.jetty.server.Server - jetty-9.4.18.v20190429; built: 2019-04-29T20:42:08.989Z; git: e1bc35120a6617ee3df052294e433f3a25ce7097; jvm 1.8.0_262-b10
[Thread-1] INFO org.eclipse.jetty.server.session - DefaultSessionIdManager workerName=node0
[Thread-1] INFO org.eclipse.jetty.server.session - No SessionScavenger set, using defaults
[Thread-1] INFO org.eclipse.jetty.server.session - node0 Scavenging every 600000ms
[Thread-1] INFO org.eclipse.jetty.server.AbstractConnector - Started ServerConnector@1659c1c3{HTTP/1.1,[http/1.1]}{0.0.0.0:4567}
[Thread-1] INFO org.eclipse.jetty.server.Server - Started @1406ms
[INFO] Tests run: 1, Failures: 0, Errors: 0, Skipped: 0, Time elapsed: 1.177 s - in spark.StaticFilesFromArchiveTest
[INFO] Running spark.GenericIntegrationTest
[main] INFO spark.staticfiles.StaticFilesConfiguration - StaticResourceHandler configured with folder = /public
[main] INFO spark.staticfiles.StaticFilesConfiguration - External StaticResourceHandler configured with folder = /tmp
[Thread-1] INFO org.eclipse.jetty.util.log - Logging initialized @1447ms to org.eclipse.jetty.util.log.Slf4jLog
[Thread-1] INFO spark.embeddedserver.jetty.EmbeddedJettyServer - == Spark has ignited ...
[Thread-1] INFO spark.embeddedserver.jetty.EmbeddedJettyServer - >> Listening on 0.0.0.0:4567
[Thread-1] INFO org.eclipse.jetty.server.Server - jetty-9.4.18.v20190429; built: 2019-04-29T20:42:08.989Z; git: e1bc35120a6617ee3df052294e433f3a25ce7097; jvm 1.8.0_262-b10
[Thread-1] INFO org.eclipse.jetty.server.session - DefaultSessionIdManager workerName=node0
[Thread-1] INFO org.eclipse.jetty.server.session - No SessionScavenger set, using defaults
[Thread-1] INFO org.eclipse.jetty.server.session - node0 Scavenging every 600000ms
[Thread-1] INFO org.eclipse.jetty.server.handler.ContextHandler - Started o.e.j.s.ServletContextHandler@45c819{/,null,AVAILABLE}
[Thread-1] INFO org.eclipse.jetty.server.AbstractConnector - Started ServerConnector@2322ea3f{HTTP/1.1,[http/1.1]}{0.0.0.0:4567}
[Thread-1] INFO org.eclipse.jetty.server.Server - Started @1826ms
[main] INFO spark.GenericIntegrationTest - Body was: Fo shizzy
[main] INFO spark.GenericIntegrationTest - Body was: Fo shizzy
Method Override Worked
[qtp578770163-46] ERROR spark.http.matching.GeneralError - 
java.lang.RuntimeException
	at spark.GenericIntegrationTest.lambda$setup$35(GenericIntegrationTest.java:195)
	at spark.RouteImpl$1.handle(RouteImpl.java:72)
	at spark.http.matching.Routes.execute(Routes.java:61)
	at spark.http.matching.MatcherFilter.doFilter(MatcherFilter.java:134)
	at spark.embeddedserver.jetty.JettyHandler.doHandle(JettyHandler.java:50)
	at org.eclipse.jetty.server.session.SessionHandler.doScope(SessionHandler.java:1671)
	at org.eclipse.jetty.server.handler.ScopedHandler.handle(ScopedHandler.java:144)
	at org.eclipse.jetty.server.handler.HandlerList.handle(HandlerList.java:61)
	at org.eclipse.jetty.server.handler.HandlerWrapper.handle(HandlerWrapper.java:132)
	at org.eclipse.jetty.server.Server.handle(Server.java:505)
	at org.eclipse.jetty.server.HttpChannel.handle(HttpChannel.java:370)
	at org.eclipse.jetty.server.HttpConnection.onFillable(HttpConnection.java:267)
	at org.eclipse.jetty.io.AbstractConnection$ReadCallback.succeeded(AbstractConnection.java:305)
	at org.eclipse.jetty.io.FillInterest.fillable(FillInterest.java:103)
	at org.eclipse.jetty.io.ChannelEndPoint$2.run(ChannelEndPoint.java:117)
	at org.eclipse.jetty.util.thread.strategy.EatWhatYouKill.runTask(EatWhatYouKill.java:333)
	at org.eclipse.jetty.util.thread.strategy.EatWhatYouKill.doProduce(EatWhatYouKill.java:310)
	at org.eclipse.jetty.util.thread.strategy.EatWhatYouKill.tryProduce(EatWhatYouKill.java:168)
	at org.eclipse.jetty.util.thread.strategy.EatWhatYouKill.run(EatWhatYouKill.java:126)
	at org.eclipse.jetty.util.thread.ReservedThreadExecutor$ReservedThread.run(ReservedThreadExecutor.java:366)
	at org.eclipse.jetty.util.thread.QueuedThreadPool.runJob(QueuedThreadPool.java:698)
	at org.eclipse.jetty.util.thread.QueuedThreadPool$Runner.run(QueuedThreadPool.java:804)
	at java.lang.Thread.run(Thread.java:748)
[INFO] Tests run: 40, Failures: 0, Errors: 0, Skipped: 0, Time elapsed: 2.18 s - in spark.GenericIntegrationTest
[Thread-46] INFO spark.embeddedserver.jetty.EmbeddedJettyServer - >>> Spark shutting down ...
[INFO] Running spark.globalstate.ServletFlagTest
[INFO] Tests run: 4, Failures: 0, Errors: 0, Skipped: 0, Time elapsed: 0.981 s - in spark.globalstate.ServletFlagTest
[INFO] Running spark.ServiceTest
[INFO] Tests run: 27, Failures: 0, Errors: 0, Skipped: 0, Time elapsed: 0.509 s - in spark.ServiceTest
[INFO] 
[INFO] Results:
[INFO] 
[INFO] Tests run: 306, Failures: 0, Errors: 0, Skipped: 0
[INFO] 
[INFO] 
[INFO] --- maven-bundle-plugin:3.5.1:bundle (default-bundle) @ spark-core ---
[INFO] 
[INFO] --- maven-assembly-plugin:3.2.0:single (default) @ spark-core ---
[INFO] Building jar: /tmp/tmp841178x1/spark/target/spark-core-2.9.1-jar-with-dependencies.jar
[INFO] ------------------------------------------------------------------------
[INFO] BUILD SUCCESS
[INFO] ------------------------------------------------------------------------
[INFO] Total time:  01:30 min
[INFO] Finished at: 2020-07-30T15:19:28Z
[INFO] ------------------------------------------------------------------------
