[INFO] Error stacktraces are turned on.
[INFO] Scanning for projects...
[WARNING] 
[WARNING] Some problems were encountered while building the effective model for com.ciandt.techgallery:techgallery:war:1.0-SNAPSHOT
[WARNING] 'build.plugins.plugin.(groupId:artifactId)' must be unique but found duplicate declaration of plugin org.apache.maven.plugins:maven-surefire-plugin @ line 361, column 15
[WARNING] 
[WARNING] It is highly recommended to fix these problems because they threaten the stability of your build.
[WARNING] 
[WARNING] For this reason, future Maven versions might no longer support building such malformed projects.
[WARNING] 
[WARNING] The project com.ciandt.techgallery:techgallery:war:1.0-SNAPSHOT uses prerequisites which is only intended for maven-plugin projects but not for non maven-plugin projects. For such purposes you should use the maven-enforcer-plugin. See https://maven.apache.org/enforcer/enforcer-rules/requireMavenVersion.html
[INFO] 
[INFO] -----------------< com.ciandt.techgallery:techgallery >-----------------
[INFO] Building techgallery 1.0-SNAPSHOT
[INFO] --------------------------------[ war ]---------------------------------
[INFO] 
[INFO] --- jacoco-maven-plugin:0.8.5:prepare-agent (default) @ techgallery ---
[INFO] argLine set to -javaagent:/home/jdbl/.m2/repository/org/jacoco/org.jacoco.agent/0.8.5/org.jacoco.agent-0.8.5-runtime.jar=destfile=/tmp/tmp676fosib/tech-gallery/target/jacoco.exec
[INFO] 
[INFO] --- frontend-maven-plugin:1.6:install-node-and-npm (install node and npm) @ techgallery ---
[INFO] testFailureIgnore property is ignored in non test phases
[INFO] Installing node version v8.11.3
[INFO] Downloading https://nodejs.org/dist/v8.11.3/node-v8.11.3-linux-x64.tar.gz to /home/jdbl/.m2/repository/com/github/eirslett/node/8.11.3/node-8.11.3-linux-x64.tar.gz
[INFO] No proxies configured
[INFO] No proxy was configured, downloading directly
[INFO] Unpacking /home/jdbl/.m2/repository/com/github/eirslett/node/8.11.3/node-8.11.3-linux-x64.tar.gz into /tmp/tmp676fosib/tech-gallery/src/main/webapp/node/tmp
[INFO] Copying node binary from /tmp/tmp676fosib/tech-gallery/src/main/webapp/node/tmp/node-v8.11.3-linux-x64/bin/node to /tmp/tmp676fosib/tech-gallery/src/main/webapp/node/node
[INFO] Installed node locally.
[INFO] Installing npm version 6.2.0
[INFO] Downloading https://registry.npmjs.org/npm/-/npm-6.2.0.tgz to /home/jdbl/.m2/repository/com/github/eirslett/npm/6.2.0/npm-6.2.0.tar.gz
[INFO] No proxies configured
[INFO] No proxy was configured, downloading directly
[INFO] Unpacking /home/jdbl/.m2/repository/com/github/eirslett/npm/6.2.0/npm-6.2.0.tar.gz into /tmp/tmp676fosib/tech-gallery/src/main/webapp/node/node_modules
[INFO] Installed npm locally.
[INFO] 
[INFO] --- frontend-maven-plugin:1.6:npm (npm install) @ techgallery ---
[INFO] testFailureIgnore property is ignored in non test phases
[INFO] Running 'npm install' in /tmp/tmp676fosib/tech-gallery/src/main/webapp
[WARNING] npm WARN deprecated gulp-minify-css@1.2.4: Please use gulp-clean-css
[WARNING] npm WARN deprecated gulp-util@3.0.8: gulp-util is deprecated - replace it, following the guidelines at https://medium.com/gulpjs/gulp-util-ca3b1f9f9ac5
[WARNING] npm WARN deprecated angular-ui-router@0.4.3: This npm package 'angular-ui-router' has been renamed to '@uirouter/angularjs'. Please update your package.json. See https://ui-router.github.io/blog/uirouter-scoped-packages/
[WARNING] npm WARN deprecated request@2.88.2: request has been deprecated, see https://github.com/request/request/issues/3142
[WARNING] npm WARN deprecated minimatch@2.0.10: Please update to minimatch 3.0.2 or higher to avoid a RegExp DoS issue
[WARNING] npm WARN deprecated natives@1.1.6: This module relies on Node.js's internals and will break at some point. Do not use it, and update to graceful-fs@4.x.
[WARNING] npm WARN deprecated har-validator@5.1.5: this library is no longer supported
[WARNING] npm WARN deprecated minimatch@0.2.14: Please update to minimatch 3.0.2 or higher to avoid a RegExp DoS issue
[WARNING] npm WARN deprecated graceful-fs@1.2.3: please upgrade to graceful-fs 4 for compatibility with current and future versions of Node.js
[WARNING] npm WARN deprecated resolve-url@0.2.1: https://github.com/lydell/resolve-url#deprecated
[WARNING] npm WARN deprecated urix@0.1.0: Please see https://github.com/lydell/urix#deprecated
[INFO] 
[INFO] > node-sass@4.14.1 install /tmp/tmp676fosib/tech-gallery/src/main/webapp/node_modules/node-sass
[INFO] > node scripts/install.js
[INFO] 
[INFO] Downloading binary from https://github.com/sass/node-sass/releases/download/v4.14.1/linux-x64-57_binding.node
[INFO] Download complete
[INFO] Binary saved to /tmp/tmp676fosib/tech-gallery/src/main/webapp/node_modules/node-sass/vendor/linux-x64-57/binding.node
[INFO] Caching binary to /home/jdbl/.npm/node-sass/4.14.1/linux-x64-57_binding.node
[INFO] 
[INFO] > node-sass@4.14.1 postinstall /tmp/tmp676fosib/tech-gallery/src/main/webapp/node_modules/node-sass
[INFO] > node scripts/build.js
[INFO] 
[INFO] Binary found at /tmp/tmp676fosib/tech-gallery/src/main/webapp/node_modules/node-sass/vendor/linux-x64-57/binding.node
[INFO] Testing binary
[INFO] Binary is fine
[ERROR] npm notice created a lockfile as package-lock.json. You should commit this file.
[INFO] added 759 packages from 381 contributors and audited 760 packages in 174.501s
[INFO] found 9 vulnerabilities (3 low, 6 high)
[INFO]   run `npm audit fix` to fix them, or `npm audit` for details
[INFO] 
[INFO] --- frontend-maven-plugin:1.6:gulp (gulp lint) @ techgallery ---
[INFO] testFailureIgnore property is ignored in non test phases
[INFO] Running 'gulp lint' in /tmp/tmp676fosib/tech-gallery/src/main/webapp
[INFO] [22:58:02] Using gulpfile /tmp/tmp676fosib/tech-gallery/src/main/webapp/gulpfile.js
[INFO] [22:58:02] Starting 'jshint'...
[INFO] [22:58:02] Starting 'csslint'...
[INFO] [22:58:02] Finished 'jshint' after 16 ms
[INFO] <?xml version="1.0" encoding="utf-8"?><checkstyle></checkstyle>[22:58:02] Finished 'csslint' after 8.53 ms
[INFO] [22:58:02] Starting 'lint'...
[INFO] [22:58:02] Finished 'lint' after 29 μs
[INFO] 
[INFO] --- frontend-maven-plugin:1.6:gulp (gulp build) @ techgallery ---
[INFO] testFailureIgnore property is ignored in non test phases
[INFO] Running 'gulp build' in /tmp/tmp676fosib/tech-gallery/src/main/webapp
[INFO] [22:58:03] Using gulpfile /tmp/tmp676fosib/tech-gallery/src/main/webapp/gulpfile.js
[INFO] [22:58:03] Starting 'clean'...
[INFO] [22:58:03] Starting 'build:stylesheets'...
[INFO] [22:58:03] Finished 'build:stylesheets' after 21 ms
[INFO] [22:58:03] Starting 'build:scripts'...
[INFO] [22:58:03] Finished 'clean' after 66 ms
[INFO] [22:58:05] Finished 'build:scripts' after 1.66 s
[INFO] [22:58:05] Starting 'build'...
[INFO] [22:58:05] Finished 'build' after 25 μs
[INFO] 
[INFO] --- maven-resources-plugin:2.6:resources (default-resources) @ techgallery ---
[INFO] Using 'UTF-8' encoding to copy filtered resources.
[INFO] Copying 6 resources
[INFO] 
[INFO] --- maven-compiler-plugin:3.5:compile (default-compile) @ techgallery ---
[INFO] Changes detected - recompiling the module!
[INFO] Compiling 166 source files to /tmp/tmp676fosib/tech-gallery/target/techgallery-1.0-SNAPSHOT/WEB-INF/classes
[WARNING] /tmp/tmp676fosib/tech-gallery/src/main/java/com/ciandt/techgallery/persistence/model/profile/UserProfile.java:[20,19] AreaOp is internal proprietary API and may be removed in a future release
[WARNING] /tmp/tmp676fosib/tech-gallery/src/main/java/com/ciandt/techgallery/persistence/model/profile/UserProfile.java:[20,19] AreaOp is internal proprietary API and may be removed in a future release
[WARNING] /tmp/tmp676fosib/tech-gallery/src/main/java/com/ciandt/techgallery/persistence/model/profile/UserProfile.java:[20,19] AreaOp is internal proprietary API and may be removed in a future release
[WARNING] /tmp/tmp676fosib/tech-gallery/src/main/java/com/ciandt/techgallery/utils/ExportUtils.java:[110,20] [deprecation] getCellType() in Cell has been deprecated
[WARNING] /tmp/tmp676fosib/tech-gallery/src/main/java/com/ciandt/techgallery/utils/ExportUtils.java:[111,19] [deprecation] CELL_TYPE_STRING in Cell has been deprecated
[WARNING] /tmp/tmp676fosib/tech-gallery/src/main/java/com/ciandt/techgallery/utils/ExportUtils.java:[114,19] [deprecation] CELL_TYPE_NUMERIC in Cell has been deprecated
[WARNING] /tmp/tmp676fosib/tech-gallery/src/main/java/com/ciandt/techgallery/utils/ExportUtils.java:[117,19] [deprecation] CELL_TYPE_BLANK in Cell has been deprecated
[INFO] 
[INFO] --- gmavenplus-plugin:1.6.1:compile (default) @ techgallery ---
[INFO] No sources specified for compilation.  Skipping.
[INFO] 
[INFO] --- versions-maven-plugin:2.5:display-dependency-updates (default) @ techgallery ---
[INFO] artifact cglib:cglib-nodep: checking for updates from central
[INFO] artifact com.google.apis:google-api-services-oauth2: checking for updates from central
[INFO] artifact com.google.api-client:google-api-client: checking for updates from central
[INFO] artifact com.fasterxml.jackson.core:jackson-databind: checking for updates from central
[INFO] artifact com.github.spullara.mustache.java:compiler: checking for updates from central
[INFO] artifact com.google.apis:google-api-services-plus: checking for updates from central
[INFO] artifact com.google.apis:google-api-services-plusDomains: checking for updates from central
[INFO] artifact com.google.appengine:appengine-api-1.0-sdk: checking for updates from central
[INFO] artifact com.google.appengine:appengine-api-stubs: checking for updates from central
[INFO] artifact com.google.appengine:appengine-testing: checking for updates from central
[INFO] artifact com.google.appengine.tools:appengine-gcs-client: checking for updates from central
[INFO] artifact com.google.endpoints:endpoints-framework: checking for updates from central
[INFO] artifact com.google.guava:guava: checking for updates from central
[INFO] artifact com.google.http-client:google-http-client-jackson2: checking for updates from central
[INFO] artifact com.google.oauth-client:google-oauth-client: checking for updates from central
[INFO] artifact com.google.oauth-client:google-oauth-client-appengine: checking for updates from central
[INFO] artifact com.google.oauth-client:google-oauth-client-servlet: checking for updates from central
[INFO] artifact com.googlecode.objectify:objectify: checking for updates from central
[INFO] artifact commons-io:commons-io: checking for updates from central
[INFO] artifact commons-lang:commons-lang: checking for updates from central
[INFO] artifact info.cukes:cucumber-java: checking for updates from central
[INFO] artifact info.cukes:cucumber-junit: checking for updates from central
[INFO] artifact javax.inject:javax.inject: checking for updates from central
[INFO] artifact javax.servlet:javax.servlet-api: checking for updates from central
[INFO] artifact junit:junit: checking for updates from central
[INFO] artifact net.sf.opencsv:opencsv: checking for updates from central
[INFO] artifact org.apache.poi:poi-ooxml: checking for updates from central
[INFO] artifact org.codehaus.groovy:groovy-backports-compat23: checking for updates from central
[INFO] artifact org.mockito:mockito-core: checking for updates from central
[INFO] artifact org.objenesis:objenesis: checking for updates from central
[INFO] artifact org.seleniumhq.selenium:selenium-server: checking for updates from central
[INFO] artifact org.spockframework:spock-core: checking for updates from central
[INFO] The following dependencies in Dependencies have newer versions:
[INFO]   cglib:cglib-nodep ....................................... 3.1 -> 3.3.0
[INFO]   com.fasterxml.jackson.core:jackson-databind .......... 2.6.4 -> 2.11.1
[INFO]   com.github.spullara.mustache.java:compiler ............ 0.9.5 -> 0.9.6
[INFO]   com.google.api-client:google-api-client ............ 1.23.0 -> 1.30.10
[INFO]   com.google.apis:google-api-services-oauth2 ...
[INFO]                               v2-rev139-1.23.0 -> v2-rev20200213-1.30.10
[INFO]   com.google.apis:google-api-services-plus ...
[INFO]                               v1-rev553-1.23.0 -> v1-rev20190328-1.30.10
[INFO]   com.google.apis:google-api-services-plusDomains ...
[INFO]                                v1-rev457-1.23.0 -> v1-rev20190415-1.30.1
[INFO]   com.google.appengine:appengine-api-1.0-sdk .......... 1.9.64 -> 1.9.81
[INFO]   com.google.appengine:appengine-api-stubs ............ 1.9.64 -> 1.9.81
[INFO]   com.google.appengine:appengine-testing .............. 1.9.64 -> 1.9.81
[INFO]   com.google.appengine.tools:appengine-gcs-client ......... 0.7 -> 0.8.1
[INFO]   com.google.endpoints:endpoints-framework .............. 2.1.0 -> 2.2.1
[INFO]   com.google.guava:guava .......................... 25.1-jre -> 29.0-jre
[INFO]   com.google.http-client:google-http-client-jackson2 ...
[INFO]                                                         1.23.0 -> 1.36.0
[INFO]   com.google.oauth-client:google-oauth-client ......... 1.23.0 -> 1.31.0
[INFO]   com.google.oauth-client:google-oauth-client-appengine ...
[INFO]                                                         1.23.0 -> 1.31.0
[INFO]   com.google.oauth-client:google-oauth-client-servlet ...
[INFO]                                                         1.23.0 -> 1.31.0
[INFO]   com.googlecode.objectify:objectify .................... 5.1.6 -> 6.0.6
[INFO]   commons-io:commons-io ..................................... 2.6 -> 2.7
[INFO]   info.cukes:cucumber-java .............................. 1.2.5 -> 1.2.6
[INFO]   info.cukes:cucumber-junit ............................. 1.2.5 -> 1.2.6
[INFO]   javax.servlet:javax.servlet-api ....................... 3.1.0 -> 4.0.1
[INFO]   junit:junit ............................................. 4.12 -> 4.13
[INFO]   org.apache.poi:poi-ooxml ............................... 3.17 -> 4.1.2
[INFO]   org.codehaus.groovy:groovy-backports-compat23 ......... 2.3.7 -> 3.0.5
[INFO]   org.mockito:mockito-core .............................. 2.9.0 -> 3.4.6
[INFO]   org.objenesis:objenesis ................................... 2.1 -> 3.1
[INFO]   org.seleniumhq.selenium:selenium-server ....... 3.9.1 -> 4.0.0-alpha-2
[INFO]   org.spockframework:spock-core .... 1.0-groovy-2.4 -> 2.0-M3-groovy-3.0
[INFO] 
[INFO] 
[INFO] --- versions-maven-plugin:2.5:display-plugin-updates (default) @ techgallery ---
[INFO] artifact com.github.eirslett:frontend-maven-plugin: checking for updates from central
[INFO] artifact com.google.appengine:appengine-maven-plugin: checking for updates from central
[INFO] artifact com.google.appengine:gcloud-maven-plugin: checking for updates from central
[INFO] artifact com.google.cloud.tools:appengine-maven-plugin: checking for updates from central
[INFO] artifact com.google.cloud.tools:endpoints-framework-maven-plugin: checking for updates from central
[INFO] artifact org.apache.maven.plugins:maven-clean-plugin: checking for updates from central
[INFO] artifact org.apache.maven.plugins:maven-compiler-plugin: checking for updates from central
[INFO] artifact org.apache.maven.plugins:maven-deploy-plugin: checking for updates from central
[INFO] artifact org.apache.maven.plugins:maven-install-plugin: checking for updates from central
[INFO] artifact org.apache.maven.plugins:maven-resources-plugin: checking for updates from central
[INFO] artifact org.apache.maven.plugins:maven-site-plugin: checking for updates from central
[INFO] artifact org.apache.maven.plugins:maven-surefire-plugin: checking for updates from central
[INFO] artifact org.apache.maven.plugins:maven-war-plugin: checking for updates from central
[INFO] artifact org.codehaus.gmavenplus:gmavenplus-plugin: checking for updates from central
[INFO] artifact org.codehaus.mojo:versions-maven-plugin: checking for updates from central
[INFO] artifact org.eclipse.m2e:lifecycle-mapping: checking for updates from central
[INFO] artifact org.jacoco:jacoco-maven-plugin: checking for updates from central
[INFO] 
[INFO] The following plugin updates are available:
[INFO]   com.github.eirslett:frontend-maven-plugin ............. 1.6 -> 1.10.0
[INFO]   com.google.appengine:appengine-maven-plugin ........ 1.9.64 -> 1.9.81
[INFO]   com.google.cloud.tools:appengine-maven-plugin ........ 1.3.2 -> 2.3.0
[INFO]   com.google.cloud.tools:endpoints-framework-maven-plugin  2.0.0 -> 2.0.1
[INFO]   maven-compiler-plugin .................................. 3.5 -> 3.8.1
[INFO]   maven-surefire-plugin ............................ 2.22.0 -> 3.0.0-M5
[INFO]   maven-war-plugin ..................................... 3.2.2 -> 3.3.1
[INFO]   org.codehaus.gmavenplus:gmavenplus-plugin ............ 1.6.1 -> 1.9.1
[INFO]   org.codehaus.mojo:versions-maven-plugin .................. 2.5 -> 2.7
[INFO] 
[WARNING] The following plugins do not have their version specified:
[WARNING]   maven-clean-plugin ........................ (from super-pom) 3.1.0
[WARNING]   maven-deploy-plugin .................... (from super-pom) 3.0.0-M1
[WARNING]   maven-install-plugin ................... (from super-pom) 3.0.0-M1
[WARNING]   maven-resources-plugin .................... (from super-pom) 3.1.0
[WARNING]   maven-site-plugin ......................... (from super-pom) 3.9.1
[INFO] 
[INFO] Project defines minimum Maven version as: 3.1.0
[INFO] Plugins require minimum Maven version of: 3.1.0
[INFO] Note: the super-pom from Maven 3.6.3 defines some of the plugin
[INFO]       versions and may be influencing the plugins required minimum Maven
[INFO]       version.
[INFO] 
[INFO] No plugins require a newer version of Maven than specified by the pom.
[INFO] 
[INFO] 
[INFO] --- appengine-maven-plugin:1.9.64:endpoints_get_discovery_doc (default) @ techgallery ---
[INFO] 
[INFO] Google App Engine Java SDK - get endpoints discovery doc...
[INFO] Using Class Name: com.ciandt.techgallery.service.endpoint.TechGalleryApiDefinition
[INFO] Executing endpoints Command=[get-discovery-doc, -cp, /tmp/tmp676fosib/tech-gallery/target/techgallery-1.0-SNAPSHOT/WEB-INF/classes:/tmp/tmp676fosib/tech-gallery/target/classes:/home/jdbl/.m2/repository/com/google/guava/guava/25.1-jre/guava-25.1-jre.jar:/home/jdbl/.m2/repository/com/google/code/findbugs/jsr305/3.0.2/jsr305-3.0.2.jar:/home/jdbl/.m2/repository/org/checkerframework/checker-qual/2.0.0/checker-qual-2.0.0.jar:/home/jdbl/.m2/repository/com/google/errorprone/error_prone_annotations/2.1.3/error_prone_annotations-2.1.3.jar:/home/jdbl/.m2/repository/com/google/j2objc/j2objc-annotations/1.1/j2objc-annotations-1.1.jar:/home/jdbl/.m2/repository/org/codehaus/mojo/animal-sniffer-annotations/1.14/animal-sniffer-annotations-1.14.jar:/home/jdbl/.m2/repository/com/google/appengine/appengine-api-1.0-sdk/1.9.64/appengine-api-1.0-sdk-1.9.64.jar:/home/jdbl/.m2/repository/com/google/endpoints/endpoints-framework/2.1.0/endpoints-framework-2.1.0.jar:/home/jdbl/.m2/repository/com/fasterxml/jackson/core/jackson-annotations/2.6.4/jackson-annotations-2.6.4.jar:/home/jdbl/.m2/repository/com/fasterxml/jackson/core/jackson-core/2.6.4/jackson-core-2.6.4.jar:/home/jdbl/.m2/repository/com/google/api-client/google-api-client-appengine/1.23.0/google-api-client-appengine-1.23.0.jar:/home/jdbl/.m2/repository/com/google/api-client/google-api-client-servlet/1.23.0/google-api-client-servlet-1.23.0.jar:/home/jdbl/.m2/repository/javax/servlet/servlet-api/2.5/servlet-api-2.5.jar:/home/jdbl/.m2/repository/io/swagger/swagger-models/1.5.9/swagger-models-1.5.9.jar:/home/jdbl/.m2/repository/org/slf4j/slf4j-api/1.6.3/slf4j-api-1.6.3.jar:/home/jdbl/.m2/repository/io/swagger/swagger-annotations/1.5.9/swagger-annotations-1.5.9.jar:/home/jdbl/.m2/repository/io/swagger/swagger-core/1.5.9/swagger-core-1.5.9.jar:/home/jdbl/.m2/repository/com/fasterxml/jackson/datatype/jackson-datatype-joda/2.4.5/jackson-datatype-joda-2.4.5.jar:/home/jdbl/.m2/repository/com/fasterxml/jackson/dataformat/jackson-dataformat-yaml/2.4.5/jackson-dataformat-yaml-2.4.5.jar:/home/jdbl/.m2/repository/javax/validation/validation-api/1.1.0.Final/validation-api-1.1.0.Final.jar:/home/jdbl/.m2/repository/org/slf4j/slf4j-nop/1.7.21/slf4j-nop-1.7.21.jar:/home/jdbl/.m2/repository/javax/inject/javax.inject/1/javax.inject-1.jar:/home/jdbl/.m2/repository/com/googlecode/objectify/objectify/5.1.6/objectify-5.1.6.jar:/home/jdbl/.m2/repository/com/google/appengine/tools/appengine-gcs-client/0.7/appengine-gcs-client-0.7.jar:/home/jdbl/.m2/repository/joda-time/joda-time/2.3/joda-time-2.3.jar:/home/jdbl/.m2/repository/com/google/apis/google-api-services-storage/v1-rev108-1.22.0/google-api-services-storage-v1-rev108-1.22.0.jar:/home/jdbl/.m2/repository/com/google/http-client/google-http-client/1.36.0/google-http-client-1.36.0.jar:/home/jdbl/.m2/repository/io/opencensus/opencensus-api/0.24.0/opencensus-api-0.24.0.jar:/home/jdbl/.m2/repository/io/grpc/grpc-context/1.22.1/grpc-context-1.22.1.jar:/home/jdbl/.m2/repository/io/opencensus/opencensus-contrib-http-util/0.24.0/opencensus-contrib-http-util-0.24.0.jar:/home/jdbl/.m2/repository/com/google/api-client/google-api-client/1.23.0/google-api-client-1.23.0.jar:/home/jdbl/.m2/repository/com/google/oauth-client/google-oauth-client-servlet/1.23.0/google-oauth-client-servlet-1.23.0.jar:/home/jdbl/.m2/repository/com/google/http-client/google-http-client-jdo/1.23.0/google-http-client-jdo-1.23.0.jar:/home/jdbl/.m2/repository/javax/jdo/jdo2-api/2.3-eb/jdo2-api-2.3-eb.jar:/home/jdbl/.m2/repository/javax/transaction/transaction-api/1.1/transaction-api-1.1.jar:/home/jdbl/.m2/repository/com/google/oauth-client/google-oauth-client-appengine/1.23.0/google-oauth-client-appengine-1.23.0.jar:/home/jdbl/.m2/repository/com/google/http-client/google-http-client-appengine/1.23.0/google-http-client-appengine-1.23.0.jar:/home/jdbl/.m2/repository/com/google/apis/google-api-services-oauth2/v2-rev139-1.23.0/google-api-services-oauth2-v2-rev139-1.23.0.jar:/home/jdbl/.m2/repository/com/google/http-client/google-http-client-jackson2/1.23.0/google-http-client-jackson2-1.23.0.jar:/home/jdbl/.m2/repository/com/google/oauth-client/google-oauth-client/1.23.0/google-oauth-client-1.23.0.jar:/home/jdbl/.m2/repository/com/google/apis/google-api-services-plusDomains/v1-rev457-1.23.0/google-api-services-plusDomains-v1-rev457-1.23.0.jar:/home/jdbl/.m2/repository/com/fasterxml/jackson/core/jackson-databind/2.6.4/jackson-databind-2.6.4.jar:/home/jdbl/.m2/repository/commons-io/commons-io/2.6/commons-io-2.6.jar:/home/jdbl/.m2/repository/org/apache/commons/commons-lang3/3.7/commons-lang3-3.7.jar:/home/jdbl/.m2/repository/commons-codec/commons-codec/1.10/commons-codec-1.10.jar:/home/jdbl/.m2/repository/commons-logging/commons-logging/1.2/commons-logging-1.2.jar:/home/jdbl/.m2/repository/org/apache/httpcomponents/httpclient/4.5.3/httpclient-4.5.3.jar:/home/jdbl/.m2/repository/org/apache/httpcomponents/httpcore/4.4.6/httpcore-4.4.6.jar:/home/jdbl/.m2/repository/org/yaml/snakeyaml/1.19/snakeyaml-1.19.jar:/home/jdbl/.m2/repository/org/codehaus/groovy/groovy-backports-compat23/2.3.7/groovy-backports-compat23-2.3.7.jar:/home/jdbl/.m2/repository/com/google/apis/google-api-services-plus/v1-rev553-1.23.0/google-api-services-plus-v1-rev553-1.23.0.jar:/home/jdbl/.m2/repository/com/github/spullara/mustache/java/compiler/0.9.5/compiler-0.9.5.jar:/home/jdbl/.m2/repository/commons-lang/commons-lang/2.6/commons-lang-2.6.jar:/home/jdbl/.m2/repository/org/apache/poi/poi-ooxml/3.17/poi-ooxml-3.17.jar:/home/jdbl/.m2/repository/org/apache/poi/poi/3.17/poi-3.17.jar:/home/jdbl/.m2/repository/org/apache/commons/commons-collections4/4.1/commons-collections4-4.1.jar:/home/jdbl/.m2/repository/org/apache/poi/poi-ooxml-schemas/3.17/poi-ooxml-schemas-3.17.jar:/home/jdbl/.m2/repository/org/apache/xmlbeans/xmlbeans/2.6.0/xmlbeans-2.6.0.jar:/home/jdbl/.m2/repository/stax/stax-api/1.0.1/stax-api-1.0.1.jar:/home/jdbl/.m2/repository/com/github/virtuald/curvesapi/1.04/curvesapi-1.04.jar:/home/jdbl/.m2/repository/net/sf/opencsv/opencsv/2.3/opencsv-2.3.jar, -o, /tmp/tmp676fosib/tech-gallery/target/generated-sources/appengine-endpoints/WEB-INF, -w, /tmp/tmp676fosib/tech-gallery/target/generated-sources/appengine-endpoints, com.ciandt.techgallery.service.endpoint.TechGalleryApiDefinition]
API Discovery Document written to /tmp/tmp676fosib/tech-gallery/target/generated-sources/appengine-endpoints/WEB-INF/rest-v1-rest.discovery
[INFO] Endpoints discovery doc (Rest style) generation done.
[INFO] 
[INFO] --- maven-resources-plugin:2.6:testResources (default-testResources) @ techgallery ---
[INFO] Using 'UTF-8' encoding to copy filtered resources.
[INFO] Copying 1 resource
[INFO] 
[INFO] --- maven-compiler-plugin:3.5:testCompile (default-testCompile) @ techgallery ---
[INFO] Changes detected - recompiling the module!
[INFO] Compiling 7 source files to /tmp/tmp676fosib/tech-gallery/target/test-classes
[WARNING] /tmp/tmp676fosib/tech-gallery/src/test/java/ui/steps/SearchSteps.java:[22,29] [deprecation] Assert in junit.framework has been deprecated
[WARNING] /tmp/tmp676fosib/tech-gallery/src/test/java/ui/steps/SearchSteps.java:[22,29] [deprecation] Assert in junit.framework has been deprecated
[WARNING] /tmp/tmp676fosib/tech-gallery/src/test/java/ui/steps/SearchSteps.java:[22,29] [deprecation] Assert in junit.framework has been deprecated
[INFO] 
[INFO] --- maven-surefire-plugin:2.19.1:test (default-test) @ techgallery ---
[INFO] Surefire report directory: /tmp/tmp676fosib/tech-gallery/target/surefire-reports

-------------------------------------------------------
 T E S T S
-------------------------------------------------------
Running service.technology.ShareTechnologyTest
Jul 30, 2020 10:59:09 PM com.google.appengine.api.datastore.dev.LocalDatastoreService init
INFO: Local Datastore initialized: 
	Type: High Replication
	Storage: In-memory
Jul 30, 2020 10:59:10 PM com.google.appengine.api.datastore.dev.LocalDatastoreService init
INFO: Local Datastore initialized: 
	Type: High Replication
	Storage: In-memory
Tests run: 2, Failures: 0, Errors: 0, Skipped: 0, Time elapsed: 3.772 sec - in service.technology.ShareTechnologyTest
Running com.ciandt.techgallery.utils.ExportUtilsTest
Jul 30, 2020 10:59:10 PM com.google.appengine.api.datastore.dev.LocalDatastoreService init
INFO: Local Datastore initialized: 
	Type: High Replication
	Storage: In-memory
Jul 30, 2020 10:59:11 PM com.google.appengine.api.datastore.dev.LocalDatastoreService init
INFO: Local Datastore initialized: 
	Type: High Replication
	Storage: In-memory
Tests run: 2, Failures: 0, Errors: 0, Skipped: 0, Time elapsed: 0.742 sec - in com.ciandt.techgallery.utils.ExportUtilsTest
Running com.ciandt.techgallery.service.EndorsementServiceTest
Tests run: 1, Failures: 0, Errors: 0, Skipped: 1, Time elapsed: 0 sec - in com.ciandt.techgallery.service.EndorsementServiceTest
Running com.ciandt.techgallery.service.TechnologyServiceTest
Tests run: 3, Failures: 0, Errors: 0, Skipped: 0, Time elapsed: 0 sec - in com.ciandt.techgallery.service.TechnologyServiceTest
Running com.ciandt.techgallery.servlets.UserServletTest
Jul 30, 2020 10:59:13 PM com.google.appengine.api.datastore.dev.LocalDatastoreService init
INFO: Local Datastore initialized: 
	Type: High Replication
	Storage: In-memory
Jul 30, 2020 10:59:13 PM com.google.appengine.api.datastore.dev.LocalDatastoreService init
INFO: Local Datastore initialized: 
	Type: High Replication
	Storage: In-memory
Jul 30, 2020 10:59:13 PM com.google.appengine.api.datastore.dev.LocalDatastoreService init
INFO: Local Datastore initialized: 
	Type: High Replication
	Storage: In-memory
Tests run: 3, Failures: 0, Errors: 0, Skipped: 0, Time elapsed: 1.671 sec - in com.ciandt.techgallery.servlets.UserServletTest
Jul 30, 2020 10:59:13 PM com.google.appengine.api.datastore.dev.LocalDatastoreService cleanupActiveServices
INFO: scheduler shutting down.

Results :

Tests run: 11, Failures: 0, Errors: 0, Skipped: 1

[INFO] 
[INFO] --- jacoco-maven-plugin:0.8.5:report (report) @ techgallery ---
[INFO] Loading execution data file /tmp/tmp676fosib/tech-gallery/target/jacoco.exec
[INFO] Analyzed bundle 'techgallery' with 150 classes
[INFO] ------------------------------------------------------------------------
[INFO] BUILD SUCCESS
[INFO] ------------------------------------------------------------------------
[INFO] Total time:  05:37 min
[INFO] Finished at: 2020-07-30T22:59:15Z
[INFO] ------------------------------------------------------------------------
