[INFO] Error stacktraces are turned on.
[INFO] Scanning for projects...
[INFO] 
[INFO] ------------< name.valery1707.kaz-person-id:kaz-person-id >-------------
[INFO] Building Kazakhstan person ID 1.0.1-SNAPSHOT
[INFO] --------------------------------[ jar ]---------------------------------
[INFO] 
[INFO] --- jacoco-maven-plugin:0.8.5:prepare-agent (default) @ kaz-person-id ---
[INFO] argLine set to -javaagent:/home/jdbl/.m2/repository/org/jacoco/org.jacoco.agent/0.8.5/org.jacoco.agent-0.8.5-runtime.jar=destfile=/tmp/tmp646i94zf/kaz-person-id/target/jacoco.exec
[INFO] 
[INFO] --- maven-resources-plugin:2.6:resources (default-resources) @ kaz-person-id ---
[INFO] Using 'UTF-8' encoding to copy filtered resources.
[INFO] skip non existing resourceDirectory /tmp/tmp646i94zf/kaz-person-id/src/main/resources
[INFO] 
[INFO] --- maven-compiler-plugin:3.1:compile (default-compile) @ kaz-person-id ---
[INFO] Changes detected - recompiling the module!
[INFO] Compiling 7 source files to /tmp/tmp646i94zf/kaz-person-id/target/classes
[INFO] 
[INFO] --- maven-resources-plugin:2.6:testResources (default-testResources) @ kaz-person-id ---
[INFO] Using 'UTF-8' encoding to copy filtered resources.
[INFO] skip non existing resourceDirectory /tmp/tmp646i94zf/kaz-person-id/src/test/resources
[INFO] 
[INFO] --- maven-compiler-plugin:3.1:testCompile (default-testCompile) @ kaz-person-id ---
[INFO] Changes detected - recompiling the module!
[INFO] Compiling 5 source files to /tmp/tmp646i94zf/kaz-person-id/target/test-classes
[INFO] 
[INFO] --- maven-surefire-plugin:2.19.1:test (default-test) @ kaz-person-id ---
[INFO] Surefire report directory: /tmp/tmp646i94zf/kaz-person-id/target/surefire-reports

-------------------------------------------------------
 T E S T S
-------------------------------------------------------
Running name.valery1707.kazPersonId.EnumTest
Tests run: 1, Failures: 0, Errors: 0, Skipped: 0, Time elapsed: 0.155 sec - in name.valery1707.kazPersonId.EnumTest
Running name.valery1707.kazPersonId.BasePersonIdTest
Tests run: 3, Failures: 0, Errors: 0, Skipped: 0, Time elapsed: 0 sec - in name.valery1707.kazPersonId.BasePersonIdTest
Running name.valery1707.kazPersonId.PrivatePersonIdTest
Tests run: 3, Failures: 0, Errors: 0, Skipped: 0, Time elapsed: 0.007 sec - in name.valery1707.kazPersonId.PrivatePersonIdTest
Running name.valery1707.kazPersonId.PersonIdUtilsTest
Tests run: 10, Failures: 0, Errors: 0, Skipped: 0, Time elapsed: 0.005 sec - in name.valery1707.kazPersonId.PersonIdUtilsTest
Running name.valery1707.kazPersonId.JuridicalPersonIdTest
Tests run: 1, Failures: 0, Errors: 0, Skipped: 0, Time elapsed: 0 sec - in name.valery1707.kazPersonId.JuridicalPersonIdTest

Results :

Tests run: 18, Failures: 0, Errors: 0, Skipped: 0

[INFO] 
[INFO] --- jacoco-maven-plugin:0.8.5:report (report) @ kaz-person-id ---
[INFO] Loading execution data file /tmp/tmp646i94zf/kaz-person-id/target/jacoco.exec
[INFO] Analyzed bundle 'Kazakhstan person ID' with 931 classes
[INFO] ------------------------------------------------------------------------
[INFO] BUILD SUCCESS
[INFO] ------------------------------------------------------------------------
[INFO] Total time:  5.362 s
[INFO] Finished at: 2020-07-31T05:20:18Z
[INFO] ------------------------------------------------------------------------
