[INFO] Error stacktraces are turned on.
[INFO] Scanning for projects...
[INFO] Inspecting build with total of 1 modules...
[INFO] Installing Nexus Staging features:
[INFO]   ... total of 1 executions of maven-deploy-plugin replaced with nexus-staging-maven-plugin
[INFO] 
[INFO] -----------------------< org.arrahtec:osdq-core >-----------------------
[INFO] Building osdq-core 6.3.1
[INFO] --------------------------------[ jar ]---------------------------------
[INFO] 
[INFO] --- jacoco-maven-plugin:0.8.5:prepare-agent (default) @ osdq-core ---
[INFO] argLine set to -javaagent:/home/jdbl/.m2/repository/org/jacoco/org.jacoco.agent/0.8.5/org.jacoco.agent-0.8.5-runtime.jar=destfile=/tmp/tmpxzq8biqz/osdq-core/target/jacoco.exec
[INFO] 
[INFO] --- maven-resources-plugin:2.6:resources (default-resources) @ osdq-core ---
[INFO] Using 'UTF-8' encoding to copy filtered resources.
[INFO] Copying 1 resource
[INFO] 
[INFO] --- maven-compiler-plugin:3.2:compile (default-compile) @ osdq-core ---
[INFO] Changes detected - recompiling the module!
[INFO] Compiling 172 source files to /tmp/tmpxzq8biqz/osdq-core/target/classes
[WARNING] /tmp/tmpxzq8biqz/osdq-core/src/main/java/org/arrah/framework/rdbms/UpdatableJdbcRowsetImpl.java:[53,22] com.sun.rowset.JdbcRowSetResourceBundle is internal proprietary API and may be removed in a future release
[WARNING] /tmp/tmpxzq8biqz/osdq-core/src/main/java/org/arrah/framework/rdbms/UpdatableJdbcRowsetImpl.java:[53,22] com.sun.rowset.JdbcRowSetResourceBundle is internal proprietary API and may be removed in a future release
[WARNING] /tmp/tmpxzq8biqz/osdq-core/src/main/java/org/arrah/framework/rdbms/UpdatableJdbcRowsetImpl.java:[53,22] com.sun.rowset.JdbcRowSetResourceBundle is internal proprietary API and may be removed in a future release
[WARNING] /tmp/tmpxzq8biqz/osdq-core/src/main/java/org/arrah/framework/rdbms/UpdatableJdbcRowsetImpl.java:[67,23] com.sun.rowset.JdbcRowSetResourceBundle is internal proprietary API and may be removed in a future release
[WARNING] /tmp/tmpxzq8biqz/osdq-core/src/main/java/org/arrah/framework/rdbms/UpdatableJdbcRowsetImpl.java:[77,24] com.sun.rowset.JdbcRowSetResourceBundle is internal proprietary API and may be removed in a future release
[WARNING] /tmp/tmpxzq8biqz/osdq-core/src/main/java/org/arrah/framework/rdbms/UpdatableJdbcRowsetImpl.java:[161,24] com.sun.rowset.JdbcRowSetResourceBundle is internal proprietary API and may be removed in a future release
[WARNING] /tmp/tmpxzq8biqz/osdq-core/src/main/java/org/arrah/framework/rdbms/UpdatableJdbcRowsetImpl.java:[200,24] com.sun.rowset.JdbcRowSetResourceBundle is internal proprietary API and may be removed in a future release
[WARNING] /tmp/tmpxzq8biqz/osdq-core/src/main/java/org/arrah/framework/rdbms/UpdatableJdbcRowsetImpl.java:[246,24] com.sun.rowset.JdbcRowSetResourceBundle is internal proprietary API and may be removed in a future release
[WARNING] /tmp/tmpxzq8biqz/osdq-core/src/main/java/org/arrah/framework/rdbms/UpdatableJdbcRowsetImpl.java:[2629,24] com.sun.rowset.JdbcRowSetResourceBundle is internal proprietary API and may be removed in a future release
[INFO] /tmp/tmpxzq8biqz/osdq-core/src/main/java/org/arrah/framework/rdbms/UpdatableJdbcRowsetImpl.java: /tmp/tmpxzq8biqz/osdq-core/src/main/java/org/arrah/framework/rdbms/UpdatableJdbcRowsetImpl.java uses or overrides a deprecated API.
[INFO] /tmp/tmpxzq8biqz/osdq-core/src/main/java/org/arrah/framework/rdbms/UpdatableJdbcRowsetImpl.java: Recompile with -Xlint:deprecation for details.
[INFO] /tmp/tmpxzq8biqz/osdq-core/src/main/java/org/arrah/framework/profile/NewConnTableMetaInfo.java: Some input files use unchecked or unsafe operations.
[INFO] /tmp/tmpxzq8biqz/osdq-core/src/main/java/org/arrah/framework/profile/NewConnTableMetaInfo.java: Recompile with -Xlint:unchecked for details.
[INFO] 
[INFO] --- maven-resources-plugin:2.6:testResources (default-testResources) @ osdq-core ---
[INFO] Using 'UTF-8' encoding to copy filtered resources.
[INFO] skip non existing resourceDirectory /tmp/tmpxzq8biqz/osdq-core/src/test/resources
[INFO] 
[INFO] --- maven-compiler-plugin:3.2:testCompile (default-testCompile) @ osdq-core ---
[INFO] Changes detected - recompiling the module!
[INFO] Compiling 26 source files to /tmp/tmpxzq8biqz/osdq-core/target/test-classes
[INFO] /tmp/tmpxzq8biqz/osdq-core/src/test/java/net/sourceforge/openforecast/tests/OpenForecastTestSuite.java: /tmp/tmpxzq8biqz/osdq-core/src/test/java/net/sourceforge/openforecast/tests/OpenForecastTestSuite.java uses unchecked or unsafe operations.
[INFO] /tmp/tmpxzq8biqz/osdq-core/src/test/java/net/sourceforge/openforecast/tests/OpenForecastTestSuite.java: Recompile with -Xlint:unchecked for details.
[INFO] 
[INFO] --- maven-surefire-plugin:2.19.1:test (default-test) @ osdq-core ---
[INFO] Surefire report directory: /tmp/tmpxzq8biqz/osdq-core/target/surefire-reports

-------------------------------------------------------
 T E S T S
-------------------------------------------------------
Running net.sourceforge.openforecast.tests.DataSetTest
Tests run: 7, Failures: 0, Errors: 0, Skipped: 0, Time elapsed: 0.074 sec - in net.sourceforge.openforecast.tests.DataSetTest
Running net.sourceforge.openforecast.tests.CSVBuilderTest
Tests run: 4, Failures: 0, Errors: 0, Skipped: 0, Time elapsed: 0.039 sec - in net.sourceforge.openforecast.tests.CSVBuilderTest
Running net.sourceforge.openforecast.tests.SimpleExponentialSmoothingTest
Tests run: 3, Failures: 0, Errors: 0, Skipped: 0, Time elapsed: 0.012 sec - in net.sourceforge.openforecast.tests.SimpleExponentialSmoothingTest
Running net.sourceforge.openforecast.tests.OpenForecastTestCase
Tests run: 1, Failures: 0, Errors: 0, Skipped: 1, Time elapsed: 0 sec - in net.sourceforge.openforecast.tests.OpenForecastTestCase
Running net.sourceforge.openforecast.tests.TimeSeriesBuilderTest
Tests run: 1, Failures: 0, Errors: 0, Skipped: 0, Time elapsed: 0.087 sec - in net.sourceforge.openforecast.tests.TimeSeriesBuilderTest
Running net.sourceforge.openforecast.tests.DoubleExponentialSmoothingTest
Tests run: 2, Failures: 0, Errors: 0, Skipped: 0, Time elapsed: 0.013 sec - in net.sourceforge.openforecast.tests.DoubleExponentialSmoothingTest
Running net.sourceforge.openforecast.tests.TimeSeriesOutputterTest
Tests run: 1, Failures: 0, Errors: 0, Skipped: 0, Time elapsed: 0.007 sec - in net.sourceforge.openforecast.tests.TimeSeriesOutputterTest
Running net.sourceforge.openforecast.tests.BasicTest
Tests run: 3, Failures: 0, Errors: 0, Skipped: 0, Time elapsed: 0.008 sec - in net.sourceforge.openforecast.tests.BasicTest
Running net.sourceforge.openforecast.tests.MovingAverageTest
Tests run: 2, Failures: 0, Errors: 0, Skipped: 0, Time elapsed: 0.003 sec - in net.sourceforge.openforecast.tests.MovingAverageTest
Running net.sourceforge.openforecast.tests.PolynomialRegressionTest
Tests run: 1, Failures: 0, Errors: 0, Skipped: 0, Time elapsed: 0.001 sec - in net.sourceforge.openforecast.tests.PolynomialRegressionTest
Running net.sourceforge.openforecast.tests.DelimitedTextOutputterTest
Tests run: 2, Failures: 0, Errors: 0, Skipped: 0, Time elapsed: 0.07 sec - in net.sourceforge.openforecast.tests.DelimitedTextOutputterTest
Running net.sourceforge.openforecast.tests.TripleExponentialSmoothingTest
Tests run: 3, Failures: 0, Errors: 0, Skipped: 0, Time elapsed: 0.025 sec - in net.sourceforge.openforecast.tests.TripleExponentialSmoothingTest
Running net.sourceforge.openforecast.tests.MultipleLinearRegressionTest
Tests run: 4, Failures: 0, Errors: 0, Skipped: 0, Time elapsed: 0.008 sec - in net.sourceforge.openforecast.tests.MultipleLinearRegressionTest
Running net.sourceforge.openforecast.tests.WeightedMovingAverageTest
Tests run: 2, Failures: 0, Errors: 0, Skipped: 0, Time elapsed: 0 sec - in net.sourceforge.openforecast.tests.WeightedMovingAverageTest
Running net.sf.jdmf.algorithms.AbstractDataMiningAlgorithmTest
Tests run: 2, Failures: 0, Errors: 0, Skipped: 0, Time elapsed: 0.245 sec - in net.sf.jdmf.algorithms.AbstractDataMiningAlgorithmTest
Running net.sf.jdmf.data.input.attribute.AttributeTypeFactoryTest
Tests run: 5, Failures: 0, Errors: 0, Skipped: 0, Time elapsed: 0.01 sec - in net.sf.jdmf.data.input.attribute.AttributeTypeFactoryTest
Running net.sf.jdmf.data.input.InputDataBuilderTest
Tests run: 1, Failures: 0, Errors: 0, Skipped: 0, Time elapsed: 0.006 sec - in net.sf.jdmf.data.input.InputDataBuilderTest
Running org.arrah.AppTest
Tests run: 1, Failures: 0, Errors: 0, Skipped: 0, Time elapsed: 0 sec - in org.arrah.AppTest
Running org.arrah.org.arrah.framework.udf.UDFEvaluatorTest
SLF4J: Class path contains multiple SLF4J bindings.
SLF4J: Found binding in [file:/tmp/tmpxzq8biqz/osdq-core/target/classes/org/slf4j/impl/StaticLoggerBinder.class]
SLF4J: Found binding in [jar:file:/home/jdbl/.m2/repository/org/apache/logging/log4j/log4j-slf4j-impl/2.5/log4j-slf4j-impl-2.5.jar!/org/slf4j/impl/StaticLoggerBinder.class]
SLF4J: See http://www.slf4j.org/codes.html#multiple_bindings for an explanation.
1197 [main] INFO org.reflections.Reflections - Reflections took 1127 ms to scan 1 urls, producing 4505 keys and 52313 values 
Tests run: 2, Failures: 0, Errors: 0, Skipped: 0, Time elapsed: 1.397 sec - in org.arrah.org.arrah.framework.udf.UDFEvaluatorTest

Results :

Tests run: 47, Failures: 0, Errors: 0, Skipped: 1

[INFO] 
[INFO] --- jacoco-maven-plugin:0.8.5:report (report) @ osdq-core ---
[INFO] Loading execution data file /tmp/tmpxzq8biqz/osdq-core/target/jacoco.exec
[INFO] Analyzed bundle 'osdq-core' with 2505 classes
[INFO] ------------------------------------------------------------------------
[INFO] BUILD SUCCESS
[INFO] ------------------------------------------------------------------------
[INFO] Total time:  47.193 s
[INFO] Finished at: 2020-07-30T22:57:08Z
[INFO] ------------------------------------------------------------------------
