[INFO] Error stacktraces are turned on.
[INFO] Scanning for projects...
[INFO] Inspecting build with total of 1 modules...
[INFO] Installing Nexus Staging features:
[INFO]   ... total of 1 executions of maven-deploy-plugin replaced with nexus-staging-maven-plugin
[INFO] 
[INFO] -----------------< org.torpedoquery:org.torpedoquery >------------------
[INFO] Building TorpedoQuery 2.6.1-SNAPSHOT
[INFO] --------------------------------[ jar ]---------------------------------
[INFO] 
[INFO] --- jacoco-maven-plugin:0.8.5:prepare-agent (default) @ org.torpedoquery ---
[INFO] argLine set to -javaagent:/home/jdbl/.m2/repository/org/jacoco/org.jacoco.agent/0.8.5/org.jacoco.agent-0.8.5-runtime.jar=destfile=/tmp/tmp74aen6xk/torpedoquery/target/jacoco.exec
[INFO] 
[INFO] --- maven-resources-plugin:2.6:resources (default-resources) @ org.torpedoquery ---
[WARNING] Using platform encoding (UTF-8 actually) to copy filtered resources, i.e. build is platform dependent!
[INFO] skip non existing resourceDirectory /tmp/tmp74aen6xk/torpedoquery/src/main/resources
[INFO] 
[INFO] --- maven-compiler-plugin:3.1:compile (default-compile) @ org.torpedoquery ---
[INFO] Changes detected - recompiling the module!
[WARNING] File encoding has not been set, using platform encoding UTF-8, i.e. build is platform dependent!
[INFO] Compiling 120 source files to /tmp/tmp74aen6xk/torpedoquery/target/classes
[WARNING] /tmp/tmp74aen6xk/torpedoquery/src/main/java/org/torpedoquery/jpa/internal/conditions/SingleParameterCondition.java: Some input files use unchecked or unsafe operations.
[WARNING] /tmp/tmp74aen6xk/torpedoquery/src/main/java/org/torpedoquery/jpa/internal/conditions/SingleParameterCondition.java: Recompile with -Xlint:unchecked for details.
[INFO] 
[INFO] --- maven-resources-plugin:2.6:testResources (default-testResources) @ org.torpedoquery ---
[WARNING] Using platform encoding (UTF-8 actually) to copy filtered resources, i.e. build is platform dependent!
[INFO] skip non existing resourceDirectory /tmp/tmp74aen6xk/torpedoquery/src/test/resources
[INFO] 
[INFO] --- maven-compiler-plugin:3.1:testCompile (default-testCompile) @ org.torpedoquery ---
[INFO] Changes detected - recompiling the module!
[WARNING] File encoding has not been set, using platform encoding UTF-8, i.e. build is platform dependent!
[INFO] Compiling 29 source files to /tmp/tmp74aen6xk/torpedoquery/target/test-classes
[WARNING] /tmp/tmp74aen6xk/torpedoquery/src/test/java/org/torpedoquery/jpa/TorpedoTest.java: /tmp/tmp74aen6xk/torpedoquery/src/test/java/org/torpedoquery/jpa/TorpedoTest.java uses or overrides a deprecated API.
[WARNING] /tmp/tmp74aen6xk/torpedoquery/src/test/java/org/torpedoquery/jpa/TorpedoTest.java: Recompile with -Xlint:deprecation for details.
[WARNING] /tmp/tmp74aen6xk/torpedoquery/src/test/java/org/torpedoquery/jpa/GroupByTest.java: /tmp/tmp74aen6xk/torpedoquery/src/test/java/org/torpedoquery/jpa/GroupByTest.java uses unchecked or unsafe operations.
[WARNING] /tmp/tmp74aen6xk/torpedoquery/src/test/java/org/torpedoquery/jpa/GroupByTest.java: Recompile with -Xlint:unchecked for details.
[INFO] 
[INFO] --- maven-surefire-plugin:2.19.1:test (default-test) @ org.torpedoquery ---
[INFO] Surefire report directory: /tmp/tmp74aen6xk/torpedoquery/target/surefire-reports

-------------------------------------------------------
 T E S T S
-------------------------------------------------------
Running org.torpedoquery.jpa.EntityNameTest
Tests run: 2, Failures: 0, Errors: 0, Skipped: 0, Time elapsed: 0.974 sec - in org.torpedoquery.jpa.EntityNameTest
Running org.torpedoquery.jpa.ValueOnGoingConditionTest
Tests run: 9, Failures: 0, Errors: 0, Skipped: 0, Time elapsed: 0.076 sec - in org.torpedoquery.jpa.ValueOnGoingConditionTest
Running org.torpedoquery.jpa.TorpedoTest
Tests run: 36, Failures: 0, Errors: 0, Skipped: 0, Time elapsed: 1.63 sec - in org.torpedoquery.jpa.TorpedoTest
Running org.torpedoquery.jpa.GroupByTest
Tests run: 8, Failures: 0, Errors: 0, Skipped: 0, Time elapsed: 0.021 sec - in org.torpedoquery.jpa.GroupByTest
Running org.torpedoquery.jpa.OrderByTest
Tests run: 8, Failures: 0, Errors: 0, Skipped: 0, Time elapsed: 0.01 sec - in org.torpedoquery.jpa.OrderByTest
Running org.torpedoquery.jpa.EmptyConditionTest
Tests run: 3, Failures: 0, Errors: 0, Skipped: 0, Time elapsed: 0.012 sec - in org.torpedoquery.jpa.EmptyConditionTest
Running org.torpedoquery.jpa.DynamicIntantiationTest
Tests run: 1, Failures: 0, Errors: 0, Skipped: 0, Time elapsed: 0.015 sec - in org.torpedoquery.jpa.DynamicIntantiationTest
Running org.torpedoquery.jpa.WhereClauseTest
Tests run: 45, Failures: 0, Errors: 0, Skipped: 0, Time elapsed: 0.041 sec - in org.torpedoquery.jpa.WhereClauseTest
Running org.torpedoquery.jpa.LeftJoinTest
Tests run: 2, Failures: 0, Errors: 0, Skipped: 0, Time elapsed: 0.01 sec - in org.torpedoquery.jpa.LeftJoinTest
Running org.torpedoquery.jpa.RightJoinTest
Tests run: 2, Failures: 0, Errors: 0, Skipped: 0, Time elapsed: 0 sec - in org.torpedoquery.jpa.RightJoinTest
Running org.torpedoquery.jpa.JPAFunctionTest
Tests run: 23, Failures: 0, Errors: 0, Skipped: 0, Time elapsed: 0.01 sec - in org.torpedoquery.jpa.JPAFunctionTest
Running org.torpedoquery.jpa.StringFunctionsTest
Tests run: 9, Failures: 0, Errors: 0, Skipped: 0, Time elapsed: 0.006 sec - in org.torpedoquery.jpa.StringFunctionsTest
Running org.torpedoquery.jpa.internal.utils.ProxyFactoryFactoryTest
Tests run: 3, Failures: 0, Errors: 0, Skipped: 0, Time elapsed: 0.001 sec - in org.torpedoquery.jpa.internal.utils.ProxyFactoryFactoryTest
Running org.torpedoquery.jpa.InnerJoinTest
Tests run: 3, Failures: 0, Errors: 0, Skipped: 0, Time elapsed: 0.004 sec - in org.torpedoquery.jpa.InnerJoinTest
Running org.torpedoquery.jpa.PolymorphicTest
Tests run: 1, Failures: 0, Errors: 0, Skipped: 0, Time elapsed: 0.001 sec - in org.torpedoquery.jpa.PolymorphicTest
Running org.torpedoquery.jpa.ArithmeticOperatorTest
Tests run: 6, Failures: 0, Errors: 0, Skipped: 0, Time elapsed: 0.008 sec - in org.torpedoquery.jpa.ArithmeticOperatorTest

Results :

Tests run: 161, Failures: 0, Errors: 0, Skipped: 0

[INFO] 
[INFO] --- jacoco-maven-plugin:0.8.5:report (report) @ org.torpedoquery ---
[INFO] Loading execution data file /tmp/tmp74aen6xk/torpedoquery/target/jacoco.exec
[INFO] Analyzed bundle 'TorpedoQuery' with 343 classes
[INFO] ------------------------------------------------------------------------
[INFO] BUILD SUCCESS
[INFO] ------------------------------------------------------------------------
[INFO] Total time:  24.060 s
[INFO] Finished at: 2020-07-30T22:13:09Z
[INFO] ------------------------------------------------------------------------
