[INFO] Error stacktraces are turned on.
[INFO] Scanning for projects...
[INFO] 
[INFO] --------------------< net.sharksystem:sharkfw-core >--------------------
[INFO] Building sharkfw-core 1.0-SNAPSHOT
[INFO] --------------------------------[ jar ]---------------------------------
[INFO] 
[INFO] --- jacoco-maven-plugin:0.8.5:prepare-agent (default) @ sharkfw-core ---
[INFO] argLine set to -javaagent:/home/jdbl/.m2/repository/org/jacoco/org.jacoco.agent/0.8.5/org.jacoco.agent-0.8.5-runtime.jar=destfile=/tmp/tmplpn9syvr/SharkFW/target/jacoco.exec
[INFO] 
[INFO] --- maven-resources-plugin:2.6:resources (default-resources) @ sharkfw-core ---
[WARNING] Using platform encoding (UTF-8 actually) to copy filtered resources, i.e. build is platform dependent!
[INFO] skip non existing resourceDirectory /tmp/tmplpn9syvr/SharkFW/src/main/resources
[INFO] 
[INFO] --- maven-compiler-plugin:3.3:compile (default-compile) @ sharkfw-core ---
[INFO] Changes detected - recompiling the module!
[WARNING] File encoding has not been set, using platform encoding UTF-8, i.e. build is platform dependent!
[INFO] Compiling 250 source files to /tmp/tmplpn9syvr/SharkFW/target/classes
[INFO] /tmp/tmplpn9syvr/SharkFW/src/main/java/net/sharkfw/knowledgeBase/AbstractSharkKB.java: Some input files use or override a deprecated API.
[INFO] /tmp/tmplpn9syvr/SharkFW/src/main/java/net/sharkfw/knowledgeBase/AbstractSharkKB.java: Recompile with -Xlint:deprecation for details.
[INFO] /tmp/tmplpn9syvr/SharkFW/src/main/java/net/sharkfw/knowledgeBase/PropertyHolderDelegate.java: Some input files use unchecked or unsafe operations.
[INFO] /tmp/tmplpn9syvr/SharkFW/src/main/java/net/sharkfw/knowledgeBase/PropertyHolderDelegate.java: Recompile with -Xlint:unchecked for details.
[INFO] 
[INFO] --- maven-resources-plugin:2.6:testResources (default-testResources) @ sharkfw-core ---
[WARNING] Using platform encoding (UTF-8 actually) to copy filtered resources, i.e. build is platform dependent!
[INFO] skip non existing resourceDirectory /tmp/tmplpn9syvr/SharkFW/src/test/resources
[INFO] 
[INFO] --- maven-compiler-plugin:3.3:testCompile (default-testCompile) @ sharkfw-core ---
[INFO] Changes detected - recompiling the module!
[WARNING] File encoding has not been set, using platform encoding UTF-8, i.e. build is platform dependent!
[INFO] Compiling 24 source files to /tmp/tmplpn9syvr/SharkFW/target/test-classes
[INFO] /tmp/tmplpn9syvr/SharkFW/src/test/java/net/sharkfw/asip/ASIPSharkKBImplTest.java: /tmp/tmplpn9syvr/SharkFW/src/test/java/net/sharkfw/asip/ASIPSharkKBImplTest.java uses or overrides a deprecated API.
[INFO] /tmp/tmplpn9syvr/SharkFW/src/test/java/net/sharkfw/asip/ASIPSharkKBImplTest.java: Recompile with -Xlint:deprecation for details.
[INFO] 
[INFO] --- maven-surefire-plugin:2.19.1:test (default-test) @ sharkfw-core ---
[INFO] Surefire report directory: /tmp/tmplpn9syvr/SharkFW/target/surefire-reports

-------------------------------------------------------
 T E S T S
-------------------------------------------------------
Running net.sharkfw.asip.engine.ASIPSessionTest
2020-07-30T18:45:55.221 [net.sharkfw.protocols.tcp.TCPServer] LOG: TCP Server is bound to port 7071
2020-07-30T18:45:55.233 [net.sharkfw.protocols.tcp.TCPServer] DEBUG: TCP Server accepts connection requests on: 7071
2020-07-30T18:45:55.236 [net.sharkfw.protocols.tcp.TCPConnection] DEBUG: Trying to connect to localhost:7071
2020-07-30T18:45:55.238 [net.sharkfw.protocols.tcp.TCPServer] DEBUG: Listensocket has: 0.0.0.0/0.0.0.0:7071
2020-07-30T18:45:55.239 [net.sharkfw.protocols.tcp.TCPStreamStub] DEBUG: Local address is: tcp://172.17.0.65:7071
2020-07-30T18:45:55.239 [net.sharkfw.protocols.tcp.TCPConnection] DEBUG: Creating TCPConnection w/ local address of:/127.0.0.1:48242
2020-07-30T18:45:55.239 [net.sharkfw.protocols.tcp.TCPConnection] DEBUG: Using existing socket: '127.0.0.1:0'
2020-07-30T18:45:55.239 [net.sharkfw.protocols.tcp.TCPServer] DEBUG: Calling handler for stream on: 7071
2020-07-30T18:45:55.241 [net.sharkfw.protocols.tcp.TCPServer] DEBUG: TCP Server accepts connection requests on: 7071
2020-07-30T18:45:55.241 [net.sharkfw.asip.engine.ASIPSession] DEBUG: Waiting for remotepeer for max. : 5000
2020-07-30T18:45:55.241 [net.sharkfw.asip.engine.ASIPSession] DEBUG: Waiting for remotepeer for max. : 5000
2020-07-30T18:45:55.259 [net.sharkfw.asip.engine.ASIPOutMessage] DEBUG: Sending an Expose with the complete Size of 20 Bytes
2020-07-30T18:45:56.920 [net.sharkfw.asip.TestKP] DEBUG: Port B says: Ping
2020-07-30T18:45:56.921 [net.sharkfw.asip.engine.ASIPOutMessage] DEBUG: Sending an Expose with the complete Size of 20 Bytes
2020-07-30T18:45:58.576 [net.sharkfw.asip.TestKP] DEBUG: Port A says: Pong
2020-07-30T18:45:58.576 [net.sharkfw.asip.engine.ASIPOutMessage] DEBUG: Sending an Expose with the complete Size of 20 Bytes
2020-07-30T18:45:58.581 [net.sharkfw.asip.TestKP] DEBUG: Port B says: Ping
2020-07-30T18:45:58.582 [net.sharkfw.asip.engine.ASIPOutMessage] DEBUG: Sending an Expose with the complete Size of 20 Bytes
2020-07-30T18:45:58.584 [net.sharkfw.asip.TestKP] DEBUG: Port A says: Pong
2020-07-30T18:45:58.584 [net.sharkfw.asip.engine.ASIPOutMessage] DEBUG: Sending an Expose with the complete Size of 20 Bytes
2020-07-30T18:45:58.589 [net.sharkfw.asip.TestKP] DEBUG: Port B says: Ping
2020-07-30T18:45:58.591 [net.sharkfw.asip.engine.ASIPOutMessage] DEBUG: Sending an Expose with the complete Size of 20 Bytes
2020-07-30T18:45:58.593 [net.sharkfw.asip.TestKP] DEBUG: Port A says: Pong
2020-07-30T18:45:58.594 [net.sharkfw.asip.engine.ASIPOutMessage] DEBUG: Sending an Expose with the complete Size of 20 Bytes
2020-07-30T18:45:58.595 [net.sharkfw.asip.TestKP] DEBUG: Port B says: Ping
2020-07-30T18:45:58.596 [net.sharkfw.asip.engine.ASIPOutMessage] DEBUG: Sending an Expose with the complete Size of 20 Bytes
2020-07-30T18:45:58.597 [net.sharkfw.asip.TestKP] DEBUG: Port A says: Pong
2020-07-30T18:45:58.597 [net.sharkfw.asip.engine.ASIPOutMessage] DEBUG: Sending an Expose with the complete Size of 20 Bytes
2020-07-30T18:45:58.599 [net.sharkfw.asip.TestKP] DEBUG: Port B says: Ping
2020-07-30T18:45:58.599 [net.sharkfw.asip.engine.ASIPOutMessage] DEBUG: Sending an Expose with the complete Size of 20 Bytes
2020-07-30T18:45:58.600 [net.sharkfw.asip.TestKP] DEBUG: Port A says: Pong
2020-07-30T18:45:58.601 [net.sharkfw.asip.engine.ASIPOutMessage] DEBUG: Sending an Expose with the complete Size of 20 Bytes
2020-07-30T18:45:58.602 [net.sharkfw.asip.engine.ASIPSession] DEBUG: Waiting for remotepeer for max. : 5000
2020-07-30T18:46:03.601 [net.sharkfw.protocols.tcp.TCPConnection] DEBUG: Closing TCP-Connection from: tcp://172.17.0.65:7071 to: 127.0.0.1
Tests run: 1, Failures: 0, Errors: 0, Skipped: 0, Time elapsed: 10.179 sec - in net.sharkfw.asip.engine.ASIPSessionTest
Running net.sharkfw.asip.ASIPStubTest
2020-07-30T18:46:05.264 [net.sharkfw.protocols.tcp.TCPServer] LOG: TCP Server is bound to port 7071
2020-07-30T18:46:05.265 [net.sharkfw.protocols.tcp.TCPServer] DEBUG: TCP Server accepts connection requests on: 7071
2020-07-30T18:46:07.265 [net.sharkfw.protocols.tcp.TCPConnection] DEBUG: Trying to connect to localhost:7071
2020-07-30T18:46:07.265 [net.sharkfw.protocols.tcp.TCPServer] DEBUG: Listensocket has: 0.0.0.0/0.0.0.0:7071
2020-07-30T18:46:07.265 [net.sharkfw.protocols.tcp.TCPConnection] DEBUG: Creating TCPConnection w/ local address of:/127.0.0.1:48368
2020-07-30T18:46:07.266 [net.sharkfw.protocols.tcp.TCPStreamStub] DEBUG: Local address is: tcp://172.17.0.65:7071
2020-07-30T18:46:07.266 [net.sharkfw.protocols.tcp.TCPConnection] DEBUG: Using existing socket: '127.0.0.1:0'
2020-07-30T18:46:07.267 [net.sharkfw.asip.engine.ASIPOutMessage] DEBUG: Sending an Expose with the complete Size of 20 Bytes
2020-07-30T18:46:07.266 [net.sharkfw.asip.engine.ASIPSession] DEBUG: Waiting for remotepeer for max. : 5000
2020-07-30T18:46:07.267 [net.sharkfw.protocols.tcp.TCPServer] DEBUG: Calling handler for stream on: 7071
2020-07-30T18:46:07.267 [net.sharkfw.protocols.tcp.TCPServer] DEBUG: TCP Server accepts connection requests on: 7071
2020-07-30T18:46:07.269 [net.sharkfw.asip.TestKP] DEBUG: Port B says: Ping
2020-07-30T18:46:07.269 [net.sharkfw.asip.engine.ASIPOutMessage] DEBUG: Sending an Expose with the complete Size of 20 Bytes
2020-07-30T18:46:08.934 [net.sharkfw.asip.TestKP] DEBUG: Port A says: Pong
2020-07-30T18:46:08.934 [net.sharkfw.asip.engine.ASIPOutMessage] DEBUG: Sending an Expose with the complete Size of 20 Bytes
2020-07-30T18:46:08.935 [net.sharkfw.asip.TestKP] DEBUG: Port B says: Ping
2020-07-30T18:46:08.935 [net.sharkfw.asip.engine.ASIPOutMessage] DEBUG: Sending an Expose with the complete Size of 20 Bytes
2020-07-30T18:46:08.936 [net.sharkfw.asip.TestKP] DEBUG: Port A says: Pong
2020-07-30T18:46:08.936 [net.sharkfw.asip.engine.ASIPOutMessage] DEBUG: Sending an Expose with the complete Size of 20 Bytes
2020-07-30T18:46:08.937 [net.sharkfw.asip.TestKP] DEBUG: Port B says: Ping
2020-07-30T18:46:08.937 [net.sharkfw.asip.engine.ASIPOutMessage] DEBUG: Sending an Expose with the complete Size of 20 Bytes
2020-07-30T18:46:08.938 [net.sharkfw.asip.TestKP] DEBUG: Port A says: Pong
2020-07-30T18:46:08.938 [net.sharkfw.asip.engine.ASIPOutMessage] DEBUG: Sending an Expose with the complete Size of 20 Bytes
2020-07-30T18:46:08.939 [net.sharkfw.asip.TestKP] DEBUG: Port B says: Ping
2020-07-30T18:46:08.939 [net.sharkfw.asip.engine.ASIPOutMessage] DEBUG: Sending an Expose with the complete Size of 20 Bytes
2020-07-30T18:46:08.940 [net.sharkfw.asip.TestKP] DEBUG: Port A says: Pong
2020-07-30T18:46:08.940 [net.sharkfw.asip.engine.ASIPOutMessage] DEBUG: Sending an Expose with the complete Size of 20 Bytes
2020-07-30T18:46:08.941 [net.sharkfw.asip.TestKP] DEBUG: Port B says: Ping
2020-07-30T18:46:08.941 [net.sharkfw.asip.engine.ASIPOutMessage] DEBUG: Sending an Expose with the complete Size of 20 Bytes
2020-07-30T18:46:08.942 [net.sharkfw.asip.TestKP] DEBUG: Port A says: Pong
2020-07-30T18:46:08.942 [net.sharkfw.asip.engine.ASIPOutMessage] DEBUG: Sending an Expose with the complete Size of 20 Bytes
2020-07-30T18:46:08.946 [net.sharkfw.asip.engine.ASIPSession] DEBUG: Waiting for remotepeer for max. : 5000
2020-07-30T18:46:13.944 [net.sharkfw.protocols.tcp.TCPConnection] DEBUG: Closing TCP-Connection from: tcp://172.17.0.65:7071 to: 127.0.0.1
Tests run: 2, Failures: 0, Errors: 0, Skipped: 1, Time elapsed: 11.995 sec - in net.sharkfw.asip.ASIPStubTest
Running net.sharkfw.asip.ASIPMessageSerializerTest
Tests run: 1, Failures: 0, Errors: 0, Skipped: 0, Time elapsed: 0.012 sec - in net.sharkfw.asip.ASIPMessageSerializerTest
Running net.sharkfw.asip.ASIPSharkKBImplTest
Tests run: 2, Failures: 0, Errors: 0, Skipped: 0, Time elapsed: 0.004 sec - in net.sharkfw.asip.ASIPSharkKBImplTest
Running net.sharkfw.asip.ASIPMessageTest
2020-07-30T18:46:17.290 [net.sharkfw.asip.engine.ASIPOutMessage] DEBUG: Sending a Raw with the complete Size of 31 Bytes
2020-07-30T18:46:17.304 [net.sharkfw.asip.engine.ASIPOutMessage] DEBUG: Sending an Expose with the complete Size of 20 Bytes
2020-07-30T18:46:17.305 [net.sharkfw.asip.engine.ASIPOutMessage] DEBUG: Sending a Raw with the complete Size of 31 Bytes
2020-07-30T18:46:17.306 [net.sharkfw.asip.engine.ASIPOutMessage] DEBUG: Sending an Expose with the complete Size of 20 Bytes
2020-07-30T18:46:17.313 [net.sharkfw.asip.engine.ASIPOutMessage] DEBUG: Sending an Insert with the complete Size of 40 Bytes
2020-07-30T18:46:17.315 [net.sharkfw.asip.engine.ASIPOutMessage] DEBUG: Sending a Raw with the complete Size of 31 Bytes
2020-07-30T18:46:17.317 [net.sharkfw.asip.engine.ASIPOutMessage] DEBUG: Sending an Insert with the complete Size of 31 Bytes
Tests run: 7, Failures: 0, Errors: 0, Skipped: 0, Time elapsed: 0.029 sec - in net.sharkfw.asip.ASIPMessageTest
Running net.sharkfw.knowledgeBase.sync.SyncKPTest
Tests run: 1, Failures: 0, Errors: 0, Skipped: 0, Time elapsed: 0.011 sec - in net.sharkfw.knowledgeBase.sync.SyncKPTest
Running net.sharkfw.knowledgeBase.sync.SyncManagerTest
2020-07-30T18:46:17.342 [net.sharkfw.knowledgeBase.sync.manager.port.SyncInviteKP] WARNING: bob received an Invite from alice
2020-07-30T18:46:17.343 [net.sharkfw.knowledgeBase.sync.manager.port.SyncInviteKP] WARNING: Do we already know the component? false
2020-07-30T18:46:17.344 [net.sharkfw.knowledgeBase.sync.manager.port.SyncInviteKP] WARNING: bob sent an Accept to alice
2020-07-30T18:46:19.008 [net.sharkfw.knowledgeBase.sync.manager.port.SyncAcceptKP] WARNING: alice received an Accept from bob
2020-07-30T18:46:19.009 [net.sharkfw.knowledgeBase.sync.manager.port.SyncAcceptKP] WARNING: Found component!
2020-07-30T18:46:19.012 [net.sharkfw.knowledgeBase.sync.manager.SyncManager$2] WARNING: alice sent changes!
2020-07-30T18:46:24.017 [net.sharkfw.knowledgeBase.sync.manager.port.SyncMergeKP] WARNING: bob received a Merge from alice
MEEEEERGE
2020-07-30T18:46:24.018 [net.sharkfw.knowledgeBase.sync.manager.port.SyncMergeKP] WARNING: bob merged the changes!
2020-07-30T18:46:25.695 [net.sharkfw.knowledgeBase.sync.manager.port.SyncInviteKP] WARNING: bob received an Invite from alice
2020-07-30T18:46:25.696 [net.sharkfw.knowledgeBase.sync.manager.port.SyncInviteKP] WARNING: Do we already know the component? false
2020-07-30T18:46:25.696 [net.sharkfw.knowledgeBase.sync.manager.port.SyncInviteKP] WARNING: bob sent an Accept to alice
2020-07-30T18:46:27.361 [net.sharkfw.knowledgeBase.sync.manager.port.SyncAcceptKP] WARNING: alice received an Accept from bob
2020-07-30T18:46:27.361 [net.sharkfw.knowledgeBase.sync.manager.port.SyncAcceptKP] WARNING: Found component!
2020-07-30T18:46:27.362 [net.sharkfw.knowledgeBase.sync.manager.SyncManager$2] WARNING: alice sent changes!
2020-07-30T18:46:32.362 [net.sharkfw.knowledgeBase.sync.manager.port.SyncMergeKP] WARNING: bob received a Merge from alice
MEEEEERGE
2020-07-30T18:46:32.363 [net.sharkfw.knowledgeBase.sync.manager.port.SyncMergeKP] WARNING: bob merged the changes!
2020-07-30T18:46:37.366 [net.sharkfw.knowledgeBase.sync.manager.port.SyncMergeKP] WARNING: alice received a Merge from bob
MEEEEERGE
2020-07-30T18:46:37.367 [net.sharkfw.knowledgeBase.sync.manager.port.SyncMergeKP] WARNING: alice merged the changes!
Tests run: 3, Failures: 0, Errors: 0, Skipped: 0, Time elapsed: 20.038 sec - in net.sharkfw.knowledgeBase.sync.SyncManagerTest
Running net.sharkfw.knowledgeBase.sync.SyncMailTest
Tests run: 1, Failures: 0, Errors: 0, Skipped: 1, Time elapsed: 0 sec - in net.sharkfw.knowledgeBase.sync.SyncMailTest
Running net.sharkfw.knowledgeBase.sync.manager.SyncMergeInfoSerializerTest
Tests run: 3, Failures: 0, Errors: 0, Skipped: 0, Time elapsed: 0 sec - in net.sharkfw.knowledgeBase.sync.manager.SyncMergeInfoSerializerTest
Running net.sharkfw.knowledgeBase.sync.BasicSyncTest
MEEEEERGE
Tests run: 1, Failures: 0, Errors: 0, Skipped: 0, Time elapsed: 0.021 sec - in net.sharkfw.knowledgeBase.sync.BasicSyncTest
Running net.sharkfw.knowledgeBase.persistent.sql.SqlSemanticTagTest
Tests run: 1, Failures: 0, Errors: 0, Skipped: 1, Time elapsed: 0 sec - in net.sharkfw.knowledgeBase.persistent.sql.SqlSemanticTagTest
Running net.sharkfw.knowledgeBase.persistent.sql.SqlAsipInformationTest
2020-07-30T18:46:37.400 [net.sharkfw.knowledgeBase.persistent.sql.SqlAsipInformationTest] DEBUG: Using database: info5.db
Opened database successfully
Built database successfully
2020-07-30T18:46:39.725 [net.sharkfw.knowledgeBase.persistent.sql.SqlAsipInformationTest] DEBUG: Using database: info7.db
Opened database successfully
Built database successfully
2020-07-30T18:46:42.225 [net.sharkfw.knowledgeBase.persistent.sql.SqlAsipInformationTest] DEBUG: Using database: info8.db
Opened database successfully
2020-07-30T18:46:42.366 [net.sharkfw.protocols.tcp.TCPConnection] DEBUG: Closing TCP-Connection from: tcp://172.17.0.65:7070 to: 127.0.0.1
Built database successfully
2020-07-30T18:46:45.296 [net.sharkfw.knowledgeBase.persistent.sql.SqlAsipInformationTest] DEBUG: Using database: info11.db
Opened database successfully
Built database successfully
2020-07-30T18:46:47.717 [net.sharkfw.knowledgeBase.persistent.sql.SqlAsipInformationTest] DEBUG: 2
2020-07-30T18:46:47.718 [net.sharkfw.knowledgeBase.persistent.sql.SqlAsipInformationTest] DEBUG: Using database: info9.db
Opened database successfully
Built database successfully
2020-07-30T18:46:49.372 [net.sharkfw.knowledgeBase.persistent.sql.SqlAsipInformationTest] DEBUG: Using database: info6.db
Opened database successfully
Built database successfully
2020-07-30T18:46:52.298 [net.sharkfw.knowledgeBase.persistent.sql.SqlAsipInformationTest] DEBUG: All infos: 3
2020-07-30T18:46:52.299 [net.sharkfw.knowledgeBase.persistent.sql.SqlAsipInformationTest] DEBUG: Using database: info4.db
Opened database successfully
Built database successfully
2020-07-30T18:46:54.060 [net.sharkfw.knowledgeBase.persistent.sql.SqlAsipInformationTest] DEBUG: Using database: info1.db
Opened database successfully
Built database successfully
2020-07-30T18:46:56.078 [net.sharkfw.knowledgeBase.persistent.sql.SqlAsipInformationTest] DEBUG: Using database: info3.db
Opened database successfully
Built database successfully
2020-07-30T18:46:57.238 [net.sharkfw.knowledgeBase.persistent.sql.SqlAsipInformationTest] DEBUG: Using database: info10.db
Opened database successfully
Built database successfully
2020-07-30T18:47:00.312 [net.sharkfw.knowledgeBase.persistent.sql.SqlAsipInformationTest] DEBUG: All infos: 4
2020-07-30T18:47:00.433 [net.sharkfw.knowledgeBase.persistent.sql.SqlAsipInformationTest] DEBUG: All infos2: 3
2020-07-30T18:47:00.438 [net.sharkfw.knowledgeBase.persistent.sql.SqlAsipInformationTest] DEBUG: Using database: info2.db
Opened database successfully
Built database successfully
Tests run: 11, Failures: 0, Errors: 0, Skipped: 0, Time elapsed: 23.761 sec - in net.sharkfw.knowledgeBase.persistent.sql.SqlAsipInformationTest
Running net.sharkfw.knowledgeBase.persistent.dump.DumpSharkKBTest
Tests run: 1, Failures: 0, Errors: 0, Skipped: 0, Time elapsed: 0.014 sec - in net.sharkfw.knowledgeBase.persistent.dump.DumpSharkKBTest
Running net.sharkfw.knowledgeBase.spatial.SpatialProbabilityImplTest
2020-07-30T18:47:01.710 [net.sharkfw.knowledgeBase.spatial.SpatialProbabilityImplTest] DEBUG: Probability Distance Test successful!
Tests run: 1, Failures: 0, Errors: 0, Skipped: 0, Time elapsed: 0.534 sec - in net.sharkfw.knowledgeBase.spatial.SpatialProbabilityImplTest
Running net.sharkfw.security.SharkPkiStorageTest
2020-07-30T18:47:01.910 [net.sharkfw.security.SharkPkiStorageTest] DEBUG: KeyGenerator initiated.
2020-07-30T18:47:02.424 [net.sharkfw.security.SharkPkiStorageTest] DEBUG: Keys generated
2020-07-30T18:47:02.427 [net.sharkfw.security.SharkPkiStorageTest] DEBUG: Keys added
Tests run: 1, Failures: 0, Errors: 0, Skipped: 0, Time elapsed: 0.79 sec - in net.sharkfw.security.SharkPkiStorageTest

Results :

Tests run: 37, Failures: 0, Errors: 0, Skipped: 3

[INFO] 
[INFO] --- jacoco-maven-plugin:0.8.5:report (report) @ sharkfw-core ---
[INFO] Loading execution data file /tmp/tmplpn9syvr/SharkFW/target/jacoco.exec
[INFO] Analyzed bundle 'sharkfw-core' with 297 classes
[INFO] ------------------------------------------------------------------------
[INFO] BUILD SUCCESS
[INFO] ------------------------------------------------------------------------
[INFO] Total time:  01:17 min
[INFO] Finished at: 2020-07-30T18:47:03Z
[INFO] ------------------------------------------------------------------------
