[INFO] Error stacktraces are turned on.
[INFO] Scanning for projects...
[INFO] 
[INFO] ---------< com.microsoft.kafkaavailability:kafkaavailability >----------
[INFO] Building kafkaavailability 1.0-SNAPSHOT
[INFO] --------------------------------[ jar ]---------------------------------
[WARNING] The POM for com.microsoft.kafkaavailability:kat-internal-metrics-reporters:jar:1.0-SNAPSHOT is missing, no dependency information available
[WARNING] Could not validate integrity of download from file:///tmp/tmpgt3v2vds/Availability-Monitor-for-Kafka/repo/com/microsoft/kafkaavailability/kat-internal-metrics-reporters/1.0-SNAPSHOT/kat-internal-metrics-reporters-1.0-SNAPSHOT.jar: Checksum validation failed, no checksums available
[INFO] 
[INFO] --- jacoco-maven-plugin:0.8.5:prepare-agent (default) @ kafkaavailability ---
[INFO] argLine set to -javaagent:/home/jdbl/.m2/repository/org/jacoco/org.jacoco.agent/0.8.5/org.jacoco.agent-0.8.5-runtime.jar=destfile=/tmp/tmpgt3v2vds/Availability-Monitor-for-Kafka/target/jacoco.exec
[INFO] 
[INFO] --- maven-resources-plugin:2.6:resources (default-resources) @ kafkaavailability ---
[INFO] Using 'UTF-8' encoding to copy filtered resources.
[INFO] Copying 7 resources
[INFO] 
[INFO] --- maven-compiler-plugin:3.6.1:compile (default-compile) @ kafkaavailability ---
[INFO] Changes detected - recompiling the module!
[INFO] Compiling 50 source files to /tmp/tmpgt3v2vds/Availability-Monitor-for-Kafka/target/classes
[INFO] /tmp/tmpgt3v2vds/Availability-Monitor-for-Kafka/src/main/java/com/microsoft/kafkaavailability/discovery/CuratorClient.java: Some input files use or override a deprecated API.
[INFO] /tmp/tmpgt3v2vds/Availability-Monitor-for-Kafka/src/main/java/com/microsoft/kafkaavailability/discovery/CuratorClient.java: Recompile with -Xlint:deprecation for details.
[INFO] /tmp/tmpgt3v2vds/Availability-Monitor-for-Kafka/src/main/java/com/microsoft/kafkaavailability/threads/AvailabilityThread.java: Some input files use unchecked or unsafe operations.
[INFO] /tmp/tmpgt3v2vds/Availability-Monitor-for-Kafka/src/main/java/com/microsoft/kafkaavailability/threads/AvailabilityThread.java: Recompile with -Xlint:unchecked for details.
[INFO] 
[INFO] --- maven-resources-plugin:2.6:testResources (default-testResources) @ kafkaavailability ---
[INFO] Using 'UTF-8' encoding to copy filtered resources.
[INFO] Copying 1 resource
[INFO] 
[INFO] --- maven-compiler-plugin:3.6.1:testCompile (default-testCompile) @ kafkaavailability ---
[INFO] Changes detected - recompiling the module!
[INFO] Compiling 5 source files to /tmp/tmpgt3v2vds/Availability-Monitor-for-Kafka/target/test-classes
[INFO] 
[INFO] --- maven-surefire-plugin:2.19.1:test (default-test) @ kafkaavailability ---
[INFO] Surefire report directory: /tmp/tmpgt3v2vds/Availability-Monitor-for-Kafka/target/surefire-reports

-------------------------------------------------------
 T E S T S
-------------------------------------------------------
Running com.microsoft.kafkaavailability.AppTest
SLF4J: Class path contains multiple SLF4J bindings.
SLF4J: Found binding in [file:/tmp/tmpgt3v2vds/Availability-Monitor-for-Kafka/target/classes/org/slf4j/impl/StaticLoggerBinder.class]
SLF4J: Found binding in [jar:file:/home/jdbl/.m2/repository/org/slf4j/slf4j-log4j12/1.7.13/slf4j-log4j12-1.7.13.jar!/org/slf4j/impl/StaticLoggerBinder.class]
SLF4J: See http://www.slf4j.org/codes.html#multiple_bindings for an explanation.
SLF4J: Actual binding is of type [org.slf4j.impl.SimpleLoggerFactory]
[main] INFO com.microsoft.kafkaavailability.PropertiesManager - Inside merge from prop
Tests run: 2, Failures: 0, Errors: 0, Skipped: 0, Time elapsed: 1.554 sec - in com.microsoft.kafkaavailability.AppTest
Running com.microsoft.kafkaavailability.threads.ServiceSpecProviderTest
Tests run: 1, Failures: 0, Errors: 0, Skipped: 0, Time elapsed: 0.04 sec - in com.microsoft.kafkaavailability.threads.ServiceSpecProviderTest
Running com.microsoft.kafkaavailability.threads.HeartBeatTest
[main] INFO com.microsoft.kafkaavailability.threads.HeartBeat - Starting heartbeat for 7e64eca1cef8 to run every 90 seconds with a zero-second delay time
[main] INFO com.microsoft.kafkaavailability.threads.HeartBeat - Stopping heartbeat for 7e64eca1cef8
[main] INFO com.microsoft.kafkaavailability.threads.HeartBeat - Starting heartbeat for 7e64eca1cef8 to run every 30 seconds with a zero-second delay time
Tests run: 3, Failures: 0, Errors: 0, Skipped: 0, Time elapsed: 0.413 sec - in com.microsoft.kafkaavailability.threads.HeartBeatTest
Running com.microsoft.kafkaavailability.metrics.MetricNameEncodedFactoryTest
Tests run: 4, Failures: 0, Errors: 0, Skipped: 0, Time elapsed: 0.049 sec - in com.microsoft.kafkaavailability.metrics.MetricNameEncodedFactoryTest

Results :

Tests run: 10, Failures: 0, Errors: 0, Skipped: 0

[INFO] 
[INFO] --- jacoco-maven-plugin:0.8.5:report (report) @ kafkaavailability ---
[INFO] Loading execution data file /tmp/tmpgt3v2vds/Availability-Monitor-for-Kafka/target/jacoco.exec
[INFO] Analyzed bundle 'kafkaavailability' with 2553 classes
[INFO] ------------------------------------------------------------------------
[INFO] BUILD SUCCESS
[INFO] ------------------------------------------------------------------------
[INFO] Total time:  26.774 s
[INFO] Finished at: 2020-07-30T22:16:01Z
[INFO] ------------------------------------------------------------------------
