[INFO] Error stacktraces are turned on.
[INFO] Scanning for projects...
[WARNING] 
[WARNING] Some problems were encountered while building the effective model for org.edgexfoundry:support-rulesengine:jar:1.1.0
[WARNING] 'build.plugins.plugin.(groupId:artifactId)' must be unique but found duplicate declaration of plugin org.apache.maven.plugins:maven-surefire-plugin @ line 247, column 15
[WARNING] The expression ${version} is deprecated. Please use ${project.version} instead.
[WARNING] 
[WARNING] It is highly recommended to fix these problems because they threaten the stability of your build.
[WARNING] 
[WARNING] For this reason, future Maven versions might no longer support building such malformed projects.
[WARNING] 
[INFO] 
[INFO] ----------------< org.edgexfoundry:support-rulesengine >----------------
[INFO] Building EdgeX Foundry Rules Engine Micro Service 1.1.0
[INFO] --------------------------------[ jar ]---------------------------------
[INFO] 
[INFO] --- maven-checkstyle-plugin:2.17:check (validate) @ support-rulesengine ---
[INFO] Starting audit...
/tmp/tmpz6ynaudp/support-rulesengine/src/main/java/org/edgexfoundry/engine/RuleCreator.java:3: warning: Empty line should be followed by <p> tag on the next line.
/tmp/tmpz6ynaudp/support-rulesengine/src/main/java/org/edgexfoundry/engine/RuleCreator.java:6: warning: Empty line should be followed by <p> tag on the next line.
/tmp/tmpz6ynaudp/support-rulesengine/src/main/java/org/edgexfoundry/engine/RuleCreator.java:8: warning: Empty line should be followed by <p> tag on the next line.
/tmp/tmpz6ynaudp/support-rulesengine/src/main/java/org/edgexfoundry/engine/RuleCreator.java:17: warning: Line continuation have incorrect indentation level, expected level should be 4.
/tmp/tmpz6ynaudp/support-rulesengine/src/main/java/org/edgexfoundry/engine/RuleCreator.java:30: warning: Import statement for 'org.edgexfoundry.rule.domain.Rule' is in the wrong order. Should be in the 'THIRD_PARTY_PACKAGE' group, expecting not assigned imports on this line.
/tmp/tmpz6ynaudp/support-rulesengine/src/main/java/org/edgexfoundry/engine/RuleCreator.java:31: warning: Import statement for 'org.springframework.beans.factory.annotation.Value' is in the wrong order. Should be in the 'THIRD_PARTY_PACKAGE' group, expecting not assigned imports on this line.
/tmp/tmpz6ynaudp/support-rulesengine/src/main/java/org/edgexfoundry/engine/RuleCreator.java:32: warning: Import statement for 'org.springframework.stereotype.Component' is in the wrong order. Should be in the 'THIRD_PARTY_PACKAGE' group, expecting not assigned imports on this line.
/tmp/tmpz6ynaudp/support-rulesengine/src/main/java/org/edgexfoundry/engine/RuleCreator.java:34: warning: Import statement for 'freemarker.template.Configuration' is in the wrong order. Should be in the 'THIRD_PARTY_PACKAGE' group, expecting not assigned imports on this line.
/tmp/tmpz6ynaudp/support-rulesengine/src/main/java/org/edgexfoundry/engine/RuleCreator.java:35: warning: Import statement for 'freemarker.template.Template' is in the wrong order. Should be in the 'THIRD_PARTY_PACKAGE' group, expecting not assigned imports on this line.
/tmp/tmpz6ynaudp/support-rulesengine/src/main/java/org/edgexfoundry/engine/RuleCreator.java:36: warning: Import statement for 'freemarker.template.TemplateException' is in the wrong order. Should be in the 'THIRD_PARTY_PACKAGE' group, expecting not assigned imports on this line.
/tmp/tmpz6ynaudp/support-rulesengine/src/main/java/org/edgexfoundry/engine/RuleCreator.java:37: warning: Import statement for 'freemarker.template.TemplateExceptionHandler' is in the wrong order. Should be in the 'THIRD_PARTY_PACKAGE' group, expecting not assigned imports on this line.
/tmp/tmpz6ynaudp/support-rulesengine/src/main/java/org/edgexfoundry/engine/RuleCreator.java:56:3: warning: Missing a Javadoc comment.
/tmp/tmpz6ynaudp/support-rulesengine/src/main/java/org/edgexfoundry/engine/RuleCreator.java:81:3: warning: Missing a Javadoc comment.
/tmp/tmpz6ynaudp/support-rulesengine/src/main/java/org/edgexfoundry/engine/RuleEngine.java:3: warning: Empty line should be followed by <p> tag on the next line.
/tmp/tmpz6ynaudp/support-rulesengine/src/main/java/org/edgexfoundry/engine/RuleEngine.java:6: warning: Empty line should be followed by <p> tag on the next line.
/tmp/tmpz6ynaudp/support-rulesengine/src/main/java/org/edgexfoundry/engine/RuleEngine.java:8: warning: Empty line should be followed by <p> tag on the next line.
/tmp/tmpz6ynaudp/support-rulesengine/src/main/java/org/edgexfoundry/engine/RuleEngine.java:17: warning: Line continuation have incorrect indentation level, expected level should be 4.
/tmp/tmpz6ynaudp/support-rulesengine/src/main/java/org/edgexfoundry/engine/RuleEngine.java:31: warning: Import statement for 'org.edgexfoundry.domain.core.Event' is in the wrong order. Should be in the 'THIRD_PARTY_PACKAGE' group, expecting not assigned imports on this line.
/tmp/tmpz6ynaudp/support-rulesengine/src/main/java/org/edgexfoundry/engine/RuleEngine.java:32: warning: Import statement for 'org.edgexfoundry.exception.controller.ServiceException' is in the wrong order. Should be in the 'THIRD_PARTY_PACKAGE' group, expecting not assigned imports on this line.
/tmp/tmpz6ynaudp/support-rulesengine/src/main/java/org/edgexfoundry/engine/RuleEngine.java:33: warning: Import statement for 'org.kie.api.KieBase' is in the wrong order. Should be in the 'THIRD_PARTY_PACKAGE' group, expecting not assigned imports on this line.
/tmp/tmpz6ynaudp/support-rulesengine/src/main/java/org/edgexfoundry/engine/RuleEngine.java:34: warning: Import statement for 'org.kie.api.KieBaseConfiguration' is in the wrong order. Should be in the 'THIRD_PARTY_PACKAGE' group, expecting not assigned imports on this line.
/tmp/tmpz6ynaudp/support-rulesengine/src/main/java/org/edgexfoundry/engine/RuleEngine.java:35: warning: Import statement for 'org.kie.api.KieServices' is in the wrong order. Should be in the 'THIRD_PARTY_PACKAGE' group, expecting not assigned imports on this line.
/tmp/tmpz6ynaudp/support-rulesengine/src/main/java/org/edgexfoundry/engine/RuleEngine.java:36: warning: Import statement for 'org.kie.api.builder.KieBuilder' is in the wrong order. Should be in the 'THIRD_PARTY_PACKAGE' group, expecting not assigned imports on this line.
/tmp/tmpz6ynaudp/support-rulesengine/src/main/java/org/edgexfoundry/engine/RuleEngine.java:37: warning: Import statement for 'org.kie.api.builder.KieFileSystem' is in the wrong order. Should be in the 'THIRD_PARTY_PACKAGE' group, expecting not assigned imports on this line.
/tmp/tmpz6ynaudp/support-rulesengine/src/main/java/org/edgexfoundry/engine/RuleEngine.java:38: warning: Import statement for 'org.kie.api.builder.Message.Level' is in the wrong order. Should be in the 'THIRD_PARTY_PACKAGE' group, expecting not assigned imports on this line.
/tmp/tmpz6ynaudp/support-rulesengine/src/main/java/org/edgexfoundry/engine/RuleEngine.java:39: warning: Import statement for 'org.kie.api.definition.KiePackage' is in the wrong order. Should be in the 'THIRD_PARTY_PACKAGE' group, expecting not assigned imports on this line.
/tmp/tmpz6ynaudp/support-rulesengine/src/main/java/org/edgexfoundry/engine/RuleEngine.java:40: warning: Import statement for 'org.kie.api.definition.rule.Rule' is in the wrong order. Should be in the 'THIRD_PARTY_PACKAGE' group, expecting not assigned imports on this line.
/tmp/tmpz6ynaudp/support-rulesengine/src/main/java/org/edgexfoundry/engine/RuleEngine.java:41: warning: Import statement for 'org.kie.api.runtime.KieContainer' is in the wrong order. Should be in the 'THIRD_PARTY_PACKAGE' group, expecting not assigned imports on this line.
/tmp/tmpz6ynaudp/support-rulesengine/src/main/java/org/edgexfoundry/engine/RuleEngine.java:42: warning: Import statement for 'org.kie.api.runtime.KieSession' is in the wrong order. Should be in the 'THIRD_PARTY_PACKAGE' group, expecting not assigned imports on this line.
/tmp/tmpz6ynaudp/support-rulesengine/src/main/java/org/edgexfoundry/engine/RuleEngine.java:43: warning: Import statement for 'org.kie.internal.conf.ConstraintJittingThresholdOption' is in the wrong order. Should be in the 'THIRD_PARTY_PACKAGE' group, expecting not assigned imports on this line.
/tmp/tmpz6ynaudp/support-rulesengine/src/main/java/org/edgexfoundry/engine/RuleEngine.java:44: warning: Import statement for 'org.kie.internal.io.ResourceFactory' is in the wrong order. Should be in the 'THIRD_PARTY_PACKAGE' group, expecting not assigned imports on this line.
/tmp/tmpz6ynaudp/support-rulesengine/src/main/java/org/edgexfoundry/engine/RuleEngine.java:45: warning: Import statement for 'org.springframework.beans.factory.annotation.Autowired' is in the wrong order. Should be in the 'THIRD_PARTY_PACKAGE' group, expecting not assigned imports on this line.
/tmp/tmpz6ynaudp/support-rulesengine/src/main/java/org/edgexfoundry/engine/RuleEngine.java:46: warning: Import statement for 'org.springframework.beans.factory.annotation.Value' is in the wrong order. Should be in the 'THIRD_PARTY_PACKAGE' group, expecting not assigned imports on this line.
/tmp/tmpz6ynaudp/support-rulesengine/src/main/java/org/edgexfoundry/engine/RuleEngine.java:47: warning: Import statement for 'org.springframework.stereotype.Component' is in the wrong order. Should be in the 'THIRD_PARTY_PACKAGE' group, expecting not assigned imports on this line.
/tmp/tmpz6ynaudp/support-rulesengine/src/main/java/org/edgexfoundry/engine/RuleEngine.java:76:3: warning: Missing a Javadoc comment.
/tmp/tmpz6ynaudp/support-rulesengine/src/main/java/org/edgexfoundry/engine/RuleEngine.java:89: warning: 'else' construct must use '{}'s.
/tmp/tmpz6ynaudp/support-rulesengine/src/main/java/org/edgexfoundry/engine/RuleEngine.java:100:3: warning: Missing a Javadoc comment.
/tmp/tmpz6ynaudp/support-rulesengine/src/main/java/org/edgexfoundry/engine/RuleEngine.java:108:3: warning: Missing a Javadoc comment.
/tmp/tmpz6ynaudp/support-rulesengine/src/main/java/org/edgexfoundry/engine/RuleEngine.java:110: warning: 'if' construct must use '{}'s.
/tmp/tmpz6ynaudp/support-rulesengine/src/main/java/org/edgexfoundry/engine/RuleEngine.java:120:3: warning: Missing a Javadoc comment.
/tmp/tmpz6ynaudp/support-rulesengine/src/main/java/org/edgexfoundry/engine/RuleEngine.java:158: warning: 'if' construct must use '{}'s.
/tmp/tmpz6ynaudp/support-rulesengine/src/main/java/org/edgexfoundry/engine/RuleEngine.java:182:12: warning: Local variable name 'fList' must match pattern '^[a-z][a-z0-9][a-zA-Z0-9]*$'.
/tmp/tmpz6ynaudp/support-rulesengine/src/main/java/org/edgexfoundry/engine/CommandExecutor.java:3: warning: Empty line should be followed by <p> tag on the next line.
/tmp/tmpz6ynaudp/support-rulesengine/src/main/java/org/edgexfoundry/engine/CommandExecutor.java:6: warning: Empty line should be followed by <p> tag on the next line.
/tmp/tmpz6ynaudp/support-rulesengine/src/main/java/org/edgexfoundry/engine/CommandExecutor.java:8: warning: Empty line should be followed by <p> tag on the next line.
/tmp/tmpz6ynaudp/support-rulesengine/src/main/java/org/edgexfoundry/engine/CommandExecutor.java:17: warning: Line continuation have incorrect indentation level, expected level should be 4.
/tmp/tmpz6ynaudp/support-rulesengine/src/main/java/org/edgexfoundry/engine/CommandExecutor.java:36:3: warning: Missing a Javadoc comment.
/tmp/tmpz6ynaudp/support-rulesengine/src/main/java/org/edgexfoundry/engine/CommandExecutor.java:50: warning: 'if' construct must use '{}'s.
/tmp/tmpz6ynaudp/support-rulesengine/src/main/java/org/edgexfoundry/engine/CommandExecutor.java:52: warning: 'else' construct must use '{}'s.
/tmp/tmpz6ynaudp/support-rulesengine/src/main/java/org/edgexfoundry/controller/impl/LocalErrorController.java:3: warning: Empty line should be followed by <p> tag on the next line.
/tmp/tmpz6ynaudp/support-rulesengine/src/main/java/org/edgexfoundry/controller/impl/LocalErrorController.java:6: warning: Empty line should be followed by <p> tag on the next line.
/tmp/tmpz6ynaudp/support-rulesengine/src/main/java/org/edgexfoundry/controller/impl/LocalErrorController.java:8: warning: Empty line should be followed by <p> tag on the next line.
/tmp/tmpz6ynaudp/support-rulesengine/src/main/java/org/edgexfoundry/controller/impl/LocalErrorController.java:17: warning: Line continuation have incorrect indentation level, expected level should be 4.
/tmp/tmpz6ynaudp/support-rulesengine/src/main/java/org/edgexfoundry/controller/impl/LocalErrorController.java:26: warning: Import statement for 'org.springframework.beans.factory.annotation.Autowired' is in the wrong order. Should be in the 'THIRD_PARTY_PACKAGE' group, expecting not assigned imports on this line.
/tmp/tmpz6ynaudp/support-rulesengine/src/main/java/org/edgexfoundry/controller/impl/LocalErrorController.java:27: warning: Import statement for 'org.springframework.beans.factory.annotation.Value' is in the wrong order. Should be in the 'THIRD_PARTY_PACKAGE' group, expecting not assigned imports on this line.
/tmp/tmpz6ynaudp/support-rulesengine/src/main/java/org/edgexfoundry/controller/impl/LocalErrorController.java:28: warning: Import statement for 'org.springframework.boot.autoconfigure.web.ErrorAttributes' is in the wrong order. Should be in the 'THIRD_PARTY_PACKAGE' group, expecting not assigned imports on this line.
/tmp/tmpz6ynaudp/support-rulesengine/src/main/java/org/edgexfoundry/controller/impl/LocalErrorController.java:29: warning: Import statement for 'org.springframework.boot.autoconfigure.web.ErrorController' is in the wrong order. Should be in the 'THIRD_PARTY_PACKAGE' group, expecting not assigned imports on this line.
/tmp/tmpz6ynaudp/support-rulesengine/src/main/java/org/edgexfoundry/controller/impl/LocalErrorController.java:30: warning: Import statement for 'org.springframework.web.bind.annotation.RequestMapping' is in the wrong order. Should be in the 'THIRD_PARTY_PACKAGE' group, expecting not assigned imports on this line.
/tmp/tmpz6ynaudp/support-rulesengine/src/main/java/org/edgexfoundry/controller/impl/LocalErrorController.java:31: warning: Import statement for 'org.springframework.web.bind.annotation.RestController' is in the wrong order. Should be in the 'THIRD_PARTY_PACKAGE' group, expecting not assigned imports on this line.
/tmp/tmpz6ynaudp/support-rulesengine/src/main/java/org/edgexfoundry/controller/impl/LocalErrorController.java:32: warning: Import statement for 'org.springframework.web.context.request.RequestAttributes' is in the wrong order. Should be in the 'THIRD_PARTY_PACKAGE' group, expecting not assigned imports on this line.
/tmp/tmpz6ynaudp/support-rulesengine/src/main/java/org/edgexfoundry/controller/impl/LocalErrorController.java:33: warning: Import statement for 'org.springframework.web.context.request.ServletRequestAttributes' is in the wrong order. Should be in the 'THIRD_PARTY_PACKAGE' group, expecting not assigned imports on this line.
/tmp/tmpz6ynaudp/support-rulesengine/src/main/java/org/edgexfoundry/controller/impl/PingControllerImpl.java:3: warning: Empty line should be followed by <p> tag on the next line.
/tmp/tmpz6ynaudp/support-rulesengine/src/main/java/org/edgexfoundry/controller/impl/PingControllerImpl.java:6: warning: Empty line should be followed by <p> tag on the next line.
/tmp/tmpz6ynaudp/support-rulesengine/src/main/java/org/edgexfoundry/controller/impl/PingControllerImpl.java:8: warning: Empty line should be followed by <p> tag on the next line.
/tmp/tmpz6ynaudp/support-rulesengine/src/main/java/org/edgexfoundry/controller/impl/PingControllerImpl.java:17: warning: Line continuation have incorrect indentation level, expected level should be 4.
/tmp/tmpz6ynaudp/support-rulesengine/src/main/java/org/edgexfoundry/controller/impl/RuleEngineControllerImpl.java:3: warning: Empty line should be followed by <p> tag on the next line.
/tmp/tmpz6ynaudp/support-rulesengine/src/main/java/org/edgexfoundry/controller/impl/RuleEngineControllerImpl.java:6: warning: Empty line should be followed by <p> tag on the next line.
/tmp/tmpz6ynaudp/support-rulesengine/src/main/java/org/edgexfoundry/controller/impl/RuleEngineControllerImpl.java:8: warning: Empty line should be followed by <p> tag on the next line.
/tmp/tmpz6ynaudp/support-rulesengine/src/main/java/org/edgexfoundry/controller/impl/RuleEngineControllerImpl.java:17: warning: Line continuation have incorrect indentation level, expected level should be 4.
/tmp/tmpz6ynaudp/support-rulesengine/src/main/java/org/edgexfoundry/controller/impl/RuleEngineControllerImpl.java:23: warning: Import statement for 'org.edgexfoundry.controller.RuleEngineController' is in the wrong order. Should be in the 'THIRD_PARTY_PACKAGE' group, expecting not assigned imports on this line.
/tmp/tmpz6ynaudp/support-rulesengine/src/main/java/org/edgexfoundry/controller/impl/RuleEngineControllerImpl.java:24: warning: Import statement for 'org.edgexfoundry.engine.RuleCreator' is in the wrong order. Should be in the 'THIRD_PARTY_PACKAGE' group, expecting not assigned imports on this line.
/tmp/tmpz6ynaudp/support-rulesengine/src/main/java/org/edgexfoundry/controller/impl/RuleEngineControllerImpl.java:25: warning: Import statement for 'org.edgexfoundry.engine.RuleEngine' is in the wrong order. Should be in the 'THIRD_PARTY_PACKAGE' group, expecting not assigned imports on this line.
/tmp/tmpz6ynaudp/support-rulesengine/src/main/java/org/edgexfoundry/controller/impl/RuleEngineControllerImpl.java:26: warning: Import statement for 'org.edgexfoundry.exception.controller.ServiceException' is in the wrong order. Should be in the 'THIRD_PARTY_PACKAGE' group, expecting not assigned imports on this line.
/tmp/tmpz6ynaudp/support-rulesengine/src/main/java/org/edgexfoundry/controller/impl/RuleEngineControllerImpl.java:27: warning: Import statement for 'org.edgexfoundry.rule.domain.Rule' is in the wrong order. Should be in the 'THIRD_PARTY_PACKAGE' group, expecting not assigned imports on this line.
/tmp/tmpz6ynaudp/support-rulesengine/src/main/java/org/edgexfoundry/controller/impl/RuleEngineControllerImpl.java:28: warning: Import statement for 'org.springframework.beans.factory.annotation.Autowired' is in the wrong order. Should be in the 'THIRD_PARTY_PACKAGE' group, expecting not assigned imports on this line.
/tmp/tmpz6ynaudp/support-rulesengine/src/main/java/org/edgexfoundry/controller/impl/RuleEngineControllerImpl.java:29: warning: Import statement for 'org.springframework.web.bind.annotation.PathVariable' is in the wrong order. Should be in the 'THIRD_PARTY_PACKAGE' group, expecting not assigned imports on this line.
/tmp/tmpz6ynaudp/support-rulesengine/src/main/java/org/edgexfoundry/controller/impl/RuleEngineControllerImpl.java:30: warning: Import statement for 'org.springframework.web.bind.annotation.RequestBody' is in the wrong order. Should be in the 'THIRD_PARTY_PACKAGE' group, expecting not assigned imports on this line.
/tmp/tmpz6ynaudp/support-rulesengine/src/main/java/org/edgexfoundry/controller/impl/RuleEngineControllerImpl.java:31: warning: Import statement for 'org.springframework.web.bind.annotation.RequestMapping' is in the wrong order. Should be in the 'THIRD_PARTY_PACKAGE' group, expecting not assigned imports on this line.
/tmp/tmpz6ynaudp/support-rulesengine/src/main/java/org/edgexfoundry/controller/impl/RuleEngineControllerImpl.java:32: warning: Import statement for 'org.springframework.web.bind.annotation.RequestMethod' is in the wrong order. Should be in the 'THIRD_PARTY_PACKAGE' group, expecting not assigned imports on this line.
/tmp/tmpz6ynaudp/support-rulesengine/src/main/java/org/edgexfoundry/controller/impl/RuleEngineControllerImpl.java:33: warning: Import statement for 'org.springframework.web.bind.annotation.RestController' is in the wrong order. Should be in the 'THIRD_PARTY_PACKAGE' group, expecting not assigned imports on this line.
/tmp/tmpz6ynaudp/support-rulesengine/src/main/java/org/edgexfoundry/controller/PingController.java:3: warning: Empty line should be followed by <p> tag on the next line.
/tmp/tmpz6ynaudp/support-rulesengine/src/main/java/org/edgexfoundry/controller/PingController.java:6: warning: Empty line should be followed by <p> tag on the next line.
/tmp/tmpz6ynaudp/support-rulesengine/src/main/java/org/edgexfoundry/controller/PingController.java:8: warning: Empty line should be followed by <p> tag on the next line.
/tmp/tmpz6ynaudp/support-rulesengine/src/main/java/org/edgexfoundry/controller/PingController.java:17: warning: Line continuation have incorrect indentation level, expected level should be 4.
/tmp/tmpz6ynaudp/support-rulesengine/src/main/java/org/edgexfoundry/controller/RuleEngineController.java:3: warning: Empty line should be followed by <p> tag on the next line.
/tmp/tmpz6ynaudp/support-rulesengine/src/main/java/org/edgexfoundry/controller/RuleEngineController.java:6: warning: Empty line should be followed by <p> tag on the next line.
/tmp/tmpz6ynaudp/support-rulesengine/src/main/java/org/edgexfoundry/controller/RuleEngineController.java:8: warning: Empty line should be followed by <p> tag on the next line.
/tmp/tmpz6ynaudp/support-rulesengine/src/main/java/org/edgexfoundry/controller/RuleEngineController.java:17: warning: Line continuation have incorrect indentation level, expected level should be 4.
/tmp/tmpz6ynaudp/support-rulesengine/src/main/java/org/edgexfoundry/controller/RuleEngineController.java:23: warning: Import statement for 'org.edgexfoundry.rule.domain.Rule' is in the wrong order. Should be in the 'THIRD_PARTY_PACKAGE' group, expecting not assigned imports on this line.
/tmp/tmpz6ynaudp/support-rulesengine/src/main/java/org/edgexfoundry/controller/RuleEngineController.java:24: warning: Import statement for 'org.springframework.web.bind.annotation.PathVariable' is in the wrong order. Should be in the 'THIRD_PARTY_PACKAGE' group, expecting not assigned imports on this line.
/tmp/tmpz6ynaudp/support-rulesengine/src/main/java/org/edgexfoundry/controller/RuleEngineController.java:25: warning: Import statement for 'org.springframework.web.bind.annotation.RequestBody' is in the wrong order. Should be in the 'THIRD_PARTY_PACKAGE' group, expecting not assigned imports on this line.
/tmp/tmpz6ynaudp/support-rulesengine/src/main/java/org/edgexfoundry/HeartBeat.java:3: warning: Empty line should be followed by <p> tag on the next line.
/tmp/tmpz6ynaudp/support-rulesengine/src/main/java/org/edgexfoundry/HeartBeat.java:6: warning: Empty line should be followed by <p> tag on the next line.
/tmp/tmpz6ynaudp/support-rulesengine/src/main/java/org/edgexfoundry/HeartBeat.java:8: warning: Empty line should be followed by <p> tag on the next line.
/tmp/tmpz6ynaudp/support-rulesengine/src/main/java/org/edgexfoundry/HeartBeat.java:17: warning: Line continuation have incorrect indentation level, expected level should be 4.
/tmp/tmpz6ynaudp/support-rulesengine/src/main/java/org/edgexfoundry/messaging/ZeroMQEventSubscriber.java:3: warning: Empty line should be followed by <p> tag on the next line.
/tmp/tmpz6ynaudp/support-rulesengine/src/main/java/org/edgexfoundry/messaging/ZeroMQEventSubscriber.java:6: warning: Empty line should be followed by <p> tag on the next line.
/tmp/tmpz6ynaudp/support-rulesengine/src/main/java/org/edgexfoundry/messaging/ZeroMQEventSubscriber.java:8: warning: Empty line should be followed by <p> tag on the next line.
/tmp/tmpz6ynaudp/support-rulesengine/src/main/java/org/edgexfoundry/messaging/ZeroMQEventSubscriber.java:17: warning: Line continuation have incorrect indentation level, expected level should be 4.
/tmp/tmpz6ynaudp/support-rulesengine/src/main/java/org/edgexfoundry/messaging/ZeroMQEventSubscriber.java:23: warning: Import statement for 'org.edgexfoundry.domain.core.Event' is in the wrong order. Should be in the 'THIRD_PARTY_PACKAGE' group, expecting not assigned imports on this line.
/tmp/tmpz6ynaudp/support-rulesengine/src/main/java/org/edgexfoundry/messaging/ZeroMQEventSubscriber.java:24: warning: Import statement for 'org.edgexfoundry.engine.RuleEngine' is in the wrong order. Should be in the 'THIRD_PARTY_PACKAGE' group, expecting not assigned imports on this line.
/tmp/tmpz6ynaudp/support-rulesengine/src/main/java/org/edgexfoundry/messaging/ZeroMQEventSubscriber.java:25: warning: Import statement for 'org.springframework.beans.factory.annotation.Autowired' is in the wrong order. Should be in the 'THIRD_PARTY_PACKAGE' group, expecting not assigned imports on this line.
/tmp/tmpz6ynaudp/support-rulesengine/src/main/java/org/edgexfoundry/messaging/ZeroMQEventSubscriber.java:26: warning: Import statement for 'org.springframework.beans.factory.annotation.Value' is in the wrong order. Should be in the 'THIRD_PARTY_PACKAGE' group, expecting not assigned imports on this line.
/tmp/tmpz6ynaudp/support-rulesengine/src/main/java/org/edgexfoundry/messaging/ZeroMQEventSubscriber.java:27: warning: Import statement for 'org.springframework.stereotype.Component' is in the wrong order. Should be in the 'THIRD_PARTY_PACKAGE' group, expecting not assigned imports on this line.
/tmp/tmpz6ynaudp/support-rulesengine/src/main/java/org/edgexfoundry/messaging/ZeroMQEventSubscriber.java:28: warning: Import statement for 'org.zeromq.SocketType' is in the wrong order. Should be in the 'THIRD_PARTY_PACKAGE' group, expecting not assigned imports on this line.
/tmp/tmpz6ynaudp/support-rulesengine/src/main/java/org/edgexfoundry/messaging/ZeroMQEventSubscriber.java:29: warning: Import statement for 'org.zeromq.ZFrame' is in the wrong order. Should be in the 'THIRD_PARTY_PACKAGE' group, expecting not assigned imports on this line.
/tmp/tmpz6ynaudp/support-rulesengine/src/main/java/org/edgexfoundry/messaging/ZeroMQEventSubscriber.java:30: warning: Import statement for 'org.zeromq.ZMQ' is in the wrong order. Should be in the 'THIRD_PARTY_PACKAGE' group, expecting not assigned imports on this line.
/tmp/tmpz6ynaudp/support-rulesengine/src/main/java/org/edgexfoundry/messaging/ZeroMQEventSubscriber.java:31: warning: Import statement for 'org.zeromq.ZMsg' is in the wrong order. Should be in the 'THIRD_PARTY_PACKAGE' group, expecting not assigned imports on this line.
/tmp/tmpz6ynaudp/support-rulesengine/src/main/java/org/edgexfoundry/messaging/ZeroMQEventSubscriber.java:33: warning: Import statement for 'com.fasterxml.jackson.core.JsonProcessingException' is in the wrong order. Should be in the 'THIRD_PARTY_PACKAGE' group, expecting not assigned imports on this line.
/tmp/tmpz6ynaudp/support-rulesengine/src/main/java/org/edgexfoundry/messaging/ZeroMQEventSubscriber.java:34: warning: Import statement for 'com.fasterxml.jackson.databind.JsonNode' is in the wrong order. Should be in the 'THIRD_PARTY_PACKAGE' group, expecting not assigned imports on this line.
/tmp/tmpz6ynaudp/support-rulesengine/src/main/java/org/edgexfoundry/messaging/ZeroMQEventSubscriber.java:35: warning: Import statement for 'com.fasterxml.jackson.databind.ObjectMapper' is in the wrong order. Should be in the 'THIRD_PARTY_PACKAGE' group, expecting not assigned imports on this line.
/tmp/tmpz6ynaudp/support-rulesengine/src/main/java/org/edgexfoundry/messaging/ZeroMQEventSubscriber.java:36: warning: Import statement for 'com.google.gson.Gson' is in the wrong order. Should be in the 'SPECIAL_IMPORTS' group, expecting not assigned imports on this line.
/tmp/tmpz6ynaudp/support-rulesengine/src/main/java/org/edgexfoundry/messaging/ZeroMQEventSubscriber.java:43: warning: Abbreviation in name must contain no more than '1' capital letters.
/tmp/tmpz6ynaudp/support-rulesengine/src/main/java/org/edgexfoundry/messaging/ZeroMQEventSubscriber.java:45: warning: 'member def modifier' have incorrect indentation level 8, expected level should be 2.
/tmp/tmpz6ynaudp/support-rulesengine/src/main/java/org/edgexfoundry/messaging/ZeroMQEventSubscriber.java:45: warning: Line is longer than 100 characters (found 148).
/tmp/tmpz6ynaudp/support-rulesengine/src/main/java/org/edgexfoundry/messaging/ZeroMQEventSubscriber.java:45:1: warning: Line contains a tab character.
/tmp/tmpz6ynaudp/support-rulesengine/src/main/java/org/edgexfoundry/messaging/ZeroMQEventSubscriber.java:46: warning: '.' have incorrect indentation level 3, expected level should be 5.
/tmp/tmpz6ynaudp/support-rulesengine/src/main/java/org/edgexfoundry/messaging/ZeroMQEventSubscriber.java:46:1: warning: Line contains a tab character.
/tmp/tmpz6ynaudp/support-rulesengine/src/main/java/org/edgexfoundry/messaging/ZeroMQEventSubscriber.java:48: warning: 'member def modifier' have incorrect indentation level 8, expected level should be 2.
/tmp/tmpz6ynaudp/support-rulesengine/src/main/java/org/edgexfoundry/messaging/ZeroMQEventSubscriber.java:48:1: warning: Line contains a tab character.
/tmp/tmpz6ynaudp/support-rulesengine/src/main/java/org/edgexfoundry/messaging/ZeroMQEventSubscriber.java:49: warning: 'member def modifier' have incorrect indentation level 8, expected level should be 2.
/tmp/tmpz6ynaudp/support-rulesengine/src/main/java/org/edgexfoundry/messaging/ZeroMQEventSubscriber.java:49:1: warning: Line contains a tab character.
/tmp/tmpz6ynaudp/support-rulesengine/src/main/java/org/edgexfoundry/messaging/ZeroMQEventSubscriber.java:50: warning: 'member def modifier' have incorrect indentation level 8, expected level should be 2.
/tmp/tmpz6ynaudp/support-rulesengine/src/main/java/org/edgexfoundry/messaging/ZeroMQEventSubscriber.java:50:1: warning: Line contains a tab character.
/tmp/tmpz6ynaudp/support-rulesengine/src/main/java/org/edgexfoundry/messaging/ZeroMQEventSubscriber.java:51: warning: 'member def modifier' have incorrect indentation level 8, expected level should be 2.
/tmp/tmpz6ynaudp/support-rulesengine/src/main/java/org/edgexfoundry/messaging/ZeroMQEventSubscriber.java:51:1: warning: Line contains a tab character.
/tmp/tmpz6ynaudp/support-rulesengine/src/main/java/org/edgexfoundry/messaging/ZeroMQEventSubscriber.java:53: warning: 'member def modifier' have incorrect indentation level 8, expected level should be 2.
/tmp/tmpz6ynaudp/support-rulesengine/src/main/java/org/edgexfoundry/messaging/ZeroMQEventSubscriber.java:53:1: warning: Line contains a tab character.
/tmp/tmpz6ynaudp/support-rulesengine/src/main/java/org/edgexfoundry/messaging/ZeroMQEventSubscriber.java:54:1: warning: Line contains a tab character.
/tmp/tmpz6ynaudp/support-rulesengine/src/main/java/org/edgexfoundry/messaging/ZeroMQEventSubscriber.java:55: warning: 'member def modifier' have incorrect indentation level 8, expected level should be 2.
/tmp/tmpz6ynaudp/support-rulesengine/src/main/java/org/edgexfoundry/messaging/ZeroMQEventSubscriber.java:55:1: warning: Line contains a tab character.
/tmp/tmpz6ynaudp/support-rulesengine/src/main/java/org/edgexfoundry/messaging/ZeroMQEventSubscriber.java:56:1: warning: Line contains a tab character.
/tmp/tmpz6ynaudp/support-rulesengine/src/main/java/org/edgexfoundry/messaging/ZeroMQEventSubscriber.java:57: warning: 'member def modifier' have incorrect indentation level 8, expected level should be 2.
/tmp/tmpz6ynaudp/support-rulesengine/src/main/java/org/edgexfoundry/messaging/ZeroMQEventSubscriber.java:57:1: warning: Line contains a tab character.
/tmp/tmpz6ynaudp/support-rulesengine/src/main/java/org/edgexfoundry/messaging/ZeroMQEventSubscriber.java:58:1: warning: Line contains a tab character.
/tmp/tmpz6ynaudp/support-rulesengine/src/main/java/org/edgexfoundry/messaging/ZeroMQEventSubscriber.java:59: warning: 'member def modifier' have incorrect indentation level 8, expected level should be 2.
/tmp/tmpz6ynaudp/support-rulesengine/src/main/java/org/edgexfoundry/messaging/ZeroMQEventSubscriber.java:59:1: warning: Line contains a tab character.
/tmp/tmpz6ynaudp/support-rulesengine/src/main/java/org/edgexfoundry/messaging/ZeroMQEventSubscriber.java:60:1: warning: Line contains a tab character.
/tmp/tmpz6ynaudp/support-rulesengine/src/main/java/org/edgexfoundry/messaging/ZeroMQEventSubscriber.java:62: warning: 'member def modifier' have incorrect indentation level 8, expected level should be 2.
/tmp/tmpz6ynaudp/support-rulesengine/src/main/java/org/edgexfoundry/messaging/ZeroMQEventSubscriber.java:62:1: warning: Line contains a tab character.
/tmp/tmpz6ynaudp/support-rulesengine/src/main/java/org/edgexfoundry/messaging/ZeroMQEventSubscriber.java:63:1: warning: Line contains a tab character.
/tmp/tmpz6ynaudp/support-rulesengine/src/main/java/org/edgexfoundry/messaging/ZeroMQEventSubscriber.java:65: warning: 'member def modifier' have incorrect indentation level 8, expected level should be 2.
/tmp/tmpz6ynaudp/support-rulesengine/src/main/java/org/edgexfoundry/messaging/ZeroMQEventSubscriber.java:65:1: warning: Line contains a tab character.
/tmp/tmpz6ynaudp/support-rulesengine/src/main/java/org/edgexfoundry/messaging/ZeroMQEventSubscriber.java:66: warning: 'member def modifier' have incorrect indentation level 8, expected level should be 2.
/tmp/tmpz6ynaudp/support-rulesengine/src/main/java/org/edgexfoundry/messaging/ZeroMQEventSubscriber.java:66:1: warning: Line contains a tab character.
/tmp/tmpz6ynaudp/support-rulesengine/src/main/java/org/edgexfoundry/messaging/ZeroMQEventSubscriber.java:67: warning: 'member def modifier' have incorrect indentation level 8, expected level should be 2.
/tmp/tmpz6ynaudp/support-rulesengine/src/main/java/org/edgexfoundry/messaging/ZeroMQEventSubscriber.java:67:1: warning: Line contains a tab character.
/tmp/tmpz6ynaudp/support-rulesengine/src/main/java/org/edgexfoundry/messaging/ZeroMQEventSubscriber.java:69: warning: 'block lcurly' have incorrect indentation level 8, expected level should be 2.
/tmp/tmpz6ynaudp/support-rulesengine/src/main/java/org/edgexfoundry/messaging/ZeroMQEventSubscriber.java:69:1: warning: Line contains a tab character.
/tmp/tmpz6ynaudp/support-rulesengine/src/main/java/org/edgexfoundry/messaging/ZeroMQEventSubscriber.java:70: warning: 'block' child have incorrect indentation level 16, expected level should be 4.
/tmp/tmpz6ynaudp/support-rulesengine/src/main/java/org/edgexfoundry/messaging/ZeroMQEventSubscriber.java:70:1: warning: Line contains a tab character.
/tmp/tmpz6ynaudp/support-rulesengine/src/main/java/org/edgexfoundry/messaging/ZeroMQEventSubscriber.java:71: warning: 'block rcurly' have incorrect indentation level 8, expected level should be 2.
/tmp/tmpz6ynaudp/support-rulesengine/src/main/java/org/edgexfoundry/messaging/ZeroMQEventSubscriber.java:71:1: warning: Line contains a tab character.
/tmp/tmpz6ynaudp/support-rulesengine/src/main/java/org/edgexfoundry/messaging/ZeroMQEventSubscriber.java:73: warning: 'method def modifier' have incorrect indentation level 8, expected level should be 2.
/tmp/tmpz6ynaudp/support-rulesengine/src/main/java/org/edgexfoundry/messaging/ZeroMQEventSubscriber.java:73:1: warning: Line contains a tab character.
/tmp/tmpz6ynaudp/support-rulesengine/src/main/java/org/edgexfoundry/messaging/ZeroMQEventSubscriber.java:73:9: warning: Missing a Javadoc comment.
/tmp/tmpz6ynaudp/support-rulesengine/src/main/java/org/edgexfoundry/messaging/ZeroMQEventSubscriber.java:74: warning: 'method def' child have incorrect indentation level 16, expected level should be 4.
/tmp/tmpz6ynaudp/support-rulesengine/src/main/java/org/edgexfoundry/messaging/ZeroMQEventSubscriber.java:74:1: warning: Line contains a tab character.
/tmp/tmpz6ynaudp/support-rulesengine/src/main/java/org/edgexfoundry/messaging/ZeroMQEventSubscriber.java:75: warning: 'member def type' have incorrect indentation level 16, expected level should be 4.
/tmp/tmpz6ynaudp/support-rulesengine/src/main/java/org/edgexfoundry/messaging/ZeroMQEventSubscriber.java:75: warning: 'method def' child have incorrect indentation level 16, expected level should be 4.
/tmp/tmpz6ynaudp/support-rulesengine/src/main/java/org/edgexfoundry/messaging/ZeroMQEventSubscriber.java:75:1: warning: Line contains a tab character.
/tmp/tmpz6ynaudp/support-rulesengine/src/main/java/org/edgexfoundry/messaging/ZeroMQEventSubscriber.java:76: warning: 'member def type' have incorrect indentation level 16, expected level should be 4.
/tmp/tmpz6ynaudp/support-rulesengine/src/main/java/org/edgexfoundry/messaging/ZeroMQEventSubscriber.java:76: warning: 'method def' child have incorrect indentation level 16, expected level should be 4.
/tmp/tmpz6ynaudp/support-rulesengine/src/main/java/org/edgexfoundry/messaging/ZeroMQEventSubscriber.java:76:1: warning: Line contains a tab character.
/tmp/tmpz6ynaudp/support-rulesengine/src/main/java/org/edgexfoundry/messaging/ZeroMQEventSubscriber.java:77: warning: 'member def type' have incorrect indentation level 16, expected level should be 4.
/tmp/tmpz6ynaudp/support-rulesengine/src/main/java/org/edgexfoundry/messaging/ZeroMQEventSubscriber.java:77: warning: 'method def' child have incorrect indentation level 16, expected level should be 4.
/tmp/tmpz6ynaudp/support-rulesengine/src/main/java/org/edgexfoundry/messaging/ZeroMQEventSubscriber.java:77:1: warning: Line contains a tab character.
/tmp/tmpz6ynaudp/support-rulesengine/src/main/java/org/edgexfoundry/messaging/ZeroMQEventSubscriber.java:78: warning: 'method def' child have incorrect indentation level 16, expected level should be 4.
/tmp/tmpz6ynaudp/support-rulesengine/src/main/java/org/edgexfoundry/messaging/ZeroMQEventSubscriber.java:78:1: warning: Line contains a tab character.
/tmp/tmpz6ynaudp/support-rulesengine/src/main/java/org/edgexfoundry/messaging/ZeroMQEventSubscriber.java:79: warning: 'try' have incorrect indentation level 16, expected level should be 4.
/tmp/tmpz6ynaudp/support-rulesengine/src/main/java/org/edgexfoundry/messaging/ZeroMQEventSubscriber.java:79:1: warning: Line contains a tab character.
/tmp/tmpz6ynaudp/support-rulesengine/src/main/java/org/edgexfoundry/messaging/ZeroMQEventSubscriber.java:80: warning: 'while' have incorrect indentation level 24, expected level should be 6.
/tmp/tmpz6ynaudp/support-rulesengine/src/main/java/org/edgexfoundry/messaging/ZeroMQEventSubscriber.java:80:1: warning: Line contains a tab character.
/tmp/tmpz6ynaudp/support-rulesengine/src/main/java/org/edgexfoundry/messaging/ZeroMQEventSubscriber.java:81: warning: 'while' child have incorrect indentation level 32, expected level should be 8.
/tmp/tmpz6ynaudp/support-rulesengine/src/main/java/org/edgexfoundry/messaging/ZeroMQEventSubscriber.java:81:1: warning: Line contains a tab character.
/tmp/tmpz6ynaudp/support-rulesengine/src/main/java/org/edgexfoundry/messaging/ZeroMQEventSubscriber.java:82: warning: 'while' child have incorrect indentation level 32, expected level should be 8.
/tmp/tmpz6ynaudp/support-rulesengine/src/main/java/org/edgexfoundry/messaging/ZeroMQEventSubscriber.java:82:1: warning: Line contains a tab character.
/tmp/tmpz6ynaudp/support-rulesengine/src/main/java/org/edgexfoundry/messaging/ZeroMQEventSubscriber.java:83: warning: 'while' child have incorrect indentation level 32, expected level should be 8.
/tmp/tmpz6ynaudp/support-rulesengine/src/main/java/org/edgexfoundry/messaging/ZeroMQEventSubscriber.java:83:1: warning: Line contains a tab character.
/tmp/tmpz6ynaudp/support-rulesengine/src/main/java/org/edgexfoundry/messaging/ZeroMQEventSubscriber.java:84: warning: 'while' child have incorrect indentation level 32, expected level should be 8.
/tmp/tmpz6ynaudp/support-rulesengine/src/main/java/org/edgexfoundry/messaging/ZeroMQEventSubscriber.java:84:1: warning: Line contains a tab character.
/tmp/tmpz6ynaudp/support-rulesengine/src/main/java/org/edgexfoundry/messaging/ZeroMQEventSubscriber.java:86: warning: 'if' have incorrect indentation level 32, expected level should be 8.
/tmp/tmpz6ynaudp/support-rulesengine/src/main/java/org/edgexfoundry/messaging/ZeroMQEventSubscriber.java:86:1: warning: Line contains a tab character.
/tmp/tmpz6ynaudp/support-rulesengine/src/main/java/org/edgexfoundry/messaging/ZeroMQEventSubscriber.java:86:56: warning: WhitespaceAround: '{' is not followed by whitespace. Empty blocks may only be represented as {} when not part of a multi-block statement (4.1.3)
/tmp/tmpz6ynaudp/support-rulesengine/src/main/java/org/edgexfoundry/messaging/ZeroMQEventSubscriber.java:87: warning: 'try' have incorrect indentation level 40, expected level should be 10.
/tmp/tmpz6ynaudp/support-rulesengine/src/main/java/org/edgexfoundry/messaging/ZeroMQEventSubscriber.java:87:1: warning: Line contains a tab character.
/tmp/tmpz6ynaudp/support-rulesengine/src/main/java/org/edgexfoundry/messaging/ZeroMQEventSubscriber.java:88: warning: 'try' child have incorrect indentation level 48, expected level should be 12.
/tmp/tmpz6ynaudp/support-rulesengine/src/main/java/org/edgexfoundry/messaging/ZeroMQEventSubscriber.java:88:1: warning: Line contains a tab character.
/tmp/tmpz6ynaudp/support-rulesengine/src/main/java/org/edgexfoundry/messaging/ZeroMQEventSubscriber.java:89: warning: 'try rcurly' have incorrect indentation level 40, expected level should be 10.
/tmp/tmpz6ynaudp/support-rulesengine/src/main/java/org/edgexfoundry/messaging/ZeroMQEventSubscriber.java:89: warning: Line is longer than 100 characters (found 145).
/tmp/tmpz6ynaudp/support-rulesengine/src/main/java/org/edgexfoundry/messaging/ZeroMQEventSubscriber.java:89:1: warning: Line contains a tab character.
/tmp/tmpz6ynaudp/support-rulesengine/src/main/java/org/edgexfoundry/messaging/ZeroMQEventSubscriber.java:90: warning: 'catch' child have incorrect indentation level 48, expected level should be 12.
/tmp/tmpz6ynaudp/support-rulesengine/src/main/java/org/edgexfoundry/messaging/ZeroMQEventSubscriber.java:90:1: warning: Line contains a tab character.
/tmp/tmpz6ynaudp/support-rulesengine/src/main/java/org/edgexfoundry/messaging/ZeroMQEventSubscriber.java:91: warning: 'catch' child have incorrect indentation level 48, expected level should be 12.
/tmp/tmpz6ynaudp/support-rulesengine/src/main/java/org/edgexfoundry/messaging/ZeroMQEventSubscriber.java:91:1: warning: Line contains a tab character.
/tmp/tmpz6ynaudp/support-rulesengine/src/main/java/org/edgexfoundry/messaging/ZeroMQEventSubscriber.java:92: warning: 'catch rcurly' have incorrect indentation level 40, expected level should be 10.
/tmp/tmpz6ynaudp/support-rulesengine/src/main/java/org/edgexfoundry/messaging/ZeroMQEventSubscriber.java:92:1: warning: Line contains a tab character.
/tmp/tmpz6ynaudp/support-rulesengine/src/main/java/org/edgexfoundry/messaging/ZeroMQEventSubscriber.java:93: warning: 'else' construct must use '{}'s.
/tmp/tmpz6ynaudp/support-rulesengine/src/main/java/org/edgexfoundry/messaging/ZeroMQEventSubscriber.java:93: warning: 'if rcurly' have incorrect indentation level 32, expected level should be 8.
/tmp/tmpz6ynaudp/support-rulesengine/src/main/java/org/edgexfoundry/messaging/ZeroMQEventSubscriber.java:93:1: warning: Line contains a tab character.
/tmp/tmpz6ynaudp/support-rulesengine/src/main/java/org/edgexfoundry/messaging/ZeroMQEventSubscriber.java:94:1: warning: Line contains a tab character.
/tmp/tmpz6ynaudp/support-rulesengine/src/main/java/org/edgexfoundry/messaging/ZeroMQEventSubscriber.java:95: warning: 'switch' have incorrect indentation level 32, expected level should be 8.
/tmp/tmpz6ynaudp/support-rulesengine/src/main/java/org/edgexfoundry/messaging/ZeroMQEventSubscriber.java:95:1: warning: Line contains a tab character.
/tmp/tmpz6ynaudp/support-rulesengine/src/main/java/org/edgexfoundry/messaging/ZeroMQEventSubscriber.java:96: warning: 'case' child have incorrect indentation level 32, expected level should be 10.
/tmp/tmpz6ynaudp/support-rulesengine/src/main/java/org/edgexfoundry/messaging/ZeroMQEventSubscriber.java:96:1: warning: Line contains a tab character.
/tmp/tmpz6ynaudp/support-rulesengine/src/main/java/org/edgexfoundry/messaging/ZeroMQEventSubscriber.java:97: warning: 'block' child have incorrect indentation level 40, expected level should be 12.
/tmp/tmpz6ynaudp/support-rulesengine/src/main/java/org/edgexfoundry/messaging/ZeroMQEventSubscriber.java:97:1: warning: Line contains a tab character.
/tmp/tmpz6ynaudp/support-rulesengine/src/main/java/org/edgexfoundry/messaging/ZeroMQEventSubscriber.java:98: warning: 'block' child have incorrect indentation level 40, expected level should be 12.
/tmp/tmpz6ynaudp/support-rulesengine/src/main/java/org/edgexfoundry/messaging/ZeroMQEventSubscriber.java:98:1: warning: Line contains a tab character.
/tmp/tmpz6ynaudp/support-rulesengine/src/main/java/org/edgexfoundry/messaging/ZeroMQEventSubscriber.java:99: warning: 'case' child have incorrect indentation level 32, expected level should be 10.
/tmp/tmpz6ynaudp/support-rulesengine/src/main/java/org/edgexfoundry/messaging/ZeroMQEventSubscriber.java:99:1: warning: Line contains a tab character.
/tmp/tmpz6ynaudp/support-rulesengine/src/main/java/org/edgexfoundry/messaging/ZeroMQEventSubscriber.java:100: warning: 'block' child have incorrect indentation level 40, expected level should be 12.
/tmp/tmpz6ynaudp/support-rulesengine/src/main/java/org/edgexfoundry/messaging/ZeroMQEventSubscriber.java:100:1: warning: Line contains a tab character.
/tmp/tmpz6ynaudp/support-rulesengine/src/main/java/org/edgexfoundry/messaging/ZeroMQEventSubscriber.java:101: warning: 'block' child have incorrect indentation level 40, expected level should be 12.
/tmp/tmpz6ynaudp/support-rulesengine/src/main/java/org/edgexfoundry/messaging/ZeroMQEventSubscriber.java:101:1: warning: Line contains a tab character.
/tmp/tmpz6ynaudp/support-rulesengine/src/main/java/org/edgexfoundry/messaging/ZeroMQEventSubscriber.java:102: warning: 'case' child have incorrect indentation level 32, expected level should be 10.
/tmp/tmpz6ynaudp/support-rulesengine/src/main/java/org/edgexfoundry/messaging/ZeroMQEventSubscriber.java:102:1: warning: Line contains a tab character.
/tmp/tmpz6ynaudp/support-rulesengine/src/main/java/org/edgexfoundry/messaging/ZeroMQEventSubscriber.java:103: warning: 'block' child have incorrect indentation level 40, expected level should be 12.
/tmp/tmpz6ynaudp/support-rulesengine/src/main/java/org/edgexfoundry/messaging/ZeroMQEventSubscriber.java:103:1: warning: Line contains a tab character.
/tmp/tmpz6ynaudp/support-rulesengine/src/main/java/org/edgexfoundry/messaging/ZeroMQEventSubscriber.java:104: warning: 'block' child have incorrect indentation level 40, expected level should be 12.
/tmp/tmpz6ynaudp/support-rulesengine/src/main/java/org/edgexfoundry/messaging/ZeroMQEventSubscriber.java:104:1: warning: Line contains a tab character.
/tmp/tmpz6ynaudp/support-rulesengine/src/main/java/org/edgexfoundry/messaging/ZeroMQEventSubscriber.java:105: warning: 'case' child have incorrect indentation level 32, expected level should be 10.
/tmp/tmpz6ynaudp/support-rulesengine/src/main/java/org/edgexfoundry/messaging/ZeroMQEventSubscriber.java:105:1: warning: Line contains a tab character.
/tmp/tmpz6ynaudp/support-rulesengine/src/main/java/org/edgexfoundry/messaging/ZeroMQEventSubscriber.java:106: warning: 'block' child have incorrect indentation level 40, expected level should be 12.
/tmp/tmpz6ynaudp/support-rulesengine/src/main/java/org/edgexfoundry/messaging/ZeroMQEventSubscriber.java:106:1: warning: Line contains a tab character.
/tmp/tmpz6ynaudp/support-rulesengine/src/main/java/org/edgexfoundry/messaging/ZeroMQEventSubscriber.java:107: warning: 'block' child have incorrect indentation level 40, expected level should be 12.
/tmp/tmpz6ynaudp/support-rulesengine/src/main/java/org/edgexfoundry/messaging/ZeroMQEventSubscriber.java:107:1: warning: Line contains a tab character.
/tmp/tmpz6ynaudp/support-rulesengine/src/main/java/org/edgexfoundry/messaging/ZeroMQEventSubscriber.java:108: warning: 'switch rcurly' have incorrect indentation level 32, expected level should be 8.
/tmp/tmpz6ynaudp/support-rulesengine/src/main/java/org/edgexfoundry/messaging/ZeroMQEventSubscriber.java:108:1: warning: Line contains a tab character.
/tmp/tmpz6ynaudp/support-rulesengine/src/main/java/org/edgexfoundry/messaging/ZeroMQEventSubscriber.java:109: warning: 'while rcurly' have incorrect indentation level 24, expected level should be 6.
/tmp/tmpz6ynaudp/support-rulesengine/src/main/java/org/edgexfoundry/messaging/ZeroMQEventSubscriber.java:109:1: warning: Line contains a tab character.
/tmp/tmpz6ynaudp/support-rulesengine/src/main/java/org/edgexfoundry/messaging/ZeroMQEventSubscriber.java:110: warning: 'try rcurly' have incorrect indentation level 16, expected level should be 4.
/tmp/tmpz6ynaudp/support-rulesengine/src/main/java/org/edgexfoundry/messaging/ZeroMQEventSubscriber.java:110:1: warning: Line contains a tab character.
/tmp/tmpz6ynaudp/support-rulesengine/src/main/java/org/edgexfoundry/messaging/ZeroMQEventSubscriber.java:111: warning: 'catch' child have incorrect indentation level 24, expected level should be 6.
/tmp/tmpz6ynaudp/support-rulesengine/src/main/java/org/edgexfoundry/messaging/ZeroMQEventSubscriber.java:111:1: warning: Line contains a tab character.
/tmp/tmpz6ynaudp/support-rulesengine/src/main/java/org/edgexfoundry/messaging/ZeroMQEventSubscriber.java:112: warning: 'catch rcurly' have incorrect indentation level 16, expected level should be 4.
/tmp/tmpz6ynaudp/support-rulesengine/src/main/java/org/edgexfoundry/messaging/ZeroMQEventSubscriber.java:112:1: warning: Line contains a tab character.
/tmp/tmpz6ynaudp/support-rulesengine/src/main/java/org/edgexfoundry/messaging/ZeroMQEventSubscriber.java:113: warning: 'method def' child have incorrect indentation level 16, expected level should be 4.
/tmp/tmpz6ynaudp/support-rulesengine/src/main/java/org/edgexfoundry/messaging/ZeroMQEventSubscriber.java:113:1: warning: Line contains a tab character.
/tmp/tmpz6ynaudp/support-rulesengine/src/main/java/org/edgexfoundry/messaging/ZeroMQEventSubscriber.java:114: warning: 'if' construct must use '{}'s.
/tmp/tmpz6ynaudp/support-rulesengine/src/main/java/org/edgexfoundry/messaging/ZeroMQEventSubscriber.java:114: warning: 'if' have incorrect indentation level 16, expected level should be 4.
/tmp/tmpz6ynaudp/support-rulesengine/src/main/java/org/edgexfoundry/messaging/ZeroMQEventSubscriber.java:114:1: warning: Line contains a tab character.
/tmp/tmpz6ynaudp/support-rulesengine/src/main/java/org/edgexfoundry/messaging/ZeroMQEventSubscriber.java:115:1: warning: Line contains a tab character.
/tmp/tmpz6ynaudp/support-rulesengine/src/main/java/org/edgexfoundry/messaging/ZeroMQEventSubscriber.java:116: warning: 'method def' child have incorrect indentation level 16, expected level should be 4.
/tmp/tmpz6ynaudp/support-rulesengine/src/main/java/org/edgexfoundry/messaging/ZeroMQEventSubscriber.java:116:1: warning: Line contains a tab character.
/tmp/tmpz6ynaudp/support-rulesengine/src/main/java/org/edgexfoundry/messaging/ZeroMQEventSubscriber.java:117:1: warning: Line contains a tab character.
/tmp/tmpz6ynaudp/support-rulesengine/src/main/java/org/edgexfoundry/messaging/ZeroMQEventSubscriber.java:118: warning: 'method def' child have incorrect indentation level 16, expected level should be 4.
/tmp/tmpz6ynaudp/support-rulesengine/src/main/java/org/edgexfoundry/messaging/ZeroMQEventSubscriber.java:118:1: warning: Line contains a tab character.
/tmp/tmpz6ynaudp/support-rulesengine/src/main/java/org/edgexfoundry/messaging/ZeroMQEventSubscriber.java:120: warning: 'method def' child have incorrect indentation level 16, expected level should be 4.
/tmp/tmpz6ynaudp/support-rulesengine/src/main/java/org/edgexfoundry/messaging/ZeroMQEventSubscriber.java:120:1: warning: Line contains a tab character.
/tmp/tmpz6ynaudp/support-rulesengine/src/main/java/org/edgexfoundry/messaging/ZeroMQEventSubscriber.java:122: warning: 'method def rcurly' have incorrect indentation level 8, expected level should be 2.
/tmp/tmpz6ynaudp/support-rulesengine/src/main/java/org/edgexfoundry/messaging/ZeroMQEventSubscriber.java:122:1: warning: Line contains a tab character.
/tmp/tmpz6ynaudp/support-rulesengine/src/main/java/org/edgexfoundry/messaging/ZeroMQEventSubscriber.java:124: warning: 'method def modifier' have incorrect indentation level 8, expected level should be 2.
/tmp/tmpz6ynaudp/support-rulesengine/src/main/java/org/edgexfoundry/messaging/ZeroMQEventSubscriber.java:124:1: warning: Line contains a tab character.
/tmp/tmpz6ynaudp/support-rulesengine/src/main/java/org/edgexfoundry/messaging/ZeroMQEventSubscriber.java:125: warning: 'member def type' have incorrect indentation level 16, expected level should be 4.
/tmp/tmpz6ynaudp/support-rulesengine/src/main/java/org/edgexfoundry/messaging/ZeroMQEventSubscriber.java:125: warning: 'method def' child have incorrect indentation level 16, expected level should be 4.
/tmp/tmpz6ynaudp/support-rulesengine/src/main/java/org/edgexfoundry/messaging/ZeroMQEventSubscriber.java:125:1: warning: Line contains a tab character.
/tmp/tmpz6ynaudp/support-rulesengine/src/main/java/org/edgexfoundry/messaging/ZeroMQEventSubscriber.java:126: warning: 'if' construct must use '{}'s.
/tmp/tmpz6ynaudp/support-rulesengine/src/main/java/org/edgexfoundry/messaging/ZeroMQEventSubscriber.java:126: warning: 'if' have incorrect indentation level 16, expected level should be 4.
/tmp/tmpz6ynaudp/support-rulesengine/src/main/java/org/edgexfoundry/messaging/ZeroMQEventSubscriber.java:126:1: warning: Line contains a tab character.
/tmp/tmpz6ynaudp/support-rulesengine/src/main/java/org/edgexfoundry/messaging/ZeroMQEventSubscriber.java:127:1: warning: Line contains a tab character.
/tmp/tmpz6ynaudp/support-rulesengine/src/main/java/org/edgexfoundry/messaging/ZeroMQEventSubscriber.java:128: warning: 'else' construct must use '{}'s.
/tmp/tmpz6ynaudp/support-rulesengine/src/main/java/org/edgexfoundry/messaging/ZeroMQEventSubscriber.java:128: warning: 'else' have incorrect indentation level 16, expected level should be 4.
/tmp/tmpz6ynaudp/support-rulesengine/src/main/java/org/edgexfoundry/messaging/ZeroMQEventSubscriber.java:128:1: warning: Line contains a tab character.
/tmp/tmpz6ynaudp/support-rulesengine/src/main/java/org/edgexfoundry/messaging/ZeroMQEventSubscriber.java:129:1: warning: Line contains a tab character.
/tmp/tmpz6ynaudp/support-rulesengine/src/main/java/org/edgexfoundry/messaging/ZeroMQEventSubscriber.java:130: warning: 'method def rcurly' have incorrect indentation level 8, expected level should be 2.
/tmp/tmpz6ynaudp/support-rulesengine/src/main/java/org/edgexfoundry/messaging/ZeroMQEventSubscriber.java:130:1: warning: Line contains a tab character.
/tmp/tmpz6ynaudp/support-rulesengine/src/main/java/org/edgexfoundry/messaging/ZeroMQEventSubscriber.java:132: warning: 'method def modifier' have incorrect indentation level 8, expected level should be 2.
/tmp/tmpz6ynaudp/support-rulesengine/src/main/java/org/edgexfoundry/messaging/ZeroMQEventSubscriber.java:132:1: warning: Line contains a tab character.
/tmp/tmpz6ynaudp/support-rulesengine/src/main/java/org/edgexfoundry/messaging/ZeroMQEventSubscriber.java:133: warning: 'method def' child have incorrect indentation level 16, expected level should be 4.
/tmp/tmpz6ynaudp/support-rulesengine/src/main/java/org/edgexfoundry/messaging/ZeroMQEventSubscriber.java:133:1: warning: Line contains a tab character.
/tmp/tmpz6ynaudp/support-rulesengine/src/main/java/org/edgexfoundry/messaging/ZeroMQEventSubscriber.java:134: warning: 'method def rcurly' have incorrect indentation level 8, expected level should be 2.
/tmp/tmpz6ynaudp/support-rulesengine/src/main/java/org/edgexfoundry/messaging/ZeroMQEventSubscriber.java:134:1: warning: Line contains a tab character.
/tmp/tmpz6ynaudp/support-rulesengine/src/main/java/org/edgexfoundry/messaging/ZeroMQEventSubscriber.java:136: warning: 'method def modifier' have incorrect indentation level 8, expected level should be 2.
/tmp/tmpz6ynaudp/support-rulesengine/src/main/java/org/edgexfoundry/messaging/ZeroMQEventSubscriber.java:136:1: warning: Line contains a tab character.
/tmp/tmpz6ynaudp/support-rulesengine/src/main/java/org/edgexfoundry/messaging/ZeroMQEventSubscriber.java:137: warning: 'method def' child have incorrect indentation level 16, expected level should be 4.
/tmp/tmpz6ynaudp/support-rulesengine/src/main/java/org/edgexfoundry/messaging/ZeroMQEventSubscriber.java:137:1: warning: Line contains a tab character.
/tmp/tmpz6ynaudp/support-rulesengine/src/main/java/org/edgexfoundry/messaging/ZeroMQEventSubscriber.java:138: warning: 'method def rcurly' have incorrect indentation level 8, expected level should be 2.
/tmp/tmpz6ynaudp/support-rulesengine/src/main/java/org/edgexfoundry/messaging/ZeroMQEventSubscriber.java:138:1: warning: Line contains a tab character.
/tmp/tmpz6ynaudp/support-rulesengine/src/main/java/org/edgexfoundry/messaging/ZeroMQEventSubscriber.java:140: warning: 'method def modifier' have incorrect indentation level 8, expected level should be 2.
/tmp/tmpz6ynaudp/support-rulesengine/src/main/java/org/edgexfoundry/messaging/ZeroMQEventSubscriber.java:140:1: warning: Line contains a tab character.
/tmp/tmpz6ynaudp/support-rulesengine/src/main/java/org/edgexfoundry/messaging/ZeroMQEventSubscriber.java:141: warning: 'method def' child have incorrect indentation level 16, expected level should be 4.
/tmp/tmpz6ynaudp/support-rulesengine/src/main/java/org/edgexfoundry/messaging/ZeroMQEventSubscriber.java:141:1: warning: Line contains a tab character.
/tmp/tmpz6ynaudp/support-rulesengine/src/main/java/org/edgexfoundry/messaging/ZeroMQEventSubscriber.java:142: warning: 'method def rcurly' have incorrect indentation level 8, expected level should be 2.
/tmp/tmpz6ynaudp/support-rulesengine/src/main/java/org/edgexfoundry/messaging/ZeroMQEventSubscriber.java:142:1: warning: Line contains a tab character.
/tmp/tmpz6ynaudp/support-rulesengine/src/main/java/org/edgexfoundry/messaging/ZeroMQEventSubscriber.java:144: warning: 'method def modifier' have incorrect indentation level 8, expected level should be 2.
/tmp/tmpz6ynaudp/support-rulesengine/src/main/java/org/edgexfoundry/messaging/ZeroMQEventSubscriber.java:144:1: warning: Line contains a tab character.
/tmp/tmpz6ynaudp/support-rulesengine/src/main/java/org/edgexfoundry/messaging/ZeroMQEventSubscriber.java:145: warning: 'method def' child have incorrect indentation level 16, expected level should be 4.
/tmp/tmpz6ynaudp/support-rulesengine/src/main/java/org/edgexfoundry/messaging/ZeroMQEventSubscriber.java:145:1: warning: Line contains a tab character.
/tmp/tmpz6ynaudp/support-rulesengine/src/main/java/org/edgexfoundry/messaging/ZeroMQEventSubscriber.java:146: warning: 'method def rcurly' have incorrect indentation level 8, expected level should be 2.
/tmp/tmpz6ynaudp/support-rulesengine/src/main/java/org/edgexfoundry/messaging/ZeroMQEventSubscriber.java:146:1: warning: Line contains a tab character.
/tmp/tmpz6ynaudp/support-rulesengine/src/main/java/org/edgexfoundry/messaging/ZeroMQEventSubscriber.java:148: warning: 'method def modifier' have incorrect indentation level 8, expected level should be 2.
/tmp/tmpz6ynaudp/support-rulesengine/src/main/java/org/edgexfoundry/messaging/ZeroMQEventSubscriber.java:148:1: warning: Line contains a tab character.
/tmp/tmpz6ynaudp/support-rulesengine/src/main/java/org/edgexfoundry/messaging/ZeroMQEventSubscriber.java:149: warning: 'if' have incorrect indentation level 16, expected level should be 4.
/tmp/tmpz6ynaudp/support-rulesengine/src/main/java/org/edgexfoundry/messaging/ZeroMQEventSubscriber.java:149:1: warning: Line contains a tab character.
/tmp/tmpz6ynaudp/support-rulesengine/src/main/java/org/edgexfoundry/messaging/ZeroMQEventSubscriber.java:150: warning: 'try' have incorrect indentation level 24, expected level should be 6.
/tmp/tmpz6ynaudp/support-rulesengine/src/main/java/org/edgexfoundry/messaging/ZeroMQEventSubscriber.java:150:1: warning: Line contains a tab character.
/tmp/tmpz6ynaudp/support-rulesengine/src/main/java/org/edgexfoundry/messaging/ZeroMQEventSubscriber.java:151: warning: 'try' child have incorrect indentation level 32, expected level should be 8.
/tmp/tmpz6ynaudp/support-rulesengine/src/main/java/org/edgexfoundry/messaging/ZeroMQEventSubscriber.java:151:1: warning: Line contains a tab character.
/tmp/tmpz6ynaudp/support-rulesengine/src/main/java/org/edgexfoundry/messaging/ZeroMQEventSubscriber.java:152: warning: 'try' child have incorrect indentation level 32, expected level should be 8.
/tmp/tmpz6ynaudp/support-rulesengine/src/main/java/org/edgexfoundry/messaging/ZeroMQEventSubscriber.java:152:1: warning: Line contains a tab character.
/tmp/tmpz6ynaudp/support-rulesengine/src/main/java/org/edgexfoundry/messaging/ZeroMQEventSubscriber.java:153: warning: 'try' child have incorrect indentation level 32, expected level should be 8.
/tmp/tmpz6ynaudp/support-rulesengine/src/main/java/org/edgexfoundry/messaging/ZeroMQEventSubscriber.java:153:1: warning: Line contains a tab character.
/tmp/tmpz6ynaudp/support-rulesengine/src/main/java/org/edgexfoundry/messaging/ZeroMQEventSubscriber.java:154: warning: 'try rcurly' have incorrect indentation level 24, expected level should be 6.
/tmp/tmpz6ynaudp/support-rulesengine/src/main/java/org/edgexfoundry/messaging/ZeroMQEventSubscriber.java:154:1: warning: Line contains a tab character.
/tmp/tmpz6ynaudp/support-rulesengine/src/main/java/org/edgexfoundry/messaging/ZeroMQEventSubscriber.java:155: warning: 'catch' child have incorrect indentation level 32, expected level should be 8.
/tmp/tmpz6ynaudp/support-rulesengine/src/main/java/org/edgexfoundry/messaging/ZeroMQEventSubscriber.java:155:1: warning: Line contains a tab character.
/tmp/tmpz6ynaudp/support-rulesengine/src/main/java/org/edgexfoundry/messaging/ZeroMQEventSubscriber.java:156: warning: 'catch' child have incorrect indentation level 32, expected level should be 8.
/tmp/tmpz6ynaudp/support-rulesengine/src/main/java/org/edgexfoundry/messaging/ZeroMQEventSubscriber.java:156:1: warning: Line contains a tab character.
/tmp/tmpz6ynaudp/support-rulesengine/src/main/java/org/edgexfoundry/messaging/ZeroMQEventSubscriber.java:157: warning: 'catch rcurly' have incorrect indentation level 24, expected level should be 6.
/tmp/tmpz6ynaudp/support-rulesengine/src/main/java/org/edgexfoundry/messaging/ZeroMQEventSubscriber.java:157:1: warning: Line contains a tab character.
/tmp/tmpz6ynaudp/support-rulesengine/src/main/java/org/edgexfoundry/messaging/ZeroMQEventSubscriber.java:158: warning: 'if rcurly' have incorrect indentation level 16, expected level should be 4.
/tmp/tmpz6ynaudp/support-rulesengine/src/main/java/org/edgexfoundry/messaging/ZeroMQEventSubscriber.java:158:1: warning: Line contains a tab character.
/tmp/tmpz6ynaudp/support-rulesengine/src/main/java/org/edgexfoundry/messaging/ZeroMQEventSubscriber.java:159: warning: 'method def' child have incorrect indentation level 16, expected level should be 4.
/tmp/tmpz6ynaudp/support-rulesengine/src/main/java/org/edgexfoundry/messaging/ZeroMQEventSubscriber.java:159:1: warning: Line contains a tab character.
/tmp/tmpz6ynaudp/support-rulesengine/src/main/java/org/edgexfoundry/messaging/ZeroMQEventSubscriber.java:160: warning: 'method def rcurly' have incorrect indentation level 8, expected level should be 2.
/tmp/tmpz6ynaudp/support-rulesengine/src/main/java/org/edgexfoundry/messaging/ZeroMQEventSubscriber.java:160:1: warning: Line contains a tab character.
/tmp/tmpz6ynaudp/support-rulesengine/src/main/java/org/edgexfoundry/messaging/ZeroMQEventSubscriber.java:162: warning: 'method def modifier' have incorrect indentation level 8, expected level should be 2.
/tmp/tmpz6ynaudp/support-rulesengine/src/main/java/org/edgexfoundry/messaging/ZeroMQEventSubscriber.java:162:1: warning: Line contains a tab character.
/tmp/tmpz6ynaudp/support-rulesengine/src/main/java/org/edgexfoundry/messaging/ZeroMQEventSubscriber.java:163: warning: 'method def' child have incorrect indentation level 16, expected level should be 4.
/tmp/tmpz6ynaudp/support-rulesengine/src/main/java/org/edgexfoundry/messaging/ZeroMQEventSubscriber.java:163:1: warning: Line contains a tab character.
/tmp/tmpz6ynaudp/support-rulesengine/src/main/java/org/edgexfoundry/messaging/ZeroMQEventSubscriber.java:164: warning: 'member def type' have incorrect indentation level 16, expected level should be 4.
/tmp/tmpz6ynaudp/support-rulesengine/src/main/java/org/edgexfoundry/messaging/ZeroMQEventSubscriber.java:164: warning: 'method def' child have incorrect indentation level 16, expected level should be 4.
/tmp/tmpz6ynaudp/support-rulesengine/src/main/java/org/edgexfoundry/messaging/ZeroMQEventSubscriber.java:164:1: warning: Line contains a tab character.
/tmp/tmpz6ynaudp/support-rulesengine/src/main/java/org/edgexfoundry/messaging/ZeroMQEventSubscriber.java:165: warning: 'method def' child have incorrect indentation level 16, expected level should be 4.
/tmp/tmpz6ynaudp/support-rulesengine/src/main/java/org/edgexfoundry/messaging/ZeroMQEventSubscriber.java:165:1: warning: Line contains a tab character.
/tmp/tmpz6ynaudp/support-rulesengine/src/main/java/org/edgexfoundry/messaging/ZeroMQEventSubscriber.java:166: warning: 'method def' child have incorrect indentation level 16, expected level should be 4.
/tmp/tmpz6ynaudp/support-rulesengine/src/main/java/org/edgexfoundry/messaging/ZeroMQEventSubscriber.java:166:1: warning: Line contains a tab character.
/tmp/tmpz6ynaudp/support-rulesengine/src/main/java/org/edgexfoundry/messaging/ZeroMQEventSubscriber.java:167: warning: 'method def rcurly' have incorrect indentation level 8, expected level should be 2.
/tmp/tmpz6ynaudp/support-rulesengine/src/main/java/org/edgexfoundry/messaging/ZeroMQEventSubscriber.java:167:1: warning: Line contains a tab character.
/tmp/tmpz6ynaudp/support-rulesengine/src/main/java/org/edgexfoundry/messaging/ZeroMQEventSubscriber.java:169: warning: 'method def modifier' have incorrect indentation level 8, expected level should be 2.
/tmp/tmpz6ynaudp/support-rulesengine/src/main/java/org/edgexfoundry/messaging/ZeroMQEventSubscriber.java:169:1: warning: Line contains a tab character.
/tmp/tmpz6ynaudp/support-rulesengine/src/main/java/org/edgexfoundry/messaging/ZeroMQEventSubscriber.java:170: warning: 'method def' child have incorrect indentation level 16, expected level should be 4.
/tmp/tmpz6ynaudp/support-rulesengine/src/main/java/org/edgexfoundry/messaging/ZeroMQEventSubscriber.java:170:1: warning: Line contains a tab character.
/tmp/tmpz6ynaudp/support-rulesengine/src/main/java/org/edgexfoundry/messaging/ZeroMQEventSubscriber.java:171: warning: 'member def type' have incorrect indentation level 16, expected level should be 4.
/tmp/tmpz6ynaudp/support-rulesengine/src/main/java/org/edgexfoundry/messaging/ZeroMQEventSubscriber.java:171: warning: 'method def' child have incorrect indentation level 16, expected level should be 4.
/tmp/tmpz6ynaudp/support-rulesengine/src/main/java/org/edgexfoundry/messaging/ZeroMQEventSubscriber.java:171:1: warning: Line contains a tab character.
/tmp/tmpz6ynaudp/support-rulesengine/src/main/java/org/edgexfoundry/messaging/ZeroMQEventSubscriber.java:172: warning: 'method def' child have incorrect indentation level 16, expected level should be 4.
/tmp/tmpz6ynaudp/support-rulesengine/src/main/java/org/edgexfoundry/messaging/ZeroMQEventSubscriber.java:172:1: warning: Line contains a tab character.
/tmp/tmpz6ynaudp/support-rulesengine/src/main/java/org/edgexfoundry/messaging/ZeroMQEventSubscriber.java:173: warning: 'method def' child have incorrect indentation level 16, expected level should be 4.
/tmp/tmpz6ynaudp/support-rulesengine/src/main/java/org/edgexfoundry/messaging/ZeroMQEventSubscriber.java:173:1: warning: Line contains a tab character.
/tmp/tmpz6ynaudp/support-rulesengine/src/main/java/org/edgexfoundry/messaging/ZeroMQEventSubscriber.java:174: warning: 'method def rcurly' have incorrect indentation level 8, expected level should be 2.
/tmp/tmpz6ynaudp/support-rulesengine/src/main/java/org/edgexfoundry/messaging/ZeroMQEventSubscriber.java:174:1: warning: Line contains a tab character.
/tmp/tmpz6ynaudp/support-rulesengine/src/main/java/org/edgexfoundry/messaging/ZeroMQEventSubscriber.java:176: warning: 'method def modifier' have incorrect indentation level 8, expected level should be 2.
/tmp/tmpz6ynaudp/support-rulesengine/src/main/java/org/edgexfoundry/messaging/ZeroMQEventSubscriber.java:176:1: warning: Line contains a tab character.
/tmp/tmpz6ynaudp/support-rulesengine/src/main/java/org/edgexfoundry/messaging/ZeroMQEventSubscriber.java:177: warning: 'method def' child have incorrect indentation level 16, expected level should be 4.
/tmp/tmpz6ynaudp/support-rulesengine/src/main/java/org/edgexfoundry/messaging/ZeroMQEventSubscriber.java:177:1: warning: Line contains a tab character.
/tmp/tmpz6ynaudp/support-rulesengine/src/main/java/org/edgexfoundry/messaging/ZeroMQEventSubscriber.java:178: warning: 'method def' child have incorrect indentation level 16, expected level should be 4.
/tmp/tmpz6ynaudp/support-rulesengine/src/main/java/org/edgexfoundry/messaging/ZeroMQEventSubscriber.java:178:1: warning: Line contains a tab character.
/tmp/tmpz6ynaudp/support-rulesengine/src/main/java/org/edgexfoundry/messaging/ZeroMQEventSubscriber.java:179: warning: 'method def rcurly' have incorrect indentation level 8, expected level should be 2.
/tmp/tmpz6ynaudp/support-rulesengine/src/main/java/org/edgexfoundry/messaging/ZeroMQEventSubscriber.java:179:1: warning: Line contains a tab character.
/tmp/tmpz6ynaudp/support-rulesengine/src/main/java/org/edgexfoundry/messaging/ZeroMQEventSubscriber.java:181: warning: 'method def modifier' have incorrect indentation level 8, expected level should be 2.
/tmp/tmpz6ynaudp/support-rulesengine/src/main/java/org/edgexfoundry/messaging/ZeroMQEventSubscriber.java:181:1: warning: Line contains a tab character.
/tmp/tmpz6ynaudp/support-rulesengine/src/main/java/org/edgexfoundry/messaging/ZeroMQEventSubscriber.java:182: warning: 'method def' child have incorrect indentation level 16, expected level should be 4.
/tmp/tmpz6ynaudp/support-rulesengine/src/main/java/org/edgexfoundry/messaging/ZeroMQEventSubscriber.java:182: warning: Line is longer than 100 characters (found 123).
/tmp/tmpz6ynaudp/support-rulesengine/src/main/java/org/edgexfoundry/messaging/ZeroMQEventSubscriber.java:182:1: warning: Line contains a tab character.
/tmp/tmpz6ynaudp/support-rulesengine/src/main/java/org/edgexfoundry/messaging/ZeroMQEventSubscriber.java:183: warning: 'method def rcurly' have incorrect indentation level 8, expected level should be 2.
/tmp/tmpz6ynaudp/support-rulesengine/src/main/java/org/edgexfoundry/messaging/ZeroMQEventSubscriber.java:183:1: warning: Line contains a tab character.
/tmp/tmpz6ynaudp/support-rulesengine/src/main/java/org/edgexfoundry/messaging/ZeroMQEventSubscriber.java:185: warning: 'method def modifier' have incorrect indentation level 8, expected level should be 2.
/tmp/tmpz6ynaudp/support-rulesengine/src/main/java/org/edgexfoundry/messaging/ZeroMQEventSubscriber.java:185:1: warning: Line contains a tab character.
/tmp/tmpz6ynaudp/support-rulesengine/src/main/java/org/edgexfoundry/messaging/ZeroMQEventSubscriber.java:186: warning: 'member def type' have incorrect indentation level 16, expected level should be 4.
/tmp/tmpz6ynaudp/support-rulesengine/src/main/java/org/edgexfoundry/messaging/ZeroMQEventSubscriber.java:186: warning: 'method def' child have incorrect indentation level 16, expected level should be 4.
/tmp/tmpz6ynaudp/support-rulesengine/src/main/java/org/edgexfoundry/messaging/ZeroMQEventSubscriber.java:186:1: warning: Line contains a tab character.
/tmp/tmpz6ynaudp/support-rulesengine/src/main/java/org/edgexfoundry/messaging/ZeroMQEventSubscriber.java:187: warning: 'member def type' have incorrect indentation level 16, expected level should be 4.
/tmp/tmpz6ynaudp/support-rulesengine/src/main/java/org/edgexfoundry/messaging/ZeroMQEventSubscriber.java:187: warning: 'method def' child have incorrect indentation level 16, expected level should be 4.
/tmp/tmpz6ynaudp/support-rulesengine/src/main/java/org/edgexfoundry/messaging/ZeroMQEventSubscriber.java:187:1: warning: Line contains a tab character.
/tmp/tmpz6ynaudp/support-rulesengine/src/main/java/org/edgexfoundry/messaging/ZeroMQEventSubscriber.java:188: warning: 'method def' child have incorrect indentation level 16, expected level should be 4.
/tmp/tmpz6ynaudp/support-rulesengine/src/main/java/org/edgexfoundry/messaging/ZeroMQEventSubscriber.java:188:1: warning: Line contains a tab character.
/tmp/tmpz6ynaudp/support-rulesengine/src/main/java/org/edgexfoundry/messaging/ZeroMQEventSubscriber.java:189: warning: 'method def rcurly' have incorrect indentation level 8, expected level should be 2.
/tmp/tmpz6ynaudp/support-rulesengine/src/main/java/org/edgexfoundry/messaging/ZeroMQEventSubscriber.java:189:1: warning: Line contains a tab character.
/tmp/tmpz6ynaudp/support-rulesengine/src/main/java/org/edgexfoundry/rule/domain/ValueCheck.java:3: warning: Empty line should be followed by <p> tag on the next line.
/tmp/tmpz6ynaudp/support-rulesengine/src/main/java/org/edgexfoundry/rule/domain/ValueCheck.java:6: warning: Empty line should be followed by <p> tag on the next line.
/tmp/tmpz6ynaudp/support-rulesengine/src/main/java/org/edgexfoundry/rule/domain/ValueCheck.java:8: warning: Empty line should be followed by <p> tag on the next line.
/tmp/tmpz6ynaudp/support-rulesengine/src/main/java/org/edgexfoundry/rule/domain/ValueCheck.java:17: warning: Line continuation have incorrect indentation level, expected level should be 4.
/tmp/tmpz6ynaudp/support-rulesengine/src/main/java/org/edgexfoundry/rule/domain/Condition.java:3: warning: Empty line should be followed by <p> tag on the next line.
/tmp/tmpz6ynaudp/support-rulesengine/src/main/java/org/edgexfoundry/rule/domain/Condition.java:6: warning: Empty line should be followed by <p> tag on the next line.
/tmp/tmpz6ynaudp/support-rulesengine/src/main/java/org/edgexfoundry/rule/domain/Condition.java:8: warning: Empty line should be followed by <p> tag on the next line.
/tmp/tmpz6ynaudp/support-rulesengine/src/main/java/org/edgexfoundry/rule/domain/Condition.java:17: warning: Line continuation have incorrect indentation level, expected level should be 4.
/tmp/tmpz6ynaudp/support-rulesengine/src/main/java/org/edgexfoundry/rule/domain/Condition.java:45:3: warning: Missing a Javadoc comment.
/tmp/tmpz6ynaudp/support-rulesengine/src/main/java/org/edgexfoundry/rule/domain/Condition.java:46: warning: 'if' construct must use '{}'s.
/tmp/tmpz6ynaudp/support-rulesengine/src/main/java/org/edgexfoundry/rule/domain/Rule.java:3: warning: Empty line should be followed by <p> tag on the next line.
/tmp/tmpz6ynaudp/support-rulesengine/src/main/java/org/edgexfoundry/rule/domain/Rule.java:6: warning: Empty line should be followed by <p> tag on the next line.
/tmp/tmpz6ynaudp/support-rulesengine/src/main/java/org/edgexfoundry/rule/domain/Rule.java:8: warning: Empty line should be followed by <p> tag on the next line.
/tmp/tmpz6ynaudp/support-rulesengine/src/main/java/org/edgexfoundry/rule/domain/Rule.java:17: warning: Line continuation have incorrect indentation level, expected level should be 4.
/tmp/tmpz6ynaudp/support-rulesengine/src/main/java/org/edgexfoundry/rule/domain/Action.java:3: warning: Empty line should be followed by <p> tag on the next line.
/tmp/tmpz6ynaudp/support-rulesengine/src/main/java/org/edgexfoundry/rule/domain/Action.java:6: warning: Empty line should be followed by <p> tag on the next line.
/tmp/tmpz6ynaudp/support-rulesengine/src/main/java/org/edgexfoundry/rule/domain/Action.java:8: warning: Empty line should be followed by <p> tag on the next line.
/tmp/tmpz6ynaudp/support-rulesengine/src/main/java/org/edgexfoundry/rule/domain/Action.java:17: warning: Line continuation have incorrect indentation level, expected level should be 4.
/tmp/tmpz6ynaudp/support-rulesengine/src/main/java/org/edgexfoundry/Application.java:3: warning: Empty line should be followed by <p> tag on the next line.
/tmp/tmpz6ynaudp/support-rulesengine/src/main/java/org/edgexfoundry/Application.java:6: warning: Empty line should be followed by <p> tag on the next line.
/tmp/tmpz6ynaudp/support-rulesengine/src/main/java/org/edgexfoundry/Application.java:8: warning: Empty line should be followed by <p> tag on the next line.
/tmp/tmpz6ynaudp/support-rulesengine/src/main/java/org/edgexfoundry/Application.java:17: warning: Line continuation have incorrect indentation level, expected level should be 4.
/tmp/tmpz6ynaudp/support-rulesengine/src/main/java/org/edgexfoundry/Application.java:33:3: warning: Missing a Javadoc comment.
/tmp/tmpz6ynaudp/support-rulesengine/src/main/java/org/edgexfoundry/export/registration/ExportClientImpl.java:3: warning: Empty line should be followed by <p> tag on the next line.
/tmp/tmpz6ynaudp/support-rulesengine/src/main/java/org/edgexfoundry/export/registration/ExportClientImpl.java:6: warning: Empty line should be followed by <p> tag on the next line.
/tmp/tmpz6ynaudp/support-rulesengine/src/main/java/org/edgexfoundry/export/registration/ExportClientImpl.java:8: warning: Empty line should be followed by <p> tag on the next line.
/tmp/tmpz6ynaudp/support-rulesengine/src/main/java/org/edgexfoundry/export/registration/ExportClientImpl.java:17: warning: Line continuation have incorrect indentation level, expected level should be 4.
/tmp/tmpz6ynaudp/support-rulesengine/src/main/java/org/edgexfoundry/export/registration/ExportClientImpl.java:24: warning: Import statement for 'org.edgexfoundry.domain.export.ExportDestination' is in the wrong order. Should be in the 'THIRD_PARTY_PACKAGE' group, expecting not assigned imports on this line.
/tmp/tmpz6ynaudp/support-rulesengine/src/main/java/org/edgexfoundry/export/registration/ExportClientImpl.java:25: warning: Import statement for 'org.edgexfoundry.domain.export.ExportFormat' is in the wrong order. Should be in the 'THIRD_PARTY_PACKAGE' group, expecting not assigned imports on this line.
/tmp/tmpz6ynaudp/support-rulesengine/src/main/java/org/edgexfoundry/export/registration/ExportClientImpl.java:26: warning: Import statement for 'org.edgexfoundry.domain.export.ExportRegistration' is in the wrong order. Should be in the 'THIRD_PARTY_PACKAGE' group, expecting not assigned imports on this line.
/tmp/tmpz6ynaudp/support-rulesengine/src/main/java/org/edgexfoundry/export/registration/ExportClientImpl.java:27: warning: Import statement for 'org.edgexfoundry.domain.meta.Addressable' is in the wrong order. Should be in the 'THIRD_PARTY_PACKAGE' group, expecting not assigned imports on this line.
/tmp/tmpz6ynaudp/support-rulesengine/src/main/java/org/edgexfoundry/export/registration/ExportClientImpl.java:28: warning: Import statement for 'org.edgexfoundry.domain.meta.Protocol' is in the wrong order. Should be in the 'THIRD_PARTY_PACKAGE' group, expecting not assigned imports on this line.
/tmp/tmpz6ynaudp/support-rulesengine/src/main/java/org/edgexfoundry/export/registration/ExportClientImpl.java:29: warning: Import statement for 'org.jboss.resteasy.client.jaxrs.ResteasyClient' is in the wrong order. Should be in the 'THIRD_PARTY_PACKAGE' group, expecting not assigned imports on this line.
/tmp/tmpz6ynaudp/support-rulesengine/src/main/java/org/edgexfoundry/export/registration/ExportClientImpl.java:30: warning: Import statement for 'org.jboss.resteasy.client.jaxrs.ResteasyClientBuilder' is in the wrong order. Should be in the 'THIRD_PARTY_PACKAGE' group, expecting not assigned imports on this line.
/tmp/tmpz6ynaudp/support-rulesengine/src/main/java/org/edgexfoundry/export/registration/ExportClientImpl.java:31: warning: Import statement for 'org.jboss.resteasy.client.jaxrs.ResteasyWebTarget' is in the wrong order. Should be in the 'THIRD_PARTY_PACKAGE' group, expecting not assigned imports on this line.
/tmp/tmpz6ynaudp/support-rulesengine/src/main/java/org/edgexfoundry/export/registration/ExportClientImpl.java:32: warning: Import statement for 'org.springframework.beans.factory.annotation.Value' is in the wrong order. Should be in the 'THIRD_PARTY_PACKAGE' group, expecting not assigned imports on this line.
/tmp/tmpz6ynaudp/support-rulesengine/src/main/java/org/edgexfoundry/export/registration/ExportClientImpl.java:33: warning: Import statement for 'org.springframework.stereotype.Component' is in the wrong order. Should be in the 'THIRD_PARTY_PACKAGE' group, expecting not assigned imports on this line.
/tmp/tmpz6ynaudp/support-rulesengine/src/main/java/org/edgexfoundry/export/registration/ExportClientImpl.java:57:3: warning: Missing a Javadoc comment.
/tmp/tmpz6ynaudp/support-rulesengine/src/main/java/org/edgexfoundry/export/registration/ExportClientImpl.java:81: warning: 'else' construct must use '{}'s.
/tmp/tmpz6ynaudp/support-rulesengine/src/main/java/org/edgexfoundry/export/registration/ExportClientImpl.java:94:3: warning: Missing a Javadoc comment.
/tmp/tmpz6ynaudp/support-rulesengine/src/main/java/org/edgexfoundry/export/registration/ExportClientImpl.java:102:3: warning: Missing a Javadoc comment.
/tmp/tmpz6ynaudp/support-rulesengine/src/main/java/org/edgexfoundry/export/registration/ExportClientImpl.java:105: warning: 'if' construct must use '{}'s.
/tmp/tmpz6ynaudp/support-rulesengine/src/main/java/org/edgexfoundry/export/registration/ExportClient.java:3: warning: Empty line should be followed by <p> tag on the next line.
/tmp/tmpz6ynaudp/support-rulesengine/src/main/java/org/edgexfoundry/export/registration/ExportClient.java:6: warning: Empty line should be followed by <p> tag on the next line.
/tmp/tmpz6ynaudp/support-rulesengine/src/main/java/org/edgexfoundry/export/registration/ExportClient.java:8: warning: Empty line should be followed by <p> tag on the next line.
/tmp/tmpz6ynaudp/support-rulesengine/src/main/java/org/edgexfoundry/export/registration/ExportClient.java:17: warning: Line continuation have incorrect indentation level, expected level should be 4.
/tmp/tmpz6ynaudp/support-rulesengine/src/main/java/org/edgexfoundry/export/registration/ExportClient.java:28: warning: Import statement for 'org.edgexfoundry.domain.export.ExportRegistration' is in the wrong order. Should be in the 'THIRD_PARTY_PACKAGE' group, expecting not assigned imports on this line.
/tmp/tmpz6ynaudp/support-rulesengine/src/test/java/org/edgexfoundry/engine/CommandExecutorTest.java:3: warning: Empty line should be followed by <p> tag on the next line.
/tmp/tmpz6ynaudp/support-rulesengine/src/test/java/org/edgexfoundry/engine/CommandExecutorTest.java:6: warning: Empty line should be followed by <p> tag on the next line.
/tmp/tmpz6ynaudp/support-rulesengine/src/test/java/org/edgexfoundry/engine/CommandExecutorTest.java:8: warning: Empty line should be followed by <p> tag on the next line.
/tmp/tmpz6ynaudp/support-rulesengine/src/test/java/org/edgexfoundry/engine/CommandExecutorTest.java:17: warning: Line continuation have incorrect indentation level, expected level should be 4.
/tmp/tmpz6ynaudp/support-rulesengine/src/test/java/org/edgexfoundry/engine/RunEngineTest.java:3: warning: Empty line should be followed by <p> tag on the next line.
/tmp/tmpz6ynaudp/support-rulesengine/src/test/java/org/edgexfoundry/engine/RunEngineTest.java:6: warning: Empty line should be followed by <p> tag on the next line.
/tmp/tmpz6ynaudp/support-rulesengine/src/test/java/org/edgexfoundry/engine/RunEngineTest.java:8: warning: Empty line should be followed by <p> tag on the next line.
/tmp/tmpz6ynaudp/support-rulesengine/src/test/java/org/edgexfoundry/engine/RunEngineTest.java:17: warning: Line continuation have incorrect indentation level, expected level should be 4.
/tmp/tmpz6ynaudp/support-rulesengine/src/test/java/org/edgexfoundry/engine/RunEngineTest.java:33:50: warning: WhitespaceAround: '=' is not followed by whitespace. Empty blocks may only be represented as {} when not part of a multi-block statement (4.1.3)
/tmp/tmpz6ynaudp/support-rulesengine/src/test/java/org/edgexfoundry/engine/RunEngineTest.java:34:49: warning: WhitespaceAround: '=' is not preceded with whitespace.
/tmp/tmpz6ynaudp/support-rulesengine/src/test/java/org/edgexfoundry/engine/RunEngineTest.java:34:50: warning: WhitespaceAround: '=' is not followed by whitespace. Empty blocks may only be represented as {} when not part of a multi-block statement (4.1.3)
/tmp/tmpz6ynaudp/support-rulesengine/src/test/java/org/edgexfoundry/engine/RunEngineTest.java:42:3: warning: Missing a Javadoc comment.
/tmp/tmpz6ynaudp/support-rulesengine/src/test/java/org/edgexfoundry/engine/integration/RuleEngineTest.java:3: warning: Empty line should be followed by <p> tag on the next line.
/tmp/tmpz6ynaudp/support-rulesengine/src/test/java/org/edgexfoundry/engine/integration/RuleEngineTest.java:6: warning: Empty line should be followed by <p> tag on the next line.
/tmp/tmpz6ynaudp/support-rulesengine/src/test/java/org/edgexfoundry/engine/integration/RuleEngineTest.java:8: warning: Empty line should be followed by <p> tag on the next line.
/tmp/tmpz6ynaudp/support-rulesengine/src/test/java/org/edgexfoundry/engine/integration/RuleEngineTest.java:17: warning: Line continuation have incorrect indentation level, expected level should be 4.
/tmp/tmpz6ynaudp/support-rulesengine/src/test/java/org/edgexfoundry/engine/integration/RuleEngineTest.java:24: warning: Import statement for 'java.io.IOException' is in the wrong order. Should be in the 'STANDARD_JAVA_PACKAGE' group, expecting group 'THIRD_PARTY_PACKAGE' on this line.
/tmp/tmpz6ynaudp/support-rulesengine/src/test/java/org/edgexfoundry/engine/integration/RuleEngineTest.java:25: warning: Import statement for 'java.nio.file.Files' is in the wrong order. Should be in the 'STANDARD_JAVA_PACKAGE' group, expecting group 'THIRD_PARTY_PACKAGE' on this line.
/tmp/tmpz6ynaudp/support-rulesengine/src/test/java/org/edgexfoundry/engine/integration/RuleEngineTest.java:26: warning: Import statement for 'java.nio.file.Paths' is in the wrong order. Should be in the 'STANDARD_JAVA_PACKAGE' group, expecting group 'THIRD_PARTY_PACKAGE' on this line.
/tmp/tmpz6ynaudp/support-rulesengine/src/test/java/org/edgexfoundry/engine/integration/RuleEngineTest.java:27: warning: Import statement for 'java.util.List' is in the wrong order. Should be in the 'STANDARD_JAVA_PACKAGE' group, expecting group 'THIRD_PARTY_PACKAGE' on this line.
/tmp/tmpz6ynaudp/support-rulesengine/src/test/java/org/edgexfoundry/engine/integration/RuleEngineTest.java:70:3: warning: Missing a Javadoc comment.
/tmp/tmpz6ynaudp/support-rulesengine/src/test/java/org/edgexfoundry/engine/RuleCreatorTest.java:3: warning: Empty line should be followed by <p> tag on the next line.
/tmp/tmpz6ynaudp/support-rulesengine/src/test/java/org/edgexfoundry/engine/RuleCreatorTest.java:6: warning: Empty line should be followed by <p> tag on the next line.
/tmp/tmpz6ynaudp/support-rulesengine/src/test/java/org/edgexfoundry/engine/RuleCreatorTest.java:8: warning: Empty line should be followed by <p> tag on the next line.
/tmp/tmpz6ynaudp/support-rulesengine/src/test/java/org/edgexfoundry/engine/RuleCreatorTest.java:17: warning: Line continuation have incorrect indentation level, expected level should be 4.
/tmp/tmpz6ynaudp/support-rulesengine/src/test/java/org/edgexfoundry/engine/RuleCreatorTest.java:23: warning: Import statement for 'java.io.IOException' is in the wrong order. Should be in the 'STANDARD_JAVA_PACKAGE' group, expecting group 'THIRD_PARTY_PACKAGE' on this line.
/tmp/tmpz6ynaudp/support-rulesengine/src/test/java/org/edgexfoundry/engine/RuleCreatorTest.java:24: warning: Import statement for 'java.nio.file.Files' is in the wrong order. Should be in the 'STANDARD_JAVA_PACKAGE' group, expecting group 'THIRD_PARTY_PACKAGE' on this line.
/tmp/tmpz6ynaudp/support-rulesengine/src/test/java/org/edgexfoundry/engine/RuleCreatorTest.java:25: warning: Import statement for 'java.nio.file.Paths' is in the wrong order. Should be in the 'STANDARD_JAVA_PACKAGE' group, expecting group 'THIRD_PARTY_PACKAGE' on this line.
/tmp/tmpz6ynaudp/support-rulesengine/src/test/java/org/edgexfoundry/engine/RuleCreatorTest.java:37: warning: Wrong lexicographical order for 'freemarker.template.TemplateException' import. Should be before 'org.mockito.MockitoAnnotations'.
/tmp/tmpz6ynaudp/support-rulesengine/src/test/java/org/edgexfoundry/engine/RuleCreatorTest.java:54:3: warning: Missing a Javadoc comment.
/tmp/tmpz6ynaudp/support-rulesengine/src/test/java/org/edgexfoundry/engine/RuleCreatorTest.java:78: warning: Abbreviation in name must contain no more than '1' capital letters.
/tmp/tmpz6ynaudp/support-rulesengine/src/test/java/org/edgexfoundry/controller/PingControllerTest.java:3: warning: Empty line should be followed by <p> tag on the next line.
/tmp/tmpz6ynaudp/support-rulesengine/src/test/java/org/edgexfoundry/controller/PingControllerTest.java:6: warning: Empty line should be followed by <p> tag on the next line.
/tmp/tmpz6ynaudp/support-rulesengine/src/test/java/org/edgexfoundry/controller/PingControllerTest.java:8: warning: Empty line should be followed by <p> tag on the next line.
/tmp/tmpz6ynaudp/support-rulesengine/src/test/java/org/edgexfoundry/controller/PingControllerTest.java:17: warning: Line continuation have incorrect indentation level, expected level should be 4.
/tmp/tmpz6ynaudp/support-rulesengine/src/test/java/org/edgexfoundry/controller/RuleEngineControllerTest.java:3: warning: Empty line should be followed by <p> tag on the next line.
/tmp/tmpz6ynaudp/support-rulesengine/src/test/java/org/edgexfoundry/controller/RuleEngineControllerTest.java:6: warning: Empty line should be followed by <p> tag on the next line.
/tmp/tmpz6ynaudp/support-rulesengine/src/test/java/org/edgexfoundry/controller/RuleEngineControllerTest.java:8: warning: Empty line should be followed by <p> tag on the next line.
/tmp/tmpz6ynaudp/support-rulesengine/src/test/java/org/edgexfoundry/controller/RuleEngineControllerTest.java:17: warning: Line continuation have incorrect indentation level, expected level should be 4.
/tmp/tmpz6ynaudp/support-rulesengine/src/test/java/org/edgexfoundry/controller/RuleEngineControllerTest.java:24: warning: Import statement for 'java.io.IOException' is in the wrong order. Should be in the 'STANDARD_JAVA_PACKAGE' group, expecting group 'THIRD_PARTY_PACKAGE' on this line.
/tmp/tmpz6ynaudp/support-rulesengine/src/test/java/org/edgexfoundry/controller/RuleEngineControllerTest.java:25: warning: Import statement for 'java.util.ArrayList' is in the wrong order. Should be in the 'STANDARD_JAVA_PACKAGE' group, expecting group 'THIRD_PARTY_PACKAGE' on this line.
/tmp/tmpz6ynaudp/support-rulesengine/src/test/java/org/edgexfoundry/controller/RuleEngineControllerTest.java:26: warning: Import statement for 'java.util.List' is in the wrong order. Should be in the 'STANDARD_JAVA_PACKAGE' group, expecting group 'THIRD_PARTY_PACKAGE' on this line.
/tmp/tmpz6ynaudp/support-rulesengine/src/test/java/org/edgexfoundry/controller/RuleEngineControllerTest.java:43: warning: Wrong lexicographical order for 'freemarker.template.TemplateException' import. Should be before 'org.mockito.MockitoAnnotations'.
/tmp/tmpz6ynaudp/support-rulesengine/src/test/java/org/edgexfoundry/controller/integration/RuleEngineControllerTest.java:3: warning: Empty line should be followed by <p> tag on the next line.
/tmp/tmpz6ynaudp/support-rulesengine/src/test/java/org/edgexfoundry/controller/integration/RuleEngineControllerTest.java:6: warning: Empty line should be followed by <p> tag on the next line.
/tmp/tmpz6ynaudp/support-rulesengine/src/test/java/org/edgexfoundry/controller/integration/RuleEngineControllerTest.java:8: warning: Empty line should be followed by <p> tag on the next line.
/tmp/tmpz6ynaudp/support-rulesengine/src/test/java/org/edgexfoundry/controller/integration/RuleEngineControllerTest.java:17: warning: Line continuation have incorrect indentation level, expected level should be 4.
/tmp/tmpz6ynaudp/support-rulesengine/src/test/java/org/edgexfoundry/controller/integration/RuleEngineControllerTest.java:24: warning: Import statement for 'java.io.IOException' is in the wrong order. Should be in the 'STANDARD_JAVA_PACKAGE' group, expecting group 'THIRD_PARTY_PACKAGE' on this line.
/tmp/tmpz6ynaudp/support-rulesengine/src/test/java/org/edgexfoundry/controller/integration/RuleEngineControllerTest.java:25: warning: Import statement for 'java.lang.reflect.Field' is in the wrong order. Should be in the 'STANDARD_JAVA_PACKAGE' group, expecting group 'THIRD_PARTY_PACKAGE' on this line.
/tmp/tmpz6ynaudp/support-rulesengine/src/test/java/org/edgexfoundry/controller/integration/RuleEngineControllerTest.java:26: warning: Import statement for 'java.nio.file.Files' is in the wrong order. Should be in the 'STANDARD_JAVA_PACKAGE' group, expecting group 'THIRD_PARTY_PACKAGE' on this line.
/tmp/tmpz6ynaudp/support-rulesengine/src/test/java/org/edgexfoundry/controller/integration/RuleEngineControllerTest.java:27: warning: Import statement for 'java.nio.file.Paths' is in the wrong order. Should be in the 'STANDARD_JAVA_PACKAGE' group, expecting group 'THIRD_PARTY_PACKAGE' on this line.
/tmp/tmpz6ynaudp/support-rulesengine/src/test/java/org/edgexfoundry/controller/integration/RuleEngineControllerTest.java:28: warning: Import statement for 'java.util.List' is in the wrong order. Should be in the 'STANDARD_JAVA_PACKAGE' group, expecting group 'THIRD_PARTY_PACKAGE' on this line.
/tmp/tmpz6ynaudp/support-rulesengine/src/test/java/org/edgexfoundry/controller/integration/RuleEngineControllerTest.java:81:3: warning: Missing a Javadoc comment.
/tmp/tmpz6ynaudp/support-rulesengine/src/test/java/org/edgexfoundry/messaging/ZeroMQEventSubscriberTest.java:3: warning: Empty line should be followed by <p> tag on the next line.
/tmp/tmpz6ynaudp/support-rulesengine/src/test/java/org/edgexfoundry/messaging/ZeroMQEventSubscriberTest.java:6: warning: Empty line should be followed by <p> tag on the next line.
/tmp/tmpz6ynaudp/support-rulesengine/src/test/java/org/edgexfoundry/messaging/ZeroMQEventSubscriberTest.java:8: warning: Empty line should be followed by <p> tag on the next line.
/tmp/tmpz6ynaudp/support-rulesengine/src/test/java/org/edgexfoundry/messaging/ZeroMQEventSubscriberTest.java:17: warning: Line continuation have incorrect indentation level, expected level should be 4.
/tmp/tmpz6ynaudp/support-rulesengine/src/test/java/org/edgexfoundry/messaging/ZeroMQEventSubscriberTest.java:29: warning: Abbreviation in name must contain no more than '1' capital letters.
/tmp/tmpz6ynaudp/support-rulesengine/src/test/java/org/edgexfoundry/rule/domain/data/ActionData.java:3: warning: Empty line should be followed by <p> tag on the next line.
/tmp/tmpz6ynaudp/support-rulesengine/src/test/java/org/edgexfoundry/rule/domain/data/ActionData.java:6: warning: Empty line should be followed by <p> tag on the next line.
/tmp/tmpz6ynaudp/support-rulesengine/src/test/java/org/edgexfoundry/rule/domain/data/ActionData.java:8: warning: Empty line should be followed by <p> tag on the next line.
/tmp/tmpz6ynaudp/support-rulesengine/src/test/java/org/edgexfoundry/rule/domain/data/ActionData.java:17: warning: Line continuation have incorrect indentation level, expected level should be 4.
/tmp/tmpz6ynaudp/support-rulesengine/src/test/java/org/edgexfoundry/rule/domain/data/ActionData.java:30:3: warning: Missing a Javadoc comment.
/tmp/tmpz6ynaudp/support-rulesengine/src/test/java/org/edgexfoundry/rule/domain/data/RuleData.java:3: warning: Empty line should be followed by <p> tag on the next line.
/tmp/tmpz6ynaudp/support-rulesengine/src/test/java/org/edgexfoundry/rule/domain/data/RuleData.java:6: warning: Empty line should be followed by <p> tag on the next line.
/tmp/tmpz6ynaudp/support-rulesengine/src/test/java/org/edgexfoundry/rule/domain/data/RuleData.java:8: warning: Empty line should be followed by <p> tag on the next line.
/tmp/tmpz6ynaudp/support-rulesengine/src/test/java/org/edgexfoundry/rule/domain/data/RuleData.java:17: warning: Line continuation have incorrect indentation level, expected level should be 4.
/tmp/tmpz6ynaudp/support-rulesengine/src/test/java/org/edgexfoundry/rule/domain/data/RuleData.java:29:3: warning: Missing a Javadoc comment.
/tmp/tmpz6ynaudp/support-rulesengine/src/test/java/org/edgexfoundry/rule/domain/data/ConditionData.java:3: warning: Empty line should be followed by <p> tag on the next line.
/tmp/tmpz6ynaudp/support-rulesengine/src/test/java/org/edgexfoundry/rule/domain/data/ConditionData.java:6: warning: Empty line should be followed by <p> tag on the next line.
/tmp/tmpz6ynaudp/support-rulesengine/src/test/java/org/edgexfoundry/rule/domain/data/ConditionData.java:8: warning: Empty line should be followed by <p> tag on the next line.
/tmp/tmpz6ynaudp/support-rulesengine/src/test/java/org/edgexfoundry/rule/domain/data/ConditionData.java:17: warning: Line continuation have incorrect indentation level, expected level should be 4.
/tmp/tmpz6ynaudp/support-rulesengine/src/test/java/org/edgexfoundry/rule/domain/data/ConditionData.java:24: warning: Import statement for 'org.edgexfoundry.rule.domain.Condition' is in the wrong order. Should be in the 'THIRD_PARTY_PACKAGE' group, expecting not assigned imports on this line.
/tmp/tmpz6ynaudp/support-rulesengine/src/test/java/org/edgexfoundry/rule/domain/data/ConditionData.java:25: warning: Import statement for 'org.edgexfoundry.rule.domain.ValueCheck' is in the wrong order. Should be in the 'THIRD_PARTY_PACKAGE' group, expecting not assigned imports on this line.
/tmp/tmpz6ynaudp/support-rulesengine/src/test/java/org/edgexfoundry/rule/domain/data/ConditionData.java:31:3: warning: Missing a Javadoc comment.
/tmp/tmpz6ynaudp/support-rulesengine/src/test/java/org/edgexfoundry/rule/domain/data/ValueCheckData.java:3: warning: Empty line should be followed by <p> tag on the next line.
/tmp/tmpz6ynaudp/support-rulesengine/src/test/java/org/edgexfoundry/rule/domain/data/ValueCheckData.java:6: warning: Empty line should be followed by <p> tag on the next line.
/tmp/tmpz6ynaudp/support-rulesengine/src/test/java/org/edgexfoundry/rule/domain/data/ValueCheckData.java:8: warning: Empty line should be followed by <p> tag on the next line.
/tmp/tmpz6ynaudp/support-rulesengine/src/test/java/org/edgexfoundry/rule/domain/data/ValueCheckData.java:17: warning: Line continuation have incorrect indentation level, expected level should be 4.
/tmp/tmpz6ynaudp/support-rulesengine/src/test/java/org/edgexfoundry/rule/domain/data/ValueCheckData.java:30:3: warning: Missing a Javadoc comment.
/tmp/tmpz6ynaudp/support-rulesengine/src/test/java/org/edgexfoundry/export/registration/integration/web/TestHttpServletRequest.java:3: warning: Empty line should be followed by <p> tag on the next line.
/tmp/tmpz6ynaudp/support-rulesengine/src/test/java/org/edgexfoundry/export/registration/integration/web/TestHttpServletRequest.java:6: warning: Empty line should be followed by <p> tag on the next line.
/tmp/tmpz6ynaudp/support-rulesengine/src/test/java/org/edgexfoundry/export/registration/integration/web/TestHttpServletRequest.java:8: warning: Empty line should be followed by <p> tag on the next line.
/tmp/tmpz6ynaudp/support-rulesengine/src/test/java/org/edgexfoundry/export/registration/integration/web/TestHttpServletRequest.java:17: warning: Line continuation have incorrect indentation level, expected level should be 4.
/tmp/tmpz6ynaudp/support-rulesengine/src/test/java/org/edgexfoundry/export/registration/integration/web/ExportClientImplTest.java:3: warning: Empty line should be followed by <p> tag on the next line.
/tmp/tmpz6ynaudp/support-rulesengine/src/test/java/org/edgexfoundry/export/registration/integration/web/ExportClientImplTest.java:6: warning: Empty line should be followed by <p> tag on the next line.
/tmp/tmpz6ynaudp/support-rulesengine/src/test/java/org/edgexfoundry/export/registration/integration/web/ExportClientImplTest.java:8: warning: Empty line should be followed by <p> tag on the next line.
/tmp/tmpz6ynaudp/support-rulesengine/src/test/java/org/edgexfoundry/export/registration/integration/web/ExportClientImplTest.java:17: warning: Line continuation have incorrect indentation level, expected level should be 4.
/tmp/tmpz6ynaudp/support-rulesengine/src/test/java/org/edgexfoundry/export/registration/integration/web/LocalErrorControllerTest.java:3: warning: Empty line should be followed by <p> tag on the next line.
/tmp/tmpz6ynaudp/support-rulesengine/src/test/java/org/edgexfoundry/export/registration/integration/web/LocalErrorControllerTest.java:6: warning: Empty line should be followed by <p> tag on the next line.
/tmp/tmpz6ynaudp/support-rulesengine/src/test/java/org/edgexfoundry/export/registration/integration/web/LocalErrorControllerTest.java:8: warning: Empty line should be followed by <p> tag on the next line.
/tmp/tmpz6ynaudp/support-rulesengine/src/test/java/org/edgexfoundry/export/registration/integration/web/LocalErrorControllerTest.java:17: warning: Line continuation have incorrect indentation level, expected level should be 4.
/tmp/tmpz6ynaudp/support-rulesengine/src/test/java/org/edgexfoundry/export/registration/integration/web/TestHttpServletResponse.java:3: warning: Empty line should be followed by <p> tag on the next line.
/tmp/tmpz6ynaudp/support-rulesengine/src/test/java/org/edgexfoundry/export/registration/integration/web/TestHttpServletResponse.java:6: warning: Empty line should be followed by <p> tag on the next line.
/tmp/tmpz6ynaudp/support-rulesengine/src/test/java/org/edgexfoundry/export/registration/integration/web/TestHttpServletResponse.java:8: warning: Empty line should be followed by <p> tag on the next line.
/tmp/tmpz6ynaudp/support-rulesengine/src/test/java/org/edgexfoundry/export/registration/integration/web/TestHttpServletResponse.java:17: warning: Line continuation have incorrect indentation level, expected level should be 4.
Audit done.
[INFO] 
[INFO] --- jacoco-maven-plugin:0.8.5:prepare-agent (default) @ support-rulesengine ---
[INFO] argLine set to -javaagent:/home/jdbl/.m2/repository/org/jacoco/org.jacoco.agent/0.8.5/org.jacoco.agent-0.8.5-runtime.jar=destfile=/tmp/tmpz6ynaudp/support-rulesengine/target/jacoco.exec
[INFO] 
[INFO] --- maven-resources-plugin:2.6:resources (default-resources) @ support-rulesengine ---
[INFO] Using 'UTF-8' encoding to copy filtered resources.
[INFO] Copying 1 resource
[INFO] Copying 3 resources
[INFO] 
[INFO] --- maven-compiler-plugin:3.1:compile (default-compile) @ support-rulesengine ---
[INFO] Changes detected - recompiling the module!
[INFO] Compiling 17 source files to /tmp/tmpz6ynaudp/support-rulesengine/target/classes
[INFO] 
[INFO] --- maven-resources-plugin:2.6:testResources (default-testResources) @ support-rulesengine ---
[INFO] Using 'UTF-8' encoding to copy filtered resources.
[INFO] Copying 4 resources
[INFO] 
[INFO] --- maven-compiler-plugin:3.1:testCompile (default-testCompile) @ support-rulesengine ---
[INFO] Changes detected - recompiling the module!
[INFO] Compiling 16 source files to /tmp/tmpz6ynaudp/support-rulesengine/target/test-classes
[WARNING] /tmp/tmpz6ynaudp/support-rulesengine/src/test/java/org/edgexfoundry/export/registration/integration/web/TestHttpServletRequest.java: Some input files use or override a deprecated API.
[WARNING] /tmp/tmpz6ynaudp/support-rulesengine/src/test/java/org/edgexfoundry/export/registration/integration/web/TestHttpServletRequest.java: Recompile with -Xlint:deprecation for details.
[INFO] 
[INFO] --- maven-surefire-plugin:2.19.1:test (default-test) @ support-rulesengine ---
[INFO] Surefire report directory: /tmp/tmpz6ynaudp/support-rulesengine/target/surefire-reports
[INFO] parallel='none', perCoreThreadCount=true, threadCount=0, useUnlimitedThreads=false, threadCountSuites=0, threadCountClasses=0, threadCountMethods=0, parallelOptimized=true

-------------------------------------------------------
 T E S T S
-------------------------------------------------------
log4j:WARN No appenders could be found for logger (org.springframework.test.context.junit4.SpringJUnit4ClassRunner).
log4j:WARN Please initialize the log4j system properly.
log4j:WARN See http://logging.apache.org/log4j/1.2/faq.html#noconfig for more info.
Running org.edgexfoundry.engine.CommandExecutorTest
Tests run: 3, Failures: 0, Errors: 0, Skipped: 0, Time elapsed: 0.451 sec - in org.edgexfoundry.engine.CommandExecutorTest
Running org.edgexfoundry.engine.RuleCreatorTest
Tests run: 5, Failures: 0, Errors: 0, Skipped: 0, Time elapsed: 0.208 sec - in org.edgexfoundry.engine.RuleCreatorTest
Running org.edgexfoundry.controller.RuleEngineControllerTest
Tests run: 6, Failures: 0, Errors: 0, Skipped: 0, Time elapsed: 0.021 sec - in org.edgexfoundry.controller.RuleEngineControllerTest
Running org.edgexfoundry.controller.PingControllerTest
Tests run: 1, Failures: 0, Errors: 0, Skipped: 0, Time elapsed: 0.004 sec - in org.edgexfoundry.controller.PingControllerTest
Running org.edgexfoundry.messaging.ZeroMQEventSubscriberTest
Tests run: 2, Failures: 0, Errors: 0, Skipped: 0, Time elapsed: 0.755 sec - in org.edgexfoundry.messaging.ZeroMQEventSubscriberTest

Results :

Tests run: 17, Failures: 0, Errors: 0, Skipped: 0

[INFO] 
[INFO] --- jacoco-maven-plugin:0.8.5:report (report) @ support-rulesengine ---
[INFO] Loading execution data file /tmp/tmpz6ynaudp/support-rulesengine/target/jacoco.exec
[INFO] Analyzed bundle 'EdgeX Foundry Rules Engine Micro Service' with 287 classes
[INFO] ------------------------------------------------------------------------
[INFO] BUILD SUCCESS
[INFO] ------------------------------------------------------------------------
[INFO] Total time:  07:07 min
[INFO] Finished at: 2020-08-03T10:16:00Z
[INFO] ------------------------------------------------------------------------
