[INFO] Error stacktraces are turned on.
[INFO] Scanning for projects...
[WARNING] 
[WARNING] Some problems were encountered while building the effective model for com.j256.ormlite:ormlite-jdbc:jar:5.1
[WARNING] The expression ${version} is deprecated. Please use ${project.version} instead.
[WARNING] 
[WARNING] It is highly recommended to fix these problems because they threaten the stability of your build.
[WARNING] 
[WARNING] For this reason, future Maven versions might no longer support building such malformed projects.
[WARNING] 
[INFO] 
[INFO] -------------------< com.j256.ormlite:ormlite-jdbc >--------------------
[INFO] Building ORMLite JDBC 5.1
[INFO] --------------------------------[ jar ]---------------------------------
[INFO] 
[INFO] --- maven-enforcer-plugin:1.0:enforce (enforce-maven) @ ormlite-jdbc ---
[INFO] 
[INFO] --- replacer:1.5.0:replace (validate) @ ormlite-jdbc ---
[INFO] Replacement run on 1 file.
[INFO] 
[INFO] --- jacoco-maven-plugin:0.7.7.201606060606:prepare-agent (default) @ ormlite-jdbc ---
[INFO] argLine set to -javaagent:/home/jdbl/.m2/repository/org/jacoco/org.jacoco.agent/0.7.7.201606060606/org.jacoco.agent-0.7.7.201606060606-runtime.jar=destfile=/tmp/tmpfe3_i6_a/ormlite-jdbc/target/jacoco.exec
[INFO] 
[INFO] --- maven-resources-plugin:2.6:resources (default-resources) @ ormlite-jdbc ---
[INFO] Using 'UTF-8' encoding to copy filtered resources.
[INFO] Copying 2 resources
[INFO] 
[INFO] --- maven-compiler-plugin:2.5.1:compile (default-compile) @ ormlite-jdbc ---
[INFO] Compiling 27 source files to /tmp/tmpfe3_i6_a/ormlite-jdbc/target/classes
[INFO] 
[INFO] --- maven-resources-plugin:2.6:testResources (default-testResources) @ ormlite-jdbc ---
[INFO] Using 'UTF-8' encoding to copy filtered resources.
[INFO] Copying 1 resource
[INFO] 
[INFO] --- maven-compiler-plugin:2.5.1:testCompile (default-testCompile) @ ormlite-jdbc ---
[INFO] Compiling 50 source files to /tmp/tmpfe3_i6_a/ormlite-jdbc/target/test-classes
[INFO] 
[INFO] --- maven-surefire-plugin:2.12.4:test (default-test) @ ormlite-jdbc ---
[INFO] Surefire report directory: /tmp/tmpfe3_i6_a/ormlite-jdbc/target/surefire-reports

-------------------------------------------------------
 T E S T S
-------------------------------------------------------
Running com.j256.ormlite.stmt.JdbcQueryBuilderTest
ERROR StatusLogger Unable to locate a logging implementation, using SimpleLogger
Expected: java.sql.SQLException: Column value has not been set for id
java.sql.SQLException: Column value has not been set for id
	at com.j256.ormlite.stmt.BaseArgumentHolder.getSqlArgValue(BaseArgumentHolder.java:84)
	at com.j256.ormlite.stmt.mapped.MappedPreparedStmt.assignStatementArguments(MappedPreparedStmt.java:101)
	at com.j256.ormlite.stmt.mapped.MappedPreparedStmt.compile(MappedPreparedStmt.java:58)
	at com.j256.ormlite.stmt.StatementExecutor.buildIterator(StatementExecutor.java:246)
	at com.j256.ormlite.stmt.StatementExecutor.query(StatementExecutor.java:197)
	at com.j256.ormlite.dao.BaseDaoImpl.query(BaseDaoImpl.java:278)
	at com.j256.ormlite.stmt.JdbcQueryBuilderTest.testSelectArgsNotSet(JdbcQueryBuilderTest.java:134)
	at sun.reflect.NativeMethodAccessorImpl.invoke0(Native Method)
	at sun.reflect.NativeMethodAccessorImpl.invoke(NativeMethodAccessorImpl.java:62)
	at sun.reflect.DelegatingMethodAccessorImpl.invoke(DelegatingMethodAccessorImpl.java:43)
	at java.lang.reflect.Method.invoke(Method.java:498)
	at org.junit.runners.model.FrameworkMethod$1.runReflectiveCall(FrameworkMethod.java:44)
	at org.junit.internal.runners.model.ReflectiveCallable.run(ReflectiveCallable.java:15)
	at org.junit.runners.model.FrameworkMethod.invokeExplosively(FrameworkMethod.java:41)
	at org.junit.internal.runners.statements.InvokeMethod.evaluate(InvokeMethod.java:20)
	at org.junit.internal.runners.statements.RunBefores.evaluate(RunBefores.java:28)
	at org.junit.internal.runners.statements.RunAfters.evaluate(RunAfters.java:31)
	at com.j256.ormlite.BaseJdbcTest$PossibleExceptionRule$StatementWrapper.evaluate(BaseJdbcTest.java:250)
	at org.junit.runners.BlockJUnit4ClassRunner.runChild(BlockJUnit4ClassRunner.java:76)
	at org.junit.runners.BlockJUnit4ClassRunner.runChild(BlockJUnit4ClassRunner.java:50)
	at org.junit.runners.ParentRunner$3.run(ParentRunner.java:193)
	at org.junit.runners.ParentRunner$1.schedule(ParentRunner.java:52)
	at org.junit.runners.ParentRunner.runChildren(ParentRunner.java:191)
	at org.junit.runners.ParentRunner.access$000(ParentRunner.java:42)
	at org.junit.runners.ParentRunner$2.evaluate(ParentRunner.java:184)
	at org.junit.runners.ParentRunner.run(ParentRunner.java:236)
	at org.apache.maven.surefire.junit4.JUnit4Provider.execute(JUnit4Provider.java:252)
	at org.apache.maven.surefire.junit4.JUnit4Provider.executeTestSet(JUnit4Provider.java:141)
	at org.apache.maven.surefire.junit4.JUnit4Provider.invoke(JUnit4Provider.java:112)
	at sun.reflect.NativeMethodAccessorImpl.invoke0(Native Method)
	at sun.reflect.NativeMethodAccessorImpl.invoke(NativeMethodAccessorImpl.java:62)
	at sun.reflect.DelegatingMethodAccessorImpl.invoke(DelegatingMethodAccessorImpl.java:43)
	at java.lang.reflect.Method.invoke(Method.java:498)
	at org.apache.maven.surefire.util.ReflectionUtils.invokeMethodWithArray(ReflectionUtils.java:189)
	at org.apache.maven.surefire.booter.ProviderFactory$ProviderProxy.invoke(ProviderFactory.java:165)
	at org.apache.maven.surefire.booter.ProviderFactory.invokeProvider(ProviderFactory.java:85)
	at org.apache.maven.surefire.booter.ForkedBooter.runSuitesInProcess(ForkedBooter.java:115)
	at org.apache.maven.surefire.booter.ForkedBooter.main(ForkedBooter.java:75)
Tests run: 48, Failures: 0, Errors: 0, Skipped: 0, Time elapsed: 2.28 sec
Running com.j256.ormlite.misc.JdbcTransactionManagerTest
Tests run: 5, Failures: 0, Errors: 0, Skipped: 0, Time elapsed: 0.074 sec
Running com.j256.ormlite.spring.DaoFactoryTest
Tests run: 2, Failures: 0, Errors: 0, Skipped: 0, Time elapsed: 0.101 sec
Running com.j256.ormlite.spring.TableCreatorTest
Was unable to auto-drop table for class com.j256.ormlite.spring.TableCreatorTest$Foo
java.sql.SQLException: SQL statement failed: DROP TABLE `foo` 
	at com.j256.ormlite.misc.SqlExceptionUtil.create(SqlExceptionUtil.java:25)
	at com.j256.ormlite.table.TableUtils.doStatements(TableUtils.java:423)
	at com.j256.ormlite.table.TableUtils.doDropTable(TableUtils.java:277)
	at com.j256.ormlite.table.TableUtils.dropTable(TableUtils.java:208)
	at com.j256.ormlite.spring.TableCreator.destroy(TableCreator.java:115)
	at com.j256.ormlite.spring.TableCreator.maybeDropTables(TableCreator.java:106)
	at com.j256.ormlite.spring.TableCreatorTest.testDestroyDoesntExist(TableCreatorTest.java:121)
	at sun.reflect.NativeMethodAccessorImpl.invoke0(Native Method)
	at sun.reflect.NativeMethodAccessorImpl.invoke(NativeMethodAccessorImpl.java:62)
	at sun.reflect.DelegatingMethodAccessorImpl.invoke(DelegatingMethodAccessorImpl.java:43)
	at java.lang.reflect.Method.invoke(Method.java:498)
	at org.junit.runners.model.FrameworkMethod$1.runReflectiveCall(FrameworkMethod.java:44)
	at org.junit.internal.runners.model.ReflectiveCallable.run(ReflectiveCallable.java:15)
	at org.junit.runners.model.FrameworkMethod.invokeExplosively(FrameworkMethod.java:41)
	at org.junit.internal.runners.statements.InvokeMethod.evaluate(InvokeMethod.java:20)
	at org.junit.internal.runners.statements.RunBefores.evaluate(RunBefores.java:28)
	at org.junit.internal.runners.statements.RunAfters.evaluate(RunAfters.java:31)
	at com.j256.ormlite.BaseJdbcTest$PossibleExceptionRule$StatementWrapper.evaluate(BaseJdbcTest.java:250)
	at org.junit.runners.BlockJUnit4ClassRunner.runChild(BlockJUnit4ClassRunner.java:76)
	at org.junit.runners.BlockJUnit4ClassRunner.runChild(BlockJUnit4ClassRunner.java:50)
	at org.junit.runners.ParentRunner$3.run(ParentRunner.java:193)
	at org.junit.runners.ParentRunner$1.schedule(ParentRunner.java:52)
	at org.junit.runners.ParentRunner.runChildren(ParentRunner.java:191)
	at org.junit.runners.ParentRunner.access$000(ParentRunner.java:42)
	at org.junit.runners.ParentRunner$2.evaluate(ParentRunner.java:184)
	at org.junit.runners.ParentRunner.run(ParentRunner.java:236)
	at org.apache.maven.surefire.junit4.JUnit4Provider.execute(JUnit4Provider.java:252)
	at org.apache.maven.surefire.junit4.JUnit4Provider.executeTestSet(JUnit4Provider.java:141)
	at org.apache.maven.surefire.junit4.JUnit4Provider.invoke(JUnit4Provider.java:112)
	at sun.reflect.NativeMethodAccessorImpl.invoke0(Native Method)
	at sun.reflect.NativeMethodAccessorImpl.invoke(NativeMethodAccessorImpl.java:62)
	at sun.reflect.DelegatingMethodAccessorImpl.invoke(DelegatingMethodAccessorImpl.java:43)
	at java.lang.reflect.Method.invoke(Method.java:498)
	at org.apache.maven.surefire.util.ReflectionUtils.invokeMethodWithArray(ReflectionUtils.java:189)
	at org.apache.maven.surefire.booter.ProviderFactory$ProviderProxy.invoke(ProviderFactory.java:165)
	at org.apache.maven.surefire.booter.ProviderFactory.invokeProvider(ProviderFactory.java:85)
	at org.apache.maven.surefire.booter.ForkedBooter.runSuitesInProcess(ForkedBooter.java:115)
	at org.apache.maven.surefire.booter.ForkedBooter.main(ForkedBooter.java:75)
Caused by: org.h2.jdbc.JdbcSQLException: Table "FOO" not found; SQL statement:
DROP TABLE `foo`  [42102-128]
	at org.h2.message.Message.getSQLException(Message.java:110)
	at org.h2.message.Message.getSQLException(Message.java:121)
	at org.h2.message.Message.getSQLException(Message.java:74)
	at org.h2.command.ddl.DropTable.prepareDrop(DropTable.java:64)
	at org.h2.command.ddl.DropTable.update(DropTable.java:97)
	at org.h2.command.CommandContainer.update(CommandContainer.java:71)
	at org.h2.command.Command.executeUpdate(Command.java:199)
	at org.h2.jdbc.JdbcPreparedStatement.execute(JdbcPreparedStatement.java:181)
	at com.j256.ormlite.jdbc.JdbcCompiledStatement.runExecute(JdbcCompiledStatement.java:71)
	at com.j256.ormlite.table.TableUtils.doStatements(TableUtils.java:417)
	... 36 more
Was unable to auto-create table for class com.j256.ormlite.spring.TableCreatorTest$Foo
java.sql.SQLException: SQL statement failed: CREATE TABLE `foo` (`id` INTEGER AUTO_INCREMENT , `stuff` VARCHAR(255) , PRIMARY KEY (`id`) ) 
	at com.j256.ormlite.misc.SqlExceptionUtil.create(SqlExceptionUtil.java:25)
	at com.j256.ormlite.table.TableUtils.doStatements(TableUtils.java:423)
	at com.j256.ormlite.table.TableUtils.doCreateTable(TableUtils.java:399)
	at com.j256.ormlite.table.TableUtils.doCreateTable(TableUtils.java:383)
	at com.j256.ormlite.table.TableUtils.createTable(TableUtils.java:91)
	at com.j256.ormlite.spring.TableCreator.initialize(TableCreator.java:91)
	at com.j256.ormlite.spring.TableCreator.maybeCreateTables(TableCreator.java:65)
	at com.j256.ormlite.spring.TableCreatorTest.testCreateAlreadyExists(TableCreatorTest.java:104)
	at sun.reflect.NativeMethodAccessorImpl.invoke0(Native Method)
	at sun.reflect.NativeMethodAccessorImpl.invoke(NativeMethodAccessorImpl.java:62)
	at sun.reflect.DelegatingMethodAccessorImpl.invoke(DelegatingMethodAccessorImpl.java:43)
	at java.lang.reflect.Method.invoke(Method.java:498)
	at org.junit.runners.model.FrameworkMethod$1.runReflectiveCall(FrameworkMethod.java:44)
	at org.junit.internal.runners.model.ReflectiveCallable.run(ReflectiveCallable.java:15)
	at org.junit.runners.model.FrameworkMethod.invokeExplosively(FrameworkMethod.java:41)
	at org.junit.internal.runners.statements.InvokeMethod.evaluate(InvokeMethod.java:20)
	at org.junit.internal.runners.statements.RunBefores.evaluate(RunBefores.java:28)
	at org.junit.internal.runners.statements.RunAfters.evaluate(RunAfters.java:31)
	at com.j256.ormlite.BaseJdbcTest$PossibleExceptionRule$StatementWrapper.evaluate(BaseJdbcTest.java:250)
	at org.junit.runners.BlockJUnit4ClassRunner.runChild(BlockJUnit4ClassRunner.java:76)
	at org.junit.runners.BlockJUnit4ClassRunner.runChild(BlockJUnit4ClassRunner.java:50)
	at org.junit.runners.ParentRunner$3.run(ParentRunner.java:193)
	at org.junit.runners.ParentRunner$1.schedule(ParentRunner.java:52)
	at org.junit.runners.ParentRunner.runChildren(ParentRunner.java:191)
	at org.junit.runners.ParentRunner.access$000(ParentRunner.java:42)
	at org.junit.runners.ParentRunner$2.evaluate(ParentRunner.java:184)
	at org.junit.runners.ParentRunner.run(ParentRunner.java:236)
	at org.apache.maven.surefire.junit4.JUnit4Provider.execute(JUnit4Provider.java:252)
	at org.apache.maven.surefire.junit4.JUnit4Provider.executeTestSet(JUnit4Provider.java:141)
	at org.apache.maven.surefire.junit4.JUnit4Provider.invoke(JUnit4Provider.java:112)
	at sun.reflect.NativeMethodAccessorImpl.invoke0(Native Method)
	at sun.reflect.NativeMethodAccessorImpl.invoke(NativeMethodAccessorImpl.java:62)
	at sun.reflect.DelegatingMethodAccessorImpl.invoke(DelegatingMethodAccessorImpl.java:43)
	at java.lang.reflect.Method.invoke(Method.java:498)
	at org.apache.maven.surefire.util.ReflectionUtils.invokeMethodWithArray(ReflectionUtils.java:189)
	at org.apache.maven.surefire.booter.ProviderFactory$ProviderProxy.invoke(ProviderFactory.java:165)
	at org.apache.maven.surefire.booter.ProviderFactory.invokeProvider(ProviderFactory.java:85)
	at org.apache.maven.surefire.booter.ForkedBooter.runSuitesInProcess(ForkedBooter.java:115)
	at org.apache.maven.surefire.booter.ForkedBooter.main(ForkedBooter.java:75)
Caused by: org.h2.jdbc.JdbcSQLException: Table "FOO" already exists; SQL statement:
CREATE TABLE `foo` (`id` INTEGER AUTO_INCREMENT , `stuff` VARCHAR(255) , PRIMARY KEY (`id`) )  [42101-128]
	at org.h2.message.Message.getSQLException(Message.java:110)
	at org.h2.message.Message.getSQLException(Message.java:121)
	at org.h2.message.Message.getSQLException(Message.java:74)
	at org.h2.command.ddl.CreateTable.update(CreateTable.java:107)
	at org.h2.command.CommandContainer.update(CommandContainer.java:71)
	at org.h2.command.Command.executeUpdate(Command.java:199)
	at org.h2.jdbc.JdbcPreparedStatement.execute(JdbcPreparedStatement.java:181)
	at com.j256.ormlite.jdbc.JdbcCompiledStatement.runExecute(JdbcCompiledStatement.java:71)
	at com.j256.ormlite.table.TableUtils.doStatements(TableUtils.java:417)
	... 37 more
Tests run: 6, Failures: 0, Errors: 0, Skipped: 0, Time elapsed: 0.153 sec
Running com.j256.ormlite.dao.DoubleDbOpenTest
Tests run: 1, Failures: 0, Errors: 0, Skipped: 0, Time elapsed: 0.239 sec
Running com.j256.ormlite.dao.BulkJdbcDaoTest
Tests run: 2, Failures: 0, Errors: 0, Skipped: 0, Time elapsed: 0.262 sec
Running com.j256.ormlite.dao.JdbcBaseDaoImplTest
Tests run: 167, Failures: 0, Errors: 0, Skipped: 0, Time elapsed: 1.659 sec
Running com.j256.ormlite.jdbc.JdbcDatabaseResultsTest
org.h2.jdbc.JdbcSQLException: Table "FOOTABLE" not found; SQL statement:
SELECT * FROM `footable` WHERE `id` = ? [42102-128]
	at org.h2.message.Message.getSQLException(Message.java:110)
	at org.h2.message.Message.getSQLException(Message.java:121)
	at org.h2.message.Message.getSQLException(Message.java:74)
	at org.h2.command.Parser.readTableOrView(Parser.java:4355)
	at org.h2.command.Parser.readTableFilter(Parser.java:1015)
	at org.h2.command.Parser.parseSelectSimpleFromPart(Parser.java:1543)
	at org.h2.command.Parser.parseSelectSimple(Parser.java:1640)
	at org.h2.command.Parser.parseSelectSub(Parser.java:1537)
	at org.h2.command.Parser.parseSelectUnion(Parser.java:1382)
	at org.h2.command.Parser.parseSelect(Parser.java:1370)
	at org.h2.command.Parser.parsePrepared(Parser.java:409)
	at org.h2.command.Parser.parse(Parser.java:292)
	at org.h2.command.Parser.parse(Parser.java:264)
	at org.h2.command.Parser.prepareCommand(Parser.java:236)
	at org.h2.engine.Session.prepareLocal(Session.java:417)
	at org.h2.engine.Session.prepareCommand(Session.java:378)
	at org.h2.jdbc.JdbcConnection.prepareCommand(JdbcConnection.java:1070)
	at org.h2.jdbc.JdbcPreparedStatement.<init>(JdbcPreparedStatement.java:73)
	at org.h2.jdbc.JdbcConnection.prepareStatement(JdbcConnection.java:599)
	at com.j256.ormlite.jdbc.JdbcDatabaseConnection.queryForOne(JdbcDatabaseConnection.java:305)
	at com.j256.ormlite.jdbc.JdbcDatabaseConnection.queryForOne(JdbcDatabaseConnection.java:229)
	at com.j256.ormlite.stmt.mapped.MappedQueryForFieldEq.execute(MappedQueryForFieldEq.java:38)
	at com.j256.ormlite.stmt.StatementExecutor.queryForId(StatementExecutor.java:94)
	at com.j256.ormlite.dao.BaseDaoImpl.queryForId(BaseDaoImpl.java:229)
	at com.j256.ormlite.dao.JdbcBaseDaoImplTest$5.run(JdbcBaseDaoImplTest.java:3546)
	at java.lang.Thread.run(Thread.java:748)
Tests run: 15, Failures: 0, Errors: 0, Skipped: 0, Time elapsed: 0.168 sec
Running com.j256.ormlite.jdbc.DataSourceConnectionSourceTest
Tests run: 16, Failures: 0, Errors: 0, Skipped: 0, Time elapsed: 0.039 sec
Running com.j256.ormlite.jdbc.JdbcDatabaseConnectionTest
Tests run: 11, Failures: 0, Errors: 0, Skipped: 0, Time elapsed: 0.05 sec
Running com.j256.ormlite.jdbc.JdbcPooledConnectionSourceTest
ERROR JdbcPooledConnectionSource should have found connection com.j256.ormlite.jdbc.JdbcDatabaseConnection@7ca0b05e in the map
ERROR JdbcPooledConnectionSource connection saved com.j256.ormlite.jdbc.JdbcDatabaseConnection@673a5aa7 is not the one being cleared com.j256.ormlite.jdbc.JdbcDatabaseConnection@1443539
ERROR JdbcPooledConnectionSource no connection has been saved when clear() called
Tests run: 27, Failures: 0, Errors: 0, Skipped: 0, Time elapsed: 1.852 sec
Running com.j256.ormlite.jdbc.JdbcCompiledStatementTest
Tests run: 5, Failures: 0, Errors: 0, Skipped: 0, Time elapsed: 0.002 sec
Running com.j256.ormlite.jdbc.JdbcConnectionSourceTest
Tests run: 19, Failures: 0, Errors: 0, Skipped: 0, Time elapsed: 0.022 sec
Running com.j256.ormlite.jdbc.JdbcRawResultsImplTest
Tests run: 1, Failures: 0, Errors: 0, Skipped: 0, Time elapsed: 0.008 sec
Running com.j256.ormlite.logger.Log4jLogTest
2020-07-30 15:08:30,202 [INFO] Log4jLogTest hello there
2020-07-30 15:08:30,207 [INFO] Log4jLogTest message
2020-07-30 15:08:30,209 [INFO] Log4jLogTest message
java.lang.Throwable: log throwable
	at com.j256.ormlite.logger.BaseLogTest.testInfoStringThrowable(BaseLogTest.java:60)
	at sun.reflect.NativeMethodAccessorImpl.invoke0(Native Method)
	at sun.reflect.NativeMethodAccessorImpl.invoke(NativeMethodAccessorImpl.java:62)
	at sun.reflect.DelegatingMethodAccessorImpl.invoke(DelegatingMethodAccessorImpl.java:43)
	at java.lang.reflect.Method.invoke(Method.java:498)
	at org.junit.runners.model.FrameworkMethod$1.runReflectiveCall(FrameworkMethod.java:44)
	at org.junit.internal.runners.model.ReflectiveCallable.run(ReflectiveCallable.java:15)
	at org.junit.runners.model.FrameworkMethod.invokeExplosively(FrameworkMethod.java:41)
	at org.junit.internal.runners.statements.InvokeMethod.evaluate(InvokeMethod.java:20)
	at org.junit.runners.BlockJUnit4ClassRunner.runChild(BlockJUnit4ClassRunner.java:76)
	at org.junit.runners.BlockJUnit4ClassRunner.runChild(BlockJUnit4ClassRunner.java:50)
	at org.junit.runners.ParentRunner$3.run(ParentRunner.java:193)
	at org.junit.runners.ParentRunner$1.schedule(ParentRunner.java:52)
	at org.junit.runners.ParentRunner.runChildren(ParentRunner.java:191)
	at org.junit.runners.ParentRunner.access$000(ParentRunner.java:42)
	at org.junit.runners.ParentRunner$2.evaluate(ParentRunner.java:184)
	at org.junit.runners.ParentRunner.run(ParentRunner.java:236)
	at org.apache.maven.surefire.junit4.JUnit4Provider.execute(JUnit4Provider.java:252)
	at org.apache.maven.surefire.junit4.JUnit4Provider.executeTestSet(JUnit4Provider.java:141)
	at org.apache.maven.surefire.junit4.JUnit4Provider.invoke(JUnit4Provider.java:112)
	at sun.reflect.NativeMethodAccessorImpl.invoke0(Native Method)
	at sun.reflect.NativeMethodAccessorImpl.invoke(NativeMethodAccessorImpl.java:62)
	at sun.reflect.DelegatingMethodAccessorImpl.invoke(DelegatingMethodAccessorImpl.java:43)
	at java.lang.reflect.Method.invoke(Method.java:498)
	at org.apache.maven.surefire.util.ReflectionUtils.invokeMethodWithArray(ReflectionUtils.java:189)
	at org.apache.maven.surefire.booter.ProviderFactory$ProviderProxy.invoke(ProviderFactory.java:165)
	at org.apache.maven.surefire.booter.ProviderFactory.invokeProvider(ProviderFactory.java:85)
	at org.apache.maven.surefire.booter.ForkedBooter.runSuitesInProcess(ForkedBooter.java:115)
	at org.apache.maven.surefire.booter.ForkedBooter.main(ForkedBooter.java:75)
2020-07-30 15:08:30,221 [WARN] Log4jLogTest message
2020-07-30 15:08:30,221 [WARN] Log4jLogTest message
java.lang.Throwable: log throwable
	at com.j256.ormlite.logger.BaseLogTest.testWarnStringThrowable(BaseLogTest.java:70)
	at sun.reflect.NativeMethodAccessorImpl.invoke0(Native Method)
	at sun.reflect.NativeMethodAccessorImpl.invoke(NativeMethodAccessorImpl.java:62)
	at sun.reflect.DelegatingMethodAccessorImpl.invoke(DelegatingMethodAccessorImpl.java:43)
	at java.lang.reflect.Method.invoke(Method.java:498)
	at org.junit.runners.model.FrameworkMethod$1.runReflectiveCall(FrameworkMethod.java:44)
	at org.junit.internal.runners.model.ReflectiveCallable.run(ReflectiveCallable.java:15)
	at org.junit.runners.model.FrameworkMethod.invokeExplosively(FrameworkMethod.java:41)
	at org.junit.internal.runners.statements.InvokeMethod.evaluate(InvokeMethod.java:20)
	at org.junit.runners.BlockJUnit4ClassRunner.runChild(BlockJUnit4ClassRunner.java:76)
	at org.junit.runners.BlockJUnit4ClassRunner.runChild(BlockJUnit4ClassRunner.java:50)
	at org.junit.runners.ParentRunner$3.run(ParentRunner.java:193)
	at org.junit.runners.ParentRunner$1.schedule(ParentRunner.java:52)
	at org.junit.runners.ParentRunner.runChildren(ParentRunner.java:191)
	at org.junit.runners.ParentRunner.access$000(ParentRunner.java:42)
	at org.junit.runners.ParentRunner$2.evaluate(ParentRunner.java:184)
	at org.junit.runners.ParentRunner.run(ParentRunner.java:236)
	at org.apache.maven.surefire.junit4.JUnit4Provider.execute(JUnit4Provider.java:252)
	at org.apache.maven.surefire.junit4.JUnit4Provider.executeTestSet(JUnit4Provider.java:141)
	at org.apache.maven.surefire.junit4.JUnit4Provider.invoke(JUnit4Provider.java:112)
	at sun.reflect.NativeMethodAccessorImpl.invoke0(Native Method)
	at sun.reflect.NativeMethodAccessorImpl.invoke(NativeMethodAccessorImpl.java:62)
	at sun.reflect.DelegatingMethodAccessorImpl.invoke(DelegatingMethodAccessorImpl.java:43)
	at java.lang.reflect.Method.invoke(Method.java:498)
	at org.apache.maven.surefire.util.ReflectionUtils.invokeMethodWithArray(ReflectionUtils.java:189)
	at org.apache.maven.surefire.booter.ProviderFactory$ProviderProxy.invoke(ProviderFactory.java:165)
	at org.apache.maven.surefire.booter.ProviderFactory.invokeProvider(ProviderFactory.java:85)
	at org.apache.maven.surefire.booter.ForkedBooter.runSuitesInProcess(ForkedBooter.java:115)
	at org.apache.maven.surefire.booter.ForkedBooter.main(ForkedBooter.java:75)
2020-07-30 15:08:30,221 [ERROR] Log4jLogTest message
2020-07-30 15:08:30,221 [ERROR] Log4jLogTest message
java.lang.Throwable: log throwable
	at com.j256.ormlite.logger.BaseLogTest.testErrorStringThrowable(BaseLogTest.java:80)
	at sun.reflect.NativeMethodAccessorImpl.invoke0(Native Method)
	at sun.reflect.NativeMethodAccessorImpl.invoke(NativeMethodAccessorImpl.java:62)
	at sun.reflect.DelegatingMethodAccessorImpl.invoke(DelegatingMethodAccessorImpl.java:43)
	at java.lang.reflect.Method.invoke(Method.java:498)
	at org.junit.runners.model.FrameworkMethod$1.runReflectiveCall(FrameworkMethod.java:44)
	at org.junit.internal.runners.model.ReflectiveCallable.run(ReflectiveCallable.java:15)
	at org.junit.runners.model.FrameworkMethod.invokeExplosively(FrameworkMethod.java:41)
	at org.junit.internal.runners.statements.InvokeMethod.evaluate(InvokeMethod.java:20)
	at org.junit.runners.BlockJUnit4ClassRunner.runChild(BlockJUnit4ClassRunner.java:76)
	at org.junit.runners.BlockJUnit4ClassRunner.runChild(BlockJUnit4ClassRunner.java:50)
	at org.junit.runners.ParentRunner$3.run(ParentRunner.java:193)
	at org.junit.runners.ParentRunner$1.schedule(ParentRunner.java:52)
	at org.junit.runners.ParentRunner.runChildren(ParentRunner.java:191)
	at org.junit.runners.ParentRunner.access$000(ParentRunner.java:42)
	at org.junit.runners.ParentRunner$2.evaluate(ParentRunner.java:184)
	at org.junit.runners.ParentRunner.run(ParentRunner.java:236)
	at org.apache.maven.surefire.junit4.JUnit4Provider.execute(JUnit4Provider.java:252)
	at org.apache.maven.surefire.junit4.JUnit4Provider.executeTestSet(JUnit4Provider.java:141)
	at org.apache.maven.surefire.junit4.JUnit4Provider.invoke(JUnit4Provider.java:112)
	at sun.reflect.NativeMethodAccessorImpl.invoke0(Native Method)
	at sun.reflect.NativeMethodAccessorImpl.invoke(NativeMethodAccessorImpl.java:62)
	at sun.reflect.DelegatingMethodAccessorImpl.invoke(DelegatingMethodAccessorImpl.java:43)
	at java.lang.reflect.Method.invoke(Method.java:498)
	at org.apache.maven.surefire.util.ReflectionUtils.invokeMethodWithArray(ReflectionUtils.java:189)
	at org.apache.maven.surefire.booter.ProviderFactory$ProviderProxy.invoke(ProviderFactory.java:165)
	at org.apache.maven.surefire.booter.ProviderFactory.invokeProvider(ProviderFactory.java:85)
	at org.apache.maven.surefire.booter.ForkedBooter.runSuitesInProcess(ForkedBooter.java:115)
	at org.apache.maven.surefire.booter.ForkedBooter.main(ForkedBooter.java:75)
2020-07-30 15:08:30,222 [FATAL] Log4jLogTest message
2020-07-30 15:08:30,222 [FATAL] Log4jLogTest message
java.lang.Throwable: log throwable
	at com.j256.ormlite.logger.BaseLogTest.testFatalStringThrowable(BaseLogTest.java:90)
	at sun.reflect.NativeMethodAccessorImpl.invoke0(Native Method)
	at sun.reflect.NativeMethodAccessorImpl.invoke(NativeMethodAccessorImpl.java:62)
	at sun.reflect.DelegatingMethodAccessorImpl.invoke(DelegatingMethodAccessorImpl.java:43)
	at java.lang.reflect.Method.invoke(Method.java:498)
	at org.junit.runners.model.FrameworkMethod$1.runReflectiveCall(FrameworkMethod.java:44)
	at org.junit.internal.runners.model.ReflectiveCallable.run(ReflectiveCallable.java:15)
	at org.junit.runners.model.FrameworkMethod.invokeExplosively(FrameworkMethod.java:41)
	at org.junit.internal.runners.statements.InvokeMethod.evaluate(InvokeMethod.java:20)
	at org.junit.runners.BlockJUnit4ClassRunner.runChild(BlockJUnit4ClassRunner.java:76)
	at org.junit.runners.BlockJUnit4ClassRunner.runChild(BlockJUnit4ClassRunner.java:50)
	at org.junit.runners.ParentRunner$3.run(ParentRunner.java:193)
	at org.junit.runners.ParentRunner$1.schedule(ParentRunner.java:52)
	at org.junit.runners.ParentRunner.runChildren(ParentRunner.java:191)
	at org.junit.runners.ParentRunner.access$000(ParentRunner.java:42)
	at org.junit.runners.ParentRunner$2.evaluate(ParentRunner.java:184)
	at org.junit.runners.ParentRunner.run(ParentRunner.java:236)
	at org.apache.maven.surefire.junit4.JUnit4Provider.execute(JUnit4Provider.java:252)
	at org.apache.maven.surefire.junit4.JUnit4Provider.executeTestSet(JUnit4Provider.java:141)
	at org.apache.maven.surefire.junit4.JUnit4Provider.invoke(JUnit4Provider.java:112)
	at sun.reflect.NativeMethodAccessorImpl.invoke0(Native Method)
	at sun.reflect.NativeMethodAccessorImpl.invoke(NativeMethodAccessorImpl.java:62)
	at sun.reflect.DelegatingMethodAccessorImpl.invoke(DelegatingMethodAccessorImpl.java:43)
	at java.lang.reflect.Method.invoke(Method.java:498)
	at org.apache.maven.surefire.util.ReflectionUtils.invokeMethodWithArray(ReflectionUtils.java:189)
	at org.apache.maven.surefire.booter.ProviderFactory$ProviderProxy.invoke(ProviderFactory.java:165)
	at org.apache.maven.surefire.booter.ProviderFactory.invokeProvider(ProviderFactory.java:85)
	at org.apache.maven.surefire.booter.ForkedBooter.runSuitesInProcess(ForkedBooter.java:115)
	at org.apache.maven.surefire.booter.ForkedBooter.main(ForkedBooter.java:75)
Tests run: 14, Failures: 0, Errors: 0, Skipped: 0, Time elapsed: 0.128 sec
Running com.j256.ormlite.db.OracleDatabaseTypeTest
Tests run: 20, Failures: 0, Errors: 0, Skipped: 0, Time elapsed: 0.149 sec
Running com.j256.ormlite.db.PostgresDatabaseTypeTest
Tests run: 19, Failures: 0, Errors: 0, Skipped: 0, Time elapsed: 0.252 sec
Running com.j256.ormlite.db.Db2DatabaseTypeTest
Tests run: 17, Failures: 0, Errors: 0, Skipped: 0, Time elapsed: 0.15 sec
Running com.j256.ormlite.db.MariaDbDatabaseTypeTest
Tests run: 19, Failures: 0, Errors: 0, Skipped: 0, Time elapsed: 0.124 sec
Running com.j256.ormlite.db.SqlServerJtdsDatabaseConnectTypeTest
Tests run: 18, Failures: 0, Errors: 0, Skipped: 0, Time elapsed: 0.048 sec
Running com.j256.ormlite.db.SqliteDatabaseTypeTest
STRINGFIELD=null
BOOLEANFIELD=FALSE
DATEFIELD=2020-07-30 15:08:30.958
BYTEFIELD=0
SHORTFIELD=0
INTFIELD=0
LONGFIELD=0
FLOATFIELD=0.0
DOUBLEFIELD=0.0
Tests run: 22, Failures: 0, Errors: 0, Skipped: 0, Time elapsed: 0.08 sec
Running com.j256.ormlite.db.SqlServerDatabaseTypeTest
Tests run: 18, Failures: 0, Errors: 0, Skipped: 0, Time elapsed: 0.048 sec
Running com.j256.ormlite.db.DerbyClientServerDatabaseTypeTest
Tests run: 26, Failures: 0, Errors: 0, Skipped: 0, Time elapsed: 0.087 sec
Running com.j256.ormlite.db.DatabaseTypeUtilsTest
Tests run: 6, Failures: 0, Errors: 0, Skipped: 0, Time elapsed: 0.011 sec
Running com.j256.ormlite.db.DerbyEmbeddedDatabaseTypeTest
Tests run: 24, Failures: 0, Errors: 0, Skipped: 0, Time elapsed: 0.071 sec
Running com.j256.ormlite.db.MysqlDatabaseTypeTest
Tests run: 19, Failures: 0, Errors: 0, Skipped: 0, Time elapsed: 0.045 sec
Running com.j256.ormlite.db.H2DatabaseTypeTest
Tests run: 16, Failures: 0, Errors: 0, Skipped: 0, Time elapsed: 0.09 sec
Running com.j256.ormlite.db.HsqldbDatabaseTypeTest
Tests run: 18, Failures: 0, Errors: 0, Skipped: 0, Time elapsed: 0.052 sec

Results :

Tests run: 581, Failures: 0, Errors: 0, Skipped: 0

[INFO] 
[INFO] --- jacoco-maven-plugin:0.7.7.201606060606:report (report) @ ormlite-jdbc ---
[INFO] Loading execution data file /tmp/tmpfe3_i6_a/ormlite-jdbc/target/jacoco.exec
[INFO] Analyzed bundle 'ORMLite JDBC' with 39 classes
[INFO] 
[INFO] --- replacer:1.5.0:replace (prepare-package) @ ormlite-jdbc ---
[INFO] Replacement run on 1 file.
[INFO] 
[INFO] --- maven-jar-plugin:2.4:jar (default-jar) @ ormlite-jdbc ---
[INFO] Building jar: /tmp/tmpfe3_i6_a/ormlite-jdbc/target/ormlite-jdbc.jar
[INFO] 
[INFO] >>> maven-source-plugin:2.2.1:jar (default) > generate-sources @ ormlite-jdbc >>>
[INFO] 
[INFO] --- maven-enforcer-plugin:1.0:enforce (enforce-maven) @ ormlite-jdbc ---
[INFO] 
[INFO] --- replacer:1.5.0:replace (validate) @ ormlite-jdbc ---
[INFO] Replacement run on 1 file.
[INFO] 
[INFO] --- jacoco-maven-plugin:0.7.7.201606060606:prepare-agent (default) @ ormlite-jdbc ---
[INFO] argLine set to -javaagent:/home/jdbl/.m2/repository/org/jacoco/org.jacoco.agent/0.7.7.201606060606/org.jacoco.agent-0.7.7.201606060606-runtime.jar=destfile=/tmp/tmpfe3_i6_a/ormlite-jdbc/target/jacoco.exec
[INFO] 
[INFO] <<< maven-source-plugin:2.2.1:jar (default) < generate-sources @ ormlite-jdbc <<<
[INFO] 
[INFO] 
[INFO] --- maven-source-plugin:2.2.1:jar (default) @ ormlite-jdbc ---
[INFO] Skipping source per configuration.
[INFO] 
[INFO] >>> maven-source-plugin:2.2.1:test-jar (default) > generate-sources @ ormlite-jdbc >>>
[INFO] 
[INFO] --- maven-enforcer-plugin:1.0:enforce (enforce-maven) @ ormlite-jdbc ---
[INFO] 
[INFO] --- replacer:1.5.0:replace (validate) @ ormlite-jdbc ---
[INFO] Replacement run on 1 file.
[INFO] 
[INFO] --- jacoco-maven-plugin:0.7.7.201606060606:prepare-agent (default) @ ormlite-jdbc ---
[INFO] argLine set to -javaagent:/home/jdbl/.m2/repository/org/jacoco/org.jacoco.agent/0.7.7.201606060606/org.jacoco.agent-0.7.7.201606060606-runtime.jar=destfile=/tmp/tmpfe3_i6_a/ormlite-jdbc/target/jacoco.exec
[INFO] 
[INFO] <<< maven-source-plugin:2.2.1:test-jar (default) < generate-sources @ ormlite-jdbc <<<
[INFO] 
[INFO] 
[INFO] --- maven-source-plugin:2.2.1:test-jar (default) @ ormlite-jdbc ---
[INFO] Skipping source per configuration.
[INFO] 
[INFO] --- maven-javadoc-plugin:2.9.1:jar (default) @ ormlite-jdbc ---
[INFO] Skipping javadoc generation
[INFO] 
[INFO] --- maven-jar-plugin:2.4:test-jar (default) @ ormlite-jdbc ---
[INFO] Building jar: /tmp/tmpfe3_i6_a/ormlite-jdbc/target/ormlite-jdbc-tests.jar
[INFO] 
[INFO] --- maven-assembly-plugin:3.2.0:single (default) @ ormlite-jdbc ---
[INFO] Building jar: /tmp/tmpfe3_i6_a/ormlite-jdbc/target/ormlite-jdbc-jar-with-dependencies.jar
[INFO] ------------------------------------------------------------------------
[INFO] BUILD SUCCESS
[INFO] ------------------------------------------------------------------------
[INFO] Total time:  38.804 s
[INFO] Finished at: 2020-07-30T15:08:37Z
[INFO] ------------------------------------------------------------------------
