[INFO] Error stacktraces are turned on.
[INFO] Scanning for projects...
[INFO] 
[INFO] ------------------------< org.googlecode:tmock >------------------------
[INFO] Building tmock 1.1.1
[INFO] --------------------------------[ jar ]---------------------------------
[INFO] 
[INFO] --- jacoco-maven-plugin:0.8.5:prepare-agent (default) @ tmock ---
[INFO] argLine set to -javaagent:/home/jdbl/.m2/repository/org/jacoco/org.jacoco.agent/0.8.5/org.jacoco.agent-0.8.5-runtime.jar=destfile=/tmp/tmpjf7kz2_n/tmock/target/jacoco.exec
[INFO] 
[INFO] --- maven-resources-plugin:2.6:resources (default-resources) @ tmock ---
[WARNING] Using platform encoding (UTF-8 actually) to copy filtered resources, i.e. build is platform dependent!
[INFO] skip non existing resourceDirectory /tmp/tmpjf7kz2_n/tmock/src/main/resources
[INFO] 
[INFO] --- maven-compiler-plugin:2.3.1:compile (default-compile) @ tmock ---
[INFO] Compiling 84 source files to /tmp/tmpjf7kz2_n/tmock/target/classes
[INFO] 
[INFO] --- maven-resources-plugin:2.6:testResources (default-testResources) @ tmock ---
[WARNING] Using platform encoding (UTF-8 actually) to copy filtered resources, i.e. build is platform dependent!
[INFO] skip non existing resourceDirectory /tmp/tmpjf7kz2_n/tmock/src/test/resources
[INFO] 
[INFO] --- maven-compiler-plugin:2.3.1:testCompile (default-testCompile) @ tmock ---
[INFO] Compiling 21 source files to /tmp/tmpjf7kz2_n/tmock/target/test-classes
[INFO] 
[INFO] --- maven-surefire-plugin:2.19.1:test (default-test) @ tmock ---
[INFO] Surefire report directory: /tmp/tmpjf7kz2_n/tmock/target/surefire-reports

-------------------------------------------------------
 T E S T S
-------------------------------------------------------
Running org.googlecode.tmock.model.test.FinalClassAirTicketRetTest
21:10:52.996 [main] DEBUG o.googlecode.tmock.RecordMockHandler - begin to record
21:10:53.000 [main] INFO  o.googlecode.tmock.RecordMockHandler - Record Class:class java.lang.reflect.Method,Method:m2,Args:[]
21:10:53.037 [main] DEBUG o.g.t.s.BaseTemplateResourceNameGenerator - resource related  name string :org.googlecode.tmock.model.TicketRetFinalm2
21:10:53.094 [main] INFO  org.googlecode.tmock.util.IOUtils - Save Dir : /tmp/tmpjf7kz2_n/tmock/target/test-classes//mock_resources/org/googlecode/tmock/model/test/FinalClassAirTicketRetTest/testGetPassenger/ddc283195a5f370553c14cfc6897fbbd
21:10:53.350 [main] INFO  org.googlecode.tmock.MockHandler - Method:m2,Args:[],Return:User [age=21, name=test]
21:10:53.350 [main] DEBUG o.googlecode.tmock.RecordMockHandler - begin to record
21:10:53.350 [main] INFO  o.googlecode.tmock.RecordMockHandler - Record Class:class java.lang.reflect.Method,Method:getPassenger,Args:[]
21:10:53.351 [main] DEBUG o.g.t.s.BaseTemplateResourceNameGenerator - resource related  name string :org.googlecode.tmock.model.TicketRetFinalgetPassenger
21:10:53.351 [main] INFO  org.googlecode.tmock.util.IOUtils - Save Dir : /tmp/tmpjf7kz2_n/tmock/target/test-classes//mock_resources/org/googlecode/tmock/model/test/FinalClassAirTicketRetTest/testGetPassenger/02549d435a42e9dcedae944cd26f0e77
21:10:53.353 [main] INFO  org.googlecode.tmock.MockHandler - Method:getPassenger,Args:[],Return:User [age=21, name=test]
Tests run: 1, Failures: 0, Errors: 0, Skipped: 0, Time elapsed: 1.864 sec - in org.googlecode.tmock.model.test.FinalClassAirTicketRetTest
Running org.googlecode.tmock.model.test.AirTicketRetTest
21:10:53.386 [main] DEBUG o.googlecode.tmock.RecordMockHandler - begin to record
21:10:53.386 [main] INFO  o.googlecode.tmock.RecordMockHandler - Record Class:class java.lang.reflect.Method,Method:m2,Args:[]
21:10:53.395 [main] DEBUG o.g.t.s.BaseTemplateResourceNameGenerator - resource related  name string :org.googlecode.tmock.model.TicketRetm2
21:10:53.395 [main] INFO  org.googlecode.tmock.util.IOUtils - Save Dir : /tmp/tmpjf7kz2_n/tmock/target/test-classes//mock_resources/org/googlecode/tmock/model/test/AirTicketRetTest/testGetPassenger/0aa80db76d7a9f89576b3788d17b884b
21:10:53.398 [main] INFO  org.googlecode.tmock.MockHandler - Method:m2,Args:[],Return:User [age=21, name=test]
21:10:53.399 [main] DEBUG o.googlecode.tmock.RecordMockHandler - begin to record
21:10:53.399 [main] INFO  o.googlecode.tmock.RecordMockHandler - Record Class:class java.lang.reflect.Method,Method:getPassenger,Args:[]
21:10:53.399 [main] DEBUG o.g.t.s.BaseTemplateResourceNameGenerator - resource related  name string :org.googlecode.tmock.model.TicketRetgetPassenger
21:10:53.399 [main] INFO  org.googlecode.tmock.util.IOUtils - Save Dir : /tmp/tmpjf7kz2_n/tmock/target/test-classes//mock_resources/org/googlecode/tmock/model/test/AirTicketRetTest/testGetPassenger/1bd8aba2a16f67886b41e6dffe36eb4e
21:10:53.399 [main] INFO  org.googlecode.tmock.MockHandler - Method:getPassenger,Args:[],Return:User [age=21, name=test]
21:10:53.404 [main] DEBUG o.googlecode.tmock.RecordMockHandler - begin to record
21:10:53.405 [main] INFO  o.googlecode.tmock.RecordMockHandler - Record Class:class java.lang.reflect.Method,Method:m2,Args:[]
21:10:53.411 [main] DEBUG o.g.t.s.BaseTemplateResourceNameGenerator - resource related  name string :org.googlecode.tmock.model.TicketRetm2
21:10:53.411 [main] INFO  org.googlecode.tmock.util.IOUtils - Save Dir : /tmp/tmpjf7kz2_n/tmock/target/test-classes//mock_resources/org/googlecode/tmock/model/test/AirTicketRetTest/testGetPassenger2/0aa80db76d7a9f89576b3788d17b884b
21:10:53.412 [main] INFO  org.googlecode.tmock.MockHandler - Method:m2,Args:[],Return:User [age=21, name=test]
21:10:53.412 [main] DEBUG o.googlecode.tmock.RecordMockHandler - begin to record
21:10:53.412 [main] INFO  o.googlecode.tmock.RecordMockHandler - Record Class:class java.lang.reflect.Method,Method:getPassenger,Args:[]
21:10:53.412 [main] DEBUG o.g.t.s.BaseTemplateResourceNameGenerator - resource related  name string :org.googlecode.tmock.model.TicketRetgetPassenger
21:10:53.413 [main] INFO  org.googlecode.tmock.util.IOUtils - Save Dir : /tmp/tmpjf7kz2_n/tmock/target/test-classes//mock_resources/org/googlecode/tmock/model/test/AirTicketRetTest/testGetPassenger2/1bd8aba2a16f67886b41e6dffe36eb4e
21:10:53.413 [main] INFO  org.googlecode.tmock.MockHandler - Method:getPassenger,Args:[],Return:User [age=21, name=test]
Tests run: 2, Failures: 0, Errors: 0, Skipped: 0, Time elapsed: 0.025 sec - in org.googlecode.tmock.model.test.AirTicketRetTest
Running org.googlecode.tmock.premock.ExampleTest
Tests run: 1, Failures: 0, Errors: 0, Skipped: 1, Time elapsed: 0 sec - in org.googlecode.tmock.premock.ExampleTest
Running org.googlecode.tmock.persistent.fastjson.FastJsonSerializerTest
{"@type":"org.googlecode.tmock.persistent.Passenger","age":29,"name":"zhongfeng"}
User [age=29, name=zhongfeng]
Tests run: 2, Failures: 0, Errors: 0, Skipped: 0, Time elapsed: 0.35 sec - in org.googlecode.tmock.persistent.fastjson.FastJsonSerializerTest
Running org.googlecode.tmock.persistent.hessian2.Hessian2TransCoderTest
class org.googlecode.tmock.persistent.Passenger
Tests run: 2, Failures: 0, Errors: 0, Skipped: 0, Time elapsed: 0.056 sec - in org.googlecode.tmock.persistent.hessian2.Hessian2TransCoderTest
Running org.googlecode.tmock.support.DefaultResourceNameGeneratorTest
org.googlecode.tmock.support.DefaultResourceNameGeneratorbuildFileNameRelatedSegjava.lang.reflect.Method[Ljava.lang.Object;java.lang.Class[]java.lang.Class[]
Tests run: 1, Failures: 0, Errors: 0, Skipped: 0, Time elapsed: 0.013 sec - in org.googlecode.tmock.support.DefaultResourceNameGeneratorTest
Running org.googlecode.tmock.support.DefaultMockResourcePathResolverTest
/tmp/tmpjf7kz2_n/tmock/target/test-classes:/tmp/tmpjf7kz2_n/tmock/target/classes:/home/jdbl/.m2/repository/commons-lang/commons-lang/2.5/commons-lang-2.5.jar:/home/jdbl/.m2/repository/org/javassist/javassist/3.17.1-GA/javassist-3.17.1-GA.jar:/home/jdbl/.m2/repository/org/objenesis/objenesis/1.3/objenesis-1.3.jar:/home/jdbl/.m2/repository/com/alibaba/fastjson/1.1.23/fastjson-1.1.23.jar:/home/jdbl/.m2/repository/com/caucho/hessian/4.0.7/hessian-4.0.7.jar:/home/jdbl/.m2/repository/commons-io/commons-io/1.4/commons-io-1.4.jar:/home/jdbl/.m2/repository/commons-codec/commons-codec/1.4/commons-codec-1.4.jar:/home/jdbl/.m2/repository/cglib/cglib/2.2/cglib-2.2.jar:/home/jdbl/.m2/repository/asm/asm/3.1/asm-3.1.jar:/home/jdbl/.m2/repository/ch/qos/logback/logback-classic/1.0.6/logback-classic-1.0.6.jar:/home/jdbl/.m2/repository/ch/qos/logback/logback-core/1.0.6/logback-core-1.0.6.jar:/home/jdbl/.m2/repository/org/slf4j/slf4j-api/1.6.5/slf4j-api-1.6.5.jar:/home/jdbl/.m2/repository/junit/junit/4.8/junit-4.8.jar:/home/jdbl/.m2/repository/com/google/guava/guava/14.0.1/guava-14.0.1.jar:
/tmp/tmpjf7kz2_n/tmock/target/test-classes//mock_resources/org/googlecode/tmock/support/DefaultMockResourcePathResolverTest/testGetRecordBaseRootPath/aaa
21:10:53.849 [main] INFO  org.googlecode.tmock.util.IOUtils - Save Dir : /tmp/tmpjf7kz2_n/tmock/target/test-classes//mock_resources/org/googlecode/tmock/support/DefaultMockResourcePathResolverTest/testGetRecordBaseRootPath/aaa
21:10:53.850 [main] INFO  org.googlecode.tmock.util.IOUtils - Read Dir : /tmp/tmpjf7kz2_n/tmock/target/test-classes//mock_resources/org/googlecode/tmock/support/DefaultMockResourcePathResolverTest/testGetRecordBaseRootPath/aaa
User [age=0, name=null]
21:10:53.913 [main] DEBUG o.g.t.u.s.r.PathMatchingResourcePatternResolver - Looking for matching resources in directory tree [/tmp/tmpjf7kz2_n/tmock/target/test-classes/mock_resources]
21:10:53.914 [main] DEBUG o.g.t.u.s.r.PathMatchingResourcePatternResolver - Searching directory [/tmp/tmpjf7kz2_n/tmock/target/test-classes/mock_resources] for files matching pattern [/tmp/tmpjf7kz2_n/tmock/target/test-classes/mock_resources/**/aaa]
21:10:53.916 [main] DEBUG o.g.t.u.s.r.PathMatchingResourcePatternResolver - Searching directory [/tmp/tmpjf7kz2_n/tmock/target/test-classes/mock_resources/org] for files matching pattern [/tmp/tmpjf7kz2_n/tmock/target/test-classes/mock_resources/**/aaa]
21:10:53.917 [main] DEBUG o.g.t.u.s.r.PathMatchingResourcePatternResolver - Searching directory [/tmp/tmpjf7kz2_n/tmock/target/test-classes/mock_resources/org/googlecode] for files matching pattern [/tmp/tmpjf7kz2_n/tmock/target/test-classes/mock_resources/**/aaa]
21:10:53.933 [main] DEBUG o.g.t.u.s.r.PathMatchingResourcePatternResolver - Searching directory [/tmp/tmpjf7kz2_n/tmock/target/test-classes/mock_resources/org/googlecode/tmock] for files matching pattern [/tmp/tmpjf7kz2_n/tmock/target/test-classes/mock_resources/**/aaa]
21:10:53.934 [main] DEBUG o.g.t.u.s.r.PathMatchingResourcePatternResolver - Searching directory [/tmp/tmpjf7kz2_n/tmock/target/test-classes/mock_resources/org/googlecode/tmock/model] for files matching pattern [/tmp/tmpjf7kz2_n/tmock/target/test-classes/mock_resources/**/aaa]
21:10:53.935 [main] DEBUG o.g.t.u.s.r.PathMatchingResourcePatternResolver - Searching directory [/tmp/tmpjf7kz2_n/tmock/target/test-classes/mock_resources/org/googlecode/tmock/model/test] for files matching pattern [/tmp/tmpjf7kz2_n/tmock/target/test-classes/mock_resources/**/aaa]
21:10:53.936 [main] DEBUG o.g.t.u.s.r.PathMatchingResourcePatternResolver - Searching directory [/tmp/tmpjf7kz2_n/tmock/target/test-classes/mock_resources/org/googlecode/tmock/model/test/AirTicketRetTest] for files matching pattern [/tmp/tmpjf7kz2_n/tmock/target/test-classes/mock_resources/**/aaa]
21:10:53.945 [main] DEBUG o.g.t.u.s.r.PathMatchingResourcePatternResolver - Searching directory [/tmp/tmpjf7kz2_n/tmock/target/test-classes/mock_resources/org/googlecode/tmock/model/test/AirTicketRetTest/testGetPassenger2] for files matching pattern [/tmp/tmpjf7kz2_n/tmock/target/test-classes/mock_resources/**/aaa]
21:10:53.946 [main] DEBUG o.g.t.u.s.r.PathMatchingResourcePatternResolver - Searching directory [/tmp/tmpjf7kz2_n/tmock/target/test-classes/mock_resources/org/googlecode/tmock/model/test/AirTicketRetTest/testGetPassenger] for files matching pattern [/tmp/tmpjf7kz2_n/tmock/target/test-classes/mock_resources/**/aaa]
21:10:53.947 [main] DEBUG o.g.t.u.s.r.PathMatchingResourcePatternResolver - Searching directory [/tmp/tmpjf7kz2_n/tmock/target/test-classes/mock_resources/org/googlecode/tmock/model/test/FinalClassAirTicketRetTest] for files matching pattern [/tmp/tmpjf7kz2_n/tmock/target/test-classes/mock_resources/**/aaa]
21:10:53.948 [main] DEBUG o.g.t.u.s.r.PathMatchingResourcePatternResolver - Searching directory [/tmp/tmpjf7kz2_n/tmock/target/test-classes/mock_resources/org/googlecode/tmock/model/test/FinalClassAirTicketRetTest/testGetPassenger] for files matching pattern [/tmp/tmpjf7kz2_n/tmock/target/test-classes/mock_resources/**/aaa]
21:10:53.949 [main] DEBUG o.g.t.u.s.r.PathMatchingResourcePatternResolver - Searching directory [/tmp/tmpjf7kz2_n/tmock/target/test-classes/mock_resources/org/googlecode/tmock/support] for files matching pattern [/tmp/tmpjf7kz2_n/tmock/target/test-classes/mock_resources/**/aaa]
21:10:53.949 [main] DEBUG o.g.t.u.s.r.PathMatchingResourcePatternResolver - Searching directory [/tmp/tmpjf7kz2_n/tmock/target/test-classes/mock_resources/org/googlecode/tmock/support/DefaultMockResourcePathResolverTest] for files matching pattern [/tmp/tmpjf7kz2_n/tmock/target/test-classes/mock_resources/**/aaa]
21:10:53.950 [main] DEBUG o.g.t.u.s.r.PathMatchingResourcePatternResolver - Searching directory [/tmp/tmpjf7kz2_n/tmock/target/test-classes/mock_resources/org/googlecode/tmock/support/DefaultMockResourcePathResolverTest/testGetRecordBaseRootPath] for files matching pattern [/tmp/tmpjf7kz2_n/tmock/target/test-classes/mock_resources/**/aaa]
21:10:53.954 [main] DEBUG o.g.t.u.s.r.PathMatchingResourcePatternResolver - Resolved location pattern [classpath*:mock_resources/**/aaa] to resources [file [/tmp/tmpjf7kz2_n/tmock/target/test-classes/mock_resources/org/googlecode/tmock/support/DefaultMockResourcePathResolverTest/testGetRecordBaseRootPath/aaa]]
ddfile:/tmp/tmpjf7kz2_n/tmock/target/test-classes/mock_resources/org/googlecode/tmock/support/DefaultMockResourcePathResolverTest/testGetRecordBaseRootPath/aaa
21:10:53.954 [main] INFO  org.googlecode.tmock.util.IOUtils - Read Dir : /tmp/tmpjf7kz2_n/tmock/target/test-classes/mock_resources/org/googlecode/tmock/support/DefaultMockResourcePathResolverTest/testGetRecordBaseRootPath/aaa
User [age=0, name=null]
/tmp/tmpjf7kz2_n/tmock/target/test-classes:/tmp/tmpjf7kz2_n/tmock/target/classes:/home/jdbl/.m2/repository/commons-lang/commons-lang/2.5/commons-lang-2.5.jar:/home/jdbl/.m2/repository/org/javassist/javassist/3.17.1-GA/javassist-3.17.1-GA.jar:/home/jdbl/.m2/repository/org/objenesis/objenesis/1.3/objenesis-1.3.jar:/home/jdbl/.m2/repository/com/alibaba/fastjson/1.1.23/fastjson-1.1.23.jar:/home/jdbl/.m2/repository/com/caucho/hessian/4.0.7/hessian-4.0.7.jar:/home/jdbl/.m2/repository/commons-io/commons-io/1.4/commons-io-1.4.jar:/home/jdbl/.m2/repository/commons-codec/commons-codec/1.4/commons-codec-1.4.jar:/home/jdbl/.m2/repository/cglib/cglib/2.2/cglib-2.2.jar:/home/jdbl/.m2/repository/asm/asm/3.1/asm-3.1.jar:/home/jdbl/.m2/repository/ch/qos/logback/logback-classic/1.0.6/logback-classic-1.0.6.jar:/home/jdbl/.m2/repository/ch/qos/logback/logback-core/1.0.6/logback-core-1.0.6.jar:/home/jdbl/.m2/repository/org/slf4j/slf4j-api/1.6.5/slf4j-api-1.6.5.jar:/home/jdbl/.m2/repository/junit/junit/4.8/junit-4.8.jar:/home/jdbl/.m2/repository/com/google/guava/guava/14.0.1/guava-14.0.1.jar:
/tmp/tmpjf7kz2_n/tmock/target/test-classes//mock_resources/org/googlecode/tmock/support/DefaultMockResourcePathResolverTest/testGetRecordBaseRootPath/aaa
21:10:53.956 [main] INFO  org.googlecode.tmock.util.IOUtils - Save Dir : /tmp/tmpjf7kz2_n/tmock/target/test-classes//mock_resources/org/googlecode/tmock/support/DefaultMockResourcePathResolverTest/testGetRecordBaseRootPath/aaa
21:10:53.956 [main] WARN  org.googlecode.tmock.util.IOUtils - File:/tmp/tmpjf7kz2_n/tmock/target/test-classes//mock_resources/org/googlecode/tmock/support/DefaultMockResourcePathResolverTest/testGetRecordBaseRootPath/aaa,is alreay exists,will be override it,check it
21:10:53.956 [main] INFO  org.googlecode.tmock.util.IOUtils - Read Dir : /tmp/tmpjf7kz2_n/tmock/target/test-classes//mock_resources/org/googlecode/tmock/support/DefaultMockResourcePathResolverTest/testGetRecordBaseRootPath/aaa
User [age=0, name=null]
Tests run: 2, Failures: 0, Errors: 0, Skipped: 0, Time elapsed: 0.111 sec - in org.googlecode.tmock.support.DefaultMockResourcePathResolverTest

Results :

Tests run: 11, Failures: 0, Errors: 0, Skipped: 1

[INFO] 
[INFO] --- jacoco-maven-plugin:0.8.5:report (report) @ tmock ---
[INFO] Loading execution data file /tmp/tmpjf7kz2_n/tmock/target/jacoco.exec
[INFO] Analyzed bundle 'tmock' with 125 classes
[INFO] ------------------------------------------------------------------------
[INFO] BUILD SUCCESS
[INFO] ------------------------------------------------------------------------
[INFO] Total time:  13.361 s
[INFO] Finished at: 2020-07-30T21:10:55Z
[INFO] ------------------------------------------------------------------------
