[INFO] Error stacktraces are turned on.
[INFO] Scanning for projects...
[WARNING] 
[WARNING] Some problems were encountered while building the effective model for com.github.knightliao.canalx:canalx-select-db-json:jar:0.0.2
[WARNING] 'build.plugins.plugin.version' for org.apache.maven.plugins:maven-source-plugin is missing. @ line 146, column 15
[WARNING] 'build.plugins.plugin.version' for org.apache.maven.plugins:maven-javadoc-plugin is missing. @ line 163, column 15
[WARNING] 
[WARNING] It is highly recommended to fix these problems because they threaten the stability of your build.
[WARNING] 
[WARNING] For this reason, future Maven versions might no longer support building such malformed projects.
[WARNING] 
[INFO] 
[INFO] ---------< com.github.knightliao.canalx:canalx-select-db-json >---------
[INFO] Building canalx-select-db-json 0.0.2
[INFO] --------------------------------[ jar ]---------------------------------
[INFO] 
[INFO] --- jacoco-maven-plugin:0.8.5:prepare-agent (default) @ canalx-select-db-json ---
[INFO] argLine set to -javaagent:/home/jdbl/.m2/repository/org/jacoco/org.jacoco.agent/0.8.5/org.jacoco.agent-0.8.5-runtime.jar=destfile=/tmp/tmpu4fvnzv0/canalx-select-db-json/target/jacoco.exec
[INFO] 
[INFO] --- maven-resources-plugin:2.6:resources (default-resources) @ canalx-select-db-json ---
[INFO] Using 'UTF-8' encoding to copy filtered resources.
[INFO] Copying 0 resource
[INFO] skip non existing resourceDirectory /tmp/tmpu4fvnzv0/canalx-select-db-json/src/main/resources
[INFO] 
[INFO] --- maven-compiler-plugin:2.3.1:compile (default-compile) @ canalx-select-db-json ---
[INFO] Compiling 18 source files to /tmp/tmpu4fvnzv0/canalx-select-db-json/target/classes
[INFO] 
[INFO] --- maven-resources-plugin:2.6:testResources (default-testResources) @ canalx-select-db-json ---
[INFO] Using 'UTF-8' encoding to copy filtered resources.
[INFO] Copying 4 resources
[INFO] 
[INFO] --- maven-compiler-plugin:2.3.1:testCompile (default-testCompile) @ canalx-select-db-json ---
[INFO] Compiling 6 source files to /tmp/tmpu4fvnzv0/canalx-select-db-json/target/test-classes
[INFO] 
[INFO] --- maven-surefire-plugin:2.19.1:test (default-test) @ canalx-select-db-json ---
[INFO] Surefire report directory: /tmp/tmpu4fvnzv0/canalx-select-db-json/target/surefire-reports

-------------------------------------------------------
 T E S T S
-------------------------------------------------------
Running com.github.knightliao.canalx.db.test.DbFetchControllerTest
23:14:58.529 [main] DEBUG c.g.k.canalx.db.config.ConfigParser - {test.user=TableConfig(driverClass=com.mysql.jdbc.Driver, dbName=test, dbUrl=jdbc:mysql://localhost:3306?useUnicode=true&characterEncoding=UTF-8&zeroDateTimeBehavior=convertToNull&allowMultiQueries=true, userName=root, password=123456, tableName=user, initSql=select * from test.user, identify=test.user, keyId=id), test2.store=TableConfig(driverClass=com.mysql.jdbc.Driver, dbName=test2, dbUrl=jdbc:mysql://localhost:3306?useUnicode=true&characterEncoding=UTF-8&zeroDateTimeBehavior=convertToNull&allowMultiQueries=true, userName=root, password=123456, tableName=store, initSql=select * from test2.store, identify=test2.store, keyId=id)}
23:14:58.537 [main] DEBUG c.g.k.c.db.fetch.impl.DbFetcherImpl - select * from test.user
23:14:59.181 [main] DEBUG c.g.k.c.db.fetch.impl.DbFetcherImpl - [{ID=1, NAME=user1444, PHONE=44444453444}, {ID=2, NAME=ffdd, PHONE=}]
23:14:59.181 [main] DEBUG o.z.j.d.i.ConnectionInterceptor - close() is suppressed
23:14:59.589 [main] INFO  c.g.k.c.d.c.DbFetchControllerImpl - load sql:select * from test.user ok.
23:14:59.592 [main] DEBUG c.g.k.c.db.fetch.impl.DbFetcherImpl - select * from test2.store
23:14:59.593 [main] DEBUG c.g.k.c.db.fetch.impl.DbFetcherImpl - [{ID=1, NAME=product1, PRODUCTS=4100, NV=null}, {ID=2, NAME=prodd6, PRODUCTS=0, NV=null}, {ID=3, NAME=磊2, PRODUCTS=0, NV=null}, {ID=4, NAME=dd, PRODUCTS=0, NV=null}, {ID=5, NAME=33, PRODUCTS=0, NV=333fff}]
23:14:59.593 [main] DEBUG o.z.j.d.i.ConnectionInterceptor - close() is suppressed
23:14:59.604 [main] INFO  c.g.k.c.d.c.DbFetchControllerImpl - load sql:select * from test2.store ok.
table identify: test2.store
table kv:{1={"ID":1,"NAME":"product1","PRODUCTS":4100,"NV":null}, 2={"ID":2,"NAME":"prodd6","PRODUCTS":0,"NV":null}, 3={"ID":3,"NAME":"磊2","PRODUCTS":0,"NV":null}, 4={"ID":4,"NAME":"dd","PRODUCTS":0,"NV":null}, 5={"ID":5,"NAME":"33","PRODUCTS":0,"NV":"333fff"}}
table key: id
23:14:59.605 [main] DEBUG c.g.k.c.db.fetch.impl.DbFetcherImpl - select * from test2.store where id=1
23:14:59.608 [main] DEBUG c.g.k.c.db.fetch.impl.DbFetcherImpl - [{ID=1, NAME=product1, PRODUCTS=4100, NV=null}]
23:14:59.608 [main] DEBUG o.z.j.d.i.ConnectionInterceptor - close() is suppressed
execute sql value: {"ID":1,"NAME":"product1","PRODUCTS":4100,"NV":null}
table identify: test.user
table kv:{1={"ID":1,"NAME":"user1444","PHONE":"44444453444"}, 2={"ID":2,"NAME":"ffdd","PHONE":""}}
table key: id
23:14:59.611 [main] DEBUG c.g.k.c.db.fetch.impl.DbFetcherImpl - select * from test.user where id=1
23:14:59.612 [main] DEBUG c.g.k.c.db.fetch.impl.DbFetcherImpl - [{ID=1, NAME=user1444, PHONE=44444453444}]
23:14:59.612 [main] DEBUG o.z.j.d.i.ConnectionInterceptor - close() is suppressed
execute sql value: {"ID":1,"NAME":"user1444","PHONE":"44444453444"}
Tests run: 1, Failures: 0, Errors: 0, Skipped: 0, Time elapsed: 2.39 sec - in com.github.knightliao.canalx.db.test.DbFetchControllerTest
Running com.github.knightliao.canalx.db.test.config.DbConfigurationTest
23:14:59.644 [main] DEBUG c.g.k.canalx.db.config.ConfigParser - {test.user=TableConfig(driverClass=com.mysql.jdbc.Driver, dbName=test, dbUrl=jdbc:mysql://localhost:3306?useUnicode=true&characterEncoding=UTF-8&zeroDateTimeBehavior=convertToNull&allowMultiQueries=true, userName=root, password=123456, tableName=user, initSql=select * from test.user, identify=test.user, keyId=id), test2.store=TableConfig(driverClass=com.mysql.jdbc.Driver, dbName=test2, dbUrl=jdbc:mysql://localhost:3306?useUnicode=true&characterEncoding=UTF-8&zeroDateTimeBehavior=convertToNull&allowMultiQueries=true, userName=root, password=123456, tableName=store, initSql=select * from test2.store, identify=test2.store, keyId=id)}
Tests run: 1, Failures: 0, Errors: 0, Skipped: 0, Time elapsed: 0.007 sec - in com.github.knightliao.canalx.db.test.config.DbConfigurationTest
Running com.github.knightliao.canalx.db.test.controller.sql.SqlGenMgrTestCase
select * from test.user where id=1
Tests run: 1, Failures: 0, Errors: 0, Skipped: 0, Time elapsed: 0 sec - in com.github.knightliao.canalx.db.test.controller.sql.SqlGenMgrTestCase
Running com.github.knightliao.canalx.db.test.common.TestCommonTestCase
Jul 30, 2020 11:14:59 PM com.github.knightliao.test.support.utils.TestUtils testGetSet
WARNING: testGetSet Catch exception, do nothing.com.github.knightliao.canalx.db.config.ConfigParser
Jul 30, 2020 11:14:59 PM com.github.knightliao.test.support.utils.TestUtils testGetSet
WARNING: testGetSet Catch exception, do nothing.com.github.knightliao.canalx.db.config.ConfigParser
Jul 30, 2020 11:14:59 PM com.github.knightliao.test.support.utils.TestUtils testGetSet
WARNING: testGetSet Catch exception, do nothing.com.github.knightliao.canalx.db.config.BaseConfig
Jul 30, 2020 11:14:59 PM com.github.knightliao.test.support.utils.TestUtils testGetSet
WARNING: testGetSet Catch exception, do nothing.com.github.knightliao.canalx.db.config.TableConfig
Jul 30, 2020 11:14:59 PM com.github.knightliao.test.support.utils.TestUtils testGetSet
WARNING: testGetSet Catch exception, do nothing.com.github.knightliao.canalx.db.config.DbConfig
Jul 30, 2020 11:14:59 PM com.github.knightliao.test.support.utils.TestUtils testGetSet
WARNING: testGetSet Catch exception, do nothing.com.github.knightliao.canalx.db.config.DbConfiguration
Jul 30, 2020 11:14:59 PM com.github.knightliao.test.support.utils.TestUtils testGetSet
WARNING: testGetSet Catch exception, do nothing.com.github.knightliao.canalx.db.config.DbConfiguration
Jul 30, 2020 11:14:59 PM com.github.knightliao.test.support.utils.TestUtils testGetSet
WARNING: testGetSet Catch exception, do nothing.com.github.knightliao.canalx.db.exception.CanalxSelectDbJsonException
Jul 30, 2020 11:14:59 PM com.github.knightliao.test.support.utils.TestUtils testGetSet
WARNING: testGetSet Catch exception, do nothing.com.github.knightliao.canalx.db.exception.CanalxSelectDbJsonInitException
Jul 30, 2020 11:14:59 PM com.github.knightliao.test.support.utils.TestUtils testGetSet
WARNING: testGetSet Catch exception, do nothing.com.github.knightliao.canalx.db.controller.sql.impl.SqlGenMgr
Jul 30, 2020 11:14:59 PM com.github.knightliao.test.support.utils.TestUtils testHashCodeAndEquals
WARNING: testHashCodeAndEquals Catch exception, do nothing.com.github.knightliao.canalx.db.controller.sql.ISqlGenMgr
Jul 30, 2020 11:14:59 PM com.github.knightliao.test.support.utils.TestUtils testGetSet
WARNING: testGetSet Catch exception, do nothing.com.github.knightliao.canalx.db.controller.DbFetchControllerImpl
Jul 30, 2020 11:14:59 PM com.github.knightliao.test.support.utils.TestUtils testGetSet
WARNING: testGetSet Catch exception, do nothing.com.github.knightliao.canalx.db.controller.DbFetchControllerImpl
Jul 30, 2020 11:14:59 PM com.github.knightliao.test.support.utils.TestUtils testGetSet
WARNING: testGetSet Catch exception, do nothing.com.github.knightliao.canalx.db.controller.DbFetchControllerImpl
Jul 30, 2020 11:14:59 PM com.github.knightliao.test.support.utils.TestUtils testGetSet
WARNING: testGetSet Catch exception, do nothing.com.github.knightliao.canalx.db.controller.DbFetchControllerImpl
Jul 30, 2020 11:14:59 PM com.github.knightliao.test.support.utils.TestUtils testGetSet
WARNING: testGetSet Catch exception, do nothing.com.github.knightliao.canalx.db.controller.DbFetchControllerImpl
Jul 30, 2020 11:14:59 PM com.github.knightliao.test.support.utils.TestUtils getDefaultCollectionValueOfClass
WARNING: getDefaultCollectionValueOfClass Catch exception, do nothing.
Jul 30, 2020 11:14:59 PM com.github.knightliao.test.support.utils.TestUtils getDefaultCollectionValueOfClass
WARNING: getDefaultCollectionValueOfClass Catch exception, do nothing.
Jul 30, 2020 11:14:59 PM com.github.knightliao.test.support.utils.TestUtils getDefaultCollectionValueOfClass
WARNING: getDefaultCollectionValueOfClass Catch exception, do nothing.
Jul 30, 2020 11:14:59 PM com.github.knightliao.test.support.utils.TestUtils getDefaultCollectionValueOfClass
WARNING: getDefaultCollectionValueOfClass Catch exception, do nothing.
Jul 30, 2020 11:14:59 PM com.github.knightliao.test.support.utils.TestUtils testHashCodeAndEquals
WARNING: testHashCodeAndEquals Catch exception, do nothing.com.github.knightliao.canalx.db.fetch.DbFetcher
Jul 30, 2020 11:14:59 PM com.github.knightliao.test.support.utils.TestUtils testGetSet
WARNING: testGetSet Catch exception, do nothing.com.github.knightliao.canalx.db.fetch.impl.DbFetcherImpl
Jul 30, 2020 11:14:59 PM com.github.knightliao.test.support.utils.TestUtils testGetSet
WARNING: testGetSet Catch exception, do nothing.com.github.knightliao.canalx.db.fetch.impl.DbFetcherImpl
Jul 30, 2020 11:14:59 PM com.github.knightliao.test.support.utils.TestUtils testGetSet
WARNING: testGetSet Catch exception, do nothing.com.github.knightliao.canalx.db.fetch.impl.DbFetcherImpl
Jul 30, 2020 11:14:59 PM com.github.knightliao.test.support.utils.TestUtils testGetSet
WARNING: testGetSet Catch exception, do nothing.com.github.knightliao.canalx.db.fetch.impl.DbWrapper
Jul 30, 2020 11:14:59 PM com.github.knightliao.test.support.utils.TestUtils testGetSet
WARNING: testGetSet Catch exception, do nothing.com.github.knightliao.canalx.db.fetch.impl.DbWrapper
Jul 30, 2020 11:14:59 PM com.github.knightliao.test.support.utils.TestUtils testGetSet
WARNING: testGetSet Catch exception, do nothing.com.github.knightliao.canalx.db.fetch.impl.DbWrapper
Jul 30, 2020 11:14:59 PM com.github.knightliao.test.support.utils.TestUtils getValueOfClass
WARNING: getValue Catch exception, do nothing.
Jul 30, 2020 11:14:59 PM com.github.knightliao.test.support.utils.TestUtils testGetSet
WARNING: testGetSet Catch exception, do nothing.com.github.knightliao.canalx.db.fetch.DbDataContext
Jul 30, 2020 11:14:59 PM com.github.knightliao.test.support.utils.TestUtils testGetSet
WARNING: testGetSet Catch exception, do nothing.com.github.knightliao.canalx.db.fetch.DbFetcherFactory
Jul 30, 2020 11:14:59 PM com.github.knightliao.test.support.utils.TestUtils testHashCodeAndEquals
WARNING: testHashCodeAndEquals Catch exception, do nothing.com.github.knightliao.canalx.db.fetch.DbDataContextAware
Jul 30, 2020 11:14:59 PM com.github.knightliao.test.support.utils.TestUtils testGetSet
WARNING: testGetSet Catch exception, do nothing.com.github.knightliao.canalx.db.DbFetchControllerFactory
Jul 30, 2020 11:14:59 PM com.github.knightliao.test.support.utils.TestUtils testHashCodeAndEquals
WARNING: testHashCodeAndEquals Catch exception, do nothing.com.github.knightliao.canalx.db.IDbFetchController
Tests run: 1, Failures: 0, Errors: 0, Skipped: 0, Time elapsed: 0.077 sec - in com.github.knightliao.canalx.db.test.common.TestCommonTestCase
Running com.github.knightliao.canalx.db.test.fetch.DbFetcherTest
23:14:59.746 [main] DEBUG c.g.k.c.db.fetch.impl.DbFetcherImpl - select * from test.user
23:14:59.747 [main] DEBUG c.g.k.c.db.fetch.impl.DbFetcherImpl - [{ID=1, NAME=user1444, PHONE=44444453444}, {ID=2, NAME=ffdd, PHONE=}]
23:14:59.747 [main] DEBUG o.z.j.d.i.ConnectionInterceptor - close() is suppressed
{ID=1, NAME=user1444, PHONE=44444453444}
{ID=2, NAME=ffdd, PHONE=}
23:14:59.747 [main] DEBUG c.g.k.c.db.fetch.impl.DbFetcherImpl - select * from test2.store
23:14:59.748 [main] DEBUG c.g.k.c.db.fetch.impl.DbFetcherImpl - [{ID=1, NAME=product1, PRODUCTS=4100, NV=null}, {ID=2, NAME=prodd6, PRODUCTS=0, NV=null}, {ID=3, NAME=磊2, PRODUCTS=0, NV=null}, {ID=4, NAME=dd, PRODUCTS=0, NV=null}, {ID=5, NAME=33, PRODUCTS=0, NV=333fff}]
23:14:59.748 [main] DEBUG o.z.j.d.i.ConnectionInterceptor - close() is suppressed
{ID=1, NAME=product1, PRODUCTS=4100, NV=null}
{ID=2, NAME=prodd6, PRODUCTS=0, NV=null}
{ID=3, NAME=磊2, PRODUCTS=0, NV=null}
{ID=4, NAME=dd, PRODUCTS=0, NV=null}
{ID=5, NAME=33, PRODUCTS=0, NV=333fff}
Tests run: 1, Failures: 0, Errors: 0, Skipped: 0, Time elapsed: 0.015 sec - in com.github.knightliao.canalx.db.test.fetch.DbFetcherTest

Results :

Tests run: 5, Failures: 0, Errors: 0, Skipped: 0

[INFO] 
[INFO] --- jacoco-maven-plugin:0.8.5:report (report) @ canalx-select-db-json ---
[INFO] Loading execution data file /tmp/tmpu4fvnzv0/canalx-select-db-json/target/jacoco.exec
[INFO] Analyzed bundle 'canalx-select-db-json' with 63 classes
[INFO] ------------------------------------------------------------------------
[INFO] BUILD SUCCESS
[INFO] ------------------------------------------------------------------------
[INFO] Total time:  15.603 s
[INFO] Finished at: 2020-07-30T23:15:00Z
[INFO] ------------------------------------------------------------------------
