[INFO] Error stacktraces are turned on.
[INFO] Scanning for projects...
[INFO] 
[INFO] -------------------------< org.zeromq:jeromq >--------------------------
[INFO] Building JeroMQ 0.4.3
[INFO] --------------------------------[ jar ]---------------------------------
[INFO] 
[INFO] --- maven-enforcer-plugin:1.0:enforce (enforce-maven) @ jeromq ---
[INFO] 
[INFO] --- maven-checkstyle-plugin:2.11:check (default) @ jeromq ---
[INFO] Starting audit...
Audit done.

[INFO] 
[INFO] --- maven-resources-plugin:2.6:resources (default-resources) @ jeromq ---
[INFO] Using 'UTF-8' encoding to copy filtered resources.
[INFO] skip non existing resourceDirectory /tmp/tmpve8omgyp/jeromq/src/main/resources
[INFO] 
[INFO] --- maven-compiler-plugin:3.5.1:compile (default-compile) @ jeromq ---
[INFO] Changes detected - recompiling the module!
[INFO] Compiling 128 source files to /tmp/tmpve8omgyp/jeromq/target/classes
[INFO] 
[INFO] --- maven-bundle-plugin:2.3.7:manifest (bundle-manifest) @ jeromq ---
[INFO] 
[INFO] --- maven-resources-plugin:2.6:testResources (default-testResources) @ jeromq ---
[INFO] Using 'UTF-8' encoding to copy filtered resources.
[INFO] skip non existing resourceDirectory /tmp/tmpve8omgyp/jeromq/src/test/resources
[INFO] 
[INFO] --- maven-compiler-plugin:3.5.1:testCompile (default-testCompile) @ jeromq ---
[INFO] Changes detected - recompiling the module!
[INFO] Compiling 205 source files to /tmp/tmpve8omgyp/jeromq/target/test-classes
[INFO] /tmp/tmpve8omgyp/jeromq/src/test/java/zmq/proxy/ProxyTcpTest.java: Some input files use or override a deprecated API.
[INFO] /tmp/tmpve8omgyp/jeromq/src/test/java/zmq/proxy/ProxyTcpTest.java: Recompile with -Xlint:deprecation for details.
[INFO] 
[INFO] --- maven-surefire-plugin:2.12.4:test (default-test) @ jeromq ---
[INFO] Surefire report directory: /tmp/tmpve8omgyp/jeromq/target/surefire-reports

-------------------------------------------------------
 T E S T S
-------------------------------------------------------
Running zmq.TestConnectDelay
Scenario 1
Scenario 2
Scenario 3.Ping.Message sent.Message send fail.Ping.Message sent.Done
Tests run: 3, Failures: 0, Errors: 0, Skipped: 0, Time elapsed: 3.454 sec
Running zmq.OptionsTest
Tests run: 10, Failures: 0, Errors: 0, Skipped: 0, Time elapsed: 0.004 sec
Running zmq.TestLastEndpoint
Tests run: 1, Failures: 0, Errors: 0, Skipped: 0, Time elapsed: 0.006 sec
Running zmq.pipe.ConflateTest
Tests run: 1, Failures: 0, Errors: 0, Skipped: 0, Time elapsed: 0.205 sec
Running zmq.pipe.YQueueTest
Tests run: 1, Failures: 0, Errors: 0, Skipped: 0, Time elapsed: 0 sec
Running zmq.TestTimeo
Tests run: 1, Failures: 0, Errors: 0, Skipped: 0, Time elapsed: 2.509 sec
Running zmq.TestMsgFlags
Tests run: 1, Failures: 0, Errors: 0, Skipped: 0, Time elapsed: 0.003 sec
Running zmq.TestShutdownStress
Tests run: 1, Failures: 0, Errors: 0, Skipped: 0, Time elapsed: 0.388 sec
Running zmq.ImmediateTest
Immediate = true
Immediate = false
Immediate = false with broken connection.Ping.Message sent.Message send fail.Ping.Message sent.Done
Tests run: 3, Failures: 0, Errors: 0, Skipped: 0, Time elapsed: 3.331 sec
Running zmq.ConnectRidTest
Test Router 2 Router unnamed
Test Stream 2 stream
Test Router 2 Router named
Tests run: 3, Failures: 0, Errors: 0, Skipped: 0, Time elapsed: 3.01 sec
Running zmq.DiffServerTest
Tests run: 1, Failures: 0, Errors: 0, Skipped: 0, Time elapsed: 0.004 sec
Running zmq.util.WireTest
Tests run: 3, Failures: 0, Errors: 0, Skipped: 0, Time elapsed: 0 sec
Running zmq.util.TestBlob
Tests run: 1, Failures: 0, Errors: 0, Skipped: 0, Time elapsed: 0 sec
Running zmq.util.TestUtils
Tests run: 1, Failures: 0, Errors: 0, Skipped: 0, Time elapsed: 0 sec
Running zmq.TestMonitor
Tests run: 1, Failures: 0, Errors: 0, Skipped: 0, Time elapsed: 4.007 sec
Running zmq.proxy.ProxyTerminateTest
Tests run: 1, Failures: 0, Errors: 0, Skipped: 0, Time elapsed: 0.653 sec
Running zmq.proxy.ProxyTcpTest
Tests run: 1, Failures: 0, Errors: 0, Skipped: 1, Time elapsed: 0.001 sec
Running zmq.proxy.ProxySingleSocketTest
.....
Tests run: 1, Failures: 0, Errors: 0, Skipped: 0, Time elapsed: 0.198 sec
Running zmq.proxy.ProxyTest
Worker 4 done
Worker 3 done
Worker 0 done
Client 4 done
Client 3 done
Client 2 done
Worker 1 done
Client 0 done
Client 1 done
Tests run: 1, Failures: 0, Errors: 0, Skipped: 0, Time elapsed: 42.008 sec
Running zmq.InprocUnbindTest
Tests run: 1, Failures: 0, Errors: 0, Skipped: 0, Time elapsed: 0.002 sec
Running zmq.poll.PollerBaseTest
Tests run: 5, Failures: 0, Errors: 0, Skipped: 0, Time elapsed: 0.003 sec
Running zmq.TestTermEndpoint
disconnect endpoint test running...
Tests run: 1, Failures: 0, Errors: 0, Skipped: 0, Time elapsed: 2.008 sec
Running zmq.InprocDisconnectTest
subscribing on 'foo'
received on subscriber 'foo'
received on subscriber 'this is foo!'
received on subscriber 'foo'
received on subscriber 'this is foo!'
received on subscriber 'foo'
received on subscriber 'this is foo!'
unsubscribing from 'foo'
Tests run: 1, Failures: 0, Errors: 0, Skipped: 0, Time elapsed: 0.305 sec
Running zmq.TestHwm
Tests run: 1, Failures: 0, Errors: 0, Skipped: 0, Time elapsed: 0.002 sec
Running zmq.io.net.TestAddress
Tests run: 3, Failures: 0, Errors: 0, Skipped: 0, Time elapsed: 0.007 sec
Running zmq.io.net.TcpAddressTest
Tests run: 1, Failures: 0, Errors: 0, Skipped: 0, Time elapsed: 0.001 sec
Running zmq.io.net.BindSrcAddressTest
Tests run: 1, Failures: 0, Errors: 0, Skipped: 0, Time elapsed: 0.003 sec
Running zmq.io.mechanism.SecurityNullTest
Test NO ZAP domain
Test WRONG ZAP domain
Sending ZAP NULL reply
Test RIGHT ZAP domain
Sending ZAP NULL reply
Tests run: 1, Failures: 0, Errors: 0, Skipped: 0, Time elapsed: 1.262 sec
Running zmq.io.mechanism.SecurityCurveTest
Test Correct CURVE security
Sending ZAP CURVE reply
Test bad server key CURVE security
SessionBase-Dealer[1104] CURVE I: cannot open client HELLO -- wrong server key?
SessionBase-Dealer[1104] CURVE I: cannot open client HELLO -- wrong server key?
SessionBase-Dealer[1104] CURVE I: cannot open client HELLO -- wrong server key?
SessionBase-Dealer[1104] CURVE I: cannot open client HELLO -- wrong server key?
Test bad client public key CURVE security
SessionBase-Dealer[1104] CURVE I: cannot open client INITIATE vouch
SessionBase-Dealer[1104] CURVE I: cannot open client INITIATE vouch
SessionBase-Dealer[1104] CURVE I: cannot open client INITIATE vouch
SessionBase-Dealer[1104] CURVE I: cannot open client INITIATE vouch
Test bad client public key CURVE security
SessionBase-Dealer[1104] CURVE I: cannot open client INITIATE vouch
SessionBase-Dealer[1104] CURVE I: cannot open client INITIATE vouch
SessionBase-Dealer[1104] CURVE I: cannot open client INITIATE vouch
SessionBase-Dealer[1104] CURVE I: cannot open client INITIATE vouch
Test bad client credentials CURVE security
Sending ZAP CURVE reply
Test NULL client with CURVE security
Test PLAIN client with CURVE security
Test unauthenticated from vanilla socket CURVE security
Test return codes for invalid buffer sizes with CURVE security
Tests run: 2, Failures: 0, Errors: 0, Skipped: 0, Time elapsed: 5.135 sec
Running zmq.io.mechanism.SecurityPlainTest
Test Correct PLAIN security
Sending ZAP PLAIN reply
Test badly configured PLAIN security
Test wrong authentication PLAIN security
Sending ZAP PLAIN reply
Test unauthenticated from vanilla socket PLAIN security
Tests run: 1, Failures: 0, Errors: 0, Skipped: 0, Time elapsed: 1.761 sec
Running zmq.io.coder.V1EncoderTest
Tests run: 2, Failures: 0, Errors: 0, Skipped: 0, Time elapsed: 0.001 sec
Running zmq.io.coder.V1DecoderTest
Tests run: 4, Failures: 0, Errors: 0, Skipped: 0, Time elapsed: 0.002 sec
Running zmq.io.coder.V2DecoderTest
Tests run: 4, Failures: 0, Errors: 0, Skipped: 0, Time elapsed: 0.001 sec
Running zmq.io.coder.V2EncoderTest
Tests run: 2, Failures: 0, Errors: 0, Skipped: 0, Time elapsed: 0.001 sec
Running zmq.io.coder.CustomDecoderTest
Custom class zmq.io.coder.CustomDecoderTest$WrongDecoder has no required constructor <init>(int bufferSize, long maxMsgSize)
Tests run: 3, Failures: 0, Errors: 0, Skipped: 0, Time elapsed: 0.005 sec
Running zmq.io.coder.CustomEncoderTest
Custom class zmq.io.coder.CustomEncoderTest$WrongEncoder has no required constructor <init>(int bufferSize, long maxMsgSize)
Tests run: 3, Failures: 0, Errors: 0, Skipped: 0, Time elapsed: 0.005 sec
Running zmq.io.V1ProtocolTest
Tests run: 2, Failures: 0, Errors: 0, Skipped: 0, Time elapsed: 1.611 sec
Running zmq.io.V0ProtocolTest
Tests run: 2, Failures: 0, Errors: 0, Skipped: 0, Time elapsed: 1.207 sec
Running zmq.io.V2ProtocolTest
Tests run: 2, Failures: 0, Errors: 0, Skipped: 0, Time elapsed: 1.608 sec
Running zmq.io.MetadataTest
Sending ZAP reply
Tests run: 2, Failures: 0, Errors: 0, Skipped: 0, Time elapsed: 0.005 sec
Running zmq.socket.pipeline.PushPullSpecTest
Tests run: 4, Failures: 0, Errors: 0, Skipped: 1, Time elapsed: 2.01 sec
Running zmq.socket.pipeline.TestPushPullTcp
Tests run: 1, Failures: 0, Errors: 0, Skipped: 0, Time elapsed: 0.003 sec
Running zmq.socket.pubsub.XpubXsubTest
Send.Recv.Send.Recv.End.Done.
Send.Recv.End.Done.
Tests run: 3, Failures: 0, Errors: 0, Skipped: 0, Time elapsed: 3.149 sec
Running zmq.socket.pubsub.XPubTest
Tests run: 2, Failures: 0, Errors: 0, Skipped: 0, Time elapsed: 0.001 sec
Running zmq.socket.pubsub.PubTest
Tests run: 2, Failures: 0, Errors: 0, Skipped: 0, Time elapsed: 0.002 sec
Running zmq.socket.pubsub.TrieTest
Tests run: 5, Failures: 0, Errors: 0, Skipped: 0, Time elapsed: 0.002 sec
Running zmq.socket.pubsub.MTrieTest
Tests run: 10, Failures: 0, Errors: 0, Skipped: 0, Time elapsed: 0.004 sec
Running zmq.socket.pubsub.XPubNodropTest
Tests run: 1, Failures: 0, Errors: 0, Skipped: 0, Time elapsed: 0.009 sec
Running zmq.socket.pubsub.TestSubForward
Tests run: 1, Failures: 0, Errors: 0, Skipped: 0, Time elapsed: 2.002 sec
Running zmq.socket.pubsub.TestPubsubTcp
Send.Recv.1.2..End.Done.
Tests run: 1, Failures: 0, Errors: 0, Skipped: 0, Time elapsed: 1.002 sec
Running zmq.socket.pubsub.PubSubHwmTest
Tests run: 3, Failures: 0, Errors: 0, Skipped: 0, Time elapsed: 1.819 sec
Running zmq.socket.pubsub.SubTest
Tests run: 3, Failures: 0, Errors: 0, Skipped: 0, Time elapsed: 0.002 sec
Running zmq.socket.reqrep.RouterMandatoryTest
Starting router mandatory HWM test.....Done sending messages.
Tests run: 2, Failures: 0, Errors: 0, Skipped: 0, Time elapsed: 1.005 sec
Running zmq.socket.reqrep.RouterProbeTest
Tests run: 1, Failures: 0, Errors: 0, Skipped: 0, Time elapsed: 0.002 sec
Running zmq.socket.reqrep.TestReqCorrelateRelaxed
Tests run: 1, Failures: 0, Errors: 0, Skipped: 0, Time elapsed: 0.001 sec
Running zmq.socket.reqrep.TestInvalidRep
addrSize: 5
Tests run: 1, Failures: 0, Errors: 0, Skipped: 0, Time elapsed: 0.001 sec
Running zmq.socket.reqrep.ReqSpecTest
Tests run: 4, Failures: 0, Errors: 0, Skipped: 1, Time elapsed: 1.811 sec
Running zmq.socket.reqrep.TestReqrepDevice
Tests run: 1, Failures: 0, Errors: 0, Skipped: 0, Time elapsed: 0.003 sec
Running zmq.socket.reqrep.RepSpecTest
Tests run: 2, Failures: 0, Errors: 0, Skipped: 0, Time elapsed: 0.409 sec
Running zmq.socket.reqrep.TestReqRelaxed
Tests run: 2, Failures: 0, Errors: 0, Skipped: 0, Time elapsed: 0.304 sec
Running zmq.socket.reqrep.RouterHandoverTest
Tests run: 1, Failures: 0, Errors: 0, Skipped: 0, Time elapsed: 0.004 sec
Running zmq.socket.reqrep.DealerSpecTest
Tests run: 4, Failures: 0, Errors: 0, Skipped: 1, Time elapsed: 1.714 sec
Running zmq.socket.reqrep.TestReqrepTcp
Starting with port 44259
Tests run: 1, Failures: 0, Errors: 0, Skipped: 0, Time elapsed: 0.003 sec
Running zmq.socket.reqrep.TestReqrepInproc
Tests run: 1, Failures: 0, Errors: 0, Skipped: 0, Time elapsed: 0.002 sec
Running zmq.socket.reqrep.TestReqrepIpc
Tests run: 1, Failures: 0, Errors: 0, Skipped: 0, Time elapsed: 0.003 sec
Running zmq.socket.reqrep.RouterSpecTest
Tests run: 2, Failures: 0, Errors: 0, Skipped: 1, Time elapsed: 0.206 sec
Running zmq.socket.reqrep.TestRouterMandatory
Tests run: 1, Failures: 0, Errors: 0, Skipped: 0, Time elapsed: 1.001 sec
Running zmq.socket.stream.StreamTest
Tests run: 2, Failures: 0, Errors: 0, Skipped: 0, Time elapsed: 1.003 sec
Running zmq.socket.stream.StreamEmptyTest
Tests run: 1, Failures: 0, Errors: 0, Skipped: 0, Time elapsed: 1.001 sec
Running zmq.socket.pair.TestPairInproc
Tests run: 1, Failures: 0, Errors: 0, Skipped: 0, Time elapsed: 0.002 sec
Running zmq.socket.pair.TestPairIpc
Tests run: 1, Failures: 0, Errors: 0, Skipped: 0, Time elapsed: 0.003 sec
Running zmq.socket.pair.TestPairTcp
Tests run: 4, Failures: 0, Errors: 0, Skipped: 0, Time elapsed: 0.111 sec
Running zmq.TestConnectResolve
test_connect_resolve running...

Tests run: 1, Failures: 0, Errors: 0, Skipped: 0, Time elapsed: 0.001 sec
Running zmq.TestMsg
Tests run: 2, Failures: 0, Errors: 0, Skipped: 0, Time elapsed: 0 sec
Running org.zeromq.TestProxy
Start Dealer-B
Start Dealer-A
Start Client-Y
Start Client-X
Client-Y sent 1st message
Client-X sent 1st message
Dealer-B received client identity 436C69656E742D59A18B34AF257D7B9B54B185EF2447B60BCBE9C97730EB42E71B8141B24B1B2EC918F08A782C813E096501A2AC42291E14B196F41E8728D12E120CF870FB0806B89C6D0C6CD1215B0BA773E1A28B5B2D686194380792CDDB6999FD094F1D72572CF007AD6F57AEA6F2CC3C8BFB28F09561C16AC5330EF89D1F5510113BE4DC66FF3DAB70119340B6DD87CA00E3F9D71D435C2C46258A25AC4A2D443DBC79655FD78E54321D6FFB0DC3
Dealer-A received client identity 436C69656E742D5844744922C170B224DFC497A23B222E9AA61085F20810C233047EE69E509E4D32D6D63FB5A69B3EC52102CAEF672728F32BDEF78BD2FA9293A5BFF4F95E4012DFD54E5A250C24E589D6A9A710D1786A17692B110F4E
Dealer-B received bottom 
Dealer-B received data hello
Dealer-A received bottom 
Dealer-A received data hello
Client-Y received OK hello Dealer-B
Client-X received OK hello Dealer-A
Dealer-B received client identity 436C69656E742D59A18B34AF257D7B9B54B185EF2447B60BCBE9C97730EB42E71B8141B24B1B2EC918F08A782C813E096501A2AC42291E14B196F41E8728D12E120CF870FB0806B89C6D0C6CD1215B0BA773E1A28B5B2D686194380792CDDB6999FD094F1D72572CF007AD6F57AEA6F2CC3C8BFB28F09561C16AC5330EF89D1F5510113BE4DC66FF3DAB70119340B6DD87CA00E3F9D71D435C2C46258A25AC4A2D443DBC79655FD78E54321D6FFB0DC3
Dealer-B received bottom 
Dealer-B received data world
Dealer-A received client identity 436C69656E742D5844744922C170B224DFC497A23B222E9AA61085F20810C233047EE69E509E4D32D6D63FB5A69B3EC52102CAEF672728F32BDEF78BD2FA9293A5BFF4F95E4012DFD54E5A250C24E589D6A9A710D1786A17692B110F4E
Dealer-A received bottom 
Dealer-A received data world
Client-Y received OK world Dealer-B
Client-X received OK world Dealer-A
Stop Dealer-B
Stop Dealer-A
Stop Client-Y
Stop Client-X
Tests run: 1, Failures: 0, Errors: 0, Skipped: 0, Time elapsed: 1.008 sec
Running org.zeromq.ZBeaconTest
Tests run: 4, Failures: 0, Errors: 0, Skipped: 2, Time elapsed: 0.007 sec
Running org.zeromq.TestEvents
Tests run: 9, Failures: 0, Errors: 0, Skipped: 0, Time elapsed: 2.01 sec
Running org.zeromq.TestPushPullThreadedTcp
Sending 500 messages
Worker received 500 messages
Test done in 105 millis.
Worker received 1 messages
Test done in 2 millis.
push time :157 millisec.
last message: hello_299999
all time :157 millisec.
Sending 20000 messages to trigger watermark limit
Worker received 20000 messages
Test done in 413 millis.
Tests run: 4, Failures: 0, Errors: 0, Skipped: 0, Time elapsed: 0.682 sec
Running org.zeromq.ReqRepTest
Large Message received in  784 millis.
Req/Rep with 2 threads for 50000 messages in 4883 millis.
Tests run: 2, Failures: 0, Errors: 0, Skipped: 0, Time elapsed: 5.736 sec
Running org.zeromq.TestPoller
Sender: not writable
Receiver Started
Sender: wrote message
Receiver Stopped
Poller test done
Tests run: 1, Failures: 0, Errors: 0, Skipped: 0, Time elapsed: 1.008 sec
Running org.zeromq.ZFrameTest
Tests run: 6, Failures: 0, Errors: 0, Skipped: 0, Time elapsed: 0.005 sec
Running org.zeromq.TestZProxy
All options sync new hot
State sync pause
All options sync new hot with restart
State sync
State async
All options sync new
All options async new
All options sync
All options async
Tests run: 9, Failures: 0, Errors: 0, Skipped: 0, Time elapsed: 3.271 sec
Running org.zeromq.PubSubTest
Tests run: 2, Failures: 0, Errors: 0, Skipped: 2, Time elapsed: 0 sec
Running org.zeromq.ZCertStoreTest
Tests run: 1, Failures: 0, Errors: 0, Skipped: 1, Time elapsed: 0 sec
Running org.zeromq.ZLoopTest
Tests run: 4, Failures: 0, Errors: 0, Skipped: 0, Time elapsed: 0.06 sec
Running org.zeromq.ParanoidPiratServerWithLazyPiratClientTest
I: Worker - ready
I: Client - connecting to server
I: Worker - normal reply
I: Client - server replied OK (1)
I: Worker - heartbeat
I: Worker - normal reply
I: Client - server replied OK (2)
I: Worker - normal reply
I: Client - server replied OK (3)
I: Worker - heartbeat
I: Worker - normal reply
I: Client - server replied OK (4)
I: Worker - heartbeat
I: Worker - simulating CPU overload
W: Client - no response from server, retrying
I: Client - reconnecting to server
I: Worker - normal reply
I: Worker - heartbeat
I: Worker - normal reply
I: Client - server replied OK (5)
I: Worker - normal reply
I: Client - server replied OK (6)
I: Worker - heartbeat
I: Worker - normal reply
I: Client - server replied OK (7)
I: Worker - heartbeat
I: Worker - normal reply
I: Client - server replied OK (8)
I: Worker - simulating a crash
I: Rebooter - restarting new worker after crash ++++++++++++
I: Worker - ready
I: Worker - heartbeat
W: Client - no response from server, retrying
I: Client - reconnecting to server
I: Worker - normal reply
I: Client - server replied OK (9)
I: Worker - heartbeat
I: Worker - normal reply
I: Client - server replied OK (10)
I: Worker - normal reply
I: Client - server replied OK (11)
I: Worker - heartbeat
I: Worker - normal reply
I: Client - server replied OK (12)
I: Worker - simulating CPU overload
W: Client - no response from server, retrying
I: Client - reconnecting to server
I: Worker - normal reply
I: Worker - heartbeat
I: Worker - normal reply
I: Client - server replied OK (13)
I: Worker - normal reply
I: Client - server replied OK (14)
I: Worker - heartbeat
I: Worker - normal reply
I: Client - server replied OK (15)
I: Worker - normal reply
I: Client - server replied OK (16)
I: Worker - heartbeat
I: Worker - simulating a crash
W: Client - no response from server, retrying
I: Client - reconnecting to server
W: Client - no response from server, retrying
I: Client - reconnecting to server
E: Client - server seems to be offline, abandoning
Test with Paranoid Server and Lazy client completed in 32021 millis
Tests run: 1, Failures: 0, Errors: 0, Skipped: 0, Time elapsed: 32.021 sec
Running org.zeromq.auth.ZConfigTest
Tests run: 4, Failures: 0, Errors: 0, Skipped: 0, Time elapsed: 0.008 sec
Running org.zeromq.auth.ZAuthTest
testPlainWithPasswordDenied
ZAuth: Enabled replies
ZAuth: activated plain-mechanism with password-file: /tmp/tmpve8omgyp/jeromq/target/passwords
ZAuth: Denied (PLAIN) username=admin
ZAuth: Terminated
testWhitelistDenied
ZAuth: Enabled replies
ZAuth: Whitelisting IP address=127.0.0.2
ZAuth: Denied (not in whitelist) address = 127.0.0.1
ZAuth: Terminated
testNoReplies
ZAuth: Disabled replies
ZAuth: replies are disabled. Please use replies(true);
ZAuth: replies are disabled. Please use replies(true);
ZAuth: Terminated
testWhitelistAllowed
ZAuth: Enabled replies
ZAuth: Whitelisting IP address=127.0.0.1
ZAuth: Passed (whitelist) address = 127.0.0.1
ZAuth: Terminated
testCurveSuccessful
ZAuth: Enabled replies
ZAuth: Using target/curve as certificates directory
ZAuth: Allowed (CURVE) client_key=Kxtl{/DELcOhVjMO}lQm@*M$Io/y+d[}*p>T/4aR
ZAuth: Terminated
testNull
ZAuth: Enabled replies
ZAuth: Terminated
testBlacklistAllowed
ZAuth: Enabled replies
ZAuth: Blacklisting IP address=127.0.0.2
ZAuth: Passed (not in blacklist) address = 127.0.0.1
ZAuth: Terminated
testPlainWithPassword
ZAuth: Enabled replies
ZAuth: activated plain-mechanism with password-file: /tmp/tmpve8omgyp/jeromq/target/passwords
ZAuth: Allowed (PLAIN) username=admin
ZAuth: Terminated
testNullAllowed
ZAuth: Enabled replies
ZAuth: Whitelisting IP address=127.0.0.1
ZAuth: Passed (whitelist) address = 127.0.0.1
ZAuth: Terminated
testBlacklistDenied
ZAuth: Enabled replies
ZAuth: Blacklisting IP address=127.0.0.1
ZAuth: Denied (blacklist) address = 127.0.0.1
ZAuth: Terminated
testCurveAnyClient
ZAuth: Enabled replies
ZAuth: Allowing all clients
ZAuth: allowed (CURVE allow any client)
ZAuth replied ZapReply [version=1.0, sequence=1, statusCode=200, statusText=OK, userId=, ]
ZAuth: Terminated
testNullWithNoDomain
ZAuth: Enabled replies
ZAuth: Whitelisting IP address=127.0.0.1
ZAuth: Terminated
testCurveFail
ZAuth: Enabled replies
ZAuth: Using target/curve as certificates directory
ZAuth: Denied (CURVE) client_key=.kaL=RAR*eE<FB.t^pbOjk(R^C#Zomsz5OSq{X2y
ZAuth: Terminated
Tests run: 13, Failures: 0, Errors: 0, Skipped: 0, Time elapsed: 1.339 sec
Running org.zeromq.TestZContext
Tests run: 8, Failures: 0, Errors: 0, Skipped: 0, Time elapsed: 0.008 sec
Running org.zeromq.TestDisconnectInprocZeromq
subscribing on 'foo'
received on subscriber 'foo'
received on subscriber 'this is foo!'
received on subscriber 'foo'
received on subscriber 'this is foo!'
received on subscriber 'foo'
received on subscriber 'this is foo!'
unsubscribing from 'foo'
Tests run: 1, Failures: 0, Errors: 0, Skipped: 0, Time elapsed: 3.506 sec
Running org.zeromq.XpubXsubZTest
Tests run: 3, Failures: 0, Errors: 0, Skipped: 0, Time elapsed: 1.263 sec
Running org.zeromq.ZSocketTest
Tests run: 1, Failures: 0, Errors: 0, Skipped: 0, Time elapsed: 0.001 sec
Running org.zeromq.util.ZDataTest
ZData: [010] AAAAAAAAAAAAAAAAAAAA
ZData: [012] 040404040404040404040404
Tests run: 6, Failures: 0, Errors: 0, Skipped: 0, Time elapsed: 0.002 sec
Running org.zeromq.util.ZDigestTest
Tests run: 3, Failures: 0, Errors: 0, Skipped: 0, Time elapsed: 0 sec
Running org.zeromq.ByteBuffersTest
Test sending direct large message (~15Mb)
Received ~15Mb msg in 20 millisec.
Test sending large message (~15Mb)
Received ~15Mb msg in 25 millisec.
Tests run: 4, Failures: 0, Errors: 0, Skipped: 0, Time elapsed: 4.715 sec
Running org.zeromq.ZMonitorTest
ZMonitor: Start before getting events.
ZMonitor: Start before getting events.
ZMonitor: Unable to add events while already started.
ZMonitor: Unable to remove events while already started.
ZMonitor: Unable to change verbosity while already started.
ZMonitor: Unable to start while already started.
ZMonitor: Adding event LISTENING
ZMonitor: Adding event CONNECTED
ZMonitor: Adding event DISCONNECTED
ZMonitor: Adding event ACCEPT_FAILED
ZMonitor: Removing event ACCEPT_FAILED
ZMonitor: Start monitor for events 521 on Dealer[1645]
server @ tcp://127.0.0.1:53952 received ZEvent [type=ACCEPTED, code=32, address=tcp://127.0.0.1:53952, value=null]
ZMonitor: Stop monitor for events 521 on Dealer[1645]
ZMonitor: Closing monitor Dealer[1645]
Tests run: 2, Failures: 0, Errors: 0, Skipped: 0, Time elapsed: 0.018 sec
Running org.zeromq.TestReqRouterThreadedTcp
test Req + Router with polling
Client started
Server started
Client sent message
Server sent reply
Client received message
test Req + Router
Server started
Client started
Client sent message
Server sent reply
Client received message
Tests run: 2, Failures: 0, Errors: 0, Skipped: 0, Time elapsed: 2.006 sec
Running org.zeromq.TestZStar
No star: Fortune is not here anymore ... Cleaning the remains.. .
Tests run: 1, Failures: 0, Errors: 0, Skipped: 0, Time elapsed: 0.003 sec
Running org.zeromq.TestZLoop
Tests run: 4, Failures: 0, Errors: 0, Skipped: 0, Time elapsed: 0.062 sec
Running org.zeromq.TestZActor
.Acting Ready for a hello world.Hi! .Acting Ready for a hello world.Hi! .Acting Finished.
.
Tests run: 2, Failures: 0, Errors: 0, Skipped: 0, Time elapsed: 0.007 sec
Running org.zeromq.HighWatermarkTest
Sending 30000 tasks (50b) to workers

Started worker process #1
Started worker process #2
Started dispatcher on tcp://localhost:45335
Worker #1 recv 0 messages
Collector recv : 0 messages 
Worker #2 recv 0 messages
Dispatcher finished, awaiting for collector finish
Collector recv : 100 messages 
Worker #2 recv 7000 messages
Collector recv : 7000 messages 
Worker #1 recv 7000 messages
Worker #2 recv 14000 messages
Collector recv : 14000 messages 
Worker #1 recv 14000 messages
Collector recv : 21000 messages 
Collector recv : 28000 messages 
Dispatcher done.
Collector done.
Test done in 10039 millis.
Sending 30000 tasks (50b) to workers

Started worker process #1
Started dispatcher on tcp://localhost:42839
Worker #1 recv 0 messages
Collector recv : 0 messages 
Dispatcher finished, awaiting for collector finish
Collector recv : 100 messages 
Worker #1 recv 7000 messages
Collector recv : 7000 messages 
Worker #1 recv 14000 messages
Collector recv : 14000 messages 
Worker #1 recv 21000 messages
Collector recv : 21000 messages 
Worker #1 recv 28000 messages
Collector recv : 28000 messages 
Collector done.
Dispatcher done.
Test done in 11137 millis.
Tests run: 2, Failures: 0, Errors: 0, Skipped: 0, Time elapsed: 21.176 sec
Running org.zeromq.ZMsgTest
--------------------------------------
[000] 
[001] AA
[ , AA ]
Tests run: 20, Failures: 0, Errors: 0, Skipped: 0, Time elapsed: 0.007 sec
Running org.zeromq.TestZThread
Tests run: 3, Failures: 0, Errors: 0, Skipped: 1, Time elapsed: 0.003 sec
Running org.zeromq.TestZPoller
Tests run: 11, Failures: 0, Errors: 0, Skipped: 0, Time elapsed: 0.047 sec
Running org.zeromq.TestZMQ
Connecting socket to unbind on port 61561
Tests run: 64, Failures: 0, Errors: 0, Skipped: 0, Time elapsed: 0.092 sec
Running org.zeromq.DealerDealerTest
Tests run: 1, Failures: 0, Errors: 0, Skipped: 1, Time elapsed: 0.001 sec

Results :

Tests run: 352, Failures: 0, Errors: 0, Skipped: 12

[INFO] 
[INFO] --- maven-jar-plugin:2.6:jar (default-jar) @ jeromq ---
[INFO] Building jar: /tmp/tmpve8omgyp/jeromq/target/jeromq-0.4.3.jar
[INFO] 
[INFO] >>> maven-source-plugin:3.0.1:jar (attach-sources) > generate-sources @ jeromq >>>
[INFO] 
[INFO] --- maven-enforcer-plugin:1.0:enforce (enforce-maven) @ jeromq ---
[INFO] 
[INFO] --- maven-checkstyle-plugin:2.11:check (default) @ jeromq ---
[INFO] Starting audit...
Audit done.

[INFO] 
[INFO] <<< maven-source-plugin:3.0.1:jar (attach-sources) < generate-sources @ jeromq <<<
[INFO] 
[INFO] 
[INFO] --- maven-source-plugin:3.0.1:jar (attach-sources) @ jeromq ---
[INFO] Building jar: /tmp/tmpve8omgyp/jeromq/target/jeromq-0.4.3-sources.jar
[INFO] 
[INFO] --- maven-javadoc-plugin:2.9.1:jar (attach-javadocs) @ jeromq ---
[INFO] Skipping javadoc generation
[INFO] 
[INFO] --- maven-assembly-plugin:3.2.0:single (default) @ jeromq ---
[INFO] Building jar: /tmp/tmpve8omgyp/jeromq/target/jeromq-0.4.3-jar-with-dependencies.jar
[INFO] ------------------------------------------------------------------------
[INFO] BUILD SUCCESS
[INFO] ------------------------------------------------------------------------
[INFO] Total time:  03:03 min
[INFO] Finished at: 2020-07-30T17:37:04Z
[INFO] ------------------------------------------------------------------------
