[INFO] Error stacktraces are turned on.
[INFO] Scanning for projects...
[INFO] 
[INFO] ----------------------< org.cyclopsgroup:jmxterm >----------------------
[INFO] Building JMXTerm 1.1.0-SNAPSHOT
[INFO] --------------------------------[ jar ]---------------------------------
[INFO] 
[INFO] --- jacoco-maven-plugin:0.8.5:prepare-agent (default) @ jmxterm ---
[INFO] argLine set to -javaagent:/home/jdbl/.m2/repository/org/jacoco/org.jacoco.agent/0.8.5/org.jacoco.agent-0.8.5-runtime.jar=destfile=/tmp/tmpzdz_a1t1/jmxterm/target/jacoco.exec
[INFO] 
[INFO] --- maven-resources-plugin:2.6:resources (default-resources) @ jmxterm ---
[INFO] Using 'UTF-8' encoding to copy filtered resources.
[INFO] Copying 1 resource
[INFO] 
[INFO] --- maven-compiler-plugin:3.8.1:compile (default-compile) @ jmxterm ---
[INFO] Changes detected - recompiling the module!
[INFO] Compiling 67 source files to /tmp/tmpzdz_a1t1/jmxterm/target/classes
[INFO] 
[INFO] --- maven-resources-plugin:2.6:testResources (default-testResources) @ jmxterm ---
[INFO] Using 'UTF-8' encoding to copy filtered resources.
[INFO] skip non existing resourceDirectory /tmp/tmpzdz_a1t1/jmxterm/src/test/resources
[INFO] 
[INFO] --- maven-compiler-plugin:3.8.1:testCompile (default-testCompile) @ jmxterm ---
[INFO] Changes detected - recompiling the module!
[INFO] Compiling 36 source files to /tmp/tmpzdz_a1t1/jmxterm/target/test-classes
[INFO] 
[INFO] --- maven-surefire-plugin:2.19.1:test (default-test) @ jmxterm ---
[INFO] Surefire report directory: /tmp/tmpzdz_a1t1/jmxterm/target/surefire-reports

-------------------------------------------------------
 T E S T S
-------------------------------------------------------
Running org.cyclopsgroup.jmxterm.SyntaxUtilsTest
Tests run: 3, Failures: 0, Errors: 0, Skipped: 0, Time elapsed: 0.181 sec - in org.cyclopsgroup.jmxterm.SyntaxUtilsTest
Running org.cyclopsgroup.jmxterm.utils.WeakCastUtilsTest
Tests run: 1, Failures: 0, Errors: 0, Skipped: 0, Time elapsed: 0.001 sec - in org.cyclopsgroup.jmxterm.utils.WeakCastUtilsTest
Running org.cyclopsgroup.jmxterm.utils.ValueFormatTest
Tests run: 1, Failures: 0, Errors: 0, Skipped: 0, Time elapsed: 0 sec - in org.cyclopsgroup.jmxterm.utils.ValueFormatTest
Running org.cyclopsgroup.jmxterm.jdk5.Jdk5JavaProcessManagerTest
Tests run: 1, Failures: 0, Errors: 0, Skipped: 0, Time elapsed: 0.007 sec - in org.cyclopsgroup.jmxterm.jdk5.Jdk5JavaProcessManagerTest
Running org.cyclopsgroup.jmxterm.cmd.SetCommandTest
Tests run: 6, Failures: 0, Errors: 0, Skipped: 0, Time elapsed: 0.355 sec - in org.cyclopsgroup.jmxterm.cmd.SetCommandTest
Running org.cyclopsgroup.jmxterm.cmd.RunCommandTest
Tests run: 2, Failures: 0, Errors: 0, Skipped: 0, Time elapsed: 0.042 sec - in org.cyclopsgroup.jmxterm.cmd.RunCommandTest
Running org.cyclopsgroup.jmxterm.cmd.GetCommandTest
Tests run: 7, Failures: 0, Errors: 0, Skipped: 0, Time elapsed: 0.057 sec - in org.cyclopsgroup.jmxterm.cmd.GetCommandTest
Running org.cyclopsgroup.jmxterm.cmd.BeanCommandTest
Tests run: 8, Failures: 0, Errors: 0, Skipped: 0, Time elapsed: 0.049 sec - in org.cyclopsgroup.jmxterm.cmd.BeanCommandTest
Running org.cyclopsgroup.jmxterm.cmd.BeansCommandTest
Tests run: 4, Failures: 0, Errors: 0, Skipped: 0, Time elapsed: 0.006 sec - in org.cyclopsgroup.jmxterm.cmd.BeansCommandTest
Running org.cyclopsgroup.jmxterm.cmd.SubscribeCommandTest
Tests run: 2, Failures: 0, Errors: 0, Skipped: 0, Time elapsed: 0.023 sec - in org.cyclopsgroup.jmxterm.cmd.SubscribeCommandTest
Running org.cyclopsgroup.jmxterm.cmd.CloseCommandTest
Tests run: 1, Failures: 0, Errors: 0, Skipped: 0, Time elapsed: 0 sec - in org.cyclopsgroup.jmxterm.cmd.CloseCommandTest
Running org.cyclopsgroup.jmxterm.cmd.OpenCommandTest
Tests run: 2, Failures: 0, Errors: 0, Skipped: 0, Time elapsed: 0.001 sec - in org.cyclopsgroup.jmxterm.cmd.OpenCommandTest
Running org.cyclopsgroup.jmxterm.cmd.DomainCommandTest
Tests run: 5, Failures: 0, Errors: 0, Skipped: 0, Time elapsed: 0.008 sec - in org.cyclopsgroup.jmxterm.cmd.DomainCommandTest
Running org.cyclopsgroup.jmxterm.cmd.UnsubscribeCommandTest
Tests run: 2, Failures: 0, Errors: 0, Skipped: 0, Time elapsed: 0.008 sec - in org.cyclopsgroup.jmxterm.cmd.UnsubscribeCommandTest
Running org.cyclopsgroup.jmxterm.cmd.InfoCommandTest
Tests run: 5, Failures: 0, Errors: 0, Skipped: 0, Time elapsed: 0.106 sec - in org.cyclopsgroup.jmxterm.cmd.InfoCommandTest
Running org.cyclopsgroup.jmxterm.cmd.QuitCommandTest
Tests run: 1, Failures: 0, Errors: 0, Skipped: 0, Time elapsed: 0 sec - in org.cyclopsgroup.jmxterm.cmd.QuitCommandTest
Running org.cyclopsgroup.jmxterm.cmd.DomainsCommandTest
Tests run: 1, Failures: 0, Errors: 0, Skipped: 0, Time elapsed: 0.001 sec - in org.cyclopsgroup.jmxterm.cmd.DomainsCommandTest
Running org.cyclopsgroup.jmxterm.cmd.OptionCommandTest
Tests run: 1, Failures: 0, Errors: 0, Skipped: 0, Time elapsed: 0.001 sec - in org.cyclopsgroup.jmxterm.cmd.OptionCommandTest
Running org.cyclopsgroup.jmxterm.cc.SessionImplTest
Tests run: 1, Failures: 0, Errors: 0, Skipped: 0, Time elapsed: 0.011 sec - in org.cyclopsgroup.jmxterm.cc.SessionImplTest
Running org.cyclopsgroup.jmxterm.cc.JPMFactoryTest
Tests run: 1, Failures: 0, Errors: 0, Skipped: 0, Time elapsed: 0.033 sec - in org.cyclopsgroup.jmxterm.cc.JPMFactoryTest
Running org.cyclopsgroup.jmxterm.cc.CommandCenterTest
Tests run: 7, Failures: 0, Errors: 0, Skipped: 0, Time elapsed: 0.341 sec - in org.cyclopsgroup.jmxterm.cc.CommandCenterTest
Running org.cyclopsgroup.jmxterm.cc.HelpCommandTest
[USAGE]
  test <OPTIONS> <ARGS>
[DESCRIPTION]
  desc
[OPTIONS]
  -h --help                     Display usage
[ARGS]
  <arg>... 
[USAGE]
  test <OPTIONS> <ARGS>
[DESCRIPTION]
  desc
[OPTIONS]
  -h --help                     Display usage
[ARGS]
  <arg>... 
Tests run: 2, Failures: 0, Errors: 0, Skipped: 0, Time elapsed: 0.059 sec - in org.cyclopsgroup.jmxterm.cc.HelpCommandTest
Running org.cyclopsgroup.jmxterm.cc.PredefinedCommandFactoryTest
Tests run: 1, Failures: 0, Errors: 0, Skipped: 0, Time elapsed: 0.178 sec - in org.cyclopsgroup.jmxterm.cc.PredefinedCommandFactoryTest
Running org.cyclopsgroup.jmxterm.cc.ConnectionImplTest
Tests run: 1, Failures: 0, Errors: 0, Skipped: 0, Time elapsed: 0.002 sec - in org.cyclopsgroup.jmxterm.cc.ConnectionImplTest
Running org.cyclopsgroup.jmxterm.jdk6.Jdk6JavaProcessManagerTest
Tests run: 1, Failures: 0, Errors: 0, Skipped: 0, Time elapsed: 0 sec - in org.cyclopsgroup.jmxterm.jdk6.Jdk6JavaProcessManagerTest
Running org.cyclopsgroup.jmxterm.jdk6.LocalVirtualMachineTest
Tests run: 1, Failures: 0, Errors: 0, Skipped: 0, Time elapsed: 0 sec - in org.cyclopsgroup.jmxterm.jdk6.LocalVirtualMachineTest
Running org.cyclopsgroup.jmxterm.pm.JConsoleClassLoaderFactoryTest
Tests run: 1, Failures: 0, Errors: 0, Skipped: 0, Time elapsed: 0.013 sec - in org.cyclopsgroup.jmxterm.pm.JConsoleClassLoaderFactoryTest
Running org.cyclopsgroup.jmxterm.io.ValueOutputFormatTest
Tests run: 3, Failures: 0, Errors: 0, Skipped: 0, Time elapsed: 0 sec - in org.cyclopsgroup.jmxterm.io.ValueOutputFormatTest
Running org.cyclopsgroup.jmxterm.io.PrintStreamCommandOutputTest
Tests run: 1, Failures: 0, Errors: 0, Skipped: 0, Time elapsed: 0 sec - in org.cyclopsgroup.jmxterm.io.PrintStreamCommandOutputTest
Running org.cyclopsgroup.jmxterm.io.InputStreamCommandInputTest
Tests run: 1, Failures: 0, Errors: 0, Skipped: 0, Time elapsed: 0 sec - in org.cyclopsgroup.jmxterm.io.InputStreamCommandInputTest
Running org.cyclopsgroup.jmxterm.io.FileCommandInputTest
Tests run: 1, Failures: 0, Errors: 0, Skipped: 0, Time elapsed: 0 sec - in org.cyclopsgroup.jmxterm.io.FileCommandInputTest
Running org.cyclopsgroup.jmxterm.io.FileCommandOutputTest
Tests run: 2, Failures: 0, Errors: 0, Skipped: 0, Time elapsed: 0.025 sec - in org.cyclopsgroup.jmxterm.io.FileCommandOutputTest

Results :

Tests run: 77, Failures: 0, Errors: 0, Skipped: 0

[INFO] 
[INFO] --- fmt-maven-plugin:2.9:check (default) @ jmxterm ---
[INFO] Processed 100 files (0 non-complying).
[INFO] Processed 103 files (0 non-complying).
[INFO] 
[INFO] --- jacoco-maven-plugin:0.8.5:report (report) @ jmxterm ---
[INFO] Loading execution data file /tmp/tmpzdz_a1t1/jmxterm/target/jacoco.exec
[INFO] Analyzed bundle 'JMXTerm' with 383 classes
[INFO] ------------------------------------------------------------------------
[INFO] BUILD SUCCESS
[INFO] ------------------------------------------------------------------------
[INFO] Total time:  23.957 s
[INFO] Finished at: 2020-07-30T20:12:00Z
[INFO] ------------------------------------------------------------------------
