[INFO] Error stacktraces are turned on.
[INFO] Scanning for projects...
[WARNING] 
[WARNING] Some problems were encountered while building the effective model for co.solinx:kafka-monitor:jar:1.0-SNAPSHOT
[WARNING] 'build.plugins.plugin.version' for org.apache.maven.plugins:maven-compiler-plugin is missing. @ line 129, column 15
[WARNING] 'build.plugins.plugin.version' for org.apache.maven.plugins:maven-jar-plugin is missing. @ line 137, column 15
[WARNING] 
[WARNING] It is highly recommended to fix these problems because they threaten the stability of your build.
[WARNING] 
[WARNING] For this reason, future Maven versions might no longer support building such malformed projects.
[WARNING] 
[INFO] 
[INFO] ----------------------< co.solinx:kafka-monitor >-----------------------
[INFO] Building kafka-monitor 1.0-SNAPSHOT
[INFO] --------------------------------[ jar ]---------------------------------
[INFO] 
[INFO] --- jacoco-maven-plugin:0.8.5:prepare-agent (default) @ kafka-monitor ---
[INFO] argLine set to -javaagent:/home/jdbl/.m2/repository/org/jacoco/org.jacoco.agent/0.8.5/org.jacoco.agent-0.8.5-runtime.jar=destfile=/tmp/tmp5h8yafz1/kafka-monitor/target/jacoco.exec
[INFO] 
[INFO] --- maven-resources-plugin:2.6:resources (default-resources) @ kafka-monitor ---
[INFO] Using 'UTF-8' encoding to copy filtered resources.
[INFO] Copying 33 resources
[INFO] 
[INFO] --- maven-compiler-plugin:3.1:compile (default-compile) @ kafka-monitor ---
[INFO] Changes detected - recompiling the module!
[INFO] Compiling 59 source files to /tmp/tmp5h8yafz1/kafka-monitor/target/classes
[WARNING] /tmp/tmp5h8yafz1/kafka-monitor/src/main/java/co/solinx/kafka/monitor/core/service/ConsumerService.java: Some input files use or override a deprecated API.
[WARNING] /tmp/tmp5h8yafz1/kafka-monitor/src/main/java/co/solinx/kafka/monitor/core/service/ConsumerService.java: Recompile with -Xlint:deprecation for details.
[WARNING] /tmp/tmp5h8yafz1/kafka-monitor/src/main/java/co/solinx/kafka/monitor/core/service/KafkaBaseInfoService.java: Some input files use unchecked or unsafe operations.
[WARNING] /tmp/tmp5h8yafz1/kafka-monitor/src/main/java/co/solinx/kafka/monitor/core/service/KafkaBaseInfoService.java: Recompile with -Xlint:unchecked for details.
[INFO] 
[INFO] --- maven-resources-plugin:2.6:testResources (default-testResources) @ kafka-monitor ---
[INFO] Using 'UTF-8' encoding to copy filtered resources.
[INFO] Copying 1 resource
[INFO] 
[INFO] --- maven-compiler-plugin:3.1:testCompile (default-testCompile) @ kafka-monitor ---
[INFO] Changes detected - recompiling the module!
[INFO] Compiling 14 source files to /tmp/tmp5h8yafz1/kafka-monitor/target/test-classes
[WARNING] /tmp/tmp5h8yafz1/kafka-monitor/src/test/java/co/solinx/kafka/TestKafkaConsumerGroupService.java: /tmp/tmp5h8yafz1/kafka-monitor/src/test/java/co/solinx/kafka/TestKafkaConsumerGroupService.java uses unchecked or unsafe operations.
[WARNING] /tmp/tmp5h8yafz1/kafka-monitor/src/test/java/co/solinx/kafka/TestKafkaConsumerGroupService.java: Recompile with -Xlint:unchecked for details.
[INFO] 
[INFO] --- maven-surefire-plugin:2.19.1:test (default-test) @ kafka-monitor ---
[INFO] Surefire report directory: /tmp/tmp5h8yafz1/kafka-monitor/target/surefire-reports

-------------------------------------------------------
 T E S T S
-------------------------------------------------------
Running co.solinx.AppTest
Tests run: 1, Failures: 0, Errors: 0, Skipped: 0, Time elapsed: 0.015 sec - in co.solinx.AppTest
Running co.solinx.kafka.Test
Tests run: 0, Failures: 0, Errors: 0, Skipped: 0, Time elapsed: 0 sec - in co.solinx.kafka.Test
log4j:WARN No such property [maxFileSize] in org.apache.log4j.DailyRollingFileAppender.
log4j:WARN No such property [maxBackupIndex] in org.apache.log4j.DailyRollingFileAppender.
Running co.solinx.kafka.KafkaConfigTest
Tests run: 0, Failures: 0, Errors: 0, Skipped: 0, Time elapsed: 0 sec - in co.solinx.kafka.KafkaConfigTest
2020-07-30 21:15:11,437 [main] [org.apache.curator.framework.imps.CuratorFrameworkImpl]-[INFO] Starting
2020-07-30 21:15:11,538 [main] [org.apache.zookeeper.ZooKeeper]-[INFO] Client environment:zookeeper.version=3.4.8--1, built on 02/06/2016 03:18 GMT
2020-07-30 21:15:11,539 [main] [org.apache.zookeeper.ZooKeeper]-[INFO] Client environment:host.name=7efb86574131
2020-07-30 21:15:11,539 [main] [org.apache.zookeeper.ZooKeeper]-[INFO] Client environment:java.version=1.8.0_262
2020-07-30 21:15:11,539 [main] [org.apache.zookeeper.ZooKeeper]-[INFO] Client environment:java.vendor=Oracle Corporation
2020-07-30 21:15:11,539 [main] [org.apache.zookeeper.ZooKeeper]-[INFO] Client environment:java.home=/usr/local/openjdk-8/jre
2020-07-30 21:15:11,539 [main] [org.apache.zookeeper.ZooKeeper]-[INFO] Client environment:java.class.path=/tmp/tmp5h8yafz1/kafka-monitor/target/test-classes:/tmp/tmp5h8yafz1/kafka-monitor/target/classes:/home/jdbl/.m2/repository/org/apache/kafka/kafka-clients/0.10.0.1/kafka-clients-0.10.0.1.jar:/home/jdbl/.m2/repository/net/jpountz/lz4/lz4/1.3.0/lz4-1.3.0.jar:/home/jdbl/.m2/repository/org/xerial/snappy/snappy-java/1.1.2.6/snappy-java-1.1.2.6.jar:/home/jdbl/.m2/repository/org/apache/commons/commons-lang3/3.5/commons-lang3-3.5.jar:/home/jdbl/.m2/repository/org/apache/kafka/kafka_2.10/0.10.0.1/kafka_2.10-0.10.0.1.jar:/home/jdbl/.m2/repository/com/101tec/zkclient/0.8/zkclient-0.8.jar:/home/jdbl/.m2/repository/org/scala-lang/scala-library/2.10.6/scala-library-2.10.6.jar:/home/jdbl/.m2/repository/com/yammer/metrics/metrics-core/2.2.0/metrics-core-2.2.0.jar:/home/jdbl/.m2/repository/net/sf/jopt-simple/jopt-simple/4.9/jopt-simple-4.9.jar:/home/jdbl/.m2/repository/com/alibaba/fastjson/1.2.22/fastjson-1.2.22.jar:/home/jdbl/.m2/repository/org/slf4j/slf4j-api/1.6.2/slf4j-api-1.6.2.jar:/home/jdbl/.m2/repository/org/slf4j/slf4j-log4j12/1.6.2/slf4j-log4j12-1.6.2.jar:/home/jdbl/.m2/repository/commons-logging/commons-logging-api/1.1/commons-logging-api-1.1.jar:/home/jdbl/.m2/repository/log4j/log4j/1.2.16/log4j-1.2.16.jar:/home/jdbl/.m2/repository/mysql/mysql-connector-java/5.1.40/mysql-connector-java-5.1.40.jar:/home/jdbl/.m2/repository/org/apache/curator/curator-framework/2.10.0/curator-framework-2.10.0.jar:/home/jdbl/.m2/repository/org/apache/curator/curator-client/2.10.0/curator-client-2.10.0.jar:/home/jdbl/.m2/repository/com/google/guava/guava/16.0.1/guava-16.0.1.jar:/home/jdbl/.m2/repository/org/apache/zookeeper/zookeeper/3.4.8/zookeeper-3.4.8.jar:/home/jdbl/.m2/repository/jline/jline/0.9.94/jline-0.9.94.jar:/home/jdbl/.m2/repository/io/netty/netty/3.7.0.Final/netty-3.7.0.Final.jar:/home/jdbl/.m2/repository/junit/junit/3.8.1/junit-3.8.1.jar:/home/jdbl/.m2/repository/org/apache/curator/curator-recipes/2.10.0/curator-recipes-2.10.0.jar:/home/jdbl/.m2/repository/org/jolokia/jolokia-jvm/1.3.5/jolokia-jvm-1.3.5.jar:/home/jdbl/.m2/repository/org/jolokia/jolokia-core/1.5.0/jolokia-core-1.5.0.jar:/home/jdbl/.m2/repository/com/googlecode/json-simple/json-simple/1.1.1/json-simple-1.1.1.jar:/usr/local/openjdk-8/jre/../lib/tools.jar:/home/jdbl/.m2/repository/org/projectlombok/lombok/1.16.18/lombok-1.16.18.jar:/home/jdbl/.m2/repository/org/springframework/boot/spring-boot-starter-web/2.0.0.RELEASE/spring-boot-starter-web-2.0.0.RELEASE.jar:/home/jdbl/.m2/repository/org/springframework/boot/spring-boot-starter/2.0.0.RELEASE/spring-boot-starter-2.0.0.RELEASE.jar:/home/jdbl/.m2/repository/org/springframework/boot/spring-boot/2.0.0.RELEASE/spring-boot-2.0.0.RELEASE.jar:/home/jdbl/.m2/repository/org/springframework/boot/spring-boot-autoconfigure/2.0.0.RELEASE/spring-boot-autoconfigure-2.0.0.RELEASE.jar:/home/jdbl/.m2/repository/org/springframework/boot/spring-boot-starter-logging/2.0.0.RELEASE/spring-boot-starter-logging-2.0.0.RELEASE.jar:/home/jdbl/.m2/repository/org/apache/logging/log4j/log4j-to-slf4j/2.10.0/log4j-to-slf4j-2.10.0.jar:/home/jdbl/.m2/repository/org/apache/logging/log4j/log4j-api/2.10.0/log4j-api-2.10.0.jar:/home/jdbl/.m2/repository/org/slf4j/jul-to-slf4j/1.7.25/jul-to-slf4j-1.7.25.jar:/home/jdbl/.m2/repository/javax/annotation/javax.annotation-api/1.3.2/javax.annotation-api-1.3.2.jar:/home/jdbl/.m2/repository/org/springframework/spring-core/5.0.4.RELEASE/spring-core-5.0.4.RELEASE.jar:/home/jdbl/.m2/repository/org/springframework/spring-jcl/5.0.4.RELEASE/spring-jcl-5.0.4.RELEASE.jar:/home/jdbl/.m2/repository/org/yaml/snakeyaml/1.19/snakeyaml-1.19.jar:/home/jdbl/.m2/repository/org/springframework/boot/spring-boot-starter-json/2.0.0.RELEASE/spring-boot-starter-json-2.0.0.RELEASE.jar:/home/jdbl/.m2/repository/com/fasterxml/jackson/core/jackson-databind/2.9.4/jackson-databind-2.9.4.jar:/home/jdbl/.m2/repository/com/fasterxml/jackson/core/jackson-annotations/2.9.0/jackson-annotations-2.9.0.jar:/home/jdbl/.m2/repository/com/fasterxml/jackson/core/jackson-core/2.9.4/jackson-core-2.9.4.jar:/home/jdbl/.m2/repository/com/fasterxml/jackson/datatype/jackson-datatype-jdk8/2.9.4/jackson-datatype-jdk8-2.9.4.jar:/home/jdbl/.m2/repository/com/fasterxml/jackson/datatype/jackson-datatype-jsr310/2.9.4/jackson-datatype-jsr310-2.9.4.jar:/home/jdbl/.m2/repository/com/fasterxml/jackson/module/jackson-module-parameter-names/2.9.4/jackson-module-parameter-names-2.9.4.jar:/home/jdbl/.m2/repository/org/springframework/boot/spring-boot-starter-tomcat/2.0.0.RELEASE/spring-boot-starter-tomcat-2.0.0.RELEASE.jar:/home/jdbl/.m2/repository/org/apache/tomcat/embed/tomcat-embed-core/8.5.28/tomcat-embed-core-8.5.28.jar:/home/jdbl/.m2/repository/org/apache/tomcat/embed/tomcat-embed-el/8.5.28/tomcat-embed-el-8.5.28.jar:/home/jdbl/.m2/repository/org/apache/tomcat/embed/tomcat-embed-websocket/8.5.28/tomcat-embed-websocket-8.5.28.jar:/home/jdbl/.m2/repository/org/hibernate/validator/hibernate-validator/6.0.7.Final/hibernate-validator-6.0.7.Final.jar:/home/jdbl/.m2/repository/javax/validation/validation-api/2.0.1.Final/validation-api-2.0.1.Final.jar:/home/jdbl/.m2/repository/org/jboss/logging/jboss-logging/3.3.2.Final/jboss-logging-3.3.2.Final.jar:/home/jdbl/.m2/repository/com/fasterxml/classmate/1.3.4/classmate-1.3.4.jar:/home/jdbl/.m2/repository/org/springframework/spring-web/5.0.4.RELEASE/spring-web-5.0.4.RELEASE.jar:/home/jdbl/.m2/repository/org/springframework/spring-beans/5.0.4.RELEASE/spring-beans-5.0.4.RELEASE.jar:/home/jdbl/.m2/repository/org/springframework/spring-webmvc/5.0.4.RELEASE/spring-webmvc-5.0.4.RELEASE.jar:/home/jdbl/.m2/repository/org/springframework/spring-aop/5.0.4.RELEASE/spring-aop-5.0.4.RELEASE.jar:/home/jdbl/.m2/repository/org/springframework/spring-context/5.0.4.RELEASE/spring-context-5.0.4.RELEASE.jar:/home/jdbl/.m2/repository/org/springframework/spring-expression/5.0.4.RELEASE/spring-expression-5.0.4.RELEASE.jar:
2020-07-30 21:15:11,541 [main] [org.apache.zookeeper.ZooKeeper]-[INFO] Client environment:java.library.path=/usr/java/packages/lib/amd64:/usr/lib64:/lib64:/lib:/usr/lib
2020-07-30 21:15:11,541 [main] [org.apache.zookeeper.ZooKeeper]-[INFO] Client environment:java.io.tmpdir=/tmp
2020-07-30 21:15:11,541 [main] [org.apache.zookeeper.ZooKeeper]-[INFO] Client environment:java.compiler=<NA>
2020-07-30 21:15:11,541 [main] [org.apache.zookeeper.ZooKeeper]-[INFO] Client environment:os.name=Linux
2020-07-30 21:15:11,542 [main] [org.apache.zookeeper.ZooKeeper]-[INFO] Client environment:os.arch=amd64
2020-07-30 21:15:11,542 [main] [org.apache.zookeeper.ZooKeeper]-[INFO] Client environment:os.version=4.15.0-109-generic
2020-07-30 21:15:11,547 [main] [org.apache.zookeeper.ZooKeeper]-[INFO] Client environment:user.name=jdbl
2020-07-30 21:15:11,547 [main] [org.apache.zookeeper.ZooKeeper]-[INFO] Client environment:user.home=/home/jdbl
2020-07-30 21:15:11,547 [main] [org.apache.zookeeper.ZooKeeper]-[INFO] Client environment:user.dir=/tmp/tmp5h8yafz1/kafka-monitor
2020-07-30 21:15:11,549 [main] [org.apache.zookeeper.ZooKeeper]-[INFO] Initiating client connection, connectString=127.0.0.1:12181 sessionTimeout=3000 watcher=org.apache.curator.ConnectionState@1953bc95
2020-07-30 21:15:11,654 [main-SendThread(127.0.0.1:12181)] [org.apache.zookeeper.ClientCnxn]-[INFO] Opening socket connection to server 127.0.0.1/127.0.0.1:12181. Will not attempt to authenticate using SASL (unknown error)
2020-07-30 21:15:11,858 [main-SendThread(127.0.0.1:12181)] [org.apache.zookeeper.ClientCnxn]-[WARN] Session 0x0 for server null, unexpected error, closing socket connection and attempting reconnect
java.net.ConnectException: Connection refused
	at sun.nio.ch.SocketChannelImpl.checkConnect(Native Method)
	at sun.nio.ch.SocketChannelImpl.finishConnect(SocketChannelImpl.java:714)
	at org.apache.zookeeper.ClientCnxnSocketNIO.doTransport(ClientCnxnSocketNIO.java:361)
	at org.apache.zookeeper.ClientCnxn$SendThread.run(ClientCnxn.java:1141)
2020-07-30 21:15:12,983 [main-SendThread(127.0.0.1:12181)] [org.apache.zookeeper.ClientCnxn]-[INFO] Opening socket connection to server 127.0.0.1/127.0.0.1:12181. Will not attempt to authenticate using SASL (unknown error)
2020-07-30 21:15:12,984 [main-SendThread(127.0.0.1:12181)] [org.apache.zookeeper.ClientCnxn]-[WARN] Session 0x0 for server null, unexpected error, closing socket connection and attempting reconnect
java.net.ConnectException: Connection refused
	at sun.nio.ch.SocketChannelImpl.checkConnect(Native Method)
	at sun.nio.ch.SocketChannelImpl.finishConnect(SocketChannelImpl.java:714)
	at org.apache.zookeeper.ClientCnxnSocketNIO.doTransport(ClientCnxnSocketNIO.java:361)
	at org.apache.zookeeper.ClientCnxn$SendThread.run(ClientCnxn.java:1141)
2020-07-30 21:15:14,085 [main-SendThread(127.0.0.1:12181)] [org.apache.zookeeper.ClientCnxn]-[INFO] Opening socket connection to server 127.0.0.1/127.0.0.1:12181. Will not attempt to authenticate using SASL (unknown error)
2020-07-30 21:15:14,085 [main-SendThread(127.0.0.1:12181)] [org.apache.zookeeper.ClientCnxn]-[WARN] Session 0x0 for server null, unexpected error, closing socket connection and attempting reconnect
java.net.ConnectException: Connection refused
	at sun.nio.ch.SocketChannelImpl.checkConnect(Native Method)
	at sun.nio.ch.SocketChannelImpl.finishConnect(SocketChannelImpl.java:714)
	at org.apache.zookeeper.ClientCnxnSocketNIO.doTransport(ClientCnxnSocketNIO.java:361)
	at org.apache.zookeeper.ClientCnxn$SendThread.run(ClientCnxn.java:1141)
2020-07-30 21:15:14,817 [Curator-PathChildrenCache-0] [org.apache.curator.ConnectionState]-[WARN] Connection attempt unsuccessful after 3362 (greater than max timeout of 3000). Resetting connection and trying again with a new connection.
2020-07-30 21:15:15,186 [main-SendThread(127.0.0.1:12181)] [org.apache.zookeeper.ClientCnxn]-[INFO] Opening socket connection to server 127.0.0.1/127.0.0.1:12181. Will not attempt to authenticate using SASL (unknown error)
2020-07-30 21:15:15,321 [Curator-PathChildrenCache-0] [org.apache.zookeeper.ZooKeeper]-[INFO] Session: 0x0 closed
2020-07-30 21:15:15,321 [Curator-PathChildrenCache-0] [org.apache.zookeeper.ZooKeeper]-[INFO] Initiating client connection, connectString=127.0.0.1:12181 sessionTimeout=3000 watcher=org.apache.curator.ConnectionState@1953bc95
2020-07-30 21:15:15,323 [main-EventThread] [org.apache.zookeeper.ClientCnxn]-[INFO] EventThread shut down for session: 0x0
2020-07-30 21:15:15,325 [Curator-PathChildrenCache-0-SendThread(127.0.0.1:12181)] [org.apache.zookeeper.ClientCnxn]-[INFO] Opening socket connection to server 127.0.0.1/127.0.0.1:12181. Will not attempt to authenticate using SASL (unknown error)
2020-07-30 21:15:15,333 [Curator-PathChildrenCache-0-SendThread(127.0.0.1:12181)] [org.apache.zookeeper.ClientCnxn]-[WARN] Session 0x0 for server null, unexpected error, closing socket connection and attempting reconnect
java.net.ConnectException: Connection refused
	at sun.nio.ch.SocketChannelImpl.checkConnect(Native Method)
	at sun.nio.ch.SocketChannelImpl.finishConnect(SocketChannelImpl.java:714)
	at org.apache.zookeeper.ClientCnxnSocketNIO.doTransport(ClientCnxnSocketNIO.java:361)
	at org.apache.zookeeper.ClientCnxn$SendThread.run(ClientCnxn.java:1141)
2020-07-30 21:15:16,435 [Curator-PathChildrenCache-0-SendThread(127.0.0.1:12181)] [org.apache.zookeeper.ClientCnxn]-[INFO] Opening socket connection to server 127.0.0.1/127.0.0.1:12181. Will not attempt to authenticate using SASL (unknown error)
2020-07-30 21:15:16,435 [Curator-PathChildrenCache-0-SendThread(127.0.0.1:12181)] [org.apache.zookeeper.ClientCnxn]-[WARN] Session 0x0 for server null, unexpected error, closing socket connection and attempting reconnect
java.net.ConnectException: Connection refused
	at sun.nio.ch.SocketChannelImpl.checkConnect(Native Method)
	at sun.nio.ch.SocketChannelImpl.finishConnect(SocketChannelImpl.java:714)
	at org.apache.zookeeper.ClientCnxnSocketNIO.doTransport(ClientCnxnSocketNIO.java:361)
	at org.apache.zookeeper.ClientCnxn$SendThread.run(ClientCnxn.java:1141)
2020-07-30 21:15:17,536 [Curator-PathChildrenCache-0-SendThread(127.0.0.1:12181)] [org.apache.zookeeper.ClientCnxn]-[INFO] Opening socket connection to server 127.0.0.1/127.0.0.1:12181. Will not attempt to authenticate using SASL (unknown error)
2020-07-30 21:15:17,537 [Curator-PathChildrenCache-0-SendThread(127.0.0.1:12181)] [org.apache.zookeeper.ClientCnxn]-[WARN] Session 0x0 for server null, unexpected error, closing socket connection and attempting reconnect
java.net.ConnectException: Connection refused
	at sun.nio.ch.SocketChannelImpl.checkConnect(Native Method)
	at sun.nio.ch.SocketChannelImpl.finishConnect(SocketChannelImpl.java:714)
	at org.apache.zookeeper.ClientCnxnSocketNIO.doTransport(ClientCnxnSocketNIO.java:361)
	at org.apache.zookeeper.ClientCnxn$SendThread.run(ClientCnxn.java:1141)
2020-07-30 21:15:18,440 [Curator-PathChildrenCache-0] [org.apache.curator.ConnectionState]-[WARN] Connection attempt unsuccessful after 3623 (greater than max timeout of 3000). Resetting connection and trying again with a new connection.
2020-07-30 21:15:18,638 [Curator-PathChildrenCache-0-SendThread(127.0.0.1:12181)] [org.apache.zookeeper.ClientCnxn]-[INFO] Opening socket connection to server 127.0.0.1/127.0.0.1:12181. Will not attempt to authenticate using SASL (unknown error)
2020-07-30 21:15:18,739 [Curator-PathChildrenCache-0] [org.apache.zookeeper.ZooKeeper]-[INFO] Session: 0x0 closed
2020-07-30 21:15:18,739 [Curator-PathChildrenCache-0-EventThread] [org.apache.zookeeper.ClientCnxn]-[INFO] EventThread shut down for session: 0x0
2020-07-30 21:15:18,739 [Curator-PathChildrenCache-0] [org.apache.zookeeper.ZooKeeper]-[INFO] Initiating client connection, connectString=127.0.0.1:12181 sessionTimeout=3000 watcher=org.apache.curator.ConnectionState@1953bc95
2020-07-30 21:15:18,740 [Curator-PathChildrenCache-0-SendThread(127.0.0.1:12181)] [org.apache.zookeeper.ClientCnxn]-[INFO] Opening socket connection to server 127.0.0.1/127.0.0.1:12181. Will not attempt to authenticate using SASL (unknown error)
2020-07-30 21:15:18,744 [Curator-PathChildrenCache-0-SendThread(127.0.0.1:12181)] [org.apache.zookeeper.ClientCnxn]-[WARN] Session 0x0 for server null, unexpected error, closing socket connection and attempting reconnect
java.net.ConnectException: Connection refused
	at sun.nio.ch.SocketChannelImpl.checkConnect(Native Method)
	at sun.nio.ch.SocketChannelImpl.finishConnect(SocketChannelImpl.java:714)
	at org.apache.zookeeper.ClientCnxnSocketNIO.doTransport(ClientCnxnSocketNIO.java:361)
	at org.apache.zookeeper.ClientCnxn$SendThread.run(ClientCnxn.java:1141)
2020-07-30 21:15:19,845 [Curator-PathChildrenCache-0-SendThread(127.0.0.1:12181)] [org.apache.zookeeper.ClientCnxn]-[INFO] Opening socket connection to server 127.0.0.1/127.0.0.1:12181. Will not attempt to authenticate using SASL (unknown error)
2020-07-30 21:15:19,846 [Curator-PathChildrenCache-0-SendThread(127.0.0.1:12181)] [org.apache.zookeeper.ClientCnxn]-[WARN] Session 0x0 for server null, unexpected error, closing socket connection and attempting reconnect
java.net.ConnectException: Connection refused
	at sun.nio.ch.SocketChannelImpl.checkConnect(Native Method)
	at sun.nio.ch.SocketChannelImpl.finishConnect(SocketChannelImpl.java:714)
	at org.apache.zookeeper.ClientCnxnSocketNIO.doTransport(ClientCnxnSocketNIO.java:361)
	at org.apache.zookeeper.ClientCnxn$SendThread.run(ClientCnxn.java:1141)
2020-07-30 21:15:20,947 [Curator-PathChildrenCache-0-SendThread(127.0.0.1:12181)] [org.apache.zookeeper.ClientCnxn]-[INFO] Opening socket connection to server 127.0.0.1/127.0.0.1:12181. Will not attempt to authenticate using SASL (unknown error)
2020-07-30 21:15:20,947 [Curator-PathChildrenCache-0-SendThread(127.0.0.1:12181)] [org.apache.zookeeper.ClientCnxn]-[WARN] Session 0x0 for server null, unexpected error, closing socket connection and attempting reconnect
java.net.ConnectException: Connection refused
	at sun.nio.ch.SocketChannelImpl.checkConnect(Native Method)
	at sun.nio.ch.SocketChannelImpl.finishConnect(SocketChannelImpl.java:714)
	at org.apache.zookeeper.ClientCnxnSocketNIO.doTransport(ClientCnxnSocketNIO.java:361)
	at org.apache.zookeeper.ClientCnxn$SendThread.run(ClientCnxn.java:1141)
2020-07-30 21:15:21,441 [main] [org.apache.curator.ConnectionState]-[ERROR] Connection timed out for connection string (127.0.0.1:12181) and timeout (3000) / elapsed (3000)
org.apache.curator.CuratorConnectionLossException: KeeperErrorCode = ConnectionLoss
	at org.apache.curator.ConnectionState.checkTimeouts(ConnectionState.java:197)
	at org.apache.curator.ConnectionState.getZooKeeper(ConnectionState.java:88)
	at org.apache.curator.CuratorZookeeperClient.getZooKeeper(CuratorZookeeperClient.java:116)
	at org.apache.curator.framework.imps.CuratorFrameworkImpl.getZooKeeper(CuratorFrameworkImpl.java:489)
	at org.apache.curator.framework.imps.ExistsBuilderImpl$3.call(ExistsBuilderImpl.java:226)
	at org.apache.curator.framework.imps.ExistsBuilderImpl$3.call(ExistsBuilderImpl.java:215)
	at org.apache.curator.RetryLoop.callWithRetry(RetryLoop.java:108)
	at org.apache.curator.framework.imps.ExistsBuilderImpl.pathInForegroundStandard(ExistsBuilderImpl.java:212)
	at org.apache.curator.framework.imps.ExistsBuilderImpl.pathInForeground(ExistsBuilderImpl.java:205)
	at org.apache.curator.framework.imps.ExistsBuilderImpl.forPath(ExistsBuilderImpl.java:168)
	at org.apache.curator.framework.imps.ExistsBuilderImpl.forPath(ExistsBuilderImpl.java:39)
	at org.apache.curator.framework.recipes.cache.NodeCache.start(NodeCache.java:172)
	at co.solinx.kafka.monitor.core.service.KafkaBaseInfoService.<init>(KafkaBaseInfoService.java:118)
	at co.solinx.kafka.monitor.core.service.KafkaBaseInfoService.getInstance(KafkaBaseInfoService.java:90)
	at co.solinx.kafka.PartitionDataTest.<clinit>(PartitionDataTest.java:19)
	at sun.reflect.NativeConstructorAccessorImpl.newInstance0(Native Method)
	at sun.reflect.NativeConstructorAccessorImpl.newInstance(NativeConstructorAccessorImpl.java:62)
	at sun.reflect.DelegatingConstructorAccessorImpl.newInstance(DelegatingConstructorAccessorImpl.java:45)
	at java.lang.reflect.Constructor.newInstance(Constructor.java:423)
	at java.lang.Class.newInstance(Class.java:442)
	at org.apache.maven.surefire.junit.PojoTestSet.<init>(PojoTestSet.java:67)
	at org.apache.maven.surefire.junit.JUnit3Provider.createTestSet(JUnit3Provider.java:123)
	at org.apache.maven.surefire.junit.JUnit3Provider.invoke(JUnit3Provider.java:108)
	at org.apache.maven.surefire.booter.ForkedBooter.invokeProviderInSameClassLoader(ForkedBooter.java:290)
	at org.apache.maven.surefire.booter.ForkedBooter.runSuitesInProcess(ForkedBooter.java:242)
	at org.apache.maven.surefire.booter.ForkedBooter.main(ForkedBooter.java:121)
2020-07-30 21:15:21,442 [main] [co.solinx.kafka.monitor.core.service.KafkaBaseInfoService]-[ERROR] {}
org.apache.curator.CuratorConnectionLossException: KeeperErrorCode = ConnectionLoss
	at org.apache.curator.ConnectionState.checkTimeouts(ConnectionState.java:197)
	at org.apache.curator.ConnectionState.getZooKeeper(ConnectionState.java:88)
	at org.apache.curator.CuratorZookeeperClient.getZooKeeper(CuratorZookeeperClient.java:116)
	at org.apache.curator.framework.imps.CuratorFrameworkImpl.getZooKeeper(CuratorFrameworkImpl.java:489)
	at org.apache.curator.framework.imps.ExistsBuilderImpl$3.call(ExistsBuilderImpl.java:226)
	at org.apache.curator.framework.imps.ExistsBuilderImpl$3.call(ExistsBuilderImpl.java:215)
	at org.apache.curator.RetryLoop.callWithRetry(RetryLoop.java:108)
	at org.apache.curator.framework.imps.ExistsBuilderImpl.pathInForegroundStandard(ExistsBuilderImpl.java:212)
	at org.apache.curator.framework.imps.ExistsBuilderImpl.pathInForeground(ExistsBuilderImpl.java:205)
	at org.apache.curator.framework.imps.ExistsBuilderImpl.forPath(ExistsBuilderImpl.java:168)
	at org.apache.curator.framework.imps.ExistsBuilderImpl.forPath(ExistsBuilderImpl.java:39)
	at org.apache.curator.framework.recipes.cache.NodeCache.start(NodeCache.java:172)
	at co.solinx.kafka.monitor.core.service.KafkaBaseInfoService.<init>(KafkaBaseInfoService.java:118)
	at co.solinx.kafka.monitor.core.service.KafkaBaseInfoService.getInstance(KafkaBaseInfoService.java:90)
	at co.solinx.kafka.PartitionDataTest.<clinit>(PartitionDataTest.java:19)
	at sun.reflect.NativeConstructorAccessorImpl.newInstance0(Native Method)
	at sun.reflect.NativeConstructorAccessorImpl.newInstance(NativeConstructorAccessorImpl.java:62)
	at sun.reflect.DelegatingConstructorAccessorImpl.newInstance(DelegatingConstructorAccessorImpl.java:45)
	at java.lang.reflect.Constructor.newInstance(Constructor.java:423)
	at java.lang.Class.newInstance(Class.java:442)
	at org.apache.maven.surefire.junit.PojoTestSet.<init>(PojoTestSet.java:67)
	at org.apache.maven.surefire.junit.JUnit3Provider.createTestSet(JUnit3Provider.java:123)
	at org.apache.maven.surefire.junit.JUnit3Provider.invoke(JUnit3Provider.java:108)
	at org.apache.maven.surefire.booter.ForkedBooter.invokeProviderInSameClassLoader(ForkedBooter.java:290)
	at org.apache.maven.surefire.booter.ForkedBooter.runSuitesInProcess(ForkedBooter.java:242)
	at org.apache.maven.surefire.booter.ForkedBooter.main(ForkedBooter.java:121)
Running co.solinx.kafka.PartitionDataTest
Tests run: 0, Failures: 0, Errors: 0, Skipped: 0, Time elapsed: 0.001 sec - in co.solinx.kafka.PartitionDataTest
Running co.solinx.kafka.alarm.KafkaAlarmTest
Tests run: 0, Failures: 0, Errors: 0, Skipped: 0, Time elapsed: 0 sec - in co.solinx.kafka.alarm.KafkaAlarmTest
Running co.solinx.kafka.TestKafkaConsumerGroupService
Tests run: 0, Failures: 0, Errors: 0, Skipped: 0, Time elapsed: 0 sec - in co.solinx.kafka.TestKafkaConsumerGroupService
Running co.solinx.kafka.TopicServiceTest
Tests run: 0, Failures: 0, Errors: 0, Skipped: 0, Time elapsed: 0 sec - in co.solinx.kafka.TopicServiceTest
Running co.solinx.kafka.TopicDataTest
Tests run: 0, Failures: 0, Errors: 0, Skipped: 0, Time elapsed: 0 sec - in co.solinx.kafka.TopicDataTest
Running co.solinx.kafka.BrokerDataTest
Tests run: 0, Failures: 0, Errors: 0, Skipped: 0, Time elapsed: 0 sec - in co.solinx.kafka.BrokerDataTest
Running co.solinx.kafka.KafkaConsumerTest
Tests run: 0, Failures: 0, Errors: 0, Skipped: 0, Time elapsed: 0 sec - in co.solinx.kafka.KafkaConsumerTest
Running co.solinx.kafka.KafkaBaseInfoTest
Tests run: 0, Failures: 0, Errors: 0, Skipped: 0, Time elapsed: 0 sec - in co.solinx.kafka.KafkaBaseInfoTest
Running co.solinx.kafka.metrics.ProduceServiceTest
Tests run: 0, Failures: 0, Errors: 0, Skipped: 0, Time elapsed: 0 sec - in co.solinx.kafka.metrics.ProduceServiceTest
Running co.solinx.kafka.PartitionServiceTest
Tests run: 0, Failures: 0, Errors: 0, Skipped: 0, Time elapsed: 0 sec - in co.solinx.kafka.PartitionServiceTest

Results :

Tests run: 1, Failures: 0, Errors: 0, Skipped: 0

[INFO] 
[INFO] --- jacoco-maven-plugin:0.8.5:report (report) @ kafka-monitor ---
[INFO] Loading execution data file /tmp/tmp5h8yafz1/kafka-monitor/target/jacoco.exec
[INFO] Analyzed bundle 'kafka-monitor' with 298 classes
[INFO] ------------------------------------------------------------------------
[INFO] BUILD SUCCESS
[INFO] ------------------------------------------------------------------------
[INFO] Total time:  43.456 s
[INFO] Finished at: 2020-07-30T21:15:23Z
[INFO] ------------------------------------------------------------------------
