[INFO] Error stacktraces are turned on.
[INFO] Scanning for projects...
[INFO] 
[INFO] -----------< instagram-java-scraper:instagram-java-scraper >------------
[INFO] Building instagram-java-scraper 1.8
[INFO] --------------------------------[ jar ]---------------------------------
[INFO] 
[INFO] --- jacoco-maven-plugin:0.8.5:prepare-agent (default) @ instagram-java-scraper ---
[INFO] argLine set to -javaagent:/home/jdbl/.m2/repository/org/jacoco/org.jacoco.agent/0.8.5/org.jacoco.agent-0.8.5-runtime.jar=destfile=/tmp/tmpp2u2z3au/instagram-java-scraper/target/jacoco.exec
[INFO] 
[INFO] --- maven-resources-plugin:2.6:resources (default-resources) @ instagram-java-scraper ---
[WARNING] Using platform encoding (UTF-8 actually) to copy filtered resources, i.e. build is platform dependent!
[INFO] Copying 12 resources
[INFO] 
[INFO] --- maven-compiler-plugin:3.8.1:compile (default-compile) @ instagram-java-scraper ---
[INFO] Changes detected - recompiling the module!
[WARNING] File encoding has not been set, using platform encoding UTF-8, i.e. build is platform dependent!
[INFO] Compiling 54 source files to /tmp/tmpp2u2z3au/instagram-java-scraper/target/classes
[INFO] /tmp/tmpp2u2z3au/instagram-java-scraper/src/main/java/me/postaddict/instagram/scraper/Instagram.java: /tmp/tmpp2u2z3au/instagram-java-scraper/src/main/java/me/postaddict/instagram/scraper/Instagram.java uses or overrides a deprecated API.
[INFO] /tmp/tmpp2u2z3au/instagram-java-scraper/src/main/java/me/postaddict/instagram/scraper/Instagram.java: Recompile with -Xlint:deprecation for details.
[INFO] 
[INFO] --- maven-resources-plugin:2.6:testResources (default-testResources) @ instagram-java-scraper ---
[WARNING] Using platform encoding (UTF-8 actually) to copy filtered resources, i.e. build is platform dependent!
[INFO] Copying 43 resources
[INFO] 
[INFO] --- maven-compiler-plugin:3.8.1:testCompile (default-testCompile) @ instagram-java-scraper ---
[INFO] Changes detected - recompiling the module!
[WARNING] File encoding has not been set, using platform encoding UTF-8, i.e. build is platform dependent!
[INFO] Compiling 7 source files to /tmp/tmpp2u2z3au/instagram-java-scraper/target/test-classes
[INFO] /tmp/tmpp2u2z3au/instagram-java-scraper/src/test/java/me/postaddict/instagram/scraper/MultiThreadTest.java: /tmp/tmpp2u2z3au/instagram-java-scraper/src/test/java/me/postaddict/instagram/scraper/MultiThreadTest.java uses unchecked or unsafe operations.
[INFO] /tmp/tmpp2u2z3au/instagram-java-scraper/src/test/java/me/postaddict/instagram/scraper/MultiThreadTest.java: Recompile with -Xlint:unchecked for details.
[INFO] 
[INFO] --- maven-surefire-plugin:2.19.1:test (default-test) @ instagram-java-scraper ---
[INFO] Surefire report directory: /tmp/tmpp2u2z3au/instagram-java-scraper/target/surefire-reports

-------------------------------------------------------
 T E S T S
-------------------------------------------------------
Running me.postaddict.instagram.scraper.AuthenticatedInstaTest
Tests run: 1, Failures: 0, Errors: 0, Skipped: 1, Time elapsed: 0.013 sec - in me.postaddict.instagram.scraper.AuthenticatedInstaTest
Running me.postaddict.instagram.scraper.AnonymousInstaTest
Tests run: 1, Failures: 0, Errors: 0, Skipped: 1, Time elapsed: 0 sec - in me.postaddict.instagram.scraper.AnonymousInstaTest
Running me.postaddict.instagram.scraper.StatelessInstaTest
Tests run: 1, Failures: 0, Errors: 0, Skipped: 1, Time elapsed: 0 sec - in me.postaddict.instagram.scraper.StatelessInstaTest
Running me.postaddict.instagram.scraper.MultiThreadTest
Tests run: 1, Failures: 0, Errors: 0, Skipped: 1, Time elapsed: 0 sec - in me.postaddict.instagram.scraper.MultiThreadTest

Results :

Tests run: 4, Failures: 0, Errors: 0, Skipped: 4

[INFO] 
[INFO] --- jacoco-maven-plugin:0.8.5:report (report) @ instagram-java-scraper ---
[INFO] Loading execution data file /tmp/tmpp2u2z3au/instagram-java-scraper/target/jacoco.exec
[INFO] Analyzed bundle 'instagram-java-scraper' with 171 classes
[INFO] ------------------------------------------------------------------------
[INFO] BUILD SUCCESS
[INFO] ------------------------------------------------------------------------
[INFO] Total time:  57.426 s
[INFO] Finished at: 2020-07-30T22:54:27Z
[INFO] ------------------------------------------------------------------------
