[INFO] Error stacktraces are turned on.
[INFO] Scanning for projects...
[WARNING] The POM for org.jenkins-ci.tools:maven-hpi-plugin:jar:2.6 is missing, no dependency information available
[WARNING] Failed to build parent project for org.jvnet.hudson.plugins:warnings:hpi:5.0.2-SNAPSHOT
[INFO] 
[INFO] -----------------< org.jvnet.hudson.plugins:warnings >------------------
[INFO] Building Warnings Plug-in 5.0.2-SNAPSHOT
[INFO] --------------------------------[ hpi ]---------------------------------
[INFO] 
[INFO] --- maven-hpi-plugin:2.6:validate (default-validate) @ warnings ---
[INFO] 
[INFO] --- maven-enforcer-plugin:3.0.0-M1:display-info (display-info) @ warnings ---
[INFO] Maven Version: 3.6.3
[INFO] JDK Version: 1.8.0_262 normalized as: 1.8.0-262
[INFO] OS Info: Arch: amd64 Family: unix Name: linux Version: 4.15.0-109-generic
[INFO] 
[INFO] --- maven-enforcer-plugin:3.0.0-M1:enforce (display-info) @ warnings ---
[INFO] Adding ignore: module-info
[INFO] Adding ignore: **/ModuleUtils*
[INFO] 
[INFO] --- jacoco-maven-plugin:0.8.5:prepare-agent (default) @ warnings ---
[INFO] argLine set to -javaagent:/home/jdbl/.m2/repository/org/jacoco/org.jacoco.agent/0.8.5/org.jacoco.agent-0.8.5-runtime.jar=destfile=/tmp/tmpbz7vevd7/warnings-plugin/target/jacoco.exec -Djava.awt.headless=true -Xmx1024m
[INFO] 
[INFO] --- maven-localizer-plugin:1.24:generate (default) @ warnings ---
[INFO] 
[INFO] >>> maven-javadoc-plugin:3.0.1:javadoc (default) > generate-sources @ warnings >>>
[INFO] 
[INFO] --- maven-hpi-plugin:2.6:validate (default-validate) @ warnings ---
[INFO] 
[INFO] --- maven-enforcer-plugin:3.0.0-M1:display-info (display-info) @ warnings ---
[INFO] Maven Version: 3.6.3
[INFO] JDK Version: 1.8.0_262 normalized as: 1.8.0-262
[INFO] OS Info: Arch: amd64 Family: unix Name: linux Version: 4.15.0-109-generic
[INFO] 
[INFO] --- maven-enforcer-plugin:3.0.0-M1:enforce (display-info) @ warnings ---
[INFO] Adding ignore: module-info
[INFO] Adding ignore: **/ModuleUtils*
[INFO] 
[INFO] --- jacoco-maven-plugin:0.8.5:prepare-agent (default) @ warnings ---
[INFO] argLine set to -javaagent:/home/jdbl/.m2/repository/org/jacoco/org.jacoco.agent/0.8.5/org.jacoco.agent-0.8.5-runtime.jar=destfile=/tmp/tmpbz7vevd7/warnings-plugin/target/jacoco.exec -Djava.awt.headless=true -Xmx1024m
[INFO] 
[INFO] --- maven-localizer-plugin:1.24:generate (default) @ warnings ---
[INFO] 
[INFO] <<< maven-javadoc-plugin:3.0.1:javadoc (default) < generate-sources @ warnings <<<
[INFO] 
[INFO] 
[INFO] --- maven-javadoc-plugin:3.0.1:javadoc (default) @ warnings ---
[INFO] Skipping javadoc generation
[INFO] 
[INFO] --- maven-resources-plugin:3.0.2:resources (default-resources) @ warnings ---
[INFO] Using 'UTF-8' encoding to copy filtered resources.
[INFO] Copying 48 resources
[INFO] 
[INFO] --- maven-compiler-plugin:3.8.0:compile (default-compile) @ warnings ---
[INFO] Changes detected - recompiling the module!
[INFO] Compiling 126 source files to /tmp/tmpbz7vevd7/warnings-plugin/target/classes
[WARNING] /tmp/tmpbz7vevd7/warnings-plugin/src/main/java/hudson/plugins/warnings/parser/AbstractWarningsParser.java:[10,32] org.apache.commons.lang3.StringEscapeUtils in org.apache.commons.lang3 has been deprecated
[WARNING] /tmp/tmpbz7vevd7/warnings-plugin/src/main/java/hudson/plugins/warnings/parser/AbstractWarningsParser.java:[17,31] hudson.plugins.warnings.WarningsDescriptor in hudson.plugins.warnings has been deprecated
[WARNING] /tmp/tmpbz7vevd7/warnings-plugin/src/main/java/hudson/plugins/warnings/tokens/WarningsResultTokenMacro.java:[5,31] hudson.plugins.warnings.AggregatedWarningsResultAction in hudson.plugins.warnings has been deprecated
[WARNING] /tmp/tmpbz7vevd7/warnings-plugin/src/main/java/hudson/plugins/warnings/WarningsPublisher.java:[40,38] hudson.plugins.warnings.parser.FileWarningsParser in hudson.plugins.warnings.parser has been deprecated
[WARNING] /tmp/tmpbz7vevd7/warnings-plugin/src/main/java/hudson/plugins/warnings/WarningsPublisher.java:[41,38] hudson.plugins.warnings.parser.ParserRegistry in hudson.plugins.warnings.parser has been deprecated
[WARNING] /tmp/tmpbz7vevd7/warnings-plugin/src/main/java/hudson/plugins/warnings/WarningsPublisher.java:[42,38] hudson.plugins.warnings.parser.ParsingCanceledException in hudson.plugins.warnings.parser has been deprecated
[WARNING] /tmp/tmpbz7vevd7/warnings-plugin/src/main/java/hudson/plugins/warnings/WarningsPublisher.java:[43,38] hudson.plugins.warnings.parser.WarningsFilter in hudson.plugins.warnings.parser has been deprecated
[WARNING] /tmp/tmpbz7vevd7/warnings-plugin/src/main/java/hudson/plugins/warnings/ParserConfiguration.java:[20,38] hudson.plugins.warnings.parser.ParserRegistry in hudson.plugins.warnings.parser has been deprecated
[WARNING] /tmp/tmpbz7vevd7/warnings-plugin/src/main/java/hudson/plugins/warnings/ConsoleParser.java:[16,38] hudson.plugins.warnings.parser.ParserRegistry in hudson.plugins.warnings.parser has been deprecated
[WARNING] /tmp/tmpbz7vevd7/warnings-plugin/src/main/java/hudson/plugins/warnings/WarningsDescriptor.java:[23,38] hudson.plugins.warnings.parser.ParserRegistry in hudson.plugins.warnings.parser has been deprecated
[WARNING] /tmp/tmpbz7vevd7/warnings-plugin/src/main/java/hudson/plugins/warnings/GroovyParser.java:[21,38] hudson.plugins.warnings.parser.AbstractWarningsParser in hudson.plugins.warnings.parser has been deprecated
[WARNING] /tmp/tmpbz7vevd7/warnings-plugin/src/main/java/hudson/plugins/warnings/GroovyParser.java:[22,38] hudson.plugins.warnings.parser.DynamicDocumentParser in hudson.plugins.warnings.parser has been deprecated
[WARNING] /tmp/tmpbz7vevd7/warnings-plugin/src/main/java/hudson/plugins/warnings/GroovyParser.java:[23,38] hudson.plugins.warnings.parser.DynamicParser in hudson.plugins.warnings.parser has been deprecated
[WARNING] /tmp/tmpbz7vevd7/warnings-plugin/src/main/java/hudson/plugins/warnings/GroovyParser.java:[24,38] hudson.plugins.warnings.parser.GroovyExpressionMatcher in hudson.plugins.warnings.parser has been deprecated
[WARNING] /tmp/tmpbz7vevd7/warnings-plugin/src/main/java/hudson/plugins/warnings/GroovyParser.java:[25,38] hudson.plugins.warnings.parser.Warning in hudson.plugins.warnings.parser has been deprecated
[WARNING] /tmp/tmpbz7vevd7/warnings-plugin/src/main/java/hudson/plugins/warnings/parser/ScalacParser.java:[7,31] hudson.plugins.warnings.WarningsDescriptor in hudson.plugins.warnings has been deprecated
[WARNING] /tmp/tmpbz7vevd7/warnings-plugin/src/main/java/hudson/plugins/warnings/parser/IdeaInspectionParser.java:[23,31] hudson.plugins.warnings.WarningsDescriptor in hudson.plugins.warnings has been deprecated
[WARNING] /tmp/tmpbz7vevd7/warnings-plugin/src/main/java/hudson/plugins/warnings/dashboard/AbstractTrendPortlet.java:[9,31] hudson.plugins.warnings.WarningsProjectAction in hudson.plugins.warnings has been deprecated
[WARNING] /tmp/tmpbz7vevd7/warnings-plugin/src/main/java/hudson/plugins/warnings/dashboard/ActionSelector.java:[8,31] hudson.plugins.warnings.WarningsProjectAction in hudson.plugins.warnings has been deprecated
[WARNING] /tmp/tmpbz7vevd7/warnings-plugin/src/main/java/hudson/plugins/warnings/tokens/DetailedWarningsTokenMacro.java:[5,31] hudson.plugins.warnings.AggregatedWarningsResultAction in hudson.plugins.warnings has been deprecated
[WARNING] /tmp/tmpbz7vevd7/warnings-plugin/src/main/java/hudson/plugins/warnings/parser/GroovyExpressionMatcher.java:[15,31] hudson.plugins.warnings.WarningsDescriptor in hudson.plugins.warnings has been deprecated
[WARNING] /tmp/tmpbz7vevd7/warnings-plugin/src/main/java/hudson/plugins/warnings/dashboard/WarningsTablePortlet.java:[16,31] hudson.plugins.warnings.WarningsProjectAction in hudson.plugins.warnings has been deprecated
[WARNING] /tmp/tmpbz7vevd7/warnings-plugin/src/main/java/hudson/plugins/warnings/parser/SbtScalacParser.java:[7,31] hudson.plugins.warnings.WarningsDescriptor in hudson.plugins.warnings has been deprecated
[WARNING] /tmp/tmpbz7vevd7/warnings-plugin/src/main/java/hudson/plugins/warnings/parser/ParserRegistry.java:[34,31] hudson.plugins.warnings.GroovyParser in hudson.plugins.warnings has been deprecated
[WARNING] /tmp/tmpbz7vevd7/warnings-plugin/src/main/java/hudson/plugins/warnings/parser/ParserRegistry.java:[35,31] hudson.plugins.warnings.WarningsDescriptor in hudson.plugins.warnings has been deprecated
[WARNING] /tmp/tmpbz7vevd7/warnings-plugin/src/main/java/hudson/plugins/warnings/tokens/NewWarningsTokenMacro.java:[5,31] hudson.plugins.warnings.AggregatedWarningsResultAction in hudson.plugins.warnings has been deprecated
[WARNING] /tmp/tmpbz7vevd7/warnings-plugin/src/main/java/hudson/plugins/warnings/parser/GoBaseParser.java:[5,31] hudson.plugins.warnings.WarningsDescriptor in hudson.plugins.warnings has been deprecated
[WARNING] /tmp/tmpbz7vevd7/warnings-plugin/src/main/java/hudson/plugins/warnings/parser/fxcop/FxCopParser.java:[24,38] hudson.plugins.warnings.parser.AbstractWarningsParser in hudson.plugins.warnings.parser has been deprecated
[WARNING] /tmp/tmpbz7vevd7/warnings-plugin/src/main/java/hudson/plugins/warnings/parser/fxcop/FxCopParser.java:[26,38] hudson.plugins.warnings.parser.ParsingCanceledException in hudson.plugins.warnings.parser has been deprecated
[WARNING] /tmp/tmpbz7vevd7/warnings-plugin/src/main/java/hudson/plugins/warnings/parser/fxcop/FxCopParser.java:[27,38] hudson.plugins.warnings.parser.Warning in hudson.plugins.warnings.parser has been deprecated
[WARNING] /tmp/tmpbz7vevd7/warnings-plugin/src/main/java/hudson/plugins/warnings/WarningsResultAction.java:[15,38] hudson.plugins.warnings.parser.ParserRegistry in hudson.plugins.warnings.parser has been deprecated
[WARNING] /tmp/tmpbz7vevd7/warnings-plugin/src/main/java/hudson/plugins/warnings/WarningsResult.java:[12,38] hudson.plugins.warnings.parser.ParserRegistry in hudson.plugins.warnings.parser has been deprecated
[WARNING] /tmp/tmpbz7vevd7/warnings-plugin/src/main/java/hudson/plugins/warnings/WarningsResult.java:[13,38] hudson.plugins.warnings.parser.Warning in hudson.plugins.warnings.parser has been deprecated
[WARNING] /tmp/tmpbz7vevd7/warnings-plugin/src/main/java/hudson/plugins/warnings/parser/ResharperInspectCodeParser.java:[22,31] hudson.plugins.warnings.WarningsDescriptor in hudson.plugins.warnings has been deprecated
[WARNING] /tmp/tmpbz7vevd7/warnings-plugin/src/main/java/hudson/plugins/warnings/tokens/WarningsCountTokenMacro.java:[5,31] hudson.plugins.warnings.AggregatedWarningsResultAction in hudson.plugins.warnings has been deprecated
[WARNING] /tmp/tmpbz7vevd7/warnings-plugin/src/main/java/hudson/plugins/warnings/parser/StyleCopParser.java:[23,36] hudson.plugins.warnings.util.XmlElementUtil in hudson.plugins.warnings.util has been deprecated
[WARNING] /tmp/tmpbz7vevd7/warnings-plugin/src/main/java/hudson/plugins/warnings/AggregatedWarningsResult.java:[10,38] hudson.plugins.warnings.parser.Warning in hudson.plugins.warnings.parser has been deprecated
[WARNING] /tmp/tmpbz7vevd7/warnings-plugin/src/main/java/hudson/plugins/warnings/parser/gendarme/GendarmeParser.java:[28,38] hudson.plugins.warnings.parser.AbstractWarningsParser in hudson.plugins.warnings.parser has been deprecated
[WARNING] /tmp/tmpbz7vevd7/warnings-plugin/src/main/java/hudson/plugins/warnings/parser/gendarme/GendarmeParser.java:[30,38] hudson.plugins.warnings.parser.ParsingCanceledException in hudson.plugins.warnings.parser has been deprecated
[WARNING] /tmp/tmpbz7vevd7/warnings-plugin/src/main/java/hudson/plugins/warnings/parser/gendarme/GendarmeParser.java:[31,36] hudson.plugins.warnings.util.XmlElementUtil in hudson.plugins.warnings.util has been deprecated
[WARNING] /tmp/tmpbz7vevd7/warnings-plugin/src/main/java/hudson/plugins/warnings/dashboard/WarningsUserGraphPortlet.java:[13,31] hudson.plugins.warnings.WarningsProjectAction in hudson.plugins.warnings has been deprecated
[WARNING] /tmp/tmpbz7vevd7/warnings-plugin/src/main/java/hudson/plugins/warnings/parser/jcreport/JcReportParser.java:[18,38] hudson.plugins.warnings.parser.AbstractWarningsParser in hudson.plugins.warnings.parser has been deprecated
[WARNING] /tmp/tmpbz7vevd7/warnings-plugin/src/main/java/hudson/plugins/warnings/parser/jcreport/JcReportParser.java:[20,38] hudson.plugins.warnings.parser.ParsingCanceledException in hudson.plugins.warnings.parser has been deprecated
[WARNING] /tmp/tmpbz7vevd7/warnings-plugin/src/main/java/hudson/plugins/warnings/parser/jcreport/JcReportParser.java:[21,38] hudson.plugins.warnings.parser.Warning in hudson.plugins.warnings.parser has been deprecated
[WARNING] /tmp/tmpbz7vevd7/warnings-plugin/src/main/java/hudson/plugins/warnings/parser/JavacParser.java:[7,31] hudson.plugins.warnings.WarningsDescriptor in hudson.plugins.warnings has been deprecated
[WARNING] /tmp/tmpbz7vevd7/warnings-plugin/src/main/java/hudson/plugins/warnings/WarningsProjectAction.java:[18,38] hudson.plugins.warnings.parser.ParserRegistry in hudson.plugins.warnings.parser has been deprecated
[WARNING] /tmp/tmpbz7vevd7/warnings-plugin/src/main/java/hudson/plugins/warnings/tokens/DetailedNewWarningsTokenMacro.java:[5,31] hudson.plugins.warnings.AggregatedWarningsResultAction in hudson.plugins.warnings has been deprecated
[WARNING] /tmp/tmpbz7vevd7/warnings-plugin/src/main/java/hudson/plugins/warnings/tokens/DetailedFixedWarningsTokenMacro.java:[5,31] hudson.plugins.warnings.AggregatedWarningsResultAction in hudson.plugins.warnings has been deprecated
[WARNING] /tmp/tmpbz7vevd7/warnings-plugin/src/main/java/hudson/plugins/warnings/tokens/FixedWarningsTokenMacro.java:[5,31] hudson.plugins.warnings.AggregatedWarningsResultAction in hudson.plugins.warnings has been deprecated
[WARNING] /tmp/tmpbz7vevd7/warnings-plugin/src/main/java/hudson/plugins/warnings/parser/AbstractWarningsParser.java:[10,32] org.apache.commons.lang3.StringEscapeUtils in org.apache.commons.lang3 has been deprecated
[WARNING] /tmp/tmpbz7vevd7/warnings-plugin/src/main/java/hudson/plugins/warnings/parser/AbstractWarningsParser.java:[17,31] hudson.plugins.warnings.WarningsDescriptor in hudson.plugins.warnings has been deprecated
[WARNING] /tmp/tmpbz7vevd7/warnings-plugin/src/main/java/hudson/plugins/warnings/tokens/WarningsResultTokenMacro.java:[5,31] hudson.plugins.warnings.AggregatedWarningsResultAction in hudson.plugins.warnings has been deprecated
[WARNING] /tmp/tmpbz7vevd7/warnings-plugin/src/main/java/hudson/plugins/warnings/WarningsPublisher.java:[40,38] hudson.plugins.warnings.parser.FileWarningsParser in hudson.plugins.warnings.parser has been deprecated
[WARNING] /tmp/tmpbz7vevd7/warnings-plugin/src/main/java/hudson/plugins/warnings/WarningsPublisher.java:[41,38] hudson.plugins.warnings.parser.ParserRegistry in hudson.plugins.warnings.parser has been deprecated
[WARNING] /tmp/tmpbz7vevd7/warnings-plugin/src/main/java/hudson/plugins/warnings/WarningsPublisher.java:[42,38] hudson.plugins.warnings.parser.ParsingCanceledException in hudson.plugins.warnings.parser has been deprecated
[WARNING] /tmp/tmpbz7vevd7/warnings-plugin/src/main/java/hudson/plugins/warnings/WarningsPublisher.java:[43,38] hudson.plugins.warnings.parser.WarningsFilter in hudson.plugins.warnings.parser has been deprecated
[WARNING] /tmp/tmpbz7vevd7/warnings-plugin/src/main/java/hudson/plugins/warnings/ParserConfiguration.java:[20,38] hudson.plugins.warnings.parser.ParserRegistry in hudson.plugins.warnings.parser has been deprecated
[WARNING] /tmp/tmpbz7vevd7/warnings-plugin/src/main/java/hudson/plugins/warnings/ConsoleParser.java:[16,38] hudson.plugins.warnings.parser.ParserRegistry in hudson.plugins.warnings.parser has been deprecated
[WARNING] /tmp/tmpbz7vevd7/warnings-plugin/src/main/java/hudson/plugins/warnings/WarningsDescriptor.java:[23,38] hudson.plugins.warnings.parser.ParserRegistry in hudson.plugins.warnings.parser has been deprecated
[WARNING] /tmp/tmpbz7vevd7/warnings-plugin/src/main/java/hudson/plugins/warnings/GroovyParser.java:[21,38] hudson.plugins.warnings.parser.AbstractWarningsParser in hudson.plugins.warnings.parser has been deprecated
[WARNING] /tmp/tmpbz7vevd7/warnings-plugin/src/main/java/hudson/plugins/warnings/GroovyParser.java:[22,38] hudson.plugins.warnings.parser.DynamicDocumentParser in hudson.plugins.warnings.parser has been deprecated
[WARNING] /tmp/tmpbz7vevd7/warnings-plugin/src/main/java/hudson/plugins/warnings/GroovyParser.java:[23,38] hudson.plugins.warnings.parser.DynamicParser in hudson.plugins.warnings.parser has been deprecated
[WARNING] /tmp/tmpbz7vevd7/warnings-plugin/src/main/java/hudson/plugins/warnings/GroovyParser.java:[24,38] hudson.plugins.warnings.parser.GroovyExpressionMatcher in hudson.plugins.warnings.parser has been deprecated
[WARNING] /tmp/tmpbz7vevd7/warnings-plugin/src/main/java/hudson/plugins/warnings/GroovyParser.java:[25,38] hudson.plugins.warnings.parser.Warning in hudson.plugins.warnings.parser has been deprecated
[WARNING] /tmp/tmpbz7vevd7/warnings-plugin/src/main/java/hudson/plugins/warnings/parser/ScalacParser.java:[7,31] hudson.plugins.warnings.WarningsDescriptor in hudson.plugins.warnings has been deprecated
[WARNING] /tmp/tmpbz7vevd7/warnings-plugin/src/main/java/hudson/plugins/warnings/parser/IdeaInspectionParser.java:[23,31] hudson.plugins.warnings.WarningsDescriptor in hudson.plugins.warnings has been deprecated
[WARNING] /tmp/tmpbz7vevd7/warnings-plugin/src/main/java/hudson/plugins/warnings/dashboard/AbstractTrendPortlet.java:[9,31] hudson.plugins.warnings.WarningsProjectAction in hudson.plugins.warnings has been deprecated
[WARNING] /tmp/tmpbz7vevd7/warnings-plugin/src/main/java/hudson/plugins/warnings/dashboard/ActionSelector.java:[8,31] hudson.plugins.warnings.WarningsProjectAction in hudson.plugins.warnings has been deprecated
[WARNING] /tmp/tmpbz7vevd7/warnings-plugin/src/main/java/hudson/plugins/warnings/tokens/DetailedWarningsTokenMacro.java:[5,31] hudson.plugins.warnings.AggregatedWarningsResultAction in hudson.plugins.warnings has been deprecated
[WARNING] /tmp/tmpbz7vevd7/warnings-plugin/src/main/java/hudson/plugins/warnings/parser/GroovyExpressionMatcher.java:[15,31] hudson.plugins.warnings.WarningsDescriptor in hudson.plugins.warnings has been deprecated
[WARNING] /tmp/tmpbz7vevd7/warnings-plugin/src/main/java/hudson/plugins/warnings/dashboard/WarningsTablePortlet.java:[16,31] hudson.plugins.warnings.WarningsProjectAction in hudson.plugins.warnings has been deprecated
[WARNING] /tmp/tmpbz7vevd7/warnings-plugin/src/main/java/hudson/plugins/warnings/parser/SbtScalacParser.java:[7,31] hudson.plugins.warnings.WarningsDescriptor in hudson.plugins.warnings has been deprecated
[WARNING] /tmp/tmpbz7vevd7/warnings-plugin/src/main/java/hudson/plugins/warnings/parser/ParserRegistry.java:[34,31] hudson.plugins.warnings.GroovyParser in hudson.plugins.warnings has been deprecated
[WARNING] /tmp/tmpbz7vevd7/warnings-plugin/src/main/java/hudson/plugins/warnings/parser/ParserRegistry.java:[35,31] hudson.plugins.warnings.WarningsDescriptor in hudson.plugins.warnings has been deprecated
[WARNING] /tmp/tmpbz7vevd7/warnings-plugin/src/main/java/hudson/plugins/warnings/tokens/NewWarningsTokenMacro.java:[5,31] hudson.plugins.warnings.AggregatedWarningsResultAction in hudson.plugins.warnings has been deprecated
[WARNING] /tmp/tmpbz7vevd7/warnings-plugin/src/main/java/hudson/plugins/warnings/parser/GoBaseParser.java:[5,31] hudson.plugins.warnings.WarningsDescriptor in hudson.plugins.warnings has been deprecated
[WARNING] /tmp/tmpbz7vevd7/warnings-plugin/src/main/java/hudson/plugins/warnings/parser/fxcop/FxCopParser.java:[24,38] hudson.plugins.warnings.parser.AbstractWarningsParser in hudson.plugins.warnings.parser has been deprecated
[WARNING] /tmp/tmpbz7vevd7/warnings-plugin/src/main/java/hudson/plugins/warnings/parser/fxcop/FxCopParser.java:[26,38] hudson.plugins.warnings.parser.ParsingCanceledException in hudson.plugins.warnings.parser has been deprecated
[WARNING] /tmp/tmpbz7vevd7/warnings-plugin/src/main/java/hudson/plugins/warnings/parser/fxcop/FxCopParser.java:[27,38] hudson.plugins.warnings.parser.Warning in hudson.plugins.warnings.parser has been deprecated
[WARNING] /tmp/tmpbz7vevd7/warnings-plugin/src/main/java/hudson/plugins/warnings/WarningsResultAction.java:[15,38] hudson.plugins.warnings.parser.ParserRegistry in hudson.plugins.warnings.parser has been deprecated
[WARNING] /tmp/tmpbz7vevd7/warnings-plugin/src/main/java/hudson/plugins/warnings/WarningsResult.java:[12,38] hudson.plugins.warnings.parser.ParserRegistry in hudson.plugins.warnings.parser has been deprecated
[WARNING] /tmp/tmpbz7vevd7/warnings-plugin/src/main/java/hudson/plugins/warnings/WarningsResult.java:[13,38] hudson.plugins.warnings.parser.Warning in hudson.plugins.warnings.parser has been deprecated
[WARNING] /tmp/tmpbz7vevd7/warnings-plugin/src/main/java/hudson/plugins/warnings/parser/ResharperInspectCodeParser.java:[22,31] hudson.plugins.warnings.WarningsDescriptor in hudson.plugins.warnings has been deprecated
[WARNING] /tmp/tmpbz7vevd7/warnings-plugin/src/main/java/hudson/plugins/warnings/tokens/WarningsCountTokenMacro.java:[5,31] hudson.plugins.warnings.AggregatedWarningsResultAction in hudson.plugins.warnings has been deprecated
[WARNING] /tmp/tmpbz7vevd7/warnings-plugin/src/main/java/hudson/plugins/warnings/parser/StyleCopParser.java:[23,36] hudson.plugins.warnings.util.XmlElementUtil in hudson.plugins.warnings.util has been deprecated
[WARNING] /tmp/tmpbz7vevd7/warnings-plugin/src/main/java/hudson/plugins/warnings/AggregatedWarningsResult.java:[10,38] hudson.plugins.warnings.parser.Warning in hudson.plugins.warnings.parser has been deprecated
[WARNING] /tmp/tmpbz7vevd7/warnings-plugin/src/main/java/hudson/plugins/warnings/parser/gendarme/GendarmeParser.java:[28,38] hudson.plugins.warnings.parser.AbstractWarningsParser in hudson.plugins.warnings.parser has been deprecated
[WARNING] /tmp/tmpbz7vevd7/warnings-plugin/src/main/java/hudson/plugins/warnings/parser/gendarme/GendarmeParser.java:[30,38] hudson.plugins.warnings.parser.ParsingCanceledException in hudson.plugins.warnings.parser has been deprecated
[WARNING] /tmp/tmpbz7vevd7/warnings-plugin/src/main/java/hudson/plugins/warnings/parser/gendarme/GendarmeParser.java:[31,36] hudson.plugins.warnings.util.XmlElementUtil in hudson.plugins.warnings.util has been deprecated
[WARNING] /tmp/tmpbz7vevd7/warnings-plugin/src/main/java/hudson/plugins/warnings/dashboard/WarningsUserGraphPortlet.java:[13,31] hudson.plugins.warnings.WarningsProjectAction in hudson.plugins.warnings has been deprecated
[WARNING] /tmp/tmpbz7vevd7/warnings-plugin/src/main/java/hudson/plugins/warnings/parser/jcreport/JcReportParser.java:[18,38] hudson.plugins.warnings.parser.AbstractWarningsParser in hudson.plugins.warnings.parser has been deprecated
[WARNING] /tmp/tmpbz7vevd7/warnings-plugin/src/main/java/hudson/plugins/warnings/parser/jcreport/JcReportParser.java:[20,38] hudson.plugins.warnings.parser.ParsingCanceledException in hudson.plugins.warnings.parser has been deprecated
[WARNING] /tmp/tmpbz7vevd7/warnings-plugin/src/main/java/hudson/plugins/warnings/parser/jcreport/JcReportParser.java:[21,38] hudson.plugins.warnings.parser.Warning in hudson.plugins.warnings.parser has been deprecated
[WARNING] /tmp/tmpbz7vevd7/warnings-plugin/src/main/java/hudson/plugins/warnings/parser/JavacParser.java:[7,31] hudson.plugins.warnings.WarningsDescriptor in hudson.plugins.warnings has been deprecated
[WARNING] /tmp/tmpbz7vevd7/warnings-plugin/src/main/java/hudson/plugins/warnings/WarningsProjectAction.java:[18,38] hudson.plugins.warnings.parser.ParserRegistry in hudson.plugins.warnings.parser has been deprecated
[WARNING] /tmp/tmpbz7vevd7/warnings-plugin/src/main/java/hudson/plugins/warnings/tokens/DetailedNewWarningsTokenMacro.java:[5,31] hudson.plugins.warnings.AggregatedWarningsResultAction in hudson.plugins.warnings has been deprecated
[WARNING] /tmp/tmpbz7vevd7/warnings-plugin/src/main/java/hudson/plugins/warnings/tokens/DetailedFixedWarningsTokenMacro.java:[5,31] hudson.plugins.warnings.AggregatedWarningsResultAction in hudson.plugins.warnings has been deprecated
[WARNING] /tmp/tmpbz7vevd7/warnings-plugin/src/main/java/hudson/plugins/warnings/tokens/FixedWarningsTokenMacro.java:[5,31] hudson.plugins.warnings.AggregatedWarningsResultAction in hudson.plugins.warnings has been deprecated
[WARNING] /tmp/tmpbz7vevd7/warnings-plugin/src/main/java/hudson/plugins/warnings/parser/AbstractWarningsParser.java:[10,32] org.apache.commons.lang3.StringEscapeUtils in org.apache.commons.lang3 has been deprecated
[WARNING] /tmp/tmpbz7vevd7/warnings-plugin/src/main/java/hudson/plugins/warnings/parser/AbstractWarningsParser.java:[17,31] hudson.plugins.warnings.WarningsDescriptor in hudson.plugins.warnings has been deprecated
[INFO] /tmp/tmpbz7vevd7/warnings-plugin/src/main/java/hudson/plugins/warnings/tokens/WarningsResultTokenMacro.java: Some input files additionally use or override a deprecated API.
[INFO] /tmp/tmpbz7vevd7/warnings-plugin/src/main/java/hudson/plugins/warnings/tokens/AbstractDetailedTokenMacro.java: /tmp/tmpbz7vevd7/warnings-plugin/src/main/java/hudson/plugins/warnings/tokens/AbstractDetailedTokenMacro.java uses unchecked or unsafe operations.
[INFO] 
[INFO] --- access-modifier-checker:1.15:enforce (default-enforce) @ warnings ---
[INFO] 
[INFO] --- animal-sniffer-maven-plugin:1.17:check (check) @ warnings ---
[INFO] Signature checking is skipped.
[INFO] 
[INFO] --- maven-hpi-plugin:2.6:insert-test (default-insert-test) @ warnings ---
[INFO] 
[INFO] --- gmaven-plugin:1.5-jenkins-3:generateTestStubs (test-in-groovy) @ warnings ---
[INFO] No sources found for Java stub generation
[INFO] 
[INFO] --- maven-resources-plugin:3.0.2:testResources (default-testResources) @ warnings ---
[INFO] Using 'UTF-8' encoding to copy filtered resources.
[INFO] Copying 174 resources
[INFO] 
[INFO] --- maven-compiler-plugin:3.8.0:testCompile (default-testCompile) @ warnings ---
[INFO] Changes detected - recompiling the module!
[INFO] Compiling 82 source files to /tmp/tmpbz7vevd7/warnings-plugin/target/test-classes
[WARNING] /tmp/tmpbz7vevd7/warnings-plugin/src/test/java/hudson/plugins/warnings/GroovyParserTest.java:[18,31] hudson.plugins.warnings.GroovyParser in hudson.plugins.warnings has been deprecated
[WARNING] /tmp/tmpbz7vevd7/warnings-plugin/src/test/java/hudson/plugins/warnings/GroovyParserTest.java:[18,31] hudson.plugins.warnings.GroovyParser in hudson.plugins.warnings has been deprecated
[WARNING] /tmp/tmpbz7vevd7/warnings-plugin/src/test/java/hudson/plugins/warnings/GroovyParserTest.java:[19,38] hudson.plugins.warnings.parser.AbstractWarningsParser in hudson.plugins.warnings.parser has been deprecated
[WARNING] /tmp/tmpbz7vevd7/warnings-plugin/src/test/java/hudson/plugins/warnings/parser/ParserRegistryIntegrationTest.java:[27,31] hudson.plugins.warnings.GroovyParser in hudson.plugins.warnings has been deprecated
[WARNING] /tmp/tmpbz7vevd7/warnings-plugin/src/test/java/hudson/plugins/warnings/parser/GendarmeParserTest.java:[13,47] hudson.plugins.warnings.parser.gendarme.GendarmeParser in hudson.plugins.warnings.parser.gendarme has been deprecated
[WARNING] /tmp/tmpbz7vevd7/warnings-plugin/src/test/java/hudson/plugins/warnings/ParserConfigurationTest.java:[11,38] hudson.plugins.warnings.parser.JavacParser in hudson.plugins.warnings.parser has been deprecated
[WARNING] /tmp/tmpbz7vevd7/warnings-plugin/src/test/java/hudson/plugins/warnings/parser/FxcopParserTest.java:[17,44] hudson.plugins.warnings.parser.fxcop.FxCopParser in hudson.plugins.warnings.parser.fxcop has been deprecated
[WARNING] /tmp/tmpbz7vevd7/warnings-plugin/src/test/java/hudson/plugins/warnings/parser/JcReportParserTest.java:[17,47] hudson.plugins.warnings.parser.jcreport.JcReportParser in hudson.plugins.warnings.parser.jcreport has been deprecated
[WARNING] /tmp/tmpbz7vevd7/warnings-plugin/src/test/java/hudson/plugins/warnings/ConsoleParserTest.java:[11,38] hudson.plugins.warnings.parser.JavacParser in hudson.plugins.warnings.parser has been deprecated
[WARNING] /tmp/tmpbz7vevd7/warnings-plugin/src/test/java/hudson/plugins/warnings/GroovyParserTest.java:[18,31] hudson.plugins.warnings.GroovyParser in hudson.plugins.warnings has been deprecated
[WARNING] /tmp/tmpbz7vevd7/warnings-plugin/src/test/java/hudson/plugins/warnings/GroovyParserTest.java:[18,31] hudson.plugins.warnings.GroovyParser in hudson.plugins.warnings has been deprecated
[WARNING] /tmp/tmpbz7vevd7/warnings-plugin/src/test/java/hudson/plugins/warnings/GroovyParserTest.java:[19,38] hudson.plugins.warnings.parser.AbstractWarningsParser in hudson.plugins.warnings.parser has been deprecated
[WARNING] /tmp/tmpbz7vevd7/warnings-plugin/src/test/java/hudson/plugins/warnings/parser/ParserRegistryIntegrationTest.java:[27,31] hudson.plugins.warnings.GroovyParser in hudson.plugins.warnings has been deprecated
[WARNING] /tmp/tmpbz7vevd7/warnings-plugin/src/test/java/hudson/plugins/warnings/parser/GendarmeParserTest.java:[13,47] hudson.plugins.warnings.parser.gendarme.GendarmeParser in hudson.plugins.warnings.parser.gendarme has been deprecated
[WARNING] /tmp/tmpbz7vevd7/warnings-plugin/src/test/java/hudson/plugins/warnings/ParserConfigurationTest.java:[11,38] hudson.plugins.warnings.parser.JavacParser in hudson.plugins.warnings.parser has been deprecated
[WARNING] /tmp/tmpbz7vevd7/warnings-plugin/src/test/java/hudson/plugins/warnings/parser/FxcopParserTest.java:[17,44] hudson.plugins.warnings.parser.fxcop.FxCopParser in hudson.plugins.warnings.parser.fxcop has been deprecated
[WARNING] /tmp/tmpbz7vevd7/warnings-plugin/src/test/java/hudson/plugins/warnings/parser/JcReportParserTest.java:[17,47] hudson.plugins.warnings.parser.jcreport.JcReportParser in hudson.plugins.warnings.parser.jcreport has been deprecated
[WARNING] /tmp/tmpbz7vevd7/warnings-plugin/src/test/java/hudson/plugins/warnings/ConsoleParserTest.java:[11,38] hudson.plugins.warnings.parser.JavacParser in hudson.plugins.warnings.parser has been deprecated
[WARNING] /tmp/tmpbz7vevd7/warnings-plugin/src/test/java/hudson/plugins/warnings/GroovyParserTest.java:[18,31] hudson.plugins.warnings.GroovyParser in hudson.plugins.warnings has been deprecated
[WARNING] /tmp/tmpbz7vevd7/warnings-plugin/src/test/java/hudson/plugins/warnings/GroovyParserTest.java:[18,31] hudson.plugins.warnings.GroovyParser in hudson.plugins.warnings has been deprecated
[WARNING] /tmp/tmpbz7vevd7/warnings-plugin/src/test/java/hudson/plugins/warnings/GroovyParserTest.java:[19,38] hudson.plugins.warnings.parser.AbstractWarningsParser in hudson.plugins.warnings.parser has been deprecated
[WARNING] /tmp/tmpbz7vevd7/warnings-plugin/src/test/java/hudson/plugins/warnings/parser/ParserRegistryIntegrationTest.java:[27,31] hudson.plugins.warnings.GroovyParser in hudson.plugins.warnings has been deprecated
[WARNING] /tmp/tmpbz7vevd7/warnings-plugin/src/test/java/hudson/plugins/warnings/parser/GendarmeParserTest.java:[13,47] hudson.plugins.warnings.parser.gendarme.GendarmeParser in hudson.plugins.warnings.parser.gendarme has been deprecated
[WARNING] /tmp/tmpbz7vevd7/warnings-plugin/src/test/java/hudson/plugins/warnings/ParserConfigurationTest.java:[11,38] hudson.plugins.warnings.parser.JavacParser in hudson.plugins.warnings.parser has been deprecated
[WARNING] /tmp/tmpbz7vevd7/warnings-plugin/src/test/java/hudson/plugins/warnings/parser/FxcopParserTest.java:[17,44] hudson.plugins.warnings.parser.fxcop.FxCopParser in hudson.plugins.warnings.parser.fxcop has been deprecated
[WARNING] /tmp/tmpbz7vevd7/warnings-plugin/src/test/java/hudson/plugins/warnings/parser/JcReportParserTest.java:[17,47] hudson.plugins.warnings.parser.jcreport.JcReportParser in hudson.plugins.warnings.parser.jcreport has been deprecated
[WARNING] /tmp/tmpbz7vevd7/warnings-plugin/src/test/java/hudson/plugins/warnings/ConsoleParserTest.java:[11,38] hudson.plugins.warnings.parser.JavacParser in hudson.plugins.warnings.parser has been deprecated
[WARNING] /tmp/tmpbz7vevd7/warnings-plugin/src/test/java/hudson/plugins/warnings/parser/ParserRegistryTest.java:[38,9] hudson.plugins.warnings.parser.AbstractWarningsParser in hudson.plugins.warnings.parser has been deprecated
[WARNING] /tmp/tmpbz7vevd7/warnings-plugin/src/test/java/hudson/plugins/warnings/parser/ParserRegistryTest.java:[38,41] hudson.plugins.warnings.parser.ParserRegistry in hudson.plugins.warnings.parser has been deprecated
[WARNING] /tmp/tmpbz7vevd7/warnings-plugin/src/test/java/hudson/plugins/warnings/parser/ParserRegistryTest.java:[56,14] hudson.plugins.warnings.parser.AbstractWarningsParser in hudson.plugins.warnings.parser has been deprecated
[WARNING] /tmp/tmpbz7vevd7/warnings-plugin/src/test/java/hudson/plugins/warnings/parser/ParserRegistryTest.java:[56,62] hudson.plugins.warnings.parser.AbstractWarningsParser in hudson.plugins.warnings.parser has been deprecated
[WARNING] /tmp/tmpbz7vevd7/warnings-plugin/src/test/java/hudson/plugins/warnings/parser/ParserRegistryTest.java:[57,25] hudson.plugins.warnings.parser.InvalidsParser in hudson.plugins.warnings.parser has been deprecated
[WARNING] /tmp/tmpbz7vevd7/warnings-plugin/src/test/java/hudson/plugins/warnings/parser/ParserRegistryTest.java:[58,9] hudson.plugins.warnings.parser.ParserRegistry in hudson.plugins.warnings.parser has been deprecated
[WARNING] /tmp/tmpbz7vevd7/warnings-plugin/src/test/java/hudson/plugins/warnings/parser/ParserRegistryTest.java:[78,14] hudson.plugins.warnings.parser.AbstractWarningsParser in hudson.plugins.warnings.parser has been deprecated
[WARNING] /tmp/tmpbz7vevd7/warnings-plugin/src/test/java/hudson/plugins/warnings/parser/ParserRegistryTest.java:[78,62] hudson.plugins.warnings.parser.AbstractWarningsParser in hudson.plugins.warnings.parser has been deprecated
[WARNING] /tmp/tmpbz7vevd7/warnings-plugin/src/test/java/hudson/plugins/warnings/parser/ParserRegistryTest.java:[79,25] hudson.plugins.warnings.parser.InvalidsParser in hudson.plugins.warnings.parser has been deprecated
[WARNING] /tmp/tmpbz7vevd7/warnings-plugin/src/test/java/hudson/plugins/warnings/parser/ParserRegistryTest.java:[80,25] hudson.plugins.warnings.parser.PhpParser in hudson.plugins.warnings.parser has been deprecated
[WARNING] /tmp/tmpbz7vevd7/warnings-plugin/src/test/java/hudson/plugins/warnings/parser/ParserRegistryTest.java:[81,9] hudson.plugins.warnings.parser.ParserRegistry in hudson.plugins.warnings.parser has been deprecated
[WARNING] /tmp/tmpbz7vevd7/warnings-plugin/src/test/java/hudson/plugins/warnings/parser/ParserRegistryTest.java:[105,9] hudson.plugins.warnings.parser.ParserRegistry in hudson.plugins.warnings.parser has been deprecated
[WARNING] /tmp/tmpbz7vevd7/warnings-plugin/src/test/java/hudson/plugins/warnings/parser/ParserRegistryTest.java:[112,61] hudson.plugins.warnings.parser.ParserRegistry in hudson.plugins.warnings.parser has been deprecated
[WARNING] /tmp/tmpbz7vevd7/warnings-plugin/src/test/java/hudson/plugins/warnings/parser/ParserRegistryTest.java:[117,20] hudson.plugins.warnings.parser.WarningsFilter in hudson.plugins.warnings.parser has been deprecated
[WARNING] /tmp/tmpbz7vevd7/warnings-plugin/src/test/java/hudson/plugins/warnings/parser/ParserRegistryTest.java:[129,9] hudson.plugins.warnings.parser.ParserRegistry in hudson.plugins.warnings.parser has been deprecated
[WARNING] /tmp/tmpbz7vevd7/warnings-plugin/src/test/java/hudson/plugins/warnings/parser/ParserRegistryTest.java:[129,105] hudson.plugins.warnings.parser.MsBuildParser in hudson.plugins.warnings.parser has been deprecated
[WARNING] /tmp/tmpbz7vevd7/warnings-plugin/src/test/java/hudson/plugins/warnings/parser/ParserRegistryTest.java:[135,18] hudson.plugins.warnings.parser.AbstractWarningsParser in hudson.plugins.warnings.parser has been deprecated
[WARNING] /tmp/tmpbz7vevd7/warnings-plugin/src/test/java/hudson/plugins/warnings/parser/ParserRegistryTest.java:[136,14] hudson.plugins.warnings.parser.AbstractWarningsParser in hudson.plugins.warnings.parser has been deprecated
[WARNING] /tmp/tmpbz7vevd7/warnings-plugin/src/test/java/hudson/plugins/warnings/parser/ParserRegistryTest.java:[136,62] hudson.plugins.warnings.parser.AbstractWarningsParser in hudson.plugins.warnings.parser has been deprecated
[WARNING] /tmp/tmpbz7vevd7/warnings-plugin/src/test/java/hudson/plugins/warnings/parser/ParserRegistryTest.java:[137,25] hudson.plugins.warnings.parser.JavacParser in hudson.plugins.warnings.parser has been deprecated
[WARNING] /tmp/tmpbz7vevd7/warnings-plugin/src/test/java/hudson/plugins/warnings/parser/ParserRegistryTest.java:[138,25] hudson.plugins.warnings.parser.AntJavacParser in hudson.plugins.warnings.parser has been deprecated
[WARNING] /tmp/tmpbz7vevd7/warnings-plugin/src/test/java/hudson/plugins/warnings/parser/ParserRegistryTest.java:[142,57] hudson.plugins.warnings.parser.AbstractWarningsParser in hudson.plugins.warnings.parser has been deprecated
[WARNING] /tmp/tmpbz7vevd7/warnings-plugin/src/test/java/hudson/plugins/warnings/parser/ParserRegistryTest.java:[143,9] hudson.plugins.warnings.parser.ParserRegistry in hudson.plugins.warnings.parser has been deprecated
[WARNING] /tmp/tmpbz7vevd7/warnings-plugin/src/test/java/hudson/plugins/warnings/parser/ParserRegistryTest.java:[158,9] hudson.plugins.warnings.parser.ParserRegistry in hudson.plugins.warnings.parser has been deprecated
[WARNING] /tmp/tmpbz7vevd7/warnings-plugin/src/test/java/hudson/plugins/warnings/parser/ParserRegistryTest.java:[176,14] hudson.plugins.warnings.parser.AbstractWarningsParser in hudson.plugins.warnings.parser has been deprecated
[WARNING] /tmp/tmpbz7vevd7/warnings-plugin/src/test/java/hudson/plugins/warnings/parser/ParserRegistryTest.java:[176,62] hudson.plugins.warnings.parser.AbstractWarningsParser in hudson.plugins.warnings.parser has been deprecated
[WARNING] /tmp/tmpbz7vevd7/warnings-plugin/src/test/java/hudson/plugins/warnings/parser/ParserRegistryTest.java:[177,25] hudson.plugins.warnings.parser.AntJavacParser in hudson.plugins.warnings.parser has been deprecated
[WARNING] /tmp/tmpbz7vevd7/warnings-plugin/src/test/java/hudson/plugins/warnings/parser/ParserRegistryTest.java:[178,9] hudson.plugins.warnings.parser.ParserRegistry in hudson.plugins.warnings.parser has been deprecated
[WARNING] /tmp/tmpbz7vevd7/warnings-plugin/src/test/java/hudson/plugins/warnings/parser/ParserRegistryTest.java:[195,14] hudson.plugins.warnings.parser.AbstractWarningsParser in hudson.plugins.warnings.parser has been deprecated
[WARNING] /tmp/tmpbz7vevd7/warnings-plugin/src/test/java/hudson/plugins/warnings/parser/ParserRegistryTest.java:[195,62] hudson.plugins.warnings.parser.AbstractWarningsParser in hudson.plugins.warnings.parser has been deprecated
[WARNING] /tmp/tmpbz7vevd7/warnings-plugin/src/test/java/hudson/plugins/warnings/parser/ParserRegistryTest.java:[196,25] hudson.plugins.warnings.parser.AntJavacParser in hudson.plugins.warnings.parser has been deprecated
[WARNING] /tmp/tmpbz7vevd7/warnings-plugin/src/test/java/hudson/plugins/warnings/parser/ParserRegistryTest.java:[197,9] hudson.plugins.warnings.parser.ParserRegistry in hudson.plugins.warnings.parser has been deprecated
[WARNING] /tmp/tmpbz7vevd7/warnings-plugin/src/test/java/hudson/plugins/warnings/parser/ParserRegistryTest.java:[214,14] hudson.plugins.warnings.parser.AbstractWarningsParser in hudson.plugins.warnings.parser has been deprecated
[WARNING] /tmp/tmpbz7vevd7/warnings-plugin/src/test/java/hudson/plugins/warnings/parser/ParserRegistryTest.java:[214,62] hudson.plugins.warnings.parser.AbstractWarningsParser in hudson.plugins.warnings.parser has been deprecated
[WARNING] /tmp/tmpbz7vevd7/warnings-plugin/src/test/java/hudson/plugins/warnings/parser/ParserRegistryTest.java:[215,25] hudson.plugins.warnings.parser.AntJavacParser in hudson.plugins.warnings.parser has been deprecated
[WARNING] /tmp/tmpbz7vevd7/warnings-plugin/src/test/java/hudson/plugins/warnings/parser/ParserRegistryTest.java:[216,9] hudson.plugins.warnings.parser.ParserRegistry in hudson.plugins.warnings.parser has been deprecated
[WARNING] /tmp/tmpbz7vevd7/warnings-plugin/src/test/java/hudson/plugins/warnings/parser/ParserRegistryTest.java:[233,13] hudson.plugins.warnings.parser.ParserRegistry in hudson.plugins.warnings.parser has been deprecated
[WARNING] /tmp/tmpbz7vevd7/warnings-plugin/src/test/java/hudson/plugins/warnings/parser/ParserRegistryTest.java:[234,73] hudson.plugins.warnings.parser.AbstractWarningsParser in hudson.plugins.warnings.parser has been deprecated
[WARNING] /tmp/tmpbz7vevd7/warnings-plugin/src/test/java/hudson/plugins/warnings/parser/ParserRegistryTest.java:[235,9] hudson.plugins.warnings.parser.ParserRegistry in hudson.plugins.warnings.parser has been deprecated
[WARNING] /tmp/tmpbz7vevd7/warnings-plugin/src/test/java/hudson/plugins/warnings/parser/ParserRegistryTest.java:[235,45] hudson.plugins.warnings.parser.ParserRegistry in hudson.plugins.warnings.parser has been deprecated
[WARNING] /tmp/tmpbz7vevd7/warnings-plugin/src/test/java/hudson/plugins/warnings/parser/ParserRegistryTest.java:[235,88] hudson.plugins.warnings.parser.AbstractWarningsParser in hudson.plugins.warnings.parser has been deprecated
[WARNING] /tmp/tmpbz7vevd7/warnings-plugin/src/test/java/hudson/plugins/warnings/parser/ParserTester.java:[39,9] hudson.plugins.warnings.parser.Warning in hudson.plugins.warnings.parser has been deprecated
[WARNING] /tmp/tmpbz7vevd7/warnings-plugin/src/test/java/hudson/plugins/warnings/parser/ParserTester.java:[127,13] hudson.plugins.warnings.parser.Warning in hudson.plugins.warnings.parser has been deprecated
[WARNING] /tmp/tmpbz7vevd7/warnings-plugin/src/test/java/hudson/plugins/warnings/parser/ParserTester.java:[128,74] hudson.plugins.warnings.parser.Warning in hudson.plugins.warnings.parser has been deprecated
[WARNING] /tmp/tmpbz7vevd7/warnings-plugin/src/test/java/hudson/plugins/warnings/parser/ParserTester.java:[129,17] hudson.plugins.warnings.parser.Warning in hudson.plugins.warnings.parser has been deprecated
[WARNING] /tmp/tmpbz7vevd7/warnings-plugin/src/test/java/hudson/plugins/warnings/parser/PuppetLintParserTest.java:[20,44] hudson.plugins.warnings.parser.PuppetLintParser in hudson.plugins.warnings.parser has been deprecated
[WARNING] /tmp/tmpbz7vevd7/warnings-plugin/src/test/java/hudson/plugins/warnings/parser/PuppetLintParserTest.java:[93,15] hudson.plugins.warnings.parser.AbstractWarningsParser in hudson.plugins.warnings.parser has been deprecated
[WARNING] /tmp/tmpbz7vevd7/warnings-plugin/src/test/java/hudson/plugins/warnings/parser/PuppetLintParserTest.java:[94,20] hudson.plugins.warnings.parser.PuppetLintParser in hudson.plugins.warnings.parser has been deprecated
[WARNING] /tmp/tmpbz7vevd7/warnings-plugin/src/test/java/hudson/plugins/warnings/parser/TnsdlParserTest.java:[18,44] hudson.plugins.warnings.parser.TnsdlParser in hudson.plugins.warnings.parser has been deprecated
[WARNING] /tmp/tmpbz7vevd7/warnings-plugin/src/test/java/hudson/plugins/warnings/parser/TnsdlParserTest.java:[19,52] hudson.plugins.warnings.parser.TnsdlParser in hudson.plugins.warnings.parser has been deprecated
[WARNING] /tmp/tmpbz7vevd7/warnings-plugin/src/test/java/hudson/plugins/warnings/parser/TnsdlParserTest.java:[29,51] hudson.plugins.warnings.parser.TnsdlParser in hudson.plugins.warnings.parser has been deprecated
[WARNING] /tmp/tmpbz7vevd7/warnings-plugin/src/test/java/hudson/plugins/warnings/parser/RFLintParserTest.java:[29,51] hudson.plugins.warnings.parser.RFLintParser in hudson.plugins.warnings.parser has been deprecated
[WARNING] /tmp/tmpbz7vevd7/warnings-plugin/src/test/java/hudson/plugins/warnings/parser/GnatParserTest.java:[18,44] hudson.plugins.warnings.parser.GnatParser in hudson.plugins.warnings.parser has been deprecated
[WARNING] /tmp/tmpbz7vevd7/warnings-plugin/src/test/java/hudson/plugins/warnings/parser/GnatParserTest.java:[29,51] hudson.plugins.warnings.parser.GnatParser in hudson.plugins.warnings.parser has been deprecated
[WARNING] /tmp/tmpbz7vevd7/warnings-plugin/src/test/java/hudson/plugins/warnings/parser/SphinxBuildParserTest.java:[32,51] hudson.plugins.warnings.parser.SphinxBuildParser in hudson.plugins.warnings.parser has been deprecated
[WARNING] /tmp/tmpbz7vevd7/warnings-plugin/src/test/java/hudson/plugins/warnings/parser/CodeAnalysisParserTest.java:[26,51] hudson.plugins.warnings.parser.CodeAnalysisParser in hudson.plugins.warnings.parser has been deprecated
[WARNING] /tmp/tmpbz7vevd7/warnings-plugin/src/test/java/hudson/plugins/warnings/parser/XlcLinkerParserTest.java:[19,44] hudson.plugins.warnings.parser.XlcLinkerParser in hudson.plugins.warnings.parser has been deprecated
[WARNING] /tmp/tmpbz7vevd7/warnings-plugin/src/test/java/hudson/plugins/warnings/parser/XlcLinkerParserTest.java:[29,51] hudson.plugins.warnings.parser.XlcLinkerParser in hudson.plugins.warnings.parser has been deprecated
[WARNING] /tmp/tmpbz7vevd7/warnings-plugin/src/test/java/hudson/plugins/warnings/parser/XlcLinkerParserTest.java:[53,51] hudson.plugins.warnings.parser.XlcLinkerParser in hudson.plugins.warnings.parser has been deprecated
[WARNING] /tmp/tmpbz7vevd7/warnings-plugin/src/test/java/hudson/plugins/warnings/parser/XlcLinkerParserTest.java:[77,51] hudson.plugins.warnings.parser.XlcLinkerParser in hudson.plugins.warnings.parser has been deprecated
[WARNING] /tmp/tmpbz7vevd7/warnings-plugin/src/test/java/hudson/plugins/warnings/parser/XlcLinkerParserTest.java:[101,51] hudson.plugins.warnings.parser.XlcLinkerParser in hudson.plugins.warnings.parser has been deprecated
[WARNING] /tmp/tmpbz7vevd7/warnings-plugin/src/test/java/hudson/plugins/warnings/parser/XlcLinkerParserTest.java:[125,51] hudson.plugins.warnings.parser.XlcLinkerParser in hudson.plugins.warnings.parser has been deprecated
[WARNING] /tmp/tmpbz7vevd7/warnings-plugin/src/test/java/hudson/plugins/warnings/parser/XlcLinkerParserTest.java:[149,51] hudson.plugins.warnings.parser.XlcLinkerParser in hudson.plugins.warnings.parser has been deprecated
[WARNING] /tmp/tmpbz7vevd7/warnings-plugin/src/test/java/hudson/plugins/warnings/parser/YuiCompressorParserTest.java:[20,44] hudson.plugins.warnings.parser.YuiCompressorParser in hudson.plugins.warnings.parser has been deprecated
[WARNING] /tmp/tmpbz7vevd7/warnings-plugin/src/test/java/hudson/plugins/warnings/parser/YuiCompressorParserTest.java:[30,51] hudson.plugins.warnings.parser.YuiCompressorParser in hudson.plugins.warnings.parser has been deprecated
[WARNING] /tmp/tmpbz7vevd7/warnings-plugin/src/test/java/hudson/plugins/warnings/parser/QACSourceCodeAnalyserParserTest.java:[20,44] hudson.plugins.warnings.parser.QACSourceCodeAnalyserParser in hudson.plugins.warnings.parser has been deprecated
[WARNING] /tmp/tmpbz7vevd7/warnings-plugin/src/test/java/hudson/plugins/warnings/parser/QACSourceCodeAnalyserParserTest.java:[30,51] hudson.plugins.warnings.parser.QACSourceCodeAnalyserParser in hudson.plugins.warnings.parser has been deprecated
[WARNING] /tmp/tmpbz7vevd7/warnings-plugin/src/test/java/hudson/plugins/warnings/parser/Gcc4LinkerParserTest.java:[18,52] hudson.plugins.warnings.parser.Gcc4LinkerParser in hudson.plugins.warnings.parser has been deprecated
[WARNING] /tmp/tmpbz7vevd7/warnings-plugin/src/test/java/hudson/plugins/warnings/parser/Gcc4LinkerParserTest.java:[19,52] hudson.plugins.warnings.parser.Gcc4LinkerParser in hudson.plugins.warnings.parser has been deprecated
[WARNING] /tmp/tmpbz7vevd7/warnings-plugin/src/test/java/hudson/plugins/warnings/parser/Gcc4LinkerParserTest.java:[30,51] hudson.plugins.warnings.parser.Gcc4LinkerParser in hudson.plugins.warnings.parser has been deprecated
[WARNING] /tmp/tmpbz7vevd7/warnings-plugin/src/test/java/hudson/plugins/warnings/parser/Gcc4LinkerParserTest.java:[87,51] hudson.plugins.warnings.parser.Gcc4LinkerParser in hudson.plugins.warnings.parser has been deprecated
[WARNING] /tmp/tmpbz7vevd7/warnings-plugin/src/test/java/hudson/plugins/warnings/parser/Gcc4LinkerParserTest.java:[101,51] hudson.plugins.warnings.parser.Gcc4LinkerParser in hudson.plugins.warnings.parser has been deprecated
[WARNING] /tmp/tmpbz7vevd7/warnings-plugin/src/test/java/hudson/plugins/warnings/parser/Gcc4LinkerParserTest.java:[115,51] hudson.plugins.warnings.parser.Gcc4LinkerParser in hudson.plugins.warnings.parser has been deprecated
[INFO] /tmp/tmpbz7vevd7/warnings-plugin/src/test/java/hudson/plugins/warnings/GroovyParserTest.java: Some input files additionally use or override a deprecated API.
[INFO] 
[INFO] --- maven-hpi-plugin:2.6:test-hpl (default-test-hpl) @ warnings ---
[INFO] Generating /tmp/tmpbz7vevd7/warnings-plugin/target/test-classes/the.hpl
[INFO] 
[INFO] --- maven-hpi-plugin:2.6:resolve-test-dependencies (default-resolve-test-dependencies) @ warnings ---
[INFO] 
[INFO] --- gmaven-plugin:1.5-jenkins-3:testCompile (test-in-groovy) @ warnings ---
[INFO] No sources found to compile
[INFO] 
[INFO] --- maven-surefire-plugin:2.19.1:test (default-test) @ warnings ---
[INFO] Surefire report directory: /tmp/tmpbz7vevd7/warnings-plugin/target/surefire-reports

-------------------------------------------------------
 T E S T S
-------------------------------------------------------
Running InjectedTest
Tests run: 47, Failures: 0, Errors: 0, Skipped: 0, Time elapsed: 17.643 sec - in InjectedTest
Running hudson.plugins.warnings.ConsoleParserTest
Tests run: 1, Failures: 0, Errors: 0, Skipped: 0, Time elapsed: 3.494 sec - in hudson.plugins.warnings.ConsoleParserTest
Running hudson.plugins.warnings.GroovyParserTest
Tests run: 12, Failures: 0, Errors: 0, Skipped: 0, Time elapsed: 3.529 sec - in hudson.plugins.warnings.GroovyParserTest
Running hudson.plugins.warnings.ParserConfigurationTest
Tests run: 1, Failures: 0, Errors: 0, Skipped: 0, Time elapsed: 2.025 sec - in hudson.plugins.warnings.ParserConfigurationTest
Running hudson.plugins.warnings.parser.AcuCobolParserTest
Tests run: 1, Failures: 0, Errors: 0, Skipped: 0, Time elapsed: 0 sec - in hudson.plugins.warnings.parser.AcuCobolParserTest
Running hudson.plugins.warnings.parser.AjcParserTest
Tests run: 1, Failures: 0, Errors: 0, Skipped: 0, Time elapsed: 0.005 sec - in hudson.plugins.warnings.parser.AjcParserTest
Running hudson.plugins.warnings.parser.AnsibleLintTest
Tests run: 1, Failures: 0, Errors: 0, Skipped: 0, Time elapsed: 0 sec - in hudson.plugins.warnings.parser.AnsibleLintTest
Running hudson.plugins.warnings.parser.AntJavacParserTest
Tests run: 9, Failures: 0, Errors: 0, Skipped: 0, Time elapsed: 0.029 sec - in hudson.plugins.warnings.parser.AntJavacParserTest
Running hudson.plugins.warnings.parser.Armcc5CompilerParserTest
Tests run: 1, Failures: 0, Errors: 0, Skipped: 0, Time elapsed: 0 sec - in hudson.plugins.warnings.parser.Armcc5CompilerParserTest
Running hudson.plugins.warnings.parser.ArmccCompilerParserTest
Tests run: 1, Failures: 0, Errors: 0, Skipped: 0, Time elapsed: 0.001 sec - in hudson.plugins.warnings.parser.ArmccCompilerParserTest
Running hudson.plugins.warnings.parser.BuckminsterParserTest
Tests run: 1, Failures: 0, Errors: 0, Skipped: 0, Time elapsed: 0.002 sec - in hudson.plugins.warnings.parser.BuckminsterParserTest
Running hudson.plugins.warnings.parser.CadenceIncisiveParserTest
Tests run: 1, Failures: 0, Errors: 0, Skipped: 0, Time elapsed: 0.001 sec - in hudson.plugins.warnings.parser.CadenceIncisiveParserTest
Running hudson.plugins.warnings.parser.ClangParserTest
Tests run: 5, Failures: 0, Errors: 0, Skipped: 0, Time elapsed: 0.004 sec - in hudson.plugins.warnings.parser.ClangParserTest
Running hudson.plugins.warnings.parser.CodeAnalysisParserTest
Tests run: 1, Failures: 0, Errors: 0, Skipped: 0, Time elapsed: 0.001 sec - in hudson.plugins.warnings.parser.CodeAnalysisParserTest
Running hudson.plugins.warnings.parser.CoolfluxChessccParserTest
Tests run: 1, Failures: 0, Errors: 0, Skipped: 0, Time elapsed: 0.001 sec - in hudson.plugins.warnings.parser.CoolfluxChessccParserTest
Running hudson.plugins.warnings.parser.CppLintParserTest
Tests run: 2, Failures: 0, Errors: 0, Skipped: 0, Time elapsed: 0.032 sec - in hudson.plugins.warnings.parser.CppLintParserTest
Running hudson.plugins.warnings.parser.CssLintParserTest
Tests run: 1, Failures: 0, Errors: 0, Skipped: 0, Time elapsed: 0.002 sec - in hudson.plugins.warnings.parser.CssLintParserTest
Running hudson.plugins.warnings.parser.DiabCParserTest
Tests run: 1, Failures: 0, Errors: 0, Skipped: 0, Time elapsed: 0 sec - in hudson.plugins.warnings.parser.DiabCParserTest
Running hudson.plugins.warnings.parser.DoxygenParserTest
Tests run: 3, Failures: 0, Errors: 0, Skipped: 1, Time elapsed: 0 sec - in hudson.plugins.warnings.parser.DoxygenParserTest
Running hudson.plugins.warnings.parser.DrMemoryParserTest
Tests run: 1, Failures: 0, Errors: 0, Skipped: 0, Time elapsed: 0.004 sec - in hudson.plugins.warnings.parser.DrMemoryParserTest
Running hudson.plugins.warnings.parser.DynamicDocumentParserTest
Tests run: 1, Failures: 0, Errors: 0, Skipped: 0, Time elapsed: 1.944 sec - in hudson.plugins.warnings.parser.DynamicDocumentParserTest
Running hudson.plugins.warnings.parser.DynamicParserTest
Tests run: 6, Failures: 0, Errors: 0, Skipped: 0, Time elapsed: 11.414 sec - in hudson.plugins.warnings.parser.DynamicParserTest
Running hudson.plugins.warnings.parser.EclipseParserTest
Tests run: 9, Failures: 0, Errors: 0, Skipped: 0, Time elapsed: 0.133 sec - in hudson.plugins.warnings.parser.EclipseParserTest
Running hudson.plugins.warnings.parser.ErlcParserTest
Tests run: 1, Failures: 0, Errors: 0, Skipped: 0, Time elapsed: 0 sec - in hudson.plugins.warnings.parser.ErlcParserTest
Running hudson.plugins.warnings.parser.FlexSDKParserTest
Tests run: 1, Failures: 0, Errors: 0, Skipped: 0, Time elapsed: 0 sec - in hudson.plugins.warnings.parser.FlexSDKParserTest
Running hudson.plugins.warnings.parser.FxcopParserTest
Tests run: 2, Failures: 0, Errors: 0, Skipped: 0, Time elapsed: 0.007 sec - in hudson.plugins.warnings.parser.FxcopParserTest
Running hudson.plugins.warnings.parser.Gcc4CompilerParserTest
Tests run: 9, Failures: 0, Errors: 0, Skipped: 0, Time elapsed: 0.004 sec - in hudson.plugins.warnings.parser.Gcc4CompilerParserTest
Running hudson.plugins.warnings.parser.Gcc4LinkerParserTest
Tests run: 4, Failures: 0, Errors: 0, Skipped: 0, Time elapsed: 0.001 sec - in hudson.plugins.warnings.parser.Gcc4LinkerParserTest
Running hudson.plugins.warnings.parser.GccParserTest
Tests run: 11, Failures: 0, Errors: 0, Skipped: 0, Time elapsed: 0.024 sec - in hudson.plugins.warnings.parser.GccParserTest
Running hudson.plugins.warnings.parser.GendarmeParserTest
Tests run: 1, Failures: 0, Errors: 0, Skipped: 0, Time elapsed: 0.006 sec - in hudson.plugins.warnings.parser.GendarmeParserTest
Running hudson.plugins.warnings.parser.GhsMultiParserTest
Tests run: 1, Failures: 0, Errors: 0, Skipped: 0, Time elapsed: 0 sec - in hudson.plugins.warnings.parser.GhsMultiParserTest
Running hudson.plugins.warnings.parser.GnatParserTest
Tests run: 1, Failures: 0, Errors: 0, Skipped: 0, Time elapsed: 0 sec - in hudson.plugins.warnings.parser.GnatParserTest
Running hudson.plugins.warnings.parser.GnuFortranParserTest
Tests run: 5, Failures: 0, Errors: 0, Skipped: 0, Time elapsed: 0.006 sec - in hudson.plugins.warnings.parser.GnuFortranParserTest
Running hudson.plugins.warnings.parser.GnuMakeGccParserTest
Tests run: 3, Failures: 0, Errors: 0, Skipped: 0, Time elapsed: 0.003 sec - in hudson.plugins.warnings.parser.GnuMakeGccParserTest
Running hudson.plugins.warnings.parser.GoLintParserTest
Tests run: 1, Failures: 0, Errors: 0, Skipped: 0, Time elapsed: 0.001 sec - in hudson.plugins.warnings.parser.GoLintParserTest
Running hudson.plugins.warnings.parser.GoVetParserTest
Tests run: 1, Failures: 0, Errors: 0, Skipped: 0, Time elapsed: 0.001 sec - in hudson.plugins.warnings.parser.GoVetParserTest
Running hudson.plugins.warnings.parser.GroovyExpressionMatcherTest
Tests run: 2, Failures: 0, Errors: 0, Skipped: 0, Time elapsed: 0.023 sec - in hudson.plugins.warnings.parser.GroovyExpressionMatcherTest
Running hudson.plugins.warnings.parser.HpiCompileParserTest
Tests run: 1, Failures: 0, Errors: 0, Skipped: 0, Time elapsed: 0 sec - in hudson.plugins.warnings.parser.HpiCompileParserTest
Running hudson.plugins.warnings.parser.IarParserTest
Tests run: 8, Failures: 0, Errors: 0, Skipped: 0, Time elapsed: 0.003 sec - in hudson.plugins.warnings.parser.IarParserTest
Running hudson.plugins.warnings.parser.IdeaInspectionParserTest
Tests run: 1, Failures: 0, Errors: 0, Skipped: 0, Time elapsed: 0.009 sec - in hudson.plugins.warnings.parser.IdeaInspectionParserTest
Running hudson.plugins.warnings.parser.IntelParserTest
Tests run: 2, Failures: 0, Errors: 0, Skipped: 0, Time elapsed: 0.001 sec - in hudson.plugins.warnings.parser.IntelParserTest
Running hudson.plugins.warnings.parser.InvalidsParserTest
Tests run: 1, Failures: 0, Errors: 0, Skipped: 0, Time elapsed: 0 sec - in hudson.plugins.warnings.parser.InvalidsParserTest
Running hudson.plugins.warnings.parser.JSLintParserTest
Tests run: 4, Failures: 0, Errors: 0, Skipped: 0, Time elapsed: 0.033 sec - in hudson.plugins.warnings.parser.JSLintParserTest
Running hudson.plugins.warnings.parser.JavaDocParserTest
Tests run: 7, Failures: 0, Errors: 0, Skipped: 0, Time elapsed: 0.02 sec - in hudson.plugins.warnings.parser.JavaDocParserTest
Running hudson.plugins.warnings.parser.JavacParserTest
Tests run: 6, Failures: 0, Errors: 0, Skipped: 0, Time elapsed: 0.024 sec - in hudson.plugins.warnings.parser.JavacParserTest
Running hudson.plugins.warnings.parser.JcReportParserTest
Tests run: 4, Failures: 0, Errors: 0, Skipped: 0, Time elapsed: 0.037 sec - in hudson.plugins.warnings.parser.JcReportParserTest
Running hudson.plugins.warnings.parser.LinuxKernelOutputParserTest
Tests run: 1, Failures: 0, Errors: 0, Skipped: 0, Time elapsed: 0.001 sec - in hudson.plugins.warnings.parser.LinuxKernelOutputParserTest
Running hudson.plugins.warnings.parser.MavenConsoleParserTest
Tests run: 3, Failures: 0, Errors: 0, Skipped: 1, Time elapsed: 0.003 sec - in hudson.plugins.warnings.parser.MavenConsoleParserTest
Running hudson.plugins.warnings.parser.MavenParserTest
Tests run: 1, Failures: 0, Errors: 0, Skipped: 0, Time elapsed: 0.002 sec - in hudson.plugins.warnings.parser.MavenParserTest
Running hudson.plugins.warnings.parser.MetrowerksCWCompilerParserTest
Tests run: 1, Failures: 0, Errors: 0, Skipped: 0, Time elapsed: 0 sec - in hudson.plugins.warnings.parser.MetrowerksCWCompilerParserTest
Running hudson.plugins.warnings.parser.MetrowerksCWLinkerParserTest
Tests run: 1, Failures: 0, Errors: 0, Skipped: 0, Time elapsed: 0 sec - in hudson.plugins.warnings.parser.MetrowerksCWLinkerParserTest
Running hudson.plugins.warnings.parser.MsBuildParserTest
Tests run: 16, Failures: 0, Errors: 0, Skipped: 0, Time elapsed: 0.034 sec - in hudson.plugins.warnings.parser.MsBuildParserTest
Running hudson.plugins.warnings.parser.NagFortranParserTest
Tests run: 11, Failures: 0, Errors: 0, Skipped: 0, Time elapsed: 0.006 sec - in hudson.plugins.warnings.parser.NagFortranParserTest
Running hudson.plugins.warnings.parser.P4ParserTest
Tests run: 1, Failures: 0, Errors: 0, Skipped: 0, Time elapsed: 0 sec - in hudson.plugins.warnings.parser.P4ParserTest
Running hudson.plugins.warnings.parser.PREfastParserTest
Tests run: 1, Failures: 0, Errors: 0, Skipped: 0, Time elapsed: 0 sec - in hudson.plugins.warnings.parser.PREfastParserTest
Running hudson.plugins.warnings.parser.ParserRegistryIntegrationTest
Tests run: 14, Failures: 0, Errors: 0, Skipped: 0, Time elapsed: 6.556 sec - in hudson.plugins.warnings.parser.ParserRegistryIntegrationTest
Running hudson.plugins.warnings.parser.ParserRegistryTest
Tests run: 9, Failures: 0, Errors: 0, Skipped: 0, Time elapsed: 0.67 sec - in hudson.plugins.warnings.parser.ParserRegistryTest
Running hudson.plugins.warnings.parser.Pep8ParserTest
Tests run: 1, Failures: 0, Errors: 0, Skipped: 0, Time elapsed: 0 sec - in hudson.plugins.warnings.parser.Pep8ParserTest
Running hudson.plugins.warnings.parser.PerlCriticParserTest
Tests run: 3, Failures: 0, Errors: 0, Skipped: 0, Time elapsed: 0.014 sec - in hudson.plugins.warnings.parser.PerlCriticParserTest
Running hudson.plugins.warnings.parser.PhpParserTest
Tests run: 2, Failures: 0, Errors: 0, Skipped: 0, Time elapsed: 0 sec - in hudson.plugins.warnings.parser.PhpParserTest
Running hudson.plugins.warnings.parser.PuppetLintParserTest
Tests run: 1, Failures: 0, Errors: 0, Skipped: 0, Time elapsed: 0 sec - in hudson.plugins.warnings.parser.PuppetLintParserTest
Running hudson.plugins.warnings.parser.PylintParserTest
Tests run: 1, Failures: 0, Errors: 0, Skipped: 0, Time elapsed: 0.001 sec - in hudson.plugins.warnings.parser.PylintParserTest
Running hudson.plugins.warnings.parser.QACSourceCodeAnalyserParserTest
Tests run: 1, Failures: 0, Errors: 0, Skipped: 0, Time elapsed: 0 sec - in hudson.plugins.warnings.parser.QACSourceCodeAnalyserParserTest
Running hudson.plugins.warnings.parser.RFLintParserTest
Tests run: 1, Failures: 0, Errors: 0, Skipped: 0, Time elapsed: 0 sec - in hudson.plugins.warnings.parser.RFLintParserTest
Running hudson.plugins.warnings.parser.ResharperInspectCodeAdapterTest
Tests run: 1, Failures: 0, Errors: 0, Skipped: 0, Time elapsed: 0.003 sec - in hudson.plugins.warnings.parser.ResharperInspectCodeAdapterTest
Running hudson.plugins.warnings.parser.RobocopyParserTest
Tests run: 1, Failures: 0, Errors: 0, Skipped: 0, Time elapsed: 0.001 sec - in hudson.plugins.warnings.parser.RobocopyParserTest
Running hudson.plugins.warnings.parser.SbtScalacParserTest
Tests run: 1, Failures: 0, Errors: 0, Skipped: 0, Time elapsed: 0 sec - in hudson.plugins.warnings.parser.SbtScalacParserTest
Running hudson.plugins.warnings.parser.ScalacParserTest
Tests run: 1, Failures: 0, Errors: 0, Skipped: 0, Time elapsed: 0 sec - in hudson.plugins.warnings.parser.ScalacParserTest
Running hudson.plugins.warnings.parser.SphinxBuildParserTest
Tests run: 1, Failures: 0, Errors: 0, Skipped: 0, Time elapsed: 0 sec - in hudson.plugins.warnings.parser.SphinxBuildParserTest
Running hudson.plugins.warnings.parser.StyleCopParserTest
Tests run: 3, Failures: 0, Errors: 0, Skipped: 0, Time elapsed: 0 sec - in hudson.plugins.warnings.parser.StyleCopParserTest
Running hudson.plugins.warnings.parser.SunCParserTest
Tests run: 1, Failures: 0, Errors: 0, Skipped: 0, Time elapsed: 0.001 sec - in hudson.plugins.warnings.parser.SunCParserTest
Running hudson.plugins.warnings.parser.TaskingVXCompilerParserTest
Tests run: 1, Failures: 0, Errors: 0, Skipped: 0, Time elapsed: 0 sec - in hudson.plugins.warnings.parser.TaskingVXCompilerParserTest
Running hudson.plugins.warnings.parser.TiCcsParserTest
Tests run: 1, Failures: 0, Errors: 0, Skipped: 0, Time elapsed: 0 sec - in hudson.plugins.warnings.parser.TiCcsParserTest
Running hudson.plugins.warnings.parser.TnsdlParserTest
Tests run: 1, Failures: 0, Errors: 0, Skipped: 0, Time elapsed: 0 sec - in hudson.plugins.warnings.parser.TnsdlParserTest
Running hudson.plugins.warnings.parser.WarningTest
Tests run: 2, Failures: 0, Errors: 0, Skipped: 0, Time elapsed: 0.001 sec - in hudson.plugins.warnings.parser.WarningTest
Running hudson.plugins.warnings.parser.WarningsFilterTest
Tests run: 2, Failures: 0, Errors: 0, Skipped: 0, Time elapsed: 0 sec - in hudson.plugins.warnings.parser.WarningsFilterTest
Running hudson.plugins.warnings.parser.XlcLinkerParserTest
Tests run: 6, Failures: 0, Errors: 0, Skipped: 0, Time elapsed: 0 sec - in hudson.plugins.warnings.parser.XlcLinkerParserTest
Running hudson.plugins.warnings.parser.XlcParserTest
Tests run: 8, Failures: 0, Errors: 0, Skipped: 0, Time elapsed: 0.001 sec - in hudson.plugins.warnings.parser.XlcParserTest
Running hudson.plugins.warnings.parser.YuiCompressorParserTest
Tests run: 1, Failures: 0, Errors: 0, Skipped: 0, Time elapsed: 0 sec - in hudson.plugins.warnings.parser.YuiCompressorParserTest

Results :

Tests run: 285, Failures: 0, Errors: 0, Skipped: 2

[INFO] 
[INFO] --- jacoco-maven-plugin:0.8.5:report (report) @ warnings ---
[INFO] Loading execution data file /tmp/tmpbz7vevd7/warnings-plugin/target/jacoco.exec
[INFO] Analyzed bundle 'Warnings Plug-in' with 495 classes
[INFO] ------------------------------------------------------------------------
[INFO] BUILD SUCCESS
[INFO] ------------------------------------------------------------------------
[INFO] Total time:  08:20 min
[INFO] Finished at: 2020-07-30T22:24:46Z
[INFO] ------------------------------------------------------------------------
