[INFO] Error stacktraces are turned on.
[INFO] Scanning for projects...
[INFO] 
[INFO] ----------------------< com.commafeed:commafeed >-----------------------
[INFO] Building CommaFeed 2.5.0-SNAPSHOT
[INFO] --------------------------------[ jar ]---------------------------------
[INFO] 
[INFO] --- git-commit-id-plugin:2.1.13:revision (default) @ commafeed ---
java.lang.RuntimeException: Unable to find commits until some tag
	at pl.project13.jgit.DescribeCommand.findCommitsUntilSomeTag(DescribeCommand.java:416)
	at pl.project13.jgit.DescribeCommand.call(DescribeCommand.java:308)
	at pl.project13.maven.git.JGitProvider.getGitDescribe(JGitProvider.java:222)
	at pl.project13.maven.git.JGitProvider.getGitDescribe(JGitProvider.java:107)
	at pl.project13.maven.git.GitDataProvider.maybePutGitDescribe(GitDataProvider.java:120)
	at pl.project13.maven.git.GitDataProvider.loadGitData(GitDataProvider.java:88)
	at pl.project13.maven.git.GitCommitIdMojo.loadGitDataWithJGit(GitCommitIdMojo.java:527)
	at pl.project13.maven.git.GitCommitIdMojo.loadGitData(GitCommitIdMojo.java:500)
	at pl.project13.maven.git.GitCommitIdMojo.execute(GitCommitIdMojo.java:356)
	at org.apache.maven.plugin.DefaultBuildPluginManager.executeMojo(DefaultBuildPluginManager.java:137)
	at org.apache.maven.lifecycle.internal.MojoExecutor.execute(MojoExecutor.java:210)
	at org.apache.maven.lifecycle.internal.MojoExecutor.execute(MojoExecutor.java:156)
	at org.apache.maven.lifecycle.internal.MojoExecutor.execute(MojoExecutor.java:148)
	at org.apache.maven.lifecycle.internal.LifecycleModuleBuilder.buildProject(LifecycleModuleBuilder.java:117)
	at org.apache.maven.lifecycle.internal.LifecycleModuleBuilder.buildProject(LifecycleModuleBuilder.java:81)
	at org.apache.maven.lifecycle.internal.builder.singlethreaded.SingleThreadedBuilder.build(SingleThreadedBuilder.java:56)
	at org.apache.maven.lifecycle.internal.LifecycleStarter.execute(LifecycleStarter.java:128)
	at org.apache.maven.DefaultMaven.doExecute(DefaultMaven.java:305)
	at org.apache.maven.DefaultMaven.doExecute(DefaultMaven.java:192)
	at org.apache.maven.DefaultMaven.execute(DefaultMaven.java:105)
	at org.apache.maven.cli.MavenCli.execute(MavenCli.java:957)
	at org.apache.maven.cli.MavenCli.doMain(MavenCli.java:289)
	at org.apache.maven.cli.MavenCli.main(MavenCli.java:193)
	at sun.reflect.NativeMethodAccessorImpl.invoke0(Native Method)
	at sun.reflect.NativeMethodAccessorImpl.invoke(NativeMethodAccessorImpl.java:62)
	at sun.reflect.DelegatingMethodAccessorImpl.invoke(DelegatingMethodAccessorImpl.java:43)
	at java.lang.reflect.Method.invoke(Method.java:498)
	at org.codehaus.plexus.classworlds.launcher.Launcher.launchEnhanced(Launcher.java:282)
	at org.codehaus.plexus.classworlds.launcher.Launcher.launch(Launcher.java:225)
	at org.codehaus.plexus.classworlds.launcher.Launcher.mainWithExitCode(Launcher.java:406)
	at org.codehaus.plexus.classworlds.launcher.Launcher.main(Launcher.java:347)
Caused by: org.eclipse.jgit.errors.RevWalkException: Walk failure.
	at org.eclipse.jgit.revwalk.RevWalk.iterator(RevWalk.java:1259)
	at pl.project13.jgit.DescribeCommand.findCommitsUntilSomeTag(DescribeCommand.java:404)
	... 30 more
Caused by: org.eclipse.jgit.errors.MissingObjectException: Missing commit b44e73744853cd527cd8cf092779b763cd840711
	at org.eclipse.jgit.internal.storage.file.WindowCursor.open(WindowCursor.java:149)
	at org.eclipse.jgit.revwalk.RevWalk.getCachedBytes(RevWalk.java:883)
	at org.eclipse.jgit.revwalk.RevCommit.parseHeaders(RevCommit.java:145)
	at org.eclipse.jgit.revwalk.PendingGenerator.next(PendingGenerator.java:148)
	at org.eclipse.jgit.revwalk.StartGenerator.next(StartGenerator.java:183)
	at org.eclipse.jgit.revwalk.RevWalk.next(RevWalk.java:421)
	at org.eclipse.jgit.revwalk.RevWalk.iterator(RevWalk.java:1257)
	... 31 more
[INFO] 
[INFO] --- jacoco-maven-plugin:0.8.5:prepare-agent (default) @ commafeed ---
[INFO] argLine set to -javaagent:/home/jdbl/.m2/repository/org/jacoco/org.jacoco.agent/0.8.5/org.jacoco.agent-0.8.5-runtime.jar=destfile=/tmp/tmpplkyhpre/commafeed/target/jacoco.exec
[INFO] 
[INFO] --- maven-resources-plugin:2.6:resources (default-resources) @ commafeed ---
[INFO] Using 'UTF-8' encoding to copy filtered resources.
[INFO] Copying 13 resources
[INFO] 
[INFO] --- maven-compiler-plugin:3.8.0:compile (default-compile) @ commafeed ---
[INFO] Changes detected - recompiling the module!
[INFO] Compiling 125 source files to /tmp/tmpplkyhpre/commafeed/target/classes
[INFO] 
[INFO] --- swagger-maven-plugin:3.1.7:generate (default) @ commafeed ---
[INFO] Reflections took 39 ms to scan 1 urls, producing 6 keys and 36 values 
[INFO] Reflections took 5 ms to scan 1 urls, producing 6 keys and 36 values 
[INFO] Reflections took 10 ms to scan 1 urls, producing 2 keys and 50 values 
[INFO] Reflections took 9 ms to scan 1 urls, producing 2 keys and 50 values 
[INFO] Reflections took 7 ms to scan 1 urls, producing 2 keys and 32 values 
[INFO] Reflections took 4 ms to scan 1 urls, producing 2 keys and 32 values 
[INFO] Reflections took 7 ms to scan 1 urls, producing 6 keys and 36 values 
[INFO] Reflections took 7 ms to scan 1 urls, producing 6 keys and 36 values 
[INFO] Reflections took 8 ms to scan 1 urls, producing 2 keys and 50 values 
[INFO] Reflections took 8 ms to scan 1 urls, producing 2 keys and 50 values 
[INFO] Reflections took 7 ms to scan 1 urls, producing 2 keys and 32 values 
[INFO] Reflections took 5 ms to scan 1 urls, producing 2 keys and 32 values 
[INFO] Reflections took 6 ms to scan 1 urls, producing 6 keys and 36 values 
[INFO] Reflections took 6 ms to scan 1 urls, producing 6 keys and 36 values 
[INFO] Reflections took 7 ms to scan 1 urls, producing 2 keys and 50 values 
[INFO] Reflections took 7 ms to scan 1 urls, producing 2 keys and 50 values 
[INFO] Reflections took 4 ms to scan 1 urls, producing 2 keys and 32 values 
[INFO] Reflections took 5 ms to scan 1 urls, producing 2 keys and 32 values 
[INFO] Reflections took 60 ms to scan 1 urls, producing 97 keys and 467 values 
[INFO] Reflections took 16 ms to scan 1 urls, producing 97 keys and 467 values 
[INFO] Reflections took 14 ms to scan 1 urls, producing 97 keys and 467 values 
[INFO] Reflections took 14 ms to scan 1 urls, producing 97 keys and 467 values 
[INFO] Reflections took 13 ms to scan 1 urls, producing 97 keys and 467 values 
[INFO] Reflections took 13 ms to scan 1 urls, producing 97 keys and 467 values 
[INFO] Reflections took 12 ms to scan 1 urls, producing 97 keys and 467 values 
[INFO] 
[INFO] --- frontend-maven-plugin:1.6:install-node-and-npm (install node and npm) @ commafeed ---
[INFO] testFailureIgnore property is ignored in non test phases
[INFO] Installing node version v6.11.4
[INFO] Downloading https://nodejs.org/dist/v6.11.4/node-v6.11.4-linux-x64.tar.gz to /home/jdbl/.m2/repository/com/github/eirslett/node/6.11.4/node-6.11.4-linux-x64.tar.gz
[INFO] No proxies configured
[INFO] No proxy was configured, downloading directly
[INFO] Unpacking /home/jdbl/.m2/repository/com/github/eirslett/node/6.11.4/node-6.11.4-linux-x64.tar.gz into /tmp/tmpplkyhpre/commafeed/node/tmp
[INFO] Copying node binary from /tmp/tmpplkyhpre/commafeed/node/tmp/node-v6.11.4-linux-x64/bin/node to /tmp/tmpplkyhpre/commafeed/node/node
[INFO] Installed node locally.
[INFO] Installing npm version 3.10.6
[INFO] Downloading https://registry.npmjs.org/npm/-/npm-3.10.6.tgz to /home/jdbl/.m2/repository/com/github/eirslett/npm/3.10.6/npm-3.10.6.tar.gz
[INFO] No proxies configured
[INFO] No proxy was configured, downloading directly
[INFO] Unpacking /home/jdbl/.m2/repository/com/github/eirslett/npm/3.10.6/npm-3.10.6.tar.gz into /tmp/tmpplkyhpre/commafeed/node/node_modules
[INFO] Installed npm locally.
[INFO] 
[INFO] --- frontend-maven-plugin:1.6:npm (npm install) @ commafeed ---
[INFO] testFailureIgnore property is ignored in non test phases
[INFO] Running 'npm install' in /tmp/tmpplkyhpre/commafeed
[WARNING] npm WARN deprecated gulp-sass@2.0.2: Empty partial bug copied to CSS folder fixed
[WARNING] npm WARN deprecated gulp-minify-css@1.1.5: Please use gulp-clean-css
[WARNING] npm WARN deprecated bower@1.8.8: We don't recommend using Bower for new projects. Please consider Yarn and Webpack or Parcel. You can read how to migrate legacy project here: https://bower.io/blog/2017/how-to-migrate-away-from-bower/
[WARNING] npm WARN deprecated gulp-util@3.0.8: gulp-util is deprecated - replace it, following the guidelines at https://medium.com/gulpjs/gulp-util-ca3b1f9f9ac5
[WARNING] npm WARN deprecated urix@0.1.0: Please see https://github.com/lydell/urix#deprecated
[WARNING] npm WARN deprecated resolve-url@0.2.1: https://github.com/lydell/resolve-url#deprecated
[WARNING] npm WARN deprecated minimatch@2.0.10: Please update to minimatch 3.0.2 or higher to avoid a RegExp DoS issue
[WARNING] npm WARN deprecated minimatch@0.2.14: Please update to minimatch 3.0.2 or higher to avoid a RegExp DoS issue
[WARNING] npm WARN deprecated graceful-fs@1.2.3: please upgrade to graceful-fs 4 for compatibility with current and future versions of Node.js
[WARNING] npm WARN deprecated natives@1.1.6: This module relies on Node.js's internals and will break at some point. Do not use it, and update to graceful-fs@4.x.
[WARNING] npm WARN deprecated gulp-footer@1.1.2: Security vulnerability surrounding event-stream, do *NOT* use.
[WARNING] npm WARN deprecated gulp-header@1.8.12: Removed event-stream from gulp-header
[WARNING] npm WARN deprecated gulp-util@2.2.20: gulp-util is deprecated - replace it, following the guidelines at https://medium.com/gulpjs/gulp-util-ca3b1f9f9ac5
[WARNING] npm WARN deprecated connect@2.17.3: connect 2.x series is deprecated
[WARNING] npm WARN deprecated scmp@0.0.3: scmp v2 uses improved core crypto comparison since Node v6.6.0
[WARNING] npm WARN deprecated request@2.88.2: request has been deprecated, see https://github.com/request/request/issues/3142
[WARNING] npm WARN deprecated har-validator@5.1.5: this library is no longer supported
[WARNING] npm WARN deprecated minimatch@1.0.0: Please update to minimatch 3.0.2 or higher to avoid a RegExp DoS issue
[WARNING] npm WARN prefer global node-gyp@3.8.0 should be installed with -g
[INFO] 
[INFO] > node-sass@3.13.1 install /tmp/tmpplkyhpre/commafeed/node_modules/node-sass
[INFO] > node scripts/install.js
[INFO] 
[INFO] Downloading binary from https://github.com/sass/node-sass/releases/download/v3.13.1/linux-x64-48_binding.node
[INFO] Download complete
[INFO] Binary saved to /tmp/tmpplkyhpre/commafeed/node_modules/node-sass/vendor/linux-x64-48/binding.node
[INFO] Caching binary to /home/jdbl/.npm/node-sass/3.13.1/linux-x64-48_binding.node
[INFO] 
[INFO] > node-sass@3.13.1 postinstall /tmp/tmpplkyhpre/commafeed/node_modules/node-sass
[INFO] > node scripts/build.js
[INFO] 
[INFO] Binary found at /tmp/tmpplkyhpre/commafeed/node_modules/node-sass/vendor/linux-x64-48/binding.node
[INFO] Testing binary
[INFO] Binary is fine
[INFO] commafeed@2.0.0 /tmp/tmpplkyhpre/commafeed
[INFO] ├── bower@1.8.8 
[INFO] ├─┬ connect-modrewrite@0.8.1 
[INFO] │ └── qs@1.2.2 
[INFO] ├─┬ gulp@3.8.11 
[INFO] │ ├── archy@1.0.0 
[INFO] │ ├─┬ chalk@0.5.1 
[INFO] │ │ ├── ansi-styles@1.1.0 
[INFO] │ │ ├── escape-string-regexp@1.0.5 
[INFO] │ │ ├─┬ has-ansi@0.1.0 
[INFO] │ │ │ └── ansi-regex@0.2.1 
[INFO] │ │ ├── strip-ansi@0.3.0 
[INFO] │ │ └── supports-color@0.2.0 
[INFO] │ ├── deprecated@0.0.1 
[INFO] │ ├─┬ gulp-util@3.0.8 
[INFO] │ │ ├── array-differ@1.0.0 
[INFO] │ │ ├── array-uniq@1.0.3 
[INFO] │ │ ├── beeper@1.1.1 
[INFO] │ │ ├─┬ chalk@1.1.3 
[INFO] │ │ │ ├── ansi-styles@2.2.1 
[INFO] │ │ │ ├─┬ has-ansi@2.0.0 
[INFO] │ │ │ │ └── ansi-regex@2.1.1 
[INFO] │ │ │ ├── strip-ansi@3.0.1 
[INFO] │ │ │ └── supports-color@2.0.0 
[INFO] │ │ ├── dateformat@2.2.0 
[INFO] │ │ ├─┬ fancy-log@1.3.3 
[INFO] │ │ │ ├─┬ ansi-gray@0.1.1 
[INFO] │ │ │ │ └── ansi-wrap@0.1.0 
[INFO] │ │ │ ├── color-support@1.1.3 
[INFO] │ │ │ ├── parse-node-version@1.0.1 
[INFO] │ │ │ └── time-stamp@1.1.0 
[INFO] │ │ ├─┬ gulplog@1.0.0 
[INFO] │ │ │ └── glogg@1.0.2 
[INFO] │ │ ├─┬ has-gulplog@0.1.0 
[INFO] │ │ │ └── sparkles@1.0.1 
[INFO] │ │ ├── lodash._reescape@3.0.0 
[INFO] │ │ ├── lodash._reevaluate@3.0.0 
[INFO] │ │ ├── lodash._reinterpolate@3.0.0 
[INFO] │ │ ├─┬ lodash.template@3.6.2 
[INFO] │ │ │ ├── lodash._basecopy@3.0.1 
[INFO] │ │ │ ├── lodash._basetostring@3.0.1 
[INFO] │ │ │ ├── lodash._basevalues@3.0.0 
[INFO] │ │ │ ├── lodash._isiterateecall@3.0.9 
[INFO] │ │ │ ├─┬ lodash.escape@3.2.0 
[INFO] │ │ │ │ └── lodash._root@3.0.1 
[INFO] │ │ │ ├─┬ lodash.keys@3.1.2 
[INFO] │ │ │ │ ├── lodash._getnative@3.9.1 
[INFO] │ │ │ │ ├── lodash.isarguments@3.1.0 
[INFO] │ │ │ │ └── lodash.isarray@3.0.4 
[INFO] │ │ │ ├── lodash.restparam@3.6.1 
[INFO] │ │ │ └── lodash.templatesettings@3.1.1 
[INFO] │ │ ├─┬ multipipe@0.1.2 
[INFO] │ │ │ └── duplexer2@0.0.2 
[INFO] │ │ ├── object-assign@3.0.0 
[INFO] │ │ ├── replace-ext@0.0.1 
[INFO] │ │ ├─┬ through2@2.0.5 
[INFO] │ │ │ └─┬ readable-stream@2.3.7 
[INFO] │ │ │   ├── isarray@1.0.0 
[INFO] │ │ │   ├── process-nextick-args@2.0.1 
[INFO] │ │ │   ├── string_decoder@1.1.1 
[INFO] │ │ │   └── util-deprecate@1.0.2 
[INFO] │ │ └─┬ vinyl@0.5.3 
[INFO] │ │   ├── clone@1.0.4 
[INFO] │ │   └── clone-stats@0.0.1 
[INFO] │ ├── interpret@0.3.10 
[INFO] │ ├─┬ liftoff@2.5.0 
[INFO] │ │ ├── extend@3.0.2 
[INFO] │ │ ├─┬ findup-sync@2.0.0 
[INFO] │ │ │ ├── detect-file@1.0.0 
[INFO] │ │ │ ├─┬ is-glob@3.1.0 
[INFO] │ │ │ │ └── is-extglob@2.1.1 
[INFO] │ │ │ ├─┬ micromatch@3.1.10 
[INFO] │ │ │ │ ├── arr-diff@4.0.0 
[INFO] │ │ │ │ ├── array-unique@0.3.2 
[INFO] │ │ │ │ ├─┬ braces@2.3.2 
[INFO] │ │ │ │ │ ├── arr-flatten@1.1.0 
[INFO] │ │ │ │ │ ├─┬ extend-shallow@2.0.1 
[INFO] │ │ │ │ │ │ └── is-extendable@0.1.1 
[INFO] │ │ │ │ │ ├─┬ fill-range@4.0.0 
[INFO] │ │ │ │ │ │ ├── extend-shallow@2.0.1 
[INFO] │ │ │ │ │ │ ├─┬ is-number@3.0.0 
[INFO] │ │ │ │ │ │ │ └─┬ kind-of@3.2.2 
[INFO] │ │ │ │ │ │ │   └── is-buffer@1.1.6 
[INFO] │ │ │ │ │ │ ├── repeat-string@1.6.1 
[INFO] │ │ │ │ │ │ └── to-regex-range@2.1.1 
[INFO] │ │ │ │ │ ├── repeat-element@1.1.3 
[INFO] │ │ │ │ │ ├─┬ snapdragon-node@2.1.1 
[INFO] │ │ │ │ │ │ ├─┬ define-property@1.0.0 
[INFO] │ │ │ │ │ │ │ └─┬ is-descriptor@1.0.2 
[INFO] │ │ │ │ │ │ │   ├── is-accessor-descriptor@1.0.0 
[INFO] │ │ │ │ │ │ │   └── is-data-descriptor@1.0.0 
[INFO] │ │ │ │ │ │ └─┬ snapdragon-util@3.0.1 
[INFO] │ │ │ │ │ │   └── kind-of@3.2.2 
[INFO] │ │ │ │ │ └── split-string@3.1.0 
[INFO] │ │ │ │ ├─┬ define-property@2.0.2 
[INFO] │ │ │ │ │ └─┬ is-descriptor@1.0.2 
[INFO] │ │ │ │ │   ├── is-accessor-descriptor@1.0.0 
[INFO] │ │ │ │ │   └── is-data-descriptor@1.0.0 
[INFO] │ │ │ │ ├─┬ extend-shallow@3.0.2 
[INFO] │ │ │ │ │ ├── assign-symbols@1.0.0 
[INFO] │ │ │ │ │ └── is-extendable@1.0.1 
[INFO] │ │ │ │ ├─┬ extglob@2.0.4 
[INFO] │ │ │ │ │ ├─┬ define-property@1.0.0 
[INFO] │ │ │ │ │ │ └─┬ is-descriptor@1.0.2 
[INFO] │ │ │ │ │ │   ├── is-accessor-descriptor@1.0.0 
[INFO] │ │ │ │ │ │   └── is-data-descriptor@1.0.0 
[INFO] │ │ │ │ │ ├─┬ expand-brackets@2.1.4 
[INFO] │ │ │ │ │ │ ├── define-property@0.2.5 
[INFO] │ │ │ │ │ │ ├── extend-shallow@2.0.1 
[INFO] │ │ │ │ │ │ └── posix-character-classes@0.1.1 
[INFO] │ │ │ │ │ └── extend-shallow@2.0.1 
[INFO] │ │ │ │ ├── fragment-cache@0.2.1 
[INFO] │ │ │ │ ├── kind-of@6.0.3 
[INFO] │ │ │ │ ├─┬ nanomatch@1.2.13 
[INFO] │ │ │ │ │ └── is-windows@1.0.2 
[INFO] │ │ │ │ ├─┬ regex-not@1.0.2 
[INFO] │ │ │ │ │ └─┬ safe-regex@1.1.0 
[INFO] │ │ │ │ │   └── ret@0.1.15 
[INFO] │ │ │ │ ├─┬ snapdragon@0.8.2 
[INFO] │ │ │ │ │ ├─┬ base@0.11.2 
[INFO] │ │ │ │ │ │ ├─┬ cache-base@1.0.1 
[INFO] │ │ │ │ │ │ │ ├─┬ collection-visit@1.0.0 
[INFO] │ │ │ │ │ │ │ │ ├── map-visit@1.0.0 
[INFO] │ │ │ │ │ │ │ │ └── object-visit@1.0.1 
[INFO] │ │ │ │ │ │ │ ├── get-value@2.0.6 
[INFO] │ │ │ │ │ │ │ ├─┬ has-value@1.0.0 
[INFO] │ │ │ │ │ │ │ │ └─┬ has-values@1.0.0 
[INFO] │ │ │ │ │ │ │ │   └── kind-of@4.0.0 
[INFO] │ │ │ │ │ │ │ ├─┬ set-value@2.0.1 
[INFO] │ │ │ │ │ │ │ │ └── extend-shallow@2.0.1 
[INFO] │ │ │ │ │ │ │ ├─┬ to-object-path@0.3.0 
[INFO] │ │ │ │ │ │ │ │ └── kind-of@3.2.2 
[INFO] │ │ │ │ │ │ │ ├── union-value@1.0.1 
[INFO] │ │ │ │ │ │ │ └─┬ unset-value@1.0.0 
[INFO] │ │ │ │ │ │ │   └─┬ has-value@0.3.1 
[INFO] │ │ │ │ │ │ │     ├── has-values@0.1.4 
[INFO] │ │ │ │ │ │ │     └─┬ isobject@2.1.0 
[INFO] │ │ │ │ │ │ │       └── isarray@1.0.0 
[INFO] │ │ │ │ │ │ ├─┬ class-utils@0.3.6 
[INFO] │ │ │ │ │ │ │ ├── arr-union@3.1.0 
[INFO] │ │ │ │ │ │ │ ├── define-property@0.2.5 
[INFO] │ │ │ │ │ │ │ └─┬ static-extend@0.1.2 
[INFO] │ │ │ │ │ │ │   ├── define-property@0.2.5 
[INFO] │ │ │ │ │ │ │   └─┬ object-copy@0.1.0 
[INFO] │ │ │ │ │ │ │     ├── copy-descriptor@0.1.1 
[INFO] │ │ │ │ │ │ │     ├── define-property@0.2.5 
[INFO] │ │ │ │ │ │ │     └── kind-of@3.2.2 
[INFO] │ │ │ │ │ │ ├── component-emitter@1.3.0 
[INFO] │ │ │ │ │ │ ├─┬ define-property@1.0.0 
[INFO] │ │ │ │ │ │ │ └─┬ is-descriptor@1.0.2 
[INFO] │ │ │ │ │ │ │   ├── is-accessor-descriptor@1.0.0 
[INFO] │ │ │ │ │ │ │   └── is-data-descriptor@1.0.0 
[INFO] │ │ │ │ │ │ ├─┬ mixin-deep@1.3.2 
[INFO] │ │ │ │ │ │ │ └── is-extendable@1.0.1 
[INFO] │ │ │ │ │ │ └── pascalcase@0.1.1 
[INFO] │ │ │ │ │ ├─┬ debug@2.6.9 
[INFO] │ │ │ │ │ │ └── ms@2.0.0 
[INFO] │ │ │ │ │ ├─┬ define-property@0.2.5 
[INFO] │ │ │ │ │ │ └─┬ is-descriptor@0.1.6 
[INFO] │ │ │ │ │ │   ├─┬ is-accessor-descriptor@0.1.6 
[INFO] │ │ │ │ │ │   │ └── kind-of@3.2.2 
[INFO] │ │ │ │ │ │   ├─┬ is-data-descriptor@0.1.4 
[INFO] │ │ │ │ │ │   │ └── kind-of@3.2.2 
[INFO] │ │ │ │ │ │   └── kind-of@5.1.0 
[INFO] │ │ │ │ │ ├── extend-shallow@2.0.1 
[INFO] │ │ │ │ │ ├── source-map@0.5.7 
[INFO] │ │ │ │ │ ├─┬ source-map-resolve@0.5.3 
[INFO] │ │ │ │ │ │ ├── atob@2.1.2 
[INFO] │ │ │ │ │ │ ├── decode-uri-component@0.2.0 
[INFO] │ │ │ │ │ │ ├── resolve-url@0.2.1 
[INFO] │ │ │ │ │ │ ├── source-map-url@0.4.0 
[INFO] │ │ │ │ │ │ └── urix@0.1.0 
[INFO] │ │ │ │ │ └── use@3.1.1 
[INFO] │ │ │ │ └── to-regex@3.0.2 
[INFO] │ │ │ └─┬ resolve-dir@1.0.1 
[INFO] │ │ │   └─┬ global-modules@1.0.0 
[INFO] │ │ │     └─┬ global-prefix@1.0.2 
[INFO] │ │ │       └── ini@1.3.5 
[INFO] │ │ ├─┬ fined@1.2.0 
[INFO] │ │ │ ├─┬ expand-tilde@2.0.2 
[INFO] │ │ │ │ └─┬ homedir-polyfill@1.0.3 
[INFO] │ │ │ │   └── parse-passwd@1.0.0 
[INFO] │ │ │ ├─┬ object.defaults@1.1.0 
[INFO] │ │ │ │ ├── array-each@1.0.1 
[INFO] │ │ │ │ └── array-slice@1.1.0 
[INFO] │ │ │ ├── object.pick@1.3.0 
[INFO] │ │ │ └─┬ parse-filepath@1.0.2 
[INFO] │ │ │   ├─┬ is-absolute@1.0.0 
[INFO] │ │ │   │ └─┬ is-relative@1.0.0 
[INFO] │ │ │   │   └─┬ is-unc-path@1.0.0 
[INFO] │ │ │   │     └── unc-path-regex@0.1.2 
[INFO] │ │ │   ├── map-cache@0.2.2 
[INFO] │ │ │   └─┬ path-root@0.1.1 
[INFO] │ │ │     └── path-root-regex@0.1.2 
[INFO] │ │ ├── flagged-respawn@1.0.1 
[INFO] │ │ ├─┬ is-plain-object@2.0.4 
[INFO] │ │ │ └── isobject@3.0.1 
[INFO] │ │ ├─┬ object.map@1.0.1 
[INFO] │ │ │ ├─┬ for-own@1.0.0 
[INFO] │ │ │ │ └── for-in@1.0.2 
[INFO] │ │ │ └── make-iterator@1.0.1 
[INFO] │ │ ├── rechoir@0.6.2 
[INFO] │ │ └─┬ resolve@1.17.0 
[INFO] │ │   └── path-parse@1.0.6 
[INFO] │ ├── minimist@1.2.5 
[INFO] │ ├─┬ orchestrator@0.3.8 
[INFO] │ │ ├─┬ end-of-stream@0.1.5 
[INFO] │ │ │ └─┬ once@1.3.3 
[INFO] │ │ │   └── wrappy@1.0.2 
[INFO] │ │ ├── sequencify@0.0.7 
[INFO] │ │ └── stream-consume@0.1.1 
[INFO] │ ├── pretty-hrtime@0.2.2 
[INFO] │ ├── semver@4.3.6 
[INFO] │ ├─┬ tildify@1.2.0 
[INFO] │ │ └── os-homedir@1.0.2 
[INFO] │ ├─┬ v8flags@2.1.1 
[INFO] │ │ └── user-home@1.1.1 
[INFO] │ └─┬ vinyl-fs@0.3.14 
[INFO] │   ├── defaults@1.0.3 
[INFO] │   ├─┬ glob-stream@3.1.18 
[INFO] │   │ ├── glob@4.5.3 
[INFO] │   │ ├─┬ glob2base@0.0.12 
[INFO] │   │ │ └── find-index@0.1.1 
[INFO] │   │ ├── minimatch@2.0.10 
[INFO] │   │ ├── ordered-read-streams@0.1.0 
[INFO] │   │ ├─┬ through2@0.6.5 
[INFO] │   │ │ └── readable-stream@1.0.34 
[INFO] │   │ └── unique-stream@1.0.0 
[INFO] │   ├─┬ glob-watcher@0.0.6 
[INFO] │   │ └─┬ gaze@0.5.2 
[INFO] │   │   └─┬ globule@0.1.0 
[INFO] │   │     ├─┬ glob@3.1.21 
[INFO] │   │     │ ├── graceful-fs@1.2.3 
[INFO] │   │     │ └── inherits@1.0.2 
[INFO] │   │     ├── lodash@1.0.2 
[INFO] │   │     └── minimatch@0.2.14 
[INFO] │   ├─┬ graceful-fs@3.0.12 
[INFO] │   │ └── natives@1.1.6 
[INFO] │   ├── mkdirp@0.5.5 
[INFO] │   ├─┬ strip-bom@1.0.0 
[INFO] │   │ ├── first-chunk-stream@1.0.0 
[INFO] │   │ └── is-utf8@0.2.1 
[INFO] │   ├─┬ through2@0.6.5 
[INFO] │   │ └── readable-stream@1.0.34 
[INFO] │   └─┬ vinyl@0.4.6 
[INFO] │     └── clone@0.2.0 
[INFO] ├─┬ gulp-angular-templatecache@1.6.0 
[INFO] │ ├─┬ event-stream@3.3.5 
[INFO] │ │ ├── duplexer@0.1.1 
[INFO] │ │ ├── from@0.1.7 
[INFO] │ │ ├── map-stream@0.0.7 
[INFO] │ │ ├── pause-stream@0.0.11 
[INFO] │ │ ├── split@1.0.1 
[INFO] │ │ ├── stream-combiner@0.2.2 
[INFO] │ │ └── through@2.3.8 
[INFO] │ ├─┬ gulp-concat@2.6.1 
[INFO] │ │ ├─┬ concat-with-sourcemaps@1.1.0 
[INFO] │ │ │ └── source-map@0.6.1 
[INFO] │ │ └─┬ vinyl@2.2.0 
[INFO] │ │   ├── clone@2.1.2 
[INFO] │ │   ├── clone-buffer@1.0.0 
[INFO] │ │   ├── clone-stats@1.0.0 
[INFO] │ │   ├─┬ cloneable-readable@1.1.3 
[INFO] │ │   │ └─┬ readable-stream@2.3.7 
[INFO] │ │   │   ├── isarray@1.0.0 
[INFO] │ │   │   └── string_decoder@1.1.1 
[INFO] │ │   ├── remove-trailing-separator@1.1.0 
[INFO] │ │   └── replace-ext@1.0.1 
[INFO] │ ├── gulp-footer@1.1.2 
[INFO] │ ├─┬ gulp-header@1.8.12 
[INFO] │ │ └─┬ lodash.template@4.5.0 
[INFO] │ │   └── lodash.templatesettings@4.2.0 
[INFO] │ ├── js-string-escape@1.0.1 
[INFO] │ └─┬ path@0.12.7 
[INFO] │   ├── process@0.11.10 
[INFO] │   └─┬ util@0.10.4 
[INFO] │     └── inherits@2.0.3 
[INFO] ├─┬ gulp-connect@2.2.0 
[INFO] │ ├─┬ connect@2.17.3 
[INFO] │ │ ├── basic-auth-connect@1.0.0 
[INFO] │ │ ├─┬ body-parser@1.2.2 
[INFO] │ │ │ ├── qs@0.6.6 
[INFO] │ │ │ └── raw-body@1.1.6 
[INFO] │ │ ├── bytes@1.0.0 
[INFO] │ │ ├─┬ compression@1.0.2 
[INFO] │ │ │ ├── bytes@0.3.0 
[INFO] │ │ │ ├── compressible@1.0.1 
[INFO] │ │ │ └── negotiator@0.4.3 
[INFO] │ │ ├─┬ connect-timeout@1.1.0 
[INFO] │ │ │ └── debug@0.8.1 
[INFO] │ │ ├── cookie@0.1.2 
[INFO] │ │ ├── cookie-parser@1.1.0 
[INFO] │ │ ├── cookie-signature@1.0.3 
[INFO] │ │ ├─┬ csurf@1.2.0 
[INFO] │ │ │ ├── scmp@0.0.3 
[INFO] │ │ │ └── uid2@0.0.3 
[INFO] │ │ ├── debug@0.8.1 
[INFO] │ │ ├── errorhandler@1.0.1 
[INFO] │ │ ├─┬ express-session@1.2.1 
[INFO] │ │ │ ├── buffer-crc32@0.2.1 
[INFO] │ │ │ ├── debug@0.8.1 
[INFO] │ │ │ └── utils-merge@1.0.0 
[INFO] │ │ ├── fresh@0.2.2 
[INFO] │ │ ├─┬ method-override@1.0.2 
[INFO] │ │ │ └── methods@1.0.0 
[INFO] │ │ ├── morgan@1.1.1 
[INFO] │ │ ├─┬ multiparty@2.2.0 
[INFO] │ │ │ └── stream-counter@0.2.0 
[INFO] │ │ ├── on-headers@0.0.0 
[INFO] │ │ ├── parseurl@1.0.1 
[INFO] │ │ ├── pause@0.0.1 
[INFO] │ │ ├── qs@0.6.6 
[INFO] │ │ ├── response-time@1.0.0 
[INFO] │ │ ├── serve-favicon@2.0.0 
[INFO] │ │ ├─┬ serve-index@1.0.3 
[INFO] │ │ │ └── batch@0.5.0 
[INFO] │ │ ├─┬ serve-static@1.1.0 
[INFO] │ │ │ └─┬ send@0.3.0 
[INFO] │ │ │   ├── debug@0.8.0 
[INFO] │ │ │   └── range-parser@1.0.3 
[INFO] │ │ ├─┬ type-is@1.2.0 
[INFO] │ │ │ └── mime@1.2.11 
[INFO] │ │ └── vhost@1.0.0 
[INFO] │ ├── connect-livereload@0.3.2 
[INFO] │ ├─┬ event-stream@3.1.7 
[INFO] │ │ ├── map-stream@0.1.0 
[INFO] │ │ ├── split@0.2.10 
[INFO] │ │ └── stream-combiner@0.0.4 
[INFO] │ ├─┬ gulp-util@2.2.20 
[INFO] │ │ ├── dateformat@1.0.12 
[INFO] │ │ ├── lodash._reinterpolate@2.4.1 
[INFO] │ │ ├─┬ lodash.template@2.4.1 
[INFO] │ │ │ ├── lodash._escapestringchar@2.4.1 
[INFO] │ │ │ ├─┬ lodash.defaults@2.4.1 
[INFO] │ │ │ │ ├── lodash._objecttypes@2.4.1 
[INFO] │ │ │ │ └── lodash.keys@2.4.1 
[INFO] │ │ │ ├─┬ lodash.escape@2.4.1 
[INFO] │ │ │ │ ├─┬ lodash._escapehtmlchar@2.4.1 
[INFO] │ │ │ │ │ └── lodash._htmlescapes@2.4.1 
[INFO] │ │ │ │ └─┬ lodash._reunescapedhtml@2.4.1 
[INFO] │ │ │ │   └── lodash.keys@2.4.1 
[INFO] │ │ │ ├─┬ lodash.keys@2.4.1 
[INFO] │ │ │ │ ├── lodash._isnative@2.4.1 
[INFO] │ │ │ │ ├── lodash._shimkeys@2.4.1 
[INFO] │ │ │ │ └── lodash.isobject@2.4.1 
[INFO] │ │ │ ├── lodash.templatesettings@2.4.1 
[INFO] │ │ │ └─┬ lodash.values@2.4.1 
[INFO] │ │ │   └── lodash.keys@2.4.1 
[INFO] │ │ ├── minimist@0.2.1 
[INFO] │ │ ├─┬ through2@0.5.1 
[INFO] │ │ │ ├── readable-stream@1.0.34 
[INFO] │ │ │ └── xtend@3.0.0 
[INFO] │ │ └── vinyl@0.2.3 
[INFO] │ └─┬ tiny-lr@0.0.7 
[INFO] │   ├── debug@0.8.1 
[INFO] │   ├── faye-websocket@0.4.4 
[INFO] │   ├─┬ noptify@0.0.3 
[INFO] │   │ └─┬ nopt@2.0.0 
[INFO] │   │   └── abbrev@1.1.1 
[INFO] │   └── qs@0.5.6 
[INFO] ├─┬ gulp-filter@2.0.2 
[INFO] │ ├─┬ merge-stream@0.1.8 
[INFO] │ │ └─┬ through2@0.6.5 
[INFO] │ │   └── readable-stream@1.0.34 
[INFO] │ ├─┬ multimatch@2.1.0 
[INFO] │ │ ├── array-union@1.0.2 
[INFO] │ │ ├── arrify@1.0.1 
[INFO] │ │ └── minimatch@3.0.4 
[INFO] │ ├─┬ plexer@0.0.3 
[INFO] │ │ └── readable-stream@1.1.14 
[INFO] │ └─┬ through2@0.6.5 
[INFO] │   ├─┬ readable-stream@1.0.34 
[INFO] │   │ ├── core-util-is@1.0.2 
[INFO] │   │ ├── inherits@2.0.4 
[INFO] │   │ ├── isarray@0.0.1 
[INFO] │   │ └── string_decoder@0.10.31 
[INFO] │   └── xtend@4.0.2 
[INFO] ├─┬ gulp-minify-css@1.1.5 
[INFO] │ ├─┬ clean-css@3.4.28 
[INFO] │ │ ├─┬ commander@2.8.1 
[INFO] │ │ │ └── graceful-readlink@1.0.1 
[INFO] │ │ └─┬ source-map@0.4.4 
[INFO] │ │   └── amdefine@1.0.1 
[INFO] │ ├── object-assign@2.1.1 
[INFO] │ ├─┬ through2@0.6.5 
[INFO] │ │ └── readable-stream@1.0.34 
[INFO] │ ├─┬ vinyl-bufferstream@1.0.1 
[INFO] │ │ └── bufferstreams@1.0.1 
[INFO] │ └─┬ vinyl-sourcemaps-apply@0.1.4 
[INFO] │   └── source-map@0.1.43 
[INFO] ├─┬ gulp-rev@4.0.0 
[INFO] │ ├── object-assign@2.1.1 
[INFO] │ ├── rev-hash@1.0.0 
[INFO] │ ├─┬ rev-path@1.0.0 
[INFO] │ │ └── modify-filename@1.1.0 
[INFO] │ ├─┬ through2@0.6.5 
[INFO] │ │ └── readable-stream@1.0.34 
[INFO] │ └─┬ vinyl-file@1.3.0 
[INFO] │   ├── graceful-fs@4.2.4 
[INFO] │   ├── strip-bom@2.0.0 
[INFO] │   ├─┬ strip-bom-stream@1.0.0 
[INFO] │   │ └── strip-bom@2.0.0 
[INFO] │   └── vinyl@1.2.0 
[INFO] ├─┬ gulp-rev-replace@0.4.1 
[INFO] │ ├─┬ gulp-util@2.2.20 
[INFO] │ │ ├── dateformat@1.0.12 
[INFO] │ │ ├── lodash._reinterpolate@2.4.1 
[INFO] │ │ ├─┬ lodash.template@2.4.1 
[INFO] │ │ │ ├── lodash.escape@2.4.1 
[INFO] │ │ │ ├── lodash.keys@2.4.1 
[INFO] │ │ │ └── lodash.templatesettings@2.4.1 
[INFO] │ │ ├── minimist@0.2.1 
[INFO] │ │ ├─┬ through2@0.5.1 
[INFO] │ │ │ └── xtend@3.0.0 
[INFO] │ │ └── vinyl@0.2.3 
[INFO] │ └─┬ through2@0.4.2 
[INFO] │   ├── readable-stream@1.0.34 
[INFO] │   └─┬ xtend@2.1.2 
[INFO] │     └── object-keys@0.4.0 
[INFO] ├─┬ gulp-sass@2.0.2 
[INFO] │ ├─┬ node-sass@3.13.1 
[INFO] │ │ ├── async-foreach@0.1.3 
[INFO] │ │ ├─┬ chalk@1.1.3 
[INFO] │ │ │ ├── ansi-styles@2.2.1 
[INFO] │ │ │ ├─┬ has-ansi@2.0.0 
[INFO] │ │ │ │ └── ansi-regex@2.1.1 
[INFO] │ │ │ ├── strip-ansi@3.0.1 
[INFO] │ │ │ └── supports-color@2.0.0 
[INFO] │ │ ├─┬ cross-spawn@3.0.1 
[INFO] │ │ │ ├─┬ lru-cache@4.1.5 
[INFO] │ │ │ │ ├── pseudomap@1.0.2 
[INFO] │ │ │ │ └── yallist@2.1.2 
[INFO] │ │ │ └─┬ which@1.3.1 
[INFO] │ │ │   └── isexe@2.0.0 
[INFO] │ │ ├─┬ gaze@1.1.3 
[INFO] │ │ │ └─┬ globule@1.3.2 
[INFO] │ │ │   └── lodash@4.17.19 
[INFO] │ │ ├── get-stdin@4.0.1 
[INFO] │ │ ├─┬ glob@7.1.6 
[INFO] │ │ │ ├── fs.realpath@1.0.0 
[INFO] │ │ │ ├── inflight@1.0.6 
[INFO] │ │ │ ├── minimatch@3.0.4 
[INFO] │ │ │ └── path-is-absolute@1.0.1 
[INFO] │ │ ├── in-publish@2.0.1 
[INFO] │ │ ├── lodash.assign@4.2.0 
[INFO] │ │ ├── lodash.clonedeep@4.5.0 
[INFO] │ │ ├─┬ meow@3.7.0 
[INFO] │ │ │ ├─┬ camelcase-keys@2.1.0 
[INFO] │ │ │ │ └── camelcase@2.1.1 
[INFO] │ │ │ ├── decamelize@1.2.0 
[INFO] │ │ │ ├─┬ loud-rejection@1.6.0 
[INFO] │ │ │ │ ├─┬ currently-unhandled@0.4.1 
[INFO] │ │ │ │ │ └── array-find-index@1.0.2 
[INFO] │ │ │ │ └── signal-exit@3.0.3 
[INFO] │ │ │ ├── map-obj@1.0.1 
[INFO] │ │ │ ├─┬ normalize-package-data@2.5.0 
[INFO] │ │ │ │ ├── hosted-git-info@2.8.8 
[INFO] │ │ │ │ └─┬ validate-npm-package-license@3.0.4 
[INFO] │ │ │ │   ├─┬ spdx-correct@3.1.1 
[INFO] │ │ │ │   │ └── spdx-license-ids@3.0.5 
[INFO] │ │ │ │   └─┬ spdx-expression-parse@3.0.1 
[INFO] │ │ │ │     └── spdx-exceptions@2.3.0 
[INFO] │ │ │ ├── object-assign@4.1.1 
[INFO] │ │ │ ├─┬ read-pkg-up@1.0.1 
[INFO] │ │ │ │ ├─┬ find-up@1.1.2 
[INFO] │ │ │ │ │ ├── path-exists@2.1.0 
[INFO] │ │ │ │ │ └─┬ pinkie-promise@2.0.1 
[INFO] │ │ │ │ │   └── pinkie@2.0.4 
[INFO] │ │ │ │ └─┬ read-pkg@1.1.0 
[INFO] │ │ │ │   ├─┬ load-json-file@1.1.0 
[INFO] │ │ │ │   │ ├── graceful-fs@4.2.4 
[INFO] │ │ │ │   │ ├─┬ parse-json@2.2.0 
[INFO] │ │ │ │   │ │ └─┬ error-ex@1.3.2 
[INFO] │ │ │ │   │ │   └── is-arrayish@0.2.1 
[INFO] │ │ │ │   │ ├── pify@2.3.0 
[INFO] │ │ │ │   │ └── strip-bom@2.0.0 
[INFO] │ │ │ │   └─┬ path-type@1.1.0 
[INFO] │ │ │ │     └── graceful-fs@4.2.4 
[INFO] │ │ │ ├─┬ redent@1.0.0 
[INFO] │ │ │ │ ├─┬ indent-string@2.1.0 
[INFO] │ │ │ │ │ └─┬ repeating@2.0.1 
[INFO] │ │ │ │ │   └── is-finite@1.1.0 
[INFO] │ │ │ │ └── strip-indent@1.0.1 
[INFO] │ │ │ └── trim-newlines@1.0.0 
[INFO] │ │ ├── nan@2.14.1 
[INFO] │ │ ├─┬ node-gyp@3.8.0 
[INFO] │ │ │ ├─┬ fstream@1.0.12 
[INFO] │ │ │ │ └── graceful-fs@4.2.4 
[INFO] │ │ │ ├─┬ glob@7.1.6 
[INFO] │ │ │ │ └── minimatch@3.0.4 
[INFO] │ │ │ ├── graceful-fs@4.2.4 
[INFO] │ │ │ ├─┬ osenv@0.1.5 
[INFO] │ │ │ │ └── os-tmpdir@1.0.2 
[INFO] │ │ │ ├─┬ rimraf@2.7.1 
[INFO] │ │ │ │ └─┬ glob@7.1.6 
[INFO] │ │ │ │   └── minimatch@3.0.4 
[INFO] │ │ │ ├── semver@5.3.0 
[INFO] │ │ │ └─┬ tar@2.2.2 
[INFO] │ │ │   └── block-stream@0.0.9 
[INFO] │ │ ├─┬ npmlog@4.1.2 
[INFO] │ │ │ ├─┬ are-we-there-yet@1.1.5 
[INFO] │ │ │ │ ├── delegates@1.0.0 
[INFO] │ │ │ │ └─┬ readable-stream@2.3.7 
[INFO] │ │ │ │   ├── isarray@1.0.0 
[INFO] │ │ │ │   └── string_decoder@1.1.1 
[INFO] │ │ │ ├── console-control-strings@1.1.0 
[INFO] │ │ │ ├─┬ gauge@2.7.4 
[INFO] │ │ │ │ ├── aproba@1.2.0 
[INFO] │ │ │ │ ├── has-unicode@2.0.1 
[INFO] │ │ │ │ ├── object-assign@4.1.1 
[INFO] │ │ │ │ ├─┬ string-width@1.0.2 
[INFO] │ │ │ │ │ ├── code-point-at@1.1.0 
[INFO] │ │ │ │ │ ├─┬ is-fullwidth-code-point@1.0.0 
[INFO] │ │ │ │ │ │ └── number-is-nan@1.0.1 
[INFO] │ │ │ │ │ └─┬ strip-ansi@3.0.1 
[INFO] │ │ │ │ │   └── ansi-regex@2.1.1 
[INFO] │ │ │ │ ├─┬ strip-ansi@3.0.1 
[INFO] │ │ │ │ │ └── ansi-regex@2.1.1 
[INFO] │ │ │ │ └── wide-align@1.1.3 
[INFO] │ │ │ └── set-blocking@2.0.0 
[INFO] │ │ ├─┬ request@2.88.2 
[INFO] │ │ │ ├── aws-sign2@0.7.0 
[INFO] │ │ │ ├── aws4@1.10.0 
[INFO] │ │ │ ├── caseless@0.12.0 
[INFO] │ │ │ ├─┬ combined-stream@1.0.8 
[INFO] │ │ │ │ └── delayed-stream@1.0.0 
[INFO] │ │ │ ├── forever-agent@0.6.1 
[INFO] │ │ │ ├─┬ form-data@2.3.3 
[INFO] │ │ │ │ └── asynckit@0.4.0 
[INFO] │ │ │ ├─┬ har-validator@5.1.5 
[INFO] │ │ │ │ ├─┬ ajv@6.12.3 
[INFO] │ │ │ │ │ ├── fast-deep-equal@3.1.3 
[INFO] │ │ │ │ │ ├── fast-json-stable-stringify@2.1.0 
[INFO] │ │ │ │ │ ├── json-schema-traverse@0.4.1 
[INFO] │ │ │ │ │ └── uri-js@4.2.2 
[INFO] │ │ │ │ └── har-schema@2.0.0 
[INFO] │ │ │ ├─┬ http-signature@1.2.0 
[INFO] │ │ │ │ ├── assert-plus@1.0.0 
[INFO] │ │ │ │ ├─┬ jsprim@1.4.1 
[INFO] │ │ │ │ │ ├── extsprintf@1.3.0 
[INFO] │ │ │ │ │ ├── json-schema@0.2.3 
[INFO] │ │ │ │ │ └── verror@1.10.0 
[INFO] │ │ │ │ └─┬ sshpk@1.16.1 
[INFO] │ │ │ │   ├── asn1@0.2.4 
[INFO] │ │ │ │   ├── bcrypt-pbkdf@1.0.2 
[INFO] │ │ │ │   ├── dashdash@1.14.1 
[INFO] │ │ │ │   ├── ecc-jsbn@0.1.2 
[INFO] │ │ │ │   ├── getpass@0.1.7 
[INFO] │ │ │ │   ├── jsbn@0.1.1 
[INFO] │ │ │ │   ├── safer-buffer@2.1.2 
[INFO] │ │ │ │   └── tweetnacl@0.14.5 
[INFO] │ │ │ ├── is-typedarray@1.0.0 
[INFO] │ │ │ ├── isstream@0.1.2 
[INFO] │ │ │ ├── json-stringify-safe@5.0.1 
[INFO] │ │ │ ├─┬ mime-types@2.1.27 
[INFO] │ │ │ │ └── mime-db@1.44.0 
[INFO] │ │ │ ├── oauth-sign@0.9.0 
[INFO] │ │ │ ├── performance-now@2.1.0 
[INFO] │ │ │ ├── qs@6.5.2 
[INFO] │ │ │ ├── safe-buffer@5.1.2 
[INFO] │ │ │ ├─┬ tough-cookie@2.5.0 
[INFO] │ │ │ │ ├── psl@1.8.0 
[INFO] │ │ │ │ └── punycode@2.1.1 
[INFO] │ │ │ ├── tunnel-agent@0.6.0 
[INFO] │ │ │ └── uuid@3.4.0 
[INFO] │ │ └─┬ sass-graph@2.2.6 
[INFO] │ │   ├─┬ glob@7.1.6 
[INFO] │ │   │ └── minimatch@3.0.4 
[INFO] │ │   ├── lodash@4.17.19 
[INFO] │ │   ├─┬ scss-tokenizer@0.2.3 
[INFO] │ │   │ ├── js-base64@2.6.3 
[INFO] │ │   │ └── source-map@0.4.4 
[INFO] │ │   └─┬ yargs@7.1.1 
[INFO] │ │     ├── camelcase@3.0.0 
[INFO] │ │     ├─┬ cliui@3.2.0 
[INFO] │ │     │ ├─┬ strip-ansi@3.0.1 
[INFO] │ │     │ │ └── ansi-regex@2.1.1 
[INFO] │ │     │ └─┬ wrap-ansi@2.1.0 
[INFO] │ │     │   └─┬ strip-ansi@3.0.1 
[INFO] │ │     │     └── ansi-regex@2.1.1 
[INFO] │ │     ├── get-caller-file@1.0.3 
[INFO] │ │     ├─┬ os-locale@1.4.0 
[INFO] │ │     │ └─┬ lcid@1.0.0 
[INFO] │ │     │   └── invert-kv@1.0.0 
[INFO] │ │     ├── require-directory@2.1.1 
[INFO] │ │     ├── require-main-filename@1.0.1 
[INFO] │ │     ├── which-module@1.0.0 
[INFO] │ │     ├── y18n@3.2.1 
[INFO] │ │     └─┬ yargs-parser@5.0.0-security.0 
[INFO] │ │       ├── camelcase@3.0.0 
[INFO] │ │       └─┬ object.assign@4.1.0 
[INFO] │ │         ├─┬ define-properties@1.1.3 
[INFO] │ │         │ └── object-keys@1.1.1 
[INFO] │ │         ├── function-bind@1.1.1 
[INFO] │ │         ├── has-symbols@1.0.1 
[INFO] │ │         └── object-keys@1.1.1 
[INFO] │ ├── object-assign@2.1.1 
[INFO] │ └─┬ through2@0.6.5 
[INFO] │   └── readable-stream@1.0.34 
[INFO] ├─┬ gulp-uglify@1.2.0 
[INFO] │ ├── deap@1.0.1 
[INFO] │ ├─┬ through2@0.6.5 
[INFO] │ │ └── readable-stream@1.0.34 
[INFO] │ └─┬ uglify-js@2.4.19 
[INFO] │   ├── async@0.2.10 
[INFO] │   ├── source-map@0.1.34 
[INFO] │   ├── uglify-to-browserify@1.0.2 
[INFO] │   └─┬ yargs@3.5.4 
[INFO] │     ├── camelcase@1.2.1 
[INFO] │     ├── window-size@0.1.0 
[INFO] │     └── wordwrap@0.0.2 
[INFO] └─┬ gulp-useref@1.1.2 
[INFO]   ├─┬ brace-expansion@1.1.11 
[INFO]   │ ├── balanced-match@1.0.0 
[INFO]   │ └── concat-map@0.0.1 
[INFO]   ├─┬ gulp-if@1.2.5 
[INFO]   │ ├─┬ gulp-match@0.2.1 
[INFO]   │ │ └─┬ minimatch@1.0.0 
[INFO]   │ │   ├── lru-cache@2.7.3 
[INFO]   │ │   └── sigmund@1.0.1 
[INFO]   │ ├─┬ ternary-stream@1.2.3 
[INFO]   │ │ ├── fork-stream@0.0.4 
[INFO]   │ │ └─┬ through2@0.6.5 
[INFO]   │ │   └── readable-stream@1.0.34 
[INFO]   │ └─┬ through2@0.6.5 
[INFO]   │   └── readable-stream@1.0.34 
[INFO]   ├─┬ is-relative-url@1.0.0 
[INFO]   │ └── is-absolute-url@1.0.0 
[INFO]   ├── lodash@3.10.1 
[INFO]   ├── node-useref@0.3.15 
[INFO]   ├─┬ through2@0.6.5 
[INFO]   │ └── readable-stream@1.0.34 
[INFO]   └─┬ vinyl-fs@1.0.0 
[INFO]     ├─┬ duplexify@3.7.1 
[INFO]     │ ├─┬ end-of-stream@1.4.4 
[INFO]     │ │ └── once@1.4.0 
[INFO]     │ ├─┬ readable-stream@2.3.7 
[INFO]     │ │ ├── isarray@1.0.0 
[INFO]     │ │ └── string_decoder@1.1.1 
[INFO]     │ └── stream-shift@1.0.1 
[INFO]     ├─┬ glob-stream@4.1.1 
[INFO]     │ └─┬ unique-stream@2.3.1 
[INFO]     │   ├── json-stable-stringify-without-jsonify@1.0.1 
[INFO]     │   └── through2-filter@3.0.0 
[INFO]     ├── glob-watcher@0.0.8 
[INFO]     ├── object-assign@2.1.1 
[INFO]     └─┬ vinyl@0.4.6 
[INFO]       └── clone@0.2.0 
[INFO] 
[INFO] 
[INFO] --- frontend-maven-plugin:1.6:bower (bower install) @ commafeed ---
[INFO] testFailureIgnore property is ignored in non test phases
[INFO] Running 'bower install' in /tmp/tmpplkyhpre/commafeed
[INFO] bower readabilicons#34c55561c5b8ec6e90714b50237c06b13cb9d59c       not-cached https://github.com/arc90/readability-readabilicons.git#34c55561c5b8ec6e90714b50237c06b13cb9d59c
[INFO] bower readabilicons#34c55561c5b8ec6e90714b50237c06b13cb9d59c          resolve https://github.com/arc90/readability-readabilicons.git#34c55561c5b8ec6e90714b50237c06b13cb9d59c
[INFO] bower readabilicons#34c55561c5b8ec6e90714b50237c06b13cb9d59c         download https://github.com/arc90/readability-readabilicons/archive/34c55561c5b8ec6e90714b50237c06b13cb9d59c.tar.gz
[INFO] bower angular-sanitize#1.3.14                                      not-cached https://github.com/angular/bower-angular-sanitize.git#1.3.14
[INFO] bower angular-sanitize#1.3.14                                         resolve https://github.com/angular/bower-angular-sanitize.git#1.3.14
[INFO] bower angular-translate-loader-static-files#2.6.1                  not-cached https://github.com/PascalPrecht/bower-angular-translate-loader-static-files.git#2.6.1
[INFO] bower angular-translate-loader-static-files#2.6.1                     resolve https://github.com/PascalPrecht/bower-angular-translate-loader-static-files.git#2.6.1
[INFO] bower jquery#2.1.3                                                 not-cached https://github.com/jquery/jquery-dist.git#2.1.3
[INFO] bower jquery#2.1.3                                                    resolve https://github.com/jquery/jquery-dist.git#2.1.3
[INFO] bower angular-ui-router#0.2.13                                     not-cached https://github.com/angular-ui/angular-ui-router-bower.git#0.2.13
[INFO] bower angular-ui-router#0.2.13                                        resolve https://github.com/angular-ui/angular-ui-router-bower.git#0.2.13
[INFO] bower jquery-mousewheel#3.1.12                                     not-cached https://github.com/jquery/jquery-mousewheel.git#3.1.12
[INFO] bower jquery-mousewheel#3.1.12                                        resolve https://github.com/jquery/jquery-mousewheel.git#3.1.12
[INFO] bower angular#1.3.14                                               not-cached https://github.com/angular/bower-angular.git#1.3.14
[INFO] bower angular#1.3.14                                                  resolve https://github.com/angular/bower-angular.git#1.3.14
[INFO] bower angular-translate#2.6.1                                      not-cached https://github.com/PascalPrecht/bower-angular-translate.git#2.6.1
[INFO] bower angular-translate#2.6.1                                         resolve https://github.com/PascalPrecht/bower-angular-translate.git#2.6.1
[INFO] bower font-awesome#3.2.1                                           not-cached https://github.com/FortAwesome/Font-Awesome.git#3.2.1
[INFO] bower font-awesome#3.2.1                                              resolve https://github.com/FortAwesome/Font-Awesome.git#3.2.1
[INFO] bower angular-route#1.3.14                                         not-cached https://github.com/angular/bower-angular-route.git#1.3.14
[INFO] bower angular-route#1.3.14                                            resolve https://github.com/angular/bower-angular-route.git#1.3.14
[INFO] bower angular-resource#1.3.14                                      not-cached https://github.com/angular/bower-angular-resource.git#1.3.14
[INFO] bower angular-resource#1.3.14                                         resolve https://github.com/angular/bower-angular-resource.git#1.3.14
[INFO] bower angular-loading-bar#0.6.0                                    not-cached https://github.com/chieffancypants/angular-loading-bar.git#0.6.0
[INFO] bower angular-loading-bar#0.6.0                                       resolve https://github.com/chieffancypants/angular-loading-bar.git#0.6.0
[INFO] bower ng-grid#2.0.6                                                not-cached https://github.com/angular-ui/ng-grid.git#2.0.6
[INFO] bower ng-grid#2.0.6                                                   resolve https://github.com/angular-ui/ng-grid.git#2.0.6
[INFO] bower ngInfiniteScroll#1.0.0                                       not-cached https://github.com/ng-infinite-scroll/ng-infinite-scroll-bower.git#1.0.0
[INFO] bower ngInfiniteScroll#1.0.0                                          resolve https://github.com/ng-infinite-scroll/ng-infinite-scroll-bower.git#1.0.0
[INFO] bower lodash#3.4.0                                                 not-cached https://github.com/lodash/lodash.git#3.4.0
[INFO] bower lodash#3.4.0                                                    resolve https://github.com/lodash/lodash.git#3.4.0
[INFO] bower momentjs#2.9.0                                               not-cached https://github.com/moment/moment.git#2.9.0
[INFO] bower momentjs#2.9.0                                                  resolve https://github.com/moment/moment.git#2.9.0
[INFO] bower swagger-ui#2.1.0                                             not-cached https://github.com/wordnik/swagger-ui.git#2.1.0
[INFO] bower swagger-ui#2.1.0                                                resolve https://github.com/wordnik/swagger-ui.git#2.1.0
[INFO] bower angular-bootstrap#0.2.0                                      not-cached https://github.com/angular-ui/bootstrap-bower.git#0.2.0
[INFO] bower angular-bootstrap#0.2.0                                         resolve https://github.com/angular-ui/bootstrap-bower.git#0.2.0
[INFO] bower angular-ui-utils#0.1.0                                       not-cached https://github.com/angular-ui/ui-utils.git#0.1.0
[INFO] bower angular-ui-utils#0.1.0                                          resolve https://github.com/angular-ui/ui-utils.git#0.1.0
[INFO] bower bootstrap#3.3.2                                              not-cached https://github.com/twbs/bootstrap.git#3.3.2
[INFO] bower bootstrap#3.3.2                                                 resolve https://github.com/twbs/bootstrap.git#3.3.2
[INFO] bower angular-touch#1.3.14                                         not-cached https://github.com/angular/bower-angular-touch.git#1.3.14
[INFO] bower angular-touch#1.3.14                                            resolve https://github.com/angular/bower-angular-touch.git#1.3.14
[INFO] bower jquery-ui#1.10.3                                             not-cached https://github.com/components/jqueryui.git#1.10.3
[INFO] bower jquery-ui#1.10.3                                                resolve https://github.com/components/jqueryui.git#1.10.3
[INFO] bower angular-ui-select2#0.0.5                                     not-cached https://github.com/angular-ui/ui-select2.git#0.0.5
[INFO] bower angular-ui-select2#0.0.5                                        resolve https://github.com/angular-ui/ui-select2.git#0.0.5
[INFO] bower angular-animate#1.3.14                                       not-cached https://github.com/angular/bower-angular-animate.git#1.3.14
[INFO] bower angular-animate#1.3.14                                          resolve https://github.com/angular/bower-angular-animate.git#1.3.14
[INFO] bower angular-ui-router#0.2.13                                       download https://github.com/angular-ui/angular-ui-router-bower/archive/0.2.13.tar.gz
[INFO] bower angular-translate-loader-static-files#2.6.1                    download https://github.com/PascalPrecht/bower-angular-translate-loader-static-files/archive/2.6.1.tar.gz
[INFO] bower jquery-mousewheel#3.1.12                                       download https://github.com/jquery/jquery-mousewheel/archive/3.1.12.tar.gz
[INFO] bower jquery#2.1.3                                                   download https://github.com/jquery/jquery-dist/archive/2.1.3.tar.gz
[INFO] bower mousetrap#1.4.6                                              not-cached https://github.com/ccampbell/mousetrap.git#1.4.6
[INFO] bower mousetrap#1.4.6                                                 resolve https://github.com/ccampbell/mousetrap.git#1.4.6
[INFO] bower zocial-less#1.0.0                                            not-cached https://github.com/gustavohenke/zocial-less.git#1.0.0
[INFO] bower zocial-less#1.0.0                                               resolve https://github.com/gustavohenke/zocial-less.git#1.0.0
[INFO] bower devicejs#0.2.4                                               not-cached https://github.com/matthewhudson/device.js.git#0.2.4
[INFO] bower devicejs#0.2.4                                                  resolve https://github.com/matthewhudson/device.js.git#0.2.4
[INFO] bower tinycon#0.6.5                                                not-cached https://github.com/tommoor/tinycon.git#0.6.5
[INFO] bower tinycon#0.6.5                                                   resolve https://github.com/tommoor/tinycon.git#0.6.5
[INFO] bower angular-sanitize#1.3.14                                        download https://github.com/angular/bower-angular-sanitize/archive/v1.3.14.tar.gz
[INFO] bower angular-translate#2.6.1                                        download https://github.com/PascalPrecht/bower-angular-translate/archive/2.6.1.tar.gz
[INFO] bower font-awesome#3.2.1                                             download https://github.com/FortAwesome/Font-Awesome/archive/v3.2.1.tar.gz
[INFO] bower angular-translate-loader-static-files#2.6.1                     extract archive.tar.gz
[INFO] bower angular-resource#1.3.14                                        download https://github.com/angular/bower-angular-resource/archive/v1.3.14.tar.gz
[INFO] bower angular-loading-bar#0.6.0                                      download https://github.com/chieffancypants/angular-loading-bar/archive/0.6.0.tar.gz
[INFO] bower angular-translate-loader-static-files#2.6.1                    resolved https://github.com/PascalPrecht/bower-angular-translate-loader-static-files.git#2.6.1
[INFO] bower jquery-mousewheel#3.1.12                                        extract archive.tar.gz
[INFO] bower jquery-mousewheel#3.1.12                                       resolved https://github.com/jquery/jquery-mousewheel.git#3.1.12
[INFO] bower ngInfiniteScroll#1.0.0                                         download https://github.com/ng-infinite-scroll/ng-infinite-scroll-bower/archive/1.0.0.tar.gz
[INFO] bower ng-grid#2.0.6                                                  download https://github.com/angular-ui/ng-grid/archive/v2.0.6.tar.gz
[INFO] bower angular-route#1.3.14                                           download https://github.com/angular/bower-angular-route/archive/v1.3.14.tar.gz
[INFO] bower angular#1.3.14                                                 download https://github.com/angular/bower-angular/archive/v1.3.14.tar.gz
[INFO] bower angular-bootstrap#0.2.0                                        download https://github.com/angular-ui/bootstrap-bower/archive/0.2.0.tar.gz
[INFO] bower lodash#3.4.0                                                   download https://github.com/lodash/lodash/archive/3.4.0.tar.gz
[INFO] bower angular-sanitize#1.3.14                                         extract archive.tar.gz
[INFO] bower angular-ui-router#0.2.13                                        extract archive.tar.gz
[INFO] bower angular-translate#2.6.1                                         extract archive.tar.gz
[INFO] bower jquery#2.1.3                                                    extract archive.tar.gz
[INFO] bower angular-translate#2.6.1                                        resolved https://github.com/PascalPrecht/bower-angular-translate.git#2.6.1
[INFO] bower angular-sanitize#1.3.14                                        resolved https://github.com/angular/bower-angular-sanitize.git#1.3.14
[INFO] bower angular-ui-router#0.2.13                                       resolved https://github.com/angular-ui/angular-ui-router-bower.git#0.2.13
[INFO] bower momentjs#2.9.0                                                 download https://github.com/moment/moment/archive/2.9.0.tar.gz
[INFO] bower jquery#2.1.3                                                   resolved https://github.com/jquery/jquery-dist.git#2.1.3
[INFO] bower angular-loading-bar#0.6.0                                       extract archive.tar.gz
[INFO] bower angular-loading-bar#0.6.0                                      resolved https://github.com/chieffancypants/angular-loading-bar.git#0.6.0
[INFO] bower readabilicons#34c55561c5b8ec6e90714b50237c06b13cb9d59c          extract archive.tar.gz
[INFO] bower swagger-ui#2.1.0                                               download https://github.com/wordnik/swagger-ui/archive/v2.1.0.tar.gz
[INFO] bower angular-touch#1.3.14                                           download https://github.com/angular/bower-angular-touch/archive/v1.3.14.tar.gz
[INFO] bower jquery-ui#1.10.3                                               download https://github.com/components/jqueryui/archive/1.10.3.tar.gz
[INFO] bower angular-ui-utils#0.1.0                                         download https://github.com/angular-ui/ui-utils/archive/v0.1.0.tar.gz
[INFO] bower angular-resource#1.3.14                                         extract archive.tar.gz
[INFO] bower angular-resource#1.3.14                                        resolved https://github.com/angular/bower-angular-resource.git#1.3.14
[INFO] bower readabilicons#34c55561c5b8ec6e90714b50237c06b13cb9d59c         resolved https://github.com/arc90/readability-readabilicons.git#34c55561c5
[INFO] bower angular-ui-select2#0.0.5                                       download https://github.com/angular-ui/ui-select2/archive/v0.0.5.tar.gz
[INFO] bower font-awesome#3.2.1                                              extract archive.tar.gz
[INFO] bower bootstrap#3.3.2                                                download https://github.com/twbs/bootstrap/archive/v3.3.2.tar.gz
[INFO] bower font-awesome#3.2.1                                             resolved https://github.com/FortAwesome/Font-Awesome.git#3.2.1
[INFO] bower angular-bootstrap#0.2.0                                         extract archive.tar.gz
[ERROR] bower angular-bootstrap#0.2.0                                      deprecated Package angular-bootstrap is using the deprecated component.json
[INFO] bower angular-bootstrap#0.2.0                                        resolved https://github.com/angular-ui/bootstrap-bower.git#0.2.0
[INFO] bower angular-route#1.3.14                                            extract archive.tar.gz
[INFO] bower angular-route#1.3.14                                           resolved https://github.com/angular/bower-angular-route.git#1.3.14
[INFO] bower angular-animate#1.3.14                                         download https://github.com/angular/bower-angular-animate/archive/v1.3.14.tar.gz
[INFO] bower zocial-less#1.0.0                                              download https://github.com/gustavohenke/zocial-less/archive/1.0.0.tar.gz
[INFO] bower ngInfiniteScroll#1.0.0                                          extract archive.tar.gz
[INFO] bower devicejs#0.2.4                                                 download https://github.com/matthewhudson/device.js/archive/v0.2.4.tar.gz
[ERROR] bower ngInfiniteScroll#1.0.0                                     invalid-meta for:/tmp/d65116ae993baf26a383cc815566d2d6/bower/87f3d3b11d55f48c8c7322d53b728e08-2676-18B7UI/bower.json
[ERROR] bower ngInfiniteScroll#1.0.0                                     invalid-meta The "name" is recommended to be lowercase, can contain digits, dots, dashes
[INFO] bower ngInfiniteScroll#1.0.0                                         resolved https://github.com/ng-infinite-scroll/ng-infinite-scroll-bower.git#1.0.0
[INFO] bower tinycon#0.6.5                                                  download https://github.com/tommoor/tinycon/archive/0.6.5.tar.gz
[INFO] bower mousetrap#1.4.6                                                download https://github.com/ccampbell/mousetrap/archive/1.4.6.tar.gz
[INFO] bower angular-touch#1.3.14                                            extract archive.tar.gz
[INFO] bower angular-touch#1.3.14                                           resolved https://github.com/angular/bower-angular-touch.git#1.3.14
[INFO] bower angular-ui-utils#0.1.0                                          extract archive.tar.gz
[INFO] bower angular-ui-utils#0.1.0                                         resolved https://github.com/angular-ui/ui-utils.git#0.1.0
[INFO] bower momentjs#2.9.0                                                  extract archive.tar.gz
[INFO] bower momentjs#2.9.0                                                 resolved https://github.com/moment/moment.git#2.9.0
[INFO] bower angular#1.3.14                                                  extract archive.tar.gz
[INFO] bower angular#1.3.14                                                 resolved https://github.com/angular/bower-angular.git#1.3.14
[INFO] bower tinycon#0.6.5                                                   extract archive.tar.gz
[INFO] bower tinycon#0.6.5                                                  resolved https://github.com/tommoor/tinycon.git#0.6.5
[INFO] bower angular-animate#1.3.14                                          extract archive.tar.gz
[INFO] bower ng-grid#2.0.6                                                   extract archive.tar.gz
[INFO] bower devicejs#0.2.4                                                  extract archive.tar.gz
[INFO] bower angular-animate#1.3.14                                         resolved https://github.com/angular/bower-angular-animate.git#1.3.14
[ERROR] bower devicejs#0.2.4                                             invalid-meta for:/tmp/d65116ae993baf26a383cc815566d2d6/bower/1403c57251edfd112d07f548660d0d8f-2676-Eqf4Uf/bower.json
[ERROR] bower devicejs#0.2.4                                             invalid-meta The "description" is too long, the limit is 140 characters
[INFO] bower devicejs#0.2.4                                                 resolved https://github.com/matthewhudson/device.js.git#0.2.4
[ERROR] bower ng-grid#2.0.6                                              invalid-meta for:/tmp/d65116ae993baf26a383cc815566d2d6/bower/a733cb9ac534f18d1c62ef4217c8b57a-2676-czTT26/bower.json
[ERROR] bower ng-grid#2.0.6                                              invalid-meta The "main" field cannot contain minified files
[ERROR] bower ng-grid#2.0.6                                              invalid-meta The "main" field cannot contain minified files
[INFO] bower zocial-less#1.0.0                                               extract archive.tar.gz
[INFO] bower ng-grid#2.0.6                                                  resolved https://github.com/angular-ui/ng-grid.git#2.0.6
[INFO] bower zocial-less#1.0.0                                              resolved https://github.com/gustavohenke/zocial-less.git#1.0.0
[INFO] bower angular-ui-select2#0.0.5                                        extract archive.tar.gz
[INFO] bower angular-ui-select2#0.0.5                                       resolved https://github.com/angular-ui/ui-select2.git#0.0.5
[INFO] bower select2#~3.4                                                 not-cached https://github.com/ivaynberg/select2.git#~3.4
[INFO] bower select2#~3.4                                                    resolve https://github.com/ivaynberg/select2.git#~3.4
[INFO] bower mousetrap#1.4.6                                                 extract archive.tar.gz
[INFO] bower mousetrap#1.4.6                                                resolved https://github.com/ccampbell/mousetrap.git#1.4.6
[INFO] bower lodash#3.4.0                                                    extract archive.tar.gz
[INFO] bower lodash#3.4.0                                                   resolved https://github.com/lodash/lodash.git#3.4.0
[INFO] bower select2#~3.4                                                   download https://github.com/ivaynberg/select2/archive/3.4.8.tar.gz
[INFO] bower jquery-ui#1.10.3                                                extract archive.tar.gz
[INFO] bower jquery-ui#1.10.3                                               resolved https://github.com/components/jqueryui.git#1.10.3
[INFO] bower select2#~3.4                                                    extract archive.tar.gz
[ERROR] bower select2#~3.4                                               invalid-meta for:/tmp/d65116ae993baf26a383cc815566d2d6/bower/35368a19f307e4af02d0df055846840d-2676-3FoDzL/bower.json
[ERROR] bower select2#~3.4                                               invalid-meta The "main" field cannot contain font, image, audio, or video files
[ERROR] bower select2#~3.4                                               invalid-meta The "main" field cannot contain font, image, audio, or video files
[ERROR] bower select2#~3.4                                               invalid-meta The "main" field cannot contain font, image, audio, or video files
[ERROR] bower select2#~3.4                                               invalid-meta The "main" field has to contain only 1 file per filetype; found multiple .png files: ["select2.png","select2x2.png"]
[INFO] bower select2#~3.4                                                   resolved https://github.com/ivaynberg/select2.git#3.4.8
[INFO] bower swagger-ui#2.1.0                                               progress received 1.2MB
[INFO] bower bootstrap#3.3.2                                                progress received 1.8MB
[INFO] bower swagger-ui#2.1.0                                                extract archive.tar.gz
[INFO] bower swagger-ui#2.1.0                                               resolved https://github.com/wordnik/swagger-ui.git#2.1.0
[INFO] bower bootstrap#3.3.2                                                progress received 2.2MB
[INFO] bower bootstrap#3.3.2                                                progress received 2.8MB
[INFO] bower bootstrap#3.3.2                                                 extract archive.tar.gz
[ERROR] bower bootstrap#3.3.2                                            invalid-meta for:/tmp/d65116ae993baf26a383cc815566d2d6/bower/ca4c50b905dc21ea17a10549a6f5944f-2676-HtYu0K/bower.json
[ERROR] bower bootstrap#3.3.2                                            invalid-meta The "main" field cannot contain font, image, audio, or video files
[ERROR] bower bootstrap#3.3.2                                            invalid-meta The "main" field cannot contain font, image, audio, or video files
[ERROR] bower bootstrap#3.3.2                                            invalid-meta The "main" field cannot contain font, image, audio, or video files
[ERROR] bower bootstrap#3.3.2                                            invalid-meta The "main" field cannot contain font, image, audio, or video files
[INFO] bower bootstrap#3.3.2                                                resolved https://github.com/twbs/bootstrap.git#3.3.2
[ERROR] bower angular                                                extra-resolution Unnecessary resolution: angular#1.3.14
[ERROR] bower angular-translate                                      extra-resolution Unnecessary resolution: angular-translate#2.6.1
[INFO] bower angular-translate-loader-static-files#2.6.1                     install angular-translate-loader-static-files#2.6.1
[INFO] bower jquery-mousewheel#3.1.12                                        install jquery-mousewheel#3.1.12
[INFO] bower angular-translate#2.6.1                                         install angular-translate#2.6.1
[INFO] bower angular-sanitize#1.3.14                                         install angular-sanitize#1.3.14
[INFO] bower angular-ui-router#0.2.13                                        install angular-ui-router#0.2.13
[INFO] bower jquery#2.1.3                                                    install jquery#2.1.3
[INFO] bower angular-loading-bar#0.6.0                                       install angular-loading-bar#0.6.0
[INFO] bower angular-resource#1.3.14                                         install angular-resource#1.3.14
[INFO] bower readabilicons#34c55561c5b8ec6e90714b50237c06b13cb9d59c          install readabilicons#34c55561c5
[INFO] bower font-awesome#3.2.1                                              install font-awesome#3.2.1
[INFO] bower angular-bootstrap#0.2.0                                         install angular-bootstrap#0.2.0
[INFO] bower angular-route#1.3.14                                            install angular-route#1.3.14
[INFO] bower ngInfiniteScroll#1.0.0                                          install ngInfiniteScroll#1.0.0
[INFO] bower angular-touch#1.3.14                                            install angular-touch#1.3.14
[INFO] bower angular-ui-utils#0.1.0                                          install angular-ui-utils#0.1.0
[INFO] bower momentjs#2.9.0                                                  install momentjs#2.9.0
[INFO] bower angular#1.3.14                                                  install angular#1.3.14
[INFO] bower tinycon#0.6.5                                                   install tinycon#0.6.5
[INFO] bower angular-animate#1.3.14                                          install angular-animate#1.3.14
[INFO] bower devicejs#0.2.4                                                  install devicejs#0.2.4
[INFO] bower ng-grid#2.0.6                                                   install ng-grid#2.0.6
[INFO] bower zocial-less#1.0.0                                               install zocial-less#1.0.0
[INFO] bower angular-ui-select2#0.0.5                                        install angular-ui-select2#0.0.5
[INFO] bower mousetrap#1.4.6                                                 install mousetrap#1.4.6
[INFO] bower lodash#3.4.0                                                    install lodash#3.4.0
[INFO] bower jquery-ui#1.10.3                                                install jquery-ui#1.10.3
[INFO] bower select2#~3.4                                                    install select2#3.4.8
[INFO] bower swagger-ui#2.1.0                                                install swagger-ui#2.1.0
[INFO] bower bootstrap#3.3.2                                                 install bootstrap#3.3.2
[INFO] 
[INFO] angular-translate-loader-static-files#2.6.1 src/main/app/lib/angular-translate-loader-static-files
[INFO] └── angular-translate#2.6.1
[INFO] 
[INFO] jquery-mousewheel#3.1.12 src/main/app/lib/jquery-mousewheel
[INFO] └── jquery#2.1.3
[INFO] 
[INFO] angular-translate#2.6.1 src/main/app/lib/angular-translate
[INFO] └── angular#1.3.14
[INFO] 
[INFO] angular-sanitize#1.3.14 src/main/app/lib/angular-sanitize
[INFO] └── angular#1.3.14
[INFO] 
[INFO] angular-ui-router#0.2.13 src/main/app/lib/angular-ui-router
[INFO] └── angular#1.3.14
[INFO] 
[INFO] jquery#2.1.3 src/main/app/lib/jquery
[INFO] 
[INFO] angular-loading-bar#0.6.0 src/main/app/lib/angular-loading-bar
[INFO] 
[INFO] angular-resource#1.3.14 src/main/app/lib/angular-resource
[INFO] └── angular#1.3.14
[INFO] 
[INFO] readabilicons#34c55561c5 src/main/app/lib/readabilicons
[INFO] 
[INFO] font-awesome#3.2.1 src/main/app/lib/font-awesome
[INFO] 
[INFO] angular-bootstrap#0.2.0 src/main/app/lib/angular-bootstrap
[INFO] 
[INFO] angular-route#1.3.14 src/main/app/lib/angular-route
[INFO] └── angular#1.3.14
[INFO] 
[INFO] ngInfiniteScroll#1.0.0 src/main/app/lib/ngInfiniteScroll
[INFO] 
[INFO] angular-touch#1.3.14 src/main/app/lib/angular-touch
[INFO] └── angular#1.3.14
[INFO] 
[INFO] angular-ui-utils#0.1.0 src/main/app/lib/angular-ui-utils
[INFO] └── angular#1.3.14
[INFO] 
[INFO] momentjs#2.9.0 src/main/app/lib/momentjs
[INFO] 
[INFO] angular#1.3.14 src/main/app/lib/angular
[INFO] 
[INFO] tinycon#0.6.5 src/main/app/lib/tinycon
[INFO] 
[INFO] angular-animate#1.3.14 src/main/app/lib/angular-animate
[INFO] └── angular#1.3.14
[INFO] 
[INFO] devicejs#0.2.4 src/main/app/lib/devicejs
[INFO] 
[INFO] ng-grid#2.0.6 src/main/app/lib/ng-grid
[INFO] 
[INFO] zocial-less#1.0.0 src/main/app/lib/zocial-less
[INFO] 
[INFO] angular-ui-select2#0.0.5 src/main/app/lib/angular-ui-select2
[INFO] ├── angular#1.3.14
[INFO] ├── jquery#2.1.3
[INFO] └── select2#3.4.8
[INFO] 
[INFO] mousetrap#1.4.6 src/main/app/lib/mousetrap
[INFO] 
[INFO] lodash#3.4.0 src/main/app/lib/lodash
[INFO] 
[INFO] jquery-ui#1.10.3 src/main/app/lib/jquery-ui
[INFO] └── jquery#2.1.3
[INFO] 
[INFO] select2#3.4.8 src/main/app/lib/select2
[INFO] └── jquery#2.1.3
[INFO] 
[INFO] swagger-ui#2.1.0 src/main/app/lib/swagger-ui
[INFO] 
[INFO] bootstrap#3.3.2 src/main/app/lib/bootstrap
[INFO] └── jquery#2.1.3
[INFO] 
[INFO] --- frontend-maven-plugin:1.6:gulp (gulp build) @ commafeed ---
[INFO] testFailureIgnore property is ignored in non test phases
[INFO] Running 'gulp ' in /tmp/tmpplkyhpre/commafeed
[INFO] [19:48:51] Using gulpfile /tmp/tmpplkyhpre/commafeed/gulpfile.js
[INFO] [19:48:51] Starting 'images'...
[INFO] [19:48:51] Starting 'i18n'...
[INFO] [19:48:51] Starting 'resources'...
[INFO] [19:48:51] Starting 'sass'...
[INFO] [19:48:51] Starting 'fonts'...
[INFO] [19:48:51] Starting 'select2'...
[INFO] [19:48:51] Starting 'swagger-ui'...
[INFO] [19:48:51] Starting 'template-cache'...
[INFO] [19:48:51] Finished 'images' after 72 ms
[INFO] [19:48:51] Finished 'select2' after 75 ms
[INFO] [19:48:51] Finished 'sass' after 92 ms
[INFO] [19:48:51] Finished 'fonts' after 94 ms
[INFO] [19:48:51] Finished 'template-cache' after 99 ms
[INFO] [19:48:51] Finished 'resources' after 108 ms
[INFO] [19:48:51] Finished 'i18n' after 115 ms
[INFO] [19:48:51] Finished 'swagger-ui' after 112 ms
[INFO] [19:48:51] Starting 'build'...
[INFO] [19:49:05] Finished 'build' after 14 s
[INFO] [19:49:05] Starting 'default'...
[INFO] [19:49:05] Finished 'default' after 2.94 μs
[INFO] 
[INFO] --- maven-resources-plugin:2.6:testResources (default-testResources) @ commafeed ---
[INFO] Using 'UTF-8' encoding to copy filtered resources.
[INFO] Copying 5 resources
[INFO] 
[INFO] --- maven-compiler-plugin:3.8.0:testCompile (default-testCompile) @ commafeed ---
[INFO] Changes detected - recompiling the module!
[INFO] Compiling 10 source files to /tmp/tmpplkyhpre/commafeed/target/test-classes
[INFO] 
[INFO] --- maven-surefire-plugin:2.19.1:test (default-test) @ commafeed ---
[INFO] Surefire report directory: /tmp/tmpplkyhpre/commafeed/target/surefire-reports

-------------------------------------------------------
 T E S T S
-------------------------------------------------------
Running com.commafeed.frontend.resource.UserRestTest
Tests run: 4, Failures: 0, Errors: 0, Skipped: 0, Time elapsed: 0.849 sec - in com.commafeed.frontend.resource.UserRestTest
Running com.commafeed.frontend.auth.SecurityCheckFactoryTest
Tests run: 1, Failures: 0, Errors: 0, Skipped: 0, Time elapsed: 0.001 sec - in com.commafeed.frontend.auth.SecurityCheckFactoryTest
Running com.commafeed.frontend.session.SessionHelperTest
Tests run: 4, Failures: 0, Errors: 0, Skipped: 0, Time elapsed: 0.106 sec - in com.commafeed.frontend.session.SessionHelperTest
Running com.commafeed.backend.FixedSizeSortedSetTest
Tests run: 6, Failures: 0, Errors: 0, Skipped: 0, Time elapsed: 0.003 sec - in com.commafeed.backend.FixedSizeSortedSetTest
Running com.commafeed.backend.service.FeedEntryFilteringServiceTest
Tests run: 10, Failures: 0, Errors: 0, Skipped: 0, Time elapsed: 0.762 sec - in com.commafeed.backend.service.FeedEntryFilteringServiceTest
Running com.commafeed.backend.service.UserServiceTest
Tests run: 16, Failures: 0, Errors: 0, Skipped: 0, Time elapsed: 0.259 sec - in com.commafeed.backend.service.UserServiceTest
Running com.commafeed.backend.opml.OPMLImporterTest
Tests run: 4, Failures: 0, Errors: 0, Skipped: 0, Time elapsed: 0.191 sec - in com.commafeed.backend.opml.OPMLImporterTest
Running com.commafeed.backend.opml.OPMLExporterTest
Tests run: 1, Failures: 0, Errors: 0, Skipped: 0, Time elapsed: 0.008 sec - in com.commafeed.backend.opml.OPMLExporterTest
Running com.commafeed.backend.feed.FeedUtilsTest
Tests run: 4, Failures: 0, Errors: 0, Skipped: 0, Time elapsed: 0.03 sec - in com.commafeed.backend.feed.FeedUtilsTest
Running com.commafeed.backend.feed.EstimateDirectionTest
Tests run: 1, Failures: 0, Errors: 0, Skipped: 0, Time elapsed: 0.001 sec - in com.commafeed.backend.feed.EstimateDirectionTest

Results :

Tests run: 51, Failures: 0, Errors: 0, Skipped: 0

[INFO] 
[INFO] --- jacoco-maven-plugin:0.8.5:report (report) @ commafeed ---
[INFO] Loading execution data file /tmp/tmpplkyhpre/commafeed/target/jacoco.exec
[INFO] Analyzed bundle 'CommaFeed' with 404 classes
[INFO] ------------------------------------------------------------------------
[INFO] BUILD SUCCESS
[INFO] ------------------------------------------------------------------------
[INFO] Total time:  05:39 min
[INFO] Finished at: 2020-07-30T19:49:09Z
[INFO] ------------------------------------------------------------------------
