[INFO] Error stacktraces are turned on.
[INFO] Scanning for projects...
[WARNING] 
[WARNING] Some problems were encountered while building the effective model for es.uvigo.ei.sing:jarvest:jar:0.2-SNAPSHOT
[WARNING] 'build.plugins.plugin.version' for org.apache.maven.plugins:maven-jar-plugin is missing. @ line 91, column 15
[WARNING] 
[WARNING] It is highly recommended to fix these problems because they threaten the stability of your build.
[WARNING] 
[WARNING] For this reason, future Maven versions might no longer support building such malformed projects.
[WARNING] 
[INFO] 
[INFO] ----------------------< es.uvigo.ei.sing:jarvest >----------------------
[INFO] Building jarvest 0.2-SNAPSHOT
[INFO] --------------------------------[ jar ]---------------------------------
[WARNING] Could not validate integrity of download from http://sing.ei.uvigo.es/maven2/es/uvigo/ei/sing/yacli/1.0/yacli-1.0.pom: Checksum validation failed, no checksums available
[WARNING] Could not validate integrity of download from http://sing.ei.uvigo.es/maven2/net/sourceforge/htmlcleaner/htmlcleaner/1.55/htmlcleaner-1.55.pom: Checksum validation failed, no checksums available
[WARNING] Could not validate integrity of download from http://sing.ei.uvigo.es/maven2/org/json/json/1.0/json-1.0.pom: Checksum validation failed, no checksums available
[WARNING] Could not validate integrity of download from http://sing.ei.uvigo.es/maven2/es/uvigo/ei/sing/yacli/1.0/yacli-1.0.jar: Checksum validation failed, no checksums available
[WARNING] Could not validate integrity of download from http://sing.ei.uvigo.es/maven2/net/sourceforge/htmlcleaner/htmlcleaner/1.55/htmlcleaner-1.55.jar: Checksum validation failed, no checksums available
[WARNING] Could not validate integrity of download from http://sing.ei.uvigo.es/maven2/org/json/json/1.0/json-1.0.jar: Checksum validation failed, no checksums available
[INFO] 
[INFO] --- jacoco-maven-plugin:0.8.5:prepare-agent (default) @ jarvest ---
[INFO] argLine set to -javaagent:/home/jdbl/.m2/repository/org/jacoco/org.jacoco.agent/0.8.5/org.jacoco.agent-0.8.5-runtime.jar=destfile=/tmp/tmpn723p1if/jarvest/target/jacoco.exec
[INFO] 
[INFO] --- maven-resources-plugin:2.6:resources (default-resources) @ jarvest ---
[WARNING] Using platform encoding (UTF-8 actually) to copy filtered resources, i.e. build is platform dependent!
[INFO] Copying 15 resources
[INFO] 
[INFO] --- maven-compiler-plugin:2.1:compile (default-compile) @ jarvest ---
[WARNING] File encoding has not been set, using platform encoding UTF-8, i.e. build is platform dependent!
[INFO] Compiling 31 source files to /tmp/tmpn723p1if/jarvest/target/classes
[INFO] 
[INFO] --- maven-resources-plugin:2.6:testResources (default-testResources) @ jarvest ---
[WARNING] Using platform encoding (UTF-8 actually) to copy filtered resources, i.e. build is platform dependent!
[INFO] skip non existing resourceDirectory /tmp/tmpn723p1if/jarvest/src/test/resources
[INFO] 
[INFO] --- maven-compiler-plugin:2.1:testCompile (default-testCompile) @ jarvest ---
[WARNING] File encoding has not been set, using platform encoding UTF-8, i.e. build is platform dependent!
[INFO] Compiling 8 source files to /tmp/tmpn723p1if/jarvest/target/test-classes
[INFO] 
[INFO] --- maven-surefire-plugin:2.19.1:test (default-test) @ jarvest ---
[INFO] Surefire report directory: /tmp/tmpn723p1if/jarvest/target/surefire-reports

-------------------------------------------------------
 T E S T S
-------------------------------------------------------
Running es.uvigo.ei.sing.jarvest.test.OneToOneTest
Tests run: 4, Failures: 0, Errors: 0, Skipped: 0, Time elapsed: 6.185 sec - in es.uvigo.ei.sing.jarvest.test.OneToOneTest
Running es.uvigo.ei.sing.jarvest.test.LoopTest
2020-07-30 21:04:49.901:INFO:oejs.Server:jetty-8.1.7.v20120910
2020-07-30 21:04:50.049:INFO:oejs.AbstractConnector:Started SelectChannelConnector@0.0.0.0:50001
setting html clean: true
setting html clean: true
Connecting to: http://localhost:50001/page1.html
<?xml version="1.0"?>
<html><head/><body><b>Page 1 results</b><b>bold text</b><br/><a id="next" href="/page2.html">Next</a></body></html>
<?xml version="1.0"?>
<html><head/><body><b>Page 1 results</b><b>bold text</b><br/><a id="next" href="/page2.html">Next</a></body></html>
Connecting to: http://localhost:50001/page2.html
<?xml version="1.0"?>
<html><head/><body><b>Page 2 results</b><b>bold text</b><br/></body></html>
<?xml version="1.0"?>
<html><head/><body><b>Page 2 results</b><b>bold text</b><br/></body></html>
[Page 1 results, Page 2 results]
Tests run: 1, Failures: 0, Errors: 0, Skipped: 0, Time elapsed: 1.613 sec - in es.uvigo.ei.sing.jarvest.test.LoopTest
Running es.uvigo.ei.sing.jarvest.test.VariablesTest
defining variable myvar1: foo
defining variable myvar2: bar
defining variable a: defined a
defining variable b: defined b
[defined a, defined b]
Tests run: 5, Failures: 0, Errors: 0, Skipped: 0, Time elapsed: 1.531 sec - in es.uvigo.ei.sing.jarvest.test.VariablesTest
Running es.uvigo.ei.sing.jarvest.test.URLTest
2020-07-30 21:04:52.883:INFO:oejs.Server:jetty-8.1.7.v20120910
2020-07-30 21:04:52.977:INFO:oejs.AbstractConnector:Started SelectChannelConnector@0.0.0.0:50001
setting html clean: true
Connecting to: http://localhost:50001/index.html
<?xml version="1.0"?>
<html><head/><body><a href="link1">link1</a><a href="link2">link2</a></body></html>
setting html clean: true
Connecting to: http://localhost:50001/index.html
<?xml version="1.0"?>
<html><head/><body><a href="link1">link1</a><a href="link2">link2</a></body></html>
Tests run: 2, Failures: 0, Errors: 0, Skipped: 0, Time elapsed: 1.803 sec - in es.uvigo.ei.sing.jarvest.test.URLTest
Running es.uvigo.ei.sing.jarvest.test.BranchesTest
[a, b, a, b, a, b, a, b, a, b, b, b]
Tests run: 4, Failures: 0, Errors: 0, Skipped: 0, Time elapsed: 0.761 sec - in es.uvigo.ei.sing.jarvest.test.BranchesTest
Running es.uvigo.ei.sing.jarvest.test.PostTest
2020-07-30 21:04:55.448:INFO:oejs.Server:jetty-8.1.7.v20120910
2020-07-30 21:04:55.521:INFO:oejs.AbstractConnector:Started SelectChannelConnector@0.0.0.0:50001
posting to: http://localhost:50001/login.php. query string: password=foo
Connecting to: http://localhost:50001/inside.php
posting to: http://localhost:50001/login.php. query string: password=foo
Connecting to: http://localhost:50001/inside.php
Tests run: 2, Failures: 0, Errors: 0, Skipped: 0, Time elapsed: 0.826 sec - in es.uvigo.ei.sing.jarvest.test.PostTest
Running es.uvigo.ei.sing.jarvest.test.MetadataTest
Tests run: 1, Failures: 0, Errors: 0, Skipped: 0, Time elapsed: 0 sec - in es.uvigo.ei.sing.jarvest.test.MetadataTest

Results :

Tests run: 19, Failures: 0, Errors: 0, Skipped: 0

[INFO] 
[INFO] --- jacoco-maven-plugin:0.8.5:report (report) @ jarvest ---
[INFO] Loading execution data file /tmp/tmpn723p1if/jarvest/target/jacoco.exec
[INFO] Analyzed bundle 'jarvest' with 243 classes
[INFO] ------------------------------------------------------------------------
[INFO] BUILD SUCCESS
[INFO] ------------------------------------------------------------------------
[INFO] Total time:  52.063 s
[INFO] Finished at: 2020-07-30T21:04:58Z
[INFO] ------------------------------------------------------------------------
