[INFO] Error stacktraces are turned on.
[INFO] Scanning for projects...
[INFO] 
[INFO] -----< org.sonarsource.auth.bitbucket:sonar-auth-bitbucket-plugin >-----
[INFO] Building Bitbucket Authentication for SonarQube 1.2-SNAPSHOT
[INFO] ----------------------------[ sonar-plugin ]----------------------------
[WARNING] The artifact org.apache.commons:commons-io:jar:1.3.2 has been relocated to commons-io:commons-io:jar:1.3.2
[INFO] 
[INFO] --- buildnumber-maven-plugin:1.4:create (default) @ sonar-auth-bitbucket-plugin ---
[INFO] Executing: /bin/sh -c cd '/tmp/tmph8bxpic3/sonar-auth-bitbucket' && 'git' 'rev-parse' '--verify' 'HEAD'
[INFO] Working directory: /tmp/tmph8bxpic3/sonar-auth-bitbucket
[INFO] Storing buildNumber: 5ef820f097c86da4b2c339db237f26c0542c8008 at timestamp: 1596186305715
[WARNING] Cannot get the branch information from the git repository: 
Detecting the current branch failed: fatal: ref HEAD is not a symbolic ref

[INFO] Executing: /bin/sh -c cd '/tmp/tmph8bxpic3/sonar-auth-bitbucket' && 'git' 'rev-parse' '--verify' 'HEAD'
[INFO] Working directory: /tmp/tmph8bxpic3/sonar-auth-bitbucket
[INFO] Storing buildScmBranch: UNKNOWN
[INFO] 
[INFO] --- maven-enforcer-plugin:3.0.0-M1:enforce (enforce) @ sonar-auth-bitbucket-plugin ---
[WARNING] The artifact org.apache.commons:commons-io:jar:1.3.2 has been relocated to commons-io:commons-io:jar:1.3.2
[INFO] 
[INFO] --- license-maven-plugin:3.0:check (enforce-license-headers) @ sonar-auth-bitbucket-plugin ---
[INFO] 
[INFO] --- sonar-packaging-maven-plugin:1.18.0.372:check (default-check) @ sonar-auth-bitbucket-plugin ---
[INFO] 
[INFO] --- jacoco-maven-plugin:0.8.5:prepare-agent (default) @ sonar-auth-bitbucket-plugin ---
[INFO] argLine set to -javaagent:/home/jdbl/.m2/repository/org/jacoco/org.jacoco.agent/0.8.5/org.jacoco.agent-0.8.5-runtime.jar=destfile=/tmp/tmph8bxpic3/sonar-auth-bitbucket/target/jacoco.exec
[INFO] 
[INFO] --- beanshell-maven-plugin:1.4:run (compute-artifact-display-version) @ sonar-auth-bitbucket-plugin ---
[INFO] Executing Script
[INFO] file class java.lang.Object
[INFO] script class java.lang.String
[INFO] evaluating script if (! "1.2-SNAPSHOT".endsWith("-SNAPSHOT")) { [+ 14 omitted line(s)]
[INFO] 
[INFO] --- maven-resources-plugin:3.0.2:resources (default-resources) @ sonar-auth-bitbucket-plugin ---
[INFO] Using 'UTF-8' encoding to copy filtered resources.
[INFO] Copying 2 resources
[INFO] 
[INFO] --- maven-compiler-plugin:3.7.0:compile (default-compile) @ sonar-auth-bitbucket-plugin ---
[INFO] Changes detected - recompiling the module!
[INFO] Compiling 11 source files to /tmp/tmph8bxpic3/sonar-auth-bitbucket/target/classes
[INFO] 
[INFO] --- maven-resources-plugin:3.0.2:testResources (default-testResources) @ sonar-auth-bitbucket-plugin ---
[INFO] Using 'UTF-8' encoding to copy filtered resources.
[INFO] skip non existing resourceDirectory /tmp/tmph8bxpic3/sonar-auth-bitbucket/src/test/resources
[INFO] 
[INFO] --- maven-compiler-plugin:3.7.0:testCompile (default-testCompile) @ sonar-auth-bitbucket-plugin ---
[INFO] Changes detected - recompiling the module!
[INFO] Compiling 8 source files to /tmp/tmph8bxpic3/sonar-auth-bitbucket/target/test-classes
[INFO] /tmp/tmph8bxpic3/sonar-auth-bitbucket/src/test/java/org/sonarqube/auth/bitbucket/AuthBitbucketPluginTest.java: /tmp/tmph8bxpic3/sonar-auth-bitbucket/src/test/java/org/sonarqube/auth/bitbucket/AuthBitbucketPluginTest.java uses unchecked or unsafe operations.
[INFO] /tmp/tmph8bxpic3/sonar-auth-bitbucket/src/test/java/org/sonarqube/auth/bitbucket/AuthBitbucketPluginTest.java: Recompile with -Xlint:unchecked for details.
[INFO] 
[INFO] --- maven-surefire-plugin:2.19.1:test (default-test) @ sonar-auth-bitbucket-plugin ---
[INFO] Surefire report directory: /tmp/tmph8bxpic3/sonar-auth-bitbucket/target/surefire-reports

-------------------------------------------------------
 T E S T S
-------------------------------------------------------
Running org.sonarqube.auth.bitbucket.BitbucketSettingsTest
Tests run: 12, Failures: 0, Errors: 0, Skipped: 0, Time elapsed: 0.226 sec - in org.sonarqube.auth.bitbucket.BitbucketSettingsTest
Running org.sonarqube.auth.bitbucket.UserIdentityFactoryTest
Tests run: 5, Failures: 0, Errors: 0, Skipped: 0, Time elapsed: 0 sec - in org.sonarqube.auth.bitbucket.UserIdentityFactoryTest
Running org.sonarqube.auth.bitbucket.GsonEmailsTest
Tests run: 3, Failures: 0, Errors: 0, Skipped: 0, Time elapsed: 0 sec - in org.sonarqube.auth.bitbucket.GsonEmailsTest
Running org.sonarqube.auth.bitbucket.BitbucketIdentityProviderTest
Tests run: 4, Failures: 0, Errors: 0, Skipped: 0, Time elapsed: 0.684 sec - in org.sonarqube.auth.bitbucket.BitbucketIdentityProviderTest
Running org.sonarqube.auth.bitbucket.IntegrationTest
Jul 31, 2020 9:05:28 AM com.squareup.okhttp.mockwebserver.MockWebServer$3 execute
INFO: MockWebServer[34745] starting to accept connections
Jul 31, 2020 9:05:28 AM com.squareup.okhttp.mockwebserver.MockWebServer$4 processOneRequest
INFO: MockWebServer[34745] received request: POST /site/oauth2/access_token HTTP/1.1 and responded: HTTP/1.1 200 OK
Jul 31, 2020 9:05:28 AM com.squareup.okhttp.mockwebserver.MockWebServer$4 processOneRequest
INFO: MockWebServer[34745] received request: GET /2.0/user?access_token=e72e16c7e42f292c6912e7710c838347ae178b4a HTTP/1.1 and responded: HTTP/1.1 200 OK
Jul 31, 2020 9:05:28 AM com.squareup.okhttp.mockwebserver.MockWebServer$4 processOneRequest
INFO: MockWebServer[34745] received request: GET /2.0/user/emails?access_token=e72e16c7e42f292c6912e7710c838347ae178b4a HTTP/1.1 and responded: HTTP/1.1 200 OK
Jul 31, 2020 9:05:28 AM com.squareup.okhttp.mockwebserver.MockWebServer$4 processOneRequest
INFO: MockWebServer[34745] received request: GET /2.0/teams?role=member&access_token=e72e16c7e42f292c6912e7710c838347ae178b4a HTTP/1.1 and responded: HTTP/1.1 200 OK
Jul 31, 2020 9:05:28 AM com.squareup.okhttp.mockwebserver.MockWebServer$3 acceptConnections
INFO: MockWebServer[34745] done accepting connections: Socket closed
Jul 31, 2020 9:05:28 AM com.squareup.okhttp.mockwebserver.MockWebServer$3 execute
INFO: MockWebServer[55095] starting to accept connections
Jul 31, 2020 9:05:28 AM com.squareup.okhttp.mockwebserver.MockWebServer$3 acceptConnections
INFO: MockWebServer[55095] done accepting connections: Socket closed
Jul 31, 2020 9:05:28 AM com.squareup.okhttp.mockwebserver.MockWebServer$3 execute
INFO: MockWebServer[42043] starting to accept connections
Jul 31, 2020 9:05:28 AM com.squareup.okhttp.mockwebserver.MockWebServer$4 processOneRequest
INFO: MockWebServer[42043] received request: POST /site/oauth2/access_token HTTP/1.1 and responded: HTTP/1.1 200 OK
Jul 31, 2020 9:05:28 AM com.squareup.okhttp.mockwebserver.MockWebServer$4 processOneRequest
INFO: MockWebServer[42043] received request: GET /2.0/user?access_token=e72e16c7e42f292c6912e7710c838347ae178b4a HTTP/1.1 and responded: HTTP/1.1 200 OK
Jul 31, 2020 9:05:28 AM com.squareup.okhttp.mockwebserver.MockWebServer$4 processOneRequest
INFO: MockWebServer[42043] received request: GET /2.0/user/emails?access_token=e72e16c7e42f292c6912e7710c838347ae178b4a HTTP/1.1 and responded: HTTP/1.1 200 OK
Jul 31, 2020 9:05:28 AM com.squareup.okhttp.mockwebserver.MockWebServer$3 acceptConnections
INFO: MockWebServer[42043] done accepting connections: Socket closed
Jul 31, 2020 9:05:28 AM com.squareup.okhttp.mockwebserver.MockWebServer$3 execute
INFO: MockWebServer[60053] starting to accept connections
Jul 31, 2020 9:05:28 AM com.squareup.okhttp.mockwebserver.MockWebServer$4 processOneRequest
INFO: MockWebServer[60053] received request: POST /site/oauth2/access_token HTTP/1.1 and responded: HTTP/1.1 200 OK
Jul 31, 2020 9:05:28 AM com.squareup.okhttp.mockwebserver.MockWebServer$4 processOneRequest
INFO: MockWebServer[60053] received request: GET /2.0/user?access_token=e72e16c7e42f292c6912e7710c838347ae178b4a HTTP/1.1 and responded: HTTP/1.1 500 OK
Jul 31, 2020 9:05:28 AM com.squareup.okhttp.mockwebserver.MockWebServer$3 acceptConnections
INFO: MockWebServer[60053] done accepting connections: Socket closed
Jul 31, 2020 9:05:28 AM com.squareup.okhttp.mockwebserver.MockWebServer$3 execute
INFO: MockWebServer[39197] starting to accept connections
Jul 31, 2020 9:05:28 AM com.squareup.okhttp.mockwebserver.MockWebServer$4 processOneRequest
INFO: MockWebServer[39197] received request: POST /site/oauth2/access_token HTTP/1.1 and responded: HTTP/1.1 200 OK
Jul 31, 2020 9:05:28 AM com.squareup.okhttp.mockwebserver.MockWebServer$4 processOneRequest
INFO: MockWebServer[39197] received request: GET /2.0/user?access_token=e72e16c7e42f292c6912e7710c838347ae178b4a HTTP/1.1 and responded: HTTP/1.1 200 OK
Jul 31, 2020 9:05:28 AM com.squareup.okhttp.mockwebserver.MockWebServer$4 processOneRequest
INFO: MockWebServer[39197] received request: GET /2.0/user/emails?access_token=e72e16c7e42f292c6912e7710c838347ae178b4a HTTP/1.1 and responded: HTTP/1.1 200 OK
Jul 31, 2020 9:05:28 AM com.squareup.okhttp.mockwebserver.MockWebServer$4 processOneRequest
INFO: MockWebServer[39197] received request: GET /2.0/teams?role=member&access_token=e72e16c7e42f292c6912e7710c838347ae178b4a HTTP/1.1 and responded: HTTP/1.1 200 OK
Jul 31, 2020 9:05:28 AM com.squareup.okhttp.mockwebserver.MockWebServer$3 acceptConnections
INFO: MockWebServer[39197] done accepting connections: Socket closed
Jul 31, 2020 9:05:28 AM com.squareup.okhttp.mockwebserver.MockWebServer$3 execute
INFO: MockWebServer[58015] starting to accept connections
Jul 31, 2020 9:05:28 AM com.squareup.okhttp.mockwebserver.MockWebServer$4 processOneRequest
INFO: MockWebServer[58015] received request: POST /site/oauth2/access_token HTTP/1.1 and responded: HTTP/1.1 200 OK
Jul 31, 2020 9:05:28 AM com.squareup.okhttp.mockwebserver.MockWebServer$4 processOneRequest
INFO: MockWebServer[58015] received request: GET /2.0/user?access_token=e72e16c7e42f292c6912e7710c838347ae178b4a HTTP/1.1 and responded: HTTP/1.1 200 OK
Jul 31, 2020 9:05:28 AM com.squareup.okhttp.mockwebserver.MockWebServer$4 processOneRequest
INFO: MockWebServer[58015] received request: GET /2.0/user/emails?access_token=e72e16c7e42f292c6912e7710c838347ae178b4a HTTP/1.1 and responded: HTTP/1.1 200 OK
Jul 31, 2020 9:05:28 AM com.squareup.okhttp.mockwebserver.MockWebServer$4 processOneRequest
INFO: MockWebServer[58015] received request: GET /2.0/teams?role=member&access_token=e72e16c7e42f292c6912e7710c838347ae178b4a HTTP/1.1 and responded: HTTP/1.1 200 OK
Jul 31, 2020 9:05:28 AM com.squareup.okhttp.mockwebserver.MockWebServer$3 acceptConnections
INFO: MockWebServer[58015] done accepting connections: Socket closed
Tests run: 6, Failures: 0, Errors: 0, Skipped: 0, Time elapsed: 0.644 sec - in org.sonarqube.auth.bitbucket.IntegrationTest
Running org.sonarqube.auth.bitbucket.BitbucketScribeApiTest
Tests run: 4, Failures: 0, Errors: 0, Skipped: 0, Time elapsed: 0.001 sec - in org.sonarqube.auth.bitbucket.BitbucketScribeApiTest
Running org.sonarqube.auth.bitbucket.GsonUserTest
Tests run: 2, Failures: 0, Errors: 0, Skipped: 0, Time elapsed: 0 sec - in org.sonarqube.auth.bitbucket.GsonUserTest
Running org.sonarqube.auth.bitbucket.AuthBitbucketPluginTest
Tests run: 1, Failures: 0, Errors: 0, Skipped: 0, Time elapsed: 0.003 sec - in org.sonarqube.auth.bitbucket.AuthBitbucketPluginTest

Results :

Tests run: 37, Failures: 0, Errors: 0, Skipped: 0

[INFO] 
[INFO] --- jacoco-maven-plugin:0.8.5:report (report) @ sonar-auth-bitbucket-plugin ---
[INFO] Loading execution data file /tmp/tmph8bxpic3/sonar-auth-bitbucket/target/jacoco.exec
[INFO] Analyzed bundle 'Bitbucket Authentication for SonarQube' with 3999 classes
[INFO] ------------------------------------------------------------------------
[INFO] BUILD SUCCESS
[INFO] ------------------------------------------------------------------------
[INFO] Total time:  52.712 s
[INFO] Finished at: 2020-07-31T09:05:33Z
[INFO] ------------------------------------------------------------------------
