[INFO] Error stacktraces are turned on.
[INFO] Scanning for projects...
[INFO] 
[INFO] -----------------------< org.joda:joda-convert >------------------------
[INFO] Building Joda-Convert 1.9.2
[INFO] --------------------------------[ jar ]---------------------------------
[INFO] 
[INFO] --- maven-checkstyle-plugin:2.14:checkstyle (run-checkstyle) @ joda-convert ---
[INFO] 
[INFO] --- maven-resources-plugin:3.0.2:resources (default-resources) @ joda-convert ---
[INFO] Using 'UTF-8' encoding to copy filtered resources.
[INFO] skip non existing resourceDirectory /tmp/tmpkv577tld/joda-convert/src/main/resources
[INFO] Copying 2 resources to META-INF
[INFO] 
[INFO] --- maven-compiler-plugin:3.6.1:compile (default-compile) @ joda-convert ---
[INFO] Changes detected - recompiling the module!
[INFO] Compiling 29 source files to /tmp/tmpkv577tld/joda-convert/target/classes
[INFO] [parsing started RegularFileObject[/tmp/tmpkv577tld/joda-convert/src/main/java/org/joda/convert/JDKStringConverter.java]]
[INFO] [parsing completed 23ms]
[INFO] [parsing started RegularFileObject[/tmp/tmpkv577tld/joda-convert/src/main/java/org/joda/convert/TypedAdapter.java]]
[INFO] [parsing completed 1ms]
[INFO] [parsing started RegularFileObject[/tmp/tmpkv577tld/joda-convert/src/main/java/org/joda/convert/StringConverterFactory.java]]
[INFO] [parsing completed 0ms]
[INFO] [parsing started RegularFileObject[/tmp/tmpkv577tld/joda-convert/src/main/java/org/joda/convert/AnnotationStringConverterFactory.java]]
[INFO] [parsing completed 3ms]
[INFO] [parsing started RegularFileObject[/tmp/tmpkv577tld/joda-convert/src/main/java/org/joda/convert/AbstractTypeStringConverter.java]]
[INFO] [parsing completed 1ms]
[INFO] [parsing started RegularFileObject[/tmp/tmpkv577tld/joda-convert/src/main/java/org/joda/convert/TypeStringConverter.java]]
[INFO] [parsing completed 0ms]
[INFO] [parsing started RegularFileObject[/tmp/tmpkv577tld/joda-convert/src/main/java/org/joda/convert/StringConverter.java]]
[INFO] [parsing completed 0ms]
[INFO] [parsing started RegularFileObject[/tmp/tmpkv577tld/joda-convert/src/main/java/org/joda/convert/OptionalIntStringConverter.java]]
[INFO] [parsing completed 1ms]
[INFO] [parsing started RegularFileObject[/tmp/tmpkv577tld/joda-convert/src/main/java/org/joda/convert/factory/BooleanObjectArrayStringConverterFactory.java]]
[INFO] [parsing completed 1ms]
[INFO] [parsing started RegularFileObject[/tmp/tmpkv577tld/joda-convert/src/main/java/org/joda/convert/RenameHandler.java]]
[INFO] [parsing completed 2ms]
[INFO] [parsing started RegularFileObject[/tmp/tmpkv577tld/joda-convert/src/main/java/org/joda/convert/FromString.java]]
[INFO] [parsing completed 0ms]
[INFO] [parsing started RegularFileObject[/tmp/tmpkv577tld/joda-convert/src/main/java/org/joda/convert/ToString.java]]
[INFO] [parsing completed 0ms]
[INFO] [parsing started RegularFileObject[/tmp/tmpkv577tld/joda-convert/src/main/java/org/joda/convert/factory/NumericArrayStringConverterFactory.java]]
[INFO] [parsing completed 1ms]
[INFO] [parsing started RegularFileObject[/tmp/tmpkv577tld/joda-convert/src/main/java/org/joda/convert/factory/NumericObjectArrayStringConverterFactory.java]]
[INFO] [parsing completed 2ms]
[INFO] [parsing started RegularFileObject[/tmp/tmpkv577tld/joda-convert/src/main/java/org/joda/convert/TypedStringConverter.java]]
[INFO] [parsing completed 1ms]
[INFO] [parsing started RegularFileObject[/tmp/tmpkv577tld/joda-convert/src/main/java/org/joda/convert/MethodsStringConverter.java]]
[INFO] [parsing completed 1ms]
[INFO] [parsing started RegularFileObject[/tmp/tmpkv577tld/joda-convert/src/main/java/org/joda/convert/EnumStringConverterFactory.java]]
[INFO] [parsing completed 0ms]
[INFO] [parsing started RegularFileObject[/tmp/tmpkv577tld/joda-convert/src/main/java/org/joda/convert/TypeTokenStringConverter.java]]
[INFO] [parsing completed 1ms]
[INFO] [parsing started RegularFileObject[/tmp/tmpkv577tld/joda-convert/src/main/java/org/joda/convert/ReflectionStringConverter.java]]
[INFO] [parsing completed 0ms]
[INFO] [parsing started RegularFileObject[/tmp/tmpkv577tld/joda-convert/src/main/java/org/joda/convert/FromStringFactory.java]]
[INFO] [parsing completed 0ms]
[INFO] [parsing started RegularFileObject[/tmp/tmpkv577tld/joda-convert/src/main/java/org/joda/convert/factory/ByteObjectArrayStringConverterFactory.java]]
[INFO] [parsing completed 0ms]
[INFO] [parsing started RegularFileObject[/tmp/tmpkv577tld/joda-convert/src/main/java/org/joda/convert/FromStringConverter.java]]
[INFO] [parsing completed 1ms]
[INFO] [parsing started RegularFileObject[/tmp/tmpkv577tld/joda-convert/src/main/java/org/joda/convert/factory/BooleanArrayStringConverterFactory.java]]
[INFO] [parsing completed 1ms]
[INFO] [parsing started RegularFileObject[/tmp/tmpkv577tld/joda-convert/src/main/java/org/joda/convert/OptionalLongStringConverter.java]]
[INFO] [parsing completed 1ms]
[INFO] [parsing started RegularFileObject[/tmp/tmpkv577tld/joda-convert/src/main/java/org/joda/convert/OptionalDoubleStringConverter.java]]
[INFO] [parsing completed 1ms]
[INFO] [parsing started RegularFileObject[/tmp/tmpkv577tld/joda-convert/src/main/java/org/joda/convert/ToStringConverter.java]]
[INFO] [parsing completed 0ms]
[INFO] [parsing started RegularFileObject[/tmp/tmpkv577tld/joda-convert/src/main/java/org/joda/convert/StringConvert.java]]
[INFO] [parsing completed 4ms]
[INFO] [parsing started RegularFileObject[/tmp/tmpkv577tld/joda-convert/src/main/java/org/joda/convert/MethodConstructorStringConverter.java]]
[INFO] [parsing completed 0ms]
[INFO] [parsing started RegularFileObject[/tmp/tmpkv577tld/joda-convert/src/main/java/org/joda/convert/factory/CharObjectArrayStringConverterFactory.java]]
[INFO] [parsing completed 2ms]
[INFO] [search path for source files: /tmp/tmpkv577tld/joda-convert/src/main/java,/tmp/tmpkv577tld/joda-convert/target/generated-sources/annotations]
[INFO] [search path for class files: /usr/local/openjdk-8/jre/lib/resources.jar,/usr/local/openjdk-8/jre/lib/rt.jar,/usr/local/openjdk-8/jre/lib/sunrsasign.jar,/usr/local/openjdk-8/jre/lib/jsse.jar,/usr/local/openjdk-8/jre/lib/jce.jar,/usr/local/openjdk-8/jre/lib/charsets.jar,/usr/local/openjdk-8/jre/lib/jfr.jar,/usr/local/openjdk-8/jre/classes,/usr/local/openjdk-8/jre/lib/ext/sunec.jar,/usr/local/openjdk-8/jre/lib/ext/dnsns.jar,/usr/local/openjdk-8/jre/lib/ext/zipfs.jar,/usr/local/openjdk-8/jre/lib/ext/localedata.jar,/usr/local/openjdk-8/jre/lib/ext/jaccess.jar,/usr/local/openjdk-8/jre/lib/ext/sunpkcs11.jar,/usr/local/openjdk-8/jre/lib/ext/cldrdata.jar,/usr/local/openjdk-8/jre/lib/ext/nashorn.jar,/usr/local/openjdk-8/jre/lib/ext/sunjce_provider.jar,/tmp/tmpkv577tld/joda-convert/target/classes,/home/jdbl/.m2/repository/com/google/guava/guava/20.0/guava-20.0.jar,.]
[INFO] [loading ZipFileIndexFileObject[/usr/local/openjdk-8/lib/ct.sym(META-INF/sym/rt.jar/java/io/File.class)]]
[INFO] [loading ZipFileIndexFileObject[/usr/local/openjdk-8/lib/ct.sym(META-INF/sym/rt.jar/java/math/BigDecimal.class)]]
[INFO] [loading ZipFileIndexFileObject[/usr/local/openjdk-8/lib/ct.sym(META-INF/sym/rt.jar/java/math/BigInteger.class)]]
[INFO] [loading ZipFileIndexFileObject[/usr/local/openjdk-8/lib/ct.sym(META-INF/sym/rt.jar/java/net/InetAddress.class)]]
[INFO] [loading ZipFileIndexFileObject[/usr/local/openjdk-8/lib/ct.sym(META-INF/sym/rt.jar/java/net/MalformedURLException.class)]]
[INFO] [loading ZipFileIndexFileObject[/usr/local/openjdk-8/lib/ct.sym(META-INF/sym/rt.jar/java/net/URI.class)]]
[INFO] [loading ZipFileIndexFileObject[/usr/local/openjdk-8/lib/ct.sym(META-INF/sym/rt.jar/java/net/URL.class)]]
[INFO] [loading ZipFileIndexFileObject[/usr/local/openjdk-8/lib/ct.sym(META-INF/sym/rt.jar/java/net/UnknownHostException.class)]]
[INFO] [loading ZipFileIndexFileObject[/usr/local/openjdk-8/lib/ct.sym(META-INF/sym/rt.jar/java/text/ParseException.class)]]
[INFO] [loading ZipFileIndexFileObject[/usr/local/openjdk-8/lib/ct.sym(META-INF/sym/rt.jar/java/text/SimpleDateFormat.class)]]
[INFO] [loading ZipFileIndexFileObject[/usr/local/openjdk-8/lib/ct.sym(META-INF/sym/rt.jar/java/util/Calendar.class)]]
[INFO] [loading ZipFileIndexFileObject[/usr/local/openjdk-8/lib/ct.sym(META-INF/sym/rt.jar/java/util/Currency.class)]]
[INFO] [loading ZipFileIndexFileObject[/usr/local/openjdk-8/lib/ct.sym(META-INF/sym/rt.jar/java/util/Date.class)]]
[INFO] [loading ZipFileIndexFileObject[/usr/local/openjdk-8/lib/ct.sym(META-INF/sym/rt.jar/java/util/GregorianCalendar.class)]]
[INFO] [loading ZipFileIndexFileObject[/usr/local/openjdk-8/lib/ct.sym(META-INF/sym/rt.jar/java/util/Locale.class)]]
[INFO] [loading ZipFileIndexFileObject[/usr/local/openjdk-8/lib/ct.sym(META-INF/sym/rt.jar/java/util/TimeZone.class)]]
[INFO] [loading ZipFileIndexFileObject[/usr/local/openjdk-8/lib/ct.sym(META-INF/sym/rt.jar/java/util/UUID.class)]]
[INFO] [loading ZipFileIndexFileObject[/usr/local/openjdk-8/lib/ct.sym(META-INF/sym/rt.jar/java/util/concurrent/atomic/AtomicBoolean.class)]]
[INFO] [loading ZipFileIndexFileObject[/usr/local/openjdk-8/lib/ct.sym(META-INF/sym/rt.jar/java/util/concurrent/atomic/AtomicInteger.class)]]
[INFO] [loading ZipFileIndexFileObject[/usr/local/openjdk-8/lib/ct.sym(META-INF/sym/rt.jar/java/util/concurrent/atomic/AtomicLong.class)]]
[INFO] [loading ZipFileIndexFileObject[/usr/local/openjdk-8/lib/ct.sym(META-INF/sym/rt.jar/java/lang/Enum.class)]]
[INFO] [loading ZipFileIndexFileObject[/usr/local/openjdk-8/lib/ct.sym(META-INF/sym/rt.jar/java/lang/Comparable.class)]]
[INFO] [loading ZipFileIndexFileObject[/usr/local/openjdk-8/lib/ct.sym(META-INF/sym/rt.jar/java/lang/Object.class)]]
[INFO] [loading ZipFileIndexFileObject[/usr/local/openjdk-8/lib/ct.sym(META-INF/sym/rt.jar/java/io/Serializable.class)]]
[INFO] [loading ZipFileIndexFileObject[/usr/local/openjdk-8/lib/ct.sym(META-INF/sym/rt.jar/java/lang/String.class)]]
[INFO] [loading ZipFileIndexFileObject[/usr/local/openjdk-8/lib/ct.sym(META-INF/sym/rt.jar/java/lang/Class.class)]]
[INFO] [loading ZipFileIndexFileObject[/usr/local/openjdk-8/lib/ct.sym(META-INF/sym/rt.jar/java/lang/reflect/Constructor.class)]]
[INFO] [loading ZipFileIndexFileObject[/usr/local/openjdk-8/lib/ct.sym(META-INF/sym/rt.jar/java/lang/reflect/Method.class)]]
[INFO] [loading ZipFileIndexFileObject[/usr/local/openjdk-8/lib/ct.sym(META-INF/sym/rt.jar/java/lang/reflect/InvocationTargetException.class)]]
[INFO] [loading ZipFileIndexFileObject[/usr/local/openjdk-8/lib/ct.sym(META-INF/sym/rt.jar/java/lang/reflect/Modifier.class)]]
[INFO] [loading ZipFileIndexFileObject[/usr/local/openjdk-8/lib/ct.sym(META-INF/sym/rt.jar/java/lang/reflect/Array.class)]]
[INFO] [loading ZipFileIndexFileObject[/usr/local/openjdk-8/lib/ct.sym(META-INF/sym/rt.jar/java/lang/reflect/ParameterizedType.class)]]
[INFO] [loading ZipFileIndexFileObject[/usr/local/openjdk-8/lib/ct.sym(META-INF/sym/rt.jar/java/lang/reflect/Type.class)]]
[INFO] [loading ZipFileIndexFileObject[/usr/local/openjdk-8/lib/ct.sym(META-INF/sym/rt.jar/java/util/ArrayList.class)]]
[INFO] [loading ZipFileIndexFileObject[/usr/local/openjdk-8/lib/ct.sym(META-INF/sym/rt.jar/java/util/List.class)]]
[INFO] [loading ZipFileIndexFileObject[/home/jdbl/.m2/repository/com/google/guava/guava/20.0/guava-20.0.jar(com/google/common/collect/ImmutableMap.class)]]
[INFO] [loading ZipFileIndexFileObject[/usr/local/openjdk-8/lib/ct.sym(META-INF/sym/rt.jar/java/lang/Exception.class)]]
[INFO] [loading ZipFileIndexFileObject[/home/jdbl/.m2/repository/com/google/guava/guava/20.0/guava-20.0.jar(com/google/common/reflect/TypeToken.class)]]
[INFO] [loading ZipFileIndexFileObject[/usr/local/openjdk-8/lib/ct.sym(META-INF/sym/rt.jar/java/lang/Boolean.class)]]
[INFO] [loading ZipFileIndexFileObject[/usr/local/openjdk-8/lib/ct.sym(META-INF/sym/rt.jar/java/util/HashMap.class)]]
[INFO] [loading ZipFileIndexFileObject[/usr/local/openjdk-8/lib/ct.sym(META-INF/sym/rt.jar/java/util/HashSet.class)]]
[INFO] [loading ZipFileIndexFileObject[/usr/local/openjdk-8/lib/ct.sym(META-INF/sym/rt.jar/java/util/Map.class)]]
[INFO] [loading ZipFileIndexFileObject[/usr/local/openjdk-8/lib/ct.sym(META-INF/sym/rt.jar/java/util/Set.class)]]
[INFO] [loading ZipFileIndexFileObject[/usr/local/openjdk-8/lib/ct.sym(META-INF/sym/rt.jar/java/util/concurrent/ConcurrentHashMap.class)]]
[INFO] [loading ZipFileIndexFileObject[/usr/local/openjdk-8/lib/ct.sym(META-INF/sym/rt.jar/java/lang/ClassNotFoundException.class)]]
[INFO] [loading ZipFileIndexFileObject[/usr/local/openjdk-8/lib/ct.sym(META-INF/sym/rt.jar/java/lang/annotation/ElementType.class)]]
[INFO] [loading ZipFileIndexFileObject[/usr/local/openjdk-8/lib/ct.sym(META-INF/sym/rt.jar/java/lang/annotation/Retention.class)]]
[INFO] [loading ZipFileIndexFileObject[/usr/local/openjdk-8/lib/ct.sym(META-INF/sym/rt.jar/java/lang/annotation/RetentionPolicy.class)]]
[INFO] [loading ZipFileIndexFileObject[/usr/local/openjdk-8/lib/ct.sym(META-INF/sym/rt.jar/java/lang/annotation/Target.class)]]
[INFO] [loading ZipFileIndexFileObject[/usr/local/openjdk-8/lib/ct.sym(META-INF/sym/rt.jar/java/lang/annotation/Annotation.class)]]
[INFO] [loading ZipFileIndexFileObject[/usr/local/openjdk-8/lib/ct.sym(META-INF/sym/rt.jar/java/util/regex/Pattern.class)]]
[INFO] [loading ZipFileIndexFileObject[/usr/local/openjdk-8/lib/ct.sym(META-INF/sym/rt.jar/java/lang/Long.class)]]
[INFO] [loading ZipFileIndexFileObject[/usr/local/openjdk-8/lib/ct.sym(META-INF/sym/rt.jar/java/lang/Integer.class)]]
[INFO] [loading ZipFileIndexFileObject[/usr/local/openjdk-8/lib/ct.sym(META-INF/sym/rt.jar/java/lang/Short.class)]]
[INFO] [loading ZipFileIndexFileObject[/usr/local/openjdk-8/lib/ct.sym(META-INF/sym/rt.jar/java/lang/Double.class)]]
[INFO] [loading ZipFileIndexFileObject[/usr/local/openjdk-8/lib/ct.sym(META-INF/sym/rt.jar/java/lang/Float.class)]]
[INFO] [loading ZipFileIndexFileObject[/usr/local/openjdk-8/lib/ct.sym(META-INF/sym/rt.jar/java/lang/Byte.class)]]
[INFO] [loading ZipFileIndexFileObject[/usr/local/openjdk-8/lib/ct.sym(META-INF/sym/rt.jar/java/util/Arrays.class)]]
[INFO] [loading ZipFileIndexFileObject[/usr/local/openjdk-8/lib/ct.sym(META-INF/sym/rt.jar/java/util/SimpleTimeZone.class)]]
[INFO] [loading ZipFileIndexFileObject[/usr/local/openjdk-8/lib/ct.sym(META-INF/sym/rt.jar/java/util/concurrent/ConcurrentMap.class)]]
[INFO] [loading ZipFileIndexFileObject[/usr/local/openjdk-8/lib/ct.sym(META-INF/sym/rt.jar/java/util/concurrent/CopyOnWriteArrayList.class)]]
[INFO] [loading ZipFileIndexFileObject[/usr/local/openjdk-8/lib/ct.sym(META-INF/sym/rt.jar/java/lang/Character.class)]]
[INFO] [loading ZipFileIndexFileObject[/usr/local/openjdk-8/lib/ct.sym(META-INF/sym/rt.jar/java/lang/Override.class)]]
[INFO] [loading ZipFileIndexFileObject[/home/jdbl/.m2/repository/com/google/guava/guava/20.0/guava-20.0.jar(com/google/common/annotations/GwtCompatible.class)]]
[INFO] [loading ZipFileIndexFileObject[/usr/local/openjdk-8/lib/ct.sym(META-INF/sym/rt.jar/java/lang/SuppressWarnings.class)]]
[INFO] [checking org.joda.convert.JDKStringConverter]
[INFO] [loading ZipFileIndexFileObject[/usr/local/openjdk-8/lib/ct.sym(META-INF/sym/rt.jar/java/lang/CloneNotSupportedException.class)]]
[INFO] [loading ZipFileIndexFileObject[/usr/local/openjdk-8/lib/ct.sym(META-INF/sym/rt.jar/java/lang/AutoCloseable.class)]]
[INFO] [loading ZipFileIndexFileObject[/usr/local/openjdk-8/lib/ct.sym(META-INF/sym/rt.jar/java/lang/CharSequence.class)]]
[INFO] [loading ZipFileIndexFileObject[/usr/local/openjdk-8/lib/ct.sym(META-INF/sym/rt.jar/java/lang/StringBuffer.class)]]
[INFO] [loading ZipFileIndexFileObject[/usr/local/openjdk-8/lib/ct.sym(META-INF/sym/rt.jar/java/lang/StringBuilder.class)]]
[INFO] [loading ZipFileIndexFileObject[/usr/local/openjdk-8/lib/ct.sym(META-INF/sym/rt.jar/java/lang/IllegalArgumentException.class)]]
[INFO] [loading ZipFileIndexFileObject[/usr/local/openjdk-8/lib/ct.sym(META-INF/sym/rt.jar/java/lang/Throwable.class)]]
[INFO] [loading ZipFileIndexFileObject[/usr/local/openjdk-8/lib/ct.sym(META-INF/sym/rt.jar/java/lang/RuntimeException.class)]]
[INFO] [loading ZipFileIndexFileObject[/usr/local/openjdk-8/lib/ct.sym(META-INF/sym/rt.jar/java/lang/Number.class)]]
[INFO] [loading ZipFileIndexFileObject[/usr/local/openjdk-8/lib/ct.sym(META-INF/sym/rt.jar/sun/util/locale/BaseLocale.class)]]
[INFO] [loading ZipFileIndexFileObject[/usr/local/openjdk-8/lib/ct.sym(META-INF/sym/rt.jar/java/lang/reflect/GenericDeclaration.class)]]
[INFO] [loading ZipFileIndexFileObject[/usr/local/openjdk-8/lib/ct.sym(META-INF/sym/rt.jar/java/lang/reflect/AnnotatedElement.class)]]
[INFO] [loading ZipFileIndexFileObject[/usr/local/openjdk-8/lib/ct.sym(META-INF/sym/rt.jar/java/lang/ReflectiveOperationException.class)]]
[INFO] [loading ZipFileIndexFileObject[/usr/local/openjdk-8/lib/ct.sym(META-INF/sym/rt.jar/java/lang/Package.class)]]
[INFO] [loading ZipFileIndexFileObject[/usr/local/openjdk-8/lib/ct.sym(META-INF/sym/rt.jar/java/lang/Cloneable.class)]]
[INFO] [loading ZipFileIndexFileObject[/usr/local/openjdk-8/lib/ct.sym(META-INF/sym/rt.jar/java/time/ZoneId.class)]]
[INFO] [loading ZipFileIndexFileObject[/usr/local/openjdk-8/lib/ct.sym(META-INF/sym/rt.jar/java/io/IOException.class)]]
[INFO] [loading ZipFileIndexFileObject[/usr/local/openjdk-8/lib/ct.sym(META-INF/sym/rt.jar/java/text/DateFormat.class)]]
[INFO] [loading ZipFileIndexFileObject[/usr/local/openjdk-8/lib/ct.sym(META-INF/sym/rt.jar/java/text/Format.class)]]
[INFO] [loading ZipFileIndexFileObject[/usr/local/openjdk-8/lib/ct.sym(META-INF/sym/rt.jar/java/lang/System.class)]]
[INFO] [loading ZipFileIndexFileObject[/usr/local/openjdk-8/lib/ct.sym(META-INF/sym/rt.jar/java/lang/Error.class)]]
[INFO] [loading ZipFileIndexFileObject[/usr/local/openjdk-8/lib/ct.sym(META-INF/sym/rt.jar/java/lang/NumberFormatException.class)]]
[INFO] [wrote RegularFileObject[/tmp/tmpkv577tld/joda-convert/target/classes/org/joda/convert/JDKStringConverter$1.class]]
[INFO] [wrote RegularFileObject[/tmp/tmpkv577tld/joda-convert/target/classes/org/joda/convert/JDKStringConverter$2.class]]
[INFO] [wrote RegularFileObject[/tmp/tmpkv577tld/joda-convert/target/classes/org/joda/convert/JDKStringConverter$3.class]]
[INFO] [wrote RegularFileObject[/tmp/tmpkv577tld/joda-convert/target/classes/org/joda/convert/JDKStringConverter$4.class]]
[INFO] [wrote RegularFileObject[/tmp/tmpkv577tld/joda-convert/target/classes/org/joda/convert/JDKStringConverter$5.class]]
[INFO] [wrote RegularFileObject[/tmp/tmpkv577tld/joda-convert/target/classes/org/joda/convert/JDKStringConverter$6.class]]
[INFO] [wrote RegularFileObject[/tmp/tmpkv577tld/joda-convert/target/classes/org/joda/convert/JDKStringConverter$7.class]]
[INFO] [wrote RegularFileObject[/tmp/tmpkv577tld/joda-convert/target/classes/org/joda/convert/JDKStringConverter$8.class]]
[INFO] [wrote RegularFileObject[/tmp/tmpkv577tld/joda-convert/target/classes/org/joda/convert/JDKStringConverter$9.class]]
[INFO] [wrote RegularFileObject[/tmp/tmpkv577tld/joda-convert/target/classes/org/joda/convert/JDKStringConverter$10.class]]
[INFO] [wrote RegularFileObject[/tmp/tmpkv577tld/joda-convert/target/classes/org/joda/convert/JDKStringConverter$11.class]]
[INFO] [wrote RegularFileObject[/tmp/tmpkv577tld/joda-convert/target/classes/org/joda/convert/JDKStringConverter$12.class]]
[INFO] [wrote RegularFileObject[/tmp/tmpkv577tld/joda-convert/target/classes/org/joda/convert/JDKStringConverter$13.class]]
[INFO] [wrote RegularFileObject[/tmp/tmpkv577tld/joda-convert/target/classes/org/joda/convert/JDKStringConverter$14.class]]
[INFO] [wrote RegularFileObject[/tmp/tmpkv577tld/joda-convert/target/classes/org/joda/convert/JDKStringConverter$15.class]]
[INFO] [wrote RegularFileObject[/tmp/tmpkv577tld/joda-convert/target/classes/org/joda/convert/JDKStringConverter$16.class]]
[INFO] [wrote RegularFileObject[/tmp/tmpkv577tld/joda-convert/target/classes/org/joda/convert/JDKStringConverter$17.class]]
[INFO] [wrote RegularFileObject[/tmp/tmpkv577tld/joda-convert/target/classes/org/joda/convert/JDKStringConverter$18.class]]
[INFO] [wrote RegularFileObject[/tmp/tmpkv577tld/joda-convert/target/classes/org/joda/convert/JDKStringConverter$19.class]]
[INFO] [loading ZipFileIndexFileObject[/usr/local/openjdk-8/lib/ct.sym(META-INF/sym/rt.jar/java/lang/AbstractStringBuilder.class)]]
[INFO] [loading ZipFileIndexFileObject[/usr/local/openjdk-8/lib/ct.sym(META-INF/sym/rt.jar/java/lang/Appendable.class)]]
[INFO] [wrote RegularFileObject[/tmp/tmpkv577tld/joda-convert/target/classes/org/joda/convert/JDKStringConverter$20.class]]
[INFO] [wrote RegularFileObject[/tmp/tmpkv577tld/joda-convert/target/classes/org/joda/convert/JDKStringConverter$21.class]]
[INFO] [wrote RegularFileObject[/tmp/tmpkv577tld/joda-convert/target/classes/org/joda/convert/JDKStringConverter$22.class]]
[INFO] [wrote RegularFileObject[/tmp/tmpkv577tld/joda-convert/target/classes/org/joda/convert/JDKStringConverter$23.class]]
[INFO] [wrote RegularFileObject[/tmp/tmpkv577tld/joda-convert/target/classes/org/joda/convert/JDKStringConverter$24.class]]
[INFO] [wrote RegularFileObject[/tmp/tmpkv577tld/joda-convert/target/classes/org/joda/convert/JDKStringConverter$25.class]]
[INFO] [wrote RegularFileObject[/tmp/tmpkv577tld/joda-convert/target/classes/org/joda/convert/JDKStringConverter$26.class]]
[INFO] [wrote RegularFileObject[/tmp/tmpkv577tld/joda-convert/target/classes/org/joda/convert/JDKStringConverter$27.class]]
[INFO] [wrote RegularFileObject[/tmp/tmpkv577tld/joda-convert/target/classes/org/joda/convert/JDKStringConverter$28.class]]
[INFO] [wrote RegularFileObject[/tmp/tmpkv577tld/joda-convert/target/classes/org/joda/convert/JDKStringConverter$29.class]]
[INFO] [wrote RegularFileObject[/tmp/tmpkv577tld/joda-convert/target/classes/org/joda/convert/JDKStringConverter$30.class]]
[INFO] [wrote RegularFileObject[/tmp/tmpkv577tld/joda-convert/target/classes/org/joda/convert/JDKStringConverter$31.class]]
[INFO] [wrote RegularFileObject[/tmp/tmpkv577tld/joda-convert/target/classes/org/joda/convert/JDKStringConverter.class]]
[INFO] [checking org.joda.convert.TypedStringConverter]
[INFO] [wrote RegularFileObject[/tmp/tmpkv577tld/joda-convert/target/classes/org/joda/convert/TypedStringConverter.class]]
[INFO] [checking org.joda.convert.StringConverter]
[INFO] [wrote RegularFileObject[/tmp/tmpkv577tld/joda-convert/target/classes/org/joda/convert/StringConverter.class]]
[INFO] [checking org.joda.convert.ToStringConverter]
[INFO] [wrote RegularFileObject[/tmp/tmpkv577tld/joda-convert/target/classes/org/joda/convert/ToStringConverter.class]]
[INFO] [checking org.joda.convert.FromStringConverter]
[INFO] [wrote RegularFileObject[/tmp/tmpkv577tld/joda-convert/target/classes/org/joda/convert/FromStringConverter.class]]
[INFO] [checking org.joda.convert.TypedAdapter]
[INFO] [wrote RegularFileObject[/tmp/tmpkv577tld/joda-convert/target/classes/org/joda/convert/TypedAdapter.class]]
[INFO] [checking org.joda.convert.StringConverterFactory]
[INFO] [wrote RegularFileObject[/tmp/tmpkv577tld/joda-convert/target/classes/org/joda/convert/StringConverterFactory.class]]
[INFO] [checking org.joda.convert.AnnotationStringConverterFactory]
[INFO] [loading ZipFileIndexFileObject[/usr/local/openjdk-8/lib/ct.sym(META-INF/sym/rt.jar/java/lang/reflect/Executable.class)]]
[INFO] [loading ZipFileIndexFileObject[/usr/local/openjdk-8/lib/ct.sym(META-INF/sym/rt.jar/java/lang/reflect/AccessibleObject.class)]]
[INFO] [loading ZipFileIndexFileObject[/usr/local/openjdk-8/lib/ct.sym(META-INF/sym/rt.jar/java/lang/IllegalStateException.class)]]
[INFO] [loading ZipFileIndexFileObject[/usr/local/openjdk-8/lib/ct.sym(META-INF/sym/rt.jar/java/lang/Void.class)]]
[INFO] [loading ZipFileIndexFileObject[/usr/local/openjdk-8/lib/ct.sym(META-INF/sym/rt.jar/java/lang/SecurityException.class)]]
[INFO] [loading ZipFileIndexFileObject[/usr/local/openjdk-8/lib/ct.sym(META-INF/sym/rt.jar/java/lang/reflect/Member.class)]]
[INFO] [loading ZipFileIndexFileObject[/usr/local/openjdk-8/lib/ct.sym(META-INF/sym/rt.jar/java/lang/NoSuchMethodException.class)]]
[INFO] [wrote RegularFileObject[/tmp/tmpkv577tld/joda-convert/target/classes/org/joda/convert/AnnotationStringConverterFactory.class]]
[INFO] [checking org.joda.convert.MethodConstructorStringConverter]
[INFO] [loading ZipFileIndexFileObject[/usr/local/openjdk-8/lib/ct.sym(META-INF/sym/rt.jar/java/lang/IllegalAccessException.class)]]
[INFO] [loading ZipFileIndexFileObject[/usr/local/openjdk-8/lib/ct.sym(META-INF/sym/rt.jar/java/lang/InstantiationException.class)]]
[INFO] [checking org.joda.convert.ReflectionStringConverter]
[INFO] [wrote RegularFileObject[/tmp/tmpkv577tld/joda-convert/target/classes/org/joda/convert/MethodConstructorStringConverter.class]]
[INFO] [wrote RegularFileObject[/tmp/tmpkv577tld/joda-convert/target/classes/org/joda/convert/ReflectionStringConverter.class]]
[INFO] [checking org.joda.convert.MethodsStringConverter]
[INFO] [wrote RegularFileObject[/tmp/tmpkv577tld/joda-convert/target/classes/org/joda/convert/MethodsStringConverter.class]]
[INFO] [checking org.joda.convert.AbstractTypeStringConverter]
[INFO] [loading ZipFileIndexFileObject[/home/jdbl/.m2/repository/com/google/guava/guava/20.0/guava-20.0.jar(com/google/common/collect/ImmutableMap$Builder.class)]]
[INFO] [loading ZipFileIndexFileObject[/usr/local/openjdk-8/lib/ct.sym(META-INF/sym/rt.jar/java/util/Map$Entry.class)]]
[INFO] [loading ZipFileIndexFileObject[/usr/local/openjdk-8/lib/ct.sym(META-INF/sym/rt.jar/java/util/Collection.class)]]
[INFO] [loading ZipFileIndexFileObject[/usr/local/openjdk-8/lib/ct.sym(META-INF/sym/rt.jar/java/util/AbstractList.class)]]
[INFO] [loading ZipFileIndexFileObject[/usr/local/openjdk-8/lib/ct.sym(META-INF/sym/rt.jar/java/util/AbstractCollection.class)]]
[INFO] [loading ZipFileIndexFileObject[/usr/local/openjdk-8/lib/ct.sym(META-INF/sym/rt.jar/java/lang/Iterable.class)]]
[INFO] [loading ZipFileIndexFileObject[/usr/local/openjdk-8/lib/ct.sym(META-INF/sym/rt.jar/java/lang/NegativeArraySizeException.class)]]
[INFO] [loading ZipFileIndexFileObject[/usr/local/openjdk-8/lib/ct.sym(META-INF/sym/rt.jar/java/util/Iterator.class)]]
[INFO] [wrote RegularFileObject[/tmp/tmpkv577tld/joda-convert/target/classes/org/joda/convert/AbstractTypeStringConverter.class]]
[INFO] [checking org.joda.convert.TypeStringConverter]
[INFO] [loading ZipFileIndexFileObject[/home/jdbl/.m2/repository/com/google/guava/guava/20.0/guava-20.0.jar(com/google/common/reflect/TypeCapture.class)]]
[INFO] [wrote RegularFileObject[/tmp/tmpkv577tld/joda-convert/target/classes/org/joda/convert/TypeStringConverter.class]]
[INFO] [checking org.joda.convert.OptionalIntStringConverter]
[INFO] [wrote RegularFileObject[/tmp/tmpkv577tld/joda-convert/target/classes/org/joda/convert/OptionalIntStringConverter.class]]
[INFO] [checking org.joda.convert.factory.BooleanObjectArrayStringConverterFactory]
[INFO] [wrote RegularFileObject[/tmp/tmpkv577tld/joda-convert/target/classes/org/joda/convert/factory/BooleanObjectArrayStringConverterFactory$BooleanArrayStringConverter$1.class]]
[INFO] [wrote RegularFileObject[/tmp/tmpkv577tld/joda-convert/target/classes/org/joda/convert/factory/BooleanObjectArrayStringConverterFactory$BooleanArrayStringConverter.class]]
[INFO] [wrote RegularFileObject[/tmp/tmpkv577tld/joda-convert/target/classes/org/joda/convert/factory/BooleanObjectArrayStringConverterFactory$1.class]]
[INFO] [wrote RegularFileObject[/tmp/tmpkv577tld/joda-convert/target/classes/org/joda/convert/factory/BooleanObjectArrayStringConverterFactory.class]]
[INFO] [checking org.joda.convert.RenameHandler]
[INFO] [loading ZipFileIndexFileObject[/usr/local/openjdk-8/lib/ct.sym(META-INF/sym/rt.jar/java/util/AbstractMap.class)]]
[INFO] [loading ZipFileIndexFileObject[/usr/local/openjdk-8/lib/ct.sym(META-INF/sym/rt.jar/java/lang/ClassLoader.class)]]
[INFO] [loading ZipFileIndexFileObject[/usr/local/openjdk-8/lib/ct.sym(META-INF/sym/rt.jar/java/lang/Thread.class)]]
[INFO] [loading ZipFileIndexFileObject[/usr/local/openjdk-8/lib/ct.sym(META-INF/sym/rt.jar/sun/misc/Contended.class)]]
[INFO] [loading ZipFileIndexFileObject[/usr/local/openjdk-8/lib/ct.sym(META-INF/sym/rt.jar/java/lang/Runnable.class)]]
[INFO] [loading ZipFileIndexFileObject[/usr/local/openjdk-8/lib/ct.sym(META-INF/sym/rt.jar/java/util/concurrent/ConcurrentHashMap$KeySetView.class)]]
[INFO] [loading ZipFileIndexFileObject[/usr/local/openjdk-8/lib/ct.sym(META-INF/sym/rt.jar/java/util/concurrent/ConcurrentHashMap$CollectionView.class)]]
[INFO] [loading ZipFileIndexFileObject[/usr/local/openjdk-8/lib/ct.sym(META-INF/sym/rt.jar/java/util/AbstractSet.class)]]
[INFO] [wrote RegularFileObject[/tmp/tmpkv577tld/joda-convert/target/classes/org/joda/convert/RenameHandler.class]]
[INFO] [checking org.joda.convert.FromString]
[INFO] [wrote RegularFileObject[/tmp/tmpkv577tld/joda-convert/target/classes/org/joda/convert/FromString.class]]
[INFO] [checking org.joda.convert.ToString]
[INFO] [wrote RegularFileObject[/tmp/tmpkv577tld/joda-convert/target/classes/org/joda/convert/ToString.class]]
[INFO] [checking org.joda.convert.factory.NumericArrayStringConverterFactory]
[INFO] [wrote RegularFileObject[/tmp/tmpkv577tld/joda-convert/target/classes/org/joda/convert/factory/NumericArrayStringConverterFactory$LongArrayStringConverter$1.class]]
[INFO] [wrote RegularFileObject[/tmp/tmpkv577tld/joda-convert/target/classes/org/joda/convert/factory/NumericArrayStringConverterFactory$LongArrayStringConverter.class]]
[INFO] [wrote RegularFileObject[/tmp/tmpkv577tld/joda-convert/target/classes/org/joda/convert/factory/NumericArrayStringConverterFactory$IntArrayStringConverter$1.class]]
[INFO] [wrote RegularFileObject[/tmp/tmpkv577tld/joda-convert/target/classes/org/joda/convert/factory/NumericArrayStringConverterFactory$IntArrayStringConverter.class]]
[INFO] [wrote RegularFileObject[/tmp/tmpkv577tld/joda-convert/target/classes/org/joda/convert/factory/NumericArrayStringConverterFactory$ShortArrayStringConverter$1.class]]
[INFO] [wrote RegularFileObject[/tmp/tmpkv577tld/joda-convert/target/classes/org/joda/convert/factory/NumericArrayStringConverterFactory$ShortArrayStringConverter.class]]
[INFO] [wrote RegularFileObject[/tmp/tmpkv577tld/joda-convert/target/classes/org/joda/convert/factory/NumericArrayStringConverterFactory$DoubleArrayStringConverter$1.class]]
[INFO] [wrote RegularFileObject[/tmp/tmpkv577tld/joda-convert/target/classes/org/joda/convert/factory/NumericArrayStringConverterFactory$DoubleArrayStringConverter.class]]
[INFO] [wrote RegularFileObject[/tmp/tmpkv577tld/joda-convert/target/classes/org/joda/convert/factory/NumericArrayStringConverterFactory$FloatArrayStringConverter$1.class]]
[INFO] [wrote RegularFileObject[/tmp/tmpkv577tld/joda-convert/target/classes/org/joda/convert/factory/NumericArrayStringConverterFactory$FloatArrayStringConverter.class]]
[INFO] [wrote RegularFileObject[/tmp/tmpkv577tld/joda-convert/target/classes/org/joda/convert/factory/NumericArrayStringConverterFactory$1.class]]
[INFO] [wrote RegularFileObject[/tmp/tmpkv577tld/joda-convert/target/classes/org/joda/convert/factory/NumericArrayStringConverterFactory.class]]
[INFO] [checking org.joda.convert.factory.NumericObjectArrayStringConverterFactory]
[INFO] [wrote RegularFileObject[/tmp/tmpkv577tld/joda-convert/target/classes/org/joda/convert/factory/NumericObjectArrayStringConverterFactory$LongArrayStringConverter$1.class]]
[INFO] [wrote RegularFileObject[/tmp/tmpkv577tld/joda-convert/target/classes/org/joda/convert/factory/NumericObjectArrayStringConverterFactory$LongArrayStringConverter.class]]
[INFO] [wrote RegularFileObject[/tmp/tmpkv577tld/joda-convert/target/classes/org/joda/convert/factory/NumericObjectArrayStringConverterFactory$IntArrayStringConverter$1.class]]
[INFO] [wrote RegularFileObject[/tmp/tmpkv577tld/joda-convert/target/classes/org/joda/convert/factory/NumericObjectArrayStringConverterFactory$IntArrayStringConverter.class]]
[INFO] [wrote RegularFileObject[/tmp/tmpkv577tld/joda-convert/target/classes/org/joda/convert/factory/NumericObjectArrayStringConverterFactory$ShortArrayStringConverter$1.class]]
[INFO] [wrote RegularFileObject[/tmp/tmpkv577tld/joda-convert/target/classes/org/joda/convert/factory/NumericObjectArrayStringConverterFactory$ShortArrayStringConverter.class]]
[INFO] [wrote RegularFileObject[/tmp/tmpkv577tld/joda-convert/target/classes/org/joda/convert/factory/NumericObjectArrayStringConverterFactory$DoubleArrayStringConverter$1.class]]
[INFO] [wrote RegularFileObject[/tmp/tmpkv577tld/joda-convert/target/classes/org/joda/convert/factory/NumericObjectArrayStringConverterFactory$DoubleArrayStringConverter.class]]
[INFO] [wrote RegularFileObject[/tmp/tmpkv577tld/joda-convert/target/classes/org/joda/convert/factory/NumericObjectArrayStringConverterFactory$FloatArrayStringConverter$1.class]]
[INFO] [wrote RegularFileObject[/tmp/tmpkv577tld/joda-convert/target/classes/org/joda/convert/factory/NumericObjectArrayStringConverterFactory$FloatArrayStringConverter.class]]
[INFO] [wrote RegularFileObject[/tmp/tmpkv577tld/joda-convert/target/classes/org/joda/convert/factory/NumericObjectArrayStringConverterFactory$1.class]]
[INFO] [wrote RegularFileObject[/tmp/tmpkv577tld/joda-convert/target/classes/org/joda/convert/factory/NumericObjectArrayStringConverterFactory.class]]
[INFO] [checking org.joda.convert.EnumStringConverterFactory]
[INFO] [wrote RegularFileObject[/tmp/tmpkv577tld/joda-convert/target/classes/org/joda/convert/EnumStringConverterFactory$EnumStringConverter.class]]
[INFO] [wrote RegularFileObject[/tmp/tmpkv577tld/joda-convert/target/classes/org/joda/convert/EnumStringConverterFactory.class]]
[INFO] [checking org.joda.convert.TypeTokenStringConverter]
[INFO] [wrote RegularFileObject[/tmp/tmpkv577tld/joda-convert/target/classes/org/joda/convert/TypeTokenStringConverter.class]]
[INFO] [checking org.joda.convert.FromStringFactory]
[INFO] [wrote RegularFileObject[/tmp/tmpkv577tld/joda-convert/target/classes/org/joda/convert/FromStringFactory.class]]
[INFO] [checking org.joda.convert.factory.ByteObjectArrayStringConverterFactory]
[INFO] [wrote RegularFileObject[/tmp/tmpkv577tld/joda-convert/target/classes/org/joda/convert/factory/ByteObjectArrayStringConverterFactory$ByteArrayStringConverter$1.class]]
[INFO] [wrote RegularFileObject[/tmp/tmpkv577tld/joda-convert/target/classes/org/joda/convert/factory/ByteObjectArrayStringConverterFactory$ByteArrayStringConverter.class]]
[INFO] [wrote RegularFileObject[/tmp/tmpkv577tld/joda-convert/target/classes/org/joda/convert/factory/ByteObjectArrayStringConverterFactory$1.class]]
[INFO] [wrote RegularFileObject[/tmp/tmpkv577tld/joda-convert/target/classes/org/joda/convert/factory/ByteObjectArrayStringConverterFactory.class]]
[INFO] [checking org.joda.convert.factory.BooleanArrayStringConverterFactory]
[INFO] [wrote RegularFileObject[/tmp/tmpkv577tld/joda-convert/target/classes/org/joda/convert/factory/BooleanArrayStringConverterFactory$BooleanArrayStringConverter$1.class]]
[INFO] [wrote RegularFileObject[/tmp/tmpkv577tld/joda-convert/target/classes/org/joda/convert/factory/BooleanArrayStringConverterFactory$BooleanArrayStringConverter.class]]
[INFO] [wrote RegularFileObject[/tmp/tmpkv577tld/joda-convert/target/classes/org/joda/convert/factory/BooleanArrayStringConverterFactory$1.class]]
[INFO] [wrote RegularFileObject[/tmp/tmpkv577tld/joda-convert/target/classes/org/joda/convert/factory/BooleanArrayStringConverterFactory.class]]
[INFO] [checking org.joda.convert.OptionalLongStringConverter]
[INFO] [wrote RegularFileObject[/tmp/tmpkv577tld/joda-convert/target/classes/org/joda/convert/OptionalLongStringConverter.class]]
[INFO] [checking org.joda.convert.OptionalDoubleStringConverter]
[INFO] [wrote RegularFileObject[/tmp/tmpkv577tld/joda-convert/target/classes/org/joda/convert/OptionalDoubleStringConverter.class]]
[INFO] [checking org.joda.convert.StringConvert]
[INFO] [loading ZipFileIndexFileObject[/usr/local/openjdk-8/lib/ct.sym(META-INF/sym/rt.jar/java/util/RandomAccess.class)]]
[INFO] [wrote RegularFileObject[/tmp/tmpkv577tld/joda-convert/target/classes/org/joda/convert/StringConvert$1.class]]
[INFO] [wrote RegularFileObject[/tmp/tmpkv577tld/joda-convert/target/classes/org/joda/convert/StringConvert$2.class]]
[INFO] [wrote RegularFileObject[/tmp/tmpkv577tld/joda-convert/target/classes/org/joda/convert/StringConvert.class]]
[INFO] [checking org.joda.convert.factory.CharObjectArrayStringConverterFactory]
[INFO] [wrote RegularFileObject[/tmp/tmpkv577tld/joda-convert/target/classes/org/joda/convert/factory/CharObjectArrayStringConverterFactory$CharecterArrayStringConverter$1.class]]
[INFO] [wrote RegularFileObject[/tmp/tmpkv577tld/joda-convert/target/classes/org/joda/convert/factory/CharObjectArrayStringConverterFactory$CharecterArrayStringConverter.class]]
[INFO] [wrote RegularFileObject[/tmp/tmpkv577tld/joda-convert/target/classes/org/joda/convert/factory/CharObjectArrayStringConverterFactory$1.class]]
[INFO] [wrote RegularFileObject[/tmp/tmpkv577tld/joda-convert/target/classes/org/joda/convert/factory/CharObjectArrayStringConverterFactory.class]]
[INFO] [total 656ms]
[INFO] 
[INFO] >>> maven-bundle-plugin:2.5.4:manifest (bundle-manifest) > process-classes @ joda-convert >>>
[INFO] 
[INFO] --- maven-checkstyle-plugin:2.14:checkstyle (run-checkstyle) @ joda-convert ---
[INFO] 
[INFO] --- maven-resources-plugin:3.0.2:resources (default-resources) @ joda-convert ---
[INFO] Using 'UTF-8' encoding to copy filtered resources.
[INFO] skip non existing resourceDirectory /tmp/tmpkv577tld/joda-convert/src/main/resources
[INFO] Copying 2 resources to META-INF
[INFO] 
[INFO] --- maven-compiler-plugin:3.6.1:compile (default-compile) @ joda-convert ---
[INFO] Nothing to compile - all classes are up to date
[INFO] 
[INFO] <<< maven-bundle-plugin:2.5.4:manifest (bundle-manifest) < process-classes @ joda-convert <<<
[INFO] 
[INFO] 
[INFO] --- maven-bundle-plugin:2.5.4:manifest (bundle-manifest) @ joda-convert ---
[INFO] 
[INFO] --- maven-resources-plugin:3.0.2:testResources (default-testResources) @ joda-convert ---
[INFO] Using 'UTF-8' encoding to copy filtered resources.
[INFO] skip non existing resourceDirectory /tmp/tmpkv577tld/joda-convert/src/test/resources
[INFO] 
[INFO] --- maven-compiler-plugin:3.6.1:testCompile (default-testCompile) @ joda-convert ---
[INFO] Changes detected - recompiling the module!
[INFO] Compiling 57 source files to /tmp/tmpkv577tld/joda-convert/target/test-classes
[INFO] [parsing started RegularFileObject[/tmp/tmpkv577tld/joda-convert/src/test/java/org/joda/convert/Validity.java]]
[INFO] [parsing completed 12ms]
[INFO] [parsing started RegularFileObject[/tmp/tmpkv577tld/joda-convert/src/test/java/org/joda/convert/test2/Test2Factory.java]]
[INFO] [parsing completed 2ms]
[INFO] [parsing started RegularFileObject[/tmp/tmpkv577tld/joda-convert/src/test/java/org/joda/convert/TestByteObjectArrayStringConverterFactory.java]]
[INFO] [parsing completed 1ms]
[INFO] [parsing started RegularFileObject[/tmp/tmpkv577tld/joda-convert/src/test/java/org/joda/convert/SubMethodConstructor.java]]
[INFO] [parsing completed 1ms]
[INFO] [parsing started RegularFileObject[/tmp/tmpkv577tld/joda-convert/src/test/java/org/joda/convert/ValidityStringConverter.java]]
[INFO] [parsing completed 1ms]
[INFO] [parsing started RegularFileObject[/tmp/tmpkv577tld/joda-convert/src/test/java/org/joda/convert/DistanceMethodMethod.java]]
[INFO] [parsing completed 1ms]
[INFO] [parsing started RegularFileObject[/tmp/tmpkv577tld/joda-convert/src/test/java/org/joda/convert/MockDistanceStringConverter.java]]
[INFO] [parsing completed 1ms]
[INFO] [parsing started RegularFileObject[/tmp/tmpkv577tld/joda-convert/src/test/java/org/joda/convert/DistanceMethodMethodCharSequence.java]]
[INFO] [parsing completed 0ms]
[INFO] [parsing started RegularFileObject[/tmp/tmpkv577tld/joda-convert/src/test/java/org/joda/convert/TestRenameHandler.java]]
[INFO] [parsing completed 1ms]
[INFO] [parsing started RegularFileObject[/tmp/tmpkv577tld/joda-convert/src/test/java/org/joda/convert/DistanceMethodConstructorCharSequence.java]]
[INFO] [parsing completed 1ms]
[INFO] [parsing started RegularFileObject[/tmp/tmpkv577tld/joda-convert/src/test/java/org/joda/convert/DistanceNoAnnotations.java]]
[INFO] [parsing completed 0ms]
[INFO] [parsing started RegularFileObject[/tmp/tmpkv577tld/joda-convert/src/test/java/org/joda/convert/TestStringConverterFactory.java]]
[INFO] [parsing completed 1ms]
[INFO] [parsing started RegularFileObject[/tmp/tmpkv577tld/joda-convert/src/test/java/org/joda/convert/DistanceTwoFromStringMethodAnnotations.java]]
[INFO] [parsing completed 1ms]
[INFO] [parsing started RegularFileObject[/tmp/tmpkv577tld/joda-convert/src/test/java/org/joda/convert/AltCharSequence.java]]
[INFO] [parsing completed 0ms]
[INFO] [parsing started RegularFileObject[/tmp/tmpkv577tld/joda-convert/src/test/java/org/joda/convert/test1/Test1Interface.java]]
[INFO] [parsing completed 0ms]
[INFO] [parsing started RegularFileObject[/tmp/tmpkv577tld/joda-convert/src/test/java/org/joda/convert/test1/Test1Class.java]]
[INFO] [parsing completed 1ms]
[INFO] [parsing started RegularFileObject[/tmp/tmpkv577tld/joda-convert/src/test/java/org/joda/convert/TestBooleanObjectArrayStringConverterFactory.java]]
[INFO] [parsing completed 1ms]
[INFO] [parsing started RegularFileObject[/tmp/tmpkv577tld/joda-convert/src/test/java/org/joda/convert/test4/Test4Interface.java]]
[INFO] [parsing completed 0ms]
[INFO] [parsing started RegularFileObject[/tmp/tmpkv577tld/joda-convert/src/test/java/org/joda/convert/DistanceFromStringInvalidReturnType.java]]
[INFO] [parsing completed 0ms]
[INFO] [parsing started RegularFileObject[/tmp/tmpkv577tld/joda-convert/src/test/java/org/joda/convert/SuperFactorySuper.java]]
[INFO] [parsing completed 0ms]
[INFO] [parsing started RegularFileObject[/tmp/tmpkv577tld/joda-convert/src/test/java/org/joda/convert/DistanceFromStringNoToString.java]]
[INFO] [parsing completed 0ms]
[INFO] [parsing started RegularFileObject[/tmp/tmpkv577tld/joda-convert/src/test/java/org/joda/convert/DistanceWithFactory.java]]
[INFO] [parsing completed 0ms]
[INFO] [parsing started RegularFileObject[/tmp/tmpkv577tld/joda-convert/src/test/java/org/joda/convert/test3/Test3Factory.java]]
[INFO] [parsing completed 0ms]
[INFO] [parsing started RegularFileObject[/tmp/tmpkv577tld/joda-convert/src/test/java/org/joda/convert/TestGuavaTypeTokenStringConverter.java]]
[INFO] [parsing completed 3ms]
[INFO] [parsing started RegularFileObject[/tmp/tmpkv577tld/joda-convert/src/test/java/org/joda/convert/DistanceFromStringConstructorInvalidParameter.java]]
[INFO] [parsing completed 0ms]
[INFO] [parsing started RegularFileObject[/tmp/tmpkv577tld/joda-convert/src/test/java/org/joda/convert/MockIntegerStringConverter.java]]
[INFO] [parsing completed 1ms]
[INFO] [parsing started RegularFileObject[/tmp/tmpkv577tld/joda-convert/src/test/java/org/joda/convert/test4/Test4Class.java]]
[INFO] [parsing completed 0ms]
[INFO] [parsing started RegularFileObject[/tmp/tmpkv577tld/joda-convert/src/test/java/org/joda/convert/SubNoAnnotations.java]]
[INFO] [parsing completed 0ms]
[INFO] [parsing started RegularFileObject[/tmp/tmpkv577tld/joda-convert/src/test/java/org/joda/convert/TestNumericObjectArrayStringConverterFactory.java]]
[INFO] [parsing completed 2ms]
[INFO] [parsing started RegularFileObject[/tmp/tmpkv577tld/joda-convert/src/test/java/org/joda/convert/TestCharObjectArrayStringConverterFactory.java]]
[INFO] [parsing completed 1ms]
[INFO] [parsing started RegularFileObject[/tmp/tmpkv577tld/joda-convert/src/test/java/org/joda/convert/DistanceToStringNoFromString.java]]
[INFO] [parsing completed 0ms]
[INFO] [parsing started RegularFileObject[/tmp/tmpkv577tld/joda-convert/src/test/java/org/joda/convert/TestStringConvert.java]]
[INFO] [parsing completed 8ms]
[INFO] [parsing started RegularFileObject[/tmp/tmpkv577tld/joda-convert/src/test/java/org/joda/convert/DistanceToStringInvalidReturnType.java]]
[INFO] [parsing completed 0ms]
[INFO] [parsing started RegularFileObject[/tmp/tmpkv577tld/joda-convert/src/test/java/org/joda/convert/test2/Test2Interface.java]]
[INFO] [parsing completed 0ms]
[INFO] [parsing started RegularFileObject[/tmp/tmpkv577tld/joda-convert/src/test/java/org/joda/convert/test2/Test2Class.java]]
[INFO] [parsing completed 0ms]
[INFO] [parsing started RegularFileObject[/tmp/tmpkv577tld/joda-convert/src/test/java/org/joda/convert/test3/Test3SuperClass.java]]
[INFO] [parsing completed 0ms]
[INFO] [parsing started RegularFileObject[/tmp/tmpkv577tld/joda-convert/src/test/java/org/joda/convert/DistanceFromStringException.java]]
[INFO] [parsing completed 1ms]
[INFO] [parsing started RegularFileObject[/tmp/tmpkv577tld/joda-convert/src/test/java/org/joda/convert/DistanceFromStringConstructorInvalidParameterCount.java]]
[INFO] [parsing completed 0ms]
[INFO] [parsing started RegularFileObject[/tmp/tmpkv577tld/joda-convert/src/test/java/org/joda/convert/test4/Test4Factory.java]]
[INFO] [parsing completed 0ms]
[INFO] [parsing started RegularFileObject[/tmp/tmpkv577tld/joda-convert/src/test/java/org/joda/convert/SuperFactorySub.java]]
[INFO] [parsing completed 0ms]
[INFO] [parsing started RegularFileObject[/tmp/tmpkv577tld/joda-convert/src/test/java/org/joda/convert/DistanceFromStringInvalidParameterCount.java]]
[INFO] [parsing completed 1ms]
[INFO] [parsing started RegularFileObject[/tmp/tmpkv577tld/joda-convert/src/test/java/org/joda/convert/TestJDKStringConverters.java]]
[INFO] [parsing completed 3ms]
[INFO] [parsing started RegularFileObject[/tmp/tmpkv577tld/joda-convert/src/test/java/org/joda/convert/TestNumericArrayStringConverterFactory.java]]
[INFO] [parsing completed 1ms]
[INFO] [parsing started RegularFileObject[/tmp/tmpkv577tld/joda-convert/src/test/java/org/joda/convert/test3/Test3Interface.java]]
[INFO] [parsing completed 1ms]
[INFO] [parsing started RegularFileObject[/tmp/tmpkv577tld/joda-convert/src/test/java/org/joda/convert/TestBooleanArrayStringConverterFactory.java]]
[INFO] [parsing completed 0ms]
[INFO] [parsing started RegularFileObject[/tmp/tmpkv577tld/joda-convert/src/test/java/org/joda/convert/DistanceFromStringInvalidParameter.java]]
[INFO] [parsing completed 0ms]
[INFO] [parsing started RegularFileObject[/tmp/tmpkv577tld/joda-convert/src/test/java/org/joda/convert/DistanceTwoToStringAnnotations.java]]
[INFO] [parsing completed 0ms]
[INFO] [parsing started RegularFileObject[/tmp/tmpkv577tld/joda-convert/src/test/java/org/joda/convert/SubMethodMethod.java]]
[INFO] [parsing completed 1ms]
[INFO] [parsing started RegularFileObject[/tmp/tmpkv577tld/joda-convert/src/test/java/org/joda/convert/DistanceMethodAndConstructorAnnotations.java]]
[INFO] [parsing completed 0ms]
[INFO] [parsing started RegularFileObject[/tmp/tmpkv577tld/joda-convert/src/test/java/org/joda/convert/DistanceNoAnnotationsCharSequence.java]]
[INFO] [parsing completed 0ms]
[INFO] [parsing started RegularFileObject[/tmp/tmpkv577tld/joda-convert/src/test/java/org/joda/convert/DistanceWithFactoryFactory.java]]
[INFO] [parsing completed 0ms]
[INFO] [parsing started RegularFileObject[/tmp/tmpkv577tld/joda-convert/src/test/java/org/joda/convert/DistanceToStringException.java]]
[INFO] [parsing completed 0ms]
[INFO] [parsing started RegularFileObject[/tmp/tmpkv577tld/joda-convert/src/test/java/org/joda/convert/ValidityCheck.java]]
[INFO] [parsing completed 0ms]
[INFO] [parsing started RegularFileObject[/tmp/tmpkv577tld/joda-convert/src/test/java/org/joda/convert/DistanceToStringInvalidParameters.java]]
[INFO] [parsing completed 0ms]
[INFO] [parsing started RegularFileObject[/tmp/tmpkv577tld/joda-convert/src/test/java/org/joda/convert/DistanceMethodConstructor.java]]
[INFO] [parsing completed 0ms]
[INFO] [parsing started RegularFileObject[/tmp/tmpkv577tld/joda-convert/src/test/java/org/joda/convert/Status.java]]
[INFO] [parsing completed 1ms]
[INFO] [parsing started RegularFileObject[/tmp/tmpkv577tld/joda-convert/src/test/java/org/joda/convert/test3/Test3Class.java]]
[INFO] [parsing completed 0ms]
[INFO] [search path for source files: /tmp/tmpkv577tld/joda-convert/src/test/java,/tmp/tmpkv577tld/joda-convert/target/generated-test-sources/test-annotations]
[INFO] [search path for class files: /usr/local/openjdk-8/jre/lib/resources.jar,/usr/local/openjdk-8/jre/lib/rt.jar,/usr/local/openjdk-8/jre/lib/sunrsasign.jar,/usr/local/openjdk-8/jre/lib/jsse.jar,/usr/local/openjdk-8/jre/lib/jce.jar,/usr/local/openjdk-8/jre/lib/charsets.jar,/usr/local/openjdk-8/jre/lib/jfr.jar,/usr/local/openjdk-8/jre/classes,/usr/local/openjdk-8/jre/lib/ext/sunec.jar,/usr/local/openjdk-8/jre/lib/ext/dnsns.jar,/usr/local/openjdk-8/jre/lib/ext/zipfs.jar,/usr/local/openjdk-8/jre/lib/ext/localedata.jar,/usr/local/openjdk-8/jre/lib/ext/jaccess.jar,/usr/local/openjdk-8/jre/lib/ext/sunpkcs11.jar,/usr/local/openjdk-8/jre/lib/ext/cldrdata.jar,/usr/local/openjdk-8/jre/lib/ext/nashorn.jar,/usr/local/openjdk-8/jre/lib/ext/sunjce_provider.jar,/tmp/tmpkv577tld/joda-convert/target/test-classes,/tmp/tmpkv577tld/joda-convert/target/classes,/home/jdbl/.m2/repository/com/google/guava/guava/20.0/guava-20.0.jar,/home/jdbl/.m2/repository/junit/junit/4.11/junit-4.11.jar,/home/jdbl/.m2/repository/org/hamcrest/hamcrest-core/1.3/hamcrest-core-1.3.jar,.]
[INFO] [loading ZipFileIndexFileObject[/usr/local/openjdk-8/lib/ct.sym(META-INF/sym/rt.jar/java/lang/Enum.class)]]
[INFO] [loading ZipFileIndexFileObject[/usr/local/openjdk-8/lib/ct.sym(META-INF/sym/rt.jar/java/lang/Comparable.class)]]
[INFO] [loading ZipFileIndexFileObject[/usr/local/openjdk-8/lib/ct.sym(META-INF/sym/rt.jar/java/lang/Object.class)]]
[INFO] [loading ZipFileIndexFileObject[/usr/local/openjdk-8/lib/ct.sym(META-INF/sym/rt.jar/java/io/Serializable.class)]]
[INFO] [loading ZipFileIndexFileObject[/usr/local/openjdk-8/lib/ct.sym(META-INF/sym/rt.jar/java/lang/String.class)]]
[INFO] [loading RegularFileObject[/tmp/tmpkv577tld/joda-convert/target/classes/org/joda/convert/FromString.class]]
[INFO] [loading RegularFileObject[/tmp/tmpkv577tld/joda-convert/target/classes/org/joda/convert/FromStringFactory.class]]
[INFO] [loading RegularFileObject[/tmp/tmpkv577tld/joda-convert/target/classes/org/joda/convert/ToString.class]]
[INFO] [loading ZipFileIndexFileObject[/home/jdbl/.m2/repository/junit/junit/4.11/junit-4.11.jar(org/junit/Assert.class)]]
[INFO] [loading ZipFileIndexFileObject[/usr/local/openjdk-8/lib/ct.sym(META-INF/sym/rt.jar/java/util/Arrays.class)]]
[INFO] [loading RegularFileObject[/tmp/tmpkv577tld/joda-convert/target/classes/org/joda/convert/factory/ByteObjectArrayStringConverterFactory.class]]
[INFO] [loading ZipFileIndexFileObject[/home/jdbl/.m2/repository/junit/junit/4.11/junit-4.11.jar(org/junit/Test.class)]]
[INFO] [loading ZipFileIndexFileObject[/usr/local/openjdk-8/lib/ct.sym(META-INF/sym/rt.jar/java/lang/Byte.class)]]
[INFO] [loading RegularFileObject[/tmp/tmpkv577tld/joda-convert/target/classes/org/joda/convert/StringConverter.class]]
[INFO] [loading RegularFileObject[/tmp/tmpkv577tld/joda-convert/target/classes/org/joda/convert/ToStringConverter.class]]
[INFO] [loading RegularFileObject[/tmp/tmpkv577tld/joda-convert/target/classes/org/joda/convert/FromStringConverter.class]]
[INFO] [loading ZipFileIndexFileObject[/usr/local/openjdk-8/lib/ct.sym(META-INF/sym/rt.jar/java/lang/Class.class)]]
[INFO] [loading ZipFileIndexFileObject[/usr/local/openjdk-8/lib/ct.sym(META-INF/sym/rt.jar/java/lang/CharSequence.class)]]
[INFO] [loading ZipFileIndexFileObject[/usr/local/openjdk-8/lib/ct.sym(META-INF/sym/rt.jar/java/lang/ClassNotFoundException.class)]]
[INFO] [loading RegularFileObject[/tmp/tmpkv577tld/joda-convert/target/classes/org/joda/convert/StringConverterFactory.class]]
[INFO] [loading RegularFileObject[/tmp/tmpkv577tld/joda-convert/target/classes/org/joda/convert/factory/BooleanObjectArrayStringConverterFactory.class]]
[INFO] [loading ZipFileIndexFileObject[/usr/local/openjdk-8/lib/ct.sym(META-INF/sym/rt.jar/java/lang/Boolean.class)]]
[INFO] [loading ZipFileIndexFileObject[/usr/local/openjdk-8/lib/ct.sym(META-INF/sym/rt.jar/java/lang/Integer.class)]]
[INFO] [loading ZipFileIndexFileObject[/usr/local/openjdk-8/lib/ct.sym(META-INF/sym/rt.jar/java/lang/reflect/Type.class)]]
[INFO] [loading ZipFileIndexFileObject[/usr/local/openjdk-8/lib/ct.sym(META-INF/sym/rt.jar/java/util/List.class)]]
[INFO] [loading ZipFileIndexFileObject[/usr/local/openjdk-8/lib/ct.sym(META-INF/sym/rt.jar/java/util/Map.class)]]
[INFO] [loading ZipFileIndexFileObject[/home/jdbl/.m2/repository/com/google/guava/guava/20.0/guava-20.0.jar(com/google/common/reflect/TypeToken.class)]]
[INFO] [loading ZipFileIndexFileObject[/usr/local/openjdk-8/lib/ct.sym(META-INF/sym/rt.jar/java/lang/SuppressWarnings.class)]]
[INFO] [loading RegularFileObject[/tmp/tmpkv577tld/joda-convert/target/classes/org/joda/convert/factory/NumericObjectArrayStringConverterFactory.class]]
[INFO] [loading ZipFileIndexFileObject[/usr/local/openjdk-8/lib/ct.sym(META-INF/sym/rt.jar/java/lang/Long.class)]]
[INFO] [loading ZipFileIndexFileObject[/usr/local/openjdk-8/lib/ct.sym(META-INF/sym/rt.jar/java/lang/Short.class)]]
[INFO] [loading ZipFileIndexFileObject[/usr/local/openjdk-8/lib/ct.sym(META-INF/sym/rt.jar/java/lang/Double.class)]]
[INFO] [loading ZipFileIndexFileObject[/usr/local/openjdk-8/lib/ct.sym(META-INF/sym/rt.jar/java/lang/Float.class)]]
[INFO] [loading RegularFileObject[/tmp/tmpkv577tld/joda-convert/target/classes/org/joda/convert/factory/CharObjectArrayStringConverterFactory.class]]
[INFO] [loading ZipFileIndexFileObject[/usr/local/openjdk-8/lib/ct.sym(META-INF/sym/rt.jar/java/lang/Character.class)]]
[INFO] [loading ZipFileIndexFileObject[/usr/local/openjdk-8/lib/ct.sym(META-INF/sym/rt.jar/java/math/RoundingMode.class)]]
[INFO] [loading ZipFileIndexFileObject[/usr/local/openjdk-8/lib/ct.sym(META-INF/sym/rt.jar/java/text/ParseException.class)]]
[INFO] [loading ZipFileIndexFileObject[/usr/local/openjdk-8/lib/ct.sym(META-INF/sym/rt.jar/java/io/File.class)]]
[INFO] [loading ZipFileIndexFileObject[/usr/local/openjdk-8/lib/ct.sym(META-INF/sym/rt.jar/java/math/BigDecimal.class)]]
[INFO] [loading ZipFileIndexFileObject[/usr/local/openjdk-8/lib/ct.sym(META-INF/sym/rt.jar/java/math/BigInteger.class)]]
[INFO] [loading ZipFileIndexFileObject[/usr/local/openjdk-8/lib/ct.sym(META-INF/sym/rt.jar/java/net/InetAddress.class)]]
[INFO] [loading ZipFileIndexFileObject[/usr/local/openjdk-8/lib/ct.sym(META-INF/sym/rt.jar/java/net/URI.class)]]
[INFO] [loading ZipFileIndexFileObject[/usr/local/openjdk-8/lib/ct.sym(META-INF/sym/rt.jar/java/net/URL.class)]]
[INFO] [loading ZipFileIndexFileObject[/usr/local/openjdk-8/lib/ct.sym(META-INF/sym/rt.jar/java/util/Calendar.class)]]
[INFO] [loading ZipFileIndexFileObject[/usr/local/openjdk-8/lib/ct.sym(META-INF/sym/rt.jar/java/util/Currency.class)]]
[INFO] [loading ZipFileIndexFileObject[/usr/local/openjdk-8/lib/ct.sym(META-INF/sym/rt.jar/java/util/Date.class)]]
[INFO] [loading ZipFileIndexFileObject[/usr/local/openjdk-8/lib/ct.sym(META-INF/sym/rt.jar/java/util/GregorianCalendar.class)]]
[INFO] [loading ZipFileIndexFileObject[/usr/local/openjdk-8/lib/ct.sym(META-INF/sym/rt.jar/java/util/Locale.class)]]
[INFO] [loading ZipFileIndexFileObject[/usr/local/openjdk-8/lib/ct.sym(META-INF/sym/rt.jar/java/util/TimeZone.class)]]
[INFO] [loading ZipFileIndexFileObject[/usr/local/openjdk-8/lib/ct.sym(META-INF/sym/rt.jar/java/util/UUID.class)]]
[INFO] [loading ZipFileIndexFileObject[/usr/local/openjdk-8/lib/ct.sym(META-INF/sym/rt.jar/java/util/concurrent/atomic/AtomicBoolean.class)]]
[INFO] [loading ZipFileIndexFileObject[/usr/local/openjdk-8/lib/ct.sym(META-INF/sym/rt.jar/java/util/concurrent/atomic/AtomicInteger.class)]]
[INFO] [loading ZipFileIndexFileObject[/usr/local/openjdk-8/lib/ct.sym(META-INF/sym/rt.jar/java/util/concurrent/atomic/AtomicLong.class)]]
[INFO] [loading ZipFileIndexFileObject[/usr/local/openjdk-8/lib/ct.sym(META-INF/sym/rt.jar/java/lang/Exception.class)]]
[INFO] [loading RegularFileObject[/tmp/tmpkv577tld/joda-convert/target/classes/org/joda/convert/JDKStringConverter.class]]
[INFO] [loading RegularFileObject[/tmp/tmpkv577tld/joda-convert/target/classes/org/joda/convert/factory/NumericArrayStringConverterFactory.class]]
[INFO] [loading RegularFileObject[/tmp/tmpkv577tld/joda-convert/target/classes/org/joda/convert/factory/BooleanArrayStringConverterFactory.class]]
[INFO] [loading ZipFileIndexFileObject[/usr/local/openjdk-8/lib/ct.sym(META-INF/sym/rt.jar/java/lang/annotation/Target.class)]]
[INFO] [loading ZipFileIndexFileObject[/usr/local/openjdk-8/lib/ct.sym(META-INF/sym/rt.jar/java/lang/annotation/ElementType.class)]]
[INFO] [loading ZipFileIndexFileObject[/usr/local/openjdk-8/lib/ct.sym(META-INF/sym/rt.jar/java/lang/annotation/Retention.class)]]
[INFO] [loading ZipFileIndexFileObject[/usr/local/openjdk-8/lib/ct.sym(META-INF/sym/rt.jar/java/lang/annotation/RetentionPolicy.class)]]
[INFO] [loading ZipFileIndexFileObject[/usr/local/openjdk-8/lib/ct.sym(META-INF/sym/rt.jar/java/lang/annotation/Annotation.class)]]
[INFO] [loading ZipFileIndexFileObject[/usr/local/openjdk-8/lib/ct.sym(META-INF/sym/rt.jar/java/lang/Override.class)]]
[INFO] [loading ZipFileIndexFileObject[/usr/local/openjdk-8/lib/ct.sym(META-INF/sym/rt.jar/java/lang/ReflectiveOperationException.class)]]
[INFO] [loading ZipFileIndexFileObject[/usr/local/openjdk-8/lib/ct.sym(META-INF/sym/rt.jar/java/lang/IllegalArgumentException.class)]]
[INFO] [loading ZipFileIndexFileObject[/usr/local/openjdk-8/lib/ct.sym(META-INF/sym/rt.jar/java/lang/RuntimeException.class)]]
[INFO] [loading ZipFileIndexFileObject[/usr/local/openjdk-8/lib/ct.sym(META-INF/sym/rt.jar/java/lang/IllegalStateException.class)]]
[INFO] [loading ZipFileIndexFileObject[/usr/local/openjdk-8/lib/ct.sym(META-INF/sym/rt.jar/java/lang/ClassCastException.class)]]
[INFO] [checking org.joda.convert.Validity]
[INFO] [loading ZipFileIndexFileObject[/usr/local/openjdk-8/lib/ct.sym(META-INF/sym/rt.jar/java/lang/CloneNotSupportedException.class)]]
[INFO] [loading ZipFileIndexFileObject[/usr/local/openjdk-8/lib/ct.sym(META-INF/sym/rt.jar/java/lang/AutoCloseable.class)]]
[INFO] [wrote RegularFileObject[/tmp/tmpkv577tld/joda-convert/target/test-classes/org/joda/convert/Validity.class]]
[INFO] [checking org.joda.convert.test2.Test2Factory]
[INFO] [loading ZipFileIndexFileObject[/usr/local/openjdk-8/lib/ct.sym(META-INF/sym/rt.jar/java/lang/Number.class)]]
[INFO] [loading ZipFileIndexFileObject[/usr/local/openjdk-8/lib/ct.sym(META-INF/sym/rt.jar/java/lang/Error.class)]]
[INFO] [loading ZipFileIndexFileObject[/usr/local/openjdk-8/lib/ct.sym(META-INF/sym/rt.jar/java/lang/NumberFormatException.class)]]
[INFO] [loading ZipFileIndexFileObject[/usr/local/openjdk-8/lib/ct.sym(META-INF/sym/rt.jar/java/lang/Throwable.class)]]
[INFO] [wrote RegularFileObject[/tmp/tmpkv577tld/joda-convert/target/test-classes/org/joda/convert/test2/Test2Factory.class]]
[INFO] [checking org.joda.convert.test2.Test2Class]
[INFO] [loading ZipFileIndexFileObject[/usr/local/openjdk-8/lib/ct.sym(META-INF/sym/rt.jar/java/lang/StringBuilder.class)]]
[INFO] [loading ZipFileIndexFileObject[/usr/local/openjdk-8/lib/ct.sym(META-INF/sym/rt.jar/java/lang/AbstractStringBuilder.class)]]
[INFO] [loading ZipFileIndexFileObject[/usr/local/openjdk-8/lib/ct.sym(META-INF/sym/rt.jar/java/lang/Appendable.class)]]
[INFO] [loading ZipFileIndexFileObject[/usr/local/openjdk-8/lib/ct.sym(META-INF/sym/rt.jar/java/lang/StringBuffer.class)]]
[INFO] [wrote RegularFileObject[/tmp/tmpkv577tld/joda-convert/target/test-classes/org/joda/convert/test2/Test2Class.class]]
[INFO] [checking org.joda.convert.test2.Test2Interface]
[INFO] [wrote RegularFileObject[/tmp/tmpkv577tld/joda-convert/target/test-classes/org/joda/convert/test2/Test2Interface.class]]
[INFO] [checking org.joda.convert.TestByteObjectArrayStringConverterFactory]
[INFO] [loading RegularFileObject[/tmp/tmpkv577tld/joda-convert/target/classes/org/joda/convert/StringConvert.class]]
[INFO] [wrote RegularFileObject[/tmp/tmpkv577tld/joda-convert/target/test-classes/org/joda/convert/TestByteObjectArrayStringConverterFactory.class]]
[INFO] [checking org.joda.convert.SubMethodConstructor]
[INFO] [checking org.joda.convert.DistanceMethodConstructor]
[INFO] [wrote RegularFileObject[/tmp/tmpkv577tld/joda-convert/target/test-classes/org/joda/convert/SubMethodConstructor.class]]
[INFO] [wrote RegularFileObject[/tmp/tmpkv577tld/joda-convert/target/test-classes/org/joda/convert/DistanceMethodConstructor.class]]
[INFO] [checking org.joda.convert.ValidityStringConverter]
[INFO] [wrote RegularFileObject[/tmp/tmpkv577tld/joda-convert/target/test-classes/org/joda/convert/ValidityStringConverter.class]]
[INFO] [checking org.joda.convert.DistanceMethodMethod]
[INFO] [wrote RegularFileObject[/tmp/tmpkv577tld/joda-convert/target/test-classes/org/joda/convert/DistanceMethodMethod.class]]
[INFO] [checking org.joda.convert.MockDistanceStringConverter]
[INFO] [wrote RegularFileObject[/tmp/tmpkv577tld/joda-convert/target/test-classes/org/joda/convert/MockDistanceStringConverter.class]]
[INFO] [checking org.joda.convert.DistanceMethodMethodCharSequence]
[INFO] [wrote RegularFileObject[/tmp/tmpkv577tld/joda-convert/target/test-classes/org/joda/convert/DistanceMethodMethodCharSequence.class]]
[INFO] [checking org.joda.convert.TestRenameHandler]
[INFO] [loading RegularFileObject[/tmp/tmpkv577tld/joda-convert/target/classes/org/joda/convert/RenameHandler.class]]
[INFO] [wrote RegularFileObject[/tmp/tmpkv577tld/joda-convert/target/test-classes/org/joda/convert/TestRenameHandler.class]]
[INFO] [checking org.joda.convert.DistanceMethodConstructorCharSequence]
[INFO] [wrote RegularFileObject[/tmp/tmpkv577tld/joda-convert/target/test-classes/org/joda/convert/DistanceMethodConstructorCharSequence.class]]
[INFO] [checking org.joda.convert.DistanceNoAnnotations]
[INFO] [wrote RegularFileObject[/tmp/tmpkv577tld/joda-convert/target/test-classes/org/joda/convert/DistanceNoAnnotations.class]]
[INFO] [checking org.joda.convert.TestStringConverterFactory]
[INFO] [loading RegularFileObject[/tmp/tmpkv577tld/joda-convert/target/classes/org/joda/convert/TypedStringConverter.class]]
[INFO] [wrote RegularFileObject[/tmp/tmpkv577tld/joda-convert/target/test-classes/org/joda/convert/TestStringConverterFactory$Factory1.class]]
[INFO] [wrote RegularFileObject[/tmp/tmpkv577tld/joda-convert/target/test-classes/org/joda/convert/TestStringConverterFactory.class]]
[INFO] [checking org.joda.convert.DistanceTwoFromStringMethodAnnotations]
[INFO] [wrote RegularFileObject[/tmp/tmpkv577tld/joda-convert/target/test-classes/org/joda/convert/DistanceTwoFromStringMethodAnnotations.class]]
[INFO] [checking org.joda.convert.AltCharSequence]
[INFO] [loading ZipFileIndexFileObject[/usr/local/openjdk-8/lib/ct.sym(META-INF/sym/rt.jar/java/lang/IndexOutOfBoundsException.class)]]
[INFO] [wrote RegularFileObject[/tmp/tmpkv577tld/joda-convert/target/test-classes/org/joda/convert/AltCharSequence.class]]
[INFO] [checking org.joda.convert.test1.Test1Interface]
[INFO] [wrote RegularFileObject[/tmp/tmpkv577tld/joda-convert/target/test-classes/org/joda/convert/test1/Test1Interface.class]]
[INFO] [checking org.joda.convert.test1.Test1Class]
[INFO] [wrote RegularFileObject[/tmp/tmpkv577tld/joda-convert/target/test-classes/org/joda/convert/test1/Test1Class.class]]
[INFO] [checking org.joda.convert.TestBooleanObjectArrayStringConverterFactory]
[INFO] [wrote RegularFileObject[/tmp/tmpkv577tld/joda-convert/target/test-classes/org/joda/convert/TestBooleanObjectArrayStringConverterFactory.class]]
[INFO] [checking org.joda.convert.test4.Test4Interface]
[INFO] [wrote RegularFileObject[/tmp/tmpkv577tld/joda-convert/target/test-classes/org/joda/convert/test4/Test4Interface.class]]
[INFO] [checking org.joda.convert.DistanceFromStringInvalidReturnType]
[INFO] [wrote RegularFileObject[/tmp/tmpkv577tld/joda-convert/target/test-classes/org/joda/convert/DistanceFromStringInvalidReturnType.class]]
[INFO] [checking org.joda.convert.SuperFactorySuper]
[INFO] [loading ZipFileIndexFileObject[/usr/local/openjdk-8/lib/ct.sym(META-INF/sym/rt.jar/java/lang/Void.class)]]
[INFO] [wrote RegularFileObject[/tmp/tmpkv577tld/joda-convert/target/test-classes/org/joda/convert/SuperFactorySuper.class]]
[INFO] [checking org.joda.convert.DistanceFromStringNoToString]
[INFO] [wrote RegularFileObject[/tmp/tmpkv577tld/joda-convert/target/test-classes/org/joda/convert/DistanceFromStringNoToString.class]]
[INFO] [checking org.joda.convert.DistanceWithFactory]
[INFO] [wrote RegularFileObject[/tmp/tmpkv577tld/joda-convert/target/test-classes/org/joda/convert/DistanceWithFactory.class]]
[INFO] [checking org.joda.convert.test3.Test3Factory]
[INFO] [loading ZipFileIndexFileObject[/usr/local/openjdk-8/lib/ct.sym(META-INF/sym/rt.jar/java/lang/UnsupportedOperationException.class)]]
[INFO] [wrote RegularFileObject[/tmp/tmpkv577tld/joda-convert/target/test-classes/org/joda/convert/test3/Test3Factory.class]]
[INFO] [checking org.joda.convert.test3.Test3Interface]
[INFO] [wrote RegularFileObject[/tmp/tmpkv577tld/joda-convert/target/test-classes/org/joda/convert/test3/Test3Interface.class]]
[INFO] [checking org.joda.convert.TestGuavaTypeTokenStringConverter]
[INFO] [loading ZipFileIndexFileObject[/usr/local/openjdk-8/lib/ct.sym(META-INF/sym/rt.jar/java/lang/reflect/GenericDeclaration.class)]]
[INFO] [loading ZipFileIndexFileObject[/usr/local/openjdk-8/lib/ct.sym(META-INF/sym/rt.jar/java/lang/reflect/AnnotatedElement.class)]]
[INFO] [loading ZipFileIndexFileObject[/home/jdbl/.m2/repository/com/google/guava/guava/20.0/guava-20.0.jar(com/google/common/reflect/TypeCapture.class)]]
[INFO] [loading ZipFileIndexFileObject[/home/jdbl/.m2/repository/com/google/guava/guava/20.0/guava-20.0.jar(com/google/common/reflect/TypeParameter.class)]]
[INFO] [loading ZipFileIndexFileObject[/usr/local/openjdk-8/lib/ct.sym(META-INF/sym/rt.jar/java/lang/reflect/Constructor.class)]]
[INFO] [loading ZipFileIndexFileObject[/home/jdbl/.m2/repository/com/google/guava/guava/20.0/guava-20.0.jar(com/google/common/reflect/Invokable.class)]]
[INFO] [loading RegularFileObject[/tmp/tmpkv577tld/joda-convert/target/classes/org/joda/convert/TypeTokenStringConverter.class]]
[INFO] [loading RegularFileObject[/tmp/tmpkv577tld/joda-convert/target/classes/org/joda/convert/AbstractTypeStringConverter.class]]
[INFO] [loading RegularFileObject[/tmp/tmpkv577tld/joda-convert/target/classes/org/joda/convert/TypeStringConverter.class]]
[INFO] [wrote RegularFileObject[/tmp/tmpkv577tld/joda-convert/target/test-classes/org/joda/convert/TestGuavaTypeTokenStringConverter$1.class]]
[INFO] [wrote RegularFileObject[/tmp/tmpkv577tld/joda-convert/target/test-classes/org/joda/convert/TestGuavaTypeTokenStringConverter$2.class]]
[INFO] [wrote RegularFileObject[/tmp/tmpkv577tld/joda-convert/target/test-classes/org/joda/convert/TestGuavaTypeTokenStringConverter$3.class]]
[INFO] [wrote RegularFileObject[/tmp/tmpkv577tld/joda-convert/target/test-classes/org/joda/convert/TestGuavaTypeTokenStringConverter$4.class]]
[INFO] [wrote RegularFileObject[/tmp/tmpkv577tld/joda-convert/target/test-classes/org/joda/convert/TestGuavaTypeTokenStringConverter$5.class]]
[INFO] [wrote RegularFileObject[/tmp/tmpkv577tld/joda-convert/target/test-classes/org/joda/convert/TestGuavaTypeTokenStringConverter$6.class]]
[INFO] [wrote RegularFileObject[/tmp/tmpkv577tld/joda-convert/target/test-classes/org/joda/convert/TestGuavaTypeTokenStringConverter$7.class]]
[INFO] [wrote RegularFileObject[/tmp/tmpkv577tld/joda-convert/target/test-classes/org/joda/convert/TestGuavaTypeTokenStringConverter$8.class]]
[INFO] [wrote RegularFileObject[/tmp/tmpkv577tld/joda-convert/target/test-classes/org/joda/convert/TestGuavaTypeTokenStringConverter$9.class]]
[INFO] [wrote RegularFileObject[/tmp/tmpkv577tld/joda-convert/target/test-classes/org/joda/convert/TestGuavaTypeTokenStringConverter$10.class]]
[INFO] [wrote RegularFileObject[/tmp/tmpkv577tld/joda-convert/target/test-classes/org/joda/convert/TestGuavaTypeTokenStringConverter$11.class]]
[INFO] [wrote RegularFileObject[/tmp/tmpkv577tld/joda-convert/target/test-classes/org/joda/convert/TestGuavaTypeTokenStringConverter$12.class]]
[INFO] [wrote RegularFileObject[/tmp/tmpkv577tld/joda-convert/target/test-classes/org/joda/convert/TestGuavaTypeTokenStringConverter.class]]
[INFO] [checking org.joda.convert.DistanceFromStringConstructorInvalidParameter]
[INFO] [wrote RegularFileObject[/tmp/tmpkv577tld/joda-convert/target/test-classes/org/joda/convert/DistanceFromStringConstructorInvalidParameter.class]]
[INFO] [checking org.joda.convert.MockIntegerStringConverter]
[INFO] [wrote RegularFileObject[/tmp/tmpkv577tld/joda-convert/target/test-classes/org/joda/convert/MockIntegerStringConverter.class]]
[INFO] [checking org.joda.convert.test4.Test4Class]
[INFO] [wrote RegularFileObject[/tmp/tmpkv577tld/joda-convert/target/test-classes/org/joda/convert/test4/Test4Class.class]]
[INFO] [checking org.joda.convert.SubNoAnnotations]
[INFO] [wrote RegularFileObject[/tmp/tmpkv577tld/joda-convert/target/test-classes/org/joda/convert/SubNoAnnotations.class]]
[INFO] [checking org.joda.convert.TestNumericObjectArrayStringConverterFactory]
[INFO] [wrote RegularFileObject[/tmp/tmpkv577tld/joda-convert/target/test-classes/org/joda/convert/TestNumericObjectArrayStringConverterFactory.class]]
[INFO] [checking org.joda.convert.TestCharObjectArrayStringConverterFactory]
[INFO] [wrote RegularFileObject[/tmp/tmpkv577tld/joda-convert/target/test-classes/org/joda/convert/TestCharObjectArrayStringConverterFactory.class]]
[INFO] [checking org.joda.convert.DistanceToStringNoFromString]
[INFO] [wrote RegularFileObject[/tmp/tmpkv577tld/joda-convert/target/test-classes/org/joda/convert/DistanceToStringNoFromString.class]]
[INFO] [checking org.joda.convert.TestStringConvert]
[INFO] [loading RegularFileObject[/tmp/tmpkv577tld/joda-convert/target/classes/org/joda/convert/MethodsStringConverter.class]]
[INFO] [loading RegularFileObject[/tmp/tmpkv577tld/joda-convert/target/classes/org/joda/convert/ReflectionStringConverter.class]]
[INFO] [loading RegularFileObject[/tmp/tmpkv577tld/joda-convert/target/classes/org/joda/convert/MethodConstructorStringConverter.class]]
[INFO] [loading ZipFileIndexFileObject[/usr/local/openjdk-8/lib/ct.sym(META-INF/sym/rt.jar/java/lang/Thread.class)]]
[INFO] [loading ZipFileIndexFileObject[/usr/local/openjdk-8/lib/ct.sym(META-INF/sym/rt.jar/sun/misc/Contended.class)]]
[INFO] [wrote RegularFileObject[/tmp/tmpkv577tld/joda-convert/target/test-classes/org/joda/convert/TestStringConvert$1.class]]
[INFO] [wrote RegularFileObject[/tmp/tmpkv577tld/joda-convert/target/test-classes/org/joda/convert/TestStringConvert$2.class]]
[INFO] [wrote RegularFileObject[/tmp/tmpkv577tld/joda-convert/target/test-classes/org/joda/convert/TestStringConvert.class]]
[INFO] [checking org.joda.convert.DistanceToStringInvalidReturnType]
[INFO] [wrote RegularFileObject[/tmp/tmpkv577tld/joda-convert/target/test-classes/org/joda/convert/DistanceToStringInvalidReturnType.class]]
[INFO] [checking org.joda.convert.test3.Test3SuperClass]
[INFO] [wrote RegularFileObject[/tmp/tmpkv577tld/joda-convert/target/test-classes/org/joda/convert/test3/Test3SuperClass.class]]
[INFO] [checking org.joda.convert.DistanceFromStringException]
[INFO] [wrote RegularFileObject[/tmp/tmpkv577tld/joda-convert/target/test-classes/org/joda/convert/DistanceFromStringException.class]]
[INFO] [checking org.joda.convert.DistanceFromStringConstructorInvalidParameterCount]
[INFO] [wrote RegularFileObject[/tmp/tmpkv577tld/joda-convert/target/test-classes/org/joda/convert/DistanceFromStringConstructorInvalidParameterCount.class]]
[INFO] [checking org.joda.convert.test4.Test4Factory]
[INFO] [wrote RegularFileObject[/tmp/tmpkv577tld/joda-convert/target/test-classes/org/joda/convert/test4/Test4Factory.class]]
[INFO] [checking org.joda.convert.SuperFactorySub]
[INFO] [wrote RegularFileObject[/tmp/tmpkv577tld/joda-convert/target/test-classes/org/joda/convert/SuperFactorySub.class]]
[INFO] [checking org.joda.convert.DistanceFromStringInvalidParameterCount]
[INFO] [wrote RegularFileObject[/tmp/tmpkv577tld/joda-convert/target/test-classes/org/joda/convert/DistanceFromStringInvalidParameterCount.class]]
[INFO] [checking org.joda.convert.TestJDKStringConverters]
[INFO] [loading ZipFileIndexFileObject[/usr/local/openjdk-8/lib/ct.sym(META-INF/sym/rt.jar/sun/util/locale/BaseLocale.class)]]
[INFO] [loading ZipFileIndexFileObject[/usr/local/openjdk-8/lib/ct.sym(META-INF/sym/rt.jar/java/lang/Package.class)]]
[INFO] [loading ZipFileIndexFileObject[/usr/local/openjdk-8/lib/ct.sym(META-INF/sym/rt.jar/java/time/ZoneId.class)]]
[INFO] [loading ZipFileIndexFileObject[/usr/local/openjdk-8/lib/ct.sym(META-INF/sym/rt.jar/java/lang/Cloneable.class)]]
[INFO] [loading ZipFileIndexFileObject[/usr/local/openjdk-8/lib/ct.sym(META-INF/sym/rt.jar/java/net/MalformedURLException.class)]]
[INFO] [loading ZipFileIndexFileObject[/usr/local/openjdk-8/lib/ct.sym(META-INF/sym/rt.jar/java/io/IOException.class)]]
[INFO] [loading ZipFileIndexFileObject[/usr/local/openjdk-8/lib/ct.sym(META-INF/sym/rt.jar/java/net/UnknownHostException.class)]]
[INFO] [wrote RegularFileObject[/tmp/tmpkv577tld/joda-convert/target/test-classes/org/joda/convert/TestJDKStringConverters$1.class]]
[INFO] [wrote RegularFileObject[/tmp/tmpkv577tld/joda-convert/target/test-classes/org/joda/convert/TestJDKStringConverters.class]]
[INFO] [checking org.joda.convert.TestNumericArrayStringConverterFactory]
[INFO] [wrote RegularFileObject[/tmp/tmpkv577tld/joda-convert/target/test-classes/org/joda/convert/TestNumericArrayStringConverterFactory.class]]
[INFO] [checking org.joda.convert.TestBooleanArrayStringConverterFactory]
[INFO] [wrote RegularFileObject[/tmp/tmpkv577tld/joda-convert/target/test-classes/org/joda/convert/TestBooleanArrayStringConverterFactory.class]]
[INFO] [checking org.joda.convert.DistanceFromStringInvalidParameter]
[INFO] [wrote RegularFileObject[/tmp/tmpkv577tld/joda-convert/target/test-classes/org/joda/convert/DistanceFromStringInvalidParameter.class]]
[INFO] [checking org.joda.convert.DistanceTwoToStringAnnotations]
[INFO] [wrote RegularFileObject[/tmp/tmpkv577tld/joda-convert/target/test-classes/org/joda/convert/DistanceTwoToStringAnnotations.class]]
[INFO] [checking org.joda.convert.SubMethodMethod]
[INFO] [wrote RegularFileObject[/tmp/tmpkv577tld/joda-convert/target/test-classes/org/joda/convert/SubMethodMethod.class]]
[INFO] [checking org.joda.convert.DistanceMethodAndConstructorAnnotations]
[INFO] [wrote RegularFileObject[/tmp/tmpkv577tld/joda-convert/target/test-classes/org/joda/convert/DistanceMethodAndConstructorAnnotations.class]]
[INFO] [checking org.joda.convert.DistanceNoAnnotationsCharSequence]
[INFO] [wrote RegularFileObject[/tmp/tmpkv577tld/joda-convert/target/test-classes/org/joda/convert/DistanceNoAnnotationsCharSequence.class]]
[INFO] [checking org.joda.convert.DistanceWithFactoryFactory]
[INFO] [wrote RegularFileObject[/tmp/tmpkv577tld/joda-convert/target/test-classes/org/joda/convert/DistanceWithFactoryFactory.class]]
[INFO] [checking org.joda.convert.DistanceToStringException]
[INFO] [wrote RegularFileObject[/tmp/tmpkv577tld/joda-convert/target/test-classes/org/joda/convert/DistanceToStringException.class]]
[INFO] [checking org.joda.convert.ValidityCheck]
[INFO] [wrote RegularFileObject[/tmp/tmpkv577tld/joda-convert/target/test-classes/org/joda/convert/ValidityCheck$1.class]]
[INFO] [wrote RegularFileObject[/tmp/tmpkv577tld/joda-convert/target/test-classes/org/joda/convert/ValidityCheck$2.class]]
[INFO] [wrote RegularFileObject[/tmp/tmpkv577tld/joda-convert/target/test-classes/org/joda/convert/ValidityCheck.class]]
[INFO] [checking org.joda.convert.DistanceToStringInvalidParameters]
[INFO] [wrote RegularFileObject[/tmp/tmpkv577tld/joda-convert/target/test-classes/org/joda/convert/DistanceToStringInvalidParameters.class]]
[INFO] [checking org.joda.convert.Status]
[INFO] [wrote RegularFileObject[/tmp/tmpkv577tld/joda-convert/target/test-classes/org/joda/convert/Status.class]]
[INFO] [checking org.joda.convert.test3.Test3Class]
[INFO] [wrote RegularFileObject[/tmp/tmpkv577tld/joda-convert/target/test-classes/org/joda/convert/test3/Test3Class.class]]
[INFO] [total 607ms]
[INFO] 
[INFO] --- maven-surefire-plugin:2.19.1:test (default-test) @ joda-convert ---
[INFO] Surefire report directory: /tmp/tmpkv577tld/joda-convert/target/surefire-reports

-------------------------------------------------------
 T E S T S
-------------------------------------------------------
Running org.joda.convert.TestNumericArrayStringConverterFactory
Tests run: 5, Failures: 0, Errors: 0, Skipped: 0, Time elapsed: 0.099 sec - in org.joda.convert.TestNumericArrayStringConverterFactory
Running org.joda.convert.TestBooleanObjectArrayStringConverterFactory
Tests run: 1, Failures: 0, Errors: 0, Skipped: 0, Time elapsed: 0 sec - in org.joda.convert.TestBooleanObjectArrayStringConverterFactory
Running org.joda.convert.TestGuavaTypeTokenStringConverter
Tests run: 17, Failures: 0, Errors: 0, Skipped: 0, Time elapsed: 0.024 sec - in org.joda.convert.TestGuavaTypeTokenStringConverter
Running org.joda.convert.TestNumericObjectArrayStringConverterFactory
Tests run: 5, Failures: 0, Errors: 0, Skipped: 0, Time elapsed: 0.035 sec - in org.joda.convert.TestNumericObjectArrayStringConverterFactory
Running org.joda.convert.TestJDKStringConverters
Tests run: 50, Failures: 0, Errors: 0, Skipped: 0, Time elapsed: 0.047 sec - in org.joda.convert.TestJDKStringConverters
Running org.joda.convert.TestCharObjectArrayStringConverterFactory
Tests run: 1, Failures: 0, Errors: 0, Skipped: 0, Time elapsed: 0.008 sec - in org.joda.convert.TestCharObjectArrayStringConverterFactory
Running org.joda.convert.TestRenameHandler
Tests run: 6, Failures: 0, Errors: 0, Skipped: 0, Time elapsed: 0 sec - in org.joda.convert.TestRenameHandler
Running org.joda.convert.TestBooleanArrayStringConverterFactory
Tests run: 1, Failures: 0, Errors: 0, Skipped: 0, Time elapsed: 0.005 sec - in org.joda.convert.TestBooleanArrayStringConverterFactory
Running org.joda.convert.TestStringConvert
Tests run: 89, Failures: 0, Errors: 0, Skipped: 0, Time elapsed: 0.131 sec - in org.joda.convert.TestStringConvert
Running org.joda.convert.TestStringConverterFactory
Tests run: 6, Failures: 0, Errors: 0, Skipped: 0, Time elapsed: 0.006 sec - in org.joda.convert.TestStringConverterFactory
Running org.joda.convert.TestByteObjectArrayStringConverterFactory
Tests run: 1, Failures: 0, Errors: 0, Skipped: 0, Time elapsed: 0.008 sec - in org.joda.convert.TestByteObjectArrayStringConverterFactory

Results :

Tests run: 182, Failures: 0, Errors: 0, Skipped: 0

[INFO] 
[INFO] --- maven-surefire-plugin:2.19.1:test (no-guava) @ joda-convert ---
[INFO] Surefire report directory: /tmp/tmpkv577tld/joda-convert/target/surefire-reports

-------------------------------------------------------
 T E S T S
-------------------------------------------------------
Running org.joda.convert.TestNumericArrayStringConverterFactory
Tests run: 5, Failures: 0, Errors: 0, Skipped: 0, Time elapsed: 0.098 sec - in org.joda.convert.TestNumericArrayStringConverterFactory
Running org.joda.convert.TestBooleanObjectArrayStringConverterFactory
Tests run: 1, Failures: 0, Errors: 0, Skipped: 0, Time elapsed: 0.006 sec - in org.joda.convert.TestBooleanObjectArrayStringConverterFactory
Running org.joda.convert.TestNumericObjectArrayStringConverterFactory
Tests run: 5, Failures: 0, Errors: 0, Skipped: 0, Time elapsed: 0.039 sec - in org.joda.convert.TestNumericObjectArrayStringConverterFactory
Running org.joda.convert.TestJDKStringConverters
Tests run: 50, Failures: 0, Errors: 0, Skipped: 0, Time elapsed: 0.061 sec - in org.joda.convert.TestJDKStringConverters
Running org.joda.convert.TestCharObjectArrayStringConverterFactory
Tests run: 1, Failures: 0, Errors: 0, Skipped: 0, Time elapsed: 0.008 sec - in org.joda.convert.TestCharObjectArrayStringConverterFactory
Running org.joda.convert.TestBooleanArrayStringConverterFactory
Tests run: 1, Failures: 0, Errors: 0, Skipped: 0, Time elapsed: 0.005 sec - in org.joda.convert.TestBooleanArrayStringConverterFactory
Running org.joda.convert.TestStringConvert
Tests run: 89, Failures: 0, Errors: 0, Skipped: 0, Time elapsed: 0.093 sec - in org.joda.convert.TestStringConvert
Running org.joda.convert.TestStringConverterFactory
Tests run: 6, Failures: 0, Errors: 0, Skipped: 0, Time elapsed: 0.003 sec - in org.joda.convert.TestStringConverterFactory
Running org.joda.convert.TestByteObjectArrayStringConverterFactory
Tests run: 1, Failures: 0, Errors: 0, Skipped: 0, Time elapsed: 0.005 sec - in org.joda.convert.TestByteObjectArrayStringConverterFactory

Results :

Tests run: 159, Failures: 0, Errors: 0, Skipped: 0

[INFO] 
[INFO] --- maven-jar-plugin:3.0.2:jar (default-jar) @ joda-convert ---
[INFO] Building jar: /tmp/tmpkv577tld/joda-convert/target/joda-convert-1.9.2.jar
[INFO] 
[INFO] --- maven-javadoc-plugin:2.10.4:jar (attach-javadocs) @ joda-convert ---
[INFO] Skipping javadoc generation
[INFO] 
[INFO] --- maven-source-plugin:3.0.1:jar-no-fork (attach-sources) @ joda-convert ---
[INFO] Building jar: /tmp/tmpkv577tld/joda-convert/target/joda-convert-1.9.2-sources.jar
[INFO] 
[INFO] --- maven-assembly-plugin:3.2.0:single (default) @ joda-convert ---
[INFO] Building jar: /tmp/tmpkv577tld/joda-convert/target/joda-convert-1.9.2-jar-with-dependencies.jar
[INFO] ------------------------------------------------------------------------
[INFO] BUILD SUCCESS
[INFO] ------------------------------------------------------------------------
[INFO] Total time:  12.640 s
[INFO] Finished at: 2020-07-30T17:21:26Z
[INFO] ------------------------------------------------------------------------
