[INFO] Error stacktraces are turned on.
[INFO] Scanning for projects...
[WARNING] 
[WARNING] Some problems were encountered while building the effective model for io.tauris:expression:jar:1.0.8
[WARNING] 'build.plugins.plugin.version' for org.codehaus.mojo:build-helper-maven-plugin is missing. @ line 60, column 15
[WARNING] 'build.plugins.plugin.version' for org.apache.maven.plugins:maven-source-plugin is missing. @ line 86, column 15
[WARNING] 'build.plugins.plugin.version' for org.apache.maven.plugins:maven-javadoc-plugin is missing. @ line 98, column 15
[WARNING] 
[WARNING] It is highly recommended to fix these problems because they threaten the stability of your build.
[WARNING] 
[WARNING] For this reason, future Maven versions might no longer support building such malformed projects.
[WARNING] 
[INFO] Inspecting build with total of 1 modules...
[INFO] Installing Nexus Staging features:
[INFO]   ... total of 1 executions of maven-deploy-plugin replaced with nexus-staging-maven-plugin
[INFO] 
[INFO] ------------------------< io.tauris:expression >------------------------
[INFO] Building TExpr 1.0.8
[INFO] --------------------------------[ jar ]---------------------------------
[INFO] 
[INFO] --- jacoco-maven-plugin:0.8.5:prepare-agent (default) @ expression ---
[INFO] argLine set to -javaagent:/home/jdbl/.m2/repository/org/jacoco/org.jacoco.agent/0.8.5/org.jacoco.agent-0.8.5-runtime.jar=destfile=/tmp/tmpvnmb_y49/expression/target/jacoco.exec
[INFO] 
[INFO] --- build-helper-maven-plugin:3.2.0:add-source (default) @ expression ---
[INFO] Source directory: /tmp/tmpvnmb_y49/expression/src/main/gen added.
[INFO] 
[INFO] --- antlr4-maven-plugin:4.6:antlr4 (antlr) @ expression ---
[INFO] No grammars to process
[INFO] ANTLR 4: Processing source directory /tmp/tmpvnmb_y49/expression/src/main/antlr4
[INFO] 
[INFO] --- maven-resources-plugin:2.6:resources (default-resources) @ expression ---
[INFO] Using 'UTF-8' encoding to copy filtered resources.
[INFO] Copying 2 resources
[INFO] 
[INFO] --- maven-compiler-plugin:3.2:compile (default-compile) @ expression ---
[INFO] Changes detected - recompiling the module!
[INFO] Compiling 39 source files to /tmp/tmpvnmb_y49/expression/target/classes
[INFO] /tmp/tmpvnmb_y49/expression/src/main/java/io/tauris/expression/ComparatorOp.java: /tmp/tmpvnmb_y49/expression/src/main/java/io/tauris/expression/ComparatorOp.java uses unchecked or unsafe operations.
[INFO] /tmp/tmpvnmb_y49/expression/src/main/java/io/tauris/expression/ComparatorOp.java: Recompile with -Xlint:unchecked for details.
[INFO] 
[INFO] --- maven-resources-plugin:2.6:testResources (default-testResources) @ expression ---
[INFO] Using 'UTF-8' encoding to copy filtered resources.
[INFO] skip non existing resourceDirectory /tmp/tmpvnmb_y49/expression/src/test/resources
[INFO] 
[INFO] --- maven-compiler-plugin:3.2:testCompile (default-testCompile) @ expression ---
[INFO] Changes detected - recompiling the module!
[INFO] Compiling 8 source files to /tmp/tmpvnmb_y49/expression/target/test-classes
[INFO] 
[INFO] --- maven-surefire-plugin:2.19.1:test (default-test) @ expression ---
[INFO] Surefire report directory: /tmp/tmpvnmb_y49/expression/target/surefire-reports

-------------------------------------------------------
 T E S T S
-------------------------------------------------------
Running io.tauris.expression.EvalTest
use 16
use 190
Tests run: 1, Failures: 0, Errors: 0, Skipped: 0, Time elapsed: 0.612 sec - in io.tauris.expression.EvalTest
Running io.tauris.expression.CalcTest
Tests run: 1, Failures: 0, Errors: 0, Skipped: 0, Time elapsed: 0.008 sec - in io.tauris.expression.CalcTest
Running io.tauris.expression.FuncTest
line 1:4 token recognition error at: '$'
Tests run: 4, Failures: 0, Errors: 0, Skipped: 0, Time elapsed: 0.18 sec - in io.tauris.expression.FuncTest
Running io.tauris.expression.IsHostTypeTest
Tests run: 1, Failures: 0, Errors: 0, Skipped: 0, Time elapsed: 0 sec - in io.tauris.expression.IsHostTypeTest
Running io.tauris.expression.TMathTest
Tests run: 1, Failures: 0, Errors: 0, Skipped: 0, Time elapsed: 0.001 sec - in io.tauris.expression.TMathTest
Running io.tauris.expression.TBoolTest
$action in ['b','c','a']
$user_info is null || ($user_info.g_level != 'G6' && $user_info.g_level != 'G7')
$geo_block is not null && $geo_block
Tests run: 15, Failures: 0, Errors: 0, Skipped: 0, Time elapsed: 0.052 sec - in io.tauris.expression.TBoolTest
Running io.tauris.expression.IsTypeFactoryTest
Tests run: 1, Failures: 0, Errors: 0, Skipped: 0, Time elapsed: 0 sec - in io.tauris.expression.IsTypeFactoryTest

Results :

Tests run: 24, Failures: 0, Errors: 0, Skipped: 0

[INFO] 
[INFO] --- jacoco-maven-plugin:0.8.5:report (report) @ expression ---
[INFO] Loading execution data file /tmp/tmpvnmb_y49/expression/target/jacoco.exec
[INFO] Analyzed bundle 'TExpr' with 354 classes
[INFO] ------------------------------------------------------------------------
[INFO] BUILD SUCCESS
[INFO] ------------------------------------------------------------------------
[INFO] Total time:  20.382 s
[INFO] Finished at: 2020-07-30T21:56:29Z
[INFO] ------------------------------------------------------------------------
