[INFO] Error stacktraces are turned on.
[INFO] Scanning for projects...
[INFO] 
[INFO] ---------------------< org.digitalmediaserver:dms >---------------------
[INFO] Building Digital Media Server 0.0.1-SNAPSHOT
[INFO] --------------------------------[ jar ]---------------------------------
[INFO] 
[INFO] --- maven-enforcer-plugin:1.4.1:enforce (enforce) @ dms ---
[INFO] artifact org.slf4j:slf4j-api: checking for updates from 4thline-repo
[INFO] artifact org.slf4j:slf4j-api: checking for updates from jaudiotagger-repository
[INFO] artifact org.slf4j:slf4j-api: checking for updates from central
[INFO] 
[INFO] --- git-commit-id-plugin:2.2.4:revision (default) @ dms ---
[INFO] 
[INFO] --- jacoco-maven-plugin:0.8.5:prepare-agent (default) @ dms ---
[INFO] argLine set to -javaagent:/home/jdbl/.m2/repository/org/jacoco/org.jacoco.agent/0.8.5/org.jacoco.agent-0.8.5-runtime.jar=destfile=/tmp/tmpgi0m23ki/DigitalMediaServer/target/jacoco.exec
[INFO] 
[INFO] --- maven-resources-plugin:2.6:resources (default-resources) @ dms ---
[INFO] Using 'UTF-8' encoding to copy filtered resources.
[INFO] Copying 972 resources to resources
[INFO] Copying 1 resource to resources
[INFO] Copying 1 resource to ..
[INFO] 
[INFO] --- maven-antrun-plugin:1.8:run (process-resources-linux) @ dms ---
[INFO] Executing tasks

main:
    [mkdir] Created dir: /tmp/tmpgi0m23ki/DigitalMediaServer/target/bin
    [mkdir] Created dir: /tmp/tmpgi0m23ki/DigitalMediaServer/target/bin/linux
      [get] Getting: http://universalmediaserver.com/svn/binaries/linux/ffmpeg?p=71
      [get] To: /tmp/tmpgi0m23ki/DigitalMediaServer/target/bin/linux/ffmpeg
      [get] Getting: http://universalmediaserver.com/svn/binaries/linux/ffmpeg64?p=71
      [get] To: /tmp/tmpgi0m23ki/DigitalMediaServer/target/bin/linux/ffmpeg64
      [get] Getting: http://universalmediaserver.com/svn/binaries/linux/tsMuxeR-new?p=71
      [get] To: /tmp/tmpgi0m23ki/DigitalMediaServer/target/bin/linux/tsMuxeR
      [get] Getting: http://universalmediaserver.com/svn/binaries/linux/tsMuxeR_licence.txt?p=71
      [get] To: /tmp/tmpgi0m23ki/DigitalMediaServer/target/bin/linux/tsMuxeR_license.txt
[INFO] Executed tasks
[INFO] 
[INFO] --- maven-compiler-plugin:3.7.0:compile (default-compile) @ dms ---
[INFO] Changes detected - recompiling the module!
[INFO] Compiling 502 source files to /tmp/tmpgi0m23ki/DigitalMediaServer/target/classes
[INFO] /tmp/tmpgi0m23ki/DigitalMediaServer/src/main/java/net/pms/newgui/NavigationShareTab.java: Some input files use or override a deprecated API.
[INFO] /tmp/tmpgi0m23ki/DigitalMediaServer/src/main/java/net/pms/newgui/NavigationShareTab.java: Recompile with -Xlint:deprecation for details.
[INFO] /tmp/tmpgi0m23ki/DigitalMediaServer/src/main/java/net/pms/network/UPNPControl.java: Some input files use unchecked or unsafe operations.
[INFO] /tmp/tmpgi0m23ki/DigitalMediaServer/src/main/java/net/pms/network/UPNPControl.java: Recompile with -Xlint:unchecked for details.
[INFO] 
[INFO] --- maven-resources-plugin:2.6:testResources (default-testResources) @ dms ---
[INFO] Using 'UTF-8' encoding to copy filtered resources.
[INFO] Copying 1 resource to resources
[INFO] Copying 14 resources to net/pms/util
[INFO] 
[INFO] --- maven-compiler-plugin:3.7.0:testCompile (default-testCompile) @ dms ---
[INFO] Changes detected - recompiling the module!
[INFO] Compiling 44 source files to /tmp/tmpgi0m23ki/DigitalMediaServer/target/test-classes
[INFO] /tmp/tmpgi0m23ki/DigitalMediaServer/src/test/java/net/pms/configuration/FormatConfigurationRegressionTest0.java: /tmp/tmpgi0m23ki/DigitalMediaServer/src/test/java/net/pms/configuration/FormatConfigurationRegressionTest0.java uses or overrides a deprecated API.
[INFO] /tmp/tmpgi0m23ki/DigitalMediaServer/src/test/java/net/pms/configuration/FormatConfigurationRegressionTest0.java: Recompile with -Xlint:deprecation for details.
[INFO] 
[INFO] --- maven-surefire-plugin:2.19.1:test (default-test) @ dms ---
[INFO] Surefire report directory: /tmp/tmpgi0m23ki/DigitalMediaServer/target/surefire-reports

-------------------------------------------------------
 T E S T S
-------------------------------------------------------
Running net.pms.util.jna.macos.kernreturn.KernReturnTest
Tests run: 4, Failures: 0, Errors: 0, Skipped: 0, Time elapsed: 0.034 sec - in net.pms.util.jna.macos.kernreturn.KernReturnTest
Running net.pms.util.jna.macos.corefoundation.CoreFoundationTest
Tests run: 1, Failures: 0, Errors: 0, Skipped: 1, Time elapsed: 0 sec - in net.pms.util.jna.macos.corefoundation.CoreFoundationTest
Running net.pms.util.jna.macos.iokit.IOKitTest
Tests run: 1, Failures: 0, Errors: 0, Skipped: 1, Time elapsed: 0 sec - in net.pms.util.jna.macos.iokit.IOKitTest
Running net.pms.util.jna.JNATypesTest
Tests run: 5, Failures: 0, Errors: 0, Skipped: 0, Time elapsed: 0.056 sec - in net.pms.util.jna.JNATypesTest
Running net.pms.util.PairTest
Tests run: 2, Failures: 0, Errors: 0, Skipped: 0, Time elapsed: 0.008 sec - in net.pms.util.PairTest
Running net.pms.util.IteratorsTest
Tests run: 1, Failures: 0, Errors: 0, Skipped: 0, Time elapsed: 0.047 sec - in net.pms.util.IteratorsTest
Running net.pms.util.H265LevelTest
Tests run: 1, Failures: 0, Errors: 0, Skipped: 0, Time elapsed: 0.007 sec - in net.pms.util.H265LevelTest
Running net.pms.util.UMSUtilsTest
Tests run: 1, Failures: 0, Errors: 0, Skipped: 0, Time elapsed: 0.406 sec - in net.pms.util.UMSUtilsTest
Running net.pms.util.StringUtilTest
Tests run: 5, Failures: 0, Errors: 0, Skipped: 0, Time elapsed: 0.002 sec - in net.pms.util.StringUtilTest
Running net.pms.util.FilePermissionsTest
Tests run: 4, Failures: 0, Errors: 0, Skipped: 0, Time elapsed: 0.004 sec - in net.pms.util.FilePermissionsTest
Running net.pms.util.TitleCaseTest
Tests run: 3, Failures: 0, Errors: 0, Skipped: 0, Time elapsed: 0.009 sec - in net.pms.util.TitleCaseTest
Running net.pms.util.H264LevelTest
Tests run: 1, Failures: 0, Errors: 0, Skipped: 0, Time elapsed: 0.002 sec - in net.pms.util.H264LevelTest
Running net.pms.util.FileUtilTest
Tests run: 32, Failures: 0, Errors: 0, Skipped: 0, Time elapsed: 0.135 sec - in net.pms.util.FileUtilTest
Running net.pms.util.VersionTest
Tests run: 12, Failures: 0, Errors: 0, Skipped: 0, Time elapsed: 0.011 sec - in net.pms.util.VersionTest
Running net.pms.util.LanguagesTest
Tests run: 4, Failures: 0, Errors: 0, Skipped: 0, Time elapsed: 0 sec - in net.pms.util.LanguagesTest
Running net.pms.util.ConversionUtilTest
Tests run: 19, Failures: 0, Errors: 0, Skipped: 0, Time elapsed: 0.063 sec - in net.pms.util.ConversionUtilTest
Running net.pms.util.RationalTest
Tests run: 31, Failures: 0, Errors: 0, Skipped: 0, Time elapsed: 0.036 sec - in net.pms.util.RationalTest
Running net.pms.newgui.ViewLevelTest
Tests run: 1, Failures: 0, Errors: 0, Skipped: 0, Time elapsed: 0 sec - in net.pms.newgui.ViewLevelTest
Running net.pms.newgui.components.TextAreaFIFOTest
Tests run: 1, Failures: 0, Errors: 0, Skipped: 0, Time elapsed: 0.028 sec - in net.pms.newgui.components.TextAreaFIFOTest
Running net.pms.newgui.components.SpinnerIntModelTest
Tests run: 1, Failures: 0, Errors: 0, Skipped: 0, Time elapsed: 0 sec - in net.pms.newgui.components.SpinnerIntModelTest
Running net.pms.newgui.LanguageSelectionTest
Tests run: 2, Failures: 0, Errors: 0, Skipped: 0, Time elapsed: 0.013 sec - in net.pms.newgui.LanguageSelectionTest
Running net.pms.configuration.PmsConfigurationTest
Tests run: 3, Failures: 0, Errors: 0, Skipped: 0, Time elapsed: 0.018 sec - in net.pms.configuration.PmsConfigurationTest
Running net.pms.configuration.FormatConfigurationRegressionTest
Tests run: 115, Failures: 0, Errors: 0, Skipped: 0, Time elapsed: 0.013 sec - in net.pms.configuration.FormatConfigurationRegressionTest
Running net.pms.configuration.RendererConfigurationTest
Tests run: 3, Failures: 0, Errors: 0, Skipped: 0, Time elapsed: 0.374 sec - in net.pms.configuration.RendererConfigurationTest
Running net.pms.test.TaskRunnerTest
Tests run: 2, Failures: 0, Errors: 0, Skipped: 0, Time elapsed: 1.011 sec - in net.pms.test.TaskRunnerTest
Running net.pms.test.Iso639Test
Tests run: 1, Failures: 0, Errors: 0, Skipped: 0, Time elapsed: 0.011 sec - in net.pms.test.Iso639Test
Running net.pms.test.formats.FormatRecognitionTest
Tests run: 6, Failures: 0, Errors: 0, Skipped: 6, Time elapsed: 0.078 sec - in net.pms.test.formats.FormatRecognitionTest
Running net.pms.test.formats.FormatTest
Tests run: 2, Failures: 0, Errors: 0, Skipped: 0, Time elapsed: 0.015 sec - in net.pms.test.formats.FormatTest
Running net.pms.test.formats.FormatFactoryTest
Tests run: 2, Failures: 0, Errors: 0, Skipped: 0, Time elapsed: 0.027 sec - in net.pms.test.formats.FormatFactoryTest
Running net.pms.logging.LoggingTest
Tests run: 3, Failures: 0, Errors: 0, Skipped: 0, Time elapsed: 0.155 sec - in net.pms.logging.LoggingTest
Running net.pms.dlna.DLNAMediaAudioTest
Tests run: 2, Failures: 0, Errors: 0, Skipped: 0, Time elapsed: 0.003 sec - in net.pms.dlna.DLNAMediaAudioTest
Running net.pms.dlna.LibMediaInfoParserTest
Tests run: 12, Failures: 0, Errors: 0, Skipped: 0, Time elapsed: 0.013 sec - in net.pms.dlna.LibMediaInfoParserTest
Running net.pms.dlna.DLNAResourceTypeTest
Tests run: 5, Failures: 0, Errors: 0, Skipped: 0, Time elapsed: 0.019 sec - in net.pms.dlna.DLNAResourceTypeTest
Running net.pms.dlna.DLNAMediaSubtitleTest
Tests run: 8, Failures: 0, Errors: 0, Skipped: 0, Time elapsed: 0.033 sec - in net.pms.dlna.DLNAMediaSubtitleTest
Running net.pms.dlna.DLNAMediaInfoTest
Tests run: 3, Failures: 0, Errors: 0, Skipped: 0, Time elapsed: 0 sec - in net.pms.dlna.DLNAMediaInfoTest
Running net.pms.formats.v2.AudioAttributeTest
Tests run: 5, Failures: 0, Errors: 0, Skipped: 0, Time elapsed: 0.001 sec - in net.pms.formats.v2.AudioAttributeTest
Running net.pms.formats.v2.SubtitleTypeTest
Tests run: 17, Failures: 0, Errors: 0, Skipped: 0, Time elapsed: 0.008 sec - in net.pms.formats.v2.SubtitleTypeTest
Running net.pms.formats.v2.AudioPropertiesTest
Tests run: 11, Failures: 0, Errors: 0, Skipped: 0, Time elapsed: 0.001 sec - in net.pms.formats.v2.AudioPropertiesTest
Running net.pms.formats.v2.SubtitleUtilsTest
Tests run: 5, Failures: 0, Errors: 0, Skipped: 0, Time elapsed: 0.019 sec - in net.pms.formats.v2.SubtitleUtilsTest
Running net.pms.formats.FormatsExtensionTest
Tests run: 1, Failures: 0, Errors: 0, Skipped: 0, Time elapsed: 0.004 sec - in net.pms.formats.FormatsExtensionTest
Running net.pms.formats.FormatsRegressionTest
Tests run: 61, Failures: 0, Errors: 0, Skipped: 0, Time elapsed: 0.005 sec - in net.pms.formats.FormatsRegressionTest

Results :

Tests run: 399, Failures: 0, Errors: 0, Skipped: 8

[INFO] 
[INFO] --- jacoco-maven-plugin:0.8.5:report (report) @ dms ---
[INFO] Loading execution data file /tmp/tmpgi0m23ki/DigitalMediaServer/target/jacoco.exec
[INFO] Analyzed bundle 'Digital Media Server' with 1426 classes
[INFO] ------------------------------------------------------------------------
[INFO] BUILD SUCCESS
[INFO] ------------------------------------------------------------------------
[INFO] Total time:  01:50 min
[INFO] Finished at: 2020-07-30T20:20:21Z
[INFO] ------------------------------------------------------------------------
