[INFO] Error stacktraces are turned on.
[INFO] Scanning for projects...
[INFO] 
[INFO] ------------< smartrics.restfixture:smartrics-RestFixture >-------------
[INFO] Building RestFixture 4.5-SNAPSHOT
[INFO] --------------------------------[ jar ]---------------------------------
[INFO] 
[INFO] --- maven-enforcer-plugin:1.2:enforce (enforce-maven) @ smartrics-RestFixture ---
[INFO] 
[INFO] --- jacoco-maven-plugin:0.8.5:prepare-agent (default) @ smartrics-RestFixture ---
[INFO] argLine set to -javaagent:/home/jdbl/.m2/repository/org/jacoco/org.jacoco.agent/0.8.5/org.jacoco.agent-0.8.5-runtime.jar=destfile=/tmp/tmp5t6bhft0/RestFixture/target/jacoco.exec
[INFO] 
[INFO] --- maven-resources-plugin:2.6:resources (default-resources) @ smartrics-RestFixture ---
[INFO] Using 'UTF-8' encoding to copy filtered resources.
[INFO] Copying 1 resource
[INFO] 
[INFO] --- maven-compiler-plugin:2.5.1:compile (default-compile) @ smartrics-RestFixture ---
[INFO] Compiling 50 source files to /tmp/tmp5t6bhft0/RestFixture/target/classes
[INFO] 
[INFO] --- maven-resources-plugin:2.6:testResources (default-testResources) @ smartrics-RestFixture ---
[INFO] Using 'UTF-8' encoding to copy filtered resources.
[INFO] skip non existing resourceDirectory /tmp/tmp5t6bhft0/RestFixture/src/test/resources
[INFO] 
[INFO] --- maven-compiler-plugin:2.5.1:testCompile (default-testCompile) @ smartrics-RestFixture ---
[INFO] Compiling 32 source files to /tmp/tmp5t6bhft0/RestFixture/target/test-classes
[INFO] 
[INFO] --- maven-surefire-plugin:2.19.1:test (default-test) @ smartrics-RestFixture ---
[INFO] Surefire report directory: /tmp/tmp5t6bhft0/RestFixture/target/surefire-reports

-------------------------------------------------------
 T E S T S
-------------------------------------------------------
Running smartrics.rest.fitnesse.fixture.RestFixtureConfigTest
Tests run: 2, Failures: 0, Errors: 0, Skipped: 0, Time elapsed: 0.048 sec - in smartrics.rest.fitnesse.fixture.RestFixtureConfigTest
Running smartrics.rest.fitnesse.fixture.RestFixtureFitTest
SLF4J: Failed to load class "org.slf4j.impl.StaticLoggerBinder".
SLF4J: Defaulting to no-operation (NOP) logger implementation
SLF4J: See http://www.slf4j.org/codes.html#StaticLoggerBinder for further details.
Tests run: 4, Failures: 0, Errors: 0, Skipped: 0, Time elapsed: 0.171 sec - in smartrics.rest.fitnesse.fixture.RestFixtureFitTest
Running smartrics.rest.fitnesse.fixture.FitFormatterTest
Tests run: 10, Failures: 0, Errors: 0, Skipped: 0, Time elapsed: 0.41 sec - in smartrics.rest.fitnesse.fixture.FitFormatterTest
Running smartrics.rest.fitnesse.fixture.RestFixtureTest
Tests run: 60, Failures: 0, Errors: 0, Skipped: 0, Time elapsed: 1.508 sec - in smartrics.rest.fitnesse.fixture.RestFixtureTest
Running smartrics.rest.fitnesse.fixture.SlimFormatterTest
Tests run: 10, Failures: 0, Errors: 0, Skipped: 0, Time elapsed: 0.028 sec - in smartrics.rest.fitnesse.fixture.SlimFormatterTest
Running smartrics.rest.fitnesse.fixture.support.JavascriptWrapperTest
Tests run: 19, Failures: 0, Errors: 0, Skipped: 0, Time elapsed: 1.832 sec - in smartrics.rest.fitnesse.fixture.support.JavascriptWrapperTest
Running smartrics.rest.fitnesse.fixture.support.VariablesTest
Tests run: 9, Failures: 0, Errors: 0, Skipped: 0, Time elapsed: 0.004 sec - in smartrics.rest.fitnesse.fixture.support.VariablesTest
Running smartrics.rest.fitnesse.fixture.support.UrlTest
Tests run: 11, Failures: 0, Errors: 0, Skipped: 0, Time elapsed: 0.004 sec - in smartrics.rest.fitnesse.fixture.support.UrlTest
Running smartrics.rest.fitnesse.fixture.support.SlimVariablesTest
Tests run: 5, Failures: 0, Errors: 0, Skipped: 0, Time elapsed: 0.02 sec - in smartrics.rest.fitnesse.fixture.support.SlimVariablesTest
Running smartrics.rest.fitnesse.fixture.support.LetBodyJsHandlerTest
Tests run: 1, Failures: 0, Errors: 0, Skipped: 0, Time elapsed: 0.008 sec - in smartrics.rest.fitnesse.fixture.support.LetBodyJsHandlerTest
Running smartrics.rest.fitnesse.fixture.support.JSONBodyTypeAdapterTest
Tests run: 11, Failures: 0, Errors: 0, Skipped: 0, Time elapsed: 0.103 sec - in smartrics.rest.fitnesse.fixture.support.JSONBodyTypeAdapterTest
Running smartrics.rest.fitnesse.fixture.support.http.GetMethodTest
Tests run: 1, Failures: 0, Errors: 0, Skipped: 0, Time elapsed: 0.065 sec - in smartrics.rest.fitnesse.fixture.support.http.GetMethodTest
Running smartrics.rest.fitnesse.fixture.support.http.DeleteMethodTest
Tests run: 1, Failures: 0, Errors: 0, Skipped: 0, Time elapsed: 0.009 sec - in smartrics.rest.fitnesse.fixture.support.http.DeleteMethodTest
Running smartrics.rest.fitnesse.fixture.support.http.PostMethodTest
Tests run: 1, Failures: 0, Errors: 0, Skipped: 0, Time elapsed: 0.018 sec - in smartrics.rest.fitnesse.fixture.support.http.PostMethodTest
Running smartrics.rest.fitnesse.fixture.support.http.PutMethodTest
Tests run: 1, Failures: 0, Errors: 0, Skipped: 0, Time elapsed: 0.002 sec - in smartrics.rest.fitnesse.fixture.support.http.PutMethodTest
Running smartrics.rest.fitnesse.fixture.support.XPathBodyTypeAdapterTest
Tests run: 9, Failures: 0, Errors: 0, Skipped: 0, Time elapsed: 0.04 sec - in smartrics.rest.fitnesse.fixture.support.XPathBodyTypeAdapterTest
Running smartrics.rest.fitnesse.fixture.support.HeadersTypeAdapterTest
Tests run: 9, Failures: 0, Errors: 0, Skipped: 0, Time elapsed: 0.008 sec - in smartrics.rest.fitnesse.fixture.support.HeadersTypeAdapterTest
Running smartrics.rest.fitnesse.fixture.support.RestDataTypeAdapterTest
Tests run: 8, Failures: 0, Errors: 0, Skipped: 0, Time elapsed: 0.037 sec - in smartrics.rest.fitnesse.fixture.support.RestDataTypeAdapterTest
Running smartrics.rest.fitnesse.fixture.support.ContentTypeTest
Tests run: 10, Failures: 0, Errors: 0, Skipped: 0, Time elapsed: 0.003 sec - in smartrics.rest.fitnesse.fixture.support.ContentTypeTest
Running smartrics.rest.fitnesse.fixture.support.BodyTypeAdapterFactoryTest
Tests run: 5, Failures: 0, Errors: 0, Skipped: 0, Time elapsed: 0 sec - in smartrics.rest.fitnesse.fixture.support.BodyTypeAdapterFactoryTest
Running smartrics.rest.fitnesse.fixture.support.ToolsTest
[Fatal Error] :1:8: XML document structures must start and end within the same entity.
Tests run: 34, Failures: 0, Errors: 0, Skipped: 0, Time elapsed: 0.071 sec - in smartrics.rest.fitnesse.fixture.support.ToolsTest
Running smartrics.rest.fitnesse.fixture.support.SlimCellTest
Tests run: 5, Failures: 0, Errors: 0, Skipped: 0, Time elapsed: 0.001 sec - in smartrics.rest.fitnesse.fixture.support.SlimCellTest
Running smartrics.rest.fitnesse.fixture.support.LetBodyHandlerTest
Tests run: 3, Failures: 0, Errors: 0, Skipped: 0, Time elapsed: 0.004 sec - in smartrics.rest.fitnesse.fixture.support.LetBodyHandlerTest
Running smartrics.rest.fitnesse.fixture.support.StringTypeAdapterTest
Tests run: 8, Failures: 0, Errors: 0, Skipped: 0, Time elapsed: 0.002 sec - in smartrics.rest.fitnesse.fixture.support.StringTypeAdapterTest
Running smartrics.rest.fitnesse.fixture.support.ConfigTest
Tests run: 16, Failures: 0, Errors: 0, Skipped: 0, Time elapsed: 0.004 sec - in smartrics.rest.fitnesse.fixture.support.ConfigTest
Running smartrics.rest.fitnesse.fixture.support.FitCellTest
Tests run: 5, Failures: 0, Errors: 0, Skipped: 0, Time elapsed: 0.002 sec - in smartrics.rest.fitnesse.fixture.support.FitCellTest
Running smartrics.rest.fitnesse.fixture.support.HttpClientBuilderTest
Tests run: 4, Failures: 0, Errors: 0, Skipped: 0, Time elapsed: 0.004 sec - in smartrics.rest.fitnesse.fixture.support.HttpClientBuilderTest
Running smartrics.rest.fitnesse.fixture.support.TextBodyTypeAdapterTest
Tests run: 9, Failures: 0, Errors: 0, Skipped: 0, Time elapsed: 0.015 sec - in smartrics.rest.fitnesse.fixture.support.TextBodyTypeAdapterTest
Running smartrics.rest.fitnesse.fixture.support.StatusCodeTypeAdapterTest
Tests run: 5, Failures: 0, Errors: 0, Skipped: 0, Time elapsed: 0 sec - in smartrics.rest.fitnesse.fixture.support.StatusCodeTypeAdapterTest
Running smartrics.rest.fitnesse.fixture.PartsFactoryTest
Tests run: 11, Failures: 0, Errors: 0, Skipped: 0, Time elapsed: 0.007 sec - in smartrics.rest.fitnesse.fixture.PartsFactoryTest
Running smartrics.rest.fitnesse.fixture.RestFixtureSlimFitTest
Tests run: 3, Failures: 0, Errors: 0, Skipped: 0, Time elapsed: 0 sec - in smartrics.rest.fitnesse.fixture.RestFixtureSlimFitTest

Results :

Tests run: 290, Failures: 0, Errors: 0, Skipped: 0

[INFO] 
[INFO] --- jacoco-maven-plugin:0.8.5:report (report) @ smartrics-RestFixture ---
[INFO] Loading execution data file /tmp/tmp5t6bhft0/RestFixture/target/jacoco.exec
[INFO] Analyzed bundle 'RestFixture' with 105 classes
[INFO] ------------------------------------------------------------------------
[INFO] BUILD SUCCESS
[INFO] ------------------------------------------------------------------------
[INFO] Total time:  26.535 s
[INFO] Finished at: 2020-07-30T16:15:03Z
[INFO] ------------------------------------------------------------------------
