[INFO] Error stacktraces are turned on.
[INFO] Scanning for projects...
[WARNING] 
[WARNING] Some problems were encountered while building the effective model for com.channelape:bigcommerce-sdk:jar:2.0.1-SNAPSHOT
[WARNING] 'build.plugins.plugin.version' for org.apache.maven.plugins:maven-failsafe-plugin is missing. @ line 159, column 15
[WARNING] 'build.plugins.plugin.version' for org.apache.maven.plugins:maven-source-plugin is missing. @ line 180, column 15
[WARNING] 'build.plugins.plugin.version' for org.apache.maven.plugins:maven-javadoc-plugin is missing. @ line 192, column 15
[WARNING] 
[WARNING] It is highly recommended to fix these problems because they threaten the stability of your build.
[WARNING] 
[WARNING] For this reason, future Maven versions might no longer support building such malformed projects.
[WARNING] 
[INFO] 
[INFO] -------------------< com.channelape:bigcommerce-sdk >-------------------
[INFO] Building BigCommerce SDK 2.0.1-SNAPSHOT
[INFO] --------------------------------[ jar ]---------------------------------
[INFO] 
[INFO] --- jacoco-maven-plugin:0.8.5:prepare-agent (default) @ bigcommerce-sdk ---
[INFO] argLine set to -javaagent:/home/jdbl/.m2/repository/org/jacoco/org.jacoco.agent/0.8.5/org.jacoco.agent-0.8.5-runtime.jar=destfile=/tmp/tmpfh0iu1s4/bigcommerce-sdk/target/jacoco.exec
[INFO] 
[INFO] --- maven-resources-plugin:2.6:resources (default-resources) @ bigcommerce-sdk ---
[WARNING] Using platform encoding (UTF-8 actually) to copy filtered resources, i.e. build is platform dependent!
[INFO] skip non existing resourceDirectory /tmp/tmpfh0iu1s4/bigcommerce-sdk/src/main/resources
[INFO] 
[INFO] --- maven-compiler-plugin:3.3:compile (default-compile) @ bigcommerce-sdk ---
[INFO] Changes detected - recompiling the module!
[WARNING] File encoding has not been set, using platform encoding UTF-8, i.e. build is platform dependent!
[INFO] Compiling 57 source files to /tmp/tmpfh0iu1s4/bigcommerce-sdk/target/classes
[INFO] 
[INFO] --- maven-resources-plugin:2.6:testResources (default-testResources) @ bigcommerce-sdk ---
[WARNING] Using platform encoding (UTF-8 actually) to copy filtered resources, i.e. build is platform dependent!
[INFO] Copying 1 resource
[INFO] 
[INFO] --- maven-compiler-plugin:3.3:testCompile (default-testCompile) @ bigcommerce-sdk ---
[INFO] Changes detected - recompiling the module!
[WARNING] File encoding has not been set, using platform encoding UTF-8, i.e. build is platform dependent!
[INFO] Compiling 4 source files to /tmp/tmpfh0iu1s4/bigcommerce-sdk/target/test-classes
[INFO] 
[INFO] --- maven-surefire-plugin:2.19.1:test (default-test) @ bigcommerce-sdk ---
[INFO] Surefire report directory: /tmp/tmpfh0iu1s4/bigcommerce-sdk/target/surefire-reports

-------------------------------------------------------
 T E S T S
-------------------------------------------------------
Running com.bigcommerce.catalog.models.DateTimeAdapterTest
Tests run: 4, Failures: 0, Errors: 0, Skipped: 0, Time elapsed: 0.72 sec - in com.bigcommerce.catalog.models.DateTimeAdapterTest
Running com.bigcommerce.catalog.models.VariantTest
Tests run: 5, Failures: 0, Errors: 0, Skipped: 0, Time elapsed: 0.063 sec - in com.bigcommerce.catalog.models.VariantTest
Running com.bigcommerce.BigcommerceSdkTest
[main] INFO org.eclipse.jetty.util.log - Logging initialized @3092ms
[main] INFO org.eclipse.jetty.server.Server - jetty-9.3.8.v20160314
[main] INFO org.eclipse.jetty.server.ServerConnector - Started ServerConnector@67022ea{HTTP/1.1,[http/1.1]}{0.0.0.0:37729}
[main] INFO org.eclipse.jetty.server.Server - Started @4032ms
[main] INFO com.github.restdriver.clientdriver.ClientDriverRequest - addExpectation: GET "/adf242xsfw/v2/order_statuses"
[main] INFO com.github.restdriver.clientdriver.ClientDriverRequest - addExpectation: PUT "/adf242xsfw/v2/orders/100"
[qtp1056889967-34] INFO com.github.restdriver.clientdriver.jetty.DefaultClientDriverJettyHandler - Handling: GET /adf242xsfw/v2/order_statuses
[qtp1056889967-35] INFO com.github.restdriver.clientdriver.jetty.DefaultClientDriverJettyHandler - Handling: PUT /adf242xsfw/v2/orders/100
[main] INFO com.github.restdriver.clientdriver.ClientDriver - Beginning verification
[main] INFO org.eclipse.jetty.server.ServerConnector - Stopped ServerConnector@67022ea{HTTP/1.1,[http/1.1]}{0.0.0.0:0}
[main] INFO org.eclipse.jetty.server.Server - jetty-9.3.8.v20160314
[main] INFO org.eclipse.jetty.server.ServerConnector - Started ServerConnector@5f4bb622{HTTP/1.1,[http/1.1]}{0.0.0.0:43207}
[main] INFO org.eclipse.jetty.server.Server - Started @9364ms
[main] INFO com.github.restdriver.clientdriver.ClientDriverRequest - addExpectation: GET "/adf242xsfw/v3/catalog/products/112/metafields"
[qtp2115033051-47] INFO com.github.restdriver.clientdriver.jetty.DefaultClientDriverJettyHandler - Handling: GET /adf242xsfw/v3/catalog/products/112/metafields
[main] INFO com.github.restdriver.clientdriver.ClientDriver - Beginning verification
[main] INFO org.eclipse.jetty.server.ServerConnector - Stopped ServerConnector@5f4bb622{HTTP/1.1,[http/1.1]}{0.0.0.0:0}
[main] INFO org.eclipse.jetty.server.Server - jetty-9.3.8.v20160314
[main] INFO org.eclipse.jetty.server.ServerConnector - Started ServerConnector@574afc21{HTTP/1.1,[http/1.1]}{0.0.0.0:40705}
[main] INFO org.eclipse.jetty.server.Server - Started @9680ms
[main] INFO com.github.restdriver.clientdriver.ClientDriver - Beginning verification
[main] INFO org.eclipse.jetty.server.ServerConnector - Stopped ServerConnector@574afc21{HTTP/1.1,[http/1.1]}{0.0.0.0:0}
[main] INFO org.eclipse.jetty.server.Server - jetty-9.3.8.v20160314
[main] INFO org.eclipse.jetty.server.ServerConnector - Started ServerConnector@44c994e5{HTTP/1.1,[http/1.1]}{0.0.0.0:37413}
[main] INFO org.eclipse.jetty.server.Server - Started @9752ms
[main] INFO com.github.restdriver.clientdriver.ClientDriverRequest - addExpectation: GET "/adf242xsfw/v2/order_statuses"
[main] INFO com.github.restdriver.clientdriver.ClientDriverRequest - addExpectation: PUT "/adf242xsfw/v2/orders/100"
[qtp233325119-58] INFO com.github.restdriver.clientdriver.jetty.DefaultClientDriverJettyHandler - Handling: GET /adf242xsfw/v2/order_statuses
[qtp233325119-58] INFO com.github.restdriver.clientdriver.jetty.DefaultClientDriverJettyHandler - Handling: PUT /adf242xsfw/v2/orders/100
[main] INFO com.github.restdriver.clientdriver.ClientDriver - Beginning verification
[main] INFO org.eclipse.jetty.server.ServerConnector - Stopped ServerConnector@44c994e5{HTTP/1.1,[http/1.1]}{0.0.0.0:0}
[main] INFO org.eclipse.jetty.server.Server - jetty-9.3.8.v20160314
[main] INFO org.eclipse.jetty.server.ServerConnector - Started ServerConnector@1029d19a{HTTP/1.1,[http/1.1]}{0.0.0.0:45723}
[main] INFO org.eclipse.jetty.server.Server - Started @9955ms
[main] INFO com.github.restdriver.clientdriver.ClientDriverRequest - addExpectation: GET "/adf242xsfw/v3/catalog/brands"
[qtp319178489-70] INFO com.github.restdriver.clientdriver.jetty.DefaultClientDriverJettyHandler - Handling: GET /adf242xsfw/v3/catalog/brands
[main] INFO com.github.restdriver.clientdriver.ClientDriver - Beginning verification
[main] INFO org.eclipse.jetty.server.ServerConnector - Stopped ServerConnector@1029d19a{HTTP/1.1,[http/1.1]}{0.0.0.0:0}
[main] INFO org.eclipse.jetty.server.Server - jetty-9.3.8.v20160314
[main] INFO org.eclipse.jetty.server.ServerConnector - Started ServerConnector@11b3f8e4{HTTP/1.1,[http/1.1]}{0.0.0.0:44949}
[main] INFO org.eclipse.jetty.server.Server - Started @10147ms
[main] INFO com.github.restdriver.clientdriver.ClientDriverRequest - addExpectation: GET "/adf242xsfw/v2/orders/100/shipments"
[qtp965436781-82] INFO com.github.restdriver.clientdriver.jetty.DefaultClientDriverJettyHandler - Handling: GET /adf242xsfw/v2/orders/100/shipments
[main] INFO com.github.restdriver.clientdriver.ClientDriver - Beginning verification
[main] INFO org.eclipse.jetty.server.ServerConnector - Stopped ServerConnector@11b3f8e4{HTTP/1.1,[http/1.1]}{0.0.0.0:0}
[main] INFO org.eclipse.jetty.server.Server - jetty-9.3.8.v20160314
[main] INFO org.eclipse.jetty.server.ServerConnector - Started ServerConnector@56f3270{HTTP/1.1,[http/1.1]}{0.0.0.0:40331}
[main] INFO org.eclipse.jetty.server.Server - Started @10260ms
[main] INFO com.github.restdriver.clientdriver.ClientDriverRequest - addExpectation: GET "/adf242xsfw/v3/catalog/summary"
[qtp1190353065-95] INFO com.github.restdriver.clientdriver.jetty.DefaultClientDriverJettyHandler - Handling: GET /adf242xsfw/v3/catalog/summary
[main] INFO com.github.restdriver.clientdriver.ClientDriver - Beginning verification
[main] INFO org.eclipse.jetty.server.ServerConnector - Stopped ServerConnector@56f3270{HTTP/1.1,[http/1.1]}{0.0.0.0:0}
[main] INFO org.eclipse.jetty.server.Server - jetty-9.3.8.v20160314
[main] INFO org.eclipse.jetty.server.ServerConnector - Started ServerConnector@5da486f5{HTTP/1.1,[http/1.1]}{0.0.0.0:46615}
[main] INFO org.eclipse.jetty.server.Server - Started @10411ms
[main] INFO com.github.restdriver.clientdriver.ClientDriverRequest - addExpectation: POST "/adf242xsfw/v2/orders/100/shipments"
[qtp2032830083-120] INFO com.github.restdriver.clientdriver.jetty.DefaultClientDriverJettyHandler - Handling: POST /adf242xsfw/v2/orders/100/shipments
[main] INFO com.github.restdriver.clientdriver.ClientDriver - Beginning verification
[main] INFO org.eclipse.jetty.server.ServerConnector - Stopped ServerConnector@5da486f5{HTTP/1.1,[http/1.1]}{0.0.0.0:0}
[main] INFO org.eclipse.jetty.server.Server - jetty-9.3.8.v20160314
[main] INFO org.eclipse.jetty.server.ServerConnector - Started ServerConnector@4b6e75f1{HTTP/1.1,[http/1.1]}{0.0.0.0:34715}
[main] INFO org.eclipse.jetty.server.Server - Started @10571ms
[main] INFO com.github.restdriver.clientdriver.ClientDriverRequest - addExpectation: GET "/adf242xsfw/v2/customers/1"
[qtp1202068602-132] INFO com.github.restdriver.clientdriver.jetty.DefaultClientDriverJettyHandler - Handling: GET /adf242xsfw/v2/customers/1
[main] INFO com.github.restdriver.clientdriver.ClientDriver - Beginning verification
[main] INFO org.eclipse.jetty.server.ServerConnector - Stopped ServerConnector@4b6e75f1{HTTP/1.1,[http/1.1]}{0.0.0.0:0}
[main] INFO org.eclipse.jetty.server.Server - jetty-9.3.8.v20160314
[main] INFO org.eclipse.jetty.server.ServerConnector - Started ServerConnector@1be9e854{HTTP/1.1,[http/1.1]}{0.0.0.0:42881}
[main] INFO org.eclipse.jetty.server.Server - Started @10708ms
[main] INFO com.github.restdriver.clientdriver.ClientDriverRequest - addExpectation: GET "/adf242xsfw/v3/catalog/categories"
[qtp1519846315-146] INFO com.github.restdriver.clientdriver.jetty.DefaultClientDriverJettyHandler - Handling: GET /adf242xsfw/v3/catalog/categories
[main] INFO com.github.restdriver.clientdriver.ClientDriver - Beginning verification
[main] INFO org.eclipse.jetty.server.ServerConnector - Stopped ServerConnector@1be9e854{HTTP/1.1,[http/1.1]}{0.0.0.0:0}
[main] INFO org.eclipse.jetty.server.Server - jetty-9.3.8.v20160314
[main] INFO org.eclipse.jetty.server.ServerConnector - Started ServerConnector@60a6b696{HTTP/1.1,[http/1.1]}{0.0.0.0:43449}
[main] INFO org.eclipse.jetty.server.Server - Started @10792ms
[main] INFO com.github.restdriver.clientdriver.ClientDriverRequest - addExpectation: PUT "/adf242xsfw/v3/catalog/products/1/images/1"
[qtp1427092788-160] INFO com.github.restdriver.clientdriver.jetty.DefaultClientDriverJettyHandler - Handling: PUT /adf242xsfw/v3/catalog/products/1/images/1
[main] INFO com.github.restdriver.clientdriver.ClientDriver - Beginning verification
[main] INFO org.eclipse.jetty.server.ServerConnector - Stopped ServerConnector@60a6b696{HTTP/1.1,[http/1.1]}{0.0.0.0:0}
[main] INFO org.eclipse.jetty.server.Server - jetty-9.3.8.v20160314
[main] INFO org.eclipse.jetty.server.ServerConnector - Started ServerConnector@1ad2dcf0{HTTP/1.1,[http/1.1]}{0.0.0.0:36965}
[main] INFO org.eclipse.jetty.server.Server - Started @10844ms
[main] INFO com.github.restdriver.clientdriver.ClientDriverRequest - addExpectation: DELETE "/adf242xsfw/v3/catalog/products/112/images/1"
[qtp1020475543-163] INFO com.github.restdriver.clientdriver.jetty.DefaultClientDriverJettyHandler - Handling: DELETE /adf242xsfw/v3/catalog/products/112/images/1
[main] INFO com.github.restdriver.clientdriver.ClientDriver - Beginning verification
[main] INFO org.eclipse.jetty.server.ServerConnector - Stopped ServerConnector@1ad2dcf0{HTTP/1.1,[http/1.1]}{0.0.0.0:0}
[main] INFO org.eclipse.jetty.server.Server - jetty-9.3.8.v20160314
[main] INFO org.eclipse.jetty.server.ServerConnector - Started ServerConnector@3fd6b82{HTTP/1.1,[http/1.1]}{0.0.0.0:46775}
[main] INFO org.eclipse.jetty.server.Server - Started @10886ms
[main] INFO com.github.restdriver.clientdriver.ClientDriverRequest - addExpectation: GET "/adf242xsfw/v3/catalog/categories/tree"
[qtp1315525682-184] INFO com.github.restdriver.clientdriver.jetty.DefaultClientDriverJettyHandler - Handling: GET /adf242xsfw/v3/catalog/categories/tree
[main] INFO com.github.restdriver.clientdriver.ClientDriver - Beginning verification
[main] INFO org.eclipse.jetty.server.ServerConnector - Stopped ServerConnector@3fd6b82{HTTP/1.1,[http/1.1]}{0.0.0.0:0}
[main] INFO org.eclipse.jetty.server.Server - jetty-9.3.8.v20160314
[main] INFO org.eclipse.jetty.server.ServerConnector - Started ServerConnector@34a05f9{HTTP/1.1,[http/1.1]}{0.0.0.0:39759}
[main] INFO org.eclipse.jetty.server.Server - Started @11004ms
[main] INFO com.github.restdriver.clientdriver.ClientDriverRequest - addExpectation: GET "/adf242xsfw/v2/orders"
[qtp79525983-194] INFO com.github.restdriver.clientdriver.jetty.DefaultClientDriverJettyHandler - Handling: GET /adf242xsfw/v2/orders
[main] INFO com.github.restdriver.clientdriver.ClientDriver - Beginning verification
[main] INFO org.eclipse.jetty.server.ServerConnector - Stopped ServerConnector@34a05f9{HTTP/1.1,[http/1.1]}{0.0.0.0:0}
[main] INFO org.eclipse.jetty.server.Server - jetty-9.3.8.v20160314
[main] INFO org.eclipse.jetty.server.ServerConnector - Started ServerConnector@22c0b71f{HTTP/1.1,[http/1.1]}{0.0.0.0:34625}
[main] INFO org.eclipse.jetty.server.Server - Started @11066ms
[main] INFO com.github.restdriver.clientdriver.ClientDriverRequest - addExpectation: GET "/adf242xsfw/v2/orders/100/shipping_addresses"
[qtp1604967493-199] INFO com.github.restdriver.clientdriver.jetty.DefaultClientDriverJettyHandler - Handling: GET /adf242xsfw/v2/orders/100/shipping_addresses
[main] INFO com.github.restdriver.clientdriver.ClientDriver - Beginning verification
[main] INFO org.eclipse.jetty.server.ServerConnector - Stopped ServerConnector@22c0b71f{HTTP/1.1,[http/1.1]}{0.0.0.0:0}
[main] INFO org.eclipse.jetty.server.Server - jetty-9.3.8.v20160314
[main] INFO org.eclipse.jetty.server.ServerConnector - Started ServerConnector@4463bfda{HTTP/1.1,[http/1.1]}{0.0.0.0:45057}
[main] INFO org.eclipse.jetty.server.Server - Started @11140ms
[main] INFO com.github.restdriver.clientdriver.ClientDriverRequest - addExpectation: DELETE "/adf242xsfw/v3/catalog/products/1/custom-fields/555"
[qtp1084965140-211] INFO com.github.restdriver.clientdriver.jetty.DefaultClientDriverJettyHandler - Handling: DELETE /adf242xsfw/v3/catalog/products/1/custom-fields/555
[main] INFO com.github.restdriver.clientdriver.ClientDriver - Beginning verification
[main] INFO org.eclipse.jetty.server.ServerConnector - Stopped ServerConnector@4463bfda{HTTP/1.1,[http/1.1]}{0.0.0.0:0}
[main] INFO org.eclipse.jetty.server.Server - jetty-9.3.8.v20160314
[main] INFO org.eclipse.jetty.server.ServerConnector - Started ServerConnector@1f172f16{HTTP/1.1,[http/1.1]}{0.0.0.0:36147}
[main] INFO org.eclipse.jetty.server.Server - Started @11217ms
[main] INFO com.github.restdriver.clientdriver.ClientDriverRequest - addExpectation: GET "/adf242xsfw/v2/order_statuses"
[qtp1141178616-226] INFO com.github.restdriver.clientdriver.jetty.DefaultClientDriverJettyHandler - Handling: GET /adf242xsfw/v2/order_statuses
[main] INFO com.github.restdriver.clientdriver.ClientDriver - Beginning verification
[main] INFO org.eclipse.jetty.server.ServerConnector - Stopped ServerConnector@1f172f16{HTTP/1.1,[http/1.1]}{0.0.0.0:0}
[main] INFO org.eclipse.jetty.server.Server - jetty-9.3.8.v20160314
[main] INFO org.eclipse.jetty.server.ServerConnector - Started ServerConnector@5f12058{HTTP/1.1,[http/1.1]}{0.0.0.0:38851}
[main] INFO org.eclipse.jetty.server.Server - Started @11328ms
[main] INFO com.github.restdriver.clientdriver.ClientDriverRequest - addExpectation: GET "/adf242xsfw/v2/store"
[qtp758110089-243] INFO com.github.restdriver.clientdriver.jetty.DefaultClientDriverJettyHandler - Handling: GET /adf242xsfw/v2/store
[main] INFO com.github.restdriver.clientdriver.ClientDriver - Beginning verification
[main] INFO org.eclipse.jetty.server.ServerConnector - Stopped ServerConnector@5f12058{HTTP/1.1,[http/1.1]}{0.0.0.0:0}
[main] INFO org.eclipse.jetty.server.Server - jetty-9.3.8.v20160314
[main] INFO org.eclipse.jetty.server.ServerConnector - Started ServerConnector@2640e49d{HTTP/1.1,[http/1.1]}{0.0.0.0:37065}
[main] INFO org.eclipse.jetty.server.Server - Started @11379ms
[main] INFO com.github.restdriver.clientdriver.ClientDriverRequest - addExpectation: GET "/adf242xsfw/v3/catalog/products"
[qtp1589007021-257] INFO com.github.restdriver.clientdriver.jetty.DefaultClientDriverJettyHandler - Handling: GET /adf242xsfw/v3/catalog/products
[main] INFO com.github.restdriver.clientdriver.ClientDriver - Beginning verification
[main] INFO org.eclipse.jetty.server.ServerConnector - Stopped ServerConnector@2640e49d{HTTP/1.1,[http/1.1]}{0.0.0.0:0}
[main] INFO org.eclipse.jetty.server.Server - jetty-9.3.8.v20160314
[main] INFO org.eclipse.jetty.server.ServerConnector - Started ServerConnector@33d155c9{HTTP/1.1,[http/1.1]}{0.0.0.0:32955}
[main] INFO org.eclipse.jetty.server.Server - Started @11544ms
[main] INFO com.github.restdriver.clientdriver.ClientDriverRequest - addExpectation: POST "/adf242xsfw/v3/catalog/products/112/variants"
[qtp1586884288-269] INFO com.github.restdriver.clientdriver.jetty.DefaultClientDriverJettyHandler - Handling: POST /adf242xsfw/v3/catalog/products/112/variants
[main] INFO com.github.restdriver.clientdriver.ClientDriver - Beginning verification
[main] INFO org.eclipse.jetty.server.ServerConnector - Stopped ServerConnector@33d155c9{HTTP/1.1,[http/1.1]}{0.0.0.0:0}
[main] INFO org.eclipse.jetty.server.Server - jetty-9.3.8.v20160314
[main] INFO org.eclipse.jetty.server.ServerConnector - Started ServerConnector@3ab015d0{HTTP/1.1,[http/1.1]}{0.0.0.0:39275}
[main] INFO org.eclipse.jetty.server.Server - Started @11624ms
[main] INFO com.github.restdriver.clientdriver.ClientDriverRequest - addExpectation: GET "/adf242xsfw/v3/catalog/products"
[qtp503344537-273] INFO com.github.restdriver.clientdriver.jetty.DefaultClientDriverJettyHandler - Handling: GET /adf242xsfw/v3/catalog/products
[main] INFO com.github.restdriver.clientdriver.ClientDriver - Beginning verification
[main] INFO org.eclipse.jetty.server.ServerConnector - Stopped ServerConnector@3ab015d0{HTTP/1.1,[http/1.1]}{0.0.0.0:0}
[main] INFO org.eclipse.jetty.server.Server - jetty-9.3.8.v20160314
[main] INFO org.eclipse.jetty.server.ServerConnector - Started ServerConnector@e1a9669{HTTP/1.1,[http/1.1]}{0.0.0.0:37295}
[main] INFO org.eclipse.jetty.server.Server - Started @11741ms
[main] INFO com.github.restdriver.clientdriver.ClientDriverRequest - addExpectation: DELETE "/adf242xsfw/v3/catalog/products/112/variants/450"
[qtp1494926351-284] INFO com.github.restdriver.clientdriver.jetty.DefaultClientDriverJettyHandler - Handling: DELETE /adf242xsfw/v3/catalog/products/112/variants/450
[main] INFO com.github.restdriver.clientdriver.ClientDriver - Beginning verification
[main] INFO org.eclipse.jetty.server.ServerConnector - Stopped ServerConnector@e1a9669{HTTP/1.1,[http/1.1]}{0.0.0.0:0}
[main] INFO org.eclipse.jetty.server.Server - jetty-9.3.8.v20160314
[main] INFO org.eclipse.jetty.server.ServerConnector - Started ServerConnector@30ad1d8d{HTTP/1.1,[http/1.1]}{0.0.0.0:36981}
[main] INFO org.eclipse.jetty.server.Server - Started @11828ms
[main] INFO com.github.restdriver.clientdriver.ClientDriverRequest - addExpectation: GET "/adf242xsfw/v2/orders"
[qtp793903346-305] INFO com.github.restdriver.clientdriver.jetty.DefaultClientDriverJettyHandler - Handling: GET /adf242xsfw/v2/orders
[main] INFO com.github.restdriver.clientdriver.ClientDriver - Beginning verification
[main] INFO org.eclipse.jetty.server.ServerConnector - Stopped ServerConnector@30ad1d8d{HTTP/1.1,[http/1.1]}{0.0.0.0:0}
[main] INFO org.eclipse.jetty.server.Server - jetty-9.3.8.v20160314
[main] INFO org.eclipse.jetty.server.ServerConnector - Started ServerConnector@3c205a8e{HTTP/1.1,[http/1.1]}{0.0.0.0:37833}
[main] INFO org.eclipse.jetty.server.Server - Started @11905ms
[main] INFO com.github.restdriver.clientdriver.ClientDriverRequest - addExpectation: POST "/adf242xsfw/v3/catalog/products/1/custom-fields"
[qtp612125234-309] INFO com.github.restdriver.clientdriver.jetty.DefaultClientDriverJettyHandler - Handling: POST /adf242xsfw/v3/catalog/products/1/custom-fields
[main] INFO com.github.restdriver.clientdriver.ClientDriver - Beginning verification
[main] INFO org.eclipse.jetty.server.ServerConnector - Stopped ServerConnector@3c205a8e{HTTP/1.1,[http/1.1]}{0.0.0.0:0}
[main] INFO org.eclipse.jetty.server.Server - jetty-9.3.8.v20160314
[main] INFO org.eclipse.jetty.server.ServerConnector - Started ServerConnector@6b26a327{HTTP/1.1,[http/1.1]}{0.0.0.0:45159}
[main] INFO org.eclipse.jetty.server.Server - Started @11972ms
[main] INFO com.github.restdriver.clientdriver.ClientDriverRequest - addExpectation: PUT "/adf242xsfw/v3/catalog/products/112/variants/78"
[qtp530548355-320] INFO com.github.restdriver.clientdriver.jetty.DefaultClientDriverJettyHandler - Handling: PUT /adf242xsfw/v3/catalog/products/112/variants/78
[main] INFO com.github.restdriver.clientdriver.ClientDriver - Beginning verification
[main] INFO org.eclipse.jetty.server.ServerConnector - Stopped ServerConnector@6b26a327{HTTP/1.1,[http/1.1]}{0.0.0.0:0}
[main] INFO org.eclipse.jetty.server.Server - jetty-9.3.8.v20160314
[main] INFO org.eclipse.jetty.server.ServerConnector - Started ServerConnector@4008aa8e{HTTP/1.1,[http/1.1]}{0.0.0.0:43273}
[main] INFO org.eclipse.jetty.server.Server - Started @12020ms
[main] INFO com.github.restdriver.clientdriver.ClientDriverRequest - addExpectation: PUT "/adf242xsfw/v3/catalog/products/112"
[qtp889182029-332] INFO com.github.restdriver.clientdriver.jetty.DefaultClientDriverJettyHandler - Handling: PUT /adf242xsfw/v3/catalog/products/112
[main] INFO com.github.restdriver.clientdriver.ClientDriver - Beginning verification
[main] INFO org.eclipse.jetty.server.ServerConnector - Stopped ServerConnector@4008aa8e{HTTP/1.1,[http/1.1]}{0.0.0.0:0}
[main] INFO org.eclipse.jetty.server.Server - jetty-9.3.8.v20160314
[main] INFO org.eclipse.jetty.server.ServerConnector - Started ServerConnector@47f68aa4{HTTP/1.1,[http/1.1]}{0.0.0.0:41369}
[main] INFO org.eclipse.jetty.server.Server - Started @12137ms
[main] INFO com.github.restdriver.clientdriver.ClientDriverRequest - addExpectation: POST "/adf242xsfw/v3/catalog/products/112/metafields"
[qtp1942304864-344] INFO com.github.restdriver.clientdriver.jetty.DefaultClientDriverJettyHandler - Handling: POST /adf242xsfw/v3/catalog/products/112/metafields
[main] INFO com.github.restdriver.clientdriver.ClientDriver - Beginning verification
[main] INFO org.eclipse.jetty.server.ServerConnector - Stopped ServerConnector@47f68aa4{HTTP/1.1,[http/1.1]}{0.0.0.0:0}
[main] INFO org.eclipse.jetty.server.Server - jetty-9.3.8.v20160314
[main] INFO org.eclipse.jetty.server.ServerConnector - Started ServerConnector@38a0b896{HTTP/1.1,[http/1.1]}{0.0.0.0:34919}
[main] INFO org.eclipse.jetty.server.Server - Started @12232ms
[main] INFO com.github.restdriver.clientdriver.ClientDriverRequest - addExpectation: POST "/adf242xsfw/v3/catalog/brands"
[qtp1559184560-356] INFO com.github.restdriver.clientdriver.jetty.DefaultClientDriverJettyHandler - Handling: POST /adf242xsfw/v3/catalog/brands
[main] INFO com.github.restdriver.clientdriver.ClientDriver - Beginning verification
[main] INFO org.eclipse.jetty.server.ServerConnector - Stopped ServerConnector@38a0b896{HTTP/1.1,[http/1.1]}{0.0.0.0:0}
[main] INFO org.eclipse.jetty.server.Server - jetty-9.3.8.v20160314
[main] INFO org.eclipse.jetty.server.ServerConnector - Started ServerConnector@611e919b{HTTP/1.1,[http/1.1]}{0.0.0.0:37173}
[main] INFO org.eclipse.jetty.server.Server - Started @12368ms
[main] INFO com.github.restdriver.clientdriver.ClientDriverRequest - addExpectation: PUT "/adf242xsfw/v3/catalog/products/112/metafields/1"
[qtp1614615156-377] INFO com.github.restdriver.clientdriver.jetty.DefaultClientDriverJettyHandler - Handling: PUT /adf242xsfw/v3/catalog/products/112/metafields/1
[main] INFO com.github.restdriver.clientdriver.ClientDriver - Beginning verification
[main] INFO org.eclipse.jetty.server.ServerConnector - Stopped ServerConnector@611e919b{HTTP/1.1,[http/1.1]}{0.0.0.0:0}
[main] INFO org.eclipse.jetty.server.Server - jetty-9.3.8.v20160314
[main] INFO org.eclipse.jetty.server.ServerConnector - Started ServerConnector@58acef73{HTTP/1.1,[http/1.1]}{0.0.0.0:42987}
[main] INFO org.eclipse.jetty.server.Server - Started @12452ms
[main] INFO com.github.restdriver.clientdriver.ClientDriverRequest - addExpectation: POST "/adf242xsfw/v3/catalog/categories"
[qtp1924164689-381] INFO com.github.restdriver.clientdriver.jetty.DefaultClientDriverJettyHandler - Handling: POST /adf242xsfw/v3/catalog/categories
[main] INFO com.github.restdriver.clientdriver.ClientDriver - Beginning verification
[main] INFO org.eclipse.jetty.server.ServerConnector - Stopped ServerConnector@58acef73{HTTP/1.1,[http/1.1]}{0.0.0.0:0}
[main] INFO org.eclipse.jetty.server.Server - jetty-9.3.8.v20160314
[main] INFO org.eclipse.jetty.server.ServerConnector - Started ServerConnector@41b3df57{HTTP/1.1,[http/1.1]}{0.0.0.0:44911}
[main] INFO org.eclipse.jetty.server.Server - Started @12513ms
[main] INFO com.github.restdriver.clientdriver.ClientDriverRequest - addExpectation: PUT "/adf242xsfw/v3/catalog/categories/1"
[qtp352402565-402] INFO com.github.restdriver.clientdriver.jetty.DefaultClientDriverJettyHandler - Handling: PUT /adf242xsfw/v3/catalog/categories/1
[main] INFO com.github.restdriver.clientdriver.ClientDriver - Beginning verification
[main] INFO org.eclipse.jetty.server.ServerConnector - Stopped ServerConnector@41b3df57{HTTP/1.1,[http/1.1]}{0.0.0.0:0}
[main] INFO org.eclipse.jetty.server.Server - jetty-9.3.8.v20160314
[main] INFO org.eclipse.jetty.server.ServerConnector - Started ServerConnector@1f86afc0{HTTP/1.1,[http/1.1]}{0.0.0.0:32929}
[main] INFO org.eclipse.jetty.server.Server - Started @12556ms
[main] INFO com.github.restdriver.clientdriver.ClientDriverRequest - addExpectation: GET "/adf242xsfw/v2/orders"
[qtp145999264-414] INFO com.github.restdriver.clientdriver.jetty.DefaultClientDriverJettyHandler - Handling: GET /adf242xsfw/v2/orders
[main] INFO com.github.restdriver.clientdriver.ClientDriver - Beginning verification
[main] INFO org.eclipse.jetty.server.ServerConnector - Stopped ServerConnector@1f86afc0{HTTP/1.1,[http/1.1]}{0.0.0.0:0}
[main] INFO org.eclipse.jetty.server.Server - jetty-9.3.8.v20160314
[main] INFO org.eclipse.jetty.server.ServerConnector - Started ServerConnector@1179a963{HTTP/1.1,[http/1.1]}{0.0.0.0:40525}
[main] INFO org.eclipse.jetty.server.Server - Started @12616ms
[main] INFO com.github.restdriver.clientdriver.ClientDriverRequest - addExpectation: DELETE "/adf242xsfw/v3/catalog/products/112"
[qtp1000848098-417] INFO com.github.restdriver.clientdriver.jetty.DefaultClientDriverJettyHandler - Handling: DELETE /adf242xsfw/v3/catalog/products/112
[main] INFO com.github.restdriver.clientdriver.ClientDriver - Beginning verification
[main] INFO org.eclipse.jetty.server.ServerConnector - Stopped ServerConnector@1179a963{HTTP/1.1,[http/1.1]}{0.0.0.0:0}
[main] INFO org.eclipse.jetty.server.Server - jetty-9.3.8.v20160314
[main] INFO org.eclipse.jetty.server.ServerConnector - Started ServerConnector@69f8cec8{HTTP/1.1,[http/1.1]}{0.0.0.0:43899}
[main] INFO org.eclipse.jetty.server.Server - Started @12667ms
[main] INFO com.github.restdriver.clientdriver.ClientDriverRequest - addExpectation: PUT "/adf242xsfw/v2/orders/100/shipments/35"
[qtp1577439478-429] INFO com.github.restdriver.clientdriver.jetty.DefaultClientDriverJettyHandler - Handling: PUT /adf242xsfw/v2/orders/100/shipments/35
[main] INFO com.github.restdriver.clientdriver.ClientDriver - Beginning verification
[main] INFO org.eclipse.jetty.server.ServerConnector - Stopped ServerConnector@69f8cec8{HTTP/1.1,[http/1.1]}{0.0.0.0:0}
[main] INFO org.eclipse.jetty.server.Server - jetty-9.3.8.v20160314
[main] INFO org.eclipse.jetty.server.ServerConnector - Started ServerConnector@7cd919a5{HTTP/1.1,[http/1.1]}{0.0.0.0:44511}
[main] INFO org.eclipse.jetty.server.Server - Started @12740ms
[main] INFO com.github.restdriver.clientdriver.ClientDriverRequest - addExpectation: GET "/adf242xsfw/v3/catalog/categories"
[qtp256639709-440] INFO com.github.restdriver.clientdriver.jetty.DefaultClientDriverJettyHandler - Handling: GET /adf242xsfw/v3/catalog/categories
[main] INFO com.github.restdriver.clientdriver.ClientDriver - Beginning verification
[main] INFO org.eclipse.jetty.server.ServerConnector - Stopped ServerConnector@7cd919a5{HTTP/1.1,[http/1.1]}{0.0.0.0:0}
[main] INFO org.eclipse.jetty.server.Server - jetty-9.3.8.v20160314
[main] INFO org.eclipse.jetty.server.ServerConnector - Started ServerConnector@4c954ace{HTTP/1.1,[http/1.1]}{0.0.0.0:46817}
[main] INFO org.eclipse.jetty.server.Server - Started @12824ms
[main] INFO com.github.restdriver.clientdriver.ClientDriverRequest - addExpectation: POST "/adf242xsfw/v3/catalog/products/1/images"
[qtp467324877-460] INFO com.github.restdriver.clientdriver.jetty.DefaultClientDriverJettyHandler - Handling: POST /adf242xsfw/v3/catalog/products/1/images
[main] INFO com.github.restdriver.clientdriver.ClientDriver - Beginning verification
[main] INFO org.eclipse.jetty.server.ServerConnector - Stopped ServerConnector@4c954ace{HTTP/1.1,[http/1.1]}{0.0.0.0:0}
[main] INFO org.eclipse.jetty.server.Server - jetty-9.3.8.v20160314
[main] INFO org.eclipse.jetty.server.ServerConnector - Started ServerConnector@55bc4134{HTTP/1.1,[http/1.1]}{0.0.0.0:39131}
[main] INFO org.eclipse.jetty.server.Server - Started @12860ms
[main] INFO com.github.restdriver.clientdriver.ClientDriverRequest - addExpectation: GET "/adf242xsfw/v3/catalog/products/112/images"
[qtp400620222-464] INFO com.github.restdriver.clientdriver.jetty.DefaultClientDriverJettyHandler - Handling: GET /adf242xsfw/v3/catalog/products/112/images
[main] INFO com.github.restdriver.clientdriver.ClientDriver - Beginning verification
[main] INFO org.eclipse.jetty.server.ServerConnector - Stopped ServerConnector@55bc4134{HTTP/1.1,[http/1.1]}{0.0.0.0:0}
[main] INFO org.eclipse.jetty.server.Server - jetty-9.3.8.v20160314
[main] INFO org.eclipse.jetty.server.ServerConnector - Started ServerConnector@222178f2{HTTP/1.1,[http/1.1]}{0.0.0.0:39727}
[main] INFO org.eclipse.jetty.server.Server - Started @12912ms
[main] INFO com.github.restdriver.clientdriver.ClientDriverRequest - addExpectation: POST "/adf242xsfw/v3/catalog/products"
[qtp1287886016-476] INFO com.github.restdriver.clientdriver.jetty.DefaultClientDriverJettyHandler - Handling: POST /adf242xsfw/v3/catalog/products
[main] INFO com.github.restdriver.clientdriver.ClientDriver - Beginning verification
[main] INFO org.eclipse.jetty.server.ServerConnector - Stopped ServerConnector@222178f2{HTTP/1.1,[http/1.1]}{0.0.0.0:0}
[main] INFO org.eclipse.jetty.server.Server - jetty-9.3.8.v20160314
[main] INFO org.eclipse.jetty.server.ServerConnector - Started ServerConnector@3358de38{HTTP/1.1,[http/1.1]}{0.0.0.0:42317}
[main] INFO org.eclipse.jetty.server.Server - Started @13012ms
[main] INFO com.github.restdriver.clientdriver.ClientDriverRequest - addExpectation: GET "/adf242xsfw/v3/catalog/products"
[qtp44794965-496] INFO com.github.restdriver.clientdriver.jetty.DefaultClientDriverJettyHandler - Handling: GET /adf242xsfw/v3/catalog/products
[main] INFO com.github.restdriver.clientdriver.ClientDriver - Beginning verification
[main] INFO org.eclipse.jetty.server.ServerConnector - Stopped ServerConnector@3358de38{HTTP/1.1,[http/1.1]}{0.0.0.0:0}
[main] INFO org.eclipse.jetty.server.Server - jetty-9.3.8.v20160314
[main] INFO org.eclipse.jetty.server.ServerConnector - Started ServerConnector@173acfae{HTTP/1.1,[http/1.1]}{0.0.0.0:44097}
[main] INFO org.eclipse.jetty.server.Server - Started @13124ms
[main] INFO com.github.restdriver.clientdriver.ClientDriverRequest - addExpectation: PUT "/adf242xsfw/v3/catalog/products/112/variants/78"
[qtp1805584560-501] INFO com.github.restdriver.clientdriver.jetty.DefaultClientDriverJettyHandler - Handling: PUT /adf242xsfw/v3/catalog/products/112/variants/78
[main] INFO com.github.restdriver.clientdriver.ClientDriver - Beginning verification
[main] INFO org.eclipse.jetty.server.ServerConnector - Stopped ServerConnector@173acfae{HTTP/1.1,[http/1.1]}{0.0.0.0:0}
[main] INFO org.eclipse.jetty.server.Server - jetty-9.3.8.v20160314
[main] INFO org.eclipse.jetty.server.ServerConnector - Started ServerConnector@f3e3cb1{HTTP/1.1,[http/1.1]}{0.0.0.0:41591}
[main] INFO org.eclipse.jetty.server.Server - Started @13180ms
[main] INFO com.github.restdriver.clientdriver.ClientDriverRequest - addExpectation: GET "/adf242xsfw/v2/orders/100/products"
[qtp1507963620-521] INFO com.github.restdriver.clientdriver.jetty.DefaultClientDriverJettyHandler - Handling: GET /adf242xsfw/v2/orders/100/products
[main] INFO com.github.restdriver.clientdriver.ClientDriver - Beginning verification
[main] INFO org.eclipse.jetty.server.ServerConnector - Stopped ServerConnector@f3e3cb1{HTTP/1.1,[http/1.1]}{0.0.0.0:0}
[main] INFO org.eclipse.jetty.server.Server - jetty-9.3.8.v20160314
[main] INFO org.eclipse.jetty.server.ServerConnector - Started ServerConnector@47ae0650{HTTP/1.1,[http/1.1]}{0.0.0.0:43161}
[main] INFO org.eclipse.jetty.server.Server - Started @13285ms
[main] INFO com.github.restdriver.clientdriver.ClientDriverRequest - addExpectation: GET "/adf242xsfw/v3/catalog/summary"
[qtp651619413-534] INFO com.github.restdriver.clientdriver.jetty.DefaultClientDriverJettyHandler - Handling: GET /adf242xsfw/v3/catalog/summary
[main] INFO com.github.restdriver.clientdriver.ClientDriver - Beginning verification
[main] INFO org.eclipse.jetty.server.ServerConnector - Stopped ServerConnector@47ae0650{HTTP/1.1,[http/1.1]}{0.0.0.0:0}
Tests run: 42, Failures: 0, Errors: 0, Skipped: 0, Time elapsed: 10.391 sec - in com.bigcommerce.BigcommerceSdkTest

Results :

Tests run: 51, Failures: 0, Errors: 0, Skipped: 0

[INFO] 
[INFO] --- jacoco-maven-plugin:0.8.5:report (report) @ bigcommerce-sdk ---
[INFO] Loading execution data file /tmp/tmpfh0iu1s4/bigcommerce-sdk/target/jacoco.exec
[INFO] Analyzed bundle 'BigCommerce SDK' with 316 classes
[INFO] ------------------------------------------------------------------------
[INFO] BUILD SUCCESS
[INFO] ------------------------------------------------------------------------
[INFO] Total time:  35.024 s
[INFO] Finished at: 2020-07-30T21:44:36Z
[INFO] ------------------------------------------------------------------------
