[INFO] Error stacktraces are turned on.
[INFO] Scanning for projects...
[WARNING] 
[WARNING] Some problems were encountered while building the effective model for nl.irp.sepa:sepa-iso20022:jar:0.0.2
[WARNING] 'build.plugins.plugin.version' for org.apache.maven.plugins:maven-source-plugin is missing. @ line 57, column 15
[WARNING] 'build.plugins.plugin.version' for org.apache.maven.plugins:maven-javadoc-plugin is missing. @ line 69, column 15
[WARNING] 
[WARNING] It is highly recommended to fix these problems because they threaten the stability of your build.
[WARNING] 
[WARNING] For this reason, future Maven versions might no longer support building such malformed projects.
[WARNING] 
[INFO] 
[INFO] ---------------------< nl.irp.sepa:sepa-iso20022 >----------------------
[INFO] Building Dutch SEPA iso20022 utilities 0.0.2
[INFO] --------------------------------[ jar ]---------------------------------
[INFO] 
[INFO] --- jacoco-maven-plugin:0.8.5:prepare-agent (default) @ sepa-iso20022 ---
[INFO] argLine set to -javaagent:/home/jdbl/.m2/repository/org/jacoco/org.jacoco.agent/0.8.5/org.jacoco.agent-0.8.5-runtime.jar=destfile=/tmp/tmpjtu8dgwj/dutch-sepa-iso20022/target/jacoco.exec
[INFO] 
[INFO] --- maven-jaxb2-plugin:0.7.3:generate (default) @ sepa-iso20022 ---
[INFO] Started execution.
[INFO] JAXB API is loaded from the [jar:file:/usr/local/openjdk-8/jre/lib/rt.jar!].
[INFO] Detected JAXB API version [2.2].
[INFO] pluginArtifacts:[org.jvnet.jaxb2.maven2:maven-jaxb2-plugin:maven-plugin:0.7.3:, org.jvnet.jaxb2.maven2:maven-jaxb2-plugin-raw:jar:0.7.3:compile, org.apache.maven:maven-plugin-api:jar:2.0.4:compile, org.apache.maven:maven-project:jar:2.0.4:compile, org.apache.maven:maven-settings:jar:2.0.4:compile, org.apache.maven:maven-profile:jar:2.0.4:compile, org.apache.maven:maven-model:jar:2.0.4:compile, org.apache.maven:maven-artifact-manager:jar:2.0.4:compile, org.apache.maven:maven-repository-metadata:jar:2.0.4:compile, org.codehaus.plexus:plexus-utils:jar:1.1:compile, org.apache.maven:maven-artifact:jar:2.0.4:compile, org.codehaus.plexus:plexus-container-default:jar:1.0-alpha-9:compile, junit:junit:jar:3.8.1:compile, classworlds:classworlds:jar:1.1-alpha-2:compile, org.jfrog.maven.annomojo:maven-plugin-anno:jar:1.3.1:compile, com.sun.xml.bind:jaxb-impl:jar:2.1.12:compile, javax.xml.bind:jaxb-api:jar:2.1:compile, javax.xml.stream:stax-api:jar:1.0-2:compile, javax.activation:activation:jar:1.1:compile, org.jvnet.jaxb2_commons:jaxb2-basics-jaxb-xjc:jar:2.1.12:compile, com.sun.codemodel:codemodel:jar:2.2:compile, com.sun.xml.dtd-parser:dtd-parser:jar:1.0:compile, com.sun.istack:istack-commons-tools:jar:1.1:compile, relaxngDatatype:relaxngDatatype:jar:20020414:compile, com.sun.org.apache.xml.internal:resolver:jar:20050927:compile, org.kohsuke.rngom:rngom:jar:20061207:compile, com.sun.xsom:xsom:jar:20081112:compile]
[INFO] schemaLanguage:null
[INFO] schemaDirectory:/tmp/tmpjtu8dgwj/dutch-sepa-iso20022/src/main/resources
[INFO] schemaIncludes:[Ljava.lang.String;@1a3e5f23
[INFO] schemaExcludes:null
[INFO] bindingDirectory:/tmp/tmpjtu8dgwj/dutch-sepa-iso20022/src/main/resources
[INFO] bindingIncludes:[Ljava.lang.String;@6293e39e
[INFO] bindingExcludes:null
[INFO] disableDefaultExcludes:false
[INFO] catalog:null
[INFO] catalogResolver:com.sun.org.apache.xml.internal.resolver.tools.CatalogResolver
[INFO] generatePackage:null
[INFO] generateDirectory:/tmp/tmpjtu8dgwj/dutch-sepa-iso20022/target/generated-sources/xjc
[INFO] readOnly:false
[INFO] extension:false
[INFO] strict:true
[INFO] writeCode:true
[INFO] verbose:true
[INFO] debug:false
[INFO] args:[]
[INFO] forceRegenerate:false
[INFO] removeOldOutput:false
[INFO] otherDepends:null
[INFO] episodeFile:/tmp/tmpjtu8dgwj/dutch-sepa-iso20022/target/generated-sources/xjc/META-INF/sun-jaxb.episode
[INFO] episode:true
[INFO] classpathElements:[/tmp/tmpjtu8dgwj/dutch-sepa-iso20022/target/classes]
[INFO] plugins:null
[INFO] episodes:null
[INFO] xjcPlugins:null
[INFO] episodes:null
[INFO] specVersion:2.1
[INFO] schemaFiles (calculated):[/tmp/tmpjtu8dgwj/dutch-sepa-iso20022/src/main/resources/camt.053.001.02.xsd, /tmp/tmpjtu8dgwj/dutch-sepa-iso20022/src/main/resources/pain.001.001.03.xsd, /tmp/tmpjtu8dgwj/dutch-sepa-iso20022/src/main/resources/pain.008.001.02.xsd]
[INFO] bindingFiles (calculated):[]
[INFO] xjcPluginArtifacts (resolved):[]
[INFO] xjcPluginFiles (resolved):[]
[INFO] xjcPluginURLs (resolved):[]
[INFO] episodeArtifacts (resolved):[]
[INFO] episodeFiles (resolved):[]
[INFO] The schemaLanguage setting was not defined, assuming 'AUTODETECT'.
Cannot find CatalogManager.properties
Using java.util.ServiceLoader
[INFO] Checking up-to-date depends [[/tmp/tmpjtu8dgwj/dutch-sepa-iso20022/src/main/resources/camt.053.001.02.xsd, /tmp/tmpjtu8dgwj/dutch-sepa-iso20022/src/main/resources/pain.001.001.03.xsd, /tmp/tmpjtu8dgwj/dutch-sepa-iso20022/src/main/resources/pain.008.001.02.xsd, /tmp/tmpjtu8dgwj/dutch-sepa-iso20022/pom.xml]].
[INFO] Checking up-to-date produces [[]].
[INFO] Depends timestamp [1596145078000], produces timestamp [null].
[INFO] Parsing input schema(s)...
[INFO] Compiling input schema(s)...
[INFO] Writing output to [/tmp/tmpjtu8dgwj/dutch-sepa-iso20022/target/generated-sources/xjc].
[INFO] XJC writing: iso/std/iso/_20022/tech/xsd/pain_001_001/AccountIdentification4Choice.java
[INFO] XJC writing: iso/std/iso/_20022/tech/xsd/pain_001_001/AccountSchemeName1Choice.java
[INFO] XJC writing: iso/std/iso/_20022/tech/xsd/pain_001_001/ActiveOrHistoricCurrencyAndAmount.java
[INFO] XJC writing: iso/std/iso/_20022/tech/xsd/pain_001_001/AddressType2Code.java
[INFO] XJC writing: iso/std/iso/_20022/tech/xsd/pain_001_001/AmountType3Choice.java
[INFO] XJC writing: iso/std/iso/_20022/tech/xsd/pain_001_001/Authorisation1Choice.java
[INFO] XJC writing: iso/std/iso/_20022/tech/xsd/pain_001_001/Authorisation1Code.java
[INFO] XJC writing: iso/std/iso/_20022/tech/xsd/pain_001_001/BranchAndFinancialInstitutionIdentification4.java
[INFO] XJC writing: iso/std/iso/_20022/tech/xsd/pain_001_001/BranchData2.java
[INFO] XJC writing: iso/std/iso/_20022/tech/xsd/pain_001_001/CashAccount16.java
[INFO] XJC writing: iso/std/iso/_20022/tech/xsd/pain_001_001/CashAccountType2.java
[INFO] XJC writing: iso/std/iso/_20022/tech/xsd/pain_001_001/CashAccountType4Code.java
[INFO] XJC writing: iso/std/iso/_20022/tech/xsd/pain_001_001/CategoryPurpose1Choice.java
[INFO] XJC writing: iso/std/iso/_20022/tech/xsd/pain_001_001/ChargeBearerType1Code.java
[INFO] XJC writing: iso/std/iso/_20022/tech/xsd/pain_001_001/Cheque6.java
[INFO] XJC writing: iso/std/iso/_20022/tech/xsd/pain_001_001/ChequeDelivery1Code.java
[INFO] XJC writing: iso/std/iso/_20022/tech/xsd/pain_001_001/ChequeDeliveryMethod1Choice.java
[INFO] XJC writing: iso/std/iso/_20022/tech/xsd/pain_001_001/ChequeType2Code.java
[INFO] XJC writing: iso/std/iso/_20022/tech/xsd/pain_001_001/ClearingSystemIdentification2Choice.java
[INFO] XJC writing: iso/std/iso/_20022/tech/xsd/pain_001_001/ClearingSystemMemberIdentification2.java
[INFO] XJC writing: iso/std/iso/_20022/tech/xsd/pain_001_001/ContactDetails2.java
[INFO] XJC writing: iso/std/iso/_20022/tech/xsd/pain_001_001/CreditDebitCode.java
[INFO] XJC writing: iso/std/iso/_20022/tech/xsd/pain_001_001/CreditTransferTransactionInformation10.java
[INFO] XJC writing: iso/std/iso/_20022/tech/xsd/pain_001_001/CreditorReferenceInformation2.java
[INFO] XJC writing: iso/std/iso/_20022/tech/xsd/pain_001_001/CreditorReferenceType1Choice.java
[INFO] XJC writing: iso/std/iso/_20022/tech/xsd/pain_001_001/CreditorReferenceType2.java
[INFO] XJC writing: iso/std/iso/_20022/tech/xsd/pain_001_001/CustomerCreditTransferInitiationV03.java
[INFO] XJC writing: iso/std/iso/_20022/tech/xsd/pain_001_001/DateAndPlaceOfBirth.java
[INFO] XJC writing: iso/std/iso/_20022/tech/xsd/pain_001_001/DatePeriodDetails.java
[INFO] XJC writing: iso/std/iso/_20022/tech/xsd/pain_001_001/Document.java
[INFO] XJC writing: iso/std/iso/_20022/tech/xsd/pain_001_001/DocumentAdjustment1.java
[INFO] XJC writing: iso/std/iso/_20022/tech/xsd/pain_001_001/DocumentType3Code.java
[INFO] XJC writing: iso/std/iso/_20022/tech/xsd/pain_001_001/DocumentType5Code.java
[INFO] XJC writing: iso/std/iso/_20022/tech/xsd/pain_001_001/EquivalentAmount2.java
[INFO] XJC writing: iso/std/iso/_20022/tech/xsd/pain_001_001/ExchangeRateInformation1.java
[INFO] XJC writing: iso/std/iso/_20022/tech/xsd/pain_001_001/ExchangeRateType1Code.java
[INFO] XJC writing: iso/std/iso/_20022/tech/xsd/pain_001_001/FinancialIdentificationSchemeName1Choice.java
[INFO] XJC writing: iso/std/iso/_20022/tech/xsd/pain_001_001/FinancialInstitutionIdentification7.java
[INFO] XJC writing: iso/std/iso/_20022/tech/xsd/pain_001_001/GenericAccountIdentification1.java
[INFO] XJC writing: iso/std/iso/_20022/tech/xsd/pain_001_001/GenericFinancialIdentification1.java
[INFO] XJC writing: iso/std/iso/_20022/tech/xsd/pain_001_001/GenericOrganisationIdentification1.java
[INFO] XJC writing: iso/std/iso/_20022/tech/xsd/pain_001_001/GenericPersonIdentification1.java
[INFO] XJC writing: iso/std/iso/_20022/tech/xsd/pain_001_001/GroupHeader32.java
[INFO] XJC writing: iso/std/iso/_20022/tech/xsd/pain_001_001/Instruction3Code.java
[INFO] XJC writing: iso/std/iso/_20022/tech/xsd/pain_001_001/InstructionForCreditorAgent1.java
[INFO] XJC writing: iso/std/iso/_20022/tech/xsd/pain_001_001/LocalInstrument2Choice.java
[INFO] XJC writing: iso/std/iso/_20022/tech/xsd/pain_001_001/NameAndAddress10.java
[INFO] XJC writing: iso/std/iso/_20022/tech/xsd/pain_001_001/NamePrefix1Code.java
[INFO] XJC writing: iso/std/iso/_20022/tech/xsd/pain_001_001/ObjectFactory.java
[INFO] XJC writing: iso/std/iso/_20022/tech/xsd/pain_001_001/OrganisationIdentification4.java
[INFO] XJC writing: iso/std/iso/_20022/tech/xsd/pain_001_001/OrganisationIdentificationSchemeName1Choice.java
[INFO] XJC writing: iso/std/iso/_20022/tech/xsd/pain_001_001/Party6Choice.java
[INFO] XJC writing: iso/std/iso/_20022/tech/xsd/pain_001_001/PartyIdentification32.java
[INFO] XJC writing: iso/std/iso/_20022/tech/xsd/pain_001_001/PaymentIdentification1.java
[INFO] XJC writing: iso/std/iso/_20022/tech/xsd/pain_001_001/PaymentInstructionInformation3.java
[INFO] XJC writing: iso/std/iso/_20022/tech/xsd/pain_001_001/PaymentMethod3Code.java
[INFO] XJC writing: iso/std/iso/_20022/tech/xsd/pain_001_001/PaymentTypeInformation19.java
[INFO] XJC writing: iso/std/iso/_20022/tech/xsd/pain_001_001/PersonIdentification5.java
[INFO] XJC writing: iso/std/iso/_20022/tech/xsd/pain_001_001/PersonIdentificationSchemeName1Choice.java
[INFO] XJC writing: iso/std/iso/_20022/tech/xsd/pain_001_001/PostalAddress6.java
[INFO] XJC writing: iso/std/iso/_20022/tech/xsd/pain_001_001/Priority2Code.java
[INFO] XJC writing: iso/std/iso/_20022/tech/xsd/pain_001_001/Purpose2Choice.java
[INFO] XJC writing: iso/std/iso/_20022/tech/xsd/pain_001_001/ReferredDocumentInformation3.java
[INFO] XJC writing: iso/std/iso/_20022/tech/xsd/pain_001_001/ReferredDocumentType1Choice.java
[INFO] XJC writing: iso/std/iso/_20022/tech/xsd/pain_001_001/ReferredDocumentType2.java
[INFO] XJC writing: iso/std/iso/_20022/tech/xsd/pain_001_001/RegulatoryAuthority2.java
[INFO] XJC writing: iso/std/iso/_20022/tech/xsd/pain_001_001/RegulatoryReporting3.java
[INFO] XJC writing: iso/std/iso/_20022/tech/xsd/pain_001_001/RegulatoryReportingType1Code.java
[INFO] XJC writing: iso/std/iso/_20022/tech/xsd/pain_001_001/RemittanceAmount1.java
[INFO] XJC writing: iso/std/iso/_20022/tech/xsd/pain_001_001/RemittanceInformation5.java
[INFO] XJC writing: iso/std/iso/_20022/tech/xsd/pain_001_001/RemittanceLocation2.java
[INFO] XJC writing: iso/std/iso/_20022/tech/xsd/pain_001_001/RemittanceLocationMethod2Code.java
[INFO] XJC writing: iso/std/iso/_20022/tech/xsd/pain_001_001/ServiceLevel8Choice.java
[INFO] XJC writing: iso/std/iso/_20022/tech/xsd/pain_001_001/StructuredRegulatoryReporting3.java
[INFO] XJC writing: iso/std/iso/_20022/tech/xsd/pain_001_001/StructuredRemittanceInformation7.java
[INFO] XJC writing: iso/std/iso/_20022/tech/xsd/pain_001_001/TaxAmount1.java
[INFO] XJC writing: iso/std/iso/_20022/tech/xsd/pain_001_001/TaxAuthorisation1.java
[INFO] XJC writing: iso/std/iso/_20022/tech/xsd/pain_001_001/TaxInformation3.java
[INFO] XJC writing: iso/std/iso/_20022/tech/xsd/pain_001_001/TaxParty1.java
[INFO] XJC writing: iso/std/iso/_20022/tech/xsd/pain_001_001/TaxParty2.java
[INFO] XJC writing: iso/std/iso/_20022/tech/xsd/pain_001_001/TaxPeriod1.java
[INFO] XJC writing: iso/std/iso/_20022/tech/xsd/pain_001_001/TaxRecord1.java
[INFO] XJC writing: iso/std/iso/_20022/tech/xsd/pain_001_001/TaxRecordDetails1.java
[INFO] XJC writing: iso/std/iso/_20022/tech/xsd/pain_001_001/TaxRecordPeriod1Code.java
[INFO] XJC writing: iso/std/iso/_20022/tech/xsd/pain_001_001/package-info.java
[INFO] XJC writing: iso/std/iso/_20022/tech/xsd/camt_053_001/AccountIdentification4Choice.java
[INFO] XJC writing: iso/std/iso/_20022/tech/xsd/camt_053_001/AccountInterest2.java
[INFO] XJC writing: iso/std/iso/_20022/tech/xsd/camt_053_001/AccountSchemeName1Choice.java
[INFO] XJC writing: iso/std/iso/_20022/tech/xsd/camt_053_001/AccountStatement2.java
[INFO] XJC writing: iso/std/iso/_20022/tech/xsd/camt_053_001/ActiveOrHistoricCurrencyAndAmount.java
[INFO] XJC writing: iso/std/iso/_20022/tech/xsd/camt_053_001/AddressType2Code.java
[INFO] XJC writing: iso/std/iso/_20022/tech/xsd/camt_053_001/AlternateSecurityIdentification2.java
[INFO] XJC writing: iso/std/iso/_20022/tech/xsd/camt_053_001/AmountAndCurrencyExchange3.java
[INFO] XJC writing: iso/std/iso/_20022/tech/xsd/camt_053_001/AmountAndCurrencyExchangeDetails3.java
[INFO] XJC writing: iso/std/iso/_20022/tech/xsd/camt_053_001/AmountAndCurrencyExchangeDetails4.java
[INFO] XJC writing: iso/std/iso/_20022/tech/xsd/camt_053_001/AmountRangeBoundary1.java
[INFO] XJC writing: iso/std/iso/_20022/tech/xsd/camt_053_001/BalanceSubType1Choice.java
[INFO] XJC writing: iso/std/iso/_20022/tech/xsd/camt_053_001/BalanceType12.java
[INFO] XJC writing: iso/std/iso/_20022/tech/xsd/camt_053_001/BalanceType12Code.java
[INFO] XJC writing: iso/std/iso/_20022/tech/xsd/camt_053_001/BalanceType5Choice.java
[INFO] XJC writing: iso/std/iso/_20022/tech/xsd/camt_053_001/BankToCustomerStatementV02.java
[INFO] XJC writing: iso/std/iso/_20022/tech/xsd/camt_053_001/BankTransactionCodeStructure4.java
[INFO] XJC writing: iso/std/iso/_20022/tech/xsd/camt_053_001/BankTransactionCodeStructure5.java
[INFO] XJC writing: iso/std/iso/_20022/tech/xsd/camt_053_001/BankTransactionCodeStructure6.java
[INFO] XJC writing: iso/std/iso/_20022/tech/xsd/camt_053_001/BatchInformation2.java
[INFO] XJC writing: iso/std/iso/_20022/tech/xsd/camt_053_001/BranchAndFinancialInstitutionIdentification4.java
[INFO] XJC writing: iso/std/iso/_20022/tech/xsd/camt_053_001/BranchData2.java
[INFO] XJC writing: iso/std/iso/_20022/tech/xsd/camt_053_001/CashAccount16.java
[INFO] XJC writing: iso/std/iso/_20022/tech/xsd/camt_053_001/CashAccount20.java
[INFO] XJC writing: iso/std/iso/_20022/tech/xsd/camt_053_001/CashAccountType2.java
[INFO] XJC writing: iso/std/iso/_20022/tech/xsd/camt_053_001/CashAccountType4Code.java
[INFO] XJC writing: iso/std/iso/_20022/tech/xsd/camt_053_001/CashBalance3.java
[INFO] XJC writing: iso/std/iso/_20022/tech/xsd/camt_053_001/CashBalanceAvailability2.java
[INFO] XJC writing: iso/std/iso/_20022/tech/xsd/camt_053_001/CashBalanceAvailabilityDate1.java
[INFO] XJC writing: iso/std/iso/_20022/tech/xsd/camt_053_001/ChargeBearerType1Code.java
[INFO] XJC writing: iso/std/iso/_20022/tech/xsd/camt_053_001/ChargeType1Code.java
[INFO] XJC writing: iso/std/iso/_20022/tech/xsd/camt_053_001/ChargeType2Choice.java
[INFO] XJC writing: iso/std/iso/_20022/tech/xsd/camt_053_001/ChargesInformation6.java
[INFO] XJC writing: iso/std/iso/_20022/tech/xsd/camt_053_001/ClearingSystemIdentification2Choice.java
[INFO] XJC writing: iso/std/iso/_20022/tech/xsd/camt_053_001/ClearingSystemMemberIdentification2.java
[INFO] XJC writing: iso/std/iso/_20022/tech/xsd/camt_053_001/ContactDetails2.java
[INFO] XJC writing: iso/std/iso/_20022/tech/xsd/camt_053_001/CopyDuplicate1Code.java
[INFO] XJC writing: iso/std/iso/_20022/tech/xsd/camt_053_001/CorporateAction1.java
[INFO] XJC writing: iso/std/iso/_20022/tech/xsd/camt_053_001/CreditDebitCode.java
[INFO] XJC writing: iso/std/iso/_20022/tech/xsd/camt_053_001/CreditLine2.java
[INFO] XJC writing: iso/std/iso/_20022/tech/xsd/camt_053_001/CreditorReferenceInformation2.java
[INFO] XJC writing: iso/std/iso/_20022/tech/xsd/camt_053_001/CreditorReferenceType1Choice.java
[INFO] XJC writing: iso/std/iso/_20022/tech/xsd/camt_053_001/CreditorReferenceType2.java
[INFO] XJC writing: iso/std/iso/_20022/tech/xsd/camt_053_001/CurrencyAndAmountRange2.java
[INFO] XJC writing: iso/std/iso/_20022/tech/xsd/camt_053_001/CurrencyExchange5.java
[INFO] XJC writing: iso/std/iso/_20022/tech/xsd/camt_053_001/DateAndDateTimeChoice.java
[INFO] XJC writing: iso/std/iso/_20022/tech/xsd/camt_053_001/DateAndPlaceOfBirth.java
[INFO] XJC writing: iso/std/iso/_20022/tech/xsd/camt_053_001/DatePeriodDetails.java
[INFO] XJC writing: iso/std/iso/_20022/tech/xsd/camt_053_001/DateTimePeriodDetails.java
[INFO] XJC writing: iso/std/iso/_20022/tech/xsd/camt_053_001/Document.java
[INFO] XJC writing: iso/std/iso/_20022/tech/xsd/camt_053_001/DocumentAdjustment1.java
[INFO] XJC writing: iso/std/iso/_20022/tech/xsd/camt_053_001/DocumentType3Code.java
[INFO] XJC writing: iso/std/iso/_20022/tech/xsd/camt_053_001/DocumentType5Code.java
[INFO] XJC writing: iso/std/iso/_20022/tech/xsd/camt_053_001/EntryDetails1.java
[INFO] XJC writing: iso/std/iso/_20022/tech/xsd/camt_053_001/EntryStatus2Code.java
[INFO] XJC writing: iso/std/iso/_20022/tech/xsd/camt_053_001/EntryTransaction2.java
[INFO] XJC writing: iso/std/iso/_20022/tech/xsd/camt_053_001/FinancialIdentificationSchemeName1Choice.java
[INFO] XJC writing: iso/std/iso/_20022/tech/xsd/camt_053_001/FinancialInstitutionIdentification7.java
[INFO] XJC writing: iso/std/iso/_20022/tech/xsd/camt_053_001/FinancialInstrumentQuantityChoice.java
[INFO] XJC writing: iso/std/iso/_20022/tech/xsd/camt_053_001/FromToAmountRange.java
[INFO] XJC writing: iso/std/iso/_20022/tech/xsd/camt_053_001/GenericAccountIdentification1.java
[INFO] XJC writing: iso/std/iso/_20022/tech/xsd/camt_053_001/GenericFinancialIdentification1.java
[INFO] XJC writing: iso/std/iso/_20022/tech/xsd/camt_053_001/GenericIdentification3.java
[INFO] XJC writing: iso/std/iso/_20022/tech/xsd/camt_053_001/GenericOrganisationIdentification1.java
[INFO] XJC writing: iso/std/iso/_20022/tech/xsd/camt_053_001/GenericPersonIdentification1.java
[INFO] XJC writing: iso/std/iso/_20022/tech/xsd/camt_053_001/GroupHeader42.java
[INFO] XJC writing: iso/std/iso/_20022/tech/xsd/camt_053_001/ImpliedCurrencyAmountRangeChoice.java
[INFO] XJC writing: iso/std/iso/_20022/tech/xsd/camt_053_001/InterestType1Choice.java
[INFO] XJC writing: iso/std/iso/_20022/tech/xsd/camt_053_001/InterestType1Code.java
[INFO] XJC writing: iso/std/iso/_20022/tech/xsd/camt_053_001/MessageIdentification2.java
[INFO] XJC writing: iso/std/iso/_20022/tech/xsd/camt_053_001/NameAndAddress10.java
[INFO] XJC writing: iso/std/iso/_20022/tech/xsd/camt_053_001/NamePrefix1Code.java
[INFO] XJC writing: iso/std/iso/_20022/tech/xsd/camt_053_001/NumberAndSumOfTransactions1.java
[INFO] XJC writing: iso/std/iso/_20022/tech/xsd/camt_053_001/NumberAndSumOfTransactions2.java
[INFO] XJC writing: iso/std/iso/_20022/tech/xsd/camt_053_001/ObjectFactory.java
[INFO] XJC writing: iso/std/iso/_20022/tech/xsd/camt_053_001/OrganisationIdentification4.java
[INFO] XJC writing: iso/std/iso/_20022/tech/xsd/camt_053_001/OrganisationIdentificationSchemeName1Choice.java
[INFO] XJC writing: iso/std/iso/_20022/tech/xsd/camt_053_001/Pagination.java
[INFO] XJC writing: iso/std/iso/_20022/tech/xsd/camt_053_001/Party6Choice.java
[INFO] XJC writing: iso/std/iso/_20022/tech/xsd/camt_053_001/PartyIdentification32.java
[INFO] XJC writing: iso/std/iso/_20022/tech/xsd/camt_053_001/PersonIdentification5.java
[INFO] XJC writing: iso/std/iso/_20022/tech/xsd/camt_053_001/PersonIdentificationSchemeName1Choice.java
[INFO] XJC writing: iso/std/iso/_20022/tech/xsd/camt_053_001/PostalAddress6.java
[INFO] XJC writing: iso/std/iso/_20022/tech/xsd/camt_053_001/ProprietaryAgent2.java
[INFO] XJC writing: iso/std/iso/_20022/tech/xsd/camt_053_001/ProprietaryBankTransactionCodeStructure1.java
[INFO] XJC writing: iso/std/iso/_20022/tech/xsd/camt_053_001/ProprietaryDate2.java
[INFO] XJC writing: iso/std/iso/_20022/tech/xsd/camt_053_001/ProprietaryParty2.java
[INFO] XJC writing: iso/std/iso/_20022/tech/xsd/camt_053_001/ProprietaryPrice2.java
[INFO] XJC writing: iso/std/iso/_20022/tech/xsd/camt_053_001/ProprietaryQuantity1.java
[INFO] XJC writing: iso/std/iso/_20022/tech/xsd/camt_053_001/ProprietaryReference1.java
[INFO] XJC writing: iso/std/iso/_20022/tech/xsd/camt_053_001/Purpose2Choice.java
[INFO] XJC writing: iso/std/iso/_20022/tech/xsd/camt_053_001/Rate3.java
[INFO] XJC writing: iso/std/iso/_20022/tech/xsd/camt_053_001/RateType4Choice.java
[INFO] XJC writing: iso/std/iso/_20022/tech/xsd/camt_053_001/ReferredDocumentInformation3.java
[INFO] XJC writing: iso/std/iso/_20022/tech/xsd/camt_053_001/ReferredDocumentType1Choice.java
[INFO] XJC writing: iso/std/iso/_20022/tech/xsd/camt_053_001/ReferredDocumentType2.java
[INFO] XJC writing: iso/std/iso/_20022/tech/xsd/camt_053_001/RemittanceAmount1.java
[INFO] XJC writing: iso/std/iso/_20022/tech/xsd/camt_053_001/RemittanceInformation5.java
[INFO] XJC writing: iso/std/iso/_20022/tech/xsd/camt_053_001/RemittanceLocation2.java
[INFO] XJC writing: iso/std/iso/_20022/tech/xsd/camt_053_001/RemittanceLocationMethod2Code.java
[INFO] XJC writing: iso/std/iso/_20022/tech/xsd/camt_053_001/ReportEntry2.java
[INFO] XJC writing: iso/std/iso/_20022/tech/xsd/camt_053_001/ReportingSource1Choice.java
[INFO] XJC writing: iso/std/iso/_20022/tech/xsd/camt_053_001/ReturnReason5Choice.java
[INFO] XJC writing: iso/std/iso/_20022/tech/xsd/camt_053_001/ReturnReasonInformation10.java
[INFO] XJC writing: iso/std/iso/_20022/tech/xsd/camt_053_001/SecurityIdentification4Choice.java
[INFO] XJC writing: iso/std/iso/_20022/tech/xsd/camt_053_001/StructuredRemittanceInformation7.java
[INFO] XJC writing: iso/std/iso/_20022/tech/xsd/camt_053_001/TaxAmount1.java
[INFO] XJC writing: iso/std/iso/_20022/tech/xsd/camt_053_001/TaxAuthorisation1.java
[INFO] XJC writing: iso/std/iso/_20022/tech/xsd/camt_053_001/TaxCharges2.java
[INFO] XJC writing: iso/std/iso/_20022/tech/xsd/camt_053_001/TaxInformation3.java
[INFO] XJC writing: iso/std/iso/_20022/tech/xsd/camt_053_001/TaxParty1.java
[INFO] XJC writing: iso/std/iso/_20022/tech/xsd/camt_053_001/TaxParty2.java
[INFO] XJC writing: iso/std/iso/_20022/tech/xsd/camt_053_001/TaxPeriod1.java
[INFO] XJC writing: iso/std/iso/_20022/tech/xsd/camt_053_001/TaxRecord1.java
[INFO] XJC writing: iso/std/iso/_20022/tech/xsd/camt_053_001/TaxRecordDetails1.java
[INFO] XJC writing: iso/std/iso/_20022/tech/xsd/camt_053_001/TaxRecordPeriod1Code.java
[INFO] XJC writing: iso/std/iso/_20022/tech/xsd/camt_053_001/TechnicalInputChannel1Choice.java
[INFO] XJC writing: iso/std/iso/_20022/tech/xsd/camt_053_001/TotalTransactions2.java
[INFO] XJC writing: iso/std/iso/_20022/tech/xsd/camt_053_001/TotalsPerBankTransactionCode2.java
[INFO] XJC writing: iso/std/iso/_20022/tech/xsd/camt_053_001/TransactionAgents2.java
[INFO] XJC writing: iso/std/iso/_20022/tech/xsd/camt_053_001/TransactionDates2.java
[INFO] XJC writing: iso/std/iso/_20022/tech/xsd/camt_053_001/TransactionInterest2.java
[INFO] XJC writing: iso/std/iso/_20022/tech/xsd/camt_053_001/TransactionParty2.java
[INFO] XJC writing: iso/std/iso/_20022/tech/xsd/camt_053_001/TransactionPrice2Choice.java
[INFO] XJC writing: iso/std/iso/_20022/tech/xsd/camt_053_001/TransactionQuantities1Choice.java
[INFO] XJC writing: iso/std/iso/_20022/tech/xsd/camt_053_001/TransactionReferences2.java
[INFO] XJC writing: iso/std/iso/_20022/tech/xsd/camt_053_001/package-info.java
[INFO] XJC writing: iso/std/iso/_20022/tech/xsd/pain_008_001/AccountIdentification4Choice.java
[INFO] XJC writing: iso/std/iso/_20022/tech/xsd/pain_008_001/AccountSchemeName1Choice.java
[INFO] XJC writing: iso/std/iso/_20022/tech/xsd/pain_008_001/ActiveOrHistoricCurrencyAndAmount.java
[INFO] XJC writing: iso/std/iso/_20022/tech/xsd/pain_008_001/AddressType2Code.java
[INFO] XJC writing: iso/std/iso/_20022/tech/xsd/pain_008_001/AmendmentInformationDetails6.java
[INFO] XJC writing: iso/std/iso/_20022/tech/xsd/pain_008_001/Authorisation1Choice.java
[INFO] XJC writing: iso/std/iso/_20022/tech/xsd/pain_008_001/Authorisation1Code.java
[INFO] XJC writing: iso/std/iso/_20022/tech/xsd/pain_008_001/BranchAndFinancialInstitutionIdentification4.java
[INFO] XJC writing: iso/std/iso/_20022/tech/xsd/pain_008_001/BranchData2.java
[INFO] XJC writing: iso/std/iso/_20022/tech/xsd/pain_008_001/CashAccount16.java
[INFO] XJC writing: iso/std/iso/_20022/tech/xsd/pain_008_001/CashAccountType2.java
[INFO] XJC writing: iso/std/iso/_20022/tech/xsd/pain_008_001/CashAccountType4Code.java
[INFO] XJC writing: iso/std/iso/_20022/tech/xsd/pain_008_001/CategoryPurpose1Choice.java
[INFO] XJC writing: iso/std/iso/_20022/tech/xsd/pain_008_001/ChargeBearerType1Code.java
[INFO] XJC writing: iso/std/iso/_20022/tech/xsd/pain_008_001/ClearingSystemIdentification2Choice.java
[INFO] XJC writing: iso/std/iso/_20022/tech/xsd/pain_008_001/ClearingSystemMemberIdentification2.java
[INFO] XJC writing: iso/std/iso/_20022/tech/xsd/pain_008_001/ContactDetails2.java
[INFO] XJC writing: iso/std/iso/_20022/tech/xsd/pain_008_001/CreditDebitCode.java
[INFO] XJC writing: iso/std/iso/_20022/tech/xsd/pain_008_001/CreditorReferenceInformation2.java
[INFO] XJC writing: iso/std/iso/_20022/tech/xsd/pain_008_001/CreditorReferenceType1Choice.java
[INFO] XJC writing: iso/std/iso/_20022/tech/xsd/pain_008_001/CreditorReferenceType2.java
[INFO] XJC writing: iso/std/iso/_20022/tech/xsd/pain_008_001/CustomerDirectDebitInitiationV02.java
[INFO] XJC writing: iso/std/iso/_20022/tech/xsd/pain_008_001/DateAndPlaceOfBirth.java
[INFO] XJC writing: iso/std/iso/_20022/tech/xsd/pain_008_001/DatePeriodDetails.java
[INFO] XJC writing: iso/std/iso/_20022/tech/xsd/pain_008_001/DirectDebitTransaction6.java
[INFO] XJC writing: iso/std/iso/_20022/tech/xsd/pain_008_001/DirectDebitTransactionInformation9.java
[INFO] XJC writing: iso/std/iso/_20022/tech/xsd/pain_008_001/Document.java
[INFO] XJC writing: iso/std/iso/_20022/tech/xsd/pain_008_001/DocumentAdjustment1.java
[INFO] XJC writing: iso/std/iso/_20022/tech/xsd/pain_008_001/DocumentType3Code.java
[INFO] XJC writing: iso/std/iso/_20022/tech/xsd/pain_008_001/DocumentType5Code.java
[INFO] XJC writing: iso/std/iso/_20022/tech/xsd/pain_008_001/FinancialIdentificationSchemeName1Choice.java
[INFO] XJC writing: iso/std/iso/_20022/tech/xsd/pain_008_001/FinancialInstitutionIdentification7.java
[INFO] XJC writing: iso/std/iso/_20022/tech/xsd/pain_008_001/Frequency1Code.java
[INFO] XJC writing: iso/std/iso/_20022/tech/xsd/pain_008_001/GenericAccountIdentification1.java
[INFO] XJC writing: iso/std/iso/_20022/tech/xsd/pain_008_001/GenericFinancialIdentification1.java
[INFO] XJC writing: iso/std/iso/_20022/tech/xsd/pain_008_001/GenericOrganisationIdentification1.java
[INFO] XJC writing: iso/std/iso/_20022/tech/xsd/pain_008_001/GenericPersonIdentification1.java
[INFO] XJC writing: iso/std/iso/_20022/tech/xsd/pain_008_001/GroupHeader39.java
[INFO] XJC writing: iso/std/iso/_20022/tech/xsd/pain_008_001/LocalInstrument2Choice.java
[INFO] XJC writing: iso/std/iso/_20022/tech/xsd/pain_008_001/MandateRelatedInformation6.java
[INFO] XJC writing: iso/std/iso/_20022/tech/xsd/pain_008_001/NameAndAddress10.java
[INFO] XJC writing: iso/std/iso/_20022/tech/xsd/pain_008_001/NamePrefix1Code.java
[INFO] XJC writing: iso/std/iso/_20022/tech/xsd/pain_008_001/ObjectFactory.java
[INFO] XJC writing: iso/std/iso/_20022/tech/xsd/pain_008_001/OrganisationIdentification4.java
[INFO] XJC writing: iso/std/iso/_20022/tech/xsd/pain_008_001/OrganisationIdentificationSchemeName1Choice.java
[INFO] XJC writing: iso/std/iso/_20022/tech/xsd/pain_008_001/Party6Choice.java
[INFO] XJC writing: iso/std/iso/_20022/tech/xsd/pain_008_001/PartyIdentification32.java
[INFO] XJC writing: iso/std/iso/_20022/tech/xsd/pain_008_001/PaymentIdentification1.java
[INFO] XJC writing: iso/std/iso/_20022/tech/xsd/pain_008_001/PaymentInstructionInformation4.java
[INFO] XJC writing: iso/std/iso/_20022/tech/xsd/pain_008_001/PaymentMethod2Code.java
[INFO] XJC writing: iso/std/iso/_20022/tech/xsd/pain_008_001/PaymentTypeInformation20.java
[INFO] XJC writing: iso/std/iso/_20022/tech/xsd/pain_008_001/PersonIdentification5.java
[INFO] XJC writing: iso/std/iso/_20022/tech/xsd/pain_008_001/PersonIdentificationSchemeName1Choice.java
[INFO] XJC writing: iso/std/iso/_20022/tech/xsd/pain_008_001/PostalAddress6.java
[INFO] XJC writing: iso/std/iso/_20022/tech/xsd/pain_008_001/Priority2Code.java
[INFO] XJC writing: iso/std/iso/_20022/tech/xsd/pain_008_001/Purpose2Choice.java
[INFO] XJC writing: iso/std/iso/_20022/tech/xsd/pain_008_001/ReferredDocumentInformation3.java
[INFO] XJC writing: iso/std/iso/_20022/tech/xsd/pain_008_001/ReferredDocumentType1Choice.java
[INFO] XJC writing: iso/std/iso/_20022/tech/xsd/pain_008_001/ReferredDocumentType2.java
[INFO] XJC writing: iso/std/iso/_20022/tech/xsd/pain_008_001/RegulatoryAuthority2.java
[INFO] XJC writing: iso/std/iso/_20022/tech/xsd/pain_008_001/RegulatoryReporting3.java
[INFO] XJC writing: iso/std/iso/_20022/tech/xsd/pain_008_001/RegulatoryReportingType1Code.java
[INFO] XJC writing: iso/std/iso/_20022/tech/xsd/pain_008_001/RemittanceAmount1.java
[INFO] XJC writing: iso/std/iso/_20022/tech/xsd/pain_008_001/RemittanceInformation5.java
[INFO] XJC writing: iso/std/iso/_20022/tech/xsd/pain_008_001/RemittanceLocation2.java
[INFO] XJC writing: iso/std/iso/_20022/tech/xsd/pain_008_001/RemittanceLocationMethod2Code.java
[INFO] XJC writing: iso/std/iso/_20022/tech/xsd/pain_008_001/SequenceType1Code.java
[INFO] XJC writing: iso/std/iso/_20022/tech/xsd/pain_008_001/ServiceLevel8Choice.java
[INFO] XJC writing: iso/std/iso/_20022/tech/xsd/pain_008_001/StructuredRegulatoryReporting3.java
[INFO] XJC writing: iso/std/iso/_20022/tech/xsd/pain_008_001/StructuredRemittanceInformation7.java
[INFO] XJC writing: iso/std/iso/_20022/tech/xsd/pain_008_001/TaxAmount1.java
[INFO] XJC writing: iso/std/iso/_20022/tech/xsd/pain_008_001/TaxAuthorisation1.java
[INFO] XJC writing: iso/std/iso/_20022/tech/xsd/pain_008_001/TaxInformation3.java
[INFO] XJC writing: iso/std/iso/_20022/tech/xsd/pain_008_001/TaxParty1.java
[INFO] XJC writing: iso/std/iso/_20022/tech/xsd/pain_008_001/TaxParty2.java
[INFO] XJC writing: iso/std/iso/_20022/tech/xsd/pain_008_001/TaxPeriod1.java
[INFO] XJC writing: iso/std/iso/_20022/tech/xsd/pain_008_001/TaxRecord1.java
[INFO] XJC writing: iso/std/iso/_20022/tech/xsd/pain_008_001/TaxRecordDetails1.java
[INFO] XJC writing: iso/std/iso/_20022/tech/xsd/pain_008_001/TaxRecordPeriod1Code.java
[INFO] XJC writing: iso/std/iso/_20022/tech/xsd/pain_008_001/package-info.java
[INFO] Finished execution.
[INFO] 
[INFO] --- maven-resources-plugin:2.6:resources (default-resources) @ sepa-iso20022 ---
[INFO] Using 'UTF-8' encoding to copy filtered resources.
[INFO] Copying 5 resources
[INFO] Copying 0 resource
[INFO] Copying 1 resource
[INFO] 
[INFO] --- maven-compiler-plugin:3.1:compile (default-compile) @ sepa-iso20022 ---
[INFO] Changes detected - recompiling the module!
[INFO] Compiling 298 source files to /tmp/tmpjtu8dgwj/dutch-sepa-iso20022/target/classes
[INFO] 
[INFO] --- maven-resources-plugin:2.6:testResources (default-testResources) @ sepa-iso20022 ---
[INFO] Using 'UTF-8' encoding to copy filtered resources.
[INFO] Copying 4 resources
[INFO] 
[INFO] --- maven-compiler-plugin:3.1:testCompile (default-testCompile) @ sepa-iso20022 ---
[INFO] Changes detected - recompiling the module!
[INFO] Compiling 4 source files to /tmp/tmpjtu8dgwj/dutch-sepa-iso20022/target/test-classes
[INFO] 
[INFO] --- maven-surefire-plugin:2.19.1:test (default-test) @ sepa-iso20022 ---
[INFO] Surefire report directory: /tmp/tmpjtu8dgwj/dutch-sepa-iso20022/target/surefire-reports

-------------------------------------------------------
 T E S T S
-------------------------------------------------------
Running nl.irp.sepa.DirectDebitInitiationTest
<?xml version="1.0" encoding="UTF-8" standalone="yes"?>
<Document xmlns="urn:iso:std:iso:20022:tech:xsd:pain.008.001.02">
    <CstmrDrctDbtInitn>
        <GrpHdr>
            <MsgId>MSGID001</MsgId>
            <CreDtTm>2012-02-22T09:29:54</CreDtTm>
            <NbOfTxs>1</NbOfTxs>
            <CtrlSum>1.01</CtrlSum>
            <InitgPty>
                <Nm>IPNORGANISATIENAAM</Nm>
            </InitgPty>
        </GrpHdr>
        <PmtInf>
            <PmtInfId>PAYID001</PmtInfId>
            <PmtMtd>DD</PmtMtd>
            <NbOfTxs>1</NbOfTxs>
            <CtrlSum>1.01</CtrlSum>
            <PmtTpInf>
                <SvcLvl>
                    <Cd>SEPA</Cd>
                </SvcLvl>
                <LclInstrm>
                    <Cd>CORE</Cd>
                </LclInstrm>
                <SeqTp>OOFF</SeqTp>
            </PmtTpInf>
            <ReqdColltnDt>2012-02-05</ReqdColltnDt>
            <Cdtr>
                <Nm>NAAM</Nm>
                <PstlAdr>
                    <Ctry>NL</Ctry>
                    <AdrLine>Dorpstraat 1</AdrLine>
                    <AdrLine>Amsterdam</AdrLine>
                </PstlAdr>
            </Cdtr>
            <CdtrAcct>
                <Id>
                    <IBAN>NL28INGB0000000001</IBAN>
                </Id>
            </CdtrAcct>
            <CdtrAgt>
                <FinInstnId>
                    <BIC>INGBNL2A</BIC>
                </FinInstnId>
            </CdtrAgt>
            <ChrgBr>SLEV</ChrgBr>
            <DrctDbtTxInf>
                <PmtId>
                    <InstrId>01-E30220000000382012</InstrId>
                    <EndToEndId>E2EID001</EndToEndId>
                </PmtId>
                <InstdAmt Ccy="EUR">1.01</InstdAmt>
                <DrctDbtTx>
                    <MndtRltdInf>
                        <MndtId>MANDAATIDNR001</MndtId>
                        <DtOfSgntr>2011-12-31</DtOfSgntr>
                        <AmdmntInd>false</AmdmntInd>
                    </MndtRltdInf>
                    <CdtrSchmeId>
                        <Id>
                            <PrvtId>
<Othr>
    <Id>NL89ZZZ011234567890</Id>
    <SchmeNm>
        <Prtry>SEPA</Prtry>
    </SchmeNm>
</Othr>
                            </PrvtId>
                        </Id>
                    </CdtrSchmeId>
                </DrctDbtTx>
                <DbtrAgt>
                    <FinInstnId>
                        <BIC>INGBNL2A</BIC>
                    </FinInstnId>
                </DbtrAgt>
                <Dbtr>
                    <Nm>NAAM</Nm>
                </Dbtr>
                <DbtrAcct>
                    <Id>
                        <IBAN>NL98INGB0000000002</IBAN>
                    </Id>
                </DbtrAcct>
                <Purp>
                    <Cd>OTHR</Cd>
                </Purp>
                <RmtInf>
                    <Ustrd>Omschrijving / vrije tekst</Ustrd>
                </RmtInf>
            </DrctDbtTxInf>
        </PmtInf>
    </CstmrDrctDbtInitn>
</Document>

<?xml version="1.0" encoding="UTF-8" standalone="yes"?>
<Document xmlns="urn:iso:std:iso:20022:tech:xsd:pain.008.001.02">
    <CstmrDrctDbtInitn>
        <GrpHdr>
            <MsgId>1000004207</MsgId>
            <CreDtTm>2012-02-22T09:29:54</CreDtTm>
            <NbOfTxs>1</NbOfTxs>
            <CtrlSum>1600.00</CtrlSum>
            <InitgPty>
                <Nm>Naam</Nm>
            </InitgPty>
        </GrpHdr>
        <PmtInf>
            <PmtInfId>1000004207</PmtInfId>
            <PmtMtd>DD</PmtMtd>
            <NbOfTxs>1</NbOfTxs>
            <CtrlSum>1600.00</CtrlSum>
            <PmtTpInf>
                <SvcLvl>
                    <Cd>SEPA</Cd>
                </SvcLvl>
                <LclInstrm>
                    <Cd>CORE</Cd>
                </LclInstrm>
                <SeqTp>RCUR</SeqTp>
            </PmtTpInf>
            <ReqdColltnDt>2012-02-21</ReqdColltnDt>
            <Cdtr>
                <Nm>Naam</Nm>
                <PstlAdr>
                    <Ctry>NL</Ctry>
                    <AdrLine>Dorpstraat 1</AdrLine>
                    <AdrLine>Amsterdam</AdrLine>
                </PstlAdr>
            </Cdtr>
            <CdtrAcct>
                <Id>
                    <IBAN>DE12345678901234567890</IBAN>
                </Id>
            </CdtrAcct>
            <CdtrAgt>
                <FinInstnId>
                    <BIC>ABNADEFFFRA</BIC>
                </FinInstnId>
            </CdtrAgt>
            <ChrgBr>SLEV</ChrgBr>
            <DrctDbtTxInf>
                <PmtId>
                    <InstrId>01-E30220000000382012</InstrId>
                    <EndToEndId>2000000038</EndToEndId>
                </PmtId>
                <InstdAmt Ccy="EUR">1600.00</InstdAmt>
                <DrctDbtTx>
                    <MndtRltdInf>
                        <MndtId>MANDAAT123456</MndtId>
                        <DtOfSgntr>2010-09-05</DtOfSgntr>
                        <AmdmntInd>false</AmdmntInd>
                    </MndtRltdInf>
                    <CdtrSchmeId>
                        <Id>
                            <PrvtId>
<Othr>
    <Id>NL89ZZZ011234567890</Id>
    <SchmeNm>
        <Prtry>SEPA</Prtry>
    </SchmeNm>
</Othr>
                            </PrvtId>
                        </Id>
                    </CdtrSchmeId>
                </DrctDbtTx>
                <DbtrAgt>
                    <FinInstnId>
                        <BIC>NBAGDE3E</BIC>
                    </FinInstnId>
                </DbtrAgt>
                <Dbtr>
                    <Nm>FICO Customer account</Nm>
                </Dbtr>
                <DbtrAcct>
                    <Id>
                        <IBAN>DE12345678901234567890</IBAN>
                    </Id>
                </DbtrAcct>
                <Purp>
                    <Cd>OTHR</Cd>
                </Purp>
                <RmtInf>
                    <Ustrd>/INV/ 8/29/2011</Ustrd>
                </RmtInf>
            </DrctDbtTxInf>
        </PmtInf>
    </CstmrDrctDbtInitn>
</Document>

Tests run: 2, Failures: 0, Errors: 0, Skipped: 0, Time elapsed: 2.812 sec - in nl.irp.sepa.DirectDebitInitiationTest
Running nl.irp.sepa.SEPACreditTransferTest
Tests run: 2, Failures: 0, Errors: 0, Skipped: 0, Time elapsed: 1.205 sec - in nl.irp.sepa.SEPACreditTransferTest
Running nl.irp.sepa.IBANUtilsTest
Tests run: 3, Failures: 0, Errors: 0, Skipped: 0, Time elapsed: 0.134 sec - in nl.irp.sepa.IBANUtilsTest
Running nl.irp.sepa.BankToCustomerStatementTest
Tests run: 1, Failures: 0, Errors: 0, Skipped: 0, Time elapsed: 0.719 sec - in nl.irp.sepa.BankToCustomerStatementTest

Results :

Tests run: 8, Failures: 0, Errors: 0, Skipped: 0

[INFO] 
[INFO] --- jacoco-maven-plugin:0.8.5:report (report) @ sepa-iso20022 ---
[INFO] Loading execution data file /tmp/tmpjtu8dgwj/dutch-sepa-iso20022/target/jacoco.exec
[INFO] Analyzed bundle 'Dutch SEPA iso20022 utilities' with 602 classes
[INFO] ------------------------------------------------------------------------
[INFO] BUILD SUCCESS
[INFO] ------------------------------------------------------------------------
[INFO] Total time:  31.058 s
[INFO] Finished at: 2020-07-30T21:38:33Z
[INFO] ------------------------------------------------------------------------
