[INFO] Error stacktraces are turned on.
[INFO] Scanning for projects...
[INFO] Inspecting build with total of 1 modules...
[INFO] Installing Nexus Staging features:
[INFO]   ... total of 1 executions of maven-deploy-plugin replaced with nexus-staging-maven-plugin
[INFO] 
[INFO] ------------------< br.ufc.insightlab:graphast-core >-------------------
[INFO] Building graphast-core 1.1.0
[INFO] --------------------------------[ jar ]---------------------------------
[INFO] 
[INFO] --- jacoco-maven-plugin:0.8.5:prepare-agent (default) @ graphast-core ---
[INFO] argLine set to -javaagent:/home/jdbl/.m2/repository/org/jacoco/org.jacoco.agent/0.8.5/org.jacoco.agent-0.8.5-runtime.jar=destfile=/tmp/tmpbwho0xe4/graphast/core/target/jacoco.exec
[INFO] 
[INFO] --- maven-resources-plugin:2.6:resources (default-resources) @ graphast-core ---
[INFO] Using 'UTF-8' encoding to copy filtered resources.
[INFO] skip non existing resourceDirectory /tmp/tmpbwho0xe4/graphast/core/src/main/resources
[INFO] 
[INFO] --- maven-compiler-plugin:3.1:compile (default-compile) @ graphast-core ---
[INFO] Changes detected - recompiling the module!
[INFO] Compiling 43 source files to /tmp/tmpbwho0xe4/graphast/core/target/classes
[INFO] 
[INFO] --- maven-resources-plugin:2.6:testResources (default-testResources) @ graphast-core ---
[INFO] Using 'UTF-8' encoding to copy filtered resources.
[INFO] Copying 3 resources
[INFO] 
[INFO] --- maven-compiler-plugin:3.1:testCompile (default-testCompile) @ graphast-core ---
[INFO] Changes detected - recompiling the module!
[INFO] Compiling 13 source files to /tmp/tmpbwho0xe4/graphast/core/target/test-classes
[INFO] 
[INFO] --- maven-surefire-plugin:2.19.1:test (default-test) @ graphast-core ---
[INFO] Surefire report directory: /tmp/tmpbwho0xe4/graphast/core/target/surefire-reports

-------------------------------------------------------
 T E S T S
-------------------------------------------------------
Running br.ufc.insightlab.graphast.model.MMapGraphTest
Tests run: 6, Failures: 0, Errors: 0, Skipped: 0, Time elapsed: 0.104 sec - in br.ufc.insightlab.graphast.model.MMapGraphTest
Running br.ufc.insightlab.graphast.model.EdgeTest
Tests run: 15, Failures: 0, Errors: 0, Skipped: 0, Time elapsed: 0 sec - in br.ufc.insightlab.graphast.model.EdgeTest
Running br.ufc.insightlab.graphast.model.DefaultGraphTest
Tests run: 14, Failures: 0, Errors: 0, Skipped: 0, Time elapsed: 0.037 sec - in br.ufc.insightlab.graphast.model.DefaultGraphTest
Running br.ufc.insightlab.graphast.model.GraphObjectTest
Tests run: 5, Failures: 0, Errors: 0, Skipped: 0, Time elapsed: 0.001 sec - in br.ufc.insightlab.graphast.model.GraphObjectTest
Running br.ufc.insightlab.graphast.model.NodeTest
Tests run: 3, Failures: 0, Errors: 0, Skipped: 0, Time elapsed: 0 sec - in br.ufc.insightlab.graphast.model.NodeTest
Running br.ufc.insightlab.graphast.utils.RandomGraphGeneratorTest
10 -> 1778 -> 398 -> 1155 -> 1559 -> 991 -> 40
Tests run: 2, Failures: 0, Errors: 0, Skipped: 0, Time elapsed: 0.13 sec - in br.ufc.insightlab.graphast.utils.RandomGraphGeneratorTest
Running br.ufc.insightlab.graphast.query.shortestpath.DijkstraTest
Tests run: 4, Failures: 0, Errors: 0, Skipped: 0, Time elapsed: 0.002 sec - in br.ufc.insightlab.graphast.query.shortestpath.DijkstraTest
Running br.ufc.insightlab.graphast.query.shortestpath.MMapDijkstraTest
Tests run: 2, Failures: 0, Errors: 0, Skipped: 0, Time elapsed: 0.001 sec - in br.ufc.insightlab.graphast.query.shortestpath.MMapDijkstraTest
Running br.ufc.insightlab.graphast.query.utils.DistanceVectorTest
Tests run: 2, Failures: 0, Errors: 0, Skipped: 0, Time elapsed: 0 sec - in br.ufc.insightlab.graphast.query.utils.DistanceVectorTest
Running br.ufc.insightlab.components.ComponentTest
Tests run: 5, Failures: 0, Errors: 0, Skipped: 0, Time elapsed: 0.016 sec - in br.ufc.insightlab.components.ComponentTest

Results :

Tests run: 58, Failures: 0, Errors: 0, Skipped: 0

[INFO] 
[INFO] --- jacoco-maven-plugin:0.8.5:report (report) @ graphast-core ---
[INFO] Loading execution data file /tmp/tmpbwho0xe4/graphast/core/target/jacoco.exec
[INFO] Analyzed bundle 'graphast-core' with 3794 classes
[INFO] ------------------------------------------------------------------------
[INFO] BUILD SUCCESS
[INFO] ------------------------------------------------------------------------
[INFO] Total time:  17.586 s
[INFO] Finished at: 2020-07-30T17:19:07Z
[INFO] ------------------------------------------------------------------------
