[INFO] Error stacktraces are turned on.
[INFO] Scanning for projects...
[INFO] 
[INFO] -------------< com.github.carlosmiranda:git-lfs-azureblob >-------------
[INFO] Building Git LFS Server for Azure Blob Storage 0.1-SNAPSHOT
[INFO] --------------------------------[ jar ]---------------------------------
[INFO] 
[INFO] --- jacoco-maven-plugin:0.8.5:prepare-agent (default) @ git-lfs-azureblob ---
[INFO] argLine set to -javaagent:/home/jdbl/.m2/repository/org/jacoco/org.jacoco.agent/0.8.5/org.jacoco.agent-0.8.5-runtime.jar=destfile=/tmp/tmpnnvtxee8/git-lfs-azureblob/target/jacoco.exec
[INFO] 
[INFO] --- maven-resources-plugin:2.6:resources (default-resources) @ git-lfs-azureblob ---
[INFO] Using 'UTF-8' encoding to copy filtered resources.
[INFO] skip non existing resourceDirectory /tmp/tmpnnvtxee8/git-lfs-azureblob/src/main/resources
[INFO] 
[INFO] --- maven-compiler-plugin:3.1:compile (default-compile) @ git-lfs-azureblob ---
[INFO] Changes detected - recompiling the module!
[INFO] Compiling 7 source files to /tmp/tmpnnvtxee8/git-lfs-azureblob/target/classes
[INFO] 
[INFO] --- maven-resources-plugin:2.6:testResources (default-testResources) @ git-lfs-azureblob ---
[INFO] Using 'UTF-8' encoding to copy filtered resources.
[INFO] skip non existing resourceDirectory /tmp/tmpnnvtxee8/git-lfs-azureblob/src/test/resources
[INFO] 
[INFO] --- maven-compiler-plugin:3.1:testCompile (default-testCompile) @ git-lfs-azureblob ---
[INFO] Changes detected - recompiling the module!
[INFO] Compiling 8 source files to /tmp/tmpnnvtxee8/git-lfs-azureblob/target/test-classes
[INFO] 
[INFO] --- maven-surefire-plugin:2.19.1:test (default-test) @ git-lfs-azureblob ---
[INFO] Surefire report directory: /tmp/tmpnnvtxee8/git-lfs-azureblob/target/surefire-reports

-------------------------------------------------------
 T E S T S
-------------------------------------------------------
Running com.github.carlosmiranda.gitlfs.azure.AzureStorageCredentialsTest
Tests run: 2, Failures: 0, Errors: 0, Skipped: 0, Time elapsed: 0.115 sec - in com.github.carlosmiranda.gitlfs.azure.AzureStorageCredentialsTest
Running com.github.carlosmiranda.gitlfs.azure.ParamsTest
Tests run: 1, Failures: 0, Errors: 0, Skipped: 0, Time elapsed: 0.041 sec - in com.github.carlosmiranda.gitlfs.azure.ParamsTest
Running com.github.carlosmiranda.gitlfs.azure.AuthenticatedStorageTest
SLF4J: Failed to load class "org.slf4j.impl.StaticLoggerBinder".
SLF4J: Defaulting to no-operation (NOP) logger implementation
SLF4J: See http://www.slf4j.org/codes.html#StaticLoggerBinder for further details.
Tests run: 5, Failures: 0, Errors: 0, Skipped: 0, Time elapsed: 0.274 sec - in com.github.carlosmiranda.gitlfs.azure.AuthenticatedStorageTest

Results :

Tests run: 8, Failures: 0, Errors: 0, Skipped: 0

[INFO] 
[INFO] --- jacoco-maven-plugin:0.8.5:report (report) @ git-lfs-azureblob ---
[INFO] Loading execution data file /tmp/tmpnnvtxee8/git-lfs-azureblob/target/jacoco.exec
[INFO] Analyzed bundle 'Git LFS Server for Azure Blob Storage' with 61 classes
[INFO] ------------------------------------------------------------------------
[INFO] BUILD SUCCESS
[INFO] ------------------------------------------------------------------------
[INFO] Total time:  6.025 s
[INFO] Finished at: 2020-07-30T19:36:20Z
[INFO] ------------------------------------------------------------------------
