[INFO] Error stacktraces are turned on.
[INFO] Scanning for projects...
[INFO] 
[INFO] ----------< io.github.pmckeown:dependency-track-maven-plugin >----------
[INFO] Building Dependency Track Maven Plugin 0.8.2
[INFO] ----------------------------[ maven-plugin ]----------------------------
[INFO] 
[INFO] --- maven-resources-plugin:3.1.0:copy-resources (copy-resources) @ dependency-track-maven-plugin ---
[INFO] Using 'UTF-8' encoding to copy filtered resources.
[INFO] Copying 1 resource
[INFO] 
[INFO] --- jacoco-maven-plugin:0.8.5:prepare-agent (default) @ dependency-track-maven-plugin ---
[INFO] argLine set to -javaagent:/home/jdbl/.m2/repository/org/jacoco/org.jacoco.agent/0.8.5/org.jacoco.agent-0.8.5-runtime.jar=destfile=/tmp/tmpw8r5p79w/dependency-track-maven-plugin/target/jacoco.exec
[INFO] 
[INFO] --- maven-resources-plugin:3.1.0:resources (default-resources) @ dependency-track-maven-plugin ---
[INFO] Using 'UTF-8' encoding to copy filtered resources.
[INFO] Copying 1 resource
[INFO] 
[INFO] --- maven-compiler-plugin:3.8.0:compile (default-compile) @ dependency-track-maven-plugin ---
[INFO] Changes detected - recompiling the module!
[INFO] Compiling 49 source files to /tmp/tmpw8r5p79w/dependency-track-maven-plugin/target/classes
[INFO] /tmp/tmpw8r5p79w/dependency-track-maven-plugin/src/main/java/io/github/pmckeown/dependencytrack/upload/UploadBomAction.java: Some input files use unchecked or unsafe operations.
[INFO] /tmp/tmpw8r5p79w/dependency-track-maven-plugin/src/main/java/io/github/pmckeown/dependencytrack/upload/UploadBomAction.java: Recompile with -Xlint:unchecked for details.
[INFO] 
[INFO] --- maven-plugin-plugin:3.6.0:descriptor (default-descriptor) @ dependency-track-maven-plugin ---
[INFO] Using 'UTF-8' encoding to read mojo source files.
[INFO] java-javadoc mojo extractor found 0 mojo descriptor.
[INFO] java-annotations mojo extractor found 5 mojo descriptors.
[INFO] 
[INFO] --- maven-resources-plugin:3.1.0:testResources (default-testResources) @ dependency-track-maven-plugin ---
[INFO] Using 'UTF-8' encoding to copy filtered resources.
[INFO] Copying 4 resources
[INFO] 
[INFO] --- maven-compiler-plugin:3.8.0:testCompile (default-testCompile) @ dependency-track-maven-plugin ---
[INFO] Changes detected - recompiling the module!
[INFO] Compiling 46 source files to /tmp/tmpw8r5p79w/dependency-track-maven-plugin/target/test-classes
[INFO] 
[INFO] --- maven-surefire-plugin:2.19.1:test (default-test) @ dependency-track-maven-plugin ---
[INFO] Surefire report directory: /tmp/tmpw8r5p79w/dependency-track-maven-plugin/target/surefire-reports

-------------------------------------------------------
 T E S T S
-------------------------------------------------------
Running io.github.pmckeown.dependencytrack.ThresholdsTest
Tests run: 6, Failures: 0, Errors: 0, Skipped: 0, Time elapsed: 0.269 sec - in io.github.pmckeown.dependencytrack.ThresholdsTest
Running io.github.pmckeown.dependencytrack.ObjectMapperFactoryTest
Tests run: 1, Failures: 0, Errors: 0, Skipped: 0, Time elapsed: 2.524 sec - in io.github.pmckeown.dependencytrack.ObjectMapperFactoryTest
Running io.github.pmckeown.dependencytrack.score.ScoreActionTest
Tests run: 6, Failures: 0, Errors: 0, Skipped: 0, Time elapsed: 2.119 sec - in io.github.pmckeown.dependencytrack.score.ScoreActionTest
Running io.github.pmckeown.dependencytrack.score.ScoreMojoIntegrationTest
SLF4J: Failed to load class "org.slf4j.impl.StaticLoggerBinder".
SLF4J: Defaulting to no-operation (NOP) logger implementation
SLF4J: See http://www.slf4j.org/codes.html#StaticLoggerBinder for further details.
[info] ========================================================================
[info] Project: dependency-track, Version: 3.6.0-SNAPSHOT
[warn] Inherited Risk Score: 3
[info] ========================================================================
[error] Failed to determine score for: dependency-track-3.6.0-SNAPSHOT
[info] ========================================================================
[info] Project: dependency-track, Version: 3.6.0-SNAPSHOT
[warn] Inherited Risk Score: 3 - Maximum allowed Inherited Risk Score: 3
[info] ========================================================================
[info] Metrics not present, checking the server for more info
[info] Polling for metrics from the Dependency-Track server
[info] ========================================================================
[info] Project: noMetrics, Version: 1.0.0
[warn] Inherited Risk Score: 3
[info] ========================================================================
[info] ========================================================================
[info] Project: dependency-track, Version: 3.6.0-SNAPSHOT
[warn] Inherited Risk Score: 3 - Maximum allowed Inherited Risk Score: 1
[info] ========================================================================
[error] Failed to determine score for: dependency-track-3.6.0-SNAPSHOT
[error] Failed to determine score for: dependency-track-3.6.0-SNAPSHOT
[info] ========================================================================
[info] Project: dependency-track, Version: 3.6.0-SNAPSHOT
[warn] Inherited Risk Score: 3 - Maximum allowed Inherited Risk Score: 999
[info] ========================================================================
[error] Failed to determine score for: dependency-track-3.6.0-SNAPSHOT
[info] Metrics not present, checking the server for more info
[info] Polling for metrics from the Dependency-Track server
[error] Call 'io.github.pmckeown.dependencytrack.metrics.MetricsAction$$Lambda$40/1519470102@719372c6' failed after 1 tries!
[error] Failed to determine score for: noMetrics-1.0.0
[info] ========================================================================
[info] Project: dependency-track, Version: 3.6.0-SNAPSHOT
[warn] Inherited Risk Score: 3 - Maximum allowed Inherited Risk Score: 3
[info] ========================================================================
Tests run: 11, Failures: 0, Errors: 0, Skipped: 0, Time elapsed: 11.319 sec - in io.github.pmckeown.dependencytrack.score.ScoreMojoIntegrationTest
Running io.github.pmckeown.dependencytrack.finding.FindingsMojoIntegrationTest
[info] Getting findings for project testName-99.99
[info] Printing findings for project testName-99.99
[info] ========================================================================
[info] LOW: com.nefarious:dodgy:1.0.0
[info] 
[info] This component prints your password to the logs
[info] Comparing findings against defined thresholds
[warn] Number of Low issues [1] exceeds the maximum allowed [0]
[info] Getting findings for project testName-99.99
[error] unirest.shaded.org.apache.http.client.ClientProtocolException
[debug] Error occurred when getting findings

io.github.pmckeown.dependencytrack.DependencyTrackException: unirest.shaded.org.apache.http.client.ClientProtocolException
	at io.github.pmckeown.dependencytrack.finding.FindingsAction.getFindings(FindingsAction.java:47)
	at io.github.pmckeown.dependencytrack.finding.FindingsMojo.performAction(FindingsMojo.java:90)
	at io.github.pmckeown.dependencytrack.AbstractDependencyTrackMojo.execute(AbstractDependencyTrackMojo.java:69)
	at io.github.pmckeown.dependencytrack.finding.FindingsMojoIntegrationTest.thatWhenExceptionOccursWhileGettingFindingsAndFailOnErrorIsTrueTheMojoErrors(FindingsMojoIntegrationTest.java:96)
	at sun.reflect.NativeMethodAccessorImpl.invoke0(Native Method)
	at sun.reflect.NativeMethodAccessorImpl.invoke(NativeMethodAccessorImpl.java:62)
	at sun.reflect.DelegatingMethodAccessorImpl.invoke(DelegatingMethodAccessorImpl.java:43)
	at java.lang.reflect.Method.invoke(Method.java:498)
	at org.junit.runners.model.FrameworkMethod$1.runReflectiveCall(FrameworkMethod.java:50)
	at org.junit.internal.runners.model.ReflectiveCallable.run(ReflectiveCallable.java:12)
	at org.junit.runners.model.FrameworkMethod.invokeExplosively(FrameworkMethod.java:47)
	at org.junit.internal.runners.statements.InvokeMethod.evaluate(InvokeMethod.java:17)
	at org.junit.internal.runners.statements.RunBefores.evaluate(RunBefores.java:26)
	at org.apache.maven.plugin.testing.MojoRule$2.evaluate(MojoRule.java:308)
	at com.github.tomakehurst.wiremock.junit.WireMockRule$1.evaluate(WireMockRule.java:73)
	at org.junit.rules.RunRules.evaluate(RunRules.java:20)
	at org.junit.runners.ParentRunner.runLeaf(ParentRunner.java:325)
	at org.junit.runners.BlockJUnit4ClassRunner.runChild(BlockJUnit4ClassRunner.java:78)
	at org.junit.runners.BlockJUnit4ClassRunner.runChild(BlockJUnit4ClassRunner.java:57)
	at org.junit.runners.ParentRunner$3.run(ParentRunner.java:290)
	at org.junit.runners.ParentRunner$1.schedule(ParentRunner.java:71)
	at org.junit.runners.ParentRunner.runChildren(ParentRunner.java:288)
	at org.junit.runners.ParentRunner.access$000(ParentRunner.java:58)
	at org.junit.runners.ParentRunner$2.evaluate(ParentRunner.java:268)
	at org.junit.runners.ParentRunner.run(ParentRunner.java:363)
	at org.apache.maven.surefire.junit4.JUnit4Provider.execute(JUnit4Provider.java:367)
	at org.apache.maven.surefire.junit4.JUnit4Provider.executeWithRerun(JUnit4Provider.java:274)
	at org.apache.maven.surefire.junit4.JUnit4Provider.executeTestSet(JUnit4Provider.java:238)
	at org.apache.maven.surefire.junit4.JUnit4Provider.invoke(JUnit4Provider.java:161)
	at org.apache.maven.surefire.booter.ForkedBooter.invokeProviderInSameClassLoader(ForkedBooter.java:290)
	at org.apache.maven.surefire.booter.ForkedBooter.runSuitesInProcess(ForkedBooter.java:242)
	at org.apache.maven.surefire.booter.ForkedBooter.main(ForkedBooter.java:121)

[info] Getting findings for project testName-99.99
[debug] Error occurred when getting findings

io.github.pmckeown.dependencytrack.DependencyTrackException: Error received from server
	at io.github.pmckeown.dependencytrack.finding.FindingsAction.getFindings(FindingsAction.java:43)
	at io.github.pmckeown.dependencytrack.finding.FindingsMojo.performAction(FindingsMojo.java:90)
	at io.github.pmckeown.dependencytrack.AbstractDependencyTrackMojo.execute(AbstractDependencyTrackMojo.java:69)
	at io.github.pmckeown.dependencytrack.finding.FindingsMojoIntegrationTest.thatWhenNoFindingsAreFoundTheMojoDoesNotFail(FindingsMojoIntegrationTest.java:74)
	at sun.reflect.NativeMethodAccessorImpl.invoke0(Native Method)
	at sun.reflect.NativeMethodAccessorImpl.invoke(NativeMethodAccessorImpl.java:62)
	at sun.reflect.DelegatingMethodAccessorImpl.invoke(DelegatingMethodAccessorImpl.java:43)
	at java.lang.reflect.Method.invoke(Method.java:498)
	at org.junit.runners.model.FrameworkMethod$1.runReflectiveCall(FrameworkMethod.java:50)
	at org.junit.internal.runners.model.ReflectiveCallable.run(ReflectiveCallable.java:12)
	at org.junit.runners.model.FrameworkMethod.invokeExplosively(FrameworkMethod.java:47)
	at org.junit.internal.runners.statements.InvokeMethod.evaluate(InvokeMethod.java:17)
	at org.junit.internal.runners.statements.RunBefores.evaluate(RunBefores.java:26)
	at org.apache.maven.plugin.testing.MojoRule$2.evaluate(MojoRule.java:308)
	at com.github.tomakehurst.wiremock.junit.WireMockRule$1.evaluate(WireMockRule.java:73)
	at org.junit.rules.RunRules.evaluate(RunRules.java:20)
	at org.junit.runners.ParentRunner.runLeaf(ParentRunner.java:325)
	at org.junit.runners.BlockJUnit4ClassRunner.runChild(BlockJUnit4ClassRunner.java:78)
	at org.junit.runners.BlockJUnit4ClassRunner.runChild(BlockJUnit4ClassRunner.java:57)
	at org.junit.runners.ParentRunner$3.run(ParentRunner.java:290)
	at org.junit.runners.ParentRunner$1.schedule(ParentRunner.java:71)
	at org.junit.runners.ParentRunner.runChildren(ParentRunner.java:288)
	at org.junit.runners.ParentRunner.access$000(ParentRunner.java:58)
	at org.junit.runners.ParentRunner$2.evaluate(ParentRunner.java:268)
	at org.junit.runners.ParentRunner.run(ParentRunner.java:363)
	at org.apache.maven.surefire.junit4.JUnit4Provider.execute(JUnit4Provider.java:367)
	at org.apache.maven.surefire.junit4.JUnit4Provider.executeWithRerun(JUnit4Provider.java:274)
	at org.apache.maven.surefire.junit4.JUnit4Provider.executeTestSet(JUnit4Provider.java:238)
	at org.apache.maven.surefire.junit4.JUnit4Provider.invoke(JUnit4Provider.java:161)
	at org.apache.maven.surefire.booter.ForkedBooter.invokeProviderInSameClassLoader(ForkedBooter.java:290)
	at org.apache.maven.surefire.booter.ForkedBooter.runSuitesInProcess(ForkedBooter.java:242)
	at org.apache.maven.surefire.booter.ForkedBooter.main(ForkedBooter.java:121)

[info] Getting findings for project testName-99.99
[info] Printing findings for project testName-99.99
[info] ========================================================================
[info] UNASSIGNED: com.nefarious:dodgy:1.0.0
[info] 
[info] This component prints your password to the logs
[info] Comparing findings against defined thresholds
[info] Getting findings for project testName-99.99
[info] Printing findings for project testName-99.99
[info] ========================================================================
[info] LOW: com.nefarious:dodgy:1.0.0
[info] 
[info] This component prints your password to the logs
Tests run: 5, Failures: 0, Errors: 0, Skipped: 0, Time elapsed: 2.451 sec - in io.github.pmckeown.dependencytrack.finding.FindingsMojoIntegrationTest
Running io.github.pmckeown.dependencytrack.finding.FindingsPrinterTest
Tests run: 2, Failures: 0, Errors: 0, Skipped: 0, Time elapsed: 0.012 sec - in io.github.pmckeown.dependencytrack.finding.FindingsPrinterTest
Running io.github.pmckeown.dependencytrack.finding.report.FindingsReportTest
Tests run: 2, Failures: 0, Errors: 0, Skipped: 0, Time elapsed: 0.002 sec - in io.github.pmckeown.dependencytrack.finding.report.FindingsReportTest
Running io.github.pmckeown.dependencytrack.finding.report.XmlReportWriterTest
Tests run: 2, Failures: 0, Errors: 0, Skipped: 0, Time elapsed: 0.109 sec - in io.github.pmckeown.dependencytrack.finding.report.XmlReportWriterTest
Running io.github.pmckeown.dependencytrack.finding.report.FindingsReportGeneratorTest
Tests run: 3, Failures: 0, Errors: 0, Skipped: 0, Time elapsed: 0.041 sec - in io.github.pmckeown.dependencytrack.finding.report.FindingsReportGeneratorTest
Running io.github.pmckeown.dependencytrack.finding.report.FindingsReportIntegrationTest
Tests run: 2, Failures: 0, Errors: 0, Skipped: 0, Time elapsed: 0.126 sec - in io.github.pmckeown.dependencytrack.finding.report.FindingsReportIntegrationTest
Running io.github.pmckeown.dependencytrack.finding.FindingsActionTest
Tests run: 4, Failures: 0, Errors: 0, Skipped: 0, Time elapsed: 0.019 sec - in io.github.pmckeown.dependencytrack.finding.FindingsActionTest
Running io.github.pmckeown.dependencytrack.finding.FindingsAnalyserTest
Tests run: 15, Failures: 0, Errors: 0, Skipped: 0, Time elapsed: 0.023 sec - in io.github.pmckeown.dependencytrack.finding.FindingsAnalyserTest
Running io.github.pmckeown.dependencytrack.finding.FindingsClientTest
Tests run: 3, Failures: 0, Errors: 0, Skipped: 0, Time elapsed: 0.365 sec - in io.github.pmckeown.dependencytrack.finding.FindingsClientTest
Running io.github.pmckeown.dependencytrack.project.DeleteProjectMojoIntegrationTest
[debug] Exception occurred while trying to delete project: unknown-1.2.3-SNAPSHOT

io.github.pmckeown.dependencytrack.DependencyTrackException: Requested project not found: unknown-1.2.3-SNAPSHOT
	at io.github.pmckeown.dependencytrack.project.ProjectAction.getProject(ProjectAction.java:40)
	at io.github.pmckeown.dependencytrack.project.DeleteProjectMojo.performAction(DeleteProjectMojo.java:34)
	at io.github.pmckeown.dependencytrack.AbstractDependencyTrackMojo.execute(AbstractDependencyTrackMojo.java:69)
	at io.github.pmckeown.dependencytrack.project.DeleteProjectMojoIntegrationTest.thatWhenProjectIsNotFoundDeletionIsNotAttempted(DeleteProjectMojoIntegrationTest.java:92)
	at sun.reflect.NativeMethodAccessorImpl.invoke0(Native Method)
	at sun.reflect.NativeMethodAccessorImpl.invoke(NativeMethodAccessorImpl.java:62)
	at sun.reflect.DelegatingMethodAccessorImpl.invoke(DelegatingMethodAccessorImpl.java:43)
	at java.lang.reflect.Method.invoke(Method.java:498)
	at org.junit.runners.model.FrameworkMethod$1.runReflectiveCall(FrameworkMethod.java:50)
	at org.junit.internal.runners.model.ReflectiveCallable.run(ReflectiveCallable.java:12)
	at org.junit.runners.model.FrameworkMethod.invokeExplosively(FrameworkMethod.java:47)
	at org.junit.internal.runners.statements.InvokeMethod.evaluate(InvokeMethod.java:17)
	at org.junit.internal.runners.statements.RunBefores.evaluate(RunBefores.java:26)
	at org.apache.maven.plugin.testing.MojoRule$2.evaluate(MojoRule.java:308)
	at com.github.tomakehurst.wiremock.junit.WireMockRule$1.evaluate(WireMockRule.java:73)
	at org.junit.rules.RunRules.evaluate(RunRules.java:20)
	at org.junit.runners.ParentRunner.runLeaf(ParentRunner.java:325)
	at org.junit.runners.BlockJUnit4ClassRunner.runChild(BlockJUnit4ClassRunner.java:78)
	at org.junit.runners.BlockJUnit4ClassRunner.runChild(BlockJUnit4ClassRunner.java:57)
	at org.junit.runners.ParentRunner$3.run(ParentRunner.java:290)
	at org.junit.runners.ParentRunner$1.schedule(ParentRunner.java:71)
	at org.junit.runners.ParentRunner.runChildren(ParentRunner.java:288)
	at org.junit.runners.ParentRunner.access$000(ParentRunner.java:58)
	at org.junit.runners.ParentRunner$2.evaluate(ParentRunner.java:268)
	at org.junit.runners.ParentRunner.run(ParentRunner.java:363)
	at org.apache.maven.surefire.junit4.JUnit4Provider.execute(JUnit4Provider.java:367)
	at org.apache.maven.surefire.junit4.JUnit4Provider.executeWithRerun(JUnit4Provider.java:274)
	at org.apache.maven.surefire.junit4.JUnit4Provider.executeTestSet(JUnit4Provider.java:238)
	at org.apache.maven.surefire.junit4.JUnit4Provider.invoke(JUnit4Provider.java:161)
	at org.apache.maven.surefire.booter.ForkedBooter.invokeProviderInSameClassLoader(ForkedBooter.java:290)
	at org.apache.maven.surefire.booter.ForkedBooter.runSuitesInProcess(ForkedBooter.java:242)
	at org.apache.maven.surefire.booter.ForkedBooter.main(ForkedBooter.java:121)

[error] Failed to delete project: dependency-track-3.6.0-SNAPSHOT
[error] Failed to delete project: dependency-track-3.6.0-SNAPSHOT
[error] Failed to delete project
[debug] Exception occurred while trying to delete project: dependency-track-3.6.0-SNAPSHOT

io.github.pmckeown.dependencytrack.DependencyTrackException: Failed to delete project
	at io.github.pmckeown.dependencytrack.project.ProjectAction.deleteProject(ProjectAction.java:62)
	at io.github.pmckeown.dependencytrack.project.DeleteProjectMojo.performAction(DeleteProjectMojo.java:36)
	at io.github.pmckeown.dependencytrack.AbstractDependencyTrackMojo.execute(AbstractDependencyTrackMojo.java:69)
	at io.github.pmckeown.dependencytrack.project.DeleteProjectMojoIntegrationTest.thatWhenProjectDeleteErrorsAndFailOnErrorFalseThenMojoSucceeds(DeleteProjectMojoIntegrationTest.java:126)
	at sun.reflect.NativeMethodAccessorImpl.invoke0(Native Method)
	at sun.reflect.NativeMethodAccessorImpl.invoke(NativeMethodAccessorImpl.java:62)
	at sun.reflect.DelegatingMethodAccessorImpl.invoke(DelegatingMethodAccessorImpl.java:43)
	at java.lang.reflect.Method.invoke(Method.java:498)
	at org.junit.runners.model.FrameworkMethod$1.runReflectiveCall(FrameworkMethod.java:50)
	at org.junit.internal.runners.model.ReflectiveCallable.run(ReflectiveCallable.java:12)
	at org.junit.runners.model.FrameworkMethod.invokeExplosively(FrameworkMethod.java:47)
	at org.junit.internal.runners.statements.InvokeMethod.evaluate(InvokeMethod.java:17)
	at org.junit.internal.runners.statements.RunBefores.evaluate(RunBefores.java:26)
	at org.apache.maven.plugin.testing.MojoRule$2.evaluate(MojoRule.java:308)
	at com.github.tomakehurst.wiremock.junit.WireMockRule$1.evaluate(WireMockRule.java:73)
	at org.junit.rules.RunRules.evaluate(RunRules.java:20)
	at org.junit.runners.ParentRunner.runLeaf(ParentRunner.java:325)
	at org.junit.runners.BlockJUnit4ClassRunner.runChild(BlockJUnit4ClassRunner.java:78)
	at org.junit.runners.BlockJUnit4ClassRunner.runChild(BlockJUnit4ClassRunner.java:57)
	at org.junit.runners.ParentRunner$3.run(ParentRunner.java:290)
	at org.junit.runners.ParentRunner$1.schedule(ParentRunner.java:71)
	at org.junit.runners.ParentRunner.runChildren(ParentRunner.java:288)
	at org.junit.runners.ParentRunner.access$000(ParentRunner.java:58)
	at org.junit.runners.ParentRunner$2.evaluate(ParentRunner.java:268)
	at org.junit.runners.ParentRunner.run(ParentRunner.java:363)
	at org.apache.maven.surefire.junit4.JUnit4Provider.execute(JUnit4Provider.java:367)
	at org.apache.maven.surefire.junit4.JUnit4Provider.executeWithRerun(JUnit4Provider.java:274)
	at org.apache.maven.surefire.junit4.JUnit4Provider.executeTestSet(JUnit4Provider.java:238)
	at org.apache.maven.surefire.junit4.JUnit4Provider.invoke(JUnit4Provider.java:161)
	at org.apache.maven.surefire.booter.ForkedBooter.invokeProviderInSameClassLoader(ForkedBooter.java:290)
	at org.apache.maven.surefire.booter.ForkedBooter.runSuitesInProcess(ForkedBooter.java:242)
	at org.apache.maven.surefire.booter.ForkedBooter.main(ForkedBooter.java:121)

[error] Failed to delete project
[debug] Exception occurred while trying to delete project: dependency-track-3.6.0-SNAPSHOT

io.github.pmckeown.dependencytrack.DependencyTrackException: Failed to delete project
	at io.github.pmckeown.dependencytrack.project.ProjectAction.deleteProject(ProjectAction.java:62)
	at io.github.pmckeown.dependencytrack.project.DeleteProjectMojo.performAction(DeleteProjectMojo.java:36)
	at io.github.pmckeown.dependencytrack.AbstractDependencyTrackMojo.execute(AbstractDependencyTrackMojo.java:69)
	at io.github.pmckeown.dependencytrack.project.DeleteProjectMojoIntegrationTest.thatWhenProjectDeleteErrorsAndFailOnErrorTrueThenMojoExecutionExceptionIsThrown(DeleteProjectMojoIntegrationTest.java:110)
	at sun.reflect.NativeMethodAccessorImpl.invoke0(Native Method)
	at sun.reflect.NativeMethodAccessorImpl.invoke(NativeMethodAccessorImpl.java:62)
	at sun.reflect.DelegatingMethodAccessorImpl.invoke(DelegatingMethodAccessorImpl.java:43)
	at java.lang.reflect.Method.invoke(Method.java:498)
	at org.junit.runners.model.FrameworkMethod$1.runReflectiveCall(FrameworkMethod.java:50)
	at org.junit.internal.runners.model.ReflectiveCallable.run(ReflectiveCallable.java:12)
	at org.junit.runners.model.FrameworkMethod.invokeExplosively(FrameworkMethod.java:47)
	at org.junit.internal.runners.statements.InvokeMethod.evaluate(InvokeMethod.java:17)
	at org.junit.internal.runners.statements.RunBefores.evaluate(RunBefores.java:26)
	at org.apache.maven.plugin.testing.MojoRule$2.evaluate(MojoRule.java:308)
	at com.github.tomakehurst.wiremock.junit.WireMockRule$1.evaluate(WireMockRule.java:73)
	at org.junit.rules.RunRules.evaluate(RunRules.java:20)
	at org.junit.runners.ParentRunner.runLeaf(ParentRunner.java:325)
	at org.junit.runners.BlockJUnit4ClassRunner.runChild(BlockJUnit4ClassRunner.java:78)
	at org.junit.runners.BlockJUnit4ClassRunner.runChild(BlockJUnit4ClassRunner.java:57)
	at org.junit.runners.ParentRunner$3.run(ParentRunner.java:290)
	at org.junit.runners.ParentRunner$1.schedule(ParentRunner.java:71)
	at org.junit.runners.ParentRunner.runChildren(ParentRunner.java:288)
	at org.junit.runners.ParentRunner.access$000(ParentRunner.java:58)
	at org.junit.runners.ParentRunner$2.evaluate(ParentRunner.java:268)
	at org.junit.runners.ParentRunner.run(ParentRunner.java:363)
	at org.apache.maven.surefire.junit4.JUnit4Provider.execute(JUnit4Provider.java:367)
	at org.apache.maven.surefire.junit4.JUnit4Provider.executeWithRerun(JUnit4Provider.java:274)
	at org.apache.maven.surefire.junit4.JUnit4Provider.executeTestSet(JUnit4Provider.java:238)
	at org.apache.maven.surefire.junit4.JUnit4Provider.invoke(JUnit4Provider.java:161)
	at org.apache.maven.surefire.booter.ForkedBooter.invokeProviderInSameClassLoader(ForkedBooter.java:290)
	at org.apache.maven.surefire.booter.ForkedBooter.runSuitesInProcess(ForkedBooter.java:242)
	at org.apache.maven.surefire.booter.ForkedBooter.main(ForkedBooter.java:121)

Tests run: 6, Failures: 0, Errors: 0, Skipped: 0, Time elapsed: 2.248 sec - in io.github.pmckeown.dependencytrack.project.DeleteProjectMojoIntegrationTest
Running io.github.pmckeown.dependencytrack.project.DeleteProjectActionTest
Tests run: 3, Failures: 0, Errors: 0, Skipped: 0, Time elapsed: 0.006 sec - in io.github.pmckeown.dependencytrack.project.DeleteProjectActionTest
Running io.github.pmckeown.dependencytrack.project.ProjectClientIntegrationTest
Tests run: 1, Failures: 0, Errors: 0, Skipped: 0, Time elapsed: 0.282 sec - in io.github.pmckeown.dependencytrack.project.ProjectClientIntegrationTest
Running io.github.pmckeown.dependencytrack.project.ProjectActionTest
Tests run: 5, Failures: 0, Errors: 0, Skipped: 0, Time elapsed: 0.012 sec - in io.github.pmckeown.dependencytrack.project.ProjectActionTest
Running io.github.pmckeown.dependencytrack.PollerTest
Tests run: 4, Failures: 0, Errors: 0, Skipped: 0, Time elapsed: 0.011 sec - in io.github.pmckeown.dependencytrack.PollerTest
Running io.github.pmckeown.dependencytrack.upload.BomClientIntegrationTest
Tests run: 6, Failures: 0, Errors: 0, Skipped: 0, Time elapsed: 0.953 sec - in io.github.pmckeown.dependencytrack.upload.BomClientIntegrationTest
Running io.github.pmckeown.dependencytrack.upload.UploadBomMojoIntegrationTest
[info] Project Name: dependency-track-maven-plugin-test-project
[info] Project Version: 0.0.1-SNAPSHOT
[info] Plugin is configured to wait for BOM processing to complete
[error] Failure integrating with Dependency Track: 200 OK
[debug] Error occurred during upload

io.github.pmckeown.dependencytrack.DependencyTrackException: Failure integrating with Dependency Track: 200 OK
	at io.github.pmckeown.dependencytrack.upload.UploadBomAction.doUpload(UploadBomAction.java:93)
	at io.github.pmckeown.dependencytrack.upload.UploadBomAction.upload(UploadBomAction.java:49)
	at io.github.pmckeown.dependencytrack.upload.UploadBomMojo.performAction(UploadBomMojo.java:62)
	at io.github.pmckeown.dependencytrack.AbstractDependencyTrackMojo.execute(AbstractDependencyTrackMojo.java:69)
	at io.github.pmckeown.dependencytrack.upload.UploadBomMojoIntegrationTest.thatProjectVersionDefaultsToPomVersion(UploadBomMojoIntegrationTest.java:165)
	at sun.reflect.NativeMethodAccessorImpl.invoke0(Native Method)
	at sun.reflect.NativeMethodAccessorImpl.invoke(NativeMethodAccessorImpl.java:62)
	at sun.reflect.DelegatingMethodAccessorImpl.invoke(DelegatingMethodAccessorImpl.java:43)
	at java.lang.reflect.Method.invoke(Method.java:498)
	at org.junit.runners.model.FrameworkMethod$1.runReflectiveCall(FrameworkMethod.java:50)
	at org.junit.internal.runners.model.ReflectiveCallable.run(ReflectiveCallable.java:12)
	at org.junit.runners.model.FrameworkMethod.invokeExplosively(FrameworkMethod.java:47)
	at org.junit.internal.runners.statements.InvokeMethod.evaluate(InvokeMethod.java:17)
	at org.junit.internal.runners.statements.RunBefores.evaluate(RunBefores.java:26)
	at org.apache.maven.plugin.testing.MojoRule$2.evaluate(MojoRule.java:308)
	at com.github.tomakehurst.wiremock.junit.WireMockRule$1.evaluate(WireMockRule.java:73)
	at org.junit.rules.RunRules.evaluate(RunRules.java:20)
	at org.junit.runners.ParentRunner.runLeaf(ParentRunner.java:325)
	at org.junit.runners.BlockJUnit4ClassRunner.runChild(BlockJUnit4ClassRunner.java:78)
	at org.junit.runners.BlockJUnit4ClassRunner.runChild(BlockJUnit4ClassRunner.java:57)
	at org.junit.runners.ParentRunner$3.run(ParentRunner.java:290)
	at org.junit.runners.ParentRunner$1.schedule(ParentRunner.java:71)
	at org.junit.runners.ParentRunner.runChildren(ParentRunner.java:288)
	at org.junit.runners.ParentRunner.access$000(ParentRunner.java:58)
	at org.junit.runners.ParentRunner$2.evaluate(ParentRunner.java:268)
	at org.junit.runners.ParentRunner.run(ParentRunner.java:363)
	at org.apache.maven.surefire.junit4.JUnit4Provider.execute(JUnit4Provider.java:367)
	at org.apache.maven.surefire.junit4.JUnit4Provider.executeWithRerun(JUnit4Provider.java:274)
	at org.apache.maven.surefire.junit4.JUnit4Provider.executeTestSet(JUnit4Provider.java:238)
	at org.apache.maven.surefire.junit4.JUnit4Provider.invoke(JUnit4Provider.java:161)
	at org.apache.maven.surefire.booter.ForkedBooter.invokeProviderInSameClassLoader(ForkedBooter.java:290)
	at org.apache.maven.surefire.booter.ForkedBooter.runSuitesInProcess(ForkedBooter.java:242)
	at org.apache.maven.surefire.booter.ForkedBooter.main(ForkedBooter.java:121)
Caused by: io.github.pmckeown.dependencytrack.DependencyTrackException: Failure integrating with Dependency Track: 200 OK
	at io.github.pmckeown.dependencytrack.upload.UploadBomAction.doUpload(UploadBomAction.java:90)
	... 32 more

[info] Project Name: dependency-track-maven-plugin-test-project
[info] Project Version: 0.0.1-SNAPSHOT
[info] Plugin is configured to wait for BOM processing to complete
[debug] Error occurred during upload

io.github.pmckeown.dependencytrack.DependencyTrackException: java.net.UnknownHostException: localghost
	at io.github.pmckeown.dependencytrack.upload.UploadBomAction.doUpload(UploadBomAction.java:93)
	at io.github.pmckeown.dependencytrack.upload.UploadBomAction.upload(UploadBomAction.java:49)
	at io.github.pmckeown.dependencytrack.upload.UploadBomMojo.performAction(UploadBomMojo.java:62)
	at io.github.pmckeown.dependencytrack.AbstractDependencyTrackMojo.execute(AbstractDependencyTrackMojo.java:69)
	at io.github.pmckeown.dependencytrack.upload.UploadBomMojoIntegrationTest.thatWhenFailOnErrorIsTrueAFailureFromToDependencyTrackDoesFailTheBuild(UploadBomMojoIntegrationTest.java:77)
	at sun.reflect.NativeMethodAccessorImpl.invoke0(Native Method)
	at sun.reflect.NativeMethodAccessorImpl.invoke(NativeMethodAccessorImpl.java:62)
	at sun.reflect.DelegatingMethodAccessorImpl.invoke(DelegatingMethodAccessorImpl.java:43)
	at java.lang.reflect.Method.invoke(Method.java:498)
	at org.junit.runners.model.FrameworkMethod$1.runReflectiveCall(FrameworkMethod.java:50)
	at org.junit.internal.runners.model.ReflectiveCallable.run(ReflectiveCallable.java:12)
	at org.junit.runners.model.FrameworkMethod.invokeExplosively(FrameworkMethod.java:47)
	at org.junit.internal.runners.statements.InvokeMethod.evaluate(InvokeMethod.java:17)
	at org.junit.internal.runners.statements.RunBefores.evaluate(RunBefores.java:26)
	at org.apache.maven.plugin.testing.MojoRule$2.evaluate(MojoRule.java:308)
	at com.github.tomakehurst.wiremock.junit.WireMockRule$1.evaluate(WireMockRule.java:73)
	at org.junit.rules.RunRules.evaluate(RunRules.java:20)
	at org.junit.runners.ParentRunner.runLeaf(ParentRunner.java:325)
	at org.junit.runners.BlockJUnit4ClassRunner.runChild(BlockJUnit4ClassRunner.java:78)
	at org.junit.runners.BlockJUnit4ClassRunner.runChild(BlockJUnit4ClassRunner.java:57)
	at org.junit.runners.ParentRunner$3.run(ParentRunner.java:290)
	at org.junit.runners.ParentRunner$1.schedule(ParentRunner.java:71)
	at org.junit.runners.ParentRunner.runChildren(ParentRunner.java:288)
	at org.junit.runners.ParentRunner.access$000(ParentRunner.java:58)
	at org.junit.runners.ParentRunner$2.evaluate(ParentRunner.java:268)
	at org.junit.runners.ParentRunner.run(ParentRunner.java:363)
	at org.apache.maven.surefire.junit4.JUnit4Provider.execute(JUnit4Provider.java:367)
	at org.apache.maven.surefire.junit4.JUnit4Provider.executeWithRerun(JUnit4Provider.java:274)
	at org.apache.maven.surefire.junit4.JUnit4Provider.executeTestSet(JUnit4Provider.java:238)
	at org.apache.maven.surefire.junit4.JUnit4Provider.invoke(JUnit4Provider.java:161)
	at org.apache.maven.surefire.booter.ForkedBooter.invokeProviderInSameClassLoader(ForkedBooter.java:290)
	at org.apache.maven.surefire.booter.ForkedBooter.runSuitesInProcess(ForkedBooter.java:242)
	at org.apache.maven.surefire.booter.ForkedBooter.main(ForkedBooter.java:121)
Caused by: kong.unirest.UnirestException: java.net.UnknownHostException: localghost
	at kong.unirest.apache.ApacheClient.request(ApacheClient.java:134)
	at kong.unirest.BaseRequest.asObject(BaseRequest.java:235)
	at io.github.pmckeown.dependencytrack.upload.BomClient.uploadBom(BomClient.java:53)
	at io.github.pmckeown.dependencytrack.upload.UploadBomAction.doUpload(UploadBomAction.java:80)
	... 32 more
Caused by: java.net.UnknownHostException: localghost
	at java.net.InetAddress.getAllByName0(InetAddress.java:1281)
	at java.net.InetAddress.getAllByName(InetAddress.java:1193)
	at java.net.InetAddress.getAllByName(InetAddress.java:1127)
	at unirest.shaded.org.apache.http.impl.conn.SystemDefaultDnsResolver.resolve(SystemDefaultDnsResolver.java:45)
	at unirest.shaded.org.apache.http.impl.conn.DefaultHttpClientConnectionOperator.connect(DefaultHttpClientConnectionOperator.java:112)
	at unirest.shaded.org.apache.http.impl.conn.PoolingHttpClientConnectionManager.connect(PoolingHttpClientConnectionManager.java:374)
	at unirest.shaded.org.apache.http.impl.execchain.MainClientExec.establishRoute(MainClientExec.java:393)
	at unirest.shaded.org.apache.http.impl.execchain.MainClientExec.execute(MainClientExec.java:236)
	at unirest.shaded.org.apache.http.impl.execchain.ProtocolExec.execute(ProtocolExec.java:186)
	at unirest.shaded.org.apache.http.impl.execchain.RetryExec.execute(RetryExec.java:89)
	at unirest.shaded.org.apache.http.impl.execchain.RedirectExec.execute(RedirectExec.java:110)
	at unirest.shaded.org.apache.http.impl.client.InternalHttpClient.doExecute(InternalHttpClient.java:185)
	at unirest.shaded.org.apache.http.impl.client.CloseableHttpClient.execute(CloseableHttpClient.java:83)
	at unirest.shaded.org.apache.http.impl.client.CloseableHttpClient.execute(CloseableHttpClient.java:108)
	at unirest.shaded.org.apache.http.impl.client.CloseableHttpClient.execute(CloseableHttpClient.java:56)
	at kong.unirest.apache.ApacheClient.request(ApacheClient.java:125)
	... 35 more

[info] Project Name: dependency-track-maven-plugin-test-project
[info] Project Version: 99.99.99-RELEASE
[info] Plugin is configured to wait for BOM processing to complete
[error] Failure integrating with Dependency Track: 200 OK
[debug] Error occurred during upload

io.github.pmckeown.dependencytrack.DependencyTrackException: Failure integrating with Dependency Track: 200 OK
	at io.github.pmckeown.dependencytrack.upload.UploadBomAction.doUpload(UploadBomAction.java:93)
	at io.github.pmckeown.dependencytrack.upload.UploadBomAction.upload(UploadBomAction.java:49)
	at io.github.pmckeown.dependencytrack.upload.UploadBomMojo.performAction(UploadBomMojo.java:62)
	at io.github.pmckeown.dependencytrack.AbstractDependencyTrackMojo.execute(AbstractDependencyTrackMojo.java:69)
	at io.github.pmckeown.dependencytrack.upload.UploadBomMojoIntegrationTest.thatProjectVersionCanBeProvided(UploadBomMojoIntegrationTest.java:151)
	at sun.reflect.NativeMethodAccessorImpl.invoke0(Native Method)
	at sun.reflect.NativeMethodAccessorImpl.invoke(NativeMethodAccessorImpl.java:62)
	at sun.reflect.DelegatingMethodAccessorImpl.invoke(DelegatingMethodAccessorImpl.java:43)
	at java.lang.reflect.Method.invoke(Method.java:498)
	at org.junit.runners.model.FrameworkMethod$1.runReflectiveCall(FrameworkMethod.java:50)
	at org.junit.internal.runners.model.ReflectiveCallable.run(ReflectiveCallable.java:12)
	at org.junit.runners.model.FrameworkMethod.invokeExplosively(FrameworkMethod.java:47)
	at org.junit.internal.runners.statements.InvokeMethod.evaluate(InvokeMethod.java:17)
	at org.junit.internal.runners.statements.RunBefores.evaluate(RunBefores.java:26)
	at org.apache.maven.plugin.testing.MojoRule$2.evaluate(MojoRule.java:308)
	at com.github.tomakehurst.wiremock.junit.WireMockRule$1.evaluate(WireMockRule.java:73)
	at org.junit.rules.RunRules.evaluate(RunRules.java:20)
	at org.junit.runners.ParentRunner.runLeaf(ParentRunner.java:325)
	at org.junit.runners.BlockJUnit4ClassRunner.runChild(BlockJUnit4ClassRunner.java:78)
	at org.junit.runners.BlockJUnit4ClassRunner.runChild(BlockJUnit4ClassRunner.java:57)
	at org.junit.runners.ParentRunner$3.run(ParentRunner.java:290)
	at org.junit.runners.ParentRunner$1.schedule(ParentRunner.java:71)
	at org.junit.runners.ParentRunner.runChildren(ParentRunner.java:288)
	at org.junit.runners.ParentRunner.access$000(ParentRunner.java:58)
	at org.junit.runners.ParentRunner$2.evaluate(ParentRunner.java:268)
	at org.junit.runners.ParentRunner.run(ParentRunner.java:363)
	at org.apache.maven.surefire.junit4.JUnit4Provider.execute(JUnit4Provider.java:367)
	at org.apache.maven.surefire.junit4.JUnit4Provider.executeWithRerun(JUnit4Provider.java:274)
	at org.apache.maven.surefire.junit4.JUnit4Provider.executeTestSet(JUnit4Provider.java:238)
	at org.apache.maven.surefire.junit4.JUnit4Provider.invoke(JUnit4Provider.java:161)
	at org.apache.maven.surefire.booter.ForkedBooter.invokeProviderInSameClassLoader(ForkedBooter.java:290)
	at org.apache.maven.surefire.booter.ForkedBooter.runSuitesInProcess(ForkedBooter.java:242)
	at org.apache.maven.surefire.booter.ForkedBooter.main(ForkedBooter.java:121)
Caused by: io.github.pmckeown.dependencytrack.DependencyTrackException: Failure integrating with Dependency Track: 200 OK
	at io.github.pmckeown.dependencytrack.upload.UploadBomAction.doUpload(UploadBomAction.java:90)
	... 32 more

[info] Project Name: dependency-track-maven-plugin-test-project
[info] Project Version: 0.0.1-SNAPSHOT
[info] Plugin is configured to wait for BOM processing to complete
[error] Failure integrating with Dependency Track: 404 Not Found
[debug] Error occurred during upload

io.github.pmckeown.dependencytrack.DependencyTrackException: Failure integrating with Dependency Track: 404 Not Found
	at io.github.pmckeown.dependencytrack.upload.UploadBomAction.doUpload(UploadBomAction.java:93)
	at io.github.pmckeown.dependencytrack.upload.UploadBomAction.upload(UploadBomAction.java:49)
	at io.github.pmckeown.dependencytrack.upload.UploadBomMojo.performAction(UploadBomMojo.java:62)
	at io.github.pmckeown.dependencytrack.AbstractDependencyTrackMojo.execute(AbstractDependencyTrackMojo.java:69)
	at io.github.pmckeown.dependencytrack.upload.UploadBomMojoIntegrationTest.thatWhenFailOnErrorIsFalseAFailureFromToDependencyTrackDoesNotFailTheBuild(UploadBomMojoIntegrationTest.java:61)
	at sun.reflect.NativeMethodAccessorImpl.invoke0(Native Method)
	at sun.reflect.NativeMethodAccessorImpl.invoke(NativeMethodAccessorImpl.java:62)
	at sun.reflect.DelegatingMethodAccessorImpl.invoke(DelegatingMethodAccessorImpl.java:43)
	at java.lang.reflect.Method.invoke(Method.java:498)
	at org.junit.runners.model.FrameworkMethod$1.runReflectiveCall(FrameworkMethod.java:50)
	at org.junit.internal.runners.model.ReflectiveCallable.run(ReflectiveCallable.java:12)
	at org.junit.runners.model.FrameworkMethod.invokeExplosively(FrameworkMethod.java:47)
	at org.junit.internal.runners.statements.InvokeMethod.evaluate(InvokeMethod.java:17)
	at org.junit.internal.runners.statements.RunBefores.evaluate(RunBefores.java:26)
	at org.apache.maven.plugin.testing.MojoRule$2.evaluate(MojoRule.java:308)
	at com.github.tomakehurst.wiremock.junit.WireMockRule$1.evaluate(WireMockRule.java:73)
	at org.junit.rules.RunRules.evaluate(RunRules.java:20)
	at org.junit.runners.ParentRunner.runLeaf(ParentRunner.java:325)
	at org.junit.runners.BlockJUnit4ClassRunner.runChild(BlockJUnit4ClassRunner.java:78)
	at org.junit.runners.BlockJUnit4ClassRunner.runChild(BlockJUnit4ClassRunner.java:57)
	at org.junit.runners.ParentRunner$3.run(ParentRunner.java:290)
	at org.junit.runners.ParentRunner$1.schedule(ParentRunner.java:71)
	at org.junit.runners.ParentRunner.runChildren(ParentRunner.java:288)
	at org.junit.runners.ParentRunner.access$000(ParentRunner.java:58)
	at org.junit.runners.ParentRunner$2.evaluate(ParentRunner.java:268)
	at org.junit.runners.ParentRunner.run(ParentRunner.java:363)
	at org.apache.maven.surefire.junit4.JUnit4Provider.execute(JUnit4Provider.java:367)
	at org.apache.maven.surefire.junit4.JUnit4Provider.executeWithRerun(JUnit4Provider.java:274)
	at org.apache.maven.surefire.junit4.JUnit4Provider.executeTestSet(JUnit4Provider.java:238)
	at org.apache.maven.surefire.junit4.JUnit4Provider.invoke(JUnit4Provider.java:161)
	at org.apache.maven.surefire.booter.ForkedBooter.invokeProviderInSameClassLoader(ForkedBooter.java:290)
	at org.apache.maven.surefire.booter.ForkedBooter.runSuitesInProcess(ForkedBooter.java:242)
	at org.apache.maven.surefire.booter.ForkedBooter.main(ForkedBooter.java:121)
Caused by: io.github.pmckeown.dependencytrack.DependencyTrackException: Failure integrating with Dependency Track: 404 Not Found
	at io.github.pmckeown.dependencytrack.upload.UploadBomAction.doUpload(UploadBomAction.java:90)
	... 32 more

[info] Project Name: dependency-track-maven-plugin-test-project
[info] Project Version: 0.0.1-SNAPSHOT
[info] Plugin is configured to wait for BOM processing to complete
[debug] Error occurred during upload

io.github.pmckeown.dependencytrack.DependencyTrackException: java.net.UnknownHostException: localghost
	at io.github.pmckeown.dependencytrack.upload.UploadBomAction.doUpload(UploadBomAction.java:93)
	at io.github.pmckeown.dependencytrack.upload.UploadBomAction.upload(UploadBomAction.java:49)
	at io.github.pmckeown.dependencytrack.upload.UploadBomMojo.performAction(UploadBomMojo.java:62)
	at io.github.pmckeown.dependencytrack.AbstractDependencyTrackMojo.execute(AbstractDependencyTrackMojo.java:69)
	at io.github.pmckeown.dependencytrack.upload.UploadBomMojoIntegrationTest.thatWhenFailOnErrorIsFalseAFailureToConnectToDependencyTrackDoesNotFailTheBuild(UploadBomMojoIntegrationTest.java:92)
	at sun.reflect.NativeMethodAccessorImpl.invoke0(Native Method)
	at sun.reflect.NativeMethodAccessorImpl.invoke(NativeMethodAccessorImpl.java:62)
	at sun.reflect.DelegatingMethodAccessorImpl.invoke(DelegatingMethodAccessorImpl.java:43)
	at java.lang.reflect.Method.invoke(Method.java:498)
	at org.junit.runners.model.FrameworkMethod$1.runReflectiveCall(FrameworkMethod.java:50)
	at org.junit.internal.runners.model.ReflectiveCallable.run(ReflectiveCallable.java:12)
	at org.junit.runners.model.FrameworkMethod.invokeExplosively(FrameworkMethod.java:47)
	at org.junit.internal.runners.statements.InvokeMethod.evaluate(InvokeMethod.java:17)
	at org.junit.internal.runners.statements.RunBefores.evaluate(RunBefores.java:26)
	at org.apache.maven.plugin.testing.MojoRule$2.evaluate(MojoRule.java:308)
	at com.github.tomakehurst.wiremock.junit.WireMockRule$1.evaluate(WireMockRule.java:73)
	at org.junit.rules.RunRules.evaluate(RunRules.java:20)
	at org.junit.runners.ParentRunner.runLeaf(ParentRunner.java:325)
	at org.junit.runners.BlockJUnit4ClassRunner.runChild(BlockJUnit4ClassRunner.java:78)
	at org.junit.runners.BlockJUnit4ClassRunner.runChild(BlockJUnit4ClassRunner.java:57)
	at org.junit.runners.ParentRunner$3.run(ParentRunner.java:290)
	at org.junit.runners.ParentRunner$1.schedule(ParentRunner.java:71)
	at org.junit.runners.ParentRunner.runChildren(ParentRunner.java:288)
	at org.junit.runners.ParentRunner.access$000(ParentRunner.java:58)
	at org.junit.runners.ParentRunner$2.evaluate(ParentRunner.java:268)
	at org.junit.runners.ParentRunner.run(ParentRunner.java:363)
	at org.apache.maven.surefire.junit4.JUnit4Provider.execute(JUnit4Provider.java:367)
	at org.apache.maven.surefire.junit4.JUnit4Provider.executeWithRerun(JUnit4Provider.java:274)
	at org.apache.maven.surefire.junit4.JUnit4Provider.executeTestSet(JUnit4Provider.java:238)
	at org.apache.maven.surefire.junit4.JUnit4Provider.invoke(JUnit4Provider.java:161)
	at org.apache.maven.surefire.booter.ForkedBooter.invokeProviderInSameClassLoader(ForkedBooter.java:290)
	at org.apache.maven.surefire.booter.ForkedBooter.runSuitesInProcess(ForkedBooter.java:242)
	at org.apache.maven.surefire.booter.ForkedBooter.main(ForkedBooter.java:121)
Caused by: kong.unirest.UnirestException: java.net.UnknownHostException: localghost
	at kong.unirest.apache.ApacheClient.request(ApacheClient.java:134)
	at kong.unirest.BaseRequest.asObject(BaseRequest.java:235)
	at io.github.pmckeown.dependencytrack.upload.BomClient.uploadBom(BomClient.java:53)
	at io.github.pmckeown.dependencytrack.upload.UploadBomAction.doUpload(UploadBomAction.java:80)
	... 32 more
Caused by: java.net.UnknownHostException: localghost
	at java.net.InetAddress.getAllByName0(InetAddress.java:1281)
	at java.net.InetAddress.getAllByName(InetAddress.java:1193)
	at java.net.InetAddress.getAllByName(InetAddress.java:1127)
	at unirest.shaded.org.apache.http.impl.conn.SystemDefaultDnsResolver.resolve(SystemDefaultDnsResolver.java:45)
	at unirest.shaded.org.apache.http.impl.conn.DefaultHttpClientConnectionOperator.connect(DefaultHttpClientConnectionOperator.java:112)
	at unirest.shaded.org.apache.http.impl.conn.PoolingHttpClientConnectionManager.connect(PoolingHttpClientConnectionManager.java:374)
	at unirest.shaded.org.apache.http.impl.execchain.MainClientExec.establishRoute(MainClientExec.java:393)
	at unirest.shaded.org.apache.http.impl.execchain.MainClientExec.execute(MainClientExec.java:236)
	at unirest.shaded.org.apache.http.impl.execchain.ProtocolExec.execute(ProtocolExec.java:186)
	at unirest.shaded.org.apache.http.impl.execchain.RetryExec.execute(RetryExec.java:89)
	at unirest.shaded.org.apache.http.impl.execchain.RedirectExec.execute(RedirectExec.java:110)
	at unirest.shaded.org.apache.http.impl.client.InternalHttpClient.doExecute(InternalHttpClient.java:185)
	at unirest.shaded.org.apache.http.impl.client.CloseableHttpClient.execute(CloseableHttpClient.java:83)
	at unirest.shaded.org.apache.http.impl.client.CloseableHttpClient.execute(CloseableHttpClient.java:108)
	at unirest.shaded.org.apache.http.impl.client.CloseableHttpClient.execute(CloseableHttpClient.java:56)
	at kong.unirest.apache.ApacheClient.request(ApacheClient.java:125)
	... 35 more

[info] Project Name: dependency-track-maven-plugin-test-project
[info] Project Version: 0.0.1-SNAPSHOT
[info] Plugin is configured to wait for BOM processing to complete
[error] Failure integrating with Dependency Track: 200 OK
[debug] Error occurred during upload

io.github.pmckeown.dependencytrack.DependencyTrackException: Failure integrating with Dependency Track: 200 OK
	at io.github.pmckeown.dependencytrack.upload.UploadBomAction.doUpload(UploadBomAction.java:93)
	at io.github.pmckeown.dependencytrack.upload.UploadBomAction.upload(UploadBomAction.java:49)
	at io.github.pmckeown.dependencytrack.upload.UploadBomMojo.performAction(UploadBomMojo.java:62)
	at io.github.pmckeown.dependencytrack.AbstractDependencyTrackMojo.execute(AbstractDependencyTrackMojo.java:69)
	at io.github.pmckeown.dependencytrack.upload.UploadBomMojoIntegrationTest.thatBomCanBeUploadedSuccessfully(UploadBomMojoIntegrationTest.java:47)
	at sun.reflect.NativeMethodAccessorImpl.invoke0(Native Method)
	at sun.reflect.NativeMethodAccessorImpl.invoke(NativeMethodAccessorImpl.java:62)
	at sun.reflect.DelegatingMethodAccessorImpl.invoke(DelegatingMethodAccessorImpl.java:43)
	at java.lang.reflect.Method.invoke(Method.java:498)
	at org.junit.runners.model.FrameworkMethod$1.runReflectiveCall(FrameworkMethod.java:50)
	at org.junit.internal.runners.model.ReflectiveCallable.run(ReflectiveCallable.java:12)
	at org.junit.runners.model.FrameworkMethod.invokeExplosively(FrameworkMethod.java:47)
	at org.junit.internal.runners.statements.InvokeMethod.evaluate(InvokeMethod.java:17)
	at org.junit.internal.runners.statements.RunBefores.evaluate(RunBefores.java:26)
	at org.apache.maven.plugin.testing.MojoRule$2.evaluate(MojoRule.java:308)
	at com.github.tomakehurst.wiremock.junit.WireMockRule$1.evaluate(WireMockRule.java:73)
	at org.junit.rules.RunRules.evaluate(RunRules.java:20)
	at org.junit.runners.ParentRunner.runLeaf(ParentRunner.java:325)
	at org.junit.runners.BlockJUnit4ClassRunner.runChild(BlockJUnit4ClassRunner.java:78)
	at org.junit.runners.BlockJUnit4ClassRunner.runChild(BlockJUnit4ClassRunner.java:57)
	at org.junit.runners.ParentRunner$3.run(ParentRunner.java:290)
	at org.junit.runners.ParentRunner$1.schedule(ParentRunner.java:71)
	at org.junit.runners.ParentRunner.runChildren(ParentRunner.java:288)
	at org.junit.runners.ParentRunner.access$000(ParentRunner.java:58)
	at org.junit.runners.ParentRunner$2.evaluate(ParentRunner.java:268)
	at org.junit.runners.ParentRunner.run(ParentRunner.java:363)
	at org.apache.maven.surefire.junit4.JUnit4Provider.execute(JUnit4Provider.java:367)
	at org.apache.maven.surefire.junit4.JUnit4Provider.executeWithRerun(JUnit4Provider.java:274)
	at org.apache.maven.surefire.junit4.JUnit4Provider.executeTestSet(JUnit4Provider.java:238)
	at org.apache.maven.surefire.junit4.JUnit4Provider.invoke(JUnit4Provider.java:161)
	at org.apache.maven.surefire.booter.ForkedBooter.invokeProviderInSameClassLoader(ForkedBooter.java:290)
	at org.apache.maven.surefire.booter.ForkedBooter.runSuitesInProcess(ForkedBooter.java:242)
	at org.apache.maven.surefire.booter.ForkedBooter.main(ForkedBooter.java:121)
Caused by: io.github.pmckeown.dependencytrack.DependencyTrackException: Failure integrating with Dependency Track: 200 OK
	at io.github.pmckeown.dependencytrack.upload.UploadBomAction.doUpload(UploadBomAction.java:90)
	... 32 more

[info] Project Name: dependency-track-maven-plugin-test-project
[info] Project Version: 0.0.1-SNAPSHOT
[info] Plugin is configured to wait for BOM processing to complete
[debug] Error occurred during upload

io.github.pmckeown.dependencytrack.DependencyTrackException: java.net.UnknownHostException: localghost: Name or service not known
	at io.github.pmckeown.dependencytrack.upload.UploadBomAction.doUpload(UploadBomAction.java:93)
	at io.github.pmckeown.dependencytrack.upload.UploadBomAction.upload(UploadBomAction.java:49)
	at io.github.pmckeown.dependencytrack.upload.UploadBomMojo.performAction(UploadBomMojo.java:62)
	at io.github.pmckeown.dependencytrack.AbstractDependencyTrackMojo.execute(AbstractDependencyTrackMojo.java:69)
	at io.github.pmckeown.dependencytrack.upload.UploadBomMojoIntegrationTest.thatWhenFailOnErrorIsTrueAFailureToConnectToDependencyTrackDoesFailTheBuild(UploadBomMojoIntegrationTest.java:106)
	at sun.reflect.NativeMethodAccessorImpl.invoke0(Native Method)
	at sun.reflect.NativeMethodAccessorImpl.invoke(NativeMethodAccessorImpl.java:62)
	at sun.reflect.DelegatingMethodAccessorImpl.invoke(DelegatingMethodAccessorImpl.java:43)
	at java.lang.reflect.Method.invoke(Method.java:498)
	at org.junit.runners.model.FrameworkMethod$1.runReflectiveCall(FrameworkMethod.java:50)
	at org.junit.internal.runners.model.ReflectiveCallable.run(ReflectiveCallable.java:12)
	at org.junit.runners.model.FrameworkMethod.invokeExplosively(FrameworkMethod.java:47)
	at org.junit.internal.runners.statements.InvokeMethod.evaluate(InvokeMethod.java:17)
	at org.junit.internal.runners.statements.RunBefores.evaluate(RunBefores.java:26)
	at org.apache.maven.plugin.testing.MojoRule$2.evaluate(MojoRule.java:308)
	at com.github.tomakehurst.wiremock.junit.WireMockRule$1.evaluate(WireMockRule.java:73)
	at org.junit.rules.RunRules.evaluate(RunRules.java:20)
	at org.junit.runners.ParentRunner.runLeaf(ParentRunner.java:325)
	at org.junit.runners.BlockJUnit4ClassRunner.runChild(BlockJUnit4ClassRunner.java:78)
	at org.junit.runners.BlockJUnit4ClassRunner.runChild(BlockJUnit4ClassRunner.java:57)
	at org.junit.runners.ParentRunner$3.run(ParentRunner.java:290)
	at org.junit.runners.ParentRunner$1.schedule(ParentRunner.java:71)
	at org.junit.runners.ParentRunner.runChildren(ParentRunner.java:288)
	at org.junit.runners.ParentRunner.access$000(ParentRunner.java:58)
	at org.junit.runners.ParentRunner$2.evaluate(ParentRunner.java:268)
	at org.junit.runners.ParentRunner.run(ParentRunner.java:363)
	at org.apache.maven.surefire.junit4.JUnit4Provider.execute(JUnit4Provider.java:367)
	at org.apache.maven.surefire.junit4.JUnit4Provider.executeWithRerun(JUnit4Provider.java:274)
	at org.apache.maven.surefire.junit4.JUnit4Provider.executeTestSet(JUnit4Provider.java:238)
	at org.apache.maven.surefire.junit4.JUnit4Provider.invoke(JUnit4Provider.java:161)
	at org.apache.maven.surefire.booter.ForkedBooter.invokeProviderInSameClassLoader(ForkedBooter.java:290)
	at org.apache.maven.surefire.booter.ForkedBooter.runSuitesInProcess(ForkedBooter.java:242)
	at org.apache.maven.surefire.booter.ForkedBooter.main(ForkedBooter.java:121)
Caused by: kong.unirest.UnirestException: java.net.UnknownHostException: localghost: Name or service not known
	at kong.unirest.apache.ApacheClient.request(ApacheClient.java:134)
	at kong.unirest.BaseRequest.asObject(BaseRequest.java:235)
	at io.github.pmckeown.dependencytrack.upload.BomClient.uploadBom(BomClient.java:53)
	at io.github.pmckeown.dependencytrack.upload.UploadBomAction.doUpload(UploadBomAction.java:80)
	... 32 more
Caused by: java.net.UnknownHostException: localghost: Name or service not known
	at java.net.Inet4AddressImpl.lookupAllHostAddr(Native Method)
	at java.net.InetAddress$2.lookupAllHostAddr(InetAddress.java:929)
	at java.net.InetAddress.getAddressesFromNameService(InetAddress.java:1324)
	at java.net.InetAddress.getAllByName0(InetAddress.java:1277)
	at java.net.InetAddress.getAllByName(InetAddress.java:1193)
	at java.net.InetAddress.getAllByName(InetAddress.java:1127)
	at unirest.shaded.org.apache.http.impl.conn.SystemDefaultDnsResolver.resolve(SystemDefaultDnsResolver.java:45)
	at unirest.shaded.org.apache.http.impl.conn.DefaultHttpClientConnectionOperator.connect(DefaultHttpClientConnectionOperator.java:112)
	at unirest.shaded.org.apache.http.impl.conn.PoolingHttpClientConnectionManager.connect(PoolingHttpClientConnectionManager.java:374)
	at unirest.shaded.org.apache.http.impl.execchain.MainClientExec.establishRoute(MainClientExec.java:393)
	at unirest.shaded.org.apache.http.impl.execchain.MainClientExec.execute(MainClientExec.java:236)
	at unirest.shaded.org.apache.http.impl.execchain.ProtocolExec.execute(ProtocolExec.java:186)
	at unirest.shaded.org.apache.http.impl.execchain.RetryExec.execute(RetryExec.java:89)
	at unirest.shaded.org.apache.http.impl.execchain.RedirectExec.execute(RedirectExec.java:110)
	at unirest.shaded.org.apache.http.impl.client.InternalHttpClient.doExecute(InternalHttpClient.java:185)
	at unirest.shaded.org.apache.http.impl.client.CloseableHttpClient.execute(CloseableHttpClient.java:83)
	at unirest.shaded.org.apache.http.impl.client.CloseableHttpClient.execute(CloseableHttpClient.java:108)
	at unirest.shaded.org.apache.http.impl.client.CloseableHttpClient.execute(CloseableHttpClient.java:56)
	at kong.unirest.apache.ApacheClient.request(ApacheClient.java:125)
	... 35 more

[info] Project Name: dependency-track-maven-plugin-test-project
[info] Project Version: 0.0.1-SNAPSHOT
[info] Plugin is configured to wait for BOM processing to complete
[error] Failure integrating with Dependency Track: 200 OK
[debug] Error occurred during upload

io.github.pmckeown.dependencytrack.DependencyTrackException: Failure integrating with Dependency Track: 200 OK
	at io.github.pmckeown.dependencytrack.upload.UploadBomAction.doUpload(UploadBomAction.java:93)
	at io.github.pmckeown.dependencytrack.upload.UploadBomAction.upload(UploadBomAction.java:49)
	at io.github.pmckeown.dependencytrack.upload.UploadBomMojo.performAction(UploadBomMojo.java:62)
	at io.github.pmckeown.dependencytrack.AbstractDependencyTrackMojo.execute(AbstractDependencyTrackMojo.java:69)
	at io.github.pmckeown.dependencytrack.upload.UploadBomMojoIntegrationTest.thatProjectNameDefaultsToArtifactId(UploadBomMojoIntegrationTest.java:135)
	at sun.reflect.NativeMethodAccessorImpl.invoke0(Native Method)
	at sun.reflect.NativeMethodAccessorImpl.invoke(NativeMethodAccessorImpl.java:62)
	at sun.reflect.DelegatingMethodAccessorImpl.invoke(DelegatingMethodAccessorImpl.java:43)
	at java.lang.reflect.Method.invoke(Method.java:498)
	at org.junit.runners.model.FrameworkMethod$1.runReflectiveCall(FrameworkMethod.java:50)
	at org.junit.internal.runners.model.ReflectiveCallable.run(ReflectiveCallable.java:12)
	at org.junit.runners.model.FrameworkMethod.invokeExplosively(FrameworkMethod.java:47)
	at org.junit.internal.runners.statements.InvokeMethod.evaluate(InvokeMethod.java:17)
	at org.junit.internal.runners.statements.RunBefores.evaluate(RunBefores.java:26)
	at org.apache.maven.plugin.testing.MojoRule$2.evaluate(MojoRule.java:308)
	at com.github.tomakehurst.wiremock.junit.WireMockRule$1.evaluate(WireMockRule.java:73)
	at org.junit.rules.RunRules.evaluate(RunRules.java:20)
	at org.junit.runners.ParentRunner.runLeaf(ParentRunner.java:325)
	at org.junit.runners.BlockJUnit4ClassRunner.runChild(BlockJUnit4ClassRunner.java:78)
	at org.junit.runners.BlockJUnit4ClassRunner.runChild(BlockJUnit4ClassRunner.java:57)
	at org.junit.runners.ParentRunner$3.run(ParentRunner.java:290)
	at org.junit.runners.ParentRunner$1.schedule(ParentRunner.java:71)
	at org.junit.runners.ParentRunner.runChildren(ParentRunner.java:288)
	at org.junit.runners.ParentRunner.access$000(ParentRunner.java:58)
	at org.junit.runners.ParentRunner$2.evaluate(ParentRunner.java:268)
	at org.junit.runners.ParentRunner.run(ParentRunner.java:363)
	at org.apache.maven.surefire.junit4.JUnit4Provider.execute(JUnit4Provider.java:367)
	at org.apache.maven.surefire.junit4.JUnit4Provider.executeWithRerun(JUnit4Provider.java:274)
	at org.apache.maven.surefire.junit4.JUnit4Provider.executeTestSet(JUnit4Provider.java:238)
	at org.apache.maven.surefire.junit4.JUnit4Provider.invoke(JUnit4Provider.java:161)
	at org.apache.maven.surefire.booter.ForkedBooter.invokeProviderInSameClassLoader(ForkedBooter.java:290)
	at org.apache.maven.surefire.booter.ForkedBooter.runSuitesInProcess(ForkedBooter.java:242)
	at org.apache.maven.surefire.booter.ForkedBooter.main(ForkedBooter.java:121)
Caused by: io.github.pmckeown.dependencytrack.DependencyTrackException: Failure integrating with Dependency Track: 200 OK
	at io.github.pmckeown.dependencytrack.upload.UploadBomAction.doUpload(UploadBomAction.java:90)
	... 32 more

[info] Project Name: test-project
[info] Project Version: 0.0.1-SNAPSHOT
[info] Plugin is configured to wait for BOM processing to complete
[error] Failure integrating with Dependency Track: 200 OK
[debug] Error occurred during upload

io.github.pmckeown.dependencytrack.DependencyTrackException: Failure integrating with Dependency Track: 200 OK
	at io.github.pmckeown.dependencytrack.upload.UploadBomAction.doUpload(UploadBomAction.java:93)
	at io.github.pmckeown.dependencytrack.upload.UploadBomAction.upload(UploadBomAction.java:49)
	at io.github.pmckeown.dependencytrack.upload.UploadBomMojo.performAction(UploadBomMojo.java:62)
	at io.github.pmckeown.dependencytrack.AbstractDependencyTrackMojo.execute(AbstractDependencyTrackMojo.java:69)
	at io.github.pmckeown.dependencytrack.upload.UploadBomMojoIntegrationTest.thatProjectNameCanBeProvided(UploadBomMojoIntegrationTest.java:121)
	at sun.reflect.NativeMethodAccessorImpl.invoke0(Native Method)
	at sun.reflect.NativeMethodAccessorImpl.invoke(NativeMethodAccessorImpl.java:62)
	at sun.reflect.DelegatingMethodAccessorImpl.invoke(DelegatingMethodAccessorImpl.java:43)
	at java.lang.reflect.Method.invoke(Method.java:498)
	at org.junit.runners.model.FrameworkMethod$1.runReflectiveCall(FrameworkMethod.java:50)
	at org.junit.internal.runners.model.ReflectiveCallable.run(ReflectiveCallable.java:12)
	at org.junit.runners.model.FrameworkMethod.invokeExplosively(FrameworkMethod.java:47)
	at org.junit.internal.runners.statements.InvokeMethod.evaluate(InvokeMethod.java:17)
	at org.junit.internal.runners.statements.RunBefores.evaluate(RunBefores.java:26)
	at org.apache.maven.plugin.testing.MojoRule$2.evaluate(MojoRule.java:308)
	at com.github.tomakehurst.wiremock.junit.WireMockRule$1.evaluate(WireMockRule.java:73)
	at org.junit.rules.RunRules.evaluate(RunRules.java:20)
	at org.junit.runners.ParentRunner.runLeaf(ParentRunner.java:325)
	at org.junit.runners.BlockJUnit4ClassRunner.runChild(BlockJUnit4ClassRunner.java:78)
	at org.junit.runners.BlockJUnit4ClassRunner.runChild(BlockJUnit4ClassRunner.java:57)
	at org.junit.runners.ParentRunner$3.run(ParentRunner.java:290)
	at org.junit.runners.ParentRunner$1.schedule(ParentRunner.java:71)
	at org.junit.runners.ParentRunner.runChildren(ParentRunner.java:288)
	at org.junit.runners.ParentRunner.access$000(ParentRunner.java:58)
	at org.junit.runners.ParentRunner$2.evaluate(ParentRunner.java:268)
	at org.junit.runners.ParentRunner.run(ParentRunner.java:363)
	at org.apache.maven.surefire.junit4.JUnit4Provider.execute(JUnit4Provider.java:367)
	at org.apache.maven.surefire.junit4.JUnit4Provider.executeWithRerun(JUnit4Provider.java:274)
	at org.apache.maven.surefire.junit4.JUnit4Provider.executeTestSet(JUnit4Provider.java:238)
	at org.apache.maven.surefire.junit4.JUnit4Provider.invoke(JUnit4Provider.java:161)
	at org.apache.maven.surefire.booter.ForkedBooter.invokeProviderInSameClassLoader(ForkedBooter.java:290)
	at org.apache.maven.surefire.booter.ForkedBooter.runSuitesInProcess(ForkedBooter.java:242)
	at org.apache.maven.surefire.booter.ForkedBooter.main(ForkedBooter.java:121)
Caused by: io.github.pmckeown.dependencytrack.DependencyTrackException: Failure integrating with Dependency Track: 200 OK
	at io.github.pmckeown.dependencytrack.upload.UploadBomAction.doUpload(UploadBomAction.java:90)
	... 32 more

Tests run: 9, Failures: 0, Errors: 0, Skipped: 0, Time elapsed: 2.879 sec - in io.github.pmckeown.dependencytrack.upload.UploadBomMojoIntegrationTest
Running io.github.pmckeown.dependencytrack.upload.UploadBomMojoTest
Tests run: 1, Failures: 0, Errors: 0, Skipped: 0, Time elapsed: 0.712 sec - in io.github.pmckeown.dependencytrack.upload.UploadBomMojoTest
Running io.github.pmckeown.dependencytrack.upload.UploadBomActionTest
Tests run: 5, Failures: 0, Errors: 0, Skipped: 0, Time elapsed: 0.045 sec - in io.github.pmckeown.dependencytrack.upload.UploadBomActionTest
Running io.github.pmckeown.dependencytrack.PollingConfigTest
Tests run: 2, Failures: 0, Errors: 0, Skipped: 0, Time elapsed: 0.001 sec - in io.github.pmckeown.dependencytrack.PollingConfigTest
Running io.github.pmckeown.dependencytrack.metrics.MetricsActionTest
Tests run: 6, Failures: 0, Errors: 0, Skipped: 0, Time elapsed: 0.03 sec - in io.github.pmckeown.dependencytrack.metrics.MetricsActionTest
Running io.github.pmckeown.dependencytrack.metrics.MetricsClientTest
Tests run: 2, Failures: 0, Errors: 0, Skipped: 0, Time elapsed: 0.227 sec - in io.github.pmckeown.dependencytrack.metrics.MetricsClientTest
Running io.github.pmckeown.dependencytrack.metrics.MetricsPrinterTest
Tests run: 15, Failures: 0, Errors: 0, Skipped: 0, Time elapsed: 0.185 sec - in io.github.pmckeown.dependencytrack.metrics.MetricsPrinterTest
Running io.github.pmckeown.dependencytrack.metrics.MetricsAnalyserTest
Tests run: 6, Failures: 0, Errors: 0, Skipped: 0, Time elapsed: 0.008 sec - in io.github.pmckeown.dependencytrack.metrics.MetricsAnalyserTest
Running io.github.pmckeown.dependencytrack.metrics.MetricsMojoIntegrationTest
[info] ========================================================================
[info]                             Metric | Value
[info] ========================================================================
[info]               Inherited Risk Score | 0
[info]                           Critical | 101
[info]                               High | 201
[info]                             Medium | 301
[info]                                Low | 401
[info]                         Unassigned | 501
[info]                    Vulnerabilities | 0
[info]              Vulnerable Components | 0
[info]                         Components | 0
[info]                         Suppressed | 0
[info]                     Findings Total | 0
[info]                   Findings Audited | 0
[info]                 Findings Unaudited | 0
[info]                   First Occurrence | 2020-07-30T21:39:09.437Z
[info]                    Last Occurrence | 2020-07-30T21:39:09.437Z
[info] ========================================================================
[info] Comparing project metrics against defined thresholds
[warn] Number of Critical issues [101] exceeds the maximum allowed [100]
[warn] Number of High issues [201] exceeds the maximum allowed [200]
[warn] Number of Medium issues [301] exceeds the maximum allowed [300]
[warn] Number of Low issues [401] exceeds the maximum allowed [400]
[warn] Number of Unassigned issues [501] exceeds the maximum allowed [500]
[info] ========================================================================
[info]                             Metric | Value
[info] ========================================================================
[info]               Inherited Risk Score | 3
[info]                           Critical | 0
[info]                               High | 0
[info]                             Medium | 1
[info]                                Low | 0
[info]                         Unassigned | 0
[info]                    Vulnerabilities | 1
[info]              Vulnerable Components | 1
[info]                         Components | 151
[info]                         Suppressed | 0
[info]                     Findings Total | 1
[info]                   Findings Audited | 0
[info]                 Findings Unaudited | 1
[info]                   First Occurrence | 2019-07-04T06:57:56.643Z
[info]                    Last Occurrence | 2019-07-04T06:57:56.643Z
[info] ========================================================================
[info] Polling for metrics from the Dependency-Track server
[info] ========================================================================
[info]                             Metric | Value
[info] ========================================================================
[info]               Inherited Risk Score | 3
[info]                           Critical | 0
[info]                               High | 0
[info]                             Medium | 1
[info]                                Low | 0
[info]                         Unassigned | 0
[info]                    Vulnerabilities | 1
[info]              Vulnerable Components | 1
[info]                         Components | 151
[info]                         Suppressed | 0
[info]                     Findings Total | 1
[info]                   Findings Audited | 0
[info]                 Findings Unaudited | 1
[info]                   First Occurrence | 2019-07-04T06:56:55.567Z
[info]                    Last Occurrence | 2019-07-04T06:56:55.567Z
[info] ========================================================================
[info] Polling for metrics from the Dependency-Track server
[error] Call 'io.github.pmckeown.dependencytrack.metrics.MetricsAction$$Lambda$40/1519470102@2e09f05c' failed after 1 tries!
[debug] Failed to get Metrics for project: 8977c66f-b310-45b5-bb6a-e63e9eb7c4ce

io.github.pmckeown.dependencytrack.DependencyTrackException: Failed to get Metrics for project: 8977c66f-b310-45b5-bb6a-e63e9eb7c4ce
	at io.github.pmckeown.dependencytrack.metrics.MetricsAction.getMetrics(MetricsAction.java:43)
	at io.github.pmckeown.dependencytrack.metrics.MetricsMojo.getMetrics(MetricsMojo.java:96)
	at io.github.pmckeown.dependencytrack.metrics.MetricsMojo.performAction(MetricsMojo.java:81)
	at io.github.pmckeown.dependencytrack.AbstractDependencyTrackMojo.execute(AbstractDependencyTrackMojo.java:69)
	at io.github.pmckeown.dependencytrack.metrics.MetricsMojoIntegrationTest.thatExceptionIsThrownWhenMetricsCannotBeRetrievedForCurrentProject(MetricsMojoIntegrationTest.java:84)
	at sun.reflect.NativeMethodAccessorImpl.invoke0(Native Method)
	at sun.reflect.NativeMethodAccessorImpl.invoke(NativeMethodAccessorImpl.java:62)
	at sun.reflect.DelegatingMethodAccessorImpl.invoke(DelegatingMethodAccessorImpl.java:43)
	at java.lang.reflect.Method.invoke(Method.java:498)
	at org.junit.runners.model.FrameworkMethod$1.runReflectiveCall(FrameworkMethod.java:50)
	at org.junit.internal.runners.model.ReflectiveCallable.run(ReflectiveCallable.java:12)
	at org.junit.runners.model.FrameworkMethod.invokeExplosively(FrameworkMethod.java:47)
	at org.junit.internal.runners.statements.InvokeMethod.evaluate(InvokeMethod.java:17)
	at org.junit.internal.runners.statements.RunBefores.evaluate(RunBefores.java:26)
	at org.apache.maven.plugin.testing.MojoRule$2.evaluate(MojoRule.java:308)
	at com.github.tomakehurst.wiremock.junit.WireMockRule$1.evaluate(WireMockRule.java:73)
	at org.junit.rules.RunRules.evaluate(RunRules.java:20)
	at org.junit.runners.ParentRunner.runLeaf(ParentRunner.java:325)
	at org.junit.runners.BlockJUnit4ClassRunner.runChild(BlockJUnit4ClassRunner.java:78)
	at org.junit.runners.BlockJUnit4ClassRunner.runChild(BlockJUnit4ClassRunner.java:57)
	at org.junit.runners.ParentRunner$3.run(ParentRunner.java:290)
	at org.junit.runners.ParentRunner$1.schedule(ParentRunner.java:71)
	at org.junit.runners.ParentRunner.runChildren(ParentRunner.java:288)
	at org.junit.runners.ParentRunner.access$000(ParentRunner.java:58)
	at org.junit.runners.ParentRunner$2.evaluate(ParentRunner.java:268)
	at org.junit.runners.ParentRunner.run(ParentRunner.java:363)
	at org.apache.maven.surefire.junit4.JUnit4Provider.execute(JUnit4Provider.java:367)
	at org.apache.maven.surefire.junit4.JUnit4Provider.executeWithRerun(JUnit4Provider.java:274)
	at org.apache.maven.surefire.junit4.JUnit4Provider.executeTestSet(JUnit4Provider.java:238)
	at org.apache.maven.surefire.junit4.JUnit4Provider.invoke(JUnit4Provider.java:161)
	at org.apache.maven.surefire.booter.ForkedBooter.invokeProviderInSameClassLoader(ForkedBooter.java:290)
	at org.apache.maven.surefire.booter.ForkedBooter.runSuitesInProcess(ForkedBooter.java:242)
	at org.apache.maven.surefire.booter.ForkedBooter.main(ForkedBooter.java:121)

Tests run: 4, Failures: 0, Errors: 0, Skipped: 0, Time elapsed: 0.957 sec - in io.github.pmckeown.dependencytrack.metrics.MetricsMojoIntegrationTest
Running io.github.pmckeown.util.BomEncoderTest
Tests run: 2, Failures: 0, Errors: 0, Skipped: 0, Time elapsed: 0.034 sec - in io.github.pmckeown.util.BomEncoderTest
Running io.github.pmckeown.util.LoggerTest
Tests run: 9, Failures: 0, Errors: 0, Skipped: 0, Time elapsed: 0.024 sec - in io.github.pmckeown.util.LoggerTest

Results :

Tests run: 148, Failures: 0, Errors: 0, Skipped: 0

[INFO] 
[INFO] --- jacoco-maven-plugin:0.8.5:report (report) @ dependency-track-maven-plugin ---
[INFO] Loading execution data file /tmp/tmpw8r5p79w/dependency-track-maven-plugin/target/jacoco.exec
[INFO] Analyzed bundle 'Dependency Track Maven Plugin' with 299 classes
[INFO] ------------------------------------------------------------------------
[INFO] BUILD SUCCESS
[INFO] ------------------------------------------------------------------------
[INFO] Total time:  55.483 s
[INFO] Finished at: 2020-07-30T21:39:12Z
[INFO] ------------------------------------------------------------------------
