[INFO] Error stacktraces are turned on.
[INFO] Scanning for projects...
[INFO] 
[INFO] ------------------< com.github.mjeanroy:dbunit-plus >-------------------
[INFO] Building dbunit-plus 2.0.2-SNAPSHOT
[INFO] --------------------------------[ jar ]---------------------------------
[WARNING] Could not validate integrity of download from file:///tmp/tmp7mchbbea/dbunit-plus/test-repo/com/github/mjeanroy/dbunit-dataset/0.1.0/dbunit-dataset-0.1.0.pom: Checksum validation failed, no checksums available
[WARNING] Could not validate integrity of download from file:///tmp/tmp7mchbbea/dbunit-plus/test-repo/com/github/mjeanroy/dbunit-dataset/0.1.0/dbunit-dataset-0.1.0.jar: Checksum validation failed, no checksums available
[INFO] 
[INFO] --- maven-enforcer-plugin:1.4.1:enforce (enforce-maven) @ dbunit-plus ---
[INFO] 
[INFO] --- jacoco-maven-plugin:0.8.5:prepare-agent (default) @ dbunit-plus ---
[INFO] argLine set to -javaagent:/home/jdbl/.m2/repository/org/jacoco/org.jacoco.agent/0.8.5/org.jacoco.agent-0.8.5-runtime.jar=destfile=/tmp/tmp7mchbbea/dbunit-plus/target/jacoco.exec
[INFO] 
[INFO] --- maven-resources-plugin:3.1.0:resources (default-resources) @ dbunit-plus ---
[INFO] Using 'UTF-8' encoding to copy filtered resources.
[INFO] skip non existing resourceDirectory /tmp/tmp7mchbbea/dbunit-plus/src/main/resources
[INFO] 
[INFO] --- maven-compiler-plugin:3.8.1:compile (default-compile) @ dbunit-plus ---
[INFO] Changes detected - recompiling the module!
[INFO] Compiling 140 source files to /tmp/tmp7mchbbea/dbunit-plus/target/classes
[INFO] 
[INFO] --- maven-resources-plugin:3.1.0:testResources (default-testResources) @ dbunit-plus ---
[INFO] Using 'UTF-8' encoding to copy filtered resources.
[INFO] Copying 19 resources
[INFO] 
[INFO] --- maven-compiler-plugin:3.8.1:testCompile (default-testCompile) @ dbunit-plus ---
[INFO] Changes detected - recompiling the module!
[INFO] Compiling 166 source files to /tmp/tmp7mchbbea/dbunit-plus/target/test-classes
[INFO] 
[INFO] --- maven-surefire-plugin:2.19.1:test (default-test) @ dbunit-plus ---
[INFO] Surefire report directory: /tmp/tmp7mchbbea/dbunit-plus/target/surefire-reports

-------------------------------------------------------
 T E S T S
-------------------------------------------------------
Running com.github.mjeanroy.dbunit.it.junit4.EmbeddedDatabaseRuleITest
Tests run: 2, Failures: 0, Errors: 0, Skipped: 0, Time elapsed: 1.482 sec - in com.github.mjeanroy.dbunit.it.junit4.EmbeddedDatabaseRuleITest
Running com.github.mjeanroy.dbunit.it.junit4.DbUnitColumnSensingITest
Tests run: 3, Failures: 0, Errors: 0, Skipped: 0, Time elapsed: 0.755 sec - in com.github.mjeanroy.dbunit.it.junit4.DbUnitColumnSensingITest
Running com.github.mjeanroy.dbunit.it.junit4.DbUnitRunnerITest
Tests run: 2, Failures: 0, Errors: 0, Skipped: 0, Time elapsed: 0.034 sec - in com.github.mjeanroy.dbunit.it.junit4.DbUnitRunnerITest
Running com.github.mjeanroy.dbunit.it.junit4.DbUnitExternalJarITest
Tests run: 1, Failures: 0, Errors: 0, Skipped: 0, Time elapsed: 0.097 sec - in com.github.mjeanroy.dbunit.it.junit4.DbUnitExternalJarITest
Running com.github.mjeanroy.dbunit.it.junit4.DbUnitRunnerWithInheritableDatasetITest
Tests run: 2, Failures: 0, Errors: 0, Skipped: 0, Time elapsed: 0.059 sec - in com.github.mjeanroy.dbunit.it.junit4.DbUnitRunnerWithInheritableDatasetITest
Running com.github.mjeanroy.dbunit.it.junit4.DbUnitRuleITest
Tests run: 2, Failures: 0, Errors: 0, Skipped: 0, Time elapsed: 0.075 sec - in com.github.mjeanroy.dbunit.it.junit4.DbUnitRuleITest
Running com.github.mjeanroy.dbunit.it.junit4.DbUnitEmbeddedDatabaseRuleITest
Tests run: 2, Failures: 0, Errors: 0, Skipped: 0, Time elapsed: 0.052 sec - in com.github.mjeanroy.dbunit.it.junit4.DbUnitEmbeddedDatabaseRuleITest
Running com.github.mjeanroy.dbunit.it.junit4.DbUnitRunnerWithDataSetOnMethodsITest
Tests run: 3, Failures: 0, Errors: 0, Skipped: 0, Time elapsed: 0.11 sec - in com.github.mjeanroy.dbunit.it.junit4.DbUnitRunnerWithDataSetOnMethodsITest
Running com.github.mjeanroy.dbunit.it.junit4.DbUnitRuleWithDefaultConnectionFactoryITest
Tests run: 2, Failures: 0, Errors: 0, Skipped: 0, Time elapsed: 0.073 sec - in com.github.mjeanroy.dbunit.it.junit4.DbUnitRuleWithDefaultConnectionFactoryITest
Running com.github.mjeanroy.dbunit.it.junit4.EmbeddedDatabaseClassRuleITest
Tests run: 2, Failures: 0, Errors: 0, Skipped: 0, Time elapsed: 0.021 sec - in com.github.mjeanroy.dbunit.it.junit4.EmbeddedDatabaseClassRuleITest
Running com.github.mjeanroy.dbunit.it.junit4.DbUnitRuleWithQualifiedTableNameITest
Tests run: 1, Failures: 0, Errors: 0, Skipped: 0, Time elapsed: 0.051 sec - in com.github.mjeanroy.dbunit.it.junit4.DbUnitRuleWithQualifiedTableNameITest
Running com.github.mjeanroy.dbunit.it.junit4.DbUnitRuleChildITest
Tests run: 3, Failures: 0, Errors: 0, Skipped: 0, Time elapsed: 0.079 sec - in com.github.mjeanroy.dbunit.it.junit4.DbUnitRuleChildITest
Running com.github.mjeanroy.dbunit.it.junit4.DbUnitLiquibaseRuleITest
Tests run: 2, Failures: 0, Errors: 0, Skipped: 0, Time elapsed: 2.004 sec - in com.github.mjeanroy.dbunit.it.junit4.DbUnitLiquibaseRuleITest
Running com.github.mjeanroy.dbunit.it.junit4.DbUnitSpringITest
Tests run: 2, Failures: 0, Errors: 0, Skipped: 0, Time elapsed: 0.499 sec - in com.github.mjeanroy.dbunit.it.junit4.DbUnitSpringITest
Running com.github.mjeanroy.dbunit.it.junit4.DbUnitClassRuleITest
Tests run: 1, Failures: 0, Errors: 0, Skipped: 0, Time elapsed: 0.034 sec - in com.github.mjeanroy.dbunit.it.junit4.DbUnitClassRuleITest
Running com.github.mjeanroy.dbunit.it.junit4.DbUnitRunnerWithQualifiedTableNameITest
Tests run: 1, Failures: 0, Errors: 0, Skipped: 0, Time elapsed: 0.033 sec - in com.github.mjeanroy.dbunit.it.junit4.DbUnitRunnerWithQualifiedTableNameITest

Results :

Tests run: 31, Failures: 0, Errors: 0, Skipped: 0

[INFO] 
[INFO] --- jacoco-maven-plugin:0.8.5:report (report) @ dbunit-plus ---
[INFO] Loading execution data file /tmp/tmp7mchbbea/dbunit-plus/target/jacoco.exec
[INFO] Analyzed bundle 'dbunit-plus' with 3847 classes
[INFO] ------------------------------------------------------------------------
[INFO] BUILD SUCCESS
[INFO] ------------------------------------------------------------------------
[INFO] Total time:  40.000 s
[INFO] Finished at: 2020-07-30T23:01:47Z
[INFO] ------------------------------------------------------------------------
