[INFO] Error stacktraces are turned on.
[INFO] Scanning for projects...
[INFO] Inspecting build with total of 1 modules...
[INFO] Installing Nexus Staging features:
[INFO]   ... total of 1 executions of maven-deploy-plugin replaced with nexus-staging-maven-plugin
[INFO] 
[INFO] -----------------< com.github.davidmoten:rxjava-file >------------------
[INFO] Building rxjava-file 0.4.8-SNAPSHOT
[INFO] --------------------------------[ jar ]---------------------------------
[INFO] 
[INFO] --- jacoco-maven-plugin:0.8.5:prepare-agent (default) @ rxjava-file ---
[INFO] argLine set to -javaagent:/home/jdbl/.m2/repository/org/jacoco/org.jacoco.agent/0.8.5/org.jacoco.agent-0.8.5-runtime.jar=destfile=/tmp/tmp_mn3k55s/rxjava-file/target/jacoco.exec
[INFO] 
[INFO] --- maven-resources-plugin:2.6:resources (default-resources) @ rxjava-file ---
[INFO] Using 'UTF-8' encoding to copy filtered resources.
[INFO] skip non existing resourceDirectory /tmp/tmp_mn3k55s/rxjava-file/src/main/resources
[INFO] 
[INFO] --- maven-compiler-plugin:3.3:compile (default-compile) @ rxjava-file ---
[INFO] Changes detected - recompiling the module!
[INFO] Compiling 3 source files to /tmp/tmp_mn3k55s/rxjava-file/target/classes
[INFO] /tmp/tmp_mn3k55s/rxjava-file/src/main/java/com/github/davidmoten/rx/FileObservable.java: /tmp/tmp_mn3k55s/rxjava-file/src/main/java/com/github/davidmoten/rx/FileObservable.java uses or overrides a deprecated API.
[INFO] /tmp/tmp_mn3k55s/rxjava-file/src/main/java/com/github/davidmoten/rx/FileObservable.java: Recompile with -Xlint:deprecation for details.
[INFO] 
[INFO] --- maven-resources-plugin:2.6:testResources (default-testResources) @ rxjava-file ---
[INFO] Using 'UTF-8' encoding to copy filtered resources.
[INFO] skip non existing resourceDirectory /tmp/tmp_mn3k55s/rxjava-file/src/test/resources
[INFO] 
[INFO] --- maven-compiler-plugin:3.3:testCompile (default-testCompile) @ rxjava-file ---
[INFO] Changes detected - recompiling the module!
[INFO] Compiling 3 source files to /tmp/tmp_mn3k55s/rxjava-file/target/test-classes
[INFO] 
[INFO] --- maven-surefire-plugin:2.19.1:test (default-test) @ rxjava-file ---
[INFO] Surefire report directory: /tmp/tmp_mn3k55s/rxjava-file/target/surefire-reports

-------------------------------------------------------
 T E S T S
-------------------------------------------------------
Running com.github.davidmoten.rx.FileObservableTest
received: 'a0'
received: 'a1'
received: 'a2'
event=sun.nio.fs.AbstractWatchKey$Event@117744d0
event=sun.nio.fs.AbstractWatchKey$Event@19b80f62
event=sun.nio.fs.AbstractWatchKey$Event@2cf8a700
event=sun.nio.fs.AbstractWatchKey$Event@223f4cef
line 2
received: 'a0'
received: 'a1'
received: 'a2'
event=sun.nio.fs.AbstractWatchKey$Event@778f3a48
event=sun.nio.fs.AbstractWatchKey$Event@7948dac9
line 2
line 3
Tests run: 8, Failures: 0, Errors: 0, Skipped: 0, Time elapsed: 9.12 sec - in com.github.davidmoten.rx.FileObservableTest
Running com.github.davidmoten.rx.SampleTest
Tests run: 1, Failures: 0, Errors: 0, Skipped: 0, Time elapsed: 0.251 sec - in com.github.davidmoten.rx.SampleTest
Running com.github.davidmoten.rx.internal.operators.OperatorFileTailerTest
Tests run: 1, Failures: 0, Errors: 0, Skipped: 0, Time elapsed: 0.001 sec - in com.github.davidmoten.rx.internal.operators.OperatorFileTailerTest

Results :

Tests run: 10, Failures: 0, Errors: 0, Skipped: 0

[INFO] 
[INFO] --- jacoco-maven-plugin:0.8.5:report (report) @ rxjava-file ---
[INFO] Loading execution data file /tmp/tmp_mn3k55s/rxjava-file/target/jacoco.exec
[INFO] Analyzed bundle 'rxjava-file' with 28 classes
[INFO] ------------------------------------------------------------------------
[INFO] BUILD SUCCESS
[INFO] ------------------------------------------------------------------------
[INFO] Total time:  16.954 s
[INFO] Finished at: 2020-07-30T15:51:34Z
[INFO] ------------------------------------------------------------------------
