[INFO] Error stacktraces are turned on.
[INFO] Scanning for projects...
[WARNING] The project org.apache.commons:commons-dbcp2:jar:2.2.0 uses prerequisites which is only intended for maven-plugin projects but not for non maven-plugin projects. For such purposes you should use the maven-enforcer-plugin. See https://maven.apache.org/enforcer/enforcer-rules/requireMavenVersion.html
[INFO] 
[INFO] ------------------< org.apache.commons:commons-dbcp2 >------------------
[INFO] Building Apache Commons DBCP 2.2.0
[INFO] --------------------------------[ jar ]---------------------------------
[INFO] 
[INFO] --- maven-enforcer-plugin:1.4.1:enforce (enforce-maven-3) @ commons-dbcp2 ---
[INFO] 
[INFO] --- build-helper-maven-plugin:1.10:parse-version (parse-version) @ commons-dbcp2 ---
[INFO] 
[INFO] --- maven-antrun-plugin:1.8:run (javadoc.resources) @ commons-dbcp2 ---
[INFO] Executing tasks

main:
     [copy] Copying 2 files to /tmp/tmpfy5p7a29/commons-dbcp/target/apidocs/META-INF
[INFO] Executed tasks
[INFO] 
[INFO] --- maven-remote-resources-plugin:1.5:process (process-resource-bundles) @ commons-dbcp2 ---
[INFO] 
[INFO] --- buildnumber-maven-plugin:1.4:create (default) @ commons-dbcp2 ---
[INFO] Executing: /bin/sh -c cd '/tmp/tmpfy5p7a29/commons-dbcp' && 'git' 'rev-parse' '--verify' 'HEAD'
[INFO] Working directory: /tmp/tmpfy5p7a29/commons-dbcp
[INFO] Storing buildNumber: c5b86d834a53b4891487e62671873d054a6f38d8 at timestamp: 1596447927877
[WARNING] Cannot get the branch information from the git repository: 
Detecting the current branch failed: fatal: ref HEAD is not a symbolic ref

[INFO] Executing: /bin/sh -c cd '/tmp/tmpfy5p7a29/commons-dbcp' && 'git' 'rev-parse' '--verify' 'HEAD'
[INFO] Working directory: /tmp/tmpfy5p7a29/commons-dbcp
[INFO] Storing buildScmBranch: UNKNOWN
[INFO] 
[INFO] --- maven-resources-plugin:2.7:resources (default-resources) @ commons-dbcp2 ---
[INFO] Using 'UTF-8' encoding to copy filtered resources.
[INFO] Copying 1 resource
[INFO] Copying 2 resources to META-INF
[INFO] 
[INFO] --- maven-compiler-plugin:3.6.0:compile (default-compile) @ commons-dbcp2 ---
[INFO] Changes detected - recompiling the module!
[INFO] Compiling 58 source files to /tmp/tmpfy5p7a29/commons-dbcp/target/classes
[INFO] 
[INFO] --- maven-bundle-plugin:3.0.1:manifest (bundle-manifest) @ commons-dbcp2 ---
[INFO] 
[INFO] --- animal-sniffer-maven-plugin:1.15:check (checkAPIcompatibility) @ commons-dbcp2 ---
[INFO] Signature checking is skipped.
[INFO] 
[INFO] --- maven-resources-plugin:2.7:testResources (default-testResources) @ commons-dbcp2 ---
[INFO] Using 'UTF-8' encoding to copy filtered resources.
[INFO] skip non existing resourceDirectory /tmp/tmpfy5p7a29/commons-dbcp/src/test/resources
[INFO] Copying 2 resources to META-INF
[INFO] 
[INFO] --- maven-compiler-plugin:3.6.0:testCompile (default-testCompile) @ commons-dbcp2 ---
[INFO] Changes detected - recompiling the module!
[INFO] Compiling 44 source files to /tmp/tmpfy5p7a29/commons-dbcp/target/test-classes
[INFO] 
[INFO] --- jacoco-maven-plugin:0.7.9:prepare-agent (prepare-agent) @ commons-dbcp2 ---
[INFO] argLine set to -javaagent:/home/jdbl/.m2/repository/org/jacoco/org.jacoco.agent/0.7.9/org.jacoco.agent-0.7.9-runtime.jar=destfile=/tmp/tmpfy5p7a29/commons-dbcp/target/jacoco.exec
[INFO] 
[INFO] --- maven-surefire-plugin:2.19.1:test (default-test) @ commons-dbcp2 ---
[INFO] Surefire report directory: /tmp/tmpfy5p7a29/commons-dbcp/target/surefire-reports

-------------------------------------------------------
 T E S T S
-------------------------------------------------------
Running org.apache.commons.dbcp2.datasources.TestPerUserPoolDataSource
Multithread test time = 312 ms. Threads: 20. Loops: 2473. Hold time: 1. maxWaitMillis: 430. Done: 20. Did not run: 0. Failed: 0. expectError: false
Multithread test time = 1003 ms. Threads: 20. Loops: 20. Hold time: 1000. maxWaitMillis: 500. Done: 10. Did not run: 0. Failed: 10. expectError: true
Tests run: 35, Failures: 0, Errors: 0, Skipped: 0, Time elapsed: 4.693 sec - in org.apache.commons.dbcp2.datasources.TestPerUserPoolDataSource
testPerUserMethods(org.apache.commons.dbcp2.datasources.TestPerUserPoolDataSource)  Time elapsed: 0.19 sec
testOpening(org.apache.commons.dbcp2.datasources.TestPerUserPoolDataSource)  Time elapsed: 0.001 sec
testSerialization(org.apache.commons.dbcp2.datasources.TestPerUserPoolDataSource)  Time elapsed: 0.085 sec
testClosingWithUserName(org.apache.commons.dbcp2.datasources.TestPerUserPoolDataSource)  Time elapsed: 0.002 sec
testChangePassword(org.apache.commons.dbcp2.datasources.TestPerUserPoolDataSource)  Time elapsed: 0.004 sec
testDefaultUser1(org.apache.commons.dbcp2.datasources.TestPerUserPoolDataSource)  Time elapsed: 0.011 sec
testDefaultUser2(org.apache.commons.dbcp2.datasources.TestPerUserPoolDataSource)  Time elapsed: 0.003 sec
testClosing(org.apache.commons.dbcp2.datasources.TestPerUserPoolDataSource)  Time elapsed: 0.001 sec
testTransactionIsolationBehavior(org.apache.commons.dbcp2.datasources.TestPerUserPoolDataSource)  Time elapsed: 0.001 sec
testMaxTotal(org.apache.commons.dbcp2.datasources.TestPerUserPoolDataSource)  Time elapsed: 0.102 sec
testSimpleWithUsername(org.apache.commons.dbcp2.datasources.TestPerUserPoolDataSource)  Time elapsed: 0.012 sec
testMaxWaitMillisZero(org.apache.commons.dbcp2.datasources.TestPerUserPoolDataSource)  Time elapsed: 0.003 sec
testSimple2(org.apache.commons.dbcp2.datasources.TestPerUserPoolDataSource)  Time elapsed: 0.003 sec
testSimple(org.apache.commons.dbcp2.datasources.TestPerUserPoolDataSource)  Time elapsed: 0.003 sec
testMultipleThreads1(org.apache.commons.dbcp2.datasources.TestPerUserPoolDataSource)  Time elapsed: 0.313 sec
testMultipleThreads2(org.apache.commons.dbcp2.datasources.TestPerUserPoolDataSource)  Time elapsed: 1.005 sec
testUnregisteredUser(org.apache.commons.dbcp2.datasources.TestPerUserPoolDataSource)  Time elapsed: 0.008 sec
testIncorrectPassword(org.apache.commons.dbcp2.datasources.TestPerUserPoolDataSource)  Time elapsed: 0.006 sec
testThreaded(org.apache.commons.dbcp2.datasources.TestPerUserPoolDataSource)  Time elapsed: 2.806 sec
testCanCloseStatementTwice(org.apache.commons.dbcp2.datasources.TestPerUserPoolDataSource)  Time elapsed: 0.005 sec
testNoRsetClose(org.apache.commons.dbcp2.datasources.TestPerUserPoolDataSource)  Time elapsed: 0.005 sec
testPooling(org.apache.commons.dbcp2.datasources.TestPerUserPoolDataSource)  Time elapsed: 0.004 sec
testCanCloseConnectionTwice(org.apache.commons.dbcp2.datasources.TestPerUserPoolDataSource)  Time elapsed: 0.003 sec
testIsClosed(org.apache.commons.dbcp2.datasources.TestPerUserPoolDataSource)  Time elapsed: 0.004 sec
testCanCloseCallableStatementTwice(org.apache.commons.dbcp2.datasources.TestPerUserPoolDataSource)  Time elapsed: 0.007 sec
testAutoCommitBehavior(org.apache.commons.dbcp2.datasources.TestPerUserPoolDataSource)  Time elapsed: 0.002 sec
testHashing(org.apache.commons.dbcp2.datasources.TestPerUserPoolDataSource)  Time elapsed: 0.001 sec
testCanClosePreparedStatementTwice(org.apache.commons.dbcp2.datasources.TestPerUserPoolDataSource)  Time elapsed: 0.002 sec
testPrepareStatementOptions(org.apache.commons.dbcp2.datasources.TestPerUserPoolDataSource)  Time elapsed: 0.002 sec
testBackPointers(org.apache.commons.dbcp2.datasources.TestPerUserPoolDataSource)  Time elapsed: 0.002 sec
testHashCode(org.apache.commons.dbcp2.datasources.TestPerUserPoolDataSource)  Time elapsed: 0.002 sec
testConnectionsAreDistinct(org.apache.commons.dbcp2.datasources.TestPerUserPoolDataSource)  Time elapsed: 0.001 sec
testRepeatedBorrowAndReturn(org.apache.commons.dbcp2.datasources.TestPerUserPoolDataSource)  Time elapsed: 0.002 sec
testCanCloseResultSetTwice(org.apache.commons.dbcp2.datasources.TestPerUserPoolDataSource)  Time elapsed: 0.001 sec
testClearWarnings(org.apache.commons.dbcp2.datasources.TestPerUserPoolDataSource)  Time elapsed: 0.002 sec
Running org.apache.commons.dbcp2.datasources.TestKeyedCPDSConnectionFactory
Tests run: 3, Failures: 0, Errors: 0, Skipped: 0, Time elapsed: 0 sec - in org.apache.commons.dbcp2.datasources.TestKeyedCPDSConnectionFactory
testNullValidationQuery(org.apache.commons.dbcp2.datasources.TestKeyedCPDSConnectionFactory)  Time elapsed: 0 sec
testConnectionErrorCleanup(org.apache.commons.dbcp2.datasources.TestKeyedCPDSConnectionFactory)  Time elapsed: 0 sec
testSharedPoolDSDestroyOnReturn(org.apache.commons.dbcp2.datasources.TestKeyedCPDSConnectionFactory)  Time elapsed: 0 sec
Running org.apache.commons.dbcp2.datasources.TestFactory
Tests run: 1, Failures: 0, Errors: 0, Skipped: 0, Time elapsed: 0 sec - in org.apache.commons.dbcp2.datasources.TestFactory
testJNDI2Pools(org.apache.commons.dbcp2.datasources.TestFactory)  Time elapsed: 0 sec
Running org.apache.commons.dbcp2.datasources.TestCPDSConnectionFactory
Tests run: 3, Failures: 0, Errors: 0, Skipped: 0, Time elapsed: 0.006 sec - in org.apache.commons.dbcp2.datasources.TestCPDSConnectionFactory
testNullValidationQuery(org.apache.commons.dbcp2.datasources.TestCPDSConnectionFactory)  Time elapsed: 0 sec
testConnectionErrorCleanup(org.apache.commons.dbcp2.datasources.TestCPDSConnectionFactory)  Time elapsed: 0 sec
testSharedPoolDSDestroyOnReturn(org.apache.commons.dbcp2.datasources.TestCPDSConnectionFactory)  Time elapsed: 0.006 sec
Running org.apache.commons.dbcp2.datasources.TestInstanceKeyDataSource
Tests run: 1, Failures: 0, Errors: 0, Skipped: 0, Time elapsed: 0.001 sec - in org.apache.commons.dbcp2.datasources.TestInstanceKeyDataSource
testExceptionOnSetupDefaults(org.apache.commons.dbcp2.datasources.TestInstanceKeyDataSource)  Time elapsed: 0.001 sec
Running org.apache.commons.dbcp2.datasources.TestSharedPoolDataSource
testMaxWaitMillis took 1003 ms. maxWaitMillis: 1000
Multithread test time = 306 ms. Threads: 20. Loops: 2695. Hold time: 1. maxWaitMillis: 430. Done: 20. Did not run: 0. Failed: 0. expectError: false
Multithread test time = 1004 ms. Threads: 20. Loops: 20. Hold time: 1000. maxWaitMillis: 500. Done: 10. Did not run: 0. Failed: 10. expectError: true
Tests run: 34, Failures: 0, Errors: 0, Skipped: 0, Time elapsed: 6.851 sec - in org.apache.commons.dbcp2.datasources.TestSharedPoolDataSource
testPoolPreparedStatements(org.apache.commons.dbcp2.datasources.TestSharedPoolDataSource)  Time elapsed: 0.016 sec
testOpening(org.apache.commons.dbcp2.datasources.TestSharedPoolDataSource)  Time elapsed: 0.001 sec
testClosingWithUserName(org.apache.commons.dbcp2.datasources.TestSharedPoolDataSource)  Time elapsed: 0.002 sec
testChangePassword(org.apache.commons.dbcp2.datasources.TestSharedPoolDataSource)  Time elapsed: 0 sec
testPoolPrepareStatement(org.apache.commons.dbcp2.datasources.TestSharedPoolDataSource)  Time elapsed: 0.002 sec
testMaxWaitMillis(org.apache.commons.dbcp2.datasources.TestSharedPoolDataSource)  Time elapsed: 1.004 sec
testClosePool(org.apache.commons.dbcp2.datasources.TestSharedPoolDataSource)  Time elapsed: 0 sec
testClosing(org.apache.commons.dbcp2.datasources.TestSharedPoolDataSource)  Time elapsed: 0.001 sec
testTransactionIsolationBehavior(org.apache.commons.dbcp2.datasources.TestSharedPoolDataSource)  Time elapsed: 0.001 sec
testDbcp369(org.apache.commons.dbcp2.datasources.TestSharedPoolDataSource)  Time elapsed: 1.652 sec
testMaxTotal(org.apache.commons.dbcp2.datasources.TestSharedPoolDataSource)  Time elapsed: 0.103 sec
testSimpleWithUsername(org.apache.commons.dbcp2.datasources.TestSharedPoolDataSource)  Time elapsed: 0.003 sec
testSimple2(org.apache.commons.dbcp2.datasources.TestSharedPoolDataSource)  Time elapsed: 0.004 sec
testSimple(org.apache.commons.dbcp2.datasources.TestSharedPoolDataSource)  Time elapsed: 0.003 sec
testMultipleThreads1(org.apache.commons.dbcp2.datasources.TestSharedPoolDataSource)  Time elapsed: 0.308 sec
testMultipleThreads2(org.apache.commons.dbcp2.datasources.TestSharedPoolDataSource)  Time elapsed: 1.006 sec
testIncorrectPassword(org.apache.commons.dbcp2.datasources.TestSharedPoolDataSource)  Time elapsed: 0.004 sec
testThreaded(org.apache.commons.dbcp2.datasources.TestSharedPoolDataSource)  Time elapsed: 2.705 sec
testCanCloseStatementTwice(org.apache.commons.dbcp2.datasources.TestSharedPoolDataSource)  Time elapsed: 0.004 sec
testNoRsetClose(org.apache.commons.dbcp2.datasources.TestSharedPoolDataSource)  Time elapsed: 0.004 sec
testPooling(org.apache.commons.dbcp2.datasources.TestSharedPoolDataSource)  Time elapsed: 0.003 sec
testCanCloseConnectionTwice(org.apache.commons.dbcp2.datasources.TestSharedPoolDataSource)  Time elapsed: 0.003 sec
testIsClosed(org.apache.commons.dbcp2.datasources.TestSharedPoolDataSource)  Time elapsed: 0.001 sec
testCanCloseCallableStatementTwice(org.apache.commons.dbcp2.datasources.TestSharedPoolDataSource)  Time elapsed: 0.002 sec
testAutoCommitBehavior(org.apache.commons.dbcp2.datasources.TestSharedPoolDataSource)  Time elapsed: 0.001 sec
testHashing(org.apache.commons.dbcp2.datasources.TestSharedPoolDataSource)  Time elapsed: 0.002 sec
testCanClosePreparedStatementTwice(org.apache.commons.dbcp2.datasources.TestSharedPoolDataSource)  Time elapsed: 0.001 sec
testPrepareStatementOptions(org.apache.commons.dbcp2.datasources.TestSharedPoolDataSource)  Time elapsed: 0.002 sec
testBackPointers(org.apache.commons.dbcp2.datasources.TestSharedPoolDataSource)  Time elapsed: 0.002 sec
testHashCode(org.apache.commons.dbcp2.datasources.TestSharedPoolDataSource)  Time elapsed: 0.001 sec
testConnectionsAreDistinct(org.apache.commons.dbcp2.datasources.TestSharedPoolDataSource)  Time elapsed: 0.001 sec
testRepeatedBorrowAndReturn(org.apache.commons.dbcp2.datasources.TestSharedPoolDataSource)  Time elapsed: 0.002 sec
testCanCloseResultSetTwice(org.apache.commons.dbcp2.datasources.TestSharedPoolDataSource)  Time elapsed: 0.001 sec
testClearWarnings(org.apache.commons.dbcp2.datasources.TestSharedPoolDataSource)  Time elapsed: 0.002 sec
Running org.apache.commons.dbcp2.TestDelegatingConnection
Tests run: 6, Failures: 0, Errors: 0, Skipped: 0, Time elapsed: 0 sec - in org.apache.commons.dbcp2.TestDelegatingConnection
testGetDelegate(org.apache.commons.dbcp2.TestDelegatingConnection)  Time elapsed: 0 sec
testCheckOpenNull(org.apache.commons.dbcp2.TestDelegatingConnection)  Time elapsed: 0 sec
testIsClosed(org.apache.commons.dbcp2.TestDelegatingConnection)  Time elapsed: 0 sec
testIsClosedNullDelegate(org.apache.commons.dbcp2.TestDelegatingConnection)  Time elapsed: 0 sec
testCheckOpen(org.apache.commons.dbcp2.TestDelegatingConnection)  Time elapsed: 0 sec
testConnectionToString(org.apache.commons.dbcp2.TestDelegatingConnection)  Time elapsed: 0 sec
Running org.apache.commons.dbcp2.TestBasicDataSource
Tests run: 56, Failures: 0, Errors: 0, Skipped: 0, Time elapsed: 5.48 sec - in org.apache.commons.dbcp2.TestBasicDataSource
testEmptyValidationQuery(org.apache.commons.dbcp2.TestBasicDataSource)  Time elapsed: 0 sec
testValidationQueryTimoutFail(org.apache.commons.dbcp2.TestBasicDataSource)  Time elapsed: 0.008 sec
testConcurrentInvalidateBorrow(org.apache.commons.dbcp2.TestBasicDataSource)  Time elapsed: 0.122 sec
testSetValidationTestProperties(org.apache.commons.dbcp2.TestBasicDataSource)  Time elapsed: 0.001 sec
testRollbackReadOnly(org.apache.commons.dbcp2.TestBasicDataSource)  Time elapsed: 0.001 sec
testClose(org.apache.commons.dbcp2.TestBasicDataSource)  Time elapsed: 0.002 sec
testPropertyTestOnReturn(org.apache.commons.dbcp2.TestBasicDataSource)  Time elapsed: 0.001 sec
testValidationQueryTimeoutSucceed(org.apache.commons.dbcp2.TestBasicDataSource)  Time elapsed: 0.001 sec
testMaxTotalZero(org.apache.commons.dbcp2.TestBasicDataSource)  Time elapsed: 0.101 sec
testPooling(org.apache.commons.dbcp2.TestBasicDataSource)  Time elapsed: 0.003 sec
testMaxConnLifetimeExceeded(org.apache.commons.dbcp2.TestBasicDataSource)  Time elapsed: 0.507 sec
testValidationQueryTimeoutNegative(org.apache.commons.dbcp2.TestBasicDataSource)  Time elapsed: 0.001 sec
testPoolCloseRTE(org.apache.commons.dbcp2.TestBasicDataSource)  Time elapsed: 0.001 sec
testInvalidConnectionInitSql(org.apache.commons.dbcp2.TestBasicDataSource)  Time elapsed: 0.001 sec
testSetAutoCommitTrueOnClose(org.apache.commons.dbcp2.TestBasicDataSource)  Time elapsed: 0.001 sec
testConcurrentInitBorrow(org.apache.commons.dbcp2.TestBasicDataSource)  Time elapsed: 0.456 sec
testValidationQueryTimeoutZero(org.apache.commons.dbcp2.TestBasicDataSource)  Time elapsed: 0.001 sec
testMaxConnLifetimeExceededMutedLog(org.apache.commons.dbcp2.TestBasicDataSource)  Time elapsed: 0.502 sec
testEmptyInitConnectionSql(org.apache.commons.dbcp2.TestBasicDataSource)  Time elapsed: 0 sec
testDriverClassLoader(org.apache.commons.dbcp2.TestBasicDataSource)  Time elapsed: 0.001 sec
testJmxDisabled(org.apache.commons.dbcp2.TestBasicDataSource)  Time elapsed: 0.003 sec
testInitialSize(org.apache.commons.dbcp2.TestBasicDataSource)  Time elapsed: 0.002 sec
testInvalidValidationQuery(org.apache.commons.dbcp2.TestBasicDataSource)  Time elapsed: 0.001 sec
testNoAccessToUnderlyingConnectionAllowed(org.apache.commons.dbcp2.TestBasicDataSource)  Time elapsed: 0.001 sec
testPoolCloseCheckedException(org.apache.commons.dbcp2.TestBasicDataSource)  Time elapsed: 0.002 sec
testCreateDataSourceCleanupEvictor(org.apache.commons.dbcp2.TestBasicDataSource)  Time elapsed: 1.001 sec
testTransactionIsolationBehavior(org.apache.commons.dbcp2.TestBasicDataSource)  Time elapsed: 0.002 sec
testCreateDataSourceCleanupThreads(org.apache.commons.dbcp2.TestBasicDataSource)  Time elapsed: 0.001 sec
testDefaultCatalog(org.apache.commons.dbcp2.TestBasicDataSource)  Time elapsed: 0.002 sec
testAccessToUnderlyingConnectionAllowed(org.apache.commons.dbcp2.TestBasicDataSource)  Time elapsed: 0.001 sec
testInvalidateConnection(org.apache.commons.dbcp2.TestBasicDataSource)  Time elapsed: 0.001 sec
testSetProperties(org.apache.commons.dbcp2.TestBasicDataSource)  Time elapsed: 0 sec
testMutateAbandonedConfig(org.apache.commons.dbcp2.TestBasicDataSource)  Time elapsed: 0.015 sec
testDisconnectSqlCodes(org.apache.commons.dbcp2.TestBasicDataSource)  Time elapsed: 0.002 sec
testIsClosedFailure(org.apache.commons.dbcp2.TestBasicDataSource)  Time elapsed: 0.001 sec
testThreaded(org.apache.commons.dbcp2.TestBasicDataSource)  Time elapsed: 2.604 sec
testCanCloseStatementTwice(org.apache.commons.dbcp2.TestBasicDataSource)  Time elapsed: 0.002 sec
testNoRsetClose(org.apache.commons.dbcp2.TestBasicDataSource)  Time elapsed: 0.002 sec
testOpening(org.apache.commons.dbcp2.TestBasicDataSource)  Time elapsed: 0.002 sec
testCanCloseConnectionTwice(org.apache.commons.dbcp2.TestBasicDataSource)  Time elapsed: 0.001 sec
testIsClosed(org.apache.commons.dbcp2.TestBasicDataSource)  Time elapsed: 0.001 sec
testCanCloseCallableStatementTwice(org.apache.commons.dbcp2.TestBasicDataSource)  Time elapsed: 0.001 sec
testAutoCommitBehavior(org.apache.commons.dbcp2.TestBasicDataSource)  Time elapsed: 0.001 sec
testHashing(org.apache.commons.dbcp2.TestBasicDataSource)  Time elapsed: 0.001 sec
testCanClosePreparedStatementTwice(org.apache.commons.dbcp2.TestBasicDataSource)  Time elapsed: 0.001 sec
testClosing(org.apache.commons.dbcp2.TestBasicDataSource)  Time elapsed: 0.001 sec
testPrepareStatementOptions(org.apache.commons.dbcp2.TestBasicDataSource)  Time elapsed: 0.001 sec
testBackPointers(org.apache.commons.dbcp2.TestBasicDataSource)  Time elapsed: 0.002 sec
testHashCode(org.apache.commons.dbcp2.TestBasicDataSource)  Time elapsed: 0 sec
testConnectionsAreDistinct(org.apache.commons.dbcp2.TestBasicDataSource)  Time elapsed: 0.001 sec
testMaxTotal(org.apache.commons.dbcp2.TestBasicDataSource)  Time elapsed: 0.102 sec
testRepeatedBorrowAndReturn(org.apache.commons.dbcp2.TestBasicDataSource)  Time elapsed: 0 sec
testCanCloseResultSetTwice(org.apache.commons.dbcp2.TestBasicDataSource)  Time elapsed: 0.001 sec
testClearWarnings(org.apache.commons.dbcp2.TestBasicDataSource)  Time elapsed: 0.001 sec
testSimple2(org.apache.commons.dbcp2.TestBasicDataSource)  Time elapsed: 0.001 sec
testSimple(org.apache.commons.dbcp2.TestBasicDataSource)  Time elapsed: 0.001 sec
Running org.apache.commons.dbcp2.TestPStmtPooling
Tests run: 5, Failures: 0, Errors: 0, Skipped: 0, Time elapsed: 0.003 sec - in org.apache.commons.dbcp2.TestPStmtPooling
testStmtPool(org.apache.commons.dbcp2.TestPStmtPooling)  Time elapsed: 0 sec
testBatchUpdate(org.apache.commons.dbcp2.TestPStmtPooling)  Time elapsed: 0 sec
testClosePool(org.apache.commons.dbcp2.TestPStmtPooling)  Time elapsed: 0 sec
testCallableStatementPooling(org.apache.commons.dbcp2.TestPStmtPooling)  Time elapsed: 0.003 sec
testMultipleClose(org.apache.commons.dbcp2.TestPStmtPooling)  Time elapsed: 0 sec
Running org.apache.commons.dbcp2.TestAbandonedBasicDataSource
Tests run: 65, Failures: 0, Errors: 0, Skipped: 0, Time elapsed: 13.607 sec - in org.apache.commons.dbcp2.TestAbandonedBasicDataSource
testAbandonedCloseWithExceptions(org.apache.commons.dbcp2.TestAbandonedBasicDataSource)  Time elapsed: 0.012 sec
testLastUsedPrepareCall(org.apache.commons.dbcp2.TestAbandonedBasicDataSource)  Time elapsed: 2.602 sec
testLastUsed(org.apache.commons.dbcp2.TestAbandonedBasicDataSource)  Time elapsed: 2.602 sec
testAbandoned(org.apache.commons.dbcp2.TestAbandonedBasicDataSource)  Time elapsed: 0.002 sec
testGarbageCollectorCleanUp01(org.apache.commons.dbcp2.TestAbandonedBasicDataSource)  Time elapsed: 0.044 sec
testGarbageCollectorCleanUp02(org.apache.commons.dbcp2.TestAbandonedBasicDataSource)  Time elapsed: 0.139 sec
testLastUsedUpdate(org.apache.commons.dbcp2.TestAbandonedBasicDataSource)  Time elapsed: 0.001 sec
testAbandonedClose(org.apache.commons.dbcp2.TestAbandonedBasicDataSource)  Time elapsed: 0.001 sec
testLastUsedPreparedStatementUse(org.apache.commons.dbcp2.TestAbandonedBasicDataSource)  Time elapsed: 2.602 sec
testEmptyValidationQuery(org.apache.commons.dbcp2.TestAbandonedBasicDataSource)  Time elapsed: 0 sec
testValidationQueryTimoutFail(org.apache.commons.dbcp2.TestAbandonedBasicDataSource)  Time elapsed: 0 sec
testConcurrentInvalidateBorrow(org.apache.commons.dbcp2.TestAbandonedBasicDataSource)  Time elapsed: 0.077 sec
testSetValidationTestProperties(org.apache.commons.dbcp2.TestAbandonedBasicDataSource)  Time elapsed: 0 sec
testRollbackReadOnly(org.apache.commons.dbcp2.TestAbandonedBasicDataSource)  Time elapsed: 0.001 sec
testClose(org.apache.commons.dbcp2.TestAbandonedBasicDataSource)  Time elapsed: 0.001 sec
testPropertyTestOnReturn(org.apache.commons.dbcp2.TestAbandonedBasicDataSource)  Time elapsed: 0.001 sec
testValidationQueryTimeoutSucceed(org.apache.commons.dbcp2.TestAbandonedBasicDataSource)  Time elapsed: 0.001 sec
testMaxTotalZero(org.apache.commons.dbcp2.TestAbandonedBasicDataSource)  Time elapsed: 0.101 sec
testPooling(org.apache.commons.dbcp2.TestAbandonedBasicDataSource)  Time elapsed: 0.001 sec
testMaxConnLifetimeExceeded(org.apache.commons.dbcp2.TestAbandonedBasicDataSource)  Time elapsed: 0.501 sec
testValidationQueryTimeoutNegative(org.apache.commons.dbcp2.TestAbandonedBasicDataSource)  Time elapsed: 0.001 sec
testPoolCloseRTE(org.apache.commons.dbcp2.TestAbandonedBasicDataSource)  Time elapsed: 0.001 sec
testInvalidConnectionInitSql(org.apache.commons.dbcp2.TestAbandonedBasicDataSource)  Time elapsed: 0 sec
testSetAutoCommitTrueOnClose(org.apache.commons.dbcp2.TestAbandonedBasicDataSource)  Time elapsed: 0.001 sec
testConcurrentInitBorrow(org.apache.commons.dbcp2.TestAbandonedBasicDataSource)  Time elapsed: 0.454 sec
testValidationQueryTimeoutZero(org.apache.commons.dbcp2.TestAbandonedBasicDataSource)  Time elapsed: 0.001 sec
testMaxConnLifetimeExceededMutedLog(org.apache.commons.dbcp2.TestAbandonedBasicDataSource)  Time elapsed: 0.501 sec
testEmptyInitConnectionSql(org.apache.commons.dbcp2.TestAbandonedBasicDataSource)  Time elapsed: 0.001 sec
testDriverClassLoader(org.apache.commons.dbcp2.TestAbandonedBasicDataSource)  Time elapsed: 0.001 sec
testJmxDisabled(org.apache.commons.dbcp2.TestAbandonedBasicDataSource)  Time elapsed: 0.001 sec
testInitialSize(org.apache.commons.dbcp2.TestAbandonedBasicDataSource)  Time elapsed: 0.001 sec
testInvalidValidationQuery(org.apache.commons.dbcp2.TestAbandonedBasicDataSource)  Time elapsed: 0 sec
testNoAccessToUnderlyingConnectionAllowed(org.apache.commons.dbcp2.TestAbandonedBasicDataSource)  Time elapsed: 0.001 sec
testPoolCloseCheckedException(org.apache.commons.dbcp2.TestAbandonedBasicDataSource)  Time elapsed: 0.001 sec
testCreateDataSourceCleanupEvictor(org.apache.commons.dbcp2.TestAbandonedBasicDataSource)  Time elapsed: 1.001 sec
testTransactionIsolationBehavior(org.apache.commons.dbcp2.TestAbandonedBasicDataSource)  Time elapsed: 0.002 sec
testCreateDataSourceCleanupThreads(org.apache.commons.dbcp2.TestAbandonedBasicDataSource)  Time elapsed: 0.001 sec
testDefaultCatalog(org.apache.commons.dbcp2.TestAbandonedBasicDataSource)  Time elapsed: 0.002 sec
testAccessToUnderlyingConnectionAllowed(org.apache.commons.dbcp2.TestAbandonedBasicDataSource)  Time elapsed: 0.001 sec
testInvalidateConnection(org.apache.commons.dbcp2.TestAbandonedBasicDataSource)  Time elapsed: 0.001 sec
testSetProperties(org.apache.commons.dbcp2.TestAbandonedBasicDataSource)  Time elapsed: 0 sec
testMutateAbandonedConfig(org.apache.commons.dbcp2.TestAbandonedBasicDataSource)  Time elapsed: 0.001 sec
testDisconnectSqlCodes(org.apache.commons.dbcp2.TestAbandonedBasicDataSource)  Time elapsed: 0.001 sec
testIsClosedFailure(org.apache.commons.dbcp2.TestAbandonedBasicDataSource)  Time elapsed: 0.001 sec
testThreaded(org.apache.commons.dbcp2.TestAbandonedBasicDataSource)  Time elapsed: 2.805 sec
testCanCloseStatementTwice(org.apache.commons.dbcp2.TestAbandonedBasicDataSource)  Time elapsed: 0.001 sec
testNoRsetClose(org.apache.commons.dbcp2.TestAbandonedBasicDataSource)  Time elapsed: 0.001 sec
testOpening(org.apache.commons.dbcp2.TestAbandonedBasicDataSource)  Time elapsed: 0.002 sec
testCanCloseConnectionTwice(org.apache.commons.dbcp2.TestAbandonedBasicDataSource)  Time elapsed: 0.002 sec
testIsClosed(org.apache.commons.dbcp2.TestAbandonedBasicDataSource)  Time elapsed: 0.001 sec
testCanCloseCallableStatementTwice(org.apache.commons.dbcp2.TestAbandonedBasicDataSource)  Time elapsed: 0.001 sec
testAutoCommitBehavior(org.apache.commons.dbcp2.TestAbandonedBasicDataSource)  Time elapsed: 0.002 sec
testHashing(org.apache.commons.dbcp2.TestAbandonedBasicDataSource)  Time elapsed: 0.001 sec
testCanClosePreparedStatementTwice(org.apache.commons.dbcp2.TestAbandonedBasicDataSource)  Time elapsed: 0.001 sec
testClosing(org.apache.commons.dbcp2.TestAbandonedBasicDataSource)  Time elapsed: 0.001 sec
testPrepareStatementOptions(org.apache.commons.dbcp2.TestAbandonedBasicDataSource)  Time elapsed: 0.001 sec
testBackPointers(org.apache.commons.dbcp2.TestAbandonedBasicDataSource)  Time elapsed: 0.001 sec
testHashCode(org.apache.commons.dbcp2.TestAbandonedBasicDataSource)  Time elapsed: 0.001 sec
testConnectionsAreDistinct(org.apache.commons.dbcp2.TestAbandonedBasicDataSource)  Time elapsed: 0.002 sec
testMaxTotal(org.apache.commons.dbcp2.TestAbandonedBasicDataSource)  Time elapsed: 0.101 sec
testRepeatedBorrowAndReturn(org.apache.commons.dbcp2.TestAbandonedBasicDataSource)  Time elapsed: 0.004 sec
testCanCloseResultSetTwice(org.apache.commons.dbcp2.TestAbandonedBasicDataSource)  Time elapsed: 0.001 sec
testClearWarnings(org.apache.commons.dbcp2.TestAbandonedBasicDataSource)  Time elapsed: 0.003 sec
testSimple2(org.apache.commons.dbcp2.TestAbandonedBasicDataSource)  Time elapsed: 0.001 sec
testSimple(org.apache.commons.dbcp2.TestAbandonedBasicDataSource)  Time elapsed: 0.002 sec
Running org.apache.commons.dbcp2.TestDelegatingPreparedStatement
Tests run: 3, Failures: 0, Errors: 0, Skipped: 0, Time elapsed: 0 sec - in org.apache.commons.dbcp2.TestDelegatingPreparedStatement
testGetDelegate(org.apache.commons.dbcp2.TestDelegatingPreparedStatement)  Time elapsed: 0 sec
testExecuteQueryReturnsNotNull(org.apache.commons.dbcp2.TestDelegatingPreparedStatement)  Time elapsed: 0 sec
testExecuteQueryReturnsNull(org.apache.commons.dbcp2.TestDelegatingPreparedStatement)  Time elapsed: 0 sec
Running org.apache.commons.dbcp2.TestPoolingDriver
Tests run: 29, Failures: 0, Errors: 0, Skipped: 0, Time elapsed: 2.879 sec - in org.apache.commons.dbcp2.TestPoolingDriver
testLogWriter(org.apache.commons.dbcp2.TestPoolingDriver)  Time elapsed: 0.012 sec
testReportedBug12400(org.apache.commons.dbcp2.TestPoolingDriver)  Time elapsed: 0.002 sec
testReportedBug28912(org.apache.commons.dbcp2.TestPoolingDriver)  Time elapsed: 0.001 sec
test1(org.apache.commons.dbcp2.TestPoolingDriver)  Time elapsed: 0.001 sec
test2(org.apache.commons.dbcp2.TestPoolingDriver)  Time elapsed: 0.001 sec
testClosePool(org.apache.commons.dbcp2.TestPoolingDriver)  Time elapsed: 0 sec
testInvalidateConnection(org.apache.commons.dbcp2.TestPoolingDriver)  Time elapsed: 0.001 sec
testThreaded(org.apache.commons.dbcp2.TestPoolingDriver)  Time elapsed: 2.705 sec
testCanCloseStatementTwice(org.apache.commons.dbcp2.TestPoolingDriver)  Time elapsed: 0.002 sec
testNoRsetClose(org.apache.commons.dbcp2.TestPoolingDriver)  Time elapsed: 0.002 sec
testOpening(org.apache.commons.dbcp2.TestPoolingDriver)  Time elapsed: 0.004 sec
testPooling(org.apache.commons.dbcp2.TestPoolingDriver)  Time elapsed: 0.007 sec
testCanCloseConnectionTwice(org.apache.commons.dbcp2.TestPoolingDriver)  Time elapsed: 0.001 sec
testIsClosed(org.apache.commons.dbcp2.TestPoolingDriver)  Time elapsed: 0.001 sec
testCanCloseCallableStatementTwice(org.apache.commons.dbcp2.TestPoolingDriver)  Time elapsed: 0.003 sec
testAutoCommitBehavior(org.apache.commons.dbcp2.TestPoolingDriver)  Time elapsed: 0.003 sec
testHashing(org.apache.commons.dbcp2.TestPoolingDriver)  Time elapsed: 0.001 sec
testCanClosePreparedStatementTwice(org.apache.commons.dbcp2.TestPoolingDriver)  Time elapsed: 0.001 sec
testClosing(org.apache.commons.dbcp2.TestPoolingDriver)  Time elapsed: 0.003 sec
testPrepareStatementOptions(org.apache.commons.dbcp2.TestPoolingDriver)  Time elapsed: 0.001 sec
testBackPointers(org.apache.commons.dbcp2.TestPoolingDriver)  Time elapsed: 0.007 sec
testHashCode(org.apache.commons.dbcp2.TestPoolingDriver)  Time elapsed: 0.001 sec
testConnectionsAreDistinct(org.apache.commons.dbcp2.TestPoolingDriver)  Time elapsed: 0.002 sec
testMaxTotal(org.apache.commons.dbcp2.TestPoolingDriver)  Time elapsed: 0.103 sec
testRepeatedBorrowAndReturn(org.apache.commons.dbcp2.TestPoolingDriver)  Time elapsed: 0.003 sec
testCanCloseResultSetTwice(org.apache.commons.dbcp2.TestPoolingDriver)  Time elapsed: 0.002 sec
testClearWarnings(org.apache.commons.dbcp2.TestPoolingDriver)  Time elapsed: 0.003 sec
testSimple2(org.apache.commons.dbcp2.TestPoolingDriver)  Time elapsed: 0.002 sec
testSimple(org.apache.commons.dbcp2.TestPoolingDriver)  Time elapsed: 0.001 sec
Running org.apache.commons.dbcp2.TestBasicDataSourceFactory
Tests run: 4, Failures: 0, Errors: 0, Skipped: 0, Time elapsed: 0.002 sec - in org.apache.commons.dbcp2.TestBasicDataSourceFactory
testProperties(org.apache.commons.dbcp2.TestBasicDataSourceFactory)  Time elapsed: 0 sec
testValidateProperties(org.apache.commons.dbcp2.TestBasicDataSourceFactory)  Time elapsed: 0 sec
testAllProperties(org.apache.commons.dbcp2.TestBasicDataSourceFactory)  Time elapsed: 0.002 sec
testNoProperties(org.apache.commons.dbcp2.TestBasicDataSourceFactory)  Time elapsed: 0 sec
Running org.apache.commons.dbcp2.TestPStmtPoolingBasicDataSource
Multithread test time = 10146 ms. Threads: 100. Loops: 9880. Hold time: 5. maxWaitMillis: -1. Done: 100. Did not run: 0. Failed: 0. expectError: false
Tests run: 62, Failures: 0, Errors: 0, Skipped: 0, Time elapsed: 15.967 sec - in org.apache.commons.dbcp2.TestPStmtPoolingBasicDataSource
testLRUBehavior(org.apache.commons.dbcp2.TestPStmtPoolingBasicDataSource)  Time elapsed: 0.201 sec
testPreparedStatementPooling(org.apache.commons.dbcp2.TestPStmtPoolingBasicDataSource)  Time elapsed: 0.002 sec
testPStmtPoolingAcrossClose(org.apache.commons.dbcp2.TestPStmtPoolingBasicDataSource)  Time elapsed: 0.001 sec
testPStmtPoolingWithNoClose(org.apache.commons.dbcp2.TestPStmtPoolingBasicDataSource)  Time elapsed: 0.001 sec
testPStmtCatalog(org.apache.commons.dbcp2.TestPStmtPoolingBasicDataSource)  Time elapsed: 0.001 sec
testMultipleThreads1(org.apache.commons.dbcp2.TestPStmtPoolingBasicDataSource)  Time elapsed: 10.147 sec
testEmptyValidationQuery(org.apache.commons.dbcp2.TestPStmtPoolingBasicDataSource)  Time elapsed: 0 sec
testValidationQueryTimoutFail(org.apache.commons.dbcp2.TestPStmtPoolingBasicDataSource)  Time elapsed: 0.002 sec
testConcurrentInvalidateBorrow(org.apache.commons.dbcp2.TestPStmtPoolingBasicDataSource)  Time elapsed: 0.191 sec
testSetValidationTestProperties(org.apache.commons.dbcp2.TestPStmtPoolingBasicDataSource)  Time elapsed: 0 sec
testRollbackReadOnly(org.apache.commons.dbcp2.TestPStmtPoolingBasicDataSource)  Time elapsed: 0.001 sec
testClose(org.apache.commons.dbcp2.TestPStmtPoolingBasicDataSource)  Time elapsed: 0.001 sec
testPropertyTestOnReturn(org.apache.commons.dbcp2.TestPStmtPoolingBasicDataSource)  Time elapsed: 0.001 sec
testValidationQueryTimeoutSucceed(org.apache.commons.dbcp2.TestPStmtPoolingBasicDataSource)  Time elapsed: 0.001 sec
testMaxTotalZero(org.apache.commons.dbcp2.TestPStmtPoolingBasicDataSource)  Time elapsed: 0.101 sec
testPooling(org.apache.commons.dbcp2.TestPStmtPoolingBasicDataSource)  Time elapsed: 0.003 sec
testMaxConnLifetimeExceeded(org.apache.commons.dbcp2.TestPStmtPoolingBasicDataSource)  Time elapsed: 0.502 sec
testValidationQueryTimeoutNegative(org.apache.commons.dbcp2.TestPStmtPoolingBasicDataSource)  Time elapsed: 0.001 sec
testPoolCloseRTE(org.apache.commons.dbcp2.TestPStmtPoolingBasicDataSource)  Time elapsed: 0.001 sec
testInvalidConnectionInitSql(org.apache.commons.dbcp2.TestPStmtPoolingBasicDataSource)  Time elapsed: 0 sec
testSetAutoCommitTrueOnClose(org.apache.commons.dbcp2.TestPStmtPoolingBasicDataSource)  Time elapsed: 0.001 sec
testConcurrentInitBorrow(org.apache.commons.dbcp2.TestPStmtPoolingBasicDataSource)  Time elapsed: 0.455 sec
testValidationQueryTimeoutZero(org.apache.commons.dbcp2.TestPStmtPoolingBasicDataSource)  Time elapsed: 0 sec
testMaxConnLifetimeExceededMutedLog(org.apache.commons.dbcp2.TestPStmtPoolingBasicDataSource)  Time elapsed: 0.501 sec
testEmptyInitConnectionSql(org.apache.commons.dbcp2.TestPStmtPoolingBasicDataSource)  Time elapsed: 0 sec
testDriverClassLoader(org.apache.commons.dbcp2.TestPStmtPoolingBasicDataSource)  Time elapsed: 0.001 sec
testJmxDisabled(org.apache.commons.dbcp2.TestPStmtPoolingBasicDataSource)  Time elapsed: 0 sec
testInitialSize(org.apache.commons.dbcp2.TestPStmtPoolingBasicDataSource)  Time elapsed: 0.001 sec
testInvalidValidationQuery(org.apache.commons.dbcp2.TestPStmtPoolingBasicDataSource)  Time elapsed: 0.001 sec
testNoAccessToUnderlyingConnectionAllowed(org.apache.commons.dbcp2.TestPStmtPoolingBasicDataSource)  Time elapsed: 0 sec
testPoolCloseCheckedException(org.apache.commons.dbcp2.TestPStmtPoolingBasicDataSource)  Time elapsed: 0.001 sec
testCreateDataSourceCleanupEvictor(org.apache.commons.dbcp2.TestPStmtPoolingBasicDataSource)  Time elapsed: 1 sec
testTransactionIsolationBehavior(org.apache.commons.dbcp2.TestPStmtPoolingBasicDataSource)  Time elapsed: 0.001 sec
testCreateDataSourceCleanupThreads(org.apache.commons.dbcp2.TestPStmtPoolingBasicDataSource)  Time elapsed: 0.001 sec
testDefaultCatalog(org.apache.commons.dbcp2.TestPStmtPoolingBasicDataSource)  Time elapsed: 0.002 sec
testAccessToUnderlyingConnectionAllowed(org.apache.commons.dbcp2.TestPStmtPoolingBasicDataSource)  Time elapsed: 0.001 sec
testInvalidateConnection(org.apache.commons.dbcp2.TestPStmtPoolingBasicDataSource)  Time elapsed: 0.001 sec
testSetProperties(org.apache.commons.dbcp2.TestPStmtPoolingBasicDataSource)  Time elapsed: 0 sec
testMutateAbandonedConfig(org.apache.commons.dbcp2.TestPStmtPoolingBasicDataSource)  Time elapsed: 0 sec
testDisconnectSqlCodes(org.apache.commons.dbcp2.TestPStmtPoolingBasicDataSource)  Time elapsed: 0.001 sec
testIsClosedFailure(org.apache.commons.dbcp2.TestPStmtPoolingBasicDataSource)  Time elapsed: 0.001 sec
testThreaded(org.apache.commons.dbcp2.TestPStmtPoolingBasicDataSource)  Time elapsed: 2.705 sec
testCanCloseStatementTwice(org.apache.commons.dbcp2.TestPStmtPoolingBasicDataSource)  Time elapsed: 0.001 sec
testNoRsetClose(org.apache.commons.dbcp2.TestPStmtPoolingBasicDataSource)  Time elapsed: 0.001 sec
testOpening(org.apache.commons.dbcp2.TestPStmtPoolingBasicDataSource)  Time elapsed: 0.001 sec
testCanCloseConnectionTwice(org.apache.commons.dbcp2.TestPStmtPoolingBasicDataSource)  Time elapsed: 0.001 sec
testIsClosed(org.apache.commons.dbcp2.TestPStmtPoolingBasicDataSource)  Time elapsed: 0.001 sec
testCanCloseCallableStatementTwice(org.apache.commons.dbcp2.TestPStmtPoolingBasicDataSource)  Time elapsed: 0.002 sec
testAutoCommitBehavior(org.apache.commons.dbcp2.TestPStmtPoolingBasicDataSource)  Time elapsed: 0.001 sec
testHashing(org.apache.commons.dbcp2.TestPStmtPoolingBasicDataSource)  Time elapsed: 0 sec
testCanClosePreparedStatementTwice(org.apache.commons.dbcp2.TestPStmtPoolingBasicDataSource)  Time elapsed: 0.001 sec
testClosing(org.apache.commons.dbcp2.TestPStmtPoolingBasicDataSource)  Time elapsed: 0.003 sec
testPrepareStatementOptions(org.apache.commons.dbcp2.TestPStmtPoolingBasicDataSource)  Time elapsed: 0 sec
testBackPointers(org.apache.commons.dbcp2.TestPStmtPoolingBasicDataSource)  Time elapsed: 0.002 sec
testHashCode(org.apache.commons.dbcp2.TestPStmtPoolingBasicDataSource)  Time elapsed: 0.001 sec
testConnectionsAreDistinct(org.apache.commons.dbcp2.TestPStmtPoolingBasicDataSource)  Time elapsed: 0.003 sec
testMaxTotal(org.apache.commons.dbcp2.TestPStmtPoolingBasicDataSource)  Time elapsed: 0.102 sec
testRepeatedBorrowAndReturn(org.apache.commons.dbcp2.TestPStmtPoolingBasicDataSource)  Time elapsed: 0.002 sec
testCanCloseResultSetTwice(org.apache.commons.dbcp2.TestPStmtPoolingBasicDataSource)  Time elapsed: 0.002 sec
testClearWarnings(org.apache.commons.dbcp2.TestPStmtPoolingBasicDataSource)  Time elapsed: 0.002 sec
testSimple2(org.apache.commons.dbcp2.TestPStmtPoolingBasicDataSource)  Time elapsed: 0.001 sec
testSimple(org.apache.commons.dbcp2.TestPStmtPoolingBasicDataSource)  Time elapsed: 0.001 sec
Running org.apache.commons.dbcp2.managed.TestTransactionContext
Tests run: 1, Failures: 0, Errors: 0, Skipped: 0, Time elapsed: 0.051 sec - in org.apache.commons.dbcp2.managed.TestTransactionContext
testSetSharedConnectionEnlistFailure(org.apache.commons.dbcp2.managed.TestTransactionContext)  Time elapsed: 0.051 sec
Running org.apache.commons.dbcp2.managed.TestManagedDataSourceInTx
Tests run: 37, Failures: 0, Errors: 0, Skipped: 0, Time elapsed: 2.747 sec - in org.apache.commons.dbcp2.managed.TestManagedDataSourceInTx
testNestedConnections(org.apache.commons.dbcp2.managed.TestManagedDataSourceInTx)  Time elapsed: 0.004 sec
testSharedConnection(org.apache.commons.dbcp2.managed.TestManagedDataSourceInTx)  Time elapsed: 0.003 sec
testReadOnly(org.apache.commons.dbcp2.managed.TestManagedDataSourceInTx)  Time elapsed: 0 sec
testConnectionReturnOnCommit(org.apache.commons.dbcp2.managed.TestManagedDataSourceInTx)  Time elapsed: 0.001 sec
testAutoCommitBehavior(org.apache.commons.dbcp2.managed.TestManagedDataSourceInTx)  Time elapsed: 0 sec
testCloseInTransaction(org.apache.commons.dbcp2.managed.TestManagedDataSourceInTx)  Time elapsed: 0.001 sec
testManagedConnectionEqualsFail(org.apache.commons.dbcp2.managed.TestManagedDataSourceInTx)  Time elapsed: 0 sec
testHashCode(org.apache.commons.dbcp2.managed.TestManagedDataSourceInTx)  Time elapsed: 0.001 sec
testConnectionsAreDistinct(org.apache.commons.dbcp2.managed.TestManagedDataSourceInTx)  Time elapsed: 0 sec
testMaxTotal(org.apache.commons.dbcp2.managed.TestManagedDataSourceInTx)  Time elapsed: 0.102 sec
testCommit(org.apache.commons.dbcp2.managed.TestManagedDataSourceInTx)  Time elapsed: 0.001 sec
testClearWarnings(org.apache.commons.dbcp2.managed.TestManagedDataSourceInTx)  Time elapsed: 0.001 sec
testSharedTransactionConversion(org.apache.commons.dbcp2.managed.TestManagedDataSourceInTx)  Time elapsed: 0.001 sec
testManagedConnectionEqualsSameDelegateNoUnderlyingAccess(org.apache.commons.dbcp2.managed.TestManagedDataSourceInTx)  Time elapsed: 0.001 sec
testManagedConnectionEqualsSameDelegate(org.apache.commons.dbcp2.managed.TestManagedDataSourceInTx)  Time elapsed: 0 sec
testManagedConnectionEqualsNull(org.apache.commons.dbcp2.managed.TestManagedDataSourceInTx)  Time elapsed: 0.001 sec
testManagedConnectionEqualsType(org.apache.commons.dbcp2.managed.TestManagedDataSourceInTx)  Time elapsed: 0.001 sec
testManagedConnectionEqualInnermost(org.apache.commons.dbcp2.managed.TestManagedDataSourceInTx)  Time elapsed: 0.001 sec
testManagedConnectionEqualsReflexive(org.apache.commons.dbcp2.managed.TestManagedDataSourceInTx)  Time elapsed: 0 sec
testAccessToUnderlyingConnectionAllowed(org.apache.commons.dbcp2.managed.TestManagedDataSourceInTx)  Time elapsed: 0.001 sec
testThreaded(org.apache.commons.dbcp2.managed.TestManagedDataSourceInTx)  Time elapsed: 2.615 sec
testCanCloseStatementTwice(org.apache.commons.dbcp2.managed.TestManagedDataSourceInTx)  Time elapsed: 0.001 sec
testNoRsetClose(org.apache.commons.dbcp2.managed.TestManagedDataSourceInTx)  Time elapsed: 0.001 sec
testOpening(org.apache.commons.dbcp2.managed.TestManagedDataSourceInTx)  Time elapsed: 0 sec
testPooling(org.apache.commons.dbcp2.managed.TestManagedDataSourceInTx)  Time elapsed: 0.003 sec
testCanCloseConnectionTwice(org.apache.commons.dbcp2.managed.TestManagedDataSourceInTx)  Time elapsed: 0 sec
testIsClosed(org.apache.commons.dbcp2.managed.TestManagedDataSourceInTx)  Time elapsed: 0 sec
testCanCloseCallableStatementTwice(org.apache.commons.dbcp2.managed.TestManagedDataSourceInTx)  Time elapsed: 0 sec
testHashing(org.apache.commons.dbcp2.managed.TestManagedDataSourceInTx)  Time elapsed: 0 sec
testCanClosePreparedStatementTwice(org.apache.commons.dbcp2.managed.TestManagedDataSourceInTx)  Time elapsed: 0 sec
testClosing(org.apache.commons.dbcp2.managed.TestManagedDataSourceInTx)  Time elapsed: 0.001 sec
testPrepareStatementOptions(org.apache.commons.dbcp2.managed.TestManagedDataSourceInTx)  Time elapsed: 0.001 sec
testBackPointers(org.apache.commons.dbcp2.managed.TestManagedDataSourceInTx)  Time elapsed: 0 sec
testRepeatedBorrowAndReturn(org.apache.commons.dbcp2.managed.TestManagedDataSourceInTx)  Time elapsed: 0.001 sec
testCanCloseResultSetTwice(org.apache.commons.dbcp2.managed.TestManagedDataSourceInTx)  Time elapsed: 0.001 sec
testSimple2(org.apache.commons.dbcp2.managed.TestManagedDataSourceInTx)  Time elapsed: 0 sec
testSimple(org.apache.commons.dbcp2.managed.TestManagedDataSourceInTx)  Time elapsed: 0.001 sec
Running org.apache.commons.dbcp2.managed.TestDataSourceXAConnectionFactory
Tests run: 57, Failures: 0, Errors: 0, Skipped: 0, Time elapsed: 5.448 sec - in org.apache.commons.dbcp2.managed.TestDataSourceXAConnectionFactory
testPhysicalClose(org.apache.commons.dbcp2.managed.TestDataSourceXAConnectionFactory)  Time elapsed: 0.016 sec
testEmptyValidationQuery(org.apache.commons.dbcp2.managed.TestDataSourceXAConnectionFactory)  Time elapsed: 0.001 sec
testValidationQueryTimoutFail(org.apache.commons.dbcp2.managed.TestDataSourceXAConnectionFactory)  Time elapsed: 0 sec
testConcurrentInvalidateBorrow(org.apache.commons.dbcp2.managed.TestDataSourceXAConnectionFactory)  Time elapsed: 0.033 sec
testSetValidationTestProperties(org.apache.commons.dbcp2.managed.TestDataSourceXAConnectionFactory)  Time elapsed: 0 sec
testRollbackReadOnly(org.apache.commons.dbcp2.managed.TestDataSourceXAConnectionFactory)  Time elapsed: 0.001 sec
testClose(org.apache.commons.dbcp2.managed.TestDataSourceXAConnectionFactory)  Time elapsed: 0.001 sec
testPropertyTestOnReturn(org.apache.commons.dbcp2.managed.TestDataSourceXAConnectionFactory)  Time elapsed: 0 sec
testValidationQueryTimeoutSucceed(org.apache.commons.dbcp2.managed.TestDataSourceXAConnectionFactory)  Time elapsed: 0.001 sec
testMaxTotalZero(org.apache.commons.dbcp2.managed.TestDataSourceXAConnectionFactory)  Time elapsed: 0.1 sec
testPooling(org.apache.commons.dbcp2.managed.TestDataSourceXAConnectionFactory)  Time elapsed: 0.001 sec
testMaxConnLifetimeExceeded(org.apache.commons.dbcp2.managed.TestDataSourceXAConnectionFactory)  Time elapsed: 0.501 sec
testValidationQueryTimeoutNegative(org.apache.commons.dbcp2.managed.TestDataSourceXAConnectionFactory)  Time elapsed: 0.001 sec
testPoolCloseRTE(org.apache.commons.dbcp2.managed.TestDataSourceXAConnectionFactory)  Time elapsed: 0.001 sec
testInvalidConnectionInitSql(org.apache.commons.dbcp2.managed.TestDataSourceXAConnectionFactory)  Time elapsed: 0 sec
testSetAutoCommitTrueOnClose(org.apache.commons.dbcp2.managed.TestDataSourceXAConnectionFactory)  Time elapsed: 0.001 sec
testConcurrentInitBorrow(org.apache.commons.dbcp2.managed.TestDataSourceXAConnectionFactory)  Time elapsed: 0.453 sec
testValidationQueryTimeoutZero(org.apache.commons.dbcp2.managed.TestDataSourceXAConnectionFactory)  Time elapsed: 0.001 sec
testMaxConnLifetimeExceededMutedLog(org.apache.commons.dbcp2.managed.TestDataSourceXAConnectionFactory)  Time elapsed: 0.501 sec
testEmptyInitConnectionSql(org.apache.commons.dbcp2.managed.TestDataSourceXAConnectionFactory)  Time elapsed: 0 sec
testDriverClassLoader(org.apache.commons.dbcp2.managed.TestDataSourceXAConnectionFactory)  Time elapsed: 0.001 sec
testJmxDisabled(org.apache.commons.dbcp2.managed.TestDataSourceXAConnectionFactory)  Time elapsed: 0 sec
testInitialSize(org.apache.commons.dbcp2.managed.TestDataSourceXAConnectionFactory)  Time elapsed: 0.001 sec
testInvalidValidationQuery(org.apache.commons.dbcp2.managed.TestDataSourceXAConnectionFactory)  Time elapsed: 0 sec
testNoAccessToUnderlyingConnectionAllowed(org.apache.commons.dbcp2.managed.TestDataSourceXAConnectionFactory)  Time elapsed: 0 sec
testPoolCloseCheckedException(org.apache.commons.dbcp2.managed.TestDataSourceXAConnectionFactory)  Time elapsed: 0.001 sec
testCreateDataSourceCleanupEvictor(org.apache.commons.dbcp2.managed.TestDataSourceXAConnectionFactory)  Time elapsed: 1.001 sec
testTransactionIsolationBehavior(org.apache.commons.dbcp2.managed.TestDataSourceXAConnectionFactory)  Time elapsed: 0 sec
testCreateDataSourceCleanupThreads(org.apache.commons.dbcp2.managed.TestDataSourceXAConnectionFactory)  Time elapsed: 0.001 sec
testDefaultCatalog(org.apache.commons.dbcp2.managed.TestDataSourceXAConnectionFactory)  Time elapsed: 0.001 sec
testAccessToUnderlyingConnectionAllowed(org.apache.commons.dbcp2.managed.TestDataSourceXAConnectionFactory)  Time elapsed: 0 sec
testInvalidateConnection(org.apache.commons.dbcp2.managed.TestDataSourceXAConnectionFactory)  Time elapsed: 0 sec
testSetProperties(org.apache.commons.dbcp2.managed.TestDataSourceXAConnectionFactory)  Time elapsed: 0.001 sec
testMutateAbandonedConfig(org.apache.commons.dbcp2.managed.TestDataSourceXAConnectionFactory)  Time elapsed: 0 sec
testDisconnectSqlCodes(org.apache.commons.dbcp2.managed.TestDataSourceXAConnectionFactory)  Time elapsed: 0 sec
testIsClosedFailure(org.apache.commons.dbcp2.managed.TestDataSourceXAConnectionFactory)  Time elapsed: 0.001 sec
testThreaded(org.apache.commons.dbcp2.managed.TestDataSourceXAConnectionFactory)  Time elapsed: 2.703 sec
testCanCloseStatementTwice(org.apache.commons.dbcp2.managed.TestDataSourceXAConnectionFactory)  Time elapsed: 0.001 sec
testNoRsetClose(org.apache.commons.dbcp2.managed.TestDataSourceXAConnectionFactory)  Time elapsed: 0.001 sec
testOpening(org.apache.commons.dbcp2.managed.TestDataSourceXAConnectionFactory)  Time elapsed: 0.002 sec
testCanCloseConnectionTwice(org.apache.commons.dbcp2.managed.TestDataSourceXAConnectionFactory)  Time elapsed: 0.001 sec
testIsClosed(org.apache.commons.dbcp2.managed.TestDataSourceXAConnectionFactory)  Time elapsed: 0.001 sec
testCanCloseCallableStatementTwice(org.apache.commons.dbcp2.managed.TestDataSourceXAConnectionFactory)  Time elapsed: 0.001 sec
testAutoCommitBehavior(org.apache.commons.dbcp2.managed.TestDataSourceXAConnectionFactory)  Time elapsed: 0.001 sec
testHashing(org.apache.commons.dbcp2.managed.TestDataSourceXAConnectionFactory)  Time elapsed: 0 sec
testCanClosePreparedStatementTwice(org.apache.commons.dbcp2.managed.TestDataSourceXAConnectionFactory)  Time elapsed: 0.001 sec
testClosing(org.apache.commons.dbcp2.managed.TestDataSourceXAConnectionFactory)  Time elapsed: 0.002 sec
testPrepareStatementOptions(org.apache.commons.dbcp2.managed.TestDataSourceXAConnectionFactory)  Time elapsed: 0 sec
testBackPointers(org.apache.commons.dbcp2.managed.TestDataSourceXAConnectionFactory)  Time elapsed: 0.002 sec
testHashCode(org.apache.commons.dbcp2.managed.TestDataSourceXAConnectionFactory)  Time elapsed: 0 sec
testConnectionsAreDistinct(org.apache.commons.dbcp2.managed.TestDataSourceXAConnectionFactory)  Time elapsed: 0.001 sec
testMaxTotal(org.apache.commons.dbcp2.managed.TestDataSourceXAConnectionFactory)  Time elapsed: 0.102 sec
testRepeatedBorrowAndReturn(org.apache.commons.dbcp2.managed.TestDataSourceXAConnectionFactory)  Time elapsed: 0.001 sec
testCanCloseResultSetTwice(org.apache.commons.dbcp2.managed.TestDataSourceXAConnectionFactory)  Time elapsed: 0.001 sec
testClearWarnings(org.apache.commons.dbcp2.managed.TestDataSourceXAConnectionFactory)  Time elapsed: 0.002 sec
testSimple2(org.apache.commons.dbcp2.managed.TestDataSourceXAConnectionFactory)  Time elapsed: 0 sec
testSimple(org.apache.commons.dbcp2.managed.TestDataSourceXAConnectionFactory)  Time elapsed: 0.001 sec
Running org.apache.commons.dbcp2.managed.TestManagedConnection
Tests run: 1, Failures: 0, Errors: 0, Skipped: 0, Time elapsed: 0.001 sec - in org.apache.commons.dbcp2.managed.TestManagedConnection
testConnectionReturnOnErrorWhenEnlistingXAResource(org.apache.commons.dbcp2.managed.TestManagedConnection)  Time elapsed: 0.001 sec
Running org.apache.commons.dbcp2.managed.TestManagedDataSource
Tests run: 33, Failures: 0, Errors: 0, Skipped: 0, Time elapsed: 2.821 sec - in org.apache.commons.dbcp2.managed.TestManagedDataSource
testManagedConnectionEqualsSameDelegateNoUnderlyingAccess(org.apache.commons.dbcp2.managed.TestManagedDataSource)  Time elapsed: 0 sec
testNestedConnections(org.apache.commons.dbcp2.managed.TestManagedDataSource)  Time elapsed: 0.001 sec
testSharedConnection(org.apache.commons.dbcp2.managed.TestManagedDataSource)  Time elapsed: 0 sec
testManagedConnectionEqualsSameDelegate(org.apache.commons.dbcp2.managed.TestManagedDataSource)  Time elapsed: 0 sec
testConnectionReturnOnCommit(org.apache.commons.dbcp2.managed.TestManagedDataSource)  Time elapsed: 0.001 sec
testManagedConnectionEqualsFail(org.apache.commons.dbcp2.managed.TestManagedDataSource)  Time elapsed: 0 sec
testManagedConnectionEqualsNull(org.apache.commons.dbcp2.managed.TestManagedDataSource)  Time elapsed: 0 sec
testManagedConnectionEqualsType(org.apache.commons.dbcp2.managed.TestManagedDataSource)  Time elapsed: 0 sec
testManagedConnectionEqualInnermost(org.apache.commons.dbcp2.managed.TestManagedDataSource)  Time elapsed: 0 sec
testManagedConnectionEqualsReflexive(org.apache.commons.dbcp2.managed.TestManagedDataSource)  Time elapsed: 0 sec
testAccessToUnderlyingConnectionAllowed(org.apache.commons.dbcp2.managed.TestManagedDataSource)  Time elapsed: 0 sec
testThreaded(org.apache.commons.dbcp2.managed.TestManagedDataSource)  Time elapsed: 2.707 sec
testCanCloseStatementTwice(org.apache.commons.dbcp2.managed.TestManagedDataSource)  Time elapsed: 0.001 sec
testNoRsetClose(org.apache.commons.dbcp2.managed.TestManagedDataSource)  Time elapsed: 0 sec
testOpening(org.apache.commons.dbcp2.managed.TestManagedDataSource)  Time elapsed: 0 sec
testPooling(org.apache.commons.dbcp2.managed.TestManagedDataSource)  Time elapsed: 0.001 sec
testCanCloseConnectionTwice(org.apache.commons.dbcp2.managed.TestManagedDataSource)  Time elapsed: 0 sec
testIsClosed(org.apache.commons.dbcp2.managed.TestManagedDataSource)  Time elapsed: 0 sec
testCanCloseCallableStatementTwice(org.apache.commons.dbcp2.managed.TestManagedDataSource)  Time elapsed: 0.001 sec
testAutoCommitBehavior(org.apache.commons.dbcp2.managed.TestManagedDataSource)  Time elapsed: 0 sec
testHashing(org.apache.commons.dbcp2.managed.TestManagedDataSource)  Time elapsed: 0 sec
testCanClosePreparedStatementTwice(org.apache.commons.dbcp2.managed.TestManagedDataSource)  Time elapsed: 0.001 sec
testClosing(org.apache.commons.dbcp2.managed.TestManagedDataSource)  Time elapsed: 0 sec
testPrepareStatementOptions(org.apache.commons.dbcp2.managed.TestManagedDataSource)  Time elapsed: 0 sec
testBackPointers(org.apache.commons.dbcp2.managed.TestManagedDataSource)  Time elapsed: 0.001 sec
testHashCode(org.apache.commons.dbcp2.managed.TestManagedDataSource)  Time elapsed: 0.001 sec
testConnectionsAreDistinct(org.apache.commons.dbcp2.managed.TestManagedDataSource)  Time elapsed: 0 sec
testMaxTotal(org.apache.commons.dbcp2.managed.TestManagedDataSource)  Time elapsed: 0.101 sec
testRepeatedBorrowAndReturn(org.apache.commons.dbcp2.managed.TestManagedDataSource)  Time elapsed: 0.001 sec
testCanCloseResultSetTwice(org.apache.commons.dbcp2.managed.TestManagedDataSource)  Time elapsed: 0 sec
testClearWarnings(org.apache.commons.dbcp2.managed.TestManagedDataSource)  Time elapsed: 0.001 sec
testSimple2(org.apache.commons.dbcp2.managed.TestManagedDataSource)  Time elapsed: 0 sec
testSimple(org.apache.commons.dbcp2.managed.TestManagedDataSource)  Time elapsed: 0.001 sec
Running org.apache.commons.dbcp2.managed.TestBasicManagedDataSource
Tests run: 57, Failures: 0, Errors: 0, Skipped: 0, Time elapsed: 5.464 sec - in org.apache.commons.dbcp2.managed.TestBasicManagedDataSource
testReallyClose(org.apache.commons.dbcp2.managed.TestBasicManagedDataSource)  Time elapsed: 0.001 sec
testEmptyValidationQuery(org.apache.commons.dbcp2.managed.TestBasicManagedDataSource)  Time elapsed: 0.001 sec
testValidationQueryTimoutFail(org.apache.commons.dbcp2.managed.TestBasicManagedDataSource)  Time elapsed: 0 sec
testConcurrentInvalidateBorrow(org.apache.commons.dbcp2.managed.TestBasicManagedDataSource)  Time elapsed: 0.035 sec
testSetValidationTestProperties(org.apache.commons.dbcp2.managed.TestBasicManagedDataSource)  Time elapsed: 0 sec
testRollbackReadOnly(org.apache.commons.dbcp2.managed.TestBasicManagedDataSource)  Time elapsed: 0.001 sec
testClose(org.apache.commons.dbcp2.managed.TestBasicManagedDataSource)  Time elapsed: 0.001 sec
testPropertyTestOnReturn(org.apache.commons.dbcp2.managed.TestBasicManagedDataSource)  Time elapsed: 0 sec
testValidationQueryTimeoutSucceed(org.apache.commons.dbcp2.managed.TestBasicManagedDataSource)  Time elapsed: 0.001 sec
testMaxTotalZero(org.apache.commons.dbcp2.managed.TestBasicManagedDataSource)  Time elapsed: 0.101 sec
testPooling(org.apache.commons.dbcp2.managed.TestBasicManagedDataSource)  Time elapsed: 0.001 sec
testMaxConnLifetimeExceeded(org.apache.commons.dbcp2.managed.TestBasicManagedDataSource)  Time elapsed: 0.501 sec
testValidationQueryTimeoutNegative(org.apache.commons.dbcp2.managed.TestBasicManagedDataSource)  Time elapsed: 0.001 sec
testPoolCloseRTE(org.apache.commons.dbcp2.managed.TestBasicManagedDataSource)  Time elapsed: 0.001 sec
testInvalidConnectionInitSql(org.apache.commons.dbcp2.managed.TestBasicManagedDataSource)  Time elapsed: 0.001 sec
testSetAutoCommitTrueOnClose(org.apache.commons.dbcp2.managed.TestBasicManagedDataSource)  Time elapsed: 0 sec
testConcurrentInitBorrow(org.apache.commons.dbcp2.managed.TestBasicManagedDataSource)  Time elapsed: 0.453 sec
testValidationQueryTimeoutZero(org.apache.commons.dbcp2.managed.TestBasicManagedDataSource)  Time elapsed: 0 sec
testMaxConnLifetimeExceededMutedLog(org.apache.commons.dbcp2.managed.TestBasicManagedDataSource)  Time elapsed: 0.501 sec
testEmptyInitConnectionSql(org.apache.commons.dbcp2.managed.TestBasicManagedDataSource)  Time elapsed: 0 sec
testDriverClassLoader(org.apache.commons.dbcp2.managed.TestBasicManagedDataSource)  Time elapsed: 0.001 sec
testJmxDisabled(org.apache.commons.dbcp2.managed.TestBasicManagedDataSource)  Time elapsed: 0.001 sec
testInitialSize(org.apache.commons.dbcp2.managed.TestBasicManagedDataSource)  Time elapsed: 0 sec
testInvalidValidationQuery(org.apache.commons.dbcp2.managed.TestBasicManagedDataSource)  Time elapsed: 0 sec
testNoAccessToUnderlyingConnectionAllowed(org.apache.commons.dbcp2.managed.TestBasicManagedDataSource)  Time elapsed: 0.001 sec
testPoolCloseCheckedException(org.apache.commons.dbcp2.managed.TestBasicManagedDataSource)  Time elapsed: 0 sec
testCreateDataSourceCleanupEvictor(org.apache.commons.dbcp2.managed.TestBasicManagedDataSource)  Time elapsed: 1.001 sec
testTransactionIsolationBehavior(org.apache.commons.dbcp2.managed.TestBasicManagedDataSource)  Time elapsed: 0.001 sec
testCreateDataSourceCleanupThreads(org.apache.commons.dbcp2.managed.TestBasicManagedDataSource)  Time elapsed: 0 sec
testDefaultCatalog(org.apache.commons.dbcp2.managed.TestBasicManagedDataSource)  Time elapsed: 0.001 sec
testAccessToUnderlyingConnectionAllowed(org.apache.commons.dbcp2.managed.TestBasicManagedDataSource)  Time elapsed: 0.001 sec
testInvalidateConnection(org.apache.commons.dbcp2.managed.TestBasicManagedDataSource)  Time elapsed: 0 sec
testSetProperties(org.apache.commons.dbcp2.managed.TestBasicManagedDataSource)  Time elapsed: 0.001 sec
testMutateAbandonedConfig(org.apache.commons.dbcp2.managed.TestBasicManagedDataSource)  Time elapsed: 0 sec
testDisconnectSqlCodes(org.apache.commons.dbcp2.managed.TestBasicManagedDataSource)  Time elapsed: 0.001 sec
testIsClosedFailure(org.apache.commons.dbcp2.managed.TestBasicManagedDataSource)  Time elapsed: 0.003 sec
testThreaded(org.apache.commons.dbcp2.managed.TestBasicManagedDataSource)  Time elapsed: 2.741 sec
testCanCloseStatementTwice(org.apache.commons.dbcp2.managed.TestBasicManagedDataSource)  Time elapsed: 0.001 sec
testNoRsetClose(org.apache.commons.dbcp2.managed.TestBasicManagedDataSource)  Time elapsed: 0 sec
testOpening(org.apache.commons.dbcp2.managed.TestBasicManagedDataSource)  Time elapsed: 0 sec
testCanCloseConnectionTwice(org.apache.commons.dbcp2.managed.TestBasicManagedDataSource)  Time elapsed: 0.001 sec
testIsClosed(org.apache.commons.dbcp2.managed.TestBasicManagedDataSource)  Time elapsed: 0 sec
testCanCloseCallableStatementTwice(org.apache.commons.dbcp2.managed.TestBasicManagedDataSource)  Time elapsed: 0.001 sec
testAutoCommitBehavior(org.apache.commons.dbcp2.managed.TestBasicManagedDataSource)  Time elapsed: 0 sec
testHashing(org.apache.commons.dbcp2.managed.TestBasicManagedDataSource)  Time elapsed: 0 sec
testCanClosePreparedStatementTwice(org.apache.commons.dbcp2.managed.TestBasicManagedDataSource)  Time elapsed: 0 sec
testClosing(org.apache.commons.dbcp2.managed.TestBasicManagedDataSource)  Time elapsed: 0.001 sec
testPrepareStatementOptions(org.apache.commons.dbcp2.managed.TestBasicManagedDataSource)  Time elapsed: 0 sec
testBackPointers(org.apache.commons.dbcp2.managed.TestBasicManagedDataSource)  Time elapsed: 0.001 sec
testHashCode(org.apache.commons.dbcp2.managed.TestBasicManagedDataSource)  Time elapsed: 0 sec
testConnectionsAreDistinct(org.apache.commons.dbcp2.managed.TestBasicManagedDataSource)  Time elapsed: 0 sec
testMaxTotal(org.apache.commons.dbcp2.managed.TestBasicManagedDataSource)  Time elapsed: 0.101 sec
testRepeatedBorrowAndReturn(org.apache.commons.dbcp2.managed.TestBasicManagedDataSource)  Time elapsed: 0.001 sec
testCanCloseResultSetTwice(org.apache.commons.dbcp2.managed.TestBasicManagedDataSource)  Time elapsed: 0 sec
testClearWarnings(org.apache.commons.dbcp2.managed.TestBasicManagedDataSource)  Time elapsed: 0.001 sec
testSimple2(org.apache.commons.dbcp2.managed.TestBasicManagedDataSource)  Time elapsed: 0 sec
testSimple(org.apache.commons.dbcp2.managed.TestBasicManagedDataSource)  Time elapsed: 0.001 sec
Running org.apache.commons.dbcp2.TestDelegatingCallableStatement
Tests run: 3, Failures: 0, Errors: 0, Skipped: 0, Time elapsed: 0 sec - in org.apache.commons.dbcp2.TestDelegatingCallableStatement
testGetDelegate(org.apache.commons.dbcp2.TestDelegatingCallableStatement)  Time elapsed: 0 sec
testExecuteQueryReturnsNotNull(org.apache.commons.dbcp2.TestDelegatingCallableStatement)  Time elapsed: 0 sec
testExecuteQueryReturnsNull(org.apache.commons.dbcp2.TestDelegatingCallableStatement)  Time elapsed: 0 sec
Running org.apache.commons.dbcp2.TestPoolingDataSource
Tests run: 30, Failures: 0, Errors: 0, Skipped: 0, Time elapsed: 2.818 sec - in org.apache.commons.dbcp2.TestPoolingDataSource
testClose(org.apache.commons.dbcp2.TestPoolingDataSource)  Time elapsed: 0 sec
testFixFactoryConfig(org.apache.commons.dbcp2.TestPoolingDataSource)  Time elapsed: 0.001 sec
testPoolGuardConnectionWrapperEqualsSameDelegate(org.apache.commons.dbcp2.TestPoolingDataSource)  Time elapsed: 0 sec
testPoolGuardConnectionWrapperEqualInnermost(org.apache.commons.dbcp2.TestPoolingDataSource)  Time elapsed: 0 sec
testPoolGuardConnectionWrapperEqualsReflexive(org.apache.commons.dbcp2.TestPoolingDataSource)  Time elapsed: 0 sec
testPoolGuardConnectionWrapperEqualsFail(org.apache.commons.dbcp2.TestPoolingDataSource)  Time elapsed: 0.001 sec
testPoolGuardConnectionWrapperEqualsNull(org.apache.commons.dbcp2.TestPoolingDataSource)  Time elapsed: 0 sec
testPoolGuardConnectionWrapperEqualsType(org.apache.commons.dbcp2.TestPoolingDataSource)  Time elapsed: 0 sec
testThreaded(org.apache.commons.dbcp2.TestPoolingDataSource)  Time elapsed: 2.705 sec
testCanCloseStatementTwice(org.apache.commons.dbcp2.TestPoolingDataSource)  Time elapsed: 0 sec
testNoRsetClose(org.apache.commons.dbcp2.TestPoolingDataSource)  Time elapsed: 0.001 sec
testOpening(org.apache.commons.dbcp2.TestPoolingDataSource)  Time elapsed: 0 sec
testPooling(org.apache.commons.dbcp2.TestPoolingDataSource)  Time elapsed: 0 sec
testCanCloseConnectionTwice(org.apache.commons.dbcp2.TestPoolingDataSource)  Time elapsed: 0.001 sec
testIsClosed(org.apache.commons.dbcp2.TestPoolingDataSource)  Time elapsed: 0 sec
testCanCloseCallableStatementTwice(org.apache.commons.dbcp2.TestPoolingDataSource)  Time elapsed: 0.001 sec
testAutoCommitBehavior(org.apache.commons.dbcp2.TestPoolingDataSource)  Time elapsed: 0 sec
testHashing(org.apache.commons.dbcp2.TestPoolingDataSource)  Time elapsed: 0.001 sec
testCanClosePreparedStatementTwice(org.apache.commons.dbcp2.TestPoolingDataSource)  Time elapsed: 0 sec
testClosing(org.apache.commons.dbcp2.TestPoolingDataSource)  Time elapsed: 0 sec
testPrepareStatementOptions(org.apache.commons.dbcp2.TestPoolingDataSource)  Time elapsed: 0 sec
testBackPointers(org.apache.commons.dbcp2.TestPoolingDataSource)  Time elapsed: 0 sec
testHashCode(org.apache.commons.dbcp2.TestPoolingDataSource)  Time elapsed: 0.001 sec
testConnectionsAreDistinct(org.apache.commons.dbcp2.TestPoolingDataSource)  Time elapsed: 0 sec
testMaxTotal(org.apache.commons.dbcp2.TestPoolingDataSource)  Time elapsed: 0.1 sec
testRepeatedBorrowAndReturn(org.apache.commons.dbcp2.TestPoolingDataSource)  Time elapsed: 0.002 sec
testCanCloseResultSetTwice(org.apache.commons.dbcp2.TestPoolingDataSource)  Time elapsed: 0 sec
testClearWarnings(org.apache.commons.dbcp2.TestPoolingDataSource)  Time elapsed: 0.001 sec
testSimple2(org.apache.commons.dbcp2.TestPoolingDataSource)  Time elapsed: 0 sec
testSimple(org.apache.commons.dbcp2.TestPoolingDataSource)  Time elapsed: 0.001 sec
Running org.apache.commons.dbcp2.TestDriverManagerConnectionFactory
Tests run: 3, Failures: 0, Errors: 0, Skipped: 0, Time elapsed: 0.21 sec - in org.apache.commons.dbcp2.TestDriverManagerConnectionFactory
testDriverManagerInitWithCredentials(org.apache.commons.dbcp2.TestDriverManagerConnectionFactory)  Time elapsed: 0.107 sec
testDriverManagerInitWithEmptyProperties(org.apache.commons.dbcp2.TestDriverManagerConnectionFactory)  Time elapsed: 0 sec
testDriverManagerInitWithProperties(org.apache.commons.dbcp2.TestDriverManagerConnectionFactory)  Time elapsed: 0.103 sec
Running org.apache.commons.dbcp2.TestDelegatingDatabaseMetaData
Tests run: 2, Failures: 0, Errors: 0, Skipped: 0, Time elapsed: 0.009 sec - in org.apache.commons.dbcp2.TestDelegatingDatabaseMetaData
testGetDelegate(org.apache.commons.dbcp2.TestDelegatingDatabaseMetaData)  Time elapsed: 0.002 sec
testCheckOpen(org.apache.commons.dbcp2.TestDelegatingDatabaseMetaData)  Time elapsed: 0 sec
Running org.apache.commons.dbcp2.TestPoolingConnection
Tests run: 9, Failures: 0, Errors: 0, Skipped: 0, Time elapsed: 0.006 sec - in org.apache.commons.dbcp2.TestPoolingConnection
testPrepareCall(org.apache.commons.dbcp2.TestPoolingConnection)  Time elapsed: 0 sec
testPrepareStatementWithColumnIndexes(org.apache.commons.dbcp2.TestPoolingConnection)  Time elapsed: 0.004 sec
testPrepareStatementWithAutoGeneratedKeys(org.apache.commons.dbcp2.TestPoolingConnection)  Time elapsed: 0 sec
testPrepareStatementWithColumnNames(org.apache.commons.dbcp2.TestPoolingConnection)  Time elapsed: 0 sec
testPrepareCallWithResultSetHoldability(org.apache.commons.dbcp2.TestPoolingConnection)  Time elapsed: 0 sec
testPrepareStatementWithResultSetHoldability(org.apache.commons.dbcp2.TestPoolingConnection)  Time elapsed: 0.001 sec
testPrepareCallWithResultSetConcurrency(org.apache.commons.dbcp2.TestPoolingConnection)  Time elapsed: 0 sec
testPrepareStatementWithResultSetConcurrency(org.apache.commons.dbcp2.TestPoolingConnection)  Time elapsed: 0 sec
testPrepareStatement(org.apache.commons.dbcp2.TestPoolingConnection)  Time elapsed: 0 sec
Running org.apache.commons.dbcp2.TestJndi
Tests run: 3, Failures: 0, Errors: 0, Skipped: 0, Time elapsed: 0.01 sec - in org.apache.commons.dbcp2.TestJndi
testBasicDataSourceBind(org.apache.commons.dbcp2.TestJndi)  Time elapsed: 0.01 sec
testPerUserPoolDataSourceBind(org.apache.commons.dbcp2.TestJndi)  Time elapsed: 0 sec
testSharedPoolDataSourceBind(org.apache.commons.dbcp2.TestJndi)  Time elapsed: 0 sec
Running org.apache.commons.dbcp2.cpdsadapter.TestDriverAdapterCPDS
Tests run: 7, Failures: 0, Errors: 0, Skipped: 0, Time elapsed: 7.518 sec - in org.apache.commons.dbcp2.cpdsadapter.TestDriverAdapterCPDS
testNullValidationQuery(org.apache.commons.dbcp2.cpdsadapter.TestDriverAdapterCPDS)  Time elapsed: 0.001 sec
testClosingWithUserName(org.apache.commons.dbcp2.cpdsadapter.TestDriverAdapterCPDS)  Time elapsed: 0 sec
testDbcp367(org.apache.commons.dbcp2.cpdsadapter.TestDriverAdapterCPDS)  Time elapsed: 7.517 sec
testSimpleWithUsername(org.apache.commons.dbcp2.cpdsadapter.TestDriverAdapterCPDS)  Time elapsed: 0 sec
testSetProperties(org.apache.commons.dbcp2.cpdsadapter.TestDriverAdapterCPDS)  Time elapsed: 0 sec
testSimple(org.apache.commons.dbcp2.cpdsadapter.TestDriverAdapterCPDS)  Time elapsed: 0 sec
testIncorrectPassword(org.apache.commons.dbcp2.cpdsadapter.TestDriverAdapterCPDS)  Time elapsed: 0 sec
Running org.apache.commons.dbcp2.TestUtils
Tests run: 1, Failures: 0, Errors: 0, Skipped: 0, Time elapsed: 0 sec - in org.apache.commons.dbcp2.TestUtils
testClassLoads(org.apache.commons.dbcp2.TestUtils)  Time elapsed: 0 sec
Running org.apache.commons.dbcp2.TestPoolableConnection
Tests run: 5, Failures: 0, Errors: 0, Skipped: 0, Time elapsed: 0.001 sec - in org.apache.commons.dbcp2.TestPoolableConnection
testPoolableConnectionLeak(org.apache.commons.dbcp2.TestPoolableConnection)  Time elapsed: 0 sec
testFastFailValidationCustomCodes(org.apache.commons.dbcp2.TestPoolableConnection)  Time elapsed: 0 sec
testConnectionPool(org.apache.commons.dbcp2.TestPoolableConnection)  Time elapsed: 0 sec
testClosingWrappedInDelegate(org.apache.commons.dbcp2.TestPoolableConnection)  Time elapsed: 0.001 sec
testFastFailValidation(org.apache.commons.dbcp2.TestPoolableConnection)  Time elapsed: 0 sec
Running org.apache.commons.dbcp2.TestDelegatingStatement
Tests run: 4, Failures: 0, Errors: 0, Skipped: 0, Time elapsed: 0.004 sec - in org.apache.commons.dbcp2.TestDelegatingStatement
testGetDelegate(org.apache.commons.dbcp2.TestDelegatingStatement)  Time elapsed: 0 sec
testIsWrapperFor(org.apache.commons.dbcp2.TestDelegatingStatement)  Time elapsed: 0.003 sec
testExecuteQueryReturnsNull(org.apache.commons.dbcp2.TestDelegatingStatement)  Time elapsed: 0 sec
testCheckOpen(org.apache.commons.dbcp2.TestDelegatingStatement)  Time elapsed: 0.001 sec

Results :

Tests run: 560, Failures: 0, Errors: 0, Skipped: 0

[INFO] 
[INFO] --- maven-jar-plugin:3.0.0:jar (default-jar) @ commons-dbcp2 ---
[INFO] Building jar: /tmp/tmpfy5p7a29/commons-dbcp/target/commons-dbcp2-2.2.0.jar
[INFO] 
[INFO] --- maven-site-plugin:3.6:attach-descriptor (attach-descriptor) @ commons-dbcp2 ---
[INFO] Skipping because packaging 'jar' is not pom.
[INFO] 
[INFO] --- maven-assembly-plugin:3.2.0:single (default) @ commons-dbcp2 ---
[INFO] Reading assembly descriptor: src/assembly/src.xml
[INFO] ------------------------------------------------------------------------
[INFO] BUILD FAILURE
[INFO] ------------------------------------------------------------------------
[INFO] Total time:  01:45 min
[INFO] Finished at: 2020-08-03T09:46:58Z
[INFO] ------------------------------------------------------------------------
[ERROR] Failed to execute goal org.apache.maven.plugins:maven-assembly-plugin:3.2.0:single (default) on project commons-dbcp2: Error reading assemblies: Error locating assembly descriptor: src/assembly/src.xml
[ERROR] 
[ERROR] [1] [INFO] Searching for file location: /tmp/tmpfy5p7a29/commons-dbcp/src/assembly/src.xml
[ERROR] 
[ERROR] [2] [INFO] File: /tmp/tmpfy5p7a29/commons-dbcp/src/assembly/src.xml does not exist.
[ERROR] 
[ERROR] [3] [INFO] File: /tmp/tmpfy5p7a29/commons-dbcp/src/assembly/src.xml does not exist.
[ERROR] -> [Help 1]
org.apache.maven.lifecycle.LifecycleExecutionException: Failed to execute goal org.apache.maven.plugins:maven-assembly-plugin:3.2.0:single (default) on project commons-dbcp2: Error reading assemblies: Error locating assembly descriptor: src/assembly/src.xml

[1] [INFO] Searching for file location: /tmp/tmpfy5p7a29/commons-dbcp/src/assembly/src.xml

[2] [INFO] File: /tmp/tmpfy5p7a29/commons-dbcp/src/assembly/src.xml does not exist.

[3] [INFO] File: /tmp/tmpfy5p7a29/commons-dbcp/src/assembly/src.xml does not exist.
    at org.apache.maven.lifecycle.internal.MojoExecutor.execute (MojoExecutor.java:215)
    at org.apache.maven.lifecycle.internal.MojoExecutor.execute (MojoExecutor.java:156)
    at org.apache.maven.lifecycle.internal.MojoExecutor.execute (MojoExecutor.java:148)
    at org.apache.maven.lifecycle.internal.LifecycleModuleBuilder.buildProject (LifecycleModuleBuilder.java:117)
    at org.apache.maven.lifecycle.internal.LifecycleModuleBuilder.buildProject (LifecycleModuleBuilder.java:81)
    at org.apache.maven.lifecycle.internal.builder.singlethreaded.SingleThreadedBuilder.build (SingleThreadedBuilder.java:56)
    at org.apache.maven.lifecycle.internal.LifecycleStarter.execute (LifecycleStarter.java:128)
    at org.apache.maven.DefaultMaven.doExecute (DefaultMaven.java:305)
    at org.apache.maven.DefaultMaven.doExecute (DefaultMaven.java:192)
    at org.apache.maven.DefaultMaven.execute (DefaultMaven.java:105)
    at org.apache.maven.cli.MavenCli.execute (MavenCli.java:957)
    at org.apache.maven.cli.MavenCli.doMain (MavenCli.java:289)
    at org.apache.maven.cli.MavenCli.main (MavenCli.java:193)
    at sun.reflect.NativeMethodAccessorImpl.invoke0 (Native Method)
    at sun.reflect.NativeMethodAccessorImpl.invoke (NativeMethodAccessorImpl.java:62)
    at sun.reflect.DelegatingMethodAccessorImpl.invoke (DelegatingMethodAccessorImpl.java:43)
    at java.lang.reflect.Method.invoke (Method.java:498)
    at org.codehaus.plexus.classworlds.launcher.Launcher.launchEnhanced (Launcher.java:282)
    at org.codehaus.plexus.classworlds.launcher.Launcher.launch (Launcher.java:225)
    at org.codehaus.plexus.classworlds.launcher.Launcher.mainWithExitCode (Launcher.java:406)
    at org.codehaus.plexus.classworlds.launcher.Launcher.main (Launcher.java:347)
Caused by: org.apache.maven.plugin.MojoExecutionException: Error reading assemblies: Error locating assembly descriptor: src/assembly/src.xml

[1] [INFO] Searching for file location: /tmp/tmpfy5p7a29/commons-dbcp/src/assembly/src.xml

[2] [INFO] File: /tmp/tmpfy5p7a29/commons-dbcp/src/assembly/src.xml does not exist.

[3] [INFO] File: /tmp/tmpfy5p7a29/commons-dbcp/src/assembly/src.xml does not exist.
    at org.apache.maven.plugins.assembly.mojos.AbstractAssemblyMojo.execute (AbstractAssemblyMojo.java:454)
    at org.apache.maven.plugins.assembly.mojos.SingleAssemblyMojo.execute (SingleAssemblyMojo.java:61)
    at org.apache.maven.plugin.DefaultBuildPluginManager.executeMojo (DefaultBuildPluginManager.java:137)
    at org.apache.maven.lifecycle.internal.MojoExecutor.execute (MojoExecutor.java:210)
    at org.apache.maven.lifecycle.internal.MojoExecutor.execute (MojoExecutor.java:156)
    at org.apache.maven.lifecycle.internal.MojoExecutor.execute (MojoExecutor.java:148)
    at org.apache.maven.lifecycle.internal.LifecycleModuleBuilder.buildProject (LifecycleModuleBuilder.java:117)
    at org.apache.maven.lifecycle.internal.LifecycleModuleBuilder.buildProject (LifecycleModuleBuilder.java:81)
    at org.apache.maven.lifecycle.internal.builder.singlethreaded.SingleThreadedBuilder.build (SingleThreadedBuilder.java:56)
    at org.apache.maven.lifecycle.internal.LifecycleStarter.execute (LifecycleStarter.java:128)
    at org.apache.maven.DefaultMaven.doExecute (DefaultMaven.java:305)
    at org.apache.maven.DefaultMaven.doExecute (DefaultMaven.java:192)
    at org.apache.maven.DefaultMaven.execute (DefaultMaven.java:105)
    at org.apache.maven.cli.MavenCli.execute (MavenCli.java:957)
    at org.apache.maven.cli.MavenCli.doMain (MavenCli.java:289)
    at org.apache.maven.cli.MavenCli.main (MavenCli.java:193)
    at sun.reflect.NativeMethodAccessorImpl.invoke0 (Native Method)
    at sun.reflect.NativeMethodAccessorImpl.invoke (NativeMethodAccessorImpl.java:62)
    at sun.reflect.DelegatingMethodAccessorImpl.invoke (DelegatingMethodAccessorImpl.java:43)
    at java.lang.reflect.Method.invoke (Method.java:498)
    at org.codehaus.plexus.classworlds.launcher.Launcher.launchEnhanced (Launcher.java:282)
    at org.codehaus.plexus.classworlds.launcher.Launcher.launch (Launcher.java:225)
    at org.codehaus.plexus.classworlds.launcher.Launcher.mainWithExitCode (Launcher.java:406)
    at org.codehaus.plexus.classworlds.launcher.Launcher.main (Launcher.java:347)
Caused by: org.apache.maven.plugins.assembly.io.AssemblyReadException: Error locating assembly descriptor: src/assembly/src.xml

[1] [INFO] Searching for file location: /tmp/tmpfy5p7a29/commons-dbcp/src/assembly/src.xml

[2] [INFO] File: /tmp/tmpfy5p7a29/commons-dbcp/src/assembly/src.xml does not exist.

[3] [INFO] File: /tmp/tmpfy5p7a29/commons-dbcp/src/assembly/src.xml does not exist.
    at org.apache.maven.plugins.assembly.io.DefaultAssemblyReader.addAssemblyFromDescriptor (DefaultAssemblyReader.java:294)
    at org.apache.maven.plugins.assembly.io.DefaultAssemblyReader.readAssemblies (DefaultAssemblyReader.java:116)
    at org.apache.maven.plugins.assembly.mojos.AbstractAssemblyMojo.execute (AbstractAssemblyMojo.java:450)
    at org.apache.maven.plugins.assembly.mojos.SingleAssemblyMojo.execute (SingleAssemblyMojo.java:61)
    at org.apache.maven.plugin.DefaultBuildPluginManager.executeMojo (DefaultBuildPluginManager.java:137)
    at org.apache.maven.lifecycle.internal.MojoExecutor.execute (MojoExecutor.java:210)
    at org.apache.maven.lifecycle.internal.MojoExecutor.execute (MojoExecutor.java:156)
    at org.apache.maven.lifecycle.internal.MojoExecutor.execute (MojoExecutor.java:148)
    at org.apache.maven.lifecycle.internal.LifecycleModuleBuilder.buildProject (LifecycleModuleBuilder.java:117)
    at org.apache.maven.lifecycle.internal.LifecycleModuleBuilder.buildProject (LifecycleModuleBuilder.java:81)
    at org.apache.maven.lifecycle.internal.builder.singlethreaded.SingleThreadedBuilder.build (SingleThreadedBuilder.java:56)
    at org.apache.maven.lifecycle.internal.LifecycleStarter.execute (LifecycleStarter.java:128)
    at org.apache.maven.DefaultMaven.doExecute (DefaultMaven.java:305)
    at org.apache.maven.DefaultMaven.doExecute (DefaultMaven.java:192)
    at org.apache.maven.DefaultMaven.execute (DefaultMaven.java:105)
    at org.apache.maven.cli.MavenCli.execute (MavenCli.java:957)
    at org.apache.maven.cli.MavenCli.doMain (MavenCli.java:289)
    at org.apache.maven.cli.MavenCli.main (MavenCli.java:193)
    at sun.reflect.NativeMethodAccessorImpl.invoke0 (Native Method)
    at sun.reflect.NativeMethodAccessorImpl.invoke (NativeMethodAccessorImpl.java:62)
    at sun.reflect.DelegatingMethodAccessorImpl.invoke (DelegatingMethodAccessorImpl.java:43)
    at java.lang.reflect.Method.invoke (Method.java:498)
    at org.codehaus.plexus.classworlds.launcher.Launcher.launchEnhanced (Launcher.java:282)
    at org.codehaus.plexus.classworlds.launcher.Launcher.launch (Launcher.java:225)
    at org.codehaus.plexus.classworlds.launcher.Launcher.mainWithExitCode (Launcher.java:406)
    at org.codehaus.plexus.classworlds.launcher.Launcher.main (Launcher.java:347)
[ERROR] 
[ERROR] Re-run Maven using the -X switch to enable full debug logging.
[ERROR] 
[ERROR] For more information about the errors and possible solutions, please read the following articles:
[ERROR] [Help 1] http://cwiki.apache.org/confluence/display/MAVEN/MojoExecutionException
[INFO] Build failures were ignored.
