[INFO] Error stacktraces are turned on.
[INFO] Scanning for projects...
[INFO] 
[INFO] ------------------< com.esotericsoftware:reflectasm >-------------------
[INFO] Building ReflectASM 1.10.0
[INFO] -------------------------------[ bundle ]-------------------------------
[INFO] 
[INFO] --- maven-enforcer-plugin:1.0:enforce (enforce-maven) @ reflectasm ---
[INFO] 
[INFO] --- maven-compiler-plugin:3.1:compile (default-compile) @ reflectasm ---
[INFO] Changes detected - recompiling the module!
[INFO] Compiling 5 source files to /tmp/tmphx4h1xqr/reflectasm/target/classes
[WARNING] /tmp/tmphx4h1xqr/reflectasm/src/com/esotericsoftware/reflectasm/AccessClassLoader.java: Some input files use unchecked or unsafe operations.
[WARNING] /tmp/tmphx4h1xqr/reflectasm/src/com/esotericsoftware/reflectasm/AccessClassLoader.java: Recompile with -Xlint:unchecked for details.
[INFO] 
[INFO] --- maven-compiler-plugin:3.1:testCompile (default-testCompile) @ reflectasm ---
[INFO] Changes detected - recompiling the module!
[INFO] Compiling 8 source files to /tmp/tmphx4h1xqr/reflectasm/target/test-classes
[WARNING] /tmp/tmphx4h1xqr/reflectasm/test/com/esotericsoftware/reflectasm/benchmark/Benchmark.java: Some input files use unchecked or unsafe operations.
[WARNING] /tmp/tmphx4h1xqr/reflectasm/test/com/esotericsoftware/reflectasm/benchmark/Benchmark.java: Recompile with -Xlint:unchecked for details.
[INFO] 
[INFO] --- maven-surefire-plugin:3.0.0-M5:test (default-test) @ reflectasm ---
[INFO] Surefire report directory: /tmp/tmphx4h1xqr/reflectasm/target/surefire-reports
[INFO] 
[INFO] -------------------------------------------------------
[INFO]  T E S T S
[INFO] -------------------------------------------------------
[INFO] Running com.esotericsoftware.reflectasm.MethodAccessTest
[INFO] Tests run: 3, Failures: 0, Errors: 0, Skipped: 0, Time elapsed: 0.039 s - in com.esotericsoftware.reflectasm.MethodAccessTest
[INFO] Running com.esotericsoftware.reflectasm.ClassLoaderTest
[INFO] Tests run: 3, Failures: 0, Errors: 0, Skipped: 0, Time elapsed: 0.081 s - in com.esotericsoftware.reflectasm.ClassLoaderTest
[INFO] Running com.esotericsoftware.reflectasm.ConstructorAccessTest
Expected exception happened: java.lang.RuntimeException: Class cannot be created (missing no-arg constructor): com.esotericsoftware.reflectasm.ConstructorAccessTest$HasArgumentConstructor
Expected exception happened: java.lang.RuntimeException: Class cannot be created (the no-arg constructor is private): com.esotericsoftware.reflectasm.ConstructorAccessTest$HasPrivateConstructor
[INFO] Tests run: 7, Failures: 0, Errors: 0, Skipped: 0, Time elapsed: 0.004 s - in com.esotericsoftware.reflectasm.ConstructorAccessTest
[INFO] Running com.esotericsoftware.reflectasm.FieldAccessTest
[INFO] Tests run: 3, Failures: 0, Errors: 0, Skipped: 0, Time elapsed: 0.001 s - in com.esotericsoftware.reflectasm.FieldAccessTest
[INFO] 
[INFO] Results:
[INFO] 
[INFO] Tests run: 16, Failures: 0, Errors: 0, Skipped: 0
[INFO] 
[INFO] 
[INFO] --- maven-bundle-plugin:2.5.0:bundle (default-bundle) @ reflectasm ---
[INFO] 
[INFO] --- maven-shade-plugin:2.3:shade (default) @ reflectasm ---
[INFO] Including org.ow2.asm:asm:jar:4.2 in the shaded jar.
[INFO] Minimizing jar com.esotericsoftware:reflectasm:bundle:1.10.0
[INFO] Minimized 32 -> 29 (90%)
[INFO] Attaching shaded artifact.
[INFO] 
[INFO] --- maven-assembly-plugin:3.2.0:single (default) @ reflectasm ---
[INFO] Building jar: /tmp/tmphx4h1xqr/reflectasm/target/reflectasm-1.10.0-jar-with-dependencies.jar
[INFO] ------------------------------------------------------------------------
[INFO] BUILD SUCCESS
[INFO] ------------------------------------------------------------------------
[INFO] Total time:  5.629 s
[INFO] Finished at: 2020-07-30T19:38:17Z
[INFO] ------------------------------------------------------------------------
