[INFO] Error stacktraces are turned on.
[INFO] Scanning for projects...
[WARNING] 
[WARNING] Some problems were encountered while building the effective model for com.translate.online:translate-online:jar:1.0-SNAPSHOT
[WARNING] The expression ${artifactId} is deprecated. Please use ${project.artifactId} instead.
[WARNING] 
[WARNING] It is highly recommended to fix these problems because they threaten the stability of your build.
[WARNING] 
[WARNING] For this reason, future Maven versions might no longer support building such malformed projects.
[WARNING] 
[INFO] 
[INFO] ---------------< com.translate.online:translate-online >----------------
[INFO] Building translate-online 1.0-SNAPSHOT
[INFO] --------------------------------[ jar ]---------------------------------
[INFO] 
[INFO] --- jacoco-maven-plugin:0.8.5:prepare-agent (default) @ translate-online ---
[INFO] argLine set to -javaagent:/home/jdbl/.m2/repository/org/jacoco/org.jacoco.agent/0.8.5/org.jacoco.agent-0.8.5-runtime.jar=destfile=/tmp/tmpq3o98fzi/translate-online/target/jacoco.exec
[INFO] 
[INFO] --- maven-resources-plugin:2.6:resources (default-resources) @ translate-online ---
[WARNING] Using platform encoding (UTF-8 actually) to copy filtered resources, i.e. build is platform dependent!
[INFO] skip non existing resourceDirectory /tmp/tmpq3o98fzi/translate-online/src/main/resources
[INFO] 
[INFO] --- maven-compiler-plugin:3.7.0:compile (default-compile) @ translate-online ---
[INFO] Changes detected - recompiling the module!
[WARNING] File encoding has not been set, using platform encoding UTF-8, i.e. build is platform dependent!
[INFO] Compiling 16 source files to /tmp/tmpq3o98fzi/translate-online/target/classes
[INFO] 
[INFO] --- maven-resources-plugin:2.6:testResources (default-testResources) @ translate-online ---
[WARNING] Using platform encoding (UTF-8 actually) to copy filtered resources, i.e. build is platform dependent!
[INFO] skip non existing resourceDirectory /tmp/tmpq3o98fzi/translate-online/src/test/resources
[INFO] 
[INFO] --- maven-compiler-plugin:3.7.0:testCompile (default-testCompile) @ translate-online ---
[INFO] Changes detected - recompiling the module!
[WARNING] File encoding has not been set, using platform encoding UTF-8, i.e. build is platform dependent!
[INFO] Compiling 4 source files to /tmp/tmpq3o98fzi/translate-online/target/test-classes
[INFO] 
[INFO] --- maven-surefire-plugin:2.19.1:test (default-test) @ translate-online ---
[INFO] Surefire report directory: /tmp/tmpq3o98fzi/translate-online/target/surefire-reports

-------------------------------------------------------
 T E S T S
-------------------------------------------------------
Running com.translate.online.parser.GoogleParserTest
<div><div>test</div><div>测试</div></div><div><a style="display:inline-block;margin-top:.2em;" href="https://translate.google.cn/#auto/zh-CN/test">☞</a></div>
<div><div>take off</div><div>脱掉</div></div><div><a style="display:inline-block;margin-top:.2em;" href="https://translate.google.cn/#auto/zh-CN/take off">☞</a></div>
<div><div>His theories have never really been put to the test.</div><div>他的理论从未真正经受考验。</div></div><div><a style="display:inline-block;margin-top:.2em;" href="https://translate.google.cn/#auto/zh-CN/His theories have never really been put to the test.">☞</a></div>
<div><div>测试</div><div>test</div></div><div><a style="display:inline-block;margin-top:.2em;" href="https://translate.google.cn/#auto/en/测试">☞</a></div>
Tests run: 1, Failures: 0, Errors: 0, Skipped: 0, Time elapsed: 1.025 sec - in com.translate.online.parser.GoogleParserTest
Running com.translate.online.parser.IcibaParserTest
<div>        <div id=\"icIBahyI-title\" class=\"icIBahyI-title\" style=\"display:none\">test</div>        <div id=\"icIBahyI-dict_main\">            <div class=\"icIBahyI-dictbar\">              <div class=\"icIBahyI-dict_title\">                <div class=\"icIBahyI-prons\">				<span class=\"icIBahyI-eg\">				<span class=\"icIBahyI-fl\">[英]					<strong>[</strong><strong lang=\"EN-US\" xml:lang=\"EN-US\">test</strong><strong>]</strong>				</span>								</span> 				<span class=\"icIBahyI-eg\">				<span class=\"icIBahyI-fl\">[美]				<strong>[</strong><strong lang=\"EN-US\" xml:lang=\"EN-US\">test</strong><strong>]</strong>				</span>								</span>               </div>            </div>            <div class=\"icIBahyI-simple\">              <div class=\"icIBahyI-tab_list\"></div>              <div class=\"icIBahyI-dict_content\">                <div class=\"icIBahyI-group_prons\">	               		<div class=\"icIBahyI-group_pos\"><div>			               <span class=\"icIBahyI-fl\">n.</span><span class=\"icIBahyI-label_list\">					              		 <label>试验；</label> 					              		 <label>考验；</label> 					              		 <label>测验；</label> 					              		 <label>化验；</label> </span></div><div>			               <span class=\"icIBahyI-fl\">vt.</span><span class=\"icIBahyI-label_list\">					              		 <label>测验；</label> 					              		 <label>考查；</label> 					              		 <label>考验；</label> 					              		 <label>勘探；</label> </span></div><div>			               <span class=\"icIBahyI-fl\">vi.</span><span class=\"icIBahyI-label_list\">					              		 <label>受试验；</label> 					              		 <label>受测验；</label> 					              		 <label>受考验；</label> 					              		 <label>测得结果；</label> </span></div>              </div>              </div>          </div>      	</div>      	</div></div><div><a style="display:inline-block;margin-top:.2em;" href="http://www.iciba.com/test">☞</a></div>
<div>        <div id=\"icIBahyI-title\" class=\"icIBahyI-title\" style=\"display:none\">take off</div>        <div id=\"icIBahyI-dict_main\">            <div class=\"icIBahyI-dictbar\">              <div class=\"icIBahyI-dict_title\">                <div class=\"icIBahyI-prons\">				<span class=\"icIBahyI-eg\">				<span class=\"icIBahyI-fl\">[英]					<strong>[</strong><strong lang=\"EN-US\" xml:lang=\"EN-US\">teik ɔf</strong><strong>]</strong>				</span>								</span> 				<span class=\"icIBahyI-eg\">				<span class=\"icIBahyI-fl\">[美]				<strong>[</strong><strong lang=\"EN-US\" xml:lang=\"EN-US\">tek ɔf</strong><strong>]</strong>				</span>								</span>               </div>            </div>            <div class=\"icIBahyI-simple\">              <div class=\"icIBahyI-tab_list\"></div>              <div class=\"icIBahyI-dict_content\">                <div class=\"icIBahyI-group_prons\">	               		<div class=\"icIBahyI-group_pos\"><div><span class=\"icIBahyI-label_list\">					              		 <label>脱掉；</label> 					              		 <label>起飞；</label> 					              		 <label>（使）离开；</label> 					              		 <label>突然成功；</label> </span></div>              </div>              </div>          </div>      	</div>      	</div></div><div><a style="display:inline-block;margin-top:.2em;" href="http://www.iciba.com/take off">☞</a></div>
<div><div id=\"icIBahyI-dict_main\">     <div class=\"icIBahyI-suggest2\">他的理论从未真正经受过考验。</div></div></div><div><a style="display:inline-block;margin-top:.2em;" href="http://www.iciba.com/His theories have never really been put to the test.">☞</a></div>
<div>        <div id=\"icIBahyI-title\" class=\"icIBahyI-title\" style=\"display:none\">测试</div>        <div id=\"icIBahyI-dict_main\">            <div class=\"icIBahyI-dictbar\">              <div class=\"icIBahyI-dict_title\">                <div class=\"icIBahyI-prons\"> 				<span class=\"icIBahyI-eg\"> 				<span class=\"icIBahyI-fl\">  					<strong>[</strong><strong lang=\"EN-US\" xml:lang=\"EN-US\">cè shì</strong><strong>]</strong> 				</span>							</span> </div></div><div class=\"icIBahyI-simple\"><div class=\"icIBahyI-tab_list\"></div><div class=\"icIBahyI-dict_content\"><div class=\"icIBahyI-group_prons\"><div class=\"icIBahyI-group_pos\"><div><span class=\"icIBahyI-label_list\"><label>test；</label><label>testing；</label><label>checkout；</label><label>measurement ；</label></span></div></div>	</div> </div></div></div></div><div><a style="display:inline-block;margin-top:.2em;" href="http://www.iciba.com/测试">☞</a></div>
Tests run: 1, Failures: 0, Errors: 0, Skipped: 0, Time elapsed: 1.385 sec - in com.translate.online.parser.IcibaParserTest
Running com.translate.online.parser.BingParserTest
<div><div></div></div><div><a style="display:inline-block;margin-top:.2em;" href="https://cn.bing.com/dict/search?q=test">☞</a></div>
<div><div></div></div><div><a style="display:inline-block;margin-top:.2em;" href="https://cn.bing.com/dict/search?q=take off">☞</a></div>
<div><div></div></div><div><a style="display:inline-block;margin-top:.2em;" href="https://cn.bing.com/dict/search?q=His theories have never really been put to the test.">☞</a></div>
<div><div></div></div><div><a style="display:inline-block;margin-top:.2em;" href="https://cn.bing.com/dict/search?q=测试">☞</a></div>
Tests run: 1, Failures: 0, Errors: 0, Skipped: 0, Time elapsed: 2.578 sec - in com.translate.online.parser.BingParserTest
Running com.translate.online.parser.YoudaoParserTest
<div><div>test 英 [test] 美 [test]</div><div>n. 测验，考查；测试；检验；化验</div><div>v. 测验；化验，检查；试验，测试；考验</div>网络：测试；测验；[化验] 试验；考试</div><div><a style="display:inline-block;margin-top:.2em;" href="https://dict.youdao.com/w/eng/test">☞</a></div>
<div><div>take off 英 美</div><div>起飞；脱下；离开；突然成功</div>网络：起飞；脱下；拿走；脱掉</div><div><a style="display:inline-block;margin-top:.2em;" href="https://dict.youdao.com/w/eng/take off">☞</a></div>
<div><div></div><div>His theories have never really been put to the test.</div><div>他的理论从未真正经受过考验。</div></div><div><a style="display:inline-block;margin-top:.2em;" href="https://dict.youdao.com/w/eng/His theories have never really been put to the test.">☞</a></div>
<div><div>测试 [cè shì]</div><div>n. measurement</div><div>vt. test</div>网络：[试验] Test；TST test；Beta；[试验] testing</div><div><a style="display:inline-block;margin-top:.2em;" href="https://dict.youdao.com/w/eng/测试">☞</a></div>
Tests run: 1, Failures: 0, Errors: 0, Skipped: 0, Time elapsed: 7.206 sec - in com.translate.online.parser.YoudaoParserTest

Results :

Tests run: 4, Failures: 0, Errors: 0, Skipped: 0

[INFO] 
[INFO] --- jacoco-maven-plugin:0.8.5:report (report) @ translate-online ---
[INFO] Loading execution data file /tmp/tmpq3o98fzi/translate-online/target/jacoco.exec
[INFO] Analyzed bundle 'translate-online' with 251 classes
[INFO] ------------------------------------------------------------------------
[INFO] BUILD SUCCESS
[INFO] ------------------------------------------------------------------------
[INFO] Total time:  17.955 s
[INFO] Finished at: 2020-07-30T20:23:50Z
[INFO] ------------------------------------------------------------------------
