[INFO] Error stacktraces are turned on.
[INFO] Scanning for projects...
[INFO] 
[INFO] -------------------< com.github.javafaker:javafaker >-------------------
[INFO] Building Java Faker 1.0.2
[INFO] --------------------------------[ jar ]---------------------------------
[INFO] 
[INFO] --- maven-enforcer-plugin:1.0:enforce (enforce-maven) @ javafaker ---
[INFO] 
[INFO] --- maven-resources-plugin:2.6:resources (default-resources) @ javafaker ---
[INFO] Using 'UTF-8' encoding to copy filtered resources.
[INFO] Copying 215 resources
[INFO] 
[INFO] --- maven-compiler-plugin:3.7.0:compile (default-compile) @ javafaker ---
[INFO] Changes detected - recompiling the module!
[INFO] Compiling 90 source files to /tmp/tmp9d_mnhex/java-faker/target/classes
[INFO] /tmp/tmp9d_mnhex/java-faker/src/main/java/com/github/javafaker/service/FakeValuesService.java: /tmp/tmp9d_mnhex/java-faker/src/main/java/com/github/javafaker/service/FakeValuesService.java uses unchecked or unsafe operations.
[INFO] /tmp/tmp9d_mnhex/java-faker/src/main/java/com/github/javafaker/service/FakeValuesService.java: Recompile with -Xlint:unchecked for details.
[INFO] 
[INFO] --- maven-resources-plugin:2.6:testResources (default-testResources) @ javafaker ---
[INFO] Using 'UTF-8' encoding to copy filtered resources.
[INFO] Copying 1 resource
[INFO] 
[INFO] --- maven-compiler-plugin:3.7.0:testCompile (default-testCompile) @ javafaker ---
[INFO] Changes detected - recompiling the module!
[INFO] Compiling 99 source files to /tmp/tmp9d_mnhex/java-faker/target/test-classes
[INFO] 
[INFO] --- maven-surefire-plugin:2.12.4:test (default-test) @ javafaker ---
[INFO] Surefire report directory: /tmp/tmp9d_mnhex/java-faker/target/surefire-reports

-------------------------------------------------------
 T E S T S
-------------------------------------------------------
Running com.github.javafaker.FileTest
Tests run: 7, Failures: 0, Errors: 0, Skipped: 0, Time elapsed: 0.774 sec
Running com.github.javafaker.MedicalTest
Tests run: 4, Failures: 0, Errors: 0, Skipped: 0, Time elapsed: 0.071 sec
Running com.github.javafaker.AppTest
Tests run: 3, Failures: 0, Errors: 0, Skipped: 0, Time elapsed: 0.039 sec
Running com.github.javafaker.BackToTheFutureTest
Tests run: 3, Failures: 0, Errors: 0, Skipped: 0, Time elapsed: 0.008 sec
Running com.github.javafaker.StarTrekTest
Tests run: 4, Failures: 0, Errors: 0, Skipped: 0, Time elapsed: 0.006 sec
Running com.github.javafaker.LoremTest
Tests run: 16, Failures: 0, Errors: 0, Skipped: 0, Time elapsed: 0.076 sec
Running com.github.javafaker.FriendsTest
Tests run: 3, Failures: 0, Errors: 0, Skipped: 0, Time elapsed: 0.01 sec
Running com.github.javafaker.RockBandTest
Tests run: 1, Failures: 0, Errors: 0, Skipped: 0, Time elapsed: 0.002 sec
Running com.github.javafaker.OverwatchTest
Tests run: 3, Failures: 0, Errors: 0, Skipped: 0, Time elapsed: 0.03 sec
Running com.github.javafaker.CommerceTest
Tests run: 8, Failures: 0, Errors: 0, Skipped: 0, Time elapsed: 0.019 sec
Running com.github.javafaker.DateAndTimeTest
Tests run: 8, Failures: 0, Errors: 0, Skipped: 0, Time elapsed: 0.449 sec
Running com.github.javafaker.RickAndMortyTest
Tests run: 3, Failures: 0, Errors: 0, Skipped: 0, Time elapsed: 0.004 sec
Running com.github.javafaker.FunnyNameTest
Tests run: 1, Failures: 0, Errors: 0, Skipped: 0, Time elapsed: 0.002 sec
Running com.github.javafaker.OptionsTest
Tests run: 6, Failures: 0, Errors: 0, Skipped: 0, Time elapsed: 0.004 sec
Running com.github.javafaker.WeatherTest
Tests run: 5, Failures: 0, Errors: 0, Skipped: 0, Time elapsed: 0.012 sec
Running com.github.javafaker.ZeldaTest
Tests run: 2, Failures: 0, Errors: 0, Skipped: 0, Time elapsed: 0.015 sec
Running com.github.javafaker.ColorTest
Tests run: 3, Failures: 0, Errors: 0, Skipped: 0, Time elapsed: 0.003 sec
Running com.github.javafaker.matchers.IsANumberTest
Tests run: 4, Failures: 0, Errors: 0, Skipped: 0, Time elapsed: 0.001 sec
Running com.github.javafaker.matchers.IsStringWithContentsTest
Tests run: 4, Failures: 0, Errors: 0, Skipped: 0, Time elapsed: 0.002 sec
Running com.github.javafaker.BoolTest
Tests run: 1, Failures: 0, Errors: 0, Skipped: 0, Time elapsed: 0.001 sec
Running com.github.javafaker.HarryPotterTest
Tests run: 6, Failures: 0, Errors: 0, Skipped: 0, Time elapsed: 0.011 sec
Running com.github.javafaker.NameTest
Tests run: 12, Failures: 0, Errors: 0, Skipped: 0, Time elapsed: 0.235 sec
Running com.github.javafaker.service.FakeValuesTest
Tests run: 7, Failures: 0, Errors: 0, Skipped: 0, Time elapsed: 0.036 sec
Running com.github.javafaker.service.FakeValuesServiceTest
Tests run: 25, Failures: 0, Errors: 0, Skipped: 0, Time elapsed: 0.133 sec
Running com.github.javafaker.service.FakeValuesGroupingTest
Tests run: 2, Failures: 0, Errors: 0, Skipped: 0, Time elapsed: 0.005 sec
Running com.github.javafaker.service.RandomServiceTest
Tests run: 10, Failures: 0, Errors: 0, Skipped: 0, Time elapsed: 0.008 sec
Running com.github.javafaker.InternetTest
Tests run: 31, Failures: 0, Errors: 0, Skipped: 0, Time elapsed: 1.01 sec
Running com.github.javafaker.HowIMetYourMotherTest
Tests run: 4, Failures: 0, Errors: 0, Skipped: 0, Time elapsed: 0.002 sec
Running com.github.javafaker.StockTest
Tests run: 2, Failures: 0, Errors: 0, Skipped: 0, Time elapsed: 0.007 sec
Running com.github.javafaker.SlackEmojiTest
Tests run: 9, Failures: 0, Errors: 0, Skipped: 0, Time elapsed: 0.008 sec
Running com.github.javafaker.ArtistTest
Tests run: 1, Failures: 0, Errors: 0, Skipped: 0, Time elapsed: 0 sec
Running com.github.javafaker.MusicTest
Tests run: 4, Failures: 0, Errors: 0, Skipped: 0, Time elapsed: 0.001 sec
Running com.github.javafaker.RelationshipTest
Tests run: 11, Failures: 0, Errors: 0, Skipped: 0, Time elapsed: 0.017 sec
Running com.github.javafaker.TwinPeaksTest
Tests run: 3, Failures: 0, Errors: 0, Skipped: 0, Time elapsed: 0.004 sec
Running com.github.javafaker.TeamTest
Tests run: 5, Failures: 0, Errors: 0, Skipped: 0, Time elapsed: 0.018 sec
Running com.github.javafaker.LebowskiTest
Tests run: 3, Failures: 0, Errors: 0, Skipped: 0, Time elapsed: 0.004 sec
Running com.github.javafaker.DuneTest
Tests run: 7, Failures: 0, Errors: 0, Skipped: 0, Time elapsed: 0.507 sec
Running com.github.javafaker.HobbitTest
Tests run: 4, Failures: 0, Errors: 0, Skipped: 0, Time elapsed: 0.003 sec
Running com.github.javafaker.AddressTest
Tests run: 17, Failures: 0, Errors: 0, Skipped: 0, Time elapsed: 1.006 sec
Running com.github.javafaker.LeagueOfLegendsTest
Tests run: 6, Failures: 0, Errors: 0, Skipped: 0, Time elapsed: 0.019 sec
Running com.github.javafaker.RandomFakerTest
Tests run: 4, Failures: 0, Errors: 0, Skipped: 0, Time elapsed: 0.013 sec
Running com.github.javafaker.ProgrammingLanguageTest
Tests run: 2, Failures: 0, Errors: 0, Skipped: 0, Time elapsed: 0.001 sec
Running com.github.javafaker.CatTest
Tests run: 3, Failures: 0, Errors: 0, Skipped: 0, Time elapsed: 0.002 sec
Running com.github.javafaker.PrincessBrideTest
Tests run: 2, Failures: 0, Errors: 0, Skipped: 0, Time elapsed: 0.001 sec
Running com.github.javafaker.AnimalTest
Tests run: 1, Failures: 0, Errors: 0, Skipped: 0, Time elapsed: 0 sec
Running com.github.javafaker.DemographicTest
Tests run: 5, Failures: 0, Errors: 0, Skipped: 0, Time elapsed: 0.003 sec
Running com.github.javafaker.AviationTest
Tests run: 3, Failures: 0, Errors: 0, Skipped: 0, Time elapsed: 0.003 sec
Running com.github.javafaker.YodaTest
Tests run: 1, Failures: 0, Errors: 0, Skipped: 0, Time elapsed: 0 sec
Running com.github.javafaker.HitchhikersGuideToTheGalaxyTest
Tests run: 6, Failures: 0, Errors: 0, Skipped: 0, Time elapsed: 0.006 sec
Running com.github.javafaker.LordOfTheRingsTest
Tests run: 2, Failures: 0, Errors: 0, Skipped: 0, Time elapsed: 0.001 sec
Running com.github.javafaker.GameOfThronesTest
Tests run: 5, Failures: 0, Errors: 0, Skipped: 0, Time elapsed: 0.019 sec
Running com.github.javafaker.EsportsTest
Tests run: 5, Failures: 0, Errors: 0, Skipped: 0, Time elapsed: 0.003 sec
Running com.github.javafaker.NationTest
Tests run: 4, Failures: 0, Errors: 0, Skipped: 0, Time elapsed: 0.029 sec
Running com.github.javafaker.ElderScrollsTest
Tests run: 8, Failures: 0, Errors: 0, Skipped: 0, Time elapsed: 0.028 sec
Running com.github.javafaker.DragonBallTest
Tests run: 1, Failures: 0, Errors: 0, Skipped: 0, Time elapsed: 0 sec
Running com.github.javafaker.idnumbers.SwedishIdNumberTest
Tests run: 2, Failures: 0, Errors: 0, Skipped: 0, Time elapsed: 0.001 sec
Running com.github.javafaker.CompanyTest
Tests run: 9, Failures: 0, Errors: 0, Skipped: 0, Time elapsed: 0.025 sec
Running com.github.javafaker.AncientTest
Tests run: 4, Failures: 0, Errors: 0, Skipped: 0, Time elapsed: 0.001 sec
Running com.github.javafaker.FakerTest
Tests run: 28, Failures: 0, Errors: 0, Skipped: 0, Time elapsed: 0.026 sec
Running com.github.javafaker.HipsterTest
Tests run: 1, Failures: 0, Errors: 0, Skipped: 0, Time elapsed: 0 sec
Running com.github.javafaker.CountryTest
Tests run: 7, Failures: 0, Errors: 0, Skipped: 0, Time elapsed: 0.01 sec
Running com.github.javafaker.CryptoTest
Tests run: 4, Failures: 0, Errors: 0, Skipped: 0, Time elapsed: 0.005 sec
Running com.github.javafaker.ShakespeareTest
Tests run: 4, Failures: 0, Errors: 0, Skipped: 0, Time elapsed: 0 sec
Running com.github.javafaker.BeerTest
Tests run: 5, Failures: 0, Errors: 0, Skipped: 0, Time elapsed: 0.002 sec
Running com.github.javafaker.integration.UkLocalDirectivesTest
Tests run: 1, Failures: 0, Errors: 0, Skipped: 0, Time elapsed: 0.009 sec
Running com.github.javafaker.WitcherTest
Tests run: 6, Failures: 0, Errors: 0, Skipped: 0, Time elapsed: 0.026 sec
Running com.github.javafaker.JobTest
Tests run: 5, Failures: 0, Errors: 0, Skipped: 0, Time elapsed: 0.001 sec
Running com.github.javafaker.BuffyTest
Tests run: 5, Failures: 0, Errors: 0, Skipped: 0, Time elapsed: 0.003 sec
Running com.github.javafaker.IdNumberTest
Tests run: 5, Failures: 0, Errors: 0, Skipped: 0, Time elapsed: 0.151 sec
Running com.github.javafaker.NumberTest
[main] INFO com.github.javafaker.NumberTest - Range -25 to 25 is 0.9166666666666666 percent unique.
[main] INFO com.github.javafaker.NumberTest - Range -50 to 50 is 0.84 percent unique.
[main] INFO com.github.javafaker.NumberTest - Range -75 to 75 is 0.972972972972973 percent unique.
[main] INFO com.github.javafaker.NumberTest - Range -100 to 100 is 0.84 percent unique.
[main] INFO com.github.javafaker.NumberTest - Range -125 to 125 is 0.9354838709677419 percent unique.
[main] INFO com.github.javafaker.NumberTest - Range -150 to 150 is 0.9333333333333333 percent unique.
[main] INFO com.github.javafaker.NumberTest - Range -175 to 175 is 0.896551724137931 percent unique.
[main] INFO com.github.javafaker.NumberTest - Range -200 to 200 is 0.87 percent unique.
[main] INFO com.github.javafaker.NumberTest - Range -225 to 225 is 0.8482142857142857 percent unique.
[main] INFO com.github.javafaker.NumberTest - Range -250 to 250 is 0.856 percent unique.
[main] INFO com.github.javafaker.NumberTest - Range -275 to 275 is 0.8905109489051095 percent unique.
[main] INFO com.github.javafaker.NumberTest - Range -300 to 300 is 0.92 percent unique.
[main] INFO com.github.javafaker.NumberTest - Range -325 to 325 is 0.8765432098765432 percent unique.
[main] INFO com.github.javafaker.NumberTest - Range -350 to 350 is 0.8742857142857143 percent unique.
[main] INFO com.github.javafaker.NumberTest - Range -375 to 375 is 0.9090909090909091 percent unique.
[main] INFO com.github.javafaker.NumberTest - Range -400 to 400 is 0.9 percent unique.
[main] INFO com.github.javafaker.NumberTest - Range -425 to 425 is 0.9150943396226415 percent unique.
[main] INFO com.github.javafaker.NumberTest - Range -450 to 450 is 0.8444444444444444 percent unique.
[main] INFO com.github.javafaker.NumberTest - Range -475 to 475 is 0.8987341772151899 percent unique.
[main] INFO com.github.javafaker.NumberTest - Range -500 to 500 is 0.904 percent unique.
[main] INFO com.github.javafaker.NumberTest - Range -525 to 525 is 0.8549618320610687 percent unique.
[main] INFO com.github.javafaker.NumberTest - Range -550 to 550 is 0.8836363636363637 percent unique.
[main] INFO com.github.javafaker.NumberTest - Range -575 to 575 is 0.8885017421602788 percent unique.
[main] INFO com.github.javafaker.NumberTest - Range -600 to 600 is 0.87 percent unique.
[main] INFO com.github.javafaker.NumberTest - Range -625 to 625 is 0.875 percent unique.
[main] INFO com.github.javafaker.NumberTest - Range -650 to 650 is 0.8984615384615384 percent unique.
[main] INFO com.github.javafaker.NumberTest - Range -675 to 675 is 0.8753709198813057 percent unique.
[main] INFO com.github.javafaker.NumberTest - Range -700 to 700 is 0.9 percent unique.
[main] INFO com.github.javafaker.NumberTest - Range -725 to 725 is 0.9005524861878453 percent unique.
[main] INFO com.github.javafaker.NumberTest - Range -750 to 750 is 0.8773333333333333 percent unique.
[main] INFO com.github.javafaker.NumberTest - Range -775 to 775 is 0.8940568475452196 percent unique.
[main] INFO com.github.javafaker.NumberTest - Range -800 to 800 is 0.9125 percent unique.
[main] INFO com.github.javafaker.NumberTest - Range -825 to 825 is 0.8932038834951457 percent unique.
[main] INFO com.github.javafaker.NumberTest - Range -850 to 850 is 0.8964705882352941 percent unique.
[main] INFO com.github.javafaker.NumberTest - Range -875 to 875 is 0.8718535469107551 percent unique.
[main] INFO com.github.javafaker.NumberTest - Range -900 to 900 is 0.8955555555555555 percent unique.
[main] INFO com.github.javafaker.NumberTest - Range -925 to 925 is 0.8809523809523809 percent unique.
[main] INFO com.github.javafaker.NumberTest - Range -950 to 950 is 0.888421052631579 percent unique.
[main] INFO com.github.javafaker.NumberTest - Range -975 to 975 is 0.8788501026694046 percent unique.
[main] INFO com.github.javafaker.NumberTest - Range -25 to 25 is 0.75 percent unique.
[main] INFO com.github.javafaker.NumberTest - Range -50 to 50 is 0.8 percent unique.
[main] INFO com.github.javafaker.NumberTest - Range -75 to 75 is 0.972972972972973 percent unique.
[main] INFO com.github.javafaker.NumberTest - Range -100 to 100 is 0.9 percent unique.
[main] INFO com.github.javafaker.NumberTest - Range -125 to 125 is 0.8064516129032258 percent unique.
[main] INFO com.github.javafaker.NumberTest - Range -150 to 150 is 0.8933333333333333 percent unique.
[main] INFO com.github.javafaker.NumberTest - Range -175 to 175 is 0.9080459770114943 percent unique.
[main] INFO com.github.javafaker.NumberTest - Range -200 to 200 is 0.87 percent unique.
[main] INFO com.github.javafaker.NumberTest - Range -225 to 225 is 0.9196428571428571 percent unique.
[main] INFO com.github.javafaker.NumberTest - Range -250 to 250 is 0.88 percent unique.
[main] INFO com.github.javafaker.NumberTest - Range -275 to 275 is 0.8905109489051095 percent unique.
[main] INFO com.github.javafaker.NumberTest - Range -300 to 300 is 0.88 percent unique.
[main] INFO com.github.javafaker.NumberTest - Range -325 to 325 is 0.9135802469135802 percent unique.
[main] INFO com.github.javafaker.NumberTest - Range -350 to 350 is 0.9142857142857143 percent unique.
[main] INFO com.github.javafaker.NumberTest - Range -375 to 375 is 0.9144385026737968 percent unique.
[main] INFO com.github.javafaker.NumberTest - Range -400 to 400 is 0.895 percent unique.
[main] INFO com.github.javafaker.NumberTest - Range -425 to 425 is 0.8537735849056604 percent unique.
[main] INFO com.github.javafaker.NumberTest - Range -450 to 450 is 0.8711111111111111 percent unique.
[main] INFO com.github.javafaker.NumberTest - Range -475 to 475 is 0.8565400843881856 percent unique.
[main] INFO com.github.javafaker.NumberTest - Range -500 to 500 is 0.884 percent unique.
[main] INFO com.github.javafaker.NumberTest - Range -525 to 525 is 0.8969465648854962 percent unique.
[main] INFO com.github.javafaker.NumberTest - Range -550 to 550 is 0.8763636363636363 percent unique.
[main] INFO com.github.javafaker.NumberTest - Range -575 to 575 is 0.867595818815331 percent unique.
[main] INFO com.github.javafaker.NumberTest - Range -600 to 600 is 0.8666666666666667 percent unique.
[main] INFO com.github.javafaker.NumberTest - Range -625 to 625 is 0.8878205128205128 percent unique.
[main] INFO com.github.javafaker.NumberTest - Range -650 to 650 is 0.9076923076923077 percent unique.
[main] INFO com.github.javafaker.NumberTest - Range -675 to 675 is 0.8486646884272997 percent unique.
[main] INFO com.github.javafaker.NumberTest - Range -700 to 700 is 0.8828571428571429 percent unique.
[main] INFO com.github.javafaker.NumberTest - Range -725 to 725 is 0.856353591160221 percent unique.
[main] INFO com.github.javafaker.NumberTest - Range -750 to 750 is 0.8746666666666667 percent unique.
[main] INFO com.github.javafaker.NumberTest - Range -775 to 775 is 0.8811369509043928 percent unique.
[main] INFO com.github.javafaker.NumberTest - Range -800 to 800 is 0.8725 percent unique.
[main] INFO com.github.javafaker.NumberTest - Range -825 to 825 is 0.8932038834951457 percent unique.
[main] INFO com.github.javafaker.NumberTest - Range -850 to 850 is 0.8870588235294118 percent unique.
[main] INFO com.github.javafaker.NumberTest - Range -875 to 875 is 0.8649885583524027 percent unique.
[main] INFO com.github.javafaker.NumberTest - Range -900 to 900 is 0.8444444444444444 percent unique.
[main] INFO com.github.javafaker.NumberTest - Range -925 to 925 is 0.8593073593073594 percent unique.
[main] INFO com.github.javafaker.NumberTest - Range -950 to 950 is 0.8589473684210527 percent unique.
[main] INFO com.github.javafaker.NumberTest - Range -975 to 975 is 0.8829568788501027 percent unique.
[main] INFO com.github.javafaker.NumberTest - Range -25 to 25 is 0.9166666666666666 percent unique.
[main] INFO com.github.javafaker.NumberTest - Range -50 to 50 is 0.84 percent unique.
[main] INFO com.github.javafaker.NumberTest - Range -75 to 75 is 0.8648648648648649 percent unique.
[main] INFO com.github.javafaker.NumberTest - Range -100 to 100 is 0.9 percent unique.
[main] INFO com.github.javafaker.NumberTest - Range -125 to 125 is 0.9354838709677419 percent unique.
[main] INFO com.github.javafaker.NumberTest - Range -150 to 150 is 0.9066666666666666 percent unique.
[main] INFO com.github.javafaker.NumberTest - Range -175 to 175 is 0.8735632183908046 percent unique.
[main] INFO com.github.javafaker.NumberTest - Range -200 to 200 is 0.9 percent unique.
[main] INFO com.github.javafaker.NumberTest - Range -225 to 225 is 0.8660714285714286 percent unique.
[main] INFO com.github.javafaker.NumberTest - Range -250 to 250 is 0.84 percent unique.
[main] INFO com.github.javafaker.NumberTest - Range -275 to 275 is 0.8467153284671532 percent unique.
[main] INFO com.github.javafaker.NumberTest - Range -300 to 300 is 0.9 percent unique.
[main] INFO com.github.javafaker.NumberTest - Range -325 to 325 is 0.8641975308641975 percent unique.
[main] INFO com.github.javafaker.NumberTest - Range -350 to 350 is 0.8457142857142858 percent unique.
[main] INFO com.github.javafaker.NumberTest - Range -375 to 375 is 0.9037433155080213 percent unique.
[main] INFO com.github.javafaker.NumberTest - Range -400 to 400 is 0.89 percent unique.
[main] INFO com.github.javafaker.NumberTest - Range -425 to 425 is 0.9150943396226415 percent unique.
[main] INFO com.github.javafaker.NumberTest - Range -450 to 450 is 0.8888888888888888 percent unique.
[main] INFO com.github.javafaker.NumberTest - Range -475 to 475 is 0.869198312236287 percent unique.
[main] INFO com.github.javafaker.NumberTest - Range -500 to 500 is 0.868 percent unique.
[main] INFO com.github.javafaker.NumberTest - Range -525 to 525 is 0.8587786259541985 percent unique.
[main] INFO com.github.javafaker.NumberTest - Range -550 to 550 is 0.8763636363636363 percent unique.
[main] INFO com.github.javafaker.NumberTest - Range -575 to 575 is 0.89198606271777 percent unique.
[main] INFO com.github.javafaker.NumberTest - Range -600 to 600 is 0.8866666666666667 percent unique.
[main] INFO com.github.javafaker.NumberTest - Range -625 to 625 is 0.8685897435897436 percent unique.
[main] INFO com.github.javafaker.NumberTest - Range -650 to 650 is 0.8646153846153846 percent unique.
[main] INFO com.github.javafaker.NumberTest - Range -675 to 675 is 0.8694362017804155 percent unique.
[main] INFO com.github.javafaker.NumberTest - Range -700 to 700 is 0.8857142857142857 percent unique.
[main] INFO com.github.javafaker.NumberTest - Range -725 to 725 is 0.8895027624309392 percent unique.
[main] INFO com.github.javafaker.NumberTest - Range -750 to 750 is 0.8986666666666666 percent unique.
[main] INFO com.github.javafaker.NumberTest - Range -775 to 775 is 0.8785529715762274 percent unique.
[main] INFO com.github.javafaker.NumberTest - Range -800 to 800 is 0.88 percent unique.
[main] INFO com.github.javafaker.NumberTest - Range -825 to 825 is 0.8737864077669902 percent unique.
[main] INFO com.github.javafaker.NumberTest - Range -850 to 850 is 0.8823529411764706 percent unique.
[main] INFO com.github.javafaker.NumberTest - Range -875 to 875 is 0.8810068649885584 percent unique.
[main] INFO com.github.javafaker.NumberTest - Range -900 to 900 is 0.8844444444444445 percent unique.
[main] INFO com.github.javafaker.NumberTest - Range -925 to 925 is 0.8722943722943723 percent unique.
[main] INFO com.github.javafaker.NumberTest - Range -950 to 950 is 0.8905263157894737 percent unique.
[main] INFO com.github.javafaker.NumberTest - Range -975 to 975 is 0.8685831622176592 percent unique.
Tests run: 20, Failures: 0, Errors: 0, Skipped: 0, Time elapsed: 0.446 sec
Running com.github.javafaker.BusinessTest
Tests run: 3, Failures: 0, Errors: 0, Skipped: 0, Time elapsed: 0 sec
Running com.github.javafaker.ChuckNorrisTest
Tests run: 1, Failures: 0, Errors: 0, Skipped: 0, Time elapsed: 0 sec
Running com.github.javafaker.CodeTest
Tests run: 11, Failures: 0, Errors: 0, Skipped: 0, Time elapsed: 1.025 sec
Running com.github.javafaker.SuperheroTest
Tests run: 5, Failures: 0, Errors: 0, Skipped: 0, Time elapsed: 0.003 sec
Running com.github.javafaker.DogTest
Tests run: 8, Failures: 0, Errors: 0, Skipped: 0, Time elapsed: 0.008 sec
Running com.github.javafaker.FinanceTest
Tests run: 5, Failures: 0, Errors: 0, Skipped: 0, Time elapsed: 0.01 sec
Running com.github.javafaker.PhoneNumberTest
Tests run: 7, Failures: 0, Errors: 0, Skipped: 0, Time elapsed: 0.367 sec
Running com.github.javafaker.PokemonTest
Tests run: 2, Failures: 0, Errors: 0, Skipped: 0, Time elapsed: 0.006 sec
Running com.github.javafaker.AquaTeenHungerForceTest
Tests run: 1, Failures: 0, Errors: 0, Skipped: 0, Time elapsed: 0 sec
Running com.github.javafaker.AvatarTest
Tests run: 1, Failures: 0, Errors: 0, Skipped: 0, Time elapsed: 0.002 sec
Running com.github.javafaker.BookTest
Tests run: 4, Failures: 0, Errors: 0, Skipped: 0, Time elapsed: 0.008 sec
Running com.github.javafaker.HackerTest
Tests run: 5, Failures: 0, Errors: 0, Skipped: 0, Time elapsed: 0.002 sec
Running com.github.javafaker.FoodTest
Tests run: 7, Failures: 0, Errors: 0, Skipped: 0, Time elapsed: 0.007 sec
Running com.github.javafaker.SpaceTest
Tests run: 13, Failures: 0, Errors: 0, Skipped: 0, Time elapsed: 0.011 sec
Running com.github.javafaker.UniversityTest
Tests run: 3, Failures: 0, Errors: 0, Skipped: 0, Time elapsed: 0.006 sec
Running com.github.javafaker.RobinTest
Tests run: 1, Failures: 0, Errors: 0, Skipped: 0, Time elapsed: 0.001 sec
Running com.github.javafaker.MatzTest
Tests run: 1, Failures: 0, Errors: 0, Skipped: 0, Time elapsed: 0.001 sec
Running com.github.javafaker.EducatorTest
Tests run: 4, Failures: 0, Errors: 0, Skipped: 0, Time elapsed: 0.002 sec
Running com.github.javafaker.CurrencyTest
Tests run: 2, Failures: 0, Errors: 0, Skipped: 0, Time elapsed: 0.001 sec

Results :

Tests run: 500, Failures: 0, Errors: 0, Skipped: 0

[INFO] 
[INFO] --- maven-jar-plugin:2.4:jar (default-jar) @ javafaker ---
[INFO] Building jar: /tmp/tmp9d_mnhex/java-faker/target/javafaker-1.0.2.jar
[INFO] 
[INFO] --- maven-assembly-plugin:3.2.0:single (default) @ javafaker ---
[INFO] Building jar: /tmp/tmp9d_mnhex/java-faker/target/javafaker-1.0.2-jar-with-dependencies.jar
[INFO] ------------------------------------------------------------------------
[INFO] BUILD SUCCESS
[INFO] ------------------------------------------------------------------------
[INFO] Total time:  25.225 s
[INFO] Finished at: 2020-07-30T17:10:13Z
[INFO] ------------------------------------------------------------------------
