[INFO] Error stacktraces are turned on.
[INFO] Scanning for projects...
[WARNING] The POM for org.jenkins-ci.tools:maven-hpi-plugin:jar:3.5 is missing, no dependency information available
[WARNING] Failed to build parent project for io.jenkins.plugins:audit-log:hpi:1.1-SNAPSHOT
[INFO] 
[INFO] --------------------< io.jenkins.plugins:audit-log >--------------------
[INFO] Building Audit Log Plugin 1.1-SNAPSHOT
[INFO] --------------------------------[ hpi ]---------------------------------
[INFO] 
[INFO] --- maven-hpi-plugin:3.5:validate (default-validate) @ audit-log ---
[INFO] 
[INFO] --- maven-enforcer-plugin:3.0.0-M2:display-info (display-info) @ audit-log ---
[INFO] Maven Version: 3.6.3
[INFO] JDK Version: 1.8.0_262 normalized as: 1.8.0-262
[INFO] OS Info: Arch: amd64 Family: unix Name: linux Version: 4.15.0-109-generic
[INFO] 
[INFO] --- maven-enforcer-plugin:3.0.0-M2:enforce (display-info) @ audit-log ---
[INFO] 
[INFO] --- jacoco-maven-plugin:0.8.5:prepare-agent (default) @ audit-log ---
[INFO] argLine set to -javaagent:/home/jdbl/.m2/repository/org/jacoco/org.jacoco.agent/0.8.5/org.jacoco.agent-0.8.5-runtime.jar=destfile=/tmp/tmpcp81a2sp/audit-log-plugin/target/jacoco.exec -Xmx768M -Djava.awt.headless=true
[INFO] 
[INFO] --- log4j-audit-maven-plugin:1.0.1:generate (generate) @ audit-log ---
[INFO] 
[INFO] --- maven-localizer-plugin:1.26:generate (default) @ audit-log ---
[INFO] 
[INFO] --- maven-resources-plugin:3.1.0:resources (default-resources) @ audit-log ---
[INFO] Using 'UTF-8' encoding to copy filtered resources.
[INFO] Copying 8 resources
[INFO] 
[INFO] --- flatten-maven-plugin:1.1.0:flatten (flatten) @ audit-log ---
[INFO] Generating flattened POM of project io.jenkins.plugins:audit-log:hpi:1.1-SNAPSHOT...
[INFO] 
[INFO] --- maven-compiler-plugin:3.8.0:compile (default-compile) @ audit-log ---
[INFO] Changes detected - recompiling the module!
[INFO] Compiling 27 source files to /tmp/tmpcp81a2sp/audit-log-plugin/target/classes
Processing annotations
Annotations processed
Processing annotations
No elements to process
[INFO] 
[INFO] --- access-modifier-checker:1.16:enforce (default-enforce) @ audit-log ---
[INFO] 
[INFO] --- animal-sniffer-maven-plugin:1.17:check (check) @ audit-log ---
[INFO] Signature checking is skipped.
[INFO] 
[INFO] --- maven-hpi-plugin:3.5:insert-test (default-insert-test) @ audit-log ---
[INFO] 
[INFO] --- gmaven-plugin:1.5-jenkins-3:generateTestStubs (test-in-groovy) @ audit-log ---
[INFO] No sources found for Java stub generation
[INFO] 
[INFO] --- maven-antrun-plugin:1.3:run (createTempDir) @ audit-log ---
[INFO] Executing tasks
    [mkdir] Created dir: /tmp/tmpcp81a2sp/audit-log-plugin/target/tmp
[INFO] Executed tasks
[INFO] 
[INFO] --- maven-resources-plugin:3.1.0:testResources (default-testResources) @ audit-log ---
[INFO] Using 'UTF-8' encoding to copy filtered resources.
[INFO] Copying 1 resource
[INFO] 
[INFO] --- maven-compiler-plugin:3.8.0:testCompile (default-testCompile) @ audit-log ---
[INFO] Changes detected - recompiling the module!
[INFO] Compiling 9 source files to /tmp/tmpcp81a2sp/audit-log-plugin/target/test-classes
[INFO] 
[INFO] --- maven-hpi-plugin:3.5:test-hpl (default-test-hpl) @ audit-log ---
[INFO] Generating /tmp/tmpcp81a2sp/audit-log-plugin/target/test-classes/the.hpl
[INFO] 
[INFO] --- maven-hpi-plugin:3.5:resolve-test-dependencies (default-resolve-test-dependencies) @ audit-log ---
[INFO] 
[INFO] --- gmaven-plugin:1.5-jenkins-3:testCompile (test-in-groovy) @ audit-log ---
[INFO] No sources found to compile
[INFO] 
[INFO] --- maven-surefire-plugin:2.19.1:test (default-test) @ audit-log ---
[INFO] Surefire report directory: /tmp/tmpcp81a2sp/audit-log-plugin/target/surefire-reports

-------------------------------------------------------
 T E S T S
-------------------------------------------------------
Running InjectedTest
Tests run: 7, Failures: 0, Errors: 0, Skipped: 0, Time elapsed: 12.372 sec - in InjectedTest
Running io.jenkins.plugins.audit.config.AuditLogConfigurationTest
Tests run: 1, Failures: 0, Errors: 0, Skipped: 0, Time elapsed: 1.253 sec - in io.jenkins.plugins.audit.config.AuditLogConfigurationTest
Running io.jenkins.plugins.audit.listeners.BuildListenerTest
Tests run: 1, Failures: 0, Errors: 0, Skipped: 0, Time elapsed: 1.573 sec - in io.jenkins.plugins.audit.listeners.BuildListenerTest
Running io.jenkins.plugins.audit.listeners.ItemChangeListenerTest
Tests run: 4, Failures: 0, Errors: 0, Skipped: 0, Time elapsed: 3.471 sec - in io.jenkins.plugins.audit.listeners.ItemChangeListenerTest
Running io.jenkins.plugins.audit.listeners.NodeChangeListenerTest
Tests run: 3, Failures: 0, Errors: 0, Skipped: 0, Time elapsed: 14.956 sec - in io.jenkins.plugins.audit.listeners.NodeChangeListenerTest
Running io.jenkins.plugins.audit.listeners.SaveableChangeListenerTest
Tests run: 1, Failures: 0, Errors: 0, Skipped: 0, Time elapsed: 1.04 sec - in io.jenkins.plugins.audit.listeners.SaveableChangeListenerTest
Running io.jenkins.plugins.audit.listeners.UserCreationListenerTest
Tests run: 6, Failures: 0, Errors: 0, Skipped: 0, Time elapsed: 36.415 sec - in io.jenkins.plugins.audit.listeners.UserCreationListenerTest
Running io.jenkins.plugins.audit.listeners.UserLoginListenerTest
Tests run: 6, Failures: 0, Errors: 0, Skipped: 0, Time elapsed: 40.046 sec - in io.jenkins.plugins.audit.listeners.UserLoginListenerTest
Running io.jenkins.plugins.audit.listeners.UserLogoutListenerTest
Tests run: 2, Failures: 0, Errors: 0, Skipped: 0, Time elapsed: 18.089 sec - in io.jenkins.plugins.audit.listeners.UserLogoutListenerTest

Results :

Tests run: 31, Failures: 0, Errors: 0, Skipped: 0

[INFO] 
[INFO] --- jacoco-maven-plugin:0.8.5:report (report) @ audit-log ---
[INFO] Loading execution data file /tmp/tmpcp81a2sp/audit-log-plugin/target/jacoco.exec
[INFO] Analyzed bundle 'Audit Log Plugin' with 258 classes
[INFO] ------------------------------------------------------------------------
[INFO] BUILD SUCCESS
[INFO] ------------------------------------------------------------------------
[INFO] Total time:  06:40 min
[INFO] Finished at: 2020-07-30T20:23:34Z
[INFO] ------------------------------------------------------------------------
