[INFO] Error stacktraces are turned on.
[INFO] Scanning for projects...
[INFO] 
[INFO] ----------------------< uk.co.alt236:apkdetails >-----------------------
[INFO] Building apkdetails 1.2.3
[INFO] --------------------------------[ jar ]---------------------------------
[INFO] 
[INFO] --- jacoco-maven-plugin:0.8.5:prepare-agent (default) @ apkdetails ---
[INFO] argLine set to -javaagent:/home/jdbl/.m2/repository/org/jacoco/org.jacoco.agent/0.8.5/org.jacoco.agent-0.8.5-runtime.jar=destfile=/tmp/tmpn4jnrah1/apkdetails/target/jacoco.exec
[INFO] 
[INFO] --- maven-resources-plugin:2.6:resources (default-resources) @ apkdetails ---
[WARNING] Using platform encoding (UTF-8 actually) to copy filtered resources, i.e. build is platform dependent!
[INFO] Copying 1 resource
[INFO] 
[INFO] --- maven-compiler-plugin:3.2:compile (default-compile) @ apkdetails ---
[INFO] Changes detected - recompiling the module!
[WARNING] File encoding has not been set, using platform encoding UTF-8, i.e. build is platform dependent!
[INFO] Compiling 97 source files to /tmp/tmpn4jnrah1/apkdetails/target/classes
[INFO] /tmp/tmpn4jnrah1/apkdetails/src/main/java/uk/co/alt236/apkdetails/xml/XmlFormatter.java: /tmp/tmpn4jnrah1/apkdetails/src/main/java/uk/co/alt236/apkdetails/xml/XmlFormatter.java uses or overrides a deprecated API.
[INFO] /tmp/tmpn4jnrah1/apkdetails/src/main/java/uk/co/alt236/apkdetails/xml/XmlFormatter.java: Recompile with -Xlint:deprecation for details.
[INFO] 
[INFO] --- maven-resources-plugin:2.6:testResources (default-testResources) @ apkdetails ---
[WARNING] Using platform encoding (UTF-8 actually) to copy filtered resources, i.e. build is platform dependent!
[INFO] skip non existing resourceDirectory /tmp/tmpn4jnrah1/apkdetails/src/test/resources
[INFO] 
[INFO] --- maven-compiler-plugin:3.2:testCompile (default-testCompile) @ apkdetails ---
[INFO] Changes detected - recompiling the module!
[WARNING] File encoding has not been set, using platform encoding UTF-8, i.e. build is platform dependent!
[INFO] Compiling 7 source files to /tmp/tmpn4jnrah1/apkdetails/target/test-classes
[INFO] 
[INFO] --- maven-surefire-plugin:2.19.1:test (default-test) @ apkdetails ---
[INFO] Surefire report directory: /tmp/tmpn4jnrah1/apkdetails/target/surefire-reports

-------------------------------------------------------
 T E S T S
-------------------------------------------------------
Running uk.co.alt236.apkdetails.util.ColorizerTest
Tests run: 6, Failures: 0, Errors: 0, Skipped: 0, Time elapsed: 0.494 sec - in uk.co.alt236.apkdetails.util.ColorizerTest
Running uk.co.alt236.apkdetails.util.FileSizeFormatterTest
Tests run: 2, Failures: 0, Errors: 0, Skipped: 0, Time elapsed: 0.133 sec - in uk.co.alt236.apkdetails.util.FileSizeFormatterTest
Running uk.co.alt236.apkdetails.util.date.UtcDateFormatterTest
Tests run: 5, Failures: 0, Errors: 0, Skipped: 0, Time elapsed: 0.103 sec - in uk.co.alt236.apkdetails.util.date.UtcDateFormatterTest
Running uk.co.alt236.apkdetails.util.date.IsoISO8601DateParserTest
Tests run: 3, Failures: 0, Errors: 0, Skipped: 0, Time elapsed: 0.022 sec - in uk.co.alt236.apkdetails.util.date.IsoISO8601DateParserTest
Running uk.co.alt236.apkdetails.repo.architectures.ArchitectureRepositoryTest
Tests run: 4, Failures: 0, Errors: 0, Skipped: 0, Time elapsed: 0.734 sec - in uk.co.alt236.apkdetails.repo.architectures.ArchitectureRepositoryTest
Running uk.co.alt236.apkdetails.repo.dex.model.DexClassInfoTest
Tests run: 9, Failures: 0, Errors: 0, Skipped: 0, Time elapsed: 0.072 sec - in uk.co.alt236.apkdetails.repo.dex.model.DexClassInfoTest
Running uk.co.alt236.apkdetails.xml.AndroidXmlValueParserTest
Tests run: 4, Failures: 0, Errors: 0, Skipped: 0, Time elapsed: 0.005 sec - in uk.co.alt236.apkdetails.xml.AndroidXmlValueParserTest

Results :

Tests run: 33, Failures: 0, Errors: 0, Skipped: 0

[INFO] 
[INFO] --- jacoco-maven-plugin:0.8.5:report (report) @ apkdetails ---
[INFO] Loading execution data file /tmp/tmpn4jnrah1/apkdetails/target/jacoco.exec
[INFO] Analyzed bundle 'apkdetails' with 211 classes
[INFO] ------------------------------------------------------------------------
[INFO] BUILD SUCCESS
[INFO] ------------------------------------------------------------------------
[INFO] Total time:  17.828 s
[INFO] Finished at: 2020-07-30T21:22:57Z
[INFO] ------------------------------------------------------------------------
