[INFO] Error stacktraces are turned on.
[INFO] Scanning for projects...
[INFO] 
[INFO] ----------------------< de.jwiesel:sfdcCommander >----------------------
[INFO] Building sfdcCommander 0.5.0-SNAPSHOT
[INFO] --------------------------------[ jar ]---------------------------------
[INFO] 
[INFO] --- jacoco-maven-plugin:0.8.5:prepare-agent (default) @ sfdcCommander ---
[INFO] argLine set to -javaagent:/home/jdbl/.m2/repository/org/jacoco/org.jacoco.agent/0.8.5/org.jacoco.agent-0.8.5-runtime.jar=destfile=/tmp/tmpnqks62pz/sfdcCommander/sfdcCommander/target/jacoco.exec
[INFO] 
[INFO] --- maven-resources-plugin:2.6:resources (default-resources) @ sfdcCommander ---
[INFO] Using 'UTF-8' encoding to copy filtered resources.
[INFO] skip non existing resourceDirectory /tmp/tmpnqks62pz/sfdcCommander/sfdcCommander/src/main/resources
[INFO] 
[INFO] --- maven-compiler-plugin:3.6.1:compile (default-compile) @ sfdcCommander ---
[INFO] Changes detected - recompiling the module!
[INFO] Compiling 1096 source files to /tmp/tmpnqks62pz/sfdcCommander/sfdcCommander/target/classes
[INFO] /tmp/tmpnqks62pz/sfdcCommander/sfdcCommander/src/main/java/de/sfdccommander/controller/CommanderPropertiesHandler.java: Some input files use or override a deprecated API.
[INFO] /tmp/tmpnqks62pz/sfdcCommander/sfdcCommander/src/main/java/de/sfdccommander/controller/CommanderPropertiesHandler.java: Recompile with -Xlint:deprecation for details.
[INFO] /tmp/tmpnqks62pz/sfdcCommander/sfdcCommander/src/main/java/com/sforce/soap/_2006/_04/metadata/ChartBackgroundDirection.java: Some input files use unchecked or unsafe operations.
[INFO] /tmp/tmpnqks62pz/sfdcCommander/sfdcCommander/src/main/java/com/sforce/soap/_2006/_04/metadata/ChartBackgroundDirection.java: Recompile with -Xlint:unchecked for details.
[INFO] 
[INFO] --- maven-resources-plugin:2.6:testResources (default-testResources) @ sfdcCommander ---
[INFO] Using 'UTF-8' encoding to copy filtered resources.
[INFO] Copying 5 resources
[INFO] 
[INFO] --- maven-compiler-plugin:3.6.1:testCompile (default-testCompile) @ sfdcCommander ---
[INFO] Changes detected - recompiling the module!
[INFO] Compiling 4 source files to /tmp/tmpnqks62pz/sfdcCommander/sfdcCommander/target/test-classes
[INFO] 
[INFO] --- maven-surefire-plugin:2.19.1:test (default-test) @ sfdcCommander ---
[INFO] Surefire report directory: /tmp/tmpnqks62pz/sfdcCommander/sfdcCommander/target/surefire-reports

-------------------------------------------------------
 T E S T S
-------------------------------------------------------
Running de.sfdccommander.controller.DatabaseHandlerTest
log4j:WARN No appenders could be found for logger (de.sfdccommander.viewer.SfdcCommander).
log4j:WARN Please initialize the log4j system properly.
log4j:WARN See http://logging.apache.org/log4j/1.2/faq.html#noconfig for more info.
Tests run: 1, Failures: 0, Errors: 0, Skipped: 0, Time elapsed: 0.111 sec - in de.sfdccommander.controller.DatabaseHandlerTest
Running de.sfdccommander.controller.HtmlRendererTest
Tests run: 3, Failures: 0, Errors: 0, Skipped: 0, Time elapsed: 1.298 sec - in de.sfdccommander.controller.HtmlRendererTest
Running de.sfdccommander.controller.CommanderPropertiesHandlerTest
Tests run: 2, Failures: 0, Errors: 0, Skipped: 0, Time elapsed: 0.045 sec - in de.sfdccommander.controller.CommanderPropertiesHandlerTest

Results :

Tests run: 6, Failures: 0, Errors: 0, Skipped: 0

[INFO] 
[INFO] --- jacoco-maven-plugin:0.8.5:report (report) @ sfdcCommander ---
[INFO] Loading execution data file /tmp/tmpnqks62pz/sfdcCommander/sfdcCommander/target/jacoco.exec
[INFO] Analyzed bundle 'sfdcCommander' with 1173 classes
[INFO] ------------------------------------------------------------------------
[INFO] BUILD SUCCESS
[INFO] ------------------------------------------------------------------------
[INFO] Total time:  28.822 s
[INFO] Finished at: 2020-07-30T23:17:02Z
[INFO] ------------------------------------------------------------------------
