[INFO] Error stacktraces are turned on.
[INFO] Scanning for projects...
[INFO] 
[INFO] ---------------------< com.maxmind.geoip2:geoip2 >----------------------
[INFO] Building MaxMind GeoIP2 API 2.14.1-SNAPSHOT
[INFO] --------------------------------[ jar ]---------------------------------
[INFO] 
[INFO] --- maven-enforcer-plugin:1.0:enforce (enforce-maven) @ geoip2 ---
[INFO] 
[INFO] --- exec-maven-plugin:3.0.0:exec (invoke build) @ geoip2 ---
Submodule 'src/test/resources/maxmind-db' (git://github.com/maxmind/MaxMind-DB.git) registered for path 'src/test/resources/maxmind-db'
Cloning into '/tmp/tmpm8fygaxs/GeoIP2-java/src/test/resources/maxmind-db'...
Submodule path 'src/test/resources/maxmind-db': checked out 'f2b2707f72e52f732a16c516eaec338a1cc6008f'
[INFO] 
[INFO] --- jacoco-maven-plugin:0.8.5:prepare-agent (default) @ geoip2 ---
[INFO] argLine set to -javaagent:/home/jdbl/.m2/repository/org/jacoco/org.jacoco.agent/0.8.5/org.jacoco.agent-0.8.5-runtime.jar=destfile=/tmp/tmpm8fygaxs/GeoIP2-java/target/jacoco.exec
[INFO] 
[INFO] --- maven-resources-plugin:2.6:resources (default-resources) @ geoip2 ---
[INFO] Using 'UTF-8' encoding to copy filtered resources.
[INFO] skip non existing resourceDirectory /tmp/tmpm8fygaxs/GeoIP2-java/src/main/resources
[INFO] 
[INFO] --- maven-compiler-plugin:3.8.1:compile (default-compile) @ geoip2 ---
[INFO] Changes detected - recompiling the module!
[INFO] Compiling 36 source files to /tmp/tmpm8fygaxs/GeoIP2-java/target/classes
[INFO] 
[INFO] --- maven-resources-plugin:2.6:testResources (default-testResources) @ geoip2 ---
[INFO] Using 'UTF-8' encoding to copy filtered resources.
[INFO] Copying 70 resources
[INFO] 
[INFO] --- maven-compiler-plugin:3.8.1:testCompile (default-testCompile) @ geoip2 ---
[INFO] Changes detected - recompiling the module!
[INFO] Compiling 9 source files to /tmp/tmpm8fygaxs/GeoIP2-java/target/test-classes
[INFO] /tmp/tmpm8fygaxs/GeoIP2-java/src/test/java/com/maxmind/geoip2/DatabaseReaderTest.java: Some input files use or override a deprecated API.
[INFO] /tmp/tmpm8fygaxs/GeoIP2-java/src/test/java/com/maxmind/geoip2/DatabaseReaderTest.java: Recompile with -Xlint:deprecation for details.
[INFO] 
[INFO] --- maven-surefire-plugin:2.19.1:test (default-test) @ geoip2 ---
[INFO] Surefire report directory: /tmp/tmpm8fygaxs/GeoIP2-java/target/surefire-reports

-------------------------------------------------------
 T E S T S
-------------------------------------------------------
Running com.maxmind.geoip2.model.InsightsResponseTest
[main] INFO org.eclipse.jetty.util.log - Logging initialized @2792ms
[main] INFO org.eclipse.jetty.server.Server - jetty-9.2.28.v20190418
[main] INFO org.eclipse.jetty.server.handler.ContextHandler - Started o.e.j.s.ServletContextHandler@54daf8f9{/__admin,null,AVAILABLE}
[main] INFO org.eclipse.jetty.server.handler.ContextHandler - Started o.e.j.s.ServletContextHandler@123ca460{/,null,AVAILABLE}
[main] INFO org.eclipse.jetty.server.NetworkTrafficServerConnector - Started NetworkTrafficServerConnector@ac417a2{HTTP/1.1}{0.0.0.0:37389}
[main] INFO org.eclipse.jetty.server.Server - Started @3154ms
[qtp1837602497-31] INFO /__admin - RequestHandlerClass from context returned com.github.tomakehurst.wiremock.http.AdminRequestHandler. Normalized mapped under returned 'null'
[qtp1837602497-33] INFO / - RequestHandlerClass from context returned com.github.tomakehurst.wiremock.http.StubRequestHandler. Normalized mapped under returned 'null'
[main] INFO org.eclipse.jetty.server.NetworkTrafficServerConnector - Stopped NetworkTrafficServerConnector@ac417a2{HTTP/1.1}{0.0.0.0:0}
[main] INFO org.eclipse.jetty.server.handler.ContextHandler - Stopped o.e.j.s.ServletContextHandler@123ca460{/,null,UNAVAILABLE}
[main] INFO org.eclipse.jetty.server.handler.ContextHandler - Stopped o.e.j.s.ServletContextHandler@54daf8f9{/__admin,null,UNAVAILABLE}
[main] WARN org.eclipse.jetty.util.thread.QueuedThreadPool - qtp1837602497{STOPPING,8<=8<=14,i=3,q=5} Couldn't stop Thread[qtp1837602497-27,5,]
[main] WARN org.eclipse.jetty.util.thread.QueuedThreadPool - qtp1837602497{STOPPING,8<=8<=14,i=0,q=5} Couldn't stop Thread[qtp1837602497-26,5,]
[main] INFO org.eclipse.jetty.server.Server - jetty-9.2.28.v20190418
[main] INFO org.eclipse.jetty.server.handler.ContextHandler - Started o.e.j.s.ServletContextHandler@3c9e06d7{/__admin,null,AVAILABLE}
[main] INFO org.eclipse.jetty.server.handler.ContextHandler - Started o.e.j.s.ServletContextHandler@5af535ff{/,null,AVAILABLE}
[main] INFO org.eclipse.jetty.server.NetworkTrafficServerConnector - Started NetworkTrafficServerConnector@161138c8{HTTP/1.1}{0.0.0.0:44657}
[main] INFO org.eclipse.jetty.server.Server - Started @4747ms
[qtp210616815-41] INFO /__admin - RequestHandlerClass from context returned com.github.tomakehurst.wiremock.http.AdminRequestHandler. Normalized mapped under returned 'null'
[qtp210616815-43] INFO / - RequestHandlerClass from context returned com.github.tomakehurst.wiremock.http.StubRequestHandler. Normalized mapped under returned 'null'
[main] INFO org.eclipse.jetty.server.NetworkTrafficServerConnector - Stopped NetworkTrafficServerConnector@161138c8{HTTP/1.1}{0.0.0.0:0}
[main] INFO org.eclipse.jetty.server.handler.ContextHandler - Stopped o.e.j.s.ServletContextHandler@5af535ff{/,null,UNAVAILABLE}
[main] INFO org.eclipse.jetty.server.handler.ContextHandler - Stopped o.e.j.s.ServletContextHandler@3c9e06d7{/__admin,null,UNAVAILABLE}
[main] WARN org.eclipse.jetty.util.thread.QueuedThreadPool - qtp210616815{STOPPING,8<=8<=14,i=5,q=5} Couldn't stop Thread[qtp210616815-43,5,]
[main] WARN org.eclipse.jetty.util.thread.QueuedThreadPool - qtp210616815{STOPPING,8<=8<=14,i=3,q=5} Couldn't stop Thread[qtp210616815-41,5,]
[main] WARN org.eclipse.jetty.util.thread.QueuedThreadPool - qtp210616815{STOPPING,8<=8<=14,i=3,q=5} Couldn't stop Thread[qtp210616815-45,5,main]
[main] WARN org.eclipse.jetty.util.thread.QueuedThreadPool - qtp210616815{STOPPING,8<=8<=14,i=3,q=5} Couldn't stop Thread[qtp210616815-37,5,main]
[main] WARN org.eclipse.jetty.util.thread.QueuedThreadPool - qtp210616815{STOPPING,8<=8<=14,i=3,q=5} Couldn't stop Thread[qtp210616815-36,5,main]
[main] INFO org.eclipse.jetty.server.Server - jetty-9.2.28.v20190418
[main] INFO org.eclipse.jetty.server.handler.ContextHandler - Started o.e.j.s.ServletContextHandler@8e89c5f{/__admin,null,AVAILABLE}
[main] INFO org.eclipse.jetty.server.handler.ContextHandler - Started o.e.j.s.ServletContextHandler@4d555b85{/,null,AVAILABLE}
[main] INFO org.eclipse.jetty.server.NetworkTrafficServerConnector - Started NetworkTrafficServerConnector@1132c14{HTTP/1.1}{0.0.0.0:32929}
[main] INFO org.eclipse.jetty.server.Server - Started @4906ms
[qtp136100356-54] INFO /__admin - RequestHandlerClass from context returned com.github.tomakehurst.wiremock.http.AdminRequestHandler. Normalized mapped under returned 'null'
[qtp136100356-56] INFO / - RequestHandlerClass from context returned com.github.tomakehurst.wiremock.http.StubRequestHandler. Normalized mapped under returned 'null'
[main] INFO org.eclipse.jetty.server.NetworkTrafficServerConnector - Stopped NetworkTrafficServerConnector@1132c14{HTTP/1.1}{0.0.0.0:0}
[main] INFO org.eclipse.jetty.server.handler.ContextHandler - Stopped o.e.j.s.ServletContextHandler@4d555b85{/,null,UNAVAILABLE}
[main] INFO org.eclipse.jetty.server.handler.ContextHandler - Stopped o.e.j.s.ServletContextHandler@8e89c5f{/__admin,null,UNAVAILABLE}
[main] WARN org.eclipse.jetty.util.thread.QueuedThreadPool - qtp136100356{STOPPING,8<=8<=14,i=6,q=6} Couldn't stop Thread[qtp136100356-60,5,]
[main] WARN org.eclipse.jetty.util.thread.QueuedThreadPool - qtp136100356{STOPPING,8<=8<=14,i=1,q=6} Couldn't stop Thread[qtp136100356-50,5,]
[main] WARN org.eclipse.jetty.util.thread.QueuedThreadPool - qtp136100356{STOPPING,8<=8<=14,i=0,q=6} Couldn't stop Thread[qtp136100356-59,5,]
[main] INFO org.eclipse.jetty.server.Server - jetty-9.2.28.v20190418
[main] INFO org.eclipse.jetty.server.handler.ContextHandler - Started o.e.j.s.ServletContextHandler@4476ac12{/__admin,null,AVAILABLE}
[main] INFO org.eclipse.jetty.server.handler.ContextHandler - Started o.e.j.s.ServletContextHandler@9a88a92{/,null,AVAILABLE}
[main] INFO org.eclipse.jetty.server.NetworkTrafficServerConnector - Started NetworkTrafficServerConnector@784fb189{HTTP/1.1}{0.0.0.0:46201}
[main] INFO org.eclipse.jetty.server.Server - Started @5014ms
[qtp348508704-67] INFO /__admin - RequestHandlerClass from context returned com.github.tomakehurst.wiremock.http.AdminRequestHandler. Normalized mapped under returned 'null'
[qtp348508704-69] INFO / - RequestHandlerClass from context returned com.github.tomakehurst.wiremock.http.StubRequestHandler. Normalized mapped under returned 'null'
[main] INFO org.eclipse.jetty.server.NetworkTrafficServerConnector - Stopped NetworkTrafficServerConnector@784fb189{HTTP/1.1}{0.0.0.0:0}
[main] INFO org.eclipse.jetty.server.handler.ContextHandler - Stopped o.e.j.s.ServletContextHandler@9a88a92{/,null,UNAVAILABLE}
[main] INFO org.eclipse.jetty.server.handler.ContextHandler - Stopped o.e.j.s.ServletContextHandler@4476ac12{/__admin,null,UNAVAILABLE}
[main] WARN org.eclipse.jetty.util.thread.QueuedThreadPool - qtp348508704{STOPPING,8<=8<=14,i=4,q=3} Couldn't stop Thread[qtp348508704-71,5,]
[main] WARN org.eclipse.jetty.util.thread.QueuedThreadPool - qtp348508704{STOPPING,8<=8<=14,i=0,q=3} Couldn't stop Thread[qtp348508704-68,5,]
[main] INFO org.eclipse.jetty.server.Server - jetty-9.2.28.v20190418
[main] INFO org.eclipse.jetty.server.handler.ContextHandler - Started o.e.j.s.ServletContextHandler@1e7edfb2{/__admin,null,AVAILABLE}
[main] INFO org.eclipse.jetty.server.handler.ContextHandler - Started o.e.j.s.ServletContextHandler@29b21fa6{/,null,AVAILABLE}
[main] INFO org.eclipse.jetty.server.NetworkTrafficServerConnector - Started NetworkTrafficServerConnector@4159c66d{HTTP/1.1}{0.0.0.0:42803}
[main] INFO org.eclipse.jetty.server.Server - Started @5150ms
[qtp381045053-80] INFO /__admin - RequestHandlerClass from context returned com.github.tomakehurst.wiremock.http.AdminRequestHandler. Normalized mapped under returned 'null'
[qtp381045053-82] INFO / - RequestHandlerClass from context returned com.github.tomakehurst.wiremock.http.StubRequestHandler. Normalized mapped under returned 'null'
[main] INFO org.eclipse.jetty.server.NetworkTrafficServerConnector - Stopped NetworkTrafficServerConnector@4159c66d{HTTP/1.1}{0.0.0.0:0}
[main] INFO org.eclipse.jetty.server.handler.ContextHandler - Stopped o.e.j.s.ServletContextHandler@29b21fa6{/,null,UNAVAILABLE}
[main] INFO org.eclipse.jetty.server.handler.ContextHandler - Stopped o.e.j.s.ServletContextHandler@1e7edfb2{/__admin,null,UNAVAILABLE}
[main] WARN org.eclipse.jetty.util.thread.QueuedThreadPool - qtp381045053{STOPPING,8<=8<=14,i=4,q=5} Couldn't stop Thread[qtp381045053-84,5,]
[main] WARN org.eclipse.jetty.util.thread.QueuedThreadPool - qtp381045053{STOPPING,8<=8<=14,i=2,q=5} Couldn't stop Thread[qtp381045053-85,5,]
[main] WARN org.eclipse.jetty.util.thread.QueuedThreadPool - qtp381045053{STOPPING,8<=8<=14,i=2,q=5} Couldn't stop Thread[qtp381045053-81,5,main]
[main] WARN org.eclipse.jetty.util.thread.QueuedThreadPool - qtp381045053{STOPPING,8<=8<=14,i=2,q=5} Couldn't stop Thread[qtp381045053-77,5,main]
[main] WARN org.eclipse.jetty.util.thread.QueuedThreadPool - qtp381045053{STOPPING,8<=8<=14,i=2,q=5} Couldn't stop Thread[qtp381045053-82,5,main]
[main] INFO org.eclipse.jetty.server.Server - jetty-9.2.28.v20190418
[main] INFO org.eclipse.jetty.server.handler.ContextHandler - Started o.e.j.s.ServletContextHandler@76e5278a{/__admin,null,AVAILABLE}
[main] INFO org.eclipse.jetty.server.handler.ContextHandler - Started o.e.j.s.ServletContextHandler@22b0fe7e{/,null,AVAILABLE}
[main] INFO org.eclipse.jetty.server.NetworkTrafficServerConnector - Started NetworkTrafficServerConnector@7db644d5{HTTP/1.1}{0.0.0.0:36753}
[main] INFO org.eclipse.jetty.server.Server - Started @5370ms
[qtp1515157777-93] INFO /__admin - RequestHandlerClass from context returned com.github.tomakehurst.wiremock.http.AdminRequestHandler. Normalized mapped under returned 'null'
[qtp1515157777-95] INFO / - RequestHandlerClass from context returned com.github.tomakehurst.wiremock.http.StubRequestHandler. Normalized mapped under returned 'null'
[main] INFO org.eclipse.jetty.server.NetworkTrafficServerConnector - Stopped NetworkTrafficServerConnector@7db644d5{HTTP/1.1}{0.0.0.0:0}
[main] INFO org.eclipse.jetty.server.handler.ContextHandler - Stopped o.e.j.s.ServletContextHandler@22b0fe7e{/,null,UNAVAILABLE}
[main] INFO org.eclipse.jetty.server.handler.ContextHandler - Stopped o.e.j.s.ServletContextHandler@76e5278a{/__admin,null,UNAVAILABLE}
[main] WARN org.eclipse.jetty.util.thread.QueuedThreadPool - qtp1515157777{STOPPING,8<=8<=14,i=4,q=5} Couldn't stop Thread[qtp1515157777-88,5,]
[main] WARN org.eclipse.jetty.util.thread.QueuedThreadPool - qtp1515157777{STOPPING,8<=8<=14,i=1,q=4} Couldn't stop Thread[qtp1515157777-98,5,]
[main] WARN org.eclipse.jetty.util.thread.QueuedThreadPool - qtp1515157777{STOPPING,8<=8<=14,i=1,q=4} Couldn't stop Thread[qtp1515157777-89,5,main]
[main] INFO org.eclipse.jetty.server.Server - jetty-9.2.28.v20190418
[main] INFO org.eclipse.jetty.server.handler.ContextHandler - Started o.e.j.s.ServletContextHandler@106a6a1b{/__admin,null,AVAILABLE}
[main] INFO org.eclipse.jetty.server.handler.ContextHandler - Started o.e.j.s.ServletContextHandler@376aaeec{/,null,AVAILABLE}
[main] INFO org.eclipse.jetty.server.NetworkTrafficServerConnector - Started NetworkTrafficServerConnector@749330a8{HTTP/1.1}{0.0.0.0:39247}
[main] INFO org.eclipse.jetty.server.Server - Started @5511ms
[qtp1130198202-106] INFO /__admin - RequestHandlerClass from context returned com.github.tomakehurst.wiremock.http.AdminRequestHandler. Normalized mapped under returned 'null'
[qtp1130198202-108] INFO / - RequestHandlerClass from context returned com.github.tomakehurst.wiremock.http.StubRequestHandler. Normalized mapped under returned 'null'
[main] INFO org.eclipse.jetty.server.NetworkTrafficServerConnector - Stopped NetworkTrafficServerConnector@749330a8{HTTP/1.1}{0.0.0.0:0}
[main] INFO org.eclipse.jetty.server.handler.ContextHandler - Stopped o.e.j.s.ServletContextHandler@376aaeec{/,null,UNAVAILABLE}
[main] INFO org.eclipse.jetty.server.handler.ContextHandler - Stopped o.e.j.s.ServletContextHandler@106a6a1b{/__admin,null,UNAVAILABLE}
[main] WARN org.eclipse.jetty.util.thread.QueuedThreadPool - qtp1130198202{STOPPING,8<=8<=14,i=8,q=7} Couldn't stop Thread[qtp1130198202-111,5,main]
[main] WARN org.eclipse.jetty.util.thread.QueuedThreadPool - qtp1130198202{STOPPING,8<=8<=14,i=8,q=7} Couldn't stop Thread[qtp1130198202-112,5,main]
[main] WARN org.eclipse.jetty.util.thread.QueuedThreadPool - qtp1130198202{STOPPING,8<=8<=14,i=8,q=7} Couldn't stop Thread[qtp1130198202-101,5,main]
[main] WARN org.eclipse.jetty.util.thread.QueuedThreadPool - qtp1130198202{STOPPING,8<=8<=14,i=8,q=7} Couldn't stop Thread[qtp1130198202-107,5,main]
[main] WARN org.eclipse.jetty.util.thread.QueuedThreadPool - qtp1130198202{STOPPING,8<=8<=14,i=8,q=7} Couldn't stop Thread[qtp1130198202-106,5,main]
[main] WARN org.eclipse.jetty.util.thread.QueuedThreadPool - qtp1130198202{STOPPING,8<=8<=14,i=8,q=7} Couldn't stop Thread[qtp1130198202-110,5,main]
[main] WARN org.eclipse.jetty.util.thread.QueuedThreadPool - qtp1130198202{STOPPING,8<=8<=14,i=8,q=7} Couldn't stop Thread[qtp1130198202-108,5,main]
[main] WARN org.eclipse.jetty.util.thread.QueuedThreadPool - qtp1130198202{STOPPING,8<=8<=14,i=8,q=7} Couldn't stop Thread[qtp1130198202-102,5,main]
[main] INFO org.eclipse.jetty.server.Server - jetty-9.2.28.v20190418
[main] INFO org.eclipse.jetty.server.handler.ContextHandler - Started o.e.j.s.ServletContextHandler@1db077a4{/__admin,null,AVAILABLE}
[main] INFO org.eclipse.jetty.server.handler.ContextHandler - Started o.e.j.s.ServletContextHandler@5168f69d{/,null,AVAILABLE}
[main] INFO org.eclipse.jetty.server.NetworkTrafficServerConnector - Started NetworkTrafficServerConnector@6c6a7553{HTTP/1.1}{0.0.0.0:42341}
[main] INFO org.eclipse.jetty.server.Server - Started @5731ms
[qtp1531196380-119] INFO /__admin - RequestHandlerClass from context returned com.github.tomakehurst.wiremock.http.AdminRequestHandler. Normalized mapped under returned 'null'
[qtp1531196380-121] INFO / - RequestHandlerClass from context returned com.github.tomakehurst.wiremock.http.StubRequestHandler. Normalized mapped under returned 'null'
[main] INFO org.eclipse.jetty.server.NetworkTrafficServerConnector - Stopped NetworkTrafficServerConnector@6c6a7553{HTTP/1.1}{0.0.0.0:0}
[main] INFO org.eclipse.jetty.server.handler.ContextHandler - Stopped o.e.j.s.ServletContextHandler@5168f69d{/,null,UNAVAILABLE}
[main] INFO org.eclipse.jetty.server.handler.ContextHandler - Stopped o.e.j.s.ServletContextHandler@1db077a4{/__admin,null,UNAVAILABLE}
[main] WARN org.eclipse.jetty.util.thread.QueuedThreadPool - qtp1531196380{STOPPING,8<=8<=14,i=6,q=7} Couldn't stop Thread[qtp1531196380-121,5,]
[main] WARN org.eclipse.jetty.util.thread.QueuedThreadPool - qtp1531196380{STOPPING,8<=8<=14,i=0,q=4} Couldn't stop Thread[qtp1531196380-125,5,]
[main] INFO org.eclipse.jetty.server.Server - jetty-9.2.28.v20190418
[main] INFO org.eclipse.jetty.server.handler.ContextHandler - Started o.e.j.s.ServletContextHandler@716205f9{/__admin,null,AVAILABLE}
[main] INFO org.eclipse.jetty.server.handler.ContextHandler - Started o.e.j.s.ServletContextHandler@27796482{/,null,AVAILABLE}
[main] INFO org.eclipse.jetty.server.NetworkTrafficServerConnector - Started NetworkTrafficServerConnector@4655e059{HTTP/1.1}{0.0.0.0:35423}
[main] INFO org.eclipse.jetty.server.Server - Started @5838ms
[qtp1622740947-129] INFO /__admin - RequestHandlerClass from context returned com.github.tomakehurst.wiremock.http.AdminRequestHandler. Normalized mapped under returned 'null'
[qtp1622740947-134] INFO / - RequestHandlerClass from context returned com.github.tomakehurst.wiremock.http.StubRequestHandler. Normalized mapped under returned 'null'
[main] INFO org.eclipse.jetty.server.NetworkTrafficServerConnector - Stopped NetworkTrafficServerConnector@4655e059{HTTP/1.1}{0.0.0.0:0}
[main] INFO org.eclipse.jetty.server.handler.ContextHandler - Stopped o.e.j.s.ServletContextHandler@27796482{/,null,UNAVAILABLE}
[main] INFO org.eclipse.jetty.server.handler.ContextHandler - Stopped o.e.j.s.ServletContextHandler@716205f9{/__admin,null,UNAVAILABLE}
[main] WARN org.eclipse.jetty.util.thread.QueuedThreadPool - qtp1622740947{STOPPING,8<=8<=14,i=3,q=6} Couldn't stop Thread[qtp1622740947-127,5,]
[main] WARN org.eclipse.jetty.util.thread.QueuedThreadPool - qtp1622740947{STOPPING,8<=8<=14,i=2,q=5} Couldn't stop Thread[qtp1622740947-132,5,]
[main] WARN org.eclipse.jetty.util.thread.QueuedThreadPool - qtp1622740947{STOPPING,8<=8<=14,i=0,q=5} Couldn't stop Thread[qtp1622740947-128,5,]
Tests run: 9, Failures: 0, Errors: 0, Skipped: 0, Time elapsed: 4.589 sec - in com.maxmind.geoip2.model.InsightsResponseTest
Running com.maxmind.geoip2.model.CityResponseTest
[main] INFO org.eclipse.jetty.server.Server - jetty-9.2.28.v20190418
[main] INFO org.eclipse.jetty.server.handler.ContextHandler - Started o.e.j.s.ServletContextHandler@5fa73f3a{/__admin,null,AVAILABLE}
[main] INFO org.eclipse.jetty.server.handler.ContextHandler - Started o.e.j.s.ServletContextHandler@1b596e21{/,null,AVAILABLE}
[main] INFO org.eclipse.jetty.server.NetworkTrafficServerConnector - Started NetworkTrafficServerConnector@7de1cc9f{HTTP/1.1}{0.0.0.0:39523}
[main] INFO org.eclipse.jetty.server.Server - Started @5998ms
[qtp1949430968-142] INFO /__admin - RequestHandlerClass from context returned com.github.tomakehurst.wiremock.http.AdminRequestHandler. Normalized mapped under returned 'null'
[qtp1949430968-139] INFO / - RequestHandlerClass from context returned com.github.tomakehurst.wiremock.http.StubRequestHandler. Normalized mapped under returned 'null'
[main] INFO org.eclipse.jetty.server.NetworkTrafficServerConnector - Stopped NetworkTrafficServerConnector@7de1cc9f{HTTP/1.1}{0.0.0.0:0}
[main] INFO org.eclipse.jetty.server.handler.ContextHandler - Stopped o.e.j.s.ServletContextHandler@1b596e21{/,null,UNAVAILABLE}
[main] INFO org.eclipse.jetty.server.handler.ContextHandler - Stopped o.e.j.s.ServletContextHandler@5fa73f3a{/__admin,null,UNAVAILABLE}
[main] INFO org.eclipse.jetty.server.Server - jetty-9.2.28.v20190418
[main] INFO org.eclipse.jetty.server.handler.ContextHandler - Started o.e.j.s.ServletContextHandler@4c55d3ce{/__admin,null,AVAILABLE}
[main] INFO org.eclipse.jetty.server.handler.ContextHandler - Started o.e.j.s.ServletContextHandler@31360632{/,null,AVAILABLE}
[main] INFO org.eclipse.jetty.server.NetworkTrafficServerConnector - Started NetworkTrafficServerConnector@531f6879{HTTP/1.1}{0.0.0.0:35383}
[main] INFO org.eclipse.jetty.server.Server - Started @6150ms
[qtp62931002-155] INFO /__admin - RequestHandlerClass from context returned com.github.tomakehurst.wiremock.http.AdminRequestHandler. Normalized mapped under returned 'null'
[qtp62931002-156] INFO / - RequestHandlerClass from context returned com.github.tomakehurst.wiremock.http.StubRequestHandler. Normalized mapped under returned 'null'
[main] INFO org.eclipse.jetty.server.NetworkTrafficServerConnector - Stopped NetworkTrafficServerConnector@531f6879{HTTP/1.1}{0.0.0.0:0}
[main] INFO org.eclipse.jetty.server.handler.ContextHandler - Stopped o.e.j.s.ServletContextHandler@31360632{/,null,UNAVAILABLE}
[main] INFO org.eclipse.jetty.server.handler.ContextHandler - Stopped o.e.j.s.ServletContextHandler@4c55d3ce{/__admin,null,UNAVAILABLE}
[main] WARN org.eclipse.jetty.util.thread.QueuedThreadPool - qtp62931002{STOPPING,8<=8<=14,i=5,q=6} Couldn't stop Thread[qtp62931002-150,5,main]
[main] WARN org.eclipse.jetty.util.thread.QueuedThreadPool - qtp62931002{STOPPING,8<=8<=14,i=5,q=6} Couldn't stop Thread[qtp62931002-151,5,]
[main] WARN org.eclipse.jetty.util.thread.QueuedThreadPool - qtp62931002{STOPPING,8<=8<=14,i=5,q=6} Couldn't stop Thread[qtp62931002-156,5,main]
[main] WARN org.eclipse.jetty.util.thread.QueuedThreadPool - qtp62931002{STOPPING,8<=8<=14,i=5,q=6} Couldn't stop Thread[qtp62931002-153,5,main]
[main] WARN org.eclipse.jetty.util.thread.QueuedThreadPool - qtp62931002{STOPPING,8<=8<=14,i=5,q=6} Couldn't stop Thread[qtp62931002-159,5,main]
[main] WARN org.eclipse.jetty.util.thread.QueuedThreadPool - qtp62931002{STOPPING,8<=8<=14,i=5,q=6} Couldn't stop Thread[qtp62931002-160,5,main]
[main] INFO org.eclipse.jetty.server.Server - jetty-9.2.28.v20190418
[main] INFO org.eclipse.jetty.server.handler.ContextHandler - Started o.e.j.s.ServletContextHandler@35e79be0{/__admin,null,AVAILABLE}
[main] INFO org.eclipse.jetty.server.handler.ContextHandler - Started o.e.j.s.ServletContextHandler@167650f8{/,null,AVAILABLE}
[main] INFO org.eclipse.jetty.server.NetworkTrafficServerConnector - Started NetworkTrafficServerConnector@1f47e14d{HTTP/1.1}{0.0.0.0:39981}
[main] INFO org.eclipse.jetty.server.Server - Started @6297ms
[qtp445239365-168] INFO /__admin - RequestHandlerClass from context returned com.github.tomakehurst.wiremock.http.AdminRequestHandler. Normalized mapped under returned 'null'
[qtp445239365-167] INFO / - RequestHandlerClass from context returned com.github.tomakehurst.wiremock.http.StubRequestHandler. Normalized mapped under returned 'null'
[main] INFO org.eclipse.jetty.server.NetworkTrafficServerConnector - Stopped NetworkTrafficServerConnector@1f47e14d{HTTP/1.1}{0.0.0.0:0}
[main] INFO org.eclipse.jetty.server.handler.ContextHandler - Stopped o.e.j.s.ServletContextHandler@167650f8{/,null,UNAVAILABLE}
[main] INFO org.eclipse.jetty.server.handler.ContextHandler - Stopped o.e.j.s.ServletContextHandler@35e79be0{/__admin,null,UNAVAILABLE}
[main] WARN org.eclipse.jetty.util.thread.QueuedThreadPool - qtp445239365{STOPPING,8<=8<=14,i=8,q=8} Couldn't stop Thread[qtp445239365-172,5,main]
[main] WARN org.eclipse.jetty.util.thread.QueuedThreadPool - qtp445239365{STOPPING,8<=8<=14,i=8,q=8} Couldn't stop Thread[qtp445239365-169,5,main]
[main] WARN org.eclipse.jetty.util.thread.QueuedThreadPool - qtp445239365{STOPPING,8<=8<=14,i=8,q=8} Couldn't stop Thread[qtp445239365-173,5,main]
[main] WARN org.eclipse.jetty.util.thread.QueuedThreadPool - qtp445239365{STOPPING,8<=8<=14,i=1,q=6} Couldn't stop Thread[qtp445239365-171,5,]
[main] WARN org.eclipse.jetty.util.thread.QueuedThreadPool - qtp445239365{STOPPING,8<=8<=14,i=1,q=6} Couldn't stop Thread[qtp445239365-167,5,main]
[main] INFO org.eclipse.jetty.server.Server - jetty-9.2.28.v20190418
[main] INFO org.eclipse.jetty.server.handler.ContextHandler - Started o.e.j.s.ServletContextHandler@11caa21d{/__admin,null,AVAILABLE}
[main] INFO org.eclipse.jetty.server.handler.ContextHandler - Started o.e.j.s.ServletContextHandler@3bb29351{/,null,AVAILABLE}
[main] INFO org.eclipse.jetty.server.NetworkTrafficServerConnector - Started NetworkTrafficServerConnector@7f2c0470{HTTP/1.1}{0.0.0.0:36791}
[main] INFO org.eclipse.jetty.server.Server - Started @6509ms
[qtp1660095722-180] INFO /__admin - RequestHandlerClass from context returned com.github.tomakehurst.wiremock.http.AdminRequestHandler. Normalized mapped under returned 'null'
[qtp1660095722-181] INFO / - RequestHandlerClass from context returned com.github.tomakehurst.wiremock.http.StubRequestHandler. Normalized mapped under returned 'null'
[main] INFO org.eclipse.jetty.server.NetworkTrafficServerConnector - Stopped NetworkTrafficServerConnector@7f2c0470{HTTP/1.1}{0.0.0.0:0}
[main] INFO org.eclipse.jetty.server.handler.ContextHandler - Stopped o.e.j.s.ServletContextHandler@3bb29351{/,null,UNAVAILABLE}
[main] INFO org.eclipse.jetty.server.handler.ContextHandler - Stopped o.e.j.s.ServletContextHandler@11caa21d{/__admin,null,UNAVAILABLE}
[main] WARN org.eclipse.jetty.util.thread.QueuedThreadPool - qtp1660095722{STOPPING,8<=8<=14,i=8,q=8} Couldn't stop Thread[qtp1660095722-181,5,main]
[main] WARN org.eclipse.jetty.util.thread.QueuedThreadPool - qtp1660095722{STOPPING,8<=8<=14,i=8,q=8} Couldn't stop Thread[qtp1660095722-175,5,main]
[main] WARN org.eclipse.jetty.util.thread.QueuedThreadPool - qtp1660095722{STOPPING,8<=8<=14,i=8,q=8} Couldn't stop Thread[qtp1660095722-182,5,main]
[main] WARN org.eclipse.jetty.util.thread.QueuedThreadPool - qtp1660095722{STOPPING,8<=8<=14,i=8,q=8} Couldn't stop Thread[qtp1660095722-185,5,main]
[main] WARN org.eclipse.jetty.util.thread.QueuedThreadPool - qtp1660095722{STOPPING,8<=8<=14,i=8,q=8} Couldn't stop Thread[qtp1660095722-180,5,main]
[main] WARN org.eclipse.jetty.util.thread.QueuedThreadPool - qtp1660095722{STOPPING,8<=8<=14,i=8,q=8} Couldn't stop Thread[qtp1660095722-177,5,main]
[main] WARN org.eclipse.jetty.util.thread.QueuedThreadPool - qtp1660095722{STOPPING,8<=8<=14,i=8,q=8} Couldn't stop Thread[qtp1660095722-184,5,main]
[main] WARN org.eclipse.jetty.util.thread.QueuedThreadPool - qtp1660095722{STOPPING,8<=8<=14,i=8,q=8} Couldn't stop Thread[qtp1660095722-186,5,main]
[main] INFO org.eclipse.jetty.server.Server - jetty-9.2.28.v20190418
[main] INFO org.eclipse.jetty.server.handler.ContextHandler - Started o.e.j.s.ServletContextHandler@37e682da{/__admin,null,AVAILABLE}
[main] INFO org.eclipse.jetty.server.handler.ContextHandler - Started o.e.j.s.ServletContextHandler@7474bc14{/,null,AVAILABLE}
[main] INFO org.eclipse.jetty.server.NetworkTrafficServerConnector - Started NetworkTrafficServerConnector@77070012{HTTP/1.1}{0.0.0.0:45031}
[main] INFO org.eclipse.jetty.server.Server - Started @6623ms
[qtp1568783481-193] INFO /__admin - RequestHandlerClass from context returned com.github.tomakehurst.wiremock.http.AdminRequestHandler. Normalized mapped under returned 'null'
[qtp1568783481-194] INFO / - RequestHandlerClass from context returned com.github.tomakehurst.wiremock.http.StubRequestHandler. Normalized mapped under returned 'null'
[main] INFO org.eclipse.jetty.server.NetworkTrafficServerConnector - Stopped NetworkTrafficServerConnector@77070012{HTTP/1.1}{0.0.0.0:0}
[main] INFO org.eclipse.jetty.server.handler.ContextHandler - Stopped o.e.j.s.ServletContextHandler@7474bc14{/,null,UNAVAILABLE}
[main] INFO org.eclipse.jetty.server.handler.ContextHandler - Stopped o.e.j.s.ServletContextHandler@37e682da{/__admin,null,UNAVAILABLE}
[main] WARN org.eclipse.jetty.util.thread.QueuedThreadPool - qtp1568783481{STOPPING,8<=8<=14,i=0,q=4} Couldn't stop Thread[qtp1568783481-190-selector-ServerConnectorManager@73f709a5/1,5,main]
[main] WARN org.eclipse.jetty.util.thread.QueuedThreadPool - qtp1568783481{STOPPING,8<=8<=14,i=0,q=3} Couldn't stop Thread[qtp1568783481-192,5,main]
[main] INFO org.eclipse.jetty.server.Server - jetty-9.2.28.v20190418
[main] INFO org.eclipse.jetty.server.handler.ContextHandler - Started o.e.j.s.ServletContextHandler@3564caf8{/__admin,null,AVAILABLE}
[main] INFO org.eclipse.jetty.server.handler.ContextHandler - Started o.e.j.s.ServletContextHandler@6e3f38c1{/,null,AVAILABLE}
[main] INFO org.eclipse.jetty.server.NetworkTrafficServerConnector - Started NetworkTrafficServerConnector@7d9f0cf4{HTTP/1.1}{0.0.0.0:43685}
[main] INFO org.eclipse.jetty.server.Server - Started @6811ms
[qtp1307899409-206] INFO /__admin - RequestHandlerClass from context returned com.github.tomakehurst.wiremock.http.AdminRequestHandler. Normalized mapped under returned 'null'
[qtp1307899409-207] INFO / - RequestHandlerClass from context returned com.github.tomakehurst.wiremock.http.StubRequestHandler. Normalized mapped under returned 'null'
[main] INFO org.eclipse.jetty.server.NetworkTrafficServerConnector - Stopped NetworkTrafficServerConnector@7d9f0cf4{HTTP/1.1}{0.0.0.0:0}
[main] INFO org.eclipse.jetty.server.handler.ContextHandler - Stopped o.e.j.s.ServletContextHandler@6e3f38c1{/,null,UNAVAILABLE}
[main] INFO org.eclipse.jetty.server.handler.ContextHandler - Stopped o.e.j.s.ServletContextHandler@3564caf8{/__admin,null,UNAVAILABLE}
[main] WARN org.eclipse.jetty.util.thread.QueuedThreadPool - qtp1307899409{STOPPING,8<=8<=14,i=6,q=7} Couldn't stop Thread[qtp1307899409-211,5,main]
[main] WARN org.eclipse.jetty.util.thread.QueuedThreadPool - qtp1307899409{STOPPING,8<=8<=14,i=6,q=7} Couldn't stop Thread[qtp1307899409-210,5,main]
[main] WARN org.eclipse.jetty.util.thread.QueuedThreadPool - qtp1307899409{STOPPING,8<=8<=14,i=6,q=7} Couldn't stop Thread[qtp1307899409-202,5,main]
[main] WARN org.eclipse.jetty.util.thread.QueuedThreadPool - qtp1307899409{STOPPING,8<=8<=14,i=6,q=7} Couldn't stop Thread[qtp1307899409-201,5,main]
[main] WARN org.eclipse.jetty.util.thread.QueuedThreadPool - qtp1307899409{STOPPING,8<=8<=14,i=6,q=7} Couldn't stop Thread[qtp1307899409-207,5,main]
[main] WARN org.eclipse.jetty.util.thread.QueuedThreadPool - qtp1307899409{STOPPING,8<=8<=14,i=6,q=7} Couldn't stop Thread[qtp1307899409-206,5,main]
Tests run: 6, Failures: 0, Errors: 0, Skipped: 0, Time elapsed: 0.943 sec - in com.maxmind.geoip2.model.CityResponseTest
Running com.maxmind.geoip2.model.JsonTest
Tests run: 7, Failures: 0, Errors: 0, Skipped: 0, Time elapsed: 0.086 sec - in com.maxmind.geoip2.model.JsonTest
Running com.maxmind.geoip2.model.CountryResponseTest
[main] INFO org.eclipse.jetty.server.Server - jetty-9.2.28.v20190418
[main] INFO org.eclipse.jetty.server.handler.ContextHandler - Started o.e.j.s.ServletContextHandler@5a342baf{/__admin,null,AVAILABLE}
[main] INFO org.eclipse.jetty.server.handler.ContextHandler - Started o.e.j.s.ServletContextHandler@7288afd8{/,null,AVAILABLE}
[main] INFO org.eclipse.jetty.server.NetworkTrafficServerConnector - Started NetworkTrafficServerConnector@1b6dab22{HTTP/1.1}{0.0.0.0:35775}
[main] INFO org.eclipse.jetty.server.Server - Started @7058ms
[qtp1231704399-219] INFO /__admin - RequestHandlerClass from context returned com.github.tomakehurst.wiremock.http.AdminRequestHandler. Normalized mapped under returned 'null'
[qtp1231704399-220] INFO / - RequestHandlerClass from context returned com.github.tomakehurst.wiremock.http.StubRequestHandler. Normalized mapped under returned 'null'
[main] INFO org.eclipse.jetty.server.NetworkTrafficServerConnector - Stopped NetworkTrafficServerConnector@1b6dab22{HTTP/1.1}{0.0.0.0:0}
[main] INFO org.eclipse.jetty.server.handler.ContextHandler - Stopped o.e.j.s.ServletContextHandler@7288afd8{/,null,UNAVAILABLE}
[main] INFO org.eclipse.jetty.server.handler.ContextHandler - Stopped o.e.j.s.ServletContextHandler@5a342baf{/__admin,null,UNAVAILABLE}
[main] WARN org.eclipse.jetty.util.thread.QueuedThreadPool - qtp1231704399{STOPPING,8<=8<=14,i=3,q=5} Couldn't stop Thread[qtp1231704399-225,5,]
[main] WARN org.eclipse.jetty.util.thread.QueuedThreadPool - qtp1231704399{STOPPING,8<=8<=14,i=2,q=5} Couldn't stop Thread[qtp1231704399-221,5,]
[main] WARN org.eclipse.jetty.util.thread.QueuedThreadPool - qtp1231704399{STOPPING,8<=8<=14,i=2,q=5} Couldn't stop Thread[qtp1231704399-224,5,main]
[main] WARN org.eclipse.jetty.util.thread.QueuedThreadPool - qtp1231704399{STOPPING,8<=8<=14,i=2,q=5} Couldn't stop Thread[qtp1231704399-215,5,main]
[main] INFO org.eclipse.jetty.server.Server - jetty-9.2.28.v20190418
[main] INFO org.eclipse.jetty.server.handler.ContextHandler - Started o.e.j.s.ServletContextHandler@6573b345{/__admin,null,AVAILABLE}
[main] INFO org.eclipse.jetty.server.handler.ContextHandler - Started o.e.j.s.ServletContextHandler@562fa8f2{/,null,AVAILABLE}
[main] INFO org.eclipse.jetty.server.NetworkTrafficServerConnector - Started NetworkTrafficServerConnector@2e3ec0e9{HTTP/1.1}{0.0.0.0:34959}
[main] INFO org.eclipse.jetty.server.Server - Started @7157ms
[qtp1164504888-232] INFO /__admin - RequestHandlerClass from context returned com.github.tomakehurst.wiremock.http.AdminRequestHandler. Normalized mapped under returned 'null'
[qtp1164504888-233] INFO / - RequestHandlerClass from context returned com.github.tomakehurst.wiremock.http.StubRequestHandler. Normalized mapped under returned 'null'
[main] INFO org.eclipse.jetty.server.NetworkTrafficServerConnector - Stopped NetworkTrafficServerConnector@2e3ec0e9{HTTP/1.1}{0.0.0.0:0}
[main] INFO org.eclipse.jetty.server.handler.ContextHandler - Stopped o.e.j.s.ServletContextHandler@562fa8f2{/,null,UNAVAILABLE}
[main] INFO org.eclipse.jetty.server.handler.ContextHandler - Stopped o.e.j.s.ServletContextHandler@6573b345{/__admin,null,UNAVAILABLE}
[main] WARN org.eclipse.jetty.util.thread.QueuedThreadPool - qtp1164504888{STOPPING,8<=8<=14,i=8,q=8} Couldn't stop Thread[qtp1164504888-227,5,main]
[main] WARN org.eclipse.jetty.util.thread.QueuedThreadPool - qtp1164504888{STOPPING,8<=8<=14,i=8,q=8} Couldn't stop Thread[qtp1164504888-232,5,main]
[main] WARN org.eclipse.jetty.util.thread.QueuedThreadPool - qtp1164504888{STOPPING,8<=8<=14,i=8,q=8} Couldn't stop Thread[qtp1164504888-238,5,main]
[main] WARN org.eclipse.jetty.util.thread.QueuedThreadPool - qtp1164504888{STOPPING,8<=8<=14,i=8,q=8} Couldn't stop Thread[qtp1164504888-228,5,main]
[main] WARN org.eclipse.jetty.util.thread.QueuedThreadPool - qtp1164504888{STOPPING,8<=8<=14,i=8,q=8} Couldn't stop Thread[qtp1164504888-233,5,main]
[main] WARN org.eclipse.jetty.util.thread.QueuedThreadPool - qtp1164504888{STOPPING,8<=8<=14,i=8,q=8} Couldn't stop Thread[qtp1164504888-234,5,main]
[main] WARN org.eclipse.jetty.util.thread.QueuedThreadPool - qtp1164504888{STOPPING,8<=8<=14,i=8,q=8} Couldn't stop Thread[qtp1164504888-236,5,main]
[main] WARN org.eclipse.jetty.util.thread.QueuedThreadPool - qtp1164504888{STOPPING,8<=8<=14,i=8,q=8} Couldn't stop Thread[qtp1164504888-237,5,main]
[main] INFO org.eclipse.jetty.server.Server - jetty-9.2.28.v20190418
[main] INFO org.eclipse.jetty.server.handler.ContextHandler - Started o.e.j.s.ServletContextHandler@22128b73{/__admin,null,AVAILABLE}
[main] INFO org.eclipse.jetty.server.handler.ContextHandler - Started o.e.j.s.ServletContextHandler@23551fa1{/,null,AVAILABLE}
[main] INFO org.eclipse.jetty.server.NetworkTrafficServerConnector - Started NetworkTrafficServerConnector@152a41ab{HTTP/1.1}{0.0.0.0:43467}
[main] INFO org.eclipse.jetty.server.Server - Started @7269ms
[qtp1524207215-244] INFO /__admin - RequestHandlerClass from context returned com.github.tomakehurst.wiremock.http.AdminRequestHandler. Normalized mapped under returned 'null'
[qtp1524207215-246] INFO / - RequestHandlerClass from context returned com.github.tomakehurst.wiremock.http.StubRequestHandler. Normalized mapped under returned 'null'
[main] INFO org.eclipse.jetty.server.NetworkTrafficServerConnector - Stopped NetworkTrafficServerConnector@152a41ab{HTTP/1.1}{0.0.0.0:0}
[main] INFO org.eclipse.jetty.server.handler.ContextHandler - Stopped o.e.j.s.ServletContextHandler@23551fa1{/,null,UNAVAILABLE}
[main] INFO org.eclipse.jetty.server.handler.ContextHandler - Stopped o.e.j.s.ServletContextHandler@22128b73{/__admin,null,UNAVAILABLE}
[main] INFO org.eclipse.jetty.server.Server - jetty-9.2.28.v20190418
[main] INFO org.eclipse.jetty.server.handler.ContextHandler - Started o.e.j.s.ServletContextHandler@620bfd8c{/__admin,null,AVAILABLE}
[main] INFO org.eclipse.jetty.server.handler.ContextHandler - Started o.e.j.s.ServletContextHandler@40699137{/,null,AVAILABLE}
[main] INFO org.eclipse.jetty.server.NetworkTrafficServerConnector - Started NetworkTrafficServerConnector@7d33e32b{HTTP/1.1}{0.0.0.0:44879}
[main] INFO org.eclipse.jetty.server.Server - Started @7368ms
[qtp1435493296-257] INFO /__admin - RequestHandlerClass from context returned com.github.tomakehurst.wiremock.http.AdminRequestHandler. Normalized mapped under returned 'null'
[qtp1435493296-258] INFO / - RequestHandlerClass from context returned com.github.tomakehurst.wiremock.http.StubRequestHandler. Normalized mapped under returned 'null'
[main] INFO org.eclipse.jetty.server.NetworkTrafficServerConnector - Stopped NetworkTrafficServerConnector@7d33e32b{HTTP/1.1}{0.0.0.0:0}
[main] INFO org.eclipse.jetty.server.handler.ContextHandler - Stopped o.e.j.s.ServletContextHandler@40699137{/,null,UNAVAILABLE}
[main] INFO org.eclipse.jetty.server.handler.ContextHandler - Stopped o.e.j.s.ServletContextHandler@620bfd8c{/__admin,null,UNAVAILABLE}
[main] WARN org.eclipse.jetty.util.thread.QueuedThreadPool - qtp1435493296{STOPPING,8<=8<=14,i=6,q=6} Couldn't stop Thread[qtp1435493296-262,5,main]
[main] WARN org.eclipse.jetty.util.thread.QueuedThreadPool - qtp1435493296{STOPPING,8<=8<=14,i=1,q=5} Couldn't stop Thread[qtp1435493296-252,5,]
[main] WARN org.eclipse.jetty.util.thread.QueuedThreadPool - qtp1435493296{STOPPING,8<=8<=14,i=0,q=4} Couldn't stop Thread[qtp1435493296-263,5,]
[main] INFO org.eclipse.jetty.server.Server - jetty-9.2.28.v20190418
[main] INFO org.eclipse.jetty.server.handler.ContextHandler - Started o.e.j.s.ServletContextHandler@4d484eda{/__admin,null,AVAILABLE}
[main] INFO org.eclipse.jetty.server.handler.ContextHandler - Started o.e.j.s.ServletContextHandler@39090979{/,null,AVAILABLE}
[main] INFO org.eclipse.jetty.server.NetworkTrafficServerConnector - Started NetworkTrafficServerConnector@3638ae1c{HTTP/1.1}{0.0.0.0:43101}
[main] INFO org.eclipse.jetty.server.Server - Started @7453ms
[qtp1177239495-270] INFO /__admin - RequestHandlerClass from context returned com.github.tomakehurst.wiremock.http.AdminRequestHandler. Normalized mapped under returned 'null'
[qtp1177239495-271] INFO / - RequestHandlerClass from context returned com.github.tomakehurst.wiremock.http.StubRequestHandler. Normalized mapped under returned 'null'
[main] INFO org.eclipse.jetty.server.NetworkTrafficServerConnector - Stopped NetworkTrafficServerConnector@3638ae1c{HTTP/1.1}{0.0.0.0:0}
[main] INFO org.eclipse.jetty.server.handler.ContextHandler - Stopped o.e.j.s.ServletContextHandler@39090979{/,null,UNAVAILABLE}
[main] INFO org.eclipse.jetty.server.handler.ContextHandler - Stopped o.e.j.s.ServletContextHandler@4d484eda{/__admin,null,UNAVAILABLE}
[main] WARN org.eclipse.jetty.util.thread.QueuedThreadPool - qtp1177239495{STOPPING,8<=8<=14,i=3,q=6} Couldn't stop Thread[qtp1177239495-266,5,main]
[main] WARN org.eclipse.jetty.util.thread.QueuedThreadPool - qtp1177239495{STOPPING,8<=8<=14,i=3,q=6} Couldn't stop Thread[qtp1177239495-265,5,main]
[main] WARN org.eclipse.jetty.util.thread.QueuedThreadPool - qtp1177239495{STOPPING,8<=8<=14,i=3,q=6} Couldn't stop Thread[qtp1177239495-276,5,main]
Tests run: 5, Failures: 0, Errors: 0, Skipped: 0, Time elapsed: 0.513 sec - in com.maxmind.geoip2.model.CountryResponseTest
Running com.maxmind.geoip2.DatabaseReaderTest
Tests run: 22, Failures: 0, Errors: 0, Skipped: 0, Time elapsed: 0.239 sec - in com.maxmind.geoip2.DatabaseReaderTest
Running com.maxmind.geoip2.WebServiceClientTest
[main] INFO org.eclipse.jetty.server.Server - jetty-9.2.28.v20190418
[main] INFO org.eclipse.jetty.server.handler.ContextHandler - Started o.e.j.s.ServletContextHandler@5ec5a449{/__admin,null,AVAILABLE}
[main] INFO org.eclipse.jetty.server.handler.ContextHandler - Started o.e.j.s.ServletContextHandler@7c69c582{/,null,AVAILABLE}
[main] INFO org.eclipse.jetty.server.NetworkTrafficServerConnector - Started NetworkTrafficServerConnector@f7dc1aa{HTTP/1.1}{0.0.0.0:42175}
[main] INFO org.eclipse.jetty.server.Server - Started @7853ms
[qtp1798818527-284] INFO /__admin - RequestHandlerClass from context returned com.github.tomakehurst.wiremock.http.AdminRequestHandler. Normalized mapped under returned 'null'
[qtp1798818527-285] INFO / - RequestHandlerClass from context returned com.github.tomakehurst.wiremock.http.StubRequestHandler. Normalized mapped under returned 'null'
[main] INFO org.eclipse.jetty.server.NetworkTrafficServerConnector - Stopped NetworkTrafficServerConnector@f7dc1aa{HTTP/1.1}{0.0.0.0:0}
[main] INFO org.eclipse.jetty.server.handler.ContextHandler - Stopped o.e.j.s.ServletContextHandler@7c69c582{/,null,UNAVAILABLE}
[main] INFO org.eclipse.jetty.server.handler.ContextHandler - Stopped o.e.j.s.ServletContextHandler@5ec5a449{/__admin,null,UNAVAILABLE}
[main] WARN org.eclipse.jetty.util.thread.QueuedThreadPool - qtp1798818527{STOPPING,8<=8<=14,i=6,q=6} Couldn't stop Thread[qtp1798818527-284,5,]
[main] WARN org.eclipse.jetty.util.thread.QueuedThreadPool - qtp1798818527{STOPPING,8<=8<=14,i=4,q=6} Couldn't stop Thread[qtp1798818527-289,5,]
[main] WARN org.eclipse.jetty.util.thread.QueuedThreadPool - qtp1798818527{STOPPING,8<=8<=14,i=2,q=6} Couldn't stop Thread[qtp1798818527-279,5,]
[main] WARN org.eclipse.jetty.util.thread.QueuedThreadPool - qtp1798818527{STOPPING,8<=8<=14,i=1,q=6} Couldn't stop Thread[qtp1798818527-278,5,]
[main] WARN org.eclipse.jetty.util.thread.QueuedThreadPool - qtp1798818527{STOPPING,8<=8<=14,i=0,q=6} Couldn't stop Thread[qtp1798818527-285,5,]
[main] INFO org.eclipse.jetty.server.Server - jetty-9.2.28.v20190418
[main] INFO org.eclipse.jetty.server.handler.ContextHandler - Started o.e.j.s.ServletContextHandler@1b4695a{/__admin,null,AVAILABLE}
[main] INFO org.eclipse.jetty.server.handler.ContextHandler - Started o.e.j.s.ServletContextHandler@30722243{/,null,AVAILABLE}
[main] INFO org.eclipse.jetty.server.NetworkTrafficServerConnector - Started NetworkTrafficServerConnector@122e63ae{HTTP/1.1}{0.0.0.0:43285}
[main] INFO org.eclipse.jetty.server.Server - Started @8005ms
[qtp865176901-296] INFO /__admin - RequestHandlerClass from context returned com.github.tomakehurst.wiremock.http.AdminRequestHandler. Normalized mapped under returned 'null'
[qtp865176901-297] INFO / - RequestHandlerClass from context returned com.github.tomakehurst.wiremock.http.StubRequestHandler. Normalized mapped under returned 'null'
[main] INFO org.eclipse.jetty.server.NetworkTrafficServerConnector - Stopped NetworkTrafficServerConnector@122e63ae{HTTP/1.1}{0.0.0.0:0}
[main] INFO org.eclipse.jetty.server.handler.ContextHandler - Stopped o.e.j.s.ServletContextHandler@30722243{/,null,UNAVAILABLE}
[main] INFO org.eclipse.jetty.server.handler.ContextHandler - Stopped o.e.j.s.ServletContextHandler@1b4695a{/__admin,null,UNAVAILABLE}
[main] WARN org.eclipse.jetty.util.thread.QueuedThreadPool - qtp865176901{STOPPING,8<=8<=14,i=6,q=8} Couldn't stop Thread[qtp865176901-300,5,main]
[main] WARN org.eclipse.jetty.util.thread.QueuedThreadPool - qtp865176901{STOPPING,8<=8<=14,i=6,q=8} Couldn't stop Thread[qtp865176901-297,5,main]
[main] WARN org.eclipse.jetty.util.thread.QueuedThreadPool - qtp865176901{STOPPING,8<=8<=14,i=6,q=8} Couldn't stop Thread[qtp865176901-301,5,main]
[main] WARN org.eclipse.jetty.util.thread.QueuedThreadPool - qtp865176901{STOPPING,8<=8<=14,i=6,q=8} Couldn't stop Thread[qtp865176901-296,5,main]
[main] WARN org.eclipse.jetty.util.thread.QueuedThreadPool - qtp865176901{STOPPING,8<=8<=14,i=5,q=7} Couldn't stop Thread[qtp865176901-293,5,main]
[main] WARN org.eclipse.jetty.util.thread.QueuedThreadPool - qtp865176901{STOPPING,8<=8<=14,i=4,q=7} Couldn't stop Thread[qtp865176901-298,5,main]
[main] INFO org.eclipse.jetty.server.Server - jetty-9.2.28.v20190418
[main] INFO org.eclipse.jetty.server.handler.ContextHandler - Started o.e.j.s.ServletContextHandler@260d5273{/__admin,null,AVAILABLE}
[main] INFO org.eclipse.jetty.server.handler.ContextHandler - Started o.e.j.s.ServletContextHandler@7bd6185a{/,null,AVAILABLE}
[main] INFO org.eclipse.jetty.server.NetworkTrafficServerConnector - Started NetworkTrafficServerConnector@37844399{HTTP/1.1}{0.0.0.0:37293}
[main] INFO org.eclipse.jetty.server.Server - Started @8077ms
[qtp503804335-308] INFO /__admin - RequestHandlerClass from context returned com.github.tomakehurst.wiremock.http.AdminRequestHandler. Normalized mapped under returned 'null'
[qtp503804335-309] INFO / - RequestHandlerClass from context returned com.github.tomakehurst.wiremock.http.StubRequestHandler. Normalized mapped under returned 'null'
[main] INFO org.eclipse.jetty.server.NetworkTrafficServerConnector - Stopped NetworkTrafficServerConnector@37844399{HTTP/1.1}{0.0.0.0:0}
[main] INFO org.eclipse.jetty.server.handler.ContextHandler - Stopped o.e.j.s.ServletContextHandler@7bd6185a{/,null,UNAVAILABLE}
[main] INFO org.eclipse.jetty.server.handler.ContextHandler - Stopped o.e.j.s.ServletContextHandler@260d5273{/__admin,null,UNAVAILABLE}
[main] WARN org.eclipse.jetty.util.thread.QueuedThreadPool - qtp503804335{STOPPING,8<=8<=14,i=7,q=8} Couldn't stop Thread[qtp503804335-309,5,main]
[main] WARN org.eclipse.jetty.util.thread.QueuedThreadPool - qtp503804335{STOPPING,8<=8<=14,i=7,q=8} Couldn't stop Thread[qtp503804335-313,5,main]
[main] WARN org.eclipse.jetty.util.thread.QueuedThreadPool - qtp503804335{STOPPING,8<=8<=14,i=7,q=8} Couldn't stop Thread[qtp503804335-314,5,main]
[main] WARN org.eclipse.jetty.util.thread.QueuedThreadPool - qtp503804335{STOPPING,8<=8<=14,i=7,q=8} Couldn't stop Thread[qtp503804335-312,5,main]
[main] WARN org.eclipse.jetty.util.thread.QueuedThreadPool - qtp503804335{STOPPING,8<=8<=14,i=7,q=8} Couldn't stop Thread[qtp503804335-303,5,main]
[main] WARN org.eclipse.jetty.util.thread.QueuedThreadPool - qtp503804335{STOPPING,8<=8<=14,i=7,q=8} Couldn't stop Thread[qtp503804335-304,5,main]
[main] WARN org.eclipse.jetty.util.thread.QueuedThreadPool - qtp503804335{STOPPING,8<=8<=14,i=7,q=7} Couldn't stop Thread[qtp503804335-308,5,main]
[main] WARN org.eclipse.jetty.util.thread.QueuedThreadPool - qtp503804335{STOPPING,8<=8<=14,i=7,q=7} Couldn't stop Thread[qtp503804335-307,5,main]
[main] INFO org.eclipse.jetty.server.Server - jetty-9.2.28.v20190418
[main] INFO org.eclipse.jetty.server.handler.ContextHandler - Started o.e.j.s.ServletContextHandler@1069cbf2{/__admin,null,AVAILABLE}
[main] INFO org.eclipse.jetty.server.handler.ContextHandler - Started o.e.j.s.ServletContextHandler@4613274d{/,null,AVAILABLE}
[main] INFO org.eclipse.jetty.server.NetworkTrafficServerConnector - Started NetworkTrafficServerConnector@18fb5226{HTTP/1.1}{0.0.0.0:39645}
[main] INFO org.eclipse.jetty.server.Server - Started @8173ms
[qtp70945120-321] INFO /__admin - RequestHandlerClass from context returned com.github.tomakehurst.wiremock.http.AdminRequestHandler. Normalized mapped under returned 'null'
[qtp70945120-322] INFO / - RequestHandlerClass from context returned com.github.tomakehurst.wiremock.http.StubRequestHandler. Normalized mapped under returned 'null'
[main] INFO org.eclipse.jetty.server.NetworkTrafficServerConnector - Stopped NetworkTrafficServerConnector@18fb5226{HTTP/1.1}{0.0.0.0:0}
[main] INFO org.eclipse.jetty.server.handler.ContextHandler - Stopped o.e.j.s.ServletContextHandler@4613274d{/,null,UNAVAILABLE}
[main] INFO org.eclipse.jetty.server.handler.ContextHandler - Stopped o.e.j.s.ServletContextHandler@1069cbf2{/__admin,null,UNAVAILABLE}
[main] WARN org.eclipse.jetty.util.thread.QueuedThreadPool - qtp70945120{STOPPING,8<=8<=14,i=6,q=8} Couldn't stop Thread[qtp70945120-326,5,main]
[main] WARN org.eclipse.jetty.util.thread.QueuedThreadPool - qtp70945120{STOPPING,8<=8<=14,i=6,q=8} Couldn't stop Thread[qtp70945120-317,5,main]
[main] WARN org.eclipse.jetty.util.thread.QueuedThreadPool - qtp70945120{STOPPING,8<=8<=14,i=6,q=8} Couldn't stop Thread[qtp70945120-322,5,]
[main] WARN org.eclipse.jetty.util.thread.QueuedThreadPool - qtp70945120{STOPPING,8<=8<=14,i=0,q=4} Couldn't stop Thread[qtp70945120-323,5,]
[main] WARN org.eclipse.jetty.util.thread.QueuedThreadPool - qtp70945120{STOPPING,8<=8<=14,i=0,q=3} Couldn't stop Thread[qtp70945120-320,5,]
[main] INFO org.eclipse.jetty.server.Server - jetty-9.2.28.v20190418
[main] INFO org.eclipse.jetty.server.handler.ContextHandler - Started o.e.j.s.ServletContextHandler@25c962b7{/__admin,null,AVAILABLE}
[main] INFO org.eclipse.jetty.server.handler.ContextHandler - Started o.e.j.s.ServletContextHandler@69c4bbfe{/,null,AVAILABLE}
[main] INFO org.eclipse.jetty.server.NetworkTrafficServerConnector - Started NetworkTrafficServerConnector@7f6a0ab{HTTP/1.1}{0.0.0.0:46183}
[main] INFO org.eclipse.jetty.server.Server - Started @8252ms
[qtp1107299074-333] INFO /__admin - RequestHandlerClass from context returned com.github.tomakehurst.wiremock.http.AdminRequestHandler. Normalized mapped under returned 'null'
[qtp1107299074-334] INFO / - RequestHandlerClass from context returned com.github.tomakehurst.wiremock.http.StubRequestHandler. Normalized mapped under returned 'null'
[main] INFO org.eclipse.jetty.server.NetworkTrafficServerConnector - Stopped NetworkTrafficServerConnector@7f6a0ab{HTTP/1.1}{0.0.0.0:0}
[main] INFO org.eclipse.jetty.server.handler.ContextHandler - Stopped o.e.j.s.ServletContextHandler@69c4bbfe{/,null,UNAVAILABLE}
[main] INFO org.eclipse.jetty.server.handler.ContextHandler - Stopped o.e.j.s.ServletContextHandler@25c962b7{/__admin,null,UNAVAILABLE}
[main] WARN org.eclipse.jetty.util.thread.QueuedThreadPool - qtp1107299074{STOPPING,8<=8<=14,i=7,q=8} Couldn't stop Thread[qtp1107299074-329,5,main]
[main] WARN org.eclipse.jetty.util.thread.QueuedThreadPool - qtp1107299074{STOPPING,8<=8<=14,i=7,q=8} Couldn't stop Thread[qtp1107299074-333,5,main]
[main] WARN org.eclipse.jetty.util.thread.QueuedThreadPool - qtp1107299074{STOPPING,8<=8<=14,i=7,q=8} Couldn't stop Thread[qtp1107299074-337,5,main]
[main] WARN org.eclipse.jetty.util.thread.QueuedThreadPool - qtp1107299074{STOPPING,8<=8<=14,i=7,q=8} Couldn't stop Thread[qtp1107299074-328,5,main]
[main] WARN org.eclipse.jetty.util.thread.QueuedThreadPool - qtp1107299074{STOPPING,8<=8<=14,i=7,q=8} Couldn't stop Thread[qtp1107299074-330,5,main]
[main] WARN org.eclipse.jetty.util.thread.QueuedThreadPool - qtp1107299074{STOPPING,8<=8<=14,i=7,q=8} Couldn't stop Thread[qtp1107299074-334,5,main]
[main] WARN org.eclipse.jetty.util.thread.QueuedThreadPool - qtp1107299074{STOPPING,8<=8<=14,i=7,q=8} Couldn't stop Thread[qtp1107299074-335,5,main]
[main] WARN org.eclipse.jetty.util.thread.QueuedThreadPool - qtp1107299074{STOPPING,8<=8<=14,i=7,q=8} Couldn't stop Thread[qtp1107299074-338,5,main]
[main] INFO org.eclipse.jetty.server.Server - jetty-9.2.28.v20190418
[main] INFO org.eclipse.jetty.server.handler.ContextHandler - Started o.e.j.s.ServletContextHandler@7a0ba5f0{/__admin,null,AVAILABLE}
[main] INFO org.eclipse.jetty.server.handler.ContextHandler - Started o.e.j.s.ServletContextHandler@4ebd3d4c{/,null,AVAILABLE}
[main] INFO org.eclipse.jetty.server.NetworkTrafficServerConnector - Started NetworkTrafficServerConnector@693e254e{HTTP/1.1}{0.0.0.0:34009}
[main] INFO org.eclipse.jetty.server.Server - Started @8306ms
[qtp1053054956-346] INFO /__admin - RequestHandlerClass from context returned com.github.tomakehurst.wiremock.http.AdminRequestHandler. Normalized mapped under returned 'null'
[qtp1053054956-347] INFO / - RequestHandlerClass from context returned com.github.tomakehurst.wiremock.http.StubRequestHandler. Normalized mapped under returned 'null'
[main] INFO org.eclipse.jetty.server.NetworkTrafficServerConnector - Stopped NetworkTrafficServerConnector@693e254e{HTTP/1.1}{0.0.0.0:0}
[main] INFO org.eclipse.jetty.server.handler.ContextHandler - Stopped o.e.j.s.ServletContextHandler@4ebd3d4c{/,null,UNAVAILABLE}
[main] INFO org.eclipse.jetty.server.handler.ContextHandler - Stopped o.e.j.s.ServletContextHandler@7a0ba5f0{/__admin,null,UNAVAILABLE}
[main] WARN org.eclipse.jetty.util.thread.QueuedThreadPool - qtp1053054956{STOPPING,8<=8<=14,i=5,q=6} Couldn't stop Thread[qtp1053054956-351,5,main]
[main] WARN org.eclipse.jetty.util.thread.QueuedThreadPool - qtp1053054956{STOPPING,8<=8<=14,i=0,q=4} Couldn't stop Thread[qtp1053054956-350,5,]
[main] WARN org.eclipse.jetty.util.thread.QueuedThreadPool - qtp1053054956{STOPPING,8<=8<=14,i=0,q=4} Couldn't stop Thread[qtp1053054956-352,5,]
[main] INFO org.eclipse.jetty.server.Server - jetty-9.2.28.v20190418
[main] INFO org.eclipse.jetty.server.handler.ContextHandler - Started o.e.j.s.ServletContextHandler@6c551798{/__admin,null,AVAILABLE}
[main] INFO org.eclipse.jetty.server.handler.ContextHandler - Started o.e.j.s.ServletContextHandler@19b0f61c{/,null,AVAILABLE}
[main] INFO org.eclipse.jetty.server.NetworkTrafficServerConnector - Started NetworkTrafficServerConnector@5d1ddb65{HTTP/1.1}{0.0.0.0:46681}
[main] INFO org.eclipse.jetty.server.Server - Started @8354ms
[qtp944586917-359] INFO /__admin - RequestHandlerClass from context returned com.github.tomakehurst.wiremock.http.AdminRequestHandler. Normalized mapped under returned 'null'
[qtp944586917-360] INFO / - RequestHandlerClass from context returned com.github.tomakehurst.wiremock.http.StubRequestHandler. Normalized mapped under returned 'null'
[main] INFO org.eclipse.jetty.server.NetworkTrafficServerConnector - Stopped NetworkTrafficServerConnector@5d1ddb65{HTTP/1.1}{0.0.0.0:0}
[main] INFO org.eclipse.jetty.server.handler.ContextHandler - Stopped o.e.j.s.ServletContextHandler@19b0f61c{/,null,UNAVAILABLE}
[main] INFO org.eclipse.jetty.server.handler.ContextHandler - Stopped o.e.j.s.ServletContextHandler@6c551798{/__admin,null,UNAVAILABLE}
[main] WARN org.eclipse.jetty.util.thread.QueuedThreadPool - qtp944586917{STOPPING,8<=8<=14,i=6,q=6} Couldn't stop Thread[qtp944586917-355,5,]
[main] WARN org.eclipse.jetty.util.thread.QueuedThreadPool - qtp944586917{STOPPING,8<=8<=14,i=0,q=4} Couldn't stop Thread[qtp944586917-364,5,]
[main] INFO org.eclipse.jetty.server.Server - jetty-9.2.28.v20190418
[main] INFO org.eclipse.jetty.server.handler.ContextHandler - Started o.e.j.s.ServletContextHandler@1278c48f{/__admin,null,AVAILABLE}
[main] INFO org.eclipse.jetty.server.handler.ContextHandler - Started o.e.j.s.ServletContextHandler@1c1082d9{/,null,AVAILABLE}
[main] INFO org.eclipse.jetty.server.NetworkTrafficServerConnector - Started NetworkTrafficServerConnector@48187168{HTTP/1.1}{0.0.0.0:38021}
[main] INFO org.eclipse.jetty.server.Server - Started @8397ms
[qtp225440286-372] INFO /__admin - RequestHandlerClass from context returned com.github.tomakehurst.wiremock.http.AdminRequestHandler. Normalized mapped under returned 'null'
[qtp225440286-374] INFO / - RequestHandlerClass from context returned com.github.tomakehurst.wiremock.http.StubRequestHandler. Normalized mapped under returned 'null'
[main] INFO org.eclipse.jetty.server.NetworkTrafficServerConnector - Stopped NetworkTrafficServerConnector@48187168{HTTP/1.1}{0.0.0.0:0}
[main] INFO org.eclipse.jetty.server.handler.ContextHandler - Stopped o.e.j.s.ServletContextHandler@1c1082d9{/,null,UNAVAILABLE}
[main] INFO org.eclipse.jetty.server.handler.ContextHandler - Stopped o.e.j.s.ServletContextHandler@1278c48f{/__admin,null,UNAVAILABLE}
[main] WARN org.eclipse.jetty.util.thread.QueuedThreadPool - qtp225440286{STOPPING,8<=8<=14,i=5,q=5} Couldn't stop Thread[qtp225440286-368,5,main]
[main] WARN org.eclipse.jetty.util.thread.QueuedThreadPool - qtp225440286{STOPPING,8<=8<=14,i=4,q=5} Couldn't stop Thread[qtp225440286-378,5,]
[main] WARN org.eclipse.jetty.util.thread.QueuedThreadPool - qtp225440286{STOPPING,8<=8<=14,i=4,q=5} Couldn't stop Thread[qtp225440286-376,5,main]
[main] WARN org.eclipse.jetty.util.thread.QueuedThreadPool - qtp225440286{STOPPING,8<=8<=14,i=4,q=5} Couldn't stop Thread[qtp225440286-377,5,main]
[main] WARN org.eclipse.jetty.util.thread.QueuedThreadPool - qtp225440286{STOPPING,8<=8<=14,i=2,q=4} Couldn't stop Thread[qtp225440286-367,5,]
[main] INFO org.eclipse.jetty.server.Server - jetty-9.2.28.v20190418
[main] INFO org.eclipse.jetty.server.handler.ContextHandler - Started o.e.j.s.ServletContextHandler@4bd214c{/__admin,null,AVAILABLE}
[main] INFO org.eclipse.jetty.server.handler.ContextHandler - Started o.e.j.s.ServletContextHandler@62b9d56e{/,null,AVAILABLE}
[main] INFO org.eclipse.jetty.server.NetworkTrafficServerConnector - Started NetworkTrafficServerConnector@42f2371d{HTTP/1.1}{0.0.0.0:46507}
[main] INFO org.eclipse.jetty.server.Server - Started @8459ms
[qtp877855051-385] INFO /__admin - RequestHandlerClass from context returned com.github.tomakehurst.wiremock.http.AdminRequestHandler. Normalized mapped under returned 'null'
[qtp877855051-386] INFO / - RequestHandlerClass from context returned com.github.tomakehurst.wiremock.http.StubRequestHandler. Normalized mapped under returned 'null'
[main] INFO org.eclipse.jetty.server.NetworkTrafficServerConnector - Stopped NetworkTrafficServerConnector@42f2371d{HTTP/1.1}{0.0.0.0:0}
[main] INFO org.eclipse.jetty.server.handler.ContextHandler - Stopped o.e.j.s.ServletContextHandler@62b9d56e{/,null,UNAVAILABLE}
[main] INFO org.eclipse.jetty.server.handler.ContextHandler - Stopped o.e.j.s.ServletContextHandler@4bd214c{/__admin,null,UNAVAILABLE}
[main] WARN org.eclipse.jetty.util.thread.QueuedThreadPool - qtp877855051{STOPPING,8<=8<=14,i=8,q=8} Couldn't stop Thread[qtp877855051-385,5,main]
[main] WARN org.eclipse.jetty.util.thread.QueuedThreadPool - qtp877855051{STOPPING,8<=8<=14,i=8,q=8} Couldn't stop Thread[qtp877855051-387,5,main]
[main] WARN org.eclipse.jetty.util.thread.QueuedThreadPool - qtp877855051{STOPPING,8<=8<=14,i=8,q=8} Couldn't stop Thread[qtp877855051-390,5,main]
[main] WARN org.eclipse.jetty.util.thread.QueuedThreadPool - qtp877855051{STOPPING,8<=8<=14,i=8,q=8} Couldn't stop Thread[qtp877855051-391,5,main]
[main] WARN org.eclipse.jetty.util.thread.QueuedThreadPool - qtp877855051{STOPPING,8<=8<=14,i=8,q=8} Couldn't stop Thread[qtp877855051-381,5,main]
[main] WARN org.eclipse.jetty.util.thread.QueuedThreadPool - qtp877855051{STOPPING,8<=8<=14,i=8,q=8} Couldn't stop Thread[qtp877855051-386,5,main]
[main] WARN org.eclipse.jetty.util.thread.QueuedThreadPool - qtp877855051{STOPPING,8<=8<=14,i=8,q=8} Couldn't stop Thread[qtp877855051-380,5,main]
[main] WARN org.eclipse.jetty.util.thread.QueuedThreadPool - qtp877855051{STOPPING,8<=8<=14,i=8,q=8} Couldn't stop Thread[qtp877855051-389,5,main]
[main] INFO org.eclipse.jetty.server.Server - jetty-9.2.28.v20190418
[main] INFO org.eclipse.jetty.server.handler.ContextHandler - Started o.e.j.s.ServletContextHandler@1d033ae1{/__admin,null,AVAILABLE}
[main] INFO org.eclipse.jetty.server.handler.ContextHandler - Started o.e.j.s.ServletContextHandler@627ceaf{/,null,AVAILABLE}
[main] INFO org.eclipse.jetty.server.NetworkTrafficServerConnector - Started NetworkTrafficServerConnector@2f738b8{HTTP/1.1}{0.0.0.0:38861}
[main] INFO org.eclipse.jetty.server.Server - Started @8542ms
[qtp1350143289-398] INFO /__admin - RequestHandlerClass from context returned com.github.tomakehurst.wiremock.http.AdminRequestHandler. Normalized mapped under returned 'null'
[qtp1350143289-399] INFO / - RequestHandlerClass from context returned com.github.tomakehurst.wiremock.http.StubRequestHandler. Normalized mapped under returned 'null'
[main] INFO org.eclipse.jetty.server.NetworkTrafficServerConnector - Stopped NetworkTrafficServerConnector@2f738b8{HTTP/1.1}{0.0.0.0:0}
[main] INFO org.eclipse.jetty.server.handler.ContextHandler - Stopped o.e.j.s.ServletContextHandler@627ceaf{/,null,UNAVAILABLE}
[main] INFO org.eclipse.jetty.server.handler.ContextHandler - Stopped o.e.j.s.ServletContextHandler@1d033ae1{/__admin,null,UNAVAILABLE}
[main] WARN org.eclipse.jetty.util.thread.QueuedThreadPool - qtp1350143289{STOPPING,8<=8<=14,i=6,q=6} Couldn't stop Thread[qtp1350143289-393,5,main]
[main] WARN org.eclipse.jetty.util.thread.QueuedThreadPool - qtp1350143289{STOPPING,8<=8<=14,i=6,q=6} Couldn't stop Thread[qtp1350143289-402,5,main]
[main] WARN org.eclipse.jetty.util.thread.QueuedThreadPool - qtp1350143289{STOPPING,8<=8<=14,i=5,q=6} Couldn't stop Thread[qtp1350143289-403,5,main]
[main] WARN org.eclipse.jetty.util.thread.QueuedThreadPool - qtp1350143289{STOPPING,8<=8<=14,i=5,q=6} Couldn't stop Thread[qtp1350143289-394,5,main]
[main] WARN org.eclipse.jetty.util.thread.QueuedThreadPool - qtp1350143289{STOPPING,8<=8<=14,i=5,q=6} Couldn't stop Thread[qtp1350143289-398,5,main]
[main] WARN org.eclipse.jetty.util.thread.QueuedThreadPool - qtp1350143289{STOPPING,8<=8<=14,i=5,q=6} Couldn't stop Thread[qtp1350143289-404,5,main]
[main] INFO org.eclipse.jetty.server.Server - jetty-9.2.28.v20190418
[main] INFO org.eclipse.jetty.server.handler.ContextHandler - Started o.e.j.s.ServletContextHandler@2159c25e{/__admin,null,AVAILABLE}
[main] INFO org.eclipse.jetty.server.handler.ContextHandler - Started o.e.j.s.ServletContextHandler@1f8d3539{/,null,AVAILABLE}
[main] INFO org.eclipse.jetty.server.NetworkTrafficServerConnector - Started NetworkTrafficServerConnector@70295fa4{HTTP/1.1}{0.0.0.0:39143}
[main] INFO org.eclipse.jetty.server.Server - Started @8637ms
[qtp862869926-411] INFO /__admin - RequestHandlerClass from context returned com.github.tomakehurst.wiremock.http.AdminRequestHandler. Normalized mapped under returned 'null'
[qtp862869926-412] INFO / - RequestHandlerClass from context returned com.github.tomakehurst.wiremock.http.StubRequestHandler. Normalized mapped under returned 'null'
[main] INFO org.eclipse.jetty.server.NetworkTrafficServerConnector - Stopped NetworkTrafficServerConnector@70295fa4{HTTP/1.1}{0.0.0.0:0}
[main] INFO org.eclipse.jetty.server.handler.ContextHandler - Stopped o.e.j.s.ServletContextHandler@1f8d3539{/,null,UNAVAILABLE}
[main] INFO org.eclipse.jetty.server.handler.ContextHandler - Stopped o.e.j.s.ServletContextHandler@2159c25e{/__admin,null,UNAVAILABLE}
[main] WARN org.eclipse.jetty.util.thread.QueuedThreadPool - qtp862869926{STOPPING,8<=8<=14,i=0,q=1} Couldn't stop Thread[qtp862869926-415,5,]
[main] WARN org.eclipse.jetty.util.thread.QueuedThreadPool - qtp862869926{STOPPING,8<=8<=14,i=0,q=0} Couldn't stop Thread[qtp862869926-417,5,]
[main] INFO org.eclipse.jetty.server.Server - jetty-9.2.28.v20190418
[main] INFO org.eclipse.jetty.server.handler.ContextHandler - Started o.e.j.s.ServletContextHandler@17991766{/__admin,null,AVAILABLE}
[main] INFO org.eclipse.jetty.server.handler.ContextHandler - Started o.e.j.s.ServletContextHandler@b7a74ac{/,null,AVAILABLE}
[main] INFO org.eclipse.jetty.server.NetworkTrafficServerConnector - Started NetworkTrafficServerConnector@54077082{HTTP/1.1}{0.0.0.0:42081}
[main] INFO org.eclipse.jetty.server.Server - Started @8738ms
[qtp771339507-424] INFO /__admin - RequestHandlerClass from context returned com.github.tomakehurst.wiremock.http.AdminRequestHandler. Normalized mapped under returned 'null'
[qtp771339507-425] INFO / - RequestHandlerClass from context returned com.github.tomakehurst.wiremock.http.StubRequestHandler. Normalized mapped under returned 'null'
[main] INFO org.eclipse.jetty.server.NetworkTrafficServerConnector - Stopped NetworkTrafficServerConnector@54077082{HTTP/1.1}{0.0.0.0:0}
[main] INFO org.eclipse.jetty.server.handler.ContextHandler - Stopped o.e.j.s.ServletContextHandler@b7a74ac{/,null,UNAVAILABLE}
[main] INFO org.eclipse.jetty.server.handler.ContextHandler - Stopped o.e.j.s.ServletContextHandler@17991766{/__admin,null,UNAVAILABLE}
[main] INFO org.eclipse.jetty.server.Server - jetty-9.2.28.v20190418
[main] INFO org.eclipse.jetty.server.handler.ContextHandler - Started o.e.j.s.ServletContextHandler@2ea55742{/__admin,null,AVAILABLE}
[main] INFO org.eclipse.jetty.server.handler.ContextHandler - Started o.e.j.s.ServletContextHandler@cb4999d{/,null,AVAILABLE}
[main] INFO org.eclipse.jetty.server.NetworkTrafficServerConnector - Started NetworkTrafficServerConnector@8afd00e{HTTP/1.1}{0.0.0.0:45761}
[main] INFO org.eclipse.jetty.server.Server - Started @8787ms
[qtp1014603091-437] INFO /__admin - RequestHandlerClass from context returned com.github.tomakehurst.wiremock.http.AdminRequestHandler. Normalized mapped under returned 'null'
[qtp1014603091-438] INFO / - RequestHandlerClass from context returned com.github.tomakehurst.wiremock.http.StubRequestHandler. Normalized mapped under returned 'null'
[main] INFO org.eclipse.jetty.server.NetworkTrafficServerConnector - Stopped NetworkTrafficServerConnector@8afd00e{HTTP/1.1}{0.0.0.0:0}
[main] INFO org.eclipse.jetty.server.handler.ContextHandler - Stopped o.e.j.s.ServletContextHandler@cb4999d{/,null,UNAVAILABLE}
[main] INFO org.eclipse.jetty.server.handler.ContextHandler - Stopped o.e.j.s.ServletContextHandler@2ea55742{/__admin,null,UNAVAILABLE}
[main] WARN org.eclipse.jetty.util.thread.QueuedThreadPool - qtp1014603091{STOPPING,8<=8<=14,i=3,q=6} Couldn't stop Thread[qtp1014603091-438,5,main]
[main] WARN org.eclipse.jetty.util.thread.QueuedThreadPool - qtp1014603091{STOPPING,8<=8<=14,i=3,q=6} Couldn't stop Thread[qtp1014603091-436,5,main]
[main] WARN org.eclipse.jetty.util.thread.QueuedThreadPool - qtp1014603091{STOPPING,8<=8<=14,i=3,q=6} Couldn't stop Thread[qtp1014603091-441,5,main]
[main] INFO org.eclipse.jetty.server.Server - jetty-9.2.28.v20190418
[main] INFO org.eclipse.jetty.server.handler.ContextHandler - Started o.e.j.s.ServletContextHandler@23ccdee9{/__admin,null,AVAILABLE}
[main] INFO org.eclipse.jetty.server.handler.ContextHandler - Started o.e.j.s.ServletContextHandler@47362f88{/,null,AVAILABLE}
[main] INFO org.eclipse.jetty.server.NetworkTrafficServerConnector - Started NetworkTrafficServerConnector@2488a11{HTTP/1.1}{0.0.0.0:46333}
[main] INFO org.eclipse.jetty.server.Server - Started @8893ms
[qtp1529770643-449] INFO /__admin - RequestHandlerClass from context returned com.github.tomakehurst.wiremock.http.AdminRequestHandler. Normalized mapped under returned 'null'
[qtp1529770643-450] INFO / - RequestHandlerClass from context returned com.github.tomakehurst.wiremock.http.StubRequestHandler. Normalized mapped under returned 'null'
[main] INFO org.eclipse.jetty.server.NetworkTrafficServerConnector - Stopped NetworkTrafficServerConnector@2488a11{HTTP/1.1}{0.0.0.0:0}
[main] INFO org.eclipse.jetty.server.handler.ContextHandler - Stopped o.e.j.s.ServletContextHandler@47362f88{/,null,UNAVAILABLE}
[main] INFO org.eclipse.jetty.server.handler.ContextHandler - Stopped o.e.j.s.ServletContextHandler@23ccdee9{/__admin,null,UNAVAILABLE}
[main] INFO org.eclipse.jetty.server.Server - jetty-9.2.28.v20190418
[main] INFO org.eclipse.jetty.server.handler.ContextHandler - Started o.e.j.s.ServletContextHandler@7b7d69d1{/__admin,null,AVAILABLE}
[main] INFO org.eclipse.jetty.server.handler.ContextHandler - Started o.e.j.s.ServletContextHandler@8e39ba9{/,null,AVAILABLE}
[main] INFO org.eclipse.jetty.server.NetworkTrafficServerConnector - Started NetworkTrafficServerConnector@18c04885{HTTP/1.1}{0.0.0.0:40085}
[main] INFO org.eclipse.jetty.server.Server - Started @8991ms
[qtp1110363011-463] INFO /__admin - RequestHandlerClass from context returned com.github.tomakehurst.wiremock.http.AdminRequestHandler. Normalized mapped under returned 'null'
[qtp1110363011-462] INFO / - RequestHandlerClass from context returned com.github.tomakehurst.wiremock.http.StubRequestHandler. Normalized mapped under returned 'null'
[main] INFO org.eclipse.jetty.server.NetworkTrafficServerConnector - Stopped NetworkTrafficServerConnector@18c04885{HTTP/1.1}{0.0.0.0:0}
[main] INFO org.eclipse.jetty.server.handler.ContextHandler - Stopped o.e.j.s.ServletContextHandler@8e39ba9{/,null,UNAVAILABLE}
[main] INFO org.eclipse.jetty.server.handler.ContextHandler - Stopped o.e.j.s.ServletContextHandler@7b7d69d1{/__admin,null,UNAVAILABLE}
[main] WARN org.eclipse.jetty.util.thread.QueuedThreadPool - qtp1110363011{STOPPING,8<=8<=14,i=7,q=7} Couldn't stop Thread[qtp1110363011-457,5,main]
[main] WARN org.eclipse.jetty.util.thread.QueuedThreadPool - qtp1110363011{STOPPING,8<=8<=14,i=7,q=7} Couldn't stop Thread[qtp1110363011-462,5,main]
[main] WARN org.eclipse.jetty.util.thread.QueuedThreadPool - qtp1110363011{STOPPING,8<=8<=14,i=7,q=7} Couldn't stop Thread[qtp1110363011-464,5,main]
[main] WARN org.eclipse.jetty.util.thread.QueuedThreadPool - qtp1110363011{STOPPING,8<=8<=14,i=7,q=7} Couldn't stop Thread[qtp1110363011-458,5,main]
[main] WARN org.eclipse.jetty.util.thread.QueuedThreadPool - qtp1110363011{STOPPING,8<=8<=14,i=7,q=7} Couldn't stop Thread[qtp1110363011-468,5,main]
[main] WARN org.eclipse.jetty.util.thread.QueuedThreadPool - qtp1110363011{STOPPING,8<=8<=14,i=7,q=7} Couldn't stop Thread[qtp1110363011-467,5,main]
[main] WARN org.eclipse.jetty.util.thread.QueuedThreadPool - qtp1110363011{STOPPING,8<=8<=14,i=7,q=7} Couldn't stop Thread[qtp1110363011-463,5,main]
[main] INFO org.eclipse.jetty.server.Server - jetty-9.2.28.v20190418
[main] INFO org.eclipse.jetty.server.handler.ContextHandler - Started o.e.j.s.ServletContextHandler@1694aadb{/__admin,null,AVAILABLE}
[main] INFO org.eclipse.jetty.server.handler.ContextHandler - Started o.e.j.s.ServletContextHandler@23180ee3{/,null,AVAILABLE}
[main] INFO org.eclipse.jetty.server.NetworkTrafficServerConnector - Started NetworkTrafficServerConnector@10e9aa29{HTTP/1.1}{0.0.0.0:43125}
[main] INFO org.eclipse.jetty.server.Server - Started @9093ms
[qtp1919826183-475] INFO /__admin - RequestHandlerClass from context returned com.github.tomakehurst.wiremock.http.AdminRequestHandler. Normalized mapped under returned 'null'
[qtp1919826183-476] INFO / - RequestHandlerClass from context returned com.github.tomakehurst.wiremock.http.StubRequestHandler. Normalized mapped under returned 'null'
[main] INFO org.eclipse.jetty.server.NetworkTrafficServerConnector - Stopped NetworkTrafficServerConnector@10e9aa29{HTTP/1.1}{0.0.0.0:0}
[main] INFO org.eclipse.jetty.server.handler.ContextHandler - Stopped o.e.j.s.ServletContextHandler@23180ee3{/,null,UNAVAILABLE}
[main] INFO org.eclipse.jetty.server.handler.ContextHandler - Stopped o.e.j.s.ServletContextHandler@1694aadb{/__admin,null,UNAVAILABLE}
[main] WARN org.eclipse.jetty.util.thread.QueuedThreadPool - qtp1919826183{STOPPING,8<=8<=14,i=7,q=8} Couldn't stop Thread[qtp1919826183-471,5,main]
[main] WARN org.eclipse.jetty.util.thread.QueuedThreadPool - qtp1919826183{STOPPING,8<=8<=14,i=7,q=8} Couldn't stop Thread[qtp1919826183-470,5,main]
[main] WARN org.eclipse.jetty.util.thread.QueuedThreadPool - qtp1919826183{STOPPING,8<=8<=14,i=7,q=8} Couldn't stop Thread[qtp1919826183-476,5,main]
[main] WARN org.eclipse.jetty.util.thread.QueuedThreadPool - qtp1919826183{STOPPING,8<=8<=14,i=7,q=8} Couldn't stop Thread[qtp1919826183-477,5,main]
[main] WARN org.eclipse.jetty.util.thread.QueuedThreadPool - qtp1919826183{STOPPING,8<=8<=14,i=7,q=8} Couldn't stop Thread[qtp1919826183-475,5,main]
[main] WARN org.eclipse.jetty.util.thread.QueuedThreadPool - qtp1919826183{STOPPING,8<=8<=14,i=7,q=8} Couldn't stop Thread[qtp1919826183-480,5,main]
[main] WARN org.eclipse.jetty.util.thread.QueuedThreadPool - qtp1919826183{STOPPING,8<=8<=14,i=7,q=8} Couldn't stop Thread[qtp1919826183-481,5,main]
[main] WARN org.eclipse.jetty.util.thread.QueuedThreadPool - qtp1919826183{STOPPING,8<=8<=14,i=7,q=8} Couldn't stop Thread[qtp1919826183-479,5,main]
[main] INFO org.eclipse.jetty.server.Server - jetty-9.2.28.v20190418
[main] INFO org.eclipse.jetty.server.handler.ContextHandler - Started o.e.j.s.ServletContextHandler@619f491{/__admin,null,AVAILABLE}
[main] INFO org.eclipse.jetty.server.handler.ContextHandler - Started o.e.j.s.ServletContextHandler@323ebcc6{/,null,AVAILABLE}
[main] INFO org.eclipse.jetty.server.NetworkTrafficServerConnector - Started NetworkTrafficServerConnector@7bca7b6c{HTTP/1.1}{0.0.0.0:34893}
[main] INFO org.eclipse.jetty.server.Server - Started @9127ms
[qtp1425360254-488] INFO /__admin - RequestHandlerClass from context returned com.github.tomakehurst.wiremock.http.AdminRequestHandler. Normalized mapped under returned 'null'
[qtp1425360254-489] INFO / - RequestHandlerClass from context returned com.github.tomakehurst.wiremock.http.StubRequestHandler. Normalized mapped under returned 'null'
[main] INFO org.eclipse.jetty.server.NetworkTrafficServerConnector - Stopped NetworkTrafficServerConnector@7bca7b6c{HTTP/1.1}{0.0.0.0:0}
[main] INFO org.eclipse.jetty.server.handler.ContextHandler - Stopped o.e.j.s.ServletContextHandler@323ebcc6{/,null,UNAVAILABLE}
[main] INFO org.eclipse.jetty.server.handler.ContextHandler - Stopped o.e.j.s.ServletContextHandler@619f491{/__admin,null,UNAVAILABLE}
[main] WARN org.eclipse.jetty.util.thread.QueuedThreadPool - qtp1425360254{STOPPING,8<=8<=14,i=5,q=5} Couldn't stop Thread[qtp1425360254-490,5,main]
[main] WARN org.eclipse.jetty.util.thread.QueuedThreadPool - qtp1425360254{STOPPING,8<=8<=14,i=5,q=5} Couldn't stop Thread[qtp1425360254-484,5,main]
[main] WARN org.eclipse.jetty.util.thread.QueuedThreadPool - qtp1425360254{STOPPING,8<=8<=14,i=5,q=5} Couldn't stop Thread[qtp1425360254-493,5,main]
[main] WARN org.eclipse.jetty.util.thread.QueuedThreadPool - qtp1425360254{STOPPING,8<=8<=14,i=4,q=5} Couldn't stop Thread[qtp1425360254-492,5,main]
[main] WARN org.eclipse.jetty.util.thread.QueuedThreadPool - qtp1425360254{STOPPING,8<=8<=14,i=4,q=5} Couldn't stop Thread[qtp1425360254-494,5,main]
[main] INFO org.eclipse.jetty.server.Server - jetty-9.2.28.v20190418
[main] INFO org.eclipse.jetty.server.handler.ContextHandler - Started o.e.j.s.ServletContextHandler@3c053ff2{/__admin,null,AVAILABLE}
[main] INFO org.eclipse.jetty.server.handler.ContextHandler - Started o.e.j.s.ServletContextHandler@650a6974{/,null,AVAILABLE}
[main] INFO org.eclipse.jetty.server.NetworkTrafficServerConnector - Started NetworkTrafficServerConnector@70653088{HTTP/1.1}{0.0.0.0:44257}
[main] INFO org.eclipse.jetty.server.Server - Started @9174ms
[qtp1760032708-502] INFO /__admin - RequestHandlerClass from context returned com.github.tomakehurst.wiremock.http.AdminRequestHandler. Normalized mapped under returned 'null'
[qtp1760032708-503] INFO / - RequestHandlerClass from context returned com.github.tomakehurst.wiremock.http.StubRequestHandler. Normalized mapped under returned 'null'
[main] INFO org.eclipse.jetty.server.NetworkTrafficServerConnector - Stopped NetworkTrafficServerConnector@70653088{HTTP/1.1}{0.0.0.0:0}
[main] INFO org.eclipse.jetty.server.handler.ContextHandler - Stopped o.e.j.s.ServletContextHandler@650a6974{/,null,UNAVAILABLE}
[main] INFO org.eclipse.jetty.server.handler.ContextHandler - Stopped o.e.j.s.ServletContextHandler@3c053ff2{/__admin,null,UNAVAILABLE}
[main] WARN org.eclipse.jetty.util.thread.QueuedThreadPool - qtp1760032708{STOPPING,8<=8<=14,i=5,q=6} Couldn't stop Thread[qtp1760032708-506,5,main]
[main] WARN org.eclipse.jetty.util.thread.QueuedThreadPool - qtp1760032708{STOPPING,8<=8<=14,i=3,q=5} Couldn't stop Thread[qtp1760032708-502,5,]
[main] WARN org.eclipse.jetty.util.thread.QueuedThreadPool - qtp1760032708{STOPPING,8<=8<=14,i=3,q=5} Couldn't stop Thread[qtp1760032708-505,5,main]
[main] WARN org.eclipse.jetty.util.thread.QueuedThreadPool - qtp1760032708{STOPPING,8<=8<=14,i=3,q=5} Couldn't stop Thread[qtp1760032708-507,5,main]
[main] INFO org.eclipse.jetty.server.Server - jetty-9.2.28.v20190418
[main] INFO org.eclipse.jetty.server.handler.ContextHandler - Started o.e.j.s.ServletContextHandler@5a885113{/__admin,null,AVAILABLE}
[main] INFO org.eclipse.jetty.server.handler.ContextHandler - Started o.e.j.s.ServletContextHandler@503308de{/,null,AVAILABLE}
[main] INFO org.eclipse.jetty.server.NetworkTrafficServerConnector - Started NetworkTrafficServerConnector@482bdb02{HTTP/1.1}{0.0.0.0:42749}
[main] INFO org.eclipse.jetty.server.Server - Started @9229ms
[qtp1150936132-514] INFO /__admin - RequestHandlerClass from context returned com.github.tomakehurst.wiremock.http.AdminRequestHandler. Normalized mapped under returned 'null'
[qtp1150936132-515] INFO / - RequestHandlerClass from context returned com.github.tomakehurst.wiremock.http.StubRequestHandler. Normalized mapped under returned 'null'
[main] INFO org.eclipse.jetty.server.NetworkTrafficServerConnector - Stopped NetworkTrafficServerConnector@482bdb02{HTTP/1.1}{0.0.0.0:0}
[main] INFO org.eclipse.jetty.server.handler.ContextHandler - Stopped o.e.j.s.ServletContextHandler@503308de{/,null,UNAVAILABLE}
[main] INFO org.eclipse.jetty.server.handler.ContextHandler - Stopped o.e.j.s.ServletContextHandler@5a885113{/__admin,null,UNAVAILABLE}
[main] WARN org.eclipse.jetty.util.thread.QueuedThreadPool - qtp1150936132{STOPPING,8<=8<=14,i=4,q=5} Couldn't stop Thread[qtp1150936132-515,5,]
[main] WARN org.eclipse.jetty.util.thread.QueuedThreadPool - qtp1150936132{STOPPING,8<=8<=14,i=2,q=5} Couldn't stop Thread[qtp1150936132-518,5,main]
[main] WARN org.eclipse.jetty.util.thread.QueuedThreadPool - qtp1150936132{STOPPING,8<=8<=14,i=2,q=5} Couldn't stop Thread[qtp1150936132-509,5,main]
[main] INFO org.eclipse.jetty.server.Server - jetty-9.2.28.v20190418
[main] INFO org.eclipse.jetty.server.handler.ContextHandler - Started o.e.j.s.ServletContextHandler@3f321f8{/__admin,null,AVAILABLE}
[main] INFO org.eclipse.jetty.server.handler.ContextHandler - Started o.e.j.s.ServletContextHandler@613e05d3{/,null,AVAILABLE}
[main] INFO org.eclipse.jetty.server.NetworkTrafficServerConnector - Started NetworkTrafficServerConnector@7bd804ed{HTTP/1.1}{0.0.0.0:46771}
[main] INFO org.eclipse.jetty.server.Server - Started @9302ms
[qtp856569778-527] INFO /__admin - RequestHandlerClass from context returned com.github.tomakehurst.wiremock.http.AdminRequestHandler. Normalized mapped under returned 'null'
[qtp856569778-528] INFO / - RequestHandlerClass from context returned com.github.tomakehurst.wiremock.http.StubRequestHandler. Normalized mapped under returned 'null'
[main] INFO org.eclipse.jetty.server.NetworkTrafficServerConnector - Stopped NetworkTrafficServerConnector@7bd804ed{HTTP/1.1}{0.0.0.0:0}
[main] INFO org.eclipse.jetty.server.handler.ContextHandler - Stopped o.e.j.s.ServletContextHandler@613e05d3{/,null,UNAVAILABLE}
[main] INFO org.eclipse.jetty.server.handler.ContextHandler - Stopped o.e.j.s.ServletContextHandler@3f321f8{/__admin,null,UNAVAILABLE}
[main] WARN org.eclipse.jetty.util.thread.QueuedThreadPool - qtp856569778{STOPPING,8<=8<=14,i=6,q=8} Couldn't stop Thread[qtp856569778-531,5,main]
[main] WARN org.eclipse.jetty.util.thread.QueuedThreadPool - qtp856569778{STOPPING,8<=8<=14,i=6,q=8} Couldn't stop Thread[qtp856569778-522-selector-ServerConnectorManager@4c81d17f/0,5,main]
[main] WARN org.eclipse.jetty.util.thread.QueuedThreadPool - qtp856569778{STOPPING,8<=8<=14,i=6,q=8} Couldn't stop Thread[qtp856569778-528,5,main]
[main] WARN org.eclipse.jetty.util.thread.QueuedThreadPool - qtp856569778{STOPPING,8<=8<=14,i=6,q=8} Couldn't stop Thread[qtp856569778-523,5,main]
[main] WARN org.eclipse.jetty.util.thread.QueuedThreadPool - qtp856569778{STOPPING,8<=8<=14,i=6,q=8} Couldn't stop Thread[qtp856569778-532,5,main]
[main] WARN org.eclipse.jetty.util.thread.QueuedThreadPool - qtp856569778{STOPPING,8<=8<=14,i=6,q=8} Couldn't stop Thread[qtp856569778-527,5,main]
[main] WARN org.eclipse.jetty.util.thread.QueuedThreadPool - qtp856569778{STOPPING,8<=8<=14,i=6,q=8} Couldn't stop Thread[qtp856569778-529,5,main]
[main] WARN org.eclipse.jetty.util.thread.QueuedThreadPool - qtp856569778{STOPPING,8<=8<=14,i=6,q=8} Couldn't stop Thread[qtp856569778-525,5,main]
[main] INFO org.eclipse.jetty.server.Server - jetty-9.2.28.v20190418
[main] INFO org.eclipse.jetty.server.handler.ContextHandler - Started o.e.j.s.ServletContextHandler@4dbea3be{/__admin,null,AVAILABLE}
[main] INFO org.eclipse.jetty.server.handler.ContextHandler - Started o.e.j.s.ServletContextHandler@3230d2b2{/,null,AVAILABLE}
[main] INFO org.eclipse.jetty.server.NetworkTrafficServerConnector - Started NetworkTrafficServerConnector@aab2419{HTTP/1.1}{0.0.0.0:45659}
[main] INFO org.eclipse.jetty.server.Server - Started @9423ms
[qtp1543435894-541] INFO /__admin - RequestHandlerClass from context returned com.github.tomakehurst.wiremock.http.AdminRequestHandler. Normalized mapped under returned 'null'
[qtp1543435894-542] INFO / - RequestHandlerClass from context returned com.github.tomakehurst.wiremock.http.StubRequestHandler. Normalized mapped under returned 'null'
[main] INFO org.eclipse.jetty.server.NetworkTrafficServerConnector - Stopped NetworkTrafficServerConnector@aab2419{HTTP/1.1}{0.0.0.0:0}
[main] INFO org.eclipse.jetty.server.handler.ContextHandler - Stopped o.e.j.s.ServletContextHandler@3230d2b2{/,null,UNAVAILABLE}
[main] INFO org.eclipse.jetty.server.handler.ContextHandler - Stopped o.e.j.s.ServletContextHandler@4dbea3be{/__admin,null,UNAVAILABLE}
[main] WARN org.eclipse.jetty.util.thread.QueuedThreadPool - qtp1543435894{STOPPING,8<=8<=14,i=2,q=5} Couldn't stop Thread[qtp1543435894-536,5,main]
[main] WARN org.eclipse.jetty.util.thread.QueuedThreadPool - qtp1543435894{STOPPING,8<=8<=14,i=2,q=5} Couldn't stop Thread[qtp1543435894-544,5,main]
[main] WARN org.eclipse.jetty.util.thread.QueuedThreadPool - qtp1543435894{STOPPING,8<=8<=14,i=2,q=5} Couldn't stop Thread[qtp1543435894-545,5,main]
[main] WARN org.eclipse.jetty.util.thread.QueuedThreadPool - qtp1543435894{STOPPING,8<=8<=14,i=2,q=5} Couldn't stop Thread[qtp1543435894-546,5,main]
[main] INFO org.eclipse.jetty.server.Server - jetty-9.2.28.v20190418
[main] INFO org.eclipse.jetty.server.handler.ContextHandler - Started o.e.j.s.ServletContextHandler@4b2c1cbf{/__admin,null,AVAILABLE}
[main] INFO org.eclipse.jetty.server.handler.ContextHandler - Started o.e.j.s.ServletContextHandler@2465e8be{/,null,AVAILABLE}
[main] INFO org.eclipse.jetty.server.NetworkTrafficServerConnector - Started NetworkTrafficServerConnector@f07d169{HTTP/1.1}{0.0.0.0:44567}
[main] INFO org.eclipse.jetty.server.Server - Started @9535ms
[qtp718985478-553] INFO /__admin - RequestHandlerClass from context returned com.github.tomakehurst.wiremock.http.AdminRequestHandler. Normalized mapped under returned 'null'
[qtp718985478-554] INFO / - RequestHandlerClass from context returned com.github.tomakehurst.wiremock.http.StubRequestHandler. Normalized mapped under returned 'null'
[main] INFO org.eclipse.jetty.server.NetworkTrafficServerConnector - Stopped NetworkTrafficServerConnector@f07d169{HTTP/1.1}{0.0.0.0:0}
[main] INFO org.eclipse.jetty.server.handler.ContextHandler - Stopped o.e.j.s.ServletContextHandler@2465e8be{/,null,UNAVAILABLE}
[main] INFO org.eclipse.jetty.server.handler.ContextHandler - Stopped o.e.j.s.ServletContextHandler@4b2c1cbf{/__admin,null,UNAVAILABLE}
[main] WARN org.eclipse.jetty.util.thread.QueuedThreadPool - qtp718985478{STOPPING,8<=8<=14,i=8,q=8} Couldn't stop Thread[qtp718985478-554,5,main]
[main] WARN org.eclipse.jetty.util.thread.QueuedThreadPool - qtp718985478{STOPPING,8<=8<=14,i=8,q=8} Couldn't stop Thread[qtp718985478-555,5,main]
[main] WARN org.eclipse.jetty.util.thread.QueuedThreadPool - qtp718985478{STOPPING,8<=8<=14,i=8,q=8} Couldn't stop Thread[qtp718985478-558,5,main]
[main] WARN org.eclipse.jetty.util.thread.QueuedThreadPool - qtp718985478{STOPPING,8<=8<=14,i=8,q=8} Couldn't stop Thread[qtp718985478-549,5,main]
[main] WARN org.eclipse.jetty.util.thread.QueuedThreadPool - qtp718985478{STOPPING,8<=8<=14,i=8,q=8} Couldn't stop Thread[qtp718985478-548,5,main]
[main] WARN org.eclipse.jetty.util.thread.QueuedThreadPool - qtp718985478{STOPPING,8<=8<=14,i=8,q=8} Couldn't stop Thread[qtp718985478-553,5,main]
[main] WARN org.eclipse.jetty.util.thread.QueuedThreadPool - qtp718985478{STOPPING,8<=8<=14,i=8,q=8} Couldn't stop Thread[qtp718985478-557,5,main]
[main] WARN org.eclipse.jetty.util.thread.QueuedThreadPool - qtp718985478{STOPPING,8<=8<=14,i=8,q=8} Couldn't stop Thread[qtp718985478-559,5,main]
[main] INFO org.eclipse.jetty.server.Server - jetty-9.2.28.v20190418
[main] INFO org.eclipse.jetty.server.handler.ContextHandler - Started o.e.j.s.ServletContextHandler@22908698{/__admin,null,AVAILABLE}
[main] INFO org.eclipse.jetty.server.handler.ContextHandler - Started o.e.j.s.ServletContextHandler@3c23d6cf{/,null,AVAILABLE}
[main] INFO org.eclipse.jetty.server.NetworkTrafficServerConnector - Started NetworkTrafficServerConnector@1a212395{HTTP/1.1}{0.0.0.0:33109}
[main] INFO org.eclipse.jetty.server.Server - Started @9632ms
[qtp1711313768-566] INFO /__admin - RequestHandlerClass from context returned com.github.tomakehurst.wiremock.http.AdminRequestHandler. Normalized mapped under returned 'null'
[qtp1711313768-567] INFO / - RequestHandlerClass from context returned com.github.tomakehurst.wiremock.http.StubRequestHandler. Normalized mapped under returned 'null'
[main] INFO org.eclipse.jetty.server.NetworkTrafficServerConnector - Stopped NetworkTrafficServerConnector@1a212395{HTTP/1.1}{0.0.0.0:0}
[main] INFO org.eclipse.jetty.server.handler.ContextHandler - Stopped o.e.j.s.ServletContextHandler@3c23d6cf{/,null,UNAVAILABLE}
[main] INFO org.eclipse.jetty.server.handler.ContextHandler - Stopped o.e.j.s.ServletContextHandler@22908698{/__admin,null,UNAVAILABLE}
[main] WARN org.eclipse.jetty.util.thread.QueuedThreadPool - qtp1711313768{STOPPING,8<=8<=14,i=4,q=6} Couldn't stop Thread[qtp1711313768-567,5,]
[main] WARN org.eclipse.jetty.util.thread.QueuedThreadPool - qtp1711313768{STOPPING,8<=8<=14,i=3,q=6} Couldn't stop Thread[qtp1711313768-570,5,main]
[main] WARN org.eclipse.jetty.util.thread.QueuedThreadPool - qtp1711313768{STOPPING,8<=8<=14,i=2,q=6} Couldn't stop Thread[qtp1711313768-572,5,main]
[main] WARN org.eclipse.jetty.util.thread.QueuedThreadPool - qtp1711313768{STOPPING,8<=8<=14,i=2,q=6} Couldn't stop Thread[qtp1711313768-562-selector-ServerConnectorManager@3a5c0a4/1,5,main]
[main] WARN org.eclipse.jetty.util.thread.QueuedThreadPool - qtp1711313768{STOPPING,8<=8<=14,i=1,q=6} Couldn't stop Thread[qtp1711313768-561-selector-ServerConnectorManager@3a5c0a4/0,5,main]
[main] INFO org.eclipse.jetty.server.Server - jetty-9.2.28.v20190418
[main] INFO org.eclipse.jetty.server.handler.ContextHandler - Started o.e.j.s.ServletContextHandler@5083642c{/__admin,null,AVAILABLE}
[main] INFO org.eclipse.jetty.server.handler.ContextHandler - Started o.e.j.s.ServletContextHandler@12c21282{/,null,AVAILABLE}
[main] INFO org.eclipse.jetty.server.NetworkTrafficServerConnector - Started NetworkTrafficServerConnector@59aba6f2{HTTP/1.1}{0.0.0.0:40911}
[main] INFO org.eclipse.jetty.server.Server - Started @9711ms
[qtp1334679764-578] INFO /__admin - RequestHandlerClass from context returned com.github.tomakehurst.wiremock.http.AdminRequestHandler. Normalized mapped under returned 'null'
[qtp1334679764-580] INFO / - RequestHandlerClass from context returned com.github.tomakehurst.wiremock.http.StubRequestHandler. Normalized mapped under returned 'null'
[main] INFO org.eclipse.jetty.server.NetworkTrafficServerConnector - Stopped NetworkTrafficServerConnector@59aba6f2{HTTP/1.1}{0.0.0.0:0}
[main] INFO org.eclipse.jetty.server.handler.ContextHandler - Stopped o.e.j.s.ServletContextHandler@12c21282{/,null,UNAVAILABLE}
[main] INFO org.eclipse.jetty.server.handler.ContextHandler - Stopped o.e.j.s.ServletContextHandler@5083642c{/__admin,null,UNAVAILABLE}
[main] INFO org.eclipse.jetty.server.Server - jetty-9.2.28.v20190418
[main] INFO org.eclipse.jetty.server.handler.ContextHandler - Started o.e.j.s.ServletContextHandler@3228b5a1{/__admin,null,AVAILABLE}
[main] INFO org.eclipse.jetty.server.handler.ContextHandler - Started o.e.j.s.ServletContextHandler@4f8d7222{/,null,AVAILABLE}
[main] INFO org.eclipse.jetty.server.NetworkTrafficServerConnector - Started NetworkTrafficServerConnector@387f53cf{HTTP/1.1}{0.0.0.0:41163}
[main] INFO org.eclipse.jetty.server.Server - Started @9785ms
[qtp555621201-593] INFO /__admin - RequestHandlerClass from context returned com.github.tomakehurst.wiremock.http.AdminRequestHandler. Normalized mapped under returned 'null'
[qtp555621201-591] INFO / - RequestHandlerClass from context returned com.github.tomakehurst.wiremock.http.StubRequestHandler. Normalized mapped under returned 'null'
[main] INFO org.eclipse.jetty.server.NetworkTrafficServerConnector - Stopped NetworkTrafficServerConnector@387f53cf{HTTP/1.1}{0.0.0.0:0}
[main] INFO org.eclipse.jetty.server.handler.ContextHandler - Stopped o.e.j.s.ServletContextHandler@4f8d7222{/,null,UNAVAILABLE}
[main] INFO org.eclipse.jetty.server.handler.ContextHandler - Stopped o.e.j.s.ServletContextHandler@3228b5a1{/__admin,null,UNAVAILABLE}
[main] WARN org.eclipse.jetty.util.thread.QueuedThreadPool - qtp555621201{STOPPING,8<=8<=14,i=2,q=4} Couldn't stop Thread[qtp555621201-593,5,]
[main] WARN org.eclipse.jetty.util.thread.QueuedThreadPool - qtp555621201{STOPPING,8<=8<=14,i=0,q=4} Couldn't stop Thread[qtp555621201-587,5,]
Tests run: 25, Failures: 0, Errors: 0, Skipped: 0, Time elapsed: 2.086 sec - in com.maxmind.geoip2.WebServiceClientTest

Results :

Tests run: 74, Failures: 0, Errors: 0, Skipped: 0

[INFO] 
[INFO] --- jacoco-maven-plugin:0.8.5:report (report) @ geoip2 ---
[INFO] Loading execution data file /tmp/tmpm8fygaxs/GeoIP2-java/target/jacoco.exec
[INFO] Analyzed bundle 'MaxMind GeoIP2 API' with 63 classes
[INFO] ------------------------------------------------------------------------
[INFO] BUILD SUCCESS
[INFO] ------------------------------------------------------------------------
[INFO] Total time:  46.261 s
[INFO] Finished at: 2020-07-30T21:11:02Z
[INFO] ------------------------------------------------------------------------
