[INFO] Error stacktraces are turned on.
[INFO] Scanning for projects...
[INFO] 
[INFO] ------------------< org.apache.commons:commons-text >-------------------
[INFO] Building Apache Commons Text 1.2
[INFO] --------------------------------[ jar ]---------------------------------
[INFO] 
[INFO] --- maven-enforcer-plugin:1.4.1:enforce (enforce-maven-3) @ commons-text ---
[INFO] 
[INFO] --- build-helper-maven-plugin:1.10:parse-version (parse-version) @ commons-text ---
[INFO] 
[INFO] --- maven-antrun-plugin:1.8:run (javadoc.resources) @ commons-text ---
[INFO] Executing tasks

main:
     [copy] Copying 2 files to /tmp/tmpodwn6vi2/commons-text/target/apidocs/META-INF
[INFO] Executed tasks
[INFO] 
[INFO] --- maven-remote-resources-plugin:1.5:process (process-resource-bundles) @ commons-text ---
[INFO] 
[INFO] --- buildnumber-maven-plugin:1.4:create (default) @ commons-text ---
[INFO] Executing: /bin/sh -c cd '/tmp/tmpodwn6vi2/commons-text' && 'git' 'rev-parse' '--verify' 'HEAD'
[INFO] Working directory: /tmp/tmpodwn6vi2/commons-text
[INFO] Storing buildNumber: 44a9f06abfbe898361bd2b486f786b22329face6 at timestamp: 1596137558432
[WARNING] Cannot get the branch information from the git repository: 
Detecting the current branch failed: fatal: ref HEAD is not a symbolic ref

[INFO] Executing: /bin/sh -c cd '/tmp/tmpodwn6vi2/commons-text' && 'git' 'rev-parse' '--verify' 'HEAD'
[INFO] Working directory: /tmp/tmpodwn6vi2/commons-text
[INFO] Storing buildScmBranch: UNKNOWN
[INFO] 
[INFO] --- maven-resources-plugin:2.7:resources (default-resources) @ commons-text ---
[INFO] Using 'ISO-8859-1' encoding to copy filtered resources.
[INFO] skip non existing resourceDirectory /tmp/tmpodwn6vi2/commons-text/src/main/resources
[INFO] Copying 2 resources to META-INF
[INFO] 
[INFO] --- maven-compiler-plugin:3.6.0:compile (default-compile) @ commons-text ---
[INFO] Changes detected - recompiling the module!
[INFO] Compiling 64 source files to /tmp/tmpodwn6vi2/commons-text/target/classes
[INFO] /tmp/tmpodwn6vi2/commons-text/src/main/java/org/apache/commons/text/StrBuilder.java: /tmp/tmpodwn6vi2/commons-text/src/main/java/org/apache/commons/text/StrBuilder.java uses unchecked or unsafe operations.
[INFO] /tmp/tmpodwn6vi2/commons-text/src/main/java/org/apache/commons/text/StrBuilder.java: Recompile with -Xlint:unchecked for details.
[INFO] 
[INFO] --- maven-bundle-plugin:3.0.1:manifest (bundle-manifest) @ commons-text ---
[INFO] 
[INFO] --- animal-sniffer-maven-plugin:1.15:check (checkAPIcompatibility) @ commons-text ---
[INFO] Signature checking is skipped.
[INFO] 
[INFO] --- maven-resources-plugin:2.7:testResources (default-testResources) @ commons-text ---
[INFO] Using 'ISO-8859-1' encoding to copy filtered resources.
[INFO] Copying 2 resources
[INFO] Copying 2 resources to META-INF
[INFO] 
[INFO] --- maven-compiler-plugin:3.6.0:testCompile (default-testCompile) @ commons-text ---
[INFO] Changes detected - recompiling the module!
[INFO] Compiling 47 source files to /tmp/tmpodwn6vi2/commons-text/target/test-classes
[INFO] 
[INFO] --- jacoco-maven-plugin:0.7.9:prepare-agent (prepare-agent) @ commons-text ---
[INFO] argLine set to -javaagent:/home/jdbl/.m2/repository/org/jacoco/org.jacoco.agent/0.7.9/org.jacoco.agent-0.7.9-runtime.jar=destfile=/tmp/tmpodwn6vi2/commons-text/target/jacoco.exec
[INFO] 
[INFO] --- maven-surefire-plugin:2.19.1:test (default-test) @ commons-text ---
[INFO] Surefire report directory: /tmp/tmpodwn6vi2/commons-text/target/surefire-reports

-------------------------------------------------------
 T E S T S
-------------------------------------------------------
Running org.apache.commons.text.StrLookupTest
Tests run: 8, Failures: 0, Errors: 0, Skipped: 0, Time elapsed: 0.049 sec - in org.apache.commons.text.StrLookupTest
Running org.apache.commons.text.diff.StringsComparatorTest
Tests run: 3, Failures: 0, Errors: 0, Skipped: 0, Time elapsed: 0.038 sec - in org.apache.commons.text.diff.StringsComparatorTest
Running org.apache.commons.text.diff.ReplacementsFinderTest
Tests run: 2, Failures: 0, Errors: 0, Skipped: 0, Time elapsed: 0.007 sec - in org.apache.commons.text.diff.ReplacementsFinderTest
Running org.apache.commons.text.FormattableUtilsTest
Tests run: 8, Failures: 0, Errors: 0, Skipped: 0, Time elapsed: 0.002 sec - in org.apache.commons.text.FormattableUtilsTest
Running org.apache.commons.text.StrMatcherTest
Tests run: 14, Failures: 0, Errors: 0, Skipped: 0, Time elapsed: 0.004 sec - in org.apache.commons.text.StrMatcherTest
Running org.apache.commons.text.CharacterPredicatesTest
Tests run: 7, Failures: 0, Errors: 0, Skipped: 0, Time elapsed: 0.001 sec - in org.apache.commons.text.CharacterPredicatesTest
Running org.apache.commons.text.StrBuilderTest
Tests run: 99, Failures: 0, Errors: 0, Skipped: 0, Time elapsed: 0.022 sec - in org.apache.commons.text.StrBuilderTest
Running org.apache.commons.text.ExtendedMessageFormatTest
Tests run: 21, Failures: 0, Errors: 0, Skipped: 0, Time elapsed: 0.509 sec - in org.apache.commons.text.ExtendedMessageFormatTest
Running org.apache.commons.text.translate.NumericEntityEscaperTest
Tests run: 4, Failures: 0, Errors: 0, Skipped: 0, Time elapsed: 0.005 sec - in org.apache.commons.text.translate.NumericEntityEscaperTest
Running org.apache.commons.text.translate.CodePointTranslatorTest
Tests run: 1, Failures: 0, Errors: 0, Skipped: 0, Time elapsed: 0 sec - in org.apache.commons.text.translate.CodePointTranslatorTest
Running org.apache.commons.text.translate.JavaUnicodeEscaperTest
Tests run: 4, Failures: 0, Errors: 0, Skipped: 0, Time elapsed: 0.001 sec - in org.apache.commons.text.translate.JavaUnicodeEscaperTest
Running org.apache.commons.text.translate.OctalUnescaperTest
Tests run: 1, Failures: 0, Errors: 0, Skipped: 0, Time elapsed: 0 sec - in org.apache.commons.text.translate.OctalUnescaperTest
Running org.apache.commons.text.translate.EntityArraysTest
Tests run: 12, Failures: 0, Errors: 0, Skipped: 0, Time elapsed: 0.024 sec - in org.apache.commons.text.translate.EntityArraysTest
Running org.apache.commons.text.translate.UnicodeEscaperTest
Tests run: 3, Failures: 0, Errors: 0, Skipped: 0, Time elapsed: 0 sec - in org.apache.commons.text.translate.UnicodeEscaperTest
Running org.apache.commons.text.translate.AggregateTranslatorTest
Tests run: 3, Failures: 0, Errors: 0, Skipped: 0, Time elapsed: 0.001 sec - in org.apache.commons.text.translate.AggregateTranslatorTest
Running org.apache.commons.text.translate.UnicodeUnpairedSurrogateRemoverTest
Tests run: 2, Failures: 0, Errors: 0, Skipped: 0, Time elapsed: 0.001 sec - in org.apache.commons.text.translate.UnicodeUnpairedSurrogateRemoverTest
Running org.apache.commons.text.translate.NumericEntityUnescaperTest
Tests run: 5, Failures: 0, Errors: 0, Skipped: 0, Time elapsed: 0.004 sec - in org.apache.commons.text.translate.NumericEntityUnescaperTest
Running org.apache.commons.text.translate.LookupTranslatorTest
Tests run: 3, Failures: 0, Errors: 0, Skipped: 0, Time elapsed: 0 sec - in org.apache.commons.text.translate.LookupTranslatorTest
Running org.apache.commons.text.translate.CsvTranslatorsTest
Tests run: 10, Failures: 0, Errors: 0, Skipped: 0, Time elapsed: 0.018 sec - in org.apache.commons.text.translate.CsvTranslatorsTest
Running org.apache.commons.text.translate.UnicodeUnescaperTest
Tests run: 3, Failures: 0, Errors: 0, Skipped: 0, Time elapsed: 0 sec - in org.apache.commons.text.translate.UnicodeUnescaperTest
Running org.apache.commons.text.translate.SinglePassTranslatorTest
Tests run: 3, Failures: 0, Errors: 0, Skipped: 0, Time elapsed: 0.001 sec - in org.apache.commons.text.translate.SinglePassTranslatorTest
Running org.apache.commons.text.WordUtilsTest
Tests run: 27, Failures: 0, Errors: 0, Skipped: 0, Time elapsed: 0.01 sec - in org.apache.commons.text.WordUtilsTest
Running org.apache.commons.text.StrSubstitutorTest
Tests run: 49, Failures: 0, Errors: 0, Skipped: 0, Time elapsed: 0.014 sec - in org.apache.commons.text.StrSubstitutorTest
Running org.apache.commons.text.AlphabetConverterTest
Tests run: 20, Failures: 0, Errors: 0, Skipped: 0, Time elapsed: 0.019 sec - in org.apache.commons.text.AlphabetConverterTest
Running org.apache.commons.text.similarity.LevenshteinDetailedDistanceTest
Tests run: 16, Failures: 0, Errors: 0, Skipped: 0, Time elapsed: 0.005 sec - in org.apache.commons.text.similarity.LevenshteinDetailedDistanceTest
Running org.apache.commons.text.similarity.SimilarityScoreFromTest
Tests run: 2, Failures: 0, Errors: 0, Skipped: 0, Time elapsed: 0 sec - in org.apache.commons.text.similarity.SimilarityScoreFromTest
Running org.apache.commons.text.similarity.CosineSimilarityTest
Tests run: 4, Failures: 0, Errors: 0, Skipped: 0, Time elapsed: 0.003 sec - in org.apache.commons.text.similarity.CosineSimilarityTest
Running org.apache.commons.text.similarity.FuzzyScoreTest
Tests run: 6, Failures: 0, Errors: 0, Skipped: 0, Time elapsed: 0 sec - in org.apache.commons.text.similarity.FuzzyScoreTest
Running org.apache.commons.text.similarity.JaroWinklerDistanceTest
Tests run: 4, Failures: 0, Errors: 0, Skipped: 0, Time elapsed: 0.001 sec - in org.apache.commons.text.similarity.JaroWinklerDistanceTest
Running org.apache.commons.text.similarity.CosineDistanceTest
Tests run: 1, Failures: 0, Errors: 0, Skipped: 0, Time elapsed: 0.004 sec - in org.apache.commons.text.similarity.CosineDistanceTest
Running org.apache.commons.text.similarity.JaccardDistanceTest
Tests run: 4, Failures: 0, Errors: 0, Skipped: 0, Time elapsed: 0.001 sec - in org.apache.commons.text.similarity.JaccardDistanceTest
Running org.apache.commons.text.similarity.ParameterizedSimilarityScoreFromTest
Tests run: 4, Failures: 0, Errors: 0, Skipped: 0, Time elapsed: 0.002 sec - in org.apache.commons.text.similarity.ParameterizedSimilarityScoreFromTest
Running org.apache.commons.text.similarity.LevenshteinResultsTest
Tests run: 5, Failures: 0, Errors: 0, Skipped: 0, Time elapsed: 0 sec - in org.apache.commons.text.similarity.LevenshteinResultsTest
Running org.apache.commons.text.similarity.LongestCommonSubsequenceDistanceTest
Tests run: 4, Failures: 0, Errors: 0, Skipped: 0, Time elapsed: 0.001 sec - in org.apache.commons.text.similarity.LongestCommonSubsequenceDistanceTest
Running org.apache.commons.text.similarity.ParameterizedEditDistanceFromTest
Tests run: 10, Failures: 0, Errors: 0, Skipped: 0, Time elapsed: 0.003 sec - in org.apache.commons.text.similarity.ParameterizedEditDistanceFromTest
Running org.apache.commons.text.similarity.ParameterizedLevenshteinDistanceTest
Tests run: 38, Failures: 0, Errors: 0, Skipped: 0, Time elapsed: 0.008 sec - in org.apache.commons.text.similarity.ParameterizedLevenshteinDistanceTest
Running org.apache.commons.text.similarity.HammingDistanceTest
Tests run: 3, Failures: 0, Errors: 0, Skipped: 0, Time elapsed: 0.001 sec - in org.apache.commons.text.similarity.HammingDistanceTest
Running org.apache.commons.text.similarity.JaccardSimilarityTest
Tests run: 4, Failures: 0, Errors: 0, Skipped: 0, Time elapsed: 0.001 sec - in org.apache.commons.text.similarity.JaccardSimilarityTest
Running org.apache.commons.text.similarity.LongestCommonSubsequenceTest
Tests run: 12, Failures: 0, Errors: 0, Skipped: 0, Time elapsed: 0.004 sec - in org.apache.commons.text.similarity.LongestCommonSubsequenceTest
Running org.apache.commons.text.similarity.LevenshteinDistanceTest
Tests run: 9, Failures: 0, Errors: 0, Skipped: 0, Time elapsed: 0 sec - in org.apache.commons.text.similarity.LevenshteinDistanceTest
Running org.apache.commons.text.similarity.StringMetricFromTest
Tests run: 3, Failures: 0, Errors: 0, Skipped: 0, Time elapsed: 0 sec - in org.apache.commons.text.similarity.StringMetricFromTest
Running org.apache.commons.text.StrBuilderAppendInsertTest
Tests run: 51, Failures: 0, Errors: 0, Skipped: 0, Time elapsed: 0.006 sec - in org.apache.commons.text.StrBuilderAppendInsertTest
Running org.apache.commons.text.StrTokenizerTest
Tests run: 62, Failures: 0, Errors: 0, Skipped: 0, Time elapsed: 0.006 sec - in org.apache.commons.text.StrTokenizerTest
Running org.apache.commons.text.CaseUtilsTest
Tests run: 2, Failures: 0, Errors: 0, Skipped: 0, Time elapsed: 0 sec - in org.apache.commons.text.CaseUtilsTest
Running org.apache.commons.text.CompositeFormatTest
Tests run: 2, Failures: 0, Errors: 0, Skipped: 0, Time elapsed: 0 sec - in org.apache.commons.text.CompositeFormatTest
Running org.apache.commons.text.RandomStringGeneratorTest
Tests run: 20, Failures: 0, Errors: 0, Skipped: 0, Time elapsed: 0.037 sec - in org.apache.commons.text.RandomStringGeneratorTest
Running org.apache.commons.text.StringEscapeUtilsTest
Tests run: 34, Failures: 0, Errors: 0, Skipped: 0, Time elapsed: 0.203 sec - in org.apache.commons.text.StringEscapeUtilsTest

Results :

Tests run: 612, Failures: 0, Errors: 0, Skipped: 0

[INFO] 
[INFO] --- maven-jar-plugin:3.0.0:jar (default-jar) @ commons-text ---
[INFO] Building jar: /tmp/tmpodwn6vi2/commons-text/target/commons-text-1.2.jar
[INFO] 
[INFO] --- maven-site-plugin:3.6:attach-descriptor (attach-descriptor) @ commons-text ---
[INFO] Skipping because packaging 'jar' is not pom.
[INFO] 
[INFO] --- maven-assembly-plugin:3.2.0:single (default) @ commons-text ---
[INFO] Reading assembly descriptor: src/assembly/src.xml
[INFO] Building tar: /tmp/tmpodwn6vi2/commons-text/target/commons-text-1.2-src.tar.gz
[INFO] Building zip: /tmp/tmpodwn6vi2/commons-text/target/commons-text-1.2-src.zip
[INFO] Building jar: /tmp/tmpodwn6vi2/commons-text/target/commons-text-1.2-jar-with-dependencies.jar
[INFO] 
[INFO] --- maven-jar-plugin:3.0.0:test-jar (default) @ commons-text ---
[INFO] Building jar: /tmp/tmpodwn6vi2/commons-text/target/commons-text-1.2-tests.jar
[INFO] ------------------------------------------------------------------------
[INFO] BUILD SUCCESS
[INFO] ------------------------------------------------------------------------
[INFO] Total time:  14.685 s
[INFO] Finished at: 2020-07-30T19:32:48Z
[INFO] ------------------------------------------------------------------------
