[INFO] Error stacktraces are turned on.
[INFO] Scanning for projects...
[INFO] 
[INFO] ------------------< com.fasterxml.staxmate:staxmate >-------------------
[INFO] Building StaxMate 2.3.2-SNAPSHOT
[INFO] -------------------------------[ bundle ]-------------------------------
[INFO] 
[INFO] --- maven-enforcer-plugin:3.0.0-M1:enforce (enforce-java) @ staxmate ---
[INFO] 
[INFO] --- jacoco-maven-plugin:0.8.5:prepare-agent (default) @ staxmate ---
[INFO] argLine set to -javaagent:/home/jdbl/.m2/repository/org/jacoco/org.jacoco.agent/0.8.5/org.jacoco.agent-0.8.5-runtime.jar=destfile=/tmp/tmpjwy0q_p5/StaxMate/target/jacoco.exec
[INFO] 
[INFO] --- build-helper-maven-plugin:1.7:add-source (add-generated-sources) @ staxmate ---
[INFO] Source directory: /tmp/tmpjwy0q_p5/StaxMate/target/generated-sources added.
[INFO] 
[INFO] --- maven-resources-plugin:2.6:resources (default-resources) @ staxmate ---
[INFO] Using 'UTF-8' encoding to copy filtered resources.
[INFO] Copying 2 resources
[INFO] 
[INFO] --- maven-compiler-plugin:3.2:compile (default-compile) @ staxmate ---
[INFO] Changes detected - recompiling the module!
[INFO] Compiling 39 source files to /tmp/tmpjwy0q_p5/StaxMate/target/classes
[WARNING] bootstrap class path not set in conjunction with -source 1.5
[WARNING] source value 1.5 is obsolete and will be removed in a future release
[WARNING] target value 1.5 is obsolete and will be removed in a future release
[WARNING] To suppress warnings about obsolete options, use -Xlint:-options.
[INFO] 
[INFO] --- maven-resources-plugin:2.6:testResources (default-testResources) @ staxmate ---
[INFO] Using 'UTF-8' encoding to copy filtered resources.
[INFO] skip non existing resourceDirectory /tmp/tmpjwy0q_p5/StaxMate/src/test/resources
[INFO] 
[INFO] --- maven-compiler-plugin:3.2:testCompile (default-testCompile) @ staxmate ---
[INFO] Changes detected - recompiling the module!
[INFO] Compiling 18 source files to /tmp/tmpjwy0q_p5/StaxMate/target/test-classes
[WARNING] bootstrap class path not set in conjunction with -source 1.5
[WARNING] source value 1.5 is obsolete and will be removed in a future release
[WARNING] target value 1.5 is obsolete and will be removed in a future release
[WARNING] To suppress warnings about obsolete options, use -Xlint:-options.
[INFO] 
[INFO] --- maven-surefire-plugin:2.19.1:test (default-test) @ staxmate ---
[INFO] Surefire report directory: /tmp/tmpjwy0q_p5/StaxMate/target/surefire-reports

-------------------------------------------------------
 T E S T S
-------------------------------------------------------
Running org.codehaus.staxmate.in.TestAsEvent
Tests run: 2, Failures: 0, Errors: 0, Skipped: 0, Time elapsed: 0.646 sec - in org.codehaus.staxmate.in.TestAsEvent
Running org.codehaus.staxmate.in.TestLocation
Tests run: 2, Failures: 0, Errors: 0, Skipped: 0, Time elapsed: 0.001 sec - in org.codehaus.staxmate.in.TestLocation
Running org.codehaus.staxmate.in.TestNested
Tests run: 4, Failures: 0, Errors: 0, Skipped: 0, Time elapsed: 0 sec - in org.codehaus.staxmate.in.TestNested
Running org.codehaus.staxmate.in.TestBinary
Tests run: 2, Failures: 0, Errors: 0, Skipped: 0, Time elapsed: 0 sec - in org.codehaus.staxmate.in.TestBinary
Running org.codehaus.staxmate.in.TestTyped
Tests run: 11, Failures: 0, Errors: 0, Skipped: 0, Time elapsed: 0 sec - in org.codehaus.staxmate.in.TestTyped
Running org.codehaus.staxmate.in.TestReadingFor37
Tests run: 4, Failures: 0, Errors: 0, Skipped: 0, Time elapsed: 0 sec - in org.codehaus.staxmate.in.TestReadingFor37
Running org.codehaus.staxmate.in.TestFlattening
Tests run: 1, Failures: 0, Errors: 0, Skipped: 0, Time elapsed: 0.005 sec - in org.codehaus.staxmate.in.TestFlattening
Running org.codehaus.staxmate.in.TestPartialTraversal
Tests run: 4, Failures: 0, Errors: 0, Skipped: 0, Time elapsed: 0.003 sec - in org.codehaus.staxmate.in.TestPartialTraversal
Running org.codehaus.staxmate.in.TestSimpleText
Tests run: 2, Failures: 0, Errors: 0, Skipped: 0, Time elapsed: 0.02 sec - in org.codehaus.staxmate.in.TestSimpleText
Running org.codehaus.staxmate.in.TestFilter
Tests run: 7, Failures: 0, Errors: 0, Skipped: 0, Time elapsed: 0.01 sec - in org.codehaus.staxmate.in.TestFilter
Running org.codehaus.staxmate.out.TestSimple
Tests run: 4, Failures: 0, Errors: 0, Skipped: 0, Time elapsed: 0.1 sec - in org.codehaus.staxmate.out.TestSimple
Running org.codehaus.staxmate.out.TestBinary
Tests run: 2, Failures: 0, Errors: 0, Skipped: 0, Time elapsed: 0.004 sec - in org.codehaus.staxmate.out.TestBinary
Running org.codehaus.staxmate.out.TestBuffered
Tests run: 4, Failures: 0, Errors: 0, Skipped: 0, Time elapsed: 0.039 sec - in org.codehaus.staxmate.out.TestBuffered
Running org.codehaus.staxmate.out.TestNamespaces
Tests run: 1, Failures: 0, Errors: 0, Skipped: 0, Time elapsed: 0.001 sec - in org.codehaus.staxmate.out.TestNamespaces
Running org.codehaus.staxmate.dom.TestDOMConverter
Tests run: 6, Failures: 0, Errors: 0, Skipped: 0, Time elapsed: 0.099 sec - in org.codehaus.staxmate.dom.TestDOMConverter

Results :

Tests run: 56, Failures: 0, Errors: 0, Skipped: 0

[INFO] 
[INFO] --- jacoco-maven-plugin:0.8.5:report (report) @ staxmate ---
[INFO] Loading execution data file /tmp/tmpjwy0q_p5/StaxMate/target/jacoco.exec
[INFO] Analyzed bundle 'StaxMate' with 350 classes
[INFO] ------------------------------------------------------------------------
[INFO] BUILD SUCCESS
[INFO] ------------------------------------------------------------------------
[INFO] Total time:  13.780 s
[INFO] Finished at: 2020-07-30T15:18:44Z
[INFO] ------------------------------------------------------------------------
