[INFO] Error stacktraces are turned on.
[INFO] Scanning for projects...
[INFO] 
[INFO] ---------------< com.xemantic.githubusers:github-users >----------------
[INFO] Building github-users 1.0.0-SNAPSHOT
[INFO] --------------------------------[ jar ]---------------------------------
[INFO] 
[INFO] --- jacoco-maven-plugin:0.8.5:prepare-agent (default) @ github-users ---
[INFO] argLine set to -javaagent:/home/jdbl/.m2/repository/org/jacoco/org.jacoco.agent/0.8.5/org.jacoco.agent-0.8.5-runtime.jar=destfile=/tmp/tmpjd149bgw/github-users/target/jacoco.exec
[INFO] 
[INFO] --- build-helper-maven-plugin:3.0.0:add-source (default) @ github-users ---
[INFO] Source directory: /tmp/tmpjd149bgw/github-users/target/generated-sources/annotations added.
[INFO] 
[INFO] --- maven-resources-plugin:2.6:resources (default-resources) @ github-users ---
[INFO] Using 'UTF-8' encoding to copy filtered resources.
[INFO] skip non existing resourceDirectory /tmp/tmpjd149bgw/github-users/src/main/resources
[INFO] 
[INFO] --- maven-compiler-plugin:3.7.0:compile (default-compile) @ github-users ---
[INFO] Compiling 28 source files to /tmp/tmpjd149bgw/github-users/target/classes
[INFO] 
[INFO] --- maven-resources-plugin:2.6:testResources (default-testResources) @ github-users ---
[INFO] Using 'UTF-8' encoding to copy filtered resources.
[INFO] skip non existing resourceDirectory /tmp/tmpjd149bgw/github-users/src/test/resources
[INFO] 
[INFO] --- maven-compiler-plugin:3.7.0:testCompile (default-testCompile) @ github-users ---
[INFO] Compiling 12 source files to /tmp/tmpjd149bgw/github-users/target/test-classes
[INFO] 
[INFO] --- maven-surefire-plugin:2.19.1:test (default-test) @ github-users ---
[INFO] Surefire report directory: /tmp/tmpjd149bgw/github-users/target/surefire-reports

-------------------------------------------------------
 T E S T S
-------------------------------------------------------
Running com.xemantic.githubusers.logic.user.UserListPresenterTest
Tests run: 12, Failures: 0, Errors: 0, Skipped: 0, Time elapsed: 1.052 sec - in com.xemantic.githubusers.logic.user.UserListPresenterTest
Running com.xemantic.githubusers.logic.user.UserQueryPresenterTest
Tests run: 3, Failures: 0, Errors: 0, Skipped: 0, Time elapsed: 0.052 sec - in com.xemantic.githubusers.logic.user.UserQueryPresenterTest
Running com.xemantic.githubusers.logic.user.UserPresenterTest
Tests run: 2, Failures: 0, Errors: 0, Skipped: 0, Time elapsed: 0 sec - in com.xemantic.githubusers.logic.user.UserPresenterTest
Running com.xemantic.githubusers.logic.drawer.DrawerPresenterTest
Tests run: 6, Failures: 0, Errors: 0, Skipped: 0, Time elapsed: 0.08 sec - in com.xemantic.githubusers.logic.drawer.DrawerPresenterTest
Running com.xemantic.ankh.test.ExpectedUncaughtExceptionTest
Tests run: 13, Failures: 0, Errors: 0, Skipped: 0, Time elapsed: 0.067 sec - in com.xemantic.ankh.test.ExpectedUncaughtExceptionTest
Running com.xemantic.ankh.shared.event.SinkTest
Tests run: 3, Failures: 0, Errors: 0, Skipped: 0, Time elapsed: 0.012 sec - in com.xemantic.ankh.shared.event.SinkTest
Running com.xemantic.ankh.shared.event.TriggerTest
Tests run: 3, Failures: 0, Errors: 0, Skipped: 0, Time elapsed: 0.003 sec - in com.xemantic.ankh.shared.event.TriggerTest
Running com.xemantic.ankh.shared.error.AnkhExceptionHandlerTest
Tests run: 2, Failures: 0, Errors: 0, Skipped: 0, Time elapsed: 0.209 sec - in com.xemantic.ankh.shared.error.AnkhExceptionHandlerTest
Running com.xemantic.ankh.shared.snackbar.SnackbarPresenterTest
Tests run: 2, Failures: 0, Errors: 0, Skipped: 0, Time elapsed: 0.008 sec - in com.xemantic.ankh.shared.snackbar.SnackbarPresenterTest
Running com.xemantic.ankh.shared.presenter.PresenterTest
Tests run: 8, Failures: 0, Errors: 0, Skipped: 0, Time elapsed: 0.014 sec - in com.xemantic.ankh.shared.presenter.PresenterTest

Results :

Tests run: 54, Failures: 0, Errors: 0, Skipped: 0

[INFO] 
[INFO] --- jacoco-maven-plugin:0.8.5:report (report) @ github-users ---
[INFO] Loading execution data file /tmp/tmpjd149bgw/github-users/target/jacoco.exec
[INFO] Analyzed bundle 'github-users' with 1076 classes
[INFO] ------------------------------------------------------------------------
[INFO] BUILD SUCCESS
[INFO] ------------------------------------------------------------------------
[INFO] Total time:  12.157 s
[INFO] Finished at: 2020-07-31T05:50:23Z
[INFO] ------------------------------------------------------------------------
