[INFO] Error stacktraces are turned on.
[INFO] Scanning for projects...
[INFO] 
[INFO] -------------< org.apache.commons:commons-configuration2 >--------------
[INFO] Building Apache Commons Configuration 2.1.1
[INFO] --------------------------------[ jar ]---------------------------------
[INFO] 
[INFO] --- maven-enforcer-plugin:1.4.1:enforce (enforce-maven-3) @ commons-configuration2 ---
[INFO] 
[INFO] --- build-helper-maven-plugin:1.10:parse-version (parse-version) @ commons-configuration2 ---
[INFO] 
[INFO] --- javacc-maven-plugin:2.6:javacc (javacc) @ commons-configuration2 ---
Java Compiler Compiler Version 5.0 (Parser Generator)
(type "javacc" with no arguments for help)
Reading from file /tmp/tmpxmt1mam1/commons-configuration/src/main/javacc/PropertyListParser.jj . . .
File "TokenMgrError.java" does not exist.  Will create one.
File "ParseException.java" does not exist.  Will create one.
File "Token.java" does not exist.  Will create one.
File "SimpleCharStream.java" does not exist.  Will create one.
Parser generated successfully.
[INFO] Processed 1 grammar
[INFO] 
[INFO] --- maven-antrun-plugin:1.8:run (javadoc.resources) @ commons-configuration2 ---
[INFO] Executing tasks

main:
     [copy] Copying 2 files to /tmp/tmpxmt1mam1/commons-configuration/target/apidocs/META-INF
[INFO] Executed tasks
[INFO] 
[INFO] --- maven-remote-resources-plugin:1.5:process (process-resource-bundles) @ commons-configuration2 ---
[INFO] 
[INFO] --- buildnumber-maven-plugin:1.4:create (default) @ commons-configuration2 ---
[INFO] Executing: /bin/sh -c cd '/tmp/tmpxmt1mam1/commons-configuration' && 'svn' '--non-interactive' 'info'
[INFO] Working directory: /tmp/tmpxmt1mam1/commons-configuration
[INFO] Storing buildNumber: ?????? at timestamp: 1596448030796
[INFO] Executing: /bin/sh -c cd '/tmp/tmpxmt1mam1/commons-configuration' && 'svn' '--non-interactive' 'info'
[INFO] Working directory: /tmp/tmpxmt1mam1/commons-configuration
[INFO] Storing buildScmBranch: UNKNOWN_BRANCH
[INFO] 
[INFO] --- maven-resources-plugin:2.7:resources (default-resources) @ commons-configuration2 ---
[INFO] Using 'iso-8859-1' encoding to copy filtered resources.
[INFO] Copying 2 resources
[INFO] Copying 2 resources to META-INF
[INFO] 
[INFO] --- maven-compiler-plugin:3.5.1:compile (default-compile) @ commons-configuration2 ---
[INFO] Changes detected - recompiling the module!
[INFO] Compiling 259 source files to /tmp/tmpxmt1mam1/commons-configuration/target/classes
[INFO] /tmp/tmpxmt1mam1/commons-configuration/src/main/java/org/apache/commons/configuration2/AbstractConfiguration.java: Some input files use or override a deprecated API.
[INFO] /tmp/tmpxmt1mam1/commons-configuration/src/main/java/org/apache/commons/configuration2/AbstractConfiguration.java: Recompile with -Xlint:deprecation for details.
[INFO] /tmp/tmpxmt1mam1/commons-configuration/src/main/java/org/apache/commons/configuration2/MapConfiguration.java: /tmp/tmpxmt1mam1/commons-configuration/src/main/java/org/apache/commons/configuration2/MapConfiguration.java uses unchecked or unsafe operations.
[INFO] /tmp/tmpxmt1mam1/commons-configuration/src/main/java/org/apache/commons/configuration2/MapConfiguration.java: Recompile with -Xlint:unchecked for details.
[INFO] 
[INFO] --- maven-bundle-plugin:3.0.1:manifest (bundle-manifest) @ commons-configuration2 ---
[INFO] 
[INFO] --- animal-sniffer-maven-plugin:1.15:check (checkAPIcompatibility) @ commons-configuration2 ---
[INFO] Signature checking is skipped.
[INFO] 
[INFO] --- maven-resources-plugin:2.7:testResources (default-testResources) @ commons-configuration2 ---
[INFO] Using 'iso-8859-1' encoding to copy filtered resources.
[INFO] Copying 116 resources
[INFO] Copying 2 resources
[INFO] Copying 2 resources to META-INF
[INFO] 
[INFO] --- maven-compiler-plugin:3.5.1:testCompile (default-testCompile) @ commons-configuration2 ---
[INFO] Changes detected - recompiling the module!
[INFO] Compiling 197 source files to /tmp/tmpxmt1mam1/commons-configuration/target/test-classes
[INFO] /tmp/tmpxmt1mam1/commons-configuration/src/test/java/org/apache/commons/configuration2/builder/combined/TestCombinedConfigurationBuilder.java: /tmp/tmpxmt1mam1/commons-configuration/src/test/java/org/apache/commons/configuration2/builder/combined/TestCombinedConfigurationBuilder.java uses unchecked or unsafe operations.
[INFO] /tmp/tmpxmt1mam1/commons-configuration/src/test/java/org/apache/commons/configuration2/builder/combined/TestCombinedConfigurationBuilder.java: Recompile with -Xlint:unchecked for details.
[INFO] 
[INFO] --- maven-surefire-plugin:2.19.1:test (default-test) @ commons-configuration2 ---
[INFO] Surefire report directory: /tmp/tmpxmt1mam1/commons-configuration/target/surefire-reports

-------------------------------------------------------
 T E S T S
-------------------------------------------------------
Running org.apache.commons.configuration2.TestHierarchicalConfiguration
Tests run: 37, Failures: 0, Errors: 0, Skipped: 0, Time elapsed: 0.208 sec - in org.apache.commons.configuration2.TestHierarchicalConfiguration
Running org.apache.commons.configuration2.event.TestMapConfigurationEvents
Tests run: 8, Failures: 0, Errors: 0, Skipped: 0, Time elapsed: 0 sec - in org.apache.commons.configuration2.event.TestMapConfigurationEvents
Running org.apache.commons.configuration2.event.TestPropertiesConfigurationEvents
Tests run: 8, Failures: 0, Errors: 0, Skipped: 0, Time elapsed: 0.001 sec - in org.apache.commons.configuration2.event.TestPropertiesConfigurationEvents
Running org.apache.commons.configuration2.event.TestEventType
Tests run: 1, Failures: 0, Errors: 0, Skipped: 0, Time elapsed: 0 sec - in org.apache.commons.configuration2.event.TestEventType
Running org.apache.commons.configuration2.event.TestXMLConfigurationEvents
Tests run: 13, Failures: 0, Errors: 0, Skipped: 0, Time elapsed: 0.001 sec - in org.apache.commons.configuration2.event.TestXMLConfigurationEvents
Running org.apache.commons.configuration2.event.TestHierarchicalConfigurationEvents
Tests run: 13, Failures: 0, Errors: 0, Skipped: 0, Time elapsed: 0 sec - in org.apache.commons.configuration2.event.TestHierarchicalConfigurationEvents
Running org.apache.commons.configuration2.event.TestDatabaseConfigurationEvents
log4j:WARN No appenders could be found for logger (org.apache.commons.configuration2.test.HsqlDB).
log4j:WARN Please initialize the log4j system properly.
log4j:WARN See http://logging.apache.org/log4j/1.2/faq.html#noconfig for more info.
Tests run: 8, Failures: 0, Errors: 0, Skipped: 0, Time elapsed: 0.38 sec - in org.apache.commons.configuration2.event.TestDatabaseConfigurationEvents
Running org.apache.commons.configuration2.event.TestConfigurationEventTypes
Tests run: 19, Failures: 0, Errors: 0, Skipped: 0, Time elapsed: 0.002 sec - in org.apache.commons.configuration2.event.TestConfigurationEventTypes
Running org.apache.commons.configuration2.event.TestEventListenerList
Tests run: 31, Failures: 0, Errors: 0, Skipped: 0, Time elapsed: 0.013 sec - in org.apache.commons.configuration2.event.TestEventListenerList
Running org.apache.commons.configuration2.event.TestEvent
Tests run: 3, Failures: 0, Errors: 0, Skipped: 0, Time elapsed: 0 sec - in org.apache.commons.configuration2.event.TestEvent
Running org.apache.commons.configuration2.event.TestEventSource
Tests run: 19, Failures: 0, Errors: 0, Skipped: 0, Time elapsed: 0.002 sec - in org.apache.commons.configuration2.event.TestEventSource
Running org.apache.commons.configuration2.event.TestSubsetConfigurationEvents
Tests run: 8, Failures: 0, Errors: 0, Skipped: 0, Time elapsed: 0.002 sec - in org.apache.commons.configuration2.event.TestSubsetConfigurationEvents
Running org.apache.commons.configuration2.TestDatabaseConfiguration
Tests run: 36, Failures: 0, Errors: 0, Skipped: 0, Time elapsed: 0.389 sec - in org.apache.commons.configuration2.TestDatabaseConfiguration
Running org.apache.commons.configuration2.TestJNDIConfiguration
Tests run: 27, Failures: 0, Errors: 0, Skipped: 0, Time elapsed: 0.044 sec - in org.apache.commons.configuration2.TestJNDIConfiguration
Running org.apache.commons.configuration2.TestNonStringProperties
Tests run: 23, Failures: 0, Errors: 0, Skipped: 0, Time elapsed: 0.084 sec - in org.apache.commons.configuration2.TestNonStringProperties
Running org.apache.commons.configuration2.TestHierarchicalConfigurationXMLReader
Tests run: 1, Failures: 0, Errors: 0, Skipped: 0, Time elapsed: 0.113 sec - in org.apache.commons.configuration2.TestHierarchicalConfigurationXMLReader
Running org.apache.commons.configuration2.TestXMLConfiguration_605
Tests run: 8, Failures: 0, Errors: 0, Skipped: 0, Time elapsed: 0.017 sec - in org.apache.commons.configuration2.TestXMLConfiguration_605
Running org.apache.commons.configuration2.reloading.TestCombinedReloadingController
Tests run: 8, Failures: 0, Errors: 0, Skipped: 0, Time elapsed: 0.056 sec - in org.apache.commons.configuration2.reloading.TestCombinedReloadingController
Running org.apache.commons.configuration2.reloading.TestVFSFileHandlerReloadingDetector
Tests run: 6, Failures: 0, Errors: 0, Skipped: 0, Time elapsed: 0.122 sec - in org.apache.commons.configuration2.reloading.TestVFSFileHandlerReloadingDetector
Running org.apache.commons.configuration2.reloading.TestFileHandlerReloadingDetector
Tests run: 9, Failures: 0, Errors: 0, Skipped: 0, Time elapsed: 0.018 sec - in org.apache.commons.configuration2.reloading.TestFileHandlerReloadingDetector
Running org.apache.commons.configuration2.reloading.TestManagedReloadingDetector
Tests run: 3, Failures: 0, Errors: 0, Skipped: 0, Time elapsed: 0 sec - in org.apache.commons.configuration2.reloading.TestManagedReloadingDetector
Running org.apache.commons.configuration2.reloading.TestPeriodicReloadingTrigger
Tests run: 9, Failures: 0, Errors: 0, Skipped: 0, Time elapsed: 0.006 sec - in org.apache.commons.configuration2.reloading.TestPeriodicReloadingTrigger
Running org.apache.commons.configuration2.reloading.TestReloadingController
Tests run: 8, Failures: 0, Errors: 0, Skipped: 0, Time elapsed: 0.002 sec - in org.apache.commons.configuration2.reloading.TestReloadingController
Running org.apache.commons.configuration2.TestConfigurationLookup
Tests run: 5, Failures: 0, Errors: 0, Skipped: 0, Time elapsed: 0.004 sec - in org.apache.commons.configuration2.TestConfigurationLookup
Running org.apache.commons.configuration2.TestThreesomeConfiguration
Tests run: 3, Failures: 0, Errors: 0, Skipped: 0, Time elapsed: 0 sec - in org.apache.commons.configuration2.TestThreesomeConfiguration
Running org.apache.commons.configuration2.TestEqualsProperty
Tests run: 1, Failures: 0, Errors: 0, Skipped: 0, Time elapsed: 0 sec - in org.apache.commons.configuration2.TestEqualsProperty
Running org.apache.commons.configuration2.TestPropertiesConfigurationLayout
Tests run: 38, Failures: 0, Errors: 0, Skipped: 0, Time elapsed: 0.007 sec - in org.apache.commons.configuration2.TestPropertiesConfigurationLayout
Running org.apache.commons.configuration2.TestEnvironmentConfiguration
Tests run: 5, Failures: 0, Errors: 0, Skipped: 0, Time elapsed: 0.001 sec - in org.apache.commons.configuration2.TestEnvironmentConfiguration
Running org.apache.commons.configuration2.TestConfigurationConverter
Tests run: 6, Failures: 0, Errors: 0, Skipped: 0, Time elapsed: 0.007 sec - in org.apache.commons.configuration2.TestConfigurationConverter
Running org.apache.commons.configuration2.TestXMLPropertiesConfiguration
Warning: validation was turned on but an org.xml.sax.ErrorHandler was not
set, which is probably not what is desired.  Parser will use a default
ErrorHandler to print the first 10 errors.  Please call
the 'setErrorHandler' method to fix this.
Error: URI=null Line=1: Document root element "properties", must match DOCTYPE root "null".
Error: URI=null Line=1: Document is invalid: no grammar found.
Tests run: 4, Failures: 0, Errors: 0, Skipped: 0, Time elapsed: 0.07 sec - in org.apache.commons.configuration2.TestXMLPropertiesConfiguration
Running org.apache.commons.configuration2.TestNullCompositeConfiguration
Tests run: 23, Failures: 0, Errors: 0, Skipped: 0, Time elapsed: 0.155 sec - in org.apache.commons.configuration2.TestNullCompositeConfiguration
Running org.apache.commons.configuration2.web.TestServletRequestConfiguration
Tests run: 13, Failures: 0, Errors: 0, Skipped: 0, Time elapsed: 0.009 sec - in org.apache.commons.configuration2.web.TestServletRequestConfiguration
Running org.apache.commons.configuration2.web.TestServletFilterConfiguration
Tests run: 12, Failures: 0, Errors: 0, Skipped: 0, Time elapsed: 0.002 sec - in org.apache.commons.configuration2.web.TestServletFilterConfiguration
Running org.apache.commons.configuration2.web.TestServletConfiguration
Tests run: 12, Failures: 0, Errors: 0, Skipped: 0, Time elapsed: 0.018 sec - in org.apache.commons.configuration2.web.TestServletConfiguration
Running org.apache.commons.configuration2.web.TestServletContextConfiguration
Tests run: 12, Failures: 0, Errors: 0, Skipped: 0, Time elapsed: 0 sec - in org.apache.commons.configuration2.web.TestServletContextConfiguration
Running org.apache.commons.configuration2.web.TestAppletConfiguration
Tests run: 12, Failures: 0, Errors: 0, Skipped: 0, Time elapsed: 0.003 sec - in org.apache.commons.configuration2.web.TestAppletConfiguration
Running org.apache.commons.configuration2.TestBaseConfiguration
Tests run: 59, Failures: 0, Errors: 0, Skipped: 0, Time elapsed: 0.022 sec - in org.apache.commons.configuration2.TestBaseConfiguration
Running org.apache.commons.configuration2.interpol.TestInterpolatorSpecification
Tests run: 10, Failures: 0, Errors: 0, Skipped: 0, Time elapsed: 0 sec - in org.apache.commons.configuration2.interpol.TestInterpolatorSpecification
Running org.apache.commons.configuration2.interpol.TestConfigurationInterpolator
Tests run: 41, Failures: 0, Errors: 0, Skipped: 0, Time elapsed: 0.006 sec - in org.apache.commons.configuration2.interpol.TestConfigurationInterpolator
Running org.apache.commons.configuration2.interpol.TestEnvironmentLookup
Tests run: 2, Failures: 0, Errors: 0, Skipped: 0, Time elapsed: 0 sec - in org.apache.commons.configuration2.interpol.TestEnvironmentLookup
Running org.apache.commons.configuration2.interpol.TestExprLookup
Tests run: 2, Failures: 0, Errors: 0, Skipped: 0, Time elapsed: 0.042 sec - in org.apache.commons.configuration2.interpol.TestExprLookup
Running org.apache.commons.configuration2.interpol.TestConstantLookup
Tests run: 8, Failures: 0, Errors: 0, Skipped: 0, Time elapsed: 0.002 sec - in org.apache.commons.configuration2.interpol.TestConstantLookup
Running org.apache.commons.configuration2.interpol.TestDummyLookup
Tests run: 1, Failures: 0, Errors: 0, Skipped: 0, Time elapsed: 0 sec - in org.apache.commons.configuration2.interpol.TestDummyLookup
Running org.apache.commons.configuration2.interpol.TestSystemPropertiesLookup
Tests run: 2, Failures: 0, Errors: 0, Skipped: 0, Time elapsed: 0 sec - in org.apache.commons.configuration2.interpol.TestSystemPropertiesLookup
Running org.apache.commons.configuration2.TestSubsetConfiguration
Tests run: 21, Failures: 0, Errors: 0, Skipped: 0, Time elapsed: 0.037 sec - in org.apache.commons.configuration2.TestSubsetConfiguration
Running org.apache.commons.configuration2.TestAbstractHierarchicalConfiguration
Tests run: 53, Failures: 0, Errors: 0, Skipped: 0, Time elapsed: 0.023 sec - in org.apache.commons.configuration2.TestAbstractHierarchicalConfiguration
Running org.apache.commons.configuration2.TestConfigurationMap
Tests run: 1, Failures: 0, Errors: 0, Skipped: 0, Time elapsed: 0 sec - in org.apache.commons.configuration2.TestConfigurationMap
Running org.apache.commons.configuration2.TestPropertiesConfiguration
Tests run: 71, Failures: 0, Errors: 0, Skipped: 0, Time elapsed: 0.215 sec - in org.apache.commons.configuration2.TestPropertiesConfiguration
Running org.apache.commons.configuration2.TestPatternSubtreeConfiguration
Tests run: 3, Failures: 0, Errors: 0, Skipped: 0, Time elapsed: 0.01 sec - in org.apache.commons.configuration2.TestPatternSubtreeConfiguration
Running org.apache.commons.configuration2.TestMapConfiguration
Tests run: 20, Failures: 0, Errors: 0, Skipped: 0, Time elapsed: 0.002 sec - in org.apache.commons.configuration2.TestMapConfiguration
Running org.apache.commons.configuration2.spring.TestConfigurationPropertySource
Tests run: 1, Failures: 0, Errors: 0, Skipped: 0, Time elapsed: 0.276 sec - in org.apache.commons.configuration2.spring.TestConfigurationPropertySource
Running org.apache.commons.configuration2.spring.TestConfigurationPropertiesFactoryBean
Tests run: 10, Failures: 0, Errors: 0, Skipped: 0, Time elapsed: 0.003 sec - in org.apache.commons.configuration2.spring.TestConfigurationPropertiesFactoryBean
Running org.apache.commons.configuration2.TestBaseHierarchicalConfigurationSynchronization
Tests run: 14, Failures: 0, Errors: 0, Skipped: 0, Time elapsed: 0.036 sec - in org.apache.commons.configuration2.TestBaseHierarchicalConfigurationSynchronization
Running org.apache.commons.configuration2.TestEqualBehaviour
Tests run: 7, Failures: 0, Errors: 0, Skipped: 0, Time elapsed: 0.027 sec - in org.apache.commons.configuration2.TestEqualBehaviour
Running org.apache.commons.configuration2.TestSystemConfiguration
Tests run: 5, Failures: 0, Errors: 0, Skipped: 0, Time elapsed: 0.005 sec - in org.apache.commons.configuration2.TestSystemConfiguration
Running org.apache.commons.configuration2.sync.TestReadWriteSynchronizer
Tests run: 3, Failures: 0, Errors: 0, Skipped: 0, Time elapsed: 0.031 sec - in org.apache.commons.configuration2.sync.TestReadWriteSynchronizer
Running org.apache.commons.configuration2.TestSubnodeConfiguration
Tests run: 23, Failures: 0, Errors: 0, Skipped: 0, Time elapsed: 0.036 sec - in org.apache.commons.configuration2.TestSubnodeConfiguration
Running org.apache.commons.configuration2.TestBaseNullConfiguration
Tests run: 37, Failures: 0, Errors: 0, Skipped: 0, Time elapsed: 0.003 sec - in org.apache.commons.configuration2.TestBaseNullConfiguration
Running org.apache.commons.configuration2.TestCompositeConfiguration
Tests run: 51, Failures: 0, Errors: 0, Skipped: 0, Time elapsed: 0.191 sec - in org.apache.commons.configuration2.TestCompositeConfiguration
Running org.apache.commons.configuration2.TestHierarchicalXMLConfiguration
Tests run: 10, Failures: 0, Errors: 0, Skipped: 0, Time elapsed: 0.042 sec - in org.apache.commons.configuration2.TestHierarchicalXMLConfiguration
Running org.apache.commons.configuration2.TestXMLListHandling
Tests run: 5, Failures: 0, Errors: 0, Skipped: 0, Time elapsed: 0.014 sec - in org.apache.commons.configuration2.TestXMLListHandling
Running org.apache.commons.configuration2.convert.TestDefaultListDelimiterHandler
Tests run: 13, Failures: 0, Errors: 0, Skipped: 0, Time elapsed: 0.002 sec - in org.apache.commons.configuration2.convert.TestDefaultListDelimiterHandler
Running org.apache.commons.configuration2.convert.TestPropertyConverter
Tests run: 18, Failures: 0, Errors: 0, Skipped: 0, Time elapsed: 0.001 sec - in org.apache.commons.configuration2.convert.TestPropertyConverter
Running org.apache.commons.configuration2.convert.TestDefaultConversionHandler
Tests run: 23, Failures: 0, Errors: 0, Skipped: 0, Time elapsed: 0.002 sec - in org.apache.commons.configuration2.convert.TestDefaultConversionHandler
Running org.apache.commons.configuration2.convert.TestDisabledListDelimiterHandler
Tests run: 13, Failures: 0, Errors: 0, Skipped: 0, Time elapsed: 0.001 sec - in org.apache.commons.configuration2.convert.TestDisabledListDelimiterHandler
Running org.apache.commons.configuration2.builder.TestCopyObjectDefaultHandler
Tests run: 4, Failures: 0, Errors: 0, Skipped: 0, Time elapsed: 0.006 sec - in org.apache.commons.configuration2.builder.TestCopyObjectDefaultHandler
Running org.apache.commons.configuration2.builder.TestDefaultParametersManager
Tests run: 9, Failures: 0, Errors: 0, Skipped: 0, Time elapsed: 0.017 sec - in org.apache.commons.configuration2.builder.TestDefaultParametersManager
Running org.apache.commons.configuration2.builder.TestBasicConfigurationBuilderEvents
Tests run: 11, Failures: 0, Errors: 0, Skipped: 0, Time elapsed: 0.001 sec - in org.apache.commons.configuration2.builder.TestBasicConfigurationBuilderEvents
Running org.apache.commons.configuration2.builder.TestFileBasedConfigurationBuilder
Tests run: 24, Failures: 0, Errors: 0, Skipped: 0, Time elapsed: 0.018 sec - in org.apache.commons.configuration2.builder.TestFileBasedConfigurationBuilder
Running org.apache.commons.configuration2.builder.fluent.TestParameters
Tests run: 19, Failures: 0, Errors: 0, Skipped: 0, Time elapsed: 0.013 sec - in org.apache.commons.configuration2.builder.fluent.TestParameters
Running org.apache.commons.configuration2.builder.fluent.TestConfigurations
Tests run: 32, Failures: 0, Errors: 0, Skipped: 0, Time elapsed: 0.097 sec - in org.apache.commons.configuration2.builder.fluent.TestConfigurations
Running org.apache.commons.configuration2.builder.TestEventListenerParameters
Tests run: 4, Failures: 0, Errors: 0, Skipped: 0, Time elapsed: 0 sec - in org.apache.commons.configuration2.builder.TestEventListenerParameters
Running org.apache.commons.configuration2.builder.TestBasicBuilderParameters
Tests run: 34, Failures: 0, Errors: 0, Skipped: 0, Time elapsed: 0.011 sec - in org.apache.commons.configuration2.builder.TestBasicBuilderParameters
Running org.apache.commons.configuration2.builder.TestHierarchicalBuilderParametersImpl
Tests run: 3, Failures: 0, Errors: 0, Skipped: 0, Time elapsed: 0 sec - in org.apache.commons.configuration2.builder.TestHierarchicalBuilderParametersImpl
Running org.apache.commons.configuration2.builder.TestAutoSaveListener
Tests run: 7, Failures: 0, Errors: 0, Skipped: 0, Time elapsed: 0.016 sec - in org.apache.commons.configuration2.builder.TestAutoSaveListener
Running org.apache.commons.configuration2.builder.combined.TestMultiFileBuilderParametersImpl
Tests run: 7, Failures: 0, Errors: 0, Skipped: 0, Time elapsed: 0.002 sec - in org.apache.commons.configuration2.builder.combined.TestMultiFileBuilderParametersImpl
Running org.apache.commons.configuration2.builder.combined.TestCombinedBuilderParametersImpl
Tests run: 27, Failures: 0, Errors: 0, Skipped: 0, Time elapsed: 0.006 sec - in org.apache.commons.configuration2.builder.combined.TestCombinedBuilderParametersImpl
Running org.apache.commons.configuration2.builder.combined.TestMultiWrapDynaBean
Tests run: 13, Failures: 0, Errors: 0, Skipped: 0, Time elapsed: 0.006 sec - in org.apache.commons.configuration2.builder.combined.TestMultiWrapDynaBean
Running org.apache.commons.configuration2.builder.combined.TestConfigurationDeclaration
Tests run: 5, Failures: 0, Errors: 0, Skipped: 0, Time elapsed: 0.001 sec - in org.apache.commons.configuration2.builder.combined.TestConfigurationDeclaration
Running org.apache.commons.configuration2.builder.combined.TestBaseConfigurationBuilderProvider
Tests run: 9, Failures: 0, Errors: 0, Skipped: 0, Time elapsed: 0.021 sec - in org.apache.commons.configuration2.builder.combined.TestBaseConfigurationBuilderProvider
Running org.apache.commons.configuration2.builder.combined.TestCombinedConfigurationBuilderVFS
Tests run: 51, Failures: 0, Errors: 0, Skipped: 0, Time elapsed: 5.501 sec - in org.apache.commons.configuration2.builder.combined.TestCombinedConfigurationBuilderVFS
Running org.apache.commons.configuration2.builder.combined.TestFileExtensionConfigurationBuilderProvider
Tests run: 10, Failures: 0, Errors: 0, Skipped: 0, Time elapsed: 0.007 sec - in org.apache.commons.configuration2.builder.combined.TestFileExtensionConfigurationBuilderProvider
Running org.apache.commons.configuration2.builder.combined.TestReloadingCombinedConfigurationBuilderFileBased
Tests run: 4, Failures: 0, Errors: 0, Skipped: 0, Time elapsed: 2.509 sec - in org.apache.commons.configuration2.builder.combined.TestReloadingCombinedConfigurationBuilderFileBased
Running org.apache.commons.configuration2.builder.combined.TestReloadingMultiFileConfigurationBuilder
Tests run: 6, Failures: 0, Errors: 0, Skipped: 0, Time elapsed: 0.008 sec - in org.apache.commons.configuration2.builder.combined.TestReloadingMultiFileConfigurationBuilder
Running org.apache.commons.configuration2.builder.combined.TestMultiFileConfigurationBuilder
Tests run: 16, Failures: 0, Errors: 0, Skipped: 0, Time elapsed: 0.343 sec - in org.apache.commons.configuration2.builder.combined.TestMultiFileConfigurationBuilder
Running org.apache.commons.configuration2.builder.combined.TestReloadingCombinedConfigurationBuilder
Tests run: 5, Failures: 0, Errors: 0, Skipped: 0, Time elapsed: 0.013 sec - in org.apache.commons.configuration2.builder.combined.TestReloadingCombinedConfigurationBuilder
Running org.apache.commons.configuration2.builder.combined.TestCombinedConfigurationBuilder
Tests run: 50, Failures: 0, Errors: 0, Skipped: 0, Time elapsed: 5.206 sec - in org.apache.commons.configuration2.builder.combined.TestCombinedConfigurationBuilder
Running org.apache.commons.configuration2.builder.TestReloadingBuilderSupportListener
Tests run: 2, Failures: 0, Errors: 0, Skipped: 0, Time elapsed: 0 sec - in org.apache.commons.configuration2.builder.TestReloadingBuilderSupportListener
Running org.apache.commons.configuration2.builder.TestReloadingFileBasedConfigurationBuilder
Tests run: 9, Failures: 0, Errors: 0, Skipped: 0, Time elapsed: 0 sec - in org.apache.commons.configuration2.builder.TestReloadingFileBasedConfigurationBuilder
Running org.apache.commons.configuration2.builder.TestPropertiesBuilderParametersImpl
Tests run: 6, Failures: 0, Errors: 0, Skipped: 0, Time elapsed: 0 sec - in org.apache.commons.configuration2.builder.TestPropertiesBuilderParametersImpl
Running org.apache.commons.configuration2.builder.TestDefaultReloadingDetectorFactory
Tests run: 2, Failures: 0, Errors: 0, Skipped: 0, Time elapsed: 0 sec - in org.apache.commons.configuration2.builder.TestDefaultReloadingDetectorFactory
Running org.apache.commons.configuration2.builder.TestBuilderConfigurationWrapperFactory
Tests run: 8, Failures: 0, Errors: 0, Skipped: 0, Time elapsed: 0.005 sec - in org.apache.commons.configuration2.builder.TestBuilderConfigurationWrapperFactory
Running org.apache.commons.configuration2.builder.TestFileBasedBuilderParameters
Tests run: 24, Failures: 0, Errors: 0, Skipped: 0, Time elapsed: 0.003 sec - in org.apache.commons.configuration2.builder.TestFileBasedBuilderParameters
Running org.apache.commons.configuration2.builder.TestDatabaseBuilderParametersImpl
Tests run: 8, Failures: 0, Errors: 0, Skipped: 0, Time elapsed: 0.001 sec - in org.apache.commons.configuration2.builder.TestDatabaseBuilderParametersImpl
Running org.apache.commons.configuration2.builder.TestBasicConfigurationBuilder
Tests run: 27, Failures: 0, Errors: 0, Skipped: 0, Time elapsed: 0.035 sec - in org.apache.commons.configuration2.builder.TestBasicConfigurationBuilder
Running org.apache.commons.configuration2.builder.TestXMLBuilderParametersImpl
Tests run: 8, Failures: 0, Errors: 0, Skipped: 0, Time elapsed: 0.009 sec - in org.apache.commons.configuration2.builder.TestXMLBuilderParametersImpl
Running org.apache.commons.configuration2.builder.TestJndiBuilderParametersImpl
Tests run: 4, Failures: 0, Errors: 0, Skipped: 0, Time elapsed: 0.001 sec - in org.apache.commons.configuration2.builder.TestJndiBuilderParametersImpl
Running org.apache.commons.configuration2.TestImmutableConfiguration
Tests run: 10, Failures: 0, Errors: 0, Skipped: 0, Time elapsed: 0.01 sec - in org.apache.commons.configuration2.TestImmutableConfiguration
Running org.apache.commons.configuration2.TestPropertiesSequence
Tests run: 3, Failures: 0, Errors: 0, Skipped: 0, Time elapsed: 0.004 sec - in org.apache.commons.configuration2.TestPropertiesSequence
Running org.apache.commons.configuration2.TestJNDIEnvironmentValues
Tests run: 12, Failures: 0, Errors: 0, Skipped: 0, Time elapsed: 0.004 sec - in org.apache.commons.configuration2.TestJNDIEnvironmentValues
Running org.apache.commons.configuration2.TestStrictConfigurationComparator
Tests run: 2, Failures: 0, Errors: 0, Skipped: 0, Time elapsed: 0 sec - in org.apache.commons.configuration2.TestStrictConfigurationComparator
Running org.apache.commons.configuration2.TestINIConfiguration
Tests run: 63, Failures: 0, Errors: 0, Skipped: 0, Time elapsed: 0.044 sec - in org.apache.commons.configuration2.TestINIConfiguration
Running org.apache.commons.configuration2.plist.TestPropertyListConfiguration
Tests run: 23, Failures: 0, Errors: 0, Skipped: 0, Time elapsed: 0.034 sec - in org.apache.commons.configuration2.plist.TestPropertyListConfiguration
Running org.apache.commons.configuration2.plist.TestPropertyListParser
Tests run: 4, Failures: 0, Errors: 0, Skipped: 0, Time elapsed: 0 sec - in org.apache.commons.configuration2.plist.TestPropertyListParser
Running org.apache.commons.configuration2.plist.TestXMLPropertyListConfigurationEvents
Tests run: 10, Failures: 0, Errors: 0, Skipped: 0, Time elapsed: 0.055 sec - in org.apache.commons.configuration2.plist.TestXMLPropertyListConfigurationEvents
Running org.apache.commons.configuration2.plist.TestXMLPropertyListConfiguration
Tests run: 24, Failures: 0, Errors: 0, Skipped: 0, Time elapsed: 0.036 sec - in org.apache.commons.configuration2.plist.TestXMLPropertyListConfiguration
Running org.apache.commons.configuration2.plist.TestPropertyListConfigurationEvents
Tests run: 10, Failures: 0, Errors: 0, Skipped: 0, Time elapsed: 0.003 sec - in org.apache.commons.configuration2.plist.TestPropertyListConfigurationEvents
Running org.apache.commons.configuration2.TestNullJNDIEnvironmentValues
Tests run: 12, Failures: 0, Errors: 0, Skipped: 0, Time elapsed: 0.004 sec - in org.apache.commons.configuration2.TestNullJNDIEnvironmentValues
Running org.apache.commons.configuration2.TestDynamicCombinedConfiguration
Tests run: 12, Failures: 0, Errors: 0, Skipped: 0, Time elapsed: 6.726 sec - in org.apache.commons.configuration2.TestDynamicCombinedConfiguration
Running org.apache.commons.configuration2.io.TestFileLocatorUtils
Tests run: 36, Failures: 0, Errors: 0, Skipped: 0, Time elapsed: 0.011 sec - in org.apache.commons.configuration2.io.TestFileLocatorUtils
Running org.apache.commons.configuration2.io.TestConfigurationLogger
Tests run: 16, Failures: 0, Errors: 0, Skipped: 0, Time elapsed: 0.004 sec - in org.apache.commons.configuration2.io.TestConfigurationLogger
Running org.apache.commons.configuration2.io.TestFileLocator
Tests run: 8, Failures: 0, Errors: 0, Skipped: 0, Time elapsed: 0 sec - in org.apache.commons.configuration2.io.TestFileLocator
Running org.apache.commons.configuration2.io.TestHomeDirectoryLocationStrategy
Tests run: 6, Failures: 0, Errors: 0, Skipped: 0, Time elapsed: 0.001 sec - in org.apache.commons.configuration2.io.TestHomeDirectoryLocationStrategy
Running org.apache.commons.configuration2.io.TestClasspathLocationStrategy
Tests run: 3, Failures: 0, Errors: 0, Skipped: 0, Time elapsed: 0.003 sec - in org.apache.commons.configuration2.io.TestClasspathLocationStrategy
Running org.apache.commons.configuration2.io.TestFileSystemLocationStrategy
Tests run: 1, Failures: 0, Errors: 0, Skipped: 0, Time elapsed: 0 sec - in org.apache.commons.configuration2.io.TestFileSystemLocationStrategy
Running org.apache.commons.configuration2.io.TestCombinedLocationStrategy
Tests run: 7, Failures: 0, Errors: 0, Skipped: 0, Time elapsed: 0.002 sec - in org.apache.commons.configuration2.io.TestCombinedLocationStrategy
Running org.apache.commons.configuration2.io.TestFileHandler
Tests run: 85, Failures: 0, Errors: 0, Skipped: 0, Time elapsed: 0.06 sec - in org.apache.commons.configuration2.io.TestFileHandler
Running org.apache.commons.configuration2.io.TestAbsoluteNameLocationStrategy
Tests run: 4, Failures: 0, Errors: 0, Skipped: 0, Time elapsed: 0.001 sec - in org.apache.commons.configuration2.io.TestAbsoluteNameLocationStrategy
Running org.apache.commons.configuration2.io.TestProvidedURLLocationStrategy
Tests run: 2, Failures: 0, Errors: 0, Skipped: 0, Time elapsed: 0 sec - in org.apache.commons.configuration2.io.TestProvidedURLLocationStrategy
Running org.apache.commons.configuration2.io.TestDefaultFileSystem
Tests run: 3, Failures: 0, Errors: 0, Skipped: 0, Time elapsed: 0 sec - in org.apache.commons.configuration2.io.TestDefaultFileSystem
Running org.apache.commons.configuration2.io.TestBasePathLocationStrategy
Tests run: 4, Failures: 0, Errors: 0, Skipped: 0, Time elapsed: 0 sec - in org.apache.commons.configuration2.io.TestBasePathLocationStrategy
Running org.apache.commons.configuration2.TestCatalogResolver
Tests run: 5, Failures: 0, Errors: 0, Skipped: 0, Time elapsed: 0.008 sec - in org.apache.commons.configuration2.TestCatalogResolver
Running org.apache.commons.configuration2.TestAbstractConfigurationBasicFeatures
Tests run: 64, Failures: 0, Errors: 0, Skipped: 0, Time elapsed: 0.01 sec - in org.apache.commons.configuration2.TestAbstractConfigurationBasicFeatures
Running org.apache.commons.configuration2.tree.TestNodeTreeWalker
Tests run: 8, Failures: 0, Errors: 0, Skipped: 0, Time elapsed: 0 sec - in org.apache.commons.configuration2.tree.TestNodeTreeWalker
Running org.apache.commons.configuration2.tree.TestNodeHandlerDecorator
Tests run: 25, Failures: 0, Errors: 0, Skipped: 0, Time elapsed: 0.003 sec - in org.apache.commons.configuration2.tree.TestNodeHandlerDecorator
Running org.apache.commons.configuration2.tree.TestTrackedNodeHandler
Tests run: 2, Failures: 0, Errors: 0, Skipped: 0, Time elapsed: 0 sec - in org.apache.commons.configuration2.tree.TestTrackedNodeHandler
Running org.apache.commons.configuration2.tree.TestQueryResult
Tests run: 9, Failures: 0, Errors: 0, Skipped: 0, Time elapsed: 0 sec - in org.apache.commons.configuration2.tree.TestQueryResult
Running org.apache.commons.configuration2.tree.TestDefaultConfigurationKey
Tests run: 33, Failures: 0, Errors: 0, Skipped: 0, Time elapsed: 0.002 sec - in org.apache.commons.configuration2.tree.TestDefaultConfigurationKey
Running org.apache.commons.configuration2.tree.TestNodeUpdateData
Tests run: 7, Failures: 0, Errors: 0, Skipped: 0, Time elapsed: 0 sec - in org.apache.commons.configuration2.tree.TestNodeUpdateData
Running org.apache.commons.configuration2.tree.TestTrackedNodeModel
Tests run: 13, Failures: 0, Errors: 0, Skipped: 0, Time elapsed: 0.01 sec - in org.apache.commons.configuration2.tree.TestTrackedNodeModel
Running org.apache.commons.configuration2.tree.TestDefaultExpressionEngine
Tests run: 38, Failures: 0, Errors: 0, Skipped: 0, Time elapsed: 0.004 sec - in org.apache.commons.configuration2.tree.TestDefaultExpressionEngine
Running org.apache.commons.configuration2.tree.TestNodeSelector
Tests run: 12, Failures: 0, Errors: 0, Skipped: 0, Time elapsed: 0.002 sec - in org.apache.commons.configuration2.tree.TestNodeSelector
Running org.apache.commons.configuration2.tree.xpath.TestConfigurationNodePointerFactory
Tests run: 8, Failures: 0, Errors: 0, Skipped: 0, Time elapsed: 0.016 sec - in org.apache.commons.configuration2.tree.xpath.TestConfigurationNodePointerFactory
Running org.apache.commons.configuration2.tree.xpath.TestConfigurationNodeIteratorChildren
Tests run: 13, Failures: 0, Errors: 0, Skipped: 0, Time elapsed: 0.007 sec - in org.apache.commons.configuration2.tree.xpath.TestConfigurationNodeIteratorChildren
Running org.apache.commons.configuration2.tree.xpath.TestConfigurationIteratorAttributes
Tests run: 6, Failures: 0, Errors: 0, Skipped: 0, Time elapsed: 0.003 sec - in org.apache.commons.configuration2.tree.xpath.TestConfigurationIteratorAttributes
Running org.apache.commons.configuration2.tree.xpath.TestConfigurationNodePointer
Tests run: 7, Failures: 0, Errors: 0, Skipped: 0, Time elapsed: 0.006 sec - in org.apache.commons.configuration2.tree.xpath.TestConfigurationNodePointer
Running org.apache.commons.configuration2.tree.xpath.TestXPathExpressionEngine
Tests run: 34, Failures: 0, Errors: 0, Skipped: 0, Time elapsed: 0.019 sec - in org.apache.commons.configuration2.tree.xpath.TestXPathExpressionEngine
Running org.apache.commons.configuration2.tree.xpath.TestConfigurationAttributePointer
Tests run: 13, Failures: 0, Errors: 0, Skipped: 0, Time elapsed: 0.014 sec - in org.apache.commons.configuration2.tree.xpath.TestConfigurationAttributePointer
Running org.apache.commons.configuration2.tree.xpath.TestXPathExpressionEngineInConfig
Tests run: 6, Failures: 0, Errors: 0, Skipped: 0, Time elapsed: 0.004 sec - in org.apache.commons.configuration2.tree.xpath.TestXPathExpressionEngineInConfig
Running org.apache.commons.configuration2.tree.xpath.TestXPathContextFactory
Tests run: 1, Failures: 0, Errors: 0, Skipped: 0, Time elapsed: 0 sec - in org.apache.commons.configuration2.tree.xpath.TestXPathContextFactory
Running org.apache.commons.configuration2.tree.TestNodeNameMatchers
Tests run: 6, Failures: 0, Errors: 0, Skipped: 0, Time elapsed: 0 sec - in org.apache.commons.configuration2.tree.TestNodeNameMatchers
Running org.apache.commons.configuration2.tree.TestInMemoryNodeModelTrackedNodes
Tests run: 43, Failures: 0, Errors: 0, Skipped: 0, Time elapsed: 0.01 sec - in org.apache.commons.configuration2.tree.TestInMemoryNodeModelTrackedNodes
Running org.apache.commons.configuration2.tree.TestDefaultExpressionEngineSymbols
Tests run: 6, Failures: 0, Errors: 0, Skipped: 0, Time elapsed: 0 sec - in org.apache.commons.configuration2.tree.TestDefaultExpressionEngineSymbols
Running org.apache.commons.configuration2.tree.TestOverrideCombiner
Tests run: 9, Failures: 0, Errors: 0, Skipped: 0, Time elapsed: 0.016 sec - in org.apache.commons.configuration2.tree.TestOverrideCombiner
Running org.apache.commons.configuration2.tree.TestNodeAddData
Tests run: 4, Failures: 0, Errors: 0, Skipped: 0, Time elapsed: 0 sec - in org.apache.commons.configuration2.tree.TestNodeAddData
Running org.apache.commons.configuration2.tree.TestMergeCombiner
Tests run: 8, Failures: 0, Errors: 0, Skipped: 0, Time elapsed: 0.016 sec - in org.apache.commons.configuration2.tree.TestMergeCombiner
Running org.apache.commons.configuration2.tree.TestImmutableNode
Tests run: 32, Failures: 0, Errors: 0, Skipped: 0, Time elapsed: 0.005 sec - in org.apache.commons.configuration2.tree.TestImmutableNode
Running org.apache.commons.configuration2.tree.TestUnionCombiner
Tests run: 6, Failures: 0, Errors: 0, Skipped: 0, Time elapsed: 0.008 sec - in org.apache.commons.configuration2.tree.TestUnionCombiner
Running org.apache.commons.configuration2.tree.TestInMemoryNodeModelReferences
Tests run: 12, Failures: 0, Errors: 0, Skipped: 0, Time elapsed: 0.002 sec - in org.apache.commons.configuration2.tree.TestInMemoryNodeModelReferences
Running org.apache.commons.configuration2.tree.TestInMemoryNodeModel
Tests run: 39, Failures: 0, Errors: 0, Skipped: 0, Time elapsed: 0.058 sec - in org.apache.commons.configuration2.tree.TestInMemoryNodeModel
Running org.apache.commons.configuration2.tree.TestTreeData
Tests run: 25, Failures: 0, Errors: 0, Skipped: 0, Time elapsed: 0.001 sec - in org.apache.commons.configuration2.tree.TestTreeData
Running org.apache.commons.configuration2.TestAbstractConfigurationSynchronization
Tests run: 19, Failures: 0, Errors: 0, Skipped: 0, Time elapsed: 0.012 sec - in org.apache.commons.configuration2.TestAbstractConfigurationSynchronization
Running org.apache.commons.configuration2.TestBaseConfigurationXMLReader
Tests run: 4, Failures: 0, Errors: 0, Skipped: 0, Time elapsed: 0.003 sec - in org.apache.commons.configuration2.TestBaseConfigurationXMLReader
Running org.apache.commons.configuration2.TestXMLDocumentHelper
Tests run: 11, Failures: 0, Errors: 0, Skipped: 0, Time elapsed: 0.018 sec - in org.apache.commons.configuration2.TestXMLDocumentHelper
Running org.apache.commons.configuration2.TestCompositeConfigurationNonStringProperties
Tests run: 23, Failures: 0, Errors: 0, Skipped: 0, Time elapsed: 0.014 sec - in org.apache.commons.configuration2.TestCompositeConfigurationNonStringProperties
Running org.apache.commons.configuration2.TestConfigurationSet
Tests run: 2, Failures: 0, Errors: 0, Skipped: 0, Time elapsed: 0 sec - in org.apache.commons.configuration2.TestConfigurationSet
Running org.apache.commons.configuration2.TestConfigurationUtils
Tests run: 36, Failures: 0, Errors: 0, Skipped: 0, Time elapsed: 0.005 sec - in org.apache.commons.configuration2.TestConfigurationUtils
Running org.apache.commons.configuration2.TestCombinedConfiguration
Tests run: 58, Failures: 0, Errors: 0, Skipped: 0, Time elapsed: 0.247 sec - in org.apache.commons.configuration2.TestCombinedConfiguration
Running org.apache.commons.configuration2.TestDataConfiguration
Tests run: 55, Failures: 0, Errors: 0, Skipped: 0, Time elapsed: 0.091 sec - in org.apache.commons.configuration2.TestDataConfiguration
Running org.apache.commons.configuration2.TestXMLConfiguration
[Fatal Error] :1:39: The element type "test" must be terminated by the matching end-tag "</test>".
Tests run: 89, Failures: 0, Errors: 0, Skipped: 0, Time elapsed: 0.404 sec - in org.apache.commons.configuration2.TestXMLConfiguration
Running org.apache.commons.configuration2.beanutils.TestCombinedBeanDeclaration
Tests run: 12, Failures: 0, Errors: 0, Skipped: 0, Time elapsed: 0 sec - in org.apache.commons.configuration2.beanutils.TestCombinedBeanDeclaration
Running org.apache.commons.configuration2.beanutils.TestBeanHelper
Tests run: 27, Failures: 0, Errors: 0, Skipped: 0, Time elapsed: 0.005 sec - in org.apache.commons.configuration2.beanutils.TestBeanHelper
Running org.apache.commons.configuration2.beanutils.TestConfigurationDynaBeanXMLConfig
Tests run: 42, Failures: 0, Errors: 0, Skipped: 0, Time elapsed: 0.07 sec - in org.apache.commons.configuration2.beanutils.TestConfigurationDynaBeanXMLConfig
Running org.apache.commons.configuration2.beanutils.TestConstructorArg
Tests run: 6, Failures: 0, Errors: 0, Skipped: 0, Time elapsed: 0 sec - in org.apache.commons.configuration2.beanutils.TestConstructorArg
Running org.apache.commons.configuration2.beanutils.TestXMLBeanDeclaration
Tests run: 28, Failures: 0, Errors: 0, Skipped: 0, Time elapsed: 0.005 sec - in org.apache.commons.configuration2.beanutils.TestXMLBeanDeclaration
Running org.apache.commons.configuration2.beanutils.TestDefaultBeanFactory
Tests run: 11, Failures: 0, Errors: 0, Skipped: 0, Time elapsed: 0.001 sec - in org.apache.commons.configuration2.beanutils.TestDefaultBeanFactory
Running org.apache.commons.configuration2.beanutils.TestConfigurationDynaBean
Tests run: 42, Failures: 0, Errors: 0, Skipped: 0, Time elapsed: 0.004 sec - in org.apache.commons.configuration2.beanutils.TestConfigurationDynaBean

Results :

Tests run: 2746, Failures: 0, Errors: 0, Skipped: 0

[INFO] 
[INFO] --- maven-jar-plugin:3.0.0:jar (default-jar) @ commons-configuration2 ---
[INFO] Building jar: /tmp/tmpxmt1mam1/commons-configuration/target/commons-configuration2-2.1.1.jar
[INFO] 
[INFO] --- maven-site-plugin:3.4:attach-descriptor (attach-descriptor) @ commons-configuration2 ---
[INFO] 
[INFO] --- maven-assembly-plugin:3.2.0:single (default) @ commons-configuration2 ---
[INFO] Reading assembly descriptor: src/assembly/src.xml
[INFO] ------------------------------------------------------------------------
[INFO] BUILD FAILURE
[INFO] ------------------------------------------------------------------------
[INFO] Total time:  47.201 s
[INFO] Finished at: 2020-08-03T09:47:49Z
[INFO] ------------------------------------------------------------------------
[ERROR] Failed to execute goal org.apache.maven.plugins:maven-assembly-plugin:3.2.0:single (default) on project commons-configuration2: Error reading assemblies: Error locating assembly descriptor: src/assembly/src.xml
[ERROR] 
[ERROR] [1] [INFO] Searching for file location: /tmp/tmpxmt1mam1/commons-configuration/src/assembly/src.xml
[ERROR] 
[ERROR] [2] [INFO] File: /tmp/tmpxmt1mam1/commons-configuration/src/assembly/src.xml does not exist.
[ERROR] 
[ERROR] [3] [INFO] File: /tmp/tmpxmt1mam1/commons-configuration/src/assembly/src.xml does not exist.
[ERROR] -> [Help 1]
org.apache.maven.lifecycle.LifecycleExecutionException: Failed to execute goal org.apache.maven.plugins:maven-assembly-plugin:3.2.0:single (default) on project commons-configuration2: Error reading assemblies: Error locating assembly descriptor: src/assembly/src.xml

[1] [INFO] Searching for file location: /tmp/tmpxmt1mam1/commons-configuration/src/assembly/src.xml

[2] [INFO] File: /tmp/tmpxmt1mam1/commons-configuration/src/assembly/src.xml does not exist.

[3] [INFO] File: /tmp/tmpxmt1mam1/commons-configuration/src/assembly/src.xml does not exist.
    at org.apache.maven.lifecycle.internal.MojoExecutor.execute (MojoExecutor.java:215)
    at org.apache.maven.lifecycle.internal.MojoExecutor.execute (MojoExecutor.java:156)
    at org.apache.maven.lifecycle.internal.MojoExecutor.execute (MojoExecutor.java:148)
    at org.apache.maven.lifecycle.internal.LifecycleModuleBuilder.buildProject (LifecycleModuleBuilder.java:117)
    at org.apache.maven.lifecycle.internal.LifecycleModuleBuilder.buildProject (LifecycleModuleBuilder.java:81)
    at org.apache.maven.lifecycle.internal.builder.singlethreaded.SingleThreadedBuilder.build (SingleThreadedBuilder.java:56)
    at org.apache.maven.lifecycle.internal.LifecycleStarter.execute (LifecycleStarter.java:128)
    at org.apache.maven.DefaultMaven.doExecute (DefaultMaven.java:305)
    at org.apache.maven.DefaultMaven.doExecute (DefaultMaven.java:192)
    at org.apache.maven.DefaultMaven.execute (DefaultMaven.java:105)
    at org.apache.maven.cli.MavenCli.execute (MavenCli.java:957)
    at org.apache.maven.cli.MavenCli.doMain (MavenCli.java:289)
    at org.apache.maven.cli.MavenCli.main (MavenCli.java:193)
    at sun.reflect.NativeMethodAccessorImpl.invoke0 (Native Method)
    at sun.reflect.NativeMethodAccessorImpl.invoke (NativeMethodAccessorImpl.java:62)
    at sun.reflect.DelegatingMethodAccessorImpl.invoke (DelegatingMethodAccessorImpl.java:43)
    at java.lang.reflect.Method.invoke (Method.java:498)
    at org.codehaus.plexus.classworlds.launcher.Launcher.launchEnhanced (Launcher.java:282)
    at org.codehaus.plexus.classworlds.launcher.Launcher.launch (Launcher.java:225)
    at org.codehaus.plexus.classworlds.launcher.Launcher.mainWithExitCode (Launcher.java:406)
    at org.codehaus.plexus.classworlds.launcher.Launcher.main (Launcher.java:347)
Caused by: org.apache.maven.plugin.MojoExecutionException: Error reading assemblies: Error locating assembly descriptor: src/assembly/src.xml

[1] [INFO] Searching for file location: /tmp/tmpxmt1mam1/commons-configuration/src/assembly/src.xml

[2] [INFO] File: /tmp/tmpxmt1mam1/commons-configuration/src/assembly/src.xml does not exist.

[3] [INFO] File: /tmp/tmpxmt1mam1/commons-configuration/src/assembly/src.xml does not exist.
    at org.apache.maven.plugins.assembly.mojos.AbstractAssemblyMojo.execute (AbstractAssemblyMojo.java:454)
    at org.apache.maven.plugins.assembly.mojos.SingleAssemblyMojo.execute (SingleAssemblyMojo.java:61)
    at org.apache.maven.plugin.DefaultBuildPluginManager.executeMojo (DefaultBuildPluginManager.java:137)
    at org.apache.maven.lifecycle.internal.MojoExecutor.execute (MojoExecutor.java:210)
    at org.apache.maven.lifecycle.internal.MojoExecutor.execute (MojoExecutor.java:156)
    at org.apache.maven.lifecycle.internal.MojoExecutor.execute (MojoExecutor.java:148)
    at org.apache.maven.lifecycle.internal.LifecycleModuleBuilder.buildProject (LifecycleModuleBuilder.java:117)
    at org.apache.maven.lifecycle.internal.LifecycleModuleBuilder.buildProject (LifecycleModuleBuilder.java:81)
    at org.apache.maven.lifecycle.internal.builder.singlethreaded.SingleThreadedBuilder.build (SingleThreadedBuilder.java:56)
    at org.apache.maven.lifecycle.internal.LifecycleStarter.execute (LifecycleStarter.java:128)
    at org.apache.maven.DefaultMaven.doExecute (DefaultMaven.java:305)
    at org.apache.maven.DefaultMaven.doExecute (DefaultMaven.java:192)
    at org.apache.maven.DefaultMaven.execute (DefaultMaven.java:105)
    at org.apache.maven.cli.MavenCli.execute (MavenCli.java:957)
    at org.apache.maven.cli.MavenCli.doMain (MavenCli.java:289)
    at org.apache.maven.cli.MavenCli.main (MavenCli.java:193)
    at sun.reflect.NativeMethodAccessorImpl.invoke0 (Native Method)
    at sun.reflect.NativeMethodAccessorImpl.invoke (NativeMethodAccessorImpl.java:62)
    at sun.reflect.DelegatingMethodAccessorImpl.invoke (DelegatingMethodAccessorImpl.java:43)
    at java.lang.reflect.Method.invoke (Method.java:498)
    at org.codehaus.plexus.classworlds.launcher.Launcher.launchEnhanced (Launcher.java:282)
    at org.codehaus.plexus.classworlds.launcher.Launcher.launch (Launcher.java:225)
    at org.codehaus.plexus.classworlds.launcher.Launcher.mainWithExitCode (Launcher.java:406)
    at org.codehaus.plexus.classworlds.launcher.Launcher.main (Launcher.java:347)
Caused by: org.apache.maven.plugins.assembly.io.AssemblyReadException: Error locating assembly descriptor: src/assembly/src.xml

[1] [INFO] Searching for file location: /tmp/tmpxmt1mam1/commons-configuration/src/assembly/src.xml

[2] [INFO] File: /tmp/tmpxmt1mam1/commons-configuration/src/assembly/src.xml does not exist.

[3] [INFO] File: /tmp/tmpxmt1mam1/commons-configuration/src/assembly/src.xml does not exist.
    at org.apache.maven.plugins.assembly.io.DefaultAssemblyReader.addAssemblyFromDescriptor (DefaultAssemblyReader.java:294)
    at org.apache.maven.plugins.assembly.io.DefaultAssemblyReader.readAssemblies (DefaultAssemblyReader.java:116)
    at org.apache.maven.plugins.assembly.mojos.AbstractAssemblyMojo.execute (AbstractAssemblyMojo.java:450)
    at org.apache.maven.plugins.assembly.mojos.SingleAssemblyMojo.execute (SingleAssemblyMojo.java:61)
    at org.apache.maven.plugin.DefaultBuildPluginManager.executeMojo (DefaultBuildPluginManager.java:137)
    at org.apache.maven.lifecycle.internal.MojoExecutor.execute (MojoExecutor.java:210)
    at org.apache.maven.lifecycle.internal.MojoExecutor.execute (MojoExecutor.java:156)
    at org.apache.maven.lifecycle.internal.MojoExecutor.execute (MojoExecutor.java:148)
    at org.apache.maven.lifecycle.internal.LifecycleModuleBuilder.buildProject (LifecycleModuleBuilder.java:117)
    at org.apache.maven.lifecycle.internal.LifecycleModuleBuilder.buildProject (LifecycleModuleBuilder.java:81)
    at org.apache.maven.lifecycle.internal.builder.singlethreaded.SingleThreadedBuilder.build (SingleThreadedBuilder.java:56)
    at org.apache.maven.lifecycle.internal.LifecycleStarter.execute (LifecycleStarter.java:128)
    at org.apache.maven.DefaultMaven.doExecute (DefaultMaven.java:305)
    at org.apache.maven.DefaultMaven.doExecute (DefaultMaven.java:192)
    at org.apache.maven.DefaultMaven.execute (DefaultMaven.java:105)
    at org.apache.maven.cli.MavenCli.execute (MavenCli.java:957)
    at org.apache.maven.cli.MavenCli.doMain (MavenCli.java:289)
    at org.apache.maven.cli.MavenCli.main (MavenCli.java:193)
    at sun.reflect.NativeMethodAccessorImpl.invoke0 (Native Method)
    at sun.reflect.NativeMethodAccessorImpl.invoke (NativeMethodAccessorImpl.java:62)
    at sun.reflect.DelegatingMethodAccessorImpl.invoke (DelegatingMethodAccessorImpl.java:43)
    at java.lang.reflect.Method.invoke (Method.java:498)
    at org.codehaus.plexus.classworlds.launcher.Launcher.launchEnhanced (Launcher.java:282)
    at org.codehaus.plexus.classworlds.launcher.Launcher.launch (Launcher.java:225)
    at org.codehaus.plexus.classworlds.launcher.Launcher.mainWithExitCode (Launcher.java:406)
    at org.codehaus.plexus.classworlds.launcher.Launcher.main (Launcher.java:347)
[ERROR] 
[ERROR] Re-run Maven using the -X switch to enable full debug logging.
[ERROR] 
[ERROR] For more information about the errors and possible solutions, please read the following articles:
[ERROR] [Help 1] http://cwiki.apache.org/confluence/display/MAVEN/MojoExecutionException
[INFO] Build failures were ignored.
