[INFO] Error stacktraces are turned on.
[INFO] Scanning for projects...
[INFO] Inspecting build with total of 1 modules...
[INFO] Installing Nexus Staging features:
[INFO]   ... total of 1 executions of maven-deploy-plugin replaced with nexus-staging-maven-plugin
[INFO] 
[INFO] -----------------< com.github.kokorin.jdbunit:jdbunit >-----------------
[INFO] Building jdbUnit 1.1.1
[INFO] --------------------------------[ jar ]---------------------------------
[INFO] 
[INFO] --- jacoco-maven-plugin:0.8.5:prepare-agent (default) @ jdbunit ---
[INFO] argLine set to -javaagent:/home/jdbl/.m2/repository/org/jacoco/org.jacoco.agent/0.8.5/org.jacoco.agent-0.8.5-runtime.jar=destfile=/tmp/tmpkam9t8w2/jdbUnit/target/jacoco.exec
[INFO] 
[INFO] --- maven-resources-plugin:2.6:resources (default-resources) @ jdbunit ---
[INFO] Using 'UTF-8' encoding to copy filtered resources.
[INFO] skip non existing resourceDirectory /tmp/tmpkam9t8w2/jdbUnit/src/main/resources
[INFO] 
[INFO] --- maven-compiler-plugin:3.5.1:compile (default-compile) @ jdbunit ---
[INFO] Changes detected - recompiling the module!
[INFO] Compiling 17 source files to /tmp/tmpkam9t8w2/jdbUnit/target/classes
[INFO] 
[INFO] --- maven-resources-plugin:2.6:testResources (default-testResources) @ jdbunit ---
[INFO] Using 'UTF-8' encoding to copy filtered resources.
[INFO] Copying 10 resources
[INFO] 
[INFO] --- maven-compiler-plugin:3.5.1:testCompile (default-testCompile) @ jdbunit ---
[INFO] Changes detected - recompiling the module!
[INFO] Compiling 14 source files to /tmp/tmpkam9t8w2/jdbUnit/target/test-classes
[INFO] /tmp/tmpkam9t8w2/jdbUnit/src/test/java/com/github/kokorin/jdbunit/DatabaseTest.java: Some input files use or override a deprecated API.
[INFO] /tmp/tmpkam9t8w2/jdbUnit/src/test/java/com/github/kokorin/jdbunit/DatabaseTest.java: Recompile with -Xlint:deprecation for details.
[INFO] /tmp/tmpkam9t8w2/jdbUnit/src/test/java/com/github/kokorin/jdbunit/operation/InsertTest.java: /tmp/tmpkam9t8w2/jdbUnit/src/test/java/com/github/kokorin/jdbunit/operation/InsertTest.java uses unchecked or unsafe operations.
[INFO] /tmp/tmpkam9t8w2/jdbUnit/src/test/java/com/github/kokorin/jdbunit/operation/InsertTest.java: Recompile with -Xlint:unchecked for details.
[INFO] 
[INFO] --- maven-surefire-plugin:2.19.1:test (default-test) @ jdbunit ---
[INFO] Surefire report directory: /tmp/tmpkam9t8w2/jdbUnit/target/surefire-reports

-------------------------------------------------------
 T E S T S
-------------------------------------------------------
Running com.github.kokorin.jdbunit.JdbUnitAssertTest
Tests run: 9, Failures: 0, Errors: 0, Skipped: 0, Time elapsed: 0.071 sec - in com.github.kokorin.jdbunit.JdbUnitAssertTest
Running com.github.kokorin.jdbunit.table.RowTest
Tests run: 2, Failures: 0, Errors: 0, Skipped: 0, Time elapsed: 0 sec - in com.github.kokorin.jdbunit.table.RowTest
Running com.github.kokorin.jdbunit.table.TableTest
Tests run: 8, Failures: 0, Errors: 0, Skipped: 0, Time elapsed: 0 sec - in com.github.kokorin.jdbunit.table.TableTest
Running com.github.kokorin.jdbunit.table.ColumnTest
Tests run: 3, Failures: 0, Errors: 0, Skipped: 0, Time elapsed: 0 sec - in com.github.kokorin.jdbunit.table.ColumnTest
Running com.github.kokorin.jdbunit.TableParserTest
Tests run: 11, Failures: 0, Errors: 0, Skipped: 0, Time elapsed: 0.023 sec - in com.github.kokorin.jdbunit.TableParserTest
Running com.github.kokorin.jdbunit.operation.VerifyTest
Tests run: 3, Failures: 0, Errors: 0, Skipped: 0, Time elapsed: 0.003 sec - in com.github.kokorin.jdbunit.operation.VerifyTest
Running com.github.kokorin.jdbunit.operation.DeleteTest
Tests run: 3, Failures: 0, Errors: 0, Skipped: 0, Time elapsed: 0.217 sec - in com.github.kokorin.jdbunit.operation.DeleteTest
Running com.github.kokorin.jdbunit.operation.InsertTest
Tests run: 6, Failures: 0, Errors: 0, Skipped: 0, Time elapsed: 0.067 sec - in com.github.kokorin.jdbunit.operation.InsertTest

Results :

Tests run: 45, Failures: 0, Errors: 0, Skipped: 0

[INFO] 
[INFO] --- jacoco-maven-plugin:0.8.5:report (report) @ jdbunit ---
[INFO] Loading execution data file /tmp/tmpkam9t8w2/jdbUnit/target/jacoco.exec
[INFO] Analyzed bundle 'jdbUnit' with 110 classes
[INFO] ------------------------------------------------------------------------
[INFO] BUILD SUCCESS
[INFO] ------------------------------------------------------------------------
[INFO] Total time:  19.669 s
[INFO] Finished at: 2020-07-30T17:11:26Z
[INFO] ------------------------------------------------------------------------
