[INFO] Error stacktraces are turned on.
[INFO] Scanning for projects...
[INFO] Inspecting build with total of 1 modules...
[INFO] Installing Nexus Staging features:
[INFO]   ... total of 1 executions of maven-deploy-plugin replaced with nexus-staging-maven-plugin
[INFO] 
[INFO] -----------------------< com.milaboratory:milib >-----------------------
[INFO] Building MiLib 1.14-SNAPSHOT
[INFO] --------------------------------[ jar ]---------------------------------
[INFO] 
[INFO] --- maven-enforcer-plugin:1.2:enforce (enforce-maven) @ milib ---
[INFO] 
[INFO] --- build-helper-maven-plugin:3.1.0:hostname (init-build-properties) @ milib ---
[INFO] 
[INFO] --- buildnumber-maven-plugin:1.4:create (create-buildnumber) @ milib ---
[INFO] ShortRevision tag detected. The value is '7'.
[INFO] Executing: /bin/sh -c cd '/tmp/tmpbsuml83h/milib' && 'git' 'rev-parse' '--verify' '--short=7' 'HEAD'
[INFO] Working directory: /tmp/tmpbsuml83h/milib
[INFO] Storing buildNumber: 4a437ed at timestamp: 1596139827855
[WARNING] Cannot get the branch information from the git repository: 
Detecting the current branch failed: fatal: ref HEAD is not a symbolic ref

[INFO] ShortRevision tag detected. The value is '7'.
[INFO] Executing: /bin/sh -c cd '/tmp/tmpbsuml83h/milib' && 'git' 'rev-parse' '--verify' '--short=7' 'HEAD'
[INFO] Working directory: /tmp/tmpbsuml83h/milib
[INFO] Storing buildScmBranch: UNKNOWN
[INFO] 
[INFO] --- jacoco-maven-plugin:0.8.5:prepare-agent (default) @ milib ---
[INFO] argLine set to -javaagent:/home/jdbl/.m2/repository/org/jacoco/org.jacoco.agent/0.8.5/org.jacoco.agent-0.8.5-runtime.jar=destfile=/tmp/tmpbsuml83h/milib/target/jacoco.exec
[INFO] 
[INFO] --- buildnumber-maven-plugin:1.4:create-metadata (create-metadata) @ milib ---
[INFO] ShortRevision tag detected. The value is '7'.
[INFO] Executing: /bin/sh -c cd '/tmp/tmpbsuml83h/milib' && 'git' 'rev-parse' '--verify' '--short=7' 'HEAD'
[INFO] Working directory: /tmp/tmpbsuml83h/milib
[INFO] 
[INFO] --- maven-resources-plugin:2.6:resources (default-resources) @ milib ---
[INFO] Using 'UTF-8' encoding to copy filtered resources.
[INFO] Copying 9 resources
[INFO] Copying 1 resource
[INFO] 
[INFO] --- maven-compiler-plugin:3.8.1:compile (default-compile) @ milib ---
[INFO] Changes detected - recompiling the module!
[INFO] Compiling 339 source files to /tmp/tmpbsuml83h/milib/target/classes
[INFO] /tmp/tmpbsuml83h/milib/src/main/java/com/milaboratory/core/sequence/AbstractSeq.java: Some input files use unchecked or unsafe operations.
[INFO] /tmp/tmpbsuml83h/milib/src/main/java/com/milaboratory/core/sequence/AbstractSeq.java: Recompile with -Xlint:unchecked for details.
[INFO] 
[INFO] --- maven-resources-plugin:2.6:testResources (default-testResources) @ milib ---
[INFO] Using 'UTF-8' encoding to copy filtered resources.
[INFO] Copying 10 resources
[INFO] 
[INFO] --- maven-compiler-plugin:3.8.1:testCompile (default-testCompile) @ milib ---
[INFO] Changes detected - recompiling the module!
[INFO] Compiling 116 source files to /tmp/tmpbsuml83h/milib/target/test-classes
[INFO] /tmp/tmpbsuml83h/milib/src/test/java/com/milaboratory/core/sequence/TranslationParametersTest.java: Some input files use or override a deprecated API.
[INFO] /tmp/tmpbsuml83h/milib/src/test/java/com/milaboratory/core/sequence/TranslationParametersTest.java: Recompile with -Xlint:deprecation for details.
[INFO] /tmp/tmpbsuml83h/milib/src/test/java/com/milaboratory/test/TestUtil.java: Some input files use unchecked or unsafe operations.
[INFO] /tmp/tmpbsuml83h/milib/src/test/java/com/milaboratory/test/TestUtil.java: Recompile with -Xlint:unchecked for details.
[INFO] 
[INFO] --- maven-surefire-plugin:2.19.1:test (default-test) @ milib ---
[INFO] Surefire report directory: /tmp/tmpbsuml83h/milib/target/surefire-reports

-------------------------------------------------------
 T E S T S
-------------------------------------------------------
Running com.milaboratory.core.RangeTest
1000001
1010100
1000111
1000011

1000010
Tests run: 15, Failures: 0, Errors: 0, Skipped: 0, Time elapsed: 0.88 sec - in com.milaboratory.core.RangeTest
Running com.milaboratory.core.alignment.BandedAffineAlignerTest
0 --------------------- -1
0 ATAAAAAAAAAAACGAGCTAG 20
0 --------------------- -1
0 ATAAAAAAAAAAACGAGCTAG 20
0 atgcggggatgc 11
0 atgcggggatgc 11
0 at-----------cgagctagTTTTTTTTTTT 20
0 atAAAAAAAAAAAcgagctag----------- 20
0 at-----------cgagctagTTTTTTTTTTT 20
0 atAAAAAAAAAAAcgagctag----------- 20
0 atgcGGGGatgc 11
0 atgcTA--atgc 9
0 atgcGGGGatgc----------- 11
0 atgcTA--atgcTTTTTTTTTTT 20
 0 cgtaGGGGcgta 11
11 cgta--ATcgta 20
0 -----------cgtaGGGGcgta 11
0 TTTTTTTTTTTcgtaAT--cgta 20
0 atgcggggat-gTTTTT 15
0 atgcggggatAg----- 11
0 atgcggggat-gTTTTTTT 17
0 atgcggggatAg------- 11
7 g-taggggcgta 17
0 gAtaggggcgta 11

0 TTTTTTTg-taggggcgta 17
0 -------gAtaggggcgta 11
0  0
0  0
Tests run: 14, Failures: 0, Errors: 0, Skipped: 0, Time elapsed: 13.455 sec - in com.milaboratory.core.alignment.BandedAffineAlignerTest
Running com.milaboratory.core.alignment.AlignmentScoringTest
Tests run: 3, Failures: 0, Errors: 0, Skipped: 0, Time elapsed: 0.088 sec - in com.milaboratory.core.alignment.AlignmentScoringTest
Running com.milaboratory.core.alignment.batch.SimpleBatchAlignerTest
4 hits.
Tests run: 1, Failures: 0, Errors: 0, Skipped: 0, Time elapsed: 0.006 sec - in com.milaboratory.core.alignment.batch.SimpleBatchAlignerTest
Running com.milaboratory.core.alignment.AlignmentIteratorTest
0 -ATT-AGACA-- 7
   |||  || |  
0 AATTGGGA-ATT 10
I0AI3GSA3GDC6I8TI8T
Tests run: 1, Failures: 0, Errors: 0, Skipped: 0, Time elapsed: 0 sec - in com.milaboratory.core.alignment.AlignmentIteratorTest
Running com.milaboratory.core.alignment.ScoringMatrixIOTest
Tests run: 2, Failures: 0, Errors: 0, Skipped: 0, Time elapsed: 0.021 sec - in com.milaboratory.core.alignment.ScoringMatrixIOTest
Running com.milaboratory.core.alignment.kaligner2.KAlignerParameters2Test
Tests run: 1, Failures: 0, Errors: 0, Skipped: 0, Time elapsed: 0.048 sec - in com.milaboratory.core.alignment.kaligner2.KAlignerParameters2Test
Running com.milaboratory.core.alignment.kaligner2.KMapper2Test
  ID: 0
  Score: 1767
  Cluster 0:
  Q 27 -> T 15 - -12
  Q 30 -> T 18 - -12
  Q 39 -> T 28 - -11
  Q 42 -> T 31 - -11
  Q 45 -> T 34 - -11
  Q 48 -> T 37 - -11
  Q 51 -> T 40 - -11
  Cluster 1:
  Q 84 -> T 50 - -34
  Q 87 -> T 53 - -34
  Q 90 -> T 56 - -34
  Q 93 -> T 59 - -34
  Q 96 -> T 62 - -34
  Q 99 -> T 65 - -34
  Q 111 -> T 79 - -32
  Q 114 -> T 82 - -32
  Cluster 2:
  Q 150 -> T 92 - -58
  Q 153 -> T 95 - -58
  Q 156 -> T 98 - -58
  Q 159 -> T 101 - -58
  Cluster 3:
  Q 198 -> T 120 - -78
  Q 201 -> T 123 - -78
  Q 204 -> T 126 - -78
  Q 207 -> T 129 - -78
  Q 210 -> T 132 - -78
  Q 216 -> T 139 - -77
  Q 219 -> T 142 - -77
  Q 222 -> T 145 - -77
  Q 234 -> T 156 - -78
  Q 237 -> T 159 - -78
  Q 240 -> T 162 - -78
  Cluster 4:
  Q 246 -> T 178 - -68
  Q 249 -> T 181 - -68
  Q 252 -> T 184 - -68
  Q 255 -> T 187 - -68
  Q 258 -> T 190 - -68
  Q 261 -> T 193 - -68
  Q 262 -> T 194 - -68

  ID: 0
  Score: 1155
  Cluster 0:
  Q 9 -> T 15 - 6
  Q 12 -> T 18 - 6
  Q 15 -> T 21 - 6
  Q 18 -> T 24 - 6
  Q 21 -> T 27 - 6
  Q 24 -> T 30 - 6
  Q 27 -> T 33 - 6
  Q 30 -> T 36 - 6
  Cluster 1:
  Q 57 -> T 48 - -9
  Q 60 -> T 51 - -9
  Q 69 -> T 61 - -8
  Q 78 -> T 69 - -9
  Q 81 -> T 72 - -9
  Q 84 -> T 75 - -9
  Q 87 -> T 78 - -9
  Cluster 2:
  Q 123 -> T 89 - -34
  Q 126 -> T 92 - -34
  Q 129 -> T 95 - -34
  Q 132 -> T 98 - -34
  Q 150 -> T 116 - -34
  Q 171 -> T 135 - -36
  Q 174 -> T 138 - -36
  Q 177 -> T 141 - -36
  Q 180 -> T 144 - -36
  Q 185 -> T 149 - -36

noHits: 267
noHits2: 0
noHits3: 0
wrongTopHit: 42
wrongTopHitS: 34
noCorrectHitInList: 22




Timings:
DescriptiveStatistics:
n: 100000
min: 11253.0
max: 1.34660155E9
mean: 142795.8781300065
std dev: 4559439.5139219565
median: 101797.5
skewness: 263.3640061456263
kurtosis: 76366.05152375804





Clusters basicSize
DescriptiveStatistics:
n: 99691
min: 1.0
max: 7.0
mean: 2.8495049703584074
std dev: 1.099982778617156
median: 3.0
skewness: 0.3130532746437055
kurtosis: -0.6649110849386859





Top Delta
DescriptiveStatistics:
n: 99711
min: -20.0
max: 0.0
mean: -0.001544463499513736
std dev: 0.15094268527983873
median: 0.0
skewness: -106.70043802003416
kurtosis: 12066.667129645793

Tests run: 6, Failures: 0, Errors: 0, Skipped: 0, Time elapsed: 22.488 sec - in com.milaboratory.core.alignment.kaligner2.KMapper2Test
Running com.milaboratory.core.alignment.kaligner2.OffsetPacksAccumulatorTest
Tests run: 14, Failures: 0, Errors: 0, Skipped: 1, Time elapsed: 0.021 sec - in com.milaboratory.core.alignment.kaligner2.OffsetPacksAccumulatorTest
Running com.milaboratory.core.alignment.kaligner2.KAligner2Test
4962
52
 0 TGATGCTTTTGATATCTGGGGCCAAGGGACAATGGTCACCGTCTCTTCAGGA 51
   ||||||||||||||||||||||||||||||||||||||||||||||||||| 
55 TGATGCTTTTGATATCTGGGGCCAAGGGACAATGGTCACCGTCTCTTCAGGG 106
[S51:A->G]
(0->52)
(55->107)
Time per query: 499.41us
Processed queries: 83
Bad percent: 0.0
False positive percent: 0.5406771096513391
Scoring error percent: 1.2048192771084338
Tests run: 9, Failures: 0, Errors: 0, Skipped: 1, Time elapsed: 22.557 sec - in com.milaboratory.core.alignment.kaligner2.KAligner2Test
Running com.milaboratory.core.alignment.AlignmentHelperTest
    0 GAGGTGCAGCTGGTGGAGTCTGGGGGAGGC 29
      ||||||||||||||||||||||||||||||
    0 GAGGTGCAGCTGGTGGAGTCTGGGGGAGGC 29

   30 TTGGT-ACAGCCTGGGGGGTCCCTGAGACT 58
       |||| | |||||||||||||| |||||| 
   30 CTGGTCA-AGCCTGGGGGGTCCATGAGACA 58

   59 CTCCTGTGCAGCCTCTGGATTCACCTTCAG 88
      |||||||||||||||||||||| |||||||
   59 CTCCTGTGCAGCCTCTGGATTCCCCTTCAG 88

   89 TAGC-TATAGCATGAACTGGGTCCGCCAGG 117
      || | |||||||||||||||||||||||||
   89 TA-CTTATAGCATGAACTGGGTCCGCCAGG 117

  118 CTCCAGGGAAGGGGCTGGAGTGGGTTTCAT 147
      ||||||||||||||||||||||||| ||||
  118 CTCCAGGGAAGGGGCTGGAGTGGGTCTCAT 147

  148 ACATTAGTAGTAGTAGTAG-TACCATATAC 176
       |||||||||| ||||||| || |||||| 
  148 CCATTAGTAGTGGTAGTAGTTA-CATATAT 176

  177 TACGCAGACTCTGTGAAGGGCCGATTCACC 206
      ||||||||||| ||||||||||||||||||
  177 TACGCAGACTCCGTGAAGGGCCGATTCACC 206

  207 ATCTCCAGAGACAATGCCAAGAACTCACTG 236
      |||||||||||||| |||||||||||||||
  207 ATCTCCAGAGACAACGCCAAGAACTCACTG 236

  237 TATCTGCAAATGAACAGCCTGAGAGACGAG 266
      ||||||||||||||||||||||||| ||||
  237 TATCTGCAAATGAACAGCCTGAGAGCCGAG 266

  267 GACACGGCTGTGTATTACTGTGC 289
      |||||||||||||||||||||||
  267 GACACGGCTGTGTATTACTGTGC 289

Tests run: 1, Failures: 0, Errors: 0, Skipped: 0, Time elapsed: 0.035 sec - in com.milaboratory.core.alignment.AlignmentHelperTest
Running com.milaboratory.core.alignment.AlignmentTest
8 AGACACAGATACA 20
  ||||||| |||||
0 AGACACATATACA 12
0 AGACACATATACA 12
  ||||||| |||||
8 AGACACAGATACA 20

0 GATACATTAGACACAGATACA--- 20
          ||||||| |||||   
0 --------AGACACATATACACAG 15
0 --------AGACACATATACACAG 15
          ||||||| |||||   
0 GATACATTAGACACAGATACA--- 20

0 GATACATTAGA---CACAGATACA 20
  |||||||||||   ||||||||||
5 GATACATTAGAGACCACAGATACA 28
5 GATACATTAGAGACCACAGATACA 28
  |||||||||||   ||||||||||
0 GATACATTAGA---CACAGATACA 20

0 GATAC-----ATTAGA---CACAGATACA 20
  |||||     ||||||   ||||||||||
0 GATACGATACATTAGAGACCACAGATACA 28
0 GATACGATACATTAGAGACCACAGATACA 28
  |||||     ||||||   ||||||||||
0 GATAC-----ATTAGA---CACAGATACA 20

Tests run: 6, Failures: 0, Errors: 0, Skipped: 0, Time elapsed: 0.096 sec - in com.milaboratory.core.alignment.AlignmentTest
Running com.milaboratory.core.alignment.BLASTMatrixTest
Tests run: 2, Failures: 0, Errors: 0, Skipped: 0, Time elapsed: 0.01 sec - in com.milaboratory.core.alignment.BLASTMatrixTest
Running com.milaboratory.core.alignment.AlignmentUtilsTest
Tests run: 2, Failures: 0, Errors: 0, Skipped: 0, Time elapsed: 0.003 sec - in com.milaboratory.core.alignment.AlignmentUtilsTest
Running com.milaboratory.core.alignment.SubstitutionMatrixTest
Tests run: 1, Failures: 0, Errors: 0, Skipped: 0, Time elapsed: 0 sec - in com.milaboratory.core.alignment.SubstitutionMatrixTest
Running com.milaboratory.core.alignment.BandedMatrixTest
Tests run: 4, Failures: 0, Errors: 0, Skipped: 0, Time elapsed: 0 sec - in com.milaboratory.core.alignment.BandedMatrixTest
Running com.milaboratory.core.alignment.kaligner1.KAlignerParametersTest
8 AGACACAGATACA 20
  ||||||| |||||
0 AGACACATATACA 12
0 AGACACATATACA 12
  ||||||| |||||
8 AGACACAGATACA 20

0 GATACATTAGACACAGATACA--- 20
          ||||||| |||||   
0 --------AGACACATATACACAG 15
0 --------AGACACATATACACAG 15
          ||||||| |||||   
0 GATACATTAGACACAGATACA--- 20

0 GATACATTAGA---CACAGATACA 20
  |||||||||||   ||||||||||
5 GATACATTAGAGACCACAGATACA 28
5 GATACATTAGAGACCACAGATACA 28
  |||||||||||   ||||||||||
0 GATACATTAGA---CACAGATACA 20

0 GATAC-----ATTAGA---CACAGATACA 20
  |||||     ||||||   ||||||||||
0 GATACGATACATTAGAGACCACAGATACA 28
0 GATACGATACATTAGAGACCACAGATACA 28
  |||||     ||||||   ||||||||||
0 GATAC-----ATTAGA---CACAGATACA 20

Tests run: 6, Failures: 0, Errors: 0, Skipped: 0, Time elapsed: 0.12 sec - in com.milaboratory.core.alignment.kaligner1.KAlignerParametersTest
Running com.milaboratory.core.alignment.kaligner1.KAlignerTest
C=1176;I=0;M=0;ScE=0;R=0.0 AlignmentTime = 247.42us
C=1642;I=1;M=0;ScE=0;R=0.0 AlignmentTime = 238.63us
C=2046;I=0;M=0;ScE=0;R=0.0 AlignmentTime = 172.60us
C=2142;I=0;M=0;ScE=0;R=8.333333333333333E-7 AlignmentTime = 185.04us
##teamcity[buildStatisticValue key='kmFound' value='0.9449']
##teamcity[buildStatisticValue key='kmWrong' value='1.0E-4']
##teamcity[buildStatisticValue key='kmFalse' value='0.0058']
C=3000;I=0;M=0;ScE=0;R=0.0 AlignmentTime = 7.36ms
C=2997;I=0;M=0;ScE=0;R=0.0 AlignmentTime = 6.30ms
C=3000;I=0;M=0;ScE=0;R=0.0 AlignmentTime = 6.57ms
C=2998;I=0;M=0;ScE=0;R=0.0 AlignmentTime = 7.11ms
8 AGACACAGATACA 20
  ||||||| |||||
0 AGACACATATACA 12
0 AGACACATATACA 12
  ||||||| |||||
8 AGACACAGATACA 20

0 GATACATTAGACACAGATACA--- 20
          ||||||| |||||   
0 --------AGACACATATACACAG 15
0 --------AGACACATATACACAG 15
          ||||||| |||||   
0 GATACATTAGACACAGATACA--- 20

0 GATACATTAGA---CACAGATACA 20
  |||||||||||   ||||||||||
5 GATACATTAGAGACCACAGATACA 28
5 GATACATTAGAGACCACAGATACA 28
  |||||||||||   ||||||||||
0 GATACATTAGA---CACAGATACA 20

0 GATAC-----ATTAGA---CACAGATACA 20
  |||||     ||||||   ||||||||||
0 GATACGATACATTAGAGACCACAGATACA 28
0 GATACGATACATTAGAGACCACAGATACA 28
  |||||     ||||||   ||||||||||
0 GATAC-----ATTAGA---CACAGATACA 20

Tests run: 14, Failures: 0, Errors: 0, Skipped: 0, Time elapsed: 20.458 sec - in com.milaboratory.core.alignment.kaligner1.KAlignerTest
Running com.milaboratory.core.alignment.kaligner1.KMapperTest
-205
8 AGACACAGATACA 20
  ||||||| |||||
0 AGACACATATACA 12
0 AGACACATATACA 12
  ||||||| |||||
8 AGACACAGATACA 20

0 GATACATTAGACACAGATACA--- 20
          ||||||| |||||   
0 --------AGACACATATACACAG 15
0 --------AGACACATATACACAG 15
          ||||||| |||||   
0 GATACATTAGACACAGATACA--- 20

0 GATACATTAGA---CACAGATACA 20
  |||||||||||   ||||||||||
5 GATACATTAGAGACCACAGATACA 28
5 GATACATTAGAGACCACAGATACA 28
  |||||||||||   ||||||||||
0 GATACATTAGA---CACAGATACA 20

0 GATAC-----ATTAGA---CACAGATACA 20
  |||||     ||||||   ||||||||||
0 GATACGATACATTAGAGACCACAGATACA 28
0 GATACGATACATTAGAGACCACAGATACA 28
  |||||     ||||||   ||||||||||
0 GATAC-----ATTAGA---CACAGATACA 20

Tests run: 9, Failures: 0, Errors: 0, Skipped: 0, Time elapsed: 0.135 sec - in com.milaboratory.core.alignment.kaligner1.KMapperTest
Running com.milaboratory.core.alignment.AlignerCustomTest
29.0
2 c----cccTTgaa---tgTtaGTa-----taacta--tct 27
0 cAGTTccc--gaaACCtgCta--aGCTCTtaactaCTtct 35
29.0
2 c----cccTTgaa---tgTtaGTa-----taacta--tct 27
0 cAGTTccc--gaaACCtgCta--aGCTCTtaactaCTtct 35
Tests run: 3, Failures: 0, Errors: 0, Skipped: 0, Time elapsed: 3.442 sec - in com.milaboratory.core.alignment.AlignerCustomTest
Running com.milaboratory.core.alignment.MultiAlignmentHelperTest
8 AGACACAGATACA 20
  ||||||| |||||
0 AGACACATATACA 12

0 GATACATTAGACACAGATACA--- 20
          ||||||| |||||   
0 --------AGACACATATACACAG 15

0 GATACATTAGA---CACAGATACA 20
  |||||||||||   ||||||||||
5 GATACATTAGAGACCACAGATACA 28

0 GATAC-----ATTAGA---CACAGATACA 20
  |||||     ||||||   ||||||||||
0 GATACGATACATTAGAGACCACAGATACA 28

Quality   78778     878777   7778887878      
Subject 0 GATAC-----ATTAGA---CACAGATACA--- 20 
 Query0 0              aga---cacaTataca    12
 Query1 0 -------------aga---cacaTatacaCAG 15
 Query2 5 gatac-----attagaGACcacagataca    28
 Query3 0 gatacGATACattagaGACcacagataca    28

Quality   78778  
Subject 0 GATAC 4 
 Query1 0 ----- 0
 Query2 5 gatac 9
 Query3 0 gatac 4

Quality            
Subject  5 ----- 5  
 Query1  0 ----- 0 
 Query2 10 ----- 10
 Query3  5 GATAC 9 

Quality    87877   
Subject  5 ATTAG 9  
 Query0  0    ag 1 
 Query1  0 ---ag 1 
 Query2 10 attag 14
 Query3 10 attag 14

Quality    7   7   
Subject 10 A---C 11 
 Query0  2 a---c 3 
 Query1  2 a---c 3 
 Query2 15 aGACc 19
 Query3 15 aGACc 19

Quality    77888   
Subject 12 ACAGA 16 
 Query0  4 acaTa 8 
 Query1  4 acaTa 8 
 Query2 20 acaga 24
 Query3 20 acaga 24

Quality    7878    
Subject 17 TACA- 20 
 Query0  9 taca  12
 Query1  9 tacaC 13
 Query2 25 taca  28
 Query3 25 taca  28

Quality         
Subject 21 -- 21 
 Query1 14 AG 15

 0 GATAC-----ATTAGA---CACAGATACA--- 20 
 0              ...---....T.....    12
 0 -------------...---....T.....CAG 15
 5 .....-----......GAC..........    28
 0 .....GATAC......GAC..........    28

   787788787777778887878   
 0 GATACATTAGACACAGATACA 20 
Tests run: 1, Failures: 0, Errors: 0, Skipped: 0, Time elapsed: 0.007 sec - in com.milaboratory.core.alignment.MultiAlignmentHelperTest
Running com.milaboratory.core.alignment.BandedAlignerTest
Tests run: 1, Failures: 0, Errors: 0, Skipped: 0, Time elapsed: 2.986 sec - in com.milaboratory.core.alignment.BandedAlignerTest
Running com.milaboratory.core.alignment.AlignmentTrimmerTest
lTrimmed = 1823
rTrimmed = 1703
lTrimmed = 2798
rTrimmed = 2780
Tests run: 1, Failures: 0, Errors: 0, Skipped: 0, Time elapsed: 0.356 sec - in com.milaboratory.core.alignment.AlignmentTrimmerTest
Running com.milaboratory.core.alignment.AlignerTest
2.19us
2.38us
2.52us
Tests run: 28, Failures: 0, Errors: 0, Skipped: 0, Time elapsed: 11.653 sec - in com.milaboratory.core.alignment.AlignerTest
Running com.milaboratory.core.alignment.blast.BlastAlignerParametersTest
Tests run: 1, Failures: 0, Errors: 0, Skipped: 0, Time elapsed: 0 sec - in com.milaboratory.core.alignment.blast.BlastAlignerParametersTest
Running com.milaboratory.core.alignment.blast.BlastAlignerTest
Tests run: 4, Failures: 0, Errors: 0, Skipped: 4, Time elapsed: 0.012 sec - in com.milaboratory.core.alignment.blast.BlastAlignerTest
Running com.milaboratory.core.alignment.blast.BlastDBBuilderTest
Tests run: 1, Failures: 0, Errors: 0, Skipped: 1, Time elapsed: 0 sec - in com.milaboratory.core.alignment.blast.BlastDBBuilderTest
Running com.milaboratory.core.alignment.blast.BlastAlignerExtTest
Tests run: 2, Failures: 0, Errors: 0, Skipped: 2, Time elapsed: 0 sec - in com.milaboratory.core.alignment.blast.BlastAlignerExtTest
Running com.milaboratory.core.alignment.BandedLinearAlignerTest
Tests run: 17, Failures: 0, Errors: 0, Skipped: 0, Time elapsed: 0.101 sec - in com.milaboratory.core.alignment.BandedLinearAlignerTest
Running com.milaboratory.core.motif.BitapPatternTest
 0 ATTWCCGACA 9
   |||   ||||
20 ATTT--GACA 27
[S3:W->T,D4:C,D5:C]
24
-26
Tests run: 13, Failures: 0, Errors: 0, Skipped: 0, Time elapsed: 0.149 sec - in com.milaboratory.core.motif.BitapPatternTest
Running com.milaboratory.core.motif.MotifTest
Tests run: 5, Failures: 0, Errors: 0, Skipped: 0, Time elapsed: 0.005 sec - in com.milaboratory.core.motif.MotifTest
Running com.milaboratory.core.motif.MotifUtilsTest
Tests run: 1, Failures: 0, Errors: 0, Skipped: 0, Time elapsed: 0.02 sec - in com.milaboratory.core.motif.MotifUtilsTest
Running com.milaboratory.core.clustering.ClusteringTest
Tests run: 3, Failures: 0, Errors: 0, Skipped: 0, Time elapsed: 6.578 sec - in com.milaboratory.core.clustering.ClusteringTest
Running com.milaboratory.core.io.util.FileIndexTest
Tests run: 1, Failures: 0, Errors: 0, Skipped: 0, Time elapsed: 0.142 sec - in com.milaboratory.core.io.util.FileIndexTest
Running com.milaboratory.core.io.util.AbstractRandomAccessReaderTest
Tests run: 3, Failures: 0, Errors: 0, Skipped: 0, Time elapsed: 0.641 sec - in com.milaboratory.core.io.util.AbstractRandomAccessReaderTest
Running com.milaboratory.core.io.util.IOUtilTest
3
3
-2147483648
-9223372036854775808
Tests run: 5, Failures: 0, Errors: 0, Skipped: 0, Time elapsed: 0.013 sec - in com.milaboratory.core.io.util.IOUtilTest
Running com.milaboratory.core.io.sequence.fasta.FastaWriterTest
Tests run: 1, Failures: 0, Errors: 0, Skipped: 0, Time elapsed: 0.035 sec - in com.milaboratory.core.io.sequence.fasta.FastaWriterTest
Running com.milaboratory.core.io.sequence.fasta.RandomAccessFastaReaderTest
Indexing some_fasta.fasta: 0%
Indexing some_fasta.fasta: done
Indexing milib_c6af91d8a578f71ec768e64b37660baacb6a388a1583746031260627436.tmp: 0%
Indexing milib_c6af91d8a578f71ec768e64b37660baacb6a388a1583746031260627436.tmp: done
Tests run: 2, Failures: 0, Errors: 0, Skipped: 0, Time elapsed: 1.523 sec - in com.milaboratory.core.io.sequence.fasta.RandomAccessFastaReaderTest
Running com.milaboratory.core.io.sequence.fasta.RandomAccessFastaIndexTest
Tests run: 6, Failures: 0, Errors: 0, Skipped: 0, Time elapsed: 0.004 sec - in com.milaboratory.core.io.sequence.fasta.RandomAccessFastaIndexTest
Running com.milaboratory.core.io.sequence.fastq.SingleFastqWriterTest
Tests run: 2, Failures: 0, Errors: 0, Skipped: 0, Time elapsed: 0.014 sec - in com.milaboratory.core.io.sequence.fastq.SingleFastqWriterTest
Running com.milaboratory.core.io.sequence.fastq.SingleFastqReaderTest
Tests run: 5, Failures: 0, Errors: 0, Skipped: 0, Time elapsed: 1.399 sec - in com.milaboratory.core.io.sequence.fastq.SingleFastqReaderTest
Running com.milaboratory.core.io.sequence.fastq.RandomAccessFastqReaderTest
Tests run: 4, Failures: 0, Errors: 0, Skipped: 0, Time elapsed: 0.053 sec - in com.milaboratory.core.io.sequence.fastq.RandomAccessFastqReaderTest
Running com.milaboratory.core.io.sequence.IOTest
Tests run: 2, Failures: 0, Errors: 0, Skipped: 0, Time elapsed: 0.016 sec - in com.milaboratory.core.io.sequence.IOTest
Running com.milaboratory.core.sequence.AminoAcidSequenceTest
3
FromCenter
2
3
4
5
6
7
8
9
10
11
12
13
14
15
16
17
18
19
FromLeftWithoutIncompleteCodon
2
3
4
5
6
7
8
9
10
11
12
13
14
15
16
17
18
19
FromLeftWithIncompleteCodon
2
3
4
5
6
7
8
9
10
11
12
13
14
15
16
17
18
19
FromRightWithoutIncompleteCodon
2
3
4
5
6
7
8
9
10
11
12
13
14
15
16
17
18
19
FromRightWithIncompleteCodon
2
3
4
5
6
7
8
9
10
11
12
13
14
15
16
17
18
19
Tests run: 14, Failures: 0, Errors: 0, Skipped: 0, Time elapsed: 0.01 sec - in com.milaboratory.core.sequence.AminoAcidSequenceTest
Running com.milaboratory.core.sequence.GeneticCodeTest
Tests run: 2, Failures: 0, Errors: 0, Skipped: 1, Time elapsed: 0 sec - in com.milaboratory.core.sequence.GeneticCodeTest
Running com.milaboratory.core.sequence.TranslationParametersTest
Tests run: 1, Failures: 0, Errors: 0, Skipped: 0, Time elapsed: 0.001 sec - in com.milaboratory.core.sequence.TranslationParametersTest
Running com.milaboratory.core.sequence.quality.QualityTrimmerTest
{
  "averageQualityThreshold": 7.0,
  "windowSize": 6
}
Tests run: 22, Failures: 0, Errors: 0, Skipped: 0, Time elapsed: 0.008 sec - in com.milaboratory.core.sequence.quality.QualityTrimmerTest
Running com.milaboratory.core.sequence.quality.QualityAggregatorTest
41
598
2443
Tests run: 4, Failures: 0, Errors: 0, Skipped: 0, Time elapsed: 3.319 sec - in com.milaboratory.core.sequence.quality.QualityAggregatorTest
Running com.milaboratory.core.sequence.NSequenceWithQualityTest
Tests run: 2, Failures: 0, Errors: 0, Skipped: 0, Time elapsed: 0.008 sec - in com.milaboratory.core.sequence.NSequenceWithQualityTest
Running com.milaboratory.core.sequence.AminoAcidAlphabetTest
Tests run: 2, Failures: 0, Errors: 0, Skipped: 1, Time elapsed: 0 sec - in com.milaboratory.core.sequence.AminoAcidAlphabetTest
Running com.milaboratory.core.sequence.NucleotideSequencesTest
Tests run: 9, Failures: 0, Errors: 0, Skipped: 0, Time elapsed: 0.002 sec - in com.milaboratory.core.sequence.NucleotideSequencesTest
Running com.milaboratory.core.sequence.SequenceQualityBuilderTest
Tests run: 3, Failures: 0, Errors: 0, Skipped: 0, Time elapsed: 0 sec - in com.milaboratory.core.sequence.SequenceQualityBuilderTest
Running com.milaboratory.core.sequence.SequenceQualityTest
Tests run: 1, Failures: 0, Errors: 0, Skipped: 0, Time elapsed: 0.001 sec - in com.milaboratory.core.sequence.SequenceQualityTest
Running com.milaboratory.core.sequence.AlphabetSerializerTest
Tests run: 2, Failures: 0, Errors: 0, Skipped: 0, Time elapsed: 0.001 sec - in com.milaboratory.core.sequence.AlphabetSerializerTest
Running com.milaboratory.core.sequence.provider.SequenceProviderUtilsTest
Tests run: 1, Failures: 0, Errors: 0, Skipped: 0, Time elapsed: 0.001 sec - in com.milaboratory.core.sequence.provider.SequenceProviderUtilsTest
Running com.milaboratory.core.sequence.provider.CachedSequenceProviderTest
Tests run: 3, Failures: 0, Errors: 0, Skipped: 0, Time elapsed: 1.583 sec - in com.milaboratory.core.sequence.provider.CachedSequenceProviderTest
Running com.milaboratory.core.sequence.NucleotideSequenceSerializerTest
Tests run: 3, Failures: 0, Errors: 0, Skipped: 0, Time elapsed: 0 sec - in com.milaboratory.core.sequence.NucleotideSequenceSerializerTest
Running com.milaboratory.core.sequence.WildcardTest
Tests run: 2, Failures: 0, Errors: 0, Skipped: 0, Time elapsed: 0 sec - in com.milaboratory.core.sequence.WildcardTest
Running com.milaboratory.core.sequence.SequencesUtilsTest
Tests run: 7, Failures: 0, Errors: 0, Skipped: 0, Time elapsed: 0 sec - in com.milaboratory.core.sequence.SequencesUtilsTest
Running com.milaboratory.core.sequence.NucleotideAlphabetTest
Tests run: 4, Failures: 0, Errors: 0, Skipped: 1, Time elapsed: 0 sec - in com.milaboratory.core.sequence.NucleotideAlphabetTest
Running com.milaboratory.core.tree.SequenceTreeMapTest
Hit 1
0 ac-gacTtgactg 11
0 acTgac-tgactg 11

Hit 2
0 ac-gactTgactg 11
0 acTgact-gactg 11

--NW  alignments--
CASSLAPGATN-KLFF
CASS-APGATNEKLFF

CASSLAPGATN-KLFF
CASSLAPG-TNEKLFF

CASSLAPGATN-KLfF
CASSLAPG-TNEKLyF

--STM alignments--
CASSLAPGATN-KLFF
CASS-APGATNEKLFF

CASSLAPGATN-KLFF
CASSLAPG-TNEKLFF

CASSlAPGATN-KLFF
CASSa-PGATNEKLFF

CASSLAPGaTN-KLFF
CASSLAPGt-NEKLFF

CASSlAPGATN-KLFF
CA-SsAPGATNEKLFF

CASSlAPGATN-KLFF
CAS-sAPGATNEKLFF

CASSLAPGATNk-LFF
CASS-APGATNeKLFF

CASSLAPGaTN-KLFF
CASSLAP-gTNEKLFF

CASSLAPGATNk-LFF
CASSLAPG-TNeKLFF

CASSLAPGATN-KLfF
CASSLAPG-TNEKLyF

------------------
Tests run: 22, Failures: 0, Errors: 0, Skipped: 0, Time elapsed: 11.324 sec - in com.milaboratory.core.tree.SequenceTreeMapTest
Running com.milaboratory.core.tree.PenaltyUtilsTest
Tests run: 4, Failures: 0, Errors: 0, Skipped: 0, Time elapsed: 0 sec - in com.milaboratory.core.tree.PenaltyUtilsTest
Running com.milaboratory.core.tree.TreeSearchParametersTest
Tests run: 7, Failures: 0, Errors: 0, Skipped: 0, Time elapsed: 0.012 sec - in com.milaboratory.core.tree.TreeSearchParametersTest
Running com.milaboratory.core.PairedEndReadsLayoutTest
Tests run: 1, Failures: 0, Errors: 0, Skipped: 0, Time elapsed: 0.003 sec - in com.milaboratory.core.PairedEndReadsLayoutTest
Running com.milaboratory.core.merger.MismatchOnlyPairedReadMergerTest
Tests run: 7, Failures: 0, Errors: 0, Skipped: 0, Time elapsed: 0.005 sec - in com.milaboratory.core.merger.MismatchOnlyPairedReadMergerTest
Running com.milaboratory.core.merger.PairedReadMergingResultTest
Tests run: 1, Failures: 0, Errors: 0, Skipped: 0, Time elapsed: 0.004 sec - in com.milaboratory.core.merger.PairedReadMergingResultTest
Running com.milaboratory.core.merger.MergerParametersTest
{
  "qualityMergingAlgorithm": "SumSubtraction",
  "partsLayout": "Collinear",
  "minimalOverlap": 15,
  "maxQuality": 50,
  "minimalIdentity": 0.8,
  "identityType": "Unweighted"
}
Tests run: 3, Failures: 0, Errors: 0, Skipped: 0, Time elapsed: 0.011 sec - in com.milaboratory.core.merger.MergerParametersTest
Running com.milaboratory.core.mutations.generator.SubstitutionModelTest
Tests run: 2, Failures: 0, Errors: 0, Skipped: 0, Time elapsed: 1.103 sec - in com.milaboratory.core.mutations.generator.SubstitutionModelTest
Running com.milaboratory.core.mutations.generator.GenericNucleotideMutationModelTest
Tests run: 1, Failures: 0, Errors: 0, Skipped: 0, Time elapsed: 0.784 sec - in com.milaboratory.core.mutations.generator.GenericNucleotideMutationModelTest
Running com.milaboratory.core.mutations.generator.MutationsGeneratorTest
Tests run: 1, Failures: 0, Errors: 0, Skipped: 0, Time elapsed: 4.23 sec - in com.milaboratory.core.mutations.generator.MutationsGeneratorTest
Running com.milaboratory.core.mutations.generator.UniformMutationsGeneratorTest
Tests run: 1, Failures: 0, Errors: 0, Skipped: 0, Time elapsed: 0.063 sec - in com.milaboratory.core.mutations.generator.UniformMutationsGeneratorTest
Running com.milaboratory.core.mutations.MutationsTest
CGTACTGCGCCTACCGTGCTGAACATGTGACCCCAATCATATCTCGTAAGCGGGATAGGCGACCTTGGTAGGGCCTTGCGTCTCCAATTAGCCCCGCCTTTAAGTCTACGGCATCTCGTCCACCGCCCCGTGTGGGTGTTAAACTAGTGGCGCTATGCTCGCGAAGGCTCCTACGGCGGGTCTTTTCAGAAGTTCCGGGGATCCTCGATAGCGGGTTTGGGTCCTGCCACTACGTCGTGGGCGGTATTGCAATCTGGTTGTAAGGCTGCACGCCCGATGTTTGCGAGCCCTTCTCTCGAGGCACCATTGTACTCCTCCGTTGTCTAACTCTCGAGGCTGGATAGCTAGCCATCTCGCGCAAACATTTGTCCTGTAGCTTCATATCGTAATTCGTTCTTGCCTAGCACCCGCAGGACGACAGGCTTAGAGTTACGCATTAATGATTAAGTCATGAGCAGGTACACCTACCGGTATGAAGTCCGCCACGACCCGAAGT
CGTACTGCGCCTATCCGGCTGAACATGTGACCCAATCAATCTCGGAAGCGTGATAGGCGACCCTTGGTAGGGCTTGCGTCTCCAATTAGCCCCGCTTTTAAGTCTACGGCATCTCGTCCACCGTCCCGTGTGGGTGTAAACTAGTGGGCGCTATGCTGCAAGCGCTCCTACCGCGGGTTTTCAAAGCTCCGGGGATCTTTGATAGTGGGTTTGGGTCCTGCACTACGTCGTGGGCGGTATCGCAATCTGGTTGTAAGGGCTGCACCCCGATGTTTCGAGCCCCTTCTCTGAGGCACCATTGTACTCCTCCGTTGTCTAACTCTCGAGGCTGGATAGCTAGCTATCTCGCACAAACATTTGTCTTAGCTGTCATATCGTATATTCGTTCTGCCTAGCACCGCAGACGACAAGGCTTTGAGTTTGCGCATTAATGATTAAGTCTTGAGCAGGTACACCACCGGTATGAGTCCGCCACGACCCGAAGT
CGTACTGCGCTATCCGGCTGATCTGTGACCTATCAATCTCGGAAGCGTGATTGGCGACCCTTTAGGGCTTGCGTCCAATTAGCCCCGTTTTTAAGTCTACGGCATCTCGTCCCCGTCCGTTTGGGTGTAAATTAGTGGCGCTATGCTGCAAGCTCTCTCACACGCGGGTTTTCAAAGGCTCCGGGGATCTTGATTGGGTTTGGGTCCTTGCACTACGTCGTGGGCGGATCAATTGGTTGTAAGGGCTGCACCCCGATGTTTCGAGCCCTTCTCTGGACCATTGTACTCCTCCGTTGTCTAACTCTCGAGGCTGGTAGCTAGCTATCTCGCACAACATTTGTCTTAGCGTCAACGTATTATTCGTTCTGCCAGCACCGCGGACGACAAGGCTTTGGGTTTGCGCATTAATGATAGAGTCTTGAGCGGTACACCACCGGTATGAGTCCGCGCAACCCGAAGT
0 CGTACTGCG-CTATCCG-GCTGATC-TGTGA--CCTATCA-ATCTCGGAAGCGTGATTGGCGACCCTT--TAGGG-CTTGCG--TCCAATTAGCCCCGTTTTTAAGTCTACGGCATCTCGTCC-CCG-TCCGTTTGGGTG-TAAATTAGTGGCGCTATGCT-GC-AA-GCTCTCTCACACGCGGG--TTTTCA-AAGGCTCCGGGGAT-CTTGAT--TGGGTTTGGGTCCTTG-CACTACGTCGTGGGCGG-A-T-CAAT-TGGTTGTAAGGGCTGCAC-CCCGATGTTT-CGAGCCCTTCTCT---GG-ACCATTGTACTCCTCCGTTGTCTAACTCTCGAGGCTGG-TAGCTAGCTATCTCGCAC-AACATTTGT-CT-TAGCGTCA-A-CGTATTATTCGTTC-TGCC-AGCA-CCGC-GGACGACAAGGCTTTGGGTTTGCGCATTAATGA-TAGAGTCTTGAGC-GGTACACC-ACCGGTATG-AGTCCGCGCA--ACCCGAAGT 459
  ||||||||| ||| ||| ||||| | |||||  || |||| |||||| ||||| ||| ||||| ||||  ||||| ||||||  ||||||||||||||  ||||||||||||||||||||||| |||  |||| |||||| |||| ||||||||||||||| || || |||| || ||  |||||  |||||| || | ||||||||| || |||   |||||||||||| || ||||||||||||||||| | | |||| ||||||||| |||||||| |||||||||| |||||||||||||   || |||||||||||||||||||||||||||||||||||||| |||||||| ||||||| | ||||||||| || |||| ||| | ||||  |||||||| |||| |||| |||| ||||||| |||||| | | || ||||||||||| || |||| ||||| |||||||| ||||||||| ||||||| ||  |||||||||
0 CGTACTGCGCCTA-CCGTGCTGAACATGTGACCCCAATCATATCTCGTAAGCGGGATAGGCGA-CCTTGGTAGGGCCTTGCGTCTCCAATTAGCCCCGCCTTTAAGTCTACGGCATCTCGTCCACCGCCCCGTGTGGGTGTTAAACTAGTGGCGCTATGCTCGCGAAGGCTC-CT-AC-GGCGGGTCTTTTCAGAA-GTTCCGGGGATCCTCGATAGCGGGTTTGGGTCC-TGCCACTACGTCGTGGGCGGTATTGCAATCTGGTTGTAA-GGCTGCACGCCCGATGTTTGCGAGCCCTTCTCTCGAGGCACCATTGTACTCCTCCGTTGTCTAACTCTCGAGGCTGGATAGCTAGCCATCTCGCGCAAACATTTGTCCTGTAGCTTCATATCGTA--ATTCGTTCTTGCCTAGCACCCGCAGGACGAC-AGGCTTAGAG-TTACGCATTAATGATTA-AGTCATGAGCAGGTACACCTACCGGTATGAAGTCCGC-CACGACCCGAAGT 495
[I9:C,D10:C,I30:C,I30:C,D32:C,S33:C->A,D34:A,D62:C,I64:C,I66:G,D67:G,I73:C,D74:C,I80:T,S80:T->C,D81:C,I125:C,D126:C,I165:G,I166:C,S166:G->T,D168:T,S170:C->T,D171:T,I180:T,I180:C,D181:C,D184:T,I188:G,S188:G->A,D190:A,I192:T,D193:T,I209:A,S209:A->G,D210:G,I246:T,I247:G,S247:T->C,D248:G,D249:C,D263:G,I265:G,I287:C,D288:C,I296:C,I296:G,S296:C->A,D298:A,D299:G,I406:C,D407:C,I411:A,S411:A->G,D413:G,D429:T,I431:T,I485:C,S485:C->G,D486:G]
0 CGTACTGCG-CCTACCGTGCTGAACATGTGA--CCCCAATCATATCTCGTAAGCGGGATAGGCGACC-TT-GGTAGGG-CCTTGCG-TCTCCAATTAGCCCCGCCTTTAAGTCTACGGCATCTCGTCCACCG-CCCCGTGTGGGTGTTAAACTAGTGGCGCTATGCTCGCGAA-G-GCTCCTACGGCGGG--TCTTTTCA-GAAG-TTCCGGGGATCCTCGAT-AGCGGGTTTGGGTCCTGCCACTACGTCGTGGGCGGTA-T-TGCAATCTGGTTGTAAGG-CTGCACGCCCGATGTTTGCGAG-CCCTTCTCT--CGAGGCACCATTGTACTCCTCCGTTGTCTAACTCTCGAGGCTGGATAGCTAGCCATCTCGCGCAAACATTTGTCCTGTAGCTTCATATCGTAATTCGTTCTTGCCTAGCA-CCCGC-AGGACGACAGGCTTAGAGTT-ACGCATTAATGATTAAGTCATGAGCAGGTACACCTACCGGTATGAAGTCCGCCA-CGACCCGAAGT 495
  ||||||||| | |||||||||||||||||||  ||   ||||||||||||||||||||||||||| | || | ||||| | |||||   ||||||||||||||||||||||||||||||||||||||||||| | |||||||||||||||||||||||||||||||||||||| |  | |  ||||||||  | || |||  | | | |||||||||||||||   ||||||||||||||||||||||||||||||||||| |    ||||||||||||| | |||||||||||||||||||||| | |||||||   |  |||||||||||||||||||||||||||||||||||||||||||||||||||||||||||||||||||||||||||||||||||||||||||||||||||||||||| | |||  | ||||||||||||||| | ||||||||||||||||||||||||||||||||||||||||||||||||||||||   |||||||||
0 CGTACTGCGCC-TACCGTGCTGAACATGTGACCCC-A-ATCATATCTCGTAAGCGGGATAGGCGA-CCTTGG-TAGGGCC-TTGCGTC-TCCAATTAGCCCCGCCTTTAAGTCTACGGCATCTCGTCCACCGCC-CCGTGTGGGTGTTAAACTAGTGGCGCTATGCTCGCGAAGGCTC-CT-ACGGCGGGTCT-TT-TCAGAA-GTT-CCGGGGATCCTCGATAG-CGGGTTTGGGTCCTGCCACTACGTCGTGGGCGGTATTGC--AATCTGGTTGTAA-GGCTGCACGCCCGATGTTTGCGAGCC-CTTCTCTCGAG--GCACCATTGTACTCCTCCGTTGTCTAACTCTCGAGGCTGGATAGCTAGCCATCTCGCGCAAACATTTGTCCTGTAGCTTCATATCGTAATTCGTTCTTGCCTAGCACC-CGCAGG-ACGACAGGCTTAGAG-TTACGCATTAATGATTAAGTCATGAGCAGGTACACCTACCGGTATGAAGTCCGCCACG-ACCCGAAGT 495
Tests run: 21, Failures: 0, Errors: 0, Skipped: 0, Time elapsed: 0.034 sec - in com.milaboratory.core.mutations.MutationsTest
Running com.milaboratory.core.mutations.MutationTest
S([\QAGCTNRYSWKMBDHV\E])(\d+)([\QAGCTNRYSWKMBDHV\E])|D([\QAGCTNRYSWKMBDHV\E])(\d+)|I(\d+)([\QAGCTNRYSWKMBDHV\E])
S([\Q*ACDEFGHIKLMNPQRSTVWY_XBJZ\E])(\d+)([\Q*ACDEFGHIKLMNPQRSTVWY_XBJZ\E])|D([\Q*ACDEFGHIKLMNPQRSTVWY_XBJZ\E])(\d+)|I(\d+)([\Q*ACDEFGHIKLMNPQRSTVWY_XBJZ\E])
Tests run: 2, Failures: 0, Errors: 0, Skipped: 0, Time elapsed: 0.001 sec - in com.milaboratory.core.mutations.MutationTest
Running com.milaboratory.core.mutations.MutationsUtilTest
S([\QAGCTNRYSWKMBDHV\E])(\d+)([\QAGCTNRYSWKMBDHV\E])|D([\QAGCTNRYSWKMBDHV\E])(\d+)|I(\d+)([\QAGCTNRYSWKMBDHV\E])
S([\Q*ACDEFGHIKLMNPQRSTVWY_XBJZ\E])(\d+)([\Q*ACDEFGHIKLMNPQRSTVWY_XBJZ\E])|D([\Q*ACDEFGHIKLMNPQRSTVWY_XBJZ\E])(\d+)|I(\d+)([\Q*ACDEFGHIKLMNPQRSTVWY_XBJZ\E])
[I2C::SM0I, I2G::I1A, I2C::I1A, SG2C:SM0I:I1A]
[S0:T->N,D13:V,S14:S->Y,S15:P->R,S16:W->P,S17:Y->G,S18:D->T,S19:P->I,S20:G->P,S21:D->A,S22:K->T,S23:A->K,S24:F->R,S25:G->S,S26:P->D,I27:S]
[-1, -1, 9, 15]
[S58:N->F,S61:Q->E,S63:L->F,S73:T->A,S76:S->T,S86:R->T,S87:S->F,S89:D->G,D90:T,D91:A,S92:V->H,S93:Y->I,S94:Y->L,S95:C->L,S96:A->C,S97:R->E,S98:_->R]
QVQLVQSGAEVKKPGASVKVSCKASGYTFTSYGISWVRQAPGQGLEWMGWISAYNGNTFYAEKFQGRVTMTTDASTTTAYMELRSLTFDGHILLCER
QVQLVQSGAEVKKPGASVKVSCKASGYTFTSYGISWVRQAPGQGLEWMGWISAYNGNTFYAEKFQGRVTMTTDASTTTAYMELRSLTFDGHILLCER
[S58:N->F,S61:Q->E,S63:L->F,S73:T->A,S76:S->T,S86:R->T,S87:S->F,S89:D->G,D90:T,D91:A,S92:V->H,S93:Y->I,S94:Y->L,S95:C->L,S96:A->C,S97:R->E,S98:_->R]
[0, 0, 1, 2, 3, 4, -1, 5, 6, 7, 7, 8, 8, 8, 10, 10, 11, 12]
Tests run: 14, Failures: 0, Errors: 0, Skipped: 0, Time elapsed: 0.664 sec - in com.milaboratory.core.mutations.MutationsUtilTest
Running com.milaboratory.core.mutations.MutationsEnumeratorTest
Tests run: 1, Failures: 0, Errors: 0, Skipped: 0, Time elapsed: 0.081 sec - in com.milaboratory.core.mutations.MutationsEnumeratorTest
Running com.milaboratory.core.mutations.MutationsCounterTest
Tests run: 2, Failures: 0, Errors: 0, Skipped: 0, Time elapsed: 1.056 sec - in com.milaboratory.core.mutations.MutationsCounterTest
Running com.milaboratory.util.AtomicEnumHistogramTest
{"labels":["A","B","C","null"],"hist":[1,2,0,1]}
Tests run: 1, Failures: 0, Errors: 0, Skipped: 0, Time elapsed: 0.009 sec - in com.milaboratory.util.AtomicEnumHistogramTest
Running com.milaboratory.util.LightFileDescriptorTest
Tests run: 3, Failures: 0, Errors: 0, Skipped: 0, Time elapsed: 0.017 sec - in com.milaboratory.util.LightFileDescriptorTest
Running com.milaboratory.util.IntArrayListTest
Tests run: 1, Failures: 0, Errors: 0, Skipped: 0, Time elapsed: 0.106 sec - in com.milaboratory.util.IntArrayListTest
Running com.milaboratory.util.VersionInfoTest
VersionInfo{version='1.14-SNAPSHOT', revision='4a437ed', name='MiLib', branch='UNKNOWN', host='28a9b27d072f', timestamp=Thu Jul 30 20:10:28 UTC 2020}
Tests run: 3, Failures: 0, Errors: 0, Skipped: 0, Time elapsed: 0.003 sec - in com.milaboratory.util.VersionInfoTest
Running com.milaboratory.util.IntCombinationsTest
[0, 1]
[0, 2]
[1, 2]
Tests run: 1, Failures: 0, Errors: 0, Skipped: 0, Time elapsed: 0 sec - in com.milaboratory.util.IntCombinationsTest
Running com.milaboratory.util.NSequenceWithQualityPrintHelperTest
Tests run: 1, Failures: 0, Errors: 0, Skipped: 1, Time elapsed: 0 sec - in com.milaboratory.util.NSequenceWithQualityPrintHelperTest
Running com.milaboratory.util.Bit2ArrayTest
Tests run: 2, Failures: 0, Errors: 0, Skipped: 0, Time elapsed: 0.016 sec - in com.milaboratory.util.Bit2ArrayTest
Running com.milaboratory.util.sorting.HashSorterTest
/tmp/milib_93d850dc46a906649d440a7d00fad37dd63b13f08110881490068933034
timeInCollate: 19.59s
timeAwaitingO: 7.18s
timeAwaitingI: 13.77s
timeInFinalSorting1: 1.3s
timeInFinalSorting2: 1.25m
timeInFinalSorting3: 263.34ms
Tests run: 1, Failures: 0, Errors: 0, Skipped: 0, Time elapsed: 110.733 sec - in com.milaboratory.util.sorting.HashSorterTest
Running com.milaboratory.util.sorting.SorterTest
Tests run: 2, Failures: 0, Errors: 0, Skipped: 0, Time elapsed: 0.749 sec - in com.milaboratory.util.sorting.SorterTest
Running com.milaboratory.util.sorting.MergeStrategyTest
Tests run: 1, Failures: 0, Errors: 0, Skipped: 0, Time elapsed: 0.006 sec - in com.milaboratory.util.sorting.MergeStrategyTest
Running com.milaboratory.util.RandomizerTest
Tests run: 1, Failures: 0, Errors: 0, Skipped: 0, Time elapsed: 0.468 sec - in com.milaboratory.util.RandomizerTest
Running com.milaboratory.util.AtomicHistogramTest
Tests run: 3, Failures: 0, Errors: 0, Skipped: 0, Time elapsed: 0 sec - in com.milaboratory.util.AtomicHistogramTest
Running com.milaboratory.util.RangeMapTest
Tests run: 7, Failures: 0, Errors: 0, Skipped: 0, Time elapsed: 0 sec - in com.milaboratory.util.RangeMapTest
Running com.milaboratory.util.RemoveActionTest
/tmp/milib_fcafdb256f0b6166621a7d253e5acd32816da6e81636293237690014493
/tmp/milib_c6635a6cb767e4c814fb4a543f9ea0a67d644f71653634744710253125.tmp
Tests run: 2, Failures: 0, Errors: 0, Skipped: 0, Time elapsed: 0.004 sec - in com.milaboratory.util.RemoveActionTest
Running com.milaboratory.util.io.ByteArrayDataOutputTest
Tests run: 1, Failures: 0, Errors: 0, Skipped: 0, Time elapsed: 0.23 sec - in com.milaboratory.util.io.ByteArrayDataOutputTest
Running com.milaboratory.util.ParseUtilTest
Tests run: 3, Failures: 0, Errors: 0, Skipped: 0, Time elapsed: 0.004 sec - in com.milaboratory.util.ParseUtilTest
Running com.milaboratory.util.ArraysUtilsTest
Tests run: 3, Failures: 0, Errors: 0, Skipped: 0, Time elapsed: 0 sec - in com.milaboratory.util.ArraysUtilsTest
Running com.milaboratory.primitivio.blocks.PrimitivOBlocksTest

==================
High compression: false
Concurrency: 4
File size: 29130449
Write time: 1.61s

O. Stats:
Wall clock time: 1.61s
Total CPU time: 2.59s
Serialization time: 603.89ms (23.35%)
Checksum calculation time: 1.77s (68.44%)
Compression time: 188.21ms (7.28%)
Total IO delay: 114.45ms
Concurrency overhead: 6.93ms
Uncompressed size: 95.75MiB (~2.08KiB per object)
Output size: 27.78MiB (~618B per object; compression = 29.01%)
IO speed: 242.74MiB/s
Concurrency adjusted uncompressed speed: 140.4MiB/s
Actual uncompressed speed: 59.38MiB/s
Actual speed: 17.23MiB/s
Objects: 47111
Average object size uncompressed: 2.08KiB
Average object size compressed: 618B
Blocks: 324 (~87.8KiB each)
Ongoing and pending ops (Serde / IO / Pending): 0 / 0 / 0
Pending / IO / Serde: 0 / 0 / 0

I. Stats 1:
Wall clock time: 654.64ms
Total CPU time: 1.47s
Serialization time: 136.5ms (9.27%)
Checksum calculation time: 1.27s (86.18%)
Compression time: 64.48ms (4.38%)
Total IO delay: 24.11ms
Input size: 27.78MiB
Decompressed size: 95.75MiB (compression = 29.01%)
IO speed: 1.13GiB/s
Concurrency adjusted uncompressed speed: 255.9MiB/s
Actual uncompressed speed: 146.26MiB/s
Actual speed: 42.44MiB/s
Objects: 47111
Average object size uncompressed: 2.08KiB
Average object size compressed: 618B
Blocks: 324 (~87.8KiB each)
Ongoing and pending ops (Serde / IO / Pending): 0 / 0 / 0

I. Stats 2:
Wall clock time: 1.39s
Total CPU time: 3s
Serialization time: 291.29ms (9.7%)
Checksum calculation time: 2.58s (86.07%)
Compression time: 122.33ms (4.08%)
Total IO delay: 42.53ms
Input size: 55.56MiB
Decompressed size: 191.49MiB (compression = 29.01%)
IO speed: 1.28GiB/s
Concurrency adjusted uncompressed speed: 251.63MiB/s
Actual uncompressed speed: 137.6MiB/s
Actual speed: 39.93MiB/s
Objects: 94222
Average object size uncompressed: 2.08KiB
Average object size compressed: 618B
Blocks: 648 (~87.8KiB each)
Ongoing and pending ops (Serde / IO / Pending): 0 / 0 / 0

==================
High compression: false
Concurrency: 4
File size: 29020135
Write time: 361.27ms

O. Stats:
Wall clock time: 361.63ms
Total CPU time: 593.08ms
Serialization time: 279.07ms (47.05%)
Checksum calculation time: 125.69ms (21.19%)
Compression time: 181.56ms (30.61%)
Total IO delay: 40.93ms
Concurrency overhead: 2.17ms
Uncompressed size: 95.75MiB (~2.08KiB per object)
Output size: 27.68MiB (~615B per object; compression = 28.91%)
IO speed: 676.25MiB/s
Concurrency adjusted uncompressed speed: 595.9MiB/s
Actual uncompressed speed: 264.76MiB/s
Actual speed: 76.53MiB/s
Objects: 47111
Average object size uncompressed: 2.08KiB
Average object size compressed: 615B
Blocks: 100 (~283.4KiB each)
Ongoing and pending ops (Serde / IO / Pending): 0 / 0 / 0

I. Stats 1:
Wall clock time: 362.62ms
Total CPU time: 539.01ms
Serialization time: 110.16ms (20.44%)
Checksum calculation time: 354.4ms (65.75%)
Compression time: 74.09ms (13.75%)
Total IO delay: 22.32ms
Input size: 27.68MiB
Decompressed size: 95.75MiB (compression = 28.91%)
IO speed: 1.21GiB/s
Concurrency adjusted uncompressed speed: 682.28MiB/s
Actual uncompressed speed: 264.04MiB/s
Actual speed: 76.32MiB/s
Objects: 47111
Average object size uncompressed: 2.08KiB
Average object size compressed: 615B
Blocks: 100 (~283.4KiB each)
Ongoing and pending ops (Serde / IO / Pending): 0 / 0 / 0

I. Stats 2:
Wall clock time: 786.9ms
Total CPU time: 1.14s
Serialization time: 225.57ms (19.83%)
Checksum calculation time: 772.64ms (67.93%)
Compression time: 138.54ms (12.18%)
Total IO delay: 40.13ms
Input size: 55.35MiB
Decompressed size: 191.49MiB (compression = 28.91%)
IO speed: 1.35GiB/s
Concurrency adjusted uncompressed speed: 650.47MiB/s
Actual uncompressed speed: 243.35MiB/s
Actual speed: 70.34MiB/s
Objects: 94222
Average object size uncompressed: 2.08KiB
Average object size compressed: 615B
Blocks: 200 (~283.4KiB each)
Ongoing and pending ops (Serde / IO / Pending): 0 / 0 / 0

==================
High compression: false
Concurrency: 1
File size: 29130449
Write time: 494.33ms

O. Stats:
Wall clock time: 494.72ms
Total CPU time: 410.57ms
Serialization time: 146.79ms (35.75%)
Checksum calculation time: 53.1ms (12.93%)
Compression time: 192.84ms (46.97%)
Total IO delay: 49.87ms
Concurrency overhead: 10.9ms
Uncompressed size: 95.75MiB (~2.08KiB per object)
Output size: 27.78MiB (~618B per object; compression = 29.01%)
IO speed: 557.12MiB/s
Concurrency adjusted uncompressed speed: 203.14MiB/s
Actual uncompressed speed: 193.54MiB/s
Actual speed: 56.15MiB/s
Objects: 47111
Average object size uncompressed: 2.08KiB
Average object size compressed: 618B
Blocks: 324 (~87.8KiB each)
Ongoing and pending ops (Serde / IO / Pending): 0 / 0 / 0
Checksum ok!

I. Stats 1:
Wall clock time: 393.73ms
Total CPU time: 638.63ms
Serialization time: 125.35ms (19.63%)
Checksum calculation time: 409.52ms (64.12%)
Compression time: 102.68ms (16.08%)
Total IO delay: 23.82ms
Input size: 27.78MiB
Decompressed size: 95.75MiB (compression = 29.01%)
IO speed: 1.14GiB/s
Concurrency adjusted uncompressed speed: 144.53MiB/s
Actual uncompressed speed: 243.18MiB/s
Actual speed: 70.56MiB/s
Objects: 47111
Average object size uncompressed: 2.08KiB
Average object size compressed: 618B
Blocks: 324 (~87.8KiB each)
Ongoing and pending ops (Serde / IO / Pending): 0 / 0 / 0

I. Stats 2:
Wall clock time: 1.17s
Total CPU time: 2.28s
Serialization time: 273.85ms (11.99%)
Checksum calculation time: 1.85s (80.91%)
Compression time: 158.75ms (6.95%)
Total IO delay: 50.58ms
Input size: 55.56MiB
Decompressed size: 191.49MiB (compression = 29.01%)
IO speed: 1.07GiB/s
Concurrency adjusted uncompressed speed: 82.02MiB/s
Actual uncompressed speed: 164.11MiB/s
Actual speed: 47.62MiB/s
Objects: 94222
Average object size uncompressed: 2.08KiB
Average object size compressed: 618B
Blocks: 648 (~87.8KiB each)
Ongoing and pending ops (Serde / IO / Pending): 0 / 0 / 0
Pending / IO / Serde: 0 / 0 / 0

==================
High compression: false
Concurrency: 1
File size: 29020135
Write time: 598.54ms

O. Stats:
Wall clock time: 598.67ms
Total CPU time: 497.4ms
Serialization time: 181.25ms (36.44%)
Checksum calculation time: 66.77ms (13.42%)
Compression time: 242.08ms (48.67%)
Total IO delay: 80.67ms
Concurrency overhead: 1.17ms
Uncompressed size: 95.75MiB (~2.08KiB per object)
Output size: 27.68MiB (~615B per object; compression = 28.91%)
IO speed: 343.09MiB/s
Concurrency adjusted uncompressed speed: 165.3MiB/s
Actual uncompressed speed: 159.93MiB/s
Actual speed: 46.23MiB/s
Objects: 47111
Average object size uncompressed: 2.08KiB
Average object size compressed: 615B
Blocks: 100 (~283.4KiB each)
Ongoing and pending ops (Serde / IO / Pending): 0 / 0 / 0
Checksum ok!

I. Stats 1:
Wall clock time: 356.17ms
Total CPU time: 479.59ms
Serialization time: 103.48ms (21.58%)
Checksum calculation time: 309.05ms (64.44%)
Compression time: 66.77ms (13.92%)
Total IO delay: 15.41ms
Input size: 27.68MiB
Decompressed size: 95.75MiB (compression = 28.91%)
IO speed: 1.75GiB/s
Concurrency adjusted uncompressed speed: 193.43MiB/s
Actual uncompressed speed: 268.82MiB/s
Actual speed: 77.7MiB/s
Objects: 47111
Average object size uncompressed: 2.08KiB
Average object size compressed: 615B
Blocks: 100 (~283.4KiB each)
Ongoing and pending ops (Serde / IO / Pending): 0 / 0 / 0

I. Stats 2:
Wall clock time: 670.99ms
Total CPU time: 810.42ms
Serialization time: 208.9ms (25.78%)
Checksum calculation time: 472.93ms (58.36%)
Compression time: 127.92ms (15.78%)
Total IO delay: 64.86ms
Input size: 55.35MiB
Decompressed size: 191.49MiB (compression = 28.91%)
IO speed: 853.35MiB/s
Concurrency adjusted uncompressed speed: 218.78MiB/s
Actual uncompressed speed: 285.39MiB/s
Actual speed: 82.49MiB/s
Objects: 94222
Average object size uncompressed: 2.08KiB
Average object size compressed: 615B
Blocks: 200 (~283.4KiB each)
Ongoing and pending ops (Serde / IO / Pending): 0 / 0 / 0
Pending / IO / Serde: 2 / 0 / 2
Pending / IO / Serde: 0 / 0 / 4
Pending / IO / Serde: 1 / 0 / 3

==================
High compression: true
Concurrency: 4
File size: 21589978
Write time: 6.51s

O. Stats:
Wall clock time: 6.51s
Total CPU time: 17.54s
Serialization time: 389.85ms (2.22%)
Checksum calculation time: 845.84ms (4.82%)
Compression time: 16.29s (92.87%)
Total IO delay: 630.8ms
Concurrency overhead: 99.96ms
Uncompressed size: 95.75MiB (~2.08KiB per object)
Output size: 20.59MiB (~458B per object; compression = 21.5%)
IO speed: 32.64MiB/s
Concurrency adjusted uncompressed speed: 20.62MiB/s
Actual uncompressed speed: 14.71MiB/s
Actual speed: 3.16MiB/s
Objects: 47111
Average object size uncompressed: 2.08KiB
Average object size compressed: 458B
Blocks: 324 (~65.07KiB each)
Ongoing and pending ops (Serde / IO / Pending): 0 / 0 / 0

I. Stats 1:
Wall clock time: 734.36ms
Total CPU time: 1.48s
Serialization time: 180.74ms (12.2%)
Checksum calculation time: 1.25s (84.29%)
Compression time: 47.48ms (3.2%)
Total IO delay: 125.1ms
Input size: 20.59MiB
Decompressed size: 95.75MiB (compression = 21.5%)
IO speed: 164.59MiB/s
Concurrency adjusted uncompressed speed: 238.3MiB/s
Actual uncompressed speed: 130.38MiB/s
Actual speed: 28.04MiB/s
Objects: 47111
Average object size uncompressed: 2.08KiB
Average object size compressed: 458B
Blocks: 324 (~65.07KiB each)
Ongoing and pending ops (Serde / IO / Pending): 0 / 0 / 0
Pending / IO / Serde: 0 / 0 / 0

I. Stats 2:
Wall clock time: 1.56s
Total CPU time: 3.3s
Serialization time: 343.54ms (10.41%)
Checksum calculation time: 2.86s (86.62%)
Compression time: 91.62ms (2.78%)
Total IO delay: 172.86ms
Input size: 41.18MiB
Decompressed size: 191.49MiB (compression = 21.5%)
IO speed: 238.23MiB/s
Concurrency adjusted uncompressed speed: 220.51MiB/s
Actual uncompressed speed: 122.7MiB/s
Actual speed: 26.39MiB/s
Objects: 94222
Average object size uncompressed: 2.08KiB
Average object size compressed: 458B
Blocks: 648 (~65.07KiB each)
Ongoing and pending ops (Serde / IO / Pending): 0 / 0 / 0
Pending / IO / Serde: 3 / 0 / 1
Pending / IO / Serde: 2 / 0 / 2
Pending / IO / Serde: 2 / 0 / 2
Pending / IO / Serde: 2 / 0 / 2

==================
High compression: true
Concurrency: 4
File size: 21279690
Write time: 9.2s

O. Stats:
Wall clock time: 9.2s
Total CPU time: 16.08s
Serialization time: 278.46ms (1.73%)
Checksum calculation time: 164.62ms (1.02%)
Compression time: 15.63s (97.2%)
Total IO delay: 30.2ms
Concurrency overhead: 2.16ms
Uncompressed size: 95.75MiB (~2.08KiB per object)
Output size: 20.29MiB (~451B per object; compression = 21.2%)
IO speed: 671.94MiB/s
Concurrency adjusted uncompressed speed: 23.76MiB/s
Actual uncompressed speed: 10.41MiB/s
Actual speed: 2.21MiB/s
Objects: 47111
Average object size uncompressed: 2.08KiB
Average object size compressed: 451B
Blocks: 100 (~207.81KiB each)
Ongoing and pending ops (Serde / IO / Pending): 0 / 0 / 0

I. Stats 1:
Wall clock time: 385.52ms
Total CPU time: 589.25ms
Serialization time: 122.05ms (20.71%)
Checksum calculation time: 417.45ms (70.84%)
Compression time: 49.43ms (8.39%)
Total IO delay: 14.42ms
Input size: 20.29MiB
Decompressed size: 95.75MiB (compression = 21.2%)
IO speed: 1.37GiB/s
Concurrency adjusted uncompressed speed: 634.43MiB/s
Actual uncompressed speed: 248.36MiB/s
Actual speed: 52.64MiB/s
Objects: 47111
Average object size uncompressed: 2.08KiB
Average object size compressed: 451B
Blocks: 100 (~207.81KiB each)
Ongoing and pending ops (Serde / IO / Pending): 0 / 0 / 0
Pending / IO / Serde: 0 / 0 / 0

I. Stats 2:
Wall clock time: 827.21ms
Total CPU time: 1.19s
Serialization time: 240.68ms (20.23%)
Checksum calculation time: 853.67ms (71.77%)
Compression time: 94.48ms (7.94%)
Total IO delay: 38.45ms
Input size: 40.59MiB
Decompressed size: 191.49MiB (compression = 21.2%)
IO speed: 1.03GiB/s
Concurrency adjusted uncompressed speed: 623.79MiB/s
Actual uncompressed speed: 231.49MiB/s
Actual speed: 49.07MiB/s
Objects: 94222
Average object size uncompressed: 2.08KiB
Average object size compressed: 451B
Blocks: 200 (~207.81KiB each)
Ongoing and pending ops (Serde / IO / Pending): 0 / 0 / 0
Pending / IO / Serde: 0 / 0 / 1
Pending / IO / Serde: 0 / 0 / 1
Pending / IO / Serde: 0 / 0 / 1
Pending / IO / Serde: 0 / 0 / 1
Pending / IO / Serde: 0 / 0 / 1
Pending / IO / Serde: 0 / 0 / 1
Pending / IO / Serde: 0 / 0 / 1

==================
High compression: true
Concurrency: 1
File size: 21589978
Write time: 14.52s

O. Stats:
Wall clock time: 14.52s
Total CPU time: 14.34s
Serialization time: 178.45ms (1.24%)
Checksum calculation time: 64.03ms (0.45%)
Compression time: 14.09s (98.25%)
Total IO delay: 154.12ms
Concurrency overhead: 4.54ms
Uncompressed size: 95.75MiB (~2.08KiB per object)
Output size: 20.59MiB (~458B per object; compression = 21.5%)
IO speed: 133.6MiB/s
Concurrency adjusted uncompressed speed: 6.6MiB/s
Actual uncompressed speed: 6.59MiB/s
Actual speed: 1.42MiB/s
Objects: 47111
Average object size uncompressed: 2.08KiB
Average object size compressed: 458B
Blocks: 324 (~65.07KiB each)
Ongoing and pending ops (Serde / IO / Pending): 0 / 0 / 0
Checksum ok!

I. Stats 1:
Wall clock time: 375.67ms
Total CPU time: 563.72ms
Serialization time: 151.58ms (26.89%)
Checksum calculation time: 368.26ms (65.33%)
Compression time: 43.02ms (7.63%)
Total IO delay: 32.2ms
Input size: 20.59MiB
Decompressed size: 95.75MiB (compression = 21.5%)
IO speed: 639.53MiB/s
Concurrency adjusted uncompressed speed: 160.67MiB/s
Actual uncompressed speed: 254.87MiB/s
Actual speed: 54.81MiB/s
Objects: 47111
Average object size uncompressed: 2.08KiB
Average object size compressed: 458B
Blocks: 324 (~65.07KiB each)
Ongoing and pending ops (Serde / IO / Pending): 0 / 0 / 0

I. Stats 2:
Wall clock time: 1.14s
Total CPU time: 2.04s
Serialization time: 371.77ms (18.18%)
Checksum calculation time: 1.58s (77.22%)
Compression time: 83.99ms (4.11%)
Total IO delay: 126.23ms
Input size: 41.18MiB
Decompressed size: 191.49MiB (compression = 21.5%)
IO speed: 326.22MiB/s
Concurrency adjusted uncompressed speed: 88.2MiB/s
Actual uncompressed speed: 167.78MiB/s
Actual speed: 36.08MiB/s
Objects: 94222
Average object size uncompressed: 2.08KiB
Average object size compressed: 458B
Blocks: 648 (~65.07KiB each)
Ongoing and pending ops (Serde / IO / Pending): 0 / 0 / 0
Pending / IO / Serde: 0 / 0 / 1
Pending / IO / Serde: 0 / 0 / 1
Pending / IO / Serde: 0 / 0 / 1
Pending / IO / Serde: 0 / 0 / 1
Pending / IO / Serde: 0 / 0 / 1
Pending / IO / Serde: 0 / 0 / 1

==================
High compression: true
Concurrency: 1
File size: 21279690
Write time: 13.76s

O. Stats:
Wall clock time: 13.76s
Total CPU time: 13.56s
Serialization time: 214.43ms (1.58%)
Checksum calculation time: 81.82ms (0.6%)
Compression time: 13.26s (97.76%)
Total IO delay: 178.78ms
Concurrency overhead: 1.33ms
Uncompressed size: 95.75MiB (~2.08KiB per object)
Output size: 20.29MiB (~451B per object; compression = 21.2%)
IO speed: 113.51MiB/s
Concurrency adjusted uncompressed speed: 6.97MiB/s
Actual uncompressed speed: 6.96MiB/s
Actual speed: 1.47MiB/s
Objects: 47111
Average object size uncompressed: 2.08KiB
Average object size compressed: 451B
Blocks: 100 (~207.81KiB each)
Ongoing and pending ops (Serde / IO / Pending): 0 / 0 / 0
Checksum ok!
Pending / IO / Serde: 0 / 0 / 0

I. Stats 1:
Wall clock time: 390.24ms
Total CPU time: 507.76ms
Serialization time: 132.68ms (26.13%)
Checksum calculation time: 317.34ms (62.5%)
Compression time: 57.53ms (11.33%)
Total IO delay: 13.89ms
Input size: 20.29MiB
Decompressed size: 95.75MiB (compression = 21.2%)
IO speed: 1.43GiB/s
Concurrency adjusted uncompressed speed: 183.55MiB/s
Actual uncompressed speed: 245.35MiB/s
Actual speed: 52MiB/s
Objects: 47111
Average object size uncompressed: 2.08KiB
Average object size compressed: 451B
Blocks: 100 (~207.81KiB each)
Ongoing and pending ops (Serde / IO / Pending): 0 / 0 / 0

I. Stats 2:
Wall clock time: 917.55ms
Total CPU time: 1.19s
Serialization time: 247.15ms (20.81%)
Checksum calculation time: 817.71ms (68.84%)
Compression time: 122.47ms (10.31%)
Total IO delay: 26.11ms
Input size: 40.59MiB
Decompressed size: 191.49MiB (compression = 21.2%)
IO speed: 1.52GiB/s
Concurrency adjusted uncompressed speed: 157.75MiB/s
Actual uncompressed speed: 208.7MiB/s
Actual speed: 44.23MiB/s
Objects: 94222
Average object size uncompressed: 2.08KiB
Average object size compressed: 451B
Blocks: 200 (~207.81KiB each)
Ongoing and pending ops (Serde / IO / Pending): 0 / 0 / 0
Tests run: 2, Failures: 0, Errors: 0, Skipped: 1, Time elapsed: 57.209 sec - in com.milaboratory.primitivio.blocks.PrimitivOBlocksTest
Running com.milaboratory.primitivio.UtilTest
Tests run: 6, Failures: 0, Errors: 0, Skipped: 0, Time elapsed: 0.008 sec - in com.milaboratory.primitivio.UtilTest
Running com.milaboratory.primitivio.SerializersManagerTest
Tests run: 4, Failures: 0, Errors: 0, Skipped: 0, Time elapsed: 0.005 sec - in com.milaboratory.primitivio.SerializersManagerTest
Running com.milaboratory.primitivio.test.TestJsonClass1Test
Tests run: 1, Failures: 0, Errors: 0, Skipped: 0, Time elapsed: 0.002 sec - in com.milaboratory.primitivio.test.TestJsonClass1Test
Running com.milaboratory.primitivio.PrimitivIOTest
Tests run: 14, Failures: 0, Errors: 0, Skipped: 0, Time elapsed: 0.061 sec - in com.milaboratory.primitivio.PrimitivIOTest
Running com.milaboratory.test.TestUtil
Short tests.
No system env properties.
Tests run: 1, Failures: 0, Errors: 0, Skipped: 0, Time elapsed: 0 sec - in com.milaboratory.test.TestUtil

Results :

Tests run: 459, Failures: 0, Errors: 0, Skipped: 14

[INFO] 
[INFO] --- jacoco-maven-plugin:0.8.5:report (report) @ milib ---
[INFO] Loading execution data file /tmp/tmpbsuml83h/milib/target/jacoco.exec
[INFO] Analyzed bundle 'MiLib' with 578 classes
[INFO] ------------------------------------------------------------------------
[INFO] BUILD SUCCESS
[INFO] ------------------------------------------------------------------------
[INFO] Total time:  05:38 min
[INFO] Finished at: 2020-07-30T20:15:44Z
[INFO] ------------------------------------------------------------------------
