[INFO] Error stacktraces are turned on.
[INFO] Scanning for projects...
[INFO] Inspecting build with total of 1 modules...
[INFO] Installing Nexus Staging features:
[INFO]   ... total of 1 executions of maven-deploy-plugin replaced with nexus-staging-maven-plugin
[WARNING] The project com.cloudbees.thirdparty:zendesk-java-client:jar:0.13.1-SNAPSHOT uses prerequisites which is only intended for maven-plugin projects but not for non maven-plugin projects. For such purposes you should use the maven-enforcer-plugin. See https://maven.apache.org/enforcer/enforcer-rules/requireMavenVersion.html
[INFO] 
[INFO] ------------< com.cloudbees.thirdparty:zendesk-java-client >------------
[INFO] Building zendesk-java-client 0.13.1-SNAPSHOT
[INFO] --------------------------------[ jar ]---------------------------------
[INFO] 
[INFO] --- maven-enforcer-plugin:3.0.0-M3:enforce (enforce-maven) @ zendesk-java-client ---
[INFO] 
[INFO] --- maven-enforcer-plugin:3.0.0-M3:enforce (enforce-bytecode-version) @ zendesk-java-client ---
[INFO] Adding ignore: module-info
[INFO] 
[INFO] --- jacoco-maven-plugin:0.8.5:prepare-agent (default) @ zendesk-java-client ---
[INFO] argLine set to -javaagent:/home/jdbl/.m2/repository/org/jacoco/org.jacoco.agent/0.8.5/org.jacoco.agent-0.8.5-runtime.jar=destfile=/tmp/tmpsrnk1jzb/zendesk-java-client/target/jacoco.exec
[INFO] 
[INFO] --- maven-resources-plugin:2.7:resources (default-resources) @ zendesk-java-client ---
[INFO] Using 'UTF-8' encoding to copy filtered resources.
[INFO] skip non existing resourceDirectory /tmp/tmpsrnk1jzb/zendesk-java-client/src/main/resources
[INFO] 
[INFO] --- maven-compiler-plugin:3.3:compile (default-compile) @ zendesk-java-client ---
[INFO] Changes detected - recompiling the module!
[INFO] Compiling 97 source files to /tmp/tmpsrnk1jzb/zendesk-java-client/target/classes
[INFO] /tmp/tmpsrnk1jzb/zendesk-java-client/src/main/java/org/zendesk/client/v2/Zendesk.java: /tmp/tmpsrnk1jzb/zendesk-java-client/src/main/java/org/zendesk/client/v2/Zendesk.java uses unchecked or unsafe operations.
[INFO] /tmp/tmpsrnk1jzb/zendesk-java-client/src/main/java/org/zendesk/client/v2/Zendesk.java: Recompile with -Xlint:unchecked for details.
[INFO] 
[INFO] --- maven-enforcer-plugin:3.0.0-M3:enforce (check-java-compat) @ zendesk-java-client ---
[INFO] Checking unresolved references to org.codehaus.mojo.signature:java18:1.0
[INFO] 
[INFO] --- maven-resources-plugin:2.7:testResources (default-testResources) @ zendesk-java-client ---
[INFO] Using 'UTF-8' encoding to copy filtered resources.
[INFO] Copying 2 resources
[INFO] 
[INFO] --- maven-compiler-plugin:3.3:testCompile (default-testCompile) @ zendesk-java-client ---
[INFO] Changes detected - recompiling the module!
[INFO] Compiling 16 source files to /tmp/tmpsrnk1jzb/zendesk-java-client/target/test-classes
[INFO] /tmp/tmpsrnk1jzb/zendesk-java-client/src/test/java/org/zendesk/client/v2/model/StatusTest.java: Some input files use or override a deprecated API.
[INFO] /tmp/tmpsrnk1jzb/zendesk-java-client/src/test/java/org/zendesk/client/v2/model/StatusTest.java: Recompile with -Xlint:deprecation for details.
[INFO] /tmp/tmpsrnk1jzb/zendesk-java-client/src/test/java/org/zendesk/client/v2/RealSmokeTest.java: /tmp/tmpsrnk1jzb/zendesk-java-client/src/test/java/org/zendesk/client/v2/RealSmokeTest.java uses unchecked or unsafe operations.
[INFO] /tmp/tmpsrnk1jzb/zendesk-java-client/src/test/java/org/zendesk/client/v2/RealSmokeTest.java: Recompile with -Xlint:unchecked for details.
[INFO] 
[INFO] --- maven-surefire-plugin:2.19.1:test (default-test) @ zendesk-java-client ---
[INFO] Surefire report directory: /tmp/tmpsrnk1jzb/zendesk-java-client/target/surefire-reports

-------------------------------------------------------
 T E S T S
-------------------------------------------------------
Running org.zendesk.client.v2.model.ActionTest
Tests run: 2, Failures: 0, Errors: 0, Skipped: 0, Time elapsed: 0.608 sec - in org.zendesk.client.v2.model.ActionTest
Running org.zendesk.client.v2.model.EventTest
Tests run: 5, Failures: 0, Errors: 0, Skipped: 0, Time elapsed: 0.061 sec - in org.zendesk.client.v2.model.EventTest
Running org.zendesk.client.v2.model.StatusTest
Tests run: 2, Failures: 0, Errors: 0, Skipped: 0, Time elapsed: 0.064 sec - in org.zendesk.client.v2.model.StatusTest
Running org.zendesk.client.v2.model.TriggerTest
Tests run: 2, Failures: 0, Errors: 0, Skipped: 0, Time elapsed: 0.109 sec - in org.zendesk.client.v2.model.TriggerTest
Running org.zendesk.client.v2.model.hc.UserTypeTest
Tests run: 1, Failures: 0, Errors: 0, Skipped: 0, Time elapsed: 0.001 sec - in org.zendesk.client.v2.model.hc.UserTypeTest
Running org.zendesk.client.v2.model.hc.UserSegmentTest
Tests run: 1, Failures: 0, Errors: 0, Skipped: 0, Time elapsed: 0.003 sec - in org.zendesk.client.v2.model.hc.UserSegmentTest
Running org.zendesk.client.v2.model.hc.PermissionGroupTest
Tests run: 1, Failures: 0, Errors: 0, Skipped: 0, Time elapsed: 0.002 sec - in org.zendesk.client.v2.model.hc.PermissionGroupTest
Running org.zendesk.client.v2.model.TicketResultTest
Tests run: 1, Failures: 0, Errors: 0, Skipped: 0, Time elapsed: 0.062 sec - in org.zendesk.client.v2.model.TicketResultTest
Running org.zendesk.client.v2.model.ArticleTest
Tests run: 1, Failures: 0, Errors: 0, Skipped: 0, Time elapsed: 0.008 sec - in org.zendesk.client.v2.model.ArticleTest
Running org.zendesk.client.v2.RealSmokeTest
Tests run: 1, Failures: 0, Errors: 0, Skipped: 1, Time elapsed: 0.019 sec - in org.zendesk.client.v2.RealSmokeTest
Running org.zendesk.client.v2.TemplateUriTest
Tests run: 4, Failures: 0, Errors: 0, Skipped: 0, Time elapsed: 0.099 sec - in org.zendesk.client.v2.TemplateUriTest
Running org.zendesk.client.v2.SearchTest
[main] INFO org.eclipse.jetty.util.log - Logging initialized @1862ms
[main] INFO org.eclipse.jetty.server.Server - jetty-9.2.28.v20190418
[main] INFO org.eclipse.jetty.server.handler.ContextHandler - Started o.e.j.s.ServletContextHandler@4f90b4c9{/__admin,null,AVAILABLE}
[main] INFO org.eclipse.jetty.server.handler.ContextHandler - Started o.e.j.s.ServletContextHandler@3e5f458f{/,null,AVAILABLE}
[main] INFO org.eclipse.jetty.server.NetworkTrafficServerConnector - Started NetworkTrafficServerConnector@39da0d43{HTTP/1.1}{0.0.0.0:46609}
[main] INFO org.eclipse.jetty.server.NetworkTrafficServerConnector - Started NetworkTrafficServerConnector@7d24bd80{SSL-http/1.1}{0.0.0.0:36563}
[main] INFO org.eclipse.jetty.server.Server - Started @2123ms
[qtp1654691432-24] INFO / - RequestHandlerClass from context returned com.github.tomakehurst.wiremock.http.StubRequestHandler. Normalized mapped under returned 'null'
[main] INFO org.eclipse.jetty.server.NetworkTrafficServerConnector - Stopped NetworkTrafficServerConnector@39da0d43{HTTP/1.1}{0.0.0.0:0}
[main] INFO org.eclipse.jetty.server.NetworkTrafficServerConnector - Stopped NetworkTrafficServerConnector@7d24bd80{SSL-http/1.1}{0.0.0.0:0}
[main] INFO org.eclipse.jetty.server.handler.ContextHandler - Stopped o.e.j.s.ServletContextHandler@3e5f458f{/,null,UNAVAILABLE}
[main] INFO org.eclipse.jetty.server.handler.ContextHandler - Stopped o.e.j.s.ServletContextHandler@4f90b4c9{/__admin,null,UNAVAILABLE}
[main] WARN org.eclipse.jetty.util.thread.QueuedThreadPool - qtp1654691432{STOPPING,8<=12<=14,i=9,q=10} Couldn't stop Thread[qtp1654691432-14,5,]
[main] WARN org.eclipse.jetty.util.thread.QueuedThreadPool - qtp1654691432{STOPPING,8<=12<=14,i=7,q=9} Couldn't stop Thread[qtp1654691432-13,5,main]
[main] WARN org.eclipse.jetty.util.thread.QueuedThreadPool - qtp1654691432{STOPPING,8<=12<=14,i=5,q=9} Couldn't stop Thread[qtp1654691432-20,5,]
[main] WARN org.eclipse.jetty.util.thread.QueuedThreadPool - qtp1654691432{STOPPING,8<=12<=14,i=4,q=9} Couldn't stop Thread[qtp1654691432-17,5,]
[main] WARN org.eclipse.jetty.util.thread.QueuedThreadPool - qtp1654691432{STOPPING,8<=12<=14,i=2,q=9} Couldn't stop Thread[qtp1654691432-18,5,]
[main] WARN org.eclipse.jetty.util.thread.QueuedThreadPool - qtp1654691432{STOPPING,8<=12<=14,i=0,q=9} Couldn't stop Thread[qtp1654691432-19,5,]
Tests run: 1, Failures: 0, Errors: 0, Skipped: 0, Time elapsed: 1.403 sec - in org.zendesk.client.v2.SearchTest

Results :

Tests run: 22, Failures: 0, Errors: 0, Skipped: 1

[INFO] 
[INFO] --- jacoco-maven-plugin:0.8.5:report (report) @ zendesk-java-client ---
[INFO] Loading execution data file /tmp/tmpsrnk1jzb/zendesk-java-client/target/jacoco.exec
[INFO] Analyzed bundle 'zendesk-java-client' with 482 classes
[INFO] ------------------------------------------------------------------------
[INFO] BUILD SUCCESS
[INFO] ------------------------------------------------------------------------
[INFO] Total time:  54.940 s
[INFO] Finished at: 2020-08-03T11:01:47Z
[INFO] ------------------------------------------------------------------------
