[INFO] Error stacktraces are turned on.
[INFO] Scanning for projects...
[INFO] 
[INFO] ---------------------------< ir.sk:cheetah >----------------------------
[INFO] Building Cheetah 1.0.0-SNAPSHOT
[INFO] --------------------------------[ jar ]---------------------------------
[WARNING] The artifact easymock:easymock:jar:2.0 has been relocated to org.easymock:easymock:jar:2.0
[WARNING] The artifact org.apache.commons:commons-io:jar:1.3.2 has been relocated to commons-io:commons-io:jar:1.3.2
[INFO] 
[INFO] --- jacoco-maven-plugin:0.8.5:prepare-agent (default) @ cheetah ---
[INFO] argLine set to -javaagent:/home/jdbl/.m2/repository/org/jacoco/org.jacoco.agent/0.8.5/org.jacoco.agent-0.8.5-runtime.jar=destfile=/tmp/tmpbw_rq9t1/cheetah/target/jacoco.exec
[INFO] 
[INFO] --- maven-resources-plugin:2.6:resources (default-resources) @ cheetah ---
[INFO] Using 'UTF-8' encoding to copy filtered resources.
[INFO] Copying 80 resources
[INFO] 
[INFO] --- maven-compiler-plugin:3.1:compile (default-compile) @ cheetah ---
[INFO] Changes detected - recompiling the module!
[INFO] Compiling 113 source files to /tmp/tmpbw_rq9t1/cheetah/target/classes
[WARNING] /tmp/tmpbw_rq9t1/cheetah/src/main/java/utils/ConnectionUtil.java: /tmp/tmpbw_rq9t1/cheetah/src/main/java/utils/ConnectionUtil.java uses or overrides a deprecated API.
[WARNING] /tmp/tmpbw_rq9t1/cheetah/src/main/java/utils/ConnectionUtil.java: Recompile with -Xlint:deprecation for details.
[INFO] 
[INFO] --- maven-resources-plugin:2.6:testResources (default-testResources) @ cheetah ---
[INFO] Using 'UTF-8' encoding to copy filtered resources.
[INFO] Copying 2 resources
[INFO] 
[INFO] --- maven-compiler-plugin:3.1:testCompile (default-testCompile) @ cheetah ---
[INFO] Changes detected - recompiling the module!
[INFO] Compiling 4 source files to /tmp/tmpbw_rq9t1/cheetah/target/test-classes
[INFO] 
[INFO] --- maven-surefire-plugin:2.19.1:test (default-test) @ cheetah ---
[INFO] Surefire report directory: /tmp/tmpbw_rq9t1/cheetah/target/surefire-reports

-------------------------------------------------------
 T E S T S
-------------------------------------------------------
Running utils.ConnectionUtilTest
names : index.html
Basename : index
extension : html
actualValue: index.html
actualValue: index.html
Tests run: 8, Failures: 0, Errors: 0, Skipped: 1, Time elapsed: 0.069 sec - in utils.ConnectionUtilTest
Running utils.UtilsTest
Tests run: 3, Failures: 0, Errors: 0, Skipped: 0, Time elapsed: 0 sec - in utils.UtilsTest
Running utils.FileUtilTest
Jul 30, 2020 7:32:08 PM java.util.prefs.FileSystemPreferences$1 run
INFO: Created user preferences directory.
Tests run: 6, Failures: 0, Errors: 0, Skipped: 0, Time elapsed: 0.004 sec - in utils.FileUtilTest
Running dao.JdbcDatabaseDaoTest
Tests run: 5, Failures: 0, Errors: 0, Skipped: 0, Time elapsed: 0.001 sec - in dao.JdbcDatabaseDaoTest

Results :

Tests run: 22, Failures: 0, Errors: 0, Skipped: 1

[INFO] 
[INFO] --- jacoco-maven-plugin:0.8.5:report (report) @ cheetah ---
[INFO] Loading execution data file /tmp/tmpbw_rq9t1/cheetah/target/jacoco.exec
[INFO] Analyzed bundle 'Cheetah' with 195 classes
[INFO] ------------------------------------------------------------------------
[INFO] BUILD SUCCESS
[INFO] ------------------------------------------------------------------------
[INFO] Total time:  7.656 s
[INFO] Finished at: 2020-07-30T19:32:10Z
[INFO] ------------------------------------------------------------------------
