[INFO] Error stacktraces are turned on.
[INFO] Scanning for projects...
[WARNING] 
[WARNING] Some problems were encountered while building the effective model for com.github.enelson:monads:jar:0.3
[WARNING] 'build.plugins.plugin.version' for org.apache.maven.plugins:maven-compiler-plugin is missing. @ line 82, column 15
[WARNING] 
[WARNING] It is highly recommended to fix these problems because they threaten the stability of your build.
[WARNING] 
[WARNING] For this reason, future Maven versions might no longer support building such malformed projects.
[WARNING] 
[INFO] 
[INFO] ---------------------< com.github.enelson:monads >----------------------
[INFO] Building Java Monads 0.3
[INFO] --------------------------------[ jar ]---------------------------------
[INFO] 
[INFO] --- jacoco-maven-plugin:0.8.5:prepare-agent (default) @ monads ---
[INFO] argLine set to -javaagent:/home/jdbl/.m2/repository/org/jacoco/org.jacoco.agent/0.8.5/org.jacoco.agent-0.8.5-runtime.jar=destfile=/tmp/tmp61gbselz/java_monads/target/jacoco.exec
[INFO] 
[INFO] --- maven-resources-plugin:2.6:resources (default-resources) @ monads ---
[INFO] Using 'UTF-8' encoding to copy filtered resources.
[INFO] skip non existing resourceDirectory /tmp/tmp61gbselz/java_monads/src/main/resources
[INFO] 
[INFO] --- maven-compiler-plugin:3.1:compile (default-compile) @ monads ---
[INFO] Changes detected - recompiling the module!
[INFO] Compiling 7 source files to /tmp/tmp61gbselz/java_monads/target/classes
[WARNING] /tmp/tmp61gbselz/java_monads/src/main/java/com/enelson/monads/TryOptionT.java: Some input files use unchecked or unsafe operations.
[WARNING] /tmp/tmp61gbselz/java_monads/src/main/java/com/enelson/monads/TryOptionT.java: Recompile with -Xlint:unchecked for details.
[INFO] 
[INFO] --- maven-resources-plugin:2.6:testResources (default-testResources) @ monads ---
[INFO] Using 'UTF-8' encoding to copy filtered resources.
[INFO] skip non existing resourceDirectory /tmp/tmp61gbselz/java_monads/src/test/resources
[INFO] 
[INFO] --- maven-compiler-plugin:3.1:testCompile (default-testCompile) @ monads ---
[INFO] Changes detected - recompiling the module!
[INFO] Compiling 4 source files to /tmp/tmp61gbselz/java_monads/target/test-classes
[WARNING] /tmp/tmp61gbselz/java_monads/src/test/java/com/enelson/monads/WriterUnitTest.java: /tmp/tmp61gbselz/java_monads/src/test/java/com/enelson/monads/WriterUnitTest.java uses unchecked or unsafe operations.
[WARNING] /tmp/tmp61gbselz/java_monads/src/test/java/com/enelson/monads/WriterUnitTest.java: Recompile with -Xlint:unchecked for details.
[INFO] 
[INFO] --- maven-surefire-plugin:2.19.1:test (default-test) @ monads ---
[INFO] Surefire report directory: /tmp/tmp61gbselz/java_monads/target/surefire-reports

-------------------------------------------------------
 T E S T S
-------------------------------------------------------
Running com.enelson.monads.TryOptionTUnitTest
Tests run: 25, Failures: 0, Errors: 0, Skipped: 0, Time elapsed: 0.218 sec - in com.enelson.monads.TryOptionTUnitTest
Running com.enelson.monads.ReaderUnitTest
Tests run: 4, Failures: 0, Errors: 0, Skipped: 0, Time elapsed: 0.018 sec - in com.enelson.monads.ReaderUnitTest
Running com.enelson.monads.StateUnitTest
--> In: HashMap()
--> Out: HashMap((sentence, 1), (is, 1), (first, 1), (the, 1), (This, 1))
--> In: HashMap((sentence, 1), (is, 1), (first, 1), (the, 1), (This, 1))
--> Out: HashMap((sentence, 2), (is, 2), (first, 1), (the, 2), (second, 1), (This, 2))
--> In: HashMap((sentence, 2), (is, 2), (first, 1), (the, 2), (second, 1), (This, 2))
--> Out: HashMap((sentence, 3), (third, 1), (is, 3), (first, 1), (the, 3), (second, 1), (This, 3))
Tests run: 10, Failures: 0, Errors: 0, Skipped: 0, Time elapsed: 0.053 sec - in com.enelson.monads.StateUnitTest
Running com.enelson.monads.WriterUnitTest
Tests run: 8, Failures: 0, Errors: 0, Skipped: 0, Time elapsed: 0.007 sec - in com.enelson.monads.WriterUnitTest

Results :

Tests run: 47, Failures: 0, Errors: 0, Skipped: 0

[INFO] 
[INFO] --- jacoco-maven-plugin:0.8.5:report (report) @ monads ---
[INFO] Loading execution data file /tmp/tmp61gbselz/java_monads/target/jacoco.exec
[INFO] Analyzed bundle 'Java Monads' with 961 classes
[INFO] ------------------------------------------------------------------------
[INFO] BUILD SUCCESS
[INFO] ------------------------------------------------------------------------
[INFO] Total time:  7.306 s
[INFO] Finished at: 2020-07-31T08:29:30Z
[INFO] ------------------------------------------------------------------------
