[INFO] Error stacktraces are turned on.
[INFO] Scanning for projects...
[INFO] 
[INFO] ------------< com.github.martinseeler:forecast-io-wrapper >-------------
[INFO] Building Forecast.io API Java Wrapper 1.0-SNAPSHOT
[INFO] --------------------------------[ jar ]---------------------------------
[INFO] 
[INFO] --- jacoco-maven-plugin:0.8.5:prepare-agent (default) @ forecast-io-wrapper ---
[INFO] argLine set to -javaagent:/home/jdbl/.m2/repository/org/jacoco/org.jacoco.agent/0.8.5/org.jacoco.agent-0.8.5-runtime.jar=destfile=/tmp/tmp6i3ccc4b/forecast-io-wrapper/target/jacoco.exec
[INFO] 
[INFO] --- maven-resources-plugin:2.6:resources (default-resources) @ forecast-io-wrapper ---
[INFO] Using 'UTF-8' encoding to copy filtered resources.
[INFO] skip non existing resourceDirectory /tmp/tmp6i3ccc4b/forecast-io-wrapper/src/main/resources
[INFO] 
[INFO] --- maven-compiler-plugin:3.1:compile (default-compile) @ forecast-io-wrapper ---
[INFO] Changes detected - recompiling the module!
[INFO] Compiling 10 source files to /tmp/tmp6i3ccc4b/forecast-io-wrapper/target/classes
[INFO] 
[INFO] --- maven-resources-plugin:2.6:testResources (default-testResources) @ forecast-io-wrapper ---
[INFO] Using 'UTF-8' encoding to copy filtered resources.
[INFO] Copying 4 resources
[INFO] 
[INFO] --- maven-compiler-plugin:3.1:testCompile (default-testCompile) @ forecast-io-wrapper ---
[INFO] Changes detected - recompiling the module!
[INFO] Compiling 5 source files to /tmp/tmp6i3ccc4b/forecast-io-wrapper/target/test-classes
[INFO] 
[INFO] --- maven-surefire-plugin:2.19.1:test (default-test) @ forecast-io-wrapper ---
[INFO] Surefire report directory: /tmp/tmp6i3ccc4b/forecast-io-wrapper/target/surefire-reports

-------------------------------------------------------
 T E S T S
-------------------------------------------------------
Running com.github.martinseeler.forecastio.ForecastTest
Tests run: 15, Failures: 0, Errors: 0, Skipped: 1, Time elapsed: 0.502 sec - in com.github.martinseeler.forecastio.ForecastTest
Running com.github.martinseeler.forecastio.data.HourlyDataPointTest
Tests run: 9, Failures: 0, Errors: 0, Skipped: 0, Time elapsed: 0.109 sec - in com.github.martinseeler.forecastio.data.HourlyDataPointTest
Running com.github.martinseeler.forecastio.data.CurrentDataPointTest
Tests run: 3, Failures: 0, Errors: 0, Skipped: 0, Time elapsed: 0.037 sec - in com.github.martinseeler.forecastio.data.CurrentDataPointTest
Running com.github.martinseeler.forecastio.data.DailyDataPointTest
Tests run: 7, Failures: 0, Errors: 0, Skipped: 1, Time elapsed: 0.013 sec - in com.github.martinseeler.forecastio.data.DailyDataPointTest
Running com.github.martinseeler.forecastio.data.MinutelyDataPointTest
Tests run: 9, Failures: 0, Errors: 0, Skipped: 0, Time elapsed: 0.021 sec - in com.github.martinseeler.forecastio.data.MinutelyDataPointTest

Results :

Tests run: 43, Failures: 0, Errors: 0, Skipped: 2

[INFO] 
[INFO] --- jacoco-maven-plugin:0.8.5:report (report) @ forecast-io-wrapper ---
[INFO] Loading execution data file /tmp/tmp6i3ccc4b/forecast-io-wrapper/target/jacoco.exec
[INFO] Analyzed bundle 'Forecast.io API Java Wrapper' with 43 classes
[INFO] ------------------------------------------------------------------------
[INFO] BUILD SUCCESS
[INFO] ------------------------------------------------------------------------
[INFO] Total time:  8.162 s
[INFO] Finished at: 2020-07-30T22:40:24Z
[INFO] ------------------------------------------------------------------------
