[INFO] Error stacktraces are turned on.
[INFO] Scanning for projects...
[INFO] 
[INFO] -----------< com.google.code.maven-replacer-plugin:replacer >-----------
[INFO] Building maven-replacer-plugin Maven Mojo 1.6.0
[INFO] ----------------------------[ maven-plugin ]----------------------------
[INFO] 
[INFO] --- maven-enforcer-plugin:1.0:enforce (enforce-maven) @ replacer ---
[INFO] 
[INFO] --- jacoco-maven-plugin:0.8.5:prepare-agent (default) @ replacer ---
[INFO] argLine set to -javaagent:/home/jdbl/.m2/repository/org/jacoco/org.jacoco.agent/0.8.5/org.jacoco.agent-0.8.5-runtime.jar=destfile=/tmp/tmpl75mdys7/maven-replacer-plugin/target/jacoco.exec
[INFO] 
[INFO] --- maven-plugin-plugin:3.1:helpmojo (generated-helpmojo) @ replacer ---
[INFO] Using 'UTF-8' encoding to read mojo metadata.
[INFO] Applying mojo extractor for language: java
[INFO] Mojo extractor for language: java found 1 mojo descriptors.
[INFO] Applying mojo extractor for language: bsh
[INFO] Mojo extractor for language: bsh found 0 mojo descriptors.
[INFO] Applying mojo extractor for language: java-annotations
[INFO] Mojo extractor for language: java-annotations found 0 mojo descriptors.
[INFO] 
[INFO] --- maven-resources-plugin:2.6:resources (default-resources) @ replacer ---
[INFO] Using 'UTF-8' encoding to copy filtered resources.
[INFO] Copying 1 resource
[INFO] 
[INFO] --- maven-compiler-plugin:2.3.2:compile (default-compile) @ replacer ---
[INFO] Compiling 15 source files to /tmp/tmpl75mdys7/maven-replacer-plugin/target/classes
[INFO] 
[INFO] --- maven-plugin-plugin:3.1:descriptor (default-descriptor) @ replacer ---
[INFO] Using 'UTF-8' encoding to read mojo metadata.
[INFO] Applying mojo extractor for language: java
[INFO] Mojo extractor for language: java found 2 mojo descriptors.
[INFO] Applying mojo extractor for language: bsh
[INFO] Mojo extractor for language: bsh found 0 mojo descriptors.
[INFO] Applying mojo extractor for language: java-annotations
[INFO] Mojo extractor for language: java-annotations found 0 mojo descriptors.
[INFO] 
[INFO] --- maven-resources-plugin:2.6:testResources (default-testResources) @ replacer ---
[INFO] Using 'UTF-8' encoding to copy filtered resources.
[INFO] Copying 9 resources
[INFO] 
[INFO] --- maven-compiler-plugin:2.3.2:testCompile (default-testCompile) @ replacer ---
[INFO] Compiling 14 source files to /tmp/tmpl75mdys7/maven-replacer-plugin/target/test-classes
[INFO] 
[INFO] --- maven-surefire-plugin:2.19.1:test (default-test) @ replacer ---
[INFO] Surefire report directory: /tmp/tmpl75mdys7/maven-replacer-plugin/target/surefire-reports

-------------------------------------------------------
 T E S T S
-------------------------------------------------------
Running com.google.code.maven_replacer_plugin.TokenValueMapFactoryTest
Tests run: 10, Failures: 0, Errors: 0, Skipped: 0, Time elapsed: 0.191 sec - in com.google.code.maven_replacer_plugin.TokenValueMapFactoryTest
Running com.google.code.maven_replacer_plugin.file.FileUtilsTest
Tests run: 13, Failures: 0, Errors: 0, Skipped: 0, Time elapsed: 0.035 sec - in com.google.code.maven_replacer_plugin.file.FileUtilsTest
Running com.google.code.maven_replacer_plugin.DelimiterBuilderTest
Tests run: 4, Failures: 0, Errors: 0, Skipped: 0, Time elapsed: 0 sec - in com.google.code.maven_replacer_plugin.DelimiterBuilderTest
Running com.google.code.maven_replacer_plugin.XPathReplacerTest
Tests run: 6, Failures: 0, Errors: 0, Skipped: 0, Time elapsed: 0.196 sec - in com.google.code.maven_replacer_plugin.XPathReplacerTest
Running com.google.code.maven_replacer_plugin.OutputFilenameBuilderTest
Tests run: 11, Failures: 0, Errors: 0, Skipped: 0, Time elapsed: 0.021 sec - in com.google.code.maven_replacer_plugin.OutputFilenameBuilderTest
Running com.google.code.maven_replacer_plugin.ReplacementProcessorTest
Tests run: 4, Failures: 0, Errors: 0, Skipped: 0, Time elapsed: 0.012 sec - in com.google.code.maven_replacer_plugin.ReplacementProcessorTest
Running com.google.code.maven_replacer_plugin.ReplacerFactoryTest
Tests run: 2, Failures: 0, Errors: 0, Skipped: 0, Time elapsed: 0 sec - in com.google.code.maven_replacer_plugin.ReplacerFactoryTest
Running com.google.code.maven_replacer_plugin.ReplacerMojoIntegrationTest
value
token
Tests run: 39, Failures: 0, Errors: 0, Skipped: 0, Time elapsed: 0.259 sec - in com.google.code.maven_replacer_plugin.ReplacerMojoIntegrationTest
Running com.google.code.maven_replacer_plugin.TokenReplacerTest
Tests run: 9, Failures: 0, Errors: 0, Skipped: 0, Time elapsed: 0.004 sec - in com.google.code.maven_replacer_plugin.TokenReplacerTest
Running com.google.code.maven_replacer_plugin.SummaryBuilderTest
Tests run: 1, Failures: 0, Errors: 0, Skipped: 0, Time elapsed: 0 sec - in com.google.code.maven_replacer_plugin.SummaryBuilderTest
Running com.google.code.maven_replacer_plugin.ReplacementTest
Tests run: 8, Failures: 0, Errors: 0, Skipped: 0, Time elapsed: 0.006 sec - in com.google.code.maven_replacer_plugin.ReplacementTest
Running com.google.code.maven_replacer_plugin.include.FileSelectorTest
Tests run: 4, Failures: 0, Errors: 0, Skipped: 0, Time elapsed: 0.001 sec - in com.google.code.maven_replacer_plugin.include.FileSelectorTest
Running com.google.code.maven_replacer_plugin.ReplacerMojoTest
Tests run: 21, Failures: 0, Errors: 0, Skipped: 0, Time elapsed: 0.056 sec - in com.google.code.maven_replacer_plugin.ReplacerMojoTest
Running com.google.code.maven_replacer_plugin.PatternFlagsFactoryTest
Tests run: 22, Failures: 0, Errors: 0, Skipped: 0, Time elapsed: 0.005 sec - in com.google.code.maven_replacer_plugin.PatternFlagsFactoryTest

Results :

Tests run: 154, Failures: 0, Errors: 0, Skipped: 0

[INFO] 
[INFO] --- jacoco-maven-plugin:0.8.5:report (report) @ replacer ---
[INFO] Loading execution data file /tmp/tmpl75mdys7/maven-replacer-plugin/target/jacoco.exec
[INFO] Analyzed bundle 'maven-replacer-plugin Maven Mojo' with 114 classes
[INFO] ------------------------------------------------------------------------
[INFO] BUILD SUCCESS
[INFO] ------------------------------------------------------------------------
[INFO] Total time:  23.373 s
[INFO] Finished at: 2020-07-30T20:20:45Z
[INFO] ------------------------------------------------------------------------
