[INFO] Error stacktraces are turned on.
[INFO] Scanning for projects...
[INFO] Inspecting build with total of 1 modules...
[INFO] Installing Nexus Staging features:
[INFO]   ... total of 1 executions of maven-deploy-plugin replaced with nexus-staging-maven-plugin
[INFO] 
[INFO] -------------------------< de.retest:recheck >--------------------------
[INFO] Building recheck 1.12.0-SNAPSHOT
[INFO] --------------------------------[ jar ]---------------------------------
[INFO] 
[INFO] --- jacoco-maven-plugin:0.8.5:prepare-agent (default) @ recheck ---
[INFO] argLine set to -javaagent:/home/jdbl/.m2/repository/org/jacoco/org.jacoco.agent/0.8.5/org.jacoco.agent-0.8.5-runtime.jar=destfile=/tmp/tmp9yp0bfhv/recheck/target/jacoco.exec
[INFO] 
[INFO] --- maven-resources-plugin:2.6:resources (default-resources) @ recheck ---
[INFO] Using 'UTF-8' encoding to copy filtered resources.
[INFO] Copying 9 resources
[INFO] 
[INFO] --- maven-compiler-plugin:3.8.1:compile (default-compile) @ recheck ---
[INFO] Changes detected - recompiling the module!
[INFO] Compiling 281 source files to /tmp/tmp9yp0bfhv/recheck/target/classes
[INFO] /tmp/tmp9yp0bfhv/recheck/src/main/java/de/retest/recheck/FileNamerStrategy.java: Some input files use or override a deprecated API.
[INFO] /tmp/tmp9yp0bfhv/recheck/src/main/java/de/retest/recheck/FileNamerStrategy.java: Recompile with -Xlint:deprecation for details.
[INFO] /tmp/tmp9yp0bfhv/recheck/src/main/java/de/retest/recheck/util/ReflectionUtilities.java: Some input files use unchecked or unsafe operations.
[INFO] /tmp/tmp9yp0bfhv/recheck/src/main/java/de/retest/recheck/util/ReflectionUtilities.java: Recompile with -Xlint:unchecked for details.
[INFO] 
[INFO] --- maven-resources-plugin:2.6:testResources (default-testResources) @ recheck ---
[INFO] Using 'UTF-8' encoding to copy filtered resources.
[INFO] Copying 100 resources
[INFO] 
[INFO] --- maven-compiler-plugin:3.8.1:testCompile (default-testCompile) @ recheck ---
[INFO] Changes detected - recompiling the module!
[INFO] Compiling 191 source files to /tmp/tmp9yp0bfhv/recheck/target/test-classes
[WARNING] /tmp/tmp9yp0bfhv/recheck/src/test/java/de/retest/recheck/util/ReflectionUtilitiesTest.java:[56,65] sun.awt.AppContext is internal proprietary API and may be removed in a future release
[WARNING] /tmp/tmp9yp0bfhv/recheck/src/test/java/de/retest/recheck/util/ReflectionUtilitiesTest.java:[70,65] sun.awt.AppContext is internal proprietary API and may be removed in a future release
[WARNING] /tmp/tmp9yp0bfhv/recheck/src/test/java/de/retest/recheck/util/ReflectionUtilitiesTest.java:[81,65] sun.awt.AppContext is internal proprietary API and may be removed in a future release
[INFO] /tmp/tmp9yp0bfhv/recheck/src/test/java/de/retest/recheck/ui/actions/AbstractActionImpl_execute_Test.java: Some input files use or override a deprecated API.
[INFO] /tmp/tmp9yp0bfhv/recheck/src/test/java/de/retest/recheck/ui/actions/AbstractActionImpl_execute_Test.java: Recompile with -Xlint:deprecation for details.
[INFO] /tmp/tmp9yp0bfhv/recheck/src/test/java/de/retest/recheck/review/ignore/io/InheritanceLoaderTest.java: Some input files use unchecked or unsafe operations.
[INFO] /tmp/tmp9yp0bfhv/recheck/src/test/java/de/retest/recheck/review/ignore/io/InheritanceLoaderTest.java: Recompile with -Xlint:unchecked for details.
[INFO] 
[INFO] --- maven-surefire-plugin:2.19.1:test (default-test) @ recheck ---
[INFO] Surefire report directory: /tmp/tmp9yp0bfhv/recheck/target/surefire-reports

-------------------------------------------------------
 T E S T S
-------------------------------------------------------
Running de.retest.recheck.image.ExactImageDifferenceCalculatorTest
Tests run: 4, Failures: 0, Errors: 0, Skipped: 0, Time elapsed: 1.285 sec - in de.retest.recheck.image.ExactImageDifferenceCalculatorTest
Running de.retest.recheck.image.FuzzyImageDifferenceCalculatorTest
18:56:35.667 [main] WARN de.retest.recheck.image.FuzzyImageDifferenceCalculator - |             |
18:56:35.679 [main] WARN de.retest.recheck.image.FuzzyImageDifferenceCalculator - |             |
18:56:35.683 [main] WARN de.retest.recheck.image.FuzzyImageDifferenceCalculator - |             |
18:56:35.684 [main] WARN de.retest.recheck.image.FuzzyImageDifferenceCalculator - |     XXX     |
18:56:35.686 [main] WARN de.retest.recheck.image.FuzzyImageDifferenceCalculator - |    XXXXX    |
18:56:35.687 [main] WARN de.retest.recheck.image.FuzzyImageDifferenceCalculator - |    XXXXX    |
18:56:35.688 [main] WARN de.retest.recheck.image.FuzzyImageDifferenceCalculator - |    XXXXX    |
18:56:35.690 [main] WARN de.retest.recheck.image.FuzzyImageDifferenceCalculator - |     XXXX    |
18:56:35.691 [main] WARN de.retest.recheck.image.FuzzyImageDifferenceCalculator - |             |
18:56:35.692 [main] WARN de.retest.recheck.image.FuzzyImageDifferenceCalculator - |             |
18:56:35.694 [main] WARN de.retest.recheck.image.FuzzyImageDifferenceCalculator - |             |
18:56:35.722 [main] WARN de.retest.recheck.image.FuzzyImageDifferenceCalculator - |               |
18:56:35.724 [main] WARN de.retest.recheck.image.FuzzyImageDifferenceCalculator - |               |
18:56:35.725 [main] WARN de.retest.recheck.image.FuzzyImageDifferenceCalculator - |               |
18:56:35.726 [main] WARN de.retest.recheck.image.FuzzyImageDifferenceCalculator - |               |
18:56:35.727 [main] WARN de.retest.recheck.image.FuzzyImageDifferenceCalculator - |               |
18:56:35.729 [main] WARN de.retest.recheck.image.FuzzyImageDifferenceCalculator - |               |
18:56:35.730 [main] WARN de.retest.recheck.image.FuzzyImageDifferenceCalculator - |               |
18:56:35.732 [main] WARN de.retest.recheck.image.FuzzyImageDifferenceCalculator - |               |
18:56:35.733 [main] WARN de.retest.recheck.image.FuzzyImageDifferenceCalculator - |               |
18:56:35.735 [main] WARN de.retest.recheck.image.FuzzyImageDifferenceCalculator - |               |
18:56:35.737 [main] WARN de.retest.recheck.image.FuzzyImageDifferenceCalculator - |               |
18:56:35.765 [main] WARN de.retest.recheck.image.FuzzyImageDifferenceCalculator - |               |
18:56:35.801 [main] WARN de.retest.recheck.image.FuzzyImageDifferenceCalculator - |                              |
18:56:35.810 [main] WARN de.retest.recheck.image.FuzzyImageDifferenceCalculator - |                              |
18:56:35.818 [main] WARN de.retest.recheck.image.FuzzyImageDifferenceCalculator - |                              |
18:56:35.826 [main] WARN de.retest.recheck.image.FuzzyImageDifferenceCalculator - |                              |
18:56:35.834 [main] WARN de.retest.recheck.image.FuzzyImageDifferenceCalculator - |                              |
18:56:35.843 [main] WARN de.retest.recheck.image.FuzzyImageDifferenceCalculator - |                              |
18:56:35.856 [main] WARN de.retest.recheck.image.FuzzyImageDifferenceCalculator - |                              |
18:56:35.870 [main] WARN de.retest.recheck.image.FuzzyImageDifferenceCalculator - |                              |
18:56:35.883 [main] WARN de.retest.recheck.image.FuzzyImageDifferenceCalculator - |                              |
18:56:35.896 [main] WARN de.retest.recheck.image.FuzzyImageDifferenceCalculator - |                              |
18:56:35.910 [main] WARN de.retest.recheck.image.FuzzyImageDifferenceCalculator - |                              |
18:56:35.916 [main] WARN de.retest.recheck.image.FuzzyImageDifferenceCalculator - |                              |
18:56:35.922 [main] WARN de.retest.recheck.image.FuzzyImageDifferenceCalculator - |                              |
18:56:35.927 [main] WARN de.retest.recheck.image.FuzzyImageDifferenceCalculator - |                              |
18:56:35.933 [main] WARN de.retest.recheck.image.FuzzyImageDifferenceCalculator - |                              |
18:56:35.938 [main] WARN de.retest.recheck.image.FuzzyImageDifferenceCalculator - |                              |
18:56:35.944 [main] WARN de.retest.recheck.image.FuzzyImageDifferenceCalculator - |                              |
18:56:35.949 [main] WARN de.retest.recheck.image.FuzzyImageDifferenceCalculator - |                              |
18:56:35.957 [main] WARN de.retest.recheck.image.FuzzyImageDifferenceCalculator - |                              |
18:56:35.965 [main] WARN de.retest.recheck.image.FuzzyImageDifferenceCalculator - |                              |
18:56:36.005 [main] WARN de.retest.recheck.image.FuzzyImageDifferenceCalculator - |                              |
18:56:36.015 [main] WARN de.retest.recheck.image.FuzzyImageDifferenceCalculator - |                              |
18:56:36.023 [main] WARN de.retest.recheck.image.FuzzyImageDifferenceCalculator - |                              |
18:56:36.492 [main] WARN de.retest.recheck.image.FuzzyImageDifferenceCalculator - |                                                      |
18:56:36.576 [main] WARN de.retest.recheck.image.FuzzyImageDifferenceCalculator - |                                                      |
18:56:36.607 [main] WARN de.retest.recheck.image.FuzzyImageDifferenceCalculator - |                                                      |
18:56:36.637 [main] WARN de.retest.recheck.image.FuzzyImageDifferenceCalculator - |                                                      |
18:56:36.749 [main] WARN de.retest.recheck.image.FuzzyImageDifferenceCalculator - |                                                      |
18:56:36.782 [main] WARN de.retest.recheck.image.FuzzyImageDifferenceCalculator - |                                                      |
18:56:36.824 [main] WARN de.retest.recheck.image.FuzzyImageDifferenceCalculator - |                                                      |
18:56:36.869 [main] WARN de.retest.recheck.image.FuzzyImageDifferenceCalculator - |                                                      |
18:56:36.935 [main] WARN de.retest.recheck.image.FuzzyImageDifferenceCalculator - |                                                      |
18:56:37.002 [main] WARN de.retest.recheck.image.FuzzyImageDifferenceCalculator - |                                                      |
18:56:37.040 [main] WARN de.retest.recheck.image.FuzzyImageDifferenceCalculator - |                                                      |
18:56:37.072 [main] WARN de.retest.recheck.image.FuzzyImageDifferenceCalculator - |                                                      |
18:56:37.098 [main] WARN de.retest.recheck.image.FuzzyImageDifferenceCalculator - |                                                      |
18:56:37.136 [main] WARN de.retest.recheck.image.FuzzyImageDifferenceCalculator - |                                                      |
18:56:37.166 [main] WARN de.retest.recheck.image.FuzzyImageDifferenceCalculator - |                                                      |
18:56:37.198 [main] WARN de.retest.recheck.image.FuzzyImageDifferenceCalculator - |                                                      |
18:56:37.228 [main] WARN de.retest.recheck.image.FuzzyImageDifferenceCalculator - |                                                      |
18:56:37.259 [main] WARN de.retest.recheck.image.FuzzyImageDifferenceCalculator - |                                                      |
18:56:37.302 [main] WARN de.retest.recheck.image.FuzzyImageDifferenceCalculator - |                                                      |
18:56:37.341 [main] WARN de.retest.recheck.image.FuzzyImageDifferenceCalculator - |                                                      |
18:56:37.383 [main] WARN de.retest.recheck.image.FuzzyImageDifferenceCalculator - |                                                      |
18:56:37.425 [main] WARN de.retest.recheck.image.FuzzyImageDifferenceCalculator - |                                                      |
18:56:37.461 [main] WARN de.retest.recheck.image.FuzzyImageDifferenceCalculator - |                                                      |
18:56:37.502 [main] WARN de.retest.recheck.image.FuzzyImageDifferenceCalculator - |                                                      |
18:56:37.542 [main] WARN de.retest.recheck.image.FuzzyImageDifferenceCalculator - |                                                      |
18:56:37.581 [main] WARN de.retest.recheck.image.FuzzyImageDifferenceCalculator - |                                                      |
18:56:37.615 [main] WARN de.retest.recheck.image.FuzzyImageDifferenceCalculator - |                                                      |
18:56:37.662 [main] WARN de.retest.recheck.image.FuzzyImageDifferenceCalculator - |                                                      |
18:56:37.694 [main] WARN de.retest.recheck.image.FuzzyImageDifferenceCalculator - |                                                      |
18:56:37.736 [main] WARN de.retest.recheck.image.FuzzyImageDifferenceCalculator - |                                                      |
18:56:37.768 [main] WARN de.retest.recheck.image.FuzzyImageDifferenceCalculator - |                                                      |
18:56:37.806 [main] WARN de.retest.recheck.image.FuzzyImageDifferenceCalculator - |                                                      |
18:56:37.894 [main] WARN de.retest.recheck.image.FuzzyImageDifferenceCalculator - |                                                      |
18:56:37.935 [main] WARN de.retest.recheck.image.FuzzyImageDifferenceCalculator - |                                                      |
18:56:37.974 [main] WARN de.retest.recheck.image.FuzzyImageDifferenceCalculator - |                                                      |
18:56:38.013 [main] WARN de.retest.recheck.image.FuzzyImageDifferenceCalculator - |                                                      |
18:56:38.053 [main] WARN de.retest.recheck.image.FuzzyImageDifferenceCalculator - |                                                      |
18:56:38.085 [main] WARN de.retest.recheck.image.FuzzyImageDifferenceCalculator - |                                                      |
18:56:38.111 [main] WARN de.retest.recheck.image.FuzzyImageDifferenceCalculator - |                                                      |
18:56:38.137 [main] WARN de.retest.recheck.image.FuzzyImageDifferenceCalculator - |                                                      |
18:56:38.240 [main] WARN de.retest.recheck.image.FuzzyImageDifferenceCalculator - |                                                      |
18:56:38.274 [main] WARN de.retest.recheck.image.FuzzyImageDifferenceCalculator - |                                                      |
18:56:38.296 [main] WARN de.retest.recheck.image.FuzzyImageDifferenceCalculator - |                                                      |
18:56:38.318 [main] WARN de.retest.recheck.image.FuzzyImageDifferenceCalculator - |                                                      |
18:56:38.339 [main] WARN de.retest.recheck.image.FuzzyImageDifferenceCalculator - |                                                      |
18:56:38.367 [main] WARN de.retest.recheck.image.FuzzyImageDifferenceCalculator - |                                                      |
18:56:38.402 [main] WARN de.retest.recheck.image.FuzzyImageDifferenceCalculator - |                                                      |
18:56:38.437 [main] WARN de.retest.recheck.image.FuzzyImageDifferenceCalculator - |                                                      |
18:56:38.461 [main] WARN de.retest.recheck.image.FuzzyImageDifferenceCalculator - |                                                      |
18:56:38.483 [main] WARN de.retest.recheck.image.FuzzyImageDifferenceCalculator - |                                                      |
18:56:38.538 [main] WARN de.retest.recheck.image.FuzzyImageDifferenceCalculator - |                                                      |
18:56:38.565 [main] WARN de.retest.recheck.image.FuzzyImageDifferenceCalculator - |                                                      |
18:56:38.594 [main] WARN de.retest.recheck.image.FuzzyImageDifferenceCalculator - |                                                      |
18:56:38.622 [main] WARN de.retest.recheck.image.FuzzyImageDifferenceCalculator - |                                                      |
18:56:38.658 [main] WARN de.retest.recheck.image.FuzzyImageDifferenceCalculator - |                                                      |
18:56:38.693 [main] WARN de.retest.recheck.image.FuzzyImageDifferenceCalculator - |                                                      |
18:56:38.732 [main] WARN de.retest.recheck.image.FuzzyImageDifferenceCalculator - |                                                      |
18:56:38.770 [main] WARN de.retest.recheck.image.FuzzyImageDifferenceCalculator - |                                                      |
18:56:38.805 [main] WARN de.retest.recheck.image.FuzzyImageDifferenceCalculator - |                                                      |
18:56:38.836 [main] WARN de.retest.recheck.image.FuzzyImageDifferenceCalculator - |                                    X   X             |
18:56:38.864 [main] WARN de.retest.recheck.image.FuzzyImageDifferenceCalculator - |                                    XX  XX   XX  X    |
18:56:38.888 [main] WARN de.retest.recheck.image.FuzzyImageDifferenceCalculator - |                                    XXXXXXXXXXXXXXXX  |
18:56:38.915 [main] WARN de.retest.recheck.image.FuzzyImageDifferenceCalculator - |                                    XXXXXXXXXXXXXXXX  |
18:56:38.940 [main] WARN de.retest.recheck.image.FuzzyImageDifferenceCalculator - |                                    XXXXXXXXXXXXXXXX  |
18:56:38.971 [main] WARN de.retest.recheck.image.FuzzyImageDifferenceCalculator - |                                    XXXXXXXXXXXXXXXX  |
18:56:38.998 [main] WARN de.retest.recheck.image.FuzzyImageDifferenceCalculator - |                                    XXXXXXXXXXXXXXXX  |
18:56:39.028 [main] WARN de.retest.recheck.image.FuzzyImageDifferenceCalculator - |                                    XXXXXXXXXXXXXXXX  |
18:56:39.062 [main] WARN de.retest.recheck.image.FuzzyImageDifferenceCalculator - |                                    XXXXXXXXXXXXXXXX  |
18:56:39.100 [main] WARN de.retest.recheck.image.FuzzyImageDifferenceCalculator - |                                    XXXXXXXXXXXXXXXX  |
18:56:39.143 [main] WARN de.retest.recheck.image.FuzzyImageDifferenceCalculator - |                                      XX XXX  XXXXXX  |
18:56:39.184 [main] WARN de.retest.recheck.image.FuzzyImageDifferenceCalculator - |                                       X   X   X   X  |
18:56:39.222 [main] WARN de.retest.recheck.image.FuzzyImageDifferenceCalculator - |                                                      |
18:56:39.251 [main] WARN de.retest.recheck.image.FuzzyImageDifferenceCalculator - |                                                      |
18:56:39.302 [main] WARN de.retest.recheck.image.FuzzyImageDifferenceCalculator - |                                                      |
18:56:39.345 [main] WARN de.retest.recheck.image.FuzzyImageDifferenceCalculator - |                                                      |
18:56:39.391 [main] WARN de.retest.recheck.image.FuzzyImageDifferenceCalculator - |                                                      |
18:56:39.436 [main] WARN de.retest.recheck.image.FuzzyImageDifferenceCalculator - |                                                      |
18:56:39.482 [main] WARN de.retest.recheck.image.FuzzyImageDifferenceCalculator - |              XX                      X X    X        |
18:56:39.542 [main] WARN de.retest.recheck.image.FuzzyImageDifferenceCalculator - |                                                      |
18:56:39.586 [main] WARN de.retest.recheck.image.FuzzyImageDifferenceCalculator - |                                                      |
18:56:39.693 [main] WARN de.retest.recheck.image.FuzzyImageDifferenceCalculator - |               |
18:56:39.695 [main] WARN de.retest.recheck.image.FuzzyImageDifferenceCalculator - |               |
18:56:39.697 [main] WARN de.retest.recheck.image.FuzzyImageDifferenceCalculator - |               |
18:56:39.699 [main] WARN de.retest.recheck.image.FuzzyImageDifferenceCalculator - |               |
18:56:39.700 [main] WARN de.retest.recheck.image.FuzzyImageDifferenceCalculator - |              X|
18:56:39.702 [main] WARN de.retest.recheck.image.FuzzyImageDifferenceCalculator - |             XX|
18:56:39.702 [main] WARN de.retest.recheck.image.FuzzyImageDifferenceCalculator - |             XX|
18:56:39.703 [main] WARN de.retest.recheck.image.FuzzyImageDifferenceCalculator - |             XX|
18:56:39.704 [main] WARN de.retest.recheck.image.FuzzyImageDifferenceCalculator - |              X|
18:56:39.705 [main] WARN de.retest.recheck.image.FuzzyImageDifferenceCalculator - |               |
18:56:39.706 [main] WARN de.retest.recheck.image.FuzzyImageDifferenceCalculator - |               |
18:56:39.707 [main] WARN de.retest.recheck.image.FuzzyImageDifferenceCalculator - |               |
18:56:39.732 [main] WARN de.retest.recheck.image.FuzzyImageDifferenceCalculator - |                              |
18:56:39.737 [main] WARN de.retest.recheck.image.FuzzyImageDifferenceCalculator - |                              |
18:56:39.744 [main] WARN de.retest.recheck.image.FuzzyImageDifferenceCalculator - |                              |
18:56:39.751 [main] WARN de.retest.recheck.image.FuzzyImageDifferenceCalculator - |                              |
18:56:39.758 [main] WARN de.retest.recheck.image.FuzzyImageDifferenceCalculator - |                              |
18:56:39.766 [main] WARN de.retest.recheck.image.FuzzyImageDifferenceCalculator - |                              |
18:56:39.773 [main] WARN de.retest.recheck.image.FuzzyImageDifferenceCalculator - |                              |
18:56:39.780 [main] WARN de.retest.recheck.image.FuzzyImageDifferenceCalculator - |                              |
18:56:39.787 [main] WARN de.retest.recheck.image.FuzzyImageDifferenceCalculator - |                              |
18:56:39.794 [main] WARN de.retest.recheck.image.FuzzyImageDifferenceCalculator - |                             X|
18:56:39.800 [main] WARN de.retest.recheck.image.FuzzyImageDifferenceCalculator - |                            XX|
18:56:39.807 [main] WARN de.retest.recheck.image.FuzzyImageDifferenceCalculator - |                           X  |
18:56:39.814 [main] WARN de.retest.recheck.image.FuzzyImageDifferenceCalculator - |                          XX X|
18:56:39.820 [main] WARN de.retest.recheck.image.FuzzyImageDifferenceCalculator - |                          XX X|
18:56:39.839 [main] WARN de.retest.recheck.image.FuzzyImageDifferenceCalculator - |                          XXXX|
18:56:39.844 [main] WARN de.retest.recheck.image.FuzzyImageDifferenceCalculator - |                           XX |
18:56:39.852 [main] WARN de.retest.recheck.image.FuzzyImageDifferenceCalculator - |                           XXX|
18:56:39.858 [main] WARN de.retest.recheck.image.FuzzyImageDifferenceCalculator - |                             X|
18:56:39.865 [main] WARN de.retest.recheck.image.FuzzyImageDifferenceCalculator - |                    X         |
18:56:39.871 [main] WARN de.retest.recheck.image.FuzzyImageDifferenceCalculator - |                     X        |
18:56:39.877 [main] WARN de.retest.recheck.image.FuzzyImageDifferenceCalculator - |                              |
18:56:39.883 [main] WARN de.retest.recheck.image.FuzzyImageDifferenceCalculator - |                              |
18:56:39.888 [main] WARN de.retest.recheck.image.FuzzyImageDifferenceCalculator - |                              |
Tests run: 9, Failures: 0, Errors: 0, Skipped: 0, Time elapsed: 4.248 sec - in de.retest.recheck.image.FuzzyImageDifferenceCalculatorTest
Running de.retest.recheck.review.ignore.FilterPreserveLineTest
18:56:39.920 [main] WARN de.retest.recheck.review.ignore.FilterPreserveLineLoader - Please remove leading whitespace from the following line:
 foo bar baz
Tests run: 3, Failures: 0, Errors: 0, Skipped: 0, Time elapsed: 0.037 sec - in de.retest.recheck.review.ignore.FilterPreserveLineTest
Running de.retest.recheck.util.ReflectionUtilitiesTest
18:56:39.949 [main] ERROR de.retest.recheck.util.ReflectionUtilities - Couldn't find class 'SomeUnkownType'.
java.lang.ClassNotFoundException: SomeUnkownType
	at java.net.URLClassLoader.findClass(URLClassLoader.java:382)
	at java.lang.ClassLoader.loadClass(ClassLoader.java:418)
	at sun.misc.Launcher$AppClassLoader.loadClass(Launcher.java:352)
	at java.lang.ClassLoader.loadClass(ClassLoader.java:351)
	at de.retest.recheck.util.ReflectionUtilities.instanceOf(ReflectionUtilities.java:52)
	at de.retest.recheck.util.ReflectionUtilitiesTest.instanceOf_String_Class_should_handle_inexistent_types(ReflectionUtilitiesTest.java:152)
	at sun.reflect.NativeMethodAccessorImpl.invoke0(Native Method)
	at sun.reflect.NativeMethodAccessorImpl.invoke(NativeMethodAccessorImpl.java:62)
	at sun.reflect.DelegatingMethodAccessorImpl.invoke(DelegatingMethodAccessorImpl.java:43)
	at java.lang.reflect.Method.invoke(Method.java:498)
	at org.junit.runners.model.FrameworkMethod$1.runReflectiveCall(FrameworkMethod.java:59)
	at org.junit.internal.runners.model.ReflectiveCallable.run(ReflectiveCallable.java:12)
	at org.junit.runners.model.FrameworkMethod.invokeExplosively(FrameworkMethod.java:56)
	at org.junit.internal.runners.statements.InvokeMethod.evaluate(InvokeMethod.java:17)
	at org.junit.rules.ExpectedException$ExpectedExceptionStatement.evaluate(ExpectedException.java:258)
	at org.junit.runners.ParentRunner$3.evaluate(ParentRunner.java:306)
	at org.junit.runners.BlockJUnit4ClassRunner$1.evaluate(BlockJUnit4ClassRunner.java:100)
	at org.junit.runners.ParentRunner.runLeaf(ParentRunner.java:366)
	at org.junit.runners.BlockJUnit4ClassRunner.runChild(BlockJUnit4ClassRunner.java:103)
	at org.junit.runners.BlockJUnit4ClassRunner.runChild(BlockJUnit4ClassRunner.java:63)
	at org.junit.runners.ParentRunner$4.run(ParentRunner.java:331)
	at org.junit.runners.ParentRunner$1.schedule(ParentRunner.java:79)
	at org.junit.runners.ParentRunner.runChildren(ParentRunner.java:329)
	at org.junit.runners.ParentRunner.access$100(ParentRunner.java:66)
	at org.junit.runners.ParentRunner$2.evaluate(ParentRunner.java:293)
	at org.junit.runners.ParentRunner$3.evaluate(ParentRunner.java:306)
	at org.junit.runners.ParentRunner.run(ParentRunner.java:413)
	at org.apache.maven.surefire.junit4.JUnit4Provider.execute(JUnit4Provider.java:367)
	at org.apache.maven.surefire.junit4.JUnit4Provider.executeWithRerun(JUnit4Provider.java:274)
	at org.apache.maven.surefire.junit4.JUnit4Provider.executeTestSet(JUnit4Provider.java:238)
	at org.apache.maven.surefire.junit4.JUnit4Provider.invoke(JUnit4Provider.java:161)
	at org.apache.maven.surefire.booter.ForkedBooter.invokeProviderInSameClassLoader(ForkedBooter.java:290)
	at org.apache.maven.surefire.booter.ForkedBooter.runSuitesInProcess(ForkedBooter.java:242)
	at org.apache.maven.surefire.booter.ForkedBooter.main(ForkedBooter.java:121)
Tests run: 18, Failures: 0, Errors: 0, Skipped: 0, Time elapsed: 0.903 sec - in de.retest.recheck.util.ReflectionUtilitiesTest
Running de.retest.recheck.util.ObjectUtilTest
Tests run: 5, Failures: 0, Errors: 0, Skipped: 0, Time elapsed: 0.005 sec - in de.retest.recheck.util.ObjectUtilTest
Running de.retest.recheck.util.ChecksumCalculatorTest
Tests run: 2, Failures: 0, Errors: 0, Skipped: 0, Time elapsed: 0 sec - in de.retest.recheck.util.ChecksumCalculatorTest
Running de.retest.recheck.util.VersionProviderTest
18:56:40.861 [main] WARN de.retest.recheck.util.VersionProvider - Failed to read package version!
18:56:40.861 [main] WARN de.retest.recheck.util.VersionProvider - Failed to read manifest version!
Tests run: 1, Failures: 0, Errors: 0, Skipped: 0, Time elapsed: 0.011 sec - in de.retest.recheck.util.VersionProviderTest
Running de.retest.recheck.util.FileUtilTest
Tests run: 29, Failures: 0, Errors: 0, Skipped: 0, Time elapsed: 0.334 sec - in de.retest.recheck.util.FileUtilTest
Running de.retest.recheck.util.StackTraceParserTest
Tests run: 7, Failures: 0, Errors: 0, Skipped: 0, Time elapsed: 0.007 sec - in de.retest.recheck.util.StackTraceParserTest
Running de.retest.recheck.RecheckImplTest
18:56:43.001 [main] DEBUG de.retest.recheck.configuration.PathBasedProjectRootFinder - Searching for project root under /tmp/tmp9yp0bfhv/recheck.
18:56:43.006 [main] DEBUG de.retest.recheck.configuration.PathBasedProjectRootFinder - Found project root in /tmp/tmp9yp0bfhv/recheck.
18:56:43.008 [main] INFO de.retest.recheck.review.workers.LoadFilterWorker - Ignoring missing ignore file '/tmp/tmp9yp0bfhv/recheck/.retest/recheck.ignore'.
18:56:43.135 [main] INFO de.retest.recheck.review.workers.LoadFilterWorker - Ignoring missing ignore file '/home/jdbl/.retest/recheck.ignore'.
18:56:43.135 [main] INFO de.retest.recheck.review.workers.LoadFilterWorker - Ignoring missing ignore file 'de.retest.recheck.RecheckImplTest/recheck.ignore'.
18:56:43.140 [main] DEBUG de.retest.recheck.configuration.PathBasedProjectRootFinder - Searching for project root under /tmp/tmp9yp0bfhv/recheck.
18:56:43.140 [main] DEBUG de.retest.recheck.configuration.PathBasedProjectRootFinder - Found project root in /tmp/tmp9yp0bfhv/recheck.
18:56:43.159 [main] DEBUG de.retest.recheck.configuration.PathBasedProjectRootFinder - Searching for project root under /tmp/tmp9yp0bfhv/recheck.
18:56:43.159 [main] DEBUG de.retest.recheck.configuration.PathBasedProjectRootFinder - Found project root in /tmp/tmp9yp0bfhv/recheck.
18:56:43.162 [main] INFO de.retest.recheck.configuration.ProjectConfiguration - Creating empty project configuration in /tmp/tmp9yp0bfhv/recheck/.retest.
18:56:43.162 [main] INFO de.retest.recheck.configuration.ProjectConfiguration - Creating empty recheck configuration in /tmp/tmp9yp0bfhv/recheck/.retest/recheck.ignore.
18:56:43.162 [main] INFO de.retest.recheck.configuration.ProjectConfiguration - Creating empty recheck configuration in /tmp/tmp9yp0bfhv/recheck/.retest/recheck.ignore.js.
18:56:43.167 [main] DEBUG de.retest.recheck.configuration.PathBasedProjectRootFinder - Searching for project root under /tmp/tmp9yp0bfhv/recheck.
18:56:43.167 [main] DEBUG de.retest.recheck.configuration.PathBasedProjectRootFinder - Found project root in /tmp/tmp9yp0bfhv/recheck.
18:56:43.366 [main] WARN de.retest.recheck.RecheckImpl - Please call 'startTest()' before performing a check.
18:56:43.581 [main] DEBUG de.retest.recheck.configuration.PathBasedProjectRootFinder - Searching for project root under /tmp/tmp9yp0bfhv/recheck.
18:56:43.581 [main] DEBUG de.retest.recheck.configuration.PathBasedProjectRootFinder - Found project root in /tmp/tmp9yp0bfhv/recheck.
18:56:43.581 [main] INFO de.retest.recheck.review.workers.LoadFilterWorker - Reading ignore file from '/tmp/tmp9yp0bfhv/recheck/.retest/recheck.ignore'.
18:56:43.666 [main] INFO de.retest.recheck.review.workers.LoadFilterWorker - Ignoring missing ignore file '/home/jdbl/.retest/recheck.ignore'.
18:56:43.667 [main] INFO de.retest.recheck.review.workers.LoadFilterWorker - Ignoring missing ignore file 'src/test/resources/retest/recheck/de.retest.recheck.RecheckImplTest/recheck.ignore'.
18:56:43.675 [main] DEBUG de.retest.recheck.configuration.PathBasedProjectRootFinder - Searching for project root under /tmp/tmp9yp0bfhv/recheck.
18:56:43.675 [main] DEBUG de.retest.recheck.configuration.PathBasedProjectRootFinder - Found project root in /tmp/tmp9yp0bfhv/recheck.
18:56:43.704 [main] DEBUG de.retest.recheck.configuration.PathBasedProjectRootFinder - Searching for project root under /tmp/tmp9yp0bfhv/recheck.
18:56:43.705 [main] DEBUG de.retest.recheck.configuration.PathBasedProjectRootFinder - Found project root in /tmp/tmp9yp0bfhv/recheck.
ScriptEngineManager providers.next(): javax.script.ScriptEngineFactory: Provider jdk.nashorn.api.scripting.NashornScriptEngineFactory not a subtype
18:56:44.227 [main] INFO de.retest.recheck.ignore.JSFilterImpl - Reading JS filter rules file from '/tmp/tmp9yp0bfhv/recheck/.retest/recheck.ignore.js'.
18:56:44.260 [main] DEBUG de.retest.recheck.configuration.PathBasedProjectRootFinder - Searching for project root under /tmp/tmp9yp0bfhv/recheck.
18:56:44.260 [main] DEBUG de.retest.recheck.configuration.PathBasedProjectRootFinder - Found project root in /tmp/tmp9yp0bfhv/recheck.
18:56:44.260 [main] DEBUG de.retest.recheck.configuration.PathBasedProjectRootFinder - Searching for project root under /tmp/tmp9yp0bfhv/recheck.
18:56:44.260 [main] DEBUG de.retest.recheck.configuration.PathBasedProjectRootFinder - Found project root in /tmp/tmp9yp0bfhv/recheck.
18:56:44.406 [main] DEBUG de.retest.recheck.configuration.PathBasedProjectRootFinder - Searching for project root under /tmp/tmp9yp0bfhv/recheck.
18:56:44.406 [main] DEBUG de.retest.recheck.configuration.PathBasedProjectRootFinder - Found project root in /tmp/tmp9yp0bfhv/recheck.
18:56:44.406 [main] INFO de.retest.recheck.review.workers.LoadFilterWorker - Reading ignore file from '/tmp/tmp9yp0bfhv/recheck/.retest/recheck.ignore'.
18:56:44.406 [main] INFO de.retest.recheck.review.workers.LoadFilterWorker - Ignoring missing ignore file '/home/jdbl/.retest/recheck.ignore'.
18:56:44.406 [main] INFO de.retest.recheck.review.workers.LoadFilterWorker - Ignoring missing ignore file 'src/test/resources/retest/recheck/name/recheck.ignore'.
18:56:44.407 [main] DEBUG de.retest.recheck.configuration.PathBasedProjectRootFinder - Searching for project root under /tmp/tmp9yp0bfhv/recheck.
18:56:44.407 [main] DEBUG de.retest.recheck.configuration.PathBasedProjectRootFinder - Found project root in /tmp/tmp9yp0bfhv/recheck.
18:56:44.409 [main] DEBUG de.retest.recheck.configuration.PathBasedProjectRootFinder - Searching for project root under /tmp/tmp9yp0bfhv/recheck.
18:56:44.410 [main] DEBUG de.retest.recheck.configuration.PathBasedProjectRootFinder - Found project root in /tmp/tmp9yp0bfhv/recheck.
ScriptEngineManager providers.next(): javax.script.ScriptEngineFactory: Provider jdk.nashorn.api.scripting.NashornScriptEngineFactory not a subtype
18:56:44.417 [main] INFO de.retest.recheck.ignore.JSFilterImpl - Reading JS filter rules file from '/tmp/tmp9yp0bfhv/recheck/.retest/recheck.ignore.js'.
18:56:44.424 [main] DEBUG de.retest.recheck.configuration.PathBasedProjectRootFinder - Searching for project root under /tmp/tmp9yp0bfhv/recheck.
18:56:44.424 [main] DEBUG de.retest.recheck.configuration.PathBasedProjectRootFinder - Found project root in /tmp/tmp9yp0bfhv/recheck.
18:56:44.425 [main] DEBUG de.retest.recheck.configuration.PathBasedProjectRootFinder - Searching for project root under /tmp/tmp9yp0bfhv/recheck.
18:56:44.425 [main] DEBUG de.retest.recheck.configuration.PathBasedProjectRootFinder - Found project root in /tmp/tmp9yp0bfhv/recheck.
18:56:44.435 [main] DEBUG de.retest.recheck.configuration.PathBasedProjectRootFinder - Searching for project root under /tmp/tmp9yp0bfhv/recheck.
18:56:44.435 [main] DEBUG de.retest.recheck.configuration.PathBasedProjectRootFinder - Found project root in /tmp/tmp9yp0bfhv/recheck.
18:56:44.435 [main] INFO de.retest.recheck.review.workers.LoadFilterWorker - Reading ignore file from '/tmp/tmp9yp0bfhv/recheck/.retest/recheck.ignore'.
18:56:44.435 [main] INFO de.retest.recheck.review.workers.LoadFilterWorker - Ignoring missing ignore file '/home/jdbl/.retest/recheck.ignore'.
18:56:44.435 [main] INFO de.retest.recheck.review.workers.LoadFilterWorker - Ignoring missing ignore file 'src/test/resources/retest/recheck/FooBar/recheck.ignore'.
18:56:44.436 [main] DEBUG de.retest.recheck.configuration.PathBasedProjectRootFinder - Searching for project root under /tmp/tmp9yp0bfhv/recheck.
18:56:44.436 [main] DEBUG de.retest.recheck.configuration.PathBasedProjectRootFinder - Found project root in /tmp/tmp9yp0bfhv/recheck.
18:56:44.438 [main] DEBUG de.retest.recheck.configuration.PathBasedProjectRootFinder - Searching for project root under /tmp/tmp9yp0bfhv/recheck.
18:56:44.439 [main] DEBUG de.retest.recheck.configuration.PathBasedProjectRootFinder - Found project root in /tmp/tmp9yp0bfhv/recheck.
ScriptEngineManager providers.next(): javax.script.ScriptEngineFactory: Provider jdk.nashorn.api.scripting.NashornScriptEngineFactory not a subtype
18:56:44.445 [main] INFO de.retest.recheck.ignore.JSFilterImpl - Reading JS filter rules file from '/tmp/tmp9yp0bfhv/recheck/.retest/recheck.ignore.js'.
18:56:44.451 [main] DEBUG de.retest.recheck.configuration.PathBasedProjectRootFinder - Searching for project root under /tmp/tmp9yp0bfhv/recheck.
18:56:44.451 [main] DEBUG de.retest.recheck.configuration.PathBasedProjectRootFinder - Found project root in /tmp/tmp9yp0bfhv/recheck.
18:56:44.451 [main] DEBUG de.retest.recheck.configuration.PathBasedProjectRootFinder - Searching for project root under /tmp/tmp9yp0bfhv/recheck.
18:56:44.451 [main] DEBUG de.retest.recheck.configuration.PathBasedProjectRootFinder - Found project root in /tmp/tmp9yp0bfhv/recheck.
18:56:44.457 [main] DEBUG de.retest.recheck.configuration.PathBasedProjectRootFinder - Searching for project root under /tmp/tmp9yp0bfhv/recheck.
18:56:44.457 [main] DEBUG de.retest.recheck.configuration.PathBasedProjectRootFinder - Found project root in /tmp/tmp9yp0bfhv/recheck.
18:56:44.458 [main] INFO de.retest.recheck.review.workers.LoadFilterWorker - Reading ignore file from '/tmp/tmp9yp0bfhv/recheck/.retest/recheck.ignore'.
18:56:44.458 [main] INFO de.retest.recheck.review.workers.LoadFilterWorker - Ignoring missing ignore file '/home/jdbl/.retest/recheck.ignore'.
18:56:44.458 [main] INFO de.retest.recheck.review.workers.LoadFilterWorker - Ignoring missing ignore file '/tmp/junit5973444827543407306/junit195591836207752985/SomeTestClass/recheck.ignore'.
18:56:44.458 [main] DEBUG de.retest.recheck.configuration.PathBasedProjectRootFinder - Searching for project root under /tmp/tmp9yp0bfhv/recheck.
18:56:44.458 [main] DEBUG de.retest.recheck.configuration.PathBasedProjectRootFinder - Found project root in /tmp/tmp9yp0bfhv/recheck.
18:56:44.459 [main] DEBUG de.retest.recheck.configuration.PathBasedProjectRootFinder - Searching for project root under /tmp/tmp9yp0bfhv/recheck.
18:56:44.459 [main] DEBUG de.retest.recheck.configuration.PathBasedProjectRootFinder - Found project root in /tmp/tmp9yp0bfhv/recheck.
ScriptEngineManager providers.next(): javax.script.ScriptEngineFactory: Provider jdk.nashorn.api.scripting.NashornScriptEngineFactory not a subtype
18:56:44.464 [main] INFO de.retest.recheck.ignore.JSFilterImpl - Reading JS filter rules file from '/tmp/tmp9yp0bfhv/recheck/.retest/recheck.ignore.js'.
18:56:44.470 [main] DEBUG de.retest.recheck.configuration.PathBasedProjectRootFinder - Searching for project root under /tmp/tmp9yp0bfhv/recheck.
18:56:44.470 [main] DEBUG de.retest.recheck.configuration.PathBasedProjectRootFinder - Found project root in /tmp/tmp9yp0bfhv/recheck.
18:56:44.471 [main] DEBUG de.retest.recheck.configuration.PathBasedProjectRootFinder - Searching for project root under /tmp/tmp9yp0bfhv/recheck.
18:56:44.471 [main] DEBUG de.retest.recheck.configuration.PathBasedProjectRootFinder - Found project root in /tmp/tmp9yp0bfhv/recheck.
18:56:44.482 [main] WARN de.retest.recheck.RecheckImpl - Please call 'startTest()' before performing a check.
18:56:44.850 [main] DEBUG de.retest.recheck.persistence.GitExecutor - Looks like git is used
18:56:44.906 [main] WARN de.retest.recheck.util.VersionProvider - Failed to read package version!
18:56:44.906 [main] WARN de.retest.recheck.util.VersionProvider - Failed to read manifest version!
18:56:44.906 [main] DEBUG de.retest.recheck.persistence.xml.XmlFolderPersistence - baseFolder '/tmp/junit5973444827543407306/junit195591836207752985/SomeTestClass/someTestMethod.step.recheck' don't exists, create new one
18:56:46.754 [main] INFO de.retest.recheck.image.ImageDiffCalcFactory - No ImageDifferenceCalculator specified, will use default.
18:56:46.756 [main] DEBUG de.retest.recheck.ui.diff.RootElementDifferenceFinder - Finding differences for window took 1ms.
18:56:46.765 [main] DEBUG de.retest.recheck.configuration.PathBasedProjectRootFinder - Searching for project root under /tmp/tmp9yp0bfhv/recheck.
18:56:46.765 [main] DEBUG de.retest.recheck.configuration.PathBasedProjectRootFinder - Found project root in /tmp/tmp9yp0bfhv/recheck.
18:56:46.765 [main] INFO de.retest.recheck.review.workers.LoadFilterWorker - Reading ignore file from '/tmp/tmp9yp0bfhv/recheck/.retest/recheck.ignore'.
18:56:46.765 [main] INFO de.retest.recheck.review.workers.LoadFilterWorker - Ignoring missing ignore file '/home/jdbl/.retest/recheck.ignore'.
18:56:46.765 [main] INFO de.retest.recheck.review.workers.LoadFilterWorker - Ignoring missing ignore file '/tmp/junit3476600818847532006/junit7347240904426293426/SomeTestClass/recheck.ignore'.
18:56:46.766 [main] DEBUG de.retest.recheck.configuration.PathBasedProjectRootFinder - Searching for project root under /tmp/tmp9yp0bfhv/recheck.
18:56:46.766 [main] DEBUG de.retest.recheck.configuration.PathBasedProjectRootFinder - Found project root in /tmp/tmp9yp0bfhv/recheck.
18:56:46.767 [main] DEBUG de.retest.recheck.configuration.PathBasedProjectRootFinder - Searching for project root under /tmp/tmp9yp0bfhv/recheck.
18:56:46.767 [main] DEBUG de.retest.recheck.configuration.PathBasedProjectRootFinder - Found project root in /tmp/tmp9yp0bfhv/recheck.
ScriptEngineManager providers.next(): javax.script.ScriptEngineFactory: Provider jdk.nashorn.api.scripting.NashornScriptEngineFactory not a subtype
18:56:46.772 [main] INFO de.retest.recheck.ignore.JSFilterImpl - Reading JS filter rules file from '/tmp/tmp9yp0bfhv/recheck/.retest/recheck.ignore.js'.
18:56:46.778 [main] DEBUG de.retest.recheck.configuration.PathBasedProjectRootFinder - Searching for project root under /tmp/tmp9yp0bfhv/recheck.
18:56:46.778 [main] DEBUG de.retest.recheck.configuration.PathBasedProjectRootFinder - Found project root in /tmp/tmp9yp0bfhv/recheck.
18:56:46.778 [main] DEBUG de.retest.recheck.configuration.PathBasedProjectRootFinder - Searching for project root under /tmp/tmp9yp0bfhv/recheck.
18:56:46.778 [main] DEBUG de.retest.recheck.configuration.PathBasedProjectRootFinder - Found project root in /tmp/tmp9yp0bfhv/recheck.
18:56:46.789 [main] DEBUG de.retest.recheck.persistence.xml.XmlFolderPersistence - baseFolder '/tmp/junit3476600818847532006/junit7347240904426293426/SomeTestClass/some-test.some-step.recheck' don't exists, create new one
18:56:46.881 [main] DEBUG de.retest.recheck.ui.diff.RootElementDifferenceFinder - Finding differences for window took 0ms.
18:56:46.893 [main] WARN de.retest.recheck.RecheckImpl - Found 1 not ignored difference(s) in test 'some-test'.
18:56:46.903 [main] DEBUG de.retest.recheck.configuration.PathBasedProjectRootFinder - Searching for project root under /tmp/tmp9yp0bfhv/recheck.
18:56:46.903 [main] DEBUG de.retest.recheck.configuration.PathBasedProjectRootFinder - Found project root in /tmp/tmp9yp0bfhv/recheck.
18:56:46.903 [main] INFO de.retest.recheck.review.workers.LoadFilterWorker - Reading ignore file from '/tmp/tmp9yp0bfhv/recheck/.retest/recheck.ignore'.
18:56:46.903 [main] INFO de.retest.recheck.review.workers.LoadFilterWorker - Ignoring missing ignore file '/home/jdbl/.retest/recheck.ignore'.
18:56:46.904 [main] INFO de.retest.recheck.review.workers.LoadFilterWorker - Ignoring missing ignore file 'src/test/resources/retest/recheck/de.retest.recheck.RecheckImplTest/recheck.ignore'.
18:56:46.904 [main] DEBUG de.retest.recheck.configuration.PathBasedProjectRootFinder - Searching for project root under /tmp/tmp9yp0bfhv/recheck.
18:56:46.904 [main] DEBUG de.retest.recheck.configuration.PathBasedProjectRootFinder - Found project root in /tmp/tmp9yp0bfhv/recheck.
18:56:46.905 [main] DEBUG de.retest.recheck.configuration.PathBasedProjectRootFinder - Searching for project root under /tmp/tmp9yp0bfhv/recheck.
18:56:46.905 [main] DEBUG de.retest.recheck.configuration.PathBasedProjectRootFinder - Found project root in /tmp/tmp9yp0bfhv/recheck.
ScriptEngineManager providers.next(): javax.script.ScriptEngineFactory: Provider jdk.nashorn.api.scripting.NashornScriptEngineFactory not a subtype
18:56:46.910 [main] INFO de.retest.recheck.ignore.JSFilterImpl - Reading JS filter rules file from '/tmp/tmp9yp0bfhv/recheck/.retest/recheck.ignore.js'.
18:56:46.971 [main] DEBUG de.retest.recheck.configuration.PathBasedProjectRootFinder - Searching for project root under /tmp/tmp9yp0bfhv/recheck.
18:56:46.971 [main] DEBUG de.retest.recheck.configuration.PathBasedProjectRootFinder - Found project root in /tmp/tmp9yp0bfhv/recheck.
18:56:46.972 [main] DEBUG de.retest.recheck.configuration.PathBasedProjectRootFinder - Searching for project root under /tmp/tmp9yp0bfhv/recheck.
18:56:46.972 [main] DEBUG de.retest.recheck.configuration.PathBasedProjectRootFinder - Found project root in /tmp/tmp9yp0bfhv/recheck.
Tests run: 7, Failures: 0, Errors: 0, Skipped: 0, Time elapsed: 5.768 sec - in de.retest.recheck.RecheckImplTest
Running de.retest.recheck.TestCaseFinderJunitVintageTheoryTest
Tests run: 1, Failures: 0, Errors: 0, Skipped: 0, Time elapsed: 0.024 sec - in de.retest.recheck.TestCaseFinderJunitVintageTheoryTest
Running de.retest.recheck.ui.image.ImageUtilsTest
18:56:47.177 [main] ERROR de.retest.recheck.ui.image.ImageUtils - Cannot create mark at negative y value -4166.
18:56:47.177 [main] ERROR de.retest.recheck.ui.image.ImageUtils - Cannot create mark with negative height or width values -4147/77, ignoring.
18:56:47.190 [main] DEBUG de.retest.recheck.ui.image.ImageUtils - y coordinate '96' + height '20' is outside of image of height '97', setting height to 1.
18:56:47.732 [main] ERROR de.retest.recheck.ui.image.ImageUtils - Y value of image to cut 97 is outside of bigger image with height 97!
18:56:47.734 [main] DEBUG de.retest.recheck.ui.image.ImageUtils - x coordinate '255' + width '20' is outside of image of width '256', setting width to 1.
18:56:47.737 [main] ERROR de.retest.recheck.ui.image.ImageUtils - X value of image to cut 256 is outside of bigger image with width 256!
Tests run: 24, Failures: 0, Errors: 0, Skipped: 0, Time elapsed: 0.741 sec - in de.retest.recheck.ui.image.ImageUtilsTest
Running de.retest.recheck.ui.PathTest
Tests run: 8, Failures: 0, Errors: 0, Skipped: 0, Time elapsed: 0.002 sec - in de.retest.recheck.ui.PathTest
Running de.retest.recheck.ui.actions.ActionsTest
18:56:47.792 [main] DEBUG de.retest.recheck.ui.actions.Actions - ActionParameter ActionParameter[p3(STRING)=3] was not validated with name null.
18:56:47.792 [main] DEBUG de.retest.recheck.ui.actions.Actions - ActionParameter ActionParameter[p4(BOOLEAN)=true(${bool})] was not validated with value null.
18:56:47.792 [main] DEBUG de.retest.recheck.ui.actions.Actions - ActionParameter ActionParameter[p5(CLASS_NAME)=java.lang.Boolean] was not validated with name null.
18:56:47.792 [main] DEBUG de.retest.recheck.ui.actions.Actions - ActionParameter ActionParameter[actionClass(CLASS_NAME)=de.retest.recheck.ui.actions.ParameterizedAction] was not validated with name null.
18:56:47.792 [main] DEBUG de.retest.recheck.ui.actions.Actions - ActionParameter ActionParameter[description(STRING)=] was not validated with name null.
18:56:47.814 [main] DEBUG de.retest.recheck.ui.actions.Actions - ActionParameter ActionParameter[p1(INTEGER)=1(${int1})] was not validated with value Hi.
18:56:47.814 [main] DEBUG de.retest.recheck.ui.actions.Actions - ActionParameter ActionParameter[p3(STRING)=3] was not validated with name null.
18:56:47.814 [main] DEBUG de.retest.recheck.ui.actions.Actions - ActionParameter ActionParameter[p4(BOOLEAN)=true(${bool})] was not validated with value No_Bool.
18:56:47.815 [main] DEBUG de.retest.recheck.ui.actions.Actions - ActionParameter ActionParameter[p5(CLASS_NAME)=java.lang.Boolean] was not validated with name null.
18:56:47.815 [main] DEBUG de.retest.recheck.ui.actions.Actions - ActionParameter ActionParameter[actionClass(CLASS_NAME)=de.retest.recheck.ui.actions.ParameterizedAction] was not validated with name null.
18:56:47.815 [main] DEBUG de.retest.recheck.ui.actions.Actions - ActionParameter ActionParameter[description(STRING)=] was not validated with name null.
18:56:47.816 [main] DEBUG de.retest.recheck.ui.actions.Actions - Validating parameterized action .
18:56:47.817 [main] DEBUG de.retest.recheck.ui.actions.Actions - ActionParameter ActionParameter[p3(STRING)=3] was not validated with name null.
18:56:47.817 [main] DEBUG de.retest.recheck.ui.actions.Actions - ActionParameter ActionParameter[p5(CLASS_NAME)=java.lang.Boolean] was not validated with name null.
18:56:47.817 [main] DEBUG de.retest.recheck.ui.actions.Actions - ActionParameter ActionParameter[actionClass(CLASS_NAME)=de.retest.recheck.ui.actions.ParameterizedAction] was not validated with name null.
18:56:47.817 [main] DEBUG de.retest.recheck.ui.actions.Actions - ActionParameter ActionParameter[description(STRING)=] was not validated with name null.
18:56:47.902 [main] DEBUG de.retest.recheck.ui.actions.Actions - ActionParameter ActionParameter[p1(INTEGER)=1(${int1})] was not validated with value null.
18:56:47.902 [main] DEBUG de.retest.recheck.ui.actions.Actions - ActionParameter ActionParameter[p2(INTEGER)=2(${int2})] was not validated with value null.
18:56:47.902 [main] DEBUG de.retest.recheck.ui.actions.Actions - ActionParameter ActionParameter[p3(STRING)=3] was not validated with name null.
18:56:47.902 [main] DEBUG de.retest.recheck.ui.actions.Actions - ActionParameter ActionParameter[p4(BOOLEAN)=true(${bool})] was not validated with value null.
18:56:47.902 [main] DEBUG de.retest.recheck.ui.actions.Actions - ActionParameter ActionParameter[p5(CLASS_NAME)=java.lang.Boolean] was not validated with name null.
18:56:47.902 [main] DEBUG de.retest.recheck.ui.actions.Actions - ActionParameter ActionParameter[actionClass(CLASS_NAME)=de.retest.recheck.ui.actions.ParameterizedAction] was not validated with name null.
18:56:47.902 [main] DEBUG de.retest.recheck.ui.actions.Actions - ActionParameter ActionParameter[description(STRING)=] was not validated with name null.
18:56:47.902 [main] DEBUG de.retest.recheck.ui.actions.Actions - Attribute Attribute [key=path, value=path[1]/to[1]/parent[1]] was not validated with value null.
18:56:47.903 [main] DEBUG de.retest.recheck.ui.actions.Actions - Validating parameterized action .
18:56:47.903 [main] DEBUG de.retest.recheck.ui.actions.Actions - ActionParameter ActionParameter[p3(STRING)=3] was not validated with name null.
18:56:47.903 [main] DEBUG de.retest.recheck.ui.actions.Actions - ActionParameter ActionParameter[p5(CLASS_NAME)=java.lang.Boolean] was not validated with name null.
18:56:47.903 [main] DEBUG de.retest.recheck.ui.actions.Actions - ActionParameter ActionParameter[actionClass(CLASS_NAME)=de.retest.recheck.ui.actions.ParameterizedAction] was not validated with name null.
18:56:47.903 [main] DEBUG de.retest.recheck.ui.actions.Actions - ActionParameter ActionParameter[description(STRING)=] was not validated with name null.
18:56:47.903 [main] DEBUG de.retest.recheck.ui.actions.Actions - Validating parameterized action .
18:56:47.903 [main] DEBUG de.retest.recheck.ui.actions.Actions - ActionParameter ActionParameter[p3(STRING)=3] was not validated with name null.
18:56:47.903 [main] DEBUG de.retest.recheck.ui.actions.Actions - ActionParameter ActionParameter[p5(CLASS_NAME)=java.lang.Boolean] was not validated with name null.
18:56:47.903 [main] DEBUG de.retest.recheck.ui.actions.Actions - ActionParameter ActionParameter[actionClass(CLASS_NAME)=de.retest.recheck.ui.actions.ParameterizedAction] was not validated with name null.
18:56:47.903 [main] DEBUG de.retest.recheck.ui.actions.Actions - ActionParameter ActionParameter[description(STRING)=] was not validated with name null.
18:56:47.903 [main] DEBUG de.retest.recheck.ui.actions.Actions - Validating parameterized action .
18:56:47.903 [main] DEBUG de.retest.recheck.ui.actions.Actions - ActionParameter ActionParameter[p2(INTEGER)=2(${int2})] was not validated with value Hi.
Tests run: 12, Failures: 0, Errors: 0, Skipped: 0, Time elapsed: 0.16 sec - in de.retest.recheck.ui.actions.ActionsTest
Running de.retest.recheck.ui.actions.AbstractActionImpl_execute_Test
Tests run: 3, Failures: 0, Errors: 0, Skipped: 0, Time elapsed: 1.398 sec - in de.retest.recheck.ui.actions.AbstractActionImpl_execute_Test
Running de.retest.recheck.ui.actions.ParameterizedActionTest
Tests run: 4, Failures: 0, Errors: 0, Skipped: 0, Time elapsed: 0.001 sec - in de.retest.recheck.ui.actions.ParameterizedActionTest
Running de.retest.recheck.ui.actions.ExceptionWrapperTest
Tests run: 3, Failures: 0, Errors: 0, Skipped: 0, Time elapsed: 0.967 sec - in de.retest.recheck.ui.actions.ExceptionWrapperTest
Running de.retest.recheck.ui.actions.TargetNotFoundExceptionTest
Tests run: 1, Failures: 0, Errors: 0, Skipped: 0, Time elapsed: 0.001 sec - in de.retest.recheck.ui.actions.TargetNotFoundExceptionTest
Running de.retest.recheck.ui.review.ReviewResultTest
Tests run: 4, Failures: 0, Errors: 0, Skipped: 0, Time elapsed: 0.026 sec - in de.retest.recheck.ui.review.ReviewResultTest
Running de.retest.recheck.ui.review.TestChangeSetTest
Tests run: 8, Failures: 0, Errors: 0, Skipped: 0, Time elapsed: 0.002 sec - in de.retest.recheck.ui.review.TestChangeSetTest
Running de.retest.recheck.ui.review.SuiteChangeSetTest
Tests run: 5, Failures: 0, Errors: 0, Skipped: 0, Time elapsed: 0.001 sec - in de.retest.recheck.ui.review.SuiteChangeSetTest
Running de.retest.recheck.ui.PathElementTest
Tests run: 6, Failures: 0, Errors: 0, Skipped: 0, Time elapsed: 0 sec - in de.retest.recheck.ui.PathElementTest
Running de.retest.recheck.ui.descriptors.ElementTest
Tests run: 22, Failures: 0, Errors: 0, Skipped: 0, Time elapsed: 0.048 sec - in de.retest.recheck.ui.descriptors.ElementTest
Running de.retest.recheck.ui.descriptors.AttributeImplTest
Tests run: 7, Failures: 0, Errors: 0, Skipped: 0, Time elapsed: 0.009 sec - in de.retest.recheck.ui.descriptors.AttributeImplTest
Running de.retest.recheck.ui.descriptors.VariableNameAttributeDifferenceTest
Tests run: 1, Failures: 0, Errors: 0, Skipped: 0, Time elapsed: 0.001 sec - in de.retest.recheck.ui.descriptors.VariableNameAttributeDifferenceTest
Running de.retest.recheck.ui.descriptors.ParseStringAttributeDifferenceTest
Tests run: 2, Failures: 0, Errors: 0, Skipped: 0, Time elapsed: 0 sec - in de.retest.recheck.ui.descriptors.ParseStringAttributeDifferenceTest
Running de.retest.recheck.ui.descriptors.IdentifyingAttributes_proprietary_Test
Tests run: 3, Failures: 0, Errors: 0, Skipped: 0, Time elapsed: 0.04 sec - in de.retest.recheck.ui.descriptors.IdentifyingAttributes_proprietary_Test
Running de.retest.recheck.ui.descriptors.idproviders.ConsistentRetestIdProviderTest
Tests run: 2, Failures: 0, Errors: 0, Skipped: 0, Time elapsed: 0.003 sec - in de.retest.recheck.ui.descriptors.idproviders.ConsistentRetestIdProviderTest
Running de.retest.recheck.ui.descriptors.IdentifyingAttributesTest
18:56:50.421 [main] WARN de.retest.recheck.ui.diff.AttributeDifference - Mismatch for attribute 'suffix': value from Golden Master '1', value from test report '0'. This could be due to a change in between.
18:56:50.423 [main] WARN de.retest.recheck.ui.diff.AttributeDifference - Mismatch for attribute 'path': value from Golden Master 'Window[1]/JRootPane[1]/JLayeredPane[1]/JTable[1]/row[7]/column[1]', value from test report 'Window[1]/JRootPane[1]/JLayeredPane[1]/JTable[1]/row[7]/column[1]'. This could be due to a change in between.
18:56:50.430 [main] WARN de.retest.recheck.ui.diff.AttributeDifference - Mismatch for attribute 'path': value from Golden Master 'Window[1]/path[1]/component[1]', value from test report 'Window[1]/path[1]/component[1]'. This could be due to a change in between.
18:56:50.430 [main] WARN de.retest.recheck.ignore.GloballyIgnoredAttributes - Testing only! Creating GloballyIgnoredAttributes from given attributes collection.
18:56:50.431 [main] WARN de.retest.recheck.ignore.GloballyIgnoredAttributes - Testing only! Creating GloballyIgnoredAttributes from given attributes collection.
Tests run: 19, Failures: 0, Errors: 0, Skipped: 0, Time elapsed: 0.013 sec - in de.retest.recheck.ui.descriptors.IdentifyingAttributesTest
Running de.retest.recheck.ui.descriptors.VariableNameAttributeDifferenceIntTest
Tests run: 1, Failures: 0, Errors: 0, Skipped: 0, Time elapsed: 0 sec - in de.retest.recheck.ui.descriptors.VariableNameAttributeDifferenceIntTest
Running de.retest.recheck.ui.descriptors.DefaultAttributeTest
Tests run: 1, Failures: 0, Errors: 0, Skipped: 0, Time elapsed: 0 sec - in de.retest.recheck.ui.descriptors.DefaultAttributeTest
Running de.retest.recheck.ui.descriptors.AttributesTest
Tests run: 7, Failures: 0, Errors: 0, Skipped: 0, Time elapsed: 0.001 sec - in de.retest.recheck.ui.descriptors.AttributesTest
Running de.retest.recheck.ui.descriptors.AttributeImplPersistenceTest
Tests run: 1, Failures: 0, Errors: 0, Skipped: 0, Time elapsed: 1.393 sec - in de.retest.recheck.ui.descriptors.AttributeImplPersistenceTest
Running de.retest.recheck.ui.descriptors.PathAttributeTest
Tests run: 1, Failures: 0, Errors: 0, Skipped: 0, Time elapsed: 0 sec - in de.retest.recheck.ui.descriptors.PathAttributeTest
Running de.retest.recheck.ui.descriptors.OutlineAttributeTest
Tests run: 8, Failures: 0, Errors: 0, Skipped: 0, Time elapsed: 0.067 sec - in de.retest.recheck.ui.descriptors.OutlineAttributeTest
Running de.retest.recheck.ui.descriptors.StringAttributeTest
Tests run: 7, Failures: 0, Errors: 0, Skipped: 0, Time elapsed: 0 sec - in de.retest.recheck.ui.descriptors.StringAttributeTest
Running de.retest.recheck.ui.descriptors.RenderContainedElementsAdapterTest
Tests run: 1, Failures: 0, Errors: 0, Skipped: 0, Time elapsed: 0.006 sec - in de.retest.recheck.ui.descriptors.RenderContainedElementsAdapterTest
Running de.retest.recheck.ui.TargetFinderTest
Tests run: 7, Failures: 0, Errors: 0, Skipped: 0, Time elapsed: 1.652 sec - in de.retest.recheck.ui.TargetFinderTest
Running de.retest.recheck.persistence.DateAdapterTest
Tests run: 4, Failures: 0, Errors: 0, Skipped: 0, Time elapsed: 0.017 sec - in de.retest.recheck.persistence.DateAdapterTest
Running de.retest.recheck.persistence.migration.XmlMigratorInstancesTest
Tests run: 4, Failures: 0, Errors: 0, Skipped: 0, Time elapsed: 0.011 sec - in de.retest.recheck.persistence.migration.XmlMigratorInstancesTest
Running de.retest.recheck.persistence.xml.ReTestXmlDataContainerTest
Tests run: 4, Failures: 0, Errors: 0, Skipped: 0, Time elapsed: 0.008 sec - in de.retest.recheck.persistence.xml.ReTestXmlDataContainerTest
Running de.retest.recheck.persistence.xml.util.XmlVersionCheckResultTest
Tests run: 8, Failures: 0, Errors: 0, Skipped: 0, Time elapsed: 0.007 sec - in de.retest.recheck.persistence.xml.util.XmlVersionCheckResultTest
Running de.retest.recheck.persistence.PersistenceFactoryTest
18:56:54.915 [main] WARN de.retest.recheck.util.VersionProvider - Failed to read package version!
18:56:54.917 [main] WARN de.retest.recheck.util.VersionProvider - Failed to read manifest version!
Tests run: 7, Failures: 0, Errors: 0, Skipped: 0, Time elapsed: 1.316 sec - in de.retest.recheck.persistence.PersistenceFactoryTest
Running de.retest.recheck.TestCaseFinderJunitVintageTest
Tests run: 1, Failures: 0, Errors: 0, Skipped: 0, Time elapsed: 0.004 sec - in de.retest.recheck.TestCaseFinderJunitVintageTest
Running de.retest.suite.flow.ApplyChangesToStatesFlowTest
18:56:54.936 [main] WARN de.retest.recheck.persistence.migration.XmlMigrator - ********************************************************************************
18:56:54.936 [main] WARN de.retest.recheck.persistence.migration.XmlMigrator - ReTest detected an old version of the file '/tmp/junit642932786050328304/check_GUI_with_review_license.launch.recheck'.
18:56:54.936 [main] WARN de.retest.recheck.persistence.migration.XmlMigrator - ReTest migrates the file now, but will discard the results to avoid VCS file conflicts.
18:56:54.936 [main] WARN de.retest.recheck.persistence.migration.XmlMigrator - It is very recommended to locally convert the file and commit it to speed up execution!
18:56:54.936 [main] WARN de.retest.recheck.persistence.migration.XmlMigrator - ********************************************************************************
18:56:54.937 [main] INFO de.retest.recheck.persistence.migration.XmlMigrator - Migrating file '/tmp/junit642932786050328304/check_GUI_with_review_license.launch.recheck' from version 2 to version 4. This may take a while.
18:56:54.938 [main] DEBUG de.retest.recheck.persistence.migration.XmlTransformer - Creating temporary file '/tmp/retest-migration-5011855445468162626.xml.lz4' for XML migration. File will be deleted upon exit.
18:56:54.984 [main] DEBUG de.retest.recheck.persistence.migration.XmlTransformer - Creating temporary file '/tmp/retest-migration-7372944099377457921.xml.lz4' for XML migration. File will be deleted upon exit.
18:56:54.998 [main] DEBUG de.retest.recheck.util.DeleteOnCloseFileInputStream - File '/tmp/retest-migration-5011855445468162626.xml.lz4' has already been deleted.
18:56:54.998 [main] DEBUG de.retest.recheck.persistence.migration.XmlTransformer - Creating temporary file '/tmp/retest-migration-430747960823995508.xml.lz4' for XML migration. File will be deleted upon exit.
18:56:55.006 [main] DEBUG de.retest.recheck.util.DeleteOnCloseFileInputStream - File '/tmp/retest-migration-7372944099377457921.xml.lz4' has already been deleted.
18:56:55.007 [main] DEBUG de.retest.recheck.persistence.migration.XmlTransformer - Creating temporary file '/tmp/retest-migration-1854143289940406952.xml.lz4' for XML migration. File will be deleted upon exit.
18:56:55.014 [main] INFO de.retest.recheck.persistence.migration.XmlMigrator - Migrated file '/tmp/junit642932786050328304/check_GUI_with_review_license.launch.recheck' from version 2 to version 4.
18:56:55.085 [main] DEBUG de.retest.recheck.persistence.xml.XmlZipPersistence - XML loaded from file 'file:/tmp/junit642932786050328304/check_GUI_with_review_license.launch.recheck', now loading screenshots.
18:56:55.093 [main] DEBUG de.retest.recheck.configuration.PathBasedProjectRootFinder - Searching for project root under /tmp/junit642932786050328304.
18:56:55.094 [main] DEBUG de.retest.recheck.configuration.PathBasedProjectRootFinder - Found project root in /tmp/junit642932786050328304.
18:56:55.095 [main] DEBUG de.retest.recheck.persistence.GoldenMasterProviderImpl - Looking for Golden Master files in '/tmp/junit642932786050328304'.
18:56:55.097 [main] WARN de.retest.recheck.persistence.migration.XmlMigrator - ********************************************************************************
18:56:55.097 [main] WARN de.retest.recheck.persistence.migration.XmlMigrator - ReTest detected an old version of the file '/tmp/junit642932786050328304/check_GUI_with_review_license.launch.recheck'.
18:56:55.097 [main] WARN de.retest.recheck.persistence.migration.XmlMigrator - ReTest migrates the file now, but will discard the results to avoid VCS file conflicts.
18:56:55.097 [main] WARN de.retest.recheck.persistence.migration.XmlMigrator - It is very recommended to locally convert the file and commit it to speed up execution!
18:56:55.097 [main] WARN de.retest.recheck.persistence.migration.XmlMigrator - ********************************************************************************
18:56:55.097 [main] INFO de.retest.recheck.persistence.migration.XmlMigrator - Migrating file '/tmp/junit642932786050328304/check_GUI_with_review_license.launch.recheck' from version 2 to version 4. This may take a while.
18:56:55.097 [main] DEBUG de.retest.recheck.persistence.migration.XmlTransformer - Creating temporary file '/tmp/retest-migration-9212392617625098050.xml.lz4' for XML migration. File will be deleted upon exit.
18:56:55.102 [main] DEBUG de.retest.recheck.persistence.migration.XmlTransformer - Creating temporary file '/tmp/retest-migration-6645426649689516195.xml.lz4' for XML migration. File will be deleted upon exit.
18:56:55.107 [main] DEBUG de.retest.recheck.util.DeleteOnCloseFileInputStream - File '/tmp/retest-migration-9212392617625098050.xml.lz4' has already been deleted.
18:56:55.107 [main] DEBUG de.retest.recheck.persistence.migration.XmlTransformer - Creating temporary file '/tmp/retest-migration-2967718083673046473.xml.lz4' for XML migration. File will be deleted upon exit.
18:56:55.112 [main] DEBUG de.retest.recheck.util.DeleteOnCloseFileInputStream - File '/tmp/retest-migration-6645426649689516195.xml.lz4' has already been deleted.
18:56:55.112 [main] DEBUG de.retest.recheck.persistence.migration.XmlTransformer - Creating temporary file '/tmp/retest-migration-2826197456243117757.xml.lz4' for XML migration. File will be deleted upon exit.
18:56:55.116 [main] INFO de.retest.recheck.persistence.migration.XmlMigrator - Migrated file '/tmp/junit642932786050328304/check_GUI_with_review_license.launch.recheck' from version 2 to version 4.
18:56:55.155 [main] DEBUG de.retest.recheck.persistence.xml.XmlZipPersistence - XML loaded from file 'file:/tmp/junit642932786050328304/check_GUI_with_review_license.launch.recheck', now loading screenshots.
18:56:55.160 [main] DEBUG de.retest.recheck.suite.flow.ApplyChangesToStatesFlow - SutState State[retest] did not change after applying changes, so not persisting it...
18:56:55.161 [main] WARN de.retest.recheck.persistence.migration.XmlMigrator - ********************************************************************************
18:56:55.161 [main] WARN de.retest.recheck.persistence.migration.XmlMigrator - ReTest detected an old version of the file '/tmp/junit642932786050328304/check_GUI_with_review_license.launch.recheck'.
18:56:55.161 [main] WARN de.retest.recheck.persistence.migration.XmlMigrator - ReTest migrates the file now, but will discard the results to avoid VCS file conflicts.
18:56:55.161 [main] WARN de.retest.recheck.persistence.migration.XmlMigrator - It is very recommended to locally convert the file and commit it to speed up execution!
18:56:55.161 [main] WARN de.retest.recheck.persistence.migration.XmlMigrator - ********************************************************************************
18:56:55.161 [main] INFO de.retest.recheck.persistence.migration.XmlMigrator - Migrating file '/tmp/junit642932786050328304/check_GUI_with_review_license.launch.recheck' from version 2 to version 4. This may take a while.
18:56:55.162 [main] DEBUG de.retest.recheck.persistence.migration.XmlTransformer - Creating temporary file '/tmp/retest-migration-6326558616535914583.xml.lz4' for XML migration. File will be deleted upon exit.
18:56:55.166 [main] DEBUG de.retest.recheck.persistence.migration.XmlTransformer - Creating temporary file '/tmp/retest-migration-7673878153516597258.xml.lz4' for XML migration. File will be deleted upon exit.
18:56:55.170 [main] DEBUG de.retest.recheck.util.DeleteOnCloseFileInputStream - File '/tmp/retest-migration-6326558616535914583.xml.lz4' has already been deleted.
18:56:55.170 [main] DEBUG de.retest.recheck.persistence.migration.XmlTransformer - Creating temporary file '/tmp/retest-migration-560882362466961618.xml.lz4' for XML migration. File will be deleted upon exit.
18:56:55.175 [main] DEBUG de.retest.recheck.util.DeleteOnCloseFileInputStream - File '/tmp/retest-migration-7673878153516597258.xml.lz4' has already been deleted.
18:56:55.175 [main] DEBUG de.retest.recheck.persistence.migration.XmlTransformer - Creating temporary file '/tmp/retest-migration-4969790488470206882.xml.lz4' for XML migration. File will be deleted upon exit.
18:56:55.179 [main] INFO de.retest.recheck.persistence.migration.XmlMigrator - Migrated file '/tmp/junit642932786050328304/check_GUI_with_review_license.launch.recheck' from version 2 to version 4.
18:56:55.214 [main] DEBUG de.retest.recheck.persistence.xml.XmlZipPersistence - XML loaded from file 'file:/tmp/junit642932786050328304/check_GUI_with_review_license.launch.recheck', now loading screenshots.
18:56:55.219 [main] WARN de.retest.recheck.persistence.migration.XmlMigrator - ********************************************************************************
18:56:55.219 [main] WARN de.retest.recheck.persistence.migration.XmlMigrator - ReTest detected an old version of the file '/tmp/junit2062274683257398132/check_GUI_with_review_license.launch1.recheck'.
18:56:55.219 [main] WARN de.retest.recheck.persistence.migration.XmlMigrator - ReTest migrates the file now, but will discard the results to avoid VCS file conflicts.
18:56:55.219 [main] WARN de.retest.recheck.persistence.migration.XmlMigrator - It is very recommended to locally convert the file and commit it to speed up execution!
18:56:55.219 [main] WARN de.retest.recheck.persistence.migration.XmlMigrator - ********************************************************************************
18:56:55.219 [main] INFO de.retest.recheck.persistence.migration.XmlMigrator - Migrating file '/tmp/junit2062274683257398132/check_GUI_with_review_license.launch1.recheck' from version 2 to version 4. This may take a while.
18:56:55.220 [main] DEBUG de.retest.recheck.persistence.migration.XmlTransformer - Creating temporary file '/tmp/retest-migration-8103799892544218958.xml.lz4' for XML migration. File will be deleted upon exit.
18:56:55.224 [main] DEBUG de.retest.recheck.persistence.migration.XmlTransformer - Creating temporary file '/tmp/retest-migration-7859444580423438396.xml.lz4' for XML migration. File will be deleted upon exit.
18:56:55.227 [main] DEBUG de.retest.recheck.util.DeleteOnCloseFileInputStream - File '/tmp/retest-migration-8103799892544218958.xml.lz4' has already been deleted.
18:56:55.227 [main] DEBUG de.retest.recheck.persistence.migration.XmlTransformer - Creating temporary file '/tmp/retest-migration-837405410297626021.xml.lz4' for XML migration. File will be deleted upon exit.
18:56:55.231 [main] DEBUG de.retest.recheck.util.DeleteOnCloseFileInputStream - File '/tmp/retest-migration-7859444580423438396.xml.lz4' has already been deleted.
18:56:55.231 [main] DEBUG de.retest.recheck.persistence.migration.XmlTransformer - Creating temporary file '/tmp/retest-migration-1398664584662270026.xml.lz4' for XML migration. File will be deleted upon exit.
18:56:55.235 [main] INFO de.retest.recheck.persistence.migration.XmlMigrator - Migrated file '/tmp/junit2062274683257398132/check_GUI_with_review_license.launch1.recheck' from version 2 to version 4.
18:56:55.269 [main] DEBUG de.retest.recheck.persistence.xml.XmlZipPersistence - XML loaded from file 'file:/tmp/junit2062274683257398132/check_GUI_with_review_license.launch1.recheck', now loading screenshots.
18:56:55.272 [main] WARN de.retest.recheck.persistence.migration.XmlMigrator - ********************************************************************************
18:56:55.272 [main] WARN de.retest.recheck.persistence.migration.XmlMigrator - ReTest detected an old version of the file '/tmp/junit2062274683257398132/check_GUI_with_review_license.launch2.recheck'.
18:56:55.272 [main] WARN de.retest.recheck.persistence.migration.XmlMigrator - ReTest migrates the file now, but will discard the results to avoid VCS file conflicts.
18:56:55.272 [main] WARN de.retest.recheck.persistence.migration.XmlMigrator - It is very recommended to locally convert the file and commit it to speed up execution!
18:56:55.272 [main] WARN de.retest.recheck.persistence.migration.XmlMigrator - ********************************************************************************
18:56:55.272 [main] INFO de.retest.recheck.persistence.migration.XmlMigrator - Migrating file '/tmp/junit2062274683257398132/check_GUI_with_review_license.launch2.recheck' from version 2 to version 4. This may take a while.
18:56:55.273 [main] DEBUG de.retest.recheck.persistence.migration.XmlTransformer - Creating temporary file '/tmp/retest-migration-889571874342499411.xml.lz4' for XML migration. File will be deleted upon exit.
18:56:55.276 [main] DEBUG de.retest.recheck.persistence.migration.XmlTransformer - Creating temporary file '/tmp/retest-migration-704629680520820142.xml.lz4' for XML migration. File will be deleted upon exit.
18:56:55.279 [main] DEBUG de.retest.recheck.util.DeleteOnCloseFileInputStream - File '/tmp/retest-migration-889571874342499411.xml.lz4' has already been deleted.
18:56:55.280 [main] DEBUG de.retest.recheck.persistence.migration.XmlTransformer - Creating temporary file '/tmp/retest-migration-7417669557549772816.xml.lz4' for XML migration. File will be deleted upon exit.
18:56:55.283 [main] DEBUG de.retest.recheck.util.DeleteOnCloseFileInputStream - File '/tmp/retest-migration-704629680520820142.xml.lz4' has already been deleted.
18:56:55.283 [main] DEBUG de.retest.recheck.persistence.migration.XmlTransformer - Creating temporary file '/tmp/retest-migration-7871571122328483512.xml.lz4' for XML migration. File will be deleted upon exit.
18:56:55.287 [main] INFO de.retest.recheck.persistence.migration.XmlMigrator - Migrated file '/tmp/junit2062274683257398132/check_GUI_with_review_license.launch2.recheck' from version 2 to version 4.
18:56:55.318 [main] DEBUG de.retest.recheck.persistence.xml.XmlZipPersistence - XML loaded from file 'file:/tmp/junit2062274683257398132/check_GUI_with_review_license.launch2.recheck', now loading screenshots.
18:56:55.321 [main] WARN de.retest.recheck.persistence.migration.XmlMigrator - ********************************************************************************
18:56:55.321 [main] WARN de.retest.recheck.persistence.migration.XmlMigrator - ReTest detected an old version of the file '/tmp/junit2062274683257398132/check_GUI_with_review_license.launch3.recheck'.
18:56:55.321 [main] WARN de.retest.recheck.persistence.migration.XmlMigrator - ReTest migrates the file now, but will discard the results to avoid VCS file conflicts.
18:56:55.321 [main] WARN de.retest.recheck.persistence.migration.XmlMigrator - It is very recommended to locally convert the file and commit it to speed up execution!
18:56:55.321 [main] WARN de.retest.recheck.persistence.migration.XmlMigrator - ********************************************************************************
18:56:55.321 [main] INFO de.retest.recheck.persistence.migration.XmlMigrator - Migrating file '/tmp/junit2062274683257398132/check_GUI_with_review_license.launch3.recheck' from version 2 to version 4. This may take a while.
18:56:55.322 [main] DEBUG de.retest.recheck.persistence.migration.XmlTransformer - Creating temporary file '/tmp/retest-migration-3589999398887036884.xml.lz4' for XML migration. File will be deleted upon exit.
18:56:55.325 [main] DEBUG de.retest.recheck.persistence.migration.XmlTransformer - Creating temporary file '/tmp/retest-migration-7495956409460134246.xml.lz4' for XML migration. File will be deleted upon exit.
18:56:55.328 [main] DEBUG de.retest.recheck.util.DeleteOnCloseFileInputStream - File '/tmp/retest-migration-3589999398887036884.xml.lz4' has already been deleted.
18:56:55.328 [main] DEBUG de.retest.recheck.persistence.migration.XmlTransformer - Creating temporary file '/tmp/retest-migration-8573629904972983801.xml.lz4' for XML migration. File will be deleted upon exit.
18:56:55.332 [main] DEBUG de.retest.recheck.util.DeleteOnCloseFileInputStream - File '/tmp/retest-migration-7495956409460134246.xml.lz4' has already been deleted.
18:56:55.332 [main] DEBUG de.retest.recheck.persistence.migration.XmlTransformer - Creating temporary file '/tmp/retest-migration-2100664612843480066.xml.lz4' for XML migration. File will be deleted upon exit.
18:56:55.335 [main] INFO de.retest.recheck.persistence.migration.XmlMigrator - Migrated file '/tmp/junit2062274683257398132/check_GUI_with_review_license.launch3.recheck' from version 2 to version 4.
18:56:55.365 [main] DEBUG de.retest.recheck.persistence.xml.XmlZipPersistence - XML loaded from file 'file:/tmp/junit2062274683257398132/check_GUI_with_review_license.launch3.recheck', now loading screenshots.
18:56:55.368 [main] DEBUG de.retest.recheck.configuration.PathBasedProjectRootFinder - Searching for project root under /tmp/junit2062274683257398132.
18:56:55.368 [main] DEBUG de.retest.recheck.configuration.PathBasedProjectRootFinder - Found project root in /tmp/junit2062274683257398132.
18:56:55.368 [main] DEBUG de.retest.recheck.persistence.GoldenMasterProviderImpl - Looking for Golden Master files in '/tmp/junit2062274683257398132'.
18:56:55.368 [main] DEBUG de.retest.recheck.configuration.PathBasedProjectRootFinder - Searching for project root under /tmp/junit2062274683257398132.
18:56:55.369 [main] DEBUG de.retest.recheck.configuration.PathBasedProjectRootFinder - Found project root in /tmp/junit2062274683257398132.
18:56:55.369 [main] DEBUG de.retest.recheck.persistence.GoldenMasterProviderImpl - Looking for Golden Master files in '/tmp/junit2062274683257398132'.
18:56:55.370 [main] WARN de.retest.recheck.persistence.migration.XmlMigrator - ********************************************************************************
18:56:55.370 [main] WARN de.retest.recheck.persistence.migration.XmlMigrator - ReTest detected an old version of the file '/tmp/junit2062274683257398132/check_GUI_with_review_license.launch2.recheck'.
18:56:55.370 [main] WARN de.retest.recheck.persistence.migration.XmlMigrator - ReTest migrates the file now, but will discard the results to avoid VCS file conflicts.
18:56:55.370 [main] WARN de.retest.recheck.persistence.migration.XmlMigrator - It is very recommended to locally convert the file and commit it to speed up execution!
18:56:55.370 [main] WARN de.retest.recheck.persistence.migration.XmlMigrator - ********************************************************************************
18:56:55.370 [main] INFO de.retest.recheck.persistence.migration.XmlMigrator - Migrating file '/tmp/junit2062274683257398132/check_GUI_with_review_license.launch2.recheck' from version 2 to version 4. This may take a while.
18:56:55.370 [main] DEBUG de.retest.recheck.persistence.migration.XmlTransformer - Creating temporary file '/tmp/retest-migration-2532773859450771271.xml.lz4' for XML migration. File will be deleted upon exit.
18:56:55.373 [main] DEBUG de.retest.recheck.persistence.migration.XmlTransformer - Creating temporary file '/tmp/retest-migration-69933896277675388.xml.lz4' for XML migration. File will be deleted upon exit.
18:56:55.376 [main] DEBUG de.retest.recheck.util.DeleteOnCloseFileInputStream - File '/tmp/retest-migration-2532773859450771271.xml.lz4' has already been deleted.
18:56:55.376 [main] DEBUG de.retest.recheck.persistence.migration.XmlTransformer - Creating temporary file '/tmp/retest-migration-8566026726606712329.xml.lz4' for XML migration. File will be deleted upon exit.
18:56:55.380 [main] DEBUG de.retest.recheck.util.DeleteOnCloseFileInputStream - File '/tmp/retest-migration-69933896277675388.xml.lz4' has already been deleted.
18:56:55.380 [main] DEBUG de.retest.recheck.persistence.migration.XmlTransformer - Creating temporary file '/tmp/retest-migration-5332015951144378904.xml.lz4' for XML migration. File will be deleted upon exit.
18:56:55.383 [main] INFO de.retest.recheck.persistence.migration.XmlMigrator - Migrated file '/tmp/junit2062274683257398132/check_GUI_with_review_license.launch2.recheck' from version 2 to version 4.
18:56:55.425 [main] DEBUG de.retest.recheck.persistence.xml.XmlZipPersistence - XML loaded from file 'file:/tmp/junit2062274683257398132/check_GUI_with_review_license.launch2.recheck', now loading screenshots.
18:56:55.430 [main] DEBUG de.retest.recheck.suite.flow.ApplyChangesToStatesFlow - SutState State[retest] did not change after applying changes, so not persisting it...
18:56:55.430 [main] DEBUG de.retest.recheck.configuration.PathBasedProjectRootFinder - Searching for project root under /tmp/junit2062274683257398132.
18:56:55.430 [main] DEBUG de.retest.recheck.configuration.PathBasedProjectRootFinder - Found project root in /tmp/junit2062274683257398132.
18:56:55.430 [main] DEBUG de.retest.recheck.persistence.GoldenMasterProviderImpl - Looking for Golden Master files in '/tmp/junit2062274683257398132'.
18:56:55.435 [main] WARN de.retest.recheck.persistence.migration.XmlMigrator - ********************************************************************************
18:56:55.435 [main] WARN de.retest.recheck.persistence.migration.XmlMigrator - ReTest detected an old version of the file '/tmp/junit2062274683257398132/check_GUI_with_review_license.launch2.recheck'.
18:56:55.435 [main] WARN de.retest.recheck.persistence.migration.XmlMigrator - ReTest migrates the file now, but will discard the results to avoid VCS file conflicts.
18:56:55.435 [main] WARN de.retest.recheck.persistence.migration.XmlMigrator - It is very recommended to locally convert the file and commit it to speed up execution!
18:56:55.435 [main] WARN de.retest.recheck.persistence.migration.XmlMigrator - ********************************************************************************
18:56:55.435 [main] INFO de.retest.recheck.persistence.migration.XmlMigrator - Migrating file '/tmp/junit2062274683257398132/check_GUI_with_review_license.launch2.recheck' from version 2 to version 4. This may take a while.
18:56:55.436 [main] DEBUG de.retest.recheck.persistence.migration.XmlTransformer - Creating temporary file '/tmp/retest-migration-7388058952709758452.xml.lz4' for XML migration. File will be deleted upon exit.
18:56:55.439 [main] DEBUG de.retest.recheck.persistence.migration.XmlTransformer - Creating temporary file '/tmp/retest-migration-7514228104468478224.xml.lz4' for XML migration. File will be deleted upon exit.
18:56:55.441 [main] DEBUG de.retest.recheck.util.DeleteOnCloseFileInputStream - File '/tmp/retest-migration-7388058952709758452.xml.lz4' has already been deleted.
18:56:55.441 [main] DEBUG de.retest.recheck.persistence.migration.XmlTransformer - Creating temporary file '/tmp/retest-migration-1992263044795432185.xml.lz4' for XML migration. File will be deleted upon exit.
18:56:55.443 [main] DEBUG de.retest.recheck.util.DeleteOnCloseFileInputStream - File '/tmp/retest-migration-7514228104468478224.xml.lz4' has already been deleted.
18:56:55.443 [main] DEBUG de.retest.recheck.persistence.migration.XmlTransformer - Creating temporary file '/tmp/retest-migration-1747176788813952071.xml.lz4' for XML migration. File will be deleted upon exit.
18:56:55.445 [main] INFO de.retest.recheck.persistence.migration.XmlMigrator - Migrated file '/tmp/junit2062274683257398132/check_GUI_with_review_license.launch2.recheck' from version 2 to version 4.
18:56:55.475 [main] DEBUG de.retest.recheck.persistence.xml.XmlZipPersistence - XML loaded from file 'file:/tmp/junit2062274683257398132/check_GUI_with_review_license.launch2.recheck', now loading screenshots.
Tests run: 2, Failures: 0, Errors: 0, Skipped: 0, Time elapsed: 0.552 sec - in de.retest.suite.flow.ApplyChangesToStatesFlowTest
Running de.retest.suite.flow.CreateChangesetForAllDiffrencesFlowTest
18:56:55.480 [main] WARN de.retest.recheck.persistence.migration.XmlMigrator - ********************************************************************************
18:56:55.480 [main] WARN de.retest.recheck.persistence.migration.XmlMigrator - ReTest detected an old version of the file '/tmp/junit1422857428646570399/check_GUI_with_review_license.launch.recheck'.
18:56:55.480 [main] WARN de.retest.recheck.persistence.migration.XmlMigrator - ReTest migrates the file now, but will discard the results to avoid VCS file conflicts.
18:56:55.480 [main] WARN de.retest.recheck.persistence.migration.XmlMigrator - It is very recommended to locally convert the file and commit it to speed up execution!
18:56:55.480 [main] WARN de.retest.recheck.persistence.migration.XmlMigrator - ********************************************************************************
18:56:55.480 [main] INFO de.retest.recheck.persistence.migration.XmlMigrator - Migrating file '/tmp/junit1422857428646570399/check_GUI_with_review_license.launch.recheck' from version 2 to version 4. This may take a while.
18:56:55.480 [main] DEBUG de.retest.recheck.persistence.migration.XmlTransformer - Creating temporary file '/tmp/retest-migration-4043722961064154745.xml.lz4' for XML migration. File will be deleted upon exit.
18:56:55.482 [main] DEBUG de.retest.recheck.persistence.migration.XmlTransformer - Creating temporary file '/tmp/retest-migration-5091617928770926714.xml.lz4' for XML migration. File will be deleted upon exit.
18:56:55.484 [main] DEBUG de.retest.recheck.util.DeleteOnCloseFileInputStream - File '/tmp/retest-migration-4043722961064154745.xml.lz4' has already been deleted.
18:56:55.484 [main] DEBUG de.retest.recheck.persistence.migration.XmlTransformer - Creating temporary file '/tmp/retest-migration-8798356150719009203.xml.lz4' for XML migration. File will be deleted upon exit.
18:56:55.487 [main] DEBUG de.retest.recheck.util.DeleteOnCloseFileInputStream - File '/tmp/retest-migration-5091617928770926714.xml.lz4' has already been deleted.
18:56:55.487 [main] DEBUG de.retest.recheck.persistence.migration.XmlTransformer - Creating temporary file '/tmp/retest-migration-3358750877348322672.xml.lz4' for XML migration. File will be deleted upon exit.
18:56:55.490 [main] INFO de.retest.recheck.persistence.migration.XmlMigrator - Migrated file '/tmp/junit1422857428646570399/check_GUI_with_review_license.launch.recheck' from version 2 to version 4.
18:56:55.520 [main] DEBUG de.retest.recheck.persistence.xml.XmlZipPersistence - XML loaded from file 'file:/tmp/junit1422857428646570399/check_GUI_with_review_license.launch.recheck', now loading screenshots.
18:56:55.523 [main] DEBUG de.retest.recheck.configuration.PathBasedProjectRootFinder - Searching for project root under /tmp/junit1422857428646570399.
18:56:55.523 [main] DEBUG de.retest.recheck.configuration.PathBasedProjectRootFinder - Found project root in /tmp/junit1422857428646570399.
18:56:55.523 [main] DEBUG de.retest.recheck.persistence.GoldenMasterProviderImpl - Looking for Golden Master files in '/tmp/junit1422857428646570399'.
18:56:55.524 [main] WARN de.retest.recheck.persistence.migration.XmlMigrator - ********************************************************************************
18:56:55.524 [main] WARN de.retest.recheck.persistence.migration.XmlMigrator - ReTest detected an old version of the file '/tmp/junit1422857428646570399/check_GUI_with_review_license.launch.recheck'.
18:56:55.524 [main] WARN de.retest.recheck.persistence.migration.XmlMigrator - ReTest migrates the file now, but will discard the results to avoid VCS file conflicts.
18:56:55.524 [main] WARN de.retest.recheck.persistence.migration.XmlMigrator - It is very recommended to locally convert the file and commit it to speed up execution!
18:56:55.524 [main] WARN de.retest.recheck.persistence.migration.XmlMigrator - ********************************************************************************
18:56:55.524 [main] INFO de.retest.recheck.persistence.migration.XmlMigrator - Migrating file '/tmp/junit1422857428646570399/check_GUI_with_review_license.launch.recheck' from version 2 to version 4. This may take a while.
18:56:55.525 [main] DEBUG de.retest.recheck.persistence.migration.XmlTransformer - Creating temporary file '/tmp/retest-migration-8645496721266337380.xml.lz4' for XML migration. File will be deleted upon exit.
18:56:55.528 [main] DEBUG de.retest.recheck.persistence.migration.XmlTransformer - Creating temporary file '/tmp/retest-migration-6792566241517290241.xml.lz4' for XML migration. File will be deleted upon exit.
18:56:55.530 [main] DEBUG de.retest.recheck.util.DeleteOnCloseFileInputStream - File '/tmp/retest-migration-8645496721266337380.xml.lz4' has already been deleted.
18:56:55.530 [main] DEBUG de.retest.recheck.persistence.migration.XmlTransformer - Creating temporary file '/tmp/retest-migration-101862987453576397.xml.lz4' for XML migration. File will be deleted upon exit.
18:56:55.533 [main] DEBUG de.retest.recheck.util.DeleteOnCloseFileInputStream - File '/tmp/retest-migration-6792566241517290241.xml.lz4' has already been deleted.
18:56:55.533 [main] DEBUG de.retest.recheck.persistence.migration.XmlTransformer - Creating temporary file '/tmp/retest-migration-2138867692968219971.xml.lz4' for XML migration. File will be deleted upon exit.
18:56:55.535 [main] INFO de.retest.recheck.persistence.migration.XmlMigrator - Migrated file '/tmp/junit1422857428646570399/check_GUI_with_review_license.launch.recheck' from version 2 to version 4.
18:56:55.565 [main] DEBUG de.retest.recheck.persistence.xml.XmlZipPersistence - XML loaded from file 'file:/tmp/junit1422857428646570399/check_GUI_with_review_license.launch.recheck', now loading screenshots.
18:56:55.569 [main] DEBUG de.retest.recheck.suite.flow.ApplyChangesToStatesFlow - SutState State[retest] did not change after applying changes, so not persisting it...
18:56:55.569 [main] DEBUG de.retest.recheck.configuration.PathBasedProjectRootFinder - Searching for project root under /tmp/junit1422857428646570399.
18:56:55.569 [main] DEBUG de.retest.recheck.configuration.PathBasedProjectRootFinder - Found project root in /tmp/junit1422857428646570399.
18:56:55.570 [main] DEBUG de.retest.recheck.persistence.GoldenMasterProviderImpl - Looking for Golden Master files in '/tmp/junit1422857428646570399'.
18:56:55.571 [main] WARN de.retest.recheck.persistence.migration.XmlMigrator - ********************************************************************************
18:56:55.571 [main] WARN de.retest.recheck.persistence.migration.XmlMigrator - ReTest detected an old version of the file '/tmp/junit1422857428646570399/check_GUI_with_review_license.launch.recheck'.
18:56:55.571 [main] WARN de.retest.recheck.persistence.migration.XmlMigrator - ReTest migrates the file now, but will discard the results to avoid VCS file conflicts.
18:56:55.571 [main] WARN de.retest.recheck.persistence.migration.XmlMigrator - It is very recommended to locally convert the file and commit it to speed up execution!
18:56:55.571 [main] WARN de.retest.recheck.persistence.migration.XmlMigrator - ********************************************************************************
18:56:55.571 [main] INFO de.retest.recheck.persistence.migration.XmlMigrator - Migrating file '/tmp/junit1422857428646570399/check_GUI_with_review_license.launch.recheck' from version 2 to version 4. This may take a while.
18:56:55.571 [main] DEBUG de.retest.recheck.persistence.migration.XmlTransformer - Creating temporary file '/tmp/retest-migration-817446560649556526.xml.lz4' for XML migration. File will be deleted upon exit.
18:56:55.574 [main] DEBUG de.retest.recheck.persistence.migration.XmlTransformer - Creating temporary file '/tmp/retest-migration-3182231598422025349.xml.lz4' for XML migration. File will be deleted upon exit.
18:56:55.576 [main] DEBUG de.retest.recheck.util.DeleteOnCloseFileInputStream - File '/tmp/retest-migration-817446560649556526.xml.lz4' has already been deleted.
18:56:55.577 [main] DEBUG de.retest.recheck.persistence.migration.XmlTransformer - Creating temporary file '/tmp/retest-migration-195666589233379295.xml.lz4' for XML migration. File will be deleted upon exit.
18:56:55.579 [main] DEBUG de.retest.recheck.util.DeleteOnCloseFileInputStream - File '/tmp/retest-migration-3182231598422025349.xml.lz4' has already been deleted.
18:56:55.579 [main] DEBUG de.retest.recheck.persistence.migration.XmlTransformer - Creating temporary file '/tmp/retest-migration-4762785941208786456.xml.lz4' for XML migration. File will be deleted upon exit.
18:56:55.582 [main] INFO de.retest.recheck.persistence.migration.XmlMigrator - Migrated file '/tmp/junit1422857428646570399/check_GUI_with_review_license.launch.recheck' from version 2 to version 4.
18:56:55.611 [main] DEBUG de.retest.recheck.persistence.xml.XmlZipPersistence - XML loaded from file 'file:/tmp/junit1422857428646570399/check_GUI_with_review_license.launch.recheck', now loading screenshots.
18:56:55.614 [main] DEBUG de.retest.recheck.suite.flow.ApplyChangesToStatesFlow - SutState State[retest] did not change after applying changes, so not persisting it...
18:56:55.615 [main] DEBUG de.retest.recheck.configuration.PathBasedProjectRootFinder - Searching for project root under /tmp/junit1422857428646570399.
18:56:55.615 [main] DEBUG de.retest.recheck.configuration.PathBasedProjectRootFinder - Found project root in /tmp/junit1422857428646570399.
18:56:55.616 [main] DEBUG de.retest.recheck.configuration.PathBasedProjectRootFinder - Searching for project root under /tmp/junit1422857428646570399.
18:56:55.616 [main] DEBUG de.retest.recheck.configuration.PathBasedProjectRootFinder - Found project root in /tmp/junit1422857428646570399.
Tests run: 1, Failures: 0, Errors: 0, Skipped: 0, Time elapsed: 0.14 sec - in de.retest.suite.flow.CreateChangesetForAllDiffrencesFlowTest
18:56:55.619 [Thread-5] WARN de.retest.recheck.RecheckImpl - You should call 'cap()' after your test 'FooBar' has finished, to persist test results.
18:56:55.620 [Thread-7] WARN de.retest.recheck.RecheckImpl - You should call 'cap()' after your test 'SomeTestClass' has finished, to persist test results.
18:56:55.620 [Thread-2] WARN de.retest.recheck.RecheckImpl - Test using_strange_stepText_should_be_normalized was not finished!
18:56:55.620 [Thread-3] WARN de.retest.recheck.RecheckImpl - You should call 'cap()' after your test 'de.retest.recheck.RecheckImplTest' has finished, to persist test results.
18:56:55.620 [Thread-4] WARN de.retest.recheck.RecheckImpl - Test foo was not finished!
18:56:55.620 [Thread-6] WARN de.retest.recheck.RecheckImpl - Test someTestMethod was not finished!
18:56:55.620 [Thread-2] WARN de.retest.recheck.RecheckImpl - You should call 'cap()' after your test 'de.retest.recheck.RecheckImplTest' has finished, to persist test results.
18:56:55.620 [Thread-8] WARN de.retest.recheck.RecheckImpl - You should call 'cap()' after your test 'de.retest.recheck.RecheckImplTest' has finished, to persist test results.
18:56:55.620 [Thread-6] WARN de.retest.recheck.RecheckImpl - You should call 'cap()' after your test 'SomeTestClass' has finished, to persist test results.
18:56:55.620 [Thread-4] WARN de.retest.recheck.RecheckImpl - You should call 'cap()' after your test 'name' has finished, to persist test results.

Results :

Tests run: 285, Failures: 0, Errors: 0, Skipped: 0

[INFO] 
[INFO] --- jacoco-maven-plugin:0.8.5:report (report) @ recheck ---
[INFO] Loading execution data file /tmp/tmp9yp0bfhv/recheck/target/jacoco.exec
[INFO] Analyzed bundle 'recheck' with 4326 classes
[WARNING] Classes in bundle 'recheck' do no match with execution data. For report generation the same class files must be used as at runtime.
[WARNING] Execution data for class de/retest/recheck/Rehub does not match.
[WARNING] Execution data for class de/retest/recheck/ui/TargetFinder does not match.
[INFO] ------------------------------------------------------------------------
[INFO] BUILD SUCCESS
[INFO] ------------------------------------------------------------------------
[INFO] Total time:  52.444 s
[INFO] Finished at: 2020-07-30T18:57:00Z
[INFO] ------------------------------------------------------------------------
