[INFO] Error stacktraces are turned on.
[INFO] Scanning for projects...
[INFO] 
[INFO] ---------------------< pl.decerto:motor-insurance >---------------------
[INFO] Building motor-insurance 1.0-SNAPSHOT
[INFO] --------------------------------[ war ]---------------------------------
[INFO] 
[INFO] --- jacoco-maven-plugin:0.8.5:prepare-agent (default) @ motor-insurance ---
[INFO] argLine set to -javaagent:/home/jdbl/.m2/repository/org/jacoco/org.jacoco.agent/0.8.5/org.jacoco.agent-0.8.5-runtime.jar=destfile=/tmp/tmpzpr1xhoj/motor-insurance/target/jacoco.exec
[INFO] 
[INFO] --- maven-resources-plugin:3.1.0:resources (default-resources) @ motor-insurance ---
[INFO] Using 'UTF-8' encoding to copy filtered resources.
[INFO] Copying 0 resource
[INFO] Copying 2 resources
[INFO] 
[INFO] --- maven-compiler-plugin:2.5.1:compile (default-compile) @ motor-insurance ---
[INFO] Compiling 47 source files to /tmp/tmpzpr1xhoj/motor-insurance/target/classes
[INFO] 
[INFO] --- maven-resources-plugin:3.1.0:testResources (default-testResources) @ motor-insurance ---
[INFO] Using 'UTF-8' encoding to copy filtered resources.
[INFO] skip non existing resourceDirectory /tmp/tmpzpr1xhoj/motor-insurance/src/test/resources
[INFO] 
[INFO] --- maven-compiler-plugin:2.5.1:testCompile (default-testCompile) @ motor-insurance ---
[INFO] Compiling 7 source files to /tmp/tmpzpr1xhoj/motor-insurance/target/test-classes
[INFO] 
[INFO] --- maven-surefire-plugin:2.19.1:test (default-test) @ motor-insurance ---
[INFO] Surefire report directory: /tmp/tmpzpr1xhoj/motor-insurance/target/surefire-reports

-------------------------------------------------------
 T E S T S
-------------------------------------------------------
Running pl.decerto.hyperon.demo.motor.context.MotorContextTest
Tests run: 5, Failures: 0, Errors: 0, Skipped: 0, Time elapsed: 0.224 sec - in pl.decerto.hyperon.demo.motor.context.MotorContextTest
Running pl.decerto.hyperon.demo.motor.converter.DictionaryEntryConverterTest
Tests run: 4, Failures: 0, Errors: 0, Skipped: 0, Time elapsed: 0.047 sec - in pl.decerto.hyperon.demo.motor.converter.DictionaryEntryConverterTest
Running pl.decerto.hyperon.demo.motor.converter.DriverConverterTest
Tests run: 3, Failures: 0, Errors: 0, Skipped: 0, Time elapsed: 0.007 sec - in pl.decerto.hyperon.demo.motor.converter.DriverConverterTest
Running pl.decerto.hyperon.demo.motor.converter.QuoteConverterTest
Tests run: 2, Failures: 0, Errors: 0, Skipped: 0, Time elapsed: 0.004 sec - in pl.decerto.hyperon.demo.motor.converter.QuoteConverterTest
Running pl.decerto.hyperon.demo.motor.converter.VehicleConverterTest
Tests run: 2, Failures: 0, Errors: 0, Skipped: 0, Time elapsed: 0 sec - in pl.decerto.hyperon.demo.motor.converter.VehicleConverterTest
Running pl.decerto.hyperon.demo.motor.adapter.core.AdapterFactoryImplTest
time: 4284 us
time: 4 ms
Tests run: 3, Failures: 0, Errors: 0, Skipped: 0, Time elapsed: 0.012 sec - in pl.decerto.hyperon.demo.motor.adapter.core.AdapterFactoryImplTest
Running pl.decerto.hyperon.demo.motor.adapter.core.CollectionAdapterTest
Tests run: 3, Failures: 0, Errors: 0, Skipped: 0, Time elapsed: 0.001 sec - in pl.decerto.hyperon.demo.motor.adapter.core.CollectionAdapterTest

Results :

Tests run: 22, Failures: 0, Errors: 0, Skipped: 0

[INFO] 
[INFO] --- jacoco-maven-plugin:0.8.5:report (report) @ motor-insurance ---
[INFO] Loading execution data file /tmp/tmpzpr1xhoj/motor-insurance/target/jacoco.exec
[INFO] Analyzed bundle 'motor-insurance' with 516 classes
[INFO] ------------------------------------------------------------------------
[INFO] BUILD SUCCESS
[INFO] ------------------------------------------------------------------------
[INFO] Total time:  25.696 s
[INFO] Finished at: 2020-07-30T21:13:17Z
[INFO] ------------------------------------------------------------------------
