[INFO] Error stacktraces are turned on.
[INFO] Scanning for projects...
[INFO] 
[INFO] -------------------< eu.rekawek.coffeegb:coffee-gb >--------------------
[INFO] Building coffee-gb 1.0.1-SNAPSHOT
[INFO] --------------------------------[ jar ]---------------------------------
[INFO] 
[INFO] --- jacoco-maven-plugin:0.8.5:prepare-agent (default) @ coffee-gb ---
[INFO] argLine set to -javaagent:/home/jdbl/.m2/repository/org/jacoco/org.jacoco.agent/0.8.5/org.jacoco.agent-0.8.5-runtime.jar=destfile=/tmp/tmpahy_6frr/coffee-gb/target/jacoco.exec
[INFO] 
[INFO] --- maven-resources-plugin:2.6:resources (default-resources) @ coffee-gb ---
[INFO] Using 'UTF-8' encoding to copy filtered resources.
[INFO] skip non existing resourceDirectory /tmp/tmpahy_6frr/coffee-gb/src/main/resources
[INFO] 
[INFO] --- maven-compiler-plugin:2.3.2:compile (default-compile) @ coffee-gb ---
[INFO] Compiling 91 source files to /tmp/tmpahy_6frr/coffee-gb/target/classes
[INFO] 
[INFO] --- maven-resources-plugin:2.6:testResources (default-testResources) @ coffee-gb ---
[INFO] Using 'UTF-8' encoding to copy filtered resources.
[INFO] Copying 152 resources
[INFO] 
[INFO] --- maven-compiler-plugin:2.3.2:testCompile (default-testCompile) @ coffee-gb ---
[INFO] Compiling 30 source files to /tmp/tmpahy_6frr/coffee-gb/target/test-classes
[INFO] 
[INFO] --- maven-surefire-plugin:2.19.1:test (default-test) @ coffee-gb ---
[INFO] Surefire report directory: /tmp/tmpahy_6frr/coffee-gb/target/surefire-reports

-------------------------------------------------------
 T E S T S
-------------------------------------------------------
Running eu.rekawek.coffeegb.sound.LengthTriggerTest
Tests run: 10, Failures: 0, Errors: 0, Skipped: 0, Time elapsed: 0.258 sec - in eu.rekawek.coffeegb.sound.LengthTriggerTest
Running eu.rekawek.coffeegb.sound.SweepTest
Tests run: 12, Failures: 0, Errors: 0, Skipped: 0, Time elapsed: 0.035 sec - in eu.rekawek.coffeegb.sound.SweepTest
Running eu.rekawek.coffeegb.sound.LfsrTest
Tests run: 2, Failures: 0, Errors: 0, Skipped: 0, Time elapsed: 0 sec - in eu.rekawek.coffeegb.sound.LfsrTest
Running eu.rekawek.coffeegb.sound.LengthCounterTest
Tests run: 11, Failures: 0, Errors: 0, Skipped: 0, Time elapsed: 0.032 sec - in eu.rekawek.coffeegb.sound.LengthCounterTest
Running eu.rekawek.coffeegb.memory.cart.rtc.RealTimeClockTest
Tests run: 4, Failures: 0, Errors: 0, Skipped: 0, Time elapsed: 0.009 sec - in eu.rekawek.coffeegb.memory.cart.rtc.RealTimeClockTest
Running eu.rekawek.coffeegb.cpu.TimingTest
Tests run: 1, Failures: 0, Errors: 0, Skipped: 0, Time elapsed: 0.173 sec - in eu.rekawek.coffeegb.cpu.TimingTest
Running eu.rekawek.coffeegb.gpu.ColorPaletteTest
Tests run: 1, Failures: 0, Errors: 0, Skipped: 0, Time elapsed: 0.001 sec - in eu.rekawek.coffeegb.gpu.ColorPaletteTest
Running eu.rekawek.coffeegb.gpu.PixelFifoTest
Tests run: 3, Failures: 0, Errors: 0, Skipped: 0, Time elapsed: 0.01 sec - in eu.rekawek.coffeegb.gpu.PixelFifoTest

Results :

Tests run: 44, Failures: 0, Errors: 0, Skipped: 0

[INFO] 
[INFO] --- jacoco-maven-plugin:0.8.5:report (report) @ coffee-gb ---
[INFO] Loading execution data file /tmp/tmpahy_6frr/coffee-gb/target/jacoco.exec
[INFO] Analyzed bundle 'coffee-gb' with 271 classes
[INFO] ------------------------------------------------------------------------
[INFO] BUILD SUCCESS
[INFO] ------------------------------------------------------------------------
[INFO] Total time:  13.730 s
[INFO] Finished at: 2020-07-30T22:31:53Z
[INFO] ------------------------------------------------------------------------
