[INFO] Error stacktraces are turned on.
[INFO] Scanning for projects...
[INFO] Inspecting build with total of 1 modules...
[INFO] Installing Nexus Staging features:
[INFO]   ... total of 1 executions of maven-deploy-plugin replaced with nexus-staging-maven-plugin
[INFO] 
[INFO] ------------------< com.treatwell:immutables-styles >-------------------
[INFO] Building Treatwell Styles for Immutables 2.3.0-SNAPSHOT
[INFO] --------------------------------[ jar ]---------------------------------
[INFO] 
[INFO] --- jacoco-maven-plugin:0.8.5:prepare-agent (default) @ immutables-styles ---
[INFO] argLine set to -javaagent:/home/jdbl/.m2/repository/org/jacoco/org.jacoco.agent/0.8.5/org.jacoco.agent-0.8.5-runtime.jar=destfile=/tmp/tmp4h3xooz1/immutables-styles/target/jacoco.exec
[INFO] 
[INFO] --- maven-resources-plugin:2.6:resources (default-resources) @ immutables-styles ---
[INFO] Using 'UTF-8' encoding to copy filtered resources.
[INFO] skip non existing resourceDirectory /tmp/tmp4h3xooz1/immutables-styles/src/main/resources
[INFO] 
[INFO] --- maven-compiler-plugin:3.8.0:compile (default-compile) @ immutables-styles ---
[INFO] Changes detected - recompiling the module!
[INFO] Compiling 9 source files to /tmp/tmp4h3xooz1/immutables-styles/target/classes
[INFO] 
[INFO] --- maven-resources-plugin:2.6:testResources (default-testResources) @ immutables-styles ---
[INFO] Using 'UTF-8' encoding to copy filtered resources.
[INFO] skip non existing resourceDirectory /tmp/tmp4h3xooz1/immutables-styles/src/test/resources
[INFO] 
[INFO] --- maven-compiler-plugin:3.8.0:testCompile (default-testCompile) @ immutables-styles ---
[INFO] Changes detected - recompiling the module!
[INFO] Compiling 20 source files to /tmp/tmp4h3xooz1/immutables-styles/target/test-classes
[INFO] 
[INFO] --- maven-surefire-plugin:2.19.1:test (default-test) @ immutables-styles ---
[INFO] Surefire report directory: /tmp/tmp4h3xooz1/immutables-styles/target/surefire-reports

-------------------------------------------------------
 T E S T S
-------------------------------------------------------
Running com.treatwell.immutables.styles.ValueObjectStyleTest
08:26:50.597 [main] INFO com.treatwell.immutables.styles.ValueObjectStyleTest - Feature: Generated class has public visibility
08:26:50.661 [main] INFO com.treatwell.immutables.styles.ValueObjectStyleTest - Feature: Recognizes "is*" methods as accessors/getters
08:26:50.685 [main] INFO com.treatwell.immutables.styles.ValueObjectStyleTest - Feature: All generated instances are serializable by Jackson
08:26:50.696 [main] INFO com.treatwell.immutables.styles.ValueObjectStyleTest - Feature: Naming strategy follows: AbstractXyz -> Xyz
08:26:50.706 [main] INFO com.treatwell.immutables.styles.ValueObjectStyleTest - Feature: Can pass null as value for Optional field and treat it as Optional#empty()
08:26:50.708 [main] INFO com.treatwell.immutables.styles.ValueObjectStyleTest - Feature: Generates "strict" builders (can't set same value twice).
08:26:50.711 [main] INFO com.treatwell.immutables.styles.ValueObjectStyleTest - Feature: Has private no-arg constructor
Tests run: 7, Failures: 0, Errors: 0, Skipped: 0, Time elapsed: 0.311 sec - in com.treatwell.immutables.styles.ValueObjectStyleTest
Running com.treatwell.immutables.styles.JavaBeanStyleTest
08:26:50.720 [main] INFO com.treatwell.immutables.styles.JavaBeanStyleTest - Feature: Naming strategy follows: Xyz -> ImmutableXyz
08:26:50.721 [main] INFO com.treatwell.immutables.styles.JavaBeanStyleTest - Feature: Recognizes "is*" methods as accessors/getters
08:26:50.723 [main] INFO com.treatwell.immutables.styles.JavaBeanStyleTest - Feature: All generated instances are serializable by Jackson
08:26:50.724 [main] INFO com.treatwell.immutables.styles.JavaBeanStyleTest - Feature: Generated-by-@Modifiable companion classes has Bean-style (setters with void return value, rather than builder-style ones)
Tests run: 4, Failures: 0, Errors: 0, Skipped: 0, Time elapsed: 0.009 sec - in com.treatwell.immutables.styles.JavaBeanStyleTest
Running com.treatwell.immutables.styles.NonStrictValueObjectStyleTest
08:26:50.739 [main] INFO com.treatwell.immutables.styles.NonStrictValueObjectStyleTest - Feature: Generated class has public visibility
08:26:50.739 [main] INFO com.treatwell.immutables.styles.NonStrictValueObjectStyleTest - Feature: All generated instances are serializable by Jackson
08:26:50.739 [main] INFO com.treatwell.immutables.styles.NonStrictValueObjectStyleTest - Feature: Naming strategy follows: AbstractXyz -> Xyz
08:26:50.740 [main] INFO com.treatwell.immutables.styles.NonStrictValueObjectStyleTest - Feature: Can pass null as value for Optional field and treat it as Optional#empty()
08:26:50.740 [main] INFO com.treatwell.immutables.styles.NonStrictValueObjectStyleTest - Feature: Recognizes "is*" methods as accessors/getters
08:26:50.742 [main] INFO com.treatwell.immutables.styles.NonStrictValueObjectStyleTest - Feature: Has private no-arg constructor
Tests run: 6, Failures: 0, Errors: 0, Skipped: 0, Time elapsed: 0.009 sec - in com.treatwell.immutables.styles.NonStrictValueObjectStyleTest
Running com.treatwell.immutables.styles.DefaultStyleTest
08:26:50.746 [main] INFO com.treatwell.immutables.styles.DefaultStyleTest - Feature: Naming strategy follows: Xyz -> ImmutableXyz
08:26:50.747 [main] INFO com.treatwell.immutables.styles.DefaultStyleTest - Feature: All generated instances are serializable by Jackson
08:26:50.747 [main] INFO com.treatwell.immutables.styles.DefaultStyleTest - Feature: Recognizes "is*" methods as accessors/getters
08:26:50.748 [main] INFO com.treatwell.immutables.styles.DefaultStyleTest - Feature: Generates "strict" builders (can't set same value twice).
08:26:50.748 [main] INFO com.treatwell.immutables.styles.DefaultStyleTest - Feature: Has private no-arg constructor
08:26:50.749 [main] INFO com.treatwell.immutables.styles.DefaultStyleTest - Feature: Can pass null as value for Optional field and treat it as Optional#empty()
Tests run: 6, Failures: 0, Errors: 0, Skipped: 0, Time elapsed: 0.007 sec - in com.treatwell.immutables.styles.DefaultStyleTest
Running com.treatwell.immutables.styles.EventStyleTest
08:26:50.752 [main] INFO com.treatwell.immutables.styles.EventStyleTest - Feature: Recognizes "is*" methods as accessors/getters
08:26:50.752 [main] INFO com.treatwell.immutables.styles.EventStyleTest - Feature: Has private no-arg constructor
08:26:50.788 [main] INFO com.treatwell.immutables.styles.EventStyleTest - Feature: Generated class has public visibility
08:26:50.788 [main] INFO com.treatwell.immutables.styles.EventStyleTest - Feature: Generates "strict" builders (can't set same value twice).
08:26:50.789 [main] INFO com.treatwell.immutables.styles.EventStyleTest - Feature: Naming strategy follows: Xyz -> XyzEvent
08:26:50.790 [main] INFO com.treatwell.immutables.styles.EventStyleTest - Feature: Can pass null as value for Optional field and treat it as Optional#empty()
Tests run: 6, Failures: 0, Errors: 0, Skipped: 0, Time elapsed: 0.006 sec - in com.treatwell.immutables.styles.EventStyleTest

Results :

Tests run: 29, Failures: 0, Errors: 0, Skipped: 0

[INFO] 
[INFO] --- jacoco-maven-plugin:0.8.5:report (report) @ immutables-styles ---
[INFO] Loading execution data file /tmp/tmp4h3xooz1/immutables-styles/target/jacoco.exec
[INFO] Analyzed bundle 'Treatwell Styles for Immutables' with 3772 classes
[INFO] ------------------------------------------------------------------------
[INFO] BUILD SUCCESS
[INFO] ------------------------------------------------------------------------
[INFO] Total time:  28.353 s
[INFO] Finished at: 2020-07-31T08:26:55Z
[INFO] ------------------------------------------------------------------------
