[INFO] Error stacktraces are turned on.
[INFO] Scanning for projects...
[INFO] 
[INFO] --------------------< io.github.benas:unix-stream >---------------------
[INFO] Building UnixStream 0.6-SNAPSHOT
[INFO] --------------------------------[ jar ]---------------------------------
[INFO] 
[INFO] --- maven-enforcer-plugin:1.0:enforce (enforce-maven) @ unix-stream ---
[INFO] 
[INFO] --- jacoco-maven-plugin:0.8.5:prepare-agent (default) @ unix-stream ---
[INFO] argLine set to -javaagent:/home/jdbl/.m2/repository/org/jacoco/org.jacoco.agent/0.8.5/org.jacoco.agent-0.8.5-runtime.jar=destfile=/tmp/tmp2zwy9no3/unix-stream/target/jacoco.exec
[INFO] 
[INFO] --- maven-resources-plugin:2.6:resources (default-resources) @ unix-stream ---
[INFO] Using 'UTF-8' encoding to copy filtered resources.
[INFO] skip non existing resourceDirectory /tmp/tmp2zwy9no3/unix-stream/src/main/resources
[INFO] 
[INFO] --- maven-compiler-plugin:3.7.0:compile (default-compile) @ unix-stream ---
[INFO] Changes detected - recompiling the module!
[INFO] Compiling 30 source files to /tmp/tmp2zwy9no3/unix-stream/target/classes
[INFO] 
[INFO] --- maven-resources-plugin:2.6:testResources (default-testResources) @ unix-stream ---
[INFO] Using 'UTF-8' encoding to copy filtered resources.
[INFO] Copying 1 resource
[INFO] 
[INFO] --- maven-compiler-plugin:3.7.0:testCompile (default-testCompile) @ unix-stream ---
[INFO] Changes detected - recompiling the module!
[INFO] Compiling 33 source files to /tmp/tmp2zwy9no3/unix-stream/target/test-classes
[INFO] /tmp/tmp2zwy9no3/unix-stream/src/test/java/io/github/benas/unixstream/AbstractUnixStreamTest.java: /tmp/tmp2zwy9no3/unix-stream/src/test/java/io/github/benas/unixstream/AbstractUnixStreamTest.java uses unchecked or unsafe operations.
[INFO] /tmp/tmp2zwy9no3/unix-stream/src/test/java/io/github/benas/unixstream/AbstractUnixStreamTest.java: Recompile with -Xlint:unchecked for details.
[INFO] 
[INFO] --- maven-surefire-plugin:2.19.1:test (default-test) @ unix-stream ---
[INFO] Surefire report directory: /tmp/tmp2zwy9no3/unix-stream/target/surefire-reports

-------------------------------------------------------
 T E S T S
-------------------------------------------------------
Running io.github.benas.unixstream.AbstractUnixStreamTest
Tests run: 36, Failures: 0, Errors: 0, Skipped: 0, Time elapsed: 3.984 sec - in io.github.benas.unixstream.AbstractUnixStreamTest
Running io.github.benas.unixstream.PredicatesTest
Tests run: 9, Failures: 0, Errors: 0, Skipped: 0, Time elapsed: 0.297 sec - in io.github.benas.unixstream.PredicatesTest
Running io.github.benas.unixstream.components.WeekTest
Tests run: 1, Failures: 0, Errors: 0, Skipped: 0, Time elapsed: 0.083 sec - in io.github.benas.unixstream.components.WeekTest
Running io.github.benas.unixstream.components.UpperCaseTest
Tests run: 2, Failures: 0, Errors: 0, Skipped: 0, Time elapsed: 0 sec - in io.github.benas.unixstream.components.UpperCaseTest
Running io.github.benas.unixstream.components.TrimTest
Tests run: 2, Failures: 0, Errors: 0, Skipped: 0, Time elapsed: 0 sec - in io.github.benas.unixstream.components.TrimTest
Running io.github.benas.unixstream.components.UniqTest
Tests run: 2, Failures: 0, Errors: 0, Skipped: 0, Time elapsed: 0 sec - in io.github.benas.unixstream.components.UniqTest
Running io.github.benas.unixstream.components.CutTest
Tests run: 5, Failures: 0, Errors: 0, Skipped: 0, Time elapsed: 0 sec - in io.github.benas.unixstream.components.CutTest
Running io.github.benas.unixstream.components.TruncateTest
Tests run: 2, Failures: 0, Errors: 0, Skipped: 0, Time elapsed: 0.001 sec - in io.github.benas.unixstream.components.TruncateTest
Running io.github.benas.unixstream.components.WordCountTest
Tests run: 3, Failures: 0, Errors: 0, Skipped: 0, Time elapsed: 0 sec - in io.github.benas.unixstream.components.WordCountTest
Running io.github.benas.unixstream.components.UnExpandTest
Tests run: 2, Failures: 0, Errors: 0, Skipped: 0, Time elapsed: 0 sec - in io.github.benas.unixstream.components.UnExpandTest
Running io.github.benas.unixstream.components.CatTest
Tests run: 1, Failures: 0, Errors: 0, Skipped: 0, Time elapsed: 0 sec - in io.github.benas.unixstream.components.CatTest
Running io.github.benas.unixstream.components.Dos2UnixTest
Tests run: 2, Failures: 0, Errors: 0, Skipped: 0, Time elapsed: 0 sec - in io.github.benas.unixstream.components.Dos2UnixTest
Running io.github.benas.unixstream.components.HeadTest
Tests run: 3, Failures: 0, Errors: 0, Skipped: 0, Time elapsed: 0 sec - in io.github.benas.unixstream.components.HeadTest
Running io.github.benas.unixstream.components.FoldTest
Tests run: 3, Failures: 0, Errors: 0, Skipped: 0, Time elapsed: 0 sec - in io.github.benas.unixstream.components.FoldTest
Running io.github.benas.unixstream.components.LsTest
Tests run: 2, Failures: 0, Errors: 0, Skipped: 0, Time elapsed: 0 sec - in io.github.benas.unixstream.components.LsTest
Running io.github.benas.unixstream.components.SortTest
Tests run: 2, Failures: 0, Errors: 0, Skipped: 0, Time elapsed: 0 sec - in io.github.benas.unixstream.components.SortTest
Running io.github.benas.unixstream.components.TailTest
Tests run: 3, Failures: 0, Errors: 0, Skipped: 0, Time elapsed: 0 sec - in io.github.benas.unixstream.components.TailTest
Running io.github.benas.unixstream.components.PwdTest
Tests run: 1, Failures: 0, Errors: 0, Skipped: 0, Time elapsed: 0 sec - in io.github.benas.unixstream.components.PwdTest
Running io.github.benas.unixstream.components.CompactTest
Tests run: 2, Failures: 0, Errors: 0, Skipped: 0, Time elapsed: 0 sec - in io.github.benas.unixstream.components.CompactTest
Running io.github.benas.unixstream.components.ExpandTest
Tests run: 2, Failures: 0, Errors: 0, Skipped: 0, Time elapsed: 0 sec - in io.github.benas.unixstream.components.ExpandTest
Running io.github.benas.unixstream.components.LowerCaseTest
Tests run: 2, Failures: 0, Errors: 0, Skipped: 0, Time elapsed: 0 sec - in io.github.benas.unixstream.components.LowerCaseTest
Running io.github.benas.unixstream.components.NumberLinesTest
Tests run: 2, Failures: 0, Errors: 0, Skipped: 0, Time elapsed: 0 sec - in io.github.benas.unixstream.components.NumberLinesTest
Running io.github.benas.unixstream.components.EchoTest
Tests run: 1, Failures: 0, Errors: 0, Skipped: 0, Time elapsed: 0 sec - in io.github.benas.unixstream.components.EchoTest
Running io.github.benas.unixstream.components.RmTest
Tests run: 1, Failures: 0, Errors: 0, Skipped: 0, Time elapsed: 0.291 sec - in io.github.benas.unixstream.components.RmTest
Running io.github.benas.unixstream.components.GrepTest
Tests run: 2, Failures: 0, Errors: 0, Skipped: 0, Time elapsed: 0.002 sec - in io.github.benas.unixstream.components.GrepTest
Running io.github.benas.unixstream.components.ExcludeTest
Tests run: 2, Failures: 0, Errors: 0, Skipped: 0, Time elapsed: 0.001 sec - in io.github.benas.unixstream.components.ExcludeTest
Running io.github.benas.unixstream.components.ConcatTest
Tests run: 3, Failures: 0, Errors: 0, Skipped: 0, Time elapsed: 0.001 sec - in io.github.benas.unixstream.components.ConcatTest
Running io.github.benas.unixstream.components.ReverseTest
Tests run: 2, Failures: 0, Errors: 0, Skipped: 0, Time elapsed: 0.001 sec - in io.github.benas.unixstream.components.ReverseTest
Running io.github.benas.unixstream.components.TranslateTest
Tests run: 2, Failures: 0, Errors: 0, Skipped: 0, Time elapsed: 0.011 sec - in io.github.benas.unixstream.components.TranslateTest
Running io.github.benas.unixstream.components.StringifyTest
Tests run: 2, Failures: 0, Errors: 0, Skipped: 0, Time elapsed: 0 sec - in io.github.benas.unixstream.components.StringifyTest
Running io.github.benas.unixstream.components.FindTest
Tests run: 3, Failures: 0, Errors: 0, Skipped: 0, Time elapsed: 0.005 sec - in io.github.benas.unixstream.components.FindTest
Running io.github.benas.unixstream.UnixStreamImplTest
Tests run: 8, Failures: 0, Errors: 0, Skipped: 0, Time elapsed: 0.022 sec - in io.github.benas.unixstream.UnixStreamImplTest
Running io.github.benas.unixstream.StandardInputSupplierTest
Tests run: 2, Failures: 0, Errors: 0, Skipped: 0, Time elapsed: 0.185 sec - in io.github.benas.unixstream.StandardInputSupplierTest

Results :

Tests run: 117, Failures: 0, Errors: 0, Skipped: 0

[INFO] 
[INFO] --- jacoco-maven-plugin:0.8.5:report (report) @ unix-stream ---
[INFO] Loading execution data file /tmp/tmp2zwy9no3/unix-stream/target/jacoco.exec
[INFO] Analyzed bundle 'UnixStream' with 1097 classes
[INFO] ------------------------------------------------------------------------
[INFO] BUILD SUCCESS
[INFO] ------------------------------------------------------------------------
[INFO] Total time:  22.977 s
[INFO] Finished at: 2020-07-30T22:18:37Z
[INFO] ------------------------------------------------------------------------
