[INFO] Error stacktraces are turned on.
[INFO] Scanning for projects...
[INFO] 
[INFO] ------------------< org.apache.commons:commons-email >------------------
[INFO] Building Apache Commons Email 1.5
[INFO] --------------------------------[ jar ]---------------------------------
[INFO] 
[INFO] --- maven-enforcer-plugin:1.4.1:enforce (enforce-maven-3) @ commons-email ---
[INFO] 
[INFO] --- build-helper-maven-plugin:1.10:parse-version (parse-version) @ commons-email ---
[INFO] 
[INFO] --- maven-antrun-plugin:1.8:run (javadoc.resources) @ commons-email ---
[INFO] Executing tasks

main:
     [copy] Copying 2 files to /tmp/tmpqlmcpdt8/commons-email/target/apidocs/META-INF
[INFO] Executed tasks
[INFO] 
[INFO] --- maven-remote-resources-plugin:1.5:process (default) @ commons-email ---
[INFO] 
[INFO] --- buildnumber-maven-plugin:1.4:create (default) @ commons-email ---
[INFO] Executing: /bin/sh -c cd '/tmp/tmpqlmcpdt8/commons-email' && 'svn' '--non-interactive' 'info'
[INFO] Working directory: /tmp/tmpqlmcpdt8/commons-email
[INFO] Storing buildNumber: ?????? at timestamp: 1596137106770
[INFO] Executing: /bin/sh -c cd '/tmp/tmpqlmcpdt8/commons-email' && 'svn' '--non-interactive' 'info'
[INFO] Working directory: /tmp/tmpqlmcpdt8/commons-email
[INFO] Storing buildScmBranch: UNKNOWN_BRANCH
[INFO] 
[INFO] --- maven-resources-plugin:2.7:resources (default-resources) @ commons-email ---
[INFO] Using 'UTF-8' encoding to copy filtered resources.
[INFO] Copying 1 resource
[INFO] Copying 2 resources to META-INF
[INFO] 
[INFO] --- maven-compiler-plugin:3.5.1:compile (default-compile) @ commons-email ---
[INFO] Changes detected - recompiling the module!
[INFO] Compiling 23 source files to /tmp/tmpqlmcpdt8/commons-email/target/classes
[INFO] 
[INFO] --- maven-bundle-plugin:3.0.1:manifest (bundle-manifest) @ commons-email ---
[INFO] 
[INFO] --- animal-sniffer-maven-plugin:1.15:check (checkAPIcompatibility) @ commons-email ---
[INFO] Signature checking is skipped.
[INFO] 
[INFO] --- maven-resources-plugin:2.7:testResources (default-testResources) @ commons-email ---
[INFO] Using 'UTF-8' encoding to copy filtered resources.
[INFO] Copying 20 resources
[INFO] Copying 2 resources to META-INF
[INFO] 
[INFO] --- maven-compiler-plugin:3.5.1:testCompile (default-testCompile) @ commons-email ---
[INFO] Changes detected - recompiling the module!
[INFO] Compiling 26 source files to /tmp/tmpqlmcpdt8/commons-email/target/test-classes
[INFO] /tmp/tmpqlmcpdt8/commons-email/src/test/java/org/apache/commons/mail/ImageHtmlEmailTest.java: /tmp/tmpqlmcpdt8/commons-email/src/test/java/org/apache/commons/mail/ImageHtmlEmailTest.java uses or overrides a deprecated API.
[INFO] /tmp/tmpqlmcpdt8/commons-email/src/test/java/org/apache/commons/mail/ImageHtmlEmailTest.java: Recompile with -Xlint:deprecation for details.
[INFO] 
[INFO] --- jacoco-maven-plugin:0.7.6.201602180812:prepare-agent (prepare-agent) @ commons-email ---
[INFO] argLine set to -javaagent:/home/jdbl/.m2/repository/org/jacoco/org.jacoco.agent/0.7.6.201602180812/org.jacoco.agent-0.7.6.201602180812-runtime.jar=destfile=/tmp/tmpqlmcpdt8/commons-email/target/jacoco.exec
[INFO] 
[INFO] --- maven-surefire-plugin:2.19.1:test (default-test) @ commons-email ---
[INFO] Surefire report directory: /tmp/tmpqlmcpdt8/commons-email/target/surefire-reports

-------------------------------------------------------
 T E S T S
-------------------------------------------------------
Running org.apache.commons.mail.EmailUtilsTest
Tests run: 2, Failures: 0, Errors: 0, Skipped: 0, Time elapsed: 0.042 sec - in org.apache.commons.mail.EmailUtilsTest
Running org.apache.commons.mail.resolver.DataSourceCompositeResolverTest
Tests run: 3, Failures: 0, Errors: 0, Skipped: 0, Time elapsed: 0.847 sec - in org.apache.commons.mail.resolver.DataSourceCompositeResolverTest
Running org.apache.commons.mail.resolver.DataSourceClassPathResolverTest
Tests run: 2, Failures: 0, Errors: 0, Skipped: 0, Time elapsed: 0.004 sec - in org.apache.commons.mail.resolver.DataSourceClassPathResolverTest
Running org.apache.commons.mail.resolver.DataSourceFileResolverTest
Tests run: 2, Failures: 0, Errors: 0, Skipped: 0, Time elapsed: 0.005 sec - in org.apache.commons.mail.resolver.DataSourceFileResolverTest
Running org.apache.commons.mail.resolver.DataSourceUrlResolverTest
Tests run: 3, Failures: 0, Errors: 0, Skipped: 0, Time elapsed: 1.982 sec - in org.apache.commons.mail.resolver.DataSourceUrlResolverTest
Running org.apache.commons.mail.MultiPartEmailTest
Jul 30, 2020 7:25:14 PM org.subethamail.smtp.server.SMTPServer start
INFO: SMTP server *:2501 starting
Jul 30, 2020 7:25:14 PM org.subethamail.smtp.server.ServerThread run
INFO: SMTP server *:2501 started
Jul 30, 2020 7:25:15 PM org.subethamail.smtp.server.SMTPServer stop
INFO: SMTP server *:2501 stopping
Jul 30, 2020 7:25:15 PM org.subethamail.smtp.server.ServerThread run
INFO: SMTP server *:2501 stopped
Jul 30, 2020 7:25:15 PM org.subethamail.smtp.server.SMTPServer start
INFO: SMTP server *:2502 starting
Jul 30, 2020 7:25:15 PM org.subethamail.smtp.server.ServerThread run
INFO: SMTP server *:2502 started
Jul 30, 2020 7:25:15 PM org.subethamail.smtp.server.SMTPServer stop
INFO: SMTP server *:2502 stopping
Jul 30, 2020 7:25:15 PM org.subethamail.smtp.server.ServerThread run
INFO: SMTP server *:2502 stopped
Tests run: 11, Failures: 0, Errors: 0, Skipped: 0, Time elapsed: 1.795 sec - in org.apache.commons.mail.MultiPartEmailTest
Running org.apache.commons.mail.ImageHtmlEmailTest
Jul 30, 2020 7:25:15 PM org.subethamail.smtp.server.SMTPServer start
INFO: SMTP server *:2501 starting
Jul 30, 2020 7:25:15 PM org.subethamail.smtp.server.ServerThread run
INFO: SMTP server *:2501 started
Jul 30, 2020 7:25:15 PM org.subethamail.smtp.server.SMTPServer stop
INFO: SMTP server *:2501 stopping
Jul 30, 2020 7:25:15 PM org.subethamail.smtp.server.ServerThread run
INFO: SMTP server *:2501 stopped
Jul 30, 2020 7:25:15 PM org.subethamail.smtp.server.SMTPServer start
INFO: SMTP server *:2502 starting
Jul 30, 2020 7:25:15 PM org.subethamail.smtp.server.ServerThread run
INFO: SMTP server *:2502 started
Jul 30, 2020 7:25:16 PM org.subethamail.smtp.server.SMTPServer stop
INFO: SMTP server *:2502 stopping
Jul 30, 2020 7:25:16 PM org.subethamail.smtp.server.ServerThread run
INFO: SMTP server *:2502 stopped
Jul 30, 2020 7:25:16 PM org.subethamail.smtp.server.SMTPServer start
INFO: SMTP server *:2503 starting
Jul 30, 2020 7:25:16 PM org.subethamail.smtp.server.ServerThread run
INFO: SMTP server *:2503 started
Jul 30, 2020 7:25:16 PM org.subethamail.smtp.server.SMTPServer stop
INFO: SMTP server *:2503 stopping
Jul 30, 2020 7:25:16 PM org.subethamail.smtp.server.ServerThread run
INFO: SMTP server *:2503 stopped
Jul 30, 2020 7:25:16 PM org.subethamail.smtp.server.SMTPServer start
INFO: SMTP server *:2504 starting
Jul 30, 2020 7:25:16 PM org.subethamail.smtp.server.ServerThread run
INFO: SMTP server *:2504 started
Jul 30, 2020 7:25:17 PM org.subethamail.smtp.server.SMTPServer stop
INFO: SMTP server *:2504 stopping
Jul 30, 2020 7:25:17 PM org.subethamail.smtp.server.ServerThread run
INFO: SMTP server *:2504 stopped
Jul 30, 2020 7:25:17 PM org.subethamail.smtp.server.SMTPServer start
INFO: SMTP server *:2505 starting
Jul 30, 2020 7:25:17 PM org.subethamail.smtp.server.ServerThread run
INFO: SMTP server *:2505 started
Jul 30, 2020 7:25:17 PM org.subethamail.smtp.server.SMTPServer stop
INFO: SMTP server *:2505 stopping
Jul 30, 2020 7:25:17 PM org.subethamail.smtp.server.ServerThread run
INFO: SMTP server *:2505 stopped
Jul 30, 2020 7:25:17 PM org.subethamail.smtp.server.SMTPServer start
INFO: SMTP server *:2506 starting
Jul 30, 2020 7:25:17 PM org.subethamail.smtp.server.ServerThread run
INFO: SMTP server *:2506 started
Jul 30, 2020 7:25:17 PM org.subethamail.smtp.server.SMTPServer stop
INFO: SMTP server *:2506 stopping
Jul 30, 2020 7:25:17 PM org.subethamail.smtp.server.ServerThread run
INFO: SMTP server *:2506 stopped
Jul 30, 2020 7:25:17 PM org.subethamail.smtp.server.SMTPServer start
INFO: SMTP server *:2507 starting
Jul 30, 2020 7:25:17 PM org.subethamail.smtp.server.ServerThread run
INFO: SMTP server *:2507 started
Jul 30, 2020 7:25:18 PM org.subethamail.smtp.server.SMTPServer stop
INFO: SMTP server *:2507 stopping
Jul 30, 2020 7:25:18 PM org.subethamail.smtp.server.ServerThread run
INFO: SMTP server *:2507 stopped
Jul 30, 2020 7:25:18 PM org.subethamail.smtp.server.SMTPServer start
INFO: SMTP server *:2508 starting
Jul 30, 2020 7:25:18 PM org.subethamail.smtp.server.ServerThread run
INFO: SMTP server *:2508 started
Jul 30, 2020 7:25:19 PM org.subethamail.smtp.server.SMTPServer stop
INFO: SMTP server *:2508 stopping
Jul 30, 2020 7:25:19 PM org.subethamail.smtp.server.ServerThread run
INFO: SMTP server *:2508 stopped
Jul 30, 2020 7:25:19 PM org.subethamail.smtp.server.SMTPServer start
INFO: SMTP server *:2509 starting
Jul 30, 2020 7:25:19 PM org.subethamail.smtp.server.ServerThread run
INFO: SMTP server *:2509 started
Jul 30, 2020 7:25:19 PM org.subethamail.smtp.server.SMTPServer stop
INFO: SMTP server *:2509 stopping
Jul 30, 2020 7:25:19 PM org.subethamail.smtp.server.ServerThread run
INFO: SMTP server *:2509 stopped
Jul 30, 2020 7:25:19 PM org.subethamail.smtp.server.SMTPServer start
INFO: SMTP server *:2510 starting
Jul 30, 2020 7:25:19 PM org.subethamail.smtp.server.ServerThread run
INFO: SMTP server *:2510 started
Jul 30, 2020 7:25:19 PM org.subethamail.smtp.server.SMTPServer stop
INFO: SMTP server *:2510 stopping
Jul 30, 2020 7:25:19 PM org.subethamail.smtp.server.ServerThread run
INFO: SMTP server *:2510 stopped
Jul 30, 2020 7:25:19 PM org.subethamail.smtp.server.SMTPServer start
INFO: SMTP server *:2511 starting
Jul 30, 2020 7:25:19 PM org.subethamail.smtp.server.ServerThread run
INFO: SMTP server *:2511 started
Jul 30, 2020 7:25:19 PM org.subethamail.smtp.server.SMTPServer stop
INFO: SMTP server *:2511 stopping
Jul 30, 2020 7:25:19 PM org.subethamail.smtp.server.ServerThread run
INFO: SMTP server *:2511 stopped
Jul 30, 2020 7:25:19 PM org.subethamail.smtp.server.SMTPServer start
INFO: SMTP server *:2512 starting
Jul 30, 2020 7:25:19 PM org.subethamail.smtp.server.ServerThread run
INFO: SMTP server *:2512 started
Jul 30, 2020 7:25:19 PM org.subethamail.smtp.server.SMTPServer stop
INFO: SMTP server *:2512 stopping
Jul 30, 2020 7:25:19 PM org.subethamail.smtp.server.ServerThread run
INFO: SMTP server *:2512 stopped
Jul 30, 2020 7:25:19 PM org.subethamail.smtp.server.SMTPServer start
INFO: SMTP server *:2513 starting
Jul 30, 2020 7:25:19 PM org.subethamail.smtp.server.ServerThread run
INFO: SMTP server *:2513 started
Jul 30, 2020 7:25:19 PM org.subethamail.smtp.server.SMTPServer stop
INFO: SMTP server *:2513 stopping
Jul 30, 2020 7:25:19 PM org.subethamail.smtp.server.ServerThread run
INFO: SMTP server *:2513 stopped
Jul 30, 2020 7:25:19 PM org.subethamail.smtp.server.SMTPServer start
INFO: SMTP server *:2514 starting
Jul 30, 2020 7:25:19 PM org.subethamail.smtp.server.ServerThread run
INFO: SMTP server *:2514 started
Jul 30, 2020 7:25:19 PM org.subethamail.smtp.server.SMTPServer stop
INFO: SMTP server *:2514 stopping
Jul 30, 2020 7:25:19 PM org.subethamail.smtp.server.ServerThread run
INFO: SMTP server *:2514 stopped
Tests run: 26, Failures: 0, Errors: 0, Skipped: 1, Time elapsed: 4.935 sec - in org.apache.commons.mail.ImageHtmlEmailTest
Running org.apache.commons.mail.EmailTest
Jul 30, 2020 7:25:20 PM org.subethamail.smtp.server.SMTPServer start
INFO: SMTP server *:2501 starting
Jul 30, 2020 7:25:20 PM org.subethamail.smtp.server.SMTPServer stop
INFO: SMTP server *:2501 stopping
Jul 30, 2020 7:25:20 PM org.subethamail.smtp.server.ServerThread run
INFO: SMTP server *:2501 started
Jul 30, 2020 7:25:20 PM org.subethamail.smtp.server.ServerThread run
INFO: SMTP server *:2501 stopped
Jul 30, 2020 7:25:20 PM org.subethamail.smtp.server.SMTPServer start
INFO: SMTP server *:2502 starting
Jul 30, 2020 7:25:20 PM org.subethamail.smtp.server.ServerThread run
INFO: SMTP server *:2502 started
Jul 30, 2020 7:25:20 PM org.subethamail.smtp.server.SMTPServer stop
INFO: SMTP server *:2502 stopping
Jul 30, 2020 7:25:20 PM org.subethamail.smtp.server.ServerThread run
INFO: SMTP server *:2502 stopped
Jul 30, 2020 7:25:20 PM org.subethamail.smtp.server.SMTPServer start
INFO: SMTP server *:2503 starting
Jul 30, 2020 7:25:20 PM org.subethamail.smtp.server.ServerThread run
INFO: SMTP server *:2503 started
Jul 30, 2020 7:25:20 PM org.subethamail.smtp.server.SMTPServer stop
INFO: SMTP server *:2503 stopping
Jul 30, 2020 7:25:20 PM org.subethamail.smtp.server.ServerThread run
INFO: SMTP server *:2503 stopped
Jul 30, 2020 7:25:20 PM org.subethamail.smtp.server.SMTPServer start
INFO: SMTP server *:2504 starting
Jul 30, 2020 7:25:20 PM org.subethamail.smtp.server.ServerThread run
INFO: SMTP server *:2504 started
Jul 30, 2020 7:25:20 PM org.subethamail.smtp.server.SMTPServer stop
INFO: SMTP server *:2504 stopping
Jul 30, 2020 7:25:20 PM org.subethamail.smtp.server.ServerThread run
INFO: SMTP server *:2504 stopped
Jul 30, 2020 7:25:20 PM org.subethamail.smtp.server.SMTPServer start
INFO: SMTP server *:2505 starting
Jul 30, 2020 7:25:20 PM org.subethamail.smtp.server.ServerThread run
INFO: SMTP server *:2505 started
Jul 30, 2020 7:25:20 PM org.subethamail.smtp.server.SMTPServer stop
INFO: SMTP server *:2505 stopping
Jul 30, 2020 7:25:20 PM org.subethamail.smtp.server.ServerThread run
INFO: SMTP server *:2505 stopped
Jul 30, 2020 7:25:20 PM org.subethamail.smtp.server.SMTPServer start
INFO: SMTP server *:2506 starting
Jul 30, 2020 7:25:20 PM org.subethamail.smtp.server.ServerThread run
INFO: SMTP server *:2506 started
Jul 30, 2020 7:25:20 PM org.subethamail.smtp.server.SMTPServer stop
INFO: SMTP server *:2506 stopping
Jul 30, 2020 7:25:20 PM org.subethamail.smtp.server.ServerThread run
INFO: SMTP server *:2506 stopped
Jul 30, 2020 7:25:20 PM org.subethamail.smtp.server.SMTPServer start
INFO: SMTP server *:2507 starting
Jul 30, 2020 7:25:20 PM org.subethamail.smtp.server.ServerThread run
INFO: SMTP server *:2507 started
Jul 30, 2020 7:25:20 PM org.subethamail.smtp.server.SMTPServer stop
INFO: SMTP server *:2507 stopping
Jul 30, 2020 7:25:20 PM org.subethamail.smtp.server.ServerThread run
INFO: SMTP server *:2507 stopped
Tests run: 79, Failures: 0, Errors: 0, Skipped: 0, Time elapsed: 0.176 sec - in org.apache.commons.mail.EmailTest
Running org.apache.commons.mail.HtmlEmailTest
Jul 30, 2020 7:25:20 PM org.subethamail.smtp.server.SMTPServer start
INFO: SMTP server *:2501 starting
Jul 30, 2020 7:25:20 PM org.subethamail.smtp.server.ServerThread run
INFO: SMTP server *:2501 started
Jul 30, 2020 7:25:20 PM org.subethamail.smtp.server.SMTPServer stop
INFO: SMTP server *:2501 stopping
Jul 30, 2020 7:25:20 PM org.subethamail.smtp.server.ServerThread run
INFO: SMTP server *:2501 stopped
Jul 30, 2020 7:25:20 PM org.subethamail.smtp.server.SMTPServer start
INFO: SMTP server *:2502 starting
Jul 30, 2020 7:25:20 PM org.subethamail.smtp.server.ServerThread run
INFO: SMTP server *:2502 started
Jul 30, 2020 7:25:20 PM org.subethamail.smtp.server.SMTPServer stop
INFO: SMTP server *:2502 stopping
Jul 30, 2020 7:25:20 PM org.subethamail.smtp.server.ServerThread run
INFO: SMTP server *:2502 stopped
Jul 30, 2020 7:25:20 PM org.subethamail.smtp.server.SMTPServer start
INFO: SMTP server *:2503 starting
Jul 30, 2020 7:25:20 PM org.subethamail.smtp.server.ServerThread run
INFO: SMTP server *:2503 started
Jul 30, 2020 7:25:20 PM org.subethamail.smtp.server.SMTPServer stop
INFO: SMTP server *:2503 stopping
Jul 30, 2020 7:25:20 PM org.subethamail.smtp.server.ServerThread run
INFO: SMTP server *:2503 stopped
Jul 30, 2020 7:25:20 PM org.subethamail.smtp.server.SMTPServer start
INFO: SMTP server *:2504 starting
Jul 30, 2020 7:25:20 PM org.subethamail.smtp.server.ServerThread run
INFO: SMTP server *:2504 started
Jul 30, 2020 7:25:20 PM org.subethamail.smtp.server.SMTPServer stop
INFO: SMTP server *:2504 stopping
Jul 30, 2020 7:25:20 PM org.subethamail.smtp.server.ServerThread run
INFO: SMTP server *:2504 stopped
Jul 30, 2020 7:25:20 PM org.subethamail.smtp.server.SMTPServer start
INFO: SMTP server *:2505 starting
Jul 30, 2020 7:25:20 PM org.subethamail.smtp.server.ServerThread run
INFO: SMTP server *:2505 started
Jul 30, 2020 7:25:20 PM org.subethamail.smtp.server.SMTPServer stop
INFO: SMTP server *:2505 stopping
Jul 30, 2020 7:25:20 PM org.subethamail.smtp.server.ServerThread run
INFO: SMTP server *:2505 stopped
Jul 30, 2020 7:25:20 PM org.subethamail.smtp.server.SMTPServer start
INFO: SMTP server *:2506 starting
Jul 30, 2020 7:25:20 PM org.subethamail.smtp.server.ServerThread run
INFO: SMTP server *:2506 started
Jul 30, 2020 7:25:20 PM org.subethamail.smtp.server.SMTPServer stop
INFO: SMTP server *:2506 stopping
Jul 30, 2020 7:25:20 PM org.subethamail.smtp.server.ServerThread run
INFO: SMTP server *:2506 stopped
Tests run: 15, Failures: 0, Errors: 0, Skipped: 1, Time elapsed: 0.995 sec - in org.apache.commons.mail.HtmlEmailTest
Running org.apache.commons.mail.util.MimeMessageParserTest
Tests run: 14, Failures: 0, Errors: 0, Skipped: 0, Time elapsed: 0.033 sec - in org.apache.commons.mail.util.MimeMessageParserTest
Running org.apache.commons.mail.util.IDNEmailAddressConverterTest
Tests run: 6, Failures: 0, Errors: 0, Skipped: 0, Time elapsed: 0.001 sec - in org.apache.commons.mail.util.IDNEmailAddressConverterTest
Running org.apache.commons.mail.DefaultAuthenticatorTest
Tests run: 1, Failures: 0, Errors: 0, Skipped: 0, Time elapsed: 0.001 sec - in org.apache.commons.mail.DefaultAuthenticatorTest
Running org.apache.commons.mail.SendWithAttachmentsTest
Jul 30, 2020 7:25:21 PM org.subethamail.smtp.server.SMTPServer start
INFO: SMTP server *:2508 starting
Jul 30, 2020 7:25:21 PM org.subethamail.smtp.server.ServerThread run
INFO: SMTP server *:2508 started
Jul 30, 2020 7:25:21 PM org.subethamail.smtp.server.SMTPServer stop
INFO: SMTP server *:2508 stopping
Jul 30, 2020 7:25:21 PM org.subethamail.smtp.server.ServerThread run
INFO: SMTP server *:2508 stopped
Jul 30, 2020 7:25:21 PM org.subethamail.smtp.server.SMTPServer start
INFO: SMTP server *:2509 starting
Jul 30, 2020 7:25:21 PM org.subethamail.smtp.server.ServerThread run
INFO: SMTP server *:2509 started
Jul 30, 2020 7:25:21 PM org.subethamail.smtp.server.SMTPServer stop
INFO: SMTP server *:2509 stopping
Jul 30, 2020 7:25:21 PM org.subethamail.smtp.server.ServerThread run
INFO: SMTP server *:2509 stopped
Tests run: 2, Failures: 0, Errors: 0, Skipped: 0, Time elapsed: 0.056 sec - in org.apache.commons.mail.SendWithAttachmentsTest
Running org.apache.commons.mail.EmailLiveTest
Tests run: 9, Failures: 0, Errors: 0, Skipped: 0, Time elapsed: 0.038 sec - in org.apache.commons.mail.EmailLiveTest
Running org.apache.commons.mail.EmailAttachmentTest
Tests run: 5, Failures: 0, Errors: 0, Skipped: 0, Time elapsed: 0.004 sec - in org.apache.commons.mail.EmailAttachmentTest
Running org.apache.commons.mail.InvalidInternetAddressTest
Tests run: 3, Failures: 0, Errors: 0, Skipped: 0, Time elapsed: 0.004 sec - in org.apache.commons.mail.InvalidInternetAddressTest
Running org.apache.commons.mail.InvalidAddressTest
Tests run: 4, Failures: 0, Errors: 0, Skipped: 0, Time elapsed: 0.004 sec - in org.apache.commons.mail.InvalidAddressTest
Running org.apache.commons.mail.SimpleEmailTest
Jul 30, 2020 7:25:21 PM org.subethamail.smtp.server.SMTPServer start
INFO: SMTP server *:2510 starting
Jul 30, 2020 7:25:21 PM org.subethamail.smtp.server.ServerThread run
INFO: SMTP server *:2510 started
Jul 30, 2020 7:25:21 PM org.subethamail.smtp.server.SMTPServer stop
INFO: SMTP server *:2510 stopping
Jul 30, 2020 7:25:21 PM org.subethamail.smtp.server.ServerThread run
INFO: SMTP server *:2510 stopped
Tests run: 3, Failures: 0, Errors: 0, Skipped: 1, Time elapsed: 0.007 sec - in org.apache.commons.mail.SimpleEmailTest

Results :

Tests run: 190, Failures: 0, Errors: 0, Skipped: 3

[INFO] 
[INFO] --- maven-jar-plugin:2.6:jar (default-jar) @ commons-email ---
[INFO] Building jar: /tmp/tmpqlmcpdt8/commons-email/target/commons-email-1.5.jar
[INFO] 
[INFO] --- maven-site-plugin:3.4:attach-descriptor (attach-descriptor) @ commons-email ---
[INFO] 
[INFO] --- maven-assembly-plugin:3.2.0:single (default) @ commons-email ---
[INFO] Reading assembly descriptor: src/assembly/src.xml
[INFO] Building tar: /tmp/tmpqlmcpdt8/commons-email/target/commons-email-1.5-src.tar.gz
[INFO] Building zip: /tmp/tmpqlmcpdt8/commons-email/target/commons-email-1.5-src.zip
[INFO] Building jar: /tmp/tmpqlmcpdt8/commons-email/target/commons-email-1.5-jar-with-dependencies.jar
[INFO] ------------------------------------------------------------------------
[INFO] BUILD SUCCESS
[INFO] ------------------------------------------------------------------------
[INFO] Total time:  22.090 s
[INFO] Finished at: 2020-07-30T19:25:24Z
[INFO] ------------------------------------------------------------------------
