[INFO] Error stacktraces are turned on.
[INFO] Scanning for projects...
[INFO] 
[INFO] ---------------< org.apache.sling:org.apache.sling.api >----------------
[INFO] Building Apache Sling API 2.4.0
[INFO] -------------------------------[ bundle ]-------------------------------
[INFO] 
[INFO] --- maven-enforcer-plugin:1.0.1:enforce (enforce-java) @ org.apache.sling.api ---
[INFO] 
[INFO] --- maven-antrun-plugin:1.7:run (set-bundle-required-execution-environment) @ org.apache.sling.api ---
[INFO] Executing tasks

main:
[INFO] Executed tasks
[INFO] 
[INFO] --- maven-remote-resources-plugin:1.4:process (default) @ org.apache.sling.api ---
[INFO] 
[INFO] --- maven-resources-plugin:2.6:resources (default-resources) @ org.apache.sling.api ---
[INFO] Using 'UTF-8' encoding to copy filtered resources.
[INFO] Copying 1 resource
[INFO] Copying 3 resources
[INFO] 
[INFO] --- maven-antrun-plugin:1.7:run (check-memory-task) @ org.apache.sling.api ---
[INFO] Executing tasks

main:
     [echo] **************** WARNING (SLING-443/SLING-1782) ******************************
     [echo] On most platforms, you'll get OutOfMemoryErrors when building unless you set
     [echo] on 32bit platforms: MAVEN_OPTS="-Xmx256M -XX:MaxPermSize=256M", see SLING-443
     [echo] on 64bit platforms: MAVEN_OPTS="-Xmx512M -XX:MaxPermSize=512M", see SLING-1782
     [echo] ******************************************************************************
[INFO] Executed tasks
[INFO] 
[INFO] --- maven-compiler-plugin:2.5.1:compile (default-compile) @ org.apache.sling.api ---
[INFO] Compiling 77 source files to /tmp/tmp66_y80gj/sling-org-apache-sling-api/target/classes
[INFO] 
[INFO] --- maven-resources-plugin:2.6:testResources (default-testResources) @ org.apache.sling.api ---
[INFO] Using 'UTF-8' encoding to copy filtered resources.
[INFO] skip non existing resourceDirectory /tmp/tmp66_y80gj/sling-org-apache-sling-api/src/test/resources
[INFO] Copying 3 resources
[INFO] 
[INFO] --- maven-compiler-plugin:2.5.1:testCompile (default-testCompile) @ org.apache.sling.api ---
[INFO] Compiling 4 source files to /tmp/tmp66_y80gj/sling-org-apache-sling-api/target/test-classes
[INFO] 
[INFO] --- maven-surefire-plugin:2.12.4:test (default-test) @ org.apache.sling.api ---
[INFO] Surefire report directory: /tmp/tmp66_y80gj/sling-org-apache-sling-api/target/surefire-reports

-------------------------------------------------------
 T E S T S
-------------------------------------------------------
Running org.apache.sling.api.resource.ResourceMetadataTest
Tests run: 7, Failures: 0, Errors: 0, Skipped: 0, Time elapsed: 0.015 sec
Running org.apache.sling.api.resource.ResourceUtilTest
Tests run: 13, Failures: 0, Errors: 0, Skipped: 0, Time elapsed: 0.04 sec
Running org.apache.sling.api.request.RequestDispatcherOptionsTest
Tests run: 6, Failures: 0, Errors: 0, Skipped: 0, Time elapsed: 0.005 sec
Running org.apache.sling.api.request.RequestUtilTest
Tests run: 2, Failures: 0, Errors: 0, Skipped: 0, Time elapsed: 0.007 sec

Results :

Tests run: 28, Failures: 0, Errors: 0, Skipped: 0

[INFO] 
[INFO] --- animal-sniffer-maven-plugin:1.9:check (default) @ org.apache.sling.api ---
[INFO] Signature checking is skipped.
[INFO] 
[INFO] --- maven-bundle-plugin:2.3.7:bundle (default-bundle) @ org.apache.sling.api ---
[INFO] 
[INFO] >>> maven-source-plugin:2.2.1:jar (attach-sources) > generate-sources @ org.apache.sling.api >>>
[INFO] 
[INFO] --- maven-enforcer-plugin:1.0.1:enforce (enforce-java) @ org.apache.sling.api ---
[INFO] 
[INFO] --- maven-antrun-plugin:1.7:run (set-bundle-required-execution-environment) @ org.apache.sling.api ---
[INFO] Executing tasks

main:
[INFO] Executed tasks
[INFO] 
[INFO] <<< maven-source-plugin:2.2.1:jar (attach-sources) < generate-sources @ org.apache.sling.api <<<
[INFO] 
[INFO] 
[INFO] --- maven-source-plugin:2.2.1:jar (attach-sources) @ org.apache.sling.api ---
[INFO] Skipping source per configuration.
[INFO] 
[INFO] --- maven-site-plugin:3.2:attach-descriptor (attach-descriptor) @ org.apache.sling.api ---
[INFO] 
[INFO] --- maven-assembly-plugin:3.2.0:single (default) @ org.apache.sling.api ---
[INFO] Building jar: /tmp/tmp66_y80gj/sling-org-apache-sling-api/target/org.apache.sling.api-2.4.0-jar-with-dependencies.jar
[INFO] ------------------------------------------------------------------------
[INFO] BUILD SUCCESS
[INFO] ------------------------------------------------------------------------
[INFO] Total time:  13.596 s
[INFO] Finished at: 2020-07-30T18:48:03Z
[INFO] ------------------------------------------------------------------------
