[INFO] Error stacktraces are turned on.
[INFO] Scanning for projects...
[WARNING] 
[WARNING] Some problems were encountered while building the effective model for org.op4j:op4j:jar:1.3-SNAPSHOT
[WARNING] 'build.plugins.plugin.(groupId:artifactId)' must be unique but found duplicate declaration of plugin org.apache.maven.plugins:maven-javadoc-plugin @ line 105, column 15
[WARNING] 'build.plugins.plugin.version' for org.apache.maven.plugins:maven-gpg-plugin is missing. @ line 117, column 15
[WARNING] 'build.plugins.plugin.version' for org.apache.maven.plugins:maven-compiler-plugin is missing. @ line 75, column 15
[WARNING] 'build.plugins.plugin.version' for org.apache.maven.plugins:maven-source-plugin is missing. @ line 93, column 15
[WARNING] 'build.plugins.plugin.version' for org.apache.maven.plugins:maven-javadoc-plugin is missing. @ line 105, column 15
[WARNING] 
[WARNING] It is highly recommended to fix these problems because they threaten the stability of your build.
[WARNING] 
[WARNING] For this reason, future Maven versions might no longer support building such malformed projects.
[WARNING] 
[INFO] 
[INFO] ---------------------------< org.op4j:op4j >----------------------------
[INFO] Building op4j 1.3-SNAPSHOT
[INFO] --------------------------------[ jar ]---------------------------------
[INFO] 
[INFO] --- jacoco-maven-plugin:0.8.5:prepare-agent (default) @ op4j ---
[INFO] argLine set to -javaagent:/home/jdbl/.m2/repository/org/jacoco/org.jacoco.agent/0.8.5/org.jacoco.agent-0.8.5-runtime.jar=destfile=/tmp/tmpk5gqiqx8/op4j/target/jacoco.exec
[INFO] 
[INFO] --- maven-resources-plugin:2.6:resources (default-resources) @ op4j ---
[WARNING] Using platform encoding (UTF-8 actually) to copy filtered resources, i.e. build is platform dependent!
[INFO] Copying 2 resources to META-INF
[INFO] 
[INFO] --- maven-compiler-plugin:3.1:compile (default-compile) @ op4j ---
[INFO] Changes detected - recompiling the module!
[WARNING] File encoding has not been set, using platform encoding UTF-8, i.e. build is platform dependent!
[INFO] Compiling 265 source files to /tmp/tmpk5gqiqx8/op4j/target/classes
[INFO] 
[INFO] --- maven-resources-plugin:2.6:testResources (default-testResources) @ op4j ---
[WARNING] Using platform encoding (UTF-8 actually) to copy filtered resources, i.e. build is platform dependent!
[INFO] skip non existing resourceDirectory /tmp/tmpk5gqiqx8/op4j/src/test/resources
[INFO] 
[INFO] --- maven-compiler-plugin:3.1:testCompile (default-testCompile) @ op4j ---
[INFO] Changes detected - recompiling the module!
[WARNING] File encoding has not been set, using platform encoding UTF-8, i.e. build is platform dependent!
[INFO] Compiling 9 source files to /tmp/tmpk5gqiqx8/op4j/target/test-classes
[WARNING] /tmp/tmpk5gqiqx8/op4j/src/test/java/org/op4j/MiscTest.java:[91,111] unmappable character for encoding UTF8
[WARNING] /tmp/tmpk5gqiqx8/op4j/src/test/java/org/op4j/MiscTest.java:[91,120] unmappable character for encoding UTF8
[WARNING] /tmp/tmpk5gqiqx8/op4j/src/test/java/org/op4j/MiscTest.java:[91,124] unmappable character for encoding UTF8
[WARNING] /tmp/tmpk5gqiqx8/op4j/src/test/java/org/op4j/MiscTest.java:[92,164] unmappable character for encoding UTF8
[WARNING] /tmp/tmpk5gqiqx8/op4j/src/test/java/org/op4j/MiscTest.java:[92,173] unmappable character for encoding UTF8
[WARNING] /tmp/tmpk5gqiqx8/op4j/src/test/java/org/op4j/MiscTest.java:[92,177] unmappable character for encoding UTF8
[WARNING] /tmp/tmpk5gqiqx8/op4j/src/test/java/org/op4j/MiscTest.java:[96,25] unmappable character for encoding UTF8
[WARNING] /tmp/tmpk5gqiqx8/op4j/src/test/java/org/op4j/MiscTest.java:[102,25] unmappable character for encoding UTF8
[WARNING] /tmp/tmpk5gqiqx8/op4j/src/test/java/org/op4j/MiscTest.java:[102,29] unmappable character for encoding UTF8
[WARNING] /tmp/tmpk5gqiqx8/op4j/src/test/java/org/op4j/MiscTest.java:[104,27] unmappable character for encoding UTF8
[WARNING] /tmp/tmpk5gqiqx8/op4j/src/test/java/org/op4j/MiscTest.java:[105,27] unmappable character for encoding UTF8
[WARNING] /tmp/tmpk5gqiqx8/op4j/src/test/java/org/op4j/MiscTest.java:[171,57] unmappable character for encoding UTF8
[WARNING] /tmp/tmpk5gqiqx8/op4j/src/test/java/org/op4j/MiscTest.java:[172,62] unmappable character for encoding UTF8
[WARNING] /tmp/tmpk5gqiqx8/op4j/src/test/java/org/op4j/MiscTest.java:[173,62] unmappable character for encoding UTF8
[WARNING] /tmp/tmpk5gqiqx8/op4j/src/test/java/org/op4j/MiscTest.java:[302,76] unmappable character for encoding UTF8
[WARNING] /tmp/tmpk5gqiqx8/op4j/src/test/java/org/op4j/MiscTest.java:[306,74] unmappable character for encoding UTF8
[WARNING] /tmp/tmpk5gqiqx8/op4j/src/test/java/org/op4j/MiscTest.java:[310,75] unmappable character for encoding UTF8
[WARNING] /tmp/tmpk5gqiqx8/op4j/src/test/java/org/op4j/MiscTest.java:[314,75] unmappable character for encoding UTF8
[WARNING] /tmp/tmpk5gqiqx8/op4j/src/test/java/org/op4j/MiscTest.java:[318,73] unmappable character for encoding UTF8
[WARNING] /tmp/tmpk5gqiqx8/op4j/src/test/java/org/op4j/MiscTest.java:[654,74] unmappable character for encoding UTF8
[WARNING] /tmp/tmpk5gqiqx8/op4j/src/test/java/org/op4j/MiscTest.java:[657,69] unmappable character for encoding UTF8
[WARNING] /tmp/tmpk5gqiqx8/op4j/src/test/java/org/op4j/MiscTest.java:[661,70] unmappable character for encoding UTF8
[WARNING] /tmp/tmpk5gqiqx8/op4j/src/test/java/org/op4j/MiscTest.java:[704,40] unmappable character for encoding UTF8
[WARNING] /tmp/tmpk5gqiqx8/op4j/src/test/java/org/op4j/MiscTest.java:[704,41] unmappable character for encoding UTF8
[WARNING] /tmp/tmpk5gqiqx8/op4j/src/test/java/org/op4j/MiscTest.java:[704,44] unmappable character for encoding UTF8
[WARNING] /tmp/tmpk5gqiqx8/op4j/src/test/java/org/op4j/MiscTest.java:[704,45] unmappable character for encoding UTF8
[WARNING] /tmp/tmpk5gqiqx8/op4j/src/test/java/org/op4j/MiscTest.java:[704,48] unmappable character for encoding UTF8
[WARNING] /tmp/tmpk5gqiqx8/op4j/src/test/java/org/op4j/MiscTest.java:[704,49] unmappable character for encoding UTF8
[WARNING] /tmp/tmpk5gqiqx8/op4j/src/test/java/org/op4j/MiscTest.java:[704,51] unmappable character for encoding UTF8
[WARNING] /tmp/tmpk5gqiqx8/op4j/src/test/java/org/op4j/MiscTest.java:[704,57] unmappable character for encoding UTF8
[WARNING] /tmp/tmpk5gqiqx8/op4j/src/test/java/org/op4j/MiscTest.java:[704,59] unmappable character for encoding UTF8
[WARNING] /tmp/tmpk5gqiqx8/op4j/src/test/java/org/op4j/MiscTest.java:[704,60] unmappable character for encoding UTF8
[WARNING] /tmp/tmpk5gqiqx8/op4j/src/test/java/org/op4j/MiscTest.java:[704,61] unmappable character for encoding UTF8
[WARNING] /tmp/tmpk5gqiqx8/op4j/src/test/java/org/op4j/MiscTest.java:[704,62] unmappable character for encoding UTF8
[WARNING] /tmp/tmpk5gqiqx8/op4j/src/test/java/org/op4j/MiscTest.java:[704,63] unmappable character for encoding UTF8
[WARNING] /tmp/tmpk5gqiqx8/op4j/src/test/java/org/op4j/MiscTest.java:[704,64] unmappable character for encoding UTF8
[WARNING] /tmp/tmpk5gqiqx8/op4j/src/test/java/org/op4j/MiscTest.java:[705,35] unmappable character for encoding UTF8
[WARNING] /tmp/tmpk5gqiqx8/op4j/src/test/java/org/op4j/MiscTest.java:[705,36] unmappable character for encoding UTF8
[WARNING] /tmp/tmpk5gqiqx8/op4j/src/test/java/org/op4j/MiscTest.java:[705,38] unmappable character for encoding UTF8
[WARNING] /tmp/tmpk5gqiqx8/op4j/src/test/java/org/op4j/MiscTest.java:[705,39] unmappable character for encoding UTF8
[WARNING] /tmp/tmpk5gqiqx8/op4j/src/test/java/org/op4j/MiscTest.java:[705,43] unmappable character for encoding UTF8
[WARNING] /tmp/tmpk5gqiqx8/op4j/src/test/java/org/op4j/MiscTest.java:[705,44] unmappable character for encoding UTF8
[WARNING] /tmp/tmpk5gqiqx8/op4j/src/test/java/org/op4j/MiscTest.java:[705,48] unmappable character for encoding UTF8
[WARNING] /tmp/tmpk5gqiqx8/op4j/src/test/java/org/op4j/MiscTest.java:[705,52] unmappable character for encoding UTF8
[WARNING] /tmp/tmpk5gqiqx8/op4j/src/test/java/org/op4j/MiscTest.java:[705,56] unmappable character for encoding UTF8
[WARNING] /tmp/tmpk5gqiqx8/op4j/src/test/java/org/op4j/MiscTest.java:[705,57] unmappable character for encoding UTF8
[WARNING] /tmp/tmpk5gqiqx8/op4j/src/test/java/org/op4j/MiscTest.java:[705,61] unmappable character for encoding UTF8
[WARNING] /tmp/tmpk5gqiqx8/op4j/src/test/java/org/op4j/MiscTest.java:[705,62] unmappable character for encoding UTF8
[WARNING] /tmp/tmpk5gqiqx8/op4j/src/test/java/org/op4j/MiscTest.java:[705,64] unmappable character for encoding UTF8
[WARNING] /tmp/tmpk5gqiqx8/op4j/src/test/java/org/op4j/MiscTest.java:[705,65] unmappable character for encoding UTF8
[WARNING] /tmp/tmpk5gqiqx8/op4j/src/test/java/org/op4j/MiscTest.java:[706,35] unmappable character for encoding UTF8
[WARNING] /tmp/tmpk5gqiqx8/op4j/src/test/java/org/op4j/AssortedTests.java: /tmp/tmpk5gqiqx8/op4j/src/test/java/org/op4j/AssortedTests.java uses or overrides a deprecated API.
[WARNING] /tmp/tmpk5gqiqx8/op4j/src/test/java/org/op4j/AssortedTests.java: Recompile with -Xlint:deprecation for details.
[WARNING] /tmp/tmpk5gqiqx8/op4j/src/test/java/org/op4j/MiscTest.java: Some input files use unchecked or unsafe operations.
[WARNING] /tmp/tmpk5gqiqx8/op4j/src/test/java/org/op4j/MiscTest.java: Recompile with -Xlint:unchecked for details.
[INFO] 
[INFO] --- maven-surefire-plugin:2.19.1:test (default-test) @ op4j ---
[INFO] Surefire report directory: /tmp/tmpk5gqiqx8/op4j/target/surefire-reports

-------------------------------------------------------
 T E S T S
-------------------------------------------------------
Running org.op4j.FnStringTest
Tests run: 2, Failures: 0, Errors: 0, Skipped: 0, Time elapsed: 0.143 sec - in org.op4j.FnStringTest
Running org.op4j.MiscTest
[Hello, Goodbye, null]
[Hello, Goodbye, null]
3455234.6325
3455234.8
3455234.6325
[2, 3, 4, 1, 2, 2, 4, 5, 2, 3, 5, 6, 87, 45, 2, 3, 34, 1]
[2, 3, 4, 1, 5, 6, 87, 45, 34]
[Hello, Goodbye, null, World!, Mars!]
[Hello, World!, Mars!, Goodbye, null]
[Hello, Goodbye, null, Hello, Goodbye, null]
[Hello, Goodbye, null]
[Goodbye]
[Hello]
[Hello, null]
[Hello, Goodbye]
[Hello, Goodbye]
================
[Hello, Goodbye, null, World!, Mars!]
[Hello, World!, Mars!, Goodbye, null]
[Hello, Goodbye, null]
---
[Hello, Goodbye, null]
[Goodbye]
[Hello]
[Hello, null]
[Hello, Goodbye]
[Hello, Goodbye, lalero, lururu, null]
{es=�Hola!, en=Hello!, gl=Ola!, ca=Hola!, fr=All�!}
{es=�Hola!, en=Hello!, gl=Ola!, ca=Hola!, fr=All�!}
{es=�Hola!, en=Hello!, gl=Ola!, ca=Hola!, fr=All�!}
{es=�Adi�s!, en=Goodbye!, gl=Ad�us!, ca=Ad�u!, fr=Adieu!}
{es=�Hola!, en=Hello!, gl=Meuuuu!, ca=Hola!, fr=Adieu!}
org.op4j.operators.impl.op.list.Level0ListOperator@6fff253c
org.op4j.operators.impl.op.list.Level0ListOperator@6c6357f9
org.op4j.operators.impl.op.list.Level0ListOperator@591e58fa
org.op4j.operators.impl.op.list.Level0ListOperator@3954d008
org.op4j.operators.impl.op.list.Level0ListOperator@2f94c4db
org.op4j.operators.impl.op.list.Level0ListOperator@593e824f
org.op4j.operators.impl.op.list.Level0ListOperator@72ccd81a
[234, 8]
org.op4j.operators.impl.op.list.Level0ListOperator@6e46d9f4
[null]
[null]
[]
{a=1, b=3}
[adios, ciao, goodbye, hello, hola]
[ciao, hola, hello, adios, goodbye]
[adios, ciao, goodbye, hello, hola]
[ciao, hola, hello, adios, goodbye]
12314124
12314124
12314123
12314123
12314123
1.23141234123E7
1.2314123413E7
12314123.413
8/3/20 12:00 AM
11/25/79 12:00 AM
11/25/79 12:30 PM
11/25/79 12:30 PM
[11, 12, 25, 30, 1979]
[11, 12, 25, 30, 1979]
[1979, 11, 25, 12, 30, 1980, 2, 43]
[hello]
[hello]
Dublin
[Hello, Goodbye, null]
http:\/\/www.google.es\/search?q=op4j&unusedParam=unusedValue \'\' 2^2 
Body tag is written like &quot;&lt;body&gt;content here&lt;/body&gt;&quot;
***___****___****
[HELLO, GOODBYE, null]
***___****___****
[[a, b, a], [a, b, a]]
[Goodbye, Hello]
ListIterator<java.lang.Boolean>
[Hello, Goodbye, null]
[op4j is great!, op4j is great!, op4j is great!]
[Hello, Goodbye, op4j is great!]
[Hello, Goodbye, op4j is great!]
[ALPHA, BETA]
TIME: 0:00:00.141
**********************
**********************
**********************
**********************
**********************
**********************
**********************
**********************
**********************
**********************
**********************
**********************
**********************
**********************
set1 : [12/10/1492, 6/12/1978, 15/07/2045, null]
set2 : [12/10/1492, 6/12/1978, 15/07/2045, null]
set3asStr : [Friday 12 October 1492, Wednesday 06 December 1978, Saturday 15 July 2045, null]
set4asStr : [Friday 12 October 1492, Wednesday 06 December 1978, Saturday 15 July 2045]
set5asStr : [Friday 12 October 1492, Wednesday 06 December 1978, Saturday 15 July 2045]
set6asStr : [Friday 12 October 1492 00:00:00, Wednesday 06 December 1978 00:00:00]
setasStr : [Friday 12 October 1492 00:00:00, Wednesday 06 December 1978 00:00:00]
setFnasStr : [Friday 12 October 1492 00:00:00, Wednesday 06 December 1978 00:00:00]
[2, 1, 4, 213]
[13, 12, 11, 13]
66.24
24.44
34
4
true
1243
true
true
[31A, 31_l, 31aa, a, be]
[a, be, 31A, 31aa, 31_l]
[a, be, 31A, 31aa, 31_l]
[1492, October 12, 1978, December 06]
Starting value = -1256565646
With op4j:    163069228104422758543877
Without op4j: 163069228104422758543877
[1] With op4j:    -54633288
[1] Without op4j: -54633288
[1D] With op4j:    -54633288
[1D] Without op4j: -54633288
lelo
[4, 2]
{98=hello}
{en=[hello, goodbye], es=[hola], gl=[ola], fr=[all�]}
{en=[hello, goodbye], es=[hola], gl=[ola], fr=[all�]}
{en=[Ljava.lang.String;@5b6e8f77, es=[Ljava.lang.String;@41a6d121, gl=[Ljava.lang.String;@4f449e8f, fr=[Ljava.lang.String;@411291e5}
{10=ten, 23=twenty-three, 43=forty-three}
[a, c]
HELLO
uncapitalizable
{John=27, Mary=49, Derek=19}
{Spain=Madrid, United Kingdom=London, France=Paris}
12/6/78 12:00 AM
12/6/78 12:00 AM
[<, >, >, <, <, >]
LO E �� I�� N�� �OR! a�e������
�� �� a �� nu� NU� nu�� NU�� ��
�
[78, 11]
11
Tests run: 1, Failures: 0, Errors: 0, Skipped: 0, Time elapsed: 0.238 sec - in org.op4j.MiscTest
Running org.op4j.MathFuncsTest
Abs: [34, 45, 24, 24, 11]
Add: [41, 52, 31, 31, -4]
Subtract: [11, 22, 1, 1, -34]
Result onList: [4, null, 4, 4410939, 3254952173, null, 7556223732280709115, 5]
Result onArray: {4,<null>,4,4410939,3254952173,<null>,7556223732280709115,5}
Result onSet: [4, null, 4410939, 3254952173, 7556223732280709115, 5]
Divide: [12, 15, 8, 8, -3]
Multiply: [102, 135, 69, 69, -33]
Result onList: [4, 22, 5, 5, 3, null, 5]
Result onArray: {4,22,5,5,3,<null>,5}
Result onSet: [4, 22, 5, 3, null]
Module: [1.0, 0.0, 2.55335, 2.233343, -2.2]
Multiply: [244.80, 324.00, 169.584120, 167.2800696, -80.64]
Raise: [39304.000, 91125.000, 13066.463423032220375, 12541.085024222439004607, -1404.928]
Result onList: [1.894254421, null, 156852433457000000000005, 4.995317391783, 29.515367625, 1.731852096, null, 4.999367487479296]
Result onArray: {1.894254421,<null>,156852433457000000000005,4.995317391783,29.515367625,1.731852096,<null>,4.999367487479296}
Result onSet: [1.894254421, null, 156852433457000000000005, 4.995317391783, 29.515367625, 1.731852096, 4.999367487479296]
Module: [1, 0, 2, 2, 1]
Multiply: [238, 315, 161, 161, -77]
Raise: [39304, 91125, 12167, 12167, -1331]
Comparing: 4  with  4
Comparing: null  with  null
Comparing: 163069228104422758543877  with  163069228104422758543877
Comparing: 4870639333346  with  4870639333346
Comparing: 25476008976054473055862  with  25476008976054473055862
Comparing: 3394870368658357667  with  3394870368658357667
Comparing: null  with  null
Comparing: 5  with  5
Result onList: [4, null, 163069228104422758543877, 4870639333346, 25476008976054473055862, 3394870368658357667, null, 5]
Result onArray: {4,<null>,163069228104422758543877,4870639333346,25476008976054473055862,3394870368658357667,<null>,5}
Result onSet: [4, null, 163069228104422758543877, 4870639333346, 25476008976054473055862, 3394870368658357667, 5]
Module: [1, 0, 2, 2, 1]
Multiply: [6782, 30179, -16615, -16615, -23397]
Raise: [-26232, 25589, 12167, 12167, -1331]
Result onList: [4, null, 4, 2192, 30452, null, 31144, 5]
Result onArray: {4,<null>,4,2192,30452,<null>,31144,5}
Result onSet: [4, null, 2192, 30452, 31144, 5]
Max: 45.0
Min: -11.2
Sum: 114.586693
Avg: 22.917338
Avg: 23.0
Raise: 23.0
Result onList: [1.894254421, null, 1.894254421, 4.996894254421, 8.327970157, null, 3.202524424E24, 4.999367487479296]
Result onArray: {1.894254421,<null>,1.894254421,4.996894254421,8.327970157,<null>,3.202524424E24,4.999367487479296}
Result onSet: [1.894254421, null, 4.996894254421, 8.327970157, 3.202524424E24, 4.999367487479296]
Module: [1.0, 0.0, 2.5533504, 2.2333431, -2.1999998]
Multiply: [238.0, 315.0, 164.87346, 162.6334, -78.4]
Raise: [39304.0, 91125.0, 13066.464, 12541.085, -1404.928]
Result onList: [1.7696218, null, 1.7696218, 1.7696218, 3457848.8, null, 3.329261E21, 4.9993424]
Result onArray: {1.7696218,<null>,1.7696218,1.7696218,3457848.8,<null>,3.329261E21,4.9993424}
Result onSet: [1.7696218, null, 3457848.8, 3.329261E21, 4.9993424]
Tests run: 7, Failures: 0, Errors: 0, Skipped: 0, Time elapsed: 0.101 sec - in org.op4j.MathFuncsTest
Running org.op4j.BenchmarkTest
Without op4j: 0:00:00.277
With op4j:    0:00:00.279
Time 01: 0:00:00.000
Time 02: 0:00:00.000
Time 03: 0:00:00.001
Time 04: 0:00:00.000
Time 05: 0:00:00.001
Time 06: 0:00:00.251
Tests run: 1, Failures: 0, Errors: 0, Skipped: 0, Time elapsed: 0.821 sec - in org.op4j.BenchmarkTest
Running org.op4j.IsValidXXXTest
Tests run: 8, Failures: 0, Errors: 0, Skipped: 0, Time elapsed: 0.005 sec - in org.op4j.IsValidXXXTest

Results :

Tests run: 19, Failures: 0, Errors: 0, Skipped: 0

[INFO] 
[INFO] --- jacoco-maven-plugin:0.8.5:report (report) @ op4j ---
[INFO] Loading execution data file /tmp/tmpk5gqiqx8/op4j/target/jacoco.exec
[INFO] Analyzed bundle 'op4j' with 645 classes
[INFO] ------------------------------------------------------------------------
[INFO] BUILD SUCCESS
[INFO] ------------------------------------------------------------------------
[INFO] Total time:  14.198 s
[INFO] Finished at: 2020-08-03T11:02:09Z
[INFO] ------------------------------------------------------------------------
