[INFO] Error stacktraces are turned on.
[INFO] Scanning for projects...
[INFO] 
[INFO] ----------------< net.masterthought:cucumber-reporting >----------------
[INFO] Building cucumber-reporting 5.3.1-SNAPSHOT
[INFO] --------------------------------[ jar ]---------------------------------
[INFO] 
[INFO] --- maven-enforcer-plugin:1.0:enforce (enforce-maven) @ cucumber-reporting ---
[INFO] 
[INFO] --- jacoco-maven-plugin:0.8.5:prepare-agent (default) @ cucumber-reporting ---
[INFO] argLine set to -javaagent:/home/jdbl/.m2/repository/org/jacoco/org.jacoco.agent/0.8.5/org.jacoco.agent-0.8.5-runtime.jar=destfile=/tmp/tmp4ou8u36u/cucumber-reporting/target/jacoco.exec
[INFO] 
[INFO] --- maven-resources-plugin:2.6:resources (default-resources) @ cucumber-reporting ---
[INFO] Using 'UTF-8' encoding to copy filtered resources.
[INFO] Copying 58 resources
[INFO] 
[INFO] --- maven-compiler-plugin:3.6.1:compile (default-compile) @ cucumber-reporting ---
[INFO] Changes detected - recompiling the module!
[INFO] Compiling 58 source files to /tmp/tmp4ou8u36u/cucumber-reporting/target/classes
[INFO] 
[INFO] --- maven-resources-plugin:2.6:testResources (default-testResources) @ cucumber-reporting ---
[INFO] Using 'UTF-8' encoding to copy filtered resources.
[INFO] Copying 19 resources
[INFO] 
[INFO] --- maven-compiler-plugin:3.6.1:testCompile (default-testCompile) @ cucumber-reporting ---
[INFO] Changes detected - recompiling the module!
[INFO] Compiling 90 source files to /tmp/tmp4ou8u36u/cucumber-reporting/target/test-classes
[INFO] /tmp/tmp4ou8u36u/cucumber-reporting/src/test/java/net/masterthought/cucumber/generators/FailuresOverviewPageTest.java: Some input files use unchecked or unsafe operations.
[INFO] /tmp/tmp4ou8u36u/cucumber-reporting/src/test/java/net/masterthought/cucumber/generators/FailuresOverviewPageTest.java: Recompile with -Xlint:unchecked for details.
[INFO] 
[INFO] --- maven-surefire-plugin:2.19.1:test (default-test) @ cucumber-reporting ---
[INFO] Surefire report directory: /tmp/tmp4ou8u36u/cucumber-reporting/target/surefire-reports

-------------------------------------------------------
 T E S T S
-------------------------------------------------------
Running net.masterthought.cucumber.ConfigurationTest
Tests run: 28, Failures: 0, Errors: 0, Skipped: 0, Time elapsed: 0.532 sec - in net.masterthought.cucumber.ConfigurationTest
Running net.masterthought.cucumber.ReportParserTest
Jul 30, 2020 8:49:36 PM net.masterthought.cucumber.ReportParser parseForFeature
INFO: File {0} does not contain features
Jul 30, 2020 8:49:36 PM net.masterthought.cucumber.ReportParser parseJsonFiles
INFO: File '/tmp/tmp4ou8u36u/cucumber-reporting/target/test-classes/json/empty.json' contains 0 features
Jul 30, 2020 8:49:36 PM net.masterthought.cucumber.ReportParser parseJsonFiles
INFO: File '/tmp/tmp4ou8u36u/cucumber-reporting/target/test-classes/json/sample.json' contains 2 features
Jul 30, 2020 8:49:36 PM net.masterthought.cucumber.ReportParser parseJsonFiles
INFO: File '/tmp/tmp4ou8u36u/cucumber-reporting/target/test-classes/json/simple.json' contains 1 features
Jul 30, 2020 8:49:36 PM net.masterthought.cucumber.ReportParser parseForFeature
INFO: File {0} does not contain features
Jul 30, 2020 8:49:36 PM net.masterthought.cucumber.ReportParser parseJsonFiles
INFO: File '/tmp/tmp4ou8u36u/cucumber-reporting/target/test-classes/json/empty.json' contains 0 features
Jul 30, 2020 8:49:36 PM net.masterthought.cucumber.ReportParser parseJsonFiles
INFO: File '/tmp/tmp4ou8u36u/cucumber-reporting/target/test-classes/json/timestamped/all-last-failed.json' contains 2 features
Jul 30, 2020 8:49:38 PM net.masterthought.cucumber.ReportParser parseJsonFiles
INFO: File '/tmp/tmp4ou8u36u/cucumber-reporting/target/test-classes/json/sample.json' contains 2 features
Tests run: 17, Failures: 0, Errors: 0, Skipped: 0, Time elapsed: 2.768 sec - in net.masterthought.cucumber.ReportParserTest
Running net.masterthought.cucumber.EmptyReportableTest
Tests run: 1, Failures: 0, Errors: 0, Skipped: 0, Time elapsed: 0.003 sec - in net.masterthought.cucumber.EmptyReportableTest
Running net.masterthought.cucumber.json.ResultTest
Jul 30, 2020 8:49:38 PM net.masterthought.cucumber.ReportParser parseJsonFiles
INFO: File '/tmp/tmp4ou8u36u/cucumber-reporting/target/test-classes/json/sample.json' contains 2 features
Jul 30, 2020 8:49:38 PM net.masterthought.cucumber.ReportParser parseJsonFiles
INFO: File '/tmp/tmp4ou8u36u/cucumber-reporting/target/test-classes/json/sample.json' contains 2 features
Jul 30, 2020 8:49:38 PM net.masterthought.cucumber.ReportParser parseJsonFiles
INFO: File '/tmp/tmp4ou8u36u/cucumber-reporting/target/test-classes/json/sample.json' contains 2 features
Jul 30, 2020 8:49:38 PM net.masterthought.cucumber.ReportParser parseJsonFiles
INFO: File '/tmp/tmp4ou8u36u/cucumber-reporting/target/test-classes/json/sample.json' contains 2 features
Jul 30, 2020 8:49:38 PM net.masterthought.cucumber.ReportParser parseJsonFiles
INFO: File '/tmp/tmp4ou8u36u/cucumber-reporting/target/test-classes/json/sample.json' contains 2 features
Jul 30, 2020 8:49:38 PM net.masterthought.cucumber.ReportParser parseJsonFiles
INFO: File '/tmp/tmp4ou8u36u/cucumber-reporting/target/test-classes/json/sample.json' contains 2 features
Tests run: 6, Failures: 0, Errors: 0, Skipped: 0, Time elapsed: 0.341 sec - in net.masterthought.cucumber.json.ResultTest
Running net.masterthought.cucumber.json.ArgumentTest
Jul 30, 2020 8:49:38 PM net.masterthought.cucumber.ReportParser parseJsonFiles
INFO: File '/tmp/tmp4ou8u36u/cucumber-reporting/target/test-classes/json/sample.json' contains 2 features
Jul 30, 2020 8:49:38 PM net.masterthought.cucumber.ReportParser parseJsonFiles
INFO: File '/tmp/tmp4ou8u36u/cucumber-reporting/target/test-classes/json/sample.json' contains 2 features
Jul 30, 2020 8:49:38 PM net.masterthought.cucumber.ReportParser parseJsonFiles
INFO: File '/tmp/tmp4ou8u36u/cucumber-reporting/target/test-classes/json/sample.json' contains 2 features
Tests run: 3, Failures: 0, Errors: 0, Skipped: 0, Time elapsed: 0.131 sec - in net.masterthought.cucumber.json.ArgumentTest
Running net.masterthought.cucumber.json.ElementTest
Jul 30, 2020 8:49:38 PM net.masterthought.cucumber.ReportParser parseJsonFiles
INFO: File '/tmp/tmp4ou8u36u/cucumber-reporting/target/test-classes/json/sample.json' contains 2 features
Jul 30, 2020 8:49:38 PM net.masterthought.cucumber.ReportParser parseJsonFiles
INFO: File '/tmp/tmp4ou8u36u/cucumber-reporting/target/test-classes/json/sample.json' contains 2 features
Jul 30, 2020 8:49:38 PM net.masterthought.cucumber.ReportParser parseJsonFiles
INFO: File '/tmp/tmp4ou8u36u/cucumber-reporting/target/test-classes/json/sample.json' contains 2 features
Jul 30, 2020 8:49:38 PM net.masterthought.cucumber.ReportParser parseJsonFiles
INFO: File '/tmp/tmp4ou8u36u/cucumber-reporting/target/test-classes/json/sample.json' contains 2 features
Jul 30, 2020 8:49:38 PM net.masterthought.cucumber.ReportParser parseJsonFiles
INFO: File '/tmp/tmp4ou8u36u/cucumber-reporting/target/test-classes/json/sample.json' contains 2 features
Jul 30, 2020 8:49:38 PM net.masterthought.cucumber.ReportParser parseJsonFiles
INFO: File '/tmp/tmp4ou8u36u/cucumber-reporting/target/test-classes/json/sample.json' contains 2 features
Jul 30, 2020 8:49:38 PM net.masterthought.cucumber.ReportParser parseJsonFiles
INFO: File '/tmp/tmp4ou8u36u/cucumber-reporting/target/test-classes/json/sample.json' contains 2 features
Jul 30, 2020 8:49:38 PM net.masterthought.cucumber.ReportParser parseJsonFiles
INFO: File '/tmp/tmp4ou8u36u/cucumber-reporting/target/test-classes/json/sample.json' contains 2 features
Jul 30, 2020 8:49:38 PM net.masterthought.cucumber.ReportParser parseJsonFiles
INFO: File '/tmp/tmp4ou8u36u/cucumber-reporting/target/test-classes/json/sample.json' contains 2 features
Jul 30, 2020 8:49:39 PM net.masterthought.cucumber.ReportParser parseJsonFiles
INFO: File '/tmp/tmp4ou8u36u/cucumber-reporting/target/test-classes/json/sample.json' contains 2 features
Jul 30, 2020 8:49:39 PM net.masterthought.cucumber.ReportParser parseJsonFiles
INFO: File '/tmp/tmp4ou8u36u/cucumber-reporting/target/test-classes/json/sample.json' contains 2 features
Jul 30, 2020 8:49:39 PM net.masterthought.cucumber.ReportParser parseJsonFiles
INFO: File '/tmp/tmp4ou8u36u/cucumber-reporting/target/test-classes/json/sample.json' contains 2 features
Jul 30, 2020 8:49:39 PM net.masterthought.cucumber.ReportParser parseJsonFiles
INFO: File '/tmp/tmp4ou8u36u/cucumber-reporting/target/test-classes/json/sample.json' contains 2 features
Jul 30, 2020 8:49:39 PM net.masterthought.cucumber.ReportParser parseJsonFiles
INFO: File '/tmp/tmp4ou8u36u/cucumber-reporting/target/test-classes/json/sample.json' contains 2 features
Jul 30, 2020 8:49:39 PM net.masterthought.cucumber.ReportParser parseJsonFiles
INFO: File '/tmp/tmp4ou8u36u/cucumber-reporting/target/test-classes/json/sample.json' contains 2 features
Jul 30, 2020 8:49:39 PM net.masterthought.cucumber.ReportParser parseJsonFiles
INFO: File '/tmp/tmp4ou8u36u/cucumber-reporting/target/test-classes/json/sample.json' contains 2 features
Jul 30, 2020 8:49:39 PM net.masterthought.cucumber.ReportParser parseJsonFiles
INFO: File '/tmp/tmp4ou8u36u/cucumber-reporting/target/test-classes/json/sample.json' contains 2 features
Jul 30, 2020 8:49:39 PM net.masterthought.cucumber.ReportParser parseJsonFiles
INFO: File '/tmp/tmp4ou8u36u/cucumber-reporting/target/test-classes/json/sample.json' contains 2 features
Jul 30, 2020 8:49:39 PM net.masterthought.cucumber.ReportParser parseJsonFiles
INFO: File '/tmp/tmp4ou8u36u/cucumber-reporting/target/test-classes/json/sample.json' contains 2 features
Tests run: 19, Failures: 0, Errors: 0, Skipped: 0, Time elapsed: 0.448 sec - in net.masterthought.cucumber.json.ElementTest
Running net.masterthought.cucumber.json.TagTest
Jul 30, 2020 8:49:39 PM net.masterthought.cucumber.ReportParser parseJsonFiles
INFO: File '/tmp/tmp4ou8u36u/cucumber-reporting/target/test-classes/json/sample.json' contains 2 features
Jul 30, 2020 8:49:39 PM net.masterthought.cucumber.ReportParser parseJsonFiles
INFO: File '/tmp/tmp4ou8u36u/cucumber-reporting/target/test-classes/json/sample.json' contains 2 features
Jul 30, 2020 8:49:39 PM net.masterthought.cucumber.ReportParser parseJsonFiles
INFO: File '/tmp/tmp4ou8u36u/cucumber-reporting/target/test-classes/json/sample.json' contains 2 features
Jul 30, 2020 8:49:39 PM net.masterthought.cucumber.ReportParser parseJsonFiles
INFO: File '/tmp/tmp4ou8u36u/cucumber-reporting/target/test-classes/json/sample.json' contains 2 features
Jul 30, 2020 8:49:39 PM net.masterthought.cucumber.ReportParser parseJsonFiles
INFO: File '/tmp/tmp4ou8u36u/cucumber-reporting/target/test-classes/json/sample.json' contains 2 features
Jul 30, 2020 8:49:39 PM net.masterthought.cucumber.ReportParser parseJsonFiles
INFO: File '/tmp/tmp4ou8u36u/cucumber-reporting/target/test-classes/json/sample.json' contains 2 features
Jul 30, 2020 8:49:39 PM net.masterthought.cucumber.ReportParser parseJsonFiles
INFO: File '/tmp/tmp4ou8u36u/cucumber-reporting/target/test-classes/json/sample.json' contains 2 features
Tests run: 7, Failures: 0, Errors: 0, Skipped: 0, Time elapsed: 0.165 sec - in net.masterthought.cucumber.json.TagTest
Running net.masterthought.cucumber.json.RowTest
Jul 30, 2020 8:49:39 PM net.masterthought.cucumber.ReportParser parseJsonFiles
INFO: File '/tmp/tmp4ou8u36u/cucumber-reporting/target/test-classes/json/sample.json' contains 2 features
Tests run: 1, Failures: 0, Errors: 0, Skipped: 0, Time elapsed: 0.016 sec - in net.masterthought.cucumber.json.RowTest
Running net.masterthought.cucumber.json.DocStringTest
Jul 30, 2020 8:49:39 PM net.masterthought.cucumber.ReportParser parseJsonFiles
INFO: File '/tmp/tmp4ou8u36u/cucumber-reporting/target/test-classes/json/sample.json' contains 2 features
Tests run: 1, Failures: 0, Errors: 0, Skipped: 0, Time elapsed: 0.02 sec - in net.masterthought.cucumber.json.DocStringTest
Running net.masterthought.cucumber.json.MatchTest
Jul 30, 2020 8:49:39 PM net.masterthought.cucumber.ReportParser parseJsonFiles
INFO: File '/tmp/tmp4ou8u36u/cucumber-reporting/target/test-classes/json/sample.json' contains 2 features
Jul 30, 2020 8:49:39 PM net.masterthought.cucumber.ReportParser parseJsonFiles
INFO: File '/tmp/tmp4ou8u36u/cucumber-reporting/target/test-classes/json/sample.json' contains 2 features
Tests run: 2, Failures: 0, Errors: 0, Skipped: 0, Time elapsed: 0.031 sec - in net.masterthought.cucumber.json.MatchTest
Running net.masterthought.cucumber.json.EmbeddingTest
Tests run: 16, Failures: 0, Errors: 0, Skipped: 0, Time elapsed: 0.012 sec - in net.masterthought.cucumber.json.EmbeddingTest
Running net.masterthought.cucumber.json.OutputTest
Tests run: 1, Failures: 0, Errors: 0, Skipped: 0, Time elapsed: 0 sec - in net.masterthought.cucumber.json.OutputTest
Running net.masterthought.cucumber.json.StepTest
Jul 30, 2020 8:49:39 PM net.masterthought.cucumber.ReportParser parseJsonFiles
INFO: File '/tmp/tmp4ou8u36u/cucumber-reporting/target/test-classes/json/sample.json' contains 2 features
Jul 30, 2020 8:49:39 PM net.masterthought.cucumber.ReportParser parseJsonFiles
INFO: File '/tmp/tmp4ou8u36u/cucumber-reporting/target/test-classes/json/sample.json' contains 2 features
Jul 30, 2020 8:49:39 PM net.masterthought.cucumber.ReportParser parseJsonFiles
INFO: File '/tmp/tmp4ou8u36u/cucumber-reporting/target/test-classes/json/sample.json' contains 2 features
Jul 30, 2020 8:49:39 PM net.masterthought.cucumber.ReportParser parseJsonFiles
INFO: File '/tmp/tmp4ou8u36u/cucumber-reporting/target/test-classes/json/sample.json' contains 2 features
Jul 30, 2020 8:49:39 PM net.masterthought.cucumber.ReportParser parseJsonFiles
INFO: File '/tmp/tmp4ou8u36u/cucumber-reporting/target/test-classes/json/sample.json' contains 2 features
Jul 30, 2020 8:49:39 PM net.masterthought.cucumber.ReportParser parseJsonFiles
INFO: File '/tmp/tmp4ou8u36u/cucumber-reporting/target/test-classes/json/sample.json' contains 2 features
Jul 30, 2020 8:49:39 PM net.masterthought.cucumber.ReportParser parseJsonFiles
INFO: File '/tmp/tmp4ou8u36u/cucumber-reporting/target/test-classes/json/sample.json' contains 2 features
Jul 30, 2020 8:49:39 PM net.masterthought.cucumber.ReportParser parseJsonFiles
INFO: File '/tmp/tmp4ou8u36u/cucumber-reporting/target/test-classes/json/sample.json' contains 2 features
Jul 30, 2020 8:49:39 PM net.masterthought.cucumber.ReportParser parseJsonFiles
INFO: File '/tmp/tmp4ou8u36u/cucumber-reporting/target/test-classes/json/sample.json' contains 2 features
Jul 30, 2020 8:49:39 PM net.masterthought.cucumber.ReportParser parseJsonFiles
INFO: File '/tmp/tmp4ou8u36u/cucumber-reporting/target/test-classes/json/sample.json' contains 2 features
Jul 30, 2020 8:49:39 PM net.masterthought.cucumber.ReportParser parseJsonFiles
INFO: File '/tmp/tmp4ou8u36u/cucumber-reporting/target/test-classes/json/sample.json' contains 2 features
Jul 30, 2020 8:49:39 PM net.masterthought.cucumber.ReportParser parseJsonFiles
INFO: File '/tmp/tmp4ou8u36u/cucumber-reporting/target/test-classes/json/sample.json' contains 2 features
Jul 30, 2020 8:49:39 PM net.masterthought.cucumber.ReportParser parseJsonFiles
INFO: File '/tmp/tmp4ou8u36u/cucumber-reporting/target/test-classes/json/sample.json' contains 2 features
Jul 30, 2020 8:49:39 PM net.masterthought.cucumber.ReportParser parseJsonFiles
INFO: File '/tmp/tmp4ou8u36u/cucumber-reporting/target/test-classes/json/sample.json' contains 2 features
Jul 30, 2020 8:49:39 PM net.masterthought.cucumber.ReportParser parseJsonFiles
INFO: File '/tmp/tmp4ou8u36u/cucumber-reporting/target/test-classes/json/sample.json' contains 2 features
Jul 30, 2020 8:49:39 PM net.masterthought.cucumber.ReportParser parseJsonFiles
INFO: File '/tmp/tmp4ou8u36u/cucumber-reporting/target/test-classes/json/sample.json' contains 2 features
Jul 30, 2020 8:49:39 PM net.masterthought.cucumber.ReportParser parseJsonFiles
INFO: File '/tmp/tmp4ou8u36u/cucumber-reporting/target/test-classes/json/sample.json' contains 2 features
Jul 30, 2020 8:49:39 PM net.masterthought.cucumber.ReportParser parseJsonFiles
INFO: File '/tmp/tmp4ou8u36u/cucumber-reporting/target/test-classes/json/sample.json' contains 2 features
Tests run: 18, Failures: 0, Errors: 0, Skipped: 0, Time elapsed: 0.34 sec - in net.masterthought.cucumber.json.StepTest
Running net.masterthought.cucumber.json.FeatureTest
Jul 30, 2020 8:49:39 PM net.masterthought.cucumber.ReportParser parseJsonFiles
INFO: File '/tmp/tmp4ou8u36u/cucumber-reporting/target/test-classes/json/sample.json' contains 2 features
Jul 30, 2020 8:49:39 PM net.masterthought.cucumber.ReportParser parseJsonFiles
INFO: File '/tmp/tmp4ou8u36u/cucumber-reporting/target/test-classes/json/sample.json' contains 2 features
Jul 30, 2020 8:49:39 PM net.masterthought.cucumber.ReportParser parseJsonFiles
INFO: File '/tmp/tmp4ou8u36u/cucumber-reporting/target/test-classes/json/sample.json' contains 2 features
Jul 30, 2020 8:49:39 PM net.masterthought.cucumber.ReportParser parseJsonFiles
INFO: File '/tmp/tmp4ou8u36u/cucumber-reporting/target/test-classes/json/sample.json' contains 2 features
Jul 30, 2020 8:49:39 PM net.masterthought.cucumber.ReportParser parseJsonFiles
INFO: File '/tmp/tmp4ou8u36u/cucumber-reporting/target/test-classes/json/sample.json' contains 2 features
Jul 30, 2020 8:49:39 PM net.masterthought.cucumber.ReportParser parseJsonFiles
INFO: File '/tmp/tmp4ou8u36u/cucumber-reporting/target/test-classes/json/sample.json' contains 2 features
Jul 30, 2020 8:49:39 PM net.masterthought.cucumber.ReportParser parseJsonFiles
INFO: File '/tmp/tmp4ou8u36u/cucumber-reporting/target/test-classes/json/sample.json' contains 2 features
Jul 30, 2020 8:49:39 PM net.masterthought.cucumber.ReportParser parseJsonFiles
INFO: File '/tmp/tmp4ou8u36u/cucumber-reporting/target/test-classes/json/sample.json' contains 2 features
Jul 30, 2020 8:49:40 PM net.masterthought.cucumber.ReportParser parseJsonFiles
INFO: File '/tmp/tmp4ou8u36u/cucumber-reporting/target/test-classes/json/sample.json' contains 2 features
Jul 30, 2020 8:49:40 PM net.masterthought.cucumber.ReportParser parseJsonFiles
INFO: File '/tmp/tmp4ou8u36u/cucumber-reporting/target/test-classes/json/sample.json' contains 2 features
Jul 30, 2020 8:49:40 PM net.masterthought.cucumber.ReportParser parseJsonFiles
INFO: File '/tmp/tmp4ou8u36u/cucumber-reporting/target/test-classes/json/sample.json' contains 2 features
Jul 30, 2020 8:49:40 PM net.masterthought.cucumber.ReportParser parseJsonFiles
INFO: File '/tmp/tmp4ou8u36u/cucumber-reporting/target/test-classes/json/sample.json' contains 2 features
Jul 30, 2020 8:49:40 PM net.masterthought.cucumber.ReportParser parseJsonFiles
INFO: File '/tmp/tmp4ou8u36u/cucumber-reporting/target/test-classes/json/sample.json' contains 2 features
Jul 30, 2020 8:49:40 PM net.masterthought.cucumber.ReportParser parseJsonFiles
INFO: File '/tmp/tmp4ou8u36u/cucumber-reporting/target/test-classes/json/sample.json' contains 2 features
Jul 30, 2020 8:49:40 PM net.masterthought.cucumber.ReportParser parseJsonFiles
INFO: File '/tmp/tmp4ou8u36u/cucumber-reporting/target/test-classes/json/sample.json' contains 2 features
Jul 30, 2020 8:49:40 PM net.masterthought.cucumber.ReportParser parseJsonFiles
INFO: File '/tmp/tmp4ou8u36u/cucumber-reporting/target/test-classes/json/sample.json' contains 2 features
Jul 30, 2020 8:49:40 PM net.masterthought.cucumber.ReportParser parseJsonFiles
INFO: File '/tmp/tmp4ou8u36u/cucumber-reporting/target/test-classes/json/sample.json' contains 2 features
Jul 30, 2020 8:49:40 PM net.masterthought.cucumber.ReportParser parseJsonFiles
INFO: File '/tmp/tmp4ou8u36u/cucumber-reporting/target/test-classes/json/sample.json' contains 2 features
Jul 30, 2020 8:49:40 PM net.masterthought.cucumber.ReportParser parseJsonFiles
INFO: File '/tmp/tmp4ou8u36u/cucumber-reporting/target/test-classes/json/sample.json' contains 2 features
Jul 30, 2020 8:49:40 PM net.masterthought.cucumber.ReportParser parseJsonFiles
INFO: File '/tmp/tmp4ou8u36u/cucumber-reporting/target/test-classes/json/sample.json' contains 2 features
Tests run: 20, Failures: 0, Errors: 0, Skipped: 0, Time elapsed: 0.935 sec - in net.masterthought.cucumber.json.FeatureTest
Running net.masterthought.cucumber.json.deserializers.StatusDeserializerTest
Tests run: 4, Failures: 0, Errors: 0, Skipped: 0, Time elapsed: 1.471 sec - in net.masterthought.cucumber.json.deserializers.StatusDeserializerTest
Running net.masterthought.cucumber.json.deserializers.TagsDeserializerTest
Tests run: 2, Failures: 0, Errors: 0, Skipped: 0, Time elapsed: 1.048 sec - in net.masterthought.cucumber.json.deserializers.TagsDeserializerTest
Running net.masterthought.cucumber.json.deserializers.EmbeddingDeserializerTest
Tests run: 3, Failures: 0, Errors: 0, Skipped: 0, Time elapsed: 0.775 sec - in net.masterthought.cucumber.json.deserializers.EmbeddingDeserializerTest
Running net.masterthought.cucumber.json.support.StatusTest
Tests run: 5, Failures: 0, Errors: 0, Skipped: 0, Time elapsed: 0.001 sec - in net.masterthought.cucumber.json.support.StatusTest
Running net.masterthought.cucumber.json.support.StepObjectTest
Tests run: 10, Failures: 0, Errors: 0, Skipped: 0, Time elapsed: 0.003 sec - in net.masterthought.cucumber.json.support.StepObjectTest
Running net.masterthought.cucumber.json.support.comparators.StatusCounterTest
Tests run: 9, Failures: 0, Errors: 0, Skipped: 0, Time elapsed: 0.002 sec - in net.masterthought.cucumber.json.support.comparators.StatusCounterTest
Running net.masterthought.cucumber.json.support.TagObjectTest
Jul 30, 2020 8:49:44 PM net.masterthought.cucumber.ReportParser parseJsonFiles
INFO: File '/tmp/tmp4ou8u36u/cucumber-reporting/target/test-classes/json/sample.json' contains 2 features
Jul 30, 2020 8:49:44 PM net.masterthought.cucumber.ReportParser parseJsonFiles
INFO: File '/tmp/tmp4ou8u36u/cucumber-reporting/target/test-classes/json/sample.json' contains 2 features
Jul 30, 2020 8:49:44 PM net.masterthought.cucumber.ReportParser parseJsonFiles
INFO: File '/tmp/tmp4ou8u36u/cucumber-reporting/target/test-classes/json/sample.json' contains 2 features
Jul 30, 2020 8:49:44 PM net.masterthought.cucumber.ReportParser parseJsonFiles
INFO: File '/tmp/tmp4ou8u36u/cucumber-reporting/target/test-classes/json/sample.json' contains 2 features
Jul 30, 2020 8:49:44 PM net.masterthought.cucumber.ReportParser parseJsonFiles
INFO: File '/tmp/tmp4ou8u36u/cucumber-reporting/target/test-classes/json/sample.json' contains 2 features
Jul 30, 2020 8:49:44 PM net.masterthought.cucumber.ReportParser parseJsonFiles
INFO: File '/tmp/tmp4ou8u36u/cucumber-reporting/target/test-classes/json/sample.json' contains 2 features
Jul 30, 2020 8:49:44 PM net.masterthought.cucumber.ReportParser parseJsonFiles
INFO: File '/tmp/tmp4ou8u36u/cucumber-reporting/target/test-classes/json/sample.json' contains 2 features
Jul 30, 2020 8:49:44 PM net.masterthought.cucumber.ReportParser parseJsonFiles
INFO: File '/tmp/tmp4ou8u36u/cucumber-reporting/target/test-classes/json/sample.json' contains 2 features
Jul 30, 2020 8:49:44 PM net.masterthought.cucumber.ReportParser parseJsonFiles
INFO: File '/tmp/tmp4ou8u36u/cucumber-reporting/target/test-classes/json/sample.json' contains 2 features
Jul 30, 2020 8:49:44 PM net.masterthought.cucumber.ReportParser parseJsonFiles
INFO: File '/tmp/tmp4ou8u36u/cucumber-reporting/target/test-classes/json/sample.json' contains 2 features
Jul 30, 2020 8:49:44 PM net.masterthought.cucumber.ReportParser parseJsonFiles
INFO: File '/tmp/tmp4ou8u36u/cucumber-reporting/target/test-classes/json/sample.json' contains 2 features
Jul 30, 2020 8:49:44 PM net.masterthought.cucumber.ReportParser parseJsonFiles
INFO: File '/tmp/tmp4ou8u36u/cucumber-reporting/target/test-classes/json/sample.json' contains 2 features
Jul 30, 2020 8:49:44 PM net.masterthought.cucumber.ReportParser parseJsonFiles
INFO: File '/tmp/tmp4ou8u36u/cucumber-reporting/target/test-classes/json/sample.json' contains 2 features
Jul 30, 2020 8:49:44 PM net.masterthought.cucumber.ReportParser parseJsonFiles
INFO: File '/tmp/tmp4ou8u36u/cucumber-reporting/target/test-classes/json/sample.json' contains 2 features
Jul 30, 2020 8:49:44 PM net.masterthought.cucumber.ReportParser parseJsonFiles
INFO: File '/tmp/tmp4ou8u36u/cucumber-reporting/target/test-classes/json/sample.json' contains 2 features
Tests run: 15, Failures: 0, Errors: 0, Skipped: 0, Time elapsed: 0.319 sec - in net.masterthought.cucumber.json.support.TagObjectTest
Running net.masterthought.cucumber.json.HookTest
Jul 30, 2020 8:49:44 PM net.masterthought.cucumber.ReportParser parseJsonFiles
INFO: File '/tmp/tmp4ou8u36u/cucumber-reporting/target/test-classes/json/sample.json' contains 2 features
Jul 30, 2020 8:49:44 PM net.masterthought.cucumber.ReportParser parseJsonFiles
INFO: File '/tmp/tmp4ou8u36u/cucumber-reporting/target/test-classes/json/sample.json' contains 2 features
Jul 30, 2020 8:49:44 PM net.masterthought.cucumber.ReportParser parseJsonFiles
INFO: File '/tmp/tmp4ou8u36u/cucumber-reporting/target/test-classes/json/sample.json' contains 2 features
Jul 30, 2020 8:49:44 PM net.masterthought.cucumber.ReportParser parseJsonFiles
INFO: File '/tmp/tmp4ou8u36u/cucumber-reporting/target/test-classes/json/sample.json' contains 2 features
Jul 30, 2020 8:49:44 PM net.masterthought.cucumber.ReportParser parseJsonFiles
INFO: File '/tmp/tmp4ou8u36u/cucumber-reporting/target/test-classes/json/sample.json' contains 2 features
Jul 30, 2020 8:49:44 PM net.masterthought.cucumber.ReportParser parseJsonFiles
INFO: File '/tmp/tmp4ou8u36u/cucumber-reporting/target/test-classes/json/sample.json' contains 2 features
Jul 30, 2020 8:49:44 PM net.masterthought.cucumber.ReportParser parseJsonFiles
INFO: File '/tmp/tmp4ou8u36u/cucumber-reporting/target/test-classes/json/sample.json' contains 2 features
Jul 30, 2020 8:49:44 PM net.masterthought.cucumber.ReportParser parseJsonFiles
INFO: File '/tmp/tmp4ou8u36u/cucumber-reporting/target/test-classes/json/sample.json' contains 2 features
Tests run: 8, Failures: 0, Errors: 0, Skipped: 0, Time elapsed: 0.135 sec - in net.masterthought.cucumber.json.HookTest
Running net.masterthought.cucumber.ReportResultMergeTest
Jul 30, 2020 8:49:44 PM net.masterthought.cucumber.ReportParser parseJsonFiles
INFO: File '/tmp/tmp4ou8u36u/cucumber-reporting/target/test-classes/json/timestamped/part1.json' contains 1 features
Jul 30, 2020 8:49:44 PM net.masterthought.cucumber.ReportParser parseJsonFiles
INFO: File '/tmp/tmp4ou8u36u/cucumber-reporting/target/test-classes/json/timestamped/all-last-failed.json' contains 2 features
Jul 30, 2020 8:49:44 PM net.masterthought.cucumber.ReportParser parseJsonFiles
INFO: File '/tmp/tmp4ou8u36u/cucumber-reporting/target/test-classes/json/sample_failed.json' contains 2 features
Jul 30, 2020 8:49:45 PM net.masterthought.cucumber.ReportParser parseJsonFiles
INFO: File '/tmp/tmp4ou8u36u/cucumber-reporting/target/test-classes/json/sample.json' contains 2 features
Jul 30, 2020 8:49:45 PM net.masterthought.cucumber.ReportParser parseJsonFiles
INFO: File '/tmp/tmp4ou8u36u/cucumber-reporting/target/test-classes/json/timestamped/part1.json' contains 1 features
Jul 30, 2020 8:49:45 PM net.masterthought.cucumber.ReportParser parseJsonFiles
INFO: File '/tmp/tmp4ou8u36u/cucumber-reporting/target/test-classes/json/timestamped/part2.json' contains 1 features
Jul 30, 2020 8:49:45 PM net.masterthought.cucumber.ReportParser parseJsonFiles
INFO: File '/tmp/tmp4ou8u36u/cucumber-reporting/target/test-classes/json/timestamped/part2-rerun-failed.json' contains 1 features
Jul 30, 2020 8:49:45 PM net.masterthought.cucumber.ReportParser parseJsonFiles
INFO: File '/tmp/tmp4ou8u36u/cucumber-reporting/target/test-classes/json/timestamped/part2.json' contains 1 features
Jul 30, 2020 8:49:45 PM net.masterthought.cucumber.ReportParser parseJsonFiles
INFO: File '/tmp/tmp4ou8u36u/cucumber-reporting/target/test-classes/json/timestamped/part1.json' contains 1 features
Jul 30, 2020 8:49:45 PM net.masterthought.cucumber.ReportParser parseJsonFiles
INFO: File '/tmp/tmp4ou8u36u/cucumber-reporting/target/test-classes/json/timestamped/part2.json' contains 1 features
Jul 30, 2020 8:49:45 PM net.masterthought.cucumber.ReportParser parseJsonFiles
INFO: File '/tmp/tmp4ou8u36u/cucumber-reporting/target/test-classes/json/timestamped/part2-rerun-passed.json' contains 1 features
Jul 30, 2020 8:49:45 PM net.masterthought.cucumber.ReportParser parseJsonFiles
INFO: File '/tmp/tmp4ou8u36u/cucumber-reporting/target/test-classes/json/timestamped/all-passed.json' contains 2 features
Jul 30, 2020 8:49:45 PM net.masterthought.cucumber.ReportParser parseJsonFiles
INFO: File '/tmp/tmp4ou8u36u/cucumber-reporting/target/test-classes/json/timestamped/part1.json' contains 1 features
Jul 30, 2020 8:49:45 PM net.masterthought.cucumber.ReportParser parseJsonFiles
INFO: File '/tmp/tmp4ou8u36u/cucumber-reporting/target/test-classes/json/timestamped/part2.json' contains 1 features
Jul 30, 2020 8:49:45 PM net.masterthought.cucumber.ReportParser parseJsonFiles
INFO: File '/tmp/tmp4ou8u36u/cucumber-reporting/target/test-classes/json/timestamped/part2-rerun-failed.json' contains 1 features
Jul 30, 2020 8:49:45 PM net.masterthought.cucumber.ReportParser parseJsonFiles
INFO: File '/tmp/tmp4ou8u36u/cucumber-reporting/target/test-classes/json/timestamped/all-last-failed.json' contains 2 features
Tests run: 7, Failures: 0, Errors: 0, Skipped: 0, Time elapsed: 0.615 sec - in net.masterthought.cucumber.ReportResultMergeTest
Running net.masterthought.cucumber.TrendsTest
Tests run: 7, Failures: 0, Errors: 0, Skipped: 0, Time elapsed: 0.015 sec - in net.masterthought.cucumber.TrendsTest
Running net.masterthought.cucumber.util.UtilTest
Jul 30, 2020 8:49:45 PM net.masterthought.cucumber.ReportParser parseJsonFiles
INFO: File '/tmp/tmp4ou8u36u/cucumber-reporting/target/test-classes/json/sample.json' contains 2 features
Jul 30, 2020 8:49:45 PM net.masterthought.cucumber.ReportParser parseJsonFiles
INFO: File '/tmp/tmp4ou8u36u/cucumber-reporting/target/test-classes/json/sample.json' contains 2 features
Jul 30, 2020 8:49:45 PM net.masterthought.cucumber.ReportParser parseJsonFiles
INFO: File '/tmp/tmp4ou8u36u/cucumber-reporting/target/test-classes/json/sample.json' contains 2 features
Jul 30, 2020 8:49:45 PM net.masterthought.cucumber.ReportParser parseJsonFiles
INFO: File '/tmp/tmp4ou8u36u/cucumber-reporting/target/test-classes/json/sample.json' contains 2 features
Jul 30, 2020 8:49:45 PM net.masterthought.cucumber.ReportParser parseJsonFiles
INFO: File '/tmp/tmp4ou8u36u/cucumber-reporting/target/test-classes/json/sample.json' contains 2 features
Tests run: 5, Failures: 0, Errors: 0, Skipped: 0, Time elapsed: 0.337 sec - in net.masterthought.cucumber.util.UtilTest
Running net.masterthought.cucumber.util.CounterTest
Tests run: 1, Failures: 0, Errors: 0, Skipped: 0, Time elapsed: 0 sec - in net.masterthought.cucumber.util.CounterTest
Running net.masterthought.cucumber.util.StepNameFormatterTest
Jul 30, 2020 8:49:45 PM net.masterthought.cucumber.ReportParser parseJsonFiles
INFO: File '/tmp/tmp4ou8u36u/cucumber-reporting/target/test-classes/json/sample.json' contains 2 features
Jul 30, 2020 8:49:45 PM net.masterthought.cucumber.ReportParser parseJsonFiles
INFO: File '/tmp/tmp4ou8u36u/cucumber-reporting/target/test-classes/json/sample.json' contains 2 features
Jul 30, 2020 8:49:45 PM net.masterthought.cucumber.ReportParser parseJsonFiles
INFO: File '/tmp/tmp4ou8u36u/cucumber-reporting/target/test-classes/json/sample.json' contains 2 features
Jul 30, 2020 8:49:45 PM net.masterthought.cucumber.ReportParser parseJsonFiles
INFO: File '/tmp/tmp4ou8u36u/cucumber-reporting/target/test-classes/json/sample.json' contains 2 features
Jul 30, 2020 8:49:45 PM net.masterthought.cucumber.ReportParser parseJsonFiles
INFO: File '/tmp/tmp4ou8u36u/cucumber-reporting/target/test-classes/json/sample.json' contains 2 features
Jul 30, 2020 8:49:45 PM net.masterthought.cucumber.ReportParser parseJsonFiles
INFO: File '/tmp/tmp4ou8u36u/cucumber-reporting/target/test-classes/json/sample.json' contains 2 features
Jul 30, 2020 8:49:45 PM net.masterthought.cucumber.ReportParser parseJsonFiles
INFO: File '/tmp/tmp4ou8u36u/cucumber-reporting/target/test-classes/json/sample.json' contains 2 features
Jul 30, 2020 8:49:45 PM net.masterthought.cucumber.ReportParser parseJsonFiles
INFO: File '/tmp/tmp4ou8u36u/cucumber-reporting/target/test-classes/json/sample.json' contains 2 features
Jul 30, 2020 8:49:45 PM net.masterthought.cucumber.ReportParser parseJsonFiles
INFO: File '/tmp/tmp4ou8u36u/cucumber-reporting/target/test-classes/json/sample.json' contains 2 features
Jul 30, 2020 8:49:45 PM net.masterthought.cucumber.ReportParser parseJsonFiles
INFO: File '/tmp/tmp4ou8u36u/cucumber-reporting/target/test-classes/json/sample.json' contains 2 features
Jul 30, 2020 8:49:46 PM net.masterthought.cucumber.ReportParser parseJsonFiles
INFO: File '/tmp/tmp4ou8u36u/cucumber-reporting/target/test-classes/json/sample.json' contains 2 features
Tests run: 11, Failures: 0, Errors: 0, Skipped: 0, Time elapsed: 0.286 sec - in net.masterthought.cucumber.util.StepNameFormatterTest
Running net.masterthought.cucumber.sorting.StepObjectAlphabeticalComparatorTest
Tests run: 2, Failures: 0, Errors: 0, Skipped: 0, Time elapsed: 0.001 sec - in net.masterthought.cucumber.sorting.StepObjectAlphabeticalComparatorTest
Running net.masterthought.cucumber.sorting.FeaturesAlphabeticalComparatorTest
Jul 30, 2020 8:49:46 PM net.masterthought.cucumber.ReportParser parseJsonFiles
INFO: File '/tmp/tmp4ou8u36u/cucumber-reporting/target/test-classes/json/sample.json' contains 2 features
Jul 30, 2020 8:49:46 PM net.masterthought.cucumber.ReportParser parseJsonFiles
INFO: File '/tmp/tmp4ou8u36u/cucumber-reporting/target/test-classes/json/sample.json' contains 2 features
Jul 30, 2020 8:49:46 PM net.masterthought.cucumber.ReportParser parseJsonFiles
INFO: File '/tmp/tmp4ou8u36u/cucumber-reporting/target/test-classes/json/sample.json' contains 2 features
Jul 30, 2020 8:49:46 PM net.masterthought.cucumber.ReportParser parseJsonFiles
INFO: File '/tmp/tmp4ou8u36u/cucumber-reporting/target/test-classes/json/sample.json' contains 2 features
Tests run: 4, Failures: 0, Errors: 0, Skipped: 0, Time elapsed: 0.099 sec - in net.masterthought.cucumber.sorting.FeaturesAlphabeticalComparatorTest
Running net.masterthought.cucumber.sorting.TagObjectAlphabeticalComparatorTest
Tests run: 2, Failures: 0, Errors: 0, Skipped: 0, Time elapsed: 0.001 sec - in net.masterthought.cucumber.sorting.TagObjectAlphabeticalComparatorTest
Running net.masterthought.cucumber.sorting.SortingFactoryTest
Jul 30, 2020 8:49:46 PM net.masterthought.cucumber.ReportParser parseJsonFiles
INFO: File '/tmp/tmp4ou8u36u/cucumber-reporting/target/test-classes/json/sample.json' contains 2 features
Jul 30, 2020 8:49:46 PM net.masterthought.cucumber.ReportParser parseJsonFiles
INFO: File '/tmp/tmp4ou8u36u/cucumber-reporting/target/test-classes/json/sample.json' contains 2 features
Jul 30, 2020 8:49:46 PM net.masterthought.cucumber.ReportParser parseJsonFiles
INFO: File '/tmp/tmp4ou8u36u/cucumber-reporting/target/test-classes/json/sample.json' contains 2 features
Jul 30, 2020 8:49:46 PM net.masterthought.cucumber.ReportParser parseJsonFiles
INFO: File '/tmp/tmp4ou8u36u/cucumber-reporting/target/test-classes/json/sample.json' contains 2 features
Jul 30, 2020 8:49:46 PM net.masterthought.cucumber.ReportParser parseJsonFiles
INFO: File '/tmp/tmp4ou8u36u/cucumber-reporting/target/test-classes/json/sample.json' contains 2 features
Jul 30, 2020 8:49:46 PM net.masterthought.cucumber.ReportParser parseJsonFiles
INFO: File '/tmp/tmp4ou8u36u/cucumber-reporting/target/test-classes/json/sample.json' contains 2 features
Jul 30, 2020 8:49:46 PM net.masterthought.cucumber.ReportParser parseJsonFiles
INFO: File '/tmp/tmp4ou8u36u/cucumber-reporting/target/test-classes/json/sample.json' contains 2 features
Jul 30, 2020 8:49:46 PM net.masterthought.cucumber.ReportParser parseJsonFiles
INFO: File '/tmp/tmp4ou8u36u/cucumber-reporting/target/test-classes/json/sample.json' contains 2 features
Jul 30, 2020 8:49:46 PM net.masterthought.cucumber.ReportParser parseJsonFiles
INFO: File '/tmp/tmp4ou8u36u/cucumber-reporting/target/test-classes/json/sample.json' contains 2 features
Jul 30, 2020 8:49:46 PM net.masterthought.cucumber.ReportParser parseJsonFiles
INFO: File '/tmp/tmp4ou8u36u/cucumber-reporting/target/test-classes/json/sample.json' contains 2 features
Tests run: 10, Failures: 0, Errors: 0, Skipped: 0, Time elapsed: 0.241 sec - in net.masterthought.cucumber.sorting.SortingFactoryTest
Running net.masterthought.cucumber.reducers.ReportFeatureByIdMergerTest
Jul 30, 2020 8:49:46 PM net.masterthought.cucumber.ReportParser parseJsonFiles
INFO: File '/tmp/tmp4ou8u36u/cucumber-reporting/target/test-classes/json/sample.json' contains 2 features
Tests run: 3, Failures: 0, Errors: 0, Skipped: 0, Time elapsed: 0.015 sec - in net.masterthought.cucumber.reducers.ReportFeatureByIdMergerTest
Running net.masterthought.cucumber.reducers.ElementComparatorTest
Jul 30, 2020 8:49:46 PM net.masterthought.cucumber.ReportParser parseJsonFiles
INFO: File '/tmp/tmp4ou8u36u/cucumber-reporting/target/test-classes/json/sample.json' contains 2 features
Jul 30, 2020 8:49:46 PM net.masterthought.cucumber.ReportParser parseJsonFiles
INFO: File '/tmp/tmp4ou8u36u/cucumber-reporting/target/test-classes/json/sample.json' contains 2 features
Tests run: 2, Failures: 0, Errors: 0, Skipped: 0, Time elapsed: 0.042 sec - in net.masterthought.cucumber.reducers.ElementComparatorTest
Running net.masterthought.cucumber.reducers.ReportFeatureAppendableMergerTest
Tests run: 3, Failures: 0, Errors: 0, Skipped: 0, Time elapsed: 0 sec - in net.masterthought.cucumber.reducers.ReportFeatureAppendableMergerTest
Running net.masterthought.cucumber.reducers.ReportFeatureWithRetestMergerTest
Tests run: 12, Failures: 0, Errors: 0, Skipped: 0, Time elapsed: 0.142 sec - in net.masterthought.cucumber.reducers.ReportFeatureWithRetestMergerTest
Running net.masterthought.cucumber.reducers.ReportFeatureMergerFactoryTest
Tests run: 2, Failures: 0, Errors: 0, Skipped: 0, Time elapsed: 0 sec - in net.masterthought.cucumber.reducers.ReportFeatureMergerFactoryTest
Running net.masterthought.cucumber.ReportResultTest
Jul 30, 2020 8:49:46 PM net.masterthought.cucumber.ReportParser parseJsonFiles
INFO: File '/tmp/tmp4ou8u36u/cucumber-reporting/target/test-classes/json/sample.json' contains 2 features
Jul 30, 2020 8:49:46 PM net.masterthought.cucumber.ReportParser parseJsonFiles
INFO: File '/tmp/tmp4ou8u36u/cucumber-reporting/target/test-classes/json/sample.json' contains 2 features
Jul 30, 2020 8:49:46 PM net.masterthought.cucumber.ReportParser parseJsonFiles
INFO: File '/tmp/tmp4ou8u36u/cucumber-reporting/target/test-classes/json/sample.json' contains 2 features
Jul 30, 2020 8:49:46 PM net.masterthought.cucumber.ReportParser parseJsonFiles
INFO: File '/tmp/tmp4ou8u36u/cucumber-reporting/target/test-classes/json/sample.json' contains 2 features
Jul 30, 2020 8:49:46 PM net.masterthought.cucumber.ReportParser parseJsonFiles
INFO: File '/tmp/tmp4ou8u36u/cucumber-reporting/target/test-classes/json/sample.json' contains 2 features
Jul 30, 2020 8:49:46 PM net.masterthought.cucumber.ReportParser parseJsonFiles
INFO: File '/tmp/tmp4ou8u36u/cucumber-reporting/target/test-classes/json/sample.json' contains 2 features
Tests run: 6, Failures: 0, Errors: 0, Skipped: 0, Time elapsed: 0.122 sec - in net.masterthought.cucumber.ReportResultTest
Running net.masterthought.cucumber.generators.StepsOverviewPageTest
Jul 30, 2020 8:49:46 PM net.masterthought.cucumber.ReportParser parseJsonFiles
INFO: File '/tmp/tmp4ou8u36u/cucumber-reporting/target/test-classes/json/sample.json' contains 2 features
SLF4J: Failed to load class "org.slf4j.impl.StaticLoggerBinder".
SLF4J: Defaulting to no-operation (NOP) logger implementation
SLF4J: See http://www.slf4j.org/codes.html#StaticLoggerBinder for further details.
Jul 30, 2020 8:49:47 PM net.masterthought.cucumber.ReportParser parseJsonFiles
INFO: File '/tmp/tmp4ou8u36u/cucumber-reporting/target/test-classes/json/sample.json' contains 2 features
Tests run: 2, Failures: 0, Errors: 0, Skipped: 0, Time elapsed: 0.328 sec - in net.masterthought.cucumber.generators.StepsOverviewPageTest
Running net.masterthought.cucumber.generators.EscapeHtmlReferenceTest
Tests run: 5, Failures: 0, Errors: 0, Skipped: 0, Time elapsed: 0 sec - in net.masterthought.cucumber.generators.EscapeHtmlReferenceTest
Running net.masterthought.cucumber.generators.TagReportPageTest
Jul 30, 2020 8:49:47 PM net.masterthought.cucumber.ReportParser parseJsonFiles
INFO: File '/tmp/tmp4ou8u36u/cucumber-reporting/target/test-classes/json/sample.json' contains 2 features
Jul 30, 2020 8:49:47 PM net.masterthought.cucumber.ReportParser parseJsonFiles
INFO: File '/tmp/tmp4ou8u36u/cucumber-reporting/target/test-classes/json/sample.json' contains 2 features
Tests run: 2, Failures: 0, Errors: 0, Skipped: 0, Time elapsed: 0.001 sec - in net.masterthought.cucumber.generators.TagReportPageTest
Running net.masterthought.cucumber.generators.OverviewReportTest
Tests run: 15, Failures: 0, Errors: 0, Skipped: 0, Time elapsed: 0 sec - in net.masterthought.cucumber.generators.OverviewReportTest
Running net.masterthought.cucumber.generators.TrendsOverviewPageTest
Jul 30, 2020 8:49:47 PM net.masterthought.cucumber.ReportParser parseJsonFiles
INFO: File '/tmp/tmp4ou8u36u/cucumber-reporting/target/test-classes/json/sample.json' contains 2 features
Jul 30, 2020 8:49:47 PM net.masterthought.cucumber.ReportParser parseJsonFiles
INFO: File '/tmp/tmp4ou8u36u/cucumber-reporting/target/test-classes/json/sample.json' contains 2 features
Tests run: 2, Failures: 0, Errors: 0, Skipped: 0, Time elapsed: 0.064 sec - in net.masterthought.cucumber.generators.TrendsOverviewPageTest
Running net.masterthought.cucumber.generators.AbstractPageTest
Jul 30, 2020 8:49:47 PM net.masterthought.cucumber.ReportParser parseJsonFiles
INFO: File '/tmp/tmp4ou8u36u/cucumber-reporting/target/test-classes/json/sample.json' contains 2 features
Jul 30, 2020 8:49:47 PM net.masterthought.cucumber.ReportParser parseJsonFiles
INFO: File '/tmp/tmp4ou8u36u/cucumber-reporting/target/test-classes/json/sample.json' contains 2 features
Jul 30, 2020 8:49:47 PM net.masterthought.cucumber.ReportParser parseJsonFiles
INFO: File '/tmp/tmp4ou8u36u/cucumber-reporting/target/test-classes/json/sample.json' contains 2 features
Jul 30, 2020 8:49:47 PM net.masterthought.cucumber.ReportParser parseJsonFiles
INFO: File '/tmp/tmp4ou8u36u/cucumber-reporting/target/test-classes/json/sample.json' contains 2 features
Jul 30, 2020 8:49:47 PM net.masterthought.cucumber.ReportParser parseJsonFiles
INFO: File '/tmp/tmp4ou8u36u/cucumber-reporting/target/test-classes/json/sample.json' contains 2 features
Jul 30, 2020 8:49:47 PM net.masterthought.cucumber.generators.AbstractPage buildGeneralParameters
INFO: Could not parse build number: notAnumber.
Jul 30, 2020 8:49:47 PM net.masterthought.cucumber.ReportParser parseJsonFiles
INFO: File '/tmp/tmp4ou8u36u/cucumber-reporting/target/test-classes/json/sample.json' contains 2 features
Jul 30, 2020 8:49:47 PM net.masterthought.cucumber.ReportParser parseJsonFiles
INFO: File '/tmp/tmp4ou8u36u/cucumber-reporting/target/test-classes/json/sample.json' contains 2 features
Jul 30, 2020 8:49:48 PM net.masterthought.cucumber.ReportParser parseJsonFiles
INFO: File '/tmp/tmp4ou8u36u/cucumber-reporting/target/test-classes/json/sample.json' contains 2 features
Jul 30, 2020 8:49:48 PM net.masterthought.cucumber.ReportParser parseJsonFiles
INFO: File '/tmp/tmp4ou8u36u/cucumber-reporting/target/test-classes/json/sample.json' contains 2 features
Jul 30, 2020 8:49:48 PM net.masterthought.cucumber.ReportParser parseJsonFiles
INFO: File '/tmp/tmp4ou8u36u/cucumber-reporting/target/test-classes/json/sample.json' contains 2 features
Tests run: 10, Failures: 0, Errors: 0, Skipped: 0, Time elapsed: 1.007 sec - in net.masterthought.cucumber.generators.AbstractPageTest
Running net.masterthought.cucumber.generators.FeaturesOverviewPageTest
Jul 30, 2020 8:49:48 PM net.masterthought.cucumber.ReportParser parseJsonFiles
INFO: File '/tmp/tmp4ou8u36u/cucumber-reporting/target/test-classes/json/sample.json' contains 2 features
Jul 30, 2020 8:49:48 PM net.masterthought.cucumber.ReportParser parseJsonFiles
INFO: File '/tmp/tmp4ou8u36u/cucumber-reporting/target/test-classes/json/sample.json' contains 2 features
Tests run: 2, Failures: 0, Errors: 0, Skipped: 0, Time elapsed: 0.05 sec - in net.masterthought.cucumber.generators.FeaturesOverviewPageTest
Running net.masterthought.cucumber.generators.ErrorPageTest
Jul 30, 2020 8:49:48 PM net.masterthought.cucumber.ReportParser parseJsonFiles
INFO: File '/tmp/tmp4ou8u36u/cucumber-reporting/target/test-classes/json/sample.json' contains 2 features
Tests run: 1, Failures: 0, Errors: 0, Skipped: 0, Time elapsed: 0.018 sec - in net.masterthought.cucumber.generators.ErrorPageTest
Running net.masterthought.cucumber.generators.FailuresOverviewPageTest
Jul 30, 2020 8:49:48 PM net.masterthought.cucumber.ReportParser parseJsonFiles
INFO: File '/tmp/tmp4ou8u36u/cucumber-reporting/target/test-classes/json/sample.json' contains 2 features
Jul 30, 2020 8:49:48 PM net.masterthought.cucumber.ReportParser parseJsonFiles
INFO: File '/tmp/tmp4ou8u36u/cucumber-reporting/target/test-classes/json/sample.json' contains 2 features
Tests run: 2, Failures: 0, Errors: 0, Skipped: 0, Time elapsed: 0.032 sec - in net.masterthought.cucumber.generators.FailuresOverviewPageTest
Running net.masterthought.cucumber.generators.TagsOverviewPageTest
Jul 30, 2020 8:49:48 PM net.masterthought.cucumber.ReportParser parseJsonFiles
INFO: File '/tmp/tmp4ou8u36u/cucumber-reporting/target/test-classes/json/sample.json' contains 2 features
Jul 30, 2020 8:49:48 PM net.masterthought.cucumber.ReportParser parseJsonFiles
INFO: File '/tmp/tmp4ou8u36u/cucumber-reporting/target/test-classes/json/sample.json' contains 2 features
Jul 30, 2020 8:49:48 PM net.masterthought.cucumber.ReportParser parseJsonFiles
INFO: File '/tmp/tmp4ou8u36u/cucumber-reporting/target/test-classes/json/sample.json' contains 2 features
Jul 30, 2020 8:49:48 PM net.masterthought.cucumber.ReportParser parseJsonFiles
INFO: File '/tmp/tmp4ou8u36u/cucumber-reporting/target/test-classes/json/sample.json' contains 2 features
Tests run: 4, Failures: 0, Errors: 0, Skipped: 0, Time elapsed: 0.071 sec - in net.masterthought.cucumber.generators.TagsOverviewPageTest
Running net.masterthought.cucumber.generators.FeatureReportPageTest
Jul 30, 2020 8:49:48 PM net.masterthought.cucumber.ReportParser parseJsonFiles
INFO: File '/tmp/tmp4ou8u36u/cucumber-reporting/target/test-classes/json/sample.json' contains 2 features
Jul 30, 2020 8:49:48 PM net.masterthought.cucumber.ReportParser parseJsonFiles
INFO: File '/tmp/tmp4ou8u36u/cucumber-reporting/target/test-classes/json/sample.json' contains 2 features
Jul 30, 2020 8:49:48 PM net.masterthought.cucumber.ReportParser parseJsonFiles
INFO: File '/tmp/tmp4ou8u36u/cucumber-reporting/target/test-classes/json/sample.json' contains 2 features
Jul 30, 2020 8:49:48 PM net.masterthought.cucumber.ReportParser parseJsonFiles
INFO: File '/tmp/tmp4ou8u36u/cucumber-reporting/target/test-classes/json/sample.json' contains 2 features
Tests run: 4, Failures: 0, Errors: 0, Skipped: 0, Time elapsed: 0.047 sec - in net.masterthought.cucumber.generators.FeatureReportPageTest
Running net.masterthought.cucumber.ReportBuilderTest
Jul 30, 2020 8:49:48 PM net.masterthought.cucumber.ReportParser parseJsonFiles
INFO: File '/tmp/tmp4ou8u36u/cucumber-reporting/target/test-classes/json/sample.json' contains 2 features
Jul 30, 2020 8:49:49 PM net.masterthought.cucumber.ReportParser parseJsonFiles
INFO: File '/tmp/tmp4ou8u36u/cucumber-reporting/target/test-classes/json/sample.json' contains 2 features
Jul 30, 2020 8:49:49 PM net.masterthought.cucumber.ReportParser parseJsonFiles
INFO: File '/tmp/tmp4ou8u36u/cucumber-reporting/target/test-classes/json/sample.json' contains 2 features
Jul 30, 2020 8:49:49 PM net.masterthought.cucumber.ReportParser parseJsonFiles
INFO: File '/tmp/tmp4ou8u36u/cucumber-reporting/target/test-classes/json/sample.json' contains 2 features
Jul 30, 2020 8:49:49 PM net.masterthought.cucumber.ReportBuilder generateErrorPage
INFO: Unexpected error
java.lang.IllegalStateException
	at net.masterthought.cucumber.ReportBuilderTest$2.getEmbeddingDirectory(ReportBuilderTest.java:146)
	at net.masterthought.cucumber.ReportBuilder.createEmbeddingsDirectory(ReportBuilder.java:137)
	at net.masterthought.cucumber.ReportBuilder.generateReports(ReportBuilder.java:87)
	at net.masterthought.cucumber.ReportBuilderTest.generateReports_OnException_StoresEmptyTrendsFile(ReportBuilderTest.java:153)
	at sun.reflect.NativeMethodAccessorImpl.invoke0(Native Method)
	at sun.reflect.NativeMethodAccessorImpl.invoke(NativeMethodAccessorImpl.java:62)
	at sun.reflect.DelegatingMethodAccessorImpl.invoke(DelegatingMethodAccessorImpl.java:43)
	at java.lang.reflect.Method.invoke(Method.java:498)
	at org.junit.runners.model.FrameworkMethod$1.runReflectiveCall(FrameworkMethod.java:59)
	at org.junit.internal.runners.model.ReflectiveCallable.run(ReflectiveCallable.java:12)
	at org.junit.runners.model.FrameworkMethod.invokeExplosively(FrameworkMethod.java:56)
	at org.junit.internal.runners.statements.InvokeMethod.evaluate(InvokeMethod.java:17)
	at org.junit.internal.runners.statements.RunBefores.evaluate(RunBefores.java:26)
	at org.junit.internal.runners.statements.RunAfters.evaluate(RunAfters.java:27)
	at org.junit.runners.ParentRunner$3.evaluate(ParentRunner.java:306)
	at org.junit.runners.BlockJUnit4ClassRunner$1.evaluate(BlockJUnit4ClassRunner.java:100)
	at org.junit.runners.ParentRunner.runLeaf(ParentRunner.java:366)
	at org.junit.runners.BlockJUnit4ClassRunner.runChild(BlockJUnit4ClassRunner.java:103)
	at org.junit.runners.BlockJUnit4ClassRunner.runChild(BlockJUnit4ClassRunner.java:63)
	at org.junit.runners.ParentRunner$4.run(ParentRunner.java:331)
	at org.junit.runners.ParentRunner$1.schedule(ParentRunner.java:79)
	at org.junit.runners.ParentRunner.runChildren(ParentRunner.java:329)
	at org.junit.runners.ParentRunner.access$100(ParentRunner.java:66)
	at org.junit.runners.ParentRunner$2.evaluate(ParentRunner.java:293)
	at org.junit.runners.ParentRunner$3.evaluate(ParentRunner.java:306)
	at org.junit.runners.ParentRunner.run(ParentRunner.java:413)
	at org.apache.maven.surefire.junit4.JUnit4Provider.execute(JUnit4Provider.java:367)
	at org.apache.maven.surefire.junit4.JUnit4Provider.executeWithRerun(JUnit4Provider.java:274)
	at org.apache.maven.surefire.junit4.JUnit4Provider.executeTestSet(JUnit4Provider.java:238)
	at org.apache.maven.surefire.junit4.JUnit4Provider.invoke(JUnit4Provider.java:161)
	at org.apache.maven.surefire.booter.ForkedBooter.invokeProviderInSameClassLoader(ForkedBooter.java:290)
	at org.apache.maven.surefire.booter.ForkedBooter.runSuitesInProcess(ForkedBooter.java:242)
	at org.apache.maven.surefire.booter.ForkedBooter.main(ForkedBooter.java:121)

Jul 30, 2020 8:49:49 PM net.masterthought.cucumber.ReportParser parseJsonFiles
INFO: File '/tmp/tmp4ou8u36u/cucumber-reporting/target/test-classes/json/sample.json' contains 2 features
Jul 30, 2020 8:49:49 PM net.masterthought.cucumber.ReportParser parseJsonFiles
INFO: File '/tmp/tmp4ou8u36u/cucumber-reporting/target/test-classes/json/sample.json' contains 2 features
Jul 30, 2020 8:49:50 PM net.masterthought.cucumber.ReportBuilder generateErrorPage
INFO: Unexpected error
java.lang.Exception
	at net.masterthought.cucumber.ReportBuilderTest.generateErrorPage_GeneratesErrorPage(ReportBuilderTest.java:483)
	at sun.reflect.NativeMethodAccessorImpl.invoke0(Native Method)
	at sun.reflect.NativeMethodAccessorImpl.invoke(NativeMethodAccessorImpl.java:62)
	at sun.reflect.DelegatingMethodAccessorImpl.invoke(DelegatingMethodAccessorImpl.java:43)
	at java.lang.reflect.Method.invoke(Method.java:498)
	at org.junit.runners.model.FrameworkMethod$1.runReflectiveCall(FrameworkMethod.java:59)
	at org.junit.internal.runners.model.ReflectiveCallable.run(ReflectiveCallable.java:12)
	at org.junit.runners.model.FrameworkMethod.invokeExplosively(FrameworkMethod.java:56)
	at org.junit.internal.runners.statements.InvokeMethod.evaluate(InvokeMethod.java:17)
	at org.junit.internal.runners.statements.RunBefores.evaluate(RunBefores.java:26)
	at org.junit.internal.runners.statements.RunAfters.evaluate(RunAfters.java:27)
	at org.junit.runners.ParentRunner$3.evaluate(ParentRunner.java:306)
	at org.junit.runners.BlockJUnit4ClassRunner$1.evaluate(BlockJUnit4ClassRunner.java:100)
	at org.junit.runners.ParentRunner.runLeaf(ParentRunner.java:366)
	at org.junit.runners.BlockJUnit4ClassRunner.runChild(BlockJUnit4ClassRunner.java:103)
	at org.junit.runners.BlockJUnit4ClassRunner.runChild(BlockJUnit4ClassRunner.java:63)
	at org.junit.runners.ParentRunner$4.run(ParentRunner.java:331)
	at org.junit.runners.ParentRunner$1.schedule(ParentRunner.java:79)
	at org.junit.runners.ParentRunner.runChildren(ParentRunner.java:329)
	at org.junit.runners.ParentRunner.access$100(ParentRunner.java:66)
	at org.junit.runners.ParentRunner$2.evaluate(ParentRunner.java:293)
	at org.junit.runners.ParentRunner$3.evaluate(ParentRunner.java:306)
	at org.junit.runners.ParentRunner.run(ParentRunner.java:413)
	at org.apache.maven.surefire.junit4.JUnit4Provider.execute(JUnit4Provider.java:367)
	at org.apache.maven.surefire.junit4.JUnit4Provider.executeWithRerun(JUnit4Provider.java:274)
	at org.apache.maven.surefire.junit4.JUnit4Provider.executeTestSet(JUnit4Provider.java:238)
	at org.apache.maven.surefire.junit4.JUnit4Provider.invoke(JUnit4Provider.java:161)
	at org.apache.maven.surefire.booter.ForkedBooter.invokeProviderInSameClassLoader(ForkedBooter.java:290)
	at org.apache.maven.surefire.booter.ForkedBooter.runSuitesInProcess(ForkedBooter.java:242)
	at org.apache.maven.surefire.booter.ForkedBooter.main(ForkedBooter.java:121)

Jul 30, 2020 8:49:50 PM net.masterthought.cucumber.ReportBuilder generateErrorPage
INFO: Unexpected error
java.lang.IllegalStateException
	at net.masterthought.cucumber.ReportBuilderTest$1.getEmbeddingDirectory(ReportBuilderTest.java:120)
	at net.masterthought.cucumber.ReportBuilder.createEmbeddingsDirectory(ReportBuilder.java:137)
	at net.masterthought.cucumber.ReportBuilder.generateReports(ReportBuilder.java:87)
	at net.masterthought.cucumber.ReportBuilderTest.generateReports_OnException_AppendsBuildToTrends(ReportBuilderTest.java:127)
	at sun.reflect.NativeMethodAccessorImpl.invoke0(Native Method)
	at sun.reflect.NativeMethodAccessorImpl.invoke(NativeMethodAccessorImpl.java:62)
	at sun.reflect.DelegatingMethodAccessorImpl.invoke(DelegatingMethodAccessorImpl.java:43)
	at java.lang.reflect.Method.invoke(Method.java:498)
	at org.junit.runners.model.FrameworkMethod$1.runReflectiveCall(FrameworkMethod.java:59)
	at org.junit.internal.runners.model.ReflectiveCallable.run(ReflectiveCallable.java:12)
	at org.junit.runners.model.FrameworkMethod.invokeExplosively(FrameworkMethod.java:56)
	at org.junit.internal.runners.statements.InvokeMethod.evaluate(InvokeMethod.java:17)
	at org.junit.internal.runners.statements.RunBefores.evaluate(RunBefores.java:26)
	at org.junit.internal.runners.statements.RunAfters.evaluate(RunAfters.java:27)
	at org.junit.runners.ParentRunner$3.evaluate(ParentRunner.java:306)
	at org.junit.runners.BlockJUnit4ClassRunner$1.evaluate(BlockJUnit4ClassRunner.java:100)
	at org.junit.runners.ParentRunner.runLeaf(ParentRunner.java:366)
	at org.junit.runners.BlockJUnit4ClassRunner.runChild(BlockJUnit4ClassRunner.java:103)
	at org.junit.runners.BlockJUnit4ClassRunner.runChild(BlockJUnit4ClassRunner.java:63)
	at org.junit.runners.ParentRunner$4.run(ParentRunner.java:331)
	at org.junit.runners.ParentRunner$1.schedule(ParentRunner.java:79)
	at org.junit.runners.ParentRunner.runChildren(ParentRunner.java:329)
	at org.junit.runners.ParentRunner.access$100(ParentRunner.java:66)
	at org.junit.runners.ParentRunner$2.evaluate(ParentRunner.java:293)
	at org.junit.runners.ParentRunner$3.evaluate(ParentRunner.java:306)
	at org.junit.runners.ParentRunner.run(ParentRunner.java:413)
	at org.apache.maven.surefire.junit4.JUnit4Provider.execute(JUnit4Provider.java:367)
	at org.apache.maven.surefire.junit4.JUnit4Provider.executeWithRerun(JUnit4Provider.java:274)
	at org.apache.maven.surefire.junit4.JUnit4Provider.executeTestSet(JUnit4Provider.java:238)
	at org.apache.maven.surefire.junit4.JUnit4Provider.invoke(JUnit4Provider.java:161)
	at org.apache.maven.surefire.booter.ForkedBooter.invokeProviderInSameClassLoader(ForkedBooter.java:290)
	at org.apache.maven.surefire.booter.ForkedBooter.runSuitesInProcess(ForkedBooter.java:242)
	at org.apache.maven.surefire.booter.ForkedBooter.main(ForkedBooter.java:121)

Tests run: 22, Failures: 0, Errors: 0, Skipped: 0, Time elapsed: 1.844 sec - in net.masterthought.cucumber.ReportBuilderTest
Running net.masterthought.cucumber.ValidationExceptionTest
Tests run: 3, Failures: 0, Errors: 0, Skipped: 0, Time elapsed: 0.025 sec - in net.masterthought.cucumber.ValidationExceptionTest
Running LiveDemoTest
Jul 30, 2020 8:49:50 PM net.masterthought.cucumber.ReportParser parseJsonFiles
INFO: File 'src/test/resources/json/sample.json' contains 2 features
Tests run: 1, Failures: 0, Errors: 0, Skipped: 0, Time elapsed: 0.252 sec - in LiveDemoTest

Results :

Tests run: 348, Failures: 0, Errors: 0, Skipped: 0

[INFO] 
[INFO] --- jacoco-maven-plugin:0.8.5:report (report) @ cucumber-reporting ---
[INFO] Loading execution data file /tmp/tmp4ou8u36u/cucumber-reporting/target/jacoco.exec
[INFO] Analyzed bundle 'cucumber-reporting' with 358 classes
[WARNING] Classes in bundle 'cucumber-reporting' do no match with execution data. For report generation the same class files must be used as at runtime.
[WARNING] Execution data for class net/masterthought/cucumber/sorting/SortingMethod does not match.
[INFO] ------------------------------------------------------------------------
[INFO] BUILD SUCCESS
[INFO] ------------------------------------------------------------------------
[INFO] Total time:  41.160 s
[INFO] Finished at: 2020-07-30T20:49:52Z
[INFO] ------------------------------------------------------------------------
