[INFO] Error stacktraces are turned on.
[INFO] Scanning for projects...
[WARNING] 
[WARNING] Some problems were encountered while building the effective model for org.assertj:assertj-core:jar:3.16.2-SNAPSHOT
[WARNING] 'build.plugins.plugin.(groupId:artifactId)' must be unique but found duplicate declaration of plugin org.apache.maven.plugins:maven-surefire-plugin @ line 403, column 15
[WARNING] 
[WARNING] It is highly recommended to fix these problems because they threaten the stability of your build.
[WARNING] 
[WARNING] For this reason, future Maven versions might no longer support building such malformed projects.
[WARNING] 
[INFO] Inspecting build with total of 1 modules...
[INFO] Installing Nexus Staging features:
[INFO]   ... total of 1 executions of maven-deploy-plugin replaced with nexus-staging-maven-plugin
[INFO] 
[INFO] ----------------------< org.assertj:assertj-core >----------------------
[INFO] Building AssertJ fluent assertions 3.16.2-SNAPSHOT
[INFO] --------------------------------[ jar ]---------------------------------
[INFO] 
[INFO] --- maven-enforcer-plugin:3.0.0-M2:enforce (enforce-maven) @ assertj-core ---
[INFO] 
[INFO] --- maven-enforcer-plugin:3.0.0-M2:enforce (enforce-dependency-rules) @ assertj-core ---
[INFO] 
[INFO] --- license-maven-plugin:3.0:format (default) @ assertj-core ---
[INFO] 
[INFO] --- jacoco-maven-plugin:0.8.5:prepare-agent (prepare-agent) @ assertj-core ---
[INFO] argLine set to -javaagent:/home/jdbl/.m2/repository/org/jacoco/org.jacoco.agent/0.8.5/org.jacoco.agent-0.8.5-runtime.jar=destfile=/tmp/tmp8opyohky/assertj-core/target/jacoco.exec
[INFO] 
[INFO] --- jacoco-maven-plugin:0.8.5:prepare-agent (default) @ assertj-core ---
[INFO] argLine set to -javaagent:/home/jdbl/.m2/repository/org/jacoco/org.jacoco.agent/0.8.5/org.jacoco.agent-0.8.5-runtime.jar=destfile=/tmp/tmp8opyohky/assertj-core/target/jacoco.exec
[INFO] 
[INFO] --- yuicompressor-maven-plugin:1.5.1:compress (default) @ assertj-core ---
[INFO] assertj-javadoc.css (23682b) -> assertj-javadoc-min.css (17431b)[73%]
[INFO] total input (23682b) -> output (17431b)[73%]
[INFO] nb warnings: 0, nb errors: 0
[INFO] 
[INFO] --- maven-resources-plugin:3.1.0:resources (default-resources) @ assertj-core ---
[INFO] Using 'UTF-8' encoding to copy filtered resources.
[INFO] skip non existing resourceDirectory /tmp/tmp8opyohky/assertj-core/src/main/resources
[INFO] 
[INFO] --- maven-compiler-plugin:3.8.1:compile (default-compile) @ assertj-core ---
[INFO] Changes detected - recompiling the module!
[INFO] Compiling 673 source files to /tmp/tmp8opyohky/assertj-core/target/classes
[INFO] /tmp/tmp8opyohky/assertj-core/src/main/java/org/assertj/core/api/Java6BDDAssertions.java: Some input files use or override a deprecated API.
[INFO] /tmp/tmp8opyohky/assertj-core/src/main/java/org/assertj/core/api/Java6BDDAssertions.java: Recompile with -Xlint:deprecation for details.
[INFO] /tmp/tmp8opyohky/assertj-core/src/main/java/org/assertj/core/api/AbstractIterableAssert.java: Some input files use unchecked or unsafe operations.
[INFO] /tmp/tmp8opyohky/assertj-core/src/main/java/org/assertj/core/api/AbstractIterableAssert.java: Recompile with -Xlint:unchecked for details.
[INFO] 
[INFO] --- maven-resources-plugin:3.1.0:testResources (default-testResources) @ assertj-core ---
[INFO] Using 'UTF-8' encoding to copy filtered resources.
[INFO] Copying 19 resources
[INFO] 
[INFO] --- maven-compiler-plugin:3.8.1:testCompile (default-testCompile) @ assertj-core ---
[INFO] Changes detected - recompiling the module!
[INFO] Compiling 3377 source files to /tmp/tmp8opyohky/assertj-core/target/test-classes
[INFO] /tmp/tmp8opyohky/assertj-core/src/test/java/org/assertj/core/api/objectarray/ObjectArrayAssert_flatExtracting_Test.java: Some input files use or override a deprecated API.
[INFO] /tmp/tmp8opyohky/assertj-core/src/test/java/org/assertj/core/api/objectarray/ObjectArrayAssert_flatExtracting_Test.java: Recompile with -Xlint:deprecation for details.
[INFO] /tmp/tmp8opyohky/assertj-core/src/test/java/org/assertj/core/internal/paths/MockPathsBaseTest.java: Some input files use unchecked or unsafe operations.
[INFO] /tmp/tmp8opyohky/assertj-core/src/test/java/org/assertj/core/internal/paths/MockPathsBaseTest.java: Recompile with -Xlint:unchecked for details.
[INFO] 
[INFO] --- maven-surefire-plugin:2.19.1:test (default-test) @ assertj-core ---
[INFO] Surefire report directory: /tmp/tmp8opyohky/assertj-core/target/surefire-reports

-------------------------------------------------------
 T E S T S
-------------------------------------------------------
Running org.assertj.core.api.JUnitSoftAssertionsSuccessTest
Applying configuration org.assertj.core.test.ConfigurationForTests
- representation .................................. = StandardRepresentation
- comparingPrivateFieldsEnabled ................... = true
- extractingPrivateFieldsEnabled .................. = true
- bareNamePropertyExtractionEnabled ............... = true
- lenientDateParsingEnabled ....................... = false
- additional date formats ......................... = []
- maxLengthForSingleLineDescription ............... = 80
- maxElementsForPrinting .......................... = 1000
- printAssertionsDescription ...................... = false
- consumerDescription ............................. = null
- removeAssertJRelatedElementsFromStackTraceEnabled = false

Tests run: 1, Failures: 0, Errors: 0, Skipped: 0, Time elapsed: 2.099 sec - in org.assertj.core.api.JUnitSoftAssertionsSuccessTest
Running org.assertj.core.api.string_.StringAssert_isEqualTo_Test
Tests run: 4, Failures: 0, Errors: 0, Skipped: 0, Time elapsed: 0.022 sec - in org.assertj.core.api.string_.StringAssert_isEqualTo_Test
Running org.assertj.core.api.Java6JUnitBDDSoftAssertionsSuccessTest
Tests run: 1, Failures: 0, Errors: 0, Skipped: 0, Time elapsed: 0 sec - in org.assertj.core.api.Java6JUnitBDDSoftAssertionsSuccessTest
Running org.assertj.core.api.Assertions_assertThat_with_Spliterator_Test
Tests run: 2, Failures: 0, Errors: 0, Skipped: 0, Time elapsed: 0.003 sec - in org.assertj.core.api.Assertions_assertThat_with_Spliterator_Test
Running org.assertj.core.api.JUnitBDDSoftAssertionsSuccessTest
Tests run: 1, Failures: 0, Errors: 0, Skipped: 0, Time elapsed: 0 sec - in org.assertj.core.api.JUnitBDDSoftAssertionsSuccessTest
Running org.assertj.core.api.Java6JUnitSoftAssertionsSuccessTest
Tests run: 1, Failures: 0, Errors: 0, Skipped: 0, Time elapsed: 0 sec - in org.assertj.core.api.Java6JUnitSoftAssertionsSuccessTest

Results :

Tests run: 10, Failures: 0, Errors: 0, Skipped: 0

[INFO] 
[INFO] --- jacoco-maven-plugin:0.8.5:report (report) @ assertj-core ---
[INFO] Loading execution data file /tmp/tmp8opyohky/assertj-core/target/jacoco.exec
[INFO] Analyzed bundle 'AssertJ fluent assertions' with 4383 classes
[INFO] ------------------------------------------------------------------------
[INFO] BUILD SUCCESS
[INFO] ------------------------------------------------------------------------
[INFO] Total time:  01:12 min
[INFO] Finished at: 2020-07-30T15:22:18Z
[INFO] ------------------------------------------------------------------------
