[INFO] Error stacktraces are turned on.
[INFO] Scanning for projects...
[INFO] Inspecting build with total of 1 modules...
[INFO] Installing Nexus Staging features:
[INFO]   ... total of 1 executions of maven-deploy-plugin replaced with nexus-staging-maven-plugin
[INFO] 
[INFO] ------------------------< de.rwth.i2:attestor >-------------------------
[INFO] Building Attestor 0.4.1-SNAPSHOT
[INFO] --------------------------------[ jar ]---------------------------------
[WARNING] Could not transfer metadata pxb.android:axml:2.0.0-SNAPSHOT/maven-metadata.xml from/to soot-release (https://soot-build.cs.uni-paderborn.de/nexus/repository/soot-release/): Transfer failed for https://soot-build.cs.uni-paderborn.de/nexus/repository/soot-release/pxb/android/axml/2.0.0-SNAPSHOT/maven-metadata.xml 400 Repository version policy: RELEASE does not allow metadata in path: pxb/android/axml/2.0.0-SNAPSHOT/maven-metadata.xml
[WARNING] Failure to transfer pxb.android:axml:2.0.0-SNAPSHOT/maven-metadata.xml from https://soot-build.cs.uni-paderborn.de/nexus/repository/soot-release/ was cached in the local repository, resolution will not be reattempted until the update interval of soot-release has elapsed or updates are forced. Original error: Could not transfer metadata pxb.android:axml:2.0.0-SNAPSHOT/maven-metadata.xml from/to soot-release (https://soot-build.cs.uni-paderborn.de/nexus/repository/soot-release/): Transfer failed for https://soot-build.cs.uni-paderborn.de/nexus/repository/soot-release/pxb/android/axml/2.0.0-SNAPSHOT/maven-metadata.xml 400 Repository version policy: RELEASE does not allow metadata in path: pxb/android/axml/2.0.0-SNAPSHOT/maven-metadata.xml
[WARNING] Could not transfer metadata heros:heros:1.0.0-SNAPSHOT/maven-metadata.xml from/to soot-release (https://soot-build.cs.uni-paderborn.de/nexus/repository/soot-release/): Transfer failed for https://soot-build.cs.uni-paderborn.de/nexus/repository/soot-release/heros/heros/1.0.0-SNAPSHOT/maven-metadata.xml 400 Repository version policy: RELEASE does not allow metadata in path: heros/heros/1.0.0-SNAPSHOT/maven-metadata.xml
[WARNING] Failure to transfer heros:heros:1.0.0-SNAPSHOT/maven-metadata.xml from https://soot-build.cs.uni-paderborn.de/nexus/repository/soot-release/ was cached in the local repository, resolution will not be reattempted until the update interval of soot-release has elapsed or updates are forced. Original error: Could not transfer metadata heros:heros:1.0.0-SNAPSHOT/maven-metadata.xml from/to soot-release (https://soot-build.cs.uni-paderborn.de/nexus/repository/soot-release/): Transfer failed for https://soot-build.cs.uni-paderborn.de/nexus/repository/soot-release/heros/heros/1.0.0-SNAPSHOT/maven-metadata.xml 400 Repository version policy: RELEASE does not allow metadata in path: heros/heros/1.0.0-SNAPSHOT/maven-metadata.xml
[WARNING] Could not transfer metadata ca.mcgill.sable:jasmin:3.0.0-SNAPSHOT/maven-metadata.xml from/to soot-release (https://soot-build.cs.uni-paderborn.de/nexus/repository/soot-release/): Transfer failed for https://soot-build.cs.uni-paderborn.de/nexus/repository/soot-release/ca/mcgill/sable/jasmin/3.0.0-SNAPSHOT/maven-metadata.xml 400 Repository version policy: RELEASE does not allow metadata in path: ca/mcgill/sable/jasmin/3.0.0-SNAPSHOT/maven-metadata.xml
[WARNING] Failure to transfer ca.mcgill.sable:jasmin:3.0.0-SNAPSHOT/maven-metadata.xml from https://soot-build.cs.uni-paderborn.de/nexus/repository/soot-release/ was cached in the local repository, resolution will not be reattempted until the update interval of soot-release has elapsed or updates are forced. Original error: Could not transfer metadata ca.mcgill.sable:jasmin:3.0.0-SNAPSHOT/maven-metadata.xml from/to soot-release (https://soot-build.cs.uni-paderborn.de/nexus/repository/soot-release/): Transfer failed for https://soot-build.cs.uni-paderborn.de/nexus/repository/soot-release/ca/mcgill/sable/jasmin/3.0.0-SNAPSHOT/maven-metadata.xml 400 Repository version policy: RELEASE does not allow metadata in path: ca/mcgill/sable/jasmin/3.0.0-SNAPSHOT/maven-metadata.xml
[INFO] 
[INFO] --- jacoco-maven-plugin:0.8.5:prepare-agent (default) @ attestor ---
[INFO] argLine set to -javaagent:/home/jdbl/.m2/repository/org/jacoco/org.jacoco.agent/0.8.5/org.jacoco.agent-0.8.5-runtime.jar=destfile=/tmp/tmptbb28rb7/attestor/target/jacoco.exec
[INFO] 
[INFO] --- antlr4-maven-plugin:4.7.2:antlr4 (antlr) @ attestor ---
[INFO] ANTLR 4: Processing source directory /tmp/tmptbb28rb7/attestor/src/main/antlr4
[INFO] Processing grammar: de/rwth/i2/attestor/seplog/SeparationLogic.g4
[INFO] 
[INFO] --- maven-resources-plugin:2.6:resources (default-resources) @ attestor ---
[INFO] Using 'UTF-8' encoding to copy filtered resources.
[INFO] Copying 1 resource
[INFO] Copying 4 resources
[INFO] Copying 8 resources to /tmp/tmptbb28rb7/attestor/target/classes
[INFO] 
[INFO] --- build-helper-maven-plugin:3.0.0:add-test-source (add-test-source) @ attestor ---
[INFO] Test Source directory: /tmp/tmptbb28rb7/attestor/src/it/java added.
[INFO] 
[INFO] --- maven-compiler-plugin:3.1:compile (default-compile) @ attestor ---
[INFO] Changes detected - recompiling the module!
[INFO] Compiling 381 source files to /tmp/tmptbb28rb7/attestor/target/classes
[INFO] 
[INFO] --- maven-resources-plugin:2.6:testResources (default-testResources) @ attestor ---
[INFO] Using 'UTF-8' encoding to copy filtered resources.
[INFO] Copying 6 resources
[INFO] 
[INFO] --- maven-compiler-plugin:3.1:testCompile (default-testCompile) @ attestor ---
[INFO] Changes detected - recompiling the module!
[INFO] Compiling 135 source files to /tmp/tmptbb28rb7/attestor/target/test-classes
[WARNING] /tmp/tmptbb28rb7/attestor/src/test/java/de/rwth/i2/attestor/grammar/materialization/IndexMatcherTest.java: Some input files use or override a deprecated API.
[WARNING] /tmp/tmptbb28rb7/attestor/src/test/java/de/rwth/i2/attestor/grammar/materialization/IndexMatcherTest.java: Recompile with -Xlint:deprecation for details.
[INFO] 
[INFO] --- maven-surefire-plugin:2.19.1:test (default-test) @ attestor ---
[INFO] Surefire report directory: /tmp/tmptbb28rb7/attestor/target/surefire-reports

-------------------------------------------------------
 T E S T S
-------------------------------------------------------
Running de.rwth.i2.attestor.phases.symbolicExecution.recursive.interproceduralAnalysis.RecursiveMethodExecutorTest
Tests run: 1, Failures: 0, Errors: 0, Skipped: 0, Time elapsed: 1.861 sec - in de.rwth.i2.attestor.phases.symbolicExecution.recursive.interproceduralAnalysis.RecursiveMethodExecutorTest
Running de.rwth.i2.attestor.phases.symbolicExecution.recursive.interproceduralAnalysis.NonRecursiveMethodExecutorTest
Tests run: 1, Failures: 0, Errors: 0, Skipped: 0, Time elapsed: 0 sec - in de.rwth.i2.attestor.phases.symbolicExecution.recursive.interproceduralAnalysis.NonRecursiveMethodExecutorTest
Running de.rwth.i2.attestor.phases.symbolicExecution.recursive.interproceduralAnalysis.InterproceduralAnalysisTest
Tests run: 4, Failures: 0, Errors: 0, Skipped: 0, Time elapsed: 0.077 sec - in de.rwth.i2.attestor.phases.symbolicExecution.recursive.interproceduralAnalysis.InterproceduralAnalysisTest
Running de.rwth.i2.attestor.phases.symbolicExecution.recursive.interproceduralAnalysis.ProcedureCallTest
Tests run: 1, Failures: 0, Errors: 0, Skipped: 0, Time elapsed: 0.023 sec - in de.rwth.i2.attestor.phases.symbolicExecution.recursive.interproceduralAnalysis.ProcedureCallTest
Running de.rwth.i2.attestor.phases.symbolicExecution.recursive.interproceduralAnalysis.PartialStateSpaceTest
Tests run: 3, Failures: 0, Errors: 0, Skipped: 0, Time elapsed: 0.015 sec - in de.rwth.i2.attestor.phases.symbolicExecution.recursive.interproceduralAnalysis.PartialStateSpaceTest
Running de.rwth.i2.attestor.phases.symbolicExecution.recursive.interproceduralAnalysis.AbstractInterproceduralMethodExecutorTest
Tests run: 2, Failures: 0, Errors: 0, Skipped: 0, Time elapsed: 0.039 sec - in de.rwth.i2.attestor.phases.symbolicExecution.recursive.interproceduralAnalysis.AbstractInterproceduralMethodExecutorTest
Running de.rwth.i2.attestor.phases.symbolicExecution.procedureImpl.InternalContractCollectionTest
Tests run: 1, Failures: 0, Errors: 0, Skipped: 0, Time elapsed: 0.019 sec - in de.rwth.i2.attestor.phases.symbolicExecution.procedureImpl.InternalContractCollectionTest
Running de.rwth.i2.attestor.phases.symbolicExecution.procedureImpl.ReachableFragmentTest
Tests run: 12, Failures: 0, Errors: 0, Skipped: 0, Time elapsed: 0.06 sec - in de.rwth.i2.attestor.phases.symbolicExecution.procedureImpl.ReachableFragmentTest
Running de.rwth.i2.attestor.phases.counterexamples.counterexampleGeneration.CounterexampleMethodExecutorTest
Tests run: 2, Failures: 0, Errors: 0, Skipped: 0, Time elapsed: 0.028 sec - in de.rwth.i2.attestor.phases.counterexamples.counterexampleGeneration.CounterexampleMethodExecutorTest
Running de.rwth.i2.attestor.phases.counterexamples.counterexampleGeneration.CounterexampleContractCollectionTest
Tests run: 1, Failures: 0, Errors: 0, Skipped: 0, Time elapsed: 0.003 sec - in de.rwth.i2.attestor.phases.counterexamples.counterexampleGeneration.CounterexampleContractCollectionTest
Running de.rwth.i2.attestor.phases.counterexamples.counterexampleGeneration.TargetBasedStateExplorationStrategyTest
Tests run: 1, Failures: 0, Errors: 0, Skipped: 0, Time elapsed: 0.001 sec - in de.rwth.i2.attestor.phases.counterexamples.counterexampleGeneration.TargetBasedStateExplorationStrategyTest
Running de.rwth.i2.attestor.phases.counterexamples.counterexampleGeneration.CounterexampleStateSpaceTest
Tests run: 4, Failures: 0, Errors: 0, Skipped: 0, Time elapsed: 0.011 sec - in de.rwth.i2.attestor.phases.counterexamples.counterexampleGeneration.CounterexampleStateSpaceTest
Running de.rwth.i2.attestor.phases.counterexamples.counterexampleGeneration.CounterexampleGeneratorTest
Tests run: 2, Failures: 0, Errors: 0, Skipped: 0, Time elapsed: 0.099 sec - in de.rwth.i2.attestor.phases.counterexamples.counterexampleGeneration.CounterexampleGeneratorTest
Running de.rwth.i2.attestor.phases.counterexamples.counterexampleGeneration.TraceBasedStateExplorationStrategyTest
Tests run: 2, Failures: 0, Errors: 0, Skipped: 0, Time elapsed: 0.008 sec - in de.rwth.i2.attestor.phases.counterexamples.counterexampleGeneration.TraceBasedStateExplorationStrategyTest
Running de.rwth.i2.attestor.phases.modelChecking.modelChecker.TableauRulesSwitchTest
Tests run: 8, Failures: 0, Errors: 0, Skipped: 0, Time elapsed: 0.067 sec - in de.rwth.i2.attestor.phases.modelChecking.modelChecker.TableauRulesSwitchTest
Running de.rwth.i2.attestor.phases.modelChecking.modelChecker.ProofStructureTest
Tests run: 14, Failures: 0, Errors: 0, Skipped: 0, Time elapsed: 0.075 sec - in de.rwth.i2.attestor.phases.modelChecking.modelChecker.ProofStructureTest
Running de.rwth.i2.attestor.stateSpace.StateSpaceGeneratorTest
Tests run: 3, Failures: 0, Errors: 0, Skipped: 0, Time elapsed: 0.014 sec - in de.rwth.i2.attestor.stateSpace.StateSpaceGeneratorTest
Running de.rwth.i2.attestor.util.MatchingSelectorDistanceHelperTest
Tests run: 3, Failures: 0, Errors: 0, Skipped: 0, Time elapsed: 0.001 sec - in de.rwth.i2.attestor.util.MatchingSelectorDistanceHelperTest
Running de.rwth.i2.attestor.programState.indexedState.TestAVLIndexCanoization
Tests run: 3, Failures: 0, Errors: 0, Skipped: 0, Time elapsed: 0.026 sec - in de.rwth.i2.attestor.programState.indexedState.TestAVLIndexCanoization
Running de.rwth.i2.attestor.programState.indexedState.IndexedNonterminalTest
Tests run: 9, Failures: 0, Errors: 0, Skipped: 0, Time elapsed: 0.003 sec - in de.rwth.i2.attestor.programState.indexedState.IndexedNonterminalTest
Running de.rwth.i2.attestor.programState.indexedState.index.DefaultIndexMaterializationTest
Tests run: 6, Failures: 0, Errors: 0, Skipped: 0, Time elapsed: 0.008 sec - in de.rwth.i2.attestor.programState.indexedState.index.DefaultIndexMaterializationTest
Running de.rwth.i2.attestor.programState.indexedState.TestEmbeddings
Tests run: 5, Failures: 0, Errors: 0, Skipped: 0, Time elapsed: 0.007 sec - in de.rwth.i2.attestor.programState.indexedState.TestEmbeddings
Running de.rwth.i2.attestor.programState.indexedState.TestGeneralMaterializationStrategy_OldIndexedTests
Tests run: 2, Failures: 0, Errors: 0, Skipped: 0, Time elapsed: 0.013 sec - in de.rwth.i2.attestor.programState.indexedState.TestGeneralMaterializationStrategy_OldIndexedTests
Running de.rwth.i2.attestor.programState.indexedState.TestAVLAnnotationMaintaining
Tests run: 1, Failures: 0, Errors: 0, Skipped: 0, Time elapsed: 0.002 sec - in de.rwth.i2.attestor.programState.indexedState.TestAVLAnnotationMaintaining
Running de.rwth.i2.attestor.programState.indexedState.semantics.IndexedSemanticsCommandTest
Tests run: 3, Failures: 0, Errors: 0, Skipped: 0, Time elapsed: 0.005 sec - in de.rwth.i2.attestor.programState.indexedState.semantics.IndexedSemanticsCommandTest
Running de.rwth.i2.attestor.markingGeneration.neighbourhood.NeighbourhoodMarkingCommandTest
Tests run: 5, Failures: 0, Errors: 0, Skipped: 0, Time elapsed: 0.006 sec - in de.rwth.i2.attestor.markingGeneration.neighbourhood.NeighbourhoodMarkingCommandTest
Running de.rwth.i2.attestor.markingGeneration.visited.VisitedMarkingGeneratorTest
Tests run: 2, Failures: 0, Errors: 0, Skipped: 0, Time elapsed: 0.023 sec - in de.rwth.i2.attestor.markingGeneration.visited.VisitedMarkingGeneratorTest
Running de.rwth.i2.attestor.markingGeneration.visited.VisitedMarkingCommandTest
Tests run: 7, Failures: 0, Errors: 0, Skipped: 0, Time elapsed: 0.012 sec - in de.rwth.i2.attestor.markingGeneration.visited.VisitedMarkingCommandTest
Running de.rwth.i2.attestor.RecursiveMethodDetectionTest
Tests run: 1, Failures: 0, Errors: 0, Skipped: 1, Time elapsed: 0 sec - in de.rwth.i2.attestor.RecursiveMethodDetectionTest
Running de.rwth.i2.attestor.io.JsonToGrammarTest
Tests run: 3, Failures: 0, Errors: 0, Skipped: 0, Time elapsed: 0.028 sec - in de.rwth.i2.attestor.io.JsonToGrammarTest
Running de.rwth.i2.attestor.io.TestJsonToHeapConfiguration
Tests run: 9, Failures: 0, Errors: 0, Skipped: 0, Time elapsed: 0.015 sec - in de.rwth.i2.attestor.io.TestJsonToHeapConfiguration
Running de.rwth.i2.attestor.io.jsonExport.JsonHeapConfigurationExporterTest
Tests run: 1, Failures: 0, Errors: 0, Skipped: 0, Time elapsed: 0 sec - in de.rwth.i2.attestor.io.jsonExport.JsonHeapConfigurationExporterTest
Running de.rwth.i2.attestor.io.TestJsonToGrammar
[Warning]  TestJson: 1th  reduction tentacle of stored nonterminal does not match. got: true request: false
Tests run: 1, Failures: 0, Errors: 0, Skipped: 0, Time elapsed: 0.01 sec - in de.rwth.i2.attestor.io.TestJsonToGrammar
Running de.rwth.i2.attestor.io.ParseTest
Tests run: 1, Failures: 0, Errors: 0, Skipped: 0, Time elapsed: 0.003 sec - in de.rwth.i2.attestor.io.ParseTest
Running de.rwth.i2.attestor.grammar.materialization.DefaultMaterializationRuleManagerTest
Tests run: 2, Failures: 0, Errors: 0, Skipped: 0, Time elapsed: 0.009 sec - in de.rwth.i2.attestor.grammar.materialization.DefaultMaterializationRuleManagerTest
Running de.rwth.i2.attestor.grammar.materialization.OneStepMaterializationTest
Tests run: 4, Failures: 0, Errors: 0, Skipped: 0, Time elapsed: 0.005 sec - in de.rwth.i2.attestor.grammar.materialization.OneStepMaterializationTest
Running de.rwth.i2.attestor.grammar.materialization.moduleTests.MaterializationTest
Tests run: 1, Failures: 0, Errors: 0, Skipped: 0, Time elapsed: 0.004 sec - in de.rwth.i2.attestor.grammar.materialization.moduleTests.MaterializationTest
Running de.rwth.i2.attestor.grammar.materialization.IndexMaterializationStrategyTest
Tests run: 9, Failures: 0, Errors: 0, Skipped: 0, Time elapsed: 0.004 sec - in de.rwth.i2.attestor.grammar.materialization.IndexMaterializationStrategyTest
Running de.rwth.i2.attestor.grammar.materialization.IndexedGrammarResponseApplierTest
Tests run: 1, Failures: 0, Errors: 0, Skipped: 0, Time elapsed: 0.007 sec - in de.rwth.i2.attestor.grammar.materialization.IndexedGrammarResponseApplierTest
Running de.rwth.i2.attestor.grammar.materialization.IndexMatcherTest
Tests run: 4, Failures: 0, Errors: 0, Skipped: 0, Time elapsed: 0.007 sec - in de.rwth.i2.attestor.grammar.materialization.IndexMatcherTest
Running de.rwth.i2.attestor.grammar.materialization.DefaultGrammarResponseApplierTest
Tests run: 4, Failures: 0, Errors: 0, Skipped: 0, Time elapsed: 0.002 sec - in de.rwth.i2.attestor.grammar.materialization.DefaultGrammarResponseApplierTest
Running de.rwth.i2.attestor.grammar.materialization.GraphMaterializerTest
Tests run: 1, Failures: 0, Errors: 0, Skipped: 0, Time elapsed: 0 sec - in de.rwth.i2.attestor.grammar.materialization.GraphMaterializerTest
Running de.rwth.i2.attestor.grammar.materialization.IndexedMaterializationRuleManagerTest
Tests run: 7, Failures: 0, Errors: 0, Skipped: 0, Time elapsed: 0.004 sec - in de.rwth.i2.attestor.grammar.materialization.IndexedMaterializationRuleManagerTest
Running de.rwth.i2.attestor.grammar.GrammarTest
Tests run: 8, Failures: 0, Errors: 0, Skipped: 0, Time elapsed: 0.007 sec - in de.rwth.i2.attestor.grammar.GrammarTest
Running de.rwth.i2.attestor.grammar.util.ExternalNodesPartitionerTest
Tests run: 3, Failures: 0, Errors: 0, Skipped: 0, Time elapsed: 0.005 sec - in de.rwth.i2.attestor.grammar.util.ExternalNodesPartitionerTest
Running de.rwth.i2.attestor.grammar.IndexMatcherTest
Tests run: 4, Failures: 0, Errors: 0, Skipped: 0, Time elapsed: 0 sec - in de.rwth.i2.attestor.grammar.IndexMatcherTest
Running de.rwth.i2.attestor.grammar.canoncalization.moduleTest.GeneralCanonicalizationTest_Default_ConfluentTest
Tests run: 1, Failures: 0, Errors: 0, Skipped: 0, Time elapsed: 0.005 sec - in de.rwth.i2.attestor.grammar.canoncalization.moduleTest.GeneralCanonicalizationTest_Default_ConfluentTest
Running de.rwth.i2.attestor.grammar.canoncalization.moduleTest.CanonicalizationStrategyCollapsedTest
Tests run: 1, Failures: 0, Errors: 0, Skipped: 0, Time elapsed: 0.004 sec - in de.rwth.i2.attestor.grammar.canoncalization.moduleTest.CanonicalizationStrategyCollapsedTest
Running de.rwth.i2.attestor.grammar.canoncalization.moduleTest.CanonicalizationStrategyTest
Tests run: 6, Failures: 0, Errors: 0, Skipped: 0, Time elapsed: 0.02 sec - in de.rwth.i2.attestor.grammar.canoncalization.moduleTest.CanonicalizationStrategyTest
Running de.rwth.i2.attestor.grammar.canoncalization.EmbeddingIndexCheckerTest
Tests run: 9, Failures: 0, Errors: 0, Skipped: 0, Time elapsed: 0.008 sec - in de.rwth.i2.attestor.grammar.canoncalization.EmbeddingIndexCheckerTest
Running de.rwth.i2.attestor.grammar.canoncalization.DefaultEmbeddingCheckerProviderTest
Tests run: 2, Failures: 0, Errors: 0, Skipped: 0, Time elapsed: 0 sec - in de.rwth.i2.attestor.grammar.canoncalization.DefaultEmbeddingCheckerProviderTest
Running de.rwth.i2.attestor.semantics.util.ConstantsTest
Tests run: 1, Failures: 0, Errors: 0, Skipped: 0, Time elapsed: 0.001 sec - in de.rwth.i2.attestor.semantics.util.ConstantsTest
Running de.rwth.i2.attestor.semantics.jimpleSemantics.jimple.PrepareHeapTest
Tests run: 3, Failures: 0, Errors: 0, Skipped: 0, Time elapsed: 0.002 sec - in de.rwth.i2.attestor.semantics.jimpleSemantics.jimple.PrepareHeapTest
Running de.rwth.i2.attestor.semantics.jimpleSemantics.jimple.statements.ItentityStatementTest
Tests run: 3, Failures: 0, Errors: 0, Skipped: 0, Time elapsed: 0.002 sec - in de.rwth.i2.attestor.semantics.jimpleSemantics.jimple.statements.ItentityStatementTest
Running de.rwth.i2.attestor.semantics.jimpleSemantics.jimple.statements.IfStmtTest
Tests run: 3, Failures: 0, Errors: 0, Skipped: 0, Time elapsed: 0.001 sec - in de.rwth.i2.attestor.semantics.jimpleSemantics.jimple.statements.IfStmtTest
Running de.rwth.i2.attestor.semantics.jimpleSemantics.jimple.statements.AssignStmtTest
Tests run: 1, Failures: 0, Errors: 0, Skipped: 0, Time elapsed: 0.012 sec - in de.rwth.i2.attestor.semantics.jimpleSemantics.jimple.statements.AssignStmtTest
Running de.rwth.i2.attestor.semantics.jimpleSemantics.jimple.statements.InvokeStmtTest
Tests run: 3, Failures: 0, Errors: 0, Skipped: 0, Time elapsed: 0.008 sec - in de.rwth.i2.attestor.semantics.jimpleSemantics.jimple.statements.InvokeStmtTest
Running de.rwth.i2.attestor.semantics.jimpleSemantics.jimple.statements.ReturnValueTest
[Warning]  return value evaluated to undefined. No return will be attached
Tests run: 3, Failures: 0, Errors: 0, Skipped: 0, Time elapsed: 0.002 sec - in de.rwth.i2.attestor.semantics.jimpleSemantics.jimple.statements.ReturnValueTest
Running de.rwth.i2.attestor.semantics.jimpleSemantics.jimple.values.FieldTest
Tests run: 2, Failures: 0, Errors: 0, Skipped: 0, Time elapsed: 0.001 sec - in de.rwth.i2.attestor.semantics.jimpleSemantics.jimple.values.FieldTest
Running de.rwth.i2.attestor.semantics.jimpleSemantics.jimple.values.NewExprTest
Tests run: 1, Failures: 0, Errors: 0, Skipped: 0, Time elapsed: 0.001 sec - in de.rwth.i2.attestor.semantics.jimpleSemantics.jimple.values.NewExprTest
Running de.rwth.i2.attestor.semantics.jimpleSemantics.translation.TarjanAlgorithmTest
Tests run: 5, Failures: 0, Errors: 0, Skipped: 0, Time elapsed: 0.003 sec - in de.rwth.i2.attestor.semantics.jimpleSemantics.translation.TarjanAlgorithmTest
Running de.rwth.i2.attestor.graph.morphism.IsomorphismCheckerTest
Tests run: 10, Failures: 0, Errors: 0, Skipped: 0, Time elapsed: 0.005 sec - in de.rwth.i2.attestor.graph.morphism.IsomorphismCheckerTest
Running de.rwth.i2.attestor.graph.morphism.EmbeddingTest
Tests run: 15, Failures: 0, Errors: 0, Skipped: 0, Time elapsed: 0 sec - in de.rwth.i2.attestor.graph.morphism.EmbeddingTest
Running de.rwth.i2.attestor.graph.heap.internal.HeapConfigurationBuilderTest
Tests run: 32, Failures: 0, Errors: 0, Skipped: 0, Time elapsed: 0.008 sec - in de.rwth.i2.attestor.graph.heap.internal.HeapConfigurationBuilderTest
Running de.rwth.i2.attestor.graph.heap.internal.HeapConfigurationTest
Tests run: 18, Failures: 0, Errors: 0, Skipped: 0, Time elapsed: 0.009 sec - in de.rwth.i2.attestor.graph.heap.internal.HeapConfigurationTest
Running de.rwth.i2.attestor.graph.heap.internal.ComplexGraphBuilderTest
Tests run: 31, Failures: 0, Errors: 0, Skipped: 0, Time elapsed: 0.005 sec - in de.rwth.i2.attestor.graph.heap.internal.ComplexGraphBuilderTest
Running de.rwth.i2.attestor.graph.digraph.LabeledDigraphTest
Tests run: 21, Failures: 0, Errors: 0, Skipped: 0, Time elapsed: 0.003 sec - in de.rwth.i2.attestor.graph.digraph.LabeledDigraphTest

Results :

Tests run: 343, Failures: 0, Errors: 0, Skipped: 1

[INFO] 
[INFO] --- jacoco-maven-plugin:0.8.5:report (report) @ attestor ---
[INFO] Loading execution data file /tmp/tmptbb28rb7/attestor/target/jacoco.exec
[INFO] Analyzed bundle 'Attestor' with 362 classes
[INFO] ------------------------------------------------------------------------
[INFO] BUILD SUCCESS
[INFO] ------------------------------------------------------------------------
[INFO] Total time:  01:08 min
[INFO] Finished at: 2020-07-30T22:30:57Z
[INFO] ------------------------------------------------------------------------
