[INFO] Error stacktraces are turned on.
[INFO] Scanning for projects...
[WARNING] 
[WARNING] Some problems were encountered while building the effective model for net.twasi:twasi-core:jar:1.0.4
[WARNING] 'build.plugins.plugin.version' for org.apache.maven.plugins:maven-compiler-plugin is missing. @ line 8, column 15
[WARNING] 
[WARNING] It is highly recommended to fix these problems because they threaten the stability of your build.
[WARNING] 
[WARNING] For this reason, future Maven versions might no longer support building such malformed projects.
[WARNING] 
[INFO] 
[INFO] ------------------------< net.twasi:twasi-core >------------------------
[INFO] Building twasi-core 1.0.4
[INFO] --------------------------------[ jar ]---------------------------------
[INFO] 
[INFO] --- jacoco-maven-plugin:0.8.5:prepare-agent (default) @ twasi-core ---
[INFO] argLine set to -javaagent:/home/jdbl/.m2/repository/org/jacoco/org.jacoco.agent/0.8.5/org.jacoco.agent-0.8.5-runtime.jar=destfile=/tmp/tmpg4kaudwp/twasi-core/target/jacoco.exec
[INFO] 
[INFO] --- maven-resources-plugin:2.6:resources (default-resources) @ twasi-core ---
[WARNING] Using platform encoding (UTF-8 actually) to copy filtered resources, i.e. build is platform dependent!
[INFO] Copying 2 resources
[INFO] 
[INFO] --- maven-compiler-plugin:3.1:compile (default-compile) @ twasi-core ---
[INFO] Changes detected - recompiling the module!
[WARNING] File encoding has not been set, using platform encoding UTF-8, i.e. build is platform dependent!
[INFO] Compiling 182 source files to /tmp/tmpg4kaudwp/twasi-core/target/classes
[WARNING] /tmp/tmpg4kaudwp/twasi-core/src/main/java/net/twasi/core/api/upload/CSVUploadHandler.java:[3,46] sun.reflect.generics.reflectiveObjects.NotImplementedException is internal proprietary API and may be removed in a future release
[WARNING] /tmp/tmpg4kaudwp/twasi-core/src/main/java/net/twasi/core/services/providers/DatabaseService.java:[13,46] sun.reflect.generics.reflectiveObjects.NotImplementedException is internal proprietary API and may be removed in a future release
[WARNING] /tmp/tmpg4kaudwp/twasi-core/src/main/java/net/twasi/core/api/upload/CSVUploadHandler.java:[19,19] sun.reflect.generics.reflectiveObjects.NotImplementedException is internal proprietary API and may be removed in a future release
[WARNING] /tmp/tmpg4kaudwp/twasi-core/src/main/java/net/twasi/core/services/providers/DatabaseService.java:[69,19] sun.reflect.generics.reflectiveObjects.NotImplementedException is internal proprietary API and may be removed in a future release
[WARNING] /tmp/tmpg4kaudwp/twasi-core/src/main/java/net/twasi/core/logger/MorphiaLogger.java: Some input files use or override a deprecated API.
[WARNING] /tmp/tmpg4kaudwp/twasi-core/src/main/java/net/twasi/core/logger/MorphiaLogger.java: Recompile with -Xlint:deprecation for details.
[WARNING] /tmp/tmpg4kaudwp/twasi-core/src/main/java/net/twasi/core/plugin/TwasiPlugin.java: Some input files use unchecked or unsafe operations.
[WARNING] /tmp/tmpg4kaudwp/twasi-core/src/main/java/net/twasi/core/plugin/TwasiPlugin.java: Recompile with -Xlint:unchecked for details.
[INFO] 
[INFO] --- maven-resources-plugin:2.6:testResources (default-testResources) @ twasi-core ---
[WARNING] Using platform encoding (UTF-8 actually) to copy filtered resources, i.e. build is platform dependent!
[INFO] Copying 2 resources
[INFO] 
[INFO] --- maven-compiler-plugin:3.1:testCompile (default-testCompile) @ twasi-core ---
[INFO] Changes detected - recompiling the module!
[WARNING] File encoding has not been set, using platform encoding UTF-8, i.e. build is platform dependent!
[INFO] Compiling 4 source files to /tmp/tmpg4kaudwp/twasi-core/target/test-classes
[INFO] 
[INFO] --- maven-surefire-plugin:2.19.1:test (default-test) @ twasi-core ---
[INFO] Surefire report directory: /tmp/tmpg4kaudwp/twasi-core/target/surefire-reports

-------------------------------------------------------
 T E S T S
-------------------------------------------------------
Running net.twasi.core.application.AppStateTest
Tests run: 3, Failures: 0, Errors: 0, Skipped: 0, Time elapsed: 0.12 sec - in net.twasi.core.application.AppStateTest
Running net.twasi.core.translations.TranslationsTest
2020-07-30 18:59:56 WARN - net.twasi.core.logger.TwasiLogger - Unknown translation key 'unknown.translation.key' searched, but not found. This may lead to unexpected results.
Tests run: 1, Failures: 0, Errors: 0, Skipped: 0, Time elapsed: 0.088 sec - in net.twasi.core.translations.TranslationsTest
Running net.twasi.core.database.InstanceManagerTest
2020-07-30 18:59:57 DEBUG- net.twasi.core.logger.TwasiLogger - Registered interface for streamer null
2020-07-30 18:59:57 DEBUG- net.twasi.core.logger.TwasiLogger - Registered interface for streamer null
2020-07-30 18:59:57 INFO - net.twasi.core.logger.TwasiLogger - Tried to register Interface which is already registered (ignored): net.twasi.core.database.InstanceManagerTest$1@64a40280
Tests run: 1, Failures: 0, Errors: 0, Skipped: 0, Time elapsed: 0.071 sec - in net.twasi.core.database.InstanceManagerTest

Results :

Tests run: 5, Failures: 0, Errors: 0, Skipped: 0

[INFO] 
[INFO] --- jacoco-maven-plugin:0.8.5:report (report) @ twasi-core ---
[INFO] Loading execution data file /tmp/tmpg4kaudwp/twasi-core/target/jacoco.exec
[INFO] Analyzed bundle 'twasi-core' with 286 classes
[INFO] ------------------------------------------------------------------------
[INFO] BUILD SUCCESS
[INFO] ------------------------------------------------------------------------
[INFO] Total time:  44.617 s
[INFO] Finished at: 2020-07-30T18:59:58Z
[INFO] ------------------------------------------------------------------------
