[INFO] Error stacktraces are turned on.
[INFO] Scanning for projects...
[INFO] 
[INFO] --------------------< com.flowpowered:flow-commons >--------------------
[INFO] Building Flow Commons 1.0.1-SNAPSHOT
[INFO] --------------------------------[ jar ]---------------------------------
[INFO] 
[INFO] --- maven-enforcer-plugin:1.2:enforce (enforce-maven) @ flow-commons ---
[INFO] 
[INFO] --- jacoco-maven-plugin:0.8.5:prepare-agent (default) @ flow-commons ---
[INFO] argLine set to -javaagent:/home/jdbl/.m2/repository/org/jacoco/org.jacoco.agent/0.8.5/org.jacoco.agent-0.8.5-runtime.jar=destfile=/tmp/tmp4r7839pd/commons/target/jacoco.exec
[INFO] 
[INFO] --- maven-resources-plugin:2.6:resources (default-resources) @ flow-commons ---
[INFO] Using 'UTF-8' encoding to copy filtered resources.
[INFO] Copying 1 resource to .
[INFO] 
[INFO] --- maven-compiler-plugin:3.3:compile (default-compile) @ flow-commons ---
[INFO] Changes detected - recompiling the module!
[INFO] Compiling 71 source files to /tmp/tmp4r7839pd/commons/target/classes
[WARNING] bootstrap class path not set in conjunction with -source 1.7
[INFO] /tmp/tmp4r7839pd/commons/src/main/java/com/flowpowered/commons/set/ConcurrentRegularEnumSet.java: Some input files use unchecked or unsafe operations.
[INFO] /tmp/tmp4r7839pd/commons/src/main/java/com/flowpowered/commons/set/ConcurrentRegularEnumSet.java: Recompile with -Xlint:unchecked for details.
[INFO] 
[INFO] --- maven-resources-plugin:2.6:testResources (default-testResources) @ flow-commons ---
[INFO] Using 'UTF-8' encoding to copy filtered resources.
[INFO] skip non existing resourceDirectory /tmp/tmp4r7839pd/commons/src/test/resources
[INFO] 
[INFO] --- maven-compiler-plugin:3.3:testCompile (default-testCompile) @ flow-commons ---
[INFO] Changes detected - recompiling the module!
[INFO] Compiling 6 source files to /tmp/tmp4r7839pd/commons/target/test-classes
[WARNING] bootstrap class path not set in conjunction with -source 1.7
[INFO] 
[INFO] --- maven-surefire-plugin:2.19.1:test (default-test) @ flow-commons ---
[INFO] Surefire report directory: /tmp/tmp4r7839pd/commons/target/surefire-reports

-------------------------------------------------------
 T E S T S
-------------------------------------------------------
Running com.flowpowered.commons.hashing.Int21TripleHashedTest
Tests run: 1, Failures: 0, Errors: 0, Skipped: 0, Time elapsed: 0.176 sec - in com.flowpowered.commons.hashing.Int21TripleHashedTest
Running com.flowpowered.commons.set.ConcurrentRegularEnumSetTest
Tests run: 12, Failures: 0, Errors: 0, Skipped: 0, Time elapsed: 0.039 sec - in com.flowpowered.commons.set.ConcurrentRegularEnumSetTest
Running com.flowpowered.commons.ViewFrustumTest
Tests run: 3, Failures: 0, Errors: 0, Skipped: 0, Time elapsed: 0.289 sec - in com.flowpowered.commons.ViewFrustumTest
Running com.flowpowered.commons.store.block.impl.AtomicShortIntArrayTest
Tests run: 6, Failures: 0, Errors: 0, Skipped: 0, Time elapsed: 0.874 sec - in com.flowpowered.commons.store.block.impl.AtomicShortIntArrayTest
Running com.flowpowered.commons.store.block.impl.AtomicVariableWidthArrayTest
Tests run: 1, Failures: 0, Errors: 0, Skipped: 0, Time elapsed: 0.217 sec - in com.flowpowered.commons.store.block.impl.AtomicVariableWidthArrayTest
Running com.flowpowered.commons.datatable.SerializableHashMapTest
Tests run: 1, Failures: 0, Errors: 0, Skipped: 0, Time elapsed: 0.091 sec - in com.flowpowered.commons.datatable.SerializableHashMapTest

Results :

Tests run: 24, Failures: 0, Errors: 0, Skipped: 0

[INFO] 
[INFO] --- jacoco-maven-plugin:0.8.5:report (report) @ flow-commons ---
[INFO] Loading execution data file /tmp/tmp4r7839pd/commons/target/jacoco.exec
[INFO] Analyzed bundle 'Flow Commons' with 170 classes
[INFO] ------------------------------------------------------------------------
[INFO] BUILD SUCCESS
[INFO] ------------------------------------------------------------------------
[INFO] Total time:  10.733 s
[INFO] Finished at: 2020-07-30T15:37:37Z
[INFO] ------------------------------------------------------------------------
