[INFO] Error stacktraces are turned on.
[INFO] Scanning for projects...
[INFO] 
[INFO] -------------------------< us.codecraft:xsoup >-------------------------
[INFO] Building xsoup 0.3.2-SNAPSHOT
[INFO] --------------------------------[ jar ]---------------------------------
[INFO] 
[INFO] --- maven-enforcer-plugin:1.0:enforce (enforce-maven) @ xsoup ---
[INFO] 
[INFO] --- jacoco-maven-plugin:0.8.5:prepare-agent (default) @ xsoup ---
[INFO] argLine set to -javaagent:/home/jdbl/.m2/repository/org/jacoco/org.jacoco.agent/0.8.5/org.jacoco.agent-0.8.5-runtime.jar=destfile=/tmp/tmp7h0coe47/xsoup/target/jacoco.exec
[INFO] 
[INFO] --- maven-resources-plugin:2.6:resources (default-resources) @ xsoup ---
[INFO] Using 'UTF-8' encoding to copy filtered resources.
[INFO] skip non existing resourceDirectory /tmp/tmp7h0coe47/xsoup/src/main/resources
[INFO] 
[INFO] --- maven-compiler-plugin:3.1:compile (default-compile) @ xsoup ---
[INFO] Changes detected - recompiling the module!
[INFO] Compiling 25 source files to /tmp/tmp7h0coe47/xsoup/target/classes
[INFO] 
[INFO] --- maven-resources-plugin:2.6:testResources (default-testResources) @ xsoup ---
[INFO] Using 'UTF-8' encoding to copy filtered resources.
[INFO] skip non existing resourceDirectory /tmp/tmp7h0coe47/xsoup/src/test/resources
[INFO] 
[INFO] --- maven-compiler-plugin:3.1:testCompile (default-testCompile) @ xsoup ---
[INFO] Changes detected - recompiling the module!
[INFO] Compiling 4 source files to /tmp/tmp7h0coe47/xsoup/target/test-classes
[INFO] 
[INFO] --- maven-surefire-plugin:2.19.1:test (default-test) @ xsoup ---
[INFO] Surefire report directory: /tmp/tmp7h0coe47/xsoup/target/surefire-reports

-------------------------------------------------------
 T E S T S
-------------------------------------------------------
Running us.codecraft.xsoup.w3c.DocumentAdaptorTest
Tests run: 1, Failures: 0, Errors: 0, Skipped: 0, Time elapsed: 0.204 sec - in us.codecraft.xsoup.w3c.DocumentAdaptorTest
Running us.codecraft.xsoup.w3c.W3cEvaluatorTest
Tests run: 9, Failures: 0, Errors: 0, Skipped: 0, Time elapsed: 0.047 sec - in us.codecraft.xsoup.w3c.W3cEvaluatorTest
Running us.codecraft.xsoup.XsoupTest
Tests run: 14, Failures: 0, Errors: 0, Skipped: 0, Time elapsed: 0.038 sec - in us.codecraft.xsoup.XsoupTest
Running us.codecraft.xsoup.XTokenQueueTest
Tests run: 3, Failures: 0, Errors: 0, Skipped: 0, Time elapsed: 0.001 sec - in us.codecraft.xsoup.XTokenQueueTest

Results :

Tests run: 27, Failures: 0, Errors: 0, Skipped: 0

[INFO] 
[INFO] --- jacoco-maven-plugin:0.8.5:report (report) @ xsoup ---
[INFO] Loading execution data file /tmp/tmp7h0coe47/xsoup/target/jacoco.exec
[INFO] Analyzed bundle 'xsoup' with 264 classes
[INFO] ------------------------------------------------------------------------
[INFO] BUILD SUCCESS
[INFO] ------------------------------------------------------------------------
[INFO] Total time:  8.850 s
[INFO] Finished at: 2020-08-03T11:08:51Z
[INFO] ------------------------------------------------------------------------
