[INFO] Error stacktraces are turned on.
[INFO] Scanning for projects...
[INFO] 
[INFO] ------------------------< org.mybatis:mybatis >-------------------------
[INFO] Building MyBatis 3.2.6
[INFO] --------------------------------[ jar ]---------------------------------
[INFO] 
[INFO] --- maven-enforcer-plugin:1.3:enforce (enforce-java) @ mybatis ---
[INFO] 
[INFO] --- maven-resources-plugin:2.6:resources (default-resources) @ mybatis ---
[INFO] Using 'UTF-8' encoding to copy filtered resources.
[INFO] Copying 2 resources to META-INF
[INFO] Copying 2 resources
[INFO] 
[INFO] --- maven-compiler-plugin:3.0:compile (default-compile) @ mybatis ---
[INFO] Changes detected - recompiling the module!
[INFO] Compiling 341 source files to /tmp/tmp6m29l2kr/mybatis-3/target/classes
[WARNING] /tmp/tmp6m29l2kr/mybatis-3/src/main/java/org/apache/ibatis/type/TypeHandlerRegistry.java: Some input files use unchecked or unsafe operations.
[WARNING] /tmp/tmp6m29l2kr/mybatis-3/src/main/java/org/apache/ibatis/type/TypeHandlerRegistry.java: Recompile with -Xlint:unchecked for details.
[INFO] 
[INFO] --- jarjar-maven-plugin:1.7:jarjar (jarjar-classes) @ mybatis ---
[INFO] Processing: /tmp/tmp6m29l2kr/mybatis-3/target/classes
[INFO] Building zip: /tmp/tmp6m29l2kr/mybatis-3/target/jarjar/uber-classes
[INFO] JarJar'ing to: /tmp/tmp6m29l2kr/mybatis-3/target/classes
[INFO] Original: /tmp/tmp6m29l2kr/mybatis-3/target/original-classes
[INFO] 
[INFO] --- animal-sniffer-maven-plugin:1.9:check (check-java-1.5-compat) @ mybatis ---
[INFO] Signature checking is skipped.
[INFO] 
[INFO] --- maven-bundle-plugin:2.3.7:manifest (bundle-manifest) @ mybatis ---
[WARNING] Manifest org.mybatis:mybatis:jar:3.2.6 : Did not find matching referal for !ognl
[INFO] 
[INFO] --- maven-resources-plugin:2.6:testResources (default-testResources) @ mybatis ---
[INFO] Using 'UTF-8' encoding to copy filtered resources.
[INFO] Copying 362 resources
[INFO] 
[INFO] --- maven-compiler-plugin:3.0:testCompile (default-testCompile) @ mybatis ---
[INFO] Changes detected - recompiling the module!
[INFO] Compiling 542 source files to /tmp/tmp6m29l2kr/mybatis-3/target/test-classes
[WARNING] /tmp/tmp6m29l2kr/mybatis-3/src/test/java/org/apache/ibatis/jdbc/SelectBuilderTest.java: Some input files use or override a deprecated API.
[WARNING] /tmp/tmp6m29l2kr/mybatis-3/src/test/java/org/apache/ibatis/jdbc/SelectBuilderTest.java: Recompile with -Xlint:deprecation for details.
[WARNING] /tmp/tmp6m29l2kr/mybatis-3/src/test/java/domain/jpetstore/Order.java: Some input files use unchecked or unsafe operations.
[WARNING] /tmp/tmp6m29l2kr/mybatis-3/src/test/java/domain/jpetstore/Order.java: Recompile with -Xlint:unchecked for details.
[INFO] 
[INFO] --- maven-surefire-plugin:2.13:test (default-test) @ mybatis ---
[INFO] Surefire report directory: /tmp/tmp6m29l2kr/mybatis-3/target/surefire-reports

-------------------------------------------------------
 T E S T S
-------------------------------------------------------

-------------------------------------------------------
 T E S T S
-------------------------------------------------------
Running org.apache.ibatis.transaction.managed.ManagedTransactionFactoryTest
Tests run: 2, Failures: 0, Errors: 0, Skipped: 0, Time elapsed: 0.22 sec
Running org.apache.ibatis.executor.BatchExecutorTest
Tests run: 19, Failures: 0, Errors: 0, Skipped: 0, Time elapsed: 4.72 sec
Running org.apache.ibatis.executor.loader.CglibProxyTest
Tests run: 15, Failures: 0, Errors: 0, Skipped: 0, Time elapsed: 1.385 sec
Running org.apache.ibatis.executor.loader.JavassistProxyTest
Tests run: 15, Failures: 0, Errors: 0, Skipped: 0, Time elapsed: 1.213 sec
Running org.apache.ibatis.executor.CachingSimpleExecutorTest
Tests run: 19, Failures: 0, Errors: 0, Skipped: 0, Time elapsed: 4.11 sec
Running org.apache.ibatis.executor.ReuseExecutorTest
Tests run: 19, Failures: 0, Errors: 0, Skipped: 0, Time elapsed: 3.871 sec
Running org.apache.ibatis.executor.BaseExecutorTest
Tests run: 18, Failures: 0, Errors: 0, Skipped: 0, Time elapsed: 3.863 sec
Running org.apache.ibatis.executor.CachingReuseExecutorTest
Tests run: 19, Failures: 0, Errors: 0, Skipped: 0, Time elapsed: 2.821 sec
Running org.apache.ibatis.executor.ErrorContextTest
Tests run: 1, Failures: 0, Errors: 0, Skipped: 0, Time elapsed: 0.046 sec
Running org.apache.ibatis.executor.resultset.DefaultResultSetHandlerTest
Tests run: 1, Failures: 0, Errors: 0, Skipped: 0, Time elapsed: 0.384 sec
Running org.apache.ibatis.executor.CachingBatchExecutorTest
Tests run: 19, Failures: 0, Errors: 0, Skipped: 0, Time elapsed: 3.072 sec
Running org.apache.ibatis.executor.ResultExtractorTest
Tests run: 6, Failures: 0, Errors: 0, Skipped: 0, Time elapsed: 0.396 sec
Running org.apache.ibatis.parsing.XPathParserTest
Tests run: 1, Failures: 0, Errors: 0, Skipped: 0, Time elapsed: 0.12 sec
Running org.apache.ibatis.parsing.GenericTokenParserTest
Tests run: 3, Failures: 0, Errors: 0, Skipped: 0, Time elapsed: 0.089 sec
Running org.apache.ibatis.binding.BindingTest
Tests run: 40, Failures: 0, Errors: 0, Skipped: 1, Time elapsed: 5.318 sec
Running org.apache.ibatis.binding.WrongNamespacesTest
Tests run: 2, Failures: 0, Errors: 0, Skipped: 0, Time elapsed: 0.128 sec
Running org.apache.ibatis.exceptions.GeneralExceptionsTest
Tests run: 2, Failures: 0, Errors: 0, Skipped: 0, Time elapsed: 0.057 sec
Running org.apache.ibatis.plugin.PluginTest
Tests run: 2, Failures: 0, Errors: 0, Skipped: 0, Time elapsed: 0.061 sec
Running org.apache.ibatis.cache.SoftCacheTest
Tests run: 4, Failures: 0, Errors: 0, Skipped: 0, Time elapsed: 2.827 sec
Running org.apache.ibatis.cache.CacheKeyTest
Tests run: 5, Failures: 0, Errors: 0, Skipped: 0, Time elapsed: 2.074 sec
Running org.apache.ibatis.cache.PerpetualCacheTest
Tests run: 4, Failures: 0, Errors: 0, Skipped: 0, Time elapsed: 0.419 sec
Running org.apache.ibatis.cache.SuperCacheTest
Tests run: 1, Failures: 0, Errors: 0, Skipped: 0, Time elapsed: 1.223 sec
Running org.apache.ibatis.cache.WeakCacheTest
Tests run: 4, Failures: 0, Errors: 0, Skipped: 0, Time elapsed: 0.323 sec
Running org.apache.ibatis.cache.ScheduledCacheTest
Tests run: 3, Failures: 0, Errors: 0, Skipped: 0, Time elapsed: 5.11 sec
Running org.apache.ibatis.cache.FifoCacheTest
Tests run: 3, Failures: 0, Errors: 0, Skipped: 0, Time elapsed: 0.047 sec
Running org.apache.ibatis.cache.LruCacheTest
Tests run: 3, Failures: 0, Errors: 0, Skipped: 0, Time elapsed: 0.078 sec
Running org.apache.ibatis.cache.BaseCacheTest
Tests run: 1, Failures: 0, Errors: 0, Skipped: 0, Time elapsed: 0.084 sec
Running org.apache.ibatis.session.SqlSessionTest
Tests run: 57, Failures: 0, Errors: 0, Skipped: 0, Time elapsed: 2.94 sec
Running org.apache.ibatis.session.SqlSessionManagerTest
Tests run: 4, Failures: 0, Errors: 0, Skipped: 0, Time elapsed: 2.35 sec
Running org.apache.ibatis.mapping.ResultMappingTest
Tests run: 2, Failures: 0, Errors: 0, Skipped: 0, Time elapsed: 0.229 sec
Running org.apache.ibatis.builder.XmlConfigBuilderTest
Tests run: 2, Failures: 0, Errors: 0, Skipped: 0, Time elapsed: 0.177 sec
Running org.apache.ibatis.builder.xml.dynamic.DynamicSqlSourceTest
Tests run: 22, Failures: 0, Errors: 0, Skipped: 0, Time elapsed: 19.872 sec
Running org.apache.ibatis.builder.xml.dynamic.ExpressionEvaluatorTest
Tests run: 7, Failures: 0, Errors: 0, Skipped: 0, Time elapsed: 0.118 sec
Running org.apache.ibatis.builder.ParameterExpressionTest
Tests run: 11, Failures: 0, Errors: 0, Skipped: 0, Time elapsed: 0.055 sec
Running org.apache.ibatis.builder.XmlMapperBuilderTest
Tests run: 1, Failures: 0, Errors: 0, Skipped: 0, Time elapsed: 0.339 sec
Running org.apache.ibatis.type.TypeHandlerRegistryTest
Tests run: 3, Failures: 0, Errors: 0, Skipped: 0, Time elapsed: 0.106 sec
Running org.apache.ibatis.type.BooleanTypeHandlerTest
Tests run: 3, Failures: 0, Errors: 0, Skipped: 0, Time elapsed: 0.492 sec
Running org.apache.ibatis.type.CharacterTypeHandlerTest
Tests run: 6, Failures: 0, Errors: 0, Skipped: 0, Time elapsed: 0.556 sec
Running org.apache.ibatis.type.ByteTypeHandlerTest
Tests run: 3, Failures: 0, Errors: 0, Skipped: 0, Time elapsed: 0.687 sec
Running org.apache.ibatis.type.BigDecimalTypeHandlerTest
Tests run: 3, Failures: 0, Errors: 0, Skipped: 0, Time elapsed: 0.596 sec
Running org.apache.ibatis.type.IntegerTypeHandlerTest
Tests run: 3, Failures: 0, Errors: 0, Skipped: 0, Time elapsed: 0.437 sec
Running org.apache.ibatis.type.ShortTypeHandlerTest
Tests run: 3, Failures: 0, Errors: 0, Skipped: 0, Time elapsed: 0.243 sec
Running org.apache.ibatis.type.FloatTypeHandlerTest
Tests run: 3, Failures: 0, Errors: 0, Skipped: 0, Time elapsed: 0.256 sec
Running org.apache.ibatis.type.ByteArrayTypeHandlerTest
Tests run: 3, Failures: 0, Errors: 0, Skipped: 0, Time elapsed: 0.387 sec
Running org.apache.ibatis.type.DateOnlyTypeHandlerTest
Tests run: 3, Failures: 0, Errors: 0, Skipped: 0, Time elapsed: 0.349 sec
Running org.apache.ibatis.type.BlobTypeHandlerTest
Tests run: 3, Failures: 0, Errors: 0, Skipped: 0, Time elapsed: 0.28 sec
Running org.apache.ibatis.type.GenericTypeSupportedInHierarchiesTestCase
Tests run: 1, Failures: 0, Errors: 0, Skipped: 0, Time elapsed: 0.067 sec
Running org.apache.ibatis.type.TimeOnlyTypeHandlerTest
Tests run: 3, Failures: 0, Errors: 0, Skipped: 0, Time elapsed: 0.258 sec
Running org.apache.ibatis.type.SqlDateTypeHandlerTest
Tests run: 3, Failures: 0, Errors: 0, Skipped: 0, Time elapsed: 0.309 sec
Running org.apache.ibatis.type.SqlTimetampTypeHandlerTest
Tests run: 3, Failures: 0, Errors: 0, Skipped: 0, Time elapsed: 0.39 sec
Running org.apache.ibatis.type.SqlTimeTypeHandlerTest
Tests run: 3, Failures: 0, Errors: 0, Skipped: 0, Time elapsed: 0.386 sec
Running org.apache.ibatis.type.BigIntegerTypeHandlerTest
Tests run: 3, Failures: 0, Errors: 0, Skipped: 0, Time elapsed: 0.234 sec
Running org.apache.ibatis.type.LongTypeHandlerTest
Tests run: 3, Failures: 0, Errors: 0, Skipped: 0, Time elapsed: 0.266 sec
Running org.apache.ibatis.type.DateTypeHandlerTest
Tests run: 3, Failures: 0, Errors: 0, Skipped: 0, Time elapsed: 0.267 sec
Running org.apache.ibatis.type.SimpleTypeRegistryTest
Tests run: 3, Failures: 0, Errors: 0, Skipped: 0, Time elapsed: 0.046 sec
Running org.apache.ibatis.type.EnumTypeHandlerTest
Tests run: 6, Failures: 0, Errors: 0, Skipped: 0, Time elapsed: 0.28 sec
Running org.apache.ibatis.type.ObjectTypeHandlerTest
Tests run: 3, Failures: 0, Errors: 0, Skipped: 0, Time elapsed: 0.322 sec
Running org.apache.ibatis.type.StringTypeHandlerTest
Tests run: 5, Failures: 0, Errors: 0, Skipped: 0, Time elapsed: 0.311 sec
Running org.apache.ibatis.type.ClobTypeHandlerTest
Tests run: 3, Failures: 0, Errors: 0, Skipped: 0, Time elapsed: 0.305 sec
Running org.apache.ibatis.type.EnumOrdinalTypeHandlerTest
Tests run: 6, Failures: 0, Errors: 0, Skipped: 0, Time elapsed: 0.391 sec
Running org.apache.ibatis.type.TypeAliasRegistryTest
Tests run: 6, Failures: 0, Errors: 0, Skipped: 0, Time elapsed: 0.068 sec
Running org.apache.ibatis.type.UnknownTypeHandlerTest
Tests run: 3, Failures: 0, Errors: 0, Skipped: 0, Time elapsed: 0.402 sec
Running org.apache.ibatis.type.DoubleTypeHandlerTest
Tests run: 3, Failures: 0, Errors: 0, Skipped: 0, Time elapsed: 0.403 sec
Running org.apache.ibatis.reflection.MetaClassTest
Tests run: 7, Failures: 0, Errors: 0, Skipped: 0, Time elapsed: 0.067 sec
Running org.apache.ibatis.reflection.ExceptionUtilTest
Tests run: 1, Failures: 0, Errors: 0, Skipped: 0, Time elapsed: 0.071 sec
Running org.apache.ibatis.reflection.ReflectorTest
Tests run: 3, Failures: 0, Errors: 0, Skipped: 0, Time elapsed: 0.059 sec
Running org.apache.ibatis.reflection.MetaObjectTest
Tests run: 25, Failures: 0, Errors: 0, Skipped: 0, Time elapsed: 0.104 sec
Running org.apache.ibatis.submitted.extendresultmap.ExtendResultMapTest
Tests run: 1, Failures: 0, Errors: 0, Skipped: 0, Time elapsed: 0.632 sec
Running org.apache.ibatis.submitted.sptests.SPTest
Tests run: 31, Failures: 0, Errors: 0, Skipped: 0, Time elapsed: 0.782 sec
Running org.apache.ibatis.submitted.cacheorder.CacheOrderTest
Tests run: 1, Failures: 0, Errors: 0, Skipped: 0, Time elapsed: 0.65 sec
Running org.apache.ibatis.submitted.criterion.CriterionTest
Tests run: 1, Failures: 0, Errors: 0, Skipped: 0, Time elapsed: 0.739 sec
Running org.apache.ibatis.submitted.stringlist.StringListTest
Tests run: 1, Failures: 0, Errors: 0, Skipped: 0, Time elapsed: 0.575 sec
Running org.apache.ibatis.submitted.no_param_type.NoParamTypeTest
Tests run: 1, Failures: 0, Errors: 0, Skipped: 0, Time elapsed: 0.621 sec
Running org.apache.ibatis.submitted.enumtypehandler_on_map.EnumTypeHandlerTest
Tests run: 2, Failures: 0, Errors: 0, Skipped: 0, Time elapsed: 0.781 sec
Running org.apache.ibatis.submitted.dynsql2.DynSqlTest
Tests run: 2, Failures: 0, Errors: 0, Skipped: 0, Time elapsed: 0.833 sec
Running org.apache.ibatis.submitted.refid_resolution.RefidResolutionTest
Tests run: 1, Failures: 0, Errors: 0, Skipped: 0, Time elapsed: 0.34 sec
Running org.apache.ibatis.submitted.refid_resolution.ExternalRefidResolutionTest
Tests run: 1, Failures: 0, Errors: 0, Skipped: 0, Time elapsed: 0.352 sec
Running org.apache.ibatis.submitted.complex_column.ComplexColumnTest
Tests run: 5, Failures: 0, Errors: 0, Skipped: 0, Time elapsed: 0.927 sec
Running org.apache.ibatis.submitted.substitution_in_annots.SubstitutionInAnnotsTest
Tests run: 4, Failures: 0, Errors: 0, Skipped: 0, Time elapsed: 0.882 sec
Running org.apache.ibatis.submitted.sqlprovider.SqlProviderTest
Tests run: 2, Failures: 0, Errors: 0, Skipped: 0, Time elapsed: 0.894 sec
Running org.apache.ibatis.submitted.blobtest.BlobTest
Tests run: 2, Failures: 0, Errors: 0, Skipped: 0, Time elapsed: 0.723 sec
Running org.apache.ibatis.submitted.overwritingproperties.FooMapperTest
Tests run: 1, Failures: 0, Errors: 0, Skipped: 0, Time elapsed: 0.595 sec
Running org.apache.ibatis.submitted.nestedresulthandler.NestedResultHandlerTest
Tests run: 4, Failures: 0, Errors: 0, Skipped: 0, Time elapsed: 0.749 sec
Running org.apache.ibatis.submitted.column_prefix.ColumnPrefixAutoMappingTest
Tests run: 3, Failures: 0, Errors: 0, Skipped: 0, Time elapsed: 1.106 sec
Running org.apache.ibatis.submitted.column_prefix.ColumnPrefixTest
Tests run: 2, Failures: 0, Errors: 0, Skipped: 0, Time elapsed: 0.843 sec
Running org.apache.ibatis.submitted.column_prefix.ColumnPrefixNestedQueryTest
Tests run: 2, Failures: 0, Errors: 0, Skipped: 0, Time elapsed: 1.074 sec
Running org.apache.ibatis.submitted.ognlstatic.OgnlStaticTest
Tests run: 2, Failures: 0, Errors: 0, Skipped: 0, Time elapsed: 0.764 sec
Running org.apache.ibatis.submitted.multidb.ProviderTest
Tests run: 2, Failures: 0, Errors: 0, Skipped: 0, Time elapsed: 0.531 sec
Running org.apache.ibatis.submitted.multidb.MultiDbTest
Tests run: 6, Failures: 0, Errors: 0, Skipped: 0, Time elapsed: 0.741 sec
Running org.apache.ibatis.submitted.inheritance.InheritanceTest
Tests run: 1, Failures: 0, Errors: 0, Skipped: 0, Time elapsed: 0.705 sec
Running org.apache.ibatis.submitted.nonexistentvariables.NonExistentVariablesTest
Tests run: 1, Failures: 0, Errors: 0, Skipped: 0, Time elapsed: 0.75 sec
Running org.apache.ibatis.submitted.batch_keys.BatchKeysTest
Tests run: 2, Failures: 0, Errors: 0, Skipped: 0, Time elapsed: 0.716 sec
Running org.apache.ibatis.submitted.ognl_enum.EnumWithOgnlTest
Tests run: 5, Failures: 0, Errors: 0, Skipped: 0, Time elapsed: 0.822 sec
Running org.apache.ibatis.submitted.nested.NestedForEachTest
Tests run: 5, Failures: 0, Errors: 0, Skipped: 0, Time elapsed: 0.702 sec
Running org.apache.ibatis.submitted.column_forwarding.ColumnForwardingTest
Tests run: 2, Failures: 0, Errors: 0, Skipped: 0, Time elapsed: 0.718 sec
Running org.apache.ibatis.submitted.valueinmap.ValueInMapTest
Tests run: 2, Failures: 0, Errors: 0, Skipped: 0, Time elapsed: 0.86 sec
Running org.apache.ibatis.submitted.map_class_name_conflict.MapperNameTest
Tests run: 1, Failures: 0, Errors: 0, Skipped: 0, Time elapsed: 0.486 sec
Running org.apache.ibatis.submitted.quotedcolumnnames.QuotedColumnNamesTest
Tests run: 2, Failures: 0, Errors: 0, Skipped: 0, Time elapsed: 0.746 sec
Running org.apache.ibatis.submitted.cglib_lazy_error.CglibNPELazyTest
Tests run: 5, Failures: 0, Errors: 0, Skipped: 0, Time elapsed: 1.015 sec
Running org.apache.ibatis.submitted.cglib_lazy_error.CglibNPETest
Tests run: 7, Failures: 0, Errors: 0, Skipped: 0, Time elapsed: 0.856 sec
Running org.apache.ibatis.submitted.permissions.PermissionsTest
Tests run: 2, Failures: 0, Errors: 0, Skipped: 0, Time elapsed: 0.747 sec
Running org.apache.ibatis.submitted.dynsql.DynSqlTest
Tests run: 5, Failures: 0, Errors: 0, Skipped: 0, Time elapsed: 0.658 sec
Running org.apache.ibatis.submitted.custom_collection_handling.CustomCollectionHandlingTest
Tests run: 2, Failures: 0, Errors: 0, Skipped: 0, Time elapsed: 0.743 sec
Running org.apache.ibatis.submitted.manyanno.ManyAnnoTest
Tests run: 1, Failures: 0, Errors: 0, Skipped: 0, Time elapsed: 3.135 sec
Running org.apache.ibatis.submitted.call_setters_on_nulls.DoNotCallSettersOnNullsTest
Tests run: 3, Failures: 0, Errors: 0, Skipped: 0, Time elapsed: 0.841 sec
Running org.apache.ibatis.submitted.call_setters_on_nulls.CallSettersOnNullsTest
Tests run: 5, Failures: 0, Errors: 0, Skipped: 0, Time elapsed: 0.716 sec
Running org.apache.ibatis.submitted.raw_sql_source.RawSqlSourceTest
Tests run: 3, Failures: 0, Errors: 0, Skipped: 0, Time elapsed: 0.7 sec
Running org.apache.ibatis.submitted.primitive_result_type.PrimitiveResultTypeTest
Tests run: 2, Failures: 0, Errors: 0, Skipped: 0, Time elapsed: 0.631 sec
Running org.apache.ibatis.submitted.mapper_extend.MapperExtendTest
Tests run: 4, Failures: 0, Errors: 0, Skipped: 0, Time elapsed: 0.815 sec
Running org.apache.ibatis.submitted.unknownobject.UnknownObjectTest
Tests run: 1, Failures: 0, Errors: 0, Skipped: 0, Time elapsed: 0.393 sec
Running org.apache.ibatis.submitted.disallowdotsonnames.DisallowDotsOnNamesTest
Tests run: 1, Failures: 0, Errors: 0, Skipped: 0, Time elapsed: 0.356 sec
Running org.apache.ibatis.submitted.typehandlerinjection.TypeHandlerInjectionTest
Tests run: 1, Failures: 0, Errors: 0, Skipped: 0, Time elapsed: 0.685 sec
Running org.apache.ibatis.submitted.empty_namespace.EmptyNamespaceTest
Tests run: 1, Failures: 0, Errors: 0, Skipped: 0, Time elapsed: 0.273 sec
Running org.apache.ibatis.submitted.force_flush_on_select.ForceFlushOnSelectTest
Tests run: 6, Failures: 0, Errors: 0, Skipped: 0, Time elapsed: 0.896 sec
Running org.apache.ibatis.submitted.keycolumn.InsertTest
Tests run: 1, Failures: 0, Errors: 0, Skipped: 1, Time elapsed: 0.017 sec
Running org.apache.ibatis.submitted.cache.CacheTest
Tests run: 3, Failures: 0, Errors: 0, Skipped: 0, Time elapsed: 0.783 sec
Running org.apache.ibatis.submitted.basetest.BaseTest
Tests run: 2, Failures: 0, Errors: 0, Skipped: 0, Time elapsed: 0.716 sec
Running org.apache.ibatis.submitted.language.LanguageTest
Tests run: 11, Failures: 0, Errors: 0, Skipped: 0, Time elapsed: 0.985 sec
Running org.apache.ibatis.submitted.generictypes.GenericTypesTest
Tests run: 1, Failures: 0, Errors: 0, Skipped: 0, Time elapsed: 0.705 sec
Running org.apache.ibatis.submitted.duplicate_statements.DuplicateStatementsTest
Tests run: 5, Failures: 0, Errors: 0, Skipped: 2, Time elapsed: 0.984 sec
Running org.apache.ibatis.submitted.refcursor.RefCursorTest
Tests run: 1, Failures: 0, Errors: 0, Skipped: 1, Time elapsed: 0.021 sec
Running org.apache.ibatis.submitted.dml_return_types.DmlMapperReturnTypesTest
Tests run: 7, Failures: 0, Errors: 0, Skipped: 0, Time elapsed: 0.771 sec
Running org.apache.ibatis.submitted.automapping.AutomappingTest
Tests run: 9, Failures: 0, Errors: 0, Skipped: 0, Time elapsed: 0.65 sec
Running org.apache.ibatis.submitted.result_handler.ResulthandlerTest
Tests run: 2, Failures: 0, Errors: 0, Skipped: 0, Time elapsed: 0.652 sec
Running org.apache.ibatis.submitted.multiple_discriminator.MultipleDiscriminatorTest
Tests run: 3, Failures: 0, Errors: 0, Skipped: 0, Time elapsed: 0.861 sec
Running org.apache.ibatis.submitted.resultmapwithassociationstest.ResultMapWithAssociationsTest
Tests run: 1, Failures: 0, Errors: 0, Skipped: 0, Time elapsed: 0.624 sec
Running org.apache.ibatis.submitted.integer_enum.IntegerEnumTest
Tests run: 1, Failures: 0, Errors: 0, Skipped: 0, Time elapsed: 0.254 sec
Running org.apache.ibatis.submitted.xml_references.EnumWithOgnlTest
Tests run: 2, Failures: 0, Errors: 0, Skipped: 0, Time elapsed: 0.415 sec
Running org.apache.ibatis.submitted.flush_statement_npe.FlushStatementNpeTest
Tests run: 3, Failures: 0, Errors: 0, Skipped: 0, Time elapsed: 0.682 sec
Running org.apache.ibatis.submitted.serializecircular.SerializeCircularTest
Tests run: 4, Failures: 0, Errors: 0, Skipped: 0, Time elapsed: 1.002 sec
Running org.apache.ibatis.submitted.missing_id_property.MissingIdPropertyTest
Tests run: 1, Failures: 0, Errors: 0, Skipped: 0, Time elapsed: 0.653 sec
Running org.apache.ibatis.submitted.encoding.EncodingTest
Tests run: 2, Failures: 0, Errors: 0, Skipped: 0, Time elapsed: 0.648 sec
Running org.apache.ibatis.submitted.global_variables.BaseTest
Tests run: 2, Failures: 0, Errors: 0, Skipped: 0, Time elapsed: 0.453 sec
Running org.apache.ibatis.submitted.selectkey.SelectKeyTest
Tests run: 21, Failures: 0, Errors: 0, Skipped: 2, Time elapsed: 0.988 sec
Running org.apache.ibatis.submitted.javassist.JavassistTest
Tests run: 1, Failures: 0, Errors: 0, Skipped: 0, Time elapsed: 0.697 sec
Running org.apache.ibatis.submitted.multiple_resultsets.MultipleResultTest
Tests run: 1, Failures: 0, Errors: 0, Skipped: 1, Time elapsed: 0.025 sec
Running org.apache.ibatis.submitted.multipleiterates.MultipleIteratesTest
Tests run: 1, Failures: 0, Errors: 0, Skipped: 0, Time elapsed: 0.834 sec
Running org.apache.ibatis.submitted.associationtest.AssociationTest
Tests run: 3, Failures: 0, Errors: 0, Skipped: 0, Time elapsed: 0.688 sec
Running org.apache.ibatis.submitted.result_handler_type.DefaultResultHandlerTypeTest
Tests run: 3, Failures: 0, Errors: 0, Skipped: 0, Time elapsed: 0.924 sec
Running org.apache.ibatis.submitted.lazyload_proxyfactory_comparison.DefaultLazyTest
Tests run: 6, Failures: 0, Errors: 0, Skipped: 0, Time elapsed: 1.513 sec
Running org.apache.ibatis.submitted.lazyload_proxyfactory_comparison.JavassistLazyTest
Tests run: 1, Failures: 0, Errors: 0, Skipped: 1, Time elapsed: 0.024 sec
Running org.apache.ibatis.submitted.lazyload_proxyfactory_comparison.CglibLazyTest
Tests run: 6, Failures: 0, Errors: 0, Skipped: 0, Time elapsed: 1.67 sec
Running org.apache.ibatis.submitted.complex_type.ComplexTypeTest
Tests run: 1, Failures: 0, Errors: 0, Skipped: 0, Time elapsed: 0.61 sec
Running org.apache.ibatis.submitted.extends_with_constructor.NpeExtendsTest
Tests run: 4, Failures: 0, Errors: 0, Skipped: 0, Time elapsed: 0.635 sec
Running org.apache.ibatis.submitted.simplelistparameter.SimpleListParameterTest
Tests run: 1, Failures: 0, Errors: 0, Skipped: 0, Time elapsed: 0.645 sec
Running org.apache.ibatis.submitted.nested_query_cache.NestedQueryCacheTest
Tests run: 2, Failures: 0, Errors: 0, Skipped: 0, Time elapsed: 2.849 sec
Running org.apache.ibatis.submitted.typehandler.TypeHandlerTest
Tests run: 1, Failures: 0, Errors: 0, Skipped: 0, Time elapsed: 0.637 sec
Running org.apache.ibatis.submitted.primitives.PrimitivesTest
Tests run: 1, Failures: 0, Errors: 0, Skipped: 0, Time elapsed: 0.774 sec
Running org.apache.ibatis.submitted.rounding.RoundingHandlersTest
Tests run: 2, Failures: 0, Errors: 0, Skipped: 0, Time elapsed: 0.782 sec
Running org.apache.ibatis.submitted.autodiscover.AutodiscoverTest
Tests run: 3, Failures: 0, Errors: 0, Skipped: 0, Time elapsed: 0.429 sec
Running org.apache.ibatis.submitted.inline_association_with_dot.InlineCollectionWithDotTest
Tests run: 2, Failures: 0, Errors: 0, Skipped: 0, Time elapsed: 0.792 sec
Running org.apache.ibatis.submitted.extend.ExtendTest
Tests run: 1, Failures: 0, Errors: 0, Skipped: 0, Time elapsed: 0.751 sec
Running org.apache.ibatis.submitted.foreach_map.ForEachMapTest
Tests run: 4, Failures: 0, Errors: 0, Skipped: 0, Time elapsed: 0.589 sec
Running org.apache.ibatis.submitted.complex_property.ComponentTest
Tests run: 1, Failures: 0, Errors: 0, Skipped: 0, Time elapsed: 0.57 sec
Running org.apache.ibatis.submitted.duplicate_resource_loaded.DuplicateResourceTest
Tests run: 1, Failures: 0, Errors: 0, Skipped: 0, Time elapsed: 2.47 sec
Running org.apache.ibatis.submitted.associationtype.AssociationTypeTest
Tests run: 1, Failures: 0, Errors: 0, Skipped: 0, Time elapsed: 0.688 sec
Running org.apache.ibatis.submitted.parent_childs.ParentChildTest
Tests run: 1, Failures: 0, Errors: 0, Skipped: 0, Time elapsed: 0.695 sec
Running org.apache.ibatis.submitted.not_null_column.NotNullColumnTest
Tests run: 8, Failures: 0, Errors: 0, Skipped: 0, Time elapsed: 0.589 sec
Running org.apache.ibatis.submitted.automatic_lazy_loading.AutomaticLazyLoadingTest
Tests run: 6, Failures: 0, Errors: 0, Skipped: 0, Time elapsed: 1.156 sec
Running org.apache.ibatis.submitted.awful_table.AwfulTableTest
Tests run: 1, Failures: 0, Errors: 0, Skipped: 0, Time elapsed: 0.633 sec
Running org.apache.ibatis.submitted.xml_external_ref.MultipleCrossIncludeTest
Tests run: 3, Failures: 0, Errors: 0, Skipped: 0, Time elapsed: 0.647 sec
Running org.apache.ibatis.submitted.xml_external_ref.SameIdTest
Tests run: 2, Failures: 0, Errors: 0, Skipped: 0, Time elapsed: 0.644 sec
Running org.apache.ibatis.submitted.xml_external_ref.XmlExternalRefTest
Tests run: 5, Failures: 0, Errors: 0, Skipped: 0, Time elapsed: 0.707 sec
Running org.apache.ibatis.submitted.xml_external_ref.MultipleReverseIncludeTest
Tests run: 2, Failures: 0, Errors: 0, Skipped: 0, Time elapsed: 0.594 sec
Running org.apache.ibatis.submitted.xml_external_ref.ShortNameTest
Tests run: 2, Failures: 0, Errors: 0, Skipped: 0, Time elapsed: 0.353 sec
Running org.apache.ibatis.submitted.xml_external_ref.ResultMapExtendsTest
Tests run: 2, Failures: 0, Errors: 0, Skipped: 0, Time elapsed: 0.673 sec
Running org.apache.ibatis.submitted.xml_external_ref.MultipleIncludeTest
Tests run: 2, Failures: 0, Errors: 0, Skipped: 0, Time elapsed: 0.555 sec
Running org.apache.ibatis.submitted.xml_external_ref.ReverseIncludeTest
Tests run: 2, Failures: 0, Errors: 0, Skipped: 0, Time elapsed: 0.654 sec
Running org.apache.ibatis.submitted.xml_external_ref.ResultMapReferenceTest
Tests run: 2, Failures: 0, Errors: 0, Skipped: 0, Time elapsed: 0.743 sec
Running org.apache.ibatis.submitted.xml_external_ref.ParameterMapReferenceTest
Tests run: 2, Failures: 0, Errors: 0, Skipped: 0, Time elapsed: 0.66 sec
Running org.apache.ibatis.submitted.xml_external_ref.NonFullyQualifiedNamespaceTest
Tests run: 1, Failures: 0, Errors: 0, Skipped: 0, Time elapsed: 0.624 sec
Running org.apache.ibatis.submitted.includes.IncludeTest
Tests run: 1, Failures: 0, Errors: 0, Skipped: 0, Time elapsed: 0.706 sec
Running org.apache.ibatis.submitted.parent_reference_3level.BlogTest
Tests run: 4, Failures: 0, Errors: 0, Skipped: 0, Time elapsed: 0.57 sec
Running org.apache.ibatis.submitted.maptypehandler.MapTypeHandlerTest
Tests run: 2, Failures: 0, Errors: 0, Skipped: 0, Time elapsed: 0.656 sec
Running org.apache.ibatis.submitted.lazy_deserialize.LazyDeserializeTest
Tests run: 1, Failures: 0, Errors: 0, Skipped: 0, Time elapsed: 0.926 sec
Running org.apache.ibatis.submitted.lazy_immutable.ImmutablePOJOTest
Tests run: 1, Failures: 0, Errors: 0, Skipped: 0, Time elapsed: 0.529 sec
Running org.apache.ibatis.submitted.count.CountTest
Tests run: 1, Failures: 0, Errors: 0, Skipped: 0, Time elapsed: 0.691 sec
Running org.apache.ibatis.submitted.propertiesinmapperfiles.PropertiesInMappersTest
Tests run: 1, Failures: 0, Errors: 0, Skipped: 0, Time elapsed: 0.688 sec
Running org.apache.ibatis.submitted.camelcase.CamelCaseMappingTest
Tests run: 2, Failures: 0, Errors: 0, Skipped: 0, Time elapsed: 0.673 sec
Running org.apache.ibatis.submitted.null_associations.FooMapperTest
Tests run: 2, Failures: 0, Errors: 0, Skipped: 0, Time elapsed: 0.555 sec
Running org.apache.ibatis.submitted.foreach.ForEachTest
Tests run: 3, Failures: 0, Errors: 0, Skipped: 0, Time elapsed: 0.608 sec
Running org.apache.ibatis.submitted.parametrizedlist.ParametrizedListTest
Tests run: 4, Failures: 0, Errors: 0, Skipped: 0, Time elapsed: 0.78 sec
Running org.apache.ibatis.submitted.initialized_collection_property.AuthorDAOTest
Tests run: 2, Failures: 0, Errors: 0, Skipped: 1, Time elapsed: 0.686 sec
Running org.apache.ibatis.logging.LogFactoryTest
16:08:24.841 [main] DEBUG org.apache.ibatis.logging.LogFactory - Logging initialized using 'class org.apache.ibatis.logging.log4j2.Log4j2Impl' adapter.
16:08:24.842 [main] WARN  java.lang.Object - Warning message.
16:08:24.843 [main] DEBUG java.lang.Object - Debug message.
16:08:24.843 [main] ERROR java.lang.Object - Error message.
16:08:24.843 [main] ERROR java.lang.Object - Error with Exception.
java.lang.Exception: Test exception.
	at org.apache.ibatis.logging.LogFactoryTest.logSomething(LogFactoryTest.java:106) [test-classes/:?]
	at org.apache.ibatis.logging.LogFactoryTest.shouldUseLog4J2(LogFactoryTest.java:55) [test-classes/:?]
	at sun.reflect.NativeMethodAccessorImpl.invoke0(Native Method) ~[?:1.8.0_262]
	at sun.reflect.NativeMethodAccessorImpl.invoke(NativeMethodAccessorImpl.java:62) ~[?:1.8.0_262]
	at sun.reflect.DelegatingMethodAccessorImpl.invoke(DelegatingMethodAccessorImpl.java:43) ~[?:1.8.0_262]
	at java.lang.reflect.Method.invoke(Method.java:498) ~[?:1.8.0_262]
	at org.junit.runners.model.FrameworkMethod$1.runReflectiveCall(FrameworkMethod.java:47) [junit-4.11.jar:?]
	at org.junit.internal.runners.model.ReflectiveCallable.run(ReflectiveCallable.java:12) [junit-4.11.jar:?]
	at org.junit.runners.model.FrameworkMethod.invokeExplosively(FrameworkMethod.java:44) [junit-4.11.jar:?]
	at org.junit.internal.runners.statements.InvokeMethod.evaluate(InvokeMethod.java:17) [junit-4.11.jar:?]
	at org.junit.runners.ParentRunner.runLeaf(ParentRunner.java:271) [junit-4.11.jar:?]
	at org.junit.runners.BlockJUnit4ClassRunner.runChild(BlockJUnit4ClassRunner.java:70) [junit-4.11.jar:?]
	at org.junit.runners.BlockJUnit4ClassRunner.runChild(BlockJUnit4ClassRunner.java:50) [junit-4.11.jar:?]
	at org.junit.runners.ParentRunner$3.run(ParentRunner.java:238) [junit-4.11.jar:?]
	at org.junit.runners.ParentRunner$1.schedule(ParentRunner.java:63) [junit-4.11.jar:?]
	at org.junit.runners.ParentRunner.runChildren(ParentRunner.java:236) [junit-4.11.jar:?]
	at org.junit.runners.ParentRunner.access$000(ParentRunner.java:53) [junit-4.11.jar:?]
	at org.junit.runners.ParentRunner$2.evaluate(ParentRunner.java:229) [junit-4.11.jar:?]
	at org.junit.runners.ParentRunner.run(ParentRunner.java:309) [junit-4.11.jar:?]
	at org.apache.maven.surefire.junit4.JUnit4Provider.execute(JUnit4Provider.java:264) [surefire-junit4-2.13.jar:2.13]
	at org.apache.maven.surefire.junit4.JUnit4Provider.executeTestSet(JUnit4Provider.java:153) [surefire-junit4-2.13.jar:2.13]
	at org.apache.maven.surefire.junit4.JUnit4Provider.invoke(JUnit4Provider.java:124) [surefire-junit4-2.13.jar:2.13]
	at sun.reflect.NativeMethodAccessorImpl.invoke0(Native Method) ~[?:1.8.0_262]
	at sun.reflect.NativeMethodAccessorImpl.invoke(NativeMethodAccessorImpl.java:62) ~[?:1.8.0_262]
	at sun.reflect.DelegatingMethodAccessorImpl.invoke(DelegatingMethodAccessorImpl.java:43) ~[?:1.8.0_262]
	at java.lang.reflect.Method.invoke(Method.java:498) ~[?:1.8.0_262]
	at org.apache.maven.surefire.util.ReflectionUtils.invokeMethodWithArray2(ReflectionUtils.java:208) [surefire-api-2.13.jar:2.13]
	at org.apache.maven.surefire.booter.ProviderFactory$ProviderProxy.invoke(ProviderFactory.java:158) [surefire-booter-2.13.jar:2.13]
	at org.apache.maven.surefire.booter.ProviderFactory.invokeProvider(ProviderFactory.java:86) [surefire-booter-2.13.jar:2.13]
	at org.apache.maven.surefire.booter.ForkedBooter.runSuitesInProcess(ForkedBooter.java:153) [surefire-booter-2.13.jar:2.13]
	at org.apache.maven.surefire.booter.ForkedBooter.main(ForkedBooter.java:95) [surefire-booter-2.13.jar:2.13]
Logging initialized using 'class org.apache.ibatis.logging.stdout.StdOutImpl' adapter.
Warning message.
Debug message.
Error message.
Error with Exception.
java.lang.Exception: Test exception.
	at org.apache.ibatis.logging.LogFactoryTest.logSomething(LogFactoryTest.java:106)
	at org.apache.ibatis.logging.LogFactoryTest.shouldUseStdOut(LogFactoryTest.java:79)
	at sun.reflect.NativeMethodAccessorImpl.invoke0(Native Method)
	at sun.reflect.NativeMethodAccessorImpl.invoke(NativeMethodAccessorImpl.java:62)
	at sun.reflect.DelegatingMethodAccessorImpl.invoke(DelegatingMethodAccessorImpl.java:43)
	at java.lang.reflect.Method.invoke(Method.java:498)
	at org.junit.runners.model.FrameworkMethod$1.runReflectiveCall(FrameworkMethod.java:47)
	at org.junit.internal.runners.model.ReflectiveCallable.run(ReflectiveCallable.java:12)
	at org.junit.runners.model.FrameworkMethod.invokeExplosively(FrameworkMethod.java:44)
	at org.junit.internal.runners.statements.InvokeMethod.evaluate(InvokeMethod.java:17)
	at org.junit.runners.ParentRunner.runLeaf(ParentRunner.java:271)
	at org.junit.runners.BlockJUnit4ClassRunner.runChild(BlockJUnit4ClassRunner.java:70)
	at org.junit.runners.BlockJUnit4ClassRunner.runChild(BlockJUnit4ClassRunner.java:50)
	at org.junit.runners.ParentRunner$3.run(ParentRunner.java:238)
	at org.junit.runners.ParentRunner$1.schedule(ParentRunner.java:63)
	at org.junit.runners.ParentRunner.runChildren(ParentRunner.java:236)
	at org.junit.runners.ParentRunner.access$000(ParentRunner.java:53)
	at org.junit.runners.ParentRunner$2.evaluate(ParentRunner.java:229)
	at org.junit.runners.ParentRunner.run(ParentRunner.java:309)
	at org.apache.maven.surefire.junit4.JUnit4Provider.execute(JUnit4Provider.java:264)
	at org.apache.maven.surefire.junit4.JUnit4Provider.executeTestSet(JUnit4Provider.java:153)
	at org.apache.maven.surefire.junit4.JUnit4Provider.invoke(JUnit4Provider.java:124)
	at sun.reflect.NativeMethodAccessorImpl.invoke0(Native Method)
	at sun.reflect.NativeMethodAccessorImpl.invoke(NativeMethodAccessorImpl.java:62)
	at sun.reflect.DelegatingMethodAccessorImpl.invoke(DelegatingMethodAccessorImpl.java:43)
	at java.lang.reflect.Method.invoke(Method.java:498)
	at org.apache.maven.surefire.util.ReflectionUtils.invokeMethodWithArray2(ReflectionUtils.java:208)
	at org.apache.maven.surefire.booter.ProviderFactory$ProviderProxy.invoke(ProviderFactory.java:158)
	at org.apache.maven.surefire.booter.ProviderFactory.invokeProvider(ProviderFactory.java:86)
	at org.apache.maven.surefire.booter.ForkedBooter.runSuitesInProcess(ForkedBooter.java:153)
	at org.apache.maven.surefire.booter.ForkedBooter.main(ForkedBooter.java:95)
ERROR [main] - Error message.
ERROR [main] - Error with Exception.
java.lang.Exception: Test exception.
	at org.apache.ibatis.logging.LogFactoryTest.logSomething(LogFactoryTest.java:106)
	at org.apache.ibatis.logging.LogFactoryTest.shouldUseLog4J(LogFactoryTest.java:47)
	at sun.reflect.NativeMethodAccessorImpl.invoke0(Native Method)
	at sun.reflect.NativeMethodAccessorImpl.invoke(NativeMethodAccessorImpl.java:62)
	at sun.reflect.DelegatingMethodAccessorImpl.invoke(DelegatingMethodAccessorImpl.java:43)
	at java.lang.reflect.Method.invoke(Method.java:498)
	at org.junit.runners.model.FrameworkMethod$1.runReflectiveCall(FrameworkMethod.java:47)
	at org.junit.internal.runners.model.ReflectiveCallable.run(ReflectiveCallable.java:12)
	at org.junit.runners.model.FrameworkMethod.invokeExplosively(FrameworkMethod.java:44)
	at org.junit.internal.runners.statements.InvokeMethod.evaluate(InvokeMethod.java:17)
	at org.junit.runners.ParentRunner.runLeaf(ParentRunner.java:271)
	at org.junit.runners.BlockJUnit4ClassRunner.runChild(BlockJUnit4ClassRunner.java:70)
	at org.junit.runners.BlockJUnit4ClassRunner.runChild(BlockJUnit4ClassRunner.java:50)
	at org.junit.runners.ParentRunner$3.run(ParentRunner.java:238)
	at org.junit.runners.ParentRunner$1.schedule(ParentRunner.java:63)
	at org.junit.runners.ParentRunner.runChildren(ParentRunner.java:236)
	at org.junit.runners.ParentRunner.access$000(ParentRunner.java:53)
	at org.junit.runners.ParentRunner$2.evaluate(ParentRunner.java:229)
	at org.junit.runners.ParentRunner.run(ParentRunner.java:309)
	at org.apache.maven.surefire.junit4.JUnit4Provider.execute(JUnit4Provider.java:264)
	at org.apache.maven.surefire.junit4.JUnit4Provider.executeTestSet(JUnit4Provider.java:153)
	at org.apache.maven.surefire.junit4.JUnit4Provider.invoke(JUnit4Provider.java:124)
	at sun.reflect.NativeMethodAccessorImpl.invoke0(Native Method)
	at sun.reflect.NativeMethodAccessorImpl.invoke(NativeMethodAccessorImpl.java:62)
	at sun.reflect.DelegatingMethodAccessorImpl.invoke(DelegatingMethodAccessorImpl.java:43)
	at java.lang.reflect.Method.invoke(Method.java:498)
	at org.apache.maven.surefire.util.ReflectionUtils.invokeMethodWithArray2(ReflectionUtils.java:208)
	at org.apache.maven.surefire.booter.ProviderFactory$ProviderProxy.invoke(ProviderFactory.java:158)
	at org.apache.maven.surefire.booter.ProviderFactory.invokeProvider(ProviderFactory.java:86)
	at org.apache.maven.surefire.booter.ForkedBooter.runSuitesInProcess(ForkedBooter.java:153)
	at org.apache.maven.surefire.booter.ForkedBooter.main(ForkedBooter.java:95)
ERROR [main] - Error message.
ERROR [main] - Error with Exception.
java.lang.Exception: Test exception.
	at org.apache.ibatis.logging.LogFactoryTest.logSomething(LogFactoryTest.java:106)
	at org.apache.ibatis.logging.LogFactoryTest.shouldUseSlf4j(LogFactoryTest.java:71)
	at sun.reflect.NativeMethodAccessorImpl.invoke0(Native Method)
	at sun.reflect.NativeMethodAccessorImpl.invoke(NativeMethodAccessorImpl.java:62)
	at sun.reflect.DelegatingMethodAccessorImpl.invoke(DelegatingMethodAccessorImpl.java:43)
	at java.lang.reflect.Method.invoke(Method.java:498)
	at org.junit.runners.model.FrameworkMethod$1.runReflectiveCall(FrameworkMethod.java:47)
	at org.junit.internal.runners.model.ReflectiveCallable.run(ReflectiveCallable.java:12)
	at org.junit.runners.model.FrameworkMethod.invokeExplosively(FrameworkMethod.java:44)
	at org.junit.internal.runners.statements.InvokeMethod.evaluate(InvokeMethod.java:17)
	at org.junit.runners.ParentRunner.runLeaf(ParentRunner.java:271)
	at org.junit.runners.BlockJUnit4ClassRunner.runChild(BlockJUnit4ClassRunner.java:70)
	at org.junit.runners.BlockJUnit4ClassRunner.runChild(BlockJUnit4ClassRunner.java:50)
	at org.junit.runners.ParentRunner$3.run(ParentRunner.java:238)
	at org.junit.runners.ParentRunner$1.schedule(ParentRunner.java:63)
	at org.junit.runners.ParentRunner.runChildren(ParentRunner.java:236)
	at org.junit.runners.ParentRunner.access$000(ParentRunner.java:53)
	at org.junit.runners.ParentRunner$2.evaluate(ParentRunner.java:229)
	at org.junit.runners.ParentRunner.run(ParentRunner.java:309)
	at org.apache.maven.surefire.junit4.JUnit4Provider.execute(JUnit4Provider.java:264)
	at org.apache.maven.surefire.junit4.JUnit4Provider.executeTestSet(JUnit4Provider.java:153)
	at org.apache.maven.surefire.junit4.JUnit4Provider.invoke(JUnit4Provider.java:124)
	at sun.reflect.NativeMethodAccessorImpl.invoke0(Native Method)
	at sun.reflect.NativeMethodAccessorImpl.invoke(NativeMethodAccessorImpl.java:62)
	at sun.reflect.DelegatingMethodAccessorImpl.invoke(DelegatingMethodAccessorImpl.java:43)
	at java.lang.reflect.Method.invoke(Method.java:498)
	at org.apache.maven.surefire.util.ReflectionUtils.invokeMethodWithArray2(ReflectionUtils.java:208)
	at org.apache.maven.surefire.booter.ProviderFactory$ProviderProxy.invoke(ProviderFactory.java:158)
	at org.apache.maven.surefire.booter.ProviderFactory.invokeProvider(ProviderFactory.java:86)
	at org.apache.maven.surefire.booter.ForkedBooter.runSuitesInProcess(ForkedBooter.java:153)
	at org.apache.maven.surefire.booter.ForkedBooter.main(ForkedBooter.java:95)
Jul 30, 2020 4:08:24 PM org.apache.ibatis.logging.jdk14.Jdk14LoggingImpl warn
WARNING: Warning message.
Jul 30, 2020 4:08:24 PM org.apache.ibatis.logging.jdk14.Jdk14LoggingImpl error
SEVERE: Error message.
Jul 30, 2020 4:08:24 PM org.apache.ibatis.logging.jdk14.Jdk14LoggingImpl error
SEVERE: Error with Exception.
java.lang.Exception: Test exception.
	at org.apache.ibatis.logging.LogFactoryTest.logSomething(LogFactoryTest.java:106)
	at org.apache.ibatis.logging.LogFactoryTest.shouldUseJdKLogging(LogFactoryTest.java:63)
	at sun.reflect.NativeMethodAccessorImpl.invoke0(Native Method)
	at sun.reflect.NativeMethodAccessorImpl.invoke(NativeMethodAccessorImpl.java:62)
	at sun.reflect.DelegatingMethodAccessorImpl.invoke(DelegatingMethodAccessorImpl.java:43)
	at java.lang.reflect.Method.invoke(Method.java:498)
	at org.junit.runners.model.FrameworkMethod$1.runReflectiveCall(FrameworkMethod.java:47)
	at org.junit.internal.runners.model.ReflectiveCallable.run(ReflectiveCallable.java:12)
	at org.junit.runners.model.FrameworkMethod.invokeExplosively(FrameworkMethod.java:44)
	at org.junit.internal.runners.statements.InvokeMethod.evaluate(InvokeMethod.java:17)
	at org.junit.runners.ParentRunner.runLeaf(ParentRunner.java:271)
	at org.junit.runners.BlockJUnit4ClassRunner.runChild(BlockJUnit4ClassRunner.java:70)
	at org.junit.runners.BlockJUnit4ClassRunner.runChild(BlockJUnit4ClassRunner.java:50)
	at org.junit.runners.ParentRunner$3.run(ParentRunner.java:238)
	at org.junit.runners.ParentRunner$1.schedule(ParentRunner.java:63)
	at org.junit.runners.ParentRunner.runChildren(ParentRunner.java:236)
	at org.junit.runners.ParentRunner.access$000(ParentRunner.java:53)
	at org.junit.runners.ParentRunner$2.evaluate(ParentRunner.java:229)
	at org.junit.runners.ParentRunner.run(ParentRunner.java:309)
	at org.apache.maven.surefire.junit4.JUnit4Provider.execute(JUnit4Provider.java:264)
	at org.apache.maven.surefire.junit4.JUnit4Provider.executeTestSet(JUnit4Provider.java:153)
	at org.apache.maven.surefire.junit4.JUnit4Provider.invoke(JUnit4Provider.java:124)
	at sun.reflect.NativeMethodAccessorImpl.invoke0(Native Method)
	at sun.reflect.NativeMethodAccessorImpl.invoke(NativeMethodAccessorImpl.java:62)
	at sun.reflect.DelegatingMethodAccessorImpl.invoke(DelegatingMethodAccessorImpl.java:43)
	at java.lang.reflect.Method.invoke(Method.java:498)
	at org.apache.maven.surefire.util.ReflectionUtils.invokeMethodWithArray2(ReflectionUtils.java:208)
	at org.apache.maven.surefire.booter.ProviderFactory$ProviderProxy.invoke(ProviderFactory.java:158)
	at org.apache.maven.surefire.booter.ProviderFactory.invokeProvider(ProviderFactory.java:86)
	at org.apache.maven.surefire.booter.ForkedBooter.runSuitesInProcess(ForkedBooter.java:153)
	at org.apache.maven.surefire.booter.ForkedBooter.main(ForkedBooter.java:95)

ERROR [main] - Error message.
ERROR [main] - Error with Exception.
java.lang.Exception: Test exception.
	at org.apache.ibatis.logging.LogFactoryTest.logSomething(LogFactoryTest.java:106)
	at org.apache.ibatis.logging.LogFactoryTest.shouldUseCommonsLogging(LogFactoryTest.java:39)
	at sun.reflect.NativeMethodAccessorImpl.invoke0(Native Method)
	at sun.reflect.NativeMethodAccessorImpl.invoke(NativeMethodAccessorImpl.java:62)
	at sun.reflect.DelegatingMethodAccessorImpl.invoke(DelegatingMethodAccessorImpl.java:43)
	at java.lang.reflect.Method.invoke(Method.java:498)
	at org.junit.runners.model.FrameworkMethod$1.runReflectiveCall(FrameworkMethod.java:47)
	at org.junit.internal.runners.model.ReflectiveCallable.run(ReflectiveCallable.java:12)
	at org.junit.runners.model.FrameworkMethod.invokeExplosively(FrameworkMethod.java:44)
	at org.junit.internal.runners.statements.InvokeMethod.evaluate(InvokeMethod.java:17)
	at org.junit.runners.ParentRunner.runLeaf(ParentRunner.java:271)
	at org.junit.runners.BlockJUnit4ClassRunner.runChild(BlockJUnit4ClassRunner.java:70)
	at org.junit.runners.BlockJUnit4ClassRunner.runChild(BlockJUnit4ClassRunner.java:50)
	at org.junit.runners.ParentRunner$3.run(ParentRunner.java:238)
	at org.junit.runners.ParentRunner$1.schedule(ParentRunner.java:63)
	at org.junit.runners.ParentRunner.runChildren(ParentRunner.java:236)
	at org.junit.runners.ParentRunner.access$000(ParentRunner.java:53)
	at org.junit.runners.ParentRunner$2.evaluate(ParentRunner.java:229)
	at org.junit.runners.ParentRunner.run(ParentRunner.java:309)
	at org.apache.maven.surefire.junit4.JUnit4Provider.execute(JUnit4Provider.java:264)
	at org.apache.maven.surefire.junit4.JUnit4Provider.executeTestSet(JUnit4Provider.java:153)
	at org.apache.maven.surefire.junit4.JUnit4Provider.invoke(JUnit4Provider.java:124)
	at sun.reflect.NativeMethodAccessorImpl.invoke0(Native Method)
	at sun.reflect.NativeMethodAccessorImpl.invoke(NativeMethodAccessorImpl.java:62)
	at sun.reflect.DelegatingMethodAccessorImpl.invoke(DelegatingMethodAccessorImpl.java:43)
	at java.lang.reflect.Method.invoke(Method.java:498)
	at org.apache.maven.surefire.util.ReflectionUtils.invokeMethodWithArray2(ReflectionUtils.java:208)
	at org.apache.maven.surefire.booter.ProviderFactory$ProviderProxy.invoke(ProviderFactory.java:158)
	at org.apache.maven.surefire.booter.ProviderFactory.invokeProvider(ProviderFactory.java:86)
	at org.apache.maven.surefire.booter.ForkedBooter.runSuitesInProcess(ForkedBooter.java:153)
	at org.apache.maven.surefire.booter.ForkedBooter.main(ForkedBooter.java:95)
Tests run: 8, Failures: 0, Errors: 0, Skipped: 0, Time elapsed: 0.505 sec
Running org.apache.ibatis.logging.jdbc.ResultSetLoggerTest
Tests run: 2, Failures: 0, Errors: 0, Skipped: 0, Time elapsed: 0.284 sec
Running org.apache.ibatis.jdbc.SQLTest
Tests run: 8, Failures: 0, Errors: 0, Skipped: 0, Time elapsed: 0.063 sec
Running org.apache.ibatis.jdbc.SqlRunnerTest
Tests run: 6, Failures: 0, Errors: 0, Skipped: 0, Time elapsed: 2.645 sec
Running org.apache.ibatis.jdbc.SqlBuilderTest
Tests run: 5, Failures: 0, Errors: 0, Skipped: 0, Time elapsed: 0.107 sec
Running org.apache.ibatis.jdbc.PooledDataSourceTest
Tests run: 3, Failures: 0, Errors: 0, Skipped: 0, Time elapsed: 0.503 sec
Running org.apache.ibatis.jdbc.ScriptRunnerTest
Tests run: 5, Failures: 0, Errors: 0, Skipped: 1, Time elapsed: 0.912 sec
Running org.apache.ibatis.jdbc.SelectBuilderTest
Tests run: 5, Failures: 0, Errors: 0, Skipped: 0, Time elapsed: 0.049 sec
Running org.apache.ibatis.jdbc.NullTest
Tests run: 1, Failures: 0, Errors: 0, Skipped: 0, Time elapsed: 0.066 sec
Running org.apache.ibatis.io.ResourcesTest
Tests run: 18, Failures: 0, Errors: 0, Skipped: 0, Time elapsed: 0.092 sec
Running org.apache.ibatis.io.ExternalResourcesTest
Tests run: 4, Failures: 0, Errors: 0, Skipped: 0, Time elapsed: 0.169 sec
Running org.apache.ibatis.io.ClassLoaderWrapperTest
Tests run: 9, Failures: 0, Errors: 0, Skipped: 0, Time elapsed: 0.071 sec
Running org.apache.ibatis.datasource.unpooled.UnpooledDataSourceTest
Tests run: 2, Failures: 0, Errors: 0, Skipped: 1, Time elapsed: 0.419 sec
Running org.apache.ibatis.datasource.jndi.JndiDataSourceFactoryTest
Tests run: 1, Failures: 0, Errors: 0, Skipped: 0, Time elapsed: 0.133 sec

Results :

Tests run: 887, Failures: 0, Errors: 0, Skipped: 12

[INFO] 
[INFO] --- maven-pdf-plugin:1.2:pdf (pdf) @ mybatis ---
[INFO] Skipped report generation.
[WARNING] [FO Sink] Unknown Sink event: 'span', ignoring!
ERROR [org.apache.fop.fo.FONode:83] 2020-07-30 16:08:37,615 - Image not found: http://www.mybatis.org/images/logo.png
ERROR [org.apache.fop.render:1759] 2020-07-30 16:08:37,859 - Image not found: http://www.mybatis.org/images/logo.png
[INFO] 
[INFO] --- maven-jar-plugin:2.4:jar (default-jar) @ mybatis ---
[INFO] Building jar: /tmp/tmp6m29l2kr/mybatis-3/target/mybatis-3.2.6.jar
[INFO] 
[INFO] --- maven-site-plugin:3.3:attach-descriptor (attach-descriptor) @ mybatis ---
[INFO] 
[INFO] --- maven-assembly-plugin:3.2.0:single (default) @ mybatis ---
[INFO] Building jar: /tmp/tmp6m29l2kr/mybatis-3/target/mybatis-3.2.6-jar-with-dependencies.jar
[INFO] ------------------------------------------------------------------------
[INFO] BUILD SUCCESS
[INFO] ------------------------------------------------------------------------
[INFO] Total time:  04:13 min
[INFO] Finished at: 2020-07-30T16:08:45Z
[INFO] ------------------------------------------------------------------------
