[INFO] Error stacktraces are turned on.
[INFO] Scanning for projects...
[INFO] 
[INFO] ----------< com.github.rnewson.couchdb.lucene:couchdb-lucene >----------
[INFO] Building CouchDB Lucene 2.2.0-SNAPSHOT
[INFO] --------------------------------[ jar ]---------------------------------
[INFO] 
[INFO] --- jacoco-maven-plugin:0.8.5:prepare-agent (default) @ couchdb-lucene ---
[INFO] argLine set to -javaagent:/home/jdbl/.m2/repository/org/jacoco/org.jacoco.agent/0.8.5/org.jacoco.agent-0.8.5-runtime.jar=destfile=/tmp/tmpncxd1__l/couchdb-lucene/target/jacoco.exec
[INFO] 
[INFO] --- maven-resources-plugin:2.6:resources (default-resources) @ couchdb-lucene ---
[INFO] Using 'UTF-8' encoding to copy filtered resources.
[INFO] Copying 2 resources
[INFO] 
[INFO] --- maven-compiler-plugin:2.0.2:compile (default-compile) @ couchdb-lucene ---
[INFO] Compiling 32 source files to /tmp/tmpncxd1__l/couchdb-lucene/target/classes
[INFO] 
[INFO] --- maven-resources-plugin:2.6:testResources (default-testResources) @ couchdb-lucene ---
[INFO] Using 'UTF-8' encoding to copy filtered resources.
[INFO] Copying 5 resources
[INFO] 
[INFO] --- maven-compiler-plugin:2.0.2:testCompile (default-testCompile) @ couchdb-lucene ---
[INFO] Compiling 12 source files to /tmp/tmpncxd1__l/couchdb-lucene/target/test-classes
[INFO] 
[INFO] --- maven-surefire-plugin:2.19.1:test (default-test) @ couchdb-lucene ---
[INFO] Surefire report directory: /tmp/tmpncxd1__l/couchdb-lucene/target/surefire-reports

-------------------------------------------------------
 T E S T S
-------------------------------------------------------
Running com.github.rnewson.couchdb.lucene.CustomQueryParserTest
Tests run: 11, Failures: 0, Errors: 0, Skipped: 0, Time elapsed: 0.869 sec - in com.github.rnewson.couchdb.lucene.CustomQueryParserTest
Running com.github.rnewson.couchdb.lucene.TikaTest
Jul 30, 2020 8:10:57 PM org.apache.tika.config.InitializableProblemHandler$3 handleInitializableProblem
WARNING: J2KImageReader not loaded. JPEG2000 files will not be processed.
See https://pdfbox.apache.org/2.0/dependencies.html#jai-image-io
for optional dependencies.

Jul 30, 2020 8:10:57 PM org.apache.tika.config.InitializableProblemHandler$3 handleInitializableProblem
WARNING: org.xerial's sqlite-jdbc is not loaded.
Please provide the jar on your classpath to parse sqlite files.
See tika-parsers/pom.xml for the correct version.
2020-07-30 20:10:59,288 WARN [FileSystemFontProvider] New fonts found, font cache will be re-built
2020-07-30 20:10:59,289 WARN [FileSystemFontProvider] Building on-disk font cache, this may take a while
2020-07-30 20:10:59,308 WARN [FileSystemFontProvider] Finished building on-disk font cache, found 6 fonts
2020-07-30 20:10:59,309 WARN [PDType1Font] Using fallback font LiberationSans for base font Times-Roman
2020-07-30 20:10:59,311 WARN [PDType1Font] Using fallback font LiberationSans for base font Times-Bold
2020-07-30 20:10:59,333 WARN [PDType1Font] Using fallback font LiberationSans for base font Times-Italic
2020-07-30 20:10:59,334 WARN [PDType1Font] Using fallback font LiberationSans for base font Times-BoldItalic
2020-07-30 20:10:59,334 WARN [PDType1Font] Using fallback font LiberationSans for base font Helvetica
2020-07-30 20:10:59,334 WARN [PDType1Font] Using fallback font LiberationSans for base font Helvetica-Bold
2020-07-30 20:10:59,335 WARN [PDType1Font] Using fallback font LiberationSans for base font Helvetica-Oblique
2020-07-30 20:10:59,335 WARN [PDType1Font] Using fallback font LiberationSans for base font Helvetica-BoldOblique
2020-07-30 20:10:59,336 WARN [PDType1Font] Using fallback font LiberationSans for base font Courier
2020-07-30 20:10:59,336 WARN [PDType1Font] Using fallback font LiberationSans for base font Courier-Bold
2020-07-30 20:10:59,337 WARN [PDType1Font] Using fallback font LiberationSans for base font Courier-Oblique
2020-07-30 20:10:59,337 WARN [PDType1Font] Using fallback font LiberationSans for base font Courier-BoldOblique
2020-07-30 20:10:59,337 WARN [PDType1Font] Using fallback font LiberationSans for base font Symbol
2020-07-30 20:10:59,338 WARN [PDType1Font] Using fallback font LiberationSans for base font ZapfDingbats
Tests run: 3, Failures: 0, Errors: 0, Skipped: 0, Time elapsed: 4.479 sec - in com.github.rnewson.couchdb.lucene.TikaTest
Running com.github.rnewson.couchdb.lucene.util.UtilsTest
Tests run: 2, Failures: 0, Errors: 0, Skipped: 0, Time elapsed: 0 sec - in com.github.rnewson.couchdb.lucene.util.UtilsTest
Running com.github.rnewson.couchdb.lucene.util.AnalyzersTest
Tests run: 17, Failures: 0, Errors: 0, Skipped: 0, Time elapsed: 0.174 sec - in com.github.rnewson.couchdb.lucene.util.AnalyzersTest
Running com.github.rnewson.couchdb.lucene.DocumentConverterTest
2020-07-30 20:11:00,774 WARN [DocumentConverterTest] You can ignore the following exception stack trace.
2020-07-30 20:11:00,782 WARN [DocumentConverter] com.github.rnewson.couchdb.lucene.couchdb.CouchDocument@2415753a caused exception during conversion.
org.mozilla.javascript.JavaScriptException: [object Object]
	at org.mozilla.javascript.gen.unnamed_script_9._c_anonymous_0(unnamed script)
	at org.mozilla.javascript.gen.unnamed_script_9.call(unnamed script)
	at org.mozilla.javascript.ContextFactory.doTopCall(ContextFactory.java:394)
	at org.mozilla.javascript.ScriptRuntime.doTopCall(ScriptRuntime.java:3091)
	at org.mozilla.javascript.gen.unnamed_script_9.call(unnamed script)
	at com.github.rnewson.couchdb.lucene.DocumentConverter.convert(DocumentConverter.java:85)
	at com.github.rnewson.couchdb.lucene.DocumentConverterTest.testRuntimeException(DocumentConverterTest.java:170)
	at sun.reflect.NativeMethodAccessorImpl.invoke0(Native Method)
	at sun.reflect.NativeMethodAccessorImpl.invoke(NativeMethodAccessorImpl.java:62)
	at sun.reflect.DelegatingMethodAccessorImpl.invoke(DelegatingMethodAccessorImpl.java:43)
	at java.lang.reflect.Method.invoke(Method.java:498)
	at org.junit.runners.model.FrameworkMethod$1.runReflectiveCall(FrameworkMethod.java:44)
	at org.junit.internal.runners.model.ReflectiveCallable.run(ReflectiveCallable.java:15)
	at org.junit.runners.model.FrameworkMethod.invokeExplosively(FrameworkMethod.java:41)
	at org.junit.internal.runners.statements.InvokeMethod.evaluate(InvokeMethod.java:20)
	at org.junit.internal.runners.statements.RunBefores.evaluate(RunBefores.java:28)
	at org.junit.internal.runners.statements.RunAfters.evaluate(RunAfters.java:31)
	at org.junit.runners.BlockJUnit4ClassRunner.runChild(BlockJUnit4ClassRunner.java:73)
	at org.junit.runners.BlockJUnit4ClassRunner.runChild(BlockJUnit4ClassRunner.java:46)
	at org.junit.runners.ParentRunner.runChildren(ParentRunner.java:180)
	at org.junit.runners.ParentRunner.access$000(ParentRunner.java:41)
	at org.junit.runners.ParentRunner$1.evaluate(ParentRunner.java:173)
	at org.junit.internal.runners.statements.RunBefores.evaluate(RunBefores.java:28)
	at org.junit.internal.runners.statements.RunAfters.evaluate(RunAfters.java:31)
	at org.junit.runners.ParentRunner.run(ParentRunner.java:220)
	at org.apache.maven.surefire.junit4.JUnit4Provider.execute(JUnit4Provider.java:367)
	at org.apache.maven.surefire.junit4.JUnit4Provider.executeWithRerun(JUnit4Provider.java:274)
	at org.apache.maven.surefire.junit4.JUnit4Provider.executeTestSet(JUnit4Provider.java:238)
	at org.apache.maven.surefire.junit4.JUnit4Provider.invoke(JUnit4Provider.java:161)
	at org.apache.maven.surefire.booter.ForkedBooter.invokeProviderInSameClassLoader(ForkedBooter.java:290)
	at org.apache.maven.surefire.booter.ForkedBooter.runSuitesInProcess(ForkedBooter.java:242)
	at org.apache.maven.surefire.booter.ForkedBooter.main(ForkedBooter.java:121)
2020-07-30 20:11:00,882 WARN [DocumentConverterTest] You can ignore the preceding exception stack trace.
2020-07-30 20:11:00,893 ERROR [DocumentConverter] View code for View[name=null, digest=dqh3iqddvnip15afxe87i61dl] does not compile.
Tests run: 22, Failures: 0, Errors: 0, Skipped: 0, Time elapsed: 0.517 sec - in com.github.rnewson.couchdb.lucene.DocumentConverterTest
Running com.github.rnewson.couchdb.lucene.ConfigTest
2020-07-30 20:11:01,266 INFO [Config] Index output goes to: /tmp/tmpncxd1__l/couchdb-lucene/target/indexes
Tests run: 3, Failures: 0, Errors: 0, Skipped: 0, Time elapsed: 0.276 sec - in com.github.rnewson.couchdb.lucene.ConfigTest
Running com.github.rnewson.couchdb.lucene.couchdb.DesignDocumentTest
Tests run: 3, Failures: 0, Errors: 0, Skipped: 0, Time elapsed: 0.005 sec - in com.github.rnewson.couchdb.lucene.couchdb.DesignDocumentTest
Running com.github.rnewson.couchdb.lucene.couchdb.CouchDocumentTest
Tests run: 3, Failures: 0, Errors: 0, Skipped: 0, Time elapsed: 0.001 sec - in com.github.rnewson.couchdb.lucene.couchdb.CouchDocumentTest
Running com.github.rnewson.couchdb.lucene.couchdb.ViewTest
Tests run: 2, Failures: 0, Errors: 0, Skipped: 0, Time elapsed: 0 sec - in com.github.rnewson.couchdb.lucene.couchdb.ViewTest
Running com.github.rnewson.couchdb.lucene.couchdb.UpdateSequenceTest
Tests run: 3, Failures: 0, Errors: 0, Skipped: 0, Time elapsed: 0.022 sec - in com.github.rnewson.couchdb.lucene.couchdb.UpdateSequenceTest
Running com.github.rnewson.couchdb.lucene.JsonTest
Tests run: 1, Failures: 0, Errors: 0, Skipped: 0, Time elapsed: 0.002 sec - in com.github.rnewson.couchdb.lucene.JsonTest
Running com.github.rnewson.couchdb.lucene.PathPartsTest
Tests run: 3, Failures: 0, Errors: 0, Skipped: 0, Time elapsed: 0.004 sec - in com.github.rnewson.couchdb.lucene.PathPartsTest

Results :

Tests run: 73, Failures: 0, Errors: 0, Skipped: 0

[INFO] 
[INFO] --- jacoco-maven-plugin:0.8.5:report (report) @ couchdb-lucene ---
[INFO] Loading execution data file /tmp/tmpncxd1__l/couchdb-lucene/target/jacoco.exec
[INFO] Analyzed bundle 'CouchDB Lucene' with 188 classes
[INFO] ------------------------------------------------------------------------
[INFO] BUILD SUCCESS
[INFO] ------------------------------------------------------------------------
[INFO] Total time:  32.974 s
[INFO] Finished at: 2020-07-30T20:11:02Z
[INFO] ------------------------------------------------------------------------
