[INFO] Error stacktraces are turned on.
[INFO] Scanning for projects...
[INFO] 
[INFO] ----------------< com.github.kristofa:mock-http-server >----------------
[INFO] Building Mock and Proxy Http Server 4.2-SNAPSHOT
[INFO] --------------------------------[ jar ]---------------------------------
[INFO] 
[INFO] --- maven-enforcer-plugin:1.0:enforce (enforce-maven) @ mock-http-server ---
[INFO] 
[INFO] --- jacoco-maven-plugin:0.8.5:prepare-agent (default) @ mock-http-server ---
[INFO] argLine set to -javaagent:/home/jdbl/.m2/repository/org/jacoco/org.jacoco.agent/0.8.5/org.jacoco.agent-0.8.5-runtime.jar=destfile=/tmp/tmpirt7ezwt/mock-http-server/target/jacoco.exec
[INFO] 
[INFO] --- maven-resources-plugin:2.6:resources (default-resources) @ mock-http-server ---
[INFO] Using 'UTF-8' encoding to copy filtered resources.
[INFO] skip non existing resourceDirectory /tmp/tmpirt7ezwt/mock-http-server/src/main/resources
[INFO] Copying 0 resource
[INFO] 
[INFO] --- maven-compiler-plugin:2.5.1:compile (default-compile) @ mock-http-server ---
[INFO] Compiling 60 source files to /tmp/tmpirt7ezwt/mock-http-server/target/classes
[INFO] 
[INFO] --- maven-resources-plugin:2.6:testResources (default-testResources) @ mock-http-server ---
[INFO] Using 'UTF-8' encoding to copy filtered resources.
[INFO] Copying 0 resource
[INFO] Copying 22 resources
[INFO] 
[INFO] --- maven-compiler-plugin:2.5.1:testCompile (default-testCompile) @ mock-http-server ---
[INFO] Compiling 30 source files to /tmp/tmpirt7ezwt/mock-http-server/target/test-classes
[INFO] 
[INFO] --- maven-surefire-plugin:2.19.1:test (default-test) @ mock-http-server ---
[INFO] Surefire report directory: /tmp/tmpirt7ezwt/mock-http-server/target/surefire-reports

-------------------------------------------------------
 T E S T S
-------------------------------------------------------
Running com.github.kristofa.test.http.client.ApacheHttpClientResponseImplTest
Tests run: 6, Failures: 0, Errors: 0, Skipped: 0, Time elapsed: 0.457 sec - in com.github.kristofa.test.http.client.ApacheHttpClientResponseImplTest
Running com.github.kristofa.test.http.client.ApacheHttpClientImplTest
Tests run: 9, Failures: 0, Errors: 0, Skipped: 0, Time elapsed: 0.592 sec - in com.github.kristofa.test.http.client.ApacheHttpClientImplTest
Running com.github.kristofa.test.http.SimpleHttpResponseProviderTest
Tests run: 7, Failures: 0, Errors: 0, Skipped: 0, Time elapsed: 0.083 sec - in com.github.kristofa.test.http.SimpleHttpResponseProviderTest
Running com.github.kristofa.test.http.HttpResponseImplTest
Tests run: 6, Failures: 0, Errors: 0, Skipped: 0, Time elapsed: 0.005 sec - in com.github.kristofa.test.http.HttpResponseImplTest
Running com.github.kristofa.test.http.DefaultHttpResponseProviderTest
Tests run: 8, Failures: 0, Errors: 0, Skipped: 0, Time elapsed: 0.013 sec - in com.github.kristofa.test.http.DefaultHttpResponseProviderTest
Running com.github.kristofa.test.http.file.HttpRequestFileReaderTest
Tests run: 6, Failures: 0, Errors: 0, Skipped: 0, Time elapsed: 0.017 sec - in com.github.kristofa.test.http.file.HttpRequestFileReaderTest
Running com.github.kristofa.test.http.file.HttpRequestResponseFileLoggerTest
Tests run: 8, Failures: 0, Errors: 0, Skipped: 0, Time elapsed: 0.015 sec - in com.github.kristofa.test.http.file.HttpRequestResponseFileLoggerTest
Running com.github.kristofa.test.http.file.HttpResponseFileReaderImplTest
Tests run: 3, Failures: 0, Errors: 0, Skipped: 0, Time elapsed: 0.021 sec - in com.github.kristofa.test.http.file.HttpResponseFileReaderImplTest
Running com.github.kristofa.test.http.file.HttpRequestResponseFileLoggerFactoryTest
Tests run: 4, Failures: 0, Errors: 0, Skipped: 0, Time elapsed: 0.101 sec - in com.github.kristofa.test.http.file.HttpRequestResponseFileLoggerFactoryTest
Running com.github.kristofa.test.http.file.HttpRequestFileWriterTest
Tests run: 1, Failures: 0, Errors: 0, Skipped: 0, Time elapsed: 0.04 sec - in com.github.kristofa.test.http.file.HttpRequestFileWriterTest
Running com.github.kristofa.test.http.file.HttpResponseFileWriterImplTest
Tests run: 2, Failures: 0, Errors: 0, Skipped: 0, Time elapsed: 0.001 sec - in com.github.kristofa.test.http.file.HttpResponseFileWriterImplTest
Running com.github.kristofa.test.http.file.FileNameBuilderTest
Tests run: 1, Failures: 0, Errors: 0, Skipped: 0, Time elapsed: 0 sec - in com.github.kristofa.test.http.file.FileNameBuilderTest
Running com.github.kristofa.test.http.file.FileHttpResponseProviderTest
Tests run: 5, Failures: 0, Errors: 0, Skipped: 0, Time elapsed: 0.043 sec - in com.github.kristofa.test.http.file.FileHttpResponseProviderTest
Running com.github.kristofa.test.http.DefaultContentMatcherTest
Tests run: 6, Failures: 0, Errors: 0, Skipped: 0, Time elapsed: 0.001 sec - in com.github.kristofa.test.http.DefaultContentMatcherTest
Running com.github.kristofa.test.http.MockHttpServerTest
22:32:15,574 ERROR [Dispatcher-4] http.MockHttpServer$ExpectationHandler (MockHttpServer.java:68) - Did receive an unexpected request:Method: POST
Message Header: [Connection: Keep-Alive, Content-Length: 11, Content-Type: text/plain; charset=UTF-8, Host: localhost:43007, User-Agent: Apache-HttpClient/4.2.5 (java 1.5)]
Path: /test
Query Parameters: []
Content:
Hello World
22:32:15,664 ERROR [Dispatcher-2] http.MockHttpServer$ExpectationHandler (MockHttpServer.java:68) - Did receive an unexpected request:Method: GET
Message Header: [Connection: Keep-Alive, Host: localhost:43007, User-Agent: Apache-HttpClient/4.2.5 (java 1.5)]
Path: /bar
Query Parameters: []
Content:
null
22:32:15,674 ERROR [Dispatcher-3] http.MockHttpServer$ExpectationHandler (MockHttpServer.java:68) - Did receive an unexpected request:Method: GET
Message Header: [Connection: Keep-Alive, Host: localhost:43007, User-Agent: Apache-HttpClient/4.2.5 (java 1.5)]
Path: /bar
Query Parameters: []
Content:
null
Tests run: 18, Failures: 0, Errors: 0, Skipped: 0, Time elapsed: 1.078 sec - in com.github.kristofa.test.http.MockHttpServerTest
Running com.github.kristofa.test.http.HttpRequestImplTest
Tests run: 13, Failures: 0, Errors: 0, Skipped: 0, Time elapsed: 0 sec - in com.github.kristofa.test.http.HttpRequestImplTest
Running com.github.kristofa.test.http.PassthroughForwardHttpRequestBuilderTest
Tests run: 3, Failures: 0, Errors: 0, Skipped: 0, Time elapsed: 0.008 sec - in com.github.kristofa.test.http.PassthroughForwardHttpRequestBuilderTest
Running com.github.kristofa.test.http.PassthroughLoggingHttpProxyTest
Tests run: 1, Failures: 0, Errors: 0, Skipped: 0, Time elapsed: 0.004 sec - in com.github.kristofa.test.http.PassthroughLoggingHttpProxyTest
Running com.github.kristofa.test.http.LoggingHttpProxyTest
Tests run: 4, Failures: 0, Errors: 0, Skipped: 0, Time elapsed: 0.245 sec - in com.github.kristofa.test.http.LoggingHttpProxyTest
Running com.github.kristofa.test.http.HttpMessageHeaderFieldTest
Tests run: 1, Failures: 0, Errors: 0, Skipped: 0, Time elapsed: 0 sec - in com.github.kristofa.test.http.HttpMessageHeaderFieldTest
Running com.github.kristofa.test.http.UnsatisfiedExpectationExceptionTest
Tests run: 5, Failures: 0, Errors: 0, Skipped: 0, Time elapsed: 0.003 sec - in com.github.kristofa.test.http.UnsatisfiedExpectationExceptionTest
Running com.github.kristofa.test.http.QueryParameterTest
Tests run: 9, Failures: 0, Errors: 0, Skipped: 0, Time elapsed: 0.048 sec - in com.github.kristofa.test.http.QueryParameterTest
Running com.github.kristofa.test.http.HttpMessageHeaderTest
Tests run: 6, Failures: 0, Errors: 0, Skipped: 0, Time elapsed: 0.013 sec - in com.github.kristofa.test.http.HttpMessageHeaderTest
Running com.github.kristofa.test.http.AllExceptOriginalHeadersFilterTest
Tests run: 3, Failures: 0, Errors: 0, Skipped: 0, Time elapsed: 0 sec - in com.github.kristofa.test.http.AllExceptOriginalHeadersFilterTest
Running com.github.kristofa.test.http.FullHttpRequestImplTest
Tests run: 12, Failures: 0, Errors: 0, Skipped: 0, Time elapsed: 0 sec - in com.github.kristofa.test.http.FullHttpRequestImplTest
Running com.github.kristofa.test.http.AllExceptContentTypeHeaderFilterTest
Tests run: 8, Failures: 0, Errors: 0, Skipped: 0, Time elapsed: 0.002 sec - in com.github.kristofa.test.http.AllExceptContentTypeHeaderFilterTest
Running com.github.kristofa.test.http.DefaultHttpResponseProxyTest
Tests run: 4, Failures: 0, Errors: 0, Skipped: 0, Time elapsed: 0.009 sec - in com.github.kristofa.test.http.DefaultHttpResponseProxyTest
Running com.github.kristofa.test.http.MediaTypeTest
Tests run: 1, Failures: 0, Errors: 0, Skipped: 0, Time elapsed: 0 sec - in com.github.kristofa.test.http.MediaTypeTest

Results :

Tests run: 160, Failures: 0, Errors: 0, Skipped: 0

[INFO] 
[INFO] --- jacoco-maven-plugin:0.8.5:report (report) @ mock-http-server ---
[INFO] Loading execution data file /tmp/tmpirt7ezwt/mock-http-server/target/jacoco.exec
[INFO] Analyzed bundle 'Mock and Proxy Http Server' with 148 classes
[INFO] ------------------------------------------------------------------------
[INFO] BUILD SUCCESS
[INFO] ------------------------------------------------------------------------
[INFO] Total time:  15.170 s
[INFO] Finished at: 2020-07-30T22:32:17Z
[INFO] ------------------------------------------------------------------------
