[INFO] Error stacktraces are turned on.
[INFO] Scanning for projects...
[INFO] 
[INFO] ---------------------< com.codeu.chatapp:chatapp >----------------------
[INFO] Building chatapp 1.0-SNAPSHOT
[INFO] --------------------------------[ war ]---------------------------------
[INFO] 
[INFO] --- jacoco-maven-plugin:0.8.5:prepare-agent (default) @ chatapp ---
[INFO] argLine set to -javaagent:/home/jdbl/.m2/repository/org/jacoco/org.jacoco.agent/0.8.5/org.jacoco.agent-0.8.5-runtime.jar=destfile=/tmp/tmpfkgjr4dl/codeu_project_2018/target/jacoco.exec
[INFO] 
[INFO] --- maven-resources-plugin:2.6:resources (default-resources) @ chatapp ---
[INFO] Using 'UTF-8' encoding to copy filtered resources.
[INFO] skip non existing resourceDirectory /tmp/tmpfkgjr4dl/codeu_project_2018/src/main/resources
[INFO] 
[INFO] --- maven-compiler-plugin:3.1:compile (default-compile) @ chatapp ---
[INFO] Changes detected - recompiling the module!
[INFO] Compiling 14 source files to /tmp/tmpfkgjr4dl/codeu_project_2018/target/classes
[INFO] 
[INFO] --- maven-resources-plugin:2.6:testResources (default-testResources) @ chatapp ---
[INFO] Using 'UTF-8' encoding to copy filtered resources.
[INFO] skip non existing resourceDirectory /tmp/tmpfkgjr4dl/codeu_project_2018/src/test/resources
[INFO] 
[INFO] --- maven-compiler-plugin:3.1:testCompile (default-testCompile) @ chatapp ---
[INFO] Changes detected - recompiling the module!
[INFO] Compiling 12 source files to /tmp/tmpfkgjr4dl/codeu_project_2018/target/test-classes
[INFO] 
[INFO] --- maven-surefire-plugin:2.19.1:test (default-test) @ chatapp ---
[INFO] Surefire report directory: /tmp/tmpfkgjr4dl/codeu_project_2018/target/surefire-reports

-------------------------------------------------------
 T E S T S
-------------------------------------------------------
Running codeu.model.data.ConversationTest
Tests run: 1, Failures: 0, Errors: 0, Skipped: 0, Time elapsed: 0.388 sec - in codeu.model.data.ConversationTest
Running codeu.model.data.UserTest
Tests run: 1, Failures: 0, Errors: 0, Skipped: 0, Time elapsed: 0 sec - in codeu.model.data.UserTest
Running codeu.model.data.MessageTest
Tests run: 1, Failures: 0, Errors: 0, Skipped: 0, Time elapsed: 0 sec - in codeu.model.data.MessageTest
Running codeu.model.store.basic.MessageStoreTest
Tests run: 2, Failures: 0, Errors: 0, Skipped: 0, Time elapsed: 1.671 sec - in codeu.model.store.basic.MessageStoreTest
Running codeu.model.store.basic.ConversationStoreTest
Tests run: 5, Failures: 0, Errors: 0, Skipped: 0, Time elapsed: 0.005 sec - in codeu.model.store.basic.ConversationStoreTest
Running codeu.model.store.basic.UserStoreTest
Tests run: 7, Failures: 0, Errors: 0, Skipped: 0, Time elapsed: 0.004 sec - in codeu.model.store.basic.UserStoreTest
Running codeu.model.store.persistence.PersistentDataStoreTest
Jul 30, 2020 9:05:06 PM com.google.appengine.api.datastore.dev.LocalDatastoreService init
INFO: Local Datastore initialized: 
	Type: High Replication
	Storage: In-memory
Jul 30, 2020 9:05:07 PM com.google.appengine.api.datastore.dev.LocalDatastoreService init
INFO: Local Datastore initialized: 
	Type: High Replication
	Storage: In-memory
Jul 30, 2020 9:05:07 PM com.google.appengine.api.datastore.dev.LocalDatastoreService init
INFO: Local Datastore initialized: 
	Type: High Replication
	Storage: In-memory
Tests run: 3, Failures: 0, Errors: 0, Skipped: 0, Time elapsed: 1.369 sec - in codeu.model.store.persistence.PersistentDataStoreTest
Running codeu.model.store.persistence.PersistentStorageAgentTest
Tests run: 6, Failures: 0, Errors: 0, Skipped: 0, Time elapsed: 0.171 sec - in codeu.model.store.persistence.PersistentStorageAgentTest
Running codeu.controller.RegisterServletTest
Tests run: 4, Failures: 0, Errors: 0, Skipped: 0, Time elapsed: 0.911 sec - in codeu.controller.RegisterServletTest
Running codeu.controller.LoginServletTest
Tests run: 3, Failures: 0, Errors: 0, Skipped: 0, Time elapsed: 0.143 sec - in codeu.controller.LoginServletTest
Running codeu.controller.ConversationServletTest
User not found: test_username
Tests run: 6, Failures: 0, Errors: 0, Skipped: 0, Time elapsed: 0.094 sec - in codeu.controller.ConversationServletTest
Running codeu.controller.ChatServletTest
Conversation was null: bad_conversation
Tests run: 7, Failures: 0, Errors: 0, Skipped: 0, Time elapsed: 0.226 sec - in codeu.controller.ChatServletTest

Results :

Tests run: 46, Failures: 0, Errors: 0, Skipped: 0

[INFO] 
[INFO] --- jacoco-maven-plugin:0.8.5:report (report) @ chatapp ---
[INFO] Loading execution data file /tmp/tmpfkgjr4dl/codeu_project_2018/target/jacoco.exec
[INFO] Analyzed bundle 'chatapp' with 233 classes
[INFO] ------------------------------------------------------------------------
[INFO] BUILD SUCCESS
[INFO] ------------------------------------------------------------------------
[INFO] Total time:  23.079 s
[INFO] Finished at: 2020-07-30T21:05:10Z
[INFO] ------------------------------------------------------------------------
