[INFO] Error stacktraces are turned on.
[INFO] Scanning for projects...
[INFO] 
[INFO] ----------------------< org.jsoftware:tjconsole >-----------------------
[INFO] Building Text Java Console 1.8-SNAPSHOT
[INFO] --------------------------------[ jar ]---------------------------------
[INFO] 
[INFO] --- maven-enforcer-plugin:1.0:enforce (enforce-maven) @ tjconsole ---
[INFO] 
[INFO] --- jacoco-maven-plugin:0.8.5:prepare-agent (default) @ tjconsole ---
[INFO] argLine set to -javaagent:/home/jdbl/.m2/repository/org/jacoco/org.jacoco.agent/0.8.5/org.jacoco.agent-0.8.5-runtime.jar=destfile=/tmp/tmpsnrmoojt/tjconsole/target/jacoco.exec
[INFO] 
[INFO] --- maven-resources-plugin:2.7:resources (default-resources) @ tjconsole ---
[INFO] Using 'UTF-8' encoding to copy filtered resources.
[INFO] Copying 1 resource
[INFO] 
[INFO] --- maven-compiler-plugin:3.5.1:compile (default-compile) @ tjconsole ---
[INFO] Changes detected - recompiling the module!
[INFO] Compiling 33 source files to /tmp/tmpsnrmoojt/tjconsole/target/classes
[WARNING] bootstrap class path not set in conjunction with -source 1.6
[WARNING] /tmp/tmpsnrmoojt/tjconsole/src/main/java/org/jsoftware/tjconsole/TJConsole.java:[196,27] org.apache.commons.cli.OptionBuilder in org.apache.commons.cli has been deprecated
[WARNING] /tmp/tmpsnrmoojt/tjconsole/src/main/java/org/jsoftware/tjconsole/TJConsole.java:[197,27] org.apache.commons.cli.OptionBuilder in org.apache.commons.cli has been deprecated
[WARNING] /tmp/tmpsnrmoojt/tjconsole/src/main/java/org/jsoftware/tjconsole/TJConsole.java:[198,27] org.apache.commons.cli.OptionBuilder in org.apache.commons.cli has been deprecated
[WARNING] /tmp/tmpsnrmoojt/tjconsole/src/main/java/org/jsoftware/tjconsole/TJConsole.java:[199,27] org.apache.commons.cli.OptionBuilder in org.apache.commons.cli has been deprecated
[WARNING] /tmp/tmpsnrmoojt/tjconsole/src/main/java/org/jsoftware/tjconsole/TJConsole.java:[200,27] org.apache.commons.cli.OptionBuilder in org.apache.commons.cli has been deprecated
[WARNING] /tmp/tmpsnrmoojt/tjconsole/src/main/java/org/jsoftware/tjconsole/TJConsole.java:[201,27] org.apache.commons.cli.OptionBuilder in org.apache.commons.cli has been deprecated
[WARNING] /tmp/tmpsnrmoojt/tjconsole/src/main/java/org/jsoftware/tjconsole/TJConsole.java:[202,27] org.apache.commons.cli.OptionBuilder in org.apache.commons.cli has been deprecated
[WARNING] /tmp/tmpsnrmoojt/tjconsole/src/main/java/org/jsoftware/tjconsole/TJConsole.java:[203,27] org.apache.commons.cli.OptionBuilder in org.apache.commons.cli has been deprecated
[WARNING] /tmp/tmpsnrmoojt/tjconsole/src/main/java/org/jsoftware/tjconsole/TJConsole.java:[204,27] org.apache.commons.cli.OptionBuilder in org.apache.commons.cli has been deprecated
[WARNING] /tmp/tmpsnrmoojt/tjconsole/src/main/java/org/jsoftware/tjconsole/TJConsole.java:[205,27] org.apache.commons.cli.OptionBuilder in org.apache.commons.cli has been deprecated
[WARNING] /tmp/tmpsnrmoojt/tjconsole/src/main/java/org/jsoftware/tjconsole/TJConsole.java:[215,48] org.apache.commons.cli.GnuParser in org.apache.commons.cli has been deprecated
[WARNING] /tmp/tmpsnrmoojt/tjconsole/src/main/java/org/jsoftware/tjconsole/TJConsole.java:[295,33] shutdown() in jline.console.ConsoleReader has been deprecated
[INFO] 
[INFO] --- maven-resources-plugin:2.7:testResources (default-testResources) @ tjconsole ---
[INFO] Using 'UTF-8' encoding to copy filtered resources.
[INFO] skip non existing resourceDirectory /tmp/tmpsnrmoojt/tjconsole/src/test/resources
[INFO] 
[INFO] --- maven-compiler-plugin:3.5.1:testCompile (default-testCompile) @ tjconsole ---
[INFO] Changes detected - recompiling the module!
[INFO] Compiling 3 source files to /tmp/tmpsnrmoojt/tjconsole/target/test-classes
[WARNING] bootstrap class path not set in conjunction with -source 1.6
[INFO] 
[INFO] --- maven-surefire-plugin:2.19.1:test (default-test) @ tjconsole ---
[INFO] Surefire report directory: /tmp/tmpsnrmoojt/tjconsole/target/surefire-reports

-------------------------------------------------------
 T E S T S
-------------------------------------------------------
Running org.jsoftware.tjconsole.console.OutputTest
Tests run: 1, Failures: 0, Errors: 0, Skipped: 0, Time elapsed: 0.238 sec - in org.jsoftware.tjconsole.console.OutputTest
Running org.jsoftware.tjconsole.command.definition.InvokeOperationCommandTest
Tests run: 1, Failures: 0, Errors: 0, Skipped: 0, Time elapsed: 0 sec - in org.jsoftware.tjconsole.command.definition.InvokeOperationCommandTest
Running org.jsoftware.tjconsole.TJConsoleE2ETest
Jul 30, 2020 6:57:09 PM java.util.prefs.FileSystemPreferences$1 run
INFO: Created user preferences directory.
DATE_FORMAT = yyyy-MMM-dd
TRUST_STORE_PASSWORD = 
TRUST_STORE = /home/jdbl/.trustStore

Tests run: 9, Failures: 0, Errors: 0, Skipped: 0, Time elapsed: 0.372 sec - in org.jsoftware.tjconsole.TJConsoleE2ETest

Results :

Tests run: 11, Failures: 0, Errors: 0, Skipped: 0

[INFO] 
[INFO] --- jacoco-maven-plugin:0.8.5:report (report) @ tjconsole ---
[INFO] Loading execution data file /tmp/tmpsnrmoojt/tjconsole/target/jacoco.exec
[INFO] Analyzed bundle 'Text Java Console' with 159 classes
[INFO] ------------------------------------------------------------------------
[INFO] BUILD SUCCESS
[INFO] ------------------------------------------------------------------------
[INFO] Total time:  8.864 s
[INFO] Finished at: 2020-07-30T18:57:10Z
[INFO] ------------------------------------------------------------------------
