[INFO] Error stacktraces are turned on.
[INFO] Scanning for projects...
[INFO] 
[INFO] -------------------< org.apache.commons:commons-csv >-------------------
[INFO] Building Apache Commons CSV 1.4
[INFO] --------------------------------[ jar ]---------------------------------
[INFO] 
[INFO] --- maven-enforcer-plugin:1.4.1:enforce (enforce-maven-3) @ commons-csv ---
[INFO] 
[INFO] --- build-helper-maven-plugin:1.10:parse-version (parse-version) @ commons-csv ---
[INFO] 
[INFO] --- maven-antrun-plugin:1.8:run (javadoc.resources) @ commons-csv ---
[INFO] Executing tasks

main:
     [copy] Copying 2 files to /tmp/tmp50s7o2pf/commons-csv/target/apidocs/META-INF
[INFO] Executed tasks
[INFO] 
[INFO] --- maven-remote-resources-plugin:1.5:process (default) @ commons-csv ---
[INFO] 
[INFO] --- buildnumber-maven-plugin:1.4:create (default) @ commons-csv ---
[INFO] Executing: /bin/sh -c cd '/tmp/tmp50s7o2pf/commons-csv' && 'svn' '--non-interactive' 'info'
[INFO] Working directory: /tmp/tmp50s7o2pf/commons-csv
[INFO] Storing buildNumber: ?????? at timestamp: 1596124078206
[INFO] Executing: /bin/sh -c cd '/tmp/tmp50s7o2pf/commons-csv' && 'svn' '--non-interactive' 'info'
[INFO] Working directory: /tmp/tmp50s7o2pf/commons-csv
[INFO] Storing buildScmBranch: UNKNOWN_BRANCH
[INFO] 
[INFO] --- maven-resources-plugin:2.7:resources (default-resources) @ commons-csv ---
[INFO] Using 'UTF-8' encoding to copy filtered resources.
[INFO] skip non existing resourceDirectory /tmp/tmp50s7o2pf/commons-csv/src/main/resources
[INFO] Copying 2 resources to META-INF
[INFO] 
[INFO] --- maven-compiler-plugin:3.5.1:compile (default-compile) @ commons-csv ---
[INFO] Changes detected - recompiling the module!
[INFO] Compiling 11 source files to /tmp/tmp50s7o2pf/commons-csv/target/classes
[INFO] 
[INFO] --- maven-bundle-plugin:3.0.1:manifest (bundle-manifest) @ commons-csv ---
[INFO] 
[INFO] --- animal-sniffer-maven-plugin:1.15:check (checkAPIcompatibility) @ commons-csv ---
[INFO] Signature checking is skipped.
[INFO] 
[INFO] --- maven-resources-plugin:2.7:testResources (default-testResources) @ commons-csv ---
[INFO] Using 'UTF-8' encoding to copy filtered resources.
[INFO] Copying 12 resources
[INFO] Copying 2 resources to META-INF
[INFO] 
[INFO] --- maven-compiler-plugin:3.5.1:testCompile (default-testCompile) @ commons-csv ---
[INFO] Changes detected - recompiling the module!
[INFO] Compiling 16 source files to /tmp/tmp50s7o2pf/commons-csv/target/test-classes
[INFO] /tmp/tmp50s7o2pf/commons-csv/src/test/java/org/apache/commons/csv/CSVPrinterTest.java: /tmp/tmp50s7o2pf/commons-csv/src/test/java/org/apache/commons/csv/CSVPrinterTest.java uses or overrides a deprecated API.
[INFO] /tmp/tmp50s7o2pf/commons-csv/src/test/java/org/apache/commons/csv/CSVPrinterTest.java: Recompile with -Xlint:deprecation for details.
[INFO] 
[INFO] --- jacoco-maven-plugin:0.7.6.201602180812:prepare-agent (prepare-agent) @ commons-csv ---
[INFO] argLine set to -javaagent:/home/jdbl/.m2/repository/org/jacoco/org.jacoco.agent/0.7.6.201602180812/org.jacoco.agent-0.7.6.201602180812-runtime.jar=destfile=/tmp/tmp50s7o2pf/commons-csv/target/jacoco.exec
[INFO] 
[INFO] --- maven-surefire-plugin:2.19.1:test (default-test) @ commons-csv ---
[INFO] Surefire report directory: /tmp/tmp50s7o2pf/commons-csv/target/surefire-reports

-------------------------------------------------------
 T E S T S
-------------------------------------------------------
Running org.apache.commons.csv.CSVFileParserTest
Tests run: 12, Failures: 0, Errors: 0, Skipped: 0, Time elapsed: 0.575 sec - in org.apache.commons.csv.CSVFileParserTest
Running org.apache.commons.csv.LexerTest
Tests run: 26, Failures: 0, Errors: 0, Skipped: 0, Time elapsed: 0.049 sec - in org.apache.commons.csv.LexerTest
Running org.apache.commons.csv.CSVFormatTest
Tests run: 45, Failures: 0, Errors: 0, Skipped: 0, Time elapsed: 0.008 sec - in org.apache.commons.csv.CSVFormatTest
Running org.apache.commons.csv.CSVFormatPredefinedTest
Tests run: 5, Failures: 0, Errors: 0, Skipped: 0, Time elapsed: 0 sec - in org.apache.commons.csv.CSVFormatPredefinedTest
Running org.apache.commons.csv.AssertionsTest
Tests run: 2, Failures: 0, Errors: 0, Skipped: 0, Time elapsed: 0 sec - in org.apache.commons.csv.AssertionsTest
Running org.apache.commons.csv.TokenMatchersTest
Tests run: 4, Failures: 0, Errors: 0, Skipped: 0, Time elapsed: 0.013 sec - in org.apache.commons.csv.TokenMatchersTest
Running org.apache.commons.csv.CSVRecordTest
Tests run: 17, Failures: 0, Errors: 0, Skipped: 0, Time elapsed: 0.003 sec - in org.apache.commons.csv.CSVRecordTest
Running org.apache.commons.csv.ExtendedBufferedReaderTest
Tests run: 5, Failures: 0, Errors: 0, Skipped: 0, Time elapsed: 0.001 sec - in org.apache.commons.csv.ExtendedBufferedReaderTest
Running org.apache.commons.csv.CSVParserTest
Tests run: 67, Failures: 0, Errors: 0, Skipped: 3, Time elapsed: 0.076 sec - in org.apache.commons.csv.CSVParserTest
Running org.apache.commons.csv.bugs.JiraCsv167Test
Tests run: 1, Failures: 0, Errors: 0, Skipped: 0, Time elapsed: 0.002 sec - in org.apache.commons.csv.bugs.JiraCsv167Test
Running org.apache.commons.csv.bugs.JiraCsv164Test
Tests run: 2, Failures: 0, Errors: 0, Skipped: 0, Time elapsed: 0.001 sec - in org.apache.commons.csv.bugs.JiraCsv164Test
Running org.apache.commons.csv.CSVPrinterTest
Tests run: 61, Failures: 0, Errors: 0, Skipped: 4, Time elapsed: 5.423 sec - in org.apache.commons.csv.CSVPrinterTest

Results :

Tests run: 247, Failures: 0, Errors: 0, Skipped: 7

[INFO] 
[INFO] --- maven-jar-plugin:2.6:jar (default-jar) @ commons-csv ---
[INFO] Building jar: /tmp/tmp50s7o2pf/commons-csv/target/commons-csv-1.4.jar
[INFO] 
[INFO] --- maven-site-plugin:3.4:attach-descriptor (attach-descriptor) @ commons-csv ---
[INFO] 
[INFO] --- maven-assembly-plugin:3.2.0:single (default) @ commons-csv ---
[INFO] Reading assembly descriptor: src/assembly/src.xml
[INFO] Building tar: /tmp/tmp50s7o2pf/commons-csv/target/commons-csv-1.4-src.tar.gz
[INFO] Building zip: /tmp/tmp50s7o2pf/commons-csv/target/commons-csv-1.4-src.zip
[INFO] Building jar: /tmp/tmp50s7o2pf/commons-csv/target/commons-csv-1.4-jar-with-dependencies.jar
[INFO] ------------------------------------------------------------------------
[INFO] BUILD SUCCESS
[INFO] ------------------------------------------------------------------------
[INFO] Total time:  37.425 s
[INFO] Finished at: 2020-07-30T15:48:27Z
[INFO] ------------------------------------------------------------------------
