[INFO] Error stacktraces are turned on.
[INFO] Scanning for projects...
[INFO] 
[INFO] ---------------< org.geometrycommands:geometrycommands >----------------
[INFO] Building geometrycommands 0.7-SNAPSHOT
[INFO] --------------------------------[ jar ]---------------------------------
[INFO] 
[INFO] --- jacoco-maven-plugin:0.8.5:prepare-agent (default) @ geometrycommands ---
[INFO] argLine set to -javaagent:/home/jdbl/.m2/repository/org/jacoco/org.jacoco.agent/0.8.5/org.jacoco.agent-0.8.5-runtime.jar=destfile=/tmp/tmp0jrhhsw2/geometrycommands/target/jacoco.exec
[INFO] 
[INFO] --- maven-resources-plugin:2.6:resources (default-resources) @ geometrycommands ---
[WARNING] File encoding has not been set, using platform encoding UTF-8, i.e. build is platform dependent!
[WARNING] Using platform encoding (UTF-8 actually) to copy filtered resources, i.e. build is platform dependent!
[INFO] Copying 2 resources
[INFO] 
[INFO] --- maven-compiler-plugin:3.8.0:compile (default-compile) @ geometrycommands ---
[INFO] Changes detected - recompiling the module!
[WARNING] File encoding has not been set, using platform encoding UTF-8, i.e. build is platform dependent!
[INFO] Compiling 113 source files to /tmp/tmp0jrhhsw2/geometrycommands/target/classes
[INFO] /tmp/tmp0jrhhsw2/geometrycommands/src/main/java/org/geometrycommands/IsCounterClockwiseCommand.java: Some input files use or override a deprecated API.
[INFO] /tmp/tmp0jrhhsw2/geometrycommands/src/main/java/org/geometrycommands/IsCounterClockwiseCommand.java: Recompile with -Xlint:deprecation for details.
[INFO] /tmp/tmp0jrhhsw2/geometrycommands/src/main/java/org/geometrycommands/NodeCommand.java: Some input files use unchecked or unsafe operations.
[INFO] /tmp/tmp0jrhhsw2/geometrycommands/src/main/java/org/geometrycommands/NodeCommand.java: Recompile with -Xlint:unchecked for details.
[INFO] 
[INFO] --- maven-resources-plugin:2.6:testResources (default-testResources) @ geometrycommands ---
[WARNING] Using platform encoding (UTF-8 actually) to copy filtered resources, i.e. build is platform dependent!
[INFO] Copying 2 resources
[INFO] 
[INFO] --- maven-compiler-plugin:3.8.0:testCompile (default-testCompile) @ geometrycommands ---
[INFO] Changes detected - recompiling the module!
[WARNING] File encoding has not been set, using platform encoding UTF-8, i.e. build is platform dependent!
[INFO] Compiling 110 source files to /tmp/tmp0jrhhsw2/geometrycommands/target/test-classes
[INFO] /tmp/tmp0jrhhsw2/geometrycommands/src/test/java/org/geometrycommands/NearestPointsCommandTest.java: Some input files use or override a deprecated API.
[INFO] /tmp/tmp0jrhhsw2/geometrycommands/src/test/java/org/geometrycommands/NearestPointsCommandTest.java: Recompile with -Xlint:deprecation for details.
[INFO] 
[INFO] --- maven-surefire-plugin:2.19.1:test (default-test) @ geometrycommands ---
[INFO] Surefire report directory: /tmp/tmp0jrhhsw2/geometrycommands/target/surefire-reports

-------------------------------------------------------
 T E S T S
-------------------------------------------------------
Running org.geometrycommands.SpokeCommandTest
Tests run: 2, Failures: 0, Errors: 0, Skipped: 0, Time elapsed: 0.572 sec - in org.geometrycommands.SpokeCommandTest
Running org.geometrycommands.VersionCommandTest
Tests run: 2, Failures: 0, Errors: 0, Skipped: 0, Time elapsed: 0.002 sec - in org.geometrycommands.VersionCommandTest
Running org.geometrycommands.NormalizeCommandTest
Tests run: 2, Failures: 0, Errors: 0, Skipped: 0, Time elapsed: 0.012 sec - in org.geometrycommands.NormalizeCommandTest
Running org.geometrycommands.AppTest
Tests run: 7, Failures: 0, Errors: 0, Skipped: 0, Time elapsed: 0.172 sec - in org.geometrycommands.AppTest
Running org.geometrycommands.RectangleCommandTest
Tests run: 3, Failures: 0, Errors: 0, Skipped: 0, Time elapsed: 0.058 sec - in org.geometrycommands.RectangleCommandTest
Running org.geometrycommands.IsValidCommandTest
Tests run: 3, Failures: 0, Errors: 0, Skipped: 0, Time elapsed: 0.124 sec - in org.geometrycommands.IsValidCommandTest
Running org.geometrycommands.SimilarityCommandTest
Tests run: 3, Failures: 0, Errors: 0, Skipped: 0, Time elapsed: 0.12 sec - in org.geometrycommands.SimilarityCommandTest
Running org.geometrycommands.CountGeometriesCommandTest
Tests run: 2, Failures: 0, Errors: 0, Skipped: 0, Time elapsed: 0.003 sec - in org.geometrycommands.CountGeometriesCommandTest
Running org.geometrycommands.RandomCommandTest
Tests run: 4, Failures: 0, Errors: 0, Skipped: 0, Time elapsed: 0.081 sec - in org.geometrycommands.RandomCommandTest
Running org.geometrycommands.TextCommandTest
Tests run: 2, Failures: 0, Errors: 0, Skipped: 0, Time elapsed: 0.263 sec - in org.geometrycommands.TextCommandTest
Running org.geometrycommands.IsEmptyCommandTest
Tests run: 2, Failures: 0, Errors: 0, Skipped: 0, Time elapsed: 0.003 sec - in org.geometrycommands.IsEmptyCommandTest
Running org.geometrycommands.PointsAlongLineCommandTest
Tests run: 2, Failures: 0, Errors: 0, Skipped: 0, Time elapsed: 0.018 sec - in org.geometrycommands.PointsAlongLineCommandTest
Running org.geometrycommands.ScaleCommandTest
Tests run: 2, Failures: 0, Errors: 0, Skipped: 0, Time elapsed: 0.014 sec - in org.geometrycommands.ScaleCommandTest
Running org.geometrycommands.DelaunayTriangulationCommandTest
Tests run: 2, Failures: 0, Errors: 0, Skipped: 0, Time elapsed: 0.055 sec - in org.geometrycommands.DelaunayTriangulationCommandTest
Running org.geometrycommands.SineStarCommandTest
Tests run: 2, Failures: 0, Errors: 0, Skipped: 0, Time elapsed: 0.009 sec - in org.geometrycommands.SineStarCommandTest
Running org.geometrycommands.ProjectCommandTest
Tests run: 10, Failures: 0, Errors: 0, Skipped: 0, Time elapsed: 0.489 sec - in org.geometrycommands.ProjectCommandTest
Running org.geometrycommands.OptionsTest
Tests run: 1, Failures: 0, Errors: 0, Skipped: 0, Time elapsed: 0 sec - in org.geometrycommands.OptionsTest
Running org.geometrycommands.OverlapsCommandTest
Tests run: 2, Failures: 0, Errors: 0, Skipped: 0, Time elapsed: 0.015 sec - in org.geometrycommands.OverlapsCommandTest
Running org.geometrycommands.EnvelopeCommandTest
Tests run: 3, Failures: 0, Errors: 0, Skipped: 0, Time elapsed: 0.012 sec - in org.geometrycommands.EnvelopeCommandTest
Running org.geometrycommands.GridCommandTest
Tests run: 2, Failures: 0, Errors: 0, Skipped: 0, Time elapsed: 0.012 sec - in org.geometrycommands.GridCommandTest
Running org.geometrycommands.ConvexHullCommandTest
Tests run: 2, Failures: 0, Errors: 0, Skipped: 0, Time elapsed: 0.006 sec - in org.geometrycommands.ConvexHullCommandTest
Running org.geometrycommands.GeometryTypeCommandTest
Tests run: 2, Failures: 0, Errors: 0, Skipped: 0, Time elapsed: 0.012 sec - in org.geometrycommands.GeometryTypeCommandTest
Running org.geometrycommands.AreaCommandTest
Tests run: 3, Failures: 0, Errors: 0, Skipped: 0, Time elapsed: 0.014 sec - in org.geometrycommands.AreaCommandTest
Running org.geometrycommands.NearestPointsCommandTest
Tests run: 2, Failures: 0, Errors: 0, Skipped: 0, Time elapsed: 0.03 sec - in org.geometrycommands.NearestPointsCommandTest
Running org.geometrycommands.MinimumRectangleCommandTest
Tests run: 2, Failures: 0, Errors: 0, Skipped: 0, Time elapsed: 0.01 sec - in org.geometrycommands.MinimumRectangleCommandTest
Running org.geometrycommands.CreateManPagesTest
Tests run: 1, Failures: 0, Errors: 0, Skipped: 0, Time elapsed: 0.106 sec - in org.geometrycommands.CreateManPagesTest
Running org.geometrycommands.AsciiArtCommandTest
Tests run: 2, Failures: 0, Errors: 0, Skipped: 0, Time elapsed: 0.002 sec - in org.geometrycommands.AsciiArtCommandTest
Running org.geometrycommands.DistanceLineStringCommandTest
Tests run: 2, Failures: 0, Errors: 0, Skipped: 0, Time elapsed: 0.005 sec - in org.geometrycommands.DistanceLineStringCommandTest
Running org.geometrycommands.IntersectsCommandTest
Tests run: 2, Failures: 0, Errors: 0, Skipped: 0, Time elapsed: 0.018 sec - in org.geometrycommands.IntersectsCommandTest
Running org.geometrycommands.GetGeometryCommandTest
Tests run: 2, Failures: 0, Errors: 0, Skipped: 0, Time elapsed: 0 sec - in org.geometrycommands.GetGeometryCommandTest
Running org.geometrycommands.DrawCommandTest
Tests run: 4, Failures: 0, Errors: 0, Skipped: 0, Time elapsed: 0.482 sec - in org.geometrycommands.DrawCommandTest
Running org.geometrycommands.CoveredByCommandTest
Tests run: 2, Failures: 0, Errors: 0, Skipped: 0, Time elapsed: 0.002 sec - in org.geometrycommands.CoveredByCommandTest
Running org.geometrycommands.CreateBashCompleteTest
Tests run: 1, Failures: 0, Errors: 0, Skipped: 0, Time elapsed: 0.067 sec - in org.geometrycommands.CreateBashCompleteTest
Running org.geometrycommands.CombineCommandTest
Tests run: 2, Failures: 0, Errors: 0, Skipped: 0, Time elapsed: 0.004 sec - in org.geometrycommands.CombineCommandTest
Running org.geometrycommands.DistanceCommandTest
Tests run: 2, Failures: 0, Errors: 0, Skipped: 0, Time elapsed: 0.025 sec - in org.geometrycommands.DistanceCommandTest
Running org.geometrycommands.SuperCircleCommandTest
Tests run: 2, Failures: 0, Errors: 0, Skipped: 0, Time elapsed: 0.003 sec - in org.geometrycommands.SuperCircleCommandTest
Running org.geometrycommands.InterpolatePointCommandTest
Tests run: 3, Failures: 0, Errors: 0, Skipped: 0, Time elapsed: 0.006 sec - in org.geometrycommands.InterpolatePointCommandTest
Running org.geometrycommands.ReflectCommandTest
Tests run: 2, Failures: 0, Errors: 0, Skipped: 0, Time elapsed: 0.006 sec - in org.geometrycommands.ReflectCommandTest
Running org.geometrycommands.SquircleCommandTest
Tests run: 2, Failures: 0, Errors: 0, Skipped: 0, Time elapsed: 0.003 sec - in org.geometrycommands.SquircleCommandTest
Running org.geometrycommands.IntersectionCommandTest
Tests run: 2, Failures: 0, Errors: 0, Skipped: 0, Time elapsed: 0.017 sec - in org.geometrycommands.IntersectionCommandTest
Running org.geometrycommands.ArcCommandTest
Tests run: 2, Failures: 0, Errors: 0, Skipped: 0, Time elapsed: 0 sec - in org.geometrycommands.ArcCommandTest
Running org.geometrycommands.DimensionCommandTest
Tests run: 3, Failures: 0, Errors: 0, Skipped: 0, Time elapsed: 0 sec - in org.geometrycommands.DimensionCommandTest
Running org.geometrycommands.FromWkbCommandTest
Tests run: 2, Failures: 0, Errors: 0, Skipped: 0, Time elapsed: 0.009 sec - in org.geometrycommands.FromWkbCommandTest
Running org.geometrycommands.NodeCommandTest
Tests run: 2, Failures: 0, Errors: 0, Skipped: 0, Time elapsed: 0.019 sec - in org.geometrycommands.NodeCommandTest
Running org.geometrycommands.IsRingCommandTest
Tests run: 3, Failures: 0, Errors: 0, Skipped: 0, Time elapsed: 0.028 sec - in org.geometrycommands.IsRingCommandTest
Running org.geometrycommands.CrossesCommandTest
Tests run: 2, Failures: 0, Errors: 0, Skipped: 0, Time elapsed: 0.005 sec - in org.geometrycommands.CrossesCommandTest
Running org.geometrycommands.EqualsCommandTest
Tests run: 2, Failures: 0, Errors: 0, Skipped: 0, Time elapsed: 0.005 sec - in org.geometrycommands.EqualsCommandTest
Running org.geometrycommands.SubLineCommandTest
Tests run: 4, Failures: 0, Errors: 0, Skipped: 0, Time elapsed: 0.015 sec - in org.geometrycommands.SubLineCommandTest
Running org.geometrycommands.PrecisionReducerCommandTest
Tests run: 3, Failures: 0, Errors: 0, Skipped: 0, Time elapsed: 0.042 sec - in org.geometrycommands.PrecisionReducerCommandTest
Running org.geometrycommands.IsCounterClockwiseCommandTest
Tests run: 2, Failures: 0, Errors: 0, Skipped: 0, Time elapsed: 0.007 sec - in org.geometrycommands.IsCounterClockwiseCommandTest
Running org.geometrycommands.CloseLineStringCommandTest
Tests run: 5, Failures: 0, Errors: 0, Skipped: 0, Time elapsed: 0.015 sec - in org.geometrycommands.CloseLineStringCommandTest
Running org.geometrycommands.WithinCommandTest
Tests run: 2, Failures: 0, Errors: 0, Skipped: 0, Time elapsed: 0 sec - in org.geometrycommands.WithinCommandTest
Running org.geometrycommands.IsClosedCommandTest
Tests run: 3, Failures: 0, Errors: 0, Skipped: 0, Time elapsed: 0.002 sec - in org.geometrycommands.IsClosedCommandTest
Running org.geometrycommands.ListCommandTest
Tests run: 4, Failures: 0, Errors: 0, Skipped: 0, Time elapsed: 0.011 sec - in org.geometrycommands.ListCommandTest
Running org.geometrycommands.OctagonalEnvelopeCommandTest
Tests run: 2, Failures: 0, Errors: 0, Skipped: 0, Time elapsed: 0.028 sec - in org.geometrycommands.OctagonalEnvelopeCommandTest
Running org.geometrycommands.LineMergeCommandTest
Tests run: 2, Failures: 0, Errors: 0, Skipped: 0, Time elapsed: 0.042 sec - in org.geometrycommands.LineMergeCommandTest
Running org.geometrycommands.CoversCommandTest
Tests run: 2, Failures: 0, Errors: 0, Skipped: 0, Time elapsed: 0.006 sec - in org.geometrycommands.CoversCommandTest
Running org.geometrycommands.HelpCommandTest
Tests run: 2, Failures: 0, Errors: 0, Skipped: 0, Time elapsed: 0.006 sec - in org.geometrycommands.HelpCommandTest
Running org.geometrycommands.DisjointCommandTest
Tests run: 2, Failures: 0, Errors: 0, Skipped: 0, Time elapsed: 0.003 sec - in org.geometrycommands.DisjointCommandTest
Running org.geometrycommands.SliceCommandTest
Tests run: 4, Failures: 0, Errors: 0, Skipped: 0, Time elapsed: 0.017 sec - in org.geometrycommands.SliceCommandTest
Running org.geometrycommands.InteriorPointCommandTest
Tests run: 2, Failures: 0, Errors: 0, Skipped: 0, Time elapsed: 0.147 sec - in org.geometrycommands.InteriorPointCommandTest
Running org.geometrycommands.BufferCommandTest
Tests run: 2, Failures: 0, Errors: 0, Skipped: 0, Time elapsed: 0.022 sec - in org.geometrycommands.BufferCommandTest
Running org.geometrycommands.SymDifferenceCommandTest
Tests run: 2, Failures: 0, Errors: 0, Skipped: 0, Time elapsed: 0.012 sec - in org.geometrycommands.SymDifferenceCommandTest
Running org.geometrycommands.SierpinskiCarpetCommandTest
Tests run: 2, Failures: 0, Errors: 0, Skipped: 0, Time elapsed: 0.007 sec - in org.geometrycommands.SierpinskiCarpetCommandTest
Running org.geometrycommands.ContainsCommandTest
Tests run: 2, Failures: 0, Errors: 0, Skipped: 0, Time elapsed: 0.001 sec - in org.geometrycommands.ContainsCommandTest
Running org.geometrycommands.ArcPolygonCommandTest
Tests run: 2, Failures: 0, Errors: 0, Skipped: 0, Time elapsed: 0.003 sec - in org.geometrycommands.ArcPolygonCommandTest
Running org.geometrycommands.MinimumDiameterCommandTest
Tests run: 2, Failures: 0, Errors: 0, Skipped: 0, Time elapsed: 0.004 sec - in org.geometrycommands.MinimumDiameterCommandTest
Running org.geometrycommands.SnapCommandTest
Tests run: 2, Failures: 0, Errors: 0, Skipped: 0, Time elapsed: 0.028 sec - in org.geometrycommands.SnapCommandTest
Running org.geometrycommands.CentroidCommandTest
Tests run: 3, Failures: 0, Errors: 0, Skipped: 0, Time elapsed: 0.001 sec - in org.geometrycommands.CentroidCommandTest
Running org.geometrycommands.LocatePointCommandTest
Tests run: 3, Failures: 0, Errors: 0, Skipped: 0, Time elapsed: 0.008 sec - in org.geometrycommands.LocatePointCommandTest
Running org.geometrycommands.GetEndPointCommandTest
Tests run: 3, Failures: 0, Errors: 0, Skipped: 0, Time elapsed: 0.012 sec - in org.geometrycommands.GetEndPointCommandTest
Running org.geometrycommands.CreateDocsTest
Tests run: 1, Failures: 0, Errors: 0, Skipped: 0, Time elapsed: 0.016 sec - in org.geometrycommands.CreateDocsTest
Running org.geometrycommands.PolygonizeCommandTest
Tests run: 2, Failures: 0, Errors: 0, Skipped: 0, Time elapsed: 0.022 sec - in org.geometrycommands.PolygonizeCommandTest
Running org.geometrycommands.AngleCommandTest
Tests run: 3, Failures: 0, Errors: 0, Skipped: 0, Time elapsed: 0.012 sec - in org.geometrycommands.AngleCommandTest
Running org.geometrycommands.DifferenceCommandTest
Tests run: 2, Failures: 0, Errors: 0, Skipped: 0, Time elapsed: 0.023 sec - in org.geometrycommands.DifferenceCommandTest
Running org.geometrycommands.MortonCurveCommandTest
Tests run: 2, Failures: 0, Errors: 0, Skipped: 0, Time elapsed: 0.014 sec - in org.geometrycommands.MortonCurveCommandTest
Running org.geometrycommands.HilbertCurveCommandTest
Tests run: 2, Failures: 0, Errors: 0, Skipped: 0, Time elapsed: 0.023 sec - in org.geometrycommands.HilbertCurveCommandTest
Running org.geometrycommands.MinimumBoundingCircleCommandTest
Tests run: 2, Failures: 0, Errors: 0, Skipped: 0, Time elapsed: 0.022 sec - in org.geometrycommands.MinimumBoundingCircleCommandTest
Running org.geometrycommands.RotateCommandTest
Tests run: 4, Failures: 0, Errors: 0, Skipped: 0, Time elapsed: 0.001 sec - in org.geometrycommands.RotateCommandTest
Running org.geometrycommands.KochSnowflakeCommandTest
Tests run: 2, Failures: 0, Errors: 0, Skipped: 0, Time elapsed: 0.019 sec - in org.geometrycommands.KochSnowflakeCommandTest
Running org.geometrycommands.RelateCommandTest
Tests run: 2, Failures: 0, Errors: 0, Skipped: 0, Time elapsed: 0.008 sec - in org.geometrycommands.RelateCommandTest
Running org.geometrycommands.RandomWalkCommandTest
Tests run: 2, Failures: 0, Errors: 0, Skipped: 0, Time elapsed: 0.015 sec - in org.geometrycommands.RandomWalkCommandTest
Running org.geometrycommands.DensifyCommandTest
Tests run: 2, Failures: 0, Errors: 0, Skipped: 0, Time elapsed: 0.003 sec - in org.geometrycommands.DensifyCommandTest
Running org.geometrycommands.SimplifyCommandTest
Tests run: 3, Failures: 0, Errors: 0, Skipped: 0, Time elapsed: 0.052 sec - in org.geometrycommands.SimplifyCommandTest
Running org.geometrycommands.IsWithinDistanceCommandTest
Tests run: 2, Failures: 0, Errors: 0, Skipped: 0, Time elapsed: 0 sec - in org.geometrycommands.IsWithinDistanceCommandTest
Running org.geometrycommands.IsSimpleCommandTest
Tests run: 2, Failures: 0, Errors: 0, Skipped: 0, Time elapsed: 0 sec - in org.geometrycommands.IsSimpleCommandTest
Running org.geometrycommands.ShearCommandTest
Tests run: 2, Failures: 0, Errors: 0, Skipped: 0, Time elapsed: 0.002 sec - in org.geometrycommands.ShearCommandTest
Running org.geometrycommands.UnionCommandTest
Tests run: 2, Failures: 0, Errors: 0, Skipped: 0, Time elapsed: 0.016 sec - in org.geometrycommands.UnionCommandTest
Running org.geometrycommands.PlacePointCommandTest
Tests run: 3, Failures: 0, Errors: 0, Skipped: 0, Time elapsed: 0.005 sec - in org.geometrycommands.PlacePointCommandTest
Running org.geometrycommands.LineDissolverCommandTest
Tests run: 3, Failures: 0, Errors: 0, Skipped: 0, Time elapsed: 0.01 sec - in org.geometrycommands.LineDissolverCommandTest
Running org.geometrycommands.DumpCommandTest
Tests run: 2, Failures: 0, Errors: 0, Skipped: 0, Time elapsed: 0.001 sec - in org.geometrycommands.DumpCommandTest
Running org.geometrycommands.NarrowCommandTest
Tests run: 2, Failures: 0, Errors: 0, Skipped: 0, Time elapsed: 0.001 sec - in org.geometrycommands.NarrowCommandTest
Running org.geometrycommands.PointAtAngleCommandTest
Tests run: 2, Failures: 0, Errors: 0, Skipped: 0, Time elapsed: 0.002 sec - in org.geometrycommands.PointAtAngleCommandTest
Running org.geometrycommands.GetStartPointCommandTest
Tests run: 3, Failures: 0, Errors: 0, Skipped: 0, Time elapsed: 0.003 sec - in org.geometrycommands.GetStartPointCommandTest
Running org.geometrycommands.CountPointsCommandTest
Tests run: 2, Failures: 0, Errors: 0, Skipped: 0, Time elapsed: 0.001 sec - in org.geometrycommands.CountPointsCommandTest
Running org.geometrycommands.VoronoiDiagramCommandTest
Tests run: 2, Failures: 0, Errors: 0, Skipped: 0, Time elapsed: 0.019 sec - in org.geometrycommands.VoronoiDiagramCommandTest
Running org.geometrycommands.BoundaryCommandTest
Tests run: 2, Failures: 0, Errors: 0, Skipped: 0, Time elapsed: 0.002 sec - in org.geometrycommands.BoundaryCommandTest
Running org.geometrycommands.MinimumClearanceCommandTest
Tests run: 2, Failures: 0, Errors: 0, Skipped: 0, Time elapsed: 0.009 sec - in org.geometrycommands.MinimumClearanceCommandTest
Running org.geometrycommands.EllipseCommandTest
Tests run: 2, Failures: 0, Errors: 0, Skipped: 0, Time elapsed: 0.002 sec - in org.geometrycommands.EllipseCommandTest
Running org.geometrycommands.TouchesCommandTest
Tests run: 2, Failures: 0, Errors: 0, Skipped: 0, Time elapsed: 0.007 sec - in org.geometrycommands.TouchesCommandTest
Running org.geometrycommands.DrawBase64CommandTest
Tests run: 2, Failures: 0, Errors: 0, Skipped: 0, Time elapsed: 0.304 sec - in org.geometrycommands.DrawBase64CommandTest
Running org.geometrycommands.TranslateCommandTest
Tests run: 2, Failures: 0, Errors: 0, Skipped: 0, Time elapsed: 0.003 sec - in org.geometrycommands.TranslateCommandTest
Running org.geometrycommands.ReverseCommandTest
Tests run: 2, Failures: 0, Errors: 0, Skipped: 0, Time elapsed: 0.002 sec - in org.geometrycommands.ReverseCommandTest
Running org.geometrycommands.DiscreteHausdorffDistanceCommandTest
Tests run: 2, Failures: 0, Errors: 0, Skipped: 0, Time elapsed: 0.001 sec - in org.geometrycommands.DiscreteHausdorffDistanceCommandTest
Running org.geometrycommands.SplitCommandTest
Tests run: 2, Failures: 0, Errors: 0, Skipped: 0, Time elapsed: 0.016 sec - in org.geometrycommands.SplitCommandTest
Running org.geometrycommands.CoordinatesCommandTest
Tests run: 2, Failures: 0, Errors: 0, Skipped: 0, Time elapsed: 0 sec - in org.geometrycommands.CoordinatesCommandTest
Running org.geometrycommands.IsRectangleCommandTest
Tests run: 2, Failures: 0, Errors: 0, Skipped: 0, Time elapsed: 0.015 sec - in org.geometrycommands.IsRectangleCommandTest
Running org.geometrycommands.ToWkbCommandTest
Tests run: 2, Failures: 0, Errors: 0, Skipped: 0, Time elapsed: 0.008 sec - in org.geometrycommands.ToWkbCommandTest

Results :

Tests run: 258, Failures: 0, Errors: 0, Skipped: 0

[INFO] 
[INFO] --- jacoco-maven-plugin:0.8.5:report (report) @ geometrycommands ---
[INFO] Loading execution data file /tmp/tmp0jrhhsw2/geometrycommands/target/jacoco.exec
[INFO] Analyzed bundle 'geometrycommands' with 292 classes
[INFO] ------------------------------------------------------------------------
[INFO] BUILD SUCCESS
[INFO] ------------------------------------------------------------------------
[INFO] Total time:  17.530 s
[INFO] Finished at: 2020-07-30T20:42:39Z
[INFO] ------------------------------------------------------------------------
