[INFO] Error stacktraces are turned on.
[INFO] Scanning for projects...
[WARNING] 
[WARNING] Some problems were encountered while building the effective model for com.jfcorugedo.rserver:rjavaserver:jar:0.0.1-SNAPSHOT
[WARNING] 'build.plugins.plugin.(groupId:artifactId)' must be unique but found duplicate declaration of plugin org.apache.maven.plugins:maven-surefire-plugin @ line 199, column 15
[WARNING] 
[WARNING] It is highly recommended to fix these problems because they threaten the stability of your build.
[WARNING] 
[WARNING] For this reason, future Maven versions might no longer support building such malformed projects.
[WARNING] 
[INFO] 
[INFO] -----------------< com.jfcorugedo.rserver:rjavaserver >-----------------
[INFO] Building rjavaserver 0.0.1-SNAPSHOT
[INFO] --------------------------------[ jar ]---------------------------------
[INFO] 
[INFO] --- maven-enforcer-plugin:1.3.1:enforce (enforce-versions) @ rjavaserver ---
[INFO] 
[INFO] --- jacoco-maven-plugin:0.8.5:prepare-agent (default) @ rjavaserver ---
[INFO] argLine set to -javaagent:/home/jdbl/.m2/repository/org/jacoco/org.jacoco.agent/0.8.5/org.jacoco.agent-0.8.5-runtime.jar=destfile=/tmp/tmp5ipy9ox7/RJavaServer/target/jacoco.exec
[INFO] 
[INFO] --- maven-resources-plugin:2.6:resources (default-resources) @ rjavaserver ---
[INFO] Using 'UTF-8' encoding to copy filtered resources.
[INFO] Copying 1 resource
[INFO] Copying 2 resources
[INFO] 
[INFO] --- maven-compiler-plugin:3.1:compile (default-compile) @ rjavaserver ---
[INFO] Changes detected - recompiling the module!
[INFO] Compiling 18 source files to /tmp/tmp5ipy9ox7/RJavaServer/target/classes
[INFO] 
[INFO] --- maven-resources-plugin:2.6:testResources (default-testResources) @ rjavaserver ---
[INFO] Using 'UTF-8' encoding to copy filtered resources.
[INFO] Copying 1 resource
[INFO] 
[INFO] --- maven-compiler-plugin:3.1:testCompile (default-testCompile) @ rjavaserver ---
[INFO] Changes detected - recompiling the module!
[INFO] Compiling 15 source files to /tmp/tmp5ipy9ox7/RJavaServer/target/test-classes
[INFO] 
[INFO] --- maven-surefire-plugin:2.19.1:test (default-test) @ rjavaserver ---
[INFO] Surefire report directory: /tmp/tmp5ipy9ox7/RJavaServer/target/surefire-reports
[INFO] Using configured provider org.apache.maven.surefire.junitcore.JUnitCoreProvider
[INFO] parallel='none', perCoreThreadCount=true, threadCount=0, useUnlimitedThreads=false, threadCountSuites=0, threadCountClasses=0, threadCountMethods=0, parallelOptimized=true

-------------------------------------------------------
 T E S T S
-------------------------------------------------------
Running com.jfcorugedo.rserver.common.collection.CollectionUtilsTest
Tests run: 11, Failures: 0, Errors: 0, Skipped: 0, Time elapsed: 0.238 sec - in com.jfcorugedo.rserver.common.collection.CollectionUtilsTest
Running com.jfcorugedo.rserver.engine.JRIEngineProviderServiceTest
Tests run: 8, Failures: 0, Errors: 0, Skipped: 0, Time elapsed: 0.128 sec - in com.jfcorugedo.rserver.engine.JRIEngineProviderServiceTest
Running com.jfcorugedo.rserver.engine.RConnectionFactoryTest
Tests run: 1, Failures: 0, Errors: 0, Skipped: 0, Time elapsed: 0.002 sec - in com.jfcorugedo.rserver.engine.RConnectionFactoryTest
Running com.jfcorugedo.rserver.engine.REngineStdOutCallbackTest
Tests run: 4, Failures: 0, Errors: 0, Skipped: 0, Time elapsed: 0.006 sec - in com.jfcorugedo.rserver.engine.REngineStdOutCallbackTest
Running com.jfcorugedo.rserver.engine.RServeEngineProviderServiceTest
Tests run: 14, Failures: 0, Errors: 0, Skipped: 0, Time elapsed: 0.022 sec - in com.jfcorugedo.rserver.engine.RServeEngineProviderServiceTest
Running com.jfcorugedo.rserver.generalization.algorithm.ChiSquareTestImplTest
Tests run: 8, Failures: 0, Errors: 0, Skipped: 0, Time elapsed: 0.053 sec - in com.jfcorugedo.rserver.generalization.algorithm.ChiSquareTestImplTest
Running com.jfcorugedo.rserver.generalization.algorithm.KolmogorovSmirnovTestImplTest
Tests run: 4, Failures: 0, Errors: 0, Skipped: 0, Time elapsed: 0.015 sec - in com.jfcorugedo.rserver.generalization.algorithm.KolmogorovSmirnovTestImplTest
Running com.jfcorugedo.rserver.service.RControllerTest
Tests run: 8, Failures: 0, Errors: 0, Skipped: 0, Time elapsed: 0.01 sec - in com.jfcorugedo.rserver.service.RControllerTest
Running com.jfcorugedo.rserver.service.RServiceImplTest
Tests run: 12, Failures: 0, Errors: 0, Skipped: 0, Time elapsed: 0.012 sec - in com.jfcorugedo.rserver.service.RServiceImplTest

Results :

Tests run: 70, Failures: 0, Errors: 0, Skipped: 0

[INFO] 
[INFO] --- jacoco-maven-plugin:0.8.5:report (report) @ rjavaserver ---
[INFO] Skipping JaCoCo execution due to missing execution data file.
[INFO] ------------------------------------------------------------------------
[INFO] BUILD SUCCESS
[INFO] ------------------------------------------------------------------------
[INFO] Total time:  24.390 s
[INFO] Finished at: 2020-08-03T11:08:55Z
[INFO] ------------------------------------------------------------------------
