[INFO] Error stacktraces are turned on.
[INFO] Scanning for projects...
[INFO] 
[INFO] ---------------< com.brandwatch:kafka-broker-discovery >----------------
[INFO] Building Kafka broker discovery 0.0.1-SNAPSHOT
[INFO] --------------------------------[ jar ]---------------------------------
[INFO] 
[INFO] --- jacoco-maven-plugin:0.8.5:prepare-agent (default) @ kafka-broker-discovery ---
[INFO] argLine set to -javaagent:/home/jdbl/.m2/repository/org/jacoco/org.jacoco.agent/0.8.5/org.jacoco.agent-0.8.5-runtime.jar=destfile=/tmp/tmp9en012f3/kafka-broker-discovery/target/jacoco.exec
[INFO] 
[INFO] --- maven-resources-plugin:2.6:resources (default-resources) @ kafka-broker-discovery ---
[INFO] Using 'UTF-8' encoding to copy filtered resources.
[INFO] skip non existing resourceDirectory /tmp/tmp9en012f3/kafka-broker-discovery/src/main/resources
[INFO] 
[INFO] --- maven-compiler-plugin:3.1:compile (default-compile) @ kafka-broker-discovery ---
[INFO] Changes detected - recompiling the module!
[INFO] Compiling 8 source files to /tmp/tmp9en012f3/kafka-broker-discovery/target/classes
[INFO] 
[INFO] --- maven-resources-plugin:2.6:testResources (default-testResources) @ kafka-broker-discovery ---
[INFO] Using 'UTF-8' encoding to copy filtered resources.
[INFO] skip non existing resourceDirectory /tmp/tmp9en012f3/kafka-broker-discovery/src/test/resources
[INFO] 
[INFO] --- maven-compiler-plugin:3.1:testCompile (default-testCompile) @ kafka-broker-discovery ---
[INFO] Changes detected - recompiling the module!
[INFO] Compiling 4 source files to /tmp/tmp9en012f3/kafka-broker-discovery/target/test-classes
[INFO] 
[INFO] --- maven-surefire-plugin:2.19.1:test (default-test) @ kafka-broker-discovery ---
[INFO] Surefire report directory: /tmp/tmp9en012f3/kafka-broker-discovery/target/surefire-reports

-------------------------------------------------------
 T E S T S
-------------------------------------------------------
Running com.brandwatch.kafka.discovery.DataParserTest
Tests run: 15, Failures: 0, Errors: 0, Skipped: 0, Time elapsed: 0.152 sec - in com.brandwatch.kafka.discovery.DataParserTest
Running com.brandwatch.kafka.discovery.BrokerInfoFetcherTest
Tests run: 9, Failures: 0, Errors: 0, Skipped: 0, Time elapsed: 0.212 sec - in com.brandwatch.kafka.discovery.BrokerInfoFetcherTest
Running com.brandwatch.kafka.discovery.KafkaBrokerDiscovererTest
Tests run: 2, Failures: 0, Errors: 0, Skipped: 0, Time elapsed: 0.005 sec - in com.brandwatch.kafka.discovery.KafkaBrokerDiscovererTest
Running com.brandwatch.kafka.discovery.ConnectionStringCreatorTest
Tests run: 4, Failures: 0, Errors: 0, Skipped: 0, Time elapsed: 0.003 sec - in com.brandwatch.kafka.discovery.ConnectionStringCreatorTest

Results :

Tests run: 30, Failures: 0, Errors: 0, Skipped: 0

[INFO] 
[INFO] --- jacoco-maven-plugin:0.8.5:report (report) @ kafka-broker-discovery ---
[INFO] Loading execution data file /tmp/tmp9en012f3/kafka-broker-discovery/target/jacoco.exec
[INFO] Analyzed bundle 'Kafka broker discovery' with 29 classes
[INFO] ------------------------------------------------------------------------
[INFO] BUILD SUCCESS
[INFO] ------------------------------------------------------------------------
[INFO] Total time:  7.507 s
[INFO] Finished at: 2020-07-30T21:12:08Z
[INFO] ------------------------------------------------------------------------
