[INFO] Error stacktraces are turned on.
[INFO] Scanning for projects...
[INFO] 
[INFO] ------------------< com.floppylab:markdown2document >-------------------
[INFO] Building markdown2document 1.0.0
[INFO] --------------------------------[ jar ]---------------------------------
[INFO] 
[INFO] --- maven-checkstyle-plugin:3.1.1:check (validate) @ markdown2document ---
[INFO] Starting audit...
Audit done.
[INFO] You have 0 Checkstyle violations.
[INFO] 
[INFO] --- jacoco-maven-plugin:0.8.5:prepare-agent (default) @ markdown2document ---
[INFO] argLine set to -javaagent:/home/jdbl/.m2/repository/org/jacoco/org.jacoco.agent/0.8.5/org.jacoco.agent-0.8.5-runtime.jar=destfile=/tmp/tmpg0fmgsf4/markdown2document/target/jacoco.exec
[INFO] 
[INFO] --- maven-resources-plugin:2.6:resources (default-resources) @ markdown2document ---
[INFO] Using 'UTF-8' encoding to copy filtered resources.
[INFO] Copying 1 resource to resources
[INFO] 
[INFO] --- maven-compiler-plugin:3.1:compile (default-compile) @ markdown2document ---
[INFO] Changes detected - recompiling the module!
[INFO] Compiling 15 source files to /tmp/tmpg0fmgsf4/markdown2document/target/classes
[INFO] 
[INFO] --- maven-resources-plugin:2.6:testResources (default-testResources) @ markdown2document ---
[INFO] Using 'UTF-8' encoding to copy filtered resources.
[INFO] skip non existing resourceDirectory /tmp/tmpg0fmgsf4/markdown2document/src/test/resources
[INFO] 
[INFO] --- maven-compiler-plugin:3.1:testCompile (default-testCompile) @ markdown2document ---
[INFO] Changes detected - recompiling the module!
[INFO] Compiling 6 source files to /tmp/tmpg0fmgsf4/markdown2document/target/test-classes
[INFO] 
[INFO] --- maven-surefire-plugin:2.19.1:test (default-test) @ markdown2document ---
[INFO] Surefire report directory: /tmp/tmpg0fmgsf4/markdown2document/target/surefire-reports

-------------------------------------------------------
 T E S T S
-------------------------------------------------------
Running com.floppylab.markdown2document.domain.ContentTest
Tests run: 1, Failures: 0, Errors: 0, Skipped: 0, Time elapsed: 0.072 sec - in com.floppylab.markdown2document.domain.ContentTest
Running com.floppylab.markdown2document.AppTest
Tests run: 1, Failures: 0, Errors: 0, Skipped: 0, Time elapsed: 0 sec - in com.floppylab.markdown2document.AppTest
Running com.floppylab.markdown2document.generator.AddDefaultStyleTest
Jul 30, 2020 8:20:30 PM org.apache.pdfbox.pdmodel.font.FileSystemFontProvider loadDiskCache
WARNING: New fonts found, font cache will be re-built
Jul 30, 2020 8:20:30 PM org.apache.pdfbox.pdmodel.font.FileSystemFontProvider <init>
WARNING: Building on-disk font cache, this may take a while
Jul 30, 2020 8:20:30 PM org.apache.pdfbox.pdmodel.font.FileSystemFontProvider <init>
WARNING: Finished building on-disk font cache, found 6 fonts
Jul 30, 2020 8:20:30 PM org.apache.pdfbox.pdmodel.font.PDType1Font <init>
WARNING: Using fallback font LiberationSans for base font Times-Roman
Jul 30, 2020 8:20:30 PM org.apache.pdfbox.pdmodel.font.PDType1Font <init>
WARNING: Using fallback font LiberationSans for base font Times-Bold
Jul 30, 2020 8:20:30 PM org.apache.pdfbox.pdmodel.font.PDType1Font <init>
WARNING: Using fallback font LiberationSans for base font Times-Italic
Jul 30, 2020 8:20:30 PM org.apache.pdfbox.pdmodel.font.PDType1Font <init>
WARNING: Using fallback font LiberationSans for base font Times-BoldItalic
Jul 30, 2020 8:20:30 PM org.apache.pdfbox.pdmodel.font.PDType1Font <init>
WARNING: Using fallback font LiberationSans for base font Helvetica
Jul 30, 2020 8:20:30 PM org.apache.pdfbox.pdmodel.font.PDType1Font <init>
WARNING: Using fallback font LiberationSans for base font Helvetica-Bold
Jul 30, 2020 8:20:30 PM org.apache.pdfbox.pdmodel.font.PDType1Font <init>
WARNING: Using fallback font LiberationSans for base font Helvetica-Oblique
Jul 30, 2020 8:20:30 PM org.apache.pdfbox.pdmodel.font.PDType1Font <init>
WARNING: Using fallback font LiberationSans for base font Helvetica-BoldOblique
Jul 30, 2020 8:20:30 PM org.apache.pdfbox.pdmodel.font.PDType1Font <init>
WARNING: Using fallback font LiberationSans for base font Courier
Jul 30, 2020 8:20:30 PM org.apache.pdfbox.pdmodel.font.PDType1Font <init>
WARNING: Using fallback font LiberationSans for base font Courier-Bold
Jul 30, 2020 8:20:30 PM org.apache.pdfbox.pdmodel.font.PDType1Font <init>
WARNING: Using fallback font LiberationSans for base font Courier-Oblique
Jul 30, 2020 8:20:30 PM org.apache.pdfbox.pdmodel.font.PDType1Font <init>
WARNING: Using fallback font LiberationSans for base font Courier-BoldOblique
Jul 30, 2020 8:20:30 PM org.apache.pdfbox.pdmodel.font.PDType1Font <init>
WARNING: Using fallback font LiberationSans for base font Symbol
Jul 30, 2020 8:20:30 PM org.apache.pdfbox.pdmodel.font.PDType1Font <init>
WARNING: Using fallback font LiberationSans for base font ZapfDingbats
com.openhtmltopdf.load INFO:: SAX XMLReader in use (parser): com.sun.org.apache.xerces.internal.parsers.SAXParser
com.openhtmltopdf.load INFO:: SAX XMLReader in use (parser): com.sun.org.apache.xerces.internal.parsers.SAXParser
com.openhtmltopdf.load INFO:: Loaded document in ~10ms
com.openhtmltopdf.load INFO:: TIME: parse stylesheets  80ms
com.openhtmltopdf.match INFO:: media = print
com.openhtmltopdf.match INFO:: Matcher created with 159 selectors
com.openhtmltopdf.general INFO:: Using fast-mode renderer. Prepare to fly.
Tests run: 1, Failures: 0, Errors: 0, Skipped: 0, Time elapsed: 0.863 sec - in com.floppylab.markdown2document.generator.AddDefaultStyleTest
Running com.floppylab.markdown2document.generator.PdfGeneratorTest
com.openhtmltopdf.load INFO:: SAX XMLReader in use (parser): com.sun.org.apache.xerces.internal.parsers.SAXParser
com.openhtmltopdf.load INFO:: Loaded document in ~2ms
com.openhtmltopdf.load INFO:: TIME: parse stylesheets  0ms
com.openhtmltopdf.match INFO:: media = print
com.openhtmltopdf.match INFO:: Matcher created with 159 selectors
com.openhtmltopdf.general INFO:: Using fast-mode renderer. Prepare to fly.
Tests run: 2, Failures: 0, Errors: 0, Skipped: 0, Time elapsed: 0.014 sec - in com.floppylab.markdown2document.generator.PdfGeneratorTest
Running com.floppylab.markdown2document.util.ContentFactoryTest
Tests run: 3, Failures: 0, Errors: 0, Skipped: 0, Time elapsed: 0.106 sec - in com.floppylab.markdown2document.util.ContentFactoryTest
Running com.floppylab.markdown2document.util.HtmlAssemblerTest
Tests run: 2, Failures: 0, Errors: 0, Skipped: 0, Time elapsed: 0.01 sec - in com.floppylab.markdown2document.util.HtmlAssemblerTest

Results :

Tests run: 10, Failures: 0, Errors: 0, Skipped: 0

[INFO] 
[INFO] --- jacoco-maven-plugin:0.8.5:report (report) @ markdown2document ---
[INFO] Loading execution data file /tmp/tmpg0fmgsf4/markdown2document/target/jacoco.exec
[INFO] Analyzed bundle 'markdown2document' with 40 classes
[INFO] ------------------------------------------------------------------------
[INFO] BUILD SUCCESS
[INFO] ------------------------------------------------------------------------
[INFO] Total time:  30.936 s
[INFO] Finished at: 2020-07-30T20:20:31Z
[INFO] ------------------------------------------------------------------------
