[INFO] Error stacktraces are turned on.
[INFO] Scanning for projects...
[INFO] 
[INFO] ------------------------< net.seninp:jmotif-gi >------------------------
[INFO] Building jmotif-gi 1.0.2-SNAPSHOT
[INFO] --------------------------------[ jar ]---------------------------------
[INFO] 
[INFO] --- jacoco-maven-plugin:0.8.5:prepare-agent (default) @ jmotif-gi ---
[INFO] argLine set to -javaagent:/home/jdbl/.m2/repository/org/jacoco/org.jacoco.agent/0.8.5/org.jacoco.agent-0.8.5-runtime.jar=destfile=/tmp/tmppgisdbe8/GI/target/jacoco.exec
[INFO] 
[INFO] --- maven-resources-plugin:2.6:resources (default-resources) @ jmotif-gi ---
[INFO] Using 'UTF-8' encoding to copy filtered resources.
[INFO] Copying 1 resource
[INFO] 
[INFO] --- maven-compiler-plugin:3.3:compile (default-compile) @ jmotif-gi ---
[INFO] Changes detected - recompiling the module!
[INFO] Compiling 44 source files to /tmp/tmppgisdbe8/GI/target/classes
[INFO] 
[INFO] --- maven-resources-plugin:2.6:testResources (default-testResources) @ jmotif-gi ---
[INFO] Using 'UTF-8' encoding to copy filtered resources.
[INFO] skip non existing resourceDirectory /tmp/tmppgisdbe8/GI/src/test/resources
[INFO] 
[INFO] --- maven-compiler-plugin:3.3:testCompile (default-testCompile) @ jmotif-gi ---
[INFO] Changes detected - recompiling the module!
[INFO] Compiling 10 source files to /tmp/tmppgisdbe8/GI/target/test-classes
[INFO] 
[INFO] --- maven-surefire-plugin:2.19.1:test (default-test) @ jmotif-gi ---
[INFO] Surefire report directory: /tmp/tmppgisdbe8/GI/target/surefire-reports

-------------------------------------------------------
 T E S T S
-------------------------------------------------------
Running net.seninp.gi.sequitur.TestSequiturPaperGrammars
Number	Name	Level	Occurr.	Usage	Yield	Rule str	Expaneded	Indexes
 0	R0	0	0	0	0	R1 R2 R3 R4 R4 f 	a b a b c a b c d a b c d e a b c d e f	[]
 1	R1	1	5	2	2	a b 	a b 	[0, 2, 5, 9, 14]
 2	R2	1	4	2	3	R1 c 	a b c 	[2, 5, 9, 14]
 3	R3	1	3	2	4	R2 d 	a b c d 	[5, 9, 14]
 4	R4	1	2	2	5	R3 e 	a b c d e 	[9, 14]

 ---- 

R0 -> R1 R2 R3 R4 R4 f 
R1 -> a b  : a b, [0, 2, 5, 9, 14]
R2 -> R1 c  : a b c, [2, 5, 9, 14]
R3 -> R2 d  : a b c d, [5, 9, 14]
R4 -> R3 e  : a b c d e, [9, 14]

Tests run: 4, Failures: 0, Errors: 0, Skipped: 0, Time elapsed: 0.257 sec - in net.seninp.gi.sequitur.TestSequiturPaperGrammars
Running net.seninp.gi.sequitur.TestTSSequiturDecompositionNONE
Tests run: 1, Failures: 0, Errors: 0, Skipped: 0, Time elapsed: 0.01 sec - in net.seninp.gi.sequitur.TestTSSequiturDecompositionNONE
Running net.seninp.gi.logic.TestRoseGrammars
testing REPAIR with the string "a rose is a rose is a rose":

R0 -> R1 R2 R2  -> a rose is a rose is a rose
R1 -> a rose  -> a rose
R2 -> is R1  -> is a rose
 --end-- 

testing SEQUITUR with the string "a rose is a rose is a rose":

Number	Name	Level	Occurr.	Usage	Yield	Rule str	Expaneded	Indexes
 0	R0	0	0	0	0	R1 R1 R2 	a rose is a rose is a rose	[]
 1	R1	1	2	2	3	R2 is 	a rose is 	[0, 3]
 2	R2	1	2	2	2	a rose 	a rose 	[3, 6]

 --end-- 

Tests run: 2, Failures: 0, Errors: 0, Skipped: 0, Time elapsed: 0.004 sec - in net.seninp.gi.logic.TestRoseGrammars
Running net.seninp.gi.logic.TestGIUtils
Tests run: 4, Failures: 0, Errors: 0, Skipped: 0, Time elapsed: 0 sec - in net.seninp.gi.logic.TestGIUtils
Running net.seninp.gi.repair.TestRepairPaperGrammar
testing paper's grammar for the input string "abc abc cba cba bac XXX abc abc cba cba bac"
R0 -> R4 XXX R4  -> abc abc cba cba bac XXX abc abc cba cba bac
R1 -> cba cba  -> cba cba
R2 -> abc R1  -> abc cba cba
R3 -> R2 bac  -> abc cba cba bac
R4 -> abc R3  -> abc abc cba cba bac
Tests run: 1, Failures: 0, Errors: 0, Skipped: 0, Time elapsed: 0.001 sec - in net.seninp.gi.repair.TestRepairPaperGrammar
Running net.seninp.gi.repair.TestRepairDigramRecord
Tests run: 2, Failures: 0, Errors: 0, Skipped: 0, Time elapsed: 0 sec - in net.seninp.gi.repair.TestRepairDigramRecord
Running net.seninp.gi.repair.TestRePairDigramUtilization
Tests run: 1, Failures: 0, Errors: 0, Skipped: 0, Time elapsed: 0.054 sec - in net.seninp.gi.repair.TestRePairDigramUtilization
Running net.seninp.gi.repair.TestRepairPriorityQueue
Tests run: 6, Failures: 0, Errors: 0, Skipped: 0, Time elapsed: 0.001 sec - in net.seninp.gi.repair.TestRepairPriorityQueue
Running net.seninp.gi.repair.TestGrammarByDecompressing
Tests run: 1, Failures: 0, Errors: 0, Skipped: 0, Time elapsed: 0.039 sec - in net.seninp.gi.repair.TestGrammarByDecompressing
Running net.seninp.gi.rulepruner.TestRulePruner
Tests run: 1, Failures: 0, Errors: 0, Skipped: 0, Time elapsed: 0.004 sec - in net.seninp.gi.rulepruner.TestRulePruner

Results :

Tests run: 23, Failures: 0, Errors: 0, Skipped: 0

[INFO] 
[INFO] --- jacoco-maven-plugin:0.8.5:report (report) @ jmotif-gi ---
[INFO] Loading execution data file /tmp/tmppgisdbe8/GI/target/jacoco.exec
[INFO] Analyzed bundle 'jmotif-gi' with 301 classes
[INFO] ------------------------------------------------------------------------
[INFO] BUILD SUCCESS
[INFO] ------------------------------------------------------------------------
[INFO] Total time:  15.405 s
[INFO] Finished at: 2020-07-30T21:15:00Z
[INFO] ------------------------------------------------------------------------
