[INFO] Error stacktraces are turned on.
[INFO] Scanning for projects...
[INFO] 
[INFO] --------------< org.apache.sling:org.apache.sling.pipes >---------------
[INFO] Building Apache Sling Pipes 3.2.0-SNAPSHOT
[INFO] --------------------------------[ jar ]---------------------------------
[INFO] 
[INFO] --- maven-enforcer-plugin:3.0.0-M3:enforce (enforce-maven-version) @ org.apache.sling.pipes ---
[INFO] 
[INFO] --- maven-enforcer-plugin:3.0.0-M3:enforce (enforce-property-values) @ org.apache.sling.pipes ---
[INFO] 
[INFO] --- maven-enforcer-plugin:3.0.0-M3:enforce (enforce-java-version) @ org.apache.sling.pipes ---
[INFO] 
[INFO] --- maven-enforcer-plugin:3.0.0-M3:enforce (ban-maven-scr-plugin) @ org.apache.sling.pipes ---
[INFO] 
[INFO] --- maven-enforcer-plugin:3.0.0-M3:enforce (ban-felix-scr-annotations) @ org.apache.sling.pipes ---
[INFO] 
[INFO] --- maven-enforcer-plugin:3.0.0-M3:enforce (ban-maven-bundle-plugin) @ org.apache.sling.pipes ---
[INFO] 
[INFO] --- maven-enforcer-plugin:3.0.0-M3:enforce (ban-maven-sling-plugin) @ org.apache.sling.pipes ---
[INFO] 
[INFO] --- jacoco-maven-plugin:0.8.5:prepare-agent (default) @ org.apache.sling.pipes ---
[INFO] argLine set to -javaagent:/home/jdbl/.m2/repository/org/jacoco/org.jacoco.agent/0.8.5/org.jacoco.agent-0.8.5-runtime.jar=destfile=/tmp/tmpnzkkf2h0/sling-org-apache-sling-pipes/target/jacoco.exec
[INFO] 
[INFO] --- maven-remote-resources-plugin:1.7.0:process (process-resource-bundles) @ org.apache.sling.pipes ---
[INFO] Preparing remote bundle org.apache:apache-jar-resource-bundle:1.4
[INFO] Copying 3 resources from 1 bundle.
[INFO] 
[INFO] --- maven-remote-resources-plugin:1.7.0:process (remote-resources-custom-notice) @ org.apache.sling.pipes ---
[INFO] Preparing remote bundle org.apache.sling:apache-sling-jar-resource-bundle:1.0.0
[INFO] Preparing remote bundle org.apache:apache-jar-resource-bundle:1.4
[INFO] Copying 3 resources from 1 bundle.
[INFO] 
[INFO] --- depends-maven-plugin:1.4.0:generate-depends-file (generate-depends-file) @ org.apache.sling.pipes ---
[INFO] Created: /tmp/tmpnzkkf2h0/sling-org-apache-sling-pipes/target/classes/META-INF/maven/dependencies.properties
[INFO] 
[INFO] --- maven-resources-plugin:3.1.0:resources (default-resources) @ org.apache.sling.pipes ---
[INFO] Using 'UTF-8' encoding to copy filtered resources.
[INFO] skip non existing resourceDirectory /tmp/tmpnzkkf2h0/sling-org-apache-sling-pipes/src/main/resources
[INFO] Copying 3 resources
[INFO] Copying 3 resources
[INFO] 
[INFO] --- maven-compiler-plugin:3.8.1:compile (default-compile) @ org.apache.sling.pipes ---
[INFO] Changes detected - recompiling the module!
[INFO] Compiling 53 source files to /tmp/tmpnzkkf2h0/sling-org-apache-sling-pipes/target/classes
[INFO] /tmp/tmpnzkkf2h0/sling-org-apache-sling-pipes/src/main/java/org/apache/sling/pipes/internal/XPathPipe.java: Some input files use or override a deprecated API.
[INFO] /tmp/tmpnzkkf2h0/sling-org-apache-sling-pipes/src/main/java/org/apache/sling/pipes/internal/XPathPipe.java: Recompile with -Xlint:deprecation for details.
[INFO] /tmp/tmpnzkkf2h0/sling-org-apache-sling-pipes/src/main/java/org/apache/sling/pipes/internal/PackagePipe.java: Some input files use unchecked or unsafe operations.
[INFO] /tmp/tmpnzkkf2h0/sling-org-apache-sling-pipes/src/main/java/org/apache/sling/pipes/internal/PackagePipe.java: Recompile with -Xlint:unchecked for details.
[INFO] 
[INFO] --- animal-sniffer-maven-plugin:1.18:check (default) @ org.apache.sling.pipes ---
[INFO] Signature checking is skipped.
[INFO] 
[INFO] --- bnd-maven-plugin:5.0.0:bnd-process (bnd-process) @ org.apache.sling.pipes ---
[WARNING] /tmp/tmpnzkkf2h0/sling-org-apache-sling-pipes/bnd.bnd [0:0]: Export org.apache.sling.pipes,  has 3,  private references [org.apache.sling.pipes.internal, org.apache.sling.pipes.internal.inputstream, org.apache.sling.pipes.internal.slingquery]
[INFO] 
[INFO] --- maven-resources-plugin:3.1.0:testResources (default-testResources) @ org.apache.sling.pipes ---
[INFO] Using 'UTF-8' encoding to copy filtered resources.
[INFO] Copying 24 resources
[INFO] Copying 3 resources
[INFO] Copying 3 resources
[INFO] 
[INFO] --- maven-compiler-plugin:3.8.1:testCompile (default-testCompile) @ org.apache.sling.pipes ---
[INFO] Changes detected - recompiling the module!
[INFO] Compiling 36 source files to /tmp/tmpnzkkf2h0/sling-org-apache-sling-pipes/target/test-classes
[INFO] /tmp/tmpnzkkf2h0/sling-org-apache-sling-pipes/src/test/java/org/apache/sling/pipes/it/PipesTestSupport.java: /tmp/tmpnzkkf2h0/sling-org-apache-sling-pipes/src/test/java/org/apache/sling/pipes/it/PipesTestSupport.java uses or overrides a deprecated API.
[INFO] /tmp/tmpnzkkf2h0/sling-org-apache-sling-pipes/src/test/java/org/apache/sling/pipes/it/PipesTestSupport.java: Recompile with -Xlint:deprecation for details.
[INFO] /tmp/tmpnzkkf2h0/sling-org-apache-sling-pipes/src/test/java/org/apache/sling/pipes/models/PipeModelTest.java: Some input files use unchecked or unsafe operations.
[INFO] /tmp/tmpnzkkf2h0/sling-org-apache-sling-pipes/src/test/java/org/apache/sling/pipes/models/PipeModelTest.java: Recompile with -Xlint:unchecked for details.
[INFO] 
[INFO] --- maven-surefire-plugin:2.19.1:test (default-test) @ org.apache.sling.pipes ---
[INFO] Surefire report directory: /tmp/tmpnzkkf2h0/sling-org-apache-sling-pipes/target/surefire-reports

-------------------------------------------------------
 T E S T S
-------------------------------------------------------
Running org.apache.sling.pipes.models.PipeModelTest
SLF4J: Failed to load class "org.slf4j.impl.StaticLoggerBinder".
SLF4J: Defaulting to no-operation (NOP) logger implementation
SLF4J: See http://www.slf4j.org/codes.html#StaticLoggerBinder for further details.
Tests run: 2, Failures: 0, Errors: 0, Skipped: 0, Time elapsed: 2.529 sec - in org.apache.sling.pipes.models.PipeModelTest
Running org.apache.sling.pipes.ManifoldPipeTest
Tests run: 4, Failures: 0, Errors: 0, Skipped: 0, Time elapsed: 3.338 sec - in org.apache.sling.pipes.ManifoldPipeTest
Running org.apache.sling.pipes.BasePipeTest
Tests run: 5, Failures: 0, Errors: 0, Skipped: 0, Time elapsed: 0.372 sec - in org.apache.sling.pipes.BasePipeTest
Running org.apache.sling.pipes.PipeBuilderTest
Tests run: 8, Failures: 0, Errors: 0, Skipped: 0, Time elapsed: 0.42 sec - in org.apache.sling.pipes.PipeBuilderTest
Running org.apache.sling.pipes.PipeBindingsTest
Tests run: 8, Failures: 0, Errors: 0, Skipped: 0, Time elapsed: 0.749 sec - in org.apache.sling.pipes.PipeBindingsTest
Running org.apache.sling.pipes.ContainerPipeTest
Tests run: 7, Failures: 0, Errors: 0, Skipped: 0, Time elapsed: 0.461 sec - in org.apache.sling.pipes.ContainerPipeTest
Running org.apache.sling.pipes.internal.ACLPipeTest
Tests run: 6, Failures: 0, Errors: 0, Skipped: 1, Time elapsed: 2.721 sec - in org.apache.sling.pipes.internal.ACLPipeTest
Running org.apache.sling.pipes.internal.slingquery.ChildrenPipeTest
Tests run: 1, Failures: 0, Errors: 0, Skipped: 0, Time elapsed: 0.047 sec - in org.apache.sling.pipes.internal.slingquery.ChildrenPipeTest
Running org.apache.sling.pipes.internal.slingquery.SiblingsPipeTest
Tests run: 1, Failures: 0, Errors: 0, Skipped: 0, Time elapsed: 0.036 sec - in org.apache.sling.pipes.internal.slingquery.SiblingsPipeTest
Running org.apache.sling.pipes.internal.slingquery.ClosestPipeTest
Tests run: 1, Failures: 0, Errors: 0, Skipped: 0, Time elapsed: 0.03 sec - in org.apache.sling.pipes.internal.slingquery.ClosestPipeTest
Running org.apache.sling.pipes.internal.slingquery.ParentPipeTest
Tests run: 1, Failures: 0, Errors: 0, Skipped: 0, Time elapsed: 0.034 sec - in org.apache.sling.pipes.internal.slingquery.ParentPipeTest
Running org.apache.sling.pipes.internal.slingquery.ParentsPipeTest
Tests run: 1, Failures: 0, Errors: 0, Skipped: 0, Time elapsed: 0.042 sec - in org.apache.sling.pipes.internal.slingquery.ParentsPipeTest
Running org.apache.sling.pipes.internal.MultiPropertyPipeTest
Tests run: 2, Failures: 0, Errors: 0, Skipped: 0, Time elapsed: 0.088 sec - in org.apache.sling.pipes.internal.MultiPropertyPipeTest
Running org.apache.sling.pipes.internal.GogoCommandsTest
Tests run: 8, Failures: 0, Errors: 0, Skipped: 0, Time elapsed: 0.37 sec - in org.apache.sling.pipes.internal.GogoCommandsTest
Running org.apache.sling.pipes.internal.FilterPipeTest
Tests run: 9, Failures: 0, Errors: 0, Skipped: 0, Time elapsed: 0.771 sec - in org.apache.sling.pipes.internal.FilterPipeTest
Running org.apache.sling.pipes.internal.PlumberServletTest
Tests run: 9, Failures: 0, Errors: 0, Skipped: 0, Time elapsed: 1.141 sec - in org.apache.sling.pipes.internal.PlumberServletTest
Running org.apache.sling.pipes.internal.WritePipeTest
Tests run: 7, Failures: 0, Errors: 0, Skipped: 0, Time elapsed: 0.586 sec - in org.apache.sling.pipes.internal.WritePipeTest
Running org.apache.sling.pipes.internal.ShallowReferencePipeTest
Tests run: 1, Failures: 0, Errors: 0, Skipped: 0, Time elapsed: 0.114 sec - in org.apache.sling.pipes.internal.ShallowReferencePipeTest
Running org.apache.sling.pipes.internal.TraversePipeTest
Tests run: 6, Failures: 0, Errors: 0, Skipped: 1, Time elapsed: 0.534 sec - in org.apache.sling.pipes.internal.TraversePipeTest
Running org.apache.sling.pipes.internal.MovePipeTest
Tests run: 4, Failures: 0, Errors: 0, Skipped: 0, Time elapsed: 2.943 sec - in org.apache.sling.pipes.internal.MovePipeTest
Running org.apache.sling.pipes.internal.PathPipeTest
Tests run: 6, Failures: 0, Errors: 0, Skipped: 2, Time elapsed: 0.175 sec - in org.apache.sling.pipes.internal.PathPipeTest
Running org.apache.sling.pipes.internal.ReferencePipeTest
Tests run: 5, Failures: 0, Errors: 0, Skipped: 0, Time elapsed: 0.287 sec - in org.apache.sling.pipes.internal.ReferencePipeTest
Running org.apache.sling.pipes.internal.PackagePipeTest
Tests run: 1, Failures: 0, Errors: 0, Skipped: 1, Time elapsed: 0 sec - in org.apache.sling.pipes.internal.PackagePipeTest
Running org.apache.sling.pipes.internal.RemovePipeTest
Tests run: 3, Failures: 0, Errors: 0, Skipped: 0, Time elapsed: 0.161 sec - in org.apache.sling.pipes.internal.RemovePipeTest
Running org.apache.sling.pipes.internal.inputstream.RegexpPipeTest
Tests run: 3, Failures: 0, Errors: 0, Skipped: 0, Time elapsed: 0.296 sec - in org.apache.sling.pipes.internal.inputstream.RegexpPipeTest
Running org.apache.sling.pipes.internal.inputstream.JsonPipeTest
Tests run: 4, Failures: 0, Errors: 0, Skipped: 0, Time elapsed: 0.301 sec - in org.apache.sling.pipes.internal.inputstream.JsonPipeTest
Running org.apache.sling.pipes.internal.inputstream.CsvPipeTest
Tests run: 1, Failures: 0, Errors: 0, Skipped: 0, Time elapsed: 0.084 sec - in org.apache.sling.pipes.internal.inputstream.CsvPipeTest
Running org.apache.sling.pipes.internal.NotPipeTest
Tests run: 2, Failures: 0, Errors: 0, Skipped: 0, Time elapsed: 0.121 sec - in org.apache.sling.pipes.internal.NotPipeTest

Results :

Tests run: 116, Failures: 0, Errors: 0, Skipped: 5

[INFO] 
[INFO] --- jacoco-maven-plugin:0.8.5:report (report) @ org.apache.sling.pipes ---
[INFO] Loading execution data file /tmp/tmpnzkkf2h0/sling-org-apache-sling-pipes/target/jacoco.exec
[INFO] Analyzed bundle 'Apache Sling Pipes' with 280 classes
[INFO] ------------------------------------------------------------------------
[INFO] BUILD SUCCESS
[INFO] ------------------------------------------------------------------------
[INFO] Total time:  45.176 s
[INFO] Finished at: 2020-07-30T20:59:02Z
[INFO] ------------------------------------------------------------------------
