[INFO] Error stacktraces are turned on.
[INFO] Scanning for projects...
[INFO] Inspecting build with total of 1 modules...
[INFO] Installing Nexus Staging features:
[INFO]   ... total of 1 executions of maven-deploy-plugin replaced with nexus-staging-maven-plugin
[INFO] 
[INFO] -----------------------< me.geso:tinyvalidator >------------------------
[INFO] Building tinyvalidator 0.9.2-SNAPSHOT
[INFO] --------------------------------[ jar ]---------------------------------
[INFO] 
[INFO] --- jacoco-maven-plugin:0.8.5:prepare-agent (default) @ tinyvalidator ---
[INFO] argLine set to -javaagent:/home/jdbl/.m2/repository/org/jacoco/org.jacoco.agent/0.8.5/org.jacoco.agent-0.8.5-runtime.jar=destfile=/tmp/tmpwiv6q0m5/tinyvalidator/target/jacoco.exec
[INFO] 
[INFO] --- maven-resources-plugin:2.6:resources (default-resources) @ tinyvalidator ---
[INFO] Using 'UTF-8' encoding to copy filtered resources.
[INFO] skip non existing resourceDirectory /tmp/tmpwiv6q0m5/tinyvalidator/src/main/resources
[INFO] 
[INFO] --- maven-compiler-plugin:3.1:compile (default-compile) @ tinyvalidator ---
[INFO] Changes detected - recompiling the module!
[INFO] Compiling 20 source files to /tmp/tmpwiv6q0m5/tinyvalidator/target/classes
[INFO] 
[INFO] --- maven-resources-plugin:2.6:testResources (default-testResources) @ tinyvalidator ---
[INFO] Using 'UTF-8' encoding to copy filtered resources.
[INFO] skip non existing resourceDirectory /tmp/tmpwiv6q0m5/tinyvalidator/src/test/resources
[INFO] 
[INFO] --- maven-compiler-plugin:3.1:testCompile (default-testCompile) @ tinyvalidator ---
[INFO] Changes detected - recompiling the module!
[INFO] Compiling 13 source files to /tmp/tmpwiv6q0m5/tinyvalidator/target/test-classes
[INFO] 
[INFO] --- maven-surefire-plugin:2.19.1:test (default-test) @ tinyvalidator ---
[INFO] Surefire report directory: /tmp/tmpwiv6q0m5/tinyvalidator/target/surefire-reports

-------------------------------------------------------
 T E S T S
-------------------------------------------------------
Running me.geso.tinyvalidator.NestedTest
Tests run: 2, Failures: 0, Errors: 0, Skipped: 0, Time elapsed: 0.238 sec - in me.geso.tinyvalidator.NestedTest
Running me.geso.tinyvalidator.ArraysTest
Tests run: 2, Failures: 0, Errors: 0, Skipped: 0, Time elapsed: 0.001 sec - in me.geso.tinyvalidator.ArraysTest
Running me.geso.tinyvalidator.ListTest
Tests run: 2, Failures: 0, Errors: 0, Skipped: 0, Time elapsed: 0 sec - in me.geso.tinyvalidator.ListTest
Running me.geso.tinyvalidator.MapTest
Tests run: 2, Failures: 0, Errors: 0, Skipped: 0, Time elapsed: 0 sec - in me.geso.tinyvalidator.MapTest
Running me.geso.tinyvalidator.rules.SizeConstraintValidatorTest
[main] INFO me.geso.tinyvalidator.rules.SizeConstraintValidatorTest - HHA
Tests run: 13, Failures: 0, Errors: 0, Skipped: 0, Time elapsed: 0.001 sec - in me.geso.tinyvalidator.rules.SizeConstraintValidatorTest
Running me.geso.tinyvalidator.rules.PatternRuleTest
Tests run: 2, Failures: 0, Errors: 0, Skipped: 0, Time elapsed: 0.01 sec - in me.geso.tinyvalidator.rules.PatternRuleTest
Running me.geso.tinyvalidator.BeanDoesNotHaveAFieldTest
Tests run: 1, Failures: 0, Errors: 0, Skipped: 0, Time elapsed: 0.001 sec - in me.geso.tinyvalidator.BeanDoesNotHaveAFieldTest
Running me.geso.tinyvalidator.NumberTest
Tests run: 2, Failures: 0, Errors: 0, Skipped: 0, Time elapsed: 0.019 sec - in me.geso.tinyvalidator.NumberTest
Running me.geso.tinyvalidator.constraints.EmailTest
Tests run: 1, Failures: 0, Errors: 0, Skipped: 0, Time elapsed: 0.035 sec - in me.geso.tinyvalidator.constraints.EmailTest
Running me.geso.tinyvalidator.constraints.ValidatorTest
Tests run: 4, Failures: 0, Errors: 0, Skipped: 0, Time elapsed: 0 sec - in me.geso.tinyvalidator.constraints.ValidatorTest
Running me.geso.tinyvalidator.ValidatorTest
Tests run: 4, Failures: 0, Errors: 0, Skipped: 0, Time elapsed: 0 sec - in me.geso.tinyvalidator.ValidatorTest
Running me.geso.tinyvalidator.ConstraintViolationExceptionTest
Tests run: 1, Failures: 0, Errors: 0, Skipped: 0, Time elapsed: 0 sec - in me.geso.tinyvalidator.ConstraintViolationExceptionTest

Results :

Tests run: 36, Failures: 0, Errors: 0, Skipped: 0

[INFO] 
[INFO] --- jacoco-maven-plugin:0.8.5:report (report) @ tinyvalidator ---
[INFO] Loading execution data file /tmp/tmpwiv6q0m5/tinyvalidator/target/jacoco.exec
[INFO] Analyzed bundle 'tinyvalidator' with 751 classes
[INFO] ------------------------------------------------------------------------
[INFO] BUILD SUCCESS
[INFO] ------------------------------------------------------------------------
[INFO] Total time:  20.714 s
[INFO] Finished at: 2020-07-30T20:07:34Z
[INFO] ------------------------------------------------------------------------
