[INFO] Error stacktraces are turned on.
[INFO] Scanning for projects...
[WARNING] The project org.apache.commons:commons-dbcp2:jar:2.4.0 uses prerequisites which is only intended for maven-plugin projects but not for non maven-plugin projects. For such purposes you should use the maven-enforcer-plugin. See https://maven.apache.org/enforcer/enforcer-rules/requireMavenVersion.html
[INFO] 
[INFO] ------------------< org.apache.commons:commons-dbcp2 >------------------
[INFO] Building Apache Commons DBCP 2.4.0
[INFO] --------------------------------[ jar ]---------------------------------
[INFO] 
[INFO] --- maven-enforcer-plugin:3.0.0-M1:enforce (enforce-maven-version) @ commons-dbcp2 ---
[INFO] 
[INFO] --- maven-enforcer-plugin:3.0.0-M1:enforce (enforce-maven-3) @ commons-dbcp2 ---
[INFO] 
[INFO] --- build-helper-maven-plugin:3.0.0:parse-version (parse-version) @ commons-dbcp2 ---
[INFO] 
[INFO] --- maven-antrun-plugin:1.8:run (javadoc.resources) @ commons-dbcp2 ---
[INFO] Executing tasks

main:
     [copy] Copying 2 files to /tmp/tmpm5ymin23/commons-dbcp/target/apidocs/META-INF
[INFO] Executed tasks
[INFO] 
[INFO] --- maven-remote-resources-plugin:1.5:process (process-resource-bundles) @ commons-dbcp2 ---
[INFO] 
[INFO] --- buildnumber-maven-plugin:1.4:create (default) @ commons-dbcp2 ---
[INFO] Executing: /bin/sh -c cd '/tmp/tmpm5ymin23/commons-dbcp' && 'git' 'rev-parse' '--verify' 'HEAD'
[INFO] Working directory: /tmp/tmpm5ymin23/commons-dbcp
[INFO] Storing buildNumber: d7aa662fbbb99e536ae28c47d0c4e1d51e39d5b9 at timestamp: 1596447923933
[WARNING] Cannot get the branch information from the git repository: 
Detecting the current branch failed: fatal: ref HEAD is not a symbolic ref

[INFO] Executing: /bin/sh -c cd '/tmp/tmpm5ymin23/commons-dbcp' && 'git' 'rev-parse' '--verify' 'HEAD'
[INFO] Working directory: /tmp/tmpm5ymin23/commons-dbcp
[INFO] Storing buildScmBranch: UNKNOWN
[INFO] 
[INFO] --- maven-resources-plugin:3.0.2:resources (default-resources) @ commons-dbcp2 ---
[INFO] Using 'UTF-8' encoding to copy filtered resources.
[INFO] Copying 1 resource
[INFO] Copying 2 resources to META-INF
[INFO] 
[INFO] --- maven-compiler-plugin:3.7.0:compile (default-compile) @ commons-dbcp2 ---
[INFO] Changes detected - recompiling the module!
[INFO] Compiling 60 source files to /tmp/tmpm5ymin23/commons-dbcp/target/classes
[INFO] 
[INFO] --- maven-bundle-plugin:3.5.0:manifest (bundle-manifest) @ commons-dbcp2 ---
[INFO] 
[INFO] --- animal-sniffer-maven-plugin:1.16:check (checkAPIcompatibility) @ commons-dbcp2 ---
[INFO] Signature checking is skipped.
[INFO] 
[INFO] --- maven-resources-plugin:3.0.2:testResources (default-testResources) @ commons-dbcp2 ---
[INFO] Using 'UTF-8' encoding to copy filtered resources.
[INFO] skip non existing resourceDirectory /tmp/tmpm5ymin23/commons-dbcp/src/test/resources
[INFO] Copying 2 resources to META-INF
[INFO] 
[INFO] --- maven-compiler-plugin:3.7.0:testCompile (default-testCompile) @ commons-dbcp2 ---
[INFO] Changes detected - recompiling the module!
[INFO] Compiling 46 source files to /tmp/tmpm5ymin23/commons-dbcp/target/test-classes
[INFO] 
[INFO] --- jacoco-maven-plugin:0.8.1:prepare-agent (prepare-agent) @ commons-dbcp2 ---
[INFO] argLine set to -javaagent:/home/jdbl/.m2/repository/org/jacoco/org.jacoco.agent/0.8.1/org.jacoco.agent-0.8.1-runtime.jar=destfile=/tmp/tmpm5ymin23/commons-dbcp/target/jacoco.exec
[INFO] 
[INFO] --- maven-surefire-plugin:2.21.0:test (default-test) @ commons-dbcp2 ---
[INFO] Surefire report directory: /tmp/tmpm5ymin23/commons-dbcp/target/surefire-reports
[INFO] 
[INFO] -------------------------------------------------------
[INFO]  T E S T S
[INFO] -------------------------------------------------------
[INFO] Running org.apache.commons.dbcp2.datasources.TestPerUserPoolDataSource
Multithread test time = 309 ms. Threads: 20. Loops: 2652. Hold time: 1. maxWaitMillis: 430. Done: 20. Did not run: 0. Failed: 0. expectError: false
Multithread test time = 1005 ms. Threads: 20. Loops: 20. Hold time: 1000. maxWaitMillis: 500. Done: 10. Did not run: 0. Failed: 10. expectError: true
[INFO] Tests run: 35, Failures: 0, Errors: 0, Skipped: 0, Time elapsed: 4.413 s - in org.apache.commons.dbcp2.datasources.TestPerUserPoolDataSource
[INFO] testPerUserMethods(org.apache.commons.dbcp2.datasources.TestPerUserPoolDataSource)  Time elapsed: 0.091 s
[INFO] testOpening(org.apache.commons.dbcp2.datasources.TestPerUserPoolDataSource)  Time elapsed: 0 s
[INFO] testSerialization(org.apache.commons.dbcp2.datasources.TestPerUserPoolDataSource)  Time elapsed: 0.014 s
[INFO] testClosingWithUserName(org.apache.commons.dbcp2.datasources.TestPerUserPoolDataSource)  Time elapsed: 0.001 s
[INFO] testChangePassword(org.apache.commons.dbcp2.datasources.TestPerUserPoolDataSource)  Time elapsed: 0.002 s
[INFO] testDefaultUser1(org.apache.commons.dbcp2.datasources.TestPerUserPoolDataSource)  Time elapsed: 0.012 s
[INFO] testDefaultUser2(org.apache.commons.dbcp2.datasources.TestPerUserPoolDataSource)  Time elapsed: 0.004 s
[INFO] testClosing(org.apache.commons.dbcp2.datasources.TestPerUserPoolDataSource)  Time elapsed: 0.003 s
[INFO] testTransactionIsolationBehavior(org.apache.commons.dbcp2.datasources.TestPerUserPoolDataSource)  Time elapsed: 0.001 s
[INFO] testMaxTotal(org.apache.commons.dbcp2.datasources.TestPerUserPoolDataSource)  Time elapsed: 0.103 s
[INFO] testSimpleWithUsername(org.apache.commons.dbcp2.datasources.TestPerUserPoolDataSource)  Time elapsed: 0.011 s
[INFO] testMaxWaitMillisZero(org.apache.commons.dbcp2.datasources.TestPerUserPoolDataSource)  Time elapsed: 0.003 s
[INFO] testSimple2(org.apache.commons.dbcp2.datasources.TestPerUserPoolDataSource)  Time elapsed: 0.003 s
[INFO] testSimple(org.apache.commons.dbcp2.datasources.TestPerUserPoolDataSource)  Time elapsed: 0.003 s
[INFO] testMultipleThreads1(org.apache.commons.dbcp2.datasources.TestPerUserPoolDataSource)  Time elapsed: 0.312 s
[INFO] testMultipleThreads2(org.apache.commons.dbcp2.datasources.TestPerUserPoolDataSource)  Time elapsed: 1.006 s
[INFO] testUnregisteredUser(org.apache.commons.dbcp2.datasources.TestPerUserPoolDataSource)  Time elapsed: 0.01 s
[INFO] testIncorrectPassword(org.apache.commons.dbcp2.datasources.TestPerUserPoolDataSource)  Time elapsed: 0.006 s
[INFO] testThreaded(org.apache.commons.dbcp2.datasources.TestPerUserPoolDataSource)  Time elapsed: 2.707 s
[INFO] testCanCloseStatementTwice(org.apache.commons.dbcp2.datasources.TestPerUserPoolDataSource)  Time elapsed: 0.005 s
[INFO] testNoRsetClose(org.apache.commons.dbcp2.datasources.TestPerUserPoolDataSource)  Time elapsed: 0.004 s
[INFO] testPooling(org.apache.commons.dbcp2.datasources.TestPerUserPoolDataSource)  Time elapsed: 0.003 s
[INFO] testCanCloseConnectionTwice(org.apache.commons.dbcp2.datasources.TestPerUserPoolDataSource)  Time elapsed: 0.004 s
[INFO] testIsClosed(org.apache.commons.dbcp2.datasources.TestPerUserPoolDataSource)  Time elapsed: 0.003 s
[INFO] testCanCloseCallableStatementTwice(org.apache.commons.dbcp2.datasources.TestPerUserPoolDataSource)  Time elapsed: 0.007 s
[INFO] testAutoCommitBehavior(org.apache.commons.dbcp2.datasources.TestPerUserPoolDataSource)  Time elapsed: 0.002 s
[INFO] testHashing(org.apache.commons.dbcp2.datasources.TestPerUserPoolDataSource)  Time elapsed: 0.002 s
[INFO] testCanClosePreparedStatementTwice(org.apache.commons.dbcp2.datasources.TestPerUserPoolDataSource)  Time elapsed: 0.002 s
[INFO] testPrepareStatementOptions(org.apache.commons.dbcp2.datasources.TestPerUserPoolDataSource)  Time elapsed: 0.002 s
[INFO] testBackPointers(org.apache.commons.dbcp2.datasources.TestPerUserPoolDataSource)  Time elapsed: 0.003 s
[INFO] testHashCode(org.apache.commons.dbcp2.datasources.TestPerUserPoolDataSource)  Time elapsed: 0.002 s
[INFO] testConnectionsAreDistinct(org.apache.commons.dbcp2.datasources.TestPerUserPoolDataSource)  Time elapsed: 0.002 s
[INFO] testRepeatedBorrowAndReturn(org.apache.commons.dbcp2.datasources.TestPerUserPoolDataSource)  Time elapsed: 0.001 s
[INFO] testCanCloseResultSetTwice(org.apache.commons.dbcp2.datasources.TestPerUserPoolDataSource)  Time elapsed: 0.001 s
[INFO] testClearWarnings(org.apache.commons.dbcp2.datasources.TestPerUserPoolDataSource)  Time elapsed: 0.002 s
[INFO] Running org.apache.commons.dbcp2.datasources.TestKeyedCPDSConnectionFactory
[INFO] Tests run: 3, Failures: 0, Errors: 0, Skipped: 0, Time elapsed: 0 s - in org.apache.commons.dbcp2.datasources.TestKeyedCPDSConnectionFactory
[INFO] testNullValidationQuery(org.apache.commons.dbcp2.datasources.TestKeyedCPDSConnectionFactory)  Time elapsed: 0 s
[INFO] testConnectionErrorCleanup(org.apache.commons.dbcp2.datasources.TestKeyedCPDSConnectionFactory)  Time elapsed: 0 s
[INFO] testSharedPoolDSDestroyOnReturn(org.apache.commons.dbcp2.datasources.TestKeyedCPDSConnectionFactory)  Time elapsed: 0 s
[INFO] Running org.apache.commons.dbcp2.datasources.TestFactory
[INFO] Tests run: 1, Failures: 0, Errors: 0, Skipped: 0, Time elapsed: 0 s - in org.apache.commons.dbcp2.datasources.TestFactory
[INFO] testJNDI2Pools(org.apache.commons.dbcp2.datasources.TestFactory)  Time elapsed: 0 s
[INFO] Running org.apache.commons.dbcp2.datasources.TestCPDSConnectionFactory
[INFO] Tests run: 3, Failures: 0, Errors: 0, Skipped: 0, Time elapsed: 0 s - in org.apache.commons.dbcp2.datasources.TestCPDSConnectionFactory
[INFO] testNullValidationQuery(org.apache.commons.dbcp2.datasources.TestCPDSConnectionFactory)  Time elapsed: 0 s
[INFO] testConnectionErrorCleanup(org.apache.commons.dbcp2.datasources.TestCPDSConnectionFactory)  Time elapsed: 0 s
[INFO] testSharedPoolDSDestroyOnReturn(org.apache.commons.dbcp2.datasources.TestCPDSConnectionFactory)  Time elapsed: 0 s
[INFO] Running org.apache.commons.dbcp2.datasources.TestInstanceKeyDataSource
[INFO] Tests run: 1, Failures: 0, Errors: 0, Skipped: 0, Time elapsed: 0 s - in org.apache.commons.dbcp2.datasources.TestInstanceKeyDataSource
[INFO] testExceptionOnSetupDefaults(org.apache.commons.dbcp2.datasources.TestInstanceKeyDataSource)  Time elapsed: 0 s
[INFO] Running org.apache.commons.dbcp2.datasources.TestSharedPoolDataSource
testMaxWaitMillis took 1008 ms. maxWaitMillis: 1000
Multithread test time = 304 ms. Threads: 20. Loops: 2724. Hold time: 1. maxWaitMillis: 430. Done: 20. Did not run: 0. Failed: 0. expectError: false
Multithread test time = 1007 ms. Threads: 20. Loops: 20. Hold time: 1000. maxWaitMillis: 500. Done: 10. Did not run: 0. Failed: 10. expectError: true
[INFO] Tests run: 36, Failures: 0, Errors: 0, Skipped: 0, Time elapsed: 6.994 s - in org.apache.commons.dbcp2.datasources.TestSharedPoolDataSource
[INFO] testPoolPreparedStatements(org.apache.commons.dbcp2.datasources.TestSharedPoolDataSource)  Time elapsed: 0 s
[INFO] testOpening(org.apache.commons.dbcp2.datasources.TestSharedPoolDataSource)  Time elapsed: 0 s
[INFO] testClosingWithUserName(org.apache.commons.dbcp2.datasources.TestSharedPoolDataSource)  Time elapsed: 0.001 s
[INFO] testChangePassword(org.apache.commons.dbcp2.datasources.TestSharedPoolDataSource)  Time elapsed: 0 s
[INFO] testPoolPrepareCall(org.apache.commons.dbcp2.datasources.TestSharedPoolDataSource)  Time elapsed: 0 s
[INFO] testPoolPrepareStatement(org.apache.commons.dbcp2.datasources.TestSharedPoolDataSource)  Time elapsed: 0 s
[INFO] testMaxWaitMillis(org.apache.commons.dbcp2.datasources.TestSharedPoolDataSource)  Time elapsed: 1.006 s
[INFO] testClosePool(org.apache.commons.dbcp2.datasources.TestSharedPoolDataSource)  Time elapsed: 0 s
[INFO] testClosing(org.apache.commons.dbcp2.datasources.TestSharedPoolDataSource)  Time elapsed: 0.003 s
[INFO] testTransactionIsolationBehavior(org.apache.commons.dbcp2.datasources.TestSharedPoolDataSource)  Time elapsed: 0.001 s
[INFO] testDbcp369(org.apache.commons.dbcp2.datasources.TestSharedPoolDataSource)  Time elapsed: 1.784 s
[INFO] testMaxTotal(org.apache.commons.dbcp2.datasources.TestSharedPoolDataSource)  Time elapsed: 0.105 s
[INFO] testSimpleWithUsername(org.apache.commons.dbcp2.datasources.TestSharedPoolDataSource)  Time elapsed: 0.004 s
[INFO] testPoolPreparedCalls(org.apache.commons.dbcp2.datasources.TestSharedPoolDataSource)  Time elapsed: 0.019 s
[INFO] testSimple2(org.apache.commons.dbcp2.datasources.TestSharedPoolDataSource)  Time elapsed: 0.003 s
[INFO] testSimple(org.apache.commons.dbcp2.datasources.TestSharedPoolDataSource)  Time elapsed: 0.002 s
[INFO] testMultipleThreads1(org.apache.commons.dbcp2.datasources.TestSharedPoolDataSource)  Time elapsed: 0.307 s
[INFO] testMultipleThreads2(org.apache.commons.dbcp2.datasources.TestSharedPoolDataSource)  Time elapsed: 1.008 s
[INFO] testIncorrectPassword(org.apache.commons.dbcp2.datasources.TestSharedPoolDataSource)  Time elapsed: 0.005 s
[INFO] testThreaded(org.apache.commons.dbcp2.datasources.TestSharedPoolDataSource)  Time elapsed: 2.706 s
[INFO] testCanCloseStatementTwice(org.apache.commons.dbcp2.datasources.TestSharedPoolDataSource)  Time elapsed: 0.003 s
[INFO] testNoRsetClose(org.apache.commons.dbcp2.datasources.TestSharedPoolDataSource)  Time elapsed: 0.004 s
[INFO] testPooling(org.apache.commons.dbcp2.datasources.TestSharedPoolDataSource)  Time elapsed: 0.003 s
[INFO] testCanCloseConnectionTwice(org.apache.commons.dbcp2.datasources.TestSharedPoolDataSource)  Time elapsed: 0.003 s
[INFO] testIsClosed(org.apache.commons.dbcp2.datasources.TestSharedPoolDataSource)  Time elapsed: 0.003 s
[INFO] testCanCloseCallableStatementTwice(org.apache.commons.dbcp2.datasources.TestSharedPoolDataSource)  Time elapsed: 0.002 s
[INFO] testAutoCommitBehavior(org.apache.commons.dbcp2.datasources.TestSharedPoolDataSource)  Time elapsed: 0.002 s
[INFO] testHashing(org.apache.commons.dbcp2.datasources.TestSharedPoolDataSource)  Time elapsed: 0.002 s
[INFO] testCanClosePreparedStatementTwice(org.apache.commons.dbcp2.datasources.TestSharedPoolDataSource)  Time elapsed: 0.002 s
[INFO] testPrepareStatementOptions(org.apache.commons.dbcp2.datasources.TestSharedPoolDataSource)  Time elapsed: 0.002 s
[INFO] testBackPointers(org.apache.commons.dbcp2.datasources.TestSharedPoolDataSource)  Time elapsed: 0.002 s
[INFO] testHashCode(org.apache.commons.dbcp2.datasources.TestSharedPoolDataSource)  Time elapsed: 0.002 s
[INFO] testConnectionsAreDistinct(org.apache.commons.dbcp2.datasources.TestSharedPoolDataSource)  Time elapsed: 0.002 s
[INFO] testRepeatedBorrowAndReturn(org.apache.commons.dbcp2.datasources.TestSharedPoolDataSource)  Time elapsed: 0.003 s
[INFO] testCanCloseResultSetTwice(org.apache.commons.dbcp2.datasources.TestSharedPoolDataSource)  Time elapsed: 0.002 s
[INFO] testClearWarnings(org.apache.commons.dbcp2.datasources.TestSharedPoolDataSource)  Time elapsed: 0.003 s
[INFO] Running org.apache.commons.dbcp2.TestDelegatingConnection
[INFO] Tests run: 6, Failures: 0, Errors: 0, Skipped: 0, Time elapsed: 0 s - in org.apache.commons.dbcp2.TestDelegatingConnection
[INFO] testGetDelegate(org.apache.commons.dbcp2.TestDelegatingConnection)  Time elapsed: 0 s
[INFO] testCheckOpenNull(org.apache.commons.dbcp2.TestDelegatingConnection)  Time elapsed: 0 s
[INFO] testIsClosed(org.apache.commons.dbcp2.TestDelegatingConnection)  Time elapsed: 0 s
[INFO] testIsClosedNullDelegate(org.apache.commons.dbcp2.TestDelegatingConnection)  Time elapsed: 0 s
[INFO] testCheckOpen(org.apache.commons.dbcp2.TestDelegatingConnection)  Time elapsed: 0 s
[INFO] testConnectionToString(org.apache.commons.dbcp2.TestDelegatingConnection)  Time elapsed: 0 s
[INFO] Running org.apache.commons.dbcp2.TestBasicDataSource
[INFO] Tests run: 57, Failures: 0, Errors: 0, Skipped: 0, Time elapsed: 5.64 s - in org.apache.commons.dbcp2.TestBasicDataSource
[INFO] testEmptyValidationQuery(org.apache.commons.dbcp2.TestBasicDataSource)  Time elapsed: 0 s
[INFO] testValidationQueryTimoutFail(org.apache.commons.dbcp2.TestBasicDataSource)  Time elapsed: 0.007 s
[INFO] testConcurrentInvalidateBorrow(org.apache.commons.dbcp2.TestBasicDataSource)  Time elapsed: 0.166 s
[INFO] testSetValidationTestProperties(org.apache.commons.dbcp2.TestBasicDataSource)  Time elapsed: 0 s
[INFO] testRollbackReadOnly(org.apache.commons.dbcp2.TestBasicDataSource)  Time elapsed: 0.003 s
[INFO] testClose(org.apache.commons.dbcp2.TestBasicDataSource)  Time elapsed: 0.004 s
[INFO] testPropertyTestOnReturn(org.apache.commons.dbcp2.TestBasicDataSource)  Time elapsed: 0.003 s
[INFO] testValidationQueryTimeoutSucceed(org.apache.commons.dbcp2.TestBasicDataSource)  Time elapsed: 0.002 s
[INFO] testMaxTotalZero(org.apache.commons.dbcp2.TestBasicDataSource)  Time elapsed: 0.103 s
[INFO] testPooling(org.apache.commons.dbcp2.TestBasicDataSource)  Time elapsed: 0.006 s
[INFO] testMaxConnLifetimeExceeded(org.apache.commons.dbcp2.TestBasicDataSource)  Time elapsed: 0.508 s
[INFO] testValidationQueryTimeoutNegative(org.apache.commons.dbcp2.TestBasicDataSource)  Time elapsed: 0.005 s
[INFO] testPoolCloseRTE(org.apache.commons.dbcp2.TestBasicDataSource)  Time elapsed: 0.005 s
[INFO] testInvalidConnectionInitSql(org.apache.commons.dbcp2.TestBasicDataSource)  Time elapsed: 0.001 s
[INFO] testInstanceNotFoundExceptionLogSuppressed(org.apache.commons.dbcp2.TestBasicDataSource)  Time elapsed: 0.012 s
[INFO] testSetAutoCommitTrueOnClose(org.apache.commons.dbcp2.TestBasicDataSource)  Time elapsed: 0.003 s
[INFO] testConcurrentInitBorrow(org.apache.commons.dbcp2.TestBasicDataSource)  Time elapsed: 0.459 s
[INFO] testValidationQueryTimeoutZero(org.apache.commons.dbcp2.TestBasicDataSource)  Time elapsed: 0.004 s
[INFO] testMaxConnLifetimeExceededMutedLog(org.apache.commons.dbcp2.TestBasicDataSource)  Time elapsed: 0.504 s
[INFO] testEmptyInitConnectionSql(org.apache.commons.dbcp2.TestBasicDataSource)  Time elapsed: 0.001 s
[INFO] testDriverClassLoader(org.apache.commons.dbcp2.TestBasicDataSource)  Time elapsed: 0.004 s
[INFO] testJmxDisabled(org.apache.commons.dbcp2.TestBasicDataSource)  Time elapsed: 0.003 s
[INFO] testInitialSize(org.apache.commons.dbcp2.TestBasicDataSource)  Time elapsed: 0.002 s
[INFO] testInvalidValidationQuery(org.apache.commons.dbcp2.TestBasicDataSource)  Time elapsed: 0.001 s
[INFO] testNoAccessToUnderlyingConnectionAllowed(org.apache.commons.dbcp2.TestBasicDataSource)  Time elapsed: 0.001 s
[INFO] testPoolCloseCheckedException(org.apache.commons.dbcp2.TestBasicDataSource)  Time elapsed: 0.001 s
[INFO] testCreateDataSourceCleanupEvictor(org.apache.commons.dbcp2.TestBasicDataSource)  Time elapsed: 1.001 s
[INFO] testTransactionIsolationBehavior(org.apache.commons.dbcp2.TestBasicDataSource)  Time elapsed: 0.001 s
[INFO] testCreateDataSourceCleanupThreads(org.apache.commons.dbcp2.TestBasicDataSource)  Time elapsed: 0 s
[INFO] testDefaultCatalog(org.apache.commons.dbcp2.TestBasicDataSource)  Time elapsed: 0.001 s
[INFO] testAccessToUnderlyingConnectionAllowed(org.apache.commons.dbcp2.TestBasicDataSource)  Time elapsed: 0.001 s
[INFO] testInvalidateConnection(org.apache.commons.dbcp2.TestBasicDataSource)  Time elapsed: 0.001 s
[INFO] testSetProperties(org.apache.commons.dbcp2.TestBasicDataSource)  Time elapsed: 0 s
[INFO] testMutateAbandonedConfig(org.apache.commons.dbcp2.TestBasicDataSource)  Time elapsed: 0.004 s
[INFO] testDisconnectSqlCodes(org.apache.commons.dbcp2.TestBasicDataSource)  Time elapsed: 0.001 s
[INFO] testIsClosedFailure(org.apache.commons.dbcp2.TestBasicDataSource)  Time elapsed: 0.001 s
[INFO] testThreaded(org.apache.commons.dbcp2.TestBasicDataSource)  Time elapsed: 2.703 s
[INFO] testCanCloseStatementTwice(org.apache.commons.dbcp2.TestBasicDataSource)  Time elapsed: 0.001 s
[INFO] testNoRsetClose(org.apache.commons.dbcp2.TestBasicDataSource)  Time elapsed: 0.001 s
[INFO] testOpening(org.apache.commons.dbcp2.TestBasicDataSource)  Time elapsed: 0.001 s
[INFO] testCanCloseConnectionTwice(org.apache.commons.dbcp2.TestBasicDataSource)  Time elapsed: 0.001 s
[INFO] testIsClosed(org.apache.commons.dbcp2.TestBasicDataSource)  Time elapsed: 0 s
[INFO] testCanCloseCallableStatementTwice(org.apache.commons.dbcp2.TestBasicDataSource)  Time elapsed: 0.001 s
[INFO] testAutoCommitBehavior(org.apache.commons.dbcp2.TestBasicDataSource)  Time elapsed: 0.001 s
[INFO] testHashing(org.apache.commons.dbcp2.TestBasicDataSource)  Time elapsed: 0 s
[INFO] testCanClosePreparedStatementTwice(org.apache.commons.dbcp2.TestBasicDataSource)  Time elapsed: 0.001 s
[INFO] testClosing(org.apache.commons.dbcp2.TestBasicDataSource)  Time elapsed: 0.001 s
[INFO] testPrepareStatementOptions(org.apache.commons.dbcp2.TestBasicDataSource)  Time elapsed: 0.001 s
[INFO] testBackPointers(org.apache.commons.dbcp2.TestBasicDataSource)  Time elapsed: 0.001 s
[INFO] testHashCode(org.apache.commons.dbcp2.TestBasicDataSource)  Time elapsed: 0.001 s
[INFO] testConnectionsAreDistinct(org.apache.commons.dbcp2.TestBasicDataSource)  Time elapsed: 0.001 s
[INFO] testMaxTotal(org.apache.commons.dbcp2.TestBasicDataSource)  Time elapsed: 0.101 s
[INFO] testRepeatedBorrowAndReturn(org.apache.commons.dbcp2.TestBasicDataSource)  Time elapsed: 0.001 s
[INFO] testCanCloseResultSetTwice(org.apache.commons.dbcp2.TestBasicDataSource)  Time elapsed: 0.001 s
[INFO] testClearWarnings(org.apache.commons.dbcp2.TestBasicDataSource)  Time elapsed: 0.001 s
[INFO] testSimple2(org.apache.commons.dbcp2.TestBasicDataSource)  Time elapsed: 0.001 s
[INFO] testSimple(org.apache.commons.dbcp2.TestBasicDataSource)  Time elapsed: 0 s
[INFO] Running org.apache.commons.dbcp2.TestPStmtKey
[INFO] Tests run: 4, Failures: 0, Errors: 0, Skipped: 0, Time elapsed: 0 s - in org.apache.commons.dbcp2.TestPStmtKey
[INFO] testCtorStringStringArrayOfStrings(org.apache.commons.dbcp2.TestPStmtKey)  Time elapsed: 0 s
[INFO] testCtorStringStringArrayOfInts(org.apache.commons.dbcp2.TestPStmtKey)  Time elapsed: 0 s
[INFO] testCtorStringStringArrayOfNullInts(org.apache.commons.dbcp2.TestPStmtKey)  Time elapsed: 0 s
[INFO] testCtorStringStringArrayOfNullStrings(org.apache.commons.dbcp2.TestPStmtKey)  Time elapsed: 0 s
[INFO] Running org.apache.commons.dbcp2.TestPStmtPooling
[INFO] Tests run: 5, Failures: 0, Errors: 0, Skipped: 0, Time elapsed: 0 s - in org.apache.commons.dbcp2.TestPStmtPooling
[INFO] testStmtPool(org.apache.commons.dbcp2.TestPStmtPooling)  Time elapsed: 0 s
[INFO] testBatchUpdate(org.apache.commons.dbcp2.TestPStmtPooling)  Time elapsed: 0 s
[INFO] testClosePool(org.apache.commons.dbcp2.TestPStmtPooling)  Time elapsed: 0 s
[INFO] testCallableStatementPooling(org.apache.commons.dbcp2.TestPStmtPooling)  Time elapsed: 0 s
[INFO] testMultipleClose(org.apache.commons.dbcp2.TestPStmtPooling)  Time elapsed: 0 s
[INFO] Running org.apache.commons.dbcp2.TestAbandonedBasicDataSource
[INFO] Tests run: 66, Failures: 0, Errors: 0, Skipped: 0, Time elapsed: 13.727 s - in org.apache.commons.dbcp2.TestAbandonedBasicDataSource
[INFO] testAbandonedCloseWithExceptions(org.apache.commons.dbcp2.TestAbandonedBasicDataSource)  Time elapsed: 0 s
[INFO] testLastUsedPrepareCall(org.apache.commons.dbcp2.TestAbandonedBasicDataSource)  Time elapsed: 2.598 s
[INFO] testLastUsed(org.apache.commons.dbcp2.TestAbandonedBasicDataSource)  Time elapsed: 2.603 s
[INFO] testAbandoned(org.apache.commons.dbcp2.TestAbandonedBasicDataSource)  Time elapsed: 0.002 s
[INFO] testGarbageCollectorCleanUp01(org.apache.commons.dbcp2.TestAbandonedBasicDataSource)  Time elapsed: 0.066 s
[INFO] testGarbageCollectorCleanUp02(org.apache.commons.dbcp2.TestAbandonedBasicDataSource)  Time elapsed: 0.141 s
[INFO] testLastUsedUpdate(org.apache.commons.dbcp2.TestAbandonedBasicDataSource)  Time elapsed: 0.002 s
[INFO] testAbandonedClose(org.apache.commons.dbcp2.TestAbandonedBasicDataSource)  Time elapsed: 0.001 s
[INFO] testLastUsedPreparedStatementUse(org.apache.commons.dbcp2.TestAbandonedBasicDataSource)  Time elapsed: 2.603 s
[INFO] testEmptyValidationQuery(org.apache.commons.dbcp2.TestAbandonedBasicDataSource)  Time elapsed: 0.001 s
[INFO] testValidationQueryTimoutFail(org.apache.commons.dbcp2.TestAbandonedBasicDataSource)  Time elapsed: 0.001 s
[INFO] testConcurrentInvalidateBorrow(org.apache.commons.dbcp2.TestAbandonedBasicDataSource)  Time elapsed: 0.098 s
[INFO] testSetValidationTestProperties(org.apache.commons.dbcp2.TestAbandonedBasicDataSource)  Time elapsed: 0 s
[INFO] testRollbackReadOnly(org.apache.commons.dbcp2.TestAbandonedBasicDataSource)  Time elapsed: 0.001 s
[INFO] testClose(org.apache.commons.dbcp2.TestAbandonedBasicDataSource)  Time elapsed: 0.001 s
[INFO] testPropertyTestOnReturn(org.apache.commons.dbcp2.TestAbandonedBasicDataSource)  Time elapsed: 0.001 s
[INFO] testValidationQueryTimeoutSucceed(org.apache.commons.dbcp2.TestAbandonedBasicDataSource)  Time elapsed: 0 s
[INFO] testMaxTotalZero(org.apache.commons.dbcp2.TestAbandonedBasicDataSource)  Time elapsed: 0.101 s
[INFO] testPooling(org.apache.commons.dbcp2.TestAbandonedBasicDataSource)  Time elapsed: 0.002 s
[INFO] testMaxConnLifetimeExceeded(org.apache.commons.dbcp2.TestAbandonedBasicDataSource)  Time elapsed: 0.502 s
[INFO] testValidationQueryTimeoutNegative(org.apache.commons.dbcp2.TestAbandonedBasicDataSource)  Time elapsed: 0.002 s
[INFO] testPoolCloseRTE(org.apache.commons.dbcp2.TestAbandonedBasicDataSource)  Time elapsed: 0.001 s
[INFO] testInvalidConnectionInitSql(org.apache.commons.dbcp2.TestAbandonedBasicDataSource)  Time elapsed: 0 s
[INFO] testInstanceNotFoundExceptionLogSuppressed(org.apache.commons.dbcp2.TestAbandonedBasicDataSource)  Time elapsed: 0.002 s
[INFO] testSetAutoCommitTrueOnClose(org.apache.commons.dbcp2.TestAbandonedBasicDataSource)  Time elapsed: 0.001 s
[INFO] testConcurrentInitBorrow(org.apache.commons.dbcp2.TestAbandonedBasicDataSource)  Time elapsed: 0.454 s
[INFO] testValidationQueryTimeoutZero(org.apache.commons.dbcp2.TestAbandonedBasicDataSource)  Time elapsed: 0.001 s
[INFO] testMaxConnLifetimeExceededMutedLog(org.apache.commons.dbcp2.TestAbandonedBasicDataSource)  Time elapsed: 0.502 s
[INFO] testEmptyInitConnectionSql(org.apache.commons.dbcp2.TestAbandonedBasicDataSource)  Time elapsed: 0 s
[INFO] testDriverClassLoader(org.apache.commons.dbcp2.TestAbandonedBasicDataSource)  Time elapsed: 0.001 s
[INFO] testJmxDisabled(org.apache.commons.dbcp2.TestAbandonedBasicDataSource)  Time elapsed: 0 s
[INFO] testInitialSize(org.apache.commons.dbcp2.TestAbandonedBasicDataSource)  Time elapsed: 0.001 s
[INFO] testInvalidValidationQuery(org.apache.commons.dbcp2.TestAbandonedBasicDataSource)  Time elapsed: 0.001 s
[INFO] testNoAccessToUnderlyingConnectionAllowed(org.apache.commons.dbcp2.TestAbandonedBasicDataSource)  Time elapsed: 0 s
[INFO] testPoolCloseCheckedException(org.apache.commons.dbcp2.TestAbandonedBasicDataSource)  Time elapsed: 0.001 s
[INFO] testCreateDataSourceCleanupEvictor(org.apache.commons.dbcp2.TestAbandonedBasicDataSource)  Time elapsed: 1.001 s
[INFO] testTransactionIsolationBehavior(org.apache.commons.dbcp2.TestAbandonedBasicDataSource)  Time elapsed: 0.002 s
[INFO] testCreateDataSourceCleanupThreads(org.apache.commons.dbcp2.TestAbandonedBasicDataSource)  Time elapsed: 0.001 s
[INFO] testDefaultCatalog(org.apache.commons.dbcp2.TestAbandonedBasicDataSource)  Time elapsed: 0.003 s
[INFO] testAccessToUnderlyingConnectionAllowed(org.apache.commons.dbcp2.TestAbandonedBasicDataSource)  Time elapsed: 0.001 s
[INFO] testInvalidateConnection(org.apache.commons.dbcp2.TestAbandonedBasicDataSource)  Time elapsed: 0.002 s
[INFO] testSetProperties(org.apache.commons.dbcp2.TestAbandonedBasicDataSource)  Time elapsed: 0 s
[INFO] testMutateAbandonedConfig(org.apache.commons.dbcp2.TestAbandonedBasicDataSource)  Time elapsed: 0.001 s
[INFO] testDisconnectSqlCodes(org.apache.commons.dbcp2.TestAbandonedBasicDataSource)  Time elapsed: 0.001 s
[INFO] testIsClosedFailure(org.apache.commons.dbcp2.TestAbandonedBasicDataSource)  Time elapsed: 0.001 s
[INFO] testThreaded(org.apache.commons.dbcp2.TestAbandonedBasicDataSource)  Time elapsed: 2.904 s
[INFO] testCanCloseStatementTwice(org.apache.commons.dbcp2.TestAbandonedBasicDataSource)  Time elapsed: 0.001 s
[INFO] testNoRsetClose(org.apache.commons.dbcp2.TestAbandonedBasicDataSource)  Time elapsed: 0 s
[INFO] testOpening(org.apache.commons.dbcp2.TestAbandonedBasicDataSource)  Time elapsed: 0.001 s
[INFO] testCanCloseConnectionTwice(org.apache.commons.dbcp2.TestAbandonedBasicDataSource)  Time elapsed: 0 s
[INFO] testIsClosed(org.apache.commons.dbcp2.TestAbandonedBasicDataSource)  Time elapsed: 0.001 s
[INFO] testCanCloseCallableStatementTwice(org.apache.commons.dbcp2.TestAbandonedBasicDataSource)  Time elapsed: 0 s
[INFO] testAutoCommitBehavior(org.apache.commons.dbcp2.TestAbandonedBasicDataSource)  Time elapsed: 0.001 s
[INFO] testHashing(org.apache.commons.dbcp2.TestAbandonedBasicDataSource)  Time elapsed: 0 s
[INFO] testCanClosePreparedStatementTwice(org.apache.commons.dbcp2.TestAbandonedBasicDataSource)  Time elapsed: 0.001 s
[INFO] testClosing(org.apache.commons.dbcp2.TestAbandonedBasicDataSource)  Time elapsed: 0 s
[INFO] testPrepareStatementOptions(org.apache.commons.dbcp2.TestAbandonedBasicDataSource)  Time elapsed: 0.001 s
[INFO] testBackPointers(org.apache.commons.dbcp2.TestAbandonedBasicDataSource)  Time elapsed: 0.001 s
[INFO] testHashCode(org.apache.commons.dbcp2.TestAbandonedBasicDataSource)  Time elapsed: 0 s
[INFO] testConnectionsAreDistinct(org.apache.commons.dbcp2.TestAbandonedBasicDataSource)  Time elapsed: 0.001 s
[INFO] testMaxTotal(org.apache.commons.dbcp2.TestAbandonedBasicDataSource)  Time elapsed: 0.101 s
[INFO] testRepeatedBorrowAndReturn(org.apache.commons.dbcp2.TestAbandonedBasicDataSource)  Time elapsed: 0.003 s
[INFO] testCanCloseResultSetTwice(org.apache.commons.dbcp2.TestAbandonedBasicDataSource)  Time elapsed: 0.001 s
[INFO] testClearWarnings(org.apache.commons.dbcp2.TestAbandonedBasicDataSource)  Time elapsed: 0.001 s
[INFO] testSimple2(org.apache.commons.dbcp2.TestAbandonedBasicDataSource)  Time elapsed: 0 s
[INFO] testSimple(org.apache.commons.dbcp2.TestAbandonedBasicDataSource)  Time elapsed: 0 s
[INFO] Running org.apache.commons.dbcp2.TestDelegatingPreparedStatement
[INFO] Tests run: 3, Failures: 0, Errors: 0, Skipped: 0, Time elapsed: 0 s - in org.apache.commons.dbcp2.TestDelegatingPreparedStatement
[INFO] testGetDelegate(org.apache.commons.dbcp2.TestDelegatingPreparedStatement)  Time elapsed: 0 s
[INFO] testExecuteQueryReturnsNotNull(org.apache.commons.dbcp2.TestDelegatingPreparedStatement)  Time elapsed: 0 s
[INFO] testExecuteQueryReturnsNull(org.apache.commons.dbcp2.TestDelegatingPreparedStatement)  Time elapsed: 0 s
[INFO] Running org.apache.commons.dbcp2.TestPoolingDriver
[INFO] Tests run: 29, Failures: 0, Errors: 0, Skipped: 0, Time elapsed: 2.934 s - in org.apache.commons.dbcp2.TestPoolingDriver
[INFO] testLogWriter(org.apache.commons.dbcp2.TestPoolingDriver)  Time elapsed: 0 s
[INFO] testReportedBug12400(org.apache.commons.dbcp2.TestPoolingDriver)  Time elapsed: 0 s
[INFO] testReportedBug28912(org.apache.commons.dbcp2.TestPoolingDriver)  Time elapsed: 0 s
[INFO] test1(org.apache.commons.dbcp2.TestPoolingDriver)  Time elapsed: 0 s
[INFO] test2(org.apache.commons.dbcp2.TestPoolingDriver)  Time elapsed: 0 s
[INFO] testClosePool(org.apache.commons.dbcp2.TestPoolingDriver)  Time elapsed: 0 s
[INFO] testInvalidateConnection(org.apache.commons.dbcp2.TestPoolingDriver)  Time elapsed: 0 s
[INFO] testThreaded(org.apache.commons.dbcp2.TestPoolingDriver)  Time elapsed: 2.8 s
[INFO] testCanCloseStatementTwice(org.apache.commons.dbcp2.TestPoolingDriver)  Time elapsed: 0.001 s
[INFO] testNoRsetClose(org.apache.commons.dbcp2.TestPoolingDriver)  Time elapsed: 0.002 s
[INFO] testOpening(org.apache.commons.dbcp2.TestPoolingDriver)  Time elapsed: 0.003 s
[INFO] testPooling(org.apache.commons.dbcp2.TestPoolingDriver)  Time elapsed: 0.003 s
[INFO] testCanCloseConnectionTwice(org.apache.commons.dbcp2.TestPoolingDriver)  Time elapsed: 0.001 s
[INFO] testIsClosed(org.apache.commons.dbcp2.TestPoolingDriver)  Time elapsed: 0.003 s
[INFO] testCanCloseCallableStatementTwice(org.apache.commons.dbcp2.TestPoolingDriver)  Time elapsed: 0.001 s
[INFO] testAutoCommitBehavior(org.apache.commons.dbcp2.TestPoolingDriver)  Time elapsed: 0.001 s
[INFO] testHashing(org.apache.commons.dbcp2.TestPoolingDriver)  Time elapsed: 0.001 s
[INFO] testCanClosePreparedStatementTwice(org.apache.commons.dbcp2.TestPoolingDriver)  Time elapsed: 0.001 s
[INFO] testClosing(org.apache.commons.dbcp2.TestPoolingDriver)  Time elapsed: 0.001 s
[INFO] testPrepareStatementOptions(org.apache.commons.dbcp2.TestPoolingDriver)  Time elapsed: 0.001 s
[INFO] testBackPointers(org.apache.commons.dbcp2.TestPoolingDriver)  Time elapsed: 0.001 s
[INFO] testHashCode(org.apache.commons.dbcp2.TestPoolingDriver)  Time elapsed: 0.001 s
[INFO] testConnectionsAreDistinct(org.apache.commons.dbcp2.TestPoolingDriver)  Time elapsed: 0.001 s
[INFO] testMaxTotal(org.apache.commons.dbcp2.TestPoolingDriver)  Time elapsed: 0.102 s
[INFO] testRepeatedBorrowAndReturn(org.apache.commons.dbcp2.TestPoolingDriver)  Time elapsed: 0.004 s
[INFO] testCanCloseResultSetTwice(org.apache.commons.dbcp2.TestPoolingDriver)  Time elapsed: 0.001 s
[INFO] testClearWarnings(org.apache.commons.dbcp2.TestPoolingDriver)  Time elapsed: 0.003 s
[INFO] testSimple2(org.apache.commons.dbcp2.TestPoolingDriver)  Time elapsed: 0.001 s
[INFO] testSimple(org.apache.commons.dbcp2.TestPoolingDriver)  Time elapsed: 0.001 s
[INFO] Running org.apache.commons.dbcp2.TestBasicDataSourceFactory
[INFO] Tests run: 4, Failures: 0, Errors: 0, Skipped: 0, Time elapsed: 0 s - in org.apache.commons.dbcp2.TestBasicDataSourceFactory
[INFO] testProperties(org.apache.commons.dbcp2.TestBasicDataSourceFactory)  Time elapsed: 0 s
[INFO] testValidateProperties(org.apache.commons.dbcp2.TestBasicDataSourceFactory)  Time elapsed: 0 s
[INFO] testAllProperties(org.apache.commons.dbcp2.TestBasicDataSourceFactory)  Time elapsed: 0 s
[INFO] testNoProperties(org.apache.commons.dbcp2.TestBasicDataSourceFactory)  Time elapsed: 0 s
[INFO] Running org.apache.commons.dbcp2.TestPStmtPoolingBasicDataSource
Multithread test time = 10188 ms. Threads: 100. Loops: 9935. Hold time: 5. maxWaitMillis: -1. Done: 100. Did not run: 0. Failed: 0. expectError: false
[INFO] Tests run: 63, Failures: 0, Errors: 0, Skipped: 0, Time elapsed: 16.173 s - in org.apache.commons.dbcp2.TestPStmtPoolingBasicDataSource
[INFO] testLRUBehavior(org.apache.commons.dbcp2.TestPStmtPoolingBasicDataSource)  Time elapsed: 0.199 s
[INFO] testPreparedStatementPooling(org.apache.commons.dbcp2.TestPStmtPoolingBasicDataSource)  Time elapsed: 0.003 s
[INFO] testPStmtPoolingAcrossClose(org.apache.commons.dbcp2.TestPStmtPoolingBasicDataSource)  Time elapsed: 0.004 s
[INFO] testPStmtPoolingWithNoClose(org.apache.commons.dbcp2.TestPStmtPoolingBasicDataSource)  Time elapsed: 0.004 s
[INFO] testPStmtCatalog(org.apache.commons.dbcp2.TestPStmtPoolingBasicDataSource)  Time elapsed: 0.003 s
[INFO] testMultipleThreads1(org.apache.commons.dbcp2.TestPStmtPoolingBasicDataSource)  Time elapsed: 10.189 s
[INFO] testEmptyValidationQuery(org.apache.commons.dbcp2.TestPStmtPoolingBasicDataSource)  Time elapsed: 0 s
[INFO] testValidationQueryTimoutFail(org.apache.commons.dbcp2.TestPStmtPoolingBasicDataSource)  Time elapsed: 0.001 s
[INFO] testConcurrentInvalidateBorrow(org.apache.commons.dbcp2.TestPStmtPoolingBasicDataSource)  Time elapsed: 0.137 s
[INFO] testSetValidationTestProperties(org.apache.commons.dbcp2.TestPStmtPoolingBasicDataSource)  Time elapsed: 0 s
[INFO] testRollbackReadOnly(org.apache.commons.dbcp2.TestPStmtPoolingBasicDataSource)  Time elapsed: 0.001 s
[INFO] testClose(org.apache.commons.dbcp2.TestPStmtPoolingBasicDataSource)  Time elapsed: 0.001 s
[INFO] testPropertyTestOnReturn(org.apache.commons.dbcp2.TestPStmtPoolingBasicDataSource)  Time elapsed: 0 s
[INFO] testValidationQueryTimeoutSucceed(org.apache.commons.dbcp2.TestPStmtPoolingBasicDataSource)  Time elapsed: 0.001 s
[INFO] testMaxTotalZero(org.apache.commons.dbcp2.TestPStmtPoolingBasicDataSource)  Time elapsed: 0.1 s
[INFO] testPooling(org.apache.commons.dbcp2.TestPStmtPoolingBasicDataSource)  Time elapsed: 0.004 s
[INFO] testMaxConnLifetimeExceeded(org.apache.commons.dbcp2.TestPStmtPoolingBasicDataSource)  Time elapsed: 0.502 s
[INFO] testValidationQueryTimeoutNegative(org.apache.commons.dbcp2.TestPStmtPoolingBasicDataSource)  Time elapsed: 0.002 s
[INFO] testPoolCloseRTE(org.apache.commons.dbcp2.TestPStmtPoolingBasicDataSource)  Time elapsed: 0.002 s
[INFO] testInvalidConnectionInitSql(org.apache.commons.dbcp2.TestPStmtPoolingBasicDataSource)  Time elapsed: 0 s
[INFO] testInstanceNotFoundExceptionLogSuppressed(org.apache.commons.dbcp2.TestPStmtPoolingBasicDataSource)  Time elapsed: 0.002 s
[INFO] testSetAutoCommitTrueOnClose(org.apache.commons.dbcp2.TestPStmtPoolingBasicDataSource)  Time elapsed: 0.002 s
[INFO] testConcurrentInitBorrow(org.apache.commons.dbcp2.TestPStmtPoolingBasicDataSource)  Time elapsed: 0.454 s
[INFO] testValidationQueryTimeoutZero(org.apache.commons.dbcp2.TestPStmtPoolingBasicDataSource)  Time elapsed: 0.001 s
[INFO] testMaxConnLifetimeExceededMutedLog(org.apache.commons.dbcp2.TestPStmtPoolingBasicDataSource)  Time elapsed: 0.501 s
[INFO] testEmptyInitConnectionSql(org.apache.commons.dbcp2.TestPStmtPoolingBasicDataSource)  Time elapsed: 0 s
[INFO] testDriverClassLoader(org.apache.commons.dbcp2.TestPStmtPoolingBasicDataSource)  Time elapsed: 0 s
[INFO] testJmxDisabled(org.apache.commons.dbcp2.TestPStmtPoolingBasicDataSource)  Time elapsed: 0.001 s
[INFO] testInitialSize(org.apache.commons.dbcp2.TestPStmtPoolingBasicDataSource)  Time elapsed: 0.001 s
[INFO] testInvalidValidationQuery(org.apache.commons.dbcp2.TestPStmtPoolingBasicDataSource)  Time elapsed: 0 s
[INFO] testNoAccessToUnderlyingConnectionAllowed(org.apache.commons.dbcp2.TestPStmtPoolingBasicDataSource)  Time elapsed: 0.001 s
[INFO] testPoolCloseCheckedException(org.apache.commons.dbcp2.TestPStmtPoolingBasicDataSource)  Time elapsed: 0 s
[INFO] testCreateDataSourceCleanupEvictor(org.apache.commons.dbcp2.TestPStmtPoolingBasicDataSource)  Time elapsed: 1.001 s
[INFO] testTransactionIsolationBehavior(org.apache.commons.dbcp2.TestPStmtPoolingBasicDataSource)  Time elapsed: 0.001 s
[INFO] testCreateDataSourceCleanupThreads(org.apache.commons.dbcp2.TestPStmtPoolingBasicDataSource)  Time elapsed: 0.001 s
[INFO] testDefaultCatalog(org.apache.commons.dbcp2.TestPStmtPoolingBasicDataSource)  Time elapsed: 0.002 s
[INFO] testAccessToUnderlyingConnectionAllowed(org.apache.commons.dbcp2.TestPStmtPoolingBasicDataSource)  Time elapsed: 0.009 s
[INFO] testInvalidateConnection(org.apache.commons.dbcp2.TestPStmtPoolingBasicDataSource)  Time elapsed: 0 s
[INFO] testSetProperties(org.apache.commons.dbcp2.TestPStmtPoolingBasicDataSource)  Time elapsed: 0 s
[INFO] testMutateAbandonedConfig(org.apache.commons.dbcp2.TestPStmtPoolingBasicDataSource)  Time elapsed: 0 s
[INFO] testDisconnectSqlCodes(org.apache.commons.dbcp2.TestPStmtPoolingBasicDataSource)  Time elapsed: 0.003 s
[INFO] testIsClosedFailure(org.apache.commons.dbcp2.TestPStmtPoolingBasicDataSource)  Time elapsed: 0.001 s
[INFO] testThreaded(org.apache.commons.dbcp2.TestPStmtPoolingBasicDataSource)  Time elapsed: 2.912 s
[INFO] testCanCloseStatementTwice(org.apache.commons.dbcp2.TestPStmtPoolingBasicDataSource)  Time elapsed: 0.001 s
[INFO] testNoRsetClose(org.apache.commons.dbcp2.TestPStmtPoolingBasicDataSource)  Time elapsed: 0.001 s
[INFO] testOpening(org.apache.commons.dbcp2.TestPStmtPoolingBasicDataSource)  Time elapsed: 0.001 s
[INFO] testCanCloseConnectionTwice(org.apache.commons.dbcp2.TestPStmtPoolingBasicDataSource)  Time elapsed: 0.001 s
[INFO] testIsClosed(org.apache.commons.dbcp2.TestPStmtPoolingBasicDataSource)  Time elapsed: 0.001 s
[INFO] testCanCloseCallableStatementTwice(org.apache.commons.dbcp2.TestPStmtPoolingBasicDataSource)  Time elapsed: 0.001 s
[INFO] testAutoCommitBehavior(org.apache.commons.dbcp2.TestPStmtPoolingBasicDataSource)  Time elapsed: 0 s
[INFO] testHashing(org.apache.commons.dbcp2.TestPStmtPoolingBasicDataSource)  Time elapsed: 0.001 s
[INFO] testCanClosePreparedStatementTwice(org.apache.commons.dbcp2.TestPStmtPoolingBasicDataSource)  Time elapsed: 0.001 s
[INFO] testClosing(org.apache.commons.dbcp2.TestPStmtPoolingBasicDataSource)  Time elapsed: 0.001 s
[INFO] testPrepareStatementOptions(org.apache.commons.dbcp2.TestPStmtPoolingBasicDataSource)  Time elapsed: 0.001 s
[INFO] testBackPointers(org.apache.commons.dbcp2.TestPStmtPoolingBasicDataSource)  Time elapsed: 0.001 s
[INFO] testHashCode(org.apache.commons.dbcp2.TestPStmtPoolingBasicDataSource)  Time elapsed: 0.001 s
[INFO] testConnectionsAreDistinct(org.apache.commons.dbcp2.TestPStmtPoolingBasicDataSource)  Time elapsed: 0.002 s
[INFO] testMaxTotal(org.apache.commons.dbcp2.TestPStmtPoolingBasicDataSource)  Time elapsed: 0.101 s
[INFO] testRepeatedBorrowAndReturn(org.apache.commons.dbcp2.TestPStmtPoolingBasicDataSource)  Time elapsed: 0.001 s
[INFO] testCanCloseResultSetTwice(org.apache.commons.dbcp2.TestPStmtPoolingBasicDataSource)  Time elapsed: 0.001 s
[INFO] testClearWarnings(org.apache.commons.dbcp2.TestPStmtPoolingBasicDataSource)  Time elapsed: 0.002 s
[INFO] testSimple2(org.apache.commons.dbcp2.TestPStmtPoolingBasicDataSource)  Time elapsed: 0.001 s
[INFO] testSimple(org.apache.commons.dbcp2.TestPStmtPoolingBasicDataSource)  Time elapsed: 0 s
[INFO] Running org.apache.commons.dbcp2.managed.TestTransactionContext
[INFO] Tests run: 1, Failures: 0, Errors: 0, Skipped: 0, Time elapsed: 0.021 s - in org.apache.commons.dbcp2.managed.TestTransactionContext
[INFO] testSetSharedConnectionEnlistFailure(org.apache.commons.dbcp2.managed.TestTransactionContext)  Time elapsed: 0.021 s
[INFO] Running org.apache.commons.dbcp2.managed.TestManagedDataSourceInTx
[INFO] Tests run: 37, Failures: 0, Errors: 0, Skipped: 0, Time elapsed: 2.944 s - in org.apache.commons.dbcp2.managed.TestManagedDataSourceInTx
[INFO] testNestedConnections(org.apache.commons.dbcp2.managed.TestManagedDataSourceInTx)  Time elapsed: 0.004 s
[INFO] testSharedConnection(org.apache.commons.dbcp2.managed.TestManagedDataSourceInTx)  Time elapsed: 0.002 s
[INFO] testReadOnly(org.apache.commons.dbcp2.managed.TestManagedDataSourceInTx)  Time elapsed: 0.001 s
[INFO] testConnectionReturnOnCommit(org.apache.commons.dbcp2.managed.TestManagedDataSourceInTx)  Time elapsed: 0 s
[INFO] testAutoCommitBehavior(org.apache.commons.dbcp2.managed.TestManagedDataSourceInTx)  Time elapsed: 0 s
[INFO] testCloseInTransaction(org.apache.commons.dbcp2.managed.TestManagedDataSourceInTx)  Time elapsed: 0 s
[INFO] testManagedConnectionEqualsFail(org.apache.commons.dbcp2.managed.TestManagedDataSourceInTx)  Time elapsed: 0 s
[INFO] testHashCode(org.apache.commons.dbcp2.managed.TestManagedDataSourceInTx)  Time elapsed: 0.001 s
[INFO] testConnectionsAreDistinct(org.apache.commons.dbcp2.managed.TestManagedDataSourceInTx)  Time elapsed: 0.003 s
[INFO] testMaxTotal(org.apache.commons.dbcp2.managed.TestManagedDataSourceInTx)  Time elapsed: 0.102 s
[INFO] testCommit(org.apache.commons.dbcp2.managed.TestManagedDataSourceInTx)  Time elapsed: 0.001 s
[INFO] testClearWarnings(org.apache.commons.dbcp2.managed.TestManagedDataSourceInTx)  Time elapsed: 0 s
[INFO] testSharedTransactionConversion(org.apache.commons.dbcp2.managed.TestManagedDataSourceInTx)  Time elapsed: 0.001 s
[INFO] testManagedConnectionEqualsSameDelegateNoUnderlyingAccess(org.apache.commons.dbcp2.managed.TestManagedDataSourceInTx)  Time elapsed: 0.001 s
[INFO] testManagedConnectionEqualsSameDelegate(org.apache.commons.dbcp2.managed.TestManagedDataSourceInTx)  Time elapsed: 0.001 s
[INFO] testManagedConnectionEqualsNull(org.apache.commons.dbcp2.managed.TestManagedDataSourceInTx)  Time elapsed: 0.001 s
[INFO] testManagedConnectionEqualsType(org.apache.commons.dbcp2.managed.TestManagedDataSourceInTx)  Time elapsed: 0.001 s
[INFO] testManagedConnectionEqualInnermost(org.apache.commons.dbcp2.managed.TestManagedDataSourceInTx)  Time elapsed: 0 s
[INFO] testManagedConnectionEqualsReflexive(org.apache.commons.dbcp2.managed.TestManagedDataSourceInTx)  Time elapsed: 0.001 s
[INFO] testAccessToUnderlyingConnectionAllowed(org.apache.commons.dbcp2.managed.TestManagedDataSourceInTx)  Time elapsed: 0 s
[INFO] testThreaded(org.apache.commons.dbcp2.managed.TestManagedDataSourceInTx)  Time elapsed: 2.807 s
[INFO] testCanCloseStatementTwice(org.apache.commons.dbcp2.managed.TestManagedDataSourceInTx)  Time elapsed: 0.002 s
[INFO] testNoRsetClose(org.apache.commons.dbcp2.managed.TestManagedDataSourceInTx)  Time elapsed: 0.001 s
[INFO] testOpening(org.apache.commons.dbcp2.managed.TestManagedDataSourceInTx)  Time elapsed: 0.001 s
[INFO] testPooling(org.apache.commons.dbcp2.managed.TestManagedDataSourceInTx)  Time elapsed: 0 s
[INFO] testCanCloseConnectionTwice(org.apache.commons.dbcp2.managed.TestManagedDataSourceInTx)  Time elapsed: 0 s
[INFO] testIsClosed(org.apache.commons.dbcp2.managed.TestManagedDataSourceInTx)  Time elapsed: 0.001 s
[INFO] testCanCloseCallableStatementTwice(org.apache.commons.dbcp2.managed.TestManagedDataSourceInTx)  Time elapsed: 0.001 s
[INFO] testHashing(org.apache.commons.dbcp2.managed.TestManagedDataSourceInTx)  Time elapsed: 0.001 s
[INFO] testCanClosePreparedStatementTwice(org.apache.commons.dbcp2.managed.TestManagedDataSourceInTx)  Time elapsed: 0 s
[INFO] testClosing(org.apache.commons.dbcp2.managed.TestManagedDataSourceInTx)  Time elapsed: 0 s
[INFO] testPrepareStatementOptions(org.apache.commons.dbcp2.managed.TestManagedDataSourceInTx)  Time elapsed: 0.001 s
[INFO] testBackPointers(org.apache.commons.dbcp2.managed.TestManagedDataSourceInTx)  Time elapsed: 0.001 s
[INFO] testRepeatedBorrowAndReturn(org.apache.commons.dbcp2.managed.TestManagedDataSourceInTx)  Time elapsed: 0.001 s
[INFO] testCanCloseResultSetTwice(org.apache.commons.dbcp2.managed.TestManagedDataSourceInTx)  Time elapsed: 0 s
[INFO] testSimple2(org.apache.commons.dbcp2.managed.TestManagedDataSourceInTx)  Time elapsed: 0.001 s
[INFO] testSimple(org.apache.commons.dbcp2.managed.TestManagedDataSourceInTx)  Time elapsed: 0.001 s
[INFO] Running org.apache.commons.dbcp2.managed.TestDataSourceXAConnectionFactory
[INFO] Tests run: 58, Failures: 0, Errors: 0, Skipped: 0, Time elapsed: 5.543 s - in org.apache.commons.dbcp2.managed.TestDataSourceXAConnectionFactory
[INFO] testPhysicalClose(org.apache.commons.dbcp2.managed.TestDataSourceXAConnectionFactory)  Time elapsed: 0.007 s
[INFO] testEmptyValidationQuery(org.apache.commons.dbcp2.managed.TestDataSourceXAConnectionFactory)  Time elapsed: 0 s
[INFO] testValidationQueryTimoutFail(org.apache.commons.dbcp2.managed.TestDataSourceXAConnectionFactory)  Time elapsed: 0 s
[INFO] testConcurrentInvalidateBorrow(org.apache.commons.dbcp2.managed.TestDataSourceXAConnectionFactory)  Time elapsed: 0.032 s
[INFO] testSetValidationTestProperties(org.apache.commons.dbcp2.managed.TestDataSourceXAConnectionFactory)  Time elapsed: 0 s
[INFO] testRollbackReadOnly(org.apache.commons.dbcp2.managed.TestDataSourceXAConnectionFactory)  Time elapsed: 0 s
[INFO] testClose(org.apache.commons.dbcp2.managed.TestDataSourceXAConnectionFactory)  Time elapsed: 0.001 s
[INFO] testPropertyTestOnReturn(org.apache.commons.dbcp2.managed.TestDataSourceXAConnectionFactory)  Time elapsed: 0.001 s
[INFO] testValidationQueryTimeoutSucceed(org.apache.commons.dbcp2.managed.TestDataSourceXAConnectionFactory)  Time elapsed: 0 s
[INFO] testMaxTotalZero(org.apache.commons.dbcp2.managed.TestDataSourceXAConnectionFactory)  Time elapsed: 0.101 s
[INFO] testPooling(org.apache.commons.dbcp2.managed.TestDataSourceXAConnectionFactory)  Time elapsed: 0.002 s
[INFO] testMaxConnLifetimeExceeded(org.apache.commons.dbcp2.managed.TestDataSourceXAConnectionFactory)  Time elapsed: 0.501 s
[INFO] testValidationQueryTimeoutNegative(org.apache.commons.dbcp2.managed.TestDataSourceXAConnectionFactory)  Time elapsed: 0 s
[INFO] testPoolCloseRTE(org.apache.commons.dbcp2.managed.TestDataSourceXAConnectionFactory)  Time elapsed: 0.001 s
[INFO] testInvalidConnectionInitSql(org.apache.commons.dbcp2.managed.TestDataSourceXAConnectionFactory)  Time elapsed: 0 s
[INFO] testInstanceNotFoundExceptionLogSuppressed(org.apache.commons.dbcp2.managed.TestDataSourceXAConnectionFactory)  Time elapsed: 0 s
[INFO] testSetAutoCommitTrueOnClose(org.apache.commons.dbcp2.managed.TestDataSourceXAConnectionFactory)  Time elapsed: 0 s
[INFO] testConcurrentInitBorrow(org.apache.commons.dbcp2.managed.TestDataSourceXAConnectionFactory)  Time elapsed: 0.453 s
[INFO] testValidationQueryTimeoutZero(org.apache.commons.dbcp2.managed.TestDataSourceXAConnectionFactory)  Time elapsed: 0.001 s
[INFO] testMaxConnLifetimeExceededMutedLog(org.apache.commons.dbcp2.managed.TestDataSourceXAConnectionFactory)  Time elapsed: 0.501 s
[INFO] testEmptyInitConnectionSql(org.apache.commons.dbcp2.managed.TestDataSourceXAConnectionFactory)  Time elapsed: 0.001 s
[INFO] testDriverClassLoader(org.apache.commons.dbcp2.managed.TestDataSourceXAConnectionFactory)  Time elapsed: 0 s
[INFO] testJmxDisabled(org.apache.commons.dbcp2.managed.TestDataSourceXAConnectionFactory)  Time elapsed: 0.002 s
[INFO] testInitialSize(org.apache.commons.dbcp2.managed.TestDataSourceXAConnectionFactory)  Time elapsed: 0.001 s
[INFO] testInvalidValidationQuery(org.apache.commons.dbcp2.managed.TestDataSourceXAConnectionFactory)  Time elapsed: 0 s
[INFO] testNoAccessToUnderlyingConnectionAllowed(org.apache.commons.dbcp2.managed.TestDataSourceXAConnectionFactory)  Time elapsed: 0.001 s
[INFO] testPoolCloseCheckedException(org.apache.commons.dbcp2.managed.TestDataSourceXAConnectionFactory)  Time elapsed: 0.001 s
[INFO] testCreateDataSourceCleanupEvictor(org.apache.commons.dbcp2.managed.TestDataSourceXAConnectionFactory)  Time elapsed: 1 s
[INFO] testTransactionIsolationBehavior(org.apache.commons.dbcp2.managed.TestDataSourceXAConnectionFactory)  Time elapsed: 0 s
[INFO] testCreateDataSourceCleanupThreads(org.apache.commons.dbcp2.managed.TestDataSourceXAConnectionFactory)  Time elapsed: 0.001 s
[INFO] testDefaultCatalog(org.apache.commons.dbcp2.managed.TestDataSourceXAConnectionFactory)  Time elapsed: 0.001 s
[INFO] testAccessToUnderlyingConnectionAllowed(org.apache.commons.dbcp2.managed.TestDataSourceXAConnectionFactory)  Time elapsed: 0 s
[INFO] testInvalidateConnection(org.apache.commons.dbcp2.managed.TestDataSourceXAConnectionFactory)  Time elapsed: 0.001 s
[INFO] testSetProperties(org.apache.commons.dbcp2.managed.TestDataSourceXAConnectionFactory)  Time elapsed: 0 s
[INFO] testMutateAbandonedConfig(org.apache.commons.dbcp2.managed.TestDataSourceXAConnectionFactory)  Time elapsed: 0 s
[INFO] testDisconnectSqlCodes(org.apache.commons.dbcp2.managed.TestDataSourceXAConnectionFactory)  Time elapsed: 0.001 s
[INFO] testIsClosedFailure(org.apache.commons.dbcp2.managed.TestDataSourceXAConnectionFactory)  Time elapsed: 0 s
[INFO] testThreaded(org.apache.commons.dbcp2.managed.TestDataSourceXAConnectionFactory)  Time elapsed: 2.813 s
[INFO] testCanCloseStatementTwice(org.apache.commons.dbcp2.managed.TestDataSourceXAConnectionFactory)  Time elapsed: 0.001 s
[INFO] testNoRsetClose(org.apache.commons.dbcp2.managed.TestDataSourceXAConnectionFactory)  Time elapsed: 0 s
[INFO] testOpening(org.apache.commons.dbcp2.managed.TestDataSourceXAConnectionFactory)  Time elapsed: 0.001 s
[INFO] testCanCloseConnectionTwice(org.apache.commons.dbcp2.managed.TestDataSourceXAConnectionFactory)  Time elapsed: 0.001 s
[INFO] testIsClosed(org.apache.commons.dbcp2.managed.TestDataSourceXAConnectionFactory)  Time elapsed: 0 s
[INFO] testCanCloseCallableStatementTwice(org.apache.commons.dbcp2.managed.TestDataSourceXAConnectionFactory)  Time elapsed: 0.001 s
[INFO] testAutoCommitBehavior(org.apache.commons.dbcp2.managed.TestDataSourceXAConnectionFactory)  Time elapsed: 0 s
[INFO] testHashing(org.apache.commons.dbcp2.managed.TestDataSourceXAConnectionFactory)  Time elapsed: 0.001 s
[INFO] testCanClosePreparedStatementTwice(org.apache.commons.dbcp2.managed.TestDataSourceXAConnectionFactory)  Time elapsed: 0 s
[INFO] testClosing(org.apache.commons.dbcp2.managed.TestDataSourceXAConnectionFactory)  Time elapsed: 0.001 s
[INFO] testPrepareStatementOptions(org.apache.commons.dbcp2.managed.TestDataSourceXAConnectionFactory)  Time elapsed: 0 s
[INFO] testBackPointers(org.apache.commons.dbcp2.managed.TestDataSourceXAConnectionFactory)  Time elapsed: 0.003 s
[INFO] testHashCode(org.apache.commons.dbcp2.managed.TestDataSourceXAConnectionFactory)  Time elapsed: 0 s
[INFO] testConnectionsAreDistinct(org.apache.commons.dbcp2.managed.TestDataSourceXAConnectionFactory)  Time elapsed: 0 s
[INFO] testMaxTotal(org.apache.commons.dbcp2.managed.TestDataSourceXAConnectionFactory)  Time elapsed: 0.1 s
[INFO] testRepeatedBorrowAndReturn(org.apache.commons.dbcp2.managed.TestDataSourceXAConnectionFactory)  Time elapsed: 0.001 s
[INFO] testCanCloseResultSetTwice(org.apache.commons.dbcp2.managed.TestDataSourceXAConnectionFactory)  Time elapsed: 0.001 s
[INFO] testClearWarnings(org.apache.commons.dbcp2.managed.TestDataSourceXAConnectionFactory)  Time elapsed: 0.001 s
[INFO] testSimple2(org.apache.commons.dbcp2.managed.TestDataSourceXAConnectionFactory)  Time elapsed: 0 s
[INFO] testSimple(org.apache.commons.dbcp2.managed.TestDataSourceXAConnectionFactory)  Time elapsed: 0 s
[INFO] Running org.apache.commons.dbcp2.managed.TestManagedConnection
[INFO] Tests run: 1, Failures: 0, Errors: 0, Skipped: 0, Time elapsed: 0 s - in org.apache.commons.dbcp2.managed.TestManagedConnection
[INFO] testConnectionReturnOnErrorWhenEnlistingXAResource(org.apache.commons.dbcp2.managed.TestManagedConnection)  Time elapsed: 0 s
[INFO] Running org.apache.commons.dbcp2.managed.TestManagedDataSource
[INFO] Tests run: 33, Failures: 0, Errors: 0, Skipped: 0, Time elapsed: 2.715 s - in org.apache.commons.dbcp2.managed.TestManagedDataSource
[INFO] testManagedConnectionEqualsSameDelegateNoUnderlyingAccess(org.apache.commons.dbcp2.managed.TestManagedDataSource)  Time elapsed: 0 s
[INFO] testNestedConnections(org.apache.commons.dbcp2.managed.TestManagedDataSource)  Time elapsed: 0 s
[INFO] testSharedConnection(org.apache.commons.dbcp2.managed.TestManagedDataSource)  Time elapsed: 0 s
[INFO] testManagedConnectionEqualsSameDelegate(org.apache.commons.dbcp2.managed.TestManagedDataSource)  Time elapsed: 0 s
[INFO] testConnectionReturnOnCommit(org.apache.commons.dbcp2.managed.TestManagedDataSource)  Time elapsed: 0 s
[INFO] testManagedConnectionEqualsFail(org.apache.commons.dbcp2.managed.TestManagedDataSource)  Time elapsed: 0 s
[INFO] testManagedConnectionEqualsNull(org.apache.commons.dbcp2.managed.TestManagedDataSource)  Time elapsed: 0 s
[INFO] testManagedConnectionEqualsType(org.apache.commons.dbcp2.managed.TestManagedDataSource)  Time elapsed: 0 s
[INFO] testManagedConnectionEqualInnermost(org.apache.commons.dbcp2.managed.TestManagedDataSource)  Time elapsed: 0 s
[INFO] testManagedConnectionEqualsReflexive(org.apache.commons.dbcp2.managed.TestManagedDataSource)  Time elapsed: 0 s
[INFO] testAccessToUnderlyingConnectionAllowed(org.apache.commons.dbcp2.managed.TestManagedDataSource)  Time elapsed: 0 s
[INFO] testThreaded(org.apache.commons.dbcp2.managed.TestManagedDataSource)  Time elapsed: 2.606 s
[INFO] testCanCloseStatementTwice(org.apache.commons.dbcp2.managed.TestManagedDataSource)  Time elapsed: 0 s
[INFO] testNoRsetClose(org.apache.commons.dbcp2.managed.TestManagedDataSource)  Time elapsed: 0 s
[INFO] testOpening(org.apache.commons.dbcp2.managed.TestManagedDataSource)  Time elapsed: 0 s
[INFO] testPooling(org.apache.commons.dbcp2.managed.TestManagedDataSource)  Time elapsed: 0.001 s
[INFO] testCanCloseConnectionTwice(org.apache.commons.dbcp2.managed.TestManagedDataSource)  Time elapsed: 0 s
[INFO] testIsClosed(org.apache.commons.dbcp2.managed.TestManagedDataSource)  Time elapsed: 0 s
[INFO] testCanCloseCallableStatementTwice(org.apache.commons.dbcp2.managed.TestManagedDataSource)  Time elapsed: 0 s
[INFO] testAutoCommitBehavior(org.apache.commons.dbcp2.managed.TestManagedDataSource)  Time elapsed: 0 s
[INFO] testHashing(org.apache.commons.dbcp2.managed.TestManagedDataSource)  Time elapsed: 0.001 s
[INFO] testCanClosePreparedStatementTwice(org.apache.commons.dbcp2.managed.TestManagedDataSource)  Time elapsed: 0 s
[INFO] testClosing(org.apache.commons.dbcp2.managed.TestManagedDataSource)  Time elapsed: 0 s
[INFO] testPrepareStatementOptions(org.apache.commons.dbcp2.managed.TestManagedDataSource)  Time elapsed: 0 s
[INFO] testBackPointers(org.apache.commons.dbcp2.managed.TestManagedDataSource)  Time elapsed: 0.001 s
[INFO] testHashCode(org.apache.commons.dbcp2.managed.TestManagedDataSource)  Time elapsed: 0 s
[INFO] testConnectionsAreDistinct(org.apache.commons.dbcp2.managed.TestManagedDataSource)  Time elapsed: 0.001 s
[INFO] testMaxTotal(org.apache.commons.dbcp2.managed.TestManagedDataSource)  Time elapsed: 0.1 s
[INFO] testRepeatedBorrowAndReturn(org.apache.commons.dbcp2.managed.TestManagedDataSource)  Time elapsed: 0.001 s
[INFO] testCanCloseResultSetTwice(org.apache.commons.dbcp2.managed.TestManagedDataSource)  Time elapsed: 0 s
[INFO] testClearWarnings(org.apache.commons.dbcp2.managed.TestManagedDataSource)  Time elapsed: 0 s
[INFO] testSimple2(org.apache.commons.dbcp2.managed.TestManagedDataSource)  Time elapsed: 0 s
[INFO] testSimple(org.apache.commons.dbcp2.managed.TestManagedDataSource)  Time elapsed: 0 s
[INFO] Running org.apache.commons.dbcp2.managed.TestConnectionWithNarayana
[INFO] Tests run: 3, Failures: 0, Errors: 0, Skipped: 0, Time elapsed: 14.562 s - in org.apache.commons.dbcp2.managed.TestConnectionWithNarayana
[INFO] testConnectionInTimeout(org.apache.commons.dbcp2.managed.TestConnectionWithNarayana)  Time elapsed: 8.552 s
[INFO] testConnectionCommitAfterTimeout(org.apache.commons.dbcp2.managed.TestConnectionWithNarayana)  Time elapsed: 3.004 s
[INFO] testRepeatedGetConnectionInTimeout(org.apache.commons.dbcp2.managed.TestConnectionWithNarayana)  Time elapsed: 3.004 s
[INFO] Running org.apache.commons.dbcp2.managed.TestBasicManagedDataSource
[INFO] Tests run: 58, Failures: 0, Errors: 0, Skipped: 0, Time elapsed: 5.436 s - in org.apache.commons.dbcp2.managed.TestBasicManagedDataSource
[INFO] testReallyClose(org.apache.commons.dbcp2.managed.TestBasicManagedDataSource)  Time elapsed: 0 s
[INFO] testEmptyValidationQuery(org.apache.commons.dbcp2.managed.TestBasicManagedDataSource)  Time elapsed: 0.001 s
[INFO] testValidationQueryTimoutFail(org.apache.commons.dbcp2.managed.TestBasicManagedDataSource)  Time elapsed: 0 s
[INFO] testConcurrentInvalidateBorrow(org.apache.commons.dbcp2.managed.TestBasicManagedDataSource)  Time elapsed: 0.025 s
[INFO] testSetValidationTestProperties(org.apache.commons.dbcp2.managed.TestBasicManagedDataSource)  Time elapsed: 0.001 s
[INFO] testRollbackReadOnly(org.apache.commons.dbcp2.managed.TestBasicManagedDataSource)  Time elapsed: 0.001 s
[INFO] testClose(org.apache.commons.dbcp2.managed.TestBasicManagedDataSource)  Time elapsed: 0.002 s
[INFO] testPropertyTestOnReturn(org.apache.commons.dbcp2.managed.TestBasicManagedDataSource)  Time elapsed: 0.001 s
[INFO] testValidationQueryTimeoutSucceed(org.apache.commons.dbcp2.managed.TestBasicManagedDataSource)  Time elapsed: 0.001 s
[INFO] testMaxTotalZero(org.apache.commons.dbcp2.managed.TestBasicManagedDataSource)  Time elapsed: 0.101 s
[INFO] testPooling(org.apache.commons.dbcp2.managed.TestBasicManagedDataSource)  Time elapsed: 0.002 s
[INFO] testMaxConnLifetimeExceeded(org.apache.commons.dbcp2.managed.TestBasicManagedDataSource)  Time elapsed: 0.502 s
[INFO] testValidationQueryTimeoutNegative(org.apache.commons.dbcp2.managed.TestBasicManagedDataSource)  Time elapsed: 0 s
[INFO] testPoolCloseRTE(org.apache.commons.dbcp2.managed.TestBasicManagedDataSource)  Time elapsed: 0.001 s
[INFO] testInvalidConnectionInitSql(org.apache.commons.dbcp2.managed.TestBasicManagedDataSource)  Time elapsed: 0 s
[INFO] testInstanceNotFoundExceptionLogSuppressed(org.apache.commons.dbcp2.managed.TestBasicManagedDataSource)  Time elapsed: 0.001 s
[INFO] testSetAutoCommitTrueOnClose(org.apache.commons.dbcp2.managed.TestBasicManagedDataSource)  Time elapsed: 0 s
[INFO] testConcurrentInitBorrow(org.apache.commons.dbcp2.managed.TestBasicManagedDataSource)  Time elapsed: 0.453 s
[INFO] testValidationQueryTimeoutZero(org.apache.commons.dbcp2.managed.TestBasicManagedDataSource)  Time elapsed: 0.001 s
[INFO] testMaxConnLifetimeExceededMutedLog(org.apache.commons.dbcp2.managed.TestBasicManagedDataSource)  Time elapsed: 0.501 s
[INFO] testEmptyInitConnectionSql(org.apache.commons.dbcp2.managed.TestBasicManagedDataSource)  Time elapsed: 0 s
[INFO] testDriverClassLoader(org.apache.commons.dbcp2.managed.TestBasicManagedDataSource)  Time elapsed: 0.001 s
[INFO] testJmxDisabled(org.apache.commons.dbcp2.managed.TestBasicManagedDataSource)  Time elapsed: 0 s
[INFO] testInitialSize(org.apache.commons.dbcp2.managed.TestBasicManagedDataSource)  Time elapsed: 0 s
[INFO] testInvalidValidationQuery(org.apache.commons.dbcp2.managed.TestBasicManagedDataSource)  Time elapsed: 0.001 s
[INFO] testNoAccessToUnderlyingConnectionAllowed(org.apache.commons.dbcp2.managed.TestBasicManagedDataSource)  Time elapsed: 0 s
[INFO] testPoolCloseCheckedException(org.apache.commons.dbcp2.managed.TestBasicManagedDataSource)  Time elapsed: 0 s
[INFO] testCreateDataSourceCleanupEvictor(org.apache.commons.dbcp2.managed.TestBasicManagedDataSource)  Time elapsed: 1.002 s
[INFO] testTransactionIsolationBehavior(org.apache.commons.dbcp2.managed.TestBasicManagedDataSource)  Time elapsed: 0.001 s
[INFO] testCreateDataSourceCleanupThreads(org.apache.commons.dbcp2.managed.TestBasicManagedDataSource)  Time elapsed: 0.001 s
[INFO] testDefaultCatalog(org.apache.commons.dbcp2.managed.TestBasicManagedDataSource)  Time elapsed: 0.001 s
[INFO] testAccessToUnderlyingConnectionAllowed(org.apache.commons.dbcp2.managed.TestBasicManagedDataSource)  Time elapsed: 0.001 s
[INFO] testInvalidateConnection(org.apache.commons.dbcp2.managed.TestBasicManagedDataSource)  Time elapsed: 0.001 s
[INFO] testSetProperties(org.apache.commons.dbcp2.managed.TestBasicManagedDataSource)  Time elapsed: 0 s
[INFO] testMutateAbandonedConfig(org.apache.commons.dbcp2.managed.TestBasicManagedDataSource)  Time elapsed: 0.001 s
[INFO] testDisconnectSqlCodes(org.apache.commons.dbcp2.managed.TestBasicManagedDataSource)  Time elapsed: 0.001 s
[INFO] testIsClosedFailure(org.apache.commons.dbcp2.managed.TestBasicManagedDataSource)  Time elapsed: 0.001 s
[INFO] testThreaded(org.apache.commons.dbcp2.managed.TestBasicManagedDataSource)  Time elapsed: 2.713 s
[INFO] testCanCloseStatementTwice(org.apache.commons.dbcp2.managed.TestBasicManagedDataSource)  Time elapsed: 0.002 s
[INFO] testNoRsetClose(org.apache.commons.dbcp2.managed.TestBasicManagedDataSource)  Time elapsed: 0.001 s
[INFO] testOpening(org.apache.commons.dbcp2.managed.TestBasicManagedDataSource)  Time elapsed: 0.001 s
[INFO] testCanCloseConnectionTwice(org.apache.commons.dbcp2.managed.TestBasicManagedDataSource)  Time elapsed: 0.001 s
[INFO] testIsClosed(org.apache.commons.dbcp2.managed.TestBasicManagedDataSource)  Time elapsed: 0.001 s
[INFO] testCanCloseCallableStatementTwice(org.apache.commons.dbcp2.managed.TestBasicManagedDataSource)  Time elapsed: 0.001 s
[INFO] testAutoCommitBehavior(org.apache.commons.dbcp2.managed.TestBasicManagedDataSource)  Time elapsed: 0.001 s
[INFO] testHashing(org.apache.commons.dbcp2.managed.TestBasicManagedDataSource)  Time elapsed: 0 s
[INFO] testCanClosePreparedStatementTwice(org.apache.commons.dbcp2.managed.TestBasicManagedDataSource)  Time elapsed: 0.001 s
[INFO] testClosing(org.apache.commons.dbcp2.managed.TestBasicManagedDataSource)  Time elapsed: 0.001 s
[INFO] testPrepareStatementOptions(org.apache.commons.dbcp2.managed.TestBasicManagedDataSource)  Time elapsed: 0 s
[INFO] testBackPointers(org.apache.commons.dbcp2.managed.TestBasicManagedDataSource)  Time elapsed: 0.002 s
[INFO] testHashCode(org.apache.commons.dbcp2.managed.TestBasicManagedDataSource)  Time elapsed: 0 s
[INFO] testConnectionsAreDistinct(org.apache.commons.dbcp2.managed.TestBasicManagedDataSource)  Time elapsed: 0 s
[INFO] testMaxTotal(org.apache.commons.dbcp2.managed.TestBasicManagedDataSource)  Time elapsed: 0.101 s
[INFO] testRepeatedBorrowAndReturn(org.apache.commons.dbcp2.managed.TestBasicManagedDataSource)  Time elapsed: 0.001 s
[INFO] testCanCloseResultSetTwice(org.apache.commons.dbcp2.managed.TestBasicManagedDataSource)  Time elapsed: 0 s
[INFO] testClearWarnings(org.apache.commons.dbcp2.managed.TestBasicManagedDataSource)  Time elapsed: 0.001 s
[INFO] testSimple2(org.apache.commons.dbcp2.managed.TestBasicManagedDataSource)  Time elapsed: 0 s
[INFO] testSimple(org.apache.commons.dbcp2.managed.TestBasicManagedDataSource)  Time elapsed: 0 s
[INFO] Running org.apache.commons.dbcp2.TestDelegatingCallableStatement
[INFO] Tests run: 3, Failures: 0, Errors: 0, Skipped: 0, Time elapsed: 0 s - in org.apache.commons.dbcp2.TestDelegatingCallableStatement
[INFO] testGetDelegate(org.apache.commons.dbcp2.TestDelegatingCallableStatement)  Time elapsed: 0 s
[INFO] testExecuteQueryReturnsNotNull(org.apache.commons.dbcp2.TestDelegatingCallableStatement)  Time elapsed: 0 s
[INFO] testExecuteQueryReturnsNull(org.apache.commons.dbcp2.TestDelegatingCallableStatement)  Time elapsed: 0 s
[INFO] Running org.apache.commons.dbcp2.TestPoolingDataSource
[INFO] Tests run: 30, Failures: 0, Errors: 0, Skipped: 0, Time elapsed: 2.704 s - in org.apache.commons.dbcp2.TestPoolingDataSource
[INFO] testClose(org.apache.commons.dbcp2.TestPoolingDataSource)  Time elapsed: 0 s
[INFO] testFixFactoryConfig(org.apache.commons.dbcp2.TestPoolingDataSource)  Time elapsed: 0 s
[INFO] testPoolGuardConnectionWrapperEqualsSameDelegate(org.apache.commons.dbcp2.TestPoolingDataSource)  Time elapsed: 0 s
[INFO] testPoolGuardConnectionWrapperEqualInnermost(org.apache.commons.dbcp2.TestPoolingDataSource)  Time elapsed: 0 s
[INFO] testPoolGuardConnectionWrapperEqualsReflexive(org.apache.commons.dbcp2.TestPoolingDataSource)  Time elapsed: 0 s
[INFO] testPoolGuardConnectionWrapperEqualsFail(org.apache.commons.dbcp2.TestPoolingDataSource)  Time elapsed: 0 s
[INFO] testPoolGuardConnectionWrapperEqualsNull(org.apache.commons.dbcp2.TestPoolingDataSource)  Time elapsed: 0 s
[INFO] testPoolGuardConnectionWrapperEqualsType(org.apache.commons.dbcp2.TestPoolingDataSource)  Time elapsed: 0 s
[INFO] testThreaded(org.apache.commons.dbcp2.TestPoolingDataSource)  Time elapsed: 2.594 s
[INFO] testCanCloseStatementTwice(org.apache.commons.dbcp2.TestPoolingDataSource)  Time elapsed: 0.001 s
[INFO] testNoRsetClose(org.apache.commons.dbcp2.TestPoolingDataSource)  Time elapsed: 0 s
[INFO] testOpening(org.apache.commons.dbcp2.TestPoolingDataSource)  Time elapsed: 0 s
[INFO] testPooling(org.apache.commons.dbcp2.TestPoolingDataSource)  Time elapsed: 0.001 s
[INFO] testCanCloseConnectionTwice(org.apache.commons.dbcp2.TestPoolingDataSource)  Time elapsed: 0 s
[INFO] testIsClosed(org.apache.commons.dbcp2.TestPoolingDataSource)  Time elapsed: 0 s
[INFO] testCanCloseCallableStatementTwice(org.apache.commons.dbcp2.TestPoolingDataSource)  Time elapsed: 0.001 s
[INFO] testAutoCommitBehavior(org.apache.commons.dbcp2.TestPoolingDataSource)  Time elapsed: 0 s
[INFO] testHashing(org.apache.commons.dbcp2.TestPoolingDataSource)  Time elapsed: 0 s
[INFO] testCanClosePreparedStatementTwice(org.apache.commons.dbcp2.TestPoolingDataSource)  Time elapsed: 0.001 s
[INFO] testClosing(org.apache.commons.dbcp2.TestPoolingDataSource)  Time elapsed: 0 s
[INFO] testPrepareStatementOptions(org.apache.commons.dbcp2.TestPoolingDataSource)  Time elapsed: 0 s
[INFO] testBackPointers(org.apache.commons.dbcp2.TestPoolingDataSource)  Time elapsed: 0.001 s
[INFO] testHashCode(org.apache.commons.dbcp2.TestPoolingDataSource)  Time elapsed: 0 s
[INFO] testConnectionsAreDistinct(org.apache.commons.dbcp2.TestPoolingDataSource)  Time elapsed: 0 s
[INFO] testMaxTotal(org.apache.commons.dbcp2.TestPoolingDataSource)  Time elapsed: 0.1 s
[INFO] testRepeatedBorrowAndReturn(org.apache.commons.dbcp2.TestPoolingDataSource)  Time elapsed: 0.001 s
[INFO] testCanCloseResultSetTwice(org.apache.commons.dbcp2.TestPoolingDataSource)  Time elapsed: 0 s
[INFO] testClearWarnings(org.apache.commons.dbcp2.TestPoolingDataSource)  Time elapsed: 0.001 s
[INFO] testSimple2(org.apache.commons.dbcp2.TestPoolingDataSource)  Time elapsed: 0 s
[INFO] testSimple(org.apache.commons.dbcp2.TestPoolingDataSource)  Time elapsed: 0 s
[INFO] Running org.apache.commons.dbcp2.TestDriverManagerConnectionFactory
[INFO] Tests run: 3, Failures: 0, Errors: 0, Skipped: 0, Time elapsed: 0.199 s - in org.apache.commons.dbcp2.TestDriverManagerConnectionFactory
[INFO] testDriverManagerInitWithCredentials(org.apache.commons.dbcp2.TestDriverManagerConnectionFactory)  Time elapsed: 0.097 s
[INFO] testDriverManagerInitWithEmptyProperties(org.apache.commons.dbcp2.TestDriverManagerConnectionFactory)  Time elapsed: 0 s
[INFO] testDriverManagerInitWithProperties(org.apache.commons.dbcp2.TestDriverManagerConnectionFactory)  Time elapsed: 0.102 s
[INFO] Running org.apache.commons.dbcp2.TestDelegatingDatabaseMetaData
[INFO] Tests run: 2, Failures: 0, Errors: 0, Skipped: 0, Time elapsed: 0.007 s - in org.apache.commons.dbcp2.TestDelegatingDatabaseMetaData
[INFO] testGetDelegate(org.apache.commons.dbcp2.TestDelegatingDatabaseMetaData)  Time elapsed: 0.003 s
[INFO] testCheckOpen(org.apache.commons.dbcp2.TestDelegatingDatabaseMetaData)  Time elapsed: 0.001 s
[INFO] Running org.apache.commons.dbcp2.TestPoolingConnection
[INFO] Tests run: 9, Failures: 0, Errors: 0, Skipped: 0, Time elapsed: 0.004 s - in org.apache.commons.dbcp2.TestPoolingConnection
[INFO] testPrepareCall(org.apache.commons.dbcp2.TestPoolingConnection)  Time elapsed: 0.001 s
[INFO] testPrepareStatementWithColumnIndexes(org.apache.commons.dbcp2.TestPoolingConnection)  Time elapsed: 0.001 s
[INFO] testPrepareStatementWithAutoGeneratedKeys(org.apache.commons.dbcp2.TestPoolingConnection)  Time elapsed: 0 s
[INFO] testPrepareStatementWithColumnNames(org.apache.commons.dbcp2.TestPoolingConnection)  Time elapsed: 0.001 s
[INFO] testPrepareCallWithResultSetHoldability(org.apache.commons.dbcp2.TestPoolingConnection)  Time elapsed: 0 s
[INFO] testPrepareStatementWithResultSetHoldability(org.apache.commons.dbcp2.TestPoolingConnection)  Time elapsed: 0 s
[INFO] testPrepareCallWithResultSetConcurrency(org.apache.commons.dbcp2.TestPoolingConnection)  Time elapsed: 0.001 s
[INFO] testPrepareStatementWithResultSetConcurrency(org.apache.commons.dbcp2.TestPoolingConnection)  Time elapsed: 0 s
[INFO] testPrepareStatement(org.apache.commons.dbcp2.TestPoolingConnection)  Time elapsed: 0 s
[INFO] Running org.apache.commons.dbcp2.TestJndi
[INFO] Tests run: 3, Failures: 0, Errors: 0, Skipped: 0, Time elapsed: 0.003 s - in org.apache.commons.dbcp2.TestJndi
[INFO] testBasicDataSourceBind(org.apache.commons.dbcp2.TestJndi)  Time elapsed: 0.002 s
[INFO] testPerUserPoolDataSourceBind(org.apache.commons.dbcp2.TestJndi)  Time elapsed: 0 s
[INFO] testSharedPoolDataSourceBind(org.apache.commons.dbcp2.TestJndi)  Time elapsed: 0 s
[INFO] Running org.apache.commons.dbcp2.cpdsadapter.TestDriverAdapterCPDS
[INFO] Tests run: 12, Failures: 0, Errors: 0, Skipped: 0, Time elapsed: 4.108 s - in org.apache.commons.dbcp2.cpdsadapter.TestDriverAdapterCPDS
[INFO] testSetConnectionProperties(org.apache.commons.dbcp2.cpdsadapter.TestDriverAdapterCPDS)  Time elapsed: 0 s
[INFO] testSetConnectionPropertiesNull(org.apache.commons.dbcp2.cpdsadapter.TestDriverAdapterCPDS)  Time elapsed: 0 s
[INFO] testSetPasswordNullWithConnectionProperties(org.apache.commons.dbcp2.cpdsadapter.TestDriverAdapterCPDS)  Time elapsed: 0 s
[INFO] testSetPasswordNull(org.apache.commons.dbcp2.cpdsadapter.TestDriverAdapterCPDS)  Time elapsed: 0 s
[INFO] testNullValidationQuery(org.apache.commons.dbcp2.cpdsadapter.TestDriverAdapterCPDS)  Time elapsed: 0 s
[INFO] testClosingWithUserName(org.apache.commons.dbcp2.cpdsadapter.TestDriverAdapterCPDS)  Time elapsed: 0 s
[INFO] testSetUserNull(org.apache.commons.dbcp2.cpdsadapter.TestDriverAdapterCPDS)  Time elapsed: 0 s
[INFO] testDbcp367(org.apache.commons.dbcp2.cpdsadapter.TestDriverAdapterCPDS)  Time elapsed: 4.107 s
[INFO] testSimpleWithUsername(org.apache.commons.dbcp2.cpdsadapter.TestDriverAdapterCPDS)  Time elapsed: 0 s
[INFO] testSimple(org.apache.commons.dbcp2.cpdsadapter.TestDriverAdapterCPDS)  Time elapsed: 0 s
[INFO] testSetUserNullWithConnectionProperties(org.apache.commons.dbcp2.cpdsadapter.TestDriverAdapterCPDS)  Time elapsed: 0 s
[INFO] testIncorrectPassword(org.apache.commons.dbcp2.cpdsadapter.TestDriverAdapterCPDS)  Time elapsed: 0 s
[INFO] Running org.apache.commons.dbcp2.TestUtils
[INFO] Tests run: 1, Failures: 0, Errors: 0, Skipped: 0, Time elapsed: 0.001 s - in org.apache.commons.dbcp2.TestUtils
[INFO] testClassLoads(org.apache.commons.dbcp2.TestUtils)  Time elapsed: 0.001 s
[INFO] Running org.apache.commons.dbcp2.TestPoolableConnection
[INFO] Tests run: 5, Failures: 0, Errors: 0, Skipped: 0, Time elapsed: 0 s - in org.apache.commons.dbcp2.TestPoolableConnection
[INFO] testPoolableConnectionLeak(org.apache.commons.dbcp2.TestPoolableConnection)  Time elapsed: 0 s
[INFO] testFastFailValidationCustomCodes(org.apache.commons.dbcp2.TestPoolableConnection)  Time elapsed: 0 s
[INFO] testConnectionPool(org.apache.commons.dbcp2.TestPoolableConnection)  Time elapsed: 0 s
[INFO] testClosingWrappedInDelegate(org.apache.commons.dbcp2.TestPoolableConnection)  Time elapsed: 0 s
[INFO] testFastFailValidation(org.apache.commons.dbcp2.TestPoolableConnection)  Time elapsed: 0 s
[INFO] Running org.apache.commons.dbcp2.TestDelegatingStatement
[INFO] Tests run: 4, Failures: 0, Errors: 0, Skipped: 0, Time elapsed: 0 s - in org.apache.commons.dbcp2.TestDelegatingStatement
[INFO] testGetDelegate(org.apache.commons.dbcp2.TestDelegatingStatement)  Time elapsed: 0 s
[INFO] testIsWrapperFor(org.apache.commons.dbcp2.TestDelegatingStatement)  Time elapsed: 0 s
[INFO] testExecuteQueryReturnsNull(org.apache.commons.dbcp2.TestDelegatingStatement)  Time elapsed: 0 s
[INFO] testCheckOpen(org.apache.commons.dbcp2.TestDelegatingStatement)  Time elapsed: 0 s
[INFO] 
[INFO] Results:
[INFO] 
[INFO] Tests run: 579, Failures: 0, Errors: 0, Skipped: 0
[INFO] 
[INFO] 
[INFO] --- maven-jar-plugin:3.1.0:jar (default-jar) @ commons-dbcp2 ---
[INFO] Building jar: /tmp/tmpm5ymin23/commons-dbcp/target/commons-dbcp2-2.4.0.jar
[INFO] 
[INFO] --- maven-assembly-plugin:3.2.0:single (default) @ commons-dbcp2 ---
[INFO] Reading assembly descriptor: src/assembly/src.xml
[INFO] ------------------------------------------------------------------------
[INFO] BUILD FAILURE
[INFO] ------------------------------------------------------------------------
[INFO] Total time:  02:01 min
[INFO] Finished at: 2020-08-03T09:47:02Z
[INFO] ------------------------------------------------------------------------
[ERROR] Failed to execute goal org.apache.maven.plugins:maven-assembly-plugin:3.2.0:single (default) on project commons-dbcp2: Error reading assemblies: Error locating assembly descriptor: src/assembly/src.xml
[ERROR] 
[ERROR] [1] [INFO] Searching for file location: /tmp/tmpm5ymin23/commons-dbcp/src/assembly/src.xml
[ERROR] 
[ERROR] [2] [INFO] File: /tmp/tmpm5ymin23/commons-dbcp/src/assembly/src.xml does not exist.
[ERROR] 
[ERROR] [3] [INFO] File: /tmp/tmpm5ymin23/commons-dbcp/src/assembly/src.xml does not exist.
[ERROR] -> [Help 1]
org.apache.maven.lifecycle.LifecycleExecutionException: Failed to execute goal org.apache.maven.plugins:maven-assembly-plugin:3.2.0:single (default) on project commons-dbcp2: Error reading assemblies: Error locating assembly descriptor: src/assembly/src.xml

[1] [INFO] Searching for file location: /tmp/tmpm5ymin23/commons-dbcp/src/assembly/src.xml

[2] [INFO] File: /tmp/tmpm5ymin23/commons-dbcp/src/assembly/src.xml does not exist.

[3] [INFO] File: /tmp/tmpm5ymin23/commons-dbcp/src/assembly/src.xml does not exist.
    at org.apache.maven.lifecycle.internal.MojoExecutor.execute (MojoExecutor.java:215)
    at org.apache.maven.lifecycle.internal.MojoExecutor.execute (MojoExecutor.java:156)
    at org.apache.maven.lifecycle.internal.MojoExecutor.execute (MojoExecutor.java:148)
    at org.apache.maven.lifecycle.internal.LifecycleModuleBuilder.buildProject (LifecycleModuleBuilder.java:117)
    at org.apache.maven.lifecycle.internal.LifecycleModuleBuilder.buildProject (LifecycleModuleBuilder.java:81)
    at org.apache.maven.lifecycle.internal.builder.singlethreaded.SingleThreadedBuilder.build (SingleThreadedBuilder.java:56)
    at org.apache.maven.lifecycle.internal.LifecycleStarter.execute (LifecycleStarter.java:128)
    at org.apache.maven.DefaultMaven.doExecute (DefaultMaven.java:305)
    at org.apache.maven.DefaultMaven.doExecute (DefaultMaven.java:192)
    at org.apache.maven.DefaultMaven.execute (DefaultMaven.java:105)
    at org.apache.maven.cli.MavenCli.execute (MavenCli.java:957)
    at org.apache.maven.cli.MavenCli.doMain (MavenCli.java:289)
    at org.apache.maven.cli.MavenCli.main (MavenCli.java:193)
    at sun.reflect.NativeMethodAccessorImpl.invoke0 (Native Method)
    at sun.reflect.NativeMethodAccessorImpl.invoke (NativeMethodAccessorImpl.java:62)
    at sun.reflect.DelegatingMethodAccessorImpl.invoke (DelegatingMethodAccessorImpl.java:43)
    at java.lang.reflect.Method.invoke (Method.java:498)
    at org.codehaus.plexus.classworlds.launcher.Launcher.launchEnhanced (Launcher.java:282)
    at org.codehaus.plexus.classworlds.launcher.Launcher.launch (Launcher.java:225)
    at org.codehaus.plexus.classworlds.launcher.Launcher.mainWithExitCode (Launcher.java:406)
    at org.codehaus.plexus.classworlds.launcher.Launcher.main (Launcher.java:347)
Caused by: org.apache.maven.plugin.MojoExecutionException: Error reading assemblies: Error locating assembly descriptor: src/assembly/src.xml

[1] [INFO] Searching for file location: /tmp/tmpm5ymin23/commons-dbcp/src/assembly/src.xml

[2] [INFO] File: /tmp/tmpm5ymin23/commons-dbcp/src/assembly/src.xml does not exist.

[3] [INFO] File: /tmp/tmpm5ymin23/commons-dbcp/src/assembly/src.xml does not exist.
    at org.apache.maven.plugins.assembly.mojos.AbstractAssemblyMojo.execute (AbstractAssemblyMojo.java:454)
    at org.apache.maven.plugins.assembly.mojos.SingleAssemblyMojo.execute (SingleAssemblyMojo.java:61)
    at org.apache.maven.plugin.DefaultBuildPluginManager.executeMojo (DefaultBuildPluginManager.java:137)
    at org.apache.maven.lifecycle.internal.MojoExecutor.execute (MojoExecutor.java:210)
    at org.apache.maven.lifecycle.internal.MojoExecutor.execute (MojoExecutor.java:156)
    at org.apache.maven.lifecycle.internal.MojoExecutor.execute (MojoExecutor.java:148)
    at org.apache.maven.lifecycle.internal.LifecycleModuleBuilder.buildProject (LifecycleModuleBuilder.java:117)
    at org.apache.maven.lifecycle.internal.LifecycleModuleBuilder.buildProject (LifecycleModuleBuilder.java:81)
    at org.apache.maven.lifecycle.internal.builder.singlethreaded.SingleThreadedBuilder.build (SingleThreadedBuilder.java:56)
    at org.apache.maven.lifecycle.internal.LifecycleStarter.execute (LifecycleStarter.java:128)
    at org.apache.maven.DefaultMaven.doExecute (DefaultMaven.java:305)
    at org.apache.maven.DefaultMaven.doExecute (DefaultMaven.java:192)
    at org.apache.maven.DefaultMaven.execute (DefaultMaven.java:105)
    at org.apache.maven.cli.MavenCli.execute (MavenCli.java:957)
    at org.apache.maven.cli.MavenCli.doMain (MavenCli.java:289)
    at org.apache.maven.cli.MavenCli.main (MavenCli.java:193)
    at sun.reflect.NativeMethodAccessorImpl.invoke0 (Native Method)
    at sun.reflect.NativeMethodAccessorImpl.invoke (NativeMethodAccessorImpl.java:62)
    at sun.reflect.DelegatingMethodAccessorImpl.invoke (DelegatingMethodAccessorImpl.java:43)
    at java.lang.reflect.Method.invoke (Method.java:498)
    at org.codehaus.plexus.classworlds.launcher.Launcher.launchEnhanced (Launcher.java:282)
    at org.codehaus.plexus.classworlds.launcher.Launcher.launch (Launcher.java:225)
    at org.codehaus.plexus.classworlds.launcher.Launcher.mainWithExitCode (Launcher.java:406)
    at org.codehaus.plexus.classworlds.launcher.Launcher.main (Launcher.java:347)
Caused by: org.apache.maven.plugins.assembly.io.AssemblyReadException: Error locating assembly descriptor: src/assembly/src.xml

[1] [INFO] Searching for file location: /tmp/tmpm5ymin23/commons-dbcp/src/assembly/src.xml

[2] [INFO] File: /tmp/tmpm5ymin23/commons-dbcp/src/assembly/src.xml does not exist.

[3] [INFO] File: /tmp/tmpm5ymin23/commons-dbcp/src/assembly/src.xml does not exist.
    at org.apache.maven.plugins.assembly.io.DefaultAssemblyReader.addAssemblyFromDescriptor (DefaultAssemblyReader.java:294)
    at org.apache.maven.plugins.assembly.io.DefaultAssemblyReader.readAssemblies (DefaultAssemblyReader.java:116)
    at org.apache.maven.plugins.assembly.mojos.AbstractAssemblyMojo.execute (AbstractAssemblyMojo.java:450)
    at org.apache.maven.plugins.assembly.mojos.SingleAssemblyMojo.execute (SingleAssemblyMojo.java:61)
    at org.apache.maven.plugin.DefaultBuildPluginManager.executeMojo (DefaultBuildPluginManager.java:137)
    at org.apache.maven.lifecycle.internal.MojoExecutor.execute (MojoExecutor.java:210)
    at org.apache.maven.lifecycle.internal.MojoExecutor.execute (MojoExecutor.java:156)
    at org.apache.maven.lifecycle.internal.MojoExecutor.execute (MojoExecutor.java:148)
    at org.apache.maven.lifecycle.internal.LifecycleModuleBuilder.buildProject (LifecycleModuleBuilder.java:117)
    at org.apache.maven.lifecycle.internal.LifecycleModuleBuilder.buildProject (LifecycleModuleBuilder.java:81)
    at org.apache.maven.lifecycle.internal.builder.singlethreaded.SingleThreadedBuilder.build (SingleThreadedBuilder.java:56)
    at org.apache.maven.lifecycle.internal.LifecycleStarter.execute (LifecycleStarter.java:128)
    at org.apache.maven.DefaultMaven.doExecute (DefaultMaven.java:305)
    at org.apache.maven.DefaultMaven.doExecute (DefaultMaven.java:192)
    at org.apache.maven.DefaultMaven.execute (DefaultMaven.java:105)
    at org.apache.maven.cli.MavenCli.execute (MavenCli.java:957)
    at org.apache.maven.cli.MavenCli.doMain (MavenCli.java:289)
    at org.apache.maven.cli.MavenCli.main (MavenCli.java:193)
    at sun.reflect.NativeMethodAccessorImpl.invoke0 (Native Method)
    at sun.reflect.NativeMethodAccessorImpl.invoke (NativeMethodAccessorImpl.java:62)
    at sun.reflect.DelegatingMethodAccessorImpl.invoke (DelegatingMethodAccessorImpl.java:43)
    at java.lang.reflect.Method.invoke (Method.java:498)
    at org.codehaus.plexus.classworlds.launcher.Launcher.launchEnhanced (Launcher.java:282)
    at org.codehaus.plexus.classworlds.launcher.Launcher.launch (Launcher.java:225)
    at org.codehaus.plexus.classworlds.launcher.Launcher.mainWithExitCode (Launcher.java:406)
    at org.codehaus.plexus.classworlds.launcher.Launcher.main (Launcher.java:347)
[ERROR] 
[ERROR] Re-run Maven using the -X switch to enable full debug logging.
[ERROR] 
[ERROR] For more information about the errors and possible solutions, please read the following articles:
[ERROR] [Help 1] http://cwiki.apache.org/confluence/display/MAVEN/MojoExecutionException
[INFO] Build failures were ignored.
