[INFO] Error stacktraces are turned on.
[INFO] Scanning for projects...
[INFO] 
[INFO] --------< org.sonarsource.sslr-squid-bridge:sslr-squid-bridge >---------
[INFO] Building SonarSource :: Language Recognizer :: Squid Bridge 2.6.1
[INFO] --------------------------------[ jar ]---------------------------------
[INFO] 
[INFO] --- buildnumber-maven-plugin:1.3:create (default) @ sslr-squid-bridge ---
[INFO] Executing: /bin/sh -c cd /tmp/tmpzzoaqbdj/sslr-squid-bridge && git rev-parse --verify HEAD
[INFO] Working directory: /tmp/tmpzzoaqbdj/sslr-squid-bridge
[INFO] Storing buildNumber: 213871e559d7f7da2be3f8da186d61a80c0fbf42 at timestamp: 1596124082822
[WARNING] Cannot get the branch information from the git repository: 
Detecting the current branch failed: fatal: ref HEAD is not a symbolic ref

[INFO] Executing: /bin/sh -c cd /tmp/tmpzzoaqbdj/sslr-squid-bridge && git rev-parse --verify HEAD
[INFO] Working directory: /tmp/tmpzzoaqbdj/sslr-squid-bridge
[INFO] Storing buildScmBranch: UNKNOWN
[INFO] 
[INFO] --- maven-enforcer-plugin:1.3.1:enforce (enforce) @ sslr-squid-bridge ---
[INFO] 
[INFO] --- maven-license-plugin:1.10.b1:check (enforce-license-headers) @ sslr-squid-bridge ---
[INFO] Checking licenses...
[INFO] 
[INFO] --- maven-resources-plugin:2.7:resources (default-resources) @ sslr-squid-bridge ---
[INFO] Using 'UTF-8' encoding to copy filtered resources.
[INFO] skip non existing resourceDirectory /tmp/tmpzzoaqbdj/sslr-squid-bridge/src/main/resources
[INFO] 
[INFO] --- maven-compiler-plugin:3.2:compile (default-compile) @ sslr-squid-bridge ---
[INFO] Changes detected - recompiling the module!
[INFO] Compiling 129 source files to /tmp/tmpzzoaqbdj/sslr-squid-bridge/target/classes
[INFO] /tmp/tmpzzoaqbdj/sslr-squid-bridge/src/main/java/org/sonar/squidbridge/api/CheckMessage.java: Some input files use or override a deprecated API.
[INFO] /tmp/tmpzzoaqbdj/sslr-squid-bridge/src/main/java/org/sonar/squidbridge/api/CheckMessage.java: Recompile with -Xlint:deprecation for details.
[INFO] /tmp/tmpzzoaqbdj/sslr-squid-bridge/src/main/java/org/sonar/squidbridge/api/SourceCode.java: Some input files use unchecked or unsafe operations.
[INFO] /tmp/tmpzzoaqbdj/sslr-squid-bridge/src/main/java/org/sonar/squidbridge/api/SourceCode.java: Recompile with -Xlint:unchecked for details.
[INFO] 
[INFO] --- maven-resources-plugin:2.7:testResources (default-testResources) @ sslr-squid-bridge ---
[INFO] Using 'UTF-8' encoding to copy filtered resources.
[INFO] Copying 32 resources
[INFO] 
[INFO] --- maven-compiler-plugin:3.2:testCompile (default-testCompile) @ sslr-squid-bridge ---
[INFO] Changes detected - recompiling the module!
[INFO] Compiling 76 source files to /tmp/tmpzzoaqbdj/sslr-squid-bridge/target/test-classes
[INFO] /tmp/tmpzzoaqbdj/sslr-squid-bridge/src/test/java/org/sonar/squidbridge/annotations/AnnotationBasedRulesDefinitionTest.java: Some input files use or override a deprecated API.
[INFO] /tmp/tmpzzoaqbdj/sslr-squid-bridge/src/test/java/org/sonar/squidbridge/annotations/AnnotationBasedRulesDefinitionTest.java: Recompile with -Xlint:deprecation for details.
[INFO] /tmp/tmpzzoaqbdj/sslr-squid-bridge/src/test/java/org/sonar/squidbridge/metrics/ResourceParser.java: Some input files use unchecked or unsafe operations.
[INFO] /tmp/tmpzzoaqbdj/sslr-squid-bridge/src/test/java/org/sonar/squidbridge/metrics/ResourceParser.java: Recompile with -Xlint:unchecked for details.
[INFO] 
[INFO] --- maven-surefire-plugin:2.18:test (default-test) @ sslr-squid-bridge ---
[INFO] Surefire report directory: /tmp/tmpzzoaqbdj/sslr-squid-bridge/target/surefire-reports

-------------------------------------------------------
 T E S T S
-------------------------------------------------------
Running org.sonar.squidbridge.measures.CommentLinesDensityFormulaTest
Tests run: 2, Failures: 0, Errors: 0, Skipped: 0, Time elapsed: 0.002 sec - in org.sonar.squidbridge.measures.CommentLinesDensityFormulaTest
Running org.sonar.squidbridge.rules.PropertyFileLoaderTest
Tests run: 4, Failures: 0, Errors: 0, Skipped: 0, Time elapsed: 0.337 sec - in org.sonar.squidbridge.rules.PropertyFileLoaderTest
Running org.sonar.squidbridge.checks.AbstractGotoCheckTest
Tests run: 1, Failures: 0, Errors: 0, Skipped: 0, Time elapsed: 0.115 sec - in org.sonar.squidbridge.checks.AbstractGotoCheckTest
Running org.sonar.squidbridge.indexer.SquidIndexTest
Tests run: 6, Failures: 0, Errors: 0, Skipped: 0, Time elapsed: 0.007 sec - in org.sonar.squidbridge.indexer.SquidIndexTest
Running org.sonar.squidbridge.metrics.LinesOfCodeVisitorTest
Tests run: 1, Failures: 0, Errors: 0, Skipped: 0, Time elapsed: 0 sec - in org.sonar.squidbridge.metrics.LinesOfCodeVisitorTest
Running org.sonar.squidbridge.text.MultiLineCommentHandlerTest
Tests run: 6, Failures: 0, Errors: 0, Skipped: 0, Time elapsed: 0.005 sec - in org.sonar.squidbridge.text.MultiLineCommentHandlerTest
Running org.sonar.squidbridge.measures.MeasuresTest
Tests run: 4, Failures: 0, Errors: 0, Skipped: 0, Time elapsed: 0 sec - in org.sonar.squidbridge.measures.MeasuresTest
Running org.sonar.squidbridge.recognizer.RegexDetectorTest
Tests run: 4, Failures: 0, Errors: 0, Skipped: 0, Time elapsed: 0 sec - in org.sonar.squidbridge.recognizer.RegexDetectorTest
Running org.sonar.squidbridge.commonrules.internal.checks.CommentDensityCheckTest
Tests run: 5, Failures: 0, Errors: 0, Skipped: 0, Time elapsed: 0.107 sec - in org.sonar.squidbridge.commonrules.internal.checks.CommentDensityCheckTest
Running org.sonar.squidbridge.annotations.AnnotationBasedRulesDefinitionTest
Tests run: 20, Failures: 0, Errors: 0, Skipped: 0, Time elapsed: 0.058 sec - in org.sonar.squidbridge.annotations.AnnotationBasedRulesDefinitionTest
Running org.sonar.squidbridge.checks.AbstractCommentRegularExpressionCheckTest
Tests run: 4, Failures: 0, Errors: 0, Skipped: 0, Time elapsed: 0.013 sec - in org.sonar.squidbridge.checks.AbstractCommentRegularExpressionCheckTest
Running org.sonar.squidbridge.checks.AbstractNestedIfCheckTest
Tests run: 3, Failures: 0, Errors: 0, Skipped: 0, Time elapsed: 0.035 sec - in org.sonar.squidbridge.checks.AbstractNestedIfCheckTest
Running org.sonar.squidbridge.text.LiteralValueHandlerTest
Tests run: 3, Failures: 0, Errors: 0, Skipped: 0, Time elapsed: 0.139 sec - in org.sonar.squidbridge.text.LiteralValueHandlerTest
Running org.sonar.squidbridge.measures.CommentLinesWithoutHeaderFormulaTest
Tests run: 1, Failures: 0, Errors: 0, Skipped: 0, Time elapsed: 0 sec - in org.sonar.squidbridge.measures.CommentLinesWithoutHeaderFormulaTest
Running org.sonar.squidbridge.test.miniC.fakeChecks.FakeCommentCheckTest
Tests run: 1, Failures: 0, Errors: 0, Skipped: 0, Time elapsed: 0.018 sec - in org.sonar.squidbridge.test.miniC.fakeChecks.FakeCommentCheckTest
Running org.sonar.squidbridge.checks.ChecksHelperTest
Tests run: 1, Failures: 0, Errors: 0, Skipped: 0, Time elapsed: 0 sec - in org.sonar.squidbridge.checks.ChecksHelperTest
Running org.sonar.squidbridge.commonrules.internal.checks.DuplicatedBlocksCheckTest
Tests run: 2, Failures: 0, Errors: 0, Skipped: 0, Time elapsed: 0.009 sec - in org.sonar.squidbridge.commonrules.internal.checks.DuplicatedBlocksCheckTest
Running org.sonar.squidbridge.checks.AbstractNestedCommentsCheckTest
Tests run: 1, Failures: 0, Errors: 0, Skipped: 0, Time elapsed: 0.01 sec - in org.sonar.squidbridge.checks.AbstractNestedCommentsCheckTest
Running org.sonar.squidbridge.commonrules.api.CommonRulesDecoratorTest
Tests run: 9, Failures: 0, Errors: 0, Skipped: 0, Time elapsed: 0.05 sec - in org.sonar.squidbridge.commonrules.api.CommonRulesDecoratorTest
Running org.sonar.squidbridge.commonrules.internal.CommonRulesConstantsTest
Tests run: 1, Failures: 0, Errors: 0, Skipped: 0, Time elapsed: 0 sec - in org.sonar.squidbridge.commonrules.internal.CommonRulesConstantsTest
Running org.sonar.squidbridge.recognizer.ContainsDetectorTest
Tests run: 1, Failures: 0, Errors: 0, Skipped: 0, Time elapsed: 0 sec - in org.sonar.squidbridge.recognizer.ContainsDetectorTest
Running org.sonar.squidbridge.measures.InstabilityFormulaTest
Tests run: 3, Failures: 0, Errors: 0, Skipped: 0, Time elapsed: 0 sec - in org.sonar.squidbridge.measures.InstabilityFormulaTest
Running org.sonar.squidbridge.checks.CheckMessagesVerifierTest
Tests run: 9, Failures: 0, Errors: 0, Skipped: 0, Time elapsed: 0.041 sec - in org.sonar.squidbridge.checks.CheckMessagesVerifierTest
Running org.sonar.squidbridge.SquidTest
Tests run: 1, Failures: 0, Errors: 0, Skipped: 0, Time elapsed: 0.017 sec - in org.sonar.squidbridge.SquidTest
Running org.sonar.squidbridge.api.SourceCodeTest
Tests run: 11, Failures: 0, Errors: 0, Skipped: 0, Time elapsed: 0.004 sec - in org.sonar.squidbridge.api.SourceCodeTest
Running org.sonar.squidbridge.text.SingleLineCommentHandlerTest
Tests run: 4, Failures: 0, Errors: 0, Skipped: 0, Time elapsed: 0 sec - in org.sonar.squidbridge.text.SingleLineCommentHandlerTest
Running org.sonar.squidbridge.measures.SumAggregationFormulaTest
Tests run: 2, Failures: 0, Errors: 0, Skipped: 0, Time elapsed: 0 sec - in org.sonar.squidbridge.measures.SumAggregationFormulaTest
Running org.sonar.squidbridge.measures.MeanAggregationFormulaTest
Tests run: 2, Failures: 0, Errors: 0, Skipped: 0, Time elapsed: 0.001 sec - in org.sonar.squidbridge.measures.MeanAggregationFormulaTest
Running org.sonar.squidbridge.commonrules.internal.checks.LineCoverageCheckTest
Tests run: 3, Failures: 0, Errors: 0, Skipped: 0, Time elapsed: 0.002 sec - in org.sonar.squidbridge.commonrules.internal.checks.LineCoverageCheckTest
Running org.sonar.squidbridge.metrics.LinesVisitorTest
Tests run: 1, Failures: 0, Errors: 0, Skipped: 0, Time elapsed: 0.001 sec - in org.sonar.squidbridge.metrics.LinesVisitorTest
Running org.sonar.squidbridge.checks.AbstractParseErrorCheckTest
Tests run: 1, Failures: 0, Errors: 0, Skipped: 0, Time elapsed: 0.019 sec - in org.sonar.squidbridge.checks.AbstractParseErrorCheckTest
Running org.sonar.squidbridge.commonrules.internal.checks.FailedUnitTestsCheckTest
Tests run: 3, Failures: 0, Errors: 0, Skipped: 0, Time elapsed: 0.004 sec - in org.sonar.squidbridge.commonrules.internal.checks.FailedUnitTestsCheckTest
Running org.sonar.squidbridge.checks.AbstractLineLengthCheckTest
Tests run: 3, Failures: 0, Errors: 0, Skipped: 0, Time elapsed: 0.005 sec - in org.sonar.squidbridge.checks.AbstractLineLengthCheckTest
Running org.sonar.squidbridge.commonrules.internal.checks.BranchCoverageCheckTest
Tests run: 4, Failures: 0, Errors: 0, Skipped: 0, Time elapsed: 0.02 sec - in org.sonar.squidbridge.commonrules.internal.checks.BranchCoverageCheckTest
Running org.sonar.squidbridge.measures.AbstractnessFormulaTest
Tests run: 2, Failures: 0, Errors: 0, Skipped: 0, Time elapsed: 0.003 sec - in org.sonar.squidbridge.measures.AbstractnessFormulaTest
Running org.sonar.squidbridge.text.SourceTest
Tests run: 18, Failures: 0, Errors: 0, Skipped: 0, Time elapsed: 0.011 sec - in org.sonar.squidbridge.text.SourceTest
Running org.sonar.squidbridge.checks.AbstractXPathCheckTest
Tests run: 6, Failures: 0, Errors: 0, Skipped: 0, Time elapsed: 0.08 sec - in org.sonar.squidbridge.checks.AbstractXPathCheckTest
Running org.sonar.squidbridge.checks.AbstractNamingCheckTest
Tests run: 2, Failures: 0, Errors: 0, Skipped: 0, Time elapsed: 0.017 sec - in org.sonar.squidbridge.checks.AbstractNamingCheckTest
Running org.sonar.squidbridge.recognizer.CamelCaseDetectorTest
Tests run: 1, Failures: 0, Errors: 0, Skipped: 0, Time elapsed: 0 sec - in org.sonar.squidbridge.recognizer.CamelCaseDetectorTest
Running org.sonar.squidbridge.math.MeasuresDistributionTest
Tests run: 1, Failures: 0, Errors: 0, Skipped: 0, Time elapsed: 0 sec - in org.sonar.squidbridge.math.MeasuresDistributionTest
Running org.sonar.squidbridge.rules.ExternalDescriptionLoaderTest
Tests run: 4, Failures: 0, Errors: 0, Skipped: 0, Time elapsed: 0 sec - in org.sonar.squidbridge.rules.ExternalDescriptionLoaderTest
Running org.sonar.squidbridge.checks.AbstractSingleLineCommentsSyntaxCheckTest
Tests run: 1, Failures: 0, Errors: 0, Skipped: 0, Time elapsed: 0 sec - in org.sonar.squidbridge.checks.AbstractSingleLineCommentsSyntaxCheckTest
Running org.sonar.squidbridge.api.SourceMethodTest
Tests run: 1, Failures: 0, Errors: 0, Skipped: 0, Time elapsed: 0 sec - in org.sonar.squidbridge.api.SourceMethodTest
Running org.sonar.squidbridge.checks.SquidCheckTest
Tests run: 1, Failures: 0, Errors: 0, Skipped: 0, Time elapsed: 0 sec - in org.sonar.squidbridge.checks.SquidCheckTest
Running org.sonar.squidbridge.commonrules.internal.checks.SkippedUnitTestsCheckTest
Tests run: 3, Failures: 0, Errors: 0, Skipped: 0, Time elapsed: 0.009 sec - in org.sonar.squidbridge.commonrules.internal.checks.SkippedUnitTestsCheckTest
Running org.sonar.squidbridge.checks.AbstractFileComplexityCheckTest
Tests run: 3, Failures: 0, Errors: 0, Skipped: 0, Time elapsed: 0.008 sec - in org.sonar.squidbridge.checks.AbstractFileComplexityCheckTest
Running org.sonar.squidbridge.commonrules.internal.DefaultCommonRulesRepositoryTest
Tests run: 6, Failures: 0, Errors: 0, Skipped: 0, Time elapsed: 0.048 sec - in org.sonar.squidbridge.commonrules.internal.DefaultCommonRulesRepositoryTest
Running org.sonar.squidbridge.recognizer.EndWithDetectorTest
Tests run: 1, Failures: 0, Errors: 0, Skipped: 0, Time elapsed: 0.001 sec - in org.sonar.squidbridge.recognizer.EndWithDetectorTest
Running org.sonar.squidbridge.rules.SqaleXmlLoaderTest
Tests run: 6, Failures: 0, Errors: 0, Skipped: 0, Time elapsed: 0.085 sec - in org.sonar.squidbridge.rules.SqaleXmlLoaderTest
Running org.sonar.squidbridge.text.LinesFactoryTest
Tests run: 8, Failures: 0, Errors: 0, Skipped: 0, Time elapsed: 0.001 sec - in org.sonar.squidbridge.text.LinesFactoryTest
Running org.sonar.squidbridge.checks.AbstractMagicCheckTest
Tests run: 1, Failures: 0, Errors: 0, Skipped: 0, Time elapsed: 0.006 sec - in org.sonar.squidbridge.checks.AbstractMagicCheckTest
Running org.sonar.squidbridge.api.SourceCodeTreeDecoratorTest
Tests run: 3, Failures: 0, Errors: 0, Skipped: 0, Time elapsed: 0.012 sec - in org.sonar.squidbridge.api.SourceCodeTreeDecoratorTest
Running org.sonar.squidbridge.api.CheckMessageTest
Tests run: 2, Failures: 0, Errors: 0, Skipped: 0, Time elapsed: 0.001 sec - in org.sonar.squidbridge.api.CheckMessageTest
Running org.sonar.squidbridge.measures.DistanceFormulaTest
Tests run: 2, Failures: 0, Errors: 0, Skipped: 0, Time elapsed: 0.005 sec - in org.sonar.squidbridge.measures.DistanceFormulaTest
Running org.sonar.squidbridge.api.SourceFileTest
Tests run: 2, Failures: 0, Errors: 0, Skipped: 0, Time elapsed: 0 sec - in org.sonar.squidbridge.api.SourceFileTest
Running org.sonar.squidbridge.metrics.CounterVisitorTest
Tests run: 1, Failures: 0, Errors: 0, Skipped: 0, Time elapsed: 0.022 sec - in org.sonar.squidbridge.metrics.CounterVisitorTest
Running org.sonar.squidbridge.text.StringArrayReaderTest
Tests run: 17, Failures: 0, Errors: 0, Skipped: 0, Time elapsed: 0.009 sec - in org.sonar.squidbridge.text.StringArrayReaderTest
Running org.sonar.squidbridge.checks.CheckMessagesVerifierRuleTest
Tests run: 4, Failures: 0, Errors: 0, Skipped: 0, Time elapsed: 0 sec - in org.sonar.squidbridge.checks.CheckMessagesVerifierRuleTest
Running org.sonar.squidbridge.metrics.ComplexityVisitorTest
Tests run: 1, Failures: 0, Errors: 0, Skipped: 0, Time elapsed: 0.001 sec - in org.sonar.squidbridge.metrics.ComplexityVisitorTest
Running org.sonar.squidbridge.checks.ViolationCounterCheckTest
Tests run: 1, Failures: 0, Errors: 0, Skipped: 0, Time elapsed: 0.178 sec - in org.sonar.squidbridge.checks.ViolationCounterCheckTest
Running org.sonar.squidbridge.text.LineTest
Tests run: 8, Failures: 0, Errors: 0, Skipped: 0, Time elapsed: 0 sec - in org.sonar.squidbridge.text.LineTest
Running org.sonar.squidbridge.checks.AbstractOneStatementPerLineCheckTest
Tests run: 1, Failures: 0, Errors: 0, Skipped: 0, Time elapsed: 0 sec - in org.sonar.squidbridge.checks.AbstractOneStatementPerLineCheckTest
Running org.sonar.squidbridge.measures.PublicDocumentedApiDensityFormulaTest
Tests run: 2, Failures: 0, Errors: 0, Skipped: 0, Time elapsed: 0 sec - in org.sonar.squidbridge.measures.PublicDocumentedApiDensityFormulaTest
Running org.sonar.squidbridge.metrics.CommentsVisitorTest
Tests run: 3, Failures: 0, Errors: 0, Skipped: 0, Time elapsed: 0 sec - in org.sonar.squidbridge.metrics.CommentsVisitorTest
Running org.sonar.squidbridge.ProgressReportTest
Tests run: 2, Failures: 0, Errors: 0, Skipped: 0, Time elapsed: 0.388 sec - in org.sonar.squidbridge.ProgressReportTest
Running org.sonar.squidbridge.recognizer.KeywordsDetectorTest
Tests run: 1, Failures: 0, Errors: 0, Skipped: 0, Time elapsed: 0 sec - in org.sonar.squidbridge.recognizer.KeywordsDetectorTest
Running org.sonar.squidbridge.commonrules.api.CommonRulesEngineTest
Tests run: 3, Failures: 0, Errors: 0, Skipped: 0, Time elapsed: 0.002 sec - in org.sonar.squidbridge.commonrules.api.CommonRulesEngineTest
Running org.sonar.squidbridge.ProgressAstScannerTest
Tests run: 2, Failures: 0, Errors: 0, Skipped: 0, Time elapsed: 0.137 sec - in org.sonar.squidbridge.ProgressAstScannerTest
Running org.sonar.squidbridge.annotations.AnnotationBasedProfileBuilderTest
Tests run: 4, Failures: 0, Errors: 0, Skipped: 0, Time elapsed: 0.044 sec - in org.sonar.squidbridge.annotations.AnnotationBasedProfileBuilderTest
Running org.sonar.squidbridge.checks.AbstractNoSonarCheckTest
Tests run: 1, Failures: 0, Errors: 0, Skipped: 0, Time elapsed: 0 sec - in org.sonar.squidbridge.checks.AbstractNoSonarCheckTest

Results :




Tests run: 252, Failures: 0, Errors: 0, Skipped: 0

[INFO] 
[INFO] --- maven-jar-plugin:2.5:jar (default-jar) @ sslr-squid-bridge ---
[INFO] Building jar: /tmp/tmpzzoaqbdj/sslr-squid-bridge/target/sslr-squid-bridge-2.6.1.jar
[INFO] 
[INFO] --- maven-assembly-plugin:3.2.0:single (default) @ sslr-squid-bridge ---
[INFO] Building jar: /tmp/tmpzzoaqbdj/sslr-squid-bridge/target/sslr-squid-bridge-2.6.1-jar-with-dependencies.jar
[INFO] ------------------------------------------------------------------------
[INFO] BUILD SUCCESS
[INFO] ------------------------------------------------------------------------
[INFO] Total time:  35.727 s
[INFO] Finished at: 2020-07-30T15:48:28Z
[INFO] ------------------------------------------------------------------------
