[INFO] Error stacktraces are turned on.
[INFO] Scanning for projects...
[INFO] 
[INFO] -----------------------< org.xerial:sqlite-jdbc >-----------------------
[INFO] Building SQLite JDBC 3.28.0
[INFO] --------------------------------[ jar ]---------------------------------
[INFO] 
[INFO] --- maven-enforcer-plugin:1.2:enforce (enforce-maven) @ sqlite-jdbc ---
[INFO] 
[INFO] --- maven-resources-plugin:2.6:resources (default-resources) @ sqlite-jdbc ---
[INFO] Using 'UTF-8' encoding to copy filtered resources.
[INFO] Copying 12 resources
[INFO] Copying 1 resource to META-INF/services
[INFO] Copying 1 resource
[INFO] Copying 3 resources to META-INF/maven/org.xerial/sqlite-jdbc
[INFO] 
[INFO] --- maven-compiler-plugin:3.1:compile (default-compile) @ sqlite-jdbc ---
[INFO] Changes detected - recompiling the module!
[INFO] Compiling 46 source files to /tmp/tmpfbfw550k/sqlite-jdbc/target/classes
[WARNING] /tmp/tmpfbfw550k/sqlite-jdbc/src/main/java/org/sqlite/SQLiteDataSource.java: Some input files use or override a deprecated API.
[WARNING] /tmp/tmpfbfw550k/sqlite-jdbc/src/main/java/org/sqlite/SQLiteDataSource.java: Recompile with -Xlint:deprecation for details.
[WARNING] /tmp/tmpfbfw550k/sqlite-jdbc/src/main/java/org/sqlite/jdbc3/JDBC3Connection.java: /tmp/tmpfbfw550k/sqlite-jdbc/src/main/java/org/sqlite/jdbc3/JDBC3Connection.java uses unchecked or unsafe operations.
[WARNING] /tmp/tmpfbfw550k/sqlite-jdbc/src/main/java/org/sqlite/jdbc3/JDBC3Connection.java: Recompile with -Xlint:unchecked for details.
[INFO] 
[INFO] --- maven-bundle-plugin:2.4.0:manifest (default) @ sqlite-jdbc ---
[INFO] 
[INFO] --- maven-resources-plugin:2.6:testResources (default-testResources) @ sqlite-jdbc ---
[INFO] Using 'UTF-8' encoding to copy filtered resources.
[INFO] Copying 2 resources
[INFO] skip non existing resourceDirectory /tmp/tmpfbfw550k/sqlite-jdbc/src/test/resources
[INFO] 
[INFO] --- maven-compiler-plugin:3.1:testCompile (default-testCompile) @ sqlite-jdbc ---
[INFO] Changes detected - recompiling the module!
[INFO] Compiling 28 source files to /tmp/tmpfbfw550k/sqlite-jdbc/target/test-classes
[WARNING] /tmp/tmpfbfw550k/sqlite-jdbc/src/test/java/org/sqlite/PrepStmtTest.java: /tmp/tmpfbfw550k/sqlite-jdbc/src/test/java/org/sqlite/PrepStmtTest.java uses or overrides a deprecated API.
[WARNING] /tmp/tmpfbfw550k/sqlite-jdbc/src/test/java/org/sqlite/PrepStmtTest.java: Recompile with -Xlint:deprecation for details.
[INFO] 
[INFO] --- maven-surefire-plugin:2.12.4:test (default-test) @ sqlite-jdbc ---
[INFO] Surefire report directory: /tmp/tmpfbfw550k/sqlite-jdbc/target/surefire-reports

-------------------------------------------------------
 T E S T S
-------------------------------------------------------
Running org.sqlite.SQLiteJDBCLoaderTest
Tests run: 4, Failures: 0, Errors: 0, Skipped: 0, Time elapsed: 0.456 sec
Running org.sqlite.DBMetaDataTest
Tests run: 38, Failures: 0, Errors: 0, Skipped: 0, Time elapsed: 0.056 sec
Running org.sqlite.BackupTest
Tests run: 2, Failures: 0, Errors: 0, Skipped: 0, Time elapsed: 0.119 sec
Running org.sqlite.ExtensionTest
Tests run: 3, Failures: 0, Errors: 0, Skipped: 0, Time elapsed: 0.002 sec
Running org.sqlite.TransactionTest
running in native mode
Tests run: 14, Failures: 0, Errors: 0, Skipped: 0, Time elapsed: 1.565 sec
Running org.sqlite.QueryTest
Tests run: 12, Failures: 0, Errors: 0, Skipped: 0, Time elapsed: 0.007 sec
Running org.sqlite.ErrorMessageTest
Tests run: 3, Failures: 0, Errors: 0, Skipped: 0, Time elapsed: 0.214 sec
Running org.sqlite.TypeMapTest
Tests run: 2, Failures: 0, Errors: 0, Skipped: 0, Time elapsed: 0.001 sec
Running org.sqlite.SQLiteConfigTest
Tests run: 1, Failures: 0, Errors: 0, Skipped: 0, Time elapsed: 0.001 sec
Running org.sqlite.JDBCTest
Tests run: 3, Failures: 0, Errors: 0, Skipped: 0, Time elapsed: 0.003 sec
Running org.sqlite.JSON1Test
Tests run: 57, Failures: 0, Errors: 0, Skipped: 0, Time elapsed: 0.029 sec
Running org.sqlite.util.OSInfoTest
Jul 30, 2020 6:17:18 PM org.sqlite.util.OSInfoTest testGetHardwareName
INFO: Hardware name: x86_64

Tests run: 6, Failures: 0, Errors: 0, Skipped: 0, Time elapsed: 0.078 sec
Running org.sqlite.SavepointTest
running in native mode
Tests run: 4, Failures: 0, Errors: 0, Skipped: 0, Time elapsed: 0.324 sec
Running org.sqlite.SQLiteConnectionPoolDataSourceTest
Tests run: 2, Failures: 0, Errors: 0, Skipped: 1, Time elapsed: 0.008 sec
Running org.sqlite.SQLiteDataSourceTest
Tests run: 2, Failures: 0, Errors: 0, Skipped: 0, Time elapsed: 0.003 sec
Running org.sqlite.PrepStmtTest
Tests run: 33, Failures: 0, Errors: 0, Skipped: 0, Time elapsed: 0.045 sec
Running org.sqlite.ProgressHandlerTest
Tests run: 3, Failures: 0, Errors: 0, Skipped: 0, Time elapsed: 0.002 sec
Running org.sqlite.ReadUncommittedTest
Tests run: 3, Failures: 0, Errors: 0, Skipped: 0, Time elapsed: 0.001 sec
Running org.sqlite.InsertQueryTest
Tests run: 3, Failures: 0, Errors: 0, Skipped: 0, Time elapsed: 1.06 sec
Running org.sqlite.ConnectionTest
Tests run: 21, Failures: 0, Errors: 0, Skipped: 0, Time elapsed: 0.085 sec
Running org.sqlite.StatementTest
Tests run: 35, Failures: 0, Errors: 0, Skipped: 1, Time elapsed: 0.022 sec
Running org.sqlite.FetchSizeTest
Tests run: 1, Failures: 0, Errors: 0, Skipped: 0, Time elapsed: 0 sec
Running org.sqlite.UDFTest
Tests run: 17, Failures: 0, Errors: 0, Skipped: 0, Time elapsed: 0.203 sec
Running org.sqlite.BusyHandlerTest
Tests run: 2, Failures: 0, Errors: 0, Skipped: 0, Time elapsed: 0.228 sec
Running org.sqlite.ResultSetTest
Tests run: 14, Failures: 0, Errors: 0, Skipped: 0, Time elapsed: 0.01 sec
Running org.sqlite.ExtendedCommandTest
Tests run: 2, Failures: 0, Errors: 0, Skipped: 0, Time elapsed: 0 sec
Running org.sqlite.RSMetaDataTest
Tests run: 9, Failures: 0, Errors: 0, Skipped: 0, Time elapsed: 0.007 sec

Results :

Tests run: 296, Failures: 0, Errors: 0, Skipped: 2

[INFO] 
[INFO] --- maven-jar-plugin:2.3.2:jar (default-jar) @ sqlite-jdbc ---
[INFO] Building jar: /tmp/tmpfbfw550k/sqlite-jdbc/target/sqlite-jdbc-3.28.0.jar
[INFO] 
[INFO] --- maven-assembly-plugin:3.2.0:single (default) @ sqlite-jdbc ---
[INFO] Building jar: /tmp/tmpfbfw550k/sqlite-jdbc/target/sqlite-jdbc-3.28.0-jar-with-dependencies.jar
[INFO] ------------------------------------------------------------------------
[INFO] BUILD SUCCESS
[INFO] ------------------------------------------------------------------------
[INFO] Total time:  11.735 s
[INFO] Finished at: 2020-07-30T18:17:23Z
[INFO] ------------------------------------------------------------------------
