[INFO] Error stacktraces are turned on.
[INFO] Scanning for projects...
[INFO] 
[INFO] --------------------< com.urbanairship:java-client >--------------------
[INFO] Building Java Client 5.1.2-SNAPSHOT
[INFO] --------------------------------[ jar ]---------------------------------
[INFO] 
[INFO] --- maven-enforcer-plugin:1.0:enforce (enforce-maven) @ java-client ---
[INFO] 
[INFO] --- jacoco-maven-plugin:0.8.5:prepare-agent (default) @ java-client ---
[INFO] argLine set to -javaagent:/home/jdbl/.m2/repository/org/jacoco/org.jacoco.agent/0.8.5/org.jacoco.agent-0.8.5-runtime.jar=destfile=/tmp/tmphr5ybwr1/java-library/target/jacoco.exec
[INFO] 
[INFO] --- maven-resources-plugin:2.6:resources (default-resources) @ java-client ---
[INFO] Using 'UTF-8' encoding to copy filtered resources.
[INFO] Copying 1 resource
[INFO] 
[INFO] --- maven-compiler-plugin:3.8.1:compile (default-compile) @ java-client ---
[INFO] Changes detected - recompiling the module!
[INFO] Compiling 531 source files to /tmp/tmphr5ybwr1/java-library/target/classes
[INFO] /tmp/tmphr5ybwr1/java-library/src/main/java/com/urbanairship/api/reports/parse/ReportsObjectMapper.java: Some input files use or override a deprecated API.
[INFO] /tmp/tmphr5ybwr1/java-library/src/main/java/com/urbanairship/api/reports/parse/ReportsObjectMapper.java: Recompile with -Xlint:deprecation for details.
[INFO] /tmp/tmphr5ybwr1/java-library/src/main/java/com/urbanairship/api/schedule/parse/SchedulePayloadReader.java: Some input files use unchecked or unsafe operations.
[INFO] /tmp/tmphr5ybwr1/java-library/src/main/java/com/urbanairship/api/schedule/parse/SchedulePayloadReader.java: Recompile with -Xlint:unchecked for details.
[INFO] 
[INFO] --- maven-resources-plugin:2.6:testResources (default-testResources) @ java-client ---
[INFO] Using 'UTF-8' encoding to copy filtered resources.
[INFO] skip non existing resourceDirectory /tmp/tmphr5ybwr1/java-library/src/test/resources
[INFO] 
[INFO] --- maven-compiler-plugin:3.8.1:testCompile (default-testCompile) @ java-client ---
[INFO] Changes detected - recompiling the module!
[INFO] Compiling 191 source files to /tmp/tmphr5ybwr1/java-library/target/test-classes
[INFO] /tmp/tmphr5ybwr1/java-library/src/test/java/com/urbanairship/api/client/ClientExceptionTest.java: Some input files use or override a deprecated API.
[INFO] /tmp/tmphr5ybwr1/java-library/src/test/java/com/urbanairship/api/client/ClientExceptionTest.java: Recompile with -Xlint:deprecation for details.
[INFO] /tmp/tmphr5ybwr1/java-library/src/test/java/com/urbanairship/api/push/parse/notification/android/StyleDeserializerTest.java: Some input files use unchecked or unsafe operations.
[INFO] /tmp/tmphr5ybwr1/java-library/src/test/java/com/urbanairship/api/push/parse/notification/android/StyleDeserializerTest.java: Recompile with -Xlint:unchecked for details.
[INFO] 
[INFO] --- maven-surefire-plugin:2.19.1:test (default-test) @ java-client ---
[INFO] Surefire report directory: /tmp/tmphr5ybwr1/java-library/target/surefire-reports

-------------------------------------------------------
 T E S T S
-------------------------------------------------------
Running com.urbanairship.api.client.UrbanAirshipClientTest
17:57:37.569 [AsyncHttpClient-43-2] WARN  com.urbanairship.api.client.RequestRetryFilter - Request failed with status code 503 after 5 attempts
17:57:37.770 [pool-2-thread-1] ERROR com.urbanairship.api.client.ResponseAsyncHandler - Exception thrown during response processing
java.util.concurrent.CancellationException: null
	at org.asynchttpclient.netty.NettyResponseFuture.cancel(NettyResponseFuture.java:189) [async-http-client-2.10.4.jar:?]
	at com.urbanairship.api.client.UrbanAirshipClientTest$5.run(UrbanAirshipClientTest.java:563) [test-classes/:?]
	at java.util.concurrent.Executors$RunnableAdapter.call(Executors.java:511) [?:1.8.0_262]
	at java.util.concurrent.FutureTask.run(FutureTask.java:266) [?:1.8.0_262]
	at java.util.concurrent.ScheduledThreadPoolExecutor$ScheduledFutureTask.access$201(ScheduledThreadPoolExecutor.java:180) [?:1.8.0_262]
	at java.util.concurrent.ScheduledThreadPoolExecutor$ScheduledFutureTask.run(ScheduledThreadPoolExecutor.java:293) [?:1.8.0_262]
	at java.util.concurrent.ThreadPoolExecutor.runWorker(ThreadPoolExecutor.java:1149) [?:1.8.0_262]
	at java.util.concurrent.ThreadPoolExecutor$Worker.run(ThreadPoolExecutor.java:624) [?:1.8.0_262]
	at java.lang.Thread.run(Thread.java:748) [?:1.8.0_262]
17:57:37.900 [AsyncHttpClient-53-1] ERROR com.urbanairship.api.client.ResponseAsyncHandler - Exception thrown during response processing
com.urbanairship.api.client.ClientException: Unauthorized
	at com.urbanairship.api.client.ClientException$Builder.build(ClientException.java:130) ~[classes/:?]
	at com.urbanairship.api.client.ResponseAsyncHandler.onBodyPartReceived(ResponseAsyncHandler.java:89) ~[classes/:?]
	at org.asynchttpclient.netty.handler.HttpHandler.handleChunk(HttpHandler.java:109) [async-http-client-2.10.4.jar:?]
	at org.asynchttpclient.netty.handler.HttpHandler.handleRead(HttpHandler.java:143) [async-http-client-2.10.4.jar:?]
	at org.asynchttpclient.netty.handler.AsyncHttpClientHandler.channelRead(AsyncHttpClientHandler.java:78) [async-http-client-2.10.4.jar:?]
	at io.netty.channel.AbstractChannelHandlerContext.invokeChannelRead(AbstractChannelHandlerContext.java:374) [netty-transport-4.1.42.Final.jar:4.1.42.Final]
	at io.netty.channel.AbstractChannelHandlerContext.invokeChannelRead(AbstractChannelHandlerContext.java:360) [netty-transport-4.1.42.Final.jar:4.1.42.Final]
	at io.netty.channel.AbstractChannelHandlerContext.fireChannelRead(AbstractChannelHandlerContext.java:352) [netty-transport-4.1.42.Final.jar:4.1.42.Final]
	at io.netty.handler.codec.MessageToMessageDecoder.channelRead(MessageToMessageDecoder.java:102) [netty-codec-4.1.42.Final.jar:4.1.42.Final]
	at io.netty.channel.AbstractChannelHandlerContext.invokeChannelRead(AbstractChannelHandlerContext.java:374) [netty-transport-4.1.42.Final.jar:4.1.42.Final]
	at io.netty.channel.AbstractChannelHandlerContext.invokeChannelRead(AbstractChannelHandlerContext.java:360) [netty-transport-4.1.42.Final.jar:4.1.42.Final]
	at io.netty.channel.AbstractChannelHandlerContext.fireChannelRead(AbstractChannelHandlerContext.java:352) [netty-transport-4.1.42.Final.jar:4.1.42.Final]
	at io.netty.channel.CombinedChannelDuplexHandler$DelegatingChannelHandlerContext.fireChannelRead(CombinedChannelDuplexHandler.java:438) [netty-transport-4.1.42.Final.jar:4.1.42.Final]
	at io.netty.handler.codec.ByteToMessageDecoder.fireChannelRead(ByteToMessageDecoder.java:328) [netty-codec-4.1.42.Final.jar:4.1.42.Final]
	at io.netty.handler.codec.ByteToMessageDecoder.fireChannelRead(ByteToMessageDecoder.java:315) [netty-codec-4.1.42.Final.jar:4.1.42.Final]
	at io.netty.handler.codec.ByteToMessageDecoder.callDecode(ByteToMessageDecoder.java:429) [netty-codec-4.1.42.Final.jar:4.1.42.Final]
	at io.netty.handler.codec.ByteToMessageDecoder.channelRead(ByteToMessageDecoder.java:283) [netty-codec-4.1.42.Final.jar:4.1.42.Final]
	at io.netty.channel.CombinedChannelDuplexHandler.channelRead(CombinedChannelDuplexHandler.java:253) [netty-transport-4.1.42.Final.jar:4.1.42.Final]
	at io.netty.channel.AbstractChannelHandlerContext.invokeChannelRead(AbstractChannelHandlerContext.java:374) [netty-transport-4.1.42.Final.jar:4.1.42.Final]
	at io.netty.channel.AbstractChannelHandlerContext.invokeChannelRead(AbstractChannelHandlerContext.java:360) [netty-transport-4.1.42.Final.jar:4.1.42.Final]
	at io.netty.channel.AbstractChannelHandlerContext.fireChannelRead(AbstractChannelHandlerContext.java:352) [netty-transport-4.1.42.Final.jar:4.1.42.Final]
	at io.netty.channel.DefaultChannelPipeline$HeadContext.channelRead(DefaultChannelPipeline.java:1422) [netty-transport-4.1.42.Final.jar:4.1.42.Final]
	at io.netty.channel.AbstractChannelHandlerContext.invokeChannelRead(AbstractChannelHandlerContext.java:374) [netty-transport-4.1.42.Final.jar:4.1.42.Final]
	at io.netty.channel.AbstractChannelHandlerContext.invokeChannelRead(AbstractChannelHandlerContext.java:360) [netty-transport-4.1.42.Final.jar:4.1.42.Final]
	at io.netty.channel.DefaultChannelPipeline.fireChannelRead(DefaultChannelPipeline.java:931) [netty-transport-4.1.42.Final.jar:4.1.42.Final]
	at io.netty.channel.nio.AbstractNioByteChannel$NioByteUnsafe.read(AbstractNioByteChannel.java:163) [netty-transport-4.1.42.Final.jar:4.1.42.Final]
	at io.netty.channel.nio.NioEventLoop.processSelectedKey(NioEventLoop.java:700) [netty-transport-4.1.42.Final.jar:4.1.42.Final]
	at io.netty.channel.nio.NioEventLoop.processSelectedKeysOptimized(NioEventLoop.java:635) [netty-transport-4.1.42.Final.jar:4.1.42.Final]
	at io.netty.channel.nio.NioEventLoop.processSelectedKeys(NioEventLoop.java:552) [netty-transport-4.1.42.Final.jar:4.1.42.Final]
	at io.netty.channel.nio.NioEventLoop.run(NioEventLoop.java:514) [netty-transport-4.1.42.Final.jar:4.1.42.Final]
	at io.netty.util.concurrent.SingleThreadEventExecutor$6.run(SingleThreadEventExecutor.java:1044) [netty-common-4.1.42.Final.jar:4.1.42.Final]
	at io.netty.util.internal.ThreadExecutorMap$2.run(ThreadExecutorMap.java:74) [netty-common-4.1.42.Final.jar:4.1.42.Final]
	at io.netty.util.concurrent.FastThreadLocalRunnable.run(FastThreadLocalRunnable.java:30) [netty-common-4.1.42.Final.jar:4.1.42.Final]
	at java.lang.Thread.run(Thread.java:748) [?:1.8.0_262]
17:57:38.196 [AsyncHttpClient-55-2] WARN  com.urbanairship.api.client.RequestRetryFilter - Request failed with status code 503 after 5 attempts
17:57:38.508 [AsyncHttpClient-57-2] WARN  com.urbanairship.api.client.RequestRetryFilter - Request failed with status code 500 after 5 attempts
17:57:38.739 [AsyncHttpClient-59-2] WARN  com.urbanairship.api.client.RequestRetryFilter - Request failed with status code 500 after 5 attempts
17:57:39.071 [AsyncHttpClient-61-2] WARN  com.urbanairship.api.client.RequestRetryFilter - Request failed with status code 503 after 5 attempts
Tests run: 73, Failures: 0, Errors: 0, Skipped: 0, Time elapsed: 8.198 sec - in com.urbanairship.api.client.UrbanAirshipClientTest
Running com.urbanairship.api.client.ResponseTest
Tests run: 13, Failures: 0, Errors: 0, Skipped: 0, Time elapsed: 0 sec - in com.urbanairship.api.client.ResponseTest
Running com.urbanairship.api.client.RequestErrorTest
Tests run: 9, Failures: 0, Errors: 0, Skipped: 0, Time elapsed: 0 sec - in com.urbanairship.api.client.RequestErrorTest
Running com.urbanairship.api.client.ClientExceptionTest
17:57:42.028 [main] ERROR com.urbanairship.api.client.ResponseAsyncHandler - Exception thrown during response processing
com.fasterxml.jackson.core.JsonParseException: Json Parsing exception
 at [Source: UNKNOWN; line: -1, column: -1]
	at com.urbanairship.api.client.ResponseAsyncHandler.onCompleted(ResponseAsyncHandler.java:100) [classes/:?]
	at com.urbanairship.api.client.ClientExceptionTest.testAkamaiResponse(ClientExceptionTest.java:139) [test-classes/:?]
	at sun.reflect.NativeMethodAccessorImpl.invoke0(Native Method) ~[?:1.8.0_262]
	at sun.reflect.NativeMethodAccessorImpl.invoke(NativeMethodAccessorImpl.java:62) ~[?:1.8.0_262]
	at sun.reflect.DelegatingMethodAccessorImpl.invoke(DelegatingMethodAccessorImpl.java:43) ~[?:1.8.0_262]
	at java.lang.reflect.Method.invoke(Method.java:498) ~[?:1.8.0_262]
	at org.junit.runners.model.FrameworkMethod$1.runReflectiveCall(FrameworkMethod.java:45) [junit-4.10.jar:?]
	at org.junit.internal.runners.model.ReflectiveCallable.run(ReflectiveCallable.java:15) [junit-4.10.jar:?]
	at org.junit.runners.model.FrameworkMethod.invokeExplosively(FrameworkMethod.java:42) [junit-4.10.jar:?]
	at org.junit.internal.runners.statements.InvokeMethod.evaluate(InvokeMethod.java:20) [junit-4.10.jar:?]
	at org.junit.internal.runners.statements.RunBefores.evaluate(RunBefores.java:28) [junit-4.10.jar:?]
	at org.junit.internal.runners.statements.RunAfters.evaluate(RunAfters.java:30) [junit-4.10.jar:?]
	at org.junit.runners.ParentRunner.runLeaf(ParentRunner.java:263) [junit-4.10.jar:?]
	at org.junit.runners.BlockJUnit4ClassRunner.runChild(BlockJUnit4ClassRunner.java:68) [junit-4.10.jar:?]
	at org.junit.runners.BlockJUnit4ClassRunner.runChild(BlockJUnit4ClassRunner.java:47) [junit-4.10.jar:?]
	at org.junit.runners.ParentRunner$3.run(ParentRunner.java:231) [junit-4.10.jar:?]
	at org.junit.runners.ParentRunner$1.schedule(ParentRunner.java:60) [junit-4.10.jar:?]
	at org.junit.runners.ParentRunner.runChildren(ParentRunner.java:229) [junit-4.10.jar:?]
	at org.junit.runners.ParentRunner.access$000(ParentRunner.java:50) [junit-4.10.jar:?]
	at org.junit.runners.ParentRunner$2.evaluate(ParentRunner.java:222) [junit-4.10.jar:?]
	at com.github.tomakehurst.wiremock.junit.WireMockClassRule$1.evaluate(WireMockClassRule.java:70) [wiremock-2.21.0.jar:?]
	at org.junit.rules.RunRules.evaluate(RunRules.java:18) [junit-4.10.jar:?]
	at org.junit.runners.ParentRunner.run(ParentRunner.java:300) [junit-4.10.jar:?]
	at org.apache.maven.surefire.junit4.JUnit4Provider.execute(JUnit4Provider.java:367) [surefire-junit4-2.19.1.jar:2.19.1]
	at org.apache.maven.surefire.junit4.JUnit4Provider.executeWithRerun(JUnit4Provider.java:274) [surefire-junit4-2.19.1.jar:2.19.1]
	at org.apache.maven.surefire.junit4.JUnit4Provider.executeTestSet(JUnit4Provider.java:238) [surefire-junit4-2.19.1.jar:2.19.1]
	at org.apache.maven.surefire.junit4.JUnit4Provider.invoke(JUnit4Provider.java:161) [surefire-junit4-2.19.1.jar:2.19.1]
	at org.apache.maven.surefire.booter.ForkedBooter.invokeProviderInSameClassLoader(ForkedBooter.java:290) [surefire-booter-2.19.1.jar:2.19.1]
	at org.apache.maven.surefire.booter.ForkedBooter.runSuitesInProcess(ForkedBooter.java:242) [surefire-booter-2.19.1.jar:2.19.1]
	at org.apache.maven.surefire.booter.ForkedBooter.main(ForkedBooter.java:121) [surefire-booter-2.19.1.jar:2.19.1]
17:57:42.043 [main] WARN  org.eclipse.jetty.util.thread.QueuedThreadPool - qtp1021512771{STOPPING,8<=9<=10,i=0,q=6} Couldn't stop Thread[qtp1021512771-5748,5,]
17:57:42.043 [main] WARN  org.eclipse.jetty.util.thread.QueuedThreadPool - qtp1021512771{STOPPING,8<=9<=10,i=0,q=6} Couldn't stop Thread[qtp1021512771-5758,5,]
Tests run: 4, Failures: 0, Errors: 0, Skipped: 0, Time elapsed: 0.16 sec - in com.urbanairship.api.client.ClientExceptionTest
Running com.urbanairship.api.reports.model.StatisticsResponseTest
Tests run: 3, Failures: 0, Errors: 0, Skipped: 0, Time elapsed: 0 sec - in com.urbanairship.api.reports.model.StatisticsResponseTest
Running com.urbanairship.api.reports.model.ResponseReportResponseTest
Tests run: 1, Failures: 0, Errors: 0, Skipped: 0, Time elapsed: 0 sec - in com.urbanairship.api.reports.model.ResponseReportResponseTest
Running com.urbanairship.api.reports.model.PushInfoResponseTest
Tests run: 2, Failures: 0, Errors: 0, Skipped: 0, Time elapsed: 0 sec - in com.urbanairship.api.reports.model.PushInfoResponseTest
Running com.urbanairship.api.reports.model.DeviceTypeStatsTest
Tests run: 1, Failures: 0, Errors: 0, Skipped: 0, Time elapsed: 0 sec - in com.urbanairship.api.reports.model.DeviceTypeStatsTest
Running com.urbanairship.api.reports.model.DeviceStatsTest
Tests run: 1, Failures: 0, Errors: 0, Skipped: 0, Time elapsed: 0 sec - in com.urbanairship.api.reports.model.DeviceStatsTest
Running com.urbanairship.api.reports.model.PlatformStatsResponseTest
Tests run: 1, Failures: 0, Errors: 0, Skipped: 0, Time elapsed: 0 sec - in com.urbanairship.api.reports.model.PlatformStatsResponseTest
Running com.urbanairship.api.reports.model.DevicesReportTest
Tests run: 1, Failures: 0, Errors: 0, Skipped: 0, Time elapsed: 0.001 sec - in com.urbanairship.api.reports.model.DevicesReportTest
Running com.urbanairship.api.reports.model.DevicesReportResponseTest
Tests run: 1, Failures: 0, Errors: 0, Skipped: 0, Time elapsed: 0 sec - in com.urbanairship.api.reports.model.DevicesReportResponseTest
Running com.urbanairship.api.reports.model.PlatformTypeTest
Tests run: 7, Failures: 0, Errors: 0, Skipped: 0, Time elapsed: 0 sec - in com.urbanairship.api.reports.model.PlatformTypeTest
Running com.urbanairship.api.reports.model.ResponseReportTest
Tests run: 1, Failures: 0, Errors: 0, Skipped: 0, Time elapsed: 0 sec - in com.urbanairship.api.reports.model.ResponseReportTest
Running com.urbanairship.api.reports.model.PushListingResponseTest
Tests run: 1, Failures: 0, Errors: 0, Skipped: 0, Time elapsed: 0 sec - in com.urbanairship.api.reports.model.PushListingResponseTest
Running com.urbanairship.api.reports.PushListingRequestTest
Tests run: 6, Failures: 0, Errors: 0, Skipped: 0, Time elapsed: 0.002 sec - in com.urbanairship.api.reports.PushListingRequestTest
Running com.urbanairship.api.reports.DevicesReportRequestTest
Tests run: 6, Failures: 0, Errors: 0, Skipped: 0, Time elapsed: 0.006 sec - in com.urbanairship.api.reports.DevicesReportRequestTest
Running com.urbanairship.api.reports.ResponseReportRequestTest
Tests run: 6, Failures: 0, Errors: 0, Skipped: 0, Time elapsed: 0.007 sec - in com.urbanairship.api.reports.ResponseReportRequestTest
Running com.urbanairship.api.reports.StatisticsCsvRequestTest
Tests run: 6, Failures: 0, Errors: 0, Skipped: 0, Time elapsed: 0 sec - in com.urbanairship.api.reports.StatisticsCsvRequestTest
Running com.urbanairship.api.reports.StatisticsRequestTest
Tests run: 6, Failures: 0, Errors: 0, Skipped: 0, Time elapsed: 0.013 sec - in com.urbanairship.api.reports.StatisticsRequestTest
Running com.urbanairship.api.reports.PlatformStatsRequestTest
Tests run: 6, Failures: 0, Errors: 0, Skipped: 0, Time elapsed: 0.002 sec - in com.urbanairship.api.reports.PlatformStatsRequestTest
Running com.urbanairship.api.reports.parse.PlatformStatsResponseDeserializerTest
PlatformStatsResponse{nextPage=Optional.of(Hey Next Page)platformStatsObjects=Optional.of([PlatformStats{android=193246, ios=145436, date=2013-07-01T00:00:00.000Z}, PlatformStats{android=100203, ios=45608, date=2013-08-01T00:00:00.000Z}])}
PlatformStatsResponse{nextPage=Optional.of(Hey Next Page)platformStatsObjects=Optional.of([PlatformStats{android=193246, ios=145436, date=2013-07-01T00:00:00.000Z}, PlatformStats{android=100203, ios=45608, date=2013-08-01T00:00:00.000Z}])}
PlatformStatsResponse{nextPage=Optional.of(Hey Next Page)platformStatsObjects=Optional.of([PlatformStats{android=193246, ios=145436, date=2013-07-01T00:00:00.000Z}, PlatformStats{android=100203, ios=45608, date=2013-08-01T00:00:00.000Z}])}
PlatformStatsResponse{nextPage=Optional.of(Hey Next Page)platformStatsObjects=Optional.of([PlatformStats{android=193246, ios=145436, date=2013-07-01T00:00:00.000Z}, PlatformStats{android=100203, ios=45608, date=2013-08-01T00:00:00.000Z}])}
Tests run: 4, Failures: 0, Errors: 0, Skipped: 0, Time elapsed: 0.002 sec - in com.urbanairship.api.reports.parse.PlatformStatsResponseDeserializerTest
Running com.urbanairship.api.reports.parse.DeviceTypeStatsDeserializerTest
Tests run: 1, Failures: 0, Errors: 0, Skipped: 0, Time elapsed: 0 sec - in com.urbanairship.api.reports.parse.DeviceTypeStatsDeserializerTest
Running com.urbanairship.api.reports.parse.PushListingResponseDeserializerTest
Tests run: 1, Failures: 0, Errors: 0, Skipped: 0, Time elapsed: 0 sec - in com.urbanairship.api.reports.parse.PushListingResponseDeserializerTest
Running com.urbanairship.api.reports.parse.PushInfoResponseDeserializerTest
Tests run: 3, Failures: 0, Errors: 0, Skipped: 0, Time elapsed: 0 sec - in com.urbanairship.api.reports.parse.PushInfoResponseDeserializerTest
Running com.urbanairship.api.reports.parse.PlatformStatsDeserializerTest
Tests run: 1, Failures: 0, Errors: 0, Skipped: 0, Time elapsed: 0 sec - in com.urbanairship.api.reports.parse.PlatformStatsDeserializerTest
Running com.urbanairship.api.reports.parse.StatisticsResponseDeserializerTest
Tests run: 3, Failures: 0, Errors: 0, Skipped: 0, Time elapsed: 0 sec - in com.urbanairship.api.reports.parse.StatisticsResponseDeserializerTest
Running com.urbanairship.api.reports.parse.ResponseReportResponseDeserializerTest
ResponseReportResponse{date=Optional[2013-07-01T00:00:00.000Z], deviceStatsMap=Optional[{ios=DeviceStats{direct=Optional[1337], influenced=Optional[9999]}, android=DeviceStats{direct=Optional[7331], influenced=Optional[8888]}}]}
Tests run: 1, Failures: 0, Errors: 0, Skipped: 0, Time elapsed: 0 sec - in com.urbanairship.api.reports.parse.ResponseReportResponseDeserializerTest
Running com.urbanairship.api.reports.parse.DeviceTypeDeserializerTest
DeviceStats{direct=Optional[1337], influenced=Optional[1996]}
Tests run: 1, Failures: 0, Errors: 0, Skipped: 0, Time elapsed: 0 sec - in com.urbanairship.api.reports.parse.DeviceTypeDeserializerTest
Running com.urbanairship.api.reports.parse.DevicesReportDeserializerTest
Tests run: 1, Failures: 0, Errors: 0, Skipped: 0, Time elapsed: 0 sec - in com.urbanairship.api.reports.parse.DevicesReportDeserializerTest
Running com.urbanairship.api.reports.parse.ResponseReportDeserializerTest
ResponseReport{next_page=Optional[Another Page, What Up!], responses=Optional[[ResponseReportResponse{date=Optional[2013-07-01T00:00:00.000Z], deviceStatsMap=Optional[{ios=DeviceStats{direct=Optional[1337], influenced=Optional[9999]}, android=DeviceStats{direct=Optional[7331], influenced=Optional[8888]}}]}, ResponseReportResponse{date=Optional[2015-10-15T11:22:33.000Z], deviceStatsMap=Optional[{android=DeviceStats{direct=Optional[1996], influenced=Optional[1234]}, ios=DeviceStats{direct=Optional[5813], influenced=Optional[1123]}}]}]]}
Tests run: 1, Failures: 0, Errors: 0, Skipped: 0, Time elapsed: 0.001 sec - in com.urbanairship.api.reports.parse.ResponseReportDeserializerTest
Running com.urbanairship.api.reports.parse.DevicesReportResponseDeserializerTest
Tests run: 1, Failures: 0, Errors: 0, Skipped: 0, Time elapsed: 0 sec - in com.urbanairship.api.reports.parse.DevicesReportResponseDeserializerTest
Running com.urbanairship.api.reports.PushInfoRequestTest
Tests run: 6, Failures: 0, Errors: 0, Skipped: 0, Time elapsed: 0 sec - in com.urbanairship.api.reports.PushInfoRequestTest
Running com.urbanairship.api.schedule.ScheduleSerializerTest
{"best_time":{"send_date":"2020-07-30"}}
Tests run: 1, Failures: 0, Errors: 0, Skipped: 0, Time elapsed: 0.005 sec - in com.urbanairship.api.schedule.ScheduleSerializerTest
Running com.urbanairship.api.schedule.ScheduleTest
Tests run: 4, Failures: 0, Errors: 0, Skipped: 0, Time elapsed: 0.001 sec - in com.urbanairship.api.schedule.ScheduleTest
Running com.urbanairship.api.schedule.SchedulePayloadDeserializerTest
Tests run: 5, Failures: 0, Errors: 0, Skipped: 0, Time elapsed: 0.003 sec - in com.urbanairship.api.schedule.SchedulePayloadDeserializerTest
Running com.urbanairship.api.schedule.ScheduleListingRequestTest
Tests run: 7, Failures: 0, Errors: 0, Skipped: 0, Time elapsed: 0.003 sec - in com.urbanairship.api.schedule.ScheduleListingRequestTest
Running com.urbanairship.api.schedule.ScheduleRequestTest
Tests run: 6, Failures: 0, Errors: 0, Skipped: 0, Time elapsed: 0 sec - in com.urbanairship.api.schedule.ScheduleRequestTest
Running com.urbanairship.api.schedule.SchedulePayloadSerializerTest
Tests run: 4, Failures: 0, Errors: 0, Skipped: 0, Time elapsed: 0 sec - in com.urbanairship.api.schedule.SchedulePayloadSerializerTest
Running com.urbanairship.api.schedule.ScheduleValidatorTest
Tests run: 7, Failures: 0, Errors: 0, Skipped: 0, Time elapsed: 0.009 sec - in com.urbanairship.api.schedule.ScheduleValidatorTest
Running com.urbanairship.api.schedule.ScheduleDeleteRequestTest
Tests run: 6, Failures: 0, Errors: 0, Skipped: 0, Time elapsed: 0.001 sec - in com.urbanairship.api.schedule.ScheduleDeleteRequestTest
Running com.urbanairship.api.schedule.ListSchedulesResponseTest
Tests run: 2, Failures: 0, Errors: 0, Skipped: 0, Time elapsed: 0 sec - in com.urbanairship.api.schedule.ListSchedulesResponseTest
Running com.urbanairship.api.schedule.ScheduleResponseTest
Tests run: 2, Failures: 0, Errors: 0, Skipped: 0, Time elapsed: 0 sec - in com.urbanairship.api.schedule.ScheduleResponseTest
Running com.urbanairship.api.channel.SmsRegistrationRequestTest
Tests run: 7, Failures: 0, Errors: 0, Skipped: 0, Time elapsed: 0.008 sec - in com.urbanairship.api.channel.SmsRegistrationRequestTest
Running com.urbanairship.api.channel.open.OpenChannelPayloadSerializerTest
Tests run: 1, Failures: 0, Errors: 0, Skipped: 0, Time elapsed: 0.011 sec - in com.urbanairship.api.channel.open.OpenChannelPayloadSerializerTest
Running com.urbanairship.api.channel.email.model.EmailTagRequestTest
Tests run: 6, Failures: 0, Errors: 0, Skipped: 0, Time elapsed: 0.003 sec - in com.urbanairship.api.channel.email.model.EmailTagRequestTest
Running com.urbanairship.api.channel.email.model.UninstallEmailChannelTest
Tests run: 1, Failures: 0, Errors: 0, Skipped: 0, Time elapsed: 0 sec - in com.urbanairship.api.channel.email.model.UninstallEmailChannelTest
Running com.urbanairship.api.channel.email.model.RegisterEmailChannelRequestTest
Tests run: 6, Failures: 0, Errors: 0, Skipped: 0, Time elapsed: 0.005 sec - in com.urbanairship.api.channel.email.model.RegisterEmailChannelRequestTest
Running com.urbanairship.api.channel.email.parse.EmailRegisterChannelPayloadSerializerTest
Tests run: 2, Failures: 0, Errors: 0, Skipped: 0, Time elapsed: 0.001 sec - in com.urbanairship.api.channel.email.parse.EmailRegisterChannelPayloadSerializerTest
Running com.urbanairship.api.channel.email.parse.EmailRegisterChannelResponseDeserializerTest
Tests run: 1, Failures: 0, Errors: 0, Skipped: 0, Time elapsed: 0 sec - in com.urbanairship.api.channel.email.parse.EmailRegisterChannelResponseDeserializerTest
Running com.urbanairship.api.channel.OpenChannelRequestTest
Tests run: 6, Failures: 0, Errors: 0, Skipped: 0, Time elapsed: 0.003 sec - in com.urbanairship.api.channel.OpenChannelRequestTest
Running com.urbanairship.api.channel.ChannelResponseTest
Tests run: 2, Failures: 0, Errors: 0, Skipped: 0, Time elapsed: 0.015 sec - in com.urbanairship.api.channel.ChannelResponseTest
Running com.urbanairship.api.channel.ChannelRequestTest
Tests run: 8, Failures: 0, Errors: 0, Skipped: 0, Time elapsed: 0.007 sec - in com.urbanairship.api.channel.ChannelRequestTest
Running com.urbanairship.api.channel.ChannelTagRequestTest
Tests run: 12, Failures: 0, Errors: 0, Skipped: 0, Time elapsed: 0.003 sec - in com.urbanairship.api.channel.ChannelTagRequestTest
Running com.urbanairship.api.channel.parse.ChannelViewDeserializeTest
Tests run: 10, Failures: 0, Errors: 0, Skipped: 0, Time elapsed: 0.002 sec - in com.urbanairship.api.channel.parse.ChannelViewDeserializeTest
Running com.urbanairship.api.segment.model.SegmentListingResponseTest
Tests run: 1, Failures: 0, Errors: 0, Skipped: 0, Time elapsed: 0 sec - in com.urbanairship.api.segment.model.SegmentListingResponseTest
Running com.urbanairship.api.segment.model.SegmentViewTest
Tests run: 1, Failures: 0, Errors: 0, Skipped: 0, Time elapsed: 0 sec - in com.urbanairship.api.segment.model.SegmentViewTest
Running com.urbanairship.api.segment.model.SegmentListingViewTest
Tests run: 1, Failures: 0, Errors: 0, Skipped: 0, Time elapsed: 0 sec - in com.urbanairship.api.segment.model.SegmentListingViewTest
Running com.urbanairship.api.segment.SegmentDeleteRequestTest
Tests run: 5, Failures: 0, Errors: 0, Skipped: 0, Time elapsed: 0 sec - in com.urbanairship.api.segment.SegmentDeleteRequestTest
Running com.urbanairship.api.segment.SegmentRequestTest
Tests run: 5, Failures: 0, Errors: 0, Skipped: 0, Time elapsed: 0.001 sec - in com.urbanairship.api.segment.SegmentRequestTest
Running com.urbanairship.api.segment.SegmentListingRequestTest
Tests run: 6, Failures: 0, Errors: 0, Skipped: 0, Time elapsed: 0.001 sec - in com.urbanairship.api.segment.SegmentListingRequestTest
Running com.urbanairship.api.segment.SegmentLookupRequestTest
Tests run: 6, Failures: 0, Errors: 0, Skipped: 0, Time elapsed: 0.002 sec - in com.urbanairship.api.segment.SegmentLookupRequestTest
Running com.urbanairship.api.segment.parse.SegmentViewDeserializerTest
Tests run: 1, Failures: 0, Errors: 0, Skipped: 0, Time elapsed: 0 sec - in com.urbanairship.api.segment.parse.SegmentViewDeserializerTest
Running com.urbanairship.api.segment.parse.SegmentListingViewDeserializerTest
Tests run: 1, Failures: 0, Errors: 0, Skipped: 0, Time elapsed: 0 sec - in com.urbanairship.api.segment.parse.SegmentListingViewDeserializerTest
Running com.urbanairship.api.templates.model.TemplateScheduledPushPayloadTest
Tests run: 2, Failures: 0, Errors: 0, Skipped: 0, Time elapsed: 0 sec - in com.urbanairship.api.templates.model.TemplateScheduledPushPayloadTest
Running com.urbanairship.api.templates.model.TemplateResponseTest
Tests run: 1, Failures: 0, Errors: 0, Skipped: 0, Time elapsed: 0 sec - in com.urbanairship.api.templates.model.TemplateResponseTest
Running com.urbanairship.api.templates.model.TemplateVariableTest
Tests run: 3, Failures: 0, Errors: 0, Skipped: 0, Time elapsed: 0 sec - in com.urbanairship.api.templates.model.TemplateVariableTest
Running com.urbanairship.api.templates.model.TemplatePushPayloadTest
Tests run: 2, Failures: 0, Errors: 0, Skipped: 0, Time elapsed: 0 sec - in com.urbanairship.api.templates.model.TemplatePushPayloadTest
Running com.urbanairship.api.templates.model.PartialPushPayloadTest
Tests run: 1, Failures: 0, Errors: 0, Skipped: 0, Time elapsed: 0 sec - in com.urbanairship.api.templates.model.PartialPushPayloadTest
Running com.urbanairship.api.templates.model.TemplateListingResponseTest
Tests run: 3, Failures: 0, Errors: 0, Skipped: 0, Time elapsed: 0 sec - in com.urbanairship.api.templates.model.TemplateListingResponseTest
Running com.urbanairship.api.templates.model.TemplateSelectorTest
Tests run: 2, Failures: 0, Errors: 0, Skipped: 0, Time elapsed: 0 sec - in com.urbanairship.api.templates.model.TemplateSelectorTest
Running com.urbanairship.api.templates.model.TemplateViewTest
Tests run: 1, Failures: 0, Errors: 0, Skipped: 0, Time elapsed: 0 sec - in com.urbanairship.api.templates.model.TemplateViewTest
Running com.urbanairship.api.templates.TemplateScheduledPushRequestTest
Tests run: 6, Failures: 0, Errors: 0, Skipped: 0, Time elapsed: 0 sec - in com.urbanairship.api.templates.TemplateScheduledPushRequestTest
Running com.urbanairship.api.templates.TemplateRequestTest
Tests run: 6, Failures: 0, Errors: 0, Skipped: 0, Time elapsed: 0.002 sec - in com.urbanairship.api.templates.TemplateRequestTest
Running com.urbanairship.api.templates.TemplatePushRequestTest
Tests run: 6, Failures: 0, Errors: 0, Skipped: 0, Time elapsed: 0 sec - in com.urbanairship.api.templates.TemplatePushRequestTest
Running com.urbanairship.api.templates.TemplateDeleteRequestTest
Tests run: 6, Failures: 0, Errors: 0, Skipped: 0, Time elapsed: 0 sec - in com.urbanairship.api.templates.TemplateDeleteRequestTest
Running com.urbanairship.api.templates.parse.TemplateSelectorSerializerTest
Tests run: 1, Failures: 0, Errors: 0, Skipped: 0, Time elapsed: 0 sec - in com.urbanairship.api.templates.parse.TemplateSelectorSerializerTest
Running com.urbanairship.api.templates.parse.TemplateViewDeserializerTest
Tests run: 1, Failures: 0, Errors: 0, Skipped: 0, Time elapsed: 0 sec - in com.urbanairship.api.templates.parse.TemplateViewDeserializerTest
Running com.urbanairship.api.templates.parse.TemplateScheduledPushPayloadSerializerTest
Tests run: 1, Failures: 0, Errors: 0, Skipped: 0, Time elapsed: 0.02 sec - in com.urbanairship.api.templates.parse.TemplateScheduledPushPayloadSerializerTest
Running com.urbanairship.api.templates.parse.PartialPushPayloadSerializerTest
Tests run: 1, Failures: 0, Errors: 0, Skipped: 0, Time elapsed: 0 sec - in com.urbanairship.api.templates.parse.PartialPushPayloadSerializerTest
Running com.urbanairship.api.templates.parse.TemplatePushPayloadSerializerTest
Tests run: 1, Failures: 0, Errors: 0, Skipped: 0, Time elapsed: 0 sec - in com.urbanairship.api.templates.parse.TemplatePushPayloadSerializerTest
Running com.urbanairship.api.templates.parse.TemplateVariableSerializerTest
Tests run: 1, Failures: 0, Errors: 0, Skipped: 0, Time elapsed: 0 sec - in com.urbanairship.api.templates.parse.TemplateVariableSerializerTest
Running com.urbanairship.api.templates.parse.TemplateViewSerializerTest
Tests run: 1, Failures: 0, Errors: 0, Skipped: 0, Time elapsed: 0 sec - in com.urbanairship.api.templates.parse.TemplateViewSerializerTest
Running com.urbanairship.api.templates.parse.PartialPushPayloadDeserializerTest
Tests run: 2, Failures: 0, Errors: 0, Skipped: 0, Time elapsed: 0.003 sec - in com.urbanairship.api.templates.parse.PartialPushPayloadDeserializerTest
Running com.urbanairship.api.templates.parse.TemplateResponseDeserializerTest
Tests run: 1, Failures: 0, Errors: 0, Skipped: 0, Time elapsed: 0 sec - in com.urbanairship.api.templates.parse.TemplateResponseDeserializerTest
Running com.urbanairship.api.templates.parse.TemplateVariableDeserializerTest
Tests run: 1, Failures: 0, Errors: 0, Skipped: 0, Time elapsed: 0 sec - in com.urbanairship.api.templates.parse.TemplateVariableDeserializerTest
Running com.urbanairship.api.templates.TemplateListingRequestTest
Tests run: 6, Failures: 0, Errors: 0, Skipped: 0, Time elapsed: 0.005 sec - in com.urbanairship.api.templates.TemplateListingRequestTest
Running com.urbanairship.api.nameduser.NamedUserListingResponseTest
Tests run: 2, Failures: 0, Errors: 0, Skipped: 0, Time elapsed: 0.003 sec - in com.urbanairship.api.nameduser.NamedUserListingResponseTest
Running com.urbanairship.api.nameduser.NamedUserViewTest
Tests run: 2, Failures: 0, Errors: 0, Skipped: 0, Time elapsed: 0.002 sec - in com.urbanairship.api.nameduser.NamedUserViewTest
Running com.urbanairship.api.nameduser.NamedUserRequestTest
Tests run: 6, Failures: 0, Errors: 0, Skipped: 0, Time elapsed: 0.001 sec - in com.urbanairship.api.nameduser.NamedUserRequestTest
Running com.urbanairship.api.nameduser.NamedUserListingRequestTest
Tests run: 7, Failures: 0, Errors: 0, Skipped: 0, Time elapsed: 0.004 sec - in com.urbanairship.api.nameduser.NamedUserListingRequestTest
Running com.urbanairship.api.nameduser.NamedUserTagRequestTest
Tests run: 12, Failures: 0, Errors: 0, Skipped: 0, Time elapsed: 0.004 sec - in com.urbanairship.api.nameduser.NamedUserTagRequestTest
Running com.urbanairship.api.staticlists.model.StaticListViewTest
Tests run: 2, Failures: 0, Errors: 0, Skipped: 0, Time elapsed: 0.001 sec - in com.urbanairship.api.staticlists.model.StaticListViewTest
Running com.urbanairship.api.staticlists.model.StaticListListingResponseTest
Tests run: 1, Failures: 0, Errors: 0, Skipped: 0, Time elapsed: 0 sec - in com.urbanairship.api.staticlists.model.StaticListListingResponseTest
Running com.urbanairship.api.staticlists.StaticListDownloadRequestTest
Tests run: 6, Failures: 0, Errors: 0, Skipped: 0, Time elapsed: 0.002 sec - in com.urbanairship.api.staticlists.StaticListDownloadRequestTest
Running com.urbanairship.api.staticlists.StaticListListingRequestTest
Tests run: 6, Failures: 0, Errors: 0, Skipped: 0, Time elapsed: 0.001 sec - in com.urbanairship.api.staticlists.StaticListListingRequestTest
Running com.urbanairship.api.staticlists.StaticListLookupRequestTest
Tests run: 6, Failures: 0, Errors: 0, Skipped: 0, Time elapsed: 0 sec - in com.urbanairship.api.staticlists.StaticListLookupRequestTest
Running com.urbanairship.api.staticlists.StaticListUploadRequestTest
Tests run: 6, Failures: 0, Errors: 0, Skipped: 0, Time elapsed: 0 sec - in com.urbanairship.api.staticlists.StaticListUploadRequestTest
Running com.urbanairship.api.staticlists.StaticListDeleteRequestTest
Tests run: 6, Failures: 0, Errors: 0, Skipped: 0, Time elapsed: 0 sec - in com.urbanairship.api.staticlists.StaticListDeleteRequestTest
Running com.urbanairship.api.staticlists.parse.StaticListListingResponseDeserializerTest
Tests run: 1, Failures: 0, Errors: 0, Skipped: 0, Time elapsed: 0 sec - in com.urbanairship.api.staticlists.parse.StaticListListingResponseDeserializerTest
Running com.urbanairship.api.staticlists.parse.StaticListViewDeserializerTest
Tests run: 1, Failures: 0, Errors: 0, Skipped: 0, Time elapsed: 0 sec - in com.urbanairship.api.staticlists.parse.StaticListViewDeserializerTest
Running com.urbanairship.api.staticlists.StaticListRequestTest
Tests run: 5, Failures: 0, Errors: 0, Skipped: 0, Time elapsed: 0 sec - in com.urbanairship.api.staticlists.StaticListRequestTest
Running com.urbanairship.api.push.model.CampaignsTest
Tests run: 1, Failures: 0, Errors: 0, Skipped: 0, Time elapsed: 0 sec - in com.urbanairship.api.push.model.CampaignsTest
Running com.urbanairship.api.push.model.ChannelTypeDataTest
Tests run: 4, Failures: 0, Errors: 0, Skipped: 0, Time elapsed: 0 sec - in com.urbanairship.api.push.model.ChannelTypeDataTest
Running com.urbanairship.api.push.model.InAppTest
Tests run: 1, Failures: 0, Errors: 0, Skipped: 0, Time elapsed: 0 sec - in com.urbanairship.api.push.model.InAppTest
Running com.urbanairship.api.push.model.PushExpiryTest
Tests run: 5, Failures: 0, Errors: 0, Skipped: 0, Time elapsed: 0 sec - in com.urbanairship.api.push.model.PushExpiryTest
Running com.urbanairship.api.push.model.DisplayTest
Tests run: 1, Failures: 0, Errors: 0, Skipped: 0, Time elapsed: 0 sec - in com.urbanairship.api.push.model.DisplayTest
Running com.urbanairship.api.push.model.audience.SelectorsTest.SelectorsTest
foo
Tests run: 1, Failures: 0, Errors: 0, Skipped: 0, Time elapsed: 0 sec - in com.urbanairship.api.push.model.audience.SelectorsTest.SelectorsTest
Running com.urbanairship.api.push.model.audience.SelectorVisitorTest
Tests run: 1, Failures: 0, Errors: 0, Skipped: 0, Time elapsed: 0 sec - in com.urbanairship.api.push.model.audience.SelectorVisitorTest
Running com.urbanairship.api.push.model.audience.LocationIdentifierTest.LocationIdentifierTest
Tests run: 1, Failures: 0, Errors: 0, Skipped: 0, Time elapsed: 0 sec - in com.urbanairship.api.push.model.audience.LocationIdentifierTest.LocationIdentifierTest
Running com.urbanairship.api.push.model.audience.location.SegmentDefinitionDeserializerTest
Tests run: 3, Failures: 0, Errors: 0, Skipped: 0, Time elapsed: 0 sec - in com.urbanairship.api.push.model.audience.location.SegmentDefinitionDeserializerTest
Running com.urbanairship.api.push.model.notification.richpush.RichPushMessageTest
Tests run: 7, Failures: 0, Errors: 0, Skipped: 0, Time elapsed: 0 sec - in com.urbanairship.api.push.model.notification.richpush.RichPushMessageTest
Running com.urbanairship.api.push.model.notification.open.OpenPayloadTest
Tests run: 1, Failures: 0, Errors: 0, Skipped: 0, Time elapsed: 0 sec - in com.urbanairship.api.push.model.notification.open.OpenPayloadTest
Running com.urbanairship.api.push.model.notification.NotificationTest
Tests run: 1, Failures: 0, Errors: 0, Skipped: 0, Time elapsed: 0.002 sec - in com.urbanairship.api.push.model.notification.NotificationTest
Running com.urbanairship.api.push.model.notification.actions.ActionTest
Tests run: 4, Failures: 0, Errors: 0, Skipped: 0, Time elapsed: 0.002 sec - in com.urbanairship.api.push.model.notification.actions.ActionTest
Running com.urbanairship.api.push.model.notification.ios.IOSDevicePayloadTest
Tests run: 2, Failures: 0, Errors: 0, Skipped: 0, Time elapsed: 0.003 sec - in com.urbanairship.api.push.model.notification.ios.IOSDevicePayloadTest
Running com.urbanairship.api.push.model.notification.web.WebSettingsDevicePayloadTest
Tests run: 1, Failures: 0, Errors: 0, Skipped: 0, Time elapsed: 0.001 sec - in com.urbanairship.api.push.model.notification.web.WebSettingsDevicePayloadTest
Running com.urbanairship.api.push.model.notification.email.EmailPayloadTest
Tests run: 1, Failures: 0, Errors: 0, Skipped: 0, Time elapsed: 0 sec - in com.urbanairship.api.push.model.notification.email.EmailPayloadTest
Running com.urbanairship.api.push.model.notification.android.StyleTest
Tests run: 5, Failures: 0, Errors: 0, Skipped: 0, Time elapsed: 0.001 sec - in com.urbanairship.api.push.model.notification.android.StyleTest
Running com.urbanairship.api.push.model.notification.android.WearableTest
Tests run: 2, Failures: 0, Errors: 0, Skipped: 0, Time elapsed: 0.001 sec - in com.urbanairship.api.push.model.notification.android.WearableTest
Running com.urbanairship.api.push.model.notification.android.PublicNotificationTest
Tests run: 2, Failures: 0, Errors: 0, Skipped: 0, Time elapsed: 0 sec - in com.urbanairship.api.push.model.notification.android.PublicNotificationTest
Running com.urbanairship.api.push.model.notification.android.AndroidDevicePayloadTest
Tests run: 4, Failures: 0, Errors: 0, Skipped: 0, Time elapsed: 0 sec - in com.urbanairship.api.push.model.notification.android.AndroidDevicePayloadTest
Running com.urbanairship.api.push.model.notification.adm.ADMDevicePayloadTest
Tests run: 2, Failures: 0, Errors: 0, Skipped: 0, Time elapsed: 0 sec - in com.urbanairship.api.push.model.notification.adm.ADMDevicePayloadTest
Running com.urbanairship.api.push.PushRequestTest
Tests run: 7, Failures: 0, Errors: 0, Skipped: 0, Time elapsed: 0.002 sec - in com.urbanairship.api.push.PushRequestTest
Running com.urbanairship.api.push.parse.richpush.RichPushDevicePayloadSerializerTest
Tests run: 1, Failures: 0, Errors: 0, Skipped: 0, Time elapsed: 0 sec - in com.urbanairship.api.push.parse.richpush.RichPushDevicePayloadSerializerTest
Running com.urbanairship.api.push.parse.InAppSerializerTest
Tests run: 1, Failures: 0, Errors: 0, Skipped: 0, Time elapsed: 0 sec - in com.urbanairship.api.push.parse.InAppSerializerTest
Running com.urbanairship.api.push.parse.NotificationBasicSerializationTest
Tests run: 2, Failures: 0, Errors: 0, Skipped: 0, Time elapsed: 0 sec - in com.urbanairship.api.push.parse.NotificationBasicSerializationTest
Running com.urbanairship.api.push.parse.DisplayDeserializerTest
Tests run: 1, Failures: 0, Errors: 0, Skipped: 0, Time elapsed: 0 sec - in com.urbanairship.api.push.parse.DisplayDeserializerTest
Running com.urbanairship.api.push.parse.PushPayloadBasicSerializationTest
Tests run: 21, Failures: 0, Errors: 0, Skipped: 0, Time elapsed: 0.009 sec - in com.urbanairship.api.push.parse.PushPayloadBasicSerializationTest
Running com.urbanairship.api.push.parse.ChannelTypeBasicSerializationTest
Tests run: 1, Failures: 0, Errors: 0, Skipped: 0, Time elapsed: 0 sec - in com.urbanairship.api.push.parse.ChannelTypeBasicSerializationTest
Running com.urbanairship.api.push.parse.DisplaySerializerTest
Tests run: 1, Failures: 0, Errors: 0, Skipped: 0, Time elapsed: 0 sec - in com.urbanairship.api.push.parse.DisplaySerializerTest
Running com.urbanairship.api.push.parse.DateTimeBasicSerializationTest
Tests run: 1, Failures: 0, Errors: 0, Skipped: 0, Time elapsed: 0 sec - in com.urbanairship.api.push.parse.DateTimeBasicSerializationTest
Running com.urbanairship.api.push.parse.ChannelTypeDeserializerTest
Tests run: 3, Failures: 0, Errors: 0, Skipped: 0, Time elapsed: 0 sec - in com.urbanairship.api.push.parse.ChannelTypeDeserializerTest
Running com.urbanairship.api.push.parse.InAppDeserializerTest
Tests run: 1, Failures: 0, Errors: 0, Skipped: 0, Time elapsed: 0 sec - in com.urbanairship.api.push.parse.InAppDeserializerTest
Running com.urbanairship.api.push.parse.PushResponseTest
Tests run: 1, Failures: 0, Errors: 0, Skipped: 0, Time elapsed: 0 sec - in com.urbanairship.api.push.parse.PushResponseTest
Running com.urbanairship.api.push.parse.PushOptionsTest
Tests run: 13, Failures: 0, Errors: 0, Skipped: 0, Time elapsed: 0.001 sec - in com.urbanairship.api.push.parse.PushOptionsTest
Running com.urbanairship.api.push.parse.audience.SelectorDeserializerTest
Tests run: 29, Failures: 0, Errors: 0, Skipped: 0, Time elapsed: 0.003 sec - in com.urbanairship.api.push.parse.audience.SelectorDeserializerTest
Running com.urbanairship.api.push.parse.audience.SelectorSerializerTest
Tests run: 2, Failures: 0, Errors: 0, Skipped: 0, Time elapsed: 0 sec - in com.urbanairship.api.push.parse.audience.SelectorSerializerTest
Running com.urbanairship.api.push.parse.audience.LocationSelectorDeserializerTest
Tests run: 30, Failures: 0, Errors: 0, Skipped: 0, Time elapsed: 0.007 sec - in com.urbanairship.api.push.parse.audience.LocationSelectorDeserializerTest
Running com.urbanairship.api.push.parse.notification.richpush.RichPushDeserializerTest
Tests run: 2, Failures: 0, Errors: 0, Skipped: 0, Time elapsed: 0.001 sec - in com.urbanairship.api.push.parse.notification.richpush.RichPushDeserializerTest
Running com.urbanairship.api.push.parse.notification.open.OpenPayloadSerializerTest
Tests run: 1, Failures: 0, Errors: 0, Skipped: 0, Time elapsed: 0.003 sec - in com.urbanairship.api.push.parse.notification.open.OpenPayloadSerializerTest
Running com.urbanairship.api.push.parse.notification.actions.ActionsSerializationTest
Tests run: 3, Failures: 0, Errors: 0, Skipped: 0, Time elapsed: 0.005 sec - in com.urbanairship.api.push.parse.notification.actions.ActionsSerializationTest
Running com.urbanairship.api.push.parse.notification.ios.PayloadDeserializerTest
Tests run: 17, Failures: 0, Errors: 0, Skipped: 0, Time elapsed: 0.015 sec - in com.urbanairship.api.push.parse.notification.ios.PayloadDeserializerTest
Running com.urbanairship.api.push.parse.notification.ios.PayloadSerializerTest
Tests run: 10, Failures: 0, Errors: 0, Skipped: 0, Time elapsed: 0.002 sec - in com.urbanairship.api.push.parse.notification.ios.PayloadSerializerTest
Running com.urbanairship.api.push.parse.notification.web.PayloadDeserializerTest
Tests run: 5, Failures: 0, Errors: 0, Skipped: 0, Time elapsed: 0 sec - in com.urbanairship.api.push.parse.notification.web.PayloadDeserializerTest
Running com.urbanairship.api.push.parse.notification.web.PayloadSerializerTest
Tests run: 1, Failures: 0, Errors: 0, Skipped: 0, Time elapsed: 0 sec - in com.urbanairship.api.push.parse.notification.web.PayloadSerializerTest
Running com.urbanairship.api.push.parse.notification.InteractiveSerializerTest
Tests run: 2, Failures: 0, Errors: 0, Skipped: 0, Time elapsed: 0 sec - in com.urbanairship.api.push.parse.notification.InteractiveSerializerTest
Running com.urbanairship.api.push.parse.notification.android.PayloadDeserializerTest
Tests run: 24, Failures: 0, Errors: 0, Skipped: 0, Time elapsed: 0.005 sec - in com.urbanairship.api.push.parse.notification.android.PayloadDeserializerTest
Running com.urbanairship.api.push.parse.notification.android.PayloadSerializerTest
Tests run: 1, Failures: 0, Errors: 0, Skipped: 0, Time elapsed: 0.003 sec - in com.urbanairship.api.push.parse.notification.android.PayloadSerializerTest
Running com.urbanairship.api.push.parse.notification.android.WearableDeserializerTest
Tests run: 1, Failures: 0, Errors: 0, Skipped: 0, Time elapsed: 0 sec - in com.urbanairship.api.push.parse.notification.android.WearableDeserializerTest
Running com.urbanairship.api.push.parse.notification.android.WearableSerializerTest
Tests run: 1, Failures: 0, Errors: 0, Skipped: 0, Time elapsed: 0 sec - in com.urbanairship.api.push.parse.notification.android.WearableSerializerTest
Running com.urbanairship.api.push.parse.notification.android.StyleSerializerTest
Tests run: 3, Failures: 0, Errors: 0, Skipped: 0, Time elapsed: 0.001 sec - in com.urbanairship.api.push.parse.notification.android.StyleSerializerTest
Running com.urbanairship.api.push.parse.notification.android.PublicNotificationSerializerTest
Tests run: 1, Failures: 0, Errors: 0, Skipped: 0, Time elapsed: 0 sec - in com.urbanairship.api.push.parse.notification.android.PublicNotificationSerializerTest
Running com.urbanairship.api.push.parse.notification.android.StyleDeserializerTest
Tests run: 3, Failures: 0, Errors: 0, Skipped: 0, Time elapsed: 0 sec - in com.urbanairship.api.push.parse.notification.android.StyleDeserializerTest
Running com.urbanairship.api.push.parse.notification.android.PublicNotificationDeserializerTest
Tests run: 1, Failures: 0, Errors: 0, Skipped: 0, Time elapsed: 0 sec - in com.urbanairship.api.push.parse.notification.android.PublicNotificationDeserializerTest
Running com.urbanairship.api.push.parse.notification.ParseActionsTest
Tests run: 22, Failures: 0, Errors: 0, Skipped: 0, Time elapsed: 0.463 sec - in com.urbanairship.api.push.parse.notification.ParseActionsTest
Running com.urbanairship.api.push.parse.notification.adm.PayloadDeserializerTest
Tests run: 2, Failures: 0, Errors: 0, Skipped: 0, Time elapsed: 0 sec - in com.urbanairship.api.push.parse.notification.adm.PayloadDeserializerTest
Running com.urbanairship.api.push.parse.notification.sms.SmsPayloadSerializerTest
Tests run: 1, Failures: 0, Errors: 0, Skipped: 0, Time elapsed: 0 sec - in com.urbanairship.api.push.parse.notification.sms.SmsPayloadSerializerTest
Running com.urbanairship.api.push.parse.notification.InteractiveDeserializerTest
Tests run: 6, Failures: 0, Errors: 0, Skipped: 0, Time elapsed: 0 sec - in com.urbanairship.api.push.parse.notification.InteractiveDeserializerTest
Running com.urbanairship.api.push.parse.notification.wns.TileDeserializerTest
Tests run: 1, Failures: 0, Errors: 0, Skipped: 0, Time elapsed: 0.001 sec - in com.urbanairship.api.push.parse.notification.wns.TileDeserializerTest
Running com.urbanairship.api.push.parse.notification.wns.BadgeDeserializerTest
Tests run: 4, Failures: 0, Errors: 0, Skipped: 0, Time elapsed: 0.001 sec - in com.urbanairship.api.push.parse.notification.wns.BadgeDeserializerTest
Running com.urbanairship.api.push.parse.notification.wns.PayloadDeserializerTest
Tests run: 2, Failures: 0, Errors: 0, Skipped: 0, Time elapsed: 0.001 sec - in com.urbanairship.api.push.parse.notification.wns.PayloadDeserializerTest
Running com.urbanairship.api.push.parse.notification.wns.ToastDeserializerTest
Tests run: 1, Failures: 0, Errors: 0, Skipped: 0, Time elapsed: 0 sec - in com.urbanairship.api.push.parse.notification.wns.ToastDeserializerTest
Running com.urbanairship.api.push.parse.notification.wns.AudioDeserializerTest
Tests run: 1, Failures: 0, Errors: 0, Skipped: 0, Time elapsed: 0 sec - in com.urbanairship.api.push.parse.notification.wns.AudioDeserializerTest
Running com.urbanairship.api.push.parse.notification.wns.BindingDeserializerTest
Tests run: 1, Failures: 0, Errors: 0, Skipped: 0, Time elapsed: 0 sec - in com.urbanairship.api.push.parse.notification.wns.BindingDeserializerTest
Running com.urbanairship.api.push.parse.CampaignsSerializerTest
Tests run: 1, Failures: 0, Errors: 0, Skipped: 0, Time elapsed: 0 sec - in com.urbanairship.api.push.parse.CampaignsSerializerTest
Running com.urbanairship.api.experiments.model.ExperimentTest
Tests run: 2, Failures: 0, Errors: 0, Skipped: 0, Time elapsed: 0 sec - in com.urbanairship.api.experiments.model.ExperimentTest
Running com.urbanairship.api.experiments.model.VariantPushPayloadTest
Tests run: 1, Failures: 0, Errors: 0, Skipped: 0, Time elapsed: 0 sec - in com.urbanairship.api.experiments.model.VariantPushPayloadTest
Running com.urbanairship.api.experiments.model.VariantTest
Tests run: 2, Failures: 0, Errors: 0, Skipped: 0, Time elapsed: 0 sec - in com.urbanairship.api.experiments.model.VariantTest
Running com.urbanairship.api.experiments.model.ExperimentResponseTest
Tests run: 1, Failures: 0, Errors: 0, Skipped: 0, Time elapsed: 0 sec - in com.urbanairship.api.experiments.model.ExperimentResponseTest
Running com.urbanairship.api.experiments.ExperimentDeleteRequestTest
Tests run: 6, Failures: 0, Errors: 0, Skipped: 0, Time elapsed: 0 sec - in com.urbanairship.api.experiments.ExperimentDeleteRequestTest
Running com.urbanairship.api.experiments.ExperimentRequestTest
Tests run: 6, Failures: 0, Errors: 0, Skipped: 0, Time elapsed: 0.001 sec - in com.urbanairship.api.experiments.ExperimentRequestTest
Running com.urbanairship.api.experiments.parse.VariantSerializerTest
Tests run: 1, Failures: 0, Errors: 0, Skipped: 0, Time elapsed: 0.002 sec - in com.urbanairship.api.experiments.parse.VariantSerializerTest
Running com.urbanairship.api.experiments.parse.ExperimentResponseDeserializerTest
Tests run: 1, Failures: 0, Errors: 0, Skipped: 0, Time elapsed: 0 sec - in com.urbanairship.api.experiments.parse.ExperimentResponseDeserializerTest
Running com.urbanairship.api.experiments.parse.VariantPushPayloadSerializerTest
Tests run: 1, Failures: 0, Errors: 0, Skipped: 0, Time elapsed: 0 sec - in com.urbanairship.api.experiments.parse.VariantPushPayloadSerializerTest
Running com.urbanairship.api.experiments.parse.VariantPushPayloadDeserializerTest
Tests run: 2, Failures: 0, Errors: 0, Skipped: 0, Time elapsed: 0 sec - in com.urbanairship.api.experiments.parse.VariantPushPayloadDeserializerTest
Running com.urbanairship.api.experiments.parse.ExperimentSerializerTest
Tests run: 1, Failures: 0, Errors: 0, Skipped: 0, Time elapsed: 0 sec - in com.urbanairship.api.experiments.parse.ExperimentSerializerTest
Running com.urbanairship.api.experiments.parse.VariantDeserializerTest
Tests run: 2, Failures: 0, Errors: 0, Skipped: 0, Time elapsed: 0 sec - in com.urbanairship.api.experiments.parse.VariantDeserializerTest
Running com.urbanairship.api.experiments.parse.ExperimentDeserializerTest
Tests run: 4, Failures: 0, Errors: 0, Skipped: 0, Time elapsed: 0 sec - in com.urbanairship.api.experiments.parse.ExperimentDeserializerTest
Running com.urbanairship.api.location.model.LocationResponseTest
Tests run: 1, Failures: 0, Errors: 0, Skipped: 0, Time elapsed: 0 sec - in com.urbanairship.api.location.model.LocationResponseTest
Running com.urbanairship.api.location.model.LocationViewTest
Tests run: 4, Failures: 0, Errors: 0, Skipped: 0, Time elapsed: 0 sec - in com.urbanairship.api.location.model.LocationViewTest
Running com.urbanairship.api.location.LocationRequestTest
Tests run: 6, Failures: 0, Errors: 0, Skipped: 0, Time elapsed: 0 sec - in com.urbanairship.api.location.LocationRequestTest
Running com.urbanairship.api.location.parse.LocationResponseViewDeserializerTest
Tests run: 1, Failures: 0, Errors: 0, Skipped: 0, Time elapsed: 0 sec - in com.urbanairship.api.location.parse.LocationResponseViewDeserializerTest
Running com.urbanairship.api.location.parse.LocationViewDeserializerTest
Tests run: 2, Failures: 0, Errors: 0, Skipped: 0, Time elapsed: 0 sec - in com.urbanairship.api.location.parse.LocationViewDeserializerTest
Running com.urbanairship.api.createandsend.CreateAndSendEmailTest
Tests run: 14, Failures: 0, Errors: 0, Skipped: 0, Time elapsed: 0.01 sec - in com.urbanairship.api.createandsend.CreateAndSendEmailTest
Running com.urbanairship.api.createandsend.CreateAndSendSmsTest
Tests run: 7, Failures: 0, Errors: 0, Skipped: 0, Time elapsed: 0.007 sec - in com.urbanairship.api.createandsend.CreateAndSendSmsTest
Running com.urbanairship.api.customevents.model.CustomEventPayloadTest
Tests run: 1, Failures: 0, Errors: 0, Skipped: 0, Time elapsed: 0.004 sec - in com.urbanairship.api.customevents.model.CustomEventPayloadTest
Running com.urbanairship.api.customevents.CustomEventRequestTest
Tests run: 6, Failures: 0, Errors: 0, Skipped: 0, Time elapsed: 0.005 sec - in com.urbanairship.api.customevents.CustomEventRequestTest
Running com.urbanairship.api.customevents.parse.CustomEventPayloadSerializerTest
Tests run: 1, Failures: 0, Errors: 0, Skipped: 0, Time elapsed: 0 sec - in com.urbanairship.api.customevents.parse.CustomEventPayloadSerializerTest
Running com.urbanairship.api.customevents.parse.CustomEventUserSerializerTest
Tests run: 1, Failures: 0, Errors: 0, Skipped: 0, Time elapsed: 0 sec - in com.urbanairship.api.customevents.parse.CustomEventUserSerializerTest

Results :

Tests run: 794, Failures: 0, Errors: 0, Skipped: 0

[INFO] 
[INFO] --- jacoco-maven-plugin:0.8.5:report (report) @ java-client ---
[INFO] Loading execution data file /tmp/tmphr5ybwr1/java-library/target/jacoco.exec
[INFO] Analyzed bundle 'Java Client' with 1480 classes
[INFO] ------------------------------------------------------------------------
[INFO] BUILD SUCCESS
[INFO] ------------------------------------------------------------------------
[INFO] Total time:  20.436 s
[INFO] Finished at: 2020-07-30T17:57:44Z
[INFO] ------------------------------------------------------------------------
