[INFO] Error stacktraces are turned on.
[INFO] Scanning for projects...
[WARNING] 
[WARNING] Some problems were encountered while building the effective model for groupId:ExplanationFramework:jar:1.0-SNAPSHOT
[WARNING] 'build.plugins.plugin.version' for org.apache.maven.plugins:maven-compiler-plugin is missing. @ line 4, column 15
[WARNING] 
[WARNING] It is highly recommended to fix these problems because they threaten the stability of your build.
[WARNING] 
[WARNING] For this reason, future Maven versions might no longer support building such malformed projects.
[WARNING] 
[INFO] 
[INFO] --------------------< groupId:ExplanationFramework >--------------------
[INFO] Building ExplanationFramework 1.0-SNAPSHOT
[INFO] --------------------------------[ jar ]---------------------------------
[WARNING] The POM for de.viadee.xai.anchor:DefaultConfigsAdapter:jar:1.0.1 is invalid, transitive dependencies (if any) will not be available, enable debug logging for more details
[INFO] 
[INFO] --- jacoco-maven-plugin:0.8.5:prepare-agent (default) @ ExplanationFramework ---
[INFO] argLine set to -javaagent:/home/jdbl/.m2/repository/org/jacoco/org.jacoco.agent/0.8.5/org.jacoco.agent-0.8.5-runtime.jar=destfile=/tmp/tmplsn_89sz/magie/target/jacoco.exec
[INFO] 
[INFO] --- maven-resources-plugin:2.6:resources (default-resources) @ ExplanationFramework ---
[WARNING] Using platform encoding (UTF-8 actually) to copy filtered resources, i.e. build is platform dependent!
[INFO] Copying 9 resources
[INFO] 
[INFO] --- maven-compiler-plugin:3.1:compile (default-compile) @ ExplanationFramework ---
[INFO] Changes detected - recompiling the module!
[WARNING] File encoding has not been set, using platform encoding UTF-8, i.e. build is platform dependent!
[INFO] Compiling 115 source files to /tmp/tmplsn_89sz/magie/target/classes
[WARNING] /tmp/tmplsn_89sz/magie/src/main/java/de/viadee/xai/framework/data/tabular_data/TabularDataset.java: Some input files use unchecked or unsafe operations.
[WARNING] /tmp/tmplsn_89sz/magie/src/main/java/de/viadee/xai/framework/data/tabular_data/TabularDataset.java: Recompile with -Xlint:unchecked for details.
[INFO] 
[INFO] --- maven-resources-plugin:2.6:testResources (default-testResources) @ ExplanationFramework ---
[WARNING] Using platform encoding (UTF-8 actually) to copy filtered resources, i.e. build is platform dependent!
[INFO] skip non existing resourceDirectory /tmp/tmplsn_89sz/magie/src/test/resources
[INFO] 
[INFO] --- maven-compiler-plugin:3.1:testCompile (default-testCompile) @ ExplanationFramework ---
[INFO] Changes detected - recompiling the module!
[WARNING] File encoding has not been set, using platform encoding UTF-8, i.e. build is platform dependent!
[INFO] Compiling 11 source files to /tmp/tmplsn_89sz/magie/target/test-classes
[WARNING] /tmp/tmplsn_89sz/magie/src/test/java/de/viadee/xai/framework/TestUtilityData.java: Some input files use unchecked or unsafe operations.
[WARNING] /tmp/tmplsn_89sz/magie/src/test/java/de/viadee/xai/framework/TestUtilityData.java: Recompile with -Xlint:unchecked for details.
[INFO] 
[INFO] --- maven-surefire-plugin:2.19.1:test (default-test) @ ExplanationFramework ---
[INFO] Surefire report directory: /tmp/tmplsn_89sz/magie/target/surefire-reports

-------------------------------------------------------
 T E S T S
-------------------------------------------------------
Running de.viadee.xai.framework.utility.RuleMetricCalculationTest
Tests run: 3, Failures: 0, Errors: 0, Skipped: 0, Time elapsed: 1.165 sec - in de.viadee.xai.framework.utility.RuleMetricCalculationTest
Running de.viadee.xai.framework.explanation_calculation.explanation.RuleExplanationTest
Tests run: 2, Failures: 0, Errors: 0, Skipped: 0, Time elapsed: 0.022 sec - in de.viadee.xai.framework.explanation_calculation.explanation.RuleExplanationTest
Running de.viadee.xai.framework.explanation_calculation.calculator.CategoricalCalculatorTest
0    [main] INFO  org.ehcache.core.EhcacheManager  - Cache 'covered' created in EhcacheManager.
18   [main] INFO  org.ehcache.core.EhcacheManager  - Cache 'correctlyCovered0' created in EhcacheManager.
22   [main] INFO  org.ehcache.core.EhcacheManager  - Cache 'incorrectlyCovered0' created in EhcacheManager.
29   [main] INFO  org.ehcache.core.EhcacheManager  - Cache 'correctlyNotCovered0' created in EhcacheManager.
32   [main] INFO  org.ehcache.core.EhcacheManager  - Cache 'incorrectlyNotCovered0' created in EhcacheManager.
35   [main] INFO  org.ehcache.core.EhcacheManager  - Cache 'correctlyCovered1' created in EhcacheManager.
38   [main] INFO  org.ehcache.core.EhcacheManager  - Cache 'incorrectlyCovered1' created in EhcacheManager.
41   [main] INFO  org.ehcache.core.EhcacheManager  - Cache 'correctlyNotCovered1' created in EhcacheManager.
45   [main] INFO  org.ehcache.core.EhcacheManager  - Cache 'incorrectlyNotCovered1' created in EhcacheManager.
131  [main] INFO  org.ehcache.core.EhcacheManager  - Cache 'covered' created in EhcacheManager.
134  [main] INFO  org.ehcache.core.EhcacheManager  - Cache 'correctlyCovered0' created in EhcacheManager.
137  [main] INFO  org.ehcache.core.EhcacheManager  - Cache 'incorrectlyCovered0' created in EhcacheManager.
139  [main] INFO  org.ehcache.core.EhcacheManager  - Cache 'correctlyNotCovered0' created in EhcacheManager.
142  [main] INFO  org.ehcache.core.EhcacheManager  - Cache 'incorrectlyNotCovered0' created in EhcacheManager.
144  [main] INFO  org.ehcache.core.EhcacheManager  - Cache 'correctlyCovered1' created in EhcacheManager.
153  [main] INFO  org.ehcache.core.EhcacheManager  - Cache 'incorrectlyCovered1' created in EhcacheManager.
155  [main] INFO  org.ehcache.core.EhcacheManager  - Cache 'correctlyNotCovered1' created in EhcacheManager.
157  [main] INFO  org.ehcache.core.EhcacheManager  - Cache 'incorrectlyNotCovered1' created in EhcacheManager.
185  [main] INFO  org.ehcache.core.EhcacheManager  - Cache 'covered' created in EhcacheManager.
187  [main] INFO  org.ehcache.core.EhcacheManager  - Cache 'correctlyCovered0' created in EhcacheManager.
190  [main] INFO  org.ehcache.core.EhcacheManager  - Cache 'incorrectlyCovered0' created in EhcacheManager.
192  [main] INFO  org.ehcache.core.EhcacheManager  - Cache 'correctlyNotCovered0' created in EhcacheManager.
203  [main] INFO  org.ehcache.core.EhcacheManager  - Cache 'incorrectlyNotCovered0' created in EhcacheManager.
207  [main] INFO  org.ehcache.core.EhcacheManager  - Cache 'correctlyCovered1' created in EhcacheManager.
212  [main] INFO  org.ehcache.core.EhcacheManager  - Cache 'incorrectlyCovered1' created in EhcacheManager.
220  [main] INFO  org.ehcache.core.EhcacheManager  - Cache 'correctlyNotCovered1' created in EhcacheManager.
223  [main] INFO  org.ehcache.core.EhcacheManager  - Cache 'incorrectlyNotCovered1' created in EhcacheManager.
236  [main] INFO  org.ehcache.core.EhcacheManager  - Cache 'covered' created in EhcacheManager.
239  [main] INFO  org.ehcache.core.EhcacheManager  - Cache 'correctlyCovered0' created in EhcacheManager.
241  [main] INFO  org.ehcache.core.EhcacheManager  - Cache 'incorrectlyCovered0' created in EhcacheManager.
242  [main] INFO  org.ehcache.core.EhcacheManager  - Cache 'correctlyNotCovered0' created in EhcacheManager.
244  [main] INFO  org.ehcache.core.EhcacheManager  - Cache 'incorrectlyNotCovered0' created in EhcacheManager.
245  [main] INFO  org.ehcache.core.EhcacheManager  - Cache 'correctlyCovered1' created in EhcacheManager.
247  [main] INFO  org.ehcache.core.EhcacheManager  - Cache 'incorrectlyCovered1' created in EhcacheManager.
248  [main] INFO  org.ehcache.core.EhcacheManager  - Cache 'correctlyNotCovered1' created in EhcacheManager.
249  [main] INFO  org.ehcache.core.EhcacheManager  - Cache 'incorrectlyNotCovered1' created in EhcacheManager.
Tests run: 6, Failures: 0, Errors: 0, Skipped: 0, Time elapsed: 1.286 sec - in de.viadee.xai.framework.explanation_calculation.calculator.CategoricalCalculatorTest
Running de.viadee.xai.framework.global_explanation_procedure_step.optimizer.trajectory_optimizer.KOptimalRuleLocalSearchTest
Tests run: 1, Failures: 0, Errors: 0, Skipped: 0, Time elapsed: 0.041 sec - in de.viadee.xai.framework.global_explanation_procedure_step.optimizer.trajectory_optimizer.KOptimalRuleLocalSearchTest

Results :

Tests run: 12, Failures: 0, Errors: 0, Skipped: 0

[INFO] 
[INFO] --- jacoco-maven-plugin:0.8.5:report (report) @ ExplanationFramework ---
[INFO] Loading execution data file /tmp/tmplsn_89sz/magie/target/jacoco.exec
[INFO] Analyzed bundle 'ExplanationFramework' with 109 classes
[INFO] ------------------------------------------------------------------------
[INFO] BUILD SUCCESS
[INFO] ------------------------------------------------------------------------
[INFO] Total time:  06:57 min
[INFO] Finished at: 2020-07-30T23:08:22Z
[INFO] ------------------------------------------------------------------------
