[INFO] Error stacktraces are turned on.
[INFO] Scanning for projects...
[WARNING] 
[WARNING] Some problems were encountered while building the effective model for com.hupper0.interview:interview:jar:1.0.0-SNAPSHOT
[WARNING] 'dependencies.dependency.(groupId:artifactId:type:classifier)' must be unique: com.alibaba:fastjson:jar -> version 1.2.47 vs 1.1.40 @ line 83, column 17
[WARNING] 
[WARNING] It is highly recommended to fix these problems because they threaten the stability of your build.
[WARNING] 
[WARNING] For this reason, future Maven versions might no longer support building such malformed projects.
[WARNING] 
[INFO] 
[INFO] ------------------< com.hupper0.interview:interview >-------------------
[INFO] Building interview 1.0.0-SNAPSHOT
[INFO] --------------------------------[ jar ]---------------------------------
[INFO] 
[INFO] --- jacoco-maven-plugin:0.8.5:prepare-agent (default) @ interview ---
[INFO] argLine set to -javaagent:/home/jdbl/.m2/repository/org/jacoco/org.jacoco.agent/0.8.5/org.jacoco.agent-0.8.5-runtime.jar=destfile=/tmp/tmpaixj9qfm/javaInterview/target/jacoco.exec
[INFO] 
[INFO] --- maven-resources-plugin:2.6:resources (default-resources) @ interview ---
[INFO] Using 'UTF-8' encoding to copy filtered resources.
[INFO] Copying 1 resource
[INFO] Copying 1 resource
[INFO] 
[INFO] --- maven-compiler-plugin:2.3.2:compile (default-compile) @ interview ---
[INFO] Compiling 68 source files to /tmp/tmpaixj9qfm/javaInterview/target/classes
[INFO] 
[INFO] --- maven-resources-plugin:2.6:testResources (default-testResources) @ interview ---
[INFO] Using 'UTF-8' encoding to copy filtered resources.
[INFO] skip non existing resourceDirectory /tmp/tmpaixj9qfm/javaInterview/src/test/resources
[INFO] 
[INFO] --- maven-compiler-plugin:2.3.2:testCompile (default-testCompile) @ interview ---
[INFO] Compiling 11 source files to /tmp/tmpaixj9qfm/javaInterview/target/test-classes
[WARNING] /tmp/tmpaixj9qfm/javaInterview/src/test/java/com/hupper/proxy/JDKProxyTest.java:[7,15] ProxyGenerator is internal proprietary API and may be removed in a future release
[WARNING] /tmp/tmpaixj9qfm/javaInterview/src/test/java/com/hupper/proxy/JDKProxyTest.java:[7,15] ProxyGenerator is internal proprietary API and may be removed in a future release
[WARNING] /tmp/tmpaixj9qfm/javaInterview/src/test/java/com/hupper/proxy/JDKProxyTest.java:[7,15] ProxyGenerator is internal proprietary API and may be removed in a future release
[WARNING] /tmp/tmpaixj9qfm/javaInterview/src/test/java/com/hupper/proxy/JDKProxyTest.java:[32,32] ProxyGenerator is internal proprietary API and may be removed in a future release
[INFO] 
[INFO] --- maven-surefire-plugin:2.19.1:test (default-test) @ interview ---
[INFO] Surefire report directory: /tmp/tmpaixj9qfm/javaInterview/target/surefire-reports

-------------------------------------------------------
 T E S T S
-------------------------------------------------------
Running com.hupper.actual.LRULinkedMapTest
1 : 1	2 : 2	3 : 3	4 : 4	
2 : 2	3 : 3	4 : 4	1 : 1	1 : 1	2 : 2	3 : 3	
2 : 2	3 : 3	4 : 4	1 : 1	2 : 2	3 : 3	4 : 4	
2 : 2	3 : 3	4 : 4	5 : 5	Tests run: 3, Failures: 0, Errors: 0, Skipped: 0, Time elapsed: 0.183 sec - in com.hupper.actual.LRULinkedMapTest
Running com.hupper.actual.LRUMapTest
1:1-->2:2-->3:3-->
==============
1
==============
2:2-->3:3-->1:1-->
1:1-->2:2-->3:3-->
2:2-->3:3-->4:4-->
3:3-->4:4-->5:5-->
1:1-->2:2-->3:3-->
==============
2
==============
1:1-->3:3-->2:2-->
1:1-->2:2-->3:3-->
==============
3
==============
1:1-->2:2-->3:3-->
1:1-->2:2-->3:3-->
1:1-->2:2-->3:3-->4:4-->
2:2-->3:3-->4:4-->5:5-->
1:1-->2:2-->3:3-->2:2-->
2:2-->3:3-->2:2-->4:4-->
3:3-->2:2-->4:4-->5:5-->
1:1-->2:2-->3:3-->
2:2-->3:3-->2:2-->
Tests run: 7, Failures: 0, Errors: 0, Skipped: 0, Time elapsed: 0.01 sec - in com.hupper.actual.LRUMapTest
Running com.hupper.proxy.JDKProxyTest
20:05:06,253 |-INFO in ch.qos.logback.classic.LoggerContext[default] - Could NOT find resource [logback-test.xml]
20:05:06,254 |-INFO in ch.qos.logback.classic.LoggerContext[default] - Could NOT find resource [logback.groovy]
20:05:06,254 |-INFO in ch.qos.logback.classic.LoggerContext[default] - Found resource [logback.xml] at [file:/tmp/tmpaixj9qfm/javaInterview/target/classes/logback.xml]
20:05:06,982 |-INFO in ch.qos.logback.classic.joran.action.ConfigurationAction - debug attribute not set
20:05:07,002 |-INFO in ch.qos.logback.core.joran.action.AppenderAction - About to instantiate appender of type [ch.qos.logback.core.ConsoleAppender]
20:05:07,024 |-INFO in ch.qos.logback.core.joran.action.AppenderAction - Naming appender as [CONSOLE]
20:05:07,071 |-INFO in ch.qos.logback.core.joran.action.NestedComplexPropertyIA - Assuming default type [ch.qos.logback.classic.encoder.PatternLayoutEncoder] for [encoder] property
20:05:07,288 |-INFO in ch.qos.logback.core.joran.action.AppenderAction - About to instantiate appender of type [ch.qos.logback.core.rolling.RollingFileAppender]
20:05:07,307 |-INFO in ch.qos.logback.core.joran.action.AppenderAction - Naming appender as [LOGFILE-DEBUG]
20:05:07,350 |-INFO in c.q.l.core.rolling.TimeBasedRollingPolicy@773238925 - No compression will be used
20:05:07,353 |-INFO in c.q.l.core.rolling.TimeBasedRollingPolicy@773238925 - Will use the pattern /logs/interview/interview_debug_%d{yyyy-MM-dd}.log.%d{yyyy-MM-dd} for the active file
20:05:07,363 |-INFO in c.q.l.core.rolling.DefaultTimeBasedFileNamingAndTriggeringPolicy - The date pattern is 'yyyy-MM-dd' from file name pattern '/logs/interview/interview_debug_%d{yyyy-MM-dd}.log.%d{yyyy-MM-dd}'.
20:05:07,363 |-INFO in c.q.l.core.rolling.DefaultTimeBasedFileNamingAndTriggeringPolicy - Roll-over at midnight.
20:05:07,376 |-INFO in c.q.l.core.rolling.DefaultTimeBasedFileNamingAndTriggeringPolicy - Setting initial period to Thu Jul 30 20:05:07 UTC 2020
20:05:07,379 |-INFO in ch.qos.logback.core.joran.action.NestedComplexPropertyIA - Assuming default type [ch.qos.logback.classic.encoder.PatternLayoutEncoder] for [encoder] property
20:05:07,383 |-INFO in ch.qos.logback.core.rolling.RollingFileAppender[LOGFILE-DEBUG] - Active log file name: /logs/interview/interview-debug.log
20:05:07,383 |-INFO in ch.qos.logback.core.rolling.RollingFileAppender[LOGFILE-DEBUG] - File property is set to [/logs/interview/interview-debug.log]
20:05:07,393 |-ERROR in ch.qos.logback.core.rolling.RollingFileAppender[LOGFILE-DEBUG] - Failed to create parent directories for [/logs/interview/interview-debug.log]
20:05:07,393 |-ERROR in ch.qos.logback.core.rolling.RollingFileAppender[LOGFILE-DEBUG] - openFile(/logs/interview/interview-debug.log,true) call failed. java.io.FileNotFoundException: /logs/interview/interview-debug.log (No such file or directory)
	at java.io.FileNotFoundException: /logs/interview/interview-debug.log (No such file or directory)
	at 	at java.io.FileOutputStream.open0(Native Method)
	at 	at java.io.FileOutputStream.open(FileOutputStream.java:270)
	at 	at java.io.FileOutputStream.<init>(FileOutputStream.java:213)
	at 	at ch.qos.logback.core.recovery.ResilientFileOutputStream.<init>(ResilientFileOutputStream.java:26)
	at 	at ch.qos.logback.core.FileAppender.openFile(FileAppender.java:204)
	at 	at ch.qos.logback.core.FileAppender.start(FileAppender.java:127)
	at 	at ch.qos.logback.core.rolling.RollingFileAppender.start(RollingFileAppender.java:100)
	at 	at ch.qos.logback.core.joran.action.AppenderAction.end(AppenderAction.java:90)
	at 	at ch.qos.logback.core.joran.spi.Interpreter.callEndAction(Interpreter.java:309)
	at 	at ch.qos.logback.core.joran.spi.Interpreter.endElement(Interpreter.java:193)
	at 	at ch.qos.logback.core.joran.spi.Interpreter.endElement(Interpreter.java:179)
	at 	at ch.qos.logback.core.joran.spi.EventPlayer.play(EventPlayer.java:62)
	at 	at ch.qos.logback.core.joran.GenericConfigurator.doConfigure(GenericConfigurator.java:165)
	at 	at ch.qos.logback.core.joran.GenericConfigurator.doConfigure(GenericConfigurator.java:152)
	at 	at ch.qos.logback.core.joran.GenericConfigurator.doConfigure(GenericConfigurator.java:110)
	at 	at ch.qos.logback.core.joran.GenericConfigurator.doConfigure(GenericConfigurator.java:53)
	at 	at ch.qos.logback.classic.util.ContextInitializer.configureByResource(ContextInitializer.java:75)
	at 	at ch.qos.logback.classic.util.ContextInitializer.autoConfig(ContextInitializer.java:150)
	at 	at org.slf4j.impl.StaticLoggerBinder.init(StaticLoggerBinder.java:84)
	at 	at org.slf4j.impl.StaticLoggerBinder.<clinit>(StaticLoggerBinder.java:55)
	at 	at org.slf4j.LoggerFactory.bind(LoggerFactory.java:150)
	at 	at org.slf4j.LoggerFactory.performInitialization(LoggerFactory.java:124)
	at 	at org.slf4j.LoggerFactory.getILoggerFactory(LoggerFactory.java:412)
	at 	at org.slf4j.LoggerFactory.getLogger(LoggerFactory.java:357)
	at 	at org.slf4j.LoggerFactory.getLogger(LoggerFactory.java:383)
	at 	at com.hupper.proxy.jdk.CustomizeHandle.<clinit>(CustomizeHandle.java:17)
	at 	at com.hupper.proxy.JDKProxyTest.test(JDKProxyTest.java:25)
	at 	at sun.reflect.NativeMethodAccessorImpl.invoke0(Native Method)
	at 	at sun.reflect.NativeMethodAccessorImpl.invoke(NativeMethodAccessorImpl.java:62)
	at 	at sun.reflect.DelegatingMethodAccessorImpl.invoke(DelegatingMethodAccessorImpl.java:43)
	at 	at java.lang.reflect.Method.invoke(Method.java:498)
	at 	at org.junit.runners.model.FrameworkMethod$1.runReflectiveCall(FrameworkMethod.java:47)
	at 	at org.junit.internal.runners.model.ReflectiveCallable.run(ReflectiveCallable.java:12)
	at 	at org.junit.runners.model.FrameworkMethod.invokeExplosively(FrameworkMethod.java:44)
	at 	at org.junit.internal.runners.statements.InvokeMethod.evaluate(InvokeMethod.java:17)
	at 	at org.junit.runners.ParentRunner.runLeaf(ParentRunner.java:271)
	at 	at org.junit.runners.BlockJUnit4ClassRunner.runChild(BlockJUnit4ClassRunner.java:70)
	at 	at org.junit.runners.BlockJUnit4ClassRunner.runChild(BlockJUnit4ClassRunner.java:50)
	at 	at org.junit.runners.ParentRunner$3.run(ParentRunner.java:238)
	at 	at org.junit.runners.ParentRunner$1.schedule(ParentRunner.java:63)
	at 	at org.junit.runners.ParentRunner.runChildren(ParentRunner.java:236)
	at 	at org.junit.runners.ParentRunner.access$000(ParentRunner.java:53)
	at 	at org.junit.runners.ParentRunner$2.evaluate(ParentRunner.java:229)
	at 	at org.junit.runners.ParentRunner.run(ParentRunner.java:309)
	at 	at org.apache.maven.surefire.junit4.JUnit4Provider.execute(JUnit4Provider.java:367)
	at 	at org.apache.maven.surefire.junit4.JUnit4Provider.executeWithRerun(JUnit4Provider.java:274)
	at 	at org.apache.maven.surefire.junit4.JUnit4Provider.executeTestSet(JUnit4Provider.java:238)
	at 	at org.apache.maven.surefire.junit4.JUnit4Provider.invoke(JUnit4Provider.java:161)
	at 	at org.apache.maven.surefire.booter.ForkedBooter.invokeProviderInSameClassLoader(ForkedBooter.java:290)
	at 	at org.apache.maven.surefire.booter.ForkedBooter.runSuitesInProcess(ForkedBooter.java:242)
	at 	at org.apache.maven.surefire.booter.ForkedBooter.main(ForkedBooter.java:121)
20:05:07,393 |-INFO in ch.qos.logback.core.joran.action.AppenderAction - About to instantiate appender of type [ch.qos.logback.core.rolling.RollingFileAppender]
20:05:07,393 |-INFO in ch.qos.logback.core.joran.action.AppenderAction - Naming appender as [LOGFILE-INFO]
20:05:07,395 |-INFO in c.q.l.core.rolling.TimeBasedRollingPolicy@1103666479 - No compression will be used
20:05:07,396 |-INFO in c.q.l.core.rolling.TimeBasedRollingPolicy@1103666479 - Will use the pattern /logs/interview/interview_info_%d{yyyy-MM-dd}.log.%d{yyyy-MM-dd} for the active file
20:05:07,396 |-INFO in c.q.l.core.rolling.DefaultTimeBasedFileNamingAndTriggeringPolicy - The date pattern is 'yyyy-MM-dd' from file name pattern '/logs/interview/interview_info_%d{yyyy-MM-dd}.log.%d{yyyy-MM-dd}'.
20:05:07,396 |-INFO in c.q.l.core.rolling.DefaultTimeBasedFileNamingAndTriggeringPolicy - Roll-over at midnight.
20:05:07,406 |-INFO in c.q.l.core.rolling.DefaultTimeBasedFileNamingAndTriggeringPolicy - Setting initial period to Thu Jul 30 20:05:07 UTC 2020
20:05:07,413 |-INFO in ch.qos.logback.core.joran.action.NestedComplexPropertyIA - Assuming default type [ch.qos.logback.classic.encoder.PatternLayoutEncoder] for [encoder] property
20:05:07,442 |-INFO in ch.qos.logback.core.rolling.RollingFileAppender[LOGFILE-INFO] - Active log file name: /logs/interview/interview-info.log
20:05:07,442 |-INFO in ch.qos.logback.core.rolling.RollingFileAppender[LOGFILE-INFO] - File property is set to [/logs/interview/interview-info.log]
20:05:07,442 |-ERROR in ch.qos.logback.core.rolling.RollingFileAppender[LOGFILE-INFO] - Failed to create parent directories for [/logs/interview/interview-info.log]
20:05:07,442 |-ERROR in ch.qos.logback.core.rolling.RollingFileAppender[LOGFILE-INFO] - openFile(/logs/interview/interview-info.log,true) call failed. java.io.FileNotFoundException: /logs/interview/interview-info.log (No such file or directory)
	at java.io.FileNotFoundException: /logs/interview/interview-info.log (No such file or directory)
	at 	at java.io.FileOutputStream.open0(Native Method)
	at 	at java.io.FileOutputStream.open(FileOutputStream.java:270)
	at 	at java.io.FileOutputStream.<init>(FileOutputStream.java:213)
	at 	at ch.qos.logback.core.recovery.ResilientFileOutputStream.<init>(ResilientFileOutputStream.java:26)
	at 	at ch.qos.logback.core.FileAppender.openFile(FileAppender.java:204)
	at 	at ch.qos.logback.core.FileAppender.start(FileAppender.java:127)
	at 	at ch.qos.logback.core.rolling.RollingFileAppender.start(RollingFileAppender.java:100)
	at 	at ch.qos.logback.core.joran.action.AppenderAction.end(AppenderAction.java:90)
	at 	at ch.qos.logback.core.joran.spi.Interpreter.callEndAction(Interpreter.java:309)
	at 	at ch.qos.logback.core.joran.spi.Interpreter.endElement(Interpreter.java:193)
	at 	at ch.qos.logback.core.joran.spi.Interpreter.endElement(Interpreter.java:179)
	at 	at ch.qos.logback.core.joran.spi.EventPlayer.play(EventPlayer.java:62)
	at 	at ch.qos.logback.core.joran.GenericConfigurator.doConfigure(GenericConfigurator.java:165)
	at 	at ch.qos.logback.core.joran.GenericConfigurator.doConfigure(GenericConfigurator.java:152)
	at 	at ch.qos.logback.core.joran.GenericConfigurator.doConfigure(GenericConfigurator.java:110)
	at 	at ch.qos.logback.core.joran.GenericConfigurator.doConfigure(GenericConfigurator.java:53)
	at 	at ch.qos.logback.classic.util.ContextInitializer.configureByResource(ContextInitializer.java:75)
	at 	at ch.qos.logback.classic.util.ContextInitializer.autoConfig(ContextInitializer.java:150)
	at 	at org.slf4j.impl.StaticLoggerBinder.init(StaticLoggerBinder.java:84)
	at 	at org.slf4j.impl.StaticLoggerBinder.<clinit>(StaticLoggerBinder.java:55)
	at 	at org.slf4j.LoggerFactory.bind(LoggerFactory.java:150)
	at 	at org.slf4j.LoggerFactory.performInitialization(LoggerFactory.java:124)
	at 	at org.slf4j.LoggerFactory.getILoggerFactory(LoggerFactory.java:412)
	at 	at org.slf4j.LoggerFactory.getLogger(LoggerFactory.java:357)
	at 	at org.slf4j.LoggerFactory.getLogger(LoggerFactory.java:383)
	at 	at com.hupper.proxy.jdk.CustomizeHandle.<clinit>(CustomizeHandle.java:17)
	at 	at com.hupper.proxy.JDKProxyTest.test(JDKProxyTest.java:25)
	at 	at sun.reflect.NativeMethodAccessorImpl.invoke0(Native Method)
	at 	at sun.reflect.NativeMethodAccessorImpl.invoke(NativeMethodAccessorImpl.java:62)
	at 	at sun.reflect.DelegatingMethodAccessorImpl.invoke(DelegatingMethodAccessorImpl.java:43)
	at 	at java.lang.reflect.Method.invoke(Method.java:498)
	at 	at org.junit.runners.model.FrameworkMethod$1.runReflectiveCall(FrameworkMethod.java:47)
	at 	at org.junit.internal.runners.model.ReflectiveCallable.run(ReflectiveCallable.java:12)
	at 	at org.junit.runners.model.FrameworkMethod.invokeExplosively(FrameworkMethod.java:44)
	at 	at org.junit.internal.runners.statements.InvokeMethod.evaluate(InvokeMethod.java:17)
	at 	at org.junit.runners.ParentRunner.runLeaf(ParentRunner.java:271)
	at 	at org.junit.runners.BlockJUnit4ClassRunner.runChild(BlockJUnit4ClassRunner.java:70)
	at 	at org.junit.runners.BlockJUnit4ClassRunner.runChild(BlockJUnit4ClassRunner.java:50)
	at 	at org.junit.runners.ParentRunner$3.run(ParentRunner.java:238)
	at 	at org.junit.runners.ParentRunner$1.schedule(ParentRunner.java:63)
	at 	at org.junit.runners.ParentRunner.runChildren(ParentRunner.java:236)
	at 	at org.junit.runners.ParentRunner.access$000(ParentRunner.java:53)
	at 	at org.junit.runners.ParentRunner$2.evaluate(ParentRunner.java:229)
	at 	at org.junit.runners.ParentRunner.run(ParentRunner.java:309)
	at 	at org.apache.maven.surefire.junit4.JUnit4Provider.execute(JUnit4Provider.java:367)
	at 	at org.apache.maven.surefire.junit4.JUnit4Provider.executeWithRerun(JUnit4Provider.java:274)
	at 	at org.apache.maven.surefire.junit4.JUnit4Provider.executeTestSet(JUnit4Provider.java:238)
	at 	at org.apache.maven.surefire.junit4.JUnit4Provider.invoke(JUnit4Provider.java:161)
	at 	at org.apache.maven.surefire.booter.ForkedBooter.invokeProviderInSameClassLoader(ForkedBooter.java:290)
	at 	at org.apache.maven.surefire.booter.ForkedBooter.runSuitesInProcess(ForkedBooter.java:242)
	at 	at org.apache.maven.surefire.booter.ForkedBooter.main(ForkedBooter.java:121)
20:05:07,442 |-INFO in ch.qos.logback.core.joran.action.AppenderAction - About to instantiate appender of type [ch.qos.logback.core.rolling.RollingFileAppender]
20:05:07,442 |-INFO in ch.qos.logback.core.joran.action.AppenderAction - Naming appender as [LOGFILE-ERROR]
20:05:07,446 |-INFO in c.q.l.core.rolling.TimeBasedRollingPolicy@68217166 - No compression will be used
20:05:07,446 |-INFO in c.q.l.core.rolling.TimeBasedRollingPolicy@68217166 - Will use the pattern /logs/interview/interview_error_%d{yyyy-MM-dd}.%d{yyyy-MM-dd} for the active file
20:05:07,447 |-INFO in c.q.l.core.rolling.DefaultTimeBasedFileNamingAndTriggeringPolicy - The date pattern is 'yyyy-MM-dd' from file name pattern '/logs/interview/interview_error_%d{yyyy-MM-dd}.%d{yyyy-MM-dd}'.
20:05:07,447 |-INFO in c.q.l.core.rolling.DefaultTimeBasedFileNamingAndTriggeringPolicy - Roll-over at midnight.
20:05:07,447 |-INFO in c.q.l.core.rolling.DefaultTimeBasedFileNamingAndTriggeringPolicy - Setting initial period to Thu Jul 30 20:05:07 UTC 2020
20:05:07,447 |-INFO in ch.qos.logback.core.joran.action.NestedComplexPropertyIA - Assuming default type [ch.qos.logback.classic.encoder.PatternLayoutEncoder] for [encoder] property
20:05:07,448 |-INFO in ch.qos.logback.core.rolling.RollingFileAppender[LOGFILE-ERROR] - Active log file name: /logs/interview/interview-error.log
20:05:07,449 |-INFO in ch.qos.logback.core.rolling.RollingFileAppender[LOGFILE-ERROR] - File property is set to [/logs/interview/interview-error.log]
20:05:07,449 |-ERROR in ch.qos.logback.core.rolling.RollingFileAppender[LOGFILE-ERROR] - Failed to create parent directories for [/logs/interview/interview-error.log]
20:05:07,449 |-ERROR in ch.qos.logback.core.rolling.RollingFileAppender[LOGFILE-ERROR] - openFile(/logs/interview/interview-error.log,true) call failed. java.io.FileNotFoundException: /logs/interview/interview-error.log (No such file or directory)
	at java.io.FileNotFoundException: /logs/interview/interview-error.log (No such file or directory)
	at 	at java.io.FileOutputStream.open0(Native Method)
	at 	at java.io.FileOutputStream.open(FileOutputStream.java:270)
	at 	at java.io.FileOutputStream.<init>(FileOutputStream.java:213)
	at 	at ch.qos.logback.core.recovery.ResilientFileOutputStream.<init>(ResilientFileOutputStream.java:26)
	at 	at ch.qos.logback.core.FileAppender.openFile(FileAppender.java:204)
	at 	at ch.qos.logback.core.FileAppender.start(FileAppender.java:127)
	at 	at ch.qos.logback.core.rolling.RollingFileAppender.start(RollingFileAppender.java:100)
	at 	at ch.qos.logback.core.joran.action.AppenderAction.end(AppenderAction.java:90)
	at 	at ch.qos.logback.core.joran.spi.Interpreter.callEndAction(Interpreter.java:309)
	at 	at ch.qos.logback.core.joran.spi.Interpreter.endElement(Interpreter.java:193)
	at 	at ch.qos.logback.core.joran.spi.Interpreter.endElement(Interpreter.java:179)
	at 	at ch.qos.logback.core.joran.spi.EventPlayer.play(EventPlayer.java:62)
	at 	at ch.qos.logback.core.joran.GenericConfigurator.doConfigure(GenericConfigurator.java:165)
	at 	at ch.qos.logback.core.joran.GenericConfigurator.doConfigure(GenericConfigurator.java:152)
	at 	at ch.qos.logback.core.joran.GenericConfigurator.doConfigure(GenericConfigurator.java:110)
	at 	at ch.qos.logback.core.joran.GenericConfigurator.doConfigure(GenericConfigurator.java:53)
	at 	at ch.qos.logback.classic.util.ContextInitializer.configureByResource(ContextInitializer.java:75)
	at 	at ch.qos.logback.classic.util.ContextInitializer.autoConfig(ContextInitializer.java:150)
	at 	at org.slf4j.impl.StaticLoggerBinder.init(StaticLoggerBinder.java:84)
	at 	at org.slf4j.impl.StaticLoggerBinder.<clinit>(StaticLoggerBinder.java:55)
	at 	at org.slf4j.LoggerFactory.bind(LoggerFactory.java:150)
	at 	at org.slf4j.LoggerFactory.performInitialization(LoggerFactory.java:124)
	at 	at org.slf4j.LoggerFactory.getILoggerFactory(LoggerFactory.java:412)
	at 	at org.slf4j.LoggerFactory.getLogger(LoggerFactory.java:357)
	at 	at org.slf4j.LoggerFactory.getLogger(LoggerFactory.java:383)
	at 	at com.hupper.proxy.jdk.CustomizeHandle.<clinit>(CustomizeHandle.java:17)
	at 	at com.hupper.proxy.JDKProxyTest.test(JDKProxyTest.java:25)
	at 	at sun.reflect.NativeMethodAccessorImpl.invoke0(Native Method)
	at 	at sun.reflect.NativeMethodAccessorImpl.invoke(NativeMethodAccessorImpl.java:62)
	at 	at sun.reflect.DelegatingMethodAccessorImpl.invoke(DelegatingMethodAccessorImpl.java:43)
	at 	at java.lang.reflect.Method.invoke(Method.java:498)
	at 	at org.junit.runners.model.FrameworkMethod$1.runReflectiveCall(FrameworkMethod.java:47)
	at 	at org.junit.internal.runners.model.ReflectiveCallable.run(ReflectiveCallable.java:12)
	at 	at org.junit.runners.model.FrameworkMethod.invokeExplosively(FrameworkMethod.java:44)
	at 	at org.junit.internal.runners.statements.InvokeMethod.evaluate(InvokeMethod.java:17)
	at 	at org.junit.runners.ParentRunner.runLeaf(ParentRunner.java:271)
	at 	at org.junit.runners.BlockJUnit4ClassRunner.runChild(BlockJUnit4ClassRunner.java:70)
	at 	at org.junit.runners.BlockJUnit4ClassRunner.runChild(BlockJUnit4ClassRunner.java:50)
	at 	at org.junit.runners.ParentRunner$3.run(ParentRunner.java:238)
	at 	at org.junit.runners.ParentRunner$1.schedule(ParentRunner.java:63)
	at 	at org.junit.runners.ParentRunner.runChildren(ParentRunner.java:236)
	at 	at org.junit.runners.ParentRunner.access$000(ParentRunner.java:53)
	at 	at org.junit.runners.ParentRunner$2.evaluate(ParentRunner.java:229)
	at 	at org.junit.runners.ParentRunner.run(ParentRunner.java:309)
	at 	at org.apache.maven.surefire.junit4.JUnit4Provider.execute(JUnit4Provider.java:367)
	at 	at org.apache.maven.surefire.junit4.JUnit4Provider.executeWithRerun(JUnit4Provider.java:274)
	at 	at org.apache.maven.surefire.junit4.JUnit4Provider.executeTestSet(JUnit4Provider.java:238)
	at 	at org.apache.maven.surefire.junit4.JUnit4Provider.invoke(JUnit4Provider.java:161)
	at 	at org.apache.maven.surefire.booter.ForkedBooter.invokeProviderInSameClassLoader(ForkedBooter.java:290)
	at 	at org.apache.maven.surefire.booter.ForkedBooter.runSuitesInProcess(ForkedBooter.java:242)
	at 	at org.apache.maven.surefire.booter.ForkedBooter.main(ForkedBooter.java:121)
20:05:07,450 |-INFO in ch.qos.logback.classic.joran.action.LevelAction - com.hupper level set to INFO
20:05:07,450 |-INFO in ch.qos.logback.core.joran.action.AppenderRefAction - Attaching appender named [LOGFILE-INFO] to Logger[com.hupper]
20:05:07,451 |-INFO in ch.qos.logback.classic.joran.action.RootLoggerAction - Setting level of ROOT logger to INFO
20:05:07,451 |-INFO in ch.qos.logback.core.joran.action.AppenderRefAction - Attaching appender named [LOGFILE-DEBUG] to Logger[ROOT]
20:05:07,451 |-INFO in ch.qos.logback.core.joran.action.AppenderRefAction - Attaching appender named [LOGFILE-INFO] to Logger[ROOT]
20:05:07,451 |-INFO in ch.qos.logback.core.joran.action.AppenderRefAction - Attaching appender named [LOGFILE-ERROR] to Logger[ROOT]
20:05:07,451 |-INFO in ch.qos.logback.core.joran.action.AppenderRefAction - Attaching appender named [CONSOLE] to Logger[ROOT]
20:05:07,451 |-INFO in ch.qos.logback.classic.joran.action.ConfigurationAction - End of configuration.
20:05:07,453 |-INFO in ch.qos.logback.classic.joran.JoranConfigurator@2d691f3d - Registering current configuration as safe fallback point

2020-07-30 20:05:07.470 [main] INFO  com.hupper.proxy.jdk.CustomizeHandle - handle before
2020-07-30 20:05:07.475 [main] INFO  c.hupper.proxy.jdk.impl.ISubjectImpl - ISubjectImpl execute
2020-07-30 20:05:07.475 [main] INFO  com.hupper.proxy.jdk.CustomizeHandle - handle after
2020-07-30 20:05:07.475 [main] INFO  com.hupper.proxy.jdk.CustomizeHandle - proxy class=class com.sun.proxy.$Proxy2
java.io.FileNotFoundException: /Users/chenjie/Documents/$Proxy1.class (No such file or directory)
	at java.io.FileOutputStream.open0(Native Method)
	at java.io.FileOutputStream.open(FileOutputStream.java:270)
	at java.io.FileOutputStream.<init>(FileOutputStream.java:213)
	at java.io.FileOutputStream.<init>(FileOutputStream.java:101)
	at com.hupper.proxy.JDKProxyTest.clazzTest(JDKProxyTest.java:35)
	at sun.reflect.NativeMethodAccessorImpl.invoke0(Native Method)
	at sun.reflect.NativeMethodAccessorImpl.invoke(NativeMethodAccessorImpl.java:62)
	at sun.reflect.DelegatingMethodAccessorImpl.invoke(DelegatingMethodAccessorImpl.java:43)
	at java.lang.reflect.Method.invoke(Method.java:498)
	at org.junit.runners.model.FrameworkMethod$1.runReflectiveCall(FrameworkMethod.java:47)
	at org.junit.internal.runners.model.ReflectiveCallable.run(ReflectiveCallable.java:12)
	at org.junit.runners.model.FrameworkMethod.invokeExplosively(FrameworkMethod.java:44)
	at org.junit.internal.runners.statements.InvokeMethod.evaluate(InvokeMethod.java:17)
	at org.junit.runners.ParentRunner.runLeaf(ParentRunner.java:271)
	at org.junit.runners.BlockJUnit4ClassRunner.runChild(BlockJUnit4ClassRunner.java:70)
	at org.junit.runners.BlockJUnit4ClassRunner.runChild(BlockJUnit4ClassRunner.java:50)
	at org.junit.runners.ParentRunner$3.run(ParentRunner.java:238)
	at org.junit.runners.ParentRunner$1.schedule(ParentRunner.java:63)
	at org.junit.runners.ParentRunner.runChildren(ParentRunner.java:236)
	at org.junit.runners.ParentRunner.access$000(ParentRunner.java:53)
	at org.junit.runners.ParentRunner$2.evaluate(ParentRunner.java:229)
	at org.junit.runners.ParentRunner.run(ParentRunner.java:309)
	at org.apache.maven.surefire.junit4.JUnit4Provider.execute(JUnit4Provider.java:367)
	at org.apache.maven.surefire.junit4.JUnit4Provider.executeWithRerun(JUnit4Provider.java:274)
	at org.apache.maven.surefire.junit4.JUnit4Provider.executeTestSet(JUnit4Provider.java:238)
	at org.apache.maven.surefire.junit4.JUnit4Provider.invoke(JUnit4Provider.java:161)
	at org.apache.maven.surefire.booter.ForkedBooter.invokeProviderInSameClassLoader(ForkedBooter.java:290)
	at org.apache.maven.surefire.booter.ForkedBooter.runSuitesInProcess(ForkedBooter.java:242)
	at org.apache.maven.surefire.booter.ForkedBooter.main(ForkedBooter.java:121)
Tests run: 2, Failures: 0, Errors: 0, Skipped: 0, Time elapsed: 1.675 sec - in com.hupper.proxy.JDKProxyTest
Running com.hupper.algorithm.BinaryNodeTest
BinaryNode{data=1, left=BinaryNode{data=2, left=BinaryNode{data=4, left=null, right=null}, right=BinaryNode{data=6, left=null, right=null}}, right=BinaryNode{data=3, left=null, right=BinaryNode{data=5, left=null, right=null}}}
1--->2--->3--->4--->6--->5--->Tests run: 1, Failures: 0, Errors: 0, Skipped: 0, Time elapsed: 0.001 sec - in com.hupper.algorithm.BinaryNodeTest
Running com.hupper.algorithm.LinkLoopTest
Tests run: 3, Failures: 0, Errors: 0, Skipped: 0, Time elapsed: 0 sec - in com.hupper.algorithm.LinkLoopTest
Running com.hupper.algorithm.TwoSumTest
[3,2]
[1,3]
Tests run: 2, Failures: 0, Errors: 0, Skipped: 0, Time elapsed: 0.55 sec - in com.hupper.algorithm.TwoSumTest
Running com.hupper.algorithm.MergeTwoSortedListsTest
ListNode{currentVal=1, next=ListNode{currentVal=3, next=ListNode{currentVal=6, next=ListNode{currentVal=9, next=null}}}}
Tests run: 3, Failures: 0, Errors: 0, Skipped: 0, Time elapsed: 0.009 sec - in com.hupper.algorithm.MergeTwoSortedListsTest
Running com.hupper.algorithm.HappyNumTest
true
Tests run: 3, Failures: 0, Errors: 0, Skipped: 0, Time elapsed: 0.003 sec - in com.hupper.algorithm.HappyNumTest
Running com.hupper.algorithm.TwoStackQueueTest
2020-07-30 20:05:08.179 [main] INFO  c.hupper.algorithm.TwoStackQueueTest - 1
2020-07-30 20:05:08.180 [main] INFO  c.hupper.algorithm.TwoStackQueueTest - 2
2020-07-30 20:05:08.180 [main] INFO  c.hupper.algorithm.TwoStackQueueTest - 3
2020-07-30 20:05:08.181 [main] INFO  c.hupper.algorithm.TwoStackQueueTest - 4
2020-07-30 20:05:08.181 [main] INFO  c.hupper.algorithm.TwoStackQueueTest - 5
2020-07-30 20:05:08.182 [main] INFO  c.hupper.algorithm.TwoStackQueueTest - ========第二次添加=========
2020-07-30 20:05:08.182 [main] INFO  c.hupper.algorithm.TwoStackQueueTest - 6
Tests run: 1, Failures: 0, Errors: 0, Skipped: 0, Time elapsed: 0.005 sec - in com.hupper.algorithm.TwoStackQueueTest

Results :

Tests run: 25, Failures: 0, Errors: 0, Skipped: 0

[INFO] 
[INFO] --- jacoco-maven-plugin:0.8.5:report (report) @ interview ---
[INFO] Loading execution data file /tmp/tmpaixj9qfm/javaInterview/target/jacoco.exec
[INFO] Analyzed bundle 'interview' with 284 classes
[INFO] ------------------------------------------------------------------------
[INFO] BUILD SUCCESS
[INFO] ------------------------------------------------------------------------
[INFO] Total time:  21.465 s
[INFO] Finished at: 2020-07-30T20:05:10Z
[INFO] ------------------------------------------------------------------------
