[INFO] Error stacktraces are turned on.
[INFO] Scanning for projects...
[INFO] 
[INFO] ----------------------< com.fasterxml:aalto-xml >-----------------------
[INFO] Building aalto-xml 1.2.3-SNAPSHOT
[INFO] -------------------------------[ bundle ]-------------------------------
[INFO] 
[INFO] --- maven-enforcer-plugin:3.0.0-M1:enforce (enforce-java) @ aalto-xml ---
[INFO] 
[INFO] --- jacoco-maven-plugin:0.8.5:prepare-agent (default) @ aalto-xml ---
[INFO] argLine set to -javaagent:/home/jdbl/.m2/repository/org/jacoco/org.jacoco.agent/0.8.5/org.jacoco.agent-0.8.5-runtime.jar=destfile=/tmp/tmpm95m56xe/aalto-xml/target/jacoco.exec
[INFO] 
[INFO] --- build-helper-maven-plugin:1.7:add-source (add-generated-sources) @ aalto-xml ---
[INFO] Source directory: /tmp/tmpm95m56xe/aalto-xml/target/generated-sources added.
[INFO] 
[INFO] --- maven-resources-plugin:2.7:resources (default-resources) @ aalto-xml ---
[INFO] Using 'UTF-8' encoding to copy filtered resources.
[INFO] Copying 4 resources
[INFO] 
[INFO] --- maven-compiler-plugin:3.8.0:compile (default-compile) @ aalto-xml ---
[INFO] Changes detected - recompiling the module!
[INFO] Compiling 117 source files to /tmp/tmpm95m56xe/aalto-xml/target/classes
[WARNING] bootstrap class path not set in conjunction with -source 1.6
[INFO] 
[INFO] --- maven-resources-plugin:2.7:testResources (default-testResources) @ aalto-xml ---
[INFO] Using 'UTF-8' encoding to copy filtered resources.
[INFO] skip non existing resourceDirectory /tmp/tmpm95m56xe/aalto-xml/src/test/resources
[INFO] 
[INFO] --- maven-compiler-plugin:3.8.0:testCompile (default-testCompile) @ aalto-xml ---
[INFO] Changes detected - recompiling the module!
[INFO] Compiling 45 source files to /tmp/tmpm95m56xe/aalto-xml/target/test-classes
[WARNING] bootstrap class path not set in conjunction with -source 1.6
[INFO] 
[INFO] --- maven-surefire-plugin:2.19.1:test (default-test) @ aalto-xml ---
[INFO] Surefire report directory: /tmp/tmpm95m56xe/aalto-xml/target/surefire-reports

-------------------------------------------------------
 T E S T S
-------------------------------------------------------
Running stax2.wstream.TestWriterConstruction
Tests run: 2, Failures: 0, Errors: 0, Skipped: 0, Time elapsed: 0.148 sec - in stax2.wstream.TestWriterConstruction
Running stax2.wstream.TestClosing
Tests run: 4, Failures: 0, Errors: 0, Skipped: 0, Time elapsed: 0.001 sec - in stax2.wstream.TestClosing
Running stax2.wstream.TestStreamWriter
Tests run: 10, Failures: 0, Errors: 0, Skipped: 0, Time elapsed: 0.048 sec - in stax2.wstream.TestStreamWriter
Running stax2.wstream.TestNamespaceCopying
Tests run: 1, Failures: 0, Errors: 0, Skipped: 0, Time elapsed: 0.042 sec - in stax2.wstream.TestNamespaceCopying
Running stax2.wstream.TestEscaping
Tests run: 4, Failures: 0, Errors: 0, Skipped: 0, Time elapsed: 0.004 sec - in stax2.wstream.TestEscaping
Running stax2.wstream.TestConfig
Tests run: 1, Failures: 0, Errors: 0, Skipped: 0, Time elapsed: 0.001 sec - in stax2.wstream.TestConfig
Running stax2.wstream.TestStreamResult
Tests run: 1, Failures: 0, Errors: 0, Skipped: 0, Time elapsed: 0.002 sec - in stax2.wstream.TestStreamResult
Running stax2.wstream.TestUTF8Surrogates
Tests run: 1, Failures: 0, Errors: 0, Skipped: 0, Time elapsed: 0.002 sec - in stax2.wstream.TestUTF8Surrogates
Running stax2.vwstream.TestAttributeValidation
Tests run: 1, Failures: 0, Errors: 0, Skipped: 0, Time elapsed: 0.015 sec - in stax2.vwstream.TestAttributeValidation
Running com.fasterxml.aalto.sax.TestEntityResolver
Tests run: 1, Failures: 0, Errors: 0, Skipped: 0, Time elapsed: 0.056 sec - in com.fasterxml.aalto.sax.TestEntityResolver
Running com.fasterxml.aalto.sax.TestSaxReader
Tests run: 3, Failures: 0, Errors: 0, Skipped: 0, Time elapsed: 0.005 sec - in com.fasterxml.aalto.sax.TestSaxReader
Running com.fasterxml.aalto.evt.TestLaziness
Tests run: 1, Failures: 0, Errors: 0, Skipped: 0, Time elapsed: 0.01 sec - in com.fasterxml.aalto.evt.TestLaziness
Running util.TestTextAccumulator
Tests run: 2, Failures: 0, Errors: 0, Skipped: 0, Time elapsed: 0.001 sec - in util.TestTextAccumulator
Running util.TestPNameTable
Tests run: 1, Failures: 0, Errors: 0, Skipped: 0, Time elapsed: 0.005 sec - in util.TestPNameTable
Running async.TestXmlDeclaration
Tests run: 5, Failures: 0, Errors: 0, Skipped: 0, Time elapsed: 0.02 sec - in async.TestXmlDeclaration
Running async.Issue40Test
Tests run: 1, Failures: 0, Errors: 0, Skipped: 0, Time elapsed: 0.001 sec - in async.Issue40Test
Running async.TestPIParsing
Tests run: 2, Failures: 0, Errors: 0, Skipped: 0, Time elapsed: 0.01 sec - in async.TestPIParsing
Running async.TestSurrogates
Tests run: 2, Failures: 0, Errors: 0, Skipped: 0, Time elapsed: 0.005 sec - in async.TestSurrogates
Running async.TestCommentParsing
Tests run: 2, Failures: 0, Errors: 0, Skipped: 0, Time elapsed: 0.006 sec - in async.TestCommentParsing
Running async.TestEntityParsing
Tests run: 2, Failures: 0, Errors: 0, Skipped: 0, Time elapsed: 0.006 sec - in async.TestEntityParsing
Running async.TestAsyncErrorHandling
Tests run: 1, Failures: 0, Errors: 0, Skipped: 0, Time elapsed: 0 sec - in async.TestAsyncErrorHandling
Running async.TestTextEncoding
Tests run: 2, Failures: 0, Errors: 0, Skipped: 0, Time elapsed: 0.003 sec - in async.TestTextEncoding
Running async.TestDoctypeParsing
Tests run: 6, Failures: 0, Errors: 0, Skipped: 0, Time elapsed: 0.011 sec - in async.TestDoctypeParsing
Running async.TestCharactersParsing
Tests run: 6, Failures: 0, Errors: 0, Skipped: 0, Time elapsed: 0.006 sec - in async.TestCharactersParsing
Running async.TestElementParsing
Tests run: 11, Failures: 0, Errors: 0, Skipped: 0, Time elapsed: 0.013 sec - in async.TestElementParsing
Running async.TestCDataParsing
Tests run: 2, Failures: 0, Errors: 0, Skipped: 0, Time elapsed: 0.003 sec - in async.TestCDataParsing
Running async.TestAsyncViaEventReader
Tests run: 2, Failures: 0, Errors: 0, Skipped: 0, Time elapsed: 0.003 sec - in async.TestAsyncViaEventReader
Running stream.TestSimple
Tests run: 2, Failures: 0, Errors: 0, Skipped: 0, Time elapsed: 0.008 sec - in stream.TestSimple
Running stream.TestSurrogates
Tests run: 2, Failures: 0, Errors: 0, Skipped: 0, Time elapsed: 0 sec - in stream.TestSurrogates
Running stream.TestNameDecoding
Tests run: 3, Failures: 0, Errors: 0, Skipped: 0, Time elapsed: 0 sec - in stream.TestNameDecoding
Running stream.TestDTDSkimming
Tests run: 3, Failures: 0, Errors: 0, Skipped: 0, Time elapsed: 0.001 sec - in stream.TestDTDSkimming
Running wstream.TestLongerContent
Tests run: 4, Failures: 0, Errors: 0, Skipped: 0, Time elapsed: 0.765 sec - in wstream.TestLongerContent
Running wstream.TestIndentation
Tests run: 2, Failures: 0, Errors: 0, Skipped: 0, Time elapsed: 0.001 sec - in wstream.TestIndentation
Running wstream.WriteRawTest
Tests run: 1, Failures: 0, Errors: 0, Skipped: 0, Time elapsed: 0 sec - in wstream.WriteRawTest
Running wstream.TestNameEncoding
Tests run: 6, Failures: 0, Errors: 0, Skipped: 0, Time elapsed: 0.005 sec - in wstream.TestNameEncoding

Results :

Tests run: 100, Failures: 0, Errors: 0, Skipped: 0

[INFO] 
[INFO] --- jacoco-maven-plugin:0.8.5:report (report) @ aalto-xml ---
[INFO] Loading execution data file /tmp/tmpm95m56xe/aalto-xml/target/jacoco.exec
[INFO] Analyzed bundle 'aalto-xml' with 1731 classes
[INFO] ------------------------------------------------------------------------
[INFO] BUILD SUCCESS
[INFO] ------------------------------------------------------------------------
[INFO] Total time:  7.577 s
[INFO] Finished at: 2020-07-30T16:57:13Z
[INFO] ------------------------------------------------------------------------
