[INFO] Error stacktraces are turned on.
[INFO] Scanning for projects...
[WARNING] The project de.neuland-bfi:jade4j:jar:1.3.3-SNAPSHOT uses prerequisites which is only intended for maven-plugin projects but not for non maven-plugin projects. For such purposes you should use the maven-enforcer-plugin. See https://maven.apache.org/enforcer/enforcer-rules/requireMavenVersion.html
[INFO] 
[INFO] -----------------------< de.neuland-bfi:jade4j >------------------------
[INFO] Building jade4j 1.3.3-SNAPSHOT
[INFO] --------------------------------[ jar ]---------------------------------
[INFO] 
[INFO] --- maven-enforcer-plugin:1.0:enforce (enforce-maven) @ jade4j ---
[INFO] 
[INFO] --- jacoco-maven-plugin:0.8.5:prepare-agent (default) @ jade4j ---
[INFO] argLine set to -javaagent:/home/jdbl/.m2/repository/org/jacoco/org.jacoco.agent/0.8.5/org.jacoco.agent-0.8.5-runtime.jar=destfile=/tmp/tmp1m9_7839/jade4j/target/jacoco.exec
[INFO] 
[INFO] --- maven-resources-plugin:3.0.2:resources (default-resources) @ jade4j ---
[INFO] Using 'UTF-8' encoding to copy filtered resources.
[INFO] Copying 1 resource
[INFO] 
[INFO] --- maven-compiler-plugin:3.7.0:compile (default-compile) @ jade4j ---
[INFO] Changes detected - recompiling the module!
[INFO] Compiling 114 source files to /tmp/tmp1m9_7839/jade4j/target/classes
[INFO] /tmp/tmp1m9_7839/jade4j/src/main/java/de/neuland/jade4j/model/JadeModel.java: Some input files use unchecked or unsafe operations.
[INFO] /tmp/tmp1m9_7839/jade4j/src/main/java/de/neuland/jade4j/model/JadeModel.java: Recompile with -Xlint:unchecked for details.
[INFO] 
[INFO] --- maven-resources-plugin:3.0.2:testResources (default-testResources) @ jade4j ---
[INFO] Using 'UTF-8' encoding to copy filtered resources.
[INFO] Copying 1306 resources
[INFO] 
[INFO] --- maven-compiler-plugin:3.7.0:testCompile (default-testCompile) @ jade4j ---
[INFO] Changes detected - recompiling the module!
[INFO] Compiling 39 source files to /tmp/tmp1m9_7839/jade4j/target/test-classes
[INFO] 
[INFO] --- maven-surefire-plugin:2.19.1:test (default-test) @ jade4j ---
[INFO] Surefire report directory: /tmp/tmp1m9_7839/jade4j/target/surefire-reports

-------------------------------------------------------
 T E S T S
-------------------------------------------------------
Running de.neuland.jade4j.model.JadeModelTest
Tests run: 2, Failures: 0, Errors: 0, Skipped: 0, Time elapsed: 0.093 sec - in de.neuland.jade4j.model.JadeModelTest
Running de.neuland.jade4j.exceptions.JadeExceptionTest
Tests run: 2, Failures: 0, Errors: 0, Skipped: 0, Time elapsed: 0.6 sec - in de.neuland.jade4j.exceptions.JadeExceptionTest
Running de.neuland.jade4j.template.ReaderTemplateLoaderTest
Tests run: 4, Failures: 0, Errors: 0, Skipped: 0, Time elapsed: 0.004 sec - in de.neuland.jade4j.template.ReaderTemplateLoaderTest
Running de.neuland.jade4j.template.JadeConfigurationTest
Tests run: 7, Failures: 0, Errors: 0, Skipped: 0, Time elapsed: 0.108 sec - in de.neuland.jade4j.template.JadeConfigurationTest
Running de.neuland.jade4j.template.JadeRunFullTemplateTest
Tests run: 2, Failures: 0, Errors: 0, Skipped: 0, Time elapsed: 0.015 sec - in de.neuland.jade4j.template.JadeRunFullTemplateTest
Running de.neuland.jade4j.util.ArgumentSplitterTest
Tests run: 5, Failures: 0, Errors: 0, Skipped: 0, Time elapsed: 0.006 sec - in de.neuland.jade4j.util.ArgumentSplitterTest
Running de.neuland.jade4j.util.CharacterParserTest
Tests run: 6, Failures: 0, Errors: 0, Skipped: 0, Time elapsed: 0.022 sec - in de.neuland.jade4j.util.CharacterParserTest
Running de.neuland.jade4j.util.JadeEscapeTest
Tests run: 1, Failures: 0, Errors: 0, Skipped: 0, Time elapsed: 0.004 sec - in de.neuland.jade4j.util.JadeEscapeTest
Running de.neuland.jade4j.compiler.CompilerTest
Tests run: 71, Failures: 0, Errors: 0, Skipped: 2, Time elapsed: 1.122 sec - in de.neuland.jade4j.compiler.CompilerTest
Running de.neuland.jade4j.compiler.CompilerIndentationErrorTest
Tests run: 1, Failures: 0, Errors: 0, Skipped: 0, Time elapsed: 0 sec - in de.neuland.jade4j.compiler.CompilerIndentationErrorTest
Running de.neuland.jade4j.compiler.OriginalJadeTest
Tests run: 29, Failures: 0, Errors: 0, Skipped: 0, Time elapsed: 0.209 sec - in de.neuland.jade4j.compiler.OriginalJadeTest
Running de.neuland.jade4j.compiler.CompilerTagErrorTest
Tests run: 1, Failures: 0, Errors: 0, Skipped: 0, Time elapsed: 0.002 sec - in de.neuland.jade4j.compiler.CompilerTagErrorTest
Running de.neuland.jade4j.compiler.OriginalJade20150927Test
Tests run: 1, Failures: 0, Errors: 0, Skipped: 1, Time elapsed: 0 sec - in de.neuland.jade4j.compiler.OriginalJade20150927Test
Running de.neuland.jade4j.compiler.OriginalJade20150515SingleTest
Tests run: 1, Failures: 0, Errors: 0, Skipped: 1, Time elapsed: 0 sec - in de.neuland.jade4j.compiler.OriginalJade20150515SingleTest
Running de.neuland.jade4j.compiler.OriginalJade20150515Test
Tests run: 83, Failures: 0, Errors: 0, Skipped: 0, Time elapsed: 0.566 sec - in de.neuland.jade4j.compiler.OriginalJade20150515Test
Running de.neuland.jade4j.compiler.IssuesTest
Tests run: 147, Failures: 0, Errors: 0, Skipped: 0, Time elapsed: 0.803 sec - in de.neuland.jade4j.compiler.IssuesTest
Running de.neuland.jade4j.parser.DoctypeParserTest
Tests run: 1, Failures: 0, Errors: 0, Skipped: 0, Time elapsed: 0 sec - in de.neuland.jade4j.parser.DoctypeParserTest
Running de.neuland.jade4j.parser.TagsWithAttributesParserTest
Tests run: 1, Failures: 0, Errors: 0, Skipped: 1, Time elapsed: 0 sec - in de.neuland.jade4j.parser.TagsWithAttributesParserTest
Running de.neuland.jade4j.parser.node.TagNodeTest
Tests run: 6, Failures: 0, Errors: 0, Skipped: 0, Time elapsed: 0 sec - in de.neuland.jade4j.parser.node.TagNodeTest
Running de.neuland.jade4j.parser.TextParserTest
Tests run: 1, Failures: 0, Errors: 0, Skipped: 1, Time elapsed: 0 sec - in de.neuland.jade4j.parser.TextParserTest
Running de.neuland.jade4j.parser.LargeBodyTextWithoutPipesParserTest
Tests run: 1, Failures: 0, Errors: 0, Skipped: 1, Time elapsed: 0 sec - in de.neuland.jade4j.parser.LargeBodyTextWithoutPipesParserTest
Running de.neuland.jade4j.parser.AssignmentParserTest
Tests run: 1, Failures: 0, Errors: 0, Skipped: 0, Time elapsed: 0 sec - in de.neuland.jade4j.parser.AssignmentParserTest
Running de.neuland.jade4j.parser.FileNameBuilderTest
Tests run: 1, Failures: 0, Errors: 0, Skipped: 0, Time elapsed: 0 sec - in de.neuland.jade4j.parser.FileNameBuilderTest
Running de.neuland.jade4j.parser.IncludeParserTest
Tests run: 2, Failures: 0, Errors: 0, Skipped: 0, Time elapsed: 0 sec - in de.neuland.jade4j.parser.IncludeParserTest
Running de.neuland.jade4j.parser.PathHelperTest
Tests run: 4, Failures: 0, Errors: 0, Skipped: 0, Time elapsed: 0 sec - in de.neuland.jade4j.parser.PathHelperTest
Running de.neuland.jade4j.parser.LargeBodyTextParserTest
Tests run: 1, Failures: 0, Errors: 0, Skipped: 0, Time elapsed: 0 sec - in de.neuland.jade4j.parser.LargeBodyTextParserTest
Running de.neuland.jade4j.parser.CssClassAndIdParserTest
Tests run: 1, Failures: 0, Errors: 0, Skipped: 1, Time elapsed: 0.001 sec - in de.neuland.jade4j.parser.CssClassAndIdParserTest
Running de.neuland.jade4j.parser.expression.BooleanUtilTest
Tests run: 1, Failures: 0, Errors: 0, Skipped: 0, Time elapsed: 0 sec - in de.neuland.jade4j.parser.expression.BooleanUtilTest
Running de.neuland.jade4j.parser.JadeParserTest
Tests run: 2, Failures: 0, Errors: 0, Skipped: 0, Time elapsed: 0.007 sec - in de.neuland.jade4j.parser.JadeParserTest
Running de.neuland.jade4j.parser.ComplexIndentOutdentParserTest
Tests run: 1, Failures: 0, Errors: 0, Skipped: 0, Time elapsed: 0.007 sec - in de.neuland.jade4j.parser.ComplexIndentOutdentParserTest
Running de.neuland.jade4j.lexer.OriginalLexer_0_0_8_Test
Tests run: 100, Failures: 0, Errors: 0, Skipped: 0, Time elapsed: 0.602 sec - in de.neuland.jade4j.lexer.OriginalLexer_0_0_8_Test

Results :

Tests run: 487, Failures: 0, Errors: 0, Skipped: 8

[INFO] 
[INFO] --- jacoco-maven-plugin:0.8.5:report (report) @ jade4j ---
[INFO] Loading execution data file /tmp/tmp1m9_7839/jade4j/target/jacoco.exec
[INFO] Analyzed bundle 'jade4j' with 308 classes
[INFO] ------------------------------------------------------------------------
[INFO] BUILD SUCCESS
[INFO] ------------------------------------------------------------------------
[INFO] Total time:  18.968 s
[INFO] Finished at: 2020-07-30T20:34:50Z
[INFO] ------------------------------------------------------------------------
