[INFO] Error stacktraces are turned on.
[INFO] Scanning for projects...
[INFO] 
[INFO] ----------------- maven-git-versioning-extension:5.2.1 -----------------
[INFO] Adjusting project models...
[INFO] 
[INFO] --- com.reprezen.kaizen:openapi-parser @ commit 83c47220d21fe7569f46eeacd3f5bdecb58da69a ---
[INFO] project version: 83c4722
[INFO] properties:
[INFO] 
[WARNING] 
[WARNING] Some problems were encountered while building the effective model for com.reprezen.kaizen:openapi-parser:jar:83c4722
[WARNING] 'distributionManagement.snapshotRepository.layout' for sonatype-nexus-snapshots uses the unsupported value 'legacy', artifact resolution might fail. @ line 405, column 15
[WARNING] 
[WARNING] It is highly recommended to fix these problems because they threaten the stability of your build.
[WARNING] 
[WARNING] For this reason, future Maven versions might no longer support building such malformed projects.
[WARNING] 
[INFO] Inspecting build with total of 1 modules...
[INFO] Installing Nexus Staging features:
[INFO]   ... total of 1 executions of maven-deploy-plugin replaced with nexus-staging-maven-plugin
[INFO] 
[INFO] -----------------< com.reprezen.kaizen:openapi-parser >-----------------
[INFO] Building com.reprezen.kaizen:openapi-parser 83c4722
[INFO] --------------------------------[ jar ]---------------------------------
[INFO] 
[INFO] --- jacoco-maven-plugin:0.8.5:prepare-agent (default) @ openapi-parser ---
[INFO] argLine set to -javaagent:/home/jdbl/.m2/repository/org/jacoco/org.jacoco.agent/0.8.5/org.jacoco.agent-0.8.5-runtime.jar=destfile=/tmp/tmpm8o6oh0s/KaiZen-OpenApi-Parser/kaizen-openapi-parser/target/jacoco.exec
[INFO] 
[INFO] --- maven-git-versioning-extension:5.2.1:git-versioning (git-versioning) @ openapi-parser ---
[INFO] Generating git versioned POM
[INFO] 
[INFO] --- maven-resources-plugin:2.6:resources (default-resources) @ openapi-parser ---
[INFO] Using 'UTF-8' encoding to copy filtered resources.
[INFO] skip non existing resourceDirectory /tmp/tmpm8o6oh0s/KaiZen-OpenApi-Parser/kaizen-openapi-parser/src/main/resources
[INFO] 
[INFO] --- maven-compiler-plugin:3.1:compile (default-compile) @ openapi-parser ---
[INFO] Changes detected - recompiling the module!
[INFO] Compiling 98 source files to /tmp/tmpm8o6oh0s/KaiZen-OpenApi-Parser/kaizen-openapi-parser/target/classes
[INFO] 
[INFO] --- maven-resources-plugin:2.6:testResources (default-testResources) @ openapi-parser ---
[INFO] Using 'UTF-8' encoding to copy filtered resources.
[INFO] Copying 11 resources
[INFO] 
[INFO] --- maven-compiler-plugin:3.1:testCompile (default-testCompile) @ openapi-parser ---
[INFO] Changes detected - recompiling the module!
[INFO] Compiling 10 source files to /tmp/tmpm8o6oh0s/KaiZen-OpenApi-Parser/kaizen-openapi-parser/target/test-classes
[INFO] 
[INFO] --- maven-surefire-plugin:2.19.1:test (default-test) @ openapi-parser ---
[INFO] Surefire report directory: /tmp/tmpm8o6oh0s/KaiZen-OpenApi-Parser/kaizen-openapi-parser/target/surefire-reports

-------------------------------------------------------
 T E S T S
-------------------------------------------------------
Running com.reprezen.kaizen.oasparser.val3.ParameterValidatorTest
Tests run: 5, Failures: 0, Errors: 0, Skipped: 0, Time elapsed: 1.992 sec - in com.reprezen.kaizen.oasparser.val3.ParameterValidatorTest
Running com.reprezen.swaggerparser.test.Issue131Test
Tests run: 1, Failures: 0, Errors: 0, Skipped: 0, Time elapsed: 0.172 sec - in com.reprezen.swaggerparser.test.Issue131Test
Running com.reprezen.swaggerparser.test.SimpleSerializationTest
Tests run: 14, Failures: 0, Errors: 0, Skipped: 0, Time elapsed: 5.49 sec - in com.reprezen.swaggerparser.test.SimpleSerializationTest
Running com.reprezen.swaggerparser.test.BigParseTest
Tests run: 1, Failures: 0, Errors: 0, Skipped: 0, Time elapsed: 0.253 sec - in com.reprezen.swaggerparser.test.BigParseTest
Running com.reprezen.swaggerparser.test.LinksTest
Tests run: 1, Failures: 0, Errors: 0, Skipped: 0, Time elapsed: 0.017 sec - in com.reprezen.swaggerparser.test.LinksTest
Running com.reprezen.swaggerparser.test.ExampleTest
Tests run: 3, Failures: 0, Errors: 0, Skipped: 0, Time elapsed: 0.063 sec - in com.reprezen.swaggerparser.test.ExampleTest
Running com.reprezen.swaggerparser.test.ExamplesTest
Tests run: 12, Failures: 0, Errors: 0, Skipped: 0, Time elapsed: 0.499 sec - in com.reprezen.swaggerparser.test.ExamplesTest
Running com.reprezen.swaggerparser.test.PathsTest
Tests run: 1, Failures: 0, Errors: 0, Skipped: 0, Time elapsed: 0 sec - in com.reprezen.swaggerparser.test.PathsTest

Results :

Tests run: 38, Failures: 0, Errors: 0, Skipped: 0

[INFO] 
[INFO] --- jacoco-maven-plugin:0.8.5:report (report) @ openapi-parser ---
[INFO] Loading execution data file /tmp/tmpm8o6oh0s/KaiZen-OpenApi-Parser/kaizen-openapi-parser/target/jacoco.exec
[INFO] Analyzed bundle 'com.reprezen.kaizen:openapi-parser' with 125 classes
[INFO] ------------------------------------------------------------------------
[INFO] BUILD SUCCESS
[INFO] ------------------------------------------------------------------------
[INFO] Total time:  29.488 s
[INFO] Finished at: 2020-07-30T22:00:07Z
[INFO] ------------------------------------------------------------------------
