[INFO] Error stacktraces are turned on.
[INFO] Scanning for projects...
[INFO] 
[INFO] ----------------------< com.loomcom.symon:symon >-----------------------
[INFO] Building symon 1.3.1
[INFO] --------------------------------[ jar ]---------------------------------
[INFO] 
[INFO] --- jacoco-maven-plugin:0.8.5:prepare-agent (default) @ symon ---
[INFO] argLine set to -javaagent:/home/jdbl/.m2/repository/org/jacoco/org.jacoco.agent/0.8.5/org.jacoco.agent-0.8.5-runtime.jar=destfile=/tmp/tmpmvzvft6f/symon/target/jacoco.exec
[INFO] 
[INFO] --- maven-resources-plugin:2.6:resources (default-resources) @ symon ---
[INFO] Using 'UTF-8' encoding to copy filtered resources.
[INFO] Copying 18 resources
[INFO] 
[INFO] --- maven-compiler-plugin:3.7.0:compile (default-compile) @ symon ---
[INFO] Changes detected - recompiling the module!
[INFO] Compiling 48 source files to /tmp/tmpmvzvft6f/symon/target/classes
[INFO] 
[INFO] --- maven-resources-plugin:2.6:testResources (default-testResources) @ symon ---
[INFO] Using 'UTF-8' encoding to copy filtered resources.
[INFO] skip non existing resourceDirectory /tmp/tmpmvzvft6f/symon/src/test/resources
[INFO] 
[INFO] --- maven-compiler-plugin:3.7.0:testCompile (default-testCompile) @ symon ---
[INFO] Changes detected - recompiling the module!
[INFO] Compiling 32 source files to /tmp/tmpmvzvft6f/symon/target/test-classes
[INFO] 
[INFO] --- maven-surefire-plugin:2.19.1:test (default-test) @ symon ---
[INFO] Surefire report directory: /tmp/tmpmvzvft6f/symon/target/surefire-reports

-------------------------------------------------------
 T E S T S
-------------------------------------------------------
Running com.loomcom.symon.CpuAccumulatorModeTest
Tests run: 4, Failures: 0, Errors: 0, Skipped: 0, Time elapsed: 0.284 sec - in com.loomcom.symon.CpuAccumulatorModeTest
Running com.loomcom.symon.CpuIndirectIndexedModeTest
Tests run: 3, Failures: 0, Errors: 0, Skipped: 0, Time elapsed: 0.061 sec - in com.loomcom.symon.CpuIndirectIndexedModeTest
Running com.loomcom.symon.FifoRingBufferTest
Tests run: 1, Failures: 0, Errors: 0, Skipped: 0, Time elapsed: 0.005 sec - in com.loomcom.symon.FifoRingBufferTest
Running com.loomcom.symon.CpuAbsoluteModeTest
Tests run: 27, Failures: 0, Errors: 0, Skipped: 0, Time elapsed: 0.026 sec - in com.loomcom.symon.CpuAbsoluteModeTest
Running com.loomcom.symon.CpuTest
Tests run: 20, Failures: 0, Errors: 0, Skipped: 0, Time elapsed: 0.009 sec - in com.loomcom.symon.CpuTest
Running com.loomcom.symon.CpuZeroPageXModeTest
Tests run: 20, Failures: 0, Errors: 0, Skipped: 0, Time elapsed: 0.073 sec - in com.loomcom.symon.CpuZeroPageXModeTest
Running com.loomcom.symon.Cpu65C02ZeroPageXModeTest
Tests run: 2, Failures: 0, Errors: 0, Skipped: 0, Time elapsed: 0 sec - in com.loomcom.symon.Cpu65C02ZeroPageXModeTest
Running com.loomcom.symon.CpuZeroPageYModeTest
Tests run: 2, Failures: 0, Errors: 0, Skipped: 0, Time elapsed: 0.003 sec - in com.loomcom.symon.CpuZeroPageYModeTest
Running com.loomcom.symon.Cpu65C02AbsoluteXModeTest
Tests run: 4, Failures: 0, Errors: 0, Skipped: 0, Time elapsed: 0 sec - in com.loomcom.symon.Cpu65C02AbsoluteXModeTest
Running com.loomcom.symon.CpuIndirectModeTest
Tests run: 5, Failures: 0, Errors: 0, Skipped: 0, Time elapsed: 0.002 sec - in com.loomcom.symon.CpuIndirectModeTest
Running com.loomcom.symon.TestVt100TerminalModel
Tests run: 9, Failures: 0, Errors: 0, Skipped: 0, Time elapsed: 0.114 sec - in com.loomcom.symon.TestVt100TerminalModel
Running com.loomcom.symon.TestAnsiControlSequenceParser
Tests run: 8, Failures: 0, Errors: 0, Skipped: 0, Time elapsed: 0.001 sec - in com.loomcom.symon.TestAnsiControlSequenceParser
Running com.loomcom.symon.MemoryRangeTest
Tests run: 8, Failures: 0, Errors: 0, Skipped: 0, Time elapsed: 0 sec - in com.loomcom.symon.MemoryRangeTest
Running com.loomcom.symon.Acia6850Test
Tests run: 15, Failures: 0, Errors: 0, Skipped: 0, Time elapsed: 0.243 sec - in com.loomcom.symon.Acia6850Test
Running com.loomcom.symon.UtilsTest
Tests run: 7, Failures: 0, Errors: 0, Skipped: 0, Time elapsed: 0.002 sec - in com.loomcom.symon.UtilsTest
Running com.loomcom.symon.CpuRelativeModeTest
Tests run: 8, Failures: 0, Errors: 0, Skipped: 0, Time elapsed: 0.05 sec - in com.loomcom.symon.CpuRelativeModeTest
Running com.loomcom.symon.Cpu65C02ZeroPageModeTest
Tests run: 10, Failures: 0, Errors: 0, Skipped: 0, Time elapsed: 0.012 sec - in com.loomcom.symon.Cpu65C02ZeroPageModeTest
Running com.loomcom.symon.AciaTest
Tests run: 16, Failures: 0, Errors: 0, Skipped: 0, Time elapsed: 0.01 sec - in com.loomcom.symon.AciaTest
Running com.loomcom.symon.CpuIndexedIndirectModeTest
Tests run: 4, Failures: 0, Errors: 0, Skipped: 0, Time elapsed: 0.003 sec - in com.loomcom.symon.CpuIndexedIndirectModeTest
Running com.loomcom.symon.CpuZeroPageModeTest
Tests run: 25, Failures: 0, Errors: 0, Skipped: 0, Time elapsed: 0 sec - in com.loomcom.symon.CpuZeroPageModeTest
Running com.loomcom.symon.CpuIndirectXModeTest
Tests run: 12, Failures: 0, Errors: 0, Skipped: 0, Time elapsed: 0.005 sec - in com.loomcom.symon.CpuIndirectXModeTest
Running com.loomcom.symon.Cpu65C02ZeroPageRelativeTest
Tests run: 6, Failures: 0, Errors: 0, Skipped: 0, Time elapsed: 0.003 sec - in com.loomcom.symon.Cpu65C02ZeroPageRelativeTest
Running com.loomcom.symon.Cpu65C02ImmediateModeTest
Tests run: 2, Failures: 0, Errors: 0, Skipped: 0, Time elapsed: 0 sec - in com.loomcom.symon.Cpu65C02ImmediateModeTest
Running com.loomcom.symon.CpuAbsoluteXModeTest
Tests run: 19, Failures: 0, Errors: 0, Skipped: 0, Time elapsed: 0.011 sec - in com.loomcom.symon.CpuAbsoluteXModeTest
Running com.loomcom.symon.CpuZeroPageIndirectTest
Tests run: 6, Failures: 0, Errors: 0, Skipped: 0, Time elapsed: 0.005 sec - in com.loomcom.symon.CpuZeroPageIndirectTest
Running com.loomcom.symon.Cpu65C02AbsoluteModeTest
Tests run: 6, Failures: 0, Errors: 0, Skipped: 0, Time elapsed: 0.003 sec - in com.loomcom.symon.Cpu65C02AbsoluteModeTest
Running com.loomcom.symon.CpuImmediateModeTest
Tests run: 42, Failures: 0, Errors: 0, Skipped: 0, Time elapsed: 0.033 sec - in com.loomcom.symon.CpuImmediateModeTest
Running com.loomcom.symon.CrtcTest
Tests run: 30, Failures: 0, Errors: 0, Skipped: 0, Time elapsed: 0.065 sec - in com.loomcom.symon.CrtcTest
Running com.loomcom.symon.CpuAbsoluteYModeTest
Tests run: 13, Failures: 0, Errors: 0, Skipped: 0, Time elapsed: 0.104 sec - in com.loomcom.symon.CpuAbsoluteYModeTest
Running com.loomcom.symon.Cpu65C02ImpliedModeTest
Tests run: 13, Failures: 0, Errors: 0, Skipped: 0, Time elapsed: 0.008 sec - in com.loomcom.symon.Cpu65C02ImpliedModeTest
Running com.loomcom.symon.CpuImpliedModeTest
Tests run: 47, Failures: 0, Errors: 0, Skipped: 0, Time elapsed: 0.012 sec - in com.loomcom.symon.CpuImpliedModeTest
Running com.loomcom.symon.BusTest
Tests run: 9, Failures: 0, Errors: 0, Skipped: 0, Time elapsed: 0.005 sec - in com.loomcom.symon.BusTest

Results :

Tests run: 403, Failures: 0, Errors: 0, Skipped: 0

[INFO] 
[INFO] --- jacoco-maven-plugin:0.8.5:report (report) @ symon ---
[INFO] Loading execution data file /tmp/tmpmvzvft6f/symon/target/jacoco.exec
[INFO] Analyzed bundle 'symon' with 135 classes
[INFO] ------------------------------------------------------------------------
[INFO] BUILD SUCCESS
[INFO] ------------------------------------------------------------------------
[INFO] Total time:  12.642 s
[INFO] Finished at: 2020-07-30T20:41:03Z
[INFO] ------------------------------------------------------------------------
