[INFO] Error stacktraces are turned on.
[INFO] Scanning for projects...
[INFO] 
[INFO] --------------------< com.github.mongobee:mongobee >--------------------
[INFO] Building mongobee 0.14-SNAPSHOT
[INFO] --------------------------------[ jar ]---------------------------------
[INFO] 
[INFO] --- jacoco-maven-plugin:0.8.5:prepare-agent (default) @ mongobee ---
[INFO] argLine set to -javaagent:/home/jdbl/.m2/repository/org/jacoco/org.jacoco.agent/0.8.5/org.jacoco.agent-0.8.5-runtime.jar=destfile=/tmp/tmpinaedk7n/mongobee/target/jacoco.exec
[INFO] 
[INFO] --- maven-resources-plugin:2.6:resources (default-resources) @ mongobee ---
[INFO] Using 'UTF-8' encoding to copy filtered resources.
[INFO] skip non existing resourceDirectory /tmp/tmpinaedk7n/mongobee/src/main/resources
[INFO] 
[INFO] --- maven-compiler-plugin:2.4:compile (default-compile) @ mongobee ---
[INFO] Compiling 16 source files to /tmp/tmpinaedk7n/mongobee/target/classes
[INFO] 
[INFO] --- maven-resources-plugin:2.6:testResources (default-testResources) @ mongobee ---
[INFO] Using 'UTF-8' encoding to copy filtered resources.
[INFO] Copying 1 resource
[INFO] 
[INFO] --- maven-compiler-plugin:2.4:testCompile (default-testCompile) @ mongobee ---
[INFO] Compiling 15 source files to /tmp/tmpinaedk7n/mongobee/target/test-classes
[INFO] 
[INFO] --- maven-surefire-plugin:2.19.1:test (default-test) @ mongobee ---
[INFO] Surefire report directory: /tmp/tmpinaedk7n/mongobee/target/surefire-reports

-------------------------------------------------------
 T E S T S
-------------------------------------------------------
Running com.github.mongobee.utils.ChangeServiceTest
616 [main] INFO org.reflections.Reflections - Reflections took 281 ms to scan 1 urls, producing 1 keys and 4 values 
Tests run: 6, Failures: 0, Errors: 0, Skipped: 0, Time elapsed: 0.903 sec - in com.github.mongobee.utils.ChangeServiceTest
Running com.github.mongobee.MongobeeProfileTest
2058 [main] INFO com.github.mongobee.Mongobee - Mongobee acquired process lock, starting the data migration sequence..
2074 [main] INFO org.reflections.Reflections - Reflections took 13 ms to scan 1 urls, producing 1 keys and 1 values 
invoked Pdev1
2402 [main] INFO com.github.mongobee.Mongobee - [ChangeSet: id=Pdev1, author=testuser, changeLogClass=com.github.mongobee.test.profiles.def.UnProfiledChangeLog, changeSetMethod=testChangeSet] applied
invoked Pdev2
2411 [main] INFO com.github.mongobee.Mongobee - [ChangeSet: id=Pdev2, author=testuser, changeLogClass=com.github.mongobee.test.profiles.def.UnProfiledChangeLog, changeSetMethod=testChangeSet2] applied
invoked Pdev3
2421 [main] INFO com.github.mongobee.Mongobee - [ChangeSet: id=Pdev3, author=testuser, changeLogClass=com.github.mongobee.test.profiles.def.UnProfiledChangeLog, changeSetMethod=testChangeSet3] applied
invoked Pdev5
2432 [main] INFO com.github.mongobee.Mongobee - [ChangeSet: id=Pdev5, author=testuser, changeLogClass=com.github.mongobee.test.profiles.def.UnProfiledChangeLog, changeSetMethod=testChangeSet5] applied
2432 [main] INFO com.github.mongobee.Mongobee - Mongobee is releasing process lock.
2432 [main] INFO com.github.mongobee.Mongobee - Mongobee has finished his job.
2457 [main] INFO com.github.mongobee.Mongobee - Mongobee acquired process lock, starting the data migration sequence..
2461 [main] INFO org.reflections.Reflections - Reflections took 2 ms to scan 1 urls, producing 2 keys and 2 values 
invoked Pdev1
2469 [main] INFO com.github.mongobee.Mongobee - [ChangeSet: id=Pdev1, author=testuser, changeLogClass=com.github.mongobee.test.profiles.dev.ProfiledDevChangeLog, changeSetMethod=testChangeSet] applied
invoked Pdev4
2471 [main] INFO com.github.mongobee.Mongobee - [ChangeSet: id=Pdev4, author=testuser, changeLogClass=com.github.mongobee.test.profiles.dev.ProfiledDevChangeLog, changeSetMethod=testChangeSet4] applied
2471 [main] INFO com.github.mongobee.Mongobee - Mongobee is releasing process lock.
2471 [main] INFO com.github.mongobee.Mongobee - Mongobee has finished his job.
2479 [main] INFO com.github.mongobee.Mongobee - Mongobee acquired process lock, starting the data migration sequence..
2481 [main] INFO org.reflections.Reflections - Reflections took 1 ms to scan 1 urls, producing 2 keys and 2 values 
2482 [main] INFO com.github.mongobee.Mongobee - Mongobee is releasing process lock.
2483 [main] INFO com.github.mongobee.Mongobee - Mongobee has finished his job.
2489 [main] INFO com.github.mongobee.Mongobee - Mongobee acquired process lock, starting the data migration sequence..
2496 [main] INFO org.reflections.Reflections - Reflections took 6 ms to scan 1 urls, producing 1 keys and 4 values 
invoked 1
2502 [main] INFO com.github.mongobee.Mongobee - [ChangeSet: id=test1, author=testuser, changeLogClass=com.github.mongobee.test.changelogs.MongobeeTestResource, changeSetMethod=testChangeSet] applied
invoked 2
2518 [main] INFO com.github.mongobee.Mongobee - [ChangeSet: id=test2, author=testuser, changeLogClass=com.github.mongobee.test.changelogs.MongobeeTestResource, changeSetMethod=testChangeSet2] applied
invoked 3 with db=FongoDB.mongobeetest
2522 [main] INFO com.github.mongobee.Mongobee - [ChangeSet: id=test3, author=testuser, changeLogClass=com.github.mongobee.test.changelogs.MongobeeTestResource, changeSetMethod=testChangeSet3] applied
invoked 4 with jongo=org.jongo.Jongo@570ede3b
2936 [main] INFO com.github.mongobee.Mongobee - [ChangeSet: id=test4, author=testuser, changeLogClass=com.github.mongobee.test.changelogs.MongobeeTestResource, changeSetMethod=testChangeSet4] applied
invoked 5 with mongoDatabase=com.mongodb.FongoMongoDatabase@c22cf4d
2937 [main] INFO com.github.mongobee.Mongobee - [ChangeSet: id=test5, author=testuser, changeLogClass=com.github.mongobee.test.changelogs.MongobeeTestResource, changeSetMethod=testChangeSet5] applied
invoked B1
2939 [main] INFO com.github.mongobee.Mongobee - [ChangeSet: id=Btest1, author=testuser, changeLogClass=com.github.mongobee.test.changelogs.AnotherMongobeeTestResource, changeSetMethod=testChangeSet] applied
invoked B2
2957 [main] INFO com.github.mongobee.Mongobee - [ChangeSet: id=Btest2, author=testuser, changeLogClass=com.github.mongobee.test.changelogs.AnotherMongobeeTestResource, changeSetMethod=testChangeSet2] applied
invoked B3 with db=FongoDB.mongobeetest
2959 [main] INFO com.github.mongobee.Mongobee - [ChangeSet: id=Btest3, author=testuser, changeLogClass=com.github.mongobee.test.changelogs.AnotherMongobeeTestResource, changeSetMethod=testChangeSet3] applied
invoked B4 with jongo=org.jongo.Jongo@25630ede
2961 [main] INFO com.github.mongobee.Mongobee - [ChangeSet: id=Btest4, author=testuser, changeLogClass=com.github.mongobee.test.changelogs.AnotherMongobeeTestResource, changeSetMethod=testChangeSet4] applied
invoked B5 with always + jongo=FongoDB.mongobeetest
2962 [main] INFO com.github.mongobee.Mongobee - [ChangeSet: id=Btest5, author=testuser, changeLogClass=com.github.mongobee.test.changelogs.AnotherMongobeeTestResource, changeSetMethod=testChangeSetWithAlways] applied
invoked B6 with db=com.mongodb.FongoMongoDatabase@c22cf4d
2964 [main] INFO com.github.mongobee.Mongobee - [ChangeSet: id=Btest6, author=testuser, changeLogClass=com.github.mongobee.test.changelogs.AnotherMongobeeTestResource, changeSetMethod=testChangeSet6] applied
invoked Envtest1 with mongotemplate=org.springframework.data.mongodb.core.MongoTemplate@1695f7cb and Environment null
3163 [main] INFO com.github.mongobee.Mongobee - [ChangeSet: id=Envtest1, author=testuser, changeLogClass=com.github.mongobee.test.changelogs.EnvironmentDependentTestResource, changeSetMethod=testChangeSet7WithEnvironment] applied
invoked  with mongoTemplate=org.springframework.data.mongodb.core.MongoTemplate@3095c449
invoked  with mongoTemplate=[]
3205 [main] INFO com.github.mongobee.Mongobee - [ChangeSet: id=spring_test4, author=abelski, changeLogClass=com.github.mongobee.test.changelogs.SpringDataChangelog, changeSetMethod=testChangeSet] applied
3205 [main] INFO com.github.mongobee.Mongobee - Mongobee is releasing process lock.
3205 [main] INFO com.github.mongobee.Mongobee - Mongobee has finished his job.
3213 [main] INFO com.github.mongobee.Mongobee - Mongobee acquired process lock, starting the data migration sequence..
3216 [main] INFO org.reflections.Reflections - Reflections took 1 ms to scan 1 urls, producing 1 keys and 4 values 
invoked 1
3231 [main] INFO com.github.mongobee.Mongobee - [ChangeSet: id=test1, author=testuser, changeLogClass=com.github.mongobee.test.changelogs.MongobeeTestResource, changeSetMethod=testChangeSet] applied
invoked 2
3233 [main] INFO com.github.mongobee.Mongobee - [ChangeSet: id=test2, author=testuser, changeLogClass=com.github.mongobee.test.changelogs.MongobeeTestResource, changeSetMethod=testChangeSet2] applied
invoked 3 with db=FongoDB.mongobeetest
3234 [main] INFO com.github.mongobee.Mongobee - [ChangeSet: id=test3, author=testuser, changeLogClass=com.github.mongobee.test.changelogs.MongobeeTestResource, changeSetMethod=testChangeSet3] applied
invoked 4 with jongo=org.jongo.Jongo@1aaa3406
3236 [main] INFO com.github.mongobee.Mongobee - [ChangeSet: id=test4, author=testuser, changeLogClass=com.github.mongobee.test.changelogs.MongobeeTestResource, changeSetMethod=testChangeSet4] applied
invoked 5 with mongoDatabase=com.mongodb.FongoMongoDatabase@791dcda7
3238 [main] INFO com.github.mongobee.Mongobee - [ChangeSet: id=test5, author=testuser, changeLogClass=com.github.mongobee.test.changelogs.MongobeeTestResource, changeSetMethod=testChangeSet5] applied
invoked B1
3240 [main] INFO com.github.mongobee.Mongobee - [ChangeSet: id=Btest1, author=testuser, changeLogClass=com.github.mongobee.test.changelogs.AnotherMongobeeTestResource, changeSetMethod=testChangeSet] applied
invoked B2
3242 [main] INFO com.github.mongobee.Mongobee - [ChangeSet: id=Btest2, author=testuser, changeLogClass=com.github.mongobee.test.changelogs.AnotherMongobeeTestResource, changeSetMethod=testChangeSet2] applied
invoked B3 with db=FongoDB.mongobeetest
3244 [main] INFO com.github.mongobee.Mongobee - [ChangeSet: id=Btest3, author=testuser, changeLogClass=com.github.mongobee.test.changelogs.AnotherMongobeeTestResource, changeSetMethod=testChangeSet3] applied
invoked B4 with jongo=org.jongo.Jongo@35c95587
3245 [main] INFO com.github.mongobee.Mongobee - [ChangeSet: id=Btest4, author=testuser, changeLogClass=com.github.mongobee.test.changelogs.AnotherMongobeeTestResource, changeSetMethod=testChangeSet4] applied
invoked B5 with always + jongo=FongoDB.mongobeetest
3251 [main] INFO com.github.mongobee.Mongobee - [ChangeSet: id=Btest5, author=testuser, changeLogClass=com.github.mongobee.test.changelogs.AnotherMongobeeTestResource, changeSetMethod=testChangeSetWithAlways] applied
invoked B6 with db=com.mongodb.FongoMongoDatabase@791dcda7
3252 [main] INFO com.github.mongobee.Mongobee - [ChangeSet: id=Btest6, author=testuser, changeLogClass=com.github.mongobee.test.changelogs.AnotherMongobeeTestResource, changeSetMethod=testChangeSet6] applied
invoked Envtest1 with mongotemplate=org.springframework.data.mongodb.core.MongoTemplate@828e2d8 and Environment com.github.mongobee.resources.EnvironmentMock@43e9eddf
3260 [main] INFO com.github.mongobee.Mongobee - [ChangeSet: id=Envtest1, author=testuser, changeLogClass=com.github.mongobee.test.changelogs.EnvironmentDependentTestResource, changeSetMethod=testChangeSet7WithEnvironment] applied
invoked  with mongoTemplate=org.springframework.data.mongodb.core.MongoTemplate@548e70f0
invoked  with mongoTemplate=[]
3269 [main] INFO com.github.mongobee.Mongobee - [ChangeSet: id=spring_test4, author=abelski, changeLogClass=com.github.mongobee.test.changelogs.SpringDataChangelog, changeSetMethod=testChangeSet] applied
3269 [main] INFO com.github.mongobee.Mongobee - Mongobee is releasing process lock.
3270 [main] INFO com.github.mongobee.Mongobee - Mongobee has finished his job.
3276 [main] INFO com.github.mongobee.Mongobee - Mongobee acquired process lock, starting the data migration sequence..
3279 [main] INFO org.reflections.Reflections - Reflections took 1 ms to scan 1 urls, producing 1 keys and 4 values 
invoked 1
3305 [main] INFO com.github.mongobee.Mongobee - [ChangeSet: id=test1, author=testuser, changeLogClass=com.github.mongobee.test.changelogs.MongobeeTestResource, changeSetMethod=testChangeSet] applied
invoked 2
3306 [main] INFO com.github.mongobee.Mongobee - [ChangeSet: id=test2, author=testuser, changeLogClass=com.github.mongobee.test.changelogs.MongobeeTestResource, changeSetMethod=testChangeSet2] applied
invoked 3 with db=FongoDB.mongobeetest
3306 [main] INFO com.github.mongobee.Mongobee - [ChangeSet: id=test3, author=testuser, changeLogClass=com.github.mongobee.test.changelogs.MongobeeTestResource, changeSetMethod=testChangeSet3] applied
invoked 4 with jongo=org.jongo.Jongo@47483211
3307 [main] INFO com.github.mongobee.Mongobee - [ChangeSet: id=test4, author=testuser, changeLogClass=com.github.mongobee.test.changelogs.MongobeeTestResource, changeSetMethod=testChangeSet4] applied
invoked 5 with mongoDatabase=com.mongodb.FongoMongoDatabase@8ba7408
3308 [main] INFO com.github.mongobee.Mongobee - [ChangeSet: id=test5, author=testuser, changeLogClass=com.github.mongobee.test.changelogs.MongobeeTestResource, changeSetMethod=testChangeSet5] applied
invoked B1
3309 [main] INFO com.github.mongobee.Mongobee - [ChangeSet: id=Btest1, author=testuser, changeLogClass=com.github.mongobee.test.changelogs.AnotherMongobeeTestResource, changeSetMethod=testChangeSet] applied
invoked B2
3309 [main] INFO com.github.mongobee.Mongobee - [ChangeSet: id=Btest2, author=testuser, changeLogClass=com.github.mongobee.test.changelogs.AnotherMongobeeTestResource, changeSetMethod=testChangeSet2] applied
invoked B3 with db=FongoDB.mongobeetest
3310 [main] INFO com.github.mongobee.Mongobee - [ChangeSet: id=Btest3, author=testuser, changeLogClass=com.github.mongobee.test.changelogs.AnotherMongobeeTestResource, changeSetMethod=testChangeSet3] applied
invoked B4 with jongo=org.jongo.Jongo@17616c07
3312 [main] INFO com.github.mongobee.Mongobee - [ChangeSet: id=Btest4, author=testuser, changeLogClass=com.github.mongobee.test.changelogs.AnotherMongobeeTestResource, changeSetMethod=testChangeSet4] applied
invoked B5 with always + jongo=FongoDB.mongobeetest
3313 [main] INFO com.github.mongobee.Mongobee - [ChangeSet: id=Btest5, author=testuser, changeLogClass=com.github.mongobee.test.changelogs.AnotherMongobeeTestResource, changeSetMethod=testChangeSetWithAlways] applied
invoked B6 with db=com.mongodb.FongoMongoDatabase@8ba7408
3314 [main] INFO com.github.mongobee.Mongobee - [ChangeSet: id=Btest6, author=testuser, changeLogClass=com.github.mongobee.test.changelogs.AnotherMongobeeTestResource, changeSetMethod=testChangeSet6] applied
invoked Envtest1 with mongotemplate=org.springframework.data.mongodb.core.MongoTemplate@58e46572 and Environment com.github.mongobee.resources.EnvironmentMock@5eba0cc5
3318 [main] INFO com.github.mongobee.Mongobee - [ChangeSet: id=Envtest1, author=testuser, changeLogClass=com.github.mongobee.test.changelogs.EnvironmentDependentTestResource, changeSetMethod=testChangeSet7WithEnvironment] applied
invoked  with mongoTemplate=org.springframework.data.mongodb.core.MongoTemplate@5fb392e
invoked  with mongoTemplate=[]
3321 [main] INFO com.github.mongobee.Mongobee - [ChangeSet: id=spring_test4, author=abelski, changeLogClass=com.github.mongobee.test.changelogs.SpringDataChangelog, changeSetMethod=testChangeSet] applied
3321 [main] INFO com.github.mongobee.Mongobee - Mongobee is releasing process lock.
3321 [main] INFO com.github.mongobee.Mongobee - Mongobee has finished his job.
Tests run: 6, Failures: 0, Errors: 0, Skipped: 0, Time elapsed: 2.618 sec - in com.github.mongobee.MongobeeProfileTest
Running com.github.mongobee.MongobeeTest
3326 [main] INFO com.github.mongobee.Mongobee - Mongobee acquired process lock, starting the data migration sequence..
3328 [main] INFO org.reflections.Reflections - Reflections took 1 ms to scan 1 urls, producing 1 keys and 4 values 
invoked 1
3331 [main] INFO com.github.mongobee.Mongobee - [ChangeSet: id=test1, author=testuser, changeLogClass=com.github.mongobee.test.changelogs.MongobeeTestResource, changeSetMethod=testChangeSet] applied
invoked 2
3338 [main] INFO com.github.mongobee.Mongobee - [ChangeSet: id=test2, author=testuser, changeLogClass=com.github.mongobee.test.changelogs.MongobeeTestResource, changeSetMethod=testChangeSet2] applied
invoked 3 with db=FongoDB.mongobeetest
3339 [main] INFO com.github.mongobee.Mongobee - [ChangeSet: id=test3, author=testuser, changeLogClass=com.github.mongobee.test.changelogs.MongobeeTestResource, changeSetMethod=testChangeSet3] applied
invoked 4 with jongo=org.jongo.Jongo@6acdca3a
3340 [main] INFO com.github.mongobee.Mongobee - [ChangeSet: id=test4, author=testuser, changeLogClass=com.github.mongobee.test.changelogs.MongobeeTestResource, changeSetMethod=testChangeSet4] applied
invoked 5 with mongoDatabase=com.mongodb.FongoMongoDatabase@32ae890
3349 [main] INFO com.github.mongobee.Mongobee - [ChangeSet: id=test5, author=testuser, changeLogClass=com.github.mongobee.test.changelogs.MongobeeTestResource, changeSetMethod=testChangeSet5] applied
invoked B1
3350 [main] INFO com.github.mongobee.Mongobee - [ChangeSet: id=Btest1, author=testuser, changeLogClass=com.github.mongobee.test.changelogs.AnotherMongobeeTestResource, changeSetMethod=testChangeSet] applied
invoked B2
3353 [main] INFO com.github.mongobee.Mongobee - [ChangeSet: id=Btest2, author=testuser, changeLogClass=com.github.mongobee.test.changelogs.AnotherMongobeeTestResource, changeSetMethod=testChangeSet2] applied
invoked B3 with db=FongoDB.mongobeetest
3354 [main] INFO com.github.mongobee.Mongobee - [ChangeSet: id=Btest3, author=testuser, changeLogClass=com.github.mongobee.test.changelogs.AnotherMongobeeTestResource, changeSetMethod=testChangeSet3] applied
invoked B4 with jongo=org.jongo.Jongo@45bb502f
3355 [main] INFO com.github.mongobee.Mongobee - [ChangeSet: id=Btest4, author=testuser, changeLogClass=com.github.mongobee.test.changelogs.AnotherMongobeeTestResource, changeSetMethod=testChangeSet4] applied
invoked B5 with always + jongo=FongoDB.mongobeetest
3356 [main] INFO com.github.mongobee.Mongobee - [ChangeSet: id=Btest5, author=testuser, changeLogClass=com.github.mongobee.test.changelogs.AnotherMongobeeTestResource, changeSetMethod=testChangeSetWithAlways] applied
invoked B6 with db=com.mongodb.FongoMongoDatabase@32ae890
3356 [main] INFO com.github.mongobee.Mongobee - [ChangeSet: id=Btest6, author=testuser, changeLogClass=com.github.mongobee.test.changelogs.AnotherMongobeeTestResource, changeSetMethod=testChangeSet6] applied
invoked Envtest1 with mongotemplate=org.springframework.data.mongodb.core.MongoTemplate@7aac6d13 and Environment null
3358 [main] INFO com.github.mongobee.Mongobee - [ChangeSet: id=Envtest1, author=testuser, changeLogClass=com.github.mongobee.test.changelogs.EnvironmentDependentTestResource, changeSetMethod=testChangeSet7WithEnvironment] applied
invoked  with mongoTemplate=org.springframework.data.mongodb.core.MongoTemplate@7e34e466
invoked  with mongoTemplate=[]
3361 [main] INFO com.github.mongobee.Mongobee - [ChangeSet: id=spring_test4, author=abelski, changeLogClass=com.github.mongobee.test.changelogs.SpringDataChangelog, changeSetMethod=testChangeSet] applied
3361 [main] INFO com.github.mongobee.Mongobee - Mongobee is releasing process lock.
3361 [main] INFO com.github.mongobee.Mongobee - Mongobee has finished his job.
3372 [main] INFO com.github.mongobee.Mongobee - Mongobee did not acquire process lock. Exiting.
3381 [main] INFO com.github.mongobee.Mongobee - Mongobee acquired process lock, starting the data migration sequence..
3389 [main] INFO org.reflections.Reflections - Reflections took 8 ms to scan 1 urls, producing 1 keys and 4 values 
3390 [main] INFO com.github.mongobee.Mongobee - [ChangeSet: id=test1, author=testuser, changeLogClass=com.github.mongobee.test.changelogs.MongobeeTestResource, changeSetMethod=testChangeSet] passed over
3390 [main] INFO com.github.mongobee.Mongobee - [ChangeSet: id=test2, author=testuser, changeLogClass=com.github.mongobee.test.changelogs.MongobeeTestResource, changeSetMethod=testChangeSet2] passed over
3390 [main] INFO com.github.mongobee.Mongobee - [ChangeSet: id=test3, author=testuser, changeLogClass=com.github.mongobee.test.changelogs.MongobeeTestResource, changeSetMethod=testChangeSet3] passed over
3390 [main] INFO com.github.mongobee.Mongobee - [ChangeSet: id=test4, author=testuser, changeLogClass=com.github.mongobee.test.changelogs.MongobeeTestResource, changeSetMethod=testChangeSet4] passed over
3391 [main] INFO com.github.mongobee.Mongobee - [ChangeSet: id=test5, author=testuser, changeLogClass=com.github.mongobee.test.changelogs.MongobeeTestResource, changeSetMethod=testChangeSet5] passed over
3391 [main] INFO com.github.mongobee.Mongobee - [ChangeSet: id=Btest1, author=testuser, changeLogClass=com.github.mongobee.test.changelogs.AnotherMongobeeTestResource, changeSetMethod=testChangeSet] passed over
3391 [main] INFO com.github.mongobee.Mongobee - [ChangeSet: id=Btest2, author=testuser, changeLogClass=com.github.mongobee.test.changelogs.AnotherMongobeeTestResource, changeSetMethod=testChangeSet2] passed over
3391 [main] INFO com.github.mongobee.Mongobee - [ChangeSet: id=Btest3, author=testuser, changeLogClass=com.github.mongobee.test.changelogs.AnotherMongobeeTestResource, changeSetMethod=testChangeSet3] passed over
3391 [main] INFO com.github.mongobee.Mongobee - [ChangeSet: id=Btest4, author=testuser, changeLogClass=com.github.mongobee.test.changelogs.AnotherMongobeeTestResource, changeSetMethod=testChangeSet4] passed over
invoked B5 with always + jongo=null
3391 [main] INFO com.github.mongobee.Mongobee - [ChangeSet: id=Btest5, author=testuser, changeLogClass=com.github.mongobee.test.changelogs.AnotherMongobeeTestResource, changeSetMethod=testChangeSetWithAlways] reapplied
3391 [main] INFO com.github.mongobee.Mongobee - [ChangeSet: id=Btest6, author=testuser, changeLogClass=com.github.mongobee.test.changelogs.AnotherMongobeeTestResource, changeSetMethod=testChangeSet6] passed over
3391 [main] INFO com.github.mongobee.Mongobee - [ChangeSet: id=Envtest1, author=testuser, changeLogClass=com.github.mongobee.test.changelogs.EnvironmentDependentTestResource, changeSetMethod=testChangeSet7WithEnvironment] passed over
3391 [main] INFO com.github.mongobee.Mongobee - [ChangeSet: id=spring_test4, author=abelski, changeLogClass=com.github.mongobee.test.changelogs.SpringDataChangelog, changeSetMethod=testChangeSet] passed over
3391 [main] INFO com.github.mongobee.Mongobee - Mongobee is releasing process lock.
3391 [main] INFO com.github.mongobee.Mongobee - Mongobee has finished his job.
3395 [main] INFO com.github.mongobee.Mongobee - Mongobee acquired process lock, starting the data migration sequence..
3397 [main] INFO org.reflections.Reflections - Reflections took 1 ms to scan 1 urls, producing 1 keys and 4 values 
3397 [main] INFO com.github.mongobee.Mongobee - [ChangeSet: id=test1, author=testuser, changeLogClass=com.github.mongobee.test.changelogs.MongobeeTestResource, changeSetMethod=testChangeSet] passed over
3397 [main] INFO com.github.mongobee.Mongobee - [ChangeSet: id=test2, author=testuser, changeLogClass=com.github.mongobee.test.changelogs.MongobeeTestResource, changeSetMethod=testChangeSet2] passed over
3397 [main] INFO com.github.mongobee.Mongobee - [ChangeSet: id=test3, author=testuser, changeLogClass=com.github.mongobee.test.changelogs.MongobeeTestResource, changeSetMethod=testChangeSet3] passed over
3398 [main] INFO com.github.mongobee.Mongobee - [ChangeSet: id=test4, author=testuser, changeLogClass=com.github.mongobee.test.changelogs.MongobeeTestResource, changeSetMethod=testChangeSet4] passed over
3398 [main] INFO com.github.mongobee.Mongobee - [ChangeSet: id=test5, author=testuser, changeLogClass=com.github.mongobee.test.changelogs.MongobeeTestResource, changeSetMethod=testChangeSet5] passed over
3398 [main] INFO com.github.mongobee.Mongobee - [ChangeSet: id=Btest1, author=testuser, changeLogClass=com.github.mongobee.test.changelogs.AnotherMongobeeTestResource, changeSetMethod=testChangeSet] passed over
3398 [main] INFO com.github.mongobee.Mongobee - [ChangeSet: id=Btest2, author=testuser, changeLogClass=com.github.mongobee.test.changelogs.AnotherMongobeeTestResource, changeSetMethod=testChangeSet2] passed over
3398 [main] INFO com.github.mongobee.Mongobee - [ChangeSet: id=Btest3, author=testuser, changeLogClass=com.github.mongobee.test.changelogs.AnotherMongobeeTestResource, changeSetMethod=testChangeSet3] passed over
3398 [main] INFO com.github.mongobee.Mongobee - [ChangeSet: id=Btest4, author=testuser, changeLogClass=com.github.mongobee.test.changelogs.AnotherMongobeeTestResource, changeSetMethod=testChangeSet4] passed over
invoked B5 with always + jongo=FongoDB.mongobeetest
3398 [main] INFO com.github.mongobee.Mongobee - [ChangeSet: id=Btest5, author=testuser, changeLogClass=com.github.mongobee.test.changelogs.AnotherMongobeeTestResource, changeSetMethod=testChangeSetWithAlways] reapplied
3398 [main] INFO com.github.mongobee.Mongobee - [ChangeSet: id=Btest6, author=testuser, changeLogClass=com.github.mongobee.test.changelogs.AnotherMongobeeTestResource, changeSetMethod=testChangeSet6] passed over
3398 [main] INFO com.github.mongobee.Mongobee - [ChangeSet: id=Envtest1, author=testuser, changeLogClass=com.github.mongobee.test.changelogs.EnvironmentDependentTestResource, changeSetMethod=testChangeSet7WithEnvironment] passed over
3399 [main] INFO com.github.mongobee.Mongobee - [ChangeSet: id=spring_test4, author=abelski, changeLogClass=com.github.mongobee.test.changelogs.SpringDataChangelog, changeSetMethod=testChangeSet] passed over
3399 [main] INFO com.github.mongobee.Mongobee - Mongobee is releasing process lock.
3399 [main] INFO com.github.mongobee.Mongobee - Mongobee has finished his job.
3465 [main] INFO com.github.mongobee.Mongobee - Mongobee acquired process lock, starting the data migration sequence..
3468 [main] INFO org.reflections.Reflections - Reflections took 2 ms to scan 1 urls, producing 1 keys and 4 values 
invoked 1
3471 [main] INFO com.github.mongobee.Mongobee - [ChangeSet: id=test1, author=testuser, changeLogClass=com.github.mongobee.test.changelogs.MongobeeTestResource, changeSetMethod=testChangeSet] applied
invoked 2
3472 [main] INFO com.github.mongobee.Mongobee - [ChangeSet: id=test2, author=testuser, changeLogClass=com.github.mongobee.test.changelogs.MongobeeTestResource, changeSetMethod=testChangeSet2] applied
invoked 3 with db=FongoDB.mongobeetest
3473 [main] INFO com.github.mongobee.Mongobee - [ChangeSet: id=test3, author=testuser, changeLogClass=com.github.mongobee.test.changelogs.MongobeeTestResource, changeSetMethod=testChangeSet3] applied
invoked 4 with jongo=org.jongo.Jongo@66d9c846
3474 [main] INFO com.github.mongobee.Mongobee - [ChangeSet: id=test4, author=testuser, changeLogClass=com.github.mongobee.test.changelogs.MongobeeTestResource, changeSetMethod=testChangeSet4] applied
invoked 5 with mongoDatabase=com.mongodb.FongoMongoDatabase@2b6d9650
3475 [main] INFO com.github.mongobee.Mongobee - [ChangeSet: id=test5, author=testuser, changeLogClass=com.github.mongobee.test.changelogs.MongobeeTestResource, changeSetMethod=testChangeSet5] applied
invoked B1
3475 [main] INFO com.github.mongobee.Mongobee - [ChangeSet: id=Btest1, author=testuser, changeLogClass=com.github.mongobee.test.changelogs.AnotherMongobeeTestResource, changeSetMethod=testChangeSet] applied
invoked B2
3476 [main] INFO com.github.mongobee.Mongobee - [ChangeSet: id=Btest2, author=testuser, changeLogClass=com.github.mongobee.test.changelogs.AnotherMongobeeTestResource, changeSetMethod=testChangeSet2] applied
invoked B3 with db=FongoDB.mongobeetest
3477 [main] INFO com.github.mongobee.Mongobee - [ChangeSet: id=Btest3, author=testuser, changeLogClass=com.github.mongobee.test.changelogs.AnotherMongobeeTestResource, changeSetMethod=testChangeSet3] applied
invoked B4 with jongo=org.jongo.Jongo@2287bbd1
3478 [main] INFO com.github.mongobee.Mongobee - [ChangeSet: id=Btest4, author=testuser, changeLogClass=com.github.mongobee.test.changelogs.AnotherMongobeeTestResource, changeSetMethod=testChangeSet4] applied
invoked B5 with always + jongo=FongoDB.mongobeetest
3480 [main] INFO com.github.mongobee.Mongobee - [ChangeSet: id=Btest5, author=testuser, changeLogClass=com.github.mongobee.test.changelogs.AnotherMongobeeTestResource, changeSetMethod=testChangeSetWithAlways] applied
invoked B6 with db=com.mongodb.FongoMongoDatabase@2b6d9650
3481 [main] INFO com.github.mongobee.Mongobee - [ChangeSet: id=Btest6, author=testuser, changeLogClass=com.github.mongobee.test.changelogs.AnotherMongobeeTestResource, changeSetMethod=testChangeSet6] applied
invoked Envtest1 with mongotemplate=Mock for MongoTemplate, hashCode: 827002195 and Environment null
3483 [main] INFO com.github.mongobee.Mongobee - [ChangeSet: id=Envtest1, author=testuser, changeLogClass=com.github.mongobee.test.changelogs.EnvironmentDependentTestResource, changeSetMethod=testChangeSet7WithEnvironment] applied
invoked  with mongoTemplate=Mock for MongoTemplate, hashCode: 827002195
invoked  with mongoTemplate=[]
3485 [main] INFO com.github.mongobee.Mongobee - [ChangeSet: id=spring_test4, author=abelski, changeLogClass=com.github.mongobee.test.changelogs.SpringDataChangelog, changeSetMethod=testChangeSet] applied
3485 [main] INFO com.github.mongobee.Mongobee - Mongobee is releasing process lock.
3485 [main] INFO com.github.mongobee.Mongobee - Mongobee has finished his job.
3490 [main] INFO com.github.mongobee.Mongobee - Mongobee acquired process lock, starting the data migration sequence..
3493 [main] INFO org.reflections.Reflections - Reflections took 1 ms to scan 1 urls, producing 1 keys and 4 values 
3493 [main] INFO com.github.mongobee.Mongobee - [ChangeSet: id=test1, author=testuser, changeLogClass=com.github.mongobee.test.changelogs.MongobeeTestResource, changeSetMethod=testChangeSet] passed over
3493 [main] INFO com.github.mongobee.Mongobee - [ChangeSet: id=test2, author=testuser, changeLogClass=com.github.mongobee.test.changelogs.MongobeeTestResource, changeSetMethod=testChangeSet2] passed over
3493 [main] INFO com.github.mongobee.Mongobee - [ChangeSet: id=test3, author=testuser, changeLogClass=com.github.mongobee.test.changelogs.MongobeeTestResource, changeSetMethod=testChangeSet3] passed over
3493 [main] INFO com.github.mongobee.Mongobee - [ChangeSet: id=test4, author=testuser, changeLogClass=com.github.mongobee.test.changelogs.MongobeeTestResource, changeSetMethod=testChangeSet4] passed over
3493 [main] INFO com.github.mongobee.Mongobee - [ChangeSet: id=test5, author=testuser, changeLogClass=com.github.mongobee.test.changelogs.MongobeeTestResource, changeSetMethod=testChangeSet5] passed over
3494 [main] INFO com.github.mongobee.Mongobee - [ChangeSet: id=Btest1, author=testuser, changeLogClass=com.github.mongobee.test.changelogs.AnotherMongobeeTestResource, changeSetMethod=testChangeSet] passed over
3494 [main] INFO com.github.mongobee.Mongobee - [ChangeSet: id=Btest2, author=testuser, changeLogClass=com.github.mongobee.test.changelogs.AnotherMongobeeTestResource, changeSetMethod=testChangeSet2] passed over
3494 [main] INFO com.github.mongobee.Mongobee - [ChangeSet: id=Btest3, author=testuser, changeLogClass=com.github.mongobee.test.changelogs.AnotherMongobeeTestResource, changeSetMethod=testChangeSet3] passed over
3494 [main] INFO com.github.mongobee.Mongobee - [ChangeSet: id=Btest4, author=testuser, changeLogClass=com.github.mongobee.test.changelogs.AnotherMongobeeTestResource, changeSetMethod=testChangeSet4] passed over
invoked B5 with always + jongo=FongoDB.mongobeetest
3494 [main] INFO com.github.mongobee.Mongobee - [ChangeSet: id=Btest5, author=testuser, changeLogClass=com.github.mongobee.test.changelogs.AnotherMongobeeTestResource, changeSetMethod=testChangeSetWithAlways] reapplied
3494 [main] INFO com.github.mongobee.Mongobee - [ChangeSet: id=Btest6, author=testuser, changeLogClass=com.github.mongobee.test.changelogs.AnotherMongobeeTestResource, changeSetMethod=testChangeSet6] passed over
3494 [main] INFO com.github.mongobee.Mongobee - [ChangeSet: id=Envtest1, author=testuser, changeLogClass=com.github.mongobee.test.changelogs.EnvironmentDependentTestResource, changeSetMethod=testChangeSet7WithEnvironment] passed over
3494 [main] INFO com.github.mongobee.Mongobee - [ChangeSet: id=spring_test4, author=abelski, changeLogClass=com.github.mongobee.test.changelogs.SpringDataChangelog, changeSetMethod=testChangeSet] passed over
3494 [main] INFO com.github.mongobee.Mongobee - Mongobee is releasing process lock.
3494 [main] INFO com.github.mongobee.Mongobee - Mongobee has finished his job.
3498 [main] INFO com.github.mongobee.Mongobee - Mongobee did not acquire process lock. Exiting.
3505 [main] INFO com.github.mongobee.Mongobee - Mongobee acquired process lock, starting the data migration sequence..
3507 [main] INFO org.reflections.Reflections - Reflections took 2 ms to scan 1 urls, producing 1 keys and 4 values 
3510 [main] INFO com.github.mongobee.Mongobee - Mongobee is releasing process lock.
Tests run: 10, Failures: 0, Errors: 0, Skipped: 0, Time elapsed: 0.198 sec - in com.github.mongobee.MongobeeTest
Running com.github.mongobee.MongobeeEnvTest
3528 [main] INFO com.github.mongobee.Mongobee - Mongobee acquired process lock, starting the data migration sequence..
3530 [main] INFO org.reflections.Reflections - Reflections took 2 ms to scan 1 urls, producing 1 keys and 4 values 
invoked 1
3533 [main] INFO com.github.mongobee.Mongobee - [ChangeSet: id=test1, author=testuser, changeLogClass=com.github.mongobee.test.changelogs.MongobeeTestResource, changeSetMethod=testChangeSet] applied
invoked 2
3534 [main] INFO com.github.mongobee.Mongobee - [ChangeSet: id=test2, author=testuser, changeLogClass=com.github.mongobee.test.changelogs.MongobeeTestResource, changeSetMethod=testChangeSet2] applied
invoked 3 with db=FongoDB.mongobeetest
3535 [main] INFO com.github.mongobee.Mongobee - [ChangeSet: id=test3, author=testuser, changeLogClass=com.github.mongobee.test.changelogs.MongobeeTestResource, changeSetMethod=testChangeSet3] applied
invoked 4 with jongo=org.jongo.Jongo@4f7bc9a3
3536 [main] INFO com.github.mongobee.Mongobee - [ChangeSet: id=test4, author=testuser, changeLogClass=com.github.mongobee.test.changelogs.MongobeeTestResource, changeSetMethod=testChangeSet4] applied
invoked 5 with mongoDatabase=com.mongodb.FongoMongoDatabase@544faa01
3536 [main] INFO com.github.mongobee.Mongobee - [ChangeSet: id=test5, author=testuser, changeLogClass=com.github.mongobee.test.changelogs.MongobeeTestResource, changeSetMethod=testChangeSet5] applied
invoked B1
3537 [main] INFO com.github.mongobee.Mongobee - [ChangeSet: id=Btest1, author=testuser, changeLogClass=com.github.mongobee.test.changelogs.AnotherMongobeeTestResource, changeSetMethod=testChangeSet] applied
invoked B2
3538 [main] INFO com.github.mongobee.Mongobee - [ChangeSet: id=Btest2, author=testuser, changeLogClass=com.github.mongobee.test.changelogs.AnotherMongobeeTestResource, changeSetMethod=testChangeSet2] applied
invoked B3 with db=FongoDB.mongobeetest
3538 [main] INFO com.github.mongobee.Mongobee - [ChangeSet: id=Btest3, author=testuser, changeLogClass=com.github.mongobee.test.changelogs.AnotherMongobeeTestResource, changeSetMethod=testChangeSet3] applied
invoked B4 with jongo=org.jongo.Jongo@cf933b1
3539 [main] INFO com.github.mongobee.Mongobee - [ChangeSet: id=Btest4, author=testuser, changeLogClass=com.github.mongobee.test.changelogs.AnotherMongobeeTestResource, changeSetMethod=testChangeSet4] applied
invoked B5 with always + jongo=FongoDB.mongobeetest
3540 [main] INFO com.github.mongobee.Mongobee - [ChangeSet: id=Btest5, author=testuser, changeLogClass=com.github.mongobee.test.changelogs.AnotherMongobeeTestResource, changeSetMethod=testChangeSetWithAlways] applied
invoked B6 with db=com.mongodb.FongoMongoDatabase@544faa01
3541 [main] INFO com.github.mongobee.Mongobee - [ChangeSet: id=Btest6, author=testuser, changeLogClass=com.github.mongobee.test.changelogs.AnotherMongobeeTestResource, changeSetMethod=testChangeSet6] applied
invoked Envtest1 with mongotemplate=org.springframework.data.mongodb.core.MongoTemplate@b7952d2 and Environment com.github.mongobee.resources.EnvironmentMock@1a5ea4cf
3544 [main] INFO com.github.mongobee.Mongobee - [ChangeSet: id=Envtest1, author=testuser, changeLogClass=com.github.mongobee.test.changelogs.EnvironmentDependentTestResource, changeSetMethod=testChangeSet7WithEnvironment] applied
invoked  with mongoTemplate=org.springframework.data.mongodb.core.MongoTemplate@33e80a27
invoked  with mongoTemplate=[]
3546 [main] INFO com.github.mongobee.Mongobee - [ChangeSet: id=spring_test4, author=abelski, changeLogClass=com.github.mongobee.test.changelogs.SpringDataChangelog, changeSetMethod=testChangeSet] applied
3546 [main] INFO com.github.mongobee.Mongobee - Mongobee is releasing process lock.
3546 [main] INFO com.github.mongobee.Mongobee - Mongobee has finished his job.
3550 [main] INFO com.github.mongobee.Mongobee - Mongobee acquired process lock, starting the data migration sequence..
3553 [main] INFO org.reflections.Reflections - Reflections took 2 ms to scan 1 urls, producing 1 keys and 4 values 
invoked 1
3556 [main] INFO com.github.mongobee.Mongobee - [ChangeSet: id=test1, author=testuser, changeLogClass=com.github.mongobee.test.changelogs.MongobeeTestResource, changeSetMethod=testChangeSet] applied
invoked 2
3557 [main] INFO com.github.mongobee.Mongobee - [ChangeSet: id=test2, author=testuser, changeLogClass=com.github.mongobee.test.changelogs.MongobeeTestResource, changeSetMethod=testChangeSet2] applied
invoked 3 with db=FongoDB.mongobeetest
3557 [main] INFO com.github.mongobee.Mongobee - [ChangeSet: id=test3, author=testuser, changeLogClass=com.github.mongobee.test.changelogs.MongobeeTestResource, changeSetMethod=testChangeSet3] applied
invoked 4 with jongo=org.jongo.Jongo@13515709
3558 [main] INFO com.github.mongobee.Mongobee - [ChangeSet: id=test4, author=testuser, changeLogClass=com.github.mongobee.test.changelogs.MongobeeTestResource, changeSetMethod=testChangeSet4] applied
invoked 5 with mongoDatabase=com.mongodb.FongoMongoDatabase@1b3a1e42
3558 [main] INFO com.github.mongobee.Mongobee - [ChangeSet: id=test5, author=testuser, changeLogClass=com.github.mongobee.test.changelogs.MongobeeTestResource, changeSetMethod=testChangeSet5] applied
invoked B1
3559 [main] INFO com.github.mongobee.Mongobee - [ChangeSet: id=Btest1, author=testuser, changeLogClass=com.github.mongobee.test.changelogs.AnotherMongobeeTestResource, changeSetMethod=testChangeSet] applied
invoked B2
3559 [main] INFO com.github.mongobee.Mongobee - [ChangeSet: id=Btest2, author=testuser, changeLogClass=com.github.mongobee.test.changelogs.AnotherMongobeeTestResource, changeSetMethod=testChangeSet2] applied
invoked B3 with db=FongoDB.mongobeetest
3560 [main] INFO com.github.mongobee.Mongobee - [ChangeSet: id=Btest3, author=testuser, changeLogClass=com.github.mongobee.test.changelogs.AnotherMongobeeTestResource, changeSetMethod=testChangeSet3] applied
invoked B4 with jongo=org.jongo.Jongo@41030c21
3561 [main] INFO com.github.mongobee.Mongobee - [ChangeSet: id=Btest4, author=testuser, changeLogClass=com.github.mongobee.test.changelogs.AnotherMongobeeTestResource, changeSetMethod=testChangeSet4] applied
invoked B5 with always + jongo=FongoDB.mongobeetest
3562 [main] INFO com.github.mongobee.Mongobee - [ChangeSet: id=Btest5, author=testuser, changeLogClass=com.github.mongobee.test.changelogs.AnotherMongobeeTestResource, changeSetMethod=testChangeSetWithAlways] applied
invoked B6 with db=com.mongodb.FongoMongoDatabase@1b3a1e42
3563 [main] INFO com.github.mongobee.Mongobee - [ChangeSet: id=Btest6, author=testuser, changeLogClass=com.github.mongobee.test.changelogs.AnotherMongobeeTestResource, changeSetMethod=testChangeSet6] applied
invoked Envtest1 with mongotemplate=org.springframework.data.mongodb.core.MongoTemplate@3c5797c6 and Environment null
3567 [main] INFO com.github.mongobee.Mongobee - [ChangeSet: id=Envtest1, author=testuser, changeLogClass=com.github.mongobee.test.changelogs.EnvironmentDependentTestResource, changeSetMethod=testChangeSet7WithEnvironment] applied
invoked  with mongoTemplate=org.springframework.data.mongodb.core.MongoTemplate@2527765a
invoked  with mongoTemplate=[]
3570 [main] INFO com.github.mongobee.Mongobee - [ChangeSet: id=spring_test4, author=abelski, changeLogClass=com.github.mongobee.test.changelogs.SpringDataChangelog, changeSetMethod=testChangeSet] applied
3570 [main] INFO com.github.mongobee.Mongobee - Mongobee is releasing process lock.
3570 [main] INFO com.github.mongobee.Mongobee - Mongobee has finished his job.
Tests run: 2, Failures: 0, Errors: 0, Skipped: 0, Time elapsed: 0.049 sec - in com.github.mongobee.MongobeeEnvTest
Running com.github.mongobee.dao.ChangeEntryDaoTest
3642 [main] INFO Mongobee dao - Mongobee did not acquire process lock. Throwing exception.
Tests run: 9, Failures: 0, Errors: 0, Skipped: 0, Time elapsed: 0.082 sec - in com.github.mongobee.dao.ChangeEntryDaoTest
Running com.github.mongobee.dao.LockDaoTest
3678 [main] WARN com.github.mongobee.dao.LockDao - Duplicate key exception while acquireLock. Probably the lock has been already acquired.
Tests run: 6, Failures: 0, Errors: 0, Skipped: 0, Time elapsed: 0.027 sec - in com.github.mongobee.dao.LockDaoTest
Running com.github.mongobee.dao.ChangeEntryIndexDaoTest
Tests run: 2, Failures: 0, Errors: 0, Skipped: 1, Time elapsed: 0.012 sec - in com.github.mongobee.dao.ChangeEntryIndexDaoTest

Results :

Tests run: 41, Failures: 0, Errors: 0, Skipped: 1

[INFO] 
[INFO] --- jacoco-maven-plugin:0.8.5:report (report) @ mongobee ---
[INFO] Loading execution data file /tmp/tmpinaedk7n/mongobee/target/jacoco.exec
[INFO] Analyzed bundle 'mongobee' with 2295 classes
[INFO] ------------------------------------------------------------------------
[INFO] BUILD SUCCESS
[INFO] ------------------------------------------------------------------------
[INFO] Total time:  20.106 s
[INFO] Finished at: 2020-07-30T22:15:29Z
[INFO] ------------------------------------------------------------------------
