[INFO] Error stacktraces are turned on.
[INFO] Scanning for projects...
[INFO] Inspecting build with total of 1 modules...
[INFO] Installing Nexus Staging features:
[INFO]   ... total of 1 executions of maven-deploy-plugin replaced with nexus-staging-maven-plugin
[INFO] 
[INFO] --------------------------< de.sg-o.app:miio >--------------------------
[INFO] Building miIO 0.1.5-SNAPSHOT
[INFO] --------------------------------[ jar ]---------------------------------
[INFO] 
[INFO] --- jacoco-maven-plugin:0.8.5:prepare-agent (default) @ miio ---
[INFO] argLine set to -javaagent:/home/jdbl/.m2/repository/org/jacoco/org.jacoco.agent/0.8.5/org.jacoco.agent-0.8.5-runtime.jar=destfile=/tmp/tmph4z315gg/miIO/target/jacoco.exec
[INFO] 
[INFO] --- maven-resources-plugin:2.6:resources (default-resources) @ miio ---
[WARNING] Using platform encoding (UTF-8 actually) to copy filtered resources, i.e. build is platform dependent!
[INFO] skip non existing resourceDirectory /tmp/tmph4z315gg/miIO/src/main/resources
[INFO] 
[INFO] --- maven-compiler-plugin:3.7.0:compile (default-compile) @ miio ---
[INFO] Changes detected - recompiling the module!
[WARNING] File encoding has not been set, using platform encoding UTF-8, i.e. build is platform dependent!
[INFO] Compiling 19 source files to /tmp/tmph4z315gg/miIO/target/classes
[INFO] 
[INFO] --- maven-resources-plugin:2.6:testResources (default-testResources) @ miio ---
[WARNING] Using platform encoding (UTF-8 actually) to copy filtered resources, i.e. build is platform dependent!
[INFO] skip non existing resourceDirectory /tmp/tmph4z315gg/miIO/src/test/resources
[INFO] 
[INFO] --- maven-compiler-plugin:3.7.0:testCompile (default-testCompile) @ miio ---
[INFO] Changes detected - recompiling the module!
[WARNING] File encoding has not been set, using platform encoding UTF-8, i.e. build is platform dependent!
[INFO] Compiling 16 source files to /tmp/tmph4z315gg/miIO/target/test-classes
[INFO] 
[INFO] --- maven-surefire-plugin:2.19.1:test (default-test) @ miio ---
[INFO] Surefire report directory: /tmp/tmph4z315gg/miIO/target/surefire-reports

-------------------------------------------------------
 T E S T S
-------------------------------------------------------
Running de.sg_o.app.miio.yeelightTest.ColorLightTest
Tests run: 9, Failures: 0, Errors: 0, Skipped: 0, Time elapsed: 9.379 sec - in de.sg_o.app.miio.yeelightTest.ColorLightTest
Running de.sg_o.app.miio.yeelightTest.PropTest
Tests run: 3, Failures: 0, Errors: 0, Skipped: 0, Time elapsed: 0 sec - in de.sg_o.app.miio.yeelightTest.PropTest
Running de.sg_o.app.miio.vacuum.VacuumConsumableStatusTest
Tests run: 9, Failures: 0, Errors: 0, Skipped: 0, Time elapsed: 0 sec - in de.sg_o.app.miio.vacuum.VacuumConsumableStatusTest
Running de.sg_o.app.miio.vacuum.VacuumTimerTest
Tests run: 11, Failures: 0, Errors: 0, Skipped: 0, Time elapsed: 0.036 sec - in de.sg_o.app.miio.vacuum.VacuumTimerTest
Running de.sg_o.app.miio.vacuum.VacuumSounpackInstallStateTest
Tests run: 9, Failures: 0, Errors: 0, Skipped: 0, Time elapsed: 0.002 sec - in de.sg_o.app.miio.vacuum.VacuumSounpackInstallStateTest
Running de.sg_o.app.miio.vacuum.VacuumDoNotDisturbTest
Tests run: 8, Failures: 0, Errors: 0, Skipped: 0, Time elapsed: 0.003 sec - in de.sg_o.app.miio.vacuum.VacuumDoNotDisturbTest
Running de.sg_o.app.miio.vacuum.VacuumCleanupTest
Tests run: 10, Failures: 0, Errors: 0, Skipped: 0, Time elapsed: 0.015 sec - in de.sg_o.app.miio.vacuum.VacuumCleanupTest
Running de.sg_o.app.miio.vacuum.VacuumStatusTest
Tests run: 16, Failures: 0, Errors: 0, Skipped: 0, Time elapsed: 0.004 sec - in de.sg_o.app.miio.vacuum.VacuumStatusTest
Running de.sg_o.app.miio.baseTest.CommandExecutionExceptionTest
Tests run: 2, Failures: 0, Errors: 0, Skipped: 0, Time elapsed: 0 sec - in de.sg_o.app.miio.baseTest.CommandExecutionExceptionTest
Running de.sg_o.app.miio.baseTest.TokenTest
Tests run: 9, Failures: 0, Errors: 0, Skipped: 0, Time elapsed: 0.002 sec - in de.sg_o.app.miio.baseTest.TokenTest
Running de.sg_o.app.miio.baseTest.CommandTest
Tests run: 10, Failures: 0, Errors: 0, Skipped: 0, Time elapsed: 0.004 sec - in de.sg_o.app.miio.baseTest.CommandTest
Running de.sg_o.app.miio.baseTest.DeviceTest
Tests run: 3, Failures: 0, Errors: 0, Skipped: 0, Time elapsed: 4.559 sec - in de.sg_o.app.miio.baseTest.DeviceTest
Running de.sg_o.app.miio.utilTest.ByteArrayTest
Tests run: 5, Failures: 0, Errors: 0, Skipped: 0, Time elapsed: 0.003 sec - in de.sg_o.app.miio.utilTest.ByteArrayTest

Results :

Tests run: 104, Failures: 0, Errors: 0, Skipped: 0

[INFO] 
[INFO] --- jacoco-maven-plugin:0.8.5:report (report) @ miio ---
[INFO] Loading execution data file /tmp/tmph4z315gg/miIO/target/jacoco.exec
[INFO] Analyzed bundle 'miIO' with 282 classes
[INFO] ------------------------------------------------------------------------
[INFO] BUILD SUCCESS
[INFO] ------------------------------------------------------------------------
[INFO] Total time:  27.360 s
[INFO] Finished at: 2020-07-30T16:27:34Z
[INFO] ------------------------------------------------------------------------
