[INFO] Error stacktraces are turned on.
[INFO] Scanning for projects...
[INFO] 
[INFO] -------------------< com.github.javafaker:javafaker >-------------------
[INFO] Building Java Faker 0.15
[INFO] --------------------------------[ jar ]---------------------------------
[INFO] 
[INFO] --- maven-enforcer-plugin:1.0:enforce (enforce-maven) @ javafaker ---
[INFO] 
[INFO] --- maven-resources-plugin:2.6:resources (default-resources) @ javafaker ---
[INFO] Using 'UTF-8' encoding to copy filtered resources.
[INFO] Copying 47 resources
[INFO] 
[INFO] --- maven-compiler-plugin:3.7.0:compile (default-compile) @ javafaker ---
[INFO] Changes detected - recompiling the module!
[INFO] Compiling 64 source files to /tmp/tmp1rp_dypl/java-faker/target/classes
[INFO] /tmp/tmp1rp_dypl/java-faker/src/main/java/com/github/javafaker/service/FakeValuesService.java: /tmp/tmp1rp_dypl/java-faker/src/main/java/com/github/javafaker/service/FakeValuesService.java uses unchecked or unsafe operations.
[INFO] /tmp/tmp1rp_dypl/java-faker/src/main/java/com/github/javafaker/service/FakeValuesService.java: Recompile with -Xlint:unchecked for details.
[INFO] 
[INFO] --- maven-resources-plugin:2.6:testResources (default-testResources) @ javafaker ---
[INFO] Using 'UTF-8' encoding to copy filtered resources.
[INFO] Copying 1 resource
[INFO] 
[INFO] --- maven-compiler-plugin:3.7.0:testCompile (default-testCompile) @ javafaker ---
[INFO] Changes detected - recompiling the module!
[INFO] Compiling 71 source files to /tmp/tmp1rp_dypl/java-faker/target/test-classes
[INFO] 
[INFO] --- maven-surefire-plugin:2.12.4:test (default-test) @ javafaker ---
[INFO] Surefire report directory: /tmp/tmp1rp_dypl/java-faker/target/surefire-reports

-------------------------------------------------------
 T E S T S
-------------------------------------------------------
Running com.github.javafaker.FileTest
Tests run: 7, Failures: 0, Errors: 0, Skipped: 0, Time elapsed: 1.984 sec
Running com.github.javafaker.AppTest
Tests run: 3, Failures: 0, Errors: 0, Skipped: 0, Time elapsed: 0.163 sec
Running com.github.javafaker.LoremTest
Tests run: 14, Failures: 0, Errors: 0, Skipped: 0, Time elapsed: 0.892 sec
Running com.github.javafaker.FriendsTest
Tests run: 3, Failures: 0, Errors: 0, Skipped: 0, Time elapsed: 0.098 sec
Running com.github.javafaker.RockBandTest
Tests run: 1, Failures: 0, Errors: 0, Skipped: 0, Time elapsed: 0.027 sec
Running com.github.javafaker.CommerceTest
Tests run: 8, Failures: 0, Errors: 0, Skipped: 0, Time elapsed: 0.284 sec
Running com.github.javafaker.DateAndTimeTest
Tests run: 6, Failures: 0, Errors: 0, Skipped: 0, Time elapsed: 0.488 sec
Running com.github.javafaker.RickAndMortyTest
Tests run: 3, Failures: 0, Errors: 0, Skipped: 0, Time elapsed: 0.142 sec
Running com.github.javafaker.OptionsTest
Tests run: 5, Failures: 0, Errors: 0, Skipped: 0, Time elapsed: 0.23 sec
Running com.github.javafaker.WeatherTest
Tests run: 5, Failures: 0, Errors: 0, Skipped: 0, Time elapsed: 0.327 sec
Running com.github.javafaker.ZeldaTest
Tests run: 2, Failures: 0, Errors: 0, Skipped: 0, Time elapsed: 0.093 sec
Running com.github.javafaker.ColorTest
Tests run: 1, Failures: 0, Errors: 0, Skipped: 0, Time elapsed: 0.05 sec
Running com.github.javafaker.matchers.IsANumberTest
Tests run: 4, Failures: 0, Errors: 0, Skipped: 0, Time elapsed: 0.003 sec
Running com.github.javafaker.BoolTest
Tests run: 1, Failures: 0, Errors: 0, Skipped: 0, Time elapsed: 0.043 sec
Running com.github.javafaker.HarryPotterTest
Tests run: 4, Failures: 0, Errors: 0, Skipped: 0, Time elapsed: 0.197 sec
Running com.github.javafaker.NameTest
Tests run: 9, Failures: 0, Errors: 0, Skipped: 0, Time elapsed: 0.389 sec
Running com.github.javafaker.service.FakeValuesServiceTest
Tests run: 22, Failures: 0, Errors: 0, Skipped: 0, Time elapsed: 2.156 sec
Running com.github.javafaker.service.RandomServiceTest
Tests run: 8, Failures: 0, Errors: 0, Skipped: 0, Time elapsed: 0.415 sec
Running com.github.javafaker.InternetTest
Tests run: 26, Failures: 0, Errors: 0, Skipped: 0, Time elapsed: 6.404 sec
Running com.github.javafaker.StockTest
Tests run: 2, Failures: 0, Errors: 0, Skipped: 0, Time elapsed: 0.104 sec
Running com.github.javafaker.SlackEmojiTest
Tests run: 9, Failures: 0, Errors: 0, Skipped: 0, Time elapsed: 0.444 sec
Running com.github.javafaker.ArtistTest
Tests run: 1, Failures: 0, Errors: 0, Skipped: 0, Time elapsed: 0.042 sec
Running com.github.javafaker.MusicTest
Tests run: 3, Failures: 0, Errors: 0, Skipped: 0, Time elapsed: 0.135 sec
Running com.github.javafaker.TwinPeaksTest
Tests run: 3, Failures: 0, Errors: 0, Skipped: 0, Time elapsed: 0.132 sec
Running com.github.javafaker.TeamTest
Tests run: 4, Failures: 0, Errors: 0, Skipped: 0, Time elapsed: 0.222 sec
Running com.github.javafaker.LebowskiTest
Tests run: 3, Failures: 0, Errors: 0, Skipped: 0, Time elapsed: 0.114 sec
Running com.github.javafaker.AddressTest
Tests run: 14, Failures: 0, Errors: 0, Skipped: 0, Time elapsed: 0.833 sec
Running com.github.javafaker.RandomFakerTest
Tests run: 4, Failures: 0, Errors: 0, Skipped: 0, Time elapsed: 0.284 sec
Running com.github.javafaker.CatTest
Tests run: 3, Failures: 0, Errors: 0, Skipped: 0, Time elapsed: 0.159 sec
Running com.github.javafaker.DemographicTest
Tests run: 5, Failures: 0, Errors: 0, Skipped: 0, Time elapsed: 0.222 sec
Running com.github.javafaker.YodaTest
Tests run: 1, Failures: 0, Errors: 0, Skipped: 0, Time elapsed: 0.042 sec
Running com.github.javafaker.LordOfTheRingsTest
Tests run: 2, Failures: 0, Errors: 0, Skipped: 0, Time elapsed: 0.09 sec
Running com.github.javafaker.GameOfThronesTest
Tests run: 5, Failures: 0, Errors: 0, Skipped: 0, Time elapsed: 0.254 sec
Running com.github.javafaker.EsportsTest
Tests run: 5, Failures: 0, Errors: 0, Skipped: 0, Time elapsed: 0.223 sec
Running com.github.javafaker.idnumbers.SwedishIdNumberTest
Tests run: 2, Failures: 0, Errors: 0, Skipped: 0, Time elapsed: 0.003 sec
Running com.github.javafaker.CompanyTest
Tests run: 9, Failures: 0, Errors: 0, Skipped: 0, Time elapsed: 0.416 sec
Running com.github.javafaker.AncientTest
Tests run: 4, Failures: 0, Errors: 0, Skipped: 0, Time elapsed: 0.159 sec
Running com.github.javafaker.FakerTest
Tests run: 27, Failures: 0, Errors: 0, Skipped: 0, Time elapsed: 1.687 sec
Running com.github.javafaker.HipsterTest
Tests run: 1, Failures: 0, Errors: 0, Skipped: 0, Time elapsed: 0.052 sec
Running com.github.javafaker.CryptoTest
Tests run: 4, Failures: 0, Errors: 0, Skipped: 0, Time elapsed: 0.206 sec
Running com.github.javafaker.ShakespeareTest
Tests run: 4, Failures: 0, Errors: 0, Skipped: 0, Time elapsed: 0.191 sec
Running com.github.javafaker.BeerTest
Tests run: 5, Failures: 0, Errors: 0, Skipped: 0, Time elapsed: 0.301 sec
Running com.github.javafaker.integration.UkLocalDirectivesTest
Tests run: 1, Failures: 0, Errors: 0, Skipped: 0, Time elapsed: 0.067 sec
Running com.github.javafaker.WitcherTest
Tests run: 6, Failures: 0, Errors: 0, Skipped: 0, Time elapsed: 0.424 sec
Running com.github.javafaker.JobTest
Tests run: 5, Failures: 0, Errors: 0, Skipped: 0, Time elapsed: 0.338 sec
Running com.github.javafaker.IdNumberTest
Tests run: 5, Failures: 0, Errors: 0, Skipped: 0, Time elapsed: 0.764 sec
Running com.github.javafaker.NumberTest
[main] INFO com.github.javafaker.NumberTest - Range -25 to 25 is 0.75 percent unique.
[main] INFO com.github.javafaker.NumberTest - Range -50 to 50 is 0.88 percent unique.
[main] INFO com.github.javafaker.NumberTest - Range -75 to 75 is 0.8648648648648649 percent unique.
[main] INFO com.github.javafaker.NumberTest - Range -100 to 100 is 0.94 percent unique.
[main] INFO com.github.javafaker.NumberTest - Range -125 to 125 is 0.8709677419354839 percent unique.
[main] INFO com.github.javafaker.NumberTest - Range -150 to 150 is 0.8666666666666667 percent unique.
[main] INFO com.github.javafaker.NumberTest - Range -175 to 175 is 0.9080459770114943 percent unique.
[main] INFO com.github.javafaker.NumberTest - Range -200 to 200 is 0.88 percent unique.
[main] INFO com.github.javafaker.NumberTest - Range -225 to 225 is 0.8482142857142857 percent unique.
[main] INFO com.github.javafaker.NumberTest - Range -250 to 250 is 0.896 percent unique.
[main] INFO com.github.javafaker.NumberTest - Range -275 to 275 is 0.8394160583941606 percent unique.
[main] INFO com.github.javafaker.NumberTest - Range -300 to 300 is 0.9 percent unique.
[main] INFO com.github.javafaker.NumberTest - Range -325 to 325 is 0.9012345679012346 percent unique.
[main] INFO com.github.javafaker.NumberTest - Range -350 to 350 is 0.8971428571428571 percent unique.
[main] INFO com.github.javafaker.NumberTest - Range -375 to 375 is 0.8556149732620321 percent unique.
[main] INFO com.github.javafaker.NumberTest - Range -400 to 400 is 0.87 percent unique.
[main] INFO com.github.javafaker.NumberTest - Range -425 to 425 is 0.8867924528301887 percent unique.
[main] INFO com.github.javafaker.NumberTest - Range -450 to 450 is 0.8888888888888888 percent unique.
[main] INFO com.github.javafaker.NumberTest - Range -475 to 475 is 0.8734177215189873 percent unique.
[main] INFO com.github.javafaker.NumberTest - Range -500 to 500 is 0.884 percent unique.
[main] INFO com.github.javafaker.NumberTest - Range -525 to 525 is 0.8969465648854962 percent unique.
[main] INFO com.github.javafaker.NumberTest - Range -550 to 550 is 0.8836363636363637 percent unique.
[main] INFO com.github.javafaker.NumberTest - Range -575 to 575 is 0.867595818815331 percent unique.
[main] INFO com.github.javafaker.NumberTest - Range -600 to 600 is 0.88 percent unique.
[main] INFO com.github.javafaker.NumberTest - Range -625 to 625 is 0.8685897435897436 percent unique.
[main] INFO com.github.javafaker.NumberTest - Range -650 to 650 is 0.8646153846153846 percent unique.
[main] INFO com.github.javafaker.NumberTest - Range -675 to 675 is 0.8783382789317508 percent unique.
[main] INFO com.github.javafaker.NumberTest - Range -700 to 700 is 0.9142857142857143 percent unique.
[main] INFO com.github.javafaker.NumberTest - Range -725 to 725 is 0.8646408839779005 percent unique.
[main] INFO com.github.javafaker.NumberTest - Range -750 to 750 is 0.8773333333333333 percent unique.
[main] INFO com.github.javafaker.NumberTest - Range -775 to 775 is 0.8785529715762274 percent unique.
[main] INFO com.github.javafaker.NumberTest - Range -800 to 800 is 0.8875 percent unique.
[main] INFO com.github.javafaker.NumberTest - Range -825 to 825 is 0.8737864077669902 percent unique.
[main] INFO com.github.javafaker.NumberTest - Range -850 to 850 is 0.8847058823529412 percent unique.
[main] INFO com.github.javafaker.NumberTest - Range -875 to 875 is 0.8832951945080092 percent unique.
[main] INFO com.github.javafaker.NumberTest - Range -900 to 900 is 0.8755555555555555 percent unique.
[main] INFO com.github.javafaker.NumberTest - Range -925 to 925 is 0.8658008658008658 percent unique.
[main] INFO com.github.javafaker.NumberTest - Range -950 to 950 is 0.8842105263157894 percent unique.
[main] INFO com.github.javafaker.NumberTest - Range -975 to 975 is 0.8788501026694046 percent unique.
[main] INFO com.github.javafaker.NumberTest - Range -25 to 25 is 0.8333333333333334 percent unique.
[main] INFO com.github.javafaker.NumberTest - Range -50 to 50 is 0.88 percent unique.
[main] INFO com.github.javafaker.NumberTest - Range -75 to 75 is 0.8378378378378378 percent unique.
[main] INFO com.github.javafaker.NumberTest - Range -100 to 100 is 0.9 percent unique.
[main] INFO com.github.javafaker.NumberTest - Range -125 to 125 is 0.8709677419354839 percent unique.
[main] INFO com.github.javafaker.NumberTest - Range -150 to 150 is 0.8933333333333333 percent unique.
[main] INFO com.github.javafaker.NumberTest - Range -175 to 175 is 0.8160919540229885 percent unique.
[main] INFO com.github.javafaker.NumberTest - Range -200 to 200 is 0.89 percent unique.
[main] INFO com.github.javafaker.NumberTest - Range -225 to 225 is 0.9017857142857143 percent unique.
[main] INFO com.github.javafaker.NumberTest - Range -250 to 250 is 0.864 percent unique.
[main] INFO com.github.javafaker.NumberTest - Range -275 to 275 is 0.8978102189781022 percent unique.
[main] INFO com.github.javafaker.NumberTest - Range -300 to 300 is 0.8866666666666667 percent unique.
[main] INFO com.github.javafaker.NumberTest - Range -325 to 325 is 0.9135802469135802 percent unique.
[main] INFO com.github.javafaker.NumberTest - Range -350 to 350 is 0.8857142857142857 percent unique.
[main] INFO com.github.javafaker.NumberTest - Range -375 to 375 is 0.8823529411764706 percent unique.
[main] INFO com.github.javafaker.NumberTest - Range -400 to 400 is 0.905 percent unique.
[main] INFO com.github.javafaker.NumberTest - Range -425 to 425 is 0.9056603773584906 percent unique.
[main] INFO com.github.javafaker.NumberTest - Range -450 to 450 is 0.8933333333333333 percent unique.
[main] INFO com.github.javafaker.NumberTest - Range -475 to 475 is 0.8987341772151899 percent unique.
[main] INFO com.github.javafaker.NumberTest - Range -500 to 500 is 0.912 percent unique.
[main] INFO com.github.javafaker.NumberTest - Range -525 to 525 is 0.8587786259541985 percent unique.
[main] INFO com.github.javafaker.NumberTest - Range -550 to 550 is 0.8690909090909091 percent unique.
[main] INFO com.github.javafaker.NumberTest - Range -575 to 575 is 0.9024390243902439 percent unique.
[main] INFO com.github.javafaker.NumberTest - Range -600 to 600 is 0.8833333333333333 percent unique.
[main] INFO com.github.javafaker.NumberTest - Range -625 to 625 is 0.8589743589743589 percent unique.
[main] INFO com.github.javafaker.NumberTest - Range -650 to 650 is 0.8953846153846153 percent unique.
[main] INFO com.github.javafaker.NumberTest - Range -675 to 675 is 0.8813056379821959 percent unique.
[main] INFO com.github.javafaker.NumberTest - Range -700 to 700 is 0.8742857142857143 percent unique.
[main] INFO com.github.javafaker.NumberTest - Range -725 to 725 is 0.8922651933701657 percent unique.
[main] INFO com.github.javafaker.NumberTest - Range -750 to 750 is 0.8773333333333333 percent unique.
[main] INFO com.github.javafaker.NumberTest - Range -775 to 775 is 0.9121447028423773 percent unique.
[main] INFO com.github.javafaker.NumberTest - Range -800 to 800 is 0.92 percent unique.
[main] INFO com.github.javafaker.NumberTest - Range -825 to 825 is 0.8956310679611651 percent unique.
[main] INFO com.github.javafaker.NumberTest - Range -850 to 850 is 0.8941176470588236 percent unique.
[main] INFO com.github.javafaker.NumberTest - Range -875 to 875 is 0.8878718535469108 percent unique.
[main] INFO com.github.javafaker.NumberTest - Range -900 to 900 is 0.8711111111111111 percent unique.
[main] INFO com.github.javafaker.NumberTest - Range -925 to 925 is 0.8852813852813853 percent unique.
[main] INFO com.github.javafaker.NumberTest - Range -950 to 950 is 0.8989473684210526 percent unique.
[main] INFO com.github.javafaker.NumberTest - Range -975 to 975 is 0.891170431211499 percent unique.
[main] INFO com.github.javafaker.NumberTest - Range -25 to 25 is 1.0 percent unique.
[main] INFO com.github.javafaker.NumberTest - Range -50 to 50 is 0.92 percent unique.
[main] INFO com.github.javafaker.NumberTest - Range -75 to 75 is 0.8648648648648649 percent unique.
[main] INFO com.github.javafaker.NumberTest - Range -100 to 100 is 0.92 percent unique.
[main] INFO com.github.javafaker.NumberTest - Range -125 to 125 is 0.8870967741935484 percent unique.
[main] INFO com.github.javafaker.NumberTest - Range -150 to 150 is 0.88 percent unique.
[main] INFO com.github.javafaker.NumberTest - Range -175 to 175 is 0.8620689655172413 percent unique.
[main] INFO com.github.javafaker.NumberTest - Range -200 to 200 is 0.92 percent unique.
[main] INFO com.github.javafaker.NumberTest - Range -225 to 225 is 0.8660714285714286 percent unique.
[main] INFO com.github.javafaker.NumberTest - Range -250 to 250 is 0.904 percent unique.
[main] INFO com.github.javafaker.NumberTest - Range -275 to 275 is 0.9197080291970803 percent unique.
[main] INFO com.github.javafaker.NumberTest - Range -300 to 300 is 0.8933333333333333 percent unique.
[main] INFO com.github.javafaker.NumberTest - Range -325 to 325 is 0.8518518518518519 percent unique.
[main] INFO com.github.javafaker.NumberTest - Range -350 to 350 is 0.8685714285714285 percent unique.
[main] INFO com.github.javafaker.NumberTest - Range -375 to 375 is 0.9251336898395722 percent unique.
[main] INFO com.github.javafaker.NumberTest - Range -400 to 400 is 0.88 percent unique.
[main] INFO com.github.javafaker.NumberTest - Range -425 to 425 is 0.8962264150943396 percent unique.
[main] INFO com.github.javafaker.NumberTest - Range -450 to 450 is 0.8622222222222222 percent unique.
[main] INFO com.github.javafaker.NumberTest - Range -475 to 475 is 0.8607594936708861 percent unique.
[main] INFO com.github.javafaker.NumberTest - Range -500 to 500 is 0.876 percent unique.
[main] INFO com.github.javafaker.NumberTest - Range -525 to 525 is 0.8664122137404581 percent unique.
[main] INFO com.github.javafaker.NumberTest - Range -550 to 550 is 0.8909090909090909 percent unique.
[main] INFO com.github.javafaker.NumberTest - Range -575 to 575 is 0.8850174216027874 percent unique.
[main] INFO com.github.javafaker.NumberTest - Range -600 to 600 is 0.8733333333333333 percent unique.
[main] INFO com.github.javafaker.NumberTest - Range -625 to 625 is 0.8717948717948718 percent unique.
[main] INFO com.github.javafaker.NumberTest - Range -650 to 650 is 0.8861538461538462 percent unique.
[main] INFO com.github.javafaker.NumberTest - Range -675 to 675 is 0.8783382789317508 percent unique.
[main] INFO com.github.javafaker.NumberTest - Range -700 to 700 is 0.8857142857142857 percent unique.
[main] INFO com.github.javafaker.NumberTest - Range -725 to 725 is 0.8977900552486188 percent unique.
[main] INFO com.github.javafaker.NumberTest - Range -750 to 750 is 0.856 percent unique.
[main] INFO com.github.javafaker.NumberTest - Range -775 to 775 is 0.8837209302325582 percent unique.
[main] INFO com.github.javafaker.NumberTest - Range -800 to 800 is 0.9025 percent unique.
[main] INFO com.github.javafaker.NumberTest - Range -825 to 825 is 0.8907766990291263 percent unique.
[main] INFO com.github.javafaker.NumberTest - Range -850 to 850 is 0.8870588235294118 percent unique.
[main] INFO com.github.javafaker.NumberTest - Range -875 to 875 is 0.8810068649885584 percent unique.
[main] INFO com.github.javafaker.NumberTest - Range -900 to 900 is 0.9022222222222223 percent unique.
[main] INFO com.github.javafaker.NumberTest - Range -925 to 925 is 0.8831168831168831 percent unique.
[main] INFO com.github.javafaker.NumberTest - Range -950 to 950 is 0.8905263157894737 percent unique.
[main] INFO com.github.javafaker.NumberTest - Range -975 to 975 is 0.8788501026694046 percent unique.
Tests run: 14, Failures: 0, Errors: 0, Skipped: 0, Time elapsed: 1.54 sec
Running com.github.javafaker.ChuckNorrisTest
Tests run: 1, Failures: 0, Errors: 0, Skipped: 0, Time elapsed: 0.047 sec
Running com.github.javafaker.CodeTest
Tests run: 11, Failures: 0, Errors: 0, Skipped: 0, Time elapsed: 7.695 sec
Running com.github.javafaker.SuperheroTest
Tests run: 5, Failures: 0, Errors: 0, Skipped: 0, Time elapsed: 0.402 sec
Running com.github.javafaker.FinanceTest
Tests run: 5, Failures: 0, Errors: 0, Skipped: 0, Time elapsed: 0.221 sec
Running com.github.javafaker.PhoneNumberTest
Tests run: 5, Failures: 0, Errors: 0, Skipped: 0, Time elapsed: 0.556 sec
Running com.github.javafaker.PokemonTest
Tests run: 2, Failures: 0, Errors: 0, Skipped: 0, Time elapsed: 0.098 sec
Running com.github.javafaker.AvatarTest
Tests run: 1, Failures: 0, Errors: 0, Skipped: 0, Time elapsed: 0.054 sec
Running com.github.javafaker.BookTest
Tests run: 4, Failures: 0, Errors: 0, Skipped: 0, Time elapsed: 0.251 sec
Running com.github.javafaker.HackerTest
Tests run: 5, Failures: 0, Errors: 0, Skipped: 0, Time elapsed: 0.24 sec
Running com.github.javafaker.FoodTest
Tests run: 3, Failures: 0, Errors: 0, Skipped: 0, Time elapsed: 0.25 sec
Running com.github.javafaker.SpaceTest
Tests run: 13, Failures: 0, Errors: 0, Skipped: 0, Time elapsed: 0.622 sec
Running com.github.javafaker.UniversityTest
Tests run: 3, Failures: 0, Errors: 0, Skipped: 0, Time elapsed: 0.118 sec
Running com.github.javafaker.MatzTest
Tests run: 1, Failures: 0, Errors: 0, Skipped: 0, Time elapsed: 0.044 sec
Running com.github.javafaker.EducatorTest
Tests run: 4, Failures: 0, Errors: 0, Skipped: 0, Time elapsed: 0.229 sec
Running com.github.javafaker.CurrencyTest
Tests run: 2, Failures: 0, Errors: 0, Skipped: 0, Time elapsed: 0.097 sec

Results :

Tests run: 348, Failures: 0, Errors: 0, Skipped: 0

[INFO] 
[INFO] --- maven-jar-plugin:2.4:jar (default-jar) @ javafaker ---
[INFO] Building jar: /tmp/tmp1rp_dypl/java-faker/target/javafaker-0.15.jar
[INFO] 
[INFO] --- maven-assembly-plugin:3.2.0:single (default) @ javafaker ---
[INFO] Building jar: /tmp/tmp1rp_dypl/java-faker/target/javafaker-0.15-jar-with-dependencies.jar
[INFO] ------------------------------------------------------------------------
[INFO] BUILD SUCCESS
[INFO] ------------------------------------------------------------------------
[INFO] Total time:  58.174 s
[INFO] Finished at: 2020-07-30T15:53:46Z
[INFO] ------------------------------------------------------------------------
