[INFO] Error stacktraces are turned on.
[INFO] Scanning for projects...
[WARNING] 
[WARNING] Some problems were encountered while building the effective model for org.springframework.samples:spring-mvc-showcase:war:1.0.0-BUILD-SNAPSHOT
[WARNING] 'dependencies.dependency.version' for org.apache.logging.log4j:log4j-core:jar is either LATEST or RELEASE (both of them are being deprecated) @ line 37, column 16
[WARNING] 'dependencies.dependency.version' for org.apache.logging.log4j:log4j-slf4j-impl:jar is either LATEST or RELEASE (both of them are being deprecated) @ line 42, column 16
[WARNING] 'build.plugins.plugin.version' for org.apache.maven.plugins:maven-war-plugin is missing. @ line 154, column 15
[WARNING] 
[WARNING] It is highly recommended to fix these problems because they threaten the stability of your build.
[WARNING] 
[WARNING] For this reason, future Maven versions might no longer support building such malformed projects.
[WARNING] 
[INFO] 
[INFO] ----------< org.springframework.samples:spring-mvc-showcase >-----------
[INFO] Building spring-mvc-showcase 1.0.0-BUILD-SNAPSHOT
[INFO] --------------------------------[ war ]---------------------------------
[INFO] 
[INFO] --- jacoco-maven-plugin:0.8.5:prepare-agent (default) @ spring-mvc-showcase ---
[INFO] argLine set to -javaagent:/home/jdbl/.m2/repository/org/jacoco/org.jacoco.agent/0.8.5/org.jacoco.agent-0.8.5-runtime.jar=destfile=/tmp/tmpnzxet0y0/spring-mvc-showcase/target/jacoco.exec
[INFO] 
[INFO] --- maven-resources-plugin:2.6:resources (default-resources) @ spring-mvc-showcase ---
[WARNING] Using platform encoding (UTF-8 actually) to copy filtered resources, i.e. build is platform dependent!
[INFO] Copying 1 resource
[INFO] 
[INFO] --- maven-compiler-plugin:3.7.0:compile (default-compile) @ spring-mvc-showcase ---
[INFO] Changes detected - recompiling the module!
[WARNING] File encoding has not been set, using platform encoding UTF-8, i.e. build is platform dependent!
[INFO] Compiling 40 source files to /tmp/tmpnzxet0y0/spring-mvc-showcase/target/classes
[INFO] /tmp/tmpnzxet0y0/spring-mvc-showcase/src/main/java/org/springframework/samples/mvc/async/TimeoutCallableProcessingInterceptor.java: Some input files use or override a deprecated API.
[INFO] /tmp/tmpnzxet0y0/spring-mvc-showcase/src/main/java/org/springframework/samples/mvc/async/TimeoutCallableProcessingInterceptor.java: Recompile with -Xlint:deprecation for details.
[INFO] 
[INFO] --- aspectj-maven-plugin:1.11:compile (default) @ spring-mvc-showcase ---
[INFO] Showing AJC message detail for messages of types: [error, warning, fail]
[INFO] 
[INFO] --- maven-resources-plugin:2.6:testResources (default-testResources) @ spring-mvc-showcase ---
[WARNING] Using platform encoding (UTF-8 actually) to copy filtered resources, i.e. build is platform dependent!
[INFO] Copying 1 resource
[INFO] 
[INFO] --- maven-compiler-plugin:3.7.0:testCompile (default-testCompile) @ spring-mvc-showcase ---
[INFO] Changes detected - recompiling the module!
[WARNING] File encoding has not been set, using platform encoding UTF-8, i.e. build is platform dependent!
[INFO] Compiling 18 source files to /tmp/tmpnzxet0y0/spring-mvc-showcase/target/test-classes
[INFO] /tmp/tmpnzxet0y0/spring-mvc-showcase/src/test/java/org/springframework/samples/mvc/fileupload/FileUploadControllerTests.java: Some input files use or override a deprecated API.
[INFO] /tmp/tmpnzxet0y0/spring-mvc-showcase/src/test/java/org/springframework/samples/mvc/fileupload/FileUploadControllerTests.java: Recompile with -Xlint:deprecation for details.
[INFO] 
[INFO] --- aspectj-maven-plugin:1.11:test-compile (default) @ spring-mvc-showcase ---
[INFO] Showing AJC message detail for messages of types: [error, warning, fail]
[INFO] 
[INFO] --- maven-surefire-plugin:2.19.1:test (default-test) @ spring-mvc-showcase ---
[INFO] Surefire report directory: /tmp/tmpnzxet0y0/spring-mvc-showcase/target/surefire-reports

-------------------------------------------------------
 T E S T S
-------------------------------------------------------
Running org.springframework.samples.mvc.simple.SimpleControllerTests
Tests run: 1, Failures: 0, Errors: 0, Skipped: 0, Time elapsed: 3.407 sec - in org.springframework.samples.mvc.simple.SimpleControllerTests
Running org.springframework.samples.mvc.simple.SimpleControllerRevisitedTests
Tests run: 1, Failures: 0, Errors: 0, Skipped: 0, Time elapsed: 0.02 sec - in org.springframework.samples.mvc.simple.SimpleControllerRevisitedTests
Running org.springframework.samples.mvc.validation.ValidationControllerTests
Tests run: 2, Failures: 0, Errors: 0, Skipped: 0, Time elapsed: 0.559 sec - in org.springframework.samples.mvc.validation.ValidationControllerTests
Running org.springframework.samples.mvc.response.ResponseControllerTests
Tests run: 5, Failures: 0, Errors: 0, Skipped: 0, Time elapsed: 0.16 sec - in org.springframework.samples.mvc.response.ResponseControllerTests
Running org.springframework.samples.mvc.exceptions.ExceptionControllerTests
Tests run: 2, Failures: 0, Errors: 0, Skipped: 0, Time elapsed: 1.136 sec - in org.springframework.samples.mvc.exceptions.ExceptionControllerTests
Running org.springframework.samples.mvc.messageconverters.MessageConvertersControllerTests
Tests run: 13, Failures: 0, Errors: 0, Skipped: 0, Time elapsed: 0.917 sec - in org.springframework.samples.mvc.messageconverters.MessageConvertersControllerTests
Running org.springframework.samples.mvc.async.CallableControllerTests
Tests run: 3, Failures: 0, Errors: 0, Skipped: 0, Time elapsed: 6.062 sec - in org.springframework.samples.mvc.async.CallableControllerTests
Running org.springframework.samples.mvc.async.DeferredResultControllerTests
Tests run: 3, Failures: 0, Errors: 0, Skipped: 0, Time elapsed: 5.037 sec - in org.springframework.samples.mvc.async.DeferredResultControllerTests
Running org.springframework.samples.mvc.mapping.MappingControllerTests
Tests run: 12, Failures: 0, Errors: 0, Skipped: 0, Time elapsed: 0.127 sec - in org.springframework.samples.mvc.mapping.MappingControllerTests
Running org.springframework.samples.mvc.convert.ConvertControllerTests
Tests run: 14, Failures: 0, Errors: 0, Skipped: 0, Time elapsed: 0.29 sec - in org.springframework.samples.mvc.convert.ConvertControllerTests
Running org.springframework.samples.mvc.fileupload.FileUploadControllerTests
Tests run: 1, Failures: 0, Errors: 0, Skipped: 0, Time elapsed: 0.024 sec - in org.springframework.samples.mvc.fileupload.FileUploadControllerTests
Running org.springframework.samples.mvc.data.DataControllerTests
Tests run: 8, Failures: 0, Errors: 0, Skipped: 0, Time elapsed: 0.069 sec - in org.springframework.samples.mvc.data.DataControllerTests
Running org.springframework.samples.mvc.data.CustomArgumentControllerTests
Tests run: 1, Failures: 0, Errors: 0, Skipped: 0, Time elapsed: 0.044 sec - in org.springframework.samples.mvc.data.CustomArgumentControllerTests
Running org.springframework.samples.mvc.data.StandardArgumentsControllerTests
Tests run: 7, Failures: 0, Errors: 0, Skipped: 0, Time elapsed: 0.136 sec - in org.springframework.samples.mvc.data.StandardArgumentsControllerTests
Running org.springframework.samples.mvc.form.FormControllerTests
Tests run: 3, Failures: 0, Errors: 0, Skipped: 0, Time elapsed: 0.281 sec - in org.springframework.samples.mvc.form.FormControllerTests
Running org.springframework.samples.mvc.redirect.RedirectControllerTests
Tests run: 2, Failures: 0, Errors: 0, Skipped: 0, Time elapsed: 0.035 sec - in org.springframework.samples.mvc.redirect.RedirectControllerTests
Running org.springframework.samples.mvc.views.ViewsControllerTests
Tests run: 3, Failures: 0, Errors: 0, Skipped: 0, Time elapsed: 0.051 sec - in org.springframework.samples.mvc.views.ViewsControllerTests

Results :

Tests run: 81, Failures: 0, Errors: 0, Skipped: 0

[INFO] 
[INFO] --- jacoco-maven-plugin:0.8.5:report (report) @ spring-mvc-showcase ---
[INFO] Loading execution data file /tmp/tmpnzxet0y0/spring-mvc-showcase/target/jacoco.exec
[INFO] Analyzed bundle 'spring-mvc-showcase' with 296 classes
[INFO] ------------------------------------------------------------------------
[INFO] BUILD SUCCESS
[INFO] ------------------------------------------------------------------------
[INFO] Total time:  41.613 s
[INFO] Finished at: 2020-07-30T20:40:15Z
[INFO] ------------------------------------------------------------------------
