[INFO] Error stacktraces are turned on.
[INFO] Scanning for projects...
[INFO] 
[INFO] ------------------< com.github.jsqlparser:jsqlparser >------------------
[INFO] Building JSQLParser library 0.9.5
[INFO] --------------------------------[ jar ]---------------------------------
[INFO] 
[INFO] --- javacc-maven-plugin:2.6:jjtree-javacc (javacc) @ jsqlparser ---
Java Compiler Compiler Version 6.1_2 (Tree Builder)
(type "jjtree" with no arguments for help)
Reading from file /tmp/tmpnzo1pvrk/JSqlParser/src/main/jjtree/net/sf/jsqlparser/parser/JSqlParserCC.jjt . . .
opt:java
File "Node.java" does not exist.  Will create one.
File "SimpleNode.java" does not exist.  Will create one.
File "CCJSqlParserTreeConstants.java" does not exist.  Will create one.
File "CCJSqlParserVisitor.java" does not exist.  Will create one.
File "CCJSqlParserDefaultVisitor.java" does not exist.  Will create one.
File "JJTCCJSqlParserState.java" does not exist.  Will create one.
Annotated grammar generated successfully in /tmp/tmpnzo1pvrk/JSqlParser/target/javacc-1596130092251/node/JSqlParserCC.jj
Java Compiler Compiler Version 6.1_2 (Parser Generator)
(type "javacc" with no arguments for help)
Reading from file /tmp/tmpnzo1pvrk/JSqlParser/target/javacc-1596130092251/node/JSqlParserCC.jj . . .
Note: UNICODE_INPUT option is specified. Please make sure you create the parser/lexer using a Reader with the correct character encoding.
File "TokenMgrError.java" does not exist.  Will create one.
File "ParseException.java" does not exist.  Will create one.
File "Token.java" does not exist.  Will create one.
File "SimpleCharStream.java" does not exist.  Will create one.
Parser generated successfully.
[INFO] Processed 1 grammar
[INFO] 
[INFO] --- license-maven-plugin:1.6:update-file-header (first) @ jsqlparser ---
[INFO] Will search files to update from root /tmp/tmpnzo1pvrk/JSqlParser/src/main/java
[INFO] Scan 173 files header done in 176.954ms.
[INFO] All files are up-to-date.
[INFO] 
[INFO] --- maven-resources-plugin:2.6:resources (default-resources) @ jsqlparser ---
[INFO] Using 'UTF-8' encoding to copy filtered resources.
[INFO] skip non existing resourceDirectory /tmp/tmpnzo1pvrk/JSqlParser/src/main/resources
[INFO] 
[INFO] --- maven-compiler-plugin:3.3:compile (default-compile) @ jsqlparser ---
[INFO] Changes detected - recompiling the module!
[INFO] Compiling 186 source files to /tmp/tmpnzo1pvrk/JSqlParser/target/classes
[WARNING] bootstrap class path not set in conjunction with -source 1.6
[INFO] /tmp/tmpnzo1pvrk/JSqlParser/target/generated-sources/javacc/net/sf/jsqlparser/parser/CCJSqlParser.java: /tmp/tmpnzo1pvrk/JSqlParser/target/generated-sources/javacc/net/sf/jsqlparser/parser/CCJSqlParser.java uses unchecked or unsafe operations.
[INFO] /tmp/tmpnzo1pvrk/JSqlParser/target/generated-sources/javacc/net/sf/jsqlparser/parser/CCJSqlParser.java: Recompile with -Xlint:unchecked for details.
[INFO] 
[INFO] --- maven-resources-plugin:2.6:testResources (default-testResources) @ jsqlparser ---
[INFO] Using 'UTF-8' encoding to copy filtered resources.
[INFO] Copying 280 resources
[INFO] 
[INFO] --- maven-compiler-plugin:3.3:testCompile (default-testCompile) @ jsqlparser ---
[INFO] Changes detected - recompiling the module!
[INFO] Compiling 32 source files to /tmp/tmpnzo1pvrk/JSqlParser/target/test-classes
[WARNING] bootstrap class path not set in conjunction with -source 1.6
[INFO] /tmp/tmpnzo1pvrk/JSqlParser/src/test/java/net/sf/jsqlparser/test/TestUtils.java: Some input files use or override a deprecated API.
[INFO] /tmp/tmpnzo1pvrk/JSqlParser/src/test/java/net/sf/jsqlparser/test/TestUtils.java: Recompile with -Xlint:deprecation for details.
[INFO] /tmp/tmpnzo1pvrk/JSqlParser/src/test/java/net/sf/jsqlparser/test/select/SpeedTest.java: Some input files use unchecked or unsafe operations.
[INFO] /tmp/tmpnzo1pvrk/JSqlParser/src/test/java/net/sf/jsqlparser/test/select/SpeedTest.java: Recompile with -Xlint:unchecked for details.
[INFO] 
[INFO] --- maven-surefire-plugin:2.12.4:test (default-test) @ jsqlparser ---
[INFO] Surefire report directory: /tmp/tmpnzo1pvrk/JSqlParser/target/surefire-reports

-------------------------------------------------------
 T E S T S
-------------------------------------------------------
Running net.sf.jsqlparser.schema.ServerTest
Tests run: 2, Failures: 0, Errors: 0, Skipped: 0, Time elapsed: 0.016 sec
Running net.sf.jsqlparser.util.TablesNamesFinderTest
Tests run: 21, Failures: 0, Errors: 0, Skipped: 0, Time elapsed: 0.071 sec
Running net.sf.jsqlparser.util.deparser.CreateViewDeParserTest
*Statement
* Table
* Column
* Column
* Table
Tests run: 2, Failures: 0, Errors: 0, Skipped: 0, Time elapsed: 0.001 sec
Running net.sf.jsqlparser.util.SelectUtilsTest
Tests run: 6, Failures: 0, Errors: 0, Skipped: 0, Time elapsed: 0.01 sec
Running net.sf.jsqlparser.util.ConnectExpressionsVisitorTest
Tests run: 2, Failures: 0, Errors: 0, Skipped: 0, Time elapsed: 0 sec
Running net.sf.jsqlparser.util.AddAliasesVisitorTest
Tests run: 4, Failures: 0, Errors: 0, Skipped: 0, Time elapsed: 0 sec
Running net.sf.jsqlparser.test.simpleparsing.CCJSqlParserManagerTest
Tests run: 1, Failures: 0, Errors: 0, Skipped: 0, Time elapsed: 0.015 sec
Running net.sf.jsqlparser.test.update.UpdateTest
Tests run: 12, Failures: 0, Errors: 0, Skipped: 0, Time elapsed: 0.009 sec
Running net.sf.jsqlparser.test.insert.InsertTest
Tests run: 21, Failures: 0, Errors: 0, Skipped: 0, Time elapsed: 0.153 sec
Running net.sf.jsqlparser.test.replace.ReplaceTest
Tests run: 4, Failures: 0, Errors: 0, Skipped: 0, Time elapsed: 0.002 sec
Running net.sf.jsqlparser.test.alter.AlterTest
Tests run: 11, Failures: 0, Errors: 0, Skipped: 0, Time elapsed: 0.009 sec
Running net.sf.jsqlparser.test.select.SpecialOracleTest
Jul 30, 2020 5:28:17 PM net.sf.jsqlparser.test.select.SpecialOracleTest testAllSqlsParseDeparse
INFO: testing model_clause01.sql
Jul 30, 2020 5:28:17 PM net.sf.jsqlparser.test.select.SpecialOracleTest testAllSqlsParseDeparse
INFO:    -> PROBLEM net.sf.jsqlparser.JSQLParserException
Jul 30, 2020 5:28:17 PM net.sf.jsqlparser.test.select.SpecialOracleTest testAllSqlsParseDeparse
INFO: testing condition14.sql
Jul 30, 2020 5:28:17 PM net.sf.jsqlparser.test.select.SpecialOracleTest testAllSqlsParseDeparse
INFO:    -> SUCCESS
Jul 30, 2020 5:28:17 PM net.sf.jsqlparser.test.select.SpecialOracleTest testAllSqlsParseDeparse
INFO: testing keywordasidentifier04.sql
Jul 30, 2020 5:28:17 PM net.sf.jsqlparser.test.select.SpecialOracleTest testAllSqlsParseDeparse
INFO:    -> PROBLEM net.sf.jsqlparser.JSQLParserException
Jul 30, 2020 5:28:17 PM net.sf.jsqlparser.test.select.SpecialOracleTest testAllSqlsParseDeparse
INFO: testing returning01.sql
Jul 30, 2020 5:28:17 PM net.sf.jsqlparser.test.select.SpecialOracleTest testAllSqlsParseDeparse
INFO:    -> PROBLEM net.sf.jsqlparser.JSQLParserException
Jul 30, 2020 5:28:17 PM net.sf.jsqlparser.test.select.SpecialOracleTest testAllSqlsParseDeparse
INFO: testing insert04.sql
Jul 30, 2020 5:28:17 PM net.sf.jsqlparser.test.select.SpecialOracleTest testAllSqlsParseDeparse
INFO:    -> PROBLEM net.sf.jsqlparser.JSQLParserException
Jul 30, 2020 5:28:17 PM net.sf.jsqlparser.test.select.SpecialOracleTest testAllSqlsParseDeparse
INFO: testing join15.sql
Jul 30, 2020 5:28:17 PM net.sf.jsqlparser.test.select.SpecialOracleTest testAllSqlsParseDeparse
INFO:    -> SUCCESS
Jul 30, 2020 5:28:17 PM net.sf.jsqlparser.test.select.SpecialOracleTest testAllSqlsParseDeparse
INFO: testing groupby22.sql
Jul 30, 2020 5:28:17 PM net.sf.jsqlparser.test.select.SpecialOracleTest testAllSqlsParseDeparse
INFO:    -> SUCCESS
Jul 30, 2020 5:28:17 PM net.sf.jsqlparser.test.select.SpecialOracleTest testAllSqlsParseDeparse
INFO: testing merge04.sql
Jul 30, 2020 5:28:17 PM net.sf.jsqlparser.test.select.SpecialOracleTest testAllSqlsParseDeparse
INFO:    -> PROBLEM net.sf.jsqlparser.JSQLParserException
Jul 30, 2020 5:28:17 PM net.sf.jsqlparser.test.select.SpecialOracleTest testAllSqlsParseDeparse
INFO: testing groupby01.sql
Jul 30, 2020 5:28:17 PM net.sf.jsqlparser.test.select.SpecialOracleTest testAllSqlsParseDeparse
INFO:    -> PROBLEM net.sf.jsqlparser.JSQLParserException
Jul 30, 2020 5:28:17 PM net.sf.jsqlparser.test.select.SpecialOracleTest testAllSqlsParseDeparse
INFO: testing for_update01.sql
Jul 30, 2020 5:28:17 PM net.sf.jsqlparser.test.select.SpecialOracleTest testAllSqlsParseDeparse
INFO:    -> SUCCESS
Jul 30, 2020 5:28:17 PM net.sf.jsqlparser.test.select.SpecialOracleTest testAllSqlsParseDeparse
INFO: testing cast_multiset39.sql
Jul 30, 2020 5:28:17 PM net.sf.jsqlparser.test.select.SpecialOracleTest testAllSqlsParseDeparse
INFO:    -> PROBLEM net.sf.jsqlparser.JSQLParserException
Jul 30, 2020 5:28:17 PM net.sf.jsqlparser.test.select.SpecialOracleTest testAllSqlsParseDeparse
INFO: testing cast_multiset05.sql
Jul 30, 2020 5:28:17 PM net.sf.jsqlparser.test.select.SpecialOracleTest testAllSqlsParseDeparse
INFO:    -> PROBLEM net.sf.jsqlparser.JSQLParserException
Jul 30, 2020 5:28:17 PM net.sf.jsqlparser.test.select.SpecialOracleTest testAllSqlsParseDeparse
INFO: testing model_clause03.sql
Jul 30, 2020 5:28:17 PM net.sf.jsqlparser.test.select.SpecialOracleTest testAllSqlsParseDeparse
INFO:    -> PROBLEM net.sf.jsqlparser.JSQLParserException
Jul 30, 2020 5:28:17 PM net.sf.jsqlparser.test.select.SpecialOracleTest testAllSqlsParseDeparse
INFO: testing simple09.sql
Jul 30, 2020 5:28:17 PM net.sf.jsqlparser.test.select.SpecialOracleTest testAllSqlsParseDeparse
INFO:    -> SUCCESS
Jul 30, 2020 5:28:17 PM net.sf.jsqlparser.test.select.SpecialOracleTest testAllSqlsParseDeparse
INFO: testing pivot10.sql
Jul 30, 2020 5:28:17 PM net.sf.jsqlparser.test.select.SpecialOracleTest testAllSqlsParseDeparse
INFO:    -> PROBLEM net.sf.jsqlparser.JSQLParserException
Jul 30, 2020 5:28:17 PM net.sf.jsqlparser.test.select.SpecialOracleTest testAllSqlsParseDeparse
INFO: testing cast_multiset22.sql
Jul 30, 2020 5:28:17 PM net.sf.jsqlparser.test.select.SpecialOracleTest testAllSqlsParseDeparse
INFO:    -> PROBLEM net.sf.jsqlparser.JSQLParserException
Jul 30, 2020 5:28:17 PM net.sf.jsqlparser.test.select.SpecialOracleTest testAllSqlsParseDeparse
INFO: testing query_factoring06.sql
Jul 30, 2020 5:28:17 PM net.sf.jsqlparser.test.select.SpecialOracleTest testAllSqlsParseDeparse
INFO:    -> SUCCESS
Jul 30, 2020 5:28:17 PM net.sf.jsqlparser.test.select.SpecialOracleTest testAllSqlsParseDeparse
INFO: testing condition17.sql
Jul 30, 2020 5:28:17 PM net.sf.jsqlparser.test.select.SpecialOracleTest testAllSqlsParseDeparse
INFO:    -> PROBLEM net.sf.jsqlparser.JSQLParserException
Jul 30, 2020 5:28:17 PM net.sf.jsqlparser.test.select.SpecialOracleTest testAllSqlsParseDeparse
INFO: testing cast_multiset32.sql
Jul 30, 2020 5:28:17 PM net.sf.jsqlparser.test.select.SpecialOracleTest testAllSqlsParseDeparse
INFO:    -> SUCCESS
Jul 30, 2020 5:28:17 PM net.sf.jsqlparser.test.select.SpecialOracleTest testAllSqlsParseDeparse
INFO: testing model_clause05.sql
Jul 30, 2020 5:28:17 PM net.sf.jsqlparser.test.select.SpecialOracleTest testAllSqlsParseDeparse
INFO:    -> PROBLEM net.sf.jsqlparser.JSQLParserException
Jul 30, 2020 5:28:17 PM net.sf.jsqlparser.test.select.SpecialOracleTest testAllSqlsParseDeparse
INFO: testing groupby09.sql
Jul 30, 2020 5:28:17 PM net.sf.jsqlparser.test.select.SpecialOracleTest testAllSqlsParseDeparse
INFO:    -> SUCCESS
Jul 30, 2020 5:28:17 PM net.sf.jsqlparser.test.select.SpecialOracleTest testAllSqlsParseDeparse
INFO: testing simple10.sql
Jul 30, 2020 5:28:17 PM net.sf.jsqlparser.test.select.SpecialOracleTest testAllSqlsParseDeparse
INFO:    -> SUCCESS
Jul 30, 2020 5:28:17 PM net.sf.jsqlparser.test.select.SpecialOracleTest testAllSqlsParseDeparse
INFO: testing cast_multiset24.sql
Jul 30, 2020 5:28:17 PM net.sf.jsqlparser.test.select.SpecialOracleTest testAllSqlsParseDeparse
INFO:    -> PROBLEM net.sf.jsqlparser.JSQLParserException
Jul 30, 2020 5:28:17 PM net.sf.jsqlparser.test.select.SpecialOracleTest testAllSqlsParseDeparse
INFO: testing for_update06.sql
Jul 30, 2020 5:28:17 PM net.sf.jsqlparser.test.select.SpecialOracleTest testAllSqlsParseDeparse
INFO:    -> PROBLEM net.sf.jsqlparser.JSQLParserException
Jul 30, 2020 5:28:17 PM net.sf.jsqlparser.test.select.SpecialOracleTest testAllSqlsParseDeparse
INFO: testing pivot07.sql
Jul 30, 2020 5:28:17 PM net.sf.jsqlparser.test.select.SpecialOracleTest testAllSqlsParseDeparse
INFO:    -> SUCCESS
Jul 30, 2020 5:28:17 PM net.sf.jsqlparser.test.select.SpecialOracleTest testAllSqlsParseDeparse
INFO: testing cast_multiset06.sql
Jul 30, 2020 5:28:17 PM net.sf.jsqlparser.test.select.SpecialOracleTest testAllSqlsParseDeparse
INFO:    -> SUCCESS
Jul 30, 2020 5:28:17 PM net.sf.jsqlparser.test.select.SpecialOracleTest testAllSqlsParseDeparse
INFO: testing analytic_query02.sql
Jul 30, 2020 5:28:17 PM net.sf.jsqlparser.test.select.SpecialOracleTest testAllSqlsParseDeparse
INFO:    -> PROBLEM net.sf.jsqlparser.JSQLParserException
Jul 30, 2020 5:28:17 PM net.sf.jsqlparser.test.select.SpecialOracleTest testAllSqlsParseDeparse
INFO: testing query_factoring10.sql
Jul 30, 2020 5:28:17 PM net.sf.jsqlparser.test.select.SpecialOracleTest testAllSqlsParseDeparse
INFO:    -> PROBLEM net.sf.jsqlparser.JSQLParserException
Jul 30, 2020 5:28:17 PM net.sf.jsqlparser.test.select.SpecialOracleTest testAllSqlsParseDeparse
INFO: testing simple07.sql
Jul 30, 2020 5:28:17 PM net.sf.jsqlparser.test.select.SpecialOracleTest testAllSqlsParseDeparse
INFO:    -> SUCCESS
Jul 30, 2020 5:28:17 PM net.sf.jsqlparser.test.select.SpecialOracleTest testAllSqlsParseDeparse
INFO: testing keywordasidentifier05.sql
Jul 30, 2020 5:28:17 PM net.sf.jsqlparser.test.select.SpecialOracleTest testAllSqlsParseDeparse
INFO:    -> SUCCESS
Jul 30, 2020 5:28:17 PM net.sf.jsqlparser.test.select.SpecialOracleTest testAllSqlsParseDeparse
INFO: testing set01.sql
Jul 30, 2020 5:28:17 PM net.sf.jsqlparser.test.select.SpecialOracleTest testAllSqlsParseDeparse
INFO:    -> SUCCESS
Jul 30, 2020 5:28:17 PM net.sf.jsqlparser.test.select.SpecialOracleTest testAllSqlsParseDeparse
INFO: testing function07.sql
Jul 30, 2020 5:28:17 PM net.sf.jsqlparser.test.select.SpecialOracleTest testAllSqlsParseDeparse
INFO:    -> PROBLEM net.sf.jsqlparser.JSQLParserException
Jul 30, 2020 5:28:17 PM net.sf.jsqlparser.test.select.SpecialOracleTest testAllSqlsParseDeparse
INFO: testing like01.sql
Jul 30, 2020 5:28:17 PM net.sf.jsqlparser.test.select.SpecialOracleTest testAllSqlsParseDeparse
INFO:    -> SUCCESS
Jul 30, 2020 5:28:17 PM net.sf.jsqlparser.test.select.SpecialOracleTest testAllSqlsParseDeparse
INFO: testing lexer01.sql
Jul 30, 2020 5:28:17 PM net.sf.jsqlparser.test.select.SpecialOracleTest testAllSqlsParseDeparse
INFO:    -> PROBLEM net.sf.jsqlparser.JSQLParserException
Jul 30, 2020 5:28:17 PM net.sf.jsqlparser.test.select.SpecialOracleTest testAllSqlsParseDeparse
INFO: testing model_clause06.sql
Jul 30, 2020 5:28:17 PM net.sf.jsqlparser.test.select.SpecialOracleTest testAllSqlsParseDeparse
INFO:    -> PROBLEM net.sf.jsqlparser.JSQLParserException
Jul 30, 2020 5:28:17 PM net.sf.jsqlparser.test.select.SpecialOracleTest testAllSqlsParseDeparse
INFO: testing groupby16.sql
Jul 30, 2020 5:28:17 PM net.sf.jsqlparser.test.select.SpecialOracleTest testAllSqlsParseDeparse
INFO:    -> PROBLEM net.sf.jsqlparser.JSQLParserException
Jul 30, 2020 5:28:17 PM net.sf.jsqlparser.test.select.SpecialOracleTest testAllSqlsParseDeparse
INFO: testing model_clause10.sql
Jul 30, 2020 5:28:17 PM net.sf.jsqlparser.test.select.SpecialOracleTest testAllSqlsParseDeparse
INFO:    -> PROBLEM net.sf.jsqlparser.JSQLParserException
Jul 30, 2020 5:28:17 PM net.sf.jsqlparser.test.select.SpecialOracleTest testAllSqlsParseDeparse
INFO: testing keywordasidentifier03.sql
Jul 30, 2020 5:28:17 PM net.sf.jsqlparser.test.select.SpecialOracleTest testAllSqlsParseDeparse
INFO:    -> SUCCESS
Jul 30, 2020 5:28:17 PM net.sf.jsqlparser.test.select.SpecialOracleTest testAllSqlsParseDeparse
INFO: testing query_factoring14.sql
Jul 30, 2020 5:28:17 PM net.sf.jsqlparser.test.select.SpecialOracleTest testAllSqlsParseDeparse
INFO:    -> PROBLEM net.sf.jsqlparser.JSQLParserException
Jul 30, 2020 5:28:17 PM net.sf.jsqlparser.test.select.SpecialOracleTest testAllSqlsParseDeparse
INFO: testing cast_multiset36.sql
Jul 30, 2020 5:28:17 PM net.sf.jsqlparser.test.select.SpecialOracleTest testAllSqlsParseDeparse
INFO:    -> SUCCESS
Jul 30, 2020 5:28:17 PM net.sf.jsqlparser.test.select.SpecialOracleTest testAllSqlsParseDeparse
INFO: testing query_factoring02.sql
Jul 30, 2020 5:28:17 PM net.sf.jsqlparser.test.select.SpecialOracleTest testAllSqlsParseDeparse
INFO:    -> SUCCESS
Jul 30, 2020 5:28:17 PM net.sf.jsqlparser.test.select.SpecialOracleTest testAllSqlsParseDeparse
INFO: testing union06.sql
Jul 30, 2020 5:28:17 PM net.sf.jsqlparser.test.select.SpecialOracleTest testAllSqlsParseDeparse
INFO:    -> SUCCESS
Jul 30, 2020 5:28:17 PM net.sf.jsqlparser.test.select.SpecialOracleTest testAllSqlsParseDeparse
INFO: testing order_by03.sql
Jul 30, 2020 5:28:17 PM net.sf.jsqlparser.test.select.SpecialOracleTest testAllSqlsParseDeparse
INFO:    -> SUCCESS
Jul 30, 2020 5:28:17 PM net.sf.jsqlparser.test.select.SpecialOracleTest testAllSqlsParseDeparse
INFO: testing join05.sql
Jul 30, 2020 5:28:17 PM net.sf.jsqlparser.test.select.SpecialOracleTest testAllSqlsParseDeparse
INFO:    -> PROBLEM net.sf.jsqlparser.JSQLParserException
Jul 30, 2020 5:28:17 PM net.sf.jsqlparser.test.select.SpecialOracleTest testAllSqlsParseDeparse
INFO: testing model_clause16.sql
Jul 30, 2020 5:28:17 PM net.sf.jsqlparser.test.select.SpecialOracleTest testAllSqlsParseDeparse
INFO:    -> PROBLEM net.sf.jsqlparser.JSQLParserException
Jul 30, 2020 5:28:17 PM net.sf.jsqlparser.test.select.SpecialOracleTest testAllSqlsParseDeparse
INFO: testing groupby18.sql
Jul 30, 2020 5:28:17 PM net.sf.jsqlparser.test.select.SpecialOracleTest testAllSqlsParseDeparse
INFO:    -> PROBLEM net.sf.jsqlparser.JSQLParserException
Jul 30, 2020 5:28:17 PM net.sf.jsqlparser.test.select.SpecialOracleTest testAllSqlsParseDeparse
INFO: testing bindvar03.sql
Jul 30, 2020 5:28:17 PM net.sf.jsqlparser.test.select.SpecialOracleTest testAllSqlsParseDeparse
INFO:    -> PROBLEM net.sf.jsqlparser.JSQLParserException
Jul 30, 2020 5:28:17 PM net.sf.jsqlparser.test.select.SpecialOracleTest testAllSqlsParseDeparse
INFO: testing loop01.sql
Jul 30, 2020 5:28:17 PM net.sf.jsqlparser.test.select.SpecialOracleTest testAllSqlsParseDeparse
INFO:    -> PROBLEM net.sf.jsqlparser.JSQLParserException
Jul 30, 2020 5:28:17 PM net.sf.jsqlparser.test.select.SpecialOracleTest testAllSqlsParseDeparse
INFO: testing case_when01.sql
Jul 30, 2020 5:28:17 PM net.sf.jsqlparser.test.select.SpecialOracleTest testAllSqlsParseDeparse
INFO:    -> SUCCESS
Jul 30, 2020 5:28:17 PM net.sf.jsqlparser.test.select.SpecialOracleTest testAllSqlsParseDeparse
INFO: testing groupby07.sql
Jul 30, 2020 5:28:17 PM net.sf.jsqlparser.test.select.SpecialOracleTest testAllSqlsParseDeparse
INFO:    -> PROBLEM net.sf.jsqlparser.JSQLParserException
Jul 30, 2020 5:28:17 PM net.sf.jsqlparser.test.select.SpecialOracleTest testAllSqlsParseDeparse
INFO: testing explain01.sql
Jul 30, 2020 5:28:17 PM net.sf.jsqlparser.test.select.SpecialOracleTest testAllSqlsParseDeparse
INFO:    -> PROBLEM net.sf.jsqlparser.JSQLParserException
Jul 30, 2020 5:28:17 PM net.sf.jsqlparser.test.select.SpecialOracleTest testAllSqlsParseDeparse
INFO: testing sample01.sql
Jul 30, 2020 5:28:17 PM net.sf.jsqlparser.test.select.SpecialOracleTest testAllSqlsParseDeparse
INFO:    -> PROBLEM net.sf.jsqlparser.JSQLParserException
Jul 30, 2020 5:28:17 PM net.sf.jsqlparser.test.select.SpecialOracleTest testAllSqlsParseDeparse
INFO: testing groupby14.sql
Jul 30, 2020 5:28:17 PM net.sf.jsqlparser.test.select.SpecialOracleTest testAllSqlsParseDeparse
INFO:    -> SUCCESS
Jul 30, 2020 5:28:17 PM net.sf.jsqlparser.test.select.SpecialOracleTest testAllSqlsParseDeparse
INFO: testing interval05.sql
Jul 30, 2020 5:28:17 PM net.sf.jsqlparser.test.select.SpecialOracleTest testAllSqlsParseDeparse
INFO:    -> PROBLEM net.sf.jsqlparser.JSQLParserException
Jul 30, 2020 5:28:17 PM net.sf.jsqlparser.test.select.SpecialOracleTest testAllSqlsParseDeparse
INFO: testing query_factoring12.sql
Jul 30, 2020 5:28:17 PM net.sf.jsqlparser.test.select.SpecialOracleTest testAllSqlsParseDeparse
INFO:    -> SUCCESS
Jul 30, 2020 5:28:17 PM net.sf.jsqlparser.test.select.SpecialOracleTest testAllSqlsParseDeparse
INFO: testing union02.sql
Jul 30, 2020 5:28:17 PM net.sf.jsqlparser.test.select.SpecialOracleTest testAllSqlsParseDeparse
INFO:    -> SUCCESS
Jul 30, 2020 5:28:17 PM net.sf.jsqlparser.test.select.SpecialOracleTest testAllSqlsParseDeparse
INFO: testing connect_by03.sql
Jul 30, 2020 5:28:17 PM net.sf.jsqlparser.test.select.SpecialOracleTest testAllSqlsParseDeparse
INFO:    -> SUCCESS
Jul 30, 2020 5:28:17 PM net.sf.jsqlparser.test.select.SpecialOracleTest testAllSqlsParseDeparse
INFO: testing pivot01.sql
Jul 30, 2020 5:28:17 PM net.sf.jsqlparser.test.select.SpecialOracleTest testAllSqlsParseDeparse
INFO:    -> PROBLEM net.sf.jsqlparser.JSQLParserException
Jul 30, 2020 5:28:17 PM net.sf.jsqlparser.test.select.SpecialOracleTest testAllSqlsParseDeparse
INFO: testing query_factoring11.sql
Jul 30, 2020 5:28:17 PM net.sf.jsqlparser.test.select.SpecialOracleTest testAllSqlsParseDeparse
INFO:    -> SUCCESS
Jul 30, 2020 5:28:17 PM net.sf.jsqlparser.test.select.SpecialOracleTest testAllSqlsParseDeparse
INFO: testing cast_multiset03.sql
Jul 30, 2020 5:28:17 PM net.sf.jsqlparser.test.select.SpecialOracleTest testAllSqlsParseDeparse
INFO:    -> PROBLEM net.sf.jsqlparser.JSQLParserException
Jul 30, 2020 5:28:17 PM net.sf.jsqlparser.test.select.SpecialOracleTest testAllSqlsParseDeparse
INFO: testing model_clause07.sql
Jul 30, 2020 5:28:17 PM net.sf.jsqlparser.test.select.SpecialOracleTest testAllSqlsParseDeparse
INFO:    -> PROBLEM net.sf.jsqlparser.JSQLParserException
Jul 30, 2020 5:28:17 PM net.sf.jsqlparser.test.select.SpecialOracleTest testAllSqlsParseDeparse
INFO: testing union05.sql
Jul 30, 2020 5:28:17 PM net.sf.jsqlparser.test.select.SpecialOracleTest testAllSqlsParseDeparse
INFO:    -> SUCCESS
Jul 30, 2020 5:28:17 PM net.sf.jsqlparser.test.select.SpecialOracleTest testAllSqlsParseDeparse
INFO: testing condition11.sql
Jul 30, 2020 5:28:17 PM net.sf.jsqlparser.test.select.SpecialOracleTest testAllSqlsParseDeparse
INFO:    -> PROBLEM net.sf.jsqlparser.JSQLParserException
Jul 30, 2020 5:28:17 PM net.sf.jsqlparser.test.select.SpecialOracleTest testAllSqlsParseDeparse
INFO: testing join06.sql
Jul 30, 2020 5:28:17 PM net.sf.jsqlparser.test.select.SpecialOracleTest testAllSqlsParseDeparse
INFO:    -> SUCCESS
Jul 30, 2020 5:28:17 PM net.sf.jsqlparser.test.select.SpecialOracleTest testAllSqlsParseDeparse
INFO: testing condition15.sql
Jul 30, 2020 5:28:17 PM net.sf.jsqlparser.test.select.SpecialOracleTest testAllSqlsParseDeparse
INFO:    -> SUCCESS
Jul 30, 2020 5:28:17 PM net.sf.jsqlparser.test.select.SpecialOracleTest testAllSqlsParseDeparse
INFO: testing insert08.sql
Jul 30, 2020 5:28:17 PM net.sf.jsqlparser.test.select.SpecialOracleTest testAllSqlsParseDeparse
INFO:    -> PROBLEM net.sf.jsqlparser.JSQLParserException
Jul 30, 2020 5:28:17 PM net.sf.jsqlparser.test.select.SpecialOracleTest testAllSqlsParseDeparse
INFO: testing cast_multiset38.sql
Jul 30, 2020 5:28:17 PM net.sf.jsqlparser.test.select.SpecialOracleTest testAllSqlsParseDeparse
INFO:    -> PROBLEM net.sf.jsqlparser.JSQLParserException
Jul 30, 2020 5:28:17 PM net.sf.jsqlparser.test.select.SpecialOracleTest testAllSqlsParseDeparse
INFO: testing insert12.sql
Jul 30, 2020 5:28:17 PM net.sf.jsqlparser.test.select.SpecialOracleTest testAllSqlsParseDeparse
INFO:    -> PROBLEM net.sf.jsqlparser.JSQLParserException
Jul 30, 2020 5:28:17 PM net.sf.jsqlparser.test.select.SpecialOracleTest testAllSqlsParseDeparse
INFO: testing cast_multiset42.sql
Jul 30, 2020 5:28:17 PM net.sf.jsqlparser.test.select.SpecialOracleTest testAllSqlsParseDeparse
INFO:    -> PROBLEM net.sf.jsqlparser.JSQLParserException
Jul 30, 2020 5:28:17 PM net.sf.jsqlparser.test.select.SpecialOracleTest testAllSqlsParseDeparse
INFO: testing join08.sql
Jul 30, 2020 5:28:17 PM net.sf.jsqlparser.test.select.SpecialOracleTest testAllSqlsParseDeparse
INFO:    -> SUCCESS
Jul 30, 2020 5:28:17 PM net.sf.jsqlparser.test.select.SpecialOracleTest testAllSqlsParseDeparse
INFO: testing pivot06.sql
Jul 30, 2020 5:28:17 PM net.sf.jsqlparser.test.select.SpecialOracleTest testAllSqlsParseDeparse
INFO:    -> SUCCESS
Jul 30, 2020 5:28:17 PM net.sf.jsqlparser.test.select.SpecialOracleTest testAllSqlsParseDeparse
INFO: testing insert02.sql
Jul 30, 2020 5:28:17 PM net.sf.jsqlparser.test.select.SpecialOracleTest testAllSqlsParseDeparse
INFO:    -> PROBLEM net.sf.jsqlparser.JSQLParserException
Jul 30, 2020 5:28:17 PM net.sf.jsqlparser.test.select.SpecialOracleTest testAllSqlsParseDeparse
INFO: testing insert11.sql
Jul 30, 2020 5:28:17 PM net.sf.jsqlparser.test.select.SpecialOracleTest testAllSqlsParseDeparse
INFO:    -> PROBLEM net.sf.jsqlparser.JSQLParserException
Jul 30, 2020 5:28:17 PM net.sf.jsqlparser.test.select.SpecialOracleTest testAllSqlsParseDeparse
INFO: testing model_clause12.sql
Jul 30, 2020 5:28:17 PM net.sf.jsqlparser.test.select.SpecialOracleTest testAllSqlsParseDeparse
INFO:    -> PROBLEM net.sf.jsqlparser.JSQLParserException
Jul 30, 2020 5:28:17 PM net.sf.jsqlparser.test.select.SpecialOracleTest testAllSqlsParseDeparse
INFO: testing join14.sql
Jul 30, 2020 5:28:17 PM net.sf.jsqlparser.test.select.SpecialOracleTest testAllSqlsParseDeparse
INFO:    -> SUCCESS
Jul 30, 2020 5:28:17 PM net.sf.jsqlparser.test.select.SpecialOracleTest testAllSqlsParseDeparse
INFO: testing function02.sql
Jul 30, 2020 5:28:17 PM net.sf.jsqlparser.test.select.SpecialOracleTest testAllSqlsParseDeparse
INFO:    -> SUCCESS
Jul 30, 2020 5:28:17 PM net.sf.jsqlparser.test.select.SpecialOracleTest testAllSqlsParseDeparse
INFO: testing analytic_query07.sql
Jul 30, 2020 5:28:17 PM net.sf.jsqlparser.test.select.SpecialOracleTest testAllSqlsParseDeparse
INFO:    -> PROBLEM net.sf.jsqlparser.JSQLParserException
Jul 30, 2020 5:28:17 PM net.sf.jsqlparser.test.select.SpecialOracleTest testAllSqlsParseDeparse
INFO: testing model_clause02.sql
Jul 30, 2020 5:28:17 PM net.sf.jsqlparser.test.select.SpecialOracleTest testAllSqlsParseDeparse
INFO:    -> PROBLEM net.sf.jsqlparser.JSQLParserException
Jul 30, 2020 5:28:17 PM net.sf.jsqlparser.test.select.SpecialOracleTest testAllSqlsParseDeparse
INFO: testing query_factoring04.sql
Jul 30, 2020 5:28:17 PM net.sf.jsqlparser.test.select.SpecialOracleTest testAllSqlsParseDeparse
INFO:    -> PROBLEM net.sf.jsqlparser.JSQLParserException
Jul 30, 2020 5:28:17 PM net.sf.jsqlparser.test.select.SpecialOracleTest testAllSqlsParseDeparse
INFO: testing order_by04.sql
Jul 30, 2020 5:28:17 PM net.sf.jsqlparser.test.select.SpecialOracleTest testAllSqlsParseDeparse
INFO:    -> SUCCESS
Jul 30, 2020 5:28:17 PM net.sf.jsqlparser.test.select.SpecialOracleTest testAllSqlsParseDeparse
INFO: testing groupby13.sql
Jul 30, 2020 5:28:17 PM net.sf.jsqlparser.test.select.SpecialOracleTest testAllSqlsParseDeparse
INFO:    -> PROBLEM net.sf.jsqlparser.JSQLParserException
Jul 30, 2020 5:28:17 PM net.sf.jsqlparser.test.select.SpecialOracleTest testAllSqlsParseDeparse
INFO: testing simple13.sql
Jul 30, 2020 5:28:17 PM net.sf.jsqlparser.test.select.SpecialOracleTest testAllSqlsParseDeparse
INFO:    -> PROBLEM net.sf.jsqlparser.JSQLParserException
Jul 30, 2020 5:28:17 PM net.sf.jsqlparser.test.select.SpecialOracleTest testAllSqlsParseDeparse
INFO: testing join20.sql
Jul 30, 2020 5:28:17 PM net.sf.jsqlparser.test.select.SpecialOracleTest testAllSqlsParseDeparse
INFO:    -> SUCCESS
Jul 30, 2020 5:28:17 PM net.sf.jsqlparser.test.select.SpecialOracleTest testAllSqlsParseDeparse
INFO: testing for_update05.sql
Jul 30, 2020 5:28:17 PM net.sf.jsqlparser.test.select.SpecialOracleTest testAllSqlsParseDeparse
INFO:    -> PROBLEM net.sf.jsqlparser.JSQLParserException
Jul 30, 2020 5:28:17 PM net.sf.jsqlparser.test.select.SpecialOracleTest testAllSqlsParseDeparse
INFO: testing query_factoring09.sql
Jul 30, 2020 5:28:17 PM net.sf.jsqlparser.test.select.SpecialOracleTest testAllSqlsParseDeparse
INFO:    -> SUCCESS
Jul 30, 2020 5:28:17 PM net.sf.jsqlparser.test.select.SpecialOracleTest testAllSqlsParseDeparse
INFO: testing groupby03.sql
Jul 30, 2020 5:28:17 PM net.sf.jsqlparser.test.select.SpecialOracleTest testAllSqlsParseDeparse
INFO:    -> PROBLEM net.sf.jsqlparser.JSQLParserException
Jul 30, 2020 5:28:17 PM net.sf.jsqlparser.test.select.SpecialOracleTest testAllSqlsParseDeparse
INFO: testing pivot03.sql
Jul 30, 2020 5:28:17 PM net.sf.jsqlparser.test.select.SpecialOracleTest testAllSqlsParseDeparse
INFO:    -> SUCCESS
Jul 30, 2020 5:28:17 PM net.sf.jsqlparser.test.select.SpecialOracleTest testAllSqlsParseDeparse
INFO: testing model_clause08.sql
Jul 30, 2020 5:28:17 PM net.sf.jsqlparser.test.select.SpecialOracleTest testAllSqlsParseDeparse
INFO:    -> PROBLEM net.sf.jsqlparser.JSQLParserException
Jul 30, 2020 5:28:17 PM net.sf.jsqlparser.test.select.SpecialOracleTest testAllSqlsParseDeparse
INFO: testing insert06.sql
Jul 30, 2020 5:28:17 PM net.sf.jsqlparser.test.select.SpecialOracleTest testAllSqlsParseDeparse
INFO:    -> PROBLEM net.sf.jsqlparser.JSQLParserException
Jul 30, 2020 5:28:17 PM net.sf.jsqlparser.test.select.SpecialOracleTest testAllSqlsParseDeparse
INFO: testing groupby17.sql
Jul 30, 2020 5:28:17 PM net.sf.jsqlparser.test.select.SpecialOracleTest testAllSqlsParseDeparse
INFO:    -> PROBLEM net.sf.jsqlparser.JSQLParserException
Jul 30, 2020 5:28:17 PM net.sf.jsqlparser.test.select.SpecialOracleTest testAllSqlsParseDeparse
INFO: testing merge02.sql
Jul 30, 2020 5:28:17 PM net.sf.jsqlparser.test.select.SpecialOracleTest testAllSqlsParseDeparse
INFO:    -> PROBLEM net.sf.jsqlparser.JSQLParserException
Jul 30, 2020 5:28:17 PM net.sf.jsqlparser.test.select.SpecialOracleTest testAllSqlsParseDeparse
INFO: testing query_factoring13.sql
Jul 30, 2020 5:28:17 PM net.sf.jsqlparser.test.select.SpecialOracleTest testAllSqlsParseDeparse
INFO:    -> PROBLEM net.sf.jsqlparser.JSQLParserException
Jul 30, 2020 5:28:17 PM net.sf.jsqlparser.test.select.SpecialOracleTest testAllSqlsParseDeparse
INFO: testing simple04.sql
Jul 30, 2020 5:28:17 PM net.sf.jsqlparser.test.select.SpecialOracleTest testAllSqlsParseDeparse
INFO:    -> PROBLEM net.sf.jsqlparser.JSQLParserException
Jul 30, 2020 5:28:17 PM net.sf.jsqlparser.test.select.SpecialOracleTest testAllSqlsParseDeparse
INFO: testing insert10.sql
Jul 30, 2020 5:28:17 PM net.sf.jsqlparser.test.select.SpecialOracleTest testAllSqlsParseDeparse
INFO:    -> PROBLEM net.sf.jsqlparser.JSQLParserException
Jul 30, 2020 5:28:17 PM net.sf.jsqlparser.test.select.SpecialOracleTest testAllSqlsParseDeparse
INFO: testing connect_by02.sql
Jul 30, 2020 5:28:17 PM net.sf.jsqlparser.test.select.SpecialOracleTest testAllSqlsParseDeparse
INFO:    -> SUCCESS
Jul 30, 2020 5:28:17 PM net.sf.jsqlparser.test.select.SpecialOracleTest testAllSqlsParseDeparse
INFO: testing cast_multiset07.sql
Jul 30, 2020 5:28:17 PM net.sf.jsqlparser.test.select.SpecialOracleTest testAllSqlsParseDeparse
INFO:    -> PROBLEM net.sf.jsqlparser.JSQLParserException
Jul 30, 2020 5:28:17 PM net.sf.jsqlparser.test.select.SpecialOracleTest testAllSqlsParseDeparse
INFO: testing set02.sql
Jul 30, 2020 5:28:17 PM net.sf.jsqlparser.test.select.SpecialOracleTest testAllSqlsParseDeparse
INFO:    -> PROBLEM net.sf.jsqlparser.JSQLParserException
Jul 30, 2020 5:28:17 PM net.sf.jsqlparser.test.select.SpecialOracleTest testAllSqlsParseDeparse
INFO: testing groupby19.sql
Jul 30, 2020 5:28:17 PM net.sf.jsqlparser.test.select.SpecialOracleTest testAllSqlsParseDeparse
INFO:    -> SUCCESS
Jul 30, 2020 5:28:17 PM net.sf.jsqlparser.test.select.SpecialOracleTest testAllSqlsParseDeparse
INFO: testing cast_multiset27.sql
Jul 30, 2020 5:28:17 PM net.sf.jsqlparser.test.select.SpecialOracleTest testAllSqlsParseDeparse
INFO:    -> PROBLEM net.sf.jsqlparser.JSQLParserException
Jul 30, 2020 5:28:17 PM net.sf.jsqlparser.test.select.SpecialOracleTest testAllSqlsParseDeparse
INFO: testing for_update08.sql
Jul 30, 2020 5:28:17 PM net.sf.jsqlparser.test.select.SpecialOracleTest testAllSqlsParseDeparse
INFO:    -> PROBLEM net.sf.jsqlparser.JSQLParserException
Jul 30, 2020 5:28:17 PM net.sf.jsqlparser.test.select.SpecialOracleTest testAllSqlsParseDeparse
INFO: testing order_by01.sql
Jul 30, 2020 5:28:17 PM net.sf.jsqlparser.test.select.SpecialOracleTest testAllSqlsParseDeparse
INFO:    -> SUCCESS
Jul 30, 2020 5:28:17 PM net.sf.jsqlparser.test.select.SpecialOracleTest testAllSqlsParseDeparse
INFO: testing union09.sql
Jul 30, 2020 5:28:17 PM net.sf.jsqlparser.test.select.SpecialOracleTest testAllSqlsParseDeparse
INFO:    -> SUCCESS
Jul 30, 2020 5:28:17 PM net.sf.jsqlparser.test.select.SpecialOracleTest testAllSqlsParseDeparse
INFO: testing join02.sql
Jul 30, 2020 5:28:17 PM net.sf.jsqlparser.test.select.SpecialOracleTest testAllSqlsParseDeparse
INFO:    -> SUCCESS
Jul 30, 2020 5:28:17 PM net.sf.jsqlparser.test.select.SpecialOracleTest testAllSqlsParseDeparse
INFO: testing simple08.sql
Jul 30, 2020 5:28:17 PM net.sf.jsqlparser.test.select.SpecialOracleTest testAllSqlsParseDeparse
INFO:    -> SUCCESS
Jul 30, 2020 5:28:17 PM net.sf.jsqlparser.test.select.SpecialOracleTest testAllSqlsParseDeparse
INFO: testing interval04.sql
Jul 30, 2020 5:28:17 PM net.sf.jsqlparser.test.select.SpecialOracleTest testAllSqlsParseDeparse
INFO:    -> SUCCESS
Jul 30, 2020 5:28:17 PM net.sf.jsqlparser.test.select.SpecialOracleTest testAllSqlsParseDeparse
INFO: testing datetime01.sql
Jul 30, 2020 5:28:17 PM net.sf.jsqlparser.test.select.SpecialOracleTest testAllSqlsParseDeparse
INFO:    -> PROBLEM net.sf.jsqlparser.JSQLParserException
Jul 30, 2020 5:28:17 PM net.sf.jsqlparser.test.select.SpecialOracleTest testAllSqlsParseDeparse
INFO: testing lexer02.sql
Jul 30, 2020 5:28:17 PM net.sf.jsqlparser.test.select.SpecialOracleTest testAllSqlsParseDeparse
INFO:    -> PROBLEM net.sf.jsqlparser.JSQLParserException
Jul 30, 2020 5:28:17 PM net.sf.jsqlparser.test.select.SpecialOracleTest testAllSqlsParseDeparse
INFO: testing insert07.sql
Jul 30, 2020 5:28:17 PM net.sf.jsqlparser.test.select.SpecialOracleTest testAllSqlsParseDeparse
INFO:    -> PROBLEM net.sf.jsqlparser.JSQLParserException
Jul 30, 2020 5:28:17 PM net.sf.jsqlparser.test.select.SpecialOracleTest testAllSqlsParseDeparse
INFO: testing cast_multiset28.sql
Jul 30, 2020 5:28:17 PM net.sf.jsqlparser.test.select.SpecialOracleTest testAllSqlsParseDeparse
INFO:    -> SUCCESS
Jul 30, 2020 5:28:17 PM net.sf.jsqlparser.test.select.SpecialOracleTest testAllSqlsParseDeparse
INFO: testing cast_multiset13.sql
Jul 30, 2020 5:28:17 PM net.sf.jsqlparser.test.select.SpecialOracleTest testAllSqlsParseDeparse
INFO:    -> PROBLEM net.sf.jsqlparser.JSQLParserException
Jul 30, 2020 5:28:17 PM net.sf.jsqlparser.test.select.SpecialOracleTest testAllSqlsParseDeparse
INFO: testing cast_multiset21.sql
Jul 30, 2020 5:28:17 PM net.sf.jsqlparser.test.select.SpecialOracleTest testAllSqlsParseDeparse
INFO:    -> SUCCESS
Jul 30, 2020 5:28:17 PM net.sf.jsqlparser.test.select.SpecialOracleTest testAllSqlsParseDeparse
INFO: testing join17.sql
Jul 30, 2020 5:28:17 PM net.sf.jsqlparser.test.select.SpecialOracleTest testAllSqlsParseDeparse
INFO:    -> PROBLEM net.sf.jsqlparser.JSQLParserException
Jul 30, 2020 5:28:17 PM net.sf.jsqlparser.test.select.SpecialOracleTest testAllSqlsParseDeparse
INFO: testing cast_multiset35.sql
Jul 30, 2020 5:28:17 PM net.sf.jsqlparser.test.select.SpecialOracleTest testAllSqlsParseDeparse
INFO:    -> SUCCESS
Jul 30, 2020 5:28:17 PM net.sf.jsqlparser.test.select.SpecialOracleTest testAllSqlsParseDeparse
INFO: testing datetime03.sql
Jul 30, 2020 5:28:17 PM net.sf.jsqlparser.test.select.SpecialOracleTest testAllSqlsParseDeparse
INFO:    -> PROBLEM net.sf.jsqlparser.JSQLParserException
Jul 30, 2020 5:28:17 PM net.sf.jsqlparser.test.select.SpecialOracleTest testAllSqlsParseDeparse
INFO: testing union10.sql
Jul 30, 2020 5:28:17 PM net.sf.jsqlparser.test.select.SpecialOracleTest testAllSqlsParseDeparse
INFO:    -> SUCCESS
Jul 30, 2020 5:28:17 PM net.sf.jsqlparser.test.select.SpecialOracleTest testAllSqlsParseDeparse
INFO: testing loop02.sql
Jul 30, 2020 5:28:17 PM net.sf.jsqlparser.test.select.SpecialOracleTest testAllSqlsParseDeparse
INFO:    -> PROBLEM net.sf.jsqlparser.JSQLParserException
Jul 30, 2020 5:28:17 PM net.sf.jsqlparser.test.select.SpecialOracleTest testAllSqlsParseDeparse
INFO: testing simple05.sql
Jul 30, 2020 5:28:17 PM net.sf.jsqlparser.test.select.SpecialOracleTest testAllSqlsParseDeparse
INFO:    -> PROBLEM net.sf.jsqlparser.JSQLParserException
Jul 30, 2020 5:28:17 PM net.sf.jsqlparser.test.select.SpecialOracleTest testAllSqlsParseDeparse
INFO: testing cast_multiset14.sql
Jul 30, 2020 5:28:17 PM net.sf.jsqlparser.test.select.SpecialOracleTest testAllSqlsParseDeparse
INFO:    -> PROBLEM net.sf.jsqlparser.JSQLParserException
Jul 30, 2020 5:28:17 PM net.sf.jsqlparser.test.select.SpecialOracleTest testAllSqlsParseDeparse
INFO: testing union08.sql
Jul 30, 2020 5:28:17 PM net.sf.jsqlparser.test.select.SpecialOracleTest testAllSqlsParseDeparse
INFO:    -> SUCCESS
Jul 30, 2020 5:28:17 PM net.sf.jsqlparser.test.select.SpecialOracleTest testAllSqlsParseDeparse
INFO: testing cast_multiset33.sql
Jul 30, 2020 5:28:17 PM net.sf.jsqlparser.test.select.SpecialOracleTest testAllSqlsParseDeparse
INFO:    -> SUCCESS
Jul 30, 2020 5:28:17 PM net.sf.jsqlparser.test.select.SpecialOracleTest testAllSqlsParseDeparse
INFO: testing for_update02.sql
Jul 30, 2020 5:28:17 PM net.sf.jsqlparser.test.select.SpecialOracleTest testAllSqlsParseDeparse
INFO:    -> SUCCESS
Jul 30, 2020 5:28:17 PM net.sf.jsqlparser.test.select.SpecialOracleTest testAllSqlsParseDeparse
INFO: testing condition07.sql
Jul 30, 2020 5:28:17 PM net.sf.jsqlparser.test.select.SpecialOracleTest testAllSqlsParseDeparse
INFO:    -> PROBLEM net.sf.jsqlparser.JSQLParserException
Jul 30, 2020 5:28:17 PM net.sf.jsqlparser.test.select.SpecialOracleTest testAllSqlsParseDeparse
INFO: testing model_clause13.sql
Jul 30, 2020 5:28:17 PM net.sf.jsqlparser.test.select.SpecialOracleTest testAllSqlsParseDeparse
INFO:    -> PROBLEM net.sf.jsqlparser.JSQLParserException
Jul 30, 2020 5:28:17 PM net.sf.jsqlparser.test.select.SpecialOracleTest testAllSqlsParseDeparse
INFO: testing lexer04.sql
Jul 30, 2020 5:28:17 PM net.sf.jsqlparser.test.select.SpecialOracleTest testAllSqlsParseDeparse
INFO:    -> SUCCESS
Jul 30, 2020 5:28:17 PM net.sf.jsqlparser.test.select.SpecialOracleTest testAllSqlsParseDeparse
INFO: testing groupby10.sql
Jul 30, 2020 5:28:17 PM net.sf.jsqlparser.test.select.SpecialOracleTest testAllSqlsParseDeparse
INFO:    -> PROBLEM net.sf.jsqlparser.JSQLParserException
Jul 30, 2020 5:28:17 PM net.sf.jsqlparser.test.select.SpecialOracleTest testAllSqlsParseDeparse
INFO: testing cast_multiset40.sql
Jul 30, 2020 5:28:17 PM net.sf.jsqlparser.test.select.SpecialOracleTest testAllSqlsParseDeparse
INFO:    -> SUCCESS
Jul 30, 2020 5:28:17 PM net.sf.jsqlparser.test.select.SpecialOracleTest testAllSqlsParseDeparse
INFO: testing groupby21.sql
Jul 30, 2020 5:28:17 PM net.sf.jsqlparser.test.select.SpecialOracleTest testAllSqlsParseDeparse
INFO:    -> SUCCESS
Jul 30, 2020 5:28:17 PM net.sf.jsqlparser.test.select.SpecialOracleTest testAllSqlsParseDeparse
INFO: testing join10.sql
Jul 30, 2020 5:28:17 PM net.sf.jsqlparser.test.select.SpecialOracleTest testAllSqlsParseDeparse
INFO:    -> SUCCESS
Jul 30, 2020 5:28:17 PM net.sf.jsqlparser.test.select.SpecialOracleTest testAllSqlsParseDeparse
INFO: testing groupby04.sql
Jul 30, 2020 5:28:17 PM net.sf.jsqlparser.test.select.SpecialOracleTest testAllSqlsParseDeparse
INFO:    -> PROBLEM net.sf.jsqlparser.JSQLParserException
Jul 30, 2020 5:28:17 PM net.sf.jsqlparser.test.select.SpecialOracleTest testAllSqlsParseDeparse
INFO: testing query_factoring08.sql
Jul 30, 2020 5:28:17 PM net.sf.jsqlparser.test.select.SpecialOracleTest testAllSqlsParseDeparse
INFO:    -> SUCCESS
Jul 30, 2020 5:28:17 PM net.sf.jsqlparser.test.select.SpecialOracleTest testAllSqlsParseDeparse
INFO: testing cast_multiset34.sql
Jul 30, 2020 5:28:17 PM net.sf.jsqlparser.test.select.SpecialOracleTest testAllSqlsParseDeparse
INFO:    -> PROBLEM net.sf.jsqlparser.JSQLParserException
Jul 30, 2020 5:28:17 PM net.sf.jsqlparser.test.select.SpecialOracleTest testAllSqlsParseDeparse
INFO: testing cast_multiset19.sql
Jul 30, 2020 5:28:17 PM net.sf.jsqlparser.test.select.SpecialOracleTest testAllSqlsParseDeparse
INFO:    -> PROBLEM net.sf.jsqlparser.JSQLParserException
Jul 30, 2020 5:28:17 PM net.sf.jsqlparser.test.select.SpecialOracleTest testAllSqlsParseDeparse
INFO: testing cast_multiset04.sql
Jul 30, 2020 5:28:17 PM net.sf.jsqlparser.test.select.SpecialOracleTest testAllSqlsParseDeparse
INFO:    -> PROBLEM net.sf.jsqlparser.JSQLParserException
Jul 30, 2020 5:28:17 PM net.sf.jsqlparser.test.select.SpecialOracleTest testAllSqlsParseDeparse
INFO: testing case_when05.sql
Jul 30, 2020 5:28:17 PM net.sf.jsqlparser.test.select.SpecialOracleTest testAllSqlsParseDeparse
INFO:    -> SUCCESS
Jul 30, 2020 5:28:17 PM net.sf.jsqlparser.test.select.SpecialOracleTest testAllSqlsParseDeparse
INFO: testing cast_multiset12.sql
Jul 30, 2020 5:28:17 PM net.sf.jsqlparser.test.select.SpecialOracleTest testAllSqlsParseDeparse
INFO:    -> PROBLEM net.sf.jsqlparser.JSQLParserException
Jul 30, 2020 5:28:17 PM net.sf.jsqlparser.test.select.SpecialOracleTest testAllSqlsParseDeparse
INFO: testing join16.sql
Jul 30, 2020 5:28:17 PM net.sf.jsqlparser.test.select.SpecialOracleTest testAllSqlsParseDeparse
INFO:    -> SUCCESS
Jul 30, 2020 5:28:17 PM net.sf.jsqlparser.test.select.SpecialOracleTest testAllSqlsParseDeparse
INFO: testing union03.sql
Jul 30, 2020 5:28:17 PM net.sf.jsqlparser.test.select.SpecialOracleTest testAllSqlsParseDeparse
INFO:    -> SUCCESS
Jul 30, 2020 5:28:17 PM net.sf.jsqlparser.test.select.SpecialOracleTest testAllSqlsParseDeparse
INFO: testing merge01.sql
Jul 30, 2020 5:28:17 PM net.sf.jsqlparser.test.select.SpecialOracleTest testAllSqlsParseDeparse
INFO:    -> PROBLEM net.sf.jsqlparser.JSQLParserException
Jul 30, 2020 5:28:17 PM net.sf.jsqlparser.test.select.SpecialOracleTest testAllSqlsParseDeparse
INFO: testing union04.sql
Jul 30, 2020 5:28:17 PM net.sf.jsqlparser.test.select.SpecialOracleTest testAllSqlsParseDeparse
INFO:    -> PROBLEM net.sf.jsqlparser.JSQLParserException
Jul 30, 2020 5:28:17 PM net.sf.jsqlparser.test.select.SpecialOracleTest testAllSqlsParseDeparse
INFO: testing join01.sql
Jul 30, 2020 5:28:17 PM net.sf.jsqlparser.test.select.SpecialOracleTest testAllSqlsParseDeparse
INFO:    -> SUCCESS
Jul 30, 2020 5:28:17 PM net.sf.jsqlparser.test.select.SpecialOracleTest testAllSqlsParseDeparse
INFO: testing keywordasidentifier01.sql
Jul 30, 2020 5:28:17 PM net.sf.jsqlparser.test.select.SpecialOracleTest testAllSqlsParseDeparse
INFO:    -> SUCCESS
Jul 30, 2020 5:28:17 PM net.sf.jsqlparser.test.select.SpecialOracleTest testAllSqlsParseDeparse
INFO: testing simple02.sql
Jul 30, 2020 5:28:17 PM net.sf.jsqlparser.test.select.SpecialOracleTest testAllSqlsParseDeparse
INFO:    -> SUCCESS
Jul 30, 2020 5:28:17 PM net.sf.jsqlparser.test.select.SpecialOracleTest testAllSqlsParseDeparse
INFO: testing function03.sql
Jul 30, 2020 5:28:17 PM net.sf.jsqlparser.test.select.SpecialOracleTest testAllSqlsParseDeparse
INFO:    -> PROBLEM net.sf.jsqlparser.JSQLParserException
Jul 30, 2020 5:28:17 PM net.sf.jsqlparser.test.select.SpecialOracleTest testAllSqlsParseDeparse
INFO: testing condition06.sql
Jul 30, 2020 5:28:17 PM net.sf.jsqlparser.test.select.SpecialOracleTest testAllSqlsParseDeparse
INFO:    -> PROBLEM net.sf.jsqlparser.JSQLParserException
Jul 30, 2020 5:28:17 PM net.sf.jsqlparser.test.select.SpecialOracleTest testAllSqlsParseDeparse
INFO: testing condition20.sql
Jul 30, 2020 5:28:17 PM net.sf.jsqlparser.test.select.SpecialOracleTest testAllSqlsParseDeparse
INFO:    -> SUCCESS
Jul 30, 2020 5:28:17 PM net.sf.jsqlparser.test.select.SpecialOracleTest testAllSqlsParseDeparse
INFO: testing model_clause14.sql
Jul 30, 2020 5:28:17 PM net.sf.jsqlparser.test.select.SpecialOracleTest testAllSqlsParseDeparse
INFO:    -> PROBLEM net.sf.jsqlparser.JSQLParserException
Jul 30, 2020 5:28:17 PM net.sf.jsqlparser.test.select.SpecialOracleTest testAllSqlsParseDeparse
INFO: testing cast_multiset01.sql
Jul 30, 2020 5:28:17 PM net.sf.jsqlparser.test.select.SpecialOracleTest testAllSqlsParseDeparse
INFO:    -> PROBLEM net.sf.jsqlparser.JSQLParserException
Jul 30, 2020 5:28:17 PM net.sf.jsqlparser.test.select.SpecialOracleTest testAllSqlsParseDeparse
INFO: testing cast_multiset18.sql
Jul 30, 2020 5:28:17 PM net.sf.jsqlparser.test.select.SpecialOracleTest testAllSqlsParseDeparse
INFO:    -> PROBLEM net.sf.jsqlparser.JSQLParserException
Jul 30, 2020 5:28:17 PM net.sf.jsqlparser.test.select.SpecialOracleTest testAllSqlsParseDeparse
INFO: testing model_clause09.sql
Jul 30, 2020 5:28:17 PM net.sf.jsqlparser.test.select.SpecialOracleTest testAllSqlsParseDeparse
INFO:    -> PROBLEM net.sf.jsqlparser.JSQLParserException
Jul 30, 2020 5:28:17 PM net.sf.jsqlparser.test.select.SpecialOracleTest testAllSqlsParseDeparse
INFO: testing groupby02.sql
Jul 30, 2020 5:28:17 PM net.sf.jsqlparser.test.select.SpecialOracleTest testAllSqlsParseDeparse
INFO:    -> PROBLEM net.sf.jsqlparser.JSQLParserException
Jul 30, 2020 5:28:17 PM net.sf.jsqlparser.test.select.SpecialOracleTest testAllSqlsParseDeparse
INFO: testing columns01.sql
Jul 30, 2020 5:28:17 PM net.sf.jsqlparser.test.select.SpecialOracleTest testAllSqlsParseDeparse
INFO:    -> SUCCESS
Jul 30, 2020 5:28:17 PM net.sf.jsqlparser.test.select.SpecialOracleTest testAllSqlsParseDeparse
INFO: testing insert03.sql
Jul 30, 2020 5:28:17 PM net.sf.jsqlparser.test.select.SpecialOracleTest testAllSqlsParseDeparse
INFO:    -> PROBLEM net.sf.jsqlparser.JSQLParserException
Jul 30, 2020 5:28:17 PM net.sf.jsqlparser.test.select.SpecialOracleTest testAllSqlsParseDeparse
INFO: testing bindvar01.sql
Jul 30, 2020 5:28:17 PM net.sf.jsqlparser.test.select.SpecialOracleTest testAllSqlsParseDeparse
INFO:    -> SUCCESS
Jul 30, 2020 5:28:17 PM net.sf.jsqlparser.test.select.SpecialOracleTest testAllSqlsParseDeparse
INFO: testing function01.sql
Jul 30, 2020 5:28:17 PM net.sf.jsqlparser.test.select.SpecialOracleTest testAllSqlsParseDeparse
INFO:    -> SUCCESS
Jul 30, 2020 5:28:17 PM net.sf.jsqlparser.test.select.SpecialOracleTest testAllSqlsParseDeparse
INFO: testing cast_multiset02.sql
Jul 30, 2020 5:28:17 PM net.sf.jsqlparser.test.select.SpecialOracleTest testAllSqlsParseDeparse
INFO:    -> PROBLEM net.sf.jsqlparser.JSQLParserException
Jul 30, 2020 5:28:17 PM net.sf.jsqlparser.test.select.SpecialOracleTest testAllSqlsParseDeparse
INFO: testing case_when02.sql
Jul 30, 2020 5:28:17 PM net.sf.jsqlparser.test.select.SpecialOracleTest testAllSqlsParseDeparse
INFO:    -> PROBLEM net.sf.jsqlparser.JSQLParserException
Jul 30, 2020 5:28:17 PM net.sf.jsqlparser.test.select.SpecialOracleTest testAllSqlsParseDeparse
INFO: testing analytic_query08.sql
Jul 30, 2020 5:28:17 PM net.sf.jsqlparser.test.select.SpecialOracleTest testAllSqlsParseDeparse
INFO:    -> SUCCESS
Jul 30, 2020 5:28:17 PM net.sf.jsqlparser.test.select.SpecialOracleTest testAllSqlsParseDeparse
INFO: testing case_when04.sql
Jul 30, 2020 5:28:17 PM net.sf.jsqlparser.test.select.SpecialOracleTest testAllSqlsParseDeparse
INFO:    -> SUCCESS
Jul 30, 2020 5:28:17 PM net.sf.jsqlparser.test.select.SpecialOracleTest testAllSqlsParseDeparse
INFO: testing cast_multiset09.sql
Jul 30, 2020 5:28:17 PM net.sf.jsqlparser.test.select.SpecialOracleTest testAllSqlsParseDeparse
INFO:    -> PROBLEM net.sf.jsqlparser.JSQLParserException
Jul 30, 2020 5:28:17 PM net.sf.jsqlparser.test.select.SpecialOracleTest testAllSqlsParseDeparse
INFO: testing condition12.sql
Jul 30, 2020 5:28:17 PM net.sf.jsqlparser.test.select.SpecialOracleTest testAllSqlsParseDeparse
INFO:    -> SUCCESS
Jul 30, 2020 5:28:17 PM net.sf.jsqlparser.test.select.SpecialOracleTest testAllSqlsParseDeparse
INFO: testing simple06.sql
Jul 30, 2020 5:28:17 PM net.sf.jsqlparser.test.select.SpecialOracleTest testAllSqlsParseDeparse
INFO:    -> SUCCESS
Jul 30, 2020 5:28:17 PM net.sf.jsqlparser.test.select.SpecialOracleTest testAllSqlsParseDeparse
INFO: testing groupby08.sql
Jul 30, 2020 5:28:17 PM net.sf.jsqlparser.test.select.SpecialOracleTest testAllSqlsParseDeparse
INFO:    -> SUCCESS
Jul 30, 2020 5:28:17 PM net.sf.jsqlparser.test.select.SpecialOracleTest testAllSqlsParseDeparse
INFO: testing condition09.sql
Jul 30, 2020 5:28:17 PM net.sf.jsqlparser.test.select.SpecialOracleTest testAllSqlsParseDeparse
INFO:    -> SUCCESS
Jul 30, 2020 5:28:17 PM net.sf.jsqlparser.test.select.SpecialOracleTest testAllSqlsParseDeparse
INFO: testing simple03.sql
Jul 30, 2020 5:28:17 PM net.sf.jsqlparser.test.select.SpecialOracleTest testAllSqlsParseDeparse
INFO:    -> SUCCESS
Jul 30, 2020 5:28:17 PM net.sf.jsqlparser.test.select.SpecialOracleTest testAllSqlsParseDeparse
INFO: testing for_update04.sql
Jul 30, 2020 5:28:17 PM net.sf.jsqlparser.test.select.SpecialOracleTest testAllSqlsParseDeparse
INFO:    -> PROBLEM net.sf.jsqlparser.JSQLParserException
Jul 30, 2020 5:28:17 PM net.sf.jsqlparser.test.select.SpecialOracleTest testAllSqlsParseDeparse
INFO: testing datetime02.sql
Jul 30, 2020 5:28:17 PM net.sf.jsqlparser.test.select.SpecialOracleTest testAllSqlsParseDeparse
INFO:    -> SUCCESS
Jul 30, 2020 5:28:17 PM net.sf.jsqlparser.test.select.SpecialOracleTest testAllSqlsParseDeparse
INFO: testing cast_multiset08.sql
Jul 30, 2020 5:28:17 PM net.sf.jsqlparser.test.select.SpecialOracleTest testAllSqlsParseDeparse
INFO:    -> PROBLEM net.sf.jsqlparser.JSQLParserException
Jul 30, 2020 5:28:17 PM net.sf.jsqlparser.test.select.SpecialOracleTest testAllSqlsParseDeparse
INFO: testing model_clause11.sql
Jul 30, 2020 5:28:17 PM net.sf.jsqlparser.test.select.SpecialOracleTest testAllSqlsParseDeparse
INFO:    -> PROBLEM net.sf.jsqlparser.JSQLParserException
Jul 30, 2020 5:28:17 PM net.sf.jsqlparser.test.select.SpecialOracleTest testAllSqlsParseDeparse
INFO: testing datetime06.sql
Jul 30, 2020 5:28:17 PM net.sf.jsqlparser.test.select.SpecialOracleTest testAllSqlsParseDeparse
INFO:    -> PROBLEM net.sf.jsqlparser.JSQLParserException
Jul 30, 2020 5:28:17 PM net.sf.jsqlparser.test.select.SpecialOracleTest testAllSqlsParseDeparse
INFO: testing analytic_query05.sql
Jul 30, 2020 5:28:17 PM net.sf.jsqlparser.test.select.SpecialOracleTest testAllSqlsParseDeparse
INFO:    -> PROBLEM net.sf.jsqlparser.JSQLParserException
Jul 30, 2020 5:28:17 PM net.sf.jsqlparser.test.select.SpecialOracleTest testAllSqlsParseDeparse
INFO: testing keywordasidentifier02.sql
Jul 30, 2020 5:28:17 PM net.sf.jsqlparser.test.select.SpecialOracleTest testAllSqlsParseDeparse
INFO:    -> SUCCESS
Jul 30, 2020 5:28:17 PM net.sf.jsqlparser.test.select.SpecialOracleTest testAllSqlsParseDeparse
INFO: testing simple11.sql
Jul 30, 2020 5:28:17 PM net.sf.jsqlparser.test.select.SpecialOracleTest testAllSqlsParseDeparse
INFO:    -> SUCCESS
Jul 30, 2020 5:28:17 PM net.sf.jsqlparser.test.select.SpecialOracleTest testAllSqlsParseDeparse
INFO: testing condition08.sql
Jul 30, 2020 5:28:17 PM net.sf.jsqlparser.test.select.SpecialOracleTest testAllSqlsParseDeparse
INFO:    -> PROBLEM net.sf.jsqlparser.JSQLParserException
Jul 30, 2020 5:28:17 PM net.sf.jsqlparser.test.select.SpecialOracleTest testAllSqlsParseDeparse
INFO: testing pivot02.sql
Jul 30, 2020 5:28:17 PM net.sf.jsqlparser.test.select.SpecialOracleTest testAllSqlsParseDeparse
INFO:    -> SUCCESS
Jul 30, 2020 5:28:17 PM net.sf.jsqlparser.test.select.SpecialOracleTest testAllSqlsParseDeparse
INFO: testing cast_multiset37.sql
Jul 30, 2020 5:28:17 PM net.sf.jsqlparser.test.select.SpecialOracleTest testAllSqlsParseDeparse
INFO:    -> PROBLEM net.sf.jsqlparser.JSQLParserException
Jul 30, 2020 5:28:17 PM net.sf.jsqlparser.test.select.SpecialOracleTest testAllSqlsParseDeparse
INFO: testing join03.sql
Jul 30, 2020 5:28:17 PM net.sf.jsqlparser.test.select.SpecialOracleTest testAllSqlsParseDeparse
INFO:    -> SUCCESS
Jul 30, 2020 5:28:17 PM net.sf.jsqlparser.test.select.SpecialOracleTest testAllSqlsParseDeparse
INFO: testing interval01.sql
Jul 30, 2020 5:28:17 PM net.sf.jsqlparser.test.select.SpecialOracleTest testAllSqlsParseDeparse
INFO:    -> PROBLEM net.sf.jsqlparser.JSQLParserException
Jul 30, 2020 5:28:17 PM net.sf.jsqlparser.test.select.SpecialOracleTest testAllSqlsParseDeparse
INFO: testing function06.sql
Jul 30, 2020 5:28:17 PM net.sf.jsqlparser.test.select.SpecialOracleTest testAllSqlsParseDeparse
INFO:    -> PROBLEM net.sf.jsqlparser.JSQLParserException
Jul 30, 2020 5:28:17 PM net.sf.jsqlparser.test.select.SpecialOracleTest testAllSqlsParseDeparse
INFO: testing cast_multiset26.sql
Jul 30, 2020 5:28:17 PM net.sf.jsqlparser.test.select.SpecialOracleTest testAllSqlsParseDeparse
INFO:    -> PROBLEM net.sf.jsqlparser.JSQLParserException
Jul 30, 2020 5:28:17 PM net.sf.jsqlparser.test.select.SpecialOracleTest testAllSqlsParseDeparse
INFO: testing groupby23.sql
Jul 30, 2020 5:28:17 PM net.sf.jsqlparser.test.select.SpecialOracleTest testAllSqlsParseDeparse
INFO:    -> SUCCESS
Jul 30, 2020 5:28:17 PM net.sf.jsqlparser.test.select.SpecialOracleTest testAllSqlsParseDeparse
INFO: testing cast_multiset31.sql
Jul 30, 2020 5:28:17 PM net.sf.jsqlparser.test.select.SpecialOracleTest testAllSqlsParseDeparse
INFO:    -> PROBLEM net.sf.jsqlparser.JSQLParserException
Jul 30, 2020 5:28:17 PM net.sf.jsqlparser.test.select.SpecialOracleTest testAllSqlsParseDeparse
INFO: testing interval03.sql
Jul 30, 2020 5:28:17 PM net.sf.jsqlparser.test.select.SpecialOracleTest testAllSqlsParseDeparse
INFO:    -> PROBLEM net.sf.jsqlparser.JSQLParserException
Jul 30, 2020 5:28:17 PM net.sf.jsqlparser.test.select.SpecialOracleTest testAllSqlsParseDeparse
INFO: testing simple12.sql
Jul 30, 2020 5:28:17 PM net.sf.jsqlparser.test.select.SpecialOracleTest testAllSqlsParseDeparse
INFO:    -> SUCCESS
Jul 30, 2020 5:28:17 PM net.sf.jsqlparser.test.select.SpecialOracleTest testAllSqlsParseDeparse
INFO: testing join13.sql
Jul 30, 2020 5:28:17 PM net.sf.jsqlparser.test.select.SpecialOracleTest testAllSqlsParseDeparse
INFO:    -> PROBLEM net.sf.jsqlparser.JSQLParserException
Jul 30, 2020 5:28:17 PM net.sf.jsqlparser.test.select.SpecialOracleTest testAllSqlsParseDeparse
INFO: testing condition19.sql
Jul 30, 2020 5:28:17 PM net.sf.jsqlparser.test.select.SpecialOracleTest testAllSqlsParseDeparse
INFO:    -> PROBLEM net.sf.jsqlparser.JSQLParserException
Jul 30, 2020 5:28:17 PM net.sf.jsqlparser.test.select.SpecialOracleTest testAllSqlsParseDeparse
INFO: testing connect_by05.sql
Jul 30, 2020 5:28:17 PM net.sf.jsqlparser.test.select.SpecialOracleTest testAllSqlsParseDeparse
INFO:    -> SUCCESS
Jul 30, 2020 5:28:17 PM net.sf.jsqlparser.test.select.SpecialOracleTest testAllSqlsParseDeparse
INFO: testing query_factoring03.sql
Jul 30, 2020 5:28:17 PM net.sf.jsqlparser.test.select.SpecialOracleTest testAllSqlsParseDeparse
INFO:    -> SUCCESS
Jul 30, 2020 5:28:17 PM net.sf.jsqlparser.test.select.SpecialOracleTest testAllSqlsParseDeparse
INFO: testing groupby15.sql
Jul 30, 2020 5:28:17 PM net.sf.jsqlparser.test.select.SpecialOracleTest testAllSqlsParseDeparse
INFO:    -> PROBLEM net.sf.jsqlparser.JSQLParserException
Jul 30, 2020 5:28:17 PM net.sf.jsqlparser.test.select.SpecialOracleTest testAllSqlsParseDeparse
INFO: testing object_access01.sql
Jul 30, 2020 5:28:17 PM net.sf.jsqlparser.test.select.SpecialOracleTest testAllSqlsParseDeparse
INFO:    -> PROBLEM net.sf.jsqlparser.JSQLParserException
Jul 30, 2020 5:28:17 PM net.sf.jsqlparser.test.select.SpecialOracleTest testAllSqlsParseDeparse
INFO: testing cast_multiset17.sql
Jul 30, 2020 5:28:17 PM net.sf.jsqlparser.test.select.SpecialOracleTest testAllSqlsParseDeparse
INFO:    -> SUCCESS
Jul 30, 2020 5:28:17 PM net.sf.jsqlparser.test.select.SpecialOracleTest testAllSqlsParseDeparse
INFO: testing flashback01.sql
Jul 30, 2020 5:28:17 PM net.sf.jsqlparser.test.select.SpecialOracleTest testAllSqlsParseDeparse
INFO:    -> PROBLEM net.sf.jsqlparser.JSQLParserException
Jul 30, 2020 5:28:17 PM net.sf.jsqlparser.test.select.SpecialOracleTest testAllSqlsParseDeparse
INFO: testing analytic_query04.sql
Jul 30, 2020 5:28:17 PM net.sf.jsqlparser.test.select.SpecialOracleTest testAllSqlsParseDeparse
INFO:    -> PROBLEM net.sf.jsqlparser.JSQLParserException
Jul 30, 2020 5:28:17 PM net.sf.jsqlparser.test.select.SpecialOracleTest testAllSqlsParseDeparse
INFO: testing dblink01.sql
Jul 30, 2020 5:28:17 PM net.sf.jsqlparser.test.select.SpecialOracleTest testAllSqlsParseDeparse
INFO:    -> SUCCESS
Jul 30, 2020 5:28:17 PM net.sf.jsqlparser.test.select.SpecialOracleTest testAllSqlsParseDeparse
INFO: testing string01.sql
Jul 30, 2020 5:28:17 PM net.sf.jsqlparser.test.select.SpecialOracleTest testAllSqlsParseDeparse
INFO:    -> PROBLEM net.sf.jsqlparser.JSQLParserException
Jul 30, 2020 5:28:17 PM net.sf.jsqlparser.test.select.SpecialOracleTest testAllSqlsParseDeparse
INFO: testing pivot05.sql
Jul 30, 2020 5:28:17 PM net.sf.jsqlparser.test.select.SpecialOracleTest testAllSqlsParseDeparse
INFO:    -> SUCCESS
Jul 30, 2020 5:28:17 PM net.sf.jsqlparser.test.select.SpecialOracleTest testAllSqlsParseDeparse
INFO: testing cast_multiset41.sql
Jul 30, 2020 5:28:17 PM net.sf.jsqlparser.test.select.SpecialOracleTest testAllSqlsParseDeparse
INFO:    -> PROBLEM net.sf.jsqlparser.JSQLParserException
Jul 30, 2020 5:28:17 PM net.sf.jsqlparser.test.select.SpecialOracleTest testAllSqlsParseDeparse
INFO: testing cast_multiset15.sql
Jul 30, 2020 5:28:17 PM net.sf.jsqlparser.test.select.SpecialOracleTest testAllSqlsParseDeparse
INFO:    -> PROBLEM net.sf.jsqlparser.JSQLParserException
Jul 30, 2020 5:28:17 PM net.sf.jsqlparser.test.select.SpecialOracleTest testAllSqlsParseDeparse
INFO: testing bindvar02.sql
Jul 30, 2020 5:28:17 PM net.sf.jsqlparser.test.select.SpecialOracleTest testAllSqlsParseDeparse
INFO:    -> SUCCESS
Jul 30, 2020 5:28:17 PM net.sf.jsqlparser.test.select.SpecialOracleTest testAllSqlsParseDeparse
INFO: testing analytic_query09.sql
Jul 30, 2020 5:28:17 PM net.sf.jsqlparser.test.select.SpecialOracleTest testAllSqlsParseDeparse
INFO:    -> PROBLEM net.sf.jsqlparser.JSQLParserException
Jul 30, 2020 5:28:17 PM net.sf.jsqlparser.test.select.SpecialOracleTest testAllSqlsParseDeparse
INFO: testing condition18.sql
Jul 30, 2020 5:28:17 PM net.sf.jsqlparser.test.select.SpecialOracleTest testAllSqlsParseDeparse
INFO:    -> PROBLEM net.sf.jsqlparser.JSQLParserException
Jul 30, 2020 5:28:17 PM net.sf.jsqlparser.test.select.SpecialOracleTest testAllSqlsParseDeparse
INFO: testing numbers01.sql
Jul 30, 2020 5:28:17 PM net.sf.jsqlparser.test.select.SpecialOracleTest testAllSqlsParseDeparse
INFO:    -> PROBLEM net.sf.jsqlparser.JSQLParserException
Jul 30, 2020 5:28:17 PM net.sf.jsqlparser.test.select.SpecialOracleTest testAllSqlsParseDeparse
INFO: testing join21.sql
Jul 30, 2020 5:28:17 PM net.sf.jsqlparser.test.select.SpecialOracleTest testAllSqlsParseDeparse
INFO:    -> SUCCESS
Jul 30, 2020 5:28:17 PM net.sf.jsqlparser.test.select.SpecialOracleTest testAllSqlsParseDeparse
INFO: testing connect_by04.sql
Jul 30, 2020 5:28:17 PM net.sf.jsqlparser.test.select.SpecialOracleTest testAllSqlsParseDeparse
INFO:    -> SUCCESS
Jul 30, 2020 5:28:17 PM net.sf.jsqlparser.test.select.SpecialOracleTest testAllSqlsParseDeparse
INFO: testing union01.sql
Jul 30, 2020 5:28:17 PM net.sf.jsqlparser.test.select.SpecialOracleTest testAllSqlsParseDeparse
INFO:    -> SUCCESS
Jul 30, 2020 5:28:17 PM net.sf.jsqlparser.test.select.SpecialOracleTest testAllSqlsParseDeparse
INFO: testing query_factoring01.sql
Jul 30, 2020 5:28:17 PM net.sf.jsqlparser.test.select.SpecialOracleTest testAllSqlsParseDeparse
INFO:    -> SUCCESS
Jul 30, 2020 5:28:17 PM net.sf.jsqlparser.test.select.SpecialOracleTest testAllSqlsParseDeparse
INFO: testing join18.sql
Jul 30, 2020 5:28:17 PM net.sf.jsqlparser.test.select.SpecialOracleTest testAllSqlsParseDeparse
INFO:    -> SUCCESS
Jul 30, 2020 5:28:17 PM net.sf.jsqlparser.test.select.SpecialOracleTest testAllSqlsParseDeparse
INFO: testing cast_multiset23.sql
Jul 30, 2020 5:28:17 PM net.sf.jsqlparser.test.select.SpecialOracleTest testAllSqlsParseDeparse
INFO:    -> SUCCESS
Jul 30, 2020 5:28:17 PM net.sf.jsqlparser.test.select.SpecialOracleTest testAllSqlsParseDeparse
INFO: testing lexer03.sql
Jul 30, 2020 5:28:17 PM net.sf.jsqlparser.test.select.SpecialOracleTest testAllSqlsParseDeparse
INFO:    -> SUCCESS
Jul 30, 2020 5:28:17 PM net.sf.jsqlparser.test.select.SpecialOracleTest testAllSqlsParseDeparse
INFO: testing xmltable02.sql
Jul 30, 2020 5:28:17 PM net.sf.jsqlparser.test.select.SpecialOracleTest testAllSqlsParseDeparse
INFO:    -> PROBLEM net.sf.jsqlparser.JSQLParserException
Jul 30, 2020 5:28:17 PM net.sf.jsqlparser.test.select.SpecialOracleTest testAllSqlsParseDeparse
INFO: testing cast_multiset20.sql
Jul 30, 2020 5:28:17 PM net.sf.jsqlparser.test.select.SpecialOracleTest testAllSqlsParseDeparse
INFO:    -> SUCCESS
Jul 30, 2020 5:28:17 PM net.sf.jsqlparser.test.select.SpecialOracleTest testAllSqlsParseDeparse
INFO: testing condition16.sql
Jul 30, 2020 5:28:17 PM net.sf.jsqlparser.test.select.SpecialOracleTest testAllSqlsParseDeparse
INFO:    -> PROBLEM net.sf.jsqlparser.JSQLParserException
Jul 30, 2020 5:28:17 PM net.sf.jsqlparser.test.select.SpecialOracleTest testAllSqlsParseDeparse
INFO: testing connect_by07.sql
Jul 30, 2020 5:28:17 PM net.sf.jsqlparser.test.select.SpecialOracleTest testAllSqlsParseDeparse
INFO:    -> SUCCESS
Jul 30, 2020 5:28:17 PM net.sf.jsqlparser.test.select.SpecialOracleTest testAllSqlsParseDeparse
INFO: testing cast_multiset43.sql
Jul 30, 2020 5:28:17 PM net.sf.jsqlparser.test.select.SpecialOracleTest testAllSqlsParseDeparse
INFO:    -> SUCCESS
Jul 30, 2020 5:28:17 PM net.sf.jsqlparser.test.select.SpecialOracleTest testAllSqlsParseDeparse
INFO: testing pivot04.sql
Jul 30, 2020 5:28:17 PM net.sf.jsqlparser.test.select.SpecialOracleTest testAllSqlsParseDeparse
INFO:    -> PROBLEM net.sf.jsqlparser.JSQLParserException
Jul 30, 2020 5:28:17 PM net.sf.jsqlparser.test.select.SpecialOracleTest testAllSqlsParseDeparse
INFO: testing cast_multiset16.sql
Jul 30, 2020 5:28:17 PM net.sf.jsqlparser.test.select.SpecialOracleTest testAllSqlsParseDeparse
INFO:    -> SUCCESS
Jul 30, 2020 5:28:17 PM net.sf.jsqlparser.test.select.SpecialOracleTest testAllSqlsParseDeparse
INFO: testing join07.sql
Jul 30, 2020 5:28:17 PM net.sf.jsqlparser.test.select.SpecialOracleTest testAllSqlsParseDeparse
INFO:    -> SUCCESS
Jul 30, 2020 5:28:17 PM net.sf.jsqlparser.test.select.SpecialOracleTest testAllSqlsParseDeparse
INFO: testing groupby05.sql
Jul 30, 2020 5:28:17 PM net.sf.jsqlparser.test.select.SpecialOracleTest testAllSqlsParseDeparse
INFO:    -> PROBLEM net.sf.jsqlparser.JSQLParserException
Jul 30, 2020 5:28:17 PM net.sf.jsqlparser.test.select.SpecialOracleTest testAllSqlsParseDeparse
INFO: testing groupby11.sql
Jul 30, 2020 5:28:17 PM net.sf.jsqlparser.test.select.SpecialOracleTest testAllSqlsParseDeparse
INFO:    -> PROBLEM net.sf.jsqlparser.JSQLParserException
Jul 30, 2020 5:28:17 PM net.sf.jsqlparser.test.select.SpecialOracleTest testAllSqlsParseDeparse
INFO: testing pivot08.sql
Jul 30, 2020 5:28:17 PM net.sf.jsqlparser.test.select.SpecialOracleTest testAllSqlsParseDeparse
INFO:    -> SUCCESS
Jul 30, 2020 5:28:17 PM net.sf.jsqlparser.test.select.SpecialOracleTest testAllSqlsParseDeparse
INFO: testing groupby06.sql
Jul 30, 2020 5:28:17 PM net.sf.jsqlparser.test.select.SpecialOracleTest testAllSqlsParseDeparse
INFO:    -> PROBLEM net.sf.jsqlparser.JSQLParserException
Jul 30, 2020 5:28:17 PM net.sf.jsqlparser.test.select.SpecialOracleTest testAllSqlsParseDeparse
INFO: testing model_clause04.sql
Jul 30, 2020 5:28:17 PM net.sf.jsqlparser.test.select.SpecialOracleTest testAllSqlsParseDeparse
INFO:    -> PROBLEM net.sf.jsqlparser.JSQLParserException
Jul 30, 2020 5:28:17 PM net.sf.jsqlparser.test.select.SpecialOracleTest testAllSqlsParseDeparse
INFO: testing datetime04.sql
Jul 30, 2020 5:28:17 PM net.sf.jsqlparser.test.select.SpecialOracleTest testAllSqlsParseDeparse
INFO:    -> PROBLEM net.sf.jsqlparser.JSQLParserException
Jul 30, 2020 5:28:17 PM net.sf.jsqlparser.test.select.SpecialOracleTest testAllSqlsParseDeparse
INFO: testing analytic_query03.sql
Jul 30, 2020 5:28:17 PM net.sf.jsqlparser.test.select.SpecialOracleTest testAllSqlsParseDeparse
INFO:    -> PROBLEM net.sf.jsqlparser.JSQLParserException
Jul 30, 2020 5:28:17 PM net.sf.jsqlparser.test.select.SpecialOracleTest testAllSqlsParseDeparse
INFO: testing aggregate01.sql
Jul 30, 2020 5:28:17 PM net.sf.jsqlparser.test.select.SpecialOracleTest testAllSqlsParseDeparse
INFO:    -> SUCCESS
Jul 30, 2020 5:28:17 PM net.sf.jsqlparser.test.select.SpecialOracleTest testAllSqlsParseDeparse
INFO: testing insert09.sql
Jul 30, 2020 5:28:17 PM net.sf.jsqlparser.test.select.SpecialOracleTest testAllSqlsParseDeparse
INFO:    -> PROBLEM net.sf.jsqlparser.JSQLParserException
Jul 30, 2020 5:28:17 PM net.sf.jsqlparser.test.select.SpecialOracleTest testAllSqlsParseDeparse
INFO: testing order_by05.sql
Jul 30, 2020 5:28:17 PM net.sf.jsqlparser.test.select.SpecialOracleTest testAllSqlsParseDeparse
INFO:    -> SUCCESS
Jul 30, 2020 5:28:17 PM net.sf.jsqlparser.test.select.SpecialOracleTest testAllSqlsParseDeparse
INFO: testing insert05.sql
Jul 30, 2020 5:28:17 PM net.sf.jsqlparser.test.select.SpecialOracleTest testAllSqlsParseDeparse
INFO:    -> PROBLEM net.sf.jsqlparser.JSQLParserException
Jul 30, 2020 5:28:17 PM net.sf.jsqlparser.test.select.SpecialOracleTest testAllSqlsParseDeparse
INFO: testing join12.sql
Jul 30, 2020 5:28:17 PM net.sf.jsqlparser.test.select.SpecialOracleTest testAllSqlsParseDeparse
INFO:    -> SUCCESS
Jul 30, 2020 5:28:17 PM net.sf.jsqlparser.test.select.SpecialOracleTest testAllSqlsParseDeparse
INFO: testing merge03.sql
Jul 30, 2020 5:28:17 PM net.sf.jsqlparser.test.select.SpecialOracleTest testAllSqlsParseDeparse
INFO:    -> PROBLEM net.sf.jsqlparser.JSQLParserException
Jul 30, 2020 5:28:17 PM net.sf.jsqlparser.test.select.SpecialOracleTest testAllSqlsParseDeparse
INFO: testing pivot11.sql
Jul 30, 2020 5:28:17 PM net.sf.jsqlparser.test.select.SpecialOracleTest testAllSqlsParseDeparse
INFO:    -> SUCCESS
Jul 30, 2020 5:28:17 PM net.sf.jsqlparser.test.select.SpecialOracleTest testAllSqlsParseDeparse
INFO: testing condition10.sql
Jul 30, 2020 5:28:17 PM net.sf.jsqlparser.test.select.SpecialOracleTest testAllSqlsParseDeparse
INFO:    -> SUCCESS
Jul 30, 2020 5:28:17 PM net.sf.jsqlparser.test.select.SpecialOracleTest testAllSqlsParseDeparse
INFO: testing analytic_query06.sql
Jul 30, 2020 5:28:17 PM net.sf.jsqlparser.test.select.SpecialOracleTest testAllSqlsParseDeparse
INFO:    -> PROBLEM net.sf.jsqlparser.JSQLParserException
Jul 30, 2020 5:28:17 PM net.sf.jsqlparser.test.select.SpecialOracleTest testAllSqlsParseDeparse
INFO: testing pivot09.sql
Jul 30, 2020 5:28:17 PM net.sf.jsqlparser.test.select.SpecialOracleTest testAllSqlsParseDeparse
INFO:    -> SUCCESS
Jul 30, 2020 5:28:17 PM net.sf.jsqlparser.test.select.SpecialOracleTest testAllSqlsParseDeparse
INFO: testing model_clause15.sql
Jul 30, 2020 5:28:17 PM net.sf.jsqlparser.test.select.SpecialOracleTest testAllSqlsParseDeparse
INFO:    -> PROBLEM net.sf.jsqlparser.JSQLParserException
Jul 30, 2020 5:28:17 PM net.sf.jsqlparser.test.select.SpecialOracleTest testAllSqlsParseDeparse
INFO: testing analytic_query10.sql
Jul 30, 2020 5:28:17 PM net.sf.jsqlparser.test.select.SpecialOracleTest testAllSqlsParseDeparse
INFO:    -> SUCCESS
Jul 30, 2020 5:28:17 PM net.sf.jsqlparser.test.select.SpecialOracleTest testAllSqlsParseDeparse
INFO: testing pivot12.sql
Jul 30, 2020 5:28:17 PM net.sf.jsqlparser.test.select.SpecialOracleTest testAllSqlsParseDeparse
INFO:    -> PROBLEM net.sf.jsqlparser.JSQLParserException
Jul 30, 2020 5:28:17 PM net.sf.jsqlparser.test.select.SpecialOracleTest testAllSqlsParseDeparse
INFO: testing bindvar04.sql
Jul 30, 2020 5:28:17 PM net.sf.jsqlparser.test.select.SpecialOracleTest testAllSqlsParseDeparse
INFO:    -> PROBLEM net.sf.jsqlparser.JSQLParserException
Jul 30, 2020 5:28:17 PM net.sf.jsqlparser.test.select.SpecialOracleTest testAllSqlsParseDeparse
INFO: testing query_factoring07.sql
Jul 30, 2020 5:28:17 PM net.sf.jsqlparser.test.select.SpecialOracleTest testAllSqlsParseDeparse
INFO:    -> PROBLEM net.sf.jsqlparser.JSQLParserException
Jul 30, 2020 5:28:17 PM net.sf.jsqlparser.test.select.SpecialOracleTest testAllSqlsParseDeparse
INFO: testing cast_multiset30.sql
Jul 30, 2020 5:28:17 PM net.sf.jsqlparser.test.select.SpecialOracleTest testAllSqlsParseDeparse
INFO:    -> SUCCESS
Jul 30, 2020 5:28:17 PM net.sf.jsqlparser.test.select.SpecialOracleTest testAllSqlsParseDeparse
INFO: testing cast_multiset11.sql
Jul 30, 2020 5:28:17 PM net.sf.jsqlparser.test.select.SpecialOracleTest testAllSqlsParseDeparse
INFO:    -> SUCCESS
Jul 30, 2020 5:28:17 PM net.sf.jsqlparser.test.select.SpecialOracleTest testAllSqlsParseDeparse
INFO: testing bindvar05.sql
Jul 30, 2020 5:28:17 PM net.sf.jsqlparser.test.select.SpecialOracleTest testAllSqlsParseDeparse
INFO:    -> PROBLEM net.sf.jsqlparser.JSQLParserException
Jul 30, 2020 5:28:17 PM net.sf.jsqlparser.test.select.SpecialOracleTest testAllSqlsParseDeparse
INFO: testing xmltable01.sql
Jul 30, 2020 5:28:17 PM net.sf.jsqlparser.test.select.SpecialOracleTest testAllSqlsParseDeparse
INFO:    -> PROBLEM net.sf.jsqlparser.JSQLParserException
Jul 30, 2020 5:28:17 PM net.sf.jsqlparser.test.select.SpecialOracleTest testAllSqlsParseDeparse
INFO: testing groupby12.sql
Jul 30, 2020 5:28:17 PM net.sf.jsqlparser.test.select.SpecialOracleTest testAllSqlsParseDeparse
INFO:    -> SUCCESS
Jul 30, 2020 5:28:17 PM net.sf.jsqlparser.test.select.SpecialOracleTest testAllSqlsParseDeparse
INFO: testing query_factoring05.sql
Jul 30, 2020 5:28:17 PM net.sf.jsqlparser.test.select.SpecialOracleTest testAllSqlsParseDeparse
INFO:    -> PROBLEM net.sf.jsqlparser.JSQLParserException
Jul 30, 2020 5:28:17 PM net.sf.jsqlparser.test.select.SpecialOracleTest testAllSqlsParseDeparse
INFO: testing order_by06.sql
Jul 30, 2020 5:28:17 PM net.sf.jsqlparser.test.select.SpecialOracleTest testAllSqlsParseDeparse
INFO:    -> SUCCESS
Jul 30, 2020 5:28:17 PM net.sf.jsqlparser.test.select.SpecialOracleTest testAllSqlsParseDeparse
INFO: testing cast_multiset29.sql
Jul 30, 2020 5:28:17 PM net.sf.jsqlparser.test.select.SpecialOracleTest testAllSqlsParseDeparse
INFO:    -> SUCCESS
Jul 30, 2020 5:28:17 PM net.sf.jsqlparser.test.select.SpecialOracleTest testAllSqlsParseDeparse
INFO: testing interval02.sql
Jul 30, 2020 5:28:17 PM net.sf.jsqlparser.test.select.SpecialOracleTest testAllSqlsParseDeparse
INFO:    -> SUCCESS
Jul 30, 2020 5:28:17 PM net.sf.jsqlparser.test.select.SpecialOracleTest testAllSqlsParseDeparse
INFO: testing order_by02.sql
Jul 30, 2020 5:28:17 PM net.sf.jsqlparser.test.select.SpecialOracleTest testAllSqlsParseDeparse
INFO:    -> SUCCESS
Jul 30, 2020 5:28:17 PM net.sf.jsqlparser.test.select.SpecialOracleTest testAllSqlsParseDeparse
INFO: testing join04.sql
Jul 30, 2020 5:28:17 PM net.sf.jsqlparser.test.select.SpecialOracleTest testAllSqlsParseDeparse
INFO:    -> SUCCESS
Jul 30, 2020 5:28:17 PM net.sf.jsqlparser.test.select.SpecialOracleTest testAllSqlsParseDeparse
INFO: testing condition02.sql
Jul 30, 2020 5:28:17 PM net.sf.jsqlparser.test.select.SpecialOracleTest testAllSqlsParseDeparse
INFO:    -> SUCCESS
Jul 30, 2020 5:28:17 PM net.sf.jsqlparser.test.select.SpecialOracleTest testAllSqlsParseDeparse
INFO: testing datetime05.sql
Jul 30, 2020 5:28:17 PM net.sf.jsqlparser.test.select.SpecialOracleTest testAllSqlsParseDeparse
INFO:    -> PROBLEM net.sf.jsqlparser.JSQLParserException
Jul 30, 2020 5:28:17 PM net.sf.jsqlparser.test.select.SpecialOracleTest testAllSqlsParseDeparse
INFO: testing cast_multiset10.sql
Jul 30, 2020 5:28:17 PM net.sf.jsqlparser.test.select.SpecialOracleTest testAllSqlsParseDeparse
INFO:    -> SUCCESS
Jul 30, 2020 5:28:17 PM net.sf.jsqlparser.test.select.SpecialOracleTest testAllSqlsParseDeparse
INFO: testing function05.sql
Jul 30, 2020 5:28:17 PM net.sf.jsqlparser.test.select.SpecialOracleTest testAllSqlsParseDeparse
INFO:    -> PROBLEM net.sf.jsqlparser.JSQLParserException
Jul 30, 2020 5:28:17 PM net.sf.jsqlparser.test.select.SpecialOracleTest testAllSqlsParseDeparse
INFO: testing join09.sql
Jul 30, 2020 5:28:17 PM net.sf.jsqlparser.test.select.SpecialOracleTest testAllSqlsParseDeparse
INFO:    -> SUCCESS
Jul 30, 2020 5:28:17 PM net.sf.jsqlparser.test.select.SpecialOracleTest testAllSqlsParseDeparse
INFO: testing condition03.sql
Jul 30, 2020 5:28:17 PM net.sf.jsqlparser.test.select.SpecialOracleTest testAllSqlsParseDeparse
INFO:    -> SUCCESS
Jul 30, 2020 5:28:17 PM net.sf.jsqlparser.test.select.SpecialOracleTest testAllSqlsParseDeparse
INFO: testing union07.sql
Jul 30, 2020 5:28:17 PM net.sf.jsqlparser.test.select.SpecialOracleTest testAllSqlsParseDeparse
INFO:    -> SUCCESS
Jul 30, 2020 5:28:17 PM net.sf.jsqlparser.test.select.SpecialOracleTest testAllSqlsParseDeparse
INFO: testing join11.sql
Jul 30, 2020 5:28:17 PM net.sf.jsqlparser.test.select.SpecialOracleTest testAllSqlsParseDeparse
INFO:    -> SUCCESS
Jul 30, 2020 5:28:17 PM net.sf.jsqlparser.test.select.SpecialOracleTest testAllSqlsParseDeparse
INFO: testing lexer05.sql
Jul 30, 2020 5:28:17 PM net.sf.jsqlparser.test.select.SpecialOracleTest testAllSqlsParseDeparse
INFO:    -> SUCCESS
Jul 30, 2020 5:28:17 PM net.sf.jsqlparser.test.select.SpecialOracleTest testAllSqlsParseDeparse
INFO: testing condition04.sql
Jul 30, 2020 5:28:17 PM net.sf.jsqlparser.test.select.SpecialOracleTest testAllSqlsParseDeparse
INFO:    -> SUCCESS
Jul 30, 2020 5:28:17 PM net.sf.jsqlparser.test.select.SpecialOracleTest testAllSqlsParseDeparse
INFO: testing groupby20.sql
Jul 30, 2020 5:28:17 PM net.sf.jsqlparser.test.select.SpecialOracleTest testAllSqlsParseDeparse
INFO:    -> SUCCESS
Jul 30, 2020 5:28:17 PM net.sf.jsqlparser.test.select.SpecialOracleTest testAllSqlsParseDeparse
INFO: testing connect_by06.sql
Jul 30, 2020 5:28:17 PM net.sf.jsqlparser.test.select.SpecialOracleTest testAllSqlsParseDeparse
INFO:    -> PROBLEM net.sf.jsqlparser.JSQLParserException
Jul 30, 2020 5:28:17 PM net.sf.jsqlparser.test.select.SpecialOracleTest testAllSqlsParseDeparse
INFO: testing join19.sql
Jul 30, 2020 5:28:17 PM net.sf.jsqlparser.test.select.SpecialOracleTest testAllSqlsParseDeparse
INFO:    -> SUCCESS
Jul 30, 2020 5:28:17 PM net.sf.jsqlparser.test.select.SpecialOracleTest testAllSqlsParseDeparse
INFO: testing connect_by01.sql
Jul 30, 2020 5:28:17 PM net.sf.jsqlparser.test.select.SpecialOracleTest testAllSqlsParseDeparse
INFO:    -> PROBLEM net.sf.jsqlparser.JSQLParserException
Jul 30, 2020 5:28:17 PM net.sf.jsqlparser.test.select.SpecialOracleTest testAllSqlsParseDeparse
INFO: testing cast_multiset25.sql
Jul 30, 2020 5:28:17 PM net.sf.jsqlparser.test.select.SpecialOracleTest testAllSqlsParseDeparse
INFO:    -> SUCCESS
Jul 30, 2020 5:28:17 PM net.sf.jsqlparser.test.select.SpecialOracleTest testAllSqlsParseDeparse
INFO: testing case_when03.sql
Jul 30, 2020 5:28:17 PM net.sf.jsqlparser.test.select.SpecialOracleTest testAllSqlsParseDeparse
INFO:    -> SUCCESS
Jul 30, 2020 5:28:17 PM net.sf.jsqlparser.test.select.SpecialOracleTest testAllSqlsParseDeparse
INFO: testing insert01.sql
Jul 30, 2020 5:28:17 PM net.sf.jsqlparser.test.select.SpecialOracleTest testAllSqlsParseDeparse
INFO:    -> PROBLEM net.sf.jsqlparser.JSQLParserException
Jul 30, 2020 5:28:17 PM net.sf.jsqlparser.test.select.SpecialOracleTest testAllSqlsParseDeparse
INFO: testing for_update07.sql
Jul 30, 2020 5:28:17 PM net.sf.jsqlparser.test.select.SpecialOracleTest testAllSqlsParseDeparse
INFO:    -> PROBLEM net.sf.jsqlparser.JSQLParserException
Jul 30, 2020 5:28:17 PM net.sf.jsqlparser.test.select.SpecialOracleTest testAllSqlsParseDeparse
INFO: testing condition05.sql
Jul 30, 2020 5:28:17 PM net.sf.jsqlparser.test.select.SpecialOracleTest testAllSqlsParseDeparse
INFO:    -> SUCCESS
Jul 30, 2020 5:28:17 PM net.sf.jsqlparser.test.select.SpecialOracleTest testAllSqlsParseDeparse
INFO: testing function04.sql
Jul 30, 2020 5:28:17 PM net.sf.jsqlparser.test.select.SpecialOracleTest testAllSqlsParseDeparse
INFO:    -> PROBLEM net.sf.jsqlparser.JSQLParserException
Jul 30, 2020 5:28:17 PM net.sf.jsqlparser.test.select.SpecialOracleTest testAllSqlsParseDeparse
INFO: testing cluster_set01.sql
Jul 30, 2020 5:28:17 PM net.sf.jsqlparser.test.select.SpecialOracleTest testAllSqlsParseDeparse
INFO:    -> PROBLEM net.sf.jsqlparser.JSQLParserException
Jul 30, 2020 5:28:17 PM net.sf.jsqlparser.test.select.SpecialOracleTest testAllSqlsParseDeparse
INFO: testing condition01.sql
Jul 30, 2020 5:28:17 PM net.sf.jsqlparser.test.select.SpecialOracleTest testAllSqlsParseDeparse
INFO:    -> SUCCESS
Jul 30, 2020 5:28:17 PM net.sf.jsqlparser.test.select.SpecialOracleTest testAllSqlsParseDeparse
INFO: testing for_update03.sql
Jul 30, 2020 5:28:17 PM net.sf.jsqlparser.test.select.SpecialOracleTest testAllSqlsParseDeparse
INFO:    -> SUCCESS
Jul 30, 2020 5:28:17 PM net.sf.jsqlparser.test.select.SpecialOracleTest testAllSqlsParseDeparse
INFO: tested 272 files. got 129 correct parse results
Jul 30, 2020 5:28:17 PM net.sf.jsqlparser.test.select.SpecialOracleTest testAllSqlsOnlyParse
INFO: testing comment02.sql
Jul 30, 2020 5:28:17 PM net.sf.jsqlparser.test.select.SpecialOracleTest testAllSqlsOnlyParse
INFO:    -> SUCCESS
Jul 30, 2020 5:28:17 PM net.sf.jsqlparser.test.select.SpecialOracleTest testAllSqlsOnlyParse
INFO: testing numbers02.sql
Jul 30, 2020 5:28:17 PM net.sf.jsqlparser.test.select.SpecialOracleTest testAllSqlsOnlyParse
INFO:    -> SUCCESS
Jul 30, 2020 5:28:17 PM net.sf.jsqlparser.test.select.SpecialOracleTest testAllSqlsOnlyParse
INFO: testing comment01.sql
Jul 30, 2020 5:28:17 PM net.sf.jsqlparser.test.select.SpecialOracleTest testAllSqlsOnlyParse
INFO:    -> SUCCESS
Tests run: 2, Failures: 0, Errors: 0, Skipped: 0, Time elapsed: 0.404 sec
Running net.sf.jsqlparser.test.select.SelectTest
Tests run: 252, Failures: 0, Errors: 0, Skipped: 0, Time elapsed: 0.194 sec
Running net.sf.jsqlparser.test.select.SpeedTest
42500 statements parsed in 4985 milliseconds
 (8525 statements per second,  0.0001173 seconds per statement )
38500 select scans for table name executed in 125 milliseconds
 (308000 select scans for table name per second,  0.0000032 seconds per select scans for table name)
Tests run: 1, Failures: 0, Errors: 0, Skipped: 0, Time elapsed: 5.104 sec
Running net.sf.jsqlparser.test.select.SelectASTTest
*Statement
* Column
* Column
* Table
* Column
* Column
Tests run: 2, Failures: 0, Errors: 0, Skipped: 0, Time elapsed: 0.001 sec
Running net.sf.jsqlparser.test.create.CreateViewTest
Tests run: 8, Failures: 0, Errors: 0, Skipped: 0, Time elapsed: 0.002 sec
Running net.sf.jsqlparser.test.create.CreateIndexTest
Tests run: 6, Failures: 0, Errors: 0, Skipped: 0, Time elapsed: 0.002 sec
Running net.sf.jsqlparser.test.create.CreateTableTest
Tests run: 33, Failures: 0, Errors: 0, Skipped: 0, Time elapsed: 0.019 sec
Running net.sf.jsqlparser.test.truncate.TruncateTest
Tests run: 1, Failures: 0, Errors: 0, Skipped: 0, Time elapsed: 0.001 sec
Running net.sf.jsqlparser.test.merge.MergeTest
MERGE INTO bonuses B USING (SELECT employee_id, salary FROM employee WHERE dept_no = 20) E ON (B.employee_id = E.employee_id) WHEN MATCHED THEN UPDATE SET B.bonus = E.salary * 0.1 WHEN NOT MATCHED THEN INSERT (B.employee_id, B.bonus) VALUES (E.employee_id, E.salary * 0.05)
Tests run: 1, Failures: 0, Errors: 0, Skipped: 0, Time elapsed: 0.001 sec
Running net.sf.jsqlparser.test.delete.DeleteTest
Tests run: 6, Failures: 0, Errors: 0, Skipped: 0, Time elapsed: 0.002 sec
Running net.sf.jsqlparser.test.TestUtils
Tests run: 1, Failures: 0, Errors: 0, Skipped: 0, Time elapsed: 0.001 sec
Running net.sf.jsqlparser.test.drop.DropTest
Tests run: 3, Failures: 0, Errors: 0, Skipped: 0, Time elapsed: 0.001 sec
Running net.sf.jsqlparser.expression.ExpressionVisitorAdapterTest
Tests run: 3, Failures: 0, Errors: 0, Skipped: 0, Time elapsed: 0.003 sec
Running net.sf.jsqlparser.expression.SignedExpressionTest
Tests run: 1, Failures: 0, Errors: 0, Skipped: 0, Time elapsed: 0 sec
Running net.sf.jsqlparser.parser.CCJSqlParserUtilTest
Tests run: 3, Failures: 0, Errors: 0, Skipped: 0, Time elapsed: 0.001 sec
Running net.sf.jsqlparser.statement.SetStatementTest
Tests run: 1, Failures: 0, Errors: 0, Skipped: 0, Time elapsed: 0.001 sec
Running net.sf.jsqlparser.statement.AdaptersTest
Tests run: 1, Failures: 0, Errors: 0, Skipped: 0, Time elapsed: 0.008 sec
Running net.sf.jsqlparser.statement.execute.ExecuteTest
Tests run: 1, Failures: 0, Errors: 0, Skipped: 0, Time elapsed: 0.001 sec
Running net.sf.jsqlparser.statement.StatementsTest
Tests run: 2, Failures: 0, Errors: 0, Skipped: 0, Time elapsed: 0.001 sec

Results :

Tests run: 414, Failures: 0, Errors: 0, Skipped: 0

[INFO] 
[INFO] --- maven-jar-plugin:2.4:jar (default-jar) @ jsqlparser ---
[INFO] Building jar: /tmp/tmpnzo1pvrk/JSqlParser/target/jsqlparser-0.9.5.jar
[INFO] 
[INFO] >>> maven-source-plugin:2.4:jar (attach-sources) > generate-sources @ jsqlparser >>>
[INFO] 
[INFO] --- javacc-maven-plugin:2.6:jjtree-javacc (javacc) @ jsqlparser ---
[INFO] Skipping - all parsers are up to date
[INFO] 
[INFO] <<< maven-source-plugin:2.4:jar (attach-sources) < generate-sources @ jsqlparser <<<
[INFO] 
[INFO] 
[INFO] --- maven-source-plugin:2.4:jar (attach-sources) @ jsqlparser ---
[INFO] Skipping source per configuration.
[INFO] 
[INFO] --- maven-javadoc-plugin:2.10.3:jar (attach-javadocs) @ jsqlparser ---
[INFO] Skipping javadoc generation
[INFO] 
[INFO] --- maven-site-plugin:3.3:attach-descriptor (attach-descriptor) @ jsqlparser ---
[INFO] 
[INFO] --- maven-assembly-plugin:3.2.0:single (default) @ jsqlparser ---
[INFO] Building jar: /tmp/tmpnzo1pvrk/JSqlParser/target/jsqlparser-0.9.5-jar-with-dependencies.jar
[INFO] ------------------------------------------------------------------------
[INFO] BUILD SUCCESS
[INFO] ------------------------------------------------------------------------
[INFO] Total time:  19.046 s
[INFO] Finished at: 2020-07-30T17:28:29Z
[INFO] ------------------------------------------------------------------------
