[INFO] Error stacktraces are turned on.
[INFO] Scanning for projects...
[INFO] 
[INFO] ----------< com.javacreed.examples:gson-typeadapter-example >-----------
[INFO] Building Gson TypeAdapter Example 1.0.0
[INFO] --------------------------------[ jar ]---------------------------------
[INFO] 
[INFO] --- jacoco-maven-plugin:0.8.5:prepare-agent (default) @ gson-typeadapter-example ---
[INFO] argLine set to -javaagent:/home/jdbl/.m2/repository/org/jacoco/org.jacoco.agent/0.8.5/org.jacoco.agent-0.8.5-runtime.jar=destfile=/tmp/tmpvdughxcj/gson-typeadapter-example/target/jacoco.exec
[INFO] 
[INFO] --- maven-resources-plugin:2.6:resources (default-resources) @ gson-typeadapter-example ---
[INFO] Using 'UTF-8' encoding to copy filtered resources.
[INFO] skip non existing resourceDirectory /tmp/tmpvdughxcj/gson-typeadapter-example/src/main/resources
[INFO] 
[INFO] --- maven-compiler-plugin:3.1:compile (default-compile) @ gson-typeadapter-example ---
[INFO] Changes detected - recompiling the module!
[INFO] Compiling 14 source files to /tmp/tmpvdughxcj/gson-typeadapter-example/target/classes
[INFO] 
[INFO] --- maven-resources-plugin:2.6:testResources (default-testResources) @ gson-typeadapter-example ---
[INFO] Using 'UTF-8' encoding to copy filtered resources.
[INFO] skip non existing resourceDirectory /tmp/tmpvdughxcj/gson-typeadapter-example/src/test/resources
[INFO] 
[INFO] --- maven-compiler-plugin:3.1:testCompile (default-testCompile) @ gson-typeadapter-example ---
[INFO] Changes detected - recompiling the module!
[INFO] Compiling 4 source files to /tmp/tmpvdughxcj/gson-typeadapter-example/target/test-classes
[INFO] 
[INFO] --- maven-surefire-plugin:2.19.1:test (default-test) @ gson-typeadapter-example ---
[INFO] Surefire report directory: /tmp/tmpvdughxcj/gson-typeadapter-example/target/surefire-reports

-------------------------------------------------------
 T E S T S
-------------------------------------------------------
Running com.javacreed.examples.gson.part2.BookTypeAdapterTest
Tests run: 2, Failures: 0, Errors: 0, Skipped: 0, Time elapsed: 0.624 sec - in com.javacreed.examples.gson.part2.BookTypeAdapterTest
Running com.javacreed.examples.gson.part3.BookTypeAdapterTest
Tests run: 2, Failures: 0, Errors: 0, Skipped: 0, Time elapsed: 0.03 sec - in com.javacreed.examples.gson.part3.BookTypeAdapterTest
Running com.javacreed.examples.gson.part1.BookTypeAdapterTest
Tests run: 1, Failures: 0, Errors: 0, Skipped: 0, Time elapsed: 0.099 sec - in com.javacreed.examples.gson.part1.BookTypeAdapterTest
Running com.javacreed.examples.gson.part4.BookTypeAdapterTest
Tests run: 2, Failures: 0, Errors: 0, Skipped: 0, Time elapsed: 0.007 sec - in com.javacreed.examples.gson.part4.BookTypeAdapterTest

Results :

Tests run: 7, Failures: 0, Errors: 0, Skipped: 0

[INFO] 
[INFO] --- jacoco-maven-plugin:0.8.5:report (report) @ gson-typeadapter-example ---
[INFO] Loading execution data file /tmp/tmpvdughxcj/gson-typeadapter-example/target/jacoco.exec
[INFO] Analyzed bundle 'Gson TypeAdapter Example' with 258 classes
[INFO] ------------------------------------------------------------------------
[INFO] BUILD SUCCESS
[INFO] ------------------------------------------------------------------------
[INFO] Total time:  8.763 s
[INFO] Finished at: 2020-07-30T20:35:11Z
[INFO] ------------------------------------------------------------------------
