[INFO] Error stacktraces are turned on.
[INFO] Scanning for projects...
[INFO] 
[INFO] ------------------------< org.mybatis:mybatis >-------------------------
[INFO] Building MyBatis 3.2.8
[INFO] --------------------------------[ jar ]---------------------------------
[INFO] 
[INFO] --- maven-enforcer-plugin:1.3:enforce (enforce-java) @ mybatis ---
[INFO] 
[INFO] --- maven-resources-plugin:2.6:resources (default-resources) @ mybatis ---
[INFO] Using 'UTF-8' encoding to copy filtered resources.
[INFO] Copying 2 resources to META-INF
[INFO] Copying 2 resources
[INFO] 
[INFO] --- maven-compiler-plugin:3.0:compile (default-compile) @ mybatis ---
[INFO] Changes detected - recompiling the module!
[INFO] Compiling 342 source files to /tmp/tmp2aorbkjq/mybatis-3/target/classes
[WARNING] /tmp/tmp2aorbkjq/mybatis-3/src/main/java/org/apache/ibatis/reflection/MetaObject.java: Some input files use unchecked or unsafe operations.
[WARNING] /tmp/tmp2aorbkjq/mybatis-3/src/main/java/org/apache/ibatis/reflection/MetaObject.java: Recompile with -Xlint:unchecked for details.
[INFO] 
[INFO] --- jarjar-maven-plugin:1.7:jarjar (jarjar-classes) @ mybatis ---
[INFO] Processing: /tmp/tmp2aorbkjq/mybatis-3/target/classes
[INFO] Building zip: /tmp/tmp2aorbkjq/mybatis-3/target/jarjar/uber-classes
[INFO] JarJar'ing to: /tmp/tmp2aorbkjq/mybatis-3/target/classes
[INFO] Original: /tmp/tmp2aorbkjq/mybatis-3/target/original-classes
[INFO] 
[INFO] --- animal-sniffer-maven-plugin:1.9:check (check-java-1.5-compat) @ mybatis ---
[INFO] Signature checking is skipped.
[INFO] 
[INFO] --- maven-bundle-plugin:2.3.7:manifest (bundle-manifest) @ mybatis ---
[WARNING] Manifest org.mybatis:mybatis:jar:3.2.8 : Did not find matching referal for !ognl
[INFO] 
[INFO] --- maven-resources-plugin:2.6:testResources (default-testResources) @ mybatis ---
[INFO] Using 'UTF-8' encoding to copy filtered resources.
[INFO] Copying 373 resources
[INFO] 
[INFO] --- maven-compiler-plugin:3.0:testCompile (default-testCompile) @ mybatis ---
[INFO] Changes detected - recompiling the module!
[INFO] Compiling 554 source files to /tmp/tmp2aorbkjq/mybatis-3/target/test-classes
[WARNING] /tmp/tmp2aorbkjq/mybatis-3/src/test/java/org/apache/ibatis/jdbc/SelectBuilderTest.java: Some input files use or override a deprecated API.
[WARNING] /tmp/tmp2aorbkjq/mybatis-3/src/test/java/org/apache/ibatis/jdbc/SelectBuilderTest.java: Recompile with -Xlint:deprecation for details.
[WARNING] /tmp/tmp2aorbkjq/mybatis-3/src/test/java/domain/jpetstore/Order.java: Some input files use unchecked or unsafe operations.
[WARNING] /tmp/tmp2aorbkjq/mybatis-3/src/test/java/domain/jpetstore/Order.java: Recompile with -Xlint:unchecked for details.
[INFO] 
[INFO] --- maven-surefire-plugin:2.13:test (default-test) @ mybatis ---
[INFO] Surefire report directory: /tmp/tmp2aorbkjq/mybatis-3/target/surefire-reports

-------------------------------------------------------
 T E S T S
-------------------------------------------------------

-------------------------------------------------------
 T E S T S
-------------------------------------------------------
Running org.apache.ibatis.transaction.managed.ManagedTransactionFactoryTest
Tests run: 2, Failures: 0, Errors: 0, Skipped: 0, Time elapsed: 0.153 sec
Running org.apache.ibatis.executor.BatchExecutorTest
Tests run: 19, Failures: 0, Errors: 0, Skipped: 0, Time elapsed: 3.255 sec
Running org.apache.ibatis.executor.loader.CglibProxyTest
Tests run: 15, Failures: 0, Errors: 0, Skipped: 0, Time elapsed: 0.576 sec
Running org.apache.ibatis.executor.loader.JavassistProxyTest
Tests run: 15, Failures: 0, Errors: 0, Skipped: 0, Time elapsed: 0.836 sec
Running org.apache.ibatis.executor.CachingSimpleExecutorTest
Tests run: 19, Failures: 0, Errors: 0, Skipped: 0, Time elapsed: 2.598 sec
Running org.apache.ibatis.executor.ReuseExecutorTest
Tests run: 19, Failures: 0, Errors: 0, Skipped: 0, Time elapsed: 2.258 sec
Running org.apache.ibatis.executor.BaseExecutorTest
Tests run: 18, Failures: 0, Errors: 0, Skipped: 0, Time elapsed: 2.236 sec
Running org.apache.ibatis.executor.CachingReuseExecutorTest
Tests run: 19, Failures: 0, Errors: 0, Skipped: 0, Time elapsed: 2.55 sec
Running org.apache.ibatis.executor.ErrorContextTest
Tests run: 1, Failures: 0, Errors: 0, Skipped: 0, Time elapsed: 0.043 sec
Running org.apache.ibatis.executor.resultset.DefaultResultSetHandlerTest
Tests run: 1, Failures: 0, Errors: 0, Skipped: 0, Time elapsed: 0.25 sec
Running org.apache.ibatis.executor.CachingBatchExecutorTest
Tests run: 19, Failures: 0, Errors: 0, Skipped: 0, Time elapsed: 2.871 sec
Running org.apache.ibatis.executor.ResultExtractorTest
Tests run: 6, Failures: 0, Errors: 0, Skipped: 0, Time elapsed: 0.19 sec
Running org.apache.ibatis.parsing.XPathParserTest
Tests run: 1, Failures: 0, Errors: 0, Skipped: 0, Time elapsed: 0.075 sec
Running org.apache.ibatis.parsing.GenericTokenParserTest
Tests run: 3, Failures: 0, Errors: 0, Skipped: 0, Time elapsed: 0.074 sec
Running org.apache.ibatis.binding.WrongMapperTest
Tests run: 1, Failures: 0, Errors: 0, Skipped: 0, Time elapsed: 0.097 sec
Running org.apache.ibatis.binding.BindingTest
Tests run: 42, Failures: 0, Errors: 0, Skipped: 1, Time elapsed: 3.073 sec
Running org.apache.ibatis.binding.WrongNamespacesTest
Tests run: 2, Failures: 0, Errors: 0, Skipped: 0, Time elapsed: 0.131 sec
Running org.apache.ibatis.exceptions.GeneralExceptionsTest
Tests run: 2, Failures: 0, Errors: 0, Skipped: 0, Time elapsed: 0.039 sec
Running org.apache.ibatis.plugin.PluginTest
Tests run: 2, Failures: 0, Errors: 0, Skipped: 0, Time elapsed: 0.052 sec
Running org.apache.ibatis.cache.SoftCacheTest
Tests run: 4, Failures: 0, Errors: 0, Skipped: 0, Time elapsed: 2.429 sec
Running org.apache.ibatis.cache.CacheKeyTest
Tests run: 5, Failures: 0, Errors: 0, Skipped: 0, Time elapsed: 2.057 sec
Running org.apache.ibatis.cache.PerpetualCacheTest
Tests run: 4, Failures: 0, Errors: 0, Skipped: 0, Time elapsed: 0.204 sec
Running org.apache.ibatis.cache.SuperCacheTest
Tests run: 1, Failures: 0, Errors: 0, Skipped: 0, Time elapsed: 0.847 sec
Running org.apache.ibatis.cache.WeakCacheTest
Tests run: 4, Failures: 0, Errors: 0, Skipped: 0, Time elapsed: 0.184 sec
Running org.apache.ibatis.cache.ScheduledCacheTest
Tests run: 3, Failures: 0, Errors: 0, Skipped: 0, Time elapsed: 5.076 sec
Running org.apache.ibatis.cache.FifoCacheTest
Tests run: 3, Failures: 0, Errors: 0, Skipped: 0, Time elapsed: 0.041 sec
Running org.apache.ibatis.cache.LruCacheTest
Tests run: 3, Failures: 0, Errors: 0, Skipped: 0, Time elapsed: 0.035 sec
Running org.apache.ibatis.cache.BaseCacheTest
Tests run: 1, Failures: 0, Errors: 0, Skipped: 0, Time elapsed: 0.062 sec
Running org.apache.ibatis.session.SqlSessionTest
Tests run: 57, Failures: 0, Errors: 0, Skipped: 0, Time elapsed: 2.475 sec
Running org.apache.ibatis.session.SqlSessionManagerTest
Tests run: 4, Failures: 0, Errors: 0, Skipped: 0, Time elapsed: 2.056 sec
Running org.apache.ibatis.mapping.ResultMappingTest
Tests run: 2, Failures: 0, Errors: 0, Skipped: 0, Time elapsed: 0.137 sec
Running org.apache.ibatis.builder.XmlConfigBuilderTest
Tests run: 2, Failures: 0, Errors: 0, Skipped: 0, Time elapsed: 0.105 sec
Running org.apache.ibatis.builder.xml.dynamic.DynamicSqlSourceTest
Tests run: 23, Failures: 0, Errors: 0, Skipped: 0, Time elapsed: 21.991 sec
Running org.apache.ibatis.builder.xml.dynamic.ExpressionEvaluatorTest
Tests run: 7, Failures: 0, Errors: 0, Skipped: 0, Time elapsed: 0.076 sec
Running org.apache.ibatis.builder.ParameterExpressionTest
Tests run: 11, Failures: 0, Errors: 0, Skipped: 0, Time elapsed: 0.045 sec
Running org.apache.ibatis.builder.XmlMapperBuilderTest
Tests run: 1, Failures: 0, Errors: 0, Skipped: 0, Time elapsed: 0.184 sec
Running org.apache.ibatis.type.TypeHandlerRegistryTest
Tests run: 4, Failures: 0, Errors: 0, Skipped: 1, Time elapsed: 0.055 sec
Running org.apache.ibatis.type.BooleanTypeHandlerTest
Tests run: 3, Failures: 0, Errors: 0, Skipped: 0, Time elapsed: 0.21 sec
Running org.apache.ibatis.type.CharacterTypeHandlerTest
Tests run: 6, Failures: 0, Errors: 0, Skipped: 0, Time elapsed: 0.209 sec
Running org.apache.ibatis.type.ByteTypeHandlerTest
Tests run: 3, Failures: 0, Errors: 0, Skipped: 0, Time elapsed: 0.195 sec
Running org.apache.ibatis.type.BigDecimalTypeHandlerTest
Tests run: 3, Failures: 0, Errors: 0, Skipped: 0, Time elapsed: 0.247 sec
Running org.apache.ibatis.type.IntegerTypeHandlerTest
Tests run: 3, Failures: 0, Errors: 0, Skipped: 0, Time elapsed: 0.216 sec
Running org.apache.ibatis.type.ShortTypeHandlerTest
Tests run: 3, Failures: 0, Errors: 0, Skipped: 0, Time elapsed: 0.215 sec
Running org.apache.ibatis.type.FloatTypeHandlerTest
Tests run: 3, Failures: 0, Errors: 0, Skipped: 0, Time elapsed: 0.26 sec
Running org.apache.ibatis.type.ByteArrayTypeHandlerTest
Tests run: 3, Failures: 0, Errors: 0, Skipped: 0, Time elapsed: 0.292 sec
Running org.apache.ibatis.type.DateOnlyTypeHandlerTest
Tests run: 3, Failures: 0, Errors: 0, Skipped: 0, Time elapsed: 0.312 sec
Running org.apache.ibatis.type.BlobTypeHandlerTest
Tests run: 3, Failures: 0, Errors: 0, Skipped: 0, Time elapsed: 0.24 sec
Running org.apache.ibatis.type.GenericTypeSupportedInHierarchiesTestCase
Tests run: 1, Failures: 0, Errors: 0, Skipped: 0, Time elapsed: 0.038 sec
Running org.apache.ibatis.type.TimeOnlyTypeHandlerTest
Tests run: 3, Failures: 0, Errors: 0, Skipped: 0, Time elapsed: 0.214 sec
Running org.apache.ibatis.type.SqlDateTypeHandlerTest
Tests run: 3, Failures: 0, Errors: 0, Skipped: 0, Time elapsed: 0.23 sec
Running org.apache.ibatis.type.SqlTimetampTypeHandlerTest
Tests run: 3, Failures: 0, Errors: 0, Skipped: 0, Time elapsed: 0.248 sec
Running org.apache.ibatis.type.SqlTimeTypeHandlerTest
Tests run: 3, Failures: 0, Errors: 0, Skipped: 0, Time elapsed: 0.218 sec
Running org.apache.ibatis.type.BigIntegerTypeHandlerTest
Tests run: 3, Failures: 0, Errors: 0, Skipped: 0, Time elapsed: 0.245 sec
Running org.apache.ibatis.type.LongTypeHandlerTest
Tests run: 3, Failures: 0, Errors: 0, Skipped: 0, Time elapsed: 0.263 sec
Running org.apache.ibatis.type.DateTypeHandlerTest
Tests run: 3, Failures: 0, Errors: 0, Skipped: 0, Time elapsed: 0.259 sec
Running org.apache.ibatis.type.SimpleTypeRegistryTest
Tests run: 3, Failures: 0, Errors: 0, Skipped: 0, Time elapsed: 0.042 sec
Running org.apache.ibatis.type.EnumTypeHandlerTest
Tests run: 6, Failures: 0, Errors: 0, Skipped: 0, Time elapsed: 0.258 sec
Running org.apache.ibatis.type.ObjectTypeHandlerTest
Tests run: 3, Failures: 0, Errors: 0, Skipped: 0, Time elapsed: 0.222 sec
Running org.apache.ibatis.type.StringTypeHandlerTest
Tests run: 5, Failures: 0, Errors: 0, Skipped: 0, Time elapsed: 0.236 sec
Running org.apache.ibatis.type.ClobTypeHandlerTest
Tests run: 3, Failures: 0, Errors: 0, Skipped: 0, Time elapsed: 0.257 sec
Running org.apache.ibatis.type.EnumOrdinalTypeHandlerTest
Tests run: 6, Failures: 0, Errors: 0, Skipped: 0, Time elapsed: 0.292 sec
Running org.apache.ibatis.type.TypeAliasRegistryTest
Tests run: 6, Failures: 0, Errors: 0, Skipped: 0, Time elapsed: 0.052 sec
Running org.apache.ibatis.type.UnknownTypeHandlerTest
Tests run: 3, Failures: 0, Errors: 0, Skipped: 0, Time elapsed: 0.262 sec
Running org.apache.ibatis.type.DoubleTypeHandlerTest
Tests run: 3, Failures: 0, Errors: 0, Skipped: 0, Time elapsed: 0.219 sec
Running org.apache.ibatis.reflection.MetaClassTest
Tests run: 7, Failures: 0, Errors: 0, Skipped: 0, Time elapsed: 0.046 sec
Running org.apache.ibatis.reflection.ExceptionUtilTest
Tests run: 1, Failures: 0, Errors: 0, Skipped: 0, Time elapsed: 0.04 sec
Running org.apache.ibatis.reflection.ReflectorTest
Tests run: 3, Failures: 0, Errors: 0, Skipped: 0, Time elapsed: 0.039 sec
Running org.apache.ibatis.reflection.MetaObjectTest
Tests run: 25, Failures: 0, Errors: 0, Skipped: 0, Time elapsed: 0.07 sec
Running org.apache.ibatis.submitted.extendresultmap.ExtendResultMapTest
Tests run: 1, Failures: 0, Errors: 0, Skipped: 0, Time elapsed: 0.439 sec
Running org.apache.ibatis.submitted.sptests.SPTest
Tests run: 31, Failures: 0, Errors: 0, Skipped: 0, Time elapsed: 0.526 sec
Running org.apache.ibatis.submitted.cacheorder.CacheOrderTest
Tests run: 1, Failures: 0, Errors: 0, Skipped: 0, Time elapsed: 0.425 sec
Running org.apache.ibatis.submitted.criterion.CriterionTest
Tests run: 1, Failures: 0, Errors: 0, Skipped: 0, Time elapsed: 0.467 sec
Running org.apache.ibatis.submitted.stringlist.StringListTest
Tests run: 1, Failures: 0, Errors: 0, Skipped: 0, Time elapsed: 0.428 sec
Running org.apache.ibatis.submitted.no_param_type.NoParamTypeTest
Tests run: 1, Failures: 0, Errors: 0, Skipped: 0, Time elapsed: 0.365 sec
Running org.apache.ibatis.submitted.enumtypehandler_on_map.EnumTypeHandlerTest
Tests run: 2, Failures: 0, Errors: 0, Skipped: 0, Time elapsed: 0.434 sec
Running org.apache.ibatis.submitted.dynsql2.DynSqlTest
Tests run: 2, Failures: 0, Errors: 0, Skipped: 0, Time elapsed: 0.44 sec
Running org.apache.ibatis.submitted.refid_resolution.RefidResolutionTest
Tests run: 1, Failures: 0, Errors: 0, Skipped: 0, Time elapsed: 0.138 sec
Running org.apache.ibatis.submitted.refid_resolution.ExternalRefidResolutionTest
Tests run: 1, Failures: 0, Errors: 0, Skipped: 0, Time elapsed: 0.188 sec
Running org.apache.ibatis.submitted.complex_column.ComplexColumnTest
Tests run: 5, Failures: 0, Errors: 0, Skipped: 0, Time elapsed: 0.419 sec
Running org.apache.ibatis.submitted.substitution_in_annots.SubstitutionInAnnotsTest
Tests run: 4, Failures: 0, Errors: 0, Skipped: 0, Time elapsed: 0.442 sec
Running org.apache.ibatis.submitted.sqlprovider.SqlProviderTest
Tests run: 2, Failures: 0, Errors: 0, Skipped: 0, Time elapsed: 0.423 sec
Running org.apache.ibatis.submitted.blobtest.BlobTest
Tests run: 2, Failures: 0, Errors: 0, Skipped: 0, Time elapsed: 0.437 sec
Running org.apache.ibatis.submitted.overwritingproperties.FooMapperTest
Tests run: 1, Failures: 0, Errors: 0, Skipped: 0, Time elapsed: 0.425 sec
Running org.apache.ibatis.submitted.nestedresulthandler.NestedResultHandlerTest
Tests run: 4, Failures: 0, Errors: 0, Skipped: 0, Time elapsed: 0.461 sec
Running org.apache.ibatis.submitted.column_prefix.ColumnPrefixAutoMappingTest
Tests run: 3, Failures: 0, Errors: 0, Skipped: 0, Time elapsed: 0.548 sec
Running org.apache.ibatis.submitted.column_prefix.ColumnPrefixTest
Tests run: 2, Failures: 0, Errors: 0, Skipped: 0, Time elapsed: 0.458 sec
Running org.apache.ibatis.submitted.column_prefix.ColumnPrefixNestedQueryTest
Tests run: 2, Failures: 0, Errors: 0, Skipped: 0, Time elapsed: 0.505 sec
Running org.apache.ibatis.submitted.ognlstatic.OgnlStaticTest
Tests run: 2, Failures: 0, Errors: 0, Skipped: 0, Time elapsed: 0.409 sec
Running org.apache.ibatis.submitted.multidb.ProviderTest
Tests run: 2, Failures: 0, Errors: 0, Skipped: 0, Time elapsed: 0.391 sec
Running org.apache.ibatis.submitted.multidb.MultiDbTest
Tests run: 6, Failures: 0, Errors: 0, Skipped: 0, Time elapsed: 0.494 sec
Running org.apache.ibatis.submitted.inheritance.InheritanceTest
Tests run: 1, Failures: 0, Errors: 0, Skipped: 0, Time elapsed: 0.521 sec
Running org.apache.ibatis.submitted.nonexistentvariables.NonExistentVariablesTest
Tests run: 1, Failures: 0, Errors: 0, Skipped: 0, Time elapsed: 0.391 sec
Running org.apache.ibatis.submitted.batch_keys.BatchKeysTest
Tests run: 2, Failures: 0, Errors: 0, Skipped: 0, Time elapsed: 0.439 sec
Running org.apache.ibatis.submitted.ognl_enum.EnumWithOgnlTest
Tests run: 5, Failures: 0, Errors: 0, Skipped: 0, Time elapsed: 0.49 sec
Running org.apache.ibatis.submitted.nested.NestedForEachTest
Tests run: 5, Failures: 0, Errors: 0, Skipped: 0, Time elapsed: 0.615 sec
Running org.apache.ibatis.submitted.column_forwarding.ColumnForwardingTest
Tests run: 2, Failures: 0, Errors: 0, Skipped: 0, Time elapsed: 0.54 sec
Running org.apache.ibatis.submitted.valueinmap.ValueInMapTest
Tests run: 2, Failures: 0, Errors: 0, Skipped: 0, Time elapsed: 0.569 sec
Running org.apache.ibatis.submitted.map_class_name_conflict.MapperNameTest
Tests run: 1, Failures: 0, Errors: 0, Skipped: 0, Time elapsed: 0.292 sec
Running org.apache.ibatis.submitted.quotedcolumnnames.QuotedColumnNamesTest
Tests run: 2, Failures: 0, Errors: 0, Skipped: 0, Time elapsed: 0.523 sec
Running org.apache.ibatis.submitted.cglib_lazy_error.CglibNPELazyTest
Tests run: 5, Failures: 0, Errors: 0, Skipped: 0, Time elapsed: 0.607 sec
Running org.apache.ibatis.submitted.cglib_lazy_error.CglibNPETest
Tests run: 7, Failures: 0, Errors: 0, Skipped: 0, Time elapsed: 0.479 sec
Running org.apache.ibatis.submitted.permissions.PermissionsTest
Tests run: 2, Failures: 0, Errors: 0, Skipped: 0, Time elapsed: 0.462 sec
Running org.apache.ibatis.submitted.dynsql.DynSqlTest
Tests run: 5, Failures: 0, Errors: 0, Skipped: 0, Time elapsed: 0.484 sec
Running org.apache.ibatis.submitted.custom_collection_handling.CustomCollectionHandlingTest
Tests run: 2, Failures: 0, Errors: 0, Skipped: 0, Time elapsed: 0.43 sec
Running org.apache.ibatis.submitted.manyanno.ManyAnnoTest
Tests run: 1, Failures: 0, Errors: 0, Skipped: 0, Time elapsed: 2.333 sec
Running org.apache.ibatis.submitted.call_setters_on_nulls.DoNotCallSettersOnNullsTest
Tests run: 3, Failures: 0, Errors: 0, Skipped: 0, Time elapsed: 0.422 sec
Running org.apache.ibatis.submitted.call_setters_on_nulls.CallSettersOnNullsTest
Tests run: 5, Failures: 0, Errors: 0, Skipped: 0, Time elapsed: 0.411 sec
Running org.apache.ibatis.submitted.raw_sql_source.RawSqlSourceTest
Tests run: 3, Failures: 0, Errors: 0, Skipped: 0, Time elapsed: 0.462 sec
Running org.apache.ibatis.submitted.primitive_result_type.PrimitiveResultTypeTest
Tests run: 2, Failures: 0, Errors: 0, Skipped: 0, Time elapsed: 0.403 sec
Running org.apache.ibatis.submitted.mapper_extend.MapperExtendTest
Tests run: 4, Failures: 0, Errors: 0, Skipped: 0, Time elapsed: 0.478 sec
Running org.apache.ibatis.submitted.unknownobject.UnknownObjectTest
Tests run: 1, Failures: 0, Errors: 0, Skipped: 0, Time elapsed: 0.135 sec
Running org.apache.ibatis.submitted.disallowdotsonnames.DisallowDotsOnNamesTest
Tests run: 1, Failures: 0, Errors: 0, Skipped: 0, Time elapsed: 0.167 sec
Running org.apache.ibatis.submitted.typehandlerinjection.TypeHandlerInjectionTest
Tests run: 1, Failures: 0, Errors: 0, Skipped: 0, Time elapsed: 0.413 sec
Running org.apache.ibatis.submitted.empty_namespace.EmptyNamespaceTest
Tests run: 1, Failures: 0, Errors: 0, Skipped: 0, Time elapsed: 0.145 sec
Running org.apache.ibatis.submitted.force_flush_on_select.ForceFlushOnSelectTest
Tests run: 6, Failures: 0, Errors: 0, Skipped: 0, Time elapsed: 0.494 sec
Running org.apache.ibatis.submitted.keycolumn.InsertTest
Tests run: 1, Failures: 0, Errors: 0, Skipped: 1, Time elapsed: 0.018 sec
Running org.apache.ibatis.submitted.cache.CacheTest
Tests run: 3, Failures: 0, Errors: 0, Skipped: 0, Time elapsed: 0.541 sec
Running org.apache.ibatis.submitted.basetest.BaseTest
Tests run: 2, Failures: 0, Errors: 0, Skipped: 0, Time elapsed: 0.495 sec
Running org.apache.ibatis.submitted.language.LanguageTest
Tests run: 11, Failures: 0, Errors: 0, Skipped: 0, Time elapsed: 0.629 sec
Running org.apache.ibatis.submitted.generictypes.GenericTypesTest
Tests run: 1, Failures: 0, Errors: 0, Skipped: 0, Time elapsed: 0.571 sec
Running org.apache.ibatis.submitted.multipleresultsetswithassociation.MultipleResultSetTest
Tests run: 1, Failures: 0, Errors: 0, Skipped: 0, Time elapsed: 0.411 sec
Running org.apache.ibatis.submitted.duplicate_statements.DuplicateStatementsTest
Tests run: 5, Failures: 0, Errors: 0, Skipped: 2, Time elapsed: 0.476 sec
Running org.apache.ibatis.submitted.refcursor.RefCursorTest
Tests run: 1, Failures: 0, Errors: 0, Skipped: 1, Time elapsed: 0.014 sec
Running org.apache.ibatis.submitted.dml_return_types.DmlMapperReturnTypesTest
Tests run: 7, Failures: 0, Errors: 0, Skipped: 0, Time elapsed: 0.459 sec
Running org.apache.ibatis.submitted.automapping.AutomappingTest
Tests run: 9, Failures: 0, Errors: 0, Skipped: 0, Time elapsed: 0.477 sec
Running org.apache.ibatis.submitted.result_handler.ResulthandlerTest
Tests run: 2, Failures: 0, Errors: 0, Skipped: 0, Time elapsed: 0.466 sec
Running org.apache.ibatis.submitted.multiple_discriminator.MultipleDiscriminatorTest
Tests run: 3, Failures: 0, Errors: 0, Skipped: 0, Time elapsed: 0.468 sec
Running org.apache.ibatis.submitted.nestedresulthandler_association.NestedResultHandlerAssociationTest
Tests run: 2, Failures: 0, Errors: 0, Skipped: 0, Time elapsed: 0.44 sec
Running org.apache.ibatis.submitted.resultmapwithassociationstest.ResultMapWithAssociationsTest
Tests run: 1, Failures: 0, Errors: 0, Skipped: 0, Time elapsed: 0.393 sec
Running org.apache.ibatis.submitted.integer_enum.IntegerEnumTest
Tests run: 1, Failures: 0, Errors: 0, Skipped: 0, Time elapsed: 0.18 sec
Running org.apache.ibatis.submitted.xml_references.EnumWithOgnlTest
Tests run: 2, Failures: 0, Errors: 0, Skipped: 0, Time elapsed: 0.242 sec
Running org.apache.ibatis.submitted.flush_statement_npe.FlushStatementNpeTest
Tests run: 3, Failures: 0, Errors: 0, Skipped: 0, Time elapsed: 0.426 sec
Running org.apache.ibatis.submitted.serializecircular.SerializeCircularTest
Tests run: 4, Failures: 0, Errors: 0, Skipped: 0, Time elapsed: 0.76 sec
Running org.apache.ibatis.submitted.missing_id_property.MissingIdPropertyTest
Tests run: 1, Failures: 0, Errors: 0, Skipped: 0, Time elapsed: 0.498 sec
Running org.apache.ibatis.submitted.encoding.EncodingTest
Tests run: 2, Failures: 0, Errors: 0, Skipped: 0, Time elapsed: 0.398 sec
Running org.apache.ibatis.submitted.global_variables.BaseTest
Tests run: 2, Failures: 0, Errors: 0, Skipped: 0, Time elapsed: 0.421 sec
Running org.apache.ibatis.submitted.selectkey.SelectKeyTest
Tests run: 21, Failures: 0, Errors: 0, Skipped: 2, Time elapsed: 0.75 sec
Running org.apache.ibatis.submitted.javassist.JavassistTest
Tests run: 1, Failures: 0, Errors: 0, Skipped: 0, Time elapsed: 0.452 sec
Running org.apache.ibatis.submitted.multiple_resultsets.MultipleResultTest
Tests run: 1, Failures: 0, Errors: 0, Skipped: 1, Time elapsed: 0.015 sec
Running org.apache.ibatis.submitted.primitive_array.PrimitiveArrayTest
Tests run: 1, Failures: 0, Errors: 0, Skipped: 0, Time elapsed: 0.459 sec
Running org.apache.ibatis.submitted.multipleiterates.MultipleIteratesTest
Tests run: 1, Failures: 0, Errors: 0, Skipped: 0, Time elapsed: 0.391 sec
Running org.apache.ibatis.submitted.associationtest.AssociationTest
Tests run: 3, Failures: 0, Errors: 0, Skipped: 0, Time elapsed: 0.399 sec
Running org.apache.ibatis.submitted.result_handler_type.DefaultResultHandlerTypeTest
Tests run: 3, Failures: 0, Errors: 0, Skipped: 0, Time elapsed: 0.417 sec
Running org.apache.ibatis.submitted.lazyload_proxyfactory_comparison.DefaultLazyTest
Tests run: 6, Failures: 0, Errors: 0, Skipped: 0, Time elapsed: 0.564 sec
Running org.apache.ibatis.submitted.lazyload_proxyfactory_comparison.JavassistLazyTest
Tests run: 1, Failures: 0, Errors: 0, Skipped: 1, Time elapsed: 0.015 sec
Running org.apache.ibatis.submitted.lazyload_proxyfactory_comparison.CglibLazyTest
Tests run: 6, Failures: 0, Errors: 0, Skipped: 0, Time elapsed: 0.592 sec
Running org.apache.ibatis.submitted.complex_type.ComplexTypeTest
Tests run: 1, Failures: 0, Errors: 0, Skipped: 0, Time elapsed: 0.371 sec
Running org.apache.ibatis.submitted.extends_with_constructor.NpeExtendsTest
Tests run: 4, Failures: 0, Errors: 0, Skipped: 0, Time elapsed: 0.431 sec
Running org.apache.ibatis.submitted.simplelistparameter.SimpleListParameterTest
Tests run: 1, Failures: 0, Errors: 0, Skipped: 0, Time elapsed: 0.401 sec
Running org.apache.ibatis.submitted.nested_query_cache.NestedQueryCacheTest
Tests run: 2, Failures: 0, Errors: 0, Skipped: 0, Time elapsed: 2.073 sec
Running org.apache.ibatis.submitted.typehandler.TypeHandlerTest
Tests run: 1, Failures: 0, Errors: 0, Skipped: 0, Time elapsed: 0.479 sec
Running org.apache.ibatis.submitted.primitives.PrimitivesTest
Tests run: 1, Failures: 0, Errors: 0, Skipped: 0, Time elapsed: 0.398 sec
Running org.apache.ibatis.submitted.rounding.RoundingHandlersTest
Tests run: 2, Failures: 0, Errors: 0, Skipped: 0, Time elapsed: 0.387 sec
Running org.apache.ibatis.submitted.autodiscover.AutodiscoverTest
Tests run: 3, Failures: 0, Errors: 0, Skipped: 0, Time elapsed: 0.201 sec
Running org.apache.ibatis.submitted.inline_association_with_dot.InlineCollectionWithDotTest
Tests run: 2, Failures: 0, Errors: 0, Skipped: 0, Time elapsed: 0.406 sec
Running org.apache.ibatis.submitted.extend.ExtendTest
Tests run: 1, Failures: 0, Errors: 0, Skipped: 0, Time elapsed: 0.431 sec
Running org.apache.ibatis.submitted.foreach_map.ForEachMapTest
Tests run: 4, Failures: 0, Errors: 0, Skipped: 0, Time elapsed: 0.409 sec
Running org.apache.ibatis.submitted.complex_property.ComponentTest
Tests run: 1, Failures: 0, Errors: 0, Skipped: 0, Time elapsed: 0.409 sec
Running org.apache.ibatis.submitted.duplicate_resource_loaded.DuplicateResourceTest
Tests run: 1, Failures: 0, Errors: 0, Skipped: 0, Time elapsed: 2.243 sec
Running org.apache.ibatis.submitted.associationtype.AssociationTypeTest
Tests run: 1, Failures: 0, Errors: 0, Skipped: 0, Time elapsed: 0.364 sec
Running org.apache.ibatis.submitted.parent_childs.ParentChildTest
Tests run: 1, Failures: 0, Errors: 0, Skipped: 0, Time elapsed: 0.368 sec
Running org.apache.ibatis.submitted.not_null_column.NotNullColumnTest
Tests run: 8, Failures: 0, Errors: 0, Skipped: 0, Time elapsed: 0.411 sec
Running org.apache.ibatis.submitted.automatic_lazy_loading.AutomaticLazyLoadingTest
Tests run: 6, Failures: 0, Errors: 0, Skipped: 0, Time elapsed: 0.615 sec
Running org.apache.ibatis.submitted.awful_table.AwfulTableTest
Tests run: 1, Failures: 0, Errors: 0, Skipped: 0, Time elapsed: 0.423 sec
Running org.apache.ibatis.submitted.xml_external_ref.MultipleCrossIncludeTest
Tests run: 3, Failures: 0, Errors: 0, Skipped: 0, Time elapsed: 0.617 sec
Running org.apache.ibatis.submitted.xml_external_ref.SameIdTest
Tests run: 2, Failures: 0, Errors: 0, Skipped: 0, Time elapsed: 0.449 sec
Running org.apache.ibatis.submitted.xml_external_ref.XmlExternalRefTest
Tests run: 5, Failures: 0, Errors: 0, Skipped: 0, Time elapsed: 0.603 sec
Running org.apache.ibatis.submitted.xml_external_ref.MultipleReverseIncludeTest
Tests run: 2, Failures: 0, Errors: 0, Skipped: 0, Time elapsed: 0.428 sec
Running org.apache.ibatis.submitted.xml_external_ref.ShortNameTest
Tests run: 2, Failures: 0, Errors: 0, Skipped: 0, Time elapsed: 0.229 sec
Running org.apache.ibatis.submitted.xml_external_ref.ResultMapExtendsTest
Tests run: 2, Failures: 0, Errors: 0, Skipped: 0, Time elapsed: 0.417 sec
Running org.apache.ibatis.submitted.xml_external_ref.MultipleIncludeTest
Tests run: 2, Failures: 0, Errors: 0, Skipped: 0, Time elapsed: 0.414 sec
Running org.apache.ibatis.submitted.xml_external_ref.ReverseIncludeTest
Tests run: 2, Failures: 0, Errors: 0, Skipped: 0, Time elapsed: 0.465 sec
Running org.apache.ibatis.submitted.xml_external_ref.ResultMapReferenceTest
Tests run: 2, Failures: 0, Errors: 0, Skipped: 0, Time elapsed: 0.398 sec
Running org.apache.ibatis.submitted.xml_external_ref.ParameterMapReferenceTest
Tests run: 2, Failures: 0, Errors: 0, Skipped: 0, Time elapsed: 0.439 sec
Running org.apache.ibatis.submitted.xml_external_ref.NonFullyQualifiedNamespaceTest
Tests run: 1, Failures: 0, Errors: 0, Skipped: 0, Time elapsed: 0.435 sec
Running org.apache.ibatis.submitted.includes.IncludeTest
Tests run: 1, Failures: 0, Errors: 0, Skipped: 0, Time elapsed: 0.476 sec
Running org.apache.ibatis.submitted.parent_reference_3level.BlogTest
Tests run: 4, Failures: 0, Errors: 0, Skipped: 0, Time elapsed: 0.504 sec
Running org.apache.ibatis.submitted.maptypehandler.MapTypeHandlerTest
Tests run: 2, Failures: 0, Errors: 0, Skipped: 0, Time elapsed: 0.492 sec
Running org.apache.ibatis.submitted.lazy_deserialize.LazyDeserializeTest
Tests run: 1, Failures: 0, Errors: 0, Skipped: 0, Time elapsed: 0.611 sec
Running org.apache.ibatis.submitted.lazy_immutable.ImmutablePOJOTest
Tests run: 1, Failures: 0, Errors: 0, Skipped: 0, Time elapsed: 0.388 sec
Running org.apache.ibatis.submitted.count.CountTest
Tests run: 1, Failures: 0, Errors: 0, Skipped: 0, Time elapsed: 0.383 sec
Running org.apache.ibatis.submitted.propertiesinmapperfiles.PropertiesInMappersTest
Tests run: 1, Failures: 0, Errors: 0, Skipped: 0, Time elapsed: 0.415 sec
Running org.apache.ibatis.submitted.camelcase.CamelCaseMappingTest
Tests run: 2, Failures: 0, Errors: 0, Skipped: 0, Time elapsed: 0.382 sec
Running org.apache.ibatis.submitted.null_associations.FooMapperTest
Tests run: 2, Failures: 0, Errors: 0, Skipped: 0, Time elapsed: 0.392 sec
Running org.apache.ibatis.submitted.foreach.ForEachTest
Tests run: 3, Failures: 0, Errors: 0, Skipped: 0, Time elapsed: 0.411 sec
Running org.apache.ibatis.submitted.parametrizedlist.ParametrizedListTest
Tests run: 4, Failures: 0, Errors: 0, Skipped: 0, Time elapsed: 0.438 sec
Running org.apache.ibatis.submitted.initialized_collection_property.AuthorDAOTest
Tests run: 2, Failures: 0, Errors: 0, Skipped: 1, Time elapsed: 0.422 sec
Running org.apache.ibatis.logging.LogFactoryTest
ERROR StatusLogger No log4j2 configuration file found. Using default configuration: logging only errors to the console.
19:15:42.191 [main] ERROR java.lang.Object - Error message.
19:15:42.192 [main] ERROR java.lang.Object - Error with Exception.
java.lang.Exception: Test exception.
	at org.apache.ibatis.logging.LogFactoryTest.logSomething(LogFactoryTest.java:106) [test-classes/:?]
	at org.apache.ibatis.logging.LogFactoryTest.shouldUseLog4J2(LogFactoryTest.java:55) [test-classes/:?]
	at sun.reflect.NativeMethodAccessorImpl.invoke0(Native Method) ~[?:1.8.0_262]
	at sun.reflect.NativeMethodAccessorImpl.invoke(NativeMethodAccessorImpl.java:62) ~[?:1.8.0_262]
	at sun.reflect.DelegatingMethodAccessorImpl.invoke(DelegatingMethodAccessorImpl.java:43) ~[?:1.8.0_262]
	at java.lang.reflect.Method.invoke(Method.java:498) ~[?:1.8.0_262]
	at org.junit.runners.model.FrameworkMethod$1.runReflectiveCall(FrameworkMethod.java:47) [junit-4.11.jar:?]
	at org.junit.internal.runners.model.ReflectiveCallable.run(ReflectiveCallable.java:12) [junit-4.11.jar:?]
	at org.junit.runners.model.FrameworkMethod.invokeExplosively(FrameworkMethod.java:44) [junit-4.11.jar:?]
	at org.junit.internal.runners.statements.InvokeMethod.evaluate(InvokeMethod.java:17) [junit-4.11.jar:?]
	at org.junit.runners.ParentRunner.runLeaf(ParentRunner.java:271) [junit-4.11.jar:?]
	at org.junit.runners.BlockJUnit4ClassRunner.runChild(BlockJUnit4ClassRunner.java:70) [junit-4.11.jar:?]
	at org.junit.runners.BlockJUnit4ClassRunner.runChild(BlockJUnit4ClassRunner.java:50) [junit-4.11.jar:?]
	at org.junit.runners.ParentRunner$3.run(ParentRunner.java:238) [junit-4.11.jar:?]
	at org.junit.runners.ParentRunner$1.schedule(ParentRunner.java:63) [junit-4.11.jar:?]
	at org.junit.runners.ParentRunner.runChildren(ParentRunner.java:236) [junit-4.11.jar:?]
	at org.junit.runners.ParentRunner.access$000(ParentRunner.java:53) [junit-4.11.jar:?]
	at org.junit.runners.ParentRunner$2.evaluate(ParentRunner.java:229) [junit-4.11.jar:?]
	at org.junit.runners.ParentRunner.run(ParentRunner.java:309) [junit-4.11.jar:?]
	at org.apache.maven.surefire.junit4.JUnit4Provider.execute(JUnit4Provider.java:264) [surefire-junit4-2.13.jar:2.13]
	at org.apache.maven.surefire.junit4.JUnit4Provider.executeTestSet(JUnit4Provider.java:153) [surefire-junit4-2.13.jar:2.13]
	at org.apache.maven.surefire.junit4.JUnit4Provider.invoke(JUnit4Provider.java:124) [surefire-junit4-2.13.jar:2.13]
	at sun.reflect.NativeMethodAccessorImpl.invoke0(Native Method) ~[?:1.8.0_262]
	at sun.reflect.NativeMethodAccessorImpl.invoke(NativeMethodAccessorImpl.java:62) ~[?:1.8.0_262]
	at sun.reflect.DelegatingMethodAccessorImpl.invoke(DelegatingMethodAccessorImpl.java:43) ~[?:1.8.0_262]
	at java.lang.reflect.Method.invoke(Method.java:498) ~[?:1.8.0_262]
	at org.apache.maven.surefire.util.ReflectionUtils.invokeMethodWithArray2(ReflectionUtils.java:208) [surefire-api-2.13.jar:2.13]
	at org.apache.maven.surefire.booter.ProviderFactory$ProviderProxy.invoke(ProviderFactory.java:158) [surefire-booter-2.13.jar:2.13]
	at org.apache.maven.surefire.booter.ProviderFactory.invokeProvider(ProviderFactory.java:86) [surefire-booter-2.13.jar:2.13]
	at org.apache.maven.surefire.booter.ForkedBooter.runSuitesInProcess(ForkedBooter.java:153) [surefire-booter-2.13.jar:2.13]
	at org.apache.maven.surefire.booter.ForkedBooter.main(ForkedBooter.java:95) [surefire-booter-2.13.jar:2.13]
Logging initialized using 'class org.apache.ibatis.logging.stdout.StdOutImpl' adapter.
Warning message.
Debug message.
Error message.
Error with Exception.
java.lang.Exception: Test exception.
	at org.apache.ibatis.logging.LogFactoryTest.logSomething(LogFactoryTest.java:106)
	at org.apache.ibatis.logging.LogFactoryTest.shouldUseStdOut(LogFactoryTest.java:79)
	at sun.reflect.NativeMethodAccessorImpl.invoke0(Native Method)
	at sun.reflect.NativeMethodAccessorImpl.invoke(NativeMethodAccessorImpl.java:62)
	at sun.reflect.DelegatingMethodAccessorImpl.invoke(DelegatingMethodAccessorImpl.java:43)
	at java.lang.reflect.Method.invoke(Method.java:498)
	at org.junit.runners.model.FrameworkMethod$1.runReflectiveCall(FrameworkMethod.java:47)
	at org.junit.internal.runners.model.ReflectiveCallable.run(ReflectiveCallable.java:12)
	at org.junit.runners.model.FrameworkMethod.invokeExplosively(FrameworkMethod.java:44)
	at org.junit.internal.runners.statements.InvokeMethod.evaluate(InvokeMethod.java:17)
	at org.junit.runners.ParentRunner.runLeaf(ParentRunner.java:271)
	at org.junit.runners.BlockJUnit4ClassRunner.runChild(BlockJUnit4ClassRunner.java:70)
	at org.junit.runners.BlockJUnit4ClassRunner.runChild(BlockJUnit4ClassRunner.java:50)
	at org.junit.runners.ParentRunner$3.run(ParentRunner.java:238)
	at org.junit.runners.ParentRunner$1.schedule(ParentRunner.java:63)
	at org.junit.runners.ParentRunner.runChildren(ParentRunner.java:236)
	at org.junit.runners.ParentRunner.access$000(ParentRunner.java:53)
	at org.junit.runners.ParentRunner$2.evaluate(ParentRunner.java:229)
	at org.junit.runners.ParentRunner.run(ParentRunner.java:309)
	at org.apache.maven.surefire.junit4.JUnit4Provider.execute(JUnit4Provider.java:264)
	at org.apache.maven.surefire.junit4.JUnit4Provider.executeTestSet(JUnit4Provider.java:153)
	at org.apache.maven.surefire.junit4.JUnit4Provider.invoke(JUnit4Provider.java:124)
	at sun.reflect.NativeMethodAccessorImpl.invoke0(Native Method)
	at sun.reflect.NativeMethodAccessorImpl.invoke(NativeMethodAccessorImpl.java:62)
	at sun.reflect.DelegatingMethodAccessorImpl.invoke(DelegatingMethodAccessorImpl.java:43)
	at java.lang.reflect.Method.invoke(Method.java:498)
	at org.apache.maven.surefire.util.ReflectionUtils.invokeMethodWithArray2(ReflectionUtils.java:208)
	at org.apache.maven.surefire.booter.ProviderFactory$ProviderProxy.invoke(ProviderFactory.java:158)
	at org.apache.maven.surefire.booter.ProviderFactory.invokeProvider(ProviderFactory.java:86)
	at org.apache.maven.surefire.booter.ForkedBooter.runSuitesInProcess(ForkedBooter.java:153)
	at org.apache.maven.surefire.booter.ForkedBooter.main(ForkedBooter.java:95)
ERROR [main] - Error message.
ERROR [main] - Error with Exception.
java.lang.Exception: Test exception.
	at org.apache.ibatis.logging.LogFactoryTest.logSomething(LogFactoryTest.java:106)
	at org.apache.ibatis.logging.LogFactoryTest.shouldUseLog4J(LogFactoryTest.java:47)
	at sun.reflect.NativeMethodAccessorImpl.invoke0(Native Method)
	at sun.reflect.NativeMethodAccessorImpl.invoke(NativeMethodAccessorImpl.java:62)
	at sun.reflect.DelegatingMethodAccessorImpl.invoke(DelegatingMethodAccessorImpl.java:43)
	at java.lang.reflect.Method.invoke(Method.java:498)
	at org.junit.runners.model.FrameworkMethod$1.runReflectiveCall(FrameworkMethod.java:47)
	at org.junit.internal.runners.model.ReflectiveCallable.run(ReflectiveCallable.java:12)
	at org.junit.runners.model.FrameworkMethod.invokeExplosively(FrameworkMethod.java:44)
	at org.junit.internal.runners.statements.InvokeMethod.evaluate(InvokeMethod.java:17)
	at org.junit.runners.ParentRunner.runLeaf(ParentRunner.java:271)
	at org.junit.runners.BlockJUnit4ClassRunner.runChild(BlockJUnit4ClassRunner.java:70)
	at org.junit.runners.BlockJUnit4ClassRunner.runChild(BlockJUnit4ClassRunner.java:50)
	at org.junit.runners.ParentRunner$3.run(ParentRunner.java:238)
	at org.junit.runners.ParentRunner$1.schedule(ParentRunner.java:63)
	at org.junit.runners.ParentRunner.runChildren(ParentRunner.java:236)
	at org.junit.runners.ParentRunner.access$000(ParentRunner.java:53)
	at org.junit.runners.ParentRunner$2.evaluate(ParentRunner.java:229)
	at org.junit.runners.ParentRunner.run(ParentRunner.java:309)
	at org.apache.maven.surefire.junit4.JUnit4Provider.execute(JUnit4Provider.java:264)
	at org.apache.maven.surefire.junit4.JUnit4Provider.executeTestSet(JUnit4Provider.java:153)
	at org.apache.maven.surefire.junit4.JUnit4Provider.invoke(JUnit4Provider.java:124)
	at sun.reflect.NativeMethodAccessorImpl.invoke0(Native Method)
	at sun.reflect.NativeMethodAccessorImpl.invoke(NativeMethodAccessorImpl.java:62)
	at sun.reflect.DelegatingMethodAccessorImpl.invoke(DelegatingMethodAccessorImpl.java:43)
	at java.lang.reflect.Method.invoke(Method.java:498)
	at org.apache.maven.surefire.util.ReflectionUtils.invokeMethodWithArray2(ReflectionUtils.java:208)
	at org.apache.maven.surefire.booter.ProviderFactory$ProviderProxy.invoke(ProviderFactory.java:158)
	at org.apache.maven.surefire.booter.ProviderFactory.invokeProvider(ProviderFactory.java:86)
	at org.apache.maven.surefire.booter.ForkedBooter.runSuitesInProcess(ForkedBooter.java:153)
	at org.apache.maven.surefire.booter.ForkedBooter.main(ForkedBooter.java:95)
ERROR [main] - Error message.
ERROR [main] - Error with Exception.
java.lang.Exception: Test exception.
	at org.apache.ibatis.logging.LogFactoryTest.logSomething(LogFactoryTest.java:106)
	at org.apache.ibatis.logging.LogFactoryTest.shouldUseSlf4j(LogFactoryTest.java:71)
	at sun.reflect.NativeMethodAccessorImpl.invoke0(Native Method)
	at sun.reflect.NativeMethodAccessorImpl.invoke(NativeMethodAccessorImpl.java:62)
	at sun.reflect.DelegatingMethodAccessorImpl.invoke(DelegatingMethodAccessorImpl.java:43)
	at java.lang.reflect.Method.invoke(Method.java:498)
	at org.junit.runners.model.FrameworkMethod$1.runReflectiveCall(FrameworkMethod.java:47)
	at org.junit.internal.runners.model.ReflectiveCallable.run(ReflectiveCallable.java:12)
	at org.junit.runners.model.FrameworkMethod.invokeExplosively(FrameworkMethod.java:44)
	at org.junit.internal.runners.statements.InvokeMethod.evaluate(InvokeMethod.java:17)
	at org.junit.runners.ParentRunner.runLeaf(ParentRunner.java:271)
	at org.junit.runners.BlockJUnit4ClassRunner.runChild(BlockJUnit4ClassRunner.java:70)
	at org.junit.runners.BlockJUnit4ClassRunner.runChild(BlockJUnit4ClassRunner.java:50)
	at org.junit.runners.ParentRunner$3.run(ParentRunner.java:238)
	at org.junit.runners.ParentRunner$1.schedule(ParentRunner.java:63)
	at org.junit.runners.ParentRunner.runChildren(ParentRunner.java:236)
	at org.junit.runners.ParentRunner.access$000(ParentRunner.java:53)
	at org.junit.runners.ParentRunner$2.evaluate(ParentRunner.java:229)
	at org.junit.runners.ParentRunner.run(ParentRunner.java:309)
	at org.apache.maven.surefire.junit4.JUnit4Provider.execute(JUnit4Provider.java:264)
	at org.apache.maven.surefire.junit4.JUnit4Provider.executeTestSet(JUnit4Provider.java:153)
	at org.apache.maven.surefire.junit4.JUnit4Provider.invoke(JUnit4Provider.java:124)
	at sun.reflect.NativeMethodAccessorImpl.invoke0(Native Method)
	at sun.reflect.NativeMethodAccessorImpl.invoke(NativeMethodAccessorImpl.java:62)
	at sun.reflect.DelegatingMethodAccessorImpl.invoke(DelegatingMethodAccessorImpl.java:43)
	at java.lang.reflect.Method.invoke(Method.java:498)
	at org.apache.maven.surefire.util.ReflectionUtils.invokeMethodWithArray2(ReflectionUtils.java:208)
	at org.apache.maven.surefire.booter.ProviderFactory$ProviderProxy.invoke(ProviderFactory.java:158)
	at org.apache.maven.surefire.booter.ProviderFactory.invokeProvider(ProviderFactory.java:86)
	at org.apache.maven.surefire.booter.ForkedBooter.runSuitesInProcess(ForkedBooter.java:153)
	at org.apache.maven.surefire.booter.ForkedBooter.main(ForkedBooter.java:95)
Jul 30, 2020 7:15:42 PM org.apache.ibatis.logging.jdk14.Jdk14LoggingImpl warn
WARNING: Warning message.
Jul 30, 2020 7:15:42 PM org.apache.ibatis.logging.jdk14.Jdk14LoggingImpl error
SEVERE: Error message.
Jul 30, 2020 7:15:42 PM org.apache.ibatis.logging.jdk14.Jdk14LoggingImpl error
SEVERE: Error with Exception.
java.lang.Exception: Test exception.
	at org.apache.ibatis.logging.LogFactoryTest.logSomething(LogFactoryTest.java:106)
	at org.apache.ibatis.logging.LogFactoryTest.shouldUseJdKLogging(LogFactoryTest.java:63)
	at sun.reflect.NativeMethodAccessorImpl.invoke0(Native Method)
	at sun.reflect.NativeMethodAccessorImpl.invoke(NativeMethodAccessorImpl.java:62)
	at sun.reflect.DelegatingMethodAccessorImpl.invoke(DelegatingMethodAccessorImpl.java:43)
	at java.lang.reflect.Method.invoke(Method.java:498)
	at org.junit.runners.model.FrameworkMethod$1.runReflectiveCall(FrameworkMethod.java:47)
	at org.junit.internal.runners.model.ReflectiveCallable.run(ReflectiveCallable.java:12)
	at org.junit.runners.model.FrameworkMethod.invokeExplosively(FrameworkMethod.java:44)
	at org.junit.internal.runners.statements.InvokeMethod.evaluate(InvokeMethod.java:17)
	at org.junit.runners.ParentRunner.runLeaf(ParentRunner.java:271)
	at org.junit.runners.BlockJUnit4ClassRunner.runChild(BlockJUnit4ClassRunner.java:70)
	at org.junit.runners.BlockJUnit4ClassRunner.runChild(BlockJUnit4ClassRunner.java:50)
	at org.junit.runners.ParentRunner$3.run(ParentRunner.java:238)
	at org.junit.runners.ParentRunner$1.schedule(ParentRunner.java:63)
	at org.junit.runners.ParentRunner.runChildren(ParentRunner.java:236)
	at org.junit.runners.ParentRunner.access$000(ParentRunner.java:53)
	at org.junit.runners.ParentRunner$2.evaluate(ParentRunner.java:229)
	at org.junit.runners.ParentRunner.run(ParentRunner.java:309)
	at org.apache.maven.surefire.junit4.JUnit4Provider.execute(JUnit4Provider.java:264)
	at org.apache.maven.surefire.junit4.JUnit4Provider.executeTestSet(JUnit4Provider.java:153)
	at org.apache.maven.surefire.junit4.JUnit4Provider.invoke(JUnit4Provider.java:124)
	at sun.reflect.NativeMethodAccessorImpl.invoke0(Native Method)
	at sun.reflect.NativeMethodAccessorImpl.invoke(NativeMethodAccessorImpl.java:62)
	at sun.reflect.DelegatingMethodAccessorImpl.invoke(DelegatingMethodAccessorImpl.java:43)
	at java.lang.reflect.Method.invoke(Method.java:498)
	at org.apache.maven.surefire.util.ReflectionUtils.invokeMethodWithArray2(ReflectionUtils.java:208)
	at org.apache.maven.surefire.booter.ProviderFactory$ProviderProxy.invoke(ProviderFactory.java:158)
	at org.apache.maven.surefire.booter.ProviderFactory.invokeProvider(ProviderFactory.java:86)
	at org.apache.maven.surefire.booter.ForkedBooter.runSuitesInProcess(ForkedBooter.java:153)
	at org.apache.maven.surefire.booter.ForkedBooter.main(ForkedBooter.java:95)

ERROR [main] - Error message.
ERROR [main] - Error with Exception.
java.lang.Exception: Test exception.
	at org.apache.ibatis.logging.LogFactoryTest.logSomething(LogFactoryTest.java:106)
	at org.apache.ibatis.logging.LogFactoryTest.shouldUseCommonsLogging(LogFactoryTest.java:39)
	at sun.reflect.NativeMethodAccessorImpl.invoke0(Native Method)
	at sun.reflect.NativeMethodAccessorImpl.invoke(NativeMethodAccessorImpl.java:62)
	at sun.reflect.DelegatingMethodAccessorImpl.invoke(DelegatingMethodAccessorImpl.java:43)
	at java.lang.reflect.Method.invoke(Method.java:498)
	at org.junit.runners.model.FrameworkMethod$1.runReflectiveCall(FrameworkMethod.java:47)
	at org.junit.internal.runners.model.ReflectiveCallable.run(ReflectiveCallable.java:12)
	at org.junit.runners.model.FrameworkMethod.invokeExplosively(FrameworkMethod.java:44)
	at org.junit.internal.runners.statements.InvokeMethod.evaluate(InvokeMethod.java:17)
	at org.junit.runners.ParentRunner.runLeaf(ParentRunner.java:271)
	at org.junit.runners.BlockJUnit4ClassRunner.runChild(BlockJUnit4ClassRunner.java:70)
	at org.junit.runners.BlockJUnit4ClassRunner.runChild(BlockJUnit4ClassRunner.java:50)
	at org.junit.runners.ParentRunner$3.run(ParentRunner.java:238)
	at org.junit.runners.ParentRunner$1.schedule(ParentRunner.java:63)
	at org.junit.runners.ParentRunner.runChildren(ParentRunner.java:236)
	at org.junit.runners.ParentRunner.access$000(ParentRunner.java:53)
	at org.junit.runners.ParentRunner$2.evaluate(ParentRunner.java:229)
	at org.junit.runners.ParentRunner.run(ParentRunner.java:309)
	at org.apache.maven.surefire.junit4.JUnit4Provider.execute(JUnit4Provider.java:264)
	at org.apache.maven.surefire.junit4.JUnit4Provider.executeTestSet(JUnit4Provider.java:153)
	at org.apache.maven.surefire.junit4.JUnit4Provider.invoke(JUnit4Provider.java:124)
	at sun.reflect.NativeMethodAccessorImpl.invoke0(Native Method)
	at sun.reflect.NativeMethodAccessorImpl.invoke(NativeMethodAccessorImpl.java:62)
	at sun.reflect.DelegatingMethodAccessorImpl.invoke(DelegatingMethodAccessorImpl.java:43)
	at java.lang.reflect.Method.invoke(Method.java:498)
	at org.apache.maven.surefire.util.ReflectionUtils.invokeMethodWithArray2(ReflectionUtils.java:208)
	at org.apache.maven.surefire.booter.ProviderFactory$ProviderProxy.invoke(ProviderFactory.java:158)
	at org.apache.maven.surefire.booter.ProviderFactory.invokeProvider(ProviderFactory.java:86)
	at org.apache.maven.surefire.booter.ForkedBooter.runSuitesInProcess(ForkedBooter.java:153)
	at org.apache.maven.surefire.booter.ForkedBooter.main(ForkedBooter.java:95)
Tests run: 8, Failures: 0, Errors: 0, Skipped: 0, Time elapsed: 0.452 sec
Running org.apache.ibatis.logging.jdbc.ResultSetLoggerTest
Tests run: 2, Failures: 0, Errors: 0, Skipped: 0, Time elapsed: 0.237 sec
Running org.apache.ibatis.jdbc.SQLTest
Tests run: 8, Failures: 0, Errors: 0, Skipped: 0, Time elapsed: 0.045 sec
Running org.apache.ibatis.jdbc.SqlRunnerTest
Tests run: 6, Failures: 0, Errors: 0, Skipped: 0, Time elapsed: 2.648 sec
Running org.apache.ibatis.jdbc.SqlBuilderTest
Tests run: 5, Failures: 0, Errors: 0, Skipped: 0, Time elapsed: 0.039 sec
Running org.apache.ibatis.jdbc.PooledDataSourceTest
Tests run: 3, Failures: 0, Errors: 0, Skipped: 0, Time elapsed: 0.375 sec
Running org.apache.ibatis.jdbc.ScriptRunnerTest
Tests run: 5, Failures: 0, Errors: 0, Skipped: 1, Time elapsed: 0.354 sec
Running org.apache.ibatis.jdbc.SelectBuilderTest
Tests run: 5, Failures: 0, Errors: 0, Skipped: 0, Time elapsed: 0.037 sec
Running org.apache.ibatis.jdbc.NullTest
Tests run: 1, Failures: 0, Errors: 0, Skipped: 0, Time elapsed: 0.046 sec
Running org.apache.ibatis.io.ResourcesTest
Tests run: 18, Failures: 0, Errors: 0, Skipped: 0, Time elapsed: 0.048 sec
Running org.apache.ibatis.io.ExternalResourcesTest
Tests run: 4, Failures: 0, Errors: 0, Skipped: 0, Time elapsed: 0.058 sec
Running org.apache.ibatis.io.ClassLoaderWrapperTest
Tests run: 9, Failures: 0, Errors: 0, Skipped: 0, Time elapsed: 0.051 sec
Running org.apache.ibatis.datasource.unpooled.UnpooledDataSourceTest
Tests run: 2, Failures: 0, Errors: 0, Skipped: 1, Time elapsed: 0.319 sec
Running org.apache.ibatis.datasource.jndi.JndiDataSourceFactoryTest
Tests run: 1, Failures: 0, Errors: 0, Skipped: 0, Time elapsed: 0.096 sec

Results :

Tests run: 896, Failures: 0, Errors: 0, Skipped: 13

[INFO] 
[INFO] --- maven-pdf-plugin:1.2:pdf (pdf) @ mybatis ---
[INFO] Skipped report generation.
[WARNING] [FO Sink] Unknown Sink event: 'span', ignoring!
ERROR [org.apache.fop.fo.FONode:83] 2020-07-30 19:15:52,104 - Image not found: http://www.mybatis.org/images/logo.png
ERROR [org.apache.fop.render:1759] 2020-07-30 19:15:52,250 - Image not found: http://www.mybatis.org/images/logo.png
[INFO] 
[INFO] --- maven-jar-plugin:2.4:jar (default-jar) @ mybatis ---
[INFO] Building jar: /tmp/tmp2aorbkjq/mybatis-3/target/mybatis-3.2.8.jar
[INFO] 
[INFO] --- maven-site-plugin:3.3:attach-descriptor (attach-descriptor) @ mybatis ---
[INFO] 
[INFO] --- maven-assembly-plugin:3.2.0:single (default) @ mybatis ---
[INFO] Building jar: /tmp/tmp2aorbkjq/mybatis-3/target/mybatis-3.2.8-jar-with-dependencies.jar
[INFO] ------------------------------------------------------------------------
[INFO] BUILD SUCCESS
[INFO] ------------------------------------------------------------------------
[INFO] Total time:  02:59 min
[INFO] Finished at: 2020-07-30T19:15:57Z
[INFO] ------------------------------------------------------------------------
