[INFO] Error stacktraces are turned on.
[INFO] Scanning for projects...
[INFO] 
[INFO] -----------------------< org.joda:joda-convert >------------------------
[INFO] Building Joda-Convert 2.2.1
[INFO] --------------------------------[ jar ]---------------------------------
[INFO] 
[INFO] --- maven-enforcer-plugin:3.0.0-M1:enforce (enforce-maven) @ joda-convert ---
[INFO] 
[INFO] --- jacoco-maven-plugin:0.8.2:prepare-agent (jacoco-initialize) @ joda-convert ---
[INFO] argLine set to -javaagent:/home/jdbl/.m2/repository/org/jacoco/org.jacoco.agent/0.8.2/org.jacoco.agent-0.8.2-runtime.jar=destfile=/tmp/tmp0hjbmbcv/joda-convert/target/jacoco.exec
[INFO] 
[INFO] --- maven-checkstyle-plugin:2.17:checkstyle (run-checkstyle) @ joda-convert ---
[INFO] 
[INFO] --- maven-resources-plugin:3.1.0:resources (default-resources) @ joda-convert ---
[INFO] Using 'UTF-8' encoding to copy filtered resources.
[INFO] skip non existing resourceDirectory /tmp/tmp0hjbmbcv/joda-convert/src/main/resources
[INFO] Copying 2 resources to META-INF
[INFO] 
[INFO] --- maven-compiler-plugin:3.8.0:compile (default-compile) @ joda-convert ---
[INFO] Changes detected - recompiling the module!
[INFO] Compiling 31 source files to /tmp/tmp0hjbmbcv/joda-convert/target/classes
[INFO] 
[INFO] --- maven-bundle-plugin:4.1.0:manifest (bundle-manifest) @ joda-convert ---
[INFO] 
[INFO] --- maven-resources-plugin:3.1.0:testResources (default-testResources) @ joda-convert ---
[INFO] Using 'UTF-8' encoding to copy filtered resources.
[INFO] Copying 1 resource
[INFO] 
[INFO] --- maven-compiler-plugin:3.8.0:testCompile (default-testCompile) @ joda-convert ---
[INFO] Changes detected - recompiling the module!
[INFO] Compiling 61 source files to /tmp/tmp0hjbmbcv/joda-convert/target/test-classes
[INFO] 
[INFO] --- maven-surefire-plugin:2.22.1:test (default-test) @ joda-convert ---
[INFO] Surefire report directory: /tmp/tmp0hjbmbcv/joda-convert/target/surefire-reports
[INFO] 
[INFO] -------------------------------------------------------
[INFO]  T E S T S
[INFO] -------------------------------------------------------
[INFO] Running org.joda.convert.TestNumericArrayStringConverterFactory
[INFO] Tests run: 5, Failures: 0, Errors: 0, Skipped: 0, Time elapsed: 0.504 s - in org.joda.convert.TestNumericArrayStringConverterFactory
[INFO] Running org.joda.convert.TestBooleanObjectArrayStringConverterFactory
[INFO] Tests run: 1, Failures: 0, Errors: 0, Skipped: 0, Time elapsed: 0.001 s - in org.joda.convert.TestBooleanObjectArrayStringConverterFactory
[INFO] Running org.joda.convert.TestGuavaTypeTokenStringConverter
[INFO] Tests run: 17, Failures: 0, Errors: 0, Skipped: 0, Time elapsed: 0.049 s - in org.joda.convert.TestGuavaTypeTokenStringConverter
[INFO] Running org.joda.convert.TestNumericObjectArrayStringConverterFactory
[INFO] Tests run: 5, Failures: 0, Errors: 0, Skipped: 0, Time elapsed: 0.023 s - in org.joda.convert.TestNumericObjectArrayStringConverterFactory
[INFO] Running org.joda.convert.TestJDKStringConverters
ERROR: Invalid Renamed.ini: file:/tmp/tmp0hjbmbcv/joda-convert/target/test-classes/META-INF/org/joda/convert/Renamed.ini: Class.forName(org.joda.convert.ClassDoesNotExist) failed: org.joda.convert.ClassDoesNotExist
[INFO] Tests run: 50, Failures: 0, Errors: 0, Skipped: 0, Time elapsed: 0.097 s - in org.joda.convert.TestJDKStringConverters
[INFO] Running org.joda.convert.TestCharObjectArrayStringConverterFactory
[INFO] Tests run: 1, Failures: 0, Errors: 0, Skipped: 0, Time elapsed: 0.007 s - in org.joda.convert.TestCharObjectArrayStringConverterFactory
[INFO] Running org.joda.convert.TestRenameHandler
[INFO] Tests run: 7, Failures: 0, Errors: 0, Skipped: 0, Time elapsed: 0.001 s - in org.joda.convert.TestRenameHandler
[INFO] Running org.joda.convert.TestBooleanArrayStringConverterFactory
[INFO] Tests run: 1, Failures: 0, Errors: 0, Skipped: 0, Time elapsed: 0.006 s - in org.joda.convert.TestBooleanArrayStringConverterFactory
[INFO] Running org.joda.convert.TestStringConvert
[INFO] Tests run: 90, Failures: 0, Errors: 0, Skipped: 0, Time elapsed: 0.192 s - in org.joda.convert.TestStringConvert
[INFO] Running org.joda.convert.TestStringConverterFactory
[INFO] Tests run: 6, Failures: 0, Errors: 0, Skipped: 0, Time elapsed: 0.017 s - in org.joda.convert.TestStringConverterFactory
[INFO] Running org.joda.convert.TestByteObjectArrayStringConverterFactory
[INFO] Tests run: 1, Failures: 0, Errors: 0, Skipped: 0, Time elapsed: 0.001 s - in org.joda.convert.TestByteObjectArrayStringConverterFactory
[INFO] Running org.joda.convert.TestJavaTime
[INFO] Tests run: 1, Failures: 0, Errors: 0, Skipped: 0, Time elapsed: 0 s - in org.joda.convert.TestJavaTime
[INFO] 
[INFO] Results:
[INFO] 
[INFO] Tests run: 185, Failures: 0, Errors: 0, Skipped: 0
[INFO] 
[INFO] 
[INFO] --- maven-surefire-plugin:2.22.1:test (no-guava) @ joda-convert ---
[INFO] Surefire report directory: /tmp/tmp0hjbmbcv/joda-convert/target/surefire-reports
[INFO] 
[INFO] -------------------------------------------------------
[INFO]  T E S T S
[INFO] -------------------------------------------------------
[INFO] Running org.joda.convert.TestNumericArrayStringConverterFactory
[INFO] Tests run: 5, Failures: 0, Errors: 0, Skipped: 0, Time elapsed: 0.569 s - in org.joda.convert.TestNumericArrayStringConverterFactory
[INFO] Running org.joda.convert.TestBooleanObjectArrayStringConverterFactory
[INFO] Tests run: 1, Failures: 0, Errors: 0, Skipped: 0, Time elapsed: 0.018 s - in org.joda.convert.TestBooleanObjectArrayStringConverterFactory
[INFO] Running org.joda.convert.TestNumericObjectArrayStringConverterFactory
[INFO] Tests run: 5, Failures: 0, Errors: 0, Skipped: 0, Time elapsed: 0.049 s - in org.joda.convert.TestNumericObjectArrayStringConverterFactory
[INFO] Running org.joda.convert.TestJDKStringConverters
ERROR: Invalid Renamed.ini: file:/tmp/tmp0hjbmbcv/joda-convert/target/test-classes/META-INF/org/joda/convert/Renamed.ini: Class.forName(org.joda.convert.ClassDoesNotExist) failed: org.joda.convert.ClassDoesNotExist
[INFO] Tests run: 50, Failures: 0, Errors: 0, Skipped: 0, Time elapsed: 0.103 s - in org.joda.convert.TestJDKStringConverters
[INFO] Running org.joda.convert.TestCharObjectArrayStringConverterFactory
[INFO] Tests run: 1, Failures: 0, Errors: 0, Skipped: 0, Time elapsed: 0.006 s - in org.joda.convert.TestCharObjectArrayStringConverterFactory
[INFO] Running org.joda.convert.TestBooleanArrayStringConverterFactory
[INFO] Tests run: 1, Failures: 0, Errors: 0, Skipped: 0, Time elapsed: 0.009 s - in org.joda.convert.TestBooleanArrayStringConverterFactory
[INFO] Running org.joda.convert.TestStringConvert
[INFO] Tests run: 90, Failures: 0, Errors: 0, Skipped: 0, Time elapsed: 0.176 s - in org.joda.convert.TestStringConvert
[INFO] Running org.joda.convert.TestStringConverterFactory
[INFO] Tests run: 6, Failures: 0, Errors: 0, Skipped: 0, Time elapsed: 0 s - in org.joda.convert.TestStringConverterFactory
[INFO] Running org.joda.convert.TestByteObjectArrayStringConverterFactory
[INFO] Tests run: 1, Failures: 0, Errors: 0, Skipped: 0, Time elapsed: 0.001 s - in org.joda.convert.TestByteObjectArrayStringConverterFactory
[INFO] 
[INFO] Results:
[INFO] 
[INFO] Tests run: 160, Failures: 0, Errors: 0, Skipped: 0
[INFO] 
[INFO] 
[INFO] --- maven-jar-plugin:3.1.0:jar (default-jar) @ joda-convert ---
[INFO] Building jar: /tmp/tmp0hjbmbcv/joda-convert/target/joda-convert-2.2.1.jar
[INFO] 
[INFO] --- maven-javadoc-plugin:3.0.0-M1:jar (attach-javadocs) @ joda-convert ---
[INFO] Skipping javadoc generation
[INFO] 
[INFO] --- maven-source-plugin:3.0.1:jar-no-fork (attach-sources) @ joda-convert ---
[INFO] Building jar: /tmp/tmp0hjbmbcv/joda-convert/target/joda-convert-2.2.1-sources.jar
[INFO] 
[INFO] --- jacoco-maven-plugin:0.8.2:report (jacoco-site) @ joda-convert ---
[INFO] Loading execution data file /tmp/tmp0hjbmbcv/joda-convert/target/jacoco.exec
[INFO] Analyzed bundle 'Joda-Convert' with 106 classes
[INFO] 
[INFO] --- maven-assembly-plugin:3.2.0:single (default) @ joda-convert ---
[INFO] Building jar: /tmp/tmp0hjbmbcv/joda-convert/target/joda-convert-2.2.1-jar-with-dependencies.jar
[INFO] 
[INFO] --- maven-site-plugin:3.7.1:attach-descriptor (attach-descriptor) @ joda-convert ---
[INFO] Skipping because packaging 'jar' is not pom.
[INFO] ------------------------------------------------------------------------
[INFO] BUILD SUCCESS
[INFO] ------------------------------------------------------------------------
[INFO] Total time:  41.909 s
[INFO] Finished at: 2020-07-30T15:19:10Z
[INFO] ------------------------------------------------------------------------
