[INFO] Error stacktraces are turned on.
[INFO] Scanning for projects...
[INFO] 
[INFO] ------------------------< cleancode:cleancode >-------------------------
[INFO] Building cleancode 1.0-SNAPSHOT
[INFO] --------------------------------[ jar ]---------------------------------
[INFO] 
[INFO] --- jacoco-maven-plugin:0.8.5:prepare-agent (default) @ cleancode ---
[INFO] argLine set to -javaagent:/home/jdbl/.m2/repository/org/jacoco/org.jacoco.agent/0.8.5/org.jacoco.agent-0.8.5-runtime.jar=destfile=/tmp/tmpmvbqh2kd/cleancode/target/jacoco.exec
[INFO] 
[INFO] --- maven-resources-plugin:2.6:resources (default-resources) @ cleancode ---
[WARNING] Using platform encoding (UTF-8 actually) to copy filtered resources, i.e. build is platform dependent!
[INFO] skip non existing resourceDirectory /tmp/tmpmvbqh2kd/cleancode/src/main/resources
[INFO] 
[INFO] --- maven-compiler-plugin:3.1:compile (default-compile) @ cleancode ---
[INFO] Changes detected - recompiling the module!
[WARNING] File encoding has not been set, using platform encoding UTF-8, i.e. build is platform dependent!
[INFO] Compiling 86 source files to /tmp/tmpmvbqh2kd/cleancode/target/classes
[INFO] 
[INFO] --- maven-resources-plugin:2.6:testResources (default-testResources) @ cleancode ---
[WARNING] Using platform encoding (UTF-8 actually) to copy filtered resources, i.e. build is platform dependent!
[INFO] skip non existing resourceDirectory /tmp/tmpmvbqh2kd/cleancode/src/test/resources
[INFO] 
[INFO] --- maven-compiler-plugin:3.1:testCompile (default-testCompile) @ cleancode ---
[INFO] Changes detected - recompiling the module!
[WARNING] File encoding has not been set, using platform encoding UTF-8, i.e. build is platform dependent!
[INFO] Compiling 5 source files to /tmp/tmpmvbqh2kd/cleancode/target/test-classes
[INFO] 
[INFO] --- maven-surefire-plugin:2.19.1:test (default-test) @ cleancode ---
[INFO] Surefire report directory: /tmp/tmpmvbqh2kd/cleancode/target/surefire-reports

-------------------------------------------------------
 T E S T S
-------------------------------------------------------
Running zhangyi.design.visitor.before.QuestionExporterTest
Tests run: 1, Failures: 0, Errors: 0, Skipped: 0, Time elapsed: 0.149 sec - in zhangyi.design.visitor.before.QuestionExporterTest
Running zhangyi.refactoring.SecurityDecoratorTest
user login
--------
2020-07-30
user login
--------
security
2020-07-30
user login
employee login
Tests run: 1, Failures: 0, Errors: 0, Skipped: 0, Time elapsed: 0.002 sec - in zhangyi.refactoring.SecurityDecoratorTest
Running zhangyi.refactoring.mfbook.CustomerTest
Tests run: 7, Failures: 0, Errors: 0, Skipped: 0, Time elapsed: 0.004 sec - in zhangyi.refactoring.mfbook.CustomerTest
Running zhangyi.framework.mockito.RosterTest
Tests run: 1, Failures: 0, Errors: 0, Skipped: 0, Time elapsed: 0.237 sec - in zhangyi.framework.mockito.RosterTest
Running zhangyi.framework.powermock.EmployeeRepositoryTest
Tests run: 4, Failures: 0, Errors: 0, Skipped: 0, Time elapsed: 0.762 sec - in zhangyi.framework.powermock.EmployeeRepositoryTest

Results :

Tests run: 14, Failures: 0, Errors: 0, Skipped: 0

[INFO] 
[INFO] --- jacoco-maven-plugin:0.8.5:report (report) @ cleancode ---
[INFO] Loading execution data file /tmp/tmpmvbqh2kd/cleancode/target/jacoco.exec
[INFO] Analyzed bundle 'cleancode' with 1072 classes
[WARNING] Classes in bundle 'cleancode' do no match with execution data. For report generation the same class files must be used as at runtime.
[WARNING] Execution data for class zhangyi/framework/powermock/EmployeeTableUtil does not match.
[INFO] ------------------------------------------------------------------------
[INFO] BUILD SUCCESS
[INFO] ------------------------------------------------------------------------
[INFO] Total time:  9.281 s
[INFO] Finished at: 2020-07-30T21:52:26Z
[INFO] ------------------------------------------------------------------------
