[INFO] Error stacktraces are turned on.
[INFO] Scanning for projects...
[WARNING] 
[WARNING] Some problems were encountered while building the effective model for org.greenbuttonalliance:open-espi-data-custodian:war:1.3.0.1-SNAPSHOT
[WARNING] 'build.plugins.plugin.(groupId:artifactId)' must be unique but found duplicate declaration of plugin org.apache.maven.plugins:maven-surefire-plugin @ line 533, column 15
[WARNING] 'build.plugins.plugin.version' for org.apache.maven.plugins:maven-clean-plugin is missing. @ line 437, column 15
[WARNING] 
[WARNING] It is highly recommended to fix these problems because they threaten the stability of your build.
[WARNING] 
[WARNING] For this reason, future Maven versions might no longer support building such malformed projects.
[WARNING] 
[WARNING] The project org.greenbuttonalliance:open-espi-data-custodian:war:1.3.0.1-SNAPSHOT uses prerequisites which is only intended for maven-plugin projects but not for non maven-plugin projects. For such purposes you should use the maven-enforcer-plugin. See https://maven.apache.org/enforcer/enforcer-rules/requireMavenVersion.html
[INFO] 
[INFO] ----------< org.greenbuttonalliance:open-espi-data-custodian >----------
[INFO] Building open-espi-data-custodian 1.3.0.1-SNAPSHOT
[INFO] --------------------------------[ war ]---------------------------------
[WARNING] Could not transfer metadata org.greenbuttonalliance:Common:1.3-SNAPSHOT/maven-metadata.xml from/to spring-maven-release (http://maven.springframework.org/release): Authorization failed for http://maven.springframework.org/release/org/greenbuttonalliance/Common/1.3-SNAPSHOT/maven-metadata.xml 403 Forbidden
[WARNING] Could not transfer metadata org.greenbuttonalliance:Common:1.3-SNAPSHOT/maven-metadata.xml from/to spring-maven-milestone (http://maven.springframework.org/milestone): Authorization failed for http://maven.springframework.org/milestone/org/greenbuttonalliance/Common/1.3-SNAPSHOT/maven-metadata.xml 403 Forbidden
[WARNING] Could not transfer metadata org.greenbuttonalliance:Common:1.3-SNAPSHOT/maven-metadata.xml from/to spring-maven-snapshot (http://maven.springframework.org/snapshot): Authorization failed for http://maven.springframework.org/snapshot/org/greenbuttonalliance/Common/1.3-SNAPSHOT/maven-metadata.xml 403 Forbidden
[WARNING] Failure to transfer org.greenbuttonalliance:Common:1.3-SNAPSHOT/maven-metadata.xml from http://maven.springframework.org/release was cached in the local repository, resolution will not be reattempted until the update interval of spring-maven-release has elapsed or updates are forced. Original error: Could not transfer metadata org.greenbuttonalliance:Common:1.3-SNAPSHOT/maven-metadata.xml from/to spring-maven-release (http://maven.springframework.org/release): Authorization failed for http://maven.springframework.org/release/org/greenbuttonalliance/Common/1.3-SNAPSHOT/maven-metadata.xml 403 Forbidden
[WARNING] Failure to transfer org.greenbuttonalliance:Common:1.3-SNAPSHOT/maven-metadata.xml from http://maven.springframework.org/milestone was cached in the local repository, resolution will not be reattempted until the update interval of spring-maven-milestone has elapsed or updates are forced. Original error: Could not transfer metadata org.greenbuttonalliance:Common:1.3-SNAPSHOT/maven-metadata.xml from/to spring-maven-milestone (http://maven.springframework.org/milestone): Authorization failed for http://maven.springframework.org/milestone/org/greenbuttonalliance/Common/1.3-SNAPSHOT/maven-metadata.xml 403 Forbidden
[WARNING] Failure to transfer org.greenbuttonalliance:Common:1.3-SNAPSHOT/maven-metadata.xml from http://maven.springframework.org/snapshot was cached in the local repository, resolution will not be reattempted until the update interval of spring-maven-snapshot has elapsed or updates are forced. Original error: Could not transfer metadata org.greenbuttonalliance:Common:1.3-SNAPSHOT/maven-metadata.xml from/to spring-maven-snapshot (http://maven.springframework.org/snapshot): Authorization failed for http://maven.springframework.org/snapshot/org/greenbuttonalliance/Common/1.3-SNAPSHOT/maven-metadata.xml 403 Forbidden
[INFO] 
[INFO] --- buildnumber-maven-plugin:1.1:create (default) @ open-espi-data-custodian ---
[INFO] Checking for local modifications: skipped.
[INFO] Updating project files from SCM: skipped.
[INFO] ShortRevision tag detected. The value is '7'.
[INFO] Executing: /bin/sh -c cd /tmp/tmpxq9v67b4/OpenESPI-DataCustodian-java && git rev-parse --verify --short=7 HEAD
[INFO] Working directory: /tmp/tmpxq9v67b4/OpenESPI-DataCustodian-java
[INFO] Storing buildNumber: 0427013 at timestamp: 1596139479652
[INFO] ShortRevision tag detected. The value is '7'.
[INFO] Executing: /bin/sh -c cd /tmp/tmpxq9v67b4/OpenESPI-DataCustodian-java && git rev-parse --verify --short=7 HEAD
[INFO] Working directory: /tmp/tmpxq9v67b4/OpenESPI-DataCustodian-java
[INFO] Storing buildScmBranch: UNKNOWN
[INFO] 
[INFO] --- maven-clean-plugin:2.5:clean (auto-clean) @ open-espi-data-custodian ---
[INFO] Deleting /tmp/tmpxq9v67b4/OpenESPI-DataCustodian-java/target
[INFO] 
[INFO] --- jacoco-maven-plugin:0.8.5:prepare-agent (default) @ open-espi-data-custodian ---
[INFO] argLine set to -javaagent:/home/jdbl/.m2/repository/org/jacoco/org.jacoco.agent/0.8.5/org.jacoco.agent-0.8.5-runtime.jar=destfile=/tmp/tmpxq9v67b4/OpenESPI-DataCustodian-java/target/jacoco.exec
[INFO] 
[INFO] --- maven-resources-plugin:2.6:resources (default-resources) @ open-espi-data-custodian ---
[INFO] Using 'UTF-8' encoding to copy filtered resources.
[INFO] Copying 10 resources
[INFO] 
[INFO] --- maven-compiler-plugin:2.5.1:compile (default-compile) @ open-espi-data-custodian ---
[INFO] Compiling 42 source files to /tmp/tmpxq9v67b4/OpenESPI-DataCustodian-java/target/classes
[INFO] 
[INFO] --- maven-resources-plugin:2.6:testResources (default-testResources) @ open-espi-data-custodian ---
[INFO] Using 'UTF-8' encoding to copy filtered resources.
[INFO] Copying 12 resources
[INFO] 
[INFO] --- maven-compiler-plugin:2.5.1:testCompile (default-testCompile) @ open-espi-data-custodian ---
[INFO] Compiling 41 source files to /tmp/tmpxq9v67b4/OpenESPI-DataCustodian-java/target/test-classes
[INFO] 
[INFO] --- maven-surefire-plugin:2.19.1:test (default-test) @ open-espi-data-custodian ---
[INFO] Surefire report directory: /tmp/tmpxq9v67b4/OpenESPI-DataCustodian-java/target/surefire-reports

-------------------------------------------------------
 T E S T S
-------------------------------------------------------
Running org.greenbuttonalliance.espi.datacustodian.domain.IdentifiedObjectTests
Tests run: 9, Failures: 0, Errors: 0, Skipped: 0, Time elapsed: 0.235 sec - in org.greenbuttonalliance.espi.datacustodian.domain.IdentifiedObjectTests
Running org.greenbuttonalliance.espi.datacustodian.domain.MeterReadingTests
Tests run: 6, Failures: 0, Errors: 0, Skipped: 2, Time elapsed: 0.218 sec - in org.greenbuttonalliance.espi.datacustodian.domain.MeterReadingTests
Running org.greenbuttonalliance.espi.datacustodian.domain.UsagePointTests
Tests run: 2, Failures: 0, Errors: 0, Skipped: 0, Time elapsed: 0.064 sec - in org.greenbuttonalliance.espi.datacustodian.domain.UsagePointTests
Running org.greenbuttonalliance.espi.datacustodian.web.custodian.UploadControllerTests
Tests run: 3, Failures: 0, Errors: 0, Skipped: 2, Time elapsed: 0.346 sec - in org.greenbuttonalliance.espi.datacustodian.web.custodian.UploadControllerTests
Running org.greenbuttonalliance.espi.datacustodian.web.custodian.AssociateUsagePointControllerTests
Tests run: 3, Failures: 0, Errors: 0, Skipped: 3, Time elapsed: 0.369 sec - in org.greenbuttonalliance.espi.datacustodian.web.custodian.AssociateUsagePointControllerTests
Running org.greenbuttonalliance.espi.datacustodian.web.custodian.CustodianHomeControllerTests
Tests run: 1, Failures: 0, Errors: 0, Skipped: 0, Time elapsed: 0.011 sec - in org.greenbuttonalliance.espi.datacustodian.web.custodian.CustodianHomeControllerTests
Running org.greenbuttonalliance.espi.datacustodian.web.custodian.RetailCustomerUsagePointControllerTests
Tests run: 5, Failures: 0, Errors: 0, Skipped: 1, Time elapsed: 0.049 sec - in org.greenbuttonalliance.espi.datacustodian.web.custodian.RetailCustomerUsagePointControllerTests
Running org.greenbuttonalliance.espi.datacustodian.web.ExportFilterTests
Tests run: 9, Failures: 0, Errors: 0, Skipped: 0, Time elapsed: 0.049 sec - in org.greenbuttonalliance.espi.datacustodian.web.ExportFilterTests
Running org.greenbuttonalliance.espi.datacustodian.web.HomeControllerTests
Tests run: 2, Failures: 0, Errors: 0, Skipped: 2, Time elapsed: 0.009 sec - in org.greenbuttonalliance.espi.datacustodian.web.HomeControllerTests
Running org.greenbuttonalliance.espi.datacustodian.web.api.ExportServiceTests
Tests run: 5, Failures: 0, Errors: 0, Skipped: 5, Time elapsed: 0.011 sec - in org.greenbuttonalliance.espi.datacustodian.web.api.ExportServiceTests
Running org.greenbuttonalliance.espi.datacustodian.web.customer.CustomerHomeControllerTests
Tests run: 1, Failures: 0, Errors: 0, Skipped: 0, Time elapsed: 0.003 sec - in org.greenbuttonalliance.espi.datacustodian.web.customer.CustomerHomeControllerTests
Running org.greenbuttonalliance.espi.datacustodian.web.customer.UsagePointControllerTests
BaseController: currentCustomer -- null
Tests run: 4, Failures: 0, Errors: 0, Skipped: 2, Time elapsed: 0.062 sec - in org.greenbuttonalliance.espi.datacustodian.web.customer.UsagePointControllerTests
Running org.greenbuttonalliance.espi.datacustodian.web.customer.ScopeSelectionControllerTests
Tests run: 1, Failures: 0, Errors: 0, Skipped: 0, Time elapsed: 0.022 sec - in org.greenbuttonalliance.espi.datacustodian.web.customer.ScopeSelectionControllerTests
Running org.greenbuttonalliance.espi.datacustodian.web.LoginControllerTests
Tests run: 1, Failures: 0, Errors: 0, Skipped: 1, Time elapsed: 0.002 sec - in org.greenbuttonalliance.espi.datacustodian.web.LoginControllerTests
Running org.greenbuttonalliance.espi.datacustodian.web.filter.CORSFilterTests
Tests run: 1, Failures: 0, Errors: 0, Skipped: 0, Time elapsed: 0.039 sec - in org.greenbuttonalliance.espi.datacustodian.web.filter.CORSFilterTests
Running org.greenbuttonalliance.espi.datacustodian.models.atom.EntryTypeTests
Tests run: 3, Failures: 0, Errors: 0, Skipped: 0, Time elapsed: 0.001 sec - in org.greenbuttonalliance.espi.datacustodian.models.atom.EntryTypeTests
Running org.greenbuttonalliance.espi.datacustodian.console.ImportUsagePointTests
Tests run: 1, Failures: 0, Errors: 0, Skipped: 1, Time elapsed: 0.001 sec - in org.greenbuttonalliance.espi.datacustodian.console.ImportUsagePointTests
Running org.greenbuttonalliance.espi.datacustodian.integration.utils.ATOMContentHandlerTests
Tests run: 1, Failures: 0, Errors: 0, Skipped: 1, Time elapsed: 0.003 sec - in org.greenbuttonalliance.espi.datacustodian.integration.utils.ATOMContentHandlerTests
Running org.greenbuttonalliance.espi.datacustodian.integration.web.filters.CORSFilterTests
Tests run: 1, Failures: 0, Errors: 0, Skipped: 1, Time elapsed: 0.014 sec - in org.greenbuttonalliance.espi.datacustodian.integration.web.filters.CORSFilterTests
Running org.greenbuttonalliance.espi.datacustodian.integration.HomeTests
Tests run: 2, Failures: 0, Errors: 0, Skipped: 2, Time elapsed: 0.004 sec - in org.greenbuttonalliance.espi.datacustodian.integration.HomeTests
Running org.greenbuttonalliance.espi.datacustodian.oauth.EspiTokenEnhancerTests
Tests run: 4, Failures: 0, Errors: 0, Skipped: 4, Time elapsed: 0 sec - in org.greenbuttonalliance.espi.datacustodian.oauth.EspiTokenEnhancerTests
Running org.greenbuttonalliance.espi.datacustodian.repositories.jpa.MeterReadingRepositoryImplTests
Tests run: 2, Failures: 0, Errors: 0, Skipped: 2, Time elapsed: 0 sec - in org.greenbuttonalliance.espi.datacustodian.repositories.jpa.MeterReadingRepositoryImplTests

Results :

Tests run: 67, Failures: 0, Errors: 0, Skipped: 29

[INFO] 
[INFO] --- jacoco-maven-plugin:0.8.5:report (report) @ open-espi-data-custodian ---
[INFO] Loading execution data file /tmp/tmpxq9v67b4/OpenESPI-DataCustodian-java/target/jacoco.exec
[INFO] Analyzed bundle 'open-espi-data-custodian' with 44 classes
[INFO] ------------------------------------------------------------------------
[INFO] BUILD SUCCESS
[INFO] ------------------------------------------------------------------------
[INFO] Total time:  03:39 min
[INFO] Finished at: 2020-07-30T20:04:47Z
[INFO] ------------------------------------------------------------------------
