[INFO] Error stacktraces are turned on.
[INFO] Scanning for projects...
[INFO] 
[INFO] -----------------------------< ocrd:ocrd >------------------------------
[INFO] Building ocrd 0.1
[INFO] --------------------------------[ jar ]---------------------------------
[INFO] 
[INFO] --- jacoco-maven-plugin:0.8.5:prepare-agent (default) @ ocrd ---
[INFO] argLine set to -javaagent:/home/jdbl/.m2/repository/org/jacoco/org.jacoco.agent/0.8.5/org.jacoco.agent-0.8.5-runtime.jar=destfile=/tmp/tmpfu3yip97/ocrd-postcorrection/target/jacoco.exec
[INFO] 
[INFO] --- maven-resources-plugin:2.6:resources (default-resources) @ ocrd ---
[INFO] Using 'UTF-8' encoding to copy filtered resources.
[INFO] Copying 1 resource
[INFO] 
[INFO] --- maven-compiler-plugin:3.3:compile (default-compile) @ ocrd ---
[INFO] Changes detected - recompiling the module!
[INFO] Compiling 176 source files to /tmp/tmpfu3yip97/ocrd-postcorrection/target/classes
[INFO] /tmp/tmpfu3yip97/ocrd-postcorrection/src/main/java/de/lmu/cis/iba/LineAlignment.java: Some input files use unchecked or unsafe operations.
[INFO] /tmp/tmpfu3yip97/ocrd-postcorrection/src/main/java/de/lmu/cis/iba/LineAlignment.java: Recompile with -Xlint:unchecked for details.
[INFO] 
[INFO] --- maven-resources-plugin:2.6:testResources (default-testResources) @ ocrd ---
[INFO] Using 'UTF-8' encoding to copy filtered resources.
[INFO] Copying 44 resources
[INFO] 
[INFO] --- maven-compiler-plugin:3.3:testCompile (default-testCompile) @ ocrd ---
[INFO] Changes detected - recompiling the module!
[INFO] Compiling 54 source files to /tmp/tmpfu3yip97/ocrd-postcorrection/target/test-classes
[INFO] 
[INFO] --- maven-surefire-plugin:2.19.1:test (default-test) @ ocrd ---
[INFO] Surefire report directory: /tmp/tmpfu3yip97/ocrd-postcorrection/target/surefire-reports

-------------------------------------------------------
 T E S T S
-------------------------------------------------------
Running de.lmu.cis.ocrd.pagexml.test.BaseOCRTokenTest
2020-07-30 20:36:10 [main] de.lmu.cis.ocrd.pagexml.METSFileGroupReader.getBaseOCRTokenReader()
INFO: read 218 base ocr tokens for input file group OCR-D-EVAL
2020-07-30 20:36:20 [main] de.lmu.cis.ocrd.pagexml.METSFileGroupReader.getBaseOCRTokenReader()
INFO: read 218 base ocr tokens for input file group OCR-D-EVAL
2020-07-30 20:36:32 [main] de.lmu.cis.ocrd.pagexml.METSFileGroupReader.getBaseOCRTokenReader()
INFO: read 218 base ocr tokens for input file group OCR-D-EVAL
2020-07-30 20:36:42 [main] de.lmu.cis.ocrd.pagexml.METSFileGroupReader.getBaseOCRTokenReader()
INFO: read 218 base ocr tokens for input file group OCR-D-EVAL
2020-07-30 20:36:51 [main] de.lmu.cis.ocrd.pagexml.METSFileGroupReader.getBaseOCRTokenReader()
INFO: read 218 base ocr tokens for input file group OCR-D-EVAL
Tests run: 5, Failures: 0, Errors: 0, Skipped: 0, Time elapsed: 54.497 sec - in de.lmu.cis.ocrd.pagexml.test.BaseOCRTokenTest
Running de.lmu.cis.ocrd.pagexml.test.ProfiledPageTest
Tests run: 5, Failures: 0, Errors: 0, Skipped: 0, Time elapsed: 0.005 sec - in de.lmu.cis.ocrd.pagexml.test.ProfiledPageTest
Running de.lmu.cis.ocrd.pagexml.test.TokenizerTest
2020-07-30 20:36:54 [main] de.lmu.cis.ocrd.pagexml.test.TokenizerTest.checkToken()
INFO: word 'e', ID: tl_1_word0000
2020-07-30 20:36:54 [main] de.lmu.cis.ocrd.pagexml.test.TokenizerTest.checkToken()
INFO: suf = word0000
2020-07-30 20:36:54 [main] de.lmu.cis.ocrd.pagexml.test.TokenizerTest.checkToken()
INFO: word 'Sener', ID: tl_1_word0001_0001
2020-07-30 20:36:54 [main] de.lmu.cis.ocrd.pagexml.test.TokenizerTest.checkToken()
INFO: suf = _0001
2020-07-30 20:36:54 [main] de.lmu.cis.ocrd.pagexml.test.TokenizerTest.checkToken()
INFO: word 'ibus', ID: tl_1_word0001_0002
2020-07-30 20:36:54 [main] de.lmu.cis.ocrd.pagexml.test.TokenizerTest.checkToken()
INFO: suf = _0002
2020-07-30 20:36:54 [main] de.lmu.cis.ocrd.pagexml.test.TokenizerTest.checkToken()
INFO: word 'nom/', ID: tl_1_word0002_0001
2020-07-30 20:36:54 [main] de.lmu.cis.ocrd.pagexml.test.TokenizerTest.checkToken()
INFO: suf = _0001
2020-07-30 20:36:54 [main] de.lmu.cis.ocrd.pagexml.test.TokenizerTest.checkToken()
INFO: word 'inum.', ID: tl_1_word0002_0002
2020-07-30 20:36:54 [main] de.lmu.cis.ocrd.pagexml.test.TokenizerTest.checkToken()
INFO: suf = _0002
Tests run: 8, Failures: 0, Errors: 0, Skipped: 0, Time elapsed: 0.049 sec - in de.lmu.cis.ocrd.pagexml.test.TokenizerTest
Running de.lmu.cis.ocrd.pagexml.test.SchulteTest
Tests run: 2, Failures: 0, Errors: 0, Skipped: 0, Time elapsed: 7.288 sec - in de.lmu.cis.ocrd.pagexml.test.SchulteTest
Running de.lmu.cis.ocrd.pagexml.test.TextRegionTest
Tests run: 2, Failures: 0, Errors: 0, Skipped: 0, Time elapsed: 0.368 sec - in de.lmu.cis.ocrd.pagexml.test.TextRegionTest
Running de.lmu.cis.ocrd.pagexml.test.PageTest
Tests run: 25, Failures: 0, Errors: 0, Skipped: 0, Time elapsed: 0.127 sec - in de.lmu.cis.ocrd.pagexml.test.PageTest
Running de.lmu.cis.ocrd.pagexml.test.METSTest
Tests run: 14, Failures: 0, Errors: 0, Skipped: 0, Time elapsed: 0.116 sec - in de.lmu.cis.ocrd.pagexml.test.METSTest
Running de.lmu.cis.ocrd.ml.test.ARFFWriterDELocaleTest
Tests run: 3, Failures: 0, Errors: 0, Skipped: 0, Time elapsed: 0.071 sec - in de.lmu.cis.ocrd.ml.test.ARFFWriterDELocaleTest
Running de.lmu.cis.ocrd.ml.test.DefaultFeatureFactoryTest
Tests run: 6, Failures: 0, Errors: 0, Skipped: 0, Time elapsed: 0.025 sec - in de.lmu.cis.ocrd.ml.test.DefaultFeatureFactoryTest
Running de.lmu.cis.ocrd.ml.test.TokenTest
Tests run: 4, Failures: 0, Errors: 0, Skipped: 0, Time elapsed: 0.001 sec - in de.lmu.cis.ocrd.ml.test.TokenTest
Running de.lmu.cis.ocrd.ml.test.FeatureSetTest
Tests run: 4, Failures: 0, Errors: 0, Skipped: 0, Time elapsed: 0.001 sec - in de.lmu.cis.ocrd.ml.test.FeatureSetTest
Running de.lmu.cis.ocrd.ml.test.FeatureFactoryTest
Tests run: 3, Failures: 0, Errors: 0, Skipped: 0, Time elapsed: 0.002 sec - in de.lmu.cis.ocrd.ml.test.FeatureFactoryTest
Running de.lmu.cis.ocrd.ml.test.FreqMapTest
Tests run: 9, Failures: 0, Errors: 0, Skipped: 0, Time elapsed: 0.002 sec - in de.lmu.cis.ocrd.ml.test.FreqMapTest
Running de.lmu.cis.ocrd.ml.test.ARFFWriterTest
Tests run: 3, Failures: 0, Errors: 0, Skipped: 0, Time elapsed: 0.002 sec - in de.lmu.cis.ocrd.ml.test.ARFFWriterTest
Running de.lmu.cis.ocrd.ml.test.features.test.CandidateOCRPatternConfidenceFeatureTest
Tests run: 6, Failures: 0, Errors: 0, Skipped: 0, Time elapsed: 0.229 sec - in de.lmu.cis.ocrd.ml.test.features.test.CandidateOCRPatternConfidenceFeatureTest
Running de.lmu.cis.ocrd.ml.test.features.test.LineOverlapWithMasterOCRFeatureTest
Tests run: 2, Failures: 0, Errors: 0, Skipped: 0, Time elapsed: 0.221 sec - in de.lmu.cis.ocrd.ml.test.features.test.LineOverlapWithMasterOCRFeatureTest
Running de.lmu.cis.ocrd.ml.test.features.test.CandidateMatchesOCRTokenFeatureTest
Tests run: 3, Failures: 0, Errors: 0, Skipped: 0, Time elapsed: 0.218 sec - in de.lmu.cis.ocrd.ml.test.features.test.CandidateMatchesOCRTokenFeatureTest
Running de.lmu.cis.ocrd.ml.test.features.test.LevenshteinDistanceFeatureTest
Tests run: 5, Failures: 0, Errors: 0, Skipped: 0, Time elapsed: 0 sec - in de.lmu.cis.ocrd.ml.test.features.test.LevenshteinDistanceFeatureTest
Running de.lmu.cis.ocrd.ml.test.features.test.HighestRankedCandidateVoteWeightFeatureTest
Tests run: 2, Failures: 0, Errors: 0, Skipped: 0, Time elapsed: 0 sec - in de.lmu.cis.ocrd.ml.test.features.test.HighestRankedCandidateVoteWeightFeatureTest
Running de.lmu.cis.ocrd.ml.test.features.test.HighestRankedCandidateDistanceToNextFeatureTest
Tests run: 3, Failures: 0, Errors: 0, Skipped: 0, Time elapsed: 0 sec - in de.lmu.cis.ocrd.ml.test.features.test.HighestRankedCandidateDistanceToNextFeatureTest
Running de.lmu.cis.ocrd.ml.test.features.test.MatchingOCRTokensFeatureTest
Tests run: 3, Failures: 0, Errors: 0, Skipped: 0, Time elapsed: 0.124 sec - in de.lmu.cis.ocrd.ml.test.features.test.MatchingOCRTokensFeatureTest
Running de.lmu.cis.ocrd.ml.test.features.test.HighestRankedCandidateMatchesOCRFeatureTest
Tests run: 4, Failures: 0, Errors: 0, Skipped: 0, Time elapsed: 0.193 sec - in de.lmu.cis.ocrd.ml.test.features.test.HighestRankedCandidateMatchesOCRFeatureTest
Running de.lmu.cis.ocrd.ml.test.features.test.CandidateHistoricalPatternConfidenceTest
Tests run: 8, Failures: 0, Errors: 0, Skipped: 0, Time elapsed: 0.564 sec - in de.lmu.cis.ocrd.ml.test.features.test.CandidateHistoricalPatternConfidenceTest
Running de.lmu.cis.ocrd.ml.test.features.test.HighestRankedCandidateOCRPatternsDistanceFeatureTest
Tests run: 2, Failures: 0, Errors: 0, Skipped: 0, Time elapsed: 0.116 sec - in de.lmu.cis.ocrd.ml.test.features.test.HighestRankedCandidateOCRPatternsDistanceFeatureTest
Running de.lmu.cis.ocrd.ml.test.features.test.HighestRankedCandidateHistoricalPatternsDistanceFeatureTest
Tests run: 3, Failures: 0, Errors: 0, Skipped: 0, Time elapsed: 0.15 sec - in de.lmu.cis.ocrd.ml.test.features.test.HighestRankedCandidateHistoricalPatternsDistanceFeatureTest
Running de.lmu.cis.ocrd.ml.test.features.test.CandidateUnigramFeatureTest
Tests run: 3, Failures: 0, Errors: 0, Skipped: 0, Time elapsed: 0.348 sec - in de.lmu.cis.ocrd.ml.test.features.test.CandidateUnigramFeatureTest
Running de.lmu.cis.ocrd.ml.test.ModelTest
Tests run: 18, Failures: 0, Errors: 0, Skipped: 0, Time elapsed: 0.293 sec - in de.lmu.cis.ocrd.ml.test.ModelTest
Running de.lmu.cis.ocrd.ml.test.CharacterNGramsTest
Tests run: 4, Failures: 0, Errors: 0, Skipped: 0, Time elapsed: 0 sec - in de.lmu.cis.ocrd.ml.test.CharacterNGramsTest
Running de.lmu.cis.ocrd.ml.test.FeaturesTest
Tests run: 4, Failures: 0, Errors: 0, Skipped: 0, Time elapsed: 0.001 sec - in de.lmu.cis.ocrd.ml.test.FeaturesTest
Running de.lmu.cis.ocrd.ml.test.PatternSetTest
Tests run: 4, Failures: 0, Errors: 0, Skipped: 0, Time elapsed: 0.002 sec - in de.lmu.cis.ocrd.ml.test.PatternSetTest
Running de.lmu.cis.ocrd.align.test.TokenAlignmentTest
 ..building CDAWG 
 Creating left edges...
 Step 1...
 ... took 1 milliseconds
 ... memory used:151656080
 ... memory free:346417520
 ... memory total:498073600
Alignment: #ſeer krefftig [vñ von wegi|/ vñ von wegẽ j]rer vile$
 ..building CDAWG 
 Creating left edges...
 Step 1...
 ... took 1 milliseconds
 ... memory used:159866168
 ... memory free:338207432
 ... memory total:498073600
Alignment: #die[e Press| Preſſ]e$
 ..building CDAWG 
 Creating left edges...
 Step 1...
 ... took 0 milliseconds
 ... memory used:159866168
 ... memory free:338207432
 ... memory total:498073600
Alignment: #ab[| ]cd ef[ |]gh$
 ..building CDAWG 
 Creating left edges...
 Step 1...
 ... took 0 milliseconds
 ... memory used:159866168
 ... memory free:338207432
 ... memory total:498073600
Alignment: #ab[| ]cd ef gh$
 ..building CDAWG 
 Creating left edges...
 Step 1...
 ... took 1 milliseconds
 ... memory used:159866168
 ... memory free:338207432
 ... memory total:498073600
Alignment: #a[| ]b[| ]c def$
 ..building CDAWG 
 Creating left edges...
 Step 1...
 ... took 0 milliseconds
 ... memory used:159866168
 ... memory free:338207432
 ... memory total:498073600
Alignment: #abc def ghi$
 ..building CDAWG 
 Creating left edges...
 Step 1...
 ... took 2 milliseconds
 ... memory used:159866168
 ... memory free:338207432
 ... memory total:498073600
Alignment: #nen in de[| ]m Momente wo der Wagenzug anrasselte[|z] die [|C]gräßlich[e |ks]Ze[r|k]schm[e|k]t[tere|kckking] e[r|x]$
 ..building CDAWG 
 Creating left edges...
 Step 1...
 ... took 1 milliseconds
 ... memory used:159866168
 ... memory free:338207432
 ... memory total:498073600
Alignment: #[f|F]irst second [ThIrD ALONGTOKEN|third alongtoken] anotherevenlongertoken$
 ..building CDAWG 
 Creating left edges...
 Step 1...
 ... took 1 milliseconds
 ... memory used:159866168
 ... memory free:338207432
 ... memory total:498073600
Alignment: #[f|F]irst second [ThIrD ALONGTOKEN|third alongtoken] anotherev[e|]nlongert[oke|k]n$
 ..building CDAWG 
 Creating left edges...
 Step 1...
 ... took 0 milliseconds
 ... memory used:159866168
 ... memory free:338207432
 ... memory total:498073600
Alignment: #f[i|]rst second [ThIrD ALONGTOKEN|third alongtoken] anotherev[e|]nlongert[oke|k]n$
 ..building CDAWG 
 Creating left edges...
 Step 1...
 ... took 1 milliseconds
 ... memory used:159866168
 ... memory free:338207432
 ... memory total:498073600
Alignment: #ge[ſ|so]genen [e|c]entrali[ſ|s]irten[ |]Vol[k|l]es[|z] fragt die alten Städte Gent Br[i|ü]gg[r|e]$
 ..building CDAWG 
 Creating left edges...
 Step 1...
 ... took 1 milliseconds
 ... memory used:159866168
 ... memory free:338207432
 ... memory total:498073600
Alignment: #ge[ſge|sogc]nen [e|c]entrali[ſ|s]irten Volkes fragt die alten Städte Gent Br[i|ü]gg[r|e]$
 ..building CDAWG 
 Creating left edges...
 Step 1...
 ... took 1 milliseconds
 ... memory used:159866168
 ... memory free:338207432
 ... memory total:498073600
Alignment: #ge[ſ|so]genen [e|c]entrali[ſ|s]irten[ |]Vol[k|l]es[|z] fragt die alten Städte Gent Br[i|ü]gg[r|e]$
 ..building CDAWG 
 Creating left edges...
 Step 1...
 ... took 1 milliseconds
 ... memory used:159866168
 ... memory free:338207432
 ... memory total:498073600
Alignment: #ge[ſge|sogc]nen [e|c]entrali[ſ|s]irten Volkes fragt die alten Städte Gent Br[i|ü]gg[r|e]$
 ..building CDAWG 
 Creating left edges...
 Step 1...
 ... took 1 milliseconds
 ... memory used:159866168
 ... memory free:338207432
 ... memory total:498073600
Alignment: #ge[ſge|sogc]nen [e|c]entrali[ſ|s]irten Volkes fragt die alten Städte Gent Br[i|ü]gg[r|e]$
 ..building CDAWG 
 Creating left edges...
 Step 1...
 ... took 0 milliseconds
 ... memory used:159866168
 ... memory free:338207432
 ... memory total:498073600
Alignment: #ge[ſ|so]genen [e|c]entrali[ſ|s]irten[ |]Vol[k|l]es[|z] fragt die alten Städte Gent Br[i|ü]gg[r|e]$
 ..building CDAWG 
 Creating left edges...
 Step 1...
 ... took 5 milliseconds
 ... memory used:159866168
 ... memory free:338207432
 ... memory total:498073600
Alignment: #je nachdem sich die [v|d]orbildenden und die entscheidenden Perioden [|s]die Zeiten$
 ..building CDAWG 
 Creating left edges...
 Step 1...
 ... took 1 milliseconds
 ... memory used:159866168
 ... memory free:338207432
 ... memory total:498073600
Alignment: #che die [s|ſ]chö[ns|ͤnſ]te Blüthe der dramati[s|ſ]chen [|s]K[|k]rone Spaniens [s|ſ]ind Das Zeitalter$
 ..building CDAWG 
 Creating left edges...
 Step 1...
 ... took 2 milliseconds
 ... memory used:159866168
 ... memory free:338207432
 ... memory total:498073600
Alignment: #Na[| ]ch a[hm| h m ]u[| ]n[a| g ]s[m ü| w ii ]r[| ]di[g| a l]$
 ..building CDAWG 
 Creating left edges...
 Step 1...
 ... took 2 milliseconds
 ... memory used:159866168
 ... memory free:338207432
 ... memory total:498073600
Alignment: #t[h|b]ig mit dem [Rü|M]cken i[hm|] zu[|l]ge[keh|feb]rt Und wahrlich es i[s|ſ]t nicht gu[t daß es| daß es]$
Tests run: 12, Failures: 0, Errors: 0, Skipped: 0, Time elapsed: 0.096 sec - in de.lmu.cis.ocrd.align.test.TokenAlignmentTest
Running de.lmu.cis.ocrd.align.test.LineAlignmentTest
 ..building CDAWG 
 Creating left edges...
 Step 1...
 ... took 1 milliseconds
 ... memory used:159866168
 ... memory free:338207432
 ... memory total:498073600
 ..building CDAWG 
 Creating left edges...
 Step 1...
 ... took 2 milliseconds
 ... memory used:159866168
 ... memory free:338207432
 ... memory total:498073600
Alignment: #f[i|]rst sec[| ]ond third[ |]word$
 ..building CDAWG 
 Creating left edges...
 Step 1...
 ... took 0 milliseconds
 ... memory used:159866168
 ... memory free:338207432
 ... memory total:498073600
 ..building CDAWG 
 Creating left edges...
 Step 1...
 ... took 0 milliseconds
 ... memory used:159866168
 ... memory free:338207432
 ... memory total:498073600
Alignment: #fir[| ]st second th[ir|ri]d word$
 ..building CDAWG 
 Creating left edges...
 Step 1...
 ... took 1 milliseconds
 ... memory used:159866168
 ... memory free:338207432
 ... memory total:498073600
 ..building CDAWG 
 Creating left edges...
 Step 1...
 ... took 0 milliseconds
 ... memory used:168100768
 ... memory free:329972832
 ... memory total:498073600
Alignment: #first second th[i|]rd word$
 ..building CDAWG 
 Creating left edges...
 Step 1...
 ... took 0 milliseconds
 ... memory used:168100768
 ... memory free:329972832
 ... memory total:498073600
 ..building CDAWG 
 Creating left edges...
 Step 1...
 ... took 0 milliseconds
 ... memory used:168100768
 ... memory free:329972832
 ... memory total:498073600
 ..building CDAWG 
 Creating left edges...
 Step 1...
 ... took 1 milliseconds
 ... memory used:168100768
 ... memory free:329972832
 ... memory total:498073600
 ..building CDAWG 
 Creating left edges...
 Step 1...
 ... took 0 milliseconds
 ... memory used:168100768
 ... memory free:329972832
 ... memory total:498073600
 ..building CDAWG 
 Creating left edges...
 Step 1...
 ... took 0 milliseconds
 ... memory used:168100768
 ... memory free:329972832
 ... memory total:498073600
 ..building CDAWG 
 Creating left edges...
 Step 1...
 ... took 1 milliseconds
 ... memory used:168100768
 ... memory free:329972832
 ... memory total:498073600
 ..building CDAWG 
 Creating left edges...
 Step 1...
 ... took 0 milliseconds
 ... memory used:168100768
 ... memory free:329972832
 ... memory total:498073600
 ..building CDAWG 
 Creating left edges...
 Step 1...
 ... took 0 milliseconds
 ... memory used:168100768
 ... memory free:329972832
 ... memory total:498073600
 ..building CDAWG 
 Creating left edges...
 Step 1...
 ... took 1 milliseconds
 ... memory used:168100768
 ... memory free:329972832
 ... memory total:498073600
 ..building CDAWG 
 Creating left edges...
 Step 1...
 ... took 0 milliseconds
 ... memory used:168100768
 ... memory free:329972832
 ... memory total:498073600
 ..building CDAWG 
 Creating left edges...
 Step 1...
 ... took 0 milliseconds
 ... memory used:168100768
 ... memory free:329972832
 ... memory total:498073600
 ..building CDAWG 
 Creating left edges...
 Step 1...
 ... took 0 milliseconds
 ... memory used:168100768
 ... memory free:329972832
 ... memory total:498073600
Tests run: 1, Failures: 0, Errors: 0, Skipped: 0, Time elapsed: 0.026 sec - in de.lmu.cis.ocrd.align.test.LineAlignmentTest
Running de.lmu.cis.ocrd.align.test.AlignmentTokenizationTest
 ..building CDAWG 
 Creating left edges...
 Step 1...
 ... took 1 milliseconds
 ... memory used:168100768
 ... memory free:329972832
 ... memory total:498073600
 ..building CDAWG 
 Creating left edges...
 Step 1...
 ... took 1 milliseconds
 ... memory used:168100768
 ... memory free:329972832
 ... memory total:498073600
 ..building CDAWG 
 Creating left edges...
 Step 1...
 ... took 1 milliseconds
 ... memory used:168100768
 ... memory free:329972832
 ... memory total:498073600
 ..building CDAWG 
 Creating left edges...
 Step 1...
 ... took 0 milliseconds
 ... memory used:168100768
 ... memory free:329972832
 ... memory total:498073600
 ..building CDAWG 
 Creating left edges...
 Step 1...
 ... took 0 milliseconds
 ... memory used:168100768
 ... memory free:329972832
 ... memory total:498073600
 ..building CDAWG 
 Creating left edges...
 Step 1...
 ... took 0 milliseconds
 ... memory used:168100768
 ... memory free:329972832
 ... memory total:498073600
 ..building CDAWG 
 Creating left edges...
 Step 1...
 ... took 0 milliseconds
 ... memory used:168100768
 ... memory free:329972832
 ... memory total:498073600
 ..building CDAWG 
 Creating left edges...
 Step 1...
 ... took 0 milliseconds
 ... memory used:168100768
 ... memory free:329972832
 ... memory total:498073600
 ..building CDAWG 
 Creating left edges...
 Step 1...
 ... took 0 milliseconds
 ... memory used:168100768
 ... memory free:329972832
 ... memory total:498073600
 ..building CDAWG 
 Creating left edges...
 Step 1...
 ... took 2 milliseconds
 ... memory used:168100768
 ... memory free:329972832
 ... memory total:498073600
Tests run: 6, Failures: 0, Errors: 0, Skipped: 0, Time elapsed: 0.021 sec - in de.lmu.cis.ocrd.align.test.AlignmentTokenizationTest
Running de.lmu.cis.ocrd.align.test.AlignmentGraphTest
 ..building CDAWG 
 Creating left edges...
 Step 1...
 ... took 0 milliseconds
 ... memory used:168100768
 ... memory free:329972832
 ... memory total:498073600
 ..building CDAWG 
 Creating left edges...
 Step 1...
 ... took 7 milliseconds
 ... memory used:168100768
 ... memory free:329972832
 ... memory total:498073600
 ..building CDAWG 
 Creating left edges...
 Step 1...
 ... took 0 milliseconds
 ... memory used:168100768
 ... memory free:329972832
 ... memory total:498073600
 ..building CDAWG 
 Creating left edges...
 Step 1...
 ... took 0 milliseconds
 ... memory used:168100768
 ... memory free:329972832
 ... memory total:498073600
 ..building CDAWG 
 Creating left edges...
 Step 1...
 ... took 0 milliseconds
 ... memory used:168100768
 ... memory free:329972832
 ... memory total:498073600
 ..building CDAWG 
 Creating left edges...
 Step 1...
 ... took 1 milliseconds
 ... memory used:168100768
 ... memory free:329972832
 ... memory total:498073600
Tests run: 6, Failures: 0, Errors: 0, Skipped: 0, Time elapsed: 0.008 sec - in de.lmu.cis.ocrd.align.test.AlignmentGraphTest
Running de.lmu.cis.ocrd.align.test.AlignmentGraphIteratorTest
 ..building CDAWG 
 Creating left edges...
 Step 1...
 ... took 0 milliseconds
 ... memory used:168100768
 ... memory free:329972832
 ... memory total:498073600
 ..building CDAWG 
 Creating left edges...
 Step 1...
 ... took 0 milliseconds
 ... memory used:168100768
 ... memory free:329972832
 ... memory total:498073600
Tests run: 2, Failures: 0, Errors: 0, Skipped: 0, Time elapsed: 0.001 sec - in de.lmu.cis.ocrd.align.test.AlignmentGraphIteratorTest
Running de.lmu.cis.ocrd.util.test.NormalizerTest
Tests run: 8, Failures: 0, Errors: 0, Skipped: 0, Time elapsed: 0 sec - in de.lmu.cis.ocrd.util.test.NormalizerTest
Running de.lmu.cis.ocrd.util.test.StringCorrectorTest
Tests run: 7, Failures: 0, Errors: 0, Skipped: 0, Time elapsed: 0 sec - in de.lmu.cis.ocrd.util.test.StringCorrectorTest
Running de.lmu.cis.ocrd.ocropus.test.WorkspaceTest
 ..building CDAWG 
 Creating left edges...
 Step 1...
 ... took 0 milliseconds
 ... memory used:176313896
 ... memory free:321759704
 ... memory total:498073600
 ..building CDAWG 
 Creating left edges...
 Step 1...
 ... took 0 milliseconds
 ... memory used:176313896
 ... memory free:321759704
 ... memory total:498073600
Alignment: #ab[ |]c[| ]d ef ghi$
 ..building CDAWG 
 Creating left edges...
 Step 1...
 ... took 0 milliseconds
 ... memory used:176313896
 ... memory free:321759704
 ... memory total:498073600
 ..building CDAWG 
 Creating left edges...
 Step 1...
 ... took 0 milliseconds
 ... memory used:176313896
 ... memory free:321759704
 ... memory total:498073600
Alignment: #ab[ |]c[d|] [|d]ef[ |]ghi$
 ..building CDAWG 
 Creating left edges...
 Step 1...
 ... took 0 milliseconds
 ... memory used:176313896
 ... memory free:321759704
 ... memory total:498073600
 ..building CDAWG 
 Creating left edges...
 Step 1...
 ... took 0 milliseconds
 ... memory used:176313896
 ... memory free:321759704
 ... memory total:498073600
Alignment: #ab[ |]c[| ]d ef[ |]ghi$
 ..building CDAWG 
 Creating left edges...
 Step 1...
 ... took 0 milliseconds
 ... memory used:176313896
 ... memory free:321759704
 ... memory total:498073600
 ..building CDAWG 
 Creating left edges...
 Step 1...
 ... took 0 milliseconds
 ... memory used:176313896
 ... memory free:321759704
 ... memory total:498073600
 ..building CDAWG 
 Creating left edges...
 Step 1...
 ... took 1 milliseconds
 ... memory used:176313896
 ... memory free:321759704
 ... memory total:498073600
 ..building CDAWG 
 Creating left edges...
 Step 1...
 ... took 0 milliseconds
 ... memory used:176313896
 ... memory free:321759704
 ... memory total:498073600
 ..building CDAWG 
 Creating left edges...
 Step 1...
 ... took 0 milliseconds
 ... memory used:176313896
 ... memory free:321759704
 ... memory total:498073600
 ..building CDAWG 
 Creating left edges...
 Step 1...
 ... took 0 milliseconds
 ... memory used:176313896
 ... memory free:321759704
 ... memory total:498073600
 ..building CDAWG 
 Creating left edges...
 Step 1...
 ... took 0 milliseconds
 ... memory used:176313896
 ... memory free:321759704
 ... memory total:498073600
 ..building CDAWG 
 Creating left edges...
 Step 1...
 ... took 0 milliseconds
 ... memory used:176313896
 ... memory free:321759704
 ... memory total:498073600
 ..building CDAWG 
 Creating left edges...
 Step 1...
 ... took 0 milliseconds
 ... memory used:176313896
 ... memory free:321759704
 ... memory total:498073600
 ..building CDAWG 
 Creating left edges...
 Step 1...
 ... took 0 milliseconds
 ... memory used:176313896
 ... memory free:321759704
 ... memory total:498073600
 ..building CDAWG 
 Creating left edges...
 Step 1...
 ... took 1 milliseconds
 ... memory used:176313896
 ... memory free:321759704
 ... memory total:498073600
 ..building CDAWG 
 Creating left edges...
 Step 1...
 ... took 0 milliseconds
 ... memory used:176313896
 ... memory free:321759704
 ... memory total:498073600
 ..building CDAWG 
 Creating left edges...
 Step 1...
 ... took 0 milliseconds
 ... memory used:176313896
 ... memory free:321759704
 ... memory total:498073600
 ..building CDAWG 
 Creating left edges...
 Step 1...
 ... took 1 milliseconds
 ... memory used:176313896
 ... memory free:321759704
 ... memory total:498073600
Alignment: #ab[ |]c[| ]d ef ghi$
 ..building CDAWG 
 Creating left edges...
 Step 1...
 ... took 0 milliseconds
 ... memory used:176313896
 ... memory free:321759704
 ... memory total:498073600
 ..building CDAWG 
 Creating left edges...
 Step 1...
 ... took 0 milliseconds
 ... memory used:176313896
 ... memory free:321759704
 ... memory total:498073600
Alignment: #ab[ |]c[d|] [|d]ef[ |]ghi$
 ..building CDAWG 
 Creating left edges...
 Step 1...
 ... took 0 milliseconds
 ... memory used:176313896
 ... memory free:321759704
 ... memory total:498073600
 ..building CDAWG 
 Creating left edges...
 Step 1...
 ... took 0 milliseconds
 ... memory used:176313896
 ... memory free:321759704
 ... memory total:498073600
Alignment: #ab[ |]c[| ]d ef[ |]ghi$
 ..building CDAWG 
 Creating left edges...
 Step 1...
 ... took 0 milliseconds
 ... memory used:176313896
 ... memory free:321759704
 ... memory total:498073600
 ..building CDAWG 
 Creating left edges...
 Step 1...
 ... took 0 milliseconds
 ... memory used:176313896
 ... memory free:321759704
 ... memory total:498073600
 ..building CDAWG 
 Creating left edges...
 Step 1...
 ... took 0 milliseconds
 ... memory used:176313896
 ... memory free:321759704
 ... memory total:498073600
 ..building CDAWG 
 Creating left edges...
 Step 1...
 ... took 0 milliseconds
 ... memory used:176313896
 ... memory free:321759704
 ... memory total:498073600
 ..building CDAWG 
 Creating left edges...
 Step 1...
 ... took 0 milliseconds
 ... memory used:176313896
 ... memory free:321759704
 ... memory total:498073600
 ..building CDAWG 
 Creating left edges...
 Step 1...
 ... took 0 milliseconds
 ... memory used:176313896
 ... memory free:321759704
 ... memory total:498073600
 ..building CDAWG 
 Creating left edges...
 Step 1...
 ... took 0 milliseconds
 ... memory used:176313896
 ... memory free:321759704
 ... memory total:498073600
 ..building CDAWG 
 Creating left edges...
 Step 1...
 ... took 0 milliseconds
 ... memory used:176313896
 ... memory free:321759704
 ... memory total:498073600
 ..building CDAWG 
 Creating left edges...
 Step 1...
 ... took 0 milliseconds
 ... memory used:176313896
 ... memory free:321759704
 ... memory total:498073600
 ..building CDAWG 
 Creating left edges...
 Step 1...
 ... took 0 milliseconds
 ... memory used:184523896
 ... memory free:313549704
 ... memory total:498073600
 ..building CDAWG 
 Creating left edges...
 Step 1...
 ... took 0 milliseconds
 ... memory used:184523896
 ... memory free:313549704
 ... memory total:498073600
 ..building CDAWG 
 Creating left edges...
 Step 1...
 ... took 0 milliseconds
 ... memory used:184523896
 ... memory free:313549704
 ... memory total:498073600
 ..building CDAWG 
 Creating left edges...
 Step 1...
 ... took 0 milliseconds
 ... memory used:184523896
 ... memory free:313549704
 ... memory total:498073600
 ..building CDAWG 
 Creating left edges...
 Step 1...
 ... took 0 milliseconds
 ... memory used:184523896
 ... memory free:313549704
 ... memory total:498073600
Alignment: #ab[ |]c[| ]d ef ghi$
 ..building CDAWG 
 Creating left edges...
 Step 1...
 ... took 4 milliseconds
 ... memory used:184523896
 ... memory free:313549704
 ... memory total:498073600
 ..building CDAWG 
 Creating left edges...
 Step 1...
 ... took 0 milliseconds
 ... memory used:184523896
 ... memory free:313549704
 ... memory total:498073600
Alignment: #ab[ |]c[d|] [|d]ef[ |]ghi$
 ..building CDAWG 
 Creating left edges...
 Step 1...
 ... took 0 milliseconds
 ... memory used:184523896
 ... memory free:313549704
 ... memory total:498073600
 ..building CDAWG 
 Creating left edges...
 Step 1...
 ... took 0 milliseconds
 ... memory used:184523896
 ... memory free:313549704
 ... memory total:498073600
Alignment: #ab[ |]c[| ]d ef[ |]ghi$
 ..building CDAWG 
 Creating left edges...
 Step 1...
 ... took 0 milliseconds
 ... memory used:184523896
 ... memory free:313549704
 ... memory total:498073600
 ..building CDAWG 
 Creating left edges...
 Step 1...
 ... took 0 milliseconds
 ... memory used:184523896
 ... memory free:313549704
 ... memory total:498073600
 ..building CDAWG 
 Creating left edges...
 Step 1...
 ... took 0 milliseconds
 ... memory used:184523896
 ... memory free:313549704
 ... memory total:498073600
 ..building CDAWG 
 Creating left edges...
 Step 1...
 ... took 0 milliseconds
 ... memory used:184523896
 ... memory free:313549704
 ... memory total:498073600
 ..building CDAWG 
 Creating left edges...
 Step 1...
 ... took 0 milliseconds
 ... memory used:184523896
 ... memory free:313549704
 ... memory total:498073600
 ..building CDAWG 
 Creating left edges...
 Step 1...
 ... took 0 milliseconds
 ... memory used:184523896
 ... memory free:313549704
 ... memory total:498073600
 ..building CDAWG 
 Creating left edges...
 Step 1...
 ... took 0 milliseconds
 ... memory used:184523896
 ... memory free:313549704
 ... memory total:498073600
 ..building CDAWG 
 Creating left edges...
 Step 1...
 ... took 0 milliseconds
 ... memory used:184523896
 ... memory free:313549704
 ... memory total:498073600
 ..building CDAWG 
 Creating left edges...
 Step 1...
 ... took 0 milliseconds
 ... memory used:184523896
 ... memory free:313549704
 ... memory total:498073600
 ..building CDAWG 
 Creating left edges...
 Step 1...
 ... took 0 milliseconds
 ... memory used:184523896
 ... memory free:313549704
 ... memory total:498073600
 ..building CDAWG 
 Creating left edges...
 Step 1...
 ... took 0 milliseconds
 ... memory used:184523896
 ... memory free:313549704
 ... memory total:498073600
 ..building CDAWG 
 Creating left edges...
 Step 1...
 ... took 0 milliseconds
 ... memory used:184523896
 ... memory free:313549704
 ... memory total:498073600
 ..building CDAWG 
 Creating left edges...
 Step 1...
 ... took 0 milliseconds
 ... memory used:184523896
 ... memory free:313549704
 ... memory total:498073600
 ..building CDAWG 
 Creating left edges...
 Step 1...
 ... took 0 milliseconds
 ... memory used:184523896
 ... memory free:313549704
 ... memory total:498073600
Alignment: #ab[ |]c[| ]d ef ghi$
 ..building CDAWG 
 Creating left edges...
 Step 1...
 ... took 0 milliseconds
 ... memory used:184523896
 ... memory free:313549704
 ... memory total:498073600
 ..building CDAWG 
 Creating left edges...
 Step 1...
 ... took 0 milliseconds
 ... memory used:184523896
 ... memory free:313549704
 ... memory total:498073600
Alignment: #ab[ |]c[d|] [|d]ef[ |]ghi$
 ..building CDAWG 
 Creating left edges...
 Step 1...
 ... took 0 milliseconds
 ... memory used:184523896
 ... memory free:313549704
 ... memory total:498073600
 ..building CDAWG 
 Creating left edges...
 Step 1...
 ... took 0 milliseconds
 ... memory used:184523896
 ... memory free:313549704
 ... memory total:498073600
Alignment: #ab[ |]c[| ]d ef[ |]ghi$
 ..building CDAWG 
 Creating left edges...
 Step 1...
 ... took 0 milliseconds
 ... memory used:184523896
 ... memory free:313549704
 ... memory total:498073600
 ..building CDAWG 
 Creating left edges...
 Step 1...
 ... took 0 milliseconds
 ... memory used:184523896
 ... memory free:313549704
 ... memory total:498073600
 ..building CDAWG 
 Creating left edges...
 Step 1...
 ... took 0 milliseconds
 ... memory used:184523896
 ... memory free:313549704
 ... memory total:498073600
 ..building CDAWG 
 Creating left edges...
 Step 1...
 ... took 0 milliseconds
 ... memory used:184523896
 ... memory free:313549704
 ... memory total:498073600
 ..building CDAWG 
 Creating left edges...
 Step 1...
 ... took 0 milliseconds
 ... memory used:184523896
 ... memory free:313549704
 ... memory total:498073600
 ..building CDAWG 
 Creating left edges...
 Step 1...
 ... took 0 milliseconds
 ... memory used:184523896
 ... memory free:313549704
 ... memory total:498073600
 ..building CDAWG 
 Creating left edges...
 Step 1...
 ... took 0 milliseconds
 ... memory used:184523896
 ... memory free:313549704
 ... memory total:498073600
 ..building CDAWG 
 Creating left edges...
 Step 1...
 ... took 0 milliseconds
 ... memory used:184523896
 ... memory free:313549704
 ... memory total:498073600
 ..building CDAWG 
 Creating left edges...
 Step 1...
 ... took 1 milliseconds
 ... memory used:184523896
 ... memory free:313549704
 ... memory total:498073600
 ..building CDAWG 
 Creating left edges...
 Step 1...
 ... took 0 milliseconds
 ... memory used:184523896
 ... memory free:313549704
 ... memory total:498073600
 ..building CDAWG 
 Creating left edges...
 Step 1...
 ... took 0 milliseconds
 ... memory used:184523896
 ... memory free:313549704
 ... memory total:498073600
 ..building CDAWG 
 Creating left edges...
 Step 1...
 ... took 0 milliseconds
 ... memory used:192733896
 ... memory free:305339704
 ... memory total:498073600
 ..building CDAWG 
 Creating left edges...
 Step 1...
 ... took 0 milliseconds
 ... memory used:192733896
 ... memory free:305339704
 ... memory total:498073600
 ..building CDAWG 
 Creating left edges...
 Step 1...
 ... took 0 milliseconds
 ... memory used:192733896
 ... memory free:305339704
 ... memory total:498073600
Alignment: #ab[ |]c[| ]d ef ghi$
 ..building CDAWG 
 Creating left edges...
 Step 1...
 ... took 0 milliseconds
 ... memory used:192733896
 ... memory free:305339704
 ... memory total:498073600
 ..building CDAWG 
 Creating left edges...
 Step 1...
 ... took 0 milliseconds
 ... memory used:192733896
 ... memory free:305339704
 ... memory total:498073600
Alignment: #ab[ |]c[d|] [|d]ef[ |]ghi$
 ..building CDAWG 
 Creating left edges...
 Step 1...
 ... took 0 milliseconds
 ... memory used:192733896
 ... memory free:305339704
 ... memory total:498073600
 ..building CDAWG 
 Creating left edges...
 Step 1...
 ... took 0 milliseconds
 ... memory used:192733896
 ... memory free:305339704
 ... memory total:498073600
Alignment: #ab[ |]c[| ]d ef[ |]ghi$
 ..building CDAWG 
 Creating left edges...
 Step 1...
 ... took 0 milliseconds
 ... memory used:192733896
 ... memory free:305339704
 ... memory total:498073600
 ..building CDAWG 
 Creating left edges...
 Step 1...
 ... took 0 milliseconds
 ... memory used:192733896
 ... memory free:305339704
 ... memory total:498073600
 ..building CDAWG 
 Creating left edges...
 Step 1...
 ... took 0 milliseconds
 ... memory used:192733896
 ... memory free:305339704
 ... memory total:498073600
 ..building CDAWG 
 Creating left edges...
 Step 1...
 ... took 0 milliseconds
 ... memory used:192733896
 ... memory free:305339704
 ... memory total:498073600
 ..building CDAWG 
 Creating left edges...
 Step 1...
 ... took 0 milliseconds
 ... memory used:192733896
 ... memory free:305339704
 ... memory total:498073600
 ..building CDAWG 
 Creating left edges...
 Step 1...
 ... took 0 milliseconds
 ... memory used:192733896
 ... memory free:305339704
 ... memory total:498073600
 ..building CDAWG 
 Creating left edges...
 Step 1...
 ... took 0 milliseconds
 ... memory used:192733896
 ... memory free:305339704
 ... memory total:498073600
 ..building CDAWG 
 Creating left edges...
 Step 1...
 ... took 0 milliseconds
 ... memory used:192733896
 ... memory free:305339704
 ... memory total:498073600
 ..building CDAWG 
 Creating left edges...
 Step 1...
 ... took 0 milliseconds
 ... memory used:192733896
 ... memory free:305339704
 ... memory total:498073600
 ..building CDAWG 
 Creating left edges...
 Step 1...
 ... took 0 milliseconds
 ... memory used:192733896
 ... memory free:305339704
 ... memory total:498073600
 ..building CDAWG 
 Creating left edges...
 Step 1...
 ... took 0 milliseconds
 ... memory used:192733896
 ... memory free:305339704
 ... memory total:498073600
 ..building CDAWG 
 Creating left edges...
 Step 1...
 ... took 0 milliseconds
 ... memory used:192733896
 ... memory free:305339704
 ... memory total:498073600
 ..building CDAWG 
 Creating left edges...
 Step 1...
 ... took 0 milliseconds
 ... memory used:192733896
 ... memory free:305339704
 ... memory total:498073600
 ..building CDAWG 
 Creating left edges...
 Step 1...
 ... took 1 milliseconds
 ... memory used:192733896
 ... memory free:305339704
 ... memory total:498073600
Alignment: #ab[ |]c[| ]d ef ghi$
 ..building CDAWG 
 Creating left edges...
 Step 1...
 ... took 0 milliseconds
 ... memory used:192733896
 ... memory free:305339704
 ... memory total:498073600
 ..building CDAWG 
 Creating left edges...
 Step 1...
 ... took 0 milliseconds
 ... memory used:192733896
 ... memory free:305339704
 ... memory total:498073600
Alignment: #ab[ |]c[d|] [|d]ef[ |]ghi$
 ..building CDAWG 
 Creating left edges...
 Step 1...
 ... took 1 milliseconds
 ... memory used:192733896
 ... memory free:305339704
 ... memory total:498073600
 ..building CDAWG 
 Creating left edges...
 Step 1...
 ... took 0 milliseconds
 ... memory used:192733896
 ... memory free:305339704
 ... memory total:498073600
Alignment: #ab[ |]c[| ]d ef[ |]ghi$
 ..building CDAWG 
 Creating left edges...
 Step 1...
 ... took 0 milliseconds
 ... memory used:192733896
 ... memory free:305339704
 ... memory total:498073600
 ..building CDAWG 
 Creating left edges...
 Step 1...
 ... took 0 milliseconds
 ... memory used:192733896
 ... memory free:305339704
 ... memory total:498073600
 ..building CDAWG 
 Creating left edges...
 Step 1...
 ... took 0 milliseconds
 ... memory used:192733896
 ... memory free:305339704
 ... memory total:498073600
 ..building CDAWG 
 Creating left edges...
 Step 1...
 ... took 0 milliseconds
 ... memory used:192733896
 ... memory free:305339704
 ... memory total:498073600
 ..building CDAWG 
 Creating left edges...
 Step 1...
 ... took 0 milliseconds
 ... memory used:192733896
 ... memory free:305339704
 ... memory total:498073600
 ..building CDAWG 
 Creating left edges...
 Step 1...
 ... took 0 milliseconds
 ... memory used:192733896
 ... memory free:305339704
 ... memory total:498073600
 ..building CDAWG 
 Creating left edges...
 Step 1...
 ... took 0 milliseconds
 ... memory used:192733896
 ... memory free:305339704
 ... memory total:498073600
 ..building CDAWG 
 Creating left edges...
 Step 1...
 ... took 0 milliseconds
 ... memory used:192733896
 ... memory free:305339704
 ... memory total:498073600
 ..building CDAWG 
 Creating left edges...
 Step 1...
 ... took 0 milliseconds
 ... memory used:192733896
 ... memory free:305339704
 ... memory total:498073600
 ..building CDAWG 
 Creating left edges...
 Step 1...
 ... took 0 milliseconds
 ... memory used:192733896
 ... memory free:305339704
 ... memory total:498073600
 ..building CDAWG 
 Creating left edges...
 Step 1...
 ... took 0 milliseconds
 ... memory used:192733896
 ... memory free:305339704
 ... memory total:498073600
 ..building CDAWG 
 Creating left edges...
 Step 1...
 ... took 0 milliseconds
 ... memory used:192733896
 ... memory free:305339704
 ... memory total:498073600
Tests run: 7, Failures: 0, Errors: 0, Skipped: 0, Time elapsed: 0.105 sec - in de.lmu.cis.ocrd.ocropus.test.WorkspaceTest
Running de.lmu.cis.ocrd.ocropus.test.TSVTest
Tests run: 5, Failures: 0, Errors: 0, Skipped: 0, Time elapsed: 0.001 sec - in de.lmu.cis.ocrd.ocropus.test.TSVTest
Running de.lmu.cis.ocrd.ocropus.test.TSVLineAlignmentTest
 ..building CDAWG 
 Creating left edges...
 Step 1...
 ... took 0 milliseconds
 ... memory used:201031448
 ... memory free:297042152
 ... memory total:498073600
 ..building CDAWG 
 Creating left edges...
 Step 1...
 ... took 0 milliseconds
 ... memory used:201031448
 ... memory free:297042152
 ... memory total:498073600
Alignment: #ab[ |]c[| ]d ef ghi$
 ..building CDAWG 
 Creating left edges...
 Step 1...
 ... took 0 milliseconds
 ... memory used:201031448
 ... memory free:297042152
 ... memory total:498073600
 ..building CDAWG 
 Creating left edges...
 Step 1...
 ... took 0 milliseconds
 ... memory used:201031448
 ... memory free:297042152
 ... memory total:498073600
Alignment: #ab[ |]c[d|] [|d]ef[ |]ghi$
 ..building CDAWG 
 Creating left edges...
 Step 1...
 ... took 0 milliseconds
 ... memory used:201031448
 ... memory free:297042152
 ... memory total:498073600
 ..building CDAWG 
 Creating left edges...
 Step 1...
 ... took 0 milliseconds
 ... memory used:201031448
 ... memory free:297042152
 ... memory total:498073600
Alignment: #ab[ |]c[| ]d ef[ |]ghi$
 ..building CDAWG 
 Creating left edges...
 Step 1...
 ... took 0 milliseconds
 ... memory used:201031448
 ... memory free:297042152
 ... memory total:498073600
 ..building CDAWG 
 Creating left edges...
 Step 1...
 ... took 0 milliseconds
 ... memory used:201031448
 ... memory free:297042152
 ... memory total:498073600
 ..building CDAWG 
 Creating left edges...
 Step 1...
 ... took 0 milliseconds
 ... memory used:201031448
 ... memory free:297042152
 ... memory total:498073600
 ..building CDAWG 
 Creating left edges...
 Step 1...
 ... took 0 milliseconds
 ... memory used:201031448
 ... memory free:297042152
 ... memory total:498073600
 ..building CDAWG 
 Creating left edges...
 Step 1...
 ... took 0 milliseconds
 ... memory used:201031448
 ... memory free:297042152
 ... memory total:498073600
 ..building CDAWG 
 Creating left edges...
 Step 1...
 ... took 0 milliseconds
 ... memory used:201031448
 ... memory free:297042152
 ... memory total:498073600
 ..building CDAWG 
 Creating left edges...
 Step 1...
 ... took 0 milliseconds
 ... memory used:201031448
 ... memory free:297042152
 ... memory total:498073600
 ..building CDAWG 
 Creating left edges...
 Step 1...
 ... took 0 milliseconds
 ... memory used:201031448
 ... memory free:297042152
 ... memory total:498073600
 ..building CDAWG 
 Creating left edges...
 Step 1...
 ... took 0 milliseconds
 ... memory used:201031448
 ... memory free:297042152
 ... memory total:498073600
 ..building CDAWG 
 Creating left edges...
 Step 1...
 ... took 0 milliseconds
 ... memory used:201031448
 ... memory free:297042152
 ... memory total:498073600
 ..building CDAWG 
 Creating left edges...
 Step 1...
 ... took 0 milliseconds
 ... memory used:201031448
 ... memory free:297042152
 ... memory total:498073600
 ..building CDAWG 
 Creating left edges...
 Step 1...
 ... took 0 milliseconds
 ... memory used:201031448
 ... memory free:297042152
 ... memory total:498073600
 ..building CDAWG 
 Creating left edges...
 Step 1...
 ... took 0 milliseconds
 ... memory used:201031448
 ... memory free:297042152
 ... memory total:498073600
 ..building CDAWG 
 Creating left edges...
 Step 1...
 ... took 0 milliseconds
 ... memory used:201031448
 ... memory free:297042152
 ... memory total:498073600
Alignment: #ab[ |]c[| ]d ef ghi$
 ..building CDAWG 
 Creating left edges...
 Step 1...
 ... took 0 milliseconds
 ... memory used:201031448
 ... memory free:297042152
 ... memory total:498073600
 ..building CDAWG 
 Creating left edges...
 Step 1...
 ... took 1 milliseconds
 ... memory used:201031448
 ... memory free:297042152
 ... memory total:498073600
Alignment: #ab[ |]c[d|] [|d]ef[ |]ghi$
 ..building CDAWG 
 Creating left edges...
 Step 1...
 ... took 0 milliseconds
 ... memory used:201031448
 ... memory free:297042152
 ... memory total:498073600
 ..building CDAWG 
 Creating left edges...
 Step 1...
 ... took 0 milliseconds
 ... memory used:201031448
 ... memory free:297042152
 ... memory total:498073600
Alignment: #ab[ |]c[| ]d ef[ |]ghi$
 ..building CDAWG 
 Creating left edges...
 Step 1...
 ... took 0 milliseconds
 ... memory used:201031448
 ... memory free:297042152
 ... memory total:498073600
 ..building CDAWG 
 Creating left edges...
 Step 1...
 ... took 0 milliseconds
 ... memory used:201031448
 ... memory free:297042152
 ... memory total:498073600
 ..building CDAWG 
 Creating left edges...
 Step 1...
 ... took 0 milliseconds
 ... memory used:201031448
 ... memory free:297042152
 ... memory total:498073600
 ..building CDAWG 
 Creating left edges...
 Step 1...
 ... took 1 milliseconds
 ... memory used:201031448
 ... memory free:297042152
 ... memory total:498073600
 ..building CDAWG 
 Creating left edges...
 Step 1...
 ... took 0 milliseconds
 ... memory used:201031448
 ... memory free:297042152
 ... memory total:498073600
 ..building CDAWG 
 Creating left edges...
 Step 1...
 ... took 0 milliseconds
 ... memory used:201031448
 ... memory free:297042152
 ... memory total:498073600
 ..building CDAWG 
 Creating left edges...
 Step 1...
 ... took 0 milliseconds
 ... memory used:201031448
 ... memory free:297042152
 ... memory total:498073600
 ..building CDAWG 
 Creating left edges...
 Step 1...
 ... took 0 milliseconds
 ... memory used:201031448
 ... memory free:297042152
 ... memory total:498073600
 ..building CDAWG 
 Creating left edges...
 Step 1...
 ... took 0 milliseconds
 ... memory used:201031448
 ... memory free:297042152
 ... memory total:498073600
 ..building CDAWG 
 Creating left edges...
 Step 1...
 ... took 0 milliseconds
 ... memory used:201031448
 ... memory free:297042152
 ... memory total:498073600
 ..building CDAWG 
 Creating left edges...
 Step 1...
 ... took 0 milliseconds
 ... memory used:201031448
 ... memory free:297042152
 ... memory total:498073600
 ..building CDAWG 
 Creating left edges...
 Step 1...
 ... took 0 milliseconds
 ... memory used:201031448
 ... memory free:297042152
 ... memory total:498073600
 ..building CDAWG 
 Creating left edges...
 Step 1...
 ... took 0 milliseconds
 ... memory used:209241448
 ... memory free:288832152
 ... memory total:498073600
 ..building CDAWG 
 Creating left edges...
 Step 1...
 ... took 0 milliseconds
 ... memory used:209241448
 ... memory free:288832152
 ... memory total:498073600
Alignment: #ab[ |]c[| ]d ef ghi$
 ..building CDAWG 
 Creating left edges...
 Step 1...
 ... took 0 milliseconds
 ... memory used:209241448
 ... memory free:288832152
 ... memory total:498073600
 ..building CDAWG 
 Creating left edges...
 Step 1...
 ... took 0 milliseconds
 ... memory used:209241448
 ... memory free:288832152
 ... memory total:498073600
Alignment: #ab[ |]c[d|] [|d]ef[ |]ghi$
 ..building CDAWG 
 Creating left edges...
 Step 1...
 ... took 0 milliseconds
 ... memory used:209241448
 ... memory free:288832152
 ... memory total:498073600
 ..building CDAWG 
 Creating left edges...
 Step 1...
 ... took 0 milliseconds
 ... memory used:209241448
 ... memory free:288832152
 ... memory total:498073600
Alignment: #ab[ |]c[| ]d ef[ |]ghi$
 ..building CDAWG 
 Creating left edges...
 Step 1...
 ... took 0 milliseconds
 ... memory used:209241448
 ... memory free:288832152
 ... memory total:498073600
 ..building CDAWG 
 Creating left edges...
 Step 1...
 ... took 0 milliseconds
 ... memory used:209241448
 ... memory free:288832152
 ... memory total:498073600
 ..building CDAWG 
 Creating left edges...
 Step 1...
 ... took 0 milliseconds
 ... memory used:209241448
 ... memory free:288832152
 ... memory total:498073600
 ..building CDAWG 
 Creating left edges...
 Step 1...
 ... took 0 milliseconds
 ... memory used:209241448
 ... memory free:288832152
 ... memory total:498073600
 ..building CDAWG 
 Creating left edges...
 Step 1...
 ... took 0 milliseconds
 ... memory used:209241448
 ... memory free:288832152
 ... memory total:498073600
 ..building CDAWG 
 Creating left edges...
 Step 1...
 ... took 0 milliseconds
 ... memory used:209241448
 ... memory free:288832152
 ... memory total:498073600
 ..building CDAWG 
 Creating left edges...
 Step 1...
 ... took 0 milliseconds
 ... memory used:209241448
 ... memory free:288832152
 ... memory total:498073600
 ..building CDAWG 
 Creating left edges...
 Step 1...
 ... took 0 milliseconds
 ... memory used:209241448
 ... memory free:288832152
 ... memory total:498073600
 ..building CDAWG 
 Creating left edges...
 Step 1...
 ... took 0 milliseconds
 ... memory used:209241448
 ... memory free:288832152
 ... memory total:498073600
 ..building CDAWG 
 Creating left edges...
 Step 1...
 ... took 0 milliseconds
 ... memory used:209241448
 ... memory free:288832152
 ... memory total:498073600
 ..building CDAWG 
 Creating left edges...
 Step 1...
 ... took 0 milliseconds
 ... memory used:209241448
 ... memory free:288832152
 ... memory total:498073600
 ..building CDAWG 
 Creating left edges...
 Step 1...
 ... took 0 milliseconds
 ... memory used:209241448
 ... memory free:288832152
 ... memory total:498073600
 ..building CDAWG 
 Creating left edges...
 Step 1...
 ... took 1 milliseconds
 ... memory used:209241448
 ... memory free:288832152
 ... memory total:498073600
 ..building CDAWG 
 Creating left edges...
 Step 1...
 ... took 0 milliseconds
 ... memory used:209241448
 ... memory free:288832152
 ... memory total:498073600
Alignment: #ab[ |]c[| ]d ef ghi$
 ..building CDAWG 
 Creating left edges...
 Step 1...
 ... took 0 milliseconds
 ... memory used:209241448
 ... memory free:288832152
 ... memory total:498073600
 ..building CDAWG 
 Creating left edges...
 Step 1...
 ... took 0 milliseconds
 ... memory used:209241448
 ... memory free:288832152
 ... memory total:498073600
Alignment: #ab[ |]c[d|] [|d]ef[ |]ghi$
 ..building CDAWG 
 Creating left edges...
 Step 1...
 ... took 0 milliseconds
 ... memory used:209241448
 ... memory free:288832152
 ... memory total:498073600
 ..building CDAWG 
 Creating left edges...
 Step 1...
 ... took 0 milliseconds
 ... memory used:209241448
 ... memory free:288832152
 ... memory total:498073600
Alignment: #ab[ |]c[| ]d ef[ |]ghi$
 ..building CDAWG 
 Creating left edges...
 Step 1...
 ... took 0 milliseconds
 ... memory used:209241448
 ... memory free:288832152
 ... memory total:498073600
 ..building CDAWG 
 Creating left edges...
 Step 1...
 ... took 0 milliseconds
 ... memory used:209241448
 ... memory free:288832152
 ... memory total:498073600
 ..building CDAWG 
 Creating left edges...
 Step 1...
 ... took 0 milliseconds
 ... memory used:209241448
 ... memory free:288832152
 ... memory total:498073600
 ..building CDAWG 
 Creating left edges...
 Step 1...
 ... took 0 milliseconds
 ... memory used:209241448
 ... memory free:288832152
 ... memory total:498073600
 ..building CDAWG 
 Creating left edges...
 Step 1...
 ... took 0 milliseconds
 ... memory used:209241448
 ... memory free:288832152
 ... memory total:498073600
 ..building CDAWG 
 Creating left edges...
 Step 1...
 ... took 0 milliseconds
 ... memory used:209241448
 ... memory free:288832152
 ... memory total:498073600
 ..building CDAWG 
 Creating left edges...
 Step 1...
 ... took 0 milliseconds
 ... memory used:209241448
 ... memory free:288832152
 ... memory total:498073600
 ..building CDAWG 
 Creating left edges...
 Step 1...
 ... took 0 milliseconds
 ... memory used:209241448
 ... memory free:288832152
 ... memory total:498073600
 ..building CDAWG 
 Creating left edges...
 Step 1...
 ... took 0 milliseconds
 ... memory used:209241448
 ... memory free:288832152
 ... memory total:498073600
 ..building CDAWG 
 Creating left edges...
 Step 1...
 ... took 0 milliseconds
 ... memory used:209241448
 ... memory free:288832152
 ... memory total:498073600
 ..building CDAWG 
 Creating left edges...
 Step 1...
 ... took 0 milliseconds
 ... memory used:209241448
 ... memory free:288832152
 ... memory total:498073600
 ..building CDAWG 
 Creating left edges...
 Step 1...
 ... took 0 milliseconds
 ... memory used:209241448
 ... memory free:288832152
 ... memory total:498073600
 ..building CDAWG 
 Creating left edges...
 Step 1...
 ... took 0 milliseconds
 ... memory used:209241448
 ... memory free:288832152
 ... memory total:498073600
 ..building CDAWG 
 Creating left edges...
 Step 1...
 ... took 1 milliseconds
 ... memory used:209241448
 ... memory free:288832152
 ... memory total:498073600
Alignment: #ab[ |]c[| ]d ef ghi$
 ..building CDAWG 
 Creating left edges...
 Step 1...
 ... took 0 milliseconds
 ... memory used:217451448
 ... memory free:280622152
 ... memory total:498073600
 ..building CDAWG 
 Creating left edges...
 Step 1...
 ... took 0 milliseconds
 ... memory used:217451448
 ... memory free:280622152
 ... memory total:498073600
Alignment: #ab[ |]c[d|] [|d]ef[ |]ghi$
 ..building CDAWG 
 Creating left edges...
 Step 1...
 ... took 0 milliseconds
 ... memory used:217451448
 ... memory free:280622152
 ... memory total:498073600
 ..building CDAWG 
 Creating left edges...
 Step 1...
 ... took 0 milliseconds
 ... memory used:217451448
 ... memory free:280622152
 ... memory total:498073600
Alignment: #ab[ |]c[| ]d ef[ |]ghi$
 ..building CDAWG 
 Creating left edges...
 Step 1...
 ... took 0 milliseconds
 ... memory used:217451448
 ... memory free:280622152
 ... memory total:498073600
 ..building CDAWG 
 Creating left edges...
 Step 1...
 ... took 0 milliseconds
 ... memory used:217451448
 ... memory free:280622152
 ... memory total:498073600
 ..building CDAWG 
 Creating left edges...
 Step 1...
 ... took 0 milliseconds
 ... memory used:217451448
 ... memory free:280622152
 ... memory total:498073600
 ..building CDAWG 
 Creating left edges...
 Step 1...
 ... took 0 milliseconds
 ... memory used:217451448
 ... memory free:280622152
 ... memory total:498073600
 ..building CDAWG 
 Creating left edges...
 Step 1...
 ... took 0 milliseconds
 ... memory used:217451448
 ... memory free:280622152
 ... memory total:498073600
 ..building CDAWG 
 Creating left edges...
 Step 1...
 ... took 0 milliseconds
 ... memory used:217451448
 ... memory free:280622152
 ... memory total:498073600
 ..building CDAWG 
 Creating left edges...
 Step 1...
 ... took 0 milliseconds
 ... memory used:217451448
 ... memory free:280622152
 ... memory total:498073600
 ..building CDAWG 
 Creating left edges...
 Step 1...
 ... took 0 milliseconds
 ... memory used:217451448
 ... memory free:280622152
 ... memory total:498073600
 ..building CDAWG 
 Creating left edges...
 Step 1...
 ... took 0 milliseconds
 ... memory used:217451448
 ... memory free:280622152
 ... memory total:498073600
 ..building CDAWG 
 Creating left edges...
 Step 1...
 ... took 0 milliseconds
 ... memory used:217451448
 ... memory free:280622152
 ... memory total:498073600
 ..building CDAWG 
 Creating left edges...
 Step 1...
 ... took 0 milliseconds
 ... memory used:217451448
 ... memory free:280622152
 ... memory total:498073600
 ..building CDAWG 
 Creating left edges...
 Step 1...
 ... took 0 milliseconds
 ... memory used:217451448
 ... memory free:280622152
 ... memory total:498073600
Tests run: 5, Failures: 0, Errors: 0, Skipped: 0, Time elapsed: 0.036 sec - in de.lmu.cis.ocrd.ocropus.test.TSVLineAlignmentTest
Running de.lmu.cis.ocrd.test.LineTest
Tests run: 6, Failures: 0, Errors: 0, Skipped: 0, Time elapsed: 0.001 sec - in de.lmu.cis.ocrd.test.LineTest
Running de.lmu.cis.ocrd.profile.test.LocalProfilerProcessTest
Tests run: 2, Failures: 0, Errors: 0, Skipped: 0, Time elapsed: 0 sec - in de.lmu.cis.ocrd.profile.test.LocalProfilerProcessTest
Running de.lmu.cis.ocrd.profile.test.ReadProfileFromJSONTest
Tests run: 18, Failures: 0, Errors: 0, Skipped: 0, Time elapsed: 0.044 sec - in de.lmu.cis.ocrd.profile.test.ReadProfileFromJSONTest
Running de.lmu.cis.ocrd.cli.test.CommandFactoryTest
Tests run: 3, Failures: 0, Errors: 0, Skipped: 0, Time elapsed: 0.002 sec - in de.lmu.cis.ocrd.cli.test.CommandFactoryTest
Running de.lmu.cis.ocrd.cli.test.TrainCommandTest
20:37:05.508 INFO cis.TrainCommand - le/rr training for OCR-D-PROFILED(1)
20:37:07.928 INFO cis.TrainCommand - read 139 base ocr tokens for input file group OCR-D-PROFILED
20:37:08.73 INFO cis.TrainCommand - train(/tmp/OCR-D-CIS-JAVA5226526733749302707/le_training_1.arff, /tmp/OCR-D-CIS-JAVA5226526733749302707/le_model_1.bin)
20:37:08.237 INFO cis.TrainCommand - train(/tmp/OCR-D-CIS-JAVA5226526733749302707/rr_training_1.arff, /tmp/OCR-D-CIS-JAVA5226526733749302707/rr_model_1.bin)
20:37:08.309 INFO cis.TrainCommand - le/rr training for OCR-D-PROFILED(2)
20:37:08.656 INFO cis.TrainCommand - train(/tmp/OCR-D-CIS-JAVA5226526733749302707/le_training_2.arff, /tmp/OCR-D-CIS-JAVA5226526733749302707/le_model_2.bin)
20:37:08.674 INFO cis.TrainCommand - train(/tmp/OCR-D-CIS-JAVA5226526733749302707/rr_training_2.arff, /tmp/OCR-D-CIS-JAVA5226526733749302707/rr_model_2.bin)
20:37:08.769 INFO cis.TrainCommand - dm training for OCR-D-PROFILED(1)
20:37:08.828 INFO cis.TrainCommand - train(/tmp/OCR-D-CIS-JAVA5226526733749302707/dm_training_1.arff, /tmp/OCR-D-CIS-JAVA5226526733749302707/dm_model_1.bin)
20:37:08.842 INFO cis.TrainCommand - dm training for OCR-D-PROFILED(2)
20:37:08.883 INFO cis.TrainCommand - train(/tmp/OCR-D-CIS-JAVA5226526733749302707/dm_training_2.arff, /tmp/OCR-D-CIS-JAVA5226526733749302707/dm_model_2.bin)
20:37:18.201 INFO cis.PostCorrectionCommand - read 218 base ocr tokens for input file group OCR-D-EVAL
20:37:21.164 INFO cis.PostCorrectionCommand - saving mets: /tmp/tmpfu3yip97/ocrd-postcorrection/src/test/resources/workspace/mets.xml
20:37:30.506 INFO cis.PostCorrectionCommand - read 218 base ocr tokens for input file group OCR-D-EVAL
20:37:32.759 INFO cis.PostCorrectionCommand - saving mets: /tmp/tmpfu3yip97/ocrd-postcorrection/src/test/resources/workspace/mets.xml
20:37:39.480 INFO cis.EvaluateCommand - read 218 base ocr tokens for input file group OCR-D-EVAL
20:37:46.585 INFO cis.EvaluateCommand - read 218 base ocr tokens for input file group OCR-D-EVAL
Tests run: 1, Failures: 0, Errors: 0, Skipped: 0, Time elapsed: 41.325 sec - in de.lmu.cis.ocrd.cli.test.TrainCommandTest
Running de.lmu.cis.ocrd.cli.test.CommandLineArgumentsTest
Tests run: 6, Failures: 0, Errors: 0, Skipped: 0, Time elapsed: 0.003 sec - in de.lmu.cis.ocrd.cli.test.CommandLineArgumentsTest
Running de.lmu.cis.ocrd.lineAlignment.test.SimpleLineAlignmentTest
Tests run: 3, Failures: 0, Errors: 0, Skipped: 0, Time elapsed: 0.045 sec - in de.lmu.cis.ocrd.lineAlignment.test.SimpleLineAlignmentTest

Results :

Tests run: 265, Failures: 0, Errors: 0, Skipped: 0

[INFO] 
[INFO] --- jacoco-maven-plugin:0.8.5:report (report) @ ocrd ---
[INFO] Loading execution data file /tmp/tmpfu3yip97/ocrd-postcorrection/target/jacoco.exec
[INFO] Analyzed bundle 'ocrd' with 565 classes
[INFO] ------------------------------------------------------------------------
[INFO] BUILD SUCCESS
[INFO] ------------------------------------------------------------------------
[INFO] Total time:  02:06 min
[INFO] Finished at: 2020-07-30T20:37:49Z
[INFO] ------------------------------------------------------------------------
