[INFO] Error stacktraces are turned on.
[INFO] Scanning for projects...
[WARNING] The project net.logstash.logback:logstash-logback-encoder:jar:4.11 uses prerequisites which is only intended for maven-plugin projects but not for non maven-plugin projects. For such purposes you should use the maven-enforcer-plugin. See https://maven.apache.org/enforcer/enforcer-rules/requireMavenVersion.html
[INFO] 
[INFO] -----------< net.logstash.logback:logstash-logback-encoder >------------
[INFO] Building Logstash Logback Encoder 4.11
[INFO] --------------------------------[ jar ]---------------------------------
[INFO] 
[INFO] --- maven-enforcer-plugin:1.4:enforce (enforce-maven) @ logstash-logback-encoder ---
[INFO] 
[INFO] --- maven-license-plugin:1.9.0:format (default) @ logstash-logback-encoder ---
[INFO] Updating license headers...
[INFO] 
[INFO] --- maven-resources-plugin:2.6:resources (default-resources) @ logstash-logback-encoder ---
[INFO] Using 'UTF-8' encoding to copy filtered resources.
[INFO] skip non existing resourceDirectory /tmp/tmpc2v7iy2o/logstash-logback-encoder/src/main/resources
[INFO] 
[INFO] --- maven-compiler-plugin:2.3.2:compile (default-compile) @ logstash-logback-encoder ---
[INFO] Compiling 115 source files to /tmp/tmpc2v7iy2o/logstash-logback-encoder/target/classes
[INFO] 
[INFO] --- maven-bundle-plugin:2.3.7:manifest (bundle-manifest) @ logstash-logback-encoder ---
[INFO] 
[INFO] --- maven-resources-plugin:2.6:testResources (default-testResources) @ logstash-logback-encoder ---
[INFO] Using 'UTF-8' encoding to copy filtered resources.
[INFO] Copying 1 resource
[INFO] 
[INFO] --- maven-compiler-plugin:2.3.2:testCompile (default-testCompile) @ logstash-logback-encoder ---
[INFO] Compiling 51 source files to /tmp/tmpc2v7iy2o/logstash-logback-encoder/target/test-classes
[INFO] 
[INFO] --- maven-surefire-plugin:2.12.4:test (default-test) @ logstash-logback-encoder ---
[INFO] Surefire report directory: /tmp/tmpc2v7iy2o/logstash-logback-encoder/target/surefire-reports

-------------------------------------------------------
 T E S T S
-------------------------------------------------------
Running net.logstash.logback.ConfigurationTest
19:27:45,942 |-INFO in ch.qos.logback.classic.LoggerContext[default] - Found resource [logback-test.xml] at [file:/tmp/tmpc2v7iy2o/logstash-logback-encoder/target/test-classes/logback-test.xml]
19:27:45,996 |-INFO in ch.qos.logback.classic.joran.action.ContextNameAction - Setting logger context name as [testContext]
19:27:45,996 |-INFO in ch.qos.logback.core.joran.action.AppenderAction - About to instantiate appender of type [ch.qos.logback.core.rolling.RollingFileAppender]
19:27:45,999 |-INFO in ch.qos.logback.core.joran.action.AppenderAction - Naming appender as [stash]
19:27:46,012 |-INFO in c.q.l.core.rolling.TimeBasedRollingPolicy@1308244637 - No compression will be used
19:27:46,013 |-INFO in c.q.l.core.rolling.TimeBasedRollingPolicy@1308244637 - Will use the pattern /tmp/test.log.%d{yyyy-MM-dd}.log for the active file
19:27:46,015 |-INFO in c.q.l.core.rolling.DefaultTimeBasedFileNamingAndTriggeringPolicy - The date pattern is 'yyyy-MM-dd' from file name pattern '/tmp/test.log.%d{yyyy-MM-dd}.log'.
19:27:46,015 |-INFO in c.q.l.core.rolling.DefaultTimeBasedFileNamingAndTriggeringPolicy - Roll-over at midnight.
19:27:46,017 |-INFO in c.q.l.core.rolling.DefaultTimeBasedFileNamingAndTriggeringPolicy - Setting initial period to Thu Jul 30 19:27:46 UTC 2020
19:27:46,125 |-INFO in ch.qos.logback.core.rolling.RollingFileAppender[stash] - Active log file name: /tmp/test.log
19:27:46,125 |-INFO in ch.qos.logback.core.rolling.RollingFileAppender[stash] - File property is set to [/tmp/test.log]
19:27:46,126 |-INFO in ch.qos.logback.core.joran.action.AppenderAction - About to instantiate appender of type [ch.qos.logback.core.ConsoleAppender]
19:27:46,126 |-INFO in ch.qos.logback.core.joran.action.AppenderAction - Naming appender as [logstashEncoderAppender]
19:27:46,127 |-INFO in ch.qos.logback.core.joran.action.NestedComplexPropertyIA - Assuming default type [net.logstash.logback.fieldnames.LogstashFieldNames] for [fieldNames] property
19:27:46,133 |-INFO in ch.qos.logback.core.joran.action.NestedComplexPropertyIA - Assuming default type [net.logstash.logback.composite.loggingevent.LoggingEventJsonProviders] for [providers] property
19:27:46,164 |-INFO in ch.qos.logback.core.joran.action.AppenderAction - About to instantiate appender of type [ch.qos.logback.core.ConsoleAppender]
19:27:46,164 |-INFO in ch.qos.logback.core.joran.action.AppenderAction - Naming appender as [loggingEventCompositeJsonEncoderAppender]
19:27:46,164 |-INFO in ch.qos.logback.core.joran.action.NestedComplexPropertyIA - Assuming default type [net.logstash.logback.composite.loggingevent.LoggingEventJsonProviders] for [providers] property
19:27:46,165 |-INFO in ch.qos.logback.core.joran.action.NestedComplexPropertyIA - Assuming default type [net.logstash.logback.composite.loggingevent.LoggingEventFormattedTimestampJsonProvider] for [timestamp] property
19:27:46,165 |-INFO in ch.qos.logback.core.joran.action.NestedComplexPropertyIA - Assuming default type [net.logstash.logback.composite.LogstashVersionJsonProvider] for [version] property
19:27:46,165 |-INFO in ch.qos.logback.core.joran.action.NestedComplexPropertyIA - Assuming default type [net.logstash.logback.composite.loggingevent.MessageJsonProvider] for [message] property
19:27:46,166 |-INFO in ch.qos.logback.core.joran.action.NestedComplexPropertyIA - Assuming default type [net.logstash.logback.composite.loggingevent.LoggingEventNestedJsonProvider] for [nestedField] property
19:27:46,166 |-INFO in ch.qos.logback.core.joran.action.NestedComplexPropertyIA - Assuming default type [net.logstash.logback.composite.loggingevent.LoggingEventJsonProviders] for [providers] property
19:27:46,166 |-INFO in ch.qos.logback.core.joran.action.NestedComplexPropertyIA - Assuming default type [net.logstash.logback.composite.loggingevent.UuidProvider] for [uuid] property
19:27:46,167 |-INFO in ch.qos.logback.core.joran.action.NestedComplexPropertyIA - Assuming default type [net.logstash.logback.composite.loggingevent.RawMessageJsonProvider] for [rawMessage] property
19:27:46,167 |-INFO in ch.qos.logback.core.joran.action.NestedComplexPropertyIA - Assuming default type [net.logstash.logback.composite.loggingevent.LoggerNameJsonProvider] for [loggerName] property
19:27:46,168 |-INFO in ch.qos.logback.core.joran.action.NestedComplexPropertyIA - Assuming default type [net.logstash.logback.composite.loggingevent.ThreadNameJsonProvider] for [threadName] property
19:27:46,168 |-INFO in ch.qos.logback.core.joran.action.NestedComplexPropertyIA - Assuming default type [net.logstash.logback.composite.loggingevent.LogLevelJsonProvider] for [logLevel] property
19:27:46,168 |-INFO in ch.qos.logback.core.joran.action.NestedComplexPropertyIA - Assuming default type [net.logstash.logback.composite.loggingevent.LogLevelValueJsonProvider] for [logLevelValue] property
19:27:46,168 |-INFO in ch.qos.logback.core.joran.action.NestedComplexPropertyIA - Assuming default type [net.logstash.logback.composite.loggingevent.CallerDataJsonProvider] for [callerData] property
19:27:46,169 |-INFO in ch.qos.logback.core.joran.action.NestedComplexPropertyIA - Assuming default type [net.logstash.logback.composite.loggingevent.StackTraceJsonProvider] for [stackTrace] property
19:27:46,170 |-INFO in ch.qos.logback.core.joran.action.NestedComplexPropertyIA - Assuming default type [net.logstash.logback.composite.loggingevent.StackHashJsonProvider] for [stackHash] property
19:27:46,171 |-INFO in ch.qos.logback.core.joran.action.NestedComplexPropertyIA - Assuming default type [net.logstash.logback.composite.ContextJsonProvider] for [context] property
19:27:46,171 |-INFO in ch.qos.logback.core.joran.action.NestedComplexPropertyIA - Assuming default type [net.logstash.logback.composite.loggingevent.ContextNameJsonProvider] for [contextName] property
19:27:46,171 |-INFO in ch.qos.logback.core.joran.action.NestedComplexPropertyIA - Assuming default type [net.logstash.logback.composite.loggingevent.JsonMessageJsonProvider] for [jsonMessage] property
19:27:46,172 |-INFO in ch.qos.logback.core.joran.action.NestedComplexPropertyIA - Assuming default type [net.logstash.logback.composite.loggingevent.MdcJsonProvider] for [mdc] property
19:27:46,173 |-INFO in ch.qos.logback.core.joran.action.NestedComplexPropertyIA - Assuming default type [net.logstash.logback.composite.loggingevent.ContextMapJsonProvider] for [contextMap] property
19:27:46,173 |-INFO in ch.qos.logback.core.joran.action.NestedComplexPropertyIA - Assuming default type [net.logstash.logback.composite.GlobalCustomFieldsJsonProvider] for [globalCustomFields] property
19:27:46,173 |-INFO in ch.qos.logback.core.joran.action.NestedComplexPropertyIA - Assuming default type [net.logstash.logback.composite.loggingevent.TagsJsonProvider] for [tags] property
19:27:46,174 |-INFO in ch.qos.logback.core.joran.action.NestedComplexPropertyIA - Assuming default type [net.logstash.logback.composite.loggingevent.LogstashMarkersJsonProvider] for [logstashMarkers] property
19:27:46,174 |-INFO in ch.qos.logback.core.joran.action.NestedComplexPropertyIA - Assuming default type [net.logstash.logback.composite.loggingevent.LoggingEventPatternJsonProvider] for [pattern] property
19:27:46,174 |-INFO in ch.qos.logback.core.joran.action.NestedComplexPropertyIA - Assuming default type [net.logstash.logback.composite.loggingevent.ArgumentsJsonProvider] for [arguments] property
19:27:46,175 |-INFO in ch.qos.logback.core.joran.action.AppenderAction - About to instantiate appender of type [ch.qos.logback.core.read.ListAppender]
19:27:46,175 |-INFO in ch.qos.logback.core.joran.action.AppenderAction - Naming appender as [listAppender]
19:27:46,176 |-INFO in ch.qos.logback.classic.joran.action.LoggerAction - Setting level of logger [net.logstash.logback.encoder.LogstashEncoderTest] to DEBUG
19:27:46,176 |-INFO in ch.qos.logback.core.joran.action.AppenderRefAction - Attaching appender named [stash] to Logger[net.logstash.logback.encoder.LogstashEncoderTest]
19:27:46,176 |-INFO in ch.qos.logback.classic.joran.action.LoggerAction - Setting level of logger [net.logstash.logback.ConfigurationTest] to DEBUG
19:27:46,176 |-INFO in ch.qos.logback.core.joran.action.AppenderRefAction - Attaching appender named [loggingEventCompositeJsonEncoderAppender] to Logger[net.logstash.logback.ConfigurationTest]
19:27:46,176 |-INFO in ch.qos.logback.core.joran.action.AppenderRefAction - Attaching appender named [logstashEncoderAppender] to Logger[net.logstash.logback.ConfigurationTest]
19:27:46,176 |-INFO in ch.qos.logback.core.joran.action.AppenderRefAction - Attaching appender named [listAppender] to Logger[net.logstash.logback.ConfigurationTest]
19:27:46,176 |-INFO in ch.qos.logback.classic.joran.action.ConfigurationAction - End of configuration.
19:27:46,177 |-INFO in ch.qos.logback.classic.joran.JoranConfigurator@1e730495 - Registering current configuration as safe fallback point
{"@timestamp":"2020-07-30T19:27:46.182+00:00","@version":1,"customMessage":"message arg k1=v1 k2=[v2] v3","nested":{"id":"bf24adf4-d29a-11ea-b2b9-00c0f03d5b7c","customRawMessage":"message {} {} {} {}"},"logger_name":"n.l.l.ConfigurationTest","thread_name":"main","level":"INFO","level_value":20000,"caller":{"class":"net.logstash.logback.ConfigurationTest","method":"verifyOutput","file":"ConfigurationTest.java","line":199},"stack_trace":"<#803f9ff4> java.lang.Throwable: null\n\tat n.l.logback.ConfigurationTest.verifyOutput(ConfigurationTest.java:204)\n\tat n.l.logback.ConfigurationTest.testLogstashEncoderAppender(ConfigurationTest.java:84)\n\tat s.r.NativeMethodAccessorImpl.invoke0(NativeMethodAccessorImpl.java)\n\tat s.r.NativeMethodAccessorImpl.invoke(NativeMethodAccessorImpl.java:62)\n\tat s.r.DelegatingMethodAccessorImpl.invoke(DelegatingMethodAccessorImpl.java:43)\n\tat java.lang.reflect.Method.invoke(Method.java:498)\n\tat o.j.r.model.FrameworkMethod$1.runReflectiveCall(FrameworkMethod.java:50)\n\tat o.j.i.r.m.ReflectiveCallable.run(ReflectiveCallable.java:12)\n\tat o.j.r.model.FrameworkMethod.invokeExplosively(FrameworkMethod.java:47)\n\tat o.j.i.r.s.InvokeMethod.evaluate(InvokeMethod.java:17)\n\tat o.j.i.r.statements.RunBefores.evaluate(RunBefores.java:26)\n\tat org.junit.runners.ParentRunner.runLeaf(ParentRunner.java:325)\n\tat o.j.r.BlockJUnit4ClassRunner.runChild(BlockJUnit4ClassRunner.java:78)\n\tat o.j.r.BlockJUnit4ClassRunner.run...","stack_hash":"803f9ff4","context":"testContext","customName":"customValue","markerFieldName":"markerFieldValue","patternName":"patternValue","relativeTime":251,"prefix0":"arg","k1":"v1","k2":"v2","k3":"v3"}
{"@timestamp":"2020-07-30T19:27:46.182+00:00","@version":1,"customMessage":"message arg k1=v1 k2=[v2] v3","logger_name":"n.l.l.ConfigurationTest","thread_name":"main","level":"INFO","level_value":20000,"stack_trace":"<#803f9ff4> java.lang.Throwable: null\n\tat n.l.logback.ConfigurationTest.verifyOutput(ConfigurationTest.java:204)\n\tat n.l.logback.ConfigurationTest.testLogstashEncoderAppender(ConfigurationTest.java:84)\n\tat s.r.NativeMethodAccessorImpl.invoke0(NativeMethodAccessorImpl.java)\n\tat s.r.NativeMethodAccessorImpl.invoke(NativeMethodAccessorImpl.java:62)\n\tat s.r.DelegatingMethodAccessorImpl.invoke(DelegatingMethodAccessorImpl.java:43)\n\tat java.lang.reflect.Method.invoke(Method.java:498)\n\tat o.j.r.model.FrameworkMethod$1.runReflectiveCall(FrameworkMethod.java:50)\n\tat o.j.i.r.m.ReflectiveCallable.run(ReflectiveCallable.java:12)\n\tat o.j.r.model.FrameworkMethod.invokeExplosively(FrameworkMethod.java:47)\n\tat o.j.i.r.s.InvokeMethod.evaluate(InvokeMethod.java:17)\n\tat o.j.i.r.statements.RunBefores.evaluate(RunBefores.java:26)\n\tat org.junit.runners.ParentRunner.runLeaf(ParentRunner.java:325)\n\tat o.j.r.BlockJUnit4ClassRunner.runChild(BlockJUnit4ClassRunner.java:78)\n\tat o.j.r.BlockJUnit4ClassRunner.run...","markerFieldName":"markerFieldValue","caller":{"class":"net.logstash.logback.ConfigurationTest","method":"verifyOutput","file":"ConfigurationTest.java","line":199},"customName":"customValue","patternName":"patternValue","relativeTime":251,"nested":{"customRawMessage":"message {} {} {} {}","id":"bf271ef5-d29a-11ea-b2b9-00c0f03d5b7c","customErrorHash":"803f9ff4"},"prefix0":"arg","k1":"v1","k2":"v2","k3":"v3","context":"testContext"}
{"@timestamp":"2020-07-30T19:27:46.218+00:00","@version":1,"customMessage":"message arg k1=v1 k2=[v2] v3","nested":{"id":"bf2968e7-d29a-11ea-b2b9-00c0f03d5b7c","customRawMessage":"message {} {} {} {}"},"logger_name":"n.l.l.ConfigurationTest","thread_name":"main","level":"INFO","level_value":20000,"caller":{"class":"net.logstash.logback.ConfigurationTest","method":"verifyOutput","file":"ConfigurationTest.java","line":199},"stack_trace":"<#26235380> java.lang.Throwable: null\n\tat n.l.logback.ConfigurationTest.verifyOutput(ConfigurationTest.java:204)\n\tat n.l.logback.ConfigurationTest.testLoggingEventCompositeJsonEncoderAppender(ConfigurationTest.java:97)\n\tat s.r.NativeMethodAccessorImpl.invoke0(NativeMethodAccessorImpl.java)\n\tat s.r.NativeMethodAccessorImpl.invoke(NativeMethodAccessorImpl.java:62)\n\tat s.r.DelegatingMethodAccessorImpl.invoke(DelegatingMethodAccessorImpl.java:43)\n\tat java.lang.reflect.Method.invoke(Method.java:498)\n\tat o.j.r.model.FrameworkMethod$1.runReflectiveCall(FrameworkMethod.java:50)\n\tat o.j.i.r.m.ReflectiveCallable.run(ReflectiveCallable.java:12)\n\tat o.j.r.model.FrameworkMethod.invokeExplosively(FrameworkMethod.java:47)\n\tat o.j.i.r.s.InvokeMethod.evaluate(InvokeMethod.java:17)\n\tat o.j.i.r.statements.RunBefores.evaluate(RunBefores.java:26)\n\tat org.junit.runners.ParentRunner.runLeaf(ParentRunner.java:325)\n\tat o.j.r.BlockJUnit4ClassRunner.runChild(BlockJUnit4ClassRunner.java:78)\n\tat o.j.r.BlockJUni...","stack_hash":"26235380","context":"testContext","customName":"customValue","markerFieldName":"markerFieldValue","patternName":"patternValue","relativeTime":287,"prefix0":"arg","k1":"v1","k2":"v2","k3":"v3"}
{"@timestamp":"2020-07-30T19:27:46.218+00:00","@version":1,"customMessage":"message arg k1=v1 k2=[v2] v3","logger_name":"n.l.l.ConfigurationTest","thread_name":"main","level":"INFO","level_value":20000,"stack_trace":"<#26235380> java.lang.Throwable: null\n\tat n.l.logback.ConfigurationTest.verifyOutput(ConfigurationTest.java:204)\n\tat n.l.logback.ConfigurationTest.testLoggingEventCompositeJsonEncoderAppender(ConfigurationTest.java:97)\n\tat s.r.NativeMethodAccessorImpl.invoke0(NativeMethodAccessorImpl.java)\n\tat s.r.NativeMethodAccessorImpl.invoke(NativeMethodAccessorImpl.java:62)\n\tat s.r.DelegatingMethodAccessorImpl.invoke(DelegatingMethodAccessorImpl.java:43)\n\tat java.lang.reflect.Method.invoke(Method.java:498)\n\tat o.j.r.model.FrameworkMethod$1.runReflectiveCall(FrameworkMethod.java:50)\n\tat o.j.i.r.m.ReflectiveCallable.run(ReflectiveCallable.java:12)\n\tat o.j.r.model.FrameworkMethod.invokeExplosively(FrameworkMethod.java:47)\n\tat o.j.i.r.s.InvokeMethod.evaluate(InvokeMethod.java:17)\n\tat o.j.i.r.statements.RunBefores.evaluate(RunBefores.java:26)\n\tat org.junit.runners.ParentRunner.runLeaf(ParentRunner.java:325)\n\tat o.j.r.BlockJUnit4ClassRunner.runChild(BlockJUnit4ClassRunner.java:78)\n\tat o.j.r.BlockJUni...","markerFieldName":"markerFieldValue","caller":{"class":"net.logstash.logback.ConfigurationTest","method":"verifyOutput","file":"ConfigurationTest.java","line":199},"customName":"customValue","patternName":"patternValue","relativeTime":287,"nested":{"customRawMessage":"message {} {} {} {}","id":"bf298ff8-d29a-11ea-b2b9-00c0f03d5b7c","customErrorHash":"26235380"},"prefix0":"arg","k1":"v1","k2":"v2","k3":"v3","context":"testContext"}
Tests run: 2, Failures: 0, Errors: 0, Skipped: 0, Time elapsed: 0.327 sec
Running net.logstash.logback.argument.StructuredArgumentsToStringTest
19:27:46,227 |-WARN in class net.logstash.logback.argument.StructuredArguments - Failed toString() invocation on an object of type [net.logstash.logback.argument.StructuredArgumentsToStringTest$BuguyToString] java.lang.NullPointerException: npe
	at java.lang.NullPointerException: npe
	at 	at net.logstash.logback.argument.StructuredArgumentsToStringTest$BuguyToString.toString(StructuredArgumentsToStringTest.java:32)
	at 	at java.lang.String.valueOf(String.java:2994)
	at 	at net.logstash.logback.argument.StructuredArguments.toString(StructuredArguments.java:206)
	at 	at net.logstash.logback.argument.StructuredArgumentsToStringTest.testToString(StructuredArgumentsToStringTest.java:58)
	at 	at sun.reflect.NativeMethodAccessorImpl.invoke0(Native Method)
	at 	at sun.reflect.NativeMethodAccessorImpl.invoke(NativeMethodAccessorImpl.java:62)
	at 	at sun.reflect.DelegatingMethodAccessorImpl.invoke(DelegatingMethodAccessorImpl.java:43)
	at 	at java.lang.reflect.Method.invoke(Method.java:498)
	at 	at org.junit.runners.model.FrameworkMethod$1.runReflectiveCall(FrameworkMethod.java:50)
	at 	at org.junit.internal.runners.model.ReflectiveCallable.run(ReflectiveCallable.java:12)
	at 	at org.junit.runners.model.FrameworkMethod.invokeExplosively(FrameworkMethod.java:47)
	at 	at org.junit.internal.runners.statements.InvokeMethod.evaluate(InvokeMethod.java:17)
	at 	at org.junit.runners.ParentRunner.runLeaf(ParentRunner.java:325)
	at 	at org.junit.runners.BlockJUnit4ClassRunner.runChild(BlockJUnit4ClassRunner.java:78)
	at 	at org.junit.runners.BlockJUnit4ClassRunner.runChild(BlockJUnit4ClassRunner.java:57)
	at 	at org.junit.runners.ParentRunner$3.run(ParentRunner.java:290)
	at 	at org.junit.runners.ParentRunner$1.schedule(ParentRunner.java:71)
	at 	at org.junit.runners.ParentRunner.runChildren(ParentRunner.java:288)
	at 	at org.junit.runners.ParentRunner.access$000(ParentRunner.java:58)
	at 	at org.junit.runners.ParentRunner$2.evaluate(ParentRunner.java:268)
	at 	at org.junit.runners.ParentRunner.run(ParentRunner.java:363)
	at 	at org.junit.runners.Suite.runChild(Suite.java:128)
	at 	at org.junit.runners.Suite.runChild(Suite.java:27)
	at 	at org.junit.runners.ParentRunner$3.run(ParentRunner.java:290)
	at 	at org.junit.runners.ParentRunner$1.schedule(ParentRunner.java:71)
	at 	at org.junit.runners.ParentRunner.runChildren(ParentRunner.java:288)
	at 	at org.junit.runners.ParentRunner.access$000(ParentRunner.java:58)
	at 	at org.junit.runners.ParentRunner$2.evaluate(ParentRunner.java:268)
	at 	at org.junit.runners.ParentRunner.run(ParentRunner.java:363)
	at 	at org.apache.maven.surefire.junit4.JUnit4Provider.execute(JUnit4Provider.java:252)
	at 	at org.apache.maven.surefire.junit4.JUnit4Provider.executeTestSet(JUnit4Provider.java:141)
	at 	at org.apache.maven.surefire.junit4.JUnit4Provider.invoke(JUnit4Provider.java:112)
	at 	at sun.reflect.NativeMethodAccessorImpl.invoke0(Native Method)
	at 	at sun.reflect.NativeMethodAccessorImpl.invoke(NativeMethodAccessorImpl.java:62)
	at 	at sun.reflect.DelegatingMethodAccessorImpl.invoke(DelegatingMethodAccessorImpl.java:43)
	at 	at java.lang.reflect.Method.invoke(Method.java:498)
	at 	at org.apache.maven.surefire.util.ReflectionUtils.invokeMethodWithArray(ReflectionUtils.java:189)
	at 	at org.apache.maven.surefire.booter.ProviderFactory$ProviderProxy.invoke(ProviderFactory.java:165)
	at 	at org.apache.maven.surefire.booter.ProviderFactory.invokeProvider(ProviderFactory.java:85)
	at 	at org.apache.maven.surefire.booter.ForkedBooter.runSuitesInProcess(ForkedBooter.java:115)
	at 	at org.apache.maven.surefire.booter.ForkedBooter.main(ForkedBooter.java:75)
SLF4J: Failed toString() invocation on an object of type [net.logstash.logback.argument.StructuredArgumentsToStringTest$BuguyToString]
Reported exception:
java.lang.NullPointerException: npe
	at net.logstash.logback.argument.StructuredArgumentsToStringTest$BuguyToString.toString(StructuredArgumentsToStringTest.java:32)
	at org.slf4j.helpers.MessageFormatter.safeObjectAppend(MessageFormatter.java:299)
	at org.slf4j.helpers.MessageFormatter.deeplyAppendParameter(MessageFormatter.java:271)
	at org.slf4j.helpers.MessageFormatter.arrayFormat(MessageFormatter.java:233)
	at org.slf4j.helpers.MessageFormatter.arrayFormat(MessageFormatter.java:173)
	at org.slf4j.helpers.MessageFormatter.format(MessageFormatter.java:124)
	at net.logstash.logback.argument.StructuredArgumentsToStringTest.testToString(StructuredArgumentsToStringTest.java:59)
	at sun.reflect.NativeMethodAccessorImpl.invoke0(Native Method)
	at sun.reflect.NativeMethodAccessorImpl.invoke(NativeMethodAccessorImpl.java:62)
	at sun.reflect.DelegatingMethodAccessorImpl.invoke(DelegatingMethodAccessorImpl.java:43)
	at java.lang.reflect.Method.invoke(Method.java:498)
	at org.junit.runners.model.FrameworkMethod$1.runReflectiveCall(FrameworkMethod.java:50)
	at org.junit.internal.runners.model.ReflectiveCallable.run(ReflectiveCallable.java:12)
	at org.junit.runners.model.FrameworkMethod.invokeExplosively(FrameworkMethod.java:47)
	at org.junit.internal.runners.statements.InvokeMethod.evaluate(InvokeMethod.java:17)
	at org.junit.runners.ParentRunner.runLeaf(ParentRunner.java:325)
	at org.junit.runners.BlockJUnit4ClassRunner.runChild(BlockJUnit4ClassRunner.java:78)
	at org.junit.runners.BlockJUnit4ClassRunner.runChild(BlockJUnit4ClassRunner.java:57)
	at org.junit.runners.ParentRunner$3.run(ParentRunner.java:290)
	at org.junit.runners.ParentRunner$1.schedule(ParentRunner.java:71)
	at org.junit.runners.ParentRunner.runChildren(ParentRunner.java:288)
	at org.junit.runners.ParentRunner.access$000(ParentRunner.java:58)
	at org.junit.runners.ParentRunner$2.evaluate(ParentRunner.java:268)
	at org.junit.runners.ParentRunner.run(ParentRunner.java:363)
	at org.junit.runners.Suite.runChild(Suite.java:128)
	at org.junit.runners.Suite.runChild(Suite.java:27)
	at org.junit.runners.ParentRunner$3.run(ParentRunner.java:290)
	at org.junit.runners.ParentRunner$1.schedule(ParentRunner.java:71)
	at org.junit.runners.ParentRunner.runChildren(ParentRunner.java:288)
	at org.junit.runners.ParentRunner.access$000(ParentRunner.java:58)
	at org.junit.runners.ParentRunner$2.evaluate(ParentRunner.java:268)
	at org.junit.runners.ParentRunner.run(ParentRunner.java:363)
	at org.apache.maven.surefire.junit4.JUnit4Provider.execute(JUnit4Provider.java:252)
	at org.apache.maven.surefire.junit4.JUnit4Provider.executeTestSet(JUnit4Provider.java:141)
	at org.apache.maven.surefire.junit4.JUnit4Provider.invoke(JUnit4Provider.java:112)
	at sun.reflect.NativeMethodAccessorImpl.invoke0(Native Method)
	at sun.reflect.NativeMethodAccessorImpl.invoke(NativeMethodAccessorImpl.java:62)
	at sun.reflect.DelegatingMethodAccessorImpl.invoke(DelegatingMethodAccessorImpl.java:43)
	at java.lang.reflect.Method.invoke(Method.java:498)
	at org.apache.maven.surefire.util.ReflectionUtils.invokeMethodWithArray(ReflectionUtils.java:189)
	at org.apache.maven.surefire.booter.ProviderFactory$ProviderProxy.invoke(ProviderFactory.java:165)
	at org.apache.maven.surefire.booter.ProviderFactory.invokeProvider(ProviderFactory.java:85)
	at org.apache.maven.surefire.booter.ForkedBooter.runSuitesInProcess(ForkedBooter.java:115)
	at org.apache.maven.surefire.booter.ForkedBooter.main(ForkedBooter.java:75)
19:27:46,230 |-WARN in class net.logstash.logback.argument.StructuredArguments - Failed toString() invocation on an object of type [net.logstash.logback.argument.StructuredArgumentsToStringTest$BuguyToString] java.lang.NullPointerException: npe
	at java.lang.NullPointerException: npe
	at 	at net.logstash.logback.argument.StructuredArgumentsToStringTest$BuguyToString.toString(StructuredArgumentsToStringTest.java:32)
	at 	at java.lang.String.valueOf(String.java:2994)
	at 	at net.logstash.logback.argument.StructuredArguments.toString(StructuredArguments.java:206)
	at 	at net.logstash.logback.argument.StructuredArgumentsToStringTest.testToString(StructuredArgumentsToStringTest.java:59)
	at 	at sun.reflect.NativeMethodAccessorImpl.invoke0(Native Method)
	at 	at sun.reflect.NativeMethodAccessorImpl.invoke(NativeMethodAccessorImpl.java:62)
	at 	at sun.reflect.DelegatingMethodAccessorImpl.invoke(DelegatingMethodAccessorImpl.java:43)
	at 	at java.lang.reflect.Method.invoke(Method.java:498)
	at 	at org.junit.runners.model.FrameworkMethod$1.runReflectiveCall(FrameworkMethod.java:50)
	at 	at org.junit.internal.runners.model.ReflectiveCallable.run(ReflectiveCallable.java:12)
	at 	at org.junit.runners.model.FrameworkMethod.invokeExplosively(FrameworkMethod.java:47)
	at 	at org.junit.internal.runners.statements.InvokeMethod.evaluate(InvokeMethod.java:17)
	at 	at org.junit.runners.ParentRunner.runLeaf(ParentRunner.java:325)
	at 	at org.junit.runners.BlockJUnit4ClassRunner.runChild(BlockJUnit4ClassRunner.java:78)
	at 	at org.junit.runners.BlockJUnit4ClassRunner.runChild(BlockJUnit4ClassRunner.java:57)
	at 	at org.junit.runners.ParentRunner$3.run(ParentRunner.java:290)
	at 	at org.junit.runners.ParentRunner$1.schedule(ParentRunner.java:71)
	at 	at org.junit.runners.ParentRunner.runChildren(ParentRunner.java:288)
	at 	at org.junit.runners.ParentRunner.access$000(ParentRunner.java:58)
	at 	at org.junit.runners.ParentRunner$2.evaluate(ParentRunner.java:268)
	at 	at org.junit.runners.ParentRunner.run(ParentRunner.java:363)
	at 	at org.junit.runners.Suite.runChild(Suite.java:128)
	at 	at org.junit.runners.Suite.runChild(Suite.java:27)
	at 	at org.junit.runners.ParentRunner$3.run(ParentRunner.java:290)
	at 	at org.junit.runners.ParentRunner$1.schedule(ParentRunner.java:71)
	at 	at org.junit.runners.ParentRunner.runChildren(ParentRunner.java:288)
	at 	at org.junit.runners.ParentRunner.access$000(ParentRunner.java:58)
	at 	at org.junit.runners.ParentRunner$2.evaluate(ParentRunner.java:268)
	at 	at org.junit.runners.ParentRunner.run(ParentRunner.java:363)
	at 	at org.apache.maven.surefire.junit4.JUnit4Provider.execute(JUnit4Provider.java:252)
	at 	at org.apache.maven.surefire.junit4.JUnit4Provider.executeTestSet(JUnit4Provider.java:141)
	at 	at org.apache.maven.surefire.junit4.JUnit4Provider.invoke(JUnit4Provider.java:112)
	at 	at sun.reflect.NativeMethodAccessorImpl.invoke0(Native Method)
	at 	at sun.reflect.NativeMethodAccessorImpl.invoke(NativeMethodAccessorImpl.java:62)
	at 	at sun.reflect.DelegatingMethodAccessorImpl.invoke(DelegatingMethodAccessorImpl.java:43)
	at 	at java.lang.reflect.Method.invoke(Method.java:498)
	at 	at org.apache.maven.surefire.util.ReflectionUtils.invokeMethodWithArray(ReflectionUtils.java:189)
	at 	at org.apache.maven.surefire.booter.ProviderFactory$ProviderProxy.invoke(ProviderFactory.java:165)
	at 	at org.apache.maven.surefire.booter.ProviderFactory.invokeProvider(ProviderFactory.java:85)
	at 	at org.apache.maven.surefire.booter.ForkedBooter.runSuitesInProcess(ForkedBooter.java:115)
	at 	at org.apache.maven.surefire.booter.ForkedBooter.main(ForkedBooter.java:75)
Tests run: 5, Failures: 0, Errors: 0, Skipped: 0, Time elapsed: 0.006 sec
Running net.logstash.logback.encoder.LogstashEncoderTest
19:27:46,793 |-INFO in ch.qos.logback.classic.LoggerContext[default] - Found resource [logback-test.xml] at [file:/tmp/tmpc2v7iy2o/logstash-logback-encoder/target/test-classes/logback-test.xml]
19:27:46,902 |-INFO in ch.qos.logback.classic.joran.action.ContextNameAction - Setting logger context name as [testContext]
19:27:46,902 |-INFO in ch.qos.logback.core.joran.action.AppenderAction - About to instantiate appender of type [ch.qos.logback.core.rolling.RollingFileAppender]
19:27:46,905 |-INFO in ch.qos.logback.core.joran.action.AppenderAction - Naming appender as [stash]
19:27:46,922 |-INFO in c.q.l.core.rolling.TimeBasedRollingPolicy@638486177 - No compression will be used
19:27:46,925 |-INFO in c.q.l.core.rolling.TimeBasedRollingPolicy@638486177 - Will use the pattern /tmp/test.log.%d{yyyy-MM-dd}.log for the active file
19:27:46,933 |-INFO in c.q.l.core.rolling.DefaultTimeBasedFileNamingAndTriggeringPolicy - The date pattern is 'yyyy-MM-dd' from file name pattern '/tmp/test.log.%d{yyyy-MM-dd}.log'.
19:27:46,933 |-INFO in c.q.l.core.rolling.DefaultTimeBasedFileNamingAndTriggeringPolicy - Roll-over at midnight.
19:27:46,934 |-INFO in c.q.l.core.rolling.DefaultTimeBasedFileNamingAndTriggeringPolicy - Setting initial period to Thu Jul 30 19:27:46 UTC 2020
19:27:47,175 |-INFO in ch.qos.logback.core.rolling.RollingFileAppender[stash] - Active log file name: /tmp/test.log
19:27:47,175 |-INFO in ch.qos.logback.core.rolling.RollingFileAppender[stash] - File property is set to [/tmp/test.log]
19:27:47,176 |-INFO in ch.qos.logback.core.joran.action.AppenderAction - About to instantiate appender of type [ch.qos.logback.core.ConsoleAppender]
19:27:47,177 |-INFO in ch.qos.logback.core.joran.action.AppenderAction - Naming appender as [logstashEncoderAppender]
19:27:47,178 |-INFO in ch.qos.logback.core.joran.action.NestedComplexPropertyIA - Assuming default type [net.logstash.logback.fieldnames.LogstashFieldNames] for [fieldNames] property
19:27:47,185 |-INFO in ch.qos.logback.core.joran.action.NestedComplexPropertyIA - Assuming default type [net.logstash.logback.composite.loggingevent.LoggingEventJsonProviders] for [providers] property
19:27:47,204 |-INFO in ch.qos.logback.core.joran.action.AppenderAction - About to instantiate appender of type [ch.qos.logback.core.ConsoleAppender]
19:27:47,204 |-INFO in ch.qos.logback.core.joran.action.AppenderAction - Naming appender as [loggingEventCompositeJsonEncoderAppender]
19:27:47,205 |-INFO in ch.qos.logback.core.joran.action.NestedComplexPropertyIA - Assuming default type [net.logstash.logback.composite.loggingevent.LoggingEventJsonProviders] for [providers] property
19:27:47,205 |-INFO in ch.qos.logback.core.joran.action.NestedComplexPropertyIA - Assuming default type [net.logstash.logback.composite.loggingevent.LoggingEventFormattedTimestampJsonProvider] for [timestamp] property
19:27:47,205 |-INFO in ch.qos.logback.core.joran.action.NestedComplexPropertyIA - Assuming default type [net.logstash.logback.composite.LogstashVersionJsonProvider] for [version] property
19:27:47,205 |-INFO in ch.qos.logback.core.joran.action.NestedComplexPropertyIA - Assuming default type [net.logstash.logback.composite.loggingevent.MessageJsonProvider] for [message] property
19:27:47,206 |-INFO in ch.qos.logback.core.joran.action.NestedComplexPropertyIA - Assuming default type [net.logstash.logback.composite.loggingevent.LoggingEventNestedJsonProvider] for [nestedField] property
19:27:47,206 |-INFO in ch.qos.logback.core.joran.action.NestedComplexPropertyIA - Assuming default type [net.logstash.logback.composite.loggingevent.LoggingEventJsonProviders] for [providers] property
19:27:47,206 |-INFO in ch.qos.logback.core.joran.action.NestedComplexPropertyIA - Assuming default type [net.logstash.logback.composite.loggingevent.UuidProvider] for [uuid] property
19:27:47,207 |-INFO in ch.qos.logback.core.joran.action.NestedComplexPropertyIA - Assuming default type [net.logstash.logback.composite.loggingevent.RawMessageJsonProvider] for [rawMessage] property
19:27:47,207 |-INFO in ch.qos.logback.core.joran.action.NestedComplexPropertyIA - Assuming default type [net.logstash.logback.composite.loggingevent.LoggerNameJsonProvider] for [loggerName] property
19:27:47,207 |-INFO in ch.qos.logback.core.joran.action.NestedComplexPropertyIA - Assuming default type [net.logstash.logback.composite.loggingevent.ThreadNameJsonProvider] for [threadName] property
19:27:47,207 |-INFO in ch.qos.logback.core.joran.action.NestedComplexPropertyIA - Assuming default type [net.logstash.logback.composite.loggingevent.LogLevelJsonProvider] for [logLevel] property
19:27:47,207 |-INFO in ch.qos.logback.core.joran.action.NestedComplexPropertyIA - Assuming default type [net.logstash.logback.composite.loggingevent.LogLevelValueJsonProvider] for [logLevelValue] property
19:27:47,207 |-INFO in ch.qos.logback.core.joran.action.NestedComplexPropertyIA - Assuming default type [net.logstash.logback.composite.loggingevent.CallerDataJsonProvider] for [callerData] property
19:27:47,208 |-INFO in ch.qos.logback.core.joran.action.NestedComplexPropertyIA - Assuming default type [net.logstash.logback.composite.loggingevent.StackTraceJsonProvider] for [stackTrace] property
19:27:47,209 |-INFO in ch.qos.logback.core.joran.action.NestedComplexPropertyIA - Assuming default type [net.logstash.logback.composite.loggingevent.StackHashJsonProvider] for [stackHash] property
19:27:47,209 |-INFO in ch.qos.logback.core.joran.action.NestedComplexPropertyIA - Assuming default type [net.logstash.logback.composite.ContextJsonProvider] for [context] property
19:27:47,209 |-INFO in ch.qos.logback.core.joran.action.NestedComplexPropertyIA - Assuming default type [net.logstash.logback.composite.loggingevent.ContextNameJsonProvider] for [contextName] property
19:27:47,209 |-INFO in ch.qos.logback.core.joran.action.NestedComplexPropertyIA - Assuming default type [net.logstash.logback.composite.loggingevent.JsonMessageJsonProvider] for [jsonMessage] property
19:27:47,209 |-INFO in ch.qos.logback.core.joran.action.NestedComplexPropertyIA - Assuming default type [net.logstash.logback.composite.loggingevent.MdcJsonProvider] for [mdc] property
19:27:47,210 |-INFO in ch.qos.logback.core.joran.action.NestedComplexPropertyIA - Assuming default type [net.logstash.logback.composite.loggingevent.ContextMapJsonProvider] for [contextMap] property
19:27:47,210 |-INFO in ch.qos.logback.core.joran.action.NestedComplexPropertyIA - Assuming default type [net.logstash.logback.composite.GlobalCustomFieldsJsonProvider] for [globalCustomFields] property
19:27:47,210 |-INFO in ch.qos.logback.core.joran.action.NestedComplexPropertyIA - Assuming default type [net.logstash.logback.composite.loggingevent.TagsJsonProvider] for [tags] property
19:27:47,210 |-INFO in ch.qos.logback.core.joran.action.NestedComplexPropertyIA - Assuming default type [net.logstash.logback.composite.loggingevent.LogstashMarkersJsonProvider] for [logstashMarkers] property
19:27:47,210 |-INFO in ch.qos.logback.core.joran.action.NestedComplexPropertyIA - Assuming default type [net.logstash.logback.composite.loggingevent.LoggingEventPatternJsonProvider] for [pattern] property
19:27:47,211 |-INFO in ch.qos.logback.core.joran.action.NestedComplexPropertyIA - Assuming default type [net.logstash.logback.composite.loggingevent.ArgumentsJsonProvider] for [arguments] property
19:27:47,211 |-INFO in ch.qos.logback.core.joran.action.AppenderAction - About to instantiate appender of type [ch.qos.logback.core.read.ListAppender]
19:27:47,212 |-INFO in ch.qos.logback.core.joran.action.AppenderAction - Naming appender as [listAppender]
19:27:47,212 |-INFO in ch.qos.logback.classic.joran.action.LoggerAction - Setting level of logger [net.logstash.logback.encoder.LogstashEncoderTest] to DEBUG
19:27:47,212 |-INFO in ch.qos.logback.core.joran.action.AppenderRefAction - Attaching appender named [stash] to Logger[net.logstash.logback.encoder.LogstashEncoderTest]
19:27:47,213 |-INFO in ch.qos.logback.classic.joran.action.LoggerAction - Setting level of logger [net.logstash.logback.ConfigurationTest] to DEBUG
19:27:47,213 |-INFO in ch.qos.logback.core.joran.action.AppenderRefAction - Attaching appender named [loggingEventCompositeJsonEncoderAppender] to Logger[net.logstash.logback.ConfigurationTest]
19:27:47,213 |-INFO in ch.qos.logback.core.joran.action.AppenderRefAction - Attaching appender named [logstashEncoderAppender] to Logger[net.logstash.logback.ConfigurationTest]
19:27:47,213 |-INFO in ch.qos.logback.core.joran.action.AppenderRefAction - Attaching appender named [listAppender] to Logger[net.logstash.logback.ConfigurationTest]
19:27:47,213 |-INFO in ch.qos.logback.classic.joran.action.ConfigurationAction - End of configuration.
19:27:47,214 |-INFO in ch.qos.logback.classic.joran.JoranConfigurator@2a65bb85 - Registering current configuration as safe fallback point
LOGBACK: No context given for net.logstash.logback.encoder.LogstashEncoder@c7a977f
LOGBACK: No context given for net.logstash.logback.encoder.LogstashEncoder@4cd1c1dc
LOGBACK: No context given for net.logstash.logback.encoder.LogstashEncoder@109d724c
Tests run: 32, Failures: 0, Errors: 0, Skipped: 0, Time elapsed: 1.318 sec
Running net.logstash.logback.encoder.CompositeJsonEncoderTest
Tests run: 8, Failures: 0, Errors: 0, Skipped: 0, Time elapsed: 0.311 sec
Running net.logstash.logback.encoder.LogstashAccessEncoderTest
LOGBACK: No context given for net.logstash.logback.encoder.LogstashAccessEncoder@516592b1
LOGBACK: No context given for net.logstash.logback.encoder.LogstashAccessEncoder@723877dd
Tests run: 7, Failures: 0, Errors: 0, Skipped: 0, Time elapsed: 0.436 sec
Running net.logstash.logback.marker.ObjectFieldsAppendingMarkerTest
Tests run: 4, Failures: 0, Errors: 0, Skipped: 0, Time elapsed: 0.012 sec
Running net.logstash.logback.marker.ObjectAppendingMarkerTest
Tests run: 3, Failures: 0, Errors: 0, Skipped: 0, Time elapsed: 0.001 sec
Running net.logstash.logback.marker.MapEntriesAppendingMarkerTest
Tests run: 3, Failures: 0, Errors: 0, Skipped: 0, Time elapsed: 0.001 sec
Running net.logstash.logback.marker.RawJsonAppendingMarkerTest
Tests run: 3, Failures: 0, Errors: 0, Skipped: 0, Time elapsed: 0 sec
Running net.logstash.logback.stacktrace.StackHasherTest
Tests run: 3, Failures: 0, Errors: 0, Skipped: 0, Time elapsed: 0 sec
Running net.logstash.logback.stacktrace.ShortenedThrowableConverterTest
LOGBACK: No context given for ch.qos.logback.core.spi.ContextAwareBase@60ed12e8
LOGBACK: No context given for ch.qos.logback.core.spi.ContextAwareBase@24c8d8be
LOGBACK: No context given for ch.qos.logback.core.spi.ContextAwareBase@6fcd31c3
Tests run: 14, Failures: 0, Errors: 0, Skipped: 0, Time elapsed: 0.029 sec
Running net.logstash.logback.composite.loggingevent.MdcJsonProviderTest
Tests run: 5, Failures: 0, Errors: 0, Skipped: 0, Time elapsed: 0.021 sec
Running net.logstash.logback.composite.loggingevent.CallerDataJsonProviderTest
Tests run: 6, Failures: 0, Errors: 0, Skipped: 0, Time elapsed: 0.003 sec
Running net.logstash.logback.composite.loggingevent.ContextNameJsonProviderTest
Tests run: 2, Failures: 0, Errors: 0, Skipped: 0, Time elapsed: 0.002 sec
Running net.logstash.logback.composite.loggingevent.LogstashMarkersJsonProviderTest
Tests run: 1, Failures: 0, Errors: 0, Skipped: 0, Time elapsed: 0.002 sec
Running net.logstash.logback.composite.loggingevent.TagsJsonProviderTest
Tests run: 3, Failures: 0, Errors: 0, Skipped: 0, Time elapsed: 0.006 sec
Running net.logstash.logback.composite.loggingevent.LoggingEventPatternJsonProviderTest
Tests run: 1, Failures: 0, Errors: 0, Skipped: 0, Time elapsed: 0.017 sec
Running net.logstash.logback.composite.loggingevent.LogLevelValueJsonProviderTest
Tests run: 3, Failures: 0, Errors: 0, Skipped: 0, Time elapsed: 0.001 sec
Running net.logstash.logback.composite.loggingevent.StackHashJsonProviderTest
Tests run: 2, Failures: 0, Errors: 0, Skipped: 0, Time elapsed: 0.004 sec
Running net.logstash.logback.composite.loggingevent.LoggerNameJsonProviderTest
Tests run: 4, Failures: 0, Errors: 0, Skipped: 0, Time elapsed: 0.001 sec
Running net.logstash.logback.composite.loggingevent.LoggingEventCompositeJsonFormatterTest
Tests run: 1, Failures: 0, Errors: 0, Skipped: 0, Time elapsed: 0 sec
Running net.logstash.logback.composite.loggingevent.UuidProviderTest
Tests run: 4, Failures: 0, Errors: 0, Skipped: 0, Time elapsed: 0.003 sec
Running net.logstash.logback.composite.loggingevent.MessageJsonProviderTest
Tests run: 3, Failures: 0, Errors: 0, Skipped: 0, Time elapsed: 0.001 sec
Running net.logstash.logback.composite.loggingevent.ThreadNameJsonProviderTest
Tests run: 3, Failures: 0, Errors: 0, Skipped: 0, Time elapsed: 0.001 sec
Running net.logstash.logback.composite.loggingevent.ArgumentsJsonProviderTest
Tests run: 4, Failures: 0, Errors: 0, Skipped: 0, Time elapsed: 0.005 sec
Running net.logstash.logback.composite.loggingevent.RawMessageJsonProviderTest
Tests run: 2, Failures: 0, Errors: 0, Skipped: 0, Time elapsed: 0.001 sec
Running net.logstash.logback.composite.loggingevent.LogLevelJsonProviderTest
Tests run: 3, Failures: 0, Errors: 0, Skipped: 0, Time elapsed: 0.002 sec
Running net.logstash.logback.composite.loggingevent.LoggingEventNestedJsonProviderTest
Tests run: 1, Failures: 0, Errors: 0, Skipped: 0, Time elapsed: 0.007 sec
Running net.logstash.logback.composite.loggingevent.StackTraceJsonProviderTest
Tests run: 3, Failures: 0, Errors: 0, Skipped: 0, Time elapsed: 0.006 sec
Running net.logstash.logback.composite.accessevent.ResponseHeadersJsonProviderTest
Tests run: 3, Failures: 0, Errors: 0, Skipped: 0, Time elapsed: 0.005 sec
Running net.logstash.logback.composite.accessevent.AccessEventPatternJsonProviderTest
Tests run: 1, Failures: 0, Errors: 0, Skipped: 0, Time elapsed: 0.003 sec
Running net.logstash.logback.composite.accessevent.RequestHeadersJsonProviderTest
Tests run: 3, Failures: 0, Errors: 0, Skipped: 0, Time elapsed: 0.002 sec
Running net.logstash.logback.composite.accessevent.AccessEventNestedJsonProviderTest
Tests run: 1, Failures: 0, Errors: 0, Skipped: 0, Time elapsed: 0.005 sec
Running net.logstash.logback.composite.LogstashVersionJsonProviderTest
Tests run: 6, Failures: 0, Errors: 0, Skipped: 0, Time elapsed: 0 sec
Running net.logstash.logback.composite.GlobalCustomFieldsJsonProviderTest
Tests run: 1, Failures: 0, Errors: 0, Skipped: 0, Time elapsed: 0.001 sec
Running net.logstash.logback.layout.CompositeJsonLayoutTest
Tests run: 4, Failures: 0, Errors: 0, Skipped: 0, Time elapsed: 0.003 sec
Running net.logstash.logback.appender.destination.PreferPrimaryDestinationConnectionStrategyTest
Tests run: 4, Failures: 0, Errors: 0, Skipped: 0, Time elapsed: 0.001 sec
Running net.logstash.logback.appender.destination.RandomDestinationConnectionStrategyTest
Tests run: 4, Failures: 0, Errors: 0, Skipped: 0, Time elapsed: 0.011 sec
Running net.logstash.logback.appender.destination.RoundRobinDestinationConnectionStrategyTest
Tests run: 4, Failures: 0, Errors: 0, Skipped: 0, Time elapsed: 0 sec
Running net.logstash.logback.appender.destination.DestinationParserTest
Tests run: 10, Failures: 0, Errors: 0, Skipped: 0, Time elapsed: 0.006 sec
Running net.logstash.logback.appender.LogstashTcpSocketAppenderTest
Tests run: 16, Failures: 0, Errors: 0, Skipped: 0, Time elapsed: 1.439 sec
Running net.logstash.logback.appender.AsyncDisruptorAppenderTest
Tests run: 5, Failures: 0, Errors: 0, Skipped: 0, Time elapsed: 0.049 sec
Running net.logstash.logback.appender.DelegatingAsyncDisruptorAppenderTest
Tests run: 1, Failures: 0, Errors: 0, Skipped: 0, Time elapsed: 0.021 sec
Running net.logstash.logback.appender.WaitStrategyFactoryTest
Tests run: 21, Failures: 0, Errors: 0, Skipped: 0, Time elapsed: 0.009 sec
Running net.logstash.logback.appender.CachingAbbreviatorTest
Tests run: 1, Failures: 0, Errors: 0, Skipped: 0, Time elapsed: 0.002 sec
Running net.logstash.logback.appender.LogstashSocketAppenderTest
Tests run: 2, Failures: 0, Errors: 0, Skipped: 0, Time elapsed: 0.003 sec
Running net.logstash.logback.pattern.AccessEventJsonPatternParserTest
Tests run: 10, Failures: 0, Errors: 0, Skipped: 0, Time elapsed: 0.03 sec
Running net.logstash.logback.pattern.LoggingEventJsonPatternParserTest
Tests run: 10, Failures: 0, Errors: 0, Skipped: 0, Time elapsed: 0.011 sec

Results :

Tests run: 242, Failures: 0, Errors: 0, Skipped: 0

[INFO] 
[INFO] --- animal-sniffer-maven-plugin:1.15:check (ensure-java-1.6-compatible) @ logstash-logback-encoder ---
[INFO] Signature checking is skipped.
[INFO] 
[INFO] --- maven-jar-plugin:2.4:jar (default-jar) @ logstash-logback-encoder ---
[INFO] Building jar: /tmp/tmpc2v7iy2o/logstash-logback-encoder/target/logstash-logback-encoder-4.11.jar
[INFO] 
[INFO] >>> maven-source-plugin:2.1.2:jar (attach-sources) > generate-sources @ logstash-logback-encoder >>>
[INFO] 
[INFO] --- maven-enforcer-plugin:1.4:enforce (enforce-maven) @ logstash-logback-encoder ---
[INFO] 
[INFO] <<< maven-source-plugin:2.1.2:jar (attach-sources) < generate-sources @ logstash-logback-encoder <<<
[INFO] 
[INFO] 
[INFO] --- maven-source-plugin:2.1.2:jar (attach-sources) @ logstash-logback-encoder ---
[INFO] Building jar: /tmp/tmpc2v7iy2o/logstash-logback-encoder/target/logstash-logback-encoder-4.11-sources.jar
[INFO] 
[INFO] --- maven-shade-plugin:2.4.1:shade (default) @ logstash-logback-encoder ---
[INFO] Excluding ch.qos.logback:logback-core:jar:1.2.3 from the shaded jar.
[INFO] Excluding ch.qos.logback:logback-classic:jar:1.2.3 from the shaded jar.
[INFO] Excluding org.slf4j:slf4j-api:jar:1.7.25 from the shaded jar.
[INFO] Excluding ch.qos.logback:logback-access:jar:1.2.3 from the shaded jar.
[INFO] Excluding com.fasterxml.jackson.core:jackson-databind:jar:2.8.9 from the shaded jar.
[INFO] Excluding com.fasterxml.jackson.core:jackson-annotations:jar:2.8.0 from the shaded jar.
[INFO] Excluding com.fasterxml.jackson.core:jackson-core:jar:2.8.9 from the shaded jar.
[INFO] Including com.fasterxml.uuid:java-uuid-generator:jar:3.1.4 in the shaded jar.
[INFO] Including commons-lang:commons-lang:jar:2.6 in the shaded jar.
[INFO] Including com.lmax:disruptor:jar:3.3.4 in the shaded jar.
[INFO] Minimizing jar net.logstash.logback:logstash-logback-encoder:jar:4.11
[INFO] Minimized 401 -> 330
[INFO] Replacing original artifact with shaded artifact.
[INFO] Replacing /tmp/tmpc2v7iy2o/logstash-logback-encoder/target/logstash-logback-encoder-4.11.jar with /tmp/tmpc2v7iy2o/logstash-logback-encoder/target/logstash-logback-encoder-4.11-shaded.jar
[INFO] Dependency-reduced POM written at: /tmp/tmpc2v7iy2o/logstash-logback-encoder/dependency-reduced-pom.xml
[INFO] Dependency-reduced POM written at: /tmp/tmpc2v7iy2o/logstash-logback-encoder/dependency-reduced-pom.xml
[INFO] Dependency-reduced POM written at: /tmp/tmpc2v7iy2o/logstash-logback-encoder/dependency-reduced-pom.xml
[INFO] Dependency-reduced POM written at: /tmp/tmpc2v7iy2o/logstash-logback-encoder/dependency-reduced-pom.xml
[INFO] 
[INFO] --- maven-assembly-plugin:3.2.0:single (default) @ logstash-logback-encoder ---
[INFO] Building jar: /tmp/tmpc2v7iy2o/logstash-logback-encoder/target/logstash-logback-encoder-4.11-jar-with-dependencies.jar
[INFO] ------------------------------------------------------------------------
[INFO] BUILD SUCCESS
[INFO] ------------------------------------------------------------------------
[INFO] Total time:  16.420 s
[INFO] Finished at: 2020-07-30T19:27:55Z
[INFO] ------------------------------------------------------------------------
