[INFO] Error stacktraces are turned on.
[INFO] Scanning for projects...
[INFO] 
[INFO] -----------------< com.github.dgroup:docker-unittests >-----------------
[INFO] Building docker-unittests 1.1.0
[INFO] --------------------------------[ jar ]---------------------------------
[INFO] 
[INFO] --- jacoco-maven-plugin:0.8.5:prepare-agent (default) @ docker-unittests ---
[INFO] argLine set to -javaagent:/home/jdbl/.m2/repository/org/jacoco/org.jacoco.agent/0.8.5/org.jacoco.agent-0.8.5-runtime.jar=destfile=/tmp/tmp789yckxg/docker-unittests/target/jacoco.exec
[INFO] 
[INFO] --- maven-resources-plugin:3.0.2:resources (default-resources) @ docker-unittests ---
[INFO] Using 'UTF-8' encoding to copy filtered resources.
[INFO] Copying 4 resources
[INFO] 
[INFO] --- maven-resources-plugin:3.0.2:copy-resources (copy-resources) @ docker-unittests ---
[INFO] Using 'UTF-8' encoding to copy filtered resources.
[INFO] Copying 4 resources
[INFO] 
[INFO] --- maven-compiler-plugin:3.7.0:compile (default-compile) @ docker-unittests ---
[INFO] Changes detected - recompiling the module!
[INFO] Compiling 153 source files to /tmp/tmp789yckxg/docker-unittests/target/classes
[INFO] /tmp/tmp789yckxg/docker-unittests/src/main/java/com/github/dgroup/dockertest/test/Output.java: Some input files use unchecked or unsafe operations.
[INFO] /tmp/tmp789yckxg/docker-unittests/src/main/java/com/github/dgroup/dockertest/test/Output.java: Recompile with -Xlint:unchecked for details.
[INFO] 
[INFO] --- maven-resources-plugin:3.0.2:testResources (default-testResources) @ docker-unittests ---
[INFO] Using 'UTF-8' encoding to copy filtered resources.
[INFO] Copying 19 resources
[INFO] 
[INFO] --- maven-compiler-plugin:3.7.0:testCompile (default-testCompile) @ docker-unittests ---
[INFO] Changes detected - recompiling the module!
[INFO] Compiling 82 source files to /tmp/tmp789yckxg/docker-unittests/target/test-classes
[INFO] /tmp/tmp789yckxg/docker-unittests/src/test/java/com/github/dgroup/dockertest/collection/FlatlyTest.java: /tmp/tmp789yckxg/docker-unittests/src/test/java/com/github/dgroup/dockertest/collection/FlatlyTest.java uses unchecked or unsafe operations.
[INFO] /tmp/tmp789yckxg/docker-unittests/src/test/java/com/github/dgroup/dockertest/collection/FlatlyTest.java: Recompile with -Xlint:unchecked for details.
[INFO] 
[INFO] --- maven-surefire-plugin:2.19.1:test (default-test) @ docker-unittests ---
[INFO] Surefire report directory: /tmp/tmp789yckxg/docker-unittests/target/surefire-reports

-------------------------------------------------------
 T E S T S
-------------------------------------------------------
Running com.github.dgroup.dockertest.AppTest
Tests run: 2, Failures: 0, Errors: 0, Skipped: 2, Time elapsed: 0.195 sec - in com.github.dgroup.dockertest.AppTest
Running com.github.dgroup.dockertest.exception.StacktraceTest
Tests run: 1, Failures: 0, Errors: 0, Skipped: 0, Time elapsed: 0 sec - in com.github.dgroup.dockertest.exception.StacktraceTest
Running com.github.dgroup.dockertest.exception.RootCauseOfTest
Tests run: 1, Failures: 0, Errors: 0, Skipped: 0, Time elapsed: 0.002 sec - in com.github.dgroup.dockertest.exception.RootCauseOfTest
Running com.github.dgroup.dockertest.cmd.ImageOfTest
Tests run: 1, Failures: 0, Errors: 0, Skipped: 0, Time elapsed: 0.011 sec - in com.github.dgroup.dockertest.cmd.ImageOfTest
Running com.github.dgroup.dockertest.cmd.TimeoutPerThreadTest
Tests run: 2, Failures: 0, Errors: 0, Skipped: 0, Time elapsed: 0.006 sec - in com.github.dgroup.dockertest.cmd.TimeoutPerThreadTest
Running com.github.dgroup.dockertest.cmd.ConcurrentTreadsTest
Tests run: 2, Failures: 0, Errors: 0, Skipped: 0, Time elapsed: 0.002 sec - in com.github.dgroup.dockertest.cmd.ConcurrentTreadsTest
Running com.github.dgroup.dockertest.cmd.OutputOfTest
Tests run: 3, Failures: 0, Errors: 0, Skipped: 0, Time elapsed: 0.066 sec - in com.github.dgroup.dockertest.cmd.OutputOfTest
Running com.github.dgroup.dockertest.cmd.ContainerNameTest
Tests run: 1, Failures: 0, Errors: 0, Skipped: 0, Time elapsed: 0.014 sec - in com.github.dgroup.dockertest.cmd.ContainerNameTest
Running com.github.dgroup.dockertest.cmd.UncheckedTest
Tests run: 4, Failures: 0, Errors: 0, Skipped: 0, Time elapsed: 0.003 sec - in com.github.dgroup.dockertest.cmd.UncheckedTest
Running com.github.dgroup.dockertest.cmd.scalar.ArgInTest
Tests run: 2, Failures: 0, Errors: 0, Skipped: 0, Time elapsed: 0 sec - in com.github.dgroup.dockertest.cmd.scalar.ArgInTest
Running com.github.dgroup.dockertest.cmd.YmlFileOfTest
Tests run: 1, Failures: 0, Errors: 0, Skipped: 0, Time elapsed: 0.001 sec - in com.github.dgroup.dockertest.cmd.YmlFileOfTest
Running com.github.dgroup.dockertest.cmd.ArgAtTest
Tests run: 2, Failures: 0, Errors: 0, Skipped: 0, Time elapsed: 0.001 sec - in com.github.dgroup.dockertest.cmd.ArgAtTest
Running com.github.dgroup.dockertest.HelpTest
Tests run: 1, Failures: 0, Errors: 0, Skipped: 0, Time elapsed: 0.011 sec - in com.github.dgroup.dockertest.HelpTest
Running com.github.dgroup.dockertest.process.CmdOutputOfTest
Tests run: 2, Failures: 0, Errors: 0, Skipped: 0, Time elapsed: 0.075 sec - in com.github.dgroup.dockertest.process.CmdOutputOfTest
Running com.github.dgroup.dockertest.process.docker.UnixProcessTest
Tests run: 2, Failures: 0, Errors: 0, Skipped: 0, Time elapsed: 0.011 sec - in com.github.dgroup.dockertest.process.docker.UnixProcessTest
Running com.github.dgroup.dockertest.process.docker.TimedTest
Tests run: 1, Failures: 0, Errors: 0, Skipped: 0, Time elapsed: 1.027 sec - in com.github.dgroup.dockertest.process.docker.TimedTest
Running com.github.dgroup.dockertest.process.docker.cmd.PullTest
Tests run: 1, Failures: 0, Errors: 0, Skipped: 1, Time elapsed: 1.243 sec - in com.github.dgroup.dockertest.process.docker.cmd.PullTest
Running com.github.dgroup.dockertest.process.output.TextCmdOutputTest
Tests run: 1, Failures: 0, Errors: 0, Skipped: 0, Time elapsed: 0 sec - in com.github.dgroup.dockertest.process.output.TextCmdOutputTest
Running com.github.dgroup.dockertest.test.TestOfTest
Tests run: 2, Failures: 0, Errors: 0, Skipped: 0, Time elapsed: 0.011 sec - in com.github.dgroup.dockertest.test.TestOfTest
Running com.github.dgroup.dockertest.test.output.XmlOutputTest
Tests run: 1, Failures: 0, Errors: 0, Skipped: 0, Time elapsed: 0.095 sec - in com.github.dgroup.dockertest.test.output.XmlOutputTest
Running com.github.dgroup.dockertest.test.output.std.MsgPassedTest
Tests run: 1, Failures: 0, Errors: 0, Skipped: 0, Time elapsed: 0.006 sec - in com.github.dgroup.dockertest.test.output.std.MsgPassedTest
Running com.github.dgroup.dockertest.test.output.std.MsgFailedTest
Tests run: 1, Failures: 0, Errors: 0, Skipped: 0, Time elapsed: 0.01 sec - in com.github.dgroup.dockertest.test.output.std.MsgFailedTest
Running com.github.dgroup.dockertest.test.output.std.StdOutputTest
Tests run: 3, Failures: 0, Errors: 0, Skipped: 0, Time elapsed: 0.007 sec - in com.github.dgroup.dockertest.test.output.std.StdOutputTest
Running com.github.dgroup.dockertest.test.outcome.TestingOutcomeOfTest
Tests run: 1, Failures: 0, Errors: 0, Skipped: 0, Time elapsed: 0.001 sec - in com.github.dgroup.dockertest.test.outcome.TestingOutcomeOfTest
Running com.github.dgroup.dockertest.scalar.StrictIfTest
Tests run: 2, Failures: 0, Errors: 0, Skipped: 0, Time elapsed: 0.002 sec - in com.github.dgroup.dockertest.scalar.StrictIfTest
Running com.github.dgroup.dockertest.yml.TagsOfTest
Tests run: 1, Failures: 0, Errors: 0, Skipped: 0, Time elapsed: 0.086 sec - in com.github.dgroup.dockertest.yml.TagsOfTest
Running com.github.dgroup.dockertest.yml.tag.TagVersionTest
Tests run: 1, Failures: 0, Errors: 0, Skipped: 0, Time elapsed: 0.053 sec - in com.github.dgroup.dockertest.yml.tag.TagVersionTest
Running com.github.dgroup.dockertest.yml.tag.TgOutputPredicateOfTest
Tests run: 1, Failures: 0, Errors: 0, Skipped: 0, Time elapsed: 0.001 sec - in com.github.dgroup.dockertest.yml.tag.TgOutputPredicateOfTest
Running com.github.dgroup.dockertest.yml.tag.TagTestsTest
Tests run: 1, Failures: 0, Errors: 0, Skipped: 0, Time elapsed: 0 sec - in com.github.dgroup.dockertest.yml.tag.TagTestsTest
Running com.github.dgroup.dockertest.yml.tag.TgTestOfTest
Tests run: 6, Failures: 0, Errors: 0, Skipped: 0, Time elapsed: 0.012 sec - in com.github.dgroup.dockertest.yml.tag.TgTestOfTest
Running com.github.dgroup.dockertest.yml.tag.TagOutputTest
Tests run: 8, Failures: 0, Errors: 0, Skipped: 0, Time elapsed: 0.016 sec - in com.github.dgroup.dockertest.yml.tag.TagOutputTest
Running com.github.dgroup.dockertest.yml.YamlSmokeTest
Tests run: 1, Failures: 0, Errors: 0, Skipped: 0, Time elapsed: 0.006 sec - in com.github.dgroup.dockertest.yml.YamlSmokeTest
Running com.github.dgroup.dockertest.collection.SafeSetTest
Tests run: 2, Failures: 0, Errors: 0, Skipped: 0, Time elapsed: 0 sec - in com.github.dgroup.dockertest.collection.SafeSetTest
Running com.github.dgroup.dockertest.collection.ResourcesTest
Tests run: 1, Failures: 0, Errors: 0, Skipped: 0, Time elapsed: 0.001 sec - in com.github.dgroup.dockertest.collection.ResourcesTest
Running com.github.dgroup.dockertest.collection.FlatlyTest
Tests run: 1, Failures: 0, Errors: 0, Skipped: 0, Time elapsed: 0.001 sec - in com.github.dgroup.dockertest.collection.FlatlyTest
Running com.github.dgroup.dockertest.io.PropertyTest
Tests run: 1, Failures: 0, Errors: 0, Skipped: 0, Time elapsed: 0 sec - in com.github.dgroup.dockertest.io.PropertyTest
Running com.github.dgroup.dockertest.io.HierarchicalTest
Tests run: 1, Failures: 0, Errors: 0, Skipped: 0, Time elapsed: 0.01 sec - in com.github.dgroup.dockertest.io.HierarchicalTest
Running com.github.dgroup.dockertest.hamcrest.ItemsEndsWithTest
Tests run: 2, Failures: 0, Errors: 0, Skipped: 0, Time elapsed: 0.002 sec - in com.github.dgroup.dockertest.hamcrest.ItemsEndsWithTest
Running com.github.dgroup.dockertest.YmlResourceTest
Tests run: 2, Failures: 0, Errors: 0, Skipped: 0, Time elapsed: 0 sec - in com.github.dgroup.dockertest.YmlResourceTest
Running com.github.dgroup.dockertest.concurrent.DemonsTest
Tests run: 1, Failures: 0, Errors: 0, Skipped: 0, Time elapsed: 0.049 sec - in com.github.dgroup.dockertest.concurrent.DemonsTest
Running com.github.dgroup.dockertest.concurrent.func.TimingOutTest
Tests run: 2, Failures: 0, Errors: 0, Skipped: 0, Time elapsed: 2.008 sec - in com.github.dgroup.dockertest.concurrent.func.TimingOutTest
Running com.github.dgroup.dockertest.concurrent.TimeoutOfTest
Tests run: 2, Failures: 0, Errors: 0, Skipped: 0, Time elapsed: 0 sec - in com.github.dgroup.dockertest.concurrent.TimeoutOfTest
Running com.github.dgroup.dockertest.concurrent.ConcurrentTest
Tests run: 1, Failures: 0, Errors: 0, Skipped: 1, Time elapsed: 0.001 sec - in com.github.dgroup.dockertest.concurrent.ConcurrentTest
Running com.github.dgroup.dockertest.LogoTest
    
    Docker image testing (v1.0)
                      ##         .            
                ## ## ##        ==            
             ## ## ## ##       ===            
         /""""""""""""""""___/ ===        
    ~~~ {~~ ~~~~ ~~~ ~~~~ ~~ ~ /===- ~~~   
         \______ o          __/            
          \    \        __/             
           \____\______/   
    
Tests run: 1, Failures: 0, Errors: 0, Skipped: 0, Time elapsed: 0.003 sec - in com.github.dgroup.dockertest.LogoTest
Running com.github.dgroup.dockertest.text.TextWithRepeatableArgumentsTest
Tests run: 1, Failures: 0, Errors: 0, Skipped: 0, Time elapsed: 0 sec - in com.github.dgroup.dockertest.text.TextWithRepeatableArgumentsTest
Running com.github.dgroup.dockertest.text.TextOfTest
Tests run: 2, Failures: 0, Errors: 0, Skipped: 0, Time elapsed: 0 sec - in com.github.dgroup.dockertest.text.TextOfTest
Running com.github.dgroup.dockertest.text.JoinedTest
Tests run: 1, Failures: 0, Errors: 0, Skipped: 0, Time elapsed: 0 sec - in com.github.dgroup.dockertest.text.JoinedTest
Running com.github.dgroup.dockertest.text.SplittedTest
Tests run: 2, Failures: 0, Errors: 0, Skipped: 0, Time elapsed: 0 sec - in com.github.dgroup.dockertest.text.SplittedTest
Running com.github.dgroup.dockertest.text.CuttedTest
Tests run: 2, Failures: 0, Errors: 0, Skipped: 0, Time elapsed: 0.002 sec - in com.github.dgroup.dockertest.text.CuttedTest
Running com.github.dgroup.dockertest.text.OccuredInTest
Tests run: 2, Failures: 0, Errors: 0, Skipped: 0, Time elapsed: 0 sec - in com.github.dgroup.dockertest.text.OccuredInTest
Running com.github.dgroup.dockertest.text.BeforeTest
Tests run: 2, Failures: 0, Errors: 0, Skipped: 0, Time elapsed: 0 sec - in com.github.dgroup.dockertest.text.BeforeTest
Running com.github.dgroup.dockertest.text.BetweenTest
Tests run: 2, Failures: 0, Errors: 0, Skipped: 0, Time elapsed: 0.002 sec - in com.github.dgroup.dockertest.text.BetweenTest
Running com.github.dgroup.dockertest.text.highlighted.HighlightedTextTest
    FAILED
    PASSED
    WARNING
    WHALE
Tests run: 2, Failures: 0, Errors: 0, Skipped: 0, Time elapsed: 0.001 sec - in com.github.dgroup.dockertest.text.highlighted.HighlightedTextTest
Running com.github.dgroup.dockertest.text.TextFileTest
Tests run: 2, Failures: 0, Errors: 0, Skipped: 0, Time elapsed: 0 sec - in com.github.dgroup.dockertest.text.TextFileTest

Results :

Tests run: 95, Failures: 0, Errors: 0, Skipped: 4

[INFO] 
[INFO] --- jacoco-maven-plugin:0.8.5:report (report) @ docker-unittests ---
[INFO] Loading execution data file /tmp/tmp789yckxg/docker-unittests/target/jacoco.exec
[INFO] Analyzed bundle 'docker-unittests' with 1170 classes
[INFO] ------------------------------------------------------------------------
[INFO] BUILD SUCCESS
[INFO] ------------------------------------------------------------------------
[INFO] Total time:  16.499 s
[INFO] Finished at: 2020-07-31T05:20:26Z
[INFO] ------------------------------------------------------------------------
