[INFO] Error stacktraces are turned on.
[INFO] Scanning for projects...
[WARNING] 
[WARNING] Some problems were encountered while building the effective model for org.nudge.apm:nudge-elasticstack-connector:jar:1.5.0
[WARNING] 'build.plugins.plugin.version' for org.apache.maven.plugins:maven-jar-plugin is missing. @ line 77, column 15
[WARNING] 
[WARNING] It is highly recommended to fix these problems because they threaten the stability of your build.
[WARNING] 
[WARNING] For this reason, future Maven versions might no longer support building such malformed projects.
[WARNING] 
[INFO] 
[INFO] -------------< org.nudge.apm:nudge-elasticstack-connector >-------------
[INFO] Building nudge-elasticstack-connector 1.5.0
[INFO] --------------------------------[ jar ]---------------------------------
[INFO] 
[INFO] --- jacoco-maven-plugin:0.8.5:prepare-agent (default) @ nudge-elasticstack-connector ---
[INFO] argLine set to -javaagent:/home/jdbl/.m2/repository/org/jacoco/org.jacoco.agent/0.8.5/org.jacoco.agent-0.8.5-runtime.jar=destfile=/tmp/tmpkpnmwjc4/nudge-elasticstack-connector/target/jacoco.exec
[INFO] 
[INFO] --- protoc-jar-maven-plugin:3.0.0-a3:run (default) @ nudge-elasticstack-connector ---
[INFO] Protoc version: 2.6.1
[INFO] Include directories:
[INFO]     /tmp/tmpkpnmwjc4/nudge-elasticstack-connector/src/main/resources/proto
[INFO] Input directories:
[INFO]     /tmp/tmpkpnmwjc4/nudge-elasticstack-connector/src/main/resources/proto
[INFO] Output targets:
[INFO]     java: /tmp/tmpkpnmwjc4/nudge-elasticstack-connector/target/generated-sources (add: none, clean: false)
[INFO] /tmp/tmpkpnmwjc4/nudge-elasticstack-connector/target/generated-sources does not exist. Creating...
[INFO]     Processing (java): rawdata.proto
protoc-jar: protoc version: 261, detected platform: linux/amd64
protoc-jar: executing: [/tmp/protoc2431257454942302434.exe, -I/tmp/tmpkpnmwjc4/nudge-elasticstack-connector/src/main/resources/proto, -I/tmp/tmpkpnmwjc4/nudge-elasticstack-connector/src/main/resources/proto, --java_out=/tmp/tmpkpnmwjc4/nudge-elasticstack-connector/target/generated-sources, /tmp/tmpkpnmwjc4/nudge-elasticstack-connector/src/main/resources/proto/rawdata.proto]
[INFO] 
[INFO] --- build-helper-maven-plugin:1.4:add-source (addsource) @ nudge-elasticstack-connector ---
[INFO] Source directory: /tmp/tmpkpnmwjc4/nudge-elasticstack-connector/target/generated-sources added.
[INFO] 
[INFO] --- maven-resources-plugin:2.6:resources (default-resources) @ nudge-elasticstack-connector ---
[WARNING] Using platform encoding (UTF-8 actually) to copy filtered resources, i.e. build is platform dependent!
[INFO] Copying 3 resources
[INFO] 
[INFO] --- maven-compiler-plugin:3.5.1:compile (default-compile) @ nudge-elasticstack-connector ---
[INFO] Changes detected - recompiling the module!
[WARNING] File encoding has not been set, using platform encoding UTF-8, i.e. build is platform dependent!
[INFO] Compiling 45 source files to /tmp/tmpkpnmwjc4/nudge-elasticstack-connector/target/classes
[INFO] /tmp/tmpkpnmwjc4/nudge-elasticstack-connector/src/main/java/org/nudge/elasticstack/context/nudge/api/FilterManager.java: /tmp/tmpkpnmwjc4/nudge-elasticstack-connector/src/main/java/org/nudge/elasticstack/context/nudge/api/FilterManager.java uses or overrides a deprecated API.
[INFO] /tmp/tmpkpnmwjc4/nudge-elasticstack-connector/src/main/java/org/nudge/elasticstack/context/nudge/api/FilterManager.java: Recompile with -Xlint:deprecation for details.
[INFO] 
[INFO] --- maven-resources-plugin:2.6:testResources (default-testResources) @ nudge-elasticstack-connector ---
[WARNING] Using platform encoding (UTF-8 actually) to copy filtered resources, i.e. build is platform dependent!
[INFO] Copying 5 resources
[INFO] 
[INFO] --- maven-compiler-plugin:3.5.1:testCompile (default-testCompile) @ nudge-elasticstack-connector ---
[INFO] Changes detected - recompiling the module!
[WARNING] File encoding has not been set, using platform encoding UTF-8, i.e. build is platform dependent!
[INFO] Compiling 8 source files to /tmp/tmpkpnmwjc4/nudge-elasticstack-connector/target/test-classes
[INFO] 
[INFO] --- maven-surefire-plugin:2.19.1:test (default-test) @ nudge-elasticstack-connector ---
[INFO] Surefire report directory: /tmp/tmpkpnmwjc4/nudge-elasticstack-connector/target/surefire-reports

-------------------------------------------------------
 T E S T S
-------------------------------------------------------
Running org.nudge.elasticstack.ConfigurationTest
Tests run: 1, Failures: 0, Errors: 0, Skipped: 0, Time elapsed: 0.155 sec - in org.nudge.elasticstack.ConfigurationTest
Running org.nudge.elasticstack.context.nudge.rawdata.rawdata.DTOBuilderTest
Tests run: 2, Failures: 0, Errors: 0, Skipped: 0, Time elapsed: 0.287 sec - in org.nudge.elasticstack.context.nudge.rawdata.rawdata.DTOBuilderTest
Running org.nudge.elasticstack.context.elasticsearch.builder.TransactionSerializerTest
Tests run: 2, Failures: 0, Errors: 0, Skipped: 0, Time elapsed: 0.002 sec - in org.nudge.elasticstack.context.elasticsearch.builder.TransactionSerializerTest
Running org.nudge.elasticstack.connection.NudgeApiConnectionTest
[2020-07-30 22:53:59,017] [main] INFO  org.nudge.elasticstack.Configuration - nudge-elastic.properties found at the classloader root path
Tests run: 3, Failures: 0, Errors: 0, Skipped: 0, Time elapsed: 0.02 sec - in org.nudge.elasticstack.connection.NudgeApiConnectionTest
Running org.nudge.elasticstack.UtilsTest
Tests run: 2, Failures: 0, Errors: 0, Skipped: 0, Time elapsed: 0.226 sec - in org.nudge.elasticstack.UtilsTest
Running org.nudge.elasticstack.type.SQLLayerTest
Tests run: 1, Failures: 0, Errors: 0, Skipped: 0, Time elapsed: 0.004 sec - in org.nudge.elasticstack.type.SQLLayerTest
Running org.nudge.elasticstack.type.MBeanTest
Tests run: 1, Failures: 0, Errors: 0, Skipped: 0, Time elapsed: 0.009 sec - in org.nudge.elasticstack.type.MBeanTest

Results :

Tests run: 12, Failures: 0, Errors: 0, Skipped: 0

[INFO] 
[INFO] --- jacoco-maven-plugin:0.8.5:report (report) @ nudge-elasticstack-connector ---
[INFO] Loading execution data file /tmp/tmpkpnmwjc4/nudge-elasticstack-connector/target/jacoco.exec
[INFO] Analyzed bundle 'nudge-elasticstack-connector' with 430 classes
[INFO] ------------------------------------------------------------------------
[INFO] BUILD SUCCESS
[INFO] ------------------------------------------------------------------------
[INFO] Total time:  29.140 s
[INFO] Finished at: 2020-07-30T22:54:02Z
[INFO] ------------------------------------------------------------------------
