[INFO] Error stacktraces are turned on.
[INFO] Scanning for projects...
[WARNING] 
[WARNING] Some problems were encountered while building the effective model for com.wizecommerce:hecuba-client:jar:0.0.58-SNAPSHOT
[WARNING] 'build.plugins.plugin.version' for org.apache.maven.plugins:maven-source-plugin is missing. @ line 129, column 15
[WARNING] 
[WARNING] It is highly recommended to fix these problems because they threaten the stability of your build.
[WARNING] 
[WARNING] For this reason, future Maven versions might no longer support building such malformed projects.
[WARNING] 
[INFO] 
[INFO] -------------------< com.wizecommerce:hecuba-client >-------------------
[INFO] Building Hecuba 0.0.58-SNAPSHOT
[INFO] --------------------------------[ jar ]---------------------------------
[INFO] 
[INFO] --- maven-enforcer-plugin:1.0:enforce (enforce-maven) @ hecuba-client ---
[INFO] 
[INFO] --- jacoco-maven-plugin:0.8.5:prepare-agent (default) @ hecuba-client ---
[INFO] argLine set to -javaagent:/home/jdbl/.m2/repository/org/jacoco/org.jacoco.agent/0.8.5/org.jacoco.agent-0.8.5-runtime.jar=destfile=/tmp/tmp6kewpg0e/hecuba/target/jacoco.exec
[INFO] 
[INFO] --- maven-resources-plugin:2.6:resources (default-resources) @ hecuba-client ---
[INFO] Using 'UTF-8' encoding to copy filtered resources.
[INFO] skip non existing resourceDirectory /tmp/tmp6kewpg0e/hecuba/src/main/resources
[INFO] 
[INFO] --- maven-compiler-plugin:2.3.2:compile (default-compile) @ hecuba-client ---
[INFO] Compiling 28 source files to /tmp/tmp6kewpg0e/hecuba/target/classes
[INFO] 
[INFO] --- maven-resources-plugin:2.6:testResources (default-testResources) @ hecuba-client ---
[INFO] Using 'UTF-8' encoding to copy filtered resources.
[INFO] Copying 1 resource
[INFO] 
[INFO] --- maven-compiler-plugin:2.3.2:testCompile (default-testCompile) @ hecuba-client ---
[INFO] Compiling 17 source files to /tmp/tmp6kewpg0e/hecuba/target/test-classes
[INFO] 
[INFO] --- maven-surefire-plugin:2.19.1:test (default-test) @ hecuba-client ---
[INFO] Surefire report directory: /tmp/tmp6kewpg0e/hecuba/target/surefire-reports

-------------------------------------------------------
 T E S T S
-------------------------------------------------------
Running com.wizecommerce.hecuba.ColumnFamilyInfoTest
Tests run: 1, Failures: 0, Errors: 0, Skipped: 0, Time elapsed: 0.033 sec - in com.wizecommerce.hecuba.ColumnFamilyInfoTest
Running com.wizecommerce.hecuba.astyanax.AstyanaxBasedCassandraCounterTest
0    [main] ERROR org.apache.cassandra.cql3.QueryProcessor  - Unable to initialize MemoryMeter (jamm not specified as javaagent).  This means Cassandra will be unable to measure object sizes accurately and may consequently OOM.
Tests run: 5, Failures: 0, Errors: 0, Skipped: 0, Time elapsed: 16.669 sec - in com.wizecommerce.hecuba.astyanax.AstyanaxBasedCassandraCounterTest
Running com.wizecommerce.hecuba.astyanax.AstyanaxBasedCassandraManagerTest
Tests run: 36, Failures: 0, Errors: 0, Skipped: 0, Time elapsed: 44.762 sec - in com.wizecommerce.hecuba.astyanax.AstyanaxBasedCassandraManagerTest
Running com.wizecommerce.hecuba.datastax.DataStaxBasedCassandraManagerTest
Tests run: 36, Failures: 0, Errors: 0, Skipped: 0, Time elapsed: 59.113 sec - in com.wizecommerce.hecuba.datastax.DataStaxBasedCassandraManagerTest
Running com.wizecommerce.hecuba.CassandraParamsBeanTest
Tests run: 3, Failures: 0, Errors: 0, Skipped: 0, Time elapsed: 0 sec - in com.wizecommerce.hecuba.CassandraParamsBeanTest
Running com.wizecommerce.hecuba.hector.HectorConsistencyPolicyTest
Tests run: 1, Failures: 0, Errors: 0, Skipped: 0, Time elapsed: 0 sec - in com.wizecommerce.hecuba.hector.HectorConsistencyPolicyTest
Running com.wizecommerce.hecuba.hector.HectorBasedCassandraCounterTest
Tests run: 5, Failures: 0, Errors: 0, Skipped: 0, Time elapsed: 9.19 sec - in com.wizecommerce.hecuba.hector.HectorBasedCassandraCounterTest
Running com.wizecommerce.hecuba.hector.HectorResultSetTest
129593 [main] ERROR me.prettyprint.cassandra.service.CassandraHost  - Unable to resolve host cass1
Tests run: 12, Failures: 0, Errors: 0, Skipped: 0, Time elapsed: 0.522 sec - in com.wizecommerce.hecuba.hector.HectorResultSetTest
Running com.wizecommerce.hecuba.hector.HectorColumnSliceResultSetTest
Tests run: 9, Failures: 0, Errors: 0, Skipped: 0, Time elapsed: 0.02 sec - in com.wizecommerce.hecuba.hector.HectorColumnSliceResultSetTest
Running com.wizecommerce.hecuba.hector.HectorBasedCassandraManagerTest
Tests run: 36, Failures: 0, Errors: 0, Skipped: 0, Time elapsed: 98.369 sec - in com.wizecommerce.hecuba.hector.HectorBasedCassandraManagerTest
Running com.wizecommerce.hecuba.hector.HectorClientConfigurationTest
Tests run: 1, Failures: 0, Errors: 0, Skipped: 0, Time elapsed: 0 sec - in com.wizecommerce.hecuba.hector.HectorClientConfigurationTest

Results :

Tests run: 145, Failures: 0, Errors: 0, Skipped: 0

[INFO] 
[INFO] --- jacoco-maven-plugin:0.8.5:report (report) @ hecuba-client ---
[INFO] Loading execution data file /tmp/tmp6kewpg0e/hecuba/target/jacoco.exec
[INFO] Analyzed bundle 'Hecuba' with 58 classes
[INFO] ------------------------------------------------------------------------
[INFO] BUILD SUCCESS
[INFO] ------------------------------------------------------------------------
[INFO] Total time:  04:16 min
[INFO] Finished at: 2020-07-30T20:30:34Z
[INFO] ------------------------------------------------------------------------
