[INFO] Error stacktraces are turned on.
[INFO] Scanning for projects...
[WARNING] 
[WARNING] Some problems were encountered while building the effective model for com.github.gabrielle-anderson:aws-lambda-proxy-java:jar:1.0.9
[WARNING] 'build.plugins.plugin.version' for org.apache.maven.plugins:maven-compiler-plugin is missing. @ line 106, column 15
[WARNING] 
[WARNING] It is highly recommended to fix these problems because they threaten the stability of your build.
[WARNING] 
[WARNING] For this reason, future Maven versions might no longer support building such malformed projects.
[WARNING] 
[INFO] Inspecting build with total of 1 modules...
[INFO] Installing Nexus Staging features:
[INFO]   ... total of 1 executions of maven-deploy-plugin replaced with nexus-staging-maven-plugin
[INFO] 
[INFO] --------< com.github.gabrielle-anderson:aws-lambda-proxy-java >---------
[INFO] Building aws-lambda-proxy-java 1.0.9
[INFO] --------------------------------[ jar ]---------------------------------
[INFO] 
[INFO] --- jacoco-maven-plugin:0.8.5:prepare-agent (default) @ aws-lambda-proxy-java ---
[INFO] argLine set to -javaagent:/home/jdbl/.m2/repository/org/jacoco/org.jacoco.agent/0.8.5/org.jacoco.agent-0.8.5-runtime.jar=destfile=/tmp/tmpm0h0pznd/aws-lambda-proxy-java/target/jacoco.exec
[INFO] 
[INFO] --- maven-resources-plugin:2.6:resources (default-resources) @ aws-lambda-proxy-java ---
[WARNING] Using platform encoding (UTF-8 actually) to copy filtered resources, i.e. build is platform dependent!
[INFO] skip non existing resourceDirectory /tmp/tmpm0h0pznd/aws-lambda-proxy-java/src/main/resources
[INFO] 
[INFO] --- maven-compiler-plugin:3.1:compile (default-compile) @ aws-lambda-proxy-java ---
[INFO] Changes detected - recompiling the module!
[WARNING] File encoding has not been set, using platform encoding UTF-8, i.e. build is platform dependent!
[INFO] Compiling 9 source files to /tmp/tmpm0h0pznd/aws-lambda-proxy-java/target/classes
[WARNING] /tmp/tmpm0h0pznd/aws-lambda-proxy-java/src/main/java/com/onelostlogician/aws/proxy/LambdaProxyHandler.java: Some input files use unchecked or unsafe operations.
[WARNING] /tmp/tmpm0h0pznd/aws-lambda-proxy-java/src/main/java/com/onelostlogician/aws/proxy/LambdaProxyHandler.java: Recompile with -Xlint:unchecked for details.
[INFO] 
[INFO] --- maven-resources-plugin:2.6:testResources (default-testResources) @ aws-lambda-proxy-java ---
[WARNING] Using platform encoding (UTF-8 actually) to copy filtered resources, i.e. build is platform dependent!
[INFO] skip non existing resourceDirectory /tmp/tmpm0h0pznd/aws-lambda-proxy-java/src/test/resources
[INFO] 
[INFO] --- maven-compiler-plugin:3.1:testCompile (default-testCompile) @ aws-lambda-proxy-java ---
[INFO] Changes detected - recompiling the module!
[WARNING] File encoding has not been set, using platform encoding UTF-8, i.e. build is platform dependent!
[INFO] Compiling 7 source files to /tmp/tmpm0h0pznd/aws-lambda-proxy-java/target/test-classes
[WARNING] /tmp/tmpm0h0pznd/aws-lambda-proxy-java/src/test/java/com/onelostlogician/aws/proxy/MethodHandlerTest.java: Some input files use unchecked or unsafe operations.
[WARNING] /tmp/tmpm0h0pznd/aws-lambda-proxy-java/src/test/java/com/onelostlogician/aws/proxy/MethodHandlerTest.java: Recompile with -Xlint:unchecked for details.
[INFO] 
[INFO] --- maven-surefire-plugin:2.19.1:test (default-test) @ aws-lambda-proxy-java ---
[INFO] Surefire report directory: /tmp/tmpm0h0pznd/aws-lambda-proxy-java/target/surefire-reports

-------------------------------------------------------
 T E S T S
-------------------------------------------------------
Running com.onelostlogician.aws.proxy.LambdaProxyHandlerTest
log4j:WARN No appenders could be found for logger (com.onelostlogician.aws.proxy.LambdaProxyHandlerTest$TestLambdaProxyHandler).
log4j:WARN Please initialize the log4j system properly.
log4j:WARN See http://logging.apache.org/log4j/1.2/faq.html#noconfig for more info.
log4j:WARN No appenders could be found for logger (com.onelostlogician.aws.proxy.LambdaProxyHandlerTest$TestLambdaProxyHandler).
log4j:WARN Please initialize the log4j system properly.
log4j:WARN See http://logging.apache.org/log4j/1.2/faq.html#noconfig for more info.
Tests run: 36, Failures: 0, Errors: 0, Skipped: 0, Time elapsed: 1.276 sec - in com.onelostlogician.aws.proxy.LambdaProxyHandlerTest
Running com.onelostlogician.aws.proxy.ApiGatewayProxyRequestTest
Tests run: 1, Failures: 0, Errors: 0, Skipped: 0, Time elapsed: 0.458 sec - in com.onelostlogician.aws.proxy.ApiGatewayProxyRequestTest
Running com.onelostlogician.aws.proxy.MethodHandlerTest
Tests run: 10, Failures: 0, Errors: 0, Skipped: 0, Time elapsed: 0.045 sec - in com.onelostlogician.aws.proxy.MethodHandlerTest

Results :

Tests run: 47, Failures: 0, Errors: 0, Skipped: 0

[INFO] 
[INFO] --- jacoco-maven-plugin:0.8.5:report (report) @ aws-lambda-proxy-java ---
[INFO] Loading execution data file /tmp/tmpm0h0pznd/aws-lambda-proxy-java/target/jacoco.exec
[INFO] Analyzed bundle 'aws-lambda-proxy-java' with 997 classes
[INFO] ------------------------------------------------------------------------
[INFO] BUILD SUCCESS
[INFO] ------------------------------------------------------------------------
[INFO] Total time:  32.430 s
[INFO] Finished at: 2020-07-30T22:09:27Z
[INFO] ------------------------------------------------------------------------
