[INFO] Error stacktraces are turned on.
[INFO] Scanning for projects...
[WARNING] The project de.idealo.logback:logback-redis:jar:1.6.0-SNAPSHOT uses prerequisites which is only intended for maven-plugin projects but not for non maven-plugin projects. For such purposes you should use the maven-enforcer-plugin. See https://maven.apache.org/enforcer/enforcer-rules/requireMavenVersion.html
[INFO] 
[INFO] ------------------< de.idealo.logback:logback-redis >-------------------
[INFO] Building Logback to Redis Appender 1.6.0-SNAPSHOT
[INFO] --------------------------------[ jar ]---------------------------------
[INFO] 
[INFO] --- jacoco-maven-plugin:0.8.5:prepare-agent (default) @ logback-redis ---
[INFO] argLine set to -javaagent:/home/jdbl/.m2/repository/org/jacoco/org.jacoco.agent/0.8.5/org.jacoco.agent-0.8.5-runtime.jar=destfile=/tmp/tmp03j0gg8k/logback-redis/target/jacoco.exec
[INFO] 
[INFO] --- maven-resources-plugin:2.6:resources (default-resources) @ logback-redis ---
[INFO] Using 'UTF-8' encoding to copy filtered resources.
[INFO] skip non existing resourceDirectory /tmp/tmp03j0gg8k/logback-redis/src/main/resources
[INFO] 
[INFO] --- maven-compiler-plugin:3.1:compile (default-compile) @ logback-redis ---
[INFO] Changes detected - recompiling the module!
[INFO] Compiling 13 source files to /tmp/tmp03j0gg8k/logback-redis/target/classes
[INFO] 
[INFO] --- maven-resources-plugin:2.6:testResources (default-testResources) @ logback-redis ---
[INFO] Using 'UTF-8' encoding to copy filtered resources.
[INFO] Copying 1 resource
[INFO] 
[INFO] --- maven-compiler-plugin:3.1:testCompile (default-testCompile) @ logback-redis ---
[INFO] Changes detected - recompiling the module!
[INFO] Compiling 10 source files to /tmp/tmp03j0gg8k/logback-redis/target/test-classes
[INFO] 
[INFO] --- maven-surefire-plugin:2.19.1:test (default-test) @ logback-redis ---
[INFO] Surefire report directory: /tmp/tmp03j0gg8k/logback-redis/target/surefire-reports

-------------------------------------------------------
 T E S T S
-------------------------------------------------------
Running de.idealo.logback.appender.jedisclient.JedisClientTest
SLF4J: A number (1) of logging calls during the initialization phase have been intercepted and are
SLF4J: now being replayed. These are subject to the filtering rules of the underlying logging system.
SLF4J: See also http://www.slf4j.org/codes.html#replay
Tests run: 8, Failures: 0, Errors: 0, Skipped: 0, Time elapsed: 5.439 sec - in de.idealo.logback.appender.jedisclient.JedisClientTest
Running de.idealo.logback.appender.jedisclient.JedisPoolFactoryTest
Tests run: 3, Failures: 0, Errors: 0, Skipped: 0, Time elapsed: 0.058 sec - in de.idealo.logback.appender.jedisclient.JedisPoolFactoryTest
Running de.idealo.logback.appender.jedisclient.JedisClientProviderTest
Tests run: 5, Failures: 0, Errors: 0, Skipped: 0, Time elapsed: 0.036 sec - in de.idealo.logback.appender.jedisclient.JedisClientProviderTest
Running de.idealo.logback.appender.jedisclient.JedisPoolCreatorTest
Tests run: 1, Failures: 0, Errors: 0, Skipped: 0, Time elapsed: 0.03 sec - in de.idealo.logback.appender.jedisclient.JedisPoolCreatorTest
Running de.idealo.logback.appender.jediswriter.BufferedJedisRPusherTest
Tests run: 6, Failures: 0, Errors: 0, Skipped: 0, Time elapsed: 0.335 sec - in de.idealo.logback.appender.jediswriter.BufferedJedisRPusherTest
Running de.idealo.logback.appender.jediswriter.BufferedJedisPublisherTest
Tests run: 6, Failures: 0, Errors: 0, Skipped: 0, Time elapsed: 0 sec - in de.idealo.logback.appender.jediswriter.BufferedJedisPublisherTest
Running de.idealo.logback.appender.jediswriter.BufferedJedisWriterFactoryTest
Tests run: 3, Failures: 0, Errors: 0, Skipped: 0, Time elapsed: 0 sec - in de.idealo.logback.appender.jediswriter.BufferedJedisWriterFactoryTest

Results :

Tests run: 32, Failures: 0, Errors: 0, Skipped: 0

[INFO] 
[INFO] --- jacoco-maven-plugin:0.8.5:report (report) @ logback-redis ---
[INFO] Loading execution data file /tmp/tmp03j0gg8k/logback-redis/target/jacoco.exec
[INFO] Analyzed bundle 'Logback to Redis Appender' with 40 classes
[INFO] ------------------------------------------------------------------------
[INFO] BUILD SUCCESS
[INFO] ------------------------------------------------------------------------
[INFO] Total time:  19.514 s
[INFO] Finished at: 2020-07-30T21:49:36Z
[INFO] ------------------------------------------------------------------------
