[INFO] Error stacktraces are turned on.
[INFO] Scanning for projects...
[WARNING] 
[WARNING] Some problems were encountered while building the effective model for net.halflite:guice-quartz-sample:war:1.0-SNAPSHOT
[WARNING] 'build.plugins.plugin.version' for org.apache.maven.plugins:maven-eclipse-plugin is missing. @ line 138, column 15
[WARNING] 
[WARNING] It is highly recommended to fix these problems because they threaten the stability of your build.
[WARNING] 
[WARNING] For this reason, future Maven versions might no longer support building such malformed projects.
[WARNING] 
[INFO] 
[INFO] ------------------< net.halflite:guice-quartz-sample >------------------
[INFO] Building guice-quartz-sample Maven Webapp 1.0-SNAPSHOT
[INFO] --------------------------------[ war ]---------------------------------
[INFO] 
[INFO] --- jacoco-maven-plugin:0.8.5:prepare-agent (default) @ guice-quartz-sample ---
[INFO] argLine set to -javaagent:/home/jdbl/.m2/repository/org/jacoco/org.jacoco.agent/0.8.5/org.jacoco.agent-0.8.5-runtime.jar=destfile=/tmp/tmplump78q7/guice-quartz-sample/target/jacoco.exec
[INFO] 
[INFO] --- maven-resources-plugin:2.6:resources (default-resources) @ guice-quartz-sample ---
[INFO] Using 'UTF-8' encoding to copy filtered resources.
[INFO] Copying 4 resources
[INFO] 
[INFO] --- maven-compiler-plugin:3.1:compile (default-compile) @ guice-quartz-sample ---
[INFO] Changes detected - recompiling the module!
[INFO] Compiling 7 source files to /tmp/tmplump78q7/guice-quartz-sample/target/classes
[INFO] 
[INFO] --- maven-resources-plugin:2.6:testResources (default-testResources) @ guice-quartz-sample ---
[INFO] Using 'UTF-8' encoding to copy filtered resources.
[INFO] skip non existing resourceDirectory /tmp/tmplump78q7/guice-quartz-sample/src/test/resources
[INFO] 
[INFO] --- maven-compiler-plugin:3.1:testCompile (default-testCompile) @ guice-quartz-sample ---
[INFO] Changes detected - recompiling the module!
[INFO] Compiling 6 source files to /tmp/tmplump78q7/guice-quartz-sample/target/test-classes
[INFO] 
[INFO] --- maven-surefire-plugin:2.19.1:test (default-test) @ guice-quartz-sample ---
[INFO] Surefire report directory: /tmp/tmplump78q7/guice-quartz-sample/target/surefire-reports

-------------------------------------------------------
 T E S T S
-------------------------------------------------------
Running net.halflite.guicequartzsample.scheduler.QuartzTest
08:46:33,888 |-INFO in ch.qos.logback.classic.LoggerContext[default] - Could NOT find resource [logback.groovy]
08:46:33,888 |-INFO in ch.qos.logback.classic.LoggerContext[default] - Could NOT find resource [logback-test.xml]
08:46:33,888 |-INFO in ch.qos.logback.classic.LoggerContext[default] - Found resource [logback.xml] at [file:/tmp/tmplump78q7/guice-quartz-sample/target/classes/logback.xml]
08:46:33,945 |-INFO in ch.qos.logback.classic.joran.action.ConfigurationAction - debug attribute not set
08:46:33,952 |-INFO in ch.qos.logback.core.joran.action.TimestampAction - Using current interpretation time, i.e. now, as time reference.
08:46:33,960 |-INFO in ch.qos.logback.core.joran.action.TimestampAction - Adding property to the context with key="byDate" and value="20200731" to the LOCAL scope
08:46:33,960 |-INFO in ch.qos.logback.core.joran.action.AppenderAction - About to instantiate appender of type [ch.qos.logback.core.ConsoleAppender]
08:46:33,962 |-INFO in ch.qos.logback.core.joran.action.AppenderAction - Naming appender as [STDOUT1]
08:46:34,007 |-WARN in ch.qos.logback.core.ConsoleAppender[STDOUT1] - This appender no longer admits a layout as a sub-component, set an encoder instead.
08:46:34,007 |-WARN in ch.qos.logback.core.ConsoleAppender[STDOUT1] - To ensure compatibility, wrapping your layout in LayoutWrappingEncoder.
08:46:34,007 |-WARN in ch.qos.logback.core.ConsoleAppender[STDOUT1] - See also http://logback.qos.ch/codes.html#layoutInsteadOfEncoder for details
08:46:34,008 |-INFO in ch.qos.logback.core.joran.action.AppenderAction - About to instantiate appender of type [ch.qos.logback.core.rolling.RollingFileAppender]
08:46:34,010 |-INFO in ch.qos.logback.core.joran.action.AppenderAction - Naming appender as [DEBUG]
08:46:34,019 |-INFO in c.q.l.core.rolling.TimeBasedRollingPolicy - Will use zip compression
08:46:34,020 |-INFO in c.q.l.core.rolling.TimeBasedRollingPolicy - Will use the pattern logs/history/debug.%d{yyyy-MM-dd} for the active file
08:46:34,023 |-INFO in c.q.l.core.rolling.DefaultTimeBasedFileNamingAndTriggeringPolicy - The date pattern is 'yyyy-MM-dd' from file name pattern 'logs/history/debug.%d{yyyy-MM-dd}.zip'.
08:46:34,023 |-INFO in c.q.l.core.rolling.DefaultTimeBasedFileNamingAndTriggeringPolicy - Roll-over at midnight.
08:46:34,025 |-INFO in c.q.l.core.rolling.DefaultTimeBasedFileNamingAndTriggeringPolicy - Setting initial period to Fri Jul 31 08:46:34 UTC 2020
08:46:34,026 |-INFO in ch.qos.logback.core.joran.action.NestedComplexPropertyIA - Assuming default type [ch.qos.logback.classic.encoder.PatternLayoutEncoder] for [encoder] property
08:46:34,030 |-INFO in ch.qos.logback.core.rolling.RollingFileAppender[DEBUG] - Active log file name: logs/debug.log
08:46:34,030 |-INFO in ch.qos.logback.core.rolling.RollingFileAppender[DEBUG] - File property is set to [logs/debug.log]
08:46:34,031 |-INFO in ch.qos.logback.core.joran.action.AppenderAction - About to instantiate appender of type [ch.qos.logback.core.rolling.RollingFileAppender]
08:46:34,031 |-INFO in ch.qos.logback.core.joran.action.AppenderAction - Naming appender as [INFO]
08:46:34,034 |-INFO in c.q.l.core.rolling.TimeBasedRollingPolicy - Will use zip compression
08:46:34,034 |-INFO in c.q.l.core.rolling.TimeBasedRollingPolicy - Will use the pattern logs/history/info.%d{yyyy-MM-dd} for the active file
08:46:34,035 |-INFO in c.q.l.core.rolling.DefaultTimeBasedFileNamingAndTriggeringPolicy - The date pattern is 'yyyy-MM-dd' from file name pattern 'logs/history/info.%d{yyyy-MM-dd}.zip'.
08:46:34,035 |-INFO in c.q.l.core.rolling.DefaultTimeBasedFileNamingAndTriggeringPolicy - Roll-over at midnight.
08:46:34,035 |-INFO in c.q.l.core.rolling.DefaultTimeBasedFileNamingAndTriggeringPolicy - Setting initial period to Fri Jul 31 08:46:34 UTC 2020
08:46:34,035 |-INFO in ch.qos.logback.core.joran.action.NestedComplexPropertyIA - Assuming default type [ch.qos.logback.classic.encoder.PatternLayoutEncoder] for [encoder] property
08:46:34,035 |-INFO in ch.qos.logback.core.rolling.RollingFileAppender[INFO] - Active log file name: logs/info.log
08:46:34,035 |-INFO in ch.qos.logback.core.rolling.RollingFileAppender[INFO] - File property is set to [logs/info.log]
08:46:34,035 |-INFO in ch.qos.logback.core.joran.action.AppenderAction - About to instantiate appender of type [ch.qos.logback.core.rolling.RollingFileAppender]
08:46:34,036 |-INFO in ch.qos.logback.core.joran.action.AppenderAction - Naming appender as [ERROR]
08:46:34,036 |-INFO in c.q.l.core.rolling.TimeBasedRollingPolicy - Will use zip compression
08:46:34,037 |-INFO in c.q.l.core.rolling.TimeBasedRollingPolicy - Will use the pattern logs/history/error_%d{yyyy-MM-dd} for the active file
08:46:34,037 |-INFO in c.q.l.core.rolling.DefaultTimeBasedFileNamingAndTriggeringPolicy - The date pattern is 'yyyy-MM-dd' from file name pattern 'logs/history/error_%d{yyyy-MM-dd}.zip'.
08:46:34,037 |-INFO in c.q.l.core.rolling.DefaultTimeBasedFileNamingAndTriggeringPolicy - Roll-over at midnight.
08:46:34,037 |-INFO in c.q.l.core.rolling.DefaultTimeBasedFileNamingAndTriggeringPolicy - Setting initial period to Fri Jul 31 08:46:34 UTC 2020
08:46:34,037 |-INFO in ch.qos.logback.core.joran.action.NestedComplexPropertyIA - Assuming default type [ch.qos.logback.classic.encoder.PatternLayoutEncoder] for [encoder] property
08:46:34,038 |-INFO in ch.qos.logback.core.rolling.RollingFileAppender[ERROR] - Active log file name: logs/error.log
08:46:34,038 |-INFO in ch.qos.logback.core.rolling.RollingFileAppender[ERROR] - File property is set to [logs/error.log]
08:46:34,038 |-INFO in ch.qos.logback.core.joran.action.AppenderAction - About to instantiate appender of type [ch.qos.logback.classic.AsyncAppender]
08:46:34,039 |-INFO in ch.qos.logback.core.joran.action.AppenderAction - Naming appender as [ASYNC_STDOUT1]
08:46:34,039 |-INFO in ch.qos.logback.core.joran.action.AppenderRefAction - Attaching appender named [STDOUT1] to ch.qos.logback.classic.AsyncAppender[ASYNC_STDOUT1]
08:46:34,039 |-INFO in ch.qos.logback.classic.AsyncAppender[ASYNC_STDOUT1] - Attaching appender named [STDOUT1] to AsyncAppender.
08:46:34,040 |-INFO in ch.qos.logback.classic.AsyncAppender[ASYNC_STDOUT1] - Setting discardingThreshold to 51
08:46:34,040 |-INFO in ch.qos.logback.core.joran.action.AppenderAction - About to instantiate appender of type [ch.qos.logback.classic.AsyncAppender]
08:46:34,040 |-INFO in ch.qos.logback.core.joran.action.AppenderAction - Naming appender as [ASYNC_INFO]
08:46:34,040 |-INFO in ch.qos.logback.core.joran.action.AppenderRefAction - Attaching appender named [INFO] to ch.qos.logback.classic.AsyncAppender[ASYNC_INFO]
08:46:34,040 |-INFO in ch.qos.logback.classic.AsyncAppender[ASYNC_INFO] - Attaching appender named [INFO] to AsyncAppender.
08:46:34,040 |-INFO in ch.qos.logback.classic.AsyncAppender[ASYNC_INFO] - Setting discardingThreshold to 51
08:46:34,040 |-INFO in ch.qos.logback.core.joran.action.AppenderAction - About to instantiate appender of type [ch.qos.logback.classic.AsyncAppender]
08:46:34,040 |-INFO in ch.qos.logback.core.joran.action.AppenderAction - Naming appender as [ASYNC_ERROR]
08:46:34,040 |-INFO in ch.qos.logback.core.joran.action.AppenderRefAction - Attaching appender named [ERROR] to ch.qos.logback.classic.AsyncAppender[ASYNC_ERROR]
08:46:34,040 |-INFO in ch.qos.logback.classic.AsyncAppender[ASYNC_ERROR] - Attaching appender named [ERROR] to AsyncAppender.
08:46:34,040 |-INFO in ch.qos.logback.classic.AsyncAppender[ASYNC_ERROR] - Setting discardingThreshold to 51
08:46:34,040 |-INFO in ch.qos.logback.core.joran.action.AppenderAction - About to instantiate appender of type [ch.qos.logback.classic.AsyncAppender]
08:46:34,040 |-INFO in ch.qos.logback.core.joran.action.AppenderAction - Naming appender as [ASYNC_DEBUG]
08:46:34,040 |-INFO in ch.qos.logback.core.joran.action.AppenderRefAction - Attaching appender named [DEBUG] to ch.qos.logback.classic.AsyncAppender[ASYNC_DEBUG]
08:46:34,040 |-INFO in ch.qos.logback.classic.AsyncAppender[ASYNC_DEBUG] - Attaching appender named [DEBUG] to AsyncAppender.
08:46:34,040 |-INFO in ch.qos.logback.classic.AsyncAppender[ASYNC_DEBUG] - Setting discardingThreshold to 51
08:46:34,047 |-INFO in ch.qos.logback.core.joran.action.AppenderAction - About to instantiate appender of type [ch.qos.logback.core.rolling.RollingFileAppender]
08:46:34,047 |-INFO in ch.qos.logback.core.joran.action.AppenderAction - Naming appender as [perf4jFileAppender]
08:46:34,047 |-INFO in ch.qos.logback.core.joran.action.NestedComplexPropertyIA - Assuming default type [ch.qos.logback.classic.encoder.PatternLayoutEncoder] for [encoder] property
08:46:34,049 |-INFO in c.q.l.core.rolling.TimeBasedRollingPolicy - No compression will be used
08:46:34,049 |-INFO in c.q.l.core.rolling.TimeBasedRollingPolicy - Will use the pattern logs/perf4j.%d{yyyy-MM-dd}.log for the active file
08:46:34,051 |-INFO in c.q.l.core.rolling.DefaultTimeBasedFileNamingAndTriggeringPolicy - The date pattern is 'yyyy-MM-dd' from file name pattern 'logs/perf4j.%d{yyyy-MM-dd}.log'.
08:46:34,051 |-INFO in c.q.l.core.rolling.DefaultTimeBasedFileNamingAndTriggeringPolicy - Roll-over at midnight.
08:46:34,051 |-INFO in c.q.l.core.rolling.DefaultTimeBasedFileNamingAndTriggeringPolicy - Setting initial period to Fri Jul 31 08:46:34 UTC 2020
08:46:34,051 |-INFO in ch.qos.logback.core.rolling.RollingFileAppender[perf4jFileAppender] - Active log file name: logs/perf4j.log
08:46:34,051 |-INFO in ch.qos.logback.core.rolling.RollingFileAppender[perf4jFileAppender] - File property is set to [logs/perf4j.log]
08:46:34,052 |-INFO in ch.qos.logback.classic.joran.action.LoggerAction - Setting additivity of logger [org.perf4j.TimingLogger] to false
08:46:34,052 |-INFO in ch.qos.logback.classic.joran.action.LevelAction - org.perf4j.TimingLogger level set to INFO
08:46:34,052 |-INFO in ch.qos.logback.core.joran.action.AppenderRefAction - Attaching appender named [perf4jFileAppender] to Logger[org.perf4j.TimingLogger]
08:46:34,052 |-INFO in ch.qos.logback.classic.joran.action.LoggerAction - Setting level of logger [org.springframework] to INFO
08:46:34,052 |-INFO in ch.qos.logback.core.joran.action.AppenderRefAction - Attaching appender named [ASYNC_STDOUT1] to Logger[org.springframework]
08:46:34,052 |-INFO in ch.qos.logback.core.joran.action.AppenderRefAction - Attaching appender named [ASYNC_INFO] to Logger[org.springframework]
08:46:34,052 |-INFO in ch.qos.logback.classic.joran.action.LoggerAction - Setting level of logger [com.amazonaws] to INFO
08:46:34,052 |-INFO in ch.qos.logback.core.joran.action.AppenderRefAction - Attaching appender named [ASYNC_STDOUT1] to Logger[com.amazonaws]
08:46:34,052 |-INFO in ch.qos.logback.core.joran.action.AppenderRefAction - Attaching appender named [ASYNC_INFO] to Logger[com.amazonaws]
08:46:34,052 |-INFO in ch.qos.logback.classic.joran.action.LoggerAction - Setting level of logger [org.apache.http] to INFO
08:46:34,052 |-INFO in ch.qos.logback.core.joran.action.AppenderRefAction - Attaching appender named [ASYNC_STDOUT1] to Logger[org.apache.http]
08:46:34,052 |-INFO in ch.qos.logback.core.joran.action.AppenderRefAction - Attaching appender named [ASYNC_INFO] to Logger[org.apache.http]
08:46:34,052 |-INFO in ch.qos.logback.classic.joran.action.LoggerAction - Setting level of logger [org.apache.commons.configuration] to INFO
08:46:34,052 |-INFO in ch.qos.logback.core.joran.action.AppenderRefAction - Attaching appender named [ASYNC_STDOUT1] to Logger[org.apache.commons.configuration]
08:46:34,052 |-INFO in ch.qos.logback.core.joran.action.AppenderRefAction - Attaching appender named [ASYNC_INFO] to Logger[org.apache.commons.configuration]
08:46:34,052 |-INFO in ch.qos.logback.classic.joran.action.LoggerAction - Setting level of logger [freemarker] to INFO
08:46:34,052 |-INFO in ch.qos.logback.core.joran.action.AppenderRefAction - Attaching appender named [ASYNC_STDOUT1] to Logger[freemarker]
08:46:34,052 |-INFO in ch.qos.logback.core.joran.action.AppenderRefAction - Attaching appender named [ASYNC_INFO] to Logger[freemarker]
08:46:34,052 |-INFO in ch.qos.logback.classic.joran.action.RootLoggerAction - Setting level of ROOT logger to TRACE
08:46:34,052 |-INFO in ch.qos.logback.core.joran.action.AppenderRefAction - Attaching appender named [ASYNC_STDOUT1] to Logger[ROOT]
08:46:34,052 |-INFO in ch.qos.logback.core.joran.action.AppenderRefAction - Attaching appender named [ASYNC_INFO] to Logger[ROOT]
08:46:34,052 |-INFO in ch.qos.logback.core.joran.action.AppenderRefAction - Attaching appender named [ASYNC_ERROR] to Logger[ROOT]
08:46:34,053 |-INFO in ch.qos.logback.core.joran.action.AppenderRefAction - Attaching appender named [ASYNC_DEBUG] to Logger[ROOT]
08:46:34,053 |-INFO in ch.qos.logback.classic.joran.action.ConfigurationAction - End of configuration.
08:46:34,053 |-INFO in ch.qos.logback.classic.joran.JoranConfigurator@9df564f - Registering current configuration as safe fallback point

2020-Jul-31 08:46:34.239 INFO   org.quartz.impl.StdSchedulerFactory - Using default implementation for ThreadExecutor
2020-Jul-31 08:46:34.254 INFO   org.quartz.core.SchedulerSignalerImpl - Initialized Scheduler Signaller of type: class org.quartz.core.SchedulerSignalerImpl
2020-Jul-31 08:46:34.254 INFO   org.quartz.core.QuartzScheduler - Quartz Scheduler v.2.2.1 created.
2020-Jul-31 08:46:34.255 INFO   org.quartz.plugins.xml.XMLSchedulingDataProcessorPlugin - Registering Quartz Job Initialization Plug-in.
2020-Jul-31 08:46:34.256 INFO   org.quartz.simpl.RAMJobStore - RAMJobStore initialized.
2020-Jul-31 08:46:34.257 INFO   org.quartz.core.QuartzScheduler - Scheduler meta-data: Quartz Scheduler (v2.2.1) 'QuartzScheduler' with instanceId 'NON_CLUSTERED'
  Scheduler class: 'org.quartz.core.QuartzScheduler' - running locally.
  NOT STARTED.
  Currently in standby mode.
  Number of jobs executed: 0
  Using thread pool 'org.quartz.simpl.SimpleThreadPool' - with 5 threads.
  Using job-store 'org.quartz.simpl.RAMJobStore' - which does not support persistence. and is not clustered.

2020-Jul-31 08:46:34.257 INFO   org.quartz.impl.StdSchedulerFactory - Quartz scheduler 'QuartzScheduler' initialized from an externally provided properties instance.
2020-Jul-31 08:46:34.257 INFO   org.quartz.impl.StdSchedulerFactory - Quartz scheduler version: 2.2.1
2020-Jul-31 08:46:34.257 INFO   org.quartz.core.QuartzScheduler - JobFactory set to: net.halflite.guicequartzsample.scheduler.GuiceJobFactory@631944d4
2020-Jul-31 08:46:34.264 DEBUG  org.quartz.xml.XMLSchedulingDataProcessor - Utilizing schema packaged in local quartz distribution jar.
2020-Jul-31 08:46:34.266 INFO   org.quartz.xml.XMLSchedulingDataProcessor - Parsing XML file: quartz-config.xml with systemId: quartz-config.xml
2020-Jul-31 08:46:34.346 DEBUG  org.quartz.xml.XMLSchedulingDataProcessor - Found 0 delete job group commands.
2020-Jul-31 08:46:34.347 DEBUG  org.quartz.xml.XMLSchedulingDataProcessor - Found 0 delete trigger group commands.
2020-Jul-31 08:46:34.347 DEBUG  org.quartz.xml.XMLSchedulingDataProcessor - Found 0 delete job commands.
2020-Jul-31 08:46:34.347 DEBUG  org.quartz.xml.XMLSchedulingDataProcessor - Found 0 delete trigger commands.
2020-Jul-31 08:46:34.348 DEBUG  org.quartz.xml.XMLSchedulingDataProcessor - Directive 'overwrite-existing-data' not specified, defaulting to true
2020-Jul-31 08:46:34.348 DEBUG  org.quartz.xml.XMLSchedulingDataProcessor - Directive 'ignore-duplicates' not specified, defaulting to false
2020-Jul-31 08:46:34.349 DEBUG  org.quartz.xml.XMLSchedulingDataProcessor - Found 1 job definitions.
2020-Jul-31 08:46:34.354 DEBUG  org.quartz.xml.XMLSchedulingDataProcessor - Parsed job definition: JobDetail 'default_job_group.default_job':  jobClass: 'net.halflite.guicequartzsample.job.DefaultJob concurrentExectionDisallowed: false persistJobDataAfterExecution: false isDurable: false requestsRecovers: false
2020-Jul-31 08:46:34.354 DEBUG  org.quartz.xml.XMLSchedulingDataProcessor - Found 1 trigger definitions.
2020-Jul-31 08:46:34.410 DEBUG  org.quartz.xml.XMLSchedulingDataProcessor - Parsed trigger definition: Trigger 'minute_trriger_group.minute_trriger':  triggerClass: 'org.quartz.impl.triggers.CronTriggerImpl calendar: 'null' misfireInstruction: 0 nextFireTime: null
2020-Jul-31 08:46:34.410 INFO   org.quartz.xml.XMLSchedulingDataProcessor - Adding 1 jobs, 1 triggers.
2020-Jul-31 08:46:34.410 INFO   org.quartz.xml.XMLSchedulingDataProcessor - Adding job: default_job_group.default_job
2020-Jul-31 08:46:34.410 DEBUG  org.quartz.xml.XMLSchedulingDataProcessor - Scheduling job: default_job_group.default_job with trigger: minute_trriger_group.minute_trriger
2020-Jul-31 08:46:34.413 INFO   org.quartz.core.QuartzScheduler - Scheduler QuartzScheduler_$_NON_CLUSTERED started.
2020-Jul-31 08:46:34.414 DEBUG  org.quartz.core.QuartzSchedulerThread - batch acquisition of 1 triggers
Tests run: 1, Failures: 0, Errors: 0, Skipped: 0, Time elapsed: 1.018 sec - in net.halflite.guicequartzsample.scheduler.QuartzTest
Running net.halflite.guicequartzsample.scheduler.GuiceJobFactoryTest
Tests run: 1, Failures: 0, Errors: 0, Skipped: 0, Time elapsed: 0.15 sec - in net.halflite.guicequartzsample.scheduler.GuiceJobFactoryTest
Running net.halflite.guicequartzsample.helper.DateHelperTest
Tests run: 1, Failures: 0, Errors: 0, Skipped: 0, Time elapsed: 0.037 sec - in net.halflite.guicequartzsample.helper.DateHelperTest
Running net.halflite.guicequartzsample.servlet.InitializeServletContextListenerTest
Jul 31, 2020 8:46:34 AM com.google.inject.servlet.GuiceFilter setPipeline
WARNING: Multiple Servlet injectors detected. This is a warning indicating that you have more than one GuiceFilter running in your web application. If this is deliberate, you may safely ignore this message. If this is NOT deliberate however, your application may not work as expected.
2020-Jul-31 08:46:34.670 INFO   org.quartz.core.QuartzScheduler - JobFactory set to: net.halflite.guicequartzsample.scheduler.GuiceJobFactory@4df5f119
2020-Jul-31 08:46:34.670 INFO   org.quartz.core.QuartzScheduler - Scheduler QuartzScheduler_$_NON_CLUSTERED started.
Tests run: 1, Failures: 0, Errors: 0, Skipped: 0, Time elapsed: 0.011 sec - in net.halflite.guicequartzsample.servlet.InitializeServletContextListenerTest
Running net.halflite.guicequartzsample.job.DefaultJobTest
2020-Jul-31 08:46:34.692 DEBUG  net.halflite.guicequartzsample.job.DefaultJob - 20200731T174634+0900, done.
Tests run: 1, Failures: 0, Errors: 0, Skipped: 0, Time elapsed: 0.021 sec - in net.halflite.guicequartzsample.job.DefaultJobTest

Results :

Tests run: 5, Failures: 0, Errors: 0, Skipped: 0

[INFO] 
[INFO] --- jacoco-maven-plugin:0.8.5:report (report) @ guice-quartz-sample ---
[INFO] Loading execution data file /tmp/tmplump78q7/guice-quartz-sample/target/jacoco.exec
[INFO] Analyzed bundle 'guice-quartz-sample Maven Webapp' with 746 classes
[INFO] ------------------------------------------------------------------------
[INFO] BUILD SUCCESS
[INFO] ------------------------------------------------------------------------
[INFO] Total time:  44.016 s
[INFO] Finished at: 2020-07-31T08:46:36Z
[INFO] ------------------------------------------------------------------------
