[INFO] Error stacktraces are turned on.
[INFO] Scanning for projects...
[INFO] Inspecting build with total of 1 modules...
[INFO] Installing Nexus Staging features:
[INFO]   ... total of 1 executions of maven-deploy-plugin replaced with nexus-staging-maven-plugin
[INFO] 
[INFO] ----------------------< com.spotify:netty4-zmtp >-----------------------
[INFO] Building netty-zmtp 0.4.2-SNAPSHOT
[INFO] --------------------------------[ jar ]---------------------------------
[INFO] 
[INFO] --- maven-enforcer-plugin:1.4:enforce (enforce-maven) @ netty4-zmtp ---
[INFO] 
[INFO] --- maven-enforcer-plugin:1.4:enforce (enforce) @ netty4-zmtp ---
[INFO] 
[INFO] --- jacoco-maven-plugin:0.8.5:prepare-agent (default) @ netty4-zmtp ---
[INFO] argLine set to -javaagent:/home/jdbl/.m2/repository/org/jacoco/org.jacoco.agent/0.8.5/org.jacoco.agent-0.8.5-runtime.jar=destfile=/tmp/tmpqvz8s49k/netty-zmtp/target/jacoco.exec
[INFO] 
[INFO] --- maven-resources-plugin:2.6:resources (default-resources) @ netty4-zmtp ---
[INFO] Using 'UTF-8' encoding to copy filtered resources.
[INFO] skip non existing resourceDirectory /tmp/tmpqvz8s49k/netty-zmtp/src/main/resources
[INFO] 
[INFO] --- maven-compiler-plugin:3.3:compile (default-compile) @ netty4-zmtp ---
[INFO] Compiling 32 source files to /tmp/tmpqvz8s49k/netty-zmtp/target/classes
[INFO] 
[INFO] --- maven-resources-plugin:2.6:testResources (default-testResources) @ netty4-zmtp ---
[INFO] Using 'UTF-8' encoding to copy filtered resources.
[INFO] Copying 1 resource
[INFO] 
[INFO] --- maven-compiler-plugin:3.3:testCompile (default-testCompile) @ netty4-zmtp ---
[INFO] Compiling 24 source files to /tmp/tmpqvz8s49k/netty-zmtp/target/test-classes
[INFO] 
[INFO] --- maven-surefire-plugin:2.19.1:test (default-test) @ netty4-zmtp ---
[INFO] Surefire report directory: /tmp/tmpqvz8s49k/netty-zmtp/target/surefire-reports

-------------------------------------------------------
 T E S T S
-------------------------------------------------------
Running com.spotify.netty4.handler.codec.zmtp.ZMTPFramingEncoderTest
Tests run: 3, Failures: 0, Errors: 0, Skipped: 0, Time elapsed: 0.421 sec - in com.spotify.netty4.handler.codec.zmtp.ZMTPFramingEncoderTest
Running com.spotify.netty4.handler.codec.zmtp.ZMTPMessageDecoderTest
Tests run: 2, Failures: 0, Errors: 0, Skipped: 0, Time elapsed: 0 sec - in com.spotify.netty4.handler.codec.zmtp.ZMTPMessageDecoderTest
Running com.spotify.netty4.handler.codec.zmtp.ZMQIntegrationTest
Tests run: 4, Failures: 0, Errors: 0, Skipped: 0, Time elapsed: 2.998 sec - in com.spotify.netty4.handler.codec.zmtp.ZMQIntegrationTest
Running com.spotify.netty4.handler.codec.zmtp.ZMTPMessageTest
Tests run: 12, Failures: 0, Errors: 0, Skipped: 0, Time elapsed: 0.019 sec - in com.spotify.netty4.handler.codec.zmtp.ZMTPMessageTest
Running com.spotify.netty4.handler.codec.zmtp.HandshakeTest
Tests run: 14, Failures: 0, Errors: 0, Skipped: 0, Time elapsed: 0.007 sec - in com.spotify.netty4.handler.codec.zmtp.HandshakeTest
Running com.spotify.netty4.handler.codec.zmtp.ZMTPParserTest
Tests run: 1, Failures: 0, Errors: 0, Skipped: 0, Time elapsed: 0.706 sec - in com.spotify.netty4.handler.codec.zmtp.ZMTPParserTest
Running com.spotify.netty4.handler.codec.zmtp.ZMTPWriterTest
Tests run: 3, Failures: 0, Errors: 0, Skipped: 0, Time elapsed: 0.001 sec - in com.spotify.netty4.handler.codec.zmtp.ZMTPWriterTest
Running com.spotify.netty4.handler.codec.zmtp.EndToEndTest
Tests run: 4, Failures: 0, Errors: 0, Skipped: 0, Time elapsed: 0.966 sec - in com.spotify.netty4.handler.codec.zmtp.EndToEndTest
Running com.spotify.netty4.handler.codec.zmtp.FragmenterTest
Tests run: 1, Failures: 0, Errors: 0, Skipped: 0, Time elapsed: 0.001 sec - in com.spotify.netty4.handler.codec.zmtp.FragmenterTest
Running com.spotify.netty4.handler.codec.zmtp.ZMTP10WireFormatTest
Tests run: 4, Failures: 0, Errors: 0, Skipped: 0, Time elapsed: 0.006 sec - in com.spotify.netty4.handler.codec.zmtp.ZMTP10WireFormatTest

Results :

Tests run: 48, Failures: 0, Errors: 0, Skipped: 0

[INFO] 
[INFO] --- jacoco-maven-plugin:0.8.5:report (report) @ netty4-zmtp ---
[INFO] Loading execution data file /tmp/tmpqvz8s49k/netty-zmtp/target/jacoco.exec
[INFO] Analyzed bundle 'netty-zmtp' with 150 classes
[INFO] ------------------------------------------------------------------------
[INFO] BUILD SUCCESS
[INFO] ------------------------------------------------------------------------
[INFO] Total time:  16.564 s
[INFO] Finished at: 2020-07-30T18:02:55Z
[INFO] ------------------------------------------------------------------------
