[INFO] Error stacktraces are turned on.
[INFO] Scanning for projects...
[INFO] 
[INFO] -----------------------< me.zhyd.oauth:JustAuth >-----------------------
[INFO] Building JustAuth 1.15.5
[INFO] --------------------------------[ jar ]---------------------------------
[INFO] 
[INFO] --- jacoco-maven-plugin:0.8.5:prepare-agent (default) @ JustAuth ---
[INFO] argLine set to -javaagent:/home/jdbl/.m2/repository/org/jacoco/org.jacoco.agent/0.8.5/org.jacoco.agent-0.8.5-runtime.jar=destfile=/tmp/tmpx1_8qrc0/JustAuth/target/jacoco.exec
[INFO] 
[INFO] --- maven-resources-plugin:2.6:resources (default-resources) @ JustAuth ---
[INFO] Using 'UTF-8' encoding to copy filtered resources.
[INFO] skip non existing resourceDirectory /tmp/tmpx1_8qrc0/JustAuth/src/main/resources
[INFO] 
[INFO] --- maven-compiler-plugin:3.8.1:compile (default-compile) @ JustAuth ---
[INFO] Changes detected - recompiling the module!
[INFO] Compiling 72 source files to /tmp/tmpx1_8qrc0/JustAuth/target/classes
[INFO] 
[INFO] --- maven-resources-plugin:2.6:testResources (default-testResources) @ JustAuth ---
[INFO] Using 'UTF-8' encoding to copy filtered resources.
[INFO] skip non existing resourceDirectory /tmp/tmpx1_8qrc0/JustAuth/src/test/resources
[INFO] 
[INFO] --- maven-compiler-plugin:3.8.1:testCompile (default-testCompile) @ JustAuth ---
[INFO] Changes detected - recompiling the module!
[INFO] Compiling 11 source files to /tmp/tmpx1_8qrc0/JustAuth/target/test-classes
[INFO] /tmp/tmpx1_8qrc0/JustAuth/src/test/java/me/zhyd/oauth/utils/GlobalAuthUtilsTest.java: /tmp/tmpx1_8qrc0/JustAuth/src/test/java/me/zhyd/oauth/utils/GlobalAuthUtilsTest.java uses unchecked or unsafe operations.
[INFO] /tmp/tmpx1_8qrc0/JustAuth/src/test/java/me/zhyd/oauth/utils/GlobalAuthUtilsTest.java: Recompile with -Xlint:unchecked for details.
[INFO] 
[INFO] --- maven-surefire-plugin:2.19.1:test (default-test) @ JustAuth ---
[INFO] Surefire report directory: /tmp/tmpx1_8qrc0/JustAuth/target/surefire-reports

-------------------------------------------------------
 T E S T S
-------------------------------------------------------
Running me.zhyd.oauth.model.AuthUserTest
Tests run: 3, Failures: 0, Errors: 0, Skipped: 0, Time elapsed: 0.24 sec - in me.zhyd.oauth.model.AuthUserTest
Running me.zhyd.oauth.log.LogTest
getStackTrace
callMethodByThread
testByThread
invoke0
invoke
invoke
invoke
runReflectiveCall
run
invokeExplosively
evaluate
runLeaf
runChild
runChild
run
schedule
runChildren
access$000
evaluate
run
execute
executeWithRerun
executeTestSet
invoke
invokeProviderInSameClassLoader
runSuitesInProcess
main
testByThread
0ms
class me.zhyd.oauth.log.LogTest$1
class me.zhyd.oauth.log.LogTest
class me.zhyd.oauth.log.LogTest
class org.junit.runners.model.FrameworkMethod$1
class org.junit.internal.runners.model.ReflectiveCallable
class org.junit.runners.model.FrameworkMethod
class org.junit.internal.runners.statements.InvokeMethod
class org.junit.runners.ParentRunner
class org.junit.runners.BlockJUnit4ClassRunner
class org.junit.runners.BlockJUnit4ClassRunner
class org.junit.runners.ParentRunner$3
class org.junit.runners.ParentRunner$1
class org.junit.runners.ParentRunner
class org.junit.runners.ParentRunner
class org.junit.runners.ParentRunner$2
class org.junit.runners.ParentRunner
class org.apache.maven.surefire.junit4.JUnit4Provider
class org.apache.maven.surefire.junit4.JUnit4Provider
class org.apache.maven.surefire.junit4.JUnit4Provider
class org.apache.maven.surefire.junit4.JUnit4Provider
class org.apache.maven.surefire.booter.ForkedBooter
class org.apache.maven.surefire.booter.ForkedBooter
class org.apache.maven.surefire.booter.ForkedBooter
me.zhyd.oauth.log.LogTest$1
1ms
callMethodByThrowable
testByThrowable
invoke0
invoke
invoke
invoke
runReflectiveCall
run
invokeExplosively
evaluate
runLeaf
runChild
runChild
run
schedule
runChildren
access$000
evaluate
run
execute
executeWithRerun
executeTestSet
invoke
invokeProviderInSameClassLoader
runSuitesInProcess
main
invoke0
0ms
Tests run: 3, Failures: 0, Errors: 0, Skipped: 0, Time elapsed: 0.007 sec - in me.zhyd.oauth.log.LogTest
Running me.zhyd.oauth.utils.GlobalAuthUtilsTest
Tests run: 18, Failures: 0, Errors: 0, Skipped: 0, Time elapsed: 0.116 sec - in me.zhyd.oauth.utils.GlobalAuthUtilsTest
Running me.zhyd.oauth.utils.StringUtilsTest
Tests run: 10, Failures: 0, Errors: 0, Skipped: 0, Time elapsed: 0.005 sec - in me.zhyd.oauth.utils.StringUtilsTest
Running me.zhyd.oauth.utils.UrlBuilderTest
https://open.weixin.qq.com/connect/qrconnect?appid=appid-110110110&redirect_uri=https://xkcoding.com&response_type=code&scope=snsapi_login&state=
https://open.weixin.qq.com/connect/qrconnect?response_type=code&appid=appid-110110110&redirect_uri=https://xkcoding.com&scope=snsapi_login&state=state
Tests run: 3, Failures: 0, Errors: 0, Skipped: 0, Time elapsed: 0.012 sec - in me.zhyd.oauth.utils.UrlBuilderTest
Running me.zhyd.oauth.utils.UuidUtilsTest
75080e547f96927a245b3b452acac7e9
Tests run: 1, Failures: 0, Errors: 0, Skipped: 0, Time elapsed: 0 sec - in me.zhyd.oauth.utils.UuidUtilsTest
Running me.zhyd.oauth.utils.JsonPathTest
Tests run: 1, Failures: 0, Errors: 0, Skipped: 0, Time elapsed: 0.032 sec - in me.zhyd.oauth.utils.JsonPathTest
Running me.zhyd.oauth.cache.AuthStateCacheTest
Tests run: 2, Failures: 0, Errors: 0, Skipped: 0, Time elapsed: 0.014 sec - in me.zhyd.oauth.cache.AuthStateCacheTest
Running me.zhyd.oauth.request.AuthExtendRequestTest
{"code":2000,"msg":"Success"}
{"gender":"MALE","nickname":"test","source":"OTHER","token":{"accessToken":"accessToken","code":"code","expireIn":1000,"idToken":"idToken","openId":"openId","refreshToken":"refreshToken","scope":"scope"},"username":"test"}
{"accessToken":"accessToken","code":"code","expireIn":1000,"idToken":"idToken","openId":"openId","refreshToken":"refreshToken","scope":"scope"}
http://authorize?response_type=code&client_id=clientId&redirect_uri=http://redirectUri&state=1424ec761a9b40367f083d1287815dca
Tests run: 4, Failures: 0, Errors: 0, Skipped: 0, Time elapsed: 0.028 sec - in me.zhyd.oauth.request.AuthExtendRequestTest

Results :

Tests run: 45, Failures: 0, Errors: 0, Skipped: 0

[INFO] 
[INFO] --- jacoco-maven-plugin:0.8.5:report (report) @ JustAuth ---
[INFO] Loading execution data file /tmp/tmpx1_8qrc0/JustAuth/target/jacoco.exec
[INFO] Analyzed bundle 'JustAuth' with 324 classes
[INFO] ------------------------------------------------------------------------
[INFO] BUILD SUCCESS
[INFO] ------------------------------------------------------------------------
[INFO] Total time:  16.539 s
[INFO] Finished at: 2020-07-31T08:57:29Z
[INFO] ------------------------------------------------------------------------
