[INFO] Error stacktraces are turned on.
[INFO] Scanning for projects...
[WARNING] 
[WARNING] Some problems were encountered while building the effective model for com.immomo.rhizobia:rhizobia_J:jar:1.0
[WARNING] 'build.plugins.plugin.version' for org.apache.maven.plugins:maven-compiler-plugin is missing. @ line 5, column 15
[WARNING] 
[WARNING] It is highly recommended to fix these problems because they threaten the stability of your build.
[WARNING] 
[WARNING] For this reason, future Maven versions might no longer support building such malformed projects.
[WARNING] 
[INFO] 
[INFO] -------------------< com.immomo.rhizobia:rhizobia_J >-------------------
[INFO] Building rhizobia_J 1.0
[INFO] --------------------------------[ jar ]---------------------------------
[INFO] 
[INFO] --- jacoco-maven-plugin:0.8.5:prepare-agent (default) @ rhizobia_J ---
[INFO] argLine set to -javaagent:/home/jdbl/.m2/repository/org/jacoco/org.jacoco.agent/0.8.5/org.jacoco.agent-0.8.5-runtime.jar=destfile=/tmp/tmpxu67errs/rhizobia_J/target/jacoco.exec
[INFO] 
[INFO] --- maven-resources-plugin:2.6:resources (default-resources) @ rhizobia_J ---
[WARNING] Using platform encoding (UTF-8 actually) to copy filtered resources, i.e. build is platform dependent!
[INFO] Copying 1 resource
[INFO] 
[INFO] --- maven-compiler-plugin:3.1:compile (default-compile) @ rhizobia_J ---
[INFO] Changes detected - recompiling the module!
[WARNING] File encoding has not been set, using platform encoding UTF-8, i.e. build is platform dependent!
[INFO] Compiling 34 source files to /tmp/tmpxu67errs/rhizobia_J/target/classes
[WARNING] /tmp/tmpxu67errs/rhizobia_J/src/main/java/com/immomo/rhizobia/rhizobia_J/crypto/RSAUtils.java:[16,16] sun.misc.BASE64Decoder is internal proprietary API and may be removed in a future release
[WARNING] /tmp/tmpxu67errs/rhizobia_J/src/main/java/com/immomo/rhizobia/rhizobia_J/crypto/ECDSAUtils.java:[17,16] sun.misc.BASE64Decoder is internal proprietary API and may be removed in a future release
[WARNING] /tmp/tmpxu67errs/rhizobia_J/src/main/java/com/immomo/rhizobia/rhizobia_J/crypto/RSAUtils.java:[361,30] sun.misc.BASE64Decoder is internal proprietary API and may be removed in a future release
[WARNING] /tmp/tmpxu67errs/rhizobia_J/src/main/java/com/immomo/rhizobia/rhizobia_J/crypto/RSAUtils.java:[385,30] sun.misc.BASE64Decoder is internal proprietary API and may be removed in a future release
[WARNING] /tmp/tmpxu67errs/rhizobia_J/src/main/java/com/immomo/rhizobia/rhizobia_J/crypto/ECDSAUtils.java:[233,30] sun.misc.BASE64Decoder is internal proprietary API and may be removed in a future release
[WARNING] /tmp/tmpxu67errs/rhizobia_J/src/main/java/com/immomo/rhizobia/rhizobia_J/crypto/ECDSAUtils.java:[257,30] sun.misc.BASE64Decoder is internal proprietary API and may be removed in a future release
[WARNING] /tmp/tmpxu67errs/rhizobia_J/src/main/java/com/immomo/rhizobia/rhizobia_J/xxe/XmlUtils.java: Some input files use unchecked or unsafe operations.
[WARNING] /tmp/tmpxu67errs/rhizobia_J/src/main/java/com/immomo/rhizobia/rhizobia_J/xxe/XmlUtils.java: Recompile with -Xlint:unchecked for details.
[INFO] 
[INFO] --- maven-resources-plugin:2.6:testResources (default-testResources) @ rhizobia_J ---
[WARNING] Using platform encoding (UTF-8 actually) to copy filtered resources, i.e. build is platform dependent!
[INFO] skip non existing resourceDirectory /tmp/tmpxu67errs/rhizobia_J/src/test/resources
[INFO] 
[INFO] --- maven-compiler-plugin:3.1:testCompile (default-testCompile) @ rhizobia_J ---
[INFO] Changes detected - recompiling the module!
[WARNING] File encoding has not been set, using platform encoding UTF-8, i.e. build is platform dependent!
[INFO] Compiling 15 source files to /tmp/tmpxu67errs/rhizobia_J/target/test-classes
[WARNING] /tmp/tmpxu67errs/rhizobia_J/src/test/java/com/immomo/rhizobia/rhizobia_J/AESUtilsTest.java:[5,16] sun.misc.BASE64Encoder is internal proprietary API and may be removed in a future release
[WARNING] /tmp/tmpxu67errs/rhizobia_J/src/test/java/com/immomo/rhizobia/rhizobia_J/RSAUtilsTest.java:[6,16] sun.misc.BASE64Decoder is internal proprietary API and may be removed in a future release
[WARNING] /tmp/tmpxu67errs/rhizobia_J/src/test/java/com/immomo/rhizobia/rhizobia_J/RSAUtilsTest.java:[7,16] sun.misc.BASE64Encoder is internal proprietary API and may be removed in a future release
[WARNING] /tmp/tmpxu67errs/rhizobia_J/src/test/java/com/immomo/rhizobia/rhizobia_J/ECDSAUtilsTest.java:[5,16] sun.misc.BASE64Decoder is internal proprietary API and may be removed in a future release
[WARNING] /tmp/tmpxu67errs/rhizobia_J/src/test/java/com/immomo/rhizobia/rhizobia_J/ECDSAUtilsTest.java:[6,16] sun.misc.BASE64Encoder is internal proprietary API and may be removed in a future release
[WARNING] /tmp/tmpxu67errs/rhizobia_J/src/test/java/com/immomo/rhizobia/rhizobia_J/AESUtilsTest.java:[46,37] sun.misc.BASE64Encoder is internal proprietary API and may be removed in a future release
[WARNING] /tmp/tmpxu67errs/rhizobia_J/src/test/java/com/immomo/rhizobia/rhizobia_J/RSAUtilsTest.java:[46,37] sun.misc.BASE64Encoder is internal proprietary API and may be removed in a future release
[WARNING] /tmp/tmpxu67errs/rhizobia_J/src/test/java/com/immomo/rhizobia/rhizobia_J/RSAUtilsTest.java:[50,36] sun.misc.BASE64Decoder is internal proprietary API and may be removed in a future release
[WARNING] /tmp/tmpxu67errs/rhizobia_J/src/test/java/com/immomo/rhizobia/rhizobia_J/RSAUtilsTest.java:[63,35] sun.misc.BASE64Encoder is internal proprietary API and may be removed in a future release
[WARNING] /tmp/tmpxu67errs/rhizobia_J/src/test/java/com/immomo/rhizobia/rhizobia_J/RSAUtilsTest.java:[67,35] sun.misc.BASE64Decoder is internal proprietary API and may be removed in a future release
[WARNING] /tmp/tmpxu67errs/rhizobia_J/src/test/java/com/immomo/rhizobia/rhizobia_J/RSAUtilsTest.java:[91,30] sun.misc.BASE64Encoder is internal proprietary API and may be removed in a future release
[WARNING] /tmp/tmpxu67errs/rhizobia_J/src/test/java/com/immomo/rhizobia/rhizobia_J/RSAUtilsTest.java:[95,29] sun.misc.BASE64Decoder is internal proprietary API and may be removed in a future release
[WARNING] /tmp/tmpxu67errs/rhizobia_J/src/test/java/com/immomo/rhizobia/rhizobia_J/RSAUtilsTest.java:[103,28] sun.misc.BASE64Encoder is internal proprietary API and may be removed in a future release
[WARNING] /tmp/tmpxu67errs/rhizobia_J/src/test/java/com/immomo/rhizobia/rhizobia_J/RSAUtilsTest.java:[107,28] sun.misc.BASE64Decoder is internal proprietary API and may be removed in a future release
[WARNING] /tmp/tmpxu67errs/rhizobia_J/src/test/java/com/immomo/rhizobia/rhizobia_J/ECDSAUtilsTest.java:[37,31] sun.misc.BASE64Encoder is internal proprietary API and may be removed in a future release
[WARNING] /tmp/tmpxu67errs/rhizobia_J/src/test/java/com/immomo/rhizobia/rhizobia_J/ECDSAUtilsTest.java:[41,31] sun.misc.BASE64Decoder is internal proprietary API and may be removed in a future release
[WARNING] /tmp/tmpxu67errs/rhizobia_J/src/test/java/com/immomo/rhizobia/rhizobia_J/ECDSAUtilsTest.java:[50,24] sun.misc.BASE64Encoder is internal proprietary API and may be removed in a future release
[WARNING] /tmp/tmpxu67errs/rhizobia_J/src/test/java/com/immomo/rhizobia/rhizobia_J/ECDSAUtilsTest.java:[54,24] sun.misc.BASE64Decoder is internal proprietary API and may be removed in a future release
[INFO] 
[INFO] --- maven-surefire-plugin:2.19.1:test (default-test) @ rhizobia_J ---
[INFO] Surefire report directory: /tmp/tmpxu67errs/rhizobia_J/target/surefire-reports

-------------------------------------------------------
 T E S T S
-------------------------------------------------------
Running com.immomo.rhizobia.rhizobia_J.UrlRedirectionWhiteChecherTest
***************************10***************************
2020-07-30 20:58:39 WARN  WhiteChecker:137 - java.net.URISyntaxException: Illegal character in authority at index 8: https://www.test.net\@www.trust2.com/fhf.html
***************************1***************************
***************************2***************************
2020-07-30 20:58:39 WARN  WhiteChecker:107 - 非http(s)协议
428807
***************************3***************************
2020-07-30 20:58:39 WARN  WhiteChecker:132 - url不在白名单内
456745
***************************4***************************
2020-07-30 20:58:39 WARN  WhiteChecker:113 - 包含非法字符@
***************************5***************************
2020-07-30 20:58:39 WARN  WhiteChecker:132 - url不在白名单内
***************************6***************************
2020-07-30 20:58:39 WARN  WhiteChecker:137 - java.net.URISyntaxException: Illegal character in authority at index 7: http://www.baidu.com\trust1.com
***************************7***************************
***************************8***************************
2020-07-30 20:58:39 WARN  WhiteChecker:132 - url不在白名单内
***************************9***************************
2020-07-30 20:58:39 WARN  WhiteChecker:132 - url不在白名单内
Tests run: 10, Failures: 0, Errors: 0, Skipped: 0, Time elapsed: 0.503 sec - in com.immomo.rhizobia.rhizobia_J.UrlRedirectionWhiteChecherTest
Running com.immomo.rhizobia.rhizobia_J.SecureObjectInputStreamTest
***************************2***************************
nothing
469564
***************************1***************************
2020-07-30 20:58:39 ERROR CSRFTokenUtils:108 - Unauthorized deserialization class
Tests run: 2, Failures: 0, Errors: 0, Skipped: 0, Time elapsed: 0.072 sec - in com.immomo.rhizobia.rhizobia_J.SecureObjectInputStreamTest
Running com.immomo.rhizobia.rhizobia_J.XmlUtilsTest
***************************1***************************
32291616
#text    
  
to    Tove
#text    
  
from    Jani
#text    
  
heading    Reminder
#text    
  
body    Don't forget me this weekend!
#text    

***************************2***************************
[Fatal Error] :2:10: DOCTYPE is disallowed when the feature "http://apache.org/xml/features/disallow-doctype-decl" set to true.
***************************3***************************
40082220
Tove
Jani
Reminder
Don't forget me this weekend!
0
***************************4***************************
2020-07-30 20:58:39 ERROR CSRFTokenUtils:86 - javax.xml.bind.UnmarshalException
 - with linked exception:
[org.xml.sax.SAXParseException; lineNumber: 2; columnNumber: 10; DOCTYPE is disallowed when the feature "http://apache.org/xml/features/disallow-doctype-decl" set to true.]
Tests run: 4, Failures: 0, Errors: 0, Skipped: 0, Time elapsed: 0.089 sec - in com.immomo.rhizobia.rhizobia_J.XmlUtilsTest
Running com.immomo.rhizobia.rhizobia_J.RSAUtilsTest
[B@3b7ff809
mi : mYBj6ooNtRUEX3Q3asJGjdaBmZUXpfdvEIjWSVi2JRayCYZ0J6xjP567cvdzAsy1Y3Uoh6nOOqCc
gKTKedW2lMc598E4ScOLKOMCmL82gEiRKKi+Euebraxs0pduG3I1RE36swGjpCnf7YomVR2m00zI
PLwRwTDuzCzRmTTf/RA=
ming : 123
[B@10c626be
sign : XGD2dKUYTVEFzMRFCi3Nre3gEhwlokZH7n7FXpuXCG1ryGzPLBhgd0Zy0pTkQ6llNYHUDg50c59u
U0ZcFTmjdkYp1AMFHEu+zGeik2e7Uf8mzk2TdAROs3HWND5Nr3edY+cE8scFqt+1q3AvVymWtM3M
4S0fO1pmtfprEuJc8gw=
pass or not : true
471 471
[B@2fc0cc3 1024
密文 : CSzv/iE1fjv3VbW12jjpBj8uqqsISirqAAtAt3oQjequjJ1E/xyutGzKOeQPP0383gxoSdgoE1oc
JyW0m34NbBc/f3wlCRiu/1VJvAWdA3dr15G3nd3rdBikK88srDgGMN3i2cNyAFpBhX/dtNNHUhTy
bj7EENEYSp4XrCfuJtSEDPrB0/9wlDp4COUmBi9bg0WQs42nAw0L/W2n/PYjyBcfFrmCA50FOHdi
QD7SyQBoF1MWiIX/4kncjfpsPeklylONaJoHeeOtKBEk1XWVjdoWEqSjB5scyug0sX8M8SAgqWzw
C8hoptTSGMws6vvCGVFe3LIc+Q8CkgVRAdNDJEP9s7VXvSD2t1Mfi5VY38WahezZ6yI+FarOZOwa
Pm75AKafZDjAaXCG7S+fugPBRZNPc7MhoPHnAOjb7x2c3IYmkE/bkKGy7jYPJBfiJb+S8OxsBbdP
tQBfEX8Uga4QsiBJTHwAFOQ4ahkzw6UHP1Pp6anqBf7OzT6APnvcaYrJ0asxrXQImIK4KGDev2Cm
bOolFaJSTQq4zbGbFeJwYE2MYET/4R3RYaoLF1gB4ro2LBcVkKiUI9Bp7HAtQ+P1t+d1LL2kSDEF
GQkCpAcBMSXklv027YB6WeXl8lFTNZZ+/dasC8UUL+wbiivXUhjfWImpXoXwahJfRtMQ3nfIIuR/
Yx4Kff3BrS9PHSq12aiJ+tJLWZasGQF0vzJrpRrEU7srzSQr7vF8YSIAtERlIA68KgEvodw4WBH7
5x/eMfm9tYy/2ZmYS7YiWs2DDWv3PXBiIJ2QOEi1BxnP39+j/Hlh2rXWl7bcizscRcbgSqiXV5PN
Oh0ymtYlYEWY2G8sZOo7jYQYnIFpPGtcKasmSSb/njSTs217r7tHBTO+2hyskpHgdXnkGWsXeD9A
UxC7/8aIcXIl1Hf0Zmrmbj+bC9KqwXiYdcc+tZNIPd+ekvpedLPoqofsT8e0sYb9JfEHZsqHHvLO
SuP1skiYeWC66ltnnMWjhJAnOE7IQ+p/LKVNUu+6s+IRLJh2+6MiTJoKH6GbsqMkrqjBgqV90RRe
UPCSYZlg4J9vvvSEnsnUdYCwGQXqptc4/OeDg2JLRpTvt28/w/zKLj8OOTNJGl8DcvAyyF2PKAlJ
hQWlmVIx4VdryqLWLwYsfgX+AunMQ0iJ19hd3NSLAG1JOp72roFa1/W7wfy3cqAnPMMtj6AsVxMr
si+zelegznc9tu5r34I1DVP2pvJCpGglZPX1EgI0nl0wula6fXjq/PwJ2EiHtfCEX0MlSt8XkfT5
OD3t598OdP37KStZoRifZb+VL4XLKYEHc/2RVwJYjpXMS5Rh24ZrggFNqFYghhGAvEsXL4abuA==
明文 : 012345678901234567890123456789012345678901234567890123456789012345678901234567890123456789012345678901234567890123456789012345678901234567890123456789012345678901234567890123456789012345678901234567890123456789012345678901234567890123456789012345678901234567890123456789012345678901234567890123456789012345678901234567890123456789012345678901234567890123456789012345678901234567890123456789012345678901234567890123456789012345678901234567890123456789012345678901234567890
[B@328cf0e1 512
加签 : PMRLwb/dTAuU7CPbFpwtGpUIZ4e5ozdG6jRsLRzNZ9sGtDIgJBnCgTXYO3y1lgOOtwovX3fPdIU1
X9Um+wcAD8mHRfio6XrVVOAIe0Mkyj9XkAui1Uhb8iRtfsB8ooUm/B7dmLwtSD/D9THlSGdznr2c
SlJ0H8CcF5UPA4prPu7i3yHbiG+zuO6hzHhZ+j2swoQPfE9iL6YmUGBA/KEmepLtnAISztgni/Wa
qxhfZmldaCmoMFuFKdD7p3emPDPfNg0PpdcKIh3cTKmRtwe+Pl4kA1FkVPYh8D9ADYeEwyF5fWxw
nWzQhy3Glz1ZCu5LWM5/qpIrThgElXjYl58H7gvLUOwQ1TE5J411ZxsDdzpPgNNi/yf+TdDSpH8S
+VhyNoneFE2J6l3abE5MN+HUIksfBpw2LLKb2QISghhWzeTZBOddHaWsvFcHWCRmeAqhwqWYTkRq
ZzTqYrFYfwiOEcTrl01esH1sLHb/T8/m5hKReCY6mnJs8CJuoIjXAURQOeO+es+90MAhzfsOHT47
nuKp9qbYod4zgR2JDfPiLpNZvSG8Y4K4lcaDa6OmwW3rgbh5f5q40t7LWgGD2W7UaZZvaUdnq6yY
cO6hDtacKY+T2Gdt0t9QHKC3wnNW4TmtU5sll0WRtg67H5uLWi9yofJazDqz8jR0vHGtEkv+EUs=
验签 : true
Tests run: 1, Failures: 0, Errors: 0, Skipped: 0, Time elapsed: 1.696 sec - in com.immomo.rhizobia.rhizobia_J.RSAUtilsTest
Running com.immomo.rhizobia.rhizobia_J.MysqlSanitiserTest
without column: 
612169
SELECT NAME FROM users WHERE id = '1\' or \'1\'\=\'1\' \#'
SELECT NAME FROM users WHERE id = '1' or '1'='1' #'
SELECT NAME FROM users order by name
SELECT NAME FROM users order by name
SELECT NAME FROM users order by user\_name
SELECT NAME FROM users order by user_name
SELECT NAME FROM users order by user\-name
SELECT NAME FROM users order by user-name
SELECT NAME FROM users order by user\$name
SELECT NAME FROM users order by user$name

with column sign: 
SELECT NAME FROM users order by name
SELECT NAME FROM users order by name
SELECT NAME FROM users order by user_name
SELECT NAME FROM users order by user_name
SELECT NAME FROM users order by user\-name
SELECT NAME FROM users order by user-name
SELECT NAME FROM users order by user$name
SELECT NAME FROM users order by user$name
1\%0A\%0Dand\%0A\%0D1\=1
Tests run: 1, Failures: 0, Errors: 0, Skipped: 0, Time elapsed: 0.012 sec - in com.immomo.rhizobia.rhizobia_J.MysqlSanitiserTest
Running com.immomo.rhizobia.rhizobia_J.OracleSanitiserTest
without column: 
55486
SELECT NAME FROM users WHERE id = '1'' or ''1''=''1'' #'
SELECT NAME FROM users WHERE id = '1' or '1'='1' #'
SELECT NAME FROM users order by name
SELECT NAME FROM users order by name
SELECT NAME FROM users order by user_name
SELECT NAME FROM users order by user_name
SELECT NAME FROM users order by user-name
SELECT NAME FROM users order by user-name
SELECT NAME FROM users order by user$name
SELECT NAME FROM users order by user$name

with column sign: 
SELECT NAME FROM users order by name
SELECT NAME FROM users order by name
SELECT NAME FROM users order by user_name
SELECT NAME FROM users order by user_name
SELECT NAME FROM users order by user-name
SELECT NAME FROM users order by user-name
SELECT NAME FROM users order by user$name
SELECT NAME FROM users order by user$name
1%0A%0Dand%0A%0D1=1
Tests run: 1, Failures: 0, Errors: 0, Skipped: 0, Time elapsed: 0.005 sec - in com.immomo.rhizobia.rhizobia_J.OracleSanitiserTest
Running com.immomo.rhizobia.rhizobia_J.CSRFTokenUtilsTest
***************************2***************************
48eWrOBzE0vFJQgk9Dsi5w0aeIb7rUTQ
8199056
tV3Jb9tBZfKfXcH0P4N1FZaHORgpRPdI
57407
MIWTbhWbXmxctu60XredxZt6mZPAw04S
50399
2JxMPnhuw4vFzYGUMWQyQzZST2TRrwcO
50812
13Y6IYdjYsJkplmgaFgsHSzbnlZtioZ9
48411
vogDGulh58oy3DIMqpBtjPoWBnxwW9rW
50059
jKbs4f2nIFqB5x1cviSKwTHUaZ8V9hzw
71733
Fuq9DXoKr1UFYgBD33Rcg60bSv05Ndpr
62298
wWgaP9OU7pMDn3JOXLQgxb8U0aNB8lEU
50219
w2xiHGEcRhXSaiMzrwyzq7FxgrCOOQa9
52070
Tests run: 1, Failures: 0, Errors: 0, Skipped: 0, Time elapsed: 0.011 sec - in com.immomo.rhizobia.rhizobia_J.CSRFTokenUtilsTest
Running com.immomo.rhizobia.rhizobia_J.XssEncoderTest
data 1 2
data 1 2
&lt;script&gt;alert&#x28;&#x27;xss&#x27;&#x29;&lt;&#x2f;script&gt;
<script>alert('xss')</script>
data&#x20;1&#x20;2
data 1 2
&lt;script&gt;alert&#x28;&#x27;xss&#x27;&#x29;&lt;&#x2f;script&gt;
<script>alert('xss')</script>
\x27\x7D\x7D\x29\x3B\x7D\x7D\x7D\x29\x3Balert\x281\x29\x3B\x3C\x2Fscript\x3E
Tests run: 2, Failures: 0, Errors: 0, Skipped: 0, Time elapsed: 0.029 sec - in com.immomo.rhizobia.rhizobia_J.XssEncoderTest
Running com.immomo.rhizobia.rhizobia_J.ECDSAUtilsTest
[B@65f87a2c
sign : MCwCFDNyx9eRWWOpl0rC5ANNCRllHpUKAhRHVMOmAb6e+qfYKUaqtUu0x/2GVQ==
pass or not : true
[B@51684e4a
sign : MC0CFHUzQZ2B/vm34VgO4B525B+pWxLtAhUA3MylNj1tHkpVyZNEzjQVWHjsNCY=
pass or not : true
Tests run: 1, Failures: 0, Errors: 0, Skipped: 0, Time elapsed: 0.048 sec - in com.immomo.rhizobia.rhizobia_J.ECDSAUtilsTest
Running com.immomo.rhizobia.rhizobia_J.DB2SanitiserTest
without column: 
54985
SELECT NAME FROM users WHERE id = '1'' or ''1''=''1'' #'
SELECT NAME FROM users WHERE id = '1' or '1'='1' #'
SELECT NAME FROM users order by name
SELECT NAME FROM users order by name
SELECT NAME FROM users order by user_name
SELECT NAME FROM users order by user_name
SELECT NAME FROM users order by user-name
SELECT NAME FROM users order by user-name
SELECT NAME FROM users order by user$name
SELECT NAME FROM users order by user$name

with column sign: 
SELECT NAME FROM users order by name
SELECT NAME FROM users order by name
SELECT NAME FROM users order by user_name
SELECT NAME FROM users order by user_name
SELECT NAME FROM users order by user-name
SELECT NAME FROM users order by user-name
SELECT NAME FROM users order by user$name
SELECT NAME FROM users order by user$name
1%0A%0Dand%0A%0D1=1
Tests run: 1, Failures: 0, Errors: 0, Skipped: 0, Time elapsed: 0.009 sec - in com.immomo.rhizobia.rhizobia_J.DB2SanitiserTest
Running com.immomo.rhizobia.rhizobia_J.AESUtilsTest
[B@1fe8d51b
[B@781e7326
4487da90a25bf85acaa319b3fb3bf772
加密后的字串是：rF51hAxKxRjHGMtrOBbJtQ==
10000
Tests run: 4, Failures: 0, Errors: 0, Skipped: 0, Time elapsed: 0.064 sec - in com.immomo.rhizobia.rhizobia_J.AESUtilsTest
Running com.immomo.rhizobia.rhizobia_J.SSRFWhiteCheckerTest
***************************10***************************
2020-07-30 20:58:41 WARN  WhiteChecker:137 - java.net.URISyntaxException: Illegal character in authority at index 8: https://www.test.net\@www.trust2.com/fhf.html
***************************1***************************
***************************2***************************
2020-07-30 20:58:41 WARN  WhiteChecker:107 - 非http(s)协议
288943
***************************3***************************
2020-07-30 20:58:41 WARN  WhiteChecker:132 - url不在白名单内
3988605
***************************4***************************
2020-07-30 20:58:41 WARN  WhiteChecker:113 - 包含非法字符@
***************************5***************************
2020-07-30 20:58:41 WARN  WhiteChecker:132 - url不在白名单内
***************************6***************************
2020-07-30 20:58:41 WARN  WhiteChecker:137 - java.net.URISyntaxException: Illegal character in authority at index 7: http://www.baidu.com\trust1.com
***************************7***************************
***************************8***************************
2020-07-30 20:58:41 WARN  WhiteChecker:132 - url不在白名单内
***************************9***************************
2020-07-30 20:58:41 WARN  WhiteChecker:132 - url不在白名单内
Tests run: 10, Failures: 0, Errors: 0, Skipped: 0, Time elapsed: 0.031 sec - in com.immomo.rhizobia.rhizobia_J.SSRFWhiteCheckerTest

Results :

Tests run: 38, Failures: 0, Errors: 0, Skipped: 0

[INFO] 
[INFO] --- jacoco-maven-plugin:0.8.5:report (report) @ rhizobia_J ---
[INFO] Loading execution data file /tmp/tmpxu67errs/rhizobia_J/target/jacoco.exec
[INFO] Analyzed bundle 'rhizobia_J' with 123 classes
[INFO] ------------------------------------------------------------------------
[INFO] BUILD SUCCESS
[INFO] ------------------------------------------------------------------------
[INFO] Total time:  11.203 s
[INFO] Finished at: 2020-07-30T20:58:43Z
[INFO] ------------------------------------------------------------------------
