[INFO] Error stacktraces are turned on.
[INFO] Scanning for projects...
[INFO] Inspecting build with total of 1 modules...
[INFO] Installing Nexus Staging features:
[INFO]   ... total of 1 executions of maven-deploy-plugin replaced with nexus-staging-maven-plugin
[INFO] 
[INFO] -----------------< com.github.davidmoten:rxjava-jdbc >------------------
[INFO] Building rxjava-jdbc 0.7.18-SNAPSHOT
[INFO] --------------------------------[ jar ]---------------------------------
[INFO] 
[INFO] --- jacoco-maven-plugin:0.8.5:prepare-agent (default) @ rxjava-jdbc ---
[INFO] argLine set to -javaagent:/home/jdbl/.m2/repository/org/jacoco/org.jacoco.agent/0.8.5/org.jacoco.agent-0.8.5-runtime.jar=destfile=/tmp/tmpzy9suevw/rxjava-jdbc/target/jacoco.exec
[INFO] 
[INFO] --- maven-resources-plugin:2.6:resources (default-resources) @ rxjava-jdbc ---
[INFO] Using 'UTF-8' encoding to copy filtered resources.
[INFO] skip non existing resourceDirectory /tmp/tmpzy9suevw/rxjava-jdbc/src/main/resources
[INFO] 
[INFO] --- maven-compiler-plugin:3.5.1:compile (default-compile) @ rxjava-jdbc ---
[INFO] Changes detected - recompiling the module!
[INFO] Compiling 52 source files to /tmp/tmpzy9suevw/rxjava-jdbc/target/classes
[INFO] /tmp/tmpzy9suevw/rxjava-jdbc/src/main/java/com/github/davidmoten/rx/RxUtil.java: Some input files use or override a deprecated API.
[INFO] /tmp/tmpzy9suevw/rxjava-jdbc/src/main/java/com/github/davidmoten/rx/RxUtil.java: Recompile with -Xlint:deprecation for details.
[INFO] 
[INFO] --- maven-resources-plugin:2.6:testResources (default-testResources) @ rxjava-jdbc ---
[INFO] Using 'UTF-8' encoding to copy filtered resources.
[INFO] Copying 4 resources
[INFO] 
[INFO] --- maven-compiler-plugin:3.5.1:testCompile (default-testCompile) @ rxjava-jdbc ---
[INFO] Changes detected - recompiling the module!
[INFO] Compiling 27 source files to /tmp/tmpzy9suevw/rxjava-jdbc/target/test-classes
[INFO] /tmp/tmpzy9suevw/rxjava-jdbc/src/test/java/com/github/davidmoten/rx/RetryTest.java: /tmp/tmpzy9suevw/rxjava-jdbc/src/test/java/com/github/davidmoten/rx/RetryTest.java uses or overrides a deprecated API.
[INFO] /tmp/tmpzy9suevw/rxjava-jdbc/src/test/java/com/github/davidmoten/rx/RetryTest.java: Recompile with -Xlint:deprecation for details.
[INFO] /tmp/tmpzy9suevw/rxjava-jdbc/src/test/java/com/github/davidmoten/rx/jdbc/DatabaseTestBase.java: /tmp/tmpzy9suevw/rxjava-jdbc/src/test/java/com/github/davidmoten/rx/jdbc/DatabaseTestBase.java uses unchecked or unsafe operations.
[INFO] /tmp/tmpzy9suevw/rxjava-jdbc/src/test/java/com/github/davidmoten/rx/jdbc/DatabaseTestBase.java: Recompile with -Xlint:unchecked for details.
[INFO] 
[INFO] --- maven-surefire-plugin:2.19.1:test (default-test) @ rxjava-jdbc ---
[INFO] Surefire report directory: /tmp/tmpzy9suevw/rxjava-jdbc/target/surefire-reports

-------------------------------------------------------
 T E S T S
-------------------------------------------------------
Running com.github.davidmoten.rx.DynamicProxyTest
Tests run: 2, Failures: 0, Errors: 0, Skipped: 0, Time elapsed: 0.093 sec - in com.github.davidmoten.rx.DynamicProxyTest
Running com.github.davidmoten.rx.jdbc.ConnectionProviderAutoCommittingTest
Tests run: 1, Failures: 0, Errors: 0, Skipped: 0, Time elapsed: 0.137 sec - in com.github.davidmoten.rx.jdbc.ConnectionProviderAutoCommittingTest
Running com.github.davidmoten.rx.jdbc.DatabaseExampleTest
FRED has score 21
JOE has score 34
Tests run: 5, Failures: 0, Errors: 0, Skipped: 1, Time elapsed: 0.979 sec - in com.github.davidmoten.rx.jdbc.DatabaseExampleTest
Running com.github.davidmoten.rx.jdbc.QueriesTest
Tests run: 1, Failures: 0, Errors: 0, Skipped: 0, Time elapsed: 0.003 sec - in com.github.davidmoten.rx.jdbc.QueriesTest
Running com.github.davidmoten.rx.jdbc.UtilTest
Tests run: 60, Failures: 0, Errors: 0, Skipped: 0, Time elapsed: 0.344 sec - in com.github.davidmoten.rx.jdbc.UtilTest
Running com.github.davidmoten.rx.jdbc.TransactionOnNextOperatorTest
Tests run: 1, Failures: 0, Errors: 0, Skipped: 0, Time elapsed: 0.051 sec - in com.github.davidmoten.rx.jdbc.TransactionOnNextOperatorTest
Running com.github.davidmoten.rx.jdbc.NamedParametersTest
Tests run: 12, Failures: 0, Errors: 0, Skipped: 0, Time elapsed: 0.005 sec - in com.github.davidmoten.rx.jdbc.NamedParametersTest
Running com.github.davidmoten.rx.jdbc.DatabaseSyncTest
2020-07-30 22:51:08.946 [RxComputationScheduler-2] INFO  com.github.davidmoten.rx.RxUtil - 0
2020-07-30 22:51:08.948 [RxComputationScheduler-2] INFO  com.github.davidmoten.rx.RxUtil - 21
[FRED, JOSEPH, MARMADUKE]
2020-07-30 22:51:09.062 [main] INFO  com.zaxxer.hikari.HikariDataSource - HikariCP pool HikariPool-0 is starting.
2020-07-30 22:51:09.388 [main] INFO  com.github.davidmoten.rx.RxUtil - 21
2020-07-30 22:51:09.389 [main] INFO  com.github.davidmoten.rx.RxUtil - 34
2020-07-30 22:51:09.510 [main] INFO  com.github.davidmoten.rx.RxUtil - rx.internal.util.ScalarSynchronousObservable@28b36817
2020-07-30 22:51:09.511 [main] INFO  com.github.davidmoten.rx.RxUtil - rx.internal.util.ScalarSynchronousObservable@28b36817
2020-07-30 22:51:09.514 [main] INFO  com.github.davidmoten.rx.RxUtil - rx.Observable@6645c1f
2020-07-30 22:51:09.516 [main] INFO  com.github.davidmoten.rx.RxUtil - rx.internal.util.ScalarSynchronousObservable@1ef4179
2020-07-30 22:51:09.517 [main] INFO  com.github.davidmoten.rx.RxUtil - rx.internal.util.ScalarSynchronousObservable@1ef4179
2020-07-30 22:51:09.517 [main] INFO  com.github.davidmoten.rx.RxUtil - rx.Observable@322f6283
2020-07-30 22:51:09.522 [main] INFO  com.github.davidmoten.rx.jdbc.DatabaseTestBase - committed 1
2020-07-30 22:51:09.522 [main] INFO  com.github.davidmoten.rx.jdbc.DatabaseTestBase - gets ok
2020-07-30 22:51:09.522 [main] INFO  com.github.davidmoten.rx.jdbc.DatabaseTestBase - closes ok
2020-07-30 22:51:09.557 [main] INFO  com.github.davidmoten.rx.RxUtil - 1
2020-07-30 22:51:09.558 [main] INFO  com.github.davidmoten.rx.RxUtil - 2
2020-07-30 22:51:09.559 [main] INFO  com.github.davidmoten.rx.RxUtil - 3
Syntax error in SQL statement "ZZZ[*] "; SQL statement:
zzz [42000-192]
Syntax error in SQL statement "ZZZ[*] "; SQL statement:
zzz [42000-192]
2020-07-30 22:51:09.684 [RxComputationScheduler-3] INFO  com.github.davidmoten.rx.RxUtil - 0
2020-07-30 22:51:09.698 [RxComputationScheduler-3] INFO  com.github.davidmoten.rx.RxUtil - 21
2020-07-30 22:51:09.708 [main] INFO  com.zaxxer.hikari.HikariDataSource - HikariCP pool HikariPool-1 is starting.
2020-07-30 22:51:09.724 [main] INFO  com.zaxxer.hikari.pool.HikariPool - HikariCP pool HikariPool-1 is shutting down.
2020-07-30 22:51:09.756 [main] INFO  com.github.davidmoten.rx.jdbc.DatabaseTestBase - committed 1
2020-07-30 22:51:09.756 [main] INFO  com.github.davidmoten.rx.jdbc.DatabaseTestBase - gets ok
2020-07-30 22:51:09.757 [main] INFO  com.github.davidmoten.rx.jdbc.DatabaseTestBase - closes ok
2020-07-30 22:51:09.759 [main] INFO  com.github.davidmoten.rx.RxUtil - rx.Observable@37b04a2a
2020-07-30 22:51:09.759 [main] INFO  com.github.davidmoten.rx.RxUtil - rx.Observable@37b04a2a
2020-07-30 22:51:09.759 [main] INFO  com.github.davidmoten.rx.RxUtil - rx.Observable@3b910a4b
2020-07-30 22:51:09.761 [main] INFO  com.github.davidmoten.rx.RxUtil - rx.Observable@582ce329
2020-07-30 22:51:09.761 [main] INFO  com.github.davidmoten.rx.RxUtil - rx.Observable@582ce329
2020-07-30 22:51:09.761 [main] INFO  com.github.davidmoten.rx.RxUtil - rx.Observable@6df8131c
2020-07-30 22:51:09.802 [main] INFO  com.github.davidmoten.rx.RxUtil - 99
2020-07-30 22:51:09.803 [main] INFO  com.github.davidmoten.rx.RxUtil - 88
threads=[main]
2020-07-30 22:51:09.866 [main] INFO  com.zaxxer.hikari.HikariDataSource - HikariCP pool HikariPool-2 is starting.
[MARMADUKE, JOSEPH, MARMADUKE, JOSEPH, MARMADUKE, MARMADUKE, MARMADUKE, JOSEPH, MARMADUKE, JOSEPH, MARMADUKE, MARMADUKE]
2020-07-30 22:51:09.920 [main] INFO  com.github.davidmoten.rx.RxUtil - 99
2020-07-30 22:51:09.921 [main] INFO  com.github.davidmoten.rx.RxUtil - 88
2020-07-30 22:51:09.975 [main] INFO  com.github.davidmoten.rx.RxUtil - 3
Column "NAMEZ" not found; SQL statement:
select namez from person where name=? [42122-192]
Column "NAMEZ" not found; SQL statement:
select namez from person where name=? [42122-192]
Tests run: 115, Failures: 0, Errors: 0, Skipped: 0, Time elapsed: 1.541 sec - in com.github.davidmoten.rx.jdbc.DatabaseSyncTest
Running com.github.davidmoten.rx.jdbc.tuple.TuplesTest
Tests run: 1, Failures: 0, Errors: 0, Skipped: 0, Time elapsed: 0 sec - in com.github.davidmoten.rx.jdbc.tuple.TuplesTest
Running com.github.davidmoten.rx.jdbc.ExceptionsTest
FRED
Tests run: 2, Failures: 0, Errors: 0, Skipped: 0, Time elapsed: 0.004 sec - in com.github.davidmoten.rx.jdbc.ExceptionsTest
Running com.github.davidmoten.rx.jdbc.ConnectionProviderFromUrlTest
Tests run: 1, Failures: 0, Errors: 0, Skipped: 0, Time elapsed: 0 sec - in com.github.davidmoten.rx.jdbc.ConnectionProviderFromUrlTest
Running com.github.davidmoten.rx.jdbc.BatchingTest
Tests run: 4, Failures: 0, Errors: 0, Skipped: 0, Time elapsed: 0.095 sec - in com.github.davidmoten.rx.jdbc.BatchingTest
Running com.github.davidmoten.rx.jdbc.DatabaseViaDataSourceTest
2020-07-30 22:51:10.374 [RxComputationScheduler-5] INFO  com.github.davidmoten.rx.RxUtil - 0
2020-07-30 22:51:10.379 [RxComputationScheduler-5] INFO  com.github.davidmoten.rx.RxUtil - 21
[FRED, JOSEPH, MARMADUKE]
2020-07-30 22:51:10.401 [main] INFO  com.zaxxer.hikari.HikariDataSource - HikariCP pool HikariPool-3 is starting.
2020-07-30 22:51:10.468 [main] INFO  com.github.davidmoten.rx.RxUtil - 21
2020-07-30 22:51:10.469 [main] INFO  com.github.davidmoten.rx.RxUtil - 34
2020-07-30 22:51:10.515 [main] INFO  com.github.davidmoten.rx.RxUtil - rx.internal.util.ScalarSynchronousObservable@5034e0c6
2020-07-30 22:51:10.515 [main] INFO  com.github.davidmoten.rx.RxUtil - rx.internal.util.ScalarSynchronousObservable@5034e0c6
2020-07-30 22:51:10.516 [main] INFO  com.github.davidmoten.rx.RxUtil - rx.Observable@b88d294
2020-07-30 22:51:10.516 [main] INFO  com.github.davidmoten.rx.RxUtil - rx.internal.util.ScalarSynchronousObservable@71bbbb9f
2020-07-30 22:51:10.517 [main] INFO  com.github.davidmoten.rx.RxUtil - rx.internal.util.ScalarSynchronousObservable@71bbbb9f
2020-07-30 22:51:10.517 [main] INFO  com.github.davidmoten.rx.RxUtil - rx.Observable@6fe47be
2020-07-30 22:51:10.520 [main] INFO  com.github.davidmoten.rx.jdbc.DatabaseTestBase - committed 1
2020-07-30 22:51:10.520 [main] INFO  com.github.davidmoten.rx.jdbc.DatabaseTestBase - gets ok
2020-07-30 22:51:10.520 [main] INFO  com.github.davidmoten.rx.jdbc.DatabaseTestBase - closes ok
2020-07-30 22:51:10.531 [main] INFO  com.github.davidmoten.rx.RxUtil - 1
2020-07-30 22:51:10.532 [main] INFO  com.github.davidmoten.rx.RxUtil - 2
2020-07-30 22:51:10.533 [main] INFO  com.github.davidmoten.rx.RxUtil - 3
Syntax error in SQL statement "ZZZ[*] "; SQL statement:
zzz [42000-192]
Syntax error in SQL statement "ZZZ[*] "; SQL statement:
zzz [42000-192]
2020-07-30 22:51:10.656 [RxComputationScheduler-6] INFO  com.github.davidmoten.rx.RxUtil - 0
2020-07-30 22:51:10.661 [RxComputationScheduler-6] INFO  com.github.davidmoten.rx.RxUtil - 21
2020-07-30 22:51:10.676 [main] INFO  com.zaxxer.hikari.HikariDataSource - HikariCP pool HikariPool-4 is starting.
2020-07-30 22:51:10.698 [main] INFO  com.zaxxer.hikari.pool.HikariPool - HikariCP pool HikariPool-4 is shutting down.
2020-07-30 22:51:10.718 [main] INFO  com.github.davidmoten.rx.jdbc.DatabaseTestBase - committed 1
2020-07-30 22:51:10.723 [main] INFO  com.github.davidmoten.rx.jdbc.DatabaseTestBase - gets ok
2020-07-30 22:51:10.723 [main] INFO  com.github.davidmoten.rx.jdbc.DatabaseTestBase - closes ok
2020-07-30 22:51:10.725 [main] INFO  com.github.davidmoten.rx.RxUtil - rx.Observable@473ee461
2020-07-30 22:51:10.733 [main] INFO  com.github.davidmoten.rx.RxUtil - rx.Observable@473ee461
2020-07-30 22:51:10.733 [main] INFO  com.github.davidmoten.rx.RxUtil - rx.Observable@47620803
2020-07-30 22:51:10.735 [main] INFO  com.github.davidmoten.rx.RxUtil - rx.Observable@40a0364a
2020-07-30 22:51:10.743 [main] INFO  com.github.davidmoten.rx.RxUtil - rx.Observable@40a0364a
2020-07-30 22:51:10.743 [main] INFO  com.github.davidmoten.rx.RxUtil - rx.Observable@708ddfd3
2020-07-30 22:51:10.779 [main] INFO  com.github.davidmoten.rx.RxUtil - 99
2020-07-30 22:51:10.780 [main] INFO  com.github.davidmoten.rx.RxUtil - 88
threads=[main]
2020-07-30 22:51:10.814 [main] INFO  com.zaxxer.hikari.HikariDataSource - HikariCP pool HikariPool-5 is starting.
[MARMADUKE, JOSEPH, MARMADUKE, JOSEPH, MARMADUKE, MARMADUKE, MARMADUKE, JOSEPH, MARMADUKE, JOSEPH, MARMADUKE, MARMADUKE]
2020-07-30 22:51:11.007 [main] INFO  com.github.davidmoten.rx.RxUtil - 99
2020-07-30 22:51:11.009 [main] INFO  com.github.davidmoten.rx.RxUtil - 88
2020-07-30 22:51:11.062 [main] INFO  com.github.davidmoten.rx.RxUtil - 3
Column "NAMEZ" not found; SQL statement:
select namez from person where name=? [42122-192]
Column "NAMEZ" not found; SQL statement:
select namez from person where name=? [42122-192]
Tests run: 115, Failures: 0, Errors: 0, Skipped: 0, Time elapsed: 0.979 sec - in com.github.davidmoten.rx.jdbc.DatabaseViaDataSourceTest
Running com.github.davidmoten.rx.jdbc.ConditionsTest
Tests run: 7, Failures: 0, Errors: 0, Skipped: 0, Time elapsed: 0 sec - in com.github.davidmoten.rx.jdbc.ConditionsTest
Running com.github.davidmoten.rx.jdbc.DatabaseAsyncTest
2020-07-30 22:51:11.547 [RxComputationScheduler-9] INFO  com.github.davidmoten.rx.RxUtil - 0
2020-07-30 22:51:11.549 [RxIoScheduler-3] INFO  com.github.davidmoten.rx.RxUtil - 21
[FRED, JOSEPH, MARMADUKE]
2020-07-30 22:51:11.589 [main] INFO  com.zaxxer.hikari.HikariDataSource - HikariCP pool HikariPool-6 is starting.
2020-07-30 22:51:11.797 [RxIoScheduler-2] INFO  com.github.davidmoten.rx.RxUtil - 21
2020-07-30 22:51:11.799 [RxIoScheduler-4] INFO  com.github.davidmoten.rx.RxUtil - 34
2020-07-30 22:51:11.940 [main] INFO  com.github.davidmoten.rx.RxUtil - rx.internal.util.ScalarSynchronousObservable@531bffd
2020-07-30 22:51:11.941 [main] INFO  com.github.davidmoten.rx.RxUtil - rx.internal.util.ScalarSynchronousObservable@531bffd
2020-07-30 22:51:11.941 [main] INFO  com.github.davidmoten.rx.RxUtil - rx.Observable@31c87223
2020-07-30 22:51:11.943 [main] INFO  com.github.davidmoten.rx.RxUtil - rx.internal.util.ScalarSynchronousObservable@365ad794
2020-07-30 22:51:11.948 [main] INFO  com.github.davidmoten.rx.RxUtil - rx.internal.util.ScalarSynchronousObservable@365ad794
2020-07-30 22:51:11.949 [main] INFO  com.github.davidmoten.rx.RxUtil - rx.Observable@4471f216
2020-07-30 22:51:11.964 [main] INFO  com.github.davidmoten.rx.jdbc.DatabaseTestBase - committed 1
2020-07-30 22:51:11.967 [main] INFO  com.github.davidmoten.rx.jdbc.DatabaseTestBase - gets ok
2020-07-30 22:51:11.967 [main] INFO  com.github.davidmoten.rx.jdbc.DatabaseTestBase - closes ok
2020-07-30 22:51:12.006 [main] INFO  com.github.davidmoten.rx.RxUtil - 1
2020-07-30 22:51:12.007 [main] INFO  com.github.davidmoten.rx.RxUtil - 2
2020-07-30 22:51:12.007 [main] INFO  com.github.davidmoten.rx.RxUtil - 3
Syntax error in SQL statement "ZZZ[*] "; SQL statement:
zzz [42000-192]
Syntax error in SQL statement "ZZZ[*] "; SQL statement:
zzz [42000-192]
2020-07-30 22:51:12.143 [RxComputationScheduler-10] INFO  com.github.davidmoten.rx.RxUtil - 0
2020-07-30 22:51:12.144 [RxIoScheduler-3] INFO  com.github.davidmoten.rx.RxUtil - 21
2020-07-30 22:51:12.148 [main] INFO  com.zaxxer.hikari.HikariDataSource - HikariCP pool HikariPool-7 is starting.
2020-07-30 22:51:12.171 [main] INFO  com.zaxxer.hikari.pool.HikariPool - HikariCP pool HikariPool-7 is shutting down.
2020-07-30 22:51:12.180 [main] INFO  com.github.davidmoten.rx.jdbc.DatabaseTestBase - committed 1
2020-07-30 22:51:12.180 [main] INFO  com.github.davidmoten.rx.jdbc.DatabaseTestBase - gets ok
2020-07-30 22:51:12.180 [main] INFO  com.github.davidmoten.rx.jdbc.DatabaseTestBase - closes ok
2020-07-30 22:51:12.181 [main] INFO  com.github.davidmoten.rx.RxUtil - rx.Observable@7244d87
2020-07-30 22:51:12.182 [main] INFO  com.github.davidmoten.rx.RxUtil - rx.Observable@7244d87
2020-07-30 22:51:12.183 [main] INFO  com.github.davidmoten.rx.RxUtil - rx.Observable@210c4071
2020-07-30 22:51:12.184 [main] INFO  com.github.davidmoten.rx.RxUtil - rx.Observable@472d201
2020-07-30 22:51:12.184 [main] INFO  com.github.davidmoten.rx.RxUtil - rx.Observable@472d201
2020-07-30 22:51:12.184 [main] INFO  com.github.davidmoten.rx.RxUtil - rx.Observable@473e0536
2020-07-30 22:51:12.210 [main] INFO  com.github.davidmoten.rx.RxUtil - 99
2020-07-30 22:51:12.211 [main] INFO  com.github.davidmoten.rx.RxUtil - 88
threads=[main]
2020-07-30 22:51:12.245 [main] INFO  com.zaxxer.hikari.HikariDataSource - HikariCP pool HikariPool-8 is starting.
[MARMADUKE, JOSEPH, MARMADUKE, JOSEPH, MARMADUKE, MARMADUKE, MARMADUKE, JOSEPH, MARMADUKE, JOSEPH, MARMADUKE, MARMADUKE]
2020-07-30 22:51:12.322 [main] INFO  com.github.davidmoten.rx.RxUtil - 99
2020-07-30 22:51:12.323 [main] INFO  com.github.davidmoten.rx.RxUtil - 88
2020-07-30 22:51:12.352 [RxIoScheduler-3] INFO  com.github.davidmoten.rx.RxUtil - 3
Column "NAMEZ" not found; SQL statement:
select namez from person where name=? [42122-192]
Column "NAMEZ" not found; SQL statement:
select namez from person where name=? [42122-192]
Tests run: 116, Failures: 0, Errors: 0, Skipped: 0, Time elapsed: 1.276 sec - in com.github.davidmoten.rx.jdbc.DatabaseAsyncTest
Running com.github.davidmoten.rx.jdbc.ColumnNotFoundTest
Tests run: 1, Failures: 0, Errors: 0, Skipped: 0, Time elapsed: 0 sec - in com.github.davidmoten.rx.jdbc.ColumnNotFoundTest
Running com.github.davidmoten.rx.jdbc.FetchSizeTest
Tests run: 4, Failures: 0, Errors: 0, Skipped: 0, Time elapsed: 0.018 sec - in com.github.davidmoten.rx.jdbc.FetchSizeTest
Running com.github.davidmoten.rx.jdbc.ConnectionDemoTest
Tests run: 1, Failures: 0, Errors: 0, Skipped: 0, Time elapsed: 0.001 sec - in com.github.davidmoten.rx.jdbc.ConnectionDemoTest
Running com.github.davidmoten.rx.jdbc.DatabaseDerbyTest
Tests run: 1, Failures: 0, Errors: 0, Skipped: 1, Time elapsed: 0 sec - in com.github.davidmoten.rx.jdbc.DatabaseDerbyTest
Running com.github.davidmoten.rx.jdbc.DatabaseMasterDetailTest
MasterAndDetails [id=1, name=FRED, details=[Detail [id=10, description=a good fellow], Detail [id=11, description=rides his bike]]]
MasterAndDetails [id=2, name=JOHN, details=[Detail [id=20, description=a bit of a bore], Detail [id=21, description=is a good cook]]]
Tests run: 2, Failures: 0, Errors: 0, Skipped: 0, Time elapsed: 0.005 sec - in com.github.davidmoten.rx.jdbc.DatabaseMasterDetailTest
Running com.github.davidmoten.rx.jdbc.ConnectionNonClosingTest
Tests run: 1, Failures: 0, Errors: 0, Skipped: 0, Time elapsed: 0.016 sec - in com.github.davidmoten.rx.jdbc.ConnectionNonClosingTest
Running com.github.davidmoten.rx.RetryTest
Tests run: 1, Failures: 0, Errors: 0, Skipped: 0, Time elapsed: 0.007 sec - in com.github.davidmoten.rx.RetryTest

Results :

Tests run: 454, Failures: 0, Errors: 0, Skipped: 2

[INFO] 
[INFO] --- jacoco-maven-plugin:0.8.5:report (report) @ rxjava-jdbc ---
[INFO] Loading execution data file /tmp/tmpzy9suevw/rxjava-jdbc/target/jacoco.exec
[INFO] Analyzed bundle 'rxjava-jdbc' with 106 classes
[INFO] ------------------------------------------------------------------------
[INFO] BUILD SUCCESS
[INFO] ------------------------------------------------------------------------
[INFO] Total time:  34.533 s
[INFO] Finished at: 2020-07-30T22:51:14Z
[INFO] ------------------------------------------------------------------------
