[INFO] Error stacktraces are turned on.
[INFO] Scanning for projects...
[INFO] 
[INFO] -------------------< ch.qos.logback:logback-decoder >-------------------
[INFO] Building logback-decoder 0.1.0-SNAPSHOT
[INFO] --------------------------------[ jar ]---------------------------------
[INFO] 
[INFO] --- maven-enforcer-plugin:1.0:enforce (enforce-maven) @ logback-decoder ---
[INFO] 
[INFO] --- jacoco-maven-plugin:0.8.5:prepare-agent (default) @ logback-decoder ---
[INFO] argLine set to -javaagent:/home/jdbl/.m2/repository/org/jacoco/org.jacoco.agent/0.8.5/org.jacoco.agent-0.8.5-runtime.jar=destfile=/tmp/tmpjx6_lg02/logback-decoder/target/jacoco.exec
[INFO] 
[INFO] --- maven-resources-plugin:2.6:resources (default-resources) @ logback-decoder ---
[INFO] Using 'UTF-8' encoding to copy filtered resources.
[INFO] Copying 1 resource
[INFO] 
[INFO] --- maven-compiler-plugin:2.5.1:compile (default-compile) @ logback-decoder ---
[INFO] Compiling 56 source files to /tmp/tmpjx6_lg02/logback-decoder/target/classes
[INFO] 
[INFO] --- maven-resources-plugin:2.6:testResources (default-testResources) @ logback-decoder ---
[INFO] Using 'UTF-8' encoding to copy filtered resources.
[INFO] skip non existing resourceDirectory /tmp/tmpjx6_lg02/logback-decoder/src/test/resources
[INFO] 
[INFO] --- maven-compiler-plugin:2.5.1:testCompile (default-testCompile) @ logback-decoder ---
[INFO] Compiling 15 source files to /tmp/tmpjx6_lg02/logback-decoder/target/test-classes
[INFO] 
[INFO] --- maven-surefire-plugin:2.19.1:test (default-test) @ logback-decoder ---
[INFO] Surefire report directory: /tmp/tmpjx6_lg02/logback-decoder/target/surefire-reports

-------------------------------------------------------
 T E S T S
-------------------------------------------------------
Running ch.qos.logback.decoder.ThreadNameDecoderTest
Tests run: 4, Failures: 0, Errors: 0, Skipped: 0, Time elapsed: 0.959 sec - in ch.qos.logback.decoder.ThreadNameDecoderTest
Running ch.qos.logback.decoder.ContextNameDecoderTest
Tests run: 4, Failures: 0, Errors: 0, Skipped: 0, Time elapsed: 0.009 sec - in ch.qos.logback.decoder.ContextNameDecoderTest
Running ch.qos.logback.decoder.LineOfCallerDecoderTest
Tests run: 4, Failures: 0, Errors: 0, Skipped: 0, Time elapsed: 0.027 sec - in ch.qos.logback.decoder.LineOfCallerDecoderTest
Running ch.qos.logback.decoder.MessageDecoderTest
Tests run: 2, Failures: 0, Errors: 0, Skipped: 0, Time elapsed: 0.019 sec - in ch.qos.logback.decoder.MessageDecoderTest
Running ch.qos.logback.decoder.ClassOfCallerDecoderTest
Tests run: 8, Failures: 0, Errors: 0, Skipped: 0, Time elapsed: 0.047 sec - in ch.qos.logback.decoder.ClassOfCallerDecoderTest
Running ch.qos.logback.decoder.MethodOfCallerDecoderTest
Tests run: 7, Failures: 0, Errors: 0, Skipped: 0, Time elapsed: 0.032 sec - in ch.qos.logback.decoder.MethodOfCallerDecoderTest
Running ch.qos.logback.decoder.LevelDecoderTest
Tests run: 2, Failures: 0, Errors: 0, Skipped: 1, Time elapsed: 0.002 sec - in ch.qos.logback.decoder.LevelDecoderTest
Running ch.qos.logback.decoder.regex.RegexPatternsTest
Tests run: 39, Failures: 0, Errors: 0, Skipped: 1, Time elapsed: 0.032 sec - in ch.qos.logback.decoder.regex.RegexPatternsTest
Running ch.qos.logback.decoder.regex.PatternLayoutRegexUtilTest
Tests run: 19, Failures: 0, Errors: 0, Skipped: 0, Time elapsed: 0.015 sec - in ch.qos.logback.decoder.regex.PatternLayoutRegexUtilTest
Running ch.qos.logback.decoder.DateDecoderTest
Tests run: 7, Failures: 0, Errors: 0, Skipped: 0, Time elapsed: 0.007 sec - in ch.qos.logback.decoder.DateDecoderTest
Running ch.qos.logback.decoder.CallerStackTraceDecoderTest
Tests run: 2, Failures: 0, Errors: 0, Skipped: 0, Time elapsed: 0.005 sec - in ch.qos.logback.decoder.CallerStackTraceDecoderTest
Running ch.qos.logback.decoder.LoggerNameDecoderTest
Tests run: 3, Failures: 0, Errors: 0, Skipped: 0, Time elapsed: 0.004 sec - in ch.qos.logback.decoder.LoggerNameDecoderTest
Running ch.qos.logback.core.pattern.parser2.PatternParserTest
Tests run: 24, Failures: 0, Errors: 0, Skipped: 0, Time elapsed: 0.021 sec - in ch.qos.logback.core.pattern.parser2.PatternParserTest

Results :

Tests run: 125, Failures: 0, Errors: 0, Skipped: 2

[INFO] 
[INFO] --- jacoco-maven-plugin:0.8.5:report (report) @ logback-decoder ---
[INFO] Loading execution data file /tmp/tmpjx6_lg02/logback-decoder/target/jacoco.exec
[INFO] Analyzed bundle 'logback-decoder' with 82 classes
[INFO] ------------------------------------------------------------------------
[INFO] BUILD SUCCESS
[INFO] ------------------------------------------------------------------------
[INFO] Total time:  12.683 s
[INFO] Finished at: 2020-07-30T22:30:24Z
[INFO] ------------------------------------------------------------------------
