[INFO] Error stacktraces are turned on.
[INFO] Scanning for projects...
[INFO] 
[INFO] --------------------< org.reflections:reflections >---------------------
[INFO] Building Reflections 0.9.9
[INFO] --------------------------------[ jar ]---------------------------------
[INFO] 
[INFO] --- maven-resources-plugin:2.6:resources (default-resources) @ reflections ---
[WARNING] Using platform encoding (UTF-8 actually) to copy filtered resources, i.e. build is platform dependent!
[INFO] skip non existing resourceDirectory /tmp/tmph0uzj0if/reflections/src/main/resources
[INFO] 
[INFO] --- maven-compiler-plugin:3.1:compile (default-compile) @ reflections ---
[INFO] Changes detected - recompiling the module!
[WARNING] File encoding has not been set, using platform encoding UTF-8, i.e. build is platform dependent!
[INFO] Compiling 37 source files to /tmp/tmph0uzj0if/reflections/target/classes
[WARNING] /tmp/tmph0uzj0if/reflections/src/main/java/org/reflections/util/ClasspathHelper.java: /tmp/tmph0uzj0if/reflections/src/main/java/org/reflections/util/ClasspathHelper.java uses or overrides a deprecated API.
[WARNING] /tmp/tmph0uzj0if/reflections/src/main/java/org/reflections/util/ClasspathHelper.java: Recompile with -Xlint:deprecation for details.
[WARNING] /tmp/tmph0uzj0if/reflections/src/main/java/org/reflections/Reflections.java: Some input files use unchecked or unsafe operations.
[WARNING] /tmp/tmph0uzj0if/reflections/src/main/java/org/reflections/Reflections.java: Recompile with -Xlint:unchecked for details.
[INFO] 
[INFO] --- maven-resources-plugin:2.6:testResources (default-testResources) @ reflections ---
[WARNING] Using platform encoding (UTF-8 actually) to copy filtered resources, i.e. build is platform dependent!
[INFO] Copying 4 resources
[INFO] 
[INFO] --- maven-compiler-plugin:3.1:testCompile (default-testCompile) @ reflections ---
[INFO] Changes detected - recompiling the module!
[WARNING] File encoding has not been set, using platform encoding UTF-8, i.e. build is platform dependent!
[INFO] Compiling 9 source files to /tmp/tmph0uzj0if/reflections/target/test-classes
[WARNING] /tmp/tmph0uzj0if/reflections/src/test/java/org/reflections/VfsTest.java: /tmp/tmph0uzj0if/reflections/src/test/java/org/reflections/VfsTest.java uses or overrides a deprecated API.
[WARNING] /tmp/tmph0uzj0if/reflections/src/test/java/org/reflections/VfsTest.java: Recompile with -Xlint:deprecation for details.
[INFO] 
[INFO] --- maven-surefire-plugin:2.12.4:test (default-test) @ reflections ---
[INFO] Surefire report directory: /tmp/tmph0uzj0if/reflections/target/surefire-reports

-------------------------------------------------------
 T E S T S
-------------------------------------------------------
Running org.reflections.ReflectionsParallelTest
194 [main] INFO org.reflections.Reflections - Reflections took 155 ms to scan 1 urls, producing 50 keys and 152 values [using 36 cores]
282 [main] INFO org.reflections.Reflections - Reflections took 9 ms to scan 1 urls, producing 2 keys and 2 values 
302 [main] INFO org.reflections.Reflections - Reflections took 16 ms to scan 1 urls, producing 15 keys and 37 values 
Tests run: 11, Failures: 0, Errors: 0, Skipped: 0, Time elapsed: 0.35 sec
Running org.reflections.VfsTest
testVfsDir(jar:file:/usr/local/openjdk-8/jre/lib/ext/sunpkcs11.jar!/)
testVfsDir(file:/tmp/tmph0uzj0if/reflections/target/test-classes/dir+with%20spaces)
testVfsDir(file:/usr/local/openjdk-8/jre/lib/ext/sunpkcs11.jar)
testVfsDir(file:/tmp/tmph0uzj0if/reflections/)
Tests run: 9, Failures: 0, Errors: 0, Skipped: 1, Time elapsed: 0.166 sec
Running org.reflections.ReflectionUtilsTest
512 [main] INFO org.reflections.Reflections - Reflections took 18 ms to scan 1 urls, producing 1 keys and 2 values 
Tests run: 4, Failures: 0, Errors: 0, Skipped: 0, Time elapsed: 0.029 sec
Running org.reflections.ReflectionsTest
526 [main] INFO org.reflections.Reflections - Reflections took 12 ms to scan 1 urls, producing 50 keys and 152 values 
546 [main] INFO org.reflections.Reflections - Reflections took 1 ms to scan 1 urls, producing 2 keys and 2 values 
551 [main] INFO org.reflections.Reflections - Reflections took 4 ms to scan 1 urls, producing 15 keys and 37 values 
Tests run: 11, Failures: 0, Errors: 0, Skipped: 0, Time elapsed: 0.038 sec
Running org.reflections.ReflectionsCollectTest
568 [main] INFO org.reflections.Reflections - Reflections took 16 ms to scan 1 urls, producing 37 keys and 100 values 
595 [main] INFO org.reflections.Reflections - Reflections successfully saved in /tmp/tmph0uzj0if/reflections/target/test-classes/META-INF/reflections/testModel-reflections.xml using XmlSerializer
599 [main] INFO org.reflections.Reflections - Reflections took 4 ms to scan 1 urls, producing 12 keys and 50 values 
660 [main] INFO org.reflections.Reflections - Reflections successfully saved in /tmp/tmph0uzj0if/reflections/target/test-classes/META-INF/reflections/testModel-reflections.json using JsonSerializer
702 [main] INFO org.reflections.Reflections - Reflections took 41 ms to collect 1 url, producing 38 keys and 102 values [file:/tmp/tmph0uzj0if/reflections/target/test-classes/]
717 [main] INFO org.reflections.Reflections - Reflections took 15 ms to collect 1 url, producing 12 keys and 50 values [file:/tmp/tmph0uzj0if/reflections/target/test-classes/]
721 [main] INFO org.reflections.Reflections - Reflections took 3 ms to scan 1 urls, producing 4 keys and 4 values 
732 [main] INFO org.reflections.Reflections - Reflections took 4 ms to scan 1 urls, producing 15 keys and 37 values 
Tests run: 11, Failures: 0, Errors: 0, Skipped: 0, Time elapsed: 0.18 sec
Running org.reflections.JavaCodeSerializerTest
737 [main] INFO org.reflections.Reflections - Reflections took 4 ms to scan 1 urls, producing 22 keys and 73 values 
744 [main] INFO org.reflections.Reflections - Reflections successfully saved in /tmp/tmph0uzj0if/reflections/src/test/java/org/reflections/MyTestModelStore.java using JavaCodeSerializer
Tests run: 1, Failures: 0, Errors: 0, Skipped: 0, Time elapsed: 0.015 sec
Running org.reflections.FilterBuilderTest
Tests run: 16, Failures: 0, Errors: 0, Skipped: 0, Time elapsed: 0.011 sec

Results :

Tests run: 63, Failures: 0, Errors: 0, Skipped: 1

[INFO] 
[INFO] --- maven-jar-plugin:2.4:jar (default-jar) @ reflections ---
[INFO] Building jar: /tmp/tmph0uzj0if/reflections/target/reflections-0.9.9.jar
[INFO] 
[INFO] --- maven-assembly-plugin:3.2.0:single (default) @ reflections ---
[INFO] Building jar: /tmp/tmph0uzj0if/reflections/target/reflections-0.9.9-jar-with-dependencies.jar
[INFO] ------------------------------------------------------------------------
[INFO] BUILD SUCCESS
[INFO] ------------------------------------------------------------------------
[INFO] Total time:  18.480 s
[INFO] Finished at: 2020-07-30T15:11:55Z
[INFO] ------------------------------------------------------------------------
