[INFO] Error stacktraces are turned on.
[INFO] Scanning for projects...
[INFO] 
[INFO] ----------------------------< com.graph:db >----------------------------
[INFO] Building graph 1.0-SNAPSHOT
[INFO] --------------------------------[ jar ]---------------------------------
[INFO] 
[INFO] --- jacoco-maven-plugin:0.8.5:prepare-agent (default) @ db ---
[INFO] argLine set to -javaagent:/home/jdbl/.m2/repository/org/jacoco/org.jacoco.agent/0.8.5/org.jacoco.agent-0.8.5-runtime.jar=destfile=/tmp/tmpk7_cm164/pheno4j/target/jacoco.exec
[INFO] 
[INFO] --- maven-resources-plugin:2.6:resources (default-resources) @ db ---
[INFO] Using 'UTF-8' encoding to copy filtered resources.
[INFO] Copying 2 resources
[INFO] 
[INFO] --- maven-compiler-plugin:3.6.1:compile (default-compile) @ db ---
[INFO] Changes detected - recompiling the module!
[INFO] Compiling 66 source files to /tmp/tmpk7_cm164/pheno4j/target/classes
[INFO] /tmp/tmpk7_cm164/pheno4j/src/main/java/com/graph/db/util/FileUtil.java: /tmp/tmpk7_cm164/pheno4j/src/main/java/com/graph/db/util/FileUtil.java uses or overrides a deprecated API.
[INFO] /tmp/tmpk7_cm164/pheno4j/src/main/java/com/graph/db/util/FileUtil.java: Recompile with -Xlint:deprecation for details.
[INFO] 
[INFO] --- maven-resources-plugin:2.6:testResources (default-testResources) @ db ---
[INFO] Using 'UTF-8' encoding to copy filtered resources.
[INFO] Copying 10 resources
[INFO] 
[INFO] --- maven-compiler-plugin:3.6.1:testCompile (default-testCompile) @ db ---
[INFO] Changes detected - recompiling the module!
[INFO] Compiling 13 source files to /tmp/tmpk7_cm164/pheno4j/target/test-classes
[INFO] 
[INFO] --- maven-surefire-plugin:2.19.1:test (default-test) @ db ---
[INFO] Surefire report directory: /tmp/tmpk7_cm164/pheno4j/target/surefire-reports

-------------------------------------------------------
 T E S T S
-------------------------------------------------------
Running com.graph.db.file.gene.GeneParserTest
22:37:16.000 [main] WARN  org.dozer.config.GlobalSettings - Dozer configuration file not found: dozer.properties.  Using defaults for all Dozer global properties.
22:37:16.359 [main] INFO  com.graph.db.util.FileUtil - Processed 0 lines
22:37:16.360 [main] INFO  com.graph.db.util.FileUtil - Processed 0 lines
22:37:16.372 [main] INFO  com.graph.db.util.FileUtil - Processed 0 lines
22:37:16.373 [main] INFO  com.graph.db.util.FileUtil - Processed 0 lines
Tests run: 3, Failures: 0, Errors: 0, Skipped: 0, Time elapsed: 1.178 sec - in com.graph.db.file.gene.GeneParserTest
Running com.graph.db.file.person.PersonParserTest
22:37:16.435 [main] INFO  com.graph.db.util.FileUtil - Processed 0 lines
22:37:16.436 [main] INFO  com.graph.db.util.FileUtil - Processed 0 lines
22:37:16.438 [main] INFO  com.graph.db.util.FileUtil - Processed 0 lines
22:37:16.439 [main] INFO  com.graph.db.util.FileUtil - Processed 0 lines
Tests run: 3, Failures: 0, Errors: 0, Skipped: 0, Time elapsed: 0.1 sec - in com.graph.db.file.person.PersonParserTest
Running com.graph.db.file.person.subscriber.PersonToTermSubscriberTest
Tests run: 1, Failures: 0, Errors: 0, Skipped: 0, Time elapsed: 1.28 sec - in com.graph.db.file.person.subscriber.PersonToTermSubscriberTest
Running com.graph.db.file.term.subscriber.TermToDescendantTermsSubscriberTest
Tests run: 3, Failures: 0, Errors: 0, Skipped: 0, Time elapsed: 0.692 sec - in com.graph.db.file.term.subscriber.TermToDescendantTermsSubscriberTest
Running com.graph.db.file.term.TermParserTest
22:37:18.482 [main] INFO  com.graph.db.util.FileUtil - Processed 0 lines
Tests run: 2, Failures: 0, Errors: 0, Skipped: 0, Time elapsed: 0.019 sec - in com.graph.db.file.term.TermParserTest
Running com.graph.db.file.annotation.AnnotationParserTest
22:37:18.705 [main] INFO  com.graph.db.util.FileUtil - Processed 0 lines
22:37:18.745 [main] INFO  com.graph.db.util.FileUtil - Processed 0 lines
Tests run: 3, Failures: 0, Errors: 0, Skipped: 0, Time elapsed: 0.273 sec - in com.graph.db.file.annotation.AnnotationParserTest
Running com.graph.db.file.annotation.subscriber.GeneticVariantToTranscriptVariantSubscriberTest
Tests run: 2, Failures: 0, Errors: 0, Skipped: 0, Time elapsed: 0.467 sec - in com.graph.db.file.annotation.subscriber.GeneticVariantToTranscriptVariantSubscriberTest
Running com.graph.db.file.annotation.subscriber.ConsequenceTermSubscriberTest
Tests run: 2, Failures: 0, Errors: 0, Skipped: 0, Time elapsed: 0.301 sec - in com.graph.db.file.annotation.subscriber.ConsequenceTermSubscriberTest
Running com.graph.db.file.annotation.subscriber.GeneToGeneticVariantSubscriberTest
Tests run: 1, Failures: 0, Errors: 0, Skipped: 0, Time elapsed: 0.538 sec - in com.graph.db.file.annotation.subscriber.GeneToGeneticVariantSubscriberTest
Running com.graph.db.file.transcript.TranscriptParserTest
22:37:20.073 [main] INFO  com.graph.db.util.FileUtil - Processed 0 lines
22:37:20.075 [main] INFO  com.graph.db.util.FileUtil - Processed 0 lines
Tests run: 3, Failures: 0, Errors: 0, Skipped: 0, Time elapsed: 0.006 sec - in com.graph.db.file.transcript.TranscriptParserTest
Running com.graph.db.PojoTest
22:37:20.082 [main] INFO  com.graph.db.PojoTest - Testing package: com.graph.db.domain.output
22:37:20.095 [main] INFO  com.openpojo.log.LoggerFactory - Logging subsystem initialized to [com.openpojo.log.impl.SLF4JLogger]
22:37:20.096 [main] INFO  c.o.r.c.s.PojoCoverageFilterServiceFactory - Jacoco detected, auto-configuring OpenPojo to ignore its structures.
22:37:20.203 [main] INFO  c.o.validation.affirm.Affirmation - Dynamically setting affirmation implementation = [com.openpojo.validation.affirm.JUnitAssertAffirmation [@752bc73c: ]]
22:37:20.260 [main] INFO  com.graph.db.PojoTest - Testing package: com.graph.db.domain.input.annotation
Tests run: 1, Failures: 0, Errors: 0, Skipped: 0, Time elapsed: 0.209 sec - in com.graph.db.PojoTest
Running com.graph.db.output.HeaderGeneratorTest
Tests run: 1, Failures: 0, Errors: 0, Skipped: 0, Time elapsed: 0.007 sec - in com.graph.db.output.HeaderGeneratorTest

Results :

Tests run: 25, Failures: 0, Errors: 0, Skipped: 0

[INFO] 
[INFO] --- jacoco-maven-plugin:0.8.5:report (report) @ db ---
[INFO] Loading execution data file /tmp/tmpk7_cm164/pheno4j/target/jacoco.exec
[INFO] Analyzed bundle 'graph' with 188 classes
[INFO] ------------------------------------------------------------------------
[INFO] BUILD SUCCESS
[INFO] ------------------------------------------------------------------------
[INFO] Total time:  34.173 s
[INFO] Finished at: 2020-07-30T22:37:21Z
[INFO] ------------------------------------------------------------------------
