[INFO] Error stacktraces are turned on.
[INFO] Scanning for projects...
[INFO] 
[INFO] -------------------< com.zhixiangli:code-similarity >-------------------
[INFO] Building code similarity 0.0.2
[INFO] --------------------------------[ jar ]---------------------------------
[INFO] 
[INFO] --- jacoco-maven-plugin:0.8.5:prepare-agent (default) @ code-similarity ---
[INFO] argLine set to -javaagent:/home/jdbl/.m2/repository/org/jacoco/org.jacoco.agent/0.8.5/org.jacoco.agent-0.8.5-runtime.jar=destfile=/tmp/tmp_sgncs27/code-similarity/target/jacoco.exec
[INFO] 
[INFO] --- maven-resources-plugin:2.6:resources (default-resources) @ code-similarity ---
[INFO] Using 'UTF-8' encoding to copy filtered resources.
[INFO] skip non existing resourceDirectory /tmp/tmp_sgncs27/code-similarity/src/main/resources
[INFO] 
[INFO] --- maven-compiler-plugin:3.6.0:compile (default-compile) @ code-similarity ---
[INFO] Changes detected - recompiling the module!
[INFO] Compiling 5 source files to /tmp/tmp_sgncs27/code-similarity/target/classes
[INFO] 
[INFO] --- maven-resources-plugin:2.6:testResources (default-testResources) @ code-similarity ---
[INFO] Using 'UTF-8' encoding to copy filtered resources.
[INFO] skip non existing resourceDirectory /tmp/tmp_sgncs27/code-similarity/src/test/resources
[INFO] 
[INFO] --- maven-compiler-plugin:3.6.0:testCompile (default-testCompile) @ code-similarity ---
[INFO] Changes detected - recompiling the module!
[INFO] Compiling 4 source files to /tmp/tmp_sgncs27/code-similarity/target/test-classes
[INFO] 
[INFO] --- maven-surefire-plugin:2.19.1:test (default-test) @ code-similarity ---
[INFO] Surefire report directory: /tmp/tmp_sgncs27/code-similarity/target/surefire-reports

-------------------------------------------------------
 T E S T S
-------------------------------------------------------
Running com.zhixiangli.code.similarity.strategy.CosineSimilarityTest
Tests run: 1, Failures: 0, Errors: 0, Skipped: 0, Time elapsed: 0.556 sec - in com.zhixiangli.code.similarity.strategy.CosineSimilarityTest
Running com.zhixiangli.code.similarity.strategy.LongestCommonSubsequenceTest
Tests run: 1, Failures: 0, Errors: 0, Skipped: 0, Time elapsed: 0.093 sec - in com.zhixiangli.code.similarity.strategy.LongestCommonSubsequenceTest
Running com.zhixiangli.code.similarity.common.CodeUtilsTest
Tests run: 2, Failures: 0, Errors: 0, Skipped: 0, Time elapsed: 0 sec - in com.zhixiangli.code.similarity.common.CodeUtilsTest
Running com.zhixiangli.code.similarity.CodeSimilarityTest
Tests run: 1, Failures: 0, Errors: 0, Skipped: 0, Time elapsed: 0 sec - in com.zhixiangli.code.similarity.CodeSimilarityTest

Results :

Tests run: 5, Failures: 0, Errors: 0, Skipped: 0

[INFO] 
[INFO] --- jacoco-maven-plugin:0.8.5:report (report) @ code-similarity ---
[INFO] Loading execution data file /tmp/tmp_sgncs27/code-similarity/target/jacoco.exec
[INFO] Analyzed bundle 'code similarity' with 239 classes
[INFO] ------------------------------------------------------------------------
[INFO] BUILD SUCCESS
[INFO] ------------------------------------------------------------------------
[INFO] Total time:  10.512 s
[INFO] Finished at: 2020-07-30T20:08:10Z
[INFO] ------------------------------------------------------------------------
