[INFO] Error stacktraces are turned on.
[INFO] Scanning for projects...
[WARNING] 
[WARNING] Some problems were encountered while building the effective model for org.jerlang:jerlang:jar:0.3.0
[WARNING] Reporting configuration should be done in <reporting> section, not in maven-site-plugin <configuration> as reportPlugins parameter. @ line 116, column 24
[WARNING] 
[WARNING] It is highly recommended to fix these problems because they threaten the stability of your build.
[WARNING] 
[WARNING] For this reason, future Maven versions might no longer support building such malformed projects.
[WARNING] 
[WARNING] The project org.jerlang:jerlang:jar:0.3.0 uses prerequisites which is only intended for maven-plugin projects but not for non maven-plugin projects. For such purposes you should use the maven-enforcer-plugin. See https://maven.apache.org/enforcer/enforcer-rules/requireMavenVersion.html
[INFO] 
[INFO] ------------------------< org.jerlang:jerlang >-------------------------
[INFO] Building jerlang 0.3.0
[INFO] --------------------------------[ jar ]---------------------------------
[INFO] 
[INFO] --- jacoco-maven-plugin:0.8.5:prepare-agent (default) @ jerlang ---
[INFO] argLine set to -javaagent:/home/jdbl/.m2/repository/org/jacoco/org.jacoco.agent/0.8.5/org.jacoco.agent-0.8.5-runtime.jar=destfile=/tmp/tmpefzr856x/jerlang/target/jacoco.exec
[INFO] 
[INFO] --- maven-resources-plugin:2.6:resources (default-resources) @ jerlang ---
[INFO] Using 'UTF-8' encoding to copy filtered resources.
[INFO] skip non existing resourceDirectory /tmp/tmpefzr856x/jerlang/src/main/resources
[INFO] 
[INFO] --- maven-compiler-plugin:3.7.0:compile (default-compile) @ jerlang ---
[INFO] Changes detected - recompiling the module!
[INFO] Compiling 393 source files to /tmp/tmpefzr856x/jerlang/target/classes
[INFO] /tmp/tmpefzr856x/jerlang/src/main/java/org/jerlang/stdlib/shell/ShellStart.java: /tmp/tmpefzr856x/jerlang/src/main/java/org/jerlang/stdlib/shell/ShellStart.java uses or overrides a deprecated API.
[INFO] /tmp/tmpefzr856x/jerlang/src/main/java/org/jerlang/stdlib/shell/ShellStart.java: Recompile with -Xlint:deprecation for details.
[INFO] 
[INFO] --- maven-resources-plugin:2.6:testResources (default-testResources) @ jerlang ---
[INFO] Using 'UTF-8' encoding to copy filtered resources.
[INFO] Copying 116 resources
[INFO] 
[INFO] --- maven-compiler-plugin:3.7.0:testCompile (default-testCompile) @ jerlang ---
[INFO] Changes detected - recompiling the module!
[INFO] Compiling 102 source files to /tmp/tmpefzr856x/jerlang/target/test-classes
[INFO] 
[INFO] --- maven-surefire-plugin:2.19.1:test (default-test) @ jerlang ---
[INFO] Surefire report directory: /tmp/tmpefzr856x/jerlang/target/surefire-reports

-------------------------------------------------------
 T E S T S
-------------------------------------------------------
Running org.jerlang.kernel.OSTest
Tests run: 5, Failures: 0, Errors: 0, Skipped: 0, Time elapsed: 0.827 sec - in org.jerlang.kernel.OSTest
Running org.jerlang.erts.epmd.MessageCodeTest
Tests run: 2, Failures: 0, Errors: 0, Skipped: 0, Time elapsed: 0.003 sec - in org.jerlang.erts.epmd.MessageCodeTest
Running org.jerlang.erts.EmulatorTest
Tests run: 1, Failures: 0, Errors: 0, Skipped: 0, Time elapsed: 0 sec - in org.jerlang.erts.EmulatorTest
Running org.jerlang.erts.erlang.ErlangPlusPlusTest
Can not export: base64:$jacocoInit/0
Can not export: beam_lib:$jacocoInit/0
Can not export: binary:$jacocoInit/0
Can not export: erlang:$jacocoInit/0
Can not export: erl_internal:$jacocoInit/0
Can not export: file:$jacocoInit/0
Can not export: init:$jacocoInit/0
Can not export: io:$jacocoInit/0
Can not export: lists:$jacocoInit/0
Can not export: maps:$jacocoInit/0
Can not export: math:$jacocoInit/0
Can not export: net_adm:$jacocoInit/0
Can not export: net_adm:dns_hostname/1
Can not export: net_adm:host_file/0
Can not export: net_adm:world/1
Can not export: net_adm:world/0
Can not export: net_adm:world_list/1
Can not export: net_adm:world_list/2
Can not export: net_adm:names/1
Can not export: net_adm:names/0
Can not export: net_adm:localhost/0
Can not export: os:$jacocoInit/0
Can not export: otp_ring0:$jacocoInit/0
Can not export: prim_inet:bind/3
Can not export: prim_inet:detach/1
Can not export: prim_inet:$jacocoInit/0
Can not export: prim_inet:recv/3
Can not export: prim_inet:recv/2
Can not export: prim_inet:sendmsg/3
Can not export: prim_inet:getfd/1
Can not export: prim_inet:send/3
Can not export: prim_inet:send/2
Can not export: prim_inet:peeloff/2
Can not export: prim_inet:async_connect/4
Can not export: prim_inet:async_accept/2
Can not export: prim_inet:sendto/4
Can not export: prim_inet:async_recv/3
Can not export: prim_inet:unrecv/2
Can not export: prim_inet:recvfrom/3
Can not export: prim_inet:recvfrom/2
Can not export: prim_inet:is_sockopt_val/2
Can not export: prim_inet:chgopt/3
Can not export: prim_inet:chgopts/2
Can not export: prim_inet:getstat/2
Can not export: prim_inet:ignorefd/2
Can not export: prim_inet:getindex/1
Can not export: prim_inet:getstatus/1
Can not export: prim_inet:gettype/1
Can not export: prim_inet:getifaddrs/1
Can not export: prim_inet:getiflist/1
Can not export: prim_inet:ifget/3
Can not export: prim_inet:ifset/3
Can not export: prim_inet:gethostname/1
Can not export: prim_inet:getservbyname/3
Can not export: prim_inet:getservbyport/3
Can not export: prim_inet:peername/1
Can not export: prim_inet:setpeername/2
Can not export: prim_inet:peernames/1
Can not export: prim_inet:peernames/2
Can not export: prim_inet:sockname/1
Can not export: prim_inet:setsockname/2
Can not export: prim_inet:socknames/2
Can not export: prim_inet:socknames/1
Can not export: prim_inet:fdopen/4
Can not export: prim_inet:fdopen/5
Can not export: prim_inet:shutdown/2
Can not export: prim_inet:connect/3
Can not export: prim_inet:connect/4
Can not export: prim_inet:listen/1
Can not export: prim_inet:listen/2
Can not export: prim_inet:accept/2
Can not export: prim_inet:accept/1
Can not export: prim_inet:attach/1
Can not export: shell:$jacocoInit/0
Tests run: 1, Failures: 0, Errors: 0, Skipped: 0, Time elapsed: 0.814 sec - in org.jerlang.erts.erlang.ErlangPlusPlusTest
Running org.jerlang.erts.erlang.ErlangMakeRefTest
Tests run: 1, Failures: 0, Errors: 0, Skipped: 0, Time elapsed: 0.108 sec - in org.jerlang.erts.erlang.ErlangMakeRefTest
Running org.jerlang.erts.erlang.ErlangTest
Tests run: 4, Failures: 0, Errors: 0, Skipped: 0, Time elapsed: 0.102 sec - in org.jerlang.erts.erlang.ErlangTest
Running org.jerlang.erts.emulator.EnvironmentTest
Tests run: 1, Failures: 0, Errors: 0, Skipped: 0, Time elapsed: 0.003 sec - in org.jerlang.erts.emulator.EnvironmentTest
Running org.jerlang.erts.emulator.op.IsFloatTest
Tests run: 1, Failures: 0, Errors: 0, Skipped: 0, Time elapsed: 0.108 sec - in org.jerlang.erts.emulator.op.IsFloatTest
Running org.jerlang.erts.emulator.op.ListLengthTest
Tests run: 1, Failures: 0, Errors: 0, Skipped: 0, Time elapsed: 0.207 sec - in org.jerlang.erts.emulator.op.ListLengthTest
Running org.jerlang.erts.emulator.op.FloatTest
Tests run: 1, Failures: 0, Errors: 0, Skipped: 0, Time elapsed: 0.206 sec - in org.jerlang.erts.emulator.op.FloatTest
Running org.jerlang.erts.emulator.op.IsNumberTest
Tests run: 1, Failures: 0, Errors: 0, Skipped: 0, Time elapsed: 0.231 sec - in org.jerlang.erts.emulator.op.IsNumberTest
Running org.jerlang.erts.emulator.op.CallTest
Tests run: 1, Failures: 0, Errors: 0, Skipped: 0, Time elapsed: 0.073 sec - in org.jerlang.erts.emulator.op.CallTest
Running org.jerlang.erts.emulator.op.BitsyntaxFloatTest
Tests run: 1, Failures: 0, Errors: 0, Skipped: 0, Time elapsed: 0.113 sec - in org.jerlang.erts.emulator.op.BitsyntaxFloatTest
Running org.jerlang.erts.emulator.op.TryCatchTest
Tests run: 1, Failures: 0, Errors: 0, Skipped: 0, Time elapsed: 0.099 sec - in org.jerlang.erts.emulator.op.TryCatchTest
Running org.jerlang.erts.emulator.op.BsMatchStringTest
Tests run: 2, Failures: 0, Errors: 0, Skipped: 0, Time elapsed: 0.418 sec - in org.jerlang.erts.emulator.op.BsMatchStringTest
Running org.jerlang.erts.emulator.op.SelectTest
Tests run: 3, Failures: 0, Errors: 0, Skipped: 0, Time elapsed: 0.543 sec - in org.jerlang.erts.emulator.op.SelectTest
Running org.jerlang.erts.emulator.op.BsGetBinary2Test
Tests run: 1, Failures: 0, Errors: 0, Skipped: 0, Time elapsed: 0.107 sec - in org.jerlang.erts.emulator.op.BsGetBinary2Test
Running org.jerlang.erts.emulator.op.Bitsyntax1Test
Tests run: 1, Failures: 0, Errors: 0, Skipped: 0, Time elapsed: 0.108 sec - in org.jerlang.erts.emulator.op.Bitsyntax1Test
Running org.jerlang.erts.emulator.op.ListComprehension1Test
Tests run: 1, Failures: 0, Errors: 0, Skipped: 0, Time elapsed: 0.107 sec - in org.jerlang.erts.emulator.op.ListComprehension1Test
Running org.jerlang.erts.emulator.op.BsPutStringTest
list_to_bitstring: [0,0,0,0,0,0,0,0,0,0,0,0,32,128,96,<<5:4>>]
Tests run: 1, Failures: 0, Errors: 0, Skipped: 0, Time elapsed: 0.108 sec - in org.jerlang.erts.emulator.op.BsPutStringTest
Running org.jerlang.erts.emulator.op.IsIntegerTest
Tests run: 1, Failures: 0, Errors: 0, Skipped: 0, Time elapsed: 0.207 sec - in org.jerlang.erts.emulator.op.IsIntegerTest
Running org.jerlang.erts.emulator.op.CallFunTest
Tests run: 1, Failures: 0, Errors: 0, Skipped: 0, Time elapsed: 0.114 sec - in org.jerlang.erts.emulator.op.CallFunTest
Running org.jerlang.erts.emulator.op.IsNeExactTest
Tests run: 1, Failures: 0, Errors: 0, Skipped: 0, Time elapsed: 0.106 sec - in org.jerlang.erts.emulator.op.IsNeExactTest
Running org.jerlang.erts.emulator.op.PutMapAssocTest
Tests run: 1, Failures: 0, Errors: 0, Skipped: 0, Time elapsed: 0.115 sec - in org.jerlang.erts.emulator.op.PutMapAssocTest
Running org.jerlang.erts.emulator.op.BsSkipUtfTest
Tests run: 3, Failures: 0, Errors: 0, Skipped: 0, Time elapsed: 0.522 sec - in org.jerlang.erts.emulator.op.BsSkipUtfTest
Running org.jerlang.erts.emulator.op.CatchTest
Tests run: 1, Failures: 0, Errors: 0, Skipped: 0, Time elapsed: 0.106 sec - in org.jerlang.erts.emulator.op.CatchTest
Running org.jerlang.erts.emulator.op.IsFunctionTest
Tests run: 2, Failures: 0, Errors: 0, Skipped: 0, Time elapsed: 0.314 sec - in org.jerlang.erts.emulator.op.IsFunctionTest
Running org.jerlang.erts.emulator.op.BsPutFloatTest
Tests run: 1, Failures: 0, Errors: 0, Skipped: 0, Time elapsed: 0.106 sec - in org.jerlang.erts.emulator.op.BsPutFloatTest
Running org.jerlang.erts.emulator.op.InitBitsTest
Tests run: 1, Failures: 0, Errors: 0, Skipped: 0, Time elapsed: 0.107 sec - in org.jerlang.erts.emulator.op.InitBitsTest
Running org.jerlang.erts.emulator.op.IsGeTest
Tests run: 1, Failures: 0, Errors: 0, Skipped: 0, Time elapsed: 0.107 sec - in org.jerlang.erts.emulator.op.IsGeTest
Running org.jerlang.erts.emulator.op.IsPortTest
Tests run: 1, Failures: 0, Errors: 0, Skipped: 0, Time elapsed: 0.207 sec - in org.jerlang.erts.emulator.op.IsPortTest
Running org.jerlang.erts.emulator.op.IsEqTest
Tests run: 2, Failures: 0, Errors: 0, Skipped: 0, Time elapsed: 0.312 sec - in org.jerlang.erts.emulator.op.IsEqTest
Running org.jerlang.erts.emulator.op.BsInitWritableTest
Tests run: 1, Failures: 0, Errors: 0, Skipped: 0, Time elapsed: 0.118 sec - in org.jerlang.erts.emulator.op.BsInitWritableTest
Running org.jerlang.erts.emulator.op.TryCaseEndTest
Tests run: 1, Failures: 0, Errors: 0, Skipped: 0, Time elapsed: 0.106 sec - in org.jerlang.erts.emulator.op.TryCaseEndTest
Running org.jerlang.erts.emulator.op.BsPutBinaryTest
Tests run: 1, Failures: 0, Errors: 0, Skipped: 0, Time elapsed: 0.106 sec - in org.jerlang.erts.emulator.op.BsPutBinaryTest
Running org.jerlang.erts.emulator.op.GcBif3Test
Tests run: 2, Failures: 0, Errors: 0, Skipped: 0, Time elapsed: 0.31 sec - in org.jerlang.erts.emulator.op.GcBif3Test
Running org.jerlang.erts.emulator.op.IsAtomTest
Tests run: 1, Failures: 0, Errors: 0, Skipped: 0, Time elapsed: 0.329 sec - in org.jerlang.erts.emulator.op.IsAtomTest
Running org.jerlang.erts.emulator.op.CaseEndTest
Tests run: 1, Failures: 0, Errors: 0, Skipped: 0, Time elapsed: 0.107 sec - in org.jerlang.erts.emulator.op.CaseEndTest
Running org.jerlang.erts.emulator.op.IsBinaryTest
Tests run: 1, Failures: 0, Errors: 0, Skipped: 0, Time elapsed: 0.205 sec - in org.jerlang.erts.emulator.op.IsBinaryTest
Running org.jerlang.erts.emulator.op.RecursionTest
Tests run: 1, Failures: 0, Errors: 0, Skipped: 0, Time elapsed: 0.108 sec - in org.jerlang.erts.emulator.op.RecursionTest
Running org.jerlang.erts.emulator.op.IsPidTest
Tests run: 1, Failures: 0, Errors: 0, Skipped: 0, Time elapsed: 0.207 sec - in org.jerlang.erts.emulator.op.IsPidTest
Running org.jerlang.erts.emulator.op.ApplyLastTest
Tests run: 1, Failures: 0, Errors: 0, Skipped: 0, Time elapsed: 0.106 sec - in org.jerlang.erts.emulator.op.ApplyLastTest
Running org.jerlang.erts.emulator.op.BsRestore2Test
Tests run: 3, Failures: 0, Errors: 0, Skipped: 0, Time elapsed: 0.515 sec - in org.jerlang.erts.emulator.op.BsRestore2Test
Running org.jerlang.erts.emulator.op.MessageTest
Tests run: 1, Failures: 0, Errors: 0, Skipped: 0, Time elapsed: 0.808 sec - in org.jerlang.erts.emulator.op.MessageTest
Running org.jerlang.erts.emulator.op.PutMapExactTest
Tests run: 1, Failures: 0, Errors: 0, Skipped: 0, Time elapsed: 0.107 sec - in org.jerlang.erts.emulator.op.PutMapExactTest
Running org.jerlang.erts.emulator.op.RecvTest
Tests run: 1, Failures: 0, Errors: 0, Skipped: 0, Time elapsed: 0.407 sec - in org.jerlang.erts.emulator.op.RecvTest
Running org.jerlang.erts.emulator.op.Bitsyntax2Test
Tests run: 1, Failures: 0, Errors: 0, Skipped: 0, Time elapsed: 0.211 sec - in org.jerlang.erts.emulator.op.Bitsyntax2Test
Running org.jerlang.erts.emulator.op.CallLastTest
Tests run: 1, Failures: 0, Errors: 0, Skipped: 0, Time elapsed: 0.205 sec - in org.jerlang.erts.emulator.op.CallLastTest
Running org.jerlang.erts.emulator.op.BsSave2Test
Tests run: 3, Failures: 0, Errors: 0, Skipped: 0, Time elapsed: 0.52 sec - in org.jerlang.erts.emulator.op.BsSave2Test
Running org.jerlang.erts.emulator.op.IsMapTest
Tests run: 2, Failures: 0, Errors: 0, Skipped: 0, Time elapsed: 0.312 sec - in org.jerlang.erts.emulator.op.IsMapTest
Running org.jerlang.erts.emulator.op.BsAppendTest
Tests run: 1, Failures: 0, Errors: 0, Skipped: 0, Time elapsed: 0.105 sec - in org.jerlang.erts.emulator.op.BsAppendTest
Running org.jerlang.erts.emulator.op.IsBitstrTest
Tests run: 2, Failures: 0, Errors: 0, Skipped: 0, Time elapsed: 0.313 sec - in org.jerlang.erts.emulator.op.IsBitstrTest
Running org.jerlang.erts.emulator.op.BsSkipBits2Test
Tests run: 1, Failures: 0, Errors: 0, Skipped: 0, Time elapsed: 0.105 sec - in org.jerlang.erts.emulator.op.BsSkipBits2Test
Running org.jerlang.erts.emulator.op.IsListTest
Tests run: 1, Failures: 0, Errors: 0, Skipped: 0, Time elapsed: 0.204 sec - in org.jerlang.erts.emulator.op.IsListTest
Running org.jerlang.erts.emulator.op.BsUtfSizeTest
Tests run: 3, Failures: 0, Errors: 0, Skipped: 0, Time elapsed: 0.519 sec - in org.jerlang.erts.emulator.op.BsUtfSizeTest
Running org.jerlang.erts.emulator.op.TupleTest
Tests run: 1, Failures: 0, Errors: 0, Skipped: 0, Time elapsed: 0.106 sec - in org.jerlang.erts.emulator.op.TupleTest
Running org.jerlang.erts.emulator.op.IsTupleTest
Tests run: 1, Failures: 0, Errors: 0, Skipped: 0, Time elapsed: 0.205 sec - in org.jerlang.erts.emulator.op.IsTupleTest
Running org.jerlang.erts.emulator.op.HeadTailTest
Tests run: 2, Failures: 0, Errors: 0, Skipped: 0, Time elapsed: 0.312 sec - in org.jerlang.erts.emulator.op.HeadTailTest
Running org.jerlang.erts.emulator.op.IsBooleanTest
Tests run: 1, Failures: 0, Errors: 0, Skipped: 0, Time elapsed: 0.205 sec - in org.jerlang.erts.emulator.op.IsBooleanTest
Running org.jerlang.erts.emulator.op.SetTupleElementTest
Tests run: 1, Failures: 0, Errors: 0, Skipped: 0, Time elapsed: 0.106 sec - in org.jerlang.erts.emulator.op.SetTupleElementTest
Running org.jerlang.erts.emulator.op.IfEndTest
Tests run: 2, Failures: 0, Errors: 0, Skipped: 0, Time elapsed: 0.311 sec - in org.jerlang.erts.emulator.op.IfEndTest
Running org.jerlang.erts.emulator.op.IsRecordTest
Tests run: 1, Failures: 0, Errors: 0, Skipped: 0, Time elapsed: 0.116 sec - in org.jerlang.erts.emulator.op.IsRecordTest
Running org.jerlang.erts.emulator.op.ApplyTest
Tests run: 1, Failures: 0, Errors: 0, Skipped: 0, Time elapsed: 0.106 sec - in org.jerlang.erts.emulator.op.ApplyTest
Running org.jerlang.erts.emulator.op.BsGetUtfTest
Tests run: 3, Failures: 0, Errors: 0, Skipped: 0, Time elapsed: 0.42 sec - in org.jerlang.erts.emulator.op.BsGetUtfTest
Running org.jerlang.erts.emulator.op.ListComprehension2Test
Tests run: 1, Failures: 0, Errors: 0, Skipped: 0, Time elapsed: 0.106 sec - in org.jerlang.erts.emulator.op.ListComprehension2Test
Running org.jerlang.erts.emulator.op.MapsTest
Tests run: 1, Failures: 0, Errors: 0, Skipped: 0, Time elapsed: 0.105 sec - in org.jerlang.erts.emulator.op.MapsTest
Running org.jerlang.erts.ExternalTermFormatTagTest
Tests run: 2, Failures: 0, Errors: 0, Skipped: 0, Time elapsed: 0.001 sec - in org.jerlang.erts.ExternalTermFormatTagTest
Running org.jerlang.erts.InitTest
Tests run: 1, Failures: 0, Errors: 0, Skipped: 0, Time elapsed: 0 sec - in org.jerlang.erts.InitTest
Running org.jerlang.util.StringUtilTest
Tests run: 2, Failures: 0, Errors: 0, Skipped: 0, Time elapsed: 0 sec - in org.jerlang.util.StringUtilTest
Running org.jerlang.StackTest
Tests run: 1, Failures: 0, Errors: 0, Skipped: 0, Time elapsed: 0.001 sec - in org.jerlang.StackTest
Running org.jerlang.type.BitStringTest
Tests run: 1, Failures: 0, Errors: 0, Skipped: 0, Time elapsed: 0.106 sec - in org.jerlang.type.BitStringTest
Running org.jerlang.type.AtomTest
Tests run: 2, Failures: 0, Errors: 0, Skipped: 0, Time elapsed: 0 sec - in org.jerlang.type.AtomTest
Running org.jerlang.type.ListTest
Tests run: 2, Failures: 0, Errors: 0, Skipped: 0, Time elapsed: 0.003 sec - in org.jerlang.type.ListTest
Running org.jerlang.type.BigNumTest
Tests run: 1, Failures: 0, Errors: 0, Skipped: 0, Time elapsed: 0.106 sec - in org.jerlang.type.BigNumTest
Running org.jerlang.type.BitStringOutputStreamTest
Tests run: 5, Failures: 0, Errors: 0, Skipped: 0, Time elapsed: 0.001 sec - in org.jerlang.type.BitStringOutputStreamTest
Running org.jerlang.type.TupleTest
Tests run: 5, Failures: 0, Errors: 0, Skipped: 0, Time elapsed: 0.001 sec - in org.jerlang.type.TupleTest
Running org.jerlang.type.StrTest
Tests run: 2, Failures: 0, Errors: 0, Skipped: 0, Time elapsed: 0 sec - in org.jerlang.type.StrTest
Running org.jerlang.ProcessPriorityTest
Tests run: 1, Failures: 0, Errors: 0, Skipped: 0, Time elapsed: 0.001 sec - in org.jerlang.ProcessPriorityTest
Running org.jerlang.FunctionSignatureTest
Tests run: 2, Failures: 0, Errors: 0, Skipped: 0, Time elapsed: 0 sec - in org.jerlang.FunctionSignatureTest
Running org.jerlang.stdlib.BeamLibTest
Tests run: 2, Failures: 0, Errors: 0, Skipped: 0, Time elapsed: 0.003 sec - in org.jerlang.stdlib.BeamLibTest
Running org.jerlang.stdlib.Base64Test
Tests run: 2, Failures: 0, Errors: 0, Skipped: 0, Time elapsed: 0.312 sec - in org.jerlang.stdlib.Base64Test
Running org.jerlang.stdlib.lists.ListsConcatTest
Tests run: 1, Failures: 0, Errors: 0, Skipped: 0, Time elapsed: 0 sec - in org.jerlang.stdlib.lists.ListsConcatTest
Running org.jerlang.stdlib.lists.ListsDeleteTest
Tests run: 1, Failures: 0, Errors: 0, Skipped: 0, Time elapsed: 0 sec - in org.jerlang.stdlib.lists.ListsDeleteTest
Running org.jerlang.stdlib.lists.ListsAppendTest
Tests run: 2, Failures: 0, Errors: 0, Skipped: 0, Time elapsed: 0 sec - in org.jerlang.stdlib.lists.ListsAppendTest
Running org.jerlang.stdlib.lists.ListsTest
Tests run: 4, Failures: 0, Errors: 0, Skipped: 0, Time elapsed: 0 sec - in org.jerlang.stdlib.lists.ListsTest
Running org.jerlang.stdlib.lists.ListsSeqTest
Tests run: 2, Failures: 0, Errors: 0, Skipped: 0, Time elapsed: 0 sec - in org.jerlang.stdlib.lists.ListsSeqTest
Running org.jerlang.stdlib.lists.ListsFlattenTest
Tests run: 1, Failures: 0, Errors: 0, Skipped: 0, Time elapsed: 0 sec - in org.jerlang.stdlib.lists.ListsFlattenTest
Running org.jerlang.stdlib.beam_lib.ChunkIdTest
Tests run: 12, Failures: 0, Errors: 0, Skipped: 0, Time elapsed: 0.003 sec - in org.jerlang.stdlib.beam_lib.ChunkIdTest
Running org.jerlang.stdlib.beam_lib.ImportChunkReaderTest
Tests run: 1, Failures: 0, Errors: 0, Skipped: 0, Time elapsed: 0 sec - in org.jerlang.stdlib.beam_lib.ImportChunkReaderTest
Running org.jerlang.stdlib.beam_lib.LiteralTableChunkReaderTest
Tests run: 1, Failures: 0, Errors: 0, Skipped: 0, Time elapsed: 0 sec - in org.jerlang.stdlib.beam_lib.LiteralTableChunkReaderTest
Running org.jerlang.stdlib.beam_lib.AttributeChunkReaderTest
Tests run: 1, Failures: 0, Errors: 0, Skipped: 0, Time elapsed: 0.002 sec - in org.jerlang.stdlib.beam_lib.AttributeChunkReaderTest
Running org.jerlang.stdlib.beam_lib.LocalFunctionTableChunkReaderTest
Tests run: 1, Failures: 0, Errors: 0, Skipped: 0, Time elapsed: 0.001 sec - in org.jerlang.stdlib.beam_lib.LocalFunctionTableChunkReaderTest
Running org.jerlang.stdlib.beam_lib.BeamLibMD5Test
Tests run: 1, Failures: 0, Errors: 0, Skipped: 0, Time elapsed: 0.001 sec - in org.jerlang.stdlib.beam_lib.BeamLibMD5Test
Running org.jerlang.stdlib.beam_lib.FunctionTableChunkReaderTest
Tests run: 1, Failures: 0, Errors: 0, Skipped: 0, Time elapsed: 0 sec - in org.jerlang.stdlib.beam_lib.FunctionTableChunkReaderTest
Running org.jerlang.stdlib.beam_lib.StringTableChunkReaderTest
Tests run: 1, Failures: 0, Errors: 0, Skipped: 0, Time elapsed: 0 sec - in org.jerlang.stdlib.beam_lib.StringTableChunkReaderTest
Running org.jerlang.stdlib.beam_lib.ExternalTermReaderTest
Tests run: 1, Failures: 0, Errors: 0, Skipped: 0, Time elapsed: 0 sec - in org.jerlang.stdlib.beam_lib.ExternalTermReaderTest
Running org.jerlang.stdlib.beam_lib.AtomChunkReaderTest
Tests run: 1, Failures: 0, Errors: 0, Skipped: 0, Time elapsed: 0 sec - in org.jerlang.stdlib.beam_lib.AtomChunkReaderTest
Running org.jerlang.stdlib.beam_lib.ExportChunkReaderTest
Tests run: 1, Failures: 0, Errors: 0, Skipped: 0, Time elapsed: 0 sec - in org.jerlang.stdlib.beam_lib.ExportChunkReaderTest
Running org.jerlang.stdlib.beam_lib.CodeChunkReaderTest
Tests run: 1, Failures: 0, Errors: 0, Skipped: 0, Time elapsed: 0 sec - in org.jerlang.stdlib.beam_lib.CodeChunkReaderTest
Running org.jerlang.OpcodeTest
Tests run: 3, Failures: 0, Errors: 0, Skipped: 0, Time elapsed: 0 sec - in org.jerlang.OpcodeTest

Results :

Tests run: 162, Failures: 0, Errors: 0, Skipped: 0

[INFO] 
[INFO] --- jacoco-maven-plugin:0.8.5:report (report) @ jerlang ---
[INFO] Loading execution data file /tmp/tmpefzr856x/jerlang/target/jacoco.exec
[INFO] Analyzed bundle 'jerlang' with 1443 classes
[INFO] ------------------------------------------------------------------------
[INFO] BUILD SUCCESS
[INFO] ------------------------------------------------------------------------
[INFO] Total time:  01:23 min
[INFO] Finished at: 2020-07-31T06:03:43Z
[INFO] ------------------------------------------------------------------------
