[INFO] Error stacktraces are turned on.
[INFO] Scanning for projects...
[WARNING] 
[WARNING] Some problems were encountered while building the effective model for com.huobi.sdk:huobi-client:jar:1.0.14-SNAPSHOT
[WARNING] 'build.plugins.plugin.version' for org.apache.maven.plugins:maven-compiler-plugin is missing. @ line 58, column 15
[WARNING] 
[WARNING] It is highly recommended to fix these problems because they threaten the stability of your build.
[WARNING] 
[WARNING] For this reason, future Maven versions might no longer support building such malformed projects.
[WARNING] 
[INFO] 
[INFO] ---------------------< com.huobi.sdk:huobi-client >---------------------
[INFO] Building huobi-client 1.0.14-SNAPSHOT
[INFO] --------------------------------[ jar ]---------------------------------
[INFO] 
[INFO] --- jacoco-maven-plugin:0.8.5:prepare-agent (default) @ huobi-client ---
[INFO] argLine set to -javaagent:/home/jdbl/.m2/repository/org/jacoco/org.jacoco.agent/0.8.5/org.jacoco.agent-0.8.5-runtime.jar=destfile=/tmp/tmppyt1eksi/huobi_Java/target/jacoco.exec
[INFO] 
[INFO] --- maven-resources-plugin:2.6:resources (default-resources) @ huobi-client ---
[WARNING] Using platform encoding (UTF-8 actually) to copy filtered resources, i.e. build is platform dependent!
[INFO] Copying 1 resource
[INFO] 
[INFO] --- maven-compiler-plugin:3.1:compile (default-compile) @ huobi-client ---
[INFO] Changes detected - recompiling the module!
[INFO] Compiling 157 source files to /tmp/tmppyt1eksi/huobi_Java/target/classes
[WARNING] /tmp/tmppyt1eksi/huobi_Java/src/main/java/com/huobi/client/impl/utils/UrlParamsBuilder.java:[151,18] unchecked call to add(E) as a member of the raw type java.util.List
[WARNING] /tmp/tmppyt1eksi/huobi_Java/src/main/java/com/huobi/client/impl/WebSocketConnection.java:[184,44] unchecked call to handle(T) as a member of the raw type com.huobi.client.impl.utils.Handler
[INFO] 
[INFO] --- maven-resources-plugin:2.6:testResources (default-testResources) @ huobi-client ---
[WARNING] Using platform encoding (UTF-8 actually) to copy filtered resources, i.e. build is platform dependent!
[INFO] skip non existing resourceDirectory /tmp/tmppyt1eksi/huobi_Java/src/test/resources
[INFO] 
[INFO] --- maven-compiler-plugin:3.1:testCompile (default-testCompile) @ huobi-client ---
[INFO] Changes detected - recompiling the module!
[INFO] Compiling 79 source files to /tmp/tmppyt1eksi/huobi_Java/target/test-classes
[INFO] 
[INFO] --- maven-surefire-plugin:2.19.1:test (default-test) @ huobi-client ---
[INFO] Surefire report directory: /tmp/tmppyt1eksi/huobi_Java/target/surefire-reports

-------------------------------------------------------
 T E S T S
-------------------------------------------------------
Running com.huobi.client.impl.TestGetMatchResults
21:30:57,911 |-INFO in ch.qos.logback.classic.LoggerContext[default] - Could NOT find resource [logback-test.xml]
21:30:57,911 |-INFO in ch.qos.logback.classic.LoggerContext[default] - Could NOT find resource [logback.groovy]
21:30:57,911 |-INFO in ch.qos.logback.classic.LoggerContext[default] - Found resource [logback.xml] at [file:/tmp/tmppyt1eksi/huobi_Java/target/classes/logback.xml]
21:30:58,127 |-INFO in ch.qos.logback.classic.joran.action.ConfigurationAction - Will scan for changes in [file:/tmp/tmppyt1eksi/huobi_Java/target/classes/logback.xml] 
21:30:58,127 |-INFO in ch.qos.logback.classic.joran.action.ConfigurationAction - Setting ReconfigureOnChangeTask scanning period to 30 seconds
21:30:58,132 |-INFO in ch.qos.logback.core.joran.action.AppenderAction - About to instantiate appender of type [ch.qos.logback.core.ConsoleAppender]
21:30:58,147 |-INFO in ch.qos.logback.core.joran.action.AppenderAction - Naming appender as [STDOUT]
21:30:58,178 |-INFO in ch.qos.logback.core.joran.action.NestedComplexPropertyIA - Assuming default type [ch.qos.logback.classic.encoder.PatternLayoutEncoder] for [encoder] property
21:30:58,219 |-INFO in ch.qos.logback.core.joran.action.AppenderAction - About to instantiate appender of type [ch.qos.logback.core.rolling.RollingFileAppender]
21:30:58,226 |-INFO in ch.qos.logback.core.joran.action.AppenderAction - Naming appender as [FILE]
21:30:58,239 |-INFO in c.q.l.core.rolling.TimeBasedRollingPolicy@1072213311 - No compression will be used
21:30:58,243 |-INFO in c.q.l.core.rolling.TimeBasedRollingPolicy@1072213311 - Will use the pattern logs/%d{yyyy-MM-dd}.log for the active file
21:30:58,248 |-INFO in c.q.l.core.rolling.DefaultTimeBasedFileNamingAndTriggeringPolicy - The date pattern is 'yyyy-MM-dd' from file name pattern 'logs/%d{yyyy-MM-dd}.log'.
21:30:58,249 |-INFO in c.q.l.core.rolling.DefaultTimeBasedFileNamingAndTriggeringPolicy - Roll-over at midnight.
21:30:58,252 |-INFO in c.q.l.core.rolling.DefaultTimeBasedFileNamingAndTriggeringPolicy - Setting initial period to Thu Jul 30 21:30:58 UTC 2020
21:30:58,254 |-INFO in ch.qos.logback.core.joran.action.NestedComplexPropertyIA - Assuming default type [ch.qos.logback.classic.encoder.PatternLayoutEncoder] for [encoder] property
21:30:58,263 |-INFO in ch.qos.logback.core.rolling.RollingFileAppender[FILE] - Active log file name: logs/2020-07-30.log
21:30:58,264 |-INFO in ch.qos.logback.core.rolling.RollingFileAppender[FILE] - File property is set to [null]
21:30:58,266 |-INFO in ch.qos.logback.classic.joran.action.RootLoggerAction - Setting level of ROOT logger to INFO
21:30:58,267 |-INFO in ch.qos.logback.core.joran.action.AppenderRefAction - Attaching appender named [STDOUT] to Logger[ROOT]
21:30:58,268 |-INFO in ch.qos.logback.core.joran.action.AppenderRefAction - Attaching appender named [FILE] to Logger[ROOT]
21:30:58,269 |-INFO in ch.qos.logback.classic.joran.action.ConfigurationAction - End of configuration.
21:30:58,271 |-INFO in ch.qos.logback.classic.joran.JoranConfigurator@7b3c0ecb - Registering current configuration as safe fallback point
Tests run: 5, Failures: 0, Errors: 0, Skipped: 0, Time elapsed: 1.068 sec - in com.huobi.client.impl.TestGetMatchResults
Running com.huobi.client.impl.TestGetETFCandlestick
Tests run: 9, Failures: 0, Errors: 0, Skipped: 0, Time elapsed: 0.004 sec - in com.huobi.client.impl.TestGetETFCandlestick
Running com.huobi.client.impl.TestGetCandlestick
Tests run: 8, Failures: 0, Errors: 0, Skipped: 0, Time elapsed: 0.009 sec - in com.huobi.client.impl.TestGetCandlestick
Running com.huobi.client.impl.TestSubTradeStatistics
2020-07-30 21:30:58 [INFO] - [Sub] Connection [id: 0] created for 24HTradeStatistics for [btcusdt]
Tests run: 3, Failures: 0, Errors: 0, Skipped: 0, Time elapsed: 0.06 sec - in com.huobi.client.impl.TestSubTradeStatistics
Running com.huobi.client.impl.TestWebsocketConnection
2020-07-30 21:30:58 [INFO] - [Sub] Connection [id: 1] created for null
2020-07-30 21:30:58 [INFO] - [Sub][1] Connected to server
2020-07-30 21:30:58 [INFO] - [Sub] Connection [id: 2] created for null
2020-07-30 21:30:58 [INFO] - [Sub][2] Connected to server
2020-07-30 21:30:58 [ERROR] - [Sub][2] bad-request: invalid topic market.invalidsymbol.kline.1min
2020-07-30 21:30:58 [ERROR] - [Sub][2] Got error from server: bad-request; invalid topic market.invalidsymbol.kline.1min
2020-07-30 21:30:58 [ERROR] - [Sub][2] Closing normally
2020-07-30 21:30:58 [INFO] - [Sub] Connection [id: 3] created for null
2020-07-30 21:30:58 [INFO] - [Sub][3] Connected to server
2020-07-30 21:30:58 [INFO] - [Sub] Connection [id: 4] created for null
2020-07-30 21:30:58 [INFO] - [Sub][4] Connected to server
Tests run: 4, Failures: 0, Errors: 0, Skipped: 0, Time elapsed: 0.418 sec - in com.huobi.client.impl.TestWebsocketConnection
Running com.huobi.client.impl.TestGetCurrencies
Tests run: 2, Failures: 0, Errors: 0, Skipped: 0, Time elapsed: 0.014 sec - in com.huobi.client.impl.TestGetCurrencies
Running com.huobi.client.impl.TestErrorResponse
Tests run: 4, Failures: 0, Errors: 0, Skipped: 0, Time elapsed: 0.181 sec - in com.huobi.client.impl.TestErrorResponse
Running com.huobi.client.impl.TestApiInvoking
Tests run: 0, Failures: 0, Errors: 0, Skipped: 0, Time elapsed: 1.558 sec - in com.huobi.client.impl.TestApiInvoking
Running com.huobi.client.impl.TestGetMarginBalanceDetail
21:31:00,956 |-INFO in ch.qos.logback.classic.LoggerContext[default] - Could NOT find resource [logback-test.xml]
21:31:00,956 |-INFO in ch.qos.logback.classic.LoggerContext[default] - Could NOT find resource [logback.groovy]
21:31:00,956 |-INFO in ch.qos.logback.classic.LoggerContext[default] - Found resource [logback.xml] at [file:/tmp/tmppyt1eksi/huobi_Java/target/classes/logback.xml]
21:31:01,116 |-INFO in ch.qos.logback.classic.joran.action.ConfigurationAction - Will scan for changes in [file:/tmp/tmppyt1eksi/huobi_Java/target/classes/logback.xml] 
21:31:01,116 |-INFO in ch.qos.logback.classic.joran.action.ConfigurationAction - Setting ReconfigureOnChangeTask scanning period to 30 seconds
21:31:01,117 |-INFO in ch.qos.logback.core.joran.action.AppenderAction - About to instantiate appender of type [ch.qos.logback.core.ConsoleAppender]
21:31:01,121 |-INFO in ch.qos.logback.core.joran.action.AppenderAction - Naming appender as [STDOUT]
21:31:01,129 |-INFO in ch.qos.logback.core.joran.action.NestedComplexPropertyIA - Assuming default type [ch.qos.logback.classic.encoder.PatternLayoutEncoder] for [encoder] property
21:31:01,166 |-INFO in ch.qos.logback.core.joran.action.AppenderAction - About to instantiate appender of type [ch.qos.logback.core.rolling.RollingFileAppender]
21:31:01,171 |-INFO in ch.qos.logback.core.joran.action.AppenderAction - Naming appender as [FILE]
21:31:01,178 |-INFO in c.q.l.core.rolling.TimeBasedRollingPolicy@2130026523 - No compression will be used
21:31:01,180 |-INFO in c.q.l.core.rolling.TimeBasedRollingPolicy@2130026523 - Will use the pattern logs/%d{yyyy-MM-dd}.log for the active file
21:31:01,183 |-INFO in c.q.l.core.rolling.DefaultTimeBasedFileNamingAndTriggeringPolicy - The date pattern is 'yyyy-MM-dd' from file name pattern 'logs/%d{yyyy-MM-dd}.log'.
21:31:01,183 |-INFO in c.q.l.core.rolling.DefaultTimeBasedFileNamingAndTriggeringPolicy - Roll-over at midnight.
21:31:01,183 |-INFO in c.q.l.core.rolling.DefaultTimeBasedFileNamingAndTriggeringPolicy - Setting initial period to Thu Jul 30 21:31:01 UTC 2020
21:31:01,184 |-INFO in ch.qos.logback.core.joran.action.NestedComplexPropertyIA - Assuming default type [ch.qos.logback.classic.encoder.PatternLayoutEncoder] for [encoder] property
21:31:01,187 |-INFO in ch.qos.logback.core.rolling.RollingFileAppender[FILE] - Active log file name: logs/2020-07-30.log
21:31:01,187 |-INFO in ch.qos.logback.core.rolling.RollingFileAppender[FILE] - File property is set to [null]
21:31:01,188 |-INFO in ch.qos.logback.classic.joran.action.RootLoggerAction - Setting level of ROOT logger to INFO
21:31:01,188 |-INFO in ch.qos.logback.core.joran.action.AppenderRefAction - Attaching appender named [STDOUT] to Logger[ROOT]
21:31:01,189 |-INFO in ch.qos.logback.core.joran.action.AppenderRefAction - Attaching appender named [FILE] to Logger[ROOT]
21:31:01,189 |-INFO in ch.qos.logback.classic.joran.action.ConfigurationAction - End of configuration.
21:31:01,189 |-INFO in ch.qos.logback.classic.joran.JoranConfigurator@161c4d43 - Registering current configuration as safe fallback point
Tests run: 3, Failures: 0, Errors: 0, Skipped: 0, Time elapsed: 0.019 sec - in com.huobi.client.impl.TestGetMarginBalanceDetail
Running com.huobi.client.impl.TestKeyAccoutsMap
21:31:02,140 |-INFO in ch.qos.logback.classic.LoggerContext[default] - Could NOT find resource [logback-test.xml]
21:31:02,140 |-INFO in ch.qos.logback.classic.LoggerContext[default] - Could NOT find resource [logback.groovy]
21:31:02,140 |-INFO in ch.qos.logback.classic.LoggerContext[default] - Found resource [logback.xml] at [file:/tmp/tmppyt1eksi/huobi_Java/target/classes/logback.xml]
21:31:02,325 |-INFO in ch.qos.logback.classic.joran.action.ConfigurationAction - Will scan for changes in [file:/tmp/tmppyt1eksi/huobi_Java/target/classes/logback.xml] 
21:31:02,325 |-INFO in ch.qos.logback.classic.joran.action.ConfigurationAction - Setting ReconfigureOnChangeTask scanning period to 30 seconds
21:31:02,326 |-INFO in ch.qos.logback.core.joran.action.AppenderAction - About to instantiate appender of type [ch.qos.logback.core.ConsoleAppender]
21:31:02,331 |-INFO in ch.qos.logback.core.joran.action.AppenderAction - Naming appender as [STDOUT]
21:31:02,338 |-INFO in ch.qos.logback.core.joran.action.NestedComplexPropertyIA - Assuming default type [ch.qos.logback.classic.encoder.PatternLayoutEncoder] for [encoder] property
21:31:02,382 |-INFO in ch.qos.logback.core.joran.action.AppenderAction - About to instantiate appender of type [ch.qos.logback.core.rolling.RollingFileAppender]
21:31:02,387 |-INFO in ch.qos.logback.core.joran.action.AppenderAction - Naming appender as [FILE]
21:31:02,398 |-INFO in c.q.l.core.rolling.TimeBasedRollingPolicy@1960786112 - No compression will be used
21:31:02,415 |-INFO in c.q.l.core.rolling.TimeBasedRollingPolicy@1960786112 - Will use the pattern logs/%d{yyyy-MM-dd}.log for the active file
21:31:02,420 |-INFO in c.q.l.core.rolling.DefaultTimeBasedFileNamingAndTriggeringPolicy - The date pattern is 'yyyy-MM-dd' from file name pattern 'logs/%d{yyyy-MM-dd}.log'.
21:31:02,420 |-INFO in c.q.l.core.rolling.DefaultTimeBasedFileNamingAndTriggeringPolicy - Roll-over at midnight.
21:31:02,421 |-INFO in c.q.l.core.rolling.DefaultTimeBasedFileNamingAndTriggeringPolicy - Setting initial period to Thu Jul 30 21:31:02 UTC 2020
21:31:02,423 |-INFO in ch.qos.logback.core.joran.action.NestedComplexPropertyIA - Assuming default type [ch.qos.logback.classic.encoder.PatternLayoutEncoder] for [encoder] property
21:31:02,426 |-INFO in ch.qos.logback.core.rolling.RollingFileAppender[FILE] - Active log file name: logs/2020-07-30.log
21:31:02,426 |-INFO in ch.qos.logback.core.rolling.RollingFileAppender[FILE] - File property is set to [null]
21:31:02,428 |-INFO in ch.qos.logback.classic.joran.action.RootLoggerAction - Setting level of ROOT logger to INFO
21:31:02,428 |-INFO in ch.qos.logback.core.joran.action.AppenderRefAction - Attaching appender named [STDOUT] to Logger[ROOT]
21:31:02,441 |-INFO in ch.qos.logback.core.joran.action.AppenderRefAction - Attaching appender named [FILE] to Logger[ROOT]
21:31:02,441 |-INFO in ch.qos.logback.classic.joran.action.ConfigurationAction - End of configuration.
21:31:02,442 |-INFO in ch.qos.logback.classic.joran.JoranConfigurator@1c7f3446 - Registering current configuration as safe fallback point
Tests run: 1, Failures: 0, Errors: 0, Skipped: 0, Time elapsed: 1.061 sec - in com.huobi.client.impl.TestKeyAccoutsMap
Running com.huobi.client.impl.TestAsyncRequestImpl
21:31:03,594 |-INFO in ch.qos.logback.classic.joran.action.ConfigurationAction - Will scan for changes in [file:/tmp/tmppyt1eksi/huobi_Java/target/classes/logback.xml] 
21:31:03,597 |-INFO in ch.qos.logback.classic.joran.action.ConfigurationAction - Setting ReconfigureOnChangeTask scanning period to 30 seconds
21:31:03,602 |-INFO in ch.qos.logback.core.joran.action.AppenderAction - About to instantiate appender of type [ch.qos.logback.core.ConsoleAppender]
21:31:03,607 |-INFO in ch.qos.logback.core.joran.action.AppenderAction - Naming appender as [STDOUT]
21:31:03,615 |-INFO in ch.qos.logback.core.joran.action.NestedComplexPropertyIA - Assuming default type [ch.qos.logback.classic.encoder.PatternLayoutEncoder] for [encoder] property
21:31:03,659 |-INFO in ch.qos.logback.core.joran.action.AppenderAction - About to instantiate appender of type [ch.qos.logback.core.rolling.RollingFileAppender]
21:31:03,665 |-INFO in ch.qos.logback.core.joran.action.AppenderAction - Naming appender as [FILE]
21:31:03,680 |-INFO in c.q.l.core.rolling.TimeBasedRollingPolicy@452197120 - No compression will be used
21:31:03,683 |-INFO in c.q.l.core.rolling.TimeBasedRollingPolicy@452197120 - Will use the pattern logs/%d{yyyy-MM-dd}.log for the active file
21:31:03,688 |-INFO in c.q.l.core.rolling.DefaultTimeBasedFileNamingAndTriggeringPolicy - The date pattern is 'yyyy-MM-dd' from file name pattern 'logs/%d{yyyy-MM-dd}.log'.
21:31:03,688 |-INFO in c.q.l.core.rolling.DefaultTimeBasedFileNamingAndTriggeringPolicy - Roll-over at midnight.
21:31:03,689 |-INFO in c.q.l.core.rolling.DefaultTimeBasedFileNamingAndTriggeringPolicy - Setting initial period to Thu Jul 30 21:31:03 UTC 2020
21:31:03,691 |-INFO in ch.qos.logback.core.joran.action.NestedComplexPropertyIA - Assuming default type [ch.qos.logback.classic.encoder.PatternLayoutEncoder] for [encoder] property
21:31:03,694 |-INFO in ch.qos.logback.core.rolling.RollingFileAppender[FILE] - Active log file name: logs/2020-07-30.log
21:31:03,695 |-INFO in ch.qos.logback.core.rolling.RollingFileAppender[FILE] - File property is set to [null]
21:31:03,696 |-INFO in ch.qos.logback.classic.joran.action.RootLoggerAction - Setting level of ROOT logger to INFO
21:31:03,697 |-INFO in ch.qos.logback.core.joran.action.AppenderRefAction - Attaching appender named [STDOUT] to Logger[ROOT]
21:31:03,698 |-INFO in ch.qos.logback.core.joran.action.AppenderRefAction - Attaching appender named [FILE] to Logger[ROOT]
21:31:03,698 |-INFO in ch.qos.logback.classic.joran.action.ConfigurationAction - End of configuration.
21:31:03,699 |-INFO in ch.qos.logback.classic.joran.JoranConfigurator@390af2f0 - Registering current configuration as safe fallback point
Tests run: 2, Failures: 0, Errors: 0, Skipped: 0, Time elapsed: 1.343 sec - in com.huobi.client.impl.TestAsyncRequestImpl
Running com.huobi.client.impl.TestGetWithdrawHistory
Tests run: 4, Failures: 0, Errors: 0, Skipped: 0, Time elapsed: 0.013 sec - in com.huobi.client.impl.TestGetWithdrawHistory
Running com.huobi.client.impl.TestSubscribePriceDepthEvent
2020-07-30 21:31:03 [INFO] - [Sub] Connection [id: 5] created for PriceDepth for [btcusdt]
Tests run: 3, Failures: 0, Errors: 0, Skipped: 0, Time elapsed: 0.009 sec - in com.huobi.client.impl.TestSubscribePriceDepthEvent
Running com.huobi.client.impl.TestGetEtfSwapHistory
Tests run: 3, Failures: 0, Errors: 0, Skipped: 0, Time elapsed: 0.012 sec - in com.huobi.client.impl.TestGetEtfSwapHistory
Running com.huobi.client.impl.TestGetLoanHistory
21:31:04,110 |-INFO in ch.qos.logback.classic.LoggerContext[default] - Could NOT find resource [logback-test.xml]
21:31:04,110 |-INFO in ch.qos.logback.classic.LoggerContext[default] - Could NOT find resource [logback.groovy]
21:31:04,110 |-INFO in ch.qos.logback.classic.LoggerContext[default] - Found resource [logback.xml] at [file:/tmp/tmppyt1eksi/huobi_Java/target/classes/logback.xml]
21:31:04,292 |-INFO in ch.qos.logback.classic.joran.action.ConfigurationAction - Will scan for changes in [file:/tmp/tmppyt1eksi/huobi_Java/target/classes/logback.xml] 
21:31:04,293 |-INFO in ch.qos.logback.classic.joran.action.ConfigurationAction - Setting ReconfigureOnChangeTask scanning period to 30 seconds
21:31:04,294 |-INFO in ch.qos.logback.core.joran.action.AppenderAction - About to instantiate appender of type [ch.qos.logback.core.ConsoleAppender]
21:31:04,299 |-INFO in ch.qos.logback.core.joran.action.AppenderAction - Naming appender as [STDOUT]
21:31:04,307 |-INFO in ch.qos.logback.core.joran.action.NestedComplexPropertyIA - Assuming default type [ch.qos.logback.classic.encoder.PatternLayoutEncoder] for [encoder] property
21:31:04,348 |-INFO in ch.qos.logback.core.joran.action.AppenderAction - About to instantiate appender of type [ch.qos.logback.core.rolling.RollingFileAppender]
21:31:04,354 |-INFO in ch.qos.logback.core.joran.action.AppenderAction - Naming appender as [FILE]
21:31:04,365 |-INFO in c.q.l.core.rolling.TimeBasedRollingPolicy@1965747228 - No compression will be used
21:31:04,368 |-INFO in c.q.l.core.rolling.TimeBasedRollingPolicy@1965747228 - Will use the pattern logs/%d{yyyy-MM-dd}.log for the active file
21:31:04,374 |-INFO in c.q.l.core.rolling.DefaultTimeBasedFileNamingAndTriggeringPolicy - The date pattern is 'yyyy-MM-dd' from file name pattern 'logs/%d{yyyy-MM-dd}.log'.
21:31:04,374 |-INFO in c.q.l.core.rolling.DefaultTimeBasedFileNamingAndTriggeringPolicy - Roll-over at midnight.
21:31:04,374 |-INFO in c.q.l.core.rolling.DefaultTimeBasedFileNamingAndTriggeringPolicy - Setting initial period to Thu Jul 30 21:31:04 UTC 2020
21:31:04,376 |-INFO in ch.qos.logback.core.joran.action.NestedComplexPropertyIA - Assuming default type [ch.qos.logback.classic.encoder.PatternLayoutEncoder] for [encoder] property
21:31:04,380 |-INFO in ch.qos.logback.core.rolling.RollingFileAppender[FILE] - Active log file name: logs/2020-07-30.log
21:31:04,380 |-INFO in ch.qos.logback.core.rolling.RollingFileAppender[FILE] - File property is set to [null]
21:31:04,381 |-INFO in ch.qos.logback.classic.joran.action.RootLoggerAction - Setting level of ROOT logger to INFO
21:31:04,382 |-INFO in ch.qos.logback.core.joran.action.AppenderRefAction - Attaching appender named [STDOUT] to Logger[ROOT]
21:31:04,384 |-INFO in ch.qos.logback.core.joran.action.AppenderRefAction - Attaching appender named [FILE] to Logger[ROOT]
21:31:04,384 |-INFO in ch.qos.logback.classic.joran.action.ConfigurationAction - End of configuration.
21:31:04,385 |-INFO in ch.qos.logback.classic.joran.JoranConfigurator@645de2a1 - Registering current configuration as safe fallback point
Tests run: 5, Failures: 0, Errors: 0, Skipped: 0, Time elapsed: 0.903 sec - in com.huobi.client.impl.TestGetLoanHistory
Running com.huobi.client.impl.TestgetCurrentUserAllAccounts
Tests run: 3, Failures: 0, Errors: 0, Skipped: 0, Time elapsed: 0.005 sec - in com.huobi.client.impl.TestgetCurrentUserAllAccounts
Running com.huobi.client.impl.TestSubscribeTradeEvent
2020-07-30 21:31:04 [INFO] - [Sub] Connection [id: 6] created for Trade for [btcusdt]
Tests run: 3, Failures: 0, Errors: 0, Skipped: 0, Time elapsed: 0.012 sec - in com.huobi.client.impl.TestSubscribeTradeEvent
Running com.huobi.client.impl.TestCancleOpenOrders
21:31:04,955 |-INFO in ch.qos.logback.classic.LoggerContext[default] - Could NOT find resource [logback-test.xml]
21:31:04,955 |-INFO in ch.qos.logback.classic.LoggerContext[default] - Could NOT find resource [logback.groovy]
21:31:04,955 |-INFO in ch.qos.logback.classic.LoggerContext[default] - Found resource [logback.xml] at [file:/tmp/tmppyt1eksi/huobi_Java/target/classes/logback.xml]
21:31:05,232 |-INFO in ch.qos.logback.classic.joran.action.ConfigurationAction - Will scan for changes in [file:/tmp/tmppyt1eksi/huobi_Java/target/classes/logback.xml] 
21:31:05,232 |-INFO in ch.qos.logback.classic.joran.action.ConfigurationAction - Setting ReconfigureOnChangeTask scanning period to 30 seconds
21:31:05,234 |-INFO in ch.qos.logback.core.joran.action.AppenderAction - About to instantiate appender of type [ch.qos.logback.core.ConsoleAppender]
21:31:05,240 |-INFO in ch.qos.logback.core.joran.action.AppenderAction - Naming appender as [STDOUT]
21:31:05,250 |-INFO in ch.qos.logback.core.joran.action.NestedComplexPropertyIA - Assuming default type [ch.qos.logback.classic.encoder.PatternLayoutEncoder] for [encoder] property
21:31:05,299 |-INFO in ch.qos.logback.core.joran.action.AppenderAction - About to instantiate appender of type [ch.qos.logback.core.rolling.RollingFileAppender]
21:31:05,304 |-INFO in ch.qos.logback.core.joran.action.AppenderAction - Naming appender as [FILE]
21:31:05,314 |-INFO in c.q.l.core.rolling.TimeBasedRollingPolicy@623402349 - No compression will be used
21:31:05,424 |-INFO in c.q.l.core.rolling.TimeBasedRollingPolicy@623402349 - Will use the pattern logs/%d{yyyy-MM-dd}.log for the active file
21:31:05,434 |-INFO in c.q.l.core.rolling.DefaultTimeBasedFileNamingAndTriggeringPolicy - The date pattern is 'yyyy-MM-dd' from file name pattern 'logs/%d{yyyy-MM-dd}.log'.
21:31:05,434 |-INFO in c.q.l.core.rolling.DefaultTimeBasedFileNamingAndTriggeringPolicy - Roll-over at midnight.
21:31:05,435 |-INFO in c.q.l.core.rolling.DefaultTimeBasedFileNamingAndTriggeringPolicy - Setting initial period to Thu Jul 30 21:31:05 UTC 2020
21:31:05,439 |-INFO in ch.qos.logback.core.joran.action.NestedComplexPropertyIA - Assuming default type [ch.qos.logback.classic.encoder.PatternLayoutEncoder] for [encoder] property
21:31:05,443 |-INFO in ch.qos.logback.core.rolling.RollingFileAppender[FILE] - Active log file name: logs/2020-07-30.log
21:31:05,443 |-INFO in ch.qos.logback.core.rolling.RollingFileAppender[FILE] - File property is set to [null]
21:31:05,445 |-INFO in ch.qos.logback.classic.joran.action.RootLoggerAction - Setting level of ROOT logger to INFO
21:31:05,445 |-INFO in ch.qos.logback.core.joran.action.AppenderRefAction - Attaching appender named [STDOUT] to Logger[ROOT]
21:31:05,446 |-INFO in ch.qos.logback.core.joran.action.AppenderRefAction - Attaching appender named [FILE] to Logger[ROOT]
21:31:05,446 |-INFO in ch.qos.logback.classic.joran.action.ConfigurationAction - End of configuration.
21:31:05,447 |-INFO in ch.qos.logback.classic.joran.JoranConfigurator@6f13b21a - Registering current configuration as safe fallback point
Tests run: 5, Failures: 0, Errors: 0, Skipped: 0, Time elapsed: 1.086 sec - in com.huobi.client.impl.TestCancleOpenOrders
Running com.huobi.client.impl.TestGetPriceDepth
Tests run: 6, Failures: 0, Errors: 0, Skipped: 0, Time elapsed: 0.006 sec - in com.huobi.client.impl.TestGetPriceDepth
Running com.huobi.client.impl.TestGetExchangeTimestamp
Tests run: 2, Failures: 0, Errors: 0, Skipped: 0, Time elapsed: 0 sec - in com.huobi.client.impl.TestGetExchangeTimestamp
Running com.huobi.client.impl.TestRepayLoan
Tests run: 2, Failures: 0, Errors: 0, Skipped: 0, Time elapsed: 0.003 sec - in com.huobi.client.impl.TestRepayLoan
Running com.huobi.client.impl.TestGetEtfSwapConfig
Tests run: 3, Failures: 0, Errors: 0, Skipped: 0, Time elapsed: 0.004 sec - in com.huobi.client.impl.TestGetEtfSwapConfig
Running com.huobi.client.impl.TestApplyLoan
Tests run: 5, Failures: 0, Errors: 0, Skipped: 0, Time elapsed: 0.01 sec - in com.huobi.client.impl.TestApplyLoan
Running com.huobi.client.impl.TestEtfSwap
Tests run: 2, Failures: 0, Errors: 0, Skipped: 0, Time elapsed: 0 sec - in com.huobi.client.impl.TestEtfSwap
Running com.huobi.client.impl.TestEnumLookup
Tests run: 3, Failures: 0, Errors: 0, Skipped: 0, Time elapsed: 0 sec - in com.huobi.client.impl.TestEnumLookup
Running com.huobi.client.impl.TestTransferMaster
Tests run: 6, Failures: 0, Errors: 0, Skipped: 0, Time elapsed: 0.005 sec - in com.huobi.client.impl.TestTransferMaster
Running com.huobi.client.impl.TestGetMatchResult
Tests run: 4, Failures: 0, Errors: 0, Skipped: 0, Time elapsed: 0.001 sec - in com.huobi.client.impl.TestGetMatchResult
Running com.huobi.client.impl.TestGetBestQuote
Tests run: 4, Failures: 0, Errors: 0, Skipped: 0, Time elapsed: 0 sec - in com.huobi.client.impl.TestGetBestQuote
Running com.huobi.client.impl.TestGetBalance
Tests run: 3, Failures: 0, Errors: 0, Skipped: 0, Time elapsed: 0.028 sec - in com.huobi.client.impl.TestGetBalance
Running com.huobi.client.impl.TestgetSpecifyAccount
Tests run: 3, Failures: 0, Errors: 0, Skipped: 0, Time elapsed: 0.011 sec - in com.huobi.client.impl.TestgetSpecifyAccount
Running com.huobi.client.impl.TestGetDepositHistory
Tests run: 4, Failures: 0, Errors: 0, Skipped: 0, Time elapsed: 0.003 sec - in com.huobi.client.impl.TestGetDepositHistory
Running com.huobi.client.impl.TestGetOrder
21:31:06,166 |-INFO in ch.qos.logback.classic.LoggerContext[default] - Could NOT find resource [logback-test.xml]
21:31:06,166 |-INFO in ch.qos.logback.classic.LoggerContext[default] - Could NOT find resource [logback.groovy]
21:31:06,166 |-INFO in ch.qos.logback.classic.LoggerContext[default] - Found resource [logback.xml] at [file:/tmp/tmppyt1eksi/huobi_Java/target/classes/logback.xml]
21:31:06,354 |-INFO in ch.qos.logback.classic.joran.action.ConfigurationAction - Will scan for changes in [file:/tmp/tmppyt1eksi/huobi_Java/target/classes/logback.xml] 
21:31:06,354 |-INFO in ch.qos.logback.classic.joran.action.ConfigurationAction - Setting ReconfigureOnChangeTask scanning period to 30 seconds
21:31:06,358 |-INFO in ch.qos.logback.core.joran.action.AppenderAction - About to instantiate appender of type [ch.qos.logback.core.ConsoleAppender]
21:31:06,364 |-INFO in ch.qos.logback.core.joran.action.AppenderAction - Naming appender as [STDOUT]
21:31:06,373 |-INFO in ch.qos.logback.core.joran.action.NestedComplexPropertyIA - Assuming default type [ch.qos.logback.classic.encoder.PatternLayoutEncoder] for [encoder] property
21:31:06,418 |-INFO in ch.qos.logback.core.joran.action.AppenderAction - About to instantiate appender of type [ch.qos.logback.core.rolling.RollingFileAppender]
21:31:06,424 |-INFO in ch.qos.logback.core.joran.action.AppenderAction - Naming appender as [FILE]
21:31:06,435 |-INFO in c.q.l.core.rolling.TimeBasedRollingPolicy@611300201 - No compression will be used
21:31:06,438 |-INFO in c.q.l.core.rolling.TimeBasedRollingPolicy@611300201 - Will use the pattern logs/%d{yyyy-MM-dd}.log for the active file
21:31:06,443 |-INFO in c.q.l.core.rolling.DefaultTimeBasedFileNamingAndTriggeringPolicy - The date pattern is 'yyyy-MM-dd' from file name pattern 'logs/%d{yyyy-MM-dd}.log'.
21:31:06,443 |-INFO in c.q.l.core.rolling.DefaultTimeBasedFileNamingAndTriggeringPolicy - Roll-over at midnight.
21:31:06,444 |-INFO in c.q.l.core.rolling.DefaultTimeBasedFileNamingAndTriggeringPolicy - Setting initial period to Thu Jul 30 21:31:06 UTC 2020
21:31:06,446 |-INFO in ch.qos.logback.core.joran.action.NestedComplexPropertyIA - Assuming default type [ch.qos.logback.classic.encoder.PatternLayoutEncoder] for [encoder] property
21:31:06,450 |-INFO in ch.qos.logback.core.rolling.RollingFileAppender[FILE] - Active log file name: logs/2020-07-30.log
21:31:06,450 |-INFO in ch.qos.logback.core.rolling.RollingFileAppender[FILE] - File property is set to [null]
21:31:06,451 |-INFO in ch.qos.logback.classic.joran.action.RootLoggerAction - Setting level of ROOT logger to INFO
21:31:06,452 |-INFO in ch.qos.logback.core.joran.action.AppenderRefAction - Attaching appender named [STDOUT] to Logger[ROOT]
21:31:06,453 |-INFO in ch.qos.logback.core.joran.action.AppenderRefAction - Attaching appender named [FILE] to Logger[ROOT]
21:31:06,453 |-INFO in ch.qos.logback.classic.joran.action.ConfigurationAction - End of configuration.
21:31:06,454 |-INFO in ch.qos.logback.classic.joran.JoranConfigurator@4a762926 - Registering current configuration as safe fallback point
Tests run: 4, Failures: 0, Errors: 0, Skipped: 0, Time elapsed: 0.845 sec - in com.huobi.client.impl.TestGetOrder
Running com.huobi.client.impl.TestSubscribeAccountEvent
21:31:06,977 |-INFO in ch.qos.logback.classic.LoggerContext[default] - Could NOT find resource [logback-test.xml]
21:31:06,977 |-INFO in ch.qos.logback.classic.LoggerContext[default] - Could NOT find resource [logback.groovy]
21:31:06,977 |-INFO in ch.qos.logback.classic.LoggerContext[default] - Found resource [logback.xml] at [file:/tmp/tmppyt1eksi/huobi_Java/target/classes/logback.xml]
21:31:07,279 |-INFO in ch.qos.logback.classic.joran.action.ConfigurationAction - Will scan for changes in [file:/tmp/tmppyt1eksi/huobi_Java/target/classes/logback.xml] 
21:31:07,280 |-INFO in ch.qos.logback.classic.joran.action.ConfigurationAction - Setting ReconfigureOnChangeTask scanning period to 30 seconds
21:31:07,286 |-INFO in ch.qos.logback.core.joran.action.AppenderAction - About to instantiate appender of type [ch.qos.logback.core.ConsoleAppender]
21:31:07,291 |-INFO in ch.qos.logback.core.joran.action.AppenderAction - Naming appender as [STDOUT]
21:31:07,304 |-INFO in ch.qos.logback.core.joran.action.NestedComplexPropertyIA - Assuming default type [ch.qos.logback.classic.encoder.PatternLayoutEncoder] for [encoder] property
21:31:07,347 |-INFO in ch.qos.logback.core.joran.action.AppenderAction - About to instantiate appender of type [ch.qos.logback.core.rolling.RollingFileAppender]
21:31:07,357 |-INFO in ch.qos.logback.core.joran.action.AppenderAction - Naming appender as [FILE]
21:31:07,804 |-INFO in c.q.l.core.rolling.TimeBasedRollingPolicy@693013224 - No compression will be used
21:31:07,806 |-INFO in c.q.l.core.rolling.TimeBasedRollingPolicy@693013224 - Will use the pattern logs/%d{yyyy-MM-dd}.log for the active file
21:31:07,813 |-INFO in c.q.l.core.rolling.DefaultTimeBasedFileNamingAndTriggeringPolicy - The date pattern is 'yyyy-MM-dd' from file name pattern 'logs/%d{yyyy-MM-dd}.log'.
21:31:07,813 |-INFO in c.q.l.core.rolling.DefaultTimeBasedFileNamingAndTriggeringPolicy - Roll-over at midnight.
21:31:07,815 |-INFO in c.q.l.core.rolling.DefaultTimeBasedFileNamingAndTriggeringPolicy - Setting initial period to Thu Jul 30 21:31:07 UTC 2020
21:31:07,817 |-INFO in ch.qos.logback.core.joran.action.NestedComplexPropertyIA - Assuming default type [ch.qos.logback.classic.encoder.PatternLayoutEncoder] for [encoder] property
21:31:07,822 |-INFO in ch.qos.logback.core.rolling.RollingFileAppender[FILE] - Active log file name: logs/2020-07-30.log
21:31:07,822 |-INFO in ch.qos.logback.core.rolling.RollingFileAppender[FILE] - File property is set to [null]
21:31:07,824 |-INFO in ch.qos.logback.classic.joran.action.RootLoggerAction - Setting level of ROOT logger to INFO
21:31:07,824 |-INFO in ch.qos.logback.core.joran.action.AppenderRefAction - Attaching appender named [STDOUT] to Logger[ROOT]
21:31:07,825 |-INFO in ch.qos.logback.core.joran.action.AppenderRefAction - Attaching appender named [FILE] to Logger[ROOT]
21:31:07,825 |-INFO in ch.qos.logback.classic.joran.action.ConfigurationAction - End of configuration.
21:31:07,826 |-INFO in ch.qos.logback.classic.joran.JoranConfigurator@8582a5c - Registering current configuration as safe fallback point
2020-07-30 21:31:07 [INFO] - [Sub] Connection [id: 0] created for Account
Tests run: 2, Failures: 0, Errors: 0, Skipped: 0, Time elapsed: 1.459 sec - in com.huobi.client.impl.TestSubscribeAccountEvent
Running com.huobi.client.impl.TestGetOpenOrders
21:31:08,568 |-INFO in ch.qos.logback.classic.LoggerContext[default] - Could NOT find resource [logback-test.xml]
21:31:08,568 |-INFO in ch.qos.logback.classic.LoggerContext[default] - Could NOT find resource [logback.groovy]
21:31:08,568 |-INFO in ch.qos.logback.classic.LoggerContext[default] - Found resource [logback.xml] at [file:/tmp/tmppyt1eksi/huobi_Java/target/classes/logback.xml]
21:31:08,749 |-INFO in ch.qos.logback.classic.joran.action.ConfigurationAction - Will scan for changes in [file:/tmp/tmppyt1eksi/huobi_Java/target/classes/logback.xml] 
21:31:08,749 |-INFO in ch.qos.logback.classic.joran.action.ConfigurationAction - Setting ReconfigureOnChangeTask scanning period to 30 seconds
21:31:08,751 |-INFO in ch.qos.logback.core.joran.action.AppenderAction - About to instantiate appender of type [ch.qos.logback.core.ConsoleAppender]
21:31:08,756 |-INFO in ch.qos.logback.core.joran.action.AppenderAction - Naming appender as [STDOUT]
21:31:08,766 |-INFO in ch.qos.logback.core.joran.action.NestedComplexPropertyIA - Assuming default type [ch.qos.logback.classic.encoder.PatternLayoutEncoder] for [encoder] property
21:31:08,809 |-INFO in ch.qos.logback.core.joran.action.AppenderAction - About to instantiate appender of type [ch.qos.logback.core.rolling.RollingFileAppender]
21:31:08,822 |-INFO in ch.qos.logback.core.joran.action.AppenderAction - Naming appender as [FILE]
21:31:08,833 |-INFO in c.q.l.core.rolling.TimeBasedRollingPolicy@680366151 - No compression will be used
21:31:08,835 |-INFO in c.q.l.core.rolling.TimeBasedRollingPolicy@680366151 - Will use the pattern logs/%d{yyyy-MM-dd}.log for the active file
21:31:08,840 |-INFO in c.q.l.core.rolling.DefaultTimeBasedFileNamingAndTriggeringPolicy - The date pattern is 'yyyy-MM-dd' from file name pattern 'logs/%d{yyyy-MM-dd}.log'.
21:31:08,841 |-INFO in c.q.l.core.rolling.DefaultTimeBasedFileNamingAndTriggeringPolicy - Roll-over at midnight.
21:31:08,841 |-INFO in c.q.l.core.rolling.DefaultTimeBasedFileNamingAndTriggeringPolicy - Setting initial period to Thu Jul 30 21:31:08 UTC 2020
21:31:08,844 |-INFO in ch.qos.logback.core.joran.action.NestedComplexPropertyIA - Assuming default type [ch.qos.logback.classic.encoder.PatternLayoutEncoder] for [encoder] property
21:31:08,849 |-INFO in ch.qos.logback.core.rolling.RollingFileAppender[FILE] - Active log file name: logs/2020-07-30.log
21:31:08,849 |-INFO in ch.qos.logback.core.rolling.RollingFileAppender[FILE] - File property is set to [null]
21:31:08,851 |-INFO in ch.qos.logback.classic.joran.action.RootLoggerAction - Setting level of ROOT logger to INFO
21:31:08,852 |-INFO in ch.qos.logback.core.joran.action.AppenderRefAction - Attaching appender named [STDOUT] to Logger[ROOT]
21:31:08,853 |-INFO in ch.qos.logback.core.joran.action.AppenderRefAction - Attaching appender named [FILE] to Logger[ROOT]
21:31:08,853 |-INFO in ch.qos.logback.classic.joran.action.ConfigurationAction - End of configuration.
21:31:08,855 |-INFO in ch.qos.logback.classic.joran.JoranConfigurator@112e36e1 - Registering current configuration as safe fallback point
Tests run: 5, Failures: 0, Errors: 0, Skipped: 0, Time elapsed: 0.901 sec - in com.huobi.client.impl.TestGetOpenOrders
Running com.huobi.client.impl.TestGetAccount
Tests run: 3, Failures: 0, Errors: 0, Skipped: 0, Time elapsed: 0.008 sec - in com.huobi.client.impl.TestGetAccount
Running com.huobi.client.impl.TestApiSignature
Tests run: 1, Failures: 0, Errors: 0, Skipped: 0, Time elapsed: 0.326 sec - in com.huobi.client.impl.TestApiSignature
Running com.huobi.client.impl.TestGetSymbols
Tests run: 2, Failures: 0, Errors: 0, Skipped: 0, Time elapsed: 0.002 sec - in com.huobi.client.impl.TestGetSymbols
Running com.huobi.client.impl.TestGetTickers
Tests run: 1, Failures: 0, Errors: 0, Skipped: 0, Time elapsed: 0.003 sec - in com.huobi.client.impl.TestGetTickers
Running com.huobi.client.impl.TestCancelWithdraw
Tests run: 3, Failures: 0, Errors: 0, Skipped: 0, Time elapsed: 0.003 sec - in com.huobi.client.impl.TestCancelWithdraw
Running com.huobi.client.impl.TestGet24HTradeStatistics
Tests run: 4, Failures: 0, Errors: 0, Skipped: 0, Time elapsed: 0.029 sec - in com.huobi.client.impl.TestGet24HTradeStatistics
Running com.huobi.client.impl.TestSyncRequestImpl
21:31:10,337 |-INFO in ch.qos.logback.classic.LoggerContext[default] - Could NOT find resource [logback-test.xml]
21:31:10,337 |-INFO in ch.qos.logback.classic.LoggerContext[default] - Could NOT find resource [logback.groovy]
21:31:10,337 |-INFO in ch.qos.logback.classic.LoggerContext[default] - Found resource [logback.xml] at [file:/tmp/tmppyt1eksi/huobi_Java/target/classes/logback.xml]
21:31:10,491 |-INFO in ch.qos.logback.classic.joran.action.ConfigurationAction - Will scan for changes in [file:/tmp/tmppyt1eksi/huobi_Java/target/classes/logback.xml] 
21:31:10,491 |-INFO in ch.qos.logback.classic.joran.action.ConfigurationAction - Setting ReconfigureOnChangeTask scanning period to 30 seconds
21:31:10,492 |-INFO in ch.qos.logback.core.joran.action.AppenderAction - About to instantiate appender of type [ch.qos.logback.core.ConsoleAppender]
21:31:10,497 |-INFO in ch.qos.logback.core.joran.action.AppenderAction - Naming appender as [STDOUT]
21:31:10,506 |-INFO in ch.qos.logback.core.joran.action.NestedComplexPropertyIA - Assuming default type [ch.qos.logback.classic.encoder.PatternLayoutEncoder] for [encoder] property
21:31:10,541 |-INFO in ch.qos.logback.core.joran.action.AppenderAction - About to instantiate appender of type [ch.qos.logback.core.rolling.RollingFileAppender]
21:31:10,546 |-INFO in ch.qos.logback.core.joran.action.AppenderAction - Naming appender as [FILE]
21:31:10,555 |-INFO in c.q.l.core.rolling.TimeBasedRollingPolicy@1866078342 - No compression will be used
21:31:10,558 |-INFO in c.q.l.core.rolling.TimeBasedRollingPolicy@1866078342 - Will use the pattern logs/%d{yyyy-MM-dd}.log for the active file
21:31:10,563 |-INFO in c.q.l.core.rolling.DefaultTimeBasedFileNamingAndTriggeringPolicy - The date pattern is 'yyyy-MM-dd' from file name pattern 'logs/%d{yyyy-MM-dd}.log'.
21:31:10,563 |-INFO in c.q.l.core.rolling.DefaultTimeBasedFileNamingAndTriggeringPolicy - Roll-over at midnight.
21:31:10,563 |-INFO in c.q.l.core.rolling.DefaultTimeBasedFileNamingAndTriggeringPolicy - Setting initial period to Thu Jul 30 21:31:10 UTC 2020
21:31:10,565 |-INFO in ch.qos.logback.core.joran.action.NestedComplexPropertyIA - Assuming default type [ch.qos.logback.classic.encoder.PatternLayoutEncoder] for [encoder] property
21:31:10,568 |-INFO in ch.qos.logback.core.rolling.RollingFileAppender[FILE] - Active log file name: logs/2020-07-30.log
21:31:10,568 |-INFO in ch.qos.logback.core.rolling.RollingFileAppender[FILE] - File property is set to [null]
21:31:10,569 |-INFO in ch.qos.logback.classic.joran.action.RootLoggerAction - Setting level of ROOT logger to INFO
21:31:10,570 |-INFO in ch.qos.logback.core.joran.action.AppenderRefAction - Attaching appender named [STDOUT] to Logger[ROOT]
21:31:10,571 |-INFO in ch.qos.logback.core.joran.action.AppenderRefAction - Attaching appender named [FILE] to Logger[ROOT]
21:31:10,571 |-INFO in ch.qos.logback.classic.joran.action.ConfigurationAction - End of configuration.
21:31:10,572 |-INFO in ch.qos.logback.classic.joran.JoranConfigurator@95a8ea7 - Registering current configuration as safe fallback point
Tests run: 9, Failures: 0, Errors: 0, Skipped: 0, Time elapsed: 1.077 sec - in com.huobi.client.impl.TestSyncRequestImpl
Running com.huobi.client.impl.TestCreateOrder
21:31:10,910 |-INFO in ch.qos.logback.classic.LoggerContext[default] - Could NOT find resource [logback-test.xml]
21:31:10,910 |-INFO in ch.qos.logback.classic.LoggerContext[default] - Could NOT find resource [logback.groovy]
21:31:10,911 |-INFO in ch.qos.logback.classic.LoggerContext[default] - Found resource [logback.xml] at [file:/tmp/tmppyt1eksi/huobi_Java/target/classes/logback.xml]
21:31:11,103 |-INFO in ch.qos.logback.classic.joran.action.ConfigurationAction - Will scan for changes in [file:/tmp/tmppyt1eksi/huobi_Java/target/classes/logback.xml] 
21:31:11,104 |-INFO in ch.qos.logback.classic.joran.action.ConfigurationAction - Setting ReconfigureOnChangeTask scanning period to 30 seconds
21:31:11,110 |-INFO in ch.qos.logback.core.joran.action.AppenderAction - About to instantiate appender of type [ch.qos.logback.core.ConsoleAppender]
21:31:11,117 |-INFO in ch.qos.logback.core.joran.action.AppenderAction - Naming appender as [STDOUT]
21:31:11,130 |-INFO in ch.qos.logback.core.joran.action.NestedComplexPropertyIA - Assuming default type [ch.qos.logback.classic.encoder.PatternLayoutEncoder] for [encoder] property
21:31:11,181 |-INFO in ch.qos.logback.core.joran.action.AppenderAction - About to instantiate appender of type [ch.qos.logback.core.rolling.RollingFileAppender]
21:31:11,186 |-INFO in ch.qos.logback.core.joran.action.AppenderAction - Naming appender as [FILE]
21:31:11,197 |-INFO in c.q.l.core.rolling.TimeBasedRollingPolicy@477851731 - No compression will be used
21:31:11,200 |-INFO in c.q.l.core.rolling.TimeBasedRollingPolicy@477851731 - Will use the pattern logs/%d{yyyy-MM-dd}.log for the active file
21:31:11,205 |-INFO in c.q.l.core.rolling.DefaultTimeBasedFileNamingAndTriggeringPolicy - The date pattern is 'yyyy-MM-dd' from file name pattern 'logs/%d{yyyy-MM-dd}.log'.
21:31:11,205 |-INFO in c.q.l.core.rolling.DefaultTimeBasedFileNamingAndTriggeringPolicy - Roll-over at midnight.
21:31:11,206 |-INFO in c.q.l.core.rolling.DefaultTimeBasedFileNamingAndTriggeringPolicy - Setting initial period to Thu Jul 30 21:31:11 UTC 2020
21:31:11,207 |-INFO in ch.qos.logback.core.joran.action.NestedComplexPropertyIA - Assuming default type [ch.qos.logback.classic.encoder.PatternLayoutEncoder] for [encoder] property
21:31:11,211 |-INFO in ch.qos.logback.core.rolling.RollingFileAppender[FILE] - Active log file name: logs/2020-07-30.log
21:31:11,212 |-INFO in ch.qos.logback.core.rolling.RollingFileAppender[FILE] - File property is set to [null]
21:31:11,213 |-INFO in ch.qos.logback.classic.joran.action.RootLoggerAction - Setting level of ROOT logger to INFO
21:31:11,214 |-INFO in ch.qos.logback.core.joran.action.AppenderRefAction - Attaching appender named [STDOUT] to Logger[ROOT]
21:31:11,215 |-INFO in ch.qos.logback.core.joran.action.AppenderRefAction - Attaching appender named [FILE] to Logger[ROOT]
21:31:11,215 |-INFO in ch.qos.logback.classic.joran.action.ConfigurationAction - End of configuration.
21:31:11,216 |-INFO in ch.qos.logback.classic.joran.JoranConfigurator@5adb7339 - Registering current configuration as safe fallback point
Tests run: 6, Failures: 0, Errors: 0, Skipped: 0, Time elapsed: 0.924 sec - in com.huobi.client.impl.TestCreateOrder
Running com.huobi.client.impl.TestJsonWrapper
Tests run: 13, Failures: 0, Errors: 0, Skipped: 0, Time elapsed: 0.013 sec - in com.huobi.client.impl.TestJsonWrapper
Running com.huobi.client.impl.TestGetHistoricalTrade
Tests run: 6, Failures: 0, Errors: 0, Skipped: 0, Time elapsed: 0.001 sec - in com.huobi.client.impl.TestGetHistoricalTrade
Running com.huobi.client.impl.TestTransfer
Tests run: 7, Failures: 0, Errors: 0, Skipped: 0, Time elapsed: 0.016 sec - in com.huobi.client.impl.TestTransfer
Running com.huobi.client.impl.TestSubscribeCandlestickEvent
2020-07-30 21:31:11 [INFO] - [Sub] Connection [id: 7] created for Candlestick for [btcusdt, btcht] ...
2020-07-30 21:31:11 [INFO] - [Sub] Connection [id: 8] created for Candlestick for [btcusdt]
Tests run: 4, Failures: 0, Errors: 0, Skipped: 0, Time elapsed: 0.018 sec - in com.huobi.client.impl.TestSubscribeCandlestickEvent
Running com.huobi.client.impl.TestGetHistoryOrders
21:31:12,142 |-INFO in ch.qos.logback.classic.LoggerContext[default] - Could NOT find resource [logback-test.xml]
21:31:12,142 |-INFO in ch.qos.logback.classic.LoggerContext[default] - Could NOT find resource [logback.groovy]
21:31:12,142 |-INFO in ch.qos.logback.classic.LoggerContext[default] - Found resource [logback.xml] at [file:/tmp/tmppyt1eksi/huobi_Java/target/classes/logback.xml]
21:31:12,323 |-INFO in ch.qos.logback.classic.joran.action.ConfigurationAction - Will scan for changes in [file:/tmp/tmppyt1eksi/huobi_Java/target/classes/logback.xml] 
21:31:12,324 |-INFO in ch.qos.logback.classic.joran.action.ConfigurationAction - Setting ReconfigureOnChangeTask scanning period to 30 seconds
21:31:12,325 |-INFO in ch.qos.logback.core.joran.action.AppenderAction - About to instantiate appender of type [ch.qos.logback.core.ConsoleAppender]
21:31:12,330 |-INFO in ch.qos.logback.core.joran.action.AppenderAction - Naming appender as [STDOUT]
21:31:12,339 |-INFO in ch.qos.logback.core.joran.action.NestedComplexPropertyIA - Assuming default type [ch.qos.logback.classic.encoder.PatternLayoutEncoder] for [encoder] property
21:31:12,381 |-INFO in ch.qos.logback.core.joran.action.AppenderAction - About to instantiate appender of type [ch.qos.logback.core.rolling.RollingFileAppender]
21:31:12,386 |-INFO in ch.qos.logback.core.joran.action.AppenderAction - Naming appender as [FILE]
21:31:12,398 |-INFO in c.q.l.core.rolling.TimeBasedRollingPolicy@1611888479 - No compression will be used
21:31:12,401 |-INFO in c.q.l.core.rolling.TimeBasedRollingPolicy@1611888479 - Will use the pattern logs/%d{yyyy-MM-dd}.log for the active file
21:31:12,406 |-INFO in c.q.l.core.rolling.DefaultTimeBasedFileNamingAndTriggeringPolicy - The date pattern is 'yyyy-MM-dd' from file name pattern 'logs/%d{yyyy-MM-dd}.log'.
21:31:12,407 |-INFO in c.q.l.core.rolling.DefaultTimeBasedFileNamingAndTriggeringPolicy - Roll-over at midnight.
21:31:12,408 |-INFO in c.q.l.core.rolling.DefaultTimeBasedFileNamingAndTriggeringPolicy - Setting initial period to Thu Jul 30 21:31:12 UTC 2020
21:31:12,411 |-INFO in ch.qos.logback.core.joran.action.NestedComplexPropertyIA - Assuming default type [ch.qos.logback.classic.encoder.PatternLayoutEncoder] for [encoder] property
21:31:12,414 |-INFO in ch.qos.logback.core.rolling.RollingFileAppender[FILE] - Active log file name: logs/2020-07-30.log
21:31:12,414 |-INFO in ch.qos.logback.core.rolling.RollingFileAppender[FILE] - File property is set to [null]
21:31:12,416 |-INFO in ch.qos.logback.classic.joran.action.RootLoggerAction - Setting level of ROOT logger to INFO
21:31:12,416 |-INFO in ch.qos.logback.core.joran.action.AppenderRefAction - Attaching appender named [STDOUT] to Logger[ROOT]
21:31:12,418 |-INFO in ch.qos.logback.core.joran.action.AppenderRefAction - Attaching appender named [FILE] to Logger[ROOT]
21:31:12,418 |-INFO in ch.qos.logback.classic.joran.action.ConfigurationAction - End of configuration.
21:31:12,419 |-INFO in ch.qos.logback.classic.joran.JoranConfigurator@253f03e9 - Registering current configuration as safe fallback point
Tests run: 5, Failures: 0, Errors: 0, Skipped: 0, Time elapsed: 1.182 sec - in com.huobi.client.impl.TestGetHistoryOrders
Running com.huobi.client.impl.TestCancelOrder
Tests run: 7, Failures: 0, Errors: 0, Skipped: 0, Time elapsed: 0.007 sec - in com.huobi.client.impl.TestCancelOrder
Running com.huobi.client.impl.TestSubscribeOrderUpdateEvent
21:31:12,991 |-INFO in ch.qos.logback.classic.LoggerContext[default] - Could NOT find resource [logback-test.xml]
21:31:12,991 |-INFO in ch.qos.logback.classic.LoggerContext[default] - Could NOT find resource [logback.groovy]
21:31:12,991 |-INFO in ch.qos.logback.classic.LoggerContext[default] - Found resource [logback.xml] at [file:/tmp/tmppyt1eksi/huobi_Java/target/classes/logback.xml]
21:31:13,179 |-INFO in ch.qos.logback.classic.joran.action.ConfigurationAction - Will scan for changes in [file:/tmp/tmppyt1eksi/huobi_Java/target/classes/logback.xml] 
21:31:13,180 |-INFO in ch.qos.logback.classic.joran.action.ConfigurationAction - Setting ReconfigureOnChangeTask scanning period to 30 seconds
21:31:13,182 |-INFO in ch.qos.logback.core.joran.action.AppenderAction - About to instantiate appender of type [ch.qos.logback.core.ConsoleAppender]
21:31:13,188 |-INFO in ch.qos.logback.core.joran.action.AppenderAction - Naming appender as [STDOUT]
21:31:13,196 |-INFO in ch.qos.logback.core.joran.action.NestedComplexPropertyIA - Assuming default type [ch.qos.logback.classic.encoder.PatternLayoutEncoder] for [encoder] property
21:31:13,237 |-INFO in ch.qos.logback.core.joran.action.AppenderAction - About to instantiate appender of type [ch.qos.logback.core.rolling.RollingFileAppender]
21:31:13,242 |-INFO in ch.qos.logback.core.joran.action.AppenderAction - Naming appender as [FILE]
21:31:13,253 |-INFO in c.q.l.core.rolling.TimeBasedRollingPolicy@984817270 - No compression will be used
21:31:13,255 |-INFO in c.q.l.core.rolling.TimeBasedRollingPolicy@984817270 - Will use the pattern logs/%d{yyyy-MM-dd}.log for the active file
21:31:13,261 |-INFO in c.q.l.core.rolling.DefaultTimeBasedFileNamingAndTriggeringPolicy - The date pattern is 'yyyy-MM-dd' from file name pattern 'logs/%d{yyyy-MM-dd}.log'.
21:31:13,261 |-INFO in c.q.l.core.rolling.DefaultTimeBasedFileNamingAndTriggeringPolicy - Roll-over at midnight.
21:31:13,261 |-INFO in c.q.l.core.rolling.DefaultTimeBasedFileNamingAndTriggeringPolicy - Setting initial period to Thu Jul 30 21:31:13 UTC 2020
21:31:13,263 |-INFO in ch.qos.logback.core.joran.action.NestedComplexPropertyIA - Assuming default type [ch.qos.logback.classic.encoder.PatternLayoutEncoder] for [encoder] property
21:31:13,267 |-INFO in ch.qos.logback.core.rolling.RollingFileAppender[FILE] - Active log file name: logs/2020-07-30.log
21:31:13,267 |-INFO in ch.qos.logback.core.rolling.RollingFileAppender[FILE] - File property is set to [null]
21:31:13,269 |-INFO in ch.qos.logback.classic.joran.action.RootLoggerAction - Setting level of ROOT logger to INFO
21:31:13,269 |-INFO in ch.qos.logback.core.joran.action.AppenderRefAction - Attaching appender named [STDOUT] to Logger[ROOT]
21:31:13,270 |-INFO in ch.qos.logback.core.joran.action.AppenderRefAction - Attaching appender named [FILE] to Logger[ROOT]
21:31:13,270 |-INFO in ch.qos.logback.classic.joran.action.ConfigurationAction - End of configuration.
21:31:13,272 |-INFO in ch.qos.logback.classic.joran.JoranConfigurator@2c7f2190 - Registering current configuration as safe fallback point
2020-07-30 21:31:13 [INFO] - [Sub] Connection [id: 0] created for OrderUpdate for [btcusdt]
Tests run: 2, Failures: 0, Errors: 0, Skipped: 0, Time elapsed: 1.093 sec - in com.huobi.client.impl.TestSubscribeOrderUpdateEvent

Results :

Tests run: 198, Failures: 0, Errors: 0, Skipped: 0

[INFO] 
[INFO] --- jacoco-maven-plugin:0.8.5:report (report) @ huobi-client ---
[INFO] Loading execution data file /tmp/tmppyt1eksi/huobi_Java/target/jacoco.exec
[INFO] Analyzed bundle 'huobi-client' with 342 classes
[WARNING] Classes in bundle 'huobi-client' do no match with execution data. For report generation the same class files must be used as at runtime.
[WARNING] Execution data for class com/huobi/client/impl/AccountsInfoMap does not match.
[INFO] ------------------------------------------------------------------------
[INFO] BUILD SUCCESS
[INFO] ------------------------------------------------------------------------
[INFO] Total time:  31.628 s
[INFO] Finished at: 2020-07-30T21:31:16Z
[INFO] ------------------------------------------------------------------------
