[INFO] Error stacktraces are turned on.
[INFO] Scanning for projects...
[WARNING] 
[WARNING] Some problems were encountered while building the effective model for commons-jxpath:commons-jxpath:jar:1.3
[WARNING] 'build.plugins.plugin.version' for org.apache.maven.plugins:maven-idea-plugin is missing. @ org.apache.commons:commons-parent:11, /home/jdbl/.m2/repository/org/apache/commons/commons-parent/11/commons-parent-11.pom, line 255, column 15
[WARNING] The expression ${pom.version} is deprecated. Please use ${project.version} instead.
[WARNING] 
[WARNING] It is highly recommended to fix these problems because they threaten the stability of your build.
[WARNING] 
[WARNING] For this reason, future Maven versions might no longer support building such malformed projects.
[WARNING] 
[INFO] 
[INFO] -------------------< commons-jxpath:commons-jxpath >--------------------
[INFO] Building Commons JXPath 1.3
[INFO] --------------------------------[ jar ]---------------------------------
[INFO] 
[INFO] --- maven-antrun-plugin:1.1:run (javadoc.resources) @ commons-jxpath ---
[INFO] Executing tasks
     [copy] Copying 2 files to /tmp/tmpthb2bbbz/commons-jxpath/target/apidocs/META-INF
[INFO] Executed tasks
[INFO] 
[INFO] --- maven-resources-plugin:2.6:resources (default-resources) @ commons-jxpath ---
[WARNING] Using platform encoding (UTF-8 actually) to copy filtered resources, i.e. build is platform dependent!
[INFO] Copying 2 resources to META-INF
[INFO] 
[INFO] --- maven-compiler-plugin:2.0.2:compile (default-compile) @ commons-jxpath ---
[INFO] Compiling 168 source files to /tmp/tmpthb2bbbz/commons-jxpath/target/classes
[INFO] 
[INFO] --- maven-bundle-plugin:1.4.0:manifest (bundle-manifest) @ commons-jxpath ---
[INFO] 
[INFO] --- maven-resources-plugin:2.6:testResources (default-testResources) @ commons-jxpath ---
[WARNING] Using platform encoding (UTF-8 actually) to copy filtered resources, i.e. build is platform dependent!
[INFO] Copying 4 resources
[INFO] 
[INFO] --- maven-compiler-plugin:2.0.2:testCompile (default-testCompile) @ commons-jxpath ---
[INFO] Compiling 45 source files to /tmp/tmpthb2bbbz/commons-jxpath/target/test-classes
[INFO] 
[INFO] --- maven-surefire-plugin:2.4.3:test (default-test) @ commons-jxpath ---
[INFO] Surefire report directory: /tmp/tmpthb2bbbz/commons-jxpath/target/surefire-reports

-------------------------------------------------------
 T E S T S
-------------------------------------------------------
Running org.apache.commons.jxpath.ri.model.container.ContainerModelTest
Tests run: 4, Failures: 0, Errors: 0, Skipped: 0, Time elapsed: 0.124 sec
Running org.apache.commons.jxpath.ri.model.XMLSpaceTest
Tests run: 10, Failures: 0, Errors: 0, Skipped: 0, Time elapsed: 0.303 sec
Running org.apache.commons.jxpath.ri.model.dynamic.DynamicPropertiesModelTest
Tests run: 18, Failures: 0, Errors: 0, Skipped: 0, Time elapsed: 0.122 sec
Running org.apache.commons.jxpath.ri.model.EmbeddedColonMapKeysTest
Tests run: 2, Failures: 0, Errors: 0, Skipped: 0, Time elapsed: 0.002 sec
Running org.apache.commons.jxpath.ri.model.XMLPreserveSpaceTest
Tests run: 10, Failures: 0, Errors: 0, Skipped: 0, Time elapsed: 0.029 sec
Running org.apache.commons.jxpath.ri.JXPathCompiledExpressionTest
Tests run: 29, Failures: 0, Errors: 0, Skipped: 0, Time elapsed: 0.026 sec
Running org.apache.commons.jxpath.ri.model.beans.BeanModelTest
Tests run: 51, Failures: 0, Errors: 0, Skipped: 0, Time elapsed: 0.094 sec
Running org.apache.commons.jxpath.ri.model.ExternalXMLNamespaceTest
Tests run: 3, Failures: 0, Errors: 0, Skipped: 0, Time elapsed: 0.007 sec
Running org.apache.commons.jxpath.ri.model.dynabeans.DynaBeanModelTest
Tests run: 50, Failures: 0, Errors: 0, Skipped: 0, Time elapsed: 0.215 sec
Running org.apache.commons.jxpath.util.BasicTypeConverterTest
Tests run: 11, Failures: 0, Errors: 0, Skipped: 0, Time elapsed: 0.04 sec
Running org.apache.commons.jxpath.ri.axes.RecursiveAxesTest
Tests run: 1, Failures: 0, Errors: 0, Skipped: 0, Time elapsed: 0.002 sec
Running org.apache.commons.jxpath.ri.model.jdom.JDOMModelTest
Tests run: 33, Failures: 0, Errors: 0, Skipped: 0, Time elapsed: 0.249 sec
Running org.apache.commons.jxpath.ri.compiler.VariableTest
Tests run: 20, Failures: 0, Errors: 0, Skipped: 0, Time elapsed: 0.042 sec
Running org.apache.commons.jxpath.ri.compiler.CoreOperationTest
Tests run: 4, Failures: 0, Errors: 0, Skipped: 0, Time elapsed: 0.009 sec
Running org.apache.commons.jxpath.ri.model.beans.BadlyImplementedFactoryTest
Tests run: 1, Failures: 0, Errors: 0, Skipped: 0, Time elapsed: 0.001 sec
Running org.apache.commons.jxpath.BasicNodeSetTest
Tests run: 3, Failures: 0, Errors: 0, Skipped: 0, Time elapsed: 0.018 sec
Running org.apache.commons.jxpath.ri.model.dom.DOMModelTest
Tests run: 33, Failures: 0, Errors: 0, Skipped: 0, Time elapsed: 0.124 sec
Running org.apache.commons.jxpath.ri.compiler.CoreFunctionTest
Tests run: 5, Failures: 0, Errors: 0, Skipped: 0, Time elapsed: 0.103 sec
Running org.apache.commons.jxpath.ri.StressTest
Tests run: 1, Failures: 0, Errors: 0, Skipped: 0, Time elapsed: 1.657 sec
Running org.apache.commons.jxpath.ri.axes.SimplePathInterpreterTest
Tests run: 8, Failures: 0, Errors: 0, Skipped: 0, Time elapsed: 0.109 sec
Running org.apache.commons.jxpath.ri.compiler.ExtensionFunctionTest
Tests run: 17, Failures: 0, Errors: 0, Skipped: 0, Time elapsed: 0.028 sec
Running org.apache.commons.jxpath.servlet.JXPathServletContextTest
Tests run: 4, Failures: 0, Errors: 0, Skipped: 0, Time elapsed: 0.037 sec
Running org.apache.commons.jxpath.ri.model.EmptyCollectionTest
Tests run: 6, Failures: 0, Errors: 0, Skipped: 0, Time elapsed: 0.002 sec
Running org.apache.commons.jxpath.ri.model.MixedModelTest
Tests run: 40, Failures: 0, Errors: 0, Skipped: 0, Time elapsed: 0.071 sec
Running org.apache.commons.jxpath.ri.compiler.ContextDependencyTest
Tests run: 1, Failures: 0, Errors: 0, Skipped: 0, Time elapsed: 0.001 sec

Results :

Tests run: 365, Failures: 0, Errors: 0, Skipped: 0

[INFO] 
[INFO] --- maven-jar-plugin:2.2:jar (default-jar) @ commons-jxpath ---
[INFO] Building jar: /tmp/tmpthb2bbbz/commons-jxpath/target/commons-jxpath-1.3.jar
[INFO] 
[INFO] --- maven-assembly-plugin:3.2.0:single (default) @ commons-jxpath ---
[INFO] Building jar: /tmp/tmpthb2bbbz/commons-jxpath/target/commons-jxpath-1.3-jar-with-dependencies.jar
[INFO] ------------------------------------------------------------------------
[INFO] BUILD SUCCESS
[INFO] ------------------------------------------------------------------------
[INFO] Total time:  17.119 s
[INFO] Finished at: 2020-07-30T18:25:34Z
[INFO] ------------------------------------------------------------------------
