[INFO] Error stacktraces are turned on.
[INFO] Scanning for projects...
[INFO] 
[INFO] -------------------< edu.itimarconivr.quintaei:PCP >--------------------
[INFO] Building Potato Chat Protocol Min.1
[INFO] --------------------------------[ jar ]---------------------------------
[INFO] 
[INFO] --- jacoco-maven-plugin:0.8.5:prepare-agent (default) @ PCP ---
[INFO] argLine set to -javaagent:/home/jdbl/.m2/repository/org/jacoco/org.jacoco.agent/0.8.5/org.jacoco.agent-0.8.5-runtime.jar=destfile=/tmp/tmpyvs2qq62/PotatoChatProtocol/PCP/target/jacoco.exec
[INFO] 
[INFO] --- maven-resources-plugin:2.6:resources (default-resources) @ PCP ---
[INFO] Using 'UTF-8' encoding to copy filtered resources.
[INFO] skip non existing resourceDirectory /tmp/tmpyvs2qq62/PotatoChatProtocol/PCP/src/main/resources
[INFO] 
[INFO] --- maven-compiler-plugin:3.1:compile (default-compile) @ PCP ---
[INFO] Changes detected - recompiling the module!
[INFO] Compiling 34 source files to /tmp/tmpyvs2qq62/PotatoChatProtocol/PCP/target/classes
[WARNING] /tmp/tmpyvs2qq62/PotatoChatProtocol/PCP/src/main/java/PCP/Min/logic/PCPMinInterpreter.java: /tmp/tmpyvs2qq62/PotatoChatProtocol/PCP/src/main/java/PCP/Min/logic/PCPMinInterpreter.java uses unchecked or unsafe operations.
[WARNING] /tmp/tmpyvs2qq62/PotatoChatProtocol/PCP/src/main/java/PCP/Min/logic/PCPMinInterpreter.java: Recompile with -Xlint:unchecked for details.
[INFO] 
[INFO] --- maven-resources-plugin:2.6:testResources (default-testResources) @ PCP ---
[INFO] Using 'UTF-8' encoding to copy filtered resources.
[INFO] skip non existing resourceDirectory /tmp/tmpyvs2qq62/PotatoChatProtocol/PCP/src/test/resources
[INFO] 
[INFO] --- maven-compiler-plugin:3.1:testCompile (default-testCompile) @ PCP ---
[INFO] Changes detected - recompiling the module!
[INFO] Compiling 15 source files to /tmp/tmpyvs2qq62/PotatoChatProtocol/PCP/target/test-classes
[INFO] 
[INFO] --- maven-surefire-plugin:2.19.1:test (default-test) @ PCP ---
[INFO] Surefire report directory: /tmp/tmpyvs2qq62/PotatoChatProtocol/PCP/target/surefire-reports

-------------------------------------------------------
 T E S T S
-------------------------------------------------------
Running PCP.net.PCPManager_Test
Tests run: 1, Failures: 0, Errors: 0, Skipped: 1, Time elapsed: 0.013 sec - in PCP.net.PCPManager_Test
Running PCP.net.ServerChannels_Test
Tests run: 1, Failures: 0, Errors: 0, Skipped: 1, Time elapsed: 0 sec - in PCP.net.ServerChannels_Test
Running PCP.Min.data.ErrorMsg_Test
Tests run: 1, Failures: 0, Errors: 0, Skipped: 0, Time elapsed: 0.126 sec - in PCP.Min.data.ErrorMsg_Test
Running PCP.Min.data.Registration_Test
Tests run: 2, Failures: 0, Errors: 0, Skipped: 0, Time elapsed: 0.001 sec - in PCP.Min.data.Registration_Test
Running PCP.Min.data.AliasChange_Test
Tests run: 1, Failures: 0, Errors: 0, Skipped: 0, Time elapsed: 0.001 sec - in PCP.Min.data.AliasChange_Test
Running PCP.Min.data.GroupUsersList_Test
Tests run: 1, Failures: 0, Errors: 0, Skipped: 0, Time elapsed: 0.12 sec - in PCP.Min.data.GroupUsersList_Test
Running PCP.Min.data.GroupUsersListRrq_Test
Tests run: 1, Failures: 0, Errors: 0, Skipped: 0, Time elapsed: 0 sec - in PCP.Min.data.GroupUsersListRrq_Test
Running PCP.Min.data.RegistrationAck_Test
Tests run: 1, Failures: 0, Errors: 0, Skipped: 0, Time elapsed: 0.001 sec - in PCP.Min.data.RegistrationAck_Test
Running PCP.Min.data.Disconnection_Test
Tests run: 2, Failures: 0, Errors: 0, Skipped: 0, Time elapsed: 0.007 sec - in PCP.Min.data.Disconnection_Test
Running PCP.Min.data.MsgUserToGroupPacket_Test
Tests run: 1, Failures: 0, Errors: 0, Skipped: 0, Time elapsed: 0 sec - in PCP.Min.data.MsgUserToGroupPacket_Test
Running PCP.Min.data.MsgUserToUserPacket_Test
Tests run: 1, Failures: 0, Errors: 0, Skipped: 0, Time elapsed: 0 sec - in PCP.Min.data.MsgUserToUserPacket_Test
Running PCP.Min.data.MsgReceived_Test
Jul 30, 2020 4:07:57 PM PCP.Min.data.MsgReceived_Test testToBytesMultiple
INFO: 2048 - 11
Tests run: 2, Failures: 0, Errors: 0, Skipped: 0, Time elapsed: 0.058 sec - in PCP.Min.data.MsgReceived_Test
Running PCP.logic.PCPMinInterpreter_Test
Tests run: 9, Failures: 0, Errors: 0, Skipped: 0, Time elapsed: 0.091 sec - in PCP.logic.PCPMinInterpreter_Test
Running PCP.services.Server_Test
Jul 30, 2020 4:07:57 PM PCP.services.PCPServer <init>
INFO: initializing server...
Jul 30, 2020 4:07:57 PM PCP.services.PCPServer <init>
INFO: server threadpool successfully initialized and binded on localhost/127.0.0.1:53101
Jul 30, 2020 4:07:57 PM PCP.services.Server_Test exec
INFO: TEST: open client on: /127.0.0.1:33370
Jul 30, 2020 4:07:57 PM PCP.services.Server_Test exec
INFO: TEST: open client on: /127.0.0.1:33366
Jul 30, 2020 4:07:57 PM PCP.services.Server_Test exec
INFO: TEST: open client on: /127.0.0.1:33372
Jul 30, 2020 4:07:57 PM PCP.services.Server_Test exec
INFO: TEST: open client on: /127.0.0.1:33368
Jul 30, 2020 4:07:57 PM PCP.services.Server_Test exec
INFO: TEST: TESTSOCKET n.1 sent [10, 0, 116, 101, 115, 116, 49, 65, 108, 105, 97, 115, 0, 103, 101, 110, 101, 114, 97, 108, 0]
Jul 30, 2020 4:07:57 PM PCP.services.Server_Test exec
INFO: TEST: TESTSOCKET n.2 sent [10, 0, 116, 101, 115, 116, 50, 65, 108, 105, 97, 115, 0, 103, 101, 110, 101, 114, 97, 108, 0]
Jul 30, 2020 4:07:57 PM PCP.services.Server_Test exec
INFO: TEST: open client on: /127.0.0.1:33374
Jul 30, 2020 4:07:57 PM PCP.services.Server_Test exec
INFO: TEST: TESTSOCKET n.5 sent [10, 0, 116, 101, 115, 116, 53, 65, 108, 105, 97, 115, 0, 103, 101, 110, 101, 114, 97, 108, 0]
Jul 30, 2020 4:07:57 PM PCP.services.Server_Test exec
INFO: TEST: TESTSOCKET n.3 sent [10, 0, 116, 101, 115, 116, 51, 65, 108, 105, 97, 115, 0, 103, 101, 110, 101, 114, 97, 108, 0]
Jul 30, 2020 4:07:57 PM PCP.services.Server_Test exec
INFO: TEST: TESTSOCKET n.4 sent [10, 0, 116, 101, 115, 116, 52, 65, 108, 105, 97, 115, 0, 103, 101, 110, 101, 114, 97, 108, 0]
Jul 30, 2020 4:07:57 PM PCP.services.PCPServer$1 completed
INFO: successfully recieved new connection
Jul 30, 2020 4:07:57 PM PCP.services.PCPServer$1 completed
INFO: successfully recieved new connection
Jul 30, 2020 4:07:57 PM PCP.services.PCPServer$1 completed
INFO: successfully recieved new connection
Jul 30, 2020 4:07:57 PM PCP.services.PCPServer$1 completed
INFO: successfully recieved new connection
Jul 30, 2020 4:07:57 PM PCP.services.PCPServer$1 completed
INFO: successfully recieved new connection
Jul 30, 2020 4:07:57 PM PCP.net.PCPManager accept
FINEST: from recieved raw from /127.0.0.1:33370:
[10, 0, 116, 101, 115, 116, 50, 65, 108, 105, 97, 115, 0, 103, 101, 110, 101, 114, 97, 108, 0]
Jul 30, 2020 4:07:57 PM PCP.net.PCPManager initLogicCore
INFO: Initialized new logic core, version Min
Jul 30, 2020 4:07:57 PM PCP.net.PCPManager accept
FINEST: from recieved raw from /127.0.0.1:33366:
[10, 0, 116, 101, 115, 116, 52, 65, 108, 105, 97, 115, 0, 103, 101, 110, 101, 114, 97, 108, 0]
Jul 30, 2020 4:07:57 PM PCP.Min.logic.PCPMinCore accept
INFO: new user [ test2Alias , [-120, 95] ] connected on channel null
Jul 30, 2020 4:07:57 PM PCP.net.PCPManager initLogicCore
INFO: Initialized new logic core, version Min
Jul 30, 2020 4:07:57 PM PCP.net.PCPManager accept
FINEST: from recieved raw from /127.0.0.1:33368:
[10, 0, 116, 101, 115, 116, 53, 65, 108, 105, 97, 115, 0, 103, 101, 110, 101, 114, 97, 108, 0]
Jul 30, 2020 4:07:57 PM PCP.Min.logic.PCPMinCore accept
INFO: Registration Ack (id assigned: [-120, 95] - new room: User: test2Alias - Room: general - Version of the protocol: Minimal) sended to general
Jul 30, 2020 4:07:57 PM PCP.net.PCPChannel send
FINE: sucessfully sent data to: /127.0.0.1:33370
Jul 30, 2020 4:07:57 PM PCP.net.PCPChannel send
FINEST: data sent to/127.0.0.1:33370:
[20, -120, 95, 116, 101, 115, 116, 50, 65, 108, 105, 97, 115, 0]
Jul 30, 2020 4:07:57 PM PCP.net.PCPManager initLogicCore
INFO: Initialized new logic core, version Min
Jul 30, 2020 4:07:57 PM PCP.net.PCPManager accept
FINEST: from recieved raw from /127.0.0.1:33372:
[10, 0, 116, 101, 115, 116, 49, 65, 108, 105, 97, 115, 0, 103, 101, 110, 101, 114, 97, 108, 0]
Jul 30, 2020 4:07:57 PM PCP.net.PCPManager initLogicCore
INFO: Initialized new logic core, version Min
Jul 30, 2020 4:07:57 PM PCP.Min.logic.PCPMinCore accept
INFO: GroupUserList of all user sended to test2Alias
Jul 30, 2020 4:07:57 PM PCP.net.PCPManager accept
FINEST: from recieved raw from /127.0.0.1:33374:
[10, 0, 116, 101, 115, 116, 51, 65, 108, 105, 97, 115, 0, 103, 101, 110, 101, 114, 97, 108, 0]
Jul 30, 2020 4:07:57 PM PCP.Min.logic.PCPMinCore accept
INFO: GroupUserList update sended in broadcast
Jul 30, 2020 4:07:57 PM PCP.Min.logic.PCPMinCore accept
INFO: new user [ test4Alias , [-84, -111] ] connected on channel null
Jul 30, 2020 4:07:57 PM PCP.Min.logic.PCPMinCore accept
INFO: Registration Ack (id assigned: [-84, -111] - new room: User: test4Alias - Room: general - Version of the protocol: Minimal) sended to general
Jul 30, 2020 4:07:57 PM PCP.Min.logic.PCPMinCore accept
INFO: GroupUserList of all user sended to test4Alias
Jul 30, 2020 4:07:57 PM PCP.Min.logic.PCPMinCore accept
INFO: GroupUserList update sended in broadcast
Jul 30, 2020 4:07:57 PM PCP.Min.logic.PCPMinCore accept
INFO: new user [ test5Alias , [54, -11] ] connected on channel null
Jul 30, 2020 4:07:57 PM PCP.Min.logic.PCPMinCore accept
INFO: Registration Ack (id assigned: [54, -11] - new room: User: test5Alias - Room: general - Version of the protocol: Minimal) sended to general
Jul 30, 2020 4:07:57 PM PCP.Min.logic.PCPMinCore accept
INFO: GroupUserList of all user sended to test5Alias
Jul 30, 2020 4:07:57 PM PCP.Min.logic.PCPMinCore accept
INFO: GroupUserList update sended in broadcast
Jul 30, 2020 4:07:57 PM PCP.Min.logic.PCPMinCore accept
INFO: new user [ test1Alias , [-88, -67] ] connected on channel null
Jul 30, 2020 4:07:57 PM PCP.Min.logic.PCPMinCore accept
INFO: Registration Ack (id assigned: [-88, -67] - new room: User: test1Alias - Room: general - Version of the protocol: Minimal) sended to general
Jul 30, 2020 4:07:57 PM PCP.Min.logic.PCPMinCore accept
INFO: GroupUserList of all user sended to test1Alias
Jul 30, 2020 4:07:57 PM PCP.Min.logic.PCPMinCore accept
INFO: GroupUserList update sended in broadcast
Jul 30, 2020 4:07:57 PM PCP.net.PCPChannel send
FINE: sucessfully sent data to: /127.0.0.1:33370
Jul 30, 2020 4:07:57 PM PCP.net.PCPChannel send
FINEST: data sent to/127.0.0.1:33370:
[51, 0, 1, 91, 34, 116, 101, 115, 116, 50, 65, 108, 105, 97, 115, 34, 93, 0]
Jul 30, 2020 4:07:57 PM PCP.net.PCPChannel send
FINE: sucessfully sent data to: /127.0.0.1:33366
Jul 30, 2020 4:07:57 PM PCP.net.PCPChannel send
FINEST: data sent to/127.0.0.1:33366:
[20, -84, -111, 116, 101, 115, 116, 52, 65, 108, 105, 97, 115, 0]
Jul 30, 2020 4:07:57 PM PCP.net.PCPChannel send
FINE: sucessfully sent data to: /127.0.0.1:33366
Jul 30, 2020 4:07:57 PM PCP.net.PCPChannel send
FINEST: data sent to/127.0.0.1:33366:
[51, 0, 2, 91, 34, 116, 101, 115, 116, 52, 65, 108, 105, 97, 115, 34, 44, 34, 116, 101, 115, 116, 50, 65, 108, 105, 97, 115, 34, 93, 0]
Jul 30, 2020 4:07:57 PM PCP.net.PCPChannel send
FINE: sucessfully sent data to: /127.0.0.1:33370
Jul 30, 2020 4:07:57 PM PCP.net.PCPChannel send
FINEST: data sent to/127.0.0.1:33370:
[51, 1, 1, 91, 34, 116, 101, 115, 116, 52, 65, 108, 105, 97, 115, 34, 93, 0]
Jul 30, 2020 4:07:57 PM PCP.net.PCPChannel send
FINE: sucessfully sent data to: /127.0.0.1:33368
Jul 30, 2020 4:07:57 PM PCP.net.PCPChannel send
FINEST: data sent to/127.0.0.1:33368:
[20, 54, -11, 116, 101, 115, 116, 53, 65, 108, 105, 97, 115, 0]
Jul 30, 2020 4:07:57 PM PCP.net.PCPChannel send
FINE: sucessfully sent data to: /127.0.0.1:33368
Jul 30, 2020 4:07:57 PM PCP.net.PCPChannel send
FINEST: data sent to/127.0.0.1:33368:
[51, 0, 3, 91, 34, 116, 101, 115, 116, 52, 65, 108, 105, 97, 115, 34, 44, 34, 116, 101, 115, 116, 50, 65, 108, 105, 97, 115, 34, 44, 34, 116, 101, 115, 116, 53, 65, 108, 105, 97, 115, 34, 93, 0]
Jul 30, 2020 4:07:57 PM PCP.net.PCPChannel send
FINE: sucessfully sent data to: /127.0.0.1:33366
Jul 30, 2020 4:07:57 PM PCP.net.PCPChannel send
FINEST: data sent to/127.0.0.1:33366:
[51, 1, 1, 91, 34, 116, 101, 115, 116, 53, 65, 108, 105, 97, 115, 34, 93, 0]
Jul 30, 2020 4:07:57 PM PCP.net.PCPChannel send
FINE: sucessfully sent data to: /127.0.0.1:33370
Jul 30, 2020 4:07:57 PM PCP.net.PCPChannel send
FINEST: data sent to/127.0.0.1:33370:
[51, 1, 1, 91, 34, 116, 101, 115, 116, 53, 65, 108, 105, 97, 115, 34, 93, 0]
Jul 30, 2020 4:07:57 PM PCP.net.PCPChannel send
FINE: sucessfully sent data to: /127.0.0.1:33372
Jul 30, 2020 4:07:57 PM PCP.net.PCPChannel send
FINEST: data sent to/127.0.0.1:33372:
[20, -88, -67, 116, 101, 115, 116, 49, 65, 108, 105, 97, 115, 0]
Jul 30, 2020 4:07:57 PM PCP.net.PCPChannel send
FINE: sucessfully sent data to: /127.0.0.1:33372
Jul 30, 2020 4:07:57 PM PCP.net.PCPChannel send
FINEST: data sent to/127.0.0.1:33372:
[51, 0, 4, 91, 34, 116, 101, 115, 116, 52, 65, 108, 105, 97, 115, 34, 44, 34, 116, 101, 115, 116, 49, 65, 108, 105, 97, 115, 34, 44, 34, 116, 101, 115, 116, 50, 65, 108, 105, 97, 115, 34, 44, 34, 116, 101, 115, 116, 53, 65, 108, 105, 97, 115, 34, 93, 0]
Jul 30, 2020 4:07:57 PM PCP.net.PCPChannel send
FINE: sucessfully sent data to: /127.0.0.1:33366
Jul 30, 2020 4:07:57 PM PCP.net.PCPChannel send
FINEST: data sent to/127.0.0.1:33366:
[51, 1, 1, 91, 34, 116, 101, 115, 116, 49, 65, 108, 105, 97, 115, 34, 93, 0]
Jul 30, 2020 4:07:57 PM PCP.net.PCPChannel send
FINE: sucessfully sent data to: /127.0.0.1:33370
Jul 30, 2020 4:07:57 PM PCP.net.PCPChannel send
FINEST: data sent to/127.0.0.1:33370:
[51, 1, 1, 91, 34, 116, 101, 115, 116, 49, 65, 108, 105, 97, 115, 34, 93, 0]
Jul 30, 2020 4:07:57 PM PCP.net.PCPChannel send
FINE: sucessfully sent data to: /127.0.0.1:33368
Jul 30, 2020 4:07:57 PM PCP.net.PCPChannel send
FINEST: data sent to/127.0.0.1:33368:
[51, 1, 1, 91, 34, 116, 101, 115, 116, 49, 65, 108, 105, 97, 115, 34, 93, 0]
Jul 30, 2020 4:07:57 PM PCP.net.PCPManager initLogicCore
INFO: Initialized new logic core, version Min
Jul 30, 2020 4:07:57 PM PCP.Min.logic.PCPMinCore accept
INFO: new user [ test3Alias , [-72, -67] ] connected on channel null
Jul 30, 2020 4:07:57 PM PCP.Min.logic.PCPMinCore accept
INFO: Registration Ack (id assigned: [-72, -67] - new room: User: test3Alias - Room: general - Version of the protocol: Minimal) sended to general
Jul 30, 2020 4:07:57 PM PCP.net.PCPChannel send
FINE: sucessfully sent data to: /127.0.0.1:33374
Jul 30, 2020 4:07:57 PM PCP.Min.logic.PCPMinCore accept
INFO: GroupUserList of all user sended to test3Alias
Jul 30, 2020 4:07:57 PM PCP.net.PCPChannel send
FINEST: data sent to/127.0.0.1:33374:
[20, -72, -67, 116, 101, 115, 116, 51, 65, 108, 105, 97, 115, 0]
Jul 30, 2020 4:07:57 PM PCP.Min.logic.PCPMinCore accept
INFO: GroupUserList update sended in broadcast
Jul 30, 2020 4:07:57 PM PCP.net.PCPChannel send
FINE: sucessfully sent data to: /127.0.0.1:33374
Jul 30, 2020 4:07:57 PM PCP.net.PCPChannel send
FINEST: data sent to/127.0.0.1:33374:
[51, 0, 5, 91, 34, 116, 101, 115, 116, 52, 65, 108, 105, 97, 115, 34, 44, 34, 116, 101, 115, 116, 49, 65, 108, 105, 97, 115, 34, 44, 34, 116, 101, 115, 116, 51, 65, 108, 105, 97, 115, 34, 44, 34, 116, 101, 115, 116, 50, 65, 108, 105, 97, 115, 34, 44, 34, 116, 101, 115, 116, 53, 65, 108, 105, 97, 115, 34, 93, 0]
Jul 30, 2020 4:07:57 PM PCP.net.PCPChannel send
FINE: sucessfully sent data to: /127.0.0.1:33366
Jul 30, 2020 4:07:57 PM PCP.net.PCPChannel send
FINEST: data sent to/127.0.0.1:33366:
[51, 1, 1, 91, 34, 116, 101, 115, 116, 51, 65, 108, 105, 97, 115, 34, 93, 0]
Jul 30, 2020 4:07:57 PM PCP.net.PCPChannel send
FINE: sucessfully sent data to: /127.0.0.1:33372
Jul 30, 2020 4:07:57 PM PCP.net.PCPChannel send
FINEST: data sent to/127.0.0.1:33372:
[51, 1, 1, 91, 34, 116, 101, 115, 116, 51, 65, 108, 105, 97, 115, 34, 93, 0]
Jul 30, 2020 4:07:57 PM PCP.net.PCPChannel send
FINE: sucessfully sent data to: /127.0.0.1:33370
Jul 30, 2020 4:07:57 PM PCP.net.PCPChannel send
FINEST: data sent to/127.0.0.1:33370:
[51, 1, 1, 91, 34, 116, 101, 115, 116, 51, 65, 108, 105, 97, 115, 34, 93, 0]
Jul 30, 2020 4:07:57 PM PCP.net.PCPChannel send
FINE: sucessfully sent data to: /127.0.0.1:33368
Jul 30, 2020 4:07:57 PM PCP.net.PCPChannel send
FINEST: data sent to/127.0.0.1:33368:
[51, 1, 1, 91, 34, 116, 101, 115, 116, 51, 65, 108, 105, 97, 115, 34, 93, 0]
Jul 30, 2020 4:07:57 PM PCP.services.Server_Test exec
INFO: TEST: TESTSOCKET n.1 recieved [20, -88, -67, 116, 101, 115, 116, 49, 65, 108, 105, 97, 115, 0, 51, 0, 4, 91]
Jul 30, 2020 4:07:57 PM PCP.services.Server_Test exec
INFO: TEST: TESTSOCKET n.2 recieved [20, -120, 95, 116, 101, 115, 116, 50, 65, 108, 105, 97, 115, 0, 51, 0, 1, 91]
Jul 30, 2020 4:07:57 PM PCP.services.Server_Test exec
INFO: TEST: TESTSOCKET n.5 recieved [20, 54, -11, 116, 101, 115, 116, 53, 65, 108, 105, 97, 115, 0, 51, 0, 3, 91]
Jul 30, 2020 4:07:57 PM PCP.services.Server_Test exec
INFO: TEST: TESTSOCKET n.3 recieved [20, -72, -67, 116, 101, 115, 116, 51, 65, 108, 105, 97, 115, 0, 51, 0, 5, 91]
Jul 30, 2020 4:07:58 PM PCP.services.Server_Test exec
INFO: TEST: TESTSOCKET n.4 recieved [20, -84, -111, 116, 101, 115, 116, 52, 65, 108, 105, 97, 115, 0, 51, 0, 2, 91]
Jul 30, 2020 4:07:58 PM PCP.services.Server_Test exec
INFO: TEST: TESTSOCKET n.1 sent a message [5, -88, -67, 116, 101, 115, 116, 49, 65, 108, 105, 97, 115, 58, 32, 109, 101, 115, 115, 97, 103, 103, 105, 111, 32, 100, 105, 32, 116, 101, 115, 116, 44, 32, 102, 111, 114, 115, 101, 46, 32, 77, 97, 110, 110, 97, 103, 103, 105, 97, 46, 0]
Jul 30, 2020 4:07:58 PM PCP.net.PCPManager accept
FINEST: from recieved raw from /127.0.0.1:33372:
[5, -88, -67, 116, 101, 115, 116, 49, 65, 108, 105, 97, 115, 58, 32, 109, 101, 115, 115, 97, 103, 103, 105, 111, 32, 100, 105, 32, 116, 101, 115, 116, 44, 32, 102, 111, 114, 115, 101, 46, 32, 77, 97, 110, 110, 97, 103, 103, 105, 97, 46, 0]
Jul 30, 2020 4:07:58 PM PCP.net.PCPChannel send
FINE: sucessfully sent data to: /127.0.0.1:33366
Jul 30, 2020 4:07:58 PM PCP.services.Server_Test exec
INFO: TEST: TESTSOCKET n.2 sent a message [5, -120, 95, 116, 101, 115, 116, 50, 65, 108, 105, 97, 115, 58, 32, 109, 101, 115, 115, 97, 103, 103, 105, 111, 32, 100, 105, 32, 116, 101, 115, 116, 44, 32, 102, 111, 114, 115, 101, 46, 32, 77, 97, 110, 110, 97, 103, 103, 105, 97, 46, 0]
Jul 30, 2020 4:07:58 PM PCP.Min.logic.PCPMinCore accept
INFO: MsgUserToGroup received from User: test1Alias - Room: general - Version of the protocol: Minimal -- send broadcast
Jul 30, 2020 4:07:58 PM PCP.services.Server_Test exec
INFO: TEST: TESTSOCKET n.5 sent a message [5, 54, -11, 116, 101, 115, 116, 53, 65, 108, 105, 97, 115, 58, 32, 109, 101, 115, 115, 97, 103, 103, 105, 111, 32, 100, 105, 32, 116, 101, 115, 116, 44, 32, 102, 111, 114, 115, 101, 46, 32, 77, 97, 110, 110, 97, 103, 103, 105, 97, 46, 0]
Jul 30, 2020 4:07:58 PM PCP.net.PCPManager accept
FINEST: from recieved raw from /127.0.0.1:33370:
[5, -120, 95, 116, 101, 115, 116, 50, 65, 108, 105, 97, 115, 58, 32, 109, 101, 115, 115, 97, 103, 103, 105, 111, 32, 100, 105, 32, 116, 101, 115, 116, 44, 32, 102, 111, 114, 115, 101, 46, 32, 77, 97, 110, 110, 97, 103, 103, 105, 97, 46, 0]
Jul 30, 2020 4:07:58 PM PCP.net.PCPChannel send
FINEST: data sent to/127.0.0.1:33366:
[5, 116, 101, 115, 116, 49, 65, 108, 105, 97, 115, 0, 116, 101, 115, 116, 49, 65, 108, 105, 97, 115, 58, 32, 109, 101, 115, 115, 97, 103, 103, 105, 111, 32, 100, 105, 32, 116, 101, 115, 116, 44, 32, 102, 111, 114, 115, 101, 46, 32, 77, 97, 110, 110, 97, 103, 103, 105, 97, 46, 0]
Jul 30, 2020 4:07:58 PM PCP.net.PCPManager accept
FINEST: from recieved raw from /127.0.0.1:33368:
[5, 54, -11, 116, 101, 115, 116, 53, 65, 108, 105, 97, 115, 58, 32, 109, 101, 115, 115, 97, 103, 103, 105, 111, 32, 100, 105, 32, 116, 101, 115, 116, 44, 32, 102, 111, 114, 115, 101, 46, 32, 77, 97, 110, 110, 97, 103, 103, 105, 97, 46, 0]
Jul 30, 2020 4:07:58 PM PCP.services.Server_Test exec
INFO: TEST: TESTSOCKET n.3 sent a message [5, -72, -67, 116, 101, 115, 116, 51, 65, 108, 105, 97, 115, 58, 32, 109, 101, 115, 115, 97, 103, 103, 105, 111, 32, 100, 105, 32, 116, 101, 115, 116, 44, 32, 102, 111, 114, 115, 101, 46, 32, 77, 97, 110, 110, 97, 103, 103, 105, 97, 46, 0]
Jul 30, 2020 4:07:58 PM PCP.Min.logic.PCPMinCore accept
FINE: Content of the message:
test1Alias: messaggio di test, forse. Mannaggia.
Jul 30, 2020 4:07:58 PM PCP.net.PCPManager accept
FINEST: from recieved raw from /127.0.0.1:33374:
[5, -72, -67, 116, 101, 115, 116, 51, 65, 108, 105, 97, 115, 58, 32, 109, 101, 115, 115, 97, 103, 103, 105, 111, 32, 100, 105, 32, 116, 101, 115, 116, 44, 32, 102, 111, 114, 115, 101, 46, 32, 77, 97, 110, 110, 97, 103, 103, 105, 97, 46, 0]
Jul 30, 2020 4:07:58 PM PCP.net.PCPChannel send
FINE: sucessfully sent data to: /127.0.0.1:33374
Jul 30, 2020 4:07:58 PM PCP.Min.logic.PCPMinCore accept
INFO: MsgUserToGroup received from User: test2Alias - Room: general - Version of the protocol: Minimal -- send broadcast
Jul 30, 2020 4:07:58 PM PCP.net.PCPChannel send
FINEST: data sent to/127.0.0.1:33374:
[5, 116, 101, 115, 116, 49, 65, 108, 105, 97, 115, 0, 116, 101, 115, 116, 49, 65, 108, 105, 97, 115, 58, 32, 109, 101, 115, 115, 97, 103, 103, 105, 111, 32, 100, 105, 32, 116, 101, 115, 116, 44, 32, 102, 111, 114, 115, 101, 46, 32, 77, 97, 110, 110, 97, 103, 103, 105, 97, 46, 0]
Jul 30, 2020 4:07:58 PM PCP.Min.logic.PCPMinCore accept
FINE: Content of the message:
test2Alias: messaggio di test, forse. Mannaggia.
Jul 30, 2020 4:07:58 PM PCP.net.PCPChannel send
FINE: sucessfully sent data to: /127.0.0.1:33370
Jul 30, 2020 4:07:58 PM PCP.net.PCPChannel send
FINEST: data sent to/127.0.0.1:33370:
[5, 116, 101, 115, 116, 49, 65, 108, 105, 97, 115, 0, 116, 101, 115, 116, 49, 65, 108, 105, 97, 115, 58, 32, 109, 101, 115, 115, 97, 103, 103, 105, 111, 32, 100, 105, 32, 116, 101, 115, 116, 44, 32, 102, 111, 114, 115, 101, 46, 32, 77, 97, 110, 110, 97, 103, 103, 105, 97, 46, 0]
Jul 30, 2020 4:07:58 PM PCP.Min.logic.PCPMinCore accept
INFO: MsgUserToGroup received from User: test5Alias - Room: general - Version of the protocol: Minimal -- send broadcast
Jul 30, 2020 4:07:58 PM PCP.net.PCPChannel send
FINE: sucessfully sent data to: /127.0.0.1:33368
Jul 30, 2020 4:07:58 PM PCP.Min.logic.PCPMinCore accept
FINE: Content of the message:
test5Alias: messaggio di test, forse. Mannaggia.
Jul 30, 2020 4:07:58 PM PCP.net.PCPChannel send
FINEST: data sent to/127.0.0.1:33368:
[5, 116, 101, 115, 116, 49, 65, 108, 105, 97, 115, 0, 116, 101, 115, 116, 49, 65, 108, 105, 97, 115, 58, 32, 109, 101, 115, 115, 97, 103, 103, 105, 111, 32, 100, 105, 32, 116, 101, 115, 116, 44, 32, 102, 111, 114, 115, 101, 46, 32, 77, 97, 110, 110, 97, 103, 103, 105, 97, 46, 0]
Jul 30, 2020 4:07:58 PM PCP.net.PCPChannel send
FINE: sucessfully sent data to: /127.0.0.1:33366
Jul 30, 2020 4:07:58 PM PCP.net.PCPChannel send
FINEST: data sent to/127.0.0.1:33366:
[5, 116, 101, 115, 116, 50, 65, 108, 105, 97, 115, 0, 116, 101, 115, 116, 50, 65, 108, 105, 97, 115, 58, 32, 109, 101, 115, 115, 97, 103, 103, 105, 111, 32, 100, 105, 32, 116, 101, 115, 116, 44, 32, 102, 111, 114, 115, 101, 46, 32, 77, 97, 110, 110, 97, 103, 103, 105, 97, 46, 0]
Jul 30, 2020 4:07:58 PM PCP.net.PCPChannel send
FINE: sucessfully sent data to: /127.0.0.1:33372
Jul 30, 2020 4:07:58 PM PCP.net.PCPChannel send
FINEST: data sent to/127.0.0.1:33372:
[5, 116, 101, 115, 116, 50, 65, 108, 105, 97, 115, 0, 116, 101, 115, 116, 50, 65, 108, 105, 97, 115, 58, 32, 109, 101, 115, 115, 97, 103, 103, 105, 111, 32, 100, 105, 32, 116, 101, 115, 116, 44, 32, 102, 111, 114, 115, 101, 46, 32, 77, 97, 110, 110, 97, 103, 103, 105, 97, 46, 0]
Jul 30, 2020 4:07:58 PM PCP.Min.logic.PCPMinCore accept
INFO: MsgUserToGroup received from User: test3Alias - Room: general - Version of the protocol: Minimal -- send broadcast
Jul 30, 2020 4:07:58 PM PCP.net.PCPChannel send
FINE: sucessfully sent data to: /127.0.0.1:33374
Jul 30, 2020 4:07:58 PM PCP.Min.logic.PCPMinCore accept
FINE: Content of the message:
test3Alias: messaggio di test, forse. Mannaggia.
Jul 30, 2020 4:07:58 PM PCP.net.PCPChannel send
FINEST: data sent to/127.0.0.1:33374:
[5, 116, 101, 115, 116, 50, 65, 108, 105, 97, 115, 0, 116, 101, 115, 116, 50, 65, 108, 105, 97, 115, 58, 32, 109, 101, 115, 115, 97, 103, 103, 105, 111, 32, 100, 105, 32, 116, 101, 115, 116, 44, 32, 102, 111, 114, 115, 101, 46, 32, 77, 97, 110, 110, 97, 103, 103, 105, 97, 46, 0]
Jul 30, 2020 4:07:58 PM PCP.net.PCPChannel send
FINE: sucessfully sent data to: /127.0.0.1:33368
Jul 30, 2020 4:07:58 PM PCP.net.PCPChannel send
FINEST: data sent to/127.0.0.1:33368:
[5, 116, 101, 115, 116, 50, 65, 108, 105, 97, 115, 0, 116, 101, 115, 116, 50, 65, 108, 105, 97, 115, 58, 32, 109, 101, 115, 115, 97, 103, 103, 105, 111, 32, 100, 105, 32, 116, 101, 115, 116, 44, 32, 102, 111, 114, 115, 101, 46, 32, 77, 97, 110, 110, 97, 103, 103, 105, 97, 46, 0]
Jul 30, 2020 4:07:58 PM PCP.net.PCPChannel send
FINE: sucessfully sent data to: /127.0.0.1:33366
Jul 30, 2020 4:07:58 PM PCP.net.PCPChannel send
FINEST: data sent to/127.0.0.1:33366:
[5, 116, 101, 115, 116, 53, 65, 108, 105, 97, 115, 0, 116, 101, 115, 116, 53, 65, 108, 105, 97, 115, 58, 32, 109, 101, 115, 115, 97, 103, 103, 105, 111, 32, 100, 105, 32, 116, 101, 115, 116, 44, 32, 102, 111, 114, 115, 101, 46, 32, 77, 97, 110, 110, 97, 103, 103, 105, 97, 46, 0]
Jul 30, 2020 4:07:58 PM PCP.net.PCPChannel send
FINE: sucessfully sent data to: /127.0.0.1:33372
Jul 30, 2020 4:07:58 PM PCP.net.PCPChannel send
FINEST: data sent to/127.0.0.1:33372:
[5, 116, 101, 115, 116, 53, 65, 108, 105, 97, 115, 0, 116, 101, 115, 116, 53, 65, 108, 105, 97, 115, 58, 32, 109, 101, 115, 115, 97, 103, 103, 105, 111, 32, 100, 105, 32, 116, 101, 115, 116, 44, 32, 102, 111, 114, 115, 101, 46, 32, 77, 97, 110, 110, 97, 103, 103, 105, 97, 46, 0]
Jul 30, 2020 4:07:58 PM PCP.net.PCPChannel send
FINE: sucessfully sent data to: /127.0.0.1:33374
Jul 30, 2020 4:07:58 PM PCP.net.PCPChannel send
FINEST: data sent to/127.0.0.1:33374:
[5, 116, 101, 115, 116, 53, 65, 108, 105, 97, 115, 0, 116, 101, 115, 116, 53, 65, 108, 105, 97, 115, 58, 32, 109, 101, 115, 115, 97, 103, 103, 105, 111, 32, 100, 105, 32, 116, 101, 115, 116, 44, 32, 102, 111, 114, 115, 101, 46, 32, 77, 97, 110, 110, 97, 103, 103, 105, 97, 46, 0]
Jul 30, 2020 4:07:58 PM PCP.net.PCPChannel send
FINE: sucessfully sent data to: /127.0.0.1:33370
Jul 30, 2020 4:07:58 PM PCP.net.PCPChannel send
FINEST: data sent to/127.0.0.1:33370:
[5, 116, 101, 115, 116, 53, 65, 108, 105, 97, 115, 0, 116, 101, 115, 116, 53, 65, 108, 105, 97, 115, 58, 32, 109, 101, 115, 115, 97, 103, 103, 105, 111, 32, 100, 105, 32, 116, 101, 115, 116, 44, 32, 102, 111, 114, 115, 101, 46, 32, 77, 97, 110, 110, 97, 103, 103, 105, 97, 46, 0]
Jul 30, 2020 4:07:58 PM PCP.net.PCPChannel send
FINE: sucessfully sent data to: /127.0.0.1:33366
Jul 30, 2020 4:07:58 PM PCP.net.PCPChannel send
FINEST: data sent to/127.0.0.1:33366:
[5, 116, 101, 115, 116, 51, 65, 108, 105, 97, 115, 0, 116, 101, 115, 116, 51, 65, 108, 105, 97, 115, 58, 32, 109, 101, 115, 115, 97, 103, 103, 105, 111, 32, 100, 105, 32, 116, 101, 115, 116, 44, 32, 102, 111, 114, 115, 101, 46, 32, 77, 97, 110, 110, 97, 103, 103, 105, 97, 46, 0]
Jul 30, 2020 4:07:58 PM PCP.net.PCPChannel send
FINE: sucessfully sent data to: /127.0.0.1:33372
Jul 30, 2020 4:07:58 PM PCP.net.PCPChannel send
FINEST: data sent to/127.0.0.1:33372:
[5, 116, 101, 115, 116, 51, 65, 108, 105, 97, 115, 0, 116, 101, 115, 116, 51, 65, 108, 105, 97, 115, 58, 32, 109, 101, 115, 115, 97, 103, 103, 105, 111, 32, 100, 105, 32, 116, 101, 115, 116, 44, 32, 102, 111, 114, 115, 101, 46, 32, 77, 97, 110, 110, 97, 103, 103, 105, 97, 46, 0]
Jul 30, 2020 4:07:58 PM PCP.net.PCPChannel send
FINE: sucessfully sent data to: /127.0.0.1:33370
Jul 30, 2020 4:07:58 PM PCP.net.PCPChannel send
FINEST: data sent to/127.0.0.1:33370:
[5, 116, 101, 115, 116, 51, 65, 108, 105, 97, 115, 0, 116, 101, 115, 116, 51, 65, 108, 105, 97, 115, 58, 32, 109, 101, 115, 115, 97, 103, 103, 105, 111, 32, 100, 105, 32, 116, 101, 115, 116, 44, 32, 102, 111, 114, 115, 101, 46, 32, 77, 97, 110, 110, 97, 103, 103, 105, 97, 46, 0]
Jul 30, 2020 4:07:58 PM PCP.net.PCPChannel send
FINE: sucessfully sent data to: /127.0.0.1:33368
Jul 30, 2020 4:07:58 PM PCP.net.PCPChannel send
FINEST: data sent to/127.0.0.1:33368:
[5, 116, 101, 115, 116, 51, 65, 108, 105, 97, 115, 0, 116, 101, 115, 116, 51, 65, 108, 105, 97, 115, 58, 32, 109, 101, 115, 115, 97, 103, 103, 105, 111, 32, 100, 105, 32, 116, 101, 115, 116, 44, 32, 102, 111, 114, 115, 101, 46, 32, 77, 97, 110, 110, 97, 103, 103, 105, 97, 46, 0]
Jul 30, 2020 4:07:58 PM PCP.services.Server_Test exec
INFO: TEST: TESTSOCKET n.4 sent a message [5, -84, -111, 116, 101, 115, 116, 52, 65, 108, 105, 97, 115, 58, 32, 109, 101, 115, 115, 97, 103, 103, 105, 111, 32, 100, 105, 32, 116, 101, 115, 116, 44, 32, 102, 111, 114, 115, 101, 46, 32, 77, 97, 110, 110, 97, 103, 103, 105, 97, 46, 0]
Jul 30, 2020 4:07:58 PM PCP.net.PCPManager accept
FINEST: from recieved raw from /127.0.0.1:33366:
[5, -84, -111, 116, 101, 115, 116, 52, 65, 108, 105, 97, 115, 58, 32, 109, 101, 115, 115, 97, 103, 103, 105, 111, 32, 100, 105, 32, 116, 101, 115, 116, 44, 32, 102, 111, 114, 115, 101, 46, 32, 77, 97, 110, 110, 97, 103, 103, 105, 97, 46, 0]
Jul 30, 2020 4:07:58 PM PCP.Min.logic.PCPMinCore accept
INFO: MsgUserToGroup received from User: test4Alias - Room: general - Version of the protocol: Minimal -- send broadcast
Jul 30, 2020 4:07:58 PM PCP.net.PCPChannel send
FINE: sucessfully sent data to: /127.0.0.1:33372
Jul 30, 2020 4:07:58 PM PCP.Min.logic.PCPMinCore accept
FINE: Content of the message:
test4Alias: messaggio di test, forse. Mannaggia.
Jul 30, 2020 4:07:58 PM PCP.net.PCPChannel send
FINEST: data sent to/127.0.0.1:33372:
[5, 116, 101, 115, 116, 52, 65, 108, 105, 97, 115, 0, 116, 101, 115, 116, 52, 65, 108, 105, 97, 115, 58, 32, 109, 101, 115, 115, 97, 103, 103, 105, 111, 32, 100, 105, 32, 116, 101, 115, 116, 44, 32, 102, 111, 114, 115, 101, 46, 32, 77, 97, 110, 110, 97, 103, 103, 105, 97, 46, 0]
Jul 30, 2020 4:07:58 PM PCP.net.PCPChannel send
FINE: sucessfully sent data to: /127.0.0.1:33374
Jul 30, 2020 4:07:58 PM PCP.net.PCPChannel send
FINEST: data sent to/127.0.0.1:33374:
[5, 116, 101, 115, 116, 52, 65, 108, 105, 97, 115, 0, 116, 101, 115, 116, 52, 65, 108, 105, 97, 115, 58, 32, 109, 101, 115, 115, 97, 103, 103, 105, 111, 32, 100, 105, 32, 116, 101, 115, 116, 44, 32, 102, 111, 114, 115, 101, 46, 32, 77, 97, 110, 110, 97, 103, 103, 105, 97, 46, 0]
Jul 30, 2020 4:07:58 PM PCP.net.PCPChannel send
FINE: sucessfully sent data to: /127.0.0.1:33370
Jul 30, 2020 4:07:58 PM PCP.net.PCPChannel send
FINEST: data sent to/127.0.0.1:33370:
[5, 116, 101, 115, 116, 52, 65, 108, 105, 97, 115, 0, 116, 101, 115, 116, 52, 65, 108, 105, 97, 115, 58, 32, 109, 101, 115, 115, 97, 103, 103, 105, 111, 32, 100, 105, 32, 116, 101, 115, 116, 44, 32, 102, 111, 114, 115, 101, 46, 32, 77, 97, 110, 110, 97, 103, 103, 105, 97, 46, 0]
Jul 30, 2020 4:07:58 PM PCP.net.PCPChannel send
FINE: sucessfully sent data to: /127.0.0.1:33368
Jul 30, 2020 4:07:58 PM PCP.net.PCPChannel send
FINEST: data sent to/127.0.0.1:33368:
[5, 116, 101, 115, 116, 52, 65, 108, 105, 97, 115, 0, 116, 101, 115, 116, 52, 65, 108, 105, 97, 115, 58, 32, 109, 101, 115, 115, 97, 103, 103, 105, 111, 32, 100, 105, 32, 116, 101, 115, 116, 44, 32, 102, 111, 114, 115, 101, 46, 32, 77, 97, 110, 110, 97, 103, 103, 105, 97, 46, 0]
Jul 30, 2020 4:08:00 PM PCP.net.PCPManager close
INFO: user [ test1Alias , [-88, -67] ] gone offline
Jul 30, 2020 4:08:00 PM PCP.net.PCPManager close
INFO: user [ test5Alias , [54, -11] ] gone offline
Jul 30, 2020 4:08:00 PM PCP.net.PCPManager close
INFO: user [ test2Alias , [-120, 95] ] gone offline
Jul 30, 2020 4:08:00 PM PCP.net.PCPManager close
INFO: user [ test3Alias , [-72, -67] ] gone offline
Jul 30, 2020 4:08:00 PM PCP.net.PCPManager close
INFO: user [ test4Alias , [-84, -111] ] gone offline
Jul 30, 2020 4:08:01 PM PCP.services.Server_Test exec
INFO: TEST: open client on: /127.0.0.1:33384
Jul 30, 2020 4:08:01 PM PCP.services.PCPServer$1 completed
INFO: successfully recieved new connection
Jul 30, 2020 4:08:01 PM PCP.services.Server_Test exec
INFO: TEST: open client on: /127.0.0.1:33390
Jul 30, 2020 4:08:01 PM PCP.services.PCPServer$1 completed
INFO: successfully recieved new connection
Jul 30, 2020 4:08:01 PM PCP.services.Server_Test exec
INFO: TEST: TESTSOCKET n.3 sent [10, 0, 116, 101, 115, 116, 51, 65, 108, 105, 97, 115, 0, 103, 101, 110, 101, 114, 97, 108, 0]
Jul 30, 2020 4:08:01 PM PCP.services.PCPServer$1 completed
INFO: successfully recieved new connection
Jul 30, 2020 4:08:01 PM PCP.services.Server_Test exec
INFO: TEST: open client on: /127.0.0.1:33388
Jul 30, 2020 4:08:01 PM PCP.net.PCPManager accept
FINEST: from recieved raw from /127.0.0.1:33390:
[10, 0, 116, 101, 115, 116, 51, 65, 108, 105, 97, 115, 0, 103, 101, 110, 101, 114, 97, 108, 0]
Jul 30, 2020 4:08:01 PM PCP.services.Server_Test exec
INFO: TEST: open client on: /127.0.0.1:33386
Jul 30, 2020 4:08:01 PM PCP.net.PCPManager initLogicCore
INFO: Initialized new logic core, version Min
Jul 30, 2020 4:08:01 PM PCP.services.Server_Test exec
INFO: TEST: TESTSOCKET n.1 sent [10, 0, 116, 101, 115, 116, 49, 65, 108, 105, 97, 115, 0, 103, 101, 110, 101, 114, 97, 108, 0]
Jul 30, 2020 4:08:01 PM PCP.services.PCPServer$1 completed
INFO: successfully recieved new connection
Jul 30, 2020 4:08:01 PM PCP.services.PCPServer$1 completed
INFO: successfully recieved new connection
Jul 30, 2020 4:08:01 PM PCP.services.Server_Test exec
INFO: TEST: open client on: /127.0.0.1:33392
Jul 30, 2020 4:08:01 PM PCP.net.PCPManager accept
FINEST: from recieved raw from /127.0.0.1:33384:
[10, 0, 116, 101, 115, 116, 49, 65, 108, 105, 97, 115, 0, 103, 101, 110, 101, 114, 97, 108, 0]
Jul 30, 2020 4:08:01 PM PCP.services.Server_Test exec
INFO: TEST: TESTSOCKET n.4 sent [10, 0, 116, 101, 115, 116, 52, 65, 108, 105, 97, 115, 0, 103, 101, 110, 101, 114, 97, 108, 0]
Jul 30, 2020 4:08:01 PM PCP.net.PCPManager initLogicCore
INFO: Initialized new logic core, version Min
Jul 30, 2020 4:08:01 PM PCP.Min.logic.PCPMinCore accept
INFO: new user [ test3Alias , [124, 33] ] connected on channel null
Jul 30, 2020 4:08:01 PM PCP.services.Server_Test exec
INFO: TEST: TESTSOCKET n.2 sent [10, 0, 116, 101, 115, 116, 50, 65, 108, 105, 97, 115, 0, 103, 101, 110, 101, 114, 97, 108, 0]
Jul 30, 2020 4:08:01 PM PCP.Min.logic.PCPMinCore accept
INFO: Registration Ack (id assigned: [124, 33] - new room: User: test3Alias - Room: general - Version of the protocol: Minimal) sended to general
Jul 30, 2020 4:08:01 PM PCP.net.PCPChannel send
FINE: sucessfully sent data to: /127.0.0.1:33390
Jul 30, 2020 4:08:01 PM PCP.net.PCPManager accept
FINEST: from recieved raw from /127.0.0.1:33386:
[10, 0, 116, 101, 115, 116, 50, 65, 108, 105, 97, 115, 0, 103, 101, 110, 101, 114, 97, 108, 0]
Jul 30, 2020 4:08:01 PM PCP.services.Server_Test exec
INFO: TEST: TESTSOCKET n.5 sent [10, 0, 116, 101, 115, 116, 53, 65, 108, 105, 97, 115, 0, 103, 101, 110, 101, 114, 97, 108, 0]
Jul 30, 2020 4:08:01 PM PCP.net.PCPManager initLogicCore
INFO: Initialized new logic core, version Min
Jul 30, 2020 4:08:01 PM PCP.net.PCPChannel send
FINEST: data sent to/127.0.0.1:33390:
[20, 124, 33, 116, 101, 115, 116, 51, 65, 108, 105, 97, 115, 0]
Jul 30, 2020 4:08:01 PM PCP.Min.logic.PCPMinCore accept
INFO: GroupUserList of all user sended to test3Alias
Jul 30, 2020 4:08:01 PM PCP.net.PCPManager accept
FINEST: from recieved raw from /127.0.0.1:33388:
[10, 0, 116, 101, 115, 116, 52, 65, 108, 105, 97, 115, 0, 103, 101, 110, 101, 114, 97, 108, 0]
Jul 30, 2020 4:08:01 PM PCP.Min.logic.PCPMinCore accept
INFO: GroupUserList update sended in broadcast
Jul 30, 2020 4:08:01 PM PCP.Min.logic.PCPMinCore accept
INFO: new user [ test1Alias , [-19, -44] ] connected on channel null
Jul 30, 2020 4:08:01 PM PCP.net.PCPChannel send
FINE: sucessfully sent data to: /127.0.0.1:33390
Jul 30, 2020 4:08:01 PM PCP.Min.logic.PCPMinCore accept
INFO: Registration Ack (id assigned: [-19, -44] - new room: User: test1Alias - Room: general - Version of the protocol: Minimal) sended to general
Jul 30, 2020 4:08:01 PM PCP.net.PCPManager initLogicCore
INFO: Initialized new logic core, version Min
Jul 30, 2020 4:08:01 PM PCP.net.PCPChannel send
FINEST: data sent to/127.0.0.1:33390:
[51, 0, 1, 91, 34, 116, 101, 115, 116, 51, 65, 108, 105, 97, 115, 34, 93, 0]
Jul 30, 2020 4:08:01 PM PCP.net.PCPManager accept
FINEST: from recieved raw from /127.0.0.1:33392:
[10, 0, 116, 101, 115, 116, 53, 65, 108, 105, 97, 115, 0, 103, 101, 110, 101, 114, 97, 108, 0]
Jul 30, 2020 4:08:01 PM PCP.Min.logic.PCPMinCore accept
INFO: GroupUserList of all user sended to test1Alias
Jul 30, 2020 4:08:01 PM PCP.net.PCPManager initLogicCore
INFO: Initialized new logic core, version Min
Jul 30, 2020 4:08:01 PM PCP.net.PCPChannel send
FINE: sucessfully sent data to: /127.0.0.1:33384
Jul 30, 2020 4:08:01 PM PCP.Min.logic.PCPMinCore accept
INFO: GroupUserList update sended in broadcast
Jul 30, 2020 4:08:01 PM PCP.net.PCPChannel send
FINEST: data sent to/127.0.0.1:33384:
[20, -19, -44, 116, 101, 115, 116, 49, 65, 108, 105, 97, 115, 0]
Jul 30, 2020 4:08:01 PM PCP.Min.logic.PCPMinCore accept
INFO: new user [ test2Alias , [-123, 89] ] connected on channel null
Jul 30, 2020 4:08:01 PM PCP.net.PCPChannel send
FINE: sucessfully sent data to: /127.0.0.1:33384
Jul 30, 2020 4:08:01 PM PCP.net.PCPChannel send
FINEST: data sent to/127.0.0.1:33384:
[51, 0, 2, 91, 34, 116, 101, 115, 116, 49, 65, 108, 105, 97, 115, 34, 44, 34, 116, 101, 115, 116, 51, 65, 108, 105, 97, 115, 34, 93, 0]
Jul 30, 2020 4:08:01 PM PCP.Min.logic.PCPMinCore accept
INFO: Registration Ack (id assigned: [-123, 89] - new room: User: test2Alias - Room: general - Version of the protocol: Minimal) sended to general
Jul 30, 2020 4:08:01 PM PCP.net.PCPChannel send
FINE: sucessfully sent data to: /127.0.0.1:33390
Jul 30, 2020 4:08:01 PM PCP.net.PCPChannel send
FINEST: data sent to/127.0.0.1:33390:
[51, 1, 1, 91, 34, 116, 101, 115, 116, 49, 65, 108, 105, 97, 115, 34, 93, 0]
Jul 30, 2020 4:08:01 PM PCP.Min.logic.PCPMinCore accept
INFO: GroupUserList of all user sended to test2Alias
Jul 30, 2020 4:08:01 PM PCP.net.PCPChannel send
FINE: sucessfully sent data to: /127.0.0.1:33386
Jul 30, 2020 4:08:01 PM PCP.net.PCPChannel send
FINEST: data sent to/127.0.0.1:33386:
[20, -123, 89, 116, 101, 115, 116, 50, 65, 108, 105, 97, 115, 0]
Jul 30, 2020 4:08:01 PM PCP.Min.logic.PCPMinCore accept
INFO: GroupUserList update sended in broadcast
Jul 30, 2020 4:08:01 PM PCP.Min.logic.PCPMinCore accept
INFO: new user [ test4Alias , [-82, 72] ] connected on channel null
Jul 30, 2020 4:08:01 PM PCP.Min.logic.PCPMinCore accept
INFO: Registration Ack (id assigned: [-82, 72] - new room: User: test4Alias - Room: general - Version of the protocol: Minimal) sended to general
Jul 30, 2020 4:08:01 PM PCP.net.PCPChannel send
FINE: sucessfully sent data to: /127.0.0.1:33386
Jul 30, 2020 4:08:01 PM PCP.Min.logic.PCPMinCore accept
INFO: GroupUserList of all user sended to test4Alias
Jul 30, 2020 4:08:01 PM PCP.net.PCPChannel send
FINEST: data sent to/127.0.0.1:33386:
[51, 0, 3, 91, 34, 116, 101, 115, 116, 50, 65, 108, 105, 97, 115, 34, 44, 34, 116, 101, 115, 116, 49, 65, 108, 105, 97, 115, 34, 44, 34, 116, 101, 115, 116, 51, 65, 108, 105, 97, 115, 34, 93, 0]
Jul 30, 2020 4:08:01 PM PCP.Min.logic.PCPMinCore accept
INFO: GroupUserList update sended in broadcast
Jul 30, 2020 4:08:01 PM PCP.Min.logic.PCPMinCore accept
INFO: new user [ test5Alias , [127, 101] ] connected on channel null
Jul 30, 2020 4:08:01 PM PCP.Min.logic.PCPMinCore accept
INFO: Registration Ack (id assigned: [127, 101] - new room: User: test5Alias - Room: general - Version of the protocol: Minimal) sended to general
Jul 30, 2020 4:08:01 PM PCP.net.PCPChannel send
FINE: sucessfully sent data to: /127.0.0.1:33384
Jul 30, 2020 4:08:01 PM PCP.Min.logic.PCPMinCore accept
INFO: GroupUserList of all user sended to test5Alias
Jul 30, 2020 4:08:01 PM PCP.net.PCPChannel send
FINEST: data sent to/127.0.0.1:33384:
[51, 1, 1, 91, 34, 116, 101, 115, 116, 50, 65, 108, 105, 97, 115, 34, 93, 0]
Jul 30, 2020 4:08:01 PM PCP.Min.logic.PCPMinCore accept
INFO: GroupUserList update sended in broadcast
Jul 30, 2020 4:08:01 PM PCP.net.PCPChannel send
FINE: sucessfully sent data to: /127.0.0.1:33390
Jul 30, 2020 4:08:01 PM PCP.net.PCPChannel send
FINEST: data sent to/127.0.0.1:33390:
[51, 1, 1, 91, 34, 116, 101, 115, 116, 50, 65, 108, 105, 97, 115, 34, 93, 0]
Jul 30, 2020 4:08:01 PM PCP.net.PCPChannel send
FINE: sucessfully sent data to: /127.0.0.1:33388
Jul 30, 2020 4:08:01 PM PCP.net.PCPChannel send
FINEST: data sent to/127.0.0.1:33388:
[20, -82, 72, 116, 101, 115, 116, 52, 65, 108, 105, 97, 115, 0]
Jul 30, 2020 4:08:01 PM PCP.net.PCPChannel send
FINE: sucessfully sent data to: /127.0.0.1:33388
Jul 30, 2020 4:08:01 PM PCP.net.PCPChannel send
FINEST: data sent to/127.0.0.1:33388:
[51, 0, 4, 91, 34, 116, 101, 115, 116, 50, 65, 108, 105, 97, 115, 34, 44, 34, 116, 101, 115, 116, 49, 65, 108, 105, 97, 115, 34, 44, 34, 116, 101, 115, 116, 51, 65, 108, 105, 97, 115, 34, 44, 34, 116, 101, 115, 116, 52, 65, 108, 105, 97, 115, 34, 93, 0]
Jul 30, 2020 4:08:01 PM PCP.net.PCPChannel send
FINE: sucessfully sent data to: /127.0.0.1:33386
Jul 30, 2020 4:08:01 PM PCP.net.PCPChannel send
FINEST: data sent to/127.0.0.1:33386:
[51, 1, 1, 91, 34, 116, 101, 115, 116, 52, 65, 108, 105, 97, 115, 34, 93, 0]
Jul 30, 2020 4:08:01 PM PCP.net.PCPChannel send
FINE: sucessfully sent data to: /127.0.0.1:33384
Jul 30, 2020 4:08:01 PM PCP.net.PCPChannel send
FINEST: data sent to/127.0.0.1:33384:
[51, 1, 1, 91, 34, 116, 101, 115, 116, 52, 65, 108, 105, 97, 115, 34, 93, 0]
Jul 30, 2020 4:08:01 PM PCP.net.PCPChannel send
FINE: sucessfully sent data to: /127.0.0.1:33390
Jul 30, 2020 4:08:01 PM PCP.net.PCPChannel send
FINEST: data sent to/127.0.0.1:33390:
[51, 1, 1, 91, 34, 116, 101, 115, 116, 52, 65, 108, 105, 97, 115, 34, 93, 0]
Jul 30, 2020 4:08:01 PM PCP.net.PCPChannel send
FINE: sucessfully sent data to: /127.0.0.1:33392
Jul 30, 2020 4:08:01 PM PCP.net.PCPChannel send
FINEST: data sent to/127.0.0.1:33392:
[20, 127, 101, 116, 101, 115, 116, 53, 65, 108, 105, 97, 115, 0]
Jul 30, 2020 4:08:01 PM PCP.net.PCPChannel send
FINE: sucessfully sent data to: /127.0.0.1:33392
Jul 30, 2020 4:08:01 PM PCP.net.PCPChannel send
FINEST: data sent to/127.0.0.1:33392:
[51, 0, 5, 91, 34, 116, 101, 115, 116, 50, 65, 108, 105, 97, 115, 34, 44, 34, 116, 101, 115, 116, 53, 65, 108, 105, 97, 115, 34, 44, 34, 116, 101, 115, 116, 49, 65, 108, 105, 97, 115, 34, 44, 34, 116, 101, 115, 116, 51, 65, 108, 105, 97, 115, 34, 44, 34, 116, 101, 115, 116, 52, 65, 108, 105, 97, 115, 34, 93, 0]
Jul 30, 2020 4:08:01 PM PCP.net.PCPChannel send
FINE: sucessfully sent data to: /127.0.0.1:33386
Jul 30, 2020 4:08:01 PM PCP.net.PCPChannel send
FINEST: data sent to/127.0.0.1:33386:
[51, 1, 1, 91, 34, 116, 101, 115, 116, 53, 65, 108, 105, 97, 115, 34, 93, 0]
Jul 30, 2020 4:08:01 PM PCP.net.PCPChannel send
FINE: sucessfully sent data to: /127.0.0.1:33384
Jul 30, 2020 4:08:01 PM PCP.net.PCPChannel send
FINEST: data sent to/127.0.0.1:33384:
[51, 1, 1, 91, 34, 116, 101, 115, 116, 53, 65, 108, 105, 97, 115, 34, 93, 0]
Jul 30, 2020 4:08:01 PM PCP.net.PCPChannel send
FINE: sucessfully sent data to: /127.0.0.1:33390
Jul 30, 2020 4:08:01 PM PCP.net.PCPChannel send
FINEST: data sent to/127.0.0.1:33390:
[51, 1, 1, 91, 34, 116, 101, 115, 116, 53, 65, 108, 105, 97, 115, 34, 93, 0]
Jul 30, 2020 4:08:01 PM PCP.net.PCPChannel send
FINE: sucessfully sent data to: /127.0.0.1:33388
Jul 30, 2020 4:08:01 PM PCP.net.PCPChannel send
FINEST: data sent to/127.0.0.1:33388:
[51, 1, 1, 91, 34, 116, 101, 115, 116, 53, 65, 108, 105, 97, 115, 34, 93, 0]
Jul 30, 2020 4:08:01 PM PCP.services.Server_Test exec
INFO: TEST: TESTSOCKET n.3 recieved [20, 124, 33, 116, 101, 115, 116, 51, 65, 108, 105, 97, 115, 0, 51, 0, 1, 91]
Jul 30, 2020 4:08:01 PM PCP.services.Server_Test exec
INFO: TEST: TESTSOCKET n.1 recieved [20, -19, -44, 116, 101, 115, 116, 49, 65, 108, 105, 97, 115, 0, 51, 0, 2, 91]
Jul 30, 2020 4:08:01 PM PCP.services.Server_Test exec
INFO: TEST: TESTSOCKET n.2 recieved [20, -123, 89, 116, 101, 115, 116, 50, 65, 108, 105, 97, 115, 0, 51, 0, 3, 91]
Jul 30, 2020 4:08:01 PM PCP.services.Server_Test exec
INFO: TEST: TESTSOCKET n.4 recieved [20, -82, 72, 116, 101, 115, 116, 52, 65, 108, 105, 97, 115, 0, 51, 0, 4, 91]
Jul 30, 2020 4:08:01 PM PCP.services.Server_Test exec
INFO: TEST: TESTSOCKET n.5 recieved [20, 127, 101, 116, 101, 115, 116, 53, 65, 108, 105, 97, 115, 0, 51, 0, 5, 91]
Jul 30, 2020 4:08:02 PM PCP.services.Server_Test exec
INFO: TEST: TESTSOCKET n.3 sent a message [5, 124, 33, 116, 101, 115, 116, 51, 65, 108, 105, 97, 115, 58, 32, 109, 101, 115, 115, 97, 103, 103, 105, 111, 32, 100, 105, 32, 116, 101, 115, 116, 44, 32, 102, 111, 114, 115, 101, 46, 32, 77, 97, 110, 110, 97, 103, 103, 105, 97, 46, 0]
Jul 30, 2020 4:08:02 PM PCP.net.PCPManager accept
FINEST: from recieved raw from /127.0.0.1:33390:
[5, 124, 33, 116, 101, 115, 116, 51, 65, 108, 105, 97, 115, 58, 32, 109, 101, 115, 115, 97, 103, 103, 105, 111, 32, 100, 105, 32, 116, 101, 115, 116, 44, 32, 102, 111, 114, 115, 101, 46, 32, 77, 97, 110, 110, 97, 103, 103, 105, 97, 46, 0]
Jul 30, 2020 4:08:02 PM PCP.Min.logic.PCPMinCore accept
INFO: MsgUserToGroup received from User: test3Alias - Room: general - Version of the protocol: Minimal -- send broadcast
Jul 30, 2020 4:08:02 PM PCP.net.PCPChannel send
FINE: sucessfully sent data to: /127.0.0.1:33386
Jul 30, 2020 4:08:02 PM PCP.Min.logic.PCPMinCore accept
FINE: Content of the message:
test3Alias: messaggio di test, forse. Mannaggia.
Jul 30, 2020 4:08:02 PM PCP.net.PCPChannel send
FINEST: data sent to/127.0.0.1:33386:
[5, 116, 101, 115, 116, 51, 65, 108, 105, 97, 115, 0, 116, 101, 115, 116, 51, 65, 108, 105, 97, 115, 58, 32, 109, 101, 115, 115, 97, 103, 103, 105, 111, 32, 100, 105, 32, 116, 101, 115, 116, 44, 32, 102, 111, 114, 115, 101, 46, 32, 77, 97, 110, 110, 97, 103, 103, 105, 97, 46, 0]
Jul 30, 2020 4:08:02 PM PCP.net.PCPChannel send
FINE: sucessfully sent data to: /127.0.0.1:33392
Jul 30, 2020 4:08:02 PM PCP.services.Server_Test exec
INFO: TEST: TESTSOCKET n.1 sent a message [5, -19, -44, 116, 101, 115, 116, 49, 65, 108, 105, 97, 115, 58, 32, 109, 101, 115, 115, 97, 103, 103, 105, 111, 32, 100, 105, 32, 116, 101, 115, 116, 44, 32, 102, 111, 114, 115, 101, 46, 32, 77, 97, 110, 110, 97, 103, 103, 105, 97, 46, 0]
Jul 30, 2020 4:08:02 PM PCP.net.PCPChannel send
FINEST: data sent to/127.0.0.1:33392:
[5, 116, 101, 115, 116, 51, 65, 108, 105, 97, 115, 0, 116, 101, 115, 116, 51, 65, 108, 105, 97, 115, 58, 32, 109, 101, 115, 115, 97, 103, 103, 105, 111, 32, 100, 105, 32, 116, 101, 115, 116, 44, 32, 102, 111, 114, 115, 101, 46, 32, 77, 97, 110, 110, 97, 103, 103, 105, 97, 46, 0]
Jul 30, 2020 4:08:02 PM PCP.net.PCPChannel send
FINE: sucessfully sent data to: /127.0.0.1:33384
Jul 30, 2020 4:08:02 PM PCP.net.PCPChannel send
FINEST: data sent to/127.0.0.1:33384:
[5, 116, 101, 115, 116, 51, 65, 108, 105, 97, 115, 0, 116, 101, 115, 116, 51, 65, 108, 105, 97, 115, 58, 32, 109, 101, 115, 115, 97, 103, 103, 105, 111, 32, 100, 105, 32, 116, 101, 115, 116, 44, 32, 102, 111, 114, 115, 101, 46, 32, 77, 97, 110, 110, 97, 103, 103, 105, 97, 46, 0]
Jul 30, 2020 4:08:02 PM PCP.net.PCPChannel send
FINE: sucessfully sent data to: /127.0.0.1:33388
Jul 30, 2020 4:08:02 PM PCP.net.PCPChannel send
FINEST: data sent to/127.0.0.1:33388:
[5, 116, 101, 115, 116, 51, 65, 108, 105, 97, 115, 0, 116, 101, 115, 116, 51, 65, 108, 105, 97, 115, 58, 32, 109, 101, 115, 115, 97, 103, 103, 105, 111, 32, 100, 105, 32, 116, 101, 115, 116, 44, 32, 102, 111, 114, 115, 101, 46, 32, 77, 97, 110, 110, 97, 103, 103, 105, 97, 46, 0]
Jul 30, 2020 4:08:02 PM PCP.net.PCPManager accept
FINEST: from recieved raw from /127.0.0.1:33384:
[5, -19, -44, 116, 101, 115, 116, 49, 65, 108, 105, 97, 115, 58, 32, 109, 101, 115, 115, 97, 103, 103, 105, 111, 32, 100, 105, 32, 116, 101, 115, 116, 44, 32, 102, 111, 114, 115, 101, 46, 32, 77, 97, 110, 110, 97, 103, 103, 105, 97, 46, 0]
Jul 30, 2020 4:08:02 PM PCP.Min.logic.PCPMinCore accept
INFO: MsgUserToGroup received from User: test1Alias - Room: general - Version of the protocol: Minimal -- send broadcast
Jul 30, 2020 4:08:02 PM PCP.net.PCPChannel send
FINE: sucessfully sent data to: /127.0.0.1:33386
Jul 30, 2020 4:08:02 PM PCP.net.PCPChannel send
FINEST: data sent to/127.0.0.1:33386:
[5, 116, 101, 115, 116, 49, 65, 108, 105, 97, 115, 0, 116, 101, 115, 116, 49, 65, 108, 105, 97, 115, 58, 32, 109, 101, 115, 115, 97, 103, 103, 105, 111, 32, 100, 105, 32, 116, 101, 115, 116, 44, 32, 102, 111, 114, 115, 101, 46, 32, 77, 97, 110, 110, 97, 103, 103, 105, 97, 46, 0]
Jul 30, 2020 4:08:02 PM PCP.services.Server_Test exec
INFO: TEST: TESTSOCKET n.2 sent a message [5, -123, 89, 116, 101, 115, 116, 50, 65, 108, 105, 97, 115, 58, 32, 109, 101, 115, 115, 97, 103, 103, 105, 111, 32, 100, 105, 32, 116, 101, 115, 116, 44, 32, 102, 111, 114, 115, 101, 46, 32, 77, 97, 110, 110, 97, 103, 103, 105, 97, 46, 0]
Jul 30, 2020 4:08:02 PM PCP.net.PCPManager accept
FINEST: from recieved raw from /127.0.0.1:33386:
[5, -123, 89, 116, 101, 115, 116, 50, 65, 108, 105, 97, 115, 58, 32, 109, 101, 115, 115, 97, 103, 103, 105, 111, 32, 100, 105, 32, 116, 101, 115, 116, 44, 32, 102, 111, 114, 115, 101, 46, 32, 77, 97, 110, 110, 97, 103, 103, 105, 97, 46, 0]
Jul 30, 2020 4:08:02 PM PCP.net.PCPChannel send
FINE: sucessfully sent data to: /127.0.0.1:33392
Jul 30, 2020 4:08:02 PM PCP.Min.logic.PCPMinCore accept
FINE: Content of the message:
test1Alias: messaggio di test, forse. Mannaggia.
Jul 30, 2020 4:08:02 PM PCP.services.Server_Test exec
INFO: TEST: TESTSOCKET n.4 sent a message [5, -82, 72, 116, 101, 115, 116, 52, 65, 108, 105, 97, 115, 58, 32, 109, 101, 115, 115, 97, 103, 103, 105, 111, 32, 100, 105, 32, 116, 101, 115, 116, 44, 32, 102, 111, 114, 115, 101, 46, 32, 77, 97, 110, 110, 97, 103, 103, 105, 97, 46, 0]
Jul 30, 2020 4:08:02 PM PCP.net.PCPChannel send
FINEST: data sent to/127.0.0.1:33392:
[5, 116, 101, 115, 116, 49, 65, 108, 105, 97, 115, 0, 116, 101, 115, 116, 49, 65, 108, 105, 97, 115, 58, 32, 109, 101, 115, 115, 97, 103, 103, 105, 111, 32, 100, 105, 32, 116, 101, 115, 116, 44, 32, 102, 111, 114, 115, 101, 46, 32, 77, 97, 110, 110, 97, 103, 103, 105, 97, 46, 0]
Jul 30, 2020 4:08:02 PM PCP.net.PCPManager accept
FINEST: from recieved raw from /127.0.0.1:33388:
[5, -82, 72, 116, 101, 115, 116, 52, 65, 108, 105, 97, 115, 58, 32, 109, 101, 115, 115, 97, 103, 103, 105, 111, 32, 100, 105, 32, 116, 101, 115, 116, 44, 32, 102, 111, 114, 115, 101, 46, 32, 77, 97, 110, 110, 97, 103, 103, 105, 97, 46, 0]
Jul 30, 2020 4:08:02 PM PCP.services.Server_Test exec
INFO: TEST: TESTSOCKET n.5 sent a message [5, 127, 101, 116, 101, 115, 116, 53, 65, 108, 105, 97, 115, 58, 32, 109, 101, 115, 115, 97, 103, 103, 105, 111, 32, 100, 105, 32, 116, 101, 115, 116, 44, 32, 102, 111, 114, 115, 101, 46, 32, 77, 97, 110, 110, 97, 103, 103, 105, 97, 46, 0]
Jul 30, 2020 4:08:02 PM PCP.net.PCPChannel send
FINE: sucessfully sent data to: /127.0.0.1:33390
Jul 30, 2020 4:08:02 PM PCP.Min.logic.PCPMinCore accept
INFO: MsgUserToGroup received from User: test2Alias - Room: general - Version of the protocol: Minimal -- send broadcast
Jul 30, 2020 4:08:02 PM PCP.net.PCPChannel send
FINEST: data sent to/127.0.0.1:33390:
[5, 116, 101, 115, 116, 49, 65, 108, 105, 97, 115, 0, 116, 101, 115, 116, 49, 65, 108, 105, 97, 115, 58, 32, 109, 101, 115, 115, 97, 103, 103, 105, 111, 32, 100, 105, 32, 116, 101, 115, 116, 44, 32, 102, 111, 114, 115, 101, 46, 32, 77, 97, 110, 110, 97, 103, 103, 105, 97, 46, 0]
Jul 30, 2020 4:08:02 PM PCP.net.PCPManager accept
FINEST: from recieved raw from /127.0.0.1:33392:
[5, 127, 101, 116, 101, 115, 116, 53, 65, 108, 105, 97, 115, 58, 32, 109, 101, 115, 115, 97, 103, 103, 105, 111, 32, 100, 105, 32, 116, 101, 115, 116, 44, 32, 102, 111, 114, 115, 101, 46, 32, 77, 97, 110, 110, 97, 103, 103, 105, 97, 46, 0]
Jul 30, 2020 4:08:02 PM PCP.net.PCPChannel send
FINE: sucessfully sent data to: /127.0.0.1:33388
Jul 30, 2020 4:08:02 PM PCP.Min.logic.PCPMinCore accept
FINE: Content of the message:
test2Alias: messaggio di test, forse. Mannaggia.
Jul 30, 2020 4:08:02 PM PCP.net.PCPChannel send
FINEST: data sent to/127.0.0.1:33388:
[5, 116, 101, 115, 116, 49, 65, 108, 105, 97, 115, 0, 116, 101, 115, 116, 49, 65, 108, 105, 97, 115, 58, 32, 109, 101, 115, 115, 97, 103, 103, 105, 111, 32, 100, 105, 32, 116, 101, 115, 116, 44, 32, 102, 111, 114, 115, 101, 46, 32, 77, 97, 110, 110, 97, 103, 103, 105, 97, 46, 0]
Jul 30, 2020 4:08:02 PM PCP.Min.logic.PCPMinCore accept
INFO: MsgUserToGroup received from User: test4Alias - Room: general - Version of the protocol: Minimal -- send broadcast
Jul 30, 2020 4:08:02 PM PCP.Min.logic.PCPMinCore accept
FINE: Content of the message:
test4Alias: messaggio di test, forse. Mannaggia.
Jul 30, 2020 4:08:02 PM PCP.Min.logic.PCPMinCore accept
INFO: MsgUserToGroup received from User: test5Alias - Room: general - Version of the protocol: Minimal -- send broadcast
Jul 30, 2020 4:08:02 PM PCP.Min.logic.PCPMinCore accept
FINE: Content of the message:
test5Alias: messaggio di test, forse. Mannaggia.
Jul 30, 2020 4:08:02 PM PCP.net.PCPChannel send
FINE: sucessfully sent data to: /127.0.0.1:33392
Jul 30, 2020 4:08:02 PM PCP.net.PCPChannel send
FINEST: data sent to/127.0.0.1:33392:
[5, 116, 101, 115, 116, 50, 65, 108, 105, 97, 115, 0, 116, 101, 115, 116, 50, 65, 108, 105, 97, 115, 58, 32, 109, 101, 115, 115, 97, 103, 103, 105, 111, 32, 100, 105, 32, 116, 101, 115, 116, 44, 32, 102, 111, 114, 115, 101, 46, 32, 77, 97, 110, 110, 97, 103, 103, 105, 97, 46, 0]
Jul 30, 2020 4:08:02 PM PCP.net.PCPChannel send
FINE: sucessfully sent data to: /127.0.0.1:33384
Jul 30, 2020 4:08:02 PM PCP.net.PCPChannel send
FINEST: data sent to/127.0.0.1:33384:
[5, 116, 101, 115, 116, 50, 65, 108, 105, 97, 115, 0, 116, 101, 115, 116, 50, 65, 108, 105, 97, 115, 58, 32, 109, 101, 115, 115, 97, 103, 103, 105, 111, 32, 100, 105, 32, 116, 101, 115, 116, 44, 32, 102, 111, 114, 115, 101, 46, 32, 77, 97, 110, 110, 97, 103, 103, 105, 97, 46, 0]
Jul 30, 2020 4:08:02 PM PCP.net.PCPChannel send
FINE: sucessfully sent data to: /127.0.0.1:33390
Jul 30, 2020 4:08:02 PM PCP.net.PCPChannel send
FINEST: data sent to/127.0.0.1:33390:
[5, 116, 101, 115, 116, 50, 65, 108, 105, 97, 115, 0, 116, 101, 115, 116, 50, 65, 108, 105, 97, 115, 58, 32, 109, 101, 115, 115, 97, 103, 103, 105, 111, 32, 100, 105, 32, 116, 101, 115, 116, 44, 32, 102, 111, 114, 115, 101, 46, 32, 77, 97, 110, 110, 97, 103, 103, 105, 97, 46, 0]
Jul 30, 2020 4:08:02 PM PCP.net.PCPChannel send
FINE: sucessfully sent data to: /127.0.0.1:33388
Jul 30, 2020 4:08:02 PM PCP.net.PCPChannel send
FINEST: data sent to/127.0.0.1:33388:
[5, 116, 101, 115, 116, 50, 65, 108, 105, 97, 115, 0, 116, 101, 115, 116, 50, 65, 108, 105, 97, 115, 58, 32, 109, 101, 115, 115, 97, 103, 103, 105, 111, 32, 100, 105, 32, 116, 101, 115, 116, 44, 32, 102, 111, 114, 115, 101, 46, 32, 77, 97, 110, 110, 97, 103, 103, 105, 97, 46, 0]
Jul 30, 2020 4:08:02 PM PCP.net.PCPChannel send
FINE: sucessfully sent data to: /127.0.0.1:33386
Jul 30, 2020 4:08:02 PM PCP.net.PCPChannel send
FINEST: data sent to/127.0.0.1:33386:
[5, 116, 101, 115, 116, 52, 65, 108, 105, 97, 115, 0, 116, 101, 115, 116, 52, 65, 108, 105, 97, 115, 58, 32, 109, 101, 115, 115, 97, 103, 103, 105, 111, 32, 100, 105, 32, 116, 101, 115, 116, 44, 32, 102, 111, 114, 115, 101, 46, 32, 77, 97, 110, 110, 97, 103, 103, 105, 97, 46, 0]
Jul 30, 2020 4:08:02 PM PCP.net.PCPChannel send
FINE: sucessfully sent data to: /127.0.0.1:33392
Jul 30, 2020 4:08:02 PM PCP.net.PCPChannel send
FINEST: data sent to/127.0.0.1:33392:
[5, 116, 101, 115, 116, 52, 65, 108, 105, 97, 115, 0, 116, 101, 115, 116, 52, 65, 108, 105, 97, 115, 58, 32, 109, 101, 115, 115, 97, 103, 103, 105, 111, 32, 100, 105, 32, 116, 101, 115, 116, 44, 32, 102, 111, 114, 115, 101, 46, 32, 77, 97, 110, 110, 97, 103, 103, 105, 97, 46, 0]
Jul 30, 2020 4:08:02 PM PCP.net.PCPChannel send
FINE: sucessfully sent data to: /127.0.0.1:33384
Jul 30, 2020 4:08:02 PM PCP.net.PCPChannel send
FINEST: data sent to/127.0.0.1:33384:
[5, 116, 101, 115, 116, 52, 65, 108, 105, 97, 115, 0, 116, 101, 115, 116, 52, 65, 108, 105, 97, 115, 58, 32, 109, 101, 115, 115, 97, 103, 103, 105, 111, 32, 100, 105, 32, 116, 101, 115, 116, 44, 32, 102, 111, 114, 115, 101, 46, 32, 77, 97, 110, 110, 97, 103, 103, 105, 97, 46, 0]
Jul 30, 2020 4:08:02 PM PCP.net.PCPChannel send
FINE: sucessfully sent data to: /127.0.0.1:33390
Jul 30, 2020 4:08:02 PM PCP.net.PCPChannel send
FINEST: data sent to/127.0.0.1:33390:
[5, 116, 101, 115, 116, 52, 65, 108, 105, 97, 115, 0, 116, 101, 115, 116, 52, 65, 108, 105, 97, 115, 58, 32, 109, 101, 115, 115, 97, 103, 103, 105, 111, 32, 100, 105, 32, 116, 101, 115, 116, 44, 32, 102, 111, 114, 115, 101, 46, 32, 77, 97, 110, 110, 97, 103, 103, 105, 97, 46, 0]
Jul 30, 2020 4:08:02 PM PCP.net.PCPChannel send
FINE: sucessfully sent data to: /127.0.0.1:33386
Jul 30, 2020 4:08:02 PM PCP.net.PCPChannel send
FINEST: data sent to/127.0.0.1:33386:
[5, 116, 101, 115, 116, 53, 65, 108, 105, 97, 115, 0, 116, 101, 115, 116, 53, 65, 108, 105, 97, 115, 58, 32, 109, 101, 115, 115, 97, 103, 103, 105, 111, 32, 100, 105, 32, 116, 101, 115, 116, 44, 32, 102, 111, 114, 115, 101, 46, 32, 77, 97, 110, 110, 97, 103, 103, 105, 97, 46, 0]
Jul 30, 2020 4:08:02 PM PCP.net.PCPChannel send
FINE: sucessfully sent data to: /127.0.0.1:33384
Jul 30, 2020 4:08:02 PM PCP.net.PCPChannel send
FINEST: data sent to/127.0.0.1:33384:
[5, 116, 101, 115, 116, 53, 65, 108, 105, 97, 115, 0, 116, 101, 115, 116, 53, 65, 108, 105, 97, 115, 58, 32, 109, 101, 115, 115, 97, 103, 103, 105, 111, 32, 100, 105, 32, 116, 101, 115, 116, 44, 32, 102, 111, 114, 115, 101, 46, 32, 77, 97, 110, 110, 97, 103, 103, 105, 97, 46, 0]
Jul 30, 2020 4:08:02 PM PCP.net.PCPChannel send
FINE: sucessfully sent data to: /127.0.0.1:33390
Jul 30, 2020 4:08:02 PM PCP.net.PCPChannel send
FINEST: data sent to/127.0.0.1:33390:
[5, 116, 101, 115, 116, 53, 65, 108, 105, 97, 115, 0, 116, 101, 115, 116, 53, 65, 108, 105, 97, 115, 58, 32, 109, 101, 115, 115, 97, 103, 103, 105, 111, 32, 100, 105, 32, 116, 101, 115, 116, 44, 32, 102, 111, 114, 115, 101, 46, 32, 77, 97, 110, 110, 97, 103, 103, 105, 97, 46, 0]
Jul 30, 2020 4:08:02 PM PCP.net.PCPChannel send
FINE: sucessfully sent data to: /127.0.0.1:33388
Jul 30, 2020 4:08:02 PM PCP.net.PCPChannel send
FINEST: data sent to/127.0.0.1:33388:
[5, 116, 101, 115, 116, 53, 65, 108, 105, 97, 115, 0, 116, 101, 115, 116, 53, 65, 108, 105, 97, 115, 58, 32, 109, 101, 115, 115, 97, 103, 103, 105, 111, 32, 100, 105, 32, 116, 101, 115, 116, 44, 32, 102, 111, 114, 115, 101, 46, 32, 77, 97, 110, 110, 97, 103, 103, 105, 97, 46, 0]
Jul 30, 2020 4:08:04 PM PCP.net.PCPManager close
INFO: user [ test3Alias , [124, 33] ] gone offline
Jul 30, 2020 4:08:04 PM PCP.net.PCPManager close
INFO: user [ test1Alias , [-19, -44] ] gone offline
Jul 30, 2020 4:08:04 PM PCP.net.PCPManager close
INFO: user [ test2Alias , [-123, 89] ] gone offline
Jul 30, 2020 4:08:04 PM PCP.net.PCPManager close
INFO: user [ test5Alias , [127, 101] ] gone offline
Jul 30, 2020 4:08:04 PM PCP.net.PCPManager close
INFO: user [ test4Alias , [-82, 72] ] gone offline
Jul 30, 2020 4:08:11 PM PCP.services.PCPServer shutDown
INFO: server shutting down...
Jul 30, 2020 4:08:11 PM PCP.net.PCPManager dispose
INFO: middleware resources disposing completed succesfully!
Jul 30, 2020 4:08:11 PM PCP.services.PCPServer run
INFO: server info thread interrupted!
java.lang.InterruptedException: sleep interrupted
	at java.lang.Thread.sleep(Native Method)
	at PCP.services.PCPServer.run(PCPServer.java:183)

Jul 30, 2020 4:08:11 PM PCP.services.PCPServer$1 failed
WARNING: error recieving new connection
java.nio.channels.AsynchronousCloseException

Tests run: 2, Failures: 0, Errors: 0, Skipped: 1, Time elapsed: 14.294 sec - in PCP.services.Server_Test

Results :

Tests run: 26, Failures: 0, Errors: 0, Skipped: 3

[INFO] 
[INFO] --- jacoco-maven-plugin:0.8.5:report (report) @ PCP ---
[INFO] Loading execution data file /tmp/tmpyvs2qq62/PotatoChatProtocol/PCP/target/jacoco.exec
[INFO] Analyzed bundle 'Potato Chat Protocol' with 42 classes
[INFO] ------------------------------------------------------------------------
[INFO] BUILD SUCCESS
[INFO] ------------------------------------------------------------------------
[INFO] Total time:  19.827 s
[INFO] Finished at: 2020-07-30T16:08:12Z
[INFO] ------------------------------------------------------------------------
