[INFO] Error stacktraces are turned on.
[INFO] Scanning for projects...
[INFO] 
[INFO] -----------------------< org.jdbi:jdbi-examples >-----------------------
[INFO] Building jdbi-examples 1.0-SNAPSHOT
[INFO] --------------------------------[ jar ]---------------------------------
[INFO] 
[INFO] --- jacoco-maven-plugin:0.8.5:prepare-agent (default) @ jdbi-examples ---
[INFO] argLine set to -javaagent:/home/jdbl/.m2/repository/org/jacoco/org.jacoco.agent/0.8.5/org.jacoco.agent-0.8.5-runtime.jar=destfile=/tmp/tmp0fpsfel1/jdbi-examples/target/jacoco.exec
[INFO] 
[INFO] --- maven-resources-plugin:2.6:resources (default-resources) @ jdbi-examples ---
[WARNING] Using platform encoding (UTF-8 actually) to copy filtered resources, i.e. build is platform dependent!
[INFO] skip non existing resourceDirectory /tmp/tmp0fpsfel1/jdbi-examples/src/main/resources
[INFO] 
[INFO] --- maven-compiler-plugin:3.5.1:compile (default-compile) @ jdbi-examples ---
[INFO] No sources to compile
[INFO] 
[INFO] --- maven-resources-plugin:2.6:testResources (default-testResources) @ jdbi-examples ---
[WARNING] Using platform encoding (UTF-8 actually) to copy filtered resources, i.e. build is platform dependent!
[INFO] skip non existing resourceDirectory /tmp/tmp0fpsfel1/jdbi-examples/src/test/resources
[INFO] 
[INFO] --- maven-compiler-plugin:3.5.1:testCompile (default-testCompile) @ jdbi-examples ---
[INFO] Changes detected - recompiling the module!
[WARNING] File encoding has not been set, using platform encoding UTF-8, i.e. build is platform dependent!
[INFO] Compiling 13 source files to /tmp/tmp0fpsfel1/jdbi-examples/target/test-classes
[INFO] 
[INFO] --- maven-surefire-plugin:2.19.1:test (default-test) @ jdbi-examples ---
[INFO] Surefire report directory: /tmp/tmp0fpsfel1/jdbi-examples/target/surefire-reports

-------------------------------------------------------
 T E S T S
-------------------------------------------------------
Running org.jdbi.examples.v3.Example02RowMapper
SLF4J: Failed to load class "org.slf4j.impl.StaticLoggerBinder".
SLF4J: Defaulting to no-operation (NOP) logger implementation
SLF4J: See http://www.slf4j.org/codes.html#StaticLoggerBinder for further details.
Tests run: 1, Failures: 0, Errors: 0, Skipped: 0, Time elapsed: 0.619 sec - in org.jdbi.examples.v3.Example02RowMapper
Running org.jdbi.examples.v3.Example04ColumnMapper
Tests run: 1, Failures: 0, Errors: 0, Skipped: 0, Time elapsed: 0.056 sec - in org.jdbi.examples.v3.Example04ColumnMapper
Running org.jdbi.examples.v3.Example01FluentApi
Tests run: 1, Failures: 0, Errors: 0, Skipped: 0, Time elapsed: 0.007 sec - in org.jdbi.examples.v3.Example01FluentApi
Running org.jdbi.examples.v3.Example05SqlObjectApi
Tests run: 1, Failures: 0, Errors: 0, Skipped: 0, Time elapsed: 0.114 sec - in org.jdbi.examples.v3.Example05SqlObjectApi
Running org.jdbi.examples.v3.Example06Joins
Tests run: 1, Failures: 0, Errors: 0, Skipped: 0, Time elapsed: 0.063 sec - in org.jdbi.examples.v3.Example06Joins
Running org.jdbi.examples.v3.Example03RegisterRowMapper
Tests run: 1, Failures: 0, Errors: 0, Skipped: 0, Time elapsed: 0.006 sec - in org.jdbi.examples.v3.Example03RegisterRowMapper
Running org.jdbi.examples.v2.Example02RowMapper
Tests run: 1, Failures: 0, Errors: 0, Skipped: 0, Time elapsed: 0.054 sec - in org.jdbi.examples.v2.Example02RowMapper
Running org.jdbi.examples.v2.Example04ColumnMapper
Tests run: 1, Failures: 0, Errors: 0, Skipped: 0, Time elapsed: 0.023 sec - in org.jdbi.examples.v2.Example04ColumnMapper
Running org.jdbi.examples.v2.Example01FluentApi
Tests run: 1, Failures: 0, Errors: 0, Skipped: 0, Time elapsed: 0.004 sec - in org.jdbi.examples.v2.Example01FluentApi
Running org.jdbi.examples.v2.Example05SqlObjectApi
Tests run: 1, Failures: 0, Errors: 0, Skipped: 0, Time elapsed: 0.15 sec - in org.jdbi.examples.v2.Example05SqlObjectApi
Running org.jdbi.examples.v2.Example06Joins
Tests run: 1, Failures: 0, Errors: 0, Skipped: 0, Time elapsed: 0.056 sec - in org.jdbi.examples.v2.Example06Joins
Running org.jdbi.examples.v2.Example03RegisterRowMapper
Tests run: 1, Failures: 0, Errors: 0, Skipped: 0, Time elapsed: 0.005 sec - in org.jdbi.examples.v2.Example03RegisterRowMapper

Results :

Tests run: 12, Failures: 0, Errors: 0, Skipped: 0

[INFO] 
[INFO] --- jacoco-maven-plugin:0.8.5:report (report) @ jdbi-examples ---
[INFO] Loading execution data file /tmp/tmp0fpsfel1/jdbi-examples/target/jacoco.exec
[INFO] Analyzed bundle 'jdbi-examples' with 924 classes
[INFO] ------------------------------------------------------------------------
[INFO] BUILD SUCCESS
[INFO] ------------------------------------------------------------------------
[INFO] Total time:  15.847 s
[INFO] Finished at: 2020-07-31T05:18:18Z
[INFO] ------------------------------------------------------------------------
