[INFO] Error stacktraces are turned on.
[INFO] Scanning for projects...
[INFO] 
[INFO] --------------< com.webfluxclient:spring-webflux-client >---------------
[INFO] Building spring-webflux-client 0.0.1-SNAPSHOT
[INFO] --------------------------------[ jar ]---------------------------------
[INFO] 
[INFO] --- jacoco-maven-plugin:0.8.5:prepare-agent (default) @ spring-webflux-client ---
[INFO] argLine set to -javaagent:/home/jdbl/.m2/repository/org/jacoco/org.jacoco.agent/0.8.5/org.jacoco.agent-0.8.5-runtime.jar=destfile=/tmp/tmppxckln2d/spring-webflux-client/target/jacoco.exec
[INFO] 
[INFO] --- maven-resources-plugin:2.6:resources (default-resources) @ spring-webflux-client ---
[WARNING] Using platform encoding (UTF-8 actually) to copy filtered resources, i.e. build is platform dependent!
[INFO] skip non existing resourceDirectory /tmp/tmppxckln2d/spring-webflux-client/src/main/resources
[INFO] 
[INFO] --- maven-compiler-plugin:3.1:compile (default-compile) @ spring-webflux-client ---
[INFO] Changes detected - recompiling the module!
[WARNING] File encoding has not been set, using platform encoding UTF-8, i.e. build is platform dependent!
[INFO] Compiling 50 source files to /tmp/tmppxckln2d/spring-webflux-client/target/classes
[WARNING] /tmp/tmppxckln2d/spring-webflux-client/src/main/java/com/webfluxclient/metadata/request/RequestTemplate.java: Some input files use unchecked or unsafe operations.
[WARNING] /tmp/tmppxckln2d/spring-webflux-client/src/main/java/com/webfluxclient/metadata/request/RequestTemplate.java: Recompile with -Xlint:unchecked for details.
[INFO] 
[INFO] --- maven-resources-plugin:2.6:testResources (default-testResources) @ spring-webflux-client ---
[WARNING] Using platform encoding (UTF-8 actually) to copy filtered resources, i.e. build is platform dependent!
[INFO] Copying 1 resource
[INFO] 
[INFO] --- maven-compiler-plugin:3.1:testCompile (default-testCompile) @ spring-webflux-client ---
[INFO] Changes detected - recompiling the module!
[WARNING] File encoding has not been set, using platform encoding UTF-8, i.e. build is platform dependent!
[INFO] Compiling 16 source files to /tmp/tmppxckln2d/spring-webflux-client/target/test-classes
[INFO] 
[INFO] --- maven-surefire-plugin:2.19.1:test (default-test) @ spring-webflux-client ---
[INFO] Surefire report directory: /tmp/tmppxckln2d/spring-webflux-client/target/surefire-reports

-------------------------------------------------------
 T E S T S
-------------------------------------------------------
Running com.webfluxclient.client.DefaultRequestExecutorTest
[DEBUG] (main) Using Console logging
Tests run: 2, Failures: 0, Errors: 0, Skipped: 0, Time elapsed: 2.627 sec - in com.webfluxclient.client.DefaultRequestExecutorTest
Running com.webfluxclient.metadata.MethodMetadataFactoryTest
Tests run: 21, Failures: 0, Errors: 0, Skipped: 0, Time elapsed: 0.344 sec - in com.webfluxclient.metadata.MethodMetadataFactoryTest
Running com.webfluxclient.metadata.MethodMetadataBuilderTest
Tests run: 3, Failures: 0, Errors: 0, Skipped: 0, Time elapsed: 0.017 sec - in com.webfluxclient.metadata.MethodMetadataBuilderTest
Running com.webfluxclient.metadata.request.encoding.UrlParameterEncoderTest
Tests run: 2, Failures: 0, Errors: 0, Skipped: 0, Time elapsed: 0.019 sec - in com.webfluxclient.metadata.request.encoding.UrlParameterEncoderTest
Running com.webfluxclient.metadata.request.encoding.DefaultParameterEncoderTest
Tests run: 14, Failures: 0, Errors: 0, Skipped: 0, Time elapsed: 0.049 sec - in com.webfluxclient.metadata.request.encoding.DefaultParameterEncoderTest
Running com.webfluxclient.metadata.request.RequestHeadersTest
Tests run: 7, Failures: 0, Errors: 0, Skipped: 0, Time elapsed: 0.01 sec - in com.webfluxclient.metadata.request.RequestHeadersTest
Running com.webfluxclient.metadata.request.DefaultRequestTest
Tests run: 9, Failures: 0, Errors: 0, Skipped: 0, Time elapsed: 0.025 sec - in com.webfluxclient.metadata.request.DefaultRequestTest
Running com.webfluxclient.utils.TypesTest
Tests run: 3, Failures: 0, Errors: 0, Skipped: 0, Time elapsed: 0.008 sec - in com.webfluxclient.utils.TypesTest
Running com.webfluxclient.handler.DefaultReactiveInvocationHandlerTest
Tests run: 2, Failures: 0, Errors: 0, Skipped: 0, Time elapsed: 0.074 sec - in com.webfluxclient.handler.DefaultReactiveInvocationHandlerTest
Running com.webfluxclient.codec.HttpClientErrorDecoderTest
Tests run: 2, Failures: 0, Errors: 0, Skipped: 0, Time elapsed: 0.046 sec - in com.webfluxclient.codec.HttpClientErrorDecoderTest
Running com.webfluxclient.codec.DefaultExtendedClientCodecConfigurerTest
Tests run: 13, Failures: 0, Errors: 0, Skipped: 0, Time elapsed: 0.042 sec - in com.webfluxclient.codec.DefaultExtendedClientCodecConfigurerTest
Running com.webfluxclient.codec.HttpServerErrorDecoderTest
Tests run: 2, Failures: 0, Errors: 0, Skipped: 0, Time elapsed: 0.002 sec - in com.webfluxclient.codec.HttpServerErrorDecoderTest
Running com.webfluxclient.codec.DecoderHttpErrorReaderTest
Tests run: 4, Failures: 0, Errors: 0, Skipped: 0, Time elapsed: 0.268 sec - in com.webfluxclient.codec.DecoderHttpErrorReaderTest
Running com.webfluxclient.DefaultClientBuilderTest
Tests run: 12, Failures: 0, Errors: 0, Skipped: 0, Time elapsed: 0.136 sec - in com.webfluxclient.DefaultClientBuilderTest

Results :

Tests run: 96, Failures: 0, Errors: 0, Skipped: 0

[INFO] 
[INFO] --- jacoco-maven-plugin:0.8.5:report (report) @ spring-webflux-client ---
[INFO] Loading execution data file /tmp/tmppxckln2d/spring-webflux-client/target/jacoco.exec
[INFO] Analyzed bundle 'spring-webflux-client' with 1036 classes
[INFO] ------------------------------------------------------------------------
[INFO] BUILD SUCCESS
[INFO] ------------------------------------------------------------------------
[INFO] Total time:  45.505 s
[INFO] Finished at: 2020-07-30T22:34:51Z
[INFO] ------------------------------------------------------------------------
