[INFO] Error stacktraces are turned on.
[INFO] Scanning for projects...
[INFO] Inspecting build with total of 1 modules...
[INFO] Installing Nexus Staging features:
[INFO]   ... total of 1 executions of maven-deploy-plugin replaced with nexus-staging-maven-plugin
[INFO] 
[INFO] --------------------< com.ginsberg:java-timestream >--------------------
[INFO] Building java-timestream 1.1.1-SNAPSHOT
[INFO] --------------------------------[ jar ]---------------------------------
[INFO] 
[INFO] --- jacoco-maven-plugin:0.8.5:prepare-agent (default) @ java-timestream ---
[INFO] argLine set to -javaagent:/home/jdbl/.m2/repository/org/jacoco/org.jacoco.agent/0.8.5/org.jacoco.agent-0.8.5-runtime.jar=destfile=/tmp/tmp7zd8z5kx/java-timestream/target/jacoco.exec
[INFO] 
[INFO] --- maven-resources-plugin:2.6:resources (default-resources) @ java-timestream ---
[INFO] Using 'UTF-8' encoding to copy filtered resources.
[INFO] skip non existing resourceDirectory /tmp/tmp7zd8z5kx/java-timestream/src/main/resources
[INFO] 
[INFO] --- maven-compiler-plugin:3.5.1:compile (default-compile) @ java-timestream ---
[INFO] Changes detected - recompiling the module!
[INFO] Compiling 6 source files to /tmp/tmp7zd8z5kx/java-timestream/target/classes
[INFO] 
[INFO] --- maven-resources-plugin:2.6:testResources (default-testResources) @ java-timestream ---
[INFO] Using 'UTF-8' encoding to copy filtered resources.
[INFO] skip non existing resourceDirectory /tmp/tmp7zd8z5kx/java-timestream/src/test/resources
[INFO] 
[INFO] --- maven-compiler-plugin:3.5.1:testCompile (default-testCompile) @ java-timestream ---
[INFO] Changes detected - recompiling the module!
[INFO] Compiling 6 source files to /tmp/tmp7zd8z5kx/java-timestream/target/test-classes
[INFO] 
[INFO] --- maven-surefire-plugin:2.19.1:test (default-test) @ java-timestream ---
[INFO] Surefire report directory: /tmp/tmp7zd8z5kx/java-timestream/target/surefire-reports

-------------------------------------------------------
 T E S T S
-------------------------------------------------------
Running com.ginsberg.timestream.YearMonthStreamTest
Tests run: 25, Failures: 0, Errors: 0, Skipped: 0, Time elapsed: 0.425 sec - in com.ginsberg.timestream.YearMonthStreamTest
Running com.ginsberg.timestream.LocalDateStreamTest
Tests run: 25, Failures: 0, Errors: 0, Skipped: 0, Time elapsed: 0.237 sec - in com.ginsberg.timestream.LocalDateStreamTest
Running com.ginsberg.timestream.LocalDateTimeStreamTest
Tests run: 19, Failures: 0, Errors: 0, Skipped: 0, Time elapsed: 0.502 sec - in com.ginsberg.timestream.LocalDateTimeStreamTest
Running com.ginsberg.timestream.ZonedDateTimeStreamTest
Tests run: 19, Failures: 0, Errors: 0, Skipped: 0, Time elapsed: 0.264 sec - in com.ginsberg.timestream.ZonedDateTimeStreamTest
Running com.ginsberg.timestream.TakeWhileTest
Tests run: 3, Failures: 0, Errors: 0, Skipped: 0, Time elapsed: 0 sec - in com.ginsberg.timestream.TakeWhileTest

Results :

Tests run: 91, Failures: 0, Errors: 0, Skipped: 0

[INFO] 
[INFO] --- jacoco-maven-plugin:0.8.5:report (report) @ java-timestream ---
[INFO] Loading execution data file /tmp/tmp7zd8z5kx/java-timestream/target/jacoco.exec
[INFO] Analyzed bundle 'java-timestream' with 930 classes
[INFO] ------------------------------------------------------------------------
[INFO] BUILD SUCCESS
[INFO] ------------------------------------------------------------------------
[INFO] Total time:  18.137 s
[INFO] Finished at: 2020-07-31T06:07:09Z
[INFO] ------------------------------------------------------------------------
