[INFO] Error stacktraces are turned on.
[INFO] Scanning for projects...
[INFO] 
[INFO] --------------------------< zhangyue:gspark >---------------------------
[INFO] Building Account Center Kern 0.0.1
[INFO] --------------------------------[ jar ]---------------------------------
[INFO] 
[INFO] --- jacoco-maven-plugin:0.8.5:prepare-agent (default) @ gspark ---
[INFO] argLine set to -javaagent:/home/jdbl/.m2/repository/org/jacoco/org.jacoco.agent/0.8.5/org.jacoco.agent-0.8.5-runtime.jar=destfile=/tmp/tmp_o9s0lbw/Gspark/target/jacoco.exec
[INFO] 
[INFO] --- maven-resources-plugin:2.6:resources (default-resources) @ gspark ---
[INFO] Using 'UTF-8' encoding to copy filtered resources.
[INFO] skip non existing resourceDirectory /tmp/tmp_o9s0lbw/Gspark/src/main/resources
[INFO] 
[INFO] --- maven-compiler-plugin:3.1:compile (default-compile) @ gspark ---
[INFO] Changes detected - recompiling the module!
[INFO] Compiling 66 source files to /tmp/tmp_o9s0lbw/Gspark/target/classes
[INFO] 
[INFO] --- maven-resources-plugin:2.6:testResources (default-testResources) @ gspark ---
[INFO] Using 'UTF-8' encoding to copy filtered resources.
[INFO] skip non existing resourceDirectory /tmp/tmp_o9s0lbw/Gspark/src/test/resources
[INFO] 
[INFO] --- maven-compiler-plugin:3.1:testCompile (default-testCompile) @ gspark ---
[INFO] Changes detected - recompiling the module!
[INFO] Compiling 9 source files to /tmp/tmp_o9s0lbw/Gspark/target/test-classes
[INFO] 
[INFO] --- maven-surefire-plugin:2.19.1:test (default-test) @ gspark ---
[INFO] Surefire report directory: /tmp/tmp_o9s0lbw/Gspark/target/surefire-reports

-------------------------------------------------------
 T E S T S
-------------------------------------------------------
Running gspark.redis.CodisTest
20/07/31 09:09:36 INFO staticfiles.StaticFilesConfiguration: StaticResourceHandler configured with folder = static
Tests run: 5, Failures: 0, Errors: 0, Skipped: 0, Time elapsed: 3.051 sec - in gspark.redis.CodisTest
Running gspark.redis.RedisTest
20/07/31 09:09:38 INFO staticfiles.StaticFilesConfiguration: StaticResourceHandler configured with folder = static
Tests run: 5, Failures: 0, Errors: 0, Skipped: 0, Time elapsed: 0.03 sec - in gspark.redis.RedisTest
Running gspark.hibernate.HibernateTest
20/07/31 09:09:38 INFO staticfiles.StaticFilesConfiguration: StaticResourceHandler configured with folder = static
20/07/31 09:09:38 INFO annotations.Version: Hibernate Annotations 3.5.6-Final
20/07/31 09:09:38 INFO cfg.Environment: Hibernate 3.5.6-Final
20/07/31 09:09:38 INFO cfg.Environment: hibernate.properties not found
20/07/31 09:09:38 INFO cfg.Environment: Bytecode provider name : javassist
20/07/31 09:09:38 INFO cfg.Environment: using JDK 1.4 java.sql.Timestamp handling
20/07/31 09:09:38 INFO common.Version: Hibernate Commons Annotations 3.2.0.Final
20/07/31 09:09:38 INFO search.HibernateSearchEventListenerRegister: Unable to find org.hibernate.search.event.FullTextIndexEventListener on the classpath. Hibernate Search is not enabled.
20/07/31 09:09:38 INFO cfg.AnnotationBinder: Binding entity from annotated class: gspark.hibernate.HibernateTest$ExpertEntity
20/07/31 09:09:38 INFO annotations.EntityBinder: Bind entity gspark.hibernate.HibernateTest$ExpertEntity on table expert
20/07/31 09:09:38 INFO cfg.AnnotationConfiguration: Hibernate Validator not found: ignoring
20/07/31 09:09:39 INFO connection.ConnectionProviderFactory: Initializing connection provider: org.hibernate.connection.C3P0ConnectionProvider
20/07/31 09:09:39 INFO connection.C3P0ConnectionProvider: C3P0 using driver: org.hsqldb.jdbc.JDBCDriver at URL: jdbc:hsqldb:mem:test
20/07/31 09:09:39 INFO connection.C3P0ConnectionProvider: Connection properties: {user=test, password=****}
20/07/31 09:09:39 INFO connection.C3P0ConnectionProvider: autocommit mode: false
20/07/31 09:09:39 INFO log.MLog: MLog clients using log4j logging.
20/07/31 09:09:39 INFO c3p0.C3P0Registry: Initializing c3p0-0.9.1 [built 16-January-2007 14:46:42; debug? true; trace: 10]
20/07/31 09:09:39 INFO dialect.Dialect: Using dialect: org.hibernate.dialect.HSQLDialect
20/07/31 09:09:39 INFO jdbc.JdbcSupportLoader: Disabling contextual LOB creation as connection was null
20/07/31 09:09:39 INFO transaction.TransactionFactoryFactory: Using default transaction strategy (direct JDBC transactions)
20/07/31 09:09:39 INFO transaction.TransactionManagerLookupFactory: No TransactionManagerLookup configured (in JTA environment, use of read-write or transactional second-level cache is not recommended)
20/07/31 09:09:39 INFO cfg.SettingsFactory: Automatic flush during beforeCompletion(): disabled
20/07/31 09:09:39 INFO cfg.SettingsFactory: Automatic session close at end of transaction: disabled
20/07/31 09:09:39 INFO cfg.SettingsFactory: Scrollable result sets: disabled
20/07/31 09:09:39 INFO cfg.SettingsFactory: JDBC3 getGeneratedKeys(): disabled
20/07/31 09:09:39 INFO cfg.SettingsFactory: Connection release mode: auto
20/07/31 09:09:39 INFO cfg.SettingsFactory: Default batch fetch size: 1
20/07/31 09:09:39 INFO cfg.SettingsFactory: Generate SQL with comments: disabled
20/07/31 09:09:39 INFO cfg.SettingsFactory: Order SQL updates by primary key: disabled
20/07/31 09:09:39 INFO cfg.SettingsFactory: Order SQL inserts for batching: disabled
20/07/31 09:09:39 INFO cfg.SettingsFactory: Query translator: org.hibernate.hql.ast.ASTQueryTranslatorFactory
20/07/31 09:09:39 INFO ast.ASTQueryTranslatorFactory: Using ASTQueryTranslatorFactory
20/07/31 09:09:39 INFO cfg.SettingsFactory: Query language substitutions: {}
20/07/31 09:09:39 INFO cfg.SettingsFactory: JPA-QL strict compliance: disabled
20/07/31 09:09:39 INFO cfg.SettingsFactory: Second-level cache: disabled
20/07/31 09:09:39 INFO cfg.SettingsFactory: Query cache: disabled
20/07/31 09:09:39 INFO cfg.SettingsFactory: Cache region factory : org.hibernate.cache.impl.NoCachingRegionFactory
20/07/31 09:09:39 INFO cfg.SettingsFactory: Optimize cache for minimal puts: disabled
20/07/31 09:09:39 INFO cfg.SettingsFactory: Structured second-level cache entries: disabled
20/07/31 09:09:39 INFO cfg.SettingsFactory: Echoing all SQL to stdout
20/07/31 09:09:39 INFO cfg.SettingsFactory: Statistics: disabled
20/07/31 09:09:39 INFO cfg.SettingsFactory: Deleted entity synthetic identifier rollback: disabled
20/07/31 09:09:39 INFO cfg.SettingsFactory: Default entity-mode: pojo
20/07/31 09:09:39 INFO cfg.SettingsFactory: Named query checking : enabled
20/07/31 09:09:39 INFO cfg.SettingsFactory: Check Nullability in Core (should be disabled when Bean Validation is on): enabled
20/07/31 09:09:39 INFO impl.SessionFactoryImpl: building session factory
20/07/31 09:09:39 INFO tuple.PojoInstantiator: no default (no-argument) constructor for class: gspark.hibernate.HibernateTest$ExpertEntity (class must be instantiated by Interceptor)
20/07/31 09:09:39 INFO impl.SessionFactoryObjectFactory: Not binding factory to JNDI, no JNDI name configured
Tests run: 1, Failures: 0, Errors: 0, Skipped: 0, Time elapsed: 0.604 sec - in gspark.hibernate.HibernateTest
Running gspark.memcache.MemcacheTest
20/07/31 09:09:39 INFO staticfiles.StaticFilesConfiguration: StaticResourceHandler configured with folder = static
Tests run: 1, Failures: 0, Errors: 0, Skipped: 0, Time elapsed: 0.116 sec - in gspark.memcache.MemcacheTest

Results :

Tests run: 12, Failures: 0, Errors: 0, Skipped: 0

[INFO] 
[INFO] --- jacoco-maven-plugin:0.8.5:report (report) @ gspark ---
[INFO] Loading execution data file /tmp/tmp_o9s0lbw/Gspark/target/jacoco.exec
[INFO] Analyzed bundle 'Account Center Kern' with 817 classes
[INFO] ------------------------------------------------------------------------
[INFO] BUILD SUCCESS
[INFO] ------------------------------------------------------------------------
[INFO] Total time:  44.883 s
[INFO] Finished at: 2020-07-31T09:09:41Z
[INFO] ------------------------------------------------------------------------
