[INFO] Error stacktraces are turned on.
[INFO] Scanning for projects...
[INFO] Inspecting build with total of 1 modules...
[INFO] Installing Nexus Staging features:
[INFO]   ... total of 1 executions of maven-deploy-plugin replaced with nexus-staging-maven-plugin
[INFO] 
[INFO] --------------------< com.github.davidmoten:rtree2 >--------------------
[INFO] Building rtree2 0.9-RC2-SNAPSHOT
[INFO] --------------------------------[ jar ]---------------------------------
[INFO] 
[INFO] --- jacoco-maven-plugin:0.8.5:prepare-agent (default) @ rtree2 ---
[INFO] argLine set to -javaagent:/home/jdbl/.m2/repository/org/jacoco/org.jacoco.agent/0.8.5/org.jacoco.agent-0.8.5-runtime.jar=destfile=/tmp/tmp1srw7u_v/rtree2/target/jacoco.exec
[INFO] 
[INFO] --- maven-resources-plugin:2.6:resources (default-resources) @ rtree2 ---
[INFO] Using 'UTF-8' encoding to copy filtered resources.
[INFO] skip non existing resourceDirectory /tmp/tmp1srw7u_v/rtree2/src/main/resources
[INFO] 
[INFO] --- maven-compiler-plugin:3.8.1:compile (default-compile) @ rtree2 ---
[INFO] Changes detected - recompiling the module!
[INFO] Compiling 59 source files to /tmp/tmp1srw7u_v/rtree2/target/classes
[INFO] 
[INFO] --- maven-resources-plugin:2.6:testResources (default-testResources) @ rtree2 ---
[INFO] Using 'UTF-8' encoding to copy filtered resources.
[INFO] Copying 2 resources
[INFO] 
[INFO] --- maven-compiler-plugin:3.8.1:testCompile (default-testCompile) @ rtree2 ---
[INFO] Changes detected - recompiling the module!
[INFO] Compiling 34 source files to /tmp/tmp1srw7u_v/rtree2/target/test-classes
[INFO] 
[INFO] --- maven-surefire-plugin:2.19.1:test (default-test) @ rtree2 ---
[INFO] Surefire report directory: /tmp/tmp1srw7u_v/rtree2/target/surefire-reports

-------------------------------------------------------
 T E S T S
-------------------------------------------------------
Running com.github.davidmoten.rtree2.LeafTest
Tests run: 2, Failures: 0, Errors: 0, Skipped: 0, Time elapsed: 0.06 sec - in com.github.davidmoten.rtree2.LeafTest
Running com.github.davidmoten.rtree2.NodePositionTest
Tests run: 1, Failures: 0, Errors: 0, Skipped: 0, Time elapsed: 0.469 sec - in com.github.davidmoten.rtree2.NodePositionTest
Running com.github.davidmoten.rtree2.UtilTest
Rectangle [x1=-2.0, y1=-2.0, x2=-1.0, y2=-1.0]
Tests run: 2, Failures: 0, Errors: 0, Skipped: 0, Time elapsed: 0.002 sec - in com.github.davidmoten.rtree2.UtilTest
Running com.github.davidmoten.rtree2.NonLeafTest
Tests run: 1, Failures: 0, Errors: 0, Skipped: 0, Time elapsed: 0 sec - in com.github.davidmoten.rtree2.NonLeafTest
Running com.github.davidmoten.rtree2.EntriesTest
Tests run: 6, Failures: 0, Errors: 0, Skipped: 0, Time elapsed: 0.001 sec - in com.github.davidmoten.rtree2.EntriesTest
Running com.github.davidmoten.rtree2.IterablesTest
Tests run: 1, Failures: 0, Errors: 0, Skipped: 0, Time elapsed: 0 sec - in com.github.davidmoten.rtree2.IterablesTest
Running com.github.davidmoten.rtree2.ComparatorsTest
Tests run: 1, Failures: 0, Errors: 0, Skipped: 0, Time elapsed: 0.001 sec - in com.github.davidmoten.rtree2.ComparatorsTest
Running com.github.davidmoten.rtree2.FactoriesTest
Tests run: 1, Failures: 0, Errors: 0, Skipped: 0, Time elapsed: 0 sec - in com.github.davidmoten.rtree2.FactoriesTest
Running com.github.davidmoten.rtree2.LatLongExampleTest
Tests run: 2, Failures: 0, Errors: 0, Skipped: 0, Time elapsed: 0.113 sec - in com.github.davidmoten.rtree2.LatLongExampleTest
Running com.github.davidmoten.rtree2.ContextTest
Tests run: 7, Failures: 0, Errors: 0, Skipped: 0, Time elapsed: 0.002 sec - in com.github.davidmoten.rtree2.ContextTest
Running com.github.davidmoten.rtree2.SplitterRStarTest
Tests run: 1, Failures: 0, Errors: 0, Skipped: 0, Time elapsed: 0 sec - in com.github.davidmoten.rtree2.SplitterRStarTest
Running com.github.davidmoten.rtree2.geometry.LineTest
Tests run: 28, Failures: 0, Errors: 0, Skipped: 0, Time elapsed: 0.018 sec - in com.github.davidmoten.rtree2.geometry.LineTest
Running com.github.davidmoten.rtree2.geometry.IntersectsTest
Tests run: 3, Failures: 0, Errors: 0, Skipped: 0, Time elapsed: 0.001 sec - in com.github.davidmoten.rtree2.geometry.IntersectsTest
Running com.github.davidmoten.rtree2.geometry.PointTest
Tests run: 12, Failures: 0, Errors: 0, Skipped: 0, Time elapsed: 0.001 sec - in com.github.davidmoten.rtree2.geometry.PointTest
Running com.github.davidmoten.rtree2.geometry.GeometriesTest
Tests run: 17, Failures: 0, Errors: 0, Skipped: 0, Time elapsed: 0.001 sec - in com.github.davidmoten.rtree2.geometry.GeometriesTest
Running com.github.davidmoten.rtree2.geometry.RectangleTest
Tests run: 27, Failures: 0, Errors: 0, Skipped: 0, Time elapsed: 0.004 sec - in com.github.davidmoten.rtree2.geometry.RectangleTest
Running com.github.davidmoten.rtree2.geometry.CircleTest
Tests run: 18, Failures: 0, Errors: 0, Skipped: 0, Time elapsed: 0.001 sec - in com.github.davidmoten.rtree2.geometry.CircleTest
Running com.github.davidmoten.rtree2.geometry.internal.GeometryUtilTest
Tests run: 1, Failures: 0, Errors: 0, Skipped: 0, Time elapsed: 0.001 sec - in com.github.davidmoten.rtree2.geometry.internal.GeometryUtilTest
Running com.github.davidmoten.rtree2.QuadraticSplitterTest
Tests run: 10, Failures: 0, Errors: 0, Skipped: 0, Time elapsed: 0 sec - in com.github.davidmoten.rtree2.QuadraticSplitterTest
Running com.github.davidmoten.rtree2.ImageSaverTest
Tests run: 4, Failures: 0, Errors: 0, Skipped: 0, Time elapsed: 0.051 sec - in com.github.davidmoten.rtree2.ImageSaverTest
Running com.github.davidmoten.rtree2.HighPrecisionTest
1.23456792E8
1.23456704E8
1.234568E8
2.0
Tests run: 2, Failures: 0, Errors: 0, Skipped: 0, Time elapsed: 0.003 sec - in com.github.davidmoten.rtree2.HighPrecisionTest
Running com.github.davidmoten.rtree2.RTreeTest
entry count: 10000
searchRect= rectangle(0.0,0.0,0.0,0.0)
res1.size=0,res2.size=0,res3.size=0
searchRect= rectangle(0.0,0.0,100.0,100.0)
res1.size=10000,res2.size=10000,res3.size=10000
searchRect= rectangle(0.0,0.0,10.0,10.0)
res1.size=120,res2.size=120,res3.size=120
searchRect= rectangle(0.12,0.25,50.356,50.756)
res1.size=2519,res2.size=2519,res3.size=2519
searchRect= rectangle(1.0,0.252,50.0,69.23)
res1.size=3419,res2.size=3419,res3.size=3419
searchRect= rectangle(13.12,23.123,50.45,80.9)
res1.size=2106,res2.size=2106,res3.size=2106
searchRect= rectangle(10.0,10.0,50.0,50.0)
res1.size=1746,res2.size=1746,res3.size=1746
mbr=Rectangle [x1=1.0, y1=1.0, x2=10.0, y2=10.0]
  mbr=Rectangle [x1=1.0, y1=7.0, x2=9.0, y2=10.0]
    mbr=Rectangle [x1=1.0, y1=9.0, x2=9.0, y2=10.0]
      entry=Entry [value=2, geometry=Point [x=2.0, y=10.0]]
      entry=Entry [value=1, geometry=Point [x=1.0, y=9.0]]
      entry=Entry [value=5, geometry=Point [x=9.0, y=10.0]]
    mbr=Rectangle [x1=4.0, y1=7.0, x2=6.0, y2=8.0]
      entry=Entry [value=3, geometry=Point [x=4.0, y=8.0]]
      entry=Entry [value=4, geometry=Point [x=6.0, y=7.0]]
  mbr=Rectangle [x1=3.0, y1=1.0, x2=10.0, y2=6.0]
    mbr=Rectangle [x1=5.0, y1=4.0, x2=10.0, y2=6.0]
      entry=Entry [value=6, geometry=Point [x=7.0, y=5.0]]
      entry=Entry [value=7, geometry=Point [x=5.0, y=6.0]]
      entry=Entry [value=11, geometry=Point [x=10.0, y=4.0]]
    mbr=Rectangle [x1=3.0, y1=2.0, x2=4.0, y2=3.0]
      entry=Entry [value=8, geometry=Point [x=4.0, y=3.0]]
      entry=Entry [value=9, geometry=Point [x=3.0, y=2.0]]
    mbr=Rectangle [x1=6.0, y1=1.0, x2=9.0, y2=3.0]
      entry=Entry [value=10, geometry=Point [x=9.0, y=1.0]]
      entry=Entry [value=12, geometry=Point [x=6.0, y=2.0]]
      entry=Entry [value=13, geometry=Point [x=8.0, y=3.0]]

mbr=Rectangle [x1=1.0, y1=1.0, x2=10.0, y2=10.0]
  mbr=Rectangle [x1=1.0, y1=7.0, x2=9.0, y2=10.0]
    mbr=Rectangle [x1=1.0, y1=9.0, x2=9.0, y2=10.0]
      entry=Entry [value=2, geometry=Point [x=2.0, y=10.0]]
      entry=Entry [value=1, geometry=Point [x=1.0, y=9.0]]
      entry=Entry [value=5, geometry=Point [x=9.0, y=10.0]]
    mbr=Rectangle [x1=4.0, y1=7.0, x2=6.0, y2=8.0]
      entry=Entry [value=3, geometry=Point [x=4.0, y=8.0]]
      entry=Entry [value=4, geometry=Point [x=6.0, y=7.0]]
  mbr=Rectangle [x1=3.0, y1=1.0, x2=10.0, y2=6.0]
    mbr=Rectangle [x1=5.0, y1=4.0, x2=10.0, y2=6.0]
      entry=Entry [value=6, geometry=Point [x=7.0, y=5.0]]
      entry=Entry [value=7, geometry=Point [x=5.0, y=6.0]]
      entry=Entry [value=11, geometry=Point [x=10.0, y=4.0]]
    mbr=Rectangle [x1=3.0, y1=2.0, x2=4.0, y2=3.0]
      entry=Entry [value=8, geometry=Point [x=4.0, y=3.0]]
      entry=Entry [value=9, geometry=Point [x=3.0, y=2.0]]
    mbr=Rectangle [x1=6.0, y1=1.0, x2=9.0, y2=3.0]
      entry=Entry [value=10, geometry=Point [x=9.0, y=1.0]]
      entry=Entry [value=12, geometry=Point [x=6.0, y=2.0]]
      entry=Entry [value=13, geometry=Point [x=8.0, y=3.0]]

[Entry [value=java.lang.Object@1e226bcd, geometry=Point [x=1.0, y=1.0]], Entry [value=java.lang.Object@1e226bcd, geometry=Point [x=2.0, y=2.0]], Entry [value=java.lang.Object@1e226bcd, geometry=Point [x=3.0, y=3.0]], Entry [value=java.lang.Object@1e226bcd, geometry=Point [x=4.0, y=4.0]]]
[Entry [value=10, geometry=Rectangle [x1=10.0, y1=10.0, x2=11.0, y2=11.0]], Entry [value=11, geometry=Rectangle [x1=11.0, y1=11.0, x2=12.0, y2=12.0]]]
inserts/second = 109890.10989010989
found Entry [value=java.lang.Object@2a8dd942, geometry=Rectangle [x1=390.3281, y1=445.94672, x2=391.3281, y2=446.94672]]
time to get nearest with 10000 entries=0
[]
point(59.0,91.0), value=1
point(86.0,14.0), value=2
point(36.0,60.0), value=3
point(57.0,36.0), value=4
point(14.0,37.0), value=5
mbr=Rectangle [x1=14.0, y1=14.0, x2=86.0, y2=91.0]
  mbr=Rectangle [x1=36.0, y1=60.0, x2=59.0, y2=91.0]
    entry=Entry [value=1, geometry=Point [x=59.0, y=91.0]]
    entry=Entry [value=3, geometry=Point [x=36.0, y=60.0]]
  mbr=Rectangle [x1=14.0, y1=14.0, x2=86.0, y2=37.0]
    entry=Entry [value=5, geometry=Point [x=14.0, y=37.0]]
    entry=Entry [value=4, geometry=Point [x=57.0, y=36.0]]
    entry=Entry [value=2, geometry=Point [x=86.0, y=14.0]]

searching Rectangle [x1=13.0, y1=23.0, x2=50.0, y2=80.0]
point(28.0,19.0), value=1
point(29.0,4.0), value=2
point(10.0,63.0), value=3
point(34.0,85.0), value=4
point(62.0,45.0), value=5
mbr=Rectangle [x1=10.0, y1=4.0, x2=62.0, y2=85.0]
  mbr=Rectangle [x1=28.0, y1=4.0, x2=34.0, y2=85.0]
    entry=Entry [value=2, geometry=Point [x=29.0, y=4.0]]
    entry=Entry [value=1, geometry=Point [x=28.0, y=19.0]]
    entry=Entry [value=4, geometry=Point [x=34.0, y=85.0]]
  mbr=Rectangle [x1=10.0, y1=45.0, x2=62.0, y2=63.0]
    entry=Entry [value=5, geometry=Point [x=62.0, y=45.0]]
    entry=Entry [value=3, geometry=Point [x=10.0, y=63.0]]

searching Rectangle [x1=10.0, y1=10.0, x2=50.0, y2=50.0]
loaded greek earthquakes into list
found=22
Tests run: 79, Failures: 0, Errors: 0, Skipped: 0, Time elapsed: 8.395 sec - in com.github.davidmoten.rtree2.RTreeTest
Running com.github.davidmoten.rtree2.internal.RectangleUtilTest
Tests run: 1, Failures: 0, Errors: 0, Skipped: 0, Time elapsed: 0 sec - in com.github.davidmoten.rtree2.internal.RectangleUtilTest
Running com.github.davidmoten.rtree2.internal.LeafHelperTest
Tests run: 1, Failures: 0, Errors: 0, Skipped: 0, Time elapsed: 0 sec - in com.github.davidmoten.rtree2.internal.LeafHelperTest
Running com.github.davidmoten.rtree2.internal.util.ObjectsHelperTest
Tests run: 4, Failures: 0, Errors: 0, Skipped: 0, Time elapsed: 0 sec - in com.github.davidmoten.rtree2.internal.util.ObjectsHelperTest
Running com.github.davidmoten.rtree2.internal.util.BoundedPriorityQueueTest
Tests run: 15, Failures: 0, Errors: 0, Skipped: 0, Time elapsed: 0.001 sec - in com.github.davidmoten.rtree2.internal.util.BoundedPriorityQueueTest
Running com.github.davidmoten.rtree2.internal.NonLeafHelperTest
Tests run: 1, Failures: 0, Errors: 0, Skipped: 0, Time elapsed: 0 sec - in com.github.davidmoten.rtree2.internal.NonLeafHelperTest
Running com.github.davidmoten.rtree2.SearchTest
Tests run: 1, Failures: 0, Errors: 0, Skipped: 0, Time elapsed: 0 sec - in com.github.davidmoten.rtree2.SearchTest

Results :

Tests run: 249, Failures: 0, Errors: 0, Skipped: 0

[INFO] 
[INFO] --- jacoco-maven-plugin:0.8.5:report (report) @ rtree2 ---
[INFO] Loading execution data file /tmp/tmp1srw7u_v/rtree2/target/jacoco.exec
[INFO] Analyzed bundle 'rtree2' with 92 classes
[INFO] ------------------------------------------------------------------------
[INFO] BUILD SUCCESS
[INFO] ------------------------------------------------------------------------
[INFO] Total time:  43.709 s
[INFO] Finished at: 2020-08-03T11:05:55Z
[INFO] ------------------------------------------------------------------------
