[INFO] Error stacktraces are turned on.
[INFO] Scanning for projects...
[INFO] 
[INFO] -----------------------< com.shazam:shazamcrest >-----------------------
[INFO] Building Shazamcrest 0.12-SNAPSHOT
[INFO] --------------------------------[ jar ]---------------------------------
[INFO] 
[INFO] --- maven-enforcer-plugin:1.0:enforce (enforce-maven) @ shazamcrest ---
[INFO] 
[INFO] --- jacoco-maven-plugin:0.8.5:prepare-agent (default) @ shazamcrest ---
[INFO] argLine set to -javaagent:/home/jdbl/.m2/repository/org/jacoco/org.jacoco.agent/0.8.5/org.jacoco.agent-0.8.5-runtime.jar=destfile=/tmp/tmphi4i17d2/shazamcrest/target/jacoco.exec
[INFO] 
[INFO] --- maven-resources-plugin:2.6:resources (default-resources) @ shazamcrest ---
[INFO] Using 'UTF-8' encoding to copy filtered resources.
[INFO] skip non existing resourceDirectory /tmp/tmphi4i17d2/shazamcrest/src/main/resources
[INFO] 
[INFO] --- maven-compiler-plugin:3.8.0:compile (default-compile) @ shazamcrest ---
[INFO] Changes detected - recompiling the module!
[INFO] Compiling 13 source files to /tmp/tmphi4i17d2/shazamcrest/target/classes
[INFO] 
[INFO] --- maven-resources-plugin:2.6:testResources (default-testResources) @ shazamcrest ---
[INFO] Using 'UTF-8' encoding to copy filtered resources.
[INFO] skip non existing resourceDirectory /tmp/tmphi4i17d2/shazamcrest/src/test/resources
[INFO] 
[INFO] --- maven-compiler-plugin:3.8.0:testCompile (default-testCompile) @ shazamcrest ---
[INFO] Changes detected - recompiling the module!
[INFO] Compiling 31 source files to /tmp/tmphi4i17d2/shazamcrest/target/test-classes
[INFO] 
[INFO] --- maven-surefire-plugin:2.19.1:test (default-test) @ shazamcrest ---
[INFO] Surefire report directory: /tmp/tmphi4i17d2/shazamcrest/target/surefire-reports

-------------------------------------------------------
 T E S T S
-------------------------------------------------------
Running com.shazam.shazamcrest.MatcherAssertIgnoringTypeTest
Tests run: 2, Failures: 0, Errors: 0, Skipped: 0, Time elapsed: 0.3 sec - in com.shazam.shazamcrest.MatcherAssertIgnoringTypeTest
Running com.shazam.shazamcrest.MatcherAssertIgnoringFieldTest
Tests run: 25, Failures: 0, Errors: 0, Skipped: 0, Time elapsed: 0.108 sec - in com.shazam.shazamcrest.MatcherAssertIgnoringFieldTest
Running com.shazam.shazamcrest.MatcherAssertCustomMatchingTest
Tests run: 10, Failures: 0, Errors: 0, Skipped: 0, Time elapsed: 0.019 sec - in com.shazam.shazamcrest.MatcherAssertCustomMatchingTest
Running com.shazam.shazamcrest.MatcherAssertOptionalTest
Tests run: 2, Failures: 0, Errors: 0, Skipped: 0, Time elapsed: 0.002 sec - in com.shazam.shazamcrest.MatcherAssertOptionalTest
Running com.shazam.shazamcrest.MatcherAssertIgnoringPatternTest
Tests run: 3, Failures: 0, Errors: 0, Skipped: 0, Time elapsed: 0.005 sec - in com.shazam.shazamcrest.MatcherAssertIgnoringPatternTest
Running com.shazam.shazamcrest.MatcherAssertSetsTest
Tests run: 60, Failures: 0, Errors: 0, Skipped: 0, Time elapsed: 0.122 sec - in com.shazam.shazamcrest.MatcherAssertSetsTest
Running com.shazam.shazamcrest.MatcherAssertFailureTest
Tests run: 2, Failures: 0, Errors: 0, Skipped: 0, Time elapsed: 0.002 sec - in com.shazam.shazamcrest.MatcherAssertFailureTest
Running com.shazam.shazamcrest.MatcherAssertFailureDiagnosticTest
Tests run: 8, Failures: 0, Errors: 0, Skipped: 0, Time elapsed: 0.019 sec - in com.shazam.shazamcrest.MatcherAssertFailureDiagnosticTest
Running com.shazam.shazamcrest.ResultComparisonTest
Tests run: 4, Failures: 0, Errors: 0, Skipped: 0, Time elapsed: 0.005 sec - in com.shazam.shazamcrest.ResultComparisonTest
Running com.shazam.shazamcrest.MatcherAssertMapsTest
Tests run: 80, Failures: 0, Errors: 0, Skipped: 0, Time elapsed: 0.14 sec - in com.shazam.shazamcrest.MatcherAssertMapsTest
Running com.shazam.shazamcrest.MatcherAssertDateTest
Tests run: 4, Failures: 0, Errors: 0, Skipped: 0, Time elapsed: 0.003 sec - in com.shazam.shazamcrest.MatcherAssertDateTest
Running com.shazam.shazamcrest.MatcherAssertCircularReferenceTest
Tests run: 8, Failures: 0, Errors: 0, Skipped: 0, Time elapsed: 0.027 sec - in com.shazam.shazamcrest.MatcherAssertCircularReferenceTest
Running com.shazam.shazamcrest.MatcherAssertCustomMatchingDiagnosticTest
Tests run: 4, Failures: 0, Errors: 0, Skipped: 0, Time elapsed: 0.003 sec - in com.shazam.shazamcrest.MatcherAssertCustomMatchingDiagnosticTest
Running com.shazam.shazamcrest.MatcherAssertIgnoringFieldDiagnosticTest
Tests run: 1, Failures: 0, Errors: 0, Skipped: 0, Time elapsed: 0 sec - in com.shazam.shazamcrest.MatcherAssertIgnoringFieldDiagnosticTest
Running com.shazam.shazamcrest.MatcherAssertIsEqualTest
Tests run: 10, Failures: 0, Errors: 0, Skipped: 0, Time elapsed: 0.006 sec - in com.shazam.shazamcrest.MatcherAssertIsEqualTest
Running com.shazam.shazamcrest.MatcherAssertTest
Tests run: 2, Failures: 0, Errors: 0, Skipped: 0, Time elapsed: 0 sec - in com.shazam.shazamcrest.MatcherAssertTest
Running com.shazam.shazamcrest.CyclicReferenceDetectorTest
Tests run: 17, Failures: 0, Errors: 0, Skipped: 0, Time elapsed: 0.003 sec - in com.shazam.shazamcrest.CyclicReferenceDetectorTest

Results :

Tests run: 242, Failures: 0, Errors: 0, Skipped: 0

[INFO] 
[INFO] --- jacoco-maven-plugin:0.8.5:report (report) @ shazamcrest ---
[INFO] Loading execution data file /tmp/tmphi4i17d2/shazamcrest/target/jacoco.exec
[INFO] Analyzed bundle 'Shazamcrest' with 58 classes
[INFO] ------------------------------------------------------------------------
[INFO] BUILD SUCCESS
[INFO] ------------------------------------------------------------------------
[INFO] Total time:  15.338 s
[INFO] Finished at: 2020-07-30T22:52:03Z
[INFO] ------------------------------------------------------------------------
