[INFO] Error stacktraces are turned on.
[INFO] Scanning for projects...
[INFO] 
[INFO] -----------------------< com.ebay.api:feed-sdk >------------------------
[INFO] Building com.ebay.api:feed-sdk 1.0.2.beta-RELEASE
[INFO] --------------------------------[ jar ]---------------------------------
[INFO] 
[INFO] --- jacoco-maven-plugin:0.8.5:prepare-agent (default) @ feed-sdk ---
[INFO] argLine set to -javaagent:/home/jdbl/.m2/repository/org/jacoco/org.jacoco.agent/0.8.5/org.jacoco.agent-0.8.5-runtime.jar=destfile=/tmp/tmpklq3x507/FeedSDK/target/jacoco.exec
[INFO] 
[INFO] --- maven-resources-plugin:2.6:resources (default-resources) @ feed-sdk ---
[INFO] Using 'UTF-8' encoding to copy filtered resources.
[INFO] Copying 1 resource
[INFO] 
[INFO] --- maven-compiler-plugin:3.7.0:compile (default-compile) @ feed-sdk ---
[INFO] Changes detected - recompiling the module!
[INFO] Compiling 37 source files to /tmp/tmpklq3x507/FeedSDK/target/classes
[INFO] 
[INFO] --- maven-resources-plugin:2.6:testResources (default-testResources) @ feed-sdk ---
[INFO] Using 'UTF-8' encoding to copy filtered resources.
[INFO] skip non existing resourceDirectory /tmp/tmpklq3x507/FeedSDK/src/test/resources
[INFO] 
[INFO] --- maven-compiler-plugin:3.7.0:testCompile (default-testCompile) @ feed-sdk ---
[INFO] Changes detected - recompiling the module!
[INFO] Compiling 3 source files to /tmp/tmpklq3x507/FeedSDK/target/test-classes
[INFO] 
[INFO] --- maven-surefire-plugin:2.19.1:test (default-test) @ feed-sdk ---
[INFO] Surefire report directory: /tmp/tmpklq3x507/FeedSDK/target/surefire-reports

-------------------------------------------------------
 T E S T S
-------------------------------------------------------
Running com.ebay.feed.validator.FeedValidatorTest
Tests run: 8, Failures: 0, Errors: 0, Skipped: 0, Time elapsed: 0.52 sec - in com.ebay.feed.validator.FeedValidatorTest
Running com.ebay.feed.util.FilterUtilTest
21:38:20,463 |-INFO in ch.qos.logback.classic.LoggerContext[default] - Could NOT find resource [logback.groovy]
21:38:20,463 |-INFO in ch.qos.logback.classic.LoggerContext[default] - Could NOT find resource [logback-test.xml]
21:38:20,463 |-INFO in ch.qos.logback.classic.LoggerContext[default] - Found resource [logback.xml] at [file:/tmp/tmpklq3x507/FeedSDK/target/classes/logback.xml]
21:38:20,615 |-INFO in ch.qos.logback.classic.joran.action.ConfigurationAction - debug attribute not set
21:38:20,616 |-INFO in ch.qos.logback.core.joran.action.AppenderAction - About to instantiate appender of type [ch.qos.logback.core.ConsoleAppender]
21:38:20,629 |-INFO in ch.qos.logback.core.joran.action.AppenderAction - Naming appender as [STDOUT]
21:38:20,712 |-INFO in ch.qos.logback.core.joran.action.NestedComplexPropertyIA - Assuming default type [ch.qos.logback.classic.encoder.PatternLayoutEncoder] for [encoder] property
21:38:20,785 |-INFO in ch.qos.logback.core.joran.action.AppenderAction - About to instantiate appender of type [ch.qos.logback.core.rolling.RollingFileAppender]
21:38:20,799 |-INFO in ch.qos.logback.core.joran.action.AppenderAction - Naming appender as [FILE]
21:38:20,828 |-ERROR in ch.qos.logback.core.joran.spi.Interpreter@35:18 - no applicable action for [totalSizeCap], current pattern is [[configuration][appender][rollingPolicy][totalSizeCap]]
21:38:20,832 |-INFO in c.q.l.core.rolling.TimeBasedRollingPolicy - No compression will be used
21:38:20,836 |-INFO in c.q.l.core.rolling.TimeBasedRollingPolicy - Will use the pattern feedsdk-log.%d{yyyy-MM-dd}.log for the active file
21:38:20,841 |-INFO in c.q.l.core.rolling.DefaultTimeBasedFileNamingAndTriggeringPolicy - The date pattern is 'yyyy-MM-dd' from file name pattern 'feedsdk-log.%d{yyyy-MM-dd}.log'.
21:38:20,841 |-INFO in c.q.l.core.rolling.DefaultTimeBasedFileNamingAndTriggeringPolicy - Roll-over at midnight.
21:38:20,845 |-INFO in c.q.l.core.rolling.DefaultTimeBasedFileNamingAndTriggeringPolicy - Setting initial period to Thu Jul 30 21:38:20 UTC 2020
21:38:20,847 |-INFO in ch.qos.logback.core.joran.action.NestedComplexPropertyIA - Assuming default type [ch.qos.logback.classic.encoder.PatternLayoutEncoder] for [encoder] property
21:38:20,848 |-INFO in ch.qos.logback.core.rolling.RollingFileAppender[FILE] - Active log file name: ./feed-sdk-log.log
21:38:20,848 |-INFO in ch.qos.logback.core.rolling.RollingFileAppender[FILE] - File property is set to [./feed-sdk-log.log]
21:38:20,849 |-INFO in ch.qos.logback.classic.joran.action.RootLoggerAction - Setting level of ROOT logger to DEBUG
21:38:20,849 |-INFO in ch.qos.logback.core.joran.action.AppenderRefAction - Attaching appender named [FILE] to Logger[ROOT]
21:38:20,850 |-INFO in ch.qos.logback.core.joran.action.AppenderRefAction - Attaching appender named [STDOUT] to Logger[ROOT]
21:38:20,850 |-INFO in ch.qos.logback.classic.joran.action.ConfigurationAction - End of configuration.
21:38:20,873 |-INFO in ch.qos.logback.classic.joran.JoranConfigurator@3ebff828 - Registering current configuration as safe fallback point

Tests run: 2, Failures: 0, Errors: 0, Skipped: 0, Time elapsed: 0.582 sec - in com.ebay.feed.util.FilterUtilTest
Running com.ebay.feed.util.FeedUtilTest
21:38:20.971 [main] DEBUG com.ebay.feed.util.FeedUtil - Final URL for API = https://api.ebay.com/buy/feed/v1_beta/item?feed_scope=ALL_ACTIVE&category_id=1&date=20180101
21:38:20.979 [main] DEBUG com.ebay.feed.util.FeedUtil - Final URL for API = https://api.ebay.com/buy/feed/v1_beta/item?feed_scope=ALL_ACTIVE&category_id=1&date=20180101
Tests run: 5, Failures: 0, Errors: 0, Skipped: 0, Time elapsed: 0.144 sec - in com.ebay.feed.util.FeedUtilTest

Results :

Tests run: 15, Failures: 0, Errors: 0, Skipped: 0

[INFO] 
[INFO] --- jacoco-maven-plugin:0.8.5:report (report) @ feed-sdk ---
[INFO] Loading execution data file /tmp/tmpklq3x507/FeedSDK/target/jacoco.exec
[INFO] Analyzed bundle 'com.ebay.api:feed-sdk' with 60 classes
[INFO] ------------------------------------------------------------------------
[INFO] BUILD SUCCESS
[INFO] ------------------------------------------------------------------------
[INFO] Total time:  20.908 s
[INFO] Finished at: 2020-07-30T21:38:22Z
[INFO] ------------------------------------------------------------------------
