[INFO] Error stacktraces are turned on.
[INFO] Scanning for projects...
[INFO] 
[INFO] ----------------------< se.scout.gokopen:gokopen >----------------------
[INFO] Building gokopen 3.4.6
[INFO] --------------------------------[ war ]---------------------------------
[INFO] 
[INFO] --- jacoco-maven-plugin:0.8.5:prepare-agent (default) @ gokopen ---
[INFO] argLine set to -javaagent:/home/jdbl/.m2/repository/org/jacoco/org.jacoco.agent/0.8.5/org.jacoco.agent-0.8.5-runtime.jar=destfile=/tmp/tmpve1xvl3i/gokopen/target/jacoco.exec
[INFO] 
[INFO] --- maven-resources-plugin:2.6:resources (default-resources) @ gokopen ---
[INFO] Using 'UTF-8' encoding to copy filtered resources.
[INFO] Copying 1 resource
[INFO] 
[INFO] --- maven-compiler-plugin:3.0:compile (default-compile) @ gokopen ---
[INFO] Changes detected - recompiling the module!
[INFO] Compiling 63 source files to /tmp/tmpve1xvl3i/gokopen/target/classes
[WARNING] /tmp/tmpve1xvl3i/gokopen/src/main/java/se/gokopen/dao/ConfigRegistrationDao.java: /tmp/tmpve1xvl3i/gokopen/src/main/java/se/gokopen/dao/ConfigRegistrationDao.java uses unchecked or unsafe operations.
[WARNING] /tmp/tmpve1xvl3i/gokopen/src/main/java/se/gokopen/dao/ConfigRegistrationDao.java: Recompile with -Xlint:unchecked for details.
[INFO] 
[INFO] --- maven-resources-plugin:2.6:testResources (default-testResources) @ gokopen ---
[INFO] Using 'UTF-8' encoding to copy filtered resources.
[INFO] Copying 4 resources
[INFO] 
[INFO] --- maven-compiler-plugin:3.0:testCompile (default-testCompile) @ gokopen ---
[INFO] Changes detected - recompiling the module!
[INFO] Compiling 15 source files to /tmp/tmpve1xvl3i/gokopen/target/test-classes
[INFO] 
[INFO] --- maven-surefire-plugin:2.19.1:test (default-test) @ gokopen ---
[INFO] Surefire report directory: /tmp/tmpve1xvl3i/gokopen/target/surefire-reports

-------------------------------------------------------
 T E S T S
-------------------------------------------------------
Running se.gokopen.model.TestScore
Tests run: 1, Failures: 0, Errors: 0, Skipped: 0, Time elapsed: 0.389 sec - in se.gokopen.model.TestScore
Running se.gokopen.model.TestStatus
Tests run: 1, Failures: 0, Errors: 0, Skipped: 0, Time elapsed: 0 sec - in se.gokopen.model.TestStatus
Running se.gokopen.model.TestPatrolLogic
Tests run: 2, Failures: 0, Errors: 0, Skipped: 0, Time elapsed: 0 sec - in se.gokopen.model.TestPatrolLogic
Running se.gokopen.service.TestScoreValidation
Jul 30, 2020 10:25:51 PM org.springframework.test.context.support.DefaultTestContextBootstrapper getDefaultTestExecutionListenerClassNames
INFO: Loaded default TestExecutionListener class names from location [META-INF/spring.factories]: [org.springframework.test.context.web.ServletTestExecutionListener, org.springframework.test.context.support.DirtiesContextBeforeModesTestExecutionListener, org.springframework.test.context.support.DependencyInjectionTestExecutionListener, org.springframework.test.context.support.DirtiesContextTestExecutionListener, org.springframework.test.context.transaction.TransactionalTestExecutionListener, org.springframework.test.context.jdbc.SqlScriptsTestExecutionListener]
Jul 30, 2020 10:25:51 PM org.springframework.test.context.support.DefaultTestContextBootstrapper getTestExecutionListeners
INFO: Using TestExecutionListeners: [org.springframework.test.context.web.ServletTestExecutionListener@25b865b5, org.springframework.test.context.support.DirtiesContextBeforeModesTestExecutionListener@f9b5552, org.springframework.test.context.support.DependencyInjectionTestExecutionListener@6872f9c8, org.springframework.test.context.support.DirtiesContextTestExecutionListener@6d2d99fc, org.springframework.test.context.transaction.TransactionalTestExecutionListener@bdecc21, org.springframework.test.context.jdbc.SqlScriptsTestExecutionListener@5e3a39cd]
Tests run: 1, Failures: 0, Errors: 0, Skipped: 1, Time elapsed: 0.578 sec - in se.gokopen.service.TestScoreValidation
Running se.gokopen.service.TestCriteriaVSQuery
Jul 30, 2020 10:25:51 PM org.springframework.test.context.support.DefaultTestContextBootstrapper getDefaultTestExecutionListenerClassNames
INFO: Loaded default TestExecutionListener class names from location [META-INF/spring.factories]: [org.springframework.test.context.web.ServletTestExecutionListener, org.springframework.test.context.support.DirtiesContextBeforeModesTestExecutionListener, org.springframework.test.context.support.DependencyInjectionTestExecutionListener, org.springframework.test.context.support.DirtiesContextTestExecutionListener, org.springframework.test.context.transaction.TransactionalTestExecutionListener, org.springframework.test.context.jdbc.SqlScriptsTestExecutionListener]
Jul 30, 2020 10:25:51 PM org.springframework.test.context.support.DefaultTestContextBootstrapper getTestExecutionListeners
INFO: Using TestExecutionListeners: [org.springframework.test.context.web.ServletTestExecutionListener@aced190, org.springframework.test.context.support.DirtiesContextBeforeModesTestExecutionListener@245a060f, org.springframework.test.context.support.DependencyInjectionTestExecutionListener@6edaa77a, org.springframework.test.context.support.DirtiesContextTestExecutionListener@1e63d216, org.springframework.test.context.transaction.TransactionalTestExecutionListener@62ddd21b, org.springframework.test.context.jdbc.SqlScriptsTestExecutionListener@16c3ca31]
Tests run: 1, Failures: 0, Errors: 0, Skipped: 1, Time elapsed: 0.036 sec - in se.gokopen.service.TestCriteriaVSQuery
Running se.gokopen.service.TestDistributePatrols
No of patrols: 4
No of stations: 3
lastUsedStation 0
lastUsedStation 1
lastUsedStation 2
lastUsedStation 0
No of patrols: 4
No of stations: 2
lastUsedStation 0
lastUsedStation 1
lastUsedStation 0
lastUsedStation 1
Tests run: 3, Failures: 0, Errors: 0, Skipped: 0, Time elapsed: 0.001 sec - in se.gokopen.service.TestDistributePatrols
Running se.gokopen.service.TestCompareResults
patrull1 37
patrull2 37
patrull1 36
patrull2 36
Tests run: 7, Failures: 0, Errors: 0, Skipped: 0, Time elapsed: 0.017 sec - in se.gokopen.service.TestCompareResults
Running se.gokopen.service.TestPatrolStations
Tests run: 2, Failures: 0, Errors: 0, Skipped: 0, Time elapsed: 0 sec - in se.gokopen.service.TestPatrolStations
Running se.gokopen.service.TestUserService
Jul 30, 2020 10:25:51 PM org.springframework.test.context.support.DefaultTestContextBootstrapper getDefaultTestExecutionListenerClassNames
INFO: Loaded default TestExecutionListener class names from location [META-INF/spring.factories]: [org.springframework.test.context.web.ServletTestExecutionListener, org.springframework.test.context.support.DirtiesContextBeforeModesTestExecutionListener, org.springframework.test.context.support.DependencyInjectionTestExecutionListener, org.springframework.test.context.support.DirtiesContextTestExecutionListener, org.springframework.test.context.transaction.TransactionalTestExecutionListener, org.springframework.test.context.jdbc.SqlScriptsTestExecutionListener]
Jul 30, 2020 10:25:51 PM org.springframework.test.context.support.DefaultTestContextBootstrapper getTestExecutionListeners
INFO: Using TestExecutionListeners: [org.springframework.test.context.web.ServletTestExecutionListener@38548b19, org.springframework.test.context.support.DirtiesContextBeforeModesTestExecutionListener@41aaedaa, org.springframework.test.context.support.DependencyInjectionTestExecutionListener@303a5119, org.springframework.test.context.support.DirtiesContextTestExecutionListener@75b3673, org.springframework.test.context.transaction.TransactionalTestExecutionListener@1bcb79c2, org.springframework.test.context.jdbc.SqlScriptsTestExecutionListener@d1a10ac]
Tests run: 1, Failures: 0, Errors: 0, Skipped: 1, Time elapsed: 0.009 sec - in se.gokopen.service.TestUserService
Running se.gokopen.service.TestReturnOnlyActivePatrols
Tests run: 2, Failures: 0, Errors: 0, Skipped: 0, Time elapsed: 0 sec - in se.gokopen.service.TestReturnOnlyActivePatrols
Running se.gokopen.service.TestGetPatrolsByStartStation
Jul 30, 2020 10:25:51 PM org.springframework.test.context.support.DefaultTestContextBootstrapper getDefaultTestExecutionListenerClassNames
INFO: Loaded default TestExecutionListener class names from location [META-INF/spring.factories]: [org.springframework.test.context.web.ServletTestExecutionListener, org.springframework.test.context.support.DirtiesContextBeforeModesTestExecutionListener, org.springframework.test.context.support.DependencyInjectionTestExecutionListener, org.springframework.test.context.support.DirtiesContextTestExecutionListener, org.springframework.test.context.transaction.TransactionalTestExecutionListener, org.springframework.test.context.jdbc.SqlScriptsTestExecutionListener]
Jul 30, 2020 10:25:51 PM org.springframework.test.context.support.DefaultTestContextBootstrapper getTestExecutionListeners
INFO: Using TestExecutionListeners: [org.springframework.test.context.web.ServletTestExecutionListener@3df978b9, org.springframework.test.context.support.DirtiesContextBeforeModesTestExecutionListener@7906578e, org.springframework.test.context.support.DependencyInjectionTestExecutionListener@8a62297, org.springframework.test.context.support.DirtiesContextTestExecutionListener@61a91912, org.springframework.test.context.transaction.TransactionalTestExecutionListener@1763992e, org.springframework.test.context.jdbc.SqlScriptsTestExecutionListener@5c92166b]
Tests run: 1, Failures: 0, Errors: 0, Skipped: 1, Time elapsed: 0.005 sec - in se.gokopen.service.TestGetPatrolsByStartStation
Running se.gokopen.service.TestEditScoresFromStation
Jul 30, 2020 10:25:51 PM org.springframework.test.context.support.DefaultTestContextBootstrapper getDefaultTestExecutionListenerClassNames
INFO: Loaded default TestExecutionListener class names from location [META-INF/spring.factories]: [org.springframework.test.context.web.ServletTestExecutionListener, org.springframework.test.context.support.DirtiesContextBeforeModesTestExecutionListener, org.springframework.test.context.support.DependencyInjectionTestExecutionListener, org.springframework.test.context.support.DirtiesContextTestExecutionListener, org.springframework.test.context.transaction.TransactionalTestExecutionListener, org.springframework.test.context.jdbc.SqlScriptsTestExecutionListener]
Jul 30, 2020 10:25:51 PM org.springframework.test.context.support.DefaultTestContextBootstrapper getTestExecutionListeners
INFO: Using TestExecutionListeners: [org.springframework.test.context.web.ServletTestExecutionListener@322803db, org.springframework.test.context.support.DirtiesContextBeforeModesTestExecutionListener@56ba8773, org.springframework.test.context.support.DependencyInjectionTestExecutionListener@6ceb7b5e, org.springframework.test.context.support.DirtiesContextTestExecutionListener@7dd00705, org.springframework.test.context.transaction.TransactionalTestExecutionListener@f14e5bf, org.springframework.test.context.jdbc.SqlScriptsTestExecutionListener@d176a31]
Tests run: 1, Failures: 0, Errors: 0, Skipped: 1, Time elapsed: 0.004 sec - in se.gokopen.service.TestEditScoresFromStation
Running se.gokopen.service.TestExport
Plats;Patrullnamn;Scoutkår;K1-poäng;K1-stil;K2-poäng;K2-stil;K3-poäng;K3-stil;Poäng;Stilpoäng;Poäng totalt;
Tests run: 3, Failures: 0, Errors: 0, Skipped: 0, Time elapsed: 0.19 sec - in se.gokopen.service.TestExport
Running se.gokopen.service.TestCreatePatrol
Jul 30, 2020 10:25:51 PM org.springframework.test.context.support.DefaultTestContextBootstrapper getDefaultTestExecutionListenerClassNames
INFO: Loaded default TestExecutionListener class names from location [META-INF/spring.factories]: [org.springframework.test.context.web.ServletTestExecutionListener, org.springframework.test.context.support.DirtiesContextBeforeModesTestExecutionListener, org.springframework.test.context.support.DependencyInjectionTestExecutionListener, org.springframework.test.context.support.DirtiesContextTestExecutionListener, org.springframework.test.context.transaction.TransactionalTestExecutionListener, org.springframework.test.context.jdbc.SqlScriptsTestExecutionListener]
Jul 30, 2020 10:25:51 PM org.springframework.test.context.support.DefaultTestContextBootstrapper getTestExecutionListeners
INFO: Using TestExecutionListeners: [org.springframework.test.context.web.ServletTestExecutionListener@4f966719, org.springframework.test.context.support.DirtiesContextBeforeModesTestExecutionListener@18ac53e8, org.springframework.test.context.support.DependencyInjectionTestExecutionListener@4ca8dbfa, org.springframework.test.context.support.DirtiesContextTestExecutionListener@7063686f, org.springframework.test.context.transaction.TransactionalTestExecutionListener@c3177d5, org.springframework.test.context.jdbc.SqlScriptsTestExecutionListener@76f856a8]
Tests run: 1, Failures: 0, Errors: 0, Skipped: 1, Time elapsed: 0.091 sec - in se.gokopen.service.TestCreatePatrol
Running se.gokopen.controller.TestRegistrationLogic
Tests run: 8, Failures: 0, Errors: 0, Skipped: 0, Time elapsed: 0.027 sec - in se.gokopen.controller.TestRegistrationLogic

Results :

Tests run: 35, Failures: 0, Errors: 0, Skipped: 6

[INFO] 
[INFO] --- jacoco-maven-plugin:0.8.5:report (report) @ gokopen ---
[INFO] Loading execution data file /tmp/tmpve1xvl3i/gokopen/target/jacoco.exec
[INFO] Analyzed bundle 'gokopen' with 290 classes
[INFO] ------------------------------------------------------------------------
[INFO] BUILD SUCCESS
[INFO] ------------------------------------------------------------------------
[INFO] Total time:  15.705 s
[INFO] Finished at: 2020-07-30T22:25:53Z
[INFO] ------------------------------------------------------------------------
