[INFO] Error stacktraces are turned on.
[INFO] Scanning for projects...
[INFO] 
[INFO] -----------------< net.joelinn:quartz-redis-jobstore >------------------
[INFO] Building quartz-redis-jobstore 1.2.0-SNAPSHOT
[INFO] --------------------------------[ jar ]---------------------------------
[INFO] 
[INFO] --- jacoco-maven-plugin:0.8.5:prepare-agent (default) @ quartz-redis-jobstore ---
[INFO] argLine set to -javaagent:/home/jdbl/.m2/repository/org/jacoco/org.jacoco.agent/0.8.5/org.jacoco.agent-0.8.5-runtime.jar=destfile=/tmp/tmpqlm20fx_/quartz-redis-jobstore/target/jacoco.exec
[INFO] 
[INFO] --- maven-resources-plugin:2.6:resources (default-resources) @ quartz-redis-jobstore ---
[INFO] Using 'UTF-8' encoding to copy filtered resources.
[INFO] skip non existing resourceDirectory /tmp/tmpqlm20fx_/quartz-redis-jobstore/src/main/resources
[INFO] 
[INFO] --- maven-compiler-plugin:3.1:compile (default-compile) @ quartz-redis-jobstore ---
[INFO] Changes detected - recompiling the module!
[INFO] Compiling 11 source files to /tmp/tmpqlm20fx_/quartz-redis-jobstore/target/classes
[WARNING] /tmp/tmpqlm20fx_/quartz-redis-jobstore/src/main/java/net/joelinn/quartz/jobstore/AbstractRedisStorage.java: /tmp/tmpqlm20fx_/quartz-redis-jobstore/src/main/java/net/joelinn/quartz/jobstore/AbstractRedisStorage.java uses unchecked or unsafe operations.
[WARNING] /tmp/tmpqlm20fx_/quartz-redis-jobstore/src/main/java/net/joelinn/quartz/jobstore/AbstractRedisStorage.java: Recompile with -Xlint:unchecked for details.
[INFO] 
[INFO] --- maven-resources-plugin:2.6:testResources (default-testResources) @ quartz-redis-jobstore ---
[INFO] Using 'UTF-8' encoding to copy filtered resources.
[INFO] Copying 1 resource
[INFO] 
[INFO] --- maven-compiler-plugin:3.1:testCompile (default-testCompile) @ quartz-redis-jobstore ---
[INFO] Changes detected - recompiling the module!
[INFO] Compiling 20 source files to /tmp/tmpqlm20fx_/quartz-redis-jobstore/target/test-classes
[WARNING] /tmp/tmpqlm20fx_/quartz-redis-jobstore/src/test/java/net/joelinn/quartz/StoreTriggerTest.java: /tmp/tmpqlm20fx_/quartz-redis-jobstore/src/test/java/net/joelinn/quartz/StoreTriggerTest.java uses unchecked or unsafe operations.
[WARNING] /tmp/tmpqlm20fx_/quartz-redis-jobstore/src/test/java/net/joelinn/quartz/StoreTriggerTest.java: Recompile with -Xlint:unchecked for details.
[INFO] 
[INFO] --- maven-surefire-plugin:2.19.1:test (default-test) @ quartz-redis-jobstore ---
[INFO] Surefire report directory: /tmp/tmpqlm20fx_/quartz-redis-jobstore/target/surefire-reports

-------------------------------------------------------
 T E S T S
-------------------------------------------------------
Running net.joelinn.quartz.mixin.CronTriggerMixinTest
Tests run: 1, Failures: 0, Errors: 0, Skipped: 0, Time elapsed: 0.488 sec - in net.joelinn.quartz.mixin.CronTriggerMixinTest
Running net.joelinn.quartz.mixin.JobDetailMixinTest
Tests run: 1, Failures: 0, Errors: 0, Skipped: 0, Time elapsed: 0.142 sec - in net.joelinn.quartz.mixin.JobDetailMixinTest
Running net.joelinn.quartz.mixin.SimpleTriggerMixinTest
Tests run: 1, Failures: 0, Errors: 0, Skipped: 0, Time elapsed: 0.008 sec - in net.joelinn.quartz.mixin.SimpleTriggerMixinTest
Running net.joelinn.quartz.MultiThreadedIntegrationTest
06:13:16.369 [main] INFO  o.q.i.StdSchedulerFactory - o.q.i.StdSchedulerFactory:1184 - Using default implementation for ThreadExecutor
06:13:16.392 [main] INFO  o.q.c.SchedulerSignalerImpl - o.q.c.SchedulerSignalerImpl:61 - Initialized Scheduler Signaller of type: class org.quartz.core.SchedulerSignalerImpl
06:13:16.392 [main] INFO  o.q.c.QuartzScheduler - o.q.c.QuartzScheduler:240 - Quartz Scheduler v.2.2.1 created.
06:13:16.400 [main] INFO  o.q.c.QuartzScheduler - o.q.c.QuartzScheduler:305 - Scheduler meta-data: Quartz Scheduler (v2.2.1) 'QuartzScheduler' with instanceId 'NON_CLUSTERED'
  Scheduler class: 'org.quartz.core.QuartzScheduler' - running locally.
  NOT STARTED.
  Currently in standby mode.
  Number of jobs executed: 0
  Using thread pool 'org.quartz.simpl.SimpleThreadPool' - with 2 threads.
  Using job-store 'net.joelinn.quartz.jobstore.RedisJobStore' - which supports persistence. and is clustered.

06:13:16.400 [main] INFO  o.q.i.StdSchedulerFactory - o.q.i.StdSchedulerFactory:1339 - Quartz scheduler 'QuartzScheduler' initialized from an externally provided properties instance.
06:13:16.400 [main] INFO  o.q.i.StdSchedulerFactory - o.q.i.StdSchedulerFactory:1343 - Quartz scheduler version: 2.2.1
06:13:16.400 [main] INFO  o.q.c.QuartzScheduler - o.q.c.QuartzScheduler:575 - Scheduler QuartzScheduler_$_NON_CLUSTERED started.
06:13:16.403 [main] INFO  o.q.c.QuartzScheduler - o.q.c.QuartzScheduler:2311 - JobFactory set to: net.joelinn.quartz.BaseIntegrationTest$RedisJobFactory@2dc319cf
06:13:16.574 [main] INFO  o.q.c.QuartzScheduler - o.q.c.QuartzScheduler:694 - Scheduler QuartzScheduler_$_NON_CLUSTERED shutting down.
06:13:16.574 [main] INFO  o.q.c.QuartzScheduler - o.q.c.QuartzScheduler:613 - Scheduler QuartzScheduler_$_NON_CLUSTERED paused.
06:13:17.076 [main] INFO  o.q.c.QuartzScheduler - o.q.c.QuartzScheduler:771 - Scheduler QuartzScheduler_$_NON_CLUSTERED shutdown complete.
06:13:17.179 [main] INFO  o.q.i.StdSchedulerFactory - o.q.i.StdSchedulerFactory:1184 - Using default implementation for ThreadExecutor
06:13:17.180 [main] INFO  o.q.c.SchedulerSignalerImpl - o.q.c.SchedulerSignalerImpl:61 - Initialized Scheduler Signaller of type: class org.quartz.core.SchedulerSignalerImpl
06:13:17.181 [main] INFO  o.q.c.QuartzScheduler - o.q.c.QuartzScheduler:240 - Quartz Scheduler v.2.2.1 created.
06:13:17.183 [main] INFO  o.q.c.QuartzScheduler - o.q.c.QuartzScheduler:305 - Scheduler meta-data: Quartz Scheduler (v2.2.1) 'QuartzScheduler' with instanceId 'NON_CLUSTERED'
  Scheduler class: 'org.quartz.core.QuartzScheduler' - running locally.
  NOT STARTED.
  Currently in standby mode.
  Number of jobs executed: 0
  Using thread pool 'org.quartz.simpl.SimpleThreadPool' - with 2 threads.
  Using job-store 'net.joelinn.quartz.jobstore.RedisJobStore' - which supports persistence. and is clustered.

06:13:17.183 [main] INFO  o.q.i.StdSchedulerFactory - o.q.i.StdSchedulerFactory:1339 - Quartz scheduler 'QuartzScheduler' initialized from an externally provided properties instance.
06:13:17.183 [main] INFO  o.q.i.StdSchedulerFactory - o.q.i.StdSchedulerFactory:1343 - Quartz scheduler version: 2.2.1
06:13:17.184 [main] INFO  o.q.c.QuartzScheduler - o.q.c.QuartzScheduler:575 - Scheduler QuartzScheduler_$_NON_CLUSTERED started.
06:13:17.220 [QuartzScheduler_Worker-1] INFO  n.j.q.TestJob - n.j.q.TestJob:24 - Test job running with timeout 0
06:13:17.220 [main] INFO  o.q.c.QuartzScheduler - o.q.c.QuartzScheduler:694 - Scheduler QuartzScheduler_$_NON_CLUSTERED shutting down.
06:13:17.221 [main] INFO  o.q.c.QuartzScheduler - o.q.c.QuartzScheduler:613 - Scheduler QuartzScheduler_$_NON_CLUSTERED paused.
06:13:17.681 [main] INFO  o.q.c.QuartzScheduler - o.q.c.QuartzScheduler:771 - Scheduler QuartzScheduler_$_NON_CLUSTERED shutdown complete.
06:13:17.796 [main] INFO  o.q.i.StdSchedulerFactory - o.q.i.StdSchedulerFactory:1184 - Using default implementation for ThreadExecutor
06:13:17.797 [main] INFO  o.q.c.SchedulerSignalerImpl - o.q.c.SchedulerSignalerImpl:61 - Initialized Scheduler Signaller of type: class org.quartz.core.SchedulerSignalerImpl
06:13:17.797 [main] INFO  o.q.c.QuartzScheduler - o.q.c.QuartzScheduler:240 - Quartz Scheduler v.2.2.1 created.
06:13:17.799 [main] INFO  o.q.c.QuartzScheduler - o.q.c.QuartzScheduler:305 - Scheduler meta-data: Quartz Scheduler (v2.2.1) 'QuartzScheduler' with instanceId 'NON_CLUSTERED'
  Scheduler class: 'org.quartz.core.QuartzScheduler' - running locally.
  NOT STARTED.
  Currently in standby mode.
  Number of jobs executed: 0
  Using thread pool 'org.quartz.simpl.SimpleThreadPool' - with 2 threads.
  Using job-store 'net.joelinn.quartz.jobstore.RedisJobStore' - which supports persistence. and is clustered.

06:13:17.799 [main] INFO  o.q.i.StdSchedulerFactory - o.q.i.StdSchedulerFactory:1339 - Quartz scheduler 'QuartzScheduler' initialized from an externally provided properties instance.
06:13:17.799 [main] INFO  o.q.i.StdSchedulerFactory - o.q.i.StdSchedulerFactory:1343 - Quartz scheduler version: 2.2.1
06:13:17.799 [main] INFO  o.q.c.QuartzScheduler - o.q.c.QuartzScheduler:575 - Scheduler QuartzScheduler_$_NON_CLUSTERED started.
06:13:17.831 [QuartzScheduler_Worker-1] INFO  n.j.q.BaseIntegrationTest - n.j.q.BaseIntegrationTest$SingletonSleepJob:116 - Starting job: group1.job1 due to trigger group1.trigger1
06:13:20.349 [QuartzScheduler_Worker-2] INFO  n.j.q.BaseIntegrationTest - n.j.q.BaseIntegrationTest$SingletonSleepJob:116 - Starting job: group1.job1 due to trigger group1.trigger1
06:13:22.850 [main] INFO  o.q.c.QuartzScheduler - o.q.c.QuartzScheduler:694 - Scheduler QuartzScheduler_$_NON_CLUSTERED shutting down.
06:13:22.850 [main] INFO  o.q.c.QuartzScheduler - o.q.c.QuartzScheduler:613 - Scheduler QuartzScheduler_$_NON_CLUSTERED paused.
06:13:23.340 [main] INFO  o.q.c.QuartzScheduler - o.q.c.QuartzScheduler:771 - Scheduler QuartzScheduler_$_NON_CLUSTERED shutdown complete.
Tests run: 3, Failures: 0, Errors: 0, Skipped: 0, Time elapsed: 7.22 sec - in net.joelinn.quartz.MultiThreadedIntegrationTest
Running net.joelinn.quartz.MultiSchedulerIntegrationTest
06:13:23.430 [main] INFO  o.q.i.StdSchedulerFactory - o.q.i.StdSchedulerFactory:1184 - Using default implementation for ThreadExecutor
06:13:23.431 [main] INFO  o.q.c.SchedulerSignalerImpl - o.q.c.SchedulerSignalerImpl:61 - Initialized Scheduler Signaller of type: class org.quartz.core.SchedulerSignalerImpl
06:13:23.431 [main] INFO  o.q.c.QuartzScheduler - o.q.c.QuartzScheduler:240 - Quartz Scheduler v.2.2.1 created.
06:13:23.433 [main] INFO  o.q.c.QuartzScheduler - o.q.c.QuartzScheduler:305 - Scheduler meta-data: Quartz Scheduler (v2.2.1) 'QuartzScheduler' with instanceId 'f5136c50ec7f1596176003431'
  Scheduler class: 'org.quartz.core.QuartzScheduler' - running locally.
  NOT STARTED.
  Currently in standby mode.
  Number of jobs executed: 0
  Using thread pool 'org.quartz.simpl.SimpleThreadPool' - with 2 threads.
  Using job-store 'net.joelinn.quartz.jobstore.RedisJobStore' - which supports persistence. and is clustered.

06:13:23.434 [main] INFO  o.q.i.StdSchedulerFactory - o.q.i.StdSchedulerFactory:1339 - Quartz scheduler 'QuartzScheduler' initialized from an externally provided properties instance.
06:13:23.434 [main] INFO  o.q.i.StdSchedulerFactory - o.q.i.StdSchedulerFactory:1343 - Quartz scheduler version: 2.2.1
06:13:23.435 [main] INFO  o.q.c.QuartzScheduler - o.q.c.QuartzScheduler:575 - Scheduler QuartzScheduler_$_f5136c50ec7f1596176003431 started.
06:13:23.436 [main] INFO  o.q.i.StdSchedulerFactory - o.q.i.StdSchedulerFactory:1184 - Using default implementation for ThreadExecutor
06:13:23.437 [main] INFO  o.q.c.SchedulerSignalerImpl - o.q.c.SchedulerSignalerImpl:61 - Initialized Scheduler Signaller of type: class org.quartz.core.SchedulerSignalerImpl
06:13:23.437 [main] INFO  o.q.c.QuartzScheduler - o.q.c.QuartzScheduler:240 - Quartz Scheduler v.2.2.1 created.
06:13:23.439 [main] INFO  o.q.c.QuartzScheduler - o.q.c.QuartzScheduler:305 - Scheduler meta-data: Quartz Scheduler (v2.2.1) 'second' with instanceId 'f5136c50ec7f1596176003436'
  Scheduler class: 'org.quartz.core.QuartzScheduler' - running locally.
  NOT STARTED.
  Currently in standby mode.
  Number of jobs executed: 0
  Using thread pool 'org.quartz.simpl.SimpleThreadPool' - with 2 threads.
  Using job-store 'net.joelinn.quartz.jobstore.RedisJobStore' - which supports persistence. and is clustered.

06:13:23.439 [main] INFO  o.q.i.StdSchedulerFactory - o.q.i.StdSchedulerFactory:1339 - Quartz scheduler 'second' initialized from an externally provided properties instance.
06:13:23.440 [main] INFO  o.q.i.StdSchedulerFactory - o.q.i.StdSchedulerFactory:1343 - Quartz scheduler version: 2.2.1
06:13:23.440 [main] INFO  o.q.c.QuartzScheduler - o.q.c.QuartzScheduler:2311 - JobFactory set to: net.joelinn.quartz.BaseIntegrationTest$RedisJobFactory@6408a8ac
06:13:23.440 [main] INFO  o.q.c.QuartzScheduler - o.q.c.QuartzScheduler:2311 - JobFactory set to: net.joelinn.quartz.BaseIntegrationTest$RedisJobFactory@2f70d78c
06:13:23.473 [main] INFO  o.q.c.QuartzScheduler - o.q.c.QuartzScheduler:694 - Scheduler QuartzScheduler_$_f5136c50ec7f1596176003431 shutting down.
06:13:23.473 [main] INFO  o.q.c.QuartzScheduler - o.q.c.QuartzScheduler:613 - Scheduler QuartzScheduler_$_f5136c50ec7f1596176003431 paused.
06:13:23.474 [main] INFO  o.q.c.QuartzScheduler - o.q.c.QuartzScheduler:771 - Scheduler QuartzScheduler_$_f5136c50ec7f1596176003431 shutdown complete.
06:13:23.476 [main] INFO  o.q.c.QuartzScheduler - o.q.c.QuartzScheduler:575 - Scheduler second_$_f5136c50ec7f1596176003436 started.
06:13:23.479 [QuartzScheduler_Worker-1] ERROR o.q.s.SimpleThreadPool - o.q.s.SimpleThreadPool$WorkerThread:585 - Error while executing the Runnable: 
redis.clients.jedis.exceptions.JedisConnectionException: Could not get a resource from the pool
	at redis.clients.jedis.util.Pool.getResource(Pool.java:59)
	at redis.clients.jedis.JedisPool.getResource(JedisPool.java:234)
	at redis.clients.jedis.JedisPool.getResource(JedisPool.java:15)
	at net.joelinn.quartz.jobstore.RedisJobStore.getResource(RedisJobStore.java:1184)
	at net.joelinn.quartz.jobstore.RedisJobStore.doWithLock(RedisJobStore.java:1157)
	at net.joelinn.quartz.jobstore.RedisJobStore.doWithLock(RedisJobStore.java:1142)
	at net.joelinn.quartz.jobstore.RedisJobStore.triggeredJobComplete(RedisJobStore.java:1117)
	at org.quartz.core.QuartzScheduler.notifyJobStoreJobComplete(QuartzScheduler.java:1804)
	at org.quartz.core.JobRunShell.run(JobRunShell.java:269)
	at org.quartz.simpl.SimpleThreadPool$WorkerThread.run(SimpleThreadPool.java:573)
Caused by: java.lang.IllegalStateException: Pool not open
	at org.apache.commons.pool2.impl.BaseGenericObjectPool.assertOpen(BaseGenericObjectPool.java:704)
	at org.apache.commons.pool2.impl.GenericObjectPool.borrowObject(GenericObjectPool.java:410)
	at org.apache.commons.pool2.impl.GenericObjectPool.borrowObject(GenericObjectPool.java:361)
	at redis.clients.jedis.util.Pool.getResource(Pool.java:50)
	... 9 common frames omitted
06:13:24.009 [main] INFO  o.q.c.QuartzScheduler - o.q.c.QuartzScheduler:694 - Scheduler second_$_f5136c50ec7f1596176003436 shutting down.
06:13:24.010 [main] INFO  o.q.c.QuartzScheduler - o.q.c.QuartzScheduler:613 - Scheduler second_$_f5136c50ec7f1596176003436 paused.
06:13:24.438 [main] INFO  o.q.c.QuartzScheduler - o.q.c.QuartzScheduler:771 - Scheduler second_$_f5136c50ec7f1596176003436 shutdown complete.
06:13:24.550 [main] INFO  o.q.i.StdSchedulerFactory - o.q.i.StdSchedulerFactory:1184 - Using default implementation for ThreadExecutor
06:13:24.551 [main] INFO  o.q.c.SchedulerSignalerImpl - o.q.c.SchedulerSignalerImpl:61 - Initialized Scheduler Signaller of type: class org.quartz.core.SchedulerSignalerImpl
06:13:24.551 [main] INFO  o.q.c.QuartzScheduler - o.q.c.QuartzScheduler:240 - Quartz Scheduler v.2.2.1 created.
06:13:24.553 [main] INFO  o.q.c.QuartzScheduler - o.q.c.QuartzScheduler:305 - Scheduler meta-data: Quartz Scheduler (v2.2.1) 'QuartzScheduler' with instanceId 'f5136c50ec7f1596176004550'
  Scheduler class: 'org.quartz.core.QuartzScheduler' - running locally.
  NOT STARTED.
  Currently in standby mode.
  Number of jobs executed: 0
  Using thread pool 'org.quartz.simpl.SimpleThreadPool' - with 2 threads.
  Using job-store 'net.joelinn.quartz.jobstore.RedisJobStore' - which supports persistence. and is clustered.

06:13:24.553 [main] INFO  o.q.i.StdSchedulerFactory - o.q.i.StdSchedulerFactory:1339 - Quartz scheduler 'QuartzScheduler' initialized from an externally provided properties instance.
06:13:24.553 [main] INFO  o.q.i.StdSchedulerFactory - o.q.i.StdSchedulerFactory:1343 - Quartz scheduler version: 2.2.1
06:13:24.553 [main] INFO  o.q.c.QuartzScheduler - o.q.c.QuartzScheduler:575 - Scheduler QuartzScheduler_$_f5136c50ec7f1596176004550 started.
06:13:24.554 [main] INFO  o.q.i.StdSchedulerFactory - o.q.i.StdSchedulerFactory:1184 - Using default implementation for ThreadExecutor
06:13:24.555 [main] INFO  o.q.c.SchedulerSignalerImpl - o.q.c.SchedulerSignalerImpl:61 - Initialized Scheduler Signaller of type: class org.quartz.core.SchedulerSignalerImpl
06:13:24.555 [main] INFO  o.q.c.QuartzScheduler - o.q.c.QuartzScheduler:240 - Quartz Scheduler v.2.2.1 created.
06:13:24.556 [main] INFO  o.q.c.QuartzScheduler - o.q.c.QuartzScheduler:305 - Scheduler meta-data: Quartz Scheduler (v2.2.1) 'second' with instanceId 'f5136c50ec7f1596176004554'
  Scheduler class: 'org.quartz.core.QuartzScheduler' - running locally.
  NOT STARTED.
  Currently in standby mode.
  Number of jobs executed: 0
  Using thread pool 'org.quartz.simpl.SimpleThreadPool' - with 2 threads.
  Using job-store 'net.joelinn.quartz.jobstore.RedisJobStore' - which supports persistence. and is clustered.

06:13:24.557 [main] INFO  o.q.i.StdSchedulerFactory - o.q.i.StdSchedulerFactory:1339 - Quartz scheduler 'second' initialized from an externally provided properties instance.
06:13:24.557 [main] INFO  o.q.i.StdSchedulerFactory - o.q.i.StdSchedulerFactory:1343 - Quartz scheduler version: 2.2.1
06:13:24.557 [main] INFO  o.q.c.QuartzScheduler - o.q.c.QuartzScheduler:2311 - JobFactory set to: net.joelinn.quartz.BaseIntegrationTest$RedisJobFactory@d408c5d
06:13:24.557 [main] INFO  o.q.c.QuartzScheduler - o.q.c.QuartzScheduler:2311 - JobFactory set to: net.joelinn.quartz.BaseIntegrationTest$RedisJobFactory@74ed1d35
06:13:24.593 [main] INFO  o.q.c.QuartzScheduler - o.q.c.QuartzScheduler:694 - Scheduler QuartzScheduler_$_f5136c50ec7f1596176004550 shutting down.
06:13:24.594 [main] INFO  o.q.c.QuartzScheduler - o.q.c.QuartzScheduler:613 - Scheduler QuartzScheduler_$_f5136c50ec7f1596176004550 paused.
06:13:25.052 [main] INFO  o.q.c.QuartzScheduler - o.q.c.QuartzScheduler:771 - Scheduler QuartzScheduler_$_f5136c50ec7f1596176004550 shutdown complete.
06:13:25.052 [main] INFO  o.q.c.QuartzScheduler - o.q.c.QuartzScheduler:575 - Scheduler second_$_f5136c50ec7f1596176004554 started.
06:13:25.079 [main] INFO  o.q.c.QuartzScheduler - o.q.c.QuartzScheduler:694 - Scheduler second_$_f5136c50ec7f1596176004554 shutting down.
06:13:25.080 [main] INFO  o.q.c.QuartzScheduler - o.q.c.QuartzScheduler:613 - Scheduler second_$_f5136c50ec7f1596176004554 paused.
06:13:25.575 [main] INFO  o.q.c.QuartzScheduler - o.q.c.QuartzScheduler:771 - Scheduler second_$_f5136c50ec7f1596176004554 shutdown complete.
Tests run: 2, Failures: 0, Errors: 0, Skipped: 0, Time elapsed: 2.244 sec - in net.joelinn.quartz.MultiSchedulerIntegrationTest
Running net.joelinn.quartz.SingleThreadedIntegrationTest
06:13:25.671 [main] INFO  o.q.i.StdSchedulerFactory - o.q.i.StdSchedulerFactory:1184 - Using default implementation for ThreadExecutor
06:13:25.672 [main] INFO  o.q.c.SchedulerSignalerImpl - o.q.c.SchedulerSignalerImpl:61 - Initialized Scheduler Signaller of type: class org.quartz.core.SchedulerSignalerImpl
06:13:25.672 [main] INFO  o.q.c.QuartzScheduler - o.q.c.QuartzScheduler:240 - Quartz Scheduler v.2.2.1 created.
06:13:25.674 [main] INFO  o.q.c.QuartzScheduler - o.q.c.QuartzScheduler:305 - Scheduler meta-data: Quartz Scheduler (v2.2.1) 'QuartzScheduler' with instanceId 'NON_CLUSTERED'
  Scheduler class: 'org.quartz.core.QuartzScheduler' - running locally.
  NOT STARTED.
  Currently in standby mode.
  Number of jobs executed: 0
  Using thread pool 'org.quartz.simpl.SimpleThreadPool' - with 1 threads.
  Using job-store 'net.joelinn.quartz.jobstore.RedisJobStore' - which supports persistence. and is clustered.

06:13:25.674 [main] INFO  o.q.i.StdSchedulerFactory - o.q.i.StdSchedulerFactory:1339 - Quartz scheduler 'QuartzScheduler' initialized from an externally provided properties instance.
06:13:25.674 [main] INFO  o.q.i.StdSchedulerFactory - o.q.i.StdSchedulerFactory:1343 - Quartz scheduler version: 2.2.1
06:13:25.675 [main] INFO  o.q.c.QuartzScheduler - o.q.c.QuartzScheduler:575 - Scheduler QuartzScheduler_$_NON_CLUSTERED started.
06:13:27.204 [main] INFO  o.q.c.QuartzScheduler - o.q.c.QuartzScheduler:694 - Scheduler QuartzScheduler_$_NON_CLUSTERED shutting down.
06:13:27.205 [main] INFO  o.q.c.QuartzScheduler - o.q.c.QuartzScheduler:613 - Scheduler QuartzScheduler_$_NON_CLUSTERED paused.
06:13:27.703 [main] INFO  o.q.c.QuartzScheduler - o.q.c.QuartzScheduler:771 - Scheduler QuartzScheduler_$_NON_CLUSTERED shutdown complete.
06:13:27.793 [main] INFO  o.q.i.StdSchedulerFactory - o.q.i.StdSchedulerFactory:1184 - Using default implementation for ThreadExecutor
06:13:27.794 [main] INFO  o.q.c.SchedulerSignalerImpl - o.q.c.SchedulerSignalerImpl:61 - Initialized Scheduler Signaller of type: class org.quartz.core.SchedulerSignalerImpl
06:13:27.794 [main] INFO  o.q.c.QuartzScheduler - o.q.c.QuartzScheduler:240 - Quartz Scheduler v.2.2.1 created.
06:13:27.796 [main] INFO  o.q.c.QuartzScheduler - o.q.c.QuartzScheduler:305 - Scheduler meta-data: Quartz Scheduler (v2.2.1) 'QuartzScheduler' with instanceId 'NON_CLUSTERED'
  Scheduler class: 'org.quartz.core.QuartzScheduler' - running locally.
  NOT STARTED.
  Currently in standby mode.
  Number of jobs executed: 0
  Using thread pool 'org.quartz.simpl.SimpleThreadPool' - with 1 threads.
  Using job-store 'net.joelinn.quartz.jobstore.RedisJobStore' - which supports persistence. and is clustered.

06:13:27.797 [main] INFO  o.q.i.StdSchedulerFactory - o.q.i.StdSchedulerFactory:1339 - Quartz scheduler 'QuartzScheduler' initialized from an externally provided properties instance.
06:13:27.797 [main] INFO  o.q.i.StdSchedulerFactory - o.q.i.StdSchedulerFactory:1343 - Quartz scheduler version: 2.2.1
06:13:27.797 [main] INFO  o.q.c.QuartzScheduler - o.q.c.QuartzScheduler:575 - Scheduler QuartzScheduler_$_NON_CLUSTERED started.
06:13:27.934 [QuartzScheduler_Worker-1] INFO  n.j.q.TestJob - n.j.q.TestJob:24 - Test job running with timeout 0
06:13:27.935 [main] INFO  o.q.c.QuartzScheduler - o.q.c.QuartzScheduler:694 - Scheduler QuartzScheduler_$_NON_CLUSTERED shutting down.
06:13:27.935 [main] INFO  o.q.c.QuartzScheduler - o.q.c.QuartzScheduler:613 - Scheduler QuartzScheduler_$_NON_CLUSTERED paused.
06:13:28.438 [main] INFO  o.q.c.QuartzScheduler - o.q.c.QuartzScheduler:771 - Scheduler QuartzScheduler_$_NON_CLUSTERED shutdown complete.
Tests run: 2, Failures: 0, Errors: 0, Skipped: 0, Time elapsed: 2.845 sec - in net.joelinn.quartz.SingleThreadedIntegrationTest
Running net.joelinn.quartz.StoreTriggerTest
Tests run: 24, Failures: 0, Errors: 0, Skipped: 0, Time elapsed: 3.066 sec - in net.joelinn.quartz.StoreTriggerTest
Running net.joelinn.quartz.RedisJobStoreTest
06:13:31.704 [main] INFO  o.q.i.StdSchedulerFactory - o.q.i.StdSchedulerFactory:1184 - Using default implementation for ThreadExecutor
06:13:31.705 [main] INFO  o.q.c.SchedulerSignalerImpl - o.q.c.SchedulerSignalerImpl:61 - Initialized Scheduler Signaller of type: class org.quartz.core.SchedulerSignalerImpl
06:13:31.707 [main] INFO  o.q.c.QuartzScheduler - o.q.c.QuartzScheduler:240 - Quartz Scheduler v.2.2.1 created.
06:13:31.710 [main] INFO  o.q.c.QuartzScheduler - o.q.c.QuartzScheduler:305 - Scheduler meta-data: Quartz Scheduler (v2.2.1) 'testScheduler' with instanceId 'NON_CLUSTERED'
  Scheduler class: 'org.quartz.core.QuartzScheduler' - running locally.
  NOT STARTED.
  Currently in standby mode.
  Number of jobs executed: 0
  Using thread pool 'org.quartz.simpl.SimpleThreadPool' - with 3 threads.
  Using job-store 'net.joelinn.quartz.jobstore.RedisJobStore' - which supports persistence. and is clustered.

06:13:31.711 [main] INFO  o.q.i.StdSchedulerFactory - o.q.i.StdSchedulerFactory:1339 - Quartz scheduler 'testScheduler' initialized from an externally provided properties instance.
06:13:31.711 [main] INFO  o.q.i.StdSchedulerFactory - o.q.i.StdSchedulerFactory:1343 - Quartz scheduler version: 2.2.1
06:13:31.711 [main] INFO  o.q.c.QuartzScheduler - o.q.c.QuartzScheduler:575 - Scheduler testScheduler_$_NON_CLUSTERED started.
06:13:31.963 [main] INFO  o.q.c.QuartzScheduler - o.q.c.QuartzScheduler:694 - Scheduler testScheduler_$_NON_CLUSTERED shutting down.
06:13:31.963 [main] INFO  o.q.c.QuartzScheduler - o.q.c.QuartzScheduler:613 - Scheduler testScheduler_$_NON_CLUSTERED paused.
06:13:31.964 [main] INFO  o.q.c.QuartzScheduler - o.q.c.QuartzScheduler:771 - Scheduler testScheduler_$_NON_CLUSTERED shutdown complete.
Tests run: 2, Failures: 0, Errors: 0, Skipped: 0, Time elapsed: 0.436 sec - in net.joelinn.quartz.RedisJobStoreTest
Running net.joelinn.quartz.RedisSentinelJobStoreTest
06:13:32.041 [testScheduler_QuartzSchedulerThread] ERROR o.q.c.QuartzSchedulerThread - o.q.c.QuartzSchedulerThread:287 - quartzSchedulerThreadLoop: RuntimeException java.net.SocketException: Broken pipe (Write failed)
redis.clients.jedis.exceptions.JedisConnectionException: java.net.SocketException: Broken pipe (Write failed)
	at redis.clients.jedis.Connection.flush(Connection.java:303)
	at redis.clients.jedis.Connection.getBinaryBulkReply(Connection.java:254)
	at redis.clients.jedis.Connection.getBulkReply(Connection.java:245)
	at redis.clients.jedis.Jedis.get(Jedis.java:180)
	at net.joelinn.quartz.jobstore.AbstractRedisStorage.unlock(AbstractRedisStorage.java:115)
	at net.joelinn.quartz.jobstore.RedisJobStore.doWithLock(RedisJobStore.java:1169)
	at net.joelinn.quartz.jobstore.RedisJobStore.acquireNextTriggers(RedisJobStore.java:1043)
	at org.quartz.core.QuartzSchedulerThread.run(QuartzSchedulerThread.java:272)
Caused by: java.net.SocketException: Broken pipe (Write failed)
	at java.net.SocketOutputStream.socketWrite0(Native Method)
	at java.net.SocketOutputStream.socketWrite(SocketOutputStream.java:111)
	at java.net.SocketOutputStream.write(SocketOutputStream.java:155)
	at redis.clients.jedis.util.RedisOutputStream.flushBuffer(RedisOutputStream.java:52)
	at redis.clients.jedis.util.RedisOutputStream.flush(RedisOutputStream.java:133)
	at redis.clients.jedis.Connection.flush(Connection.java:300)
	... 7 common frames omitted
06:13:32.102 [main] INFO  r.c.j.JedisSentinelPool - r.c.j.JedisSentinelPool:140 - Trying to find master from available Sentinels...
06:13:32.103 [main] INFO  r.c.j.JedisSentinelPool - r.c.j.JedisSentinelPool:189 - Redis master running at 127.0.0.1:33483, starting Sentinel listeners...
06:13:32.109 [main] INFO  r.c.j.JedisSentinelPool - r.c.j.JedisSentinelPool:130 - Created JedisPool to master at 127.0.0.1:33483
06:13:32.110 [main] INFO  r.c.j.JedisSentinelPool - r.c.j.JedisSentinelPool:140 - Trying to find master from available Sentinels...
06:13:32.111 [main] INFO  r.c.j.JedisSentinelPool - r.c.j.JedisSentinelPool:189 - Redis master running at 127.0.0.1:33483, starting Sentinel listeners...
06:13:32.114 [main] INFO  r.c.j.JedisSentinelPool - r.c.j.JedisSentinelPool:130 - Created JedisPool to master at 127.0.0.1:33483
06:13:32.115 [main] INFO  o.q.i.StdSchedulerFactory - o.q.i.StdSchedulerFactory:1184 - Using default implementation for ThreadExecutor
06:13:32.116 [main] INFO  o.q.c.SchedulerSignalerImpl - o.q.c.SchedulerSignalerImpl:61 - Initialized Scheduler Signaller of type: class org.quartz.core.SchedulerSignalerImpl
06:13:32.117 [main] INFO  o.q.c.QuartzScheduler - o.q.c.QuartzScheduler:240 - Quartz Scheduler v.2.2.1 created.
06:13:32.117 [main] INFO  r.c.j.JedisSentinelPool - r.c.j.JedisSentinelPool:140 - Trying to find master from available Sentinels...
06:13:32.117 [main] INFO  r.c.j.JedisSentinelPool - r.c.j.JedisSentinelPool:189 - Redis master running at 127.0.0.1:33483, starting Sentinel listeners...
06:13:32.120 [main] INFO  r.c.j.JedisSentinelPool - r.c.j.JedisSentinelPool:130 - Created JedisPool to master at 127.0.0.1:33483
06:13:32.120 [main] INFO  o.q.c.QuartzScheduler - o.q.c.QuartzScheduler:305 - Scheduler meta-data: Quartz Scheduler (v2.2.1) 'testScheduler' with instanceId 'NON_CLUSTERED'
  Scheduler class: 'org.quartz.core.QuartzScheduler' - running locally.
  NOT STARTED.
  Currently in standby mode.
  Number of jobs executed: 0
  Using thread pool 'org.quartz.simpl.SimpleThreadPool' - with 3 threads.
  Using job-store 'net.joelinn.quartz.jobstore.RedisJobStore' - which supports persistence. and is clustered.

06:13:32.121 [main] INFO  o.q.i.StdSchedulerFactory - o.q.i.StdSchedulerFactory:1339 - Quartz scheduler 'testScheduler' initialized from an externally provided properties instance.
06:13:32.121 [main] INFO  o.q.i.StdSchedulerFactory - o.q.i.StdSchedulerFactory:1343 - Quartz scheduler version: 2.2.1
06:13:32.121 [main] INFO  o.q.c.QuartzScheduler - o.q.c.QuartzScheduler:575 - Scheduler testScheduler_$_NON_CLUSTERED started.
06:13:32.252 [main] INFO  o.q.c.QuartzScheduler - o.q.c.QuartzScheduler:694 - Scheduler testScheduler_$_NON_CLUSTERED shutting down.
06:13:32.252 [main] INFO  o.q.c.QuartzScheduler - o.q.c.QuartzScheduler:613 - Scheduler testScheduler_$_NON_CLUSTERED paused.
06:13:32.253 [main] INFO  o.q.c.QuartzScheduler - o.q.c.QuartzScheduler:771 - Scheduler testScheduler_$_NON_CLUSTERED shutdown complete.
06:13:32.275 [MasterListener-master1-[172.17.0.13:37557]] ERROR r.c.j.JedisSentinelPool - r.c.j.JedisSentinelPool$MasterListener:323 - Lost connection to Sentinel at 172.17.0.13:37557. Sleeping 5000ms and retrying.
redis.clients.jedis.exceptions.JedisConnectionException: Unexpected end of stream.
	at redis.clients.jedis.util.RedisInputStream.ensureFill(RedisInputStream.java:202)
	at redis.clients.jedis.util.RedisInputStream.readByte(RedisInputStream.java:43)
	at redis.clients.jedis.Protocol.process(Protocol.java:154)
	at redis.clients.jedis.Protocol.read(Protocol.java:219)
	at redis.clients.jedis.Connection.readProtocolWithCheckingBroken(Connection.java:309)
	at redis.clients.jedis.Connection.getRawObjectMultiBulkReply(Connection.java:276)
	at redis.clients.jedis.JedisPubSub.process(JedisPubSub.java:123)
	at redis.clients.jedis.JedisPubSub.proceed(JedisPubSub.java:117)
	at redis.clients.jedis.Jedis.subscribe(Jedis.java:2779)
	at redis.clients.jedis.JedisSentinelPool$MasterListener.run(JedisSentinelPool.java:295)
06:13:32.319 [MasterListener-master1-[172.17.0.13:33991]] ERROR r.c.j.JedisSentinelPool - r.c.j.JedisSentinelPool$MasterListener:323 - Lost connection to Sentinel at 172.17.0.13:33991. Sleeping 5000ms and retrying.
redis.clients.jedis.exceptions.JedisConnectionException: Unexpected end of stream.
	at redis.clients.jedis.util.RedisInputStream.ensureFill(RedisInputStream.java:202)
	at redis.clients.jedis.util.RedisInputStream.readByte(RedisInputStream.java:43)
	at redis.clients.jedis.Protocol.process(Protocol.java:154)
	at redis.clients.jedis.Protocol.read(Protocol.java:219)
	at redis.clients.jedis.Connection.readProtocolWithCheckingBroken(Connection.java:309)
	at redis.clients.jedis.Connection.getRawObjectMultiBulkReply(Connection.java:276)
	at redis.clients.jedis.JedisPubSub.process(JedisPubSub.java:123)
	at redis.clients.jedis.JedisPubSub.proceed(JedisPubSub.java:117)
	at redis.clients.jedis.Jedis.subscribe(Jedis.java:2779)
	at redis.clients.jedis.JedisSentinelPool$MasterListener.run(JedisSentinelPool.java:295)
Tests run: 1, Failures: 0, Errors: 0, Skipped: 0, Time elapsed: 0.4 sec - in net.joelinn.quartz.RedisSentinelJobStoreTest
Running net.joelinn.quartz.StoreJobTest
06:13:33.714 [main] INFO  n.j.q.j.RedisJobStore - n.j.q.j.RedisJobStore:304 - Job hash already exists
Tests run: 18, Failures: 0, Errors: 0, Skipped: 0, Time elapsed: 2.117 sec - in net.joelinn.quartz.StoreJobTest
Running net.joelinn.quartz.StoreCalendarTest
Tests run: 9, Failures: 0, Errors: 0, Skipped: 0, Time elapsed: 1.019 sec - in net.joelinn.quartz.StoreCalendarTest
Running net.joelinn.quartz.TriggeredJobCompleteTest
Tests run: 7, Failures: 0, Errors: 0, Skipped: 0, Time elapsed: 0.824 sec - in net.joelinn.quartz.TriggeredJobCompleteTest

Results :

Tests run: 71, Failures: 0, Errors: 0, Skipped: 0

[INFO] 
[INFO] --- jacoco-maven-plugin:0.8.5:report (report) @ quartz-redis-jobstore ---
[INFO] Loading execution data file /tmp/tmpqlm20fx_/quartz-redis-jobstore/target/jacoco.exec
[INFO] Analyzed bundle 'quartz-redis-jobstore' with 1723 classes
[INFO] ------------------------------------------------------------------------
[INFO] BUILD SUCCESS
[INFO] ------------------------------------------------------------------------
[INFO] Total time:  43.244 s
[INFO] Finished at: 2020-07-31T06:13:38Z
[INFO] ------------------------------------------------------------------------
