[INFO] Error stacktraces are turned on.
[INFO] Scanning for projects...
[WARNING] 
[WARNING] Some problems were encountered while building the effective model for com.googlecode.java-diff-utils:diffutils:jar:1.3.0-SNAPSHOT
[WARNING] 'build.plugins.plugin.version' for org.apache.maven.plugins:maven-compiler-plugin is missing. @ line 36, column 15
[WARNING] 
[WARNING] It is highly recommended to fix these problems because they threaten the stability of your build.
[WARNING] 
[WARNING] For this reason, future Maven versions might no longer support building such malformed projects.
[WARNING] 
[INFO] 
[INFO] --------------< com.googlecode.java-diff-utils:diffutils >--------------
[INFO] Building java-diff-utils 1.3.0-SNAPSHOT
[INFO] --------------------------------[ jar ]---------------------------------
[INFO] 
[INFO] --- maven-resources-plugin:2.6:resources (default-resources) @ diffutils ---
[INFO] Using 'UTF-8' encoding to copy filtered resources.
[INFO] skip non existing resourceDirectory /tmp/tmpor1proii/java-diff-utils/src/main/resources
[INFO] 
[INFO] --- maven-compiler-plugin:3.1:compile (default-compile) @ diffutils ---
[INFO] Changes detected - recompiling the module!
[INFO] Compiling 19 source files to /tmp/tmpor1proii/java-diff-utils/target/classes
[WARNING] /tmp/tmpor1proii/java-diff-utils/src/difflib/DiffRowGenerator.java: /tmp/tmpor1proii/java-diff-utils/src/difflib/DiffRowGenerator.java uses unchecked or unsafe operations.
[WARNING] /tmp/tmpor1proii/java-diff-utils/src/difflib/DiffRowGenerator.java: Recompile with -Xlint:unchecked for details.
[INFO] 
[INFO] --- maven-resources-plugin:2.6:testResources (default-testResources) @ diffutils ---
[INFO] Using 'UTF-8' encoding to copy filtered resources.
[INFO] Copying 4 resources
[INFO] 
[INFO] --- maven-compiler-plugin:3.1:testCompile (default-testCompile) @ diffutils ---
[INFO] Changes detected - recompiling the module!
[INFO] Compiling 3 source files to /tmp/tmpor1proii/java-diff-utils/target/test-classes
[WARNING] /tmp/tmpor1proii/java-diff-utils/test/testcase/diffutills/GenerateUnifiedDiffTest.java: /tmp/tmpor1proii/java-diff-utils/test/testcase/diffutills/GenerateUnifiedDiffTest.java uses unchecked or unsafe operations.
[WARNING] /tmp/tmpor1proii/java-diff-utils/test/testcase/diffutills/GenerateUnifiedDiffTest.java: Recompile with -Xlint:unchecked for details.
[INFO] 
[INFO] --- maven-surefire-plugin:2.12.4:test (default-test) @ diffutils ---
[INFO] Surefire report directory: /tmp/tmpor1proii/java-diff-utils/target/surefire-reports

-------------------------------------------------------
 T E S T S
-------------------------------------------------------
Running testcase.diffutills.PatchTest
difflib.PatchFailedException: Incorrect Chunk: the position of chunk > target size
	at difflib.Chunk.verify(Chunk.java:82)
	at difflib.DeleteDelta.verify(DeleteDelta.java:66)
	at difflib.DeleteDelta.applyTo(DeleteDelta.java:44)
	at difflib.Patch.applyTo(Patch.java:43)
	at difflib.DiffUtils.patch(DiffUtils.java:70)
	at testcase.diffutills.PatchTest.testPatch_Delete(PatchTest.java:32)
	at sun.reflect.NativeMethodAccessorImpl.invoke0(Native Method)
	at sun.reflect.NativeMethodAccessorImpl.invoke(NativeMethodAccessorImpl.java:62)
	at sun.reflect.DelegatingMethodAccessorImpl.invoke(DelegatingMethodAccessorImpl.java:43)
	at java.lang.reflect.Method.invoke(Method.java:498)
	at junit.framework.TestCase.runTest(TestCase.java:168)
	at junit.framework.TestCase.runBare(TestCase.java:134)
	at junit.framework.TestResult$1.protect(TestResult.java:110)
	at junit.framework.TestResult.runProtected(TestResult.java:128)
	at junit.framework.TestResult.run(TestResult.java:113)
	at junit.framework.TestCase.run(TestCase.java:124)
	at junit.framework.TestSuite.runTest(TestSuite.java:232)
	at junit.framework.TestSuite.run(TestSuite.java:227)
	at org.junit.internal.runners.JUnit38ClassRunner.run(JUnit38ClassRunner.java:83)
	at org.apache.maven.surefire.junit4.JUnit4Provider.execute(JUnit4Provider.java:252)
	at org.apache.maven.surefire.junit4.JUnit4Provider.executeTestSet(JUnit4Provider.java:141)
	at org.apache.maven.surefire.junit4.JUnit4Provider.invoke(JUnit4Provider.java:112)
	at sun.reflect.NativeMethodAccessorImpl.invoke0(Native Method)
	at sun.reflect.NativeMethodAccessorImpl.invoke(NativeMethodAccessorImpl.java:62)
	at sun.reflect.DelegatingMethodAccessorImpl.invoke(DelegatingMethodAccessorImpl.java:43)
	at java.lang.reflect.Method.invoke(Method.java:498)
	at org.apache.maven.surefire.util.ReflectionUtils.invokeMethodWithArray(ReflectionUtils.java:189)
	at org.apache.maven.surefire.booter.ProviderFactory$ProviderProxy.invoke(ProviderFactory.java:165)
	at org.apache.maven.surefire.booter.ProviderFactory.invokeProvider(ProviderFactory.java:85)
	at org.apache.maven.surefire.booter.ForkedBooter.runSuitesInProcess(ForkedBooter.java:115)
	at org.apache.maven.surefire.booter.ForkedBooter.main(ForkedBooter.java:75)
Tests run: 3, Failures: 0, Errors: 0, Skipped: 0, Time elapsed: 0.115 sec
Running testcase.diffutills.GenerateUnifiedDiffTest
Tests run: 2, Failures: 0, Errors: 0, Skipped: 0, Time elapsed: 0 sec
Running testcase.diffutills.DiffTest
Tests run: 3, Failures: 0, Errors: 0, Skipped: 0, Time elapsed: 0 sec

Results :

Tests run: 8, Failures: 0, Errors: 0, Skipped: 0

[INFO] 
[INFO] --- maven-jar-plugin:2.4:jar (default-jar) @ diffutils ---
[INFO] Building jar: /tmp/tmpor1proii/java-diff-utils/target/diffutils-1.3.0-SNAPSHOT.jar
[INFO] 
[INFO] --- maven-assembly-plugin:3.2.0:single (default) @ diffutils ---
[INFO] Building jar: /tmp/tmpor1proii/java-diff-utils/target/diffutils-1.3.0-SNAPSHOT-jar-with-dependencies.jar
[INFO] ------------------------------------------------------------------------
[INFO] BUILD SUCCESS
[INFO] ------------------------------------------------------------------------
[INFO] Total time:  9.794 s
[INFO] Finished at: 2020-07-30T15:23:42Z
[INFO] ------------------------------------------------------------------------
