[INFO] Error stacktraces are turned on.
[INFO] Scanning for projects...
[INFO] 
[INFO] ----------------------< org.radar:radar-netbeans >----------------------
[INFO] Building radar-netbeans 3.0.1
[INFO] --------------------------------[ nbm ]---------------------------------
[INFO] 
[INFO] --- jacoco-maven-plugin:0.8.5:prepare-agent (default) @ radar-netbeans ---
[INFO] argLine set to -javaagent:/home/jdbl/.m2/repository/org/jacoco/org.jacoco.agent/0.8.5/org.jacoco.agent-0.8.5-runtime.jar=destfile=/tmp/tmp8444vx5c/radar-netbeans/target/jacoco.exec
[INFO] 
[INFO] --- maven-resources-plugin:3.1.0:resources (default-resources) @ radar-netbeans ---
[INFO] Using 'UTF-8' encoding to copy filtered resources.
[INFO] Copying 22 resources
[INFO] 
[INFO] --- maven-compiler-plugin:2.5.1:compile (default-compile) @ radar-netbeans ---
[INFO] Compiling 82 source files to /tmp/tmp8444vx5c/radar-netbeans/target/classes
[INFO] 
[INFO] --- nbm-maven-plugin:3.13:manifest (default-manifest) @ radar-netbeans ---
[INFO] NBM Plugin generates manifest
[INFO] Adding on module's Class-Path:
[INFO]     org.jboss.resteasy:resteasy-client:jar:3.0.22.Final
[INFO]     org.jboss.resteasy:resteasy-jaxrs:jar:3.0.22.Final
[INFO]     org.jboss.spec.javax.ws.rs:jboss-jaxrs-api_2.0_spec:jar:1.0.1.Beta1
[INFO]     org.jboss.spec.javax.annotation:jboss-annotations-api_1.2_spec:jar:1.0.0.Final
[INFO]     javax.activation:activation:jar:1.1.1
[INFO]     commons-io:commons-io:jar:2.5
[INFO]     net.jcip:jcip-annotations:jar:1.0
[INFO]     org.jboss.logging:jboss-logging:jar:3.3.0.Final
[INFO]     org.jboss.resteasy:resteasy-jackson2-provider:jar:3.0.22.Final
[INFO]     com.fasterxml.jackson.core:jackson-core:jar:2.8.6
[INFO]     com.fasterxml.jackson.core:jackson-databind:jar:2.8.6
[INFO]     com.fasterxml.jackson.core:jackson-annotations:jar:2.8.6
[INFO]     com.fasterxml.jackson.jaxrs:jackson-jaxrs-json-provider:jar:2.8.6
[INFO]     com.fasterxml.jackson.jaxrs:jackson-jaxrs-base:jar:2.8.6
[INFO]     com.fasterxml.jackson.module:jackson-module-jaxb-annotations:jar:2.8.6
[INFO]     javax.ws.rs:javax.ws.rs-api:jar:2.0.1
[INFO]     org.codehaus.sonar.runner:sonar-runner-api:jar:2.4
[INFO]     org.sonarsource.scanner.api:sonar-scanner-api:jar:2.8
[INFO]     com.google.code.findbugs:jsr305:jar:2.0.1
[INFO]     org.apache.maven:maven-model:jar:3.3.9
[INFO]     org.codehaus.plexus:plexus-utils:jar:3.0.22
[INFO]     org.apache.commons:commons-lang3:jar:3.4
[INFO]     org.swinglabs.swingx:swingx-all:jar:1.6.5-1
[INFO]     com.google.code.gson:gson:jar:2.6.2
[INFO]     org.apache.maven:maven-core:jar:3.3.9
[INFO]     org.apache.maven:maven-settings:jar:3.3.9
[INFO]     org.apache.maven:maven-settings-builder:jar:3.3.9
[INFO]     org.apache.maven:maven-builder-support:jar:3.3.9
[INFO]     org.apache.maven:maven-repository-metadata:jar:3.3.9
[INFO]     org.apache.maven:maven-artifact:jar:3.3.9
[INFO]     org.apache.maven:maven-plugin-api:jar:3.3.9
[INFO]     org.apache.maven:maven-model-builder:jar:3.3.9
[INFO]     com.google.guava:guava:jar:18.0
[INFO]     org.apache.maven:maven-aether-provider:jar:3.3.9
[INFO]     org.eclipse.aether:aether-spi:jar:1.0.2.v20150114
[INFO]     org.eclipse.aether:aether-impl:jar:1.0.2.v20150114
[INFO]     org.eclipse.aether:aether-api:jar:1.0.2.v20150114
[INFO]     org.eclipse.aether:aether-util:jar:1.0.2.v20150114
[INFO]     org.eclipse.sisu:org.eclipse.sisu.plexus:jar:0.3.2
[INFO]     javax.enterprise:cdi-api:jar:1.0
[INFO]     javax.annotation:jsr250-api:jar:1.0
[INFO]     org.eclipse.sisu:org.eclipse.sisu.inject:jar:0.3.2
[INFO]     com.google.inject:guice:jar:no_aop:4.0
[INFO]     javax.inject:javax.inject:jar:1
[INFO]     aopalliance:aopalliance:jar:1.0
[INFO]     org.codehaus.plexus:plexus-interpolation:jar:1.21
[INFO]     org.codehaus.plexus:plexus-classworlds:jar:2.5.2
[INFO]     org.codehaus.plexus:plexus-component-annotations:jar:1.6
[INFO]     org.sonatype.plexus:plexus-sec-dispatcher:jar:1.3
[INFO]     org.sonatype.plexus:plexus-cipher:jar:1.4
[INFO]     org.apache.httpcomponents:httpclient:jar:4.5.2
[INFO]     org.apache.httpcomponents:httpcore:jar:4.4.4
[INFO]     commons-codec:commons-codec:jar:1.10
[INFO]     commons-logging:commons-logging:jar:1.2
Unable to process: qubexplorer.server.ui.ServerConnectionDialog$Projects2Task
Unable to process: qubexplorer.server.SonarQube
Unable to process: qubexplorer.runner.ui.SonarRunnerTask
Unable to process: qubexplorer.ui.IssueEditorAnnotationAttacher$FileAnnotationAttacher
Unable to process: qubexplorer.ui.SonarQubeOptionsPanel
Unable to process: qubexplorer.ui.SonarQubeOptionsPanelController
Unable to process: qubexplorer.ui.IssueEditorAnnotationAttacher
Unable to process: qubexplorer.ui.summary.ClassifierSummaryModel
Unable to process: qubexplorer.ui.task.TaskExecutor
Unable to process: qubexplorer.ui.FileOpenedNotifier
Unable to process: qubexplorer.ui.SonarIssuesTopComponent
Unable to process: org.sonarsource.scanner.api.internal.OkHttpClientFactory
Unable to process: org.sonarsource.scanner.api.internal.TempCleaning
Unable to process: org.sonarsource.scanner.api.EmbeddedScanner
[INFO] 
[INFO] --- maven-resources-plugin:3.1.0:testResources (default-testResources) @ radar-netbeans ---
[INFO] Using 'UTF-8' encoding to copy filtered resources.
[INFO] skip non existing resourceDirectory /tmp/tmp8444vx5c/radar-netbeans/src/test/resources
[INFO] 
[INFO] --- maven-compiler-plugin:2.5.1:testCompile (default-testCompile) @ radar-netbeans ---
[INFO] Compiling 7 source files to /tmp/tmp8444vx5c/radar-netbeans/target/test-classes
[INFO] 
[INFO] --- maven-surefire-plugin:2.19.1:test (default-test) @ radar-netbeans ---
[INFO] Surefire report directory: /tmp/tmp8444vx5c/radar-netbeans/target/surefire-reports

-------------------------------------------------------
 T E S T S
-------------------------------------------------------
Running qubexplorer.server.SimpleClassifierSummaryTest
Tests run: 3, Failures: 0, Errors: 0, Skipped: 0, Time elapsed: 0.482 sec - in qubexplorer.server.SimpleClassifierSummaryTest
Running qubexplorer.server.VersionTest
Tests run: 5, Failures: 0, Errors: 0, Skipped: 0, Time elapsed: 0 sec - in qubexplorer.server.VersionTest
Running qubexplorer.PassEncoderTest
Tests run: 1, Failures: 0, Errors: 0, Skipped: 0, Time elapsed: 0.02 sec - in qubexplorer.PassEncoderTest
Running qubexplorer.ResourceKeyTest
Tests run: 3, Failures: 0, Errors: 0, Skipped: 0, Time elapsed: 0.036 sec - in qubexplorer.ResourceKeyTest
Running qubexplorer.runner.SonarRunnerProccessTest
Tests run: 4, Failures: 0, Errors: 0, Skipped: 0, Time elapsed: 0 sec - in qubexplorer.runner.SonarRunnerProccessTest
Running qubexplorer.ui.AuthenticationRepositoryTest
Tests run: 1, Failures: 0, Errors: 0, Skipped: 0, Time elapsed: 0 sec - in qubexplorer.ui.AuthenticationRepositoryTest
Running qubexplorer.ui.task.TaskExecutorTest
Jul 30, 2020 10:54:52 PM qubexplorer.ui.task.TaskExecutor$TaskWorker done
INFO: qubexplorer.AuthorizationException
java.util.concurrent.ExecutionException: qubexplorer.AuthorizationException
	at java.util.concurrent.FutureTask.report(FutureTask.java:122)
	at java.util.concurrent.FutureTask.get(FutureTask.java:192)
	at javax.swing.SwingWorker.get(SwingWorker.java:602)
	at qubexplorer.ui.task.TaskExecutor$TaskWorker.done(TaskExecutor.java:78)
	at javax.swing.SwingWorker$5.run(SwingWorker.java:737)
	at javax.swing.SwingWorker$DoSubmitAccumulativeRunnable.run(SwingWorker.java:832)
	at sun.swing.AccumulativeRunnable.run(AccumulativeRunnable.java:112)
	at javax.swing.SwingWorker$DoSubmitAccumulativeRunnable.actionPerformed(SwingWorker.java:842)
	at javax.swing.Timer.fireActionPerformed(Timer.java:313)
	at javax.swing.Timer$DoPostEvent.run(Timer.java:245)
	at java.awt.event.InvocationEvent.dispatch(InvocationEvent.java:311)
	at java.awt.EventQueue.dispatchEventImpl(EventQueue.java:758)
	at java.awt.EventQueue.access$500(EventQueue.java:97)
	at java.awt.EventQueue$3.run(EventQueue.java:709)
	at java.awt.EventQueue$3.run(EventQueue.java:703)
	at java.security.AccessController.doPrivileged(Native Method)
	at java.security.ProtectionDomain$JavaSecurityAccessImpl.doIntersectionPrivilege(ProtectionDomain.java:74)
	at java.awt.EventQueue.dispatchEvent(EventQueue.java:728)
	at java.awt.EventDispatchThread.pumpOneEventForFilters(EventDispatchThread.java:205)
	at java.awt.EventDispatchThread.pumpEventsForFilter(EventDispatchThread.java:116)
	at java.awt.EventDispatchThread.pumpEventsForHierarchy(EventDispatchThread.java:105)
	at java.awt.EventDispatchThread.pumpEvents(EventDispatchThread.java:101)
	at java.awt.EventDispatchThread.pumpEvents(EventDispatchThread.java:93)
	at java.awt.EventDispatchThread.run(EventDispatchThread.java:82)
Caused by: qubexplorer.AuthorizationException
	at qubexplorer.ui.task.TaskExecutor$TaskWorker.doInBackground(TaskExecutor.java:71)
	at javax.swing.SwingWorker$1.call(SwingWorker.java:295)
	at java.util.concurrent.FutureTask.run(FutureTask.java:266)
	at javax.swing.SwingWorker.run(SwingWorker.java:334)
	at java.util.concurrent.ThreadPoolExecutor.runWorker(ThreadPoolExecutor.java:1149)
	at java.util.concurrent.ThreadPoolExecutor$Worker.run(ThreadPoolExecutor.java:624)
	at java.lang.Thread.run(Thread.java:748)

Jul 30, 2020 10:54:52 PM qubexplorer.ui.task.TaskExecutor$TaskWorker done
INFO: qubexplorer.AuthorizationException
java.util.concurrent.ExecutionException: qubexplorer.AuthorizationException
	at java.util.concurrent.FutureTask.report(FutureTask.java:122)
	at java.util.concurrent.FutureTask.get(FutureTask.java:192)
	at javax.swing.SwingWorker.get(SwingWorker.java:602)
	at qubexplorer.ui.task.TaskExecutor$TaskWorker.done(TaskExecutor.java:78)
	at javax.swing.SwingWorker$5.run(SwingWorker.java:737)
	at javax.swing.SwingWorker$DoSubmitAccumulativeRunnable.run(SwingWorker.java:832)
	at sun.swing.AccumulativeRunnable.run(AccumulativeRunnable.java:112)
	at javax.swing.SwingWorker$DoSubmitAccumulativeRunnable.actionPerformed(SwingWorker.java:842)
	at javax.swing.Timer.fireActionPerformed(Timer.java:313)
	at javax.swing.Timer$DoPostEvent.run(Timer.java:245)
	at java.awt.event.InvocationEvent.dispatch(InvocationEvent.java:311)
	at java.awt.EventQueue.dispatchEventImpl(EventQueue.java:758)
	at java.awt.EventQueue.access$500(EventQueue.java:97)
	at java.awt.EventQueue$3.run(EventQueue.java:709)
	at java.awt.EventQueue$3.run(EventQueue.java:703)
	at java.security.AccessController.doPrivileged(Native Method)
	at java.security.ProtectionDomain$JavaSecurityAccessImpl.doIntersectionPrivilege(ProtectionDomain.java:74)
	at java.awt.EventQueue.dispatchEvent(EventQueue.java:728)
	at java.awt.EventDispatchThread.pumpOneEventForFilters(EventDispatchThread.java:205)
	at java.awt.EventDispatchThread.pumpEventsForFilter(EventDispatchThread.java:116)
	at java.awt.EventDispatchThread.pumpEventsForHierarchy(EventDispatchThread.java:105)
	at java.awt.EventDispatchThread.pumpEvents(EventDispatchThread.java:101)
	at java.awt.EventDispatchThread.pumpEvents(EventDispatchThread.java:93)
	at java.awt.EventDispatchThread.run(EventDispatchThread.java:82)
Caused by: qubexplorer.AuthorizationException
	at qubexplorer.ui.task.TaskExecutor$TaskWorker.doInBackground(TaskExecutor.java:71)
	at javax.swing.SwingWorker$1.call(SwingWorker.java:295)
	at java.util.concurrent.FutureTask.run(FutureTask.java:266)
	at javax.swing.SwingWorker.run(SwingWorker.java:334)
	at java.util.concurrent.ThreadPoolExecutor.runWorker(ThreadPoolExecutor.java:1149)
	at java.util.concurrent.ThreadPoolExecutor$Worker.run(ThreadPoolExecutor.java:624)
	at java.lang.Thread.run(Thread.java:748)

Jul 30, 2020 10:54:52 PM qubexplorer.ui.task.TaskExecutor$TaskWorker done
INFO: java.lang.IllegalArgumentException
java.util.concurrent.ExecutionException: java.lang.IllegalArgumentException
	at java.util.concurrent.FutureTask.report(FutureTask.java:122)
	at java.util.concurrent.FutureTask.get(FutureTask.java:192)
	at javax.swing.SwingWorker.get(SwingWorker.java:602)
	at qubexplorer.ui.task.TaskExecutor$TaskWorker.done(TaskExecutor.java:78)
	at javax.swing.SwingWorker$5.run(SwingWorker.java:737)
	at javax.swing.SwingWorker$DoSubmitAccumulativeRunnable.run(SwingWorker.java:832)
	at sun.swing.AccumulativeRunnable.run(AccumulativeRunnable.java:112)
	at javax.swing.SwingWorker$DoSubmitAccumulativeRunnable.actionPerformed(SwingWorker.java:842)
	at javax.swing.Timer.fireActionPerformed(Timer.java:313)
	at javax.swing.Timer$DoPostEvent.run(Timer.java:245)
	at java.awt.event.InvocationEvent.dispatch(InvocationEvent.java:311)
	at java.awt.EventQueue.dispatchEventImpl(EventQueue.java:758)
	at java.awt.EventQueue.access$500(EventQueue.java:97)
	at java.awt.EventQueue$3.run(EventQueue.java:709)
	at java.awt.EventQueue$3.run(EventQueue.java:703)
	at java.security.AccessController.doPrivileged(Native Method)
	at java.security.ProtectionDomain$JavaSecurityAccessImpl.doIntersectionPrivilege(ProtectionDomain.java:74)
	at java.awt.EventQueue.dispatchEvent(EventQueue.java:728)
	at java.awt.EventDispatchThread.pumpOneEventForFilters(EventDispatchThread.java:205)
	at java.awt.EventDispatchThread.pumpEventsForFilter(EventDispatchThread.java:116)
	at java.awt.EventDispatchThread.pumpEventsForHierarchy(EventDispatchThread.java:105)
	at java.awt.EventDispatchThread.pumpEvents(EventDispatchThread.java:101)
	at java.awt.EventDispatchThread.pumpEvents(EventDispatchThread.java:93)
	at java.awt.EventDispatchThread.run(EventDispatchThread.java:82)
Caused by: java.lang.IllegalArgumentException
	at qubexplorer.ui.task.TaskExecutor$TaskWorker.doInBackground(TaskExecutor.java:71)
	at javax.swing.SwingWorker$1.call(SwingWorker.java:295)
	at java.util.concurrent.FutureTask.run(FutureTask.java:266)
	at javax.swing.SwingWorker.run(SwingWorker.java:334)
	at java.util.concurrent.ThreadPoolExecutor.runWorker(ThreadPoolExecutor.java:1149)
	at java.util.concurrent.ThreadPoolExecutor$Worker.run(ThreadPoolExecutor.java:624)
	at java.lang.Thread.run(Thread.java:748)

Jul 30, 2020 10:54:52 PM org.openide.util.Exceptions printStackTrace
SEVERE: null
java.lang.IllegalArgumentException
	at qubexplorer.ui.task.TaskExecutor$TaskWorker.doInBackground(TaskExecutor.java:71)
	at javax.swing.SwingWorker$1.call(SwingWorker.java:295)
	at java.util.concurrent.FutureTask.run(FutureTask.java:266)
	at javax.swing.SwingWorker.run(SwingWorker.java:334)
	at java.util.concurrent.ThreadPoolExecutor.runWorker(ThreadPoolExecutor.java:1149)
	at java.util.concurrent.ThreadPoolExecutor$Worker.run(ThreadPoolExecutor.java:624)
	at java.lang.Thread.run(Thread.java:748)

Jul 30, 2020 10:54:52 PM qubexplorer.ui.task.TaskExecutor$TaskWorker done
INFO: qubexplorer.AuthorizationException
java.util.concurrent.ExecutionException: qubexplorer.AuthorizationException
	at java.util.concurrent.FutureTask.report(FutureTask.java:122)
	at java.util.concurrent.FutureTask.get(FutureTask.java:192)
	at javax.swing.SwingWorker.get(SwingWorker.java:602)
	at qubexplorer.ui.task.TaskExecutor$TaskWorker.done(TaskExecutor.java:78)
	at javax.swing.SwingWorker$5.run(SwingWorker.java:737)
	at javax.swing.SwingWorker$DoSubmitAccumulativeRunnable.run(SwingWorker.java:832)
	at sun.swing.AccumulativeRunnable.run(AccumulativeRunnable.java:112)
	at javax.swing.SwingWorker$DoSubmitAccumulativeRunnable.actionPerformed(SwingWorker.java:842)
	at javax.swing.Timer.fireActionPerformed(Timer.java:313)
	at javax.swing.Timer$DoPostEvent.run(Timer.java:245)
	at java.awt.event.InvocationEvent.dispatch(InvocationEvent.java:311)
	at java.awt.EventQueue.dispatchEventImpl(EventQueue.java:758)
	at java.awt.EventQueue.access$500(EventQueue.java:97)
	at java.awt.EventQueue$3.run(EventQueue.java:709)
	at java.awt.EventQueue$3.run(EventQueue.java:703)
	at java.security.AccessController.doPrivileged(Native Method)
	at java.security.ProtectionDomain$JavaSecurityAccessImpl.doIntersectionPrivilege(ProtectionDomain.java:74)
	at java.awt.EventQueue.dispatchEvent(EventQueue.java:728)
	at java.awt.EventDispatchThread.pumpOneEventForFilters(EventDispatchThread.java:205)
	at java.awt.EventDispatchThread.pumpEventsForFilter(EventDispatchThread.java:116)
	at java.awt.EventDispatchThread.pumpEventsForHierarchy(EventDispatchThread.java:105)
	at java.awt.EventDispatchThread.pumpEvents(EventDispatchThread.java:101)
	at java.awt.EventDispatchThread.pumpEvents(EventDispatchThread.java:93)
	at java.awt.EventDispatchThread.run(EventDispatchThread.java:82)
Caused by: qubexplorer.AuthorizationException
	at qubexplorer.ui.task.TaskExecutor$TaskWorker.doInBackground(TaskExecutor.java:71)
	at javax.swing.SwingWorker$1.call(SwingWorker.java:295)
	at java.util.concurrent.FutureTask.run(FutureTask.java:266)
	at javax.swing.SwingWorker.run(SwingWorker.java:334)
	at java.util.concurrent.ThreadPoolExecutor.runWorker(ThreadPoolExecutor.java:1149)
	at java.util.concurrent.ThreadPoolExecutor$Worker.run(ThreadPoolExecutor.java:624)
	at java.lang.Thread.run(Thread.java:748)

Jul 30, 2020 10:54:52 PM org.openide.util.Exceptions printStackTrace
SEVERE: null
qubexplorer.AuthorizationException
	at qubexplorer.ui.task.TaskExecutor$TaskWorker.doInBackground(TaskExecutor.java:71)
	at javax.swing.SwingWorker$1.call(SwingWorker.java:295)
	at java.util.concurrent.FutureTask.run(FutureTask.java:266)
	at javax.swing.SwingWorker.run(SwingWorker.java:334)
	at java.util.concurrent.ThreadPoolExecutor.runWorker(ThreadPoolExecutor.java:1149)
	at java.util.concurrent.ThreadPoolExecutor$Worker.run(ThreadPoolExecutor.java:624)
	at java.lang.Thread.run(Thread.java:748)

Tests run: 9, Failures: 0, Errors: 0, Skipped: 0, Time elapsed: 1.391 sec - in qubexplorer.ui.task.TaskExecutorTest

Results :

Tests run: 26, Failures: 0, Errors: 0, Skipped: 0

[INFO] 
[INFO] --- jacoco-maven-plugin:0.8.5:report (report) @ radar-netbeans ---
[INFO] Loading execution data file /tmp/tmp8444vx5c/radar-netbeans/target/jacoco.exec
[INFO] Analyzed bundle 'radar-netbeans' with 204 classes
[INFO] ------------------------------------------------------------------------
[INFO] BUILD SUCCESS
[INFO] ------------------------------------------------------------------------
[INFO] Total time:  05:07 min
[INFO] Finished at: 2020-07-30T22:54:54Z
[INFO] ------------------------------------------------------------------------
