[INFO] Error stacktraces are turned on.
[INFO] Scanning for projects...
[INFO] Inspecting build with total of 1 modules...
[INFO] Installing Nexus Staging features:
[INFO]   ... total of 1 executions of maven-deploy-plugin replaced with nexus-staging-maven-plugin
[INFO] 
[INFO] ------------------------< net.i2p.crypto:eddsa >------------------------
[INFO] Building EdDSA-Java 0.2.0
[INFO] -------------------------------[ bundle ]-------------------------------
[INFO] 
[INFO] --- maven-resources-plugin:3.1.0:resources (default-resources) @ eddsa ---
[INFO] Using 'UTF-8' encoding to copy filtered resources.
[INFO] skip non existing resourceDirectory /tmp/tmp_2gg3sl2/ed25519-java/src/main/resources
[INFO] 
[INFO] --- maven-compiler-plugin:3.1:compile (default-compile) @ eddsa ---
[INFO] Changes detected - recompiling the module!
[INFO] Compiling 27 source files to /tmp/tmp_2gg3sl2/ed25519-java/target/classes
[INFO] 
[INFO] --- maven-resources-plugin:3.1.0:testResources (default-testResources) @ eddsa ---
[INFO] Using 'UTF-8' encoding to copy filtered resources.
[INFO] Copying 3 resources
[INFO] 
[INFO] --- maven-compiler-plugin:3.1:testCompile (default-testCompile) @ eddsa ---
[INFO] Changes detected - recompiling the module!
[INFO] Compiling 18 source files to /tmp/tmp_2gg3sl2/ed25519-java/target/test-classes
[INFO] 
[INFO] --- maven-surefire-plugin:2.17:test (default-test) @ eddsa ---
[INFO] Surefire report directory: /tmp/tmp_2gg3sl2/ed25519-java/target/surefire-reports

-------------------------------------------------------
 T E S T S
-------------------------------------------------------
Running net.i2p.crypto.eddsa.UtilsTest
Tests run: 8, Failures: 0, Errors: 0, Skipped: 0, Time elapsed: 0.118 sec - in net.i2p.crypto.eddsa.UtilsTest
Running net.i2p.crypto.eddsa.math.GroupElementTest
Tests run: 50, Failures: 0, Errors: 0, Skipped: 0, Time elapsed: 3.222 sec - in net.i2p.crypto.eddsa.math.GroupElementTest
Running net.i2p.crypto.eddsa.math.ConstantsTest
Tests run: 2, Failures: 0, Errors: 0, Skipped: 0, Time elapsed: 0 sec - in net.i2p.crypto.eddsa.math.ConstantsTest
Running net.i2p.crypto.eddsa.math.bigint.BigIntegerScalarOpsTest
Tests run: 2, Failures: 0, Errors: 0, Skipped: 0, Time elapsed: 0.025 sec - in net.i2p.crypto.eddsa.math.bigint.BigIntegerScalarOpsTest
Running net.i2p.crypto.eddsa.math.bigint.BigIntegerFieldElementTest
Tests run: 16, Failures: 0, Errors: 0, Skipped: 0, Time elapsed: 0.228 sec - in net.i2p.crypto.eddsa.math.bigint.BigIntegerFieldElementTest
Running net.i2p.crypto.eddsa.math.ed25519.Ed25519LittleEndianEncodingTest
Tests run: 5, Failures: 0, Errors: 0, Skipped: 0, Time elapsed: 1.139 sec - in net.i2p.crypto.eddsa.math.ed25519.Ed25519LittleEndianEncodingTest
Running net.i2p.crypto.eddsa.math.ed25519.Ed25519ScalarOpsTest
Tests run: 4, Failures: 0, Errors: 0, Skipped: 0, Time elapsed: 0.06 sec - in net.i2p.crypto.eddsa.math.ed25519.Ed25519ScalarOpsTest
Running net.i2p.crypto.eddsa.math.ed25519.Ed25519FieldElementTest
Tests run: 17, Failures: 0, Errors: 0, Skipped: 0, Time elapsed: 0.512 sec - in net.i2p.crypto.eddsa.math.ed25519.Ed25519FieldElementTest
Running net.i2p.crypto.eddsa.spec.EdDSAPrivateKeySpecTest
Tests run: 4, Failures: 0, Errors: 0, Skipped: 0, Time elapsed: 0.006 sec - in net.i2p.crypto.eddsa.spec.EdDSAPrivateKeySpecTest
Running net.i2p.crypto.eddsa.spec.EdDSANamedCurveTableTest
Tests run: 1, Failures: 0, Errors: 0, Skipped: 0, Time elapsed: 0 sec - in net.i2p.crypto.eddsa.spec.EdDSANamedCurveTableTest
Running net.i2p.crypto.eddsa.EdDSAPrivateKeyTest
Tests run: 3, Failures: 0, Errors: 0, Skipped: 0, Time elapsed: 0.001 sec - in net.i2p.crypto.eddsa.EdDSAPrivateKeyTest
Running net.i2p.crypto.eddsa.EdDSAEngineTest
Tests run: 11, Failures: 0, Errors: 0, Skipped: 0, Time elapsed: 0.693 sec - in net.i2p.crypto.eddsa.EdDSAEngineTest
Running net.i2p.crypto.eddsa.EdDSAPublicKeyTest
Tests run: 3, Failures: 0, Errors: 0, Skipped: 0, Time elapsed: 0.001 sec - in net.i2p.crypto.eddsa.EdDSAPublicKeyTest
Running net.i2p.crypto.eddsa.EdDSASecurityProviderTest
Tests run: 2, Failures: 0, Errors: 0, Skipped: 0, Time elapsed: 0.014 sec - in net.i2p.crypto.eddsa.EdDSASecurityProviderTest

Results :

Tests run: 128, Failures: 0, Errors: 0, Skipped: 0

[INFO] 
[INFO] --- maven-bundle-plugin:3.0.1:bundle (default-bundle) @ eddsa ---
[WARNING] Bundle net.i2p.crypto:eddsa:bundle:0.2.0 : Export net.i2p.crypto.eddsa,  has 1,  private references [net.i2p.crypto.eddsa.math], 
[WARNING] Bundle net.i2p.crypto:eddsa:bundle:0.2.0 : Export net.i2p.crypto.eddsa.spec,  has 1,  private references [net.i2p.crypto.eddsa.math], 
[INFO] 
[INFO] --- maven-source-plugin:2.2.1:jar-no-fork (attach-sources) @ eddsa ---
[INFO] Skipping source per configuration.
[INFO] 
[INFO] --- maven-javadoc-plugin:2.9.1:jar (attach-javadocs) @ eddsa ---
[INFO] Skipping javadoc generation
[INFO] 
[INFO] --- maven-assembly-plugin:3.2.0:single (default) @ eddsa ---
[INFO] Building jar: /tmp/tmp_2gg3sl2/ed25519-java/target/eddsa-0.2.0-jar-with-dependencies.jar
[INFO] ------------------------------------------------------------------------
[INFO] BUILD SUCCESS
[INFO] ------------------------------------------------------------------------
[INFO] Total time:  13.600 s
[INFO] Finished at: 2020-07-30T16:01:03Z
[INFO] ------------------------------------------------------------------------
