[INFO] Error stacktraces are turned on.
[INFO] Scanning for projects...
[INFO] Inspecting build with total of 1 modules...
[INFO] Installing Nexus Staging features:
[INFO]   ... total of 1 executions of maven-deploy-plugin replaced with nexus-staging-maven-plugin
[INFO] 
[INFO] ---------------------< com.cognitect:transit-java >---------------------
[INFO] Building transit-java dev
[INFO] --------------------------------[ jar ]---------------------------------
[INFO] 
[INFO] --- jacoco-maven-plugin:0.8.5:prepare-agent (default) @ transit-java ---
[INFO] argLine set to -javaagent:/home/jdbl/.m2/repository/org/jacoco/org.jacoco.agent/0.8.5/org.jacoco.agent-0.8.5-runtime.jar=destfile=/tmp/tmpz13zag6h/transit-java/target/jacoco.exec
[INFO] 
[INFO] --- maven-resources-plugin:2.6:resources (default-resources) @ transit-java ---
[WARNING] Using platform encoding (UTF-8 actually) to copy filtered resources, i.e. build is platform dependent!
[INFO] skip non existing resourceDirectory /tmp/tmpz13zag6h/transit-java/src/main/resources
[INFO] 
[INFO] --- maven-compiler-plugin:3.1:compile (default-compile) @ transit-java ---
[INFO] Changes detected - recompiling the module!
[WARNING] File encoding has not been set, using platform encoding UTF-8, i.e. build is platform dependent!
[INFO] Compiling 52 source files to /tmp/tmpz13zag6h/transit-java/target/classes
[WARNING] /tmp/tmpz13zag6h/transit-java/src/main/java/com/cognitect/transit/impl/AbstractEmitter.java:[81,46] unchecked cast
  required: java.util.Map<java.lang.Object,java.lang.Object>
  found:    java.lang.Object
[WARNING] /tmp/tmpz13zag6h/transit-java/src/main/java/com/cognitect/transit/impl/AbstractEmitter.java:[83,61] unchecked cast
  required: java.lang.Iterable<java.util.Map.Entry<java.lang.Object,java.lang.Object>>
  found:    java.lang.Object
[WARNING] /tmp/tmpz13zag6h/transit-java/src/main/java/com/cognitect/transit/impl/AbstractEmitter.java:[201,17] unchecked conversion
  required: com.cognitect.transit.WriteHandler<java.lang.Object,java.lang.Object>
  found:    com.cognitect.transit.WriteHandler
[WARNING] /tmp/tmpz13zag6h/transit-java/src/main/java/com/cognitect/transit/impl/WriteHandlerMap.java:[197,47] unchecked cast
  required: com.cognitect.transit.WriteHandler<java.lang.Object,java.lang.Object>
  found:    com.cognitect.transit.WriteHandler<capture#1 of ?,capture#2 of ?>
[WARNING] /tmp/tmpz13zag6h/transit-java/src/main/java/com/cognitect/transit/impl/JsonParser.java:[96,101] unchecked cast
  required: com.cognitect.transit.MapReadHandler<java.lang.Object,?,java.lang.Object,java.lang.Object,?>
  found:    com.cognitect.transit.ReadHandler<java.lang.Object,java.lang.Object>
[WARNING] /tmp/tmpz13zag6h/transit-java/src/main/java/com/cognitect/transit/impl/JsonParser.java:[99,97] unchecked cast
  required: com.cognitect.transit.ArrayReadHandler<java.lang.Object,?,java.lang.Object,?>
  found:    com.cognitect.transit.ReadHandler<java.lang.Object,java.lang.Object>
[WARNING] /tmp/tmpz13zag6h/transit-java/src/main/java/com/cognitect/transit/impl/JsonParser.java:[137,105] unchecked cast
  required: com.cognitect.transit.MapReadHandler<java.lang.Object,?,java.lang.Object,java.lang.Object,?>
  found:    com.cognitect.transit.ReadHandler<java.lang.Object,java.lang.Object>
[WARNING] /tmp/tmpz13zag6h/transit-java/src/main/java/com/cognitect/transit/impl/JsonParser.java:[140,101] unchecked cast
  required: com.cognitect.transit.ArrayReadHandler<java.lang.Object,?,java.lang.Object,?>
  found:    com.cognitect.transit.ReadHandler<java.lang.Object,java.lang.Object>
[WARNING] /tmp/tmpz13zag6h/transit-java/src/main/java/com/cognitect/transit/impl/WriteHandlers.java:[315,43] getVerboseHandler() in com.cognitect.transit.impl.WriteHandlers.TimeWriteHandler implements <V>getVerboseHandler() in com.cognitect.transit.WriteHandler
  return type requires unchecked conversion from com.cognitect.transit.WriteHandler<java.util.Date,java.lang.String> to com.cognitect.transit.WriteHandler<java.util.Date,V>
[WARNING] /tmp/tmpz13zag6h/transit-java/src/main/java/com/cognitect/transit/impl/MsgpackParser.java:[87,101] unchecked cast
  required: com.cognitect.transit.MapReadHandler<java.lang.Object,?,java.lang.Object,java.lang.Object,?>
  found:    com.cognitect.transit.ReadHandler<java.lang.Object,java.lang.Object>
[WARNING] /tmp/tmpz13zag6h/transit-java/src/main/java/com/cognitect/transit/impl/MsgpackParser.java:[90,97] unchecked cast
  required: com.cognitect.transit.ArrayReadHandler<java.lang.Object,?,java.lang.Object,?>
  found:    com.cognitect.transit.ReadHandler<java.lang.Object,java.lang.Object>
[WARNING] /tmp/tmpz13zag6h/transit-java/src/main/java/com/cognitect/transit/impl/MsgpackParser.java:[129,101] unchecked cast
  required: com.cognitect.transit.MapReadHandler<java.lang.Object,?,java.lang.Object,java.lang.Object,?>
  found:    com.cognitect.transit.ReadHandler<java.lang.Object,java.lang.Object>
[WARNING] /tmp/tmpz13zag6h/transit-java/src/main/java/com/cognitect/transit/impl/MsgpackParser.java:[132,97] unchecked cast
  required: com.cognitect.transit.ArrayReadHandler<java.lang.Object,?,java.lang.Object,?>
  found:    com.cognitect.transit.ReadHandler<java.lang.Object,java.lang.Object>
[INFO] 
[INFO] --- maven-resources-plugin:2.6:testResources (default-testResources) @ transit-java ---
[WARNING] Using platform encoding (UTF-8 actually) to copy filtered resources, i.e. build is platform dependent!
[INFO] skip non existing resourceDirectory /tmp/tmpz13zag6h/transit-java/src/test/resources
[INFO] 
[INFO] --- maven-compiler-plugin:3.1:testCompile (default-testCompile) @ transit-java ---
[INFO] Changes detected - recompiling the module!
[WARNING] File encoding has not been set, using platform encoding UTF-8, i.e. build is platform dependent!
[INFO] Compiling 4 source files to /tmp/tmpz13zag6h/transit-java/target/test-classes
[WARNING] /tmp/tmpz13zag6h/transit-java/src/test/java/com/cognitect/transit/TransitTest.java:[297,54] unchecked conversion
  required: java.util.Iterator<java.util.Map.Entry>
  found:    java.util.Iterator
[WARNING] /tmp/tmpz13zag6h/transit-java/src/test/java/com/cognitect/transit/TransitTest.java:[414,20] unchecked call to write(T) as a member of the raw type com.cognitect.transit.Writer
[WARNING] /tmp/tmpz13zag6h/transit-java/src/test/java/com/cognitect/transit/TransitTest.java:[452,14] unchecked call to add(E) as a member of the raw type java.util.List
[WARNING] /tmp/tmpz13zag6h/transit-java/src/test/java/com/cognitect/transit/TransitTest.java:[453,14] unchecked call to add(E) as a member of the raw type java.util.List
[WARNING] /tmp/tmpz13zag6h/transit-java/src/test/java/com/cognitect/transit/TransitTest.java:[454,14] unchecked call to add(E) as a member of the raw type java.util.List
[WARNING] /tmp/tmpz13zag6h/transit-java/src/test/java/com/cognitect/transit/TransitTest.java:[474,14] unchecked call to put(K,V) as a member of the raw type java.util.Map
[WARNING] /tmp/tmpz13zag6h/transit-java/src/test/java/com/cognitect/transit/TransitTest.java:[478,15] unchecked call to put(K,V) as a member of the raw type java.util.Map
[WARNING] /tmp/tmpz13zag6h/transit-java/src/test/java/com/cognitect/transit/TransitTest.java:[573,14] unchecked call to add(E) as a member of the raw type java.util.List
[WARNING] /tmp/tmpz13zag6h/transit-java/src/test/java/com/cognitect/transit/TransitTest.java:[574,14] unchecked call to add(E) as a member of the raw type java.util.List
[WARNING] /tmp/tmpz13zag6h/transit-java/src/test/java/com/cognitect/transit/TransitTest.java:[575,14] unchecked call to add(E) as a member of the raw type java.util.List
[WARNING] /tmp/tmpz13zag6h/transit-java/src/test/java/com/cognitect/transit/TransitTest.java:[602,14] unchecked call to put(K,V) as a member of the raw type java.util.Map
[WARNING] /tmp/tmpz13zag6h/transit-java/src/test/java/com/cognitect/transit/TransitTest.java:[603,14] unchecked call to put(K,V) as a member of the raw type java.util.Map
[WARNING] /tmp/tmpz13zag6h/transit-java/src/test/java/com/cognitect/transit/TransitTest.java:[618,14] unchecked call to add(E) as a member of the raw type java.util.Set
[WARNING] /tmp/tmpz13zag6h/transit-java/src/test/java/com/cognitect/transit/TransitTest.java:[619,14] unchecked call to add(E) as a member of the raw type java.util.Set
[WARNING] /tmp/tmpz13zag6h/transit-java/src/test/java/com/cognitect/transit/TransitTest.java:[635,14] unchecked call to add(E) as a member of the raw type java.util.List
[WARNING] /tmp/tmpz13zag6h/transit-java/src/test/java/com/cognitect/transit/TransitTest.java:[636,14] unchecked call to add(E) as a member of the raw type java.util.List
[WARNING] /tmp/tmpz13zag6h/transit-java/src/test/java/com/cognitect/transit/TransitTest.java:[666,14] unchecked call to put(K,V) as a member of the raw type java.util.Map
[WARNING] /tmp/tmpz13zag6h/transit-java/src/test/java/com/cognitect/transit/TransitTest.java:[708,14] unchecked call to add(E) as a member of the raw type java.util.List
[WARNING] /tmp/tmpz13zag6h/transit-java/src/test/java/com/cognitect/transit/TransitTest.java:[712,15] unchecked call to add(E) as a member of the raw type java.util.List
[WARNING] /tmp/tmpz13zag6h/transit-java/src/test/java/com/cognitect/transit/TransitTest.java:[713,15] unchecked call to add(E) as a member of the raw type java.util.List
[WARNING] /tmp/tmpz13zag6h/transit-java/src/test/java/com/cognitect/transit/TransitTest.java:[720,14] unchecked call to put(K,V) as a member of the raw type java.util.Map
[WARNING] /tmp/tmpz13zag6h/transit-java/src/test/java/com/cognitect/transit/TransitTest.java:[721,14] unchecked call to put(K,V) as a member of the raw type java.util.Map
[WARNING] /tmp/tmpz13zag6h/transit-java/src/test/java/com/cognitect/transit/TransitTest.java:[722,14] unchecked call to put(K,V) as a member of the raw type java.util.Map
[WARNING] /tmp/tmpz13zag6h/transit-java/src/test/java/com/cognitect/transit/TransitTest.java:[723,14] unchecked call to put(K,V) as a member of the raw type java.util.Map
[WARNING] /tmp/tmpz13zag6h/transit-java/src/test/java/com/cognitect/transit/TransitTest.java:[734,14] unchecked call to put(K,V) as a member of the raw type java.util.Map
[WARNING] /tmp/tmpz13zag6h/transit-java/src/test/java/com/cognitect/transit/TransitTest.java:[735,14] unchecked call to put(K,V) as a member of the raw type java.util.Map
[WARNING] /tmp/tmpz13zag6h/transit-java/src/test/java/com/cognitect/transit/TransitTest.java:[736,14] unchecked call to put(K,V) as a member of the raw type java.util.Map
[WARNING] /tmp/tmpz13zag6h/transit-java/src/test/java/com/cognitect/transit/TransitTest.java:[737,14] unchecked call to put(K,V) as a member of the raw type java.util.Map
[WARNING] /tmp/tmpz13zag6h/transit-java/src/test/java/com/cognitect/transit/TransitTest.java:[839,15] unchecked call to put(K,V) as a member of the raw type java.util.Map
[WARNING] /tmp/tmpz13zag6h/transit-java/src/test/java/com/cognitect/transit/TransitMPTest.java:[78,16] unchecked call to put(K,V) as a member of the raw type java.util.HashMap
[WARNING] /tmp/tmpz13zag6h/transit-java/src/test/java/com/cognitect/transit/TransitMPTest.java:[79,16] unchecked call to put(K,V) as a member of the raw type java.util.HashMap
[WARNING] /tmp/tmpz13zag6h/transit-java/src/test/java/com/cognitect/transit/TransitMPTest.java:[97,16] unchecked call to add(E) as a member of the raw type java.util.ArrayList
[WARNING] /tmp/tmpz13zag6h/transit-java/src/test/java/com/cognitect/transit/TransitMPTest.java:[98,16] unchecked call to add(E) as a member of the raw type java.util.ArrayList
[WARNING] /tmp/tmpz13zag6h/transit-java/src/test/java/com/cognitect/transit/TransitMPTest.java:[99,16] unchecked call to add(E) as a member of the raw type java.util.ArrayList
[WARNING] /tmp/tmpz13zag6h/transit-java/src/test/java/com/cognitect/transit/TransitMPTest.java:[160,16] unchecked call to put(K,V) as a member of the raw type java.util.HashMap
[WARNING] /tmp/tmpz13zag6h/transit-java/src/test/java/com/cognitect/transit/TransitMPTest.java:[175,16] unchecked call to add(E) as a member of the raw type java.util.ArrayList
[WARNING] /tmp/tmpz13zag6h/transit-java/src/test/java/com/cognitect/transit/TransitMPTest.java:[177,20] unchecked call to add(E) as a member of the raw type java.util.ArrayList
[WARNING] /tmp/tmpz13zag6h/transit-java/src/test/java/com/cognitect/transit/TransitMPTest.java:[178,20] unchecked call to add(E) as a member of the raw type java.util.ArrayList
[WARNING] /tmp/tmpz13zag6h/transit-java/src/test/java/com/cognitect/transit/TransitMPTest.java:[176,16] unchecked call to add(E) as a member of the raw type java.util.ArrayList
[WARNING] /tmp/tmpz13zag6h/transit-java/src/test/java/com/cognitect/transit/TransitMPTest.java:[230,16] unchecked call to put(K,V) as a member of the raw type java.util.HashMap
[WARNING] /tmp/tmpz13zag6h/transit-java/src/test/java/com/cognitect/transit/TransitMPTest.java:[251,16] unchecked call to add(E) as a member of the raw type java.util.ArrayList
[WARNING] /tmp/tmpz13zag6h/transit-java/src/test/java/com/cognitect/transit/TransitMPTest.java:[252,16] unchecked call to add(E) as a member of the raw type java.util.ArrayList
[WARNING] /tmp/tmpz13zag6h/transit-java/src/test/java/com/cognitect/transit/TransitMPTest.java:[253,16] unchecked call to add(E) as a member of the raw type java.util.ArrayList
[WARNING] /tmp/tmpz13zag6h/transit-java/src/test/java/com/cognitect/transit/TransitMPTest.java:[254,16] unchecked call to add(E) as a member of the raw type java.util.ArrayList
[WARNING] /tmp/tmpz13zag6h/transit-java/src/test/java/com/cognitect/transit/TransitMPTest.java:[255,16] unchecked call to add(E) as a member of the raw type java.util.ArrayList
[WARNING] /tmp/tmpz13zag6h/transit-java/src/test/java/com/cognitect/transit/TransitMPTest.java:[271,16] unchecked call to add(E) as a member of the raw type java.util.ArrayList
[WARNING] /tmp/tmpz13zag6h/transit-java/src/test/java/com/cognitect/transit/TransitMPTest.java:[272,16] unchecked call to add(E) as a member of the raw type java.util.ArrayList
[WARNING] /tmp/tmpz13zag6h/transit-java/src/test/java/com/cognitect/transit/TransitMPTest.java:[273,16] unchecked call to add(E) as a member of the raw type java.util.ArrayList
[WARNING] /tmp/tmpz13zag6h/transit-java/src/test/java/com/cognitect/transit/TransitMPTest.java:[290,16] unchecked call to add(E) as a member of the raw type java.util.ArrayList
[WARNING] /tmp/tmpz13zag6h/transit-java/src/test/java/com/cognitect/transit/TransitMPTest.java:[291,16] unchecked call to add(E) as a member of the raw type java.util.ArrayList
[WARNING] /tmp/tmpz13zag6h/transit-java/src/test/java/com/cognitect/transit/TransitMPTest.java:[292,16] unchecked call to add(E) as a member of the raw type java.util.ArrayList
[WARNING] /tmp/tmpz13zag6h/transit-java/src/test/java/com/cognitect/transit/TransitMPTest.java:[293,16] unchecked call to add(E) as a member of the raw type java.util.ArrayList
[WARNING] /tmp/tmpz13zag6h/transit-java/src/test/java/com/cognitect/transit/TransitMPTest.java:[307,16] unchecked call to put(K,V) as a member of the raw type java.util.HashMap
[WARNING] /tmp/tmpz13zag6h/transit-java/src/test/java/com/cognitect/transit/TransitMPTest.java:[308,16] unchecked call to put(K,V) as a member of the raw type java.util.HashMap
[WARNING] /tmp/tmpz13zag6h/transit-java/src/test/java/com/cognitect/transit/TransitMPTest.java:[324,16] unchecked call to put(K,V) as a member of the raw type java.util.HashMap
[WARNING] /tmp/tmpz13zag6h/transit-java/src/test/java/com/cognitect/transit/TransitMPTest.java:[325,16] unchecked call to put(K,V) as a member of the raw type java.util.HashMap
[WARNING] /tmp/tmpz13zag6h/transit-java/src/test/java/com/cognitect/transit/TransitMPTest.java:[341,16] unchecked call to put(K,V) as a member of the raw type java.util.HashMap
[WARNING] /tmp/tmpz13zag6h/transit-java/src/test/java/com/cognitect/transit/TransitMPTest.java:[357,16] unchecked call to put(K,V) as a member of the raw type java.util.HashMap
[WARNING] /tmp/tmpz13zag6h/transit-java/src/test/java/com/cognitect/transit/TransitMPTest.java:[374,16] unchecked call to put(K,V) as a member of the raw type java.util.HashMap
[WARNING] /tmp/tmpz13zag6h/transit-java/src/test/java/com/cognitect/transit/TransitMPTest.java:[389,16] unchecked call to put(K,V) as a member of the raw type java.util.HashMap
[WARNING] /tmp/tmpz13zag6h/transit-java/src/test/java/com/cognitect/transit/TransitMPTest.java:[393,16] unchecked call to put(K,V) as a member of the raw type java.util.HashMap
[WARNING] /tmp/tmpz13zag6h/transit-java/src/test/java/com/cognitect/transit/TransitMPTest.java:[397,16] unchecked call to add(E) as a member of the raw type java.util.ArrayList
[WARNING] /tmp/tmpz13zag6h/transit-java/src/test/java/com/cognitect/transit/TransitMPTest.java:[398,16] unchecked call to add(E) as a member of the raw type java.util.ArrayList
[WARNING] /tmp/tmpz13zag6h/transit-java/src/test/java/com/cognitect/transit/TransitMPTest.java:[399,16] unchecked call to add(E) as a member of the raw type java.util.ArrayList
[WARNING] /tmp/tmpz13zag6h/transit-java/src/test/java/com/cognitect/transit/TransitMPTest.java:[400,16] unchecked call to add(E) as a member of the raw type java.util.ArrayList
[WARNING] /tmp/tmpz13zag6h/transit-java/src/test/java/com/cognitect/transit/TransitMPTest.java:[404,16] unchecked call to put(K,V) as a member of the raw type java.util.HashMap
[WARNING] /tmp/tmpz13zag6h/transit-java/src/test/java/com/cognitect/transit/TransitMPTest.java:[411,54] unchecked conversion
  required: java.util.Iterator<java.util.Map.Entry>
  found:    java.util.Iterator
[WARNING] /tmp/tmpz13zag6h/transit-java/src/test/java/com/cognitect/transit/TransitMPTest.java:[450,16] unchecked call to write(T) as a member of the raw type com.cognitect.transit.Writer
[WARNING] /tmp/tmpz13zag6h/transit-java/src/test/java/com/cognitect/transit/TransitMPTest.java:[459,16] unchecked call to write(T) as a member of the raw type com.cognitect.transit.Writer
[WARNING] /tmp/tmpz13zag6h/transit-java/src/test/java/com/cognitect/transit/TransitMPTest.java:[460,16] unchecked call to write(T) as a member of the raw type com.cognitect.transit.Writer
[WARNING] /tmp/tmpz13zag6h/transit-java/src/test/java/com/cognitect/transit/TransitMPTest.java:[461,16] unchecked call to write(T) as a member of the raw type com.cognitect.transit.Writer
[WARNING] /tmp/tmpz13zag6h/transit-java/src/test/java/com/cognitect/transit/TransitMPTest.java:[462,16] unchecked call to write(T) as a member of the raw type com.cognitect.transit.Writer
[WARNING] /tmp/tmpz13zag6h/transit-java/src/test/java/com/cognitect/transit/TransitMPTest.java:[463,16] unchecked call to write(T) as a member of the raw type com.cognitect.transit.Writer
[WARNING] /tmp/tmpz13zag6h/transit-java/src/test/java/com/cognitect/transit/TransitMPTest.java:[464,16] unchecked call to write(T) as a member of the raw type com.cognitect.transit.Writer
[WARNING] /tmp/tmpz13zag6h/transit-java/src/test/java/com/cognitect/transit/TransitJSONMachineModeTest.java:[92,16] unchecked call to write(T) as a member of the raw type com.cognitect.transit.Writer
[WARNING] /tmp/tmpz13zag6h/transit-java/src/test/java/com/cognitect/transit/TransitJSONMachineModeTest.java:[110,16] unchecked call to write(T) as a member of the raw type com.cognitect.transit.Writer
[WARNING] /tmp/tmpz13zag6h/transit-java/src/test/java/com/cognitect/transit/TransitJSONMachineModeTest.java:[121,14] unchecked call to put(K,V) as a member of the raw type java.util.Map
[WARNING] /tmp/tmpz13zag6h/transit-java/src/test/java/com/cognitect/transit/TransitJSONMachineModeTest.java:[126,15] unchecked call to put(K,V) as a member of the raw type java.util.Map
[WARNING] /tmp/tmpz13zag6h/transit-java/src/test/java/com/cognitect/transit/TransitJSONMachineModeTest.java:[127,15] unchecked call to put(K,V) as a member of the raw type java.util.Map
[WARNING] /tmp/tmpz13zag6h/transit-java/src/test/java/com/cognitect/transit/TransitJSONMachineModeTest.java:[147,40] unchecked call to add(E) as a member of the raw type java.util.ArrayList
[WARNING] /tmp/tmpz13zag6h/transit-java/src/test/java/com/cognitect/transit/TransitJSONMachineModeTest.java:[168,41] unchecked call to add(E) as a member of the raw type java.util.ArrayList
[WARNING] /tmp/tmpz13zag6h/transit-java/src/test/java/com/cognitect/transit/TestRoundtrip.java:[39,29] unchecked call to write(T) as a member of the raw type com.cognitect.transit.Writer
[WARNING] /tmp/tmpz13zag6h/transit-java/src/test/java/com/cognitect/transit/TestRoundtrip.java:[43,25] unchecked call to write(T) as a member of the raw type com.cognitect.transit.Writer
[INFO] 
[INFO] --- maven-surefire-plugin:2.19.1:test (default-test) @ transit-java ---
[INFO] Surefire report directory: /tmp/tmpz13zag6h/transit-java/target/surefire-reports

-------------------------------------------------------
 T E S T S
-------------------------------------------------------
Running com.cognitect.transit.TransitMPTest
Tests run: 26, Failures: 0, Errors: 0, Skipped: 0, Time elapsed: 1.082 sec - in com.cognitect.transit.TransitMPTest
Running com.cognitect.transit.TransitTest
":db/ident"
Tests run: 74, Failures: 0, Errors: 0, Skipped: 0, Time elapsed: 0.239 sec - in com.cognitect.transit.TransitTest
Running com.cognitect.transit.TransitJSONMachineModeTest
Tests run: 8, Failures: 0, Errors: 0, Skipped: 0, Time elapsed: 0 sec - in com.cognitect.transit.TransitJSONMachineModeTest
Running com.cognitect.transit.TestRoundtrip
Tests run: 0, Failures: 0, Errors: 0, Skipped: 0, Time elapsed: 0 sec - in com.cognitect.transit.TestRoundtrip

Results :

Tests run: 108, Failures: 0, Errors: 0, Skipped: 0

[INFO] 
[INFO] --- jacoco-maven-plugin:0.8.5:report (report) @ transit-java ---
[INFO] Loading execution data file /tmp/tmpz13zag6h/transit-java/target/jacoco.exec
[INFO] Analyzed bundle 'transit-java' with 163 classes
[INFO] ------------------------------------------------------------------------
[INFO] BUILD SUCCESS
[INFO] ------------------------------------------------------------------------
[INFO] Total time:  26.001 s
[INFO] Finished at: 2020-07-30T22:30:41Z
[INFO] ------------------------------------------------------------------------
