[INFO] Error stacktraces are turned on.
[INFO] Scanning for projects...
[INFO] 
[INFO] ------< com.araj.cucumber.elasticsearch:cucelastic-maven-plugin >-------
[INFO] Building Cucumber Elastic Search Plugin 1.0
[INFO] ----------------------------[ maven-plugin ]----------------------------
[INFO] 
[INFO] --- jacoco-maven-plugin:0.8.5:prepare-agent (default) @ cucelastic-maven-plugin ---
[INFO] argLine set to -javaagent:/home/jdbl/.m2/repository/org/jacoco/org.jacoco.agent/0.8.5/org.jacoco.agent-0.8.5-runtime.jar=destfile=/tmp/tmpcoyr248_/cucelastic-maven-plugin/target/jacoco.exec
[INFO] 
[INFO] --- maven-resources-plugin:2.6:resources (default-resources) @ cucelastic-maven-plugin ---
[INFO] Using 'UTF-8' encoding to copy filtered resources.
[INFO] skip non existing resourceDirectory /tmp/tmpcoyr248_/cucelastic-maven-plugin/src/main/resources
[INFO] 
[INFO] --- maven-compiler-plugin:3.6.1:compile (default-compile) @ cucelastic-maven-plugin ---
[INFO] Changes detected - recompiling the module!
[INFO] Compiling 38 source files to /tmp/tmpcoyr248_/cucelastic-maven-plugin/target/classes
[INFO] 
[INFO] --- maven-plugin-plugin:3.4:descriptor (default-descriptor) @ cucelastic-maven-plugin ---
[INFO] Using 'UTF-8' encoding to read mojo metadata.
[INFO] Mojo extractor with id: java-javadoc found 0 mojo descriptors.
[INFO] Mojo extractor with id: java-annotations found 1 mojo descriptors.
[INFO] 
[INFO] --- maven-plugin-plugin:3.4:descriptor (mojo-descriptor) @ cucelastic-maven-plugin ---
[INFO] Using 'UTF-8' encoding to read mojo metadata.
[INFO] Mojo extractor with id: java-javadoc found 0 mojo descriptors.
[INFO] Mojo extractor with id: java-annotations found 1 mojo descriptors.
[INFO] 
[INFO] --- maven-plugin-plugin:3.4:helpmojo (help-descriptor) @ cucelastic-maven-plugin ---
[INFO] Using 'UTF-8' encoding to read mojo metadata.
[INFO] Mojo extractor with id: java-javadoc found 0 mojo descriptors.
[INFO] Mojo extractor with id: java-annotations found 1 mojo descriptors.
[INFO] 
[INFO] --- maven-resources-plugin:2.6:testResources (default-testResources) @ cucelastic-maven-plugin ---
[INFO] Using 'UTF-8' encoding to copy filtered resources.
[INFO] skip non existing resourceDirectory /tmp/tmpcoyr248_/cucelastic-maven-plugin/src/test/resources
[INFO] 
[INFO] --- maven-compiler-plugin:3.6.1:testCompile (default-testCompile) @ cucelastic-maven-plugin ---
[INFO] Changes detected - recompiling the module!
[INFO] Compiling 19 source files to /tmp/tmpcoyr248_/cucelastic-maven-plugin/target/test-classes
[INFO] 
[INFO] --- maven-surefire-plugin:2.19.1:test (default-test) @ cucelastic-maven-plugin ---
[INFO] Surefire report directory: /tmp/tmpcoyr248_/cucelastic-maven-plugin/target/surefire-reports

-------------------------------------------------------
 T E S T S
-------------------------------------------------------
Running com.araj.cucumber.elasticsearch.utils.ReportGeneratorTest
Tests run: 1, Failures: 0, Errors: 0, Skipped: 0, Time elapsed: 0.946 sec - in com.araj.cucumber.elasticsearch.utils.ReportGeneratorTest
Running com.araj.cucumber.elasticsearch.json.JsonPojoConverterTest
Tests run: 3, Failures: 0, Errors: 0, Skipped: 0, Time elapsed: 0.199 sec - in com.araj.cucumber.elasticsearch.json.JsonPojoConverterTest
Running com.araj.cucumber.elasticsearch.json.postprocessors.ReportPostProcessorTest
Tests run: 2, Failures: 0, Errors: 0, Skipped: 0, Time elapsed: 0 sec - in com.araj.cucumber.elasticsearch.json.postprocessors.ReportPostProcessorTest
Running com.araj.cucumber.elasticsearch.json.postprocessors.ElementPostProcessorTest
Tests run: 4, Failures: 0, Errors: 0, Skipped: 0, Time elapsed: 0.086 sec - in com.araj.cucumber.elasticsearch.json.postprocessors.ElementPostProcessorTest
Running com.araj.cucumber.elasticsearch.json.pojo.ResultTest
Tests run: 2, Failures: 0, Errors: 0, Skipped: 0, Time elapsed: 0.002 sec - in com.araj.cucumber.elasticsearch.json.pojo.ResultTest
Running com.araj.cucumber.elasticsearch.json.pojo.ElementTest
Tests run: 14, Failures: 0, Errors: 0, Skipped: 0, Time elapsed: 0.004 sec - in com.araj.cucumber.elasticsearch.json.pojo.ElementTest
Running com.araj.cucumber.elasticsearch.json.pojo.ReportTest
Tests run: 1, Failures: 0, Errors: 0, Skipped: 0, Time elapsed: 0 sec - in com.araj.cucumber.elasticsearch.json.pojo.ReportTest
Running com.araj.cucumber.elasticsearch.json.pojo.ResultMatchTest
Tests run: 7, Failures: 0, Errors: 0, Skipped: 0, Time elapsed: 0.001 sec - in com.araj.cucumber.elasticsearch.json.pojo.ResultMatchTest
Running com.araj.cucumber.elasticsearch.json.pojo.PojoTest
Jul 30, 2020 8:12:28 PM com.openpojo.log.impl.JavaLogger warn
WARNING: Failed to load entries from: [/tmp/tmpcoyr248_/cucelastic-maven-plugin/target/test-classes]
Jul 30, 2020 8:12:28 PM com.openpojo.log.impl.JavaLogger warn
WARNING: Failed to load entries from: [/tmp/tmpcoyr248_/cucelastic-maven-plugin/target/classes]
Jul 30, 2020 8:12:28 PM com.openpojo.log.impl.JavaLogger warn
WARNING: Failed to load entries from: [/usr/java/packages/lib/amd64]
Jul 30, 2020 8:12:28 PM com.openpojo.log.impl.JavaLogger warn
WARNING: Failed to load entries from: [/usr/lib64]
Jul 30, 2020 8:12:28 PM com.openpojo.log.impl.JavaLogger warn
WARNING: Failed to load entries from: [/lib64]
Jul 30, 2020 8:12:28 PM com.openpojo.log.impl.JavaLogger warn
WARNING: Failed to load entries from: [/lib]
Jul 30, 2020 8:12:28 PM com.openpojo.log.impl.JavaLogger warn
WARNING: Failed to load entries from: [/usr/lib]
Jul 30, 2020 8:12:28 PM com.openpojo.log.impl.JavaLogger warn
WARNING: Failed to load entries from: [/tmp/tmpcoyr248_/cucelastic-maven-plugin/target/test-classes]
Jul 30, 2020 8:12:28 PM com.openpojo.log.impl.JavaLogger warn
WARNING: Failed to load entries from: [/tmp/tmpcoyr248_/cucelastic-maven-plugin/target/classes]
Jul 30, 2020 8:12:28 PM com.openpojo.log.impl.JavaLogger warn
WARNING: Failed to load entries from: [/usr/local/openjdk-8/jre/lib/ext]
Jul 30, 2020 8:12:28 PM com.openpojo.log.impl.JavaLogger warn
WARNING: Failed to load entries from: [/usr/java/packages/lib/ext]
Jul 30, 2020 8:12:28 PM com.openpojo.log.impl.JavaLogger warn
WARNING: Attempt to validate synthetic class=[class com.araj.cucumber.elasticsearch.json.pojo.ResultMatch$1] ignored, consider using FilterSyntheticClasses filter when calling PojoClassFactory
Tests run: 2, Failures: 0, Errors: 0, Skipped: 0, Time elapsed: 0.141 sec - in com.araj.cucumber.elasticsearch.json.pojo.PojoTest
Running com.araj.cucumber.elasticsearch.exceptions.properties.WrongOrMissingPropertyExceptionTest
Tests run: 1, Failures: 0, Errors: 0, Skipped: 0, Time elapsed: 0 sec - in com.araj.cucumber.elasticsearch.exceptions.properties.WrongOrMissingPropertyExceptionTest
Running com.araj.cucumber.elasticsearch.exceptions.CucElasticPluginExceptionTest
Tests run: 1, Failures: 0, Errors: 0, Skipped: 0, Time elapsed: 0 sec - in com.araj.cucumber.elasticsearch.exceptions.CucElasticPluginExceptionTest
Running com.araj.cucumber.elasticsearch.exceptions.filesystem.FileCreationExceptionTest
Tests run: 1, Failures: 0, Errors: 0, Skipped: 0, Time elapsed: 0 sec - in com.araj.cucumber.elasticsearch.exceptions.filesystem.FileCreationExceptionTest
Running com.araj.cucumber.elasticsearch.exceptions.filesystem.MissingFileExceptionTest
Tests run: 1, Failures: 0, Errors: 0, Skipped: 0, Time elapsed: 0 sec - in com.araj.cucumber.elasticsearch.exceptions.filesystem.MissingFileExceptionTest
Running com.araj.cucumber.elasticsearch.CucElasticPluginTest
Tests run: 2, Failures: 0, Errors: 0, Skipped: 0, Time elapsed: 0.101 sec - in com.araj.cucumber.elasticsearch.CucElasticPluginTest
Running com.araj.cucumber.elasticsearch.properties.PropertyManagerTest
Tests run: 4, Failures: 0, Errors: 0, Skipped: 0, Time elapsed: 0.004 sec - in com.araj.cucumber.elasticsearch.properties.PropertyManagerTest
Running com.araj.cucumber.elasticsearch.files.FileSystemManagerTest
Tests run: 2, Failures: 0, Errors: 0, Skipped: 0, Time elapsed: 0.016 sec - in com.araj.cucumber.elasticsearch.files.FileSystemManagerTest
Running com.araj.cucumber.elasticsearch.files.FileIOTest
Tests run: 5, Failures: 0, Errors: 0, Skipped: 0, Time elapsed: 0.002 sec - in com.araj.cucumber.elasticsearch.files.FileIOTest
Running com.araj.cucumber.elasticsearch.logging.CluecumberLoggerTest
Tests run: 2, Failures: 0, Errors: 0, Skipped: 0, Time elapsed: 0.013 sec - in com.araj.cucumber.elasticsearch.logging.CluecumberLoggerTest
Running com.araj.cucumber.elasticsearch.constants.StatusTest
Tests run: 3, Failures: 0, Errors: 0, Skipped: 0, Time elapsed: 0.001 sec - in com.araj.cucumber.elasticsearch.constants.StatusTest

Results :

Tests run: 58, Failures: 0, Errors: 0, Skipped: 0

[INFO] 
[INFO] --- jacoco-maven-plugin:0.8.5:report (report) @ cucelastic-maven-plugin ---
[INFO] Loading execution data file /tmp/tmpcoyr248_/cucelastic-maven-plugin/target/jacoco.exec
[INFO] Analyzed bundle 'Cucumber Elastic Search Plugin' with 252 classes
[INFO] ------------------------------------------------------------------------
[INFO] BUILD SUCCESS
[INFO] ------------------------------------------------------------------------
[INFO] Total time:  13.687 s
[INFO] Finished at: 2020-07-30T20:12:29Z
[INFO] ------------------------------------------------------------------------
