[INFO] Error stacktraces are turned on.
[INFO] Scanning for projects...
[INFO] 
[INFO] ------------------< com.github.horrorho:LiquidDonkey >------------------
[INFO] Building LiquidDonkey 0.2.0-SNAPSHOT
[INFO] --------------------------------[ jar ]---------------------------------
[INFO] 
[INFO] --- jacoco-maven-plugin:0.8.5:prepare-agent (default) @ LiquidDonkey ---
[INFO] argLine set to -javaagent:/home/jdbl/.m2/repository/org/jacoco/org.jacoco.agent/0.8.5/org.jacoco.agent-0.8.5-runtime.jar=destfile=/tmp/tmpt7th1ep2/LiquidDonkey/target/jacoco.exec
[INFO] 
[INFO] --- maven-resources-plugin:2.6:resources (default-resources) @ LiquidDonkey ---
[INFO] Using 'UTF-8' encoding to copy filtered resources.
[INFO] Copying 5 resources
[INFO] 
[INFO] --- maven-compiler-plugin:3.1:compile (default-compile) @ LiquidDonkey ---
[INFO] Changes detected - recompiling the module!
[INFO] Compiling 100 source files to /tmp/tmpt7th1ep2/LiquidDonkey/target/classes
[WARNING] /tmp/tmpt7th1ep2/LiquidDonkey/src/main/java/com/github/horrorho/liquiddonkey/cloud/data/PropertyLists.java: Some input files use unchecked or unsafe operations.
[WARNING] /tmp/tmpt7th1ep2/LiquidDonkey/src/main/java/com/github/horrorho/liquiddonkey/cloud/data/PropertyLists.java: Recompile with -Xlint:unchecked for details.
[INFO] 
[INFO] --- maven-resources-plugin:2.6:testResources (default-testResources) @ LiquidDonkey ---
[INFO] Using 'UTF-8' encoding to copy filtered resources.
[INFO] skip non existing resourceDirectory /tmp/tmpt7th1ep2/LiquidDonkey/src/test/resources
[INFO] 
[INFO] --- maven-compiler-plugin:3.1:testCompile (default-testCompile) @ LiquidDonkey ---
[INFO] Changes detected - recompiling the module!
[INFO] Compiling 9 source files to /tmp/tmpt7th1ep2/LiquidDonkey/target/test-classes
[WARNING] /tmp/tmpt7th1ep2/LiquidDonkey/src/test/java/com/github/horrorho/liquiddonkey/util/BiMapSetTest.java: Some input files use unchecked or unsafe operations.
[WARNING] /tmp/tmpt7th1ep2/LiquidDonkey/src/test/java/com/github/horrorho/liquiddonkey/util/BiMapSetTest.java: Recompile with -Xlint:unchecked for details.
[INFO] 
[INFO] --- maven-surefire-plugin:2.19.1:test (default-test) @ LiquidDonkey ---
[INFO] Surefire report directory: /tmp/tmpt7th1ep2/LiquidDonkey/target/surefire-reports

-------------------------------------------------------
 T E S T S
-------------------------------------------------------
Running com.github.horrorho.liquiddonkey.cloud.file.SnapshotDirectoryTest
Tests run: 10, Failures: 0, Errors: 0, Skipped: 0, Time elapsed: 1.17 sec - in com.github.horrorho.liquiddonkey.cloud.file.SnapshotDirectoryTest
Running com.github.horrorho.liquiddonkey.cloud.SnapshotIdReferencesTest
Tests run: 26, Failures: 0, Errors: 0, Skipped: 0, Time elapsed: 1.112 sec - in com.github.horrorho.liquiddonkey.cloud.SnapshotIdReferencesTest
Running com.github.horrorho.liquiddonkey.util.SelectorTest
Tests run: 23, Failures: 0, Errors: 0, Skipped: 0, Time elapsed: 0.23 sec - in com.github.horrorho.liquiddonkey.util.SelectorTest
Running com.github.horrorho.liquiddonkey.util.BiMapSetTest
Tests run: 30, Failures: 0, Errors: 0, Skipped: 0, Time elapsed: 0.259 sec - in com.github.horrorho.liquiddonkey.util.BiMapSetTest
Running com.github.horrorho.liquiddonkey.crypto.PBKDF2Test
Tests run: 4, Failures: 0, Errors: 0, Skipped: 0, Time elapsed: 0.134 sec - in com.github.horrorho.liquiddonkey.crypto.PBKDF2Test
Running com.github.horrorho.liquiddonkey.crypto.Curve25519Test
Tests run: 1, Failures: 0, Errors: 0, Skipped: 0, Time elapsed: 0.052 sec - in com.github.horrorho.liquiddonkey.crypto.Curve25519Test
Running com.github.horrorho.liquiddonkey.crypto.AESWrapTest
Tests run: 2, Failures: 0, Errors: 0, Skipped: 0, Time elapsed: 0.02 sec - in com.github.horrorho.liquiddonkey.crypto.AESWrapTest
Running com.github.horrorho.liquiddonkey.settings.commandline.CommandLinePropertiesFactoryTest
Tests run: 64, Failures: 0, Errors: 0, Skipped: 0, Time elapsed: 0.566 sec - in com.github.horrorho.liquiddonkey.settings.commandline.CommandLinePropertiesFactoryTest
Running com.github.horrorho.liquiddonkey.settings.commandline.CommandLineConfigFactoryTest
Tests run: 41, Failures: 0, Errors: 0, Skipped: 0, Time elapsed: 0.549 sec - in com.github.horrorho.liquiddonkey.settings.commandline.CommandLineConfigFactoryTest

Results :

Tests run: 201, Failures: 0, Errors: 0, Skipped: 0

[INFO] 
[INFO] --- jacoco-maven-plugin:0.8.5:report (report) @ LiquidDonkey ---
[INFO] Loading execution data file /tmp/tmpt7th1ep2/LiquidDonkey/target/jacoco.exec
[INFO] Analyzed bundle 'LiquidDonkey' with 237 classes
[INFO] ------------------------------------------------------------------------
[INFO] BUILD SUCCESS
[INFO] ------------------------------------------------------------------------
[INFO] Total time:  28.514 s
[INFO] Finished at: 2020-07-30T20:07:20Z
[INFO] ------------------------------------------------------------------------
