[INFO] Error stacktraces are turned on.
[INFO] Scanning for projects...
[INFO] 
[INFO] ----------------------< com.sparkjava:spark-core >----------------------
[INFO] Building Spark 2.6.0
[INFO] -------------------------------[ bundle ]-------------------------------
[INFO] 
[INFO] --- maven-enforcer-plugin:1.4:enforce (enforce-maven) @ spark-core ---
[INFO] 
[INFO] --- maven-enforcer-plugin:1.4:enforce (enforce-java) @ spark-core ---
[INFO] 
[INFO] --- maven-resources-plugin:3.1.0:resources (default-resources) @ spark-core ---
[INFO] Using 'UTF-8' encoding to copy filtered resources.
[INFO] skip non existing resourceDirectory /tmp/tmpsd8fqs5c/spark/src/main/resources
[INFO] Copying 0 resource
[INFO] 
[INFO] --- maven-compiler-plugin:3.3:compile (default-compile) @ spark-core ---
[INFO] Changes detected - recompiling the module!
[INFO] Compiling 95 source files to /tmp/tmpsd8fqs5c/spark/target/classes
[INFO] /tmp/tmpsd8fqs5c/spark/src/main/java/spark/staticfiles/MimeType.java: Some input files use unchecked or unsafe operations.
[INFO] /tmp/tmpsd8fqs5c/spark/src/main/java/spark/staticfiles/MimeType.java: Recompile with -Xlint:unchecked for details.
[INFO] 
[INFO] --- maven-resources-plugin:3.1.0:testResources (default-testResources) @ spark-core ---
[INFO] Using 'UTF-8' encoding to copy filtered resources.
[INFO] Copying 12 resources
[INFO] 
[INFO] --- maven-compiler-plugin:3.3:testCompile (default-testCompile) @ spark-core ---
[INFO] Changes detected - recompiling the module!
[INFO] Compiling 79 source files to /tmp/tmpsd8fqs5c/spark/target/test-classes
[INFO] /tmp/tmpsd8fqs5c/spark/src/test/java/spark/StaticFilesMemberTest.java: /tmp/tmpsd8fqs5c/spark/src/test/java/spark/StaticFilesMemberTest.java uses unchecked or unsafe operations.
[INFO] /tmp/tmpsd8fqs5c/spark/src/test/java/spark/StaticFilesMemberTest.java: Recompile with -Xlint:unchecked for details.
[INFO] 
[INFO] --- maven-surefire-plugin:2.18.1:test (default-test) @ spark-core ---
[INFO] Surefire report directory: /tmp/tmpsd8fqs5c/spark/target/surefire-reports

-------------------------------------------------------
 T E S T S
-------------------------------------------------------
Running spark.RequestTest
Tests run: 35, Failures: 0, Errors: 0, Skipped: 0, Time elapsed: 0.223 sec - in spark.RequestTest
Running spark.resource.UriPathTest
Tests run: 1, Failures: 0, Errors: 0, Skipped: 0, Time elapsed: 0.005 sec - in spark.resource.UriPathTest
Running spark.QueryParamsMapTest
Tests run: 8, Failures: 0, Errors: 0, Skipped: 0, Time elapsed: 0.01 sec - in spark.QueryParamsMapTest
Running spark.staticfiles.StaticFilesTest
[main] INFO spark.staticfiles.StaticFilesConfiguration - StaticResourceHandler configured with folder = /public
[main] INFO spark.staticfiles.StaticFilesConfiguration - External StaticResourceHandler configured with folder = /tmp
[main] WARN spark.staticfiles.StaticFilesFolder - Registering external static files folder [/tmp] as [/tmp].
[Thread-1] INFO org.eclipse.jetty.util.log - Logging initialized @568ms to org.eclipse.jetty.util.log.Slf4jLog
[Thread-1] INFO spark.embeddedserver.jetty.EmbeddedJettyServer - == Spark has ignited ...
[Thread-1] INFO spark.embeddedserver.jetty.EmbeddedJettyServer - >> Listening on 0.0.0.0:4567
[Thread-1] INFO org.eclipse.jetty.server.Server - jetty-9.4.4.v20170414
[Thread-1] INFO org.eclipse.jetty.server.session - DefaultSessionIdManager workerName=node0
[Thread-1] INFO org.eclipse.jetty.server.session - No SessionScavenger set, using defaults
[Thread-1] INFO org.eclipse.jetty.server.session - Scavenging every 660000ms
[Thread-1] INFO org.eclipse.jetty.server.AbstractConnector - Started ServerConnector@31613229{HTTP/1.1,[http/1.1]}{0.0.0.0:4567}
[Thread-1] INFO org.eclipse.jetty.server.Server - Started @677ms
[Thread-15] INFO spark.embeddedserver.jetty.EmbeddedJettyServer - >>> Spark shutting down ...
Tests run: 8, Failures: 0, Errors: 0, Skipped: 0, Time elapsed: 0.619 sec - in spark.staticfiles.StaticFilesTest
[Thread-15] INFO org.eclipse.jetty.server.AbstractConnector - Stopped ServerConnector@31613229{HTTP/1.1,[http/1.1]}{0.0.0.0:4567}
Running spark.staticfiles.DisableMimeGuessingTest
[main] INFO spark.staticfiles.StaticFilesConfiguration - StaticResourceHandler configured with folder = /public
[main] INFO spark.staticfiles.StaticFilesConfiguration - External StaticResourceHandler configured with folder = /tmp
[main] WARN spark.staticfiles.StaticFilesFolder - Registering external static files folder [/tmp] as [/tmp].
[Thread-1] INFO org.eclipse.jetty.util.log - Logging initialized @472ms to org.eclipse.jetty.util.log.Slf4jLog
[Thread-1] INFO spark.embeddedserver.jetty.EmbeddedJettyServer - == Spark has ignited ...
[Thread-1] INFO spark.embeddedserver.jetty.EmbeddedJettyServer - >> Listening on 0.0.0.0:4567
[Thread-1] INFO org.eclipse.jetty.server.Server - jetty-9.4.4.v20170414
[Thread-1] INFO org.eclipse.jetty.server.session - DefaultSessionIdManager workerName=node0
[Thread-1] INFO org.eclipse.jetty.server.session - No SessionScavenger set, using defaults
[Thread-1] INFO org.eclipse.jetty.server.session - Scavenging every 660000ms
[Thread-1] INFO org.eclipse.jetty.server.AbstractConnector - Started ServerConnector@3634eff1{HTTP/1.1,[http/1.1]}{0.0.0.0:4567}
[Thread-1] INFO org.eclipse.jetty.server.Server - Started @596ms
[Thread-15] INFO spark.embeddedserver.jetty.EmbeddedJettyServer - >>> Spark shutting down ...
Tests run: 2, Failures: 0, Errors: 0, Skipped: 0, Time elapsed: 0.539 sec - in spark.staticfiles.DisableMimeGuessingTest
Running spark.FilterTest
[Thread-1] INFO org.eclipse.jetty.util.log - Logging initialized @483ms to org.eclipse.jetty.util.log.Slf4jLog
[Thread-1] INFO spark.embeddedserver.jetty.EmbeddedJettyServer - == Spark has ignited ...
[Thread-1] INFO spark.embeddedserver.jetty.EmbeddedJettyServer - >> Listening on 0.0.0.0:4567
[Thread-1] INFO org.eclipse.jetty.server.Server - jetty-9.4.4.v20170414
[Thread-1] INFO org.eclipse.jetty.server.session - DefaultSessionIdManager workerName=node0
[Thread-1] INFO org.eclipse.jetty.server.session - No SessionScavenger set, using defaults
[Thread-1] INFO org.eclipse.jetty.server.session - Scavenging every 600000ms
[Thread-1] INFO org.eclipse.jetty.server.AbstractConnector - Started ServerConnector@539ff608{HTTP/1.1,[http/1.1]}{0.0.0.0:4567}
[Thread-1] INFO org.eclipse.jetty.server.Server - Started @636ms
Filter matched
[qtp1926430924-23] INFO spark.http.matching.MatcherFilter - The requested route [/justfilter] has not been mapped in Spark for Accept: [text/html]
response.status = 404
Tests run: 1, Failures: 0, Errors: 0, Skipped: 0, Time elapsed: 0.553 sec - in spark.FilterTest
[Thread-14] INFO spark.embeddedserver.jetty.EmbeddedJettyServer - >>> Spark shutting down ...
Running spark.ExceptionMapperTest
Tests run: 2, Failures: 0, Errors: 0, Skipped: 0, Time elapsed: 0.014 sec - in spark.ExceptionMapperTest
Running spark.ResponseTest
Tests run: 19, Failures: 0, Errors: 0, Skipped: 0, Time elapsed: 0.171 sec - in spark.ResponseTest
Running spark.FilterImplTest
Tests run: 4, Failures: 0, Errors: 0, Skipped: 0, Time elapsed: 0.007 sec - in spark.FilterImplTest
Running spark.GenericSecureIntegrationTest
[Thread-1] INFO org.eclipse.jetty.util.log - Logging initialized @518ms to org.eclipse.jetty.util.log.Slf4jLog
[Thread-1] INFO spark.embeddedserver.jetty.EmbeddedJettyServer - == Spark has ignited ...
[Thread-1] INFO spark.embeddedserver.jetty.EmbeddedJettyServer - >> Listening on 0.0.0.0:4567
[Thread-1] INFO org.eclipse.jetty.server.Server - jetty-9.4.4.v20170414
[Thread-1] INFO org.eclipse.jetty.server.session - DefaultSessionIdManager workerName=node0
[Thread-1] INFO org.eclipse.jetty.server.session - No SessionScavenger set, using defaults
[Thread-1] INFO org.eclipse.jetty.server.session - Scavenging every 660000ms
[Thread-1] INFO org.eclipse.jetty.util.ssl.SslContextFactory - x509=X509@d26b991(selfsigned,h=[],w=[]) for SslContextFactory@3ff8cd46(file:///tmp/tmpsd8fqs5c/spark/src/test/resources/keystore.jks,null)
[Thread-1] INFO org.eclipse.jetty.server.AbstractConnector - Started ServerConnector@b88746a{SSL,[ssl, http/1.1]}{0.0.0.0:4567}
[Thread-1] INFO org.eclipse.jetty.server.Server - Started @657ms
[qtp1611369568-23] INFO spark.http.matching.MatcherFilter - The requested route [/no/resource] has not been mapped in Spark for Accept: [text/html]
[main] INFO spark.GenericSecureIntegrationTest - Body was: Fo shizzy
[main] INFO spark.GenericSecureIntegrationTest - Body was: Fo shizzy
[Thread-14] INFO spark.embeddedserver.jetty.EmbeddedJettyServer - >>> Spark shutting down ...
Tests run: 12, Failures: 0, Errors: 0, Skipped: 0, Time elapsed: 0.702 sec - in spark.GenericSecureIntegrationTest
Running spark.GzipTest
[main] INFO spark.staticfiles.StaticFilesConfiguration - StaticResourceHandler configured with folder = /public
[Thread-0] INFO org.eclipse.jetty.util.log - Logging initialized @248ms to org.eclipse.jetty.util.log.Slf4jLog
[Thread-0] INFO spark.embeddedserver.jetty.EmbeddedJettyServer - == Spark has ignited ...
[Thread-0] INFO spark.embeddedserver.jetty.EmbeddedJettyServer - >> Listening on 0.0.0.0:4567
[Thread-0] INFO org.eclipse.jetty.server.Server - jetty-9.4.4.v20170414
[Thread-0] INFO org.eclipse.jetty.server.session - DefaultSessionIdManager workerName=node0
[Thread-0] INFO org.eclipse.jetty.server.session - No SessionScavenger set, using defaults
[Thread-0] INFO org.eclipse.jetty.server.session - Scavenging every 660000ms
[Thread-0] INFO org.eclipse.jetty.server.AbstractConnector - Started ServerConnector@743c376e{HTTP/1.1,[http/1.1]}{0.0.0.0:4567}
[Thread-0] INFO org.eclipse.jetty.server.Server - Started @386ms
[Thread-15] INFO spark.embeddedserver.jetty.EmbeddedJettyServer - >>> Spark shutting down ...
Tests run: 2, Failures: 0, Errors: 0, Skipped: 0, Time elapsed: 0.501 sec - in spark.GzipTest
Running spark.utils.ObjectUtilsTest
Tests run: 2, Failures: 0, Errors: 0, Skipped: 0, Time elapsed: 0.004 sec - in spark.utils.ObjectUtilsTest
Running spark.utils.SparkUtilsTest
Tests run: 5, Failures: 0, Errors: 0, Skipped: 0, Time elapsed: 0.011 sec - in spark.utils.SparkUtilsTest
Running spark.utils.MimeParseTest
Tests run: 2, Failures: 0, Errors: 0, Skipped: 0, Time elapsed: 0.007 sec - in spark.utils.MimeParseTest
Running spark.utils.CollectionUtilsTest
Tests run: 2, Failures: 0, Errors: 0, Skipped: 0, Time elapsed: 0.005 sec - in spark.utils.CollectionUtilsTest
Running spark.embeddedserver.EmbeddedServersTest
[main] INFO org.eclipse.jetty.util.log - Logging initialized @250ms to org.eclipse.jetty.util.log.Slf4jLog
[main] INFO spark.embeddedserver.jetty.EmbeddedJettyServer - == Spark has ignited ...
[main] INFO spark.embeddedserver.jetty.EmbeddedJettyServer - >> Listening on localhost:38347
[main] INFO org.eclipse.jetty.server.Server - jetty-9.4.4.v20170414
[main] INFO org.eclipse.jetty.server.AbstractNCSARequestLog - Opened /tmp/junit8553247448659187680/junit9149013272644401839/request.log
[main] INFO org.eclipse.jetty.server.session - DefaultSessionIdManager workerName=node0
[main] INFO org.eclipse.jetty.server.session - No SessionScavenger set, using defaults
[main] INFO org.eclipse.jetty.server.session - Scavenging every 600000ms
[main] INFO org.eclipse.jetty.server.AbstractConnector - Started ServerConnector@783953b9{HTTP/1.1,[http/1.1]}{localhost:38347}
[main] INFO org.eclipse.jetty.server.Server - Started @535ms
[main] INFO spark.embeddedserver.jetty.EmbeddedJettyServer - >>> Spark shutting down ...
[main] INFO org.eclipse.jetty.server.AbstractConnector - Stopped ServerConnector@783953b9{HTTP/1.1,[http/1.1]}{localhost:38347}
[main] INFO org.eclipse.jetty.server.session - Stopped scavenging
[main] INFO spark.embeddedserver.jetty.EmbeddedJettyServer - done
[Thread-11] INFO spark.embeddedserver.jetty.EmbeddedJettyServer - == Spark has ignited ...
[Thread-11] INFO spark.embeddedserver.jetty.EmbeddedJettyServer - >> Listening on 0.0.0.0:4567
[Thread-11] INFO org.eclipse.jetty.server.Server - jetty-9.4.4.v20170414
[Thread-11] INFO org.eclipse.jetty.server.AbstractNCSARequestLog - Opened /tmp/junit2862778933351183209/junit4804111003348330748/request.log
[Thread-11] INFO org.eclipse.jetty.server.session - DefaultSessionIdManager workerName=node0
[Thread-11] INFO org.eclipse.jetty.server.session - No SessionScavenger set, using defaults
[Thread-11] INFO org.eclipse.jetty.server.session - Scavenging every 600000ms
[Thread-11] INFO org.eclipse.jetty.server.AbstractConnector - Started ServerConnector@4c6ce97c{HTTP/1.1,[http/1.1]}{0.0.0.0:4567}
[Thread-11] INFO org.eclipse.jetty.server.Server - Started @563ms
[Thread-22] INFO spark.embeddedserver.jetty.EmbeddedJettyServer - >>> Spark shutting down ...
Tests run: 2, Failures: 0, Errors: 0, Skipped: 0, Time elapsed: 0.345 sec - in spark.embeddedserver.EmbeddedServersTest
[Thread-22] INFO org.eclipse.jetty.server.AbstractConnector - Stopped ServerConnector@4c6ce97c{HTTP/1.1,[http/1.1]}{0.0.0.0:4567}
[Thread-22] INFO org.eclipse.jetty.server.session - Stopped scavenging
Running spark.embeddedserver.jetty.websocket.WebSocketCreatorFactoryTest
Tests run: 3, Failures: 0, Errors: 0, Skipped: 0, Time elapsed: 0.012 sec - in spark.embeddedserver.jetty.websocket.WebSocketCreatorFactoryTest
Running spark.embeddedserver.jetty.websocket.WebSocketServletContextHandlerFactoryTest
[main] INFO org.eclipse.jetty.util.log - Logging initialized @1215ms to org.eclipse.jetty.util.log.Slf4jLog
[main] INFO org.eclipse.jetty.util.log - Logging initialized @1571ms to org.eclipse.jetty.util.log.Slf4jLog
[main] ERROR spark.embeddedserver.jetty.websocket.WebSocketServletContextHandlerFactory - creation of websocket context handler failed.
java.lang.Exception: 
	at org.powermock.core.MockGateway.newInstanceCall(MockGateway.java:209)
	at spark.embeddedserver.jetty.websocket.WebSocketServletContextHandlerFactory.create(WebSocketServletContextHandlerFactory.java:49)
	at spark.embeddedserver.jetty.websocket.WebSocketServletContextHandlerFactoryTest.testCreate_whenWebSocketContextHandlerCreationFails_thenThrowException(WebSocketServletContextHandlerFactoryTest.java:125)
	at sun.reflect.NativeMethodAccessorImpl.invoke0(Native Method)
	at sun.reflect.NativeMethodAccessorImpl.invoke(NativeMethodAccessorImpl.java:62)
	at sun.reflect.DelegatingMethodAccessorImpl.invoke(DelegatingMethodAccessorImpl.java:43)
	at java.lang.reflect.Method.invoke(Method.java:498)
	at org.junit.internal.runners.TestMethod.invoke(TestMethod.java:68)
	at org.powermock.modules.junit4.internal.impl.PowerMockJUnit44RunnerDelegateImpl$PowerMockJUnit44MethodRunner.runTestMethod(PowerMockJUnit44RunnerDelegateImpl.java:310)
	at org.junit.internal.runners.MethodRoadie$2.run(MethodRoadie.java:89)
	at org.junit.internal.runners.MethodRoadie.runBeforesThenTestThenAfters(MethodRoadie.java:97)
	at org.powermock.modules.junit4.internal.impl.PowerMockJUnit44RunnerDelegateImpl$PowerMockJUnit44MethodRunner.executeTest(PowerMockJUnit44RunnerDelegateImpl.java:294)
	at org.powermock.modules.junit4.internal.impl.PowerMockJUnit47RunnerDelegateImpl$PowerMockJUnit47MethodRunner.executeTestInSuper(PowerMockJUnit47RunnerDelegateImpl.java:127)
	at org.powermock.modules.junit4.internal.impl.PowerMockJUnit47RunnerDelegateImpl$PowerMockJUnit47MethodRunner.executeTest(PowerMockJUnit47RunnerDelegateImpl.java:82)
	at org.powermock.modules.junit4.internal.impl.PowerMockJUnit44RunnerDelegateImpl$PowerMockJUnit44MethodRunner.runBeforesThenTestThenAfters(PowerMockJUnit44RunnerDelegateImpl.java:282)
	at org.junit.internal.runners.MethodRoadie.runTest(MethodRoadie.java:87)
	at org.junit.internal.runners.MethodRoadie.run(MethodRoadie.java:50)
	at org.powermock.modules.junit4.internal.impl.PowerMockJUnit44RunnerDelegateImpl.invokeTestMethod(PowerMockJUnit44RunnerDelegateImpl.java:207)
	at org.powermock.modules.junit4.internal.impl.PowerMockJUnit44RunnerDelegateImpl.runMethods(PowerMockJUnit44RunnerDelegateImpl.java:146)
	at org.powermock.modules.junit4.internal.impl.PowerMockJUnit44RunnerDelegateImpl$1.run(PowerMockJUnit44RunnerDelegateImpl.java:120)
	at org.junit.internal.runners.ClassRoadie.runUnprotected(ClassRoadie.java:34)
	at org.junit.internal.runners.ClassRoadie.runProtected(ClassRoadie.java:44)
	at org.powermock.modules.junit4.internal.impl.PowerMockJUnit44RunnerDelegateImpl.run(PowerMockJUnit44RunnerDelegateImpl.java:122)
	at org.powermock.modules.junit4.common.internal.impl.JUnit4TestSuiteChunkerImpl.run(JUnit4TestSuiteChunkerImpl.java:106)
	at org.powermock.modules.junit4.common.internal.impl.AbstractCommonPowerMockRunner.run(AbstractCommonPowerMockRunner.java:53)
	at org.powermock.modules.junit4.PowerMockRunner.run(PowerMockRunner.java:59)
	at org.apache.maven.surefire.junit4.JUnit4Provider.execute(JUnit4Provider.java:283)
	at org.apache.maven.surefire.junit4.JUnit4Provider.executeWithRerun(JUnit4Provider.java:173)
	at org.apache.maven.surefire.junit4.JUnit4Provider.executeTestSet(JUnit4Provider.java:153)
	at org.apache.maven.surefire.junit4.JUnit4Provider.invoke(JUnit4Provider.java:128)
	at org.apache.maven.surefire.booter.ForkedBooter.invokeProviderInSameClassLoader(ForkedBooter.java:203)
	at org.apache.maven.surefire.booter.ForkedBooter.runSuitesInProcess(ForkedBooter.java:155)
	at org.apache.maven.surefire.booter.ForkedBooter.main(ForkedBooter.java:103)
Tests run: 4, Failures: 0, Errors: 0, Skipped: 0, Time elapsed: 0.843 sec - in spark.embeddedserver.jetty.websocket.WebSocketServletContextHandlerFactoryTest
Running spark.embeddedserver.jetty.JettyServerTest
[main] INFO org.eclipse.jetty.util.log - Logging initialized @324ms to org.eclipse.jetty.util.log.Slf4jLog
Tests run: 2, Failures: 0, Errors: 0, Skipped: 0, Time elapsed: 0.045 sec - in spark.embeddedserver.jetty.JettyServerTest
Running spark.embeddedserver.jetty.SocketConnectorFactoryTest
[main] INFO org.eclipse.jetty.util.log - Logging initialized @274ms to org.eclipse.jetty.util.log.Slf4jLog
Tests run: 7, Failures: 0, Errors: 0, Skipped: 0, Time elapsed: 0.094 sec - in spark.embeddedserver.jetty.SocketConnectorFactoryTest
Running spark.ResponseWrapperDelegationTest
[Thread-1] INFO org.eclipse.jetty.util.log - Logging initialized @538ms to org.eclipse.jetty.util.log.Slf4jLog
[Thread-1] INFO spark.embeddedserver.jetty.EmbeddedJettyServer - == Spark has ignited ...
[Thread-1] INFO spark.embeddedserver.jetty.EmbeddedJettyServer - >> Listening on 0.0.0.0:4567
[Thread-1] INFO org.eclipse.jetty.server.Server - jetty-9.4.4.v20170414
[Thread-1] INFO org.eclipse.jetty.server.session - DefaultSessionIdManager workerName=node0
[Thread-1] INFO org.eclipse.jetty.server.session - No SessionScavenger set, using defaults
[Thread-1] INFO org.eclipse.jetty.server.session - Scavenging every 600000ms
[Thread-1] INFO org.eclipse.jetty.server.AbstractConnector - Started ServerConnector@b145c2f{HTTP/1.1,[http/1.1]}{0.0.0.0:4567}
[Thread-1] INFO org.eclipse.jetty.server.Server - Started @660ms
[Thread-14] INFO spark.embeddedserver.jetty.EmbeddedJettyServer - >>> Spark shutting down ...
Tests run: 2, Failures: 0, Errors: 0, Skipped: 0, Time elapsed: 0.556 sec - in spark.ResponseWrapperDelegationTest
Running spark.InitExceptionHandlerTest
[Thread-0] INFO org.eclipse.jetty.util.log - Logging initialized @278ms to org.eclipse.jetty.util.log.Slf4jLog
[Thread-0] INFO spark.embeddedserver.jetty.EmbeddedJettyServer - == Spark has ignited ...
[Thread-0] INFO spark.embeddedserver.jetty.EmbeddedJettyServer - >> Listening on 0.0.0.0:2147483647
[Thread-0] INFO org.eclipse.jetty.server.Server - jetty-9.4.4.v20170414
[Thread-0] INFO org.eclipse.jetty.server.session - DefaultSessionIdManager workerName=node0
[Thread-0] INFO org.eclipse.jetty.server.session - No SessionScavenger set, using defaults
[Thread-0] INFO org.eclipse.jetty.server.session - Scavenging every 600000ms
[Thread-9] INFO spark.embeddedserver.jetty.EmbeddedJettyServer - >>> Spark shutting down ...
Tests run: 1, Failures: 0, Errors: 0, Skipped: 0, Time elapsed: 0.148 sec - in spark.InitExceptionHandlerTest
Running spark.CookiesIntegrationTest
[Thread-0] INFO org.eclipse.jetty.util.log - Logging initialized @265ms to org.eclipse.jetty.util.log.Slf4jLog
[Thread-0] INFO spark.embeddedserver.jetty.EmbeddedJettyServer - == Spark has ignited ...
[Thread-0] INFO spark.embeddedserver.jetty.EmbeddedJettyServer - >> Listening on 0.0.0.0:4567
[Thread-0] INFO org.eclipse.jetty.server.Server - jetty-9.4.4.v20170414
[Thread-0] INFO org.eclipse.jetty.server.session - DefaultSessionIdManager workerName=node0
[Thread-0] INFO org.eclipse.jetty.server.session - No SessionScavenger set, using defaults
[Thread-0] INFO org.eclipse.jetty.server.session - Scavenging every 660000ms
[Thread-0] INFO org.eclipse.jetty.server.AbstractConnector - Started ServerConnector@7976a731{HTTP/1.1,[http/1.1]}{0.0.0.0:4567}
[Thread-0] INFO org.eclipse.jetty.server.Server - Started @406ms
[Thread-17] INFO spark.embeddedserver.jetty.EmbeddedJettyServer - >>> Spark shutting down ...
Tests run: 4, Failures: 0, Errors: 0, Skipped: 0, Time elapsed: 0.492 sec - in spark.CookiesIntegrationTest
Running spark.util.ResourceUtilsTest
Tests run: 2, Failures: 0, Errors: 0, Skipped: 0, Time elapsed: 0.014 sec - in spark.util.ResourceUtilsTest
Running spark.SessionTest
Tests run: 15, Failures: 0, Errors: 0, Skipped: 0, Time elapsed: 0.146 sec - in spark.SessionTest
Running spark.customerrorpages.CustomErrorPagesTest
[Thread-1] INFO org.eclipse.jetty.util.log - Logging initialized @362ms to org.eclipse.jetty.util.log.Slf4jLog
[Thread-1] INFO spark.embeddedserver.jetty.EmbeddedJettyServer - == Spark has ignited ...
[Thread-1] INFO spark.embeddedserver.jetty.EmbeddedJettyServer - >> Listening on 0.0.0.0:4567
[Thread-1] INFO org.eclipse.jetty.server.Server - jetty-9.4.4.v20170414
[Thread-1] INFO org.eclipse.jetty.server.session - DefaultSessionIdManager workerName=node0
[Thread-1] INFO org.eclipse.jetty.server.session - No SessionScavenger set, using defaults
[Thread-1] INFO org.eclipse.jetty.server.session - Scavenging every 660000ms
[Thread-1] INFO org.eclipse.jetty.server.AbstractConnector - Started ServerConnector@1c7ff078{HTTP/1.1,[http/1.1]}{0.0.0.0:4567}
[Thread-1] INFO org.eclipse.jetty.server.Server - Started @472ms
[qtp1262513392-33] ERROR spark.http.matching.GeneralError - 
java.lang.Exception: 
	at spark.customerrorpages.CustomErrorPagesTest.lambda$setup$1(CustomErrorPagesTest.java:40)
	at spark.RouteImpl$1.handle(RouteImpl.java:72)
	at spark.http.matching.Routes.execute(Routes.java:61)
	at spark.http.matching.MatcherFilter.doFilter(MatcherFilter.java:130)
	at spark.embeddedserver.jetty.JettyHandler.doHandle(JettyHandler.java:50)
	at org.eclipse.jetty.server.session.SessionHandler.doScope(SessionHandler.java:1568)
	at org.eclipse.jetty.server.handler.ScopedHandler.handle(ScopedHandler.java:141)
	at org.eclipse.jetty.server.handler.HandlerWrapper.handle(HandlerWrapper.java:132)
	at org.eclipse.jetty.server.Server.handle(Server.java:564)
	at org.eclipse.jetty.server.HttpChannel.handle(HttpChannel.java:317)
	at org.eclipse.jetty.server.HttpConnection.onFillable(HttpConnection.java:251)
	at org.eclipse.jetty.io.AbstractConnection$ReadCallback.succeeded(AbstractConnection.java:279)
	at org.eclipse.jetty.io.FillInterest.fillable(FillInterest.java:110)
	at org.eclipse.jetty.io.ChannelEndPoint$2.run(ChannelEndPoint.java:124)
	at org.eclipse.jetty.util.thread.Invocable.invokePreferred(Invocable.java:128)
	at org.eclipse.jetty.util.thread.Invocable$InvocableExecutor.invoke(Invocable.java:222)
	at org.eclipse.jetty.util.thread.strategy.EatWhatYouKill.doProduce(EatWhatYouKill.java:294)
	at org.eclipse.jetty.util.thread.strategy.EatWhatYouKill.run(EatWhatYouKill.java:199)
	at org.eclipse.jetty.util.thread.QueuedThreadPool.runJob(QueuedThreadPool.java:672)
	at org.eclipse.jetty.util.thread.QueuedThreadPool$2.run(QueuedThreadPool.java:590)
	at java.lang.Thread.run(Thread.java:748)
[qtp1262513392-33] WARN spark.CustomErrorPages - Custom error page handler for status code 500 has thrown an exception: null. Using default page instead.
[qtp1262513392-35] ERROR spark.http.matching.GeneralError - 
java.lang.Exception: 
	at spark.customerrorpages.CustomErrorPagesTest.lambda$setup$1(CustomErrorPagesTest.java:40)
	at spark.RouteImpl$1.handle(RouteImpl.java:72)
	at spark.http.matching.Routes.execute(Routes.java:61)
	at spark.http.matching.MatcherFilter.doFilter(MatcherFilter.java:130)
	at spark.embeddedserver.jetty.JettyHandler.doHandle(JettyHandler.java:50)
	at org.eclipse.jetty.server.session.SessionHandler.doScope(SessionHandler.java:1568)
	at org.eclipse.jetty.server.handler.ScopedHandler.handle(ScopedHandler.java:141)
	at org.eclipse.jetty.server.handler.HandlerWrapper.handle(HandlerWrapper.java:132)
	at org.eclipse.jetty.server.Server.handle(Server.java:564)
	at org.eclipse.jetty.server.HttpChannel.handle(HttpChannel.java:317)
	at org.eclipse.jetty.server.HttpConnection.onFillable(HttpConnection.java:251)
	at org.eclipse.jetty.io.AbstractConnection$ReadCallback.succeeded(AbstractConnection.java:279)
	at org.eclipse.jetty.io.FillInterest.fillable(FillInterest.java:110)
	at org.eclipse.jetty.io.ChannelEndPoint$2.run(ChannelEndPoint.java:124)
	at org.eclipse.jetty.util.thread.Invocable.invokePreferred(Invocable.java:128)
	at org.eclipse.jetty.util.thread.Invocable$InvocableExecutor.invoke(Invocable.java:222)
	at org.eclipse.jetty.util.thread.strategy.EatWhatYouKill.doProduce(EatWhatYouKill.java:294)
	at org.eclipse.jetty.util.thread.strategy.EatWhatYouKill.run(EatWhatYouKill.java:199)
	at org.eclipse.jetty.util.thread.QueuedThreadPool.runJob(QueuedThreadPool.java:672)
	at org.eclipse.jetty.util.thread.QueuedThreadPool$2.run(QueuedThreadPool.java:590)
	at java.lang.Thread.run(Thread.java:748)
[qtp1262513392-34] INFO spark.http.matching.MatcherFilter - The requested route [/othernotmapped] has not been mapped in Spark for Accept: [text/html]
[Thread-14] INFO spark.embeddedserver.jetty.EmbeddedJettyServer - >>> Spark shutting down ...
Tests run: 4, Failures: 0, Errors: 0, Skipped: 0, Time elapsed: 0.49 sec - in spark.customerrorpages.CustomErrorPagesTest
Running spark.ServicePortIntegrationTest
[Thread-0] INFO org.eclipse.jetty.util.log - Logging initialized @278ms to org.eclipse.jetty.util.log.Slf4jLog
[Thread-0] INFO spark.embeddedserver.jetty.EmbeddedJettyServer - == Spark has ignited ...
[Thread-0] INFO spark.embeddedserver.jetty.EmbeddedJettyServer - >> Listening on 0.0.0.0:43419
[Thread-0] INFO org.eclipse.jetty.server.Server - jetty-9.4.4.v20170414
[Thread-0] INFO org.eclipse.jetty.server.session - DefaultSessionIdManager workerName=node0
[Thread-0] INFO org.eclipse.jetty.server.session - No SessionScavenger set, using defaults
[Thread-0] INFO org.eclipse.jetty.server.session - Scavenging every 660000ms
[Thread-0] INFO org.eclipse.jetty.server.AbstractConnector - Started ServerConnector@677bde2b{HTTP/1.1,[http/1.1]}{0.0.0.0:43419}
[Thread-0] INFO org.eclipse.jetty.server.Server - Started @398ms
[main] INFO spark.ServicePortIntegrationTest - got port 
[Thread-14] INFO spark.embeddedserver.jetty.EmbeddedJettyServer - >>> Spark shutting down ...
Tests run: 1, Failures: 0, Errors: 0, Skipped: 0, Time elapsed: 0.509 sec - in spark.ServicePortIntegrationTest
Running spark.ResponseBodyTest
[Thread-1] INFO org.eclipse.jetty.util.log - Logging initialized @834ms to org.eclipse.jetty.util.log.Slf4jLog
[Thread-1] INFO spark.embeddedserver.jetty.EmbeddedJettyServer - == Spark has ignited ...
[Thread-1] INFO spark.embeddedserver.jetty.EmbeddedJettyServer - >> Listening on 0.0.0.0:4567
[Thread-1] INFO org.eclipse.jetty.server.Server - jetty-9.4.4.v20170414
[Thread-1] INFO org.eclipse.jetty.server.session - DefaultSessionIdManager workerName=node0
[Thread-1] INFO org.eclipse.jetty.server.session - No SessionScavenger set, using defaults
[Thread-1] INFO org.eclipse.jetty.server.session - Scavenging every 600000ms
[Thread-1] INFO org.eclipse.jetty.server.AbstractConnector - Started ServerConnector@6b763e75{HTTP/1.1,[http/1.1]}{0.0.0.0:4567}
[Thread-1] INFO org.eclipse.jetty.server.Server - Started @953ms
[Thread-14] INFO spark.embeddedserver.jetty.EmbeddedJettyServer - >>> Spark shutting down ...
Tests run: 4, Failures: 0, Errors: 0, Skipped: 0, Time elapsed: 0.659 sec - in spark.ResponseBodyTest
Running spark.BooksIntegrationTest
[Thread-0] INFO org.eclipse.jetty.util.log - Logging initialized @333ms to org.eclipse.jetty.util.log.Slf4jLog
[Thread-0] INFO spark.embeddedserver.jetty.EmbeddedJettyServer - == Spark has ignited ...
[Thread-0] INFO spark.embeddedserver.jetty.EmbeddedJettyServer - >> Listening on 0.0.0.0:4567
[Thread-0] INFO org.eclipse.jetty.server.Server - jetty-9.4.4.v20170414
[Thread-0] INFO org.eclipse.jetty.server.session - DefaultSessionIdManager workerName=node0
[Thread-0] INFO org.eclipse.jetty.server.session - No SessionScavenger set, using defaults
[Thread-0] INFO org.eclipse.jetty.server.session - Scavenging every 660000ms
[Thread-0] INFO org.eclipse.jetty.server.AbstractConnector - Started ServerConnector@686855a9{HTTP/1.1,[http/1.1]}{0.0.0.0:4567}
[Thread-0] INFO org.eclipse.jetty.server.Server - Started @484ms
Tests run: 7, Failures: 0, Errors: 0, Skipped: 0, Time elapsed: 0.385 sec - in spark.BooksIntegrationTest
[Thread-13] INFO spark.embeddedserver.jetty.EmbeddedJettyServer - >>> Spark shutting down ...
Running spark.MultipleServicesTest
[main] INFO spark.staticfiles.StaticFilesConfiguration - StaticResourceHandler configured with folder = /public
[Thread-1] INFO org.eclipse.jetty.util.log - Logging initialized @429ms to org.eclipse.jetty.util.log.Slf4jLog
[Thread-2] INFO spark.embeddedserver.jetty.EmbeddedJettyServer - == Spark has ignited ...
[Thread-1] INFO spark.embeddedserver.jetty.EmbeddedJettyServer - == Spark has ignited ...
[Thread-2] INFO spark.embeddedserver.jetty.EmbeddedJettyServer - >> Listening on 0.0.0.0:1234
[Thread-1] INFO spark.embeddedserver.jetty.EmbeddedJettyServer - >> Listening on 0.0.0.0:4567
[Thread-2] INFO org.eclipse.jetty.server.Server - jetty-9.4.4.v20170414
[Thread-1] INFO org.eclipse.jetty.server.Server - jetty-9.4.4.v20170414
[Thread-1] INFO org.eclipse.jetty.server.session - DefaultSessionIdManager workerName=node0
[Thread-2] INFO org.eclipse.jetty.server.session - DefaultSessionIdManager workerName=node0
[Thread-1] INFO org.eclipse.jetty.server.session - No SessionScavenger set, using defaults
[Thread-2] INFO org.eclipse.jetty.server.session - No SessionScavenger set, using defaults
[Thread-1] INFO org.eclipse.jetty.server.session - Scavenging every 600000ms
[Thread-2] INFO org.eclipse.jetty.server.session - Scavenging every 600000ms
[Thread-1] INFO org.eclipse.jetty.server.AbstractConnector - Started ServerConnector@9928ccc{HTTP/1.1,[http/1.1]}{0.0.0.0:4567}
[Thread-2] INFO org.eclipse.jetty.server.AbstractConnector - Started ServerConnector@587c508e{HTTP/1.1,[http/1.1]}{0.0.0.0:1234}
[Thread-1] INFO org.eclipse.jetty.server.Server - Started @564ms
[Thread-2] INFO org.eclipse.jetty.server.Server - Started @564ms
[qtp1175079462-45] INFO spark.http.matching.MatcherFilter - The requested route [/css/style.css] has not been mapped in Spark for Accept: [text/html]
[qtp1175079462-50] INFO spark.http.matching.MatcherFilter - The requested route [/uniqueforsecond] has not been mapped in Spark for Accept: [text/html]
[Thread-27] INFO spark.embeddedserver.jetty.EmbeddedJettyServer - >>> Spark shutting down ...
[Thread-28] INFO spark.embeddedserver.jetty.EmbeddedJettyServer - >>> Spark shutting down ...
Tests run: 6, Failures: 0, Errors: 0, Skipped: 0, Time elapsed: 0.565 sec - in spark.MultipleServicesTest
Running spark.StaticFilesMemberTest
[main] INFO spark.staticfiles.StaticFilesConfiguration - StaticResourceHandler configured with folder = /public
[main] INFO spark.staticfiles.StaticFilesConfiguration - External StaticResourceHandler configured with folder = /tmp
[main] WARN spark.staticfiles.StaticFilesFolder - Registering external static files folder [/tmp] as [/tmp].
[Thread-1] INFO org.eclipse.jetty.util.log - Logging initialized @517ms to org.eclipse.jetty.util.log.Slf4jLog
[Thread-1] INFO spark.embeddedserver.jetty.EmbeddedJettyServer - == Spark has ignited ...
[Thread-1] INFO spark.embeddedserver.jetty.EmbeddedJettyServer - >> Listening on 0.0.0.0:4567
[Thread-1] INFO org.eclipse.jetty.server.Server - jetty-9.4.4.v20170414
[Thread-1] INFO org.eclipse.jetty.server.session - DefaultSessionIdManager workerName=node0
[Thread-1] INFO org.eclipse.jetty.server.session - No SessionScavenger set, using defaults
[Thread-1] INFO org.eclipse.jetty.server.session - Scavenging every 660000ms
[Thread-1] INFO org.eclipse.jetty.server.AbstractConnector - Started ServerConnector@36dc4b46{HTTP/1.1,[http/1.1]}{0.0.0.0:4567}
[Thread-1] INFO org.eclipse.jetty.server.Server - Started @643ms
[Thread-14] INFO spark.embeddedserver.jetty.EmbeddedJettyServer - >>> Spark shutting down ...
Tests run: 7, Failures: 0, Errors: 0, Skipped: 0, Time elapsed: 0.593 sec - in spark.StaticFilesMemberTest
[Thread-14] INFO org.eclipse.jetty.server.AbstractConnector - Stopped ServerConnector@36dc4b46{HTTP/1.1,[http/1.1]}{0.0.0.0:4567}
[Thread-14] INFO org.eclipse.jetty.server.session - Stopped scavenging
Running spark.RouteImplTest
Tests run: 6, Failures: 0, Errors: 0, Skipped: 0, Time elapsed: 0.006 sec - in spark.RouteImplTest
Running spark.BodyAvailabilityTest
[Thread-1] INFO org.eclipse.jetty.util.log - Logging initialized @449ms to org.eclipse.jetty.util.log.Slf4jLog
[Thread-1] INFO spark.embeddedserver.jetty.EmbeddedJettyServer - == Spark has ignited ...
[Thread-1] INFO spark.embeddedserver.jetty.EmbeddedJettyServer - >> Listening on 0.0.0.0:4567
[Thread-1] INFO org.eclipse.jetty.server.Server - jetty-9.4.4.v20170414
[Thread-1] INFO org.eclipse.jetty.server.session - DefaultSessionIdManager workerName=node0
[Thread-1] INFO org.eclipse.jetty.server.session - No SessionScavenger set, using defaults
[Thread-1] INFO org.eclipse.jetty.server.session - Scavenging every 600000ms
[Thread-1] INFO org.eclipse.jetty.server.AbstractConnector - Started ServerConnector@2cd970f{HTTP/1.1,[http/1.1]}{0.0.0.0:4567}
[Thread-1] INFO org.eclipse.jetty.server.Server - Started @593ms
[main] INFO spark.BodyAvailabilityTest - the body content
[Thread-14] INFO spark.embeddedserver.jetty.EmbeddedJettyServer - >>> Spark shutting down ...
Tests run: 1, Failures: 0, Errors: 0, Skipped: 0, Time elapsed: 0.546 sec - in spark.BodyAvailabilityTest
Running spark.RedirectTest
[Thread-1] INFO org.eclipse.jetty.util.log - Logging initialized @625ms to org.eclipse.jetty.util.log.Slf4jLog
[Thread-1] INFO spark.embeddedserver.jetty.EmbeddedJettyServer - == Spark has ignited ...
[Thread-1] INFO spark.embeddedserver.jetty.EmbeddedJettyServer - >> Listening on 0.0.0.0:4567
[Thread-1] INFO org.eclipse.jetty.server.Server - jetty-9.4.4.v20170414
[Thread-1] INFO org.eclipse.jetty.server.session - DefaultSessionIdManager workerName=node0
[Thread-1] INFO org.eclipse.jetty.server.session - No SessionScavenger set, using defaults
[Thread-1] INFO org.eclipse.jetty.server.session - Scavenging every 660000ms
[Thread-1] INFO org.eclipse.jetty.server.AbstractConnector - Started ServerConnector@11967763{HTTP/1.1,[http/1.1]}{0.0.0.0:4567}
[Thread-1] INFO org.eclipse.jetty.server.Server - Started @766ms
Tests run: 16, Failures: 0, Errors: 0, Skipped: 0, Time elapsed: 0.719 sec - in spark.RedirectTest
Running spark.servlet.ServletTest
[main] INFO org.eclipse.jetty.util.log - Logging initialized @461ms to org.eclipse.jetty.util.log.Slf4jLog
[Thread-1] INFO spark.servlet.ServletTest - >>> STARTING EMBEDDED JETTY SERVER for jUnit testing of SparkFilter
[Thread-1] INFO org.eclipse.jetty.server.Server - jetty-9.4.4.v20170414
[Thread-1] INFO org.eclipse.jetty.webapp.StandardDescriptorProcessor - NO JSP Support for /somepath, did not find org.eclipse.jetty.jsp.JettyJspServlet
[Thread-1] INFO org.eclipse.jetty.server.session - DefaultSessionIdManager workerName=node0
[Thread-1] INFO org.eclipse.jetty.server.session - No SessionScavenger set, using defaults
[Thread-1] INFO org.eclipse.jetty.server.session - Scavenging every 660000ms
[Thread-1] INFO spark.staticfiles.StaticFilesConfiguration - External StaticResourceHandler configured with folder = /tmp
[Thread-1] WARN spark.staticfiles.StaticFilesFolder - Registering external static files folder [/tmp] as [/tmp].
[Thread-1] INFO spark.staticfiles.StaticFilesConfiguration - StaticResourceHandler configured with folder = /public
[Thread-1] INFO org.eclipse.jetty.server.handler.ContextHandler - Started o.e.j.w.WebAppContext@194505d9{/somepath,file:///tmp/tmpsd8fqs5c/spark/src/test/webapp/,AVAILABLE}{src/test/webapp}
[Thread-1] INFO org.eclipse.jetty.server.AbstractConnector - Started ServerConnector@15b767d3{HTTP/1.1,[http/1.1]}{0.0.0.0:9393}
[Thread-1] INFO org.eclipse.jetty.server.Server - Started @1249ms
Tests run: 12, Failures: 0, Errors: 0, Skipped: 0, Time elapsed: 1.232 sec - in spark.servlet.ServletTest
Running spark.MultipleFiltersTest
[Thread-1] INFO org.eclipse.jetty.util.log - Logging initialized @643ms to org.eclipse.jetty.util.log.Slf4jLog
[Thread-1] INFO spark.embeddedserver.jetty.EmbeddedJettyServer - == Spark has ignited ...
[Thread-1] INFO spark.embeddedserver.jetty.EmbeddedJettyServer - >> Listening on 0.0.0.0:4567
[Thread-1] INFO org.eclipse.jetty.server.Server - jetty-9.4.4.v20170414
[Thread-1] INFO org.eclipse.jetty.server.session - DefaultSessionIdManager workerName=node0
[Thread-1] INFO org.eclipse.jetty.server.session - No SessionScavenger set, using defaults
[Thread-1] INFO org.eclipse.jetty.server.session - Scavenging every 660000ms
[Thread-1] INFO org.eclipse.jetty.server.AbstractConnector - Started ServerConnector@7b1f160d{HTTP/1.1,[http/1.1]}{0.0.0.0:4567}
[Thread-1] INFO org.eclipse.jetty.server.Server - Started @781ms
[Thread-14] INFO spark.embeddedserver.jetty.EmbeddedJettyServer - >>> Spark shutting down ...
Tests run: 1, Failures: 0, Errors: 0, Skipped: 0, Time elapsed: 0.584 sec - in spark.MultipleFiltersTest
Running spark.route.RouteEntryTest
Tests run: 9, Failures: 0, Errors: 0, Skipped: 0, Time elapsed: 0.01 sec - in spark.route.RouteEntryTest
Running spark.route.HttpMethodTest
Tests run: 2, Failures: 0, Errors: 0, Skipped: 0, Time elapsed: 0.006 sec - in spark.route.HttpMethodTest
Running spark.StaticFilesFromArchiveTest
[main] INFO spark.staticfiles.StaticFilesConfiguration - StaticResourceHandler configured with folder = /public-jar
[Thread-1] INFO org.eclipse.jetty.util.log - Logging initialized @541ms to org.eclipse.jetty.util.log.Slf4jLog
[Thread-1] INFO spark.embeddedserver.jetty.EmbeddedJettyServer - == Spark has ignited ...
[Thread-1] INFO spark.embeddedserver.jetty.EmbeddedJettyServer - >> Listening on 0.0.0.0:4567
[Thread-1] INFO org.eclipse.jetty.server.Server - jetty-9.4.4.v20170414
[Thread-1] INFO org.eclipse.jetty.server.session - DefaultSessionIdManager workerName=node0
[Thread-1] INFO org.eclipse.jetty.server.session - No SessionScavenger set, using defaults
[Thread-1] INFO org.eclipse.jetty.server.session - Scavenging every 660000ms
[Thread-1] INFO org.eclipse.jetty.server.AbstractConnector - Started ServerConnector@5404dec{HTTP/1.1,[http/1.1]}{0.0.0.0:4567}
[Thread-1] INFO org.eclipse.jetty.server.Server - Started @663ms
Tests run: 1, Failures: 0, Errors: 0, Skipped: 0, Time elapsed: 0.618 sec - in spark.StaticFilesFromArchiveTest
Running spark.GenericIntegrationTest
[main] INFO spark.staticfiles.StaticFilesConfiguration - StaticResourceHandler configured with folder = /public
[main] INFO spark.staticfiles.StaticFilesConfiguration - External StaticResourceHandler configured with folder = /tmp
[main] WARN spark.staticfiles.StaticFilesFolder - Registering external static files folder [/tmp] as [/tmp].
[Thread-1] INFO org.eclipse.jetty.util.log - Logging initialized @435ms to org.eclipse.jetty.util.log.Slf4jLog
[Thread-1] INFO spark.embeddedserver.jetty.EmbeddedJettyServer - == Spark has ignited ...
[Thread-1] INFO spark.embeddedserver.jetty.EmbeddedJettyServer - >> Listening on 0.0.0.0:4567
[Thread-1] INFO org.eclipse.jetty.server.Server - jetty-9.4.4.v20170414
[Thread-1] INFO org.eclipse.jetty.server.session - DefaultSessionIdManager workerName=node0
[Thread-1] INFO org.eclipse.jetty.server.session - No SessionScavenger set, using defaults
[Thread-1] INFO org.eclipse.jetty.server.session - Scavenging every 660000ms
[Thread-1] INFO org.eclipse.jetty.server.handler.ContextHandler - Started o.e.j.s.ServletContextHandler@4ffa90dd{/,null,AVAILABLE}
[Thread-1] INFO org.eclipse.jetty.server.AbstractConnector - Started ServerConnector@3ce3a56c{HTTP/1.1,[http/1.1]}{0.0.0.0:4567}
[Thread-1] INFO org.eclipse.jetty.server.Server - Started @620ms
[main] INFO spark.GenericIntegrationTest - Body was: Fo shizzy
[main] INFO spark.GenericIntegrationTest - Body was: Fo shizzy
Method Override Worked
[qtp1272179297-33] ERROR spark.http.matching.GeneralError - 
java.lang.RuntimeException
	at spark.GenericIntegrationTest.lambda$setup$35(GenericIntegrationTest.java:195)
	at spark.RouteImpl$1.handle(RouteImpl.java:72)
	at spark.http.matching.Routes.execute(Routes.java:61)
	at spark.http.matching.MatcherFilter.doFilter(MatcherFilter.java:130)
	at spark.embeddedserver.jetty.JettyHandler.doHandle(JettyHandler.java:50)
	at org.eclipse.jetty.server.session.SessionHandler.doScope(SessionHandler.java:1568)
	at org.eclipse.jetty.server.handler.ScopedHandler.handle(ScopedHandler.java:141)
	at org.eclipse.jetty.server.handler.HandlerList.handle(HandlerList.java:61)
	at org.eclipse.jetty.server.handler.HandlerWrapper.handle(HandlerWrapper.java:132)
	at org.eclipse.jetty.server.Server.handle(Server.java:564)
	at org.eclipse.jetty.server.HttpChannel.handle(HttpChannel.java:317)
	at org.eclipse.jetty.server.HttpConnection.onFillable(HttpConnection.java:251)
	at org.eclipse.jetty.io.AbstractConnection$ReadCallback.succeeded(AbstractConnection.java:279)
	at org.eclipse.jetty.io.FillInterest.fillable(FillInterest.java:110)
	at org.eclipse.jetty.io.ChannelEndPoint$2.run(ChannelEndPoint.java:124)
	at org.eclipse.jetty.util.thread.Invocable.invokePreferred(Invocable.java:128)
	at org.eclipse.jetty.util.thread.Invocable$InvocableExecutor.invoke(Invocable.java:222)
	at org.eclipse.jetty.util.thread.strategy.EatWhatYouKill.doProduce(EatWhatYouKill.java:294)
	at org.eclipse.jetty.util.thread.strategy.EatWhatYouKill.run(EatWhatYouKill.java:199)
	at org.eclipse.jetty.util.thread.QueuedThreadPool.runJob(QueuedThreadPool.java:672)
	at org.eclipse.jetty.util.thread.QueuedThreadPool$2.run(QueuedThreadPool.java:590)
	at java.lang.Thread.run(Thread.java:748)
[Thread-39] INFO spark.embeddedserver.jetty.EmbeddedJettyServer - >>> Spark shutting down ...
Tests run: 39, Failures: 0, Errors: 0, Skipped: 0, Time elapsed: 0.803 sec - in spark.GenericIntegrationTest
[Thread-39] INFO org.eclipse.jetty.server.AbstractConnector - Stopped ServerConnector@3ce3a56c{HTTP/1.1,[http/1.1]}{0.0.0.0:4567}
[Thread-39] INFO org.eclipse.jetty.server.session - Stopped scavenging
Running spark.globalstate.ServletFlagTest
Tests run: 4, Failures: 0, Errors: 0, Skipped: 0, Time elapsed: 0.164 sec - in spark.globalstate.ServletFlagTest
Running spark.ServiceTest
Tests run: 25, Failures: 0, Errors: 0, Skipped: 0, Time elapsed: 0.112 sec - in spark.ServiceTest

Results :

Tests run: 292, Failures: 0, Errors: 0, Skipped: 0

[INFO] 
[INFO] --- maven-bundle-plugin:2.5.3:bundle (default-bundle) @ spark-core ---
[INFO] 
[INFO] --- maven-assembly-plugin:3.2.0:single (default) @ spark-core ---
[INFO] Building jar: /tmp/tmpsd8fqs5c/spark/target/spark-core-2.6.0-jar-with-dependencies.jar
[INFO] ------------------------------------------------------------------------
[INFO] BUILD SUCCESS
[INFO] ------------------------------------------------------------------------
[INFO] Total time:  41.367 s
[INFO] Finished at: 2020-07-30T19:42:14Z
[INFO] ------------------------------------------------------------------------
