[INFO] Error stacktraces are turned on.
[INFO] Scanning for projects...
[INFO] 
[INFO] ------------------< org.apache.commons:commons-text >-------------------
[INFO] Building Apache Commons Text 1.8
[INFO] --------------------------------[ jar ]---------------------------------
[INFO] 
[INFO] --- maven-enforcer-plugin:3.0.0-M2:enforce (enforce-maven-version) @ commons-text ---
[INFO] 
[INFO] --- maven-enforcer-plugin:3.0.0-M2:enforce (enforce-maven-3) @ commons-text ---
[INFO] 
[INFO] --- apache-rat-plugin:0.13:check (rat-check) @ commons-text ---
[INFO] RAT will not execute since it is configured to be skipped via system property 'rat.skip'.
[INFO] 
[INFO] --- build-helper-maven-plugin:3.0.0:parse-version (parse-version) @ commons-text ---
[INFO] 
[INFO] --- maven-antrun-plugin:1.8:run (javadoc.resources) @ commons-text ---
[INFO] Executing tasks

main:
     [copy] Copying 2 files to /tmp/tmp9zbtm081/commons-text/target/apidocs/META-INF
[INFO] Executed tasks
[INFO] 
[INFO] --- maven-remote-resources-plugin:1.5:process (process-resource-bundles) @ commons-text ---
[INFO] 
[INFO] --- buildnumber-maven-plugin:1.4:create (default) @ commons-text ---
[INFO] Executing: /bin/sh -c cd '/tmp/tmp9zbtm081/commons-text' && 'git' 'rev-parse' '--verify' 'HEAD'
[INFO] Working directory: /tmp/tmp9zbtm081/commons-text
[INFO] Storing buildNumber: b63df8d66e8306b2608c16be3661248348e78a2f at timestamp: 1596132712144
[WARNING] Cannot get the branch information from the git repository: 
Detecting the current branch failed: fatal: ref HEAD is not a symbolic ref

[INFO] Executing: /bin/sh -c cd '/tmp/tmp9zbtm081/commons-text' && 'git' 'rev-parse' '--verify' 'HEAD'
[INFO] Working directory: /tmp/tmp9zbtm081/commons-text
[INFO] Storing buildScmBranch: UNKNOWN
[INFO] 
[INFO] --- maven-resources-plugin:3.1.0:resources (default-resources) @ commons-text ---
[INFO] Using 'ISO-8859-1' encoding to copy filtered resources.
[INFO] skip non existing resourceDirectory /tmp/tmp9zbtm081/commons-text/src/main/resources
[INFO] Copying 2 resources to META-INF
[INFO] 
[INFO] --- maven-compiler-plugin:3.8.0:compile (default-compile) @ commons-text ---
[INFO] Changes detected - recompiling the module!
[INFO] Compiling 101 source files to /tmp/tmp9zbtm081/commons-text/target/classes
[INFO] /tmp/tmp9zbtm081/commons-text/src/main/java/org/apache/commons/text/TextStringBuilder.java: Some input files use unchecked or unsafe operations.
[INFO] /tmp/tmp9zbtm081/commons-text/src/main/java/org/apache/commons/text/TextStringBuilder.java: Recompile with -Xlint:unchecked for details.
[INFO] 
[INFO] --- maven-bundle-plugin:4.1.0:manifest (bundle-manifest) @ commons-text ---
[INFO] 
[INFO] --- animal-sniffer-maven-plugin:1.17:check (checkAPIcompatibility) @ commons-text ---
[INFO] Signature checking is skipped.
[INFO] 
[INFO] --- maven-resources-plugin:3.1.0:testResources (default-testResources) @ commons-text ---
[INFO] Using 'ISO-8859-1' encoding to copy filtered resources.
[INFO] Copying 4 resources
[INFO] Copying 2 resources to META-INF
[INFO] 
[INFO] --- maven-compiler-plugin:3.8.0:testCompile (default-testCompile) @ commons-text ---
[INFO] Changes detected - recompiling the module!
[INFO] Compiling 80 source files to /tmp/tmp9zbtm081/commons-text/target/test-classes
[INFO] 
[INFO] --- jacoco-maven-plugin:0.8.4:prepare-agent (prepare-agent) @ commons-text ---
[INFO] argLine set to -javaagent:/home/jdbl/.m2/repository/org/jacoco/org.jacoco.agent/0.8.4/org.jacoco.agent-0.8.4-runtime.jar=destfile=/tmp/tmp9zbtm081/commons-text/target/jacoco.exec
[INFO] 
[INFO] --- maven-surefire-plugin:2.22.1:test (default-test) @ commons-text ---
[INFO] Surefire report directory: /tmp/tmp9zbtm081/commons-text/target/surefire-reports
[INFO] 
[INFO] -------------------------------------------------------
[INFO]  T E S T S
[INFO] -------------------------------------------------------
[INFO] Running org.apache.commons.text.StrLookupTest
[INFO] Tests run: 8, Failures: 0, Errors: 0, Skipped: 0, Time elapsed: 0.023 s - in org.apache.commons.text.StrLookupTest
[INFO] Running org.apache.commons.text.diff.StringsComparatorTest
[INFO] Tests run: 3, Failures: 0, Errors: 0, Skipped: 0, Time elapsed: 0.067 s - in org.apache.commons.text.diff.StringsComparatorTest
[INFO] Running org.apache.commons.text.diff.ReplacementsFinderTest
[INFO] Tests run: 2, Failures: 0, Errors: 0, Skipped: 0, Time elapsed: 0.056 s - in org.apache.commons.text.diff.ReplacementsFinderTest
[INFO] Running org.apache.commons.text.FormattableUtilsTest
[INFO] Tests run: 8, Failures: 0, Errors: 0, Skipped: 0, Time elapsed: 0.009 s - in org.apache.commons.text.FormattableUtilsTest
[INFO] Running org.apache.commons.text.StrMatcherTest
[INFO] Tests run: 14, Failures: 0, Errors: 0, Skipped: 0, Time elapsed: 0.009 s - in org.apache.commons.text.StrMatcherTest
[INFO] Running org.apache.commons.text.CharacterPredicatesTest
[INFO] Tests run: 7, Failures: 0, Errors: 0, Skipped: 0, Time elapsed: 0.003 s - in org.apache.commons.text.CharacterPredicatesTest
[INFO] Running org.apache.commons.text.StrBuilderTest
[INFO] Tests run: 99, Failures: 0, Errors: 0, Skipped: 0, Time elapsed: 0.057 s - in org.apache.commons.text.StrBuilderTest
[INFO] Running org.apache.commons.text.ExtendedMessageFormatTest
[INFO] Tests run: 21, Failures: 0, Errors: 0, Skipped: 0, Time elapsed: 0.489 s - in org.apache.commons.text.ExtendedMessageFormatTest
[INFO] Running org.apache.commons.text.translate.NumericEntityEscaperTest
[INFO] Tests run: 4, Failures: 0, Errors: 0, Skipped: 0, Time elapsed: 0.005 s - in org.apache.commons.text.translate.NumericEntityEscaperTest
[INFO] Running org.apache.commons.text.translate.CodePointTranslatorTest
[INFO] Tests run: 1, Failures: 0, Errors: 0, Skipped: 0, Time elapsed: 0 s - in org.apache.commons.text.translate.CodePointTranslatorTest
[INFO] Running org.apache.commons.text.translate.JavaUnicodeEscaperTest
[INFO] Tests run: 4, Failures: 0, Errors: 0, Skipped: 0, Time elapsed: 0.001 s - in org.apache.commons.text.translate.JavaUnicodeEscaperTest
[INFO] Running org.apache.commons.text.translate.OctalUnescaperTest
[INFO] Tests run: 1, Failures: 0, Errors: 0, Skipped: 0, Time elapsed: 0 s - in org.apache.commons.text.translate.OctalUnescaperTest
[INFO] Running org.apache.commons.text.translate.EntityArraysTest
[INFO] Tests run: 12, Failures: 0, Errors: 0, Skipped: 0, Time elapsed: 0.032 s - in org.apache.commons.text.translate.EntityArraysTest
[INFO] Running org.apache.commons.text.translate.UnicodeEscaperTest
[INFO] Tests run: 3, Failures: 0, Errors: 0, Skipped: 0, Time elapsed: 0.001 s - in org.apache.commons.text.translate.UnicodeEscaperTest
[INFO] Running org.apache.commons.text.translate.AggregateTranslatorTest
[INFO] Tests run: 3, Failures: 0, Errors: 0, Skipped: 0, Time elapsed: 0.001 s - in org.apache.commons.text.translate.AggregateTranslatorTest
[INFO] Running org.apache.commons.text.translate.UnicodeUnpairedSurrogateRemoverTest
[INFO] Tests run: 2, Failures: 0, Errors: 0, Skipped: 0, Time elapsed: 0.001 s - in org.apache.commons.text.translate.UnicodeUnpairedSurrogateRemoverTest
[INFO] Running org.apache.commons.text.translate.NumericEntityUnescaperTest
[INFO] Tests run: 5, Failures: 0, Errors: 0, Skipped: 0, Time elapsed: 0.003 s - in org.apache.commons.text.translate.NumericEntityUnescaperTest
[INFO] Running org.apache.commons.text.translate.LookupTranslatorTest
[INFO] Tests run: 3, Failures: 0, Errors: 0, Skipped: 0, Time elapsed: 0.001 s - in org.apache.commons.text.translate.LookupTranslatorTest
[INFO] Running org.apache.commons.text.translate.CsvTranslatorsTest
[INFO] Tests run: 10, Failures: 0, Errors: 0, Skipped: 0, Time elapsed: 0.026 s - in org.apache.commons.text.translate.CsvTranslatorsTest
[INFO] Running org.apache.commons.text.translate.UnicodeUnescaperTest
[INFO] Tests run: 3, Failures: 0, Errors: 0, Skipped: 0, Time elapsed: 0 s - in org.apache.commons.text.translate.UnicodeUnescaperTest
[INFO] Running org.apache.commons.text.translate.SinglePassTranslatorTest
[INFO] Tests run: 3, Failures: 0, Errors: 0, Skipped: 0, Time elapsed: 0.002 s - in org.apache.commons.text.translate.SinglePassTranslatorTest
[INFO] Running org.apache.commons.text.TextStringBuilderAppendInsertTest
[INFO] Tests run: 51, Failures: 0, Errors: 0, Skipped: 0, Time elapsed: 0.03 s - in org.apache.commons.text.TextStringBuilderAppendInsertTest
[INFO] Running org.apache.commons.text.WordUtilsTest
[INFO] Tests run: 32, Failures: 0, Errors: 0, Skipped: 0, Time elapsed: 0.012 s - in org.apache.commons.text.WordUtilsTest
[INFO] Running org.apache.commons.text.StrSubstitutorTest
[INFO] Tests run: 49, Failures: 0, Errors: 0, Skipped: 0, Time elapsed: 0.028 s - in org.apache.commons.text.StrSubstitutorTest
[INFO] Running org.apache.commons.text.AlphabetConverterTest
[INFO] Tests run: 20, Failures: 0, Errors: 0, Skipped: 0, Time elapsed: 0.012 s - in org.apache.commons.text.AlphabetConverterTest
[INFO] Running org.apache.commons.text.similarity.LevenshteinDetailedDistanceTest
[INFO] Tests run: 16, Failures: 0, Errors: 0, Skipped: 0, Time elapsed: 0.01 s - in org.apache.commons.text.similarity.LevenshteinDetailedDistanceTest
[INFO] Running org.apache.commons.text.similarity.SimilarityScoreFromTest
[INFO] Tests run: 2, Failures: 0, Errors: 0, Skipped: 0, Time elapsed: 0.001 s - in org.apache.commons.text.similarity.SimilarityScoreFromTest
[INFO] Running org.apache.commons.text.similarity.CosineSimilarityTest
[INFO] Tests run: 4, Failures: 0, Errors: 0, Skipped: 0, Time elapsed: 0.005 s - in org.apache.commons.text.similarity.CosineSimilarityTest
[INFO] Running org.apache.commons.text.similarity.FuzzyScoreTest
[INFO] Tests run: 6, Failures: 0, Errors: 0, Skipped: 0, Time elapsed: 0.003 s - in org.apache.commons.text.similarity.FuzzyScoreTest
[INFO] Running org.apache.commons.text.similarity.JaroWinklerSimilarityTest
[INFO] Tests run: 4, Failures: 0, Errors: 0, Skipped: 0, Time elapsed: 0.004 s - in org.apache.commons.text.similarity.JaroWinklerSimilarityTest
[INFO] Running org.apache.commons.text.similarity.JaroWinklerDistanceTest
[INFO] Tests run: 4, Failures: 0, Errors: 0, Skipped: 0, Time elapsed: 0.002 s - in org.apache.commons.text.similarity.JaroWinklerDistanceTest
[INFO] Running org.apache.commons.text.similarity.CosineDistanceTest
[INFO] Tests run: 1, Failures: 0, Errors: 0, Skipped: 0, Time elapsed: 0.003 s - in org.apache.commons.text.similarity.CosineDistanceTest
[INFO] Running org.apache.commons.text.similarity.JaccardDistanceTest
[INFO] Tests run: 4, Failures: 0, Errors: 0, Skipped: 0, Time elapsed: 0.003 s - in org.apache.commons.text.similarity.JaccardDistanceTest
[INFO] Running org.apache.commons.text.similarity.ParameterizedSimilarityScoreFromTest
[INFO] Tests run: 4, Failures: 0, Errors: 0, Skipped: 0, Time elapsed: 0.005 s - in org.apache.commons.text.similarity.ParameterizedSimilarityScoreFromTest
[INFO] Running org.apache.commons.text.similarity.LevenshteinResultsTest
[INFO] Tests run: 5, Failures: 0, Errors: 0, Skipped: 0, Time elapsed: 0 s - in org.apache.commons.text.similarity.LevenshteinResultsTest
[INFO] Running org.apache.commons.text.similarity.LongestCommonSubsequenceDistanceTest
[INFO] Tests run: 4, Failures: 0, Errors: 0, Skipped: 0, Time elapsed: 0.005 s - in org.apache.commons.text.similarity.LongestCommonSubsequenceDistanceTest
[INFO] Running org.apache.commons.text.similarity.IntersectionSimilarityTest
[INFO] Tests run: 10, Failures: 0, Errors: 0, Skipped: 0, Time elapsed: 0.008 s - in org.apache.commons.text.similarity.IntersectionSimilarityTest
[INFO] Running org.apache.commons.text.similarity.ParameterizedEditDistanceFromTest
[INFO] Tests run: 10, Failures: 0, Errors: 0, Skipped: 0, Time elapsed: 0.008 s - in org.apache.commons.text.similarity.ParameterizedEditDistanceFromTest
[INFO] Running org.apache.commons.text.similarity.ParameterizedLevenshteinDistanceTest
[INFO] Tests run: 38, Failures: 0, Errors: 0, Skipped: 0, Time elapsed: 0.017 s - in org.apache.commons.text.similarity.ParameterizedLevenshteinDistanceTest
[INFO] Running org.apache.commons.text.similarity.HammingDistanceTest
[INFO] Tests run: 3, Failures: 0, Errors: 0, Skipped: 0, Time elapsed: 0 s - in org.apache.commons.text.similarity.HammingDistanceTest
[INFO] Running org.apache.commons.text.similarity.JaccardSimilarityTest
[INFO] Tests run: 4, Failures: 0, Errors: 0, Skipped: 0, Time elapsed: 0.001 s - in org.apache.commons.text.similarity.JaccardSimilarityTest
[INFO] Running org.apache.commons.text.similarity.LongestCommonSubsequenceTest
[INFO] Tests run: 12, Failures: 0, Errors: 0, Skipped: 0, Time elapsed: 0.004 s - in org.apache.commons.text.similarity.LongestCommonSubsequenceTest
[INFO] Running org.apache.commons.text.similarity.LevenshteinDistanceTest
[INFO] Tests run: 9, Failures: 0, Errors: 0, Skipped: 0, Time elapsed: 0 s - in org.apache.commons.text.similarity.LevenshteinDistanceTest
[INFO] Running org.apache.commons.text.similarity.IntersectionResultTest
[INFO] Tests run: 9, Failures: 0, Errors: 0, Skipped: 0, Time elapsed: 0.004 s - in org.apache.commons.text.similarity.IntersectionResultTest
[INFO] Running org.apache.commons.text.similarity.StringMetricFromTest
[INFO] Tests run: 3, Failures: 0, Errors: 0, Skipped: 0, Time elapsed: 0 s - in org.apache.commons.text.similarity.StringMetricFromTest
[INFO] Running org.apache.commons.text.StrBuilderAppendInsertTest
[INFO] Tests run: 51, Failures: 0, Errors: 0, Skipped: 0, Time elapsed: 0.012 s - in org.apache.commons.text.StrBuilderAppendInsertTest
[INFO] Running org.apache.commons.text.StrTokenizerTest
[INFO] Tests run: 62, Failures: 0, Errors: 0, Skipped: 0, Time elapsed: 0.012 s - in org.apache.commons.text.StrTokenizerTest
[INFO] Running org.apache.commons.text.StringSubstitutorTest
[INFO] Tests run: 41, Failures: 0, Errors: 0, Skipped: 0, Time elapsed: 0.014 s - in org.apache.commons.text.StringSubstitutorTest
[INFO] Running org.apache.commons.text.CaseUtilsTest
[INFO] Tests run: 2, Failures: 0, Errors: 0, Skipped: 0, Time elapsed: 0 s - in org.apache.commons.text.CaseUtilsTest
[INFO] Running org.apache.commons.text.TextStringBuilderTest
[INFO] Tests run: 99, Failures: 0, Errors: 0, Skipped: 0, Time elapsed: 0.022 s - in org.apache.commons.text.TextStringBuilderTest
[INFO] Running org.apache.commons.text.CompositeFormatTest
[INFO] Tests run: 2, Failures: 0, Errors: 0, Skipped: 0, Time elapsed: 0 s - in org.apache.commons.text.CompositeFormatTest
[INFO] Running org.apache.commons.text.lookup.ConstantStringLookupTest
[INFO] Tests run: 8, Failures: 0, Errors: 0, Skipped: 0, Time elapsed: 0.008 s - in org.apache.commons.text.lookup.ConstantStringLookupTest
[INFO] Running org.apache.commons.text.lookup.SystemPropertyStringLookupTest
[INFO] Tests run: 2, Failures: 0, Errors: 0, Skipped: 0, Time elapsed: 0 s - in org.apache.commons.text.lookup.SystemPropertyStringLookupTest
[INFO] Running org.apache.commons.text.lookup.UrlEncoderStringLookupTest
[INFO] Tests run: 2, Failures: 0, Errors: 0, Skipped: 0, Time elapsed: 0 s - in org.apache.commons.text.lookup.UrlEncoderStringLookupTest
[INFO] Running org.apache.commons.text.lookup.NullStringLookupTest
[INFO] Tests run: 1, Failures: 0, Errors: 0, Skipped: 0, Time elapsed: 0 s - in org.apache.commons.text.lookup.NullStringLookupTest
[INFO] Running org.apache.commons.text.lookup.Base64EncoderStringLookupTest
[INFO] Tests run: 2, Failures: 0, Errors: 0, Skipped: 0, Time elapsed: 0 s - in org.apache.commons.text.lookup.Base64EncoderStringLookupTest
[INFO] Running org.apache.commons.text.lookup.FileStringLookupTest
[INFO] Tests run: 4, Failures: 0, Errors: 0, Skipped: 0, Time elapsed: 0.081 s - in org.apache.commons.text.lookup.FileStringLookupTest
[INFO] Running org.apache.commons.text.lookup.UrlDecoderStringLookupTest
[INFO] Tests run: 4, Failures: 0, Errors: 0, Skipped: 0, Time elapsed: 0.001 s - in org.apache.commons.text.lookup.UrlDecoderStringLookupTest
[INFO] Running org.apache.commons.text.lookup.UrlStringLookupTest
file:///tmp/tmp9zbtm081/commons-text/src/test/resources/document.properties
[INFO] Tests run: 5, Failures: 0, Errors: 0, Skipped: 0, Time elapsed: 1.008 s - in org.apache.commons.text.lookup.UrlStringLookupTest
[INFO] Running org.apache.commons.text.lookup.EnvironmentVariableStringLookupTest
[INFO] Tests run: 2, Failures: 0, Errors: 0, Skipped: 0, Time elapsed: 0.01 s - in org.apache.commons.text.lookup.EnvironmentVariableStringLookupTest
[INFO] Running org.apache.commons.text.lookup.StringLookupFactoryTest
[INFO] Tests run: 3, Failures: 0, Errors: 0, Skipped: 0, Time elapsed: 0.004 s - in org.apache.commons.text.lookup.StringLookupFactoryTest
[INFO] Running org.apache.commons.text.lookup.MapStringLookupTest
[INFO] Tests run: 3, Failures: 0, Errors: 0, Skipped: 0, Time elapsed: 0 s - in org.apache.commons.text.lookup.MapStringLookupTest
[INFO] Running org.apache.commons.text.lookup.InterpolatorStringLookupTest
java:version = Java version 1.8.0_262
java:runtime = OpenJDK Runtime Environment (build 1.8.0_262-b10) from Oracle Corporation
java:vm = OpenJDK 64-Bit Server VM (build 25.262-b10, mixed mode)
java:os = Linux 4.15.0-109-generic unknown, architecture: amd64-64
java:locale = default locale: en, platform encoding: UTF-8
java:hardware = processors: 36, architecture: amd64-64
[INFO] Tests run: 4, Failures: 0, Errors: 0, Skipped: 0, Time elapsed: 0.009 s - in org.apache.commons.text.lookup.InterpolatorStringLookupTest
[INFO] Running org.apache.commons.text.lookup.ResourceBundleStringLookupTest
[INFO] Tests run: 6, Failures: 0, Errors: 0, Skipped: 0, Time elapsed: 0 s - in org.apache.commons.text.lookup.ResourceBundleStringLookupTest
[INFO] Running org.apache.commons.text.lookup.ConstantStringLookupBasicTest
[INFO] Tests run: 2, Failures: 0, Errors: 0, Skipped: 0, Time elapsed: 0 s - in org.apache.commons.text.lookup.ConstantStringLookupBasicTest
[INFO] Running org.apache.commons.text.lookup.Base64DecoderStringLookupTest
[INFO] Tests run: 2, Failures: 0, Errors: 0, Skipped: 0, Time elapsed: 0 s - in org.apache.commons.text.lookup.Base64DecoderStringLookupTest
[INFO] Running org.apache.commons.text.lookup.JavaPlatformStringLookupTest
class org.apache.commons.text.lookup.JavaPlatformStringLookup
version = Java version 1.8.0_262
runtime = OpenJDK Runtime Environment (build 1.8.0_262-b10) from Oracle Corporation
vm = OpenJDK 64-Bit Server VM (build 25.262-b10, mixed mode)
os = Linux 4.15.0-109-generic unknown, architecture: amd64-64
hardware = processors: 36, architecture: amd64-64
locale = default locale: en, platform encoding: UTF-8
[INFO] Tests run: 4, Failures: 0, Errors: 0, Skipped: 0, Time elapsed: 0.002 s - in org.apache.commons.text.lookup.JavaPlatformStringLookupTest
[INFO] Running org.apache.commons.text.lookup.DefaultStringLookupTest
[INFO] Tests run: 2, Failures: 0, Errors: 0, Skipped: 0, Time elapsed: 0 s - in org.apache.commons.text.lookup.DefaultStringLookupTest
[INFO] Running org.apache.commons.text.lookup.LocalHostStringLookupTest
[INFO] Tests run: 4, Failures: 0, Errors: 0, Skipped: 0, Time elapsed: 0 s - in org.apache.commons.text.lookup.LocalHostStringLookupTest
[INFO] Running org.apache.commons.text.lookup.DateStringLookupTest
[INFO] Tests run: 2, Failures: 0, Errors: 0, Skipped: 0, Time elapsed: 0 s - in org.apache.commons.text.lookup.DateStringLookupTest
[INFO] Running org.apache.commons.text.lookup.ScriptStringLookupTest
[INFO] Tests run: 5, Failures: 0, Errors: 0, Skipped: 0, Time elapsed: 0.35 s - in org.apache.commons.text.lookup.ScriptStringLookupTest
[INFO] Running org.apache.commons.text.lookup.XmlStringLookupTest
[INFO] Tests run: 2, Failures: 0, Errors: 0, Skipped: 0, Time elapsed: 0.034 s - in org.apache.commons.text.lookup.XmlStringLookupTest
[INFO] Running org.apache.commons.text.lookup.PropertiesStringLookupTest
[INFO] Tests run: 6, Failures: 0, Errors: 0, Skipped: 0, Time elapsed: 0 s - in org.apache.commons.text.lookup.PropertiesStringLookupTest
[INFO] Running org.apache.commons.text.lookup.DnsStringLookupTest
[INFO] Tests run: 6, Failures: 0, Errors: 0, Skipped: 0, Time elapsed: 0.001 s - in org.apache.commons.text.lookup.DnsStringLookupTest
[INFO] Running org.apache.commons.text.StringTokenizerTest
[INFO] Tests run: 62, Failures: 0, Errors: 0, Skipped: 0, Time elapsed: 0.009 s - in org.apache.commons.text.StringTokenizerTest
[INFO] Running org.apache.commons.text.StringSubstitutorWithInterpolatorStringLookupTest
[INFO] Tests run: 16, Failures: 0, Errors: 0, Skipped: 0, Time elapsed: 0.865 s - in org.apache.commons.text.StringSubstitutorWithInterpolatorStringLookupTest
[INFO] Running org.apache.commons.text.RandomStringGeneratorTest
[INFO] Tests run: 20, Failures: 0, Errors: 0, Skipped: 0, Time elapsed: 0.039 s - in org.apache.commons.text.RandomStringGeneratorTest
[INFO] Running org.apache.commons.text.matcher.StringMatcherTest
[INFO] Tests run: 14, Failures: 0, Errors: 0, Skipped: 0, Time elapsed: 0.001 s - in org.apache.commons.text.matcher.StringMatcherTest
[INFO] Running org.apache.commons.text.matcher.StringSubstitutorGetSetTest
[INFO] Tests run: 3, Failures: 0, Errors: 0, Skipped: 0, Time elapsed: 0 s - in org.apache.commons.text.matcher.StringSubstitutorGetSetTest
[INFO] Running org.apache.commons.text.StringEscapeUtilsTest
[INFO] Tests run: 34, Failures: 0, Errors: 0, Skipped: 0, Time elapsed: 0.159 s - in org.apache.commons.text.StringEscapeUtilsTest
[INFO] 
[INFO] Results:
[INFO] 
[INFO] Tests run: 1007, Failures: 0, Errors: 0, Skipped: 0
[INFO] 
[INFO] 
[INFO] --- maven-jar-plugin:3.1.1:jar (default-jar) @ commons-text ---
[INFO] Building jar: /tmp/tmp9zbtm081/commons-text/target/commons-text-1.8.jar
[INFO] 
[INFO] --- maven-assembly-plugin:3.2.0:single (default) @ commons-text ---
[INFO] Reading assembly descriptor: src/assembly/src.xml
[INFO] Building tar: /tmp/tmp9zbtm081/commons-text/target/commons-text-1.8-src.tar.gz
[INFO] Building zip: /tmp/tmp9zbtm081/commons-text/target/commons-text-1.8-src.zip
[INFO] Building jar: /tmp/tmp9zbtm081/commons-text/target/commons-text-1.8-jar-with-dependencies.jar
[INFO] 
[INFO] --- maven-site-plugin:3.7.1:attach-descriptor (attach-descriptor) @ commons-text ---
[INFO] Skipping because packaging 'jar' is not pom.
[INFO] 
[INFO] --- maven-jar-plugin:3.1.1:test-jar (default) @ commons-text ---
[INFO] Building jar: /tmp/tmp9zbtm081/commons-text/target/commons-text-1.8-tests.jar
[INFO] 
[INFO] --- maven-source-plugin:3.0.1:jar-no-fork (create-source-jar) @ commons-text ---
[INFO] Building jar: /tmp/tmp9zbtm081/commons-text/target/commons-text-1.8-sources.jar
[INFO] 
[INFO] --- maven-source-plugin:3.0.1:test-jar-no-fork (create-source-jar) @ commons-text ---
[INFO] Building jar: /tmp/tmp9zbtm081/commons-text/target/commons-text-1.8-test-sources.jar
[INFO] ------------------------------------------------------------------------
[INFO] BUILD SUCCESS
[INFO] ------------------------------------------------------------------------
[INFO] Total time:  24.663 s
[INFO] Finished at: 2020-07-30T18:12:10Z
[INFO] ------------------------------------------------------------------------
