[INFO] Error stacktraces are turned on.
[INFO] Scanning for projects...
[WARNING] 
[WARNING] Some problems were encountered while building the effective model for de.langmi.spring.batch.examples:complex:jar:1.0-SNAPSHOT
[WARNING] 'build.plugins.plugin.(groupId:artifactId)' must be unique but found duplicate declaration of plugin org.apache.maven.plugins:maven-surefire-plugin @ line 119, column 15
[WARNING] 
[WARNING] It is highly recommended to fix these problems because they threaten the stability of your build.
[WARNING] 
[WARNING] For this reason, future Maven versions might no longer support building such malformed projects.
[WARNING] 
[WARNING] The project de.langmi.spring.batch.examples:complex:jar:1.0-SNAPSHOT uses prerequisites which is only intended for maven-plugin projects but not for non maven-plugin projects. For such purposes you should use the maven-enforcer-plugin. See https://maven.apache.org/enforcer/enforcer-rules/requireMavenVersion.html
[INFO] 
[INFO] --------------< de.langmi.spring.batch.examples:complex >---------------
[INFO] Building complex 1.0-SNAPSHOT
[INFO] --------------------------------[ jar ]---------------------------------
[INFO] 
[INFO] --- maven-enforcer-plugin:1.2:enforce (enforce-maven) @ complex ---
[INFO] 
[INFO] --- jacoco-maven-plugin:0.8.5:prepare-agent (default) @ complex ---
[INFO] argLine set to -javaagent:/home/jdbl/.m2/repository/org/jacoco/org.jacoco.agent/0.8.5/org.jacoco.agent-0.8.5-runtime.jar=destfile=/tmp/tmphutrn6e5/spring-batch-examples-complex/target/jacoco.exec
[INFO] 
[INFO] --- maven-resources-plugin:2.6:resources (default-resources) @ complex ---
[INFO] Using 'UTF-8' encoding to copy filtered resources.
[INFO] Copying 21 resources
[INFO] 
[INFO] --- maven-compiler-plugin:3.1:compile (default-compile) @ complex ---
[INFO] Changes detected - recompiling the module!
[INFO] Compiling 34 source files to /tmp/tmphutrn6e5/spring-batch-examples-complex/target/classes
[WARNING] bootstrap class path not set in conjunction with -source 1.6
[INFO] 
[INFO] --- maven-resources-plugin:2.6:testResources (default-testResources) @ complex ---
[INFO] Using 'UTF-8' encoding to copy filtered resources.
[INFO] Copying 8 resources
[INFO] 
[INFO] --- maven-compiler-plugin:3.1:testCompile (default-testCompile) @ complex ---
[INFO] Changes detected - recompiling the module!
[INFO] Compiling 19 source files to /tmp/tmphutrn6e5/spring-batch-examples-complex/target/test-classes
[WARNING] bootstrap class path not set in conjunction with -source 1.6
[INFO] 
[INFO] --- maven-surefire-plugin:2.19.1:test (default-test) @ complex ---
[INFO] Surefire report directory: /tmp/tmphutrn6e5/spring-batch-examples-complex/target/surefire-reports

-------------------------------------------------------
 T E S T S
-------------------------------------------------------
OpenJDK 64-Bit Server VM warning: ignoring option MaxPermSize=512m; support was removed in 8.0
OpenJDK 64-Bit Server VM warning: ignoring option MaxPermSize=512m; support was removed in 8.0
OpenJDK 64-Bit Server VM warning: ignoring option MaxPermSize=512m; support was removed in 8.0
Running de.langmi.spring.batch.examples.complex.file.renamefile.RenameFileSimpleJobConfigurationTest
Running de.langmi.spring.batch.examples.complex.file.renamefile.RenameFilePartitionExtraStepJobConfigurationTest
Running de.langmi.spring.batch.examples.complex.file.renamefile.RenameFilePartitionJobConfigurationTest
2020-08-03 11:05:26,320 INFO main [de.langmi.spring.batch.examples.complex.support.CustomMultiResourcePartitioner] - <for inputfile:'input-2.txt' outputfilename:'output-0.txt' was created>
2020-08-03 11:05:26,321 INFO main [de.langmi.spring.batch.examples.complex.support.CustomMultiResourcePartitioner] - <for inputfile:'input-3.txt' outputfilename:'output-1.txt' was created>
2020-08-03 11:05:26,321 INFO main [de.langmi.spring.batch.examples.complex.support.CustomMultiResourcePartitioner] - <for inputfile:'input-1.txt' outputfilename:'output-2.txt' was created>
2020-08-03 11:05:26,321 INFO main [de.langmi.spring.batch.examples.complex.support.CustomMultiResourcePartitioner] - <for inputfile:'input-5.txt' outputfilename:'output-3.txt' was created>
2020-08-03 11:05:26,321 INFO main [de.langmi.spring.batch.examples.complex.support.CustomMultiResourcePartitioner] - <for inputfile:'input-0.txt' outputfilename:'output-4.txt' was created>
2020-08-03 11:05:26,321 INFO main [de.langmi.spring.batch.examples.complex.support.CustomMultiResourcePartitioner] - <for inputfile:'input-4.txt' outputfilename:'output-5.txt' was created>
2020-08-03 11:05:26,513 INFO SimpleAsyncTaskExecutor-1 [de.langmi.spring.batch.examples.complex.file.renamefile.partition.HeaderLineCallbackHandler] - <business key created:'0'>
2020-08-03 11:05:26,515 INFO SimpleAsyncTaskExecutor-2 [de.langmi.spring.batch.examples.complex.file.renamefile.partition.HeaderLineCallbackHandler] - <business key created:'2'>
2020-08-03 11:05:26,695 INFO main [de.langmi.spring.batch.examples.complex.support.CustomMultiResourcePartitioner] - <for inputfile:'input-2.txt' outputfilename:'output-0.txt' was created>
2020-08-03 11:05:26,696 INFO main [de.langmi.spring.batch.examples.complex.support.CustomMultiResourcePartitioner] - <for inputfile:'input-3.txt' outputfilename:'output-1.txt' was created>
2020-08-03 11:05:26,696 INFO main [de.langmi.spring.batch.examples.complex.support.CustomMultiResourcePartitioner] - <for inputfile:'input-1.txt' outputfilename:'output-2.txt' was created>
2020-08-03 11:05:26,697 INFO main [de.langmi.spring.batch.examples.complex.support.CustomMultiResourcePartitioner] - <for inputfile:'input-5.txt' outputfilename:'output-3.txt' was created>
2020-08-03 11:05:26,697 INFO main [de.langmi.spring.batch.examples.complex.support.CustomMultiResourcePartitioner] - <for inputfile:'input-0.txt' outputfilename:'output-4.txt' was created>
2020-08-03 11:05:26,697 INFO main [de.langmi.spring.batch.examples.complex.support.CustomMultiResourcePartitioner] - <for inputfile:'input-4.txt' outputfilename:'output-5.txt' was created>
Tests run: 1, Failures: 0, Errors: 0, Skipped: 0, Time elapsed: 4.609 sec - in de.langmi.spring.batch.examples.complex.file.renamefile.RenameFileSimpleJobConfigurationTest
2020-08-03 11:05:26,789 INFO SimpleAsyncTaskExecutor-1 [de.langmi.spring.batch.examples.complex.file.renamefile.partition.RenameFileListener] - <copied:target/test-outputs/rename-file-partition/output-4.txt to:target/test-outputs/rename-file-partition/0.txt>
2020-08-03 11:05:26,789 INFO SimpleAsyncTaskExecutor-2 [de.langmi.spring.batch.examples.complex.file.renamefile.partition.RenameFileListener] - <copied:target/test-outputs/rename-file-partition/output-0.txt to:target/test-outputs/rename-file-partition/2.txt>
2020-08-03 11:05:26,790 INFO SimpleAsyncTaskExecutor-1 [de.langmi.spring.batch.examples.complex.file.renamefile.partition.RenameFileListener] - <deleteOnExit for:target/test-outputs/rename-file-partition/output-4.txt>
2020-08-03 11:05:26,790 INFO SimpleAsyncTaskExecutor-2 [de.langmi.spring.batch.examples.complex.file.renamefile.partition.RenameFileListener] - <deleteOnExit for:target/test-outputs/rename-file-partition/output-0.txt>
2020-08-03 11:05:26,800 INFO SimpleAsyncTaskExecutor-3 [de.langmi.spring.batch.examples.complex.file.renamefile.partition.HeaderLineCallbackHandler] - <business key created:'5'>
2020-08-03 11:05:26,805 INFO SimpleAsyncTaskExecutor-4 [de.langmi.spring.batch.examples.complex.file.renamefile.partition.HeaderLineCallbackHandler] - <business key created:'4'>
2020-08-03 11:05:26,891 INFO SimpleAsyncTaskExecutor-3 [de.langmi.spring.batch.examples.complex.file.renamefile.partition.RenameFileListener] - <copied:target/test-outputs/rename-file-partition/output-3.txt to:target/test-outputs/rename-file-partition/5.txt>
2020-08-03 11:05:26,891 INFO SimpleAsyncTaskExecutor-3 [de.langmi.spring.batch.examples.complex.file.renamefile.partition.RenameFileListener] - <deleteOnExit for:target/test-outputs/rename-file-partition/output-3.txt>
2020-08-03 11:05:26,894 INFO SimpleAsyncTaskExecutor-4 [de.langmi.spring.batch.examples.complex.file.renamefile.partition.RenameFileListener] - <copied:target/test-outputs/rename-file-partition/output-5.txt to:target/test-outputs/rename-file-partition/4.txt>
2020-08-03 11:05:26,894 INFO SimpleAsyncTaskExecutor-4 [de.langmi.spring.batch.examples.complex.file.renamefile.partition.RenameFileListener] - <deleteOnExit for:target/test-outputs/rename-file-partition/output-5.txt>
2020-08-03 11:05:26,904 INFO SimpleAsyncTaskExecutor-5 [de.langmi.spring.batch.examples.complex.file.renamefile.partition.HeaderLineCallbackHandler] - <business key created:'3'>
2020-08-03 11:05:26,908 INFO SimpleAsyncTaskExecutor-6 [de.langmi.spring.batch.examples.complex.file.renamefile.partition.HeaderLineCallbackHandler] - <business key created:'1'>
2020-08-03 11:05:26,910 INFO SimpleAsyncTaskExecutor-1 [de.langmi.spring.batch.examples.complex.file.renamefile.partition.HeaderLineCallbackHandler] - <business key created:'0'>
2020-08-03 11:05:26,914 INFO SimpleAsyncTaskExecutor-2 [de.langmi.spring.batch.examples.complex.file.renamefile.partition.HeaderLineCallbackHandler] - <business key created:'2'>
2020-08-03 11:05:26,994 INFO SimpleAsyncTaskExecutor-5 [de.langmi.spring.batch.examples.complex.file.renamefile.partition.RenameFileListener] - <copied:target/test-outputs/rename-file-partition/output-1.txt to:target/test-outputs/rename-file-partition/3.txt>
2020-08-03 11:05:26,994 INFO SimpleAsyncTaskExecutor-5 [de.langmi.spring.batch.examples.complex.file.renamefile.partition.RenameFileListener] - <deleteOnExit for:target/test-outputs/rename-file-partition/output-1.txt>
2020-08-03 11:05:27,013 INFO SimpleAsyncTaskExecutor-6 [de.langmi.spring.batch.examples.complex.file.renamefile.partition.RenameFileListener] - <copied:target/test-outputs/rename-file-partition/output-2.txt to:target/test-outputs/rename-file-partition/1.txt>
2020-08-03 11:05:27,014 INFO SimpleAsyncTaskExecutor-6 [de.langmi.spring.batch.examples.complex.file.renamefile.partition.RenameFileListener] - <deleteOnExit for:target/test-outputs/rename-file-partition/output-2.txt>
Tests run: 1, Failures: 0, Errors: 0, Skipped: 0, Time elapsed: 4.897 sec - in de.langmi.spring.batch.examples.complex.file.renamefile.RenameFilePartitionJobConfigurationTest
OpenJDK 64-Bit Server VM warning: ignoring option MaxPermSize=512m; support was removed in 8.0
2020-08-03 11:05:27,118 INFO SimpleAsyncTaskExecutor-3 [de.langmi.spring.batch.examples.complex.file.renamefile.partition.HeaderLineCallbackHandler] - <business key created:'5'>
2020-08-03 11:05:27,186 INFO SimpleAsyncTaskExecutor-4 [de.langmi.spring.batch.examples.complex.file.renamefile.partition.HeaderLineCallbackHandler] - <business key created:'4'>
2020-08-03 11:05:27,231 INFO SimpleAsyncTaskExecutor-5 [de.langmi.spring.batch.examples.complex.file.renamefile.partition.HeaderLineCallbackHandler] - <business key created:'3'>
2020-08-03 11:05:27,232 INFO SimpleAsyncTaskExecutor-6 [de.langmi.spring.batch.examples.complex.file.renamefile.partition.HeaderLineCallbackHandler] - <business key created:'1'>
2020-08-03 11:05:27,329 INFO main [de.langmi.spring.batch.examples.complex.file.renamefile.partition.extrastep.RenameFilesTasklet] - <renamed:target/test-outputs/rename-file-partition-extra-step/output-0.txt to:target/test-outputs/rename-file-partition-extra-step/2.txt>
2020-08-03 11:05:27,329 INFO main [de.langmi.spring.batch.examples.complex.file.renamefile.partition.extrastep.RenameFilesTasklet] - <renamed:target/test-outputs/rename-file-partition-extra-step/output-3.txt to:target/test-outputs/rename-file-partition-extra-step/5.txt>
2020-08-03 11:05:27,329 INFO main [de.langmi.spring.batch.examples.complex.file.renamefile.partition.extrastep.RenameFilesTasklet] - <renamed:target/test-outputs/rename-file-partition-extra-step/output-5.txt to:target/test-outputs/rename-file-partition-extra-step/4.txt>
2020-08-03 11:05:27,329 INFO main [de.langmi.spring.batch.examples.complex.file.renamefile.partition.extrastep.RenameFilesTasklet] - <renamed:target/test-outputs/rename-file-partition-extra-step/output-4.txt to:target/test-outputs/rename-file-partition-extra-step/0.txt>
2020-08-03 11:05:27,329 INFO main [de.langmi.spring.batch.examples.complex.file.renamefile.partition.extrastep.RenameFilesTasklet] - <renamed:target/test-outputs/rename-file-partition-extra-step/output-2.txt to:target/test-outputs/rename-file-partition-extra-step/1.txt>
2020-08-03 11:05:27,329 INFO main [de.langmi.spring.batch.examples.complex.file.renamefile.partition.extrastep.RenameFilesTasklet] - <renamed:target/test-outputs/rename-file-partition-extra-step/output-1.txt to:target/test-outputs/rename-file-partition-extra-step/3.txt>
Tests run: 1, Failures: 0, Errors: 0, Skipped: 0, Time elapsed: 5.272 sec - in de.langmi.spring.batch.examples.complex.file.renamefile.RenameFilePartitionExtraStepJobConfigurationTest
Running de.langmi.spring.batch.examples.complex.file.split.GetLineCountTaskletTest
OpenJDK 64-Bit Server VM warning: ignoring option MaxPermSize=512m; support was removed in 8.0
Tests run: 3, Failures: 0, Errors: 0, Skipped: 0, Time elapsed: 0.101 sec - in de.langmi.spring.batch.examples.complex.file.split.GetLineCountTaskletTest
Running de.langmi.spring.batch.examples.complex.file.split.SplitFileSimpleJobConfigurationTest
OpenJDK 64-Bit Server VM warning: ignoring option MaxPermSize=512m; support was removed in 8.0
OpenJDK 64-Bit Server VM warning: ignoring option MaxPermSize=512m; support was removed in 8.0
Running de.langmi.spring.batch.examples.complex.file.split.SplitFilesItemWriterTest
Tests run: 7, Failures: 0, Errors: 0, Skipped: 0, Time elapsed: 0.118 sec - in de.langmi.spring.batch.examples.complex.file.split.SplitFilesItemWriterTest
Running de.langmi.spring.batch.examples.complex.crosscutting.interstepcommunication.jobcontext.JobContextInterStepCommunicationJobConfigurationTest
OpenJDK 64-Bit Server VM warning: ignoring option MaxPermSize=512m; support was removed in 8.0
Running de.langmi.spring.batch.examples.complex.crosscutting.interstepcommunication.promotion.PromotionInterStepCommunicationJobConfigurationTest
Tests run: 1, Failures: 0, Errors: 0, Skipped: 0, Time elapsed: 3.74 sec - in de.langmi.spring.batch.examples.complex.file.split.SplitFileSimpleJobConfigurationTest
OpenJDK 64-Bit Server VM warning: ignoring option MaxPermSize=512m; support was removed in 8.0
2020-08-03 11:05:31,901 DEBUG main [de.langmi.spring.batch.examples.complex.crosscutting.interstepcommunication.jobcontext.ChangingJobExecutionContextTasklet] - <Found value in JobExecutionContext:foo>
Tests run: 1, Failures: 0, Errors: 0, Skipped: 0, Time elapsed: 3.684 sec - in de.langmi.spring.batch.examples.complex.crosscutting.interstepcommunication.jobcontext.JobContextInterStepCommunicationJobConfigurationTest
Running de.langmi.spring.batch.examples.complex.crosscutting.interstepcommunication.databean.DatabeanInterStepCommunicationJobConfigurationTest
OpenJDK 64-Bit Server VM warning: ignoring option MaxPermSize=512m; support was removed in 8.0
2020-08-03 11:05:32,402 DEBUG main [de.langmi.spring.batch.examples.complex.crosscutting.interstepcommunication.jobcontext.ChangingJobExecutionContextTasklet] - <Found value in JobExecutionContext:foo>
Tests run: 1, Failures: 0, Errors: 0, Skipped: 0, Time elapsed: 3.423 sec - in de.langmi.spring.batch.examples.complex.crosscutting.interstepcommunication.promotion.PromotionInterStepCommunicationJobConfigurationTest
Running de.langmi.spring.batch.examples.complex.crosscutting.autothreadconf.AutoThreadConfJobConfigurationTest
OpenJDK 64-Bit Server VM warning: ignoring option MaxPermSize=512m; support was removed in 8.0
Running de.langmi.spring.batch.examples.complex.crosscutting.autothreadconf.AutoThreadConfPlaceholderJobConfigurationTest
2020-08-03 11:05:35,791 DEBUG main [de.langmi.spring.batch.examples.complex.crosscutting.interstepcommunication.databean.ChangingDataBeanTasklet] - <Read value from databean:foo>
Tests run: 1, Failures: 0, Errors: 0, Skipped: 0, Time elapsed: 3.694 sec - in de.langmi.spring.batch.examples.complex.crosscutting.interstepcommunication.databean.DatabeanInterStepCommunicationJobConfigurationTest
2020-08-03 11:05:36,099 INFO main [de.langmi.spring.batch.examples.complex.crosscutting.autothreadconf.AsyncTaskExecutorFactory] - <TaskExecutor ConcurrencyLimit:3>
OpenJDK 64-Bit Server VM warning: ignoring option MaxPermSize=512m; support was removed in 8.0
2020-08-03 11:05:36,490 INFO main [de.langmi.spring.batch.examples.complex.support.CustomMultiResourcePartitioner] - <for inputfile:'input-2.txt' outputfilename:'output-0.txt' was created>
2020-08-03 11:05:36,490 INFO main [de.langmi.spring.batch.examples.complex.support.CustomMultiResourcePartitioner] - <for inputfile:'input-3.txt' outputfilename:'output-1.txt' was created>
2020-08-03 11:05:36,491 INFO main [de.langmi.spring.batch.examples.complex.support.CustomMultiResourcePartitioner] - <for inputfile:'input-1.txt' outputfilename:'output-2.txt' was created>
2020-08-03 11:05:36,491 INFO main [de.langmi.spring.batch.examples.complex.support.CustomMultiResourcePartitioner] - <for inputfile:'input-5.txt' outputfilename:'output-3.txt' was created>
2020-08-03 11:05:36,491 INFO main [de.langmi.spring.batch.examples.complex.support.CustomMultiResourcePartitioner] - <for inputfile:'input-0.txt' outputfilename:'output-4.txt' was created>
2020-08-03 11:05:36,491 INFO main [de.langmi.spring.batch.examples.complex.support.CustomMultiResourcePartitioner] - <for inputfile:'input-4.txt' outputfilename:'output-5.txt' was created>
Running de.langmi.spring.batch.examples.complex.skip.SkipSimpleJobConfigurationTest
2020-08-03 11:05:36,811 INFO main [de.langmi.spring.batch.examples.complex.crosscutting.autothreadconf.LoggingAsyncTaskExecutor] - <TaskExecutor ConcurrencyLimit:2>
Tests run: 1, Failures: 0, Errors: 0, Skipped: 0, Time elapsed: 4.667 sec - in de.langmi.spring.batch.examples.complex.crosscutting.autothreadconf.AutoThreadConfJobConfigurationTest
2020-08-03 11:05:37,509 INFO main [de.langmi.spring.batch.examples.complex.support.CustomMultiResourcePartitioner] - <for inputfile:'input-2.txt' outputfilename:'output-0.txt' was created>
2020-08-03 11:05:37,509 INFO main [de.langmi.spring.batch.examples.complex.support.CustomMultiResourcePartitioner] - <for inputfile:'input-3.txt' outputfilename:'output-1.txt' was created>
2020-08-03 11:05:37,509 INFO main [de.langmi.spring.batch.examples.complex.support.CustomMultiResourcePartitioner] - <for inputfile:'input-1.txt' outputfilename:'output-2.txt' was created>
2020-08-03 11:05:37,509 INFO main [de.langmi.spring.batch.examples.complex.support.CustomMultiResourcePartitioner] - <for inputfile:'input-5.txt' outputfilename:'output-3.txt' was created>
2020-08-03 11:05:37,509 INFO main [de.langmi.spring.batch.examples.complex.support.CustomMultiResourcePartitioner] - <for inputfile:'input-0.txt' outputfilename:'output-4.txt' was created>
2020-08-03 11:05:37,509 INFO main [de.langmi.spring.batch.examples.complex.support.CustomMultiResourcePartitioner] - <for inputfile:'input-4.txt' outputfilename:'output-5.txt' was created>
OpenJDK 64-Bit Server VM warning: ignoring option MaxPermSize=512m; support was removed in 8.0
Tests run: 1, Failures: 0, Errors: 0, Skipped: 0, Time elapsed: 4.708 sec - in de.langmi.spring.batch.examples.complex.crosscutting.autothreadconf.AutoThreadConfPlaceholderJobConfigurationTest
Running de.langmi.spring.batch.examples.complex.skip.SkipPolicySimpleJobConfigurationTest
OpenJDK 64-Bit Server VM warning: ignoring option MaxPermSize=512m; support was removed in 8.0
Running de.langmi.spring.batch.examples.complex.jdbc.generic.export.JdbcGenericExportToFileJobConfigurationTest
2020-08-03 11:05:40,517 DEBUG main [de.langmi.spring.batch.examples.complex.skip.simple.SkipJobListener] - <before job>
2020-08-03 11:05:40,597 DEBUG main [de.langmi.spring.batch.examples.complex.skip.simple.SkipJobListener] - <before step>
2020-08-03 11:05:40,611 DEBUG main [de.langmi.spring.batch.examples.complex.skip.simple.SkipJobListener] - <before chunk>
2020-08-03 11:05:40,613 DEBUG main [de.langmi.spring.batch.examples.complex.skip.simple.SkipJobListener] - <before read>
2020-08-03 11:05:40,613 DEBUG main [de.langmi.spring.batch.examples.complex.skip.simple.SkipJobListener] - <after read:0>
2020-08-03 11:05:40,613 DEBUG main [de.langmi.spring.batch.examples.complex.skip.simple.SkipJobListener] - <before read>
2020-08-03 11:05:40,613 DEBUG main [de.langmi.spring.batch.examples.complex.skip.simple.SkipJobListener] - <after read:1>
2020-08-03 11:05:40,613 DEBUG main [de.langmi.spring.batch.examples.complex.skip.simple.SkipJobListener] - <before read>
2020-08-03 11:05:40,613 DEBUG main [de.langmi.spring.batch.examples.complex.skip.simple.SkipJobListener] - <after read:2>
2020-08-03 11:05:40,613 DEBUG main [de.langmi.spring.batch.examples.complex.skip.simple.SkipJobListener] - <before read>
2020-08-03 11:05:40,613 DEBUG main [de.langmi.spring.batch.examples.complex.skip.simple.SkipJobListener] - <after read:3>
2020-08-03 11:05:40,613 DEBUG main [de.langmi.spring.batch.examples.complex.skip.simple.SkipJobListener] - <before read>
2020-08-03 11:05:40,613 DEBUG main [de.langmi.spring.batch.examples.complex.skip.simple.SkipJobListener] - <after read:4>
2020-08-03 11:05:40,617 DEBUG main [de.langmi.spring.batch.examples.complex.skip.simple.SkipJobItemProcessor] - <processor called:0>
2020-08-03 11:05:40,617 DEBUG main [de.langmi.spring.batch.examples.complex.skip.simple.SkipJobItemProcessor] - <processor called:1>
2020-08-03 11:05:40,617 DEBUG main [de.langmi.spring.batch.examples.complex.skip.simple.SkipJobItemProcessor] - <processor called:2>
2020-08-03 11:05:40,617 DEBUG main [de.langmi.spring.batch.examples.complex.skip.simple.SkipJobItemProcessor] - <processor called:3>
2020-08-03 11:05:40,617 DEBUG main [de.langmi.spring.batch.examples.complex.skip.simple.SkipJobItemProcessor] - <processor called:4>
2020-08-03 11:05:40,618 DEBUG main [de.langmi.spring.batch.examples.complex.skip.simple.SkipJobListener] - <before write:[0, 1, 2, 3, 4]>
2020-08-03 11:05:40,618 DEBUG main [de.langmi.spring.batch.examples.complex.skip.simple.SkipJobListener] - <after write:[0, 1, 2, 3, 4]>
2020-08-03 11:05:40,685 DEBUG main [de.langmi.spring.batch.examples.complex.skip.simple.SkipJobListener] - <after chunk>
2020-08-03 11:05:40,685 DEBUG main [de.langmi.spring.batch.examples.complex.skip.simple.SkipJobListener] - <before chunk>
2020-08-03 11:05:40,686 DEBUG main [de.langmi.spring.batch.examples.complex.skip.simple.SkipJobListener] - <before read>
2020-08-03 11:05:40,686 DEBUG main [de.langmi.spring.batch.examples.complex.skip.simple.SkipJobListener] - <after read:5>
2020-08-03 11:05:40,686 DEBUG main [de.langmi.spring.batch.examples.complex.skip.simple.SkipJobListener] - <before read>
2020-08-03 11:05:40,686 DEBUG main [de.langmi.spring.batch.examples.complex.skip.simple.SkipJobListener] - <after read:6>
2020-08-03 11:05:40,686 DEBUG main [de.langmi.spring.batch.examples.complex.skip.simple.SkipJobListener] - <before read>
2020-08-03 11:05:40,686 DEBUG main [de.langmi.spring.batch.examples.complex.skip.simple.SkipJobListener] - <after read:7>
2020-08-03 11:05:40,686 DEBUG main [de.langmi.spring.batch.examples.complex.skip.simple.SkipJobListener] - <before read>
2020-08-03 11:05:40,686 DEBUG main [de.langmi.spring.batch.examples.complex.skip.simple.SkipJobListener] - <after read:8>
2020-08-03 11:05:40,686 DEBUG main [de.langmi.spring.batch.examples.complex.skip.simple.SkipJobListener] - <before read>
2020-08-03 11:05:40,686 DEBUG main [de.langmi.spring.batch.examples.complex.skip.simple.SkipJobListener] - <after read:9>
2020-08-03 11:05:40,687 DEBUG main [de.langmi.spring.batch.examples.complex.skip.simple.SkipJobItemProcessor] - <processor called:5>
2020-08-03 11:05:40,689 DEBUG main [de.langmi.spring.batch.examples.complex.skip.simple.SkipJobListener] - <before chunk>
2020-08-03 11:05:40,690 DEBUG main [de.langmi.spring.batch.examples.complex.skip.simple.SkipJobItemProcessor] - <processor called:6>
2020-08-03 11:05:40,690 DEBUG main [de.langmi.spring.batch.examples.complex.skip.simple.SkipJobItemProcessor] - <processor called:7>
2020-08-03 11:05:40,691 DEBUG main [de.langmi.spring.batch.examples.complex.skip.simple.SkipJobItemProcessor] - <processor called:8>
2020-08-03 11:05:40,691 DEBUG main [de.langmi.spring.batch.examples.complex.skip.simple.SkipJobItemProcessor] - <processor called:9>
2020-08-03 11:05:40,691 DEBUG main [de.langmi.spring.batch.examples.complex.skip.simple.SkipJobListener] - <before write:[6, 7, 8, 9]>
2020-08-03 11:05:40,691 DEBUG main [de.langmi.spring.batch.examples.complex.skip.simple.SkipJobListener] - <on write error>
2020-08-03 11:05:40,692 DEBUG main [de.langmi.spring.batch.examples.complex.skip.simple.SkipJobListener] - <before chunk>
2020-08-03 11:05:40,692 DEBUG main [de.langmi.spring.batch.examples.complex.skip.simple.SkipJobItemProcessor] - <processor called:6>
2020-08-03 11:05:40,693 DEBUG main [de.langmi.spring.batch.examples.complex.skip.simple.SkipJobListener] - <before chunk>
2020-08-03 11:05:40,694 DEBUG main [de.langmi.spring.batch.examples.complex.skip.simple.SkipJobItemProcessor] - <processor called:7>
2020-08-03 11:05:40,694 DEBUG main [de.langmi.spring.batch.examples.complex.skip.simple.SkipJobListener] - <after write:[7]>
2020-08-03 11:05:40,694 DEBUG main [de.langmi.spring.batch.examples.complex.skip.simple.SkipJobListener] - <on skip in process:5>
2020-08-03 11:05:40,694 DEBUG main [de.langmi.spring.batch.examples.complex.skip.simple.SkipJobListener] - <on skip in write:6>
2020-08-03 11:05:40,699 DEBUG main [de.langmi.spring.batch.examples.complex.skip.simple.SkipJobListener] - <after chunk>
2020-08-03 11:05:40,699 DEBUG main [de.langmi.spring.batch.examples.complex.skip.simple.SkipJobListener] - <before chunk>
2020-08-03 11:05:40,699 DEBUG main [de.langmi.spring.batch.examples.complex.skip.simple.SkipJobItemProcessor] - <processor called:8>
2020-08-03 11:05:40,699 DEBUG main [de.langmi.spring.batch.examples.complex.skip.simple.SkipJobListener] - <after write:[8]>
2020-08-03 11:05:40,702 DEBUG main [de.langmi.spring.batch.examples.complex.skip.simple.SkipJobListener] - <after chunk>
2020-08-03 11:05:40,703 DEBUG main [de.langmi.spring.batch.examples.complex.skip.simple.SkipJobListener] - <before chunk>
2020-08-03 11:05:40,703 DEBUG main [de.langmi.spring.batch.examples.complex.skip.simple.SkipJobItemProcessor] - <processor called:9>
2020-08-03 11:05:40,703 DEBUG main [de.langmi.spring.batch.examples.complex.skip.simple.SkipJobListener] - <after write:[9]>
2020-08-03 11:05:40,706 DEBUG main [de.langmi.spring.batch.examples.complex.skip.simple.SkipJobListener] - <after chunk>
2020-08-03 11:05:40,706 DEBUG main [de.langmi.spring.batch.examples.complex.skip.simple.SkipJobListener] - <before chunk>
2020-08-03 11:05:40,706 DEBUG main [de.langmi.spring.batch.examples.complex.skip.simple.SkipJobListener] - <before read>
2020-08-03 11:05:40,706 DEBUG main [de.langmi.spring.batch.examples.complex.skip.simple.SkipJobListener] - <after read:10>
2020-08-03 11:05:40,706 DEBUG main [de.langmi.spring.batch.examples.complex.skip.simple.SkipJobListener] - <before read>
2020-08-03 11:05:40,706 DEBUG main [de.langmi.spring.batch.examples.complex.skip.simple.SkipJobListener] - <after read:11>
2020-08-03 11:05:40,706 DEBUG main [de.langmi.spring.batch.examples.complex.skip.simple.SkipJobListener] - <before read>
2020-08-03 11:05:40,706 DEBUG main [de.langmi.spring.batch.examples.complex.skip.simple.SkipJobListener] - <after read:12>
2020-08-03 11:05:40,706 DEBUG main [de.langmi.spring.batch.examples.complex.skip.simple.SkipJobListener] - <before read>
2020-08-03 11:05:40,706 DEBUG main [de.langmi.spring.batch.examples.complex.skip.simple.SkipJobListener] - <after read:13>
2020-08-03 11:05:40,706 DEBUG main [de.langmi.spring.batch.examples.complex.skip.simple.SkipJobListener] - <before read>
2020-08-03 11:05:40,706 DEBUG main [de.langmi.spring.batch.examples.complex.skip.simple.SkipJobListener] - <after read:14>
2020-08-03 11:05:40,706 DEBUG main [de.langmi.spring.batch.examples.complex.skip.simple.SkipJobItemProcessor] - <processor called:10>
2020-08-03 11:05:40,707 DEBUG main [de.langmi.spring.batch.examples.complex.skip.simple.SkipJobItemProcessor] - <processor called:11>
2020-08-03 11:05:40,707 DEBUG main [de.langmi.spring.batch.examples.complex.skip.simple.SkipJobItemProcessor] - <processor called:12>
2020-08-03 11:05:40,707 DEBUG main [de.langmi.spring.batch.examples.complex.skip.simple.SkipJobItemProcessor] - <processor called:13>
2020-08-03 11:05:40,707 DEBUG main [de.langmi.spring.batch.examples.complex.skip.simple.SkipJobItemProcessor] - <processor called:14>
2020-08-03 11:05:40,707 DEBUG main [de.langmi.spring.batch.examples.complex.skip.simple.SkipJobListener] - <before write:[10, 11, 12, 13, 14]>
2020-08-03 11:05:40,707 DEBUG main [de.langmi.spring.batch.examples.complex.skip.simple.SkipJobListener] - <after write:[10, 11, 12, 13, 14]>
2020-08-03 11:05:40,709 DEBUG main [de.langmi.spring.batch.examples.complex.skip.simple.SkipJobListener] - <after chunk>
2020-08-03 11:05:40,710 DEBUG main [de.langmi.spring.batch.examples.complex.skip.simple.SkipJobListener] - <before chunk>
2020-08-03 11:05:40,710 DEBUG main [de.langmi.spring.batch.examples.complex.skip.simple.SkipJobListener] - <before read>
2020-08-03 11:05:40,710 DEBUG main [de.langmi.spring.batch.examples.complex.skip.simple.SkipJobListener] - <after read:15>
2020-08-03 11:05:40,710 DEBUG main [de.langmi.spring.batch.examples.complex.skip.simple.SkipJobListener] - <before read>
2020-08-03 11:05:40,710 DEBUG main [de.langmi.spring.batch.examples.complex.skip.simple.SkipJobListener] - <after read:16>
2020-08-03 11:05:40,710 DEBUG main [de.langmi.spring.batch.examples.complex.skip.simple.SkipJobListener] - <before read>
2020-08-03 11:05:40,710 DEBUG main [de.langmi.spring.batch.examples.complex.skip.simple.SkipJobListener] - <after read:17>
2020-08-03 11:05:40,710 DEBUG main [de.langmi.spring.batch.examples.complex.skip.simple.SkipJobListener] - <before read>
2020-08-03 11:05:40,710 DEBUG main [de.langmi.spring.batch.examples.complex.skip.simple.SkipJobListener] - <after read:18>
2020-08-03 11:05:40,710 DEBUG main [de.langmi.spring.batch.examples.complex.skip.simple.SkipJobListener] - <before read>
2020-08-03 11:05:40,710 DEBUG main [de.langmi.spring.batch.examples.complex.skip.simple.SkipJobListener] - <after read:19>
2020-08-03 11:05:40,710 DEBUG main [de.langmi.spring.batch.examples.complex.skip.simple.SkipJobItemProcessor] - <processor called:15>
2020-08-03 11:05:40,710 DEBUG main [de.langmi.spring.batch.examples.complex.skip.simple.SkipJobItemProcessor] - <processor called:16>
2020-08-03 11:05:40,711 DEBUG main [de.langmi.spring.batch.examples.complex.skip.simple.SkipJobListener] - <before chunk>
2020-08-03 11:05:40,711 DEBUG main [de.langmi.spring.batch.examples.complex.skip.simple.SkipJobItemProcessor] - <processor called:15>
2020-08-03 11:05:40,711 DEBUG main [de.langmi.spring.batch.examples.complex.skip.simple.SkipJobItemProcessor] - <processor called:17>
2020-08-03 11:05:40,711 DEBUG main [de.langmi.spring.batch.examples.complex.skip.simple.SkipJobItemProcessor] - <processor called:18>
2020-08-03 11:05:40,711 DEBUG main [de.langmi.spring.batch.examples.complex.skip.simple.SkipJobItemProcessor] - <processor called:19>
2020-08-03 11:05:40,711 DEBUG main [de.langmi.spring.batch.examples.complex.skip.simple.SkipJobListener] - <before write:[15, 17, 18, 19]>
2020-08-03 11:05:40,711 DEBUG main [de.langmi.spring.batch.examples.complex.skip.simple.SkipJobListener] - <on write error>
2020-08-03 11:05:40,711 DEBUG main [de.langmi.spring.batch.examples.complex.skip.simple.SkipJobListener] - <before chunk>
2020-08-03 11:05:40,711 DEBUG main [de.langmi.spring.batch.examples.complex.skip.simple.SkipJobItemProcessor] - <processor called:15>
2020-08-03 11:05:40,711 DEBUG main [de.langmi.spring.batch.examples.complex.skip.simple.SkipJobListener] - <after write:[15]>
2020-08-03 11:05:40,712 DEBUG main [de.langmi.spring.batch.examples.complex.skip.simple.SkipJobListener] - <on skip in process:16>
2020-08-03 11:05:40,713 DEBUG main [de.langmi.spring.batch.examples.complex.skip.simple.SkipJobListener] - <after chunk>
2020-08-03 11:05:40,714 DEBUG main [de.langmi.spring.batch.examples.complex.skip.simple.SkipJobListener] - <before chunk>
2020-08-03 11:05:40,714 DEBUG main [de.langmi.spring.batch.examples.complex.skip.simple.SkipJobItemProcessor] - <processor called:17>
2020-08-03 11:05:40,714 DEBUG main [de.langmi.spring.batch.examples.complex.skip.simple.SkipJobListener] - <before chunk>
2020-08-03 11:05:40,714 DEBUG main [de.langmi.spring.batch.examples.complex.skip.simple.SkipJobItemProcessor] - <processor called:18>
2020-08-03 11:05:40,714 DEBUG main [de.langmi.spring.batch.examples.complex.skip.simple.SkipJobListener] - <after write:[18]>
2020-08-03 11:05:40,715 DEBUG main [de.langmi.spring.batch.examples.complex.skip.simple.SkipJobListener] - <on skip in write:17>
2020-08-03 11:05:40,716 DEBUG main [de.langmi.spring.batch.examples.complex.skip.simple.SkipJobListener] - <after chunk>
2020-08-03 11:05:40,716 DEBUG main [de.langmi.spring.batch.examples.complex.skip.simple.SkipJobListener] - <before chunk>
2020-08-03 11:05:40,716 DEBUG main [de.langmi.spring.batch.examples.complex.skip.simple.SkipJobItemProcessor] - <processor called:19>
2020-08-03 11:05:40,716 DEBUG main [de.langmi.spring.batch.examples.complex.skip.simple.SkipJobListener] - <after write:[19]>
2020-08-03 11:05:40,788 DEBUG main [de.langmi.spring.batch.examples.complex.skip.simple.SkipJobListener] - <after chunk>
2020-08-03 11:05:40,788 DEBUG main [de.langmi.spring.batch.examples.complex.skip.simple.SkipJobListener] - <before chunk>
2020-08-03 11:05:40,789 DEBUG main [de.langmi.spring.batch.examples.complex.skip.simple.SkipJobListener] - <before read>
2020-08-03 11:05:40,789 DEBUG main [de.langmi.spring.batch.examples.complex.skip.simple.SkipJobListener] - <after read:null>
2020-08-03 11:05:40,792 DEBUG main [de.langmi.spring.batch.examples.complex.skip.simple.SkipJobListener] - <after chunk>
2020-08-03 11:05:40,793 DEBUG main [de.langmi.spring.batch.examples.complex.skip.simple.SkipJobListener] - <after step>
2020-08-03 11:05:40,800 DEBUG main [de.langmi.spring.batch.examples.complex.skip.simple.SkipJobListener] - <after job>
2020-08-03 11:05:40,801 DEBUG main [de.langmi.spring.batch.examples.complex.skip.simple.SkipJobListener] - <StepExecution: id=0, version=11, name=skipJobStep, status=COMPLETED, exitStatus=COMPLETED, readCount=20, filterCount=0, writeCount=16 readSkipCount=0, writeSkipCount=2, processSkipCount=2, commitCount=9, rollbackCount=6>
Tests run: 1, Failures: 0, Errors: 0, Skipped: 0, Time elapsed: 4.115 sec - in de.langmi.spring.batch.examples.complex.skip.SkipSimpleJobConfigurationTest
OpenJDK 64-Bit Server VM warning: ignoring option MaxPermSize=512m; support was removed in 8.0
Running de.langmi.spring.batch.examples.complex.jdbc.generic.export.JdbcGenericExportToDatabaseJobConfigurationTest
2020-08-03 11:05:42,104 DEBUG main [de.langmi.spring.batch.examples.complex.skip.simple.SkipJobListener] - <before job>
2020-08-03 11:05:42,112 DEBUG main [de.langmi.spring.batch.examples.complex.skip.simple.SkipJobListener] - <before step>
2020-08-03 11:05:42,119 DEBUG main [de.langmi.spring.batch.examples.complex.skip.simple.SkipJobListener] - <before chunk>
2020-08-03 11:05:42,120 DEBUG main [de.langmi.spring.batch.examples.complex.skip.simple.SkipJobListener] - <before read>
2020-08-03 11:05:42,120 DEBUG main [de.langmi.spring.batch.examples.complex.skip.simple.SkipJobListener] - <after read:0>
2020-08-03 11:05:42,120 DEBUG main [de.langmi.spring.batch.examples.complex.skip.simple.SkipJobListener] - <before read>
2020-08-03 11:05:42,120 DEBUG main [de.langmi.spring.batch.examples.complex.skip.simple.SkipJobListener] - <after read:1>
2020-08-03 11:05:42,120 DEBUG main [de.langmi.spring.batch.examples.complex.skip.simple.SkipJobListener] - <before read>
2020-08-03 11:05:42,120 DEBUG main [de.langmi.spring.batch.examples.complex.skip.simple.SkipJobListener] - <after read:2>
2020-08-03 11:05:42,120 DEBUG main [de.langmi.spring.batch.examples.complex.skip.simple.SkipJobListener] - <before read>
2020-08-03 11:05:42,120 DEBUG main [de.langmi.spring.batch.examples.complex.skip.simple.SkipJobListener] - <after read:3>
2020-08-03 11:05:42,120 DEBUG main [de.langmi.spring.batch.examples.complex.skip.simple.SkipJobListener] - <before read>
2020-08-03 11:05:42,120 DEBUG main [de.langmi.spring.batch.examples.complex.skip.simple.SkipJobListener] - <after read:4>
2020-08-03 11:05:42,191 DEBUG main [de.langmi.spring.batch.examples.complex.skip.simple.SkipJobListener] - <before write:[0, 1, 2, 3, 4]>
2020-08-03 11:05:42,191 DEBUG main [de.langmi.spring.batch.examples.complex.skip.simple.SkipJobListener] - <after write:[0, 1, 2, 3, 4]>
2020-08-03 11:05:42,196 DEBUG main [de.langmi.spring.batch.examples.complex.skip.simple.SkipJobListener] - <after chunk>
2020-08-03 11:05:42,196 DEBUG main [de.langmi.spring.batch.examples.complex.skip.simple.SkipJobListener] - <before chunk>
2020-08-03 11:05:42,196 DEBUG main [de.langmi.spring.batch.examples.complex.skip.simple.SkipJobListener] - <before read>
2020-08-03 11:05:42,196 DEBUG main [de.langmi.spring.batch.examples.complex.skip.simple.SkipJobListener] - <after read:5>
2020-08-03 11:05:42,197 DEBUG main [de.langmi.spring.batch.examples.complex.skip.simple.SkipJobListener] - <before read>
2020-08-03 11:05:42,197 DEBUG main [de.langmi.spring.batch.examples.complex.skip.simple.SkipJobListener] - <after read:6>
2020-08-03 11:05:42,197 DEBUG main [de.langmi.spring.batch.examples.complex.skip.simple.SkipJobListener] - <before read>
2020-08-03 11:05:42,197 DEBUG main [de.langmi.spring.batch.examples.complex.skip.simple.SkipJobListener] - <after read:7>
2020-08-03 11:05:42,197 DEBUG main [de.langmi.spring.batch.examples.complex.skip.simple.SkipJobListener] - <before read>
2020-08-03 11:05:42,197 DEBUG main [de.langmi.spring.batch.examples.complex.skip.simple.SkipJobListener] - <after read:8>
2020-08-03 11:05:42,197 DEBUG main [de.langmi.spring.batch.examples.complex.skip.simple.SkipJobListener] - <before read>
2020-08-03 11:05:42,197 DEBUG main [de.langmi.spring.batch.examples.complex.skip.simple.SkipJobListener] - <after read:9>
2020-08-03 11:05:42,197 DEBUG main [de.langmi.spring.batch.examples.complex.skip.simple.SkipJobListener] - <before write:[5, 6, 7, 8, 9]>
2020-08-03 11:05:42,197 DEBUG main [de.langmi.spring.batch.examples.complex.skip.simple.SkipJobListener] - <on write error>
2020-08-03 11:05:42,199 DEBUG main [de.langmi.spring.batch.examples.complex.skip.simple.SkipJobListener] - <before chunk>
2020-08-03 11:05:42,200 DEBUG main [de.langmi.spring.batch.examples.complex.skip.policy.simple.SkipJobPolicy] - <shouldSkip:de.langmi.spring.batch.examples.complex.skip.simple.SkipJobCustomException: provoked error with:6>
2020-08-03 11:05:42,200 DEBUG main [de.langmi.spring.batch.examples.complex.skip.simple.SkipJobListener] - <after write:[5]>
2020-08-03 11:05:42,204 DEBUG main [de.langmi.spring.batch.examples.complex.skip.simple.SkipJobListener] - <after chunk>
2020-08-03 11:05:42,204 DEBUG main [de.langmi.spring.batch.examples.complex.skip.simple.SkipJobListener] - <before chunk>
2020-08-03 11:05:42,204 DEBUG main [de.langmi.spring.batch.examples.complex.skip.policy.simple.SkipJobPolicy] - <shouldSkip:de.langmi.spring.batch.examples.complex.skip.simple.SkipJobCustomException: provoked error with:6>
2020-08-03 11:05:42,205 DEBUG main [de.langmi.spring.batch.examples.complex.skip.policy.simple.SkipJobPolicy] - <shouldSkip:de.langmi.spring.batch.examples.complex.skip.simple.SkipJobCustomException: provoked error with:6>
2020-08-03 11:05:42,206 DEBUG main [de.langmi.spring.batch.examples.complex.skip.simple.SkipJobListener] - <before chunk>
2020-08-03 11:05:42,206 DEBUG main [de.langmi.spring.batch.examples.complex.skip.policy.simple.SkipJobPolicy] - <shouldSkip:de.langmi.spring.batch.examples.complex.skip.simple.SkipJobCustomException: provoked error with:6>
2020-08-03 11:05:42,206 DEBUG main [de.langmi.spring.batch.examples.complex.skip.simple.SkipJobListener] - <after write:[7]>
2020-08-03 11:05:42,206 DEBUG main [de.langmi.spring.batch.examples.complex.skip.simple.SkipJobListener] - <on skip in write:6>
2020-08-03 11:05:42,208 DEBUG main [de.langmi.spring.batch.examples.complex.skip.simple.SkipJobListener] - <after chunk>
2020-08-03 11:05:42,208 DEBUG main [de.langmi.spring.batch.examples.complex.skip.simple.SkipJobListener] - <before chunk>
2020-08-03 11:05:42,208 DEBUG main [de.langmi.spring.batch.examples.complex.skip.simple.SkipJobListener] - <after write:[8]>
2020-08-03 11:05:42,210 DEBUG main [de.langmi.spring.batch.examples.complex.skip.simple.SkipJobListener] - <after chunk>
2020-08-03 11:05:42,210 DEBUG main [de.langmi.spring.batch.examples.complex.skip.simple.SkipJobListener] - <before chunk>
2020-08-03 11:05:42,210 DEBUG main [de.langmi.spring.batch.examples.complex.skip.simple.SkipJobListener] - <after write:[9]>
2020-08-03 11:05:42,212 DEBUG main [de.langmi.spring.batch.examples.complex.skip.simple.SkipJobListener] - <after chunk>
2020-08-03 11:05:42,212 DEBUG main [de.langmi.spring.batch.examples.complex.skip.simple.SkipJobListener] - <before chunk>
2020-08-03 11:05:42,212 DEBUG main [de.langmi.spring.batch.examples.complex.skip.simple.SkipJobListener] - <before read>
2020-08-03 11:05:42,212 DEBUG main [de.langmi.spring.batch.examples.complex.skip.simple.SkipJobListener] - <after read:10>
2020-08-03 11:05:42,212 DEBUG main [de.langmi.spring.batch.examples.complex.skip.simple.SkipJobListener] - <before read>
2020-08-03 11:05:42,212 DEBUG main [de.langmi.spring.batch.examples.complex.skip.simple.SkipJobListener] - <after read:11>
2020-08-03 11:05:42,212 DEBUG main [de.langmi.spring.batch.examples.complex.skip.simple.SkipJobListener] - <before read>
2020-08-03 11:05:42,212 DEBUG main [de.langmi.spring.batch.examples.complex.skip.simple.SkipJobListener] - <after read:12>
2020-08-03 11:05:42,285 DEBUG main [de.langmi.spring.batch.examples.complex.skip.simple.SkipJobListener] - <before read>
2020-08-03 11:05:42,285 DEBUG main [de.langmi.spring.batch.examples.complex.skip.simple.SkipJobListener] - <after read:13>
2020-08-03 11:05:42,285 DEBUG main [de.langmi.spring.batch.examples.complex.skip.simple.SkipJobListener] - <before read>
2020-08-03 11:05:42,285 DEBUG main [de.langmi.spring.batch.examples.complex.skip.simple.SkipJobListener] - <after read:14>
2020-08-03 11:05:42,285 DEBUG main [de.langmi.spring.batch.examples.complex.skip.simple.SkipJobListener] - <before write:[10, 11, 12, 13, 14]>
2020-08-03 11:05:42,286 DEBUG main [de.langmi.spring.batch.examples.complex.skip.simple.SkipJobListener] - <after write:[10, 11, 12, 13, 14]>
2020-08-03 11:05:42,290 DEBUG main [de.langmi.spring.batch.examples.complex.skip.simple.SkipJobListener] - <after chunk>
2020-08-03 11:05:42,290 DEBUG main [de.langmi.spring.batch.examples.complex.skip.simple.SkipJobListener] - <before chunk>
2020-08-03 11:05:42,290 DEBUG main [de.langmi.spring.batch.examples.complex.skip.simple.SkipJobListener] - <before read>
2020-08-03 11:05:42,290 DEBUG main [de.langmi.spring.batch.examples.complex.skip.simple.SkipJobListener] - <after read:15>
2020-08-03 11:05:42,290 DEBUG main [de.langmi.spring.batch.examples.complex.skip.simple.SkipJobListener] - <before read>
2020-08-03 11:05:42,290 DEBUG main [de.langmi.spring.batch.examples.complex.skip.simple.SkipJobListener] - <after read:16>
2020-08-03 11:05:42,290 DEBUG main [de.langmi.spring.batch.examples.complex.skip.simple.SkipJobListener] - <before read>
2020-08-03 11:05:42,291 DEBUG main [de.langmi.spring.batch.examples.complex.skip.simple.SkipJobListener] - <after read:17>
2020-08-03 11:05:42,291 DEBUG main [de.langmi.spring.batch.examples.complex.skip.simple.SkipJobListener] - <before read>
2020-08-03 11:05:42,291 DEBUG main [de.langmi.spring.batch.examples.complex.skip.simple.SkipJobListener] - <after read:18>
2020-08-03 11:05:42,291 DEBUG main [de.langmi.spring.batch.examples.complex.skip.simple.SkipJobListener] - <before read>
2020-08-03 11:05:42,291 DEBUG main [de.langmi.spring.batch.examples.complex.skip.simple.SkipJobListener] - <after read:19>
2020-08-03 11:05:42,291 DEBUG main [de.langmi.spring.batch.examples.complex.skip.simple.SkipJobListener] - <before write:[15, 16, 17, 18, 19]>
2020-08-03 11:05:42,291 DEBUG main [de.langmi.spring.batch.examples.complex.skip.simple.SkipJobListener] - <on write error>
2020-08-03 11:05:42,292 DEBUG main [de.langmi.spring.batch.examples.complex.skip.simple.SkipJobListener] - <before chunk>
2020-08-03 11:05:42,292 DEBUG main [de.langmi.spring.batch.examples.complex.skip.policy.simple.SkipJobPolicy] - <shouldSkip:de.langmi.spring.batch.examples.complex.skip.simple.SkipJobCustomException: provoked error with:17>
2020-08-03 11:05:42,293 DEBUG main [de.langmi.spring.batch.examples.complex.skip.simple.SkipJobListener] - <after write:[15]>
2020-08-03 11:05:42,297 DEBUG main [de.langmi.spring.batch.examples.complex.skip.simple.SkipJobListener] - <after chunk>
2020-08-03 11:05:42,297 DEBUG main [de.langmi.spring.batch.examples.complex.skip.simple.SkipJobListener] - <before chunk>
2020-08-03 11:05:42,297 DEBUG main [de.langmi.spring.batch.examples.complex.skip.simple.SkipJobListener] - <after write:[16]>
2020-08-03 11:05:42,300 DEBUG main [de.langmi.spring.batch.examples.complex.skip.simple.SkipJobListener] - <after chunk>
2020-08-03 11:05:42,300 DEBUG main [de.langmi.spring.batch.examples.complex.skip.simple.SkipJobListener] - <before chunk>
2020-08-03 11:05:42,300 DEBUG main [de.langmi.spring.batch.examples.complex.skip.policy.simple.SkipJobPolicy] - <shouldSkip:de.langmi.spring.batch.examples.complex.skip.simple.SkipJobCustomException: provoked error with:17>
2020-08-03 11:05:42,301 DEBUG main [de.langmi.spring.batch.examples.complex.skip.policy.simple.SkipJobPolicy] - <shouldSkip:de.langmi.spring.batch.examples.complex.skip.simple.SkipJobCustomException: provoked error with:17>
2020-08-03 11:05:42,301 DEBUG main [de.langmi.spring.batch.examples.complex.skip.simple.SkipJobListener] - <before chunk>
2020-08-03 11:05:42,301 DEBUG main [de.langmi.spring.batch.examples.complex.skip.policy.simple.SkipJobPolicy] - <shouldSkip:de.langmi.spring.batch.examples.complex.skip.simple.SkipJobCustomException: provoked error with:17>
2020-08-03 11:05:42,302 DEBUG main [de.langmi.spring.batch.examples.complex.skip.simple.SkipJobListener] - <after write:[18]>
2020-08-03 11:05:42,302 DEBUG main [de.langmi.spring.batch.examples.complex.skip.simple.SkipJobListener] - <on skip in write:17>
2020-08-03 11:05:42,304 DEBUG main [de.langmi.spring.batch.examples.complex.skip.simple.SkipJobListener] - <after chunk>
2020-08-03 11:05:42,304 DEBUG main [de.langmi.spring.batch.examples.complex.skip.simple.SkipJobListener] - <before chunk>
2020-08-03 11:05:42,304 DEBUG main [de.langmi.spring.batch.examples.complex.skip.simple.SkipJobListener] - <after write:[19]>
2020-08-03 11:05:42,307 DEBUG main [de.langmi.spring.batch.examples.complex.skip.simple.SkipJobListener] - <after chunk>
2020-08-03 11:05:42,307 DEBUG main [de.langmi.spring.batch.examples.complex.skip.simple.SkipJobListener] - <before chunk>
2020-08-03 11:05:42,307 DEBUG main [de.langmi.spring.batch.examples.complex.skip.simple.SkipJobListener] - <before read>
2020-08-03 11:05:42,307 DEBUG main [de.langmi.spring.batch.examples.complex.skip.simple.SkipJobListener] - <after read:null>
2020-08-03 11:05:42,309 DEBUG main [de.langmi.spring.batch.examples.complex.skip.simple.SkipJobListener] - <after chunk>
2020-08-03 11:05:42,309 DEBUG main [de.langmi.spring.batch.examples.complex.skip.simple.SkipJobListener] - <after step>
2020-08-03 11:05:42,387 DEBUG main [de.langmi.spring.batch.examples.complex.skip.simple.SkipJobListener] - <after job>
2020-08-03 11:05:42,387 DEBUG main [de.langmi.spring.batch.examples.complex.skip.simple.SkipJobListener] - <StepExecution: id=0, version=13, name=skipJobStep, status=COMPLETED, exitStatus=COMPLETED, readCount=20, filterCount=0, writeCount=18 readSkipCount=0, writeSkipCount=2, processSkipCount=0, commitCount=11, rollbackCount=4>
Tests run: 1, Failures: 0, Errors: 0, Skipped: 0, Time elapsed: 4.178 sec - in de.langmi.spring.batch.examples.complex.skip.SkipPolicySimpleJobConfigurationTest
OpenJDK 64-Bit Server VM warning: ignoring option MaxPermSize=512m; support was removed in 8.0
Tests run: 1, Failures: 0, Errors: 0, Skipped: 0, Time elapsed: 4.002 sec - in de.langmi.spring.batch.examples.complex.jdbc.generic.export.JdbcGenericExportToFileJobConfigurationTest
Running de.langmi.spring.batch.examples.complex.aggregating.writer.AggregatingItemsInWriterJobConfigurationTest
OpenJDK 64-Bit Server VM warning: ignoring option MaxPermSize=512m; support was removed in 8.0
Running de.langmi.spring.batch.examples.complex.aggregating.writer.AggregatingSimpleItemsWriterTest
Tests run: 2, Failures: 0, Errors: 0, Skipped: 0, Time elapsed: 0.182 sec - in de.langmi.spring.batch.examples.complex.aggregating.writer.AggregatingSimpleItemsWriterTest
OpenJDK 64-Bit Server VM warning: ignoring option MaxPermSize=512m; support was removed in 8.0
Running de.langmi.spring.batch.examples.complex.aggregating.reader.AggregatingItemsInReaderJobConfigurationTest
Tests run: 1, Failures: 0, Errors: 0, Skipped: 0, Time elapsed: 3.101 sec - in de.langmi.spring.batch.examples.complex.jdbc.generic.export.JdbcGenericExportToDatabaseJobConfigurationTest
OpenJDK 64-Bit Server VM warning: ignoring option MaxPermSize=512m; support was removed in 8.0
Running de.langmi.spring.batch.examples.complex.aggregating.reader.AggregateSimpleItemsReaderTest
Tests run: 2, Failures: 0, Errors: 0, Skipped: 0, Time elapsed: 0.116 sec - in de.langmi.spring.batch.examples.complex.aggregating.reader.AggregateSimpleItemsReaderTest
2020-08-03 11:05:45,819 DEBUG main [de.langmi.spring.batch.examples.complex.aggregating.AggregatedItemWriter] - <beforeStep>
2020-08-03 11:05:45,828 DEBUG main [de.langmi.spring.batch.examples.complex.aggregating.AggregatedItemWriter] - <writing:>
2020-08-03 11:05:45,828 DEBUG main [de.langmi.spring.batch.examples.complex.aggregating.AggregatedItemWriter] - <AggregatedItem{id=0, sum=2}>
2020-08-03 11:05:45,829 DEBUG main [de.langmi.spring.batch.examples.complex.aggregating.AggregatedItemWriter] - <writing:>
2020-08-03 11:05:45,829 DEBUG main [de.langmi.spring.batch.examples.complex.aggregating.AggregatedItemWriter] - <AggregatedItem{id=1, sum=2}>
2020-08-03 11:05:45,831 DEBUG main [de.langmi.spring.batch.examples.complex.aggregating.AggregatedItemWriter] - <writing:>
2020-08-03 11:05:45,831 DEBUG main [de.langmi.spring.batch.examples.complex.aggregating.AggregatedItemWriter] - <AggregatedItem{id=2, sum=2}>
2020-08-03 11:05:45,831 DEBUG main [de.langmi.spring.batch.examples.complex.aggregating.AggregatedItemWriter] - <writing:>
2020-08-03 11:05:45,831 DEBUG main [de.langmi.spring.batch.examples.complex.aggregating.AggregatedItemWriter] - <AggregatedItem{id=3, sum=2}>
2020-08-03 11:05:45,833 DEBUG main [de.langmi.spring.batch.examples.complex.aggregating.AggregatedItemWriter] - <writing:>
2020-08-03 11:05:45,833 DEBUG main [de.langmi.spring.batch.examples.complex.aggregating.AggregatedItemWriter] - <AggregatedItem{id=4, sum=2}>
2020-08-03 11:05:45,833 DEBUG main [de.langmi.spring.batch.examples.complex.aggregating.AggregatedItemWriter] - <writing:>
2020-08-03 11:05:45,833 DEBUG main [de.langmi.spring.batch.examples.complex.aggregating.AggregatedItemWriter] - <AggregatedItem{id=5, sum=2}>
2020-08-03 11:05:45,833 DEBUG main [de.langmi.spring.batch.examples.complex.aggregating.AggregatedItemWriter] - <writing:>
2020-08-03 11:05:45,833 DEBUG main [de.langmi.spring.batch.examples.complex.aggregating.AggregatedItemWriter] - <AggregatedItem{id=6, sum=2}>
2020-08-03 11:05:45,835 DEBUG main [de.langmi.spring.batch.examples.complex.aggregating.AggregatedItemWriter] - <writing:>
2020-08-03 11:05:45,835 DEBUG main [de.langmi.spring.batch.examples.complex.aggregating.AggregatedItemWriter] - <AggregatedItem{id=7, sum=2}>
2020-08-03 11:05:45,835 DEBUG main [de.langmi.spring.batch.examples.complex.aggregating.AggregatedItemWriter] - <writing:>
2020-08-03 11:05:45,835 DEBUG main [de.langmi.spring.batch.examples.complex.aggregating.AggregatedItemWriter] - <AggregatedItem{id=8, sum=2}>
2020-08-03 11:05:45,835 DEBUG main [de.langmi.spring.batch.examples.complex.aggregating.AggregatedItemWriter] - <writing:>
2020-08-03 11:05:45,835 DEBUG main [de.langmi.spring.batch.examples.complex.aggregating.AggregatedItemWriter] - <AggregatedItem{id=9, sum=2}>
2020-08-03 11:05:45,889 DEBUG main [de.langmi.spring.batch.examples.complex.aggregating.AggregatedItemWriter] - <afterStep>
Tests run: 1, Failures: 0, Errors: 0, Skipped: 0, Time elapsed: 2.856 sec - in de.langmi.spring.batch.examples.complex.aggregating.writer.AggregatingItemsInWriterJobConfigurationTest
2020-08-03 11:05:46,526 DEBUG main [de.langmi.spring.batch.examples.complex.aggregating.AggregatedItemWriter] - <beforeStep>
2020-08-03 11:05:46,534 DEBUG main [de.langmi.spring.batch.examples.complex.aggregating.AggregatedItemWriter] - <writing:>
2020-08-03 11:05:46,534 DEBUG main [de.langmi.spring.batch.examples.complex.aggregating.AggregatedItemWriter] - <AggregatedItem{id=0, sum=2}>
2020-08-03 11:05:46,534 DEBUG main [de.langmi.spring.batch.examples.complex.aggregating.AggregatedItemWriter] - <AggregatedItem{id=1, sum=2}>
2020-08-03 11:05:46,534 DEBUG main [de.langmi.spring.batch.examples.complex.aggregating.AggregatedItemWriter] - <AggregatedItem{id=2, sum=2}>
2020-08-03 11:05:46,534 DEBUG main [de.langmi.spring.batch.examples.complex.aggregating.AggregatedItemWriter] - <AggregatedItem{id=3, sum=2}>
2020-08-03 11:05:46,534 DEBUG main [de.langmi.spring.batch.examples.complex.aggregating.AggregatedItemWriter] - <AggregatedItem{id=4, sum=2}>
2020-08-03 11:05:46,536 DEBUG main [de.langmi.spring.batch.examples.complex.aggregating.AggregatedItemWriter] - <writing:>
2020-08-03 11:05:46,536 DEBUG main [de.langmi.spring.batch.examples.complex.aggregating.AggregatedItemWriter] - <AggregatedItem{id=5, sum=2}>
2020-08-03 11:05:46,536 DEBUG main [de.langmi.spring.batch.examples.complex.aggregating.AggregatedItemWriter] - <AggregatedItem{id=6, sum=2}>
2020-08-03 11:05:46,536 DEBUG main [de.langmi.spring.batch.examples.complex.aggregating.AggregatedItemWriter] - <AggregatedItem{id=7, sum=2}>
2020-08-03 11:05:46,536 DEBUG main [de.langmi.spring.batch.examples.complex.aggregating.AggregatedItemWriter] - <AggregatedItem{id=8, sum=2}>
2020-08-03 11:05:46,537 DEBUG main [de.langmi.spring.batch.examples.complex.aggregating.AggregatedItemWriter] - <AggregatedItem{id=9, sum=2}>
2020-08-03 11:05:46,539 DEBUG main [de.langmi.spring.batch.examples.complex.aggregating.AggregatedItemWriter] - <afterStep>
Tests run: 1, Failures: 0, Errors: 0, Skipped: 0, Time elapsed: 1.846 sec - in de.langmi.spring.batch.examples.complex.aggregating.reader.AggregatingItemsInReaderJobConfigurationTest

Results :

Tests run: 29, Failures: 0, Errors: 0, Skipped: 0

[INFO] 
[INFO] --- jacoco-maven-plugin:0.8.5:report (report) @ complex ---
[INFO] Skipping JaCoCo execution due to missing execution data file.
[INFO] ------------------------------------------------------------------------
[INFO] BUILD SUCCESS
[INFO] ------------------------------------------------------------------------
[INFO] Total time:  35.246 s
[INFO] Finished at: 2020-08-03T11:05:46Z
[INFO] ------------------------------------------------------------------------
