[INFO] Error stacktraces are turned on.
[INFO] Scanning for projects...
[INFO] Inspecting build with total of 1 modules...
[INFO] Installing Nexus Staging features:
[INFO]   ... total of 1 executions of maven-deploy-plugin replaced with nexus-staging-maven-plugin
[INFO] 
[INFO] -----------------< org.java-websocket:Java-WebSocket >------------------
[INFO] Building Java-WebSocket 1.3.4
[INFO] --------------------------------[ jar ]---------------------------------
[INFO] 
[INFO] --- maven-resources-plugin:2.6:resources (default-resources) @ Java-WebSocket ---
[WARNING] Using platform encoding (UTF-8 actually) to copy filtered resources, i.e. build is platform dependent!
[INFO] skip non existing resourceDirectory /tmp/tmp4propdai/Java-WebSocket/src/main/resources
[INFO] 
[INFO] --- maven-compiler-plugin:3.1:compile (default-compile) @ Java-WebSocket ---
[INFO] Changes detected - recompiling the module!
[WARNING] File encoding has not been set, using platform encoding UTF-8, i.e. build is platform dependent!
[INFO] Compiling 52 source files to /tmp/tmp4propdai/Java-WebSocket/target/classes
[WARNING] /tmp/tmp4propdai/Java-WebSocket/src/main/java/org/java_websocket/drafts/Draft_6455.java: /tmp/tmp4propdai/Java-WebSocket/src/main/java/org/java_websocket/drafts/Draft_6455.java uses or overrides a deprecated API.
[WARNING] /tmp/tmp4propdai/Java-WebSocket/src/main/java/org/java_websocket/drafts/Draft_6455.java: Recompile with -Xlint:deprecation for details.
[INFO] 
[INFO] --- maven-resources-plugin:2.6:testResources (default-testResources) @ Java-WebSocket ---
[WARNING] Using platform encoding (UTF-8 actually) to copy filtered resources, i.e. build is platform dependent!
[INFO] Copying 1 resource
[INFO] 
[INFO] --- maven-compiler-plugin:3.1:testCompile (default-testCompile) @ Java-WebSocket ---
[INFO] Changes detected - recompiling the module!
[WARNING] File encoding has not been set, using platform encoding UTF-8, i.e. build is platform dependent!
[INFO] Compiling 13 source files to /tmp/tmp4propdai/Java-WebSocket/target/test-classes
[WARNING] /tmp/tmp4propdai/Java-WebSocket/src/test/java/org/java_websocket/example/AutobahnServerTest.java: Some input files use or override a deprecated API.
[WARNING] /tmp/tmp4propdai/Java-WebSocket/src/test/java/org/java_websocket/example/AutobahnServerTest.java: Recompile with -Xlint:deprecation for details.
[INFO] 
[INFO] --- maven-surefire-plugin:2.12.4:test (default-test) @ Java-WebSocket ---
[INFO] Surefire report directory: /tmp/tmp4propdai/Java-WebSocket/target/surefire-reports

-------------------------------------------------------
 T E S T S
-------------------------------------------------------
Running org.java_websocket.framing.TextFrameTest
Tests run: 3, Failures: 0, Errors: 0, Skipped: 0, Time elapsed: 0.026 sec
Running org.java_websocket.framing.CloseFrameTest
Tests run: 3, Failures: 0, Errors: 0, Skipped: 0, Time elapsed: 0 sec
Running org.java_websocket.framing.PingFrameTest
Tests run: 3, Failures: 0, Errors: 0, Skipped: 0, Time elapsed: 0 sec
Running org.java_websocket.framing.FramedataImpl1Test
Tests run: 4, Failures: 0, Errors: 0, Skipped: 0, Time elapsed: 0 sec
Running org.java_websocket.framing.PongFrameTest
Tests run: 4, Failures: 0, Errors: 0, Skipped: 0, Time elapsed: 0 sec
Running org.java_websocket.framing.ContinuousFrameTest
Tests run: 3, Failures: 0, Errors: 0, Skipped: 0, Time elapsed: 0.001 sec
Running org.java_websocket.framing.BinaryFrameTest
Tests run: 3, Failures: 0, Errors: 0, Skipped: 0, Time elapsed: 0 sec
Running org.java_websocket.util.ByteBufferUtilsTest
Tests run: 8, Failures: 0, Errors: 0, Skipped: 0, Time elapsed: 0.002 sec

Results :

Tests run: 31, Failures: 0, Errors: 0, Skipped: 0

[INFO] 
[INFO] --- maven-jar-plugin:2.4:jar (default-jar) @ Java-WebSocket ---
[INFO] Building jar: /tmp/tmp4propdai/Java-WebSocket/target/Java-WebSocket-1.3.4.jar
[INFO] 
[INFO] --- maven-source-plugin:2.2.1:jar-no-fork (attach-sources) @ Java-WebSocket ---
[INFO] Skipping source per configuration.
[INFO] 
[INFO] --- maven-javadoc-plugin:2.9.1:jar (attach-javadocs) @ Java-WebSocket ---
[INFO] Skipping javadoc generation
[INFO] 
[INFO] --- maven-assembly-plugin:3.2.0:single (default) @ Java-WebSocket ---
[INFO] Building jar: /tmp/tmp4propdai/Java-WebSocket/target/Java-WebSocket-1.3.4-jar-with-dependencies.jar
[INFO] ------------------------------------------------------------------------
[INFO] BUILD SUCCESS
[INFO] ------------------------------------------------------------------------
[INFO] Total time:  5.078 s
[INFO] Finished at: 2020-07-30T18:17:48Z
[INFO] ------------------------------------------------------------------------
