[INFO] Error stacktraces are turned on.
[INFO] Scanning for projects...
[INFO] 
[INFO] -----------< org.apache.sling:org.apache.sling.models.impl >------------
[INFO] Building Apache Sling Models Implementation 1.4.13-SNAPSHOT
[INFO] --------------------------------[ jar ]---------------------------------
[INFO] 
[INFO] --- maven-enforcer-plugin:3.0.0-M2:enforce (enforce-maven-version) @ org.apache.sling.models.impl ---
[INFO] 
[INFO] --- maven-enforcer-plugin:3.0.0-M2:enforce (enforce-property-values) @ org.apache.sling.models.impl ---
[INFO] 
[INFO] --- maven-enforcer-plugin:3.0.0-M2:enforce (enforce-java-version) @ org.apache.sling.models.impl ---
[INFO] 
[INFO] --- maven-enforcer-plugin:3.0.0-M2:enforce (ban-maven-scr-plugin) @ org.apache.sling.models.impl ---
[INFO] 
[INFO] --- maven-enforcer-plugin:3.0.0-M2:enforce (ban-felix-scr-annotations) @ org.apache.sling.models.impl ---
[INFO] 
[INFO] --- maven-enforcer-plugin:3.0.0-M2:enforce (ban-maven-bundle-plugin) @ org.apache.sling.models.impl ---
[INFO] 
[INFO] --- maven-enforcer-plugin:3.0.0-M2:enforce (ban-maven-sling-plugin) @ org.apache.sling.models.impl ---
[INFO] 
[INFO] --- jacoco-maven-plugin:0.8.5:prepare-agent (default) @ org.apache.sling.models.impl ---
[INFO] argLine set to -javaagent:/home/jdbl/.m2/repository/org/jacoco/org.jacoco.agent/0.8.5/org.jacoco.agent-0.8.5-runtime.jar=destfile=/tmp/tmpk4b2e7rx/sling-org-apache-sling-models-impl/target/jacoco.exec
[INFO] 
[INFO] --- maven-remote-resources-plugin:1.5:process (process-resource-bundles) @ org.apache.sling.models.impl ---
[INFO] 
[INFO] --- maven-remote-resources-plugin:1.5:process (remote-resources-custom-notice) @ org.apache.sling.models.impl ---
[INFO] 
[INFO] --- maven-resources-plugin:3.1.0:resources (default-resources) @ org.apache.sling.models.impl ---
[INFO] Using 'UTF-8' encoding to copy filtered resources.
[INFO] skip non existing resourceDirectory /tmp/tmpk4b2e7rx/sling-org-apache-sling-models-impl/src/main/resources
[INFO] Copying 3 resources
[INFO] Copying 3 resources
[INFO] 
[INFO] --- maven-compiler-plugin:3.8.0:compile (default-compile) @ org.apache.sling.models.impl ---
[INFO] Changes detected - recompiling the module!
[INFO] Compiling 36 source files to /tmp/tmpk4b2e7rx/sling-org-apache-sling-models-impl/target/classes
[INFO] /tmp/tmpk4b2e7rx/sling-org-apache-sling-models-impl/src/main/java/org/apache/sling/models/impl/ModelAdapterFactory.java: Some input files use or override a deprecated API.
[INFO] /tmp/tmpk4b2e7rx/sling-org-apache-sling-models-impl/src/main/java/org/apache/sling/models/impl/ModelAdapterFactory.java: Recompile with -Xlint:deprecation for details.
[INFO] 
[INFO] --- animal-sniffer-maven-plugin:1.17:check (default) @ org.apache.sling.models.impl ---
[INFO] Signature checking is skipped.
[INFO] 
[INFO] --- bnd-maven-plugin:4.2.0:bnd-process (bnd-process) @ org.apache.sling.models.impl ---
[INFO] 
[INFO] --- maven-resources-plugin:3.1.0:testResources (default-testResources) @ org.apache.sling.models.impl ---
[INFO] Using 'UTF-8' encoding to copy filtered resources.
[INFO] skip non existing resourceDirectory /tmp/tmpk4b2e7rx/sling-org-apache-sling-models-impl/src/test/resources
[INFO] Copying 3 resources
[INFO] Copying 3 resources
[INFO] 
[INFO] --- maven-compiler-plugin:3.8.0:testCompile (default-testCompile) @ org.apache.sling.models.impl ---
[INFO] Changes detected - recompiling the module!
[INFO] Compiling 126 source files to /tmp/tmpk4b2e7rx/sling-org-apache-sling-models-impl/target/test-classes
[WARNING] /tmp/tmpk4b2e7rx/sling-org-apache-sling-models-impl/src/test/java/org/apache/sling/models/impl/AdapterFactoryTest.java:[314,23] sun.misc.Unsafe is internal proprietary API and may be removed in a future release
[WARNING] /tmp/tmpk4b2e7rx/sling-org-apache-sling-models-impl/src/test/java/org/apache/sling/models/impl/AdapterFactoryTest.java:[314,54] sun.misc.Unsafe is internal proprietary API and may be removed in a future release
[WARNING] /tmp/tmpk4b2e7rx/sling-org-apache-sling-models-impl/src/test/java/org/apache/sling/models/impl/AdapterFactoryTest.java:[317,17] sun.misc.Unsafe is internal proprietary API and may be removed in a future release
[WARNING] /tmp/tmpk4b2e7rx/sling-org-apache-sling-models-impl/src/test/java/org/apache/sling/models/impl/AdapterFactoryTest.java:[317,46] sun.misc.Unsafe is internal proprietary API and may be removed in a future release
[INFO] /tmp/tmpk4b2e7rx/sling-org-apache-sling-models-impl/src/test/java/org/apache/sling/models/impl/CustomInjectorTest.java: Some input files use or override a deprecated API.
[INFO] /tmp/tmpk4b2e7rx/sling-org-apache-sling-models-impl/src/test/java/org/apache/sling/models/impl/CustomInjectorTest.java: Recompile with -Xlint:deprecation for details.
[INFO] /tmp/tmpk4b2e7rx/sling-org-apache-sling-models-impl/src/test/java/org/apache/sling/models/impl/OSGiInjectionTest.java: Some input files use unchecked or unsafe operations.
[INFO] /tmp/tmpk4b2e7rx/sling-org-apache-sling-models-impl/src/test/java/org/apache/sling/models/impl/OSGiInjectionTest.java: Recompile with -Xlint:unchecked for details.
[INFO] 
[INFO] --- maven-surefire-plugin:2.19.1:test (default-test) @ org.apache.sling.models.impl ---
[INFO] Surefire report directory: /tmp/tmpk4b2e7rx/sling-org-apache-sling-models-impl/target/surefire-reports

-------------------------------------------------------
 T E S T S
-------------------------------------------------------
Running org.apache.sling.models.impl.RequestWrapperTest
Tests run: 1, Failures: 0, Errors: 0, Skipped: 0, Time elapsed: 0.36 sec - in org.apache.sling.models.impl.RequestWrapperTest
Running org.apache.sling.models.impl.ResourcePathInjectionTest
[main] WARN org.apache.sling.models.impl.ModelAdapterFactory - Could not adapt to model
org.apache.sling.models.factory.MissingElementsException: Could not inject all required fields into class org.apache.sling.models.testmodels.classes.ResourcePathModel
	at org.apache.sling.models.impl.ModelAdapterFactory.createObject(ModelAdapterFactory.java:747)
	at org.apache.sling.models.impl.ModelAdapterFactory.internalCreateModel(ModelAdapterFactory.java:416)
	at org.apache.sling.models.impl.ModelAdapterFactory.getAdapter(ModelAdapterFactory.java:268)
	at org.apache.sling.models.impl.ResourcePathInjectionTest.testPathInjectionWithNonResourceAdaptable(ResourcePathInjectionTest.java:121)
	at sun.reflect.NativeMethodAccessorImpl.invoke0(Native Method)
	at sun.reflect.NativeMethodAccessorImpl.invoke(NativeMethodAccessorImpl.java:62)
	at sun.reflect.DelegatingMethodAccessorImpl.invoke(DelegatingMethodAccessorImpl.java:43)
	at java.lang.reflect.Method.invoke(Method.java:498)
	at org.junit.runners.model.FrameworkMethod$1.runReflectiveCall(FrameworkMethod.java:50)
	at org.junit.internal.runners.model.ReflectiveCallable.run(ReflectiveCallable.java:12)
	at org.junit.runners.model.FrameworkMethod.invokeExplosively(FrameworkMethod.java:47)
	at org.junit.internal.runners.statements.InvokeMethod.evaluate(InvokeMethod.java:17)
	at org.junit.internal.runners.statements.RunBefores.evaluate(RunBefores.java:26)
	at org.junit.runners.ParentRunner.runLeaf(ParentRunner.java:325)
	at org.junit.runners.BlockJUnit4ClassRunner.runChild(BlockJUnit4ClassRunner.java:78)
	at org.junit.runners.BlockJUnit4ClassRunner.runChild(BlockJUnit4ClassRunner.java:57)
	at org.junit.runners.ParentRunner$3.run(ParentRunner.java:290)
	at org.junit.runners.ParentRunner$1.schedule(ParentRunner.java:71)
	at org.junit.runners.ParentRunner.runChildren(ParentRunner.java:288)
	at org.junit.runners.ParentRunner.access$000(ParentRunner.java:58)
	at org.junit.runners.ParentRunner$2.evaluate(ParentRunner.java:268)
	at org.junit.runners.ParentRunner.run(ParentRunner.java:363)
	at org.mockito.internal.runners.JUnit45AndHigherRunnerImpl.run(JUnit45AndHigherRunnerImpl.java:37)
	at org.mockito.runners.MockitoJUnitRunner.run(MockitoJUnitRunner.java:62)
	at org.apache.maven.surefire.junit4.JUnit4Provider.execute(JUnit4Provider.java:367)
	at org.apache.maven.surefire.junit4.JUnit4Provider.executeWithRerun(JUnit4Provider.java:274)
	at org.apache.maven.surefire.junit4.JUnit4Provider.executeTestSet(JUnit4Provider.java:238)
	at org.apache.maven.surefire.junit4.JUnit4Provider.invoke(JUnit4Provider.java:161)
	at org.apache.maven.surefire.booter.ForkedBooter.invokeProviderInSameClassLoader(ForkedBooter.java:290)
	at org.apache.maven.surefire.booter.ForkedBooter.runSuitesInProcess(ForkedBooter.java:242)
	at org.apache.maven.surefire.booter.ForkedBooter.main(ForkedBooter.java:121)
	Suppressed: org.apache.sling.models.factory.MissingElementException: Could not inject private org.apache.sling.api.resource.Resource org.apache.sling.models.testmodels.classes.ResourcePathModel.fromPath
		at org.apache.sling.models.impl.ModelAdapterFactory.createObject(ModelAdapterFactory.java:731)
		... 30 more
	Caused by: org.apache.sling.models.factory.ModelClassException: No injector returned a non-null value!
		at org.apache.sling.models.impl.ModelAdapterFactory.injectElement(ModelAdapterFactory.java:608)
		at org.apache.sling.models.impl.ModelAdapterFactory.createObject(ModelAdapterFactory.java:726)
		... 30 more
	Suppressed: org.apache.sling.models.factory.MissingElementException: Could not inject private org.apache.sling.api.resource.Resource org.apache.sling.models.testmodels.classes.ResourcePathModel.derefProperty
		at org.apache.sling.models.impl.ModelAdapterFactory.createObject(ModelAdapterFactory.java:731)
		... 30 more
	Caused by: org.apache.sling.models.factory.ModelClassException: No injector returned a non-null value!
		at org.apache.sling.models.impl.ModelAdapterFactory.injectElement(ModelAdapterFactory.java:608)
		at org.apache.sling.models.impl.ModelAdapterFactory.createObject(ModelAdapterFactory.java:726)
		... 30 more
	Suppressed: org.apache.sling.models.factory.MissingElementException: Could not inject private java.util.List org.apache.sling.models.testmodels.classes.ResourcePathModel.manyFromPath
		at org.apache.sling.models.impl.ModelAdapterFactory.createObject(ModelAdapterFactory.java:731)
		... 30 more
	Caused by: org.apache.sling.models.factory.ModelClassException: No injector returned a non-null value!
		at org.apache.sling.models.impl.ModelAdapterFactory.injectElement(ModelAdapterFactory.java:608)
		at org.apache.sling.models.impl.ModelAdapterFactory.createObject(ModelAdapterFactory.java:726)
		... 30 more
	Suppressed: org.apache.sling.models.factory.MissingElementException: Could not inject private java.util.List org.apache.sling.models.testmodels.classes.ResourcePathModel.manyFromPath2
		at org.apache.sling.models.impl.ModelAdapterFactory.createObject(ModelAdapterFactory.java:731)
		... 30 more
	Caused by: org.apache.sling.models.factory.ModelClassException: No injector returned a non-null value!
		at org.apache.sling.models.impl.ModelAdapterFactory.injectElement(ModelAdapterFactory.java:608)
		at org.apache.sling.models.impl.ModelAdapterFactory.createObject(ModelAdapterFactory.java:726)
		... 30 more
	Suppressed: org.apache.sling.models.factory.MissingElementException: Could not inject private org.apache.sling.api.resource.Resource org.apache.sling.models.testmodels.classes.ResourcePathModel.fromPath2
		at org.apache.sling.models.impl.ModelAdapterFactory.createObject(ModelAdapterFactory.java:731)
		... 30 more
	Caused by: org.apache.sling.models.factory.ModelClassException: No injector returned a non-null value!
		at org.apache.sling.models.impl.ModelAdapterFactory.injectElement(ModelAdapterFactory.java:608)
		at org.apache.sling.models.impl.ModelAdapterFactory.createObject(ModelAdapterFactory.java:726)
		... 30 more
	Suppressed: org.apache.sling.models.factory.MissingElementException: Could not inject private java.util.List org.apache.sling.models.testmodels.classes.ResourcePathModel.multipleResources
		at org.apache.sling.models.impl.ModelAdapterFactory.createObject(ModelAdapterFactory.java:731)
		... 30 more
	Caused by: org.apache.sling.models.factory.ModelClassException: No injector returned a non-null value!
		at org.apache.sling.models.impl.ModelAdapterFactory.injectElement(ModelAdapterFactory.java:608)
		at org.apache.sling.models.impl.ModelAdapterFactory.createObject(ModelAdapterFactory.java:726)
		... 30 more
	Suppressed: org.apache.sling.models.factory.MissingElementException: Could not inject private java.util.List org.apache.sling.models.testmodels.classes.ResourcePathModel.propertyWithSeveralPaths
		at org.apache.sling.models.impl.ModelAdapterFactory.createObject(ModelAdapterFactory.java:731)
		... 30 more
	Caused by: org.apache.sling.models.factory.ModelClassException: No injector returned a non-null value!
		at org.apache.sling.models.impl.ModelAdapterFactory.injectElement(ModelAdapterFactory.java:608)
		at org.apache.sling.models.impl.ModelAdapterFactory.createObject(ModelAdapterFactory.java:726)
		... 30 more
	Suppressed: org.apache.sling.models.factory.MissingElementException: Could not inject private org.apache.sling.api.resource.Resource org.apache.sling.models.testmodels.classes.ResourcePathModel.derefProperty2
		at org.apache.sling.models.impl.ModelAdapterFactory.createObject(ModelAdapterFactory.java:731)
		... 30 more
	Caused by: org.apache.sling.models.factory.ModelClassException: No injector returned a non-null value!
		at org.apache.sling.models.impl.ModelAdapterFactory.injectElement(ModelAdapterFactory.java:608)
		at org.apache.sling.models.impl.ModelAdapterFactory.createObject(ModelAdapterFactory.java:726)
		... 30 more
[main] WARN org.apache.sling.models.impl.injectors.ResourcePathInjector - Could not retrieve resource at path /some/other/path for field propertyWithSeveralPaths. Since it is required it won't be injected.
[main] WARN org.apache.sling.models.impl.injectors.ResourcePathInjector - Could not retrieve resource at path /some/other/path for field propertyWithSeveralPaths. Since it is required it won't be injected.
[main] WARN org.apache.sling.models.impl.injectors.ResourcePathInjector - Could not retrieve resource at path /does/not/exist for field propertyWithMissingPaths. Since it is required it won't be injected.
[main] WARN org.apache.sling.models.impl.injectors.ResourcePathInjector - Could not retrieve resource at path /does/not/exist for field propertyWithMissingPaths. Since it is required it won't be injected.
[main] WARN org.apache.sling.models.impl.injectors.ResourcePathInjector - Could not retrieve resource at path /does/not/exist for field propertyWithMissingPaths. Since it is required it won't be injected.
[main] WARN org.apache.sling.models.impl.ModelAdapterFactory - Could not adapt to model
org.apache.sling.models.factory.MissingElementsException: Could not inject all required fields into class org.apache.sling.models.testmodels.classes.ResourcePathPartialModel
	at org.apache.sling.models.impl.ModelAdapterFactory.createObject(ModelAdapterFactory.java:747)
	at org.apache.sling.models.impl.ModelAdapterFactory.internalCreateModel(ModelAdapterFactory.java:416)
	at org.apache.sling.models.impl.ModelAdapterFactory.getAdapter(ModelAdapterFactory.java:268)
	at org.apache.sling.models.impl.ResourcePathInjectionTest.testPartialInjectionFailure1(ResourcePathInjectionTest.java:166)
	at sun.reflect.NativeMethodAccessorImpl.invoke0(Native Method)
	at sun.reflect.NativeMethodAccessorImpl.invoke(NativeMethodAccessorImpl.java:62)
	at sun.reflect.DelegatingMethodAccessorImpl.invoke(DelegatingMethodAccessorImpl.java:43)
	at java.lang.reflect.Method.invoke(Method.java:498)
	at org.junit.runners.model.FrameworkMethod$1.runReflectiveCall(FrameworkMethod.java:50)
	at org.junit.internal.runners.model.ReflectiveCallable.run(ReflectiveCallable.java:12)
	at org.junit.runners.model.FrameworkMethod.invokeExplosively(FrameworkMethod.java:47)
	at org.junit.internal.runners.statements.InvokeMethod.evaluate(InvokeMethod.java:17)
	at org.junit.internal.runners.statements.RunBefores.evaluate(RunBefores.java:26)
	at org.junit.runners.ParentRunner.runLeaf(ParentRunner.java:325)
	at org.junit.runners.BlockJUnit4ClassRunner.runChild(BlockJUnit4ClassRunner.java:78)
	at org.junit.runners.BlockJUnit4ClassRunner.runChild(BlockJUnit4ClassRunner.java:57)
	at org.junit.runners.ParentRunner$3.run(ParentRunner.java:290)
	at org.junit.runners.ParentRunner$1.schedule(ParentRunner.java:71)
	at org.junit.runners.ParentRunner.runChildren(ParentRunner.java:288)
	at org.junit.runners.ParentRunner.access$000(ParentRunner.java:58)
	at org.junit.runners.ParentRunner$2.evaluate(ParentRunner.java:268)
	at org.junit.runners.ParentRunner.run(ParentRunner.java:363)
	at org.mockito.internal.runners.JUnit45AndHigherRunnerImpl.run(JUnit45AndHigherRunnerImpl.java:37)
	at org.mockito.runners.MockitoJUnitRunner.run(MockitoJUnitRunner.java:62)
	at org.apache.maven.surefire.junit4.JUnit4Provider.execute(JUnit4Provider.java:367)
	at org.apache.maven.surefire.junit4.JUnit4Provider.executeWithRerun(JUnit4Provider.java:274)
	at org.apache.maven.surefire.junit4.JUnit4Provider.executeTestSet(JUnit4Provider.java:238)
	at org.apache.maven.surefire.junit4.JUnit4Provider.invoke(JUnit4Provider.java:161)
	at org.apache.maven.surefire.booter.ForkedBooter.invokeProviderInSameClassLoader(ForkedBooter.java:290)
	at org.apache.maven.surefire.booter.ForkedBooter.runSuitesInProcess(ForkedBooter.java:242)
	at org.apache.maven.surefire.booter.ForkedBooter.main(ForkedBooter.java:121)
	Suppressed: org.apache.sling.models.factory.MissingElementException: Could not inject private java.util.List org.apache.sling.models.testmodels.classes.ResourcePathPartialModel.requiredResources
		at org.apache.sling.models.impl.ModelAdapterFactory.createObject(ModelAdapterFactory.java:731)
		... 30 more
	Caused by: org.apache.sling.models.factory.ModelClassException: No injector returned a non-null value!
		at org.apache.sling.models.impl.ModelAdapterFactory.injectElement(ModelAdapterFactory.java:608)
		at org.apache.sling.models.impl.ModelAdapterFactory.createObject(ModelAdapterFactory.java:726)
		... 30 more
	Suppressed: org.apache.sling.models.factory.MissingElementException: Could not inject private java.util.List org.apache.sling.models.testmodels.classes.ResourcePathPartialModel.requiredResources2
		at org.apache.sling.models.impl.ModelAdapterFactory.createObject(ModelAdapterFactory.java:731)
		... 30 more
	Caused by: org.apache.sling.models.factory.ModelClassException: No injector returned a non-null value!
		at org.apache.sling.models.impl.ModelAdapterFactory.injectElement(ModelAdapterFactory.java:608)
		at org.apache.sling.models.impl.ModelAdapterFactory.createObject(ModelAdapterFactory.java:726)
		... 30 more
[main] WARN org.apache.sling.models.impl.injectors.ResourcePathInjector - Could not retrieve resource at path /some/other/path for field propertyWithSeveralPaths. Since it is required it won't be injected.
[main] WARN org.apache.sling.models.impl.injectors.ResourcePathInjector - Could not retrieve resource at path /some/other/path for field propertyWithSeveralPaths. Since it is required it won't be injected.
[main] WARN org.apache.sling.models.impl.injectors.ResourcePathInjector - Could not retrieve resource at path /does/not/exist for field propertyWithMissingPaths. Since it is required it won't be injected.
[main] WARN org.apache.sling.models.impl.injectors.ResourcePathInjector - Could not retrieve resource at path /does/not/exist for field propertyWithMissingPaths. Since it is required it won't be injected.
[main] WARN org.apache.sling.models.impl.injectors.ResourcePathInjector - Could not retrieve resource at path /does/not/exist for field propertyWithMissingPaths. Since it is required it won't be injected.
[main] WARN org.apache.sling.models.impl.ModelAdapterFactory - Could not adapt to model
org.apache.sling.models.factory.MissingElementsException: Could not inject all required fields into class org.apache.sling.models.testmodels.classes.ResourcePathPartialModel
	at org.apache.sling.models.impl.ModelAdapterFactory.createObject(ModelAdapterFactory.java:747)
	at org.apache.sling.models.impl.ModelAdapterFactory.internalCreateModel(ModelAdapterFactory.java:416)
	at org.apache.sling.models.impl.ModelAdapterFactory.getAdapter(ModelAdapterFactory.java:268)
	at org.apache.sling.models.impl.ResourcePathInjectionTest.testPartialInjectionFailure2(ResourcePathInjectionTest.java:175)
	at sun.reflect.NativeMethodAccessorImpl.invoke0(Native Method)
	at sun.reflect.NativeMethodAccessorImpl.invoke(NativeMethodAccessorImpl.java:62)
	at sun.reflect.DelegatingMethodAccessorImpl.invoke(DelegatingMethodAccessorImpl.java:43)
	at java.lang.reflect.Method.invoke(Method.java:498)
	at org.junit.runners.model.FrameworkMethod$1.runReflectiveCall(FrameworkMethod.java:50)
	at org.junit.internal.runners.model.ReflectiveCallable.run(ReflectiveCallable.java:12)
	at org.junit.runners.model.FrameworkMethod.invokeExplosively(FrameworkMethod.java:47)
	at org.junit.internal.runners.statements.InvokeMethod.evaluate(InvokeMethod.java:17)
	at org.junit.internal.runners.statements.RunBefores.evaluate(RunBefores.java:26)
	at org.junit.runners.ParentRunner.runLeaf(ParentRunner.java:325)
	at org.junit.runners.BlockJUnit4ClassRunner.runChild(BlockJUnit4ClassRunner.java:78)
	at org.junit.runners.BlockJUnit4ClassRunner.runChild(BlockJUnit4ClassRunner.java:57)
	at org.junit.runners.ParentRunner$3.run(ParentRunner.java:290)
	at org.junit.runners.ParentRunner$1.schedule(ParentRunner.java:71)
	at org.junit.runners.ParentRunner.runChildren(ParentRunner.java:288)
	at org.junit.runners.ParentRunner.access$000(ParentRunner.java:58)
	at org.junit.runners.ParentRunner$2.evaluate(ParentRunner.java:268)
	at org.junit.runners.ParentRunner.run(ParentRunner.java:363)
	at org.mockito.internal.runners.JUnit45AndHigherRunnerImpl.run(JUnit45AndHigherRunnerImpl.java:37)
	at org.mockito.runners.MockitoJUnitRunner.run(MockitoJUnitRunner.java:62)
	at org.apache.maven.surefire.junit4.JUnit4Provider.execute(JUnit4Provider.java:367)
	at org.apache.maven.surefire.junit4.JUnit4Provider.executeWithRerun(JUnit4Provider.java:274)
	at org.apache.maven.surefire.junit4.JUnit4Provider.executeTestSet(JUnit4Provider.java:238)
	at org.apache.maven.surefire.junit4.JUnit4Provider.invoke(JUnit4Provider.java:161)
	at org.apache.maven.surefire.booter.ForkedBooter.invokeProviderInSameClassLoader(ForkedBooter.java:290)
	at org.apache.maven.surefire.booter.ForkedBooter.runSuitesInProcess(ForkedBooter.java:242)
	at org.apache.maven.surefire.booter.ForkedBooter.main(ForkedBooter.java:121)
	Suppressed: org.apache.sling.models.factory.MissingElementException: Could not inject private java.util.List org.apache.sling.models.testmodels.classes.ResourcePathPartialModel.requiredResources
		at org.apache.sling.models.impl.ModelAdapterFactory.createObject(ModelAdapterFactory.java:731)
		... 30 more
	Caused by: org.apache.sling.models.factory.ModelClassException: No injector returned a non-null value!
		at org.apache.sling.models.impl.ModelAdapterFactory.injectElement(ModelAdapterFactory.java:608)
		at org.apache.sling.models.impl.ModelAdapterFactory.createObject(ModelAdapterFactory.java:726)
		... 30 more
	Suppressed: org.apache.sling.models.factory.MissingElementException: Could not inject private java.util.List org.apache.sling.models.testmodels.classes.ResourcePathPartialModel.requiredResources2
		at org.apache.sling.models.impl.ModelAdapterFactory.createObject(ModelAdapterFactory.java:731)
		... 30 more
	Caused by: org.apache.sling.models.factory.ModelClassException: No injector returned a non-null value!
		at org.apache.sling.models.impl.ModelAdapterFactory.injectElement(ModelAdapterFactory.java:608)
		at org.apache.sling.models.impl.ModelAdapterFactory.createObject(ModelAdapterFactory.java:726)
		... 30 more
Tests run: 7, Failures: 0, Errors: 0, Skipped: 0, Time elapsed: 0.136 sec - in org.apache.sling.models.impl.ResourcePathInjectionTest
Running org.apache.sling.models.impl.CachingTest
Tests run: 4, Failures: 0, Errors: 0, Skipped: 0, Time elapsed: 0.002 sec - in org.apache.sling.models.impl.CachingTest
Running org.apache.sling.models.impl.StaticInjectionAPFLoadOrderTest
Tests run: 4, Failures: 0, Errors: 0, Skipped: 0, Time elapsed: 0.348 sec - in org.apache.sling.models.impl.StaticInjectionAPFLoadOrderTest
Running org.apache.sling.models.impl.RequestInjectionTest
Tests run: 2, Failures: 0, Errors: 0, Skipped: 0, Time elapsed: 0.019 sec - in org.apache.sling.models.impl.RequestInjectionTest
Running org.apache.sling.models.impl.injectors.SelfInjectorTest
Tests run: 6, Failures: 0, Errors: 0, Skipped: 0, Time elapsed: 0.016 sec - in org.apache.sling.models.impl.injectors.SelfInjectorTest
Running org.apache.sling.models.impl.injectors.BindingsInjectorTest
Tests run: 5, Failures: 0, Errors: 0, Skipped: 0, Time elapsed: 0.015 sec - in org.apache.sling.models.impl.injectors.BindingsInjectorTest
Running org.apache.sling.models.impl.injectors.ValueMapInjectorTest
Tests run: 5, Failures: 0, Errors: 0, Skipped: 0, Time elapsed: 0.006 sec - in org.apache.sling.models.impl.injectors.ValueMapInjectorTest
Running org.apache.sling.models.impl.injectors.RequestAttributeInjectorTest
Tests run: 4, Failures: 0, Errors: 0, Skipped: 0, Time elapsed: 0.001 sec - in org.apache.sling.models.impl.injectors.RequestAttributeInjectorTest
Running org.apache.sling.models.impl.injectors.ResourceResolverInjectorTest
Tests run: 3, Failures: 0, Errors: 0, Skipped: 0, Time elapsed: 0.006 sec - in org.apache.sling.models.impl.injectors.ResourceResolverInjectorTest
Running org.apache.sling.models.impl.injectors.SlingObjectInjectorResourceTest
Tests run: 6, Failures: 0, Errors: 0, Skipped: 0, Time elapsed: 0.001 sec - in org.apache.sling.models.impl.injectors.SlingObjectInjectorResourceTest
Running org.apache.sling.models.impl.injectors.SlingObjectInjectorRequestTest
Tests run: 6, Failures: 0, Errors: 0, Skipped: 0, Time elapsed: 0.003 sec - in org.apache.sling.models.impl.injectors.SlingObjectInjectorRequestTest
Running org.apache.sling.models.impl.injectors.SlingObjectInjectorResourceResolverTest
Tests run: 6, Failures: 0, Errors: 0, Skipped: 0, Time elapsed: 0 sec - in org.apache.sling.models.impl.injectors.SlingObjectInjectorResourceResolverTest
Running org.apache.sling.models.impl.InterfaceInheritanceTest
Tests run: 1, Failures: 0, Errors: 0, Skipped: 0, Time elapsed: 0 sec - in org.apache.sling.models.impl.InterfaceInheritanceTest
Running org.apache.sling.models.impl.ResourceModelClassesTest
[main] WARN org.apache.sling.models.impl.ModelAdapterFactory - Could not adapt to model
org.apache.sling.models.factory.MissingElementsException: Could not inject all required fields into class org.apache.sling.models.testmodels.classes.ResourceModelWithRequiredField
	at org.apache.sling.models.impl.ModelAdapterFactory.createObject(ModelAdapterFactory.java:747)
	at org.apache.sling.models.impl.ModelAdapterFactory.internalCreateModel(ModelAdapterFactory.java:416)
	at org.apache.sling.models.impl.ModelAdapterFactory.getAdapter(ModelAdapterFactory.java:268)
	at org.apache.sling.models.impl.ResourceModelClassesTest.testRequiredPropertyModel(ResourceModelClassesTest.java:179)
	at sun.reflect.NativeMethodAccessorImpl.invoke0(Native Method)
	at sun.reflect.NativeMethodAccessorImpl.invoke(NativeMethodAccessorImpl.java:62)
	at sun.reflect.DelegatingMethodAccessorImpl.invoke(DelegatingMethodAccessorImpl.java:43)
	at java.lang.reflect.Method.invoke(Method.java:498)
	at org.junit.runners.model.FrameworkMethod$1.runReflectiveCall(FrameworkMethod.java:50)
	at org.junit.internal.runners.model.ReflectiveCallable.run(ReflectiveCallable.java:12)
	at org.junit.runners.model.FrameworkMethod.invokeExplosively(FrameworkMethod.java:47)
	at org.junit.internal.runners.statements.InvokeMethod.evaluate(InvokeMethod.java:17)
	at org.junit.internal.runners.statements.RunBefores.evaluate(RunBefores.java:26)
	at org.junit.runners.ParentRunner.runLeaf(ParentRunner.java:325)
	at org.junit.runners.BlockJUnit4ClassRunner.runChild(BlockJUnit4ClassRunner.java:78)
	at org.junit.runners.BlockJUnit4ClassRunner.runChild(BlockJUnit4ClassRunner.java:57)
	at org.junit.runners.ParentRunner$3.run(ParentRunner.java:290)
	at org.junit.runners.ParentRunner$1.schedule(ParentRunner.java:71)
	at org.junit.runners.ParentRunner.runChildren(ParentRunner.java:288)
	at org.junit.runners.ParentRunner.access$000(ParentRunner.java:58)
	at org.junit.runners.ParentRunner$2.evaluate(ParentRunner.java:268)
	at org.junit.runners.ParentRunner.run(ParentRunner.java:363)
	at org.mockito.internal.runners.JUnit45AndHigherRunnerImpl.run(JUnit45AndHigherRunnerImpl.java:37)
	at org.mockito.runners.MockitoJUnitRunner.run(MockitoJUnitRunner.java:62)
	at org.apache.maven.surefire.junit4.JUnit4Provider.execute(JUnit4Provider.java:367)
	at org.apache.maven.surefire.junit4.JUnit4Provider.executeWithRerun(JUnit4Provider.java:274)
	at org.apache.maven.surefire.junit4.JUnit4Provider.executeTestSet(JUnit4Provider.java:238)
	at org.apache.maven.surefire.junit4.JUnit4Provider.invoke(JUnit4Provider.java:161)
	at org.apache.maven.surefire.booter.ForkedBooter.invokeProviderInSameClassLoader(ForkedBooter.java:290)
	at org.apache.maven.surefire.booter.ForkedBooter.runSuitesInProcess(ForkedBooter.java:242)
	at org.apache.maven.surefire.booter.ForkedBooter.main(ForkedBooter.java:121)
	Suppressed: org.apache.sling.models.factory.MissingElementException: Could not inject private java.lang.String org.apache.sling.models.testmodels.classes.ResourceModelWithRequiredField.required
		at org.apache.sling.models.impl.ModelAdapterFactory.createObject(ModelAdapterFactory.java:731)
		... 30 more
	Caused by: org.apache.sling.models.factory.ModelClassException: No injector returned a non-null value!
		at org.apache.sling.models.impl.ModelAdapterFactory.injectElement(ModelAdapterFactory.java:608)
		at org.apache.sling.models.impl.ModelAdapterFactory.createObject(ModelAdapterFactory.java:726)
		... 30 more
[main] WARN org.apache.sling.models.impl.ModelAdapterFactory - Could not adapt to model
org.apache.sling.models.factory.MissingElementsException: Could not inject all required fields into class org.apache.sling.models.testmodels.classes.ResourceModelWithRequiredFieldOptionalStrategy
	at org.apache.sling.models.impl.ModelAdapterFactory.createObject(ModelAdapterFactory.java:747)
	at org.apache.sling.models.impl.ModelAdapterFactory.internalCreateModel(ModelAdapterFactory.java:416)
	at org.apache.sling.models.impl.ModelAdapterFactory.getAdapter(ModelAdapterFactory.java:268)
	at org.apache.sling.models.impl.ResourceModelClassesTest.testRequiredPropertyMissingModelOptionalStrategy(ResourceModelClassesTest.java:216)
	at sun.reflect.NativeMethodAccessorImpl.invoke0(Native Method)
	at sun.reflect.NativeMethodAccessorImpl.invoke(NativeMethodAccessorImpl.java:62)
	at sun.reflect.DelegatingMethodAccessorImpl.invoke(DelegatingMethodAccessorImpl.java:43)
	at java.lang.reflect.Method.invoke(Method.java:498)
	at org.junit.runners.model.FrameworkMethod$1.runReflectiveCall(FrameworkMethod.java:50)
	at org.junit.internal.runners.model.ReflectiveCallable.run(ReflectiveCallable.java:12)
	at org.junit.runners.model.FrameworkMethod.invokeExplosively(FrameworkMethod.java:47)
	at org.junit.internal.runners.statements.InvokeMethod.evaluate(InvokeMethod.java:17)
	at org.junit.internal.runners.statements.RunBefores.evaluate(RunBefores.java:26)
	at org.junit.runners.ParentRunner.runLeaf(ParentRunner.java:325)
	at org.junit.runners.BlockJUnit4ClassRunner.runChild(BlockJUnit4ClassRunner.java:78)
	at org.junit.runners.BlockJUnit4ClassRunner.runChild(BlockJUnit4ClassRunner.java:57)
	at org.junit.runners.ParentRunner$3.run(ParentRunner.java:290)
	at org.junit.runners.ParentRunner$1.schedule(ParentRunner.java:71)
	at org.junit.runners.ParentRunner.runChildren(ParentRunner.java:288)
	at org.junit.runners.ParentRunner.access$000(ParentRunner.java:58)
	at org.junit.runners.ParentRunner$2.evaluate(ParentRunner.java:268)
	at org.junit.runners.ParentRunner.run(ParentRunner.java:363)
	at org.mockito.internal.runners.JUnit45AndHigherRunnerImpl.run(JUnit45AndHigherRunnerImpl.java:37)
	at org.mockito.runners.MockitoJUnitRunner.run(MockitoJUnitRunner.java:62)
	at org.apache.maven.surefire.junit4.JUnit4Provider.execute(JUnit4Provider.java:367)
	at org.apache.maven.surefire.junit4.JUnit4Provider.executeWithRerun(JUnit4Provider.java:274)
	at org.apache.maven.surefire.junit4.JUnit4Provider.executeTestSet(JUnit4Provider.java:238)
	at org.apache.maven.surefire.junit4.JUnit4Provider.invoke(JUnit4Provider.java:161)
	at org.apache.maven.surefire.booter.ForkedBooter.invokeProviderInSameClassLoader(ForkedBooter.java:290)
	at org.apache.maven.surefire.booter.ForkedBooter.runSuitesInProcess(ForkedBooter.java:242)
	at org.apache.maven.surefire.booter.ForkedBooter.main(ForkedBooter.java:121)
	Suppressed: org.apache.sling.models.factory.MissingElementException: Could not inject private java.lang.String org.apache.sling.models.testmodels.classes.ResourceModelWithRequiredFieldOptionalStrategy.required1
		at org.apache.sling.models.impl.ModelAdapterFactory.createObject(ModelAdapterFactory.java:731)
		... 30 more
	Caused by: org.apache.sling.models.factory.ModelClassException: No injector returned a non-null value!
		at org.apache.sling.models.impl.ModelAdapterFactory.injectElement(ModelAdapterFactory.java:608)
		at org.apache.sling.models.impl.ModelAdapterFactory.createObject(ModelAdapterFactory.java:726)
		... 30 more
	Suppressed: org.apache.sling.models.factory.MissingElementException: Could not inject private java.lang.String org.apache.sling.models.testmodels.classes.ResourceModelWithRequiredFieldOptionalStrategy.required2
		at org.apache.sling.models.impl.ModelAdapterFactory.createObject(ModelAdapterFactory.java:731)
		... 30 more
	Caused by: org.apache.sling.models.factory.ModelClassException: No injector returned a non-null value!
		at org.apache.sling.models.impl.ModelAdapterFactory.injectElement(ModelAdapterFactory.java:608)
		at org.apache.sling.models.impl.ModelAdapterFactory.createObject(ModelAdapterFactory.java:726)
		... 30 more
Tests run: 11, Failures: 0, Errors: 0, Skipped: 0, Time elapsed: 0.055 sec - in org.apache.sling.models.impl.ResourceModelClassesTest
Running org.apache.sling.models.impl.implpicker.FirstImplementationPickerTest
Tests run: 2, Failures: 0, Errors: 0, Skipped: 0, Time elapsed: 0.001 sec - in org.apache.sling.models.impl.implpicker.FirstImplementationPickerTest
Running org.apache.sling.models.impl.AdapterFactoryTest
Tests run: 14, Failures: 0, Errors: 0, Skipped: 0, Time elapsed: 5.818 sec - in org.apache.sling.models.impl.AdapterFactoryTest
Running org.apache.sling.models.impl.ImplementsExtendsTest
[main] WARN org.apache.sling.models.impl.ModelPackageBundleListener - Unable to register model class org.apache.sling.models.testmodels.classes.implextend.InvalidImplementsInterfacePropertyModel because adapter class org.apache.sling.models.testmodels.classes.implextend.InvalidSampleServiceInterface is not valid.
[main] WARN org.apache.sling.models.impl.ModelPackageBundleListener - Unable to register model class org.apache.sling.models.testmodels.classes.implextend.InvalidImplementsInterfacePropertyModel because adapter class org.apache.sling.models.testmodels.classes.implextend.InvalidSampleServiceInterface is not valid.
[main] WARN org.apache.sling.models.impl.ModelPackageBundleListener - Unable to register model class org.apache.sling.models.testmodels.classes.implextend.InvalidImplementsInterfacePropertyModel because adapter class org.apache.sling.models.testmodels.classes.implextend.InvalidSampleServiceInterface is not valid.
[main] WARN org.apache.sling.models.impl.ModelPackageBundleListener - Unable to register model class org.apache.sling.models.testmodels.classes.implextend.InvalidImplementsInterfacePropertyModel because adapter class org.apache.sling.models.testmodels.classes.implextend.InvalidSampleServiceInterface is not valid.
[main] WARN org.apache.sling.models.impl.ModelPackageBundleListener - Unable to register model class org.apache.sling.models.testmodels.classes.implextend.InvalidImplementsInterfacePropertyModel because adapter class org.apache.sling.models.testmodels.classes.implextend.InvalidSampleServiceInterface is not valid.
[main] WARN org.apache.sling.models.impl.ModelPackageBundleListener - Unable to register model class org.apache.sling.models.testmodels.classes.implextend.InvalidImplementsInterfacePropertyModel because adapter class org.apache.sling.models.testmodels.classes.implextend.InvalidSampleServiceInterface is not valid.
Tests run: 6, Failures: 0, Errors: 0, Skipped: 0, Time elapsed: 0.122 sec - in org.apache.sling.models.impl.ImplementsExtendsTest
Running org.apache.sling.models.impl.OptionalPrimitivesTest
Tests run: 3, Failures: 0, Errors: 0, Skipped: 0, Time elapsed: 0.019 sec - in org.apache.sling.models.impl.OptionalPrimitivesTest
Running org.apache.sling.models.impl.InvalidAdaptationsTest
[main] WARN org.apache.sling.models.impl.ModelAdapterFactory - Could not adapt to model
org.apache.sling.models.factory.InvalidAdaptableException: Adaptables (interface org.apache.sling.api.SlingHttpServletRequest) are not acceptable for the model class: class org.apache.sling.models.impl.InvalidAdaptationsTest$RequestModel
	at org.apache.sling.models.impl.ModelAdapterFactory.internalCreateModel(ModelAdapterFactory.java:390)
	at org.apache.sling.models.impl.ModelAdapterFactory.getAdapter(ModelAdapterFactory.java:268)
	at org.apache.sling.models.impl.InvalidAdaptationsTest.testWrongAdaptableClass(InvalidAdaptationsTest.java:79)
	at sun.reflect.NativeMethodAccessorImpl.invoke0(Native Method)
	at sun.reflect.NativeMethodAccessorImpl.invoke(NativeMethodAccessorImpl.java:62)
	at sun.reflect.DelegatingMethodAccessorImpl.invoke(DelegatingMethodAccessorImpl.java:43)
	at java.lang.reflect.Method.invoke(Method.java:498)
	at org.junit.runners.model.FrameworkMethod$1.runReflectiveCall(FrameworkMethod.java:50)
	at org.junit.internal.runners.model.ReflectiveCallable.run(ReflectiveCallable.java:12)
	at org.junit.runners.model.FrameworkMethod.invokeExplosively(FrameworkMethod.java:47)
	at org.junit.internal.runners.statements.InvokeMethod.evaluate(InvokeMethod.java:17)
	at org.junit.internal.runners.statements.RunBefores.evaluate(RunBefores.java:26)
	at org.junit.runners.ParentRunner.runLeaf(ParentRunner.java:325)
	at org.junit.runners.BlockJUnit4ClassRunner.runChild(BlockJUnit4ClassRunner.java:78)
	at org.junit.runners.BlockJUnit4ClassRunner.runChild(BlockJUnit4ClassRunner.java:57)
	at org.junit.runners.ParentRunner$3.run(ParentRunner.java:290)
	at org.junit.runners.ParentRunner$1.schedule(ParentRunner.java:71)
	at org.junit.runners.ParentRunner.runChildren(ParentRunner.java:288)
	at org.junit.runners.ParentRunner.access$000(ParentRunner.java:58)
	at org.junit.runners.ParentRunner$2.evaluate(ParentRunner.java:268)
	at org.junit.runners.ParentRunner.run(ParentRunner.java:363)
	at org.mockito.internal.runners.JUnit45AndHigherRunnerImpl.run(JUnit45AndHigherRunnerImpl.java:37)
	at org.mockito.runners.MockitoJUnitRunner.run(MockitoJUnitRunner.java:62)
	at org.apache.maven.surefire.junit4.JUnit4Provider.execute(JUnit4Provider.java:367)
	at org.apache.maven.surefire.junit4.JUnit4Provider.executeWithRerun(JUnit4Provider.java:274)
	at org.apache.maven.surefire.junit4.JUnit4Provider.executeTestSet(JUnit4Provider.java:238)
	at org.apache.maven.surefire.junit4.JUnit4Provider.invoke(JUnit4Provider.java:161)
	at org.apache.maven.surefire.booter.ForkedBooter.invokeProviderInSameClassLoader(ForkedBooter.java:290)
	at org.apache.maven.surefire.booter.ForkedBooter.runSuitesInProcess(ForkedBooter.java:242)
	at org.apache.maven.surefire.booter.ForkedBooter.main(ForkedBooter.java:121)
[main] WARN org.apache.sling.models.impl.ModelAdapterFactory - Could not adapt to model
org.apache.sling.models.factory.ModelClassException: Provided Adapter class does not have a Model annotation: class org.apache.sling.models.impl.InvalidAdaptationsTest$NonModel
	at org.apache.sling.models.impl.ModelAdapterFactory.internalCreateModel(ModelAdapterFactory.java:363)
	at org.apache.sling.models.impl.ModelAdapterFactory.getAdapter(ModelAdapterFactory.java:268)
	at org.apache.sling.models.impl.InvalidAdaptationsTest.testNonModelClass(InvalidAdaptationsTest.java:59)
	at sun.reflect.NativeMethodAccessorImpl.invoke0(Native Method)
	at sun.reflect.NativeMethodAccessorImpl.invoke(NativeMethodAccessorImpl.java:62)
	at sun.reflect.DelegatingMethodAccessorImpl.invoke(DelegatingMethodAccessorImpl.java:43)
	at java.lang.reflect.Method.invoke(Method.java:498)
	at org.junit.runners.model.FrameworkMethod$1.runReflectiveCall(FrameworkMethod.java:50)
	at org.junit.internal.runners.model.ReflectiveCallable.run(ReflectiveCallable.java:12)
	at org.junit.runners.model.FrameworkMethod.invokeExplosively(FrameworkMethod.java:47)
	at org.junit.internal.runners.statements.InvokeMethod.evaluate(InvokeMethod.java:17)
	at org.junit.internal.runners.statements.RunBefores.evaluate(RunBefores.java:26)
	at org.junit.runners.ParentRunner.runLeaf(ParentRunner.java:325)
	at org.junit.runners.BlockJUnit4ClassRunner.runChild(BlockJUnit4ClassRunner.java:78)
	at org.junit.runners.BlockJUnit4ClassRunner.runChild(BlockJUnit4ClassRunner.java:57)
	at org.junit.runners.ParentRunner$3.run(ParentRunner.java:290)
	at org.junit.runners.ParentRunner$1.schedule(ParentRunner.java:71)
	at org.junit.runners.ParentRunner.runChildren(ParentRunner.java:288)
	at org.junit.runners.ParentRunner.access$000(ParentRunner.java:58)
	at org.junit.runners.ParentRunner$2.evaluate(ParentRunner.java:268)
	at org.junit.runners.ParentRunner.run(ParentRunner.java:363)
	at org.mockito.internal.runners.JUnit45AndHigherRunnerImpl.run(JUnit45AndHigherRunnerImpl.java:37)
	at org.mockito.runners.MockitoJUnitRunner.run(MockitoJUnitRunner.java:62)
	at org.apache.maven.surefire.junit4.JUnit4Provider.execute(JUnit4Provider.java:367)
	at org.apache.maven.surefire.junit4.JUnit4Provider.executeWithRerun(JUnit4Provider.java:274)
	at org.apache.maven.surefire.junit4.JUnit4Provider.executeTestSet(JUnit4Provider.java:238)
	at org.apache.maven.surefire.junit4.JUnit4Provider.invoke(JUnit4Provider.java:161)
	at org.apache.maven.surefire.booter.ForkedBooter.invokeProviderInSameClassLoader(ForkedBooter.java:290)
	at org.apache.maven.surefire.booter.ForkedBooter.runSuitesInProcess(ForkedBooter.java:242)
	at org.apache.maven.surefire.booter.ForkedBooter.main(ForkedBooter.java:121)
Tests run: 4, Failures: 0, Errors: 0, Skipped: 0, Time elapsed: 0.015 sec - in org.apache.sling.models.impl.InvalidAdaptationsTest
Running org.apache.sling.models.impl.ConstructorTest
[main] WARN org.apache.sling.models.impl.ModelAdapterFactory - Could not adapt to model
org.apache.sling.models.factory.ModelClassException: Unable to find a useable constructor for model class org.apache.sling.models.testmodels.classes.InvalidConstructorModel
	at org.apache.sling.models.impl.ModelAdapterFactory.createObject(ModelAdapterFactory.java:688)
	at org.apache.sling.models.impl.ModelAdapterFactory.internalCreateModel(ModelAdapterFactory.java:416)
	at org.apache.sling.models.impl.ModelAdapterFactory.getAdapter(ModelAdapterFactory.java:268)
	at org.apache.sling.models.impl.ConstructorTest.testInvalidConstructorInjector(ConstructorTest.java:120)
	at sun.reflect.NativeMethodAccessorImpl.invoke0(Native Method)
	at sun.reflect.NativeMethodAccessorImpl.invoke(NativeMethodAccessorImpl.java:62)
	at sun.reflect.DelegatingMethodAccessorImpl.invoke(DelegatingMethodAccessorImpl.java:43)
	at java.lang.reflect.Method.invoke(Method.java:498)
	at org.junit.runners.model.FrameworkMethod$1.runReflectiveCall(FrameworkMethod.java:50)
	at org.junit.internal.runners.model.ReflectiveCallable.run(ReflectiveCallable.java:12)
	at org.junit.runners.model.FrameworkMethod.invokeExplosively(FrameworkMethod.java:47)
	at org.junit.internal.runners.statements.InvokeMethod.evaluate(InvokeMethod.java:17)
	at org.junit.internal.runners.statements.RunBefores.evaluate(RunBefores.java:26)
	at org.junit.runners.ParentRunner.runLeaf(ParentRunner.java:325)
	at org.junit.runners.BlockJUnit4ClassRunner.runChild(BlockJUnit4ClassRunner.java:78)
	at org.junit.runners.BlockJUnit4ClassRunner.runChild(BlockJUnit4ClassRunner.java:57)
	at org.junit.runners.ParentRunner$3.run(ParentRunner.java:290)
	at org.junit.runners.ParentRunner$1.schedule(ParentRunner.java:71)
	at org.junit.runners.ParentRunner.runChildren(ParentRunner.java:288)
	at org.junit.runners.ParentRunner.access$000(ParentRunner.java:58)
	at org.junit.runners.ParentRunner$2.evaluate(ParentRunner.java:268)
	at org.junit.runners.ParentRunner.run(ParentRunner.java:363)
	at org.mockito.internal.runners.JUnit45AndHigherRunnerImpl.run(JUnit45AndHigherRunnerImpl.java:37)
	at org.mockito.runners.MockitoJUnitRunner.run(MockitoJUnitRunner.java:62)
	at org.apache.maven.surefire.junit4.JUnit4Provider.execute(JUnit4Provider.java:367)
	at org.apache.maven.surefire.junit4.JUnit4Provider.executeWithRerun(JUnit4Provider.java:274)
	at org.apache.maven.surefire.junit4.JUnit4Provider.executeTestSet(JUnit4Provider.java:238)
	at org.apache.maven.surefire.junit4.JUnit4Provider.invoke(JUnit4Provider.java:161)
	at org.apache.maven.surefire.booter.ForkedBooter.invokeProviderInSameClassLoader(ForkedBooter.java:290)
	at org.apache.maven.surefire.booter.ForkedBooter.runSuitesInProcess(ForkedBooter.java:242)
	at org.apache.maven.surefire.booter.ForkedBooter.main(ForkedBooter.java:121)
[main] WARN org.apache.sling.models.impl.ModelAdapterFactory - Could not adapt to model
org.apache.sling.models.factory.MissingElementsException: Required constructor parameters were not able to be injected on model class org.apache.sling.models.testmodels.classes.constructorinjection.NoNameModel
	at org.apache.sling.models.impl.ModelAdapterFactory.newInstanceWithConstructorInjection(ModelAdapterFactory.java:815)
	at org.apache.sling.models.impl.ModelAdapterFactory.createObject(ModelAdapterFactory.java:701)
	at org.apache.sling.models.impl.ModelAdapterFactory.internalCreateModel(ModelAdapterFactory.java:416)
	at org.apache.sling.models.impl.ModelAdapterFactory.getAdapter(ModelAdapterFactory.java:268)
	at org.apache.sling.models.impl.ConstructorTest.testNoNameModel(ConstructorTest.java:188)
	at sun.reflect.NativeMethodAccessorImpl.invoke0(Native Method)
	at sun.reflect.NativeMethodAccessorImpl.invoke(NativeMethodAccessorImpl.java:62)
	at sun.reflect.DelegatingMethodAccessorImpl.invoke(DelegatingMethodAccessorImpl.java:43)
	at java.lang.reflect.Method.invoke(Method.java:498)
	at org.junit.runners.model.FrameworkMethod$1.runReflectiveCall(FrameworkMethod.java:50)
	at org.junit.internal.runners.model.ReflectiveCallable.run(ReflectiveCallable.java:12)
	at org.junit.runners.model.FrameworkMethod.invokeExplosively(FrameworkMethod.java:47)
	at org.junit.internal.runners.statements.InvokeMethod.evaluate(InvokeMethod.java:17)
	at org.junit.internal.runners.statements.RunBefores.evaluate(RunBefores.java:26)
	at org.junit.runners.ParentRunner.runLeaf(ParentRunner.java:325)
	at org.junit.runners.BlockJUnit4ClassRunner.runChild(BlockJUnit4ClassRunner.java:78)
	at org.junit.runners.BlockJUnit4ClassRunner.runChild(BlockJUnit4ClassRunner.java:57)
	at org.junit.runners.ParentRunner$3.run(ParentRunner.java:290)
	at org.junit.runners.ParentRunner$1.schedule(ParentRunner.java:71)
	at org.junit.runners.ParentRunner.runChildren(ParentRunner.java:288)
	at org.junit.runners.ParentRunner.access$000(ParentRunner.java:58)
	at org.junit.runners.ParentRunner$2.evaluate(ParentRunner.java:268)
	at org.junit.runners.ParentRunner.run(ParentRunner.java:363)
	at org.mockito.internal.runners.JUnit45AndHigherRunnerImpl.run(JUnit45AndHigherRunnerImpl.java:37)
	at org.mockito.runners.MockitoJUnitRunner.run(MockitoJUnitRunner.java:62)
	at org.apache.maven.surefire.junit4.JUnit4Provider.execute(JUnit4Provider.java:367)
	at org.apache.maven.surefire.junit4.JUnit4Provider.executeWithRerun(JUnit4Provider.java:274)
	at org.apache.maven.surefire.junit4.JUnit4Provider.executeTestSet(JUnit4Provider.java:238)
	at org.apache.maven.surefire.junit4.JUnit4Provider.invoke(JUnit4Provider.java:161)
	at org.apache.maven.surefire.booter.ForkedBooter.invokeProviderInSameClassLoader(ForkedBooter.java:290)
	at org.apache.maven.surefire.booter.ForkedBooter.runSuitesInProcess(ForkedBooter.java:242)
	at org.apache.maven.surefire.booter.ForkedBooter.main(ForkedBooter.java:121)
	Suppressed: org.apache.sling.models.factory.MissingElementException: Could not inject FakeAnnotatedElement [annotations=[], parameterIndex=0]
		at org.apache.sling.models.impl.ModelAdapterFactory.newInstanceWithConstructorInjection(ModelAdapterFactory.java:811)
		... 31 more
	Caused by: org.apache.sling.models.factory.ModelClassException: No injector returned a non-null value!
		at org.apache.sling.models.impl.ModelAdapterFactory.injectElement(ModelAdapterFactory.java:608)
		at org.apache.sling.models.impl.ModelAdapterFactory.newInstanceWithConstructorInjection(ModelAdapterFactory.java:806)
		... 31 more
Tests run: 10, Failures: 0, Errors: 0, Skipped: 0, Time elapsed: 0.367 sec - in org.apache.sling.models.impl.ConstructorTest
Running org.apache.sling.models.impl.CustomInjectorTest
Tests run: 2, Failures: 0, Errors: 0, Skipped: 0, Time elapsed: 0 sec - in org.apache.sling.models.impl.CustomInjectorTest
Running org.apache.sling.models.impl.OSGiInjectionTest
[main] WARN org.apache.sling.models.impl.ModelAdapterFactory - Could not adapt to model
org.apache.sling.models.factory.MissingElementsException: Could not inject all required fields into class org.apache.sling.models.testmodels.classes.SetOSGiModel
	at org.apache.sling.models.impl.ModelAdapterFactory.createObject(ModelAdapterFactory.java:747)
	at org.apache.sling.models.impl.ModelAdapterFactory.internalCreateModel(ModelAdapterFactory.java:416)
	at org.apache.sling.models.impl.ModelAdapterFactory.getAdapter(ModelAdapterFactory.java:268)
	at org.apache.sling.models.impl.OSGiInjectionTest.testSetOSGiModelField(OSGiInjectionTest.java:207)
	at sun.reflect.NativeMethodAccessorImpl.invoke0(Native Method)
	at sun.reflect.NativeMethodAccessorImpl.invoke(NativeMethodAccessorImpl.java:62)
	at sun.reflect.DelegatingMethodAccessorImpl.invoke(DelegatingMethodAccessorImpl.java:43)
	at java.lang.reflect.Method.invoke(Method.java:498)
	at org.junit.runners.model.FrameworkMethod$1.runReflectiveCall(FrameworkMethod.java:50)
	at org.junit.internal.runners.model.ReflectiveCallable.run(ReflectiveCallable.java:12)
	at org.junit.runners.model.FrameworkMethod.invokeExplosively(FrameworkMethod.java:47)
	at org.junit.internal.runners.statements.InvokeMethod.evaluate(InvokeMethod.java:17)
	at org.junit.internal.runners.statements.RunBefores.evaluate(RunBefores.java:26)
	at org.junit.runners.ParentRunner.runLeaf(ParentRunner.java:325)
	at org.junit.runners.BlockJUnit4ClassRunner.runChild(BlockJUnit4ClassRunner.java:78)
	at org.junit.runners.BlockJUnit4ClassRunner.runChild(BlockJUnit4ClassRunner.java:57)
	at org.junit.runners.ParentRunner$3.run(ParentRunner.java:290)
	at org.junit.runners.ParentRunner$1.schedule(ParentRunner.java:71)
	at org.junit.runners.ParentRunner.runChildren(ParentRunner.java:288)
	at org.junit.runners.ParentRunner.access$000(ParentRunner.java:58)
	at org.junit.runners.ParentRunner$2.evaluate(ParentRunner.java:268)
	at org.junit.runners.ParentRunner.run(ParentRunner.java:363)
	at org.mockito.internal.runners.JUnit45AndHigherRunnerImpl.run(JUnit45AndHigherRunnerImpl.java:37)
	at org.mockito.runners.MockitoJUnitRunner.run(MockitoJUnitRunner.java:62)
	at org.apache.maven.surefire.junit4.JUnit4Provider.execute(JUnit4Provider.java:367)
	at org.apache.maven.surefire.junit4.JUnit4Provider.executeWithRerun(JUnit4Provider.java:274)
	at org.apache.maven.surefire.junit4.JUnit4Provider.executeTestSet(JUnit4Provider.java:238)
	at org.apache.maven.surefire.junit4.JUnit4Provider.invoke(JUnit4Provider.java:161)
	at org.apache.maven.surefire.booter.ForkedBooter.invokeProviderInSameClassLoader(ForkedBooter.java:290)
	at org.apache.maven.surefire.booter.ForkedBooter.runSuitesInProcess(ForkedBooter.java:242)
	at org.apache.maven.surefire.booter.ForkedBooter.main(ForkedBooter.java:121)
	Suppressed: org.apache.sling.models.factory.MissingElementException: Could not inject private java.util.Set org.apache.sling.models.testmodels.classes.SetOSGiModel.services
		at org.apache.sling.models.impl.ModelAdapterFactory.createObject(ModelAdapterFactory.java:731)
		... 30 more
	Caused by: org.apache.sling.models.factory.ModelClassException: No injector returned a non-null value!
		at org.apache.sling.models.impl.ModelAdapterFactory.injectElement(ModelAdapterFactory.java:608)
		at org.apache.sling.models.impl.ModelAdapterFactory.createObject(ModelAdapterFactory.java:726)
		... 30 more
Tests run: 9, Failures: 0, Errors: 0, Skipped: 0, Time elapsed: 0.02 sec - in org.apache.sling.models.impl.OSGiInjectionTest
Running org.apache.sling.models.impl.DefaultTest
Tests run: 7, Failures: 0, Errors: 0, Skipped: 0, Time elapsed: 0.055 sec - in org.apache.sling.models.impl.DefaultTest
Running org.apache.sling.models.impl.ViaTest
Tests run: 2, Failures: 0, Errors: 0, Skipped: 0, Time elapsed: 0.004 sec - in org.apache.sling.models.impl.ViaTest
Running org.apache.sling.models.impl.via.ChildResourceViaProviderTest
Tests run: 2, Failures: 0, Errors: 0, Skipped: 0, Time elapsed: 0.001 sec - in org.apache.sling.models.impl.via.ChildResourceViaProviderTest
Running org.apache.sling.models.impl.ResourceModelConstructorTest
Tests run: 1, Failures: 0, Errors: 0, Skipped: 0, Time elapsed: 0.002 sec - in org.apache.sling.models.impl.ResourceModelConstructorTest
Running org.apache.sling.models.impl.MultipleInjectorTest
[main] WARN org.apache.sling.models.impl.ModelAdapterFactory - Could not adapt to model
org.apache.sling.models.factory.ModelClassException: Unable to create model class org.apache.sling.models.impl.MultipleInjectorTest$ForTwoInjectorsWithInvalidSource
	at org.apache.sling.models.impl.ModelAdapterFactory.internalCreateModel(ModelAdapterFactory.java:428)
	at org.apache.sling.models.impl.ModelAdapterFactory.getAdapter(ModelAdapterFactory.java:268)
	at org.apache.sling.models.impl.MultipleInjectorTest.testInjectorWithInvalidSource(MultipleInjectorTest.java:101)
	at sun.reflect.NativeMethodAccessorImpl.invoke0(Native Method)
	at sun.reflect.NativeMethodAccessorImpl.invoke(NativeMethodAccessorImpl.java:62)
	at sun.reflect.DelegatingMethodAccessorImpl.invoke(DelegatingMethodAccessorImpl.java:43)
	at java.lang.reflect.Method.invoke(Method.java:498)
	at org.junit.runners.model.FrameworkMethod$1.runReflectiveCall(FrameworkMethod.java:50)
	at org.junit.internal.runners.model.ReflectiveCallable.run(ReflectiveCallable.java:12)
	at org.junit.runners.model.FrameworkMethod.invokeExplosively(FrameworkMethod.java:47)
	at org.junit.internal.runners.statements.InvokeMethod.evaluate(InvokeMethod.java:17)
	at org.junit.internal.runners.statements.RunBefores.evaluate(RunBefores.java:26)
	at org.junit.runners.ParentRunner.runLeaf(ParentRunner.java:325)
	at org.junit.runners.BlockJUnit4ClassRunner.runChild(BlockJUnit4ClassRunner.java:78)
	at org.junit.runners.BlockJUnit4ClassRunner.runChild(BlockJUnit4ClassRunner.java:57)
	at org.junit.runners.ParentRunner$3.run(ParentRunner.java:290)
	at org.junit.runners.ParentRunner$1.schedule(ParentRunner.java:71)
	at org.junit.runners.ParentRunner.runChildren(ParentRunner.java:288)
	at org.junit.runners.ParentRunner.access$000(ParentRunner.java:58)
	at org.junit.runners.ParentRunner$2.evaluate(ParentRunner.java:268)
	at org.junit.runners.ParentRunner.run(ParentRunner.java:363)
	at org.mockito.internal.runners.JUnit45AndHigherRunnerImpl.run(JUnit45AndHigherRunnerImpl.java:37)
	at org.mockito.runners.MockitoJUnitRunner.run(MockitoJUnitRunner.java:62)
	at org.apache.maven.surefire.junit4.JUnit4Provider.execute(JUnit4Provider.java:367)
	at org.apache.maven.surefire.junit4.JUnit4Provider.executeWithRerun(JUnit4Provider.java:274)
	at org.apache.maven.surefire.junit4.JUnit4Provider.executeTestSet(JUnit4Provider.java:238)
	at org.apache.maven.surefire.junit4.JUnit4Provider.invoke(JUnit4Provider.java:161)
	at org.apache.maven.surefire.booter.ForkedBooter.invokeProviderInSameClassLoader(ForkedBooter.java:290)
	at org.apache.maven.surefire.booter.ForkedBooter.runSuitesInProcess(ForkedBooter.java:242)
	at org.apache.maven.surefire.booter.ForkedBooter.main(ForkedBooter.java:121)
Caused by: java.lang.IllegalArgumentException: No Sling Models Injector registered for source 'this-is-an-invalid-source'.
	at org.apache.sling.models.impl.ModelAdapterFactory.injectElement(ModelAdapterFactory.java:541)
	at org.apache.sling.models.impl.ModelAdapterFactory.createObject(ModelAdapterFactory.java:726)
	at org.apache.sling.models.impl.ModelAdapterFactory.internalCreateModel(ModelAdapterFactory.java:416)
	... 29 more
Tests run: 4, Failures: 0, Errors: 0, Skipped: 0, Time elapsed: 0.023 sec - in org.apache.sling.models.impl.MultipleInjectorTest
Running org.apache.sling.models.impl.InjectorSpecificAnnotationTest
Tests run: 12, Failures: 0, Errors: 0, Skipped: 0, Time elapsed: 0.038 sec - in org.apache.sling.models.impl.InjectorSpecificAnnotationTest
Running org.apache.sling.models.impl.PostConstructTest
[main] WARN org.apache.sling.models.impl.ModelAdapterFactory - Could not adapt to model
java.lang.IllegalStateException: No throwable available
	at org.apache.sling.models.impl.Result.getThrowable(Result.java:61)
	at org.apache.sling.models.impl.ModelAdapterFactory.getAdapter(ModelAdapterFactory.java:270)
	at org.apache.sling.models.impl.PostConstructTest.testPostConstructMethodWhichReturnsFalse(PostConstructTest.java:74)
	at sun.reflect.NativeMethodAccessorImpl.invoke0(Native Method)
	at sun.reflect.NativeMethodAccessorImpl.invoke(NativeMethodAccessorImpl.java:62)
	at sun.reflect.DelegatingMethodAccessorImpl.invoke(DelegatingMethodAccessorImpl.java:43)
	at java.lang.reflect.Method.invoke(Method.java:498)
	at org.junit.runners.model.FrameworkMethod$1.runReflectiveCall(FrameworkMethod.java:50)
	at org.junit.internal.runners.model.ReflectiveCallable.run(ReflectiveCallable.java:12)
	at org.junit.runners.model.FrameworkMethod.invokeExplosively(FrameworkMethod.java:47)
	at org.junit.internal.runners.statements.InvokeMethod.evaluate(InvokeMethod.java:17)
	at org.junit.internal.runners.statements.RunBefores.evaluate(RunBefores.java:26)
	at org.junit.runners.ParentRunner.runLeaf(ParentRunner.java:325)
	at org.junit.runners.BlockJUnit4ClassRunner.runChild(BlockJUnit4ClassRunner.java:78)
	at org.junit.runners.BlockJUnit4ClassRunner.runChild(BlockJUnit4ClassRunner.java:57)
	at org.junit.runners.ParentRunner$3.run(ParentRunner.java:290)
	at org.junit.runners.ParentRunner$1.schedule(ParentRunner.java:71)
	at org.junit.runners.ParentRunner.runChildren(ParentRunner.java:288)
	at org.junit.runners.ParentRunner.access$000(ParentRunner.java:58)
	at org.junit.runners.ParentRunner$2.evaluate(ParentRunner.java:268)
	at org.junit.runners.ParentRunner.run(ParentRunner.java:363)
	at org.mockito.internal.runners.JUnit45AndHigherRunnerImpl.run(JUnit45AndHigherRunnerImpl.java:37)
	at org.mockito.runners.MockitoJUnitRunner.run(MockitoJUnitRunner.java:62)
	at org.apache.maven.surefire.junit4.JUnit4Provider.execute(JUnit4Provider.java:367)
	at org.apache.maven.surefire.junit4.JUnit4Provider.executeWithRerun(JUnit4Provider.java:274)
	at org.apache.maven.surefire.junit4.JUnit4Provider.executeTestSet(JUnit4Provider.java:238)
	at org.apache.maven.surefire.junit4.JUnit4Provider.invoke(JUnit4Provider.java:161)
	at org.apache.maven.surefire.booter.ForkedBooter.invokeProviderInSameClassLoader(ForkedBooter.java:290)
	at org.apache.maven.surefire.booter.ForkedBooter.runSuitesInProcess(ForkedBooter.java:242)
	at org.apache.maven.surefire.booter.ForkedBooter.main(ForkedBooter.java:121)
[main] WARN org.apache.sling.models.impl.ModelAdapterFactory - Could not adapt to model
org.apache.sling.models.factory.PostConstructException: Post-construct method has thrown an exception for model class org.apache.sling.models.testmodels.classes.FailingPostConstuctModel
	at org.apache.sling.models.impl.ModelAdapterFactory.createObject(ModelAdapterFactory.java:756)
	at org.apache.sling.models.impl.ModelAdapterFactory.internalCreateModel(ModelAdapterFactory.java:416)
	at org.apache.sling.models.impl.ModelAdapterFactory.getAdapter(ModelAdapterFactory.java:268)
	at org.apache.sling.models.impl.PostConstructTest.testPostConstructMethodWhichThrowsException(PostConstructTest.java:68)
	at sun.reflect.NativeMethodAccessorImpl.invoke0(Native Method)
	at sun.reflect.NativeMethodAccessorImpl.invoke(NativeMethodAccessorImpl.java:62)
	at sun.reflect.DelegatingMethodAccessorImpl.invoke(DelegatingMethodAccessorImpl.java:43)
	at java.lang.reflect.Method.invoke(Method.java:498)
	at org.junit.runners.model.FrameworkMethod$1.runReflectiveCall(FrameworkMethod.java:50)
	at org.junit.internal.runners.model.ReflectiveCallable.run(ReflectiveCallable.java:12)
	at org.junit.runners.model.FrameworkMethod.invokeExplosively(FrameworkMethod.java:47)
	at org.junit.internal.runners.statements.InvokeMethod.evaluate(InvokeMethod.java:17)
	at org.junit.internal.runners.statements.RunBefores.evaluate(RunBefores.java:26)
	at org.junit.runners.ParentRunner.runLeaf(ParentRunner.java:325)
	at org.junit.runners.BlockJUnit4ClassRunner.runChild(BlockJUnit4ClassRunner.java:78)
	at org.junit.runners.BlockJUnit4ClassRunner.runChild(BlockJUnit4ClassRunner.java:57)
	at org.junit.runners.ParentRunner$3.run(ParentRunner.java:290)
	at org.junit.runners.ParentRunner$1.schedule(ParentRunner.java:71)
	at org.junit.runners.ParentRunner.runChildren(ParentRunner.java:288)
	at org.junit.runners.ParentRunner.access$000(ParentRunner.java:58)
	at org.junit.runners.ParentRunner$2.evaluate(ParentRunner.java:268)
	at org.junit.runners.ParentRunner.run(ParentRunner.java:363)
	at org.mockito.internal.runners.JUnit45AndHigherRunnerImpl.run(JUnit45AndHigherRunnerImpl.java:37)
	at org.mockito.runners.MockitoJUnitRunner.run(MockitoJUnitRunner.java:62)
	at org.apache.maven.surefire.junit4.JUnit4Provider.execute(JUnit4Provider.java:367)
	at org.apache.maven.surefire.junit4.JUnit4Provider.executeWithRerun(JUnit4Provider.java:274)
	at org.apache.maven.surefire.junit4.JUnit4Provider.executeTestSet(JUnit4Provider.java:238)
	at org.apache.maven.surefire.junit4.JUnit4Provider.invoke(JUnit4Provider.java:161)
	at org.apache.maven.surefire.booter.ForkedBooter.invokeProviderInSameClassLoader(ForkedBooter.java:290)
	at org.apache.maven.surefire.booter.ForkedBooter.runSuitesInProcess(ForkedBooter.java:242)
	at org.apache.maven.surefire.booter.ForkedBooter.main(ForkedBooter.java:121)
Caused by: java.lang.Exception: FAIL
	at org.apache.sling.models.testmodels.classes.FailingPostConstuctModel.pc(FailingPostConstuctModel.java:31)
	at sun.reflect.NativeMethodAccessorImpl.invoke0(Native Method)
	at sun.reflect.NativeMethodAccessorImpl.invoke(NativeMethodAccessorImpl.java:62)
	at sun.reflect.DelegatingMethodAccessorImpl.invoke(DelegatingMethodAccessorImpl.java:43)
	at java.lang.reflect.Method.invoke(Method.java:498)
	at org.apache.sling.models.impl.ModelAdapterFactory.invokePostConstruct(ModelAdapterFactory.java:955)
	at org.apache.sling.models.impl.ModelAdapterFactory.createObject(ModelAdapterFactory.java:754)
	... 30 more
Tests run: 8, Failures: 0, Errors: 0, Skipped: 0, Time elapsed: 0.116 sec - in org.apache.sling.models.impl.PostConstructTest
Running org.apache.sling.models.impl.SelfDependencyTest
[main] WARN org.apache.sling.models.impl.ModelAdapterFactory - Could not adapt to model
org.apache.sling.models.factory.MissingElementsException: Could not inject all required fields into class org.apache.sling.models.testmodels.classes.IndirectCyclicSelfDependencyModelA
	at org.apache.sling.models.impl.ModelAdapterFactory.createObject(ModelAdapterFactory.java:747)
	at org.apache.sling.models.impl.ModelAdapterFactory.internalCreateModel(ModelAdapterFactory.java:416)
	at org.apache.sling.models.impl.ModelAdapterFactory.getAdapter(ModelAdapterFactory.java:268)
	at org.apache.sling.models.impl.SelfDependencyTest.testInddirectCyclicSelfDependency(SelfDependencyTest.java:81)
	at sun.reflect.NativeMethodAccessorImpl.invoke0(Native Method)
	at sun.reflect.NativeMethodAccessorImpl.invoke(NativeMethodAccessorImpl.java:62)
	at sun.reflect.DelegatingMethodAccessorImpl.invoke(DelegatingMethodAccessorImpl.java:43)
	at java.lang.reflect.Method.invoke(Method.java:498)
	at org.junit.runners.model.FrameworkMethod$1.runReflectiveCall(FrameworkMethod.java:50)
	at org.junit.internal.runners.model.ReflectiveCallable.run(ReflectiveCallable.java:12)
	at org.junit.runners.model.FrameworkMethod.invokeExplosively(FrameworkMethod.java:47)
	at org.junit.internal.runners.statements.InvokeMethod.evaluate(InvokeMethod.java:17)
	at org.junit.internal.runners.statements.RunBefores.evaluate(RunBefores.java:26)
	at org.junit.runners.ParentRunner.runLeaf(ParentRunner.java:325)
	at org.junit.runners.BlockJUnit4ClassRunner.runChild(BlockJUnit4ClassRunner.java:78)
	at org.junit.runners.BlockJUnit4ClassRunner.runChild(BlockJUnit4ClassRunner.java:57)
	at org.junit.runners.ParentRunner$3.run(ParentRunner.java:290)
	at org.junit.runners.ParentRunner$1.schedule(ParentRunner.java:71)
	at org.junit.runners.ParentRunner.runChildren(ParentRunner.java:288)
	at org.junit.runners.ParentRunner.access$000(ParentRunner.java:58)
	at org.junit.runners.ParentRunner$2.evaluate(ParentRunner.java:268)
	at org.junit.runners.ParentRunner.run(ParentRunner.java:363)
	at org.mockito.internal.runners.JUnit45AndHigherRunnerImpl.run(JUnit45AndHigherRunnerImpl.java:37)
	at org.mockito.runners.MockitoJUnitRunner.run(MockitoJUnitRunner.java:62)
	at org.apache.maven.surefire.junit4.JUnit4Provider.execute(JUnit4Provider.java:367)
	at org.apache.maven.surefire.junit4.JUnit4Provider.executeWithRerun(JUnit4Provider.java:274)
	at org.apache.maven.surefire.junit4.JUnit4Provider.executeTestSet(JUnit4Provider.java:238)
	at org.apache.maven.surefire.junit4.JUnit4Provider.invoke(JUnit4Provider.java:161)
	at org.apache.maven.surefire.booter.ForkedBooter.invokeProviderInSameClassLoader(ForkedBooter.java:290)
	at org.apache.maven.surefire.booter.ForkedBooter.runSuitesInProcess(ForkedBooter.java:242)
	at org.apache.maven.surefire.booter.ForkedBooter.main(ForkedBooter.java:121)
	Suppressed: org.apache.sling.models.factory.MissingElementException: Could not inject private org.apache.sling.models.testmodels.classes.IndirectCyclicSelfDependencyModelB org.apache.sling.models.testmodels.classes.IndirectCyclicSelfDependencyModelA.dependencyB
		at org.apache.sling.models.impl.ModelAdapterFactory.createObject(ModelAdapterFactory.java:731)
		... 30 more
	Caused by: org.apache.sling.models.factory.ModelClassException: Could not create model from class org.apache.sling.api.SlingHttpServletRequest$$EnhancerByMockitoWithCGLIB$$41c84fa: Could not inject all required fields into class org.apache.sling.models.testmodels.classes.IndirectCyclicSelfDependencyModelB
		at org.apache.sling.models.impl.ModelAdapterFactory.adapt(ModelAdapterFactory.java:1052)
		at org.apache.sling.models.impl.ModelAdapterFactory.adaptIfNecessary(ModelAdapterFactory.java:1027)
		at org.apache.sling.models.impl.ModelAdapterFactory.setField(ModelAdapterFactory.java:970)
		at org.apache.sling.models.impl.ModelAdapterFactory.access$200(ModelAdapterFactory.java:115)
		at org.apache.sling.models.impl.ModelAdapterFactory$SetFieldCallback.inject(ModelAdapterFactory.java:468)
		at org.apache.sling.models.impl.ModelAdapterFactory.injectElement(ModelAdapterFactory.java:568)
		at org.apache.sling.models.impl.ModelAdapterFactory.createObject(ModelAdapterFactory.java:726)
		... 30 more
	Caused by: org.apache.sling.models.factory.MissingElementsException: Could not inject all required fields into class org.apache.sling.models.testmodels.classes.IndirectCyclicSelfDependencyModelB
		at org.apache.sling.models.impl.ModelAdapterFactory.createObject(ModelAdapterFactory.java:747)
		at org.apache.sling.models.impl.ModelAdapterFactory.internalCreateModel(ModelAdapterFactory.java:416)
		at org.apache.sling.models.impl.ModelAdapterFactory.adapt(ModelAdapterFactory.java:1046)
		... 36 more
		Suppressed: org.apache.sling.models.factory.MissingElementException: Could not inject private org.apache.sling.models.testmodels.classes.IndirectCyclicSelfDependencyModelA org.apache.sling.models.testmodels.classes.IndirectCyclicSelfDependencyModelB.dependencyA
			at org.apache.sling.models.impl.ModelAdapterFactory.createObject(ModelAdapterFactory.java:731)
			... 38 more
		Caused by: org.apache.sling.models.factory.ModelClassException: Could not create model from class org.apache.sling.api.SlingHttpServletRequest$$EnhancerByMockitoWithCGLIB$$41c84fa: Could not inject all required fields into class org.apache.sling.models.testmodels.classes.IndirectCyclicSelfDependencyModelA
			at org.apache.sling.models.impl.ModelAdapterFactory.adapt(ModelAdapterFactory.java:1052)
			at org.apache.sling.models.impl.ModelAdapterFactory.adaptIfNecessary(ModelAdapterFactory.java:1027)
			at org.apache.sling.models.impl.ModelAdapterFactory.setField(ModelAdapterFactory.java:970)
			at org.apache.sling.models.impl.ModelAdapterFactory.access$200(ModelAdapterFactory.java:115)
			at org.apache.sling.models.impl.ModelAdapterFactory$SetFieldCallback.inject(ModelAdapterFactory.java:468)
			at org.apache.sling.models.impl.ModelAdapterFactory.injectElement(ModelAdapterFactory.java:568)
			at org.apache.sling.models.impl.ModelAdapterFactory.createObject(ModelAdapterFactory.java:726)
			... 38 more
		Caused by: org.apache.sling.models.factory.MissingElementsException: Could not inject all required fields into class org.apache.sling.models.testmodels.classes.IndirectCyclicSelfDependencyModelA
			at org.apache.sling.models.impl.ModelAdapterFactory.createObject(ModelAdapterFactory.java:747)
			at org.apache.sling.models.impl.ModelAdapterFactory.internalCreateModel(ModelAdapterFactory.java:416)
			at org.apache.sling.models.impl.ModelAdapterFactory.adapt(ModelAdapterFactory.java:1046)
			... 44 more
			Suppressed: org.apache.sling.models.factory.MissingElementException: Could not inject private org.apache.sling.models.testmodels.classes.IndirectCyclicSelfDependencyModelB org.apache.sling.models.testmodels.classes.IndirectCyclicSelfDependencyModelA.dependencyB
				at org.apache.sling.models.impl.ModelAdapterFactory.createObject(ModelAdapterFactory.java:731)
				... 46 more
			Caused by: org.apache.sling.models.factory.ModelClassException: Could not create model from class org.apache.sling.api.SlingHttpServletRequest$$EnhancerByMockitoWithCGLIB$$41c84fa: Could not inject all required fields into class org.apache.sling.models.testmodels.classes.IndirectCyclicSelfDependencyModelB
				at org.apache.sling.models.impl.ModelAdapterFactory.adapt(ModelAdapterFactory.java:1052)
				at org.apache.sling.models.impl.ModelAdapterFactory.adaptIfNecessary(ModelAdapterFactory.java:1027)
				at org.apache.sling.models.impl.ModelAdapterFactory.setField(ModelAdapterFactory.java:970)
				at org.apache.sling.models.impl.ModelAdapterFactory.access$200(ModelAdapterFactory.java:115)
				at org.apache.sling.models.impl.ModelAdapterFactory$SetFieldCallback.inject(ModelAdapterFactory.java:468)
				at org.apache.sling.models.impl.ModelAdapterFactory.injectElement(ModelAdapterFactory.java:568)
				at org.apache.sling.models.impl.ModelAdapterFactory.createObject(ModelAdapterFactory.java:726)
				... 46 more
			Caused by: org.apache.sling.models.factory.MissingElementsException: Could not inject all required fields into class org.apache.sling.models.testmodels.classes.IndirectCyclicSelfDependencyModelB
				at org.apache.sling.models.impl.ModelAdapterFactory.createObject(ModelAdapterFactory.java:747)
				at org.apache.sling.models.impl.ModelAdapterFactory.internalCreateModel(ModelAdapterFactory.java:416)
				at org.apache.sling.models.impl.ModelAdapterFactory.adapt(ModelAdapterFactory.java:1046)
				... 52 more
				Suppressed: org.apache.sling.models.factory.MissingElementException: Could not inject private org.apache.sling.models.testmodels.classes.IndirectCyclicSelfDependencyModelA org.apache.sling.models.testmodels.classes.IndirectCyclicSelfDependencyModelB.dependencyA
					at org.apache.sling.models.impl.ModelAdapterFactory.createObject(ModelAdapterFactory.java:731)
					... 54 more
				Caused by: org.apache.sling.models.factory.ModelClassException: Could not create model from class org.apache.sling.api.SlingHttpServletRequest$$EnhancerByMockitoWithCGLIB$$41c84fa: Could not inject all required fields into class org.apache.sling.models.testmodels.classes.IndirectCyclicSelfDependencyModelA
					at org.apache.sling.models.impl.ModelAdapterFactory.adapt(ModelAdapterFactory.java:1052)
					at org.apache.sling.models.impl.ModelAdapterFactory.adaptIfNecessary(ModelAdapterFactory.java:1027)
					at org.apache.sling.models.impl.ModelAdapterFactory.setField(ModelAdapterFactory.java:970)
					at org.apache.sling.models.impl.ModelAdapterFactory.access$200(ModelAdapterFactory.java:115)
					at org.apache.sling.models.impl.ModelAdapterFactory$SetFieldCallback.inject(ModelAdapterFactory.java:468)
					at org.apache.sling.models.impl.ModelAdapterFactory.injectElement(ModelAdapterFactory.java:568)
					at org.apache.sling.models.impl.ModelAdapterFactory.createObject(ModelAdapterFactory.java:726)
					... 54 more
				Caused by: org.apache.sling.models.factory.MissingElementsException: Could not inject all required fields into class org.apache.sling.models.testmodels.classes.IndirectCyclicSelfDependencyModelA
					at org.apache.sling.models.impl.ModelAdapterFactory.createObject(ModelAdapterFactory.java:747)
					at org.apache.sling.models.impl.ModelAdapterFactory.internalCreateModel(ModelAdapterFactory.java:416)
					at org.apache.sling.models.impl.ModelAdapterFactory.adapt(ModelAdapterFactory.java:1046)
					... 60 more
					Suppressed: org.apache.sling.models.factory.MissingElementException: Could not inject private org.apache.sling.models.testmodels.classes.IndirectCyclicSelfDependencyModelB org.apache.sling.models.testmodels.classes.IndirectCyclicSelfDependencyModelA.dependencyB
						at org.apache.sling.models.impl.ModelAdapterFactory.createObject(ModelAdapterFactory.java:731)
						... 62 more
					Caused by: org.apache.sling.models.factory.ModelClassException: Could not create model from class org.apache.sling.api.SlingHttpServletRequest$$EnhancerByMockitoWithCGLIB$$41c84fa: Could not inject all required fields into class org.apache.sling.models.testmodels.classes.IndirectCyclicSelfDependencyModelB
						at org.apache.sling.models.impl.ModelAdapterFactory.adapt(ModelAdapterFactory.java:1052)
						at org.apache.sling.models.impl.ModelAdapterFactory.adaptIfNecessary(ModelAdapterFactory.java:1027)
						at org.apache.sling.models.impl.ModelAdapterFactory.setField(ModelAdapterFactory.java:970)
						at org.apache.sling.models.impl.ModelAdapterFactory.access$200(ModelAdapterFactory.java:115)
						at org.apache.sling.models.impl.ModelAdapterFactory$SetFieldCallback.inject(ModelAdapterFactory.java:468)
						at org.apache.sling.models.impl.ModelAdapterFactory.injectElement(ModelAdapterFactory.java:568)
						at org.apache.sling.models.impl.ModelAdapterFactory.createObject(ModelAdapterFactory.java:726)
						... 62 more
					Caused by: org.apache.sling.models.factory.MissingElementsException: Could not inject all required fields into class org.apache.sling.models.testmodels.classes.IndirectCyclicSelfDependencyModelB
						at org.apache.sling.models.impl.ModelAdapterFactory.createObject(ModelAdapterFactory.java:747)
						at org.apache.sling.models.impl.ModelAdapterFactory.internalCreateModel(ModelAdapterFactory.java:416)
						at org.apache.sling.models.impl.ModelAdapterFactory.adapt(ModelAdapterFactory.java:1046)
						... 68 more
						Suppressed: org.apache.sling.models.factory.MissingElementException: Could not inject private org.apache.sling.models.testmodels.classes.IndirectCyclicSelfDependencyModelA org.apache.sling.models.testmodels.classes.IndirectCyclicSelfDependencyModelB.dependencyA
							at org.apache.sling.models.impl.ModelAdapterFactory.createObject(ModelAdapterFactory.java:731)
							... 70 more
						Caused by: org.apache.sling.models.factory.ModelClassException: Could not create model from class org.apache.sling.api.SlingHttpServletRequest$$EnhancerByMockitoWithCGLIB$$41c84fa: Could not inject all required fields into class org.apache.sling.models.testmodels.classes.IndirectCyclicSelfDependencyModelA
							at org.apache.sling.models.impl.ModelAdapterFactory.adapt(ModelAdapterFactory.java:1052)
							at org.apache.sling.models.impl.ModelAdapterFactory.adaptIfNecessary(ModelAdapterFactory.java:1027)
							at org.apache.sling.models.impl.ModelAdapterFactory.setField(ModelAdapterFactory.java:970)
							at org.apache.sling.models.impl.ModelAdapterFactory.access$200(ModelAdapterFactory.java:115)
							at org.apache.sling.models.impl.ModelAdapterFactory$SetFieldCallback.inject(ModelAdapterFactory.java:468)
							at org.apache.sling.models.impl.ModelAdapterFactory.injectElement(ModelAdapterFactory.java:568)
							at org.apache.sling.models.impl.ModelAdapterFactory.createObject(ModelAdapterFactory.java:726)
							... 70 more
						Caused by: org.apache.sling.models.factory.MissingElementsException: Could not inject all required fields into class org.apache.sling.models.testmodels.classes.IndirectCyclicSelfDependencyModelA
							at org.apache.sling.models.impl.ModelAdapterFactory.createObject(ModelAdapterFactory.java:747)
							at org.apache.sling.models.impl.ModelAdapterFactory.internalCreateModel(ModelAdapterFactory.java:416)
							at org.apache.sling.models.impl.ModelAdapterFactory.adapt(ModelAdapterFactory.java:1046)
							... 76 more
							Suppressed: org.apache.sling.models.factory.MissingElementException: Could not inject private org.apache.sling.models.testmodels.classes.IndirectCyclicSelfDependencyModelB org.apache.sling.models.testmodels.classes.IndirectCyclicSelfDependencyModelA.dependencyB
								at org.apache.sling.models.impl.ModelAdapterFactory.createObject(ModelAdapterFactory.java:731)
								... 78 more
							Caused by: org.apache.sling.models.factory.ModelClassException: Could not create model from class org.apache.sling.api.SlingHttpServletRequest$$EnhancerByMockitoWithCGLIB$$41c84fa: Could not inject all required fields into class org.apache.sling.models.testmodels.classes.IndirectCyclicSelfDependencyModelB
								at org.apache.sling.models.impl.ModelAdapterFactory.adapt(ModelAdapterFactory.java:1052)
								at org.apache.sling.models.impl.ModelAdapterFactory.adaptIfNecessary(ModelAdapterFactory.java:1027)
								at org.apache.sling.models.impl.ModelAdapterFactory.setField(ModelAdapterFactory.java:970)
								at org.apache.sling.models.impl.ModelAdapterFactory.access$200(ModelAdapterFactory.java:115)
								at org.apache.sling.models.impl.ModelAdapterFactory$SetFieldCallback.inject(ModelAdapterFactory.java:468)
								at org.apache.sling.models.impl.ModelAdapterFactory.injectElement(ModelAdapterFactory.java:568)
								at org.apache.sling.models.impl.ModelAdapterFactory.createObject(ModelAdapterFactory.java:726)
								... 78 more
							Caused by: org.apache.sling.models.factory.MissingElementsException: Could not inject all required fields into class org.apache.sling.models.testmodels.classes.IndirectCyclicSelfDependencyModelB
								at org.apache.sling.models.impl.ModelAdapterFactory.createObject(ModelAdapterFactory.java:747)
								at org.apache.sling.models.impl.ModelAdapterFactory.internalCreateModel(ModelAdapterFactory.java:416)
								at org.apache.sling.models.impl.ModelAdapterFactory.adapt(ModelAdapterFactory.java:1046)
								... 84 more
								Suppressed: org.apache.sling.models.factory.MissingElementException: Could not inject private org.apache.sling.models.testmodels.classes.IndirectCyclicSelfDependencyModelA org.apache.sling.models.testmodels.classes.IndirectCyclicSelfDependencyModelB.dependencyA
									at org.apache.sling.models.impl.ModelAdapterFactory.createObject(ModelAdapterFactory.java:731)
									... 86 more
								Caused by: org.apache.sling.models.factory.ModelClassException: Could not create model from class org.apache.sling.api.SlingHttpServletRequest$$EnhancerByMockitoWithCGLIB$$41c84fa: Could not inject all required fields into class org.apache.sling.models.testmodels.classes.IndirectCyclicSelfDependencyModelA
									at org.apache.sling.models.impl.ModelAdapterFactory.adapt(ModelAdapterFactory.java:1052)
									at org.apache.sling.models.impl.ModelAdapterFactory.adaptIfNecessary(ModelAdapterFactory.java:1027)
									at org.apache.sling.models.impl.ModelAdapterFactory.setField(ModelAdapterFactory.java:970)
									at org.apache.sling.models.impl.ModelAdapterFactory.access$200(ModelAdapterFactory.java:115)
									at org.apache.sling.models.impl.ModelAdapterFactory$SetFieldCallback.inject(ModelAdapterFactory.java:468)
									at org.apache.sling.models.impl.ModelAdapterFactory.injectElement(ModelAdapterFactory.java:568)
									at org.apache.sling.models.impl.ModelAdapterFactory.createObject(ModelAdapterFactory.java:726)
									... 86 more
								Caused by: org.apache.sling.models.factory.MissingElementsException: Could not inject all required fields into class org.apache.sling.models.testmodels.classes.IndirectCyclicSelfDependencyModelA
									at org.apache.sling.models.impl.ModelAdapterFactory.createObject(ModelAdapterFactory.java:747)
									at org.apache.sling.models.impl.ModelAdapterFactory.internalCreateModel(ModelAdapterFactory.java:416)
									at org.apache.sling.models.impl.ModelAdapterFactory.adapt(ModelAdapterFactory.java:1046)
									... 92 more
									Suppressed: org.apache.sling.models.factory.MissingElementException: Could not inject private org.apache.sling.models.testmodels.classes.IndirectCyclicSelfDependencyModelB org.apache.sling.models.testmodels.classes.IndirectCyclicSelfDependencyModelA.dependencyB
										at org.apache.sling.models.impl.ModelAdapterFactory.createObject(ModelAdapterFactory.java:731)
										... 94 more
									Caused by: org.apache.sling.models.factory.ModelClassException: Could not create model from class org.apache.sling.api.SlingHttpServletRequest$$EnhancerByMockitoWithCGLIB$$41c84fa: Could not inject all required fields into class org.apache.sling.models.testmodels.classes.IndirectCyclicSelfDependencyModelB
										at org.apache.sling.models.impl.ModelAdapterFactory.adapt(ModelAdapterFactory.java:1052)
										at org.apache.sling.models.impl.ModelAdapterFactory.adaptIfNecessary(ModelAdapterFactory.java:1027)
										at org.apache.sling.models.impl.ModelAdapterFactory.setField(ModelAdapterFactory.java:970)
										at org.apache.sling.models.impl.ModelAdapterFactory.access$200(ModelAdapterFactory.java:115)
										at org.apache.sling.models.impl.ModelAdapterFactory$SetFieldCallback.inject(ModelAdapterFactory.java:468)
										at org.apache.sling.models.impl.ModelAdapterFactory.injectElement(ModelAdapterFactory.java:568)
										at org.apache.sling.models.impl.ModelAdapterFactory.createObject(ModelAdapterFactory.java:726)
										... 94 more
									Caused by: org.apache.sling.models.factory.MissingElementsException: Could not inject all required fields into class org.apache.sling.models.testmodels.classes.IndirectCyclicSelfDependencyModelB
										at org.apache.sling.models.impl.ModelAdapterFactory.createObject(ModelAdapterFactory.java:747)
										at org.apache.sling.models.impl.ModelAdapterFactory.internalCreateModel(ModelAdapterFactory.java:416)
										at org.apache.sling.models.impl.ModelAdapterFactory.adapt(ModelAdapterFactory.java:1046)
										... 100 more
										Suppressed: org.apache.sling.models.factory.MissingElementException: Could not inject private org.apache.sling.models.testmodels.classes.IndirectCyclicSelfDependencyModelA org.apache.sling.models.testmodels.classes.IndirectCyclicSelfDependencyModelB.dependencyA
											at org.apache.sling.models.impl.ModelAdapterFactory.createObject(ModelAdapterFactory.java:731)
											... 102 more
										Caused by: org.apache.sling.models.factory.ModelClassException: Could not create model from class org.apache.sling.api.SlingHttpServletRequest$$EnhancerByMockitoWithCGLIB$$41c84fa: Could not inject all required fields into class org.apache.sling.models.testmodels.classes.IndirectCyclicSelfDependencyModelA
											at org.apache.sling.models.impl.ModelAdapterFactory.adapt(ModelAdapterFactory.java:1052)
											at org.apache.sling.models.impl.ModelAdapterFactory.adaptIfNecessary(ModelAdapterFactory.java:1027)
											at org.apache.sling.models.impl.ModelAdapterFactory.setField(ModelAdapterFactory.java:970)
											at org.apache.sling.models.impl.ModelAdapterFactory.access$200(ModelAdapterFactory.java:115)
											at org.apache.sling.models.impl.ModelAdapterFactory$SetFieldCallback.inject(ModelAdapterFactory.java:468)
											at org.apache.sling.models.impl.ModelAdapterFactory.injectElement(ModelAdapterFactory.java:568)
											at org.apache.sling.models.impl.ModelAdapterFactory.createObject(ModelAdapterFactory.java:726)
											... 102 more
										Caused by: org.apache.sling.models.factory.MissingElementsException: Could not inject all required fields into class org.apache.sling.models.testmodels.classes.IndirectCyclicSelfDependencyModelA
											at org.apache.sling.models.impl.ModelAdapterFactory.createObject(ModelAdapterFactory.java:747)
											at org.apache.sling.models.impl.ModelAdapterFactory.internalCreateModel(ModelAdapterFactory.java:416)
											at org.apache.sling.models.impl.ModelAdapterFactory.adapt(ModelAdapterFactory.java:1046)
											... 108 more
											Suppressed: org.apache.sling.models.factory.MissingElementException: Could not inject private org.apache.sling.models.testmodels.classes.IndirectCyclicSelfDependencyModelB org.apache.sling.models.testmodels.classes.IndirectCyclicSelfDependencyModelA.dependencyB
												at org.apache.sling.models.impl.ModelAdapterFactory.createObject(ModelAdapterFactory.java:731)
												... 110 more
											Caused by: org.apache.sling.models.factory.ModelClassException: Could not create model from class org.apache.sling.api.SlingHttpServletRequest$$EnhancerByMockitoWithCGLIB$$41c84fa: Could not inject all required fields into class org.apache.sling.models.testmodels.classes.IndirectCyclicSelfDependencyModelB
												at org.apache.sling.models.impl.ModelAdapterFactory.adapt(ModelAdapterFactory.java:1052)
												at org.apache.sling.models.impl.ModelAdapterFactory.adaptIfNecessary(ModelAdapterFactory.java:1027)
												at org.apache.sling.models.impl.ModelAdapterFactory.setField(ModelAdapterFactory.java:970)
												at org.apache.sling.models.impl.ModelAdapterFactory.access$200(ModelAdapterFactory.java:115)
												at org.apache.sling.models.impl.ModelAdapterFactory$SetFieldCallback.inject(ModelAdapterFactory.java:468)
												at org.apache.sling.models.impl.ModelAdapterFactory.injectElement(ModelAdapterFactory.java:568)
												at org.apache.sling.models.impl.ModelAdapterFactory.createObject(ModelAdapterFactory.java:726)
												... 110 more
											Caused by: org.apache.sling.models.factory.MissingElementsException: Could not inject all required fields into class org.apache.sling.models.testmodels.classes.IndirectCyclicSelfDependencyModelB
												at org.apache.sling.models.impl.ModelAdapterFactory.createObject(ModelAdapterFactory.java:747)
												at org.apache.sling.models.impl.ModelAdapterFactory.internalCreateModel(ModelAdapterFactory.java:416)
												at org.apache.sling.models.impl.ModelAdapterFactory.adapt(ModelAdapterFactory.java:1046)
												... 116 more
												Suppressed: org.apache.sling.models.factory.MissingElementException: Could not inject private org.apache.sling.models.testmodels.classes.IndirectCyclicSelfDependencyModelA org.apache.sling.models.testmodels.classes.IndirectCyclicSelfDependencyModelB.dependencyA
													at org.apache.sling.models.impl.ModelAdapterFactory.createObject(ModelAdapterFactory.java:731)
													... 118 more
												Caused by: org.apache.sling.models.factory.ModelClassException: Could not create model from class org.apache.sling.api.SlingHttpServletRequest$$EnhancerByMockitoWithCGLIB$$41c84fa: Could not inject all required fields into class org.apache.sling.models.testmodels.classes.IndirectCyclicSelfDependencyModelA
													at org.apache.sling.models.impl.ModelAdapterFactory.adapt(ModelAdapterFactory.java:1052)
													at org.apache.sling.models.impl.ModelAdapterFactory.adaptIfNecessary(ModelAdapterFactory.java:1027)
													at org.apache.sling.models.impl.ModelAdapterFactory.setField(ModelAdapterFactory.java:970)
													at org.apache.sling.models.impl.ModelAdapterFactory.access$200(ModelAdapterFactory.java:115)
													at org.apache.sling.models.impl.ModelAdapterFactory$SetFieldCallback.inject(ModelAdapterFactory.java:468)
													at org.apache.sling.models.impl.ModelAdapterFactory.injectElement(ModelAdapterFactory.java:568)
													at org.apache.sling.models.impl.ModelAdapterFactory.createObject(ModelAdapterFactory.java:726)
													... 118 more
												Caused by: org.apache.sling.models.factory.MissingElementsException: Could not inject all required fields into class org.apache.sling.models.testmodels.classes.IndirectCyclicSelfDependencyModelA
													at org.apache.sling.models.impl.ModelAdapterFactory.createObject(ModelAdapterFactory.java:747)
													at org.apache.sling.models.impl.ModelAdapterFactory.internalCreateModel(ModelAdapterFactory.java:416)
													at org.apache.sling.models.impl.ModelAdapterFactory.adapt(ModelAdapterFactory.java:1046)
													... 124 more
													Suppressed: org.apache.sling.models.factory.MissingElementException: Could not inject private org.apache.sling.models.testmodels.classes.IndirectCyclicSelfDependencyModelB org.apache.sling.models.testmodels.classes.IndirectCyclicSelfDependencyModelA.dependencyB
														at org.apache.sling.models.impl.ModelAdapterFactory.createObject(ModelAdapterFactory.java:731)
														... 126 more
													Caused by: org.apache.sling.models.factory.ModelClassException: Could not create model from class org.apache.sling.api.SlingHttpServletRequest$$EnhancerByMockitoWithCGLIB$$41c84fa: Could not inject all required fields into class org.apache.sling.models.testmodels.classes.IndirectCyclicSelfDependencyModelB
														at org.apache.sling.models.impl.ModelAdapterFactory.adapt(ModelAdapterFactory.java:1052)
														at org.apache.sling.models.impl.ModelAdapterFactory.adaptIfNecessary(ModelAdapterFactory.java:1027)
														at org.apache.sling.models.impl.ModelAdapterFactory.setField(ModelAdapterFactory.java:970)
														at org.apache.sling.models.impl.ModelAdapterFactory.access$200(ModelAdapterFactory.java:115)
														at org.apache.sling.models.impl.ModelAdapterFactory$SetFieldCallback.inject(ModelAdapterFactory.java:468)
														at org.apache.sling.models.impl.ModelAdapterFactory.injectElement(ModelAdapterFactory.java:568)
														at org.apache.sling.models.impl.ModelAdapterFactory.createObject(ModelAdapterFactory.java:726)
														... 126 more
													Caused by: org.apache.sling.models.factory.MissingElementsException: Could not inject all required fields into class org.apache.sling.models.testmodels.classes.IndirectCyclicSelfDependencyModelB
														at org.apache.sling.models.impl.ModelAdapterFactory.createObject(ModelAdapterFactory.java:747)
														at org.apache.sling.models.impl.ModelAdapterFactory.internalCreateModel(ModelAdapterFactory.java:416)
														at org.apache.sling.models.impl.ModelAdapterFactory.adapt(ModelAdapterFactory.java:1046)
														... 132 more
														Suppressed: org.apache.sling.models.factory.MissingElementException: Could not inject private org.apache.sling.models.testmodels.classes.IndirectCyclicSelfDependencyModelA org.apache.sling.models.testmodels.classes.IndirectCyclicSelfDependencyModelB.dependencyA
															at org.apache.sling.models.impl.ModelAdapterFactory.createObject(ModelAdapterFactory.java:731)
															... 134 more
														Caused by: org.apache.sling.models.factory.ModelClassException: Could not create model from class org.apache.sling.api.SlingHttpServletRequest$$EnhancerByMockitoWithCGLIB$$41c84fa: Could not inject all required fields into class org.apache.sling.models.testmodels.classes.IndirectCyclicSelfDependencyModelA
															at org.apache.sling.models.impl.ModelAdapterFactory.adapt(ModelAdapterFactory.java:1052)
															at org.apache.sling.models.impl.ModelAdapterFactory.adaptIfNecessary(ModelAdapterFactory.java:1027)
															at org.apache.sling.models.impl.ModelAdapterFactory.setField(ModelAdapterFactory.java:970)
															at org.apache.sling.models.impl.ModelAdapterFactory.access$200(ModelAdapterFactory.java:115)
															at org.apache.sling.models.impl.ModelAdapterFactory$SetFieldCallback.inject(ModelAdapterFactory.java:468)
															at org.apache.sling.models.impl.ModelAdapterFactory.injectElement(ModelAdapterFactory.java:568)
															at org.apache.sling.models.impl.ModelAdapterFactory.createObject(ModelAdapterFactory.java:726)
															... 134 more
														Caused by: org.apache.sling.models.factory.MissingElementsException: Could not inject all required fields into class org.apache.sling.models.testmodels.classes.IndirectCyclicSelfDependencyModelA
															at org.apache.sling.models.impl.ModelAdapterFactory.createObject(ModelAdapterFactory.java:747)
															at org.apache.sling.models.impl.ModelAdapterFactory.internalCreateModel(ModelAdapterFactory.java:416)
															at org.apache.sling.models.impl.ModelAdapterFactory.adapt(ModelAdapterFactory.java:1046)
															... 140 more
															Suppressed: org.apache.sling.models.factory.MissingElementException: Could not inject private org.apache.sling.models.testmodels.classes.IndirectCyclicSelfDependencyModelB org.apache.sling.models.testmodels.classes.IndirectCyclicSelfDependencyModelA.dependencyB
																at org.apache.sling.models.impl.ModelAdapterFactory.createObject(ModelAdapterFactory.java:731)
																... 142 more
															Caused by: org.apache.sling.models.factory.ModelClassException: Could not create model from class org.apache.sling.api.SlingHttpServletRequest$$EnhancerByMockitoWithCGLIB$$41c84fa: Could not inject all required fields into class org.apache.sling.models.testmodels.classes.IndirectCyclicSelfDependencyModelB
																at org.apache.sling.models.impl.ModelAdapterFactory.adapt(ModelAdapterFactory.java:1052)
																at org.apache.sling.models.impl.ModelAdapterFactory.adaptIfNecessary(ModelAdapterFactory.java:1027)
																at org.apache.sling.models.impl.ModelAdapterFactory.setField(ModelAdapterFactory.java:970)
																at org.apache.sling.models.impl.ModelAdapterFactory.access$200(ModelAdapterFactory.java:115)
																at org.apache.sling.models.impl.ModelAdapterFactory$SetFieldCallback.inject(ModelAdapterFactory.java:468)
																at org.apache.sling.models.impl.ModelAdapterFactory.injectElement(ModelAdapterFactory.java:568)
																at org.apache.sling.models.impl.ModelAdapterFactory.createObject(ModelAdapterFactory.java:726)
																... 142 more
															Caused by: org.apache.sling.models.factory.MissingElementsException: Could not inject all required fields into class org.apache.sling.models.testmodels.classes.IndirectCyclicSelfDependencyModelB
																at org.apache.sling.models.impl.ModelAdapterFactory.createObject(ModelAdapterFactory.java:747)
																at org.apache.sling.models.impl.ModelAdapterFactory.internalCreateModel(ModelAdapterFactory.java:416)
																at org.apache.sling.models.impl.ModelAdapterFactory.adapt(ModelAdapterFactory.java:1046)
																... 148 more
																Suppressed: org.apache.sling.models.factory.MissingElementException: Could not inject private org.apache.sling.models.testmodels.classes.IndirectCyclicSelfDependencyModelA org.apache.sling.models.testmodels.classes.IndirectCyclicSelfDependencyModelB.dependencyA
																	at org.apache.sling.models.impl.ModelAdapterFactory.createObject(ModelAdapterFactory.java:731)
																	... 150 more
																Caused by: org.apache.sling.models.factory.ModelClassException: Could not create model from class org.apache.sling.api.SlingHttpServletRequest$$EnhancerByMockitoWithCGLIB$$41c84fa: Could not inject all required fields into class org.apache.sling.models.testmodels.classes.IndirectCyclicSelfDependencyModelA
																	at org.apache.sling.models.impl.ModelAdapterFactory.adapt(ModelAdapterFactory.java:1052)
																	at org.apache.sling.models.impl.ModelAdapterFactory.adaptIfNecessary(ModelAdapterFactory.java:1027)
																	at org.apache.sling.models.impl.ModelAdapterFactory.setField(ModelAdapterFactory.java:970)
																	at org.apache.sling.models.impl.ModelAdapterFactory.access$200(ModelAdapterFactory.java:115)
																	at org.apache.sling.models.impl.ModelAdapterFactory$SetFieldCallback.inject(ModelAdapterFactory.java:468)
																	at org.apache.sling.models.impl.ModelAdapterFactory.injectElement(ModelAdapterFactory.java:568)
																	at org.apache.sling.models.impl.ModelAdapterFactory.createObject(ModelAdapterFactory.java:726)
																	... 150 more
																Caused by: org.apache.sling.models.factory.MissingElementsException: Could not inject all required fields into class org.apache.sling.models.testmodels.classes.IndirectCyclicSelfDependencyModelA
																	at org.apache.sling.models.impl.ModelAdapterFactory.createObject(ModelAdapterFactory.java:747)
																	at org.apache.sling.models.impl.ModelAdapterFactory.internalCreateModel(ModelAdapterFactory.java:416)
																	at org.apache.sling.models.impl.ModelAdapterFactory.adapt(ModelAdapterFactory.java:1046)
																	... 156 more
																	Suppressed: org.apache.sling.models.factory.MissingElementException: Could not inject private org.apache.sling.models.testmodels.classes.IndirectCyclicSelfDependencyModelB org.apache.sling.models.testmodels.classes.IndirectCyclicSelfDependencyModelA.dependencyB
																		at org.apache.sling.models.impl.ModelAdapterFactory.createObject(ModelAdapterFactory.java:731)
																		... 158 more
																	Caused by: org.apache.sling.models.factory.ModelClassException: Could not create model from class org.apache.sling.api.SlingHttpServletRequest$$EnhancerByMockitoWithCGLIB$$41c84fa: Could not inject all required fields into class org.apache.sling.models.testmodels.classes.IndirectCyclicSelfDependencyModelB
																		at org.apache.sling.models.impl.ModelAdapterFactory.adapt(ModelAdapterFactory.java:1052)
																		at org.apache.sling.models.impl.ModelAdapterFactory.adaptIfNecessary(ModelAdapterFactory.java:1027)
																		at org.apache.sling.models.impl.ModelAdapterFactory.setField(ModelAdapterFactory.java:970)
																		at org.apache.sling.models.impl.ModelAdapterFactory.access$200(ModelAdapterFactory.java:115)
																		at org.apache.sling.models.impl.ModelAdapterFactory$SetFieldCallback.inject(ModelAdapterFactory.java:468)
																		at org.apache.sling.models.impl.ModelAdapterFactory.injectElement(ModelAdapterFactory.java:568)
																		at org.apache.sling.models.impl.ModelAdapterFactory.createObject(ModelAdapterFactory.java:726)
																		... 158 more
																	Caused by: org.apache.sling.models.factory.MissingElementsException: Could not inject all required fields into class org.apache.sling.models.testmodels.classes.IndirectCyclicSelfDependencyModelB
																		at org.apache.sling.models.impl.ModelAdapterFactory.createObject(ModelAdapterFactory.java:747)
																		at org.apache.sling.models.impl.ModelAdapterFactory.internalCreateModel(ModelAdapterFactory.java:416)
																		at org.apache.sling.models.impl.ModelAdapterFactory.adapt(ModelAdapterFactory.java:1046)
																		... 164 more
																		Suppressed: org.apache.sling.models.factory.MissingElementException: Could not inject private org.apache.sling.models.testmodels.classes.IndirectCyclicSelfDependencyModelA org.apache.sling.models.testmodels.classes.IndirectCyclicSelfDependencyModelB.dependencyA
																			at org.apache.sling.models.impl.ModelAdapterFactory.createObject(ModelAdapterFactory.java:731)
																			... 166 more
																		Caused by: org.apache.sling.models.factory.ModelClassException: Could not create model from class org.apache.sling.api.SlingHttpServletRequest$$EnhancerByMockitoWithCGLIB$$41c84fa: Could not inject all required fields into class org.apache.sling.models.testmodels.classes.IndirectCyclicSelfDependencyModelA
																			at org.apache.sling.models.impl.ModelAdapterFactory.adapt(ModelAdapterFactory.java:1052)
																			at org.apache.sling.models.impl.ModelAdapterFactory.adaptIfNecessary(ModelAdapterFactory.java:1027)
																			at org.apache.sling.models.impl.ModelAdapterFactory.setField(ModelAdapterFactory.java:970)
																			at org.apache.sling.models.impl.ModelAdapterFactory.access$200(ModelAdapterFactory.java:115)
																			at org.apache.sling.models.impl.ModelAdapterFactory$SetFieldCallback.inject(ModelAdapterFactory.java:468)
																			at org.apache.sling.models.impl.ModelAdapterFactory.injectElement(ModelAdapterFactory.java:568)
																			at org.apache.sling.models.impl.ModelAdapterFactory.createObject(ModelAdapterFactory.java:726)
																			... 166 more
																		Caused by: org.apache.sling.models.factory.MissingElementsException: Could not inject all required fields into class org.apache.sling.models.testmodels.classes.IndirectCyclicSelfDependencyModelA
																			at org.apache.sling.models.impl.ModelAdapterFactory.createObject(ModelAdapterFactory.java:747)
																			at org.apache.sling.models.impl.ModelAdapterFactory.internalCreateModel(ModelAdapterFactory.java:416)
																			at org.apache.sling.models.impl.ModelAdapterFactory.adapt(ModelAdapterFactory.java:1046)
																			... 172 more
																			Suppressed: org.apache.sling.models.factory.MissingElementException: Could not inject private org.apache.sling.models.testmodels.classes.IndirectCyclicSelfDependencyModelB org.apache.sling.models.testmodels.classes.IndirectCyclicSelfDependencyModelA.dependencyB
																				at org.apache.sling.models.impl.ModelAdapterFactory.createObject(ModelAdapterFactory.java:731)
																				... 174 more
																			Caused by: org.apache.sling.models.factory.ModelClassException: Could not create model from class org.apache.sling.api.SlingHttpServletRequest$$EnhancerByMockitoWithCGLIB$$41c84fa: Could not inject all required fields into class org.apache.sling.models.testmodels.classes.IndirectCyclicSelfDependencyModelB
																				at org.apache.sling.models.impl.ModelAdapterFactory.adapt(ModelAdapterFactory.java:1052)
																				at org.apache.sling.models.impl.ModelAdapterFactory.adaptIfNecessary(ModelAdapterFactory.java:1027)
																				at org.apache.sling.models.impl.ModelAdapterFactory.setField(ModelAdapterFactory.java:970)
																				at org.apache.sling.models.impl.ModelAdapterFactory.access$200(ModelAdapterFactory.java:115)
																				at org.apache.sling.models.impl.ModelAdapterFactory$SetFieldCallback.inject(ModelAdapterFactory.java:468)
																				at org.apache.sling.models.impl.ModelAdapterFactory.injectElement(ModelAdapterFactory.java:568)
																				at org.apache.sling.models.impl.ModelAdapterFactory.createObject(ModelAdapterFactory.java:726)
																				... 174 more
																			Caused by: org.apache.sling.models.factory.MissingElementsException: Could not inject all required fields into class org.apache.sling.models.testmodels.classes.IndirectCyclicSelfDependencyModelB
																				at org.apache.sling.models.impl.ModelAdapterFactory.createObject(ModelAdapterFactory.java:747)
																				at org.apache.sling.models.impl.ModelAdapterFactory.internalCreateModel(ModelAdapterFactory.java:416)
																				at org.apache.sling.models.impl.ModelAdapterFactory.adapt(ModelAdapterFactory.java:1046)
																				... 180 more
																				Suppressed: org.apache.sling.models.factory.MissingElementException: Could not inject private org.apache.sling.models.testmodels.classes.IndirectCyclicSelfDependencyModelA org.apache.sling.models.testmodels.classes.IndirectCyclicSelfDependencyModelB.dependencyA
																					at org.apache.sling.models.impl.ModelAdapterFactory.createObject(ModelAdapterFactory.java:731)
																					... 182 more
																				Caused by: org.apache.sling.models.factory.ModelClassException: Could not create model from class org.apache.sling.api.SlingHttpServletRequest$$EnhancerByMockitoWithCGLIB$$41c84fa: Adapting request to class org.apache.sling.models.testmodels.classes.IndirectCyclicSelfDependencyModelA failed, too much recursive invocations (>=20).
																					at org.apache.sling.models.impl.ModelAdapterFactory.adapt(ModelAdapterFactory.java:1052)
																					at org.apache.sling.models.impl.ModelAdapterFactory.adaptIfNecessary(ModelAdapterFactory.java:1027)
																					at org.apache.sling.models.impl.ModelAdapterFactory.setField(ModelAdapterFactory.java:970)
																					at org.apache.sling.models.impl.ModelAdapterFactory.access$200(ModelAdapterFactory.java:115)
																					at org.apache.sling.models.impl.ModelAdapterFactory$SetFieldCallback.inject(ModelAdapterFactory.java:468)
																					at org.apache.sling.models.impl.ModelAdapterFactory.injectElement(ModelAdapterFactory.java:568)
																					at org.apache.sling.models.impl.ModelAdapterFactory.createObject(ModelAdapterFactory.java:726)
																					... 182 more
																				Caused by: org.apache.sling.models.factory.ModelClassException: Adapting request to class org.apache.sling.models.testmodels.classes.IndirectCyclicSelfDependencyModelA failed, too much recursive invocations (>=20).
																					at org.apache.sling.models.impl.ModelAdapterFactory.internalCreateModel(ModelAdapterFactory.java:354)
																					at org.apache.sling.models.impl.ModelAdapterFactory.adapt(ModelAdapterFactory.java:1046)
																					... 188 more
[main] WARN org.apache.sling.models.impl.ModelAdapterFactory - Could not adapt to model
org.apache.sling.models.factory.MissingElementsException: Could not inject all required fields into class org.apache.sling.models.testmodels.classes.DirectCyclicSelfDependencyModel
	at org.apache.sling.models.impl.ModelAdapterFactory.createObject(ModelAdapterFactory.java:747)
	at org.apache.sling.models.impl.ModelAdapterFactory.internalCreateModel(ModelAdapterFactory.java:416)
	at org.apache.sling.models.impl.ModelAdapterFactory.getAdapter(ModelAdapterFactory.java:268)
	at org.apache.sling.models.impl.SelfDependencyTest.testDirectCyclicSelfDependency(SelfDependencyTest.java:75)
	at sun.reflect.NativeMethodAccessorImpl.invoke0(Native Method)
	at sun.reflect.NativeMethodAccessorImpl.invoke(NativeMethodAccessorImpl.java:62)
	at sun.reflect.DelegatingMethodAccessorImpl.invoke(DelegatingMethodAccessorImpl.java:43)
	at java.lang.reflect.Method.invoke(Method.java:498)
	at org.junit.runners.model.FrameworkMethod$1.runReflectiveCall(FrameworkMethod.java:50)
	at org.junit.internal.runners.model.ReflectiveCallable.run(ReflectiveCallable.java:12)
	at org.junit.runners.model.FrameworkMethod.invokeExplosively(FrameworkMethod.java:47)
	at org.junit.internal.runners.statements.InvokeMethod.evaluate(InvokeMethod.java:17)
	at org.junit.internal.runners.statements.RunBefores.evaluate(RunBefores.java:26)
	at org.junit.runners.ParentRunner.runLeaf(ParentRunner.java:325)
	at org.junit.runners.BlockJUnit4ClassRunner.runChild(BlockJUnit4ClassRunner.java:78)
	at org.junit.runners.BlockJUnit4ClassRunner.runChild(BlockJUnit4ClassRunner.java:57)
	at org.junit.runners.ParentRunner$3.run(ParentRunner.java:290)
	at org.junit.runners.ParentRunner$1.schedule(ParentRunner.java:71)
	at org.junit.runners.ParentRunner.runChildren(ParentRunner.java:288)
	at org.junit.runners.ParentRunner.access$000(ParentRunner.java:58)
	at org.junit.runners.ParentRunner$2.evaluate(ParentRunner.java:268)
	at org.junit.runners.ParentRunner.run(ParentRunner.java:363)
	at org.mockito.internal.runners.JUnit45AndHigherRunnerImpl.run(JUnit45AndHigherRunnerImpl.java:37)
	at org.mockito.runners.MockitoJUnitRunner.run(MockitoJUnitRunner.java:62)
	at org.apache.maven.surefire.junit4.JUnit4Provider.execute(JUnit4Provider.java:367)
	at org.apache.maven.surefire.junit4.JUnit4Provider.executeWithRerun(JUnit4Provider.java:274)
	at org.apache.maven.surefire.junit4.JUnit4Provider.executeTestSet(JUnit4Provider.java:238)
	at org.apache.maven.surefire.junit4.JUnit4Provider.invoke(JUnit4Provider.java:161)
	at org.apache.maven.surefire.booter.ForkedBooter.invokeProviderInSameClassLoader(ForkedBooter.java:290)
	at org.apache.maven.surefire.booter.ForkedBooter.runSuitesInProcess(ForkedBooter.java:242)
	at org.apache.maven.surefire.booter.ForkedBooter.main(ForkedBooter.java:121)
	Suppressed: org.apache.sling.models.factory.MissingElementException: Could not inject private org.apache.sling.models.testmodels.classes.DirectCyclicSelfDependencyModel org.apache.sling.models.testmodels.classes.DirectCyclicSelfDependencyModel.modelSelf
		at org.apache.sling.models.impl.ModelAdapterFactory.createObject(ModelAdapterFactory.java:731)
		... 30 more
	Caused by: org.apache.sling.models.factory.ModelClassException: Could not create model from class org.apache.sling.api.SlingHttpServletRequest$$EnhancerByMockitoWithCGLIB$$41c84fa: Could not inject all required fields into class org.apache.sling.models.testmodels.classes.DirectCyclicSelfDependencyModel
		at org.apache.sling.models.impl.ModelAdapterFactory.adapt(ModelAdapterFactory.java:1052)
		at org.apache.sling.models.impl.ModelAdapterFactory.adaptIfNecessary(ModelAdapterFactory.java:1027)
		at org.apache.sling.models.impl.ModelAdapterFactory.setField(ModelAdapterFactory.java:970)
		at org.apache.sling.models.impl.ModelAdapterFactory.access$200(ModelAdapterFactory.java:115)
		at org.apache.sling.models.impl.ModelAdapterFactory$SetFieldCallback.inject(ModelAdapterFactory.java:468)
		at org.apache.sling.models.impl.ModelAdapterFactory.injectElement(ModelAdapterFactory.java:568)
		at org.apache.sling.models.impl.ModelAdapterFactory.createObject(ModelAdapterFactory.java:726)
		... 30 more
	Caused by: org.apache.sling.models.factory.MissingElementsException: Could not inject all required fields into class org.apache.sling.models.testmodels.classes.DirectCyclicSelfDependencyModel
		at org.apache.sling.models.impl.ModelAdapterFactory.createObject(ModelAdapterFactory.java:747)
		at org.apache.sling.models.impl.ModelAdapterFactory.internalCreateModel(ModelAdapterFactory.java:416)
		at org.apache.sling.models.impl.ModelAdapterFactory.adapt(ModelAdapterFactory.java:1046)
		... 36 more
		Suppressed: org.apache.sling.models.factory.MissingElementException: Could not inject private org.apache.sling.models.testmodels.classes.DirectCyclicSelfDependencyModel org.apache.sling.models.testmodels.classes.DirectCyclicSelfDependencyModel.modelSelf
			at org.apache.sling.models.impl.ModelAdapterFactory.createObject(ModelAdapterFactory.java:731)
			... 38 more
		Caused by: org.apache.sling.models.factory.ModelClassException: Could not create model from class org.apache.sling.api.SlingHttpServletRequest$$EnhancerByMockitoWithCGLIB$$41c84fa: Could not inject all required fields into class org.apache.sling.models.testmodels.classes.DirectCyclicSelfDependencyModel
			at org.apache.sling.models.impl.ModelAdapterFactory.adapt(ModelAdapterFactory.java:1052)
			at org.apache.sling.models.impl.ModelAdapterFactory.adaptIfNecessary(ModelAdapterFactory.java:1027)
			at org.apache.sling.models.impl.ModelAdapterFactory.setField(ModelAdapterFactory.java:970)
			at org.apache.sling.models.impl.ModelAdapterFactory.access$200(ModelAdapterFactory.java:115)
			at org.apache.sling.models.impl.ModelAdapterFactory$SetFieldCallback.inject(ModelAdapterFactory.java:468)
			at org.apache.sling.models.impl.ModelAdapterFactory.injectElement(ModelAdapterFactory.java:568)
			at org.apache.sling.models.impl.ModelAdapterFactory.createObject(ModelAdapterFactory.java:726)
			... 38 more
		Caused by: org.apache.sling.models.factory.MissingElementsException: Could not inject all required fields into class org.apache.sling.models.testmodels.classes.DirectCyclicSelfDependencyModel
			at org.apache.sling.models.impl.ModelAdapterFactory.createObject(ModelAdapterFactory.java:747)
			at org.apache.sling.models.impl.ModelAdapterFactory.internalCreateModel(ModelAdapterFactory.java:416)
			at org.apache.sling.models.impl.ModelAdapterFactory.adapt(ModelAdapterFactory.java:1046)
			... 44 more
			Suppressed: org.apache.sling.models.factory.MissingElementException: Could not inject private org.apache.sling.models.testmodels.classes.DirectCyclicSelfDependencyModel org.apache.sling.models.testmodels.classes.DirectCyclicSelfDependencyModel.modelSelf
				at org.apache.sling.models.impl.ModelAdapterFactory.createObject(ModelAdapterFactory.java:731)
				... 46 more
			Caused by: org.apache.sling.models.factory.ModelClassException: Could not create model from class org.apache.sling.api.SlingHttpServletRequest$$EnhancerByMockitoWithCGLIB$$41c84fa: Could not inject all required fields into class org.apache.sling.models.testmodels.classes.DirectCyclicSelfDependencyModel
				at org.apache.sling.models.impl.ModelAdapterFactory.adapt(ModelAdapterFactory.java:1052)
				at org.apache.sling.models.impl.ModelAdapterFactory.adaptIfNecessary(ModelAdapterFactory.java:1027)
				at org.apache.sling.models.impl.ModelAdapterFactory.setField(ModelAdapterFactory.java:970)
				at org.apache.sling.models.impl.ModelAdapterFactory.access$200(ModelAdapterFactory.java:115)
				at org.apache.sling.models.impl.ModelAdapterFactory$SetFieldCallback.inject(ModelAdapterFactory.java:468)
				at org.apache.sling.models.impl.ModelAdapterFactory.injectElement(ModelAdapterFactory.java:568)
				at org.apache.sling.models.impl.ModelAdapterFactory.createObject(ModelAdapterFactory.java:726)
				... 46 more
			Caused by: org.apache.sling.models.factory.MissingElementsException: Could not inject all required fields into class org.apache.sling.models.testmodels.classes.DirectCyclicSelfDependencyModel
				at org.apache.sling.models.impl.ModelAdapterFactory.createObject(ModelAdapterFactory.java:747)
				at org.apache.sling.models.impl.ModelAdapterFactory.internalCreateModel(ModelAdapterFactory.java:416)
				at org.apache.sling.models.impl.ModelAdapterFactory.adapt(ModelAdapterFactory.java:1046)
				... 52 more
				Suppressed: org.apache.sling.models.factory.MissingElementException: Could not inject private org.apache.sling.models.testmodels.classes.DirectCyclicSelfDependencyModel org.apache.sling.models.testmodels.classes.DirectCyclicSelfDependencyModel.modelSelf
					at org.apache.sling.models.impl.ModelAdapterFactory.createObject(ModelAdapterFactory.java:731)
					... 54 more
				Caused by: org.apache.sling.models.factory.ModelClassException: Could not create model from class org.apache.sling.api.SlingHttpServletRequest$$EnhancerByMockitoWithCGLIB$$41c84fa: Could not inject all required fields into class org.apache.sling.models.testmodels.classes.DirectCyclicSelfDependencyModel
					at org.apache.sling.models.impl.ModelAdapterFactory.adapt(ModelAdapterFactory.java:1052)
					at org.apache.sling.models.impl.ModelAdapterFactory.adaptIfNecessary(ModelAdapterFactory.java:1027)
					at org.apache.sling.models.impl.ModelAdapterFactory.setField(ModelAdapterFactory.java:970)
					at org.apache.sling.models.impl.ModelAdapterFactory.access$200(ModelAdapterFactory.java:115)
					at org.apache.sling.models.impl.ModelAdapterFactory$SetFieldCallback.inject(ModelAdapterFactory.java:468)
					at org.apache.sling.models.impl.ModelAdapterFactory.injectElement(ModelAdapterFactory.java:568)
					at org.apache.sling.models.impl.ModelAdapterFactory.createObject(ModelAdapterFactory.java:726)
					... 54 more
				Caused by: org.apache.sling.models.factory.MissingElementsException: Could not inject all required fields into class org.apache.sling.models.testmodels.classes.DirectCyclicSelfDependencyModel
					at org.apache.sling.models.impl.ModelAdapterFactory.createObject(ModelAdapterFactory.java:747)
					at org.apache.sling.models.impl.ModelAdapterFactory.internalCreateModel(ModelAdapterFactory.java:416)
					at org.apache.sling.models.impl.ModelAdapterFactory.adapt(ModelAdapterFactory.java:1046)
					... 60 more
					Suppressed: org.apache.sling.models.factory.MissingElementException: Could not inject private org.apache.sling.models.testmodels.classes.DirectCyclicSelfDependencyModel org.apache.sling.models.testmodels.classes.DirectCyclicSelfDependencyModel.modelSelf
						at org.apache.sling.models.impl.ModelAdapterFactory.createObject(ModelAdapterFactory.java:731)
						... 62 more
					Caused by: org.apache.sling.models.factory.ModelClassException: Could not create model from class org.apache.sling.api.SlingHttpServletRequest$$EnhancerByMockitoWithCGLIB$$41c84fa: Could not inject all required fields into class org.apache.sling.models.testmodels.classes.DirectCyclicSelfDependencyModel
						at org.apache.sling.models.impl.ModelAdapterFactory.adapt(ModelAdapterFactory.java:1052)
						at org.apache.sling.models.impl.ModelAdapterFactory.adaptIfNecessary(ModelAdapterFactory.java:1027)
						at org.apache.sling.models.impl.ModelAdapterFactory.setField(ModelAdapterFactory.java:970)
						at org.apache.sling.models.impl.ModelAdapterFactory.access$200(ModelAdapterFactory.java:115)
						at org.apache.sling.models.impl.ModelAdapterFactory$SetFieldCallback.inject(ModelAdapterFactory.java:468)
						at org.apache.sling.models.impl.ModelAdapterFactory.injectElement(ModelAdapterFactory.java:568)
						at org.apache.sling.models.impl.ModelAdapterFactory.createObject(ModelAdapterFactory.java:726)
						... 62 more
					Caused by: org.apache.sling.models.factory.MissingElementsException: Could not inject all required fields into class org.apache.sling.models.testmodels.classes.DirectCyclicSelfDependencyModel
						at org.apache.sling.models.impl.ModelAdapterFactory.createObject(ModelAdapterFactory.java:747)
						at org.apache.sling.models.impl.ModelAdapterFactory.internalCreateModel(ModelAdapterFactory.java:416)
						at org.apache.sling.models.impl.ModelAdapterFactory.adapt(ModelAdapterFactory.java:1046)
						... 68 more
						Suppressed: org.apache.sling.models.factory.MissingElementException: Could not inject private org.apache.sling.models.testmodels.classes.DirectCyclicSelfDependencyModel org.apache.sling.models.testmodels.classes.DirectCyclicSelfDependencyModel.modelSelf
							at org.apache.sling.models.impl.ModelAdapterFactory.createObject(ModelAdapterFactory.java:731)
							... 70 more
						Caused by: org.apache.sling.models.factory.ModelClassException: Could not create model from class org.apache.sling.api.SlingHttpServletRequest$$EnhancerByMockitoWithCGLIB$$41c84fa: Could not inject all required fields into class org.apache.sling.models.testmodels.classes.DirectCyclicSelfDependencyModel
							at org.apache.sling.models.impl.ModelAdapterFactory.adapt(ModelAdapterFactory.java:1052)
							at org.apache.sling.models.impl.ModelAdapterFactory.adaptIfNecessary(ModelAdapterFactory.java:1027)
							at org.apache.sling.models.impl.ModelAdapterFactory.setField(ModelAdapterFactory.java:970)
							at org.apache.sling.models.impl.ModelAdapterFactory.access$200(ModelAdapterFactory.java:115)
							at org.apache.sling.models.impl.ModelAdapterFactory$SetFieldCallback.inject(ModelAdapterFactory.java:468)
							at org.apache.sling.models.impl.ModelAdapterFactory.injectElement(ModelAdapterFactory.java:568)
							at org.apache.sling.models.impl.ModelAdapterFactory.createObject(ModelAdapterFactory.java:726)
							... 70 more
						Caused by: org.apache.sling.models.factory.MissingElementsException: Could not inject all required fields into class org.apache.sling.models.testmodels.classes.DirectCyclicSelfDependencyModel
							at org.apache.sling.models.impl.ModelAdapterFactory.createObject(ModelAdapterFactory.java:747)
							at org.apache.sling.models.impl.ModelAdapterFactory.internalCreateModel(ModelAdapterFactory.java:416)
							at org.apache.sling.models.impl.ModelAdapterFactory.adapt(ModelAdapterFactory.java:1046)
							... 76 more
							Suppressed: org.apache.sling.models.factory.MissingElementException: Could not inject private org.apache.sling.models.testmodels.classes.DirectCyclicSelfDependencyModel org.apache.sling.models.testmodels.classes.DirectCyclicSelfDependencyModel.modelSelf
								at org.apache.sling.models.impl.ModelAdapterFactory.createObject(ModelAdapterFactory.java:731)
								... 78 more
							Caused by: org.apache.sling.models.factory.ModelClassException: Could not create model from class org.apache.sling.api.SlingHttpServletRequest$$EnhancerByMockitoWithCGLIB$$41c84fa: Could not inject all required fields into class org.apache.sling.models.testmodels.classes.DirectCyclicSelfDependencyModel
								at org.apache.sling.models.impl.ModelAdapterFactory.adapt(ModelAdapterFactory.java:1052)
								at org.apache.sling.models.impl.ModelAdapterFactory.adaptIfNecessary(ModelAdapterFactory.java:1027)
								at org.apache.sling.models.impl.ModelAdapterFactory.setField(ModelAdapterFactory.java:970)
								at org.apache.sling.models.impl.ModelAdapterFactory.access$200(ModelAdapterFactory.java:115)
								at org.apache.sling.models.impl.ModelAdapterFactory$SetFieldCallback.inject(ModelAdapterFactory.java:468)
								at org.apache.sling.models.impl.ModelAdapterFactory.injectElement(ModelAdapterFactory.java:568)
								at org.apache.sling.models.impl.ModelAdapterFactory.createObject(ModelAdapterFactory.java:726)
								... 78 more
							Caused by: org.apache.sling.models.factory.MissingElementsException: Could not inject all required fields into class org.apache.sling.models.testmodels.classes.DirectCyclicSelfDependencyModel
								at org.apache.sling.models.impl.ModelAdapterFactory.createObject(ModelAdapterFactory.java:747)
								at org.apache.sling.models.impl.ModelAdapterFactory.internalCreateModel(ModelAdapterFactory.java:416)
								at org.apache.sling.models.impl.ModelAdapterFactory.adapt(ModelAdapterFactory.java:1046)
								... 84 more
								Suppressed: org.apache.sling.models.factory.MissingElementException: Could not inject private org.apache.sling.models.testmodels.classes.DirectCyclicSelfDependencyModel org.apache.sling.models.testmodels.classes.DirectCyclicSelfDependencyModel.modelSelf
									at org.apache.sling.models.impl.ModelAdapterFactory.createObject(ModelAdapterFactory.java:731)
									... 86 more
								Caused by: org.apache.sling.models.factory.ModelClassException: Could not create model from class org.apache.sling.api.SlingHttpServletRequest$$EnhancerByMockitoWithCGLIB$$41c84fa: Could not inject all required fields into class org.apache.sling.models.testmodels.classes.DirectCyclicSelfDependencyModel
									at org.apache.sling.models.impl.ModelAdapterFactory.adapt(ModelAdapterFactory.java:1052)
									at org.apache.sling.models.impl.ModelAdapterFactory.adaptIfNecessary(ModelAdapterFactory.java:1027)
									at org.apache.sling.models.impl.ModelAdapterFactory.setField(ModelAdapterFactory.java:970)
									at org.apache.sling.models.impl.ModelAdapterFactory.access$200(ModelAdapterFactory.java:115)
									at org.apache.sling.models.impl.ModelAdapterFactory$SetFieldCallback.inject(ModelAdapterFactory.java:468)
									at org.apache.sling.models.impl.ModelAdapterFactory.injectElement(ModelAdapterFactory.java:568)
									at org.apache.sling.models.impl.ModelAdapterFactory.createObject(ModelAdapterFactory.java:726)
									... 86 more
								Caused by: org.apache.sling.models.factory.MissingElementsException: Could not inject all required fields into class org.apache.sling.models.testmodels.classes.DirectCyclicSelfDependencyModel
									at org.apache.sling.models.impl.ModelAdapterFactory.createObject(ModelAdapterFactory.java:747)
									at org.apache.sling.models.impl.ModelAdapterFactory.internalCreateModel(ModelAdapterFactory.java:416)
									at org.apache.sling.models.impl.ModelAdapterFactory.adapt(ModelAdapterFactory.java:1046)
									... 92 more
									Suppressed: org.apache.sling.models.factory.MissingElementException: Could not inject private org.apache.sling.models.testmodels.classes.DirectCyclicSelfDependencyModel org.apache.sling.models.testmodels.classes.DirectCyclicSelfDependencyModel.modelSelf
										at org.apache.sling.models.impl.ModelAdapterFactory.createObject(ModelAdapterFactory.java:731)
										... 94 more
									Caused by: org.apache.sling.models.factory.ModelClassException: Could not create model from class org.apache.sling.api.SlingHttpServletRequest$$EnhancerByMockitoWithCGLIB$$41c84fa: Could not inject all required fields into class org.apache.sling.models.testmodels.classes.DirectCyclicSelfDependencyModel
										at org.apache.sling.models.impl.ModelAdapterFactory.adapt(ModelAdapterFactory.java:1052)
										at org.apache.sling.models.impl.ModelAdapterFactory.adaptIfNecessary(ModelAdapterFactory.java:1027)
										at org.apache.sling.models.impl.ModelAdapterFactory.setField(ModelAdapterFactory.java:970)
										at org.apache.sling.models.impl.ModelAdapterFactory.access$200(ModelAdapterFactory.java:115)
										at org.apache.sling.models.impl.ModelAdapterFactory$SetFieldCallback.inject(ModelAdapterFactory.java:468)
										at org.apache.sling.models.impl.ModelAdapterFactory.injectElement(ModelAdapterFactory.java:568)
										at org.apache.sling.models.impl.ModelAdapterFactory.createObject(ModelAdapterFactory.java:726)
										... 94 more
									Caused by: org.apache.sling.models.factory.MissingElementsException: Could not inject all required fields into class org.apache.sling.models.testmodels.classes.DirectCyclicSelfDependencyModel
										at org.apache.sling.models.impl.ModelAdapterFactory.createObject(ModelAdapterFactory.java:747)
										at org.apache.sling.models.impl.ModelAdapterFactory.internalCreateModel(ModelAdapterFactory.java:416)
										at org.apache.sling.models.impl.ModelAdapterFactory.adapt(ModelAdapterFactory.java:1046)
										... 100 more
										Suppressed: org.apache.sling.models.factory.MissingElementException: Could not inject private org.apache.sling.models.testmodels.classes.DirectCyclicSelfDependencyModel org.apache.sling.models.testmodels.classes.DirectCyclicSelfDependencyModel.modelSelf
											at org.apache.sling.models.impl.ModelAdapterFactory.createObject(ModelAdapterFactory.java:731)
											... 102 more
										Caused by: org.apache.sling.models.factory.ModelClassException: Could not create model from class org.apache.sling.api.SlingHttpServletRequest$$EnhancerByMockitoWithCGLIB$$41c84fa: Could not inject all required fields into class org.apache.sling.models.testmodels.classes.DirectCyclicSelfDependencyModel
											at org.apache.sling.models.impl.ModelAdapterFactory.adapt(ModelAdapterFactory.java:1052)
											at org.apache.sling.models.impl.ModelAdapterFactory.adaptIfNecessary(ModelAdapterFactory.java:1027)
											at org.apache.sling.models.impl.ModelAdapterFactory.setField(ModelAdapterFactory.java:970)
											at org.apache.sling.models.impl.ModelAdapterFactory.access$200(ModelAdapterFactory.java:115)
											at org.apache.sling.models.impl.ModelAdapterFactory$SetFieldCallback.inject(ModelAdapterFactory.java:468)
											at org.apache.sling.models.impl.ModelAdapterFactory.injectElement(ModelAdapterFactory.java:568)
											at org.apache.sling.models.impl.ModelAdapterFactory.createObject(ModelAdapterFactory.java:726)
											... 102 more
										Caused by: org.apache.sling.models.factory.MissingElementsException: Could not inject all required fields into class org.apache.sling.models.testmodels.classes.DirectCyclicSelfDependencyModel
											at org.apache.sling.models.impl.ModelAdapterFactory.createObject(ModelAdapterFactory.java:747)
											at org.apache.sling.models.impl.ModelAdapterFactory.internalCreateModel(ModelAdapterFactory.java:416)
											at org.apache.sling.models.impl.ModelAdapterFactory.adapt(ModelAdapterFactory.java:1046)
											... 108 more
											Suppressed: org.apache.sling.models.factory.MissingElementException: Could not inject private org.apache.sling.models.testmodels.classes.DirectCyclicSelfDependencyModel org.apache.sling.models.testmodels.classes.DirectCyclicSelfDependencyModel.modelSelf
												at org.apache.sling.models.impl.ModelAdapterFactory.createObject(ModelAdapterFactory.java:731)
												... 110 more
											Caused by: org.apache.sling.models.factory.ModelClassException: Could not create model from class org.apache.sling.api.SlingHttpServletRequest$$EnhancerByMockitoWithCGLIB$$41c84fa: Could not inject all required fields into class org.apache.sling.models.testmodels.classes.DirectCyclicSelfDependencyModel
												at org.apache.sling.models.impl.ModelAdapterFactory.adapt(ModelAdapterFactory.java:1052)
												at org.apache.sling.models.impl.ModelAdapterFactory.adaptIfNecessary(ModelAdapterFactory.java:1027)
												at org.apache.sling.models.impl.ModelAdapterFactory.setField(ModelAdapterFactory.java:970)
												at org.apache.sling.models.impl.ModelAdapterFactory.access$200(ModelAdapterFactory.java:115)
												at org.apache.sling.models.impl.ModelAdapterFactory$SetFieldCallback.inject(ModelAdapterFactory.java:468)
												at org.apache.sling.models.impl.ModelAdapterFactory.injectElement(ModelAdapterFactory.java:568)
												at org.apache.sling.models.impl.ModelAdapterFactory.createObject(ModelAdapterFactory.java:726)
												... 110 more
											Caused by: org.apache.sling.models.factory.MissingElementsException: Could not inject all required fields into class org.apache.sling.models.testmodels.classes.DirectCyclicSelfDependencyModel
												at org.apache.sling.models.impl.ModelAdapterFactory.createObject(ModelAdapterFactory.java:747)
												at org.apache.sling.models.impl.ModelAdapterFactory.internalCreateModel(ModelAdapterFactory.java:416)
												at org.apache.sling.models.impl.ModelAdapterFactory.adapt(ModelAdapterFactory.java:1046)
												... 116 more
												Suppressed: org.apache.sling.models.factory.MissingElementException: Could not inject private org.apache.sling.models.testmodels.classes.DirectCyclicSelfDependencyModel org.apache.sling.models.testmodels.classes.DirectCyclicSelfDependencyModel.modelSelf
													at org.apache.sling.models.impl.ModelAdapterFactory.createObject(ModelAdapterFactory.java:731)
													... 118 more
												Caused by: org.apache.sling.models.factory.ModelClassException: Could not create model from class org.apache.sling.api.SlingHttpServletRequest$$EnhancerByMockitoWithCGLIB$$41c84fa: Could not inject all required fields into class org.apache.sling.models.testmodels.classes.DirectCyclicSelfDependencyModel
													at org.apache.sling.models.impl.ModelAdapterFactory.adapt(ModelAdapterFactory.java:1052)
													at org.apache.sling.models.impl.ModelAdapterFactory.adaptIfNecessary(ModelAdapterFactory.java:1027)
													at org.apache.sling.models.impl.ModelAdapterFactory.setField(ModelAdapterFactory.java:970)
													at org.apache.sling.models.impl.ModelAdapterFactory.access$200(ModelAdapterFactory.java:115)
													at org.apache.sling.models.impl.ModelAdapterFactory$SetFieldCallback.inject(ModelAdapterFactory.java:468)
													at org.apache.sling.models.impl.ModelAdapterFactory.injectElement(ModelAdapterFactory.java:568)
													at org.apache.sling.models.impl.ModelAdapterFactory.createObject(ModelAdapterFactory.java:726)
													... 118 more
												Caused by: org.apache.sling.models.factory.MissingElementsException: Could not inject all required fields into class org.apache.sling.models.testmodels.classes.DirectCyclicSelfDependencyModel
													at org.apache.sling.models.impl.ModelAdapterFactory.createObject(ModelAdapterFactory.java:747)
													at org.apache.sling.models.impl.ModelAdapterFactory.internalCreateModel(ModelAdapterFactory.java:416)
													at org.apache.sling.models.impl.ModelAdapterFactory.adapt(ModelAdapterFactory.java:1046)
													... 124 more
													Suppressed: org.apache.sling.models.factory.MissingElementException: Could not inject private org.apache.sling.models.testmodels.classes.DirectCyclicSelfDependencyModel org.apache.sling.models.testmodels.classes.DirectCyclicSelfDependencyModel.modelSelf
														at org.apache.sling.models.impl.ModelAdapterFactory.createObject(ModelAdapterFactory.java:731)
														... 126 more
													Caused by: org.apache.sling.models.factory.ModelClassException: Could not create model from class org.apache.sling.api.SlingHttpServletRequest$$EnhancerByMockitoWithCGLIB$$41c84fa: Could not inject all required fields into class org.apache.sling.models.testmodels.classes.DirectCyclicSelfDependencyModel
														at org.apache.sling.models.impl.ModelAdapterFactory.adapt(ModelAdapterFactory.java:1052)
														at org.apache.sling.models.impl.ModelAdapterFactory.adaptIfNecessary(ModelAdapterFactory.java:1027)
														at org.apache.sling.models.impl.ModelAdapterFactory.setField(ModelAdapterFactory.java:970)
														at org.apache.sling.models.impl.ModelAdapterFactory.access$200(ModelAdapterFactory.java:115)
														at org.apache.sling.models.impl.ModelAdapterFactory$SetFieldCallback.inject(ModelAdapterFactory.java:468)
														at org.apache.sling.models.impl.ModelAdapterFactory.injectElement(ModelAdapterFactory.java:568)
														at org.apache.sling.models.impl.ModelAdapterFactory.createObject(ModelAdapterFactory.java:726)
														... 126 more
													Caused by: org.apache.sling.models.factory.MissingElementsException: Could not inject all required fields into class org.apache.sling.models.testmodels.classes.DirectCyclicSelfDependencyModel
														at org.apache.sling.models.impl.ModelAdapterFactory.createObject(ModelAdapterFactory.java:747)
														at org.apache.sling.models.impl.ModelAdapterFactory.internalCreateModel(ModelAdapterFactory.java:416)
														at org.apache.sling.models.impl.ModelAdapterFactory.adapt(ModelAdapterFactory.java:1046)
														... 132 more
														Suppressed: org.apache.sling.models.factory.MissingElementException: Could not inject private org.apache.sling.models.testmodels.classes.DirectCyclicSelfDependencyModel org.apache.sling.models.testmodels.classes.DirectCyclicSelfDependencyModel.modelSelf
															at org.apache.sling.models.impl.ModelAdapterFactory.createObject(ModelAdapterFactory.java:731)
															... 134 more
														Caused by: org.apache.sling.models.factory.ModelClassException: Could not create model from class org.apache.sling.api.SlingHttpServletRequest$$EnhancerByMockitoWithCGLIB$$41c84fa: Could not inject all required fields into class org.apache.sling.models.testmodels.classes.DirectCyclicSelfDependencyModel
															at org.apache.sling.models.impl.ModelAdapterFactory.adapt(ModelAdapterFactory.java:1052)
															at org.apache.sling.models.impl.ModelAdapterFactory.adaptIfNecessary(ModelAdapterFactory.java:1027)
															at org.apache.sling.models.impl.ModelAdapterFactory.setField(ModelAdapterFactory.java:970)
															at org.apache.sling.models.impl.ModelAdapterFactory.access$200(ModelAdapterFactory.java:115)
															at org.apache.sling.models.impl.ModelAdapterFactory$SetFieldCallback.inject(ModelAdapterFactory.java:468)
															at org.apache.sling.models.impl.ModelAdapterFactory.injectElement(ModelAdapterFactory.java:568)
															at org.apache.sling.models.impl.ModelAdapterFactory.createObject(ModelAdapterFactory.java:726)
															... 134 more
														Caused by: org.apache.sling.models.factory.MissingElementsException: Could not inject all required fields into class org.apache.sling.models.testmodels.classes.DirectCyclicSelfDependencyModel
															at org.apache.sling.models.impl.ModelAdapterFactory.createObject(ModelAdapterFactory.java:747)
															at org.apache.sling.models.impl.ModelAdapterFactory.internalCreateModel(ModelAdapterFactory.java:416)
															at org.apache.sling.models.impl.ModelAdapterFactory.adapt(ModelAdapterFactory.java:1046)
															... 140 more
															Suppressed: org.apache.sling.models.factory.MissingElementException: Could not inject private org.apache.sling.models.testmodels.classes.DirectCyclicSelfDependencyModel org.apache.sling.models.testmodels.classes.DirectCyclicSelfDependencyModel.modelSelf
																at org.apache.sling.models.impl.ModelAdapterFactory.createObject(ModelAdapterFactory.java:731)
																... 142 more
															Caused by: org.apache.sling.models.factory.ModelClassException: Could not create model from class org.apache.sling.api.SlingHttpServletRequest$$EnhancerByMockitoWithCGLIB$$41c84fa: Could not inject all required fields into class org.apache.sling.models.testmodels.classes.DirectCyclicSelfDependencyModel
																at org.apache.sling.models.impl.ModelAdapterFactory.adapt(ModelAdapterFactory.java:1052)
																at org.apache.sling.models.impl.ModelAdapterFactory.adaptIfNecessary(ModelAdapterFactory.java:1027)
																at org.apache.sling.models.impl.ModelAdapterFactory.setField(ModelAdapterFactory.java:970)
																at org.apache.sling.models.impl.ModelAdapterFactory.access$200(ModelAdapterFactory.java:115)
																at org.apache.sling.models.impl.ModelAdapterFactory$SetFieldCallback.inject(ModelAdapterFactory.java:468)
																at org.apache.sling.models.impl.ModelAdapterFactory.injectElement(ModelAdapterFactory.java:568)
																at org.apache.sling.models.impl.ModelAdapterFactory.createObject(ModelAdapterFactory.java:726)
																... 142 more
															Caused by: org.apache.sling.models.factory.MissingElementsException: Could not inject all required fields into class org.apache.sling.models.testmodels.classes.DirectCyclicSelfDependencyModel
																at org.apache.sling.models.impl.ModelAdapterFactory.createObject(ModelAdapterFactory.java:747)
																at org.apache.sling.models.impl.ModelAdapterFactory.internalCreateModel(ModelAdapterFactory.java:416)
																at org.apache.sling.models.impl.ModelAdapterFactory.adapt(ModelAdapterFactory.java:1046)
																... 148 more
																Suppressed: org.apache.sling.models.factory.MissingElementException: Could not inject private org.apache.sling.models.testmodels.classes.DirectCyclicSelfDependencyModel org.apache.sling.models.testmodels.classes.DirectCyclicSelfDependencyModel.modelSelf
																	at org.apache.sling.models.impl.ModelAdapterFactory.createObject(ModelAdapterFactory.java:731)
																	... 150 more
																Caused by: org.apache.sling.models.factory.ModelClassException: Could not create model from class org.apache.sling.api.SlingHttpServletRequest$$EnhancerByMockitoWithCGLIB$$41c84fa: Could not inject all required fields into class org.apache.sling.models.testmodels.classes.DirectCyclicSelfDependencyModel
																	at org.apache.sling.models.impl.ModelAdapterFactory.adapt(ModelAdapterFactory.java:1052)
																	at org.apache.sling.models.impl.ModelAdapterFactory.adaptIfNecessary(ModelAdapterFactory.java:1027)
																	at org.apache.sling.models.impl.ModelAdapterFactory.setField(ModelAdapterFactory.java:970)
																	at org.apache.sling.models.impl.ModelAdapterFactory.access$200(ModelAdapterFactory.java:115)
																	at org.apache.sling.models.impl.ModelAdapterFactory$SetFieldCallback.inject(ModelAdapterFactory.java:468)
																	at org.apache.sling.models.impl.ModelAdapterFactory.injectElement(ModelAdapterFactory.java:568)
																	at org.apache.sling.models.impl.ModelAdapterFactory.createObject(ModelAdapterFactory.java:726)
																	... 150 more
																Caused by: org.apache.sling.models.factory.MissingElementsException: Could not inject all required fields into class org.apache.sling.models.testmodels.classes.DirectCyclicSelfDependencyModel
																	at org.apache.sling.models.impl.ModelAdapterFactory.createObject(ModelAdapterFactory.java:747)
																	at org.apache.sling.models.impl.ModelAdapterFactory.internalCreateModel(ModelAdapterFactory.java:416)
																	at org.apache.sling.models.impl.ModelAdapterFactory.adapt(ModelAdapterFactory.java:1046)
																	... 156 more
																	Suppressed: org.apache.sling.models.factory.MissingElementException: Could not inject private org.apache.sling.models.testmodels.classes.DirectCyclicSelfDependencyModel org.apache.sling.models.testmodels.classes.DirectCyclicSelfDependencyModel.modelSelf
																		at org.apache.sling.models.impl.ModelAdapterFactory.createObject(ModelAdapterFactory.java:731)
																		... 158 more
																	Caused by: org.apache.sling.models.factory.ModelClassException: Could not create model from class org.apache.sling.api.SlingHttpServletRequest$$EnhancerByMockitoWithCGLIB$$41c84fa: Could not inject all required fields into class org.apache.sling.models.testmodels.classes.DirectCyclicSelfDependencyModel
																		at org.apache.sling.models.impl.ModelAdapterFactory.adapt(ModelAdapterFactory.java:1052)
																		at org.apache.sling.models.impl.ModelAdapterFactory.adaptIfNecessary(ModelAdapterFactory.java:1027)
																		at org.apache.sling.models.impl.ModelAdapterFactory.setField(ModelAdapterFactory.java:970)
																		at org.apache.sling.models.impl.ModelAdapterFactory.access$200(ModelAdapterFactory.java:115)
																		at org.apache.sling.models.impl.ModelAdapterFactory$SetFieldCallback.inject(ModelAdapterFactory.java:468)
																		at org.apache.sling.models.impl.ModelAdapterFactory.injectElement(ModelAdapterFactory.java:568)
																		at org.apache.sling.models.impl.ModelAdapterFactory.createObject(ModelAdapterFactory.java:726)
																		... 158 more
																	Caused by: org.apache.sling.models.factory.MissingElementsException: Could not inject all required fields into class org.apache.sling.models.testmodels.classes.DirectCyclicSelfDependencyModel
																		at org.apache.sling.models.impl.ModelAdapterFactory.createObject(ModelAdapterFactory.java:747)
																		at org.apache.sling.models.impl.ModelAdapterFactory.internalCreateModel(ModelAdapterFactory.java:416)
																		at org.apache.sling.models.impl.ModelAdapterFactory.adapt(ModelAdapterFactory.java:1046)
																		... 164 more
																		Suppressed: org.apache.sling.models.factory.MissingElementException: Could not inject private org.apache.sling.models.testmodels.classes.DirectCyclicSelfDependencyModel org.apache.sling.models.testmodels.classes.DirectCyclicSelfDependencyModel.modelSelf
																			at org.apache.sling.models.impl.ModelAdapterFactory.createObject(ModelAdapterFactory.java:731)
																			... 166 more
																		Caused by: org.apache.sling.models.factory.ModelClassException: Could not create model from class org.apache.sling.api.SlingHttpServletRequest$$EnhancerByMockitoWithCGLIB$$41c84fa: Could not inject all required fields into class org.apache.sling.models.testmodels.classes.DirectCyclicSelfDependencyModel
																			at org.apache.sling.models.impl.ModelAdapterFactory.adapt(ModelAdapterFactory.java:1052)
																			at org.apache.sling.models.impl.ModelAdapterFactory.adaptIfNecessary(ModelAdapterFactory.java:1027)
																			at org.apache.sling.models.impl.ModelAdapterFactory.setField(ModelAdapterFactory.java:970)
																			at org.apache.sling.models.impl.ModelAdapterFactory.access$200(ModelAdapterFactory.java:115)
																			at org.apache.sling.models.impl.ModelAdapterFactory$SetFieldCallback.inject(ModelAdapterFactory.java:468)
																			at org.apache.sling.models.impl.ModelAdapterFactory.injectElement(ModelAdapterFactory.java:568)
																			at org.apache.sling.models.impl.ModelAdapterFactory.createObject(ModelAdapterFactory.java:726)
																			... 166 more
																		Caused by: org.apache.sling.models.factory.MissingElementsException: Could not inject all required fields into class org.apache.sling.models.testmodels.classes.DirectCyclicSelfDependencyModel
																			at org.apache.sling.models.impl.ModelAdapterFactory.createObject(ModelAdapterFactory.java:747)
																			at org.apache.sling.models.impl.ModelAdapterFactory.internalCreateModel(ModelAdapterFactory.java:416)
																			at org.apache.sling.models.impl.ModelAdapterFactory.adapt(ModelAdapterFactory.java:1046)
																			... 172 more
																			Suppressed: org.apache.sling.models.factory.MissingElementException: Could not inject private org.apache.sling.models.testmodels.classes.DirectCyclicSelfDependencyModel org.apache.sling.models.testmodels.classes.DirectCyclicSelfDependencyModel.modelSelf
																				at org.apache.sling.models.impl.ModelAdapterFactory.createObject(ModelAdapterFactory.java:731)
																				... 174 more
																			Caused by: org.apache.sling.models.factory.ModelClassException: Could not create model from class org.apache.sling.api.SlingHttpServletRequest$$EnhancerByMockitoWithCGLIB$$41c84fa: Could not inject all required fields into class org.apache.sling.models.testmodels.classes.DirectCyclicSelfDependencyModel
																				at org.apache.sling.models.impl.ModelAdapterFactory.adapt(ModelAdapterFactory.java:1052)
																				at org.apache.sling.models.impl.ModelAdapterFactory.adaptIfNecessary(ModelAdapterFactory.java:1027)
																				at org.apache.sling.models.impl.ModelAdapterFactory.setField(ModelAdapterFactory.java:970)
																				at org.apache.sling.models.impl.ModelAdapterFactory.access$200(ModelAdapterFactory.java:115)
																				at org.apache.sling.models.impl.ModelAdapterFactory$SetFieldCallback.inject(ModelAdapterFactory.java:468)
																				at org.apache.sling.models.impl.ModelAdapterFactory.injectElement(ModelAdapterFactory.java:568)
																				at org.apache.sling.models.impl.ModelAdapterFactory.createObject(ModelAdapterFactory.java:726)
																				... 174 more
																			Caused by: org.apache.sling.models.factory.MissingElementsException: Could not inject all required fields into class org.apache.sling.models.testmodels.classes.DirectCyclicSelfDependencyModel
																				at org.apache.sling.models.impl.ModelAdapterFactory.createObject(ModelAdapterFactory.java:747)
																				at org.apache.sling.models.impl.ModelAdapterFactory.internalCreateModel(ModelAdapterFactory.java:416)
																				at org.apache.sling.models.impl.ModelAdapterFactory.adapt(ModelAdapterFactory.java:1046)
																				... 180 more
																				Suppressed: org.apache.sling.models.factory.MissingElementException: Could not inject private org.apache.sling.models.testmodels.classes.DirectCyclicSelfDependencyModel org.apache.sling.models.testmodels.classes.DirectCyclicSelfDependencyModel.modelSelf
																					at org.apache.sling.models.impl.ModelAdapterFactory.createObject(ModelAdapterFactory.java:731)
																					... 182 more
																				Caused by: org.apache.sling.models.factory.ModelClassException: Could not create model from class org.apache.sling.api.SlingHttpServletRequest$$EnhancerByMockitoWithCGLIB$$41c84fa: Adapting request to class org.apache.sling.models.testmodels.classes.DirectCyclicSelfDependencyModel failed, too much recursive invocations (>=20).
																					at org.apache.sling.models.impl.ModelAdapterFactory.adapt(ModelAdapterFactory.java:1052)
																					at org.apache.sling.models.impl.ModelAdapterFactory.adaptIfNecessary(ModelAdapterFactory.java:1027)
																					at org.apache.sling.models.impl.ModelAdapterFactory.setField(ModelAdapterFactory.java:970)
																					at org.apache.sling.models.impl.ModelAdapterFactory.access$200(ModelAdapterFactory.java:115)
																					at org.apache.sling.models.impl.ModelAdapterFactory$SetFieldCallback.inject(ModelAdapterFactory.java:468)
																					at org.apache.sling.models.impl.ModelAdapterFactory.injectElement(ModelAdapterFactory.java:568)
																					at org.apache.sling.models.impl.ModelAdapterFactory.createObject(ModelAdapterFactory.java:726)
																					... 182 more
																				Caused by: org.apache.sling.models.factory.ModelClassException: Adapting request to class org.apache.sling.models.testmodels.classes.DirectCyclicSelfDependencyModel failed, too much recursive invocations (>=20).
																					at org.apache.sling.models.impl.ModelAdapterFactory.internalCreateModel(ModelAdapterFactory.java:354)
																					at org.apache.sling.models.impl.ModelAdapterFactory.adapt(ModelAdapterFactory.java:1046)
																					... 188 more
Tests run: 3, Failures: 0, Errors: 0, Skipped: 0, Time elapsed: 0.182 sec - in org.apache.sling.models.impl.SelfDependencyTest
Running org.apache.sling.models.impl.ResourceModelInterfacesTest
[main] WARN org.apache.sling.models.impl.ModelAdapterFactory - Could not adapt to model
org.apache.sling.models.factory.MissingElementsException: Could not inject all required fields into class org.apache.sling.models.testmodels.classes.ResourceModelWithRequiredField
	at org.apache.sling.models.impl.ModelAdapterFactory.createObject(ModelAdapterFactory.java:747)
	at org.apache.sling.models.impl.ModelAdapterFactory.internalCreateModel(ModelAdapterFactory.java:416)
	at org.apache.sling.models.impl.ModelAdapterFactory.getAdapter(ModelAdapterFactory.java:268)
	at org.apache.sling.models.impl.ResourceModelInterfacesTest.testRequiredPropertyModel(ResourceModelInterfacesTest.java:97)
	at sun.reflect.NativeMethodAccessorImpl.invoke0(Native Method)
	at sun.reflect.NativeMethodAccessorImpl.invoke(NativeMethodAccessorImpl.java:62)
	at sun.reflect.DelegatingMethodAccessorImpl.invoke(DelegatingMethodAccessorImpl.java:43)
	at java.lang.reflect.Method.invoke(Method.java:498)
	at org.junit.runners.model.FrameworkMethod$1.runReflectiveCall(FrameworkMethod.java:50)
	at org.junit.internal.runners.model.ReflectiveCallable.run(ReflectiveCallable.java:12)
	at org.junit.runners.model.FrameworkMethod.invokeExplosively(FrameworkMethod.java:47)
	at org.junit.internal.runners.statements.InvokeMethod.evaluate(InvokeMethod.java:17)
	at org.junit.internal.runners.statements.RunBefores.evaluate(RunBefores.java:26)
	at org.junit.runners.ParentRunner.runLeaf(ParentRunner.java:325)
	at org.junit.runners.BlockJUnit4ClassRunner.runChild(BlockJUnit4ClassRunner.java:78)
	at org.junit.runners.BlockJUnit4ClassRunner.runChild(BlockJUnit4ClassRunner.java:57)
	at org.junit.runners.ParentRunner$3.run(ParentRunner.java:290)
	at org.junit.runners.ParentRunner$1.schedule(ParentRunner.java:71)
	at org.junit.runners.ParentRunner.runChildren(ParentRunner.java:288)
	at org.junit.runners.ParentRunner.access$000(ParentRunner.java:58)
	at org.junit.runners.ParentRunner$2.evaluate(ParentRunner.java:268)
	at org.junit.runners.ParentRunner.run(ParentRunner.java:363)
	at org.mockito.internal.runners.JUnit45AndHigherRunnerImpl.run(JUnit45AndHigherRunnerImpl.java:37)
	at org.mockito.runners.MockitoJUnitRunner.run(MockitoJUnitRunner.java:62)
	at org.apache.maven.surefire.junit4.JUnit4Provider.execute(JUnit4Provider.java:367)
	at org.apache.maven.surefire.junit4.JUnit4Provider.executeWithRerun(JUnit4Provider.java:274)
	at org.apache.maven.surefire.junit4.JUnit4Provider.executeTestSet(JUnit4Provider.java:238)
	at org.apache.maven.surefire.junit4.JUnit4Provider.invoke(JUnit4Provider.java:161)
	at org.apache.maven.surefire.booter.ForkedBooter.invokeProviderInSameClassLoader(ForkedBooter.java:290)
	at org.apache.maven.surefire.booter.ForkedBooter.runSuitesInProcess(ForkedBooter.java:242)
	at org.apache.maven.surefire.booter.ForkedBooter.main(ForkedBooter.java:121)
	Suppressed: org.apache.sling.models.factory.MissingElementException: Could not inject private java.lang.String org.apache.sling.models.testmodels.classes.ResourceModelWithRequiredField.required
		at org.apache.sling.models.impl.ModelAdapterFactory.createObject(ModelAdapterFactory.java:731)
		... 30 more
	Caused by: org.apache.sling.models.factory.ModelClassException: No injector returned a non-null value!
		at org.apache.sling.models.impl.ModelAdapterFactory.injectElement(ModelAdapterFactory.java:608)
		at org.apache.sling.models.impl.ModelAdapterFactory.createObject(ModelAdapterFactory.java:726)
		... 30 more
Tests run: 5, Failures: 0, Errors: 0, Skipped: 0, Time elapsed: 0.004 sec - in org.apache.sling.models.impl.ResourceModelInterfacesTest
Running org.apache.sling.models.impl.RequestDisposalTest
Tests run: 3, Failures: 0, Errors: 0, Skipped: 0, Time elapsed: 0 sec - in org.apache.sling.models.impl.RequestDisposalTest
Running org.apache.sling.models.impl.ParameterizedTypeFromRequestAttributeTest
Tests run: 1, Failures: 0, Errors: 0, Skipped: 0, Time elapsed: 0 sec - in org.apache.sling.models.impl.ParameterizedTypeFromRequestAttributeTest
Running org.apache.sling.models.impl.AdapterImplementationsTest
[main] WARN org.apache.sling.models.impl.AdapterImplementations - Skipped registering class java.lang.Integer for resourceType sling/rt/one under adaptable interface org.apache.sling.api.SlingHttpServletRequest because of existing mapping to class java.lang.String
[main] WARN org.apache.sling.models.impl.AdapterImplementations - Skipped registering class java.lang.Integer for resourceType sling/rt/one under adaptable interface org.apache.sling.api.resource.Resource because of existing mapping to class java.lang.String
[main] WARN org.apache.sling.models.impl.AdapterImplementations - Registering model class class java.lang.String for adaptable interface org.apache.sling.api.resource.Resource with absolute resourceType /apps/sling/rt/one.
Tests run: 11, Failures: 0, Errors: 0, Skipped: 0, Time elapsed: 0.001 sec - in org.apache.sling.models.impl.AdapterImplementationsTest
Running org.apache.sling.models.impl.AnnotationConflictsTest
Tests run: 2, Failures: 0, Errors: 0, Skipped: 0, Time elapsed: 0 sec - in org.apache.sling.models.impl.AnnotationConflictsTest

Results :

Tests run: 182, Failures: 0, Errors: 0, Skipped: 0

[INFO] 
[INFO] --- jacoco-maven-plugin:0.8.5:report (report) @ org.apache.sling.models.impl ---
[INFO] Loading execution data file /tmp/tmpk4b2e7rx/sling-org-apache-sling-models-impl/target/jacoco.exec
[INFO] Analyzed bundle 'Apache Sling Models Implementation' with 103 classes
[INFO] ------------------------------------------------------------------------
[INFO] BUILD SUCCESS
[INFO] ------------------------------------------------------------------------
[INFO] Total time:  40.100 s
[INFO] Finished at: 2020-08-03T11:03:41Z
[INFO] ------------------------------------------------------------------------
