[INFO] Error stacktraces are turned on.
[INFO] Scanning for projects...
[INFO] 
[INFO] -----------------------< org.graylog2:syslog4j >------------------------
[INFO] Building syslog4j-graylog2 0.9.61-SNAPSHOT
[INFO] --------------------------------[ jar ]---------------------------------
[INFO] 
[INFO] --- maven-enforcer-plugin:1.2:enforce (enforce-maven) @ syslog4j ---
[INFO] 
[INFO] --- jacoco-maven-plugin:0.8.5:prepare-agent (default) @ syslog4j ---
[INFO] argLine set to -javaagent:/home/jdbl/.m2/repository/org/jacoco/org.jacoco.agent/0.8.5/org.jacoco.agent-0.8.5-runtime.jar=destfile=/tmp/tmpite5tslz/syslog4j-graylog2/target/jacoco.exec
[INFO] 
[INFO] --- maven-resources-plugin:2.6:resources (default-resources) @ syslog4j ---
[INFO] Using 'UTF-8' encoding to copy filtered resources.
[INFO] skip non existing resourceDirectory /tmp/tmpite5tslz/syslog4j-graylog2/src/main/resources
[INFO] 
[INFO] --- maven-compiler-plugin:3.6.1:compile (default-compile) @ syslog4j ---
[INFO] Changes detected - recompiling the module!
[INFO] Compiling 104 source files to /tmp/tmpite5tslz/syslog4j-graylog2/target/classes
[INFO] /tmp/tmpite5tslz/syslog4j-graylog2/src/main/java/org/graylog2/syslog4j/impl/AbstractSyslogConfig.java: Some input files use unchecked or unsafe operations.
[INFO] /tmp/tmpite5tslz/syslog4j-graylog2/src/main/java/org/graylog2/syslog4j/impl/AbstractSyslogConfig.java: Recompile with -Xlint:unchecked for details.
[INFO] 
[INFO] --- maven-resources-plugin:2.6:testResources (default-testResources) @ syslog4j ---
[INFO] Using 'UTF-8' encoding to copy filtered resources.
[INFO] skip non existing resourceDirectory /tmp/tmpite5tslz/syslog4j-graylog2/src/test/resources
[INFO] 
[INFO] --- maven-compiler-plugin:3.6.1:testCompile (default-testCompile) @ syslog4j ---
[INFO] Changes detected - recompiling the module!
[INFO] Compiling 8 source files to /tmp/tmpite5tslz/syslog4j-graylog2/target/test-classes
[INFO] 
[INFO] --- maven-surefire-plugin:2.19.1:test (default-test) @ syslog4j ---
[INFO] Surefire report directory: /tmp/tmpite5tslz/syslog4j-graylog2/target/surefire-reports

-------------------------------------------------------
 T E S T S
-------------------------------------------------------
Running org.graylog2.syslog4j.impl.message.processor.AbstractSyslogMessageProcessorTest
Tests run: 1, Failures: 0, Errors: 0, Skipped: 0, Time elapsed: 0.436 sec - in org.graylog2.syslog4j.impl.message.processor.AbstractSyslogMessageProcessorTest
Running org.graylog2.syslog4j.impl.unix.UnixSyslogTest
Tests run: 1, Failures: 0, Errors: 0, Skipped: 0, Time elapsed: 1.1 sec - in org.graylog2.syslog4j.impl.unix.UnixSyslogTest
Running org.graylog2.syslog4j.server.impl.event.structured.StructuredSyslogServerEventTest
Tests run: 7, Failures: 0, Errors: 0, Skipped: 0, Time elapsed: 0.117 sec - in org.graylog2.syslog4j.server.impl.event.structured.StructuredSyslogServerEventTest
Running org.graylog2.syslog4j.server.impl.event.FortiGateSyslogEventTest
Tests run: 1, Failures: 0, Errors: 0, Skipped: 0, Time elapsed: 0.242 sec - in org.graylog2.syslog4j.server.impl.event.FortiGateSyslogEventTest
Running org.graylog2.syslog4j.server.impl.event.SyslogServerEventTest
Tests run: 11, Failures: 0, Errors: 0, Skipped: 0, Time elapsed: 0.021 sec - in org.graylog2.syslog4j.server.impl.event.SyslogServerEventTest
Running org.graylog2.syslog4j.server.impl.event.CiscoSyslogServerEventTest
Tests run: 7, Failures: 0, Errors: 0, Skipped: 0, Time elapsed: 0.071 sec - in org.graylog2.syslog4j.server.impl.event.CiscoSyslogServerEventTest
Running org.graylog2.syslog4j.server.impl.structured.TestMatchChar
Tests run: 1, Failures: 0, Errors: 0, Skipped: 0, Time elapsed: 0 sec - in org.graylog2.syslog4j.server.impl.structured.TestMatchChar
Running org.graylog2.syslog4j.test.message.structured.StructuredSyslogMessageTest
Tests run: 20, Failures: 0, Errors: 0, Skipped: 0, Time elapsed: 0.039 sec - in org.graylog2.syslog4j.test.message.structured.StructuredSyslogMessageTest

Results :

Tests run: 49, Failures: 0, Errors: 0, Skipped: 0

[INFO] 
[INFO] --- jacoco-maven-plugin:0.8.5:report (report) @ syslog4j ---
[INFO] Loading execution data file /tmp/tmpite5tslz/syslog4j-graylog2/target/jacoco.exec
[INFO] Analyzed bundle 'syslog4j-graylog2' with 1078 classes
[INFO] ------------------------------------------------------------------------
[INFO] BUILD SUCCESS
[INFO] ------------------------------------------------------------------------
[INFO] Total time:  16.683 s
[INFO] Finished at: 2020-07-30T21:33:04Z
[INFO] ------------------------------------------------------------------------
