[INFO] Error stacktraces are turned on.
[INFO] Scanning for projects...
[INFO] 
[INFO] ---------------------< hlt.isti.cnr.it:jatecs-gpl >---------------------
[INFO] Building jatecs-gpl 1.0.0
[INFO] --------------------------------[ jar ]---------------------------------
[INFO] 
[INFO] --- git-commit-id-plugin:2.1.0:revision (default) @ jatecs-gpl ---
[info] HEAD is [cf8f4c1786fdd024b3c0f22ca159344c961ddc22] 
[info] Repo is in dirty state = [true] 
[info] [GitCommitIdMojo] Storing: jatecs.commit.id.describe = cf8f4c1-dirty
[info] [GitCommitIdMojo] Storing: jatecs.commit.id = cf8f4c1786fdd024b3c0f22ca159344c961ddc22
[info] [GitCommitIdMojo] Storing: jatecs.commit.id.abbrev = cf8f4c1
[info] [GitCommitIdMojo] Storing: jatecs.commit.user.name = Andrea Esuli
[info] [GitCommitIdMojo] Storing: jatecs.commit.user.email = aesuli@users.noreply.github.com
[info] [GitCommitIdMojo] Storing: jatecs.commit.message.full = Fixes issue #7

Change of url format for maven repo.
[info] [GitCommitIdMojo] Storing: jatecs.commit.message.short = Fixes issue #7
[info] [GitCommitIdMojo] Storing: jatecs.commit.time = 05052017.151719
[info] [GitCommitIdMojo] Storing: jatecs.build.time = 30072020.213401
[info] [GitCommitIdMojo] ------------------git properties loaded------------------
[info] [GitCommitIdMojo] jatecs.commit.id.abbrev = cf8f4c1
[info] [GitCommitIdMojo] jatecs.commit.time = 05052017.151719
[info] [GitCommitIdMojo] jatecs.commit.message.short = Fixes issue #7
[info] [GitCommitIdMojo] jatecs.commit.message.full = Fixes issue #7

Change of url format for maven repo.
[info] [GitCommitIdMojo] jatecs.commit.user.name = Andrea Esuli
[info] [GitCommitIdMojo] jatecs.build.finalname = jatecs-gpl-1.0.0.2020-07-30T21:33:17Z
[info] [GitCommitIdMojo] jatecs.build.user.email = Unknown
[info] [GitCommitIdMojo] jatecs.build.user.name = Unknown
[info] [GitCommitIdMojo] jatecs.build.generateversion = 1.0.0
[info] [GitCommitIdMojo] jatecs.commit.user.email = aesuli@users.noreply.github.com
[info] [GitCommitIdMojo] jatecs.commit.id = cf8f4c1786fdd024b3c0f22ca159344c961ddc22
[info] [GitCommitIdMojo] jatecs.branch = cf8f4c1786fdd024b3c0f22ca159344c961ddc22
[info] [GitCommitIdMojo] jatecs.commit.id.describe = cf8f4c1-dirty
[info] [GitCommitIdMojo] jatecs.build.time = 30072020.213401
[info] [GitCommitIdMojo] ---------------------------------------------------------
[info] [GitCommitIdMojo] Finished running.
[INFO] 
[INFO] --- jacoco-maven-plugin:0.8.5:prepare-agent (default) @ jatecs-gpl ---
[INFO] argLine set to -javaagent:/home/jdbl/.m2/repository/org/jacoco/org.jacoco.agent/0.8.5/org.jacoco.agent-0.8.5-runtime.jar=destfile=/tmp/tmp8l3v09_h/jatecs/target/jacoco.exec
[INFO] 
[INFO] --- maven-resources-plugin:2.6:resources (default-resources) @ jatecs-gpl ---
[INFO] Using 'UTF-8' encoding to copy filtered resources.
[INFO] Copying 41 resources
[INFO] 
[INFO] --- maven-compiler-plugin:2.5.1:compile (default-compile) @ jatecs-gpl ---
[INFO] Compiling 650 source files to /tmp/tmp8l3v09_h/jatecs/target/classes
[INFO] 
[INFO] --- maven-resources-plugin:2.6:testResources (default-testResources) @ jatecs-gpl ---
[INFO] Using 'UTF-8' encoding to copy filtered resources.
[INFO] Copying 1 resource
[INFO] 
[INFO] --- maven-compiler-plugin:2.5.1:testCompile (default-testCompile) @ jatecs-gpl ---
[INFO] Compiling 32 source files to /tmp/tmp8l3v09_h/jatecs/target/test-classes
[INFO] 
[INFO] --- maven-surefire-plugin:2.19.1:test (default-test) @ jatecs-gpl ---
[INFO] Surefire report directory: /tmp/tmp8l3v09_h/jatecs/target/surefire-reports

-------------------------------------------------------
 T E S T S
-------------------------------------------------------
Running it.cnr.jatecs.indexes.DB.troveCompact.TroveDocumentsDBRWTest
Tests run: 2, Failures: 0, Errors: 0, Skipped: 0, Time elapsed: 0.853 sec - in it.cnr.jatecs.indexes.DB.troveCompact.TroveDocumentsDBRWTest
Running it.cnr.jatecs.indexes.DB.troveCompact.TroveWeightingDBRWTest
Tests run: 2, Failures: 0, Errors: 0, Skipped: 0, Time elapsed: 0.067 sec - in it.cnr.jatecs.indexes.DB.troveCompact.TroveWeightingDBRWTest
Running it.cnr.jatecs.indexes.DB.troveCompact.TroveReadWriteHelperTest
Tests run: 14, Failures: 0, Errors: 0, Skipped: 0, Time elapsed: 0.146 sec - in it.cnr.jatecs.indexes.DB.troveCompact.TroveReadWriteHelperTest
Running it.cnr.jatecs.indexes.DB.troveCompact.TroveClassificationDBRWTest
Tests run: 2, Failures: 0, Errors: 0, Skipped: 0, Time elapsed: 0.001 sec - in it.cnr.jatecs.indexes.DB.troveCompact.TroveClassificationDBRWTest
Running it.cnr.jatecs.indexes.DB.troveCompact.TroveCategoriesDBRWTest
Tests run: 2, Failures: 0, Errors: 0, Skipped: 0, Time elapsed: 0.006 sec - in it.cnr.jatecs.indexes.DB.troveCompact.TroveCategoriesDBRWTest
Running it.cnr.jatecs.indexes.DB.troveCompact.TroveContentDBRWTest
Tests run: 2, Failures: 0, Errors: 0, Skipped: 0, Time elapsed: 0.008 sec - in it.cnr.jatecs.indexes.DB.troveCompact.TroveContentDBRWTest
Running it.cnr.jatecs.indexes.DB.troveCompact.TroveFeaturesDBRWTest
Tests run: 2, Failures: 0, Errors: 0, Skipped: 0, Time elapsed: 0 sec - in it.cnr.jatecs.indexes.DB.troveCompact.TroveFeaturesDBRWTest
Running it.cnr.jatecs.indexes.DB.troveCompact.TroveDomainDBRWTest
Tests run: 2, Failures: 0, Errors: 0, Skipped: 0, Time elapsed: 0 sec - in it.cnr.jatecs.indexes.DB.troveCompact.TroveDomainDBRWTest
Running it.cnr.jatecs.indexes.DB.generic.AllCategoryFilterTest
Tests run: 3, Failures: 0, Errors: 0, Skipped: 0, Time elapsed: 0.008 sec - in it.cnr.jatecs.indexes.DB.generic.AllCategoryFilterTest
Running it.cnr.jatecs.utils.FileUtilsTest
Tests run: 1, Failures: 0, Errors: 0, Skipped: 0, Time elapsed: 0.001 sec - in it.cnr.jatecs.utils.FileUtilsTest
Running it.cnr.jatecs.crosslingual.TestParallel
Tests run: 1, Failures: 0, Errors: 0, Skipped: 0, Time elapsed: 0.005 sec - in it.cnr.jatecs.crosslingual.TestParallel
Running it.cnr.jatecs.crosslingual.TestPriorQueue
Size 4
(4, w=4.0)
(1, w=2.0)
(0, w=1.0)
(3, w=0.0)
Size 5
(3, w=0.0)
(2, w=1.0)
(0, w=1.0)
(1, w=2.0)
(4, w=4.0)
Tests run: 1, Failures: 0, Errors: 0, Skipped: 0, Time elapsed: 0.009 sec - in it.cnr.jatecs.crosslingual.TestPriorQueue
Running it.cnr.jatecs.crosslingual.LanguageLabelerSingleMapTest
Tests run: 2, Failures: 0, Errors: 0, Skipped: 0, Time elapsed: 0.015 sec - in it.cnr.jatecs.crosslingual.LanguageLabelerSingleMapTest
Running it.cnr.jatecs.io.FileSystemStorageManagerTest
Tests run: 9, Failures: 0, Errors: 0, Skipped: 0, Time elapsed: 0.136 sec - in it.cnr.jatecs.io.FileSystemStorageManagerTest
Running it.cnr.jatecs.io.RamStorageManagerTest
Tests run: 8, Failures: 0, Errors: 0, Skipped: 0, Time elapsed: 0.002 sec - in it.cnr.jatecs.io.RamStorageManagerTest
Running it.cnr.jatecs.classification.svmlight.SvmPerfLearnerTest
Can't run the SvmPerfLearnerTest.testBuildGlobalIndex test. You must set the SVMPERF_PATH environment variable pointing to the directoty containing the svm_perf_learn executable.
Can't run the SvmPerfLearnerTest.testBuildLocalIndex test. You must set the SVMPERF_PATH environment variable pointing to the directoty containing the svm_perf_learn executable.
Tests run: 2, Failures: 0, Errors: 0, Skipped: 0, Time elapsed: 0.035 sec - in it.cnr.jatecs.classification.svmlight.SvmPerfLearnerTest
Running it.cnr.jatecs.classification.svmlight.SvmLightLearnerTest
Can't run the SvmLightLearnerTest.testBuildGlobalIndex test. You must set the SVMLIGHT_PATH environment variable pointing to the directoty containing the svm_learn executable.
Can't run the SvmLightLearnerTest.testBuildLocalIndex test. You must set the SVMLIGHT_PATH environment variable pointing to the directoty containing the svm_learn executable.
Tests run: 2, Failures: 0, Errors: 0, Skipped: 0, Time elapsed: 0.001 sec - in it.cnr.jatecs.classification.svmlight.SvmLightLearnerTest
Running it.cnr.jatecs.classification.AdaBoostDataManagerTest
Getting initial distribution matrix...log4j:WARN No appenders could be found for logger (it.cnr.jatecs.utils.StatusLogger).
log4j:WARN Please initialize the log4j system properly.
log4j:WARN See http://logging.apache.org/log4j/1.2/faq.html#noconfig for more info.
done.
Computing the iterations...
....5....10....15....20....25....30....35....40....45....50
....55....60....65....70....75....80....85....90....95....100
....105....110....115....120....125....130....135....140....145....150
....155....160....165....170....175....180....185....190....195....200
done.
The model has stored 200 iteration(s). Use it as default.
Getting initial distribution matrix...done.
Computing the iterations...
....5....10....15....20....25....30....35....40....45....50
....55....60....65....70....75....80....85....90....95....100
....105....110....115....120....125....130....135....140....145....150
....155....160....165....170....175....180....185....190....195....200
done.
Tests run: 2, Failures: 0, Errors: 0, Skipped: 0, Time elapsed: 0.286 sec - in it.cnr.jatecs.classification.AdaBoostDataManagerTest
Running it.cnr.jatecs.classification.TreeBoostMaxGeneratorTest
Tests run: 4, Failures: 0, Errors: 0, Skipped: 0, Time elapsed: 0.014 sec - in it.cnr.jatecs.classification.TreeBoostMaxGeneratorTest
Running it.cnr.jatecs.classification.DefaultMaxGeneratorScoreTest
Tests run: 4, Failures: 0, Errors: 0, Skipped: 0, Time elapsed: 0.007 sec - in it.cnr.jatecs.classification.DefaultMaxGeneratorScoreTest
Running it.cnr.jatecs.classification.AbsoluteMaxGeneratorScoreTest
Tests run: 3, Failures: 0, Errors: 0, Skipped: 0, Time elapsed: 0.011 sec - in it.cnr.jatecs.classification.AbsoluteMaxGeneratorScoreTest
Running it.cnr.jatecs.indexing.corpus.SentimentFeatureExtractorTest
Reading POS tagger model from jar:file:/home/jdbl/.m2/repository/edu/stanford/nlp/stanford-corenlp/3.2.0/stanford-corenlp-3.2.0-models.jar!/edu/stanford/nlp/models/pos-tagger/english-left3words/english-left3words-distsim.tagger ... done [1.6 sec].
Tests run: 3, Failures: 0, Errors: 0, Skipped: 0, Time elapsed: 7.735 sec - in it.cnr.jatecs.indexing.corpus.SentimentFeatureExtractorTest
Running it.cnr.jatecs.indexing.corpus.BagOfWordsFeatureExtractorTest
Stopword removal disabledStemming disabledHTML entities substitution disabledHTML entities substitution disabledspecial terms substitution disabledspell checking disabledStemming disabledStopword removal disabledStopword removal disabledStemming disabledHTML entities substitution disabledHTML entities substitution disabledspecial terms substitution disabledspell checking disabledStemming disabledStopword removal disabledStopword removal disabledStemming disabledHTML entities substitution disabledHTML entities substitution disabledspecial terms substitution disabledspell checking disabledStemming disabledStopword removal disabledStemming disabledStemming enabledStopword removal disabledStemming disabledHTML entities substitution disabledHTML entities substitution disabledspecial terms substitution disabledspell checking disabledStemming disabledStopword removal disabledStopword removal disabledStopword removal enabledStopword removal disabledStemming disabledHTML entities substitution disabledHTML entities substitution disabledspecial terms substitution disabledspell checking disabledStemming disabledStopword removal disabledHTML entities substitution disabledHTML entities substitution enabledStopword removal disabledStemming disabledHTML entities substitution disabledHTML entities substitution disabledspecial terms substitution disabledspell checking disabledStemming disabledStopword removal disabledspecial terms substitution disabledspecial terms substitution enabledStopword removal disabledStemming disabledHTML entities substitution disabledHTML entities substitution disabledspecial terms substitution disabledspell checking disabledStemming disabledStopword removal disabledspell checking disabledStopword removal disabledStemming disabledHTML entities substitution disabledHTML entities substitution disabledspecial terms substitution disabledspell checking disabledStemming disabledStopword removal disabledStopword removal disabledStemming disabledHTML entities substitution disabledHTML entities substitution disabledspecial terms substitution disabledspell checking disabledStemming disabledStopword removal disabledStopword removal disabledStemming disabledHTML entities substitution disabledHTML entities substitution disabledspecial terms substitution disabledspell checking disabledStemming disabledStopword removal disabledTests run: 10, Failures: 0, Errors: 0, Skipped: 0, Time elapsed: 0.079 sec - in it.cnr.jatecs.indexing.corpus.BagOfWordsFeatureExtractorTest
Running it.cnr.jatecs.indexing.corpus.CharsNGramsFeatureExtractorTest
Stopword removal disabledStemming disabledHTML entities substitution disabledStemming disabledStopword removal disabledHTML entities substitution disabledspecial terms substitution disabledspell checking disabledStemming disabledStopword removal disabledStopword removal disabledStemming disabledHTML entities substitution disabledStemming disabledStopword removal disabledHTML entities substitution disabledspecial terms substitution disabledspell checking disabledStemming disabledStopword removal disabledStemming disabledStopword removal disabledStemming disabledHTML entities substitution disabledStemming disabledStopword removal disabledHTML entities substitution disabledspecial terms substitution disabledspell checking disabledStemming disabledStopword removal disabledStopword removal disabledStopword removal disabledStemming disabledHTML entities substitution disabledStemming disabledStopword removal disabledHTML entities substitution disabledspecial terms substitution disabledspell checking disabledStemming disabledStopword removal disabledStopword removal disabledStemming disabledHTML entities substitution disabledStemming disabledStopword removal disabledHTML entities substitution disabledspecial terms substitution disabledspell checking disabledStemming disabledStopword removal disabledHTML entities substitution disabledHTML entities substitution enabledStopword removal disabledStemming disabledHTML entities substitution disabledStemming disabledStopword removal disabledHTML entities substitution disabledspecial terms substitution disabledspell checking disabledStemming disabledStopword removal disabledspecial terms substitution disabledspecial terms substitution enabledStopword removal disabledStemming disabledHTML entities substitution disabledStemming disabledStopword removal disabledHTML entities substitution disabledspecial terms substitution disabledspell checking disabledStemming disabledStopword removal disabledspell checking disabledStopword removal disabledStemming disabledHTML entities substitution disabledStemming disabledStopword removal disabledHTML entities substitution disabledspecial terms substitution disabledspell checking disabledStemming disabledStopword removal disabledStopword removal disabledStemming disabledHTML entities substitution disabledStemming disabledStopword removal disabledHTML entities substitution disabledspecial terms substitution disabledspell checking disabledStemming disabledStopword removal disabledStopword removal disabledStemming disabledHTML entities substitution disabledStemming disabledStopword removal disabledHTML entities substitution disabledspecial terms substitution disabledspell checking disabledStemming disabledStopword removal disabledTests run: 10, Failures: 0, Errors: 0, Skipped: 0, Time elapsed: 0.024 sec - in it.cnr.jatecs.indexing.corpus.CharsNGramsFeatureExtractorTest
Running it.cnr.jatecs.indexing.corpus.SetFeatureExtractorTest
Stopword removal disabledStemming disabledHTML entities substitution disabledHTML entities substitution disabledspecial terms substitution disabledspell checking disabledStemming disabledStopword removal disabledStopword removal disabledStemming disabledHTML entities substitution disabledHTML entities substitution disabledspecial terms substitution disabledspell checking disabledStemming disabledStopword removal disabledStopword removal disabledStemming disabledHTML entities substitution disabledStemming disabledStopword removal disabledHTML entities substitution disabledspecial terms substitution disabledspell checking disabledStemming disabledStopword removal disabledStopword removal disabledStemming disabledHTML entities substitution disabledHTML entities substitution disabledspecial terms substitution disabledspell checking disabledStemming disabledStopword removal disabledStopword removal disabledStemming disabledHTML entities substitution disabledHTML entities substitution disabledspecial terms substitution disabledspell checking disabledStemming disabledStopword removal disabledStopword removal disabledStemming disabledHTML entities substitution disabledHTML entities substitution disabledspecial terms substitution disabledspell checking disabledStemming disabledStopword removal disabledTests run: 4, Failures: 0, Errors: 0, Skipped: 0, Time elapsed: 0.003 sec - in it.cnr.jatecs.indexing.corpus.SetFeatureExtractorTest

Results :

Tests run: 97, Failures: 0, Errors: 0, Skipped: 0

[INFO] 
[INFO] --- jacoco-maven-plugin:0.8.5:report (report) @ jatecs-gpl ---
[INFO] Loading execution data file /tmp/tmp8l3v09_h/jatecs/target/jacoco.exec
[INFO] Analyzed bundle 'jatecs-gpl' with 633 classes
[INFO] ------------------------------------------------------------------------
[INFO] BUILD SUCCESS
[INFO] ------------------------------------------------------------------------
[INFO] Total time:  01:12 min
[INFO] Finished at: 2020-07-30T21:34:30Z
[INFO] ------------------------------------------------------------------------
