[INFO] Error stacktraces are turned on.
[INFO] Scanning for projects...
[WARNING] 
[WARNING] Some problems were encountered while building the effective model for org.codelibs:elasticsearch-querybuilders:jar:5.2.2-SNAPSHOT
[WARNING] 'build.plugins.plugin.version' for org.apache.maven.plugins:maven-source-plugin is missing. @ line 49, column 15
[WARNING] 'build.plugins.plugin.version' for org.apache.maven.plugins:maven-javadoc-plugin is missing. @ line 61, column 15
[WARNING] 
[WARNING] It is highly recommended to fix these problems because they threaten the stability of your build.
[WARNING] 
[WARNING] For this reason, future Maven versions might no longer support building such malformed projects.
[WARNING] 
[INFO] 
[INFO] --------------< org.codelibs:elasticsearch-querybuilders >--------------
[INFO] Building elasticsearch-querybuilders 5.2.2-SNAPSHOT
[INFO] --------------------------------[ jar ]---------------------------------
[INFO] 
[INFO] --- maven-enforcer-plugin:1.2:enforce (enforce-maven) @ elasticsearch-querybuilders ---
[INFO] 
[INFO] --- jacoco-maven-plugin:0.8.5:prepare-agent (default) @ elasticsearch-querybuilders ---
[INFO] argLine set to -javaagent:/home/jdbl/.m2/repository/org/jacoco/org.jacoco.agent/0.8.5/org.jacoco.agent-0.8.5-runtime.jar=destfile=/tmp/tmpjp7chtx9/elasticsearch-querybuilders/target/jacoco.exec
[INFO] 
[INFO] --- maven-resources-plugin:2.6:resources (default-resources) @ elasticsearch-querybuilders ---
[INFO] Using 'UTF-8' encoding to copy filtered resources.
[INFO] skip non existing resourceDirectory /tmp/tmpjp7chtx9/elasticsearch-querybuilders/src/main/resources
[INFO] 
[INFO] --- maven-compiler-plugin:3.2:compile (default-compile) @ elasticsearch-querybuilders ---
[INFO] Changes detected - recompiling the module!
[INFO] Compiling 873 source files to /tmp/tmpjp7chtx9/elasticsearch-querybuilders/target/classes
[INFO] /tmp/tmpjp7chtx9/elasticsearch-querybuilders/src/main/java/org/codelibs/elasticsearch/search/fetch/subphase/FetchSourceContext.java: Some input files use or override a deprecated API.
[INFO] /tmp/tmpjp7chtx9/elasticsearch-querybuilders/src/main/java/org/codelibs/elasticsearch/search/fetch/subphase/FetchSourceContext.java: Recompile with -Xlint:deprecation for details.
[INFO] /tmp/tmpjp7chtx9/elasticsearch-querybuilders/src/main/java/org/codelibs/elasticsearch/search/aggregations/support/ValuesSourceConfig.java: Some input files use unchecked or unsafe operations.
[INFO] /tmp/tmpjp7chtx9/elasticsearch-querybuilders/src/main/java/org/codelibs/elasticsearch/search/aggregations/support/ValuesSourceConfig.java: Recompile with -Xlint:unchecked for details.
[INFO] 
[INFO] --- maven-resources-plugin:2.6:testResources (default-testResources) @ elasticsearch-querybuilders ---
[INFO] Using 'UTF-8' encoding to copy filtered resources.
[INFO] skip non existing resourceDirectory /tmp/tmpjp7chtx9/elasticsearch-querybuilders/src/test/resources
[INFO] 
[INFO] --- maven-compiler-plugin:3.2:testCompile (default-testCompile) @ elasticsearch-querybuilders ---
[INFO] Changes detected - recompiling the module!
[INFO] Compiling 3 source files to /tmp/tmpjp7chtx9/elasticsearch-querybuilders/target/test-classes
[INFO] 
[INFO] --- maven-surefire-plugin:2.19.1:test (default-test) @ elasticsearch-querybuilders ---
[INFO] Surefire report directory: /tmp/tmpjp7chtx9/elasticsearch-querybuilders/target/surefire-reports

-------------------------------------------------------
 T E S T S
-------------------------------------------------------
Running org.codelibs.elasticsearch.index.query.QueryBuildersTest
Tests run: 41, Failures: 0, Errors: 0, Skipped: 0, Time elapsed: 0.972 sec - in org.codelibs.elasticsearch.index.query.QueryBuildersTest
Running org.codelibs.elasticsearch.querybuilders.SearchDslBuilderTest
Tests run: 1, Failures: 0, Errors: 0, Skipped: 0, Time elapsed: 0.109 sec - in org.codelibs.elasticsearch.querybuilders.SearchDslBuilderTest
Running org.codelibs.elasticsearch.search.aggregations.AggregationBuildersTest
Tests run: 32, Failures: 0, Errors: 0, Skipped: 0, Time elapsed: 0.219 sec - in org.codelibs.elasticsearch.search.aggregations.AggregationBuildersTest

Results :

Tests run: 74, Failures: 0, Errors: 0, Skipped: 0

[INFO] 
[INFO] --- jacoco-maven-plugin:0.8.5:report (report) @ elasticsearch-querybuilders ---
[INFO] Loading execution data file /tmp/tmpjp7chtx9/elasticsearch-querybuilders/target/jacoco.exec
[INFO] Analyzed bundle 'elasticsearch-querybuilders' with 1752 classes
[INFO] ------------------------------------------------------------------------
[INFO] BUILD SUCCESS
[INFO] ------------------------------------------------------------------------
[INFO] Total time:  26.638 s
[INFO] Finished at: 2020-07-30T15:33:35Z
[INFO] ------------------------------------------------------------------------
