[INFO] Error stacktraces are turned on.
[INFO] Scanning for projects...
[INFO] 
[INFO] -------------------------< net.sf.serfj:serfj >-------------------------
[INFO] Building SerfJ 0.4.2
[INFO] --------------------------------[ jar ]---------------------------------
[INFO] 
[INFO] --- maven-enforcer-plugin:1.0:enforce (enforce-maven) @ serfj ---
[INFO] 
[INFO] --- jacoco-maven-plugin:0.8.5:prepare-agent (default) @ serfj ---
[INFO] argLine set to -javaagent:/home/jdbl/.m2/repository/org/jacoco/org.jacoco.agent/0.8.5/org.jacoco.agent-0.8.5-runtime.jar=destfile=/tmp/tmpjus4ju22/serfj/target/jacoco.exec
[INFO] 
[INFO] --- maven-resources-plugin:2.6:resources (default-resources) @ serfj ---
[INFO] Using 'UTF-8' encoding to copy filtered resources.
[INFO] skip non existing resourceDirectory /tmp/tmpjus4ju22/serfj/src/main/resources
[INFO] 
[INFO] --- maven-compiler-plugin:2.3.2:compile (default-compile) @ serfj ---
[INFO] Compiling 28 source files to /tmp/tmpjus4ju22/serfj/target/classes
[INFO] 
[INFO] --- maven-resources-plugin:2.6:testResources (default-testResources) @ serfj ---
[INFO] Using 'UTF-8' encoding to copy filtered resources.
[INFO] Copying 2 resources
[INFO] 
[INFO] --- maven-compiler-plugin:2.3.2:testCompile (default-testCompile) @ serfj ---
[INFO] Compiling 14 source files to /tmp/tmpjus4ju22/serfj/target/test-classes
[INFO] 
[INFO] --- maven-surefire-plugin:2.19.1:test (default-test) @ serfj ---
[INFO] Surefire report directory: /tmp/tmpjus4ju22/serfj/target/surefire-reports

-------------------------------------------------------
 T E S T S
-------------------------------------------------------
Running net.sf.serfj.client.ClientTest
18:59:24.642 [main] DEBUG net.sf.serfj.client.Client - Doing HTTP request: GET [http://localhost:1234/]
18:59:24.702 [main] DEBUG net.sf.serfj.client.Client - IOException catched. Request error
java.net.ConnectException: Connection refused (Connection refused)
	at java.net.PlainSocketImpl.socketConnect(Native Method) ~[na:1.8.0_262]
	at java.net.AbstractPlainSocketImpl.doConnect(AbstractPlainSocketImpl.java:350) ~[na:1.8.0_262]
	at java.net.AbstractPlainSocketImpl.connectToAddress(AbstractPlainSocketImpl.java:206) ~[na:1.8.0_262]
	at java.net.AbstractPlainSocketImpl.connect(AbstractPlainSocketImpl.java:188) ~[na:1.8.0_262]
	at java.net.SocksSocketImpl.connect(SocksSocketImpl.java:392) ~[na:1.8.0_262]
	at java.net.Socket.connect(Socket.java:607) ~[na:1.8.0_262]
	at java.net.Socket.connect(Socket.java:556) ~[na:1.8.0_262]
	at sun.net.NetworkClient.doConnect(NetworkClient.java:180) ~[na:1.8.0_262]
	at sun.net.www.http.HttpClient.openServer(HttpClient.java:463) ~[na:1.8.0_262]
	at sun.net.www.http.HttpClient.openServer(HttpClient.java:558) ~[na:1.8.0_262]
	at sun.net.www.http.HttpClient.<init>(HttpClient.java:242) ~[na:1.8.0_262]
	at sun.net.www.http.HttpClient.New(HttpClient.java:339) ~[na:1.8.0_262]
	at sun.net.www.http.HttpClient.New(HttpClient.java:357) ~[na:1.8.0_262]
	at sun.net.www.protocol.http.HttpURLConnection.getNewHttpClient(HttpURLConnection.java:1226) ~[na:1.8.0_262]
	at sun.net.www.protocol.http.HttpURLConnection.plainConnect0(HttpURLConnection.java:1162) ~[na:1.8.0_262]
	at sun.net.www.protocol.http.HttpURLConnection.plainConnect(HttpURLConnection.java:1056) ~[na:1.8.0_262]
	at sun.net.www.protocol.http.HttpURLConnection.connect(HttpURLConnection.java:990) ~[na:1.8.0_262]
	at sun.net.www.protocol.http.HttpURLConnection.getInputStream0(HttpURLConnection.java:1570) ~[na:1.8.0_262]
	at sun.net.www.protocol.http.HttpURLConnection.getInputStream(HttpURLConnection.java:1498) ~[na:1.8.0_262]
	at java.net.HttpURLConnection.getResponseCode(HttpURLConnection.java:480) ~[na:1.8.0_262]
	at net.sf.serfj.client.Client.readResponse(Client.java:221) ~[classes/:na]
	at net.sf.serfj.client.Client.getRequest(Client.java:103) ~[classes/:na]
	at net.sf.serfj.client.ClientTest.testServerDown(ClientTest.java:47) [test-classes/:na]
	at sun.reflect.NativeMethodAccessorImpl.invoke0(Native Method) ~[na:1.8.0_262]
	at sun.reflect.NativeMethodAccessorImpl.invoke(NativeMethodAccessorImpl.java:62) ~[na:1.8.0_262]
	at sun.reflect.DelegatingMethodAccessorImpl.invoke(DelegatingMethodAccessorImpl.java:43) ~[na:1.8.0_262]
	at java.lang.reflect.Method.invoke(Method.java:498) ~[na:1.8.0_262]
	at org.junit.runners.model.FrameworkMethod$1.runReflectiveCall(FrameworkMethod.java:45) [junit-4.10.jar:na]
	at org.junit.internal.runners.model.ReflectiveCallable.run(ReflectiveCallable.java:15) [junit-4.10.jar:na]
	at org.junit.runners.model.FrameworkMethod.invokeExplosively(FrameworkMethod.java:42) [junit-4.10.jar:na]
	at org.junit.internal.runners.statements.InvokeMethod.evaluate(InvokeMethod.java:20) [junit-4.10.jar:na]
	at org.junit.internal.runners.statements.RunBefores.evaluate(RunBefores.java:28) [junit-4.10.jar:na]
	at org.junit.runners.ParentRunner.runLeaf(ParentRunner.java:263) [junit-4.10.jar:na]
	at org.junit.runners.BlockJUnit4ClassRunner.runChild(BlockJUnit4ClassRunner.java:68) [junit-4.10.jar:na]
	at org.junit.runners.BlockJUnit4ClassRunner.runChild(BlockJUnit4ClassRunner.java:47) [junit-4.10.jar:na]
	at org.junit.runners.ParentRunner$3.run(ParentRunner.java:231) [junit-4.10.jar:na]
	at org.junit.runners.ParentRunner$1.schedule(ParentRunner.java:60) [junit-4.10.jar:na]
	at org.junit.runners.ParentRunner.runChildren(ParentRunner.java:229) [junit-4.10.jar:na]
	at org.junit.runners.ParentRunner.access$000(ParentRunner.java:50) [junit-4.10.jar:na]
	at org.junit.runners.ParentRunner$2.evaluate(ParentRunner.java:222) [junit-4.10.jar:na]
	at org.junit.runners.ParentRunner.run(ParentRunner.java:300) [junit-4.10.jar:na]
	at org.apache.maven.surefire.junit4.JUnit4Provider.execute(JUnit4Provider.java:367) [surefire-junit4-2.19.1.jar:2.19.1]
	at org.apache.maven.surefire.junit4.JUnit4Provider.executeWithRerun(JUnit4Provider.java:274) [surefire-junit4-2.19.1.jar:2.19.1]
	at org.apache.maven.surefire.junit4.JUnit4Provider.executeTestSet(JUnit4Provider.java:238) [surefire-junit4-2.19.1.jar:2.19.1]
	at org.apache.maven.surefire.junit4.JUnit4Provider.invoke(JUnit4Provider.java:161) [surefire-junit4-2.19.1.jar:2.19.1]
	at org.apache.maven.surefire.booter.ForkedBooter.invokeProviderInSameClassLoader(ForkedBooter.java:290) [surefire-booter-2.19.1.jar:2.19.1]
	at org.apache.maven.surefire.booter.ForkedBooter.runSuitesInProcess(ForkedBooter.java:242) [surefire-booter-2.19.1.jar:2.19.1]
	at org.apache.maven.surefire.booter.ForkedBooter.main(ForkedBooter.java:121) [surefire-booter-2.19.1.jar:2.19.1]
Tests run: 2, Failures: 0, Errors: 0, Skipped: 0, Time elapsed: 0.199 sec - in net.sf.serfj.client.ClientTest
Running net.sf.serfj.UrlInspectorTest
18:59:24.713 [main] INFO  net.sf.serfj.config.SystemConfig - Reading config file: /config/serfj.properties
18:59:24.714 [main] INFO  net.sf.serfj.config.SystemConfig - Configuration loaded successfully
18:59:24.714 [main] DEBUG net.sf.serfj.config.SystemConfig - ---- Configuration - /config/serfj.properties
views.directory - src/test/webapp/WEB-INF/views
main.package - net.sf.serfj.test

18:59:24.715 [main] DEBUG net.sf.serfj.UrlInspector - *** Retreiving information from the URL [/bank] with method [GET] ***
18:59:24.717 [main] WARN  net.sf.serfj.config.SystemConfig - Property [alias.controllers.package] not found
18:59:24.717 [main] WARN  net.sf.serfj.config.SystemConfig - Property [suffix.controllers] not found
18:59:24.717 [main] WARN  net.sf.serfj.config.SystemConfig - Property [packages.style] not found
18:59:24.717 [main] DEBUG net.sf.serfj.finders.ResourceFinder - MainPackage [net.sf.serfj.test], Alias [controllers], Suffix [OFF], Style [null]
18:59:24.718 [main] DEBUG net.sf.serfj.finders.ResourceFinder - Searching resource [net.sf.serfj.test.controllers.] by FUNCTIONAL style without resource name
18:59:24.718 [main] DEBUG net.sf.serfj.finders.ResourceFinder - Class net.sf.serfj.test.controllers. doesn't exists in the Classpath
18:59:24.718 [main] DEBUG net.sf.serfj.finders.ResourceFinder - Searching resource [net.sf.serfj.test.controllers.Bank] by FUNCTIONAL style
18:59:24.719 [main] DEBUG net.sf.serfj.UrlInspector - Controller class: net.sf.serfj.test.controllers.Bank
18:59:24.720 [main] WARN  net.sf.serfj.config.SystemConfig - Property [alias.controllers.package] not found
18:59:24.720 [main] WARN  net.sf.serfj.config.SystemConfig - Property [suffix.controllers] not found
18:59:24.720 [main] WARN  net.sf.serfj.config.SystemConfig - Property [packages.style] not found
18:59:24.720 [main] DEBUG net.sf.serfj.finders.ResourceFinder - MainPackage [net.sf.serfj.test], Alias [controllers], Suffix [OFF], Style [null]
18:59:24.720 [main] DEBUG net.sf.serfj.finders.ResourceFinder - Searching resource [net.sf.serfj.test.controllers.] by FUNCTIONAL style without resource name
18:59:24.720 [main] DEBUG net.sf.serfj.finders.ResourceFinder - Class net.sf.serfj.test.controllers. doesn't exists in the Classpath
18:59:24.720 [main] DEBUG net.sf.serfj.finders.ResourceFinder - Searching resource [net.sf.serfj.test.controllers.Bank] by FUNCTIONAL style
18:59:24.720 [main] DEBUG net.sf.serfj.UrlInspector - Controller class: net.sf.serfj.test.controllers.Bank
18:59:24.720 [main] DEBUG net.sf.serfj.UrlInspector - *** URL information retrieved ***
18:59:24.721 [main] DEBUG net.sf.serfj.UrlInspector - *** Retreiving information from the URL [/bank/1.json] with method [GET] ***
18:59:24.721 [main] WARN  net.sf.serfj.config.SystemConfig - Property [alias.controllers.package] not found
18:59:24.721 [main] WARN  net.sf.serfj.config.SystemConfig - Property [suffix.controllers] not found
18:59:24.721 [main] WARN  net.sf.serfj.config.SystemConfig - Property [packages.style] not found
18:59:24.721 [main] DEBUG net.sf.serfj.finders.ResourceFinder - MainPackage [net.sf.serfj.test], Alias [controllers], Suffix [OFF], Style [null]
18:59:24.721 [main] DEBUG net.sf.serfj.finders.ResourceFinder - Searching resource [net.sf.serfj.test.controllers.] by FUNCTIONAL style without resource name
18:59:24.721 [main] DEBUG net.sf.serfj.finders.ResourceFinder - Class net.sf.serfj.test.controllers. doesn't exists in the Classpath
18:59:24.721 [main] DEBUG net.sf.serfj.finders.ResourceFinder - Searching resource [net.sf.serfj.test.controllers.Bank] by FUNCTIONAL style
18:59:24.721 [main] DEBUG net.sf.serfj.UrlInspector - Controller class: net.sf.serfj.test.controllers.Bank
18:59:24.721 [main] WARN  net.sf.serfj.config.SystemConfig - Property [alias.controllers.package] not found
18:59:24.722 [main] WARN  net.sf.serfj.config.SystemConfig - Property [suffix.controllers] not found
18:59:24.722 [main] WARN  net.sf.serfj.config.SystemConfig - Property [packages.style] not found
18:59:24.722 [main] DEBUG net.sf.serfj.finders.ResourceFinder - MainPackage [net.sf.serfj.test], Alias [controllers], Suffix [OFF], Style [null]
18:59:24.722 [main] DEBUG net.sf.serfj.finders.ResourceFinder - Searching resource [net.sf.serfj.test.controllers.] by FUNCTIONAL style without resource name
18:59:24.722 [main] DEBUG net.sf.serfj.finders.ResourceFinder - Class net.sf.serfj.test.controllers. doesn't exists in the Classpath
18:59:24.722 [main] DEBUG net.sf.serfj.finders.ResourceFinder - Searching resource [net.sf.serfj.test.controllers.Bank] by FUNCTIONAL style
18:59:24.722 [main] DEBUG net.sf.serfj.UrlInspector - Controller class: net.sf.serfj.test.controllers.Bank
18:59:24.723 [main] WARN  net.sf.serfj.config.SystemConfig - Property [alias.serializers.package] not found
18:59:24.723 [main] WARN  net.sf.serfj.config.SystemConfig - Property [suffix.serializer] not found
18:59:24.723 [main] WARN  net.sf.serfj.config.SystemConfig - Property [packages.style] not found
18:59:24.723 [main] DEBUG net.sf.serfj.finders.ResourceFinder - MainPackage [net.sf.serfj.test], Alias [serializers], Suffix [Serializer], Style [null]
18:59:24.723 [main] DEBUG net.sf.serfj.finders.ResourceFinder - Searching resource [net.sf.serfj.test.serializers.JsonSerializer] by FUNCTIONAL style without resource name
18:59:24.723 [main] DEBUG net.sf.serfj.finders.ResourceFinder - Class net.sf.serfj.test.serializers.JsonSerializer doesn't exists in the Classpath
18:59:24.723 [main] DEBUG net.sf.serfj.finders.ResourceFinder - Searching resource [net.sf.serfj.test.serializers.JsonBankSerializer] by FUNCTIONAL style
18:59:24.724 [main] DEBUG net.sf.serfj.UrlInspector - *** URL information retrieved ***
18:59:24.724 [main] DEBUG net.sf.serfj.UrlInspector - *** Retreiving information from the URL [/bank/1] with method [DELETE] ***
18:59:24.724 [main] WARN  net.sf.serfj.config.SystemConfig - Property [alias.controllers.package] not found
18:59:24.724 [main] WARN  net.sf.serfj.config.SystemConfig - Property [suffix.controllers] not found
18:59:24.724 [main] WARN  net.sf.serfj.config.SystemConfig - Property [packages.style] not found
18:59:24.724 [main] DEBUG net.sf.serfj.finders.ResourceFinder - MainPackage [net.sf.serfj.test], Alias [controllers], Suffix [OFF], Style [null]
18:59:24.724 [main] DEBUG net.sf.serfj.finders.ResourceFinder - Searching resource [net.sf.serfj.test.controllers.] by FUNCTIONAL style without resource name
18:59:24.724 [main] DEBUG net.sf.serfj.finders.ResourceFinder - Class net.sf.serfj.test.controllers. doesn't exists in the Classpath
18:59:24.725 [main] DEBUG net.sf.serfj.finders.ResourceFinder - Searching resource [net.sf.serfj.test.controllers.Bank] by FUNCTIONAL style
18:59:24.725 [main] DEBUG net.sf.serfj.UrlInspector - Controller class: net.sf.serfj.test.controllers.Bank
18:59:24.725 [main] WARN  net.sf.serfj.config.SystemConfig - Property [alias.controllers.package] not found
18:59:24.725 [main] WARN  net.sf.serfj.config.SystemConfig - Property [suffix.controllers] not found
18:59:24.725 [main] WARN  net.sf.serfj.config.SystemConfig - Property [packages.style] not found
18:59:24.725 [main] DEBUG net.sf.serfj.finders.ResourceFinder - MainPackage [net.sf.serfj.test], Alias [controllers], Suffix [OFF], Style [null]
18:59:24.725 [main] DEBUG net.sf.serfj.finders.ResourceFinder - Searching resource [net.sf.serfj.test.controllers.] by FUNCTIONAL style without resource name
18:59:24.725 [main] DEBUG net.sf.serfj.finders.ResourceFinder - Class net.sf.serfj.test.controllers. doesn't exists in the Classpath
18:59:24.725 [main] DEBUG net.sf.serfj.finders.ResourceFinder - Searching resource [net.sf.serfj.test.controllers.Bank] by FUNCTIONAL style
18:59:24.725 [main] DEBUG net.sf.serfj.UrlInspector - Controller class: net.sf.serfj.test.controllers.Bank
18:59:24.725 [main] DEBUG net.sf.serfj.UrlInspector - *** URL information retrieved ***
18:59:24.725 [main] DEBUG net.sf.serfj.UrlInspector - *** Retreiving information from the URL [/bank/1/account.xml] with method [GET] ***
18:59:24.726 [main] WARN  net.sf.serfj.config.SystemConfig - Property [alias.controllers.package] not found
18:59:24.726 [main] WARN  net.sf.serfj.config.SystemConfig - Property [suffix.controllers] not found
18:59:24.726 [main] WARN  net.sf.serfj.config.SystemConfig - Property [packages.style] not found
18:59:24.726 [main] DEBUG net.sf.serfj.finders.ResourceFinder - MainPackage [net.sf.serfj.test], Alias [controllers], Suffix [OFF], Style [null]
18:59:24.726 [main] DEBUG net.sf.serfj.finders.ResourceFinder - Searching resource [net.sf.serfj.test.controllers.] by FUNCTIONAL style without resource name
18:59:24.726 [main] DEBUG net.sf.serfj.finders.ResourceFinder - Class net.sf.serfj.test.controllers. doesn't exists in the Classpath
18:59:24.726 [main] DEBUG net.sf.serfj.finders.ResourceFinder - Searching resource [net.sf.serfj.test.controllers.Account] by FUNCTIONAL style
18:59:24.726 [main] DEBUG net.sf.serfj.finders.ResourceFinder - Class net.sf.serfj.test.controllers.Account doesn't exists in the Classpath
18:59:24.726 [main] DEBUG net.sf.serfj.finders.ResourceFinder - Searching resource [net.sf.serfj.test.account.controllers.Account] by FUNCTIONAL BY MODEL style
18:59:24.727 [main] DEBUG net.sf.serfj.UrlInspector - Controller class: net.sf.serfj.test.account.controllers.Account
18:59:24.727 [main] WARN  net.sf.serfj.config.SystemConfig - Property [alias.controllers.package] not found
18:59:24.727 [main] WARN  net.sf.serfj.config.SystemConfig - Property [suffix.controllers] not found
18:59:24.727 [main] WARN  net.sf.serfj.config.SystemConfig - Property [packages.style] not found
18:59:24.727 [main] DEBUG net.sf.serfj.finders.ResourceFinder - MainPackage [net.sf.serfj.test], Alias [controllers], Suffix [OFF], Style [null]
18:59:24.727 [main] DEBUG net.sf.serfj.finders.ResourceFinder - Searching resource [net.sf.serfj.test.controllers.] by FUNCTIONAL style without resource name
18:59:24.727 [main] DEBUG net.sf.serfj.finders.ResourceFinder - Class net.sf.serfj.test.controllers. doesn't exists in the Classpath
18:59:24.728 [main] DEBUG net.sf.serfj.finders.ResourceFinder - Searching resource [net.sf.serfj.test.controllers.Account] by FUNCTIONAL style
18:59:24.728 [main] DEBUG net.sf.serfj.finders.ResourceFinder - Class net.sf.serfj.test.controllers.Account doesn't exists in the Classpath
18:59:24.728 [main] DEBUG net.sf.serfj.finders.ResourceFinder - Searching resource [net.sf.serfj.test.account.controllers.Account] by FUNCTIONAL BY MODEL style
18:59:24.728 [main] DEBUG net.sf.serfj.UrlInspector - Controller class: net.sf.serfj.test.account.controllers.Account
18:59:24.728 [main] WARN  net.sf.serfj.config.SystemConfig - Property [alias.serializers.package] not found
18:59:24.728 [main] WARN  net.sf.serfj.config.SystemConfig - Property [suffix.serializer] not found
18:59:24.728 [main] WARN  net.sf.serfj.config.SystemConfig - Property [packages.style] not found
18:59:24.728 [main] DEBUG net.sf.serfj.finders.ResourceFinder - MainPackage [net.sf.serfj.test], Alias [serializers], Suffix [Serializer], Style [null]
18:59:24.728 [main] DEBUG net.sf.serfj.finders.ResourceFinder - Searching resource [net.sf.serfj.test.serializers.XmlSerializer] by FUNCTIONAL style without resource name
18:59:24.729 [main] DEBUG net.sf.serfj.finders.ResourceFinder - Class net.sf.serfj.test.serializers.XmlSerializer doesn't exists in the Classpath
18:59:24.729 [main] DEBUG net.sf.serfj.finders.ResourceFinder - Searching resource [net.sf.serfj.test.serializers.XmlAccountSerializer] by FUNCTIONAL style
18:59:24.729 [main] DEBUG net.sf.serfj.finders.ResourceFinder - Class net.sf.serfj.test.serializers.XmlAccountSerializer doesn't exists in the Classpath
18:59:24.729 [main] DEBUG net.sf.serfj.finders.ResourceFinder - Searching resource [net.sf.serfj.test.account.serializers.XmlAccountSerializer] by FUNCTIONAL BY MODEL style
18:59:24.729 [main] DEBUG net.sf.serfj.UrlInspector - *** URL information retrieved ***
18:59:24.730 [main] DEBUG net.sf.serfj.UrlInspector - *** Retreiving information from the URL [/bank/1/account/2] with method [GET] ***
18:59:24.730 [main] WARN  net.sf.serfj.config.SystemConfig - Property [alias.controllers.package] not found
18:59:24.730 [main] WARN  net.sf.serfj.config.SystemConfig - Property [suffix.controllers] not found
18:59:24.730 [main] WARN  net.sf.serfj.config.SystemConfig - Property [packages.style] not found
18:59:24.730 [main] DEBUG net.sf.serfj.finders.ResourceFinder - MainPackage [net.sf.serfj.test], Alias [controllers], Suffix [OFF], Style [null]
18:59:24.730 [main] DEBUG net.sf.serfj.finders.ResourceFinder - Searching resource [net.sf.serfj.test.controllers.] by FUNCTIONAL style without resource name
18:59:24.730 [main] DEBUG net.sf.serfj.finders.ResourceFinder - Class net.sf.serfj.test.controllers. doesn't exists in the Classpath
18:59:24.730 [main] DEBUG net.sf.serfj.finders.ResourceFinder - Searching resource [net.sf.serfj.test.controllers.Account] by FUNCTIONAL style
18:59:24.730 [main] DEBUG net.sf.serfj.finders.ResourceFinder - Class net.sf.serfj.test.controllers.Account doesn't exists in the Classpath
18:59:24.731 [main] DEBUG net.sf.serfj.finders.ResourceFinder - Searching resource [net.sf.serfj.test.account.controllers.Account] by FUNCTIONAL BY MODEL style
18:59:24.731 [main] DEBUG net.sf.serfj.UrlInspector - Controller class: net.sf.serfj.test.account.controllers.Account
18:59:24.731 [main] WARN  net.sf.serfj.config.SystemConfig - Property [alias.controllers.package] not found
18:59:24.731 [main] WARN  net.sf.serfj.config.SystemConfig - Property [suffix.controllers] not found
18:59:24.731 [main] WARN  net.sf.serfj.config.SystemConfig - Property [packages.style] not found
18:59:24.731 [main] DEBUG net.sf.serfj.finders.ResourceFinder - MainPackage [net.sf.serfj.test], Alias [controllers], Suffix [OFF], Style [null]
18:59:24.731 [main] DEBUG net.sf.serfj.finders.ResourceFinder - Searching resource [net.sf.serfj.test.controllers.] by FUNCTIONAL style without resource name
18:59:24.731 [main] DEBUG net.sf.serfj.finders.ResourceFinder - Class net.sf.serfj.test.controllers. doesn't exists in the Classpath
18:59:24.731 [main] DEBUG net.sf.serfj.finders.ResourceFinder - Searching resource [net.sf.serfj.test.controllers.Account] by FUNCTIONAL style
18:59:24.731 [main] DEBUG net.sf.serfj.finders.ResourceFinder - Class net.sf.serfj.test.controllers.Account doesn't exists in the Classpath
18:59:24.732 [main] DEBUG net.sf.serfj.finders.ResourceFinder - Searching resource [net.sf.serfj.test.account.controllers.Account] by FUNCTIONAL BY MODEL style
18:59:24.732 [main] DEBUG net.sf.serfj.UrlInspector - Controller class: net.sf.serfj.test.account.controllers.Account
18:59:24.732 [main] DEBUG net.sf.serfj.UrlInspector - *** URL information retrieved ***
18:59:24.732 [main] DEBUG net.sf.serfj.UrlInspector - *** Retreiving information from the URL [/banks/1/accounts] with method [GET] ***
18:59:24.732 [main] WARN  net.sf.serfj.config.SystemConfig - Property [alias.controllers.package] not found
18:59:24.732 [main] WARN  net.sf.serfj.config.SystemConfig - Property [suffix.controllers] not found
18:59:24.732 [main] WARN  net.sf.serfj.config.SystemConfig - Property [packages.style] not found
18:59:24.732 [main] DEBUG net.sf.serfj.finders.ResourceFinder - MainPackage [net.sf.serfj.test], Alias [controllers], Suffix [OFF], Style [null]
18:59:24.732 [main] DEBUG net.sf.serfj.finders.ResourceFinder - Searching resource [net.sf.serfj.test.controllers.] by FUNCTIONAL style without resource name
18:59:24.733 [main] DEBUG net.sf.serfj.finders.ResourceFinder - Class net.sf.serfj.test.controllers. doesn't exists in the Classpath
18:59:24.733 [main] DEBUG net.sf.serfj.finders.ResourceFinder - Searching resource [net.sf.serfj.test.controllers.Account] by FUNCTIONAL style
18:59:24.733 [main] DEBUG net.sf.serfj.finders.ResourceFinder - Class net.sf.serfj.test.controllers.Account doesn't exists in the Classpath
18:59:24.734 [main] DEBUG net.sf.serfj.finders.ResourceFinder - Searching resource [net.sf.serfj.test.account.controllers.Account] by FUNCTIONAL BY MODEL style
18:59:24.734 [main] DEBUG net.sf.serfj.UrlInspector - Controller class: net.sf.serfj.test.account.controllers.Account
18:59:24.735 [main] WARN  net.sf.serfj.config.SystemConfig - Property [alias.controllers.package] not found
18:59:24.735 [main] WARN  net.sf.serfj.config.SystemConfig - Property [suffix.controllers] not found
18:59:24.735 [main] WARN  net.sf.serfj.config.SystemConfig - Property [packages.style] not found
18:59:24.735 [main] DEBUG net.sf.serfj.finders.ResourceFinder - MainPackage [net.sf.serfj.test], Alias [controllers], Suffix [OFF], Style [null]
18:59:24.735 [main] DEBUG net.sf.serfj.finders.ResourceFinder - Searching resource [net.sf.serfj.test.controllers.] by FUNCTIONAL style without resource name
18:59:24.735 [main] DEBUG net.sf.serfj.finders.ResourceFinder - Class net.sf.serfj.test.controllers. doesn't exists in the Classpath
18:59:24.735 [main] DEBUG net.sf.serfj.finders.ResourceFinder - Searching resource [net.sf.serfj.test.controllers.Account] by FUNCTIONAL style
18:59:24.735 [main] DEBUG net.sf.serfj.finders.ResourceFinder - Class net.sf.serfj.test.controllers.Account doesn't exists in the Classpath
18:59:24.735 [main] DEBUG net.sf.serfj.finders.ResourceFinder - Searching resource [net.sf.serfj.test.account.controllers.Account] by FUNCTIONAL BY MODEL style
18:59:24.735 [main] DEBUG net.sf.serfj.UrlInspector - Controller class: net.sf.serfj.test.account.controllers.Account
18:59:24.736 [main] DEBUG net.sf.serfj.UrlInspector - *** URL information retrieved ***
18:59:24.736 [main] DEBUG net.sf.serfj.UrlInspector - *** Retreiving information from the URL [/bank/1/account/2] with method [PUT] ***
18:59:24.736 [main] WARN  net.sf.serfj.config.SystemConfig - Property [alias.controllers.package] not found
18:59:24.736 [main] WARN  net.sf.serfj.config.SystemConfig - Property [suffix.controllers] not found
18:59:24.736 [main] WARN  net.sf.serfj.config.SystemConfig - Property [packages.style] not found
18:59:24.736 [main] DEBUG net.sf.serfj.finders.ResourceFinder - MainPackage [net.sf.serfj.test], Alias [controllers], Suffix [OFF], Style [null]
18:59:24.736 [main] DEBUG net.sf.serfj.finders.ResourceFinder - Searching resource [net.sf.serfj.test.controllers.] by FUNCTIONAL style without resource name
18:59:24.736 [main] DEBUG net.sf.serfj.finders.ResourceFinder - Class net.sf.serfj.test.controllers. doesn't exists in the Classpath
18:59:24.736 [main] DEBUG net.sf.serfj.finders.ResourceFinder - Searching resource [net.sf.serfj.test.controllers.Account] by FUNCTIONAL style
18:59:24.736 [main] DEBUG net.sf.serfj.finders.ResourceFinder - Class net.sf.serfj.test.controllers.Account doesn't exists in the Classpath
18:59:24.736 [main] DEBUG net.sf.serfj.finders.ResourceFinder - Searching resource [net.sf.serfj.test.account.controllers.Account] by FUNCTIONAL BY MODEL style
18:59:24.737 [main] DEBUG net.sf.serfj.UrlInspector - Controller class: net.sf.serfj.test.account.controllers.Account
18:59:24.737 [main] WARN  net.sf.serfj.config.SystemConfig - Property [alias.controllers.package] not found
18:59:24.737 [main] WARN  net.sf.serfj.config.SystemConfig - Property [suffix.controllers] not found
18:59:24.737 [main] WARN  net.sf.serfj.config.SystemConfig - Property [packages.style] not found
18:59:24.737 [main] DEBUG net.sf.serfj.finders.ResourceFinder - MainPackage [net.sf.serfj.test], Alias [controllers], Suffix [OFF], Style [null]
18:59:24.737 [main] DEBUG net.sf.serfj.finders.ResourceFinder - Searching resource [net.sf.serfj.test.controllers.] by FUNCTIONAL style without resource name
18:59:24.737 [main] DEBUG net.sf.serfj.finders.ResourceFinder - Class net.sf.serfj.test.controllers. doesn't exists in the Classpath
18:59:24.737 [main] DEBUG net.sf.serfj.finders.ResourceFinder - Searching resource [net.sf.serfj.test.controllers.Account] by FUNCTIONAL style
18:59:24.737 [main] DEBUG net.sf.serfj.finders.ResourceFinder - Class net.sf.serfj.test.controllers.Account doesn't exists in the Classpath
18:59:24.737 [main] DEBUG net.sf.serfj.finders.ResourceFinder - Searching resource [net.sf.serfj.test.account.controllers.Account] by FUNCTIONAL BY MODEL style
18:59:24.737 [main] DEBUG net.sf.serfj.UrlInspector - Controller class: net.sf.serfj.test.account.controllers.Account
18:59:24.738 [main] DEBUG net.sf.serfj.UrlInspector - *** URL information retrieved ***
18:59:24.738 [main] DEBUG net.sf.serfj.UrlInspector - *** Retreiving information from the URL [/bank/1/account/2] with method [POST] ***
18:59:24.740 [main] WARN  net.sf.serfj.config.SystemConfig - Property [alias.controllers.package] not found
18:59:24.740 [main] WARN  net.sf.serfj.config.SystemConfig - Property [suffix.controllers] not found
18:59:24.740 [main] WARN  net.sf.serfj.config.SystemConfig - Property [packages.style] not found
18:59:24.740 [main] DEBUG net.sf.serfj.finders.ResourceFinder - MainPackage [net.sf.serfj.test], Alias [controllers], Suffix [OFF], Style [null]
18:59:24.740 [main] DEBUG net.sf.serfj.finders.ResourceFinder - Searching resource [net.sf.serfj.test.controllers.] by FUNCTIONAL style without resource name
18:59:24.740 [main] DEBUG net.sf.serfj.finders.ResourceFinder - Class net.sf.serfj.test.controllers. doesn't exists in the Classpath
18:59:24.741 [main] DEBUG net.sf.serfj.finders.ResourceFinder - Searching resource [net.sf.serfj.test.controllers.Account] by FUNCTIONAL style
18:59:24.741 [main] DEBUG net.sf.serfj.finders.ResourceFinder - Class net.sf.serfj.test.controllers.Account doesn't exists in the Classpath
18:59:24.741 [main] DEBUG net.sf.serfj.finders.ResourceFinder - Searching resource [net.sf.serfj.test.account.controllers.Account] by FUNCTIONAL BY MODEL style
18:59:24.741 [main] DEBUG net.sf.serfj.UrlInspector - Controller class: net.sf.serfj.test.account.controllers.Account
18:59:24.741 [main] WARN  net.sf.serfj.config.SystemConfig - Property [alias.controllers.package] not found
18:59:24.741 [main] WARN  net.sf.serfj.config.SystemConfig - Property [suffix.controllers] not found
18:59:24.741 [main] WARN  net.sf.serfj.config.SystemConfig - Property [packages.style] not found
18:59:24.741 [main] DEBUG net.sf.serfj.finders.ResourceFinder - MainPackage [net.sf.serfj.test], Alias [controllers], Suffix [OFF], Style [null]
18:59:24.741 [main] DEBUG net.sf.serfj.finders.ResourceFinder - Searching resource [net.sf.serfj.test.controllers.] by FUNCTIONAL style without resource name
18:59:24.741 [main] DEBUG net.sf.serfj.finders.ResourceFinder - Class net.sf.serfj.test.controllers. doesn't exists in the Classpath
18:59:24.741 [main] DEBUG net.sf.serfj.finders.ResourceFinder - Searching resource [net.sf.serfj.test.controllers.Account] by FUNCTIONAL style
18:59:24.741 [main] DEBUG net.sf.serfj.finders.ResourceFinder - Class net.sf.serfj.test.controllers.Account doesn't exists in the Classpath
18:59:24.742 [main] DEBUG net.sf.serfj.finders.ResourceFinder - Searching resource [net.sf.serfj.test.account.controllers.Account] by FUNCTIONAL BY MODEL style
18:59:24.742 [main] DEBUG net.sf.serfj.UrlInspector - Controller class: net.sf.serfj.test.account.controllers.Account
18:59:24.742 [main] DEBUG net.sf.serfj.UrlInspector - *** URL information retrieved ***
18:59:24.742 [main] DEBUG net.sf.serfj.UrlInspector - *** Retreiving information from the URL [/bank/1/account/2/holder] with method [GET] ***
18:59:24.742 [main] WARN  net.sf.serfj.config.SystemConfig - Property [alias.controllers.package] not found
18:59:24.742 [main] WARN  net.sf.serfj.config.SystemConfig - Property [suffix.controllers] not found
18:59:24.742 [main] WARN  net.sf.serfj.config.SystemConfig - Property [packages.style] not found
18:59:24.742 [main] DEBUG net.sf.serfj.finders.ResourceFinder - MainPackage [net.sf.serfj.test], Alias [controllers], Suffix [OFF], Style [null]
18:59:24.742 [main] DEBUG net.sf.serfj.finders.ResourceFinder - Searching resource [net.sf.serfj.test.controllers.] by FUNCTIONAL style without resource name
18:59:24.742 [main] DEBUG net.sf.serfj.finders.ResourceFinder - Class net.sf.serfj.test.controllers. doesn't exists in the Classpath
18:59:24.742 [main] DEBUG net.sf.serfj.finders.ResourceFinder - Searching resource [net.sf.serfj.test.controllers.Holder] by FUNCTIONAL style
18:59:24.742 [main] DEBUG net.sf.serfj.finders.ResourceFinder - Class net.sf.serfj.test.controllers.Holder doesn't exists in the Classpath
18:59:24.743 [main] DEBUG net.sf.serfj.finders.ResourceFinder - Searching resource [net.sf.serfj.test.holder.controllers.Holder] by FUNCTIONAL BY MODEL style
18:59:24.743 [main] DEBUG net.sf.serfj.finders.ResourceFinder - Class net.sf.serfj.test.holder.controllers.Holder doesn't exists in the Classpath
18:59:24.743 [main] DEBUG net.sf.serfj.finders.ResourceFinder - Searching resource [net.sf.serfj.test.holder.Holder] by MODEL style
18:59:24.743 [main] DEBUG net.sf.serfj.UrlInspector - Controller class: net.sf.serfj.test.holder.Holder
18:59:24.743 [main] WARN  net.sf.serfj.config.SystemConfig - Property [alias.controllers.package] not found
18:59:24.743 [main] WARN  net.sf.serfj.config.SystemConfig - Property [suffix.controllers] not found
18:59:24.743 [main] WARN  net.sf.serfj.config.SystemConfig - Property [packages.style] not found
18:59:24.743 [main] DEBUG net.sf.serfj.finders.ResourceFinder - MainPackage [net.sf.serfj.test], Alias [controllers], Suffix [OFF], Style [null]
18:59:24.743 [main] DEBUG net.sf.serfj.finders.ResourceFinder - Searching resource [net.sf.serfj.test.controllers.] by FUNCTIONAL style without resource name
18:59:24.744 [main] DEBUG net.sf.serfj.finders.ResourceFinder - Class net.sf.serfj.test.controllers. doesn't exists in the Classpath
18:59:24.744 [main] DEBUG net.sf.serfj.finders.ResourceFinder - Searching resource [net.sf.serfj.test.controllers.Holder] by FUNCTIONAL style
18:59:24.744 [main] DEBUG net.sf.serfj.finders.ResourceFinder - Class net.sf.serfj.test.controllers.Holder doesn't exists in the Classpath
18:59:24.744 [main] DEBUG net.sf.serfj.finders.ResourceFinder - Searching resource [net.sf.serfj.test.holder.controllers.Holder] by FUNCTIONAL BY MODEL style
18:59:24.744 [main] DEBUG net.sf.serfj.finders.ResourceFinder - Class net.sf.serfj.test.holder.controllers.Holder doesn't exists in the Classpath
18:59:24.744 [main] DEBUG net.sf.serfj.finders.ResourceFinder - Searching resource [net.sf.serfj.test.holder.Holder] by MODEL style
18:59:24.744 [main] DEBUG net.sf.serfj.UrlInspector - Controller class: net.sf.serfj.test.holder.Holder
18:59:24.744 [main] DEBUG net.sf.serfj.UrlInspector - *** URL information retrieved ***
18:59:24.744 [main] DEBUG net.sf.serfj.UrlInspector - *** Retreiving information from the URL [/bank/1/account/2/holder/3/anotherAction] with method [GET] ***
18:59:24.744 [main] WARN  net.sf.serfj.config.SystemConfig - Property [alias.controllers.package] not found
18:59:24.744 [main] WARN  net.sf.serfj.config.SystemConfig - Property [suffix.controllers] not found
18:59:24.744 [main] WARN  net.sf.serfj.config.SystemConfig - Property [packages.style] not found
18:59:24.744 [main] DEBUG net.sf.serfj.finders.ResourceFinder - MainPackage [net.sf.serfj.test], Alias [controllers], Suffix [OFF], Style [null]
18:59:24.745 [main] DEBUG net.sf.serfj.finders.ResourceFinder - Searching resource [net.sf.serfj.test.controllers.] by FUNCTIONAL style without resource name
18:59:24.745 [main] DEBUG net.sf.serfj.finders.ResourceFinder - Class net.sf.serfj.test.controllers. doesn't exists in the Classpath
18:59:24.745 [main] DEBUG net.sf.serfj.finders.ResourceFinder - Searching resource [net.sf.serfj.test.controllers.AnotherAction] by FUNCTIONAL style
18:59:24.745 [main] DEBUG net.sf.serfj.finders.ResourceFinder - Class net.sf.serfj.test.controllers.AnotherAction doesn't exists in the Classpath
18:59:24.745 [main] DEBUG net.sf.serfj.finders.ResourceFinder - Searching resource [net.sf.serfj.test.anotherAction.controllers.AnotherAction] by FUNCTIONAL BY MODEL style
18:59:24.745 [main] DEBUG net.sf.serfj.finders.ResourceFinder - Class net.sf.serfj.test.anotherAction.controllers.AnotherAction doesn't exists in the Classpath
18:59:24.745 [main] DEBUG net.sf.serfj.finders.ResourceFinder - Searching resource [net.sf.serfj.test.anotherAction.AnotherAction] by MODEL style
18:59:24.745 [main] DEBUG net.sf.serfj.finders.ResourceFinder - Class net.sf.serfj.test.anotherAction.AnotherAction doesn't exists in the Classpath
18:59:24.745 [main] DEBUG net.sf.serfj.finders.ResourceFinder - Searching a default resource for model [anotherAction]
18:59:24.745 [main] DEBUG net.sf.serfj.UrlInspector - Controller class: null
18:59:24.745 [main] WARN  net.sf.serfj.config.SystemConfig - Property [alias.controllers.package] not found
18:59:24.745 [main] WARN  net.sf.serfj.config.SystemConfig - Property [suffix.controllers] not found
18:59:24.746 [main] WARN  net.sf.serfj.config.SystemConfig - Property [packages.style] not found
18:59:24.746 [main] DEBUG net.sf.serfj.finders.ResourceFinder - MainPackage [net.sf.serfj.test], Alias [controllers], Suffix [OFF], Style [null]
18:59:24.746 [main] DEBUG net.sf.serfj.finders.ResourceFinder - Searching resource [net.sf.serfj.test.controllers.] by FUNCTIONAL style without resource name
18:59:24.746 [main] DEBUG net.sf.serfj.finders.ResourceFinder - Class net.sf.serfj.test.controllers. doesn't exists in the Classpath
18:59:24.746 [main] DEBUG net.sf.serfj.finders.ResourceFinder - Searching resource [net.sf.serfj.test.controllers.Holder] by FUNCTIONAL style
18:59:24.746 [main] DEBUG net.sf.serfj.finders.ResourceFinder - Class net.sf.serfj.test.controllers.Holder doesn't exists in the Classpath
18:59:24.746 [main] DEBUG net.sf.serfj.finders.ResourceFinder - Searching resource [net.sf.serfj.test.holder.controllers.Holder] by FUNCTIONAL BY MODEL style
18:59:24.746 [main] DEBUG net.sf.serfj.finders.ResourceFinder - Class net.sf.serfj.test.holder.controllers.Holder doesn't exists in the Classpath
18:59:24.746 [main] DEBUG net.sf.serfj.finders.ResourceFinder - Searching resource [net.sf.serfj.test.holder.Holder] by MODEL style
18:59:24.746 [main] DEBUG net.sf.serfj.UrlInspector - Controller class: net.sf.serfj.test.holder.Holder
18:59:24.746 [main] WARN  net.sf.serfj.config.SystemConfig - Property [alias.controllers.package] not found
18:59:24.746 [main] WARN  net.sf.serfj.config.SystemConfig - Property [suffix.controllers] not found
18:59:24.746 [main] WARN  net.sf.serfj.config.SystemConfig - Property [packages.style] not found
18:59:24.746 [main] DEBUG net.sf.serfj.finders.ResourceFinder - MainPackage [net.sf.serfj.test], Alias [controllers], Suffix [OFF], Style [null]
18:59:24.746 [main] DEBUG net.sf.serfj.finders.ResourceFinder - Searching resource [net.sf.serfj.test.controllers.] by FUNCTIONAL style without resource name
18:59:24.746 [main] DEBUG net.sf.serfj.finders.ResourceFinder - Class net.sf.serfj.test.controllers. doesn't exists in the Classpath
18:59:24.747 [main] DEBUG net.sf.serfj.finders.ResourceFinder - Searching resource [net.sf.serfj.test.controllers.Holder] by FUNCTIONAL style
18:59:24.747 [main] DEBUG net.sf.serfj.finders.ResourceFinder - Class net.sf.serfj.test.controllers.Holder doesn't exists in the Classpath
18:59:24.747 [main] DEBUG net.sf.serfj.finders.ResourceFinder - Searching resource [net.sf.serfj.test.holder.controllers.Holder] by FUNCTIONAL BY MODEL style
18:59:24.747 [main] DEBUG net.sf.serfj.finders.ResourceFinder - Class net.sf.serfj.test.holder.controllers.Holder doesn't exists in the Classpath
18:59:24.747 [main] DEBUG net.sf.serfj.finders.ResourceFinder - Searching resource [net.sf.serfj.test.holder.Holder] by MODEL style
18:59:24.747 [main] DEBUG net.sf.serfj.UrlInspector - Controller class: net.sf.serfj.test.holder.Holder
18:59:24.747 [main] DEBUG net.sf.serfj.UrlInspector - *** URL information retrieved ***
18:59:24.747 [main] DEBUG net.sf.serfj.UrlInspector - *** Retreiving information from the URL [/bank/1/edit] with method [GET] ***
18:59:24.747 [main] WARN  net.sf.serfj.config.SystemConfig - Property [alias.controllers.package] not found
18:59:24.747 [main] WARN  net.sf.serfj.config.SystemConfig - Property [suffix.controllers] not found
18:59:24.747 [main] WARN  net.sf.serfj.config.SystemConfig - Property [packages.style] not found
18:59:24.748 [main] DEBUG net.sf.serfj.finders.ResourceFinder - MainPackage [net.sf.serfj.test], Alias [controllers], Suffix [OFF], Style [null]
18:59:24.748 [main] DEBUG net.sf.serfj.finders.ResourceFinder - Searching resource [net.sf.serfj.test.controllers.] by FUNCTIONAL style without resource name
18:59:24.748 [main] DEBUG net.sf.serfj.finders.ResourceFinder - Class net.sf.serfj.test.controllers. doesn't exists in the Classpath
18:59:24.748 [main] DEBUG net.sf.serfj.finders.ResourceFinder - Searching resource [net.sf.serfj.test.controllers.Edit] by FUNCTIONAL style
18:59:24.748 [main] DEBUG net.sf.serfj.finders.ResourceFinder - Class net.sf.serfj.test.controllers.Edit doesn't exists in the Classpath
18:59:24.748 [main] DEBUG net.sf.serfj.finders.ResourceFinder - Searching resource [net.sf.serfj.test.edit.controllers.Edit] by FUNCTIONAL BY MODEL style
18:59:24.748 [main] DEBUG net.sf.serfj.finders.ResourceFinder - Class net.sf.serfj.test.edit.controllers.Edit doesn't exists in the Classpath
18:59:24.748 [main] DEBUG net.sf.serfj.finders.ResourceFinder - Searching resource [net.sf.serfj.test.edit.Edit] by MODEL style
18:59:24.749 [main] DEBUG net.sf.serfj.finders.ResourceFinder - Class net.sf.serfj.test.edit.Edit doesn't exists in the Classpath
18:59:24.749 [main] DEBUG net.sf.serfj.finders.ResourceFinder - Searching a default resource for model [edit]
18:59:24.749 [main] DEBUG net.sf.serfj.UrlInspector - Controller class: null
18:59:24.749 [main] WARN  net.sf.serfj.config.SystemConfig - Property [alias.controllers.package] not found
18:59:24.749 [main] WARN  net.sf.serfj.config.SystemConfig - Property [suffix.controllers] not found
18:59:24.749 [main] WARN  net.sf.serfj.config.SystemConfig - Property [packages.style] not found
18:59:24.749 [main] DEBUG net.sf.serfj.finders.ResourceFinder - MainPackage [net.sf.serfj.test], Alias [controllers], Suffix [OFF], Style [null]
18:59:24.749 [main] DEBUG net.sf.serfj.finders.ResourceFinder - Searching resource [net.sf.serfj.test.controllers.] by FUNCTIONAL style without resource name
18:59:24.749 [main] DEBUG net.sf.serfj.finders.ResourceFinder - Class net.sf.serfj.test.controllers. doesn't exists in the Classpath
18:59:24.749 [main] DEBUG net.sf.serfj.finders.ResourceFinder - Searching resource [net.sf.serfj.test.controllers.Bank] by FUNCTIONAL style
18:59:24.749 [main] DEBUG net.sf.serfj.UrlInspector - Controller class: net.sf.serfj.test.controllers.Bank
18:59:24.749 [main] WARN  net.sf.serfj.config.SystemConfig - Property [alias.controllers.package] not found
18:59:24.749 [main] WARN  net.sf.serfj.config.SystemConfig - Property [suffix.controllers] not found
18:59:24.749 [main] WARN  net.sf.serfj.config.SystemConfig - Property [packages.style] not found
18:59:24.749 [main] DEBUG net.sf.serfj.finders.ResourceFinder - MainPackage [net.sf.serfj.test], Alias [controllers], Suffix [OFF], Style [null]
18:59:24.749 [main] DEBUG net.sf.serfj.finders.ResourceFinder - Searching resource [net.sf.serfj.test.controllers.] by FUNCTIONAL style without resource name
18:59:24.749 [main] DEBUG net.sf.serfj.finders.ResourceFinder - Class net.sf.serfj.test.controllers. doesn't exists in the Classpath
18:59:24.749 [main] DEBUG net.sf.serfj.finders.ResourceFinder - Searching resource [net.sf.serfj.test.controllers.Bank] by FUNCTIONAL style
18:59:24.749 [main] DEBUG net.sf.serfj.UrlInspector - Controller class: net.sf.serfj.test.controllers.Bank
18:59:24.749 [main] DEBUG net.sf.serfj.UrlInspector - *** URL information retrieved ***
18:59:24.750 [main] DEBUG net.sf.serfj.UrlInspector - *** Retreiving information from the URL [/bank/1/edit?param] with method [GET] ***
18:59:24.750 [main] WARN  net.sf.serfj.config.SystemConfig - Property [alias.controllers.package] not found
18:59:24.750 [main] WARN  net.sf.serfj.config.SystemConfig - Property [suffix.controllers] not found
18:59:24.750 [main] WARN  net.sf.serfj.config.SystemConfig - Property [packages.style] not found
18:59:24.750 [main] DEBUG net.sf.serfj.finders.ResourceFinder - MainPackage [net.sf.serfj.test], Alias [controllers], Suffix [OFF], Style [null]
18:59:24.750 [main] DEBUG net.sf.serfj.finders.ResourceFinder - Searching resource [net.sf.serfj.test.controllers.] by FUNCTIONAL style without resource name
18:59:24.750 [main] DEBUG net.sf.serfj.finders.ResourceFinder - Class net.sf.serfj.test.controllers. doesn't exists in the Classpath
18:59:24.750 [main] DEBUG net.sf.serfj.finders.ResourceFinder - Searching resource [net.sf.serfj.test.controllers.Edit] by FUNCTIONAL style
18:59:24.750 [main] DEBUG net.sf.serfj.finders.ResourceFinder - Class net.sf.serfj.test.controllers.Edit doesn't exists in the Classpath
18:59:24.750 [main] DEBUG net.sf.serfj.finders.ResourceFinder - Searching resource [net.sf.serfj.test.edit.controllers.Edit] by FUNCTIONAL BY MODEL style
18:59:24.750 [main] DEBUG net.sf.serfj.finders.ResourceFinder - Class net.sf.serfj.test.edit.controllers.Edit doesn't exists in the Classpath
18:59:24.750 [main] DEBUG net.sf.serfj.finders.ResourceFinder - Searching resource [net.sf.serfj.test.edit.Edit] by MODEL style
18:59:24.750 [main] DEBUG net.sf.serfj.finders.ResourceFinder - Class net.sf.serfj.test.edit.Edit doesn't exists in the Classpath
18:59:24.750 [main] DEBUG net.sf.serfj.finders.ResourceFinder - Searching a default resource for model [edit]
18:59:24.750 [main] DEBUG net.sf.serfj.UrlInspector - Controller class: null
18:59:24.750 [main] WARN  net.sf.serfj.config.SystemConfig - Property [alias.controllers.package] not found
18:59:24.750 [main] WARN  net.sf.serfj.config.SystemConfig - Property [suffix.controllers] not found
18:59:24.750 [main] WARN  net.sf.serfj.config.SystemConfig - Property [packages.style] not found
18:59:24.750 [main] DEBUG net.sf.serfj.finders.ResourceFinder - MainPackage [net.sf.serfj.test], Alias [controllers], Suffix [OFF], Style [null]
18:59:24.751 [main] DEBUG net.sf.serfj.finders.ResourceFinder - Searching resource [net.sf.serfj.test.controllers.] by FUNCTIONAL style without resource name
18:59:24.751 [main] DEBUG net.sf.serfj.finders.ResourceFinder - Class net.sf.serfj.test.controllers. doesn't exists in the Classpath
18:59:24.751 [main] DEBUG net.sf.serfj.finders.ResourceFinder - Searching resource [net.sf.serfj.test.controllers.Bank] by FUNCTIONAL style
18:59:24.751 [main] DEBUG net.sf.serfj.UrlInspector - Controller class: net.sf.serfj.test.controllers.Bank
18:59:24.751 [main] WARN  net.sf.serfj.config.SystemConfig - Property [alias.controllers.package] not found
18:59:24.751 [main] WARN  net.sf.serfj.config.SystemConfig - Property [suffix.controllers] not found
18:59:24.751 [main] WARN  net.sf.serfj.config.SystemConfig - Property [packages.style] not found
18:59:24.751 [main] DEBUG net.sf.serfj.finders.ResourceFinder - MainPackage [net.sf.serfj.test], Alias [controllers], Suffix [OFF], Style [null]
18:59:24.751 [main] DEBUG net.sf.serfj.finders.ResourceFinder - Searching resource [net.sf.serfj.test.controllers.] by FUNCTIONAL style without resource name
18:59:24.751 [main] DEBUG net.sf.serfj.finders.ResourceFinder - Class net.sf.serfj.test.controllers. doesn't exists in the Classpath
18:59:24.751 [main] DEBUG net.sf.serfj.finders.ResourceFinder - Searching resource [net.sf.serfj.test.controllers.Bank] by FUNCTIONAL style
18:59:24.751 [main] DEBUG net.sf.serfj.UrlInspector - Controller class: net.sf.serfj.test.controllers.Bank
18:59:24.751 [main] DEBUG net.sf.serfj.UrlInspector - *** URL information retrieved ***
18:59:24.751 [main] DEBUG net.sf.serfj.UrlInspector - *** Retreiving information from the URL [/banks/1/accounts/2/edit?param] with method [GET] ***
18:59:24.751 [main] WARN  net.sf.serfj.config.SystemConfig - Property [alias.controllers.package] not found
18:59:24.751 [main] WARN  net.sf.serfj.config.SystemConfig - Property [suffix.controllers] not found
18:59:24.751 [main] WARN  net.sf.serfj.config.SystemConfig - Property [packages.style] not found
18:59:24.751 [main] DEBUG net.sf.serfj.finders.ResourceFinder - MainPackage [net.sf.serfj.test], Alias [controllers], Suffix [OFF], Style [null]
18:59:24.751 [main] DEBUG net.sf.serfj.finders.ResourceFinder - Searching resource [net.sf.serfj.test.controllers.] by FUNCTIONAL style without resource name
18:59:24.752 [main] DEBUG net.sf.serfj.finders.ResourceFinder - Class net.sf.serfj.test.controllers. doesn't exists in the Classpath
18:59:24.752 [main] DEBUG net.sf.serfj.finders.ResourceFinder - Searching resource [net.sf.serfj.test.controllers.Edit] by FUNCTIONAL style
18:59:24.752 [main] DEBUG net.sf.serfj.finders.ResourceFinder - Class net.sf.serfj.test.controllers.Edit doesn't exists in the Classpath
18:59:24.752 [main] DEBUG net.sf.serfj.finders.ResourceFinder - Searching resource [net.sf.serfj.test.edit.controllers.Edit] by FUNCTIONAL BY MODEL style
18:59:24.752 [main] DEBUG net.sf.serfj.finders.ResourceFinder - Class net.sf.serfj.test.edit.controllers.Edit doesn't exists in the Classpath
18:59:24.752 [main] DEBUG net.sf.serfj.finders.ResourceFinder - Searching resource [net.sf.serfj.test.edit.Edit] by MODEL style
18:59:24.752 [main] DEBUG net.sf.serfj.finders.ResourceFinder - Class net.sf.serfj.test.edit.Edit doesn't exists in the Classpath
18:59:24.752 [main] DEBUG net.sf.serfj.finders.ResourceFinder - Searching a default resource for model [edit]
18:59:24.752 [main] DEBUG net.sf.serfj.UrlInspector - Controller class: null
18:59:24.752 [main] WARN  net.sf.serfj.config.SystemConfig - Property [alias.controllers.package] not found
18:59:24.752 [main] WARN  net.sf.serfj.config.SystemConfig - Property [suffix.controllers] not found
18:59:24.752 [main] WARN  net.sf.serfj.config.SystemConfig - Property [packages.style] not found
18:59:24.752 [main] DEBUG net.sf.serfj.finders.ResourceFinder - MainPackage [net.sf.serfj.test], Alias [controllers], Suffix [OFF], Style [null]
18:59:24.752 [main] DEBUG net.sf.serfj.finders.ResourceFinder - Searching resource [net.sf.serfj.test.controllers.] by FUNCTIONAL style without resource name
18:59:24.752 [main] DEBUG net.sf.serfj.finders.ResourceFinder - Class net.sf.serfj.test.controllers. doesn't exists in the Classpath
18:59:24.752 [main] DEBUG net.sf.serfj.finders.ResourceFinder - Searching resource [net.sf.serfj.test.controllers.Account] by FUNCTIONAL style
18:59:24.753 [main] DEBUG net.sf.serfj.finders.ResourceFinder - Class net.sf.serfj.test.controllers.Account doesn't exists in the Classpath
18:59:24.753 [main] DEBUG net.sf.serfj.finders.ResourceFinder - Searching resource [net.sf.serfj.test.account.controllers.Account] by FUNCTIONAL BY MODEL style
18:59:24.753 [main] DEBUG net.sf.serfj.UrlInspector - Controller class: net.sf.serfj.test.account.controllers.Account
18:59:24.753 [main] WARN  net.sf.serfj.config.SystemConfig - Property [alias.controllers.package] not found
18:59:24.753 [main] WARN  net.sf.serfj.config.SystemConfig - Property [suffix.controllers] not found
18:59:24.753 [main] WARN  net.sf.serfj.config.SystemConfig - Property [packages.style] not found
18:59:24.753 [main] DEBUG net.sf.serfj.finders.ResourceFinder - MainPackage [net.sf.serfj.test], Alias [controllers], Suffix [OFF], Style [null]
18:59:24.753 [main] DEBUG net.sf.serfj.finders.ResourceFinder - Searching resource [net.sf.serfj.test.controllers.] by FUNCTIONAL style without resource name
18:59:24.753 [main] DEBUG net.sf.serfj.finders.ResourceFinder - Class net.sf.serfj.test.controllers. doesn't exists in the Classpath
18:59:24.753 [main] DEBUG net.sf.serfj.finders.ResourceFinder - Searching resource [net.sf.serfj.test.controllers.Account] by FUNCTIONAL style
18:59:24.753 [main] DEBUG net.sf.serfj.finders.ResourceFinder - Class net.sf.serfj.test.controllers.Account doesn't exists in the Classpath
18:59:24.753 [main] DEBUG net.sf.serfj.finders.ResourceFinder - Searching resource [net.sf.serfj.test.account.controllers.Account] by FUNCTIONAL BY MODEL style
18:59:24.753 [main] DEBUG net.sf.serfj.UrlInspector - Controller class: net.sf.serfj.test.account.controllers.Account
18:59:24.753 [main] DEBUG net.sf.serfj.UrlInspector - *** URL information retrieved ***
18:59:24.753 [main] DEBUG net.sf.serfj.UrlInspector - *** Retreiving information from the URL [/banks/new] with method [GET] ***
18:59:24.753 [main] WARN  net.sf.serfj.config.SystemConfig - Property [alias.controllers.package] not found
18:59:24.753 [main] WARN  net.sf.serfj.config.SystemConfig - Property [suffix.controllers] not found
18:59:24.753 [main] WARN  net.sf.serfj.config.SystemConfig - Property [packages.style] not found
18:59:24.753 [main] DEBUG net.sf.serfj.finders.ResourceFinder - MainPackage [net.sf.serfj.test], Alias [controllers], Suffix [OFF], Style [null]
18:59:24.753 [main] DEBUG net.sf.serfj.finders.ResourceFinder - Searching resource [net.sf.serfj.test.controllers.] by FUNCTIONAL style without resource name
18:59:24.754 [main] DEBUG net.sf.serfj.finders.ResourceFinder - Class net.sf.serfj.test.controllers. doesn't exists in the Classpath
18:59:24.754 [main] DEBUG net.sf.serfj.finders.ResourceFinder - Searching resource [net.sf.serfj.test.controllers.New] by FUNCTIONAL style
18:59:24.754 [main] DEBUG net.sf.serfj.finders.ResourceFinder - Class net.sf.serfj.test.controllers.New doesn't exists in the Classpath
18:59:24.754 [main] DEBUG net.sf.serfj.finders.ResourceFinder - Searching resource [net.sf.serfj.test.new.controllers.New] by FUNCTIONAL BY MODEL style
18:59:24.754 [main] DEBUG net.sf.serfj.finders.ResourceFinder - Class net.sf.serfj.test.new.controllers.New doesn't exists in the Classpath
18:59:24.754 [main] DEBUG net.sf.serfj.finders.ResourceFinder - Searching resource [net.sf.serfj.test.new.New] by MODEL style
18:59:24.754 [main] DEBUG net.sf.serfj.finders.ResourceFinder - Class net.sf.serfj.test.new.New doesn't exists in the Classpath
18:59:24.754 [main] DEBUG net.sf.serfj.finders.ResourceFinder - Searching a default resource for model [new]
18:59:24.754 [main] DEBUG net.sf.serfj.UrlInspector - Controller class: null
18:59:24.754 [main] WARN  net.sf.serfj.config.SystemConfig - Property [alias.controllers.package] not found
18:59:24.754 [main] WARN  net.sf.serfj.config.SystemConfig - Property [suffix.controllers] not found
18:59:24.754 [main] WARN  net.sf.serfj.config.SystemConfig - Property [packages.style] not found
18:59:24.754 [main] DEBUG net.sf.serfj.finders.ResourceFinder - MainPackage [net.sf.serfj.test], Alias [controllers], Suffix [OFF], Style [null]
18:59:24.754 [main] DEBUG net.sf.serfj.finders.ResourceFinder - Searching resource [net.sf.serfj.test.controllers.] by FUNCTIONAL style without resource name
18:59:24.754 [main] DEBUG net.sf.serfj.finders.ResourceFinder - Class net.sf.serfj.test.controllers. doesn't exists in the Classpath
18:59:24.755 [main] DEBUG net.sf.serfj.finders.ResourceFinder - Searching resource [net.sf.serfj.test.controllers.Bank] by FUNCTIONAL style
18:59:24.755 [main] DEBUG net.sf.serfj.UrlInspector - Controller class: net.sf.serfj.test.controllers.Bank
18:59:24.755 [main] WARN  net.sf.serfj.config.SystemConfig - Property [alias.controllers.package] not found
18:59:24.755 [main] WARN  net.sf.serfj.config.SystemConfig - Property [suffix.controllers] not found
18:59:24.755 [main] WARN  net.sf.serfj.config.SystemConfig - Property [packages.style] not found
18:59:24.755 [main] DEBUG net.sf.serfj.finders.ResourceFinder - MainPackage [net.sf.serfj.test], Alias [controllers], Suffix [OFF], Style [null]
18:59:24.755 [main] DEBUG net.sf.serfj.finders.ResourceFinder - Searching resource [net.sf.serfj.test.controllers.] by FUNCTIONAL style without resource name
18:59:24.755 [main] DEBUG net.sf.serfj.finders.ResourceFinder - Class net.sf.serfj.test.controllers. doesn't exists in the Classpath
18:59:24.755 [main] DEBUG net.sf.serfj.finders.ResourceFinder - Searching resource [net.sf.serfj.test.controllers.Bank] by FUNCTIONAL style
18:59:24.755 [main] DEBUG net.sf.serfj.UrlInspector - Controller class: net.sf.serfj.test.controllers.Bank
18:59:24.755 [main] DEBUG net.sf.serfj.UrlInspector - *** URL information retrieved ***
18:59:24.755 [main] INFO  net.sf.serfj.config.SystemConfig - Reading config file: /config/serfj.properties
18:59:24.760 [main] INFO  net.sf.serfj.config.SystemConfig - Configuration loaded successfully
18:59:24.760 [main] DEBUG net.sf.serfj.config.SystemConfig - ---- Configuration - /config/serfj.properties
views.directory - src/test/webapp/WEB-INF/views
main.package - net.sf.serfj.test

18:59:24.760 [main] WARN  net.sf.serfj.config.SystemConfig - Property [alias.serializers.package] not found
18:59:24.760 [main] WARN  net.sf.serfj.config.SystemConfig - Property [suffix.serializer] not found
18:59:24.760 [main] WARN  net.sf.serfj.config.SystemConfig - Property [packages.style] not found
18:59:24.760 [main] DEBUG net.sf.serfj.finders.ResourceFinder - MainPackage [net.sf.serfj.test], Alias [serializers], Suffix [Serializer], Style [null]
18:59:24.760 [main] DEBUG net.sf.serfj.finders.ResourceFinder - Searching resource [net.sf.serfj.test.serializers.JsonSerializer] by FUNCTIONAL style without resource name
18:59:24.760 [main] DEBUG net.sf.serfj.finders.ResourceFinder - Class net.sf.serfj.test.serializers.JsonSerializer doesn't exists in the Classpath
18:59:24.760 [main] DEBUG net.sf.serfj.finders.ResourceFinder - Searching resource [net.sf.serfj.test.serializers.JsonItemSerializer] by FUNCTIONAL style
18:59:24.760 [main] DEBUG net.sf.serfj.finders.ResourceFinder - Class net.sf.serfj.test.serializers.JsonItemSerializer doesn't exists in the Classpath
18:59:24.760 [main] DEBUG net.sf.serfj.finders.ResourceFinder - Searching resource [net.sf.serfj.test.item.serializers.JsonItemSerializer] by FUNCTIONAL BY MODEL style
18:59:24.760 [main] DEBUG net.sf.serfj.finders.ResourceFinder - Class net.sf.serfj.test.item.serializers.JsonItemSerializer doesn't exists in the Classpath
18:59:24.761 [main] DEBUG net.sf.serfj.finders.ResourceFinder - Searching resource [net.sf.serfj.test.item.JsonItemSerializer] by MODEL style
18:59:24.761 [main] DEBUG net.sf.serfj.finders.ResourceFinder - Class net.sf.serfj.test.item.JsonItemSerializer doesn't exists in the Classpath
18:59:24.761 [main] DEBUG net.sf.serfj.finders.ResourceFinder - Searching a default resource for model [item]
18:59:24.761 [main] WARN  net.sf.serfj.config.SystemConfig - Property [alias.serializers.package] not found
18:59:24.761 [main] WARN  net.sf.serfj.config.SystemConfig - Property [suffix.serializer] not found
18:59:24.761 [main] WARN  net.sf.serfj.config.SystemConfig - Property [packages.style] not found
18:59:24.761 [main] DEBUG net.sf.serfj.finders.ResourceFinder - MainPackage [net.sf.serfj.test], Alias [serializers], Suffix [Serializer], Style [null]
18:59:24.761 [main] DEBUG net.sf.serfj.finders.ResourceFinder - Searching resource [net.sf.serfj.test.serializers.JsonSerializer] by FUNCTIONAL style without resource name
18:59:24.761 [main] DEBUG net.sf.serfj.finders.ResourceFinder - Class net.sf.serfj.test.serializers.JsonSerializer doesn't exists in the Classpath
18:59:24.761 [main] DEBUG net.sf.serfj.finders.ResourceFinder - Searching resource [net.sf.serfj.test.serializers.JsonBankSerializer] by FUNCTIONAL style
18:59:24.761 [main] WARN  net.sf.serfj.config.SystemConfig - Property [alias.serializers.package] not found
18:59:24.761 [main] WARN  net.sf.serfj.config.SystemConfig - Property [suffix.serializer] not found
18:59:24.761 [main] WARN  net.sf.serfj.config.SystemConfig - Property [packages.style] not found
18:59:24.761 [main] DEBUG net.sf.serfj.finders.ResourceFinder - MainPackage [net.sf.serfj.test], Alias [serializers], Suffix [Serializer], Style [null]
18:59:24.761 [main] DEBUG net.sf.serfj.finders.ResourceFinder - Searching resource [net.sf.serfj.test.serializers.XmlSerializer] by FUNCTIONAL style without resource name
18:59:24.761 [main] DEBUG net.sf.serfj.finders.ResourceFinder - Class net.sf.serfj.test.serializers.XmlSerializer doesn't exists in the Classpath
18:59:24.761 [main] DEBUG net.sf.serfj.finders.ResourceFinder - Searching resource [net.sf.serfj.test.serializers.XmlAccountSerializer] by FUNCTIONAL style
18:59:24.762 [main] DEBUG net.sf.serfj.finders.ResourceFinder - Class net.sf.serfj.test.serializers.XmlAccountSerializer doesn't exists in the Classpath
18:59:24.762 [main] DEBUG net.sf.serfj.finders.ResourceFinder - Searching resource [net.sf.serfj.test.account.serializers.XmlAccountSerializer] by FUNCTIONAL BY MODEL style
Tests run: 2, Failures: 0, Errors: 0, Skipped: 0, Time elapsed: 0.114 sec - in net.sf.serfj.UrlInspectorTest
Running net.sf.serfj.finders.ResourceFinderTest
18:59:24.763 [main] DEBUG net.sf.serfj.finders.ResourceFinder - MainPackage [net.sf.serfj.test], Alias [controllers], Suffix [Controller], Style []
18:59:24.763 [main] DEBUG net.sf.serfj.finders.ResourceFinder - Searching resource [net.sf.serfj.test.controllers.Controller] by FUNCTIONAL style without resource name
18:59:24.763 [main] DEBUG net.sf.serfj.finders.ResourceFinder - Class net.sf.serfj.test.controllers.Controller doesn't exists in the Classpath
18:59:24.763 [main] DEBUG net.sf.serfj.finders.ResourceFinder - Searching resource [net.sf.serfj.test.controllers.BookController] by FUNCTIONAL style
18:59:24.763 [main] DEBUG net.sf.serfj.finders.ResourceFinder - MainPackage [net.sf.serfj.test], Alias [controllers], Suffix [Controller], Style [functional_by_resource]
18:59:24.763 [main] DEBUG net.sf.serfj.finders.ResourceFinder - Searching resource [net.sf.serfj.test.controllers.Controller] by FUNCTIONAL style without resource name
18:59:24.763 [main] DEBUG net.sf.serfj.finders.ResourceFinder - Class net.sf.serfj.test.controllers.Controller doesn't exists in the Classpath
18:59:24.763 [main] DEBUG net.sf.serfj.finders.ResourceFinder - Searching resource [net.sf.serfj.test.controllers.ScreenController] by FUNCTIONAL style
18:59:24.763 [main] DEBUG net.sf.serfj.finders.ResourceFinder - Class net.sf.serfj.test.controllers.ScreenController doesn't exists in the Classpath
18:59:24.764 [main] DEBUG net.sf.serfj.finders.ResourceFinder - Searching resource [net.sf.serfj.test.screen.controllers.ScreenController] by FUNCTIONAL BY MODEL style
18:59:24.764 [main] DEBUG net.sf.serfj.finders.ResourceFinder - MainPackage [net.sf.serfj.test], Alias [controllers], Suffix [Controller], Style [resource]
18:59:24.764 [main] DEBUG net.sf.serfj.finders.ResourceFinder - Searching resource [net.sf.serfj.test.controllers.Controller] by FUNCTIONAL style without resource name
18:59:24.764 [main] DEBUG net.sf.serfj.finders.ResourceFinder - Class net.sf.serfj.test.controllers.Controller doesn't exists in the Classpath
18:59:24.764 [main] DEBUG net.sf.serfj.finders.ResourceFinder - Searching resource [net.sf.serfj.test.controllers.KeyController] by FUNCTIONAL style
18:59:24.764 [main] DEBUG net.sf.serfj.finders.ResourceFinder - Class net.sf.serfj.test.controllers.KeyController doesn't exists in the Classpath
18:59:24.764 [main] DEBUG net.sf.serfj.finders.ResourceFinder - Searching resource [net.sf.serfj.test.key.controllers.KeyController] by FUNCTIONAL BY MODEL style
18:59:24.764 [main] DEBUG net.sf.serfj.finders.ResourceFinder - Class net.sf.serfj.test.key.controllers.KeyController doesn't exists in the Classpath
18:59:24.764 [main] DEBUG net.sf.serfj.finders.ResourceFinder - Searching resource [net.sf.serfj.test.key.KeyController] by MODEL style
18:59:24.765 [main] DEBUG net.sf.serfj.finders.ResourceFinder - MainPackage [net.sf.serfj.test], Alias [ctrl], Suffix [Controller], Style [functional_by_resource]
18:59:24.765 [main] DEBUG net.sf.serfj.finders.ResourceFinder - Searching resource [net.sf.serfj.test.ctrl.Controller] by FUNCTIONAL style without resource name
18:59:24.765 [main] DEBUG net.sf.serfj.finders.ResourceFinder - Class net.sf.serfj.test.ctrl.Controller doesn't exists in the Classpath
18:59:24.765 [main] DEBUG net.sf.serfj.finders.ResourceFinder - Searching resource [net.sf.serfj.test.ctrl.AccountController] by FUNCTIONAL style
18:59:24.765 [main] DEBUG net.sf.serfj.finders.ResourceFinder - Class net.sf.serfj.test.ctrl.AccountController doesn't exists in the Classpath
18:59:24.765 [main] DEBUG net.sf.serfj.finders.ResourceFinder - Searching resource [net.sf.serfj.test.account.ctrl.AccountController] by FUNCTIONAL BY MODEL style
18:59:24.765 [main] DEBUG net.sf.serfj.finders.ResourceFinder - Class net.sf.serfj.test.account.ctrl.AccountController doesn't exists in the Classpath
18:59:24.765 [main] DEBUG net.sf.serfj.finders.ResourceFinder - Searching resource [net.sf.serfj.test.account.AccountController] by MODEL style
18:59:24.765 [main] DEBUG net.sf.serfj.finders.ResourceFinder - Class net.sf.serfj.test.account.AccountController doesn't exists in the Classpath
18:59:24.765 [main] DEBUG net.sf.serfj.finders.ResourceFinder - Searching a default resource for model [account]
Tests run: 1, Failures: 0, Errors: 0, Skipped: 0, Time elapsed: 0.005 sec - in net.sf.serfj.finders.ResourceFinderTest
Running net.sf.serfj.finders.SerializerFinderTest
18:59:24.766 [main] DEBUG net.sf.serfj.finders.ResourceFinder - MainPackage [null], Alias [null], Suffix [OFF], Style [null]
18:59:24.766 [main] DEBUG net.sf.serfj.finders.ResourceFinder - Searching a default resource for no model
Tests run: 1, Failures: 0, Errors: 0, Skipped: 0, Time elapsed: 0 sec - in net.sf.serfj.finders.SerializerFinderTest
Running net.sf.serfj.RestServletTest
18:59:24.947 [main] INFO  net.sf.serfj.config.SystemConfig - Reading config file: /config/serfj.properties
18:59:24.947 [main] INFO  net.sf.serfj.config.SystemConfig - Configuration loaded successfully
18:59:24.947 [main] DEBUG net.sf.serfj.config.SystemConfig - ---- Configuration - /config/serfj.properties
views.directory - src/test/webapp/WEB-INF/views
main.package - net.sf.serfj.test

Rhino classes (js.jar) not found - Javascript disabled
18:59:24.987 [main] DEBUG net.sf.serfj.RestServlet - url => /banks
18:59:24.987 [main] DEBUG net.sf.serfj.RestServlet - HTTP_METHOD => GET
18:59:24.987 [main] DEBUG net.sf.serfj.RestServlet - queryString => 
18:59:24.987 [main] DEBUG net.sf.serfj.RestServlet - Context []
18:59:24.987 [main] DEBUG net.sf.serfj.UrlInspector - *** Retreiving information from the URL [/banks] with method [GET] ***
18:59:24.987 [main] WARN  net.sf.serfj.config.SystemConfig - Property [alias.controllers.package] not found
18:59:24.987 [main] WARN  net.sf.serfj.config.SystemConfig - Property [suffix.controllers] not found
18:59:24.987 [main] WARN  net.sf.serfj.config.SystemConfig - Property [packages.style] not found
18:59:24.987 [main] DEBUG net.sf.serfj.finders.ResourceFinder - MainPackage [net.sf.serfj.test], Alias [controllers], Suffix [OFF], Style [null]
18:59:24.987 [main] DEBUG net.sf.serfj.finders.ResourceFinder - Searching resource [net.sf.serfj.test.controllers.] by FUNCTIONAL style without resource name
18:59:24.987 [main] DEBUG net.sf.serfj.finders.ResourceFinder - Class net.sf.serfj.test.controllers. doesn't exists in the Classpath
18:59:24.987 [main] DEBUG net.sf.serfj.finders.ResourceFinder - Searching resource [net.sf.serfj.test.controllers.Bank] by FUNCTIONAL style
18:59:24.987 [main] DEBUG net.sf.serfj.UrlInspector - Controller class: net.sf.serfj.test.controllers.Bank
18:59:24.988 [main] WARN  net.sf.serfj.config.SystemConfig - Property [alias.controllers.package] not found
18:59:24.988 [main] WARN  net.sf.serfj.config.SystemConfig - Property [suffix.controllers] not found
18:59:24.988 [main] WARN  net.sf.serfj.config.SystemConfig - Property [packages.style] not found
18:59:24.988 [main] DEBUG net.sf.serfj.finders.ResourceFinder - MainPackage [net.sf.serfj.test], Alias [controllers], Suffix [OFF], Style [null]
18:59:24.988 [main] DEBUG net.sf.serfj.finders.ResourceFinder - Searching resource [net.sf.serfj.test.controllers.] by FUNCTIONAL style without resource name
18:59:24.988 [main] DEBUG net.sf.serfj.finders.ResourceFinder - Class net.sf.serfj.test.controllers. doesn't exists in the Classpath
18:59:24.988 [main] DEBUG net.sf.serfj.finders.ResourceFinder - Searching resource [net.sf.serfj.test.controllers.Bank] by FUNCTIONAL style
18:59:24.988 [main] DEBUG net.sf.serfj.UrlInspector - Controller class: net.sf.serfj.test.controllers.Bank
18:59:24.988 [main] DEBUG net.sf.serfj.UrlInspector - *** URL information retrieved ***
18:59:24.988 [main] DEBUG net.sf.serfj.RestServlet - URL info UrlInfo{url='/banks', requestMethod='GET', identifiers='{bank_id=null, id=null}', resource='bank', extension='', serializer='null', controller='net.sf.serfj.test.controllers.Bank', action='index'}
18:59:24.990 [main] INFO  net.sf.serfj.config.SystemConfig - Reading config file: /config/serfj.properties
18:59:24.991 [main] INFO  net.sf.serfj.config.SystemConfig - Configuration loaded successfully
18:59:24.991 [main] DEBUG net.sf.serfj.config.SystemConfig - ---- Configuration - /config/serfj.properties
views.directory - src/test/webapp/WEB-INF/views
main.package - net.sf.serfj.test

18:59:24.991 [main] DEBUG net.sf.serfj.ServletHelper - Calculating invocation strategy
18:59:24.992 [main] DEBUG net.sf.serfj.ServletHelper - Strategy: INHERIT
18:59:24.992 [main] DEBUG net.sf.serfj.ServletHelper - Instantiating controller net.sf.serfj.test.controllers.Bank
18:59:24.992 [main] DEBUG net.sf.serfj.ServletHelper - Calling net.sf.serfj.test.controllers.Bank.setResponseHelper(ResponseHelper)
18:59:24.992 [main] DEBUG net.sf.serfj.ServletHelper - Calling net.sf.serfj.test.controllers.Bank.index()
18:59:24.994 [main] DEBUG net.sf.serfj.ResponseHelper - Searching page [/src/test/webapp/WEB-INF/views/bank/index.jsp]...
18:59:24.994 [main] DEBUG net.sf.serfj.ResponseHelper - Page's real path is [/tmp/tmpjus4ju22/serfj/src/test/webapp/WEB-INF/views/bank/index.jsp]
18:59:24.994 [main] DEBUG net.sf.serfj.ResponseHelper - Page [/src/test/webapp/WEB-INF/views/bank/index.jsp] not found
18:59:24.994 [main] DEBUG net.sf.serfj.ResponseHelper - Searching page [/src/test/webapp/WEB-INF/views/bank/index.html]...
18:59:24.994 [main] DEBUG net.sf.serfj.ResponseHelper - Page's real path is [/tmp/tmpjus4ju22/serfj/src/test/webapp/WEB-INF/views/bank/index.html]
18:59:24.994 [main] DEBUG net.sf.serfj.ResponseHelper - Page [/src/test/webapp/WEB-INF/views/bank/index.html] found
18:59:24.995 [main] DEBUG net.sf.serfj.ResponseHelper - Forwarding to /src/test/webapp/WEB-INF/views/bank/index.html
18:59:24.995 [main] DEBUG net.sf.serfj.RestServlet - url => /banks/1
18:59:24.995 [main] DEBUG net.sf.serfj.RestServlet - HTTP_METHOD => GET
18:59:24.995 [main] DEBUG net.sf.serfj.RestServlet - queryString => 
18:59:24.995 [main] DEBUG net.sf.serfj.RestServlet - Context []
18:59:24.995 [main] DEBUG net.sf.serfj.UrlInspector - *** Retreiving information from the URL [/banks/1] with method [GET] ***
18:59:24.996 [main] WARN  net.sf.serfj.config.SystemConfig - Property [alias.controllers.package] not found
18:59:24.996 [main] WARN  net.sf.serfj.config.SystemConfig - Property [suffix.controllers] not found
18:59:24.996 [main] WARN  net.sf.serfj.config.SystemConfig - Property [packages.style] not found
18:59:24.996 [main] DEBUG net.sf.serfj.finders.ResourceFinder - MainPackage [net.sf.serfj.test], Alias [controllers], Suffix [OFF], Style [null]
18:59:24.996 [main] DEBUG net.sf.serfj.finders.ResourceFinder - Searching resource [net.sf.serfj.test.controllers.] by FUNCTIONAL style without resource name
18:59:24.996 [main] DEBUG net.sf.serfj.finders.ResourceFinder - Class net.sf.serfj.test.controllers. doesn't exists in the Classpath
18:59:24.996 [main] DEBUG net.sf.serfj.finders.ResourceFinder - Searching resource [net.sf.serfj.test.controllers.Bank] by FUNCTIONAL style
18:59:24.996 [main] DEBUG net.sf.serfj.UrlInspector - Controller class: net.sf.serfj.test.controllers.Bank
18:59:24.996 [main] WARN  net.sf.serfj.config.SystemConfig - Property [alias.controllers.package] not found
18:59:24.996 [main] WARN  net.sf.serfj.config.SystemConfig - Property [suffix.controllers] not found
18:59:24.996 [main] WARN  net.sf.serfj.config.SystemConfig - Property [packages.style] not found
18:59:24.996 [main] DEBUG net.sf.serfj.finders.ResourceFinder - MainPackage [net.sf.serfj.test], Alias [controllers], Suffix [OFF], Style [null]
18:59:24.996 [main] DEBUG net.sf.serfj.finders.ResourceFinder - Searching resource [net.sf.serfj.test.controllers.] by FUNCTIONAL style without resource name
18:59:24.996 [main] DEBUG net.sf.serfj.finders.ResourceFinder - Class net.sf.serfj.test.controllers. doesn't exists in the Classpath
18:59:24.996 [main] DEBUG net.sf.serfj.finders.ResourceFinder - Searching resource [net.sf.serfj.test.controllers.Bank] by FUNCTIONAL style
18:59:24.996 [main] DEBUG net.sf.serfj.UrlInspector - Controller class: net.sf.serfj.test.controllers.Bank
18:59:24.996 [main] DEBUG net.sf.serfj.UrlInspector - *** URL information retrieved ***
18:59:24.996 [main] DEBUG net.sf.serfj.RestServlet - URL info UrlInfo{url='/banks/1', requestMethod='GET', identifiers='{bank_id=1, id=1}', resource='bank', extension='', serializer='null', controller='net.sf.serfj.test.controllers.Bank', action='show'}
18:59:24.996 [main] INFO  net.sf.serfj.config.SystemConfig - Reading config file: /config/serfj.properties
18:59:24.997 [main] INFO  net.sf.serfj.config.SystemConfig - Configuration loaded successfully
18:59:24.997 [main] DEBUG net.sf.serfj.config.SystemConfig - ---- Configuration - /config/serfj.properties
views.directory - src/test/webapp/WEB-INF/views
main.package - net.sf.serfj.test

18:59:24.997 [main] DEBUG net.sf.serfj.ServletHelper - Calculating invocation strategy
18:59:24.997 [main] DEBUG net.sf.serfj.ServletHelper - Strategy: INHERIT
18:59:24.997 [main] DEBUG net.sf.serfj.ServletHelper - Instantiating controller net.sf.serfj.test.controllers.Bank
18:59:24.997 [main] DEBUG net.sf.serfj.ServletHelper - Calling net.sf.serfj.test.controllers.Bank.setResponseHelper(ResponseHelper)
18:59:24.997 [main] DEBUG net.sf.serfj.ServletHelper - Calling net.sf.serfj.test.controllers.Bank.show()
18:59:24.997 [main] DEBUG net.sf.serfj.ResponseHelper - Searching page [/src/test/webapp/WEB-INF/views/bank/show.jsp]...
18:59:24.997 [main] DEBUG net.sf.serfj.ResponseHelper - Page's real path is [/tmp/tmpjus4ju22/serfj/src/test/webapp/WEB-INF/views/bank/show.jsp]
18:59:24.997 [main] DEBUG net.sf.serfj.ResponseHelper - Page [/src/test/webapp/WEB-INF/views/bank/show.jsp] not found
18:59:24.997 [main] DEBUG net.sf.serfj.ResponseHelper - Searching page [/src/test/webapp/WEB-INF/views/bank/show.html]...
18:59:24.997 [main] DEBUG net.sf.serfj.ResponseHelper - Page's real path is [/tmp/tmpjus4ju22/serfj/src/test/webapp/WEB-INF/views/bank/show.html]
18:59:24.997 [main] DEBUG net.sf.serfj.ResponseHelper - Page [/src/test/webapp/WEB-INF/views/bank/show.html] found
18:59:24.997 [main] DEBUG net.sf.serfj.ResponseHelper - Forwarding to /src/test/webapp/WEB-INF/views/bank/show.html
18:59:24.998 [main] DEBUG net.sf.serfj.RestServlet - url => /banks/1/accounts
18:59:24.998 [main] DEBUG net.sf.serfj.RestServlet - HTTP_METHOD => GET
18:59:24.998 [main] DEBUG net.sf.serfj.RestServlet - queryString => 
18:59:24.998 [main] DEBUG net.sf.serfj.RestServlet - Context []
18:59:24.998 [main] DEBUG net.sf.serfj.UrlInspector - *** Retreiving information from the URL [/banks/1/accounts] with method [GET] ***
18:59:24.998 [main] WARN  net.sf.serfj.config.SystemConfig - Property [alias.controllers.package] not found
18:59:24.998 [main] WARN  net.sf.serfj.config.SystemConfig - Property [suffix.controllers] not found
18:59:24.998 [main] WARN  net.sf.serfj.config.SystemConfig - Property [packages.style] not found
18:59:24.998 [main] DEBUG net.sf.serfj.finders.ResourceFinder - MainPackage [net.sf.serfj.test], Alias [controllers], Suffix [OFF], Style [null]
18:59:24.998 [main] DEBUG net.sf.serfj.finders.ResourceFinder - Searching resource [net.sf.serfj.test.controllers.] by FUNCTIONAL style without resource name
18:59:24.998 [main] DEBUG net.sf.serfj.finders.ResourceFinder - Class net.sf.serfj.test.controllers. doesn't exists in the Classpath
18:59:24.998 [main] DEBUG net.sf.serfj.finders.ResourceFinder - Searching resource [net.sf.serfj.test.controllers.Account] by FUNCTIONAL style
18:59:24.998 [main] DEBUG net.sf.serfj.finders.ResourceFinder - Class net.sf.serfj.test.controllers.Account doesn't exists in the Classpath
18:59:24.998 [main] DEBUG net.sf.serfj.finders.ResourceFinder - Searching resource [net.sf.serfj.test.account.controllers.Account] by FUNCTIONAL BY MODEL style
18:59:24.998 [main] DEBUG net.sf.serfj.UrlInspector - Controller class: net.sf.serfj.test.account.controllers.Account
18:59:24.998 [main] WARN  net.sf.serfj.config.SystemConfig - Property [alias.controllers.package] not found
18:59:24.998 [main] WARN  net.sf.serfj.config.SystemConfig - Property [suffix.controllers] not found
18:59:24.998 [main] WARN  net.sf.serfj.config.SystemConfig - Property [packages.style] not found
18:59:24.998 [main] DEBUG net.sf.serfj.finders.ResourceFinder - MainPackage [net.sf.serfj.test], Alias [controllers], Suffix [OFF], Style [null]
18:59:24.998 [main] DEBUG net.sf.serfj.finders.ResourceFinder - Searching resource [net.sf.serfj.test.controllers.] by FUNCTIONAL style without resource name
18:59:24.998 [main] DEBUG net.sf.serfj.finders.ResourceFinder - Class net.sf.serfj.test.controllers. doesn't exists in the Classpath
18:59:24.998 [main] DEBUG net.sf.serfj.finders.ResourceFinder - Searching resource [net.sf.serfj.test.controllers.Account] by FUNCTIONAL style
18:59:24.998 [main] DEBUG net.sf.serfj.finders.ResourceFinder - Class net.sf.serfj.test.controllers.Account doesn't exists in the Classpath
18:59:24.998 [main] DEBUG net.sf.serfj.finders.ResourceFinder - Searching resource [net.sf.serfj.test.account.controllers.Account] by FUNCTIONAL BY MODEL style
18:59:24.998 [main] DEBUG net.sf.serfj.UrlInspector - Controller class: net.sf.serfj.test.account.controllers.Account
18:59:24.998 [main] DEBUG net.sf.serfj.UrlInspector - *** URL information retrieved ***
18:59:24.999 [main] DEBUG net.sf.serfj.RestServlet - URL info UrlInfo{url='/banks/1/accounts', requestMethod='GET', identifiers='{account_id=null, bank_id=1, id=null}', resource='account', extension='', serializer='null', controller='net.sf.serfj.test.account.controllers.Account', action='index'}
18:59:24.999 [main] INFO  net.sf.serfj.config.SystemConfig - Reading config file: /config/serfj.properties
18:59:24.999 [main] INFO  net.sf.serfj.config.SystemConfig - Configuration loaded successfully
18:59:24.999 [main] DEBUG net.sf.serfj.config.SystemConfig - ---- Configuration - /config/serfj.properties
views.directory - src/test/webapp/WEB-INF/views
main.package - net.sf.serfj.test

18:59:24.999 [main] DEBUG net.sf.serfj.ServletHelper - Calculating invocation strategy
18:59:24.999 [main] DEBUG net.sf.serfj.ServletHelper - Strategy: SIGNATURE
18:59:24.999 [main] DEBUG net.sf.serfj.ServletHelper - Calling net.sf.serfj.test.account.controllers.Account.index(ResponseHelper, Map<String,Object>)
18:59:24.999 [main] DEBUG net.sf.serfj.ResponseHelper - Searching page [/src/test/webapp/WEB-INF/views/account/index.jsp]...
18:59:24.999 [main] DEBUG net.sf.serfj.ResponseHelper - Page's real path is [/tmp/tmpjus4ju22/serfj/src/test/webapp/WEB-INF/views/account/index.jsp]
18:59:24.999 [main] DEBUG net.sf.serfj.ResponseHelper - Page [/src/test/webapp/WEB-INF/views/account/index.jsp] not found
18:59:24.999 [main] DEBUG net.sf.serfj.ResponseHelper - Searching page [/src/test/webapp/WEB-INF/views/account/index.html]...
18:59:24.999 [main] DEBUG net.sf.serfj.ResponseHelper - Page's real path is [/tmp/tmpjus4ju22/serfj/src/test/webapp/WEB-INF/views/account/index.html]
18:59:24.999 [main] DEBUG net.sf.serfj.ResponseHelper - Page [/src/test/webapp/WEB-INF/views/account/index.html] found
18:59:24.999 [main] DEBUG net.sf.serfj.ResponseHelper - Forwarding to /src/test/webapp/WEB-INF/views/account/index.html
18:59:25.000 [main] DEBUG net.sf.serfj.RestServlet - url => /banks/1/accounts/new
18:59:25.000 [main] DEBUG net.sf.serfj.RestServlet - HTTP_METHOD => GET
18:59:25.000 [main] DEBUG net.sf.serfj.RestServlet - queryString => 
18:59:25.000 [main] DEBUG net.sf.serfj.RestServlet - Context []
18:59:25.000 [main] DEBUG net.sf.serfj.UrlInspector - *** Retreiving information from the URL [/banks/1/accounts/new] with method [GET] ***
18:59:25.000 [main] WARN  net.sf.serfj.config.SystemConfig - Property [alias.controllers.package] not found
18:59:25.000 [main] WARN  net.sf.serfj.config.SystemConfig - Property [suffix.controllers] not found
18:59:25.000 [main] WARN  net.sf.serfj.config.SystemConfig - Property [packages.style] not found
18:59:25.000 [main] DEBUG net.sf.serfj.finders.ResourceFinder - MainPackage [net.sf.serfj.test], Alias [controllers], Suffix [OFF], Style [null]
18:59:25.000 [main] DEBUG net.sf.serfj.finders.ResourceFinder - Searching resource [net.sf.serfj.test.controllers.] by FUNCTIONAL style without resource name
18:59:25.000 [main] DEBUG net.sf.serfj.finders.ResourceFinder - Class net.sf.serfj.test.controllers. doesn't exists in the Classpath
18:59:25.000 [main] DEBUG net.sf.serfj.finders.ResourceFinder - Searching resource [net.sf.serfj.test.controllers.New] by FUNCTIONAL style
18:59:25.000 [main] DEBUG net.sf.serfj.finders.ResourceFinder - Class net.sf.serfj.test.controllers.New doesn't exists in the Classpath
18:59:25.000 [main] DEBUG net.sf.serfj.finders.ResourceFinder - Searching resource [net.sf.serfj.test.new.controllers.New] by FUNCTIONAL BY MODEL style
18:59:25.000 [main] DEBUG net.sf.serfj.finders.ResourceFinder - Class net.sf.serfj.test.new.controllers.New doesn't exists in the Classpath
18:59:25.000 [main] DEBUG net.sf.serfj.finders.ResourceFinder - Searching resource [net.sf.serfj.test.new.New] by MODEL style
18:59:25.000 [main] DEBUG net.sf.serfj.finders.ResourceFinder - Class net.sf.serfj.test.new.New doesn't exists in the Classpath
18:59:25.000 [main] DEBUG net.sf.serfj.finders.ResourceFinder - Searching a default resource for model [new]
18:59:25.000 [main] DEBUG net.sf.serfj.UrlInspector - Controller class: null
18:59:25.000 [main] WARN  net.sf.serfj.config.SystemConfig - Property [alias.controllers.package] not found
18:59:25.000 [main] WARN  net.sf.serfj.config.SystemConfig - Property [suffix.controllers] not found
18:59:25.000 [main] WARN  net.sf.serfj.config.SystemConfig - Property [packages.style] not found
18:59:25.000 [main] DEBUG net.sf.serfj.finders.ResourceFinder - MainPackage [net.sf.serfj.test], Alias [controllers], Suffix [OFF], Style [null]
18:59:25.000 [main] DEBUG net.sf.serfj.finders.ResourceFinder - Searching resource [net.sf.serfj.test.controllers.] by FUNCTIONAL style without resource name
18:59:25.000 [main] DEBUG net.sf.serfj.finders.ResourceFinder - Class net.sf.serfj.test.controllers. doesn't exists in the Classpath
18:59:25.000 [main] DEBUG net.sf.serfj.finders.ResourceFinder - Searching resource [net.sf.serfj.test.controllers.Account] by FUNCTIONAL style
18:59:25.000 [main] DEBUG net.sf.serfj.finders.ResourceFinder - Class net.sf.serfj.test.controllers.Account doesn't exists in the Classpath
18:59:25.000 [main] DEBUG net.sf.serfj.finders.ResourceFinder - Searching resource [net.sf.serfj.test.account.controllers.Account] by FUNCTIONAL BY MODEL style
18:59:25.000 [main] DEBUG net.sf.serfj.UrlInspector - Controller class: net.sf.serfj.test.account.controllers.Account
18:59:25.000 [main] WARN  net.sf.serfj.config.SystemConfig - Property [alias.controllers.package] not found
18:59:25.000 [main] WARN  net.sf.serfj.config.SystemConfig - Property [suffix.controllers] not found
18:59:25.000 [main] WARN  net.sf.serfj.config.SystemConfig - Property [packages.style] not found
18:59:25.000 [main] DEBUG net.sf.serfj.finders.ResourceFinder - MainPackage [net.sf.serfj.test], Alias [controllers], Suffix [OFF], Style [null]
18:59:25.000 [main] DEBUG net.sf.serfj.finders.ResourceFinder - Searching resource [net.sf.serfj.test.controllers.] by FUNCTIONAL style without resource name
18:59:25.001 [main] DEBUG net.sf.serfj.finders.ResourceFinder - Class net.sf.serfj.test.controllers. doesn't exists in the Classpath
18:59:25.001 [main] DEBUG net.sf.serfj.finders.ResourceFinder - Searching resource [net.sf.serfj.test.controllers.Account] by FUNCTIONAL style
18:59:25.001 [main] DEBUG net.sf.serfj.finders.ResourceFinder - Class net.sf.serfj.test.controllers.Account doesn't exists in the Classpath
18:59:25.001 [main] DEBUG net.sf.serfj.finders.ResourceFinder - Searching resource [net.sf.serfj.test.account.controllers.Account] by FUNCTIONAL BY MODEL style
18:59:25.001 [main] DEBUG net.sf.serfj.UrlInspector - Controller class: net.sf.serfj.test.account.controllers.Account
18:59:25.001 [main] DEBUG net.sf.serfj.UrlInspector - *** URL information retrieved ***
18:59:25.001 [main] DEBUG net.sf.serfj.RestServlet - URL info UrlInfo{url='/banks/1/accounts/new', requestMethod='GET', identifiers='{account_id=null, bank_id=1, id=null}', resource='account', extension='', serializer='null', controller='net.sf.serfj.test.account.controllers.Account', action='newResource'}
18:59:25.001 [main] INFO  net.sf.serfj.config.SystemConfig - Reading config file: /config/serfj.properties
18:59:25.001 [main] INFO  net.sf.serfj.config.SystemConfig - Configuration loaded successfully
18:59:25.001 [main] DEBUG net.sf.serfj.config.SystemConfig - ---- Configuration - /config/serfj.properties
views.directory - src/test/webapp/WEB-INF/views
main.package - net.sf.serfj.test

18:59:25.001 [main] DEBUG net.sf.serfj.ServletHelper - Calculating invocation strategy
18:59:25.001 [main] DEBUG net.sf.serfj.ServletHelper - Strategy: SIGNATURE
18:59:25.001 [main] DEBUG net.sf.serfj.ServletHelper - Calling net.sf.serfj.test.account.controllers.Account.newResource(ResponseHelper, Map<String,Object>)
18:59:25.001 [main] DEBUG net.sf.serfj.ResponseHelper - Searching page [/src/test/webapp/WEB-INF/views/account/new.jsp]...
18:59:25.001 [main] DEBUG net.sf.serfj.ResponseHelper - Page's real path is [/tmp/tmpjus4ju22/serfj/src/test/webapp/WEB-INF/views/account/new.jsp]
18:59:25.001 [main] DEBUG net.sf.serfj.ResponseHelper - Page [/src/test/webapp/WEB-INF/views/account/new.jsp] not found
18:59:25.001 [main] DEBUG net.sf.serfj.ResponseHelper - Searching page [/src/test/webapp/WEB-INF/views/account/new.html]...
18:59:25.001 [main] DEBUG net.sf.serfj.ResponseHelper - Page's real path is [/tmp/tmpjus4ju22/serfj/src/test/webapp/WEB-INF/views/account/new.html]
18:59:25.001 [main] DEBUG net.sf.serfj.ResponseHelper - Page [/src/test/webapp/WEB-INF/views/account/new.html] found
18:59:25.001 [main] DEBUG net.sf.serfj.ResponseHelper - Forwarding to /src/test/webapp/WEB-INF/views/account/new.html
18:59:25.002 [main] DEBUG net.sf.serfj.RestServlet - url => /banks/1/accounts/1/balance
18:59:25.002 [main] DEBUG net.sf.serfj.RestServlet - HTTP_METHOD => GET
18:59:25.002 [main] DEBUG net.sf.serfj.RestServlet - queryString => 
18:59:25.002 [main] DEBUG net.sf.serfj.RestServlet - Context []
18:59:25.002 [main] DEBUG net.sf.serfj.UrlInspector - *** Retreiving information from the URL [/banks/1/accounts/1/balance] with method [GET] ***
18:59:25.002 [main] WARN  net.sf.serfj.config.SystemConfig - Property [alias.controllers.package] not found
18:59:25.002 [main] WARN  net.sf.serfj.config.SystemConfig - Property [suffix.controllers] not found
18:59:25.002 [main] WARN  net.sf.serfj.config.SystemConfig - Property [packages.style] not found
18:59:25.002 [main] DEBUG net.sf.serfj.finders.ResourceFinder - MainPackage [net.sf.serfj.test], Alias [controllers], Suffix [OFF], Style [null]
18:59:25.002 [main] DEBUG net.sf.serfj.finders.ResourceFinder - Searching resource [net.sf.serfj.test.controllers.] by FUNCTIONAL style without resource name
18:59:25.002 [main] DEBUG net.sf.serfj.finders.ResourceFinder - Class net.sf.serfj.test.controllers. doesn't exists in the Classpath
18:59:25.002 [main] DEBUG net.sf.serfj.finders.ResourceFinder - Searching resource [net.sf.serfj.test.controllers.Balance] by FUNCTIONAL style
18:59:25.002 [main] DEBUG net.sf.serfj.finders.ResourceFinder - Class net.sf.serfj.test.controllers.Balance doesn't exists in the Classpath
18:59:25.002 [main] DEBUG net.sf.serfj.finders.ResourceFinder - Searching resource [net.sf.serfj.test.balance.controllers.Balance] by FUNCTIONAL BY MODEL style
18:59:25.002 [main] DEBUG net.sf.serfj.finders.ResourceFinder - Class net.sf.serfj.test.balance.controllers.Balance doesn't exists in the Classpath
18:59:25.002 [main] DEBUG net.sf.serfj.finders.ResourceFinder - Searching resource [net.sf.serfj.test.balance.Balance] by MODEL style
18:59:25.002 [main] DEBUG net.sf.serfj.finders.ResourceFinder - Class net.sf.serfj.test.balance.Balance doesn't exists in the Classpath
18:59:25.002 [main] DEBUG net.sf.serfj.finders.ResourceFinder - Searching a default resource for model [balance]
18:59:25.002 [main] DEBUG net.sf.serfj.UrlInspector - Controller class: null
18:59:25.002 [main] WARN  net.sf.serfj.config.SystemConfig - Property [alias.controllers.package] not found
18:59:25.002 [main] WARN  net.sf.serfj.config.SystemConfig - Property [suffix.controllers] not found
18:59:25.002 [main] WARN  net.sf.serfj.config.SystemConfig - Property [packages.style] not found
18:59:25.002 [main] DEBUG net.sf.serfj.finders.ResourceFinder - MainPackage [net.sf.serfj.test], Alias [controllers], Suffix [OFF], Style [null]
18:59:25.002 [main] DEBUG net.sf.serfj.finders.ResourceFinder - Searching resource [net.sf.serfj.test.controllers.] by FUNCTIONAL style without resource name
18:59:25.002 [main] DEBUG net.sf.serfj.finders.ResourceFinder - Class net.sf.serfj.test.controllers. doesn't exists in the Classpath
18:59:25.002 [main] DEBUG net.sf.serfj.finders.ResourceFinder - Searching resource [net.sf.serfj.test.controllers.Account] by FUNCTIONAL style
18:59:25.002 [main] DEBUG net.sf.serfj.finders.ResourceFinder - Class net.sf.serfj.test.controllers.Account doesn't exists in the Classpath
18:59:25.003 [main] DEBUG net.sf.serfj.finders.ResourceFinder - Searching resource [net.sf.serfj.test.account.controllers.Account] by FUNCTIONAL BY MODEL style
18:59:25.003 [main] DEBUG net.sf.serfj.UrlInspector - Controller class: net.sf.serfj.test.account.controllers.Account
18:59:25.003 [main] WARN  net.sf.serfj.config.SystemConfig - Property [alias.controllers.package] not found
18:59:25.003 [main] WARN  net.sf.serfj.config.SystemConfig - Property [suffix.controllers] not found
18:59:25.003 [main] WARN  net.sf.serfj.config.SystemConfig - Property [packages.style] not found
18:59:25.003 [main] DEBUG net.sf.serfj.finders.ResourceFinder - MainPackage [net.sf.serfj.test], Alias [controllers], Suffix [OFF], Style [null]
18:59:25.003 [main] DEBUG net.sf.serfj.finders.ResourceFinder - Searching resource [net.sf.serfj.test.controllers.] by FUNCTIONAL style without resource name
18:59:25.003 [main] DEBUG net.sf.serfj.finders.ResourceFinder - Class net.sf.serfj.test.controllers. doesn't exists in the Classpath
18:59:25.003 [main] DEBUG net.sf.serfj.finders.ResourceFinder - Searching resource [net.sf.serfj.test.controllers.Account] by FUNCTIONAL style
18:59:25.003 [main] DEBUG net.sf.serfj.finders.ResourceFinder - Class net.sf.serfj.test.controllers.Account doesn't exists in the Classpath
18:59:25.003 [main] DEBUG net.sf.serfj.finders.ResourceFinder - Searching resource [net.sf.serfj.test.account.controllers.Account] by FUNCTIONAL BY MODEL style
18:59:25.003 [main] DEBUG net.sf.serfj.UrlInspector - Controller class: net.sf.serfj.test.account.controllers.Account
18:59:25.003 [main] DEBUG net.sf.serfj.UrlInspector - *** URL information retrieved ***
18:59:25.003 [main] DEBUG net.sf.serfj.RestServlet - URL info UrlInfo{url='/banks/1/accounts/1/balance', requestMethod='GET', identifiers='{account_id=1, bank_id=1, id=1}', resource='account', extension='', serializer='null', controller='net.sf.serfj.test.account.controllers.Account', action='balance'}
18:59:25.003 [main] INFO  net.sf.serfj.config.SystemConfig - Reading config file: /config/serfj.properties
18:59:25.003 [main] INFO  net.sf.serfj.config.SystemConfig - Configuration loaded successfully
18:59:25.003 [main] DEBUG net.sf.serfj.config.SystemConfig - ---- Configuration - /config/serfj.properties
views.directory - src/test/webapp/WEB-INF/views
main.package - net.sf.serfj.test

18:59:25.003 [main] DEBUG net.sf.serfj.ServletHelper - Calculating invocation strategy
18:59:25.003 [main] DEBUG net.sf.serfj.ServletHelper - Strategy: SIGNATURE
18:59:25.003 [main] DEBUG net.sf.serfj.ServletHelper - Calling net.sf.serfj.test.account.controllers.Account.balance(ResponseHelper, Map<String,Object>)
18:59:25.003 [main] DEBUG net.sf.serfj.ResponseHelper - Searching page [/src/test/webapp/WEB-INF/views/account/balance.jsp]...
18:59:25.003 [main] DEBUG net.sf.serfj.ResponseHelper - Page's real path is [/tmp/tmpjus4ju22/serfj/src/test/webapp/WEB-INF/views/account/balance.jsp]
18:59:25.003 [main] DEBUG net.sf.serfj.ResponseHelper - Page [/src/test/webapp/WEB-INF/views/account/balance.jsp] found
18:59:25.003 [main] DEBUG net.sf.serfj.ResponseHelper - Forwarding to /src/test/webapp/WEB-INF/views/account/balance.jsp
18:59:25.004 [main] DEBUG net.sf.serfj.RestServlet - url => /banks/1/accounts/1/balance.json
18:59:25.004 [main] DEBUG net.sf.serfj.RestServlet - HTTP_METHOD => GET
18:59:25.004 [main] DEBUG net.sf.serfj.RestServlet - queryString => 
18:59:25.004 [main] DEBUG net.sf.serfj.RestServlet - Context []
18:59:25.004 [main] DEBUG net.sf.serfj.UrlInspector - *** Retreiving information from the URL [/banks/1/accounts/1/balance.json] with method [GET] ***
18:59:25.004 [main] WARN  net.sf.serfj.config.SystemConfig - Property [alias.controllers.package] not found
18:59:25.004 [main] WARN  net.sf.serfj.config.SystemConfig - Property [suffix.controllers] not found
18:59:25.004 [main] WARN  net.sf.serfj.config.SystemConfig - Property [packages.style] not found
18:59:25.004 [main] DEBUG net.sf.serfj.finders.ResourceFinder - MainPackage [net.sf.serfj.test], Alias [controllers], Suffix [OFF], Style [null]
18:59:25.004 [main] DEBUG net.sf.serfj.finders.ResourceFinder - Searching resource [net.sf.serfj.test.controllers.] by FUNCTIONAL style without resource name
18:59:25.004 [main] DEBUG net.sf.serfj.finders.ResourceFinder - Class net.sf.serfj.test.controllers. doesn't exists in the Classpath
18:59:25.004 [main] DEBUG net.sf.serfj.finders.ResourceFinder - Searching resource [net.sf.serfj.test.controllers.Balance] by FUNCTIONAL style
18:59:25.004 [main] DEBUG net.sf.serfj.finders.ResourceFinder - Class net.sf.serfj.test.controllers.Balance doesn't exists in the Classpath
18:59:25.004 [main] DEBUG net.sf.serfj.finders.ResourceFinder - Searching resource [net.sf.serfj.test.balance.controllers.Balance] by FUNCTIONAL BY MODEL style
18:59:25.004 [main] DEBUG net.sf.serfj.finders.ResourceFinder - Class net.sf.serfj.test.balance.controllers.Balance doesn't exists in the Classpath
18:59:25.004 [main] DEBUG net.sf.serfj.finders.ResourceFinder - Searching resource [net.sf.serfj.test.balance.Balance] by MODEL style
18:59:25.004 [main] DEBUG net.sf.serfj.finders.ResourceFinder - Class net.sf.serfj.test.balance.Balance doesn't exists in the Classpath
18:59:25.004 [main] DEBUG net.sf.serfj.finders.ResourceFinder - Searching a default resource for model [balance]
18:59:25.004 [main] DEBUG net.sf.serfj.UrlInspector - Controller class: null
18:59:25.004 [main] WARN  net.sf.serfj.config.SystemConfig - Property [alias.controllers.package] not found
18:59:25.004 [main] WARN  net.sf.serfj.config.SystemConfig - Property [suffix.controllers] not found
18:59:25.004 [main] WARN  net.sf.serfj.config.SystemConfig - Property [packages.style] not found
18:59:25.004 [main] DEBUG net.sf.serfj.finders.ResourceFinder - MainPackage [net.sf.serfj.test], Alias [controllers], Suffix [OFF], Style [null]
18:59:25.004 [main] DEBUG net.sf.serfj.finders.ResourceFinder - Searching resource [net.sf.serfj.test.controllers.] by FUNCTIONAL style without resource name
18:59:25.004 [main] DEBUG net.sf.serfj.finders.ResourceFinder - Class net.sf.serfj.test.controllers. doesn't exists in the Classpath
18:59:25.004 [main] DEBUG net.sf.serfj.finders.ResourceFinder - Searching resource [net.sf.serfj.test.controllers.Account] by FUNCTIONAL style
18:59:25.004 [main] DEBUG net.sf.serfj.finders.ResourceFinder - Class net.sf.serfj.test.controllers.Account doesn't exists in the Classpath
18:59:25.004 [main] DEBUG net.sf.serfj.finders.ResourceFinder - Searching resource [net.sf.serfj.test.account.controllers.Account] by FUNCTIONAL BY MODEL style
18:59:25.004 [main] DEBUG net.sf.serfj.UrlInspector - Controller class: net.sf.serfj.test.account.controllers.Account
18:59:25.004 [main] WARN  net.sf.serfj.config.SystemConfig - Property [alias.controllers.package] not found
18:59:25.004 [main] WARN  net.sf.serfj.config.SystemConfig - Property [suffix.controllers] not found
18:59:25.004 [main] WARN  net.sf.serfj.config.SystemConfig - Property [packages.style] not found
18:59:25.004 [main] DEBUG net.sf.serfj.finders.ResourceFinder - MainPackage [net.sf.serfj.test], Alias [controllers], Suffix [OFF], Style [null]
18:59:25.004 [main] DEBUG net.sf.serfj.finders.ResourceFinder - Searching resource [net.sf.serfj.test.controllers.] by FUNCTIONAL style without resource name
18:59:25.004 [main] DEBUG net.sf.serfj.finders.ResourceFinder - Class net.sf.serfj.test.controllers. doesn't exists in the Classpath
18:59:25.004 [main] DEBUG net.sf.serfj.finders.ResourceFinder - Searching resource [net.sf.serfj.test.controllers.Account] by FUNCTIONAL style
18:59:25.004 [main] DEBUG net.sf.serfj.finders.ResourceFinder - Class net.sf.serfj.test.controllers.Account doesn't exists in the Classpath
18:59:25.005 [main] DEBUG net.sf.serfj.finders.ResourceFinder - Searching resource [net.sf.serfj.test.account.controllers.Account] by FUNCTIONAL BY MODEL style
18:59:25.005 [main] DEBUG net.sf.serfj.UrlInspector - Controller class: net.sf.serfj.test.account.controllers.Account
18:59:25.005 [main] WARN  net.sf.serfj.config.SystemConfig - Property [alias.serializers.package] not found
18:59:25.005 [main] WARN  net.sf.serfj.config.SystemConfig - Property [suffix.serializer] not found
18:59:25.005 [main] WARN  net.sf.serfj.config.SystemConfig - Property [packages.style] not found
18:59:25.005 [main] DEBUG net.sf.serfj.finders.ResourceFinder - MainPackage [net.sf.serfj.test], Alias [serializers], Suffix [Serializer], Style [null]
18:59:25.005 [main] DEBUG net.sf.serfj.finders.ResourceFinder - Searching resource [net.sf.serfj.test.serializers.JsonSerializer] by FUNCTIONAL style without resource name
18:59:25.005 [main] DEBUG net.sf.serfj.finders.ResourceFinder - Class net.sf.serfj.test.serializers.JsonSerializer doesn't exists in the Classpath
18:59:25.005 [main] DEBUG net.sf.serfj.finders.ResourceFinder - Searching resource [net.sf.serfj.test.serializers.JsonAccountSerializer] by FUNCTIONAL style
18:59:25.005 [main] DEBUG net.sf.serfj.finders.ResourceFinder - Class net.sf.serfj.test.serializers.JsonAccountSerializer doesn't exists in the Classpath
18:59:25.005 [main] DEBUG net.sf.serfj.finders.ResourceFinder - Searching resource [net.sf.serfj.test.account.serializers.JsonAccountSerializer] by FUNCTIONAL BY MODEL style
18:59:25.005 [main] DEBUG net.sf.serfj.finders.ResourceFinder - Class net.sf.serfj.test.account.serializers.JsonAccountSerializer doesn't exists in the Classpath
18:59:25.005 [main] DEBUG net.sf.serfj.finders.ResourceFinder - Searching resource [net.sf.serfj.test.account.JsonAccountSerializer] by MODEL style
18:59:25.005 [main] DEBUG net.sf.serfj.finders.ResourceFinder - Class net.sf.serfj.test.account.JsonAccountSerializer doesn't exists in the Classpath
18:59:25.005 [main] DEBUG net.sf.serfj.finders.ResourceFinder - Searching a default resource for model [account]
18:59:25.005 [main] DEBUG net.sf.serfj.UrlInspector - *** URL information retrieved ***
18:59:25.005 [main] DEBUG net.sf.serfj.RestServlet - URL info UrlInfo{url='/banks/1/accounts/1/balance.json', requestMethod='GET', identifiers='{account_id=1, bank_id=1, id=1}', resource='account', extension='json', serializer='net.sf.serfj.serializers.JsonSerializer', controller='net.sf.serfj.test.account.controllers.Account', action='balance'}
18:59:25.005 [main] INFO  net.sf.serfj.config.SystemConfig - Reading config file: /config/serfj.properties
18:59:25.005 [main] INFO  net.sf.serfj.config.SystemConfig - Configuration loaded successfully
18:59:25.005 [main] DEBUG net.sf.serfj.config.SystemConfig - ---- Configuration - /config/serfj.properties
views.directory - src/test/webapp/WEB-INF/views
main.package - net.sf.serfj.test

18:59:25.005 [main] DEBUG net.sf.serfj.ServletHelper - Calculating invocation strategy
18:59:25.005 [main] DEBUG net.sf.serfj.ServletHelper - Strategy: SIGNATURE
18:59:25.005 [main] DEBUG net.sf.serfj.ServletHelper - Calling net.sf.serfj.test.account.controllers.Account.balance(ResponseHelper, Map<String,Object>)
18:59:25.006 [main] DEBUG net.sf.serfj.ResponseHelper - Serializing using net.sf.serfj.serializers.JsonSerializer
18:59:25.007 [main] DEBUG net.sf.serfj.ResponseHelper - Creating a new instance of net.sf.serfj.serializers.JsonSerializer
18:59:25.007 [main] DEBUG net.sf.serfj.ResponseHelper - Calling net.sf.serfj.serializers.JsonSerializer.serialize()
18:59:25.007 [main] DEBUG n.s.serfj.serializers.JsonSerializer - Serializing object to Json
18:59:25.127 [main] DEBUG n.s.serfj.serializers.JsonSerializer - Object serialized well
18:59:25.127 [main] DEBUG net.sf.serfj.ResponseHelper - Writing object in the response: {"string":"Balance object to serialize"}
18:59:25.127 [main] WARN  net.sf.serfj.config.SystemConfig - Property [encoding] not found
18:59:25.130 [main] DEBUG net.sf.serfj.RestServlet - url => /banks/1/accounts/2.base64
18:59:25.130 [main] DEBUG net.sf.serfj.RestServlet - HTTP_METHOD => GET
18:59:25.130 [main] DEBUG net.sf.serfj.RestServlet - queryString => 
18:59:25.130 [main] DEBUG net.sf.serfj.RestServlet - Context []
18:59:25.130 [main] DEBUG net.sf.serfj.UrlInspector - *** Retreiving information from the URL [/banks/1/accounts/2.base64] with method [GET] ***
18:59:25.130 [main] WARN  net.sf.serfj.config.SystemConfig - Property [alias.controllers.package] not found
18:59:25.130 [main] WARN  net.sf.serfj.config.SystemConfig - Property [suffix.controllers] not found
18:59:25.130 [main] WARN  net.sf.serfj.config.SystemConfig - Property [packages.style] not found
18:59:25.130 [main] DEBUG net.sf.serfj.finders.ResourceFinder - MainPackage [net.sf.serfj.test], Alias [controllers], Suffix [OFF], Style [null]
18:59:25.130 [main] DEBUG net.sf.serfj.finders.ResourceFinder - Searching resource [net.sf.serfj.test.controllers.] by FUNCTIONAL style without resource name
18:59:25.130 [main] DEBUG net.sf.serfj.finders.ResourceFinder - Class net.sf.serfj.test.controllers. doesn't exists in the Classpath
18:59:25.131 [main] DEBUG net.sf.serfj.finders.ResourceFinder - Searching resource [net.sf.serfj.test.controllers.Account] by FUNCTIONAL style
18:59:25.131 [main] DEBUG net.sf.serfj.finders.ResourceFinder - Class net.sf.serfj.test.controllers.Account doesn't exists in the Classpath
18:59:25.131 [main] DEBUG net.sf.serfj.finders.ResourceFinder - Searching resource [net.sf.serfj.test.account.controllers.Account] by FUNCTIONAL BY MODEL style
18:59:25.131 [main] DEBUG net.sf.serfj.UrlInspector - Controller class: net.sf.serfj.test.account.controllers.Account
18:59:25.131 [main] WARN  net.sf.serfj.config.SystemConfig - Property [alias.controllers.package] not found
18:59:25.131 [main] WARN  net.sf.serfj.config.SystemConfig - Property [suffix.controllers] not found
18:59:25.131 [main] WARN  net.sf.serfj.config.SystemConfig - Property [packages.style] not found
18:59:25.131 [main] DEBUG net.sf.serfj.finders.ResourceFinder - MainPackage [net.sf.serfj.test], Alias [controllers], Suffix [OFF], Style [null]
18:59:25.131 [main] DEBUG net.sf.serfj.finders.ResourceFinder - Searching resource [net.sf.serfj.test.controllers.] by FUNCTIONAL style without resource name
18:59:25.131 [main] DEBUG net.sf.serfj.finders.ResourceFinder - Class net.sf.serfj.test.controllers. doesn't exists in the Classpath
18:59:25.131 [main] DEBUG net.sf.serfj.finders.ResourceFinder - Searching resource [net.sf.serfj.test.controllers.Account] by FUNCTIONAL style
18:59:25.131 [main] DEBUG net.sf.serfj.finders.ResourceFinder - Class net.sf.serfj.test.controllers.Account doesn't exists in the Classpath
18:59:25.131 [main] DEBUG net.sf.serfj.finders.ResourceFinder - Searching resource [net.sf.serfj.test.account.controllers.Account] by FUNCTIONAL BY MODEL style
18:59:25.131 [main] DEBUG net.sf.serfj.UrlInspector - Controller class: net.sf.serfj.test.account.controllers.Account
18:59:25.131 [main] WARN  net.sf.serfj.config.SystemConfig - Property [alias.serializers.package] not found
18:59:25.131 [main] WARN  net.sf.serfj.config.SystemConfig - Property [suffix.serializer] not found
18:59:25.131 [main] WARN  net.sf.serfj.config.SystemConfig - Property [packages.style] not found
18:59:25.131 [main] DEBUG net.sf.serfj.finders.ResourceFinder - MainPackage [net.sf.serfj.test], Alias [serializers], Suffix [Serializer], Style [null]
18:59:25.131 [main] DEBUG net.sf.serfj.finders.ResourceFinder - Searching resource [net.sf.serfj.test.serializers.Base64Serializer] by FUNCTIONAL style without resource name
18:59:25.131 [main] DEBUG net.sf.serfj.finders.ResourceFinder - Class net.sf.serfj.test.serializers.Base64Serializer doesn't exists in the Classpath
18:59:25.131 [main] DEBUG net.sf.serfj.finders.ResourceFinder - Searching resource [net.sf.serfj.test.serializers.Base64AccountSerializer] by FUNCTIONAL style
18:59:25.131 [main] DEBUG net.sf.serfj.finders.ResourceFinder - Class net.sf.serfj.test.serializers.Base64AccountSerializer doesn't exists in the Classpath
18:59:25.132 [main] DEBUG net.sf.serfj.finders.ResourceFinder - Searching resource [net.sf.serfj.test.account.serializers.Base64AccountSerializer] by FUNCTIONAL BY MODEL style
18:59:25.132 [main] DEBUG net.sf.serfj.finders.ResourceFinder - Class net.sf.serfj.test.account.serializers.Base64AccountSerializer doesn't exists in the Classpath
18:59:25.132 [main] DEBUG net.sf.serfj.finders.ResourceFinder - Searching resource [net.sf.serfj.test.account.Base64AccountSerializer] by MODEL style
18:59:25.132 [main] DEBUG net.sf.serfj.finders.ResourceFinder - Class net.sf.serfj.test.account.Base64AccountSerializer doesn't exists in the Classpath
18:59:25.132 [main] DEBUG net.sf.serfj.finders.ResourceFinder - Searching a default resource for model [account]
18:59:25.132 [main] DEBUG net.sf.serfj.UrlInspector - *** URL information retrieved ***
18:59:25.132 [main] DEBUG net.sf.serfj.RestServlet - URL info UrlInfo{url='/banks/1/accounts/2.base64', requestMethod='GET', identifiers='{account_id=2, bank_id=1, id=2}', resource='account', extension='base64', serializer='net.sf.serfj.serializers.Base64Serializer', controller='net.sf.serfj.test.account.controllers.Account', action='show'}
18:59:25.132 [main] INFO  net.sf.serfj.config.SystemConfig - Reading config file: /config/serfj.properties
18:59:25.132 [main] INFO  net.sf.serfj.config.SystemConfig - Configuration loaded successfully
18:59:25.132 [main] DEBUG net.sf.serfj.config.SystemConfig - ---- Configuration - /config/serfj.properties
views.directory - src/test/webapp/WEB-INF/views
main.package - net.sf.serfj.test

18:59:25.132 [main] DEBUG net.sf.serfj.ServletHelper - Calculating invocation strategy
18:59:25.132 [main] DEBUG net.sf.serfj.ServletHelper - Strategy: SIGNATURE
18:59:25.132 [main] DEBUG net.sf.serfj.ServletHelper - Calling net.sf.serfj.test.account.controllers.Account.show(ResponseHelper, Map<String,Object>)
18:59:25.132 [main] DEBUG net.sf.serfj.ResponseHelper - Serializing using net.sf.serfj.serializers.Base64Serializer
18:59:25.133 [main] DEBUG net.sf.serfj.ResponseHelper - Creating a new instance of net.sf.serfj.serializers.Base64Serializer
18:59:25.133 [main] DEBUG net.sf.serfj.ResponseHelper - Calling net.sf.serfj.serializers.Base64Serializer.serialize()
18:59:25.139 [main] DEBUG net.sf.serfj.ResponseHelper - Writing object in the response: rO0ABXQAG0FjY291bnQgb2JqZWN0IHRvIHNlcmlhbGl6ZQ==
18:59:25.139 [main] WARN  net.sf.serfj.config.SystemConfig - Property [encoding] not found
18:59:25.142 [main] DEBUG net.sf.serfj.RestServlet - url => /banks/1/accounts/1/balance.base64
18:59:25.142 [main] DEBUG net.sf.serfj.RestServlet - HTTP_METHOD => GET
18:59:25.142 [main] DEBUG net.sf.serfj.RestServlet - queryString => 
18:59:25.142 [main] DEBUG net.sf.serfj.RestServlet - Context []
18:59:25.142 [main] DEBUG net.sf.serfj.UrlInspector - *** Retreiving information from the URL [/banks/1/accounts/1/balance.base64] with method [GET] ***
18:59:25.142 [main] WARN  net.sf.serfj.config.SystemConfig - Property [alias.controllers.package] not found
18:59:25.142 [main] WARN  net.sf.serfj.config.SystemConfig - Property [suffix.controllers] not found
18:59:25.142 [main] WARN  net.sf.serfj.config.SystemConfig - Property [packages.style] not found
18:59:25.142 [main] DEBUG net.sf.serfj.finders.ResourceFinder - MainPackage [net.sf.serfj.test], Alias [controllers], Suffix [OFF], Style [null]
18:59:25.142 [main] DEBUG net.sf.serfj.finders.ResourceFinder - Searching resource [net.sf.serfj.test.controllers.] by FUNCTIONAL style without resource name
18:59:25.143 [main] DEBUG net.sf.serfj.finders.ResourceFinder - Class net.sf.serfj.test.controllers. doesn't exists in the Classpath
18:59:25.143 [main] DEBUG net.sf.serfj.finders.ResourceFinder - Searching resource [net.sf.serfj.test.controllers.Balance] by FUNCTIONAL style
18:59:25.143 [main] DEBUG net.sf.serfj.finders.ResourceFinder - Class net.sf.serfj.test.controllers.Balance doesn't exists in the Classpath
18:59:25.143 [main] DEBUG net.sf.serfj.finders.ResourceFinder - Searching resource [net.sf.serfj.test.balance.controllers.Balance] by FUNCTIONAL BY MODEL style
18:59:25.143 [main] DEBUG net.sf.serfj.finders.ResourceFinder - Class net.sf.serfj.test.balance.controllers.Balance doesn't exists in the Classpath
18:59:25.143 [main] DEBUG net.sf.serfj.finders.ResourceFinder - Searching resource [net.sf.serfj.test.balance.Balance] by MODEL style
18:59:25.143 [main] DEBUG net.sf.serfj.finders.ResourceFinder - Class net.sf.serfj.test.balance.Balance doesn't exists in the Classpath
18:59:25.143 [main] DEBUG net.sf.serfj.finders.ResourceFinder - Searching a default resource for model [balance]
18:59:25.143 [main] DEBUG net.sf.serfj.UrlInspector - Controller class: null
18:59:25.143 [main] WARN  net.sf.serfj.config.SystemConfig - Property [alias.controllers.package] not found
18:59:25.143 [main] WARN  net.sf.serfj.config.SystemConfig - Property [suffix.controllers] not found
18:59:25.143 [main] WARN  net.sf.serfj.config.SystemConfig - Property [packages.style] not found
18:59:25.143 [main] DEBUG net.sf.serfj.finders.ResourceFinder - MainPackage [net.sf.serfj.test], Alias [controllers], Suffix [OFF], Style [null]
18:59:25.143 [main] DEBUG net.sf.serfj.finders.ResourceFinder - Searching resource [net.sf.serfj.test.controllers.] by FUNCTIONAL style without resource name
18:59:25.143 [main] DEBUG net.sf.serfj.finders.ResourceFinder - Class net.sf.serfj.test.controllers. doesn't exists in the Classpath
18:59:25.143 [main] DEBUG net.sf.serfj.finders.ResourceFinder - Searching resource [net.sf.serfj.test.controllers.Account] by FUNCTIONAL style
18:59:25.143 [main] DEBUG net.sf.serfj.finders.ResourceFinder - Class net.sf.serfj.test.controllers.Account doesn't exists in the Classpath
18:59:25.143 [main] DEBUG net.sf.serfj.finders.ResourceFinder - Searching resource [net.sf.serfj.test.account.controllers.Account] by FUNCTIONAL BY MODEL style
18:59:25.143 [main] DEBUG net.sf.serfj.UrlInspector - Controller class: net.sf.serfj.test.account.controllers.Account
18:59:25.143 [main] WARN  net.sf.serfj.config.SystemConfig - Property [alias.controllers.package] not found
18:59:25.143 [main] WARN  net.sf.serfj.config.SystemConfig - Property [suffix.controllers] not found
18:59:25.143 [main] WARN  net.sf.serfj.config.SystemConfig - Property [packages.style] not found
18:59:25.143 [main] DEBUG net.sf.serfj.finders.ResourceFinder - MainPackage [net.sf.serfj.test], Alias [controllers], Suffix [OFF], Style [null]
18:59:25.143 [main] DEBUG net.sf.serfj.finders.ResourceFinder - Searching resource [net.sf.serfj.test.controllers.] by FUNCTIONAL style without resource name
18:59:25.143 [main] DEBUG net.sf.serfj.finders.ResourceFinder - Class net.sf.serfj.test.controllers. doesn't exists in the Classpath
18:59:25.143 [main] DEBUG net.sf.serfj.finders.ResourceFinder - Searching resource [net.sf.serfj.test.controllers.Account] by FUNCTIONAL style
18:59:25.143 [main] DEBUG net.sf.serfj.finders.ResourceFinder - Class net.sf.serfj.test.controllers.Account doesn't exists in the Classpath
18:59:25.143 [main] DEBUG net.sf.serfj.finders.ResourceFinder - Searching resource [net.sf.serfj.test.account.controllers.Account] by FUNCTIONAL BY MODEL style
18:59:25.143 [main] DEBUG net.sf.serfj.UrlInspector - Controller class: net.sf.serfj.test.account.controllers.Account
18:59:25.143 [main] WARN  net.sf.serfj.config.SystemConfig - Property [alias.serializers.package] not found
18:59:25.143 [main] WARN  net.sf.serfj.config.SystemConfig - Property [suffix.serializer] not found
18:59:25.143 [main] WARN  net.sf.serfj.config.SystemConfig - Property [packages.style] not found
18:59:25.143 [main] DEBUG net.sf.serfj.finders.ResourceFinder - MainPackage [net.sf.serfj.test], Alias [serializers], Suffix [Serializer], Style [null]
18:59:25.143 [main] DEBUG net.sf.serfj.finders.ResourceFinder - Searching resource [net.sf.serfj.test.serializers.Base64Serializer] by FUNCTIONAL style without resource name
18:59:25.144 [main] DEBUG net.sf.serfj.finders.ResourceFinder - Class net.sf.serfj.test.serializers.Base64Serializer doesn't exists in the Classpath
18:59:25.144 [main] DEBUG net.sf.serfj.finders.ResourceFinder - Searching resource [net.sf.serfj.test.serializers.Base64AccountSerializer] by FUNCTIONAL style
18:59:25.144 [main] DEBUG net.sf.serfj.finders.ResourceFinder - Class net.sf.serfj.test.serializers.Base64AccountSerializer doesn't exists in the Classpath
18:59:25.144 [main] DEBUG net.sf.serfj.finders.ResourceFinder - Searching resource [net.sf.serfj.test.account.serializers.Base64AccountSerializer] by FUNCTIONAL BY MODEL style
18:59:25.144 [main] DEBUG net.sf.serfj.finders.ResourceFinder - Class net.sf.serfj.test.account.serializers.Base64AccountSerializer doesn't exists in the Classpath
18:59:25.144 [main] DEBUG net.sf.serfj.finders.ResourceFinder - Searching resource [net.sf.serfj.test.account.Base64AccountSerializer] by MODEL style
18:59:25.144 [main] DEBUG net.sf.serfj.finders.ResourceFinder - Class net.sf.serfj.test.account.Base64AccountSerializer doesn't exists in the Classpath
18:59:25.144 [main] DEBUG net.sf.serfj.finders.ResourceFinder - Searching a default resource for model [account]
18:59:25.144 [main] DEBUG net.sf.serfj.UrlInspector - *** URL information retrieved ***
18:59:25.144 [main] DEBUG net.sf.serfj.RestServlet - URL info UrlInfo{url='/banks/1/accounts/1/balance.base64', requestMethod='GET', identifiers='{account_id=1, bank_id=1, id=1}', resource='account', extension='base64', serializer='net.sf.serfj.serializers.Base64Serializer', controller='net.sf.serfj.test.account.controllers.Account', action='balance'}
18:59:25.144 [main] INFO  net.sf.serfj.config.SystemConfig - Reading config file: /config/serfj.properties
18:59:25.144 [main] INFO  net.sf.serfj.config.SystemConfig - Configuration loaded successfully
18:59:25.144 [main] DEBUG net.sf.serfj.config.SystemConfig - ---- Configuration - /config/serfj.properties
views.directory - src/test/webapp/WEB-INF/views
main.package - net.sf.serfj.test

18:59:25.144 [main] DEBUG net.sf.serfj.ServletHelper - Calculating invocation strategy
18:59:25.144 [main] DEBUG net.sf.serfj.ServletHelper - Strategy: SIGNATURE
18:59:25.144 [main] DEBUG net.sf.serfj.ServletHelper - Calling net.sf.serfj.test.account.controllers.Account.balance(ResponseHelper, Map<String,Object>)
18:59:25.144 [main] DEBUG net.sf.serfj.ResponseHelper - Serializing using net.sf.serfj.serializers.Base64Serializer
18:59:25.144 [main] DEBUG net.sf.serfj.ResponseHelper - Creating a new instance of net.sf.serfj.serializers.Base64Serializer
18:59:25.144 [main] DEBUG net.sf.serfj.ResponseHelper - Calling net.sf.serfj.serializers.Base64Serializer.serialize()
18:59:25.144 [main] DEBUG net.sf.serfj.ResponseHelper - Writing object in the response: rO0ABXQAG0JhbGFuY2Ugb2JqZWN0IHRvIHNlcmlhbGl6ZQ==
18:59:25.144 [main] WARN  net.sf.serfj.config.SystemConfig - Property [encoding] not found
Tests run: 1, Failures: 0, Errors: 0, Skipped: 0, Time elapsed: 0.299 sec - in net.sf.serfj.RestServletTest
Running net.sf.serfj.UrlUtilsTest
Tests run: 2, Failures: 0, Errors: 0, Skipped: 0, Time elapsed: 0 sec - in net.sf.serfj.UrlUtilsTest

Results :

Tests run: 9, Failures: 0, Errors: 0, Skipped: 0

[INFO] 
[INFO] --- jacoco-maven-plugin:0.8.5:report (report) @ serfj ---
[INFO] Loading execution data file /tmp/tmpjus4ju22/serfj/target/jacoco.exec
[INFO] Analyzed bundle 'SerfJ' with 76 classes
[INFO] ------------------------------------------------------------------------
[INFO] BUILD SUCCESS
[INFO] ------------------------------------------------------------------------
[INFO] Total time:  6.492 s
[INFO] Finished at: 2020-07-30T18:59:25Z
[INFO] ------------------------------------------------------------------------
