[INFO] Error stacktraces are turned on.
[INFO] Scanning for projects...
[INFO] 
[INFO] ------------------< commons-dbutils:commons-dbutils >-------------------
[INFO] Building Apache Commons DbUtils 1.7
[INFO] --------------------------------[ jar ]---------------------------------
[INFO] 
[INFO] --- maven-enforcer-plugin:1.4.1:enforce (enforce-maven-3) @ commons-dbutils ---
[INFO] 
[INFO] --- build-helper-maven-plugin:1.10:parse-version (parse-version) @ commons-dbutils ---
[INFO] 
[INFO] --- maven-antrun-plugin:1.8:run (javadoc.resources) @ commons-dbutils ---
[INFO] Executing tasks

main:
     [copy] Copying 2 files to /tmp/tmpyziqu0_3/commons-dbutils/target/apidocs/META-INF
[INFO] Executed tasks
[INFO] 
[INFO] --- maven-remote-resources-plugin:1.5:process (process-resource-bundles) @ commons-dbutils ---
[INFO] 
[INFO] --- buildnumber-maven-plugin:1.4:create (default) @ commons-dbutils ---
[INFO] Executing: /bin/sh -c cd '/tmp/tmpyziqu0_3/commons-dbutils' && 'git' 'rev-parse' '--verify' 'HEAD'
[INFO] Working directory: /tmp/tmpyziqu0_3/commons-dbutils
[INFO] Storing buildNumber: df888ad71fdc0cebbed9c47ec496511223fc0df6 at timestamp: 1596447909903
[WARNING] Cannot get the branch information from the git repository: 
Detecting the current branch failed: fatal: ref HEAD is not a symbolic ref

[INFO] Executing: /bin/sh -c cd '/tmp/tmpyziqu0_3/commons-dbutils' && 'git' 'rev-parse' '--verify' 'HEAD'
[INFO] Working directory: /tmp/tmpyziqu0_3/commons-dbutils
[INFO] Storing buildScmBranch: UNKNOWN
[INFO] 
[INFO] --- maven-resources-plugin:2.7:resources (default-resources) @ commons-dbutils ---
[INFO] Using 'iso-8859-1' encoding to copy filtered resources.
[INFO] Copying 2 resources
[INFO] Copying 2 resources to META-INF
[INFO] 
[INFO] --- maven-compiler-plugin:3.6.0:compile (default-compile) @ commons-dbutils ---
[INFO] Changes detected - recompiling the module!
[INFO] Compiling 46 source files to /tmp/tmpyziqu0_3/commons-dbutils/target/classes
[INFO] /tmp/tmpyziqu0_3/commons-dbutils/src/main/java/org/apache/commons/dbutils/handlers/properties/StringEnumPropertyHandler.java: /tmp/tmpyziqu0_3/commons-dbutils/src/main/java/org/apache/commons/dbutils/handlers/properties/StringEnumPropertyHandler.java uses unchecked or unsafe operations.
[INFO] /tmp/tmpyziqu0_3/commons-dbutils/src/main/java/org/apache/commons/dbutils/handlers/properties/StringEnumPropertyHandler.java: Recompile with -Xlint:unchecked for details.
[INFO] 
[INFO] --- maven-bundle-plugin:3.0.1:manifest (bundle-manifest) @ commons-dbutils ---
[INFO] 
[INFO] --- animal-sniffer-maven-plugin:1.15:check (checkAPIcompatibility) @ commons-dbutils ---
[INFO] Signature checking is skipped.
[INFO] 
[INFO] --- maven-resources-plugin:2.7:testResources (default-testResources) @ commons-dbutils ---
[INFO] Using 'iso-8859-1' encoding to copy filtered resources.
[INFO] Copying 3 resources
[INFO] Copying 2 resources to META-INF
[INFO] 
[INFO] --- maven-compiler-plugin:3.6.0:testCompile (default-testCompile) @ commons-dbutils ---
[INFO] Changes detected - recompiling the module!
[INFO] Compiling 46 source files to /tmp/tmpyziqu0_3/commons-dbutils/target/test-classes
[INFO] /tmp/tmpyziqu0_3/commons-dbutils/src/test/java/org/apache/commons/dbutils/QueryRunnerTest.java: /tmp/tmpyziqu0_3/commons-dbutils/src/test/java/org/apache/commons/dbutils/QueryRunnerTest.java uses unchecked or unsafe operations.
[INFO] /tmp/tmpyziqu0_3/commons-dbutils/src/test/java/org/apache/commons/dbutils/QueryRunnerTest.java: Recompile with -Xlint:unchecked for details.
[INFO] 
[INFO] --- maven-surefire-plugin:2.19.1:test (default-test) @ commons-dbutils ---
[INFO] Surefire report directory: /tmp/tmpyziqu0_3/commons-dbutils/target/surefire-reports

-------------------------------------------------------
 T E S T S
-------------------------------------------------------
Running org.apache.commons.dbutils.OutParameterTest
Tests run: 3, Failures: 0, Errors: 0, Skipped: 0, Time elapsed: 0.16 sec - in org.apache.commons.dbutils.OutParameterTest
Running org.apache.commons.dbutils.QueryRunnerTest
Tests run: 57, Failures: 0, Errors: 0, Skipped: 0, Time elapsed: 0.15 sec - in org.apache.commons.dbutils.QueryRunnerTest
Running org.apache.commons.dbutils.wrappers.SqlNullCheckedResultSetTest
Tests run: 43, Failures: 0, Errors: 0, Skipped: 0, Time elapsed: 0.067 sec - in org.apache.commons.dbutils.wrappers.SqlNullCheckedResultSetTest
Running org.apache.commons.dbutils.wrappers.StringTrimmedResultSetTest
Tests run: 5, Failures: 0, Errors: 0, Skipped: 0, Time elapsed: 0.001 sec - in org.apache.commons.dbutils.wrappers.StringTrimmedResultSetTest
Running org.apache.commons.dbutils.ServiceLoaderTest
Tests run: 4, Failures: 0, Errors: 0, Skipped: 0, Time elapsed: 0 sec - in org.apache.commons.dbutils.ServiceLoaderTest
Running org.apache.commons.dbutils.BaseResultSetHandlerTest
Tests run: 2, Failures: 0, Errors: 0, Skipped: 0, Time elapsed: 0.001 sec - in org.apache.commons.dbutils.BaseResultSetHandlerTest
Running org.apache.commons.dbutils.StatementConfigurationTest
Tests run: 3, Failures: 0, Errors: 0, Skipped: 0, Time elapsed: 0 sec - in org.apache.commons.dbutils.StatementConfigurationTest
Running org.apache.commons.dbutils.ResultSetIteratorTest
Tests run: 5, Failures: 0, Errors: 0, Skipped: 0, Time elapsed: 0 sec - in org.apache.commons.dbutils.ResultSetIteratorTest
Running org.apache.commons.dbutils.DbUtilsTest
Tests run: 33, Failures: 0, Errors: 0, Skipped: 0, Time elapsed: 0.011 sec - in org.apache.commons.dbutils.DbUtilsTest
Running org.apache.commons.dbutils.ProxyFactoryTest
Tests run: 9, Failures: 0, Errors: 0, Skipped: 0, Time elapsed: 0.106 sec - in org.apache.commons.dbutils.ProxyFactoryTest
Running org.apache.commons.dbutils.BasicRowProcessorTest
Tests run: 7, Failures: 0, Errors: 0, Skipped: 0, Time elapsed: 0.016 sec - in org.apache.commons.dbutils.BasicRowProcessorTest
Running org.apache.commons.dbutils.QueryLoaderTest
Tests run: 4, Failures: 0, Errors: 0, Skipped: 0, Time elapsed: 0.001 sec - in org.apache.commons.dbutils.QueryLoaderTest
Running org.apache.commons.dbutils.handlers.KeyedHandlerTest
Tests run: 6, Failures: 0, Errors: 0, Skipped: 0, Time elapsed: 0 sec - in org.apache.commons.dbutils.handlers.KeyedHandlerTest
Running org.apache.commons.dbutils.handlers.columns.BooleanColumnHandlerTest
Tests run: 3, Failures: 0, Errors: 0, Skipped: 0, Time elapsed: 0.002 sec - in org.apache.commons.dbutils.handlers.columns.BooleanColumnHandlerTest
Running org.apache.commons.dbutils.handlers.columns.FloatColumnHandlerTest
Tests run: 3, Failures: 0, Errors: 0, Skipped: 0, Time elapsed: 0 sec - in org.apache.commons.dbutils.handlers.columns.FloatColumnHandlerTest
Running org.apache.commons.dbutils.handlers.columns.IntegerColumnHandlerTest
Tests run: 3, Failures: 0, Errors: 0, Skipped: 0, Time elapsed: 0 sec - in org.apache.commons.dbutils.handlers.columns.IntegerColumnHandlerTest
Running org.apache.commons.dbutils.handlers.columns.ShortColumnHandlerTest
Tests run: 3, Failures: 0, Errors: 0, Skipped: 0, Time elapsed: 0.001 sec - in org.apache.commons.dbutils.handlers.columns.ShortColumnHandlerTest
Running org.apache.commons.dbutils.handlers.columns.TimestampColumnHandlerTest
Tests run: 3, Failures: 0, Errors: 0, Skipped: 0, Time elapsed: 0 sec - in org.apache.commons.dbutils.handlers.columns.TimestampColumnHandlerTest
Running org.apache.commons.dbutils.handlers.columns.SQLXMLColumnHandlerTest
Tests run: 3, Failures: 0, Errors: 0, Skipped: 0, Time elapsed: 0.002 sec - in org.apache.commons.dbutils.handlers.columns.SQLXMLColumnHandlerTest
Running org.apache.commons.dbutils.handlers.columns.StringColumnHandlerTest
Tests run: 3, Failures: 0, Errors: 0, Skipped: 0, Time elapsed: 0 sec - in org.apache.commons.dbutils.handlers.columns.StringColumnHandlerTest
Running org.apache.commons.dbutils.handlers.columns.DoubleColumnHandlerTest
Tests run: 3, Failures: 0, Errors: 0, Skipped: 0, Time elapsed: 0 sec - in org.apache.commons.dbutils.handlers.columns.DoubleColumnHandlerTest
Running org.apache.commons.dbutils.handlers.columns.LongColumnHandlerTest
Tests run: 3, Failures: 0, Errors: 0, Skipped: 0, Time elapsed: 0.031 sec - in org.apache.commons.dbutils.handlers.columns.LongColumnHandlerTest
Running org.apache.commons.dbutils.handlers.columns.ByteColumnHandlerTest
Tests run: 3, Failures: 0, Errors: 0, Skipped: 0, Time elapsed: 0 sec - in org.apache.commons.dbutils.handlers.columns.ByteColumnHandlerTest
Running org.apache.commons.dbutils.handlers.properties.DatePropertyHandlerTest
Tests run: 5, Failures: 0, Errors: 0, Skipped: 0, Time elapsed: 0 sec - in org.apache.commons.dbutils.handlers.properties.DatePropertyHandlerTest
Running org.apache.commons.dbutils.handlers.properties.StringEnumPropertyHandlerTest
Tests run: 2, Failures: 0, Errors: 0, Skipped: 0, Time elapsed: 0 sec - in org.apache.commons.dbutils.handlers.properties.StringEnumPropertyHandlerTest
Running org.apache.commons.dbutils.handlers.properties.PropertyHandlerTest
Tests run: 2, Failures: 0, Errors: 0, Skipped: 0, Time elapsed: 0 sec - in org.apache.commons.dbutils.handlers.properties.PropertyHandlerTest
Running org.apache.commons.dbutils.handlers.BeanMapHandlerTest
Tests run: 5, Failures: 0, Errors: 0, Skipped: 0, Time elapsed: 0.01 sec - in org.apache.commons.dbutils.handlers.BeanMapHandlerTest
Running org.apache.commons.dbutils.handlers.ScalarHandlerTest
Tests run: 6, Failures: 0, Errors: 0, Skipped: 0, Time elapsed: 0.001 sec - in org.apache.commons.dbutils.handlers.ScalarHandlerTest
Running org.apache.commons.dbutils.handlers.ArrayHandlerTest
Tests run: 4, Failures: 0, Errors: 0, Skipped: 0, Time elapsed: 0.006 sec - in org.apache.commons.dbutils.handlers.ArrayHandlerTest
Running org.apache.commons.dbutils.handlers.ColumnListHandlerTest
Tests run: 6, Failures: 0, Errors: 0, Skipped: 0, Time elapsed: 0.001 sec - in org.apache.commons.dbutils.handlers.ColumnListHandlerTest
Running org.apache.commons.dbutils.handlers.ArrayListHandlerTest
Tests run: 4, Failures: 0, Errors: 0, Skipped: 0, Time elapsed: 0.001 sec - in org.apache.commons.dbutils.handlers.ArrayListHandlerTest
Running org.apache.commons.dbutils.handlers.MapHandlerTest
Tests run: 4, Failures: 0, Errors: 0, Skipped: 0, Time elapsed: 0.001 sec - in org.apache.commons.dbutils.handlers.MapHandlerTest
Running org.apache.commons.dbutils.handlers.BeanHandlerTest
Tests run: 6, Failures: 0, Errors: 0, Skipped: 0, Time elapsed: 0.002 sec - in org.apache.commons.dbutils.handlers.BeanHandlerTest
Running org.apache.commons.dbutils.handlers.MapListHandlerTest
Tests run: 4, Failures: 0, Errors: 0, Skipped: 0, Time elapsed: 0.001 sec - in org.apache.commons.dbutils.handlers.MapListHandlerTest
Running org.apache.commons.dbutils.handlers.BeanListHandlerTest
Tests run: 6, Failures: 0, Errors: 0, Skipped: 0, Time elapsed: 0.003 sec - in org.apache.commons.dbutils.handlers.BeanListHandlerTest
Running org.apache.commons.dbutils.BeanProcessorTest
Tests run: 6, Failures: 0, Errors: 0, Skipped: 0, Time elapsed: 0.003 sec - in org.apache.commons.dbutils.BeanProcessorTest
Running org.apache.commons.dbutils.GenerousBeanProcessorTest
Tests run: 4, Failures: 0, Errors: 0, Skipped: 0, Time elapsed: 0.004 sec - in org.apache.commons.dbutils.GenerousBeanProcessorTest
Running org.apache.commons.dbutils.AsyncQueryRunnerTest
############ Logging method invocation #1 on mock/spy ########
queryRunner.insert(
    "1",
    org.apache.commons.dbutils.handlers.ArrayHandler@2fb49504
);
   invoked: -> at org.apache.commons.dbutils.AsyncQueryRunner$13.call(AsyncQueryRunner.java:567)
   has returned: "null"

############ Logging method invocation #2 on mock/spy ########
queryRunner.insert(
    "2",
    org.apache.commons.dbutils.handlers.ArrayHandler@2fb49504,
    "param1"
);
   invoked: -> at org.apache.commons.dbutils.AsyncQueryRunner$14.call(AsyncQueryRunner.java:585)
   has returned: "null"

############ Logging method invocation #3 on mock/spy ########
queryRunner.insert(
    conn,
    "3",
    org.apache.commons.dbutils.handlers.ArrayHandler@2fb49504
);
   invoked: -> at org.apache.commons.dbutils.AsyncQueryRunner$15.call(AsyncQueryRunner.java:602)
   has returned: "null"

############ Logging method invocation #4 on mock/spy ########
queryRunner.insert(
    conn,
    "4",
    org.apache.commons.dbutils.handlers.ArrayHandler@2fb49504,
    "param1"
);
   invoked: -> at org.apache.commons.dbutils.AsyncQueryRunner$16.call(AsyncQueryRunner.java:619)
   has returned: "null"

############ Logging method invocation #5 on mock/spy ########
queryRunner.insert(
    "1",
    org.apache.commons.dbutils.handlers.ArrayHandler@2fb49504
);
   invoked: -> at org.apache.commons.dbutils.AsyncQueryRunnerTest.testInsertUsesGivenQueryRunner(AsyncQueryRunnerTest.java:460)
   has returned: "null"

############ Logging method invocation #6 on mock/spy ########
queryRunner.insert(
    "2",
    org.apache.commons.dbutils.handlers.ArrayHandler@2fb49504,
    "param1"
);
   invoked: -> at org.apache.commons.dbutils.AsyncQueryRunnerTest.testInsertUsesGivenQueryRunner(AsyncQueryRunnerTest.java:461)
   has returned: "null"

############ Logging method invocation #7 on mock/spy ########
queryRunner.insert(
    conn,
    "3",
    org.apache.commons.dbutils.handlers.ArrayHandler@2fb49504
);
   invoked: -> at org.apache.commons.dbutils.AsyncQueryRunnerTest.testInsertUsesGivenQueryRunner(AsyncQueryRunnerTest.java:462)
   has returned: "null"

############ Logging method invocation #8 on mock/spy ########
queryRunner.insert(
    conn,
    "4",
    org.apache.commons.dbutils.handlers.ArrayHandler@2fb49504,
    "param1"
);
   invoked: -> at org.apache.commons.dbutils.AsyncQueryRunnerTest.testInsertUsesGivenQueryRunner(AsyncQueryRunnerTest.java:463)
   has returned: "null"

Tests run: 32, Failures: 0, Errors: 0, Skipped: 0, Time elapsed: 0.174 sec - in org.apache.commons.dbutils.AsyncQueryRunnerTest

Results :

Tests run: 307, Failures: 0, Errors: 0, Skipped: 0

[INFO] 
[INFO] --- maven-jar-plugin:3.0.0:jar (default-jar) @ commons-dbutils ---
[INFO] Building jar: /tmp/tmpyziqu0_3/commons-dbutils/target/commons-dbutils-1.7.jar
[INFO] 
[INFO] --- maven-site-plugin:3.6:attach-descriptor (attach-descriptor) @ commons-dbutils ---
[INFO] Skipping because packaging 'jar' is not pom.
[INFO] 
[INFO] --- maven-assembly-plugin:3.2.0:single (default) @ commons-dbutils ---
[INFO] Reading assembly descriptor: src/assembly/src.xml
[INFO] ------------------------------------------------------------------------
[INFO] BUILD FAILURE
[INFO] ------------------------------------------------------------------------
[INFO] Total time:  31.969 s
[INFO] Finished at: 2020-08-03T09:45:25Z
[INFO] ------------------------------------------------------------------------
[ERROR] Failed to execute goal org.apache.maven.plugins:maven-assembly-plugin:3.2.0:single (default) on project commons-dbutils: Error reading assemblies: Error locating assembly descriptor: src/assembly/src.xml
[ERROR] 
[ERROR] [1] [INFO] Searching for file location: /tmp/tmpyziqu0_3/commons-dbutils/src/assembly/src.xml
[ERROR] 
[ERROR] [2] [INFO] File: /tmp/tmpyziqu0_3/commons-dbutils/src/assembly/src.xml does not exist.
[ERROR] 
[ERROR] [3] [INFO] File: /tmp/tmpyziqu0_3/commons-dbutils/src/assembly/src.xml does not exist.
[ERROR] -> [Help 1]
org.apache.maven.lifecycle.LifecycleExecutionException: Failed to execute goal org.apache.maven.plugins:maven-assembly-plugin:3.2.0:single (default) on project commons-dbutils: Error reading assemblies: Error locating assembly descriptor: src/assembly/src.xml

[1] [INFO] Searching for file location: /tmp/tmpyziqu0_3/commons-dbutils/src/assembly/src.xml

[2] [INFO] File: /tmp/tmpyziqu0_3/commons-dbutils/src/assembly/src.xml does not exist.

[3] [INFO] File: /tmp/tmpyziqu0_3/commons-dbutils/src/assembly/src.xml does not exist.
    at org.apache.maven.lifecycle.internal.MojoExecutor.execute (MojoExecutor.java:215)
    at org.apache.maven.lifecycle.internal.MojoExecutor.execute (MojoExecutor.java:156)
    at org.apache.maven.lifecycle.internal.MojoExecutor.execute (MojoExecutor.java:148)
    at org.apache.maven.lifecycle.internal.LifecycleModuleBuilder.buildProject (LifecycleModuleBuilder.java:117)
    at org.apache.maven.lifecycle.internal.LifecycleModuleBuilder.buildProject (LifecycleModuleBuilder.java:81)
    at org.apache.maven.lifecycle.internal.builder.singlethreaded.SingleThreadedBuilder.build (SingleThreadedBuilder.java:56)
    at org.apache.maven.lifecycle.internal.LifecycleStarter.execute (LifecycleStarter.java:128)
    at org.apache.maven.DefaultMaven.doExecute (DefaultMaven.java:305)
    at org.apache.maven.DefaultMaven.doExecute (DefaultMaven.java:192)
    at org.apache.maven.DefaultMaven.execute (DefaultMaven.java:105)
    at org.apache.maven.cli.MavenCli.execute (MavenCli.java:957)
    at org.apache.maven.cli.MavenCli.doMain (MavenCli.java:289)
    at org.apache.maven.cli.MavenCli.main (MavenCli.java:193)
    at sun.reflect.NativeMethodAccessorImpl.invoke0 (Native Method)
    at sun.reflect.NativeMethodAccessorImpl.invoke (NativeMethodAccessorImpl.java:62)
    at sun.reflect.DelegatingMethodAccessorImpl.invoke (DelegatingMethodAccessorImpl.java:43)
    at java.lang.reflect.Method.invoke (Method.java:498)
    at org.codehaus.plexus.classworlds.launcher.Launcher.launchEnhanced (Launcher.java:282)
    at org.codehaus.plexus.classworlds.launcher.Launcher.launch (Launcher.java:225)
    at org.codehaus.plexus.classworlds.launcher.Launcher.mainWithExitCode (Launcher.java:406)
    at org.codehaus.plexus.classworlds.launcher.Launcher.main (Launcher.java:347)
Caused by: org.apache.maven.plugin.MojoExecutionException: Error reading assemblies: Error locating assembly descriptor: src/assembly/src.xml

[1] [INFO] Searching for file location: /tmp/tmpyziqu0_3/commons-dbutils/src/assembly/src.xml

[2] [INFO] File: /tmp/tmpyziqu0_3/commons-dbutils/src/assembly/src.xml does not exist.

[3] [INFO] File: /tmp/tmpyziqu0_3/commons-dbutils/src/assembly/src.xml does not exist.
    at org.apache.maven.plugins.assembly.mojos.AbstractAssemblyMojo.execute (AbstractAssemblyMojo.java:454)
    at org.apache.maven.plugins.assembly.mojos.SingleAssemblyMojo.execute (SingleAssemblyMojo.java:61)
    at org.apache.maven.plugin.DefaultBuildPluginManager.executeMojo (DefaultBuildPluginManager.java:137)
    at org.apache.maven.lifecycle.internal.MojoExecutor.execute (MojoExecutor.java:210)
    at org.apache.maven.lifecycle.internal.MojoExecutor.execute (MojoExecutor.java:156)
    at org.apache.maven.lifecycle.internal.MojoExecutor.execute (MojoExecutor.java:148)
    at org.apache.maven.lifecycle.internal.LifecycleModuleBuilder.buildProject (LifecycleModuleBuilder.java:117)
    at org.apache.maven.lifecycle.internal.LifecycleModuleBuilder.buildProject (LifecycleModuleBuilder.java:81)
    at org.apache.maven.lifecycle.internal.builder.singlethreaded.SingleThreadedBuilder.build (SingleThreadedBuilder.java:56)
    at org.apache.maven.lifecycle.internal.LifecycleStarter.execute (LifecycleStarter.java:128)
    at org.apache.maven.DefaultMaven.doExecute (DefaultMaven.java:305)
    at org.apache.maven.DefaultMaven.doExecute (DefaultMaven.java:192)
    at org.apache.maven.DefaultMaven.execute (DefaultMaven.java:105)
    at org.apache.maven.cli.MavenCli.execute (MavenCli.java:957)
    at org.apache.maven.cli.MavenCli.doMain (MavenCli.java:289)
    at org.apache.maven.cli.MavenCli.main (MavenCli.java:193)
    at sun.reflect.NativeMethodAccessorImpl.invoke0 (Native Method)
    at sun.reflect.NativeMethodAccessorImpl.invoke (NativeMethodAccessorImpl.java:62)
    at sun.reflect.DelegatingMethodAccessorImpl.invoke (DelegatingMethodAccessorImpl.java:43)
    at java.lang.reflect.Method.invoke (Method.java:498)
    at org.codehaus.plexus.classworlds.launcher.Launcher.launchEnhanced (Launcher.java:282)
    at org.codehaus.plexus.classworlds.launcher.Launcher.launch (Launcher.java:225)
    at org.codehaus.plexus.classworlds.launcher.Launcher.mainWithExitCode (Launcher.java:406)
    at org.codehaus.plexus.classworlds.launcher.Launcher.main (Launcher.java:347)
Caused by: org.apache.maven.plugins.assembly.io.AssemblyReadException: Error locating assembly descriptor: src/assembly/src.xml

[1] [INFO] Searching for file location: /tmp/tmpyziqu0_3/commons-dbutils/src/assembly/src.xml

[2] [INFO] File: /tmp/tmpyziqu0_3/commons-dbutils/src/assembly/src.xml does not exist.

[3] [INFO] File: /tmp/tmpyziqu0_3/commons-dbutils/src/assembly/src.xml does not exist.
    at org.apache.maven.plugins.assembly.io.DefaultAssemblyReader.addAssemblyFromDescriptor (DefaultAssemblyReader.java:294)
    at org.apache.maven.plugins.assembly.io.DefaultAssemblyReader.readAssemblies (DefaultAssemblyReader.java:116)
    at org.apache.maven.plugins.assembly.mojos.AbstractAssemblyMojo.execute (AbstractAssemblyMojo.java:450)
    at org.apache.maven.plugins.assembly.mojos.SingleAssemblyMojo.execute (SingleAssemblyMojo.java:61)
    at org.apache.maven.plugin.DefaultBuildPluginManager.executeMojo (DefaultBuildPluginManager.java:137)
    at org.apache.maven.lifecycle.internal.MojoExecutor.execute (MojoExecutor.java:210)
    at org.apache.maven.lifecycle.internal.MojoExecutor.execute (MojoExecutor.java:156)
    at org.apache.maven.lifecycle.internal.MojoExecutor.execute (MojoExecutor.java:148)
    at org.apache.maven.lifecycle.internal.LifecycleModuleBuilder.buildProject (LifecycleModuleBuilder.java:117)
    at org.apache.maven.lifecycle.internal.LifecycleModuleBuilder.buildProject (LifecycleModuleBuilder.java:81)
    at org.apache.maven.lifecycle.internal.builder.singlethreaded.SingleThreadedBuilder.build (SingleThreadedBuilder.java:56)
    at org.apache.maven.lifecycle.internal.LifecycleStarter.execute (LifecycleStarter.java:128)
    at org.apache.maven.DefaultMaven.doExecute (DefaultMaven.java:305)
    at org.apache.maven.DefaultMaven.doExecute (DefaultMaven.java:192)
    at org.apache.maven.DefaultMaven.execute (DefaultMaven.java:105)
    at org.apache.maven.cli.MavenCli.execute (MavenCli.java:957)
    at org.apache.maven.cli.MavenCli.doMain (MavenCli.java:289)
    at org.apache.maven.cli.MavenCli.main (MavenCli.java:193)
    at sun.reflect.NativeMethodAccessorImpl.invoke0 (Native Method)
    at sun.reflect.NativeMethodAccessorImpl.invoke (NativeMethodAccessorImpl.java:62)
    at sun.reflect.DelegatingMethodAccessorImpl.invoke (DelegatingMethodAccessorImpl.java:43)
    at java.lang.reflect.Method.invoke (Method.java:498)
    at org.codehaus.plexus.classworlds.launcher.Launcher.launchEnhanced (Launcher.java:282)
    at org.codehaus.plexus.classworlds.launcher.Launcher.launch (Launcher.java:225)
    at org.codehaus.plexus.classworlds.launcher.Launcher.mainWithExitCode (Launcher.java:406)
    at org.codehaus.plexus.classworlds.launcher.Launcher.main (Launcher.java:347)
[ERROR] 
[ERROR] Re-run Maven using the -X switch to enable full debug logging.
[ERROR] 
[ERROR] For more information about the errors and possible solutions, please read the following articles:
[ERROR] [Help 1] http://cwiki.apache.org/confluence/display/MAVEN/MojoExecutionException
[INFO] Build failures were ignored.
