[INFO] Error stacktraces are turned on.
[INFO] Scanning for projects...
[WARNING] 
[WARNING] Some problems were encountered while building the effective model for org.joda:joda-convert:jar:1.8.1
[WARNING] 'build.plugins.plugin.(groupId:artifactId)' must be unique but found duplicate declaration of plugin org.apache.maven.plugins:maven-assembly-plugin @ line 239, column 15
[WARNING] 
[WARNING] It is highly recommended to fix these problems because they threaten the stability of your build.
[WARNING] 
[WARNING] For this reason, future Maven versions might no longer support building such malformed projects.
[WARNING] 
[WARNING] The project org.joda:joda-convert:jar:1.8.1 uses prerequisites which is only intended for maven-plugin projects but not for non maven-plugin projects. For such purposes you should use the maven-enforcer-plugin. See https://maven.apache.org/enforcer/enforcer-rules/requireMavenVersion.html
[INFO] 
[INFO] -----------------------< org.joda:joda-convert >------------------------
[INFO] Building Joda-Convert 1.8.1
[INFO] --------------------------------[ jar ]---------------------------------
[INFO] 
[INFO] --- maven-checkstyle-plugin:2.11:checkstyle (run-checkstyle) @ joda-convert ---
[INFO] 
[WARNING] Unable to locate Source XRef to link to - DISABLED
[INFO] 
[INFO] --- maven-resources-plugin:2.7:resources (default-resources) @ joda-convert ---
[INFO] Using 'UTF-8' encoding to copy filtered resources.
[INFO] skip non existing resourceDirectory /tmp/tmpjldnhwq0/joda-convert/src/main/resources
[INFO] Copying 2 resources to META-INF
[INFO] 
[INFO] --- maven-compiler-plugin:3.3:compile (default-compile) @ joda-convert ---
[INFO] Changes detected - recompiling the module!
[INFO] Compiling 26 source files to /tmp/tmpjldnhwq0/joda-convert/target/classes
[INFO] 
[INFO] --- maven-bundle-plugin:2.4.0:manifest (bundle-manifest) @ joda-convert ---
[INFO] 
[INFO] --- maven-resources-plugin:2.7:testResources (default-testResources) @ joda-convert ---
[INFO] Using 'UTF-8' encoding to copy filtered resources.
[INFO] skip non existing resourceDirectory /tmp/tmpjldnhwq0/joda-convert/src/test/resources
[INFO] 
[INFO] --- maven-compiler-plugin:3.3:testCompile (default-testCompile) @ joda-convert ---
[INFO] Changes detected - recompiling the module!
[INFO] Compiling 54 source files to /tmp/tmpjldnhwq0/joda-convert/target/test-classes
[INFO] 
[INFO] --- maven-surefire-plugin:2.18.1:test (default-test) @ joda-convert ---
[INFO] Surefire report directory: /tmp/tmpjldnhwq0/joda-convert/target/surefire-reports

-------------------------------------------------------
 T E S T S
-------------------------------------------------------
Running org.joda.convert.TestNumericArrayStringConverterFactory
Tests run: 5, Failures: 0, Errors: 0, Skipped: 0, Time elapsed: 0.25 sec - in org.joda.convert.TestNumericArrayStringConverterFactory
Running org.joda.convert.TestBooleanObjectArrayStringConverterFactory
Tests run: 1, Failures: 0, Errors: 0, Skipped: 0, Time elapsed: 0 sec - in org.joda.convert.TestBooleanObjectArrayStringConverterFactory
Running org.joda.convert.TestGuavaTypeTokenStringConverter
Tests run: 17, Failures: 0, Errors: 0, Skipped: 0, Time elapsed: 0.035 sec - in org.joda.convert.TestGuavaTypeTokenStringConverter
Running org.joda.convert.TestNumericObjectArrayStringConverterFactory
Tests run: 5, Failures: 0, Errors: 0, Skipped: 0, Time elapsed: 0.159 sec - in org.joda.convert.TestNumericObjectArrayStringConverterFactory
Running org.joda.convert.TestJDKStringConverters
Tests run: 49, Failures: 0, Errors: 0, Skipped: 0, Time elapsed: 0.259 sec - in org.joda.convert.TestJDKStringConverters
Running org.joda.convert.TestCharObjectArrayStringConverterFactory
Tests run: 1, Failures: 0, Errors: 0, Skipped: 0, Time elapsed: 0.013 sec - in org.joda.convert.TestCharObjectArrayStringConverterFactory
Running org.joda.convert.TestBooleanArrayStringConverterFactory
Tests run: 1, Failures: 0, Errors: 0, Skipped: 0, Time elapsed: 0.007 sec - in org.joda.convert.TestBooleanArrayStringConverterFactory
Running org.joda.convert.TestStringConvert
Tests run: 87, Failures: 0, Errors: 0, Skipped: 0, Time elapsed: 0.33 sec - in org.joda.convert.TestStringConvert
Running org.joda.convert.TestStringConverterFactory
Tests run: 6, Failures: 0, Errors: 0, Skipped: 0, Time elapsed: 0.007 sec - in org.joda.convert.TestStringConverterFactory
Running org.joda.convert.TestByteObjectArrayStringConverterFactory
Tests run: 1, Failures: 0, Errors: 0, Skipped: 0, Time elapsed: 0.005 sec - in org.joda.convert.TestByteObjectArrayStringConverterFactory

Results :

Tests run: 173, Failures: 0, Errors: 0, Skipped: 0

[INFO] 
[INFO] --- maven-surefire-plugin:2.18.1:test (no-guava) @ joda-convert ---
[INFO] Surefire report directory: /tmp/tmpjldnhwq0/joda-convert/target/surefire-reports

-------------------------------------------------------
 T E S T S
-------------------------------------------------------
Running org.joda.convert.TestNumericArrayStringConverterFactory
Tests run: 5, Failures: 0, Errors: 0, Skipped: 0, Time elapsed: 0.133 sec - in org.joda.convert.TestNumericArrayStringConverterFactory
Running org.joda.convert.TestBooleanObjectArrayStringConverterFactory
Tests run: 1, Failures: 0, Errors: 0, Skipped: 0, Time elapsed: 0.012 sec - in org.joda.convert.TestBooleanObjectArrayStringConverterFactory
Running org.joda.convert.TestNumericObjectArrayStringConverterFactory
Tests run: 5, Failures: 0, Errors: 0, Skipped: 0, Time elapsed: 0.119 sec - in org.joda.convert.TestNumericObjectArrayStringConverterFactory
Running org.joda.convert.TestJDKStringConverters
Tests run: 49, Failures: 0, Errors: 0, Skipped: 0, Time elapsed: 0.141 sec - in org.joda.convert.TestJDKStringConverters
Running org.joda.convert.TestCharObjectArrayStringConverterFactory
Tests run: 1, Failures: 0, Errors: 0, Skipped: 0, Time elapsed: 0.014 sec - in org.joda.convert.TestCharObjectArrayStringConverterFactory
Running org.joda.convert.TestBooleanArrayStringConverterFactory
Tests run: 1, Failures: 0, Errors: 0, Skipped: 0, Time elapsed: 0.007 sec - in org.joda.convert.TestBooleanArrayStringConverterFactory
Running org.joda.convert.TestStringConvert
Tests run: 87, Failures: 0, Errors: 0, Skipped: 0, Time elapsed: 0.216 sec - in org.joda.convert.TestStringConvert
Running org.joda.convert.TestStringConverterFactory
Tests run: 6, Failures: 0, Errors: 0, Skipped: 0, Time elapsed: 0.003 sec - in org.joda.convert.TestStringConverterFactory
Running org.joda.convert.TestByteObjectArrayStringConverterFactory
Tests run: 1, Failures: 0, Errors: 0, Skipped: 0, Time elapsed: 0.011 sec - in org.joda.convert.TestByteObjectArrayStringConverterFactory

Results :

Tests run: 156, Failures: 0, Errors: 0, Skipped: 0

[INFO] 
[INFO] --- maven-jar-plugin:2.6:jar (default-jar) @ joda-convert ---
[INFO] Building jar: /tmp/tmpjldnhwq0/joda-convert/target/joda-convert-1.8.1.jar
[INFO] 
[INFO] --- maven-javadoc-plugin:2.10.3:jar (attach-javadocs) @ joda-convert ---
[INFO] Skipping javadoc generation
[INFO] 
[INFO] --- maven-source-plugin:2.4:jar-no-fork (attach-sources) @ joda-convert ---
[INFO] Skipping source per configuration.
[INFO] 
[INFO] --- maven-assembly-plugin:3.2.0:single (default) @ joda-convert ---
[INFO] Reading assembly descriptor: src/main/assembly/dist.xml
[INFO] Building tar: /tmp/tmpjldnhwq0/joda-convert/target/joda-convert-1.8.1-dist.tar.gz
[INFO] Building zip: /tmp/tmpjldnhwq0/joda-convert/target/joda-convert-1.8.1-dist.zip
[INFO] Building jar: /tmp/tmpjldnhwq0/joda-convert/target/joda-convert-1.8.1-jar-with-dependencies.jar
[INFO] ------------------------------------------------------------------------
[INFO] BUILD SUCCESS
[INFO] ------------------------------------------------------------------------
[INFO] Total time:  26.365 s
[INFO] Finished at: 2020-07-30T15:24:57Z
[INFO] ------------------------------------------------------------------------
