[INFO] Error stacktraces are turned on.
[INFO] Scanning for projects...
[INFO] 
[INFO] ------------------------< org.apache.bcel:bcel >------------------------
[INFO] Building Apache Commons BCEL 6.2
[INFO] --------------------------------[ jar ]---------------------------------
[INFO] 
[INFO] --- maven-enforcer-plugin:1.4.1:enforce (enforce-maven-3) @ bcel ---
[INFO] 
[INFO] --- build-helper-maven-plugin:1.10:parse-version (parse-version) @ bcel ---
[INFO] 
[INFO] --- maven-antrun-plugin:1.8:run (javadoc.resources) @ bcel ---
[INFO] Executing tasks

main:
     [copy] Copying 2 files to /tmp/tmpgfnluztw/commons-bcel/target/apidocs/META-INF
[INFO] Executed tasks
[INFO] 
[INFO] --- maven-remote-resources-plugin:1.5:process (process-resource-bundles) @ bcel ---
[INFO] 
[INFO] --- buildnumber-maven-plugin:1.4:create (default) @ bcel ---
[INFO] Executing: /bin/sh -c cd '/tmp/tmpgfnluztw/commons-bcel' && 'svn' '--non-interactive' 'info'
[INFO] Working directory: /tmp/tmpgfnluztw/commons-bcel
[INFO] Storing buildNumber: ?????? at timestamp: 1596122827189
[INFO] Executing: /bin/sh -c cd '/tmp/tmpgfnluztw/commons-bcel' && 'svn' '--non-interactive' 'info'
[INFO] Working directory: /tmp/tmpgfnluztw/commons-bcel
[INFO] Storing buildScmBranch: UNKNOWN_BRANCH
[INFO] 
[INFO] --- maven-resources-plugin:2.7:resources (default-resources) @ bcel ---
[INFO] Using 'UTF-8' encoding to copy filtered resources.
[INFO] skip non existing resourceDirectory /tmp/tmpgfnluztw/commons-bcel/src/main/resources
[INFO] Copying 2 resources to META-INF
[INFO] 
[INFO] --- maven-compiler-plugin:3.6.0:compile (default-compile) @ bcel ---
[INFO] Changes detected - recompiling the module!
[INFO] Compiling 378 source files to /tmp/tmpgfnluztw/commons-bcel/target/classes
[INFO] /tmp/tmpgfnluztw/commons-bcel/src/main/java/org/apache/bcel/classfile/CodeException.java: Some input files use or override a deprecated API.
[INFO] /tmp/tmpgfnluztw/commons-bcel/src/main/java/org/apache/bcel/classfile/CodeException.java: Recompile with -Xlint:deprecation for details.
[INFO] 
[INFO] --- maven-bundle-plugin:3.0.1:manifest (bundle-manifest) @ bcel ---
[INFO] 
[INFO] --- animal-sniffer-maven-plugin:1.15:check (checkAPIcompatibility) @ bcel ---
[INFO] Signature checking is skipped.
[INFO] 
[INFO] --- maven-resources-plugin:2.7:testResources (default-testResources) @ bcel ---
[INFO] Using 'UTF-8' encoding to copy filtered resources.
[INFO] Copying 2 resources
[INFO] Copying 2 resources to META-INF
[INFO] 
[INFO] --- maven-compiler-plugin:3.6.0:testCompile (default-testCompile) @ bcel ---
[INFO] Changes detected - recompiling the module!
[INFO] Compiling 71 source files to /tmp/tmpgfnluztw/commons-bcel/target/test-classes
[INFO] /tmp/tmpgfnluztw/commons-bcel/src/test/java/org/apache/bcel/LocalVariableTypeTableTestCase.java: /tmp/tmpgfnluztw/commons-bcel/src/test/java/org/apache/bcel/LocalVariableTypeTableTestCase.java uses unchecked or unsafe operations.
[INFO] /tmp/tmpgfnluztw/commons-bcel/src/test/java/org/apache/bcel/LocalVariableTypeTableTestCase.java: Recompile with -Xlint:unchecked for details.
[INFO] 
[INFO] --- jacoco-maven-plugin:0.7.7.201606060606:prepare-agent (prepare-agent) @ bcel ---
[INFO] argLine set to -javaagent:/home/jdbl/.m2/repository/org/jacoco/org.jacoco.agent/0.7.7.201606060606/org.jacoco.agent-0.7.7.201606060606-runtime.jar=destfile=/tmp/tmpgfnluztw/commons-bcel/target/jacoco.exec
[INFO] 
[INFO] --- maven-surefire-plugin:2.19.1:test (default-test) @ bcel ---
[INFO] Surefire report directory: /tmp/tmpgfnluztw/commons-bcel/target/surefire-reports

-------------------------------------------------------
 T E S T S
-------------------------------------------------------
Running org.apache.bcel.PerformanceTest
parsing /usr/local/openjdk-8/jre/lib/management-agent.jar
parsing /usr/local/openjdk-8/jre/lib/jsse.jar
parsing /usr/local/openjdk-8/jre/lib/resources.jar
parsing /usr/local/openjdk-8/jre/lib/jce.jar
parsing /usr/local/openjdk-8/jre/lib/charsets.jar
parsing /usr/local/openjdk-8/jre/lib/rt.jar
Tests run: 1, Failures: 0, Errors: 0, Skipped: 0, Time elapsed: 9.933 sec - in org.apache.bcel.PerformanceTest
Running org.apache.bcel.EnumAccessFlagTestCase
Tests run: 1, Failures: 0, Errors: 0, Skipped: 0, Time elapsed: 0 sec - in org.apache.bcel.EnumAccessFlagTestCase
Running org.apache.bcel.PLSETestCase
Tests run: 4, Failures: 0, Errors: 0, Skipped: 0, Time elapsed: 0.012 sec - in org.apache.bcel.PLSETestCase
Running org.apache.bcel.ElementValueGenTestCase
Tests run: 11, Failures: 0, Errors: 0, Skipped: 0, Time elapsed: 0.001 sec - in org.apache.bcel.ElementValueGenTestCase
Running org.apache.bcel.CounterVisitorTestCase
Tests run: 37, Failures: 0, Errors: 0, Skipped: 0, Time elapsed: 0.022 sec - in org.apache.bcel.CounterVisitorTestCase
Running org.apache.bcel.verifier.VerifierReturnTestCase
Tests run: 2, Failures: 0, Errors: 0, Skipped: 0, Time elapsed: 0.168 sec - in org.apache.bcel.verifier.VerifierReturnTestCase
Running org.apache.bcel.verifier.VerifierInvokeTestCase
Tests run: 4, Failures: 0, Errors: 0, Skipped: 0, Time elapsed: 0.05 sec - in org.apache.bcel.verifier.VerifierInvokeTestCase
Running org.apache.bcel.verifier.VerifierArrayAccessTestCase
Tests run: 2, Failures: 0, Errors: 0, Skipped: 0, Time elapsed: 0.019 sec - in org.apache.bcel.verifier.VerifierArrayAccessTestCase
Running org.apache.bcel.verifier.VerifierTestCase
Tests run: 1, Failures: 0, Errors: 0, Skipped: 0, Time elapsed: 0.002 sec - in org.apache.bcel.verifier.VerifierTestCase
Running org.apache.bcel.AnonymousClassTestCase
Tests run: 4, Failures: 0, Errors: 0, Skipped: 0, Time elapsed: 0.001 sec - in org.apache.bcel.AnonymousClassTestCase
Running org.apache.bcel.LocalVariableTypeTableTestCase
a1
b1
c1
d2
Tests run: 1, Failures: 0, Errors: 0, Skipped: 0, Time elapsed: 0 sec - in org.apache.bcel.LocalVariableTypeTableTestCase
Running org.apache.bcel.InstructionFinderTestCase
Tests run: 1, Failures: 0, Errors: 0, Skipped: 0, Time elapsed: 0.024 sec - in org.apache.bcel.InstructionFinderTestCase
Running org.apache.bcel.util.Class2HTMLTestCase
Tests run: 1, Failures: 0, Errors: 0, Skipped: 0, Time elapsed: 0.015 sec - in org.apache.bcel.util.Class2HTMLTestCase
Running org.apache.bcel.util.BCELifierTestCase
Tests run: 2, Failures: 0, Errors: 0, Skipped: 0, Time elapsed: 4.829 sec - in org.apache.bcel.util.BCELifierTestCase
Running org.apache.bcel.generic.FieldAnnotationsTestCase
Tests run: 3, Failures: 0, Errors: 0, Skipped: 0, Time elapsed: 0.009 sec - in org.apache.bcel.generic.FieldAnnotationsTestCase
Running org.apache.bcel.generic.TypeTestCase
Tests run: 1, Failures: 0, Errors: 0, Skipped: 0, Time elapsed: 0.001 sec - in org.apache.bcel.generic.TypeTestCase
Running org.apache.bcel.generic.InstructionHandleTestCase
Tests run: 5, Failures: 0, Errors: 0, Skipped: 0, Time elapsed: 0.004 sec - in org.apache.bcel.generic.InstructionHandleTestCase
Running org.apache.bcel.generic.AnnotationGenTestCase
Tests run: 2, Failures: 0, Errors: 0, Skipped: 0, Time elapsed: 0.009 sec - in org.apache.bcel.generic.AnnotationGenTestCase
Running org.apache.bcel.generic.GeneratingAnnotatedClassesTestCase
Tests run: 9, Failures: 0, Errors: 0, Skipped: 0, Time elapsed: 0.015 sec - in org.apache.bcel.generic.GeneratingAnnotatedClassesTestCase
Running org.apache.bcel.generic.MethodGenTestCase
Tests run: 3, Failures: 0, Errors: 0, Skipped: 0, Time elapsed: 0.004 sec - in org.apache.bcel.generic.MethodGenTestCase
Running org.apache.bcel.generic.BranchHandleTestCase
Tests run: 4, Failures: 0, Errors: 0, Skipped: 0, Time elapsed: 0.003 sec - in org.apache.bcel.generic.BranchHandleTestCase
Running org.apache.bcel.generic.JDKGenericDumpTestCase
/usr/local/openjdk-8/jre/lib/management-agent.jar
/usr/local/openjdk-8/jre/lib/jsse.jar
/usr/local/openjdk-8/jre/lib/resources.jar
/usr/local/openjdk-8/jre/lib/jce.jar
/usr/local/openjdk-8/jre/lib/charsets.jar
/usr/local/openjdk-8/jre/lib/rt.jar
Tests run: 1, Failures: 0, Errors: 0, Skipped: 0, Time elapsed: 2.937 sec - in org.apache.bcel.generic.JDKGenericDumpTestCase
Running org.apache.bcel.AnnotationAccessFlagTestCase
Tests run: 1, Failures: 0, Errors: 0, Skipped: 0, Time elapsed: 0 sec - in org.apache.bcel.AnnotationAccessFlagTestCase
Running org.apache.bcel.AnnotationDefaultAttributeTestCase
Tests run: 1, Failures: 0, Errors: 0, Skipped: 0, Time elapsed: 0 sec - in org.apache.bcel.AnnotationDefaultAttributeTestCase
Running org.apache.bcel.classfile.UtilityTestCase
Tests run: 1, Failures: 0, Errors: 0, Skipped: 0, Time elapsed: 0.001 sec - in org.apache.bcel.classfile.UtilityTestCase
Running org.apache.bcel.classfile.ConstantPoolTestCase
aload_0
invokespecial java/lang/Object/<init>()V
return
Tests run: 1, Failures: 0, Errors: 0, Skipped: 0, Time elapsed: 0 sec - in org.apache.bcel.classfile.ConstantPoolTestCase
Running org.apache.bcel.EnclosingMethodAttributeTestCase
Tests run: 3, Failures: 0, Errors: 0, Skipped: 0, Time elapsed: 0.005 sec - in org.apache.bcel.EnclosingMethodAttributeTestCase

Results :

Tests run: 107, Failures: 0, Errors: 0, Skipped: 0

[INFO] 
[INFO] --- maven-jar-plugin:3.0.0:jar (default-jar) @ bcel ---
[INFO] Building jar: /tmp/tmpgfnluztw/commons-bcel/target/bcel-6.2.jar
[INFO] 
[INFO] --- maven-site-plugin:3.6:attach-descriptor (attach-descriptor) @ bcel ---
[INFO] Skipping because packaging 'jar' is not pom.
[INFO] 
[INFO] --- maven-assembly-plugin:3.2.0:single (default) @ bcel ---
[INFO] Reading assembly descriptor: src/assembly/src.xml
[INFO] Building tar: /tmp/tmpgfnluztw/commons-bcel/target/bcel-6.2-src.tar.gz
[INFO] Building zip: /tmp/tmpgfnluztw/commons-bcel/target/bcel-6.2-src.zip
[INFO] Building jar: /tmp/tmpgfnluztw/commons-bcel/target/bcel-6.2-jar-with-dependencies.jar
[INFO] 
[INFO] --- maven-jar-plugin:3.0.0:test-jar (default) @ bcel ---
[INFO] Building jar: /tmp/tmpgfnluztw/commons-bcel/target/bcel-6.2-tests.jar
[INFO] 
[INFO] >>> maven-source-plugin:3.0.1:jar (attach-sources) > generate-sources @ bcel >>>
[INFO] 
[INFO] --- maven-enforcer-plugin:1.4.1:enforce (enforce-maven-3) @ bcel ---
[INFO] 
[INFO] --- build-helper-maven-plugin:1.10:parse-version (parse-version) @ bcel ---
[INFO] 
[INFO] --- maven-antrun-plugin:1.8:run (javadoc.resources) @ bcel ---
[INFO] Executing tasks

main:
[INFO] Executed tasks
[INFO] 
[INFO] <<< maven-source-plugin:3.0.1:jar (attach-sources) < generate-sources @ bcel <<<
[INFO] 
[INFO] 
[INFO] --- maven-source-plugin:3.0.1:jar (attach-sources) @ bcel ---
[INFO] Building jar: /tmp/tmpgfnluztw/commons-bcel/target/bcel-6.2-sources.jar
[INFO] ------------------------------------------------------------------------
[INFO] BUILD SUCCESS
[INFO] ------------------------------------------------------------------------
[INFO] Total time:  49.111 s
[INFO] Finished at: 2020-07-30T15:27:48Z
[INFO] ------------------------------------------------------------------------
