[INFO] Error stacktraces are turned on.
[INFO] Scanning for projects...
[INFO] 
[INFO] --------------------< de.paydirekt:paydirekt-java >---------------------
[INFO] Building paydirekt-java 0.1.0-SNAPSHOT
[INFO] --------------------------------[ jar ]---------------------------------
[INFO] 
[INFO] --- jacoco-maven-plugin:0.8.5:prepare-agent (default) @ paydirekt-java ---
[INFO] argLine set to -javaagent:/home/jdbl/.m2/repository/org/jacoco/org.jacoco.agent/0.8.5/org.jacoco.agent-0.8.5-runtime.jar=destfile=/tmp/tmprvt26ym8/paydirekt-java/target/jacoco.exec
[INFO] 
[INFO] --- maven-resources-plugin:2.6:resources (default-resources) @ paydirekt-java ---
[WARNING] Using platform encoding (UTF-8 actually) to copy filtered resources, i.e. build is platform dependent!
[INFO] skip non existing resourceDirectory /tmp/tmprvt26ym8/paydirekt-java/src/main/resources
[INFO] 
[INFO] --- maven-compiler-plugin:3.1:compile (default-compile) @ paydirekt-java ---
[INFO] Changes detected - recompiling the module!
[WARNING] File encoding has not been set, using platform encoding UTF-8, i.e. build is platform dependent!
[INFO] Compiling 43 source files to /tmp/tmprvt26ym8/paydirekt-java/target/classes
[INFO] 
[INFO] --- maven-resources-plugin:2.6:testResources (default-testResources) @ paydirekt-java ---
[WARNING] Using platform encoding (UTF-8 actually) to copy filtered resources, i.e. build is platform dependent!
[INFO] skip non existing resourceDirectory /tmp/tmprvt26ym8/paydirekt-java/src/test/resources
[INFO] 
[INFO] --- maven-compiler-plugin:3.1:testCompile (default-testCompile) @ paydirekt-java ---
[INFO] Changes detected - recompiling the module!
[WARNING] File encoding has not been set, using platform encoding UTF-8, i.e. build is platform dependent!
[INFO] Compiling 18 source files to /tmp/tmprvt26ym8/paydirekt-java/target/test-classes
[INFO] 
[INFO] --- maven-surefire-plugin:2.19.1:test (default-test) @ paydirekt-java ---
[INFO] Surefire report directory: /tmp/tmprvt26ym8/paydirekt-java/target/surefire-reports

-------------------------------------------------------
 T E S T S
-------------------------------------------------------
Running de.paydirekt.client.reports.ReportsClientIntegrationTest
21:53:30.121 [main] INFO  de.paydirekt.client.security.Hmac - c8d0f451-d068-496c-bb48-97ad43da018a token.obtain.stringToSign: c8d0f451-d068-496c-bb48-97ad43da018a:20200730215330:e81d298b-60dd-4f46-9ec9-1dbc72f5b5df:-RbZ59ko9_EVylZtdupA_AwoWhAx7WfVpO6XReYs_KKAuuvLdoRUkFVGTg3-QW5_
21:53:31.073 [main] INFO  de.paydirekt.client.security.Hmac - 520ba4bd-f077-4d3c-a82d-70b8c31996f8 token.obtain.stringToSign: 520ba4bd-f077-4d3c-a82d-70b8c31996f8:20200730215331:e81d298b-60dd-4f46-9ec9-1dbc72f5b5df:oCB82zQLA6NztjAH96AGbPp7aR1Fu6Pm1ibUoSXdPUIWWFTdy3tx_KttOhVo8cBn
Tests run: 2, Failures: 0, Errors: 0, Skipped: 0, Time elapsed: 2.396 sec - in de.paydirekt.client.reports.ReportsClientIntegrationTest
Running de.paydirekt.client.capture.CaptureClientIntegrationTest
21:53:31.499 [main] INFO  de.paydirekt.client.security.Hmac - a829027e-9eb3-4913-b52b-cd8607472ea6 token.obtain.stringToSign: a829027e-9eb3-4913-b52b-cd8607472ea6:20200730215331:e81d298b-60dd-4f46-9ec9-1dbc72f5b5df:P4V34m_biBCoS5iKQIa3CPGB0j91-bn8ZSxiipAmsBgUv8ZVfae7Rl0WJCghbtIg
21:53:37.154 [main] INFO  de.paydirekt.client.security.Hmac - 718f387c-1889-47cf-88d2-1e0ad5f7c1e1 token.obtain.stringToSign: 718f387c-1889-47cf-88d2-1e0ad5f7c1e1:20200730215337:e81d298b-60dd-4f46-9ec9-1dbc72f5b5df:he9IakKWdCqps4NqDpd8TFyctflL9E7iXa-rAy2bFokxknMYKqt_cKCnU9a4_Gzl
Tests run: 2, Failures: 0, Errors: 0, Skipped: 0, Time elapsed: 7.893 sec - in de.paydirekt.client.capture.CaptureClientIntegrationTest
Running de.paydirekt.client.rest.RequestExecutorIntegrationTest
Tests run: 1, Failures: 0, Errors: 0, Skipped: 0, Time elapsed: 0 sec - in de.paydirekt.client.rest.RequestExecutorIntegrationTest
Running de.paydirekt.client.security.HmacTest
21:53:39.455 [main] INFO  de.paydirekt.client.security.Hmac - f3fea5f3-60af-496f-ac3e-dbb10924e87a token.obtain.stringToSign: f3fea5f3-60af-496f-ac3e-dbb10924e87a:20160201094942:e81d298b-60dd-4f46-9ec9-1dbc72f5b5df:Qg5f0Q3ly1Cwh5M9zcw57jwHI_HPoKbjdHLurXGpPg0yazdC6OWPpwnYi22bnB6S
21:53:39.457 [main] INFO  de.paydirekt.client.security.Hmac - f3fea5f3-60af-496f-ac3e-dbb10924e87a token.obtain.stringToSign: f3fea5f3-60af-496f-ac3e-dbb10924e87a:20160201094942:e81d298b-60dd-4f46-9ec9-1dbc72f5b5df:Qg5f0Q3ly1Cwh5M9zcw57jwHI_HPoKbjdHLurXGpPg0yazdC6OWPpwnYi22bnB6S
Tests run: 3, Failures: 0, Errors: 0, Skipped: 0, Time elapsed: 0.005 sec - in de.paydirekt.client.security.HmacTest
Running de.paydirekt.client.security.ObtainTokenIntegrationTest
21:53:39.459 [main] INFO  d.p.c.s.ObtainTokenIntegrationTest - Using mock http client.
21:53:39.576 [main] INFO  de.paydirekt.client.security.Hmac - b95a103e-03b6-48b4-8b38-95e48c45da32 token.obtain.stringToSign: b95a103e-03b6-48b4-8b38-95e48c45da32:20200730215339:e81d298b-60dd-4f46-9ec9-1dbc72f5b5df:5GhrxJcVBqRUwYxpCu7tBDjbOf80hJhjSiRNKoDcx4MlkCCEXfA9WbSxUK3Ykgm6
21:53:39.577 [main] DEBUG d.p.c.s.ObtainTokenIntegrationTest - b95a103e-03b6-48b4-8b38-95e48c45da32 token.obtain.request.body: {"grantType":"api_key","randomNonce":"5GhrxJcVBqRUwYxpCu7tBDjbOf80hJhjSiRNKoDcx4MlkCCEXfA9WbSxUK3Ykgm6"}
Tests run: 1, Failures: 0, Errors: 0, Skipped: 0, Time elapsed: 0.004 sec - in de.paydirekt.client.security.ObtainTokenIntegrationTest
Running de.paydirekt.client.security.HmacValidationTest
Tests run: 22, Failures: 0, Errors: 0, Skipped: 0, Time elapsed: 0.001 sec - in de.paydirekt.client.security.HmacValidationTest
Running de.paydirekt.client.security.SecurityClientIntegrationTest
21:53:39.588 [main] INFO  de.paydirekt.client.security.Hmac - 6cda6388-d1ee-4c7f-97cc-c96f165e4efd token.obtain.stringToSign: 6cda6388-d1ee-4c7f-97cc-c96f165e4efd:20200730215339:e81d298b-60dd-4f46-9ec9-1dbc72f5b5df:k4NnGvvihTHuuKmuynVZSLM86zYCS2i0RYE50mXsb2gpJGgO53CXgltFeXRC6jhm
Tests run: 1, Failures: 0, Errors: 0, Skipped: 0, Time elapsed: 0.002 sec - in de.paydirekt.client.security.SecurityClientIntegrationTest
Running de.paydirekt.client.security.NonceTest
Tests run: 2, Failures: 0, Errors: 0, Skipped: 0, Time elapsed: 0 sec - in de.paydirekt.client.security.NonceTest
Running de.paydirekt.client.checkout.CheckoutClientIntegrationTest
21:53:39.639 [main] INFO  de.paydirekt.client.security.Hmac - 53e0cc84-570f-45c3-adfb-af0aa373ea7b token.obtain.stringToSign: 53e0cc84-570f-45c3-adfb-af0aa373ea7b:20200730215339:e81d298b-60dd-4f46-9ec9-1dbc72f5b5df:fZSv3uShBaeZwmwV70QLfYxzn6PRnJ0zK-5D79lY3M3X2tvm7BnYVucBPTYeAQBl
21:53:39.875 [main] INFO  de.paydirekt.client.security.Hmac - 3fc1ced2-8035-43a8-99a0-4cddf1c5ea64 token.obtain.stringToSign: 3fc1ced2-8035-43a8-99a0-4cddf1c5ea64:20200730215339:e81d298b-60dd-4f46-9ec9-1dbc72f5b5df:H5U-kyoPYb8IEWvn0rEVhCMhvbamHCRUCYYkbTQNAo5ArPXkXB0nFEPhpMAU9IdV
21:53:40.132 [main] INFO  de.paydirekt.client.security.Hmac - 5ac64f8a-6214-4afe-a5d7-da9d00579e60 token.obtain.stringToSign: 5ac64f8a-6214-4afe-a5d7-da9d00579e60:20200730215340:e81d298b-60dd-4f46-9ec9-1dbc72f5b5df:YugLAfK4T_i9nGaRn7PJJnaePZH4lgGRoEyRz4bJi55oopSEhYlSvjL0pfcy7gz4
21:53:40.358 [main] INFO  de.paydirekt.client.security.Hmac - 4f70938e-c894-411d-9efe-d3acd4b8eb44 token.obtain.stringToSign: 4f70938e-c894-411d-9efe-d3acd4b8eb44:20200730215340:e81d298b-60dd-4f46-9ec9-1dbc72f5b5df:bn1vxMbnLZ6URuW7ODx7lxAJqzU984-o1xXK2Kw0rWUC0iICOalI_krNS5DQcaIH
21:53:40.569 [main] INFO  de.paydirekt.client.security.Hmac - cf5fb3bb-390e-4616-9fc1-96034d0fa69b token.obtain.stringToSign: cf5fb3bb-390e-4616-9fc1-96034d0fa69b:20200730215340:e81d298b-60dd-4f46-9ec9-1dbc72f5b5df:OBj617CD-dLw_oWwGP2oBX_4XSPhALU6U5LsTi7kLaDx5T883OoegxLtJe4LFymf
Tests run: 5, Failures: 0, Errors: 0, Skipped: 0, Time elapsed: 3.095 sec - in de.paydirekt.client.checkout.CheckoutClientIntegrationTest
Running de.paydirekt.client.common.Sha256EncoderTest
Tests run: 1, Failures: 0, Errors: 0, Skipped: 0, Time elapsed: 0 sec - in de.paydirekt.client.common.Sha256EncoderTest
Running de.paydirekt.client.refund.RefundClientIntegrationTest
21:53:42.756 [main] INFO  de.paydirekt.client.security.Hmac - 743382de-da92-4033-b125-6533342dd865 token.obtain.stringToSign: 743382de-da92-4033-b125-6533342dd865:20200730215342:e81d298b-60dd-4f46-9ec9-1dbc72f5b5df:l2qpfCuBHuHwo7bmYU8zgvi2SyK6NHqDpQ6OVVtADsmyNFQtHO5d8BFv5hWiu8-l
21:53:44.742 [main] INFO  de.paydirekt.client.security.Hmac - 8eb2f5c7-b00f-4957-a231-8d200f573a45 token.obtain.stringToSign: 8eb2f5c7-b00f-4957-a231-8d200f573a45:20200730215344:e81d298b-60dd-4f46-9ec9-1dbc72f5b5df:ST9JvlQqMKobe5tnkX8_TcyUVkTurzwyE8McNHw4RpJB_7DVh52fcqm3HbGZIvWt
Tests run: 2, Failures: 0, Errors: 0, Skipped: 0, Time elapsed: 4.517 sec - in de.paydirekt.client.refund.RefundClientIntegrationTest

Results :

Tests run: 42, Failures: 0, Errors: 0, Skipped: 0

[INFO] 
[INFO] --- jacoco-maven-plugin:0.8.5:report (report) @ paydirekt-java ---
[INFO] Loading execution data file /tmp/tmprvt26ym8/paydirekt-java/target/jacoco.exec
[INFO] Analyzed bundle 'paydirekt-java' with 56 classes
[INFO] ------------------------------------------------------------------------
[INFO] BUILD SUCCESS
[INFO] ------------------------------------------------------------------------
[INFO] Total time:  25.085 s
[INFO] Finished at: 2020-07-30T21:53:48Z
[INFO] ------------------------------------------------------------------------
